TRXV5
3
4
4
9
string Extension=J
integer IsArchMeasurement=1
integer IsSpherical=1
string Generator=SPM
string GeneratorVersion=1.3.1 Dev
double ArchRadius=0.449999988079071
integer FrequencyAxisIndex=0
integer AzimuthAxisIndex=1
integer ElevationAxisIndex=2
Frequency
5 136 690000000 960000000 LIN
Azimuth
7 8 0 2.74889357189107 LIN
Elevation
7 15 -2.74889357189107 2.74889357189107 LIN
Polar H Real Part
13
Polar H Imaginary Part
14
Polar V Real Part
13
Polar V Imaginary Part
14
Polar H Magnitude (dB)
12 0xC0000002 0 1
Polar H Phase
7 0xC0000003 0 1
Polar V Magnitude (dB)
12 0xC0000002 2 3
Polar V Phase
7 0xC0000003 2 3
0.0212192535400391 -0.00706863403320313 -0.243667602539063 -0.0634002685546875
-0.0169410705566406 -0.0186538696289063 -0.0895538330078125 -0.0249862670898437
-0.0260734558105469 0.0090789794921875 0.0561103820800781 -0.0585746765136719
-0.00473594665527343 0.0222148895263672 0.0876312255859375 -0.15679931640625
0.0092010498046875 0.0104360580444336 0.0415191650390625 -0.209625244140625
0.00470113754272461 0.00179958343505859 -0.0536956787109375 -0.23870849609375
-0.0103006362915039 -0.0125713348388672 -0.122512817382813 -0.200424194335937
-0.0126380920410156 -0.00972747802734375 -0.141403198242188 -0.126907348632813
-0.0122356414794922 -0.00875282287597656 -0.128219604492188 -0.068817138671875
-0.00264930725097656 -0.0120487213134766 -0.110466003417969 -0.032806396484375
0.00158405303955078 -0.00393247604370117 -0.110633850097656 0.0207748413085937
-0.0136127471923828 0.0127687454223633 -0.105903625488281 0.0512237548828125
-0.03643798828125 -0.00412368774414062 -0.14031982421875 0.0837249755859375
-0.0207710266113281 -0.0347309112548828 -0.196456909179687 0.138275146484375
-0.00396919250488281 -0.02520751953125 -0.206375122070313 0.150680541992188
0.127403259277344 -0.013214111328125 -0.210372924804688 -0.0746307373046875
0.087371826171875 -0.0359649658203125 -0.0545921325683594 -0.0349807739257812
0.0566329956054688 -0.0260162353515625 0.070587158203125 -0.0669708251953125
0.05718994140625 -0.0327949523925781 0.0987091064453125 -0.16162109375
0.0417137145996094 -0.0529556274414063 0.0507965087890625 -0.207611083984375
0.000877380371093754 -0.0756301879882812 -0.04388427734375 -0.23541259765625
-0.0411224365234375 -0.0798797607421875 -0.1131591796875 -0.186386108398437
-0.0418853759765625 -0.071075439453125 -0.130523681640625 -0.106658935546875
-0.048797607421875 -0.0746536254882812 -0.117835998535156 -0.0468978881835938
-0.0304183959960938 -0.0861434936523438 -0.106788635253906 -0.0157852172851562
0.00160980224609375 -0.0778427124023438 -0.104736328125 0.0359649658203125
0.0118408203125 -0.0616683959960937 -0.0989532470703125 0.0579910278320312
0.0218734741210938 -0.0572738647460938 -0.131050109863281 0.089324951171875
0.058380126953125 -0.0714035034179688 -0.170059204101563 0.136871337890625
0.0882644653320313 -0.0551681518554688 -0.174835205078125 0.149810791015625
0.21539306640625 -0.0144500732421875 -0.142044067382813 -0.0860137939453125
0.182510375976563 -0.0457305908203125 0.00423431396484376 -0.0410652160644531
0.136642456054688 -0.0577621459960938 0.0946121215820313 -0.0720596313476563
0.115524291992188 -0.0851364135742188 0.110321044921875 -0.158676147460938
0.0699691772460938 -0.113265991210938 0.0540618896484375 -0.193649291992188
-0.0047760009765625 -0.145416259765625 -0.0371551513671875 -0.211959838867187
-0.0678863525390625 -0.134628295898438 -0.090423583984375 -0.150253295898438
-0.065093994140625 -0.121147155761719 -0.0989913940429688 -0.0703887939453125
-0.080291748046875 -0.127487182617188 -0.08636474609375 -0.0136184692382813
-0.0579833984375 -0.14556884765625 -0.08544921875 0.0142974853515625
-0.00427246093750001 -0.140037536621094 -0.087310791015625 0.05877685546875
0.0271072387695312 -0.127395629882813 -0.0887832641601563 0.0683975219726563
0.0705947875976563 -0.109649658203125 -0.121864318847656 0.089019775390625
0.127532958984375 -0.104896545410156 -0.133155822753906 0.116378784179687
0.166061401367188 -0.0774993896484375 -0.116752624511719 0.133163452148438
0.269210815429687 -0.0177459716796875 -0.0553131103515625 -0.0965347290039063
0.24981689453125 -0.0560150146484375 0.0738143920898438 -0.048095703125
0.194107055664062 -0.0897216796875 0.1192626953125 -0.0755996704101562
0.153549194335938 -0.133514404296875 0.117645263671875 -0.144149780273437
0.083251953125 -0.1619873046875 0.0572509765625 -0.161895751953125
-0.0139617919921875 -0.193923950195313 -0.02178955078125 -0.166244506835938
-0.08380126953125 -0.16741943359375 -0.052581787109375 -0.097320556640625
-0.082305908203125 -0.150421142578125 -0.0523262023925781 -0.0241775512695313
-0.0976104736328125 -0.16143798828125 -0.0402603149414063 0.0271987915039062
-0.0748748779296875 -0.183670043945313 -0.0519218444824219 0.0522651672363281
-0.00845336914062501 -0.182510375976563 -0.0611190795898438 0.0876922607421875
0.039031982421875 -0.176162719726563 -0.0756454467773438 0.0811614990234375
0.112396240234375 -0.147171020507813 -0.109939575195313 0.0825576782226562
0.182037353515625 -0.123275756835938 -0.0864791870117187 0.084197998046875
0.221847534179688 -0.0863800048828125 -0.039306640625 0.110740661621094
0.277496337890625 -0.0185546875 0.03643798828125 -0.111915588378906
0.272933959960937 -0.06195068359375 0.140495300292969 -0.0641860961914062
0.21429443359375 -0.108383178710938 0.136451721191406 -0.0811233520507813
0.1624755859375 -0.15960693359375 0.120399475097656 -0.118827819824219
0.0784759521484375 -0.18408203125 0.0623397827148438 -0.11785888671875
-0.0288238525390625 -0.209930419921875 -0.00109863281249999 -0.107994079589844
-0.091888427734375 -0.172698974609375 -0.00748825073242188 -0.0372161865234375
-0.0833892822265625 -0.156463623046875 0.000856399536132807 0.0265750885009766
-0.101318359375 -0.171463012695313 0.0110397338867187 0.072235107421875
-0.0759124755859375 -0.196640014648438 -0.0127944946289063 0.095428466796875
-0.00181579589843752 -0.199005126953125 -0.0341033935546875 0.117355346679687
0.0549163818359375 -0.197021484375 -0.06121826171875 0.0933380126953125
0.1439208984375 -0.15777587890625 -0.09326171875 0.0714950561523437
0.215728759765625 -0.114898681640625 -0.0332527160644531 0.0455360412597656
0.245620727539062 -0.0682525634765625 0.0472640991210938 0.087890625
0.241989135742188 -0.0166473388671875 0.115188598632813 -0.131034851074219
0.252471923828125 -0.059600830078125 0.1881103515625 -0.08428955078125
0.194900512695313 -0.108932495117188 0.141845703125 -0.0831451416015625
0.14031982421875 -0.156936645507812 0.11639404296875 -0.090606689453125
0.0577850341796875 -0.174957275390625 0.0689849853515625 -0.0711593627929688
-0.040008544921875 -0.189712524414063 0.0265617370605469 -0.0488319396972656
-0.0893707275390625 -0.149581909179688 0.0403327941894531 0.0189933776855469
-0.0755691528320313 -0.136665344238281 0.0550460815429688 0.0735702514648437
-0.0894317626953125 -0.157470703125 0.0581283569335937 0.117225646972656
-0.060546875 -0.182769775390625 0.020843505859375 0.141342163085938
0.0153656005859375 -0.186065673828125 -0.015380859375 0.146575927734375
0.0732574462890625 -0.184036254882813 -0.0514755249023438 0.104049682617187
0.162200927734375 -0.133087158203125 -0.0729598999023437 0.0566558837890625
0.220962524414062 -0.0832061767578125 0.0245227813720703 0.0160846710205078
0.232437133789062 -0.0388641357421875 0.136177062988281 0.075408935546875
0.171234130859375 -0.0072174072265625 0.170989990234375 -0.15240478515625
0.19525146484375 -0.044158935546875 0.21197509765625 -0.109222412109375
0.146987915039063 -0.088836669921875 0.135734558105469 -0.08709716796875
0.0986404418945313 -0.124725341796875 0.109512329101563 -0.064910888671875
0.03192138671875 -0.134193420410156 0.0768280029296875 -0.0329208374023438
-0.04498291015625 -0.138572692871094 0.0569686889648438 -2.28881835937585E-05
-0.0691986083984375 -0.102813720703125 0.0853424072265625 0.0611953735351562
-0.05657958984375 -0.0953445434570313 0.0983734130859375 0.109794616699219
-0.064605712890625 -0.117485046386719 0.0922088623046875 0.156936645507813
-0.037994384765625 -0.140007019042969 0.037078857421875 0.183303833007813
0.02655029296875 -0.145751953125 -0.00851440429687501 0.174407958984375
0.0777740478515625 -0.142822265625 -0.0468063354492187 0.116996765136719
0.151901245117188 -0.08740234375 -0.0523719787597656 0.0525016784667969
0.190444946289063 -0.037750244140625 0.07696533203125 0.00556182861328125
0.182937622070313 -0.0005645751953125 0.208953857421875 0.0785675048828125
0.0781784057617188 0.0109634399414063 0.194076538085938 -0.172821044921875
0.116294860839844 -0.0180206298828125 0.208969116210938 -0.132720947265625
0.0832138061523438 -0.0520553588867188 0.123619079589844 -0.091278076171875
0.0489425659179688 -0.0725021362304687 0.102615356445313 -0.047607421875
0.00728607177734376 -0.0730972290039062 0.084930419921875 -0.011810302734375
-0.0367546081542969 -0.0666007995605469 0.0833511352539062 0.0282745361328125
-0.0369338989257813 -0.0417137145996094 0.118118286132813 0.0830459594726563
-0.028411865234375 -0.0388107299804687 0.128402709960938 0.129615783691406
-0.0353660583496094 -0.0570297241210938 0.10797119140625 0.185317993164063
-0.0212173461914063 -0.076171875 0.040374755859375 0.21539306640625
0.0211105346679687 -0.08502197265625 -0.0147552490234375 0.195724487304687
0.058197021484375 -0.0835418701171875 -0.0493850708007812 0.13238525390625
0.108673095703125 -0.0399856567382812 -0.0404777526855469 0.0575828552246094
0.123153686523438 0.0011444091796875 0.10992431640625 0.0151901245117188
0.100967407226562 0.0290298461914062 0.257858276367188 0.0890960693359375
0.0237388610839844 -0.00986862182617188 -0.255233764648438 -0.0355072021484375
-0.0184001922607422 -0.0174846649169922 -0.0925369262695313 -0.0134201049804688
-0.0248088836669922 0.0123004913330078 0.0519599914550781 -0.0683250427246094
-0.000797271728515627 0.0218601226806641 0.0710906982421875 -0.173919677734375
0.0105838775634766 0.00752353668212891 0.0170440673828125 -0.222305297851563
0.0052332878112793 -0.00109100341796875 -0.0851898193359375 -0.238815307617188
-0.0124921798706055 -0.0142726898193359 -0.1529541015625 -0.187454223632813
-0.0134344100952148 -0.0105199813842773 -0.162582397460938 -0.108413696289062
-0.0130167007446289 -0.00887107849121094 -0.142166137695313 -0.0517425537109375
-0.00365543365478516 -0.013671875 -0.120307922363281 -0.0186386108398437
0.00272703170776367 -0.00504398345947266 -0.112777709960938 0.036285400390625
-0.0104751586914063 0.0156021118164062 -0.104995727539063 0.065704345703125
-0.0367088317871094 0.00161361694335937 -0.137008666992187 0.100799560546875
-0.0258140563964844 -0.0320072174072266 -0.185791015625 0.166793823242187
-0.0060882568359375 -0.0234661102294922 -0.193817138671875 0.18634033203125
0.132377624511719 -0.030853271484375 -0.22186279296875 -0.05059814453125
0.0867919921875 -0.0497207641601563 -0.0574951171875 -0.0277023315429687
0.0556564331054688 -0.0345115661621094 0.0673446655273438 -0.0778579711914063
0.054443359375 -0.0429878234863281 0.083160400390625 -0.179595947265625
0.0350303649902344 -0.0608940124511719 0.0259552001953125 -0.220626831054688
-0.00999450683593751 -0.0788726806640625 -0.07586669921875 -0.235946655273438
-0.053009033203125 -0.0778732299804688 -0.141372680664063 -0.17425537109375
-0.0528297424316406 -0.0688972473144531 -0.1478271484375 -0.0878753662109375
-0.0597000122070312 -0.0714645385742188 -0.128387451171875 -0.029205322265625
-0.0423507690429688 -0.0857086181640625 -0.114898681640625 -0.000251770019531249
-0.00740814208984375 -0.0812454223632813 -0.1053466796875 0.0521621704101562
0.00543975830078126 -0.064453125 -0.0972137451171875 0.0726165771484375
0.0157089233398438 -0.0600738525390625 -0.126480102539063 0.107521057128906
0.0503463745117187 -0.0793838500976562 -0.158355712890625 0.163192749023437
0.0842819213867188 -0.0671463012695313 -0.160964965820313 0.181686401367188
0.221481323242188 -0.044219970703125 -0.1527099609375 -0.07135009765625
0.182022094726563 -0.072174072265625 0.00308609008789064 -0.0404739379882813
0.133796691894531 -0.0771865844726563 0.0924530029296875 -0.0841903686523438
0.10736083984375 -0.104728698730469 0.096221923828125 -0.177520751953125
0.05572509765625 -0.127151489257813 0.032318115234375 -0.205795288085938
-0.025604248046875 -0.147750854492188 -0.0662384033203125 -0.211196899414063
-0.0886688232421875 -0.128410339355469 -0.111968994140625 -0.139495849609375
-0.0842208862304687 -0.115592956542969 -0.109817504882813 -0.0549697875976562
-0.0998153686523437 -0.120460510253906 -0.09100341796875 0.00128936767578126
-0.0791473388671875 -0.141830444335938 -0.0900115966796875 0.029327392578125
-0.0227203369140625 -0.14337158203125 -0.085174560546875 0.0747451782226562
0.0116729736328125 -0.134185791015625 -0.0860137939453125 0.0825042724609375
0.0589447021484375 -0.1195068359375 -0.116188049316406 0.107772827148437
0.117218017578125 -0.122825622558594 -0.122970581054687 0.139137268066406
0.161697387695313 -0.1014404296875 -0.104400634765625 0.157196044921875
0.275802612304688 -0.0561065673828125 -0.06488037109375 -0.09271240234375
0.248809814453125 -0.09228515625 0.0739974975585938 -0.0562362670898438
0.188385009765625 -0.11737060546875 0.118072509765625 -0.0896377563476563
0.13983154296875 -0.158935546875 0.106857299804688 -0.162948608398438
0.0631561279296875 -0.177886962890625 0.039642333984375 -0.173690795898438
-0.0416259765625 -0.194747924804688 -0.0431976318359375 -0.16558837890625
-0.10870361328125 -0.158599853515625 -0.0664749145507812 -0.0908050537109375
-0.104766845703125 -0.142822265625 -0.0559158325195313 -0.0138359069824219
-0.123825073242187 -0.151992797851563 -0.0381278991699219 0.0373344421386719
-0.102828979492188 -0.177642822265625 -0.0497474670410156 0.0640869140625
-0.03338623046875 -0.1871337890625 -0.0547409057617188 0.101119995117187
0.0165252685546875 -0.186798095703125 -0.0703277587890625 0.09503173828125
0.0961456298828125 -0.163986206054688 -0.10467529296875 0.100311279296875
0.170394897460938 -0.148971557617188 -0.0789337158203125 0.100593566894531
0.21759033203125 -0.11834716796875 -0.0273590087890625 0.124580383300781
0.28375244140625 -0.057861328125 0.027130126953125 -0.12017822265625
0.27142333984375 -0.101058959960938 0.140235900878906 -0.081512451171875
0.206024169921875 -0.138946533203125 0.136268615722656 -0.0972824096679688
0.145126342773438 -0.18646240234375 0.113456726074219 -0.136306762695313
0.0550079345703125 -0.199371337890625 0.0502777099609375 -0.127830505371094
-0.0590362548828125 -0.20867919921875 -0.0145721435546875 -0.108253479003906
-0.1175537109375 -0.162033081054688 -0.0115814208984375 -0.0356483459472656
-0.1080322265625 -0.147247314453125 0.00615692138671874 0.0298023223876953
-0.128402709960938 -0.160354614257813 0.021209716796875 0.0757904052734375
-0.106292724609375 -0.189712524414063 -0.00398254394531251 0.103523254394531
-0.0294952392578125 -0.205108642578125 -0.0226287841796875 0.127647399902344
0.0287322998046875 -0.2109375 -0.0538253784179688 0.105674743652344
0.12677001953125 -0.179702758789063 -0.08782958984375 0.0879745483398437
0.205596923828125 -0.146575927734375 -0.0294761657714844 0.0529823303222656
0.243637084960937 -0.103973388671875 0.059051513671875 0.0899658203125
0.24609375 -0.05084228515625 0.104812622070313 -0.150924682617187
0.249908447265625 -0.09564208984375 0.186233520507813 -0.108566284179688
0.186126708984375 -0.137054443359375 0.141342163085938 -0.0995330810546875
0.122787475585937 -0.181015014648438 0.112884521484375 -0.106895446777344
0.0347747802734375 -0.18670654296875 0.0638275146484375 -0.0809860229492188
-0.0675201416015625 -0.1851806640625 0.0213966369628906 -0.0516395568847656
-0.111137390136719 -0.137809753417969 0.0457801818847656 0.0140228271484375
-0.09649658203125 -0.128036499023438 0.0671157836914063 0.0697402954101562
-0.114212036132813 -0.145492553710937 0.0763015747070312 0.114738464355469
-0.0892486572265625 -0.176422119140625 0.0377960205078125 0.144973754882812
-0.01116943359375 -0.192718505859375 0.000595092773437483 0.155319213867188
0.049041748046875 -0.199020385742187 -0.0416259765625 0.115623474121094
0.147750854492187 -0.157196044921875 -0.0687026977539062 0.0703048706054687
0.215972900390625 -0.114349365234375 0.0254459381103516 0.0145187377929687
0.234375 -0.0730743408203125 0.148208618164063 0.06512451171875
0.174774169921875 -0.0329742431640625 0.15875244140625 -0.179977416992187
0.193267822265625 -0.0726165771484375 0.20684814453125 -0.137802124023438
0.13909912109375 -0.110504150390625 0.133964538574219 -0.103706359863281
0.0848388671875 -0.141738891601563 0.108642578125 -0.07916259765625
0.013458251953125 -0.141189575195312 0.0773162841796875 -0.0425033569335938
-0.0657577514648437 -0.13250732421875 0.0592575073242188 -0.00603866577148438
-0.08404541015625 -0.0925827026367188 0.097320556640625 0.0496597290039062
-0.07061767578125 -0.0878829956054688 0.116043090820313 0.0988616943359375
-0.0827560424804687 -0.108039855957031 0.11614990234375 0.149978637695313
-0.0598526000976563 -0.135932922363281 0.06097412109375 0.185073852539063
0.00549316406250001 -0.152633666992188 0.0115814208984375 0.182861328125
0.058197021484375 -0.157760620117187 -0.0352249145507812 0.128089904785156
0.143341064453125 -0.109573364257813 -0.0479965209960937 0.0630302429199219
0.189956665039063 -0.06463623046875 0.0770034790039063 -0.00323486328125
0.187789916992188 -0.027679443359375 0.222579956054688 0.0572967529296875
0.080047607421875 -0.00139617919921875 0.179733276367188 -0.204803466796875
0.115829467773438 -0.035430908203125 0.20147705078125 -0.162460327148438
0.0787734985351563 -0.0642013549804688 0.119598388671875 -0.106277465820313
0.0401153564453125 -0.0812759399414063 0.103683471679688 -0.06085205078125
-0.00411224365234375 -0.074310302734375 0.0883407592773438 -0.022796630859375
-0.0471000671386719 -0.0598945617675781 0.0909042358398438 0.0183181762695312
-0.0423545837402344 -0.0340690612792969 0.133270263671875 0.0666885375976562
-0.0337619781494141 -0.0325775146484375 0.149581909179688 0.113784790039063
-0.0440673828125 -0.0503120422363281 0.136184692382812 0.174774169921875
-0.0336456298828125 -0.07244873046875 0.069122314453125 0.21673583984375
0.00963592529296875 -0.0892333984375 0.00918579101562498 0.204833984375
0.047271728515625 -0.0937576293945313 -0.0350189208984375 0.143585205078125
0.104782104492188 -0.055206298828125 -0.0354042053222656 0.0661888122558594
0.124870300292969 -0.0150680541992188 0.111968994140625 0.000152587890624999
0.106918334960938 0.014556884765625 0.274002075195313 0.06134033203125
0.02490234375 -0.0122127532958984 -0.254104614257813 -0.00639343261718748
-0.0185890197753906 -0.0165691375732422 -0.0909805297851563 -0.00125122070312501
-0.0213565826416016 0.0140724182128906 0.044647216796875 -0.074554443359375
0.00252151489257812 0.0201759338378906 0.0496826171875 -0.181991577148438
0.0110912322998047 0.00460243225097656 -0.0101165771484375 -0.223663330078125
0.00413179397583008 -0.0041353702545166 -0.113906860351563 -0.226409912109375
-0.0154752731323242 -0.0152978897094727 -0.174835205078125 -0.163970947265625
-0.0138673782348633 -0.0111570358276367 -0.173614501953125 -0.08282470703125
-0.0135469436645508 -0.00988388061523437 -0.148971557617188 -0.030426025390625
-0.00465011596679687 -0.0157995223999023 -0.124504089355469 -0.00220489501953125
0.00298404693603516 -0.00668048858642578 -0.109207153320313 0.0513763427734375
-0.00607490539550781 0.0170164108276367 -0.0988845825195313 0.07794189453125
-0.0343036651611328 0.00729560852050781 -0.127204895019531 0.114715576171875
-0.0293216705322266 -0.0268707275390625 -0.165771484375 0.188720703125
-0.00715827941894531 -0.0204696655273437 -0.169357299804687 0.2122802734375
0.12994384765625 -0.0471572875976562 -0.22186279296875 -0.0253143310546875
0.0803451538085938 -0.0621109008789062 -0.0568275451660156 -0.0191726684570312
0.0514678955078125 -0.0422134399414063 0.0606689453125 -0.085601806640625
0.0486869812011719 -0.0509414672851563 0.06207275390625 -0.1885986328125
0.0262985229492188 -0.0662956237792969 0.000259399414062492 -0.2227783203125
-0.020538330078125 -0.0774154663085938 -0.103912353515625 -0.223434448242188
-0.0636215209960938 -0.0709381103515625 -0.160964965820313 -0.1513671875
-0.0609016418457031 -0.0632133483886719 -0.1556396484375 -0.063995361328125
-0.0684928894042969 -0.0638465881347656 -0.131332397460938 -0.008880615234375
-0.0525970458984375 -0.08099365234375 -0.116416931152344 0.0164337158203125
-0.0168533325195312 -0.0808563232421875 -0.10040283203125 0.06719970703125
-0.000816345214843751 -0.0641403198242188 -0.09075927734375 0.0848541259765625
0.0100669860839844 -0.0590362548828125 -0.115585327148437 0.120819091796875
0.0403671264648438 -0.0834197998046875 -0.137680053710938 0.182540893554687
0.0764694213867188 -0.07574462890625 -0.136505126953125 0.204971313476563
0.215911865234375 -0.0726776123046875 -0.155563354492188 -0.0535125732421875
0.171600341796875 -0.095977783203125 0.00249862670898439 -0.0389442443847656
0.122802734375 -0.0941619873046875 0.0866928100585938 -0.0933837890625
0.0931472778320312 -0.118858337402344 0.0768585205078125 -0.1876220703125
0.0383529663085938 -0.133720397949219 0.00799560546874999 -0.207870483398438
-0.04486083984375 -0.142288208007813 -0.090484619140625 -0.198944091796875
-0.103912353515625 -0.11529541015625 -0.127777099609375 -0.121192932128906
-0.0982208251953125 -0.103630065917969 -0.113563537597656 -0.0363388061523437
-0.115341186523438 -0.106353759765625 -0.0897750854492188 0.0171890258789062
-0.0963287353515625 -0.130027770996094 -0.0879745483398437 0.0441818237304688
-0.0403900146484375 -0.140670776367187 -0.0780792236328125 0.0879592895507812
-0.00471496582031249 -0.134567260742188 -0.0783233642578125 0.0936660766601562
0.0447311401367188 -0.1236572265625 -0.104171752929688 0.121719360351562
0.101104736328125 -0.135063171386719 -0.105361938476563 0.155319213867188
0.148025512695313 -0.119827270507812 -0.083221435546875 0.174270629882813
0.267303466796875 -0.0907440185546875 -0.0712661743164062 -0.08514404296875
0.234451293945313 -0.123321533203125 0.0716629028320313 -0.062896728515625
0.172286987304688 -0.139450073242188 0.11279296875 -0.10211181640625
0.118072509765625 -0.176544189453125 0.090484619140625 -0.1734619140625
0.038604736328125 -0.183792114257812 0.0199432373046875 -0.176055908203125
-0.0658111572265625 -0.184890747070313 -0.06243896484375 -0.1561279296875
-0.127334594726562 -0.141464233398438 -0.0755767822265625 -0.0791244506835938
-0.123252868652344 -0.126838684082031 -0.0549545288085938 -0.00342178344726562
-0.142471313476563 -0.133346557617188 -0.0321044921875 0.0456085205078125
-0.125411987304688 -0.161834716796875 -0.043853759765625 0.0740737915039062
-0.056884765625 -0.181243896484375 -0.0443649291992188 0.110939025878906
-0.00787353515625001 -0.187332153320312 -0.0612945556640625 0.104537963867187
0.0751800537109375 -0.172256469726563 -0.0924758911132813 0.114479064941406
0.150192260742188 -0.168212890625 -0.0666961669921875 0.112068176269531
0.200607299804687 -0.144683837890625 -0.0110092163085937 0.132606506347656
0.273712158203125 -0.09515380859375 0.016571044921875 -0.123336791992188
0.254074096679688 -0.134613037109375 0.133399963378906 -0.0959854125976563
0.18670654296875 -0.1627197265625 0.129669189453125 -0.110832214355469
0.119033813476562 -0.203842163085938 0.10076904296875 -0.148468017578125
0.0276947021484375 -0.203536987304687 0.0368576049804687 -0.132102966308594
-0.0847320556640625 -0.1956787109375 -0.0265274047851563 -0.102554321289063
-0.135818481445313 -0.141891479492187 -0.0151805877685547 -0.0327129364013672
-0.125099182128906 -0.130210876464844 0.0116310119628906 0.0316143035888672
-0.149078369140625 -0.139785766601562 0.0314712524414062 0.0758438110351562
-0.130828857421875 -0.172836303710938 0.00650787353515624 0.107078552246094
-0.0570220947265625 -0.19921875 -0.00844573974609376 0.133392333984375
0.000152587890625013 -0.212554931640625 -0.0428390502929688 0.113540649414062
0.102996826171875 -0.192245483398438 -0.07708740234375 0.100837707519531
0.185928344726563 -0.17071533203125 -0.024444580078125 0.0589027404785156
0.228256225585937 -0.135482788085937 0.0691757202148438 0.088043212890625
0.236862182617187 -0.083984375 0.0894317626953125 -0.163299560546875
0.233291625976562 -0.126708984375 0.17572021484375 -0.129013061523438
0.1669921875 -0.157684326171875 0.134239196777344 -0.113090515136719
0.09820556640625 -0.195526123046875 0.104530334472656 -0.119125366210938
0.009918212890625 -0.1884765625 0.0565643310546875 -0.0874404907226563
-0.0905609130859375 -0.171661376953125 0.0164222717285156 -0.0512809753417969
-0.12579345703125 -0.118156433105469 0.04827880859375 0.00808334350585937
-0.111747741699219 -0.11126708984375 0.0768585205078125 0.0608749389648438
-0.132225036621094 -0.126029968261719 0.09027099609375 0.106147766113281
-0.112106323242188 -0.160308837890625 0.05401611328125 0.142959594726563
-0.037567138671875 -0.189422607421875 0.0184783935546875 0.15771484375
0.021331787109375 -0.204315185546875 -0.028900146484375 0.121513366699219
0.1258544921875 -0.172897338867188 -0.0599746704101563 0.0811233520507813
0.199081420898438 -0.14111328125 0.0257492065429688 0.01318359375
0.222671508789063 -0.104248046875 0.154190063476562 0.05120849609375
0.16705322265625 -0.05682373046875 0.137588500976563 -0.199600219726563
0.179901123046875 -0.0967864990234375 0.192642211914063 -0.161178588867188
0.123916625976562 -0.125648498535156 0.125801086425781 -0.116455078125
0.0648651123046875 -0.151657104492188 0.103958129882812 -0.090789794921875
-0.00601196289062498 -0.140289306640625 0.074127197265625 -0.051025390625
-0.0817718505859375 -0.118148803710938 0.0601539611816406 -0.0122642517089844
-0.0938262939453125 -0.0772705078125 0.103492736816406 0.0358428955078125
-0.0800399780273438 -0.075225830078125 0.128707885742188 0.0824661254882813
-0.0955734252929688 -0.0930404663085937 0.134391784667969 0.134101867675781
-0.0781784057617188 -0.123428344726563 0.082794189453125 0.178237915039063
-0.0156707763671875 -0.150894165039063 0.0326690673828125 0.18267822265625
0.0355224609375 -0.16326904296875 -0.0202255249023437 0.133308410644531
0.127159118652344 -0.125617980957031 -0.0404701232910156 0.0699462890625
0.179214477539063 -0.088287353515625 0.0734481811523438 -0.0117340087890625
0.181137084960937 -0.0533599853515625 0.226593017578125 0.033966064453125
0.0777816772460938 -0.0127410888671875 0.15509033203125 -0.227294921875
0.108642578125 -0.0504684448242187 0.18316650390625 -0.185928344726563
0.0692367553710938 -0.0744094848632813 0.110023498535156 -0.118293762207031
0.0284805297851563 -0.0861129760742188 0.100547790527344 -0.0719528198242187
-0.0147323608398438 -0.0725326538085938 0.0878753662109375 -0.0329971313476563
-0.0540924072265625 -0.0489540100097656 0.0940628051757813 0.00666046142578125
-0.0448837280273438 -0.0245170593261719 0.1414794921875 0.0465545654296875
-0.0363578796386719 -0.0261573791503906 0.16217041015625 0.0914764404296875
-0.0491104125976563 -0.0410270690917969 0.157135009765625 0.154739379882812
-0.0424346923828125 -0.0640869140625 0.09490966796875 0.207244873046875
-0.00347137451171876 -0.0888519287109375 0.0337371826171875 0.2041015625
0.0330963134765625 -0.0984344482421875 -0.0186614990234375 0.14794921875
0.09625244140625 -0.0669784545898438 -0.0274276733398437 0.0704345703125
0.121170043945313 -0.0313796997070313 0.107559204101563 -0.0133743286132813
0.105979919433594 -0.00151824951171875 0.277175903320312 0.031097412109375
0.0252952575683594 -0.014068603515625 -0.245452880859375 0.0148162841796875
-0.0185661315917969 -0.0152244567871094 -0.085357666015625 0.00800323486328126
-0.0186386108398438 0.0151023864746094 0.0387191772460938 -0.0770645141601563
0.00544929504394531 0.0172128677368164 0.0319671630859375 -0.182464599609375
0.01092529296875 0.00222110748291016 -0.031585693359375 -0.217636108398438
0.0031743049621582 -0.00655412673950195 -0.132781982421875 -0.209701538085937
-0.0181026458740234 -0.0161590576171875 -0.185272216796875 -0.140472412109375
-0.015284538269043 -0.0125150680541992 -0.175643920898437 -0.0601654052734375
-0.0135517120361328 -0.0107479095458984 -0.148056030273438 -0.011505126953125
-0.00572967529296875 -0.0173912048339844 -0.124557495117188 0.0118179321289062
0.00364780426025391 -0.00894737243652344 -0.103279113769531 0.0616302490234375
-0.00192070007324219 0.0170965194702148 -0.091827392578125 0.085174560546875
-0.0308837890625 0.0118923187255859 -0.117469787597656 0.122657775878906
-0.030853271484375 -0.0219993591308594 -0.144973754882813 0.199813842773438
-0.00687026977539063 -0.0167074203491211 -0.143844604492188 0.227279663085938
0.123687744140625 -0.0597763061523438 -0.215408325195313 -0.00566101074218755
0.072357177734375 -0.0689773559570313 -0.0531005859375 -0.0123558044433594
0.0475349426269531 -0.0466804504394531 0.054443359375 -0.089111328125
0.0426597595214844 -0.0565299987792969 0.0444793701171875 -0.190261840820312
0.0182647705078125 -0.0683517456054688 -0.0208282470703125 -0.217315673828125
-0.0281143188476563 -0.07403564453125 -0.12225341796875 -0.20635986328125
-0.0699272155761719 -0.0639152526855469 -0.170211791992188 -0.129547119140625
-0.0667762756347656 -0.0570411682128906 -0.154922485351563 -0.042724609375
-0.0731124877929688 -0.0569915771484375 -0.12847900390625 0.00785827636718749
-0.0594024658203125 -0.0751266479492188 -0.114654541015625 0.03131103515625
-0.0234298706054688 -0.0779876708984375 -0.0933303833007813 0.0774688720703125
-0.0054168701171875 -0.0622367858886719 -0.0834274291992187 0.0922164916992188
0.00585556030273438 -0.0567665100097656 -0.103622436523438 0.128982543945312
0.0320816040039063 -0.0835037231445313 -0.117172241210937 0.192001342773438
0.0683517456054688 -0.0792388916015625 -0.11285400390625 0.217529296875
0.204238891601563 -0.093170166015625 -0.152206420898437 -0.0399627685546875
0.157073974609375 -0.11138916015625 0.00381088256835939 -0.0372657775878906
0.111495971679687 -0.1038818359375 0.0805587768554688 -0.0991287231445313
0.0782928466796875 -0.12646484375 0.060211181640625 -0.189865112304688
0.0224227905273437 -0.133720397949219 -0.0111083984375 -0.203125
-0.0573806762695313 -0.133285522460937 -0.105804443359375 -0.183135986328125
-0.112617492675781 -0.101486206054687 -0.133758544921875 -0.102806091308594
-0.105911254882813 -0.0918197631835938 -0.111007690429688 -0.0204391479492188
-0.123237609863281 -0.0921630859375 -0.0848159790039063 0.02947998046875
-0.107528686523438 -0.117393493652344 -0.0837020874023438 0.055908203125
-0.0530548095703125 -0.13409423828125 -0.069549560546875 0.096832275390625
-0.0164947509765625 -0.130935668945313 -0.0705718994140625 0.100730895996094
0.0336151123046875 -0.123092651367188 -0.0919570922851563 0.129295349121094
0.0862884521484375 -0.139732360839844 -0.0879364013671875 0.162506103515625
0.133232116699219 -0.131118774414063 -0.0632171630859375 0.1832275390625
0.251876831054688 -0.116668701171875 -0.0730514526367188 -0.078582763671875
0.214569091796875 -0.144195556640625 0.0690193176269531 -0.0666465759277344
0.154647827148438 -0.152175903320313 0.106636047363281 -0.108535766601563
0.0965576171875 -0.18524169921875 0.076385498046875 -0.178070068359375
0.017669677734375 -0.1824951171875 0.0049285888671875 -0.172988891601562
-0.082183837890625 -0.1712646484375 -0.07427978515625 -0.143508911132813
-0.137435913085937 -0.123733520507812 -0.0789947509765625 -0.0675888061523438
-0.132461547851562 -0.110885620117188 -0.0506858825683594 0.00537490844726562
-0.15264892578125 -0.11376953125 -0.0255279541015625 0.0511398315429687
-0.138946533203125 -0.144134521484375 -0.0375823974609375 0.0815582275390625
-0.074554443359375 -0.170654296875 -0.0342330932617188 0.116706848144531
-0.0264129638671875 -0.181442260742188 -0.0526809692382812 0.110618591308594
0.05792236328125 -0.173080444335938 -0.0801544189453125 0.122459411621094
0.130325317382813 -0.1778564453125 -0.0545654296875 0.118141174316406
0.180862426757813 -0.161224365234375 0.00342559814453127 0.136505126953125
0.25592041015625 -0.120956420898438 0.00860595703125001 -0.12408447265625
0.232452392578125 -0.157135009765625 0.125679016113281 -0.104843139648438
0.165939331054688 -0.176040649414063 0.122703552246094 -0.118690490722656
0.094635009765625 -0.210494995117188 0.08966064453125 -0.153961181640625
0.00588989257812498 -0.2010498046875 0.0258026123046875 -0.131820678710938
-0.100738525390625 -0.178848266601563 -0.0336227416992188 -0.094635009765625
-0.145050048828125 -0.122451782226562 -0.0153026580810547 -0.0295982360839844
-0.1343994140625 -0.112922668457031 0.0172748565673828 0.0308551788330078
-0.159072875976563 -0.118850708007812 0.0393447875976562 0.0732650756835937
-0.1455078125 -0.1519775390625 0.0160064697265625 0.108512878417969
-0.076324462890625 -0.18798828125 0.00327301025390624 0.135124206542969
-0.022369384765625 -0.20751953125 -0.0331268310546875 0.117599487304688
0.08203125 -0.195770263671875 -0.065460205078125 0.108055114746094
0.16473388671875 -0.18475341796875 -0.0181617736816406 0.06201171875
0.2078857421875 -0.15521240234375 0.0767288208007813 0.0848312377929687
0.221694946289063 -0.106613159179688 0.074798583984375 -0.169937133789063
0.21258544921875 -0.147018432617187 0.163421630859375 -0.141647338867188
0.1473388671875 -0.168899536132813 0.126457214355469 -0.12164306640625
0.0752105712890625 -0.199981689453125 0.0962677001953125 -0.12567138671875
-0.0101318359375 -0.183395385742187 0.0493011474609375 -0.0897445678710938
-0.104080200195313 -0.1541748046875 0.0138206481933594 -0.0495796203613281
-0.132087707519531 -0.100372314453125 0.0492591857910156 0.00301742553710937
-0.118728637695312 -0.095245361328125 0.0824813842773437 0.05194091796875
-0.140655517578125 -0.106185913085937 0.0999069213867187 0.0954055786132812
-0.125564575195313 -0.141586303710938 0.0663223266601562 0.137626647949219
-0.0568084716796875 -0.179702758789063 0.0318145751953125 0.155807495117188
-0.00210571289062501 -0.200119018554688 -0.0188369750976562 0.123916625976563
0.105377197265625 -0.179641723632813 -0.05047607421875 0.0867919921875
0.1802978515625 -0.157623291015625 0.0253124237060547 0.0131092071533203
0.205490112304688 -0.125335693359375 0.155624389648438 0.040985107421875
0.155120849609375 -0.0735931396484375 0.116912841796875 -0.209732055664063
0.163436889648438 -0.1126708984375 0.174758911132813 -0.175308227539063
0.108535766601563 -0.133796691894531 0.117057800292969 -0.124237060546875
0.0468292236328125 -0.154373168945313 0.0980911254882812 -0.0981826782226563
-0.0211334228515625 -0.134437561035156 0.07061767578125 -0.0570220947265625
-0.0906219482421875 -0.10321044921875 0.0597610473632813 -0.0166969299316406
-0.096527099609375 -0.0624008178710937 0.104606628417969 0.0234375
-0.083831787109375 -0.061981201171875 0.135047912597656 0.0659637451171875
-0.101333618164062 -0.0766525268554687 0.14447021484375 0.117538452148437
-0.088409423828125 -0.108688354492188 0.0968475341796875 0.167694091796875
-0.0323944091796875 -0.144027709960937 0.049224853515625 0.178115844726563
0.01580810546875 -0.162246704101563 -0.00859069824218748 0.133506774902344
0.110847473144531 -0.13372802734375 -0.0333709716796875 0.0740203857421875
0.165618896484375 -0.10467529296875 0.0683860778808594 -0.0169296264648438
0.169448852539063 -0.072113037109375 0.22314453125 0.0153961181640625
0.072540283203125 -0.0218505859375 0.130905151367188 -0.2396240234375
0.098358154296875 -0.0611953735351562 0.162750244140625 -0.19915771484375
0.0599822998046875 -0.079193115234375 0.101669311523438 -0.124214172363281
0.0177764892578125 -0.0867996215820313 0.0967254638671875 -0.0800018310546875
-0.0233116149902344 -0.0680046081542969 0.0855255126953125 -0.0413665771484375
-0.0572357177734375 -0.0394248962402344 0.09478759765625 -0.00296783447265625
-0.0439567565917969 -0.017181396484375 0.14227294921875 0.028778076171875
-0.0356636047363281 -0.0193519592285156 0.166778564453125 0.0703125
-0.0504913330078125 -0.0315475463867187 0.16827392578125 0.133331298828125
-0.0480918884277344 -0.0549354553222656 0.1124267578125 0.19390869140625
-0.013916015625 -0.0841217041015625 0.0518646240234375 0.19775390625
0.0207748413085938 -0.09796142578125 -0.00508117675781251 0.147674560546875
0.0859527587890625 -0.0736312866210938 -0.02191162109375 0.0721359252929688
0.113449096679687 -0.0431747436523437 0.100074768066406 -0.0222549438476563
0.101058959960938 -0.0133743286132813 0.270980834960938 0.0072479248046875
0.0269813537597656 -0.0149879455566406 -0.238174438476563 0.027862548828125
-0.0188999176025391 -0.0141277313232422 -0.080169677734375 0.013946533203125
-0.0163612365722656 0.0150251388549805 0.034881591796875 -0.0788192749023438
0.00690364837646484 0.014129638671875 0.0196075439453125 -0.181930541992188
0.0105113983154297 -0.000149726867675781 -0.045806884765625 -0.212478637695313
0.00155067443847656 -0.00797462463378906 -0.144607543945313 -0.196701049804688
-0.0207042694091797 -0.0162696838378906 -0.191375732421875 -0.123153686523438
-0.0169305801391602 -0.0142612457275391 -0.174819946289063 -0.0432586669921875
-0.0142602920532227 -0.0124740600585938 -0.147354125976562 0.00297546386718748
-0.006744384765625 -0.0180702209472656 -0.124671936035156 0.02337646484375
0.00374794006347656 -0.0104246139526367 -0.0995941162109375 0.0695419311523437
0.00190067291259766 0.0158929824829102 -0.0874481201171875 0.089874267578125
-0.0281467437744141 0.0145893096923828 -0.111915588378906 0.1279296875
-0.0315036773681641 -0.0175247192382813 -0.130203247070313 0.206954956054687
-0.0055694580078125 -0.0138521194458008 -0.124923706054687 0.237274169921875
0.118629455566406 -0.0672760009765625 -0.208236694335938 0.00566101074218749
0.0668716430664063 -0.0740203857421875 -0.0486221313476562 -0.00815200805664064
0.0438957214355469 -0.050323486328125 0.0507888793945313 -0.0917510986328125
0.0382537841796875 -0.0603408813476563 0.0329742431640625 -0.190887451171875
0.0128326416015625 -0.0690879821777344 -0.0349578857421875 -0.212417602539062
-0.0332717895507812 -0.0714950561523438 -0.134246826171875 -0.192947387695313
-0.074371337890625 -0.0594711303710938 -0.1744384765625 -0.11212158203125
-0.0708694458007813 -0.0532073974609375 -0.152069091796875 -0.027496337890625
-0.0766143798828125 -0.0522003173828125 -0.124969482421875 0.02130126953125
-0.0634765625 -0.0707550048828125 -0.113021850585938 0.0430145263671875
-0.02783203125 -0.0766220092773438 -0.0887374877929688 0.0855560302734375
-0.00764846801757812 -0.0614280700683594 -0.079010009765625 0.0972442626953125
0.00421142578125001 -0.0549774169921875 -0.0969009399414062 0.133781433105469
0.026611328125 -0.0822830200195312 -0.102935791015625 0.198165893554688
0.0635910034179688 -0.0810775756835938 -0.0940704345703125 0.226470947265625
0.195159912109375 -0.107070922851563 -0.148757934570313 -0.0315704345703125
0.146591186523437 -0.12176513671875 0.00610351562500001 -0.0358352661132813
0.103111267089844 -0.110321044921875 0.0776824951171875 -0.102745056152344
0.0664215087890625 -0.131828308105469 0.0494384765625 -0.191085815429687
0.011932373046875 -0.133590698242188 -0.0224456787109375 -0.198638916015625
-0.0659103393554688 -0.126319885253906 -0.115692138671875 -0.170440673828125
-0.118141174316406 -0.0917892456054688 -0.136123657226563 -0.0893478393554687
-0.112297058105469 -0.08343505859375 -0.106185913085938 -0.00907897949218752
-0.128044128417969 -0.0818405151367188 -0.0798721313476563 0.0393905639648438
-0.114448547363281 -0.107452392578125 -0.0801239013671875 0.0660247802734375
-0.061431884765625 -0.128501892089844 -0.0638046264648437 0.103408813476563
-0.0245895385742188 -0.128036499023438 -0.0652847290039062 0.105972290039063
0.0262832641601562 -0.121025085449219 -0.0832366943359375 0.134262084960938
0.0756378173828125 -0.14190673828125 -0.075347900390625 0.168258666992188
0.122161865234375 -0.137466430664063 -0.0472412109375 0.190078735351562
0.239028930664063 -0.135009765625 -0.0739364624023437 -0.07513427734375
0.19970703125 -0.157989501953125 0.068695068359375 -0.0695304870605469
0.141860961914063 -0.159881591796875 0.103797912597656 -0.113327026367188
0.0811767578125 -0.188735961914063 0.0677032470703125 -0.18072509765625
0.0034942626953125 -0.180801391601563 -0.00503540039062499 -0.170242309570313
-0.0928192138671875 -0.160919189453125 -0.08111572265625 -0.133003234863281
-0.142959594726562 -0.11016845703125 -0.0801925659179688 -0.0593414306640625
-0.138130187988281 -0.0991897583007813 -0.0454788208007813 0.0108680725097656
-0.158111572265625 -0.0989227294921875 -0.0199928283691406 0.0550422668457031
-0.147140502929688 -0.129547119140625 -0.031494140625 0.08782958984375
-0.0865936279296875 -0.162567138671875 -0.027252197265625 0.121665954589844
-0.0392608642578125 -0.176376342773438 -0.0469284057617187 0.115089416503906
0.0464935302734375 -0.17291259765625 -0.0711669921875 0.127784729003906
0.116424560546875 -0.183441162109375 -0.0446090698242187 0.122817993164062
0.16632080078125 -0.17095947265625 0.0141677856445313 0.140220642089844
0.2413330078125 -0.139358520507813 0.00340270996093753 -0.12506103515625
0.215301513671875 -0.171188354492188 0.121978759765625 -0.110626220703125
0.152435302734375 -0.18316650390625 0.11956787109375 -0.123481750488281
0.0771942138671875 -0.214202880859375 0.0830078125 -0.158248901367188
-0.00970458984374999 -0.196151733398438 0.0195388793945312 -0.130958557128906
-0.111343383789062 -0.166091918945313 -0.0372390747070313 -0.0883941650390625
-0.14947509765625 -0.108108520507813 -0.0152187347412109 -0.0264072418212891
-0.139923095703125 -0.0994186401367188 0.0218467712402344 0.0306892395019531
-0.164016723632813 -0.101776123046875 0.045501708984375 0.0717926025390625
-0.154266357421875 -0.136428833007813 0.0232009887695312 0.110557556152344
-0.0908966064453125 -0.1781005859375 0.0107803344726563 0.137596130371094
-0.0385284423828125 -0.201187133789062 -0.0267562866210937 0.121406555175781
0.067230224609375 -0.197158813476563 -0.05706787109375 0.113296508789063
0.148696899414063 -0.19390869140625 -0.0137290954589844 0.0650100708007812
0.192367553710938 -0.167770385742188 0.0831298828125 0.0846405029296875
0.20758056640625 -0.122512817382813 0.063629150390625 -0.174728393554687
0.195831298828125 -0.16021728515625 0.155288696289063 -0.14935302734375
0.132858276367188 -0.175048828125 0.122634887695313 -0.127128601074219
0.05841064453125 -0.202224731445313 0.0917892456054688 -0.131072998046875
-0.0239410400390625 -0.178070068359375 0.0468368530273438 -0.0915374755859375
-0.1129150390625 -0.141159057617188 0.0127372741699219 -0.0475616455078125
-0.134346008300781 -0.0866012573242187 0.0512809753417969 -1.14440917968803E-05
-0.122093200683594 -0.0835189819335938 0.0866165161132813 0.0455398559570312
-0.144912719726562 -0.089752197265625 0.105438232421875 0.0874786376953125
-0.134384155273437 -0.126007080078125 0.0740432739257812 0.1348876953125
-0.0713348388671875 -0.1715087890625 0.0426483154296875 0.154388427734375
-0.0182952880859375 -0.195755004882813 -0.0117416381835938 0.125785827636719
0.091522216796875 -0.183364868164063 -0.0440521240234375 0.0906753540039062
0.165802001953125 -0.16888427734375 0.025390625 0.0139560699462891
0.190643310546875 -0.139633178710938 0.156661987304688 0.0348663330078125
0.144424438476563 -0.08465576171875 0.102493286132813 -0.217620849609375
0.14910888671875 -0.12274169921875 0.162994384765625 -0.183990478515625
0.0975723266601562 -0.139083862304687 0.111862182617187 -0.128662109375
0.033782958984375 -0.155776977539063 0.0954055786132813 -0.104286193847656
-0.0317459106445313 -0.12945556640625 0.0688705444335938 -0.0604705810546875
-0.0955047607421875 -0.091766357421875 0.0601921081542969 -0.0202445983886719
-0.0968170166015625 -0.0518722534179687 0.106201171875 0.0137481689453125
-0.0846023559570313 -0.052764892578125 0.137535095214844 0.0544662475585938
-0.103424072265625 -0.0640792846679688 0.151168823242188 0.104812622070313
-0.095245361328125 -0.0962600708007813 0.107452392578125 0.160629272460938
-0.0438003540039063 -0.137466430664063 0.0604248046875 0.174484252929688
0.00201416015625 -0.158889770507813 0.000389099121093748 0.1343994140625
0.0988540649414063 -0.138702392578125 -0.0282058715820312 0.0764312744140625
0.15411376953125 -0.116424560546875 0.0645523071289063 -0.0199317932128906
0.158966064453125 -0.0850067138671875 0.220443725585938 0.00537109374999999
0.0682716369628906 -0.0286331176757812 0.112289428710938 -0.24737548828125
0.0903701782226563 -0.068206787109375 0.148910522460938 -0.206634521484375
0.0531845092773437 -0.0826187133789062 0.0959854125976562 -0.128044128417969
0.00928497314453126 -0.085845947265625 0.094696044921875 -0.0859375
-0.0287551879882812 -0.0636253356933594 0.0849838256835938 -0.0475845336914063
-0.0588035583496094 -0.0305442810058594 0.0953521728515625 -0.0104446411132813
-0.0423202514648438 -0.0114173889160156 0.142318725585938 0.0151824951171875
-0.0350399017333984 -0.0143451690673828 0.168243408203125 0.05426025390625
-0.0497970581054688 -0.023895263671875 0.17401123046875 0.117721557617187
-0.0507965087890625 -0.0470657348632813 0.123611450195313 0.18341064453125
-0.0206680297851563 -0.0804824829101562 0.0645599365234375 0.192794799804688
0.0116424560546875 -0.0973968505859375 0.003753662109375 0.147552490234375
0.078277587890625 -0.0775680541992188 -0.0179672241210937 0.0733566284179688
0.107093811035156 -0.05120849609375 0.093536376953125 -0.0285491943359375
0.0958328247070313 -0.0229949951171875 0.265823364257813 -0.0067596435546875
0.0281581878662109 -0.0158405303955078 -0.235549926757813 0.039886474609375
-0.0186595916748047 -0.0133705139160156 -0.0761489868164063 0.0183563232421875
-0.0139236450195313 0.0152950286865234 0.033172607421875 -0.082183837890625
0.00823783874511719 0.012385368347168 0.00975036621093751 -0.184844970703125
0.0103654861450195 -0.00251483917236328 -0.0590972900390625 -0.211441040039063
0.000269889831542969 -0.0107736587524414 -0.15850830078125 -0.188201904296875
-0.024688720703125 -0.017333984375 -0.199676513671875 -0.109832763671875
-0.019866943359375 -0.0159072875976563 -0.17572021484375 -0.0294342041015625
-0.016291618347168 -0.0151281356811523 -0.147598266601563 0.0160675048828125
-0.00827407836914062 -0.0212078094482422 -0.126113891601563 0.034820556640625
0.00372314453125 -0.0124778747558594 -0.098876953125 0.078216552734375
0.00546550750732422 0.0149059295654297 -0.0866012573242187 0.0973434448242188
-0.0254802703857422 0.0175247192382813 -0.109504699707031 0.135452270507812
-0.0319957733154297 -0.0136966705322266 -0.118927001953125 0.216827392578125
-0.00376796722412109 -0.0115203857421875 -0.108734130859375 0.250350952148438
0.116851806640625 -0.0746536254882813 -0.206741333007813 0.0146331787109375
0.0621871948242187 -0.07965087890625 -0.0449943542480469 -0.00588607788085937
0.0419540405273438 -0.0546379089355469 0.0499267578125 -0.0953140258789063
0.0334091186523438 -0.0653495788574219 0.0234222412109375 -0.194351196289063
0.0076446533203125 -0.0720367431640625 -0.0476226806640625 -0.211196899414063
-0.0383453369140625 -0.0703964233398438 -0.145904541015625 -0.18450927734375
-0.0796051025390625 -0.05535888671875 -0.18048095703125 -0.0992431640625
-0.0759201049804688 -0.0505447387695313 -0.15069580078125 -0.015380859375
-0.081268310546875 -0.0498580932617188 -0.123222351074219 0.0335540771484375
-0.06890869140625 -0.068389892578125 -0.112220764160156 0.0555038452148437
-0.0327529907226563 -0.0772476196289063 -0.0861968994140625 0.095062255859375
-0.00972366333007812 -0.0622787475585938 -0.07672119140625 0.104621887207031
0.00297164916992187 -0.0539970397949219 -0.0919342041015625 0.141098022460938
0.0218276977539063 -0.08245849609375 -0.0911712646484375 0.207748413085937
0.060638427734375 -0.0836334228515625 -0.077239990234375 0.238555908203125
0.189697265625 -0.120025634765625 -0.147857666015625 -0.0260467529296875
0.139152526855469 -0.1334228515625 0.00940704345703126 -0.0370407104492188
0.0977783203125 -0.117805480957031 0.077606201171875 -0.107719421386719
0.0576019287109375 -0.137718200683594 0.04107666015625 -0.196670532226563
0.00189208984375001 -0.136123657226563 -0.0335235595703125 -0.198089599609375
-0.075531005859375 -0.122550964355469 -0.125320434570312 -0.161773681640625
-0.125114440917969 -0.0848846435546875 -0.140403747558594 -0.0790481567382812
-0.119346618652344 -0.0772018432617188 -0.10369873046875 0.000160217285156237
-0.135154724121094 -0.0736541748046875 -0.0758743286132813 0.0484390258789062
-0.122039794921875 -0.101005554199219 -0.0762252807617188 0.0780792236328125
-0.0700607299804688 -0.126167297363281 -0.0588455200195313 0.113227844238281
-0.03179931640625 -0.126930236816406 -0.0625076293945313 0.114341735839844
0.021331787109375 -0.12255859375 -0.0772857666015625 0.141845703125
0.06671142578125 -0.146453857421875 -0.0638885498046875 0.176437377929688
0.115768432617188 -0.144500732421875 -0.0323486328125 0.199935913085938
0.230682373046875 -0.151016235351563 -0.0756149291992187 -0.0744476318359375
0.189056396484375 -0.173095703125 0.070220947265625 -0.0742645263671875
0.133132934570313 -0.169952392578125 0.103523254394531 -0.120399475097656
0.067474365234375 -0.196548461914062 0.0605010986328125 -0.186065673828125
-0.00990295410156249 -0.182220458984375 -0.0124969482421875 -0.169784545898438
-0.1031494140625 -0.153579711914063 -0.0874404907226563 -0.126129150390625
-0.150253295898438 -0.10125732421875 -0.081298828125 -0.05316162109375
-0.146560668945313 -0.08990478515625 -0.040802001953125 0.0157012939453125
-0.165542602539063 -0.0879974365234376 -0.0145301818847656 0.0601768493652344
-0.157058715820313 -0.119384765625 -0.0259323120117188 0.0978012084960937
-0.0980224609375 -0.158096313476563 -0.0200347900390625 0.129119873046875
-0.0517730712890625 -0.174911499023438 -0.0425033569335938 0.122421264648437
0.0368194580078125 -0.175491333007813 -0.0641708374023438 0.134605407714844
0.10479736328125 -0.192520141601563 -0.0366973876953125 0.128089904785156
0.155654907226563 -0.182174682617188 0.0254974365234375 0.145843505859375
0.232467651367188 -0.157196044921875 -0.00146484374999997 -0.128814697265625
0.202423095703125 -0.187347412109375 0.120140075683594 -0.118499755859375
0.142181396484375 -0.193557739257813 0.118972778320313 -0.132431030273438
0.0621490478515625 -0.22076416015625 0.0792083740234375 -0.16522216796875
-0.0233917236328125 -0.196197509765625 0.0151596069335938 -0.131988525390625
-0.122344970703125 -0.156982421875 -0.03936767578125 -0.0847320556640625
-0.155548095703125 -0.0979461669921875 -0.0141468048095703 -0.0246353149414063
-0.147445678710938 -0.0900726318359375 0.0273990631103516 0.0297813415527344
-0.170562744140625 -0.089141845703125 0.0520782470703125 0.0718917846679688
-0.164627075195313 -0.123779296875 0.0307388305664062 0.115188598632812
-0.104782104492188 -0.172164916992188 0.0193939208984375 0.142227172851563
-0.0536041259765625 -0.19976806640625 -0.0212249755859375 0.127159118652344
0.055419921875 -0.201461791992188 -0.0502166748046875 0.118797302246094
0.13580322265625 -0.205551147460938 -0.00893783569335936 0.0693588256835938
0.181427001953125 -0.182022094726563 0.0911712646484375 0.0856475830078125
0.197479248046875 -0.137969970703125 0.0550537109375 -0.181884765625
0.183517456054687 -0.174392700195312 0.150741577148438 -0.1590576171875
0.124420166015625 -0.184219360351563 0.12200927734375 -0.134063720703125
0.0446624755859375 -0.206161499023437 0.0898284912109375 -0.139266967773438
-0.0367431640625 -0.17706298828125 0.0442886352539062 -0.0949859619140625
-0.121139526367187 -0.131820678710938 0.0128135681152344 -0.0474700927734375
-0.138679504394531 -0.0761184692382813 0.0527305603027344 -0.00446701049804688
-0.126571655273438 -0.0734405517578125 0.0918807983398437 0.0388870239257812
-0.15045166015625 -0.076629638671875 0.113250732421875 0.0823287963867188
-0.143524169921875 -0.114456176757813 0.0841522216796875 0.134765625
-0.0855255126953125 -0.165176391601563 0.0523223876953125 0.156448364257813
-0.0338897705078125 -0.194183349609375 -0.00562286376953125 0.131423950195313
0.07891845703125 -0.189453125 -0.0380935668945312 0.0962905883789062
0.153045654296875 -0.182754516601562 0.0256290435791016 0.0148029327392578
0.180130004882813 -0.154144287109375 0.16162109375 0.03179931640625
0.136680603027344 -0.0961380004882813 0.0901641845703125 -0.227584838867187
0.139053344726563 -0.134994506835938 0.155914306640625 -0.195281982421875
0.089111328125 -0.144866943359375 0.111183166503906 -0.136466979980469
0.0222320556640625 -0.15716552734375 0.0946731567382813 -0.112373352050781
-0.0416412353515625 -0.126518249511719 0.0693550109863281 -0.0663490295410156
-0.100822448730469 -0.0819549560546875 0.0627517700195313 -0.0236892700195313
-0.0981674194335938 -0.0442428588867187 0.10784912109375 0.005462646484375
-0.0874252319335938 -0.0452499389648438 0.14251708984375 0.04425048828125
-0.105735778808594 -0.0538101196289063 0.157867431640625 0.0952606201171875
-0.102043151855469 -0.0860443115234375 0.118988037109375 0.156829833984375
-0.05560302734375 -0.132911682128906 0.072052001953125 0.174148559570313
-0.011077880859375 -0.159210205078125 0.00702667236328125 0.137550354003906
0.0898590087890625 -0.145416259765625 -0.0242767333984375 0.0794296264648437
0.14410400390625 -0.128280639648438 0.062225341796875 -0.021820068359375
0.151275634765625 -0.09783935546875 0.223236083984375 -0.00294494628906251
0.0632553100585938 -0.0342445373535156 0.0960540771484375 -0.259658813476563
0.083282470703125 -0.0758514404296875 0.137939453125 -0.217987060546875
0.04705810546875 -0.087158203125 0.0934906005859375 -0.133354187011719
0.00163269042968749 -0.0879974365234375 0.0948104858398438 -0.0936431884765625
-0.0352935791015625 -0.060882568359375 0.08612060546875 -0.054351806640625
-0.0603408813476563 -0.0232391357421875 0.0979537963867188 -0.0178909301757813
-0.040252685546875 -0.00633621215820313 0.143295288085938 0.00299072265625
-0.0340652465820313 -0.0106773376464844 0.171646118164063 0.040924072265625
-0.0485801696777344 -0.0174407958984375 0.1815185546875 0.105010986328125
-0.0534019470214844 -0.0403671264648438 0.136154174804688 0.17694091796875
-0.0283584594726563 -0.0773239135742188 0.0774993896484375 0.191543579101563
0.00348663330078124 -0.097503662109375 0.0126953125 0.150039672851563
0.072906494140625 -0.0826950073242187 -0.0155410766601562 0.0754547119140625
0.102180480957031 -0.0599822998046875 0.089202880859375 -0.033294677734375
0.0913314819335938 -0.0307846069335938 0.266876220703125 -0.019805908203125
0.0312404632568359 -0.0167331695556641 -0.23699951171875 0.054229736328125
-0.0183544158935547 -0.0122928619384766 -0.073028564453125 0.0241470336914062
-0.0122060775756836 0.0152502059936523 0.0304183959960938 -0.08782958984375
0.0089263916015625 0.00953388214111328 -0.00344848632812499 -0.19110107421875
0.0104179382324219 -0.00591087341308594 -0.0771636962890625 -0.21295166015625
-0.00146102905273437 -0.0137615203857422 -0.178466796875 -0.18011474609375
-0.0300846099853516 -0.0175437927246094 -0.211013793945312 -0.0947113037109375
-0.0249004364013672 -0.0175666809082031 -0.178436279296875 -0.013946533203125
-0.0199165344238281 -0.0174922943115234 -0.148681640625 0.0331573486328125
-0.0107002258300781 -0.0236549377441406 -0.128219604492188 0.0507049560546875
0.00392532348632813 -0.0157632827758789 -0.0978469848632813 0.0904464721679687
0.00995349884033203 0.013148307800293 -0.0852584838867188 0.107276916503906
-0.0219497680664063 0.0210609436035156 -0.106338500976563 0.1483154296875
-0.0326633453369141 -0.00825119018554687 -0.106155395507813 0.23150634765625
-0.00120162963867188 -0.00914096832275391 -0.08917236328125 0.268707275390625
0.115989685058594 -0.085235595703125 -0.208450317382813 0.02716064453125
0.0583114624023438 -0.0872268676757812 -0.0421905517578125 -0.00291824340820313
0.0400924682617188 -0.0603370666503906 0.0483322143554688 -0.102890014648438
0.0279769897460938 -0.0712127685546875 0.0108184814453125 -0.202362060546875
0.0010986328125 -0.0758209228515625 -0.063751220703125 -0.212142944335938
-0.0464630126953125 -0.0705795288085938 -0.163787841796875 -0.175811767578125
-0.0887908935546875 -0.0518569946289063 -0.190399169921875 -0.0860137939453126
-0.08453369140625 -0.0476150512695312 -0.151107788085938 -0.00128173828124999
-0.0894012451171875 -0.0465774536132812 -0.120903015136719 0.048797607421875
-0.076934814453125 -0.0662078857421875 -0.110694885253906 0.0717620849609375
-0.0387496948242188 -0.0780105590820313 -0.0828781127929688 0.108360290527344
-0.0122642517089844 -0.0643463134765625 -0.075164794921875 0.116127014160156
0.00185012817382812 -0.0544548034667969 -0.0868988037109375 0.152740478515625
0.016937255859375 -0.083984375 -0.0765380859375 0.220611572265625
0.0581283569335938 -0.0883255004882813 -0.0569915771484375 0.254974365234375
0.185302734375 -0.1385498046875 -0.151473999023438 -0.018585205078125
0.130691528320313 -0.148452758789063 0.01202392578125 -0.0386009216308594
0.0916519165039063 -0.13018798828125 0.0758514404296875 -0.117599487304688
0.0458526611328125 -0.147735595703125 0.03082275390625 -0.2056884765625
-0.0107192993164063 -0.140213012695313 -0.0476837158203125 -0.199630737304688
-0.0872726440429687 -0.11956787109375 -0.138473510742187 -0.153274536132813
-0.136444091796875 -0.0769195556640625 -0.14666748046875 -0.067474365234375
-0.130172729492187 -0.0694656372070313 -0.101554870605469 0.0101089477539062
-0.14453125 -0.06488037109375 -0.0707855224609375 0.0604476928710937
-0.134002685546875 -0.0931549072265625 -0.0715484619140625 0.0922012329101563
-0.0828704833984375 -0.124168395996094 -0.0523529052734375 0.124885559082031
-0.042144775390625 -0.127799987792969 -0.0579986572265625 0.125770568847656
0.0146560668945312 -0.125679016113281 -0.0697021484375 0.153396606445313
0.0570220947265625 -0.154373168945313 -0.0511322021484375 0.187545776367187
0.10736083984375 -0.155654907226562 -0.01361083984375 0.212722778320313
0.222549438476563 -0.173492431640625 -0.0797882080078125 -0.0727996826171875
0.177780151367187 -0.1927490234375 0.0713424682617188 -0.0819244384765625
0.124420166015625 -0.185150146484375 0.103797912597656 -0.131965637207031
0.0509796142578125 -0.207077026367188 0.0531768798828125 -0.198043823242187
-0.0252685546875 -0.185638427734375 -0.0223236083984375 -0.172210693359375
-0.118026733398438 -0.148681640625 -0.0949630737304688 -0.118492126464844
-0.161834716796875 -0.0907135009765625 -0.08441162109375 -0.0455780029296875
-0.1572265625 -0.079071044921875 -0.0363426208496094 0.0201148986816406
-0.176666259765625 -0.074554443359375 -0.00712585449218751 0.0669174194335938
-0.171051025390625 -0.1072998046875 -0.0172958374023438 0.108673095703125
-0.114822387695313 -0.153823852539063 -0.0104522705078125 0.139617919921875
-0.066802978515625 -0.174758911132812 -0.0359344482421875 0.133583068847656
0.025482177734375 -0.182159423828125 -0.055908203125 0.14508056640625
0.091522216796875 -0.204833984375 -0.0254364013671875 0.137763977050781
0.1444091796875 -0.199142456054688 0.04278564453125 0.153640747070313
0.222503662109375 -0.17938232421875 -0.00984191894531247 -0.134605407714844
0.189132690429687 -0.208099365234375 0.119560241699219 -0.131797790527344
0.13043212890625 -0.209274291992188 0.11920166015625 -0.144882202148437
0.044342041015625 -0.230606079101562 0.0732269287109375 -0.176986694335938
-0.0411376953125 -0.198074340820313 0.00952148437499999 -0.136749267578125
-0.137191772460938 -0.148406982421875 -0.0424652099609375 -0.0810623168945313
-0.1656494140625 -0.0862579345703125 -0.0135269165039063 -0.0232505798339844
-0.158096313476563 -0.0782470703125 0.0335712432861328 0.0281906127929687
-0.181900024414063 -0.0736236572265625 0.0611038208007812 0.071807861328125
-0.178695678710937 -0.109725952148438 0.0425033569335937 0.120834350585938
-0.123214721679688 -0.166046142578125 0.0317535400390625 0.1490478515625
-0.072601318359375 -0.198440551757813 -0.0132827758789062 0.137046813964844
0.0410003662109375 -0.210891723632813 -0.0420150756835938 0.12823486328125
0.120513916015625 -0.22247314453125 -0.00255584716796874 0.0739212036132812
0.16827392578125 -0.201904296875 0.104804992675781 0.08636474609375
0.188140869140625 -0.15826416015625 0.0434112548828125 -0.193954467773437
0.169357299804688 -0.192855834960938 0.14544677734375 -0.174728393554688
0.111831665039063 -0.198043823242188 0.121597290039063 -0.1473388671875
0.02667236328125 -0.214508056640625 0.086456298828125 -0.150833129882813
-0.054290771484375 -0.175994873046875 0.0420455932617188 -0.100975036621094
-0.133773803710938 -0.120986938476563 0.0141372680664062 -0.0487480163574219
-0.146286010742188 -0.064727783203125 0.0550537109375 -0.00844192504882813
-0.135688781738281 -0.0628128051757813 0.09893798828125 0.0317459106445312
-0.157806396484375 -0.0625 0.122596740722656 0.0769424438476563
-0.156387329101562 -0.1005859375 0.0988693237304687 0.13555908203125
-0.103302001953125 -0.159286499023438 0.06610107421875 0.161361694335938
-0.052978515625 -0.194091796875 0.00347137451171875 0.138504028320313
0.0645904541015625 -0.200851440429688 -0.032135009765625 0.102798461914062
0.138839721679688 -0.201171875 0.0276641845703125 0.0153350830078125
0.168258666992188 -0.173171997070313 0.171585083007813 0.02471923828125
0.128524780273438 -0.1103515625 0.074676513671875 -0.243255615234375
0.127517700195313 -0.14971923828125 0.146499633789063 -0.211166381835938
0.0793914794921875 -0.156036376953125 0.108688354492187 -0.148284912109375
0.00785827636718751 -0.162155151367188 0.0931320190429688 -0.124893188476563
-0.0541534423828125 -0.12408447265625 0.0697708129882813 -0.0749740600585938
-0.109489440917969 -0.07110595703125 0.0658378601074219 -0.0300483703613281
-0.101394653320313 -0.0340805053710938 0.111572265625 -0.0048980712890625
-0.090667724609375 -0.0372390747070312 0.148300170898438 0.031585693359375
-0.109817504882813 -0.0424957275390625 0.169174194335938 0.0852203369140625
-0.110679626464844 -0.0744171142578125 0.135055541992188 0.153335571289063
-0.0698318481445313 -0.128082275390625 0.0882720947265625 0.17633056640625
-0.0272064208984375 -0.159530639648438 0.017608642578125 0.14422607421875
0.0787200927734375 -0.156112670898438 -0.0193023681640625 0.0846786499023437
0.133193969726563 -0.14495849609375 0.060577392578125 -0.0250968933105469
0.142440795898438 -0.114212036132813 0.230621337890625 -0.0157470703125
0.0584678649902344 -0.0414199829101563 0.0770416259765625 -0.275985717773438
0.0749893188476563 -0.0855255126953125 0.126434326171875 -0.233917236328125
0.0400848388671875 -0.0934829711914062 0.0896148681640625 -0.144195556640625
-0.00745391845703125 -0.089874267578125 0.0950469970703125 -0.106048583984375
-0.0430564880371094 -0.0567588806152344 0.0877838134765625 -0.0653305053710938
-0.0633583068847656 -0.0147247314453125 0.101371765136719 -0.0286636352539062
-0.0397224426269531 -0.000427246093750002 0.145767211914063 -0.011749267578125
-0.0331172943115234 -0.00571250915527344 0.176528930664062 0.0252227783203125
-0.0487480163574219 -0.0106201171875 0.191864013671875 0.0928802490234375
-0.0568084716796875 -0.0318374633789062 0.153472900390625 0.170883178710938
-0.0363235473632813 -0.0732803344726562 0.0949859619140625 0.191497802734375
-0.00592803955078124 -0.0970993041992187 0.0227508544921875 0.154586791992188
0.0660934448242188 -0.0909042358398438 -0.0119094848632812 0.0800399780273438
0.0945816040039063 -0.0707473754882812 0.085784912109375 -0.0393218994140625
0.0864715576171875 -0.040740966796875 0.27191162109375 -0.0369110107421875
0.0340538024902344 -0.0193443298339844 -0.23638916015625 0.0762481689453125
-0.0169086456298828 -0.011631965637207 -0.0676841735839844 0.0324859619140625
-0.00945949554443359 0.015751838684082 0.0258255004882813 -0.094818115234375
0.0105810165405273 0.00660610198974609 -0.0225677490234375 -0.196609497070313
0.00784063339233398 -0.00874662399291992 -0.101715087890625 -0.209945678710938
-0.00609779357910156 -0.0176830291748047 -0.2021484375 -0.163558959960937
-0.0365676879882813 -0.0168380737304688 -0.2239990234375 -0.07147216796875
-0.0313720703125 -0.0186004638671875 -0.180465698242188 0.00724792480468751
-0.0247325897216797 -0.0195846557617188 -0.145919799804688 0.054534912109375
-0.0143928527832031 -0.0267658233642578 -0.125114440917969 0.0706710815429688
0.00238418579101563 -0.0193901062011719 -0.0916519165039063 0.107017517089844
0.0143623352050781 0.00934886932373047 -0.0800552368164063 0.121604919433594
-0.0175838470458984 0.0248680114746094 -0.098236083984375 0.16424560546875
-0.0309181213378906 -0.00135421752929687 -0.0844879150390625 0.248687744140625
0.00246429443359375 -0.00716733932495117 -0.058013916015625 0.28704833984375
0.112632751464844 -0.0997695922851562 -0.2086181640625 0.0470428466796875
0.0511703491210937 -0.0955276489257813 -0.0384597778320313 -0.00011444091796876
0.0356903076171875 -0.0671768188476563 0.0430068969726563 -0.112472534179688
0.019073486328125 -0.0774154663085938 -0.0087738037109375 -0.20953369140625
-0.00931549072265625 -0.0793380737304688 -0.087066650390625 -0.210403442382813
-0.05633544921875 -0.0688514709472656 -0.184188842773437 -0.159378051757813
-0.0990753173828125 -0.0439605712890625 -0.200881958007813 -0.0644378662109375
-0.094573974609375 -0.0401077270507812 -0.149917602539063 0.0164337158203125
-0.098114013671875 -0.0400238037109375 -0.114913940429688 0.067718505859375
-0.086334228515625 -0.0609130859375 -0.104942321777344 0.0919952392578125
-0.0479965209960937 -0.077301025390625 -0.0742568969726563 0.124832153320312
-0.0172843933105469 -0.0666542053222656 -0.066802978515625 0.130462646484375
-0.00014114379882812 -0.053497314453125 -0.0747833251953125 0.167129516601563
0.00996398925781249 -0.0838623046875 -0.05267333984375 0.235107421875
0.0522384643554688 -0.09466552734375 -0.024383544921875 0.270095825195313
0.17547607421875 -0.161468505859375 -0.1539306640625 -0.00645446777343753
0.11517333984375 -0.167190551757812 0.0135383605957031 -0.0423622131347656
0.0804901123046875 -0.143997192382813 0.0708465576171875 -0.12969970703125
0.02923583984375 -0.157684326171875 0.0131072998046875 -0.215042114257813
-0.02764892578125 -0.14324951171875 -0.067779541015625 -0.198257446289063
-0.103729248046875 -0.112480163574219 -0.154556274414063 -0.138031005859375
-0.14892578125 -0.0634613037109375 -0.15185546875 -0.0513153076171875
-0.142868041992188 -0.0570220947265625 -0.0981063842773438 0.0224456787109375
-0.15692138671875 -0.0510101318359375 -0.061614990234375 0.0741043090820313
-0.148284912109375 -0.080718994140625 -0.060546875 0.109405517578125
-0.0978927612304687 -0.118400573730469 -0.0405426025390625 0.140869140625
-0.0560302734375 -0.127830505371094 -0.0474090576171875 0.139678955078125
0.00423431396484375 -0.128814697265625 -0.0562896728515625 0.1654052734375
0.0419769287109375 -0.161270141601563 -0.0301055908203125 0.198486328125
0.0926513671875 -0.169387817382813 0.015594482421875 0.223403930664063
0.20770263671875 -0.2005615234375 -0.0877838134765625 -0.0689697265625
0.157379150390625 -0.217681884765625 0.069580078125 -0.0923004150390625
0.107818603515625 -0.204833984375 0.0991363525390625 -0.148956298828125
0.0278472900390625 -0.217147827148437 0.037689208984375 -0.2088623046875
-0.0486297607421875 -0.186416625976563 -0.0386505126953125 -0.173553466796875
-0.136787414550781 -0.137565612792969 -0.105842590332031 -0.107078552246094
-0.174713134765625 -0.07366943359375 -0.0872344970703125 -0.0358200073242188
-0.170211791992188 -0.0628814697265625 -0.0300369262695313 0.0260581970214844
-0.187698364257813 -0.0554046630859375 0.00458526611328124 0.074493408203125
-0.186813354492188 -0.088043212890625 -0.00167083740234377 0.118331909179687
-0.135726928710938 -0.143234252929688 0.00474548339843749 0.1497802734375
-0.0874786376953125 -0.171249389648438 -0.0238494873046875 0.14532470703125
0.00694274902343751 -0.188079833984375 -0.0426177978515625 0.156570434570313
0.06915283203125 -0.218551635742187 -0.00848388671875001 0.14520263671875
0.12469482421875 -0.217193603515625 0.0674285888671875 0.157440185546875
0.203369140625 -0.20758056640625 -0.0227279663085937 -0.138999938964844
0.16546630859375 -0.23309326171875 0.112472534179688 -0.147994995117188
0.110031127929687 -0.227218627929688 0.112777709960937 -0.162155151367188
0.01702880859375 -0.24029541015625 0.061065673828125 -0.19085693359375
-0.0653228759765625 -0.196365356445313 -0.000717163085937493 -0.142669677734375
-0.155517578125 -0.133377075195313 -0.0465927124023438 -0.0767974853515625
-0.17706298828125 -0.0680694580078125 -0.0128612518310547 -0.0223426818847656
-0.169586181640625 -0.0598907470703125 0.0409812927246094 0.0258255004882812
-0.191070556640625 -0.0518798828125 0.072418212890625 0.0701522827148437
-0.194366455078125 -0.0881805419921875 0.0606613159179688 0.123680114746094
-0.145339965820313 -0.15350341796875 0.0515899658203125 0.153945922851563
-0.09735107421875 -0.192794799804688 0.0013275146484375 0.146652221679687
0.018341064453125 -0.219039916992187 -0.0281906127929688 0.136589050292969
0.09466552734375 -0.240509033203125 0.00769805908203125 0.077850341796875
0.146408081054688 -0.223556518554687 0.121116638183594 0.0827713012695312
0.169677734375 -0.182159423828125 0.0235137939453125 -0.205337524414063
0.146194458007812 -0.215957641601562 0.135147094726562 -0.1951904296875
0.0930328369140625 -0.21453857421875 0.11456298828125 -0.164596557617188
0.000701904296874976 -0.220611572265625 0.0767822265625 -0.166168212890625
-0.075469970703125 -0.172576904296875 0.0370941162109375 -0.109725952148438
-0.148727416992188 -0.10498046875 0.0139961242675781 -0.051483154296875
-0.154708862304688 -0.047607421875 0.058013916015625 -0.0154647827148438
-0.143310546875 -0.045745849609375 0.106925964355469 0.0211029052734375
-0.165512084960938 -0.043609619140625 0.136009216308594 0.0670700073242188
-0.168594360351563 -0.0803680419921875 0.117706298828125 0.130783081054688
-0.125335693359375 -0.14697265625 0.087158203125 0.161819458007813
-0.078125 -0.190673828125 0.0183258056640625 0.144973754882813
0.042449951171875 -0.211990356445312 -0.02130126953125 0.110664367675781
0.114532470703125 -0.221755981445313 0.0303363800048828 0.0151081085205078
0.148574829101562 -0.195343017578125 0.181976318359375 0.0121307373046875
0.114356994628906 -0.128852844238281 0.0473785400390625 -0.257171630859375
0.10809326171875 -0.165863037109375 0.128494262695313 -0.231552124023438
0.062591552734375 -0.167861938476563 0.10125732421875 -0.162643432617188
-0.0115814208984375 -0.16546630859375 0.0869216918945313 -0.140213012695313
-0.0718917846679687 -0.11859130859375 0.0666427612304688 -0.0862503051757813
-0.116973876953125 -0.0575637817382812 0.0672721862792969 -0.0394439697265625
-0.104537963867188 -0.0202255249023437 0.113418579101562 -0.0195083618164062
-0.0951385498046875 -0.025482177734375 0.153884887695313 0.0135650634765625
-0.113197326660156 -0.0264968872070313 0.180526733398437 0.0691680908203125
-0.119468688964844 -0.05865478515625 0.156967163085938 0.14410400390625
-0.0869979858398437 -0.118888854980469 0.110671997070313 0.172088623046875
-0.0474853515625 -0.15692138671875 0.0322723388671875 0.149017333984375
0.060791015625 -0.166046142578125 -0.0114517211914063 0.090667724609375
0.115463256835937 -0.164306640625 0.0579605102539063 -0.0298347473144531
0.127960205078125 -0.13262939453125 0.235733032226563 -0.03594970703125
0.051544189453125 -0.0495223999023438 0.045074462890625 -0.294281005859375
0.0623703002929687 -0.0955352783203125 0.104461669921875 -0.251388549804688
0.0279159545898437 -0.101150512695313 0.0821380615234375 -0.157943725585937
-0.0207672119140625 -0.0897674560546875 0.089630126953125 -0.121498107910156
-0.0531005859375 -0.0491790771484375 0.0844573974609375 -0.0800247192382813
-0.0648994445800781 -0.00366592407226561 0.103851318359375 -0.043792724609375
-0.0370521545410156 0.00576782226562499 0.1461181640625 -0.0309906005859375
-0.0318984985351563 -0.000486373901367182 0.1795654296875 0.0051422119140625
-0.0468330383300781 -0.0015716552734375 0.204605102539062 0.0731201171875
-0.0585746765136719 -0.0215301513671875 0.173919677734375 0.158843994140625
-0.0467529296875 -0.0667266845703125 0.117416381835938 0.1876220703125
-0.0181808471679688 -0.095916748046875 0.040252685546875 0.157562255859375
0.0549774169921875 -0.0990753173828125 -0.00588226318359375 0.08575439453125
0.0841827392578125 -0.08282470703125 0.0806121826171875 -0.0470352172851563
0.0785675048828125 -0.0515823364257813 0.273483276367188 -0.0628814697265625
0.0369796752929687 -0.0250358581542969 -0.224044799804688 0.1007080078125
-0.0176658630371094 -0.0108356475830078 -0.0593681335449219 0.0376205444335937
-0.00392818450927734 0.0150642395019531 0.0163345336914063 -0.100334167480469
0.00973033905029297 0.00253391265869141 -0.0463409423828125 -0.193771362304688
0.00556278228759766 -0.0130395889282227 -0.128021240234375 -0.195083618164063
-0.0116119384765625 -0.0201854705810547 -0.22125244140625 -0.13507080078125
-0.040557861328125 -0.0131912231445313 -0.230361938476563 -0.041229248046875
-0.0389595031738281 -0.0165214538574219 -0.1739501953125 0.0307464599609375
-0.0308132171630859 -0.0209712982177734 -0.132560729980469 0.0771865844726563
-0.0211467742919922 -0.0288181304931641 -0.114471435546875 0.0918731689453125
0.00135231018066406 -0.023162841796875 -0.0801849365234375 0.123382568359375
0.0177154541015625 0.00487709045410156 -0.0677032470703125 0.132492065429688
-0.00926589965820312 0.0282173156738281 -0.0800018310546875 0.176406860351563
-0.0283260345458984 0.00614166259765626 -0.05126953125 0.255279541015625
0.00592184066772461 -0.00686025619506836 -0.014678955078125 0.29248046875
0.101226806640625 -0.113128662109375 -0.198455810546875 0.068817138671875
0.0379867553710938 -0.101371765136719 -0.0325508117675781 0.00208473205566405
0.0276641845703125 -0.0733718872070313 0.0330276489257813 -0.120819091796875
0.00797271728515626 -0.0811767578125 -0.0335540771484375 -0.207122802734375
-0.0216751098632813 -0.0777816772460938 -0.112274169921875 -0.19793701171875
-0.0662879943847656 -0.0628623962402344 -0.199005126953125 -0.13214111328125
-0.106491088867188 -0.0304107666015625 -0.203109741210937 -0.0367889404296875
-0.103172302246094 -0.0281295776367187 -0.142364501953125 0.0369720458984375
-0.104751586914063 -0.0292434692382812 -0.100196838378906 0.085174560546875
-0.0942459106445313 -0.0522003173828125 -0.088592529296875 0.110511779785156
-0.0576095581054688 -0.0741729736328125 -0.05804443359375 0.138893127441406
-0.0241546630859375 -0.0652580261230469 -0.050994873046875 0.143356323242188
-0.00217056274414063 -0.0516471862792969 -0.056793212890625 0.176773071289063
0.00174713134765624 -0.0816650390625 -0.022125244140625 0.239227294921875
0.0420608520507813 -0.0998764038085938 0.0161895751953125 0.27484130859375
0.154052734375 -0.18096923828125 -0.15234375 0.00981140136718751
0.091461181640625 -0.1805419921875 0.01312255859375 -0.0457229614257813
0.062286376953125 -0.156417846679688 0.059722900390625 -0.141036987304688
0.00752258300781249 -0.159149169921875 -0.01324462890625 -0.215927124023437
-0.0477371215820312 -0.138229370117188 -0.090423583984375 -0.1888427734375
-0.118751525878906 -0.0992431640625 -0.1649169921875 -0.115921020507813
-0.1558837890625 -0.0440216064453125 -0.152587890625 -0.0295257568359375
-0.152511596679687 -0.037384033203125 -0.0880966186523438 0.0331649780273438
-0.162368774414063 -0.0301666259765625 -0.0462417602539063 0.0849380493164063
-0.1563720703125 -0.0601959228515625 -0.0440750122070312 0.121536254882813
-0.112449645996094 -0.104995727539063 -0.0201416015625 0.150741577148438
-0.069580078125 -0.119529724121094 -0.031005859375 0.149612426757813
-0.00817108154296874 -0.128074645996094 -0.035888671875 0.173507690429688
0.020416259765625 -0.162429809570313 -0.00128173828125 0.200225830078125
0.073486328125 -0.177261352539063 0.052490234375 0.22161865234375
0.177169799804688 -0.224563598632813 -0.094329833984375 -0.06011962890625
0.124069213867188 -0.233779907226563 0.0622634887695313 -0.101570129394531
0.079193115234375 -0.214584350585938 0.087066650390625 -0.161544799804688
-0.00340270996093749 -0.21881103515625 0.01531982421875 -0.213516235351563
-0.0735626220703125 -0.178207397460937 -0.0564727783203125 -0.1708984375
-0.153549194335938 -0.11846923828125 -0.111778259277344 -0.0944290161132813
-0.183944702148438 -0.0496978759765625 -0.0855865478515625 -0.02325439453125
-0.178085327148437 -0.0368194580078125 -0.0237331390380859 0.0288524627685547
-0.1939697265625 -0.02923583984375 0.0187301635742187 0.0741653442382813
-0.194778442382812 -0.0616607666015625 0.0183486938476563 0.124114990234375
-0.152389526367188 -0.121337890625 0.028533935546875 0.153640747070313
-0.109268188476563 -0.156570434570312 -0.00381469726562501 0.153564453125
-0.0164337158203125 -0.186126708984375 -0.0214691162109375 0.163925170898438
0.0385589599609375 -0.222412109375 0.0144500732421875 0.146743774414063
0.0952301025390625 -0.230438232421875 0.09356689453125 0.1524658203125
0.17230224609375 -0.22991943359375 -0.0386428833007813 -0.137275695800781
0.13055419921875 -0.25 0.0990753173828125 -0.1610107421875
0.0796356201171875 -0.24200439453125 0.09881591796875 -0.177932739257813
-0.0158538818359375 -0.238525390625 0.0416717529296875 -0.20050048828125
-0.093505859375 -0.184280395507813 -0.012359619140625 -0.142776489257813
-0.169464111328125 -0.11083984375 -0.0508308410644531 -0.0694503784179688
-0.183670043945312 -0.042022705078125 -0.0112972259521484 -0.0214996337890625
-0.174224853515625 -0.0339202880859375 0.0482139587402344 0.0196762084960938
-0.19281005859375 -0.023651123046875 0.0855789184570313 0.0616912841796875
-0.20294189453125 -0.0584869384765625 0.0801773071289063 0.11956787109375
-0.163742065429688 -0.131454467773438 0.072509765625 0.151901245117188
-0.122100830078125 -0.177444458007813 0.0213165283203125 0.151031494140625
-0.010284423828125 -0.219390869140625 -0.01019287109375 0.141830444335938
0.0595245361328125 -0.2496337890625 0.0205078125 0.0787200927734375
0.113479614257812 -0.240676879882813 0.138671875 0.07098388671875
0.141616821289063 -0.2003173828125 -0.00254821777343748 -0.205825805664063
0.109954833984375 -0.228897094726563 0.1134033203125 -0.20989990234375
0.06390380859375 -0.223526000976563 0.101364135742188 -0.178131103515625
-0.0302581787109375 -0.216903686523438 0.06024169921875 -0.176727294921875
-0.099090576171875 -0.155563354492188 0.0254592895507812 -0.116241455078125
-0.159271240234375 -0.0810394287109375 0.0109748840332031 -0.0532264709472656
-0.154190063476563 -0.02545166015625 0.0577468872070312 -0.0253486633300781
-0.147109985351563 -0.026123046875 0.110557556152344 0.0069427490234375
-0.164871215820313 -0.018157958984375 0.144241333007813 0.0503997802734375
-0.176528930664062 -0.0499267578125 0.13629150390625 0.119255065917969
-0.143295288085938 -0.122482299804688 0.109054565429687 0.153732299804688
-0.103851318359375 -0.1746826171875 0.041229248046875 0.145355224609375
0.014190673828125 -0.21258544921875 -0.00591278076171874 0.116012573242187
0.078826904296875 -0.231735229492188 0.035125732421875 0.013498306274414
0.116653442382813 -0.212203979492188 0.187545776367188 -0.00588989257812501
0.092926025390625 -0.140594482421875 0.01275634765625 -0.263916015625
0.0787200927734375 -0.176986694335938 0.102279663085938 -0.245697021484375
0.0372772216796875 -0.172836303710938 0.0858154296875 -0.174819946289063
-0.0367584228515625 -0.160308837890625 0.0748138427734375 -0.152877807617188
-0.0866165161132813 -0.10565185546875 0.0584487915039063 -0.0994110107421875
-0.118438720703125 -0.0358352661132812 0.0658226013183593 -0.0510787963867188
-0.101753234863281 -0.00353240966796877 0.110824584960938 -0.0354156494140625
-0.0930404663085938 -0.0112533569335938 0.15301513671875 -0.0062408447265625
-0.112556457519531 -0.00803375244140625 0.187713623046875 0.04595947265625
-0.121299743652344 -0.0383682250976562 0.17327880859375 0.123428344726563
-0.100387573242188 -0.101051330566406 0.133499145507813 0.159759521484375
-0.069427490234375 -0.145278930664062 0.051544189453125 0.146987915039063
0.036773681640625 -0.171340942382813 -0.00111389160156249 0.09423828125
0.0866241455078125 -0.173507690429688 0.053009033203125 -0.0351753234863281
0.103439331054687 -0.149215698242188 0.233612060546875 -0.0616302490234375
0.0390052795410156 -0.0566978454589844 0.00299072265625001 -0.295928955078125
0.0417327880859375 -0.103561401367188 0.070648193359375 -0.260711669921875
0.01263427734375 -0.103797912597656 0.06842041015625 -0.169342041015625
-0.0345916748046875 -0.0857696533203125 0.0774765014648438 -0.135787963867187
-0.0611610412597656 -0.0384368896484375 0.07562255859375 -0.0929183959960938
-0.0604019165039062 0.0110969543457031 0.0980606079101562 -0.0624008178710938
-0.0324802398681641 0.0142345428466797 0.13848876953125 -0.0521240234375
-0.0259437561035156 0.00471687316894531 0.174545288085938 -0.0204925537109375
-0.0426788330078125 0.006011962890625 0.209609985351563 0.0472564697265625
-0.0570144653320313 -0.0067901611328125 0.19378662109375 0.134353637695313
-0.0546226501464844 -0.0563888549804688 0.142547607421875 0.171524047851563
-0.0323867797851562 -0.0904312133789063 0.059173583984375 0.153762817382813
0.0394821166992188 -0.10321044921875 0.00442504882812499 0.0871353149414063
0.0670394897460938 -0.0911178588867188 0.0704345703125 -0.054534912109375
0.0645217895507813 -0.0612411499023438 0.26483154296875 -0.0942230224609375
0.0401191711425781 -0.0293922424316406 -0.202468872070313 0.118637084960938
-0.0138864517211914 -0.00991249084472657 -0.0482406616210938 0.0389556884765625
-0.00149059295654297 0.0112190246582031 0.00540924072265624 -0.101539611816406
0.00908851623535156 -0.00206089019775391 -0.06646728515625 -0.180770874023438
0.001373291015625 -0.0150232315063477 -0.146408081054688 -0.170242309570312
-0.01776123046875 -0.0201683044433594 -0.22607421875 -0.101455688476563
-0.047393798828125 -0.00725936889648438 -0.222076416015625 -0.01190185546875
-0.0438957214355469 -0.0106964111328125 -0.157974243164063 0.049957275390625
-0.0377845764160156 -0.0183563232421875 -0.113594055175781 0.0916061401367188
-0.0254230499267578 -0.0297412872314453 -0.0967483520507813 0.106887817382812
-0.00298500061035156 -0.026153564453125 -0.061279296875 0.13092041015625
0.0202445983886719 -0.00274467468261719 -0.050933837890625 0.139625549316406
-0.00129508972167969 0.0266647338867188 -0.0592803955078125 0.181716918945312
-0.0209236145019531 0.0112781524658203 -0.02130126953125 0.249176025390625
0.0105266571044922 -0.00659084320068359 0.0243988037109375 0.280929565429688
0.088958740234375 -0.121337890625 -0.180099487304688 0.0842742919921875
0.0259170532226563 -0.104354858398438 -0.0260581970214844 0.00171661376953125
0.0181961059570312 -0.0766220092773438 0.0211410522460938 -0.122909545898438
-0.00394439697265625 -0.0806427001953125 -0.054656982421875 -0.196578979492188
-0.032958984375 -0.0743637084960937 -0.129119873046875 -0.175201416015625
-0.0761947631835938 -0.053741455078125 -0.203277587890625 -0.101058959960938
-0.110008239746094 -0.0172119140625 -0.194122314453125 -0.01031494140625
-0.10528564453125 -0.0146865844726562 -0.125541687011719 0.0504531860351563
-0.107452392578125 -0.0171890258789062 -0.0784988403320313 0.0963516235351563
-0.098480224609375 -0.0407943725585938 -0.0673446655273437 0.120758056640625
-0.063873291015625 -0.0663871765136719 -0.0362396240234375 0.144973754882813
-0.0290718078613281 -0.0640068054199219 -0.033447265625 0.14739990234375
-0.00513076782226563 -0.0500450134277344 -0.03485107421875 0.17864990234375
-0.00376892089843751 -0.0758514404296875 0.0087432861328125 0.229446411132812
0.0338592529296875 -0.0981216430664063 0.0546417236328125 0.259109497070313
0.127853393554688 -0.1922607421875 -0.141281127929688 0.0221099853515625
0.06610107421875 -0.183303833007813 0.0135345458984375 -0.049652099609375
0.0412750244140625 -0.1568603515625 0.04693603515625 -0.1474609375
-0.0146636962890625 -0.15386962890625 -0.0340576171875 -0.210037231445312
-0.0644683837890625 -0.1263427734375 -0.103988647460938 -0.170120239257812
-0.126487731933594 -0.0807342529296875 -0.166290283203125 -0.090484619140625
-0.1568603515625 -0.0218658447265625 -0.143600463867188 -0.010711669921875
-0.150482177734375 -0.016326904296875 -0.07391357421875 0.0424880981445313
-0.16015625 -0.0105743408203125 -0.0270309448242188 0.088623046875
-0.157211303710938 -0.040130615234375 -0.019683837890625 0.126655578613281
-0.120269775390625 -0.0883255004882813 0.00172424316406249 0.152114868164062
-0.0793914794921875 -0.108283996582031 -0.0115966796875 0.151702880859375
-0.0199127197265625 -0.120201110839844 -0.0138702392578125 0.171844482421875
0.004669189453125 -0.154937744140625 0.02557373046875 0.191024780273438
0.0500946044921875 -0.174835205078125 0.084136962890625 0.208267211914062
0.143081665039063 -0.235107421875 -0.0938034057617187 -0.0505828857421875
0.08740234375 -0.23736572265625 0.054473876953125 -0.108657836914063
0.0506134033203125 -0.217071533203125 0.070037841796875 -0.170135498046875
-0.0302581787109375 -0.207260131835938 -0.00671386718749999 -0.211349487304688
-0.092926025390625 -0.15887451171875 -0.0693817138671875 -0.156707763671875
-0.16046142578125 -0.0919342041015625 -0.110824584960938 -0.0765914916992187
-0.180007934570312 -0.0255584716796875 -0.078521728515625 -0.0130767822265625
-0.174331665039063 -0.01226806640625 -0.0118846893310547 0.0287876129150391
-0.187118530273438 -0.00360107421875001 0.0333099365234375 0.0723190307617188
-0.192169189453125 -0.0340728759765625 0.0381698608398437 0.121307373046875
-0.160598754882813 -0.0982666015625 0.0482177734375 0.149978637695313
-0.122352600097656 -0.1368408203125 0.0152130126953125 0.1529541015625
-0.035125732421875 -0.175079345703125 -4.57763671875025E-05 0.1600341796875
0.01116943359375 -0.215087890625 0.0338973999023437 0.138572692871094
0.06207275390625 -0.2274169921875 0.116806030273438 0.136337280273437
0.1348876953125 -0.238494873046875 -0.0521469116210937 -0.129013061523438
0.088958740234375 -0.251312255859375 0.080413818359375 -0.168975830078125
0.047760009765625 -0.2386474609375 0.0823516845703125 -0.1849365234375
-0.04461669921875 -0.22418212890625 0.0201263427734375 -0.20001220703125
-0.11151123046875 -0.1611328125 -0.0263519287109375 -0.136985778808594
-0.172531127929688 -0.0820159912109375 -0.0488471984863281 -0.0616989135742188
-0.178054809570313 -0.01715087890625 -0.0083141326904297 -0.0197677612304688
-0.169586181640625 -0.010986328125 0.0518150329589844 0.0110092163085938
-0.185226440429687 0.00190734863281247 0.0947647094726563 0.0519485473632813
-0.195907592773438 -0.0271453857421875 0.096435546875 0.109306335449219
-0.171661376953125 -0.100692749023437 0.092681884765625 0.141494750976563
-0.138687133789063 -0.15130615234375 0.0396728515625 0.146926879882813
-0.0361175537109375 -0.205490112304688 0.00801849365234375 0.138275146484375
0.0242767333984375 -0.241744995117188 0.0311813354492188 0.0735626220703125
0.0760040283203125 -0.238525390625 0.149139404296875 0.0545654296875
0.107925415039062 -0.206436157226563 -0.0273284912109375 -0.197998046875
0.0738525390625 -0.228759765625 0.087432861328125 -0.214218139648438
0.033294677734375 -0.219741821289063 0.0837860107421875 -0.18670654296875
-0.0554046630859375 -0.200439453125 0.04205322265625 -0.180923461914063
-0.113235473632812 -0.134841918945313 0.01611328125 -0.118324279785156
-0.156478881835938 -0.05426025390625 0.0120391845703125 -0.0566749572753906
-0.148223876953125 -0.00346374511718747 0.0543441772460937 -0.0319557189941406
-0.139564514160156 -0.00405883789062502 0.106269836425781 -0.0086212158203125
-0.154510498046875 0.00468444824218752 0.149307250976563 0.0340576171875
-0.168792724609375 -0.0243988037109375 0.148178100585938 0.100479125976562
-0.14996337890625 -0.0972442626953125 0.125900268554688 0.137245178222656
-0.120803833007812 -0.150253295898437 0.0569839477539062 0.14044189453125
-0.01483154296875 -0.203155517578125 0.008026123046875 0.112060546875
0.0430450439453125 -0.22802734375 0.0362205505371094 0.01123046875
0.0812835693359375 -0.212997436523438 0.184814453125 -0.0253143310546875
0.0683746337890625 -0.144760131835938 -0.0200042724609375 -0.252716064453125
0.0484466552734375 -0.174423217773438 0.071685791015625 -0.246292114257812
0.0147857666015625 -0.170822143554688 0.068603515625 -0.179733276367188
-0.0562744140625 -0.146804809570313 0.055694580078125 -0.159942626953125
-0.09649658203125 -0.084320068359375 0.0472335815429688 -0.104537963867188
-0.114593505859375 -0.0144805908203125 0.0612144470214844 -0.0605583190917969
-0.09423828125 0.00983428955078123 0.100013732910156 -0.0492782592773438
-0.0866928100585938 0.003662109375 0.145706176757813 -0.0260467529296875
-0.1007080078125 0.00805664062500001 0.187362670898438 0.02386474609375
-0.116600036621094 -0.0160980224609375 0.183319091796875 0.10052490234375
-0.108650207519531 -0.078887939453125 0.148040771484375 0.138442993164062
-0.0850982666015625 -0.125732421875 0.0692291259765625 0.137458801269531
0.011077880859375 -0.165130615234375 0.010589599609375 0.0922927856445312
0.0554656982421875 -0.175033569335938 0.0463409423828125 -0.0350494384765625
0.0755462646484375 -0.150390625 0.218353271484375 -0.0825042724609375
0.0278129577636719 -0.0585136413574219 -0.035797119140625 -0.282806396484375
0.0229415893554688 -0.100196838378906 0.0387115478515625 -0.259002685546875
-0.00244140625 -0.100028991699219 0.050018310546875 -0.170150756835938
-0.0461654663085937 -0.0740585327148438 0.0624542236328125 -0.143386840820313
-0.0639419555664062 -0.0229949951171875 0.0639266967773438 -0.104515075683594
-0.0528144836425781 0.0226402282714844 0.0868606567382812 -0.0744857788085938
-0.0249118804931641 0.0199527740478516 0.1224365234375 -0.0698623657226563
-0.0209827423095703 0.00938987731933594 0.161163330078125 -0.0411529541015625
-0.0326404571533203 0.0131206512451172 0.205703735351563 0.0219879150390625
-0.0501937866210937 0.00193023681640624 0.200088500976563 0.106246948242188
-0.0562171936035156 -0.0404319763183594 0.156158447265625 0.148651123046875
-0.0429916381835938 -0.0770111083984375 0.0751190185546875 0.142486572265625
0.023284912109375 -0.100616455078125 0.0118484497070312 0.0859375
0.0457916259765625 -0.0924072265625 0.0597801208496094 -0.0565147399902344
0.04888916015625 -0.0636405944824219 0.2437744140625 -0.115158081054688
0.0409278869628906 -0.0342826843261719 -0.179946899414063 0.123672485351562
-0.0100383758544922 -0.0121822357177734 -0.0382194519042969 0.0358963012695312
0.00119876861572266 0.00677824020385742 -0.0016632080078125 -0.100265502929688
0.00759267807006836 -0.00634527206420898 -0.0777130126953125 -0.1663818359375
-0.00313377380371094 -0.0170068740844727 -0.151290893554688 -0.14703369140625
-0.0235271453857422 -0.0192546844482422 -0.2188720703125 -0.0750732421875
-0.0504608154296875 -0.0020751953125 -0.2060546875 0.00912475585937504
-0.0475196838378906 -0.00648498535156249 -0.1402587890625 0.060302734375
-0.0440864562988281 -0.0159225463867187 -0.0933074951171875 0.0969390869140625
-0.0304927825927734 -0.0294704437255859 -0.0782699584960938 0.112724304199219
-0.00556373596191406 -0.02886962890625 -0.0449066162109375 0.133392333984375
0.019378662109375 -0.00885963439941406 -0.0370254516601562 0.140045166015625
0.00605392456054688 0.0242786407470703 -0.0434722900390625 0.179000854492188
-0.0124988555908203 0.0130386352539063 0.00080871582031249 0.234115600585938
0.0160942077636719 -0.00810813903808594 0.052642822265625 0.259963989257813
0.0777435302734375 -0.123115539550781 -0.160614013671875 0.0894622802734375
0.0160446166992187 -0.102577209472656 -0.019989013671875 -0.00158119201660157
0.0113601684570313 -0.0769119262695313 0.0121994018554688 -0.122047424316406
-0.0120697021484375 -0.0771713256835938 -0.0668792724609375 -0.182693481445313
-0.0399017333984375 -0.0681877136230469 -0.134674072265625 -0.153411865234375
-0.080108642578125 -0.0448074340820312 -0.1954345703125 -0.0774688720703125
-0.108428955078125 -0.006072998046875 -0.178390502929688 0.00662231445312498
-0.104843139648438 -0.00382995605468749 -0.108245849609375 0.0573196411132812
-0.107406616210938 -0.00784301757812498 -0.0586090087890625 0.098236083984375
-0.0985260009765625 -0.0324325561523437 -0.0474319458007813 0.123817443847656
-0.0657768249511719 -0.0598945617675781 -0.0187530517578125 0.14495849609375
-0.0306243896484375 -0.0615768432617188 -0.0186767578125 0.145919799804688
-0.00355911254882812 -0.0472488403320313 -0.0191192626953125 0.173675537109375
-0.00474166870117187 -0.0686912536621094 0.028778076171875 0.213653564453125
0.0284881591796875 -0.0936813354492188 0.0811004638671875 0.237274169921875
0.10577392578125 -0.192230224609375 -0.127876281738281 0.0284194946289063
0.0446319580078125 -0.1778564453125 0.0134010314941406 -0.0534095764160156
0.024169921875 -0.153717041015625 0.0359954833984375 -0.147506713867188
-0.02880859375 -0.143844604492188 -0.0467376708984375 -0.19677734375
-0.07427978515625 -0.112060546875 -0.110198974609375 -0.151657104492188
-0.127967834472656 -0.064453125 -0.15771484375 -0.071502685546875
-0.15185546875 -0.00588989257812502 -0.130790710449219 0.00142669677734374
-0.144638061523438 -0.00033569335937498 -0.0598945617675781 0.0448112487792969
-0.15313720703125 0.0044403076171875 -0.00959014892578126 0.0864944458007813
-0.151382446289063 -0.02496337890625 -0.00092315673828126 0.124824523925781
-0.119987487792969 -0.0742874145507813 0.0195770263671875 0.14739990234375
-0.0833053588867188 -0.0965652465820312 0.0042877197265625 0.148773193359375
-0.0252609252929688 -0.111343383789063 0.00164794921875002 0.165664672851563
-0.0057525634765625 -0.143508911132813 0.04266357421875 0.176284790039063
0.034576416015625 -0.166259765625 0.10528564453125 0.186782836914062
0.114273071289062 -0.232666015625 -0.0897979736328125 -0.042388916015625
0.0590362548828125 -0.227035522460938 0.0478515625 -0.111968994140625
0.0290679931640625 -0.209136962890625 0.05780029296875 -0.1712646484375
-0.0480499267578125 -0.190902709960938 -0.020721435546875 -0.20166015625
-0.102951049804688 -0.139129638671875 -0.0745849609375 -0.14349365234375
-0.158218383789063 -0.0714874267578125 -0.104019165039063 -0.0641250610351563
-0.171051025390625 -0.00592041015625001 -0.0695571899414063 -0.00802993774414062
-0.1641845703125 0.0055389404296875 -0.0036296844482422 0.0263729095458984
-0.175262451171875 0.01312255859375 0.0457725524902344 0.0655326843261719
-0.181777954101563 -0.0139312744140625 0.0532684326171875 0.114242553710938
-0.158035278320313 -0.076507568359375 0.0644989013671875 0.140838623046875
-0.125625610351563 -0.117042541503906 0.0304412841796875 0.146926879882812
-0.0452117919921875 -0.160430908203125 0.0144500732421875 0.1524658203125
-0.00743103027343752 -0.198928833007812 0.0468978881835938 0.126182556152344
0.0390167236328125 -0.215545654296875 0.1307373046875 0.117218017578125
0.10357666015625 -0.233917236328125 -0.0576248168945313 -0.11822509765625
0.05792236328125 -0.239212036132813 0.0663909912109375 -0.168319702148438
0.023406982421875 -0.227508544921875 0.0684967041015625 -0.186965942382813
-0.0620269775390625 -0.203903198242188 0.00595092773437501 -0.194412231445312
-0.118217468261719 -0.138778686523438 -0.0324783325195312 -0.130058288574219
-0.1663818359375 -0.0599365234375 -0.044403076171875 -0.0576896667480469
-0.165725708007813 0.000732421874999987 -0.0055828094482422 -0.0203819274902344
-0.156631469726563 0.00746154785156248 0.0529670715332031 0.0040283203125
-0.169509887695313 0.018707275390625 0.100700378417969 0.0408782958984375
-0.18194580078125 -0.00622558593749999 0.10687255859375 0.0968017578125
-0.168121337890625 -0.07550048828125 0.104598999023437 0.128280639648438
-0.142959594726562 -0.12713623046875 0.0541610717773437 0.1387939453125
-0.0515594482421875 -0.188217163085938 0.0212554931640625 0.131706237792969
-0.00016784667968751 -0.224884033203125 0.039306640625 0.0666961669921875
0.048828125 -0.226837158203125 0.15277099609375 0.039794921875
0.07855224609375 -0.200759887695312 -0.0415802001953125 -0.183639526367188
0.04412841796875 -0.215408325195313 0.068206787109375 -0.209930419921875
0.011322021484375 -0.208099365234375 0.068878173828125 -0.186691284179688
-0.0699005126953125 -0.17987060546875 0.0273590087890625 -0.178436279296875
-0.11822509765625 -0.111221313476563 0.00763702392578126 -0.115852355957031
-0.147018432617187 -0.0347137451171875 0.0111579895019531 -0.0572547912597656
-0.134468078613281 0.011474609375 0.0506095886230469 -0.0368995666503906
-0.125946044921875 0.0104751586914063 0.101051330566406 -0.0183258056640625
-0.138748168945313 0.0189895629882813 0.148788452148438 0.0191650390625
-0.154190063476563 -0.004302978515625 0.153167724609375 0.0823516845703125
-0.14739990234375 -0.0725555419921875 0.135284423828125 0.119880676269531
-0.12664794921875 -0.125419616699219 0.06854248046875 0.130035400390625
-0.032501220703125 -0.185516357421875 0.0185470581054687 0.106819152832031
0.0173187255859375 -0.214080810546875 0.0376319885253906 0.00852584838867186
0.05322265625 -0.203857421875 0.1790771484375 -0.0372772216796875
0.0443572998046875 -0.139572143554688 -0.0413970947265625 -0.232391357421875
0.025146484375 -0.163864135742187 0.048919677734375 -0.236984252929688
-0.00363159179687502 -0.159194946289062 0.0558013916015625 -0.179611206054688
-0.0666046142578125 -0.128486633300781 0.042877197265625 -0.158645629882813
-0.09747314453125 -0.064605712890625 0.0376052856445312 -0.106620788574219
-0.102546691894531 -0.000366210937500016 0.054046630859375 -0.0659637451171875
-0.0817337036132812 0.0195999145507812 0.0894927978515625 -0.0577392578125
-0.0755386352539063 0.0126953125 0.133506774902344 -0.0376358032226563
-0.0866012573242187 0.016845703125 0.180938720703125 0.0066680908203125
-0.103141784667969 -0.00128936767578125 0.183135986328125 0.079681396484375
-0.105560302734375 -0.057464599609375 0.154281616210937 0.1195068359375
-0.0906143188476562 -0.105567932128906 0.078857421875 0.125137329101563
-0.00672912597656249 -0.152618408203125 0.018463134765625 0.0882797241210937
0.0313262939453125 -0.164443969726563 0.0423393249511719 -0.0357475280761719
0.0511932373046875 -0.144271850585938 0.203536987304687 -0.092803955078125
0.0140304565429688 -0.0563735961914063 -0.060516357421875 -0.259185791015625
0.00753021240234376 -0.0933685302734375 0.0160675048828125 -0.244171142578125
-0.0153427124023438 -0.0916213989257813 0.0369110107421875 -0.166946411132812
-0.0528526306152344 -0.0611038208007812 0.048858642578125 -0.145172119140625
-0.0615921020507812 -0.0108871459960937 0.0503921508789063 -0.108650207519531
-0.0406265258789063 0.0300216674804687 0.0743331909179688 -0.0829925537109375
-0.0155487060546875 0.0225563049316406 0.105239868164063 -0.0783538818359375
-0.0141363143920898 0.0123167037963867 0.144577026367188 -0.0523681640625
-0.0223045349121094 0.0154514312744141 0.195144653320313 0.002838134765625
-0.0405960083007813 0.00919342041015625 0.197341918945313 0.0845184326171875
-0.0541038513183594 -0.02752685546875 0.160781860351563 0.127304077148438
-0.0469017028808594 -0.0636329650878906 0.0841522216796875 0.128715515136719
0.0102691650390625 -0.0927658081054688 0.0181503295898438 0.0831985473632813
0.0301895141601563 -0.0863723754882813 0.0491943359375 -0.0537528991699219
0.0340156555175781 -0.0611991882324219 0.22125244140625 -0.125259399414063
0.0429306030273438 -0.038543701171875 -0.164169311523438 0.121841430664063
-0.00829792022705078 -0.0153636932373047 -0.0321521759033203 0.0303688049316406
0.00176763534545898 0.000664949417114258 -0.00617980957031249 -0.100143432617188
0.00501537322998047 -0.0102987289428711 -0.082427978515625 -0.1546630859375
-0.00716590881347656 -0.0187435150146484 -0.150466918945313 -0.13037109375
-0.0294303894042969 -0.0174903869628906 -0.210296630859375 -0.0576934814453125
-0.05389404296875 0.00181961059570312 -0.191574096679688 0.0201263427734375
-0.0517921447753906 -0.00202560424804687 -0.125198364257813 0.0635910034179687
-0.0491981506347656 -0.0134506225585938 -0.0771713256835938 0.097259521484375
-0.0355911254882813 -0.0291633605957031 -0.0635604858398438 0.114479064941406
-0.00829696655273437 -0.0318984985351563 -0.0330581665039062 0.133499145507813
0.0186042785644531 -0.0147819519042969 -0.0278244018554688 0.138313293457031
0.0125102996826172 0.0202121734619141 -0.0337066650390625 0.175323486328125
-0.00397109985351563 0.0132064819335937 0.0131988525390625 0.220611572265625
0.0217151641845703 -0.00981330871582031 0.0682830810546875 0.239395141601563
0.0703353881835937 -0.12335205078125 -0.146728515625 0.0879364013671875
0.0108489990234375 -0.100662231445313 -0.015599250793457 -0.00640583038330079
0.006195068359375 -0.0772857666015625 0.00721740722656249 -0.12213134765625
-0.01812744140625 -0.07537841796875 -0.0718841552734375 -0.172348022460938
-0.0445632934570312 -0.0629997253417969 -0.133598327636719 -0.137260437011719
-0.08251953125 -0.0382080078125 -0.185211181640625 -0.062774658203125
-0.107063293457031 0.00244140625 -0.16302490234375 0.014739990234375
-0.103034973144531 0.00436401367187502 -0.0939559936523438 0.058258056640625
-0.107276916503906 -0.00147247314453126 -0.042449951171875 0.0963363647460938
-0.098876953125 -0.027679443359375 -0.0315628051757813 0.122970581054688
-0.0662384033203125 -0.056884765625 -0.00505065917968751 0.142379760742188
-0.0310249328613281 -0.0607337951660156 -0.00877380371093749 0.14404296875
0.000152587890624996 -0.046875 -0.0091552734375 0.167221069335938
-0.00189590454101562 -0.06402587890625 0.0401153564453125 0.198638916015625
0.0272674560546875 -0.0895919799804688 0.0967864990234375 0.217254638671875
0.091156005859375 -0.187789916992188 -0.117683410644531 0.0290298461914062
0.0316162109375 -0.1705322265625 0.0143585205078125 -0.0577888488769531
0.013946533203125 -0.14923095703125 0.0296783447265625 -0.148681640625
-0.0374832153320313 -0.135581970214844 -0.052581787109375 -0.187637329101563
-0.079132080078125 -0.101097106933594 -0.108749389648438 -0.13946533203125
-0.126693725585938 -0.0524368286132812 -0.147109985351563 -0.06060791015625
-0.145523071289063 0.00450134277343752 -0.116889953613281 0.00641632080078123
-0.138458251953125 0.00976562500000001 -0.0488777160644531 0.04339599609375
-0.147079467773438 0.012847900390625 0.00410461425781249 0.0813064575195313
-0.146087646484375 -0.01641845703125 0.0142288208007813 0.120536804199219
-0.117889404296875 -0.0647735595703125 0.0329132080078125 0.143295288085938
-0.0827789306640625 -0.08868408203125 0.0153961181640625 0.145156860351563
-0.02557373046875 -0.104652404785156 0.011016845703125 0.159317016601562
-0.00868988037109374 -0.133697509765625 0.0531005859375 0.163253784179688
0.02789306640625 -0.157608032226562 0.118255615234375 0.169158935546875
0.094482421875 -0.224411010742188 -0.0846939086914063 -0.0388946533203125
0.0412750244140625 -0.215652465820313 0.0441436767578125 -0.113502502441406
0.01434326171875 -0.200424194335938 0.05120849609375 -0.172744750976563
-0.0579681396484375 -0.175949096679688 -0.027923583984375 -0.194381713867187
-0.106216430664062 -0.124000549316406 -0.07452392578125 -0.134834289550781
-0.152450561523438 -0.057403564453125 -0.0959243774414063 -0.057891845703125
-0.160812377929688 0.00555419921874998 -0.0602035522460938 -0.00659179687500001
-0.153717041015625 0.0161895751953125 0.00351142883300781 0.0224609375
-0.163558959960937 0.02288818359375 0.0556716918945312 0.0583381652832031
-0.170547485351563 -0.00219726562499997 0.0646743774414062 0.107345581054687
-0.152969360351563 -0.0638427734375 0.0756607055664062 0.133628845214844
-0.124542236328125 -0.103706359863281 0.0412750244140625 0.141021728515625
-0.0486907958984375 -0.148239135742188 0.0237274169921875 0.145538330078125
-0.0159912109375 -0.185226440429688 0.0546646118164063 0.114654541015625
0.0267333984375 -0.202163696289062 0.139549255371094 0.101760864257812
0.08270263671875 -0.224472045898438 -0.0582199096679687 -0.110252380371094
0.038177490234375 -0.224136352539062 0.0593719482421875 -0.166610717773438
0.00871276855468751 -0.215744018554688 0.0609283447265625 -0.187896728515625
-0.0711517333984375 -0.186447143554687 -0.00123596191406252 -0.189498901367188
-0.119560241699219 -0.121177673339844 -0.0343093872070313 -0.124610900878906
-0.157089233398438 -0.04541015625 -0.0394554138183594 -0.0562667846679687
-0.15362548828125 0.011505126953125 -0.0014476776123047 -0.0223388671875
-0.144927978515625 0.0171051025390625 0.0545768737792969 -0.00118255615234375
-0.15545654296875 0.0278472900390625 0.105293273925781 0.0320358276367188
-0.168411254882813 0.00712585449218753 0.114471435546875 0.087738037109375
-0.161529541015625 -0.059326171875 0.112922668457031 0.119308471679688
-0.140914916992188 -0.109146118164063 0.0630645751953125 0.131980895996094
-0.0585174560546875 -0.172195434570313 0.0291366577148437 0.126296997070313
-0.0135498046875 -0.209060668945313 0.044830322265625 0.0598945617675781
0.0328826904296875 -0.21331787109375 0.156143188476563 0.0290985107421875
0.0580902099609375 -0.1905517578125 -0.0476837158203125 -0.171218872070313
0.0255889892578125 -0.199798583984375 0.057708740234375 -0.204010009765625
-0.00183105468749998 -0.195785522460938 0.0618133544921875 -0.187362670898438
-0.07672119140625 -0.162399291992188 0.0203704833984375 -0.17572021484375
-0.115859985351562 -0.0941390991210938 0.0030517578125 -0.114784240722656
-0.134933471679687 -0.0225296020507812 0.0113563537597656 -0.0602531433105469
-0.120460510253906 0.0198822021484375 0.0486679077148437 -0.0412025451660156
-0.113395690917969 0.0184097290039063 0.0969924926757812 -0.025299072265625
-0.12445068359375 0.0267715454101563 0.147735595703125 0.00885009765625
-0.14007568359375 0.00791931152343752 0.155197143554687 0.071380615234375
-0.139915466308594 -0.0553359985351562 0.139617919921875 0.10858154296875
-0.125587463378906 -0.106422424316406 0.0756912231445313 0.121849060058594
-0.0427093505859375 -0.17041015625 0.0253524780273438 0.102470397949219
0.000320434570312517 -0.1983642578125 0.0390434265136719 0.00625991821289061
0.03515625 -0.190872192382813 0.174606323242187 -0.0438385009765625
0.0287246704101563 -0.131141662597656 -0.05230712890625 -0.215606689453125
0.0100555419921875 -0.150192260742188 0.037567138671875 -0.22552490234375
-0.0140380859375 -0.148574829101563 0.04840087890625 -0.177566528320313
-0.0716781616210938 -0.112281799316406 0.034149169921875 -0.157333374023438
-0.0935134887695313 -0.0501708984375 0.0299911499023438 -0.108100891113281
-0.0903701782226563 0.00821685791015623 0.0487518310546875 -0.0715408325195313
-0.0689582824707031 0.0241127014160156 0.0813674926757813 -0.0615997314453125
-0.0644111633300781 0.016754150390625 0.124298095703125 -0.0433578491210938
-0.073822021484375 0.0200347900390625 0.173797607421875 -0.00469970703125
-0.0902175903320313 0.00733947753906249 0.18109130859375 0.06610107421875
-0.0986862182617188 -0.0429534912109375 0.156753540039063 0.106124877929688
-0.0904159545898438 -0.0887069702148438 0.0844955444335938 0.116447448730469
-0.0164566040039063 -0.139801025390625 0.0234832763671875 0.0854415893554687
0.0158538818359375 -0.15191650390625 0.0390434265136719 -0.0346946716308594
0.03533935546875 -0.134475708007813 0.193252563476563 -0.0967254638671875
0.00415802001953126 -0.0517387390136719 -0.073638916015625 -0.238021850585938
-0.003265380859375 -0.0844650268554688 0.0055389404296875 -0.229934692382812
-0.0234146118164063 -0.0836944580078125 0.0312042236328125 -0.164581298828125
-0.0556678771972656 -0.0490188598632813 0.040374755859375 -0.14532470703125
-0.0566673278808594 -0.00054931640625001 0.041229248046875 -0.109992980957031
-0.0295162200927734 0.0334396362304688 0.06329345703125 -0.0878753662109375
-0.00637245178222656 0.0228309631347656 0.0914077758789063 -0.08074951171875
-0.00634193420410157 0.0128641128540039 0.131217956542969 -0.0565872192382813
-0.0123996734619141 0.0154132843017578 0.18499755859375 -0.00726318359375
-0.0306930541992188 0.0134429931640625 0.193023681640625 0.0700836181640625
-0.048126220703125 -0.0177154541015625 0.16070556640625 0.112838745117188
-0.0467605590820313 -0.0523147583007813 0.0878524780273438 0.1199951171875
0.00257110595703124 -0.0837631225585938 0.0217056274414062 0.0804672241210938
0.0186614990234375 -0.0772323608398438 0.043731689453125 -0.0502471923828125
0.0220069885253906 -0.056304931640625 0.205398559570313 -0.127273559570313
0.0461158752441406 -0.0439796447753906 -0.155929565429687 0.120086669921875
-0.00676727294921875 -0.0202445983886719 -0.0290412902832031 0.0242404937744141
0.00165843963623047 -0.00454330444335938 -0.00989532470703126 -0.101631164550781
0.00183010101318359 -0.0144872665405273 -0.0872955322265625 -0.148895263671875
-0.0116939544677734 -0.0198554992675781 -0.150436401367187 -0.119644165039063
-0.0361824035644531 -0.0158843994140625 -0.20361328125 -0.046356201171875
-0.0578079223632813 0.00638961791992187 -0.180816650390625 0.0269012451171875
-0.0560111999511719 0.00218582153320313 -0.114784240722656 0.0657958984375
-0.0561981201171875 -0.0104789733886719 -0.064910888671875 0.0972366333007812
-0.0420570373535156 -0.0292587280273438 -0.0510406494140625 0.117317199707031
-0.0120277404785156 -0.0357208251953125 -0.02337646484375 0.134788513183594
0.0173587799072266 -0.0215721130371094 -0.0214614868164063 0.139923095703125
0.0191745758056641 0.0147609710693359 -0.0264739990234375 0.174819946289063
0.00463199615478516 0.0111446380615234 0.019287109375 0.21173095703125
0.0283069610595703 -0.0126209259033203 0.0799713134765625 0.224594116210938
0.0673141479492188 -0.125869750976563 -0.137901306152344 0.0858383178710938
0.00685119628906249 -0.101264953613281 -0.0126705169677734 -0.0128269195556641
0.00199127197265625 -0.0797882080078125 0.00365447998046874 -0.125686645507813
-0.02349853515625 -0.074676513671875 -0.075897216796875 -0.1669921875
-0.04901123046875 -0.059722900390625 -0.132415771484375 -0.128875732421875
-0.0867919921875 -0.032470703125 -0.17706298828125 -0.0535430908203125
-0.107803344726563 0.00955963134765624 -0.15203857421875 0.0192413330078125
-0.103370666503906 0.0115509033203125 -0.0829544067382813 0.0579376220703125
-0.109619140625 0.00394439697265625 -0.0290985107421875 0.09295654296875
-0.101593017578125 -0.0245132446289063 -0.017822265625 0.123214721679688
-0.068603515625 -0.0561676025390625 0.0068511962890625 0.1422119140625
-0.0322113037109375 -0.06280517578125 -9.15527343750016E-05 0.144210815429688
0.00398635864257812 -0.0483741760253906 -0.00218200683593749 0.166091918945313
0.00310134887695313 -0.0620880126953125 0.0475921630859375 0.188400268554688
0.0295562744140625 -0.0880584716796875 0.109146118164063 0.201095581054688
0.082916259765625 -0.18603515625 -0.110496520996094 0.0277862548828125
0.023040771484375 -0.166778564453125 0.0154457092285156 -0.0632438659667969
0.00637817382812499 -0.147720336914063 0.0258636474609375 -0.153091430664063
-0.0445785522460938 -0.129890441894531 -0.057037353515625 -0.183990478515625
-0.0832290649414063 -0.0932083129882813 -0.107521057128906 -0.132896423339844
-0.127433776855469 -0.044158935546875 -0.1395263671875 -0.0561599731445313
-0.142181396484375 0.0131683349609375 -0.107887268066406 0.00738525390624998
-0.134910583496094 0.01690673828125 -0.0383110046386719 0.0410423278808594
-0.144195556640625 0.019378662109375 0.0164260864257812 0.07598876953125
-0.142990112304688 -0.00965881347656253 0.0278396606445313 0.118110656738281
-0.116729736328125 -0.060394287109375 0.0454254150390625 0.14068603515625
-0.083251953125 -0.0856704711914063 0.025054931640625 0.145034790039062
-0.0238571166992187 -0.101905822753906 0.018646240234375 0.1563720703125
-0.00867462158203124 -0.127769470214844 0.060028076171875 0.152923583984375
0.025299072265625 -0.151443481445313 0.130966186523438 0.154006958007813
0.082183837890625 -0.219650268554687 -0.081207275390625 -0.0389175415039063
0.029632568359375 -0.207260131835938 0.0429763793945313 -0.118461608886719
0.00430297851562502 -0.195877075195313 0.045745849609375 -0.177642822265625
-0.0645294189453125 -0.167282104492188 -0.0322265625 -0.1925048828125
-0.108856201171875 -0.112586975097656 -0.0742645263671875 -0.130844116210938
-0.149810791015625 -0.047882080078125 -0.0886306762695313 -0.057220458984375
-0.154541015625 0.0135345458984375 -0.0525016784667969 -0.00832366943359374
-0.146926879882813 0.024139404296875 0.0106887817382812 0.0180168151855469
-0.156097412109375 0.0297393798828125 0.0652656555175781 0.0515632629394531
-0.163955688476562 0.00601196289062497 0.0772171020507813 0.102333068847656
-0.149246215820313 -0.0544281005859375 0.0872879028320313 0.129013061523438
-0.123756408691406 -0.095001220703125 0.0512237548828125 0.139556884765625
-0.05029296875 -0.141799926757813 0.0314178466796875 0.142166137695313
-0.0211181640625 -0.175613403320313 0.06195068359375 0.106391906738281
0.019622802734375 -0.193588256835938 0.149581909179687 0.0899200439453125
0.0679779052734375 -0.216049194335938 -0.057708740234375 -0.106651306152344
0.02630615234375 -0.213333129882812 0.0561676025390625 -0.168487548828125
-0.00117492675781251 -0.2080078125 0.0562286376953125 -0.193084716796875
-0.077056884765625 -0.174026489257813 -0.00553894042968749 -0.189605712890625
-0.118881225585937 -0.108146667480469 -0.034912109375 -0.123710632324219
-0.150665283203125 -0.0357208251953125 -0.0349769592285156 -0.0590782165527344
-0.1434326171875 0.0186767578125 0.00188446044921874 -0.0256519317626953
-0.1348876953125 0.024078369140625 0.0580558776855469 -0.0068359375
-0.145339965820313 0.0339202880859375 0.111907958984375 0.02374267578125
-0.157974243164063 0.0147552490234375 0.123176574707031 0.0802688598632813
-0.15496826171875 -0.0477447509765625 0.122734069824219 0.112648010253906
-0.139930725097656 -0.0961990356445313 0.0725173950195312 0.128013610839844
-0.0626983642578125 -0.161895751953125 0.0374221801757813 0.122932434082031
-0.0228118896484375 -0.197845458984375 0.0502204895019531 0.0547904968261719
0.021484375 -0.202972412109375 0.162322998046875 0.0196685791015625
0.0440216064453125 -0.182708740234375 -0.050262451171875 -0.163314819335938
0.0137481689453125 -0.188385009765625 0.05322265625 -0.203018188476562
-0.0120697021484375 -0.1878662109375 0.0576019287109375 -0.190200805664063
-0.0804290771484375 -0.148696899414063 0.0152435302734375 -0.177169799804688
-0.113029479980469 -0.0804214477539062 0.000946044921874989 -0.116409301757813
-0.1256103515625 -0.0138626098632812 0.0115165710449219 -0.0640716552734375
-0.1094970703125 0.0244674682617188 0.0474777221679687 -0.0450553894042969
-0.102737426757813 0.0226669311523438 0.0957183837890625 -0.0307159423828125
-0.11236572265625 0.0306854248046875 0.148727416992188 0.000473022460937502
-0.128082275390625 0.015380859375 0.160629272460938 0.0622711181640625
-0.13336181640625 -0.0428695678710937 0.147308349609375 0.100189208984375
-0.124862670898438 -0.0927276611328125 0.0838623046875 0.11798095703125
-0.0489501953125 -0.1590576171875 0.0320587158203125 0.100364685058594
-0.011383056640625 -0.1865234375 0.0413017272949219 0.00393295288085936
0.0227508544921875 -0.180755615234375 0.176681518554688 -0.0498504638671875
0.0167007446289062 -0.122123718261719 -0.05841064453125 -0.204132080078125
-0.00109100341796875 -0.139183044433594 0.0321502685546875 -0.22088623046875
-0.0223312377929688 -0.139915466308594 0.044647216796875 -0.180694580078125
-0.0738449096679688 -0.100242614746094 0.029022216796875 -0.160430908203125
-0.0891876220703125 -0.0384979248046875 0.0255889892578125 -0.111137390136719
-0.0792007446289063 0.01300048828125 0.0448074340820312 -0.0761260986328125
-0.0572967529296875 0.0262527465820312 0.0756378173828125 -0.0646591186523438
-0.0544853210449219 0.0185317993164062 0.118904113769531 -0.0485000610351562
-0.062774658203125 0.0216293334960937 0.172943115234375 -0.0139312744140625
-0.0787277221679688 0.0130615234375 0.18328857421875 0.0571746826171875
-0.0915985107421875 -0.0319595336914063 0.161117553710937 0.0968017578125
-0.0895614624023438 -0.0756759643554687 0.0900726318359375 0.111923217773438
-0.023651123046875 -0.128677368164063 0.0283203125 0.0844650268554687
0.00444793701171874 -0.1405029296875 0.0385360717773438 -0.03338623046875
0.0230941772460938 -0.12677001953125 0.189498901367188 -0.100067138671875
-0.00453948974609375 -0.0464706420898438 -0.080718994140625 -0.2220458984375
-0.012115478515625 -0.0762863159179688 -0.00115966796874999 -0.222518920898438
-0.0304412841796875 -0.0770111083984375 0.0272064208984375 -0.165451049804688
-0.0569305419921875 -0.0391578674316406 0.0340576171875 -0.147964477539063
-0.05181884765625 0.00914764404296875 0.0327072143554688 -0.112991333007812
-0.0186691284179688 0.0356559753417969 0.0547332763671875 -0.0921783447265625
0.00382804870605469 0.0215702056884766 0.081512451171875 -0.0823516845703125
0.00150299072265625 0.0119667053222656 0.122764587402344 -0.0594558715820313
-0.00380611419677734 0.0136299133300781 0.179428100585938 -0.01568603515625
-0.0203495025634766 0.0151615142822266 0.191680908203125 0.061279296875
-0.0418014526367188 -0.0102386474609375 0.163482666015625 0.103363037109375
-0.0456428527832031 -0.04241943359375 0.0926055908203125 0.114295959472656
-0.00241851806640625 -0.0750045776367188 0.0252532958984375 0.080902099609375
0.0109062194824219 -0.0690460205078125 0.0406532287597656 -0.0469284057617188
0.0136299133300781 -0.0498924255371094 0.197891235351562 -0.128494262695312
0.0495262145996094 -0.0524826049804688 -0.1512451171875 0.122482299804688
-0.00631904602050782 -0.025726318359375 -0.0275783538818359 0.0190067291259766
4.76837158203119E-05 -0.0110912322998047 -0.01593017578125 -0.105415344238281
-0.00340080261230469 -0.0187053680419922 -0.095001220703125 -0.144973754882812
-0.0177421569824219 -0.0211715698242187 -0.154159545898438 -0.110519409179688
-0.0442047119140625 -0.0121078491210938 -0.200881958007813 -0.03460693359375
-0.0626716613769531 0.0134506225585938 -0.174026489257812 0.0352630615234375
-0.0612640380859375 0.00867462158203126 -0.105484008789062 0.0690231323242188
-0.0644721984863281 -0.00506591796875 -0.05328369140625 0.09759521484375
-0.0505714416503906 -0.0288734436035156 -0.0390396118164063 0.120597839355469
-0.01763916015625 -0.0401687622070313 -0.01104736328125 0.138801574707031
0.0148239135742187 -0.0292015075683594 -0.012298583984375 0.14422607421875
0.0260543823242188 0.00850868225097656 -0.0178375244140625 0.17828369140625
0.0141372680664062 0.00683879852294922 0.0280303955078125 0.207077026367188
0.0352363586425781 -0.0172653198242188 0.0940704345703125 0.2125244140625
0.0646209716796875 -0.131889343261719 -0.132728576660156 0.086029052734375
0.0016632080078125 -0.104522705078125 -0.012115478515625 -0.0197544097900391
-0.00440216064453126 -0.0837554931640625 -0.00305175781250001 -0.131095886230469
-0.0308303833007813 -0.0750503540039062 -0.0836334228515625 -0.164627075195313
-0.0559616088867188 -0.0568695068359375 -0.135032653808594 -0.122154235839844
-0.093231201171875 -0.025848388671875 -0.173370361328125 -0.0462188720703125
-0.109970092773437 0.0184249877929688 -0.144515991210937 0.0238189697265625
-0.105926513671875 0.0196914672851563 -0.0729522705078125 0.0578155517578125
-0.114013671875 0.01165771484375 -0.01641845703125 0.0904312133789063
-0.106658935546875 -0.0203018188476563 -0.002655029296875 0.123916625976563
-0.0729904174804688 -0.05670166015625 0.021148681640625 0.143692016601563
-0.0348396301269531 -0.0662307739257813 0.0111846923828125 0.147506713867188
0.00828170776367188 -0.0526084899902344 0.00750732421874998 0.167236328125
0.00847625732421875 -0.0637435913085938 0.056488037109375 0.181716918945313
0.0321273803710938 -0.0903472900390625 0.124526977539063 0.186874389648438
0.0741424560546875 -0.18975830078125 -0.106704711914063 0.0265045166015625
0.0135040283203125 -0.166946411132813 0.0146865844726563 -0.0723342895507813
-0.00421142578125 -0.149581909179688 0.0186920166015625 -0.161270141601563
-0.052947998046875 -0.126419067382813 -0.0644073486328125 -0.184341430664063
-0.0893402099609375 -0.0868377685546875 -0.110031127929687 -0.129043579101563
-0.130729675292969 -0.035400390625 -0.134757995605469 -0.05230712890625
-0.1407470703125 0.023223876953125 -0.100250244140625 0.0081787109375
-0.133270263671875 0.0269088745117188 -0.0295982360839844 0.0375442504882813
-0.14398193359375 0.028472900390625 0.0294914245605469 0.07025146484375
-0.14404296875 -0.00302124023437499 0.04400634765625 0.115570068359375
-0.119804382324219 -0.0564956665039063 0.0614013671875 0.139381408691406
-0.085693359375 -0.0842742919921875 0.0382080078125 0.145950317382812
-0.0234146118164063 -0.102104187011719 0.028656005859375 0.156143188476563
-0.008148193359375 -0.126007080078125 0.0699462890625 0.145339965820313
0.0227508544921875 -0.1502685546875 0.14544677734375 0.139572143554688
0.0704345703125 -0.218887329101563 -0.0792312622070313 -0.0395965576171875
0.0179290771484375 -0.203598022460938 0.0403976440429687 -0.127311706542969
-0.00753784179687502 -0.193740844726563 0.038787841796875 -0.187301635742188
-0.073577880859375 -0.160415649414063 -0.0395050048828125 -0.195419311523438
-0.113250732421875 -0.102523803710938 -0.0765838623046875 -0.130203247070313
-0.149765014648438 -0.037567138671875 -0.0852890014648438 -0.0584030151367188
-0.149932861328125 0.0233612060546875 -0.0478401184082031 -0.0112876892089844
-0.141677856445313 0.0328826904296875 0.0175085067749023 0.0122585296630859
-0.152740478515625 0.0384368896484375 0.0769195556640625 0.0422592163085938
-0.159637451171875 0.0144195556640625 0.092803955078125 0.09619140625
-0.1485595703125 -0.0467376708984375 0.103225708007813 0.12445068359375
-0.1253662109375 -0.0883865356445313 0.065093994140625 0.138198852539062
-0.053314208984375 -0.137420654296875 0.041717529296875 0.14117431640625
-0.026214599609375 -0.170639038085938 0.070098876953125 0.0994186401367187
0.0127105712890625 -0.18951416015625 0.1624755859375 0.0760955810546875
0.053924560546875 -0.21258544921875 -0.0591659545898437 -0.105613708496094
0.0127410888671875 -0.205795288085938 0.0519256591796875 -0.175872802734375
-0.013458251953125 -0.20355224609375 0.048583984375 -0.202789306640625
-0.084716796875 -0.164154052734375 -0.0128631591796875 -0.194412231445313
-0.120742797851563 -0.096527099609375 -0.038604736328125 -0.1259765625
-0.1468505859375 -0.026519775390625 -0.0333480834960938 -0.0637016296386719
-0.135475158691406 0.0260086059570312 0.0046405792236328 -0.0312271118164063
-0.127632141113281 0.030914306640625 0.061920166015625 -0.0143051147460938
-0.1378173828125 0.0401458740234375 0.119895935058594 0.01165771484375
-0.150405883789063 0.023590087890625 0.136611938476563 0.0717849731445313
-0.151626586914063 -0.0371246337890625 0.1363525390625 0.104644775390625
-0.140525817871094 -0.085174560546875 0.0859527587890625 0.125724792480469
-0.06781005859375 -0.153671264648438 0.0475616455078125 0.120849609375
-0.0315093994140625 -0.188873291015625 0.0564041137695313 0.0496711730957031
0.011444091796875 -0.197189331054688 0.17132568359375 0.00750732421874999
0.0306243896484375 -0.17578125 -0.0539703369140625 -0.159774780273438
0.00177001953124999 -0.178329467773438 0.0475921630859375 -0.207122802734375
-0.023468017578125 -0.180755615234375 0.0503692626953125 -0.199737548828125
-0.0863571166992188 -0.1375732421875 0.00848388671874998 -0.182357788085938
-0.111404418945313 -0.0687026977539063 -0.00396728515624999 -0.120445251464844
-0.11798095703125 -0.00693511962890625 0.0101699829101562 -0.07147216796875
-0.0992279052734375 0.027679443359375 0.0459136962890625 -0.0512886047363281
-0.093292236328125 0.0276641845703125 0.0965042114257812 -0.0384368896484375
-0.102638244628906 0.0340576171875 0.153732299804688 -0.01275634765625
-0.117294311523437 0.022216796875 0.170120239257813 0.0518951416015625
-0.127944946289063 -0.031585693359375 0.158248901367187 0.0912017822265625
-0.124534606933594 -0.0796890258789063 0.095184326171875 0.114067077636719
-0.0565032958984375 -0.14923095703125 0.0407562255859375 0.0991058349609375
-0.0226593017578125 -0.176254272460938 0.0445709228515625 0.000923156738281239
0.010284423828125 -0.174026489257813 0.181411743164063 -0.0609130859375
0.00473785400390625 -0.115371704101562 -0.065155029296875 -0.196426391601563
-0.01165771484375 -0.1297607421875 0.0255126953125 -0.221664428710938
-0.0323867797851563 -0.132041931152344 0.038330078125 -0.18701171875
-0.0768203735351562 -0.088470458984375 0.0217132568359375 -0.16656494140625
-0.0844497680664063 -0.0270156860351563 0.0188140869140625 -0.116371154785156
-0.0688209533691406 0.0166053771972656 0.0388717651367187 -0.0832290649414063
-0.0466461181640625 0.0262718200683594 0.0702285766601563 -0.07049560546875
-0.0447959899902344 0.0195846557617187 0.115577697753906 -0.0551376342773438
-0.0520782470703125 0.0216217041015625 0.17352294921875 -0.0256500244140625
-0.067474365234375 0.0167617797851563 0.18951416015625 0.045654296875
-0.08538818359375 -0.0224227905273438 0.16973876953125 0.0875701904296875
-0.08837890625 -0.06353759765625 0.100494384765625 0.107475280761719
-0.0303726196289062 -0.11920166015625 0.03533935546875 0.0832672119140625
-0.00669860839843751 -0.13092041015625 0.0388984680175781 -0.0328788757324219
0.01123046875 -0.119010925292969 0.190048217773438 -0.108566284179688
-0.0130081176757812 -0.0397186279296875 -0.0911102294921875 -0.211456298828125
-0.0213890075683594 -0.0677452087402344 -0.00856018066406251 -0.219253540039063
-0.03857421875 -0.069366455078125 0.0212249755859375 -0.170639038085938
-0.0572052001953125 -0.0279579162597656 0.026397705078125 -0.154678344726563
-0.0452690124511719 0.0183868408203125 0.0240859985351563 -0.118293762207031
-0.00675201416015625 0.0362777709960938 0.0448226928710937 -0.0979766845703125
0.0143337249755859 0.0181903839111328 0.072174072265625 -0.0856246948242188
0.0101079940795898 0.00907707214355469 0.116729736328125 -0.0645217895507813
0.00558567047119141 0.0103540420532227 0.177505493164063 -0.0262908935546875
-0.0100765228271484 0.0154018402099609 0.195281982421875 0.0502471923828125
-0.0343666076660156 -0.00375938415527343 0.1695556640625 0.094146728515625
-0.0432548522949219 -0.0336685180664062 0.100715637207031 0.109931945800781
-0.00661849975585938 -0.0670852661132812 0.0308151245117187 0.0822906494140625
0.00310897827148437 -0.0602607727050781 0.0381851196289063 -0.0441436767578125
0.00445175170898437 -0.0433883666992188 0.193862915039063 -0.134414672851563
0.0507736206054687 -0.0639839172363281 -0.143875122070313 0.127410888671875
-0.00844764709472656 -0.0328102111816406 -0.0283451080322266 0.0140247344970703
-0.00403022766113281 -0.0173406600952148 -0.0265274047851563 -0.108314514160156
-0.0100479125976562 -0.0226783752441406 -0.106727600097656 -0.138336181640625
-0.0255508422851563 -0.0203685760498047 -0.159225463867188 -0.097503662109375
-0.0523490905761719 -0.00521087646484375 -0.198318481445313 -0.02032470703125
-0.0668601989746094 0.0234718322753906 -0.166213989257813 0.045989990234375
-0.0652847290039063 0.0185127258300781 -0.0953598022460938 0.0727157592773438
-0.0728988647460938 0.00448608398437499 -0.0399627685546875 0.0972671508789063
-0.0611534118652344 -0.0242767333984375 -0.0223159790039062 0.123031616210937
-0.0264091491699219 -0.0431900024414062 0.0053863525390625 0.140426635742188
0.00998687744140625 -0.0374526977539063 0.000915527343749991 0.148391723632813
0.0318584442138672 -0.0012969970703125 -0.00453186035156248 0.181488037109375
0.0229415893554688 -0.000560760498046875 0.0398712158203125 0.201751708984375
0.0416412353515625 -0.0256385803222656 0.109893798828125 0.197219848632813
0.05877685546875 -0.140975952148437 -0.125694274902344 0.0882797241210937
-0.00651550292968751 -0.107177734375 -0.0139541625976563 -0.0273704528808594
-0.0139236450195313 -0.0871429443359375 -0.0150146484375 -0.136962890625
-0.0406341552734375 -0.0735244750976563 -0.0953826904296875 -0.160171508789063
-0.0642471313476563 -0.0508804321289062 -0.14111328125 -0.112884521484375
-0.0989608764648438 -0.0150070190429688 -0.1702880859375 -0.036712646484375
-0.110870361328125 0.0316085815429687 -0.136810302734375 0.0296249389648438
-0.106376647949219 0.03173828125 -0.0622940063476563 0.05712890625
-0.117996215820313 0.0239791870117187 -0.00131225585937501 0.0848388671875
-0.113151550292969 -0.0116195678710937 0.0161666870117188 0.121635437011719
-0.0814743041992188 -0.0553665161132813 0.0402374267578125 0.14141845703125
-0.0411338806152344 -0.0695533752441406 0.0269775390625 0.148330688476562
0.0103225708007812 -0.05963134765625 0.0208587646484375 0.16839599609375
0.0122299194335937 -0.0682182312011719 0.068756103515625 0.172409057617188
0.0337753295898438 -0.0953216552734375 0.140975952148437 0.16766357421875
0.0623321533203125 -0.19464111328125 -0.102157592773438 0.0274734497070312
0.000885009765625011 -0.166305541992188 0.010406494140625 -0.0826797485351563
-0.0176239013671875 -0.149276733398438 0.00582885742187499 -0.170211791992188
-0.064727783203125 -0.121055603027344 -0.0774078369140625 -0.1826171875
-0.0972366333007812 -0.0771484375 -0.116012573242188 -0.124031066894531
-0.134185791015625 -0.0223770141601562 -0.132110595703125 -0.0483932495117188
-0.138465881347656 0.0364608764648437 -0.09405517578125 0.00879669189453127
-0.130691528320313 0.039031982421875 -0.0205478668212891 0.0323810577392578
-0.143783569335938 0.04156494140625 0.0431861877441406 0.0594940185546875
-0.145263671875 0.00738525390624998 0.0631866455078125 0.108131408691406
-0.124839782714844 -0.049530029296875 0.0815582275390625 0.133255004882812
-0.0906982421875 -0.0809707641601563 0.05548095703125 0.14410400390625
-0.0253524780273438 -0.104454040527344 0.043609619140625 0.154251098632813
-0.0105514526367188 -0.125465393066406 0.08056640625 0.134475708007813
0.0183868408203125 -0.1502685546875 0.161376953125 0.119110107421875
0.054901123046875 -0.21905517578125 -0.0786285400390625 -0.03936767578125
0.00254821777343748 -0.199111938476563 0.0329208374023438 -0.13800048828125
-0.0230865478515625 -0.190231323242187 0.02471923828125 -0.197952270507813
-0.0847625732421875 -0.150558471679687 -0.0524749755859375 -0.196823120117187
-0.118568420410156 -0.0897293090820313 -0.0828094482421876 -0.12896728515625
-0.149490356445313 -0.02447509765625 -0.0840530395507813 -0.0588455200195313
-0.14434814453125 0.0349884033203125 -0.0440902709960938 -0.0151786804199219
-0.135246276855469 0.0443115234375 0.0234737396240234 0.00394439697265625
-0.147247314453125 0.0496978759765625 0.0881576538085937 0.0274200439453125
-0.1551513671875 0.0255126953125 0.110404968261719 0.0845260620117188
-0.14910888671875 -0.035797119140625 0.122222900390625 0.113662719726563
-0.128791809082031 -0.0787811279296875 0.0831146240234375 0.133766174316406
-0.0591888427734375 -0.133232116699219 0.0567855834960937 0.137733459472656
-0.033721923828125 -0.164596557617188 0.079254150390625 0.0882949829101562
0.00299072265625002 -0.184844970703125 0.17523193359375 0.0549468994140625
0.037750244140625 -0.208175659179688 -0.0620880126953125 -0.10455322265625
-0.00189208984375001 -0.196990966796875 0.042449951171875 -0.186325073242188
-0.0296630859375 -0.197372436523438 0.034423828125 -0.213638305664063
-0.09326171875 -0.152374267578125 -0.0260162353515625 -0.198257446289063
-0.122650146484375 -0.0828475952148437 -0.0456771850585938 -0.128318786621094
-0.1422119140625 -0.0155792236328125 -0.0348472595214844 -0.0687217712402344
-0.127067565917969 0.0339126586914062 0.00493240356445311 -0.0379524230957031
-0.1185302734375 0.0394210815429688 0.0646324157714844 -0.0248336791992187
-0.128860473632813 0.0482635498046875 0.127326965332031 -0.00569915771484375
-0.140625 0.0330963134765625 0.150909423828125 0.056121826171875
-0.148269653320313 -0.0240631103515625 0.152908325195313 0.0910186767578125
-0.141677856445313 -0.0712738037109375 0.10302734375 0.117912292480469
-0.076019287109375 -0.144149780273438 0.0615692138671875 0.116180419921875
-0.0435791015625 -0.179153442382813 0.0630912780761719 0.0413093566894531
-0.00196838378906249 -0.189590454101563 0.180068969726562 -0.01165771484375
0.0150299072265625 -0.16851806640625 -0.0607452392578125 -0.15533447265625
-0.0125274658203125 -0.167999267578125 0.036773681640625 -0.214065551757813
-0.0370330810546875 -0.17181396484375 0.0375213623046875 -0.2093505859375
-0.0914382934570312 -0.125030517578125 -0.004180908203125 -0.188201904296875
-0.109046936035156 -0.0551376342773438 -0.0120620727539063 -0.124221801757813
-0.109130859375 0.000656127929687494 0.00499725341796874 -0.0782012939453125
-0.0887832641601563 0.0315322875976562 0.0435562133789062 -0.058990478515625
-0.0836334228515625 0.0309371948242187 0.0947036743164063 -0.0497360229492188
-0.091827392578125 0.0376434326171875 0.156295776367188 -0.0309295654296875
-0.105827331542969 0.0289230346679688 0.181549072265625 0.03497314453125
-0.121482849121094 -0.0193405151367187 0.171722412109375 0.07574462890625
-0.123802185058594 -0.0641937255859375 0.110275268554688 0.105438232421875
-0.0645904541015625 -0.136573791503906 0.0522079467773437 0.0953598022460937
-0.0358734130859375 -0.164077758789062 0.0478706359863281 -0.00395584106445314
-0.004241943359375 -0.164352416992188 0.184371948242188 -0.0776824951171875
-0.00720214843749999 -0.105323791503906 -0.0740509033203125 -0.187515258789062
-0.0235824584960937 -0.117347717285156 0.014251708984375 -0.223861694335938
-0.0442428588867188 -0.121803283691406 0.0268707275390625 -0.194992065429688
-0.0789108276367188 -0.074951171875 0.00987243652343751 -0.172927856445313
-0.0777969360351562 -0.0152816772460938 0.00807952880859374 -0.120849609375
-0.0573806762695312 0.0203666687011719 0.0300064086914063 -0.090423583984375
-0.0347614288330078 0.0240287780761719 0.0628585815429688 -0.0770797729492188
-0.0347137451171875 0.0184040069580078 0.110755920410156 -0.064910888671875
-0.0414085388183594 0.0201759338378906 0.172332763671875 -0.0424957275390625
-0.0553359985351563 0.0189132690429688 0.195938110351562 0.0286407470703125
-0.07696533203125 -0.0127639770507813 0.18023681640625 0.0718536376953125
-0.0854949951171875 -0.049591064453125 0.112747192382813 0.0989532470703125
-0.0372772216796875 -0.108207702636719 0.0450668334960937 0.0821380615234375
-0.0181198120117188 -0.118766784667969 0.038818359375 -0.0350685119628906
-0.00151062011718751 -0.108932495117188 0.1881103515625 -0.122909545898438
-0.0210361480712891 -0.0307941436767578 -0.102706909179688 -0.196884155273438
-0.0297317504882813 -0.0560379028320313 -0.02001953125 -0.216049194335938
-0.0469169616699219 -0.0575065612792969 0.0103912353515625 -0.17559814453125
-0.05621337890625 -0.0159988403320313 0.013092041015625 -0.160568237304688
-0.0351390838623047 0.027923583984375 0.0113449096679688 -0.122688293457031
0.00542640686035156 0.0345745086669922 0.0321578979492188 -0.101943969726563
0.0242538452148437 0.0115928649902344 0.0613861083984375 -0.0886001586914062
0.0183773040771484 0.00396347045898438 0.108657836914063 -0.0714797973632812
0.014979362487793 0.00363826751708984 0.173019409179688 -0.0408477783203125
0.00137519836425781 0.012690544128418 0.199325561523438 0.0336761474609375
-0.0251445770263672 0.00100898742675781 0.178009033203125 0.0793304443359375
-0.0391998291015625 -0.0243492126464844 0.112159729003906 0.10223388671875
-0.0101280212402344 -0.0586776733398437 0.0394973754882813 0.08203125
-0.0042266845703125 -0.0492820739746094 0.0360107421875 -0.0424728393554688
-0.00378608703613281 -0.0336341857910156 0.187286376953125 -0.146148681640625
0.0479660034179687 -0.07708740234375 -0.1319580078125 0.131675720214844
-0.0123672485351562 -0.038909912109375 -0.0295314788818359 0.0100345611572266
-0.0101566314697266 -0.0225677490234375 -0.0395126342773438 -0.1063232421875
-0.0192279815673828 -0.0237407684326172 -0.117637634277344 -0.125534057617188
-0.0336723327636719 -0.0164871215820313 -0.161880493164063 -0.0814208984375
-0.0586318969726563 0.00513458251953125 -0.191238403320313 -0.00338745117187502
-0.0675430297851563 0.0365753173828125 -0.154266357421875 0.056304931640625
-0.0666160583496094 0.03045654296875 -0.081939697265625 0.0741653442382812
-0.0780105590820313 0.0186004638671875 -0.0243759155273437 0.0929794311523438
-0.0701980590820313 -0.0156440734863281 -0.00336456298828126 0.119834899902344
-0.0374069213867188 -0.0434150695800781 0.02386474609375 0.136528015136719
0.00157546997070312 -0.0440788269042969 0.0178070068359375 0.146621704101563
0.0345993041992188 -0.0139102935791016 0.011627197265625 0.17926025390625
0.0294075012207031 -0.0120849609375 0.05267333984375 0.191299438476563
0.0462265014648437 -0.0365638732910156 0.122085571289063 0.174224853515625
0.0484771728515625 -0.148223876953125 -0.116218566894531 0.0890121459960938
-0.0173416137695313 -0.108268737792969 -0.0186233520507813 -0.0340061187744141
-0.0255584716796875 -0.0871353149414063 -0.0300369262695313 -0.136878967285156
-0.0510139465332031 -0.0686988830566406 -0.107833862304687 -0.14959716796875
-0.0717544555664063 -0.0417098999023438 -0.144119262695313 -0.0997161865234375
-0.10223388671875 -0.00101470947265625 -0.164657592773438 -0.025299072265625
-0.107048034667969 0.0460357666015625 -0.126113891601563 0.0351028442382813
-0.102958679199219 0.04583740234375 -0.0510063171386719 0.0534324645996094
-0.11773681640625 0.0394287109375 0.0121612548828125 0.0739364624023438
-0.1168212890625 -0.000427246093749978 0.0355758666992188 0.112594604492188
-0.0894851684570312 -0.0497283935546875 0.06024169921875 0.132217407226563
-0.048828125 -0.0705795288085938 0.045074462890625 0.142578125
0.009033203125 -0.0672874450683594 0.0373687744140625 0.162063598632813
0.0135040283203125 -0.074432373046875 0.0794525146484375 0.157867431640625
0.0327911376953125 -0.0997772216796875 0.152511596679688 0.140975952148438
0.047149658203125 -0.195648193359375 -0.097015380859375 0.0271682739257813
-0.0139617919921875 -0.161483764648437 0.00150299072265625 -0.090423583984375
-0.033294677734375 -0.144332885742188 -0.0124969482421875 -0.172271728515625
-0.0762405395507813 -0.110107421875 -0.0915679931640625 -0.174728393554688
-0.10272216796875 -0.0633468627929688 -0.120620727539062 -0.114723205566406
-0.134056091308594 -0.00625610351562499 -0.129020690917969 -0.0431137084960938
-0.130844116210938 0.0507125854492187 -0.0866165161132813 0.00849914550781249
-0.122932434082031 0.0522232055664062 -0.0127925872802734 0.0245990753173828
-0.137664794921875 0.055908203125 0.0535392761230469 0.0437698364257813
-0.142837524414063 0.020721435546875 0.0810470581054687 0.0932846069335937
-0.127540588378906 -0.04010009765625 0.100364685058594 0.118492126464844
-0.095977783203125 -0.0750656127929687 0.0741195678710938 0.134422302246094
-0.0285415649414063 -0.104949951171875 0.05975341796875 0.145721435546875
-0.0142745971679688 -0.124374389648438 0.09039306640625 0.119010925292969
0.0123138427734375 -0.148452758789062 0.171585083007812 0.0911865234375
0.0360260009765625 -0.214508056640625 -0.0772323608398438 -0.03900146484375
-0.014068603515625 -0.188980102539063 0.0199432373046875 -0.14691162109375
-0.0401458740234375 -0.18023681640625 0.00503540039062502 -0.202316284179687
-0.0946197509765625 -0.135940551757813 -0.0685272216796875 -0.192459106445312
-0.120079040527344 -0.074188232421875 -0.0898513793945313 -0.123336791992187
-0.145858764648438 -0.00950622558593751 -0.0838699340820313 -0.058746337890625
-0.133903503417969 0.0461578369140625 -0.0410728454589844 -0.019439697265625
-0.12396240234375 0.0549468994140625 0.0269908905029297 -0.00751495361328125
-0.137374877929687 0.0607376098632813 0.0934829711914062 0.008026123046875
-0.1461181640625 0.0372314453125 0.125114440917969 0.064361572265625
-0.145904541015625 -0.0225372314453125 0.138504028320313 0.0948867797851562
-0.129440307617188 -0.066375732421875 0.101104736328125 0.120048522949219
-0.0635604858398437 -0.125373840332031 0.0725631713867188 0.127143859863281
-0.0413360595703125 -0.155838012695313 0.0867996215820312 0.0735626220703125
-0.00793457031250002 -0.176620483398438 0.181259155273438 0.0281829833984375
0.01959228515625 -0.1978759765625 -0.0653457641601562 -0.101577758789063
-0.01776123046875 -0.183685302734375 0.0269775390625 -0.192672729492188
-0.0446624755859375 -0.184677124023438 0.014129638671875 -0.21844482421875
-0.100227355957031 -0.135910034179688 -0.0424957275390625 -0.196670532226562
-0.120536804199219 -0.0672836303710937 -0.0544357299804688 -0.126731872558594
-0.134254455566406 -0.00389862060546872 -0.0388031005859375 -0.071502685546875
-0.115287780761719 0.040557861328125 0.00366210937499999 -0.0446090698242188
-0.105865478515625 0.0452194213867187 0.0630569458007813 -0.0376472473144531
-0.116081237792969 0.05499267578125 0.127593994140625 -0.0265045166015625
-0.1280517578125 0.0417251586914063 0.160552978515625 0.0337371826171875
-0.139884948730469 -0.0105361938476563 0.16571044921875 0.0696563720703125
-0.137916564941406 -0.0554275512695313 0.118522644042969 0.102401733398438
-0.0814743041992188 -0.130203247070312 0.0748367309570312 0.106010437011719
-0.0539703369140625 -0.164093017578125 0.0680427551269531 0.0303611755371094
-0.0153045654296875 -0.176620483398438 0.181686401367188 -0.0353851318359375
-0.000137329101562517 -0.155014038085938 -0.06768798828125 -0.147384643554687
-0.0247650146484375 -0.151397705078125 0.0210418701171875 -0.216644287109375
-0.0493927001953125 -0.156524658203125 0.0180511474609375 -0.2138671875
-0.0937881469726563 -0.107749938964844 -0.0204925537109375 -0.189605712890625
-0.101913452148438 -0.0419769287109375 -0.0231246948242187 -0.125053405761719
-0.098785400390625 0.00687408447265626 -0.003143310546875 -0.08251953125
-0.0765838623046875 0.0317535400390625 0.0369377136230469 -0.0658302307128906
-0.0709991455078125 0.0320587158203125 0.0888519287109375 -0.0621795654296875
-0.0791473388671875 0.0384521484375 0.1514892578125 -0.051971435546875
-0.0909805297851562 0.0329818725585938 0.185775756835938 0.0111083984375
-0.110198974609375 -0.00763702392578125 0.180267333984375 0.0529327392578125
-0.118217468261719 -0.0477218627929688 0.123550415039062 0.089874267578125
-0.07037353515625 -0.120330810546875 0.0644989013671875 0.0869979858398437
-0.047027587890625 -0.145965576171875 0.049530029296875 -0.0104179382324219
-0.0176849365234375 -0.148727416992188 0.17919921875 -0.097259521484375
-0.0178604125976563 -0.0917816162109375 -0.083282470703125 -0.174148559570313
-0.0326690673828125 -0.100471496582031 -0.000762939453125003 -0.221527099609375
-0.0525283813476563 -0.105522155761719 0.0105743408203125 -0.197097778320313
-0.0766983032226563 -0.0592117309570313 -0.00575256347656252 -0.17474365234375
-0.0672645568847656 -0.00473403930664061 -0.00510406494140627 -0.121955871582031
-0.0446128845214844 0.0206527709960938 0.01800537109375 -0.0938873291015625
-0.0242671966552734 0.0177707672119141 0.0527725219726563 -0.0809478759765625
-0.0242633819580078 0.0137252807617188 0.101310729980469 -0.07489013671875
-0.0306205749511719 0.0151729583740234 0.163528442382813 -0.0614013671875
-0.0417442321777344 0.0180778503417969 0.197601318359375 0.005828857421875
-0.0648002624511719 -0.00513076782226561 0.18585205078125 0.050018310546875
-0.0789794921875 -0.0362014770507813 0.12347412109375 0.0841293334960938
-0.042236328125 -0.0932083129882813 0.0555572509765625 0.076202392578125
-0.0273818969726563 -0.101493835449219 0.0381393432617187 -0.0368385314941406
-0.0123367309570312 -0.0940093994140625 0.177627563476563 -0.137054443359375
-0.0267410278320312 -0.0188617706298828 -0.112442016601562 -0.177764892578125
-0.0365104675292969 -0.0415191650390625 -0.03375244140625 -0.208023071289063
-0.0514335632324219 -0.0419387817382812 -0.004058837890625 -0.175827026367188
-0.0502243041992188 -0.00240325927734374 -0.00270080566406251 -0.162094116210937
-0.0215892791748047 0.0326824188232422 -0.0047607421875 -0.122001647949219
0.0180187225341797 0.0287399291992187 0.016357421875 -0.101966857910156
0.0319175720214844 0.000583648681640625 0.048095703125 -0.0878829956054688
0.0252895355224609 -0.00554466247558594 0.097015380859375 -0.0770797729492188
0.0226516723632813 -0.00622940063476563 0.1634521484375 -0.0556793212890625
0.0120344161987305 0.00555133819580078 0.19854736328125 0.0132293701171875
-0.0132989883422852 0.00367450714111328 0.182693481445313 0.0589752197265625
-0.0314216613769531 -0.0155963897705078 0.120468139648438 0.088653564453125
-0.0109901428222656 -0.0473861694335937 0.04864501953125 0.0783157348632813
-0.007354736328125 -0.0356063842773438 0.0339927673339844 -0.0402297973632813
-0.00940513610839844 -0.0205020904541016 0.17431640625 -0.156448364257813
0.0411148071289063 -0.0880508422851563 -0.1197509765625 0.129310607910156
-0.0189285278320313 -0.0434532165527344 -0.0328311920166016 0.00679588317871094
-0.0178546905517578 -0.0257987976074219 -0.049560546875 -0.099395751953125
-0.028350830078125 -0.0221424102783203 -0.121963500976563 -0.109184265136719
-0.0403480529785156 -0.0101966857910156 -0.157257080078125 -0.0645751953125
-0.0614356994628906 0.0170974731445313 -0.177398681640625 0.00836181640624996
-0.0635948181152344 0.0485572814941406 -0.139030456542969 0.0615615844726562
-0.0634689331054687 0.0421867370605469 -0.0695991516113281 0.0701446533203125
-0.0776519775390625 0.0327987670898437 -0.0121002197265625 0.0830154418945313
-0.0759429931640625 -0.00431060791015625 0.0126724243164062 0.109756469726563
-0.047698974609375 -0.0397987365722656 0.03948974609375 0.125190734863281
-0.0084228515625 -0.0481491088867188 0.0314102172851563 0.138587951660156
0.0318145751953125 -0.0270214080810547 0.0255584716796875 0.170501708984375
0.0312213897705078 -0.0250682830810547 0.05963134765625 0.176177978515625
0.0467720031738281 -0.0478897094726562 0.124038696289063 0.149078369140625
0.036346435546875 -0.150924682617188 -0.10662841796875 0.0857315063476562
-0.0266189575195312 -0.104789733886719 -0.0248451232910156 -0.0381202697753906
-0.0359420776367188 -0.083160400390625 -0.043182373046875 -0.130790710449219
-0.0596694946289062 -0.0607109069824219 -0.114555358886719 -0.134902954101563
-0.0751953125 -0.0308761596679687 -0.141464233398438 -0.0857391357421875
-0.100975036621094 0.0137710571289062 -0.154205322265625 -0.01702880859375
-0.09893798828125 0.058074951171875 -0.114311218261719 0.0358047485351562
-0.0951690673828125 0.0564651489257813 -0.0418624877929688 0.0456733703613281
-0.112052917480469 0.0529937744140625 0.0209541320800781 0.0590934753417969
-0.116813659667969 0.0118789672851562 0.0502090454101563 0.0961227416992188
-0.0954208374023438 -0.04217529296875 0.0749359130859375 0.116439819335938
-0.0562362670898438 -0.0683441162109375 0.0590438842773437 0.130729675292969
0.00621795654296876 -0.0744400024414063 0.0496368408203125 0.15106201171875
0.0129623413085938 -0.0803451538085938 0.0840377807617188 0.140487670898438
0.0305633544921875 -0.103858947753906 0.153839111328125 0.1119384765625
0.0323638916015625 -0.190689086914063 -0.0911712646484375 0.023895263671875
-0.025482177734375 -0.1513671875 -0.00948333740234374 -0.0947113037109375
-0.0454864501953125 -0.133682250976563 -0.0281982421875 -0.167556762695312
-0.082855224609375 -0.0972671508789063 -0.100326538085938 -0.161727905273438
-0.102218627929688 -0.0485458374023438 -0.121528625488281 -0.103675842285156
-0.127937316894531 0.00814819335937501 -0.122940063476563 -0.0392303466796875
-0.118644714355469 0.0608367919921875 -0.0792236328125 0.00572204589843749
-0.111846923828125 0.06103515625 -0.00809955596923829 0.0136318206787109
-0.126853942871094 0.066436767578125 0.0577774047851562 0.0255775451660156
-0.136161804199219 0.030792236328125 0.0924606323242187 0.07244873046875
-0.126945495605469 -0.030426025390625 0.11260986328125 0.09832763671875
-0.0977096557617188 -0.0682373046875 0.0874862670898437 0.118362426757812
-0.031463623046875 -0.103904724121094 0.0708465576171875 0.131660461425781
-0.0160446166992188 -0.121528625488281 0.0932846069335938 0.100494384765625
0.00854492187499999 -0.1439208984375 0.169937133789063 0.062255859375
0.0214996337890625 -0.202651977539063 -0.075103759765625 -0.0400161743164063
-0.025390625 -0.173446655273438 0.00576782226562499 -0.149642944335938
-0.0514678955078125 -0.16522216796875 -0.0139312744140625 -0.198287963867188
-0.0984725952148437 -0.119537353515625 -0.080078125 -0.183029174804688
-0.116615295410156 -0.0584640502929688 -0.0934982299804688 -0.116340637207031
-0.136619567871094 0.00251770019531249 -0.0830459594726563 -0.05853271484375
-0.120643615722656 0.0529556274414063 -0.0394401550292969 -0.0243759155273437
-0.110725402832031 0.0596160888671875 0.0268497467041016 -0.0193748474121094
-0.123458862304687 0.0674057006835938 0.0922622680664062 -0.0118255615234375
-0.134468078613281 0.0447235107421875 0.131080627441406 0.0403976440429688
-0.138404846191406 -0.0128860473632813 0.146881103515625 0.0706024169921875
-0.1248779296875 -0.05548095703125 0.111824035644531 0.101028442382812
-0.0645980834960938 -0.116539001464844 0.0825424194335938 0.112014770507812
-0.0447845458984375 -0.144393920898438 0.0886383056640625 0.0575408935546875
-0.0131988525390625 -0.164443969726563 0.17742919921875 0.00134277343749999
0.00724792480468751 -0.18182373046875 -0.0662765502929687 -0.098297119140625
-0.0267181396484375 -0.164031982421875 0.0117034912109375 -0.1922607421875
-0.0542755126953125 -0.16558837890625 -0.00527954101562502 -0.214950561523438
-0.0994949340820312 -0.11810302734375 -0.05523681640625 -0.190139770507812
-0.112419128417969 -0.0536956787109375 -0.0613632202148438 -0.121574401855469
-0.122314453125 0.00417327880859374 -0.0424652099609375 -0.0725860595703125
-0.10205078125 0.0422744750976563 -0.000148773193359383 -0.0503349304199219
-0.0931396484375 0.0462722778320313 0.0570564270019531 -0.0494461059570313
-0.102020263671875 0.0564727783203125 0.119354248046875 -0.046417236328125
-0.112998962402344 0.0446929931640625 0.160842895507813 0.0093841552734375
-0.127525329589844 -0.00148010253906251 0.16864013671875 0.0447540283203125
-0.128890991210938 -0.0421142578125 0.126228332519531 0.0826263427734375
-0.0806732177734375 -0.1158447265625 0.0836944580078125 0.0908126831054687
-0.0576629638671875 -0.145980834960938 0.0681724548339844 0.0181312561035156
-0.023193359375 -0.158782958984375 0.174545288085938 -0.05694580078125
-0.00932312011718751 -0.136520385742188 -0.0696792602539063 -0.137832641601563
-0.03045654296875 -0.129798889160156 0.00610351562499999 -0.212432861328125
-0.055145263671875 -0.136405944824219 0.001129150390625 -0.2098388671875
-0.0896453857421875 -0.0914764404296875 -0.034515380859375 -0.184219360351563
-0.0906600952148438 -0.0313720703125 -0.0338211059570313 -0.1214599609375
-0.0859375 0.00949096679687501 -0.0109100341796875 -0.0839996337890625
-0.0655937194824219 0.0276145935058594 0.0292282104492187 -0.0699501037597656
-0.0596122741699219 0.0276908874511719 0.0785446166992188 -0.0714569091796875
-0.0668563842773438 0.0340805053710938 0.1390380859375 -0.069549560546875
-0.0767745971679688 0.03155517578125 0.18115234375 -0.01239013671875
-0.0955734252929688 -0.000885009765625005 0.179595947265625 0.02923583984375
-0.106277465820313 -0.0342025756835938 0.128837585449219 0.0709915161132813
-0.0694427490234375 -0.102890014648438 0.07183837890625 0.0743789672851563
-0.0514297485351563 -0.12518310546875 0.0488014221191406 -0.0170402526855469
-0.0250930786132812 -0.12872314453125 0.1688232421875 -0.112319946289063
-0.0235748291015625 -0.074432373046875 -0.085052490234375 -0.158233642578125
-0.0355682373046875 -0.0807876586914063 -0.0124359130859375 -0.212493896484375
-0.054290771484375 -0.08587646484375 -0.00404357910156252 -0.193222045898437
-0.0686225891113281 -0.0456008911132813 -0.0200347900390625 -0.170303344726563
-0.0528602600097656 -7.62939453125069E-05 -0.0177841186523438 -0.117652893066406
-0.0321025848388672 0.0161590576171875 0.00624847412109374 -0.091644287109375
-0.0162363052368164 0.0090789794921875 0.0428466796875 -0.081390380859375
-0.0163097381591797 0.00508594512939453 0.0885696411132813 -0.0809555053710938
-0.0222911834716797 0.00664901733398437 0.148696899414062 -0.0753631591796875
-0.0297565460205078 0.0121536254882813 0.1900634765625 -0.0152435302734375
-0.0507888793945313 -0.0023040771484375 0.182357788085938 0.0272064208984375
-0.0671844482421875 -0.0250701904296875 0.126968383789063 0.0661849975585938
-0.0403671264648437 -0.07647705078125 0.0621414184570313 0.0668220520019531
-0.0290374755859375 -0.082000732421875 0.0361709594726562 -0.0372047424316406
-0.0172653198242187 -0.0756149291992188 0.164764404296875 -0.146621704101563
-0.0287456512451172 -0.00541496276855469 -0.113037109375 -0.154815673828125
-0.0363922119140625 -0.0246238708496094 -0.042083740234375 -0.195266723632813
-0.0496444702148437 -0.0248184204101563 -0.0159912109375 -0.170166015625
-0.0402679443359375 0.00741958618164063 -0.0173797607421875 -0.157241821289063
-0.00737953186035156 0.0337257385253906 -0.0183639526367188 -0.115509033203125
0.0279903411865234 0.0195198059082031 0.002227783203125 -0.096282958984375
0.0355873107910156 -0.0128364562988281 0.0370101928710938 -0.0837173461914063
0.0288658142089844 -0.0164012908935547 0.083892822265625 -0.077911376953125
0.0263462066650391 -0.0181941986083984 0.148666381835937 -0.0656585693359375
0.0197257995605469 -0.00416946411132813 0.189529418945312 -0.0052490234375
-0.00145721435546875 0.00158464908599853 0.178207397460938 0.0383453369140625
-0.0211391448974609 -0.00967025756835937 0.123672485351563 0.0723114013671875
-0.00848007202148437 -0.035919189453125 0.0555572509765625 0.0712509155273438
-0.00667572021484375 -0.0210685729980469 0.0328750610351563 -0.0375709533691406
-0.010284423828125 -0.00589847564697266 0.158401489257813 -0.159332275390625
0.0342559814453125 -0.096710205078125 -0.1126708984375 0.122291564941406
-0.0247306823730469 -0.0473442077636719 -0.0369606018066406 0.00390243530273437
-0.0259132385253906 -0.0273208618164062 -0.0553436279296875 -0.0912322998046875
-0.0366020202636719 -0.0187187194824219 -0.120567321777344 -0.0960540771484375
-0.0452613830566406 -0.00354385375976562 -0.147933959960938 -0.0543365478515625
-0.0614051818847656 0.0284423828125 -0.163406372070312 0.013427734375
-0.0585899353027344 0.0579566955566406 -0.125900268554688 0.0595703125
-0.0589599609375 0.0508346557617188 -0.0617752075195313 0.0630531311035156
-0.074859619140625 0.0446243286132812 -0.0060272216796875 0.071563720703125
-0.0791244506835937 0.0058135986328125 0.0215377807617187 0.0964889526367188
-0.0561256408691406 -0.0343818664550781 0.0482177734375 0.112831115722656
-0.0183029174804688 -0.0492324829101562 0.0392379760742188 0.128768920898437
0.0269584655761719 -0.03863525390625 0.0316925048828125 0.16064453125
0.0299415588378906 -0.0372390747070313 0.059051513671875 0.163848876953125
0.0461616516113281 -0.0584068298339844 0.117385864257812 0.12841796875
0.029083251953125 -0.150970458984375 -0.100967407226563 0.0777359008789062
-0.0331039428710937 -0.101715087890625 -0.0313568115234375 -0.0412101745605469
-0.0436325073242187 -0.0778884887695313 -0.0514755249023438 -0.123146057128906
-0.0647773742675781 -0.0523872375488281 -0.114509582519531 -0.122589111328125
-0.0759811401367188 -0.0216598510742187 -0.135566711425781 -0.07745361328125
-0.0968093872070312 0.024993896484375 -0.143905639648438 -0.014984130859375
-0.0897598266601563 0.0659561157226563 -0.104454040527344 0.0314865112304687
-0.08697509765625 0.0633621215820313 -0.0370826721191406 0.035736083984375
-0.104866027832031 0.06243896484375 0.0237350463867188 0.0441246032714844
-0.114830017089844 0.0210952758789063 0.0569076538085937 0.0795516967773438
-0.0983352661132813 -0.0363922119140625 0.082305908203125 0.0998764038085938
-0.0620498657226563 -0.0669174194335938 0.0662155151367187 0.1175537109375
0.0022735595703125 -0.08087158203125 0.0551223754882812 0.138534545898437
0.01312255859375 -0.0869598388671875 0.0816879272460938 0.126045227050781
0.0300369262695313 -0.107574462890625 0.144760131835938 0.089569091796875
0.025115966796875 -0.183441162109375 -0.087158203125 0.01715087890625
-0.0311126708984375 -0.141433715820313 -0.0184402465820312 -0.09637451171875
-0.0510940551757812 -0.12310791015625 -0.0389404296875 -0.159912109375
-0.084564208984375 -0.0855636596679688 -0.103240966796875 -0.151138305664063
-0.098388671875 -0.03875732421875 -0.117668151855469 -0.0972671508789063
-0.120552062988281 0.0175018310546875 -0.117294311523438 -0.03924560546875
-0.108268737792969 0.0657501220703125 -0.0746688842773438 -0.000427246093750006
-0.101127624511719 0.0649261474609375 -0.00713586807250977 0.00270938873291016
-0.116653442382813 0.0717391967773438 0.0556564331054687 0.00916671752929688
-0.129287719726563 0.037017822265625 0.095367431640625 0.0528793334960938
-0.124198913574219 -0.0245437622070313 0.116836547851562 0.078369140625
-0.0972366333007813 -0.0640411376953125 0.0926666259765625 0.102798461914063
-0.0311965942382813 -0.104103088378906 0.075408935546875 0.117912292480469
-0.0150833129882813 -0.120193481445313 0.090057373046875 0.0857315063476562
0.00891876220703125 -0.139106750488281 0.160888671875 0.039825439453125
0.0158843994140625 -0.188690185546875 -0.0731658935546875 -0.043426513671875
-0.027984619140625 -0.157562255859375 -0.00442504882812499 -0.14898681640625
-0.0545806884765625 -0.149978637695313 -0.025665283203125 -0.19085693359375
-0.09613037109375 -0.105941772460938 -0.0852203369140625 -0.173416137695313
-0.108680725097656 -0.0494155883789063 -0.0934906005859375 -0.110870361328125
-0.125617980957031 0.00928497314453127 -0.08172607421875 -0.0600204467773438
-0.109367370605469 0.0537490844726562 -0.0388565063476563 -0.0305595397949219
-0.0988922119140625 0.05938720703125 0.0222854614257812 -0.0296516418457031
-0.111991882324219 0.0677261352539063 0.085418701171875 -0.028167724609375
-0.1236572265625 0.0457687377929687 0.129653930664063 0.01959228515625
-0.129554748535156 -0.00854492187500001 0.1473388671875 0.050018310546875
-0.118507385253906 -0.0499954223632812 0.1153564453125 0.0836868286132813
-0.0611495971679688 -0.110893249511719 0.08642578125 0.0968856811523438
-0.0416107177734375 -0.135292053222656 0.0847854614257813 0.04425048828125
-0.012115478515625 -0.152725219726563 0.167678833007813 -0.01800537109375
0.0033111572265625 -0.164352416992188 -0.064605712890625 -0.0970840454101563
-0.0265960693359375 -0.145843505859375 0.00117492675781251 -0.188461303710938
-0.0535125732421875 -0.147979736328125 -0.017333984375 -0.207107543945313
-0.09326171875 -0.104812622070313 -0.0622711181640625 -0.182144165039063
-0.101081848144531 -0.0462722778320313 -0.0649032592773438 -0.117210388183594
-0.110725402832031 0.00597381591796877 -0.0454635620117188 -0.0748672485351563
-0.0914764404296875 0.0385665893554687 -0.00394058227539063 -0.0543670654296875
-0.082122802734375 0.0417861938476562 0.0501861572265625 -0.0580673217773438
-0.0910110473632813 0.0522613525390625 0.109619140625 -0.0598220825195313
-0.100250244140625 0.04180908203125 0.155181884765625 -0.0107879638671875
-0.114723205566406 0.000160217285156259 0.164718627929688 0.024444580078125
-0.116813659667969 -0.0355911254882813 0.127677917480469 0.0649871826171875
-0.0746917724609375 -0.103935241699219 0.0864486694335938 0.0767059326171875
-0.0540008544921875 -0.130805969238281 0.0662612915039063 0.00817489624023437
-0.02130126953125 -0.142105102539063 0.164413452148438 -0.0714263916015625
-0.0110855102539063 -0.118202209472656 -0.0663986206054688 -0.131660461425781
-0.02813720703125 -0.1116943359375 -0.000915527343750024 -0.206192016601562
-0.050750732421875 -0.11895751953125 -0.00927734375000002 -0.203338623046875
-0.0799560546875 -0.0797500610351563 -0.0426788330078125 -0.177536010742188
-0.0768890380859375 -0.0279388427734375 -0.0390243530273438 -0.116706848144531
-0.0741958618164063 0.00634002685546876 -0.01678466796875 -0.0831527709960938
-0.0574989318847656 0.0194473266601563 0.0225296020507812 -0.071380615234375
-0.0507583618164063 0.0196647644042969 0.0685501098632813 -0.0765304565429688
-0.0578994750976562 0.0267486572265625 0.12603759765625 -0.0795822143554688
-0.0643577575683594 0.0251197814941406 0.171234130859375 -0.029693603515625
-0.0804977416992188 -0.00119781494140626 0.172561645507813 0.0108184814453125
-0.0918121337890625 -0.0283737182617188 0.128555297851563 0.0538406372070313
-0.061981201171875 -0.0895614624023438 0.0748367309570313 0.0627517700195313
-0.0466156005859375 -0.106636047363281 0.0476646423339844 -0.0218658447265625
-0.0235366821289063 -0.10992431640625 0.157928466796875 -0.120330810546875
-0.0229454040527344 -0.0571861267089844 -0.0800933837890625 -0.145751953125
-0.0315132141113281 -0.0631980895996094 -0.016448974609375 -0.202255249023437
-0.0483894348144531 -0.0690040588378906 -0.0122222900390625 -0.186996459960938
-0.0571212768554687 -0.0365257263183594 -0.0287933349609375 -0.164154052734375
-0.039581298828125 0.000469207763671867 -0.0250167846679688 -0.111724853515625
-0.0228137969970703 0.00901031494140625 -0.00232696533203125 -0.0880126953125
-0.0119829177856445 -0.00143814086914063 0.0347900390625 -0.0793685913085938
-0.0121641159057617 -0.00478553771972656 0.078155517578125 -0.0812835693359375
-0.0167369842529297 -0.00377082824707031 0.134635925292969 -0.0814666748046875
-0.0208930969238281 0.00263786315917968 0.178207397460938 -0.0296783447265625
-0.037506103515625 -0.00485992431640624 0.173904418945313 0.011016845703125
-0.0532073974609375 -0.0204620361328125 0.124916076660156 0.0521926879882813
-0.0331535339355469 -0.0634384155273438 0.0652236938476562 0.0575103759765625
-0.0248680114746094 -0.0636558532714844 0.0364036560058594 -0.0382308959960938
-0.0152473449707031 -0.0576896667480469 0.153182983398438 -0.149078369140625
-0.0272674560546875 0.0069732666015625 -0.105110168457031 -0.137664794921875
-0.03314208984375 -0.0100536346435547 -0.0427703857421875 -0.182052612304688
-0.0428504943847656 -0.0101470947265625 -0.0224609375 -0.163223266601563
-0.0288734436035156 0.013946533203125 -0.0271453857421875 -0.15087890625
0.00572395324707032 0.0302295684814453 -0.0270462036132813 -0.106765747070313
0.0348033905029297 0.00881576538085938 -0.00678253173828124 -0.0872039794921875
0.0358505249023438 -0.0240859985351562 0.029205322265625 -0.0762557983398438
0.0295276641845703 -0.0275402069091797 0.0739517211914063 -0.0748367309570312
0.0264492034912109 -0.0307426452636719 0.134185791015625 -0.0681076049804688
0.0246143341064453 -0.0150070190429688 0.177581787109375 -0.016510009765625
0.00856828689575195 -0.00361156463623047 0.169021606445312 0.0245513916015625
-0.00996780395507813 -0.00804328918457031 0.120658874511719 0.0600662231445313
-0.00200462341308594 -0.0263195037841797 0.0585594177246094 0.0648117065429688
-0.00112676620483399 -0.00749826431274414 0.034210205078125 -0.0341606140136719
-0.00785398483276367 0.00746345520019531 0.14697265625 -0.156402587890625
0.0277481079101562 -0.105545043945313 -0.111991882324219 0.116043090820313
-0.0321617126464844 -0.0517387390136719 -0.042205810546875 0.00237655639648437
-0.0342483520507813 -0.0280838012695312 -0.0585708618164063 -0.0852508544921875
-0.04461669921875 -0.0146293640136719 -0.117607116699219 -0.08758544921875
-0.0495071411132812 0.00336456298828126 -0.141021728515625 -0.04937744140625
-0.0610237121582031 0.0388526916503906 -0.153900146484375 0.01287841796875
-0.0539512634277344 0.0665740966796875 -0.117652893066406 0.0548858642578125
-0.0550727844238281 0.0585823059082031 -0.0575294494628906 0.0553169250488281
-0.0724411010742188 0.0555801391601562 -0.00422668457031251 0.0606193542480469
-0.0815353393554688 0.0159835815429688 0.0262527465820312 0.0853500366210938
-0.06439208984375 -0.0290946960449219 0.0532073974609375 0.102005004882813
-0.028289794921875 -0.0497817993164062 0.0430984497070313 0.121116638183594
0.0203971862792969 -0.0486221313476563 0.0345306396484375 0.153717041015625
0.02777099609375 -0.0488739013671875 0.055084228515625 0.156723022460938
0.0449638366699219 -0.0696525573730469 0.107818603515625 0.116432189941406
0.0244293212890625 -0.153701782226563 -0.101570129394531 0.0692062377929688
-0.0380859375 -0.100326538085938 -0.0382003784179688 -0.0435600280761719
-0.04937744140625 -0.0745010375976563 -0.055938720703125 -0.117752075195312
-0.0698165893554688 -0.0462150573730469 -0.112922668457031 -0.11602783203125
-0.0763397216796875 -0.0141983032226562 -0.129470825195313 -0.0742950439453125
-0.093231201171875 0.0335693359375 -0.137458801269531 -0.0174789428710938
-0.0830459594726563 0.0718460083007813 -0.09954833984375 0.024444580078125
-0.0808868408203125 0.0681228637695313 -0.0361480712890625 0.0257682800292969
-0.0993728637695312 0.0702590942382813 0.0225238800048828 0.0309066772460938
-0.114021301269531 0.0284347534179688 0.0592231750488281 0.0644721984863281
-0.102737426757813 -0.0314407348632812 0.085357666015625 0.0858840942382813
-0.0678749084472656 -0.0665855407714844 0.06939697265625 0.107406616210938
-0.00116729736328125 -0.0878829956054687 0.0572662353515625 0.130622863769531
0.0128555297851563 -0.0944900512695313 0.0767059326171875 0.116653442382813
0.0322341918945313 -0.112815856933594 0.134811401367188 0.074920654296875
0.0223541259765625 -0.179183959960938 -0.0883026123046875 0.0084381103515625
-0.0333786010742188 -0.135116577148438 -0.0262451171875 -0.0988235473632813
-0.0542373657226562 -0.115951538085937 -0.0450592041015625 -0.155517578125
-0.0850677490234375 -0.0776138305664063 -0.103286743164063 -0.14581298828125
-0.095184326171875 -0.0317230224609375 -0.114822387695313 -0.0956192016601563
-0.113601684570313 0.0244369506835938 -0.113655090332031 -0.043487548828125
-0.100357055664063 0.0676803588867188 -0.0728988647460937 -0.00744628906249999
-0.0942764282226562 0.0661087036132813 -0.00969219207763672 -0.00772666931152343
-0.110435485839844 0.0749740600585938 0.0517768859863281 -0.00476074218749999
-0.125228881835938 0.0397796630859375 0.0948562622070313 0.0355453491210938
-0.123626708984375 -0.0221099853515625 0.11846923828125 0.0624618530273438
-0.0980987548828125 -0.0635528564453125 0.09515380859375 0.0893707275390625
-0.0313644409179688 -0.107460021972656 0.0769882202148437 0.107406616210937
-0.0124359130859375 -0.122467041015625 0.085296630859375 0.07568359375
0.01300048828125 -0.139320373535156 0.151596069335938 0.0245208740234375
0.0155181884765625 -0.179229736328125 -0.0734176635742187 -0.0497589111328125
-0.026763916015625 -0.14764404296875 -0.01263427734375 -0.149887084960938
-0.0532608032226562 -0.139427185058594 -0.0326690673828125 -0.186203002929688
-0.0924148559570313 -0.0980148315429688 -0.0871429443359375 -0.168991088867188
-0.102027893066406 -0.0440597534179688 -0.0928955078125 -0.110038757324219
-0.117973327636719 0.0120086669921875 -0.0813980102539063 -0.0642242431640625
-0.10186767578125 0.052398681640625 -0.0401535034179688 -0.0374641418457031
-0.0920181274414063 0.05694580078125 0.0180091857910156 -0.0394859313964844
-0.105087280273438 0.0657577514648437 0.0782623291015625 -0.0410995483398437
-0.117111206054688 0.0440216064453125 0.125709533691406 0.0030364990234375
-0.124488830566406 -0.00867462158203126 0.14483642578125 0.0337066650390625
-0.112899780273438 -0.049285888671875 0.115791320800781 0.0697860717773438
-0.05706787109375 -0.109649658203125 0.0867538452148438 0.08575439453125
-0.0364151000976562 -0.1312255859375 0.08074951171875 0.03436279296875
-0.00691223144531251 -0.145584106445313 0.158660888671875 -0.032135009765625
0.00640869140625 -0.15069580078125 -0.0619125366210937 -0.099822998046875
-0.0215911865234375 -0.132720947265625 -0.0047760009765625 -0.188156127929688
-0.0481033325195313 -0.136550903320313 -0.0235137939453125 -0.203338623046875
-0.085906982421875 -0.0982437133789063 -0.06646728515625 -0.177947998046875
-0.09149169921875 -0.0444717407226562 -0.0666122436523437 -0.116142272949219
-0.102630615234375 0.00424194335937499 -0.04815673828125 -0.07763671875
-0.0856246948242187 0.033111572265625 -0.00729751586914064 -0.0601272583007813
-0.0763626098632813 0.0355682373046875 0.0429267883300781 -0.0647544860839844
-0.0846405029296875 0.04547119140625 0.100067138671875 -0.0703506469726563
-0.0924453735351563 0.0360488891601562 0.148910522460938 -0.0261383056640625
-0.1048583984375 -0.00187683105468752 0.160415649414063 0.0087127685546875
-0.106857299804688 -0.0352096557617187 0.126365661621094 0.050689697265625
-0.066619873046875 -0.0990142822265625 0.0867156982421875 0.0650787353515625
-0.046844482421875 -0.121025085449219 0.0633621215820313 3.05175781249926E-05
-0.0146560668945313 -0.130790710449219 0.157485961914063 -0.082489013671875
-0.00695037841796874 -0.102630615234375 -0.0618438720703125 -0.130508422851563
-0.02099609375 -0.0972213745117188 -0.00384521484374999 -0.203018188476563
-0.0427474975585937 -0.106781005859375 -0.0140380859375 -0.19989013671875
-0.069091796875 -0.07476806640625 -0.047393798828125 -0.174819946289063
-0.0655784606933594 -0.0293769836425781 -0.04278564453125 -0.114753723144531
-0.0664901733398438 -0.000373840332031242 -0.0220489501953125 -0.0843124389648438
-0.0534019470214844 0.0109176635742188 0.0175247192382812 -0.0735397338867187
-0.0468940734863281 0.0105209350585937 0.060821533203125 -0.0803909301757812
-0.0537452697753906 0.0169410705566406 0.114921569824219 -0.086639404296875
-0.0571632385253906 0.0157432556152344 0.162582397460938 -0.04248046875
-0.06976318359375 -0.00587081909179688 0.166152954101563 -0.0028533935546875
-0.0793685913085938 -0.027923583984375 0.126304626464844 0.0417404174804688
-0.0517578125 -0.0806350708007813 0.0764007568359375 0.053375244140625
-0.0382919311523438 -0.0933456420898438 0.0469970703125 -0.0269432067871094
-0.0169525146484375 -0.0951690673828125 0.152359008789063 -0.127243041992188
-0.0188713073730469 -0.0429039001464844 -0.0721435546875 -0.141220092773438
-0.024017333984375 -0.0493965148925781 -0.0160369873046875 -0.198379516601563
-0.0391082763671875 -0.0572853088378906 -0.0155487060546875 -0.183349609375
-0.0451698303222656 -0.0328254699707031 -0.034698486328125 -0.160919189453125
-0.0278224945068359 -0.003204345703125 -0.029998779296875 -0.1075439453125
-0.015777587890625 -0.0010232925415039 -0.00778961181640626 -0.0849609375
-0.0106821060180664 -0.0129499435424805 0.02947998046875 -0.0771865844726563
-0.0107393264770508 -0.0152502059936523 0.070098876953125 -0.0813064575195313
-0.015350341796875 -0.0154514312744141 0.123847961425781 -0.0847625732421875
-0.015416145324707 -0.00795459747314453 0.168121337890625 -0.039306640625
-0.0263462066650391 -0.0112972259521484 0.165695190429688 0.000183105468749999
-0.0401458740234375 -0.0215110778808594 0.12213134765625 0.0416641235351562
-0.0234298706054688 -0.0540199279785156 0.0665054321289062 0.0499801635742187
-0.0163841247558594 -0.0505218505859375 0.0380439758300781 -0.0397377014160156
-0.00963973999023437 -0.0421409606933594 0.1488037109375 -0.149795532226563
-0.0244483947753906 0.0193614959716797 -0.0945358276367187 -0.129051208496094
-0.0261001586914063 0.00319480895996093 -0.0385894775390625 -0.17596435546875
-0.0333747863769531 0.00114822387695313 -0.0246429443359375 -0.160018920898438
-0.0170812606811523 0.0174093246459961 -0.0330810546875 -0.14599609375
0.0160770416259766 0.0252685546875 -0.032379150390625 -0.100013732910156
0.0395660400390625 -0.00209808349609375 -0.0118408203125 -0.0798416137695313
0.0343666076660156 -0.0354461669921875 0.0261688232421875 -0.0699844360351563
0.0283737182617188 -0.0385856628417969 0.0680084228515625 -0.070159912109375
0.0251426696777344 -0.0416526794433594 0.124687194824219 -0.0672531127929688
0.0267162322998047 -0.0270614624023438 0.167388916015625 -0.0240478515625
0.0180473327636719 -0.0117206573486328 0.160552978515625 0.0163116455078125
0.00141620635986328 -0.00960350036621094 0.118179321289063 0.0522994995117188
0.00713729858398438 -0.0191516876220703 0.0611495971679688 0.0599784851074219
0.00629854202270508 0.00442409515380859 0.0371246337890625 -0.0325965881347656
-0.00284576416015625 0.0200233459472656 0.143997192382813 -0.152694702148438
0.0205230712890625 -0.116363525390625 -0.117111206054688 0.112785339355469
-0.0412254333496094 -0.0559501647949219 -0.0489768981933594 0.00139617919921876
-0.0446548461914063 -0.0287399291992188 -0.0627288818359375 -0.0819244384765625
-0.0530929565429688 -0.00901031494140624 -0.117828369140625 -0.0826492309570313
-0.0541000366210938 0.0110206604003906 -0.137001037597656 -0.0485610961914063
-0.0599594116210938 0.0516166687011719 -0.150100708007813 0.011383056640625
-0.0497360229492188 0.0766143798828125 -0.114486694335938 0.0508499145507812
-0.0518341064453125 0.0676841735839844 -0.0573501586914062 0.0488510131835938
-0.0693511962890625 0.0671234130859375 -0.00533294677734376 0.0525131225585938
-0.0843124389648438 0.0273056030273437 0.0292129516601562 0.0757522583007813
-0.0732498168945313 -0.0233306884765625 0.0572280883789062 0.09326171875
-0.0394401550292969 -0.0499801635742187 0.0471725463867188 0.117019653320312
0.0119972229003906 -0.0588226318359375 0.03643798828125 0.152374267578125
0.0232353210449219 -0.0629043579101563 0.0514984130859375 0.154571533203125
0.042999267578125 -0.0827102661132813 0.0997390747070313 0.110626220703125
0.0200347900390625 -0.160125732421875 -0.107643127441406 0.0623550415039062
-0.0437774658203125 -0.101364135742187 -0.0461273193359375 -0.0454635620117188
-0.057098388671875 -0.0726242065429687 -0.0603790283203125 -0.115989685058594
-0.0749664306640625 -0.0399093627929687 -0.114021301269531 -0.113929748535156
-0.0778732299804688 -0.00651550292968752 -0.1278076171875 -0.07525634765625
-0.090240478515625 0.0435638427734375 -0.136383056640625 -0.0219879150390625
-0.0784912109375 0.0787582397460938 -0.0988540649414063 0.01763916015625
-0.0762481689453125 0.0745162963867188 -0.0387458801269531 0.0162124633789062
-0.0959930419921875 0.0790023803710938 0.0193634033203125 0.0198802947998047
-0.11590576171875 0.0372314453125 0.060333251953125 0.0517349243164063
-0.109779357910156 -0.0271148681640625 0.0884017944335938 0.0737075805664063
-0.0760421752929688 -0.0677947998046875 0.0728530883789063 0.0989990234375
-0.007049560546875 -0.0973968505859375 0.0588836669921875 0.126060485839844
0.01055908203125 -0.105239868164063 0.0727920532226563 0.112228393554688
0.0332107543945312 -0.123161315917969 0.126899719238281 0.0652923583984375
0.0221405029296875 -0.180831909179688 -0.09368896484375 -0.00078582763671877
-0.0350341796875 -0.133064270019531 -0.0346527099609375 -0.102470397949219
-0.0574417114257812 -0.112106323242188 -0.05120849609375 -0.154495239257813
-0.0875244140625 -0.0724411010742188 -0.105667114257812 -0.14532470703125
-0.0939865112304688 -0.0265960693359375 -0.114799499511719 -0.0980758666992187
-0.110420227050781 0.0303802490234375 -0.114616394042969 -0.0491485595703125
-0.0952911376953125 0.0709686279296875 -0.0748062133789063 -0.015899658203125
-0.090576171875 0.0684814453125 -0.0144138336181641 -0.0181617736816406
-0.106796264648438 0.0789642333984375 0.0457916259765625 -0.0174674987792969
-0.124748229980469 0.0439376831054687 0.0937728881835937 0.0206527709960938
-0.126754760742188 -0.0195083618164063 0.118820190429688 0.0478134155273438
-0.101097106933594 -0.0649642944335937 0.096893310546875 0.0794906616210938
-0.0329971313476563 -0.113571166992188 0.078826904296875 0.100296020507812
-0.011260986328125 -0.129615783691406 0.0811614990234375 0.0684661865234375
0.0174407958984375 -0.1448974609375 0.144058227539062 0.011688232421875
0.0190887451171875 -0.175338745117188 -0.0767364501953125 -0.0591506958007813
-0.023651123046875 -0.142532348632812 -0.01995849609375 -0.15423583984375
-0.0521392822265625 -0.134521484375 -0.0386505126953125 -0.1868896484375
-0.09014892578125 -0.0946197509765625 -0.0908355712890625 -0.169815063476562
-0.0972747802734375 -0.0422515869140625 -0.0950241088867188 -0.112342834472656
-0.113494873046875 0.0136337280273437 -0.085357666015625 -0.070220947265625
-0.0982589721679688 0.0509719848632812 -0.0437889099121094 -0.0458450317382813
-0.0893936157226563 0.054962158203125 0.0114860534667969 -0.0488510131835938
-0.102058410644531 0.0648040771484375 0.0712356567382812 -0.053741455078125
-0.115196228027344 0.0441436767578125 0.122749328613281 -0.01300048828125
-0.123626708984375 -0.00983428955078127 0.143661499023438 0.0182037353515625
-0.111396789550781 -0.051666259765625 0.116607666015625 0.057708740234375
-0.05517578125 -0.113327026367188 0.0882720947265625 0.0760498046875
-0.0321273803710938 -0.132736206054688 0.077362060546875 0.0255279541015625
0.000305175781249998 -0.146194458007813 0.152847290039062 -0.0457763671875
0.012542724609375 -0.143707275390625 -0.0631866455078125 -0.108085632324219
-0.0148162841796875 -0.125709533691406 -0.0101165771484375 -0.191909790039063
-0.0418701171875 -0.130935668945313 -0.029022216796875 -0.204147338867188
-0.0802078247070312 -0.0967025756835938 -0.07110595703125 -0.179718017578125
-0.08489990234375 -0.0456771850585937 -0.070709228515625 -0.117835998535156
-0.0982437133789063 1.20309875626913E-17 -0.0536727905273438 -0.08233642578125
-0.0835494995117187 0.027557373046875 -0.0125579833984375 -0.0666542053222656
-0.0739364624023438 0.0294418334960937 0.0355606079101563 -0.071685791015625
-0.0834884643554688 0.0396499633789063 0.0911712646484375 -0.0808029174804688
-0.0899429321289062 0.0295486450195313 0.14385986328125 -0.041229248046875
-0.100196838378906 -0.0067291259765625 0.15655517578125 -0.005157470703125
-0.10052490234375 -0.0376052856445312 0.126335144042969 0.0392913818359375
-0.0600738525390625 -0.0986785888671875 0.0882644653320313 0.0558242797851562
-0.0392837524414063 -0.116836547851563 0.061737060546875 -0.00849151611328126
-0.00677490234375 -0.125053405761719 0.154388427734375 -0.0948638916015625
0.00067901611328125 -0.0927200317382813 -0.057952880859375 -0.136161804199219
-0.0112152099609375 -0.0885009765625 -0.00616455078125 -0.20697021484375
-0.0329742431640625 -0.0997085571289063 -0.0182647705078125 -0.201766967773438
-0.059783935546875 -0.074462890625 -0.0525054931640625 -0.176284790039063
-0.0576133728027344 -0.0340461730957031 -0.0465240478515625 -0.11505126953125
-0.0615234375 -0.00841522216796876 -0.0273971557617188 -0.0860671997070313
-0.0528335571289063 0.00162124633789061 0.0129852294921875 -0.076873779296875
-0.0480003356933594 0.000228881835937504 0.054229736328125 -0.084014892578125
-0.0536689758300781 0.00693130493164062 0.106781005859375 -0.0936965942382813
-0.0543251037597656 0.00584793090820312 0.155624389648437 -0.054779052734375
-0.0626792907714844 -0.0131874084472656 0.161590576171875 -0.014739990234375
-0.0691261291503906 -0.0304145812988281 0.125175476074219 0.0309524536132812
-0.042694091796875 -0.0771713256835938 0.077667236328125 0.0455856323242188
-0.02862548828125 -0.0854263305664063 0.047271728515625 -0.0331535339355469
-0.00765228271484376 -0.0849990844726563 0.15142822265625 -0.136444091796875
-0.0117626190185547 -0.0296535491943359 -0.06591796875 -0.142715454101563
-0.0149955749511719 -0.0380477905273438 -0.014434814453125 -0.200424194335938
-0.0278129577636719 -0.0490303039550781 -0.0189971923828125 -0.185302734375
-0.0337619781494141 -0.0320453643798828 -0.040069580078125 -0.162185668945312
-0.0179481506347656 -0.00939750671386719 -0.0341873168945313 -0.105560302734375
-0.011134147644043 -0.0112314224243164 -0.0118865966796875 -0.0830230712890625
-0.0120296478271484 -0.0245895385742188 0.0267868041992188 -0.0765457153320313
-0.0116291046142578 -0.0266551971435547 0.0654754638671875 -0.0817489624023438
-0.0172252655029297 -0.0279712677001953 0.117088317871094 -0.0883026123046875
-0.0141582489013672 -0.0202655792236328 0.161087036132812 -0.0491790771484375
-0.0184993743896484 -0.0198116302490234 0.160293579101563 -0.0091552734375
-0.0287647247314453 -0.0250244140625 0.121116638183594 0.0328521728515625
-0.011749267578125 -0.0489044189453125 0.0688438415527344 0.0438423156738281
-0.00583267211914063 -0.0394363403320312 0.0396995544433594 -0.0431022644042969
-0.000818252563476565 -0.0308799743652344 0.14935302734375 -0.155364990234375
-0.0191974639892578 0.0320243835449219 -0.0848159790039062 -0.127243041992188
-0.0179328918457031 0.0140571594238281 -0.0341033935546875 -0.176437377929687
-0.0218620300292969 0.0101547241210937 -0.0273284912109375 -0.161346435546875
-0.00444793701171875 0.0178966522216797 -0.0390472412109375 -0.145294189453125
0.0257396697998047 0.0181922912597656 -0.037017822265625 -0.0952911376953125
0.0438308715820313 -0.0133132934570313 -0.0143661499023437 -0.0738906860351563
0.0319976806640625 -0.0471229553222656 0.0246429443359375 -0.0649604797363281
0.0258750915527344 -0.0501289367675781 0.0658912658691406 -0.066925048828125
0.0219993591308594 -0.0549583435058594 0.119056701660156 -0.0677261352539063
0.0276832580566406 -0.0398178100585938 0.16058349609375 -0.028411865234375
0.0250205993652344 -0.0216884613037109 0.155303955078125 0.0099334716796875
0.0122919082641602 -0.0139579772949219 0.117385864257812 0.04644775390625
0.0183582305908203 -0.0141811370849609 0.0642852783203125 0.0560150146484375
0.0174837112426758 0.0147523880004883 0.0415000915527344 -0.0325889587402344
0.00555610656738281 0.0319690704345703 0.145950317382813 -0.153366088867188
0.00921630859375 -0.130195617675781 -0.123863220214844 0.114768981933594
-0.0542221069335938 -0.0590972900390625 -0.057769775390625 0.0038299560546875
-0.0567779541015625 -0.0266685485839844 -0.0685653686523438 -0.0785369873046875
-0.063201904296875 -0.000411987304687495 -0.120246887207031 -0.078369140625
-0.0579948425292969 0.0222206115722656 -0.1370849609375 -0.0467529296875
-0.0565681457519531 0.0660514831542969 -0.149734497070313 0.011871337890625
-0.0419387817382813 0.088104248046875 -0.114120483398437 0.0486221313476563
-0.0465469360351563 0.0785751342773438 -0.0594978332519531 0.0442886352539063
-0.0638961791992188 0.0813827514648438 -0.00711441040039063 0.0453300476074219
-0.08612060546875 0.041656494140625 0.0316734313964844 0.0672454833984375
-0.0834274291992187 -0.0138473510742188 0.0619277954101562 0.0852203369140625
-0.0524482727050781 -0.0487747192382813 0.052154541015625 0.113174438476563
0.000690460205078129 -0.0695457458496094 0.0416717529296875 0.1533203125
0.0146713256835937 -0.077392578125 0.0525054931640625 0.157333374023438
0.0380859375 -0.100006103515625 0.0950469970703125 0.107582092285156
0.01141357421875 -0.170196533203125 -0.116859436035156 0.0595245361328125
-0.0541915893554687 -0.103775024414063 -0.0575828552246094 -0.0473823547363281
-0.0670623779296875 -0.0695571899414063 -0.0684967041015625 -0.114723205566406
-0.0827713012695313 -0.0322647094726563 -0.118690490722656 -0.111473083496094
-0.0807342529296875 0.00297546386718751 -0.130622863769531 -0.0758056640625
-0.0871429443359375 0.0557632446289062 -0.138778686523438 -0.0239715576171875
-0.0720291137695313 0.0884323120117187 -0.101661682128906 0.0133590698242188
-0.0717697143554688 0.0832748413085938 -0.0440177917480469 0.0093231201171875
-0.0917739868164062 0.0905914306640625 0.0140085220336914 0.00935935974121094
-0.117301940917969 0.0494461059570313 0.0597000122070312 0.0391960144042969
-0.118095397949219 -0.0194168090820312 0.0917510986328125 0.0609817504882812
-0.0875320434570313 -0.0667343139648437 0.0769882202148438 0.0922622680664063
-0.0163650512695312 -0.108367919921875 0.0641937255859375 0.12237548828125
0.00485992431640625 -0.119155883789063 0.0716476440429688 0.109886169433594
0.030792236328125 -0.138214111328125 0.121047973632812 0.0561141967773437
0.01849365234375 -0.187179565429688 -0.103240966796875 -0.00665283203125001
-0.0408401489257813 -0.133674621582031 -0.0469131469726563 -0.106208801269531
-0.063873291015625 -0.109512329101563 -0.0600738525390625 -0.155853271484375
-0.0918655395507813 -0.0666580200195312 -0.1129150390625 -0.145370483398438
-0.0947189331054687 -0.0198898315429688 -0.119949340820312 -0.100662231445313
-0.106620788574219 0.0386505126953125 -0.120834350585937 -0.0536270141601563
-0.0908737182617187 0.0764007568359375 -0.081146240234375 -0.0232620239257813
-0.0873870849609375 0.0737152099609375 -0.0225200653076172 -0.0266017913818359
-0.103935241699219 0.086151123046875 0.037841796875 -0.030303955078125
-0.12677001953125 0.0523300170898438 0.0914154052734375 0.00439453125
-0.133064270019531 -0.0154495239257812 0.120452880859375 0.0324325561523438
-0.110610961914063 -0.0656967163085938 0.100723266601563 0.0682296752929687
-0.0394744873046875 -0.123184204101563 0.0828628540039063 0.0930557250976562
-0.01434326171875 -0.140594482421875 0.079071044921875 0.0623092651367187
0.0190582275390625 -0.155441284179688 0.138572692871094 -0.00161743164062501
0.020904541015625 -0.177566528320312 -0.0853958129882812 -0.0677871704101563
-0.0243377685546875 -0.142364501953125 -0.032379150390625 -0.160873413085938
-0.0530548095703125 -0.132820129394531 -0.048980712890625 -0.189666748046875
-0.0913467407226562 -0.0920867919921875 -0.10003662109375 -0.172317504882813
-0.096649169921875 -0.0407257080078125 -0.102706909179687 -0.116233825683594
-0.111656188964844 0.0157699584960938 -0.0931320190429688 -0.0757522583007812
-0.0970077514648437 0.0516510009765625 -0.0523147583007813 -0.053497314453125
-0.087799072265625 0.055084228515625 0.0026702880859375 -0.0583686828613281
-0.101234436035156 0.0664291381835937 0.0608787536621094 -0.0674896240234375
-0.116592407226563 0.0453109741210937 0.118194580078125 -0.0311737060546875
-0.126434326171875 -0.00890350341796876 0.142791748046875 0.000823974609374999
-0.115486145019531 -0.0532455444335937 0.119102478027344 0.044525146484375
-0.056793212890625 -0.118637084960938 0.0914459228515625 0.0671310424804687
-0.0310440063476563 -0.139434814453125 0.074432373046875 0.0168533325195312
0.00469970703124999 -0.151596069335937 0.14813232421875 -0.0618438720703125
0.018524169921875 -0.140762329101562 -0.0692138671875 -0.11822509765625
-0.00901031494140625 -0.122940063476563 -0.0205841064453125 -0.200424194335938
-0.0374069213867188 -0.129493713378906 -0.038543701171875 -0.210540771484375
-0.0769882202148438 -0.097503662109375 -0.0808868408203125 -0.184127807617188
-0.082183837890625 -0.0486373901367187 -0.0782928466796875 -0.122016906738281
-0.0967483520507812 -0.00270843505859373 -0.0619888305664063 -0.0874176025390625
-0.0844802856445313 0.0241851806640625 -0.0210647583007812 -0.0742263793945313
-0.0755462646484375 0.0252914428710937 0.0265655517578125 -0.0801620483398438
-0.0841827392578125 0.03594970703125 0.0813217163085938 -0.0933074951171875
-0.0901107788085938 0.0262374877929687 0.136711120605469 -0.0576324462890625
-0.09967041015625 -0.0113372802734375 0.153915405273437 -0.02215576171875
-0.0983200073242188 -0.0421981811523438 0.127174377441406 0.0251846313476562
-0.0568695068359375 -0.100883483886719 0.0909194946289063 0.0452423095703125
-0.03369140625 -0.118049621582031 0.0594520568847656 -0.0180511474609375
0.000488281249999991 -0.12408447265625 0.15032958984375 -0.111770629882813
0.009429931640625 -0.0858001708984375 -0.060577392578125 -0.145706176757813
-0.0028076171875 -0.0827560424804688 -0.01300048828125 -0.216018676757813
-0.0236053466796875 -0.0981903076171875 -0.0273895263671875 -0.208023071289063
-0.0524826049804687 -0.0767898559570313 -0.0626678466796875 -0.180648803710938
-0.0525016784667969 -0.0399589538574219 -0.0555191040039062 -0.116737365722656
-0.0617332458496094 -0.0159797668457031 -0.0346450805664063 -0.0886917114257813
-0.0562896728515625 -0.00699234008789063 0.00566101074218749 -0.082763671875
-0.0507469177246094 -0.00772857666015624 0.0468597412109375 -0.0906219482421875
-0.0576286315917969 -0.00226593017578124 0.0977325439453125 -0.104110717773438
-0.0547409057617187 -0.00364685058593749 0.148666381835938 -0.0694122314453125
-0.0587844848632813 -0.0214958190917969 0.15765380859375 -0.0289764404296875
-0.0626449584960938 -0.0365104675292969 0.1258544921875 0.018829345703125
-0.0331954956054687 -0.077545166015625 0.079742431640625 0.0357894897460937
-0.0181732177734375 -0.0802154541015625 0.0464744567871094 -0.041656494140625
0.002197265625 -0.079498291015625 0.149612426757813 -0.1533203125
-0.00240516662597656 -0.0202007293701172 -0.063812255859375 -0.149383544921875
-0.00377273559570313 -0.0305900573730469 -0.01788330078125 -0.2086181640625
-0.0159263610839844 -0.0442237854003906 -0.02618408203125 -0.19158935546875
-0.0230522155761719 -0.0350799560546875 -0.0494842529296875 -0.165008544921875
-0.0109272003173828 -0.0176715850830078 -0.0414276123046875 -0.105583190917969
-0.0104694366455078 -0.0246143341064453 -0.017333984375 -0.082122802734375
-0.0166244506835937 -0.0364494323730469 0.0228500366210938 -0.078338623046875
-0.0167083740234375 -0.0379753112792969 0.0603561401367188 -0.0850982666015625
-0.0219993591308594 -0.0405654907226563 0.109100341796875 -0.0946273803710937
-0.0154609680175781 -0.0340976715087891 0.154983520507813 -0.0594482421875
-0.0135841369628906 -0.0320873260498047 0.156829833984375 -0.0211029052734375
-0.0193099975585938 -0.0322380065917969 0.121444702148438 0.0233840942382813
0.000236511230468755 -0.0476303100585938 0.0719833374023438 0.0369110107421875
0.00780296325683594 -0.0321884155273438 0.0414161682128906 -0.0494766235351562
0.0102462768554688 -0.0208530426025391 0.1497802734375 -0.167724609375
-0.0109901428222656 0.04461669921875 -0.0794906616210937 -0.129402160644531
-0.00766754150390625 0.0247402191162109 -0.0345306396484375 -0.181900024414063
-0.00834369659423828 0.0167751312255859 -0.033111572265625 -0.165237426757813
0.00909996032714844 0.0164337158203125 -0.0477142333984375 -0.145172119140625
0.0354728698730469 0.01007080078125 -0.0430145263671875 -0.091278076171875
0.0456886291503906 -0.0281219482421875 -0.0180244445800781 -0.0689163208007812
0.026153564453125 -0.0613212585449219 0.024169921875 -0.0624351501464844
0.0203704833984375 -0.0635108947753906 0.0636672973632813 -0.0663642883300781
0.0151214599609375 -0.069244384765625 0.115631103515625 -0.0697479248046875
0.0246696472167969 -0.0552940368652344 0.156387329101563 -0.0359649658203125
0.0299491882324219 -0.0347537994384766 0.151870727539063 0.002899169921875
0.0222854614257812 -0.0221309661865234 0.118690490722656 0.03955078125
0.0313186645507813 -0.0126113891601563 0.0692787170410156 0.0518951416015625
0.0317058563232422 0.0224571228027344 0.0467300415039063 -0.0360336303710938
0.0170173645019531 0.043212890625 0.149429321289063 -0.161422729492188
-0.009002685546875 -0.14178466796875 -0.128997802734375 0.122344970703125
-0.0702285766601563 -0.0586700439453125 -0.0659408569335938 0.00974273681640623
-0.070159912109375 -0.0197525024414063 -0.0758895874023438 -0.0723190307617187
-0.0711288452148437 0.01263427734375 -0.123641967773438 -0.07061767578125
-0.0594444274902344 0.0367202758789062 -0.138877868652344 -0.0412216186523438
-0.047943115234375 0.0818634033203125 -0.14959716796875 0.016693115234375
-0.0294723510742188 0.099884033203125 -0.113853454589844 0.0505142211914063
-0.0365142822265625 0.090606689453125 -0.0620536804199219 0.0422248840332031
-0.053863525390625 0.096527099609375 -0.0101356506347656 0.0394821166992188
-0.0839004516601563 0.0589218139648438 0.032806396484375 0.0582275390625
-0.0915908813476563 0.000556945800781268 0.0667877197265625 0.0744705200195313
-0.0671272277832031 -0.0421638488769531 0.0597305297851562 0.107917785644531
-0.0168914794921875 -0.0771713256835938 0.0515289306640625 0.15203857421875
-6.8664550781243E-05 -0.09112548828125 0.0574188232421875 0.158370971679688
0.02618408203125 -0.117294311523437 0.0930938720703125 0.103691101074219
-0.002960205078125 -0.181365966796875 -0.126869201660156 0.0625152587890625
-0.0681915283203125 -0.102737426757813 -0.0707168579101563 -0.0450897216796875
-0.0783157348632812 -0.062530517578125 -0.0793228149414063 -0.110733032226562
-0.0897903442382813 -0.0197906494140625 -0.126823425292969 -0.106620788574219
-0.0813827514648438 0.0155181884765625 -0.13592529296875 -0.0729446411132812
-0.0794906616210938 0.0700302124023437 -0.143722534179688 -0.02227783203125
-0.0614166259765625 0.0989151000976562 -0.106880187988281 0.0113601684570313
-0.0630722045898438 0.093597412109375 -0.051025390625 0.00481414794921876
-0.0823822021484375 0.104148864746094 0.00560617446899414 -0.000285625457763666
-0.115562438964844 0.0652313232421875 0.0576972961425781 0.0252418518066406
-0.126861572265625 -0.00642395019531249 0.093231201171875 0.0464401245117188
-0.10235595703125 -0.0615310668945312 0.0823898315429688 0.0821914672851563
-0.0332794189453125 -0.116462707519531 0.0715484619140625 0.116523742675781
-0.00829315185546876 -0.133460998535156 0.0727310180664063 0.106056213378906
0.0222930908203125 -0.15484619140625 0.114952087402344 0.0457992553710937
0.00854492187499998 -0.195968627929688 -0.117774963378906 -0.00879669189453124
-0.050872802734375 -0.1334228515625 -0.0640869140625 -0.107521057128906
-0.0727081298828125 -0.104087829589844 -0.0739898681640625 -0.154296875
-0.09759521484375 -0.057098388671875 -0.124832153320313 -0.143173217773437
-0.0949172973632813 -0.011260986328125 -0.129631042480469 -0.0993576049804687
-0.1014404296875 0.0493392944335938 -0.130706787109375 -0.053863525390625
-0.0835189819335937 0.08477783203125 -0.0909881591796875 -0.0266799926757812
-0.0811767578125 0.081207275390625 -0.033447265625 -0.0334377288818359
-0.097808837890625 0.0955657958984375 0.0261306762695312 -0.0424156188964844
-0.125015258789063 0.0634765625 0.0854034423828125 -0.0131378173828125
-0.140029907226563 -0.00531005859375 0.1190185546875 0.0138473510742187
-0.12158203125 -0.0619125366210938 0.103378295898437 0.0544281005859375
-0.0519790649414063 -0.130935668945313 0.087554931640625 0.0828933715820313
-0.023468017578125 -0.151504516601563 0.0771484375 0.0543670654296875
0.01397705078125 -0.169052124023438 0.129867553710938 -0.0173873901367188
0.0175933837890625 -0.183303833007812 -0.100532531738281 -0.0742568969726563
-0.0273284912109375 -0.142044067382813 -0.0509033203125 -0.16552734375
-0.05743408203125 -0.130531311035156 -0.0653839111328125 -0.1912841796875
-0.0946273803710938 -0.0873870849609375 -0.11474609375 -0.171859741210938
-0.0966873168945313 -0.0367431640625 -0.113510131835938 -0.116645812988281
-0.108818054199219 0.0213851928710937 -0.104965209960937 -0.0777587890625
-0.0940170288085938 0.0558090209960938 -0.0644111633300781 -0.0586662292480469
-0.0859832763671875 0.057403564453125 -0.0105476379394531 -0.0659523010253906
-0.0992507934570312 0.0718917846679688 0.0466232299804688 -0.0806732177734375
-0.116012573242187 0.0514373779296875 0.108573913574219 -0.0494766235351563
-0.130966186523438 -0.00505828857421874 0.137916564941406 -0.0193252563476562
-0.121917724609375 -0.0522994995117188 0.118698120117187 0.02764892578125
-0.0628890991210937 -0.124656677246094 0.0943603515625 0.05389404296875
-0.0344085693359375 -0.145523071289063 0.069915771484375 0.00611877441406249
0.0051116943359375 -0.159820556640625 0.13787841796875 -0.0816726684570313
0.022216796875 -0.141494750976563 -0.0823516845703125 -0.126876831054688
-0.00594329833984376 -0.122802734375 -0.038604736328125 -0.208282470703125
-0.0356369018554687 -0.129623413085938 -0.055450439453125 -0.21270751953125
-0.0769500732421875 -0.0983734130859375 -0.0973358154296875 -0.185409545898438
-0.08209228515625 -0.0505905151367188 -0.0910263061523438 -0.122314453125
-0.0972213745117188 -0.00363159179687502 -0.0744171142578125 -0.0899734497070313
-0.08721923828125 0.0222244262695312 -0.0329513549804688 -0.0793914794921875
-0.0776138305664063 0.0229339599609375 0.0131378173828125 -0.088134765625
-0.0872573852539063 0.0344390869140625 0.0656051635742188 -0.106285095214844
-0.0920257568359375 0.0246124267578125 0.12518310546875 -0.0772247314453125
-0.101318359375 -0.0128097534179688 0.147125244140625 -0.0420989990234375
-0.0992355346679688 -0.0446014404296875 0.12469482421875 0.0082855224609375
-0.0555953979492188 -0.10467529296875 0.0915451049804688 0.0314102172851563
-0.030792236328125 -0.120330810546875 0.0544662475585938 -0.0292549133300781
0.00643920898437501 -0.126731872558594 0.14117431640625 -0.132965087890625
0.0184249877929688 -0.080902099609375 -0.0700531005859375 -0.154754638671875
0.00734710693359374 -0.081146240234375 -0.0272216796875 -0.225906372070313
-0.0161972045898437 -0.0992202758789063 -0.0424957275390625 -0.2135009765625
-0.0483932495117188 -0.0814666748046875 -0.078460693359375 -0.181747436523438
-0.0502357482910156 -0.0473709106445313 -0.0659637451171875 -0.116424560546875
-0.0629615783691406 -0.0242271423339844 -0.0452804565429688 -0.0895233154296875
-0.0629501342773438 -0.0129165649414063 -0.00369262695312501 -0.0868377685546875
-0.0568275451660156 -0.0144729614257812 0.0352783203125 -0.0966796875
-0.0641326904296875 -0.00916671752929688 0.0835800170898437 -0.114578247070312
-0.0584907531738281 -0.0119667053222656 0.136695861816406 -0.0865020751953125
-0.0585174560546875 -0.0292472839355469 0.15032958984375 -0.0461883544921875
-0.05865478515625 -0.043121337890625 0.123733520507813 0.00286102294921875
-0.0261383056640625 -0.0796127319335938 0.0814666748046875 0.0226364135742187
-0.00864410400390626 -0.0796585083007813 0.0428276062011719 -0.0531883239746094
0.01226806640625 -0.076263427734375 0.141006469726563 -0.173141479492187
0.00997638702392578 -0.0111837387084961 -0.0678863525390625 -0.157272338867188
0.00951957702636719 -0.0256328582763672 -0.0279541015625 -0.218719482421875
-0.00268936157226562 -0.0440483093261719 -0.0397491455078125 -0.197296142578125
-0.0141067504882813 -0.0410728454589844 -0.0639190673828125 -0.165725708007813
-0.00626564025878907 -0.0281200408935547 -0.05120849609375 -0.10235595703125
-0.0124740600585937 -0.0375289916992187 -0.0250244140625 -0.080078125
-0.0261650085449219 -0.0468902587890625 0.0161819458007813 -0.0808181762695312
-0.0259590148925781 -0.0492744445800781 0.053131103515625 -0.0893783569335938
-0.0328445434570313 -0.0520477294921875 0.099273681640625 -0.102218627929688
-0.021392822265625 -0.0466232299804688 0.145309448242187 -0.0737762451171875
-0.0120468139648438 -0.0453643798828125 0.150054931640625 -0.033935546875
-0.0123748779296875 -0.0416793823242188 0.121055603027344 0.0105056762695312
0.0118598937988281 -0.0500068664550781 0.075286865234375 0.0263900756835937
0.0234489440917969 -0.0291919708251953 0.0416336059570313 -0.0582695007324219
0.0239467620849609 -0.0137844085693359 0.144821166992188 -0.185836791992188
0.00213623046875 0.0572319030761719 -0.0794830322265625 -0.132980346679688
0.00694465637207031 0.033233642578125 -0.040374755859375 -0.18841552734375
0.00811767578125 0.0203170776367187 -0.0442962646484375 -0.169464111328125
0.0228023529052734 0.0104999542236328 -0.0607452392578125 -0.143417358398438
0.042877197265625 -0.00284576416015625 -0.0504684448242187 -0.0843429565429688
0.0429000854492188 -0.0451698303222656 -0.02166748046875 -0.0628738403320313
0.0160903930664063 -0.07427978515625 0.02362060546875 -0.0611495971679688
0.00909423828124999 -0.0759124755859375 0.0612373352050781 -0.0677146911621094
0.00296783447265625 -0.0832748413085938 0.110343933105469 -0.0748443603515625
0.0169754028320312 -0.0702438354492188 0.150039672851563 -0.0456695556640625
0.0321540832519531 -0.0511817932128906 0.149017333984375 -0.0072174072265625
0.0302734375 -0.0340576171875 0.12042236328125 0.0291595458984375
0.0450859069824219 -0.0157051086425781 0.0759506225585938 0.0437088012695313
0.0505142211914063 0.0254135131835938 0.0505523681640625 -0.0421905517578125
0.0323638916015625 0.0526199340820313 0.148193359375 -0.174942016601563
-0.0327606201171875 -0.148239135742187 -0.130851745605469 0.133277893066406
-0.0875473022460937 -0.05255126953125 -0.0731735229492188 0.0193939208984375
-0.0822906494140625 -0.00775909423828123 -0.0812149047851563 -0.0615615844726562
-0.0752410888671875 0.0297393798828125 -0.125442504882813 -0.0607986450195312
-0.0554618835449219 0.0519828796386719 -0.138412475585938 -0.0331039428710938
-0.0323562622070312 0.0951461791992187 -0.146728515625 0.0228271484375
-0.0118637084960938 0.107986450195313 -0.110588073730469 0.0525741577148438
-0.0202178955078125 0.0987472534179688 -0.0627059936523438 0.042327880859375
-0.0362396240234375 0.108749389648438 -0.0143108367919922 0.0347785949707031
-0.074310302734375 0.0767593383789063 0.0324058532714844 0.0478744506835938
-0.0951919555664062 0.0185470581054688 0.0684547424316406 0.0616188049316406
-0.0799713134765625 -0.0291519165039062 0.0659561157226562 0.0993194580078125
-0.0370025634765625 -0.078369140625 0.0616302490234375 0.14678955078125
-0.0203781127929688 -0.0999908447265625 0.064239501953125 0.1573486328125
0.00734710693359376 -0.131340026855469 0.0909576416015625 0.0999908447265625
-0.02374267578125 -0.186203002929688 -0.135910034179687 0.0700302124023437
-0.0837631225585938 -0.09588623046875 -0.0845565795898438 -0.0368194580078125
-0.0893630981445313 -0.051177978515625 -0.0892486572265625 -0.101356506347656
-0.0931243896484375 -0.00347137451171877 -0.133773803710938 -0.0972824096679687
-0.0768814086914062 0.02911376953125 -0.14154052734375 -0.06640625
-0.0657806396484375 0.0824737548828125 -0.147689819335938 -0.0175933837890625
-0.0457229614257813 0.107002258300781 -0.111595153808594 0.0124282836914062
-0.050628662109375 0.102081298828125 -0.0598182678222656 0.00331878662109375
-0.0671463012695313 0.116142272949219 -0.00495433807373047 -0.00671386718749999
-0.10699462890625 0.0812149047851562 0.0517654418945312 0.0117454528808594
-0.130523681640625 0.0115814208984375 0.0898208618164062 0.0302276611328125
-0.114822387695312 -0.04962158203125 0.0838088989257812 0.0694351196289063
-0.0532073974609375 -0.118972778320313 0.0772171020507813 0.107551574707031
-0.028076171875 -0.143142700195313 0.0726852416992188 0.100875854492188
0.00579833984374998 -0.169174194335938 0.106346130371094 0.03692626953125
-0.00503540039062499 -0.200698852539063 -0.131690979003906 -0.00518035888671875
-0.061004638671875 -0.128860473632813 -0.0828094482421875 -0.100982666015625
-0.0809783935546875 -0.0956802368164062 -0.088836669921875 -0.14678955078125
-0.100502014160156 -0.0457382202148438 -0.136604309082031 -0.134841918945312
-0.0934829711914063 0.000213623046874996 -0.138938903808594 -0.093109130859375
-0.0911712646484375 0.0592269897460938 -0.140090942382812 -0.0485153198242188
-0.0718994140625 0.08990478515625 -0.1011962890625 -0.0260238647460938
-0.0725250244140625 0.0868682861328125 -0.0465126037597656 -0.0359992980957031
-0.087799072265625 0.105125427246094 0.00890731811523437 -0.0508918762207031
-0.118766784667969 0.0764923095703125 0.07275390625 -0.0284805297851562
-0.14312744140625 0.00761413574218753 0.109588623046875 -0.005279541015625
-0.131866455078125 -0.0529098510742188 0.101371765136719 0.03857421875
-0.0680694580078125 -0.132987976074219 0.0891342163085938 0.0692596435546875
-0.0379180908203125 -0.15802001953125 0.0730209350585938 0.045318603515625
0.00245666503906249 -0.180343627929688 0.115921020507813 -0.0321884155273438
0.0105743408203125 -0.186599731445312 -0.119186401367188 -0.07464599609375
-0.0328216552734375 -0.139610290527344 -0.072723388671875 -0.162918090820313
-0.0630340576171875 -0.125839233398438 -0.0819091796875 -0.185623168945313
-0.0976638793945313 -0.0806961059570312 -0.131393432617188 -0.163482666015625
-0.0964736938476563 -0.030364990234375 -0.126663208007813 -0.111381530761719
-0.103874206542969 0.027862548828125 -0.117378234863281 -0.074188232421875
-0.0889663696289062 0.0594100952148438 -0.079315185546875 -0.0596466064453125
-0.0824127197265625 0.061065673828125 -0.0268936157226562 -0.0692634582519531
-0.0950546264648438 0.077728271484375 0.0266799926757813 -0.0897140502929688
-0.113761901855469 0.0584259033203125 0.0923309326171875 -0.0668182373046875
-0.133186340332031 0.00251770019531247 0.125373840332031 -0.0391616821289063
-0.128623962402344 -0.0493698120117188 0.111831665039063 0.0100784301757812
-0.0722503662109375 -0.126205444335938 0.093505859375 0.0382080078125
-0.0422515869140625 -0.150741577148438 0.061798095703125 -0.00446701049804689
-0.000167846679687484 -0.167434692382812 0.119865417480469 -0.0998687744140625
0.023406982421875 -0.142364501953125 -0.10076904296875 -0.130043029785156
-0.00442504882812499 -0.123672485351563 -0.061614990234375 -0.20916748046875
-0.0357742309570313 -0.129890441894531 -0.073638916015625 -0.210235595703125
-0.0782699584960937 -0.09814453125 -0.115493774414063 -0.179473876953125
-0.0828323364257813 -0.0516433715820312 -0.104316711425781 -0.116317749023438
-0.0977630615234375 -0.00259399414062499 -0.0876617431640625 -0.0869598388671875
-0.0888671875 0.0228042602539063 -0.0477828979492188 -0.0799179077148438
-0.0795135498046875 0.0222244262695313 -0.00276947021484376 -0.0909652709960938
-0.0899887084960938 0.0361328125 0.0452041625976562 -0.114089965820313
-0.092987060546875 0.0246353149414062 0.105094909667969 -0.093780517578125
-0.103515625 -0.0142898559570313 0.131660461425781 -0.0605926513671875
-0.101402282714844 -0.0462799072265625 0.116844177246094 -0.00927734375000001
-0.057525634765625 -0.107582092285156 0.0875015258789062 0.0161895751953125
-0.029876708984375 -0.122322082519531 0.0458106994628906 -0.0409927368164063
0.00813293457031251 -0.130615234375 0.122344970703125 -0.1531982421875
0.0294036865234375 -0.0803375244140625 -0.085723876953125 -0.161285400390625
0.0153884887695312 -0.082427978515625 -0.0484466552734375 -0.230010986328125
-0.01055908203125 -0.101905822753906 -0.0610809326171875 -0.212982177734375
-0.0466461181640625 -0.0863037109375 -0.0959320068359375 -0.175857543945313
-0.0520172119140625 -0.0540733337402344 -0.0776138305664062 -0.110023498535156
-0.0680770874023438 -0.0289649963378906 -0.0574493408203125 -0.0856552124023437
-0.0709381103515625 -0.0161972045898437 -0.0164642333984375 -0.0885543823242188
-0.0650291442871094 -0.017303466796875 0.0213394165039062 -0.0992279052734375
-0.0730056762695313 -0.0130538940429688 0.0658035278320313 -0.121505737304688
-0.0660247802734375 -0.0169944763183594 0.117103576660156 -0.100837707519531
-0.060638427734375 -0.0371131896972656 0.135818481445313 -0.0621261596679688
-0.0567893981933594 -0.0506134033203125 0.114837646484375 -0.0135574340820313
-0.0212326049804687 -0.08392333984375 0.078704833984375 0.00895690917968749
0.000572204589843743 -0.08074951171875 0.034912109375 -0.0623130798339844
0.022430419921875 -0.0764999389648438 0.123687744140625 -0.192733764648438
0.0255775451660156 -0.00697517395019531 -0.077178955078125 -0.162567138671875
0.0231227874755859 -0.0239028930664063 -0.04364013671875 -0.222076416015625
0.01025390625 -0.048004150390625 -0.0559234619140625 -0.196640014648438
-0.00759506225585938 -0.0503044128417969 -0.0808563232421875 -0.159332275390625
-0.00503158569335937 -0.0406074523925781 -0.0609359741210938 -0.0942230224609375
-0.0215530395507813 -0.0488548278808594 -0.0324859619140625 -0.0762252807617188
-0.0381202697753906 -0.0544281005859375 0.00804901123046874 -0.08001708984375
-0.0397987365722656 -0.0569648742675781 0.0436553955078125 -0.0902633666992187
-0.0475730895996094 -0.05816650390625 0.0849685668945313 -0.108589172363281
-0.0323486328125 -0.0568504333496094 0.130172729492187 -0.0844955444335937
-0.0154266357421875 -0.0587997436523438 0.137901306152344 -0.0466156005859375
-0.00933837890625 -0.0535240173339844 0.115814208984375 -0.0050506591796875
0.0232582092285156 -0.0568199157714844 0.0750503540039063 0.0130615234375
0.038299560546875 -0.0315971374511719 0.0374717712402344 -0.0667686462402344
0.0398483276367187 -0.0109405517578125 0.131423950195313 -0.20379638671875
0.0204277038574219 0.0642204284667969 -0.08154296875 -0.135818481445313
0.0242576599121094 0.0368499755859375 -0.050750732421875 -0.192306518554687
0.0255260467529297 0.0169124603271484 -0.0589447021484375 -0.16778564453125
0.0345058441162109 -0.00133323669433594 -0.0741653442382813 -0.136116027832031
0.0459251403808594 -0.0186119079589844 -0.0560531616210938 -0.0744857788085938
0.0351943969726563 -0.0620918273925781 -0.0239334106445312 -0.0561408996582031
0.000701904296874996 -0.0848388671875 0.0214614868164063 -0.0595321655273438
-0.00705718994140625 -0.08624267578125 0.0575752258300781 -0.0685272216796875
-0.0146408081054688 -0.0930633544921875 0.102310180664062 -0.0796127319335938
0.00287628173828124 -0.0821609497070313 0.139328002929688 -0.0551223754882813
0.0276565551757812 -0.0667266845703125 0.141006469726562 -0.0179443359375
0.0339698791503906 -0.0493125915527344 0.118125915527344 0.0172805786132812
0.0595245361328125 -0.0247116088867188 0.0792007446289063 0.0334930419921875
0.0705413818359375 0.0229339599609375 0.051483154296875 -0.0511474609375
0.0522880554199219 0.0561790466308594 0.139999389648437 -0.189743041992188
-0.056488037109375 -0.147109985351563 -0.128829956054688 0.143280029296875
-0.101356506347656 -0.0390472412109375 -0.0746078491210938 0.0308380126953125
-0.0890350341796875 0.00785827636718748 -0.0833587646484375 -0.05059814453125
-0.0714111328125 0.0473480224609375 -0.123046875 -0.0508651733398438
-0.0446052551269531 0.0649642944335937 -0.135345458984375 -0.026397705078125
-0.0123443603515625 0.103256225585938 -0.1416015625 0.0262451171875
0.00782775878906249 0.109268188476563 -0.108901977539063 0.0540695190429688
-0.0039520263671875 0.103752136230469 -0.0640220642089844 0.0420570373535156
-0.01824951171875 0.114891052246094 -0.0198898315429688 0.0315074920654297
-0.0593032836914062 0.0876693725585938 0.02972412109375 0.0380287170410156
-0.0922012329101563 0.036590576171875 0.0653266906738281 0.0484504699707031
-0.0879974365234375 -0.01318359375 0.0687484741210938 0.0893096923828125
-0.054931640625 -0.0740509033203125 0.0686798095703125 0.138526916503906
-0.0413436889648437 -0.10186767578125 0.0693817138671875 0.152618408203125
-0.0145645141601563 -0.136917114257813 0.0875167846679688 0.0966415405273437
-0.0446319580078125 -0.18316650390625 -0.14324951171875 0.077911376953125
-0.0964431762695312 -0.0854415893554688 -0.09234619140625 -0.0247650146484375
-0.0943756103515625 -0.0363235473632812 -0.0967178344726562 -0.0914764404296875
-0.0902938842773438 0.0123214721679688 -0.136482238769531 -0.0867080688476562
-0.0693359375 0.0407218933105469 -0.141738891601563 -0.0587158203125
-0.0491180419921875 0.0892486572265625 -0.1483154296875 -0.0107879638671875
-0.0298919677734375 0.108131408691406 -0.116096496582031 0.0143051147460938
-0.034820556640625 0.105720520019531 -0.0678024291992188 0.00484466552734377
-0.0489578247070312 0.121421813964844 -0.0164241790771484 -0.00896167755126953
-0.092041015625 0.0936965942382813 0.0412559509277344 0.000232696533203131
-0.128555297851563 0.0279617309570312 0.0799026489257812 0.0161590576171875
-0.124412536621094 -0.0353012084960937 0.0817947387695312 0.0579681396484375
-0.070281982421875 -0.115196228027344 0.0785675048828125 0.0949478149414062
-0.048004150390625 -0.144134521484375 0.071014404296875 0.09423828125
-0.0141143798828125 -0.174819946289063 0.0938796997070313 0.0290374755859375
-0.0207977294921875 -0.200424194335938 -0.143722534179688 0.00241088867187499
-0.0716094970703125 -0.11993408203125 -0.098480224609375 -0.089599609375
-0.0859375 -0.0835952758789062 -0.100837707519531 -0.136337280273438
-0.0997467041015625 -0.0310134887695313 -0.143707275390625 -0.12188720703125
-0.0849456787109375 0.00910949707031249 -0.142623901367188 -0.0830078125
-0.0778656005859375 0.0677871704101562 -0.145858764648437 -0.042144775390625
-0.059967041015625 0.0917739868164063 -0.111099243164063 -0.0236282348632813
-0.0615234375 0.0896987915039063 -0.0584449768066406 -0.0327072143554688
-0.0736465454101562 0.109840393066406 -0.00785064697265625 -0.0529747009277344
-0.107284545898437 0.085662841796875 0.0567703247070312 -0.0386924743652344
-0.142440795898438 0.021148681640625 0.0959930419921875 -0.01947021484375
-0.139816284179688 -0.0409088134765625 0.0911026000976562 0.0248947143554687
-0.08209228515625 -0.13055419921875 0.0859603881835938 0.0557098388671875
-0.0550689697265625 -0.1611328125 0.0655364990234375 0.037384033203125
-0.0108795166015625 -0.187149047851563 0.0972900390625 -0.0405960083007813
0.00335693359375001 -0.18572998046875 -0.1346435546875 -0.068206787109375
-0.0376129150390625 -0.135749816894531 -0.0927886962890625 -0.152816772460938
-0.0659637451171875 -0.119316101074219 -0.09716796875 -0.176483154296875
-0.0976715087890625 -0.072662353515625 -0.142868041992187 -0.153915405273438
-0.09185791015625 -0.0248031616210938 -0.133773803710938 -0.101608276367188
-0.0982742309570313 0.0321884155273438 -0.1268310546875 -0.0669097900390625
-0.082183837890625 0.0604476928710938 -0.092926025390625 -0.0556259155273437
-0.079559326171875 0.0635299682617188 -0.0433807373046875 -0.0660820007324219
-0.0883865356445312 0.081787109375 0.0053558349609375 -0.089447021484375
-0.106864929199219 0.0630264282226563 0.0692825317382813 -0.0750503540039063
-0.134239196777344 0.00891876220703127 0.106300354003906 -0.052520751953125
-0.132545471191406 -0.0431747436523437 0.100311279296875 -0.00323486328125
-0.0809478759765625 -0.124504089355469 0.084747314453125 0.0243682861328125
-0.0516510009765625 -0.152862548828125 0.04949951171875 -0.0131034851074219
-0.005218505859375 -0.171463012695313 0.097198486328125 -0.110794067382813
0.0239410400390625 -0.145294189453125 -0.118476867675781 -0.128570556640625
-0.00174713134765626 -0.123222351074219 -0.08197021484375 -0.2021484375
-0.0343399047851563 -0.129684448242187 -0.0922698974609375 -0.200119018554688
-0.0794219970703125 -0.0983352661132812 -0.127578735351563 -0.1680908203125
-0.083343505859375 -0.05072021484375 -0.114105224609375 -0.108001708984375
-0.0970306396484375 -0.00250244140625 -0.098388671875 -0.0794677734375
-0.0906143188476563 0.0239410400390625 -0.0597076416015625 -0.0753936767578125
-0.0833282470703125 0.0226898193359375 -0.0193939208984375 -0.0897216796875
-0.0930557250976563 0.0359039306640625 0.0240707397460938 -0.114860534667969
-0.0952835083007813 0.027984619140625 0.0819015502929687 -0.101066589355469
-0.104949951171875 -0.0130462646484375 0.110893249511719 -0.0718307495117188
-0.103553771972656 -0.047821044921875 0.102096557617188 -0.0235977172851563
-0.0576095581054687 -0.109054565429688 0.077850341796875 0.00163269042968749
-0.0292129516601563 -0.124099731445312 0.0310173034667969 -0.0488548278808594
0.0124359130859375 -0.134223937988281 0.0978851318359375 -0.165573120117187
0.0351715087890625 -0.0818328857421875 -0.10137939453125 -0.16351318359375
0.0238571166992188 -0.0825653076171875 -0.0666961669921875 -0.227569580078125
-0.00302886962890624 -0.105743408203125 -0.0786590576171875 -0.2052001953125
-0.0470123291015625 -0.0932693481445313 -0.110809326171875 -0.166488647460938
-0.0509071350097656 -0.059173583984375 -0.08770751953125 -0.101791381835938
-0.0740737915039062 -0.0340652465820313 -0.0665130615234375 -0.0786819458007813
-0.0777969360351563 -0.0167083740234375 -0.0283737182617188 -0.0837249755859375
-0.07415771484375 -0.0181121826171875 0.0072784423828125 -0.09686279296875
-0.0839309692382813 -0.0126800537109375 0.0448226928710937 -0.122390747070313
-0.0741653442382813 -0.0183944702148437 0.0941925048828125 -0.105628967285156
-0.0692977905273437 -0.0439376831054688 0.115753173828125 -0.0735321044921875
-0.0570068359375 -0.0577507019042969 0.100326538085937 -0.0253677368164063
-0.0156784057617188 -0.090484619140625 0.07012939453125 -0.00562286376953125
0.00640869140625001 -0.0857467651367188 0.0229263305664063 -0.0703506469726563
0.0336685180664063 -0.078125 0.100601196289063 -0.204940795898437
0.0406036376953125 -0.00598526000976563 -0.087158203125 -0.164779663085938
0.0376129150390625 -0.0269393920898438 -0.0603790283203125 -0.223312377929688
0.0203819274902344 -0.0547103881835938 -0.0704803466796875 -0.188766479492187
0.000122070312500003 -0.0610275268554688 -0.090728759765625 -0.150054931640625
-0.00810623168945313 -0.0525016784667969 -0.0661392211914063 -0.0837326049804688
-0.0289955139160156 -0.0590553283691406 -0.0346832275390625 -0.0690193176269531
-0.0549087524414063 -0.0588188171386719 0.0005035400390625 -0.0786666870117188
-0.0530738830566406 -0.0573348999023437 0.0328826904296875 -0.0902481079101563
-0.0628890991210938 -0.0602569580078125 0.069549560546875 -0.109954833984375
-0.0443458557128906 -0.0638275146484375 0.111625671386719 -0.0902099609375
-0.0237350463867188 -0.0703277587890625 0.121116638183594 -0.0551605224609375
-0.00983047485351563 -0.0663299560546875 0.103317260742188 -0.0167770385742188
0.0316009521484375 -0.0657157897949219 0.0693626403808594 0.00172805786132812
0.0500259399414062 -0.0382614135742188 0.0283050537109375 -0.0735397338867188
0.0540771484375 -0.0129890441894531 0.114242553710938 -0.215362548828125
0.0387802124023438 0.0666084289550781 -0.084259033203125 -0.137466430664063
0.0426101684570313 0.0351104736328125 -0.060882568359375 -0.190032958984375
0.0418357849121094 0.0099029541015625 -0.0705413818359375 -0.161697387695313
0.042022705078125 -0.0144157409667969 -0.0827255249023438 -0.123016357421875
0.0458602905273438 -0.03466796875 -0.0588607788085938 -0.0633392333984375
0.0213775634765625 -0.075225830078125 -0.0217514038085937 -0.0491256713867188
-0.0149459838867188 -0.0888137817382813 0.0213432312011719 -0.0594825744628906
-0.0228652954101563 -0.0886383056640625 0.0528297424316406 -0.0685501098632813
-0.03509521484375 -0.0962753295898438 0.0929794311523438 -0.0800857543945313
-0.014556884765625 -0.0904769897460938 0.127296447753906 -0.05853271484375
0.0174331665039063 -0.08135986328125 0.131256103515625 -0.0251617431640625
0.0326499938964844 -0.0630035400390625 0.111885070800781 0.00579833984375
0.0685768127441406 -0.0370445251464844 0.0761489868164063 0.0196609497070312
0.086151123046875 0.0127105712890625 0.0489730834960938 -0.0586700439453125
0.0712814331054688 0.0540542602539063 0.126953125 -0.1998291015625
-0.0771484375 -0.138984680175781 -0.126571655273438 0.151885986328125
-0.111282348632813 -0.0265579223632813 -0.0757904052734375 0.0407791137695312
-0.0915985107421875 0.0242233276367188 -0.0808029174804688 -0.0426483154296875
-0.066802978515625 0.0628662109375 -0.117729187011719 -0.0434722900390625
-0.0342483520507813 0.0746841430664063 -0.131057739257812 -0.0235748291015625
0.00576019287109375 0.105758666992187 -0.136650085449219 0.0279006958007813
0.0240402221679688 0.107177734375 -0.107032775878906 0.0531158447265625
0.0111312866210937 0.102394104003906 -0.0678176879882812 0.0422821044921875
0.00128936767578125 0.1162109375 -0.0249614715576172 0.0321121215820313
-0.0439987182617188 0.096435546875 0.0230064392089844 0.0326919555664063
-0.0848770141601562 0.051605224609375 0.05865478515625 0.0402793884277344
-0.0906600952148438 0.00139617919921873 0.06744384765625 0.0820770263671875
-0.0704498291015625 -0.0642013549804687 0.0714950561523438 0.129585266113281
-0.061248779296875 -0.0969161987304688 0.0710601806640625 0.14971923828125
-0.0351409912109375 -0.139373779296875 0.0815505981445313 0.0955352783203125
-0.0618438720703125 -0.179763793945313 -0.147811889648438 0.0887603759765625
-0.10479736328125 -0.07220458984375 -0.099609375 -0.012237548828125
-0.0972213745117188 -0.0223312377929688 -0.0977249145507813 -0.0804367065429688
-0.0857696533203125 0.0264205932617188 -0.13580322265625 -0.0784454345703125
-0.0578117370605469 0.0503578186035156 -0.142837524414063 -0.05303955078125
-0.031829833984375 0.0929794311523438 -0.149215698242188 -0.00796508789062498
-0.0138702392578125 0.106590270996094 -0.119949340820313 0.016021728515625
-0.0210418701171875 0.103828430175781 -0.0745773315429687 0.00720977783203126
-0.0340194702148438 0.122970581054687 -0.0283794403076172 -0.00815773010253905
-0.0794296264648437 0.100784301757813 0.0289859771728516 -0.00355911254882812
-0.12286376953125 0.0419921875 0.0689582824707031 0.00654220581054688
-0.127243041992188 -0.0199508666992187 0.0739517211914062 0.0487289428710938
-0.0863037109375 -0.106689453125 0.0769729614257813 0.0859909057617188
-0.0666961669921875 -0.142364501953125 0.0676803588867187 0.091461181640625
-0.031402587890625 -0.178726196289063 0.0820083618164062 0.028472900390625
-0.0328521728515625 -0.198577880859375 -0.1568603515625 0.011322021484375
-0.0761947631835938 -0.11090087890625 -0.108726501464844 -0.0775604248046875
-0.0869140625 -0.072967529296875 -0.105598449707031 -0.125129699707031
-0.0959854125976563 -0.0220184326171875 -0.147598266601563 -0.112960815429688
-0.077178955078125 0.0158004760742188 -0.148788452148438 -0.0771331787109375
-0.0657310485839844 0.067840576171875 -0.150192260742188 -0.036895751953125
-0.04937744140625 0.0900955200195313 -0.119773864746094 -0.0185775756835938
-0.052215576171875 0.0898666381835938 -0.0709991455078125 -0.030120849609375
-0.0630722045898438 0.110038757324219 -0.0245018005371094 -0.0499343872070312
-0.0986099243164062 0.0913009643554688 0.0402107238769531 -0.0426979064941406
-0.137802124023437 0.0312347412109375 0.0800704956054687 -0.02783203125
-0.141647338867187 -0.0316162109375 0.0809783935546875 0.01556396484375
-0.0941543579101563 -0.124984741210938 0.0794448852539062 0.0457839965820312
-0.0682220458984375 -0.160293579101563 0.0556373596191406 0.0334815979003906
-0.0235137939453125 -0.191268920898438 0.0800399780273438 -0.04510498046875
-0.00238037109375001 -0.187774658203125 -0.151016235351563 -0.0605621337890625
-0.0389938354492188 -0.131050109863281 -0.1072998046875 -0.141372680664063
-0.0646896362304688 -0.114692687988281 -0.106338500976562 -0.164520263671875
-0.0979156494140625 -0.0677337646484375 -0.149505615234375 -0.142364501953125
-0.08905029296875 -0.0225372314453125 -0.141326904296875 -0.0927734375
-0.0906295776367188 0.033172607421875 -0.135398864746094 -0.0596389770507813
-0.0792160034179688 0.0613784790039062 -0.103286743164063 -0.048095703125
-0.0737152099609375 0.0628128051757813 -0.0560264587402344 -0.0604324340820313
-0.0841217041015625 0.0808639526367188 -0.0126800537109375 -0.0861129760742188
-0.103599548339844 0.0664520263671875 0.0499954223632812 -0.079437255859375
-0.13226318359375 0.014739990234375 0.0864791870117187 -0.0585250854492187
-0.133888244628906 -0.0359344482421875 0.08551025390625 -0.012542724609375
-0.0875701904296875 -0.123161315917969 0.0745620727539063 0.0129241943359375
-0.058013916015625 -0.153396606445312 0.0377006530761719 -0.0167083740234375
-0.0115814208984375 -0.178024291992188 0.07611083984375 -0.114532470703125
0.026824951171875 -0.148284912109375 -0.134330749511719 -0.122451782226563
-0.000785827636718758 -0.123908996582031 -0.0983428955078125 -0.19287109375
-0.0335464477539063 -0.130828857421875 -0.101730346679688 -0.190582275390625
-0.0800399780273437 -0.0976028442382813 -0.137939453125 -0.157943725585938
-0.0836410522460938 -0.0523757934570313 -0.120758056640625 -0.09906005859375
-0.0980911254882813 -0.00233459472656249 -0.107002258300781 -0.0723953247070312
-0.0933303833007812 0.0235443115234375 -0.0728530883789063 -0.0701751708984375
-0.0854110717773437 0.0235061645507813 -0.0338516235351563 -0.0830917358398437
-0.0936203002929688 0.0381393432617188 0.00482940673828123 -0.110275268554688
-0.0964431762695313 0.0266189575195313 0.0617446899414062 -0.101547241210938
-0.109161376953125 -0.0141143798828125 0.0907440185546875 -0.0763473510742188
-0.105827331542969 -0.0474319458007813 0.08575439453125 -0.0300750732421875
-0.0606842041015625 -0.112625122070313 0.064361572265625 -0.00806045532226563
-0.0286102294921875 -0.128623962402344 0.0196037292480469 -0.0533332824707031
0.0144119262695312 -0.137992858886719 0.0763397216796875 -0.170425415039063
0.0463790893554688 -0.0844268798828125 -0.115966796875 -0.159011840820313
0.0313034057617188 -0.0892791748046875 -0.0836944580078125 -0.219741821289063
0.000747680664062488 -0.112312316894531 -0.0895233154296875 -0.19805908203125
-0.0473556518554688 -0.0994491577148438 -0.120010375976563 -0.155853271484375
-0.0568962097167969 -0.0663108825683594 -0.0914382934570312 -0.0928878784179688
-0.0809097290039063 -0.036285400390625 -0.0718536376953125 -0.0736618041992188
-0.0878219604492188 -0.0172271728515625 -0.0378952026367187 -0.0798568725585938
-0.0836334228515625 -0.0181961059570313 -0.00473785400390626 -0.0922622680664063
-0.0920257568359375 -0.0126495361328125 0.0303192138671875 -0.116188049316406
-0.0810699462890625 -0.0216751098632813 0.0764007568359375 -0.104896545410156
-0.0731582641601563 -0.0497817993164062 0.0971527099609375 -0.073760986328125
-0.0611114501953125 -0.0656547546386719 0.0860214233398438 -0.0313339233398438
-0.0123825073242187 -0.0966644287109375 0.0582351684570313 -0.0130424499511719
0.0160064697265625 -0.0921173095703125 0.0114517211914063 -0.0750350952148438
0.0424118041992188 -0.0846405029296875 0.0792236328125 -0.210723876953125
0.0562744140625 -0.0104179382324219 -0.09661865234375 -0.164306640625
0.0508689880371094 -0.0322799682617188 -0.072784423828125 -0.218475341796875
0.0310630798339844 -0.0652885437011719 -0.082275390625 -0.183364868164063
-0.00259399414062499 -0.0729217529296875 -0.1007080078125 -0.138404846191406
-0.0113754272460937 -0.0614051818847656 -0.0685348510742188 -0.0773773193359375
-0.0430068969726562 -0.0634651184082031 -0.0394058227539063 -0.064239501953125
-0.0670585632324219 -0.0573463439941406 -0.00442504882812501 -0.07440185546875
-0.0683326721191406 -0.0566787719726563 0.025360107421875 -0.0852432250976563
-0.078826904296875 -0.0593948364257813 0.0582275390625 -0.105278015136719
-0.0599250793457031 -0.0638465881347656 0.0940933227539063 -0.0870742797851563
-0.03326416015625 -0.0797805786132813 0.105804443359375 -0.0552978515625
-0.0143508911132813 -0.0788726806640625 0.0900802612304688 -0.0216293334960938
0.0377426147460938 -0.077392578125 0.0592765808105469 -0.00741958618164063
0.0652198791503906 -0.0476226806640625 0.019989013671875 -0.0804214477539063
0.0707778930664063 -0.0195236206054688 0.0970458984375 -0.220611572265625
0.0594863891601563 0.0638542175292969 -0.0861053466796875 -0.139289855957031
0.0582237243652344 0.0297012329101562 -0.0672760009765625 -0.189910888671875
0.0533409118652344 -0.0008697509765625 -0.0781402587890625 -0.155258178710938
0.0432891845703125 -0.0295677185058594 -0.0878219604492188 -0.113677978515625
0.0392227172851563 -0.0466117858886719 -0.0559043884277344 -0.0559806823730469
0.006317138671875 -0.081695556640625 -0.0195274353027344 -0.0453758239746094
-0.0340118408203125 -0.0904388427734375 0.0215339660644531 -0.0570297241210938
-0.0415725708007813 -0.0877151489257813 0.0496749877929688 -0.0667724609375
-0.0529327392578125 -0.0946197509765625 0.08721923828125 -0.0788192749023438
-0.030853271484375 -0.0929641723632813 0.113662719726563 -0.0572357177734375
0.003936767578125 -0.0921707153320313 0.119071960449219 -0.0270004272460938
0.0261001586914062 -0.07904052734375 0.101760864257812 -0.000709533691406255
0.0755844116210938 -0.0509185791015625 0.0723648071289063 0.01068115234375
0.101402282714844 0.0016021728515625 0.0451889038085938 -0.0667076110839844
0.0894088745117188 0.0476760864257813 0.118240356445313 -0.206069946289063
-0.0958175659179688 -0.132255554199219 -0.12701416015625 0.162887573242188
-0.119735717773438 -0.0109329223632812 -0.07470703125 0.0519332885742188
-0.09332275390625 0.0390777587890625 -0.0778961181640625 -0.036895751953125
-0.0586776733398437 0.0768814086914063 -0.11407470703125 -0.039398193359375
-0.0230865478515625 0.08282470703125 -0.128608703613281 -0.0226669311523438
0.0224685668945313 0.104667663574219 -0.134788513183594 0.0278549194335937
0.0399322509765625 0.102455139160156 -0.109481811523438 0.0520248413085938
0.0256423950195313 0.0998458862304688 -0.0707168579101563 0.0425491333007813
0.0179214477539062 0.1151123046875 -0.0313816070556641 0.0326042175292969
-0.0292587280273438 0.101051330566406 0.0157108306884766 0.0293216705322266
-0.0771255493164062 0.0648422241210938 0.0516433715820312 0.03558349609375
-0.0918502807617188 0.0168609619140625 0.0656661987304688 0.0774993896484375
-0.0843963623046875 -0.0546417236328125 0.07421875 0.123931884765625
-0.0798492431640625 -0.091796875 0.0729522705078125 0.150115966796875
-0.05560302734375 -0.138702392578125 0.0787811279296875 0.0983352661132812
-0.0771636962890625 -0.17510986328125 -0.155487060546875 0.100067138671875
-0.110923767089844 -0.0598220825195313 -0.103904724121094 9.155273437501E-05
-0.0969619750976563 -0.00897979736328124 -0.09893798828125 -0.0727996826171875
-0.0781326293945312 0.0382003784179688 -0.136116027832031 -0.0729293823242188
-0.0471038818359375 0.0557823181152344 -0.143646240234375 -0.050567626953125
-0.0169448852539063 0.092254638671875 -0.150741577148438 -0.00563049316406248
-0.000572204589843757 0.10308837890625 -0.12615966796875 0.0195236206054687
-0.00968170166015626 0.102691650390625 -0.082122802734375 0.010101318359375
-0.0200881958007812 0.122016906738281 -0.0390205383300781 -0.00476455688476561
-0.0667877197265625 0.1051025390625 0.0179405212402344 -0.00584220886230468
-0.117294311523437 0.0541458129882813 0.0568428039550781 0.00267791748046875
-0.129524230957031 -0.00699615478515626 0.06744384765625 0.0441055297851563
-0.0993728637695312 -0.0995407104492188 0.0738906860351563 0.0798873901367188
-0.0837860107421875 -0.138572692871094 0.0640640258789063 0.091064453125
-0.0487518310546875 -0.18145751953125 0.071929931640625 0.030914306640625
-0.042816162109375 -0.19659423828125 -0.169754028320313 0.0224761962890625
-0.080963134765625 -0.103385925292969 -0.118217468261719 -0.0646209716796875
-0.0861129760742187 -0.0648040771484375 -0.110282897949219 -0.116523742675781
-0.0913009643554688 -0.0130538940429688 -0.151809692382813 -0.106857299804687
-0.0699501037597656 0.019134521484375 -0.15179443359375 -0.0726165771484375
-0.0549850463867187 0.0666313171386719 -0.156234741210937 -0.0319976806640625
-0.0416107177734375 0.08892822265625 -0.128692626953125 -0.0132064819335938
-0.044403076171875 0.0891036987304687 -0.0809326171875 -0.0239944458007812
-0.0541152954101562 0.111778259277344 -0.0373115539550781 -0.0451736450195312
-0.0904388427734375 0.0955581665039062 0.0243377685546875 -0.0437660217285156
-0.135955810546875 0.0411376953125 0.0642738342285156 -0.0309028625488281
-0.145904541015625 -0.021240234375 0.0701751708984375 0.0116844177246094
-0.105804443359375 -0.120704650878906 0.07037353515625 0.0392608642578125
-0.0816802978515625 -0.15972900390625 0.0467796325683594 0.0320472717285156
-0.0356597900390625 -0.196258544921875 0.0644378662109375 -0.04351806640625
-0.005096435546875 -0.190887451171875 -0.16839599609375 -0.0517120361328125
-0.0403900146484375 -0.129936218261719 -0.119972229003906 -0.12933349609375
-0.0645217895507812 -0.112762451171875 -0.113876342773437 -0.156295776367188
-0.0947265625 -0.0644302368164063 -0.156341552734375 -0.135101318359375
-0.0858688354492188 -0.0210723876953125 -0.145843505859375 -0.087646484375
-0.0863418579101563 0.0328445434570312 -0.14276123046875 -0.0540008544921875
-0.0762710571289063 0.0610885620117187 -0.113258361816406 -0.0425949096679687
-0.071990966796875 0.0638351440429688 -0.0671539306640625 -0.0547981262207031
-0.0815353393554687 0.08251953125 -0.0283279418945312 -0.0801239013671875
-0.101264953613281 0.0692291259765625 0.0329360961914063 -0.0776519775390625
-0.133949279785156 0.0200119018554687 0.0697784423828125 -0.0599822998046875
-0.139472961425781 -0.0320663452148437 0.071197509765625 -0.0155792236328125
-0.0949172973632813 -0.123977661132812 0.0625228881835938 0.00771713256835937
-0.065582275390625 -0.157089233398438 0.0252571105957031 -0.0181350708007813
-0.016021728515625 -0.184219360351563 0.0572891235351562 -0.11578369140625
0.0308074951171875 -0.153961181640625 -0.152572631835937 -0.116790771484375
0.00310516357421874 -0.128067016601563 -0.112655639648437 -0.182937622070313
-0.0316390991210937 -0.136016845703125 -0.1116943359375 -0.184005737304688
-0.0819015502929687 -0.100059509277344 -0.146224975585937 -0.149429321289063
-0.085205078125 -0.05523681640625 -0.12567138671875 -0.0925827026367187
-0.100265502929688 -0.00303649902343751 -0.114311218261719 -0.06640625
-0.0967864990234375 0.0248794555664063 -0.0835723876953125 -0.0637283325195312
-0.0896453857421875 0.0256576538085937 -0.0437850952148438 -0.07574462890625
-0.0979995727539063 0.0407257080078125 -0.0102691650390625 -0.103523254394531
-0.100151062011719 0.0278701782226563 0.0431365966796875 -0.0980377197265625
-0.113624572753906 -0.0137557983398437 0.0747528076171875 -0.0749053955078125
-0.111160278320313 -0.0499191284179688 0.0705108642578125 -0.0320968627929688
-0.0631637573242187 -0.117973327636719 0.0517311096191406 -0.0122413635253906
-0.0289459228515625 -0.135475158691406 0.00572586059570312 -0.0547904968261719
0.01629638671875 -0.146759033203125 0.0572052001953125 -0.173858642578125
0.0567398071289063 -0.0942230224609375 -0.130401611328125 -0.156631469726562
0.0392303466796875 -0.0971145629882812 -0.096954345703125 -0.214675903320313
0.00417327880859374 -0.123313903808594 -0.100112915039063 -0.192108154296875
-0.0499725341796875 -0.10772705078125 -0.128021240234375 -0.148223876953125
-0.0626602172851563 -0.0723495483398438 -0.0952377319335938 -0.0870819091796875
-0.0901107788085938 -0.0379409790039062 -0.0772933959960938 -0.0684738159179687
-0.0985031127929687 -0.0154495239257812 -0.0465774536132813 -0.0743408203125
-0.0933685302734375 -0.015716552734375 -0.0131454467773438 -0.0857315063476563
-0.103042602539063 -0.00805664062499999 0.0164031982421875 -0.109962463378906
-0.0908203125 -0.0211868286132812 0.0603561401367187 -0.099639892578125
-0.0822601318359375 -0.0540695190429688 0.0815963745117188 -0.0723342895507813
-0.0674514770507812 -0.0733108520507813 0.0720596313476563 -0.033935546875
-0.0108566284179688 -0.108451843261719 0.0459403991699219 -0.0179786682128906
0.0221481323242187 -0.102676391601563 -0.000717163085937504 -0.0791473388671875
0.050811767578125 -0.0940704345703125 0.0628814697265625 -0.214813232421875
0.0708465576171875 -0.018585205078125 -0.107894897460938 -0.16668701171875
0.0614395141601563 -0.0422935485839844 -0.0832672119140625 -0.217453002929687
0.0374603271484375 -0.0780029296875 -0.091156005859375 -0.180160522460938
-0.00566864013671875 -0.0859222412109375 -0.106033325195312 -0.130859375
-0.0193328857421875 -0.0718994140625 -0.069183349609375 -0.0710906982421875
-0.0561904907226563 -0.0661888122558594 -0.0409317016601563 -0.060333251953125
-0.0814971923828125 -0.0550308227539063 -0.00815582275390626 -0.0719451904296875
-0.08123779296875 -0.0546798706054688 0.019866943359375 -0.08172607421875
-0.093597412109375 -0.055389404296875 0.0498504638671875 -0.100128173828125
-0.0737457275390625 -0.0648345947265625 0.0823135375976563 -0.0822372436523438
-0.0456924438476562 -0.0862045288085938 0.0947189331054687 -0.0535202026367187
-0.021514892578125 -0.0913543701171875 0.0783767700195313 -0.0233001708984375
0.0413436889648437 -0.0918731689453125 0.0506439208984375 -0.0128517150878906
0.0751190185546875 -0.0612869262695312 0.0121307373046875 -0.085906982421875
0.08563232421875 -0.0290908813476563 0.08367919921875 -0.227752685546875
0.0767669677734375 0.0575637817382813 -0.0912017822265625 -0.143768310546875
0.072540283203125 0.021697998046875 -0.0742950439453125 -0.1917724609375
0.0639762878417969 -0.0144577026367188 -0.0842742919921875 -0.150833129882813
0.0439186096191406 -0.0448074340820313 -0.09014892578125 -0.104934692382813
0.0325088500976562 -0.0589103698730469 -0.0528411865234375 -0.048583984375
-0.00878143310546876 -0.0877304077148438 -0.016387939453125 -0.0416374206542969
-0.0507049560546875 -0.0893707275390625 0.0223579406738281 -0.0556907653808594
-0.057464599609375 -0.0845794677734375 0.0487937927246094 -0.0652046203613281
-0.0710525512695313 -0.0907440185546875 0.08349609375 -0.0767288208007813
-0.0474472045898438 -0.0926589965820312 0.10699462890625 -0.053375244140625
-0.010223388671875 -0.100189208984375 0.111289978027344 -0.02490234375
0.0180816650390625 -0.0927810668945313 0.0932998657226563 -0.00370788574218751
0.079681396484375 -0.0666885375976563 0.0668830871582031 0.00536727905273437
0.113845825195313 -0.0128555297851563 0.0411758422851563 -0.07379150390625
0.106208801269531 0.0383377075195313 0.111343383789062 -0.214126586914063
-0.116195678710938 -0.123275756835937 -0.12744140625 0.17828369140625
-0.127098083496094 0.00640869140625 -0.0721511840820313 0.0646591186523438
-0.0921630859375 0.0558624267578125 -0.0767593383789063 -0.0315399169921875
-0.0473861694335937 0.0914535522460938 -0.112419128417969 -0.0368881225585938
-0.00828552246093749 0.0894012451171875 -0.129837036132813 -0.0224456787109375
0.040924072265625 0.101104736328125 -0.136238098144531 0.0283203125
0.055633544921875 0.096771240234375 -0.1136474609375 0.0543746948242188
0.0407028198242187 0.0961380004882813 -0.0754928588867188 0.0462875366210938
0.0352859497070312 0.112052917480469 -0.0375022888183594 0.0361862182617188
-0.0133895874023437 0.104721069335938 0.00908851623535156 0.0279769897460938
-0.0671310424804688 0.0779190063476563 0.0452995300292969 0.0335693359375
-0.0908203125 0.0323257446289062 0.06524658203125 0.0746612548828125
-0.0967559814453125 -0.042083740234375 0.07666015625 0.121353149414063
-0.0993576049804687 -0.0821609497070313 0.0783843994140625 0.152603149414063
-0.0775527954101562 -0.136482238769531 0.078826904296875 0.104179382324219
-0.0951080322265625 -0.169815063476563 -0.163116455078125 0.11834716796875
-0.117607116699219 -0.0463104248046875 -0.107223510742188 0.0145263671875
-0.09637451171875 0.00431060791015627 -0.101364135742188 -0.0668563842773438
-0.0689926147460937 0.0501060485839844 -0.138694763183594 -0.0683746337890625
-0.0355720520019531 0.0606269836425781 -0.148101806640625 -0.0477752685546875
-0.00186920166015624 0.0897369384765625 -0.15673828125 -0.00218200683593748
0.0113677978515625 0.0992660522460938 -0.135391235351562 0.0246200561523438
0.00235748291015624 0.100410461425781 -0.0906906127929687 0.0163116455078125
-0.00624084472656251 0.121383666992187 -0.0492286682128906 0.000816345214843753
-0.0544509887695313 0.109962463378906 0.0064706802368164 -0.00533246994018554
-0.110923767089844 0.066925048828125 0.0466194152832031 0.00150299072265625
-0.131828308105469 0.00674438476562501 0.0624465942382812 0.0418357849121094
-0.113265991210938 -0.0904388427734375 0.0708160400390625 0.076019287109375
-0.102973937988281 -0.133995056152344 0.0616912841796875 0.0933074951171875
-0.069244384765625 -0.183914184570313 0.0650100708007813 0.03497314453125
-0.055511474609375 -0.198196411132813 -0.183975219726563 0.0401763916015625
-0.08642578125 -0.0968551635742188 -0.127456665039062 -0.0499649047851563
-0.0869216918945313 -0.0579910278320313 -0.116294860839844 -0.110366821289062
-0.0863265991210938 -0.00496673583984374 -0.158660888671875 -0.100814819335937
-0.0626754760742188 0.0214691162109375 -0.158645629882813 -0.0676422119140625
-0.045013427734375 0.0652198791503906 -0.164642333984375 -0.0249481201171875
-0.0342025756835938 0.0872268676757813 -0.140403747558594 -0.0046234130859375
-0.037322998046875 0.089019775390625 -0.0920639038085938 -0.0163421630859375
-0.0458984375 0.113189697265625 -0.0509185791015625 -0.0376663208007813
-0.0831298828125 0.100082397460938 0.00998687744140625 -0.0416793823242187
-0.134071350097656 0.0516433715820313 0.0502128601074219 -0.0306434631347656
-0.151321411132813 -0.0106201171875 0.0606460571289062 0.0109672546386719
-0.118766784667969 -0.115928649902344 0.0628662109375 0.0351371765136719
-0.09765625 -0.159561157226563 0.0387458801269531 0.03424072265625
-0.0504913330078125 -0.203262329101562 0.0512428283691406 -0.0412712097167969
-0.0118255615234375 -0.197463989257813 -0.186203002929688 -0.0372314453125
-0.0431442260742187 -0.130180358886719 -0.133506774902344 -0.1165771484375
-0.0660018920898438 -0.113700866699219 -0.123764038085937 -0.150405883789063
-0.0959014892578125 -0.0615768432617188 -0.166717529296875 -0.127517700195312
-0.0852279663085938 -0.0209426879882813 -0.154983520507813 -0.0815277099609375
-0.0842361450195313 0.0321884155273437 -0.153030395507813 -0.04669189453125
-0.076324462890625 0.0620193481445313 -0.125823974609375 -0.03326416015625
-0.0711593627929688 0.0654067993164063 -0.0791702270507813 -0.0457382202148438
-0.0794754028320313 0.0868682861328125 -0.0429763793945313 -0.071990966796875
-0.0996017456054688 0.0740432739257812 0.0170516967773438 -0.0738449096679688
-0.136344909667969 0.0267486572265625 0.054595947265625 -0.0583343505859375
-0.146865844726563 -0.026763916015625 0.0591468811035156 -0.0146598815917969
-0.105430603027344 -0.124458312988281 0.0509109497070312 0.00458908081054687
-0.0768890380859375 -0.1610107421875 0.012629508972168 -0.0174026489257813
-0.025177001953125 -0.19537353515625 0.03948974609375 -0.116264343261719
0.031280517578125 -0.165023803710938 -0.173355102539063 -0.106857299804688
0.00356292724609376 -0.135932922363281 -0.128555297851563 -0.174346923828125
-0.033233642578125 -0.144287109375 -0.124053955078125 -0.178436279296875
-0.0872268676757813 -0.104087829589844 -0.157394409179687 -0.1424560546875
-0.0902862548828125 -0.0573577880859375 -0.13360595703125 -0.0860137939453125
-0.105606079101563 -0.00202941894531251 -0.123886108398437 -0.058990478515625
-0.103111267089844 0.0286407470703125 -0.0951156616210938 -0.0557937622070313
-0.0954132080078125 0.0295867919921875 -0.0551071166992188 -0.0674819946289062
-0.103866577148437 0.0458908081054688 -0.0245513916015625 -0.0956268310546875
-0.105728149414063 0.03155517578125 0.0279006958007812 -0.0927810668945313
-0.121597290039063 -0.0115509033203125 0.0594482421875 -0.072601318359375
-0.120437622070313 -0.0509872436523437 0.0566139221191406 -0.0310096740722656
-0.06982421875 -0.124404907226563 0.0386734008789063 -0.0148086547851563
-0.033538818359375 -0.14422607421875 -0.00846862792968751 -0.0558662414550781
0.0157012939453125 -0.160079956054688 0.036773681640625 -0.176956176757813
0.064453125 -0.106781005859375 -0.149307250976563 -0.152969360351563
0.0445098876953125 -0.109962463378906 -0.113388061523438 -0.211624145507812
0.00439453125 -0.137718200683594 -0.113006591796875 -0.187835693359375
-0.0587539672851562 -0.117469787597656 -0.138671875 -0.141250610351563
-0.0716781616210937 -0.07763671875 -0.100677490234375 -0.0817642211914062
-0.102447509765625 -0.0375747680664063 -0.0842514038085938 -0.0627365112304688
-0.110908508300781 -0.0101776123046875 -0.0547409057617188 -0.0687789916992188
-0.104545593261719 -0.0100936889648438 -0.0224990844726563 -0.0795516967773438
-0.11505126953125 -0.00168609619140627 0.00511932373046875 -0.104759216308594
-0.102386474609375 -0.017578125 0.04705810546875 -0.0941848754882813
-0.0946884155273438 -0.056243896484375 0.0699958801269531 -0.0690803527832031
-0.0781936645507813 -0.0807876586914063 0.0588760375976563 -0.0329627990722656
-0.0141372680664062 -0.12066650390625 0.0328140258789063 -0.0212154388427734
0.0249862670898437 -0.116943359375 -0.0141067504882813 -0.0823974609375
0.058868408203125 -0.108612060546875 0.0431671142578125 -0.22198486328125
0.0848922729492188 -0.0312042236328125 -0.123489379882813 -0.168777465820312
0.0714187622070313 -0.0559158325195312 -0.098480224609375 -0.21868896484375
0.0405044555664062 -0.0949478149414063 -0.102645874023438 -0.176559448242188
-0.0127792358398438 -0.0994415283203125 -0.115058898925781 -0.124481201171875
-0.0296859741210938 -0.080841064453125 -0.0710067749023438 -0.0660476684570313
-0.07257080078125 -0.0669784545898437 -0.0435638427734375 -0.0571327209472656
-0.0976028442382813 -0.0496826171875 -0.0126113891601563 -0.0702095031738281
-0.0970916748046875 -0.0486526489257812 0.0150680541992187 -0.0784988403320313
-0.110786437988281 -0.0483016967773438 0.0427017211914063 -0.0972900390625
-0.0893173217773438 -0.0614166259765625 0.0741958618164063 -0.077392578125
-0.0612335205078125 -0.0921859741210938 0.0859603881835938 -0.0511932373046875
-0.0331649780273437 -0.102577209472656 0.0676345825195313 -0.0234489440917969
0.0415267944335937 -0.108474731445313 0.0404739379882812 -0.0161972045898438
0.0836639404296875 -0.0782089233398438 0.000610351562500001 -0.0911636352539063
0.0993881225585937 -0.0433502197265625 0.0695037841796875 -0.238021850585938
0.0946578979492188 0.0481109619140625 -0.100372314453125 -0.148727416992188
0.08685302734375 0.00949859619140625 -0.0861053466796875 -0.195236206054688
0.0719680786132813 -0.031219482421875 -0.0929107666015625 -0.147506713867188
0.039398193359375 -0.060638427734375 -0.0931243896484375 -0.098785400390625
0.0224075317382813 -0.0699272155761719 -0.0502090454101563 -0.0452880859375
-0.0263595581054688 -0.0907211303710938 -0.0139999389648438 -0.0407752990722656
-0.068206787109375 -0.0849533081054687 0.0228691101074219 -0.0576362609863281
-0.0747451782226563 -0.0795822143554687 0.0485191345214844 -0.064697265625
-0.0902862548828125 -0.0840835571289062 0.0811920166015625 -0.0765151977539063
-0.0655517578125 -0.0901260375976563 0.103179931640625 -0.0495834350585938
-0.0274887084960937 -0.107124328613281 0.107131958007813 -0.0232772827148438
0.0058135986328125 -0.105796813964844 0.0858993530273438 -0.00509643554687501
0.0810012817382813 -0.085693359375 0.0606155395507813 0.00091171264648437
0.124481201171875 -0.0318222045898437 0.03497314453125 -0.08197021484375
0.123252868652344 0.0262832641601563 0.10357666015625 -0.2274169921875
-0.137557983398438 -0.108146667480469 -0.121063232421875 0.201278686523438
-0.131523132324219 0.0289382934570313 -0.0657882690429688 0.0788421630859375
-0.0868759155273438 0.0753707885742187 -0.0758209228515625 -0.027069091796875
-0.0311660766601562 0.104019165039063 -0.112960815429688 -0.0336456298828125
0.00809478759765625 0.0928421020507813 -0.133956909179688 -0.0188140869140625
0.0600357055664063 0.094146728515625 -0.139350891113281 0.0324020385742187
0.0720291137695313 0.0868759155273438 -0.117813110351563 0.0612030029296875
0.056610107421875 0.0891265869140625 -0.0801467895507813 0.0534133911132813
0.0542984008789063 0.105484008789063 -0.0419807434082031 0.0427589416503906
0.00343322753906251 0.105613708496094 0.00276565551757813 0.0293025970458984
-0.0533828735351563 0.0901260375976563 0.0404777526855469 0.0324935913085938
-0.0865325927734375 0.0496063232421875 0.0667266845703125 0.071380615234375
-0.108749389648438 -0.024810791015625 0.0820083618164063 0.117256164550781
-0.118682861328125 -0.0676193237304688 0.0884552001953125 0.155853271484375
-0.102035522460937 -0.129432678222656 0.0849227905273438 0.109207153320312
-0.11614990234375 -0.161636352539062 -0.165008544921875 0.143661499023438
-0.123687744140625 -0.0293197631835937 -0.108367919921875 0.0317535400390625
-0.093902587890625 0.0194015502929687 -0.105628967285156 -0.0592880249023438
-0.0570869445800781 0.0611953735351563 -0.144500732421875 -0.061370849609375
-0.02239990234375 0.0634918212890625 -0.155502319335938 -0.041168212890625
0.0135269165039062 0.0848312377929688 -0.163742065429688 0.00611877441406252
0.0245285034179688 0.0928802490234375 -0.143661499023438 0.0360870361328125
0.0152969360351562 0.0965347290039063 -0.098876953125 0.0263900756835937
0.00931549072265624 0.119209289550781 -0.0588607788085938 0.0105438232421875
-0.0401229858398437 0.114265441894531 -0.00432300567626953 -0.00241446495056152
-0.102279663085938 0.0803756713867188 0.0371322631835937 0.00254058837890625
-0.132316589355469 0.0241851806640625 0.0586624145507812 0.040374755859375
-0.128616333007813 -0.0774993896484375 0.0697555541992187 0.0723876953125
-0.124992370605469 -0.124298095703125 0.0640335083007812 0.096466064453125
-0.0954437255859375 -0.182342529296875 0.0608749389648437 0.0401725769042969
-0.073516845703125 -0.198043823242187 -0.195236206054688 0.06561279296875
-0.0929641723632813 -0.0883636474609375 -0.135971069335938 -0.0317916870117187
-0.08819580078125 -0.0501937866210937 -0.125411987304687 -0.101776123046875
-0.08135986328125 0.00277709960937501 -0.169097900390625 -0.0912017822265625
-0.0554237365722656 0.0236778259277344 -0.168914794921875 -0.05841064453125
-0.0358810424804688 0.0636749267578125 -0.174636840820313 -0.013671875
-0.0265350341796875 0.0858688354492188 -0.15167236328125 0.00929260253906249
-0.029876708984375 0.0891342163085938 -0.102684020996094 -0.00396728515624999
-0.0352935791015625 0.115325927734375 -0.0642547607421875 -0.0261764526367187
-0.0737075805664062 0.106697082519531 -0.004241943359375 -0.0363197326660156
-0.13043212890625 0.0647659301757813 0.0379371643066406 -0.0290107727050781
-0.155563354492188 0.00421142578125001 0.0524482727050781 0.0113563537597656
-0.135238647460938 -0.107658386230469 0.0555305480957031 0.0327873229980469
-0.1187744140625 -0.155181884765625 0.0327644348144531 0.037261962890625
-0.073699951171875 -0.208084106445312 0.0378341674804687 -0.0372238159179688
-0.0247344970703125 -0.205612182617188 -0.204452514648437 -0.0146484375000001
-0.0500106811523438 -0.131927490234375 -0.1478271484375 -0.0991058349609375
-0.0721359252929688 -0.114753723144531 -0.136566162109375 -0.141845703125
-0.0984573364257813 -0.05810546875 -0.179855346679688 -0.116134643554687
-0.086212158203125 -0.0197677612304688 -0.165725708007813 -0.0714111328125
-0.0819854736328125 0.0344772338867188 -0.16448974609375 -0.0341796875
-0.0749664306640625 0.0658721923828125 -0.138359069824219 -0.01873779296875
-0.06976318359375 0.0694007873535156 -0.0905609130859375 -0.0337677001953125
-0.0766143798828125 0.093017578125 -0.0573272705078125 -0.0606536865234375
-0.097015380859375 0.0817031860351563 0.00115585327148436 -0.0669708251953125
-0.138969421386719 0.0373306274414062 0.0402641296386719 -0.0550346374511719
-0.154953002929688 -0.016876220703125 0.0478019714355469 -0.012939453125
-0.120231628417969 -0.122848510742187 0.0395011901855469 0.00337982177734374
-0.093109130859375 -0.163070678710938 -0.00011825561523438 -0.0134868621826172
-0.040496826171875 -0.205123901367188 0.0191802978515625 -0.113922119140625
0.0261688232421875 -0.180206298828125 -0.195083618164063 -0.08966064453125
-0.000595092773437514 -0.146408081054688 -0.148086547851563 -0.161239624023437
-0.04119873046875 -0.154556274414062 -0.139724731445313 -0.170089721679688
-0.0973052978515625 -0.105491638183594 -0.172637939453125 -0.131439208984375
-0.0981521606445313 -0.0575485229492187 -0.143356323242188 -0.0766143798828125
-0.112052917480469 0.00237274169921876 -0.134475708007813 -0.0479965209960938
-0.1092529296875 0.0367813110351562 -0.107421875 -0.0437393188476563
-0.100440979003906 0.0378799438476563 -0.0653305053710938 -0.0568161010742188
-0.108245849609375 0.0560531616210938 -0.0381011962890625 -0.0851898193359375
-0.110595703125 0.0404129028320313 0.0135498046875 -0.085845947265625
-0.131095886230469 -0.00492095947265624 0.0455245971679687 -0.0681877136230469
-0.132278442382813 -0.0469818115234375 0.0438995361328125 -0.0271186828613281
-0.0819168090820312 -0.130218505859375 0.0249195098876953 -0.0142135620117188
-0.044219970703125 -0.154556274414062 -0.0251960754394531 -0.0531539916992188
0.0086212158203125 -0.175186157226563 0.01318359375 -0.179428100585938
0.06768798828125 -0.125457763671875 -0.173538208007813 -0.142913818359375
0.04425048828125 -0.125289916992188 -0.134689331054688 -0.20367431640625
-0.00285339355468749 -0.1544189453125 -0.13067626953125 -0.181503295898437
-0.0725860595703125 -0.124687194824219 -0.152206420898437 -0.130142211914063
-0.08477783203125 -0.0810470581054687 -0.108169555664062 -0.074188232421875
-0.115646362304688 -0.0317459106445312 -0.0924301147460938 -0.0550003051757813
-0.122879028320313 0.00072479248046876 -0.0643653869628907 -0.0609588623046875
-0.115272521972656 0.000503540039062489 -0.0304489135742188 -0.0723648071289063
-0.1263427734375 0.0110321044921875 -0.00626373291015625 -0.0972518920898438
-0.114761352539062 -0.00961303710937499 0.0352249145507812 -0.0880050659179688
-0.110420227050781 -0.0540924072265625 0.0585289001464844 -0.0644760131835938
-0.0938034057617187 -0.0840072631835938 0.0462570190429687 -0.0291023254394531
-0.0230560302734375 -0.134796142578125 0.0205631256103516 -0.0208930969238281
0.0214614868164063 -0.133834838867188 -0.0322647094726562 -0.081939697265625
0.059906005859375 -0.1273193359375 0.019195556640625 -0.227859497070313
0.095916748046875 -0.0492095947265625 -0.145004272460938 -0.164657592773438
0.078460693359375 -0.074676513671875 -0.119827270507812 -0.216598510742188
0.0386581420898438 -0.115234375 -0.119476318359375 -0.170608520507813
-0.0263900756835937 -0.111991882324219 -0.124168395996094 -0.11480712890625
-0.0451202392578125 -0.0877304077148437 -0.073944091796875 -0.0612564086914063
-0.0905532836914063 -0.0631866455078125 -0.047393798828125 -0.0539741516113281
-0.115104675292969 -0.0395660400390625 -0.0185317993164063 -0.0681877136230469
-0.112442016601563 -0.0375518798828125 0.0102691650390625 -0.0761566162109375
-0.127456665039063 -0.0351409912109375 0.0357131958007812 -0.093658447265625
-0.10662841796875 -0.0528793334960938 0.0671234130859375 -0.07342529296875
-0.0814208984375 -0.0930252075195313 0.078277587890625 -0.0477981567382813
-0.0516738891601563 -0.111251831054688 0.0588912963867187 -0.02117919921875
0.0352020263671875 -0.12841796875 0.0305042266845703 -0.0177497863769531
0.085784912109375 -0.100852966308594 -0.0137557983398438 -0.0954208374023438
0.109062194824219 -0.063629150390625 0.04815673828125 -0.250198364257813
0.112953186035156 0.0328140258789063 -0.11688232421875 -0.150787353515625
0.0988006591796875 -0.00801849365234375 -0.10357666015625 -0.196807861328125
0.0751571655273438 -0.0515823364257813 -0.105560302734375 -0.142532348632813
0.0302734375 -0.0766067504882813 -0.0985946655273438 -0.091339111328125
0.00940704345703125 -0.0792922973632813 -0.0485992431640625 -0.0417442321777344
-0.045562744140625 -0.0894393920898438 -0.0120773315429688 -0.0421218872070313
-0.087738037109375 -0.0760269165039063 0.0223121643066406 -0.0608634948730469
-0.0922622680664063 -0.0690841674804687 0.047760009765625 -0.0673332214355469
-0.109870910644531 -0.0712814331054688 0.079071044921875 -0.07843017578125
-0.08502197265625 -0.0827484130859375 0.1016845703125 -0.0486907958984375
-0.0485916137695312 -0.11077880859375 0.104835510253906 -0.0233306884765625
-0.01300048828125 -0.117034912109375 0.0802764892578125 -0.00629425048828126
0.0768814086914063 -0.107894897460938 0.0554771423339844 -0.00401687622070313
0.131584167480469 -0.0552215576171875 0.0255508422851563 -0.0918045043945313
0.139762878417969 0.00646209716796875 0.0884552001953125 -0.244247436523438
-0.156112670898438 -0.0844573974609375 -0.102752685546875 0.222976684570312
-0.127357482910156 0.054534912109375 -0.0537109375 0.0911407470703125
-0.0742721557617188 0.0942230224609375 -0.0743255615234375 -0.0210113525390625
-0.00980377197265625 0.111373901367188 -0.113868713378906 -0.0276718139648437
0.0273361206054688 0.0901947021484375 -0.137062072753906 -0.0111160278320313
0.077972412109375 0.0784912109375 -0.13983154296875 0.0410842895507813
0.0862350463867188 0.0698623657226563 -0.118751525878906 0.0726776123046875
0.07098388671875 0.0752716064453125 -0.0810623168945313 0.0629196166992188
0.072662353515625 0.0911026000976563 -0.0432815551757812 0.0514183044433594
0.022979736328125 0.101051330566406 -0.002044677734375 0.0319385528564453
-0.034423828125 0.0973587036132812 0.0364723205566406 0.0323066711425781
-0.0757598876953125 0.066162109375 0.0687599182128906 0.0664634704589844
-0.115287780761719 -0.00250244140624999 0.08892822265625 0.110641479492188
-0.133811950683594 -0.0440444946289063 0.10186767578125 0.151763916015625
-0.127128601074219 -0.111824035644531 0.094329833984375 0.109237670898438
-0.136642456054687 -0.144683837890625 -0.155380249023437 0.173294067382813
-0.124153137207031 -0.00859069824218749 -0.103126525878906 0.051239013671875
-0.0861129760742188 0.034576416015625 -0.108383178710937 -0.0484085083007813
-0.0406913757324219 0.0685882568359375 -0.148666381835938 -0.0502166748046875
-0.0072784423828125 0.0621185302734375 -0.161224365234375 -0.0287933349609375
0.0279693603515625 0.074554443359375 -0.168106079101563 0.0199432373046875
0.0367660522460937 0.0828018188476563 -0.147415161132812 0.0529327392578125
0.0282363891601563 0.087677001953125 -0.102798461914063 0.0407791137695313
0.0265350341796875 0.111412048339844 -0.0641326904296875 0.0242729187011719
-0.0226669311523438 0.114608764648438 -0.0130443572998047 0.00474834442138673
-0.0868988037109375 0.0925369262695313 0.0290412902832031 0.00502967834472657
-0.126899719238281 0.043243408203125 0.0554962158203125 0.0394401550292969
-0.14093017578125 -0.0569305419921875 0.0686454772949219 0.0684471130371094
-0.14508056640625 -0.105239868164063 0.068695068359375 0.0969619750976563
-0.123367309570312 -0.170761108398438 0.060394287109375 0.0450057983398437
-0.0952148437499999 -0.190597534179687 -0.195770263671875 0.0988006591796875
-0.09906005859375 -0.075531005859375 -0.138839721679688 -0.00896453857421878
-0.0884170532226563 -0.0407562255859375 -0.133453369140625 -0.087646484375
-0.074005126953125 0.0103302001953125 -0.177947998046875 -0.0755157470703125
-0.0475540161132813 0.0242118835449219 -0.176864624023438 -0.04266357421875
-0.0260429382324219 0.0591239929199219 -0.1806640625 0.00354003906249999
-0.0181961059570312 0.0829010009765625 -0.15777587890625 0.0303497314453125
-0.0205001831054687 0.0871047973632813 -0.108726501464844 0.0132064819335938
-0.0222244262695313 0.114303588867187 -0.0737152099609375 -0.0102081298828125
-0.0611343383789063 0.111251831054688 -0.0162067413330078 -0.0272064208984375
-0.120903015136719 0.0788726806640625 0.0265998840332031 -0.0236358642578125
-0.15570068359375 0.0229339599609375 0.0452346801757812 0.012969970703125
-0.150146484375 -0.09136962890625 0.0478515625 0.0317840576171875
-0.140350341796875 -0.1417236328125 0.0284805297851562 0.0419540405273437
-0.100936889648438 -0.20404052734375 0.0265884399414062 -0.030670166015625
-0.04345703125 -0.208633422851563 -0.213760375976563 0.018341064453125
-0.0594329833984375 -0.129348754882813 -0.158233642578125 -0.0760498046875
-0.0799484252929687 -0.112335205078125 -0.149642944335938 -0.126113891601562
-0.101951599121094 -0.0511016845703125 -0.1915283203125 -0.0979461669921875
-0.0854263305664063 -0.0168533325195313 -0.1744384765625 -0.05413818359375
-0.07952880859375 0.0366592407226563 -0.17254638671875 -0.0150146484375
-0.0714340209960938 0.0707168579101563 -0.146469116210937 0.00201416015625002
-0.0655517578125 0.0741958618164063 -0.0977249145507813 -0.0158920288085938
-0.069366455078125 0.0998687744140625 -0.0687942504882813 -0.0435523986816406
-0.0904922485351563 0.0897903442382813 -0.0125350952148438 -0.0565185546875
-0.136741638183594 0.0520248413085937 0.0270843505859375 -0.0480079650878906
-0.16009521484375 -0.000244140624999988 0.0374488830566406 -0.00836944580078125
-0.135986328125 -0.113624572753906 0.0275917053222656 0.00562095642089843
-0.113510131835938 -0.157318115234375 -0.01141357421875 -0.00576400756835939
-0.064117431640625 -0.208831787109375 -0.00151062011718749 -0.106773376464844
0.0121612548828125 -0.192977905273438 -0.21258544921875 -0.060821533203125
-0.011383056640625 -0.154434204101563 -0.1658935546875 -0.13983154296875
-0.055908203125 -0.160415649414063 -0.15643310546875 -0.154205322265625
-0.10968017578125 -0.101631164550781 -0.185745239257813 -0.111923217773437
-0.106727600097656 -0.0535202026367187 -0.152236938476562 -0.0610504150390625
-0.116523742675781 0.010711669921875 -0.142654418945313 -0.0306549072265625
-0.11187744140625 0.04864501953125 -0.115325927734375 -0.0253067016601563
-0.101921081542969 0.0490036010742188 -0.0731735229492188 -0.0422897338867188
-0.107406616210937 0.06964111328125 -0.05059814453125 -0.0709075927734375
-0.11175537109375 0.0522232055664063 -0.00051116943359375 -0.075164794921875
-0.137702941894531 0.00802612304687501 0.0325202941894531 -0.060760498046875
-0.144363403320313 -0.036102294921875 0.0330009460449219 -0.0212783813476563
-0.0977096557617187 -0.130279541015625 0.0116052627563477 -0.00995922088623048
-0.0602264404296875 -0.159378051757813 -0.0415458679199219 -0.044464111328125
-0.007568359375 -0.188064575195313 -0.0149383544921875 -0.173599243164063
0.061798095703125 -0.145095825195313 -0.195724487304688 -0.1209716796875
0.036041259765625 -0.142333984375 -0.158981323242187 -0.186859130859375
-0.0189208984375 -0.168777465820313 -0.149200439453125 -0.166976928710938
-0.0907974243164063 -0.125694274902344 -0.164443969726562 -0.112777709960938
-0.100234985351562 -0.0783309936523438 -0.11480712890625 -0.0621261596679688
-0.126480102539063 -0.02001953125 -0.0994873046875 -0.0424728393554688
-0.131813049316406 0.0175399780273437 -0.0722808837890625 -0.04827880859375
-0.123146057128906 0.0166549682617187 -0.0371475219726563 -0.0624732971191406
-0.133499145507813 0.0296630859375 -0.0169830322265625 -0.0873260498046875
-0.122909545898438 0.00518035888671876 0.0248184204101562 -0.0793838500976563
-0.125190734863281 -0.0440826416015625 0.0479583740234375 -0.0584449768066406
-0.111747741699219 -0.0796661376953125 0.0363998413085937 -0.0233001708984375
-0.03900146484375 -0.144577026367188 0.00748348236083984 -0.0167884826660156
0.0100250244140625 -0.149078369140625 -0.0506591796875 -0.0749664306640625
0.0529022216796875 -0.147079467773438 -0.0112762451171875 -0.226593017578125
0.099456787109375 -0.0729827880859375 -0.167770385742188 -0.151779174804688
0.07598876953125 -0.0964431762695312 -0.1448974609375 -0.205078125
0.0264739990234375 -0.134727478027344 -0.136123657226563 -0.157089233398437
-0.0451507568359375 -0.118827819824219 -0.133399963378906 -0.100677490234375
-0.062591552734375 -0.08807373046875 -0.0768966674804688 -0.0536270141601563
-0.107521057128906 -0.051910400390625 -0.0515098571777344 -0.04803466796875
-0.1279296875 -0.0201263427734375 -0.0243682861328125 -0.063323974609375
-0.124687194824219 -0.0197677612304688 0.00510406494140624 -0.072418212890625
-0.140090942382813 -0.0142974853515625 0.0274887084960937 -0.09039306640625
-0.120979309082031 -0.03741455078125 0.0602073669433594 -0.0689468383789063
-0.1026611328125 -0.0849609375 0.0720367431640625 -0.0448150634765625
-0.0736312866210938 -0.112007141113281 0.0499153137207031 -0.0174751281738281
0.0202789306640625 -0.146270751953125 0.0193843841552734 -0.0167503356933594
0.0790863037109375 -0.124931335449219 -0.0320205688476562 -0.0940170288085938
0.110572814941406 -0.0887908935546875 0.0175018310546875 -0.255767822265625
0.125389099121094 0.009521484375 -0.135208129882813 -0.144912719726562
0.104850769042969 -0.031280517578125 -0.125564575195313 -0.190322875976563
0.0703353881835938 -0.07415771484375 -0.118629455566406 -0.131118774414063
0.0145950317382812 -0.0895614624023438 -0.10345458984375 -0.0803146362304688
-0.00835418701171874 -0.0850448608398438 -0.0464744567871094 -0.0379981994628906
-0.066619873046875 -0.08172607421875 -0.0129127502441406 -0.04290771484375
-0.105056762695313 -0.0594100952148438 0.018798828125 -0.0639991760253906
-0.107345581054688 -0.0522308349609375 0.0455703735351562 -0.0707321166992187
-0.125808715820313 -0.0501785278320313 0.0748291015625 -0.0816421508789063
-0.102935791015625 -0.066925048828125 0.0995864868164063 -0.0492019653320313
-0.072357177734375 -0.104896545410156 0.101837158203125 -0.0249099731445313
-0.036346435546875 -0.120315551757813 0.0743026733398438 -0.00638580322265626
0.0629119873046875 -0.128868103027344 0.0474166870117188 -0.00758361816406251
0.129127502441406 -0.0839767456054688 0.00986480712890626 -0.0973663330078125
0.147979736328125 -0.0207061767578125 0.062530517578125 -0.258255004882813
-0.16455078125 -0.054840087890625 -0.0749359130859375 0.236343383789063
-0.113761901855469 0.0767135620117188 -0.0369186401367188 0.0981216430664063
-0.054840087890625 0.106758117675781 -0.0706100463867188 -0.015106201171875
0.0134201049804687 0.109603881835938 -0.111381530761719 -0.0211944580078125
0.04425048828125 0.0806427001953125 -0.135963439941406 -0.00185394287109373
0.0887069702148438 0.0579833984375 -0.136642456054687 0.0491409301757813
0.0928726196289063 0.0493316650390625 -0.113395690917969 0.08270263671875
0.0792388916015625 0.0573272705078125 -0.0768661499023437 0.0717620849609375
0.084320068359375 0.0712661743164063 -0.0402870178222656 0.0594825744628906
0.0393829345703125 0.08917236328125 -0.00441360473632812 0.0352859497070313
-0.0134201049804687 0.0972366333007813 0.0332622528076172 0.0321846008300781
-0.0595855712890625 0.0770797729492188 0.0687103271484375 0.0598297119140625
-0.112144470214844 0.0207672119140625 0.0923309326171875 0.100074768066406
-0.138755798339844 -0.0171737670898437 0.1138916015625 0.141860961914063
-0.142776489257813 -0.0865020751953125 0.103225708007812 0.103805541992188
-0.150955200195313 -0.12017822265625 -0.133377075195313 0.196731567382813
-0.116317749023438 0.01165771484375 -0.0903091430664063 0.0678024291992188
-0.073211669921875 0.0464553833007813 -0.107192993164063 -0.03643798828125
-0.0225791931152344 0.0697288513183594 -0.148040771484375 -0.0359649658203125
0.00605010986328125 0.0549888610839844 -0.16156005859375 -0.0138702392578125
0.0382728576660156 0.0592803955078125 -0.165557861328125 0.0349884033203125
0.0449104309082031 0.0680770874023437 -0.143356323242188 0.0701904296875
0.0372772216796875 0.075164794921875 -0.0997390747070313 0.0558929443359375
0.0396270751953125 0.0975189208984375 -0.0639495849609375 0.0382118225097656
-0.005859375 0.108085632324219 -0.0184478759765625 0.0130195617675781
-0.0676727294921875 0.0978317260742188 0.0226593017578125 0.00945663452148438
-0.114021301269531 0.0594406127929687 0.0521430969238281 0.0382041931152344
-0.1441650390625 -0.0335845947265625 0.0658187866210937 0.063385009765625
-0.156417846679687 -0.0789947509765625 0.0733718872070312 0.093841552734375
-0.14508056640625 -0.148666381835938 0.0605125427246094 0.0475044250488281
-0.112899780273438 -0.174880981445313 -0.181991577148437 0.130111694335938
-0.0995254516601562 -0.0604248046875 -0.132156372070313 0.0147018432617187
-0.0849990844726563 -0.0305938720703125 -0.136390686035156 -0.0707244873046875
-0.0639114379882813 0.0145645141601563 -0.179443359375 -0.0554351806640625
-0.039398193359375 0.0223655700683594 -0.177810668945313 -0.0243377685546875
-0.0186195373535156 0.0521430969238281 -0.179229736328125 0.0233306884765625
-0.010955810546875 0.0769119262695313 -0.153900146484375 0.051727294921875
-0.0121536254882812 0.0816268920898438 -0.107185363769531 0.0316925048828125
-0.0100631713867188 0.108833312988281 -0.0754776000976563 0.00820159912109375
-0.0460052490234375 0.110939025878906 -0.0238838195800781 -0.0150794982910156
-0.106513977050781 0.0886764526367187 0.0179557800292969 -0.0155258178710937
-0.147216796875 0.041107177734375 0.0393028259277344 0.0169143676757813
-0.158035278320313 -0.0708770751953125 0.0401954650878906 0.0325851440429687
-0.155715942382813 -0.120223999023438 0.0255928039550781 0.0467491149902344
-0.125762939453125 -0.188613891601562 0.017608642578125 -0.0213375091552734
-0.0635528564453125 -0.203033447265625 -0.208831787109375 0.05316162109375
-0.0674819946289062 -0.121871948242188 -0.159271240234375 -0.0489044189453125
-0.08770751953125 -0.105720520019531 -0.155914306640625 -0.105087280273437
-0.101318359375 -0.0432891845703125 -0.19500732421875 -0.07421875
-0.0846023559570313 -0.0135345458984375 -0.176162719726563 -0.033782958984375
-0.0751876831054687 0.038665771484375 -0.171798706054688 0.00677490234374998
-0.0654449462890625 0.0743865966796875 -0.14453125 0.0251312255859375
-0.0588607788085938 0.0773849487304688 -0.09820556640625 0.0026092529296875
-0.0583114624023437 0.102912902832031 -0.0734939575195313 -0.0241241455078125
-0.0798263549804688 0.0956649780273438 -0.0215187072753906 -0.0414772033691406
-0.128608703613281 0.0644302368164062 0.0171089172363281 -0.0372962951660156
-0.158248901367188 0.0165557861328125 0.029815673828125 -0.00119590759277344
-0.147262573242188 -0.0980682373046875 0.0175313949584961 0.0112180709838867
-0.1298828125 -0.144088745117187 -0.0200614929199219 0.00527191162109374
-0.0882415771484375 -0.202163696289063 -0.0186538696289062 -0.0927963256835938
-0.006072998046875 -0.198562622070312 -0.216812133789063 -0.02618408203125
-0.0250396728515625 -0.15618896484375 -0.174560546875 -0.111343383789063
-0.07257080078125 -0.158950805664063 -0.165725708007813 -0.1312255859375
-0.119789123535156 -0.09197998046875 -0.190887451171875 -0.0873260498046875
-0.112777709960938 -0.0457077026367188 -0.153823852539063 -0.042449951171875
-0.116416931152344 0.02099609375 -0.143112182617187 -0.011260986328125
-0.108184814453125 0.06097412109375 -0.116348266601563 -0.00489807128906251
-0.0987014770507813 0.0595321655273437 -0.0750274658203125 -0.0256500244140625
-0.100677490234375 0.0818557739257813 -0.0567703247070313 -0.0524024963378906
-0.106849670410156 0.063751220703125 -0.00912094116210938 -0.0606307983398438
-0.138229370117188 0.023040771484375 0.02294921875 -0.0496177673339844
-0.149200439453125 -0.021331787109375 0.0249042510986328 -0.0118637084960938
-0.112709045410156 -0.123077392578125 0.000658273696899407 -0.00159358978271485
-0.0777587890625 -0.156784057617188 -0.0541954040527344 -0.0307388305664063
-0.0277862548828125 -0.191513061523438 -0.039337158203125 -0.158279418945313
0.0479888916015625 -0.16046142578125 -0.207672119140625 -0.0900115966796875
0.0218658447265625 -0.1533203125 -0.174240112304688 -0.161224365234375
-0.039154052734375 -0.1739501953125 -0.160308837890625 -0.14373779296875
-0.108695983886719 -0.118003845214844 -0.16937255859375 -0.0905609130859375
-0.112281799316406 -0.068878173828125 -0.116653442382813 -0.0482025146484375
-0.131980895996094 -0.00447082519531252 -0.100830078125 -0.0276947021484375
-0.132095336914063 0.0371475219726562 -0.0750579833984375 -0.0337448120117188
-0.122718811035156 0.0335159301757812 -0.04058837890625 -0.05072021484375
-0.131332397460938 0.0497207641601563 -0.0242385864257813 -0.0733108520507813
-0.124305725097656 0.0216598510742187 0.0166778564453125 -0.06805419921875
-0.134468078613281 -0.0279388427734375 0.0402450561523437 -0.0496177673339844
-0.125564575195313 -0.0671539306640625 0.0284652709960937 -0.0142784118652344
-0.05755615234375 -0.146453857421875 -0.00371742248535157 -0.00903701782226563
-0.00781250000000002 -0.158706665039063 -0.0666007995605469 -0.0610771179199219
0.0370025634765625 -0.161712646484375 -0.0410003662109375 -0.213333129882813
0.0933914184570312 -0.0955276489257812 -0.18310546875 -0.128189086914062
0.065460205078125 -0.114471435546875 -0.163543701171875 -0.183074951171875
0.00765991210937499 -0.147933959960938 -0.147552490234375 -0.13702392578125
-0.0652923583984375 -0.116783142089844 -0.136512756347656 -0.0828094482421875
-0.079437255859375 -0.0811080932617188 -0.0769500732421875 -0.0444183349609375
-0.118324279785156 -0.0348129272460937 -0.0535545349121094 -0.0411872863769531
-0.133819580078125 0.00261688232421874 -0.02886962890625 -0.0563201904296875
-0.128387451171875 0.00177001953125 0.000740051269531246 -0.0674896240234375
-0.143218994140625 0.010284423828125 0.0199508666992187 -0.0840530395507813
-0.128402709960938 -0.01708984375 0.0551490783691406 -0.063018798828125
-0.118751525878906 -0.0691146850585938 0.0658836364746094 -0.0401153564453125
-0.093994140625 -0.102569580078125 0.0430068969726563 -0.0115890502929688
-0.000686645507812511 -0.15557861328125 0.00959587097167969 -0.0118551254272461
0.0623321533203125 -0.144088745117188 -0.04937744140625 -0.0854339599609375
0.101509094238281 -0.112586975097656 -0.0139312744140625 -0.248611450195312
0.127532958984375 -0.016815185546875 -0.149505615234375 -0.129501342773437
0.101005554199219 -0.0545730590820313 -0.143280029296875 -0.174270629882812
0.0573348999023438 -0.0934524536132813 -0.126327514648438 -0.11468505859375
-0.0050048828125 -0.094512939453125 -0.103874206542969 -0.067657470703125
-0.0258255004882812 -0.0831222534179688 -0.0442123413085937 -0.0346946716308594
-0.0816116333007813 -0.0661697387695313 -0.0136947631835938 -0.0429840087890625
-0.11480712890625 -0.0366592407226563 0.0143547058105469 -0.0657539367675781
-0.114227294921875 -0.0303497314453125 0.0410385131835938 -0.072723388671875
-0.133255004882813 -0.0247879028320312 0.0680313110351562 -0.0834808349609375
-0.113677978515625 -0.045501708984375 0.0966567993164062 -0.0506057739257812
-0.0916595458984375 -0.0904922485351563 0.0977935791015625 -0.0262374877929688
-0.059417724609375 -0.114364624023438 0.0684013366699219 -0.00542831420898438
0.0414886474609375 -0.142807006835938 0.0393180847167969 -0.00843048095703126
0.115684509277344 -0.109146118164062 -0.00731658935546875 -0.0965957641601563
0.145904541015625 -0.0493927001953125 0.0316925048828125 -0.2603759765625
-0.162246704101562 -0.0271148681640625 -0.049072265625 0.237045288085938
-0.09442138671875 0.089935302734375 -0.020538330078125 0.098114013671875
-0.0348281860351563 0.111114501953125 -0.0653457641601563 -0.0114402770996094
0.0316085815429688 0.100578308105469 -0.106422424316406 -0.016998291015625
0.0549354553222656 0.0670204162597656 -0.130851745605469 0.00445556640625
0.0904006958007813 0.0380630493164063 -0.1300048828125 0.0543975830078125
0.091766357421875 0.0303573608398437 -0.105758666992188 0.0886383056640625
0.0804443359375 0.0398330688476563 -0.0704727172851563 0.0778121948242188
0.087310791015625 0.0505905151367188 -0.0358238220214844 0.0642318725585938
0.0492706298828125 0.0737838745117188 -0.00568008422851562 0.03936767578125
0.00307464599609375 0.090057373046875 0.0301971435546875 0.0326557159423828
-0.04254150390625 0.0810394287109375 0.065887451171875 0.0548057556152344
-0.101737976074219 0.0387344360351563 0.091339111328125 0.0903701782226563
-0.133956909179688 0.00693511962890624 0.119102478027344 0.128753662109375
-0.147567749023438 -0.0600433349609375 0.107353210449219 0.096160888671875
-0.153884887695313 -0.09539794921875 -0.108322143554687 0.208480834960938
-0.103317260742188 0.02581787109375 -0.0743484497070312 0.07672119140625
-0.0582542419433594 0.0526504516601562 -0.102043151855469 -0.026763916015625
-0.0070953369140625 0.0645904541015625 -0.142669677734375 -0.0256195068359375
0.0147781372070312 0.0452117919921875 -0.155670166015625 -0.00257873535156252
0.041717529296875 0.0438156127929688 -0.15826416015625 0.045684814453125
0.0465736389160156 0.0534591674804688 -0.133674621582031 0.0828857421875
0.0403671264648438 0.0612716674804687 -0.0926971435546875 0.0670242309570313
0.0456771850585937 0.0810165405273438 -0.0589866638183594 0.049285888671875
0.00654602050781251 0.0973968505859375 -0.0203495025634766 0.0215377807617188
-0.0513458251953125 0.0963897705078125 0.0186786651611328 0.0151081085205078
-0.098541259765625 0.0684432983398438 0.0482368469238281 0.0379600524902344
-0.138702392578125 -0.01324462890625 0.0612716674804687 0.0605087280273438
-0.156997680664063 -0.0536346435546875 0.0745162963867187 0.09027099609375
-0.155197143554688 -0.1231689453125 0.0608634948730469 0.0492172241210937
-0.123046875 -0.15496826171875 -0.160995483398437 0.150787353515625
-0.0941925048828125 -0.0478668212890625 -0.119590759277344 0.0311431884765625
-0.0781707763671875 -0.0229873657226562 -0.132125854492188 -0.0553665161132812
-0.0537528991699219 0.0150604248046875 -0.17333984375 -0.038726806640625
-0.0333156585693359 0.0171604156494141 -0.17120361328125 -0.00843811035156249
-0.0146636962890625 0.0433006286621094 -0.170791625976563 0.038604736328125
-0.00614929199218749 0.0691642761230469 -0.144546508789063 0.068206787109375
-0.00708770751953126 0.0741119384765625 -0.100181579589844 0.0460128784179688
-0.00109863281250001 0.0995254516601563 -0.0711669921875 0.0237045288085938
-0.033905029296875 0.105613708496094 -0.0266990661621094 -0.002288818359375
-0.091339111328125 0.0917816162109375 0.0131187438964844 -0.00638580322265624
-0.134819030761719 0.0528335571289063 0.0350990295410156 0.0216903686523438
-0.156875610351562 -0.0514678955078125 0.0337715148925781 0.0360298156738281
-0.1610107421875 -0.097412109375 0.0241851806640625 0.0516586303710937
-0.1395263671875 -0.167205810546875 0.0128898620605469 -0.0106487274169922
-0.078216552734375 -0.191726684570313 -0.193450927734375 0.0803680419921875
-0.0717926025390625 -0.113204956054688 -0.151382446289062 -0.026031494140625
-0.090362548828125 -0.0973587036132813 -0.154037475585938 -0.0854644775390625
-0.0983047485351563 -0.0368881225585937 -0.190093994140625 -0.0537261962890625
-0.081695556640625 -0.0112991333007813 -0.169387817382813 -0.0164031982421875
-0.0710983276367188 0.0382919311523437 -0.163543701171875 0.0239410400390625
-0.0593109130859375 0.0747756958007813 -0.13519287109375 0.0428543090820313
-0.0522384643554687 0.0770416259765625 -0.0921859741210938 0.0174331665039062
-0.0489044189453125 0.101783752441406 -0.070556640625 -0.00637817382812498
-0.0687942504882813 0.0962371826171875 -0.0243988037109375 -0.0272560119628906
-0.117317199707031 0.0718841552734375 0.0124397277832031 -0.0256805419921875
-0.150588989257812 0.0302276611328125 0.0253353118896484 0.00743865966796875
-0.15106201171875 -0.0818939208984375 0.00966835021972655 0.0188331604003906
-0.139335632324219 -0.127494812011719 -0.0238246917724609 0.0170993804931641
-0.104339599609375 -0.188461303710938 -0.0289840698242188 -0.0754623413085938
-0.022735595703125 -0.1966552734375 -0.209075927734375 0.0037689208984375
-0.035980224609375 -0.15252685546875 -0.172348022460938 -0.0843353271484375
-0.0846405029296875 -0.152175903320312 -0.165847778320313 -0.109100341796875
-0.124214172363281 -0.08111572265625 -0.186599731445312 -0.0656280517578125
-0.114921569824219 -0.0382614135742188 -0.148544311523437 -0.026458740234375
-0.11346435546875 0.0288543701171875 -0.137054443359375 0.00522613525390624
-0.101181030273437 0.0702362060546875 -0.109695434570312 0.0117645263671875
-0.091552734375 0.0666580200195312 -0.0706253051757813 -0.0118255615234375
-0.091217041015625 0.0897445678710938 -0.0555610656738281 -0.0350418090820312
-0.0985794067382813 0.07110595703125 -0.0118865966796875 -0.0456924438476562
-0.132972717285156 0.0348739624023437 0.0189781188964844 -0.0374984741210938
-0.148757934570313 -0.00762939453125001 0.0210342407226562 -0.00159645080566406
-0.121597290039063 -0.1129150390625 -0.00652265548706056 0.00864791870117187
-0.0909271240234375 -0.14825439453125 -0.0601806640625 -0.0149688720703125
-0.0446319580078125 -0.1883544921875 -0.0543975830078125 -0.13787841796875
0.0319061279296875 -0.16845703125 -0.206649780273438 -0.0605621337890625
0.00761413574218752 -0.157394409179688 -0.178497314453125 -0.133102416992187
-0.0567626953125 -0.17205810546875 -0.162368774414062 -0.12139892578125
-0.119163513183594 -0.106605529785156 -0.165817260742187 -0.0701446533203125
-0.119476318359375 -0.0581436157226562 -0.112808227539063 -0.0355682373046875
-0.131683349609375 0.00988769531250002 -0.0969467163085938 -0.0154876708984375
-0.125968933105469 0.0535125732421875 -0.0723114013671875 -0.0209503173828125
-0.117332458496094 0.0476913452148438 -0.0390205383300781 -0.04010009765625
-0.122962951660156 0.0646896362304688 -0.0254440307617188 -0.059661865234375
-0.120231628417969 0.0362396240234375 0.0147590637207031 -0.0560684204101563
-0.136482238769531 -0.0118637084960937 0.0359382629394531 -0.0396041870117188
-0.132759094238281 -0.0534439086914062 0.0252170562744141 -0.00449180603027344
-0.0731353759765625 -0.141952514648438 -0.0108919143676758 0.00156307220458983
-0.02520751953125 -0.160354614257812 -0.0743789672851563 -0.0448989868164063
0.0203704833984375 -0.168899536132813 -0.0612640380859375 -0.19281005859375
0.0808639526367188 -0.111732482910156 -0.187667846679688 -0.103225708007812
0.0519561767578125 -0.125648498535156 -0.17205810546875 -0.158309936523438
-0.0122833251953125 -0.152252197265625 -0.149444580078125 -0.116256713867188
-0.081146240234375 -0.108558654785156 -0.133468627929688 -0.0665435791015625
-0.0899581909179688 -0.0713729858398438 -0.0730819702148437 -0.0369644165039063
-0.122001647949219 -0.0171737670898438 -0.052337646484375 -0.0336723327636719
-0.130264282226563 0.022216796875 -0.0299224853515625 -0.0494537353515625
-0.124557495117188 0.0199737548828125 -0.000888824462890632 -0.0619583129882812
-0.137161254882812 0.0317001342773438 0.0161590576171875 -0.075531005859375
-0.127349853515625 0.00162506103515624 0.0517616271972656 -0.0555534362792969
-0.126556396484375 -0.0511016845703125 0.0618476867675781 -0.0341949462890625
-0.107109069824219 -0.0889358520507812 0.039886474609375 -0.00473785400390626
-0.0211334228515625 -0.156509399414063 0.00226211547851562 -0.00491571426391603
0.0434112548828125 -0.154617309570313 -0.0607070922851563 -0.072357177734375
0.0862579345703125 -0.128623962402344 -0.037445068359375 -0.232025146484375
0.12109375 -0.039703369140625 -0.155960083007813 -0.112899780273437
0.0905227661132813 -0.072418212890625 -0.151840209960938 -0.155517578125
0.0400238037109375 -0.104377746582031 -0.127151489257813 -0.0980911254882813
-0.0221481323242187 -0.0928115844726562 -0.0995407104492187 -0.057220458984375
-0.0400848388671875 -0.076690673828125 -0.0404548645019531 -0.0327529907226563
-0.0894775390625 -0.0486373901367188 -0.0145759582519531 -0.0426216125488281
-0.11529541015625 -0.0153732299804688 0.0104255676269531 -0.0646629333496094
-0.113365173339844 -0.0100173950195313 0.0369415283203125 -0.072784423828125
-0.129585266113281 -0.00131988525390626 0.0618820190429687 -0.0821380615234375
-0.115104675292969 -0.025726318359375 0.0930557250976562 -0.0504837036132812
-0.102767944335938 -0.0715103149414063 0.0928955078125 -0.0249710083007813
-0.0754318237304687 -0.10211181640625 0.0637588500976563 -0.00233078002929688
0.019561767578125 -0.147552490234375 0.0319442749023437 -0.00702476501464844
0.0961837768554688 -0.125518798828125 -0.0213775634765625 -0.0905685424804688
0.1351318359375 -0.07171630859375 0.00585937499999999 -0.251266479492188
-0.154403686523438 -0.00680541992187502 -0.0280609130859375 0.231781005859375
-0.0766525268554688 0.0963516235351563 -0.00737762451171876 0.0946502685546875
-0.0176849365234375 0.109992980957031 -0.0597496032714844 -0.0103530883789062
0.04400634765625 0.0895767211914063 -0.10186767578125 -0.0154266357421875
0.0597419738769531 0.0540542602539063 -0.126075744628906 0.00875854492187499
0.08795166015625 0.0221023559570312 -0.125091552734375 0.056732177734375
0.087249755859375 0.01531982421875 -0.0987319946289063 0.0914154052734375
0.0768966674804688 0.0262832641601563 -0.065399169921875 0.0808792114257813
0.08428955078125 0.0341262817382813 -0.0311775207519531 0.0673904418945313
0.0527191162109375 0.0599555969238281 -0.00589752197265625 0.0424423217773438
0.0142593383789062 0.080108642578125 0.0278720855712891 0.0346031188964844
-0.0288162231445313 0.08013916015625 0.0620346069335937 0.0515022277832031
-0.0897598266601562 0.0503005981445313 0.0878143310546875 0.0838165283203125
-0.124809265136719 0.0246658325195312 0.120384216308594 0.119232177734375
-0.14605712890625 -0.0392913818359375 0.108650207519531 0.0886764526367187
-0.150314331054688 -0.075347900390625 -0.08624267578125 0.211441040039062
-0.0894241333007813 0.0332107543945313 -0.0600128173828125 0.0798110961914063
-0.0451736450195312 0.05377197265625 -0.09576416015625 -0.0212860107421875
0.00394821166992187 0.0565872192382813 -0.136032104492188 -0.019744873046875
0.0192108154296875 0.0351486206054688 -0.1488037109375 0.00477600097656249
0.0405426025390625 0.0308074951171875 -0.150634765625 0.05145263671875
0.0449867248535156 0.0421371459960938 -0.124053955078125 0.0898895263671875
0.0396003723144531 0.0503730773925781 -0.0850372314453125 0.0736770629882813
0.0460624694824219 0.0673828125 -0.0528182983398437 0.0561714172363281
0.0125503540039063 0.085968017578125 -0.019775390625 0.0291233062744141
-0.0387191772460938 0.0904617309570313 0.0169811248779297 0.0205841064453125
-0.0844497680664063 0.0716476440429687 0.0446929931640625 0.0400810241699219
-0.129798889160156 0.00162506103515623 0.0568008422851562 0.060211181640625
-0.151840209960938 -0.03424072265625 0.0755233764648437 0.0882034301757812
-0.157363891601563 -0.101608276367187 0.0606231689453125 0.0507659912109375
-0.125274658203125 -0.138191223144531 -0.139678955078125 0.161895751953125
-0.0869598388671875 -0.0397796630859375 -0.105545043945313 0.0414352416992187
-0.0709075927734375 -0.0190353393554688 -0.125724792480469 -0.0449295043945312
-0.0455093383789063 0.0131072998046875 -0.165451049804687 -0.027496337890625
-0.0292644500732422 0.01202392578125 -0.162948608398438 0.000564575195312467
-0.013885498046875 0.0349159240722656 -0.161911010742188 0.0475311279296875
-0.00493621826171875 0.0626220703125 -0.132896423339844 0.0778579711914062
-0.00487899780273438 0.0673561096191406 -0.0914154052734375 0.0551605224609375
0.00248718261718751 0.0904617309570313 -0.0644264221191406 0.0343437194824219
-0.02606201171875 0.0985565185546875 -0.0254383087158203 0.00781631469726563
-0.0795669555664062 0.0897064208984375 0.012115478515625 0.0019979476928711
-0.122947692871094 0.05865478515625 0.032318115234375 0.0272350311279297
-0.152099609375 -0.0367889404296875 0.0286712646484375 0.0408096313476563
-0.159713745117188 -0.0796661376953125 0.0239830017089844 0.0564079284667969
-0.145797729492188 -0.149215698242188 0.0113439559936523 -0.0017681121826172
-0.0858154296875 -0.17974853515625 -0.176223754882813 0.0976715087890625
-0.0715408325195312 -0.10595703125 -0.140144348144531 -0.00975799560546875
-0.0906753540039063 -0.0907745361328125 -0.147933959960938 -0.0714874267578125
-0.0939102172851563 -0.0327529907226563 -0.181060791015625 -0.039764404296875
-0.0805282592773438 -0.0113601684570312 -0.160934448242188 -0.00631713867187503
-0.0680313110351563 0.0371437072753906 -0.154327392578125 0.0351104736328125
-0.0542678833007812 0.0742874145507813 -0.124237060546875 0.0545120239257813
-0.047943115234375 0.0750198364257813 -0.0844192504882813 0.0276565551757813
-0.0427322387695313 0.098876953125 -0.0645332336425781 0.0062408447265625
-0.0606002807617188 0.0948028564453125 -0.0229625701904297 -0.0148658752441406
-0.107933044433594 0.0739059448242188 0.012232780456543 -0.0157032012939453
-0.141632080078125 0.0378875732421875 0.0239048004150391 0.0158195495605469
-0.150405883789062 -0.0699920654296875 0.00529289245605468 0.0273571014404297
-0.141952514648438 -0.11328125 -0.0247097015380859 0.0279579162597656
-0.113906860351563 -0.174728393554688 -0.0334281921386719 -0.0602493286132813
-0.035003662109375 -0.19207763671875 -0.196334838867188 0.0252685546875
-0.0434112548828125 -0.148208618164063 -0.164794921875 -0.0647735595703125
-0.091766357421875 -0.145355224609375 -0.160919189453125 -0.0930328369140625
-0.125221252441406 -0.0725021362304688 -0.177719116210937 -0.0511322021484375
-0.114974975585937 -0.0320205688476563 -0.140670776367188 -0.0163421630859375
-0.109489440917969 0.0338287353515625 -0.129203796386719 0.0161209106445313
-0.0941314697265625 0.0760116577148437 -0.1007080078125 0.0233154296875
-0.0858612060546875 0.0709228515625 -0.064666748046875 -0.0026702880859375
-0.083251953125 0.0929489135742188 -0.0499496459960938 -0.0222816467285156
-0.0915756225585938 0.07470703125 -0.0104522705078125 -0.0337963104248047
-0.126808166503906 0.0419845581054687 0.0191440582275391 -0.0272006988525391
-0.1453857421875 0.00230407714843749 0.0213718414306641 0.00802230834960938
-0.126785278320313 -0.103584289550781 -0.00990104675292969 0.0193367004394531
-0.0986785888671875 -0.140090942382813 -0.0625114440917969 -0.00106430053710937
-0.0558929443359375 -0.182266235351563 -0.061767578125 -0.119140625
0.017913818359375 -0.171096801757813 -0.199478149414062 -0.039398193359375
-0.0048675537109375 -0.157485961914063 -0.17578125 -0.112335205078125
-0.0705718994140625 -0.167617797851563 -0.157318115234375 -0.10504150390625
-0.125877380371094 -0.0960159301757813 -0.157821655273438 -0.056610107421875
-0.12274169921875 -0.0485916137695313 -0.106666564941406 -0.0279998779296875
-0.1282958984375 0.0210418701171875 -0.0916061401367188 -0.00691986083984375
-0.1181640625 0.0638580322265625 -0.0671272277832031 -0.0120201110839844
-0.110107421875 0.0565414428710937 -0.0355377197265625 -0.0328254699707031
-0.113578796386719 0.07379150390625 -0.022613525390625 -0.0484809875488281
-0.114051818847656 0.0450286865234375 0.0160102844238281 -0.0460281372070312
-0.134773254394531 -0.000175476074218766 0.0361328125 -0.03070068359375
-0.135017395019531 -0.0416336059570313 0.0246047973632812 0.00459098815917968
-0.0834732055664063 -0.136436462402344 -0.0135135650634766 0.0113849639892578
-0.0380096435546875 -0.15777587890625 -0.07781982421875 -0.0298690795898438
0.00706481933593749 -0.170211791992188 -0.071563720703125 -0.17218017578125
0.0682220458984375 -0.122085571289062 -0.1849365234375 -0.08367919921875
0.0382766723632813 -0.132530212402344 -0.172195434570313 -0.13934326171875
-0.028045654296875 -0.152374267578125 -0.14544677734375 -0.1011962890625
-0.0909881591796875 -0.100135803222656 -0.126518249511719 -0.0565643310546875
-0.0970001220703125 -0.0614700317382812 -0.0687026977539063 -0.0336189270019531
-0.120170593261719 -0.00291442871093752 -0.0504951477050781 -0.0292816162109375
-0.123954772949219 0.0368576049804688 -0.0286293029785156 -0.04339599609375
-0.117576599121094 0.0327377319335938 -0.000339508056640632 -0.0576095581054688
-0.128059387207031 0.0455474853515625 0.0165214538574219 -0.0687637329101563
-0.12176513671875 0.0153045654296875 0.0521202087402344 -0.0495109558105469
-0.128273010253906 -0.0359573364257813 0.0612716674804688 -0.0283050537109375
-0.114448547363281 -0.0756912231445313 0.0378875732421875 0.00217819213867187
-0.0362396240234375 -0.153854370117188 -0.00161314010620117 0.00223350524902343
0.0258636474609375 -0.158538818359375 -0.0672225952148438 -0.0595283508300781
0.0723953247070313 -0.138236999511719 -0.0513153076171875 -0.215103149414063
0.1112060546875 -0.0555191040039063 -0.156524658203125 -0.098724365234375
0.0783462524414063 -0.08392333984375 -0.153961181640625 -0.140289306640625
0.024444580078125 -0.110519409179688 -0.123016357421875 -0.0862960815429688
-0.034759521484375 -0.0875091552734375 -0.0929489135742187 -0.05126953125
-0.0490760803222656 -0.0684928894042969 -0.0368576049804688 -0.033233642578125
-0.0914230346679687 -0.0335464477539063 -0.0150032043457031 -0.0421104431152344
-0.110595703125 0.00173950195312501 0.00761413574218749 -0.0641441345214844
-0.107749938964844 0.00450897216796874 0.033905029296875 -0.0726394653320313
-0.1224365234375 0.0154571533203125 0.0588150024414062 -0.0794677734375
-0.112022399902344 -0.00962066650390627 0.0916824340820313 -0.0487289428710938
-0.107154846191406 -0.054931640625 0.0908050537109375 -0.0231475830078125
-0.0853118896484375 -0.0880050659179688 0.0612754821777344 0.00191116333007812
0.00144958496093751 -0.146820068359375 0.0266475677490234 -0.00365066528320313
0.0777359008789062 -0.13421630859375 -0.03057861328125 -0.0826034545898438
0.122077941894531 -0.0865554809570313 -0.0115814208984375 -0.239501953125
-0.146255493164062 0.00895690917968752 -0.013336181640625 0.228515625
-0.062347412109375 0.0983657836914062 0.001800537109375 0.0907211303710937
-0.00455474853515626 0.107994079589844 -0.0569190979003906 -0.0107421875
0.0522003173828125 0.079559326171875 -0.0992507934570313 -0.0158767700195312
0.0630722045898438 0.0439872741699219 -0.123687744140625 0.00960540771484373
0.0836868286132813 0.0098114013671875 -0.122520446777344 0.057403564453125
0.0814437866210938 0.004913330078125 -0.0952911376953125 0.0937881469726563
0.0730972290039062 0.01568603515625 -0.0619277954101562 0.083648681640625
0.0799026489257813 0.0220870971679688 -0.0277595520019531 0.0697746276855469
0.0537567138671875 0.0489501953125 -0.00600433349609374 0.0462112426757813
0.020904541015625 0.0715484619140625 0.0263442993164063 0.037353515625
-0.0179901123046875 0.0779647827148438 0.0594940185546875 0.0523757934570313
-0.0793533325195312 0.0580673217773438 0.0845870971679688 0.0819015502929688
-0.115081787109375 0.037261962890625 0.121025085449219 0.112571716308594
-0.143035888671875 -0.0226898193359375 0.109016418457031 0.0853347778320313
-0.146499633789063 -0.0609283447265625 -0.06976318359375 0.213592529296875
-0.0778732299804688 0.0372161865234375 -0.0485916137695313 0.0812530517578125
-0.0344963073730469 0.0523300170898437 -0.0902328491210938 -0.01800537109375
0.011260986328125 0.0492324829101563 -0.131759643554688 -0.0159225463867187
0.0211048126220703 0.0266189575195313 -0.144683837890625 0.00808715820312501
0.0380287170410156 0.0209121704101563 -0.146209716796875 0.0559844970703125
0.0413932800292969 0.0335655212402344 -0.117828369140625 0.09442138671875
0.0371475219726563 0.0425529479980469 -0.07958984375 0.079254150390625
0.0445518493652344 0.0577964782714844 -0.0468978881835938 0.0618667602539063
0.0147933959960938 0.076904296875 -0.0181045532226562 0.0351181030273438
-0.03033447265625 0.0842742919921875 0.0166130065917969 0.0262260437011719
-0.074371337890625 0.071258544921875 0.0434646606445312 0.0438995361328125
-0.122177124023437 0.0110855102539062 0.0534820556640625 0.0629692077636719
-0.145904541015625 -0.0206451416015625 0.0755767822265625 0.0884475708007813
-0.1578369140625 -0.085906982421875 0.0613670349121094 0.0534515380859375
-0.125251770019531 -0.127288818359375 -0.12347412109375 0.170135498046875
-0.0804519653320312 -0.0357513427734375 -0.093994140625 0.048248291015625
-0.0651512145996094 -0.0180091857910156 -0.119766235351563 -0.0394210815429688
-0.0396537780761719 0.00955581665039062 -0.1591796875 -0.02227783203125
-0.0284709930419922 0.00683021545410156 -0.157073974609375 0.00653076171875
-0.0147476196289063 0.0290489196777344 -0.155014038085938 0.053924560546875
-0.0048828125 0.0575599670410156 -0.125175476074219 0.0852203369140625
-0.00539016723632813 0.0625190734863281 -0.0851516723632813 0.06121826171875
0.003173828125 0.0837478637695313 -0.05767822265625 0.0419654846191406
-0.0223846435546875 0.0924453735351562 -0.0226306915283203 0.0162887573242188
-0.0717239379882813 0.0873794555664062 0.0130233764648437 0.00942611694335938
-0.114578247070312 0.0617446899414063 0.0318946838378906 0.0332012176513672
-0.147262573242188 -0.0274200439453125 0.025787353515625 0.04730224609375
-0.157577514648438 -0.066375732421875 0.02459716796875 0.0613021850585937
-0.149520874023438 -0.135406494140625 0.0110111236572266 0.00638484954833984
-0.0909271240234375 -0.172164916992188 -0.1611328125 0.1099853515625
-0.0709686279296875 -0.101371765136719 -0.129127502441406 0.00100708007812501
-0.090728759765625 -0.087860107421875 -0.141616821289062 -0.0632476806640625
-0.0913925170898437 -0.0320205688476563 -0.174148559570313 -0.03216552734375
-0.079925537109375 -0.011688232421875 -0.154861450195313 0.000274658203125023
-0.0676689147949219 0.0357551574707031 -0.147125244140625 0.0420074462890625
-0.052032470703125 0.0736618041992188 -0.115951538085937 0.0626144409179688
-0.0464706420898437 0.0739517211914063 -0.0775680541992188 0.0346908569335938
-0.0394973754882813 0.0969924926757813 -0.0574302673339844 0.0153999328613281
-0.0561370849609375 0.0924835205078125 -0.0192050933837891 -0.00612640380859374
-0.101783752441406 0.07489013671875 0.0140466690063476 -0.00688934326171875
-0.135910034179688 0.0425262451171875 0.0249748229980469 0.0233669281005859
-0.149703979492187 -0.0618438720703125 0.00378036499023437 0.0366020202636719
-0.144195556640625 -0.103378295898438 -0.0240592956542969 0.0375595092773437
-0.11993408203125 -0.165908813476563 -0.0344619750976562 -0.0484123229980469
-0.043914794921875 -0.18914794921875 -0.184844970703125 0.0402679443359375
-0.0480194091796875 -0.14617919921875 -0.156890869140625 -0.0511932373046875
-0.09808349609375 -0.1412353515625 -0.154647827148438 -0.082794189453125
-0.126304626464844 -0.0669021606445312 -0.1705322265625 -0.042083740234375
-0.116195678710937 -0.0291061401367187 -0.135162353515625 -0.0108871459960938
-0.107398986816406 0.037933349609375 -0.122459411621094 0.0234222412109375
-0.088897705078125 0.07928466796875 -0.0929107666015625 0.03057861328125
-0.0818939208984375 0.0739364624023438 -0.05902099609375 0.00351333618164063
-0.0773086547851562 0.0955123901367188 -0.0436477661132813 -0.01361083984375
-0.0861663818359375 0.0771484375 -0.00573539733886719 -0.0250358581542969
-0.122901916503906 0.04705810546875 0.0218906402587891 -0.0185356140136719
-0.143447875976563 0.00938415527343753 0.0222415924072266 0.0158195495605469
-0.130996704101563 -0.097137451171875 -0.0110912322998047 0.0296173095703125
-0.104896545410156 -0.134307861328125 -0.0619583129882813 0.0112648010253906
-0.06512451171875 -0.179031372070313 -0.0649261474609375 -0.104698181152344
0.007049560546875 -0.174209594726563 -0.191207885742188 -0.0234832763671875
-0.01318359375 -0.158737182617187 -0.170852661132813 -0.0971221923828125
-0.0813446044921875 -0.163955688476562 -0.1533203125 -0.0941925048828125
-0.130043029785156 -0.088043212890625 -0.151779174804688 -0.048828125
-0.125625610351563 -0.0419921875 -0.102333068847656 -0.0240554809570313
-0.125968933105469 0.0291976928710938 -0.086700439453125 -0.000801086425781256
-0.111709594726562 0.071990966796875 -0.0616912841796875 -0.00578689575195313
-0.104949951171875 0.0629806518554688 -0.0315208435058594 -0.0278072357177734
-0.106071472167969 0.08154296875 -0.0177116394042969 -0.0411720275878906
-0.108749389648437 0.0519638061523438 0.0201339721679687 -0.0385856628417969
-0.132713317871094 0.00841522216796875 0.038848876953125 -0.0237846374511719
-0.136756896972656 -0.032379150390625 0.0266304016113281 0.0123844146728516
-0.0929412841796875 -0.132789611816406 -0.0149936676025391 0.0209693908691406
-0.0490264892578125 -0.156509399414063 -0.0791397094726563 -0.0175399780273438
-0.0032806396484375 -0.173141479492188 -0.0763397216796875 -0.158355712890625
0.0573806762695312 -0.130355834960938 -0.181381225585938 -0.0695953369140626
0.0270233154296875 -0.136985778808594 -0.171279907226562 -0.12493896484375
-0.0411834716796875 -0.15191650390625 -0.141464233398438 -0.0917510986328125
-0.099945068359375 -0.0915756225585938 -0.12109375 -0.0508041381835938
-0.102813720703125 -0.0532608032226562 -0.0657806396484375 -0.0321121215820313
-0.118949890136719 0.00798797607421877 -0.0478744506835938 -0.0261421203613281
-0.116355895996094 0.0485916137695312 -0.026641845703125 -0.0406227111816406
-0.11224365234375 0.0425872802734375 0.000869750976562495 -0.0553092956542969
-0.120628356933594 0.0562667846679687 0.0185432434082031 -0.0637054443359375
-0.117477416992188 0.0252685546875 0.0552444458007813 -0.0449981689453125
-0.128395080566406 -0.0244140625 0.063262939453125 -0.0240287780761719
-0.1185302734375 -0.0651626586914062 0.0393486022949219 0.00872039794921875
-0.0494842529296875 -0.1512451171875 -0.00375175476074219 0.00945091247558593
0.0120086669921875 -0.161056518554688 -0.0701904296875 -0.0493202209472656
0.0611724853515625 -0.146102905273438 -0.059844970703125 -0.20245361328125
0.101707458496094 -0.0673446655273438 -0.155624389648438 -0.0886993408203125
0.0677108764648438 -0.0923538208007813 -0.155227661132813 -0.129669189453125
0.0105514526367187 -0.113189697265625 -0.119331359863281 -0.0797882080078125
-0.0449371337890625 -0.0821533203125 -0.0884933471679688 -0.0489044189453125
-0.0559844970703125 -0.0619964599609375 -0.0345077514648438 -0.0348224639892578
-0.0915069580078125 -0.021697998046875 -0.0148124694824219 -0.0428504943847656
-0.104843139648438 0.0135498046875 0.00639724731445311 -0.0642967224121094
-0.102447509765625 0.0157394409179687 0.03277587890625 -0.0729522705078125
-0.114501953125 0.0273666381835938 0.0580902099609375 -0.0781097412109375
-0.107505798339844 0.00265502929687498 0.0923385620117188 -0.0472259521484375
-0.108718872070313 -0.0422210693359375 0.0913009643554687 -0.0206985473632813
-0.0909576416015625 -0.0774688720703125 0.0614166259765625 0.00542449951171875
-0.012298583984375 -0.144454956054688 0.0224933624267578 0.000265121459960929
0.0628128051757812 -0.13958740234375 -0.0373916625976562 -0.0752716064453125
0.110816955566406 -0.09820556640625 -0.0229339599609375 -0.23089599609375
-0.14013671875 0.0220108032226562 0.00122070312500001 0.22735595703125
-0.0496978759765625 0.101112365722656 0.010589599609375 0.0875244140625
0.00820159912109375 0.105728149414063 -0.0551185607910156 -0.0116806030273437
0.0600433349609375 0.0703277587890625 -0.100143432617188 -0.0148544311523437
0.0654067993164063 0.0343971252441406 -0.123985290527344 0.0123367309570312
0.0796585083007813 -0.00054931640625 -0.123161315917969 0.0605392456054688
0.0767669677734375 -0.00469207763671875 -0.0928955078125 0.0988540649414063
0.0698890686035156 0.00802993774414063 -0.05810546875 0.0883102416992188
0.07598876953125 0.0117034912109375 -0.0243911743164063 0.0728378295898438
0.0533714294433594 0.0392532348632813 -0.00506591796874999 0.0504188537597656
0.0262298583984375 0.0640983581542969 0.02655029296875 0.0406265258789063
-0.008209228515625 0.075775146484375 0.0596122741699219 0.0533103942871094
-0.0692253112792969 0.0653533935546875 0.0847320556640625 0.0811691284179688
-0.106681823730469 0.048431396484375 0.123626708984375 0.10943603515625
-0.140541076660156 -0.00804901123046877 0.111343383789063 0.0836715698242188
-0.143936157226562 -0.0486907958984375 -0.0534820556640625 0.218475341796875
-0.0689926147460938 0.0398445129394531 -0.0381546020507813 0.0831680297851563
-0.0251312255859375 0.0514068603515625 -0.0875091552734375 -0.015777587890625
0.0174026489257813 0.0422096252441406 -0.130569458007813 -0.0130081176757813
0.0224723815917969 0.0194587707519531 -0.142776489257813 0.012298583984375
0.0348491668701172 0.0134201049804688 -0.143753051757813 0.06103515625
0.0390548706054688 0.0267486572265625 -0.112190246582031 0.102119445800781
0.035064697265625 0.0365562438964844 -0.0746307373046875 0.084869384765625
0.0427703857421875 0.0500717163085938 -0.0424308776855469 0.0673065185546875
0.0168380737304688 0.0702133178710938 -0.0159645080566406 0.0410575866699219
-0.02490234375 0.0804824829101562 0.0185279846191406 0.0309505462646484
-0.065826416015625 0.0723419189453125 0.0447158813476563 0.0474777221679688
-0.11663818359375 0.0195999145507812 0.0531692504882813 0.0670089721679688
-0.14178466796875 -0.007659912109375 0.0789260864257812 0.0894012451171875
-0.158950805664063 -0.0711212158203125 0.0643272399902344 0.0565757751464844
-0.1279296875 -0.117950439453125 -0.107528686523438 0.180038452148438
-0.0760040283203125 -0.0325088500976563 -0.0833892822265625 0.0538864135742188
-0.0614967346191406 -0.0174522399902344 -0.116905212402344 -0.0341339111328125
-0.0356521606445313 0.00603485107421875 -0.157196044921875 -0.0162200927734375
-0.0290412902832031 0.00253486633300781 -0.154129028320313 0.011932373046875
-0.0169277191162109 0.0250568389892578 -0.150863647460938 0.0612335205078125
-0.0054168701171875 0.0550079345703125 -0.117210388183594 0.0931930541992188
-0.00582122802734375 0.0597991943359375 -0.0788803100585938 0.0682907104492188
0.00415802001953125 0.0801620483398438 -0.0518341064453125 0.0491676330566406
-0.0192031860351562 0.089324951171875 -0.0193443298339844 0.0233821868896484
-0.0665664672851563 0.0865478515625 0.0156450271606445 0.016387939453125
-0.107955932617188 0.0655593872070313 0.0342254638671875 0.0394783020019531
-0.145721435546875 -0.018585205078125 0.0260276794433594 0.0547561645507813
-0.157623291015625 -0.0549774169921875 0.0270767211914062 0.0682487487792969
-0.154815673828125 -0.124557495117187 0.012054443359375 0.0134315490722656
-0.0975799560546875 -0.167266845703125 -0.147491455078125 0.1234130859375
-0.072479248046875 -0.100059509277344 -0.120658874511719 0.00993347167968751
-0.0926437377929688 -0.0862197875976563 -0.139152526855469 -0.0564346313476563
-0.0908584594726563 -0.030914306640625 -0.170822143554687 -0.0248565673828125
-0.0823211669921875 -0.0120086669921875 -0.152114868164063 0.00642395019531248
-0.0680885314941406 0.0363006591796875 -0.141708374023438 0.0503692626953125
-0.0499954223632813 0.0751800537109375 -0.108238220214844 0.0703277587890625
-0.04541015625 0.0755691528320313 -0.071929931640625 0.0409011840820313
-0.0361785888671875 0.0977325439453125 -0.0512275695800781 0.0229110717773438
-0.0524978637695313 0.092681884765625 -0.0153474807739258 0.00134372711181641
-0.0974044799804688 0.0780105590820312 0.0178108215332031 -0.000520706176757808
-0.132583618164063 0.0485610961914063 0.0279521942138672 0.0305728912353516
-0.15264892578125 -0.0547943115234375 0.00430679321289061 0.0460700988769531
-0.148666381835938 -0.0943145751953125 -0.0217170715332031 0.0476188659667969
-0.127899169921875 -0.159744262695312 -0.0352973937988281 -0.0377655029296875
-0.0536041259765625 -0.188995361328125 -0.1746826171875 0.0535736083984375
-0.054412841796875 -0.14642333984375 -0.150558471679688 -0.0395660400390625
-0.106491088867187 -0.138412475585938 -0.152175903320313 -0.07464599609375
-0.129402160644531 -0.0614395141601562 -0.167556762695313 -0.034576416015625
-0.120185852050781 -0.024322509765625 -0.132095336914062 -0.00518035888671873
-0.106575012207031 0.0432586669921875 -0.117530822753906 0.0305404663085938
-0.0848007202148438 0.0850143432617188 -0.0868072509765625 0.037017822265625
-0.0792312622070313 0.078460693359375 -0.0538864135742188 0.00852584838867189
-0.0723800659179687 0.0997085571289063 -0.0386085510253906 -0.00745010375976561
-0.082794189453125 0.0810546875 -0.00119400024414063 -0.0187854766845703
-0.120780944824219 0.0531387329101562 0.0262432098388672 -0.0128250122070312
-0.143203735351562 0.0168609619140625 0.026153564453125 0.0232448577880859
-0.137840270996094 -0.0920181274414063 -0.00983428955078126 0.0401535034179687
-0.112747192382812 -0.12933349609375 -0.0607452392578125 0.0235633850097656
-0.07489013671875 -0.178146362304688 -0.0682296752929688 -0.0933151245117188
-0.00439453125 -0.17822265625 -0.186416625976563 -0.00921630859374998
-0.0240020751953125 -0.161285400390625 -0.16827392578125 -0.0850830078125
-0.0937347412109375 -0.161788940429688 -0.15155029296875 -0.086334228515625
-0.136558532714844 -0.0805130004882812 -0.148635864257813 -0.0425262451171875
-0.131050109863281 -0.034759521484375 -0.100357055664063 -0.0203399658203125
-0.124549865722656 0.0379867553710938 -0.0834732055664063 0.00436401367187502
-0.105728149414062 0.0807418823242188 -0.0569038391113281 -0.00105285644531251
-0.100860595703125 0.0711517333984375 -0.0285911560058594 -0.0247955322265625
-0.0998001098632812 0.0891342163085938 -0.013427734375 -0.0369834899902344
-0.105224609375 0.0594711303710937 0.0243301391601562 -0.0342254638671875
-0.132606506347656 0.0179901123046875 0.0435218811035156 -0.01904296875
-0.140419006347656 -0.023529052734375 0.0310306549072266 0.0186138153076172
-0.104087829589844 -0.129158020019531 -0.0144462585449219 0.0300216674804687
-0.0606689453125 -0.156707763671875 -0.0796737670898437 -0.0056915283203125
-0.0147857666015625 -0.176956176757813 -0.08319091796875 -0.146926879882812
0.0457916259765625 -0.137886047363281 -0.179916381835938 -0.057861328125
0.01593017578125 -0.142745971679688 -0.172958374023438 -0.113510131835937
-0.056610107421875 -0.152023315429688 -0.139984130859375 -0.0846023559570313
-0.108734130859375 -0.084686279296875 -0.118339538574219 -0.0470352172851563
-0.108978271484375 -0.0454635620117187 -0.065216064453125 -0.0311050415039062
-0.117774963378906 0.0195388793945312 -0.0464630126953125 -0.0239906311035156
-0.110954284667969 0.0591583251953125 -0.0253982543945313 -0.0377616882324219
-0.107421875 0.0522613525390625 0.00136566162109374 -0.05474853515625
-0.113555908203125 0.0666427612304688 0.0212593078613281 -0.0620498657226562
-0.113166809082031 0.0350570678710938 0.059478759765625 -0.043731689453125
-0.129158020019531 -0.0130538940429688 0.0676841735839844 -0.0211639404296875
-0.124176025390625 -0.0553970336914063 0.0430145263671875 0.0135574340820312
-0.06298828125 -0.14984130859375 -0.00394058227539063 0.0170669555664062
-0.00253295898437499 -0.164093017578125 -0.0739669799804687 -0.03900146484375
0.0493011474609375 -0.154403686523438 -0.0694580078125 -0.19390869140625
0.0926895141601562 -0.0790481567382813 -0.157943725585938 -0.080902099609375
0.0571517944335937 -0.101348876953125 -0.1585693359375 -0.121612548828125
-0.00329589843750001 -0.115737915039063 -0.117965698242188 -0.0752792358398438
-0.0549545288085937 -0.0761642456054687 -0.086700439453125 -0.0476455688476563
-0.0632972717285156 -0.0547103881835938 -0.034454345703125 -0.0372734069824219
-0.0919189453125 -0.0104446411132813 -0.015838623046875 -0.0432472229003906
-0.100326538085938 0.0257186889648437 0.00469970703124999 -0.0648651123046875
-0.098114013671875 0.025848388671875 0.0310897827148437 -0.0750732421875
-0.107666015625 0.0390853881835938 0.0584259033203125 -0.0793228149414062
-0.103401184082031 0.013397216796875 0.095184326171875 -0.0487518310546875
-0.110107421875 -0.0306167602539062 0.09368896484375 -0.0203933715820313
-0.0981521606445313 -0.0674057006835938 0.0626220703125 0.00768280029296874
-0.0269622802734375 -0.144012451171875 0.0205268859863281 0.00457382202148437
0.0479278564453125 -0.14593505859375 -0.0436058044433594 -0.0688934326171875
0.100593566894531 -0.109443664550781 -0.0346527099609375 -0.226531982421875
-0.132759094238281 0.0367507934570312 0.0194549560546875 0.227188110351563
-0.0364913940429688 0.102874755859375 0.0193099975585937 0.0836334228515625
0.0220413208007813 0.101898193359375 -0.0546340942382812 -0.0102806091308594
0.0675392150878906 0.06011962890625 -0.102180480957031 -0.0118408203125
0.0674285888671875 0.0247230529785156 -0.123809814453125 0.0171051025390625
0.0748748779296875 -0.0108108520507813 -0.12310791015625 0.0665817260742188
0.07098388671875 -0.0132293701171875 -0.088775634765625 0.105758666992188
0.0657691955566406 -0.000690460205078125 -0.0530776977539063 0.0938720703125
0.071075439453125 0.0023956298828125 -0.0189132690429688 0.07647705078125
0.0537872314453125 0.0305252075195313 -0.00246810913085938 0.0540962219238281
0.03106689453125 0.0566864013671875 0.0290298461914063 0.0425300598144531
0.000602722167968756 0.072845458984375 0.0621910095214844 0.053924560546875
-0.0582656860351562 0.0715713500976563 0.0873336791992188 0.0801162719726563
-0.0965347290039063 0.059814453125 0.130256652832031 0.103248596191406
-0.137962341308594 0.00824737548828124 0.1171875 0.0796890258789063
-0.142364501953125 -0.03558349609375 -0.033721923828125 0.223052978515625
-0.0595817565917969 0.0425186157226563 -0.02679443359375 0.0841827392578125
-0.0157623291015625 0.0497169494628906 -0.0867233276367188 -0.0118942260742187
0.0225791931152344 0.0345611572265625 -0.130653381347656 -0.00699615478515626
0.0226612091064453 0.0119056701660156 -0.142288208007813 0.0195159912109375
0.0313282012939453 0.00606536865234375 -0.141830444335938 0.070068359375
0.0360946655273438 0.0209388732910156 -0.105316162109375 0.11114501953125
0.0333194732666016 0.0314216613769531 -0.067718505859375 0.0923309326171875
0.040924072265625 0.0441131591796875 -0.0356216430664062 0.0736312866210938
0.0189628601074219 0.0644302368164063 -0.0123329162597656 0.0469017028808594
-0.0189590454101563 0.0773162841796875 0.0220909118652344 0.0350360870361328
-0.0571975708007812 0.0744400024414063 0.0482597351074219 0.0507049560546875
-0.109992980957031 0.0282745361328125 0.05596923828125 0.0702896118164063
-0.13671875 0.00559234619140624 0.08514404296875 0.0893783569335938
-0.161636352539063 -0.05548095703125 0.0689659118652344 0.0577812194824219
-0.132392883300781 -0.107566833496094 -0.0891265869140625 0.189254760742188
-0.07330322265625 -0.0300140380859375 -0.072784423828125 0.0601730346679687
-0.0586166381835938 -0.0167427062988281 -0.115531921386719 -0.02801513671875
-0.0334968566894531 0.0031890869140625 -0.155364990234375 -0.00790405273437499
-0.0307712554931641 -0.000177383422851558 -0.151779174804687 0.020416259765625
-0.0193538665771484 0.0223464965820313 -0.146209716796875 0.071014404296875
-0.00522613525390624 0.0528564453125 -0.108772277832031 0.102485656738281
-0.00564193725585938 0.0586509704589844 -0.0720138549804688 0.075653076171875
0.00579071044921875 0.07818603515625 -0.0444831848144531 0.0560493469238281
-0.01507568359375 0.0871200561523437 -0.0149440765380859 0.0295886993408203
-0.0605010986328125 0.0878677368164062 0.01983642578125 0.0202960968017578
-0.1021728515625 0.0709381103515625 0.03863525390625 0.0438499450683594
-0.144485473632813 -0.00859069824218753 0.02862548828125 0.0614280700683594
-0.157867431640625 -0.0416259765625 0.0329055786132812 0.0737533569335938
-0.161895751953125 -0.111526489257813 0.0149650573730469 0.0193367004394531
-0.107421875 -0.160751342773438 -0.13201904296875 0.136795043945313
-0.075958251953125 -0.0977554321289063 -0.11199951171875 0.019287109375
-0.096923828125 -0.08270263671875 -0.137992858886719 -0.048858642578125
-0.092041015625 -0.0287628173828125 -0.169601440429688 -0.015106201171875
-0.085052490234375 -0.00972747802734374 -0.149032592773438 0.01513671875
-0.06854248046875 0.0385246276855469 -0.136184692382813 0.0600967407226563
-0.0464401245117187 0.0780029296875 -0.0996856689453125 0.0793914794921875
-0.0418777465820313 0.0791854858398438 -0.0654373168945313 0.0472259521484375
-0.03143310546875 0.0994873046875 -0.0446319580078125 0.0290031433105469
-0.0476608276367188 0.0945281982421875 -0.0102777481079102 0.00742340087890626
-0.0929489135742188 0.08319091796875 0.02227783203125 0.00403213500976563
-0.12847900390625 0.056549072265625 0.0337181091308594 0.0356407165527344
-0.156478881835938 -0.044219970703125 0.00785064697265623 0.0553741455078125
-0.1533203125 -0.0833587646484375 -0.0166358947753906 0.0574302673339844
-0.139114379882812 -0.15032958984375 -0.0356597900390625 -0.0275611877441406
-0.0676727294921875 -0.187103271484375 -0.16375732421875 0.0701141357421875
-0.064117431640625 -0.144775390625 -0.145217895507812 -0.027313232421875
-0.117294311523437 -0.133369445800781 -0.152023315429688 -0.065948486328125
-0.134063720703125 -0.0543899536132813 -0.166183471679688 -0.0250244140625
-0.124153137207031 -0.017547607421875 -0.130233764648437 0.00267028808593749
-0.105010986328125 0.050018310546875 -0.111831665039062 0.0391921997070313
-0.078826904296875 0.0915145874023438 -0.0793304443359375 0.0444488525390625
-0.0744781494140625 0.085784912109375 -0.0488853454589844 0.0137939453125
-0.0655899047851563 0.105964660644531 -0.0332393646240235 -0.0020294189453125
-0.0771713256835938 0.0871124267578125 0.00392150878906249 -0.0143890380859375
-0.117355346679688 0.06109619140625 0.0312347412109375 -0.00975799560546875
-0.142837524414063 0.0267486572265625 0.0322399139404297 0.0284385681152344
-0.146896362304688 -0.0827178955078125 -0.00582122802734376 0.0499763488769531
-0.123947143554687 -0.122200012207031 -0.0571823120117188 0.0360450744628906
-0.0892181396484375 -0.174911499023438 -0.0728607177734375 -0.081573486328125
-0.01910400390625 -0.181594848632813 -0.180084228515625 0.00697326660156249
-0.0370330810546875 -0.162094116210937 -0.168075561523438 -0.07147216796875
-0.11016845703125 -0.156845092773437 -0.152694702148438 -0.0775604248046875
-0.144607543945313 -0.069610595703125 -0.147628784179687 -0.034332275390625
-0.136436462402344 -0.0245513916015625 -0.09967041015625 -0.0149459838867188
-0.121551513671875 0.048583984375 -0.0791702270507813 0.0101165771484375
-0.098052978515625 0.0907058715820313 -0.052734375 0.00337982177734375
-0.0951156616210937 0.0807723999023438 -0.0264949798583984 -0.0228252410888672
-0.0916900634765625 0.0982513427734375 -0.00987625122070313 -0.0343265533447266
-0.100082397460937 0.0680084228515625 0.0291156768798828 -0.0334320068359375
-0.132194519042969 0.0283203125 0.0483055114746094 -0.0174293518066406
-0.14337158203125 -0.0117340087890625 0.03656005859375 0.0230445861816406
-0.116806030273438 -0.12225341796875 -0.0116996765136719 0.0390777587890625
-0.0753631591796875 -0.153182983398438 -0.0790634155273438 0.00754547119140624
-0.0301361083984375 -0.1798095703125 -0.0911331176757812 -0.135482788085938
0.0322723388671875 -0.146270751953125 -0.179428100585937 -0.043731689453125
0.00132751464843751 -0.14691162109375 -0.175552368164063 -0.100143432617188
-0.0731353759765625 -0.1488037109375 -0.140701293945312 -0.076446533203125
-0.117927551269531 -0.0744094848632812 -0.118087768554688 -0.0410842895507813
-0.114791870117188 -0.0351333618164062 -0.0655364990234375 -0.0290298461914063
-0.115554809570313 0.0321121215820312 -0.0456352233886719 -0.0209693908691406
-0.102432250976563 0.071319580078125 -0.0248985290527344 -0.0361404418945312
-0.101356506347656 0.063720703125 0.000709533691406248 -0.0553474426269531
-0.105178833007813 0.0778427124023437 0.0222892761230469 -0.0622673034667969
-0.108062744140625 0.0457916259765625 0.0626335144042969 -0.0459365844726563
-0.129646301269531 -0.000549316406249974 0.0712890625 -0.0214691162109375
-0.129264831542969 -0.0429611206054687 0.0474815368652344 0.0166206359863281
-0.0792388916015625 -0.1455078125 -0.00309181213378906 0.0237464904785156
-0.0201416015625 -0.165740966796875 -0.0770187377929688 -0.0278472900390625
0.0336151123046875 -0.162307739257813 -0.08172607421875 -0.18487548828125
0.0820465087890625 -0.0895538330078125 -0.160507202148438 -0.0700531005859375
0.0443496704101563 -0.108970642089844 -0.165176391601563 -0.109848022460938
-0.0190811157226563 -0.115982055664063 -0.118873596191406 -0.0690765380859375
-0.0640296936035156 -0.0692901611328125 -0.08697509765625 -0.0460968017578125
-0.0699539184570312 -0.0463027954101563 -0.0365028381347656 -0.0387077331542969
-0.0907974243164063 0.00112152099609375 -0.0178375244140625 -0.0437164306640625
-0.0935134887695313 0.0377883911132813 0.000965118408203123 -0.0664100646972656
-0.0921096801757813 0.0369338989257813 0.0279998779296875 -0.0783920288085937
-0.099853515625 0.0500564575195313 0.0562286376953125 -0.0829391479492188
-0.0986862182617188 0.0244827270507813 0.0973968505859375 -0.0536727905273438
-0.111167907714844 -0.0171279907226562 0.0966339111328125 -0.023040771484375
-0.103775024414063 -0.0555877685546875 0.0655937194824219 0.00878143310546874
-0.0432281494140625 -0.140853881835938 0.0196304321289062 0.00834083557128905
0.0300750732421875 -0.150314331054688 -0.0502166748046875 -0.0612640380859375
0.0871429443359375 -0.120956420898438 -0.0509185791015625 -0.222366333007813
-0.121490478515625 0.051788330078125 0.0414276123046875 0.220626831054688
-0.0220260620117188 0.1019287109375 0.0288925170898437 0.0774612426757813
0.03643798828125 0.0946044921875 -0.0546379089355469 -0.00824737548828124
0.0727767944335938 0.0473175048828125 -0.102996826171875 -0.00645446777343751
0.0672798156738281 0.0134506225585938 -0.122184753417969 0.0246200561523438
0.0674171447753906 -0.020538330078125 -0.119163513183594 0.0744781494140625
0.0634765625 -0.0221710205078125 -0.0789947509765625 0.1129150390625
0.0603523254394531 -0.00814056396484375 -0.044281005859375 0.0993423461914063
0.0645675659179688 -0.00593948364257813 -0.0116806030273438 0.0788497924804688
0.0520820617675781 0.0214767456054688 0.00202560424804687 0.0565299987792969
0.0356292724609375 0.0482292175292969 0.0322380065917969 0.0432395935058594
0.0102157592773438 0.068267822265625 0.0653877258300781 0.051666259765625
-0.0442962646484375 0.0757827758789062 0.091705322265625 0.0751800537109375
-0.0825729370117187 0.0697250366210938 0.135307312011719 0.0928421020507812
-0.130302429199219 0.02557373046875 0.121826171875 0.07177734375
-0.137687683105469 -0.02001953125 -0.00875854492187501 0.22222900390625
-0.0503463745117188 0.0445938110351563 -0.0141983032226562 0.082855224609375
-0.00664901733398438 0.0456275939941406 -0.0842514038085938 -0.00676727294921874
0.0262660980224609 0.0257358551025391 -0.128486633300781 0.00173187255859375
0.0212669372558594 0.00528907775878906 -0.138343811035156 0.0283432006835937
0.0262260437011719 -0.000490188598632813 -0.13507080078125 0.0795669555664063
0.0328083038330078 0.0150871276855469 -0.0938796997070312 0.119331359863281
0.0311698913574219 0.0263423919677734 -0.0570297241210938 0.0988845825195313
0.0394554138183594 0.0380783081054688 -0.0261688232421875 0.0775222778320313
0.0207443237304688 0.0580940246582031 -0.0060577392578125 0.0512619018554688
-0.0124969482421875 0.073089599609375 0.0266036987304688 0.0369911193847656
-0.0483322143554688 0.0750198364257813 0.0533256530761719 0.051055908203125
-0.101089477539062 0.037933349609375 0.0610122680664062 0.0707931518554688
-0.128204345703125 0.0197601318359375 0.0918960571289063 0.0849533081054688
-0.160354614257812 -0.036346435546875 0.0743026733398437 0.055572509765625
-0.13623046875 -0.092926025390625 -0.064788818359375 0.195816040039063
-0.07049560546875 -0.0252838134765625 -0.0596809387207031 0.0644073486328125
-0.0555152893066406 -0.0151596069335938 -0.112709045410156 -0.0196380615234375
-0.0315532684326172 0.000856399536132811 -0.152374267578125 0.00335693359375002
-0.0326251983642578 -0.00168037414550782 -0.146743774414062 0.031219482421875
-0.0211563110351562 0.0207424163818359 -0.13751220703125 0.081787109375
-0.00345611572265624 0.0507125854492188 -0.0959548950195313 0.111915588378906
-0.00370025634765626 0.0577621459960938 -0.061737060546875 0.08245849609375
0.00907135009765625 0.075836181640625 -0.0354957580566406 0.0608863830566406
-0.00996398925781251 0.084747314453125 -0.0083160400390625 0.0344123840332031
-0.0528717041015625 0.0883636474609375 0.0248966217041016 0.022918701171875
-0.0926742553710937 0.0766448974609375 0.0446395874023437 0.0454254150390625
-0.140510559082031 0.00431060791015623 0.0353431701660156 0.0660285949707031
-0.154922485351563 -0.025238037109375 0.0411224365234375 0.07574462890625
-0.16748046875 -0.092926025390625 0.0190143585205078 0.0247592926025391
-0.117904663085938 -0.149581909179687 -0.110137939453125 0.147857666015625
-0.080780029296875 -0.0921249389648438 -0.100799560546875 0.0292510986328125
-0.101547241210938 -0.0758209228515625 -0.13653564453125 -0.037872314453125
-0.09295654296875 -0.0235977172851562 -0.1650390625 -0.00221252441406247
-0.0869064331054688 -0.00490570068359375 -0.144012451171875 0.026275634765625
-0.0668525695800781 0.042205810546875 -0.126449584960938 0.0701370239257813
-0.0405426025390625 0.0795440673828125 -0.0875473022460937 0.08758544921875
-0.0363082885742188 0.0811004638671875 -0.056976318359375 0.0530509948730469
-0.0240249633789063 0.100799560546875 -0.0364799499511719 0.0347061157226563
-0.0403289794921875 0.096038818359375 -0.00439929962158203 0.0112953186035156
-0.0853118896484375 0.0882949829101563 0.0275001525878906 0.00597000122070313
-0.12176513671875 0.0660629272460938 0.0402755737304687 0.0381851196289063
-0.15753173828125 -0.03009033203125 0.0144691467285156 0.0626220703125
-0.156951904296875 -0.0677642822265625 -0.00824356079101564 0.0647468566894531
-0.1497802734375 -0.135772705078125 -0.0345993041992188 -0.0176887512207031
-0.083343505859375 -0.179962158203125 -0.14739990234375 0.0854644775390625
-0.075042724609375 -0.139389038085937 -0.137924194335938 -0.0135116577148438
-0.128433227539063 -0.122833251953125 -0.15167236328125 -0.0540618896484375
-0.137229919433594 -0.0432586669921875 -0.162399291992188 -0.0123748779296875
-0.126708984375 -0.00648498535156251 -0.12628173828125 0.0123443603515625
-0.0995025634765625 0.0586471557617187 -0.103675842285156 0.0482940673828125
-0.0687255859375 0.097259521484375 -0.0697669982910156 0.0508689880371094
-0.0664291381835938 0.0915451049804688 -0.0434036254882813 0.01788330078125
-0.0553436279296875 0.110687255859375 -0.02734375 0.002349853515625
-0.0686187744140625 0.0925827026367188 0.00852394104003906 -0.0125322341918945
-0.110824584960938 0.0711593627929688 0.0358467102050781 -0.00891113281249999
-0.138458251953125 0.0392227172851563 0.0388145446777344 0.0306663513183594
-0.15338134765625 -0.06903076171875 0.00163650512695312 0.0582275390625
-0.133880615234375 -0.109092712402344 -0.0504341125488281 0.0480690002441406
-0.104995727539063 -0.166152954101562 -0.0756912231445312 -0.0669631958007813
-0.037872314453125 -0.179840087890625 -0.17010498046875 0.02392578125
-0.0529327392578125 -0.159133911132812 -0.165542602539063 -0.0539398193359375
-0.12591552734375 -0.145401000976563 -0.151947021484375 -0.0646820068359375
-0.149688720703125 -0.0548248291015625 -0.145095825195312 -0.023162841796875
-0.139068603515625 -0.0104217529296875 -0.0976104736328125 -0.00815582275390627
-0.114570617675781 0.0602874755859375 -0.0737152099609375 0.0166244506835938
-0.0853195190429688 0.100120544433594 -0.0478858947753906 0.00807571411132814
-0.0848236083984375 0.0901031494140625 -0.0242729187011719 -0.0207729339599609
-0.0789794921875 0.106697082519531 -0.00732803344726563 -0.0321121215820312
-0.0911941528320312 0.0770187377929688 0.0324535369873047 -0.0334281921386719
-0.127326965332031 0.0419158935546875 0.0520172119140625 -0.018798828125
-0.143096923828125 0.0026092529296875 0.0427131652832031 0.024017333984375
-0.130233764648438 -0.109992980957031 -0.00546264648437501 0.0475044250488281
-0.0911712646484375 -0.1446533203125 -0.0745849609375 0.0212936401367187
-0.0494537353515625 -0.17755126953125 -0.0989837646484375 -0.119598388671875
0.014404296875 -0.14990234375 -0.175064086914063 -0.0263519287109375
-0.0159912109375 -0.146621704101563 -0.176956176757813 -0.08203125
-0.091278076171875 -0.139732360839844 -0.140960693359375 -0.065460205078125
-0.125274658203125 -0.05999755859375 -0.116996765136719 -0.0335845947265625
-0.118904113769531 -0.020263671875 -0.0664558410644531 -0.0255622863769531
-0.108978271484375 0.0448837280273437 -0.0440292358398438 -0.0172767639160156
-0.090240478515625 0.0818328857421875 -0.0244808197021484 -0.0346260070800781
-0.0912017822265625 0.07379150390625 -0.00165176391601563 -0.0549354553222656
-0.092620849609375 0.0877838134765625 0.0213356018066406 -0.0634498596191406
-0.099273681640625 0.0564041137695313 0.0637474060058594 -0.0493927001953125
-0.126846313476563 0.0147018432617187 0.0742874145507812 -0.024810791015625
-0.131881713867188 -0.0275955200195312 0.0526351928710937 0.0168266296386719
-0.0956573486328125 -0.134498596191406 0.000288009643554684 0.0306529998779297
-0.0393524169921875 -0.1612548828125 -0.0770721435546875 -0.0149002075195313
0.014190673828125 -0.165908813476563 -0.095306396484375 -0.17095947265625
0.0672378540039063 -0.099639892578125 -0.161514282226563 -0.0550689697265625
0.027862548828125 -0.112785339355469 -0.169708251953125 -0.0926513671875
-0.0348052978515625 -0.111869812011719 -0.119094848632813 -0.060699462890625
-0.0727615356445312 -0.0588150024414063 -0.0883865356445313 -0.0417709350585937
-0.07574462890625 -0.0350265502929687 -0.0391654968261719 -0.0382537841796875
-0.0865325927734375 0.0139846801757812 -0.0207862854003906 -0.04339599609375
-0.0832366943359375 0.0486907958984375 -0.0037689208984375 -0.0665473937988281
-0.08319091796875 0.04730224609375 0.0216217041015625 -0.0811614990234375
-0.0888595581054688 0.0610122680664063 0.0520477294921875 -0.0872879028320313
-0.0903091430664063 0.0357818603515625 0.0962753295898438 -0.0608596801757812
-0.109092712402344 -0.00236511230468748 0.0975799560546875 -0.0291366577148438
-0.107048034667969 -0.040924072265625 0.0686416625976562 0.00662994384765625
-0.060333251953125 -0.132606506347656 0.0196075439453125 0.0113677978515625
0.01043701171875 -0.150665283203125 -0.0560760498046875 -0.0512313842773438
0.068756103515625 -0.130241394042969 -0.0700531005859375 -0.21148681640625
-0.104774475097656 0.0624923706054687 0.060943603515625 0.205093383789063
-0.00775909423828124 0.0962677001953125 0.0359458923339844 0.0681648254394531
0.0459213256835937 0.0821151733398437 -0.0519180297851563 -0.00564956665039062
0.0735321044921875 0.03350830078125 -0.0995559692382813 0.000419616699218769
0.0631370544433594 0.00348663330078125 -0.116630554199219 0.0313796997070313
0.0573577880859375 -0.0278282165527344 -0.111015319824219 0.0812835693359375
0.0535774230957031 -0.0271835327148438 -0.0672607421875 0.115715026855469
0.0525627136230469 -0.0138053894042969 -0.0338287353515625 0.100204467773438
0.0558891296386719 -0.0120620727539063 -0.004150390625 0.0777740478515625
0.04791259765625 0.0135536193847656 0.00677490234375001 0.0574111938476563
0.0369300842285156 0.0389251708984375 0.0349464416503906 0.0418434143066406
0.0176162719726562 0.0599937438964844 0.0671958923339844 0.0470046997070313
-0.0303878784179688 0.0749969482421875 0.0928573608398438 0.0673446655273438
-0.0664138793945313 0.0735321044921875 0.136383056640625 0.0793991088867188
-0.117385864257813 0.03936767578125 0.121971130371094 0.0608139038085938
-0.128265380859375 -0.00542449951171876 0.0154266357421875 0.2122802734375
-0.0398674011230469 0.0434646606445312 -0.00254058837890625 0.0779190063476562
0.000995635986328124 0.0392189025878906 -0.0793914794921875 -0.00167846679687499
0.0271797180175781 0.0166549682617188 -0.122161865234375 0.00983428955078123
0.0182857513427734 -0.000728607177734375 -0.129547119140625 0.036590576171875
0.0196685791015625 -0.0046539306640625 -0.123687744140625 0.0875244140625
0.0281410217285156 0.0105857849121094 -0.0786590576171875 0.122756958007812
0.0279655456542969 0.0220088958740234 -0.0447311401367188 0.100242614746094
0.0359611511230469 0.0321502685546875 -0.0162124633789062 0.0780563354492188
0.0215225219726563 0.05133056640625 0.000194549560546871 0.0526924133300781
-0.00689697265625001 0.0677986145019531 0.0303268432617188 0.035888671875
-0.0379180908203125 0.0727005004882813 0.05694580078125 0.0479240417480469
-0.0888900756835937 0.0437545776367188 0.0653648376464844 0.0674514770507813
-0.114784240722656 0.0300674438476562 0.096466064453125 0.076934814453125
-0.152069091796875 -0.0178070068359375 0.0771560668945312 0.0513076782226562
-0.134544372558594 -0.0763473510742188 -0.0383758544921875 0.192596435546875
-0.0661354064941406 -0.0213432312011719 -0.0458488464355469 0.0646133422851562
-0.0522384643554688 -0.0138397216796875 -0.106925964355469 -0.0112533569335938
-0.0303287506103516 -0.00141143798828125 -0.14349365234375 0.0138092041015625
-0.0338096618652344 -0.00242424011230469 -0.136863708496094 0.03973388671875
-0.0229282379150391 0.0200595855712891 -0.123725891113281 0.0889205932617187
-0.00286102294921875 0.0478401184082031 -0.0797805786132813 0.114738464355469
-0.00140380859375 0.0551338195800781 -0.0489425659179688 0.0846328735351563
0.0119476318359375 0.0717239379882812 -0.0251388549804688 0.0629806518554688
-0.0045928955078125 0.07952880859375 -0.00178146362304688 0.0357284545898438
-0.0434036254882813 0.0864715576171875 0.0290870666503906 0.0225391387939453
-0.0811996459960937 0.078704833984375 0.0500946044921875 0.0443534851074219
-0.131431579589844 0.0153045654296875 0.0414276123046875 0.0666313171386719
-0.146331787109375 -0.0106964111328125 0.0482330322265625 0.0736541748046875
-0.165237426757813 -0.0726470947265625 0.0224227905273437 0.0268173217773437
-0.124595642089844 -0.132728576660156 -0.0847930908203125 0.151153564453125
-0.0831375122070313 -0.0835037231445312 -0.0867691040039063 0.0349655151367187
-0.102630615234375 -0.0667648315429688 -0.130508422851563 -0.0268707275390625
-0.0907516479492188 -0.017913818359375 -0.1553955078125 0.00982666015625001
-0.0860671997070313 0.00126647949218752 -0.134315490722656 0.0353240966796875
-0.0628509521484375 0.045013427734375 -0.1129150390625 0.0779495239257812
-0.0333175659179688 0.0789718627929688 -0.0725784301757812 0.0908660888671875
-0.0306320190429687 0.0814132690429688 -0.0470008850097656 0.0559883117675781
-0.0159835815429688 0.0983200073242188 -0.0270767211914063 0.0371322631835938
-0.0319366455078125 0.0938491821289063 0.000956535339355467 0.0133752822875977
-0.0744400024414063 0.0903244018554688 0.0315399169921875 0.00541496276855469
-0.110626220703125 0.0721359252929688 0.0464706420898437 0.0376052856445313
-0.152267456054687 -0.0154571533203125 0.0229072570800781 0.0656700134277344
-0.153961181640625 -0.051025390625 0.00120925903320312 0.068450927734375
-0.15447998046875 -0.116668701171875 -0.0311946868896484 -0.00818634033203126
-0.0958709716796875 -0.166412353515625 -0.125587463378906 0.094940185546875
-0.0832595825195313 -0.128898620605469 -0.125556945800781 -0.00209808349609378
-0.134483337402344 -0.107353210449219 -0.14556884765625 -0.0410614013671875
-0.135032653808594 -0.03057861328125 -0.153823852539063 0.000732421875000021
-0.124305725097656 0.00477600097656253 -0.11798095703125 0.0211944580078125
-0.0912551879882813 0.0644683837890625 -0.091766357421875 0.0542373657226563
-0.0563125610351562 0.0989303588867188 -0.0581321716308594 0.0540504455566406
-0.0561904907226563 0.0940322875976563 -0.0369682312011719 0.0205039978027344
-0.042724609375 0.111305236816406 -0.0209445953369141 0.00469398498535157
-0.0579071044921875 0.09344482421875 0.0124578475952148 -0.011631965637207
-0.100112915039063 0.0777359008789062 0.03875732421875 -0.0100135803222656
-0.12896728515625 0.04962158203125 0.0455093383789062 0.029815673828125
-0.154403686523438 -0.0520172119140625 0.0102882385253906 0.0622291564941406
-0.137527465820313 -0.0928955078125 -0.0401840209960938 0.0559272766113281
-0.116317749023437 -0.150650024414063 -0.07470703125 -0.0521087646484375
-0.0549774169921875 -0.170455932617188 -0.153030395507813 0.03839111328125
-0.066162109375 -0.148590087890625 -0.15521240234375 -0.0369720458984375
-0.135688781738281 -0.127769470214844 -0.147430419921875 -0.0510711669921875
-0.148681640625 -0.0384368896484375 -0.138092041015625 -0.01171875
-0.1356201171875 0.00383758544921875 -0.0927581787109375 -0.00051116943359374
-0.103515625 0.069061279296875 -0.0660781860351563 0.0216217041015625
-0.070037841796875 0.103462219238281 -0.0412101745605469 0.010711669921875
-0.07159423828125 0.0941543579101563 -0.0223102569580078 -0.0183181762695312
-0.06463623046875 0.10888671875 -0.00529670715332032 -0.0302600860595703
-0.0787811279296875 0.0817184448242188 0.0335750579833984 -0.0347175598144531
-0.117408752441406 0.0525665283203125 0.0538139343261719 -0.0210304260253906
-0.136024475097656 0.0163192749023437 0.0478401184082031 0.0227546691894531
-0.136550903320313 -0.0920257568359375 0.00252151489257812 0.0514488220214844
-0.101799011230469 -0.129951477050781 -0.0663299560546875 0.0319442749023438
-0.0653076171875 -0.166610717773438 -0.102020263671875 -0.100944519042969
-0.00364685058593751 -0.146316528320313 -0.163894653320313 -0.00984191894531251
-0.0310821533203125 -0.140449523925781 -0.1708984375 -0.0629425048828125
-0.103843688964844 -0.12445068359375 -0.137184143066406 -0.0529251098632813
-0.1263427734375 -0.0430908203125 -0.112815856933594 -0.024566650390625
-0.116058349609375 -0.00603485107421877 -0.0647697448730469 -0.0204963684082031
-0.0973968505859375 0.0548782348632813 -0.0415229797363281 -0.0136756896972656
-0.0747222900390625 0.0871963500976563 -0.0244789123535156 -0.0316619873046875
-0.0780563354492188 0.0796432495117188 -0.00388717651367188 -0.0536384582519531
-0.0770721435546875 0.0922164916992188 0.0188713073730469 -0.0633468627929688
-0.0870285034179688 0.0633621215820312 0.0619850158691406 -0.05322265625
-0.118293762207031 0.0272750854492187 0.0737838745117187 -0.0290069580078125
-0.127647399902344 -0.012420654296875 0.0558853149414063 0.0147056579589844
-0.107200622558594 -0.1185302734375 0.004669189453125 0.0346660614013672
-0.05633544921875 -0.14996337890625 -0.0730743408203125 -0.00259399414062502
-0.0057525634765625 -0.161392211914063 -0.103958129882813 -0.15106201171875
0.0500640869140625 -0.102561950683594 -0.155441284179688 -0.0402679443359375
0.011932373046875 -0.110504150390625 -0.167129516601563 -0.0744171142578125
-0.0485687255859375 -0.102035522460938 -0.116447448730469 -0.0508880615234375
-0.07598876953125 -0.0454635620117187 -0.0870590209960937 -0.0359115600585938
-0.07550048828125 -0.0224075317382813 -0.0417861938476563 -0.0354995727539062
-0.0775985717773438 0.024566650390625 -0.0228347778320313 -0.0403709411621094
-0.0703201293945313 0.0557708740234375 -0.00848007202148438 -0.0645599365234375
-0.0710678100585938 0.0539093017578125 0.014678955078125 -0.080474853515625
-0.0745086669921875 0.0669479370117188 0.0448379516601563 -0.08831787109375
-0.0785369873046875 0.0428466796875 0.0906829833984375 -0.066650390625
-0.101478576660156 0.009307861328125 0.0953826904296875 -0.0345458984375
-0.104965209960938 -0.0258102416992187 0.0694656372070313 0.00358963012695312
-0.0728225708007813 -0.117744445800781 0.0204200744628906 0.0139522552490234
-0.008636474609375 -0.142898559570313 -0.0580253601074219 -0.0398712158203125
0.0488357543945313 -0.131607055664063 -0.0850372314453125 -0.19281005859375
-0.0884246826171875 0.0656661987304687 0.0710601806640625 0.186798095703125
0.0018157958984375 0.0882720947265625 0.0388069152832031 0.0581703186035156
0.0505332946777344 0.0695686340332031 -0.0486946105957031 -0.00359344482421874
0.0703353881835938 0.02276611328125 -0.0944442749023438 0.00341033935546876
0.0569038391113281 -0.00344085693359375 -0.109260559082031 0.0345611572265625
0.047454833984375 -0.0303459167480469 -0.102569580078125 0.0832748413085938
0.044189453125 -0.0289421081542969 -0.0567398071289063 0.113113403320313
0.0449943542480469 -0.0163726806640625 -0.0258331298828125 0.0972824096679687
0.0473403930664063 -0.0142784118652344 0.00131988525390625 0.0744705200195313
0.0417251586914063 0.00821304321289063 0.0102081298828125 0.0561599731445313
0.0348625183105469 0.0307598114013672 0.0356788635253906 0.0401039123535156
0.021331787109375 0.0519180297851563 0.0666923522949219 0.0432395935058594
-0.0200386047363281 0.0699005126953125 0.0906829833984375 0.0603179931640625
-0.052398681640625 0.0721664428710938 0.131988525390625 0.0684051513671875
-0.102294921875 0.0469284057617187 0.117591857910156 0.0525283813476562
-0.114738464355469 0.00308990478515627 0.031158447265625 0.19659423828125
-0.0314216613769531 0.040191650390625 0.0052032470703125 0.0700645446777344
0.00500297546386719 0.0319766998291016 -0.0729751586914063 0.000762939453125015
0.0258426666259766 0.00926971435546875 -0.113883972167969 0.0143661499023438
0.0144252777099609 -0.00422000885009766 -0.120567321777344 0.0397872924804687
0.0132369995117187 -0.00664997100830078 -0.112266540527344 0.08868408203125
0.0226058959960938 0.00824928283691406 -0.0656661987304687 0.120018005371094
0.0241107940673828 0.0188426971435547 -0.0344696044921875 0.0971145629882813
0.0321083068847656 0.0285701751708984 -0.00909423828125 0.07525634765625
0.0195426940917969 0.0450630187988281 0.0053863525390625 0.051849365234375
-0.00404357910156251 0.0607109069824219 0.0326480865478516 0.0348796844482422
-0.0304107666015625 0.06732177734375 0.0583572387695313 0.04498291015625
-0.077392578125 0.0451583862304687 0.0667343139648438 0.0629234313964844
-0.101318359375 0.034423828125 0.0959091186523438 0.0693283081054688
-0.139236450195313 -0.00622558593749999 0.0769119262695312 0.0472183227539063
-0.127220153808594 -0.0638504028320313 -0.0192718505859375 0.181320190429688
-0.0602989196777344 -0.0186767578125 -0.0339813232421875 0.0606956481933594
-0.0488319396972656 -0.0140037536621094 -0.0989837646484375 -0.00651550292968749
-0.0290966033935547 -0.00375938415527344 -0.132369995117188 0.0194778442382813
-0.035003662109375 -0.00255012512207031 -0.125473022460938 0.0433807373046875
-0.0241603851318359 0.019287109375 -0.110748291015625 0.089935302734375
-0.002899169921875 0.0447883605957031 -0.0663909912109375 0.112205505371094
-0.00127410888671875 0.0522956848144531 -0.039031982421875 0.0826492309570313
0.0127029418945312 0.0662040710449219 -0.0172157287597656 0.0610084533691406
-0.00286102294921875 0.0735626220703125 0.00337600708007813 0.0357322692871094
-0.03704833984375 0.0818557739257813 0.0315074920654297 0.0219154357910156
-0.0712661743164063 0.0764694213867187 0.0529098510742188 0.0420494079589844
-0.120132446289063 0.0211563110351563 0.0461921691894531 0.0649833679199219
-0.134552001953125 -0.00174713134765622 0.0523185729980469 0.0702400207519531
-0.157058715820312 -0.057281494140625 0.0255012512207031 0.0285396575927734
-0.123123168945312 -0.117820739746094 -0.063568115234375 0.145919799804688
-0.0808639526367188 -0.07568359375 -0.072906494140625 0.0359878540039062
-0.1007080078125 -0.05926513671875 -0.121086120605469 -0.0196075439453125
-0.0866012573242188 -0.0141220092773437 -0.143280029296875 0.0167083740234375
-0.0828170776367188 0.00484466552734376 -0.122016906738281 0.0392303466796875
-0.0584983825683594 0.0451011657714844 -0.0994186401367187 0.078155517578125
-0.0279541015625 0.0759963989257813 -0.0597305297851563 0.0886459350585938
-0.0252609252929688 0.0785064697265625 -0.0373687744140625 0.0553512573242188
-0.010162353515625 0.09332275390625 -0.0201148986816406 0.0362434387207031
-0.0260086059570312 0.0893096923828125 0.00617313385009765 0.0133533477783203
-0.06512451171875 0.0880279541015625 0.0337791442871094 0.00494766235351563
-0.0995941162109375 0.0732040405273437 0.0495719909667969 0.03546142578125
-0.143539428710938 -0.00596618652343749 0.0294532775878906 0.0651702880859375
-0.145416259765625 -0.0389251708984375 0.00951385498046875 0.0680923461914063
-0.15118408203125 -0.100006103515625 -0.0263214111328125 -0.00106239318847657
-0.100372314453125 -0.151168823242188 -0.104629516601562 0.0952835083007812
-0.0864181518554687 -0.117706298828125 -0.110862731933594 0.00375366210937498
-0.13348388671875 -0.0943832397460938 -0.136466979980469 -0.0320510864257813
-0.128746032714844 -0.02154541015625 -0.141693115234375 0.00732421874999998
-0.11712646484375 0.0115814208984375 -0.107620239257813 0.024749755859375
-0.0825042724609375 0.0656814575195312 -0.0799484252929688 0.05499267578125
-0.046905517578125 0.09588623046875 -0.0482292175292969 0.0524826049804688
-0.0469970703125 0.0918807983398438 -0.030609130859375 0.0202541351318359
-0.03350830078125 0.106887817382813 -0.0157289505004883 0.00555610656738282
-0.0490493774414063 0.0904922485351563 0.0158214569091797 -0.011138916015625
-0.0895462036132813 0.078765869140625 0.0400161743164062 -0.0111160278320312
-0.118606567382813 0.0543975830078125 0.0491371154785156 0.0280570983886719
-0.148605346679687 -0.039886474609375 0.0181007385253906 0.0625953674316406
-0.13409423828125 -0.0783920288085938 -0.0304908752441406 0.0590744018554687
-0.119087219238281 -0.134925842285156 -0.06903076171875 -0.039398193359375
-0.0638275146484375 -0.15777587890625 -0.134147644042969 0.0442123413085938
-0.0729522705078125 -0.1368408203125 -0.141448974609375 -0.0263214111328125
-0.137649536132812 -0.111129760742188 -0.138153076171875 -0.0418472290039063
-0.141845703125 -0.0262908935546875 -0.128486633300781 -0.00510406494140627
-0.127593994140625 0.0140151977539063 -0.0853805541992188 0.00341796875
-0.0913314819335938 0.0717010498046875 -0.0574913024902344 0.0232925415039062
-0.0572891235351563 0.100990295410156 -0.0346603393554688 0.0107784271240234
-0.0607376098632813 0.0934906005859375 -0.0198020935058594 -0.0166492462158203
-0.0519256591796875 0.10638427734375 -0.00255012512207032 -0.0292129516601562
-0.0683517456054688 0.0808029174804688 0.033905029296875 -0.0355148315429687
-0.106277465820312 0.0568771362304688 0.0534896850585937 -0.0229682922363281
-0.126571655273438 0.024383544921875 0.0508193969726562 0.0213432312011719
-0.135452270507813 -0.0773773193359375 0.00966644287109374 0.0531539916992187
-0.104537963867188 -0.114608764648437 -0.0571708679199219 0.0383682250976563
-0.0744781494140625 -0.15264892578125 -0.0988693237304688 -0.0841827392578125
-0.016082763671875 -0.138031005859375 -0.14898681640625 -0.000854492187500016
-0.0416793823242187 -0.129852294921875 -0.158615112304688 -0.04901123046875
-0.108383178710938 -0.109115600585937 -0.129287719726563 -0.0443191528320312
-0.121299743652344 -0.0303421020507812 -0.106346130371094 -0.0185317993164063
-0.109970092773438 0.00459289550781251 -0.0610771179199219 -0.0168037414550781
-0.0855636596679687 0.0583267211914063 -0.0378189086914063 -0.011474609375
-0.0609893798828125 0.0865631103515625 -0.0226306915283203 -0.0296249389648437
-0.0648117065429688 0.0799713134765625 -0.00548553466796876 -0.05133056640625
-0.0629425048828125 0.0918502807617187 0.0171775817871094 -0.0615348815917969
-0.0750503540039063 0.064483642578125 0.0591545104980469 -0.0546836853027344
-0.107109069824219 0.034942626953125 0.071990966796875 -0.0314559936523437
-0.120124816894531 -0.00109863281249998 0.0570793151855469 0.0124473571777344
-0.109848022460938 -0.102035522460938 0.00967407226562499 0.0366096496582031
-0.0640640258789062 -0.135833740234375 -0.0660209655761719 0.00611114501953123
-0.0190582275390625 -0.151763916015625 -0.104164123535156 -0.132270812988281
0.0363922119140625 -0.0998992919921875 -0.144668579101563 -0.0297088623046875
0.000740051269531242 -0.104598999023437 -0.157882690429688 -0.06103515625
-0.0561294555664063 -0.0903701782226563 -0.110488891601563 -0.0445632934570312
-0.0750885009765625 -0.03436279296875 -0.08404541015625 -0.03131103515625
-0.0720596313476563 -0.0129241943359375 -0.0411262512207031 -0.0328330993652344
-0.0681953430175781 0.0296859741210937 -0.0231513977050781 -0.0380134582519531
-0.0574874877929688 0.0568923950195313 -0.0109443664550781 -0.0609893798828125
-0.0595359802246094 0.0559043884277344 0.00951385498046874 -0.0775985717773437
-0.0610580444335938 0.0667877197265625 0.0388336181640625 -0.0869903564453125
-0.0674781799316406 0.0454063415527344 0.0845870971679688 -0.0691757202148438
-0.091522216796875 0.0178756713867188 0.0905685424804688 -0.037445068359375
-0.0984573364257813 -0.0147933959960937 0.06787109375 0.00209426879882812
-0.0785064697265625 -0.102500915527344 0.0210132598876953 0.0161247253417969
-0.0205917358398438 -0.131492614746094 -0.056182861328125 -0.0298347473144531
0.0330123901367188 -0.126472473144531 -0.0908660888671875 -0.172622680664063
-0.0757904052734375 0.064971923828125 0.0739288330078125 0.171310424804688
0.00711059570312499 0.08026123046875 0.0391082763671875 0.0509300231933594
0.0508155822753906 0.0594558715820313 -0.0455436706542969 -0.00412750244140624
0.0653610229492188 0.0148277282714844 -0.0901947021484375 0.00435638427734374
0.0513801574707031 -0.00751876831054688 -0.103706359863281 0.03424072265625
0.0393333435058594 -0.0291481018066406 -0.0967559814453125 0.0823211669921875
0.03607177734375 -0.0281829833984375 -0.0505142211914062 0.109413146972656
0.038970947265625 -0.0163650512695313 -0.020477294921875 0.0930557250976563
0.0406723022460938 -0.0144996643066406 0.00397491455078126 0.0711288452148438
0.0357856750488281 0.00555038452148438 0.0122909545898438 0.0548171997070313
0.0318870544433594 0.0254688262939453 0.0356941223144531 0.0393905639648438
0.0216217041015625 0.04510498046875 0.064697265625 0.0407829284667969
-0.0134010314941406 0.0640983581542969 0.0870513916015625 0.057098388671875
-0.042938232421875 0.0681915283203125 0.125541687011719 0.0626296997070313
-0.0900802612304687 0.0490341186523438 0.111763000488281 0.0486602783203125
-0.103599548339844 0.00649261474609374 0.0385284423828125 0.18157958984375
-0.0254592895507813 0.0357933044433594 0.00970458984375 0.0626716613769531
0.00674819946289063 0.0252895355224609 -0.0675277709960938 0.00173187255859375
0.0231208801269531 0.00339126586914063 -0.106689453125 0.014862060546875
0.0104751586914063 -0.00695133209228516 -0.11322021484375 0.0394058227539062
0.00846719741821289 -0.00656270980834961 -0.104591369628906 0.08709716796875
0.0175628662109375 0.00706577301025391 -0.0575332641601562 0.115303039550781
0.0200271606445313 0.0174236297607422 -0.0280685424804688 0.093597412109375
0.0281257629394531 0.0265083312988281 -0.004486083984375 0.07171630859375
0.0167160034179688 0.041015625 0.00832748413085938 0.0506820678710938
-0.00336456298828125 0.0552330017089844 0.0339488983154297 0.0338897705078125
-0.0265235900878906 0.0620155334472656 0.0584449768066406 0.04290771484375
-0.0687637329101563 0.0425491333007813 0.066162109375 0.0604972839355469
-0.0906906127929687 0.0338973999023438 0.0937347412109375 0.0646438598632813
-0.12786865234375 0.000122070312499992 0.0750579833984375 0.0453033447265625
-0.1185302734375 -0.0562362670898438 -0.0073394775390625 0.16943359375
-0.0550537109375 -0.0186614990234375 -0.0259819030761719 0.0552711486816406
-0.0452156066894531 -0.0153732299804688 -0.0916976928710937 -0.00535583496093749
-0.0289726257324219 -0.00699806213378906 -0.122962951660156 0.0201568603515625
-0.0354461669921875 -0.00281143188476562 -0.116928100585938 0.0428695678710938
-0.0257110595703125 0.0185813903808594 -0.101417541503906 0.0875167846679687
-0.00406265258789063 0.0418510437011719 -0.0569076538085938 0.107170104980469
-0.00191879272460938 0.0495376586914063 -0.032440185546875 0.0792083740234375
0.0114212036132812 0.0625762939453125 -0.0116806030273437 0.0587692260742188
-0.00277709960937501 0.068572998046875 0.00709152221679687 0.0354690551757813
-0.0341415405273438 0.0766372680664063 0.0332908630371094 0.0208511352539063
-0.0646133422851563 0.0726165771484375 0.0542335510253906 0.0403175354003906
-0.111137390136719 0.0224533081054687 0.0484771728515625 0.0630569458007813
-0.12310791015625 0.00136566162109377 0.0540008544921875 0.0675315856933594
-0.14715576171875 -0.04901123046875 0.0273017883300781 0.0295352935791016
-0.117568969726563 -0.107070922851563 -0.0497665405273438 0.1373291015625
-0.0775909423828125 -0.0713653564453125 -0.0625877380371094 0.0333900451660156
-0.0966415405273438 -0.055145263671875 -0.112411499023438 -0.0170745849609375
-0.0825881958007813 -0.0135955810546875 -0.132545471191406 0.01788330078125
-0.0804290771484375 0.00647735595703125 -0.113189697265625 0.0385360717773438
-0.0567588806152344 0.0438613891601562 -0.08978271484375 0.0758132934570313
-0.0253372192382812 0.0718231201171875 -0.0516128540039063 0.0837860107421875
-0.0227508544921875 0.0750885009765625 -0.0317497253417969 0.052947998046875
-0.00785064697265626 0.0883407592773438 -0.01483154296875 0.0352706909179688
-0.0234603881835938 0.0841522216796875 0.00906562805175781 0.0124597549438477
-0.059906005859375 0.0843582153320312 0.0349617004394531 0.00425529479980469
-0.0918807983398437 0.0708770751953125 0.0519294738769531 0.0345115661621094
-0.1351318359375 -0.00164031982421877 0.0339584350585937 0.06439208984375
-0.136131286621094 -0.03265380859375 0.01458740234375 0.0671272277832031
-0.1444091796875 -0.089385986328125 -0.0212192535400391 0.00354385375976562
-0.100143432617187 -0.138954162597656 -0.0886001586914062 0.09136962890625
-0.085235595703125 -0.109901428222656 -0.0985336303710938 0.00490570068359376
-0.130279541015625 -0.0855636596679688 -0.12664794921875 -0.0292587280273438
-0.12225341796875 -0.0175399780273438 -0.131240844726563 0.009429931640625
-0.111282348632813 0.0149765014648438 -0.0991592407226563 0.0254135131835937
-0.0766067504882813 0.064453125 -0.0713043212890625 0.0526657104492188
-0.040557861328125 0.0917892456054688 -0.0414009094238281 0.0498466491699219
-0.0413360595703125 0.0888595581054688 -0.0264205932617188 0.0195369720458984
-0.0276565551757813 0.102043151855469 -0.0113143920898438 0.00497245788574219
-0.0441436767578125 0.0858840942382813 0.0177383422851562 -0.0116634368896484
-0.0822906494140625 0.0768661499023438 0.0409393310546875 -0.0111885070800781
-0.110244750976563 0.0549087524414063 0.0515022277832031 0.0267829895019531
-0.142440795898438 -0.032623291015625 0.0236053466796875 0.0622291564941406
-0.128936767578125 -0.0706863403320312 -0.0226707458496094 0.0596542358398438
-0.116622924804688 -0.123710632324219 -0.0625686645507813 -0.0316162109375
-0.0677032470703125 -0.146987915039063 -0.119049072265625 0.0438079833984375
-0.0743789672851563 -0.127281188964844 -0.12847900390625 -0.0225601196289063
-0.135597229003906 -0.0997390747070313 -0.129524230957031 -0.0374984741210938
-0.13458251953125 -0.0194091796875 -0.118949890136719 -0.00218963623046873
-0.120223999023437 0.0184555053710937 -0.079437255859375 0.00421142578125002
-0.08349609375 0.0705032348632813 -0.0512809753417969 0.0216751098632813
-0.0489273071289063 0.0963821411132813 -0.0302028656005859 0.0101509094238281
-0.0529251098632812 0.0904998779296875 -0.0173301696777344 -0.0162315368652344
-0.0442733764648437 0.101829528808594 -0.000568389892578129 -0.0284500122070312
-0.060821533203125 0.0774993896484375 0.0349502563476562 -0.0355377197265625
-0.0973052978515625 0.0580062866210937 0.0531578063964844 -0.0236396789550781
-0.118431091308594 0.02740478515625 0.0527534484863281 0.01971435546875
-0.13134765625 -0.0679931640625 0.0143775939941406 0.0538444519042969
-0.103889465332031 -0.104393005371094 -0.0484580993652344 0.041351318359375
-0.0773773193359375 -0.142120361328125 -0.0919876098632813 -0.0732269287109375
-0.0231094360351562 -0.130752563476562 -0.135551452636719 0.00183868408203127
-0.0459823608398438 -0.121147155761719 -0.145980834960938 -0.0428009033203125
-0.108627319335937 -0.0971145629882813 -0.121574401855469 -0.0403213500976563
-0.115333557128906 -0.0228652954101562 -0.0996627807617188 -0.0156326293945313
-0.103660583496094 0.0103378295898438 -0.0573883056640625 -0.0158843994140625
-0.076416015625 0.0588302612304688 -0.0338554382324219 -0.0115699768066406
-0.0515594482421875 0.0834808349609375 -0.0204715728759766 -0.0285930633544922
-0.056304931640625 0.0779266357421875 -0.00542831420898437 -0.049163818359375
-0.0537338256835938 0.0875473022460938 0.0163192749023437 -0.0594367980957031
-0.066741943359375 0.0621337890625 0.0570831298828125 -0.05438232421875
-0.0979385375976562 0.0370864868164063 0.0699005126953125 -0.0322456359863281
-0.111824035644531 0.00418853759765624 0.0584335327148437 0.0117645263671875
-0.108139038085938 -0.0898590087890625 0.0133476257324219 0.0378761291503906
-0.0671539306640625 -0.123687744140625 -0.05950927734375 0.0111618041992187
-0.02667236328125 -0.14288330078125 -0.100028991699219 -0.117561340332031
0.0268020629882813 -0.0959091186523438 -0.133384704589844 -0.0258941650390625
-0.00697326660156251 -0.0979080200195312 -0.147491455078125 -0.053619384765625
-0.05877685546875 -0.0808181762695313 -0.104225158691406 -0.04107666015625
-0.072021484375 -0.0272445678710938 -0.079742431640625 -0.0291824340820312
-0.0674285888671875 -0.00712203979492188 -0.0404548645019531 -0.0315208435058594
-0.0598716735839844 0.03076171875 -0.0220870971679688 -0.0361976623535156
-0.0478706359863281 0.055328369140625 -0.0119857788085937 -0.0581512451171875
-0.0509986877441406 0.054473876953125 0.00677490234375 -0.0741348266601563
-0.0516204833984375 0.0640373229980469 0.035980224609375 -0.08447265625
-0.0585670471191406 0.0441856384277344 0.08013916015625 -0.0691452026367188
-0.0829086303710937 0.021942138671875 0.0866851806640625 -0.03778076171875
-0.0912551879882813 -0.0086212158203125 0.0666351318359375 0.00139617919921875
-0.0781173706054688 -0.0908355712890625 0.0220241546630859 0.0180320739746094
-0.0269622802734375 -0.120010375976563 -0.0522804260253906 -0.0230369567871094
0.0227737426757812 -0.119461059570312 -0.08978271484375 -0.15692138671875
-0.0670852661132813 0.0632095336914063 0.0743255615234375 0.160903930664063
0.00959777832031249 0.0741958618164062 0.0384674072265625 0.0458412170410156
0.0503158569335938 0.0526695251464844 -0.0439643859863281 -0.00505065917968749
0.0615386962890625 0.00959396362304688 -0.0877685546875 0.00362396240234377
0.0465812683105469 -0.0098724365234375 -0.101951599121094 0.0327911376953125
0.0335617065429688 -0.0285701751708984 -0.093719482421875 0.0805587768554688
0.0308399200439453 -0.0266838073730469 -0.0477371215820312 0.106788635253906
0.0346412658691406 -0.0160732269287109 -0.0179672241210938 0.0906143188476562
0.0359458923339844 -0.0133094787597656 0.00494766235351563 0.0696525573730469
0.0317821502685547 0.00458908081054688 0.0129966735839844 0.0543785095214844
0.0288925170898437 0.0216464996337891 0.0360870361328125 0.0394706726074219
0.0215225219726562 0.040283203125 0.06353759765625 0.0401496887207031
-0.00952529907226563 0.0594100952148438 0.0839080810546875 0.0554885864257813
-0.0372314453125 0.06402587890625 0.121131896972656 0.0602493286132813
-0.0813827514648437 0.0491561889648438 0.107994079589844 0.0480422973632813
-0.09527587890625 0.0070648193359375 0.0423736572265625 0.171493530273438
-0.0217514038085938 0.0317726135253906 0.011932373046875 0.0572662353515625
0.0070037841796875 0.0202522277832031 -0.0640640258789063 0.000358581542968753
0.0210113525390625 -0.000553131103515625 -0.102226257324219 0.0142974853515625
0.00777435302734375 -0.00847959518432617 -0.109214782714844 0.0380859375
0.00407648086547852 -0.00665092468261719 -0.100082397460937 0.0849456787109375
0.0133447647094727 0.00701045989990234 -0.0532302856445313 0.111885070800781
0.0172977447509766 0.0171566009521484 -0.0246963500976563 0.0909500122070313
0.0251293182373047 0.0254383087158203 -0.00225067138671875 0.0700874328613281
0.0139999389648437 0.0384178161621094 0.0100173950195312 0.0501251220703125
-0.00456619262695313 0.0509986877441406 0.03472900390625 0.0339736938476563
-0.0248794555664062 0.0576667785644531 0.0587921142578125 0.0425834655761719
-0.0636558532714844 0.0399360656738281 0.0660209655761719 0.0601043701171875
-0.0829696655273438 0.0319747924804687 0.0920867919921875 0.06329345703125
-0.119384765625 0.00225830078124999 0.0738754272460937 0.0460128784179688
-0.111518859863281 -0.0534133911132812 -0.000503540039062491 0.16082763671875
-0.0512313842773437 -0.0201072692871094 -0.0208816528320313 0.0504379272460937
-0.0437088012695312 -0.0180778503417969 -0.0868453979492188 -0.00584411621093751
-0.028900146484375 -0.00968933105468751 -0.117340087890625 0.0192108154296875
-0.0368080139160156 -0.00385284423828125 -0.112144470214844 0.0406494140625
-0.0277671813964844 0.0177326202392578 -0.0961074829101562 0.0849227905273438
-0.00647735595703125 0.0406265258789063 -0.0523529052734375 0.103065490722656
-0.00316619873046875 0.0482826232910156 -0.0285186767578125 0.076751708984375
0.0104560852050781 0.0608062744140625 -0.0085601806640625 0.0568771362304688
-0.00444793701171875 0.0650787353515625 0.00915908813476562 0.0350131988525391
-0.033294677734375 0.07305908203125 0.0344009399414063 0.0213356018066406
-0.0615921020507813 0.0687522888183594 0.0557174682617187 0.0398674011230469
-0.10528564453125 0.021453857421875 0.0499420166015625 0.063201904296875
-0.116119384765625 0.00149536132812497 0.0554275512695312 0.0663909912109375
-0.139450073242187 -0.0448150634765625 0.0296344757080078 0.0312461853027344
-0.113510131835938 -0.102775573730469 -0.0402450561523438 0.130615234375
-0.0739898681640625 -0.0697860717773438 -0.0551834106445313 0.0298347473144531
-0.0939712524414062 -0.0542373657226563 -0.10675048828125 -0.017120361328125
-0.0802688598632813 -0.0145187377929688 -0.125755310058594 0.0174331665039062
-0.07928466796875 0.00652313232421877 -0.107345581054688 0.0370330810546875
-0.0555000305175781 0.0431938171386719 -0.08441162109375 0.0729827880859375
-0.0247726440429688 0.0695648193359375 -0.046234130859375 0.0803756713867188
-0.0223541259765625 0.073516845703125 -0.0285301208496094 0.0505943298339844
-0.0070648193359375 0.0858078002929688 -0.0108680725097656 0.03375244140625
-0.0230865478515625 0.0805816650390625 0.0115365982055664 0.01239013671875
-0.0575332641601563 0.0813217163085938 0.0363426208496094 0.00455093383789063
-0.0880203247070313 0.0687484741210937 0.0543441772460937 0.0338821411132813
-0.129852294921875 -0.00122833251953128 0.0374336242675781 0.0643043518066406
-0.12969970703125 -0.0310287475585937 0.0179405212402344 0.0665435791015625
-0.139045715332031 -0.084869384765625 -0.017481803894043 0.00643539428710937
-0.097991943359375 -0.133712768554688 -0.0789871215820313 0.0861968994140625
-0.0826492309570313 -0.106101989746094 -0.089385986328125 0.00326538085937497
-0.127655029296875 -0.0810546875 -0.121055603027344 -0.0278472900390625
-0.117584228515625 -0.0159835815429688 -0.124900817871094 0.00894165039062502
-0.108283996582031 0.0161666870117188 -0.0947494506835938 0.0240020751953125
-0.0731353759765625 0.0627365112304687 -0.0663299560546875 0.0499801635742188
-0.0383987426757813 0.087890625 -0.0371627807617188 0.0465812683105469
-0.0388107299804688 0.086578369140625 -0.0236930847167969 0.0177669525146484
-0.0253448486328125 0.0985031127929688 -0.00808906555175782 0.00419139862060547
-0.0419464111328125 0.0826263427734375 0.0200653076171875 -0.0123367309570312
-0.078155517578125 0.0748443603515625 0.0419845581054687 -0.0113906860351562
-0.1053466796875 0.0540771484375 0.05389404296875 0.0266151428222656
-0.137451171875 -0.029693603515625 0.0276870727539062 0.0617713928222656
-0.123809814453125 -0.0665130615234375 -0.0173721313476563 0.0601882934570312
-0.114768981933594 -0.118247985839844 -0.0575103759765625 -0.0267791748046875
-0.06854248046875 -0.140640258789063 -0.108695983886719 0.0414886474609375
-0.0744400024414063 -0.122215270996094 -0.11883544921875 -0.0225677490234375
-0.133995056152344 -0.0930633544921875 -0.123069763183594 -0.0360336303710938
-0.129844665527344 -0.016510009765625 -0.112556457519531 -0.00273895263671874
-0.116012573242188 0.0207672119140625 -0.0753097534179688 0.0032806396484375
-0.0782699584960938 0.0689544677734375 -0.047454833984375 0.0199012756347656
-0.0442886352539062 0.0923538208007813 -0.0272502899169922 0.0082244873046875
-0.04876708984375 0.08782958984375 -0.0155229568481445 -0.0163869857788086
-0.0397796630859375 0.097869873046875 0.00166702270507812 -0.0286903381347656
-0.0568466186523437 0.0746917724609375 0.0352973937988281 -0.0357742309570312
-0.0924224853515625 0.0572357177734375 0.0540885925292969 -0.0233612060546875
-0.113121032714844 0.0286636352539063 0.0550117492675781 0.0195693969726563
-0.12823486328125 -0.0626602172851563 0.0186729431152344 0.0539512634277344
-0.101844787597656 -0.098419189453125 -0.0426406860351563 0.0424385070800781
-0.0778884887695313 -0.136260986328125 -0.0867080688476563 -0.0666732788085938
-0.0272903442382812 -0.125656127929687 -0.12603759765625 0.000274658203125001
-0.0484161376953125 -0.115333557128906 -0.136497497558594 -0.04144287109375
-0.108848571777344 -0.0903167724609375 -0.1162109375 -0.0390243530273438
-0.111137390136719 -0.0180892944335938 -0.09478759765625 -0.0158920288085938
-0.0988540649414063 0.0140151977539063 -0.0553321838378906 -0.0156211853027344
-0.0704879760742188 0.0572509765625 -0.0311241149902344 -0.0124607086181641
-0.0452957153320313 0.0797042846679688 -0.0189189910888672 -0.0290145874023438
-0.05078125 0.0754318237304687 -0.00531768798828125 -0.0486717224121094
-0.0475921630859375 0.0840988159179688 0.0170631408691406 -0.0582809448242187
-0.0614814758300781 0.0598487854003906 0.0572700500488281 -0.0552024841308594
-0.0922698974609375 0.0374832153320312 0.0692405700683594 -0.0319900512695312
-0.106468200683594 0.0060272216796875 0.0590972900390625 0.0116043090820313
-0.106147766113281 -0.0839080810546875 0.0165023803710937 0.0386619567871094
-0.0678787231445313 -0.117294311523438 -0.0542716979980469 0.0139961242675781
-0.0299301147460938 -0.136848449707031 -0.095367431640625 -0.109840393066406
0.020782470703125 -0.09222412109375 -0.126190185546875 -0.0266265869140625
-0.010711669921875 -0.093475341796875 -0.139480590820313 -0.0517578125
-0.060150146484375 -0.074462890625 -0.100181579589844 -0.04119873046875
-0.0690879821777344 -0.0222244262695313 -0.0772247314453125 -0.029388427734375
-0.064239501953125 -0.00317001342773439 -0.0390510559082031 -0.0310783386230469
-0.0552101135253906 0.0312728881835938 -0.0206451416015625 -0.0361137390136719
-0.0420188903808594 0.0529556274414062 -0.0123252868652344 -0.0572357177734375
-0.0450401306152344 0.0527534484863281 0.0055999755859375 -0.0723800659179688
-0.0459785461425781 0.0616455078125 0.0348587036132813 -0.0825042724609375
-0.0533676147460938 0.0426254272460938 0.0785446166992188 -0.0686874389648438
-0.0769805908203125 0.0229721069335938 0.0849990844726563 -0.0374755859375
-0.0858078002929688 -0.00508117675781251 0.0669097900390625 0.00190353393554687
-0.0776519775390625 -0.0836181640625 0.0230045318603516 0.0199432373046875
-0.029510498046875 -0.113754272460938 -0.0497093200683594 -0.0187416076660156
0.0170745849609375 -0.113983154296875 -0.0874481201171875 -0.148178100585938
-0.0607643127441406 0.0623817443847656 0.0768890380859375 0.155029296875
0.0122528076171875 0.0699310302734375 0.0386619567871094 0.0417747497558594
0.0507583618164063 0.0470046997070313 -0.0427932739257813 -0.00671005249023438
0.0583534240722656 0.00542449951171875 -0.0873794555664063 0.00338745117187499
0.0440521240234375 -0.0115814208984375 -0.101104736328125 0.0335845947265625
0.0296421051025391 -0.0281486511230469 -0.0927963256835938 0.081634521484375
0.0263519287109375 -0.025360107421875 -0.0456085205078125 0.106826782226563
0.0316410064697266 -0.015350341796875 -0.0159454345703125 0.0911483764648438
0.0333690643310547 -0.0127773284912109 0.00611114501953125 0.0695343017578125
0.0286521911621094 0.00415420532226563 0.0143623352050781 0.0553207397460937
0.0265960693359375 0.0194625854492188 0.0373039245605469 0.0401191711425781
0.0215988159179687 0.0370597839355469 0.0640487670898438 0.0404815673828125
-0.0066375732421875 0.0559577941894531 0.0829010009765625 0.0557708740234375
-0.0326881408691406 0.0616035461425781 0.119583129882812 0.0594635009765625
-0.0752334594726562 0.0504837036132813 0.10693359375 0.0491409301757813
-0.0901336669921875 0.00740814208984373 0.0461578369140625 0.166366577148438
-0.0188083648681641 0.0284557342529297 0.0139503479003906 0.0530967712402344
0.007080078125 0.0158100128173828 -0.0625267028808594 -0.00101089477539063
0.018402099609375 -0.00409507751464844 -0.100639343261719 0.0137405395507813
0.00465869903564453 -0.0103998184204102 -0.107856750488281 0.0376968383789062
0.00112390518188477 -0.00568056106567383 -0.0985183715820313 0.0853424072265625
0.00989341735839844 0.00793647766113281 -0.0501174926757812 0.111312866210937
0.0148077011108398 0.0174655914306641 -0.0220870971679688 0.090240478515625
0.0231380462646484 0.0259532928466797 0.000328063964843744 0.0703506469726563
0.0113067626953125 0.0380439758300781 0.0123405456542969 0.05108642578125
-0.005767822265625 0.0490493774414063 0.0367240905761719 0.0344810485839844
-0.0240325927734375 0.05511474609375 0.0604515075683594 0.0429611206054688
-0.0604095458984375 0.0383262634277344 0.0666465759277344 0.0606536865234375
-0.0790328979492188 0.0312118530273438 0.0924148559570313 0.0631103515625
-0.113716125488281 0.00370025634765625 0.0758132934570312 0.04730224609375
-0.108177185058594 -0.0522689819335937 0.0057220458984375 0.155838012695312
-0.0489921569824219 -0.0220375061035156 -0.0167045593261719 0.0471267700195313
-0.0437889099121094 -0.0200920104980469 -0.0844268798828125 -0.00659942626953125
-0.0302867889404297 -0.0118331909179688 -0.114158630371094 0.0189437866210938
-0.0386772155761719 -0.00421524047851563 -0.11053466796875 0.0404281616210938
-0.0295372009277344 0.0183181762695312 -0.0932464599609375 0.0844268798828125
-0.0083770751953125 0.0410232543945313 -0.0488510131835938 0.101646423339844
-0.00432968139648438 0.0482330322265625 -0.0254592895507813 0.0760116577148438
0.00956344604492187 0.0605316162109375 -0.00555038452148438 0.0568618774414063
-0.00561904907226563 0.0646171569824219 0.0117855072021484 0.0349578857421875
-0.0332489013671875 0.07110595703125 0.03692626953125 0.021392822265625
-0.0601997375488281 0.0675888061523438 0.0584907531738281 0.040069580078125
-0.103065490722656 0.0214309692382813 0.0529670715332031 0.0634994506835938
-0.112136840820313 0.00136566162109375 0.05767822265625 0.067169189453125
-0.136116027832031 -0.0425033569335937 0.0320301055908203 0.0338764190673828
-0.112113952636719 -0.100395202636719 -0.0329666137695312 0.126510620117188
-0.0730667114257812 -0.0704803466796875 -0.0500526428222656 0.0272178649902344
-0.0937881469726563 -0.053863525390625 -0.104011535644531 -0.017181396484375
-0.079833984375 -0.0147781372070313 -0.122520446777344 0.0170059204101562
-0.0801773071289063 0.00677490234375001 -0.104881286621094 0.0365371704101563
-0.0560798645019531 0.0433769226074219 -0.0809173583984375 0.0722427368164063
-0.025115966796875 0.0690956115722656 -0.0434341430664063 0.0785446166992188
-0.021575927734375 0.0733718872070313 -0.026031494140625 0.05010986328125
-0.00691986083984375 0.0856552124023438 -0.00831985473632813 0.0330162048339844
-0.0233840942382813 0.0795516967773437 0.0140695571899414 0.0125102996826172
-0.0563583374023437 0.0801467895507813 0.0388374328613281 0.00420761108398438
-0.0860443115234375 0.0686798095703125 0.0574111938476562 0.0336952209472656
-0.128318786621094 -0.000160217285156257 0.0413932800292969 0.0649909973144531
-0.127365112304688 -0.0302963256835938 0.0223503112792969 0.0672798156738281
-0.137809753417969 -0.0826644897460938 -0.0138473510742188 0.00997638702392577
-0.0989151000976562 -0.130813598632813 -0.0710678100585938 0.08349609375
-0.0833511352539063 -0.104965209960937 -0.083953857421875 0.00131988525390625
-0.128433227539063 -0.0785598754882812 -0.118339538574219 -0.0279312133789062
-0.116989135742188 -0.0145187377929687 -0.120880126953125 0.00917053222656247
-0.107818603515625 0.0182113647460938 -0.0919647216796875 0.023468017578125
-0.0720062255859375 0.0629806518554688 -0.0628242492675781 0.0486259460449219
-0.0359039306640625 0.0872802734375 -0.0341720581054687 0.0451202392578125
-0.037322998046875 0.086578369140625 -0.0215873718261719 0.0177288055419922
-0.0226516723632813 0.0977630615234375 -0.00504255294799805 0.00314140319824219
-0.0405731201171875 0.0822219848632813 0.0218467712402344 -0.0127811431884766
-0.0764694213867188 0.0747909545898438 0.0442733764648437 -0.01220703125
-0.103843688964844 0.0548095703125 0.0571441650390625 0.026092529296875
-0.137008666992188 -0.0277252197265625 0.0318679809570312 0.0628089904785156
-0.123046875 -0.0645828247070313 -0.0132675170898438 0.0614013671875
-0.115676879882813 -0.115867614746094 -0.0538787841796875 -0.0232467651367188
-0.0718536376953125 -0.138603210449219 -0.101364135742188 0.0392837524414063
-0.0762786865234375 -0.120506286621094 -0.113166809082031 -0.0232315063476563
-0.135490417480469 -0.0889892578125 -0.12115478515625 -0.0362319946289063
-0.127861022949219 -0.0134353637695312 -0.109611511230469 -0.00257110595703128
-0.114547729492188 0.0238723754882812 -0.07330322265625 0.00324249267578127
-0.0755386352539063 0.0687484741210938 -0.04461669921875 0.0183296203613281
-0.04034423828125 0.0907745361328125 -0.0250377655029297 0.00705718994140626
-0.0458602905273438 0.087432861328125 -0.0150547027587891 -0.0170660018920898
-0.0365524291992188 0.0973358154296875 0.00398063659667969 -0.0291004180908203
-0.055023193359375 0.0735397338867188 0.0373725891113281 -0.0374221801757812
-0.088958740234375 0.0574569702148438 0.0550994873046875 -0.0242385864257812
-0.111076354980469 0.0304946899414062 0.0580635070800781 0.0195884704589844
-0.128616333007813 -0.0591278076171875 0.0228004455566406 0.0545005798339844
-0.102249145507813 -0.0959014892578125 -0.0382232666015625 0.0444068908691406
-0.0804672241210938 -0.133918762207031 -0.0837020874023437 -0.0623321533203125
-0.0317230224609375 -0.123268127441406 -0.120048522949219 -0.000465393066406283
-0.051666259765625 -0.112838745117187 -0.132064819335938 -0.0410079956054688
-0.110847473144531 -0.084564208984375 -0.1138916015625 -0.038848876953125
-0.10919189453125 -0.014251708984375 -0.0926055908203125 -0.0161895751953125
-0.0967483520507813 0.0169830322265625 -0.0540504455566406 -0.0159454345703125
-0.0672988891601563 0.0581703186035156 -0.0291023254394531 -0.0137500762939453
-0.0412673950195313 0.0781097412109375 -0.0186538696289063 -0.0295467376708984
-0.0469970703125 0.0753250122070313 -0.005767822265625 -0.0485649108886719
-0.0438613891601563 0.0833740234375 0.0179710388183594 -0.0597457885742187
-0.0582695007324219 0.05914306640625 0.0576515197753906 -0.0564842224121094
-0.0882492065429688 0.0393447875976563 0.0705032348632813 -0.0325927734375
-0.104393005371094 0.00883483886718751 0.0617446899414062 0.011688232421875
-0.106803894042969 -0.0791015625 0.019622802734375 0.0398597717285156
-0.069671630859375 -0.113334655761719 -0.0505752563476563 0.0165290832519531
-0.0337066650390625 -0.134429931640625 -0.0937881469726563 -0.105560302734375
0.0159225463867188 -0.0909194946289063 -0.122550964355469 -0.0271072387695313
-0.01495361328125 -0.0904388427734375 -0.135444641113281 -0.0504379272460938
-0.0631446838378906 -0.0695304870605469 -0.0987777709960938 -0.0412979125976562
-0.0678253173828125 -0.018646240234375 -0.076019287109375 -0.0292510986328125
-0.0623512268066406 0.000389099121093744 -0.03955078125 -0.0315513610839844
-0.0509223937988281 0.03204345703125 -0.0200462341308594 -0.0366630554199219
-0.0371208190917969 0.0519752502441406 -0.0126495361328125 -0.0577964782714844
-0.0409088134765625 0.0518684387207031 0.00415802001953125 -0.0723648071289063
-0.0413856506347656 0.0602340698242187 0.0338592529296875 -0.0842056274414063
-0.0496101379394531 0.0419807434082031 0.077728271484375 -0.0704727172851563
-0.0722198486328125 0.0245513916015625 0.0857925415039063 -0.0381393432617188
-0.0831756591796875 -0.00236511230468749 0.0680961608886719 0.002166748046875
-0.077850341796875 -0.0784835815429688 0.0253200531005859 0.0213336944580078
-0.0330734252929688 -0.1090087890625 -0.0474586486816406 -0.0154457092285156
0.0121231079101562 -0.112480163574219 -0.08746337890625 -0.142349243164063
-0.0544548034667969 0.0634689331054688 0.0823211669921875 0.149688720703125
0.016265869140625 0.0666427612304687 0.0396156311035156 0.0377006530761719
0.051849365234375 0.0415611267089844 -0.0426254272460937 -0.00638961791992187
0.0561332702636719 0.00106048583984375 -0.08795166015625 0.00579071044921876
0.0406990051269531 -0.0149650573730469 -0.101455688476563 0.0364303588867188
0.0261554718017578 -0.0278854370117187 -0.0906524658203125 0.0856781005859375
0.0231037139892578 -0.0245761871337891 -0.0411300659179688 0.1087646484375
0.0289783477783203 -0.0157546997070313 -0.0117568969726563 0.0912628173828125
0.0310344696044922 -0.0130996704101562 0.00923919677734375 0.0703048706054688
0.0259838104248047 0.00376510620117188 0.0172843933105469 0.0563201904296875
0.0253849029541016 0.0174217224121094 0.0403175354003906 0.0400886535644531
0.0221347808837891 0.0334701538085938 0.0660743713378906 0.0390777587890625
-0.0027618408203125 0.053466796875 0.0840606689453125 0.0548095703125
-0.0280799865722656 0.0600318908691406 0.120620727539062 0.0569229125976563
-0.0693817138671875 0.0524978637695312 0.108177185058594 0.0474624633789063
-0.0860443115234375 0.00930023193359373 0.0539398193359375 0.160964965820313
-0.0164833068847656 0.0260066986083984 0.0168685913085938 0.04931640625
0.00719451904296875 0.0126752853393555 -0.061492919921875 -0.000530242919921863
0.015995979309082 -0.00730514526367187 -0.0998764038085938 0.0152664184570313
0.00145912170410156 -0.0116872787475586 -0.106842041015625 0.0404052734375
-0.00194549560546875 -0.00502729415893555 -0.095703125 0.0885543823242188
0.00741481781005859 0.00897693634033203 -0.0452423095703125 0.113189697265625
0.0136041641235352 0.0174455642700195 -0.0174636840820313 0.0908584594726563
0.0224609375 0.0256118774414063 0.00438690185546875 0.0710372924804688
0.010345458984375 0.038055419921875 0.0153541564941406 0.0510139465332031
-0.00584793090820313 0.0478935241699219 0.0395965576171875 0.0341835021972656
-0.0226974487304687 0.0537757873535156 0.0636405944824219 0.0417289733886719
-0.058013916015625 0.0380287170410156 0.0696907043457031 0.0599708557128906
-0.0752410888671875 0.0316925048828125 0.0957107543945313 0.0611953735351563
-0.110443115234375 0.00733184814453124 0.078338623046875 0.0471115112304687
-0.107124328613281 -0.048828125 0.0147552490234375 0.152725219726563
-0.0481948852539062 -0.0230369567871094 -0.0134658813476563 0.0440559387207031
-0.0447502136230469 -0.0217514038085938 -0.0834732055664063 -0.00535583496093751
-0.0322589874267578 -0.0133571624755859 -0.112472534179687 0.0212249755859375
-0.0412864685058594 -0.00384140014648437 -0.108062744140625 0.0430755615234375
-0.0312576293945313 0.0199680328369141 -0.0897140502929688 0.0866851806640625
-0.00861358642578125 0.042205810546875 -0.0441131591796875 0.102836608886719
-0.00411224365234375 0.0494918823242188 -0.021270751953125 0.0764923095703125
0.0108489990234375 0.0603790283203125 -0.000911712646484369 0.0571327209472656
-0.00510406494140625 0.0647468566894531 0.0145549774169922 0.0348777770996094
-0.0320053100585938 0.071624755859375 0.0395774841308594 0.0202369689941406
-0.057769775390625 0.0683708190917969 0.0620651245117187 0.038726806640625
-0.101188659667969 0.02325439453125 0.0567131042480469 0.063323974609375
-0.110084533691406 0.00302124023437498 0.0622482299804687 0.0661659240722656
-0.135261535644531 -0.0384979248046875 0.0356216430664062 0.0348968505859375
-0.114097595214844 -0.0970916748046875 -0.0243148803710938 0.124114990234375
-0.0748138427734375 -0.0697860717773438 -0.0454978942871094 0.0251922607421875
-0.0962905883789063 -0.0522003173828125 -0.103652954101563 -0.0148468017578125
-0.08184814453125 -0.0144119262695313 -0.119766235351563 0.0192718505859375
-0.081329345703125 0.00930786132812499 -0.102935791015625 0.0387725830078125
-0.055877685546875 0.0454902648925781 -0.0772628784179688 0.072906494140625
-0.0238265991210937 0.0700531005859375 -0.0388717651367187 0.079071044921875
-0.0201034545898437 0.0749282836914063 -0.0229606628417969 0.0503921508789063
-0.0044097900390625 0.0859222412109375 -0.00440788269042969 0.0330829620361328
-0.0213699340820312 0.0803985595703125 0.0164222717285156 0.0115423202514648
-0.0543060302734375 0.0819015502929688 0.0407981872558594 0.0028228759765625
-0.0836639404296875 0.0705337524414063 0.0617027282714844 0.0323333740234375
-0.127876281738281 0.00312042236328126 0.0463142395019531 0.0647773742675781
-0.127029418945313 -0.0269622802734375 0.0272369384765625 0.0677719116210937
-0.139015197753906 -0.0782852172851563 -0.010345458984375 0.012603759765625
-0.104110717773438 -0.127677917480469 -0.0634384155273438 0.0827407836914063
-0.0869522094726562 -0.103248596191406 -0.0795059204101563 0.00144958496093749
-0.132308959960938 -0.0739212036132813 -0.117698669433594 -0.0244140625
-0.117645263671875 -0.0117950439453125 -0.118583679199219 0.0117034912109375
-0.107650756835938 0.0222854614257813 -0.0900039672851563 0.025482177734375
-0.0699386596679688 0.0650138854980469 -0.0594596862792969 0.0494575500488281
-0.0335235595703125 0.0875701904296875 -0.0306625366210938 0.0446395874023438
-0.0342941284179687 0.0878219604492187 -0.0198783874511719 0.0178699493408203
-0.019012451171875 0.098663330078125 -0.00293183326721191 0.00270271301269532
-0.0387649536132812 0.0828628540039063 0.0236759185791016 -0.0146064758300781
-0.073760986328125 0.0773239135742188 0.0462532043457031 -0.0134353637695312
-0.101570129394531 0.0585174560546875 0.0610237121582031 0.0245132446289063
-0.137870788574219 -0.0229568481445313 0.0374870300292969 0.0625228881835938
-0.124908447265625 -0.0605010986328125 -0.00751495361328126 0.06304931640625
-0.11962890625 -0.11199951171875 -0.0520782470703125 -0.0192718505859375
-0.0779190063476563 -0.135391235351563 -0.0954742431640625 0.0394363403320313
-0.0816650390625 -0.117713928222656 -0.109703063964844 -0.0221633911132813
-0.139884948730469 -0.0821762084960938 -0.121261596679688 -0.0327301025390625
-0.128097534179688 -0.00800323486328123 -0.108612060546875 -3.81469726562417E-05
-0.112579345703125 0.0292739868164063 -0.0724563598632813 0.00445556640625
-0.0723342895507813 0.0715789794921875 -0.0419197082519531 0.0179786682128906
-0.0371170043945313 0.0913848876953125 -0.0237026214599609 0.00629997253417969
-0.0410919189453125 0.0889892578125 -0.0151605606079102 -0.0172796249389648
-0.0321197509765625 0.0975494384765625 0.00467681884765625 -0.0310935974121094
-0.0516738891601563 0.0750503540039063 0.0377273559570312 -0.0397529602050781
-0.086029052734375 0.0607452392578125 0.0568275451660156 -0.0269813537597656
-0.110023498535156 0.034912109375 0.0622444152832031 0.0178260803222656
-0.13116455078125 -0.0541763305664062 0.0280532836914063 0.0548744201660156
-0.106582641601563 -0.0914535522460937 -0.0338783264160156 0.0467872619628906
-0.0865249633789062 -0.130912780761719 -0.0831985473632813 -0.057769775390625
-0.0385055541992187 -0.122039794921875 -0.116264343261719 0.00110626220703123
-0.057464599609375 -0.1102294921875 -0.129180908203125 -0.0387725830078125
-0.115478515625 -0.0785293579101563 -0.114654541015625 -0.035888671875
-0.108436584472656 -0.00883483886718752 -0.0919952392578125 -0.014129638671875
-0.094757080078125 0.0226364135742187 -0.0540504455566406 -0.014984130859375
-0.06329345703125 0.0601158142089844 -0.0283203125 -0.0139694213867187
-0.0365982055664063 0.077880859375 -0.0184497833251953 -0.0307693481445312
-0.042724609375 0.076019287109375 -0.00732421875 -0.0489120483398437
-0.0393295288085937 0.0838623046875 0.0170822143554687 -0.0611953735351562
-0.0553092956542969 0.0600090026855469 0.0573234558105469 -0.0597915649414062
-0.0848922729492188 0.0421524047851562 0.071502685546875 -0.0359115600585938
-0.102333068847656 0.0136032104492188 0.0646896362304688 0.00964736938476563
-0.109909057617188 -0.0738143920898438 0.0239181518554687 0.0401878356933594
-0.0751419067382813 -0.108901977539062 -0.04754638671875 0.0198822021484375
-0.040679931640625 -0.132942199707031 -0.094818115234375 -0.099639892578125
0.00952148437499999 -0.0908889770507813 -0.121009826660156 -0.025909423828125
-0.0205078125 -0.0884857177734375 -0.134681701660156 -0.047088623046875
-0.0665092468261719 -0.0638656616210938 -0.0994873046875 -0.0391921997070313
-0.0672569274902344 -0.0136451721191406 -0.07720947265625 -0.0280838012695312
-0.0607261657714844 0.00446319580078126 -0.0406761169433594 -0.0310592651367188
-0.0473098754882813 0.0332984924316406 -0.0209388732910156 -0.0373649597167969
-0.0323562622070313 0.0509757995605469 -0.0145072937011719 -0.0578269958496094
-0.0368118286132812 0.05224609375 0.00146484374999999 -0.0723800659179688
-0.0362281799316406 0.0606575012207031 0.0316238403320312 -0.0856781005859375
-0.046295166015625 0.0424461364746094 0.0766830444335938 -0.074066162109375
-0.0688858032226563 0.02734375 0.0858154296875 -0.0410537719726563
-0.0813064575195313 0.00199890136718749 0.0700111389160156 0.000659942626953125
-0.0808486938476563 -0.0728302001953125 0.0274620056152344 0.0221538543701172
-0.0383987426757812 -0.105606079101563 -0.0459747314453125 -0.0117759704589844
0.00561523437499999 -0.111686706542969 -0.091888427734375 -0.13714599609375
-0.0462188720703125 0.0643348693847656 0.0891799926757813 0.1402587890625
0.0206031799316406 0.0617141723632813 0.0400505065917969 0.0329627990722656
0.0530624389648437 0.0348091125488281 -0.0427017211914063 -0.00601959228515625
0.0532035827636719 -0.00465011596679687 -0.0867843627929687 0.00908660888671874
0.0374526977539062 -0.0172615051269531 -0.0988082885742188 0.0409927368164062
0.021820068359375 -0.0272350311279297 -0.0860671997070313 0.090240478515625
0.0195503234863281 -0.0235195159912109 -0.0345001220703125 0.109992980957031
0.0259056091308594 -0.016448974609375 -0.00555419921875 0.0910491943359375
0.0280628204345703 -0.0132827758789063 0.0138053894042969 0.0700874328613281
0.0241909027099609 0.00292778015136719 0.0211868286132812 0.0562210083007813
0.0233917236328125 0.0152664184570313 0.0431060791015625 0.0381393432617188
0.0228996276855469 0.0297412872314453 0.0677299499511719 0.0367202758789063
0.0011444091796875 0.0507545471191406 0.0856094360351562 0.0517120361328125
-0.0222511291503906 0.0586471557617187 0.122169494628906 0.0511474609375
-0.0622215270996094 0.0546379089355469 0.110191345214844 0.043853759765625
-0.08099365234375 0.0124740600585937 0.063262939453125 0.15283203125
-0.0137233734130859 0.0235671997070313 0.019744873046875 0.0448760986328125
0.00721311569213867 0.00866937637329102 -0.0602989196777344 0.00126647949218749
0.0134744644165039 -0.0107412338256836 -0.0975112915039063 0.0190277099609375
-0.00151157379150391 -0.0121650695800781 -0.103904724121094 0.0445022583007812
-0.00463056564331055 -0.00397539138793945 -0.0902328491210938 0.092529296875
0.00614643096923828 0.00987148284912109 -0.0381698608398437 0.113410949707031
0.0125713348388672 0.0179252624511719 -0.0112075805664062 0.0906524658203125
0.0216388702392578 0.0253353118896484 0.00977325439453126 0.0699996948242188
0.0108451843261719 0.0373458862304688 0.0193519592285156 0.0508995056152344
-0.00499343872070312 0.04693603515625 0.0424957275390625 0.0324630737304688
-0.0197677612304688 0.0527763366699219 0.0667533874511719 0.0385513305664063
-0.0545387268066406 0.0386924743652344 0.0725631713867188 0.0576324462890625
-0.0706787109375 0.0329055786132812 0.0991134643554688 0.0568084716796875
-0.105735778808594 0.012237548828125 0.081512451171875 0.0445556640625
-0.105873107910156 -0.043731689453125 0.0253143310546875 0.145965576171875
-0.0478744506835938 -0.0230064392089844 -0.00882339477539063 0.0409126281738281
-0.0462532043457031 -0.0210723876953125 -0.0819091796875 -0.00231933593749999
-0.0342369079589844 -0.0141162872314453 -0.109161376953125 0.0249710083007812
-0.0432243347167969 -0.00185775756835937 -0.104530334472656 0.047027587890625
-0.03216552734375 0.022125244140625 -0.0836563110351563 0.089569091796875
-0.008392333984375 0.0431404113769531 -0.036895751953125 0.102798461914063
-0.0031280517578125 0.0501441955566406 -0.0155410766601563 0.0765457153320313
0.013153076171875 0.0598297119140625 0.00392532348632813 0.0563392639160156
-0.00291824340820312 0.0647850036621094 0.0185298919677734 0.0341987609863281
-0.0293121337890625 0.0714950561523438 0.0416297912597656 0.0186233520507813
-0.0539321899414063 0.0693397521972656 0.0656280517578125 0.0353431701660156
-0.0983657836914063 0.0267562866210937 0.0615653991699219 0.061004638671875
-0.107322692871094 0.00747680664062498 0.0665664672851563 0.063201904296875
-0.133674621582031 -0.0315475463867187 0.039337158203125 0.0345878601074219
-0.11688232421875 -0.0901641845703125 -0.0128631591796875 0.120185852050781
-0.0768356323242188 -0.067047119140625 -0.0402030944824219 0.0245285034179687
-0.0986175537109375 -0.0478591918945313 -0.101631164550781 -0.0103073120117187
-0.082366943359375 -0.0113372802734375 -0.116539001464844 0.0236663818359375
-0.0813674926757813 0.0141067504882813 -0.0989761352539063 0.0420455932617187
-0.0541839599609375 0.0479049682617188 -0.07110595703125 0.0749664306640625
-0.0213699340820313 0.0707168579101563 -0.0332183837890625 0.078765869140625
-0.0167388916015625 0.0755691528320313 -0.0183219909667969 0.0503273010253906
0.000625610351562493 0.0853729248046875 -0.000997543334960938 0.0323143005371094
-0.0181732177734375 0.0807266235351563 0.0187568664550781 0.0104770660400391
-0.0501480102539062 0.0831146240234375 0.0425643920898438 0.00086593627929688
-0.0793914794921875 0.0738601684570313 0.065643310546875 0.0287055969238281
-0.126350402832031 0.00940704345703128 0.0518913269042969 0.0621452331542969
-0.12652587890625 -0.0213241577148438 0.0338211059570312 0.0661087036132813
-0.141433715820313 -0.070220947265625 -0.00662803649902345 0.0149097442626953
-0.109664916992188 -0.120780944824219 -0.0535888671875 0.081573486328125
-0.091583251953125 -0.0985946655273438 -0.0749664306640625 0.00200653076171876
-0.135391235351563 -0.0659561157226562 -0.116432189941406 -0.0188827514648437
-0.116836547851563 -0.00588226318359372 -0.115478515625 0.01617431640625
-0.105239868164063 0.0286102294921875 -0.0867538452148438 0.0283584594726563
-0.0664710998535156 0.068084716796875 -0.0542755126953125 0.0498504638671875
-0.028564453125 0.0880584716796875 -0.0270004272460938 0.0439796447753906
-0.02886962890625 0.08929443359375 -0.0180034637451172 0.0177631378173828
-0.0134735107421875 0.0981292724609375 -0.0011366605758667 0.00157713890075684
-0.0344161987304688 0.0836944580078125 0.0242938995361328 -0.0168037414550781
-0.0686111450195313 0.0801162719726562 0.0470809936523438 -0.0161666870117188
-0.097137451171875 0.0631790161132813 0.0649452209472656 0.0207099914550781
-0.138374328613281 -0.0155105590820312 0.0433692932128906 0.0593948364257813
-0.126205444335938 -0.0537948608398438 -0.000957489013671889 0.063140869140625
-0.124748229980469 -0.104545593261719 -0.0493240356445313 -0.0145645141601563
-0.0861358642578125 -0.129379272460938 -0.08831787109375 0.0406570434570312
-0.0881118774414063 -0.112091064453125 -0.105766296386719 -0.0186080932617187
-0.143035888671875 -0.0718536376953125 -0.119827270507813 -0.0266189575195312
-0.126373291015625 -0.00132751464843752 -0.105606079101563 0.00437927246093748
-0.108901977539062 0.0357666015625 -0.0702590942382813 0.00709915161132813
-0.0669937133789063 0.0744705200195312 -0.0392799377441406 0.0178680419921875
-0.0310592651367188 0.0910110473632812 -0.02227783203125 0.00584411621093751
-0.0357589721679688 0.0900039672851563 -0.01470947265625 -0.0165252685546875
-0.0250701904296875 0.09722900390625 0.00399589538574218 -0.0318679809570312
-0.0472259521484375 0.0767440795898438 0.0367927551269531 -0.0425605773925781
-0.0812606811523438 0.0642623901367187 0.0572280883789062 -0.0298004150390625
-0.105628967285156 0.0409774780273437 0.0651779174804688 0.0139122009277344
-0.132820129394531 -0.04534912109375 0.0333290100097656 0.0527763366699219
-0.110244750976563 -0.084228515625 -0.0279312133789063 0.0491256713867187
-0.0938949584960937 -0.124427795410156 -0.0820999145507813 -0.0510330200195313
-0.047149658203125 -0.116889953613281 -0.112167358398438 0.00291442871093749
-0.0643234252929687 -0.10528564453125 -0.126945495605469 -0.0340423583984375
-0.11865234375 -0.0684738159179688 -0.114219665527344 -0.0304718017578125
-0.106620788574219 -0.00161743164062502 -0.0906906127929688 -0.0103225708007813
-0.09075927734375 0.0286483764648438 -0.0538215637207031 -0.0128669738769531
-0.0578117370605469 0.0621337890625 -0.0279216766357422 -0.0137939453125
-0.0303955078125 0.0774993896484375 -0.0196857452392578 -0.0302810668945312
-0.0363388061523438 0.0765609741210937 -0.00925445556640625 -0.0478477478027344
-0.0320587158203125 0.0840911865234375 0.0141181945800781 -0.0630378723144531
-0.0508651733398438 0.0613250732421875 0.054290771484375 -0.0638999938964844
-0.079833984375 0.0459442138671875 0.0703659057617188 -0.0394363403320313
-0.0988540649414063 0.0200653076171875 0.0673065185546875 0.0057525634765625
-0.1129150390625 -0.065155029296875 0.0277633666992187 0.0388221740722656
-0.080474853515625 -0.102180480957031 -0.0435943603515625 0.0233573913574219
-0.0495529174804688 -0.127960205078125 -0.0979080200195313 -0.0914688110351563
0.0014495849609375 -0.08843994140625 -0.119659423828125 -0.0218887329101563
-0.0272140502929688 -0.08465576171875 -0.133522033691406 -0.041717529296875
-0.0703048706054687 -0.0563812255859375 -0.0999908447265625 -0.03485107421875
-0.0655403137207031 -0.00815582275390625 -0.077362060546875 -0.02459716796875
-0.0580291748046875 0.00841140747070312 -0.0421409606933594 -0.0287666320800781
-0.043212890625 0.0351982116699219 -0.0222511291503906 -0.037200927734375
-0.0271873474121094 0.0505409240722656 -0.0172958374023437 -0.0571746826171875
-0.0312461853027344 0.0521926879882813 -0.002838134765625 -0.0718154907226563
-0.0307426452636719 0.0607147216796875 0.0264434814453125 -0.0875473022460937
-0.0414772033691406 0.0430870056152344 0.0724411010742188 -0.0785140991210937
-0.0635337829589844 0.0304145812988281 0.0841217041015625 -0.0451812744140625
-0.0781326293945313 0.0076141357421875 0.071624755859375 -0.00301361083984375
-0.0838165283203125 -0.0652618408203125 0.030487060546875 0.021148681640625
-0.0445327758789062 -0.0995941162109375 -0.0450439453125 -0.00729370117187501
-0.0028533935546875 -0.109512329101563 -0.0966110229492188 -0.128448486328125
-0.0379447937011719 0.0624847412109375 0.092987060546875 0.128044128417969
0.0233345031738281 0.0555610656738281 0.03961181640625 0.0279655456542969
0.0515823364257813 0.0282630920410156 -0.0409164428710937 -0.00453567504882812
0.0488319396972656 -0.00873184204101562 -0.083343505859375 0.0129776000976563
0.0325164794921875 -0.0189399719238281 -0.0933303833007813 0.0445785522460938
0.0171985626220703 -0.0262794494628906 -0.0788192749023438 0.0921173095703125
0.0156879425048828 -0.0216827392578125 -0.0266342163085937 0.10809326171875
0.0225391387939453 -0.0160503387451172 9.91821289062535E-05 0.0874786376953125
0.0247097015380859 -0.0134124755859375 0.0183486938476562 0.0674705505371094
0.02191162109375 0.00261878967285156 0.0244369506835938 0.0537338256835937
0.0218868255615234 0.0128192901611328 0.0440025329589844 0.0347900390625
0.0229454040527344 0.0257091522216797 0.0680007934570313 0.0322341918945313
0.00450515747070313 0.0462913513183594 0.0849761962890625 0.047454833984375
-0.0171127319335937 0.055419921875 0.120140075683594 0.0442352294921875
-0.0535545349121094 0.0547370910644531 0.108840942382812 0.0381393432617187
-0.0742874145507812 0.0148544311523438 0.069854736328125 0.140205383300781
-0.0115432739257813 0.0204181671142578 0.0212478637695312 0.0402107238769531
0.00592136383056641 0.00509834289550781 -0.0577812194824219 0.00279998779296874
0.00981330871582031 -0.0128202438354492 -0.092315673828125 0.0221328735351563
-0.00498771667480469 -0.0115756988525391 -0.0978469848632813 0.04742431640625
-0.0068812370300293 -0.00232458114624023 -0.0818939208984375 0.0938186645507813
0.00494766235351563 0.010960578918457 -0.0297927856445312 0.110748291015625
0.0116481781005859 0.018157958984375 -0.0047607421875 0.0872573852539063
0.0211086273193359 0.0238246917724609 0.0146713256835938 0.0672454833984375
0.0105972290039062 0.0360755920410156 0.0231361389160156 0.0486984252929687
-0.00409317016601562 0.0451431274414063 0.0437278747558594 0.0291404724121094
-0.017120361328125 0.0506134033203125 0.0676307678222656 0.03424072265625
-0.04998779296875 0.037750244140625 0.0739517211914063 0.0529251098632813
-0.065032958984375 0.0334968566894531 0.0990371704101563 0.0505752563476562
-0.0985641479492188 0.01666259765625 0.0822982788085937 0.0404739379882813
-0.102317810058594 -0.0372390747070313 0.0347366333007812 0.135673522949219
-0.0468673706054688 -0.0224838256835938 -0.00497055053710938 0.0368118286132813
-0.0466842651367188 -0.02020263671875 -0.0776901245117187 0.000984191894531255
-0.0356254577636719 -0.0131721496582031 -0.102622985839844 0.0284271240234375
-0.0437660217285156 0.000621795654296873 -0.0976181030273438 0.0492706298828125
-0.0314102172851563 0.0245075225830078 -0.0752792358398438 0.0897064208984375
-0.0068817138671875 0.0437393188476562 -0.02886962890625 0.0999755859375
-0.00128173828125 0.0494384765625 -0.00942993164062501 0.0735397338867188
0.01507568359375 0.057769775390625 0.00872421264648438 0.0539779663085938
-0.000946044921875001 0.0625495910644531 0.0214405059814453 0.0319175720214844
-0.0256843566894531 0.0701522827148438 0.0429000854492188 0.01544189453125
-0.049072265625 0.069000244140625 0.0678634643554688 0.0308036804199219
-0.0931167602539063 0.0295333862304688 0.0641365051269531 0.0565834045410156
-0.101692199707031 0.0111312866210937 0.0699577331542969 0.0578346252441406
-0.129104614257812 -0.0242462158203125 0.0425453186035156 0.0329055786132813
-0.116065979003906 -0.081390380859375 -0.003326416015625 0.112442016601563
-0.0769119262695313 -0.0620956420898437 -0.0354347229003906 0.022216796875
-0.0985794067382813 -0.0413665771484375 -0.0970687866210938 -0.00530242919921876
-0.0815353393554687 -0.00753784179687499 -0.109245300292969 0.0273666381835938
-0.0789566040039063 0.0179519653320313 -0.0926589965820313 0.0445480346679688
-0.0507698059082031 0.0498542785644531 -0.063629150390625 0.0743331909179687
-0.0171737670898438 0.0697555541992188 -0.0264129638671875 0.0762176513671875
-0.012481689453125 0.0744552612304688 -0.0136680603027344 0.0490684509277344
0.004669189453125 0.08233642578125 0.00270271301269531 0.0301799774169922
-0.0139999389648437 0.0787200927734375 0.0204734802246094 0.00865364074707032
-0.0446395874023437 0.0828628540039062 0.0430030822753906 -0.00190353393554687
-0.0726242065429687 0.074981689453125 0.066925048828125 0.0239181518554687
-0.121994018554688 0.0149993896484375 0.0551528930664062 0.0575828552246094
-0.122467041015625 -0.015045166015625 0.0388221740722656 0.0630035400390625
-0.139678955078125 -0.0604705810546875 -0.00300884246826173 0.0160903930664062
-0.112228393554687 -0.110008239746094 -0.0437393188476563 0.0772628784179688
-0.0939865112304687 -0.0909194946289062 -0.0694465637207031 0.00223159790039061
-0.1341552734375 -0.0555572509765625 -0.1112060546875 -0.012298583984375
-0.113105773925781 0.00014495849609374 -0.108627319335938 0.020263671875
-0.100540161132813 0.03411865234375 -0.0812911987304688 0.0303497314453125
-0.0605239868164063 0.0694236755371094 -0.0489501953125 0.0487480163574219
-0.0230178833007813 0.0864028930664063 -0.0227165222167969 0.0424652099609375
-0.02276611328125 0.088104248046875 -0.0147724151611328 0.0179023742675781
-0.00701904296875001 0.0955581665039063 0.00068521499633789 0.000320136547088629
-0.0291671752929688 0.0824813842773438 0.0241489410400391 -0.0182609558105469
-0.0620803833007813 0.0800704956054688 0.0461845397949219 -0.0189552307128906
-0.0903778076171875 0.0662307739257813 0.0663909912109375 0.0159950256347656
-0.134437561035156 -0.00748443603515627 0.0472221374511719 0.0553932189941406
-0.124893188476563 -0.0455703735351563 0.00538253784179687 0.0614395141601562
-0.126411437988281 -0.09417724609375 -0.0453910827636719 -0.00930404663085939
-0.0907058715820313 -0.119659423828125 -0.0796585083007812 0.0395660400390625
-0.091583251953125 -0.102745056152344 -0.10009765625 -0.0157394409179688
-0.142227172851563 -0.060089111328125 -0.115081787109375 -0.019500732421875
-0.120880126953125 0.00593566894531252 -0.0997085571289063 0.00822448730468748
-0.10260009765625 0.0415573120117187 -0.0665855407714844 0.00960159301757813
-0.0604248046875 0.0743789672851563 -0.0357093811035156 0.0169601440429688
-0.0242919921875 0.0881500244140625 -0.0200176239013672 0.00542068481445313
-0.0284805297851563 0.0887680053710938 -0.0143861770629883 -0.0151195526123047
-0.0184097290039063 0.094696044921875 0.00286674499511718 -0.0322933197021484
-0.0414886474609375 0.0754776000976563 0.0347518920898438 -0.0441551208496094
-0.074127197265625 0.066314697265625 0.0553627014160156 -0.0326194763183594
-0.0988235473632813 0.04534912109375 0.06610107421875 0.00971603393554688
-0.130546569824219 -0.0359039306640625 0.0369110107421875 0.0493507385253906
-0.111045837402344 -0.0745697021484375 -0.0213470458984375 0.0494728088378906
-0.0983428955078125 -0.114898681640625 -0.0797500610351563 -0.0428466796875
-0.054168701171875 -0.108772277832031 -0.105155944824219 0.00571441650390623
-0.0689926147460937 -0.0966339111328125 -0.1214599609375 -0.028594970703125
-0.118087768554687 -0.0565185546875 -0.1102294921875 -0.023834228515625
-0.101348876953125 0.00493621826171875 -0.0868759155273437 -0.00633239746093751
-0.0845718383789063 0.0330657958984375 -0.0523185729980469 -0.0108375549316406
-0.0511894226074219 0.0629005432128906 -0.0270252227783203 -0.0144176483154297
-0.0234909057617188 0.0748519897460938 -0.0199108123779297 -0.0293598175048828
-0.029632568359375 0.075225830078125 -0.0111961364746094 -0.0456809997558594
-0.0248947143554688 0.0817031860351563 0.0104598999023437 -0.0622978210449219
-0.0448493957519531 0.0608634948730469 0.0499687194824219 -0.0658798217773438
-0.0729217529296875 0.04803466796875 0.0670623779296875 -0.0423851013183594
-0.09295654296875 0.0248641967773438 0.0673179626464844 0.00300216674804688
-0.112380981445313 -0.0556259155273438 0.0308456420898437 0.0361442565917969
-0.08355712890625 -0.0925674438476563 -0.0383377075195313 0.026031494140625
-0.055999755859375 -0.119613647460938 -0.0968780517578125 -0.0810546875
-0.00593566894531249 -0.0838851928710938 -0.115226745605469 -0.0172653198242188
-0.0320053100585938 -0.0780715942382813 -0.128883361816406 -0.0349884033203125
-0.0706253051757813 -0.0479812622070313 -0.0972442626953125 -0.0291976928710938
-0.0617713928222656 -0.00304794311523436 -0.0753402709960938 -0.020355224609375
-0.0532150268554688 0.0127143859863281 -0.0417900085449219 -0.0267524719238281
-0.0382003784179687 0.0355606079101563 -0.0226898193359375 -0.0355377197265625
-0.0221405029296875 0.0485916137695313 -0.0200309753417969 -0.0548591613769531
-0.0259246826171875 0.0511932373046875 -0.00672531127929688 -0.068572998046875
-0.0245590209960937 0.0584983825683594 0.0205535888671875 -0.0861740112304688
-0.0363197326660156 0.0425949096679688 0.0659561157226562 -0.080291748046875
-0.0577049255371094 0.0324058532714844 0.0798416137695313 -0.0482177734375
-0.07275390625 0.0118789672851563 0.0707244873046875 -0.006317138671875
-0.0839462280273438 -0.0561294555664062 0.0316619873046875 0.0197963714599609
-0.0495147705078125 -0.091522216796875 -0.0417633056640625 -0.00289535522460939
-0.010345458984375 -0.103485107421875 -0.0984725952148437 -0.115913391113281
-0.0307655334472656 0.0585899353027344 0.0913543701171875 0.11651611328125
0.0235404968261719 0.0501594543457031 0.0372695922851563 0.0244941711425781
0.0482826232910156 0.0228004455566406 -0.0390663146972656 -0.00518035888671875
0.04351806640625 -0.0102691650390625 -0.07891845703125 0.0137100219726563
0.0278034210205078 -0.0193424224853516 -0.0877685546875 0.0443496704101562
0.0145378112792969 -0.0232982635498047 -0.0723648071289062 0.0906524658203125
0.0135288238525391 -0.0187244415283203 -0.0222091674804687 0.103340148925781
0.0199642181396484 -0.0145473480224609 0.00344848632812501 0.0834121704101562
0.0218181610107422 -0.0124454498291016 0.0202789306640625 0.0639610290527344
0.0193672180175781 0.00220680236816406 0.02545166015625 0.0514869689941406
0.0195827484130859 0.0113487243652344 0.0436477661132813 0.0324554443359375
0.0212478637695313 0.0224342346191406 0.0655517578125 0.0296707153320313
0.00604248046875001 0.0416908264160156 0.0822067260742187 0.0439910888671875
-0.0137138366699219 0.0510330200195313 0.1151123046875 0.0393829345703125
-0.0470619201660156 0.0525970458984375 0.104904174804688 0.0352859497070313
-0.0675392150878906 0.0149726867675781 0.0715408325195313 0.128120422363281
-0.0104532241821289 0.0170564651489258 0.021087646484375 0.0350170135498047
0.00456142425537109 0.00254297256469727 -0.0542640686035156 0.00313568115234375
0.00655174255371094 -0.0137529373168945 -0.0871963500976563 0.022674560546875
-0.00669670104980469 -0.0106658935546875 -0.0915145874023438 0.04705810546875
-0.00831699371337891 -0.000127315521240233 -0.0748748779296875 0.0911636352539063
0.00398731231689453 0.0120754241943359 -0.0238800048828125 0.105972290039062
0.0107784271240234 0.0178966522216797 -0.000679016113281252 0.0823440551757813
0.0200176239013672 0.0232887268066406 0.0170097351074219 0.0628929138183594
0.00993537902832031 0.034576416015625 0.0245552062988281 0.0458908081054687
-0.00388336181640625 0.04302978515625 0.0430183410644531 0.0262680053710938
-0.0158615112304687 0.0473098754882813 0.0666618347167969 0.0308837890625
-0.0460205078125 0.0357322692871094 0.0727615356445312 0.0497055053710937
-0.0598220825195313 0.0316009521484375 0.09649658203125 0.0455169677734375
-0.091339111328125 0.0179214477539063 0.0809249877929687 0.037811279296875
-0.09588623046875 -0.0330886840820312 0.0387344360351562 0.123558044433594
-0.0446434020996094 -0.0225601196289063 -0.00298881530761719 0.0328083038330078
-0.0460433959960938 -0.0193595886230469 -0.073028564453125 0.00254821777343749
-0.0360794067382813 -0.0128822326660156 -0.0961685180664063 0.0282516479492187
-0.0436630249023438 0.00223922729492188 -0.0911865234375 0.0483779907226563
-0.0305404663085938 0.0249156951904297 -0.0683517456054687 0.086761474609375
-0.00613784790039062 0.0427398681640625 -0.0232391357421875 0.0952301025390625
-0.000427246093750005 0.0482254028320312 -0.00605010986328125 0.0699882507324219
0.01519775390625 0.0552902221679688 0.0114784240722656 0.0499649047851563
3.67460387388871E-18 0.0600128173828125 0.0221996307373047 0.0298709869384766
-0.0233497619628906 0.0672264099121094 0.0421600341796875 0.0134849548339844
-0.0448226928710937 0.0659523010253906 0.0667953491210937 0.0271377563476563
-0.0882186889648438 0.029815673828125 0.0639801025390625 0.0528488159179688
-0.095977783203125 0.011566162109375 0.0699691772460938 0.0535659790039063
-0.122016906738281 -0.01947021484375 0.0436515808105469 0.0318222045898437
-0.111351013183594 -0.0738906860351563 0.00291442871093749 0.102249145507813
-0.0749130249023437 -0.0593414306640625 -0.0316295623779297 0.0189113616943359
-0.0956039428710937 -0.037567138671875 -0.0909652709960937 -0.00282287597656252
-0.0783767700195313 -0.00572967529296875 -0.102439880371094 0.027984619140625
-0.0756301879882812 0.0197982788085938 -0.086456298828125 0.0437088012695312
-0.0477409362792969 0.0495262145996094 -0.0574951171875 0.0706253051757813
-0.0149726867675781 0.0676040649414063 -0.0217666625976563 0.07183837890625
-0.0096588134765625 0.072174072265625 -0.0100898742675781 0.046539306640625
0.00693511962890624 0.0788650512695312 0.00505256652832031 0.0277385711669922
-0.0121994018554687 0.0753860473632813 0.0207614898681641 0.00698089599609375
-0.0411224365234375 0.08001708984375 0.0421218872070313 -0.00342559814453125
-0.06683349609375 0.0732498168945313 0.0668220520019531 0.0202178955078125
-0.115608215332031 0.0174942016601563 0.055755615234375 0.0538063049316406
-0.116401672363281 -0.011627197265625 0.0407600402832031 0.0589103698730469
-0.134674072265625 -0.0538787841796875 0.000248908996582021 0.016575813293457
-0.109352111816406 -0.100761413574219 -0.036376953125 0.070892333984375
-0.0918197631835937 -0.0847549438476563 -0.0639801025390625 0.0011444091796875
-0.129638671875 -0.048553466796875 -0.104400634765625 -0.00909423828125
-0.108245849609375 0.00322723388671875 -0.101226806640625 0.020660400390625
-0.094757080078125 0.0358734130859375 -0.0755081176757813 0.030059814453125
-0.0558090209960937 0.0679168701171875 -0.0438995361328125 0.0454216003417969
-0.0198211669921875 0.0823822021484375 -0.0192756652832031 0.0393409729003906
-0.018798828125 0.0849685668945313 -0.0128803253173828 0.0168390274047852
-0.00339508056640625 0.0904541015625 0.00160157680511475 -0.000661730766296381
-0.0257720947265625 0.0792312622070313 0.0236358642578125 -0.0188980102539062
-0.05621337890625 0.07879638671875 0.0447006225585938 -0.0196571350097656
-0.08343505859375 0.0655136108398437 0.065399169921875 0.0127944946289063
-0.128921508789063 -0.0031585693359375 0.0481071472167969 0.0510025024414063
-0.119697570800781 -0.0399627685546875 0.00913238525390625 0.0585441589355469
-0.123550415039063 -0.0856399536132812 -0.0410079956054688 -0.00680160522460938
-0.0908660888671875 -0.109642028808594 -0.0717315673828125 0.0361709594726563
-0.0907211303710937 -0.0951919555664063 -0.0931625366210938 -0.0149993896484375
-0.136505126953125 -0.0514450073242187 -0.108055114746094 -0.0160903930664063
-0.114105224609375 0.00959014892578127 -0.0935211181640625 0.00968933105468749
-0.0954666137695313 0.0432968139648438 -0.0620079040527344 0.00952148437499999
-0.05413818359375 0.0727462768554687 -0.0329036712646484 0.0149726867675781
-0.0199737548828125 0.0844650268554688 -0.0183086395263672 0.00440406799316407
-0.02374267578125 0.0846939086914063 -0.0133199691772461 -0.0146331787109375
-0.01324462890625 0.0895156860351563 0.00280570983886719 -0.031158447265625
-0.0372695922851562 0.072357177734375 0.0323677062988281 -0.0444145202636719
-0.0675582885742188 0.0647239685058594 0.0522003173828125 -0.0334091186523437
-0.09149169921875 0.0461044311523438 0.0652847290039063 0.00609588623046875
-0.125656127929688 -0.0295791625976563 0.0380783081054688 0.04571533203125
-0.107566833496094 -0.067474365234375 -0.0166358947753906 0.0481529235839844
-0.0981292724609375 -0.104972839355469 -0.0746841430664063 -0.0365753173828125
-0.0560379028320313 -0.10003662109375 -0.0980072021484375 0.00532531738281247
-0.0694808959960938 -0.088714599609375 -0.114425659179688 -0.0261077880859375
-0.1136474609375 -0.0482177734375 -0.103858947753906 -0.0194091796875
-0.095062255859375 0.00852203369140627 -0.0819244384765625 -0.00466156005859375
-0.077728271484375 0.0345840454101563 -0.0491600036621094 -0.00975418090820313
-0.0450820922851563 0.0608100891113281 -0.0254077911376953 -0.0143489837646484
-0.0195083618164063 0.070892333984375 -0.0196189880371094 -0.028350830078125
-0.02484130859375 0.0721206665039063 -0.011627197265625 -0.0434722900390625
-0.0203094482421875 0.0772628784179687 0.00863265991210937 -0.0602989196777344
-0.0406913757324219 0.0580520629882813 0.0454788208007813 -0.0654373168945313
-0.066864013671875 0.04681396484375 0.0638465881347656 -0.0429344177246094
-0.0857620239257813 0.0264816284179687 0.0654792785644531 -7.62939453124838E-06
-0.108078002929688 -0.04766845703125 0.0325145721435547 0.0341892242431641
-0.08251953125 -0.0836410522460938 -0.0340614318847656 0.0264854431152344
-0.0587997436523438 -0.110801696777344 -0.0925369262695312 -0.0719985961914063
-0.0096893310546875 -0.0775604248046875 -0.108924865722656 -0.0159225463867188
-0.0338516235351562 -0.0714874267578125 -0.122787475585937 -0.0312881469726563
-0.0684890747070313 -0.0411758422851562 -0.0923233032226563 -0.0256881713867188
-0.0572395324707031 7.24792480468625E-05 -0.0719070434570313 -0.0183029174804688
-0.0493621826171875 0.0144500732421875 -0.0407867431640625 -0.0245323181152344
-0.0337142944335938 0.0346336364746094 -0.0229587554931641 -0.0349292755126953
-0.018463134765625 0.0452995300292969 -0.0209503173828125 -0.05194091796875
-0.0217781066894531 0.0483894348144531 -0.00871658325195313 -0.0648727416992188
-0.0201454162597656 0.0545616149902344 0.01690673828125 -0.082611083984375
-0.0322189331054688 0.0401763916015625 0.0607452392578125 -0.0796661376953125
-0.0521621704101563 0.0315361022949219 0.0762176513671875 -0.0484161376953125
-0.0672645568847656 0.0139198303222656 0.0680351257324219 -0.0078125
-0.0805587768554687 -0.0486373901367188 0.0319957733154297 0.0186576843261719
-0.0498275756835938 -0.0831222534179688 -0.0381278991699219 7.62939453125099E-06
-0.0146942138671875 -0.0960693359375 -0.09564208984375 -0.104476928710938
-0.0271568298339844 0.0544090270996094 0.0870285034179688 0.108932495117188
0.0226936340332031 0.0455856323242188 0.0350875854492187 0.0221118927001953
0.0448417663574219 0.0197257995605469 -0.0376815795898438 -0.00590896606445313
0.0394325256347656 -0.0115470886230469 -0.0757598876953125 0.012908935546875
0.0247440338134766 -0.0182170867919922 -0.084869384765625 0.0418701171875
0.0122623443603516 -0.0206565856933594 -0.06927490234375 0.0875778198242188
0.0119447708129883 -0.0162334442138672 -0.0196990966796875 0.0994720458984375
0.0180721282958984 -0.013336181640625 0.00399017333984375 0.0792236328125
0.0202388763427734 -0.0109081268310547 0.0204353332519531 0.060882568359375
0.0177764892578125 0.00311279296875 0.0254287719726563 0.0494766235351563
0.0171270370483398 0.0111427307128906 0.0423126220703125 0.0311355590820313
0.019256591796875 0.0204124450683594 0.0633659362792969 0.0290718078613281
0.00620651245117187 0.037994384765625 0.07952880859375 0.0439453125
-0.0121421813964844 0.0467720031738281 0.109992980957031 0.0386962890625
-0.0425338745117187 0.049407958984375 0.100944519042969 0.0356063842773437
-0.0623016357421875 0.0129661560058594 0.0695037841796875 0.119865417480469
-0.0095062255859375 0.013676643371582 0.0199832916259766 0.0316658020019531
0.00270581245422363 0.000426054000854492 -0.0515632629394531 0.0019378662109375
0.00407505035400391 -0.0139875411987305 -0.0828323364257813 0.0210418701171875
-0.0086822509765625 -0.0104665756225586 -0.0881881713867188 0.0442581176757813
-0.00934982299804688 0.00144290924072266 -0.0711441040039063 0.0873794555664063
0.00296306610107422 0.0131559371948242 -0.0223236083984375 0.101158142089844
0.00931167602539063 0.0183467864990234 0.000267028808593757 0.0786666870117188
0.0183620452880859 0.0230255126953125 0.0183029174804688 0.0601387023925781
0.0085296630859375 0.0339412689208984 0.0247573852539063 0.0442352294921875
-0.00506591796875 0.04144287109375 0.0418663024902344 0.0251846313476563
-0.0160369873046875 0.0442466735839844 0.0650062561035156 0.0296554565429688
-0.0440711975097656 0.0328941345214844 0.0709304809570313 0.0486068725585937
-0.0564117431640625 0.0288238525390625 0.0929641723632812 0.0438766479492187
-0.0855560302734375 0.0165023803710938 0.078857421875 0.0371170043945313
-0.0902023315429687 -0.0324859619140625 0.0390243530273437 0.115287780761719
-0.0429573059082031 -0.0234527587890625 -0.0023345947265625 0.0290908813476563
-0.0453338623046875 -0.0199165344238281 -0.0688209533691406 0.00134277343749999
-0.0364112854003906 -0.0131645202636719 -0.090911865234375 0.0261611938476562
-0.0428428649902344 0.00242233276367187 -0.087310791015625 0.0451812744140625
-0.0302009582519531 0.0253829956054687 -0.0647125244140625 0.0824203491210937
-0.0059661865234375 0.0420341491699219 -0.0210037231445313 0.0901947021484375
-0.000617980957031246 0.0478706359863281 -0.00412368774414062 0.0660858154296875
0.0147476196289063 0.0526771545410156 0.0124969482421875 0.0472602844238281
-0.000869750976562495 0.0579719543457031 0.0227241516113281 0.0285835266113281
-0.0233993530273437 0.06494140625 0.0413398742675781 0.0130538940429688
-0.0431556701660156 0.0628585815429688 0.065704345703125 0.0261421203613281
-0.0849075317382813 0.0276107788085937 0.0629234313964844 0.0510749816894531
-0.0913009643554688 0.01055908203125 0.0685920715332031 0.0515632629394531
-0.116195678710938 -0.0184249877929688 0.0434913635253906 0.031524658203125
-0.106025695800781 -0.0705490112304687 0.00474548339843749 0.0944290161132813
-0.0723419189453125 -0.0575637817382813 -0.0289192199707031 0.0155811309814453
-0.0927963256835938 -0.03631591796875 -0.0853652954101563 -0.00323486328124999
-0.0763473510742187 -0.00601959228515626 -0.09686279296875 0.0255355834960938
-0.0731201171875 0.0198287963867188 -0.0824050903320313 0.0401687622070312
-0.04669189453125 0.0482368469238281 -0.0543060302734375 0.0665321350097656
-0.0145187377929687 0.0654640197753906 -0.019256591796875 0.0678901672363281
-0.00921630859375 0.0708160400390625 -0.0085296630859375 0.0439567565917969
0.0071868896484375 0.0751724243164063 0.00591087341308594 0.0260295867919922
-0.0122528076171875 0.0724639892578125 0.0213680267333984 0.00636482238769532
-0.03936767578125 0.0771942138671875 0.0415000915527344 -0.0036468505859375
-0.0637474060058594 0.0698051452636719 0.0655632019042969 0.0186080932617188
-0.111526489257813 0.0166091918945313 0.0550041198730469 0.0522003173828125
-0.111381530761719 -0.0118637084960938 0.0407562255859375 0.0565071105957031
-0.129005432128906 -0.0511093139648437 0.00242805480957031 0.0169754028320313
-0.105445861816406 -0.0961532592773438 -0.0327339172363281 0.0635108947753906
-0.089111328125 -0.0817413330078125 -0.0596351623535156 -0.001739501953125
-0.124595642089844 -0.04547119140625 -0.0978164672851563 -0.00917053222656251
-0.103607177734375 0.00308990478515623 -0.095733642578125 0.01898193359375
-0.09051513671875 0.0350875854492188 -0.071746826171875 0.027496337890625
-0.0531082153320313 0.0653953552246094 -0.041595458984375 0.0416603088378906
-0.0184326171875 0.0788955688476562 -0.0176353454589844 0.0367584228515625
-0.0175628662109375 0.0817947387695313 -0.0111207962036133 0.0154075622558594
-0.00266265869140625 0.0865325927734375 0.00245189666748047 -0.00100970268249511
-0.0245819091796875 0.0760040283203125 0.023040771484375 -0.0191097259521484
-0.0541534423828125 0.0753555297851563 0.0437164306640625 -0.0195121765136719
-0.0792999267578125 0.0631027221679688 0.0645523071289063 0.0120582580566406
-0.123931884765625 -0.00160217285156248 0.0479888916015625 0.0496978759765625
-0.115242004394531 -0.0381088256835938 0.011199951171875 0.0558013916015625
-0.119522094726562 -0.0813369750976563 -0.0370254516601563 -0.00461959838867188
-0.0880508422851563 -0.103340148925781 -0.0666732788085937 0.0309982299804688
-0.0884017944335938 -0.09027099609375 -0.0876235961914063 -0.0163421630859375
-0.131011962890625 -0.04718017578125 -0.10150146484375 -0.01519775390625
-0.1090087890625 0.0098876953125 -0.0883865356445312 0.00811004638671875
-0.0905303955078125 0.0425796508789063 -0.0595626831054688 0.00827407836914064
-0.0514335632324219 0.06939697265625 -0.0305328369140625 0.0127925872802734
-0.0186767578125 0.0803146362304688 -0.0174884796142578 0.00253772735595704
-0.0218658447265625 0.0816726684570313 -0.0122394561767578 -0.0144863128662109
-0.011688232421875 0.0854110717773438 0.00262832641601562 -0.0306644439697266
-0.0354537963867187 0.0693321228027344 0.0308303833007812 -0.0434722900390625
-0.0647163391113281 0.0622596740722656 0.0514450073242187 -0.0328330993652344
-0.0869674682617188 0.0448226928710938 0.0638580322265625 0.00571441650390625
-0.121231079101563 -0.0267181396484375 0.0382156372070312 0.0447540283203125
-0.103660583496094 -0.0635223388671875 -0.0140304565429688 0.0464439392089844
-0.095672607421875 -0.100067138671875 -0.06939697265625 -0.0336456298828125
-0.055572509765625 -0.093994140625 -0.0925216674804687 0.00199890136718749
-0.0677032470703125 -0.083465576171875 -0.107589721679688 -0.027008056640625
-0.108688354492188 -0.0434951782226562 -0.0973739624023438 -0.0194625854492188
-0.0894775390625 0.00900268554687499 -0.0775985717773438 -0.00515747070312499
-0.0736465454101563 0.0337295532226563 -0.0475273132324219 -0.00991058349609375
-0.04241943359375 0.0575408935546875 -0.0239105224609375 -0.0153598785400391
-0.0178947448730469 0.0667877197265625 -0.0193233489990234 -0.0281028747558594
-0.0227279663085938 0.0691375732421875 -0.0107917785644531 -0.041473388671875
-0.0181503295898438 0.0729904174804688 0.00754547119140625 -0.0581779479980469
-0.0381736755371094 0.0551528930664063 0.0437545776367188 -0.0633125305175781
-0.0624885559082031 0.0450630187988281 0.0623664855957031 -0.0423316955566406
-0.0806121826171875 0.0262680053710937 0.0643386840820313 -0.000648498535156248
-0.103721618652344 -0.0436630249023438 0.0324745178222656 0.0328083038330078
-0.0792236328125 -0.0790252685546875 -0.0303688049316406 0.0271549224853516
-0.0583877563476563 -0.104789733886719 -0.08734130859375 -0.06719970703125
-0.0113906860351563 -0.07220458984375 -0.103492736816406 -0.0176544189453125
-0.0334587097167969 -0.0662918090820313 -0.115890502929688 -0.0314865112304688
-0.0652046203613281 -0.0371551513671875 -0.0875473022460937 -0.025054931640625
-0.0538787841796875 0.00106430053710938 -0.0686836242675781 -0.0179634094238281
-0.0457077026367188 0.0145606994628906 -0.0389213562011719 -0.0236701965332031
-0.0309276580810547 0.0331439971923828 -0.0220966339111328 -0.0347919464111328
-0.0164604187011719 0.041961669921875 -0.0205841064453125 -0.0503654479980469
-0.01983642578125 0.0454788208007813 -0.00828933715820313 -0.0618896484375
-0.0176429748535156 0.05157470703125 0.0149917602539063 -0.0792236328125
-0.0300941467285156 0.0373878479003906 0.05767822265625 -0.0770950317382813
-0.0481948852539062 0.0300064086914063 0.073577880859375 -0.0465621948242187
-0.0618400573730469 0.013824462890625 0.0666427612304688 -0.00754928588867188
-0.0770111083984375 -0.044036865234375 0.0311489105224609 0.0184974670410156
-0.048431396484375 -0.0779190063476563 -0.0348701477050781 0.00132560729980468
-0.0166473388671875 -0.0907211303710938 -0.0904541015625 -0.0978164672851563
-0.0246467590332031 0.051116943359375 0.084381103515625 0.10614013671875
0.021240234375 0.043060302734375 0.0339469909667969 0.0213718414306641
0.0421104431152344 0.0183944702148438 -0.0367355346679688 -0.00734329223632812
0.0361518859863281 -0.0119476318359375 -0.0746536254882813 0.0108108520507812
0.0226421356201172 -0.0171051025390625 -0.0837249755859375 0.0396804809570312
0.0111331939697266 -0.0186672210693359 -0.0687179565429687 0.0856857299804688
0.0114374160766602 -0.0147275924682617 -0.0196533203125 0.0974655151367188
0.017216682434082 -0.0117712020874023 0.00380706787109376 0.0778427124023438
0.0190849304199219 -0.00944328308105469 0.0202484130859375 0.0602302551269531
0.0170173645019531 0.00412654876708984 0.0251655578613281 0.0501060485839844
0.0156278610229492 0.0111570358276367 0.0416221618652344 0.0312042236328125
0.017303466796875 0.0192508697509766 0.0626754760742188 0.0293807983398438
0.00536346435546875 0.0354156494140625 0.07757568359375 0.04486083984375
-0.0122566223144531 0.0437850952148438 0.10699462890625 0.0394439697265625
-0.0402908325195313 0.0473251342773437 0.0993423461914063 0.0373687744140625
-0.0590553283691406 0.00986480712890625 0.0668411254882813 0.115753173828125
-0.00989151000976563 0.0113239288330078 0.0197238922119141 0.0303783416748047
0.00104331970214844 -0.00116646289825439 -0.0499763488769531 -0.000106811523437495
0.00186824798583984 -0.0148077011108398 -0.0810089111328125 0.01873779296875
-0.00988006591796875 -0.00990390777587891 -0.0869674682617187 0.0411224365234375
-0.00982570648193359 0.00259971618652344 -0.0709228515625 0.0850143432617188
0.00211048126220703 0.0144414901733398 -0.0213851928710938 0.0984344482421875
0.00865364074707031 0.0188560485839844 0.000755310058593749 0.0761260986328125
0.0176124572753906 0.0236339569091797 0.0183067321777344 0.0588645935058594
0.00721168518066406 0.0336971282958984 0.0249176025390625 0.0442161560058594
-0.00670242309570313 0.0406761169433594 0.0416450500488281 0.0252189636230469
-0.0167045593261719 0.0421104431152344 0.0644493103027344 0.0297813415527344
-0.0440559387207031 0.0302581787109375 0.0699119567871094 0.0495338439941406
-0.0555000305175781 0.0262184143066406 0.0913009643554688 0.0447006225585938
-0.0826416015625 0.014678955078125 0.0779495239257813 0.0384445190429688
-0.0866775512695313 -0.0341949462890625 0.0376815795898437 0.109733581542969
-0.0421371459960938 -0.0252723693847656 -0.00147628784179688 0.0264148712158203
-0.0452842712402344 -0.021331787109375 -0.0666122436523438 -0.000301361083984391
-0.0374832153320313 -0.0143165588378906 -0.0892333984375 0.0233688354492188
-0.0437202453613281 0.00236892700195313 -0.0865325927734375 0.042449951171875
-0.0311222076416016 0.0250530242919922 -0.0644378662109375 0.07928466796875
-0.00726318359375 0.0422744750976563 -0.0206069946289063 0.0871047973632813
-0.00111770629882813 0.0475273132324219 -0.00365829467773437 0.0645713806152344
0.0132789611816406 0.0528488159179688 0.0129356384277344 0.0461006164550781
-0.0018463134765625 0.0575141906738281 0.0228805541992188 0.028228759765625
-0.024017333984375 0.06365966796875 0.0414848327636719 0.0131187438964844
-0.0435523986816406 0.0608863830566406 0.0659751892089844 0.0260200500488281
-0.0836181640625 0.0260391235351563 0.0623703002929688 0.0518455505371094
-0.0890579223632813 0.00794219970703124 0.0679855346679688 0.0511093139648438
-0.113059997558594 -0.0198898315429688 0.0443458557128906 0.0321083068847656
-0.102119445800781 -0.0710067749023437 0.00533294677734374 0.0892562866210938
-0.0709228515625 -0.0587310791015625 -0.0276813507080078 0.0127296447753906
-0.091339111328125 -0.0373382568359375 -0.0822372436523438 -0.00446319580078125
-0.0761871337890625 -0.00769805908203125 -0.0943374633789062 0.0224609375
-0.0729293823242188 0.0191497802734375 -0.081085205078125 0.0374298095703125
-0.0467605590820312 0.0474395751953125 -0.053955078125 0.06304931640625
-0.0147552490234375 0.0644683837890625 -0.0185356140136719 0.0648345947265625
-0.00932693481445313 0.0700569152832031 -0.00786590576171875 0.0426139831542969
0.006622314453125 0.0742645263671875 0.0067901611328125 0.0252952575683594
-0.0130538940429687 0.0715103149414063 0.0210380554199219 0.00628662109375001
-0.0398025512695313 0.0749359130859375 0.0409278869628906 -0.00294876098632812
-0.0641250610351563 0.0679054260253906 0.0657234191894531 0.0192298889160156
-0.109992980957031 0.0152969360351563 0.0551834106445313 0.052520751953125
-0.1092529296875 -0.0136184692382812 0.0414047241210937 0.055694580078125
-0.126029968261719 -0.0513992309570312 0.00395011901855468 0.0177116394042969
-0.101882934570313 -0.0946731567382812 -0.0310211181640625 0.0583381652832031
-0.0875320434570312 -0.0818405151367188 -0.0568656921386719 -0.0046234130859375
-0.122001647949219 -0.045867919921875 -0.09368896484375 -0.0107421875
-0.101570129394531 0.00125885009765625 -0.0927276611328125 0.0163650512695312
-0.0894851684570313 0.0337142944335938 -0.071075439453125 0.0248641967773437
-0.0533065795898437 0.0635986328125 -0.040863037109375 0.0389175415039063
-0.0186691284179688 0.077667236328125 -0.0167446136474609 0.0342330932617188
-0.01708984375 0.0809402465820312 -0.0100412368774414 0.0147781372070313
-0.00273895263671876 0.0846633911132813 0.00308680534362793 -0.00152254104614257
-0.02545166015625 0.0743560791015625 0.02313232421875 -0.0190868377685547
-0.0535812377929688 0.0734939575195312 0.0442962646484375 -0.0191383361816406
-0.0777511596679687 0.0608139038085938 0.0654411315917969 0.0113639831542969
-0.122482299804688 -0.0027313232421875 0.047698974609375 0.0497322082519531
-0.112556457519531 -0.0388259887695313 0.0124435424804687 0.0549583435058594
-0.1173095703125 -0.0809707641601563 -0.0342521667480469 -0.00415802001953126
-0.0858230590820313 -0.101318359375 -0.0642204284667969 0.0261802673339844
-0.0867462158203125 -0.0891494750976563 -0.0844955444335938 -0.0200424194335938
-0.127998352050781 -0.0464630126953125 -0.0975418090820313 -0.01727294921875
-0.106163024902344 0.00871276855468751 -0.0859909057617188 0.00588989257812502
-0.0885238647460937 0.0412368774414063 -0.05810546875 0.00636291503906251
-0.05072021484375 0.0675735473632813 -0.0307292938232422 0.0101566314697266
-0.018585205078125 0.0782546997070312 -0.0166540145874023 0.00144100189208985
-0.0212020874023438 0.0797348022460937 -0.0111980438232422 -0.0142488479614258
-0.0116958618164063 0.0830917358398438 0.00285148620605469 -0.0303497314453125
-0.0353469848632812 0.0675506591796875 0.0307235717773437 -0.0430450439453125
-0.0633010864257813 0.0601158142089844 0.05157470703125 -0.0319557189941406
-0.08447265625 0.0428924560546875 0.06427001953125 0.0056304931640625
-0.118698120117188 -0.0263824462890625 0.0383872985839844 0.0443382263183594
-0.10107421875 -0.0627822875976563 -0.0121726989746094 0.0454978942871094
-0.0942306518554688 -0.0976486206054687 -0.0660285949707031 -0.0322608947753906
-0.0548171997070312 -0.0913314819335938 -0.0892410278320313 -0.00210571289062501
-0.0668716430664063 -0.0816574096679687 -0.105110168457031 -0.0292739868164063
-0.105857849121094 -0.0422286987304688 -0.0936126708984375 -0.0206375122070313
-0.0870513916015625 0.00850677490234376 -0.07568359375 -0.00666046142578126
-0.071685791015625 0.0336074829101563 -0.0454902648925781 -0.0113334655761719
-0.0422286987304688 0.0563316345214844 -0.0240402221679688 -0.0175895690917969
-0.0174484252929688 0.0646438598632813 -0.0182018280029297 -0.0292549133300781
-0.0216636657714844 0.0668144226074219 -0.00973129272460938 -0.0408973693847656
-0.0172348022460937 0.0705032348632813 0.00836181640625 -0.0567512512207031
-0.0373687744140625 0.0535354614257812 0.0436058044433594 -0.0624771118164062
-0.0611763000488281 0.0434074401855469 0.0627021789550781 -0.0407943725585937
-0.0784988403320313 0.024566650390625 0.0643768310546875 3.05175781250015E-05
-0.100677490234375 -0.0425949096679687 0.0319576263427734 0.0329799652099609
-0.0766754150390625 -0.0761032104492187 -0.0281658172607422 0.0262775421142578
-0.0576858520507812 -0.101730346679688 -0.0833969116210938 -0.0649261474609375
-0.0117034912109375 -0.0691413879394531 -0.100944519042969 -0.0204849243164063
-0.0336532592773438 -0.063995361328125 -0.112716674804688 -0.033477783203125
-0.06317138671875 -0.0347938537597656 -0.0846176147460938 -0.026611328125
-0.0509414672851563 0.000823974609374991 -0.0672073364257813 -0.0191535949707031
-0.0440711975097656 0.0143165588378906 -0.0379219055175781 -0.0243873596191406
-0.0297527313232422 0.0311737060546875 -0.0218620300292969 -0.0354194641113281
-0.0158271789550781 0.0401840209960938 -0.0204124450683594 -0.0499076843261719
-0.0188064575195312 0.0439338684082031 -0.00793075561523437 -0.0604019165039063
-0.0169754028320312 0.049346923828125 0.0159225463867188 -0.0776824951171875
-0.0293312072753906 0.0350799560546875 0.0570220947265625 -0.0753631591796875
-0.0461997985839844 0.028076171875 0.0733489990234375 -0.04510498046875
-0.0598297119140625 0.0130729675292969 0.0662803649902344 -0.0063323974609375
-0.074615478515625 -0.0423431396484375 0.0311985015869141 0.0194606781005859
-0.046600341796875 -0.0743637084960938 -0.0329208374023438 0.00241279602050781
-0.0164871215820313 -0.0875015258789062 -0.0873565673828125 -0.09515380859375
-0.0228843688964844 0.0490379333496094 0.0842361450195313 0.106063842773438
0.0215339660644531 0.0416908264160156 0.0337791442871094 0.0202808380126953
0.0406455993652344 0.01715087890625 -0.0376930236816406 -0.00841140747070312
0.0345573425292969 -0.0123863220214844 -0.0758590698242188 0.00963592529296874
0.0212020874023438 -0.0170822143554687 -0.0855331420898437 0.0389404296875
0.0104951858520508 -0.0173072814941406 -0.0699234008789063 0.0860671997070312
0.0113353729248047 -0.0133037567138672 -0.0197067260742187 0.0974273681640625
0.0166835784912109 -0.0114879608154297 0.00437164306640626 0.0784225463867188
0.0184955596923828 -0.008697509765625 0.0215034484863281 0.0608444213867187
0.0159759521484375 0.00492286682128906 0.0260238647460938 0.0510711669921875
0.0143823623657227 0.0116310119628906 0.0421066284179688 0.032196044921875
0.0164337158203125 0.0185222625732422 0.0631141662597656 0.0305938720703125
0.00485801696777343 0.0338993072509766 0.0788803100585938 0.0469818115234375
-0.0120658874511719 0.0430831909179688 0.107994079589844 0.0411376953125
-0.0383338928222656 0.0468864440917969 0.10052490234375 0.0392913818359375
-0.057586669921875 0.00785827636718749 0.0676956176757812 0.114334106445313
-0.0101156234741211 0.00954627990722656 0.0197467803955078 0.028900146484375
-0.000206947326660156 -0.00291681289672852 -0.0500984191894531 -0.00111007690429688
-0.00060558319091797 -0.0155487060546875 -0.0817947387695313 0.016998291015625
-0.0116596221923828 -0.00924396514892578 -0.0892181396484375 0.0405349731445313
-0.0112857818603516 0.00356674194335937 -0.0715103149414062 0.0848922729492188
0.00200939178466797 0.0150718688964844 -0.0210342407226563 0.098358154296875
0.00837898254394531 0.0198974609375 0.001068115234375 0.0767669677734375
0.0171794891357422 0.0240497589111328 0.0193672180175781 0.0585594177246094
0.00664901733398437 0.0345439910888672 0.0261306762695313 0.0451507568359375
-0.00751113891601562 0.041778564453125 0.0427131652832031 0.0263786315917969
-0.0176734924316406 0.0420074462890625 0.0661163330078125 0.0302467346191406
-0.0447273254394531 0.0293159484863281 0.0709915161132813 0.05078125
-0.0551795959472656 0.0246238708496094 0.09234619140625 0.0457839965820313
-0.0816192626953125 0.013916015625 0.0803146362304688 0.0400772094726563
-0.0854568481445313 -0.0360260009765625 0.0388412475585937 0.10809326171875
-0.0426216125488281 -0.0276336669921875 -0.00114059448242188 0.0245990753173828
-0.0469284057617187 -0.0224838256835938 -0.0660934448242188 -0.00154495239257813
-0.0396537780761719 -0.0149688720703125 -0.0892791748046875 0.0222244262695313
-0.0449790954589844 0.00293731689453126 -0.0875320434570313 0.0413360595703125
-0.0320034027099609 0.0264053344726562 -0.0651168823242188 0.0787124633789063
-0.00728225708007813 0.0432701110839844 -0.0198440551757813 0.08673095703125
-0.00119400024414063 0.0489311218261719 -0.00278472900390625 0.0641212463378906
0.0129966735839844 0.0537261962890625 0.0137863159179688 0.0460395812988281
-0.0028533935546875 0.0584793090820312 0.0243301391601563 0.0285186767578125
-0.0247230529785156 0.064788818359375 0.0427474975585938 0.0135307312011719
-0.0448532104492188 0.0604133605957031 0.067840576171875 0.0264968872070313
-0.085174560546875 0.0250778198242187 0.0643348693847656 0.0533561706542969
-0.0897750854492188 0.00667572021484377 0.069244384765625 0.052001953125
-0.112632751464844 -0.021148681640625 0.0461273193359375 0.0335006713867188
-0.101692199707031 -0.0724334716796875 0.00680541992187499 0.086456298828125
-0.0717926025390625 -0.0609054565429687 -0.0264625549316406 0.0103569030761719
-0.092926025390625 -0.0380630493164062 -0.081329345703125 -0.00618743896484374
-0.0775527954101563 -0.00822448730468751 -0.09405517578125 0.0208969116210938
-0.074127197265625 0.0192718505859375 -0.0820159912109375 0.0359573364257813
-0.0479927062988281 0.0479202270507813 -0.0543861389160156 0.06219482421875
-0.0155754089355469 0.0653343200683594 -0.0181922912597656 0.0639495849609375
-0.00881195068359375 0.0712127685546875 -0.0073089599609375 0.0419960021972656
0.00617980957031249 0.0746994018554688 0.00762939453125 0.0248260498046875
-0.0142135620117188 0.0729904174804688 0.0226268768310547 0.00609207153320313
-0.0410079956054688 0.07586669921875 0.0427513122558594 -0.00363540649414062
-0.0645294189453125 0.0680694580078125 0.0681724548339844 0.0188179016113281
-0.111991882324219 0.0151519775390625 0.0570144653320312 0.0537185668945313
-0.110023498535156 -0.0146636962890625 0.0430831909179687 0.0559310913085937
-0.126579284667969 -0.0520248413085937 0.00600051879882812 0.0190582275390625
-0.102554321289063 -0.0959091186523437 -0.0301856994628906 0.05511474609375
-0.0887603759765625 -0.0828170776367187 -0.0562057495117188 -0.00690841674804689
-0.123641967773438 -0.04608154296875 -0.0925827026367188 -0.0122222900390625
-0.102516174316406 0.00135040283203124 -0.0927963256835938 0.0150146484375
-0.09002685546875 0.0347824096679687 -0.0714263916015625 0.0237655639648438
-0.0538597106933594 0.0639839172363281 -0.041259765625 0.0376358032226563
-0.019134521484375 0.0780868530273438 -0.0169429779052734 0.0329704284667969
-0.0169448852539062 0.0818557739257813 -0.00963211059570313 0.0142154693603516
-0.00261688232421876 0.0851287841796875 0.00380325317382813 -0.00205636024475097
-0.026397705078125 0.0749130249023438 0.0242271423339844 -0.0192203521728516
-0.0549697875976562 0.0746383666992188 0.0454635620117187 -0.0195884704589844
-0.078765869140625 0.0616226196289062 0.0672378540039063 0.0111770629882813
-0.124191284179688 -0.001800537109375 0.0497283935546875 0.0507850646972656
-0.113540649414062 -0.0390167236328125 0.0141487121582031 0.0558586120605469
-0.118682861328125 -0.0814666748046875 -0.0326976776123047 -0.00328826904296875
-0.0870361328125 -0.102058410644531 -0.063446044921875 0.0226974487304688
-0.0882110595703125 -0.0894622802734375 -0.084625244140625 -0.0222244262695312
-0.129547119140625 -0.046051025390625 -0.0961685180664063 -0.018341064453125
-0.106353759765625 0.00885009765624999 -0.0852203369140625 0.00460052490234374
-0.0887832641601562 0.04168701171875 -0.0582542419433594 0.00583267211914063
-0.0512237548828125 0.0683403015136719 -0.0310115814208984 0.00828742980957031
-0.0186843872070312 0.077667236328125 -0.016972541809082 -0.000243186950683586
-0.020172119140625 0.0810546875 -0.0103368759155273 -0.0150461196899414
-0.010955810546875 0.0833740234375 0.00369834899902344 -0.0306053161621094
-0.036376953125 0.0679740905761719 0.0318489074707031 -0.0436782836914062
-0.0639495849609375 0.0600852966308594 0.0527420043945312 -0.0328445434570312
-0.0853118896484375 0.0434036254882812 0.0663299560546875 0.00545120239257813
-0.119888305664063 -0.0254135131835937 0.0398979187011719 0.0451889038085938
-0.101722717285156 -0.0624465942382812 -0.0101776123046875 0.0454597473144531
-0.09564208984375 -0.0978546142578125 -0.0647544860839844 -0.0315742492675781
-0.0551223754882813 -0.090301513671875 -0.0894393920898438 -0.0048980712890625
-0.0680923461914063 -0.081146240234375 -0.104499816894531 -0.0322418212890625
-0.106391906738281 -0.0408706665039063 -0.0932159423828125 -0.0226058959960937
-0.08612060546875 0.00904083251953124 -0.075103759765625 -0.00796508789062498
-0.0711746215820312 0.0342254638671875 -0.0464096069335938 -0.0118942260742188
-0.0416908264160156 0.0562744140625 -0.0244197845458984 -0.0194587707519531
-0.0175018310546875 0.0641441345214844 -0.0188026428222656 -0.0299663543701172
-0.0210113525390625 0.0673751831054688 -0.0101280212402344 -0.0410194396972656
-0.016815185546875 0.0705108642578125 0.00838470458984375 -0.0576019287109375
-0.0379447937011719 0.0534553527832031 0.0440673828125 -0.0642433166503906
-0.0607643127441406 0.0426902770996094 0.063629150390625 -0.0413665771484375
-0.078582763671875 0.0243453979492187 0.0667228698730469 -0.000144958496093749
-0.101486206054687 -0.0412673950195313 0.0337028503417969 0.0344352722167969
-0.0780487060546875 -0.0760879516601562 -0.0272636413574219 0.0267333984375
-0.0593643188476563 -0.101646423339844 -0.0826263427734375 -0.0640182495117188
-0.0118026733398438 -0.0681838989257812 -0.101211547851563 -0.0233230590820313
-0.0340423583984375 -0.0632476806640625 -0.113327026367188 -0.0358047485351563
-0.0635414123535156 -0.0337677001953125 -0.0845489501953125 -0.0278091430664062
-0.0503349304199219 0.000953674316406257 -0.0673980712890625 -0.0194091796875
-0.0433845520019531 0.0146522521972656 -0.0387001037597656 -0.0250930786132812
-0.0293617248535156 0.0315761566162109 -0.0223617553710938 -0.03729248046875
-0.015625 0.0391426086425781 -0.0208930969238281 -0.0508232116699219
-0.017852783203125 0.0437431335449219 -0.00774765014648438 -0.0603599548339844
-0.0164871215820312 0.048553466796875 0.01544189453125 -0.077911376953125
-0.0288314819335937 0.0346565246582031 0.0571136474609375 -0.0767822265625
-0.0456695556640625 0.0274543762207031 0.0749740600585938 -0.0454483032226563
-0.0584030151367188 0.0125503540039063 0.0679855346679688 -0.00623321533203125
-0.0739364624023438 -0.04107666015625 0.0320873260498047 0.0205879211425781
-0.0477828979492188 -0.073150634765625 -0.0321540832519531 0.00305747985839843
-0.0178985595703125 -0.0870895385742188 -0.0867233276367187 -0.0938949584960938
-0.0205345153808594 0.0480690002441406 0.0876312255859375 0.103935241699219
0.0225334167480469 0.0403327941894531 0.0347957611083984 0.0196952819824219
0.0403556823730469 0.0154266357421875 -0.038787841796875 -0.00923538208007813
0.0321941375732422 -0.0135955810546875 -0.0769424438476563 0.0105361938476562
0.0195999145507813 -0.0178241729736328 -0.0872039794921875 0.041595458984375
0.0101261138916016 -0.0165395736694336 -0.0694961547851563 0.0895309448242188
0.0111150741577148 -0.0129241943359375 -0.0170974731445312 0.0995941162109375
0.0161066055297852 -0.0111560821533203 0.00696563720703126 0.0788345336914063
0.0179710388183594 -0.00856971740722656 0.0234870910644531 0.0608291625976563
0.0156478881835937 0.00531291961669922 0.0286445617675781 0.052154541015625
0.0139808654785156 0.0118942260742188 0.0437698364257813 0.0322074890136719
0.01580810546875 0.0178413391113281 0.0656623840332031 0.0295867919921875
0.0050811767578125 0.0321807861328125 0.0811767578125 0.0461959838867187
-0.0112724304199219 0.0426063537597656 0.110679626464844 0.0401153564453125
-0.0362091064453125 0.047332763671875 0.104209899902344 0.0398178100585938
-0.0568962097167969 0.0073089599609375 0.0715408325195313 0.1121826171875
-0.0107736587524414 0.00790596008300781 0.0213947296142578 0.0277729034423828
-0.00217461585998535 -0.00367426872253418 -0.0508308410644531 -0.000976562500000003
-0.00334453582763672 -0.0159912109375 -0.0824737548828125 0.0176849365234375
-0.0133275985717773 -0.00889110565185547 -0.0907669067382812 0.0424957275390625
-0.0119085311889648 0.00516414642333984 -0.0711288452148438 0.0883941650390625
0.00172710418701172 0.0166482925415039 -0.0184707641601562 0.0998077392578125
0.00857353210449219 0.0209751129150391 0.0038909912109375 0.0771865844726563
0.0170478820800781 0.0248928070068359 0.0220413208007813 0.0589714050292969
0.00658035278320313 0.0362548828125 0.0284080505371094 0.045440673828125
-0.00763702392578125 0.0429306030273438 0.0446548461914063 0.0259246826171875
-0.0179481506347656 0.0427780151367188 0.0686569213867188 0.0292549133300781
-0.0456924438476563 0.0297966003417969 0.0743331909179688 0.0512619018554688
-0.0555343627929688 0.0249748229980469 0.0957107543945313 0.0447006225585937
-0.0813674926757813 0.0146560668945312 0.0837326049804688 0.0404281616210938
-0.0860137939453125 -0.0365829467773438 0.0426025390625 0.106216430664063
-0.0443801879882813 -0.0289535522460937 0.00010108947753906 0.0232009887695312
-0.0495452880859375 -0.0224494934082031 -0.0661811828613281 -0.00159454345703126
-0.0426826477050781 -0.0149383544921875 -0.0898056030273438 0.0234222412109375
-0.0471115112304688 0.00411605834960937 -0.0888214111328125 0.0427398681640625
-0.0327262878417969 0.0283756256103516 -0.0642547607421875 0.0811538696289062
-0.00728225708007812 0.0451393127441406 -0.0177383422851562 0.0873947143554688
-3.05175781249966E-05 0.0505027770996094 -0.000495910644531254 0.0641975402832031
0.0143814086914063 0.0547409057617188 0.0163993835449219 0.0460128784179688
-0.00209808349609375 0.0599746704101563 0.0263748168945313 0.028228759765625
-0.0248146057128906 0.0668373107910156 0.0440330505371094 0.012969970703125
-0.0445404052734375 0.0622978210449219 0.0704421997070313 0.0248184204101563
-0.0867843627929688 0.0272216796875 0.0677032470703125 0.05401611328125
-0.09112548828125 0.00731658935546875 0.0727920532226563 0.0513992309570313
-0.114585876464844 -0.0190582275390625 0.0493011474609375 0.03369140625
-0.104377746582031 -0.0724105834960938 0.00958251953124999 0.0840072631835938
-0.075103759765625 -0.0619354248046875 -0.0264682769775391 0.00860404968261718
-0.0962677001953125 -0.0367660522460938 -0.081085205078125 -0.00583648681640626
-0.0803909301757813 -0.00717926025390624 -0.0945053100585938 0.022216796875
-0.0758132934570313 0.0218582153320313 -0.0826568603515625 0.0381240844726563
-0.0482063293457031 0.0503463745117188 -0.053985595703125 0.063934326171875
-0.0144729614257813 0.0674209594726563 -0.0162811279296875 0.0638961791992188
-0.0077056884765625 0.0732879638671875 -0.00528335571289062 0.0420303344726563
0.00806427001953125 0.0765304565429688 0.00989532470703125 0.0241603851318359
-0.0127182006835937 0.0743026733398438 0.0239295959472656 0.00507926940917969
-0.0399932861328125 0.0786361694335938 0.0443305969238281 -0.00450897216796874
-0.0642547607421875 0.0709152221679688 0.0718231201171875 0.0174407958984375
-0.1141357421875 0.0183944702148438 0.0609054565429687 0.054168701171875
-0.112556457519531 -0.01312255859375 0.0462532043457031 0.0555496215820313
-0.129570007324219 -0.0504989624023438 0.00809478759765624 0.0201969146728516
-0.106330871582031 -0.0956878662109375 -0.0277938842773438 0.0535850524902344
-0.0933837890625 -0.0833282470703125 -0.0563545227050781 -0.00857925415039064
-0.1275634765625 -0.0435867309570313 -0.0926971435546875 -0.0116958618164062
-0.105117797851563 0.00328063964843751 -0.092559814453125 0.0166397094726563
-0.0914764404296875 0.03765869140625 -0.0721054077148438 0.0251846313476563
-0.0538558959960937 0.0669631958007813 -0.041778564453125 0.0374298095703125
-0.017608642578125 0.07977294921875 -0.0157203674316406 0.0329360961914063
-0.0142059326171875 0.084320068359375 -0.00884532928466797 0.0140552520751953
-0.000221252441406246 0.0867843627929688 0.00462055206298828 -0.00263643264770507
-0.0248336791992188 0.077880859375 0.0241966247558594 -0.0206508636474609
-0.0540695190429688 0.0768051147460937 0.0468864440917969 -0.0211296081542969
-0.079010009765625 0.063934326171875 0.0706253051757813 0.00971221923828125
-0.126739501953125 0.000694274902343761 0.0534210205078125 0.051300048828125
-0.117073059082031 -0.0377578735351562 0.0169105529785156 0.0561294555664063
-0.123008728027344 -0.0793228149414063 -0.0319347381591797 -0.00141143798828126
-0.0904541015625 -0.100830078125 -0.0631370544433594 0.0220680236816406
-0.0929946899414062 -0.0892715454101563 -0.085357666015625 -0.0231094360351563
-0.133132934570313 -0.0425567626953125 -0.096435546875 -0.0183639526367187
-0.1077880859375 0.0114669799804687 -0.0857162475585938 0.00600433349609375
-0.0890045166015625 0.0451812744140625 -0.0587844848632813 0.00630950927734374
-0.0504035949707031 0.0701141357421875 -0.0316905975341797 0.00800132751464844
-0.0178298950195313 0.0788650512695312 -0.0167245864868164 -0.00105285644531249
-0.0182647705078125 0.0829010009765625 -0.0108757019042969 -0.0155143737792969
-0.00885772705078126 0.0848312377929688 0.00404167175292969 -0.0321197509765625
-0.0351982116699219 0.0698738098144531 0.0312385559082031 -0.045684814453125
-0.0635948181152344 0.0630531311035156 0.0537910461425781 -0.0346336364746094
-0.0850830078125 0.0454788208007813 0.0693817138671875 0.00369644165039063
-0.122474670410156 -0.0219192504882813 0.04302978515625 0.0457878112792969
-0.105613708496094 -0.0608367919921875 -0.00834274291992188 0.0465621948242187
-0.100753784179687 -0.0964202880859375 -0.0646514892578125 -0.0291557312011719
-0.05908203125 -0.0906448364257813 -0.0903472900390625 -0.00603485107421874
-0.0719985961914063 -0.0801620483398437 -0.106285095214844 -0.032501220703125
-0.109527587890625 -0.0380096435546875 -0.0940017700195313 -0.0225448608398437
-0.0867462158203125 0.0110397338867188 -0.0758132934570313 -0.00653839111328125
-0.0710220336914062 0.0372085571289063 -0.0470428466796875 -0.0115470886230469
-0.0403518676757812 0.0575599670410156 -0.0260295867919922 -0.0200119018554687
-0.0155906677246094 0.0646209716796875 -0.0199985504150391 -0.0307102203369141
-0.0188751220703125 0.0680084228515625 -0.0111236572265625 -0.041748046875
-0.0145797729492188 0.0713119506835938 0.00705718994140625 -0.0586624145507812
-0.0379066467285156 0.0539894104003906 0.0429191589355469 -0.0659599304199219
-0.0611114501953125 0.0445365905761719 0.0646476745605469 -0.0440673828125
-0.0782318115234375 0.0260162353515625 0.0688400268554688 -0.001708984375
-0.104049682617188 -0.0382766723632813 0.0359153747558594 0.0348548889160156
-0.0810470581054688 -0.0746917724609375 -0.0255661010742187 0.0278301239013672
-0.0635757446289062 -0.100631713867188 -0.083740234375 -0.0614547729492187
-0.0147171020507813 -0.0681800842285156 -0.1038818359375 -0.0238800048828125
-0.0363388061523438 -0.0618629455566406 -0.115409851074219 -0.0350189208984375
-0.0647621154785156 -0.0312347412109375 -0.0859603881835938 -0.0282745361328125
-0.049835205078125 0.0027008056640625 -0.0693397521972656 -0.0193977355957031
-0.0425834655761719 0.0162887573242187 -0.040130615234375 -0.0245552062988281
-0.0281543731689453 0.03240966796875 -0.0236091613769531 -0.0386848449707031
-0.0142936706542969 0.0388298034667969 -0.0230140686035156 -0.0517349243164063
-0.0166397094726563 0.0437049865722656 -0.009368896484375 -0.0608634948730469
-0.0147056579589844 0.0484580993652344 0.0134658813476563 -0.0794754028320313
-0.0287361145019531 0.0352401733398438 0.0557403564453125 -0.0795135498046875
-0.0453948974609375 0.0278587341308594 0.0758056640625 -0.0483245849609375
-0.0581703186035156 0.0137214660644531 0.0702400207519531 -0.00728225708007812
-0.0751876831054688 -0.038482666015625 0.0339431762695312 0.0204811096191406
-0.0498733520507812 -0.0716629028320313 -0.0316524505615234 0.0049915313720703
-0.0212173461914063 -0.0862197875976563 -0.0886993408203125 -0.0921630859375
-0.0168228149414063 0.0475082397460938 0.0922927856445313 0.098724365234375
0.0240211486816406 0.0376434326171875 0.0353889465332031 0.0168685913085938
0.0402603149414063 0.0131912231445313 -0.0399971008300781 -0.00870132446289062
0.029754638671875 -0.0148334503173828 -0.0768356323242187 0.0125732421875
0.0181159973144531 -0.0178070068359375 -0.08740234375 0.0454483032226562
0.0092153549194336 -0.0159568786621094 -0.06622314453125 0.0930633544921875
0.010462760925293 -0.0123929977416992 -0.0126876831054687 0.100242614746094
0.0153446197509766 -0.0113859176635742 0.0109786987304688 0.0788726806640625
0.0172719955444336 -0.008636474609375 0.0274772644042969 0.0602798461914063
0.0154142379760742 0.00533485412597656 0.0319786071777344 0.0519180297851562
0.0136919021606445 0.0120639801025391 0.0464134216308594 0.0310554504394531
0.0156259536743164 0.0169410705566406 0.0678215026855469 0.0274543762207031
0.00586128234863281 0.0313510894775391 0.0841522216796875 0.0435562133789063
-0.0092926025390625 0.04150390625 0.1126708984375 0.0361251831054688
-0.0325927734375 0.0477638244628906 0.106979370117187 0.0367050170898437
-0.055999755859375 0.00764083862304687 0.0768203735351563 0.107398986816406
-0.0106210708618164 0.00655364990234375 0.0225563049316406 0.0254001617431641
-0.0036158561706543 -0.00433659553527832 -0.0505104064941406 -0.000114440917968751
-0.00611400604248047 -0.0162868499755859 -0.0823211669921875 0.020233154296875
-0.0153903961181641 -0.00781917572021484 -0.0895919799804688 0.046356201171875
-0.0121994018554688 0.00648307800292969 -0.06793212890625 0.0914077758789063
0.00247478485107422 0.0174493789672852 -0.013763427734375 0.0998687744140625
0.00931358337402344 0.0216140747070313 0.00853729248046875 0.076629638671875
0.0175437927246094 0.0251026153564453 0.0257949829101563 0.0578536987304688
0.00763702392578125 0.03668212890625 0.031585693359375 0.0449333190917969
-0.00626754760742188 0.0439529418945313 0.0468368530273438 0.0248222351074219
-0.0169677734375 0.0433120727539063 0.0710678100585938 0.0266036987304688
-0.0450897216796875 0.0313987731933594 0.077972412109375 0.048797607421875
-0.0549583435058594 0.0260238647460937 0.098297119140625 0.040924072265625
-0.0799636840820313 0.0174713134765625 0.086944580078125 0.0377960205078125
-0.0877227783203125 -0.0349578857421875 0.0484848022460937 0.101364135742188
-0.0465621948242187 -0.0287704467773438 0.00171279907226562 0.0208053588867187
-0.0519485473632813 -0.0214080810546875 -0.0658454895019531 -0.00030136108398438
-0.0446357727050781 -0.0132331848144531 -0.088836669921875 0.0254592895507812
-0.0485916137695313 0.00711059570312499 -0.0882415771484375 0.046630859375
-0.0322818756103516 0.0305042266845703 -0.0615615844726563 0.0838241577148437
-0.0052947998046875 0.0465164184570313 -0.0135726928710938 0.0876846313476563
0.00247955322265625 0.051910400390625 0.00317001342773438 0.0643119812011719
0.0167732238769531 0.0550804138183594 0.0198211669921875 0.0450019836425781
0.000236511230468743 0.0611801147460938 0.0287570953369141 0.0278415679931641
-0.0223731994628906 0.0687255859375 0.0458946228027344 0.0110588073730469
-0.0428047180175781 0.0642318725585938 0.0733718872070313 0.021575927734375
-0.0867080688476563 0.0311431884765625 0.0716018676757813 0.0519180297851563
-0.091400146484375 0.01055908203125 0.07635498046875 0.048553466796875
-0.115432739257812 -0.0149383544921875 0.0520057678222656 0.0328140258789063
-0.108345031738281 -0.0693359375 0.0142745971679687 0.080596923828125
-0.0787887573242188 -0.059906005859375 -0.0252628326416016 0.00774955749511719
-0.099273681640625 -0.0324859619140625 -0.0807571411132813 -0.00431060791015627
-0.0821990966796875 -0.00385284423828124 -0.0927658081054688 0.025177001953125
-0.0757904052734375 0.0261611938476563 -0.0818939208984375 0.0405197143554687
-0.0471878051757813 0.0536689758300781 -0.0524063110351563 0.0653800964355469
-0.0121269226074219 0.0686378479003906 -0.0135269165039063 0.0632705688476563
-0.00344085693359375 0.0743942260742188 -0.00238037109375 0.0412788391113281
0.0118255615234375 0.0765304565429688 0.0118083953857422 0.0235252380371094
-0.00993347167968749 0.0758743286132813 0.0246868133544922 0.00386619567871094
-0.0368881225585937 0.0815582275390625 0.045379638671875 -0.00637817382812499
-0.0621261596679688 0.0733566284179688 0.07415771484375 0.0137176513671875
-0.114501953125 0.0239334106445313 0.0652389526367187 0.0523910522460938
-0.113174438476562 -0.00927734374999999 0.0505752563476563 0.0543479919433594
-0.133209228515625 -0.0447845458984375 0.0107021331787109 0.0203437805175781
-0.111083984375 -0.092376708984375 -0.0246810913085937 0.0514907836914063
-0.0979232788085938 -0.07940673828125 -0.0563201904296875 -0.00820922851562501
-0.130516052246094 -0.0376968383789063 -0.0920028686523438 -0.00912475585937499
-0.105583190917969 0.00809478759765626 -0.0917129516601562 0.0189437866210938
-0.0898818969726563 0.0424957275390625 -0.0713882446289063 0.0279083251953125
-0.051788330078125 0.0703201293945313 -0.0405006408691406 0.0386505126953125
-0.0149993896484375 0.0811843872070313 -0.0144138336181641 0.0318279266357422
-0.0101852416992188 0.0855560302734375 -0.00706863403320313 0.0136547088623047
0.00399780273437501 0.08709716796875 0.00535154342651367 -0.00311851501464843
-0.021942138671875 0.0792770385742188 0.0241222381591797 -0.022430419921875
-0.0512466430664062 0.0798797607421875 0.0466423034667969 -0.0236129760742187
-0.07659912109375 0.0676498413085938 0.073211669921875 0.00530242919921875
-0.128166198730469 0.00755310058593752 0.0575752258300781 0.0499191284179687
-0.119277954101563 -0.0335311889648438 0.0209808349609375 0.0561447143554688
-0.128013610839844 -0.074249267578125 -0.0301933288574219 0.00099182128906249
-0.0958480834960938 -0.0978546142578125 -0.0619659423828125 0.0208816528320312
-0.0980148315429688 -0.0853042602539063 -0.086273193359375 -0.02166748046875
-0.13580322265625 -0.03582763671875 -0.0964584350585938 -0.015594482421875
-0.107810974121094 0.0158767700195312 -0.08489990234375 0.00837707519531251
-0.0872116088867188 0.0497817993164063 -0.0590476989746094 0.00817871093749999
-0.047393798828125 0.0728759765625 -0.0318965911865234 0.00823783874511719
-0.0142822265625 0.0804519653320313 -0.0173635482788086 -0.00131130218505859
-0.0139617919921875 0.0837249755859375 -0.0111179351806641 -0.0152654647827148
-0.00405120849609374 0.0854415893554688 0.00270271301269531 -0.0324897766113281
-0.0321807861328125 0.0713577270507813 0.0292434692382812 -0.0482864379882812
-0.0610198974609375 0.0656013488769531 0.0533981323242187 -0.0379066467285156
-0.083526611328125 0.0492935180664062 0.0714569091796875 0.000389099121093753
-0.124641418457031 -0.0158920288085937 0.046661376953125 0.0446815490722656
-0.109275817871094 -0.0569534301757813 -0.00531005859375001 0.0477104187011719
-0.106201171875 -0.0914382934570313 -0.0651397705078125 -0.0256729125976563
-0.0640029907226563 -0.0875167846679687 -0.0906906127929687 -0.00423431396484375
-0.0767669677734375 -0.07635498046875 -0.107978820800781 -0.02935791015625
-0.1116943359375 -0.0316619873046875 -0.0940704345703125 -0.0197906494140625
-0.08648681640625 0.0152969360351563 -0.0755157470703125 -0.00487518310546876
-0.0684585571289062 0.0407485961914063 -0.0474052429199219 -0.0103187561035156
-0.0381622314453125 0.0595283508300781 -0.0270023345947266 -0.0205059051513672
-0.0131950378417969 0.0653800964355469 -0.0225067138671875 -0.0307254791259766
-0.0149078369140625 0.0686225891113281 -0.0126571655273437 -0.0413551330566406
-0.0110092163085937 0.0712203979492188 0.00501251220703125 -0.059814453125
-0.0351982116699219 0.0560302734375 0.0400238037109375 -0.0690841674804688
-0.0590591430664063 0.0469131469726563 0.0637054443359375 -0.0468788146972656
-0.0766830444335938 0.0292587280273438 0.0708236694335938 -0.00513458251953125
-0.105842590332031 -0.0329971313476563 0.0385246276855469 0.0344085693359375
-0.0851287841796875 -0.0705108642578125 -0.0232734680175781 0.0298194885253906
-0.0693435668945313 -0.0970077514648437 -0.0857620239257813 -0.0569229125976562
-0.0185775756835938 -0.0660057067871094 -0.10577392578125 -0.0213623046875
-0.04058837890625 -0.0590248107910156 -0.117958068847656 -0.0316619873046875
-0.0659675598144531 -0.0270195007324219 -0.08734130859375 -0.0258865356445313
-0.0493888854980469 0.00514984130859374 -0.0698890686035156 -0.0168647766113281
-0.0414466857910156 0.018798828125 -0.0415458679199219 -0.0236320495605469
-0.0258388519287109 0.0335407257080078 -0.026153564453125 -0.0387001037597656
-0.0128059387207031 0.0390052795410156 -0.0264739990234375 -0.0514564514160156
-0.0133476257324219 0.0444145202636719 -0.0128135681152344 -0.0600357055664062
-0.011688232421875 0.04833984375 0.0101394653320312 -0.0800399780273438
-0.0272369384765625 0.0362167358398438 0.0522613525390625 -0.0827713012695313
-0.0434837341308594 0.0291099548339844 0.0752639770507813 -0.052001953125
-0.0562248229980469 0.0158538818359375 0.0712738037109375 -0.010406494140625
-0.0764389038085938 -0.0341873168945312 0.0359840393066406 0.0202865600585937
-0.0531539916992187 -0.0682220458984375 -0.0303478240966797 0.00702667236328125
-0.0258102416992188 -0.08404541015625 -0.0919342041015625 -0.0865020751953125
-0.013519287109375 0.0450096130371094 0.0947341918945313 0.0906143188476562
0.0247783660888672 0.0345478057861328 0.0356101989746094 0.01422119140625
0.0389900207519531 0.0101814270019531 -0.0402030944824219 -0.00786590576171874
0.0263900756835938 -0.0154762268066406 -0.0760269165039063 0.0149612426757813
0.0161371231079102 -0.0174064636230469 -0.0846328735351563 0.0485916137695313
0.00839519500732422 -0.0150060653686523 -0.0610580444335938 0.095306396484375
0.0103721618652344 -0.0116786956787109 -0.00701141357421876 0.0984115600585938
0.0140113830566406 -0.010833740234375 0.0151824951171875 0.0763626098632813
0.0159311294555664 -0.00865554809570313 0.0305519104003906 0.0575065612792969
0.0145912170410156 0.00501632690429688 0.0345954895019531 0.05023193359375
0.0134716033935547 0.0115289688110352 0.0470046997070312 0.0289421081542969
0.0149412155151367 0.0154790878295898 0.0680389404296875 0.0236358642578125
0.00663375854492188 0.0292301177978516 0.08514404296875 0.0396270751953125
-0.0075225830078125 0.0402946472167969 0.112274169921875 0.03082275390625
-0.0282554626464844 0.0468864440917969 0.107742309570313 0.0323944091796875
-0.0542030334472656 0.00753021240234376 0.0800552368164062 0.0994338989257812
-0.0110712051391602 0.00545597076416016 0.0230026245117188 0.0227794647216797
-0.004730224609375 -0.0046086311340332 -0.0497169494628906 0.00099182128906249
-0.00871658325195313 -0.0151348114013672 -0.0802841186523438 0.0222320556640625
-0.0164861679077148 -0.0062246322631836 -0.0869674682617187 0.0489883422851563
-0.0122413635253906 0.00804901123046875 -0.063079833984375 0.0929183959960938
0.00276947021484375 0.0183906555175781 -0.00826263427734374 0.0982437133789063
0.00988006591796875 0.0213985443115234 0.012359619140625 0.0743255615234375
0.0183544158935547 0.0243282318115234 0.0288276672363281 0.0550346374511719
0.00898361206054687 0.0360336303710938 0.0347061157226563 0.0429801940917969
-0.00457382202148438 0.0439949035644531 0.0476150512695313 0.0221099853515625
-0.0156021118164063 0.0431594848632813 0.0717926025390625 0.0224761962890625
-0.0436210632324219 0.0320587158203125 0.0798492431640625 0.0451507568359375
-0.0527458190917969 0.0266799926757812 0.0992889404296875 0.0362396240234375
-0.0766372680664063 0.0199203491210937 0.0883331298828125 0.0336227416992188
-0.0875625610351562 -0.0319976806640625 0.052032470703125 0.0942535400390625
-0.0478553771972656 -0.0278396606445313 0.00255584716796875 0.0187969207763672
-0.0535812377929688 -0.0191383361816406 -0.0635414123535156 0.00161361694335937
-0.0463981628417969 -0.0110816955566406 -0.0858001708984375 0.0278701782226563
-0.0483589172363281 0.00975036621093751 -0.08514404296875 0.0486679077148437
-0.0313282012939453 0.0327281951904297 -0.05706787109375 0.0847549438476563
-0.00368499755859375 0.0467872619628906 -0.00917816162109376 0.0851287841796875
0.00460815429687499 0.0511283874511719 0.00713729858398438 0.0613212585449219
0.0190162658691406 0.053985595703125 0.0226669311523438 0.0423812866210938
0.00226211547851562 0.06072998046875 0.0308551788330078 0.0257740020751953
-0.0194740295410156 0.0690650939941406 0.0465660095214844 0.00882339477539063
-0.0396919250488281 0.0649299621582031 0.0743865966796875 0.01702880859375
-0.0840835571289063 0.0346298217773437 0.0743942260742188 0.0483322143554688
-0.08953857421875 0.01324462890625 0.0783767700195313 0.0441055297851563
-0.114028930664063 -0.00965118408203123 0.0543136596679688 0.0307388305664063
-0.109146118164063 -0.0652236938476563 0.0177841186523437 0.0750732421875
-0.0810089111328125 -0.0561447143554688 -0.0235519409179688 0.00656700134277343
-0.0999984741210937 -0.0280838012695313 -0.0787811279296875 -0.00211334228515627
-0.0817031860351563 -3.05175781250036E-05 -0.0896835327148437 0.0269775390625
-0.0740737915039063 0.0297088623046875 -0.0787734985351563 0.0431976318359375
-0.0446014404296875 0.0551528930664062 -0.0480880737304688 0.0656166076660156
-0.00893783569335938 0.069000244140625 -0.0106163024902344 0.0618934631347656
0.000518798828125004 0.0733566284179688 4.95910644531214E-05 0.0397758483886719
0.015228271484375 0.0756683349609375 0.0140037536621094 0.0221843719482422
-0.00684356689453126 0.0758743286132813 0.0258560180664063 0.00288009643554688
-0.03265380859375 0.0822372436523438 0.0447273254394531 -0.00840377807617187
-0.0581130981445312 0.0748138427734375 0.0743026733398438 0.00898742675781251
-0.112129211425781 0.0289688110351563 0.0678558349609375 0.0490760803222656
-0.112174987792969 -0.00439453124999999 0.0532760620117187 0.0510368347167969
-0.132804870605469 -0.0380859375 0.0132217407226562 0.020233154296875
-0.113922119140625 -0.0860824584960938 -0.0220260620117188 0.0484046936035156
-0.100700378417969 -0.0739364624023437 -0.0551834106445313 -0.007720947265625
-0.13092041015625 -0.0302505493164062 -0.0897445678710938 -0.00655364990234375
-0.103904724121094 0.0122451782226563 -0.0883026123046875 0.0215606689453125
-0.0870513916015625 0.0466537475585937 -0.0687713623046875 0.0296783447265625
-0.0481109619140625 0.0717697143554688 -0.0384597778320313 0.0386390686035156
-0.010986328125 0.0810623168945313 -0.0128726959228516 0.0306587219238281
-0.00543975830078125 0.0847854614257813 -0.00615882873535156 0.0132627487182617
0.00844573974609375 0.08538818359375 0.00670051574707031 -0.00415611267089843
-0.0186004638671875 0.0790634155273438 0.0229301452636719 -0.0233936309814453
-0.0470123291015625 0.0809860229492187 0.04608154296875 -0.0258979797363281
-0.0723419189453125 0.0698699951171875 0.07330322265625 0.00128936767578125
-0.125411987304688 0.0145797729492188 0.0607032775878906 0.0468826293945313
-0.119415283203125 -0.0273895263671875 0.0245132446289062 0.0539093017578125
-0.129676818847656 -0.0664825439453125 -0.0280399322509766 0.00344467163085937
-0.0996780395507812 -0.0909347534179688 -0.0602874755859375 0.020599365234375
-0.101692199707031 -0.07855224609375 -0.0853424072265625 -0.019317626953125
-0.135185241699219 -0.0274505615234375 -0.093994140625 -0.012298583984375
-0.103988647460938 0.0206298828125 -0.0822906494140625 0.0107879638671875
-0.08319091796875 0.053466796875 -0.0574226379394531 0.00981903076171876
-0.0436630249023438 0.0743637084960938 -0.0313205718994141 0.00799560546875001
-0.01031494140625 0.0793075561523438 -0.0175991058349609 -0.00162696838378906
-0.0091552734375 0.0823516845703125 -0.0110130310058594 -0.0150880813598633
9.91821289062515E-05 0.0836334228515625 0.00186920166015625 -0.0321884155273437
-0.0293502807617188 0.0719528198242188 0.0263519287109375 -0.0487060546875
-0.0570526123046875 0.0675048828125 0.0521049499511719 -0.0400123596191406
-0.07952880859375 0.051910400390625 0.0715484619140625 -0.0041961669921875
-0.123062133789063 -0.00852203369140627 0.0500068664550781 0.0419540405273437
-0.109855651855469 -0.050567626953125 -0.000869750976562503 0.0472373962402344
-0.108901977539063 -0.0844192504882812 -0.0630378723144531 -0.0214157104492188
-0.0675506591796875 -0.0824661254882813 -0.088897705078125 -0.00290679931640624
-0.0796966552734375 -0.07080078125 -0.106834411621094 -0.0257110595703125
-0.11041259765625 -0.0243606567382812 -0.0930023193359375 -0.0169601440429688
-0.0831527709960938 0.0187759399414062 -0.0746536254882813 -0.00229644775390625
-0.0651473999023438 0.0435905456542969 -0.0470161437988281 -0.00883483886718751
-0.0337333679199219 0.06060791015625 -0.0280227661132813 -0.0198154449462891
-0.0103073120117188 0.0641632080078125 -0.0237884521484375 -0.0303802490234375
-0.0111351013183594 0.0677947998046875 -0.0137825012207031 -0.0400772094726562
-0.00679397583007813 0.0699577331542969 0.00228500366210937 -0.0585212707519531
-0.0326080322265625 0.0564231872558594 0.03558349609375 -0.0692481994628906
-0.0558700561523438 0.04827880859375 0.061309814453125 -0.0500831604003906
-0.0736846923828125 0.0317840576171875 0.0706405639648438 -0.00862884521484375
-0.105072021484375 -0.026275634765625 0.0411605834960937 0.0324668884277344
-0.0866241455078125 -0.0645980834960938 -0.0203418731689453 0.0312995910644531
-0.0733184814453125 -0.0907211303710938 -0.0847702026367188 -0.05108642578125
-0.0213356018066406 -0.0630302429199219 -0.105087280273438 -0.0189056396484375
-0.0429229736328125 -0.0547676086425781 -0.117202758789063 -0.0271682739257813
-0.0660591125488281 -0.0220184326171875 -0.0868988037109375 -0.0229568481445313
-0.0477333068847656 0.00714111328124999 -0.0694541931152344 -0.0141181945800781
-0.0391616821289063 0.0208549499511719 -0.0414581298828125 -0.0216522216796875
-0.0234699249267578 0.0341873168945313 -0.0285224914550781 -0.0377349853515625
-0.010650634765625 0.0378684997558594 -0.0289382934570313 -0.0496749877929688
-0.0112533569335938 0.0433425903320313 -0.014312744140625 -0.0583152770996094
-0.00891494750976562 0.0472221374511719 0.00687408447265625 -0.0790481567382813
-0.0255622863769531 0.035980224609375 0.0470428466796875 -0.0836563110351563
-0.0414924621582031 0.0300369262695313 0.0720062255859375 -0.0550537109375
-0.0542526245117187 0.01708984375 0.07073974609375 -0.01373291015625
-0.0756454467773437 -0.0289535522460938 0.0370407104492187 0.0193138122558594
-0.0548248291015625 -0.0628395080566406 -0.0278797149658203 0.00914764404296875
-0.0300369262695313 -0.0799331665039063 -0.0929031372070313 -0.0792999267578125
-0.0115814208984375 0.0420379638671875 0.093963623046875 0.0843734741210938
0.0244998931884766 0.0315837860107422 0.0348873138427734 0.0118732452392578
0.0374374389648438 0.00846099853515625 -0.0392837524414063 -0.00747680664062499
0.0236492156982422 -0.0149326324462891 -0.0739288330078125 0.0160751342773437
0.0140514373779297 -0.0168209075927734 -0.0814971923828125 0.0495681762695312
0.00772953033447266 -0.0142364501953125 -0.0568084716796875 0.0948333740234375
0.00966072082519531 -0.0110921859741211 -0.00383758544921875 0.095611572265625
0.0127019882202148 -0.0101470947265625 0.017120361328125 0.0728912353515625
0.0148715972900391 -0.00826072692871094 0.0316123962402344 0.0550613403320312
0.0142955780029297 0.00534629821777344 0.0363388061523438 0.0481605529785156
0.0130538940429687 0.0114812850952148 0.0467109680175781 0.0275459289550781
0.013951301574707 0.0146989822387695 0.0668144226074219 0.0217094421386719
0.00639533996582031 0.0272846221923828 0.08447265625 0.03680419921875
-0.00625228881835938 0.0382728576660156 0.110198974609375 0.0275955200195313
-0.0247917175292969 0.0452041625976563 0.106147766113281 0.029815673828125
-0.051727294921875 0.00691223144531249 0.0803756713867188 0.0920944213867188
-0.0105733871459961 0.00433635711669922 0.0232505798339844 0.0197124481201172
-0.00607442855834961 -0.00502443313598633 -0.0484199523925781 0.00114822387695313
-0.0102386474609375 -0.0141658782958984 -0.0774612426757813 0.0229263305664062
-0.0171613693237305 -0.00483131408691407 -0.0842056274414063 0.04962158203125
-0.011866569519043 0.00910568237304688 -0.0586090087890625 0.0926437377929688
0.00375556945800781 0.0181369781494141 -0.00541687011718749 0.0945281982421875
0.0103626251220703 0.0214710235595703 0.0145950317382813 0.0705718994140625
0.0187129974365234 0.024261474609375 0.0302505493164063 0.0525131225585937
0.00956344604492188 0.0357704162597656 0.0358009338378906 0.0405807495117188
-0.00356674194335938 0.0433845520019531 0.047943115234375 0.0202674865722656
-0.0149650573730469 0.0423355102539063 0.0709228515625 0.0200653076171875
-0.0423431396484375 0.0322418212890625 0.07977294921875 0.0424346923828125
-0.050750732421875 0.0268096923828125 0.0978622436523438 0.0323944091796875
-0.0728988647460938 0.020111083984375 0.0877914428710938 0.031219482421875
-0.0854873657226563 -0.0303192138671875 0.0528717041015625 0.087371826171875
-0.0477371215820313 -0.0268592834472656 0.00340652465820312 0.0169315338134766
-0.0531082153320313 -0.0174217224121094 -0.0614166259765625 0.00177764892578125
-0.0466995239257813 -0.00890731811523438 -0.0828781127929688 0.0280990600585938
-0.047760009765625 0.0117301940917969 -0.0820541381835938 0.049224853515625
-0.0302600860595703 0.0338230133056641 -0.0534133911132813 0.0839691162109375
-0.00202178955078125 0.0464057922363281 -0.00618743896484375 0.0824127197265625
0.00648117065429688 0.0501518249511719 0.00928115844726562 0.0584564208984375
0.0202598571777344 0.0524787902832031 0.0242118835449219 0.0397071838378906
0.00384902954101562 0.0592269897460937 0.0315303802490234 0.0241909027099609
-0.0164756774902344 0.0681343078613281 0.04608154296875 0.00725936889648438
-0.0373764038085938 0.0645637512207031 0.07366943359375 0.0143890380859375
-0.0813827514648438 0.0359649658203125 0.0751800537109375 0.0449676513671875
-0.0871124267578125 0.0145797729492187 0.0779495239257813 0.04046630859375
-0.110252380371094 -0.00656890869140626 0.0546798706054687 0.0286788940429688
-0.108177185058594 -0.060638427734375 0.0199165344238281 0.0694084167480469
-0.081298828125 -0.052703857421875 -0.0223674774169922 0.00477027893066406
-0.098480224609375 -0.0237808227539062 -0.0751266479492188 -0.00125122070312499
-0.0802230834960938 0.00225830078125001 -0.0856552124023438 0.0279541015625
-0.0711212158203125 0.0311050415039062 -0.0755462646484375 0.0431442260742188
-0.0416526794433594 0.0565109252929688 -0.0451316833496094 0.0646400451660156
-0.00676345825195312 0.0679664611816406 -0.00825881958007813 0.0592613220214844
0.00273132324218751 0.0719375610351563 0.00183486938476562 0.0377693176269531
0.0177459716796875 0.0728912353515625 0.0153903961181641 0.0201416015625
-0.00481414794921875 0.0742874145507813 0.0257244110107422 0.00141143798828125
-0.0299758911132813 0.0815658569335938 0.0444183349609375 -0.00984954833984374
-0.0546493530273437 0.0745468139648438 0.0739974975585938 0.00601959228515625
-0.108146667480469 0.0321044921875 0.0694465637207031 0.0460052490234375
-0.110130310058594 -0.00215148925781249 0.0545234680175781 0.0474586486816406
-0.130043029785156 -0.033294677734375 0.0149784088134766 0.0196876525878906
-0.1138916015625 -0.0808792114257813 -0.0195770263671875 0.0442352294921875
-0.100883483886719 -0.0690460205078125 -0.0534133911132813 -0.00784301757812501
-0.12835693359375 -0.0249710083007812 -0.0857696533203125 -0.00522613525390624
-0.10107421875 0.015167236328125 -0.0843429565429687 0.0218048095703125
-0.0832595825195312 0.0480880737304688 -0.0660629272460938 0.0299491882324219
-0.044525146484375 0.0718002319335938 -0.0366363525390625 0.0374603271484375
-0.00823974609374999 0.0795364379882813 -0.01214599609375 0.0291728973388672
-0.0020599365234375 0.0824050903320313 -0.00468158721923828 0.0120315551757813
0.0113601684570313 0.08258056640625 0.00691986083984375 -0.00499439239501953
-0.0155410766601562 0.077728271484375 0.0221023559570312 -0.0234146118164062
-0.0431060791015625 0.080810546875 0.0446052551269531 -0.0264968872070312
-0.06854248046875 0.0702323913574219 0.0729751586914063 -0.0021514892578125
-0.121749877929688 0.0180587768554688 0.0616378784179688 0.0438575744628906
-0.11688232421875 -0.0236053466796875 0.0266952514648437 0.0515022277832031
-0.127799987792969 -0.0604782104492187 -0.0256729125976563 0.00470161437988281
-0.100135803222656 -0.0853424072265625 -0.0578575134277344 0.0188865661621094
-0.10162353515625 -0.0726242065429687 -0.0826416015625 -0.0174636840820313
-0.1319580078125 -0.0215530395507813 -0.0909194946289063 -0.0108718872070313
-0.100944519042969 0.022735595703125 -0.0785446166992188 0.011474609375
-0.0787277221679688 0.0554122924804687 -0.0550613403320313 0.0104255676269531
-0.0400161743164062 0.0735321044921875 -0.0302600860595703 0.00775337219238282
-0.00775909423828124 0.0776443481445313 -0.0177955627441406 -0.00206375122070312
-0.00600433349609375 0.0804595947265625 -0.0108890533447266 -0.0149879455566406
0.00331878662109376 0.0810165405273438 0.00188827514648437 -0.0319900512695312
-0.026123046875 0.0708770751953125 0.0246162414550781 -0.0485191345214844
-0.053375244140625 0.0677719116210938 0.0501441955566406 -0.0405311584472656
-0.0760879516601563 0.0523529052734375 0.0708541870117187 -0.0067901611328125
-0.119331359863281 -0.00414276123046873 0.0509033203125 0.0397796630859375
-0.108940124511719 -0.0453643798828125 0.00224685668945311 0.0461540222167969
-0.108909606933594 -0.0783615112304688 -0.0600929260253906 -0.0174903869628906
-0.0683135986328125 -0.077392578125 -0.087799072265625 -0.00308227539062502
-0.0799484252929687 -0.0650482177734375 -0.104537963867187 -0.0231475830078125
-0.107620239257812 -0.01922607421875 -0.08984375 -0.0150985717773437
-0.0795669555664062 0.0205841064453125 -0.0721435546875 -0.00128173828125001
-0.0610313415527344 0.0450820922851563 -0.045501708984375 -0.00796127319335937
-0.0308456420898437 0.0599098205566406 -0.0282554626464844 -0.0196666717529297
-0.00776672363281251 0.0622749328613281 -0.0245075225830078 -0.0292129516601563
-0.00819015502929688 0.0656013488769531 -0.0140266418457031 -0.0389137268066406
-0.00434494018554687 0.0673294067382813 0.00130081176757812 -0.0575828552246094
-0.0306472778320313 0.0550270080566406 0.032745361328125 -0.0685958862304688
-0.0529594421386719 0.0479507446289062 0.0592193603515625 -0.0510330200195313
-0.07049560546875 0.0323104858398437 0.0700759887695313 -0.0110549926757813
-0.101951599121094 -0.0214080810546875 0.04205322265625 0.0309829711914063
-0.0861663818359375 -0.0596847534179688 -0.0173168182373047 0.0310134887695313
-0.0740203857421875 -0.0848388671875 -0.0822830200195313 -0.0459136962890625
-0.0236358642578125 -0.0597610473632813 -0.103355407714844 -0.016876220703125
-0.043060302734375 -0.050445556640625 -0.114395141601563 -0.0238113403320312
-0.0637664794921875 -0.0182609558105469 -0.0845718383789062 -0.0209732055664063
-0.0451583862304688 0.00836181640624999 -0.0676040649414063 -0.0124168395996094
-0.0365219116210938 0.0212821960449219 -0.0406417846679688 -0.0207405090332031
-0.0214576721191406 0.0333347320556641 -0.0291366577148438 -0.0367507934570312
-0.00916290283203125 0.0367279052734375 -0.0297622680664062 -0.04718017578125
-0.00866699218750001 0.0412521362304688 -0.0161018371582031 -0.0558929443359375
-0.00698089599609375 0.0449638366699219 0.00431060791015625 -0.0766448974609375
-0.0236587524414063 0.0351638793945313 0.0431747436523437 -0.0823440551757812
-0.0391883850097656 0.0294837951660156 0.0691299438476562 -0.0558891296386719
-0.0507850646972656 0.0175971984863281 0.06964111328125 -0.0155296325683594
-0.0732803344726563 -0.025360107421875 0.0376701354980469 0.01837158203125
-0.0550308227539063 -0.0583267211914062 -0.025604248046875 0.0106372833251953
-0.0317916870117188 -0.075439453125 -0.0907516479492188 -0.0734939575195313
-0.0105400085449219 0.0391502380371094 0.0922393798828125 0.0795440673828125
0.0241031646728516 0.0292301177978516 0.0341472625732422 0.0105800628662109
0.0349922180175781 0.00716400146484375 -0.0387115478515625 -0.00725936889648437
0.0217514038085938 -0.0139255523681641 -0.0730209350585938 0.0159149169921875
0.0127639770507813 -0.0157938003540039 -0.0802383422851563 0.0496368408203125
0.00744247436523438 -0.0132770538330078 -0.054443359375 0.09417724609375
0.00916004180908203 -0.0101222991943359 -0.00276947021484375 0.0928268432617188
0.0122556686401367 -0.009735107421875 0.0178680419921875 0.0704574584960938
0.0142087936401367 -0.00735855102539062 0.0320854187011719 0.0533218383789063
0.0136537551879883 0.0059356689453125 0.037200927734375 0.0467872619628906
0.0124883651733398 0.0114870071411133 0.0472068786621094 0.0262680053710938
0.0123682022094727 0.0141201019287109 0.0657386779785156 0.0213127136230469
0.00600433349609375 0.026031494140625 0.0830078125 0.0355377197265625
-0.00562667846679688 0.0368309020996094 0.108001708984375 0.0257720947265625
-0.0228996276855469 0.0425682067871094 0.104736328125 0.0287551879882813
-0.05023193359375 0.00571823120117187 0.07928466796875 0.08660888671875
-0.0114507675170898 0.00272655487060547 0.0230140686035156 0.0178279876708984
-0.00706243515014649 -0.0050058364868164 -0.0473594665527344 0.000572204589843746
-0.0117635726928711 -0.0132694244384766 -0.0758895874023438 0.0223846435546875
-0.0174016952514648 -0.00369739532470703 -0.0823440551757813 0.049774169921875
-0.0114231109619141 0.01007080078125 -0.0564727783203125 0.0916366577148438
0.00368499755859375 0.0187225341796875 -0.00363159179687499 0.0916366577148438
0.0103912353515625 0.0216293334960938 0.0155105590820312 0.0682296752929688
0.0184650421142578 0.0242080688476563 0.0310516357421875 0.0500373840332031
0.00951766967773437 0.0355453491210938 0.0367851257324219 0.0393524169921875
-0.00304031372070313 0.0433006286621094 0.0477638244628906 0.0194244384765625
-0.0150833129882813 0.0417556762695313 0.0703811645507813 0.0190353393554688
-0.0416259765625 0.03173828125 0.079254150390625 0.0409469604492188
-0.0499343872070313 0.0257034301757812 0.0964508056640625 0.0312118530273438
-0.0704193115234375 0.0196456909179687 0.0868682861328125 0.0301895141601563
-0.0844879150390625 -0.0299148559570313 0.0524978637695312 0.0822830200195313
-0.0478630065917969 -0.0264472961425781 0.0037078857421875 0.0146141052246094
-0.0536537170410156 -0.0167083740234375 -0.0601844787597656 0.00144958496093749
-0.0472412109375 -0.00814819335937499 -0.0800399780273438 0.0270156860351562
-0.0470123291015625 0.0127372741699219 -0.0803146362304688 0.0487213134765625
-0.0291652679443359 0.0346565246582031 -0.0511245727539062 0.0820465087890625
-0.00109100341796875 0.0461082458496094 -0.0049896240234375 0.0798110961914063
0.00723648071289063 0.0495872497558594 0.0101242065429688 0.0561408996582031
0.0211448669433594 0.0512924194335938 0.0247955322265625 0.0382308959960937
0.004638671875 0.0585098266601563 0.032257080078125 0.0234088897705078
-0.0157279968261719 0.0676918029785156 0.0457992553710938 0.006866455078125
-0.0361671447753906 0.063873291015625 0.0728759765625 0.0123367309570313
-0.0796279907226563 0.0363998413085937 0.0757293701171875 0.0438766479492188
-0.0854415893554688 0.0143966674804687 0.0776138305664063 0.03900146484375
-0.107284545898438 -0.00594329833984375 0.0547599792480469 0.0284767150878906
-0.107650756835938 -0.0589447021484375 0.0197830200195312 0.0643577575683594
-0.0811309814453125 -0.0513916015625 -0.0218086242675781 0.00362777709960937
-0.0975799560546875 -0.021820068359375 -0.0734176635742188 -0.00143432617187499
-0.07940673828125 0.0031890869140625 -0.0830917358398437 0.0270004272460938
-0.0703811645507813 0.0325469970703125 -0.0737533569335937 0.0426559448242187
-0.0407218933105469 0.0560340881347656 -0.0434989929199219 0.0629806518554688
-0.00565338134765625 0.067230224609375 -0.00765609741210937 0.05682373046875
0.00420379638671875 0.0707626342773438 0.00299072265625 0.035736083984375
0.0185165405273437 0.0709915161132813 0.016204833984375 0.0184459686279297
-0.003692626953125 0.0729446411132813 0.0257701873779297 0.00147628784179688
-0.0280227661132812 0.08062744140625 0.0442695617675781 -0.0101089477539062
-0.0526351928710937 0.0736007690429688 0.0736312866210938 0.00423431396484375
-0.105880737304687 0.032928466796875 0.0697822570800781 0.0445098876953125
-0.107894897460938 -0.000862121582031227 0.0548934936523437 0.04595947265625
-0.127029418945313 -0.0309066772460938 0.0163078308105469 0.0203285217285156
-0.113067626953125 -0.0778121948242188 -0.0193748474121094 0.0405158996582031
-0.100631713867188 -0.065948486328125 -0.0518913269042969 -0.00856399536132813
-0.126129150390625 -0.0223312377929688 -0.0831069946289063 -0.00574493408203124
-0.099334716796875 0.0152587890625 -0.0813369750976563 0.0209426879882812
-0.080841064453125 0.048828125 -0.0643348693847656 0.0290565490722656
-0.0425872802734375 0.0712432861328125 -0.0353355407714844 0.0361824035644531
-0.0074462890625 0.078369140625 -0.0119647979736328 0.0278835296630859
-0.000328063964843754 0.0807037353515625 -0.00385856628417969 0.0107479095458984
0.0125350952148438 0.080596923828125 0.00772953033447266 -0.00562047958374023
-0.0147857666015625 0.076629638671875 0.0218524932861328 -0.0233306884765625
-0.041290283203125 0.080047607421875 0.0444679260253906 -0.02716064453125
-0.0667152404785156 0.0690231323242188 0.0724258422851563 -0.00360107421875
-0.118682861328125 0.0200958251953125 0.0625877380371093 0.0424919128417969
-0.115371704101563 -0.0219039916992188 0.0278549194335938 0.0500373840332031
-0.125869750976563 -0.0565109252929688 -0.0234107971191406 0.00557708740234375
-0.100189208984375 -0.0820465087890625 -0.0566177368164063 0.0166168212890625
-0.100906372070313 -0.0687942504882812 -0.0799331665039063 -0.01788330078125
-0.1292724609375 -0.0189666748046875 -0.0881118774414063 -0.0110397338867187
-0.0981979370117188 0.023406982421875 -0.0758895874023437 0.010467529296875
-0.0756912231445313 0.0551986694335937 -0.0537300109863281 0.00973892211914064
-0.0382919311523437 0.07257080078125 -0.0301856994628906 0.00685501098632813
-0.006866455078125 0.0764083862304688 -0.0179920196533203 -0.00199127197265624
-0.00366210937499999 0.07855224609375 -0.0100975036621094 -0.0151090621948242
0.00470733642578126 0.0783920288085938 0.00199317932128907 -0.0315952301025391
-0.0254669189453125 0.0699195861816406 0.0236740112304687 -0.0480804443359375
-0.0515403747558594 0.0665969848632813 0.0490036010742187 -0.0412445068359375
-0.0734176635742188 0.0516510009765625 0.0704879760742188 -0.0082855224609375
-0.116470336914063 -0.00168609619140625 0.0514183044433594 0.0390586853027344
-0.10693359375 -0.0432281494140625 0.00335693359374999 0.0450706481933594
-0.107841491699219 -0.0745468139648438 -0.0570945739746094 -0.0164566040039063
-0.0690383911132813 -0.0740203857421875 -0.0857620239257812 -0.00432586669921874
-0.0792465209960937 -0.0609207153320313 -0.102119445800781 -0.0230255126953125
-0.104812622070313 -0.01617431640625 -0.0874710083007812 -0.0146102905273438
-0.0771102905273437 0.02069091796875 -0.0696830749511719 -0.00150299072265623
-0.058013916015625 0.0445594787597656 -0.0446205139160156 -0.00801467895507813
-0.0291061401367188 0.059051513671875 -0.0287055969238281 -0.0196323394775391
-0.00680160522460938 0.0609855651855469 -0.0250720977783203 -0.0282268524169922
-0.00650024414062501 0.0641746520996094 -0.0140228271484375 -0.0379104614257812
-0.00320053100585937 0.0655174255371094 0.000907897949218748 -0.056304931640625
-0.0289993286132812 0.0545005798339844 0.0309028625488281 -0.0675582885742187
-0.0510139465332031 0.0478248596191406 0.0580291748046875 -0.0510406494140625
-0.0679054260253906 0.0316696166992188 0.0690269470214844 -0.012298583984375
-0.0994491577148437 -0.019256591796875 0.0427055358886719 0.03009033203125
-0.0845184326171875 -0.056060791015625 -0.0153083801269531 0.0308475494384766
-0.0733871459960938 -0.0810165405273437 -0.0793685913085938 -0.0432510375976563
-0.0240364074707031 -0.0574684143066406 -0.101898193359375 -0.017303466796875
-0.0430755615234375 -0.0474319458007813 -0.111968994140625 -0.0230255126953125
-0.0617179870605469 -0.0157966613769531 -0.08282470703125 -0.020172119140625
-0.0434455871582031 0.00848388671874999 -0.0659103393554688 -0.0125236511230469
-0.0346794128417969 0.0218925476074219 -0.0398330688476563 -0.0206947326660156
-0.019989013671875 0.0328922271728516 -0.0299606323242187 -0.0363578796386719
-0.00899887084960938 0.0352325439453125 -0.030609130859375 -0.0458908081054688
-0.00788116455078126 0.0399589538574219 -0.015960693359375 -0.0546989440917969
-0.00647735595703125 0.0431060791015625 0.00316619873046875 -0.0747756958007813
-0.0227870941162109 0.0338172912597656 0.041107177734375 -0.0811920166015625
-0.0377235412597656 0.0288543701171875 0.0674209594726563 -0.0557289123535156
-0.0491104125976563 0.017364501953125 0.0684547424316406 -0.0162849426269531
-0.070526123046875 -0.0233688354492188 0.0382194519042969 0.0184783935546875
-0.0537796020507812 -0.0552330017089844 -0.0238628387451172 0.0111980438232422
-0.03240966796875 -0.0721511840820313 -0.0884323120117188 -0.0691070556640625
-0.0102043151855469 0.0375595092773438 0.0913772583007813 0.0774383544921875
0.0236606597900391 0.0279808044433594 0.0337963104248047 0.00945091247558594
0.0343971252441406 0.00592422485351563 -0.0392646789550781 -0.00809097290039062
0.0208053588867188 -0.0134086608886719 -0.0731277465820313 0.0156326293945313
0.0120811462402344 -0.0156192779541016 -0.0807037353515625 0.0505447387695313
0.00741004943847656 -0.012516975402832 -0.0536422729492187 0.0949020385742188
0.00918388366699219 -0.0099945068359375 -0.00160980224609375 0.0920562744140625
0.0119895935058594 -0.00928688049316406 0.0182533264160156 0.0690193176269531
0.0142993927001953 -0.00649356842041016 0.0325202941894531 0.0528182983398438
0.0142393112182617 0.00667381286621094 0.038421630859375 0.0467796325683594
0.0123605728149414 0.0122060775756836 0.04730224609375 0.0263214111328125
0.0118961334228516 0.014216423034668 0.0659103393554688 0.0212974548339844
0.005218505859375 0.0250015258789063 0.0831069946289063 0.03570556640625
-0.00595855712890625 0.0357589721679687 0.107635498046875 0.0255813598632813
-0.0216293334960938 0.041534423828125 0.105194091796875 0.0291900634765625
-0.0505905151367188 0.00420379638671875 0.0785064697265625 0.0840301513671875
-0.0122089385986328 0.00160408020019531 0.0230197906494141 0.0164051055908203
-0.00814390182495117 -0.00549077987670899 -0.0471267700195312 -0.000133514404296874
-0.0125761032104492 -0.0126152038574219 -0.07598876953125 0.0216064453125
-0.0182952880859375 -0.00314140319824219 -0.0828857421875 0.0501022338867187
-0.0117635726928711 0.0108909606933594 -0.0558242797851563 0.09210205078125
0.00389289855957031 0.0196437835693359 -0.003265380859375 0.0909194946289062
0.0108757019042969 0.0218944549560547 0.0158271789550781 0.0666618347167969
0.0188388824462891 0.0244636535644531 0.031951904296875 0.0494804382324219
0.0096893310546875 0.0361328125 0.0379104614257813 0.0394477844238281
-0.00317001342773437 0.0434837341308594 0.0483589172363281 0.0192909240722656
-0.01568603515625 0.0414161682128906 0.0708084106445313 0.0187835693359375
-0.0419082641601563 0.0315666198730469 0.0803070068359375 0.040771484375
-0.0494842529296875 0.0245819091796875 0.0969467163085938 0.0301971435546875
-0.0692787170410156 0.0191192626953125 0.0879058837890625 0.0307846069335938
-0.0846786499023438 -0.03057861328125 0.052032470703125 0.0793075561523438
-0.048492431640625 -0.0268478393554688 0.00352096557617187 0.0128669738769531
-0.0545082092285156 -0.0164108276367187 -0.0597152709960937 0.000385284423828132
-0.0481491088867188 -0.00752258300781249 -0.0798110961914063 0.0265426635742188
-0.047760009765625 0.0137786865234375 -0.080474853515625 0.0488357543945313
-0.0293922424316406 0.0351982116699219 -0.0504150390625 0.0822296142578125
-0.0006866455078125 0.0471305847167969 -0.00451660156249999 0.0788955688476563
0.00753402709960937 0.0500717163085938 0.0107917785644531 0.0542373657226563
0.0211944580078125 0.0516014099121094 0.02587890625 0.036773681640625
0.00487518310546875 0.058929443359375 0.0328254699707031 0.0231552124023438
-0.0150299072265625 0.0677947998046875 0.0471305847167969 0.00604248046875
-0.0366058349609375 0.0635299682617188 0.0736312866210938 0.0115203857421875
-0.0793304443359375 0.0368804931640625 0.0767822265625 0.0429763793945312
-0.0852508544921875 0.0140838623046875 0.0779495239257813 0.0379867553710938
-0.106857299804687 -0.00588226318359376 0.0562858581542969 0.0287704467773437
-0.107612609863281 -0.0593032836914062 0.0188522338867188 0.0618209838867188
-0.0814208984375 -0.0509262084960937 -0.0214481353759766 0.00159645080566406
-0.0979080200195313 -0.0213851928710937 -0.0720291137695313 -0.00235748291015625
-0.0805282592773438 0.00318145751953124 -0.0823593139648438 0.0258026123046875
-0.0704116821289063 0.0333251953125 -0.0737228393554687 0.04248046875
-0.0402145385742187 0.0568161010742187 -0.0428009033203125 0.0625343322753906
-0.00457382202148438 0.0679244995117188 -0.00743484497070313 0.056365966796875
0.00518035888671876 0.0709457397460938 0.00367927551269531 0.0346698760986328
0.0194091796875 0.07086181640625 0.0166501998901367 0.0173797607421875
-0.00344085693359375 0.07305908203125 0.0267238616943359 0.00113105773925782
-0.0271530151367188 0.0811309814453125 0.045501708984375 -0.0102462768554687
-0.0530853271484375 0.073974609375 0.0744705200195313 0.00312042236328125
-0.105537414550781 0.034027099609375 0.0716476440429688 0.0440826416015625
-0.10791015625 -0.00112915039062502 0.0561714172363281 0.0450782775878906
-0.126487731933594 -0.0303192138671875 0.0174808502197266 0.02081298828125
-0.11395263671875 -0.0767745971679688 -0.018951416015625 0.0378189086914062
-0.101272583007812 -0.06500244140625 -0.0511322021484375 -0.010406494140625
-0.125946044921875 -0.0206832885742188 -0.0821151733398438 -0.00667572021484376
-0.0992965698242188 0.0159530639648437 -0.0806045532226563 0.0198287963867188
-0.08001708984375 0.0499191284179687 -0.0642890930175781 0.0286750793457031
-0.0421524047851562 0.07183837890625 -0.0355262756347656 0.0352554321289063
-0.0060272216796875 0.078826904296875 -0.0118770599365234 0.0274486541748047
0.00135040283203125 0.0804595947265625 -0.00364017486572266 0.0100879669189453
0.0132675170898438 0.0800399780273438 0.00807952880859375 -0.00667047500610351
-0.0147018432617187 0.0770492553710938 0.0220699310302734 -0.0236911773681641
-0.0403518676757812 0.0803909301757813 0.0447807312011719 -0.0278091430664062
-0.0662193298339844 0.0695343017578125 0.0724258422851563 -0.00495147705078125
-0.117950439453125 0.0215225219726562 0.0641708374023437 0.0422096252441406
-0.115547180175781 -0.0212554931640625 0.0295372009277344 0.0497856140136719
-0.125808715820313 -0.0560379028320313 -0.0217952728271484 0.006072998046875
-0.101150512695313 -0.0809097290039063 -0.0560531616210938 0.0140533447265625
-0.101455688476563 -0.0673828125 -0.07977294921875 -0.0195236206054688
-0.128349304199219 -0.0171279907226562 -0.08721923828125 -0.0118789672851562
-0.0973358154296875 0.023468017578125 -0.0748825073242188 0.00974273681640627
-0.0746231079101563 0.056060791015625 -0.0534744262695313 0.00928115844726563
-0.0372543334960938 0.0729217529296875 -0.0304622650146484 0.00576972961425781
-0.00611114501953126 0.0766983032226563 -0.0183868408203125 -0.00271606445312499
-0.00249481201171874 0.0779571533203125 -0.00984764099121094 -0.0157814025878906
0.00519561767578125 0.07763671875 0.00249290466308594 -0.0327720642089844
-0.0252304077148438 0.0701866149902344 0.0234260559082031 -0.0478973388671875
-0.0510025024414062 0.0673065185546875 0.0492477416992188 -0.0418205261230469
-0.0731430053710938 0.0518112182617188 0.0704803466796875 -0.009857177734375
-0.116165161132813 -0.000289916992187521 0.0532493591308594 0.0386772155761719
-0.106536865234375 -0.041900634765625 0.00482940673828124 0.0450210571289062
-0.108024597167969 -0.072662353515625 -0.0559501647949219 -0.0153083801269531
-0.0693893432617188 -0.0723724365234375 -0.0856781005859375 -0.00589752197265625
-0.079833984375 -0.0592880249023438 -0.101425170898438 -0.0233612060546875
-0.104217529296875 -0.014129638671875 -0.0864334106445313 -0.0155410766601562
-0.0758438110351562 0.0207138061523437 -0.0689582824707031 -0.00163650512695313
-0.0574264526367187 0.04541015625 -0.0445175170898438 -0.00863265991210938
-0.0281486511230469 0.0585250854492187 -0.0289649963378906 -0.0208244323730469
-0.00591278076171876 0.0612220764160156 -0.0257587432861328 -0.0283107757568359
-0.00518798828125 0.0632286071777344 -0.0139236450195313 -0.0383453369140625
-0.00212478637695312 0.0640296936035156 0.000999450683593751 -0.0561332702636719
-0.0291328430175781 0.05438232421875 0.0311355590820312 -0.0676383972167969
-0.0506515502929688 0.0476493835449219 0.0579948425292969 -0.0517311096191406
-0.0676689147949219 0.0315475463867187 0.0697097778320312 -0.0131950378417969
-0.0984420776367188 -0.0177078247070312 0.0442428588867187 0.0305137634277344
-0.0844268798828125 -0.0550918579101563 -0.0136947631835938 0.0313644409179688
-0.073883056640625 -0.0791473388671875 -0.0775070190429688 -0.0418777465820313
-0.0248794555664062 -0.0559120178222656 -0.101821899414063 -0.0181121826171875
-0.0429153442382812 -0.0459251403808594 -0.111488342285156 -0.0232467651367188
-0.0606346130371094 -0.0140647888183594 -0.0824813842773438 -0.020751953125
-0.0426712036132812 0.00864028930664063 -0.0656509399414063 -0.012451171875
-0.0333957672119141 0.0218868255615234 -0.0396385192871094 -0.0209274291992188
-0.0189552307128906 0.032440185546875 -0.0303382873535156 -0.0366630554199219
-0.00830841064453125 0.0355987548828125 -0.0316200256347656 -0.0450668334960938
-0.00701141357421875 0.0387802124023438 -0.0156097412109375 -0.0543327331542969
-0.00530624389648438 0.0418472290039063 0.00287628173828125 -0.0741348266601562
-0.0226039886474609 0.0341358184814453 0.0404891967773438 -0.0804977416992187
-0.0372848510742188 0.0286865234375 0.0679817199707031 -0.0569686889648438
-0.0489120483398437 0.0164260864257813 0.0691413879394531 -0.0168914794921875
-0.0694351196289063 -0.0217628479003906 0.0393714904785156 0.0189857482910156
-0.0536308288574219 -0.0535392761230469 -0.0226535797119141 0.0118236541748047
-0.0324859619140625 -0.0704116821289063 -0.0871658325195313 -0.068084716796875
-0.0096893310546875 0.0365104675292969 0.0931472778320313 0.0752334594726563
0.0241680145263672 0.0264205932617187 0.0341567993164063 0.00778388977050782
0.0333366394042969 0.00548934936523438 -0.0407066345214844 -0.00774383544921874
0.0192031860351563 -0.0130195617675781 -0.074310302734375 0.0164566040039062
0.0107669830322266 -0.0153083801269531 -0.0813369750976562 0.0528793334960937
0.00681304931640625 -0.0126075744628906 -0.0522079467773437 0.0976333618164063
0.00873565673828125 -0.00960731506347656 0.000450134277343743 0.0925750732421875
0.0119256973266602 -0.0091695785522461 0.0196304321289062 0.0689773559570313
0.0139560699462891 -0.00628948211669922 0.0347213745117188 0.0526657104492187
0.0141096115112305 0.00699234008789063 0.04058837890625 0.0466957092285156
0.0121526718139648 0.0121326446533203 0.0486869812011719 0.0260772705078125
0.0113143920898438 0.0147466659545898 0.0671195983886719 0.0208320617675781
0.00508308410644531 0.0246486663818359 0.0845108032226563 0.0355300903320313
-0.00512313842773438 0.0352668762207031 0.109062194824219 0.0242233276367188
-0.0203361511230469 0.041015625 0.107131958007813 0.0292434692382813
-0.0514907836914063 0.00416183471679688 0.0801849365234375 0.0815582275390625
-0.0127468109130859 0.000772476196289065 0.0234127044677734 0.014923095703125
-0.00940704345703125 -0.00534629821777344 -0.0484886169433594 0.000259399414062491
-0.0146713256835938 -0.0115852355957031 -0.0766143798828125 0.0224151611328125
-0.01959228515625 -0.00207328796386719 -0.0835952758789062 0.0524978637695313
-0.0119857788085938 0.0116405487060547 -0.054473876953125 0.094329833984375
0.00467300415039062 0.0200366973876953 -0.00121307373046875 0.0912933349609375
0.0118293762207031 0.0225296020507813 0.017578125 0.0664024353027344
0.0197200775146484 0.024993896484375 0.0338516235351563 0.0486335754394531
0.0108604431152344 0.0366630554199219 0.0402450561523438 0.0389366149902344
-0.00193405151367187 0.0446281433105469 0.0502700805664063 0.0184478759765625
-0.0156211853027344 0.0429763793945313 0.072235107421875 0.0173568725585938
-0.0423202514648438 0.0327949523925781 0.0823822021484375 0.0406723022460937
-0.0499229431152344 0.0250244140625 0.0982437133789063 0.0282058715820313
-0.0692481994628906 0.0193023681640625 0.0901565551757812 0.0302276611328125
-0.086761474609375 -0.0304107666015625 0.053802490234375 0.0767593383789063
-0.0503044128417969 -0.0270118713378906 0.00420093536376953 0.0111112594604492
-0.0562362670898437 -0.0155715942382812 -0.0597152709960937 0.000488281249999996
-0.049835205078125 -0.00663375854492186 -0.0804061889648438 0.02691650390625
-0.0486717224121094 0.0153999328613281 -0.08099365234375 0.0511398315429688
-0.0289573669433594 0.0370140075683594 -0.0494842529296875 0.0837936401367187
0.000316619873046872 0.0484809875488281 -0.00337219238281251 0.0786972045898438
0.00942611694335938 0.050933837890625 0.011993408203125 0.0542030334472656
0.0229911804199219 0.0521507263183594 0.0269813537597656 0.036102294921875
0.00584030151367188 0.0605010986328125 0.0348529815673828 0.0226764678955078
-0.0139656066894531 0.0698966979980469 0.0490074157714844 0.00542831420898438
-0.0364761352539063 0.0655860900878906 0.07513427734375 0.0099029541015625
-0.080169677734375 0.0390853881835938 0.0796356201171875 0.0426559448242188
-0.086334228515625 0.0157546997070312 0.0802841186523437 0.0369644165039062
-0.107666015625 -0.0048370361328125 0.0581741333007812 0.0287704467773437
-0.110885620117187 -0.057952880859375 0.0196685791015625 0.0590057373046875
-0.0844955444335938 -0.0501708984375 -0.0213146209716797 4.38690185546826E-05
-0.100334167480469 -0.0193023681640625 -0.0724029541015625 -0.00216674804687502
-0.0822982788085938 0.00508117675781249 -0.0822296142578125 0.0261993408203125
-0.070526123046875 0.0357513427734375 -0.0739517211914062 0.0442047119140625
-0.0402984619140625 0.0595779418945312 -0.0427169799804687 0.0631866455078125
-0.00350189208984375 0.0693168640136719 -0.00675201416015625 0.0566444396972656
0.00730895996093749 0.072174072265625 0.00438880920410156 0.0337352752685547
0.0212478637695313 0.071685791015625 0.0176944732666016 0.0165805816650391
-0.00225067138671875 0.0748291015625 0.02783203125 0.000543594360351567
-0.0261077880859375 0.08294677734375 0.0463714599609375 -0.0120429992675781
-0.052825927734375 0.0759735107421875 0.0758819580078125 0.000663757324218755
-0.105941772460937 0.0370330810546875 0.0748443603515625 0.0434799194335937
-0.109817504882813 0.00107574462890624 0.0582847595214844 0.04461669921875
-0.128524780273437 -0.0287246704101563 0.0194892883300781 0.0214481353759766
-0.117050170898438 -0.0752410888671875 -0.0193519592285156 0.0364189147949219
-0.104148864746094 -0.063079833984375 -0.0514717102050781 -0.0118141174316406
-0.128044128417969 -0.0172576904296875 -0.0823974609375 -0.0068817138671875
-0.100677490234375 0.0177764892578125 -0.0804214477539063 0.0197677612304687
-0.0799713134765625 0.0526657104492188 -0.0643768310546875 0.0297584533691406
-0.0416259765625 0.0740432739257812 -0.0354423522949219 0.0355453491210938
-0.00450897216796876 0.0806884765625 -0.0117530822753906 0.0272884368896484
0.00315856933593751 0.0821990966796875 -0.00334072113037109 0.0089864730834961
0.015777587890625 0.0808486938476563 0.00805759429931641 -0.00763225555419921
-0.0133132934570313 0.0783462524414062 0.0225830078125 -0.0240726470947266
-0.0391616821289062 0.08306884765625 0.0461616516113281 -0.0292739868164062
-0.0664215087890625 0.0718231201171875 0.0741348266601563 -0.0073089599609375
-0.119598388671875 0.0245513916015625 0.0675811767578125 0.0410881042480469
-0.117561340332031 -0.0193634033203125 0.0314521789550781 0.049163818359375
-0.128555297851563 -0.054107666015625 -0.0201892852783203 0.00745010375976562
-0.104248046875 -0.0790176391601563 -0.0570335388183594 0.01300048828125
-0.104072570800781 -0.065093994140625 -0.0807113647460938 -0.0196990966796875
-0.129745483398438 -0.0133209228515625 -0.0872573852539063 -0.01239013671875
-0.0988006591796875 0.0257949829101562 -0.0757064819335938 0.010162353515625
-0.0737838745117188 0.0582504272460938 -0.0537834167480469 0.00991821289062499
-0.0360260009765625 0.074371337890625 -0.0315494537353516 0.00539016723632814
-0.0037841796875 0.077972412109375 -0.0191307067871094 -0.00240516662597656
-0.000602722167968756 0.0789947509765625 -0.00979423522949219 -0.0164031982421875
0.00743865966796876 0.0783004760742188 0.00126838684082031 -0.0336952209472656
-0.0240936279296875 0.0712966918945313 0.0234298706054687 -0.0486984252929687
-0.0502891540527344 0.0691184997558594 0.0496902465820313 -0.04376220703125
-0.0737075805664062 0.0539703369140625 0.0719375610351563 -0.012115478515625
-0.117080688476563 0.00315856933593751 0.0566902160644531 0.0382537841796875
-0.108917236328125 -0.0401611328125 0.00719070434570312 0.0456428527832031
-0.110847473144531 -0.0708389282226563 -0.0551681518554688 -0.0135879516601563
-0.07281494140625 -0.0711898803710937 -0.0874862670898438 -0.00638580322265626
-0.0820236206054688 -0.0570755004882812 -0.103225708007813 -0.0234375
-0.104446411132813 -0.0111618041992188 -0.0878524780273438 -0.0160903930664063
-0.0763931274414062 0.022491455078125 -0.069610595703125 -0.00189971923828125
-0.0556259155273438 0.046539306640625 -0.0445709228515625 -0.00835418701171874
-0.0271186828613281 0.0593109130859375 -0.0309791564941406 -0.0212726593017578
-0.00454330444335937 0.0623130798339844 -0.0267181396484375 -0.0279140472412109
-0.00397491455078125 0.0639610290527344 -0.0144195556640625 -0.0390167236328125
-0.000926971435546878 0.0645027160644531 0.000648498535156244 -0.0571517944335938
-0.0286331176757813 0.0555992126464844 0.0301933288574219 -0.0686836242675781
-0.0505943298339844 0.0495567321777344 0.0585670471191406 -0.0546417236328125
-0.0682373046875 0.0329246520996094 0.0708694458007813 -0.0156707763671875
-0.0994873046875 -0.0160446166992188 0.046478271484375 0.030181884765625
-0.0862045288085938 -0.0533828735351563 -0.0117931365966797 0.0321922302246094
-0.076446533203125 -0.0778045654296875 -0.0776290893554688 -0.0400543212890625
-0.026885986328125 -0.0551528930664063 -0.103736877441406 -0.0177993774414063
-0.0442924499511719 -0.0435218811035156 -0.113113403320313 -0.0223617553710938
-0.0609054565429688 -0.0121078491210937 -0.0840530395507813 -0.0204925537109375
-0.0425186157226563 0.00922393798828124 -0.0663871765136719 -0.0119857788085937
-0.0323333740234375 0.0225811004638672 -0.0410575866699219 -0.0212326049804688
-0.018096923828125 0.0327930450439453 -0.0329551696777344 -0.0370368957519531
-0.00765609741210937 0.0361061096191406 -0.0333366394042969 -0.0450401306152344
-0.00646209716796875 0.0391845703125 -0.0169181823730469 -0.0547637939453125
-0.00497817993164062 0.0423088073730469 0.00196075439453126 -0.0749282836914063
-0.0224113464355469 0.0343818664550781 0.0394744873046875 -0.0821075439453125
-0.0371665954589844 0.0289955139160156 0.067718505859375 -0.0596504211425781
-0.0488624572753906 0.0168838500976563 0.0699882507324219 -0.0187187194824219
-0.0697822570800781 -0.0201187133789062 0.040985107421875 0.0192718505859375
-0.0544471740722656 -0.0520210266113281 -0.0211887359619141 0.0126705169677734
-0.0341796875 -0.0693817138671875 -0.0877227783203125 -0.0662918090820312
0.0219767022048675 -0.0173898319308933 -0.0147907720103251 0.116585961883707
0.00234865080185171 -0.0346768315392468 0.00300958654196794 0.0357836814647933
-0.0107276274630725 -0.0307264849908251 -0.0193201626669542 -0.036189589945176
-0.0174083375988507 -0.0100986696802364 -0.0516634379827297 -0.0532049604712488
-0.0108054693848562 -0.00326664972778219 -0.0935965344197019 -0.0432004620129206
-0.00727178191500079 -0.0068614903065915 -0.109871903773078 -0.000771207305571236
-0.0132082581457028 -0.00866207650267724 -0.0876571523924404 0.0343454623700354
-0.0157955190559997 -0.00766685228574066 -0.0564527247797011 0.0532225837165834
-0.0144409687363091 -0.0135715690301612 -0.0357982624726352 0.0564022254047826
-0.00675075610488828 -0.0187430783695036 -0.0228509254979467 0.0579575560737711
-0.00104064419840292 -0.0193286951365134 -0.00286642236347226 0.0585068103235116
0.00252402418672195 -0.019696443228959 0.0111648366720997 0.0722293066322784
0.00819885957740158 -0.0245197871748863 0.0157484810257703 0.0883915967685145
0.0236624462709498 -0.0179537053743574 0.0311931350396032 0.10233724530613
0.0349801567267347 -0.00454817685966947 0.0428241833296953 0.0959588110918495
0.0194654241682157 0.0322605986856591 -0.0196504980249292 0.106202003842767
0.00586926412628256 0.0108327696951487 0.000655409291427963 0.0267010521030884
0.0056887679694189 0.0111013329252408 -0.0225977518946758 -0.047321879484237
0.00749551021092065 0.0180387049636357 -0.0538753607667945 -0.0612673350623735
0.0214734356795669 0.00912777080426954 -0.0950483687690945 -0.0510959148604825
0.0241125835711483 -0.00737787299376644 -0.110134079023606 -0.00888978152980692
0.0162411509484536 -0.0207511228736253 -0.0890126831948623 0.0286062429706301
0.00729844674752195 -0.0273963553158229 -0.057095531657453 0.0475401457871537
0.00899794594560302 -0.0355361375107387 -0.0348936717281811 0.0513951096626503
0.0196808371716504 -0.0339204865152574 -0.0183958637546607 0.0497388372255564
0.0322381079767363 -0.030209611764016 0.00297608438470802 0.0510511430443621
0.0435401246772868 -0.0139438414738169 0.017313389702834 0.0682552906565145
0.047481436186786 0.000689747582755586 0.0132064471443082 0.0855129164070688
0.0428928204411661 0.0214536791398676 0.0278152484234033 0.0941943242970954
0.0432829956838201 0.0435943761618792 0.0372658521736335 0.085945702039768
0.0137377747139296 0.0793059160232134 -0.0226615675245243 0.0784854480206493
0.00950131641894684 0.0580745177475876 0.0041103948699505 0.0041795511778019
0.0267357591893191 0.0552524840323428 -0.0217621827406616 -0.0677442230415548
0.0368591972831477 0.0453332635458809 -0.0559697732116321 -0.072397265580909
0.0552303959801298 0.0180046101259416 -0.0937825308245423 -0.0539676140409526
0.0537515743561889 -0.00926737694635692 -0.100508908168137 -0.0136023018921842
0.043164564707181 -0.031068959048024 -0.0799604874767103 0.0179061081112217
0.0296418729721424 -0.0433390091209242 -0.0503498019248079 0.0354848437543709
0.0304462618674118 -0.0534893958416636 -0.027092802010246 0.0374781291814212
0.0418127519491079 -0.0446137365941558 -0.00811525693814426 0.0349515532113045
0.0587114575110412 -0.0380910530681076 0.0140854358386931 0.039401033461836
0.0750078975941926 -0.0100466012511113 0.0264039699399892 0.0626292212659192
0.0790452264504013 0.0209052116170315 0.0124009772996903 0.0811757996956105
0.0580495383991355 0.0545149057440312 0.0160662730320742 0.0824447259114643
0.0455296611686535 0.0848013539006119 0.0237054993572923 0.0635429716386629
0.0083847147063675 0.1144441461161 -0.0203569546488023 0.0396888378566332
0.0153043253209322 0.100908098112441 0.00980637127758414 -0.0270399547724495
0.0508253889289976 0.0935093204519675 -0.0198998371102667 -0.0903317347231363
0.0694579425707648 0.0640995230918033 -0.0549398678649979 -0.0835305471527595
0.0854841346055634 0.0199836874734007 -0.0856902027324741 -0.0559268102788227
0.0763431714356446 -0.0129607703367333 -0.081502467902561 -0.0198053073398979
0.0646488636988077 -0.0378059247971484 -0.0616804744817271 0.0038783446318936
0.0466216155260171 -0.0539794167718005 -0.0361254244183823 0.0172721966089254
0.0483742862324678 -0.0618345843405086 -0.014351063949021 0.0187527687699043
0.0593456280767448 -0.0462902321978487 0.00687194777543368 0.01549009182092
0.076623513537633 -0.0373168891581457 0.0293180418327659 0.0261550666662601
0.0943078739877503 -0.00156269566376345 0.0360092556348814 0.0548716347299209
0.0967485859066776 0.0397296204522651 0.0112169707999535 0.0758930965384768
0.062968283384847 0.0800471823729296 0.00164915828675197 0.0675497775602693
0.0399960625684918 0.112700226633764 0.00860545122770264 0.0315458432200758
0.00388446958674666 0.130648631431785 -0.0199462547672213 -0.00657769742789638
0.0208302360876332 0.125481981241375 0.0102073534662889 -0.0632911129178571
0.0691290202717688 0.115271950791561 -0.0175263279584547 -0.108936050187027
0.09342568373043 0.0721331581155174 -0.0491070415756499 -0.0918219749713809
0.103396025393642 0.0157256489969827 -0.0690382830553266 -0.0570180649036743
0.0877262481629853 -0.018470998267494 -0.0552480599098867 -0.0274663759471998
0.0748404046596109 -0.0411901684793556 -0.0373749000603097 -0.012778297379977
0.0571514408301592 -0.0554352663203712 -0.0165726334310073 -0.0024458520018893
0.059356530451152 -0.0602264611819983 0.00378585320548217 -0.00114334600458838
0.0699983295857786 -0.0388274714041305 0.0263437829077772 -0.00237912551565017
0.0849679844672365 -0.0263722128882851 0.0467214709353876 0.0158055263213113
0.0985372937707043 0.0131798658312506 0.0451724526851857 0.0485190394654992
0.098724186005851 0.0573614917396454 0.0109222494585292 0.0685174391615618
0.0536433216260364 0.097265587848063 -0.013926340073842 0.0488460704805478
0.022719066838223 0.125249788223559 -0.00407437598561662 -0.00448450282334314
-0.00147933042477444 0.12355603204827 -0.0224879067790784 -0.0500637859811294
0.0223188530116992 0.126011403461384 0.00372390118724289 -0.0940937079610853
0.0744338635082152 0.113750888928322 -0.0167526919965907 -0.117088684107004
0.0978801316617099 0.0650273774366339 -0.0401268219646376 -0.0921945725158166
0.101505937807028 0.00867019683401902 -0.0455304980713506 -0.0577758975776994
0.0831750684853387 -0.0196398350739134 -0.0268820102430291 -0.0364316198824756
0.0723832681824744 -0.0384756142671826 -0.0113403156559762 -0.0298407465579985
0.0581039589558268 -0.0493734132284633 0.00450376791490764 -0.0213726428221928
0.0617702447922417 -0.0495622455746847 0.0258008763256468 -0.0176081873916919
0.071818051016535 -0.0245347152740575 0.0489455474868927 -0.0135486139837205
0.0821103232956669 -0.00850435944484483 0.0647788843385549 0.0128667441813973
0.087746903098935 0.0308952521848057 0.0511754406743549 0.0462884709033389
0.0828484046458699 0.0721192998487441 0.0086657830460037 0.0594004774145908
0.0342533931068774 0.102955435986582 -0.0220929764865973 0.0281769603211169
0.00331893418274789 0.120857170234512 -0.0103830699483764 -0.0417775103241094
-0.00752539496360888 0.0955735336589638 -0.0270681210064389 -0.0828802869713819
0.0167893022343689 0.102012789171024 -0.0084274921328004 -0.114079485291932
0.0612197265924036 0.0914652670276958 -0.0171057953840077 -0.113204081381047
0.0791977415553575 0.0488432032022314 -0.0285928967313323 -0.0867406312665199
0.0794692339857387 0.00634602108265036 -0.0221350207414144 -0.0567832841826305
0.065060380969752 -0.0145567182248661 -0.00105065088280428 -0.0459572358083224
0.0593012297492013 -0.0272225662428947 0.0113191113920632 -0.0443452399904494
0.0491993283017348 -0.035175156765904 0.0253449924432039 -0.0361956832402653
0.0546541130263555 -0.0325007462644899 0.0485392084934027 -0.0292172817099433
0.0618528816875269 -0.00902036556579811 0.0712664635081041 -0.0160657769418716
0.0671368449398055 0.0056684484995663 0.0804916628272296 0.0174303878969716
0.0659777512478602 0.0392074575190404 0.0554345326077263 0.0466762843868771
0.0577037734113007 0.0740026334848149 0.00946356058665283 0.0499601110466244
0.0118203949793856 0.094394672663843 -0.0216798663752 0.00792526281370499
-0.0179381081165557 0.0987240528208704 -0.00714840065694223 -0.0741454815785018
-0.0172273774974807 0.0507297073589573 -0.032859422403381 -0.0983909107481027
0.00462217494324097 0.0623260597309125 -0.0212009007420165 -0.118837045168861
0.033758370907152 0.0558918739634166 -0.0152835593007728 -0.102564216923637
0.0430579823739016 0.0297671603612101 -0.0187175145585309 -0.07849225671374
0.0443351086189505 0.00776456697082022 -0.00513821888867398 -0.0555925574202946
0.0388458215464135 -0.00244425597092896 0.0156498750382797 -0.05187065236066
0.0379972475873302 -0.00964383409729047 0.0275336632994613 -0.0532719214515173
0.033499804598485 -0.0168597867989669 0.0416186389010533 -0.0446988472554231
0.0370256530775813 -0.0147991882207357 0.0673753976292999 -0.0332184188978141
0.0409677073730236 0.000851038627901623 0.0879299698676594 -0.0113107487719541
0.0429059985807604 0.00981280602650831 0.0901258411840246 0.0274683254132418
0.0400231403393803 0.0328597572033717 0.0566398762625194 0.048748695089403
0.0333589317894289 0.0580521656835224 0.0134649690527654 0.0414553190177481
-0.00525152190503371 0.0706320029274161 -0.0133629986696599 -0.00818412297234119
-0.0312565428599302 0.0629493738191099 0.00219938658363313 -0.0977499709409022
0.0203475866355954 -0.0175761627672874 -0.00803453338389786 0.115111931801809
0.000609408609614462 -0.0329412539793579 0.00642899141363144 0.0344399161419736
-0.0116805876245369 -0.0289297636970549 -0.0204824685114564 -0.0359686403393134
-0.0164642752228863 -0.00889973016728336 -0.0543304084650466 -0.0514090391077047
-0.00979565576450934 -0.00256139508925022 -0.0967314726034353 -0.0381314865757355
-0.00695993739535224 -0.00683431638909043 -0.109869453833142 0.00552001709715701
-0.0131184162300734 -0.00855888762782727 -0.0849812059559849 0.0382485252516708
-0.0156649985866615 -0.00677390742030742 -0.0530052312637454 0.0551452423993258
-0.0149953711839999 -0.0126161928666477 -0.0322662023902535 0.0579220599326934
-0.00761358362857 -0.0180470932647149 -0.0194168609938362 0.0595481710334775
-0.00179686172420663 -0.0192121161104461 -0.000164966306744162 0.0580008215265035
0.00232686176284751 -0.0194630059609014 0.0149665808430762 0.0712671541943426
0.00782647165075192 -0.0246247582987641 0.0192701559816824 0.0874773507561831
0.0218864272031257 -0.0185559563345079 0.0354022345001133 0.100372684396665
0.0333767445567081 -0.00590047981514572 0.0469739552808753 0.094971310020802
0.0202310464570694 0.0324338803232773 -0.0128218509401807 0.105030146436576
0.00663354231063179 0.0114429574764721 0.0031813721123675 0.025724036809997
0.00750536358989088 0.0112598995283932 -0.0242086671981766 -0.0467298370834412
0.00989020477940257 0.018084780262039 -0.0564025971911502 -0.0592985523811402
0.0232215527540515 0.00803501666668288 -0.0976451453685185 -0.0459885805487387
0.0246189343472718 -0.00934949861543243 -0.110269766646955 -0.00299836116815229
0.0153182890708677 -0.0222903982594115 -0.0865670562058524 0.0326305541789
0.00631027596212375 -0.0277447871776962 -0.0537368225775994 0.0496070728620571
0.00711874629023886 -0.0363209915057964 -0.0311660570037237 0.0531012098714789
0.0180500499225846 -0.0353867062993219 -0.0151241769342439 0.051137631319108
0.0308755195061905 -0.0322612482343701 0.00601309756915944 0.0513931342559499
0.0432978394186191 -0.0155275069260489 0.021594546526042 0.0669943386478667
0.0472936628001258 -0.00121736636051531 0.0177548177585145 0.0852045507876983
0.043933232520217 0.0200222948358516 0.0325698309885666 0.092303037195784
0.044777065769318 0.0414584765151938 0.0410903284184589 0.0853051770283085
0.0181063538904374 0.0789571194565598 -0.0172025659447531 0.0769672260619549
0.0119643086304985 0.0593880296142808 0.00571378706469757 0.00313399428942565
0.0300849103102444 0.054080606120735 -0.0241361500459836 -0.0663458972542627
0.0407259893571961 0.0441601624630213 -0.0580810844687908 -0.0701115965373239
0.0569061038915615 0.0151793443796286 -0.0964828657774822 -0.0492736309663678
0.0537416485674966 -0.0123097251866586 -0.100535323531921 -0.00843168020337393
0.0415683005039728 -0.0335284116685308 -0.0780479309710031 0.0219463965085369
0.0270813920059439 -0.0447288775582313 -0.0470185639192648 0.0367304275535872
0.0273576031711038 -0.0551753648515694 -0.0244228992980681 0.0391371043764839
0.0393441547187768 -0.0470640422194346 -0.00566692573290232 0.0355152255837448
0.0566018171195955 -0.0415927816568028 0.0164119158995287 0.0389810302772228
0.0751592344131188 -0.0136837598334431 0.0299716660547734 0.0607983698219967
0.0799305211675499 0.0170354368925818 0.0168872213198569 0.0812809081403899
0.0601742777033323 0.052129082628145 0.0204280528783134 0.0811616356647411
0.0491100764055255 0.0827577248326077 0.0265885544423558 0.0633479130785893
0.0146945960640595 0.114659998882179 -0.0168387336311259 0.0386992909332627
0.0203718705510978 0.100212236705301 0.00942298904353075 -0.0286362458480594
0.0561335068837824 0.0905062499014169 -0.0227332212780651 -0.0892122897351041
0.0737514831540845 0.0614656327067212 -0.0573560627661001 -0.0817054336896787
0.0870425823711324 0.0147293930701692 -0.087902917469821 -0.0515071617263322
0.0761891142485338 -0.0168908266535515 -0.0817323745191519 -0.016322926355376
0.062438812551494 -0.041594337524975 -0.0607228067515522 0.00700958301659559
0.0430850627439303 -0.0566088093010598 -0.034366854268845 0.0188510902644779
0.0442534056717098 -0.06405609877975 -0.0126055608710843 0.0192156963817827
0.056987425474791 -0.049827478921483 0.00807407435932263 0.0153349759645986
0.0742630838614488 -0.0421113539658471 0.0313262223301136 0.0250690792177918
0.0945996962152938 -0.00660742572099671 0.0395888113394625 0.0530253483788122
0.0990175627261645 0.0342416458963174 0.0161184460943402 0.0759087804834217
0.0668452076958185 0.0769382859300222 0.00618497108258517 0.0675519488011683
0.0458733861401018 0.110531457467772 0.0106327892645713 0.0323402379763542
0.0111184156512451 0.130357518720906 -0.0190200977132388 -0.00745493062157606
0.0272298152853861 0.123966189708438 0.00825732820798715 -0.0642270829117896
0.0752210731481378 0.110463597473305 -0.0222202574642192 -0.107489100756527
0.0972840921904728 0.0671545600644714 -0.0522758564112304 -0.0891313663768377
0.103234556534709 0.00987213301097194 -0.0710448543445607 -0.0530656276201857
0.0863450398886654 -0.0230719433804509 -0.0563116780742424 -0.0251009941326558
0.0723969559644311 -0.0453452354557335 -0.037470523111743 -0.0110550775797505
0.053007257937653 -0.0582954294628326 -0.016123091370087 -0.0019640937092086
0.055496915098958 -0.0628130472990538 0.00449231899956611 -0.00174992214960967
0.0681970248205916 -0.0423546621112218 0.0266044369119095 -0.00309318936648815
0.0833386257959175 -0.0310075595379528 0.0484490915917976 0.0137260553917111
0.0996631252513022 0.00807125402144592 0.0489518335272441 0.0458006532013823
0.101259866633432 0.0517474400398732 0.0155611314998063 0.0687932223859506
0.0587472254373379 0.0943838383353231 -0.0101579642288027 0.0497467386148491
0.0298121462129409 0.124145797771367 -0.00380760773729577 -0.0031875940086518
0.00682419272930272 0.123957486702874 -0.0239789672197011 -0.0508424654125584
0.0294451641167717 0.123812189556162 0.000200579148923697 -0.0946998584989991
0.0803295001827503 0.108699312891255 -0.0214282632438552 -0.11572014433357
0.100732960530434 0.0598709420172473 -0.0425037825020152 -0.0901182698574082
0.10136169849994 0.00278644400720032 -0.0478165161049732 -0.0556450686214589
0.0820243154341239 -0.0238108043333038 -0.028351210273908 -0.0358982618282309
0.0702116715588116 -0.0427585615424227 -0.0132781475072097 -0.0287352162591438
0.0543200612945793 -0.0525486408185641 0.00419700252514843 -0.021431620371759
0.0586879708482128 -0.0527033911737723 0.0249230505896919 -0.0195558250551578
0.0707255936397402 -0.0283533729979146 0.0487491350558148 -0.016014594758868
0.0811114375043893 -0.0131137845478463 0.0660293999669908 0.00894488535369369
0.0895591149287356 0.0266617382241459 0.054183415426567 0.0429547965127016
0.0864346670414506 0.0668297979254416 0.0123415361289334 0.0596910321545683
0.0400369336187956 0.100711077972086 -0.0193467930713215 0.0300496414763989
0.00989115031331815 0.120023661620705 -0.0117389483482718 -0.0395471865458168
-0.00143774412597571 0.0955393403633868 -0.0303127405422785 -0.0835784984987671
0.0228255389520068 0.100213580326948 -0.013348771627638 -0.113577539619694
0.0660477729737568 0.0869606855026119 -0.0213097753316329 -0.11203360085428
0.0808062873994473 0.0447241810594408 -0.031677097298037 -0.0849826803059627
0.0788369879352089 0.00138253690752271 -0.0250539599281518 -0.055744439584848
0.0639330116353005 -0.0181651446897622 -0.00387295577152888 -0.0463348003207165
0.0572610403321971 -0.0307103345915835 0.00892886984063709 -0.0448341319825086
0.0469558142752433 -0.037759618563246 0.0234071546223696 -0.0371559495919496
0.0521279168766208 -0.0354665191551118 0.046834273860066 -0.031705919296987
0.0616654535302902 -0.012001237376126 0.0704168086300079 -0.0197644634074365
0.0670836339085163 0.00224190425833662 0.0817904977851952 0.0126548991680028
0.0675108879526556 0.036651881193495 0.0578162457484933 0.043350945051773
0.0614641126089605 0.0696519061004578 0.0130135498677349 0.0499727312982466
0.017395453060886 0.0925053202147138 -0.0209622710928769 0.0097124698833339
-0.0117815361665874 0.0994819172650187 -0.0105610410671712 -0.0722114013867395
-0.0131893234520565 0.0515357662988361 -0.0370951104021128 -0.0984088727994769
0.00872384943727186 0.0610036778789392 -0.0272269258700583 -0.117827692594439
0.0366917366354833 0.0527990553832419 -0.0199495439396913 -0.101899318485642
0.0440816838693638 0.0271175753706957 -0.0220811223423585 -0.0771929714344503
0.0435101012165142 0.00521670595315544 -0.00791506025684162 -0.0556072738774785
0.0378834804349781 -0.00508805500867937 0.0121872425509542 -0.0531514523358454
0.0368530509810693 -0.0115057151263224 0.0244590661606216 -0.0545683331012031
0.0321895023191536 -0.0182010255955422 0.0390755130525861 -0.0461477171642913
0.0357862461675893 -0.0159195525863475 0.0656571298185089 -0.0364375200285762
0.0409609357853061 -0.00138088064876257 0.0868452471933421 -0.0160086252710979
0.0427373890981009 0.00825419176839649 0.0922899322204663 0.0222590061716546
0.0411297252519249 0.0309830940178111 0.0598030972635523 0.0457229263166693
0.035261132995396 0.0549216232181602 0.0156594163279489 0.0420400388590218
-0.00143422815463861 0.0692212877174639 -0.0135805901242394 -0.00636789829892582
-0.0268811588012949 0.0641488405252152 -0.00300727466939427 -0.0962518244548325
0.018694924540281 -0.0171448439150117 -0.00230007327928401 0.11115567966724
-0.000658542869781639 -0.0308052425845813 0.00863996378500292 0.0323584489896179
-0.0119564362734542 -0.026717744426883 -0.0213021046686465 -0.0348374988914898
-0.015551916080662 -0.00760894195130915 -0.0551741478711679 -0.0483120474122716
-0.00903171268635212 -0.00206469326957498 -0.0959900598496726 -0.0324186968360763
-0.0067747908806251 -0.00672502475870497 -0.106796454881922 0.0111043931453574
-0.0123507551668113 -0.0076731390405861 -0.0807484783051444 0.0409974979318792
-0.0146728254403917 -0.0060436300076966 -0.048914006147841 0.0551252480740732
-0.0150315086642993 -0.0119532483941795 -0.0288113159870571 0.058441598319467
-0.00781411537315447 -0.0173559114147241 -0.0155825445511271 0.0593696148144369
-0.00236561959659891 -0.0181989486648623 0.00298236040080162 0.0571137614954933
0.0023357132969352 -0.0184831936757496 0.0171799526395173 0.0691438530146412
0.0064831148639669 -0.0233958628043806 0.0227994422969674 0.0844664344928757
0.0201728410036527 -0.0180196249652687 0.0388845698288105 0.0961826623637679
0.0317323715637695 -0.00678029664255637 0.0496163720099878 0.0914130834135748
0.0212948164570484 0.0314628021648771 -0.0070022738014983 0.100679408275013
0.00719123727524908 0.0124209861729803 0.00542945404372794 0.0231982862431964
0.00854157126536773 0.0119362220194092 -0.0246727335434043 -0.0454665264212233
0.0118407985716278 0.0176955064042584 -0.0567129567024209 -0.0563260888202076
0.0242686534933879 0.00640935340416546 -0.097926042640848 -0.040163324634459
0.0240493416414217 -0.0104174980862107 -0.106874706667612 0.0027647924083126
0.014328762188976 -0.0222445002248201 -0.0824459602229583 0.0352289555438521
0.00501889739701564 -0.0272023229438844 -0.0495332567905202 0.0501305634457658
0.00512225507893791 -0.0359831628618106 -0.0268783337923158 0.0529947427144174
0.0157321630263547 -0.0353085257724129 -0.0116091896600976 0.051065143228068
0.0287759558591354 -0.0326182725099987 0.00839344479340632 0.0500152648373682
0.0417592614461801 -0.0173111870674849 0.0240786916593488 0.0647791837174451
0.0467487614040564 -0.0030415856296073 0.0218453900190919 0.082665711279547
0.0431977230120566 0.0187708572396909 0.0351453791203069 0.0885677834938945
0.0446317296607278 0.0390083621256113 0.0438444195551558 0.0819493147168728
0.0210506046751088 0.0770311475288762 -0.0122668137702938 0.0739789316248199
0.0146132298325775 0.0579971353072576 0.0068120356953001 0.00162575519790323
0.0324215122483757 0.0519635029491446 -0.0248405014453433 -0.0643583606995673
0.0425326498298773 0.0414282424304683 -0.0585634505458472 -0.0660112710814205
0.0573731077871955 0.0120541301017707 -0.0958702471837637 -0.0436867225931692
0.0528450201960545 -0.0152610061351063 -0.0979569263320235 -0.00353448682655239
0.0395986318506653 -0.0352798779112827 -0.0745997713153234 0.0247699125428585
0.024156454043899 -0.0448716737586863 -0.0435951503880739 0.0371494037698659
0.0236613409653633 -0.0551904135162229 -0.0213244383494326 0.0387665050227294
0.036718549011213 -0.0479705234845632 -0.00310791334407636 0.0347634109753892
0.0533791123737836 -0.0429161225607248 0.0182216307539454 0.0376654608886284
0.0732625070399007 -0.0166045715329382 0.0322271469952317 0.0577546079975801
0.0787515280754524 0.0124322099827401 0.0209047265850054 0.0793245174130349
0.0613460950681522 0.0487604797733378 0.0239676333667246 0.0784619837003287
0.0514818555269315 0.0785050832220992 0.0292598248702937 0.0614481945345626
0.020503363990508 0.110801859371018 -0.0134540107728601 0.0363080223483895
0.024527382261275 0.0973454691391412 0.0091892663428524 -0.029785389851469
0.0587671337789861 0.0855866232145278 -0.0248023277878817 -0.0859632875554299
0.0757331629434614 0.0572889072842761 -0.0583629205815562 -0.0777953912601953
0.0855926226410429 0.0103157847818698 -0.08808604074285 -0.0460060089236504
0.0737322873254168 -0.0206617419916867 -0.0802531238145268 -0.0128405418187033
0.058935148964114 -0.0440072323820434 -0.0578374564415402 0.00895132635920493
0.0386704044499456 -0.0574101400792694 -0.0317974790146429 0.0184994870467841
0.0396066990636026 -0.0651777353624739 -0.0105383551026034 0.0189020828687975
0.0538569015521508 -0.0516885069539472 0.00909951394725821 0.0146091443399271
0.069940528712099 -0.0443246555192736 0.0325092401671962 0.0228434289024921
0.092126045160818 -0.010681804454115 0.0413081619387273 0.0495907524487747
0.0980804818375661 0.0285243985480675 0.0204769797225574 0.0740709040356303
0.0688129737473045 0.0727816603997617 0.00956268237252989 0.0654878253496133
0.0499301023056593 0.106323293217466 0.0124179625620273 0.0320756315065317
0.017772039163988 0.126752234976487 -0.0172547983620945 -0.00827889149331252
0.0324825282620241 0.119648490311793 0.00636284530007066 -0.063658795569909
0.0788879078425557 0.103800115287537 -0.0248117210201901 -0.103854740783238
0.0986237797033024 0.0609865305757085 -0.0534709671669409 -0.0853996919520692
0.101687654002872 0.00395480125363433 -0.0716452488473123 -0.0483673892338381
0.083703239286481 -0.0269192097506737 -0.0557111381483504 -0.0223486793965594
0.0674995314298282 -0.0479818610842856 -0.036200852192115 -0.00874147970341404
0.0484008800920468 -0.0594596177179898 -0.0146306595728725 -0.00241724540085968
0.0503007512248761 -0.0647447730353001 0.00503544154717652 -0.0019934856031026
0.0649454589432683 -0.0446704820170557 0.0265666317155749 -0.00448822922655069
0.0795440999933089 -0.0347140197152029 0.0480408706225294 0.0104733059994321
0.0978071939086257 0.00332687573283655 0.0501663983696193 0.0416521002096659
0.100948749710239 0.0452330188273436 0.019391367336507 0.0667837259591388
0.0619054879914545 0.0895701502346217 -0.00666685504860689 0.0493804614006781
0.0348780229736094 0.119925108596295 -0.00345017603612824 -0.00161430356222134
0.0127649084610664 0.120345742448014 -0.0246594084988951 -0.0502956493919399
0.0346484777230791 0.118646198789898 -0.00338217213606034 -0.0933760343644968
0.0834052157756039 0.101281635890773 -0.0249530333869364 -0.111524318505611
0.101229171282669 0.0537498790472822 -0.0443068029269923 -0.0861146452585459
0.0985328044726658 -0.00202164649881776 -0.0493733533351975 -0.0518127656633259
0.078423390730123 -0.0274979909612064 -0.0291465269249282 -0.0344132888355216
0.0655459938103262 -0.0450310719735657 -0.0138637337363656 -0.0278100225538549
0.049977829507996 -0.0533008333645288 0.00313373517521961 -0.0221538464799106
0.0538993069417365 -0.0538475832412722 0.0244576575922213 -0.0207790971320984
0.0677575870277381 -0.0310667896482746 0.0467068080884941 -0.0180960003593735
0.0788590946344336 -0.0165590934880591 0.0657876859913598 0.00551985093886146
0.08892357580648 0.0218196999906749 0.0554281457945925 0.0392698831712381
0.086533458007037 0.0606498023837164 0.0159238003757237 0.0584600584585372
0.0437077849175514 0.0963248805842412 -0.0167502421347891 0.0304680222115506
0.0159052243348285 0.116755132330071 -0.0125459667852284 -0.0368145108908619
0.00457354966890498 0.0929921211910444 -0.0322903826428894 -0.0808350868904455
0.0275746644435712 0.0957486149761708 -0.0175301734385435 -0.110953242381904
0.0675325294285934 0.0806868178118204 -0.0250075541186284 -0.108817988769026
0.0807229400086041 0.0400150208185622 -0.0330768378261968 -0.081913950589116
0.0759480911539765 -0.0023950276545087 -0.0262518201239994 -0.053807232810489
0.0610235834044966 -0.020160740654762 -0.00542621959531611 -0.0461295122299322
0.0536944597974424 -0.0326633726806765 0.00627646558702894 -0.0442202879754546
0.0433457979744929 -0.0389159574853201 0.0215996308131173 -0.0373958487505115
0.0486434356786203 -0.0363266515579801 0.0447836825680731 -0.0328350030188684
0.0596072422337875 -0.0148668385152714 0.0677741076875825 -0.0225009188064328
0.0649430519152352 -0.000696366140714615 0.0810330377978594 0.00769290008321455
0.0680620039676593 0.032858383837705 0.0585266877004172 0.0394017071594983
0.0625596185369315 0.0642656390380195 0.0157312812757504 0.0493926394138409
0.0213725493752123 0.0889959706264361 -0.0190308551907307 0.0112202746430111
-0.00643092168556986 0.0968556132807604 -0.0129944367807425 -0.068699135542195
-0.00931942479091807 0.0502186885556915 -0.0403157297289369 -0.0955583568095075
0.0113687296073453 0.0579864504845118 -0.0314359959441185 -0.114534487104605
0.0381325826508895 0.0489926936108607 -0.0231852914182484 -0.0988356424413725
0.0433528434265606 0.024426520325876 -0.0242162407059228 -0.0749027364751652
0.0419533921166392 0.0031238056556392 -0.0100923518116451 -0.0542823536387594
0.0363241222105053 -0.00610842659013467 0.00973350325775211 -0.0532268881091323
0.0350463642292153 -0.0128865591672256 0.0206503481365148 -0.0541075666843509
0.0301593741279027 -0.0188107950868316 0.0357978476781577 -0.0464848430019301
0.0334780471410134 -0.0171290141845962 0.0622033936809819 -0.0381479217894053
0.040108161166914 -0.00306452313405111 0.0839610792019647 -0.0196488246396009
0.0421110191750497 0.00652576620946821 0.0911753053486863 0.0171687460501708
0.0414542966715125 0.0287110066090005 0.0600942131897199 0.0421673941436967
0.0366573425032903 0.0518808723062847 0.0180502125730882 0.0409339123068427
0.00218568484149464 0.0665441063264452 -0.0132574290313193 -0.00484699089909339
-0.0225834821995046 0.0631853428597886 -0.00713577972616268 -0.092134986185069
0.0124121759886887 -0.0208299190799175 0.0334954650315066 0.101758430377934
-0.0105402923150973 -0.026972363736421 0.0198852770343059 0.0266111466392524
-0.0197303044214141 -0.0196996090703091 -0.0287881402082404 -0.026673906976727
-0.0159944943995082 -0.00197468628093275 -0.0660212931827249 -0.029104614765976
-0.0085020362030181 0.000314263602047848 -0.0978439068524692 0.000366276722973555
-0.00956771470596009 -0.00423895367871144 -0.0930272939190838 0.0453354099255704
-0.0149208941166885 -0.00271273268070682 -0.058914587412111 0.063962691260239
-0.0153663469031645 -0.000497945904256058 -0.0261913264841073 0.0651392245460614
-0.0173124367353075 -0.00566956081959988 -0.00657316040728948 0.0620599788572808
-0.0126048138391766 -0.0134466616601447 0.00532188671271117 0.0593016959535319
-0.00761069430065105 -0.0162696194750656 0.0211062309005486 0.0514299885146953
-0.00323796343730511 -0.0178052837095323 0.0372694394867648 0.0581073999237421
-0.000533697915862033 -0.0231574657417892 0.0466561518850299 0.0710958309611544
0.012340740206787 -0.0228259048354522 0.0635192530076541 0.0760638302967049
0.0258832013847915 -0.0155434700045379 0.0712988350348824 0.0689524981220514
0.0312827115403278 0.0232882304917115 0.0238661819619514 0.0930742899028294
0.0115963746546183 0.0103663246301179 0.0122860737292414 0.0182635127606416
0.0119861730279361 0.00803312241068604 -0.0376708578668502 -0.0341045316196118
0.0175006052575552 0.0116747573103389 -0.0714717363066512 -0.034082862088392
0.0242291814259948 -0.0024248496077404 -0.103019752145303 -0.00504575531810437
0.0176911484483485 -0.0175590176060143 -0.0965469602231988 0.038042993647414
0.00502642270856593 -0.0253661653779706 -0.0631544177312007 0.0604302482044638
-0.00421652579089744 -0.0262158262115481 -0.0279274954321899 0.0610195009733492
-0.00704178630898661 -0.0341447842997704 -0.00675460271234305 0.0569723941930023
0.0037468922748592 -0.037557213875562 0.00620309451747178 0.0512171461185088
0.0155291774148734 -0.0391334188796808 0.0234649404810773 0.0437573725101971
0.033174846918026 -0.0292310410324614 0.0412613488609791 0.0520572559510697
0.0417153896798804 -0.0174126771764511 0.0452826173465667 0.0686935113217083
0.0454605092159736 0.0027071555829177 0.0588239209252152 0.0694000224806689
0.0526959254108995 0.0223656139203856 0.0643070471581076 0.0609161129177446
0.046462884148029 0.0657504329519713 0.00974769242380251 0.0687801607446552
0.033954003633997 0.0498673194793224 0.00502118552172246 -0.00315656607884839
0.0472917393867097 0.0367258207545329 -0.0459071144493834 -0.0512456731310211
0.0536992879450887 0.0226613152566021 -0.0779191839918989 -0.0418990335573549
0.055166208503076 -0.00859463941879956 -0.103109148647921 -0.00731230852158941
0.0420544884578545 -0.0307889840728356 -0.0902951610500831 0.0302783088056779
0.0239793820093518 -0.0459769138212988 -0.059892045684285 0.0482594262448758
0.00739415849557793 -0.047823547250061 -0.0262495552402025 0.0476308666663051
0.00316931680859642 -0.057571711588023 -0.00553013330813536 0.042154693240777
0.0182991159212205 -0.0555178286816813 0.00876215429664536 0.0342546451214244
0.0342216242371957 -0.0560076814846039 0.0285782145570451 0.0299674439586215
0.0618868666152675 -0.0384108999787023 0.0466361792163918 0.0430219026674918
0.0758278599587444 -0.0131691618136375 0.0436327229899395 0.0645853155488726
0.07166107679649 0.0248131012946435 0.0461527241749245 0.0627189516986849
0.0712529358073995 0.0572251940837016 0.0462009643588391 0.0455676037985014
0.0579351074687288 0.0974709968877139 -0.00468205924812966 0.0332118191675167
0.056192715857916 0.0818756640654447 -0.00519151313500869 -0.0328359935318932
0.0825540521231484 0.0579783705063408 -0.0550021569250675 -0.0706183072722574
0.0892824203746538 0.0254912015154068 -0.0817667237568958 -0.0510474108925938
0.08043615469263 -0.0195745595599996 -0.0966470462491407 -0.0109827959701681
0.0597648036314416 -0.04272148583978 -0.077281597048148 0.017092703447398
0.0392539731662186 -0.0603817418820308 -0.0509331665155117 0.0291317657878573
0.0164443907010953 -0.0635792213054496 -0.021420785608688 0.0274892393575582
0.014513963153565 -0.0709139031120838 -0.0018971339698961 0.0206504021502579
0.0321914413764977 -0.0643386107980936 0.0136965935328597 0.0127051015687591
0.049037026273104 -0.0630046196945129 0.0362530148302336 0.0124731148236644
0.0810094301277254 -0.0398005930614381 0.0512517665791875 0.0325433328784985
0.0981177777467194 -0.00486273315119754 0.0412834604759685 0.0597584579865152
0.0864271215184775 0.0439859466221264 0.029816639066756 0.0550761832561049
0.0783089383819967 0.0832021549965486 0.0231098961544288 0.023177528351615
0.0605914714022459 0.112263295650438 -0.0229813193045626 -0.00695621724195292
0.0714391032273757 0.0986485018070706 -0.019579723277251 -0.0638968278638042
0.106656637199445 0.0676874489793868 -0.0621472451269797 -0.0859296172415178
0.110711122992327 0.0211433590200055 -0.0803844011786401 -0.0583847253840729
0.0925869579584439 -0.0293231691472859 -0.0821336448354146 -0.0181591190715083
0.0668401972612139 -0.0516096111480322 -0.0581557365796423 -2.15359208398967E-05
0.0466355910322698 -0.067254109447662 -0.0375160279636497 0.00615640697631892
0.0245881130969768 -0.0690084913312062 -0.0129431567547438 0.00388437428059522
0.0249130117513912 -0.0740600774764488 0.00502461144560938 -0.00333692696561504
0.0448684870763805 -0.06244386547224 0.0224665048139141 -0.0110001136681034
0.0609457381988422 -0.0569084670802402 0.04658625674143 -0.00361519395607366
0.0907561822095536 -0.0282228508656728 0.0567397869438176 0.0229772744120242
0.106026166340431 0.0091393583851381 0.038633719351128 0.0534293945936864
0.0858832525643473 0.0622436726218732 0.0104593138051538 0.0453046507593628
0.0693057943566542 0.100005302366563 -0.000531481101437476 -0.0023585453774464
0.0533884710839188 0.107516537508913 -0.0419089808414451 -0.0428474733703543
0.0730759858793107 0.0967834250076244 -0.0377828239420285 -0.0875571298468371
0.109700538826612 0.0628535117743062 -0.0646739756498696 -0.0928896541017762
0.109968086755482 0.0132642784141045 -0.0721555220640498 -0.0619347101136123
0.0874417641248921 -0.0346967291313964 -0.061776996249885 -0.0283273084343586
0.0614808269003402 -0.0502575191953454 -0.0378451967511146 -0.019745171913412
0.0453896388057004 -0.0636729246328245 -0.0227001594428774 -0.0188818525227634
0.0276093648384917 -0.0637619334015659 -0.0027191509122405 -0.0195838649593787
0.0313558745889697 -0.065744775196399 0.0165847890392948 -0.026097086661498
0.0522080039184158 -0.0501111025042038 0.0366792663382857 -0.0296821797104827
0.0660155139748193 -0.0397724643405732 0.05996529719757 -0.0149953148827971
0.0885802179079778 -0.00796628994848541 0.0612872159332975 0.0181137882876793
0.0980205954349441 0.0274990222290293 0.0327513590423504 0.0464591496643983
0.0715539881118628 0.0735137874413678 -0.00420449928032153 0.0313296733592419
0.0513030399356163 0.10318332910799 -0.0188084239012931 -0.0312864312758372
0.0362217315052864 0.08452585125126 -0.0584808398981496 -0.0673834671032049
0.0573440636922899 0.078036110496054 -0.0552955327339272 -0.0986043306968164
0.0880974767804767 0.0493043430645451 -0.0621296829288196 -0.090026129908215
0.0865580468698516 0.00766713982093207 -0.0591258157351478 -0.0621329714517325
0.0668207905083186 -0.027370337098628 -0.0415356194050294 -0.038213643189471
0.048672506518128 -0.0382224268425316 -0.0200410961018909 -0.0385535140941912
0.0386224909731324 -0.0483346383741742 -0.0101958095116473 -0.0404324591911949
0.0264052747568358 -0.0486156929986794 0.00780113890815246 -0.0396508668568347
0.0318039161986469 -0.0487820074028216 0.030731371795572 -0.0434437351637942
0.0495073150453156 -0.0326545906455023 0.0543501599423171 -0.0404700071332273
0.0588741671338339 -0.0207111898086393 0.0750584331327737 -0.0174882804816033
0.0726568502478417 0.00839299883298345 0.0647048213256124 0.01752682151229
0.0764783168135114 0.0392213497221988 0.0300797448868743 0.0384393505610939
0.0479008615051277 0.0736831146082474 -0.0117705728685897 0.014865496393058
0.0249953032949318 0.0919587649609413 -0.0287163516254732 -0.0591535550627638
0.00868793190152632 0.0495042294323142 -0.0687819499137732 -0.0780207436590783
0.0297736254730463 0.0483437908422431 -0.0673708834320461 -0.0967680302887581
0.0494515334943417 0.0308877323414423 -0.0555923608054481 -0.0824948414899178
0.0473248283044553 0.00656434649764457 -0.0473451539840646 -0.0601277479466441
0.038296187641795 -0.0113384916265561 -0.0266354120527086 -0.0456818864599145
0.0305695555725787 -0.0176604289507003 -0.00879219635807685 -0.0509859815666818
0.0276330770232069 -0.0240835947322569 -0.000397099276558489 -0.0551555030049762
0.0206948068360675 -0.0259222468252697 0.017339499214807 -0.0530492698012033
0.0249279172763792 -0.0256580114022933 0.0448010799995667 -0.0542928467978103
0.0353264234910842 -0.0158415272495311 0.0700837794643108 -0.0437219559104108
0.0402277318953096 -0.0068933794861904 0.0873569415171029 -0.0132618126792542
0.0473090320017206 0.013493492946274 0.0669109952711915 0.0193463030377049
0.0487645255939294 0.0348844718347662 0.0298330939631591 0.0314286101753164
0.0234754213550224 0.059640865810648 -0.0118834335251624 -0.000670988615869029
-0.000614788048083547 0.0653391174533512 -0.0306236140887889 -0.0813651098643125
0.0110776303220828 -0.0195486153978554 0.0338971078681055 0.0973714026961602
-0.00972978717588818 -0.0252945427846633 0.0198852701206677 0.0239378837754225
-0.0182753378222648 -0.0184201566654543 -0.0286152050071167 -0.0263848221281742
-0.0154174115536269 -0.00209146228685718 -0.0648394797756176 -0.0281491419964035
-0.00724622797253047 -0.000433293106098883 -0.095689732967537 0.000919842948559985
-0.00905404658729932 -0.00431938675485511 -0.0898398055801873 0.0456945065766677
-0.0146729276687645 -0.00259498869023813 -0.0569535715006805 0.0624603874194331
-0.014628964581174 -0.000569693050156749 -0.024975683240412 0.0633932943484022
-0.0167134561871201 -0.00557492579701446 -0.00517960512553031 0.0606555904680917
-0.0125379468660401 -0.0132650069418737 0.00661577079129904 0.0586628990295284
-0.00747530013831566 -0.0160080789553328 0.0206453924582111 0.050454377559301
-0.00306398393355846 -0.0178187219247281 0.0367147034407088 0.0562451617324915
-0.000795262636278239 -0.0221562343469076 0.0461930330202589 0.0690762444882658
0.0120955215818627 -0.0214559366051214 0.061860281491158 0.0739593134414007
0.0245500797861979 -0.0150220844423084 0.0705092521131423 0.0677447513826023
0.0309874452306894 0.0232784951213628 0.0244018273588443 0.0884269441213772
0.0121005606693989 0.0107616197822615 0.0121635493465175 0.0159998713145916
0.0126860997985676 0.00839178960248862 -0.036897742809982 -0.0339551137253514
0.0180810341982724 0.0114220873402388 -0.0696209805535064 -0.0336897507352903
0.0238487118500642 -0.00342075954778214 -0.100516840928578 -0.00376621786434985
0.0172339328923359 -0.0180470428931811 -0.0932907950430265 0.0379457698271599
0.00479535744866291 -0.0253595853676224 -0.0607360725802456 0.0587116210210984
-0.00461436066689391 -0.0252776544510747 -0.026422378773285 0.0592914817552136
-0.00746760028947983 -0.0333045485656072 -0.00549288816961914 0.0551859755810042
0.00323099322492029 -0.0365789639667793 0.00722440736578908 0.0499153642262149
0.0146031401536212 -0.0387464056394233 0.0237805337431735 0.042741277963845
0.0326801895554775 -0.0293965034248141 0.0415060399035799 0.049988722891204
0.040798537396229 -0.0173222308937743 0.0454963395953097 0.066534920508666
0.0448827014377771 0.00318018741535775 0.0577153664420784 0.0673525404673782
0.0511560834695243 0.0220559041674872 0.0643270191951983 0.0599692252560235
0.0465275765230607 0.064211672483091 0.0106716544481841 0.0650050394890879
0.0337409516531212 0.0490148019589332 0.00519183427262329 -0.0045130576951752
0.0467637691993769 0.0354829608487925 -0.0445570864002096 -0.0498355466786618
0.0533950244698293 0.0217194871431479 -0.0756108462164165 -0.0412560607519185
0.0548100937597791 -0.00947808412367714 -0.100069762940517 -0.00635533396352883
0.041027305796238 -0.0314359787144803 -0.0876727082125189 0.0305302941960526
0.023388592423349 -0.0453825270041986 -0.0575688594345277 0.0468091441231434
0.00632672077104973 -0.0466158528645986 -0.0253034189995604 0.0460211837463431
0.0020338595015286 -0.0558755638271251 -0.00438301312420066 0.0404962531046386
0.0175028971221134 -0.0546160678990172 0.0100807379062415 0.0331272711301406
0.0325651037560872 -0.0551610130414564 0.028805766476524 0.0289640317387996
0.0600185006840201 -0.0384954641562328 0.0460556786159917 0.0410218016019792
0.0742249063025908 -0.0137690177313778 0.0441432273199827 0.0626603686665628
0.0709518114285005 0.0242480016249519 0.0458019333136402 0.0607415307586854
0.0700269578491108 0.0551883975590314 0.046257967280023 0.0452546654326869
0.0578664396353082 0.0943273198570924 -0.00389667909030711 0.0302606063804804
0.0562386927235992 0.0795574949830027 -0.00437598913844075 -0.0337008257966186
0.0812877373468265 0.055902423003086 -0.0529904360923751 -0.0689666133637262
0.0876296216536368 0.0239430241680381 -0.0796627386063711 -0.0503993279793496
0.078545886048981 -0.0206656474242919 -0.0938844819679584 -0.009832833172225
0.0580795730069745 -0.0435263087335887 -0.0745766106734791 0.0172433095940934
0.0370823100696577 -0.0598823705704564 -0.0483422926918901 0.0285362786092266
0.0149657015986962 -0.0618249297876964 -0.0203106541536233 0.0264455386019588
0.0128518597921645 -0.0692601366762614 -0.000964237927918554 0.0198603595465212
0.0307944678655915 -0.0632234252266019 0.014019371190918 0.0114760254594083
0.0469726947340586 -0.0620303399383937 0.0364365016671719 0.0112543599559721
0.0795716772689317 -0.0397108635193703 0.0512176141214732 0.0307478132585005
0.0959993515316902 -0.00589357687365598 0.0420811132973965 0.0578246698966453
0.0851468297733208 0.0429299629541117 0.0303173498942489 0.0536130969322125
0.0774635718608979 0.0807452543225155 0.0235602886568595 0.0235159896293885
0.0611431956333597 0.108318894622282 -0.0223047369450966 -0.00830917217320389
0.0704582241472746 0.0957704424379155 -0.0190146371500889 -0.063236296904984
0.104765868754571 0.064324149473753 -0.0599637356748796 -0.0840482120741046
0.109025872925036 0.0193583045889825 -0.0779447276722548 -0.0573982036887385
0.0900187928123882 -0.0298856701840564 -0.0794424376707632 -0.0169626805454701
0.064422943286901 -0.0514114822490409 -0.0561383610438032 -2.34137232646882E-05
0.0442571233358025 -0.0666346234319298 -0.0355496803529055 0.00527617078392029
0.0225772653683205 -0.067206950836677 -0.0127509725909147 0.00316653660042621
0.0217749066737324 -0.0721926559275567 0.00547403160450025 -0.00322892567658067
0.0426175922878387 -0.0613978679349263 0.021971767910729 -0.0114141169367786
0.0583624227387148 -0.0557121186544615 0.0455088167165707 -0.00513281598703094
0.0887234587035078 -0.0287646964142182 0.0560534172520082 0.0215505633414258
0.103669401365272 0.00803312163906467 0.0392849730579129 0.0511898479757444
0.084754366870593 0.0597302046660152 0.0115789458549085 0.0438969975416993
0.0691125622958702 0.0972884991947649 0.000401057012802999 -0.00156721641570766
0.0545392238122893 0.103966878341979 -0.0411431459819635 -0.0428542309488825
0.0721438508255304 0.093575152762599 -0.0373245203795922 -0.0859194120657227
0.107059137093242 0.0599697585560698 -0.0621824868415634 -0.0903726387336111
0.107953774756384 0.0122780208271294 -0.0701057761433555 -0.0605460085031048
0.0848123812676258 -0.0350966863049845 -0.0601505783148456 -0.0274750734189353
0.0600648043808461 -0.0495847558514081 -0.0366376889445372 -0.0199237024804347
0.0430347608172681 -0.0628043190972597 -0.0219291003601583 -0.0184988978185831
0.0256380956883987 -0.0617934060357247 -0.002467851496039 -0.0199283894996391
0.0286938099904084 -0.0646691608773674 0.0160335509314202 -0.0255217485468146
0.0502101048196506 -0.0505667576391841 0.0354143631501933 -0.0295577095838477
0.0635954252924358 -0.0398939832943972 0.0584871756107554 -0.0153925088381864
0.0860562680313073 -0.00873138035250511 0.0600699827666922 0.0168947003483341
0.0955624915514323 0.0256716006267203 0.0339465750347099 0.0453480137963915
0.0706724144999889 0.0709700892287522 -0.00238839476163117 0.0310719024724886
0.0518527120120272 0.0998376428301987 -0.0183458800727705 -0.0298705888925808
0.0372188650440592 0.0818537664786747 -0.0574132462523847 -0.0675327362671078
0.0574352856914465 0.0743683085282524 -0.0550383497038676 -0.0968588302891008
0.0857724002611955 0.0462929579917469 -0.0612955722587922 -0.0879386305850587
0.0839111509104115 0.00616072653115145 -0.0579358773256503 -0.0607093256501787
0.0642576623098391 -0.0272274136086387 -0.0400972475121565 -0.0373369375782823
0.0464711501852133 -0.0380492540117328 -0.0199795609438807 -0.0381588407903038
0.0369535541096528 -0.0474808673854655 -0.0100579969538417 -0.0394199603654623
0.0245076800529678 -0.0473768543868273 0.00748813512787703 -0.0392096483841875
0.0300838054096819 -0.0467997136554291 0.0300475266381314 -0.0431901651846196
0.0484686251026609 -0.0328315173780746 0.0523160740795244 -0.0402930948636623
0.057179986311711 -0.0211803982625888 0.0727947202671392 -0.0187538267260199
0.0717983400659293 0.00806324088687419 0.0638103546711167 0.0162550412586383
0.0744809184141041 0.0364525053348031 0.0306323904117756 0.0376365149525685
0.0475381112367395 0.0712014525905989 -0.0106386513588192 0.0147154235241653
0.0260364389559393 0.0887113777349761 -0.0282686969444209 -0.0565961349574935
0.00978409445954825 0.0476130867907557 -0.0674889513805044 -0.0766830082958232
0.0294780843038756 0.0461548697991642 -0.066562209308137 -0.0944609038429801
0.0481544530075682 0.028697928936677 -0.054826181874899 -0.0804666657497061
0.0453192361383243 0.00583184336669716 -0.0462476247765671 -0.0582160146276372
0.0363463804748801 -0.0113280906220846 -0.0257875060276196 -0.0446173812921043
0.0289681711270489 -0.0168623255003702 -0.00976997846971166 -0.0504367258538192
0.0262712488715527 -0.0230397420420676 -0.00112182225765602 -0.0539663016046667
0.0195772180505212 -0.0256635893915688 0.0164304193808063 -0.0521318115362606
0.0234558490483877 -0.0248064646880766 0.0433108837150345 -0.0531686269842186
0.0340521179764254 -0.0152980362116798 0.0675827626307486 -0.0433583118125235
0.0387111861300336 -0.00734069629671845 0.0850831074977942 -0.0139619674290057
0.0458440358581479 0.013126763742088 0.0667311575454703 0.0192300435482601
0.0466121430900312 0.0330648944776042 0.0298910286420794 0.0304311923721065
0.0229813894483872 0.0575180934408082 -0.0107639955111137 -0.000168809802267118
0.000634929990886076 0.063254790556408 -0.0304708748365398 -0.0785099359224136
0.0111264861662737 -0.0192806988319744 0.0336785991001534 0.095167186828489
-0.00919909653554971 -0.0239269130414126 0.0199097359385939 0.022441091658945
-0.0185611892376119 -0.0175094767772543 -0.0281792659816268 -0.0263912883334699
-0.0138159782020261 -0.00240525476316891 -0.0650658881948415 -0.0278716582024207
-0.00696213276148086 -0.0013319779711854 -0.0954278770829143 0.00182708692929661
-0.0092959395842246 -0.00449347115510805 -0.0882977385354316 0.0461760421540108
-0.0140979994773911 -0.00260604959776446 -0.0564899555377508 0.0617561251556981
-0.0143262593915919 -0.0006664516783453 -0.0249574476460385 0.0625830025967135
-0.0163317213728405 -0.00556185553250844 -0.00454429810660307 0.0606185245310609
-0.0123442898448907 -0.0128318021327385 0.00780042051689351 0.0580746527660838
-0.00773570584199323 -0.016400584970569 0.0211597435293973 0.0506963668035777
-0.00224255061763733 -0.0177002913473705 0.0368598451451339 0.0557047942616702
-0.000929663481988793 -0.021752262913259 0.0466676158125605 0.0686589352999825
0.0122804231812521 -0.0206585510285174 0.0618065898770423 0.0730810789353127
0.0237102466024269 -0.0147719084987279 0.071131719898062 0.0682905646361624
0.0308125265503024 0.0237511981548672 0.0251315536963683 0.0860584284675269
0.0127141936747221 0.0119301594938889 0.0129915144713422 0.0143044060163688
0.0131921097457536 0.0086463653635909 -0.0360867308080756 -0.0344031524713074
0.0194574424941133 0.0106682742374568 -0.0693736227230474 -0.0334546414236799
0.02455015628168 -0.004245279754061 -0.0989819846034889 -0.00268741456823135
0.0169433686785531 -0.0185292572251903 -0.0921125924700038 0.0389788610089181
0.00448013002065809 -0.0255213541190789 -0.0599020560176216 0.0586705484717844
-0.0045974370454515 -0.0255615001362919 -0.0261184899229551 0.0583302543317619
-0.00760238798948777 -0.0332190289891372 -0.00428915151236724 0.0549687299664536
0.0031558019974283 -0.0366712563069132 0.00840463145334788 0.0496250635336108
0.0139740952116717 -0.038355845962214 0.0246545203549708 0.0421320814632824
0.032879334509998 -0.0294142976396922 0.0413405064037518 0.0494983219384423
0.0404563733527476 -0.0169045440281574 0.0459101535330521 0.0657640844649837
0.0447578619415119 0.00375243691926812 0.0579315856204872 0.0664683779920194
0.0503445595707551 0.0216247384451376 0.0648477362023998 0.0604102703503114
0.0468814394520549 0.0631565465501592 0.0106335114690098 0.0625954844569317
0.0345725377234943 0.0490746338194704 0.00532377288329475 -0.00557016109501554
0.0466484755560541 0.0352903255874263 -0.0442139877044706 -0.0499999077936696
0.0543478815494489 0.0210277283531664 -0.0750213121848277 -0.041232739814296
0.0543217750962003 -0.0108189456875973 -0.0992721703646687 -0.00536352754405706
0.0404573676788039 -0.032198445305938 -0.0868762050070139 0.0306359430864665
0.0221279199147189 -0.0458069722816026 -0.0559983389156303 0.0468221040580342
0.00591894487050161 -0.0464405347561988 -0.0243233641460898 0.0447097723737843
0.00184752619070266 -0.0556504211632264 -0.00336625039488138 0.0395191817494861
0.0170403328911176 -0.0548615245807142 0.010492367892172 0.0328194972492111
0.0312672213973606 -0.0550604266045931 0.0294489432474321 0.0284121022923406
0.0600552744663044 -0.039489117726256 0.0466737541491873 0.0407232976554323
0.0739754304044641 -0.0143531270456586 0.0455290956870814 0.0619843306130783
0.0708958262919919 0.0237658117885409 0.0459549098679255 0.0597835961016591
0.0699647614294915 0.054847900000723 0.0471239649776011 0.0452656692048582
0.058418358056359 0.0927206727827182 -0.00400043431833991 0.0287618507845517
0.0567238837787569 0.0792293406119337 -0.00347390085137499 -0.0344849544159759
0.0810822120808972 0.0545765183882584 -0.05205982332721 -0.0689861000849607
0.088131374898862 0.0234091703792357 -0.0786026778727437 -0.0507958913715067
0.0782313012413744 -0.0210105111603276 -0.0924394851540602 -0.00879754495244574
0.0574861690570829 -0.0437686161177944 -0.0735620110019368 0.0167299748118062
0.0361141638760968 -0.0602119227925734 -0.0470698186192792 0.0284036673350443
0.0139370776733921 -0.0620673446466029 -0.0201364233821075 0.0256693321969259
0.0117069184113177 -0.0689770147374571 -0.000306813285394938 0.0189214187934171
0.0305710307356971 -0.0640067277495933 0.0152079010884819 0.0110237024708037
0.0456136886661146 -0.0621098027526718 0.0363754706475265 0.0112245531907837
0.078655032529257 -0.0402508712643046 0.0518984171553009 0.0302328861035755
0.0955801627176195 -0.00675884110230712 0.0435437073734077 0.0569344462508586
0.0855983143867249 0.0422363109956708 0.0308016908098241 0.0526001719057996
0.0781488595724699 0.079721783536615 0.0246808778484369 0.0242413560389232
0.0628177053319007 0.106910006987741 -0.0219452549523982 -0.0102181308628947
0.0713500086295283 0.0945005020510727 -0.0182953320689328 -0.0641100623400152
0.103979518902894 0.0623791292511697 -0.0593254737084295 -0.0840303017521004
0.10830743166173 0.0181472061621707 -0.0764980575606109 -0.0573964465870676
0.0886804124562412 -0.0307859040499054 -0.0777513122065053 -0.0162842144497176
0.0631336988031135 -0.0522692242435999 -0.0553699083269237 -0.00040412708427276
0.0430921942061455 -0.0669026564335544 -0.0351542064946876 0.00535534937187385
0.0209887476882904 -0.0669704233153264 -0.0118443715556166 0.00254752568986617
0.0210914159616938 -0.0716928123476437 0.00602856476407496 -0.00408945548486446
0.042528544204279 -0.0622926752346647 0.0227653537045564 -0.0113080016742208
0.0573644675442473 -0.0562487694962219 0.0462469994059257 -0.00567157616146518
0.0884013085436499 -0.0300283262838376 0.0564827399120046 0.0208087727163184
0.103067920189537 0.00662274730869791 0.0406717720484716 0.0506311114742223
0.0848340089341332 0.0588011004177671 0.0121079955360645 0.0435666159891878
0.0701984863957757 0.0957178862224029 0.00144398073128661 -0.000861276431977513
0.0560632091138469 0.101882940194298 -0.0414012913242504 -0.0443304715790301
0.0726483139103554 0.0915896699141364 -0.0374731690455876 -0.0857121293975591
0.10588935537708 0.0578729593088058 -0.0613668798817679 -0.0897651427294264
0.10746996930534 0.0118891212838231 -0.0692608698134017 -0.0614524205034637
0.0829881047169942 -0.0347959237466561 -0.0586009943882481 -0.027138849212524
0.0582855688839825 -0.0500325571836701 -0.0366033796908929 -0.0199557687351563
0.0413145575284392 -0.0636592480544518 -0.0218108784453289 -0.017988230353047
0.0239214313996474 -0.0610625062009828 -0.0021348911139343 -0.020164924910218
0.0277993629631739 -0.0634205481692641 0.0163273668360025 -0.026225940686295
0.0495149429005436 -0.0508602244921345 0.0351999051151052 -0.0301195151096316
0.0625569984003257 -0.0397133266578065 0.0585684228794724 -0.0160329507507611
0.0863629349448674 -0.00979777476597952 0.0603146591166619 0.0159892283322112
0.0948177514124728 0.024496107958676 0.0352984499125267 0.0445318460315796
0.0712989157479565 0.0695691513361976 -0.00158808204640629 0.0309290623645327
0.0524227578584755 0.0987891048570775 -0.0176990017634698 -0.0288685465608819
0.0387406963255557 0.0797055664818918 -0.0572646899427352 -0.0681381279823695
0.0571357712071569 0.0724563745829386 -0.0555756058907246 -0.0958994455269621
0.0844026771522343 0.0447679578480375 -0.0607618918532807 -0.0869096193934236
0.0830787485203487 0.00617546492749507 -0.0565976096597626 -0.0619461938853232
0.0630190489610787 -0.0274819634598521 -0.0394201629893612 -0.0371769296927381
0.0453502346399067 -0.0379080327698119 -0.0200176420544793 -0.0381561020045706
0.0349495346545628 -0.0475948855601087 -0.0105556911644343 -0.0392026599016055
0.0233551223746558 -0.0467971998174271 0.00782734479112092 -0.038870612521914
0.0291100648517089 -0.0463546472255728 0.0292332138379584 -0.0428724073475465
0.0476419237023836 -0.0332317191763975 0.0516036588807002 -0.0407002659292288
0.0566649753486045 -0.0211196473678236 0.0720995602196161 -0.0194043358508071
0.0713250891634916 0.00724284408213461 0.0640798226061453 0.0161639537217598
0.0740783113396705 0.0358322024145941 0.031943461708145 0.0369850941231081
0.0475889445093847 0.0697156388896564 -0.00949655618508115 0.0148012932292919
0.0269999359993117 0.0875090904226907 -0.0279102960937464 -0.055367540387794
0.0107999549354957 0.046645178246491 -0.0677024059432162 -0.0764082985132847
0.0298869464997608 0.044836939700707 -0.0664694139046428 -0.0937042320591312
0.0471574882343669 0.0278130359683452 -0.0546534097233645 -0.0795964690458744
0.0449432176659877 0.00576444249276563 -0.0456722068113988 -0.0587142885719785
0.0347688410875024 -0.0114363013617286 -0.0258078449842577 -0.0442885563540742
0.0289106265151463 -0.0174255051437846 -0.0100869552376765 -0.0506435132923378
0.0252938991628043 -0.0234881908523673 -0.00134322962405929 -0.052788392914429
0.0191398656208705 -0.0251378223563339 0.015912096548296 -0.0515809362429893
0.0229174520488021 -0.024651325602099 0.0426946488467029 -0.0532654391689129
0.0338907464314508 -0.0158367942311009 0.06619716418223 -0.043056625469487
0.0380657115190135 -0.00679375272569784 0.0846592951002947 -0.0151777614993051
0.0460944999762483 0.0123030508072916 0.0661283135446211 0.0183300477151922
0.0461064475971104 0.0324131045248552 0.0306373635376459 0.0304268110706991
0.0226184829786937 0.0558622086301482 -0.010418118864865 0.000811269955380219
0.0013128283532923 0.0623493278148104 -0.0301577351810011 -0.0768617176304523
0.00991724873837278 -0.0186851547813145 0.0361210861976673 0.0935290447405912
-0.00891933317719081 -0.022606731600691 0.0208715716821556 0.0208427300386338
-0.0178789057503293 -0.0169184606152351 -0.028535107061349 -0.0263119036385109
-0.0139022115001983 -0.00262507999215786 -0.0656930032687685 -0.0270975209805404
-0.00647943490096996 -0.00166344573113458 -0.0953321966347895 0.00442049065449937
-0.00886715891719234 -0.00469239639427856 -0.0872508842558489 0.0480339974052912
-0.0146670637826365 -0.00209534212570696 -0.0549613132885232 0.0635191133127863
-0.0141020914974013 -0.000472995944633649 -0.0239891371068347 0.0631144269944398
-0.0165569823750919 -0.0053297592037476 -0.00225800385458571 0.0606971318841141
-0.0135302044185739 -0.0130561744044898 0.00915305967302502 0.0587688953669192
-0.00800009027300075 -0.0162860632669819 0.0221710988723966 0.0503558090926193
-0.00261176935900471 -0.0177876598950728 0.0394555761830418 0.0549676767773247
-0.00122404287324843 -0.0211145635411348 0.0478071596188883 0.0676985327113529
0.0123898362454066 -0.0210020283610315 0.063026201162054 0.0721901235467193
0.0226547385201366 -0.0149722851724377 0.0733414629809048 0.0683737262625743
0.0317539645710398 0.0232142632305166 0.0262164446243153 0.0841820616739936
0.0133566200527173 0.0120487486199896 0.0132515341398883 0.0134544901812959
0.0143373288710589 0.00903905636678149 -0.0366536689778565 -0.0341780692940549
0.0204552005865788 0.0101587206310918 -0.0699765334604468 -0.0330331349817524
0.0250951188538116 -0.00560107569893711 -0.099656237030675 -0.000407858134608099
0.0171539541767574 -0.0192373552197612 -0.0913001425012155 0.0409799928289575
0.00342033297848374 -0.0259464530095178 -0.0583804196577915 0.0592284704091795
-0.00523272942403341 -0.0258768340478622 -0.025047711689049 0.0582506298038113
-0.0086809507805468 -0.0331473973472101 -0.00216999607368783 0.0547958139825175
0.00163664440371969 -0.0373759012488276 0.0104199689565668 0.0494715282815804
0.0130743449797581 -0.0387555163237679 0.0258560365921671 0.042436504072193
0.0324123218293971 -0.0306369130374013 0.0431729496735182 0.0483764956255744
0.0404694560998381 -0.0179270845476367 0.0477295300771664 0.0647531450245794
0.0452350454803457 0.00256380232446872 0.0590428148061636 0.065389564095362
0.0508182127086116 0.0208910658250215 0.0673973270437119 0.060291805866461
0.0489973246318085 0.0631083309134754 0.0120315923574863 0.0603098217328301
0.036329343810784 0.0497542391460488 0.0059218503746529 -0.0067667151629382
0.0490496408602223 0.0346229939140002 -0.044432073408905 -0.0504156576734328
0.0561492192062385 0.0200704498886098 -0.0750148895463789 -0.0410417676383284
0.0548685541563119 -0.0124356690347271 -0.0991900519052159 -0.00392988003552461
0.0401909868168575 -0.0332719453552463 -0.0856305566145987 0.0325553565827601
0.0211098536001125 -0.0470999356048982 -0.0552719532822699 0.0476590301765834
0.00445814993165502 -0.0467818169431224 -0.0242242464747082 0.0449081370275455
-8.72329676793043E-05 -0.0551477909034298 -0.00166550090046218 0.0391568670880668
0.015377629919412 -0.0553990268932841 0.0127147110093352 0.0325059523221076
0.0299577556353154 -0.0560552860443026 0.0312998235325331 0.0282512976829904
0.0593664603400653 -0.0411374097134486 0.0477535092074061 0.0399083587665349
0.0734483216760713 -0.015826132038584 0.047615248466306 0.0610007745312886
0.0722723636115174 0.0228244924330891 0.0475345301345827 0.0588509429796897
0.071271174697371 0.0532501096506818 0.049193536097724 0.0455134081490665
0.0617809399160013 0.0921163131513581 -0.00329685709501244 0.0264349407222849
0.0589657073740067 0.0784758132127299 -0.00424290045439135 -0.0359223226066146
0.0831408849665404 0.0532198899020785 -0.0527501385970832 -0.068198057308666
0.0894314579982608 0.0216277359958099 -0.0783651789714767 -0.0504607726493786
0.0781192528340815 -0.0233134306803942 -0.0923183595197472 -0.00764873663332799
0.0566936122620373 -0.0456773967087807 -0.0730165024190218 0.0185165674998579
0.034178721139789 -0.0616066545680334 -0.0460275288335903 0.028672860078343
0.0119683046096226 -0.0623675195057871 -0.0194080500200577 0.025491517837787
0.00941651586380691 -0.0686677288519003 0.000457615692165997 0.0183779643802757
0.0290720323050662 -0.0655519797512041 0.0157627007518022 0.0105014901478106
0.0434612783509574 -0.0632096407544243 0.0373800345608522 0.0099778399863064
0.0779051111512708 -0.0423894555134464 0.0529284456746009 0.0295583534957096
0.0952479812594852 -0.00915649991945316 0.0457590091359303 0.0559665217674784
0.087122120923437 0.0406912186635136 0.032204784227548 0.0516456466360486
0.0806034248499618 0.0782521291120742 0.0260288696922649 0.0242499222795062
0.0657518065118764 0.105369229422275 -0.0221013525719728 -0.0114556287802511
0.0742961068240767 0.0933415281045644 -0.0196770875845883 -0.0642138402142623
0.105434764599999 0.0603466723394063 -0.0598917462188362 -0.0831758193663238
0.109720046311074 0.0165076766504791 -0.0774598881006181 -0.0576737820486951
0.0878753850206728 -0.0332422631722631 -0.0778911314424292 -0.0148499763256377
0.0623573417913425 -0.0538698077542566 -0.055876698922522 0.000582511909156696
0.0405632027325911 -0.0684080054196041 -0.0344096571132646 0.00590356472058154
0.0191598133414926 -0.0669770231334064 -0.0117965540126004 0.0016522456631771
0.0182497549925542 -0.0720419724991122 0.00637178470432108 -0.00470725003268693
0.0409733107567706 -0.0639743162927903 0.0227773814745099 -0.0121096143448322
0.0557427767422959 -0.0578538129921878 0.0464754850248432 -0.00688303762921384
0.0884165698115388 -0.0325804791989645 0.0576059369352167 0.0195867148918707
0.103027810410987 0.0039155264876799 0.0428161218190699 0.0498037059065838
0.0871837239727478 0.0573617521490217 0.013840634785708 0.042693479735109
0.0733907116084988 0.0943008789539345 0.00220612393701854 -0.000154615951455529
0.0592705854950892 0.0999642025265767 -0.0422163916677227 -0.0450244066978735
0.0745857114075261 0.0901903885680484 -0.0388258339441504 -0.0860024157175528
0.106617457886081 0.0552935403094692 -0.0631439434187129 -0.0894175332146351
0.107525399170268 0.00949096646442902 -0.0692207056357123 -0.060660002244235
0.0817696573034684 -0.0375076075790164 -0.0582190417792131 -0.0260788624745871
0.0576408244346492 -0.0521133949179243 -0.0374405331839288 -0.0201252744742961
0.0395093826269109 -0.0644615985700748 -0.0216174798663806 -0.0183118240521705
0.0223952394922302 -0.0618590829872413 -0.00258344776459833 -0.0211780892880434
0.0256135585428008 -0.0641780223013672 0.0158713255021911 -0.0263791002117768
0.0490220835505138 -0.0527908933192372 0.0349057704447661 -0.0307759816514092
0.0615103759908327 -0.0413054773491451 0.0581681588370377 -0.017454171602394
0.0869323560661262 -0.0121683700828781 0.0617662616289549 0.0148995024974755
0.0956364063235632 0.0220005396563579 0.0376660501531687 0.0440723992498054
0.0728974756843541 0.0680135324523932 -0.000557460845346163 0.0304574650217146
0.0561015082501547 0.0975699659647392 -0.017585066819844 -0.0277883839106339
0.0408345712961605 0.0779919587277095 -0.0595460424532618 -0.0687517635029538
0.0586517103668715 0.0712022602168668 -0.0568911708044672 -0.0952388662651815
0.0850526486194516 0.042645906399402 -0.0616144864590715 -0.0864948406425375
0.0830596814282728 0.00499052929781297 -0.0576180404216438 -0.0607001654537763
0.0615804851187817 -0.0284324117308882 -0.0393341088718971 -0.0368438335062829
0.0445952724903949 -0.0389058340842463 -0.0210920433471766 -0.0390359143278017
0.0335560463489849 -0.0481984391447757 -0.00995859877596384 -0.0392904421521601
0.0218402865636943 -0.0470501294583349 0.00700000752503038 -0.0399417640339125
0.0277678706859086 -0.0470513125652163 0.0290660799551086 -0.0442785894245748
0.0469578141134717 -0.0354045231696665 0.0505759945865206 -0.0419699176268496
0.0562221870582289 -0.0229600152795084 0.0725202739132906 -0.0217105068188927
0.0714485160956862 0.00533399097440627 0.0652560268385474 0.0146846957931627
0.0745212039617735 0.0336229866119971 0.0337056985547465 0.0362901620650838
0.0491296462940854 0.0690231890724259 -0.00849809443549817 0.015888748905059
0.0298185426481489 0.0871834512415216 -0.0285532947951968 -0.0546505142654303
0.0121885593094767 0.0450005383244196 -0.069474085234334 -0.0767908673644472
0.0299750041071724 0.0435474345005248 -0.0686051441993956 -0.0923984884532126
0.0471838391486185 0.0263061079569401 -0.0560697068043475 -0.079336918311677
0.0443795082665154 0.00539699653085927 -0.0471502101211458 -0.0588014945170269
0.0346836912665327 -0.0116076756703516 -0.0267525193245428 -0.0450811427717431
0.0276144501220998 -0.0175219748567809 -0.0107834752376968 -0.0509881656838945
0.0243271343165823 -0.0240883083555045 -0.00228959625420708 -0.0532923938648605
0.0177452305628211 -0.0251383512801889 0.015703938198993 -0.0514699133909724
0.0218918838104008 -0.025131321114097 0.0417595238664388 -0.0543274593501618
0.0331009926024617 -0.0167147370143814 0.0659990200592502 -0.045452451373663
0.0381368186180874 -0.0080754007107018 0.0843230185103978 -0.0168714798377326
0.0465094232611836 0.0118475919061491 0.0675448836389968 0.0170310885060307
0.0461721605774323 0.0318765132959232 0.0326403505704094 0.0300163360317729
0.0235627112210318 0.0551894561871938 -0.00974042195256589 0.000818105427138299
0.0039626066155182 0.0616256224611099 -0.0316659215545735 -0.075827600227049
0.00879283356941992 -0.0181454754344061 0.038638052840807 0.0906247392764266
-0.0085539212670301 -0.0218360147579591 0.0211188612937774 0.0191374001437376
-0.0172456771418698 -0.0154744943992725 -0.0294210304636809 -0.026190833193892
-0.0128471514090816 -0.00231961184028903 -0.0658567723844121 -0.0254906487031561
-0.00613596998557734 -0.00256597596531489 -0.0947063523437521 0.00767261327642101
-0.00893402844789964 -0.00447045378112401 -0.0848162814360651 0.0519398935713892
-0.0144666708957935 -0.00188424997959956 -0.0526950001789478 0.06482734320723
-0.013750405991675 0.000557735278379424 -0.0216546588317587 0.063289470824696
-0.016772848952857 -0.00475031064520904 0.000587301065717136 0.0602722955185673
-0.0133082913719794 -0.0123647414015657 0.0121737098005432 0.0576703418623177
-0.00834154499027203 -0.016389737504807 0.0245274053371191 0.0492400831408738
-0.00258788733481047 -0.0185463104249414 0.0402217383017679 0.0531082134280142
-0.0013154631826117 -0.0208529548616919 0.0501465280115114 0.0656839649676763
0.0113673106466071 -0.0208573115388846 0.064757501650591 0.0698388554158894
0.0211886579194669 -0.0158413668493292 0.0758771277341828 0.0659357721086045
0.0323581878404979 0.0223421115435793 0.028781979197903 0.0813918244364926
0.0146626573590127 0.0125839820336802 0.0137859445010261 0.0114909374030303
0.015265241630455 0.00833916622783493 -0.0371983395286282 -0.0335175103673927
0.0212695808370395 0.00903099650892639 -0.0702693798755132 -0.0317274538387983
0.025263430591514 -0.00742284582859139 -0.0991933800968507 0.00298697042969253
0.0162057045084961 -0.0205022608367026 -0.0889615744086355 0.0442418656070317
0.00238533718467834 -0.0266751356676178 -0.0556699381356095 0.0612946300722376
-0.00566576223575293 -0.0252124557538496 -0.0236219638479372 0.0581774694109466
-0.00965580241255641 -0.0325238499110607 -0.000418471954922316 0.0536902316116514
0.000353488474362713 -0.0374448894931706 0.0124735902971163 0.0488078499551702
0.0117057614243756 -0.0393621778848142 0.0276372060641572 0.0409597780315674
0.0309124056303192 -0.0324712831956815 0.0451956276566381 0.0468527733494075
0.0394527351176223 -0.0190420402570306 0.0499381777251396 0.0629765780456189
0.045640969704539 0.00149726494223252 0.0610300848600336 0.0633158057182469
0.0511849509340803 0.0192885388356981 0.0699215148791216 0.0577572007147586
0.0510983217267205 0.0606028633430321 0.0135431594405664 0.0579556993103958
0.038510886512478 0.0482219044614279 0.00569438440958416 -0.00805155252669941
0.050159260349333 0.0329850596926619 -0.0445705579368389 -0.0491033949211892
0.0572482857877648 0.0182795625310202 -0.0756895001839606 -0.0397950855531683
0.0541255683227666 -0.0151765271006732 -0.0979138048984871 0.000360227067948264
0.0389650540359602 -0.0353843630937081 -0.0840854333956641 0.0353018348978197
0.0186454363247686 -0.0477511736413138 -0.0522449720317899 0.04873014236117
0.00274116954478002 -0.0465986463937044 -0.0222508750095213 0.0448316291851011
-0.00261543909787425 -0.0553353534846051 -0.000225368987144627 0.0383584419124451
0.01313425656751 -0.056708421931561 0.014418674044347 0.0316560128085671
0.027485509362181 -0.0570734894091423 0.0321050245208616 0.0265960572550545
0.0579329241641467 -0.0439828954644571 0.049642110104807 0.0377747223121163
0.0729573409807323 -0.018023263820994 0.0499670057151664 0.0590213800101081
0.0735303682228454 0.0202541537680404 0.0493102706936475 0.0569284234215373
0.0732965882613052 0.0503798196903803 0.0515476956365134 0.0437796593497085
0.0657093054740769 0.0886107125296584 -0.002365291410854 0.0250742071071888
0.0615165096779895 0.0764294596226526 -0.00505849080791499 -0.0352609476246106
0.0841349756244432 0.0498686434350975 -0.0540519159351334 -0.0671277633579587
0.0908013975541938 0.0183996865910317 -0.0794238197075718 -0.0488190116078694
0.0770539883333306 -0.0267471011566016 -0.0909068412210049 -0.00482781544151238
0.0548130301009915 -0.0482058789450052 -0.0718227996756969 0.0205833665296488
0.0313082828954091 -0.0629145470449132 -0.0450292793790192 0.0299095789405272
0.0092591245003601 -0.0619962533153858 -0.018452380341799 0.0249693429749215
0.00606494125858941 -0.069031755445674 0.00147799977133723 0.0180016470512379
0.0257200486807361 -0.0670433738807024 0.016861152544602 0.00956579399890473
0.041430191155524 -0.0641388198954964 0.0386920077421593 0.00888879282644707
0.0766317693765545 -0.0462573458843916 0.0541748822604889 0.0274035010797602
0.0945041090217062 -0.0130992307861126 0.0478584312998953 0.0539773917284642
0.0885476195767169 0.037512558293212 0.0343677810647181 0.0502955735582992
0.0837251807812969 0.0742370196290842 0.0276745471116373 0.0241142689256311
0.0697944240662937 0.101629628447754 -0.0229168930546173 -0.0125240126569285
0.0773311843978947 0.0903159021297863 -0.0212662020523999 -0.0641814183963658
0.106522535226955 0.0561905006073559 -0.0606874553683542 -0.081120981036299
0.110398398367961 0.0126490229961304 -0.0782561932605029 -0.0560557578057037
0.0865402727289945 -0.0362540602469726 -0.0771338421078296 -0.0126979585207945
0.059362097658135 -0.0565432843745114 -0.0555044015123704 0.00198420163191427
0.0371560472332929 -0.0701210369334128 -0.0334303535660337 0.00662677972865934
0.0157664703711873 -0.0670301885067366 -0.011527330465038 0.00114851793457453
0.0150246165601928 -0.0721478477999612 0.00651898277193212 -0.00550495063937752
0.0382440932888654 -0.0661223397560003 0.0224049342767811 -0.0135313632230023
0.0529347812319574 -0.0594132969329323 0.0461886741162099 -0.00833501492967519
0.086376306750017 -0.035779503788846 0.058942579883248 0.0169934386733996
0.102621714779044 -0.00094359833211037 0.0455466081979384 0.0473960301049309
0.0892316285092028 0.0533748555374759 0.0157908660559233 0.0420964222097629
0.0770705407404305 0.090719769492237 0.00245197322272584 0.000120581649581108
0.063373169020749 0.0955771814590091 -0.0438637572076949 -0.0447927076847665
0.0774292917270952 0.0863325223830726 -0.0412286170590167 -0.0841403394943607
0.107612153090703 0.0509058645717583 -0.0648071062254891 -0.0869752298965331
0.107919848789794 0.00542353412215533 -0.0706286203250976 -0.0591886785111609
0.079557561239222 -0.0394911069238749 -0.0580776905989736 -0.0243476128330801
0.0550464541948791 -0.0535651594137872 -0.0382383939518687 -0.0193976856787933
0.0366199467809526 -0.0659484547597319 -0.0219754401170868 -0.0176992754502248
0.0190583941959173 -0.0620408755329964 -0.00330569649274248 -0.0215899266178459
0.0219327294762574 -0.0642467659753242 0.0156732114073252 -0.0280452139234532
0.0460798765245752 -0.0546965816774391 0.0340083540330968 -0.0321554121208781
0.059557695876125 -0.0430049211943865 0.0578034204987413 -0.0197965658902372
0.0867458900298703 -0.0156217261230901 0.0623946264976936 0.0127868203743494
0.0954855300468532 0.0177427746685453 0.0400076458004039 0.0412522060620135
0.0752948014266085 0.0649844664006844 0.00108707013513577 0.0296615865559429
0.0598972082727448 0.0939008471144912 -0.0177574468274833 -0.0262660729312266
0.0445815471493982 0.0750485879337906 -0.0618887373150946 -0.0671290867237316
0.0610408474396505 0.0683703273720658 -0.0597177840556054 -0.0932190107974573
0.0854426776452616 0.0392263919187992 -0.063219617922651 -0.0835582824462694
0.0831563508523849 0.00187276548772377 -0.0591976740006506 -0.0590962551867096
0.0598519294126664 -0.030371193621896 -0.0401735870329086 -0.0362102133711301
0.0420658719465821 -0.0399919385483435 -0.0224539512348128 -0.0384932736624872
0.0313328780954425 -0.0496218903071639 -0.0116823438578382 -0.0386319499155306
0.0194071349294585 -0.0469747886265059 0.00673609778677005 -0.0408346177457502
0.0255838046245112 -0.0477377509908597 0.0271076148250203 -0.045245224346274
0.0449387611202578 -0.036919698223203 0.0488707823263914 -0.0438270427754026
0.0548350244030708 -0.0241870046712768 0.0715399315590911 -0.0244581538705696
0.0723054935096801 0.0025088877731036 0.0658886674035303 0.012310432701528
0.0746509714146172 0.0305525813346578 0.0362246530382572 0.0349855310366714
0.0514327219344092 0.0665368060997073 -0.00780096229995281 0.0157594736898082
0.0330229589608703 0.084400742523575 -0.0296740760981386 -0.0523682661648256
0.0144905032089586 0.0436016001876332 -0.0723656000461865 -0.0747452973442248
0.0309094236765773 0.0417951802625081 -0.071724344727148 -0.0899098704699343
0.046471285701933 0.0237424314103323 -0.0587334562320282 -0.0771032953083428
0.0440719397540466 0.00450722299755882 -0.0482407796010454 -0.0571794238855512
0.0335899582880872 -0.0125157089450697 -0.0275193150409771 -0.0442029898520516
0.0268431305580243 -0.0180826149630059 -0.0137096614842864 -0.0511010966075324
0.0228085931100466 -0.0248323681037359 -0.00437996585648767 -0.0524389224350587
0.0165071557761808 -0.025306360413579 0.0140040446681534 -0.0525724794839992
0.0202615924108471 -0.0254455681116334 0.0398515374217414 -0.0553243065412681
0.032627747312374 -0.0180229304370219 0.0631592558796793 -0.047768684863574
0.037003394087753 -0.00962882645058968 0.0830225569561554 -0.0201776730879236
0.046765746140958 0.00962196048603005 0.0684896929624056 0.0146053133516741
0.0467458162603916 0.0297070115581033 0.0340619906754486 0.0284993319440703
0.0260665433671999 0.0529290059607925 -0.00888934660498922 0.00129611305584541
0.00639091628209188 0.0605759359515049 -0.0338506426954573 -0.0733558196216601
0.00770723095781532 -0.0173367297912973 0.0494110800057774 0.0814137859528405
-0.0110796794842736 -0.019496799163123 0.0239279075785463 0.014577383738547
-0.0187019110492792 -0.0122603874655021 -0.0310617987765934 -0.0219572884772255
-0.0139841151302545 -0.000815219435517435 -0.0673988819984803 -0.0159187237294055
-0.0079526091099389 -0.0010553213784859 -0.0897576748636235 0.0208427485374885
-0.0102768650194941 -0.00123732409572768 -0.0730851460648319 0.06150253764377
-0.0145432467507001 0.00188395927437418 -0.0409316904206582 0.069809563983881
-0.0123829022746389 0.0022920862819735 -0.0126387125578208 0.0634817138698888
-0.0158142932417109 -0.00146131220114497 0.00795779378818463 0.0583661793976832
-0.0144296115078566 -0.0104244817855705 0.0191706240891691 0.0555086083275051
-0.00991309012035836 -0.0149236745904705 0.0297356749640313 0.0458549436305022
-0.00507574123166536 -0.0185507721528247 0.0451639017617868 0.047137243956646
-0.0028084235490217 -0.0211742284889139 0.0560318393561728 0.058903717561015
0.00866054726131879 -0.0231540675771217 0.0705037612451281 0.0613620343006112
0.0182351199970529 -0.0186792839269483 0.0802259593134649 0.0562894043323167
0.0363058281512692 0.0174427017684675 0.0368144076568302 0.0734539183174313
0.0178818829822664 0.00985298338769038 0.0133351188472408 0.00867428479138835
0.0152857342233803 0.00576443938673394 -0.0408475314434873 -0.0269364895926879
0.0214727348832904 0.00471651216889813 -0.0734358765754109 -0.0206891321717564
0.0208733563489552 -0.0105950108489365 -0.0949859858229357 0.0177515703955469
0.0114246522216686 -0.0199697650730524 -0.0779192845462646 0.055732028789717
-0.00194447387141056 -0.0250331232897636 -0.0448069241458265 0.0673634555810321
-0.00843779591637858 -0.0224891276480929 -0.01478945723859 0.0588455193377124
-0.0139043953267359 -0.0297386055863196 0.00696949777680338 0.0512836351684948
-0.00466950992588911 -0.036509018594054 0.0191089894834411 0.0467029821328719
0.00604714703273907 -0.0396413376132997 0.0323677454740142 0.0375491494921839
0.0261064091894722 -0.0376434907666619 0.048490167152757 0.0415079888101479
0.0363198144313736 -0.0252709934675576 0.0549049527405548 0.0559112058473181
0.0446037743177688 -0.0056837172849298 0.0662604537494679 0.0541076560558712
0.052509503410309 0.0116575715158616 0.0740052075544502 0.0474619795110013
0.060161012166605 0.0507878169786342 0.0170620151294731 0.0529717899706825
0.045484726149364 0.040576368769812 0.00174513950524536 -0.00888972658294751
0.0527887104057521 0.0233291643225283 -0.0521792500520905 -0.0399737679321901
0.057942522533607 0.0069217830761637 -0.0810290754658018 -0.0269052035300331
0.0483589687462144 -0.0223071381826212 -0.0945677613808137 0.0155543410984426
0.0308356340692294 -0.0381011210962458 -0.0745308433394936 0.0466546262059472
0.0103724996006991 -0.0489403127400048 -0.0440078780022214 0.0560098422734907
-0.00355650490233079 -0.0444674453048913 -0.0153195964097634 0.0457711684683317
-0.0103061544105952 -0.0525193995976654 0.00523198657460081 0.0370100936353259
0.00506755721299932 -0.0575714688519354 0.0178320316031463 0.0304531870800292
0.0187928865793403 -0.0591187239911294 0.0343489514677517 0.0227943727045398
0.0505176195802446 -0.0526260598322808 0.0513039787114868 0.0320373849573172
0.0686124895959828 -0.0291086231752722 0.0538017803590141 0.0513147237319985
0.0740816884290436 0.00891451714421824 0.0546143712830518 0.048097604159214
0.0776800354515369 0.0393312385136401 0.0553610704725945 0.0353459556357757
0.0779766144021891 0.0745602584628613 -0.00448901827598958 0.0231420668764051
0.0716772712510346 0.0627736008879504 -0.0140192566845201 -0.0330347491314527
0.0875539071383322 0.0344503307151894 -0.06432521869708 -0.054978330549258
0.0898019019465203 0.00226949321094057 -0.0864784837253286 -0.0332599776705044
0.068310827045036 -0.036045065903707 -0.0871977230868281 0.010750534643444
0.0443361795062764 -0.0530706784797032 -0.0651381669846394 0.0318792390015704
0.0200516281431538 -0.0661507550543319 -0.0387377342927363 0.037583456446678
0.000714401266328043 -0.059829933943486 -0.014245131454175 0.0256992976294846
-0.00410316308540693 -0.0673074037223005 0.00434764903708074 0.0166169151518494
0.0154324292921224 -0.0691698855987931 0.0175316759038477 0.00869104892551697
0.0309127653666203 -0.0685391793910478 0.0382429117144001 0.00478599525958143
0.068112938826942 -0.0577210718199186 0.0540670654751873 0.0209224412067302
0.0901331686514488 -0.026712315525872 0.0512156772255792 0.045539748570221
0.09151619382438 0.0233421623163706 0.0398446939284443 0.0427617913147468
0.091019390900503 0.0610996396402976 0.0309354117538939 0.0175092059377726
0.0839083705058983 0.0851265718935367 -0.0295549720163751 -0.00964141352373792
0.0878955200096421 0.0730891616614964 -0.0345598107639222 -0.0574220741736936
0.10976685367424 0.0367913751825959 -0.0748175549283165 -0.0661300115189217
0.107683758927335 -0.00589075173791112 -0.0870349159225802 -0.0396147746079647
0.075746044637806 -0.0470089048660978 -0.0751073375660586 0.00183348681940352
0.0479134908907049 -0.0616208244282477 -0.0513122866071516 0.0112174161722545
0.0240749668064251 -0.0745580230578358 -0.0315214986494141 0.0133529695013458
0.00643543567523622 -0.065984075769938 -0.0103129983714561 0.00271502667926395
0.00382794976279807 -0.0717958152030509 0.00623256023627425 -0.00610640287737409
0.0271300140877272 -0.0709379387249799 0.0203181447691588 -0.0142811327251674
0.0431494912179299 -0.0648798126073482 0.0441966870899564 -0.013273565263017
0.0796892803822889 -0.0491285000603038 0.0568527373764554 0.0110012855787954
0.0994026388211427 -0.0155334298026281 0.0478704480703455 0.0393435277463996
0.0942631087372942 0.0391198535511581 0.0207569056766267 0.0362211583439781
0.0873520764259846 0.0778556669774491 0.00469743271892674 -0.00301228708369563
0.0755134565628972 0.0808893668600601 -0.053884850626059 -0.0376721955434173
0.0871779739353099 0.0691337244151666 -0.0569153207188858 -0.074297711094628
0.109846097733066 0.0312311870829956 -0.0783887107084194 -0.0710582995490588
0.10376169953276 -0.0122142884080321 -0.079252221719825 -0.0434135375602794
0.0689600977671654 -0.0491235776307828 -0.0585032232596009 -0.0121758653634871
0.0435572533108798 -0.0591529290852513 -0.0382720414264663 -0.0112329795661256
0.0237743937522233 -0.0703791277465039 -0.023296328446618 -0.0115161608526247
0.00949621499401702 -0.0622551421176927 -0.00539490828188821 -0.0200566416369967
0.0116604878800886 -0.0659047696888639 0.0120427608905164 -0.0287120744447936
0.0359666715481352 -0.0613860623572441 0.0286139239355327 -0.0340616720818634
0.0513349315923469 -0.0509489969237519 0.0531311408014278 -0.02509027717862
0.0819818749836825 -0.0297661552666623 0.0604960226967939 0.00564652389716598
0.0951013288603207 0.00329167541018063 0.0419702205050272 0.0339909419820038
0.0821605474499168 0.0526222594659644 0.0056641314719925 0.0266036313002943
0.0705155568574635 0.0833056891029501 -0.0173894991433537 -0.0259469364805072
0.0535241508707823 0.0632734454183363 -0.073231061453554 -0.0565991974239021
0.0672141312973168 0.0537460463271928 -0.0747619197170366 -0.0803567239090926
0.0860480006000321 0.0234342296351771 -0.0763866806966585 -0.0692661436793316
0.0784753424687162 -0.0119318660567829 -0.0682026479003619 -0.0456343841302026
0.0521440156296117 -0.0382610719751807 -0.0431280108918994 -0.0269071912287512
0.0334694813767551 -0.0451922109971594 -0.026514581100193 -0.0325428771225561
0.0210939661550226 -0.0537306223424581 -0.016637679699032 -0.0339611717399148
0.0119606006578618 -0.0481545828016952 0.00114081082892107 -0.0388471007333214
0.0167504110320853 -0.0502618408075101 0.0217082021744331 -0.0471480604868693
0.0375980484751171 -0.0435001847067645 0.0419227068330707 -0.0475347489471981
0.0489499404596174 -0.031785890208899 0.0658074708203639 -0.0305298818164087
0.0705631671389706 -0.0101646370736513 0.0636865628809021 0.00479629005505368
0.076263816971842 0.0186542897266135 0.0378912853609959 0.0280747298362144
0.0586748090743883 0.0568099922774539 -0.00439996718721378 0.0139628231552277
0.0433258213070021 0.0773761410255078 -0.0322209051859 -0.0485622428572523
0.0188347368098798 0.0385629935874045 -0.0820074722109032 -0.0634151064486156
0.0341307721957252 0.033935509106503 -0.0839516526598983 -0.0761048403566196
0.0465183332618987 0.0156472529867776 -0.0685808108057004 -0.0642562189958051
0.0420304888074533 -0.00356581972267666 -0.0571546765507444 -0.0470299234449316
0.0289135905037713 -0.0171415664044015 -0.0329560848495071 -0.0379163572229418
0.0213770950831033 -0.0218674598964835 -0.020211041323165 -0.0462980717245227
0.0179701470810361 -0.0280480738824666 -0.0119070092077572 -0.0492064791785561
0.0119271817217994 -0.0268076644598961 0.00708603199526914 -0.0520033996002281
0.0157511347575422 -0.0283902121843498 0.0323364099117321 -0.0582383772524219
0.0281103610888808 -0.0235087037049898 0.0558466167600158 -0.0528321661967859
0.034172264942573 -0.0156275192654536 0.0773998444871788 -0.0281347188999223
0.0470351707381445 0.00185675403671931 0.0675326366426834 0.00715512336661128
0.0487483948392308 0.0219108361513745 0.0364345078240151 0.0231704381291802
0.0314406908664105 0.047785824553288 -0.00736060199432468 0.00165774157543616
0.0134896260850314 0.0580482555611857 -0.0387146372877323 -0.0678624494680844
0.00654805918717711 -0.0164017711189072 0.0486349760874654 0.076293271324625
-0.00939840221158761 -0.0183304337994238 0.0230589620944292 0.0132015685032565
-0.0175039213409056 -0.0113419271200244 -0.030120792499947 -0.0212631710136341
-0.012931106200215 -0.00102122118144408 -0.0654433353880533 -0.0148881580325611
-0.00804920572145281 -0.00169631199553816 -0.0859728975952576 0.0217250640443955
-0.00961186730344638 -0.00143094549262163 -0.0687149036542679 0.0606688703957368
-0.0138604162511599 0.00144203752257249 -0.0379983755967717 0.0684236676097342
-0.0114531381761075 0.00214434398452806 -0.0116202308377848 0.061667551061508
-0.0152760336535198 -0.00179230859426924 0.0090990231829771 0.0554787712845062
-0.0138962936352177 -0.00990034296321388 0.0201505219297928 0.0530480872729728
-0.00975676895586601 -0.0145612281586122 0.0293808142161476 0.0436865376284621
-0.00486757773630509 -0.0179440475471972 0.0441530298018897 0.0451562483775287
-0.00297795812076501 -0.0198274319363384 0.0544928384803454 0.0560492173319192
0.00771965824577775 -0.021894784792731 0.0685363197954268 0.0583043541125349
0.0169750602744406 -0.0174798613741486 0.0791119332298764 0.0532452090719082
0.0354595128766999 0.0162142975554618 0.0359907974285289 0.0689871948662463
0.0177983556286735 0.00940573263578183 0.0128393220374598 0.00775337065787387
0.0164045750958861 0.00517192319377856 -0.0397270940169753 -0.0264474447236478
0.0212130669314931 0.00360959608241019 -0.0711353587438064 -0.0201498329429132
0.0204960583895081 -0.0111939802221058 -0.0910255237803803 0.0188568213587995
0.0110525985058995 -0.0204006652350513 -0.073611739760972 0.0547874077640555
-0.00250875217377989 -0.0240077369618803 -0.0415599615603648 0.065547024226798
-0.0086377619142036 -0.0220800181463904 -0.0138465583911062 0.0566357448411477
-0.013723128224841 -0.0282803609679735 0.00785724446401441 0.0488825486185706
-0.00512457142059828 -0.0355686359818488 0.019422395593304 0.044384293351674
0.00482831790403572 -0.0385438515153488 0.0320345918713915 0.0353669743957375
0.0244264194501645 -0.0371103208779638 0.046847700844008 0.0386476538679077
0.0352224701832189 -0.0252316175289243 0.0537872857621249 0.0523869015979592
0.0431643192697252 -0.00625095877789305 0.0645482220171983 0.0511135933365115
0.0504575883496833 0.0103227108041681 0.0726073643894523 0.044974331052425
0.0592688611964362 0.0471220503073788 0.0163922744868556 0.0494747811859441
0.0453767992499468 0.0378809535304626 0.0012927793620567 -0.00879040341388629
0.0519253934436504 0.0218270183064129 -0.050663456930521 -0.0388199105043555
0.0567023655674707 0.00515332232312483 -0.078848986055937 -0.0255404892751212
0.0458447825777732 -0.0228010277386081 -0.0904670444569676 0.0161846584204164
0.0293873177060591 -0.0382302441363142 -0.070680098739651 0.0463950748480251
0.00823123413361153 -0.0471837535770973 -0.0405017900443652 0.0541303271992808
-0.00402560992845988 -0.0430699057184892 -0.0144378729900588 0.0438936294235052
-0.0111180296501992 -0.0506445876481711 0.00596238226514518 0.0350298653042541
0.00355378298380231 -0.0565041446932995 0.0178464606476114 0.0287136028442119
0.0171568116383853 -0.0568756823685679 0.0340500191617537 0.0213199040976775
0.0476385085956792 -0.0520624461929803 0.0500909233945953 0.0295558289203362
0.0658515574029459 -0.0293836650535857 0.0528720215226622 0.0476831953895574
0.0718797809062589 0.0069127336936315 0.0533380233600961 0.0456987958702811
0.0757796399853772 0.0360722617037964 0.0547818121565686 0.0328760555584288
0.0766595091325886 0.0698080940845669 -0.00476356913015433 0.0212661978600155
0.0705729930454142 0.0592886966521229 -0.0140620530944135 -0.0320487376535663
0.0855664977560763 0.0317225652348345 -0.0626633165531058 -0.052809769675007
0.0871956254294782 1.95050967446483E-05 -0.0844266608538391 -0.0320339684797363
0.0655415843779237 -0.0367584477465317 -0.0841180859648088 0.0115074711789829
0.0416342173440683 -0.0521213689112252 -0.0619418284079172 0.0309006159669552
0.0171244962665975 -0.0637676362640654 -0.03619091582892 0.0359147276068545
-0.000123306600687135 -0.0581492629508397 -0.013589580996834 0.0248949532376453
-0.00554288833082332 -0.0647551188009024 0.00402302238974107 0.0153857296900814
0.0135019769660751 -0.0678563252766236 0.0170943059685978 0.00760139453784593
0.0283705970847721 -0.0664428811932351 0.0374187390291209 0.00374355221329351
0.064588442463786 -0.0572308659025594 0.0528840658220709 0.0185948309165125
0.0860575178071648 -0.0277949691635962 0.0501950983107037 0.0426305197610742
0.0890374103652575 0.0206185327298687 0.0388198871491278 0.0401366141306635
0.088936890531642 0.0565737294586079 0.0303624184986472 0.0167362779050636
0.0818823780156522 0.0796687515065791 -0.0295882513252817 -0.00983945177649702
0.0861838214809289 0.0683394158857178 -0.034136660465225 -0.0554484327324875
0.106469913760588 0.0336168830382306 -0.0721826851133403 -0.0633325947163768
0.104184496432664 -0.00820542307959602 -0.0842075667405628 -0.0375812177131381
0.0723512159560254 -0.0466229561221541 -0.0716209093326755 0.00158721717469128
0.0450687736006618 -0.0609174242280431 -0.0496191520454435 0.0112638773024376
0.0210022802958502 -0.0718751856174761 -0.0293564720749652 0.0133453408949347
0.00486414177661645 -0.0635338566299053 -0.0105960991937709 0.0023920247565703
0.00182700236628302 -0.0685040394642405 0.0058240983653008 -0.00696116765246952
0.0243931272166692 -0.0692568026607331 0.0191160834071598 -0.0146957945012274
0.0400326840457298 -0.063525239780104 0.0421591901580767 -0.0130458478260895
0.0756357900940909 -0.0498295507631955 0.0554857568934227 0.00904321377241863
0.0957474998448084 -0.0173625110180253 0.0469820270635764 0.0363580140742146
0.0916923599843192 0.0353312596488447 0.020601204148769 0.0342313374894363
0.0854690685118528 0.0725021251816812 0.00550185872008259 -0.00230892623008837
0.0746443221303681 0.0758755141053463 -0.0532971012626888 -0.0364436430424935
0.0852649850299829 0.0649848114116253 -0.0552061714984488 -0.0711814486707691
0.105637264781137 0.0285904299646801 -0.076157228717691 -0.0676433415979205
0.100553827522884 -0.0141189062185498 -0.0775956469573048 -0.0417727181827214
0.0657031991356504 -0.0488181784761578 -0.0559162515369427 -0.0121711606223291
0.0405623808512491 -0.0581735229199795 -0.0367456226046987 -0.0103424916442863
0.0206444557364247 -0.068231818721672 -0.0221897032925876 -0.0108237530585026
0.00821221899399688 -0.0595962443910113 -0.00513653410144984 -0.0193618030876707
0.00956900653308358 -0.0627048871673037 0.0113550313870256 -0.0282217595447854
0.0330602128204019 -0.0599906287967775 0.0268915890971426 -0.0334739385411834
0.0487139907274951 -0.0502189550966327 0.0507715891530209 -0.0256625212104572
0.078184162768865 -0.0305073344986665 0.0586986098600984 0.00437840178670009
0.0909201818852375 0.000665364412776868 0.0415364485668993 0.0318936664448952
0.0798586499609664 0.0482819101156135 0.00629372006435085 0.0249028909993699
0.069857995441183 0.0779221497315379 -0.0169369867101559 -0.0241044645313018
0.0532362346824524 0.0594316676552661 -0.0711400532370858 -0.0546911269879515
0.0657239533314852 0.0499633277925949 -0.0731705723134705 -0.0756687685123633
0.0827544875889113 0.0212857552058914 -0.0741666837680053 -0.0657132319819832
0.0758890101808334 -0.0127711773261087 -0.065985546497481 -0.0437300796743616
0.0488225571290353 -0.0372604825419568 -0.0415647931187316 -0.0261021725436197
0.0311041234269094 -0.0438510667569319 -0.0267490585932493 -0.0313412484299516
0.019123680880715 -0.0517966896974632 -0.0164095965622302 -0.0323213504533232
0.0107858033039574 -0.046149829627651 0.000723804270766763 -0.0382021896131383
0.0151675722435454 -0.0479716988283792 0.0200082892144907 -0.0459606323097814
0.0347991879664785 -0.0429921113658343 0.0389356625346112 -0.0461214219526874
0.0465199781056364 -0.0316282274626516 0.063201754694219 -0.0308257213544713
0.0678812247517328 -0.010823924194186 0.0618721068776458 0.00294829204703507
0.0729156712332528 0.0166619702556624 0.0376865889117511 0.0261413715420467
0.0577173019341435 0.0526685537321434 -0.00361332826954279 0.0134747738474367
0.0436532900770178 0.072651513301662 -0.0314753860798027 -0.046039734253134
0.0190243265900532 0.0356650114386083 -0.0807210536248867 -0.0601089199429902
0.0326579120552935 0.0316798355065876 -0.0821271289698298 -0.0716584992589588
0.0447101904565339 0.0144136879703646 -0.0669295177050274 -0.0611589622241294
0.0403266276370516 -0.00405704852377648 -0.0556483844289351 -0.0439957208616483
0.0275874148455635 -0.017024157743506 -0.0318589900171906 -0.0361629204430996
0.0198112345283041 -0.0208208894860265 -0.0209587662527314 -0.0440991425464604
0.0160705666785375 -0.0276917745997179 -0.0124653036978892 -0.0463962807272251
0.0110641202732032 -0.0260449318311081 0.00642973815445891 -0.0499283433022387
0.0144833034569467 -0.0267348278330608 0.0298028892017954 -0.0567724870212831
0.0265918352136643 -0.0234132620241225 0.0522148309395854 -0.0512737844215198
0.0327462767224815 -0.0149442998943419 0.0747562335870037 -0.0289515280452771
0.0452833334377393 0.000229167752685092 0.0650057482445156 0.0055256239963905
0.0465884733661102 0.0200797098963669 0.0357066758098504 0.0216257270283776
0.0306875130476235 0.0445761247464555 -0.00665366380369918 0.00196697092519776
0.01442639779244 0.0546057025686697 -0.0381143975599071 -0.0635315604309729
0.00624233526436795 -0.0155259818460953 0.0464736647802389 0.0741112339389859
-0.00872275755199427 -0.0173488993133774 0.0217434406808283 0.0124751601298689
-0.0163819557836122 -0.011194991365526 -0.0293746864939219 -0.0218589749789359
-0.0117852302496162 -0.00161438238114605 -0.0643978494994009 -0.0156951856534092
-0.00784680677517059 -0.00245146142855524 -0.0839575390729513 0.0207666258477323
-0.00907694044948779 -0.00177115596276925 -0.066784143999732 0.0587494320847317
-0.0130001327238334 0.00137477474300128 -0.0372659901573307 0.0659035800082778
-0.010832550926349 0.00157020856137315 -0.0119617007238054 0.0597232483945529
-0.0142271376191174 -0.00195275565088894 0.00839053854188011 0.0532770558789049
-0.0139745084084238 -0.00968322726141065 0.0196704611705017 0.051435377088302
-0.00958975707409018 -0.0140740440310306 0.0283070248482863 0.0427367158205585
-0.00441388611790443 -0.0180940456885299 0.0423776222268891 0.0439806864769117
-0.0023826715999134 -0.0198283686007539 0.052258064080896 0.0553465374483339
0.00803791470145131 -0.0210953770389515 0.0659413832298057 0.0575224851592056
0.0161270407245128 -0.0161329033439196 0.0765330776058214 0.0524676702252273
0.034323410213866 0.0158166765569218 0.0341237624103337 0.0664271255119121
0.0181315931421512 0.00928177396211469 0.0124235740277811 0.00730311675076734
0.0166417867774023 0.00485861434499676 -0.0386996164395767 -0.0265458490897258
0.0215276215957342 0.00299869660199234 -0.0698761041782822 -0.0209364177000336
0.0199784594101012 -0.012056267548359 -0.088176216613688 0.0169724908009434
0.0108294619961863 -0.0203236830101978 -0.0713588566375643 0.0527865555197683
-0.00234680669188062 -0.0233624552701129 -0.0404528559603981 0.0629462575235501
-0.00807137027938339 -0.0218688014441624 -0.0142250114917406 0.0551701743674826
-0.0131466014374001 -0.0275462749671285 0.00692547295140681 0.0474727770668092
-0.00501286768420604 -0.0348090850480874 0.0189426756799068 0.0429427071483957
0.00487092978239972 -0.0377376282674446 0.0301783909193322 0.0344233335376996
0.0239350345130454 -0.0358117102456779 0.0451143159435481 0.0374415712373955
0.0344621438374891 -0.0242963931185569 0.0518689551568407 0.0515975780742579
0.0422311816314345 -0.00570910262254337 0.0620021933113947 0.0504267475469299
0.04840762363825 0.0105225999406132 0.0710011152464604 0.0442457158317183
0.0575930381292104 0.0459935621471123 0.0152864805327091 0.0472793027572804
0.044764767129639 0.0370344324126522 0.00109730212990274 -0.00939264271641158
0.0508492055793645 0.0216163280806654 -0.0483599952026974 -0.0385980007370189
0.0559131053707835 0.00484273652062045 -0.0767909967783933 -0.0266005237614477
0.0452955189282251 -0.0227531535299945 -0.0875409234004745 0.0146626259449288
0.0286843696119046 -0.0373835735726362 -0.0686166548199481 0.0443228288883079
0.0082804968792195 -0.0463785239712317 -0.0393181383206939 0.0522383595226813
-0.00337873252684484 -0.0422978448397203 -0.0151083141037865 0.0426993079210294
-0.0106593218792629 -0.0488813025518016 0.00541506546461127 0.0337329523315418
0.00305447085423372 -0.0546600403747183 0.0175819164995661 0.0274227407801456
0.0168531365212686 -0.0552088189435182 0.0326106936279572 0.0207777205192143
0.046332394698357 -0.0504945555063938 0.0481650735547555 0.028917012642308
0.0639598474125386 -0.0286622606215841 0.0508361128687062 0.0463762035762785
0.0700681978905903 0.00720216324062101 0.0510064949372173 0.0448748945046017
0.0734365424507087 0.0353187264084157 0.0532818861589485 0.0330058893298857
0.0739437107910852 0.067563465456248 -0.005477068928952 0.0196416876733584
0.0690205021060408 0.0577383139924789 -0.0133074694597343 -0.0321157324040467
0.0833105885633939 0.0314121465118086 -0.0598790138053785 -0.0525905712272363
0.0855350239265461 -9.06897175140184E-05 -0.0821552718895558 -0.0327485182557757
0.0638876650895547 -0.0357485028995154 -0.0812811827201299 0.00965901425989695
0.0408396267453578 -0.0511352836104979 -0.0602042770992271 0.0294112270807406
0.0164568277116398 -0.0624357112674017 -0.0347489256205574 0.0340030306788143
-0.000287683309168365 -0.0561698341563156 -0.0137686448389669 0.0234862792520125
-0.00498480160370299 -0.0620444525170512 0.00409401495160935 0.0143037740239616
0.012858815460873 -0.0660631290815233 0.0167530127080793 0.00761434868534835
0.0278518607989142 -0.0642808560156271 0.0357070172122871 0.00363521640004327
0.0628331221804053 -0.0558535979784108 0.0508085136378386 0.0183378967394715
0.0836722566804281 -0.0265771475872447 0.0487606081976427 0.0410004028513898
0.0863339157124475 0.0199790959921248 0.0369830095295552 0.0395210130868257
0.0860749181198216 0.055125019475624 0.0303035260053765 0.0165265480260778
0.0792377238728559 0.0762900254706805 -0.0293742534707009 -0.0102724195916187
0.0839140129464382 0.0669067713652881 -0.0327540478362709 -0.054445936291556
0.102962797139695 0.0333268254971513 -0.0691307108701454 -0.0633150910061461
0.102648430133822 -0.00784400176824439 -0.0816007750699659 -0.0385765355821729
0.0711752670913475 -0.0452656075908033 -0.069460547347101 0.000222223416791528
0.0442543483834193 -0.0590139946858547 -0.0481335834703329 0.0103484917911502
0.0201930474560675 -0.0696853036786281 -0.0278847482987784 0.0120263556746423
0.0045242768255493 -0.0618116829190141 -0.0106609161493621 0.00181523506897583
0.00232039923603915 -0.0661775782049523 0.0053896946477375 -0.00697719505662559
0.0234440465356818 -0.0673653971202494 0.0190093570816923 -0.0135547096360919
0.0394682373714574 -0.0613728881705609 0.0407317812142034 -0.0132025030779993
0.0736440678476358 -0.0482609944591954 0.0541958138610914 0.00902189778184265
0.0924481311905099 -0.0167793722758376 0.0459180785708006 0.0354355323954553
0.0888659644299382 0.0344312036798372 0.0197531360802191 0.0334876225901831
0.0829693281965303 0.0697707693870382 0.00545397811404279 -0.00207021752387474
0.072209501416106 0.072580274204614 -0.0519288950792404 -0.0364133020811258
0.0827678397193572 0.0626190564361588 -0.0534383479553937 -0.0694702562776428
0.102707809320449 0.0283575193926615 -0.072812476934611 -0.0673763284435698
0.0979304205558988 -0.0136951297322556 -0.0748639920802645 -0.0418711783450911
0.0644409229274328 -0.0465963333165904 -0.0543217651322668 -0.0128570407353183
0.039842636627215 -0.0563493655539492 -0.0365005638953873 -0.0112094611685331
0.0194064163721781 -0.0655018435234009 -0.0209068757710209 -0.0112842241887971
0.00828376280151898 -0.0572435586741533 -0.0053693852886877 -0.0197890148761093
0.00983907213373273 -0.0603659313636229 0.0110342127179736 -0.0277012520252793
0.0318151554091961 -0.0591105355129918 0.0258021540891346 -0.0322933258383833
0.0475795251265385 -0.0481195414270918 0.0496734610026012 -0.0246479081837665
0.0761992261253577 -0.0295907949752314 0.0573004832459539 0.00377796807821532
0.0881163655975054 0.00144727171793099 0.0401119745392147 0.0303412662401169
0.0775523922731507 0.0471149282446111 0.00568767547115429 0.0246393345927377
0.0677626271924067 0.0751969798302014 -0.0159178953454935 -0.023301158437129
0.0505050556122961 0.0564648796221144 -0.0695233253775949 -0.0534666746631303
0.0633913875544446 0.0484833592703634 -0.0706450125938334 -0.0741085719580234
0.0802838391331043 0.0214885836925058 -0.0707263778663476 -0.0649350980022687
0.0743395553309599 -0.0119541356432458 -0.0643682025066279 -0.0438259489167215
0.0480691016846179 -0.0358359199577031 -0.0405322429414867 -0.0263508415934586
0.0304221769873692 -0.0419431301227931 -0.0262823188721707 -0.031210074639301
0.0181116721090096 -0.0499261398216746 -0.0151936623103502 -0.0322898091896024
0.0105820780871062 -0.0448128201106498 0.000563018326517766 -0.0370287023528598
0.0142263834218408 -0.0461214363644842 0.0194286148780142 -0.0446953601234986
0.0341168142164094 -0.0421845857142748 0.0376591485948939 -0.0447220884965097
0.0452071385215626 -0.0304638087948177 0.06146701092611 -0.0298572572843892
0.0660682609257816 -0.0109845288374784 0.0605461577248666 0.00378659949362086
0.0706639084857734 0.0156377177688726 0.0367258296716204 0.0254164649650561
0.0554306079558049 0.051124556257469 -0.00388293523070532 0.0129424685385463
0.0421234403247262 0.0704716383178815 -0.0296044698023726 -0.0443246222218678
0.0190423898399518 0.0339796868097563 -0.078448001587301 -0.0589684143969461
0.0315740846490739 0.0305116314011371 -0.0793029782155062 -0.0701617855656732
0.0428364127327529 0.0149373128678716 -0.0640311929416423 -0.0605806685153305
0.0398596808647991 -0.00375770986979819 -0.053850031467641 -0.0438402329453717
0.0267921890414009 -0.016527334632131 -0.0311379753676069 -0.0357381081458314
0.0197352607373259 -0.0195161996520898 -0.0203861633884235 -0.0439544928592141
0.0157106555922426 -0.0268152643601024 -0.0113547024549986 -0.0450035274881155
0.0111391436769114 -0.0251217263621592 0.00651606178468335 -0.0488314248764692
0.0140344868043849 -0.0254685730022056 0.0292868041744315 -0.0548036710623876
0.0254524916323148 -0.0225698658208371 0.0512361638316695 -0.0492143087445126
0.0319106936170754 -0.0142749263989964 0.0725756319955778 -0.0275057681383954
0.0440604901836238 0.000474471415072501 0.0638852046463515 0.00604950350839837
0.0446799859776695 0.0195309293445032 0.0349096009544067 0.0206164249935351
0.0295761197176882 0.0430617704412183 -0.00665871346018274 0.00191981718318233
0.0136292542590811 0.0521294133698625 -0.0362797682890124 -0.060969723647333
0.00652775426321838 -0.0143447048324562 0.044371810492711 0.0732081197691509
-0.00802930301602175 -0.0178898138750308 0.021144126584941 0.012668968112111
-0.0149671345774387 -0.0119084043570516 -0.0293998252259147 -0.0227636907481754
-0.0114208566588503 -0.00228355824260942 -0.0642147551633709 -0.0171833560186994
-0.00759168806239849 -0.00293808836737941 -0.0838441022871378 0.0188520494674278
-0.00892237030732255 -0.00201429054152622 -0.0665485809387026 0.0569001635846376
-0.0129572630506355 0.00127483487835196 -0.0378478430684182 0.0647790655481233
-0.0109578881396823 0.00106656451831374 -0.0135804211700788 0.0593482876614821
-0.0140432643358949 -0.00236659994372232 0.00727864781109729 0.0530340258174982
-0.0131711401052014 -0.00974550056864718 0.0188134831854688 0.0513873102553629
-0.00932729313102935 -0.0142346156143665 0.0272120457760796 0.0431522291604318
-0.00405301901140161 -0.0178026681404413 0.040843928143315 0.0447750897465835
-0.00126591438724375 -0.0194771169468477 0.050878733125422 0.0566061688257814
0.00769172094361399 -0.0208241441739571 0.0640063023653197 0.0585926049560309
0.0161540039249319 -0.0153277944489847 0.0750432072121702 0.0541665566841205
0.0336161134819181 0.0167763566857447 0.0322069226097125 0.0654030241492209
0.0181451672521804 0.00941388636006676 0.012164603381786 0.00681577358759
0.0169781452240983 0.00526714941619995 -0.0380856939314433 -0.027872988549805
0.0222239874312285 0.00284055881566957 -0.0700115718518601 -0.0228917520046033
0.0203769556806254 -0.0118636470264978 -0.0880980510558852 0.0149976236847866
0.0112156427311321 -0.0207502237994665 -0.0714303313504777 0.0509496088822271
-0.00190389926307738 -0.0233109934428144 -0.0407835408481022 0.0615880281860981
-0.00783916683308496 -0.0222490033591604 -0.0158709421307286 0.0548504787876777
-0.0122348712437437 -0.0278938141085678 0.00618002301376057 0.0465036428822951
-0.0044444390787113 -0.0347317865302914 0.0182911209165474 0.0430990185563388
0.00574069906613674 -0.0371195157779025 0.0299407619176359 0.0346839944769597
0.024900278624386 -0.0359353215077918 0.0437697562156654 0.0378329369836272
0.0351795212314737 -0.0233283659016774 0.0507332230122695 0.0522295695493318
0.0418659746671892 -0.00469598280880333 0.0602851602773734 0.051154352672833
0.047507173286393 0.0117751458422823 0.0701228773977666 0.0457083171359346
0.0560835654110834 0.0463201290755755 0.0131719303572742 0.046516787989794
0.043684469885435 0.0376716901286049 0.0015564042428873 -0.00888621745176949
0.051039135918433 0.0227982482698331 -0.0469707514082847 -0.0405471206442129
0.0567444878682177 0.00526572484896627 -0.0767590898605486 -0.028854056427024
0.0457817311295789 -0.022476069194876 -0.0872064370189919 0.0121132098535761
0.0294062940535543 -0.0378568750644508 -0.0684593926162503 0.0423382575035082
0.00864850376047684 -0.045754291689452 -0.0396545624920367 0.0506330872579383
-0.00284467694079083 -0.0415755488847374 -0.0165447780661777 0.0421602069541348
-0.00935180809657823 -0.0487652331127612 0.00422796809944467 0.0328537708343766
0.0039923793772142 -0.0541010063771299 0.017567053857904 0.0274253984599086
0.0178224757963258 -0.054565898654146 0.0322967555340157 0.0209518144226682
0.0466987113303805 -0.0500603237165106 0.0470457989077791 0.0292961403497967
0.0640127910637725 -0.0270175532479449 0.0501401492893316 0.0470663180503765
0.0694959801571662 0.00841424257450987 0.0500675239481332 0.045537868438708
0.0717708997724451 0.0369605909693708 0.0530825932498297 0.0337405466494575
0.0721174758358272 0.0674272579159556 -0.00689097753408432 0.0189669495815353
0.0675654051117617 0.0584792463344618 -0.0129226649639791 -0.0318307837453068
0.0828573871979995 0.0327862811204956 -0.0581838133287924 -0.0543898220067416
0.086878937008556 0.00101261197901587 -0.0819500695345021 -0.0353288362269734
0.0640950445804429 -0.0347311029763046 -0.0810263539012869 0.0072099225205526
0.041574017106869 -0.050941131211019 -0.0603297901132621 0.0277947722481323
0.0168333676754483 -0.0613090004051038 -0.034644354410425 0.032873555124382
0.000939657853224218 -0.0559261155912036 -0.0149645965645907 0.0228700599840625
-0.00369918213502736 -0.061666532688885 0.00349315446087206 0.0137871285080528
0.0136088886889089 -0.0657662536652385 0.0165070897117252 0.00770854997347524
0.0289532191042343 -0.0634101782773994 0.0356820984081266 0.00378593365284919
0.0634119698536413 -0.0550147079049034 0.0504836935439153 0.0188493407050148
0.0837173229265363 -0.024972268302787 0.0480810377805301 0.0418280971453941
0.0856899499514335 0.021341695675398 0.0358970569251697 0.0401129724345195
0.0850265357355172 0.0559115118075523 0.0301291790459269 0.0169135753451985
0.0775566109127362 0.0761963423242565 -0.0294034759103709 -0.0112149690983267
0.082098036531454 0.0674619620970173 -0.0314787478046638 -0.0547822174168924
0.102110460725805 0.0353807318359802 -0.0669825500857454 -0.0649634664534265
0.102801569424355 -0.00674251202064997 -0.08104992433331 -0.0405672925675934
0.0716204301486009 -0.0441266946158877 -0.0690760873759836 -0.00204430338159904
0.0451170927983699 -0.0583483068969579 -0.0485112524468774 0.00843130253038464
0.0206088326756198 -0.0679407085040162 -0.0270949586678578 0.010324574258016
0.00563196488214319 -0.0615415854069696 -0.0111187441599006 0.00154364748668521
0.00357026255203484 -0.0652443648346598 0.00574652474506419 -0.0072710531178498
0.0239162005367287 -0.0669649133668208 0.0189863988946969 -0.0135271483260308
0.0400753099506399 -0.0602411305147401 0.040916291465471 -0.0125384356060743
0.0738661120683191 -0.0472084837254002 0.0536904095879655 0.00961890977065228
0.0921725477208434 -0.014957293812968 0.0445792354784494 0.0354848242907762
0.0877647235263357 0.0352918749004879 0.0190812490226603 0.0338200559973483
0.0810286053022626 0.0702459599283609 0.00581220604919372 -0.00169730063793477
0.0701074169641395 0.0718022762787267 -0.0518190711649446 -0.0371941194936048
0.0809948473326685 0.0636164918777975 -0.0521597648218796 -0.0700906171482202
0.101439697392199 0.0302909267171276 -0.0706236214580582 -0.0692243788031144
0.0982477150734966 -0.0125111976474559 -0.0745304102891065 -0.0436229441208458
0.064856330546416 -0.0455829805949272 -0.0532851690384098 -0.0152183677141511
0.0408983958136438 -0.0556026972809671 -0.0363746340980061 -0.012433160101824
0.0199895780198205 -0.064401045387015 -0.020195430135254 -0.0124848943644212
0.00870327547145033 -0.0569474186682553 -0.00599541103597122 -0.0194025589282621
0.010604011996593 -0.0594465556567472 0.0114334046425602 -0.0277096356607969
0.0321957416493319 -0.0581365287471914 0.0261531824115858 -0.0313687832775567
0.0481268335523779 -0.0472928815724743 0.0496331270749317 -0.0236317619788449
0.0761138892409858 -0.0287947992483282 0.0569744287889638 0.00478019485538524
0.0871738449084527 0.00309496753726735 0.0392158034893125 0.030456094126644
0.0760496967920844 0.0476920585060788 0.00541927110791126 0.0245564522194324
0.0662620818880776 0.0755420766392861 -0.0149211847765063 -0.023219988542937
0.0494958579703658 0.0560758347886013 -0.0689448739883444 -0.0550830653829412
0.0617049031484715 0.0489764023534421 -0.0687798226302175 -0.0748824106667829
0.0791195290624337 0.0224031320292145 -0.0690014388638199 -0.0669608326936199
0.0742169803406734 -0.0111712549724599 -0.0636044724979279 -0.0448546195421343
0.0478587573132588 -0.0345433942774818 -0.0390780450800156 -0.0278729665578661
0.0316000879113999 -0.04105746708464 -0.0261304518067753 -0.0319320788377907
0.0181317068720096 -0.0491129956860507 -0.0143119880751176 -0.0324812650736046
0.0108149479578699 -0.0440521637599984 0.000975895493845004 -0.0374534292829361
0.0156234608871623 -0.0447199304149732 0.0205867323041703 -0.044060855441596
0.0340379787880174 -0.0413123731058665 0.0381250815906082 -0.0434427582483307
0.0453901485842419 -0.0295711105015361 0.0616433272748995 -0.0285184841252145
0.0652116819843433 -0.0102239707987981 0.0604159514524732 0.00427202987204611
0.0697153424990211 0.0173377421521307 0.0357041913070463 0.0252131271307382
0.0540964979994137 0.0511106438922831 -0.0043165985364387 0.0125396358565806
0.0409912712836097 0.0695258414867865 -0.0286870555432473 -0.0442166384606309
0.0178374629467595 0.0332463440835975 -0.0777473677355474 -0.0608699165510344
0.0305263210453181 0.0303287473197244 -0.0775645031596737 -0.0711175889009001
0.0421671328124604 0.0152703388111357 -0.0622983213592248 -0.0614408671410696
0.0400183890480513 -0.00286689741755912 -0.0531470262794911 -0.0451199385226258
0.0265131181104349 -0.0157949214282224 -0.0305258290250518 -0.0368564951334436
0.0197903639600407 -0.0189947024428785 -0.0204442858088547 -0.0444122073803688
0.0155921227344577 -0.0261718627927524 -0.010441201629717 -0.0454344113474995
0.0110757176587581 -0.0247703096248436 0.00693718932113767 -0.0485069446834622
0.0141975536233951 -0.0246043324714829 0.0307024774592538 -0.0540812645258486
0.0255246738958971 -0.0219625751728701 0.0511842186193576 -0.0477354931037338
0.0318014593604905 -0.0137889215445864 0.0726387145685789 -0.0267178283976147
0.0432949784542144 0.00126790041794914 0.0634804585343867 0.00720194565832749
0.0438074577070646 0.0204166615598631 0.034270928131229 0.0214370084291401
0.0278047661011088 0.0428750342270351 -0.00656623101251064 0.002063951188963
0.0126666301736826 0.0513400389887335 -0.0349374139738494 -0.060891650095055
0.00656458110942782 -0.0137839925594152 0.0442846768391279 0.0742497791744594
-0.00735511670485515 -0.017787955564019 0.0216346137666279 0.0127538360974407
-0.0147446882458928 -0.0129632501933048 -0.0301816937060079 -0.0239892367235852
-0.0113754904514731 -0.00301213758225263 -0.0661141000371419 -0.018637017668918
-0.00789852880075445 -0.00356057267455532 -0.0862142306442913 0.0188006251033296
-0.00910458768708162 -0.00279530222992147 -0.0682138416292251 0.0571814816271816
-0.0125821895570455 0.00110107163360797 -0.0394539730708624 0.0654816324159148
-0.0110702982871233 0.000771052966146243 -0.0144759842025224 0.0614279017108956
-0.0139776227316472 -0.002759718821797 0.00700021789879915 0.0540529997334263
-0.0131826492972938 -0.00989870401832624 0.0189986290977907 0.0525850411904921
-0.00943250425271478 -0.0144361869846805 0.0272893401881919 0.0442543963480725
-0.00330146224072946 -0.0185882827160696 0.0404122811450521 0.0460987419154496
-0.000309415562778186 -0.0199226800681231 0.051519622302105 0.0585672746092105
0.00837660928689249 -0.0205028527788988 0.0645431043670673 0.0603484372181653
0.0163454236650543 -0.0149298086223724 0.0764360310147686 0.0565669397676803
0.0339758790720802 0.0176790886516845 0.0314754138227206 0.06645792515797
0.0191488060540919 0.0103911998083472 0.0128513795262083 0.00670476942705444
0.0179884029331354 0.00554532212643397 -0.0385387758821704 -0.029914224479405
0.0233749364820494 0.00210342681979256 -0.0720136288205886 -0.0244185576837653
0.0210261630586588 -0.012570213543533 -0.0904192472876001 0.0138817174047601
0.0116170699030689 -0.0218273856365811 -0.0732565108799043 0.0512422492988213
-0.00171957113638801 -0.0242339409037042 -0.0419800788355713 0.0618337285195567
-0.00742656151323898 -0.0231834106431856 -0.0171041307603425 0.0556404752503836
-0.0122527300336901 -0.0282647510338649 0.00562285404763906 0.0473331111762297
-0.0043006699641096 -0.0358166569316373 0.0182900750780139 0.0439494426283141
0.00605559738390556 -0.0379867249249689 0.0298644231145267 0.0356360865882134
0.0256882432895736 -0.0366570410706193 0.0442553366260409 0.0393017610028952
0.0361542436287509 -0.0237752422045304 0.0515605996008987 0.053993694434206
0.0428403315699668 -0.00403630725750145 0.0614569112859007 0.0534610294482677
0.0483842197907499 0.0128256202925149 0.0710047379113801 0.0477161973092779
0.0561908420167951 0.0477499538369012 0.0128435996904005 0.0472433893712971
0.0449014540903646 0.0390326958209968 0.00200652766015242 -0.0100420551925169
0.0527641466449981 0.0234473475978114 -0.0481612814329983 -0.0429592168960455
0.0586897049182611 0.0051608005600098 -0.0788063030877767 -0.0311929368514627
0.0473816623919496 -0.0227590504296777 -0.0893337164595855 0.0108938566825269
0.0304942068776188 -0.0391078304600655 -0.0701498744155648 0.0422624182926388
0.00887854485508083 -0.046412702305759 -0.0402869076353849 0.0499978661794031
-0.00262873997258616 -0.0431852830735974 -0.0174412981127908 0.0427815219773212
-0.00923775555547487 -0.0494004352265893 0.00398293258552091 0.0333540284378658
0.0043978609984873 -0.0555018177621056 0.0175821223599233 0.0282024124367045
0.018711686159428 -0.0557049429218366 0.0325561598385126 0.0215376826440129
0.048373285683871 -0.0510209531808735 0.0480158329874169 0.0300336126249392
0.0660023890759869 -0.0273045819720204 0.0506348697369967 0.0491597990195014
0.070652345099496 0.00924603188145397 0.0502614458046604 0.0476204351144388
0.0732838299917751 0.0381755645112625 0.0539976197819258 0.0349644873269833
0.0728115291316824 0.0693072420747429 -0.00755979800017661 0.0187560825517047
0.0689352971340594 0.0607113620777713 -0.0122519304550765 -0.0332482624195012
0.08482355357907 0.0344015708650662 -0.0587155851043193 -0.0573072254951787
0.0894696447236368 0.00089241581048121 -0.0837358092629221 -0.0376924705888554
0.0667078409079041 -0.0355131115753504 -0.0831302180846394 0.00530247622654978
0.0432529596244982 -0.0526466431893741 -0.0622420381746185 0.0274779368217488
0.017659155219561 -0.0625508557586328 -0.0351959350125551 0.0310208888152292
0.00092041000922467 -0.0575665232446306 -0.0157348042238831 0.0236898040066952
-0.00342995839682173 -0.0625036673333262 0.00376312025141849 0.0134806014552589
0.0140679660318761 -0.0673178782316708 0.0175486133217789 0.00818350604696561
0.0303980857601886 -0.0642693720018972 0.0366495675097677 0.00385498552463977
0.065597961439637 -0.0560085792123121 0.0514308005770254 0.0191634227172149
0.085897239491602 -0.0248828445449615 0.0485451002440471 0.0427810039155297
0.0874525673256121 0.0223976819062147 0.0364057656313238 0.0414893396755391
0.0857287230824584 0.057756934842688 0.0311894029749685 0.018160521884056
0.0782638289876298 0.0780394119525719 -0.0302530817919774 -0.0125042431336054
0.0836965005457214 0.0693926200365399 -0.030927123303701 -0.0565076293907644
0.104641556456203 0.036902684895189 -0.0673730080625541 -0.0684154155009136
0.105901633956029 -0.00639692358779537 -0.0828858031950998 -0.0432132024543251
0.073631571484987 -0.0446828692347963 -0.0709014320136715 -0.00380837687493672
0.046732450285282 -0.0600691276615458 -0.0500917154233997 0.00803274373932141
0.0207379083668415 -0.0693394937184539 -0.0276280076887623 0.0090695470729118
0.00600597976674011 -0.0626171863016943 -0.0119655193882724 0.0015827740409417
0.00410397870546759 -0.0660231824657728 0.0053702910673659 -0.00771498767192734
0.0248361586675265 -0.0682868313748463 0.0194981092598828 -0.0131134819601085
0.0419172109204768 -0.0611194375175488 0.0418548227075965 -0.0130784670561078
0.0763039876524703 -0.0481661991505227 0.0547566265883017 0.00988595404425946
0.0945187371094834 -0.0145802280254911 0.0454665037345645 0.0365420005204586
0.0897088828023089 0.036532506162315 0.0191302990274199 0.0349828232476326
0.0823963383168116 0.0723190558188429 0.00604635868289745 -0.0015369878396591
0.0705430987354648 0.0734194434882202 -0.0527965579893091 -0.0392439387079873
0.0821002301382537 0.0656951926273986 -0.0513703756717112 -0.072285516258863
0.103789835783207 0.0323158497928459 -0.0711110783688852 -0.0725509586266363
0.101123369523619 -0.0122008219860391 -0.0761175435766288 -0.0462398471472798
0.0665132017741946 -0.0461188085809226 -0.0547216760597237 -0.0163028344541761
0.0426382591537069 -0.0564199378633341 -0.0370008447318663 -0.0133829146630486
0.0206374651185194 -0.0652360684278349 -0.0202599725930514 -0.0136601262226239
0.00936819135428329 -0.0582000585514628 -0.0062970566825528 -0.0206637327484174
0.0112286828344038 -0.0605973827663076 0.0117081298762434 -0.0287377544273819
0.0332454595499953 -0.059131149916474 0.027138996245266 -0.0315287729265701
0.049533085311097 -0.0476127324607521 0.0512233442177263 -0.0244471375660216
0.0780864543745194 -0.028820052178061 0.0585548608527101 0.00505814678658476
0.0890131977355827 0.0035835910003835 0.0397767873074918 0.0316491415964165
0.0770210496224182 0.0486024932026733 0.00510980567377346 0.0256729652357198
0.0666400249811356 0.0769523241217383 -0.0148426245475539 -0.023762778905633
0.04984400997379 0.0570798140000932 -0.069906270333344 -0.05754233656369
0.0624587534939179 0.0501410490606614 -0.0687500422822534 -0.0774478173993318
0.0808481494501169 0.0239551874594546 -0.0696274142438438 -0.0698745441880833
0.0760225566028741 -0.0107802139918132 -0.0646191873434019 -0.0474511336445106
0.0492274634898565 -0.0343421644837192 -0.0400223589547687 -0.0294688578233734
0.0327891975898807 -0.0418265276833815 -0.0267906363256341 -0.033220515329578
0.0183611553950649 -0.0500784861310453 -0.0137115637221188 -0.0343983329962297
0.0115361850476733 -0.0447518023004834 0.000996519419343083 -0.038804771474744
0.0163562851434488 -0.0455133245706243 0.0208498640024767 -0.0454973303101352
0.0347119494668606 -0.0425063419886478 0.0388906527984077 -0.0434011483795154
0.0467731818413382 -0.0295934628458124 0.0631557717878929 -0.0288084094476636
0.0668946177194865 -0.0100798412604401 0.0622181028494271 0.0047243194947262
0.0708003782282453 0.0182497969969605 0.0362225571329664 0.0261160492067004
0.0543248569234634 0.0525367506942302 -0.00394553838026395 0.0133952003306883
0.0408556251385671 0.0712327928994931 -0.0286362816577032 -0.0449618809909188
0.0178144669849388 0.0333172010302625 -0.0786190269258057 -0.06270307860016
0.0309729055295669 0.0308121781659613 -0.0782266667966596 -0.0732507919647291
0.0425235471769695 0.0160220317887024 -0.0630779515137071 -0.0639691321004682
0.0409420461109604 -0.00287038753426246 -0.0539649617433967 -0.0465336698900153
0.0273129210150667 -0.0152362278265677 -0.030994414492061 -0.0384999234402075
0.0209790157550942 -0.0187615728495049 -0.0208614342939292 -0.0459452776585387
0.0154416239636607 -0.0257843251951743 -0.00962366798601523 -0.0468204454084062
0.0114416505248217 -0.0251075934638698 0.0078784279268584 -0.0498553072007855
0.0145661739254451 -0.0250661381754903 0.0315005515555348 -0.0552479442686867
0.02584587170552 -0.0224604733989136 0.0527149988002094 -0.0478449912095444
0.0327368135037531 -0.0136604490443033 0.0742608632569609 -0.0264198565125618
0.0445097406908637 0.00134899455470723 0.065155756019434 0.00783369654471794
0.044269668574935 0.0214785642883095 0.0348184350410696 0.022152907782759
0.0279465597983238 0.0436257824866845 -0.00650263696680639 0.00218640407155927
0.0126796811223779 0.0518922442876468 -0.0350129453483463 -0.0619478117853281
0.00678560128562801 -0.0139171488981851 0.0499684159184999 0.0733232612061848
-0.00869480745932675 -0.0174290997685378 0.0239578935966038 0.0109763927510196
-0.0164654490094995 -0.0115264904077716 -0.0320432595625944 -0.0240480174278703
-0.0123767720367446 -0.00149360025408655 -0.0689262357457784 -0.0156133766036252
-0.00925980586058317 -0.00205011338911226 -0.0875291176515187 0.0244773584731717
-0.00982474971054873 -0.000668276932270283 -0.0657298974895649 0.0624156229871029
-0.0126951317908083 0.00323898561467159 -0.0350505102281434 0.0695743245051172
-0.0110313706534251 0.0015523789956085 -0.0107506944777673 0.0642863055872524
-0.0148446496348503 -0.00167371800837191 0.0111313854024974 0.056637927886028
-0.014999179966511 -0.00907713784861761 0.0245917617961984 0.0546250759645599
-0.011896388586963 -0.0135062543184547 0.03230484414132 0.045640293715809
-0.00642258734374621 -0.0187029235982773 0.0463666989847074 0.0463882914240736
-0.00391284624199414 -0.0201228254075501 0.0586696506470781 0.0596202580732757
0.0053582460011626 -0.0206751427997685 0.071558068241313 0.0608651161994578
0.0150199441650983 -0.0150298734614892 0.082021450399312 0.055780185382968
0.0375276677477556 0.0143247967665284 0.0335164564427674 0.0685268326960923
0.0207344865851334 0.00811584843483588 0.0129625141376738 0.0072248765853074
0.0190614854378439 0.00352657152823428 -0.0420557787945177 -0.0272794126566562
0.0233484783922578 -0.000891825980511428 -0.0766250681879822 -0.0184408692231261
0.0188574804148899 -0.014143504261016 -0.0910263882951411 0.0217445937862872
0.0097192368270747 -0.0221863380512278 -0.070690020059678 0.0581735130352051
-0.00450171732437641 -0.0240707969120183 -0.0369878301800198 0.0670789566029017
-0.00944238471954492 -0.0224602587007922 -0.0130023562574542 0.0588826825406058
-0.0151535685041054 -0.0279179839412535 0.00942625643791263 0.0493060974259448
-0.00822150675596977 -0.0360025465105898 0.0241179814654668 0.0455057828930036
0.00218563261020174 -0.0389086890558342 0.0344200676702646 0.0362089601125926
0.0218149632018263 -0.0398073257330794 0.0494986058203709 0.0405169298193115
0.0339187231684141 -0.0270774297418784 0.0569930297529631 0.0555142930490054
0.0431500063834002 -0.00686533639146389 0.0665946818425255 0.051286967467376
0.0510796311308313 0.0116088019107983 0.0760455390280883 0.0438690539841246
0.0631532236412018 0.0419171817904298 0.0108214366868998 0.0508660432759475
0.0492938679858771 0.0350035327055071 -0.000950721134834024 -0.00814466146081184
0.0557807448599237 0.0181711465183044 -0.054483181966608 -0.0375208093355156
0.0597386558131437 -0.00218422567620755 -0.0849992443449286 -0.0223859714476258
0.0449276470959848 -0.0274480320751438 -0.0895775689669707 0.0204128566742596
0.0272865261057802 -0.0418050778999786 -0.0674531602122071 0.0493400540501361
0.00388115812287934 -0.0483422174460749 -0.0354635126820163 0.056390782571047
-0.00589243073163593 -0.0435745447297878 -0.014532532519981 0.0456244617658407
-0.0142038884898134 -0.0495351653437952 0.00634539619451193 0.0344745896435255
-0.00140018930809978 -0.0581766422916311 0.0213551692208734 0.0294275026711895
0.0135761270357158 -0.058329222760117 0.0361604708383131 0.0214620476933235
0.0445262652262295 -0.0569907997001878 0.0524070208551459 0.0308310146084935
0.0645002679400243 -0.0332768617857538 0.0549401858270458 0.0498935813499748
0.0743163829889504 0.00436197131627298 0.0533980709518156 0.0441515665876327
0.0791114516373073 0.0360358816021674 0.056991851676071 0.0296756908214505
0.0809043195123201 0.0615154921785984 -0.0129131910167974 0.0233102845611573
0.0750598325168536 0.0542588987207427 -0.0179230176942858 -0.0302370936091536
0.0897455432626175 0.0261195214062704 -0.0680793217090118 -0.0492365793452
0.0899735409169945 -0.00969042846619595 -0.0907362696214756 -0.0264845029785567
0.0631978671926565 -0.0415410072536082 -0.0822130856260897 0.0155629363969906
0.0391353508672566 -0.0569719891161708 -0.059408333644709 0.0340808414382838
0.0112295716847235 -0.0651295121576645 -0.0312496802012929 0.0380930823200156
-0.00343776524156982 -0.0586116483496835 -0.0143410406812214 0.0252472192737936
-0.00943958473317021 -0.0633279508804443 0.00413848966789013 0.0141042345980101
0.0074336573120891 -0.0702929579818374 0.0197024082667762 0.00857640353949243
0.0249057414711881 -0.0679835049847758 0.0392767989794694 0.00268028386810984
0.0608588086057898 -0.0638519790868315 0.0549102426953115 0.0190173414353103
0.0852509464222471 -0.0326670659096408 0.0512653712675762 0.044031809991877
0.0927949687939046 0.0167563277860094 0.0377327183986286 0.0373375040565873
0.0939612223946135 0.05532512114533 0.03178968766077 0.0111171974208494
0.0865781540294735 0.0702645479315539 -0.0384252880915698 -0.00674786545250459
0.0905147007130243 0.0620945636576425 -0.0392859824577712 -0.0516722185275921
0.109489131115863 0.0268932449741399 -0.0777806780576158 -0.0579196131209291
0.105776347614787 -0.019173352432797 -0.0901071225364038 -0.0308494080591774
0.0695138539077666 -0.0514302944978089 -0.0698777325661387 0.00538641313330322
0.0418496313332124 -0.0643999316979572 -0.0480014997987426 0.0140917601607175
0.0132789805248282 -0.0732494415874642 -0.0246086819783501 0.0150549329090721
0.00133774318748594 -0.0644172378087381 -0.0115653775239717 0.00197546146255487
-0.00221486510176126 -0.0677693330730269 0.00526389006194233 -0.00870982631902071
0.0185380873883551 -0.0725311709802326 0.0205518103172818 -0.0134459882392608
0.0371619303869898 -0.0657840249746036 0.0434850898929563 -0.0154963772818102
0.0727479410513275 -0.056391230265899 0.0575781281903056 0.00901488143900441
0.0949087171692289 -0.02324887493979 0.046472178578706 0.0369696362653734
0.096028285420776 0.0312098126343461 0.0190285167360473 0.0309272904460957
0.0919143549742784 0.0706616852825778 0.00526464908267521 -0.00855868413252952
0.0781503134152214 0.0662477939036084 -0.0622692014589744 -0.0331144245342303
0.0881788031334266 0.0574851475488014 -0.0617426363642528 -0.0664696482233984
0.10838282437443 0.0214945325739493 -0.0815921749703841 -0.0618070710602426
0.100021565995593 -0.0239406922950529 -0.082388221040564 -0.0341097463709786
0.0624474672681406 -0.0523369696024359 -0.0546748979310108 -0.00958189698529631
0.0379016477226052 -0.0608097582815056 -0.0369938958529783 -0.00946236873440441
0.0133312097178078 -0.0690318643855347 -0.01864665414627 -0.00940354460335211
0.00451236601488664 -0.0596586462681317 -0.00757441622227632 -0.0213356869896954
0.0059860578907713 -0.0623077879479998 0.00996918002048585 -0.0315269142039441
0.0277295181181392 -0.0634530264156043 0.0271433398238096 -0.0339491403428818
0.0461441238771762 -0.0526412180760369 0.0517754967607862 -0.028280367902766
0.0768143616900079 -0.0367487706529857 0.0605831896078107 0.00346844388373244
0.0914485615255954 -0.0034173123428746 0.0401177972796444 0.0311617712034724
0.0842093082211217 0.0446790232177166 0.00453478899022293 0.0214001027916811
0.0769528093788007 0.0759500111957759 -0.017315410025147 -0.0301488240532734
0.0550034205083929 0.0517691411752396 -0.0793409135786705 -0.0515258197321419
0.0667267863358372 0.0446918367020477 -0.0787396679797871 -0.0714734158101091
0.0832661709479409 0.0162615435824526 -0.0786757996406725 -0.060965856472244
0.0751557971608775 -0.0196777781042268 -0.070248831084493 -0.0379964222689701
0.0455425206268306 -0.0389460700689469 -0.0411482232100579 -0.0245469686579703
0.0286795142613963 -0.0453290275875752 -0.0282728893746596 -0.0309254149849253
0.0126819730993811 -0.0528622017328528 -0.0146607864454938 -0.0313766797851165
0.00775027459683664 -0.0464343724890835 -0.00137752349584077 -0.0404787812247036
0.0121023804359593 -0.0478684074845851 0.0192396972665246 -0.0495429798825196
0.0310550456397848 -0.0460086863494377 0.0390605286422164 -0.0469484572409606
0.0454752843466882 -0.0338491165675203 0.0641542399586538 -0.0342455557871173
0.0672771765013843 -0.0160644683167304 0.0642091380324138 0.00167950676107985
0.0737290672357087 0.0130064421052241 0.0365912697337357 0.0248296544638785
0.0610406136984248 0.0498067392264865 -0.00494340471804035 0.0100818234067992
0.0487770927801961 0.0710794675650124 -0.0320279570493471 -0.0506666144838626
0.0204296099349203 0.0322217595096245 -0.0866185904068469 -0.0602236152745956
0.0321851778710301 0.0290709564503754 -0.0865242019956493 -0.0688287899844783
0.0444664683844477 0.0119532651311051 -0.0708314296399026 -0.0584176162986956
0.0398987266020234 -0.00734640224981047 -0.0594219708976011 -0.0407941790704664
0.0241447539329766 -0.0173264274833118 -0.0330407243365992 -0.0361536565667329
0.0191316010259841 -0.0209435093603189 -0.0238737022614538 -0.0446478408107485
0.0123401420023842 -0.0285715862373006 -0.0127024507267119 -0.045413941236922
0.00930947581524661 -0.0262735316057579 0.00409730602338244 -0.0525032061523778
0.0128361407487273 -0.0263809438395732 0.029351454549517 -0.0606282630560266
0.0244838765933964 -0.0246998992716985 0.052812047633351 -0.0533033875605983
0.0321333038705592 -0.0159121781088607 0.0764116110790994 -0.0320495532525537
0.0450511033765337 -0.00249417905544286 0.0680663165207697 0.00441886367111305
0.0470264091260596 0.01839818507576 0.0355701708708287 0.0199080690747337
0.0320998355480761 0.0431765527595517 -0.00767221051604037 2.29267165919665E-07
0.0185168070242353 0.0535192959396894 -0.0382415923327001 -0.0655564634261412
0.00631291526159418 -0.0143847343531921 0.053577116358657 0.0721591713731993
-0.0092825497313057 -0.0170922279108673 0.0253776325834692 0.00890099131257712
-0.0167416294126915 -0.011253998375344 -0.0341782304928504 -0.0235494017741855
-0.0130063672183523 -0.0019791624682802 -0.0717590550255172 -0.0128454273803462
-0.00944848644335114 -0.00225008169905022 -0.0878430815597972 0.0289184656871487
-0.00987693006176023 -0.000518548944768356 -0.0637352844305204 0.0666171354399907
-0.0121945558441515 0.00403830318298793 -0.032363048794522 0.0723216636635768
-0.0109906690673673 0.00185879611511869 -0.00792686098270097 0.0667616794063761
-0.0149815405468948 -0.00121729266127123 0.0142152362353426 0.0574263751735163
-0.0159613951798509 -0.00843787857470862 0.0282410100657986 0.0542327180013854
-0.0125930231848962 -0.0132785192504153 0.0351622034849498 0.045391487242543
-0.0072340669718572 -0.0191345772801084 0.0493113892753259 0.0463324270696986
-0.00479835418950601 -0.0203879284960214 0.0633744730922905 0.0586648698758326
0.00506177455650832 -0.0211891310113789 0.075621339575056 0.0592174542614332
0.0142612463077778 -0.0154940187727662 0.087198600347263 0.0540861113472697
0.0391325225005484 0.0136122321430192 0.037077841836375 0.0673459792206076
0.0218123421545819 0.0079532812044766 0.0141312551747675 0.00556667732175809
0.0200735357457889 0.00241780514304085 -0.0451210272989931 -0.0263501093004971
0.0245001915193815 -0.00279320805936314 -0.0799933377478931 -0.0160578618209744
0.0185835612382561 -0.0159768782765703 -0.0926511240937681 0.0263487403489311
0.00874297507414946 -0.0237352580255547 -0.0689352170306055 0.0618609516802788
-0.00502700905477589 -0.0241168969530748 -0.034940366148407 0.0696763863433496
-0.0105604956620175 -0.0229024437155366 -0.0110034222569774 0.0617304838318024
-0.0171382713130062 -0.027897109196202 0.0119688854637106 0.0500515464564721
-0.0100645923235613 -0.0366941492193993 0.0265504408091329 0.0451328926887013
0.000523741694728665 -0.039939608571113 0.0370403067794493 0.0357724040125686
0.0203937737163345 -0.0424454134780643 0.052248302446679 0.0390594209218238
0.0333488088080554 -0.0294830382594069 0.0616052035619808 0.0545601929038202
0.0441506229724609 -0.00845065167886939 0.070536076326422 0.0495173514186487
0.0530424443391318 0.0101972959243623 0.07966842035798 0.0418325593812142
0.0661036197491449 0.0402374151107413 0.0131510986250927 0.0507120453429992
0.0529215582999708 0.0337111513856386 -0.000420932952169256 -0.00919740882269387
0.0591258041519094 0.0158237382373213 -0.0586597470562265 -0.0366454508036052
0.0615841723140812 -0.00550206706800137 -0.0886729522618219 -0.0193365965007983
0.0447505016863756 -0.0305705864636222 -0.0915644473231665 0.0244085675402296
0.0256987577771339 -0.0446851337405148 -0.0667420086121328 0.053004824005506
0.00153587832919753 -0.0490669654335925 -0.0336740254910804 0.0581668011452106
-0.00888104167247662 -0.0444625473632452 -0.0128365352703597 0.0472955596561502
-0.0167006851759346 -0.0501145571696223 0.00787482929286312 0.0343894749750777
-0.0041884405914824 -0.0591077149887424 0.0237794881706368 0.0285517589632366
0.0109474424224146 -0.0602244465151555 0.0386697673024802 0.0203245040148135
0.0425645425376423 -0.0611800834537567 0.0549599637728084 0.0290877010611316
0.0646584713864526 -0.0373512326890721 0.0591620618030805 0.0486806407228923
0.0764369148636699 0.00156932295228659 0.0570566867073967 0.0429220219952386
0.08273697980155 0.0336283472392633 0.0599939332866129 0.0282266338470557
0.0849619736434713 0.0587013429188181 -0.0121792234592262 0.024794100730812
0.0798477607440036 0.0522890114750533 -0.0194271497583088 -0.0304923684705505
0.0940082512378275 0.0225877751097815 -0.071936065895647 -0.0482878204502947
0.0925025837114804 -0.0151591894722472 -0.0945045602156661 -0.0236292483075266
0.0627807836388556 -0.0460714828168864 -0.0843918630615258 0.0186203400212132
0.0371936239080692 -0.0604634569625142 -0.0596276714521793 0.0374894061535752
0.00773437578006823 -0.0670733533149334 -0.0301415923709954 0.0386059465063777
-0.006818829292984 -0.0592850587117948 -0.0134358515603107 0.0267356555097754
-0.0132726152181068 -0.0641748773105623 0.00473422828044539 0.0137784048010713
0.0040524081533662 -0.0722337499812504 0.0207630979053743 0.0074155583567899
0.0223979491635183 -0.0705475603960625 0.0398845829360568 0.000556317979404402
0.0592945753605253 -0.068532861918491 0.0571390038753665 0.017328472609795
0.0863659502841844 -0.0375715038967856 0.0550190618940741 0.0426230008466236
0.0955439297399674 0.0127163904395429 0.0408961515795543 0.0370604717132225
0.0996609035132384 0.0523030845059288 0.0333703869120985 0.0104220484238473
0.0914472433658137 0.0671073886576772 -0.0399248442101016 -0.0053672271355232
0.0957384659600925 0.0588707288573209 -0.0419909828938019 -0.0511535842404659
0.11414468993543 0.0222470584863968 -0.0827735471379756 -0.0568562620736046
0.107576722873994 -0.0256984672022914 -0.0937110788524046 -0.0271924083749459
0.069438632181167 -0.0564569554571726 -0.0716329950345321 0.00724899304888624
0.0395228696359899 -0.0690225453695105 -0.0491468581107215 0.0160635806310564
0.00926218982869301 -0.07439775790208 -0.0245054177099589 0.0139676721629948
-0.00238007089643232 -0.0648520767663985 -0.0119216724978409 0.00251000499836361
-0.00594933011522711 -0.06939370795405 0.00469720218771531 -0.00956709140373756
0.0147418939172371 -0.0747724716957269 0.020648375640698 -0.0154152020457121
0.0347308086468761 -0.0691695953908455 0.0439114717268244 -0.018333845276241
0.0717454945299052 -0.0620285681641891 0.0592047502720898 0.00607573322863911
0.0967003633028295 -0.028089943276436 0.049707825873658 0.0355218555145541
0.0995833654188407 0.0272513128773299 0.0214173060542348 0.0312170107401046
0.0980450379968718 0.0679689712002949 0.00538104192023342 -0.008880103004399
0.0825880558449345 0.0634021512904277 -0.0651963856100642 -0.0321539251589846
0.0928969568438167 0.0550397764131526 -0.0649932226702369 -0.0654624550008406
0.111921344886156 0.016386069055322 -0.0864752117999018 -0.0604899682490646
0.101453276104341 -0.0300876738889198 -0.0856705850100284 -0.0313138206665128
0.0615951497238059 -0.0564946431286166 -0.0561511333215418 -0.0080249605454366
0.0361866304056846 -0.0645122564470197 -0.039087711736173 -0.00793428079919812
0.00970088186565763 -0.0702100986497121 -0.0201209507353346 -0.0105418266760679
0.00127331889543996 -0.0610011435293299 -0.00873763111611203 -0.0216821380129885
0.00286942621512178 -0.0639178820049754 0.00848560220312314 -0.0326622568466148
0.0252560270704403 -0.0665845280004344 0.0263199893849714 -0.0362208486111515
0.0448040849854347 -0.0554222324016755 0.052198425670174 -0.0315258093598001
0.0771223275498921 -0.0420859356173362 0.0621512587512892 1.2001812752324E-05
0.0936270792239785 -0.00835407771291452 0.0430351786282682 0.0297368065661359
0.0880638434768928 0.0415029813151182 0.00588584151164799 0.0224495270435883
0.0823368555295666 0.0742629004704192 -0.0184286811034612 -0.0297090323003665
0.0582972647568053 0.0500304776252233 -0.0838566491088644 -0.050448011178684
0.0697381097872946 0.0429257629518561 -0.0835248456404068 -0.0698360651048091
0.086293728219293 0.0117698472665815 -0.0837273703811963 -0.0588865188829648
0.0765581293249957 -0.0240741656176117 -0.0740261088140755 -0.0360147177341095
0.0445612432170978 -0.0422765561458847 -0.0432438475223123 -0.0241953182978192
0.0276893687480306 -0.0478734868563843 -0.0312040121727371 -0.0306595327370478
0.00990551815251267 -0.0533690998833343 -0.0168503972642301 -0.0327417801895665
0.00538504287221678 -0.0474754279771678 -0.00342722669083818 -0.0413653770822566
0.0103495573247837 -0.0493470378089404 0.0167620393508991 -0.0519234583977878
0.0290513742628879 -0.0489133966925979 0.0380182912663449 -0.0503839877815779
0.0449437859729991 -0.0364724106584276 0.0641975491083296 -0.0384157153816819
0.0678815389580083 -0.0195121196860479 0.066721898850263 -0.00147261840224929
0.0759537959473042 0.0100287206652938 0.0389971374779094 0.0237905666600426
0.0642648112111249 0.0486041255537146 -0.00439323652189571 0.0108881201138689
0.0539514369250294 0.0702962819112225 -0.0343580930728136 -0.0497125744033041
0.0223407380735656 0.031171626591112 -0.0910715874084782 -0.057909900941034
0.0336945320742057 0.0272594079995493 -0.0915951389261011 -0.0662642592353848
0.0455264239649337 0.00996118090420582 -0.0747549356297416 -0.0570637890216164
0.0403867913691113 -0.00943180613160006 -0.0629580419867421 -0.0395066492153076
0.0244565644105933 -0.0183500424268951 -0.0362557177488383 -0.0356750690687123
0.018914806949033 -0.0226733869186349 -0.0274411817380641 -0.0447356420828897
0.0106258304243904 -0.0296225332001424 -0.0149290589998822 -0.0467395085771067
0.00797467524415208 -0.0270040915039663 0.00212379087983706 -0.0543881864750474
0.011885455296734 -0.0279214625520638 0.0270920255434443 -0.0635159146183347
0.0233789926518113 -0.0266416580062683 0.0515372810035869 -0.0565907427452319
0.0318757853586094 -0.0175430857769769 0.0767485182015045 -0.0373045419278753
0.0459171198884208 -0.00481973437993161 0.0704791926311746 0.00143805374807221
0.0487742521457774 0.0169885486227106 0.0375715070843847 0.0191995747497178
0.0343469353661845 0.0425447229792229 -0.0069167749898861 0.000889051786735419
0.0215039557951586 0.0530803527202785 -0.0423958184981545 -0.0654051064640667
0.00598351587320954 -0.0135446692429011 0.056964279178953 0.0680569055267785
-0.00918507962278546 -0.0163799529089954 0.0258347848622792 0.00638492435262401
-0.0169852080781838 -0.0104636270670353 -0.0358084208313299 -0.0219248756784791
-0.0128070099650274 -0.00170207176217976 -0.07301315618122 -0.00893210671639154
-0.0101574927527499 -0.00202288697372161 -0.0858314788848788 0.0336739288475267
-0.010050058249297 -0.00054251252814284 -0.0596286961130515 0.0693418325205626
-0.0117506686842114 0.00422954161675754 -0.0286702540109563 0.0738467103598778
-0.0107340369029128 0.00263752007092218 -0.00385313876366215 0.0671613732115288
-0.015118996394946 -0.000306308839501506 0.0174556167916512 0.0560417134230167
-0.0156688902307706 -0.00745716458365551 0.0311509789222646 0.0521488614637026
-0.013267413820328 -0.0125428078444167 0.0376562673468663 0.0436143896190888
-0.00887633884976986 -0.0189907860865339 0.0517790452247649 0.0435864996722233
-0.00557736323503943 -0.0198484487226997 0.0666955098830541 0.054332242965007
0.00443888120955668 -0.0204305748806296 0.0788311963177074 0.054426569364251
0.0130533277220323 -0.0157088761410093 0.0898951009346535 0.0490889921800658
0.0396547678495263 0.0116522335801659 0.0398109820095483 0.064521260120677
0.0227539498068455 0.00699293360889648 0.0140686610762702 0.00372467762478071
0.021067571206388 0.000859705462483173 -0.0469297994173077 -0.0242982874277468
0.0242833732503245 -0.00524466462902473 -0.0806722423621523 -0.0110078168860454
0.0175333474474285 -0.0171656655443187 -0.0903865857766897 0.0311014380217208
0.0070642084122357 -0.02487869048841 -0.0654183513021512 0.0648014503978327
-0.00606126335965292 -0.0238488922957436 -0.031397295906799 0.0703159461324883
-0.0119211263312351 -0.021912531294908 -0.00717220955491961 0.0623400271874591
-0.0188157586919596 -0.0268543268305178 0.0143075784272107 0.0489209588456803
-0.0126083473742742 -0.0357175333647885 0.029324360826065 0.0433380604137254
-0.00157638376347057 -0.0395271576869596 0.0388551340129634 0.0336526798057371
0.0182272683674038 -0.043933757310083 0.0539832316150719 0.0360771746403922
0.0321018109488398 -0.0311614945489435 0.064650791350546 0.0502284120380149
0.0441519474014096 -0.010527460006495 0.0723637441843104 0.0454118268674961
0.0527944422830578 0.00726373014061752 0.0821527143874058 0.036992685819357
0.0675399911888711 0.0361155470997252 0.0153119200634428 0.0491727034320983
0.0547505878805823 0.030708842208439 -0.0011623719421445 -0.00965210212537981
0.0601207593501391 0.0123106379640295 -0.0602496681053743 -0.0337808600943141
0.0609803679469411 -0.0104927930023155 -0.0894354996367813 -0.0147409270057845
0.0429810496822612 -0.0334117912199001 -0.0895535949832001 0.0285891410910864
0.0227597294018658 -0.046557832941321 -0.0632147264005522 0.056196129205673
-0.000999821093163354 -0.0485091452004439 -0.0309306979287526 0.0581684418935196
-0.0117779335360643 -0.0433206669452296 -0.0106884754600973 0.0483281924645669
-0.0198441703620052 -0.0487451955818709 0.00979603531047741 0.0344291684536205
-0.00803467508357274 -0.0587881362088512 0.0252710275786233 0.0270184903316759
0.00790346489812724 -0.0602348099333011 0.0391378632187497 0.0178704206461199
0.0382092624348474 -0.0638758621586139 0.0560172404652591 0.0261203653289975
0.0621651698556123 -0.0407350608588993 0.0618674072207452 0.0448893156225809
0.0762832773283303 -0.00252499718821893 0.0592581065810651 0.0395493330064273
0.0843687597256653 0.0284155104581418 0.0612816937629534 0.0244791426833265
0.0875537131832583 0.0538727052190541 -0.0107702945510945 0.0245215381042811
0.0830874721516738 0.0478578266923177 -0.0202148067775704 -0.0300069875783715
0.0953179228765024 0.0166223181435754 -0.0744617144906002 -0.0445233370846509
0.0913092027839745 -0.0212426857527911 -0.095374062393818 -0.0180955292070579
0.0602765482318501 -0.0498468610771161 -0.0831644715381909 0.0225208458177775
0.0332351964266861 -0.0630272110083869 -0.0576749663281829 0.0402488260386878
0.00369186787416666 -0.0671952977697179 -0.0281813280681426 0.0387107243038962
-0.010579738834022 -0.05803329479846 -0.0121958569928457 0.0273330563578324
-0.0168148205126395 -0.0633214911534348 0.00558695156106774 0.0134675468727304
-0.00037347793008393 -0.0724067948897731 0.0215973626679266 0.00578719615241145
0.0181832460360041 -0.0718240456426606 0.0395083621997051 -0.00214987515221724
0.0542976645225506 -0.0722093406210182 0.0582293502327943 0.0137437425850456
0.0836075746025561 -0.0427606952320251 0.0576155520837853 0.0395456282480962
0.0962640945284314 0.00789649384911416 0.0430117551968148 0.034848159681991
0.102130562532295 0.0461906716229979 0.0340619868072091 0.0084241200854761
0.0940113992807113 0.0610293322061897 -0.0400066690628318 -0.00351357354255055
0.0985064159644563 0.0539655922049325 -0.0436110266542889 -0.0493909939351619
0.115487325314118 0.0146309678177549 -0.0856023618007201 -0.0524725640372669
0.106114125019166 -0.0320244592601276 -0.0950677447176241 -0.0224494747148248
0.0655182505735338 -0.0603335399127064 -0.0715852045471072 0.011046368871266
0.0353986809527428 -0.071350524503464 -0.0480928633908918 0.0179521723909774
0.00535238092571985 -0.074019733945873 -0.0238376492030118 0.0137718350857056
-0.00682831995172306 -0.0637985720296109 -0.0122449193393677 0.00337105575865806
-0.009837255255975 -0.068545109389389 0.00396200589618108 -0.00949715397847231
0.00989542286023176 -0.0757404615291971 0.0198778925613506 -0.016387644780215
0.0314963861852994 -0.0708027942616287 0.0422964325410797 -0.0210463398301188
0.0676818222036729 -0.0662485911315794 0.0594805781686468 0.00253385801542052
0.0944787061472875 -0.0334334540360845 0.0520508769982141 0.0323990715540818
0.100869087938433 0.0218772473185967 0.0233674307240832 0.0304489666893276
0.10204013432463 0.06164914163001 0.00536499886418648 -0.00917677594059659
0.0856971874173493 0.0578075386894707 -0.0667903679044552 -0.0284912514452078
0.0950595491779995 0.0497577302007987 -0.0676579813848404 -0.0616082515810505
0.112663676858417 0.0101015319479327 -0.089322360844596 -0.0560433437929031
0.100073635191505 -0.0360636122003068 -0.087260730440195 -0.0274242661746284
0.0581258405790499 -0.059946075391207 -0.0570994468737981 -0.00587465626664478
0.0315011220797826 -0.0667808698933658 -0.0397065717150051 -0.00608425105689734
0.00515372072112477 -0.0694800783955962 -0.0204949024244621 -0.0112314938618209
-0.00257437961728178 -0.0609042970916111 -0.0100811854728048 -0.0202268265023008
-0.00101563955372112 -0.063508072665785 0.00637599847324721 -0.0329506731480152
0.0209487225975511 -0.0678958092284624 0.0244906311832231 -0.0374189873997629
0.0418776785367851 -0.0582924790272568 0.0495386607725132 -0.0351837692266799
0.0736889233153328 -0.0465493675929255 0.0617722156478198 -0.00378502495580249
0.09280042483366 -0.0133284491381546 0.0445569827160561 0.0269953179369122
0.0899159997433769 0.0366471896981559 0.00689611866786726 0.022460477453285
0.0865218040189107 0.0684072696937731 -0.0200610799042739 -0.0282171530513113
0.0609475225200525 0.0456870362689849 -0.0857869833950407 -0.0456983084416323
0.0715836135423738 0.0384849007259734 -0.085891812026588 -0.0649736669843262
0.0864585506161076 0.00691729514986126 -0.0860590926974158 -0.0550857196079823
0.0747901852355884 -0.0287400505847281 -0.0754266554780751 -0.0315530102222937
0.04213174403788 -0.0443444908381115 -0.044901517129243 -0.0226675896437872
0.0247150521484792 -0.049532469067311 -0.0330509213438211 -0.0285569959670189
0.00676449721776839 -0.0535543429609371 -0.0185772187352657 -0.0327399314418151
0.00171794130336851 -0.0472096558891291 -0.00598594726116168 -0.041216293615711
0.00661145252285678 -0.0496591038417961 0.0134328257613105 -0.0528142734293452
0.0256929974864251 -0.0502348726500004 0.0358182555330924 -0.0528127552046035
0.0423689276440618 -0.0394342344506132 0.0613235124413222 -0.0422738581432042
0.0661932895996269 -0.0242528995968217 0.0656100234800233 -0.00523633455655791
0.0762443700649085 0.00551152463024758 0.0401547225476128 0.021540932422267
0.0662384628216069 0.044625557127657 -0.0038600125678636 0.0117808438213355
0.0579925071302873 0.0659848002856671 -0.0365211435834802 -0.0472306259594757
0.0237248356683113 0.0298013226848067 -0.094233827641796 -0.0530194692173492
0.0350481571591361 0.025882172880878 -0.0937757947351112 -0.0605081580891417
0.0461629690332144 0.00786633892653072 -0.0779113758233921 -0.0529879536113295
0.0395614897230141 -0.0116344019571371 -0.0641797372749485 -0.0355116738663662
0.0237100028528414 -0.0193684183266176 -0.0384281197456309 -0.0338820071483281
0.0171084829505377 -0.0232359740823697 -0.0302007204268337 -0.0433188425082194
0.00914802572821012 -0.0290090584282088 -0.017383537351664 -0.0467311677053417
0.00641784398977669 -0.0271662782468712 -0.00123075804206462 -0.0541500202844346
0.00965893228949959 -0.0278576130978463 0.0229266571749975 -0.0644293015281515
0.0209287397730416 -0.0276447728095608 0.048551647606904 -0.0597479546077541
0.0314341992193397 -0.0190266850864913 0.0743787964945932 -0.0416544153036364
0.0447738209938568 -0.00729000368531706 0.0704708286318582 -0.00236451585009748
0.0492400044371432 0.0144709213778739 0.0387718725520614 0.0171599938885441
0.0363674892868163 0.0404015411479318 -0.00729340234121915 0.00142687484978062
0.0246898663641788 0.0515669596647968 -0.0457781237548165 -0.0618658264562028
0.00570566589210656 -0.013069686788775 0.0565375599244517 0.0631800046698785
-0.00901557461357913 -0.0157537754835171 0.0249160180527707 0.00462123545366452
-0.0163994222226303 -0.00975444536467188 -0.0361757864020567 -0.0200119627054092
-0.0132600071653992 -0.00202775676515758 -0.0712519619019277 -0.00503697965292189
-0.010277439199174 -0.00241341619744809 -0.0817934770627679 0.0359641930892521
-0.0101591871527887 -0.000175330546654293 -0.0548189661566504 0.0694441581959638
-0.0106888976835119 0.00508360868850295 -0.0253963517236746 0.072774754190897
-0.0101325059245978 0.00254622608146698 -0.00107647022352532 0.0659206464683634
-0.0146087389054987 0.000531941449958151 0.0196210277648388 0.0541048162693027
-0.0154953668551663 -0.00656332299822775 0.0326239264986886 0.0496155418905817
-0.0134132484371712 -0.0118331413635257 0.0384112844886278 0.0414123555961657
-0.00969594063604222 -0.0183381158947427 0.0520110968980673 0.0405539949998454
-0.0061098020370943 -0.0190401086682023 0.0672388639447193 0.0504592178031962
0.00401107986022677 -0.0200913856135958 0.0787411330571482 0.0498346726293232
0.0116382564717698 -0.0152139310577875 0.0897614708457209 0.0449197767280396
0.0394507790159213 0.00978301174415501 0.0403648934262016 0.0604362048873945
0.0232460030928689 0.00598664635757384 0.0142801046882148 0.00247959251589152
0.0209545602931949 -0.0004458612913291 -0.0473253801907219 -0.0217052978554116
0.0230636148098969 -0.00669897134927622 -0.0792156289083326 -0.00845418785194277
0.0164106830275357 -0.0180449086907952 -0.087496358800942 0.033202368846886
0.00555262566004894 -0.0246720358235345 -0.0612550905864037 0.0652239556598473
-0.00678803789818216 -0.0230537418808749 -0.0279426948529098 0.069868107652713
-0.0127845646746431 -0.0209162775605421 -0.00467877833154976 0.0610561425929969
-0.0194824521324444 -0.0255703386134329 0.0157942744971517 0.0473298035058217
-0.013699858990828 -0.0341680584490454 0.0309865266198022 0.0407479345359857
-0.00329799714915571 -0.0384286601444363 0.0390660102285901 0.0316987369811353
0.0154875329673933 -0.0435877245962359 0.0542252837056916 0.0330291746258443
0.0299925506137068 -0.0315279960356892 0.0652185256074269 0.0462912780847514
0.0431630621081931 -0.0120629245200141 0.0722445488972398 0.0415324634646945
0.051822354899159 0.00525661762153233 0.081708219039344 0.0330721155293602
0.0673247819614138 0.0325141857786045 0.0157971208882217 0.0468319051881357
0.0550902210210971 0.0285146452235085 -0.000900573297046173 -0.0109271858153557
0.0597773099399828 0.00900224580872606 -0.0605758726148955 -0.0310633154314091
0.0592269337629056 -0.0136377724168819 -0.0882768453751328 -0.0108431941721211
0.0401537596068273 -0.0349358720994373 -0.0862234823261572 0.0309178794861865
0.0194610023076663 -0.0463627501749634 -0.0597671715516914 0.056695110140161
-0.00287099551192977 -0.0471445582433305 -0.0285024559872384 0.056968551343031
-0.0128281852234076 -0.0415911664266856 -0.00844381296943529 0.0477617693913464
-0.022141226690678 -0.0466560886761577 0.0109572494095855 0.0331354831530266
-0.0101755663917124 -0.0567315327651179 0.0259912146174933 0.024534945608392
0.00547104958005509 -0.0591762989719843 0.0385244638110109 0.0158317306368593
0.0342035309844713 -0.0639740692004922 0.0557998318380103 0.023302860743944
0.0592691903747969 -0.0419213348918844 0.0627656365513945 0.0409946566676109
0.0743028806351023 -0.0051928234895062 0.0596119453229259 0.0360503271562073
0.0834945351637778 0.0247627285057929 0.0609543959556449 0.0215448308148003
0.0873003243552556 0.0485938791214877 -0.00991628385068928 0.0237162081513983
0.0828572878156116 0.0433402986923777 -0.0204122918729925 -0.0285133710005896
0.0941722648535112 0.0119236895978258 -0.0746645334772651 -0.0412502814074976
0.0881717690238565 -0.0254874614933793 -0.0940135365361545 -0.0149453807110632
0.0567504853962296 -0.0512367942028777 -0.0805410491080917 0.0250875257575091
0.0288261610677562 -0.06321252971577 -0.0546008111613152 0.0412390854725754
0.000937143089658169 -0.0646723040330241 -0.0267917551485278 0.0374984857364899
-0.0126002693672525 -0.0560531015525737 -0.010811643757865 0.0278619289919815
-0.0194221029532423 -0.0608329599346299 0.00586432123033579 0.013193269149331
-0.00402580254799404 -0.0702492336744099 0.0216149426714722 0.0047721291139047
0.0149463750613817 -0.0707236085656758 0.0383135408332272 -0.00320005358971178
0.0501470932956637 -0.0731371944639711 0.0570768721083909 0.0114159986848267
0.0798021226606345 -0.0450210688101378 0.0581315163265134 0.0353703744069337
0.0941637879580486 0.00340536279636655 0.0432079765340678 0.0321825825371595
0.101319035632843 0.0407053980777494 0.0338522007222031 0.00713018686016283
0.0936643663609368 0.0557884088626721 -0.0393029261180736 -0.00255494513772022
0.0980982538434362 0.0484169187420836 -0.0436589026288886 -0.0470133631875422
0.113610217645828 0.00937733165011369 -0.0855289979524566 -0.0481434702513208
0.102653433942207 -0.0363954306971036 -0.0932354316517527 -0.0192153402963768
0.0618177618441551 -0.0615258845241909 -0.0697196452170707 0.0127768681644596
0.0306332024093702 -0.0711644058789458 -0.046540707621538 0.0199084356531633
0.00227081591837768 -0.07251156260972 -0.0239100399054274 0.0132911503953257
-0.00934273599499131 -0.0615736679317982 -0.0112110602346128 0.00355314754736124
-0.0132423024015211 -0.0660795023942724 0.00315688605898615 -0.00942077840090403
0.00619886101173275 -0.0739637067259933 0.0188970825854402 -0.0176088502539354
0.0273939428826157 -0.071038001696987 0.0399599208423329 -0.0219469774690135
0.0626388313666188 -0.067852621171516 0.0579255157933184 0.000133975848731611
0.0907436293695091 -0.0369279446100712 0.0518390840789528 0.0296446564285486
0.0992237197388474 0.0168742796551743 0.0240040443540914 0.028785534069406
0.101634481151924 0.0549405639506887 0.0049285476795352 -0.0086957258490459
0.0845823333048009 0.0525301762048464 -0.066094360158644 -0.025735223866011
0.0946261899867993 0.0447591166657786 -0.0674395764783628 -0.0581050831252506
0.110469492787402 0.00502919046981597 -0.0888916813612841 -0.0516236029327472
0.0953803326320865 -0.0399737885836305 -0.0862105111324744 -0.0230017872750349
0.0547303050313502 -0.0605352008474132 -0.056470138906352 -0.00405977465485471
0.0275686799259003 -0.066104651044372 -0.0389761990207621 -0.00443547823079176
0.0028081889651306 -0.0675956117201534 -0.021597665810949 -0.0115584481533194
-0.00558458158863806 -0.0575339955282404 -0.0103384538392722 -0.0196582284513805
-0.00417294601647158 -0.0617609691370246 0.00511058999210696 -0.0324246346672783
0.0166706375139429 -0.0666034318948615 0.0228241072810411 -0.0377852098068622
0.0385859518492156 -0.0588943021717692 0.0463980826335127 -0.0363339980009179
0.0696115212779479 -0.0490883541129127 0.0603248046701919 -0.00630396025930552
0.0898063012327886 -0.0167177930147471 0.0447642274589263 0.024095221222472
0.08885414923448 0.0319526744966537 0.00802596894263451 0.0219046682752601
0.0873324777245724 0.0624241700525935 -0.0202564138863131 -0.0262567433617473
0.0603502897457478 0.0415664634295272 -0.0850455140690366 -0.0420304507743173
0.0714207165543852 0.0344623135084127 -0.0856805963426939 -0.0600747561807894
0.0842235687513913 0.0032630297179825 -0.0859665822364628 -0.0505188903928641
0.0719380799916914 -0.0309543376572267 -0.0743502771733972 -0.0282950836150142
0.0399740608091332 -0.0441586485299728 -0.0450479721025402 -0.0200907211875875
0.0217878626549041 -0.049424578097803 -0.0336707261018109 -0.0267336001674089
0.00424923859642397 -0.0517882925639338 -0.019843532711274 -0.0327077403262633
-0.000371961105174584 -0.0456087982885874 -0.00700661526371774 -0.0400285992752384
0.00498754357309766 -0.0481457469912601 0.0110713449087446 -0.0523890793289549
0.0227920030080239 -0.0497175884475768 0.0329364135773455 -0.0525932394711165
0.0405196542052885 -0.0402427759714577 0.0577510417974051 -0.0440160174620826
0.0634417853152206 -0.0261460585774658 0.0643116476877878 -0.0078423422969818
0.0744799643066927 0.00245646393316417 0.0404646149805693 0.0197760304399792
0.0660836836014791 0.0409918738089375 -0.00304508218886723 0.0120188238814101
0.0593823075441524 0.0609967476675097 -0.0373641204827838 -0.0434345111302757
0.0241030211582859 0.0275868639698943 -0.0932782767715474 -0.0484286305116198
0.0348314666406174 0.0241308839763023 -0.0934983266772694 -0.0559613412790723
0.044586237094895 0.00572248806980196 -0.0782329947693671 -0.0491766355837689
0.0381093042962652 -0.0128209838038214 -0.0635748511708115 -0.0321504228636146
0.0219320622588113 -0.0188955556734591 -0.0386199052844286 -0.0318101589732935
0.0160534431833693 -0.0235862214218521 -0.0318828892714391 -0.0407171508506433
0.00754660352417938 -0.0279392884609862 -0.018692735201982 -0.0455453090219159
0.00429991519991073 -0.0264603091408634 -0.00308465049535609 -0.0529907773493007
0.00838446226413771 -0.0273470830585079 0.020209108798949 -0.0640283491942722
0.0190026052603047 -0.0275206340491778 0.0452897613582304 -0.0596316841648018
0.0297415534320269 -0.0197444525222668 0.0708291323439922 -0.0434645126764461
0.0434918296482256 -0.00926647846868668 0.0686260231095425 -0.00529723335046839
0.0481742250367985 0.0121340920021116 0.0385190081263163 0.0156144874918535
0.0362618743895698 0.037581686013369 -0.00684340045521787 0.00308660878105226
0.0262701992130552 0.0477528004746966 -0.0461887683330878 -0.0573501550468991
0.00635273147651256 -0.0125232657991944 0.0554432294267288 0.0603257464538654
-0.00870877099428546 -0.0153216971850717 0.0240980505673296 0.00403441075162639
-0.0157108384212898 -0.00930517936332599 -0.0360005001889051 -0.0185163206657712
-0.0127788212814314 -0.0023640059540519 -0.0702069900458018 -0.00432945719451022
-0.0104096297443407 -0.00231969990466309 -0.0799017976661732 0.0363087346359042
-0.00984543998737583 -0.000491386972491893 -0.0530246081444925 0.0685067407907132
-0.0103200817026174 0.00445406364038937 -0.023425599841957 0.0716963312197833
-0.00993506996977939 0.00248520186989172 -3.50013255846777E-05 0.0648664122443954
-0.0139719135814132 2.04826255243181E-05 0.0193091475115135 0.0526242932051014
-0.0153050448382717 -0.00632818489841533 0.0332207301322525 0.0480505859118542
-0.013220488161322 -0.0112195749028799 0.0380574481040354 0.0404146141628065
-0.00956963174546694 -0.0182101194818177 0.0515477833018052 0.03937769639389
-0.0064137778710117 -0.0184377977041837 0.0665618132624249 0.0481625521542611
0.0033809383077155 -0.019408259341282 0.0772145211567282 0.0481725705450777
0.0111126920394813 -0.0142253035264435 0.088284066092374 0.0430104315242729
0.0390045713391674 0.00891194636266989 0.0393548688938846 0.0580390630825241
0.0234115494869733 0.00569385452295991 0.0137916471437987 0.00147565946327247
0.0212096439488084 -0.00106937657815191 -0.0464558140166606 -0.0207008324085431
0.0224857275267828 -0.00748935500739267 -0.0780772088903627 -0.00669650444369475
0.0152510703360608 -0.0187818868635733 -0.0851052784947738 0.0336895009868372
0.00429263041367673 -0.024332027179049 -0.0584996681246733 0.0646161399898281
-0.00678577629258167 -0.0224226525920936 -0.0269028704080835 0.0682314726681712
-0.0127158211482933 -0.0204559326858217 -0.0034913014682303 0.0600790151978391
-0.0195393505595998 -0.0245267450499993 0.0162263081296615 0.0458069947873909
-0.0137625627376093 -0.0337035671504664 0.0305505973151313 0.0390141894927578
-0.00371677128654333 -0.0380418723243392 0.0385986746362631 0.0306425181304392
0.0141382213494939 -0.0435647142867986 0.0534487239509489 0.0318829981934559
0.0291153993423415 -0.0309779656866701 0.0648110534649798 0.0436256121612982
0.04206090487015 -0.0120330470077655 0.0714602100248973 0.0392194181858333
0.050673297333779 0.0048232308659169 0.0803537174039155 0.0315885459168437
0.0660201632168033 0.0308698842542797 0.0161267425932087 0.0452328279528176
0.0545658698622669 0.0274782519277359 -0.000831712573381781 -0.0107726243061691
0.0589623686174981 0.00715940421678236 -0.0598060033131706 -0.0291679205234848
0.0573496646673441 -0.0146825384807057 -0.086185363398563 -0.00962877312304507
0.0386024866872987 -0.0353645996540458 -0.0846878071156624 0.0310834880998779
0.0175300422366002 -0.0462446825754889 -0.0575784254339501 0.0560744456879692
-0.00329565600699782 -0.0459570872365562 -0.0279372005432524 0.0558582627211564
-0.0134357760876131 -0.0403351820392032 -0.00714919250254717 0.0470154035581933
-0.0219398810486375 -0.0448417295495835 0.010550118396283 0.0322565250892844
-0.0116790741529195 -0.055067729032416 0.0261556273986033 0.0234053833727422
0.00449938451824638 -0.0583702568368251 0.0380387615171137 0.0152240571711977
0.0320875879471633 -0.0629236364770296 0.055168096685598 0.0218910681753741
0.0571349732371689 -0.0421621461878972 0.0618417971639548 0.0390282045504844
0.0730527449945646 -0.00642137718803377 0.0591163258391125 0.0349303384509024
0.0819178637978073 0.0225220181003719 0.0603764422687275 0.0203578362130184
0.0852231389261849 0.0461732656436693 -0.00972273978071275 0.022885740582796
0.0825805139190449 0.0412093953628891 -0.0200992711623664 -0.028916368047527
0.0927018832834894 0.00955756453298096 -0.0741911055713818 -0.038842001710123
0.0862177405927417 -0.0269785545662396 -0.0923609646330746 -0.0134537782172331
0.0543134725371989 -0.0517024150893583 -0.0786114993607866 0.0250241494390842
0.02672259149714 -0.0626538294887223 -0.0526824758527313 0.0409158506453658
5.96923816516654E-05 -0.0628771841204832 -0.0272204619924284 0.0364062919101403
-0.0135824142241359 -0.0539374290710547 -0.00957080417523835 0.027102306286389
-0.0205214620569845 -0.058454643184581 0.00562638777130295 0.0127397946476441
-0.00560776705204909 -0.0687684707646892 0.0209291197916957 0.00362500651190779
0.0137632758839125 -0.070071865584723 0.0370657355970192 -0.00371425622004323
0.0469124774286045 -0.0723808764490229 0.0558545200604671 0.0102656137987573
0.0774464844608601 -0.0454575902691562 0.057129025667262 0.0332664509523609
0.0922728182528628 0.00191207721428543 0.0433137605761214 0.0311596727386529
0.100425134629594 0.0375737616999758 0.0332404634951677 0.00622269152928714
0.0914018902796134 0.0528105260718664 -0.0383089149880008 -0.00270910204343351
0.0970607415103245 0.0459187296072178 -0.0431222664621238 -0.0461257663952796
0.111399013141824 0.00668207342238388 -0.0844255467015124 -0.0457894063817534
0.0992882336783172 -0.0379591243828367 -0.0917425972498591 -0.0167893005621856
0.0597933228695318 -0.0616879255166769 -0.0683087423803569 0.0134995276582114
0.02826814333183 -0.0703074460118009 -0.0449821605634976 0.0199391724075465
0.00139166324575586 -0.0701352401734759 -0.0245529884799856 0.0119402275750307
-0.0103864286654681 -0.0597479060253804 -0.0110742022030738 0.00387872433439895
-0.0141349767149363 -0.0637980664164426 0.00278388496859257 -0.00951242668393203
0.00391833594746041 -0.0723260330032514 0.0184081937226339 -0.0177281127634529
0.0258700174139262 -0.0701630806205283 0.0377981329947723 -0.0219241224954734
0.0598036825022553 -0.0675466812434024 0.0567499353219263 -0.000593031022930007
0.0883928572421233 -0.037465951495944 0.0516884189015088 0.027361562327661
0.0974517065055098 0.0153791709230476 0.0243771162709519 0.0274947918175928
0.100632822345966 0.0515963749147606 0.00533537457379908 -0.00833817895178797
0.0831739498955966 0.0496022658086133 -0.0648919363936308 -0.0247752640897268
0.0937541862395089 0.0421377030245827 -0.0659831279805827 -0.0564310628266459
0.108180668784491 0.00276686078995159 -0.0884508623941777 -0.0486372549511647
0.0925543831577449 -0.040831216945097 -0.0848191985517285 -0.0213080218297125
0.0523576300572974 -0.0603923640658254 -0.0550189262166896 -0.00283498417909474
0.0254134900226856 -0.0657339098198618 -0.0383711231016041 -0.0034931325440859
0.00155004386683782 -0.065391583365931 -0.0223865755809925 -0.0121600068585553
-0.00642400785277582 -0.0560611869256084 -0.0107243951679362 -0.019497272456891
-0.00548645868280847 -0.0601604715856575 0.00422452828017272 -0.0321948621552626
0.0147094155362466 -0.0651760780493923 0.0221447642235506 -0.036957834953312
0.0366167708537116 -0.0586877374897487 0.0445063528083454 -0.0359410267740283
0.0668396015972611 -0.0494617900187621 0.0586259837874575 -0.00662642056114803
0.0874514261862316 -0.0184781886132658 0.0444886364734613 0.0236488786376113
0.0873370369797367 0.0297138152983781 0.00856593053214644 0.0215090699425157
0.0860374941891501 0.058748295033238 -0.019278295208247 -0.024985233470027
0.0591142424965 0.0398360983830808 -0.0836933147595224 -0.0407065478174832
0.0700501693502581 0.0324811057542956 -0.0836568206131836 -0.0581738903608134
0.0828869371616721 0.00147251209627164 -0.0852638381607345 -0.0484316198827931
0.0692498888689821 -0.0318117917981992 -0.0729473500631588 -0.0263964370742703
0.0385343494308486 -0.0438389631919987 -0.0441373455607938 -0.0193307648558319
0.0201795764882515 -0.0482329572779261 -0.0334017086433673 -0.0255203376561835
0.00307531528586026 -0.0497212369411818 -0.0205670186529468 -0.0326506863531444
-0.00107494897613534 -0.0440896367552035 -0.00712353633362511 -0.0392462813916765
0.00301841535034097 -0.0470074069097682 0.00999066408080088 -0.0507292394388718
0.0208691449930548 -0.0487380557870392 0.0311210122512589 -0.0522459032530553
0.0386464331011135 -0.0395583440410104 0.0552736759770859 -0.0437950772761758
0.0612295574336937 -0.0273001667730405 0.062565997741617 -0.00844616347755887
0.0724924975780238 0.00109586780258878 0.0397056365020958 0.018156838022423
0.0648332240498102 0.0386740040417327 -0.00258490750736273 0.01296028205531
0.058786533329196 0.0579709286254117 -0.0365997878853076 -0.0419764438898439
0.0238405762826157 0.0257366022205306 -0.0918667050896367 -0.046977052368023
0.0342665143344726 0.0228213204576286 -0.0915440711574999 -0.0537326362075805
0.0436760256797165 0.0049510586571918 -0.0764426182555616 -0.0471658842932682
0.0371321711875762 -0.0129039388664128 -0.0624930693033007 -0.0301992035808508
0.02159368804123 -0.0187575882882157 -0.0381252481886648 -0.0309674194703105
0.0151996590699028 -0.0230239580057375 -0.0316602525911793 -0.0394857568931355
0.0071377765462399 -0.0271513220938061 -0.0193655210178218 -0.04547691639676
0.0038179880683256 -0.0253835156943238 -0.00354874862072741 -0.0515992741908788
0.00775461948682002 -0.0268569598370246 0.0186572670998041 -0.0632186435893626
0.0177605381479209 -0.0267747133063202 0.0438466026141684 -0.0590398256803121
0.0284356262877258 -0.0195683861758209 0.0683792304488366 -0.0434480356896311
0.0419558501968977 -0.00967449928413621 0.0670356438062909 -0.00618433597093654
0.0469252639601004 0.0107312612880339 0.0379101159311619 0.0147367593695203
0.0357740393765088 0.0363697990038661 -0.0063567096419733 0.0033918220331923
0.0264490816682697 0.0459680378117691 -0.0454280379485293 -0.0548520723630992
0.00433923462340327 -0.0127439849899216 0.0682567715200801 0.0502908199652081
-0.0105517714516265 -0.0132310599803177 0.0248257847900158 -0.00206499404574121
-0.0171646177972577 -0.00627229649100147 -0.0394121097088077 -0.0129085014849853
-0.0135869621303243 0.00126048243629997 -0.0707591037350209 0.00819334726136198
-0.0112171796003145 0.00116577523616896 -0.0730221726479394 0.0506644060238965
-0.00916824362954914 0.00202867739480847 -0.0399488121323689 0.0766708456029705
-0.00845133311981286 0.00610747019629756 -0.0107584669133868 0.0747222860912926
-0.0090185191219068 0.00431165609557692 0.0123516779809588 0.0638872171126496
-0.0130172250340092 0.00295729184702069 0.0296465933512859 0.0490106303042479
-0.0160154296052446 -0.00291860249473199 0.0432084625216508 0.0411093991097545
-0.0141183900465458 -0.00779411676015848 0.0471841161483939 0.03268480521737
-0.0128111793233759 -0.0145205277603298 0.0601951045456237 0.0289022118395624
-0.00904388671410775 -0.0154137720600256 0.0773570286850385 0.0347999168878366
0.000442528938623188 -0.0179558604669256 0.087500577191051 0.032480190911366
0.00928991369133599 -0.0146167008557226 0.0967923013592273 0.0266786645201439
0.0385178658321363 0.0017249598447779 0.0519975312332988 0.0532815816810084
0.0236664981173399 0.000549288863013048 0.0142242417188516 -0.000598347318671028
0.0193386799957323 -0.00594588026612663 -0.0493121122709194 -0.0101436373447223
0.0188833077612662 -0.0115351527597093 -0.0777959705907018 0.00909584484033691
0.0100843403002002 -0.0194401706651305 -0.0764220977980175 0.0495026405879364
0.000157377170703504 -0.023898548160527 -0.0448935339970195 0.0740288588081961
-0.0107904084138222 -0.0196909442165089 -0.0131198442410571 0.0709337631111769
-0.0155544167755695 -0.0171581842721729 0.00793350063252345 0.0603611816586232
-0.0229251192146864 -0.0198509253106277 0.0255046747060276 0.0432293611016258
-0.019448997009776 -0.0292706095198322 0.0398018879227509 0.0330597125495043
-0.00973717734566903 -0.0345855789927509 0.0459618702737315 0.0226401696808482
0.00472404027088702 -0.0427663788147091 0.0612029769608166 0.0216879635868882
0.0220023428291372 -0.0337414356804637 0.0751116837868312 0.0318573415723299
0.038767003971488 -0.0188347313435966 0.0781711148542965 0.0268187574407831
0.051270525683583 -0.00395272891139237 0.0841541063721875 0.0174118778560069
0.0671732207157892 0.0169685257809617 0.026688998117186 0.046731554594295
0.0577764265560051 0.0148476846775656 -0.00247375191395145 -0.00839857331535844
0.0569555947438075 -0.00544188685580397 -0.0626249660491559 -0.0130988924258905
0.050052004011091 -0.0261007250318289 -0.0853006910417779 0.0103597820486683
0.029039645590705 -0.0402869050665458 -0.0745880333209229 0.0478696001844355
0.00827789449654967 -0.0467399156613146 -0.0441031547043458 0.0657010197775468
-0.0127594192326901 -0.0431896469783927 -0.0145474347599278 0.0589893391061975
-0.0197122071671704 -0.0359545399728777 0.00203440247770714 0.0473537464758401
-0.029176162879863 -0.0387121489212983 0.0172070753428678 0.0308048934995571
-0.0211110761134412 -0.0505950542427414 0.0324222297449057 0.0189465658823603
-0.00564576271062588 -0.0556563647493649 0.0421407481361753 0.00801130134649838
0.0188851836583232 -0.0653688481210701 0.0613129751807215 0.0125356887350775
0.0466443717038211 -0.0499894565864068 0.0717006544929645 0.028495520861364
0.0700494054298498 -0.0196288998553154 0.0634418370632668 0.0252077922484564
0.0853555185777151 0.00707255129594977 0.059553134746313 0.0104390156443176
0.0878929215408151 0.0274313079278018 -0.00424787320138817 0.0309500431776194
0.0863164899397361 0.0233913126163032 -0.0245919371962779 -0.0212780569121382
0.0889605758505995 -0.0106304582708205 -0.0775415316831324 -0.0175604576847341
0.0744254861165092 -0.0434038633887215 -0.0900271901055212 0.0095246094994548
0.0417387860463689 -0.0591258093403861 -0.0682625094604284 0.0402869857123848
0.0142427905862294 -0.064216429232975 -0.0407718528244828 0.0494744945001179
-0.0130372180998149 -0.0595931601697228 -0.0161796609134019 0.0389413980658779
-0.0220107822929773 -0.0491595265255776 -0.00417884724136364 0.027951923849731
-0.0300484349634706 -0.0519853840775496 0.00848291702584224 0.0124076185423933
-0.018056940514186 -0.0649439842911604 0.0234672974701936 0.00076511316525594
0.0012302352359948 -0.0688127989444902 0.0371592417775154 -0.0106797197666312
0.0317108431105165 -0.0776070683197294 0.0592872859760797 0.000478911856453555
0.0650994337599986 -0.056936630910106 0.0656585678424177 0.0249996271340021
0.0904482702117777 -0.0160246306365151 0.0458839478129672 0.0248327383740997
0.105203923632509 0.0172606100486963 0.0292516094462451 0.00158437160616301
0.0950874719447672 0.0325999910473018 -0.037929169769272 0.0111486936405727
0.101231571486118 0.0245076823183023 -0.0512166136865926 -0.0334490850786849
0.106035130353998 -0.016032343477628 -0.087591899011747 -0.0221185011173216
0.0849864700380609 -0.0561696588488351 -0.0886585464588657 0.00614823770420179
0.0447867175312473 -0.070061980284602 -0.0590920206698857 0.026565445726312
0.0138546286874569 -0.0724209712375166 -0.0367056459717984 0.0271200849737418
-0.0133816180899263 -0.0662668161757199 -0.0179872880700942 0.0147744202033228
-0.0202680751084687 -0.055316991853324 -0.00983541851986795 0.00534474585219858
-0.0254575355176082 -0.0584214974395746 0.00162699096459852 -0.00862915490784616
-0.00951010163337122 -0.0703072741353348 0.0160623342807636 -0.020100317588774
0.012705527241658 -0.0712800263325131 0.0344544333574818 -0.0289743899314743
0.0447946967256799 -0.075696470958295 0.057317289351911 -0.010108724613169
0.0768371806786419 -0.0518588584462473 0.0581430982197442 0.0207588823337496
0.0974746485723351 -0.00468586179152703 0.0251108775396122 0.0254418619637856
0.108301775852149 0.0307979910820063 -0.00228965445651653 -0.00844450615932979
0.0858723952957079 0.031132841629633 -0.0693620717873933 -0.0071012587112793
0.0962327209000173 0.0221317036633352 -0.0764439388541009 -0.0394047156500437
0.1019790833849 -0.0192531590349946 -0.0920954730263971 -0.0249135392755203
0.0781630656237763 -0.0576078906703255 -0.0818034132947798 -0.00010707547055437
0.0382831186937176 -0.0671807593983312 -0.0499171538677198 0.00730385760421984
0.0115211581168061 -0.0672176365720197 -0.035073666411713 0.00238997223236138
-0.0126187987162983 -0.0623841840430054 -0.0202741020315939 -0.00980780712731587
-0.0158567619148579 -0.0524412071947216 -0.013719142116706 -0.0175893247404661
-0.0165285876587595 -0.0562336224412054 -0.00153200095136483 -0.0315581816484126
0.00220476441972103 -0.0659643584912566 0.015247059145249 -0.0402408386304664
0.0253069759246936 -0.0627374406177513 0.0378720387048844 -0.0441184582061756
0.0550294647215669 -0.0596217132813965 0.0576724802239652 -0.016654394759187
0.0795513081212177 -0.0332298866779224 0.0495552822053697 0.0181012966401786
0.0904624349849692 0.0119750295094362 0.00878080188661963 0.0218266018519528
0.0954877193096089 0.0394276808139134 -0.0298211463326684 -0.0206355220422167
0.0619738459662852 0.0253546605699793 -0.0924452369224726 -0.0210306967108728
0.072447752957714 0.0177725150314633 -0.0946165286255986 -0.0391730932680191
0.0773412701195057 -0.0144981722424709 -0.0897741287170976 -0.0262316403250157
0.0581096991071436 -0.0437898056302959 -0.0729883965844071 -0.00850517082541211
0.0281009286949214 -0.0490620624850743 -0.0435330128722662 -0.0111343414968401
0.0101603921733816 -0.0502868103890319 -0.0351746174618744 -0.0197276584096044
-0.0071369772250122 -0.0476897922147908 -0.0232545487082428 -0.0298944822975646
-0.00862756157775365 -0.0415413050441125 -0.0145608816997196 -0.0377485960810174
-0.00561672565636613 -0.045651336880319 -0.000244663015162335 -0.0523207035583422
0.0111684666408888 -0.0510941566675375 0.0216099320928197 -0.0577159703603466
0.030625275359116 -0.0453954971863188 0.0470965084293317 -0.0544219547386548
0.0540008154142923 -0.0369106782286425 0.0611632752443436 -0.0197924154261773
0.0690977861205954 -0.0123309620037121 0.0428415461268278 0.0135958700333849
0.0703390972220052 0.0247966677833627 -0.00336042557376262 0.0138199016659863
0.0684733253605157 0.0435788261009551 -0.048639853402518 -0.0346201784386062
0.0261910978742044 0.0192396298792534 -0.102650363928486 -0.027759343804128
0.0361844235541307 0.0154225050670333 -0.102486406632295 -0.0344087720670738
0.0414216559104707 -0.00347696832589249 -0.0835331401205089 -0.0291869448456381
0.0311441291708653 -0.0196653293884454 -0.0649666819917116 -0.0161771969598543
0.0167496757201521 -0.0219581818550665 -0.0419902090608699 -0.023127530951038
0.00946521415419216 -0.0242894246643296 -0.0376005856841379 -0.0334120296565283
0.000842087481398746 -0.0274863155907503 -0.0256894013167645 -0.0415693917261524
-0.000953044944649865 -0.0247455770809647 -0.0131794332471882 -0.0509242636605068
0.00228082180853696 -0.0270670865513348 0.00610347694636918 -0.0660985866352431
0.0126974476405005 -0.0297421390596368 0.032353204999988 -0.0674232529436417
0.0247023943408739 -0.0244374469393277 0.0593651748754245 -0.0569043907555921
0.0388250916889937 -0.016524898596168 0.0658472005872101 -0.0186915596223232
0.0460784886207539 0.00230458773305825 0.0403067512391569 0.00888357661656929
0.0413258753087231 0.027639605592904 -0.00818607423702764 0.0049851643987289
0.0341119542604876 0.037804731671336 -0.0578680828978967 -0.0463710610500054
0.00442959349304189 -0.0127682398838705 0.0694019869157082 0.0502953645317985
-0.0107785773744683 -0.0137035551336181 0.0253529386326781 -0.00274677076584541
-0.0177093601029228 -0.0067859509281503 -0.0401641346604958 -0.0124711257802552
-0.0140679929162014 0.00104576997764449 -0.0719195197176012 0.00951605005226359
-0.0116599377991129 0.00126284251962787 -0.0736086257791856 0.0526183591286972
-0.00973103384522692 0.00200670171320639 -0.0390659203483457 0.0779745952916604
-0.00813752639440254 0.00612020009426354 -0.00917910325706881 0.0758205493303606
-0.00883114239850574 0.00426047648248235 0.013722514171937 0.065376841052735
-0.0135155497266248 0.00313420288723132 0.0312863120668647 0.0497390896398723
-0.015743143390318 -0.00293670222885179 0.0447491119656513 0.0414009080716928
-0.0145400102955469 -0.00751115249034857 0.0485814502114154 0.0324487741021018
-0.013753094717826 -0.0142716387834705 0.0621720515898564 0.0287195152651037
-0.00918789384685752 -0.0152070167947919 0.0788194834018411 0.0339025564065092
0.000361365067834564 -0.0182408808583851 0.0893941835027082 0.0322520864432656
0.00953731397412517 -0.0146171656609418 0.0990293192305221 0.0262370107246261
0.0389508708932564 0.000895531201042015 0.0533476076718929 0.0535778762145782
0.024564984721813 -0.00044395139764399 0.0145181742243379 -0.00125491255415242
0.0196288512089348 -0.00701117431515029 -0.0494275907894435 -0.00909836073807925
0.0185010815747727 -0.0129148944668745 -0.0788067791806318 0.0104472108446244
0.00970401806922371 -0.0206014934494386 -0.0771011845528566 0.0515209057419221
-0.000591443157411972 -0.0239883786404324 -0.0446688385893654 0.0760564181878456
-0.0112663607375568 -0.0202051519130666 -0.0122525351394597 0.0724698731194631
-0.0158926137446832 -0.0173534682658715 0.00973688728888965 0.0610896771669798
-0.0237836695844439 -0.0193489050191022 0.0265616768508855 0.0440959627006846
-0.0200642286924335 -0.0293690293689813 0.0408514253763629 0.0330936903149737
-0.0104815370024776 -0.0354693222671709 0.0466272663131225 0.0229987475250564
0.00401822752987199 -0.0433675485111327 0.0626124907161289 0.0214902024912877
0.0218591769895602 -0.0348858721474364 0.076473085199972 0.0311168987434352
0.0395497058248977 -0.0193937690443764 0.0800301470956537 0.0254638853693179
0.052229139744038 -0.00452205969060851 0.0856685126811963 0.016913541127555
0.0679292897263462 0.0159840802363421 0.0268757329429218 0.0472075183137662
0.058528062765338 0.0139246791479088 -0.00247919498577088 -0.00902716307162358
0.0579804278548982 -0.00708834526710654 -0.0633464222835966 -0.0125014366386315
0.0497496998553948 -0.0279820726807963 -0.0861006373117795 0.0118329084166418
0.0288101571478217 -0.0418526331194514 -0.0753136073516179 0.0496568340908621
0.00729020225297448 -0.0479969371391234 -0.0436864063713827 0.0675339065468431
-0.0132965409318121 -0.0433663475456226 -0.0146870799299627 0.0601290531238858
-0.0204351931262115 -0.0361780941730059 0.00314376669475365 0.0484347296767271
-0.0301603046473753 -0.0380743984474924 0.0186072595016363 0.0314613600990609
-0.0228001242422475 -0.0510242287950376 0.0330852283252693 0.0188321914217465
-0.00652508143824351 -0.0572623726207656 0.0428674012287012 0.00813976442328998
0.0177738524115843 -0.0665609892151365 0.0626947321015385 0.0113104221848588
0.0471483442882308 -0.052066540074905 0.0727428470612733 0.0279811508526973
0.0712413100834788 -0.0213103463675712 0.0647050965263247 0.0245686261513314
0.0869435564473394 0.00569390827869743 0.0608017846559344 0.0102339872445553
0.0890539654383602 0.0267987204346595 -0.00410382848577049 0.0308733137608744
0.0877227387688359 0.0219056960886315 -0.0255318347821344 -0.0219894836483814
0.0908659828445813 -0.0126139856168035 -0.078077920253695 -0.0168316272179641
0.074447823396122 -0.0466050996835075 -0.0907043206045681 0.0114926413491401
0.040697054364647 -0.0622086126353944 -0.0689725249128443 0.0421425064421516
0.0126242506466547 -0.0657863783401454 -0.0407023150967972 0.0512123104464662
-0.0139608914184329 -0.059971518973665 -0.0165852314088556 0.0401821374017892
-0.0232364481713058 -0.0491863240691616 -0.00405159970643071 0.0290083443419556
-0.0316014670380788 -0.0517596351332412 0.00921147735707033 0.0130348709225783
-0.019692083622616 -0.0657453739517159 0.0235472024582041 0.000279548249552645
-0.000228930676434716 -0.0704199884183678 0.0372040288397035 -0.010777128856655
0.0299295566394858 -0.079561395040141 0.0608720600853272 -0.000477294820374759
0.0659355060287047 -0.0593001180813218 0.0671797556767742 0.0238696123351527
0.091621579198339 -0.0179166087984818 0.0468941302448855 0.0247399349162697
0.10741990775042 0.0155068638716401 0.0296558993789633 0.0017297864938123
0.0958000287855066 0.0315448629395523 -0.0387162273862481 0.0112698343670206
0.103639048752012 0.0236336989209913 -0.052206755659471 -0.0340758589305192
0.107870153994387 -0.0187878870194507 -0.0893869350960086 -0.0208027860741499
0.0846973495774687 -0.059730308886751 -0.0894188600777242 0.00763567130518875
0.0439731699369192 -0.0723788891481614 -0.0600055713693723 0.027813252105428
0.0125238713944501 -0.0739290218869077 -0.0369580896045572 0.0280161718292685
-0.0147733786026027 -0.0668607184056351 -0.0187452215574248 0.0154069278904624
-0.0216390358891548 -0.0555164685945532 -0.00983348668278298 0.00540980358422883
-0.0266808010417951 -0.0581004068316092 0.00187534183182795 -0.00891123395455225
-0.0113461663550689 -0.0711458585805145 0.0159664033492773 -0.0204754093761255
0.0117818492455362 -0.0732277651601266 0.0341483023519599 -0.0294592717934641
0.043619378062143 -0.0773724203878549 0.0589463536550513 -0.0111363230923783
0.077319469310832 -0.0542902796516733 0.0596929376547064 0.0201991930247659
0.0987990561373096 -0.00614793451484904 0.0268359643557913 0.0261850558593183
0.110498387967497 0.0280650703115845 -0.00247331996256832 -0.00794817117176038
0.0871014894471913 0.0301854061782918 -0.0706908761066134 -0.00641657330490657
0.0983745973358009 0.0206563464043797 -0.0779258020949569 -0.0392544086868907
0.103257046730615 -0.021554739551975 -0.0934003158524413 -0.0235556430011188
0.0774817389686491 -0.0600788611474413 -0.0826590875338887 0.000912170527239603
0.0378514262361857 -0.069725209415333 -0.0505986306069558 0.00822786353929395
0.0105512330300063 -0.069099582906201 -0.0350940112769829 0.00333140388692765
-0.013476036643886 -0.0624095532799551 -0.022069705180728 -0.00944193966408625
-0.017152247942521 -0.0524022899138019 -0.0139859359906168 -0.0178642246426295
-0.0179146817888812 -0.0560222611856315 -0.0018276404283937 -0.0316246534686309
0.000783302359785931 -0.0663249044710678 0.0146974582851794 -0.041413318590536
0.0240432358902516 -0.0650933800223666 0.0376473271283189 -0.0448686939222838
0.0544749144599407 -0.0617546134902626 0.0591799938165712 -0.018074624784606
0.0801379101736366 -0.0355136853907468 0.0500314312589248 0.0177128232993878
0.0919676470501403 0.0101015568220182 0.00969513141153454 0.0222787501606226
0.0977200087897519 0.0377026528964641 -0.0302409059713075 -0.0205213537699947
0.0628941340708669 0.0251456888341292 -0.0940327632154523 -0.0205454894566297
0.0740333195681417 0.016731362641466 -0.0969997663323325 -0.0381269944134085
0.0788680756450539 -0.0161656933858323 -0.0917643490494021 -0.0254330162214328
0.0582203401772932 -0.0458910291592572 -0.0732378307756538 -0.00777539873559429
0.0280491242606248 -0.0507137436593939 -0.0450508289906642 -0.0107584639585176
0.00915677615809669 -0.0508500794874654 -0.0359325289378512 -0.0197395671750654
-0.00762092114639332 -0.0484426902034892 -0.0252368746134388 -0.0301415979231718
-0.00973682571188012 -0.0418875811496204 -0.0154765025998884 -0.0379937419325152
-0.00647755610561452 -0.0454675375525942 -0.00106252697251561 -0.0529895924921639
0.0103874077292045 -0.0517028172998252 0.0211645576445222 -0.0588745313543679
0.0299775355742073 -0.04684861608057 0.0471957565920582 -0.0557866539967428
0.0538214936572997 -0.038624253085865 0.0620758976789409 -0.0211742815374997
0.0696047489844439 -0.0136297313023512 0.0440909384769305 0.0129710444725155
0.0717750668607888 0.0239448274975922 -0.00269525771596277 0.0143738061846839
0.0702720962186228 0.0424668428242596 -0.0494599614217034 -0.034220203274336
0.0266924713892058 0.0186808601757056 -0.104690508284792 -0.0273444110209882
0.0367205882206323 0.0152853457378327 -0.104167861432244 -0.033042645650304
0.0421165499966922 -0.00448387665322468 -0.0852366943353159 -0.0283145443848784
0.0317593522599328 -0.0203147893761978 -0.0658122385555733 -0.0158244266904446
0.0166180155701304 -0.0220478013053451 -0.0428093898327541 -0.0235145810903302
0.00946772523420172 -0.0252934186381882 -0.0388885176654626 -0.0329295111934576
0.000336422924015427 -0.0270813959426063 -0.0274867374539451 -0.0420924513607263
-0.00152691011443516 -0.0250319348111554 -0.0142364111143825 -0.0517006946308884
0.00182298527363028 -0.027763420246661 0.00480195756249401 -0.0671768331267176
0.0120582273173327 -0.029748590981931 0.0321609813114737 -0.0693183716069585
0.0244482391827583 -0.0250137217880862 0.0590331143749915 -0.0585380266441729
0.0385674318673008 -0.0175901305659908 0.0668787905955869 -0.0202445175224083
0.0471548333309352 0.00127909726976422 0.0411427046720061 0.00851854115377834
0.0423297348454099 0.0276287488545792 -0.00781402266332785 0.00568650440919067
0.0351464717228933 0.0370662149692617 -0.0588876575432145 -0.0459833182837719
0.00427972243065915 -0.013425634355015 0.0725825556639378 0.0481272676673041
-0.0113959762396947 -0.0132975571955443 0.0255634273887627 -0.00401777802548876
-0.0184999584502157 -0.00636550210624759 -0.0406344099296878 -0.0107690410153325
-0.0144068949269027 0.00147025854102546 -0.0724750451474579 0.0126372033979328
-0.0122821684527944 0.0018389142644996 -0.072450603257512 0.0565723609338373
-0.00963075310364047 0.00219306491641131 -0.0367179072201832 0.0812270437131915
-0.00813152943264802 0.00603392758947128 -0.0058615176829355 0.0782170022522931
-0.00889050691583846 0.00471678690055907 0.0174344623661428 0.0662205819027674
-0.0133356572683783 0.00395217102934641 0.0340711008974353 0.049239678910983
-0.0161632765743394 -0.00240322492321261 0.0474460093232864 0.039861706599082
-0.015215113259145 -0.00704693337225845 0.0512672172128978 0.0315878959646285
-0.0145961223301925 -0.0136942501412135 0.0642769081955895 0.0268900882248751
-0.00978842965909636 -0.0154085445592301 0.0819405932953693 0.0311321155694709
0.000347614031514216 -0.0183920591285938 0.0918347307468691 0.0292829178565101
0.00907803174789168 -0.0147170449509069 0.101893687192812 0.0228595043525558
0.0393336659992933 -0.000431425820892922 0.0563917945611979 0.0523835438107648
0.0250181447152949 -0.00184940481394946 0.0144781395976801 -0.00236763822929687
0.0195780530600867 -0.00873850229916149 -0.0504974186289842 -0.0070039886698477
0.0178193177147112 -0.0142564883753586 -0.0794145877436969 0.0142105816854498
0.00838213049840154 -0.0214369720766295 -0.0760679359895391 0.0561854698485707
-0.00247437015208353 -0.0248691607698114 -0.0420022692487154 0.0787521458795015
-0.012188735497418 -0.0202865717251606 -0.00950422254693007 0.074707911705195
-0.0167523538909296 -0.0171245265881893 0.0125810923508234 0.0621333733154579
-0.0249367598358465 -0.0180485176121029 0.0294013129450089 0.043753609131685
-0.0219195536624108 -0.0290879951824775 0.0428029594127962 0.031846119944201
-0.0124570735821982 -0.0356940037144715 0.0491809227047224 0.0218552315748274
0.00182124235173056 -0.0443406566867045 0.0650637646303054 0.0191102196083923
0.0211119514513402 -0.0370734077436453 0.0791367608479322 0.0278965660443991
0.0396240547624679 -0.0218051981774242 0.0823528088961661 0.0229490015488584
0.0533066374467995 -0.00704351646812307 0.0881676706711981 0.0138342168006697
0.0695407146743787 0.0136308264516419 0.0293106926148324 0.0465391259467762
0.0609412854112919 0.0110229008921467 -0.00291472367113877 -0.00961006241322456
0.0584947666881806 -0.0109760069319763 -0.0642107127405205 -0.00969030955093632
0.0492894271338977 -0.0310774134473608 -0.086839004419767 0.016207959523412
0.0272297097179119 -0.0449470101271424 -0.0747986922020961 0.0543397344019723
0.00466858851380945 -0.0495753621807276 -0.040920971021279 0.0704771134275734
-0.0155193282320546 -0.0439979559931232 -0.0129477410183099 0.0617171711716953
-0.0221550764316325 -0.0357858490495363 0.00520558755243742 0.0491802959112206
-0.0329129220050811 -0.0371839156997114 0.0204119243552162 0.0313291404842071
-0.0256541547700914 -0.0510182500873879 0.0342661449514158 0.0178126149017384
-0.00980071893861722 -0.0580521186760411 0.0441452409950931 0.00675162898062516
0.0140000885506382 -0.0689663820425898 0.064822859338044 0.00902395290471692
0.0456490149551128 -0.055630431632507 0.0754778616597599 0.0245930717369795
0.0718441579517988 -0.0251308180749929 0.0672721884563946 0.022477084092034
0.0887216104659192 0.001237020355898 0.0623050559313719 0.00804525411245778
0.0909351678974713 0.0237070209319048 -0.00309757410641035 0.0317857654605907
0.0904012175047817 0.0185646700663708 -0.0265336597332309 -0.0219124271866754
0.0912617838359152 -0.0174074289094993 -0.0797605099653807 -0.0137528526523367
0.0733045136795634 -0.0513218048968285 -0.09133776860193 0.0157584309267243
0.0386368948997396 -0.0654565513654127 -0.068606324328667 0.046246287836576
0.00912982753953425 -0.0680436162972823 -0.038692426254904 0.0536931543562083
-0.0169620118641076 -0.0608968969402085 -0.0161472967669568 0.0414689587863086
-0.0254856657721881 -0.0488687933250517 -0.00253943260158917 0.0294875343921461
-0.0346725882905553 -0.0508949810501103 0.0099056276632046 0.0131855373034211
-0.0234539008593629 -0.0656091529856914 0.0237904391108511 -0.00104286423890326
-0.00367300877568952 -0.0722589840982003 0.0378635323665608 -0.0113545248839411
0.0266635323854737 -0.0821791740458023 0.0621138058808794 -0.00327564070168551
0.0639461758102344 -0.0639957989812512 0.069401748611605 0.0213245446357711
0.0926427495145492 -0.0227449601994244 0.0491123598176658 0.0234767652725405
0.109883950526035 0.00953145199702671 0.0305427139223074 0.000693677420724175
0.0985525226402901 0.0284062036273194 -0.0388347559166778 0.0132449816316341
0.106031821926821 0.0190210912845135 -0.0546118986911338 -0.0322562089006125
0.108518035973916 -0.0249567733480356 -0.090532822328387 -0.0175493321387769
0.0833286639551228 -0.065373787256829 -0.0906865620623554 0.0117734767458636
0.0410501898716834 -0.0765336598710727 -0.0602062740119162 0.0309011730437983
0.00901333766587106 -0.076123942620354 -0.0360910171345923 0.0300139299139564
-0.0183790871686875 -0.0674406356014051 -0.019679282044095 0.0165377644772896
-0.024430966780234 -0.0551996621512795 -0.00973416700016964 0.00601660760574015
-0.0302756312279063 -0.0576885360937503 0.00157191539966257 -0.00919996672026709
-0.0145955907303558 -0.0715473589304572 0.0153192708716604 -0.0219989505250323
0.00776920470842333 -0.0754128818578218 0.0337078560215433 -0.030906561715421
0.0401901149433922 -0.0812152182355665 0.0594119152156982 -0.0141703754178019
0.0761594307263148 -0.0591170366280051 0.0612618007967293 0.0172652540389511
0.100471638082535 -0.0111318701872885 0.0286252675806249 0.0254673332946324
0.113775342069674 0.0226041643079559 -0.00261425144256751 -0.00780773836860227
0.0892957132829871 0.0274194038850117 -0.0723922695415977 -0.00370229238154245
0.100927688607358 0.0165774366695221 -0.0808120800217487 -0.037264270131872
0.103877672879356 -0.0273683538774147 -0.095889919016078 -0.0201646628642395
0.0763116016936961 -0.0654759323546946 -0.0837698059653817 0.00416868446231442
0.0352788997279547 -0.0729657654829959 -0.0513811321085489 0.0102078739251524
0.00703508482046629 -0.070573275533549 -0.0359974588899779 0.00443008744914246
-0.0164708092292013 -0.0632072709861473 -0.0238428458000716 -0.00859673118784292
-0.0193180480328528 -0.0520273769627341 -0.015088840677802 -0.0175639883250657
-0.0209980061871136 -0.056200107532489 -0.00350082965341555 -0.0327754257210058
-0.00226073836113749 -0.0673077603230928 0.0132990185121292 -0.0435049382743654
0.021521792692086 -0.0673037054043521 0.0359701103350163 -0.0469015526459104
0.0518519691628412 -0.0650164215590596 0.0595441472958275 -0.0207646631606248
0.0800627770772088 -0.0406553939203219 0.0518314265356095 0.0153152825542306
0.0942590614527787 0.00581649051550948 0.0117492260358634 0.0227121522274187
0.100952457343591 0.0325334366751297 -0.0317227827081702 -0.0191029773913669
0.0644652163586909 0.0223450221023237 -0.0964689932618583 -0.0171056275336749
0.0758486550596564 0.0134183234985132 -0.0993931989167132 -0.034487009841
0.0791758130048423 -0.0205927467337474 -0.0933903782882351 -0.0218576456114352
0.0569189481197805 -0.0496082068884462 -0.074798864634039 -0.00492395953078166
0.0264896261525322 -0.0532695088433164 -0.0459594400460468 -0.00868252676609869
0.00691832109705407 -0.0522946583733714 -0.0376780983038246 -0.0182595972928906
-0.00999875509324853 -0.0485687611646961 -0.0284143912427741 -0.0296231254730545
-0.0119225413154773 -0.041613185762 -0.0176798771976492 -0.0385159741380465
-0.00897745956906044 -0.0457722184165096 -0.00344961443802717 -0.0538956208076922
0.00777626618644319 -0.0531503729703968 0.0187933607548781 -0.0608968850747287
0.0282292010816448 -0.0492408432033438 0.0445298516177241 -0.05831380698066
0.0523247810628935 -0.0417564483153752 0.062823324993847 -0.024288333759622
0.0703153959412646 -0.0172337029117355 0.0448188535833504 0.0108215685293074
0.073445180159128 0.0209748296450541 -0.00114254510565553 0.0150935497123669
0.0731413721081796 0.0386309537363601 -0.051813550744504 -0.0328042507811602
0.0275813179475642 0.0179336544136982 -0.10767453788993 -0.0238309038822287
0.0386333399900618 0.0135223414718609 -0.10667664279039 -0.0290474864785997
0.0423129899487216 -0.00638496077534009 -0.0879050474188 -0.0242571637258223
0.0315413793015855 -0.0221762638737435 -0.0675809144528811 -0.0132314335674317
0.0165313023964585 -0.0235069395592715 -0.045207511371255 -0.0222368481970992
0.00870042504797398 -0.0259371303617221 -0.0408089789908726 -0.0320723011360943
-0.000623785911107311 -0.0273476185029566 -0.0308058310391601 -0.0423993707801491
-0.00251919838238503 -0.025002604671901 -0.0168223754380306 -0.0524375335112512
0.000715686033311369 -0.0274736000300518 0.00187954487284333 -0.0686285537794292
0.0106621108006673 -0.0306207396669961 0.0291942830730393 -0.0724396345930342
0.0235453218266208 -0.0264216935962617 0.057616802122474 -0.062702627138947
0.0378601285887584 -0.0192039108627576 0.0675384842310049 -0.0238393277084143
0.0477966953712821 -0.000995231453567735 0.0423315777908606 0.00718866011969991
0.0435659866344056 0.0258473306102592 -0.00668972309378528 0.00631996281297404
0.0372201706177725 0.0355154505367636 -0.0619663907781945 -0.0439012743920053
0.00356846491693614 -0.0142338039661758 0.0744614798696418 0.04296601398977
-0.0117609626733518 -0.0124348513580719 0.0250696932069017 -0.00600900109699649
-0.0186833393933517 -0.0057782724655742 -0.0399758885557933 -0.00829489500898103
-0.0146198293508107 0.00244401253550863 -0.0698640262886684 0.0172561183192475
-0.0123672764622513 0.00270044902906369 -0.0685259425047426 0.0608748194060598
-0.00961736357482957 0.003141789530141 -0.0312646643495502 0.0822551571908347
-0.0076774395509188 0.00618094915288922 -0.000360704463887564 0.0772942742582671
-0.00864627780641739 0.00472792813809677 0.0219184813190326 0.0648706131625666
-0.0127453935654673 0.00465623505950789 0.0375268426932941 0.0468294309073286
-0.0162776315431744 -0.00104015667606067 0.0498511312199093 0.0365407328086846
-0.015414576705078 -0.00631764155657561 0.053191431764325 0.0283445905349718
-0.0151949120046754 -0.0122054072905849 0.0661046914962675 0.021693422907133
-0.0104639829225352 -0.0146481926400677 0.082619350666755 0.0253048575823231
-0.000945835727137875 -0.0184429337323027 0.0920961762692743 0.023230312935183
0.00840552607943175 -0.0150931188216313 0.102284087056182 0.0164698701282908
0.0383899548835964 -0.00296325171552971 0.05866198997149 0.0483439800036889
0.0245608135156805 -0.0037322536724816 0.0141054600507963 -0.00375962477640567
0.0186469489912184 -0.0104064898495276 -0.049596404141572 -0.0042857801644539
0.0158867956424151 -0.0155866557232891 -0.077480784181195 0.0190860244781718
0.00652743271186251 -0.0221238482511637 -0.0719835374324333 0.0602259786880451
-0.00409406136665957 -0.0245010634323397 -0.036190575147202 0.0808067353566966
-0.0134986111783957 -0.0196773507641562 -0.00428552971252803 0.0752175350299957
-0.0177711459629598 -0.0158315283382669 0.0168284544728991 0.0609447185720505
-0.0257340582608718 -0.016490648046797 0.0319581089166057 0.041758438018761
-0.0236236271379304 -0.0272035862425848 0.044689835450849 0.028770549534149
-0.014612876353248 -0.0345489242355372 0.0503823810231194 0.0184957075508255
-0.00161917693051671 -0.0436633644442946 0.0660675581349539 0.0144494885886606
0.0186514698990761 -0.0381573691469438 0.0800831344638551 0.0221457556536478
0.037956655930952 -0.0245650111234481 0.0824041897793728 0.0179864271830475
0.0521934848026308 -0.0110676556016308 0.0883575221243373 0.0084522379361753
0.0696874164921183 0.00878186116269699 0.0314385500343574 0.044317919302322
0.0609409268346059 0.00664603049059803 -0.003417419599616 -0.00946540080342223
0.0566025243999927 -0.0153740684156926 -0.0638567446235341 -0.00548219592014728
0.0460393826611235 -0.035205416912394 -0.0848219807984656 0.0210442202174016
0.0234216073783887 -0.046510525328824 -0.0704767827228653 0.0578944182992149
0.000618837394774682 -0.0493477171027273 -0.036153591698782 0.0719170976772209
-0.0182641154537413 -0.0427966725198205 -0.00890615796741775 0.0623163571799551
-0.0243685018972167 -0.0345016950243637 0.00877138757810549 0.048643177910094
-0.0350663402649667 -0.0345991809590257 0.0223752361553523 0.0297964264184012
-0.0287739957947731 -0.0490339700132246 0.034877992403613 0.0151883330065271
-0.0135920605470252 -0.0573345138337414 0.0445081367414332 0.00426931136361453
0.00925085306059801 -0.0686011993821238 0.0649130834589546 0.00451088082142456
0.0413896091574605 -0.058167949562017 0.076238960048189 0.019117299269435
0.0695970364118037 -0.0296001080545942 0.0678529467256181 0.0176679949929772
0.0877902273630801 -0.00553758498537431 0.0622562132238631 0.00450659748947254
0.091325884707863 0.0177472388653037 -0.00115767405182322 0.0315495074013048
0.0909262003158059 0.0120078522227776 -0.0279135185105375 -0.020326942234835
0.0889323291629765 -0.0245858723781299 -0.078757951985903 -0.00831280097294075
0.0686537981303777 -0.0560524538483309 -0.0897288663996245 0.0206929515659852
0.0333957476678969 -0.0681031887104875 -0.0648590053049709 0.049966188471098
0.0041061702880027 -0.0680935894985385 -0.0344975077797809 0.0553091010203764
-0.0213499774492868 -0.0588252400112741 -0.0137522984258542 0.0425254229879755
-0.0283525412749242 -0.0467811640351806 -0.000273355000631286 0.0295473186836972
-0.0379089705614135 -0.0477420149594542 0.0107675461350931 0.0126276735512813
-0.0277169243585228 -0.0638225801392654 0.023388517499888 -0.00247504016144593
-0.00847992692544087 -0.0714726044080675 0.0370753948981161 -0.0137700169166985
0.0202459552281163 -0.0830083653142777 0.0616273060706928 -0.00721102471002234
0.0592249808249068 -0.0681279014491695 0.0697492620106126 0.0165203897771259
0.0900742892239711 -0.029328110897159 0.0503269251378994 0.019976077921737
0.109163226898522 0.0012249549918902 0.0303155349632027 -0.000752814974602119
0.0988800597918463 0.0217765973651347 -0.0379964743479055 0.0151993044205226
0.106057147685957 0.0118547679419927 -0.0553403187082947 -0.0290132604461682
0.105250403324614 -0.0328819381972183 -0.0906579782409001 -0.0112430620565488
0.0771239231067823 -0.0705997636778636 -0.0884228004988557 0.0166308530597072
0.0350682251777325 -0.0790483611115798 -0.0572812998481537 0.0346592602872955
0.00302255298512139 -0.0760060220609694 -0.0332226934247524 0.032018762855724
-0.0221955604607445 -0.0652897039287169 -0.0192886338037833 0.017725804338742
-0.0269299356204713 -0.052392780718134 -0.00961755820742963 0.00656979223307456
-0.0334743094959368 -0.0544269078001753 0.000731245697785198 -0.00932882612120194
-0.0198114814331976 -0.0698809732382031 0.0131441581117707 -0.0224613534427105
0.0022990182969469 -0.0756928696297862 0.0313371336921207 -0.0319804283740311
0.0338977361526872 -0.0831580844808247 0.0581805630276306 -0.0184498055472736
0.0712052629320395 -0.0643678846799548 0.0613655193779848 0.0132961787120356
0.0983810289288261 -0.0180995409101443 0.0309207785825903 0.0232573911007066
0.113657684303345 0.0137339630514718 -0.00286941899080071 -0.00736087758479224
0.0903925587464976 0.020833339986423 -0.072104317321997 0.000452729105820648
0.101109209742375 0.00928818397671779 -0.0817198393695236 -0.0315922237546886
0.100838374768578 -0.0350108664082745 -0.0952822701864979 -0.0133728562458232
0.071179552023108 -0.070978306223462 -0.0823717034184683 0.00935539471943572
0.0301541777926727 -0.0751936652960104 -0.0499597892252232 0.0135655364795244
0.0017711898710174 -0.0703128065860053 -0.0352226126419079 0.00678998855124815
-0.0206221195766722 -0.0609289837402553 -0.0254724108007354 -0.00654747781261891
-0.0225738049993431 -0.0502524071091063 -0.0169756870902346 -0.0169306218152401
-0.0243158586729373 -0.053315712510526 -0.00540861626958948 -0.031909416417221
-0.00732420983581323 -0.0666629931627721 0.00984895646527617 -0.0439067105558981
0.0162278624198506 -0.0687226595004239 0.0325670428632388 -0.0479975469122736
0.0465549616656947 -0.0679725687003264 0.0580926318188579 -0.0249875239993349
0.0757799836976913 -0.0462607630280732 0.0524618260781778 0.012004121088113
0.0934632980126847 -0.000512553453869068 0.0128049958470375 0.0215895533244505
0.101001181339132 0.0243822394722316 -0.0319276080817825 -0.0161976057193175
0.0649326786611743 0.0180650117469317 -0.0970881403793153 -0.0110256868514924
0.0760398978357622 0.00832806858943175 -0.100619261527307 -0.0278362153763805
0.0767023651620387 -0.0262357357074894 -0.0934095837696054 -0.0153077631681023
0.0531987002855415 -0.0533424896692239 -0.0741433380680943 -0.000658649627186827
0.022700311053352 -0.0550734232526732 -0.0463504071199603 -0.00608942097926184
0.00348484014757598 -0.0526675362288106 -0.0383017677696524 -0.0160805553660677
-0.0131542057330684 -0.0470675976032335 -0.031065126543743 -0.0278094456000593
-0.0142198407533371 -0.0405420183232353 -0.020491351260351 -0.0374797060637751
-0.01174385540697 -0.0441514020123479 -0.006946027415997 -0.0533381007339647
0.00399423498483432 -0.0526417051555263 0.0142798158464351 -0.0613799387601379
0.024214424469098 -0.0511268379904125 0.0403357565420312 -0.0602081638467926
0.0486644389029168 -0.0449342207748179 0.0606081696149163 -0.0283527465522706
0.0680890422228889 -0.0224024492657506 0.0454453248415193 0.00811477762156581
0.0739707995980025 0.0158339274095816 0.000592879504522374 0.0153523939130765
0.0744473225589826 0.0328491745014479 -0.0527859559775241 -0.0286112472308172
0.0282777177179686 0.0159178414107897 -0.108746895570389 -0.0172603072340771
0.0385317285989577 0.0108958093128633 -0.106904878178595 -0.0214654785384802
0.0417550467550135 -0.00918587536014629 -0.0878078362160583 -0.0184542382785192
0.0298723267632882 -0.0241658691188535 -0.0676620534781831 -0.00930883542482671
0.0155002059065888 -0.0246347957180158 -0.0456726425973516 -0.0194823477833399
0.00692803515703904 -0.026500291179809 -0.0429941500416349 -0.0292766561949817
-0.00268171997645494 -0.0269367706205493 -0.0340059996919036 -0.0396749735313163
-0.00374969727749519 -0.0238478054537918 -0.021128258127944 -0.0511047782202515
-0.00113464588649103 -0.0270718396324315 -0.00282644394659217 -0.0685235048456799
0.00842758416205873 -0.030714650312917 0.0239942706623928 -0.0735070066950478
0.0213756417642083 -0.0280999375031027 0.0525502560482408 -0.0653812457843307
0.0364671268582068 -0.0213394387467368 0.0654709262768571 -0.0280601081409942
0.0467420876709272 -0.00413732982238134 0.0420615235058301 0.0047298290355102
0.0449316519981714 0.0232789930293182 -0.00535983515687773 0.00683504963177856
0.0387664816384831 0.0318297078279402 -0.0636999931442193 -0.03939059727425
0.00285484949084035 -0.0135853604373874 0.0722530317909743 0.0368931772858622
-0.0118909482955405 -0.0114211968924885 0.0230910374694914 -0.00733980534517835
-0.0187251104969685 -0.00400092599859132 -0.0379885282116637 -0.00582474216512566
-0.0138337902857049 0.00311207818573493 -0.0663436538020762 0.0191416702171403
-0.0119347155121352 0.00348293391701992 -0.0618496126100594 0.0612722790096126
-0.00963590184578513 0.00333748381849839 -0.0254472859386713 0.0797401260543959
-0.00730699856939673 0.0054612128156237 0.00449035734114129 0.0737669022450005
-0.0079623909155522 0.00480423918399469 0.0250990332662754 0.0609031468793801
-0.0118905165271109 0.00480103646457972 0.0382549655953143 0.0430787853080767
-0.0152591578616737 -0.000323171346306375 0.0492467119930347 0.0323910599443186
-0.0147929035513797 -0.00513814877873438 0.0521493537256042 0.0239257468159266
-0.0150472651719849 -0.010708720193518 0.0630910237479649 0.0173107242008511
-0.00992093674263264 -0.0133096808452389 0.0796821290701142 0.0192090423601242
-0.00177036779838771 -0.0177834224218819 0.0884186254819835 0.0178984944731834
0.00733483981096367 -0.0145346844470084 0.0987275468117855 0.0109979552100514
0.0367418673855086 -0.00507113113145971 0.0580048748920032 0.0427086854126476
0.0232971419915731 -0.00446138773041195 0.0129664413122029 -0.00483316117976754
0.0163219937227112 -0.0109100134360017 -0.0466538490424032 -0.00159183124536886
0.013849460926426 -0.0161432278695926 -0.0729022170095503 0.0218467540515708
0.00524055879444693 -0.0218280795670486 -0.0653627853817748 0.0611348544815437
-0.00603047571284618 -0.0229011697565018 -0.0299971622179219 0.078533484787927
-0.0143210007980087 -0.0185869282478667 -0.00028593789637275 0.0718385743572391
-0.0174169159803757 -0.0144938262151742 0.0194023340118417 0.0575428139257174
-0.0251257988787493 -0.0140368595071836 0.0329648061575102 0.037863693977301
-0.0242296787044667 -0.0249104976161263 0.0438321837692919 0.0248601113387329
-0.0157699777526064 -0.0322239339994421 0.0491316039550822 0.0151290718449582
-0.00363381426575698 -0.0409915418069826 0.0628630063946177 0.00975555747096292
0.01598621667046 -0.0377198987505199 0.0771157897792891 0.0170458903743069
0.0348130211282316 -0.0253456458990832 0.0794160720846037 0.0126742316385817
0.0485548787452269 -0.0130980430267949 0.0848002207809202 0.00423251167817663
0.0669318893763636 0.00552554409835581 0.0317320473094335 0.0405019814935167
0.0585447333773411 0.00333982506080638 -0.00376082446356683 -0.00941893257576128
0.0526710364354131 -0.0175831218533798 -0.0604382433702441 -0.00263870313284275
0.0417598064673221 -0.0365838986483204 -0.0796418831633088 0.0243682307264422
0.019271587528858 -0.0457622107078536 -0.0640576114845261 0.0590370209091177
-0.00246453306976391 -0.046918187785757 -0.0300862632929554 0.0706274961463665
-0.020471068307212 -0.0398297885559923 -0.00520689911970614 0.0604811302978794
-0.0248552671132014 -0.0311441445137126 0.0111428888705818 0.0457825040669074
-0.0345617505579251 -0.0305437685795212 0.0232716445312245 0.0266967277829233
-0.0303496333750501 -0.0448362553771297 0.0342008372435269 0.0129622319667803
-0.0162845684185159 -0.0537396053445568 0.0431476205920854 0.00205235601702088
0.00502526484833235 -0.0655417629582837 0.0619602011553972 0.000318393755738884
0.0361856598656696 -0.0581006276319811 0.0733281001199129 0.014228390804807
0.0648237231745837 -0.0323060024063258 0.0656539243676917 0.0134932866558967
0.0827158520090388 -0.0100861379122755 0.0601697894235614 0.00116192953908045
0.0880263071438971 0.0124483167458447 0.00055832462773104 0.0307258921092211
0.0872751875138677 0.0064986073968161 -0.027398211431467 -0.01803876160353
0.0824938650352507 -0.0284796825913002 -0.0748730191279617 -0.00432848919712642
0.0620043443642184 -0.0577030135043583 -0.0839851551386566 0.0238235643474146
0.0277825826902912 -0.0669235905900796 -0.0591089379946799 0.0513879780055566
-0.000421743154665345 -0.065338685057437 -0.030009636758229 0.0541224148416049
-0.0238613740055258 -0.0551913273473877 -0.0115635566450537 0.0418034838465052
-0.0295469645757916 -0.0430744089063825 0.00106335092230142 0.0284323346913363
-0.0379362620605938 -0.0431807243964915 0.0110973059334117 0.0109839762594568
-0.0303988830362728 -0.0588765814856433 0.0219414856090986 -0.00326524260155448
-0.0128559634385663 -0.0678934809197514 0.0347146675161251 -0.0144971065974726
0.0148049497161249 -0.0799103941522237 0.0582866637428808 -0.0107022726663908
0.0523726614646178 -0.0690579393133572 0.0676090657425769 0.0115860334604254
0.0840575476109836 -0.032563259429006 0.0494506688700227 0.0162358277665895
0.103671575711055 -0.0053021629942062 0.0292455089789411 -0.00210561583057672
0.0950007225817953 0.0160566783178086 -0.035389030132819 0.0167241544401816
0.101208335995323 0.00536085455610232 -0.0541640528204393 -0.0249356246820801
0.0978140174973887 -0.037655449447525 -0.0859596271003853 -0.00628450634419325
0.0696874761191857 -0.0725133065976629 -0.0835134911484124 0.0203651022637166
0.0292184265843253 -0.0779631227459473 -0.0525439719147184 0.0359168245951227
-0.00171928960494727 -0.0727631424999425 -0.0301896492500657 0.031712668311775
-0.0253586141579782 -0.0610447780069216 -0.0180663275309336 0.0184153509088631
-0.0286297308392322 -0.0490129781519177 -0.00919848337961826 0.00661906790558498
-0.0344840847695335 -0.0493755113631995 0.000236632688463823 -0.00902470886979292
-0.0225257695508886 -0.0651365237426011 0.0111395448349129 -0.0225083972836766
-0.00237953982502465 -0.0725040192831616 0.0283808101883223 -0.0317517724026831
0.0271884363966436 -0.0807857381077774 0.0551106860895623 -0.0210662578517476
0.0641437915545446 -0.0659918979413003 0.0595892385539858 0.00947945285856439
0.0928242676279041 -0.022757530948003 0.0310468087820706 0.0206523950914586
0.107756368229739 0.00584548587761235 -0.00286562575708313 -0.00594701119046299
0.0867719382196731 0.0155583364802797 -0.068910841644236 0.0043619072425671
0.0961961226550202 0.00329072164054079 -0.0788362226065373 -0.0254994080505714
0.0930202610925304 -0.0392812113105846 -0.0905233897997267 -0.00814792069287499
0.0641247449936347 -0.0715830053359392 -0.0778277728480601 0.0126478297366143
0.0245639113667368 -0.0740058253132113 -0.0473887822936246 0.0148763500243301
-0.00246935770669697 -0.0677759883728342 -0.0326102454748322 0.00741455761912822
-0.0227092076361005 -0.0566038594503994 -0.0259257907304703 -0.00501877590123107
-0.0237935452451795 -0.0467451188404814 -0.0179218124450076 -0.0151252254089849
-0.0256846794020851 -0.0489970051250335 -0.00727060134785434 -0.0309126857995458
-0.0112998166360056 -0.0627017878990902 0.00713698281170589 -0.0419030055185626
0.0112549635439191 -0.0663126411409463 0.0284334903727259 -0.0475675470460776
0.0403953213080719 -0.0677654120358836 0.0539470574220171 -0.0275517779206669
0.0698152027883315 -0.048088279892112 0.0506104453386173 0.00887795117624169
0.0885404353815023 -0.00579329610647236 0.0145699241068223 0.0197571142751903
0.0969278775434414 0.0166719110931327 -0.0314892006656836 -0.0137764498463089
0.062784889188926 0.014206448281704 -0.0934770888464907 -0.00562483983546226
0.0726454010351576 0.00368541378978643 -0.096648715076504 -0.0212498972018871
0.0713582909645409 -0.029751037437861 -0.0894558905127103 -0.0102443953733379
0.0480521406223412 -0.0539855655651369 -0.0702943350499675 0.00300430055751947
0.0187477887619752 -0.0537036607920839 -0.0442889554852888 -0.00398136036242523
0.000440051725092644 -0.0501686364764636 -0.0376105814120803 -0.013446034524698
-0.0152984481437737 -0.0440600594835924 -0.031784963031632 -0.0242694316917146
-0.0153367237224673 -0.0374173072074095 -0.0222483430624447 -0.0343424937952275
-0.0135860425220589 -0.0411395827515158 -0.00911204805295337 -0.0507010232088295
0.000807229638477291 -0.0500598592711306 0.0100828798023335 -0.059306414028903
0.0200250072683554 -0.0504557265967619 0.0348684016440579 -0.0593967343261588
0.0437376465413749 -0.0452581775837079 0.056304004775266 -0.0303071025491148
0.0634348464840739 -0.0251876195132249 0.0436364796350892 0.00597290017070918
0.0713299134145343 0.0108084095026947 0.0015086670189467 0.014595331915826
0.0720814088541779 0.0261447952745695 -0.0516965909930317 -0.0243426667134257
0.0277981113578941 0.0139150139943947 -0.104652428125157 -0.0111243376963706
0.0374062572298769 0.00788290946684309 -0.102317582874473 -0.01483494810243
0.039684351583994 -0.0116568447841341 -0.0845808698262209 -0.013102650554258
0.0274746046219496 -0.0250708368731611 -0.0644655096595388 -0.0054144646310663
0.0133243130272526 -0.024563561933726 -0.0448363876387968 -0.0166267418305368
0.00516110818209979 -0.0253703115347137 -0.0424706073493071 -0.0256702214129637
-0.00372142965089245 -0.0252228826838222 -0.0353654530829643 -0.0362490245726988
-0.00507011285129575 -0.0223798693418001 -0.0231816492509801 -0.0484611061470102
-0.00251687990966103 -0.0253529149908996 -0.00627112216873001 -0.0648713713656776
0.00666480592250461 -0.0294708707152054 0.0190768660937128 -0.0709113818111747
0.0188465869299465 -0.0280686544230808 0.0463446258495799 -0.065080488207973
0.0332279973597882 -0.0223214208191703 0.0610141207328116 -0.0301666335213014
0.0442034039499093 -0.0066777550013659 0.0402616627393022 0.00265445649879823
0.0438487080528388 0.0199039827352321 -0.00440898263680205 0.00698947624690606
0.0386701895965741 0.0273179336069897 -0.0625126055204465 -0.0341356882246847
0.00254682911459426 -0.0136671854924731 0.0729642238669462 0.0217384513268223
-0.0121927451646262 -0.00941398016609486 0.0194380945264566 -0.011605285754177
-0.0175511903489484 -0.00074870953106376 -0.0369289821851278 -0.000805322023695879
-0.012282966827015 0.00560308006285909 -0.0594887995588155 0.0273340304706169
-0.0089209780203916 0.00671006805843779 -0.0493991976647507 0.0666206799504653
-0.0076101926368843 0.0046579167605353 -0.013047973312934 0.0788995236355761
-0.00542078761990718 0.00590423528115534 0.0137838597784686 0.0694396425004854
-0.00608505996168446 0.00536759197902245 0.0323069833628896 0.053273459215695
-0.00986462519581846 0.00576308609709922 0.0427982344547857 0.0346963498689761
-0.0138880042732957 0.00224340968365213 0.052086877514673 0.0221910287993165
-0.0139499658823854 -0.00299182866387439 0.0524549453365322 0.0142430324556155
-0.0145990017752135 -0.00749081307445552 0.0616350785090345 0.00657386634024595
-0.00977654501613584 -0.011264654130584 0.0767385955385358 0.00550558274099381
-0.00223808887106576 -0.0151863445944935 0.0845709944495108 0.00277288188082103
0.00640448838943225 -0.0146085535824312 0.0927040377599304 -0.00261246412682965
0.03422932801199 -0.00898226783927342 0.0614331297677316 0.0305257772649743
0.0206435786586549 -0.00734507035771735 0.0123004607273449 -0.00716519113784156
0.0128843169970154 -0.011123200042283 -0.0420311041662369 0.0043076156104708
0.0103320936728591 -0.0149896608488216 -0.0633674826405477 0.0304604019236183
0.00243766718634052 -0.0184618843213272 -0.0516896690443274 0.0664567912529748
-0.00733475345370934 -0.0201272964661474 -0.0173583609024962 0.0769168683557068
-0.0149635932912403 -0.0150727210603351 0.00923514950643935 0.0668656692347268
-0.0174145156841435 -0.0116994432024886 0.0268020529470543 0.0509831893383557
-0.0245517127670602 -0.0104682159032606 0.0369750117464649 0.0309790720861406
-0.0250795703780391 -0.0201047208944368 0.045805104592526 0.0165538425367949
-0.0176027672695066 -0.0281581741815577 0.0489982684235143 0.00669754660461511
-0.00795281718697276 -0.0376532592781681 0.060680096066518 0.000316562837728797
0.0116013211120793 -0.0358446961055785 0.07475729999791 0.00327020188408749
0.0299451815175031 -0.0276670395108231 0.0751899937062231 0.000568439677231677
0.0450320463659127 -0.0180819281217226 0.0793919373961545 -0.00614610935083328
0.0626670731945676 -0.00195350382873963 0.0389731900535073 0.033232913723988
0.0535241481815539 -0.00416589084891216 -0.00310033903640699 -0.00822254423206123
0.0446212828515741 -0.0223541017521556 -0.0522087021110931 0.00597136818588605
0.0320817602002967 -0.036804211186738 -0.0669629603035064 0.0334799825208585
0.0125711197614788 -0.0431045701726907 -0.0494800091775737 0.0618175625187563
-0.0074458982233244 -0.0433236423945689 -0.0186779077245109 0.0684429142636337
-0.0237765214623811 -0.034071645387676 0.00337361295466507 0.0560794063765545
-0.0259556526905217 -0.0264717458595947 0.0169793065598506 0.0416389054067171
-0.0355970571906156 -0.0241306495377206 0.0268310059281245 0.0223787740429107
-0.0337152930698802 -0.0381301978507628 0.0351452541521684 0.00644552717112264
-0.0207011542998468 -0.0481223046020046 0.0411345028213658 -0.00374762280224284
-0.00266906978978259 -0.0612098303985595 0.057551113272536 -0.00811322130729551
0.0276352546424987 -0.0574272992845172 0.0714812121998358 0.00151903539094761
0.0558889650473579 -0.0379139662538738 0.0627345966740284 0.00428842325295241
0.0764404893959851 -0.0194617066521766 0.0559391295688705 -0.00581808802334274
0.082141939218576 0.0022042263774483 0.00892323900330253 0.0289825639800447
0.0798868001591133 -0.004864197060718 -0.0248888170406974 -0.0121663282629547
0.0699379584480011 -0.0352526630752364 -0.0637301291377568 0.00616485495985473
0.0473379638074668 -0.0590835717079157 -0.0688939502131241 0.033105465115895
0.0170786208593807 -0.0631901287880681 -0.0455785620158507 0.0520744811368412
-0.00808768872290549 -0.0597384480698334 -0.0204000378998529 0.0518571030589332
-0.0285124342192422 -0.0474620546887845 -0.00486619467397982 0.0389982888272017
-0.0319202745085963 -0.0367196590919805 0.00550160088599808 0.0258471751263959
-0.0405124811385185 -0.0349965862648628 0.0134709455309091 0.00877367244288644
-0.0353059944406993 -0.0508556663605088 0.0215896592484703 -0.00664783949209268
-0.018567387347204 -0.0615433896943473 0.030616152481033 -0.0179136973325316
0.00434776454846663 -0.0762094498070847 0.053222825478124 -0.0178776498114755
0.0409106781819815 -0.0689497504912972 0.0654355611686125 0.000682216311752374
0.0737999726744604 -0.0410398638684071 0.0480771373169652 0.00979799831558257
0.0958066487042949 -0.0171874874894695 0.0265216435599529 -0.00458307292872381
0.0886432719665693 0.00437029207559765 -0.0261090750502532 0.0220824483012398
0.0926116942173993 -0.00744716233798251 -0.0502215600061252 -0.01386253504085
0.0829333190496685 -0.0453501525520091 -0.0730121398506552 0.00573283141850754
0.0524843389181237 -0.0733904146858682 -0.0680352950843923 0.0287745307680082
0.0162033385960664 -0.0736172665440113 -0.0413851400722556 0.0360898858817345
-0.0101234820168838 -0.0668302605518252 -0.0236205180435616 0.0305373013512701
-0.0309023598932063 -0.0523724635557799 -0.0147876890225331 0.0169419207748419
-0.0316934846004602 -0.0415992745992451 -0.00749062745324489 0.00714834683316491
-0.0381952106756133 -0.0414011921583769 -8.55984519855716E-05 -0.00816155558025284
-0.0297585750656355 -0.0578223095690834 0.00866335455355756 -0.022719110442865
-0.0100448377440652 -0.0674587794559697 0.0219420059467255 -0.0332480147307802
0.0160245050186913 -0.0785673421475832 0.047794830410113 -0.0265134971368424
0.0511873148059404 -0.066923231851165 0.0583368700201264 -0.000466755507585735
0.0822959975510864 -0.032766787790511 0.0312204684553838 0.0160312243352007
0.100769025402164 -0.00723479597755245 -0.00315733657979809 -0.004196795611665
0.0801464621602111 0.00565635788690304 -0.0588674404251144 0.0157812149011566
0.087176918991941 -0.00813148851649162 -0.0737768231682504 -0.011003148031697
0.078708445692716 -0.0460958862594368 -0.0784326465081464 0.00526497510467858
0.0472000271122055 -0.0727611183007675 -0.0641560031886176 0.0212881396806387
0.0125866119535517 -0.0700264763924125 -0.0395676900532673 0.0160858490782543
-0.0103759698117804 -0.0619596696542621 -0.0302284033868883 0.00855470493131971
-0.0283510999156056 -0.0485209355625479 -0.0252196822580839 -0.00341974419753322
-0.0270624872551505 -0.0402223832770036 -0.0185428671973397 -0.0126072380757438
-0.0299831563550856 -0.042321979113558 -0.010309248927116 -0.0273893863861393
-0.0183438583048673 -0.0569734597574201 0.00167758509669493 -0.0400511472917607
0.00341147987833524 -0.0632708201057091 0.0190970672401721 -0.0477002339678044
0.0290654404870617 -0.0679569432058188 0.0453863542502446 -0.0323420193349079
0.0586012783355944 -0.051470867633428 0.0498330220372258 0.000511351272293742
0.0802947176324412 -0.0166746176909615 0.0154452063765325 0.0180185411515995
0.0910694164250813 0.003788506734672 -0.0309170469069312 -0.0071253940074241
0.0573570970724749 0.00671559035456071 -0.0842765574891129 0.00988709665648982
0.0652904088549505 -0.00441850277272603 -0.0899682333735511 -0.00458908515514047
0.0597841965016454 -0.0347855040791686 -0.0790468640587774 0.00292584348629484
0.0351225888983287 -0.0544743840030173 -0.0603805046550213 0.0113821537695447
0.00972366299425927 -0.0509039214215312 -0.0405500319435393 -0.000489225111702665
-0.00613898858980694 -0.0462120852574765 -0.0375942154089886 -0.00945824519445337
-0.0199498092876829 -0.0380920443023066 -0.0340294738424293 -0.0209874305725871
-0.0182774950300408 -0.0326939735517121 -0.0260825465481382 -0.0297911870377274
-0.0180062462809721 -0.0365917383566934 -0.0158898123088491 -0.0457223890324969
-0.00557436879879974 -0.0465833003703288 0.00102881752279876 -0.0569033666840591
0.0133170689681101 -0.0490457033387543 0.0236060553912855 -0.0600612558230587
0.0355283852992163 -0.0475306391359308 0.047158097497148 -0.03571307002377
0.0550808504077721 -0.0299553143955617 0.04276572599239 -0.000612668130219513
0.0668912907021614 0.00129440298994988 0.00357649484336311 0.0141723883351149
0.068956134022148 0.0154914503339499 -0.0512882909550791 -0.014891332617396
0.024934834151975 0.0103055651417719 -0.0971701672534729 0.00686603030778656
0.0342934406573421 0.0040560225006066 -0.0958732347353661 0.00241731280872389
0.0332144533393282 -0.0142977067010502 -0.0774455965331225 -0.000213462743848913
0.0207436671869533 -0.0256014382651495 -0.0586691351709366 0.00348566545233154
0.00841656428004079 -0.0235064494669315 -0.043168724671641 -0.0103550418136288
0.000988176733565521 -0.0235094004971391 -0.0441779331736615 -0.0195818876058333
-0.00708959588181578 -0.0220526811192392 -0.0386046721056404 -0.0312628786598891
-0.00732736428163204 -0.0200394129805222 -0.0294588000165899 -0.0424745215984257
-0.0056804102445357 -0.0231926230260735 -0.0153331271477626 -0.0602548098744668
0.00250984504356208 -0.0279958508749828 0.00762139934984678 -0.0693680669337387
0.0145337045422705 -0.0282274114328646 0.0339667886767742 -0.0674426742501878
0.0285274941592962 -0.0250543912907962 0.0513576923281189 -0.0363521063692851
0.0397844250620941 -0.0104472364928599 0.038694583956337 -0.00327028557283463
0.0426594089932836 0.0126321654384425 -0.00298603798982822 0.00755564180000954
0.0377326270884826 0.0204703501601928 -0.0621938936218581 -0.0229721079542723
0.00271356105690838 -0.0129947208595089 0.0679410669279182 0.0228796735623917
-0.0112313222607674 -0.00924139128019979 0.0193499327219803 -0.0109633144071996
-0.0167920307397102 -0.000955376255335641 -0.0349197419203132 -0.00255960269028172
-0.012192489789695 0.00536718987573454 -0.0574337644205413 0.0238831420446881
-0.00865357033563851 0.0059276585002551 -0.0490755337641577 0.0622330366696703
-0.00762302887145241 0.00443043750297459 -0.0142893287806392 0.0748119056975346
-0.00576438319432391 0.00536239554097929 0.0116323352657812 0.0663886431803002
-0.00615142663462499 0.0043846104372706 0.0297366366683943 0.0517414017442705
-0.00944385266926861 0.00474374784304193 0.0403170393642895 0.0344782625838968
-0.0129144086630869 0.00102229158417743 0.0487373884717754 0.0223309257844972
-0.0130150403914429 -0.00314970676477651 0.0503566356715691 0.0145695431016937
-0.0135831968364138 -0.00756917576602153 0.0579959834242139 0.00792603886082574
-0.00893949856318697 -0.0108568349050065 0.0726896502948868 0.00711306642846621
-0.0017120417353755 -0.0147400435650286 0.0799340024668989 0.00514349154214041
0.0067908544548317 -0.0128175254514218 0.0891155242117173 9.38178552342799E-05
0.0328952984870286 -0.00815090492044198 0.0578245828627668 0.0302222057778166
0.0201814572003639 -0.00629080238039068 0.0117703225070054 -0.00646390811638691
0.0124346176190765 -0.0104342058491593 -0.0398496550516116 0.00237911973632415
0.00960134727098839 -0.0140699610332175 -0.0605449696398706 0.0269818067680032
0.00282915267782172 -0.017609265297099 -0.050761120374061 0.0611542781519078
-0.00711968245197626 -0.0192494768797872 -0.017980967169602 0.0728237921465507
-0.0141190416992131 -0.0148015048290768 0.00776765140077766 0.0640211779544663
-0.0163349671161695 -0.0116117938752579 0.0247508384074583 0.049266447611498
-0.0232370392401491 -0.0106260178071517 0.0351562449999692 0.0305969726875898
-0.0235628839104344 -0.0197692172458106 0.0438065851225432 0.0170530376140423
-0.0161758585087873 -0.0271444908809796 0.0465113569329181 0.00764920645624932
-0.00680903879115881 -0.0358702533817283 0.057173207696717 0.00147940145035886
0.01147961783923 -0.0344908727923518 0.0708063049159327 0.00525614877443683
0.0289067714627173 -0.0257921225621932 0.0717308723826858 0.00259030405637447
0.0432054710007316 -0.015911084302285 0.0755366121052319 -0.00373747868874429
0.0592984406842089 -0.00102003682119779 0.036547611666665 0.032555300437523
0.0512545320781257 -0.00290058161722883 -0.00269995949532312 -0.00827359559721536
0.0424055549167411 -0.0201372032273673 -0.0492305095793442 0.00385957921302243
0.0305164105843816 -0.0347691172402814 -0.0639980681678655 0.0297446959420252
0.012198419250299 -0.0409314245602226 -0.0485414538449312 0.0576443363778492
-0.00680182136309334 -0.0407239886048082 -0.018799688934643 0.0641018056602015
-0.0216995356165189 -0.0331324145964053 0.00207581293926337 0.0537176340101446
-0.0244125224016452 -0.0261215314613549 0.0156897571853011 0.0400210796981084
-0.0331666884227445 -0.023797822050957 0.0253412165046101 0.0219567286355372
-0.0312959260597629 -0.0368294344412343 0.0339389038151934 0.00744387322081857
-0.0188065519181084 -0.0464483526035711 0.0396734539398185 -0.00282119980495572
-0.00124116271770259 -0.0587029820203856 0.0545070618435731 -0.0066256102941842
0.0276173336047577 -0.0542474171882282 0.0675297548850462 0.00315230362172438
0.0540925708767858 -0.0344901542798691 0.05990373700035 0.00555602024733269
0.0726761051034178 -0.0166056022199973 0.0532707802696464 -0.00400258820276865
0.0778158405786448 0.00395103148995071 0.00773346123511496 0.0276802779820173
0.0764477477089287 -0.00267372191759308 -0.0230914515919019 -0.0124212793049656
0.067163805259597 -0.032194519679137 -0.0599083163455905 0.00328214559893008
0.0458033714275564 -0.0558052608516874 -0.0662133220816087 0.0300024538835005
0.0168096481559088 -0.0605289677079934 -0.0445781876073114 0.0483183087014213
-0.00697005692287089 -0.0574334379140071 -0.0207028832004243 0.0484804787495348
-0.0263965364384425 -0.045730851651184 -0.00609583330994457 0.0368332157926976
-0.0293409791745395 -0.0361406969092162 0.00481651660089341 0.0246969326111713
-0.0373456432144866 -0.034073166034946 0.0128129789593761 0.00849729696581716
-0.0327315398879699 -0.0491453009139965 0.0208701934739669 -0.00559282193100557
-0.0169277643233105 -0.0592886841636047 0.0303184766333176 -0.016302760414205
0.00549310207024529 -0.0720340266625879 0.0505346696702301 -0.0159024550574189
0.0398022623817528 -0.0647916069609644 0.0622661285881604 0.00226309360503767
0.0707001035348074 -0.03710897615845 0.0455989340652207 0.00982523747998756
0.090708396007335 -0.0139336989343332 0.0260619343018168 -0.00349545740279175
0.0838898105522811 0.00662459335309969 -0.0249206847591949 0.0204886911198182
0.0882165858511863 -0.00509576301815584 -0.0469053371627951 -0.0145992842494691
0.0791087813308023 -0.0417527722946887 -0.069245104112363 0.0033954417115309
0.0508614656054629 -0.0694533011581583 -0.0650213598346836 0.0256168745828146
0.0169051921589538 -0.0706599596580871 -0.0402931717846834 0.0328307007847149
-0.00891885291854354 -0.0637810339579514 -0.0233573262046889 0.0276825424938125
-0.0285507191148545 -0.0503305731219063 -0.0149952461998397 0.0166901798080454
-0.0290143326603378 -0.0403258498141914 -0.00777052047887471 0.00633893547603159
-0.0350151747226012 -0.0399082763953565 0.000410639486738213 -0.00770210906996134
-0.0275404449800303 -0.0554608307874596 0.00935164485573937 -0.0206941875307546
-0.00829960306795481 -0.0641055675918273 0.0218377343330618 -0.0310303928477251
0.0169561278132142 -0.074509873283752 0.0457718119411257 -0.0242229716827653
0.0500442805151519 -0.063050451044347 0.0560119025264479 0.000703398833800933
0.0789275840801277 -0.0293789838862428 0.0300179329625014 0.016078864928144
0.0951406958593445 -0.00445070245482578 -0.00267388556909264 -0.00374434964114667
0.0760297972001541 0.00724700572489687 -0.0565086178787822 0.0130520098110732
0.0831878781820274 -0.00591265343245429 -0.0693785934264082 -0.0121758762264731
0.0748627279927574 -0.0423849392083705 -0.0736825742813698 0.00219520676214084
0.046058200358679 -0.0683253741450842 -0.0614411933573411 0.0179479437878858
0.0130393253674941 -0.0664157831967742 -0.0384658271312587 0.0142753965921231
-0.00910677860285216 -0.0595480816561663 -0.0288469637695271 0.00667240060396152
-0.025808097763057 -0.0467104097586975 -0.0242382090463958 -0.00380951266338517
-0.0248163675872005 -0.0388788305878912 -0.0180005240337642 -0.0120109424713546
-0.02752958147928 -0.0406204510306631 -0.0094125076862844 -0.0263389916068379
-0.0164508717769281 -0.0546401693350648 0.00219890837244633 -0.037777370008315
0.00437114903446517 -0.0601552988246752 0.0196733688050638 -0.0447155109753902
0.0291532694843469 -0.0642565635479255 0.0440065602415548 -0.0293121284766699
0.0565799970322844 -0.0482907340061911 0.0478015671285956 0.00230531216598517
0.0767318944123756 -0.0136248643311797 0.0147074811654473 0.0170930823579279
0.0858602994819106 0.00599014948594421 -0.0288011234142452 -0.00750269966230608
0.0545493345014041 0.00792839660104213 -0.0803241425105047 0.00710437220731853
0.062877788992395 -0.00292839797182268 -0.0844815335771225 -0.00671506103030202
0.0573558710803045 -0.0317580581577235 -0.0747682482241017 0.00100722039477003
0.0342006848842934 -0.0516083016333142 -0.0575043355152566 0.00901211030383099
0.0106183767582773 -0.0486653919075858 -0.0385281075645765 -0.00220849816973364
-0.0051071111890487 -0.0441233435187987 -0.0354437227383987 -0.0107298695694391
-0.0182308828418723 -0.0362398457752913 -0.0327318107330237 -0.0203764111678805
-0.0166472712936161 -0.0312869736877898 -0.0250393078028944 -0.0290521706801474
-0.0155841537076513 -0.0344966886698702 -0.0143453776509392 -0.0439237658644073
-0.00465707785438647 -0.0445487642441818 0.00284913390024845 -0.0538563753266617
0.0135526869964946 -0.046621464016174 0.0244128075154755 -0.0560925941660872
0.0347074744862394 -0.0446980062241897 0.045663129917666 -0.0332054337479994
0.0531301163746638 -0.0273025872917218 0.0407693338452772 0.000664613448059745
0.0632704670399626 0.0027844939357033 0.00311920348761507 0.0136439044099888
0.064337066075376 0.0158448368286856 -0.0480895729801573 -0.0147169622398705
0.0237479710195828 0.0105708379684298 -0.0927296674405632 0.00293668048430438
0.0321614141665479 0.00410324201434714 -0.0906354582095367 -0.000634585884631714
0.0320630991417102 -0.0132082966545949 -0.0732806757409927 -0.00171091803005023
0.0204814738286069 -0.0242088244773091 -0.0559427262982279 0.0017565392848997
0.00879174534291653 -0.0225383588787089 -0.0410622510983197 -0.0116413696278908
0.00144235167510612 -0.0229438540686617 -0.0413428212730787 -0.0199410846504757
-0.00602606290775639 -0.0210722075487875 -0.0373102775994762 -0.0302901041961397
-0.00618863796801628 -0.0188017933011961 -0.0270197610190974 -0.0408450703088591
-0.00515090104219836 -0.0217662989738106 -0.0135653510546063 -0.057424415056326
0.00288625762114175 -0.0268076340627687 0.00894684271598665 -0.0662424104440791
0.014545153541461 -0.0268425743475135 0.0335921618091815 -0.0628913475613776
0.0280035424031192 -0.0231434206630698 0.0499107830605486 -0.0338583529682315
0.0376931482262437 -0.00926412881273909 0.0372042391708742 -0.00171029176959477
0.040313037511633 0.0133937043132581 -0.00221065468279758 0.00721670992183075
0.035089334356233 0.0198078008065039 -0.0582201101789365 -0.0227321528891441
0.00312832340079501 -0.0127972904582167 0.066239515624842 0.0252746264299577
-0.0107743666075639 -0.00997514233850832 0.0191089454935442 -0.00999539638157263
-0.0168167272170003 -0.00171650061825421 -0.0344222797851584 -0.00458378787718992
-0.0117392272126528 0.00517339469962598 -0.0578503496284026 0.0206510135817809
-0.00897728660190667 0.00540222291543568 -0.0509396494146045 0.0593871763448782
-0.00750829545740455 0.00410754024225876 -0.017654201802746 0.0730978273475069
-0.00558482604473981 0.00428262384556881 0.00928475955337417 0.065597470214794
-0.00642976806660422 0.00388084767125979 0.0279108114784111 0.0526810770144527
-0.00966270153819532 0.00364835846605235 0.0386642344109565 0.0362458004569518
-0.0127428864077097 0.000567890234404313 0.0477192637427785 0.0243043191528407
-0.0130347625646323 -0.0033862831368582 0.0490008613409919 0.0166635851870969
-0.0125574237927653 -0.00780925292395565 0.0564779233575748 0.0102867058615361
-0.00840151319851321 -0.0112193337247871 0.0714232518173996 0.0101330660044418
-0.00107738850291905 -0.0144097366237996 0.0787802666112716 0.00880957929703924
0.00747478632046301 -0.012359120483489 0.0879216998913158 0.00471568772335663
0.03217667444645 -0.00634384622167797 0.0559230003082294 0.0327609041349584
0.02062453345116 -0.00557919962554496 0.0118076029830539 -0.00675945312021179
0.0123775293142619 -0.0101824038026273 -0.0389566277878812 -0.000105379886294899
0.00968009057912989 -0.0139472081702031 -0.0613594584968673 0.0236758556906451
0.0030938709170981 -0.0179296612493045 -0.0532590688550516 0.0587088101527613
-0.00615480992089167 -0.0189662603027237 -0.0214502919743343 0.0707384826423957
-0.0137583520566263 -0.0155585655156566 0.00474832059631474 0.0635342944315195
-0.0159356537893572 -0.012523476684032 0.0226279405939181 0.0499062729740923
-0.0220030444676405 -0.0116288194818043 0.0339061493487289 0.0322052120797861
-0.0225903595719228 -0.0207036228156896 0.042794785870078 0.0187094836389509
-0.014891508947917 -0.0273260726330033 0.0460360537940627 0.00974266808379222
-0.00415695594874854 -0.0354789463431923 0.0562051550661985 0.00387511575061309
0.0128645739991231 -0.0335312485008279 0.0694643889821096 0.00817887043686406
0.0299943598486728 -0.0238922774991476 0.0706482793485239 0.00559607385940604
0.0433716831909243 -0.0137337761034157 0.0756241422240856 -0.000221046815367165
0.0582878994398092 0.00197426213095114 0.0342339350297635 0.0337841101189175
0.051408837519895 -0.000893121365353 -0.00214792025720127 -0.00886235509871777
0.0425597145229689 -0.0181815886425483 -0.0484488207766459 0.000566589105804099
0.0312541564460216 -0.0334532368573862 -0.0648119539014443 0.0258644126622096
0.0134669987978772 -0.0401848857394779 -0.0507063168767848 0.0547090497686003
-0.00527432617891471 -0.0408304756144358 -0.0220430679266301 0.0617158944283262
-0.0205995626613037 -0.0334040464088368 -0.000537277156903643 0.0532419491549199
-0.0230183249562113 -0.0268063910246341 0.0141466399629537 0.0399369810488826
-0.0316354487014421 -0.0250413050972042 0.0246811365381585 0.0230250434795112
-0.029199930891633 -0.0376119890439385 0.033339425130168 0.00877325599011683
-0.0168669837356501 -0.0467562430682687 0.0393341625831148 -0.000793254275858535
0.00106208865549866 -0.0580489770941858 0.0539446236520642 -0.00425685920494009
0.0294247259622266 -0.0525349384097242 0.0666865541540659 0.00576813661314494
0.0543847950081605 -0.0321236052014071 0.0590965692818321 0.00744805242476427
0.0719851629930402 -0.0132805916268333 0.0535037675154187 -0.000780526321915032
0.076751204353678 0.00707732407099179 0.00760331028734807 0.0276206443918348
0.0757959769008959 0.000938325880173208 -0.0220176483653411 -0.0137198571532111
0.0674652479698976 -0.029245473810478 -0.0585045785103798 0.000176756195671311
0.0467541973419385 -0.0534142070702155 -0.0664491545238654 0.0255388635064
0.019061270441324 -0.0595124052913894 -0.0465357662653459 0.0457361660557097
-0.00508061701132243 -0.0569197306758054 -0.0226555394576692 0.0467978483799361
-0.0241269467992363 -0.046401208349601 -0.00743882827757834 0.0362141202701808
-0.0274692914158005 -0.037291360394354 0.00305078472920395 0.0247260459174906
-0.0348719559685669 -0.0347383796209023 0.0122886664859414 0.00864528521766796
-0.0306834041886745 -0.0497347372354115 0.0214223030472477 -0.00440094631947731
-0.0147469712453103 -0.0593819001722725 0.0310751587752207 -0.0146514892825209
0.00858749935217269 -0.0708570435126432 0.050374822554025 -0.0141513406223082
0.0419419612733922 -0.062249857301766 0.0620904249605588 0.00465659858232405
0.0714193445412854 -0.0334182706321645 0.0448926224040758 0.0119838544451782
0.0893825556840096 -0.00996946500228249 0.0261239038694913 -0.00187725094096706
0.082667695402147 0.00998323421922524 -0.0249160047791669 0.0187354132577126
0.0875476751542196 -0.00119143977198057 -0.0453357348317412 -0.0168304823701892
0.0790144895605101 -0.0379635234551371 -0.0678223608914049 -0.000656411495410539
0.0521988965710925 -0.0664533898444299 -0.0652022854116574 0.0219240399469969
0.019211047113127 -0.0693713256252639 -0.0414268808510834 0.0303835110982728
-0.00657205163905691 -0.0635836561500654 -0.0244612368015813 0.0262226749050868
-0.0256560799029923 -0.0509948687226454 -0.0162105571375993 0.0160482677356257
-0.0274448483448027 -0.0412897792725005 -0.00825610498978963 0.006743982657848
-0.0324441321752704 -0.0408227058249716 0.000693981811222855 -0.00777340503709486
-0.0250142321338264 -0.056371846407476 0.0099984275397358 -0.0200776797263301
-0.00630640954238878 -0.0639871645958357 0.0236906824360219 -0.02880629070271
0.0195433475370475 -0.0731216751241752 0.0461500145041227 -0.0221751737313773
0.0516124665314088 -0.0603160702255357 0.0550926543406006 0.00400043916844766
0.0790701453291253 -0.0252358078720459 0.0293970035282695 0.0168089014373044
0.0932014810057286 -0.000877537077166024 -0.00228404997582739 -0.00291253062714777
0.0748513549326778 0.0102268822556158 -0.0557045067455831 0.0101408319795447
0.082541741928933 -0.00232122015756129 -0.0668604470455349 -0.0159480627273559
0.0756897996274349 -0.0389804118558914 -0.0721502232405775 -0.0015244771454993
0.0477786253954354 -0.0657739882608109 -0.0613005089494078 0.0145141484443151
0.0148319880319881 -0.0657517377979192 -0.0385606010160116 0.011559438526827
-0.00682028650513122 -0.0586507534242439 -0.0291318636433972 0.00540662727221584
-0.0239777062624223 -0.0473245292864619 -0.0246411999359319 -0.00428064468133022
-0.0228395281004387 -0.0394845912667946 -0.0176083166052455 -0.0123664685738472
-0.0248898781479505 -0.0408758661944559 -0.00862707136397323 -0.0268550343313665
-0.0142069710322354 -0.0545015688188039 0.00409957023722148 -0.0369453651158803
0.00641455465784256 -0.0594041946593324 0.0215153255792653 -0.0431736803116674
0.0317898689256937 -0.0616775653382516 0.0448561446221388 -0.0276023452471434
0.057334227012671 -0.0455665489933468 0.047208939940759 0.00432604009948211
0.0764406236931939 -0.0102296960310721 0.014798101837153 0.017782143406187
0.0836852616673642 0.0091817355683393 -0.0277069135499168 -0.008123732341569
0.0534845674161058 0.0100555284672673 -0.0795189303245203 0.00307632148410491
0.0619632604025879 -0.000785147637499423 -0.0821404971105743 -0.0112848680528881
0.057515305530764 -0.0294971061948537 -0.0729041121539391 -0.00295528970729614
0.0358543206519695 -0.0494967217009907 -0.0569055785048695 0.00604841514273817
0.0119707114072255 -0.0478680673306409 -0.0381841055135215 -0.0043890740625033
-0.0032571895881825 -0.0438642942800431 -0.0353873125393246 -0.011876408603964
-0.0160445901186778 -0.0366318165473252 -0.0321015272637474 -0.0210211607880891
-0.0146929282238282 -0.0318513231141177 -0.0238388054343455 -0.0294579523268402
-0.0141159049451657 -0.0344035193294373 -0.0123343320410461 -0.0441586935151047
-0.00274631724523833 -0.0437242446496434 0.00516003471541529 -0.0530136666922014
0.0148303843870813 -0.0454924779496907 0.0263704407330414 -0.0539383667503812
0.0361440315627105 -0.0426830563895892 0.0465228028951782 -0.0311169656552283
0.0532149181111791 -0.0248722477620861 0.040655049522008 0.0027916593996014
0.0621102425010708 0.00594056539377939 0.00341699640466663 0.0140094772926606
0.0624012988917377 0.0183276463074651 -0.0465744826936278 -0.0170500774197539
0.0225859223170622 0.0111787611266119 -0.091680353735706 -0.00123420464631488
0.0314265068871292 0.0050729887173999 -0.088583990352801 -0.00456805357315236
0.0314324350836261 -0.0118933238061085 -0.0718323004865695 -0.00544834246455531
0.020897101153529 -0.0233800504462964 -0.054470483127513 -0.00126470654245919
0.00931755321981359 -0.0222200914161265 -0.0402471475842131 -0.0135336714712232
0.00255444384869586 -0.0224864726300629 -0.04085835457775 -0.0213403150044121
-0.00501337294623014 -0.0209034798249784 -0.0361700656711537 -0.0311113819049932
-0.00535386187416074 -0.0191514380592216 -0.0260256541681462 -0.0415597695122969
-0.00404566708588921 -0.0219554840244557 -0.0112345552405218 -0.0572216210653703
0.00388535803588548 -0.0262397221049358 0.0116410776536474 -0.0648939659617619
0.0151129493426777 -0.0261875840820843 0.0358111356460813 -0.0603231316627934
0.0280643615653506 -0.0213801775062447 0.0511177446610894 -0.0308348577281956
0.0374386359465549 -0.00746980916342922 0.0370800796597696 3.77761275557578E-05
0.0391939932376107 0.0146914142500391 -0.00237404130426467 0.00673240493706745
0.0332739472399414 0.0210126122943165 -0.0565686847872771 -0.0252838074754845
0.00307536414205942 -0.0131547108193915 0.0671051604906343 0.02840047719927
-0.0109497134721043 -0.010750836661696 0.0196981386012155 -0.0104284729393792
-0.0170720521776197 -0.00220081252490052 -0.0350477124439503 -0.00706095881138405
-0.0125330474399723 0.00460021126150573 -0.0597489845006935 0.0190935098373075
-0.00905601060043283 0.00525842011873716 -0.0544266404755384 0.0597260184203669
-0.00839747407013533 0.00421586522236318 -0.0206538266949278 0.0744598206657444
-0.00632229043630979 0.00379413607043657 0.00733066866650768 0.0679449738695866
-0.00682088162614426 0.00367931255295192 0.0277262787284732 0.054901091921464
-0.0101865817687112 0.00349203077396299 0.0391777272871276 0.0386394309270208
-0.0135054580575724 6.8487073215817E-05 0.0488251154715992 0.0266380880716076
-0.012958498156836 -0.00394488408744294 0.049785173859291 0.019298529636597
-0.0129711585958737 -0.00842938183135313 0.0578417798234656 0.0132624141564061
-0.00817418721947218 -0.0121170987036719 0.0728756094515129 0.0130412507270812
-0.000563349000671419 -0.0147809143211131 0.080544361079655 0.0119690334734371
0.00832882663194709 -0.0121151188701042 0.090854243118981 0.00853759178553882
0.0333620781355946 -0.00534773901567604 0.0565055861979936 0.0354477272575554
0.0214828034943153 -0.00504165322985526 0.0122167328897804 -0.0063999813975703
0.0129871404850044 -0.00999746677062263 -0.0401552270798018 -0.0020126096848249
0.0103926332278569 -0.013844819166883 -0.064061220986144 0.0214657609218648
0.00334669308790056 -0.0184914468190996 -0.0567891564734327 0.0584435023889152
-0.00624334116908068 -0.0198064407760492 -0.0247778068588555 0.071821618218586
-0.0141486432604577 -0.0169114739125057 0.00282344283208854 0.0654378827772949
-0.0159285221903402 -0.0134921415870137 0.0224684361095874 0.0522480184772787
-0.0226714819516728 -0.0128576243824355 0.0343094681782225 0.0344135952757911
-0.0224947454679317 -0.0221409535374558 0.0433903771115954 0.021107382380563
-0.0145701467874547 -0.0287613509648613 0.0470623949101691 0.0122622113343769
-0.00382787237105141 -0.0365275503866132 0.0571977234428468 0.00628804801675741
0.0140420834584966 -0.0346455809470756 0.0711580355121773 0.010708712347207
0.0316174039050914 -0.023298448033673 0.0724851129376105 0.00830929104469921
0.0446025491818328 -0.0122020800444555 0.0777508876075298 0.00290805009251788
0.0596769328345652 0.00380792063683624 0.0351094238151114 0.0359230289530593
0.0528713476162509 0.000909560710262585 -0.0018808856686651 -0.00952481911555899
0.0441971334304775 -0.0181968305506811 -0.0493860935779764 -0.00193226019500181
0.0330563428012256 -0.0336048303117382 -0.067240931894833 0.0239344930812123
0.0148882761692521 -0.0413999572996323 -0.0544182821182684 0.0543457063521657
-0.00460784928575207 -0.0416918382169413 -0.0246508559373509 0.0630668004011303
-0.0201048391159931 -0.0355169365496864 -0.00270314805987366 0.0550230055287169
-0.0229950342031581 -0.028974415190747 0.0135650051161466 0.0424366297004989
-0.0315744749123345 -0.0272458377928549 0.0244746506931327 0.0246647455834233
-0.028847034386641 -0.039984653806374 0.034376814740205 0.0108631265423779
-0.0159154094429679 -0.0482928202932332 0.0411647278268086 0.000400637546998862
0.00336484522395043 -0.059158992127676 0.0556850624690842 -0.00267371963691466
0.0314121592220711 -0.053906999650716 0.0686068573984687 0.00856376263847794
0.0570980236012868 -0.0305361284444262 0.060695141989617 0.00976097429099728
0.0739990843134726 -0.0111097075644425 0.055428926978004 0.00149553757403501
0.0783029158437805 0.0102574680005521 0.00687095387978265 0.0288239416618873
0.0778121454090699 0.00276552645369147 -0.0217411242569073 -0.0154556462054599
0.0695622660242119 -0.0283256090236725 -0.0598790761802543 -0.00221819141833855
0.0490688645082982 -0.0538898459099292 -0.0689741286798206 0.0241581235710716
0.020719804996931 -0.0611484966693046 -0.0493462562629715 0.0454550198561201
-0.00364407506996974 -0.0582927574300223 -0.0248632257884075 0.0467295136629435
-0.0237936575339594 -0.0483640098907875 -0.00960970233191619 0.0375205554243755
-0.0272857016227128 -0.039281008399614 0.00245587854305602 0.0262230439588753
-0.0346971109316704 -0.037154334489159 0.0127044752699549 0.0101765459877702
-0.029920036551443 -0.0524588284693071 0.0222315304626002 -0.00324657720749804
-0.0134110684015162 -0.0613221548957146 0.0327931142431343 -0.0139053087717172
0.011349317110864 -0.0727884267871616 0.0516233795066398 -0.0123454312161414
0.0445383847412277 -0.0636976992186455 0.063508060876004 0.00697634205048152
0.0740477156004587 -0.0316603507887378 0.0466163997458843 0.0132825902887708
0.0917455340997936 -0.00688985212467558 0.0275647065592308 -0.000619696105758055
0.084449260661874 0.0128853225822077 -0.0254804505544623 0.0178763211000081
0.0900886558667339 0.00178256646577527 -0.0454447134917482 -0.0197050340104597
0.0823018162937701 -0.0367632709466652 -0.0687126728076742 -0.00366830616125155
0.0555451494346186 -0.0668407106095633 -0.067484970592224 0.0203915238591887
0.0210202080851932 -0.0712211597370855 -0.0439900693901772 0.0299720752385293
-0.00512427688682425 -0.0655125875491228 -0.0267765491709869 0.0260000534769616
-0.0247664931825992 -0.0534010422412258 -0.0177857361222409 0.0164415101292785
-0.0270791972794923 -0.0436249538282503 -0.00836985487531819 0.00692647957816774
-0.0318775164657767 -0.0433532411051545 0.00064148729632257 -0.00801117465776035
-0.0239847821031575 -0.0582466256984752 0.0115045812513654 -0.0202550435555414
-0.00455159133798659 -0.0663375373489107 0.0256857025021708 -0.0290598725865546
0.0226302549958805 -0.0738678835636646 0.0483483629090818 -0.0214636528679215
0.054619591735446 -0.0613136135080399 0.0566731128417974 0.00598657430185526
0.0815969516590515 -0.0236734168865434 0.0297675114912625 0.0183496680489366
0.0951411432261611 0.00210615584808737 -0.00202858984957275 -0.00336808439038284
0.0763289060016697 0.0131124376816548 -0.057256444336961 0.00825502757082654
0.084914613203635 0.000518644011489375 -0.0677472033771454 -0.018946234000923
0.0781716157135296 -0.0378503832966368 -0.0739935733856232 -0.00498280450924271
0.050770717971875 -0.0668324118985608 -0.0631360463474862 0.0127034970344318
0.017265272386746 -0.0675349953736867 -0.0404338362483337 0.0103228494909016
-0.00576408415467166 -0.0607361253263664 -0.0308362159784684 0.00398248892633346
-0.0223253264825933 -0.0497305657631243 -0.0262656599274909 -0.00485716559108155
-0.0223527004276009 -0.0416772382740088 -0.0179185336604052 -0.0134024334376455
-0.0242642414340953 -0.0427206996678163 -0.00810416241756763 -0.0274674432038432
-0.0129854302704488 -0.0562866805222476 0.00615793094737131 -0.0378094592610873
0.00773719384996672 -0.0614366103039043 0.0241361842317719 -0.0432195448775022
0.0343591355619794 -0.0622019311895273 0.0466942012627987 -0.0270156409851857
0.0602287040710687 -0.0450666217027906 0.048734895377881 0.00597030402620376
0.0785717419823524 -0.00770098758220516 0.0149741283142298 0.0184578499802395
0.085250373174981 0.0119621314536312 -0.0279900710733364 -0.00911682008004039
0.0546195268224419 0.0115185675788944 -0.0819342578285181 -0.000560781600874278
0.0636227229680108 0.00122891622613132 -0.0833560351828475 -0.014512165045885
0.0599998701911386 -0.0283689525507563 -0.0744308138962159 -0.00636725114289476
0.0378583524436135 -0.0505373021749609 -0.0581099396404639 0.00381674127247082
0.0135705763050351 -0.0499032613072517 -0.0393841897593253 -0.00634757648405028
-0.00247953297856484 -0.0452658605757155 -0.0362735233937361 -0.0142108636189662
-0.0151651389138791 -0.0379678621817332 -0.0327555875924498 -0.0229069934005487
-0.014436186832549 -0.0327216445531241 -0.0243072023946801 -0.0310445102109449
-0.0131821557280678 -0.036374259189329 -0.011917598066562 -0.0456012481374424
-0.00134992946197917 -0.0453675207709902 0.00743675961600973 -0.0548715897185963
0.0167206485739826 -0.0465102747498254 0.0292851221979281 -0.0545075671986343
0.0384483464688836 -0.0421978410877463 0.0489991183143777 -0.0299589939813559
0.0553130150262994 -0.0244068771452141 0.0417377800387015 0.00447698195165274
0.0636919175126176 0.00800764828591285 0.00295351221535478 0.0138179142043865
0.0629892496562739 0.0205456114890009 -0.0468129925719846 -0.0187763184893199
0.0230796621187921 0.0118732558559914 -0.0945394480206564 -0.00529662802326827
0.0321953365232697 0.00638261540557988 -0.090181605223676 -0.0087207814209254
0.0325984237337286 -0.0114743156511669 -0.0725730087739074 -0.00823270913419634
0.0218955752486165 -0.0236684094900609 -0.0557879031194031 -0.00374874851769505
0.0102527536114083 -0.0229524224402627 -0.0416650599398211 -0.0166102059279949
0.00309235553341146 -0.023175681225259 -0.0413030099756589 -0.0237735593472856
-0.00421158994851794 -0.021475360176062 -0.0370352064577796 -0.0334381854322631
-0.00499835331474586 -0.0195557705103041 -0.0263783768952224 -0.0435136267001612
-0.00277622374807337 -0.0222815605595878 -0.00975938356284911 -0.0598512355424677
0.00492678644920748 -0.0266792365624966 0.0144583231173173 -0.0663166268990212
0.016102879958252 -0.0263523907702152 0.0391581817509117 -0.0606494609411321
0.0301636028737958 -0.0210404233376817 0.0538710911296017 -0.0301299080275057
0.0385775665838905 -0.00610040741380899 0.0383151860167631 0.00137961737706176
0.0396164225251695 0.0166438079872574 -0.00257892319661127 0.0069164608335692
0.0333275232501074 0.0220092142821249 -0.0571140899950809 -0.0278048693592201
0.0029449529810081 -0.013627487946182 0.0708533769594094 0.030003079514744
-0.0111585777927736 -0.0112188880664224 0.020404939942428 -0.0113219237612666
-0.0177526506377395 -0.00260118216625023 -0.0374678511530936 -0.00783932893456626
-0.0131999091452922 0.00506946740091951 -0.0632017068928979 0.0199703387414119
-0.00983336574337973 0.00561185411375677 -0.0574607903311107 0.0631665807069983
-0.00885530162359776 0.00498873190145588 -0.0218384131723838 0.0787089217275165
-0.00723389368639189 0.00417091148375466 0.00797200329437757 0.071278472640311
-0.0072322029331624 0.00313448654708937 0.0305188645506598 0.058093980435734
-0.0110486528885409 0.00347873679944286 0.0425046626992807 0.0405627148041201
-0.0139863347724641 -0.000306537420434184 0.0519058794276445 0.028260442589653
-0.0134002088479914 -0.00392333745919627 0.0527147484582327 0.0202189372219344
-0.0138306660534413 -0.00944896351182893 0.0603598591972695 0.0147499218347968
-0.00882644506143052 -0.0126529367654401 0.0763785732233734 0.0132579832155014
-0.000136314223149643 -0.0156608274004109 0.0843040309619054 0.0123294483625864
0.00904447279638922 -0.0126511314077636 0.0961601332758932 0.00870262080408004
0.034668999935375 -0.00573895650740113 0.0601412256352588 0.0379718235422968
0.0224710584109204 -0.00563586222499056 0.0126323374671732 -0.00755997161491627
0.0135311912304011 -0.0107462071518044 -0.0422966051787262 -0.00273010885837643
0.0106041780455037 -0.0148310157549 -0.0672538863904152 0.0222325068417965
0.00337884777904886 -0.0194894998525952 -0.0599281207052733 0.0619740307460897
-0.00724320316735092 -0.020641192213362 -0.0261100786390656 0.0757643021126483
-0.015100047230686 -0.0174734682482219 0.00353179531420469 0.0692124320306929
-0.0173408810519968 -0.0147768725359079 0.0245421382430762 0.0553644671671402
-0.0237199811674904 -0.013941328702191 0.0368510952060461 0.0365780016855851
-0.0238831680525746 -0.0235963331342828 0.0464820589197916 0.0222366579711424
-0.0155608838616121 -0.030434699238084 0.0497936961370888 0.0126255202913749
-0.00394885544511571 -0.0388033663375839 0.0600700929568949 0.00642975075314556
0.0149631721013059 -0.0368062259946295 0.0746972784078885 0.0110187995351
0.0332284880516816 -0.0247994031515687 0.0763737033067758 0.00855731535197522
0.0472262222047023 -0.0130957761269852 0.08271306379461 0.00340600397894677
0.0626265443510308 0.0038074766893043 0.0372431103478649 0.0377946144794467
0.0558431234220937 0.000677978985851784 -0.00174290581235408 -0.0103764090956413
0.0459791448676145 -0.0192000942775903 -0.0516501760264188 -0.00257158887977709
0.0343042412060491 -0.0355769543394297 -0.0711026273296878 0.024851763470469
0.0144695229187929 -0.0442161745680438 -0.057179851181309 0.0578614919042014
-0.0055370477742623 -0.0443393088247186 -0.0263962288687167 0.0658358890211693
-0.021708533439773 -0.0369564462339784 -0.00283408962131389 0.0583130580025342
-0.0248371443867955 -0.0306158086879246 0.015170496393972 0.0449595051414278
-0.0331511979005134 -0.0282141721755515 0.02671257447203 0.0258753621603213
-0.0307338050105264 -0.0422653206956797 0.0363585468971976 0.0114286969018287
-0.017285761310433 -0.0510600334573424 0.0433485498936162 0.00100936293979936
0.0031992960175625 -0.062514368262707 0.058230836892522 -0.0026640106973256
0.0327801359309483 -0.0572388768645399 0.0719309800453311 0.00850608875049321
0.0601769677119617 -0.0321547882574175 0.0637897583848825 0.00986631219012957
0.0782553700383637 -0.0116825797344272 0.0588785857473026 0.0019034435332597
0.0819559588645265 0.0104828272239498 0.00825885097142825 0.029356259074376
0.0823519464353119 0.00270537184459929 -0.0227134887926315 -0.0166774523457195
0.0726864704556208 -0.0303593997972035 -0.0626556754665211 -0.00342230064425035
0.0511535719117035 -0.0569216662770413 -0.0727113431296213 0.0248295836288806
0.020839222204161 -0.0648487788958494 -0.0522161816775449 0.0481325446275196
-0.00475669211768717 -0.0616776954403453 -0.026553596038236 0.0492858959895875
-0.0251623410534136 -0.0512426213281086 -0.00972077668462705 0.0403909772607404
-0.0291909339679008 -0.0414034371523245 0.00297097273887603 0.0281073250542857
-0.0367035588079788 -0.0393865248142456 0.0137450930330404 0.010668875919204
-0.0318400808407661 -0.0551579446625939 0.0239789741339843 -0.00335960641462798
-0.0144826255745614 -0.0646196729266649 0.0351305538012392 -0.0148565214733933
0.0115995097484291 -0.0769074569392309 0.0542460300226602 -0.0134437901680634
0.0467932130173318 -0.0673519405073136 0.0675803456344513 0.00679619376257698
0.0783198786994574 -0.033594390154926 0.0491644703342107 0.0140832393353497
0.0961277376048343 -0.00819099898835846 0.0291932762216303 -0.000453344459537183
0.0888438112760014 0.0132032141484098 -0.0269497175628488 0.0187273846300151
0.0953434626010445 0.00118046025748956 -0.0471590012349202 -0.0212964733839218
0.0856926731020841 -0.0395265605598177 -0.0717009872151562 -0.00464690219659158
0.0576782629521541 -0.0712071144222651 -0.070986052862762 0.0210510098224493
0.0211392559863026 -0.0754689899451681 -0.046770118463024 0.0316850245935594
-0.00652456551994834 -0.0692715171013908 -0.0285502429478841 0.0270842038566144
-0.0265967822553156 -0.0559314516059507 -0.0191252520119924 0.0177721918761431
-0.0280859899025592 -0.0464472706165838 -0.00896036969121687 0.00778976885150472
-0.0335282506580199 -0.0454970059440181 0.00111032976605255 -0.0082973883842453
-0.0254613083043095 -0.0613555219750942 0.0127511835421425 -0.0208186555599321
-0.00572630299107935 -0.0696774434345627 0.0274665392970131 -0.030164474130792
0.0232725002320881 -0.0782404460237805 0.0504892754232503 -0.0230275631209298
0.0568439022082184 -0.0648187235376547 0.0602138481239748 0.00569392905876148
0.0861892183436764 -0.0243694689955224 0.0317440255333592 0.0189674470125619
0.0999394492885823 0.00170458497983143 -0.00185773704490114 -0.00322940110124889
0.0802107054470201 0.0130969002312967 -0.0598579476231359 0.00753246950954511
0.0897290499820908 -0.00050820764208634 -0.0706242742108967 -0.0206738688499128
0.0815357091984575 -0.0404626328315509 -0.0769724913148485 -0.0051189411189713
0.0520804975312818 -0.0706776628653487 -0.0661237675711395 0.0130017085667909
0.0174663617043177 -0.0716839637245154 -0.043070154710808 0.0116769432829847
-0.00676204513326748 -0.0640693096753363 -0.032857355067045 0.00404376023129053
-0.0238706181954465 -0.0519115739905313 -0.0280200526627587 -0.00459560037391777
-0.0238606112183892 -0.0434666517102145 -0.0192126112707561 -0.0130760497841097
-0.0256373749648028 -0.0451849221794136 -0.00841693365583365 -0.0290341069421873
-0.0136818596753261 -0.0593078784033692 0.00653706870059619 -0.0400290802316571
0.00793333949646062 -0.0645187000272106 0.0257165662203664 -0.0452857919517085
0.0363531150322633 -0.0659507623151811 0.0493858739223345 -0.0289460238223359
0.0623652722211215 -0.0479050415065956 0.0523710940494176 0.00634702042570096
0.0831074727205336 -0.00833416691606311 0.0162357443725095 0.0191441676677638
0.0894562180166849 0.0119310419433817 -0.0290008875504421 -0.00973095462023997
0.057568283370766 0.0120128026100023 -0.0861184513323125 -0.00102070102359422
0.0668391882210242 0.00130510896190494 -0.0873710270330105 -0.0158606103709487
0.062457655241804 -0.031187334285205 -0.0783244002230256 -0.00672799787506507
0.0389823604083821 -0.0539860324207209 -0.0612635163378439 0.00425081165029527
0.0135676172541382 -0.0524102083094147 -0.0420118051191891 -0.00695412235141584
-0.00332060216035846 -0.0478268823065233 -0.0388692659163869 -0.0148964763822803
-0.0157762882458372 -0.0398061516012103 -0.0356422971350442 -0.0231897064760325
-0.0152000632283616 -0.0349321796530357 -0.0264555534190084 -0.0317388284912116
-0.0139869130188127 -0.0379671291476963 -0.0122773832468275 -0.0485176171427604
-0.00191132252790198 -0.047951675142083 0.00701607781651342 -0.0571534304480972
0.0169411436216539 -0.0492187049000412 0.0314432003465366 -0.0570759359647956
0.039896936381342 -0.0452396184159568 0.0515799740366339 -0.0316932285433923
0.0574178677566003 -0.0255934915378477 0.0446186619335368 0.00420634586820599
0.0672878272261263 0.00825201232932907 0.00370940041323666 0.0146677558097305
0.0656908271853356 0.0208644953022868 -0.0497440210100791 -0.0192083901149179
0.0238312147299968 0.0122876085768509 -0.0999631229477484 -0.00617488233205309
0.0338048845213973 0.00643238316876824 -0.0939395883375062 -0.0101242307041381
0.0340193957598814 -0.0126140110271967 -0.0765401099316142 -0.00868441843993364
0.0223826308973343 -0.0250706116483454 -0.0584308370410089 -0.00375791739677524
0.0103837504975984 -0.0243802153350723 -0.0439082431424206 -0.0173524054683869
0.00332955426037093 -0.0245664509108444 -0.0438758699782516 -0.0252691064086893
-0.00441589500063683 -0.0226392363108862 -0.0397958734211693 -0.0345838524121452
-0.00531497045637149 -0.0200372039220629 -0.0284320061150197 -0.0455817696090175
-0.00320878606161577 -0.0234031720093772 -0.0106755616809211 -0.0628243956572405
0.00470199499924466 -0.0279634615592608 0.0144866246556346 -0.0702448590345374
0.0168432234281246 -0.0277217863655763 0.0411908409636224 -0.0637675659030717
0.0310793284821984 -0.0219496871004021 0.056413919123692 -0.0312435045769134
0.0400236185246875 -0.00657884141407395 0.0413323556407338 0.00167594233880054
0.0414712768140555 0.0173505781779955 -0.00223428206682905 0.00716631327576566
0.0346814435178523 0.0225021445891693 -0.0597907441250567 -0.0290595640097098
0.0068270290539917 -0.013912526561784 0.0664871207286855 0.0428836344076978
-0.00872787048397139 -0.0137065334992619 0.0224302318001206 -0.00883462331205357
-0.0182350214992909 -0.00587690950991565 -0.0376925942924431 -0.0155020820787517
-0.0140848726050165 0.00366853441227628 -0.0704070003700611 0.00867342842803165
-0.00988266332531666 0.00515038045250404 -0.0713748347532705 0.0560065877967859
-0.00895254623592362 0.00370029880164668 -0.0367927066671257 0.078428986564886
-0.00827567685999741 0.00303994296083093 -0.00390539144617571 0.075865630520374
-0.00759408592413516 0.0015840421699203 0.0216737270229356 0.0657152311180386
-0.0121955341341137 0.000817920012625579 0.0384286731568525 0.0503548310621422
-0.0139639011390742 -0.00322233020666824 0.04965674090527 0.0378767514802683
-0.0121906378932223 -0.0070113221132715 0.0512988424449006 0.0298658248957326
-0.0117492280830611 -0.0111899420259407 0.060537040909311 0.0262378426298044
-0.00571858047919166 -0.0151606844309665 0.0760727307337732 0.0278476029945449
0.004128959316314 -0.0150542641330686 0.083723681799546 0.0289701753043293
0.0137271853800591 -0.0116497710763563 0.0970188335015969 0.0289451688043851
0.0375939424280892 0.000507803335044812 0.0560809660268299 0.0489748912965557
0.0244637645118162 -0.00170952464312825 0.0150398554739176 -0.00606454160169647
0.0152559905635635 -0.00774555647366126 -0.0419748138519666 -0.0116666643737578
0.0128247317165363 -0.0120483845763969 -0.0722159849694923 0.0103476174337131
0.00782696982291717 -0.0182770528683621 -0.0731102775857358 0.0529933903972259
-0.0028595475777357 -0.0216899171360903 -0.0408856013101687 0.0735742736364294
-0.012504333723324 -0.0206069824691951 -0.00804991997157471 0.0723817978462722
-0.0142650199105297 -0.0191904302609799 0.0165999613493496 0.0616403170739717
-0.0215815215852817 -0.0196083459100673 0.0332398138460578 0.0448894440854877
-0.0198809289012504 -0.029030608201848 0.0456192787711721 0.0314439697715351
-0.00855325624029551 -0.0348047285976065 0.0498909939794583 0.0227384438774587
0.00412931932043928 -0.0402704868244574 0.0613090586850826 0.0201810781339015
0.0233867041449423 -0.0339392791406971 0.0747617863500427 0.0249227510468426
0.040564599070946 -0.0177953776969025 0.0747714574329089 0.0236043141929161
0.0537638765354798 -0.00418504192122932 0.0823030990402158 0.0199802964755048
0.0634859491656759 0.0165641200285602 0.0341547754026651 0.0455427668883045
0.0559737490291454 0.0107613405835977 0.0015348947536027 -0.0115310153584399
0.0494954826178348 -0.0100578813842365 -0.0496626470471388 -0.013877450280121
0.0397350632190585 -0.0286635413048829 -0.0749789585599108 0.0114865246871637
0.02338690067772 -0.0407303266481797 -0.0690483412279661 0.0477889903082838
0.00316230146580204 -0.0454634001729216 -0.0391954056346303 0.0635147364796611
-0.015320673168633 -0.0419947265577073 -0.012709424181471 0.0593835289187148
-0.0186463106180537 -0.0367369198316848 0.00821646336753652 0.0494432482985025
-0.0282119837888315 -0.0358908972123864 0.0243126160701637 0.0321575899469748
-0.023507661809229 -0.0502114247973164 0.0377495751042346 0.0181521707920888
-0.00607997027425058 -0.0569461971066542 0.0453686826743954 0.0103676479447632
0.0162551821322804 -0.063727706076393 0.0609099122590901 0.0110165013057442
0.0465910665037424 -0.0513377302642681 0.0712438222383744 0.0225308939114281
0.0699571267509536 -0.0198129974514115 0.0611081875481417 0.0223763897259762
0.0858946912076457 0.00411005945056868 0.0565953545717896 0.0122614571374507
0.0816787710575126 0.0269102498826464 0.00634962681752114 0.0321188388132173
0.08229986627569 0.0183308588347449 -0.0173292549279753 -0.0212835799313666
0.0780909445984695 -0.0162294285123958 -0.0592544678626719 -0.0169733840384342
0.0604910869374695 -0.0471774417882978 -0.0755856151508993 0.0101695913744471
0.0338427064346083 -0.0613630928091958 -0.0615794306919579 0.0372309962559242
0.00685555031134286 -0.0638256989938679 -0.0365134478444354 0.0442258509078956
-0.0166816127373336 -0.0562686070245967 -0.0171447908642872 0.0385632070400731
-0.0208840774123669 -0.0487502025868195 -0.00169238331795654 0.0298664273860156
-0.0296128889801143 -0.0481369902323276 0.0135261789009142 0.0139761953392086
-0.0219673884773908 -0.0633687105107435 0.0273236753522498 0.00141955514052785
-0.000923215863038006 -0.0705687027886048 0.0391887197223753 -0.00633110616048954
0.0277581593628024 -0.0778052146202814 0.0586081898918069 0.000695332903423848
0.0631614783077633 -0.0588082550559247 0.0668066128320658 0.0198739772887407
0.0884579879789521 -0.017570784359999 0.043922669667559 0.0234060516314195
0.104231062150051 0.0118102581697425 0.0256983657485381 0.0034650065849507
0.0870549973971644 0.0317296136577751 -0.0265897419821515 0.0145654348187093
0.0951622068225181 0.0194642157202143 -0.0418845939522776 -0.0303239594887919
0.0936533913826247 -0.0224575264168428 -0.0673990102373139 -0.0201432567087337
0.0695470430907924 -0.0607131826206555 -0.0723369449709444 0.00556222367842283
0.035671446007975 -0.0715852504905994 -0.0538095728834972 0.0207593997129891
0.00689541259590608 -0.0714696909039031 -0.0344931748509346 0.0209528118921776
-0.0167622300236717 -0.062105260083222 -0.0223187011747507 0.0138784937674985
-0.0197150746351551 -0.0533878507777425 -0.01069615642963 0.00686706835311468
-0.0254945039344063 -0.053542293713104 0.00324005688967485 -0.00808144443357182
-0.0143470661466575 -0.0687099379145777 0.0189233321358854 -0.0185707626462819
0.00969573250737974 -0.074020013658651 0.0340697249750562 -0.0237527911337355
0.0401345318495526 -0.0771483836156059 0.0555344725980321 -0.00981423309782943
0.0731162735701416 -0.0542889555145074 0.0594976400175196 0.0172668155341619
0.0944962991678023 -0.00701659603496512 0.025566370583366 0.0259134491861358
0.105217655914813 0.0229577539112116 -0.00553566334234201 -0.00543886074716746
0.0780023187674037 0.0305791992108386 -0.0592212699193394 -0.00201689173726063
0.0895285241397217 0.0173570912610273 -0.0656822966500397 -0.0349039562337924
0.0892270058748007 -0.0244077235668749 -0.0723196949826893 -0.0221404150974607
0.0643520039396284 -0.0608368803857662 -0.0660249818646542 -0.00141300434913825
0.0307583200160222 -0.0686735939345394 -0.0465443105955952 -0.000420105846951881
0.00463900970008918 -0.066877082528265 -0.0355414445319278 -0.00346018571336749
-0.0146259497306179 -0.0574673760328578 -0.02830153779918 -0.0110127477462592
-0.015084352475873 -0.0499861052557806 -0.0177028024259743 -0.0168748188007285
-0.0172596526793194 -0.0513571885488088 -0.00328508668080851 -0.0306145540222192
-0.00254783515989921 -0.0640779495605673 0.0145994411860945 -0.0396854850263704
0.0223339451416588 -0.0660469370066759 0.034223253910147 -0.0396584157017901
0.051013934247918 -0.0620912074373086 0.054808853182328 -0.0164753126544878
0.075353889334276 -0.0353391837910165 0.0510595313006131 0.0160639375749002
0.0874003895918058 0.00873210192852566 0.00975378679244826 0.0227251756827989
0.091668840046342 0.0315613705704534 -0.0323863011652658 -0.0177502845643551
0.0546406390243795 0.0248229573415617 -0.0854812966707778 -0.0164651082123584
0.0662276747248807 0.0141700332675867 -0.084623410365546 -0.0325012730556714
0.0678002164216793 -0.017599596036732 -0.0746370595418197 -0.0227562743124574
0.0479201792037868 -0.0457833829948187 -0.0603346037334028 -0.00932988156417421
0.0230571425855775 -0.0501472239911477 -0.0420648809437546 -0.0178119064587018
0.00487764846489681 -0.0500269132852662 -0.03754635267917 -0.0240519297434228
-0.00892552734906332 -0.0438741483343275 -0.0334007608431469 -0.031584935849949
-0.00846597999559131 -0.0388399977799157 -0.0216358465099991 -0.0375137018462592
-0.00662087717742597 -0.042207655129891 -0.00449730596342361 -0.051594203877606
0.00726437993495815 -0.0499907974737631 0.0184685956312357 -0.0573925843890588
0.0284204741315185 -0.0476603557191326 0.0412459747927151 -0.051692213733637
0.0504495529209126 -0.039182559923631 0.0571397530978095 -0.0204810807395711
0.0649603244899917 -0.0131611503152151 0.0439502321732994 0.0126847637370431
0.0671753165539214 0.022760933913004 -0.00108407499526535 0.0149300158235786
0.0644614263549669 0.0360360147553676 -0.0499300745413124 -0.0320354884114019
0.0204012417040335 0.0180802670069724 -0.100160493028369 -0.0249730123402494
0.0316664328311685 0.0140552149567889 -0.0939821284176424 -0.0269405778695241
0.0356944258498265 -0.00516824070342386 -0.0748615103015673 -0.0237453964496467
0.0263875662982815 -0.0206315492779433 -0.0579703084933294 -0.0155995834717117
0.0144627106634336 -0.022192172130132 -0.0427344536803161 -0.0275470263823799
0.00729062279729421 -0.024520460646266 -0.0416217257883279 -0.0345292081892
-0.000558082005570425 -0.0242438834875176 -0.0359072635676777 -0.0431306079116227
-0.00101802730425165 -0.0221482795834408 -0.0218335127015243 -0.0517616886371654
0.00155448098784624 -0.0244957012639778 -0.000311792984673537 -0.0667800277275029
0.0108670779587164 -0.0283480093014724 0.0275475544396249 -0.0698919517095328
0.0233654975809566 -0.0256009332690081 0.0528741398323209 -0.0572883912393045
0.0369861559581975 -0.0172406873965908 0.062492843919617 -0.0205813340519524
0.0427381994697386 0.00291223408632144 0.0410511374414933 0.00890773741059403
0.0396077817743898 0.026534132991353 -0.00467978772844621 0.00647421478276799
0.0303026497254505 0.0307269121226755 -0.0573141018577969 -0.0425418446397729
0.005713492903718 -0.0143732634117727 0.0700271859359233 0.0387732103543187
-0.00990643562030238 -0.013424455977589 0.0215305099382905 -0.0104373840476404
-0.0181221954906858 -0.0041672319981142 -0.0393805137431632 -0.0141390263426832
-0.0144468951768136 0.00492668527923294 -0.0704818252605174 0.0131026096500071
-0.00990260229502058 0.005552287901588 -0.0673923290236892 0.0619012393286114
-0.00908896688600164 0.00461479249960332 -0.0320802049165885 0.0816060124193364
-0.00819275312237927 0.00363903826050744 0.000865648583497627 0.0766130626853836
-0.00779660375678781 0.0018360148232385 0.0272597186146969 0.0646822211523314
-0.011655153911793 0.00153886867202713 0.042877889796909 0.047778479856003
-0.0145291695084525 -0.00232621173237347 0.0524291429581068 0.0349176930648837
-0.0127875226073148 -0.00607549507403008 0.0534845733375442 0.0272721529057303
-0.0123174362882618 -0.0103711589651613 0.0623604734872412 0.0229259932569926
-0.00652384054323708 -0.014656847522033 0.0777313719107228 0.022410759934005
0.00399708208098082 -0.0156531131974922 0.085336232850397 0.0237859374684885
0.0127711451938793 -0.0126622570377187 0.0996306006281347 0.0233031872732976
0.0374660241499976 -0.00134467791899072 0.0594733680581736 0.0453597554100966
0.0243026305533345 -0.00349211263815641 0.0140485725297577 -0.00702009863621556
0.0150395227779213 -0.00932726817138803 -0.0428373415116117 -0.00972920412293467
0.0117414907455492 -0.0126530751941189 -0.0723095056438728 0.0145526966355562
0.00633137758347192 -0.0191026012818969 -0.0696634878624241 0.0584660465212056
-0.00458936886177075 -0.0218177389369261 -0.0362220043125267 0.0771128387965307
-0.0139643452118653 -0.0201784213186335 -0.003098640717547 0.0730471129814056
-0.0156846890788344 -0.0186988884978133 0.0218111426404221 0.0611586201422115
-0.0231620640962531 -0.0176599601976273 0.0378637060388594 0.0422162873025828
-0.0223272551885198 -0.0279988581618442 0.0482894481663545 0.0286390110702213
-0.0110824187356255 -0.034078818916471 0.0521277562710242 0.020388606316963
0.00143823603513304 -0.0408884004490752 0.0626202048891666 0.0167432380483592
0.0213548223606429 -0.0360881923993734 0.0761724792854684 0.0199091298217716
0.0402759661094667 -0.020786511571507 0.0758372820835943 0.018814567252681
0.0536443681159191 -0.00743300946304908 0.0845094649901156 0.0149285854191245
0.0646808742769509 0.0127592916779929 0.0373534845799426 0.0430305764807628
0.0574082610259318 0.00703158896067985 0.000737820156511422 -0.011550811994006
0.0487642598624676 -0.013504318914251 -0.0504902913224739 -0.010907773441273
0.0379115555726584 -0.0315345960830418 -0.0747468559031231 0.0161161704443133
0.0201293238185626 -0.0431344811599734 -0.0660211009028904 0.0528391243986667
-0.000512399376497066 -0.045754906560095 -0.035365511398997 0.0658637319131379
-0.0185135576210902 -0.04102637186262 -0.00834081884606701 0.0606141151561966
-0.0215099662830323 -0.0363231721516882 0.012429426506504 0.0489418839749075
-0.0312811849295924 -0.0344246626701668 0.0278281580144653 0.030818718646541
-0.0274023185727127 -0.0482993290401951 0.039154945619477 0.0161770320706308
-0.00998276853413737 -0.0569184071638794 0.0467058319214186 0.00810642229520388
0.0118543318327308 -0.0654587563271298 0.0614972687056994 0.00788857092344222
0.0428556342252753 -0.0549192375614661 0.0732253380240468 0.0174785947738289
0.0694990647904647 -0.0251789573406538 0.0620377722175786 0.0189166503780457
0.0862796847837158 -0.00169623510962587 0.0582939528838376 0.00925249248364645
0.0835777942342429 0.0216087402549419 0.00877426550682131 0.0313798186029453
0.0841926122940128 0.0126302539961514 -0.0189735301174313 -0.0209721989524935
0.0767905828621674 -0.0215864204471562 -0.0598743545474535 -0.0132292947449581
0.0574752540392356 -0.0517277502721064 -0.0747049290682285 0.0148065827310742
0.0289968354942093 -0.06366757915796 -0.0598218049992798 0.0411462996933069
0.00198649928992846 -0.0640696894295007 -0.0341439157555356 0.0472554607448358
-0.0206608740622918 -0.0562271362944798 -0.0150408867423766 0.0405444442095607
-0.0248150205480864 -0.0479470937524516 0.00100563559898199 0.0302713472522557
-0.0330398257776082 -0.0463686862247984 0.0151172286397708 0.0132620100254168
-0.0268490526221735 -0.0621446041568823 0.0282288523297926 -0.000558814147277345
-0.00551834991338069 -0.0709340781341546 0.039281552254517 -0.00849565249799161
0.0221419879237695 -0.0803256728406522 0.0583981322694758 -0.00317890315115483
0.0590114995966785 -0.0637641861767741 0.0684449251578547 0.0152923341078036
0.0879275903312279 -0.0238437155838021 0.0461123783827172 0.0208707807918035
0.104943325736323 0.00467158192751181 0.0264163523157091 0.0025904732989817
0.0895545302028867 0.0261618375913633 -0.0259088240983358 0.015950939938139
0.0968734161142878 0.0128172599298728 -0.0432193217181053 -0.0289209507759193
0.0917224561288974 -0.0292951535047004 -0.06790651787796 -0.0166872582285212
0.0653595648769292 -0.0654797468747365 -0.0719361233392195 0.0100050645489463
0.0301406342826319 -0.074807548469386 -0.0527836895095429 0.0242548246344162
0.000858080393196273 -0.0723024449180901 -0.0338394488216535 0.0233787477542859
-0.0214034249617462 -0.0615198217284867 -0.0218960583505298 0.0162272014455578
-0.0236085196471813 -0.0527464811686318 -0.00974702216008595 0.00813099742147702
-0.0293227631609342 -0.0518555687168643 0.00339451657447401 -0.00784177391214565
-0.019353605492474 -0.0679407950120334 0.0169047711891515 -0.020376596037739
0.0045150171722813 -0.075042087812569 0.0329307205799801 -0.025819223914293
0.0344001229538748 -0.0807404110564842 0.054688671749735 -0.0130523727225914
0.0690684365805908 -0.0595523875844154 0.0607215365660528 0.0131523713192042
0.0945711812442279 -0.0131866886852847 0.0276646974848872 0.0238926281771153
0.106882969421643 0.0156576653885665 -0.00589633431475645 -0.0051909399297417
0.0803584266948174 0.025059810799668 -0.0600007822499488 0.000817936252806331
0.0909544422955634 0.0109700029842468 -0.0678010730201279 -0.0311340823773965
0.0874332723414897 -0.0307659637967251 -0.0735367477937213 -0.0178073580009187
0.0597795190612411 -0.0657031997623843 -0.0657548847985407 0.00243653166256485
0.0254686051955764 -0.0712144911514041 -0.0469368372754674 0.00314057267214535
-0.000192348293827946 -0.0677813404998524 -0.0360861529568315 -0.0013937934237603
-0.019168009299234 -0.0567032489377014 -0.0295327653613175 -0.00846921483654507
-0.0187092504358891 -0.0490963017978033 -0.0193569579117094 -0.0149981871541392
-0.0206943650191431 -0.050235406704143 -0.00480410065355197 -0.0302845431287323
-0.00744730392400071 -0.064494705515678 0.0126148542989499 -0.0405552821688202
0.0178294473267171 -0.0675025811599357 0.0324649463843074 -0.0418124461859268
0.0461070940252174 -0.0664862397921836 0.0534298634068145 -0.0198869905116238
0.0726372032749435 -0.040515497698643 0.0526993724338157 0.0127299146874201
0.0884607043946411 0.00289803803645772 0.0117308529812915 0.0218127903993274
0.093384228835696 0.0248775089413407 -0.0337341633491101 -0.0153287219369809
0.056586521634746 0.0210812977038554 -0.0877464316180669 -0.0116960448390534
0.0674954308910552 0.00974985306035248 -0.0859863599760066 -0.0279006147222325
0.0664560597872694 -0.0228614292736323 -0.0754317673349536 -0.0184026072251357
0.0443813878221828 -0.0498258855219236 -0.0605557172278778 -0.00590135843639059
0.0191273421708082 -0.0520126226772294 -0.0444492314102173 -0.0147333426736926
0.00107449705889128 -0.0504163748626052 -0.0403714786468362 -0.0217164962585196
-0.0124426374745911 -0.0437536596257912 -0.0361870638984441 -0.0288832884035327
-0.0110372317836574 -0.0383087153231406 -0.0248814127638445 -0.0359323028301155
-0.00973776743196234 -0.0416466550442111 -0.00825691784071982 -0.0514979859027069
0.00449188627656806 -0.050262496859079 0.014839319067627 -0.0589635528965512
0.0251842541606038 -0.0504382604529022 0.0385036458155008 -0.0546849362372241
0.0480683864702781 -0.0433914366955711 0.0560217051865528 -0.0241801371353651
0.0637411285003987 -0.0174572675060776 0.0453767943385059 0.00984316503362816
0.0693131414831542 0.0179288337301932 -0.000260289865336665 0.015463740284097
0.0663096543213097 0.0310984721900457 -0.0521829167406022 -0.0283587034567327
0.0217796986716139 0.0168473189680512 -0.103077249762899 -0.0191026321560262
0.0331266666918458 0.0116211697466994 -0.0955525194767029 -0.0221174382249316
0.0353766475799264 -0.00781168696601757 -0.0755136002407313 -0.0194399893871974
0.024346173945907 -0.0232841238115024 -0.0588680468767843 -0.0120952544460545
0.0131123993516883 -0.0234838403332973 -0.0447080304396887 -0.0253236903596143
0.00521161494765947 -0.0251622001773025 -0.0448673231477245 -0.0321636771054352
-0.00228372462080995 -0.0244982613503955 -0.039371461413998 -0.0411954182601629
-0.00236840113296231 -0.0214355880286653 -0.0258349436579306 -0.0502992670937352
-0.000610955338441436 -0.0244956163141674 -0.0052833876468679 -0.0670750397103194
0.00879062921231077 -0.0286005949783358 0.0226973711596763 -0.0723801875625202
0.0221660608040083 -0.0275992107323609 0.0500436527707736 -0.0610335824455063
0.0360527641683472 -0.0199209390571951 0.0615578946112994 -0.0249510835800957
0.0427184855807533 7.2573198208776E-05 0.0419631068515593 0.00635487853289487
0.041023802518597 0.0236782395368518 -0.00435975582312392 0.00691115219379753
0.0325848843896849 0.0280096041084587 -0.0602516079677942 -0.0391286208327578
0.00434311944506178 -0.0139459194970081 0.0691597841494519 0.0343726063631396
-0.00980608196880938 -0.0125288937097197 0.0201057097819692 -0.011464542751036
-0.0179375220211078 -0.00319445961124153 -0.0388906141262366 -0.0121314776851424
-0.0136008936506534 0.00497335075339009 -0.0677812490224076 0.01532272920021
-0.00927567227675914 0.00607928804758585 -0.0628897762119153 0.0626719645081668
-0.00783282312706239 0.00496556167218686 -0.0270792971636048 0.0808662812286321
-0.00839638118395508 0.00378527445574225 0.00494359154569825 0.0739784600092095
-0.00786785336303098 0.00202715816973332 0.0301983671258804 0.0611688902026456
-0.0119301734445325 0.00222278043876577 0.0446475331209931 0.0436626238642258
-0.0140652070487782 -0.00180857281614295 0.0526698841060076 0.031494171706374
-0.0123964819874965 -0.0053113862597197 0.0532299454107118 0.0241826210336131
-0.0126725966615889 -0.00964953890106509 0.06120293845534 0.0196805792360258
-0.00715235443861359 -0.0138813561346398 0.0761314639389754 0.017920510066217
0.00360896833790633 -0.0151835947581449 0.0826607896887458 0.019112503922377
0.0115454549294456 -0.0126506532071754 0.0984391975200768 0.0185387431582911
0.0358305594756289 -0.00275380274500048 0.0593031263744219 0.0415233335992614
0.023959431848625 -0.00482095622614858 0.0130550968227591 -0.00782842439503326
0.0136733920042138 -0.00963949253873025 -0.0424863152003297 -0.00845350050172294
0.0107444083899538 -0.013281423372108 -0.0696970517584909 0.0172515860882036
0.0049481769074547 -0.0185512313938274 -0.0645687357488122 0.0606814142081474
-0.00552713595013527 -0.0206613056491504 -0.0313629327117346 0.076647601132936
-0.0151186535606271 -0.0188303692014059 0.000517844861662627 0.0713663168246261
-0.0164893208291843 -0.0175721009835263 0.0245883709549922 0.0577246855930854
-0.0233688450808789 -0.0164956842102001 0.0390397272363355 0.0393566009928116
-0.0226634807257992 -0.02617263625843 0.0487563323385577 0.0254140307890463
-0.0124275407218771 -0.0329915149283476 0.0518319816884958 0.017559737913499
-0.000543660122664634 -0.039949722786562 0.0615863628414371 0.0134109649389134
0.0187624051606251 -0.0361409401330358 0.0740263789394505 0.0156442269944033
0.0384935790219749 -0.022060085939352 0.0737665526491855 0.0146690479747736
0.0514741633843364 -0.010085322542046 0.0829707822082618 0.0109018810988768
0.0628928462327512 0.00923062605970839 0.0384821975779387 0.0396310297331488
0.0557777554820099 0.00397944044537662 0.000121956718430722 -0.0117953604646825
0.0462034355443349 -0.0162080334825905 -0.0496881752359226 -0.00927738606315529
0.0350123443498647 -0.0326134430435865 -0.0717130887702569 0.0185248180505617
0.0171779152028133 -0.0427991447749499 -0.0612200452452668 0.0550300348134816
-0.00283022865657394 -0.0441768062108832 -0.0315374100966092 0.065707965322308
-0.0201212041347817 -0.0386795399064239 -0.00534643119810631 0.0593568073096725
-0.0231213372424873 -0.034151112060534 0.0146002741273045 0.0466006916068666
-0.0314058229848796 -0.03185721589815 0.0288559995781931 0.0285972262866566
-0.0291417272452596 -0.0458983590673131 0.0394261458736501 0.013904805348334
-0.0122071251141831 -0.0548192728701283 0.0459316212055591 0.00595330246435415
0.00832046546792349 -0.0646398303537624 0.0597783081760747 0.00478586404904315
0.0386284609949058 -0.0551543956320421 0.0717045118430224 0.0130785007250636
0.0657866944402622 -0.0276769380515588 0.0605731971425297 0.0149776985009964
0.0834384160772261 -0.00590351215101096 0.057156763039034 0.00640691952353476
0.0820736776159907 0.0174244534759043 0.0103263094378757 0.0293579400545279
0.0823281744273663 0.00812859961165972 -0.018905894743703 -0.0201255212224829
0.0730631224901958 -0.0250560191070993 -0.0585911398851931 -0.0118813149767233
0.0524931756708509 -0.0528125664217917 -0.071642481040216 0.0173036618217015
0.0240739168452039 -0.0636926690341327 -0.0562214276341914 0.0432740414671905
-0.00126521118214113 -0.0623791453309868 -0.0310419431091716 0.0473890955093334
-0.0233280791152039 -0.0534133260762982 -0.0125885940430227 0.04019419414295
-0.0263020283132298 -0.0454943572056101 0.0031471723663953 0.0297261987136426
-0.0341890944514124 -0.0436421353433081 0.0157087513500552 0.0119960774114651
-0.0290691202079241 -0.05942184911268 0.0272354469494391 -0.00184457812387251
-0.00898823785187607 -0.0686207827622039 0.0385558439605944 -0.0100338840219008
0.0175945198896392 -0.0791227659168658 0.0561843478994191 -0.00527283107186227
0.0535434884716045 -0.0647477611548592 0.0669354433895212 0.0112696065158215
0.0844290877867541 -0.0269939066208041 0.0453938737712235 0.0172334547009537
0.101060296001742 -0.000840243868211976 0.0252706519844734 0.00161231575239606
0.0878864403591375 0.0209232083271513 -0.0238815119306864 0.0158913035312957
0.0945928496974038 0.00740643312896696 -0.0430658925703785 -0.0262202231643372
0.0870434860922436 -0.0328482612782855 -0.0665534359201097 -0.0133090947207326
0.0595308792463755 -0.0666602598673901 -0.0687304971012449 0.0124015508791162
0.0250267697837482 -0.0738589022690611 -0.0501193871033462 0.0261254953121307
-0.00344580032759463 -0.0700347235973282 -0.0321026881969674 0.0239031205685317
-0.0240553004701488 -0.0585371464605558 -0.0207733283361072 0.0171226089850353
-0.0252490693221116 -0.0499850249351066 -0.00912899572667342 0.00840648342830219
-0.0310489507165015 -0.0486704953443782 0.00363096978511245 -0.00760574275494617
-0.0224474086434387 -0.0650912950777379 0.0165655053251715 -0.0207358130721693
0.000566754790464358 -0.0734864704026724 0.0312631197257128 -0.026067860209493
0.0294471572439883 -0.0803516684299529 0.0523253748919854 -0.0154329095888015
0.0633402221405522 -0.061000872201728 0.0600788482792395 0.009643488400838
0.091012503059777 -0.0178141460344057 0.0278866940699434 0.0214471827323924
0.103343844311761 0.00977962762442424 -0.00617319805152397 -0.00406757469731674
0.0788231188829384 0.0202853099113621 -0.0582476089757861 0.00277317187485859
0.0887329740041625 0.00605036021001863 -0.0671323949959127 -0.0275671174912028
0.0828651647057741 -0.0341183493419384 -0.0718450443951094 -0.0150798533721321
0.0543606960850261 -0.0669047719823983 -0.0634174795785342 0.00527214590788047
0.0203175383873177 -0.0704085572317448 -0.0456455179727286 0.00502491679713304
-0.0042514141558367 -0.0652734566889995 -0.0353318450427026 9.79825406700233E-05
-0.0215917694326102 -0.0543708906685021 -0.0293030348246475 -0.00603977762810714
-0.0206761522542232 -0.0469558396818333 -0.0190214064541038 -0.0136811621309748
-0.0227612177169778 -0.0479762624041785 -0.00646802506591137 -0.0293661262387042
-0.0104414440877242 -0.0621097983333643 0.0104291904257691 -0.0401221535900307
0.0137806043699978 -0.0668998166756834 0.0297084510948631 -0.0417591301689274
0.0415589356239981 -0.0674550147682055 0.0508933150557693 -0.0215316848568396
0.067580044094415 -0.0428586299968812 0.0518974849184 0.00983867951435977
0.0860112579500739 -0.00170032114217635 0.0121831501558689 0.0201826684612841
0.0906576926335592 0.0191502816819718 -0.0336150934043417 -0.0128602063866685
0.0559502304943398 0.0171760490437674 -0.086008944687404 -0.00755306818651315
0.0655804983564251 0.00642154085857915 -0.0850267544204152 -0.0238260304383874
0.0624928397249543 -0.0260438625724418 -0.073491393630546 -0.0152457020797647
0.0400254286714463 -0.0508652519965557 -0.0590406106155723 -0.002988466601266
0.0154280589599994 -0.0517353268078803 -0.0441262901202956 -0.0120994644716823
-0.00150298898175609 -0.0486317474804877 -0.041100331728367 -0.0189702851067364
-0.0143436803681164 -0.0418368927936344 -0.0366099543300474 -0.0254932097851545
-0.0123182850546222 -0.0367018489547524 -0.0255580756998695 -0.0329425618017228
-0.0113482331698268 -0.039809476984651 -0.00988947295785494 -0.0495425990889762
0.00112101484001389 -0.0491798098245159 0.0115742689524261 -0.0581812630645943
0.0214024109563738 -0.0502053115626933 0.035077998226723 -0.0547976368645597
0.0444182935034043 -0.0445747041879273 0.0534422440922769 -0.0264431379155386
0.0604376924774786 -0.0202623585454709 0.0446472984677149 0.0072539809684348
0.0679507665514702 0.01380065718892 0.00111120287740758 0.0142436203708279
0.0651332146448658 0.0263478639078414 -0.0522412967496157 -0.0246808003820037
0.0219522301109652 0.0148944028965455 -0.101646226294868 -0.0139016957206149
0.0321529992012978 0.00934392427593447 -0.0934734340857882 -0.0176342637367192
0.033538465258999 -0.00941315975223138 -0.07363267956382 -0.0158284117761855
0.0221634318061297 -0.0239937979565302 -0.0572016691101593 -0.00939299575740974
0.0115894203264677 -0.0236958588839055 -0.0451751571306277 -0.0225835856446814
0.00344981680188004 -0.0248295127302114 -0.0457528283332977 -0.0289670840408802
-0.00339792006324976 -0.0233991752719147 -0.0411155772592816 -0.0375725951042707
-0.00360462025757181 -0.0208307166742762 -0.028297392006322 -0.0470586942072779
-0.00186727134267219 -0.0230619427490058 -0.00866680629336581 -0.0645144645851905
0.00712975717239322 -0.0281559622591427 0.0185843949994773 -0.0714884619401667
0.019770643948781 -0.0277698945863253 0.0456240098104186 -0.0619772427788195
0.0339085490418604 -0.0207398884262385 0.0587138096061998 -0.0262831154690442
0.0411041579388392 -0.00184678830764917 0.0412585637964563 0.00430443640386299
0.0411314671610042 0.0206347579910472 -0.0035836260422932 0.00659926494563206
0.032045336504042 0.0248876454970293 -0.0605266586704103 -0.0344089952161251
0.00456777388313061 -0.0131398198633355 0.067833913459622 0.032271384536276
-0.00936311401143852 -0.0117863374068866 0.0190209755537809 -0.0108226020510225
-0.0171495416736975 -0.00306244077649941 -0.038429585728138 -0.0116481248356404
-0.013083486280421 0.00566688011207065 -0.0657263081121401 0.0149893933551748
-0.00866918858970507 0.00575525265295503 -0.0591721855829358 0.0616825346350429
-0.0072774687468698 0.00481106944981365 -0.0249961020705175 0.0788066010495534
-0.0083884277637014 0.00345639475999788 0.00583714625080038 0.0714475820871618
-0.00749209962272209 0.0017699138935198 0.0302236810921245 0.0578639927184381
-0.0113487399603518 0.00180468034895679 0.0442399235053479 0.0420562034394701
-0.0135785691547369 -0.00185984918009848 0.0516291671059583 0.0299079422979162
-0.0116062167339163 -0.00489297369231158 0.0517702699474811 0.022747243042826
-0.012603978726598 -0.00914651289909612 0.0592467841050575 0.0189190507974715
-0.00701737884595705 -0.0133599216902527 0.0728197871784074 0.0163420921850616
0.00356129414938623 -0.0148970651399004 0.0795045495447603 0.0177878103598516
0.0114947674955384 -0.0121991221176663 0.0955053222829144 0.0173209213942115
0.0348961103944919 -0.0028052584821079 0.058838346268312 0.0383903222004509
0.0228744022636641 -0.00504966464142375 0.0128832375479836 -0.00790323902119244
0.0130238087748108 -0.0100656792503702 -0.0411530074368158 -0.00807174900728047
0.0097723520670609 -0.0131068104801333 -0.0669739293726434 0.0167447172978371
0.00428188846023632 -0.0182305162065216 -0.0610573659079108 0.0590529807421924
-0.00531061292204963 -0.0200258662708927 -0.0290986837529295 0.0746170230335845
-0.0149458454068441 -0.0180157780271929 0.0018364274570029 0.0689283688889442
-0.0165722089425587 -0.0169417127389504 0.024481390168474 0.0553000986137161
-0.0229766783713144 -0.0159484560769909 0.0387994432422855 0.0375009237121499
-0.0223183963571954 -0.0253577576636219 0.0475345338281431 0.0240136124723723
-0.0122607635983667 -0.0315140080588909 0.050550081297493 0.0165312421127116
-0.000828696931204392 -0.0382651359389779 0.0596207267768252 0.0121861282618956
0.0174644495834874 -0.0354096500217684 0.0712498701664891 0.0141822654236343
0.0370001944425526 -0.0215768086525656 0.0709730658205129 0.0131242853723045
0.0493113051733645 -0.010276727893218 0.0803380389036051 0.0098157568260972
0.0613659507221078 0.00847310967697909 0.0382046480711312 0.0372616526723103
0.0545734988343747 0.00283845676324327 -0.000112223385357047 -0.0116817664581303
0.0445725507434364 -0.0160929575845335 -0.0479182084674567 -0.00897008529660374
0.0324313135992178 -0.0317268511662112 -0.0689590073836469 0.0181487098903852
0.0150552715925599 -0.0418379660239265 -0.0585257829148833 0.0539983999700354
-0.00355216810940426 -0.0425237405405458 -0.0293270880195367 0.0638731871362422
-0.0202523336642551 -0.0372308394839358 -0.00412457852859306 0.0574708472774329
-0.0224989517571973 -0.0329820738183718 0.0155558319625559 0.044580561741707
-0.0311438285278082 -0.0307115013318184 0.0290603244959613 0.0266998395870612
-0.0286696756186918 -0.0440395023228683 0.0384670971626564 0.0130062193934226
-0.0122538748718187 -0.052740005387679 0.0453706009189631 0.00482535118226025
0.00736467607206995 -0.0622975712475791 0.0573623504891806 0.00389083551173042
0.035984364967409 -0.0536338312594041 0.0690108641815122 0.0112913792660063
0.0639036449942477 -0.0271480661997098 0.0581811791045094 0.0136036928902648
0.0796129920568858 -0.00684689346156739 0.0557721170316644 0.00609103520525566
0.0794354231873808 0.0157090667958401 0.0100668467995446 0.0277796413896059
0.0796871140731012 0.00622657929254271 -0.0187147547483349 -0.0193892892178653
0.0698895325126405 -0.0255759560666596 -0.0566712419626922 -0.0112522162950272
0.0496422785863132 -0.0516134074152175 -0.0691489397099018 0.0167181874291213
0.0216982610289184 -0.0615298356982201 -0.0537416612779744 0.0425768910645704
-0.00244074506195995 -0.0601482672640625 -0.0296010440495825 0.0463425707638215
-0.0232381471643579 -0.0508146541103134 -0.0110940070465941 0.0395769040923658
-0.0263545544071721 -0.0435650494025771 0.00357927309571277 0.0282090973813983
-0.0335261726239121 -0.0411618502577192 0.0161468669697273 0.010856456297708
-0.0290794882520516 -0.056772354498758 0.0268218472536515 -0.0023566367933067
-0.00977642703381003 -0.0663178348997221 0.0373671840166789 -0.00995093420284692
0.0157984381340398 -0.0772216331010075 0.0536525671953046 -0.0059828706403288
0.050132686319115 -0.0630922194851774 0.064608335887095 0.0103891563447111
0.0812249826884913 -0.0272629065948606 0.043759774636732 0.0162757071013391
0.0972083465898577 -0.00215288648600066 0.0249957786088917 0.00121118393125423
0.085376101478846 0.0188513556819835 -0.0230869843876242 0.0152177529873016
0.0912779467653932 0.00640844255610443 -0.0417126842200044 -0.0247264876601578
0.0829065300238851 -0.0333122895179792 -0.0641781323605406 -0.0133509497492858
0.0554623702076807 -0.0650803838358146 -0.0661412231854325 0.012142259383098
0.0225051472701151 -0.0719578769784132 -0.0475631941262328 0.0262507932706663
-0.00450434774536979 -0.067566267338052 -0.0309989397792549 0.0235679090086442
-0.0244008691291316 -0.0558800590795238 -0.0197985830889836 0.0169813086780998
-0.0250082040994407 -0.047525841867268 -0.00820051945819106 0.00797839998293911
-0.0305461765465807 -0.0468048664237151 0.00327092783415161 -0.00749352696349802
-0.0227124536130696 -0.0623782806113105 0.0158676628999767 -0.019994270132025
-0.000921910339097436 -0.0708520575368844 0.0310129980340513 -0.0258523282508473
0.0269434827240335 -0.078219422702697 0.0498874327211063 -0.015384965601181
0.0599907594415846 -0.0594967969909835 0.0582612266628457 0.0083689118163522
0.0880721122494117 -0.0181583706877604 0.0267329702734583 0.0199834909693322
0.0991038436407107 0.00770879302816142 -0.00586740165142938 -0.00344507148285808
0.0764885770704774 0.0185266700116225 -0.0563475126128217 0.00321726013074075
0.0856610337233872 0.0044395168784404 -0.0645939446156484 -0.0261932780498886
0.0790621478983958 -0.0347487388851796 -0.0688540226839102 -0.0146722955302492
0.0505026257380934 -0.0652909035436265 -0.0607876597011625 0.0053883555594591
0.0181487374329984 -0.0687377119941402 -0.0443145343026734 0.0056256292920477
-0.00520557833179294 -0.0633026397679304 -0.0347819361247617 0.00130323785347073
-0.0218185119256607 -0.0521269969195039 -0.0284055316656827 -0.00543838742468011
-0.0204600692166319 -0.044858755997619 -0.018859567946483 -0.0124824765956265
-0.0226044413280615 -0.0459234871826298 -0.00597485609470241 -0.0281503220215119
-0.0108966237110021 -0.0598085840574928 0.00911593454899278 -0.0390289763756838
0.0119511873617872 -0.0644649622016868 0.0290649399100772 -0.0407831793448308
0.0388746955379772 -0.0655916932216389 0.0488508736534726 -0.0217910367123523
0.0642903824581405 -0.0421550665612123 0.0504212749404083 0.00859964721937621
0.0827199969888666 -0.00250266579211825 0.0119269062614701 0.019051131280625
0.0873142209214314 0.017074118936336 -0.0323741567874094 -0.0119275865840394
0.0540376821829517 0.0158742887399351 -0.0835356984943493 -0.00719442541803827
0.0639436510753705 0.0049716620171834 -0.082424915192693 -0.022344772723784
0.0603909259752098 -0.0262246384793568 -0.0712710396661262 -0.0144040969756273
0.0373484901779563 -0.0496556992283759 -0.0565490375769756 -0.0028202582532439
0.0140267584012717 -0.0502847865714168 -0.0422856335368278 -0.0113898342884085
-0.00244408849267994 -0.047181259289572 -0.0403183001721212 -0.0175046898078922
-0.0139533122381305 -0.0403842680283692 -0.0360359365041293 -0.0238080922688808
-0.0124693840278421 -0.0350391423116544 -0.0251667836659122 -0.0315174069612226
-0.0114492964288002 -0.0378642211054134 -0.0107727303227474 -0.0475369437363515
0.000741672768907505 -0.0475963533443546 0.0101302849721347 -0.0569180875605437
0.0197455025986965 -0.048588193215244 0.0338985719880151 -0.0529978837264613
0.042338348456233 -0.0433725558740452 0.0506686989172957 -0.0258149657015863
0.0578851363103683 -0.0195893613712562 0.0433846346227691 0.00642181023224538
0.066061992535655 0.0124876437578528 0.000933490623960358 0.0138646193365824
0.0623738953204888 0.0238943486817351 -0.0506810406993366 -0.022606672318342
0.0215244010015739 0.0138647358622682 -0.0989358997010485 -0.012425064003489
0.0311624764843844 0.00833652137940489 -0.090478116608155 -0.016647200222713
0.0321144082496935 -0.00957515409241437 -0.0708882874295904 -0.0145628325275755
0.020476446122765 -0.0230286261750887 -0.0549771727851166 -0.00897682222136371
0.0101803175803267 -0.0228396773346812 -0.043940237916202 -0.0211342064491931
0.00325445376738865 -0.0237655574353379 -0.0450150388539933 -0.0275261274055614
-0.00372023115173649 -0.0222132982441547 -0.0405211034057405 -0.0352184991321509
-0.00347555108946628 -0.0199652471914552 -0.028031166475367 -0.0447415363273746
-0.00212792859255261 -0.0226646750231161 -0.00926943037542815 -0.0619848208392417
0.00705672120477084 -0.0272002263503483 0.0164320321003961 -0.0694028234511256
0.0180220221677664 -0.0273047279585821 0.0436104352077919 -0.0598611908602332
0.0320118805752958 -0.0206584656063958 0.0567295552730618 -0.0271083045053279
0.0395906476657171 -0.00200779530202003 0.0398147694762421 0.00359013010501974
0.0395655625268289 0.0194770861172577 -0.00323038541828163 0.00637634745324121
0.030838412798444 0.0234141373564373 -0.0591824208233565 -0.032153384136029
0.00452701189611571 -0.0126123544601668 0.0666443124995636 0.0318693093850507
-0.00888829908893309 -0.0122165463944665 0.0186975049819378 -0.0111880457423608
-0.0163168327753589 -0.00330498657474083 -0.0379777685377697 -0.0121950615427503
-0.0125920574124832 0.00494185954458736 -0.0649663397556885 0.0138032516535254
-0.00881396796089786 0.00514314421556336 -0.0588922613389148 0.0606321067467093
-0.00749114577281535 0.00458800734165896 -0.0249163392256686 0.0778258795424328
-0.00808979107021451 0.00381792095018469 0.00547003811414868 0.0702059475622503
-0.00766252726012293 0.00159805787402489 0.0300655110023255 0.0572250846832511
-0.0112339526687612 0.00164375735000455 0.0436021888551685 0.0412348136835472
-0.0133310118622856 -0.00243604943781051 0.0510883359072008 0.0296933204859794
-0.0112243206956501 -0.00511709731551053 0.0507186421696575 0.0234653766420949
-0.0118138426299657 -0.00883186480203582 0.0584823006747108 0.0190112314214542
-0.0068725552533661 -0.0132678565719973 0.0708170380132418 0.017136228943833
0.00382399053101242 -0.0147993441803395 0.0774881846669409 0.0187850299231867
0.0112602031260913 -0.0117911076626448 0.0945731184607547 0.018144600933669
0.0346092785234715 -0.0021946248278278 0.0575581680619678 0.0382513328991286
0.022941330358489 -0.00510001512288379 0.0123482149466976 -0.00762540733096649
0.0130793780240576 -0.00952127229120025 -0.0405147681284906 -0.00854723986666409
0.00957853820493578 -0.0125442622846861 -0.0666403039227883 0.0150964529018662
0.00388257422640111 -0.0184770296593397 -0.0611164207624429 0.057868130556542
-0.00534087679083665 -0.0196596766739844 -0.0293354068701664 0.0736727885534906
-0.0147746328290641 -0.0180553347053757 0.001004119333368 0.0678450683552777
-0.0160197710938301 -0.0166679012413662 0.0249222039553768 0.0541319860313953
-0.0224664842293064 -0.0161522639196668 0.0387970987654166 0.0366338243915609
-0.0221374239543854 -0.0253959808713546 0.047182858169602 0.0244682668993929
-0.0114142066710787 -0.0313891918083553 0.0498046152706396 0.016875443810439
-0.000290772328242056 -0.0379650353461237 0.0580583389286366 0.01340760981085
0.0171434119909418 -0.0342150563238099 0.0700336918252777 0.014130073744956
0.037255183662756 -0.0209383319203812 0.0692427265360509 0.0141510107497436
0.0488775190290214 -0.00912683351995221 0.079523796331543 0.0111395175170014
0.0601969145444248 0.009204982497156 0.0375998992692798 0.0364299042650086
0.0539537487738372 0.00313607490529216 0.000486124415973452 -0.0116610009550022
0.0435321048382527 -0.0158712843706722 -0.0473715841088932 -0.0102232906512013
0.0322765903347455 -0.0310404254938353 -0.0683456529250584 0.0163426477397504
0.0150221386521092 -0.0411701589860737 -0.0581558718106787 0.0525024741028268
-0.00308262635681776 -0.0425797312927397 -0.0297762828879788 0.0635545224132695
-0.0200899036052887 -0.0370007299990774 -0.00443767079753652 0.0569764499725383
-0.02239887326722 -0.032915949870275 0.0153733233940886 0.0438287049679983
-0.0303333145393846 -0.0304821208689872 0.0287903137076834 0.0263921036367633
-0.0280020639175914 -0.0439726189614862 0.0382930945702783 0.0128107063056343
-0.0119924665043568 -0.0521690859717919 0.0452843718006609 0.00553256327748466
0.00747568155253961 -0.0617139122415445 0.0566214122284952 0.00454124207826984
0.0360398449746464 -0.0526260780750884 0.0676876142995217 0.0112638065758926
0.0633919614155479 -0.0262379754739287 0.0567758832168057 0.0141922248114102
0.0782080658585347 -0.00579517731924377 0.0549785653413532 0.00655802677196186
0.0783822523961639 0.0165068659704019 0.0100207950883604 0.027156250503308
0.0786912631444103 0.00701920488642572 -0.0178978045965185 -0.0197156400942917
0.0687756985332545 -0.024145093399222 -0.0557828891666286 -0.0124354028323667
0.0489944662784944 -0.0510322178340588 -0.0677767313359525 0.0153479985637366
0.0217906337865241 -0.0607095771076214 -0.0530441005603196 0.0421823745393298
-0.00200765634042681 -0.0592448350739925 -0.0302422737769618 0.045374485910145
-0.0229279915108068 -0.0503428766245566 -0.0113807665748231 0.038819181513076
-0.0257592536250622 -0.0428695470448965 0.00349498771191356 0.0273796707713024
-0.0328330611870727 -0.0408450018183206 0.0166476864585467 0.0107241808824901
-0.0285218940336792 -0.0565273728447148 0.0270513529668367 -0.00207474646628834
-0.00929381986637172 -0.0656368412284681 0.0382444670004757 -0.00962095400064649
0.0157448985826976 -0.0760943566097008 0.0533580777535507 -0.00529144461120091
0.049627033503799 -0.0619372593610182 0.0633045238055308 0.0102376386196624
0.0810234166505587 -0.0260588183510053 0.0423781961630493 0.0160860700209092
0.0952970762230156 -0.00107266922822717 0.0251250436861688 0.00197988395629423
0.0835930422124831 0.0197297836270092 -0.0227449383632171 0.0140005544021395
0.0903043990465048 0.006608904798985 -0.0406732578595122 -0.02593221360721
0.08145757266328 -0.0323630484633606 -0.0633067108011705 -0.0147359445924096
0.0548442574626135 -0.0637343566707292 -0.0648209895557366 0.0108514151299147
0.0224491836545345 -0.0711543256701625 -0.0471299020444606 0.0258154622819148
-0.00410206402149645 -0.066735193702546 -0.031305724727909 0.0231437904395259
-0.0240499267873998 -0.0554916112533233 -0.0198343639229094 0.0169218510310325
-0.0244865565334701 -0.0475105473460237 -0.0078256109081572 0.00773982405880552
-0.029649721273572 -0.0462216729261464 0.00388373168017468 -0.0078385160213187
-0.0219895719779941 -0.062092126979745 0.0162554556338172 -0.0201907551804724
-0.000508066975985085 -0.0701649484569146 0.031156154274996 -0.0251313964242648
0.0275470352751192 -0.0771753780020384 0.0493657543763175 -0.0145328233815624
0.0594409444915413 -0.0580258406865523 0.0573624094262151 0.00814977621612396
0.0871743035725322 -0.0168442355189966 0.0263200396444879 0.0199432369541939
0.0972550168947722 0.00856983807610316 -0.00546248179415336 -0.00321857368382845
0.0757348415702013 0.0186694037700753 -0.0557429940303865 0.00203489240856151
0.0844256634634449 0.00518321719122073 -0.063558280194981 -0.0270733868294914
0.0779132187723104 -0.0336802957169694 -0.0681184336300941 -0.0156260365204055
0.0501032002749389 -0.0638650043694695 -0.059562778834968 0.00405537492339834
0.0179982459656349 -0.0676469658569005 -0.0435452214518083 0.00537104252906003
-0.0050921655251063 -0.0621526306233928 -0.034770858992373 0.000486272793049579
-0.0208658774871857 -0.0517645209178887 -0.0284924229696365 -0.00510476897900781
-0.0198291766019597 -0.0442141552272652 -0.0183668619603144 -0.0123624592305433
-0.0218273440939622 -0.0455051437272798 -0.00601734193222555 -0.0281375523698667
-0.010434072148072 -0.0588754560710385 0.0100449396680059 -0.0390490209387469
0.0118408543491653 -0.063762835537305 0.0293413711197659 -0.0402692931175162
0.0386746282800562 -0.0649382465201332 0.0482727059816115 -0.0210836300854184
0.0636415835258856 -0.0406999223239299 0.0495755587906784 0.00864964962778879
0.0817156901850865 -0.0012368896888447 0.01211224296777 0.018596751697326
0.0848397910625071 0.017755536880235 -0.0319583699918771 -0.0113168992094457
0.0534079653196697 0.0154643043651204 -0.0830085744908535 -0.00776009926442754
0.0627378755441616 0.00575265010346775 -0.0808252046524608 -0.0236515966275776
0.0594780393289915 -0.0254845668648304 -0.0695339489268617 -0.0156618963718337
0.0372149996102604 -0.0485447729750252 -0.0552333546215632 -0.00360123957912255
0.0137271301004708 -0.0497890988445502 -0.0417352485449411 -0.0120547414292717
-0.00224589643192077 -0.0465910002409791 -0.0397862863414482 -0.0180648267582413
-0.0137484624936171 -0.0391728358824774 -0.0362459359411059 -0.0236459638188976
-0.0120710773695487 -0.0348157428261131 -0.0251081726676766 -0.0314147997480984
-0.0113020776396594 -0.0372590336894891 -0.00983985079089269 -0.0472341049441865
0.00090036819621418 -0.0469052659358477 0.0105072555544863 -0.0561118679681726
0.0193798130964964 -0.048378130635897 0.0344341215779229 -0.0521444932088112
0.0413399286343035 -0.042931131593548 0.0506082824124214 -0.0250351335304033
0.0573697585803082 -0.0190004780185919 0.0428105389790207 0.00679856040886407
0.0645181044807091 0.0131853680341942 0.00146806653841168 0.0133799300202238
0.0606415147396622 0.0243250434849525 -0.0500538004416251 -0.0221974967195804
0.0210678657034263 0.0133859791007015 -0.0980867741147166 -0.0138159701036586
0.0304935528568674 0.00890286631027632 -0.0888735762741996 -0.0180598642905224
0.0311585634089681 -0.00933074553028329 -0.0693898828663373 -0.0156792426073625
0.0201063212958613 -0.0226219221695377 -0.0542780443997884 -0.0101540340666819
0.0104760800809889 -0.0227506235905696 -0.0436335720636515 -0.0216021095025714
0.0032383157606427 -0.0236005173912809 -0.0448447314490762 -0.0277407170479857
-0.00329826707121908 -0.0218963738571372 -0.0407414952764983 -0.0350651847079465
-0.00281554464354895 -0.0194405600992745 -0.0278328610881169 -0.0439379592257276
-0.00170805179714244 -0.0219759282735767 -0.00877878949998972 -0.0613396547694363
0.00701621048614775 -0.0271363068312933 0.0168321924071056 -0.0683499602916176
0.0179308837117768 -0.0269041701699277 0.0440600842020717 -0.0593651365320133
0.0313758616489634 -0.0200184811499066 0.0561378412121056 -0.0259119823505058
0.0392245716173261 -0.00148149710184824 0.039817488454009 0.00413081161283283
0.0384880334991271 0.0192846707504732 -0.00322549574492931 0.00655537636683225
0.0295084134935151 0.0228234410461589 -0.058290902406339 -0.0318729103639213
-0.000972952959402564 -0.0145803123288423 0.0747887837027133 0.00116420530983991
-0.0131264346152924 -0.00800307999026351 0.0124157464983181 -0.0179412348224745
-0.0158392914173101 0.00375804822205343 -0.0410048185190098 0.0057648795125181
-0.00819664814722849 0.0105372255369049 -0.0552441980612916 0.0414352171472775
-0.00433575606079777 0.00818593922127728 -0.0276711444238754 0.0819428542797801
-0.00424204154405376 0.00674104696813883 0.0104620450581377 0.0831114492720751
-0.00596605864240512 0.00683332430132074 0.0347265060206087 0.0632163080125229
-0.00675246088453823 0.00410826305268095 0.0526493269163802 0.039153335640156
-0.00997792910308177 0.00652908622473122 0.0587702536279957 0.0178571778635541
-0.0132833345434995 0.00350416466682067 0.0600796592099567 0.00497645864273323
-0.0123764463466241 -0.000518640688425676 0.0572641446691821 -0.000707357525336338
-0.0136283509724947 -0.00302493937623656 0.0622442166629609 -0.0080347487458663
-0.0108012102832283 -0.00905247166769984 0.0722786730859289 -0.0144372696496436
-0.00179953108628728 -0.0155202952478548 0.0797846918623773 -0.0133715531302015
0.0063879145451328 -0.0162541396026209 0.096391004846297 -0.021317298641764
0.0311178534086817 -0.01642880873977 0.0698135135648786 0.0102291504593946
0.0191386370958567 -0.0141242093033595 0.00821990017390833 -0.0131286427562644
0.00867724499279457 -0.0135204810226825 -0.0421121570001399 0.00798681757423729
0.00455752661240613 -0.0143836193854289 -0.0558986546683273 0.0418971435120371
-0.00266582918255249 -0.0182648993370839 -0.0310786020197139 0.0789799360294424
-0.0121097709469832 -0.0164261190545844 0.00450217435263777 0.0800724992689037
-0.0209243472421876 -0.010468217292101 0.0294408839138272 0.0619707944820459
-0.0227380402806686 -0.00957693404065312 0.046402243194261 0.0388018995892028
-0.0276896535874994 -0.00558358487088007 0.052332035761464 0.0159282853800841
-0.0314628774586704 -0.0149742082510622 0.0544352458302555 0.0008858562376189
-0.0239421583483465 -0.0252421744827845 0.054559858245323 -0.00634232278910832
-0.0153700115047401 -0.0347250329268407 0.0611461279914551 -0.0137654443948092
0.0023476808054122 -0.0387736024622614 0.0708702539855002 -0.0158094558589166
0.0268338074208455 -0.0354595300821071 0.0705309645182969 -0.0133930696104018
0.0425194345236053 -0.0307810060169197 0.0790994281774609 -0.0200631400478732
0.0600944325986554 -0.0157497196541396 0.0514968562983116 0.016198367302835
0.0505229076821828 -0.0183991298823527 -0.00426513785834821 -0.0124823821578389
0.0338091476687905 -0.0308390529029857 -0.0484179692080924 0.00781095044224872
0.0171304288626153 -0.0405738029446348 -0.0566218924074574 0.0415516095518981
-0.0017812650208926 -0.0439199978631853 -0.0317882137831272 0.0722775661604571
-0.0202736730796582 -0.0377299171655426 -0.00107638976464575 0.0702269185956039
-0.0335325550220426 -0.0253836082540099 0.0193524717453624 0.0537782482192793
-0.0348551526974102 -0.0223673844005725 0.0332441710097407 0.0332252683685525
-0.0410841973655993 -0.0156210362642312 0.0385571137097535 0.0101354377739309
-0.0448876685391845 -0.0297034237594589 0.0419309920225128 -0.00634944037578653
-0.0331098470204573 -0.0447718946926372 0.0465202321002506 -0.0155657192984283
-0.018224810681889 -0.0601178727456269 0.0580875211429294 -0.0210372341935604
0.0121748685797799 -0.0639858265748265 0.0691561083287655 -0.0168005224801149
0.0491401460228101 -0.051476203875736 0.0596385107290252 -0.00703746721763389
0.0719532286479218 -0.040662187721849 0.0534322057647507 -0.0121456609491001
0.0792935831447943 -0.0156045419509812 0.0229018328922551 0.017972326485236
0.0748230411954926 -0.0241756188636004 -0.02459415340212 -0.0132440856850557
0.0538522246900182 -0.0491145083623743 -0.0570210432372428 0.00793862922587663
0.0244370067523459 -0.0643956216259642 -0.0570219797204329 0.0393633743593689
-0.00428822209327065 -0.0635497890229809 -0.0319608464919632 0.0592812599546911
-0.0266079346814127 -0.0535227526055948 -0.00945069193057012 0.0536850414882592
-0.0420059927791888 -0.0370318861407761 0.00461048232678128 0.0399750661998777
-0.0420161865908597 -0.0309185996186129 0.0153090915543318 0.0231398413656573
-0.0479078788733494 -0.0247410859919734 0.0204797127524852 0.00168685030894618
-0.0504053936968262 -0.0411937460256839 0.0244630472823506 -0.0160173698181386
-0.0365143815858526 -0.0586031936615701 0.034004802060294 -0.0260797181876717
-0.016995542847994 -0.0768920896976799 0.051908575131154 -0.0289644778670626
0.0218175871590328 -0.0786227823297444 0.0649012610736884 -0.0165779877019662
0.0650476513901567 -0.0586565447557302 0.0472872526513932 0.00135923571188393
0.0896087018917247 -0.0438068575007327 0.0228400948761515 -0.00306734567520015
0.0862612426698307 -0.0144744836949461 -0.0134427819395293 0.0193823674946663
0.0853740840749427 -0.0289195138577982 -0.0477670888332912 -0.00954705982102207
0.0621493199516104 -0.061017518880739 -0.0646680691400688 0.00794678659529886
0.0245658148343558 -0.0790808561999933 -0.0558405768956788 0.0325747557862177
-0.00815003858190015 -0.0735890077445392 -0.03474955555011 0.041113428514706
-0.0313627152347437 -0.0593391103597562 -0.0201218144593227 0.0335217189117738
-0.0450474424658943 -0.0413270022859068 -0.0126759764667648 0.0228107576187829
-0.0426702213270146 -0.0350136265939412 -0.00392682343577621 0.009870770319195
-0.0466415981273613 -0.0310429859600201 0.000601750316484199 -0.0100108086134973
-0.0468245323736585 -0.0489156696580341 0.00666916446051203 -0.0272909900392189
-0.0300460188546342 -0.0662654026042238 0.0216798882264658 -0.0376496631316299
-0.00743514685040967 -0.083175026638213 0.0450337715218477 -0.0349559832430086
0.0321320648768726 -0.0789023324805824 0.0585039925849595 -0.0154582562090054
0.0749011936801662 -0.0527818093425666 0.0335282964432432 0.0116653062551101
0.0955339628660015 -0.0353244034617728 -0.00812881724197948 0.00516756511381637
0.0784871757322706 -0.0115123388151256 -0.0491698005671274 0.0220991711933488
0.0800664720944379 -0.0280717327511852 -0.0699731487462066 -0.000770175402605555
0.0580959269627267 -0.0607770978165117 -0.06936909496519 0.00942225095603378
0.0192693195654732 -0.0768759512359908 -0.0544665584741855 0.024505371024616
-0.0105362821103843 -0.0681632539107576 -0.0397358377563902 0.0215436048326816
-0.0308008353924854 -0.0546749165079269 -0.0334294715989245 0.0145976864208668
-0.0407332505989478 -0.0388099602104449 -0.0307940855131522 0.00659273918601693
-0.0367315853705256 -0.0338008122710032 -0.0224459971524122 -0.00449700682898653
-0.0391456077639487 -0.0334790006735251 -0.0167489523445932 -0.0243826632419017
-0.0348750600808143 -0.0508839770705027 -0.00684210737440476 -0.0414722234020774
-0.0160636378390713 -0.0656789995828777 0.0133427728797525 -0.0500834654564494
0.00855275271373115 -0.0761459015735519 0.0407696222070665 -0.0392164553694337
0.0432811155957571 -0.0649090611556539 0.0509388584507472 -0.0113016393243565
0.0764733449973975 -0.0359186685299735 0.0190331514566239 0.0164715944142078
0.0877560099445286 -0.0217457356532624 -0.0365163800613303 0.00729398709479987
0.0565572300548388 -0.00526481029812287 -0.0791834819033163 0.0250325682813965
0.0606904367320991 -0.0188078550961651 -0.0844325082535747 0.0103722783652922
0.0444005059908329 -0.0454682228246693 -0.0710947275111891 0.0115490141112469
0.0140138235888274 -0.0581279029864905 -0.0535937858751705 0.0165591485422721
-0.00718845762150843 -0.0502403646958114 -0.0455058224766937 0.00597323554931035
-0.0216045608500649 -0.0415875224864015 -0.046194303747386 0.000109654585989461
-0.0292392209361795 -0.0302768327258482 -0.0451020715967039 -0.00682707579909232
-0.025226949724535 -0.0276214536661338 -0.0366285717207102 -0.0182841028540581
-0.0254166335420878 -0.0301521573414857 -0.0295007880076399 -0.0394557734025108
-0.0187679362014747 -0.0444023809545905 -0.0138935683073627 -0.0570618891887673
-0.00242699383841622 -0.0534779953473859 0.0117343972231358 -0.0622953384553158
0.0198270160260597 -0.0577211879549466 0.0403297196883242 -0.0434274307629697
0.0464927237445481 -0.041445579060684 0.0436502912304477 -0.0107906234249041
0.0661155790458156 -0.0154341693467567 0.0057036985987233 0.0153651818084494
0.067404640791107 -0.00434482538396257 -0.0581686426958191 0.0034032027035678
0.0258509197264054 0.00543820506963856 -0.0966630798771943 0.0272236802438794
0.0326280973708709 -0.00320700393990496 -0.0896919387659151 0.0201219682061924
0.0251095728336968 -0.0203219196494841 -0.070648680843268 0.0126180930984443
0.00913069260298429 -0.0274850838306697 -0.0541122742321395 0.0120519429715701
-0.00012984297895722 -0.0242806521935091 -0.0507407765107113 -0.00130729673749673
-0.00760780429286784 -0.0224781194145879 -0.0539184258074865 -0.00669392007298002
-0.012479542782694 -0.0187743367722087 -0.0536445552229473 -0.0150051265475877
-0.0101317963795098 -0.0170538430620685 -0.0445362821705644 -0.0285163864518049
-0.0104212133373989 -0.0203988135705287 -0.0348877302951025 -0.053178885643597
-0.00464511648505881 -0.0286622366742546 -0.0136627147605838 -0.0706229624368941
0.00492460312430008 -0.0329228555792327 0.0164605946907737 -0.0723963289757372
0.0209322347664686 -0.0323156241058529 0.0430947097955147 -0.0462383296482234
0.0368721464944912 -0.0176166122136631 0.0390355030505341 -0.0110398699332134
0.0436035944372057 0.00122412837180653 -0.000744643062833563 0.00953112530919292
0.037519458036032 0.00849216666746176 -0.0689710890746872 -0.00360756387376089
-0.00088915989057122 -0.0148309818492758 0.077976629068926 -0.000739591526763651
-0.0140461540814972 -0.00819009317978034 0.0119444163608949 -0.0186014110542331
-0.0162343135719523 0.00412453571251166 -0.0426356469943356 0.00632142805140243
-0.00835960438164026 0.0109979955226618 -0.0568090682686657 0.0438115146807854
-0.00428357216721335 0.00851041725094539 -0.0265197668094503 0.0848225055718709
-0.00417417096116703 0.00735489024057416 0.0128702841729855 0.085425320332527
-0.00573142357175741 0.00746887703621998 0.0375760381920759 0.0646089557625398
-0.0075495898464725 0.00469066287492125 0.0552484544432343 0.0392839197680275
-0.0101629386745241 0.0067875448316126 0.0612411500675593 0.0169599362510332
-0.0134789464988468 0.0038964114378058 0.0625011383641112 0.00388438484953243
-0.0127746638574864 -0.000549506732460841 0.0591564048988638 -0.00161815644138334
-0.0139425238483576 -0.00289902557794536 0.0640856219440294 -0.00911139738354643
-0.0116957035677143 -0.00931387271087137 0.0732837593912884 -0.0164851175084436
-0.00188352580547374 -0.0160972912440714 0.0818977965023569 -0.0149813717092602
0.00616846900525033 -0.0166862725792422 0.0995625001800384 -0.0239229080578794
0.0320517368783942 -0.0175707719580864 0.072219923116196 0.0083474000697623
0.0193056066149134 -0.0148651859372006 0.00833118711294034 -0.0140566988811199
0.00851629507399463 -0.0144091739805122 -0.0435445098661677 0.00896176916914857
0.00442408343580212 -0.0152383264498242 -0.0572026039064016 0.043927338977786
-0.00349963927461084 -0.0188550914715345 -0.0304384959003319 0.0821475781494972
-0.0134257797811067 -0.016947362130914 0.00645725695914816 0.0826271766901134
-0.0218856575256236 -0.00983831894193486 0.0319512517207974 0.0631953754885019
-0.0240717462478755 -0.00969270410048434 0.048890951620206 0.0384366208934062
-0.0291186421370943 -0.0049712159964249 0.0544737558416749 0.014680439617699
-0.0329622203827887 -0.014878186770349 0.0562606434639876 -0.000523600947543773
-0.0251337283027473 -0.0256365967116651 0.0564260751261757 -0.00795207810334027
-0.0168168360727412 -0.0355991811320508 0.0634837247290821 -0.015096436255992
0.00196614483467953 -0.0403548151883262 0.0720983067526701 -0.0179183222025944
0.027228627531333 -0.0369467978816535 0.0720963543761664 -0.0146402226089623
0.0438313990611333 -0.032202731401166 0.0816432130971175 -0.0221106019848594
0.0615263265635196 -0.0174152898745461 0.0539298107295119 0.0148846999719629
0.0518303849517334 -0.020552324864153 -0.00455107532764094 -0.0134175137378042
0.0339299011340015 -0.0330517482468164 -0.0499075661849712 0.00823664433742626
0.0170736183331179 -0.041841903136999 -0.0577465812603756 0.0437791216135423
-0.00345664250749488 -0.0446461494461106 -0.0306133650455953 0.0751364035014061
-0.0214047974945332 -0.0381228385040159 0.000624678357724384 0.0722157351789018
-0.035202707935965 -0.0254273775035948 0.0215674687911673 0.0546913742204684
-0.0368504742281956 -0.0220692647515254 0.0355753960638481 0.0324370005987517
-0.0431201399917972 -0.0151804241395096 0.0403849104827827 0.00890872031458112
-0.0476173182813027 -0.0291752442651241 0.0435604429889479 -0.00796203453923686
-0.0352254766745557 -0.045505275425659 0.0482247466668144 -0.0171466183879986
-0.020054697877406 -0.0619207946284016 0.0594656250104298 -0.0227152033178751
0.0115695510651084 -0.0661065235507178 0.0699412835616039 -0.0191427740182302
0.0499911943780272 -0.0543203692644441 0.0610636559407692 -0.00785880579427103
0.0734282041463812 -0.0426932247061831 0.0556626036676216 -0.0134107738418122
0.0817532970042347 -0.0180222987635258 0.0237947022594992 0.0171912931817135
0.0767714158536953 -0.0270034705406618 -0.0249851205970766 -0.0136802367024895
0.0537531323972891 -0.0516250376301713 -0.0590160058821621 0.008226879597767
0.0232038834516914 -0.0666238015530985 -0.0583569366536317 0.0411643393924033
-0.00634077435437108 -0.0659091428197525 -0.0312962375054241 0.061709970245757
-0.0289291438066478 -0.0544590189463911 -0.00835067079689897 0.0559030756167369
-0.0437886044616013 -0.0369792657288082 0.00593577420384285 0.040768908861835
-0.0445582725300386 -0.030666346744747 0.0163404002275439 0.0230588836108797
-0.0498637112098852 -0.0243781757163677 0.0210809179298646 0.000190024522727584
-0.0536156667410823 -0.0410318489556297 0.0256727927324058 -0.01717807999681
-0.0388750694934018 -0.0592041808757059 0.0351162666181421 -0.0286139646345112
-0.0190880314802224 -0.0794730316380142 0.053042295838875 -0.0303811030005778
0.020654883222126 -0.0811167078430894 0.0666750378440484 -0.0187234901227774
0.067029845489779 -0.0625085629225656 0.0485107203951408 0.000709647236598006
0.0914643814962205 -0.0468484223851026 0.0240242504031854 -0.00318476482856799
0.0884863174801139 -0.0171091786198619 -0.0138087912683563 0.0197927113432625
0.0878744467657233 -0.0313938629840691 -0.049446580794019 -0.00977630795179071
0.0623997123596894 -0.0642435447575618 -0.0667797134797742 0.00939146235743305
0.0229444464570612 -0.0817739441060134 -0.0574987420174815 0.0342657115174166
-0.0103129485510725 -0.0753862447741698 -0.034021362993876 0.0435858777620784
-0.0340830573814621 -0.0605682134821517 -0.0203590380880327 0.0354920104433743
-0.0474840226686586 -0.0414457652039578 -0.012757820267223 0.0240538444255254
-0.044858019309298 -0.0353772073051083 -0.00415205620914632 0.0101876520906275
-0.0492266305242878 -0.0303867451849685 0.000563161862554284 -0.0109927978137627
-0.0498898456081898 -0.049311799663142 0.00675230200661136 -0.0285517629640654
-0.032994846920101 -0.0678949695091792 0.0220344787321207 -0.0400660000183753
-0.0102959743367613 -0.0857505712460372 0.0463506486788972 -0.0365789297216661
0.0313955224715369 -0.0819298489506185 0.0601455824845574 -0.0167562568512286
0.0763696401635847 -0.0563040563303798 0.0345553477331381 0.0117601535353921
0.097203149593938 -0.0381405284993054 -0.00821041750575109 0.00547477749811052
0.0803833212268726 -0.013792573633414 -0.0508659032974476 0.0236672652359492
0.0825031199423735 -0.0304087228784737 -0.071928761218463 -0.000279784035004362
0.0583416533562234 -0.0634429608773595 -0.071880422081853 0.0100955971233187
0.0185991776299633 -0.0795807459383025 -0.055987586587404 0.0256510199624037
-0.0128163814025474 -0.0703304039995294 -0.0399868144811412 0.0225844258038353
-0.0329062746932226 -0.0558935799059279 -0.0345354625577726 0.0155013494519462
-0.0433427283822034 -0.0389261345123637 -0.0312459066272324 0.00759682079249765
-0.0388463143673274 -0.0346475354598435 -0.0233205036874599 -0.0039774160365177
-0.0408063030582177 -0.0334356175998415 -0.0179566321989598 -0.0253492137265543
-0.0376195884351772 -0.052002509717308 -0.00795577908090214 -0.0429014877058673
-0.0184595968252316 -0.0673083001782813 0.0131044138854226 -0.052288250559279
0.00632317471312813 -0.0789974632619006 0.0415119555846833 -0.0415300384280626
0.0434447493910267 -0.0675616934646842 0.0529740314407836 -0.0134211223644327
0.0783738586639997 -0.0387655894312374 0.0198494386619569 0.0163543134644483
0.0898076311821384 -0.0233617219198106 -0.0373306071297115 0.00837686026471955
0.05794733592077 -0.00706201916411962 -0.0819634559924541 0.0271497040869819
0.0620956144430203 -0.0207422929222687 -0.087053123250321 0.0118810202064403
0.0438859104413677 -0.048044603668354 -0.0733739822947108 0.0121345047405162
0.012842983738466 -0.0599469384677603 -0.0547353857592537 0.0174588228344468
-0.0091618673630417 -0.0512751158622509 -0.0469351654920439 0.00667303788673532
-0.0237076355623486 -0.0422404542302377 -0.0476726716922767 0.000991158508762406
-0.0307552693894296 -0.0303882209553266 -0.0466468500990619 -0.0062714029818798
-0.0267967887646595 -0.0283998954093418 -0.0386560163829837 -0.0179123220182962
-0.0268599668072968 -0.0304073592618787 -0.0314956148282973 -0.0404650692857668
-0.0208103854145491 -0.0455996317836326 -0.0155786723826242 -0.0586530119907722
-0.0034783192552869 -0.0552158295606671 0.0111222009017859 -0.065398226474635
0.0191962846005726 -0.0597574732277235 0.0404424312114819 -0.0455332878859236
0.0470732057640334 -0.043308620473801 0.0449581091859505 -0.0119408656644583
0.0678906591332992 -0.0167881144372357 0.00701794191014357 0.0154637564695857
0.0692267180994561 -0.00559998237570879 -0.0596781934838754 0.0053741018740543
0.0265385847431469 0.00460851931526596 -0.0999070591477098 0.0309150501984463
0.0333411723676064 -0.0038076834657252 -0.0924342787298162 0.0224126829237191
0.025060311222797 -0.0208598818136037 -0.0726566241974844 0.0143554855980833
0.00863945522454171 -0.028396260136208 -0.0559236763741942 0.0131398859505827
-0.000644515381958181 -0.0248840832278376 -0.0524169551984831 -0.00100484874140269
-0.00869343794997894 -0.0227043879091345 -0.0559803928777846 -0.00539106779316999
-0.0132301909422409 -0.0184164987196604 -0.0561895940702108 -0.0140918079730897
-0.0107233278208252 -0.0176280486199164 -0.0471483480412993 -0.0283543147583411
-0.0108743391833801 -0.0206283849532217 -0.0376186736149954 -0.0540204484285007
-0.0057042711826106 -0.0292639286196405 -0.0162235302195166 -0.0724089041859224
0.00479151382602285 -0.0338486567878072 0.0155273114818434 -0.0757167956797932
0.0212056431110449 -0.0335581612828981 0.0433801558836485 -0.0484464322812553
0.0376740667554069 -0.0189189656668472 0.0401104763633729 -0.0123748244655118
0.045390968463507 0.000862787162160219 -0.000758012937417872 0.00902975154517591
0.0382860663234513 0.00821355667169941 -0.0711729113841653 -0.00190144234841022
-0.0020848166438791 -0.0149896820029167 0.0788222250731892 -0.00489586892454458
-0.0147291519913788 -0.00777625804797236 0.0111606286918066 -0.0202875397434968
-0.0163859613771919 0.00526019690149634 -0.0429189248163732 0.0082495565587916
-0.00769460333580101 0.0116714330784251 -0.0561637755773033 0.0471811859170199
-0.00437203422785927 0.00886730349959846 -0.0227470117531143 0.0876579542180441
-0.00430922852177291 0.0075059015052764 0.0181374505536039 0.0863132643504097
-0.00580555056457541 0.00813961814323091 0.0420566486092239 0.0632847141718451
-0.00795390841029801 0.00478977001169425 0.0587786515994826 0.0366634946070637
-0.0101477232882911 0.0077342027916686 0.0636404979853921 0.0132541421236312
-0.0140595736897405 0.00435498963858585 0.0641435969939434 0.00058924782809483
-0.0125431233800834 0.000133316632681017 0.0604937039583074 -0.00428895974767771
-0.0139821028964609 -0.00206619905901023 0.0647956178246081 -0.0123502662018896
-0.0121445646381344 -0.00854276131254983 0.0735747236224253 -0.0195089969932764
-0.00260707098335622 -0.0165544711667493 0.0824620942768703 -0.0185332221193817
0.00586394414213784 -0.0170351150000527 0.101415801723987 -0.0295313859984311
0.0318113420178125 -0.0194102518826697 0.0744061901453328 0.00382811961901327
0.0187302142284442 -0.0164077678273196 0.00776972007606385 -0.0151895167972511
0.00711194169336853 -0.0152767052499833 -0.0445475150364853 0.0106617659035994
0.00360018597974891 -0.0152989205933679 -0.0564641471233645 0.0473884604557391
-0.0047372540192326 -0.0186343147113404 -0.0263489423850882 0.0848263734670142
-0.0148072729972626 -0.016049329299678 0.0112583571175047 0.0835787420217423
-0.0229155879921209 -0.00843948978862606 0.0367264885598349 0.0623029142627182
-0.025121931767253 -0.00871844815994875 0.0517820261850684 0.0364805099370594
-0.0298143742790994 -0.00359085923748295 0.0565095976878762 0.0112516954732223
-0.0348193279347128 -0.0132724357885518 0.0574979747697996 -0.0034914177242927
-0.0267618365097363 -0.0249266207619105 0.057907642498595 -0.0111404718323098
-0.0188582711492874 -0.035305052659973 0.0633655679209216 -0.0183173950176244
0.000282811201574335 -0.0407445879687591 0.0724297615141752 -0.0215559268476075
0.0263208220844982 -0.0392704581162988 0.0730498485959303 -0.0179166592786311
0.04306603468794 -0.0346586356754067 0.0831876127733142 -0.0269936894532017
0.0619724537127704 -0.0207340704697367 0.055159593152625 0.0118372541148481
0.0520684786979394 -0.023499257312411 -0.00509565513465862 -0.0143862434444997
0.0321242881771698 -0.0350909762540294 -0.0508480329004736 0.0105358162072171
0.0147361133724572 -0.0429973213377362 -0.0570553225632329 0.0470973214950156
-0.00630248415691166 -0.045301187779537 -0.0272281162909415 0.0781449979629704
-0.0246502670708466 -0.0380400223820228 0.00459878434107744 0.0737128390091225
-0.0376371977806503 -0.0238895155571718 0.0249581823014731 0.054502387824757
-0.03885696808729 -0.0208745810736307 0.0377851205920026 0.0307214472342386
-0.0446704832948616 -0.0129155730422019 0.041772448132419 0.00583469730501507
-0.0501866219863962 -0.0271314915070135 0.0445268355851901 -0.0108067097548918
-0.0382490161101252 -0.0445625724545774 0.0491090050901004 -0.0206173330050198
-0.0241912216006317 -0.0625119879979157 0.0596898262099713 -0.0252619925149884
0.00844364063244582 -0.0677977376368882 0.0699585992920775 -0.0232460224420206
0.0485842140225009 -0.0581498430222483 0.0620516542510133 -0.0111092810180144
0.0726141423703054 -0.0473425564876286 0.05650353209929 -0.0166747241686172
0.0823005987223291 -0.0226439231264123 0.0250030426494712 0.0157033065098391
0.0768695371827239 -0.0311379607292277 -0.0261197610616367 -0.0132559733126574
0.0516563124602628 -0.0551646891860299 -0.0599475044376289 0.0110008255201524
0.0199277946650781 -0.0690435397505658 -0.0574863599092798 0.0440660976360614
-0.0102690268735757 -0.0663846593428957 -0.0291365344315039 0.064247886904798
-0.0329638773269336 -0.0542542293429543 -0.00553442480220493 0.0569178391254129
-0.0471089316637719 -0.0351478742769637 0.00824676528196156 0.041294938343358
-0.0473013572585982 -0.0288899549294606 0.0180847428722813 0.0222491853406278
-0.0518849363397358 -0.0221148280319429 0.0216192000053295 -0.00158640879103258
-0.0573154091558438 -0.0388724945634257 0.0252449521434326 -0.0192712425361769
-0.0427811211936767 -0.059395919136926 0.0345893592337274 -0.0312651915737378
-0.0245084827195925 -0.079966283519318 0.0523054910026223 -0.0333991058025847
0.0171558408605895 -0.0837615755248719 0.0664702488173313 -0.0231169652421559
0.064765112559331 -0.0667719948865879 0.04977375400319 -0.0016231552390381
0.0905213228990027 -0.0517085949288921 0.0252204949108525 -0.00387636493272388
0.0890876405669666 -0.0220861612207219 -0.0125618716815164 0.0204430081302524
0.0881229609460573 -0.0366161302238544 -0.0506859968171804 -0.00813252621315798
0.0594644607401693 -0.0679736810615153 -0.0680598562204042 0.0119361770377525
0.0193469157878477 -0.0839049684139558 -0.0572212976935462 0.0368968143344316
-0.0147365651453812 -0.0758507412733911 -0.0328912162532714 0.045881125793486
-0.0383055527078528 -0.0597124126374186 -0.0187393235293951 0.0367096974948719
-0.0506625725918077 -0.0395934670440306 -0.0113533759343498 0.0249956912430194
-0.0477050786044489 -0.0337203206221328 -0.00399333027134544 0.0104997550938841
-0.051397790279028 -0.0290458096817619 -0.000465912006074668 -0.0121163332131977
-0.0540467683944559 -0.0477957562586624 0.00587426680558429 -0.0295185106392941
-0.0370865855394399 -0.0674420386788807 0.020950332431344 -0.0425774454341433
-0.0153569837846914 -0.0868612614291321 0.0449594506176522 -0.0395416043879758
0.0280463361415356 -0.0847321436396852 0.0597391886845347 -0.0211176079689682
0.0757414924712959 -0.0613564852220603 0.0359824380713016 0.00968819305723298
0.0968834483641685 -0.0433326472133558 -0.00768442078203715 0.00657334156640981
0.0807879611615725 -0.0184244900424874 -0.0504367744674953 0.0264056251192178
0.0827506382329671 -0.0355409086556912 -0.0732123589914716 0.00279446693428679
0.0556529213407547 -0.0675391991129385 -0.0732022937590019 0.0135104326855886
0.0147332669326729 -0.0815351364567935 -0.0562310431911151 0.0284483037441873
-0.0171507129708591 -0.0707438990089995 -0.0399120321423471 0.0249315439784599
-0.0370001156738042 -0.054977631910798 -0.03451261928974 0.0178588139274273
-0.0467239158217758 -0.0365272402434395 -0.0312891570700084 0.00934715570930315
-0.0417878492478801 -0.0330233967312372 -0.0242819076896715 -0.00268060314040287
-0.0432641896735463 -0.0312563600326093 -0.0198137945483101 -0.0250829125608671
-0.0417124467604611 -0.0507161854134682 -0.00987808903741809 -0.0433591309870446
-0.0224321992996459 -0.0673727268382888 0.0112530045786275 -0.0545520867870143
0.00230918093653878 -0.080501943476573 0.0400830994126202 -0.0437459529385797
0.0408588870671717 -0.0708645415830867 0.0524846533214834 -0.0166870294903509
0.0779410127142917 -0.0442210520445667 0.020854750439898 0.0156092277232619
0.0894230122054004 -0.0286243356533278 -0.0372913295241236 0.0114711637942748
0.0584488814756305 -0.0104114085336191 -0.0820566203627503 0.0315480106637723
0.0622870136613439 -0.0246504003077271 -0.0883083206348992 0.0160931866923547
0.0420428945970773 -0.0505575575994137 -0.0741342604074242 0.0155789523737874
0.00953424629991812 -0.0611404101430475 -0.055354631622009 0.0199930721596471
-0.0118763739106522 -0.0520078550450743 -0.0470721683563358 0.00938431419100683
-0.0266063441740235 -0.0414608724797483 -0.0489002072683727 0.00321613821520324
-0.0336237408543767 -0.0295388938342883 -0.047846592929622 -0.00361241942845947
-0.0283171556765581 -0.0279285749854272 -0.0405002594072229 -0.0161268111941909
-0.0287687944621338 -0.0294742223636346 -0.0343540978743811 -0.0398245653729164
-0.0240917529559531 -0.0454082994262787 -0.018772975926557 -0.0586649359844216
-0.00713999696807234 -0.0558903994703434 0.00829865255464084 -0.0673440590109368
0.015700017793506 -0.0615877576726642 0.0392756989386955 -0.047871870083228
0.0455586389096919 -0.0468967428828146 0.045172789313553 -0.014660225368784
0.0685027301157049 -0.0205997481217552 0.00789020514021783 0.01496713483502
0.0700383729252449 -0.00911848000994128 -0.060432557456768 0.00894731769510616
0.0269173006579217 0.00333794107035426 -0.100608854048061 0.0361219633394584
0.033702792619621 -0.00579538591162624 -0.0930084495590166 0.0274509199281374
0.0241225133100987 -0.0229035097462102 -0.0727357133847248 0.0170426227765052
0.00669193213037832 -0.0293098501233202 -0.0561693862206195 0.0158151391293534
-0.00213794957679846 -0.0255919871722457 -0.0541464007818504 0.00186036837778753
-0.0100607197909966 -0.0226100799372593 -0.0578537113191509 -0.0025770069485303
-0.014280620896671 -0.0182792715222629 -0.0580498813459228 -0.0110720159659942
-0.0121012268170174 -0.0173957317480338 -0.0496136691005737 -0.026107304412396
-0.0119438517518375 -0.0200488338821691 -0.041338208688005 -0.0527212240198974
-0.00750531784866891 -0.0293605055828748 -0.0202391853306317 -0.0728455595117603
0.00330448118754575 -0.0344230042135637 0.0124056829600075 -0.078528531051413
0.0193177234039591 -0.0354514213697548 0.0418328227034686 -0.0511699948425275
0.0374689096782601 -0.0210069688676475 0.040411515771774 -0.0143380677148771
0.0459383808676352 -0.000817858330910808 -0.000131410298638339 0.00941661043370683
0.0389199540976446 0.00682136021491704 -0.0725473720059615 0.00218639268278623
-0.00257047137494702 -0.0140422140792153 0.0775838908851534 -0.0101785258166815
-0.0151750334743168 -0.00670140446471396 0.00976075648938453 -0.020747401349948
-0.0162324179492082 0.00568461550537168 -0.0422229857506316 0.0106911471522741
-0.00667418899130556 0.0122049388385029 -0.0536844501086912 0.0497437849636776
-0.00392365597643781 0.00910025477566765 -0.0169506180217203 0.0866582016965145
-0.00374733423328769 0.00747568426208909 0.0228608084490015 0.0840295217140554
-0.00476209273291491 0.00820466407226549 0.0450288512097549 0.0603672592789053
-0.00750168408606209 0.00562243807057134 0.0608501225030228 0.0322437542160078
-0.00972597512240833 0.00775223573346624 0.0633824121009243 0.0087224036728463
-0.0139820852960375 0.0051369510085559 0.0643952766856211 -0.00313763538435883
-0.012596274641069 0.000552048863341198 0.0599511249142216 -0.00759614577431253
-0.0137007346913665 -0.00131895582296817 0.0634796174754141 -0.015286895466005
-0.0121434712747771 -0.00753490233580478 0.0713452083300663 -0.0227147459874708
-0.00387087813747558 -0.0162176934501683 0.0807100514952231 -0.0222206781002034
0.00509943200462939 -0.016559938123491 0.0990130499810575 -0.0353947940104449
0.0299977108888401 -0.020741244636692 0.0736938204926264 -0.00088049192356375
0.0171626613298502 -0.0174664166970485 0.00673037189375482 -0.0156987930611968
0.00617781204610198 -0.0153740936656202 -0.0436810361391497 0.0129092883271075
0.00293925411381475 -0.015059996361057 -0.0538288929623183 0.0497445238296669
-0.00593311687050864 -0.0178632867935366 -0.0212130729652515 0.0848507952390624
-0.0155420903592328 -0.0153325300388026 0.0157450949795554 0.0821617678899525
-0.0231765416025386 -0.00746692597589591 0.039735991513853 0.0596936700925192
-0.0259292554459148 -0.007076831723917 0.0535575140331758 0.0324806830638486
-0.0295627641854558 -0.00146749056293872 0.0565623839342364 0.00695342778066208
-0.0356318684352185 -0.0109392436698525 0.0576643722544365 -0.00729547562967779
-0.0276569824248403 -0.0237220481944237 0.0571379164391709 -0.0142341229634102
-0.0208160591064364 -0.0343097965545948 0.06197150096116 -0.0216443324919525
-0.00220011305907458 -0.0401731658733707 0.0695255888865656 -0.0251585896471511
0.0242355886084986 -0.0407641075834681 0.0707815643255991 -0.0212369650298939
0.0402080551267211 -0.0362432144440487 0.0811176473754925 -0.0312228519704399
0.0601276055716517 -0.0246141555411194 0.0547923921508734 0.00757178591098764
0.0499998231272583 -0.0259661568601607 -0.00594483539518371 -0.0138525988405284
0.0294339604153168 -0.0364251636376509 -0.0503012503114951 0.0129630086310072
0.0124023129024094 -0.0432884398331786 -0.0542161059025449 0.0495778693875518
-0.00919284801547938 -0.043839550957135 -0.0220314575321192 0.077754065913255
-0.0268458572662314 -0.035762517847872 0.0088972130751491 0.0724126715290764
-0.038632739231782 -0.02097840067291 0.0279116905235481 0.0524438219874219
-0.0401445208959662 -0.0182457547103551 0.0391161022400395 0.0281417115516234
-0.04509625943375 -0.0104042287961998 0.0416123277129304 0.00270032094571184
-0.0515578355112795 -0.0237809881279701 0.0433489020865308 -0.0138605088689797
-0.040792776504647 -0.0424421485454924 0.047018891021168 -0.0230668472045831
-0.0273136536857148 -0.060007969112045 0.0577552738346779 -0.0286874694427229
0.00476813486842124 -0.067102509032193 0.067348034195833 -0.0269553968443955
0.04479718489494 -0.0605714494350837 0.0604687089375082 -0.0138908228115847
0.0686373913107953 -0.0503813073183761 0.0553735027835539 -0.0194223691581082
0.0798428609185206 -0.0275325740017463 0.0253056770784979 0.013500009711851
0.0739859842096888 -0.0352194813627039 -0.0264797423201046 -0.0119059866745691
0.0468691488800604 -0.056834223864451 -0.058783543528701 0.0137039021758582
0.0157262037447849 -0.0688204883891708 -0.0548959481613221 0.0461142656696439
-0.0144042917821277 -0.0643389993711569 -0.0247070831818713 0.0650343489709487
-0.0358625842905434 -0.0510815629334218 -0.00192493742297015 0.0563925965112817
-0.0489418744787453 -0.0318110608994044 0.0111027057937762 0.0405267115893209
-0.0491241802794736 -0.026026369867504 0.0189840036114604 0.0208930288022867
-0.0527791592007026 -0.0188274712329309 0.0207099657477396 -0.00350671695030895
-0.059504130036849 -0.0350662438438252 0.0245377881052567 -0.0209826817208049
-0.0461542611617291 -0.0559787024675055 0.0331858909307677 -0.0336924114482242
-0.0288894878068536 -0.0774203264556792 0.0501673407463561 -0.0356912969568995
0.0123033310309903 -0.0833363352546796 0.0633940794734683 -0.0264342925024794
0.0601573374453119 -0.0697352349909628 0.0491739320911951 -0.00450185474828727
0.0860290234748501 -0.0555605833207587 0.0252428303270691 -0.00538598915704605
0.0866344209134336 -0.0272382675279818 -0.0117792104801473 0.0200652667094334
0.0844698807724186 -0.0414624632837663 -0.0505342026881886 -0.00540115666731547
0.0542404651006754 -0.0704485137324559 -0.0670290219115783 0.0152349500344562
0.0140762110805922 -0.0835771259461391 -0.0544808183894926 0.0393958463768593
-0.0193100863541356 -0.0736057528304719 -0.0294966001117247 0.0463837202070223
-0.0413873007589259 -0.0563537048942549 -0.0168679686103418 0.0369801308372936
-0.0527486936497447 -0.0356875981351392 -0.00951892572491575 0.0248658264885442
-0.0500302252381119 -0.0305059749244893 -0.00275646145502556 0.0103299598259931
-0.0525308420454879 -0.0254482500703145 -0.00106147878963866 -0.0120247231056657
-0.0564438645189627 -0.0439535089454651 0.00401578104713357 -0.0301553649272569
-0.0408281521155813 -0.0644613128138904 0.0183278765791525 -0.0437454022864334
-0.0208142007890848 -0.0851928388484758 0.0425848545681025 -0.04114884245386
0.0228054839686991 -0.0853121686429545 0.057052534371469 -0.0244004167681334
0.0714804480073278 -0.0649308744974919 0.035867026221559 0.00726589701013494
0.0932469500777353 -0.0480808331144651 -0.00659821472140841 0.00698690387698985
0.0786209088003019 -0.0236034964765153 -0.0488234942005551 0.028535596237223
0.0793628664351686 -0.039573187998392 -0.0719554089158986 0.00644672102866919
0.0500264221981867 -0.0696015191758608 -0.0716731344685735 0.0168060693424286
0.00916813582906897 -0.0812033478083955 -0.0538202139647248 0.0307061115895003
-0.0214229435862909 -0.0688373649190654 -0.0379684317023253 0.0264225789217687
-0.0401717904513039 -0.0519372053146423 -0.0332104354096082 0.0191657320323414
-0.048407541215862 -0.0338777132730028 -0.0305422077298647 0.0109895887041688
-0.0434056654592804 -0.0305241930629582 -0.0239098534880828 -0.00116429355452023
-0.0447491352659025 -0.028784274997523 -0.0217328173069265 -0.023973367209028
-0.0443504670407399 -0.0470578500905885 -0.0126292946643278 -0.0423467359259788
-0.0266090435683472 -0.0652811454933072 0.00825676747295154 -0.0554872320187939
-0.0032065706848219 -0.0799362285981244 0.0376312709030623 -0.0451781616378691
0.0358591383372981 -0.0722613293214154 0.0507605524323593 -0.0194363121703274
0.0745587941262024 -0.0478512259637107 0.0217962533070629 0.0141136482319542
0.086616850146584 -0.0330900777343289 -0.0356226016018173 0.0138231217503566
0.0567001248269031 -0.0138466034332054 -0.0797037983975166 0.0359796022317209
0.0598241245796503 -0.0277844896737451 -0.0865590325004395 0.0203309844115312
0.038198230056886 -0.0521249724957225 -0.0723675498062712 0.0188831825107123
0.00555387259540755 -0.0606795545050911 -0.053613820797441 0.0221719392436819
-0.0154074510009007 -0.050516653061263 -0.0463770463228278 0.0113799039892246
-0.02912012207875 -0.0391900993023038 -0.0485535288170618 0.00600901022821467
-0.0349161499795452 -0.0268049328720349 -0.0475342172426186 -0.000381453074722422
-0.0299463778626546 -0.0259684731924404 -0.0408950096556513 -0.0129982247095554
-0.0299699110931249 -0.0276009074456538 -0.0365363465709895 -0.0371451857841715
-0.0265947713225713 -0.0430453669630354 -0.0223180578409271 -0.0572859034486864
-0.0102687215264181 -0.0546117452231987 0.00424339330296645 -0.0677901369571563
0.0120625733736623 -0.06181991112432 0.0364709653431966 -0.0491822786243771
0.0420831184370072 -0.0487162034140211 0.0439214068776142 -0.017459650337014
0.0665610155674283 -0.0242973242788361 0.00857446519985524 0.0142894435711396
0.0685932153778945 -0.0128057034178504 -0.0587266128692414 0.0129005924585819
0.0259339760072262 0.00131228650272784 -0.0973977439838427 0.0416487586430455
0.0325696162432294 -0.00795459050569067 -0.090460537800949 0.0321407434951532
0.0224399048949941 -0.0237699001847954 -0.0714266634719411 0.0204373505015063
0.00483515418607315 -0.0286363084716313 -0.0546526405791632 0.0182275101892093
-0.00394442343406021 -0.0249409924974289 -0.0536136686897899 0.00459940638495289
-0.0111866316269434 -0.0214324762859851 -0.0578666744718934 0.000696471826840754
-0.0152139944636618 -0.0168809153374911 -0.0584339940461608 -0.00715269778997832
-0.012671620643025 -0.0168665825156543 -0.0504994441799934 -0.0225545353732198
-0.0125200066889925 -0.0189905229695779 -0.0441120436193506 -0.0498015732111314
-0.00912796506070742 -0.0284938969942056 -0.0243827789355532 -0.0707458124923493
0.000824970474740424 -0.0337489578842409 0.00760402983959817 -0.0786593271588534
0.0167715859905829 -0.0358165516003582 0.0386829139180966 -0.0529157811450615
0.0354867884644756 -0.0228275247180784 0.0392912369209506 -0.0168698239027217
0.0450908895251413 -0.00366915715261784 0.000211468551194571 0.00939283689082134
0.0384840695139024 0.00463057730090924 -0.0715006317571869 0.00697192231241774
-0.00299458784631258 -0.0131786235375809 0.0742345943721888 -0.012799455812245
-0.0150918817987131 -0.00566219158146658 0.00894042410723455 -0.020678770959017
-0.0154874886981305 0.00632891107408358 -0.0404584557701604 0.011472908014534
-0.00604526442212846 0.0119269355082233 -0.0499633611667286 0.0497733882958135
-0.00346185741432212 0.00922038339118333 -0.0135430378527906 0.0843888900174342
-0.00332562768333259 0.00724978100103495 0.0257380090394863 0.0800303508164798
-0.0043354850757125 0.00781215176599591 0.0459115223504866 0.0563239526045901
-0.00701434422582403 0.005518156820542 0.0598828342734884 0.0284612762573441
-0.00945657303164647 0.00818455411798048 0.0617312965390724 0.00558064929092739
-0.013172969257038 0.0054852930543803 0.0618024148819597 -0.00591441499469636
-0.0117754487784224 0.000655425499394552 0.0581500330773409 -0.00907828996451996
-0.0131508072241254 -0.000611926011465784 0.060407825001812 -0.0168892061650258
-0.0120646886908019 -0.00680764786249822 0.0673787556270903 -0.0239114037136419
-0.00395681593002344 -0.0160028638234614 0.0772367072693426 -0.0233623747072717
0.00475307201767968 -0.0160703516645724 0.0948995196109026 -0.0377710027554169
0.0285307003119134 -0.0211641515384813 0.0707035031038847 -0.00433969884033344
0.0163351253675409 -0.0171505473524131 0.00610257318442483 -0.0158197363480725
0.00515413167108419 -0.0147840557161924 -0.0414221056037355 0.0138603403638578
0.00237499086333582 -0.0149384436494089 -0.0506552341297988 0.0494432270688604
-0.00670876908443759 -0.016763460223603 -0.0167363460125353 0.082263893910844
-0.016062494746298 -0.014037342191725 0.0188846788281892 0.0782995236786898
-0.022451054500991 -0.00610045150032022 0.0410963495210554 0.0558272047339293
-0.0254195532118573 -0.00542817665207903 0.0531594559652334 0.028668741621211
-0.0288645756632689 -0.000138427616672595 0.0552263131039734 0.00395671099949525
-0.0346553484367927 -0.00918842370029395 0.0554077609743122 -0.00942244493849113
-0.0282608959648297 -0.0219983190219187 0.0549853699557225 -0.0159519884470745
-0.0210186086671101 -0.0319243477237798 0.0588160283730741 -0.0229275041988112
-0.00341562290109224 -0.0384649888347608 0.065619744366525 -0.0261988817178975
0.0214268230915143 -0.0401545781786194 0.0673932768182231 -0.0225711273823804
0.0378554009390002 -0.0362697146110443 0.0774782613605638 -0.0335486554946667
0.0565864215903696 -0.0257320212832341 0.0529918016418665 0.0046908992974101
0.0470939190809283 -0.0269304228019413 -0.00610263410063213 -0.0137335025648431
0.0266766732725849 -0.0359882710663593 -0.0479979768618297 0.0139993663079975
0.0101516898078399 -0.0420843525696985 -0.0508894493384971 0.0493461710893701
-0.0105044708835739 -0.0415952845722287 -0.0182748553588802 0.0753366543321643
-0.0278677542478868 -0.0333792073793465 0.0113486031210936 0.0688607736037957
-0.0387398819432206 -0.0189748613866637 0.0293375813846535 0.0493308944463219
-0.0400154457593312 -0.0160405147764029 0.0387982333178185 0.0252100785071235
-0.0437299614394887 -0.00833593511437267 0.0398189278190945 0.000743780035896739
-0.0512139338918718 -0.0207755756299681 0.0419574684643777 -0.0148245642965848
-0.041508924004866 -0.039365446682074 0.0453863343982107 -0.0250619815736173
-0.0290296700134717 -0.0570585245573014 0.0542503875837218 -0.0288784167589741
0.00251410145631122 -0.065034663618661 0.0630078332438575 -0.028375869607877
0.0414715207506124 -0.0602539399967844 0.0578280993123221 -0.0158616096498385
0.0645166318494775 -0.050482732539559 0.0535054710136885 -0.0211553268861419
0.0756373952858558 -0.0294088235676096 0.0247518683396697 0.0114863806645352
0.0702656660323744 -0.0365512482900655 -0.0253010876627328 -0.0112608137842117
0.0423795146176789 -0.0561851542682814 -0.0569014511678775 0.0148233208495576
0.0122978450543013 -0.0671506743603517 -0.0515156028894173 0.0464998625183632
-0.0162745331990188 -0.0608538168636524 -0.020763288865929 0.0627995952238004
-0.0371683398660575 -0.047757838933985 -6.0934303584562E-05 0.0542962875066291
-0.0486416872928515 -0.0283840246578789 0.0121095306996494 0.0380254845486143
-0.0485365929959229 -0.023170511606671 0.0191552203387543 0.0191190838331885
-0.051561631670113 -0.0160564050290523 0.0203010997396767 -0.00441414625337795
-0.0594075380798985 -0.0313982793547736 0.0230267155132917 -0.0211233144875897
-0.0469397377030562 -0.0524960181354759 0.0307909034191843 -0.0345091436892187
-0.0317038542327818 -0.0738813251341717 0.0478726799525244 -0.0358643403825771
0.00892427847390142 -0.080939716442782 0.0589493903971956 -0.0279913250459732
0.0558730914707592 -0.0695062542809914 0.0469502350319772 -0.00586870545977957
0.0805940410890896 -0.0564340336828448 0.0246385018923467 -0.00605079103419804
0.0818699417401956 -0.0292410762260394 -0.010529007363548 0.0196393717759135
0.0799487735010063 -0.0428678221213934 -0.0489885370002234 -0.00385911146187169
0.0492907507476631 -0.0691682808760968 -0.0641348917883162 0.0163848607056039
0.0102339761668166 -0.0809772568596715 -0.0514666335915914 0.0392386156758748
-0.0214862288090091 -0.0699909527049922 -0.0265423635475554 0.045856205031386
-0.0427383418452228 -0.0523286651494177 -0.0154100605457304 0.0361518337694108
-0.0522962038130143 -0.0319994691972531 -0.00839266640184525 0.0244819240526081
-0.049537886305056 -0.0277866760663888 -0.0025411349317366 0.0101842742354981
-0.0514828284199976 -0.0223952717705904 -0.00188436306201302 -0.0121384777793962
-0.0564664258028255 -0.0392373861201777 0.00321869046878109 -0.0296112221826541
-0.0426953091902612 -0.0604281572991508 0.0159374936572219 -0.0436157672709312
-0.0237719163510963 -0.0809297143964866 0.039931313783425 -0.0410033026122578
0.0188213270312785 -0.0832505101605898 0.0537295759751773 -0.0258028369720971
0.0667208116018586 -0.0652287599385521 0.0352077725257345 0.00583908874985611
0.0874969226845849 -0.0490865787537237 -0.00523953120063321 0.0074173108844412
0.0737204863389645 -0.0258480617412882 -0.0459679868531641 0.0289203746497423
0.0746449920968894 -0.0413107053707558 -0.0695227097948181 0.00862768932960377
0.0454765273091911 -0.0686701626887695 -0.0682310955908985 0.018540274946354
0.00548241788206193 -0.0785782003246428 -0.0504991058746827 0.0308460481736223
-0.0234093344516105 -0.0648843075853374 -0.0348644510362547 0.0273368230367364
-0.0414038230532983 -0.0475365536657419 -0.0319196806461964 0.019798013104938
-0.047853338961815 -0.0302564821253797 -0.0294067632050037 0.0118881813881689
-0.0431345509452442 -0.0276334499161932 -0.0235305575763791 0.000205871689864105
-0.0440281061799683 -0.0262389359166884 -0.0215915574802249 -0.0224546851798729
-0.0450939209879348 -0.0437362769656597 -0.0137897848468775 -0.040677738606309
-0.0282182382218151 -0.0615987319592101 0.005730016471985 -0.0541209835517779
-0.00697129997535276 -0.0766490350480061 0.0350761438139432 -0.0445674921704077
0.0317499944169467 -0.0712628575943638 0.0479151136154043 -0.0210450171843183
0.0699601219017311 -0.0487320955451545 0.0215452102975029 0.0127334114844016
0.0817418608641398 -0.0343904221366371 -0.033047380586184 0.0149393319430179
0.0534325927537951 -0.0160169195332738 -0.0758139671684644 0.0375692576490626
0.0566009708920702 -0.029075753890033 -0.0821148364334203 0.0227032411655114
0.0345997748267811 -0.0514244773154299 -0.0694167607938462 0.0202746265108366
0.00318928675987166 -0.0584746307844662 -0.0508771998061226 0.0228681123066712
-0.0170921288463318 -0.0478983644305967 -0.0444866385418694 0.012457752400334
-0.0297014993969768 -0.0360830216938635 -0.0473494881809959 0.00752063064968514
-0.0349321378684937 -0.0244633951749911 -0.0465944880543427 0.00164260039774716
-0.0305312862555414 -0.0233858309963861 -0.039877088520574 -0.0105610841224327
-0.0299637540098407 -0.0253523055936811 -0.0370424390097927 -0.0346121962962013
-0.0280180289790011 -0.0402108183224709 -0.0238620338990048 -0.0541443213493538
-0.0126154940129641 -0.0521100234608394 0.00139905297480347 -0.0661860049255103
0.00887161619471933 -0.0600581701761422 0.0335394683215815 -0.0488795694534222
0.0387415999087162 -0.0484369642126499 0.0416867344093485 -0.0186714918455839
0.0633497052285915 -0.0257039579651726 0.00874491657383699 0.0134734378452366
0.0647530147623165 -0.014693550192815 -0.0557052179442483 0.0151133427770644
0.0247629783242362 -0.000136926656512854 -0.0928449038051615 0.0440167132766287
0.0312322823981533 -0.00864927898585878 -0.0865127102242217 0.0345505689719928
0.0204621598308821 -0.0229917299135734 -0.0684473780871333 0.0220666350686424
0.00375801448418675 -0.0279705395085668 -0.0521540604459068 0.0196269862477497
-0.0048617820319262 -0.0238003133474374 -0.0514194372489383 0.00676073437416379
-0.012009842988021 -0.0203539752562613 -0.0567022322087753 0.00304088596549671
-0.0150334171424244 -0.0158683211962143 -0.0575268002204834 -0.00432235556405321
-0.0127499200277435 -0.015910421814258 -0.0498300020825599 -0.0195273099024762
-0.0123869751618328 -0.0181090200768993 -0.0446175187598171 -0.0461914196248743
-0.0105803064456112 -0.0265686427895118 -0.0260339394217578 -0.06716149168894
-0.000422357496769051 -0.0323392607303603 0.00415175838875736 -0.0762956869860857
0.0148389290468165 -0.0351682046432828 0.0360746275147906 -0.0520400541120048
0.032973092778566 -0.0236711430646244 0.03718568487861 -0.0175745176166967
0.043453570319727 -0.00515516716378796 0.000584987975028183 0.00882443581784859
0.0367641733633071 0.00295912664138586 -0.0683588492272774 0.00999330887386978
-0.00221956202595091 -0.0136604836182461 0.071540708680308 -0.00878610303548879
-0.0143866456573494 -0.00617203955890571 0.00960710768332543 -0.0191124212633567
-0.0151144360152542 0.00538220415690739 -0.0393743040298959 0.00969938217615791
-0.00557239367281799 0.0108135638595692 -0.0506402463746065 0.0461422203358287
-0.00243923667608395 0.00845658292463489 -0.0160234674392637 0.080450251820815
-0.00348403347483668 0.00688800661868331 0.0222368459759303 0.0771416721967111
-0.00399101060415227 0.00777554471242409 0.0432257769119273 0.0555875147301857
-0.00683077571965514 0.00548248565081872 0.056942797823835 0.028527518594142
-0.00920462969524128 0.00713647609265079 0.0597231849293948 0.00634492622561707
-0.012887659717797 0.00493922632065369 0.060262185974824 -0.00419875751152247
-0.011436035418266 -0.000450312346515434 0.0565195264663517 -0.00723309247482793
-0.0112767953760372 -0.0017087133128364 0.0580489464806583 -0.0142706446376974
-0.00975027803146653 -0.00721484280493051 0.0644716087498152 -0.0193919399624596
-0.00225202119594505 -0.0155219790108786 0.0754331617635075 -0.0184327914258135
0.00551142743100299 -0.0164861911291171 0.093220600301671 -0.031249119336133
0.0289620045170042 -0.0199281188806737 0.0672183033565503 -0.00234741150014732
0.0164533980298738 -0.0156998567753507 0.00604613422265884 -0.0158150537364342
0.00552882061794826 -0.0136903765078572 -0.0409848759845692 0.0107058632631854
0.00374093765015133 -0.0140879805251804 -0.0516353155504478 0.0448038827478962
-0.00483661191787181 -0.0166822584957994 -0.019616629795412 0.0770709806835536
-0.0144982694638031 -0.0144685252995906 0.0146810921923399 0.0753170358572427
-0.0217498511441192 -0.00634576315795828 0.0372806980040135 0.0549940023590163
-0.0252174046680475 -0.00619884542982822 0.0508195145462815 0.0284237914737858
-0.027838972605319 -0.00116638350494058 0.0530664922819494 0.00431908742318908
-0.0337374059261405 -0.0097880645841301 0.0539361651007464 -0.00859365876378113
-0.0266672800728908 -0.0231647543187737 0.0540679761331965 -0.0146711659635159
-0.0182941782354722 -0.032364556537918 0.0576389087779807 -0.0208925789008529
-0.000453578063392332 -0.0382051631023566 0.0642995980665818 -0.0228672993411453
0.0237263967263276 -0.0385615123602992 0.0668710155380438 -0.0182738953401081
0.0380252846468515 -0.0347625881080506 0.0773941093198144 -0.0272098590305103
0.0564682883855326 -0.0220536027732414 0.0507306017699053 0.0042940532877047
0.0470407550226314 -0.0229353361175862 -0.00610308436798209 -0.0151549969891093
0.0280861652956753 -0.0329840155085868 -0.0481427212563947 0.0101404460996416
0.0125044773731777 -0.0396334275521668 -0.0523910070507709 0.0430792539867119
-0.00747280707834243 -0.0404220057590273 -0.0217709270259364 0.0703019276444183
-0.025183387429785 -0.0335838804075973 0.0071944970452844 0.0657373841636239
-0.0362019609043803 -0.0195324244493506 0.0255957610628205 0.0480032566854951
-0.0389892683301764 -0.0173108842429709 0.0361599983787529 0.0247769641883282
-0.0420060908475798 -0.00961900997599001 0.0385330078414549 0.000569924343722376
-0.0495060198647845 -0.0219527207081974 0.0406569155418275 -0.0146920308766223
-0.0389442402593819 -0.0413803668514952 0.045088513630328 -0.0238650801025148
-0.0252339667246309 -0.0567566002778342 0.0542917716979233 -0.0283158842110838
0.00554591606282723 -0.0635198308164256 0.0626340660174655 -0.0247764066600642
0.0432440608021696 -0.057278101907705 0.0579697372601614 -0.0113756209739119
0.0640426063789451 -0.0477514377093979 0.0543784193578422 -0.0156889109028827
0.0754298209318894 -0.0241383382408887 0.0230697568219308 0.00862318071202567
0.070517030733539 -0.0311505510607936 -0.0252709260194704 -0.0143653526904437
0.0443085100226338 -0.0514111206972258 -0.0567163312488279 0.00907936580259888
0.0155855707464586 -0.0632056605467121 -0.0535076435461383 0.0397663111131878
-0.0119502628519957 -0.059325682532295 -0.024790530341305 0.0581429867010123
-0.033897587868191 -0.0476954555722878 -0.00403953665626821 0.051515734948893
-0.0456449593214725 -0.0291483885008026 0.00902487994437381 0.0366573401700801
-0.0474232906638459 -0.0246917340096928 0.0172920797146703 0.0184613560031095
-0.0494816900198617 -0.0174242636905279 0.0192373748812291 -0.00507848389313922
-0.0572152662382144 -0.0322051568334804 0.0231349888968048 -0.0218421883177449
-0.044625403130696 -0.053369810262503 0.0318984013793286 -0.0341963677349233
-0.0278163773472766 -0.0727790997954287 0.048794037819212 -0.0359174717821963
0.0124258911699374 -0.0790411334017655 0.0591874472429219 -0.0249487770320445
0.0575097935287639 -0.0656061880239824 0.0474394779501974 -0.00221947587983221
0.0796948743515919 -0.0531137863984995 0.0261381170583944 -0.0029300123868146
0.0819703179509336 -0.0243479326224673 -0.0114118494752346 0.0143180072833778
0.0803054071693918 -0.0362276691853949 -0.0484628949658353 -0.00847681328152801
0.0514815706251677 -0.0636687842350733 -0.0653383422561052 0.00998858715221964
0.0143070094283212 -0.0763474023760728 -0.0534365148401656 0.0328303414136635
-0.016886929145892 -0.0681494946665775 -0.029731240525405 0.0412223301106349
-0.0391775233911068 -0.0525839114799992 -0.0181406425910115 0.0337548789444786
-0.0492489681308124 -0.0330010067361467 -0.0108957694364935 0.0237247078736355
-0.0477511728410917 -0.0292882001128248 -0.00329415665690464 0.00945678069152676
-0.0497249175536607 -0.0240119494620707 -0.00149078211580401 -0.0126423573331012
-0.0547794955697052 -0.0403365019792379 0.00411339870612151 -0.0300513557146752
-0.0398130102129091 -0.0614571424378382 0.0179055210201974 -0.0436347854617983
-0.0204119382524918 -0.0793412043952999 0.0420188832631086 -0.0411428797345961
0.0217768444633676 -0.0808677655188089 0.0542646031788257 -0.0230691121606484
0.0669684818881491 -0.0609857341878824 0.0353061153391109 0.00883572764318815
0.0853779587990401 -0.0454717248259163 -0.00282832614875827 0.00891856636694862
0.0746670442735047 -0.0209044208246845 -0.0461140040380553 0.0220319028247051
0.0755699655986254 -0.0349697904667456 -0.0685900798166993 0.00268721199299313
0.0481854761182223 -0.062872449732932 -0.068984321829609 0.0120801380314436
0.00929774081429619 -0.0738067372547753 -0.0525947607728509 0.0250418684775416
-0.0189688931506543 -0.0637308030626845 -0.0378366772284957 0.0236397634282305
-0.0381559932315526 -0.0476325874380307 -0.0335940440841951 0.0180421677478534
-0.0455032287736358 -0.0309812264667845 -0.0302349586220169 0.0110299784275567
-0.0417761404410516 -0.0290954321752175 -0.0223247218781966 -0.000288569735238333
-0.042539827528098 -0.0274000935659226 -0.0206476053247961 -0.0229438890640703
-0.0437909514105219 -0.0438294285651146 -0.0113406574879744 -0.0408977501205561
-0.0263115903993186 -0.0621511685582403 0.00878888731054619 -0.0538617118877185
-0.00474287408927912 -0.0747261905847681 0.0377860574178178 -0.0444476953154485
0.0343697784572026 -0.0677124709571384 0.0485412589981462 -0.0181677771077429
0.0703953043795327 -0.0450876817303915 0.02188099423196 0.0146212421396947
0.0794948676360286 -0.0316168765083166 -0.0305579577603884 0.014946267424847
0.0540540158557826 -0.011877082037518 -0.0748442918689577 0.0301566037533228
0.0570597856196743 -0.0243391328372041 -0.0809310666956549 0.0165233835342079
0.0369004829850863 -0.046848009110875 -0.0692220469357565 0.0148049964416557
0.00572210937599953 -0.0547957614768789 -0.0512518217324439 0.0179875265811115
-0.0139878338621057 -0.0463300415191564 -0.0451974794351938 0.00975721850149374
-0.0271244101773549 -0.0356451287840069 -0.0470549525114266 0.00585003195167196
-0.0332540804422314 -0.024707088047282 -0.0461754381970044 0.0015294598091213
-0.028595601136585 -0.0248511012520368 -0.038281663175814 -0.01134356147195
-0.0287215710610184 -0.0262643324912457 -0.0345916931896561 -0.0345960167521387
-0.0268260419786222 -0.0405241289253513 -0.0212741571235802 -0.0538417672203085
-0.0108539636712109 -0.0516461825216349 0.00530484937266399 -0.0647469663240046
0.0103730659320952 -0.0580549251309783 0.0364595180653039 -0.0471540766695942
0.0395257052399109 -0.0457133598099337 0.0423328877307664 -0.0156870272519189
0.0622120508850644 -0.0225667395378584 0.0090061014306214 0.0148678598450124
0.0621854993563513 -0.0125682137329111 -0.0529039373383924 0.0135527910219106
0.0250992107363339 0.00213773500543209 -0.0918207530537472 0.0370772267721212
0.0313159837438004 -0.00629442699321686 -0.0845041218356653 0.0277820013658092
0.0213727747035754 -0.0206418565909941 -0.0672522239531509 0.0164164969067975
0.00496566029206663 -0.0254145652961161 -0.0508793356600629 0.0146536731377422
-0.00385893971182197 -0.0226342794336097 -0.0503842727070066 0.00400929850206605
-0.010726347341948 -0.0193503078499078 -0.0554207292633538 0.00130343136254709
-0.0145559416878607 -0.0162189403676967 -0.0560343551274796 -0.00520007911647653
-0.0121871500539418 -0.0162640708392749 -0.046994508194949 -0.0196796676257534
-0.0117009722391365 -0.0182743845016273 -0.0420960452351159 -0.0453088271733645
-0.0101169157938858 -0.0268317751776993 -0.0234110459756801 -0.0658288689236454
0.000447967716989107 -0.0323710419467746 0.00705020233145936 -0.0736906119903214
0.0154812438938495 -0.0341218334966402 0.0383261502615809 -0.0497352356809885
0.0335620359573796 -0.0216180949794196 0.0378553705427355 -0.01527656847822
0.0422088601118042 -0.00341560113470441 0.00087601973477953 0.00976631908257496
0.0344596637755011 0.00373529834844063 -0.0654535734599924 0.00759097319712158
-0.00215911817635071 -0.0132663123858301 0.0699782609437068 -0.00868599912220066
-0.0137201523032274 -0.00580108074660715 0.00962657248477168 -0.0189228848402455
-0.0152352567466967 0.0050530630850443 -0.0389674448811109 0.00897515455715069
-0.00508688057634542 0.0103453849859739 -0.0506349748071394 0.0447997038993951
-0.00283193952312104 0.00801680144773964 -0.0163518200065522 0.0781494123471618
-0.00337374187519449 0.00661816574179457 0.0212629570868372 0.076153560482064
-0.00426119722909312 0.00784961958877469 0.0424035372283064 0.0552837220205756
-0.00693110579313575 0.00546484162058923 0.0554404392328079 0.0281588746751859
-0.00912342037594431 0.00763047313235846 0.058297303789122 0.00632392700792639
-0.0129868066552571 0.00514665305111597 0.0598335798073844 -0.0036642702935642
-0.0114736157014355 -0.000941730639492777 0.0557690383862837 -0.00679158598357989
-0.0108400132968883 -0.00202582858971456 0.0571229044929593 -0.0131108687101715
-0.00941320219541337 -0.00717889814617992 0.0637068498911628 -0.0179696669914217
-0.00220511524012851 -0.0156080077296962 0.0745536164095445 -0.0166071851402888
0.00633282533206449 -0.015580319519071 0.0927200985435917 -0.030212598283369
0.0287359175074733 -0.0189573221920884 0.0662304282060219 -0.00174703268001537
0.0170087057348391 -0.0151237051784196 0.0062826621328024 -0.0154906587516248
0.00525769382299083 -0.0130816728333889 -0.040928018561179 0.0100163101462905
0.00366361574301656 -0.0135371308389548 -0.0516066628660087 0.0438492833372805
-0.00404987201263112 -0.0159604740464597 -0.0203360602213478 0.0749623093331685
-0.0142310504998425 -0.0136976743353355 0.0136500634229315 0.074458314951697
-0.0210424573010069 -0.00678348109597842 0.036773859115979 0.0542116110019567
-0.0246646682271104 -0.00639205553026367 0.0490560852266293 0.0281214385505247
-0.027367143569033 -0.00154568666285521 0.0514906308518154 0.00433431082987622
-0.033652688838423 -0.00964173118164651 0.0540297933105539 -0.00847000800086086
-0.0260190212572463 -0.0233926946281862 0.0537979531519083 -0.0142651345346906
-0.0176133644407889 -0.0322640893621416 0.0565439011893066 -0.0195604837772356
0.000441423090388366 -0.0375372065709043 0.0625222904312399 -0.0215846480958445
0.0239587033494015 -0.0378312831982877 0.0657472440503539 -0.0162604075176373
0.0383441929012126 -0.0335880200383897 0.0772627959399299 -0.0263458927800136
0.0558990657186589 -0.0211614103290975 0.0496462907113912 0.00446078373203233
0.0473197118587535 -0.0223753118875567 -0.00548506608592158 -0.015417823786546
0.0275749160200922 -0.0315802823054416 -0.0474484792176906 0.00826840458267501
0.0123438526057636 -0.0391695688745549 -0.0526647866811439 0.0416118863135716
-0.0069553713252525 -0.0397052015045393 -0.0221525669191773 0.0685248022881841
-0.0247008781093809 -0.0328014051392979 0.00637244226400439 0.0649625684873456
-0.0356659264555675 -0.0191846363211081 0.0248933742325845 0.0476367631963007
-0.0383308394730091 -0.0170942458517508 0.0356517442852977 0.0245524529319064
-0.0416785961156808 -0.00999818200773445 0.0379373323845103 0.000747261630964125
-0.0491850842555634 -0.0217889646453499 0.0406050791197106 -0.0148782996258841
-0.0378607865563558 -0.0412809580998459 0.0446496509385917 -0.0236728318656019
-0.0247926177309972 -0.0566892690147846 0.0539433030344568 -0.027248629650792
0.00632711333569288 -0.0624126474531352 0.0608372602469417 -0.0229198489182586
0.0436826125805633 -0.0561756269204059 0.0570615956747453 -0.0106143048630869
0.0637485169774707 -0.0464200008164153 0.0543365361838202 -0.0153859917054411
0.0737127430155158 -0.0233645579730595 0.0221756327973356 0.00842725660123109
0.0693437536977701 -0.0302314957786738 -0.0249951898561028 -0.0149666457242252
0.0439825654853147 -0.0493183052415063 -0.0560027179844901 0.00819323166128236
0.0161051582697267 -0.0616524893530746 -0.0534595564032592 0.0377111007674418
-0.0113330706197478 -0.0586450869961947 -0.0248194623647456 0.0562006662533943
-0.0329830407975321 -0.0467742190961356 -0.00432771854033568 0.0511701564746657
-0.0452184988586696 -0.0288821933175647 0.00843860280461646 0.0360727434282609
-0.0469212939581721 -0.0246228341104759 0.0169905488503667 0.0183424726856105
-0.0490638571681316 -0.0175887475749914 0.0186671290117455 -0.00515483609282849
-0.0565539929658679 -0.031888472921822 0.0226844028194237 -0.0215814165766653
-0.0435202983164253 -0.0534969441028237 0.0319919674491143 -0.0336178053907052
-0.0272393749938719 -0.0721913834236705 0.0483874495715356 -0.0341923138646271
0.013318924842986 -0.0775215534834539 0.0581133935560555 -0.0236484633806322
0.057143765681153 -0.0645780778462164 0.0467639222367614 -0.0010335951768354
0.0787689919884571 -0.0509764159314986 0.02663456001001 -0.00228643034302672
0.0802339188171732 -0.0231702295014839 -0.0117318398310579 0.0132517075076891
0.0798986886515316 -0.0351741546515623 -0.0473969370253958 -0.00926659407425832
0.0511936117742656 -0.0615018926305177 -0.063743342469322 0.00926322669667499
0.0148673624825276 -0.0755015749508113 -0.0534043708042785 0.0310236896444018
-0.0163950989616229 -0.067272136714004 -0.0297572890844956 0.0398920629183043
-0.0387761714534709 -0.0514428017156616 -0.0184532164819187 0.033728410477265
-0.0485382085812551 -0.0325291201278975 -0.0107746547294701 0.0233283143844301
-0.0478719584615437 -0.0288135388027175 -0.00300491577051272 0.00912178314736124
-0.0485147966185136 -0.023856768350368 -0.00165093640924826 -0.0129235741109145
-0.0539460246478849 -0.0396939267582151 0.00416692121016217 -0.02978393924592
-0.0392347400763931 -0.0612236035062507 0.0184267764684351 -0.0434419113582917
-0.0196851486258496 -0.0784080838691971 0.0420968715007776 -0.0398332972396947
0.0225285104405194 -0.0788961221733591 0.0533351530316117 -0.0222067663941094
0.066993467167197 -0.0595900464915765 0.0347128518750376 0.00902477074149685
0.0844800510589185 -0.0436565464337006 -0.00312841962067481 0.00902934426136877
0.0728255825394415 -0.0196366913499528 -0.0455877523376867 0.0209418945503692
0.0748724057402612 -0.0342361529729719 -0.0673081222044012 0.00172778158653752
0.0475469820362392 -0.0610112298800474 -0.0675120530333914 0.0106859747304091
0.0101164392794056 -0.0728557246111359 -0.0525243105141912 0.0232657306702635
-0.0183173613857646 -0.0623104302678923 -0.0367948193035559 0.0223736382475297
-0.0371940719377008 -0.0469370668762647 -0.033289669664251 0.017424610352193
-0.044638228184851 -0.0308666062199964 -0.0304687588097024 0.0111952508675795
-0.0413712892689811 -0.0293928828482211 -0.0223009086236735 -0.00103883138374299
-0.0415121235727633 -0.0272778595059398 -0.0203508255185168 -0.0228795843489301
-0.0429311108848007 -0.0436440814925267 -0.0110499810077969 -0.0404357339847187
-0.0253148811881121 -0.0613382569426921 0.00945520512067823 -0.0533195035926581
-0.0038483842015131 -0.0734372355406899 0.037822816726201 -0.043353502595783
0.0343441663417701 -0.0667924041693416 0.0472818994041579 -0.0176467189532434
0.06974501109441 -0.0431653506301269 0.0210833482014154 0.0143560824205181
0.0782499272822255 -0.0298631224964369 -0.0304028318626692 0.0149280605169998
0.0527968187353383 -0.0114171473238184 -0.0742826783965906 0.0287281871080165
0.0562563646898494 -0.0237729506624188 -0.0795341749519233 0.0151179389253002
0.0361962257794985 -0.045548979640049 -0.0685000948396864 0.0130662303156738
0.00659692525156602 -0.0538745000987497 -0.0508857100303222 0.0161528241252045
-0.0132973544618443 -0.045784448473919 -0.0446513239887927 0.00880301412924816
-0.0268236668354333 -0.0351104174910535 -0.0473751220188674 0.00567565417925921
-0.0324275815805817 -0.0247472788085069 -0.0463771470712825 0.000893432558999357
-0.028387711355469 -0.0249708819281045 -0.0374598197556675 -0.0113486917778962
-0.0280162631425088 -0.0263431622147272 -0.0341907659744024 -0.0343071331255243
-0.025941720131412 -0.0395477786148408 -0.0199831776929507 -0.0536693532101113
-0.0103179878635032 -0.0513833078173261 0.00539975639934662 -0.0640565953243682
0.0101308897538618 -0.0571658569692906 0.0369927735582214 -0.0461265981610688
0.0395548151000391 -0.0443448451263332 0.0413294725535021 -0.0150643263160243
0.0619272982871076 -0.0217257205190035 0.00880173983350188 0.0147609607975709
0.0612119917865406 -0.0117232602626735 -0.0519036269355798 0.0136915464402614
0.0242143053105591 0.00210556781669411 -0.0906701958966482 0.0358114457195444
0.0307407248378283 -0.00595178407946491 -0.0833624865626388 0.0265231914228214
0.0210973013270704 -0.0199396019747868 -0.066818152087092 0.0149710250834509
0.00486552958480972 -0.0248523731089809 -0.0503433108718469 0.0137753840005673
-0.00345965589989208 -0.0221123356090597 -0.0496680117738681 0.0031273072468996
-0.0104191718295668 -0.0189924190235646 -0.0552935855895861 0.000804243839748535
-0.0141406885065977 -0.0156228898149896 -0.0555643153384219 -0.00468025698795504
-0.0117326665038171 -0.0163555863236049 -0.0469009659092209 -0.0193511734756729
-0.0116151382375377 -0.0187497421282141 -0.0411776743296343 -0.0448218365361431
-0.00960989994639168 -0.0262600829613818 -0.0226221723130698 -0.0652867481184248
0.000812168470152629 -0.0318183458910564 0.00753104681891809 -0.072360303183827
0.0153067581792718 -0.0331185360462066 0.0388654097336939 -0.0480950763862873
0.0330242750622351 -0.0209820681003944 0.0372478946483766 -0.0140929535139303
0.0418521134910886 -0.00241777264150486 0.000495837908151588 0.00938973714716975
0.0334918707684056 0.00418927533524273 -0.0639136682818162 0.00759550365764302
-0.00177448935631754 -0.0133249863152405 0.0708875519343669 -0.0080545314969106
-0.0134604056195149 -0.00616901202056212 0.0100201183918423 -0.019176583221162
-0.015025012510589 0.00546214993944047 -0.0400215318991698 0.00825574938515859
-0.00516622047275633 0.00995710503575678 -0.0521326032947908 0.0449842608759381
-0.00246580606620796 0.00809407032826534 -0.0175421711265493 0.0790001319960073
-0.00275269106507803 0.0067617433672223 0.0213228624242968 0.0766020808365974
-0.00450224194769344 0.00777575347400532 0.0429515246512725 0.0561358950995555
-0.00716608929049136 0.00536097708476607 0.056457717362673 0.0279986330005287
-0.00863001986664861 0.00774832329410106 0.0589777551071719 0.00666040518939442
-0.0131118346763714 0.00497231122939012 0.0609405381737765 -0.00358760075371017
-0.0112978830648178 -0.000698402162797742 0.0568145679769987 -0.00603181056807232
-0.0105058152302159 -0.0022886975075894 0.05768164377226 -0.0122482512409079
-0.00921139613189148 -0.0072434398149623 0.0641332743112603 -0.0166672308490362
-0.00211656912227642 -0.0161619131451443 0.0756189464942319 -0.0155024982415592
0.00646266457761304 -0.0158079884590053 0.0943851684759868 -0.030383827828709
0.0292441545358576 -0.0189286793444734 0.0666406155304543 -0.0019451846119953
0.0172792601515606 -0.0151950076661181 0.00624675821596419 -0.0159801636728425
0.00523880447625065 -0.0124935376144758 -0.0419063101660034 0.00966344865816039
0.00379819940185126 -0.0140711236554456 -0.0533294200863319 0.0434529397190449
-0.00402697145501862 -0.0163634796173833 -0.0216163778763228 0.0753763097884933
-0.0144625411396347 -0.0145635056961396 0.0136925967111212 0.0745500205780645
-0.0212987145123254 -0.00677069159006738 0.0369772862126653 0.0547630154325345
-0.0251744332853941 -0.00657686676177793 0.0499412733576564 0.0281769152185225
-0.0274455994596219 -0.00224268537682878 0.0523099650007256 0.0048085153690858
-0.034101284275797 -0.0100231569963519 0.0548969842257813 -0.00856964324510327
-0.0263385721911639 -0.0241375024725561 0.0541790267035693 -0.0139260030228314
-0.0174401216151942 -0.0331078149624484 0.0576026890670066 -0.0187279203542604
0.000934070437111975 -0.0382694458738998 0.0627667396846259 -0.0196219703802466
0.0246938375477861 -0.0383699240907685 0.0667902563557913 -0.0153001846968751
0.0391806392006784 -0.0334241541964735 0.0783861871634356 -0.0258565628254825
0.05624448694812 -0.0209310796841996 0.050103568840331 0.00453003681321351
0.0480130716812229 -0.0224239912757462 -0.00549567040551679 -0.0163131796621379
0.0274349801128085 -0.0310644540513409 -0.0480858016144542 0.00797718471764655
0.0130098383536293 -0.0390134233647554 -0.0541219673566094 0.0419205487700477
-0.00663748663202757 -0.0402964198611109 -0.023179473650985 0.0685059866018959
-0.0248805371879347 -0.0334901237751337 0.00614532160402654 0.0657218838674073
-0.0360740876785428 -0.0196801283069008 0.0250180447262617 0.0474119483264176
-0.0395309182245069 -0.0177270350940314 0.0359395678159127 0.024510765492593
-0.0419399373596528 -0.0101904687765004 0.0373086609578694 0.000372612235808288
-0.0495286759884704 -0.0222170008503593 0.0415593163538804 -0.0151844111157234
-0.039136332895126 -0.0418990131248491 0.0457691077918903 -0.0238486653221215
-0.0247878489697894 -0.0572596296116713 0.0555073075343111 -0.0266292949473585
0.00690581488062709 -0.063170097836939 0.0614095048248829 -0.0227296321305999
0.0450342887708807 -0.0566880774896078 0.0576389861435962 -0.00929213184589416
0.0648816127851587 -0.0463497920779501 0.0553788922147517 -0.0148376897047086
0.07479790170601 -0.0227459084963713 0.0222953828103826 0.008131983342335
0.0711784980732199 -0.0299957753377898 -0.0243579287634137 -0.0157384511601315
0.0445067284796893 -0.048920494520205 -0.0567187480763482 0.00722835627615403
0.016636300655538 -0.0623756117849563 -0.0548675567794546 0.0371723931562504
-0.0110547929439662 -0.0592527907982538 -0.0258537402119395 0.0563413748714404
-0.0333583315817801 -0.0472193293021234 -0.00489663677424503 0.0516802719722434
-0.0455767983966 -0.0295651455681944 0.00808196787878536 0.0363593537387358
-0.0477828079105072 -0.0250373696023647 0.0175976170464707 0.0181206096104307
-0.049317208959733 -0.0183383936935309 0.018436251406944 -0.00567353816214372
-0.0571596464258318 -0.0324588331203267 0.0236190966791879 -0.0218364487275323
-0.0440586967076593 -0.0547072209394793 0.0332070042353006 -0.0348676650476965
-0.0270028293030216 -0.0734440059976118 0.0496196985769268 -0.0337385270440941
0.0140380568843568 -0.0780017577800946 0.0583279543185021 -0.0229066820655913
0.0590176401078333 -0.065233494697036 0.0469445976391069 -0.00114194268221054
0.0804076030033497 -0.0509692657706006 0.026867077628136 -0.00232866483274534
0.0806138410943046 -0.022422184133497 -0.0120837799828155 0.0129658665662313
0.0809868689490489 -0.0351568523031492 -0.0469623114832939 -0.00982191561747175
0.0519096052614907 -0.0613887235683748 -0.0644445388340237 0.00808875786737978
0.0152929438858543 -0.0759141222679738 -0.0543211052479594 0.0302979201995071
-0.0158407483504585 -0.0679836363295105 -0.0299448174903801 0.0397238461189007
-0.0388009687897078 -0.0521341491757834 -0.0188477562013286 0.0337902496065639
-0.0495157114553282 -0.0330744118494773 -0.011454875284641 0.0229765733555635
-0.048656206658121 -0.0295241153346314 -0.00301687696878655 0.00925463056683712
-0.0492171457225855 -0.0247259725825834 -0.00157440242419165 -0.0130403662449427
-0.0543173574318786 -0.0402326191359002 0.0047224358585583 -0.0305984193151954
-0.0395192443184458 -0.0625717374704779 0.0192462759614336 -0.0440896325429609
-0.0197824461911199 -0.0790349672587197 0.0435369113598876 -0.0398275244345506
0.0233506803884224 -0.0793529835710549 0.0535454970340011 -0.021668997591827
0.0685843191056566 -0.0603293762398583 0.0349729408792338 0.00940538855998036
0.0854535425999047 -0.0432593761265034 -0.00207987658307579 0.00935708811448312
0.073654250820862 -0.0186787866042573 -0.0459959940129269 0.0203147382988292
0.0761385950251248 -0.0335962797395095 -0.0677939300817285 0.0003676151351972
0.0483353116597664 -0.0603466970993682 -0.0687354248850078 0.0097473704331851
0.0106949772317706 -0.0738808221868703 -0.0529728628810949 0.0227645939674136
-0.0187079562581343 -0.0637781512226571 -0.0378326438867967 0.0218328438936882
-0.0377508895295187 -0.0476020050615189 -0.0342416873813387 0.0175265613379805
-0.0452557691049577 -0.0311592607141552 -0.0311155083035 0.0112199101156079
-0.0422450031865828 -0.0298496773254895 -0.0221838970578912 -0.000616061138032176
-0.0414692261653619 -0.0282050227236823 -0.0199445617083319 -0.0235360063613374
-0.0432645928338704 -0.0441467750922 -0.0107647377844213 -0.0411160838351413
-0.0255890551354966 -0.0621349279399963 0.00954326184388009 -0.0543680602149339
-0.0038186593452582 -0.07449723854015 0.0397210474515458 -0.042991363059273
0.0351383263145945 -0.0674768804351833 0.047677658961801 -0.0172764954968518
0.0713818589084918 -0.0439476521051915 0.021292013785658 0.0149829160542529
0.0790467092240233 -0.0291509595420226 -0.0299970518618212 0.0153717849347974
0.0525966801490297 -0.0111991246930194 -0.0750428734554781 0.0283586663726898
0.0570886267550236 -0.0233618304085219 -0.0809267090111522 0.014738471627915
0.0367897756648708 -0.0456267646723429 -0.0689749357778684 0.0117460297849836
0.0067067294166059 -0.0544223407514988 -0.0518249696689893 0.0156010848900784
-0.0137951381316474 -0.0463082809386986 -0.0449154392232722 0.00863424546666888
-0.0274485198591405 -0.0355658249026145 -0.0484541935338049 0.00621018306431711
-0.03274563868064 -0.0248348277291406 -0.0473375310149827 0.00133911181457174
-0.0290975878718029 -0.0252910484226561 -0.0381207418644543 -0.0110396152364315
-0.0278349984681549 -0.0271917622025955 -0.0344307541226759 -0.0351149674977879
-0.0258813506416155 -0.039989386048681 -0.0200518630263988 -0.0536369407849328
-0.0106184943835811 -0.0521067064893926 0.00618547489926424 -0.0646202137041279
0.010262293081534 -0.0575632783838428 0.0383185061211003 -0.0459975439031623
0.0397610947963478 -0.0450120134533211 0.0417977262058975 -0.0144087606971907
0.0628067997771763 -0.0217870929476893 0.00835424894895164 0.0148507868942176
0.0617104793450014 -0.0106058300558988 -0.0521374495243763 0.013345499862856
0.0236635408566008 0.00205504765939589 -0.0923190703035797 0.0355194769455504
0.0306003819438382 -0.00583825970044251 -0.0839234376951354 0.0257764819471273
0.0217623433342298 -0.01989777724837 -0.0669521242842368 0.0144169592490819
0.00513614118547802 -0.0252586127564127 -0.0507728878332195 0.0127904245256567
-0.00376858347547515 -0.022411873308393 -0.0502042862867201 0.0026451188300635
-0.0108570363297107 -0.0189169610749441 -0.0560694139116894 0.00118936295365997
-0.0141393089626545 -0.0157078086756321 -0.0567076344474505 -0.00423110335746466
-0.012216557606501 -0.0169309192503513 -0.0472761641908879 -0.0192441500277387
-0.0119681170739462 -0.0188432271525965 -0.0414586676247421 -0.0459353945703165
-0.00955367308543933 -0.0269612436158061 -0.0221579620196454 -0.0659752927119106
0.00130296524405245 -0.0319333053028892 0.00794047621653461 -0.0733972773301746
0.0155603836133524 -0.0336165759094982 0.0396774694942242 -0.0480743103058263
0.0332105064548293 -0.0209378088924839 0.0378403024345895 -0.0135421964573337
0.0422336774608439 -0.00239703047356521 0.000557880868456288 0.0097793680359535
0.0339641739910293 0.00413415507745268 -0.0644134930533005 0.00802986220084239
-0.00143759807649768 -0.0132798385407138 0.0718698882025713 -0.00970285207423978
-0.0138980749010047 -0.00642726706648141 0.00989401154056915 -0.020569947452321
-0.0154096419919026 0.00586677712095839 -0.0414953275564732 0.00857135937113182
-0.00535799392355002 0.0101804304882151 -0.0536155518153021 0.0470051818558336
-0.00234906333875451 0.00817348670095638 -0.0178380960053027 0.080343008408455
-0.00287829007063863 0.00656681979222829 0.0228616833277701 0.0783540294354495
-0.00412926454435157 0.00785326418893972 0.044972352550975 0.0563909099884405
-0.0072582246025529 0.00552465606554867 0.0581099908104352 0.0276975964018128
-0.00900417038842818 0.0078616059455425 0.0614997462967085 0.00541429227298804
-0.0134304925451551 0.00517352746375855 0.0633077416758337 -0.00410922365612128
-0.0117629557035388 -0.000942704351530402 0.0590568398909439 -0.00639233279951665
-0.0106777819805551 -0.00240360750813535 0.0594728135075665 -0.0128698700324295
-0.00971258757242465 -0.00777853831966917 0.0651881057028783 -0.0167767250756228
-0.00201276592500001 -0.0165886976268826 0.0782577644848423 -0.0162075202223577
0.00710197189373792 -0.0162716645927414 0.0967644444361296 -0.0323194210483474
0.0295281850016966 -0.0193939266650489 0.0681461124554951 -0.00326571671353389
0.0179985193393465 -0.0160028889765791 0.00640876157403677 -0.0168601372296981
0.00531775831835512 -0.0130389345164119 -0.0425308234083204 0.00998770995510759
0.00365926274553973 -0.0150868507513082 -0.0547253187261382 0.0450193151678632
-0.00419742170940097 -0.0170813705510558 -0.021455048908573 0.0779334138046962
-0.0152250256759959 -0.014091193535544 0.0151140735330352 0.0768433970335414
-0.0220125001177847 -0.00670585151641313 0.0388332162383843 0.0555073302674772
-0.0261117723038368 -0.00645396121671992 0.0516159895909049 0.0278640030425675
-0.0286631240843853 -0.00161336736104444 0.0540044190823485 0.00349162522775127
-0.0352850511267251 -0.00944548584141237 0.0568739261269953 -0.00941311212036192
-0.0277342915521404 -0.0251522814787096 0.0560206571892426 -0.0149729565465952
-0.0187610964910912 -0.0342305476166719 0.0593862016581389 -0.0193602943839457
0.00060236682580811 -0.0389496023014344 0.0637974149008602 -0.0205637461753798
0.0247061535693037 -0.0403595585752123 0.0689629106683867 -0.0156426546993001
0.0404129387094669 -0.0346433214235411 0.0806522842060528 -0.0279081451198058
0.0574752586143541 -0.021898001192886 0.050917683765537 0.00296643386263802
0.0489448483113878 -0.0237871837259806 -0.00517355510854135 -0.0168534413549351
0.0276863174967798 -0.0320905590877167 -0.0499476006037095 0.00865953908366858
0.0127431578306618 -0.0408567067193571 -0.0555346260558839 0.0433829244370125
-0.00725594150690971 -0.0413418601701552 -0.0235718407897042 0.0699798263344349
-0.0260456629821573 -0.0339681504176377 0.00690529626807718 0.0672920163235935
-0.0376865921102536 -0.0195129168113116 0.026255707841972 0.0486547437112674
-0.0409056032615777 -0.017232364311827 0.0373413928360593 0.0246347608612101
-0.0432334140819539 -0.00999155897338582 0.0389126567182882 -0.000556130678933884
-0.0517805106838493 -0.0214004522435313 0.0429369138054114 -0.0158994697316145
-0.0409484836055967 -0.0431275300521781 0.0470958892142206 -0.0252553540041053
-0.0266889750377477 -0.0590531061929314 0.0570172153274027 -0.0270626482433874
0.00681929611572388 -0.0654161928881988 0.0622532276099192 -0.0233893111460689
0.0459065258878499 -0.0589632765461856 0.0591010983239679 -0.00944907677012212
0.0664603599244235 -0.0477581736335506 0.0570426563518237 -0.0162675145966794
0.0759190281481159 -0.0237275066884592 0.0229655013804111 0.00727860478232009
0.0731920058366618 -0.0312721957566726 -0.0253807274065181 -0.0163422622269511
0.0451234448967089 -0.0507714873951443 -0.0584420710930518 0.00806288356583125
0.016190530824041 -0.0643902573136338 -0.056634991016092 0.038410022582386
-0.0123054547280244 -0.0608732808337279 -0.0257576940403484 0.0573777858958449
-0.0350797381938721 -0.0481042270929762 -0.00461869821726472 0.0527864630551457
-0.0476983448194989 -0.0293283679663986 0.00850199949929709 0.0378282532126766
-0.0502099429169807 -0.0253879529291006 0.0181930450304302 0.0185684848040649
-0.0510747083179264 -0.0184515416716878 0.0191539021109368 -0.00591351572164808
-0.0595322892775961 -0.0321943731298095 0.0241061024810228 -0.0233450243152297
-0.0460614192228936 -0.0560499461090726 0.0332446142417668 -0.0359015185366878
-0.0291857444784249 -0.0749914061350985 0.0514179448769306 -0.0353818133884462
0.013338288492711 -0.0806847802416716 0.0593438404542312 -0.0232908638792346
0.0607197638100298 -0.0680052777440824 0.0481297289320021 -0.0010144487501499
0.0822690304753974 -0.0520950805275638 0.02840395695064 -0.00280768573687994
0.0822361168448962 -0.0235515288975241 -0.0122689730189294 0.0131881471846179
0.0835225748492395 -0.0371905957036253 -0.0484133506180478 -0.0105595490192411
0.0528817516234456 -0.0629804337931706 -0.0660850172263042 0.00817161187668753
0.014579875342684 -0.0779840333314848 -0.056044301077808 0.0309537774387501
-0.0173979184091028 -0.0698349244039646 -0.0302385133796668 0.0408877401492832
-0.0412562992483119 -0.0526051697181341 -0.0189748623437738 0.0350546251344218
-0.0510308333350269 -0.0329266481760393 -0.0117838656368379 0.0249526701755244
-0.0507244667441261 -0.0299433085375762 -0.00281486622384336 0.00930960583734588
-0.0509845750483 -0.0251589836882056 -0.00237746531114947 -0.0134013131453354
-0.0567178820734455 -0.0407988428311883 0.00476116444282758 -0.0315882206101421
-0.0418190552813511 -0.0639869919824681 0.0191976523389288 -0.045966091037291
-0.0219547513282553 -0.0811667564204683 0.0453489417900738 -0.0411449986804194
0.0228806268349131 -0.0823363275291874 0.0540059434583574 -0.0219440976511213
0.0704278190416909 -0.0631558923977813 0.0353064841348973 0.00954349519697975
0.0880026871270767 -0.0454030192244656 -0.00226491328878143 0.00965543424167483
0.0739527281237368 -0.0202912448374632 -0.0478372473034006 0.0206607038556655
0.0781317756983331 -0.0358782044937896 -0.0686844577410356 0.000761538214726807
0.0488251339461109 -0.0623549115412583 -0.0702244722567427 0.0103839497278281
0.0102231995755495 -0.0757774258021976 -0.0540044579082034 0.023098461240093
-0.0203141709293212 -0.0654101906467658 -0.0381607518070132 0.0223709980790854
-0.0395616832387013 -0.0477742186132706 -0.0346567591660858 0.018791892813226
-0.0470183064884175 -0.031228903719661 -0.0320179302758976 0.01256532620943
-0.0441453651962288 -0.0302062787211274 -0.022941626777243 -0.000250434154176777
-0.0432018113663002 -0.0284333974869078 -0.0218514920680286 -0.0237263738994232
-0.0448086024288557 -0.0444099148269967 -0.0113386642812439 -0.0428065986455609
-0.0277267318486098 -0.0640588305331703 0.00969904998706778 -0.0565897472587938
-0.00540850496115739 -0.0759791661670811 0.0406140983262516 -0.044911087907396
0.035106324159824 -0.0695779717579764 0.0489529268909938 -0.0178189193674272
0.0724841431026258 -0.0461413200655287 0.0215866734420971 0.0147569315590581
0.080483950136988 -0.0309205147325462 -0.030128998498788 0.0163300670942626
0.0533424597363651 -0.0117265098482814 -0.0770328240115021 0.0296461044843682
0.0585758340961099 -0.0252156212941636 -0.0817148573455543 0.0153163531402034
0.0370484024001843 -0.0469876109152469 -0.0706813073773602 0.0134609395739156
0.00577072640914559 -0.0558375558243128 -0.0528151145297221 0.0156728828655352
-0.0148323826921063 -0.0475972281151942 -0.0458565150438655 0.00830269645353515
-0.0286583607308252 -0.0354471975863937 -0.0497042631331236 0.00686751865049069
-0.0345850203490468 -0.0249727974192553 -0.0490007618039138 0.00295324819844518
-0.030518449319269 -0.0257687247495098 -0.0391552005999133 -0.0110672448404933
-0.029299712120554 -0.0274288846043095 -0.0360187202562981 -0.0354191388991217
-0.0271957789895624 -0.040805339102178 -0.0214758633309541 -0.0555656125990346
-0.0117392692736106 -0.0531259936920994 0.00566166766496333 -0.0668379894776672
0.00973934800243995 -0.0588428244499591 0.0397276244477392 -0.0477444840523005
0.0402758115995477 -0.0468909458908212 0.0427020690694652 -0.0157057889674803
0.0640893495585238 -0.0232990484264653 0.00845743745785636 0.0150216464345111
0.0626839699012295 -0.0119253505716086 -0.0534432108493648 0.0155614864375976
0.024244967369213 0.00198758133081933 -0.0944904397519369 0.0373525435773345
0.0316064245880348 -0.00662285550992815 -0.0852532314769946 0.0268470235233525
0.0214753892669635 -0.0205595205805295 -0.0688343546076796 0.0149846787168912
0.00460607359063914 -0.0254241919941397 -0.0524774036355389 0.0131849288773422
-0.00453196191874828 -0.0224493244501304 -0.0516271915656237 0.00310206155131981
-0.0109361795780996 -0.0191581685372101 -0.0583270655509374 0.00256567878695413
-0.0152026701442747 -0.0158102619808622 -0.0585035689612294 -0.00274768863632793
-0.012624179208622 -0.0170616293324559 -0.0487761378960362 -0.0195845077186818
-0.0121825996400136 -0.0198352623921608 -0.0437167236134735 -0.0460796066604963
-0.00990984437033953 -0.0269996468530533 -0.0239535143010324 -0.0671042837899232
0.000105769113871814 -0.0326646264716668 0.00760789858371884 -0.0761641597639941
0.0153469417825668 -0.0340126524883382 0.0414192422809482 -0.0507213236175059
0.0337692443675163 -0.0218405999710261 0.0387653502056087 -0.014535378907535
0.0435048453486725 -0.00296790032849684 0.000405990472910829 0.0103222859566174
0.0343228812038122 0.00406816777240903 -0.0658805843838813 0.00957095273945346
-0.00153632056159338 -0.0132524120266175 0.0728778586168488 -0.0130043544744081
-0.0136001406539817 -0.00636316436695659 0.00979551916251595 -0.0214847527169806
-0.0153212338327663 0.00681136085091375 -0.0426338835281644 0.010642276685842
-0.0051694329323609 0.0103500500010609 -0.0536351772928791 0.0505610613914525
-0.00190013026976027 0.00835495290614384 -0.0153739461864288 0.0830654927354495
-0.00243879593658401 0.00693755373470168 0.0270320046995073 0.0788849286004212
-0.0038655517372139 0.00799434081654826 0.0491182200857847 0.0559646867041505
-0.00719696817366393 0.00624768299736461 0.0606690411409572 0.0252762818110774
-0.00877879275569783 0.00869592485193687 0.0628693171283462 0.00277835460621502
-0.0133964561932033 0.00551545051164259 0.0649548316420401 -0.00741381243255108
-0.0120791665049643 -0.000963976076855352 0.0604751912604164 -0.00866026551899102
-0.0109700755595263 -0.00228799257374483 0.0600102832874643 -0.0149463972639801
-0.00931223381670231 -0.00796071342850091 0.0661259095386567 -0.0188567028135395
-0.00262135899690845 -0.0171904215967729 0.0790776996777154 -0.0187033446847332
0.00696403752851079 -0.0168506245046755 0.0981275228768127 -0.0372181739315676
0.0298976985439615 -0.0206633314082058 0.0686656582736279 -0.00621513383366448
0.0182314572557058 -0.0175138075267351 0.00615401550766596 -0.0179742887237452
0.00478591960231935 -0.0130071376787438 -0.0434080324510434 0.0115448298546881
0.00294496355810529 -0.0154719750563639 -0.0547339799540451 0.0485791441209027
-0.00517535564166551 -0.0173868693847497 -0.0193085147119326 0.0800128423317953
-0.0157805114661886 -0.0143548134822303 0.0184937272159455 0.077796215556315
-0.0229598702247482 -0.00593076161308675 0.042275453318284 0.0545929007475304
-0.0273347231527717 -0.00539363409317968 0.0538519009859155 0.0260375244487773
-0.029106573294678 -0.000559697436545421 0.0552450519400482 0.000424693420787202
-0.0361974027186241 -0.00850648935405337 0.0585321053540446 -0.0126427925407397
-0.0295748248156272 -0.0246420377818329 0.057459975377097 -0.0176312788097608
-0.0202275274370298 -0.0342234799431892 0.0605488991575529 -0.022107178316038
-0.000652771075219735 -0.040406766868084 0.0637933043051846 -0.0222520086162598
0.0241000097519228 -0.0421607209421723 0.0700948622131835 -0.0186500398462603
0.0404427537520726 -0.0370882797500594 0.0819662019471307 -0.0322689290703667
0.0577646775401845 -0.0245400467451218 0.0515902189339922 0.000884994615770747
0.0499296130808285 -0.0264389839916247 -0.00606230924752284 -0.0176572919969297
0.0271424185254938 -0.0329478215385376 -0.0504765035823817 0.0103238099685261
0.0113114568115006 -0.0426927098915447 -0.0559202237253019 0.0461155533030275
-0.00911596071964149 -0.042534993457646 -0.0209017543771195 0.0724147834889926
-0.0283228977010934 -0.033217549031968 0.00999801024730254 0.0687703289602516
-0.0393847320459407 -0.0185501864209005 0.0289312220840308 0.0486752027834885
-0.042906285375152 -0.015711974401262 0.039129761970393 0.0234686311545082
-0.0449157594233125 -0.00896936226772866 0.0391643938096102 -0.00210158936592136
-0.0539441918200904 -0.0199551020669329 0.0436319055783425 -0.0184365442779463
-0.0434516659019068 -0.0428703743770671 0.0474414509159476 -0.027624655692937
-0.0291732039007144 -0.0590134429315206 0.0575810617936946 -0.0299725450020123
0.00469222310296356 -0.0676966374949708 0.0617389704205359 -0.0254186484449101
0.0451434855647175 -0.0623054044209366 0.0600239872194124 -0.0122211727055051
0.0664626660330777 -0.0513505483926354 0.0578768241622577 -0.0188711921715059
0.0764781101960653 -0.0267588405713941 0.0232615414049854 0.0058675918257937
0.0738890137459221 -0.0358578527111696 -0.0261413828477426 -0.0162435434403935
0.0440222183871793 -0.0526109612015511 -0.0591089339057233 0.00998036325621244
0.013371445432439 -0.0662330070204492 -0.0569393978206221 0.0412485064996759
-0.0155130889040119 -0.061925579857915 -0.0241254882381318 0.0594617609539683
-0.0383660320650511 -0.0472045298877466 -0.00275428449056078 0.0544135979741342
-0.0500393265858299 -0.0276383929151515 0.0102702017335491 0.0382573517297366
-0.0525270705663334 -0.0231385517424533 0.0191580472726995 0.0178365544108471
-0.0532710872845739 -0.0168406906713473 0.0187488977745813 -0.00728082432557556
-0.062305372662977 -0.0303666845289913 0.023946667856001 -0.0254798809746996
-0.0503416522901934 -0.0558469809816811 0.032753895742943 -0.038608570867666
-0.033201681944244 -0.0758283053861099 0.0519273819685263 -0.0377625007530026
0.0110313000129688 -0.0836530253449348 0.0590093859052781 -0.0256901053214977
0.0596121271093006 -0.0725328356912715 0.0485139305140894 -0.00302522910446378
0.0821036650331377 -0.0568500549625733 0.029243870501489 -0.00349111969480699
0.0830691678289991 -0.0271474940123677 -0.012102429960928 0.0131362944742894
0.0842363982281672 -0.0413325396837136 -0.0494002293178417 -0.00956054913418227
0.0512742501673173 -0.0658782893610749 -0.0673357340054927 0.0104383355421791
0.0119219842873332 -0.0806450071595136 -0.0566579492390096 0.033656008034193
-0.0208872463182261 -0.0709060748650894 -0.029807491229319 0.0418918703854095
-0.0441526011015831 -0.0521073742233429 -0.0182081971894849 0.0368385887742824
-0.0545081721093293 -0.0316170163383087 -0.0114526059316569 0.0261940091082784
-0.0535768609209525 -0.0281678541581532 -0.00282892733859497 0.00938675058428347
-0.0532563556224933 -0.0237352516735185 -0.00320250170377853 -0.0142674114649678
-0.0598846857896847 -0.0384990558854364 0.00332992614106547 -0.0334199787106499
-0.0459030239889036 -0.0640714979672916 0.0179239453879136 -0.0480648526422864
-0.0259963685382537 -0.0821963368190893 0.0446725439357156 -0.0441681673285373
0.0200110773840019 -0.0854884178077666 0.0537307338884599 -0.0246473289490923
0.0699381151278179 -0.06751459946394 0.0364038558676096 0.00805361632539318
0.0877401677477862 -0.0495881686707122 -0.00152254946793688 0.0104431612890108
0.0746629521423705 -0.0230913922774347 -0.0484864904403823 0.0225992961703243
0.0787802807075399 -0.0404032276845538 -0.0701353060381231 0.00284360044021206
0.0474011433551508 -0.0652440198091264 -0.0711707332757711 0.0126560402314906
0.00672975922052769 -0.077935253860737 -0.0549198217726587 0.0250058791636825
-0.0238978809166895 -0.0655446987135827 -0.0379265150010506 0.023060901441868
-0.0423315975695102 -0.0469563282025694 -0.0351551614654682 0.020740465411904
-0.049515140931985 -0.0292841675049369 -0.0327676491416507 0.0151242122463762
-0.0470401983000818 -0.0284893682761566 -0.0232627559398281 0.000662345457624032
-0.0459428696026673 -0.0279501135926204 -0.023661541719032 -0.0232893779497482
-0.0482769545971817 -0.0433057944269922 -0.0138058887514334 -0.0433851543039013
-0.0316303787114316 -0.0643612400681359 0.00732203473247802 -0.0581668909100927
-0.00874096653603304 -0.0778178690880291 0.0405720601628145 -0.0477349033903132
0.0329714748374209 -0.0725846580140924 0.048698193972706 -0.0202697562629511
0.0726978248390195 -0.0505965798911118 0.0225878121264027 0.0149397332737806
0.0811397083458253 -0.0347343144385957 -0.0296467201218302 0.0187240145071237
0.0535404631745444 -0.0140616433831198 -0.0779623563582025 0.032688253988484
0.0587920993516967 -0.028572317147894 -0.0832160433022946 0.0180150242210426
0.0358618187363345 -0.0490306167589265 -0.0718926133529684 0.0151923634300023
0.00376967146463106 -0.0572633899781748 -0.0534185519320193 0.0176973688866154
-0.0175890597691994 -0.0481467843035034 -0.046451390357473 0.00993846757845841
-0.0309526921410983 -0.0348426650215589 -0.0509162910647572 0.00924646234517474
-0.0362490209213075 -0.0232485580266821 -0.0498370401511597 0.00578263260971206
-0.0330663850965306 -0.0250795374827573 -0.039892752773388 -0.00928994884388082
-0.0313980105346101 -0.0267352833717954 -0.0387860581969751 -0.0345310236982811
-0.0299982866098105 -0.0403695478925768 -0.023932559677674 -0.0559389635076611
-0.0143245862645618 -0.0540402945313505 0.00306233973501016 -0.0688543263538978
0.00666261731755916 -0.0606495123955469 0.0391798371371832 -0.0507048727919079
0.0394860302316454 -0.0489336475553742 0.0430183762100817 -0.0177829596746183
0.0646674729052785 -0.0267368734659345 0.00891741318808035 0.0153333325459078
0.0626618007652293 -0.0147134746186597 -0.0531372572278201 0.0189379269949695
0.0239967346295312 0.000998630912024463 -0.0950687260215274 0.0416123577731325
0.0322402706955495 -0.00802060833936902 -0.0863649684606857 0.0306586658895716
0.0209659975877586 -0.021356236254601 -0.0697109102264364 0.0173034299658707
0.00368193418926908 -0.0262382631881344 -0.0530732810656137 0.0144718670233838
-0.00563986490678211 -0.0229842897473916 -0.0530956422942978 0.00460801783821643
-0.0120020215019384 -0.0183152470559572 -0.0595292460380613 0.00486543411736519
-0.0155271304311278 -0.0152029490214544 -0.0599450045257204 9.53988610914401E-05
-0.0142158602867525 -0.0171032479349002 -0.0504467795234005 -0.0172394371039658
-0.0133374153558501 -0.019681585559544 -0.0466098786480088 -0.0453799383216602
-0.0111114259881315 -0.027209440958977 -0.0272873586323445 -0.0675460691342638
-0.000994075038225117 -0.0332738321383852 0.00477577403208393 -0.0780562736899982
0.0141970102259043 -0.0355367302011638 0.0406850706970187 -0.053329718128326
0.0335129672220794 -0.0238236946202547 0.0397259496833582 -0.0162637928057447
0.0443031397195071 -0.00498315830553567 0.00045422713739317 0.0107967318922041
0.0347735233111847 0.00294859711806782 -0.0668243525204804 0.0132249443116239
0.00401884640049401 -0.0134925293734335 0.0712947158405146 0.0208791776687385
-0.00937512432996022 -0.0117780456263864 0.0188056309625712 -0.0154773792364247
-0.01597822503196 -0.000126253418494514 -0.0417978082542362 -0.00865575944640435
-0.0086704260580391 0.00673968852337693 -0.0704100783031061 0.0224192397536975
-0.0046244039553351 0.00647008558867052 -0.0506874372404369 0.0678250626968123
-0.00470128331717216 0.00424291255396248 -0.0113626940133262 0.0825726508625333
-0.00641643616770849 0.00607941388703387 0.019609513042482 0.0713585163479367
-0.00896804001644604 0.00235032454470858 0.0434991816081394 0.0484325498767741
-0.011546331237426 0.00369458747326924 0.0553560980885437 0.0291606653156948
-0.0147187754335034 -0.000997052811405514 0.0613230775254967 0.0211982240203249
-0.0102297975043618 -0.00610616987841646 0.0580465381008672 0.0184404755151129
-0.00778018966268051 -0.00745695698510795 0.059575691811898 0.0133231219762734
-0.00397823560030313 -0.0111024230181413 0.0674971096758043 0.0137971153843822
0.00685597215885742 -0.0171277199405596 0.0805597543688404 0.020649129459765
0.0144175700652335 -0.0125624538190091 0.106164997468246 0.0131628976979399
0.0354466592432917 -0.00564899052339503 0.0645976283072337 0.0246536527116387
0.0240016288395446 -0.00816758625440221 0.0131818850765827 -0.0142455404351528
0.0108975331242049 -0.00886497465888384 -0.0444729801464046 -0.00876084100201549
0.0100408511072396 -0.0127005299007584 -0.0718524971755794 0.019172559368675
0.00424332107877002 -0.0182261350428053 -0.0538889621809737 0.0631698319676667
-0.00751862904275702 -0.0200289410808241 -0.0180893554468308 0.0781326806222741
-0.0178416126051175 -0.0153228035790997 0.01387182604185 0.0679238562622959
-0.0226817506892659 -0.0171112377676845 0.0368043608004882 0.0465316768178687
-0.0263584241970152 -0.0136019917160192 0.0485357593204382 0.0241302471217564
-0.0292883098918472 -0.023787843159035 0.0583141560215482 0.0130943473902466
-0.0160198801784627 -0.0358229939908918 0.0598448754808323 0.0087153000644359
-0.00248718206319953 -0.0401723663822383 0.0642612424912852 0.00671550415205645
0.0188965923310964 -0.0371524044127243 0.0679453952416268 0.0092057148049481
0.0420468236636863 -0.0276464232589893 0.0719142839164938 0.0171143569230034
0.0524839488104425 -0.0152940470904976 0.0886661547709224 0.0110865353760151
0.0628619496822928 0.00400847777760385 0.0459108828052815 0.0219511028346189
0.0573370074533324 -0.00189223687335754 0.00143079561666163 -0.018657668605141
0.0398496307424157 -0.0171056128172525 -0.0510390320767496 -0.0132979090932499
0.0295779235139029 -0.0333236702957722 -0.0722002538093722 0.01611390547672
0.0116898867803822 -0.0426322542326602 -0.0535384690545331 0.0552285707178224
-0.0108733442643876 -0.0427117521463588 -0.0226186641326768 0.0670313010824615
-0.0268907256974397 -0.0334301414128239 0.00364711687868447 0.0562461685752719
-0.0319506378301123 -0.0332079721397013 0.0245970870033442 0.0375739712508334
-0.0368435089712588 -0.0283336968915023 0.0367693116679699 0.0141771735114948
-0.0399694988367357 -0.0412783227006984 0.0472683539487861 0.00128451422532299
-0.0211071097353568 -0.0592361890369183 0.0552293345453148 -0.00548796991822053
7.10459873364596E-06 -0.066517278872226 0.0657229653291153 -0.00274470536885048
0.0358032074000038 -0.0590935121760475 0.068011933498178 0.00597795122167491
0.0689658760916188 -0.0370488768083865 0.0605155883456381 0.0190276579656033
0.0828052105962389 -0.0173272244149021 0.0609671271781553 0.0122502810476497
0.0806385393466008 0.0104891742326499 0.0176487873117231 0.0134644355945811
0.0834345655460267 0.000863732969511222 -0.0177644247983087 -0.0270837810561776
0.0639655647299436 -0.0270637940804102 -0.0593550186179739 -0.0183421320473984
0.0420780690001706 -0.0533779915018382 -0.0713466784435711 0.0111718925442342
0.0147652516964633 -0.0621887944369865 -0.0509160694330744 0.0423569101070303
-0.0135798554297635 -0.0596685669770391 -0.0275837266151586 0.0481716652898405
-0.0334491539253769 -0.0465390875006316 -0.00902939560367763 0.0394827119692209
-0.0377377755890043 -0.0447065653076702 0.00868044559200314 0.0240978788923514
-0.0406971683814752 -0.0389946296339685 0.0202728211586486 0.00125839309983467
-0.0434708248923059 -0.0540212604711843 0.0327309599551534 -0.0133503519910959
-0.0216033521348925 -0.073853313604667 0.0476783205778107 -0.0224318824519753
0.00318990095914241 -0.083167686549932 0.0646598822596459 -0.0131288613723377
0.0478199004199485 -0.0701584893979199 0.0665105700105372 0.00321365912907996
0.0866377729817228 -0.0386344511693941 0.0460923861130092 0.022119712659131
0.0987570203089469 -0.0144894805974959 0.0273181907083342 0.0123560693644215
0.0861265323697512 0.0130579702213997 -0.0178387724149095 0.00331357807695157
0.0957602834412492 0.000381723965087763 -0.0425241315510678 -0.0322131245894469
0.0767904276522306 -0.0355932639746988 -0.0670672705230951 -0.0215086851346774
0.0463349179480195 -0.0666678696393995 -0.0686182493996489 0.00491598315666055
0.0136906806747242 -0.0727162341100676 -0.0480871294899667 0.0246209610738038
-0.0165118525924226 -0.0657799178147322 -0.0343846025497092 0.0259640678974497
-0.0357277892709148 -0.0513726308002491 -0.0226376546616055 0.0194020821967576
-0.0367840699623427 -0.0495812419323686 -0.00694709726141666 0.00742483182063221
-0.0379438590500386 -0.0453782467365509 0.00337451199935838 -0.0147416251684918
-0.0378680917714701 -0.0607615076996235 0.0172475517623509 -0.0294266767510031
-0.0145416626064332 -0.0790855090501146 0.0382088407738664 -0.0375075976616287
0.0122500970457596 -0.0854212058667206 0.061701012108755 -0.0215372460068759
0.0570872985950412 -0.0683076103167972 0.0613898590423407 0.00280111886725159
0.0931121964540804 -0.0302765233211625 0.0294904692997954 0.0272521804842788
0.100442272864497 -0.00577380137583305 -0.00568833303400735 0.0107348480334268
0.0776353258459147 0.0132612290444529 -0.05449618797038 -0.00324950050982246
0.089372517596829 -0.00117064173430766 -0.0661709057174913 -0.0285511556715111
0.0729559082730356 -0.0368408598103702 -0.0714709532178835 -0.0217538395502143
0.0405859574746852 -0.0658678687683064 -0.0628090324198082 -0.00286543738874122
0.007992539179112 -0.0695695441109949 -0.0477375772456471 0.00398086888396728
-0.0175900520028298 -0.060321248988261 -0.042217827095338 0.00340248029785317
-0.0328565762234899 -0.0479236076525263 -0.0360441553903333 -0.000350174476147508
-0.0306214549625997 -0.0474619941795906 -0.0220150773383329 -0.00972828458524387
-0.0289162672528541 -0.0446591895175661 -0.0106740371406447 -0.0314968449319775
-0.0254000018135547 -0.0597242671079028 0.0071153790503869 -0.0453895117556964
-0.00114175006725882 -0.0724714643760812 0.0342028370781277 -0.0507754145763158
0.0253893801884953 -0.0732874356988503 0.0598605477301943 -0.0257055019896087
0.0629705887068695 -0.0499711985957663 0.0544208986473201 0.00398876115389354
0.0885699881787799 -0.0131160349189166 0.0130946901162225 0.0261340980487971
0.087517364366579 0.00472781785416164 -0.0358954534228036 0.00436461927458833
0.0553944921127482 0.0119345456687671 -0.0857314863506049 -0.00672906931535017
0.0671983624001788 0.000585490775930647 -0.0845837332512721 -0.0212277451332962
0.0553458336285773 -0.0278280992692862 -0.0726013768496181 -0.018680663011602
0.0289458091891442 -0.0495353683246386 -0.0580024698259138 -0.00807640049845675
0.00559899704640363 -0.0498714356563618 -0.0486335651816708 -0.0125191238729947
-0.0129329635709906 -0.0441529375633037 -0.0506143375172804 -0.013723404088304
-0.0230075769277946 -0.0366974138704728 -0.0476421945392621 -0.0156632633881132
-0.0191645483236295 -0.0370790282625139 -0.0318816198315892 -0.0255508593943587
-0.0177007963595798 -0.0381991944211445 -0.0204107026609013 -0.0474599784483652
-0.0103348516975881 -0.0489164382330435 0.00369431737756503 -0.0607570234638871
0.00979550738179322 -0.0551047806442306 0.0340981198385174 -0.0620044253082205
0.0319668902112215 -0.0517763587104017 0.0597498619656805 -0.0282424611499794
0.0576152990774552 -0.026650341321716 0.0472596141313028 0.00395564268105961
0.0698312870814506 0.00443939916190281 0.000838135030675883 0.0199609321519058
0.0629353730548343 0.0138882915758671 -0.0567615357721763 -0.00664448346748607
0.0222541649562775 0.0128775321011314 -0.105027225851231 -0.00599610667185709
0.0336603286937597 0.00749238949412374 -0.0918724862054892 -0.0116833902528334
0.0297027091619132 -0.00925289135118891 -0.0706588174931522 -0.0159295261432169
0.0155897956031047 -0.0209360083302482 -0.0551580790637075 -0.0115279885545408
0.00498361422257217 -0.0225395544203716 -0.0507369600791924 -0.020021309503283
-0.00271310344697693 -0.0214373528792471 -0.057029052459306 -0.022280623129939
-0.00802511672572882 -0.0202208020934444 -0.0546624073508065 -0.0256084050801415
-0.00608831788688522 -0.0215190488881293 -0.038144603597251 -0.0370662576143572
-0.00432292411340367 -0.0233436498666453 -0.0217020720563146 -0.0599985634655211
0.000334010792983832 -0.0296483541272036 0.00462086622073473 -0.0717278845606415
0.0124379477539147 -0.0307775571197178 0.0387747534582653 -0.068168473537295
0.0277967073145506 -0.0264082999979937 0.0617035641648754 -0.0302743555691744
0.040912309953326 -0.00613596449299219 0.0436038259253071 0.00389842419956588
0.0419002870583187 0.01570705297144 -0.00490443152678892 0.0116073822181769
0.0291668911986148 0.0179529231275083 -0.0666159555645122 -0.0184787624037759
0.00382891877124413 -0.0128479589308308 0.0706640444888271 0.0170433231824425
-0.0097126300732884 -0.0117220166327604 0.0179402724480646 -0.0163112432003002
-0.0158198634301984 0.000292463016268552 -0.0413256323339807 -0.00714246563397136
-0.00786588528368201 0.00705271671975388 -0.0684180082011217 0.0247566739583784
-0.0038639168904736 0.00608563917679636 -0.0469037867241551 0.068373411689676
-0.00432584747104246 0.00447596672746886 -0.00721643524332174 0.0813239677808754
-0.00597663066545174 0.00555701818808399 0.023154632859013 0.068674639361773
-0.00913996937734301 0.00247765551207826 0.0444930416367854 0.0454926845853986
-0.0107381347706113 0.00405454781513094 0.0557670620311691 0.025958064607663
-0.0138701767421954 -7.88953312161845E-05 0.0618511995354779 0.0175030684241936
-0.0104188206267129 -0.00659843246342686 0.0585281604447994 0.0163072019524037
-0.00775004596674648 -0.00722648970528836 0.059697160875101 0.0114011583167752
-0.00426124263662937 -0.0109179976665337 0.0659152055665817 0.0109985854724663
0.00574873923000116 -0.0169854465121056 0.0800672169935685 0.0171775971497572
0.0131538461549336 -0.0133524391196475 0.104207774410432 0.00867185033854769
0.035074111740335 -0.00684353624064356 0.0645154718438659 0.0206357697003678
0.0236432793810536 -0.00935512882665274 0.013377159499522 -0.0147563143028104
0.0101603271254645 -0.00914662205269728 -0.0439290171233503 -0.00712317002473936
0.00921246554383208 -0.0128586552089488 -0.069654932862076 0.0219202141833398
0.00321192715651024 -0.0182117759103779 -0.0503605934564282 0.0640251822471259
-0.00843107523343758 -0.0196174352059576 -0.0143923300440062 0.0772624203926111
-0.0181003302347364 -0.0137266630016906 0.0165313908315834 0.0652282854913799
-0.0230664675680894 -0.0158349971236598 0.0379276468692416 0.043553805348289
-0.0260155407863871 -0.0122096785106204 0.0492414446315747 0.0210536883048525
-0.0297519786923341 -0.0217570893179693 0.0577557829252673 0.00974297907175727
-0.0175981232767932 -0.0349294337431281 0.0595496525395139 0.00599413920230782
-0.00401364795812791 -0.0390048325744113 0.0629431513003176 0.00391213736751779
0.0169875161907063 -0.0373276180189593 0.0660389825333427 0.00713022431557938
0.0399107542762082 -0.029341287182348 0.0713705916536698 0.0143976494229408
0.05117495206529 -0.0180392241975377 0.0873214544961614 0.00659002341515933
0.061000079225135 0.00107886294226188 0.0456618233056622 0.0191413203847133
0.0559986386478636 -0.00477094051676121 0.00122563956928208 -0.0195898557456942
0.0381971038778767 -0.0174868524790709 -0.0503826162283555 -0.0113669890067619
0.0268235079050734 -0.0337645068408681 -0.0705627398976777 0.018812894098805
0.00937664532186534 -0.0420885717466652 -0.0499358706469611 0.0559883171652913
-0.0125043126651779 -0.0413410687697312 -0.019019305171067 0.0660707177112504
-0.02840663317391 -0.0312079405745534 0.00613835530005574 0.0548680495374287
-0.0339676901258906 -0.0310361071449694 0.0255266717017557 0.0351133330254754
-0.0374990846012131 -0.0258753771861162 0.0359700332451503 0.0120362552644982
-0.0417021119288468 -0.0385041475601904 0.0470254618027216 -0.0017100616277707
-0.0238129663688793 -0.0573542249344599 0.0548660807908944 -0.00822946922098569
-0.00302553639945016 -0.0655107115140196 0.0649008270135446 -0.00547458813990028
0.0324788779046504 -0.059150546033883 0.0662823875032982 0.00342949116726851
0.0658956894748648 -0.0391388521727512 0.0601874163424505 0.0164078704568168
0.0796440463074933 -0.0203333815920765 0.0605136792496338 0.00928260913162787
0.0787520302571547 0.00693382677329419 0.0177228342924527 0.011592859733802
0.0815963943519014 -0.00309095063908418 -0.0179837478137791 -0.0262606090555979
0.0615920128794161 -0.0288072946035928 -0.0587251700913296 -0.0158739100283382
0.0385935319037476 -0.0539578705295205 -0.0701528451608631 0.0137022967376727
0.0112846589183526 -0.0622169057664106 -0.0479515561786052 0.0428901913600787
-0.0160814947041625 -0.0573787294431453 -0.0248457807245309 0.0481800329143176
-0.0347884914692746 -0.0437688199897141 -0.00680639191187962 0.0391480410335111
-0.0394191312499884 -0.0417790822621357 0.0102646252594014 0.0228980494295704
-0.0417783323071233 -0.0367493301168112 0.0192473194395761 -0.000196634697349974
-0.0457443515985696 -0.0509035478592625 0.0318715906478445 -0.0155556040880993
-0.0256529300268694 -0.0716518827224795 0.046046764207197 -0.0238645795448463
-0.00054674922369493 -0.0812582246167776 0.0637457925258597 -0.0157692477020971
0.0440857123179744 -0.0716255443830774 0.0638794997587972 0.0016157880558327
0.0833049224518348 -0.042033811012826 0.0462835948193467 0.0204091697258965
0.0956622477635778 -0.0189914505339123 0.0282866287649597 0.0114770382003442
0.0847734883420776 0.00937377564510214 -0.0175913829762545 0.00330367648471571
0.093832858168339 -0.00448050241093576 -0.0421430755265145 -0.0301946834159699
0.0732802661759121 -0.0373845296860739 -0.0660684907736876 -0.0182942512787006
0.0419116064121853 -0.0673424394452186 -0.0666066332578565 0.00679708108834541
0.00914028457194759 -0.0720188595065962 -0.0464911830823626 0.0254898491931408
-0.0200172652344994 -0.0633545988855334 -0.031813096184703 0.0264271369640394
-0.0372829518895815 -0.0484688810741365 -0.0213991155847697 0.0201763360474768
-0.0388591429848055 -0.0463875635303589 -0.0060718891253748 0.007336236430944
-0.0395511499144441 -0.0421837729224085 0.00181715998812136 -0.0146952912651702
-0.0404533343483266 -0.0577096020555273 0.0164579235551004 -0.0298708077189031
-0.0184704496626761 -0.0765793396364603 0.036559185105795 -0.0387672808436785
0.00781306070556425 -0.0844858594024901 0.0603129560801746 -0.0240812737203876
0.0532510205774819 -0.0695292660501582 0.0590109695738818 0.000467416410010428
0.0908103721180067 -0.0339516218025254 0.0294446402348675 0.0253715847101994
0.0979582681556835 -0.0097852633557589 -0.0050331420845182 0.0107520566369407
0.0761359236983496 0.00955608361136915 -0.0538074557554238 -0.00189683143822457
0.0882514790441914 -0.0050982960928599 -0.0654558556161192 -0.0264884944021816
0.0695546209102049 -0.0391934432069458 -0.0710136320319808 -0.0179281479692478
0.0367452644121823 -0.0664738465367568 -0.0616873060333696 -0.000370337457423003
0.00465883023865599 -0.0682440927522508 -0.046299657914297 0.00544382073361842
-0.0203960148023577 -0.058072728346049 -0.0411250327906544 0.00561125119257299
-0.0342469659017522 -0.0450762580119376 -0.0357860758912011 0.00199059368017749
-0.0324020047449415 -0.0442777003286789 -0.0209714131451238 -0.00855767076524563
-0.031832693356185 -0.0429166891797653 -0.0125041339851849 -0.0304450768549007
-0.0280186957534358 -0.0569590912670178 0.00514069708706364 -0.0453474844933821
-0.00500344617789581 -0.0716113854341617 0.0303815322771369 -0.0514542709175579
0.0212248631281651 -0.0734949444060945 0.0582901238380035 -0.0287031571389625
0.0589213964659579 -0.0525785569694235 0.0526382144369974 0.0023210062399376
0.0860888580569622 -0.0174213659651526 0.0143129684545527 0.0253739847767634
0.0861282867265493 0.000610129155554291 -0.0342661237285841 0.00622204492376317
0.0541689139316665 0.00937861125962419 -0.0845274555946656 -0.00385724384247494
0.0655407681864578 -0.00241390949076856 -0.0824297606027211 -0.0176242889184242
0.0527330179171519 -0.0292354571934993 -0.0715857421745492 -0.0167545850102369
0.0259661796975387 -0.0492828364102534 -0.0569646806653257 -0.00682942144986933
0.00294130144750705 -0.0493436132004542 -0.0478058880525857 -0.0102857007193795
-0.0145081571900922 -0.0418925651302076 -0.0505198800324817 -0.0111544713371529
-0.0244496715191101 -0.0346508686331347 -0.0478620680249374 -0.0127010764070165
-0.0211118653936339 -0.0352707004705084 -0.0323926943328633 -0.023492889714186
-0.0187549739424348 -0.036137083436806 -0.0218092047896608 -0.0458116693411498
-0.0128715552698493 -0.047701262251113 0.000410310088358464 -0.0597970008096052
0.00676192293373371 -0.0548876015493294 0.0308694570333147 -0.0623111319328317
0.0290186595179769 -0.0520756018096327 0.0578540663901432 -0.0312438298659964
0.0552719221044383 -0.0285400857608543 0.0467369509224689 0.00251026637144016
0.0690525587409885 0.00108233825717121 0.00117283495954602 0.0199604241909847
0.0616425623558075 0.0114182162253753 -0.0552750177298713 -0.00340312391814189
0.0214800398358116 0.0113439365074471 -0.103314299771751 -0.00175645231955592
0.0325983072953384 0.0055303655718946 -0.0894360352382464 -0.00750289022470571
0.028031660445051 -0.0104300436297931 -0.0696946801953526 -0.0133528115512934
0.0140047326750136 -0.0210084635470867 -0.0542350351535625 -0.00936020474048858
0.00392642817419557 -0.0218585229256295 -0.0509053140458893 -0.0181710246236066
-0.00342780690002697 -0.0203626618527913 -0.0570482119615377 -0.0191890585403834
-0.00900835512271822 -0.01921824045596 -0.0542103907864107 -0.0222827631615315
-0.00666442766979011 -0.0208560621600441 -0.0385071129992394 -0.034272699309206
-0.00512213009321002 -0.0227134341106345 -0.0247236412231729 -0.0577606466699415
-0.00109385682146815 -0.0289420450746462 0.00149683615835869 -0.0710417346357129
0.0111998250337183 -0.0308463553583474 0.0352222584918179 -0.0683443893846371
0.0259178075109703 -0.0268095331769957 0.0593629143558338 -0.0321416717774194
0.0397563318871294 -0.00744471778377893 0.0427831503392923 0.00152641765741894
0.0413377077798763 0.0131384757395199 -0.00445623886762655 0.0114000884890442
0.0292996785659445 0.0164418777348053 -0.0650075012563837 -0.0144312139602129
0.00381602445999706 -0.0126544305446493 0.069456200911878 0.0146867045907845
-0.00975744436345544 -0.0110772574164758 0.0180038394469637 -0.0168407222246768
-0.0151423507222267 0.000594016536312436 -0.0401171823526518 -0.00587512877420488
-0.00769867850719463 0.00720716360583542 -0.0657346029770747 0.0258785321587304
-0.00324953332340473 0.00566734059642834 -0.0444799270990362 0.0674274817539062
-0.00394759007794244 0.00424951729419401 -0.00426533740055952 0.0793556069094025
-0.00581299991793175 0.00538114664806937 0.0245755128430712 0.0657746431217674
-0.00855536837629045 0.00257486028111031 0.0443136573105306 0.0427855757209869
-0.00966019523770477 0.00391200887889993 0.0551270399488457 0.0234243836382876
-0.0138726548843617 0.000197527056298422 0.0615893300869799 0.0158592519010718
-0.0104888173683034 -0.00624579065710317 0.0574267988441546 0.014590721417256
-0.00745772501707874 -0.00709653683989156 0.0578673530000764 0.0096667611201147
-0.00406766581194335 -0.0111886304028517 0.0636244610700282 0.0101761341063961
0.00481668634130586 -0.017081434404051 0.0778151496957769 0.0156195351247773
0.013227212902432 -0.0128637991893101 0.101941817591135 0.00491314464730805
0.033797855163653 -0.00720606487487736 0.0628555992101959 0.0185350602960545
0.0227678628948735 -0.00976532960321106 0.0128798784844389 -0.0155303275110223
0.0100260037795633 -0.00904015373864853 -0.042802963393765 -0.00588858811911203
0.00816360645542436 -0.0127471844438341 -0.0671893183481954 0.022945317090151
0.0022679110075423 -0.0180493259468053 -0.0476742981208532 0.0631831304091063
-0.00866918539168074 -0.0185602536494295 -0.0115563194964293 0.0752256315927047
-0.0182670359834287 -0.0130101011477034 0.018147662319286 0.0632299368790059
-0.023485212912785 -0.0150136958038597 0.0382174401008722 0.0407143278851241
-0.0257660421063328 -0.0114271746339731 0.0482032773954728 0.018743734631554
-0.029667292780687 -0.0202029951346222 0.0568659287179309 0.00774970211909758
-0.0179604749901199 -0.0337893691982442 0.0585095008049146 0.00445058212911812
-0.00481294436561229 -0.0383051759988796 0.0616505121729417 0.0026936306645756
0.015660087860114 -0.0366557596642457 0.0640189244080792 0.00622707638720669
0.0382653181944185 -0.0296312062939315 0.0695805248449353 0.0119981383941837
0.0496851071605758 -0.0185283601670997 0.0855150416977946 0.0043257875385658
0.0592498561927801 -0.000139412397340986 0.0445111315380059 0.0170861127259417
0.0546856986302509 -0.00654251466520062 0.0012250796391949 -0.0197001076071309
0.0367166442982319 -0.0179874855102733 -0.0487559000496421 -0.0103092323907595
0.0246963592546801 -0.0336137438842592 -0.0686500397606672 0.019871381198544
0.00747487407861461 -0.0414410751154407 -0.0468727542302791 0.0555881958580817
-0.0131281055542149 -0.0398720289442444 -0.0164160983953422 0.0643313478836463
-0.0287672971078879 -0.0297246213101906 0.00776497478183768 0.0535268515020498
-0.0339951160985127 -0.0296844151182187 0.0261161650823196 0.0335857606946676
-0.0372446100253453 -0.0244607611184947 0.0353030941046136 0.0102118046437287
-0.0415608151649935 -0.0364177046575309 0.0462070234823197 -0.00348046996339622
-0.0251880131833606 -0.0554532794226737 0.0537889611048925 -0.0094789798311319
-0.0048333506121188 -0.0635361013107064 0.0629934823426801 -0.00671731353151025
0.0301289210323154 -0.0590526211454076 0.063574599026638 0.00288076169621154
0.0640624827205735 -0.0398357808165783 0.0582122465095973 0.0145815066404621
0.0773113311670937 -0.0216329421213107 0.0595971929492052 0.00756576426633702
0.0767646039737691 0.00518377326407327 0.016985809823212 0.0102641329642785
0.0795630011799618 -0.00542012589648307 -0.0171278086710144 -0.0263999345601067
0.0592937720692721 -0.0289935367429619 -0.0571243311985547 -0.014661125097128
0.0360244389290291 -0.0536631223031156 -0.0680208671654512 0.014780055980312
0.00890941593033368 -0.0612333402761365 -0.0454209424021067 0.042375055146081
-0.0173616229569525 -0.0554014091547416 -0.022990615918446 0.0475049531203002
-0.0351443136465742 -0.0417879135265705 -0.00541018392504733 0.0382604155821731
-0.0402288920161261 -0.0395998104520376 0.0103195129550672 0.0218800918071361
-0.0421073934895442 -0.034651399757852 0.0188077738999247 -0.000565520946253424
-0.0458677656279661 -0.0482158532395184 0.030847203790314 -0.0163073483158604
-0.0271710632035314 -0.0692346671074569 0.0441977336622087 -0.0247635473031773
-0.00301948146598511 -0.0790520841194961 0.0619281052157219 -0.0168603340152108
0.04132508108913 -0.0709607434602615 0.0615549757742031 0.000339126542107138
0.0808860038500405 -0.0434583366631425 0.0451327790805638 0.0186743039932364
0.0927750265133655 -0.0209927663140594 0.027962571009008 0.010435463131101
0.0821313529835311 0.00755368652188726 -0.0170370173542864 0.00292748554913775
0.0913937130393195 -0.00689636573873847 -0.0409285125406538 -0.0288604226422182
0.0706205740879229 -0.0379901303140249 -0.06453287571383 -0.0170257200115469
0.0392279501055357 -0.0670156029202774 -0.0650405831241474 0.00774802345285658
0.00662348593464636 -0.0710457915055376 -0.0440905716689435 0.0248540345375489
-0.0210511446291789 -0.0608483476311353 -0.0307763380575419 0.0266218153262676
-0.0377226212518864 -0.0460932443708421 -0.0199310049498939 0.020800351355083
-0.0393580622123552 -0.0440291346702375 -0.0056463048025071 0.0069602143313644
-0.0397740276359348 -0.0401371146172518 0.00140935080694604 -0.0144670435286817
-0.0410717606507668 -0.0548127743666134 0.0152367303651443 -0.0303503991084532
-0.0207326369835912 -0.0744407584837985 0.0346857975871016 -0.0390623807311509
0.00540771898969698 -0.0822574526653377 0.05841362624184 -0.0250652083908821
0.0496360679395697 -0.0692733536456638 0.0569799406773746 -0.000334308772149136
0.0875558575450982 -0.0355004758004456 0.0294140248757935 0.0239483588518144
0.0946834822376152 -0.0118545894851569 -0.00437327123068583 0.0111478810305577
0.074324353805658 0.00811709593721735 -0.0523830231359288 -0.000525772939733136
0.0854738367863544 -0.0072998034011469 -0.0636203194360385 -0.0248056468433439
0.0669377330489126 -0.0390199637787939 -0.0692038598098203 -0.01641631866438
0.0334239636198186 -0.0657656467915874 -0.060209677779942 0.000677917746209578
0.00235921151456633 -0.0667733784388152 -0.044804429134888 0.00568922966517119
-0.0213309019225304 -0.0555369681617315 -0.0402957663567883 0.00595734457685205
-0.0342945854483993 -0.0421877386970446 -0.0346865166412081 0.00315625617303802
-0.0333339111686659 -0.0417684997931155 -0.0205161464711869 -0.0081660898591995
-0.0321626416204362 -0.0407874835654338 -0.0132088961766608 -0.0293180283044405
-0.029088002291009 -0.0543956008842467 0.0037509776321317 -0.0446503787207596
-0.00760738812528859 -0.0691163927948079 0.0287681349821013 -0.0517093716467496
0.0180564955963282 -0.0715829682129177 0.0563554072104853 -0.0296798587412293
0.0558562299134292 -0.0528338600665346 0.0506246493560566 0.000905851932023157
0.083610959663214 -0.0194709828373403 0.0140365965928865 0.0244335753420348
0.0835555296579456 -0.0016835960755691 -0.0330074859304841 0.00752094792117974
0.052350451024537 0.00767544604119705 -0.0822842987168669 -0.00195625372747433
0.0632853105688876 -0.00389153786724166 -0.080432176030932 -0.0153701249655132
0.0501446810810308 -0.0293727368420981 -0.0698162204728315 -0.0143145671974068
0.0237248928648141 -0.0484869565516439 -0.0549563099673347 -0.0056641495659913
0.00146850962538221 -0.0482870731074816 -0.0469251641400707 -0.00942844740845782
-0.0153579024178486 -0.0403589071406677 -0.0499032729410136 -0.00979262828349541
-0.024570218065127 -0.0324511633659759 -0.0467741852719661 -0.0102830702014265
-0.0218679077786407 -0.0339503693826525 -0.0317727441644419 -0.022120951896323
-0.0195504938656171 -0.0349163285707336 -0.0226590668215462 -0.0439858425231675
-0.0143083555957634 -0.0454381609228783 -0.0012672907043368 -0.058456617019896
0.00452245973517558 -0.0535855007159073 0.0281341788287429 -0.0621221989391329
0.0261391572141816 -0.0507004956412601 0.0557493356795862 -0.0318629514766088
0.0528189356604353 -0.0294376172526061 0.0448750754503099 0.00118704880274796
0.0666440713398502 -0.000658175120695458 0.00147733808166546 0.0198259923054753
0.0595828128018412 0.00939759849055334 -0.0532591742701086 -0.00107005215665742
0.0207855917503729 0.0107302842443476 -0.100194622647723 0.000823445176599887
0.0316945008208461 0.0045253596043905 -0.0864681104741976 -0.00570190623761474
0.0270743948565516 -0.0102714588172966 -0.067602456425959 -0.0120323395310298
0.0132545791295197 -0.0207716643640549 -0.0526601199830585 -0.00814514448209078
0.00306235121792577 -0.0207705874274606 -0.0499534443785827 -0.0165672237922626
-0.0042037830265259 -0.0192543560480447 -0.0560319408765331 -0.0168001026232577
-0.00916341810910055 -0.0187181973298361 -0.0534444559459457 -0.0189755477311958
-0.00756546822528743 -0.0201733976828854 -0.0378811768106187 -0.0322753725519414
-0.00587895671720764 -0.0217001001336604 -0.0257128359509449 -0.0552604402915524
-0.0013498456333485 -0.0278183519430461 -0.000472327993039989 -0.0686718191534242
0.0100471306606078 -0.0295981658525343 0.032175755087462 -0.0676968733285337
0.0241285729948699 -0.0264830813512918 0.0575572322919679 -0.0328673742475098
0.0382965904665087 -0.0084006771460555 0.0415914659872765 0.00062749834331397
0.040441977889741 0.0113069273084818 -0.00425023233559787 0.0116689188430072
0.0279662064170062 0.0145786467166624 -0.0630923840866719 -0.0113107579715516
0.00392345170746478 -0.0125076424603051 0.0678375834466681 0.0133973340526357
-0.00942160445710899 -0.0113655121626434 0.0176311706383409 -0.0172782720591484
-0.0144767470719506 0.000387096179933782 -0.0390646714367135 -0.00542483372944996
-0.00752008510704999 0.0067777682494476 -0.0645375765721473 0.0265028929994015
-0.00342649753584612 0.00556985687825386 -0.0430551741065068 0.0666271717897069
-0.00379358329446044 0.00367390631868368 -0.00305544766039743 0.0772759935717888
-0.00563038253608042 0.00494270015729444 0.0254310802942701 0.06367462267808
-0.00847983379680449 0.00225642190022501 0.0440590923188261 0.0408231063922794
-0.00967629751847844 0.00362548590691706 0.0552043496723066 0.0219943395322777
-0.0134945601376036 0.000638019660848994 0.0611153232135694 0.0140658674595596
-0.0102660063701827 -0.00632632740853466 0.0567887994176882 0.0142332991600841
-0.00727939865912796 -0.00709330480208521 0.0565750576665336 0.00952945217608828
-0.0040640077031371 -0.0108075381609803 0.0619787426361183 0.010152928360817
0.00465132369182802 -0.0169049326566452 0.0761153994475343 0.0148441483565841
0.0125443656619618 -0.012823296184635 0.0995265961627562 0.00349588987164432
0.0328162395876023 -0.00777303699299634 0.061405293929487 0.0167826890882735
0.0221661238053787 -0.0106254505696819 0.0128717184884575 -0.0156361729051831
0.00952533418843722 -0.00878045444614691 -0.0415780933543898 -0.00586919885307544
0.00776238024041339 -0.0128826325965991 -0.0657025179898555 0.0235375782782081
0.00174775468511245 -0.0184165512270524 -0.0459555619399404 0.0622472180483243
-0.00917979686998799 -0.0182699890098868 -0.0103025074700228 0.0732566950139817
-0.0181071399476166 -0.0126165773783507 0.0188436266494294 0.0612051007830113
-0.0233669282430935 -0.0141347602961187 0.0379278387476597 0.0394702313595047
-0.0254069313481811 -0.0107855910041622 0.0482117493429222 0.0172695097357836
-0.0293573599463431 -0.0192212553796212 0.0566652089504475 0.00632288524722119
-0.0186131075965394 -0.0334081943683488 0.057685747489245 0.00367523132001251
-0.0052593759106539 -0.0379770631044821 0.0601520685192055 0.00244738257592978
0.0151915661903579 -0.0361480503994427 0.062392476102788 0.0061100216734529
0.0372449830039837 -0.0297958428178138 0.0680045509562993 0.0118977970839407
0.0484573063484704 -0.0188945268363099 0.0838691137869169 0.00313447268959186
0.0580867439635215 -0.00027374458657275 0.0434701052993304 0.0158814761418682
0.0536246130989546 -0.00721155095792808 0.00163594420281174 -0.0199086214000728
0.0357321114126 -0.0176328881735044 -0.0472517959623445 -0.00930912828401598
0.0237233992785653 -0.0330238969353938 -0.0667180505786004 0.0199991970361765
0.00668133613203745 -0.0409356054288424 -0.0452830785865014 0.0542847924047052
-0.0138435453552449 -0.038809613413856 -0.0154613974992965 0.0629692718478528
-0.0287816159909821 -0.0282248397484029 0.00835409958162703 0.0521922446208627
-0.0339227212925148 -0.0281956403759568 0.0258357015102787 0.0322980434939549
-0.0369114506594467 -0.0236789615822863 0.0347788241369769 0.00936892034522669
-0.0414785819459517 -0.0345651056823377 0.0454904657145554 -0.00430680836127855
-0.0262918911245773 -0.0544500242394555 0.0529119706985533 -0.0102619484243788
-0.00561634478785098 -0.0627469290318038 0.0624929379937746 -0.00758096674279481
0.0286206626470809 -0.058273350266715 0.0619917084550945 0.00310496555887552
0.062500463001379 -0.0404174671803058 0.0568614962122047 0.013542398117246
0.0758792234504309 -0.0226423921521035 0.0583116650789474 0.00664095199842762
0.0749185535423394 0.00472917746668066 0.0168803424339689 0.00935754721633352
0.0781872593398099 -0.00655305018135227 -0.0166294160469052 -0.0263355927084174
0.0581866185988488 -0.0284921646807754 -0.0555547044515576 -0.0134708704335423
0.034488597534568 -0.0536194654001189 -0.066497352022278 0.01487961800787
0.00767625332312282 -0.0600039716494614 -0.0438725117362727 0.0415959616075773
-0.0178747648132303 -0.0535040987296709 -0.0214089814580748 0.0462697683714535
-0.0348125631600247 -0.0401302811677265 -0.00490197654141816 0.0375156312079802
-0.0402300914442746 -0.0377653410405177 0.0106445119543721 0.0211186528333392
-0.0418087400145484 -0.0333038343475085 0.0178718695620227 -0.00136331540748005
-0.0458720266488567 -0.0462889621032386 0.030265420511048 -0.0167817636031343
-0.0283042784853612 -0.067775303577366 0.0436853136059014 -0.025598633826318
-0.00410465006073186 -0.0777109418074503 0.0604987336242457 -0.0175705512829171
0.0396999932447144 -0.0701012830169561 0.0599417302061385 0.000573037886684491
0.078898853016163 -0.0441044865336871 0.0441223068007978 0.0177749403331967
0.0908344606113885 -0.0215902120450133 0.0277340086432925 0.00984888681990838
0.0803908858440946 0.00714769597378023 -0.0167358523913204 0.00296225076612651
0.0895765138051251 -0.00781373044378222 -0.0396240397340376 -0.0282124443725118
0.0688104645158229 -0.0373745117208414 -0.0628302761831562 -0.0158888752785657
0.0374266207741365 -0.0658470055940338 -0.0636592240736149 0.008167484574872
0.00510545025266115 -0.0696996203005546 -0.0425873153367505 0.0241319195947722
-0.0221907166552281 -0.0595020221975439 -0.0297569131382439 0.0257248259795856
-0.0372972917493122 -0.0440122483555557 -0.0196975415597127 0.0206747739211704
-0.0392456769340681 -0.0424890207342933 -0.0054387696192794 0.00710081502683197
-0.0400343983033345 -0.0391377475120826 0.00085880641372183 -0.0143266430233175
-0.0413896655974809 -0.0527759363273044 0.0147916617415527 -0.0302706242884005
-0.0218766944866973 -0.0727606245833297 0.0335273407079692 -0.0389245151457176
0.00383452954003142 -0.0804969330258211 0.0573850530031978 -0.0257928705867107
0.0477301847725383 -0.0689430088581468 0.0549937851694119 -0.000292132268016643
0.0856206549549654 -0.0362514345352082 0.0286932072139094 0.0231790950966375
0.0926507480196967 -0.0132745216329145 -0.00342981750503731 0.0112062165291673
0.0719161968334134 0.00687897575846418 -0.0515957518481217 -0.000521280620776405
0.0834148162135469 -0.00868396854741982 -0.0621338231931129 -0.0242346063099399
0.0651133309345801 -0.038983322748955 -0.0670675953517357 -0.0153601439101831
0.0318318887849492 -0.0649282717091152 -0.0584423331334536 0.000980941410324086
0.000839795844377635 -0.0654028217083225 -0.0441067298469158 0.00499531853082711
-0.0220139175840163 -0.0543551898872125 -0.0398487384178957 0.00636014172525018
-0.0341937658990379 -0.0408543606926757 -0.0339771953603039 0.00418680705581792
-0.0333851680549747 -0.0402588393240111 -0.0203087968468165 -0.00771953735066525
-0.0324184524614419 -0.0390180644683788 -0.0134150286494041 -0.0285635533922543
-0.0294695587092972 -0.052677052431225 0.00316805341406099 -0.0440723499374556
-0.00901909623438879 -0.0679822109284882 0.0273217988644717 -0.0510650345132371
0.0163299538375163 -0.0701602141300256 0.0552174261993982 -0.0304260055019768
0.0541091255628917 -0.0525188510572914 0.049623751732135 0.000830756888181074
0.0816104145664786 -0.0203058802434675 0.0140228646589915 0.0237402425242047
0.0812042568744166 -0.00279013560346445 -0.0311664494705898 0.00842059261193338
0.0510928474855956 0.00718205162531101 -0.0806127099377717 -0.00122558926331566
0.0620191122850072 -0.00478058069989129 -0.0780625349356031 -0.0151980556925707
0.0484906154325703 -0.0291193841165707 -0.0676486066820647 -0.0134407754548349
0.0220166226890786 -0.0479202440691618 -0.0538563397896132 -0.00527163488807463
0.000502850460942781 -0.0469802634379651 -0.0455828358107721 -0.00997022694717497
-0.015645829062855 -0.0388827581967984 -0.0499261248331229 -0.00925897422228149
-0.0245428162786098 -0.0312816576997313 -0.0461315148363498 -0.00908097707697404
-0.0222795071535451 -0.032398352266524 -0.0316029601569624 -0.0211327188728921
-0.0200356877784318 -0.0333447434506065 -0.0226253158842563 -0.0424061392360252
-0.0144176268870765 -0.044428036559804 -0.0025522677136522 -0.0574771808811607
0.00298432995988116 -0.0519224584083019 0.0272238088236522 -0.0609938891422515
0.0246678665678089 -0.0501254837227269 0.0546617898447083 -0.0331047493750926
0.0510399020536169 -0.029716322849664 0.0439973661283078 0.000904009333445125
0.0657932797649731 -0.00174313586650251 0.00188918005340318 0.0197168291891856
0.0581196105959455 0.00869128440812394 -0.0517951561215566 0.000356061052155141
0.020559547964573 0.0100994863480457 -0.0984592943192626 0.00173682168731245
0.0309126268305799 0.00412444005143105 -0.0840591815407335 -0.00494934869729017
0.0262929646477258 -0.0106574292197286 -0.0664921284035892 -0.0114024799474614
0.012540186628537 -0.0202925671890984 -0.0511405725443405 -0.00748081993537294
0.002291996206518 -0.0207983533782167 -0.0492262328469124 -0.01623057193197
-0.00414121131240805 -0.0182920030923142 -0.0555658421429066 -0.0157496452012127
-0.00887344022262589 -0.017382036022203 -0.0529489990851305 -0.0176224035250106
-0.00785879876003067 -0.0196112781577002 -0.037415242720943 -0.0308315483057768
-0.00605699141840842 -0.0212906483721372 -0.0256141346740115 -0.0536083197237092
-0.00227526004906807 -0.0268338810300454 -0.00177584732095302 -0.0674351260768771
0.00877117811883537 -0.0293286347322902 0.0306125188097715 -0.067021823495754
0.0233169527492905 -0.0259477242525632 0.0565046278148236 -0.0333052022941138
0.0371634208939046 -0.00866413634937576 0.0408855413148525 0.000481245779988172
0.0397860072327515 0.0105581640811364 -0.00422553831468065 0.0119239815252806
0.0270085713224453 0.0146129754946605 -0.0610333890304025 -0.00993233345966581
0.00399410235855041 -0.0132360135362428 0.0670296671869397 0.0125819796494987
-0.0100076327197971 -0.0119918296169036 0.0178255747722772 -0.0181156400666492
-0.0139816137664195 8.98488792491038E-05 -0.0382509895889953 -0.00576880718708147
-0.00779694506902998 0.0065075304284956 -0.0632526469961263 0.0270211138025736
-0.00337338670092375 0.00523972552156925 -0.0422144323095518 0.0666433157971831
-0.00390824388496257 0.00364489182040879 -0.00201352772395073 0.0764651851708771
-0.00516806809620965 0.00495706135960783 0.0263455686845825 0.0618822574420856
-0.00841559775087432 0.00212097817984664 0.0439277856941692 0.0401887972992322
-0.00938242739370408 0.00343318608726792 0.0544352151220099 0.0209004605602186
-0.0130918061833579 0.000216142936552913 0.0610530972930287 0.0126890205301387
-0.0103936178099749 -0.0063017809773054 0.0571533338783809 0.0136850805592701
-0.0072239329993465 -0.00728002197820303 0.0556787867644116 0.00943877582381599
-0.00426445573848722 -0.0108237969016069 0.0611729834189298 0.0106524853541146
0.00447632485965971 -0.016567362914607 0.0752975139624563 0.0143359899120608
0.0129883632036611 -0.013418507570409 0.0986805226202242 0.00271849703367573
0.0325428141469323 -0.00811719119177234 0.0614967995190383 0.0159682416515445
0.0220083471358216 -0.0113395144433058 0.0134564243684777 -0.0167947879478349
0.00930204813899733 -0.00918418761116816 -0.040167551284157 -0.00551183975750363
0.00759725717932428 -0.0123392405132126 -0.0639635299123525 0.0239217611890909
0.00186711362880642 -0.018438459298896 -0.0450073760909304 0.0621431908063792
-0.00929583912989018 -0.0185766587433686 -0.00937110688267895 0.0724116906202227
-0.0184775363773541 -0.0128223088962291 0.0192495885531771 0.0600003250383317
-0.0232043018146091 -0.0137865540378277 0.0381849101572561 0.0384500884743615
-0.0251657502466669 -0.0107140175142114 0.0476775385372585 0.0159395235182685
-0.0301066548657966 -0.0188000144310782 0.0567314046656929 0.00546917295463453
-0.0195003251701295 -0.033118817813246 0.0580966325670331 0.00290384947616282
-0.00628792669325663 -0.0374911321778064 0.0601065565730773 0.00154912912157137
0.014548091758945 -0.0364451061184423 0.0612322362128733 0.00674304552882324
0.0367210943880467 -0.030017416925738 0.0675658961517544 0.0110854876952058
0.0475651405830872 -0.0194789637130902 0.08295847313366 0.00229122537415548
0.0578020542077716 -0.000440182290802513 0.0435615670391451 0.0147650093926264
0.0533460040243634 -0.00804376251614957 0.00166155429823546 -0.0206180073538692
0.0355669555514102 -0.0179367727984821 -0.0465587218839159 -0.00938546800270548
0.0227844403478538 -0.0332704879535839 -0.065497454764891 0.0201407826007859
0.00543678403857611 -0.0406149256699125 -0.0445194705361482 0.0538567217591358
-0.0141030804839031 -0.0383392331432197 -0.0142913061687622 0.0622190661594946
-0.0288222299000347 -0.0274008837132475 0.0092870244772534 0.0509422336819411
-0.034697269173904 -0.0274046922657789 0.0261016588913097 0.0315269957956055
-0.037138898708541 -0.022764145495719 0.034907243268968 0.00836216206764628
-0.0419188880960365 -0.0341352889109011 0.0452526742485832 -0.00546874913200385
-0.0270225052271586 -0.0536476746716117 0.0521813061784238 -0.010643879034769
-0.00635728071251207 -0.06232849953131 0.0610761314426902 -0.00803270626031259
0.0280328619674405 -0.0585273270563458 0.0609549119584504 0.00349377431876223
0.061596200933148 -0.0407942258051703 0.056639803770298 0.0135718768210294
0.0744199883261916 -0.0229126897418096 0.0581611891527522 0.0062704074756095
0.0744431895550457 0.00419555406822327 0.0161578207069547 0.00855519517123174
0.0774624718925863 -0.00744827155554468 -0.0165222108737365 -0.0270860164227867
0.0572644009624185 -0.0284353576485914 -0.0544587105627978 -0.0135475446565232
0.0334981051909426 -0.0535774863616709 -0.0652882857016294 0.0148362424128859
0.00647001215083753 -0.0595020411922144 -0.0430674909536482 0.0408315918380251
-0.0183076072724955 -0.0532213993004228 -0.0214817998720965 0.0454921225815397
-0.0352911373034863 -0.0388664991006968 -0.00426163152420223 0.037372021981275
-0.0408864786959398 -0.0368127321399237 0.0107075969024914 0.0211089325411829
-0.0420055429239649 -0.0325212252973011 0.0176324420139762 -0.00158053884376745
-0.0462364931656536 -0.0453293895701225 0.0299734026366187 -0.0177418610824623
-0.0290498922728305 -0.0674730624272862 0.042655452149886 -0.0256843504040477
-0.00487693230301633 -0.0771939971559759 0.0599464485182921 -0.0183505848398553
0.0381225155002896 -0.0704207157645026 0.0592740532122888 0.00094134089004582
0.0779484188615755 -0.0447474777673123 0.0433321721986988 0.017658613281552
0.0895299621226837 -0.0224782972677681 0.0279866244366065 0.00943064547695595
0.0792105782310102 0.00625535024264993 -0.0169407423027686 0.00232224079503805
0.0889240672139214 -0.00898168836957661 -0.039229638872122 -0.0287927429938712
0.0677530526660364 -0.0373431466160157 -0.0623436836990155 -0.0156747837730715
0.035874896344651 -0.0658056172374251 -0.0628718906228972 0.00821317824721752
0.00405393185877692 -0.0690824867175148 -0.0416991751883186 0.0233108447290479
-0.0226971821603513 -0.0584619143807389 -0.0298330043245972 0.0253083643831991
-0.0376151052684908 -0.0425771363022908 -0.0190752822247894 0.0207730264105539
-0.0402983910150167 -0.0411038519364601 -0.00524730998587496 0.00680840786210008
-0.0407142579620199 -0.0378969410666191 0.000344702478159402 -0.014035534745026
-0.04169098845943 -0.0516003338409769 0.0143482821937607 -0.030698517280319
-0.0234989405003163 -0.0719227547783972 0.0328978110180901 -0.0399771135787659
0.00269927117477861 -0.0797622977954612 0.0566839730677799 -0.0261718590517456
0.0459215945419432 -0.0691497675786238 0.0542852183045893 -0.000319744264667568
0.084633823547557 -0.0375474486369956 0.0286752349690451 0.0233848911498325
0.0912494275914675 -0.0142110451354126 -0.00274690855694057 0.0114075353415658
0.0713028092151094 0.00650192717199265 -0.0513252853497194 -0.0005533907815896
0.0832576158982452 -0.00963802222881356 -0.0611569505334961 -0.0244522585037
0.0640824375087585 -0.0392202039344296 -0.0665350071976712 -0.0153367791788324
0.0305407608967933 -0.0646081476688099 -0.0576211034447877 0.000893735972601944
-0.000276460098574544 -0.0647658089242544 -0.0431107154242748 0.00418254197200127
-0.0228350146362292 -0.0529221379594084 -0.039666384128219 0.00596126369075439
-0.0346474547036438 -0.0393437961150783 -0.0334956537142015 0.00488305332919229
-0.0338958433390323 -0.0393881236399991 -0.0200608699214896 -0.00763382328183176
-0.0329095527528261 -0.0380985074579476 -0.014404415304227 -0.0281635127350963
-0.0302319884489583 -0.0519296480201313 0.00266959061374157 -0.0443801384346699
-0.0110095935607578 -0.0670050151235081 0.0270173180567022 -0.0514720842706378
0.0147919059995671 -0.0692479373467868 0.0544291467989624 -0.0306664118364894
0.0524270059942431 -0.0529167112568161 0.0486027784419492 0.000910192704364994
0.0808617808135909 -0.0214294032161068 0.0134824791280925 0.023747450880121
0.0799320741767607 -0.003307997954789 -0.0303363440226165 0.00877725354803264
0.0506374762926898 0.00725882107730439 -0.0799454708456214 -0.000649280966757339
0.0617016628776884 -0.00536058869108452 -0.0765715088961182 -0.015323880932697
0.0480216936847767 -0.0285504098000338 -0.0668740723753161 -0.01313870701349
0.0216251399388297 -0.0477559459166532 -0.0531530216562891 -0.00530003561696985
-0.000816376451431324 -0.0467006171338293 -0.0454087902322937 -0.0101207385602127
-0.0158680712467973 -0.0382643443809913 -0.0499052832210767 -0.00904992829406053
-0.0244517189693388 -0.0303312390855182 -0.0458202704965005 -0.00812485374267869
-0.0222531630755817 -0.0317943910996359 -0.0312686918094409 -0.0208237147643366
-0.0209676506963946 -0.0325804648070652 -0.0234830197139315 -0.0417762537962165
-0.015214424416763 -0.0432899785104865 -0.0031322940052827 -0.0564082488329416
0.00222754158898298 -0.0511924056188012 0.0253503080757391 -0.0610635742508672
0.0240787529152994 -0.0491667919513418 0.0538608521745885 -0.0333053744917375
0.0493736422927341 -0.0300336528891733 0.0428912464696875 0.000823950191012902
0.0648446888118205 -0.00282539633743623 0.00213120575381367 0.0196881648132707
0.0570576828396874 0.00837516951780077 -0.0501919521870219 0.00142410065376678
0.0198801002540224 0.0099583224370519 -0.0970429287401036 0.00266971389109459
0.0304434672444459 0.00374534491527921 -0.0826621806010186 -0.00490668046417077
0.0254493415249099 -0.00998662332240182 -0.0652552596884684 -0.0109315007597723
0.0122100424885507 -0.0199913670743969 -0.0508186047462434 -0.00809199327605814
0.00206244484542598 -0.0198011509169644 -0.0490344928050865 -0.0167108274931091
-0.0042694886246732 -0.0178589451680237 -0.0560974953977835 -0.0150929232954157
-0.00878223979560711 -0.0167138815277232 -0.0526149339578295 -0.0166960761645933
-0.00775928085207892 -0.0196158976412425 -0.0373653969449692 -0.0304433769379015
-0.00661891646344968 -0.0207433990827433 -0.0260267597864597 -0.0529098135450125
-0.00232110153593974 -0.0271097409191016 -0.0026909934133519 -0.0663308133440048
0.00831680403540253 -0.028861895993326 0.0292855032033548 -0.0663193764966509
0.0224780383007363 -0.0256371346027254 0.0554481321903993 -0.034216891252776
0.0367054313292018 -0.00905774275938235 0.0402899211198402 -0.00030455869451816
0.0390614473139464 0.00976105357986741 -0.00413322526665339 0.012089379122609
0.0260627415660035 0.0147899982074981 -0.0599432098055105 -0.00841973089826023
0.00559319735701931 -0.010903236651078 0.0636010537058407 0.0242013601748796
-0.00742845930938867 -0.0128928589196694 0.0216472354612085 -0.015172906627849
-0.0134174630400351 -0.00311968613297749 -0.0353022112436843 -0.0140923230740282
-0.00782351071661163 0.00377681188077902 -0.0670443052380525 0.0131141031892087
-0.00461493743665524 0.00275956883927161 -0.0540703474951867 0.0567493357776069
-0.00451680742364071 0.0016589293591174 -0.0168676412851426 0.0739170353986875
-0.00591964139622287 0.0033180633797262 0.0130393653287541 0.0656263874717988
-0.00891665212496121 -7.17120929880134E-05 0.035256171803898 0.0479268398658473
-0.0096718923290724 0.00115937740072633 0.0490103004496863 0.0310482362987862
-0.012811569493048 -0.0024027447103891 0.0563848350442468 0.0245475763716435
-0.00879431293350793 -0.00817891844425864 0.052219742583192 0.0255447377349769
-0.00497104033352211 -0.00935570071712185 0.0521475400204636 0.020995778543914
-0.000653502583696231 -0.0122791921424987 0.0573598894782846 0.0240837868908494
0.0088560902939748 -0.0157945273217534 0.0720195365247256 0.0305333060543503
0.0151338653941823 -0.0103267693750619 0.0988890291090075 0.0244177008109917
0.0321934947391701 -0.000514807119476231 0.0570484453813142 0.0272730510606515
0.0224827855704692 -0.00637283834025686 0.0164288356818894 -0.0136522282322871
0.0111733608781454 -0.0070486667083297 -0.0371129845784436 -0.0134171719152974
0.0097334462704645 -0.0116313950278032 -0.0671221991003014 0.0105404366996981
0.00473099400552953 -0.0181536463405856 -0.0557141739079602 0.0518830883345292
-0.00536392869140269 -0.0206204967185097 -0.0230781591344448 0.0685579244246579
-0.0147520584761192 -0.0155877243816261 0.00706471311605724 0.0624704053222124
-0.0205197651240309 -0.018463344147479 0.0293493598010489 0.0449728702910835
-0.0223107544643527 -0.0160725196230961 0.0430274666878746 0.0255138151153531
-0.0246441036045538 -0.0241474876968179 0.0536608907764802 0.0162089087383651
-0.0118277060257211 -0.0363215721970366 0.0552657738118959 0.0137371959790768
0.00307232086184837 -0.0381905087318311 0.056963268880089 0.0137186534418591
0.0230796107902956 -0.0328938798493411 0.0584299576711848 0.0191492266261732
0.0427093625787161 -0.0217969925602311 0.0649533272578981 0.0263464529746378
0.0507701312558475 -0.00877754804396245 0.082943300890954 0.0206698126408523
0.0541760441986028 0.0110843774624139 0.0398526750239265 0.0230349486000107
0.0518125693563493 0.00210020485474055 0.00684692824175332 -0.0187968809785369
0.0380468626041357 -0.0107778080479453 -0.0421804429720744 -0.0175853407646465
0.028433528379318 -0.0276606589220122 -0.0672110295472092 0.0070756394982064
0.013248823084245 -0.0388590858847471 -0.0539513775305323 0.0444534908155146
-0.00611043239925196 -0.0404567467699007 -0.0255919970966662 0.0576237499135505
-0.0225155114098511 -0.0323479810010482 -0.00157925434900792 0.0520209632227594
-0.0288564770150441 -0.034148267063008 0.0192936882176964 0.0358095502521838
-0.0308347623581094 -0.0299551026429625 0.0316097729833756 0.0152309598892224
-0.0334462738460231 -0.0413428978624088 0.0449363293129398 0.00301283803363434
-0.0149308595910196 -0.0582772342614821 0.052783507223247 -0.0014510217855603
0.00765746602742576 -0.0618262195868475 0.060751555646497 0.00383146270111342
0.0411799904179691 -0.0513943726807899 0.0596054753279362 0.0145647029482561
0.0696068984303055 -0.0275903415821053 0.0542197960406959 0.0257718641118947
0.0775242956185116 -0.00633011468277372 0.0574171196065555 0.0189857062715427
0.0694659510271926 0.0194645586778891 0.0150105168612899 0.0116058515035211
0.0758488885875465 0.00674456350654053 -0.0105000527847768 -0.0273727431927953
0.0612769349311952 -0.0165840156350223 -0.048967803188076 -0.0227436264020565
0.0420376385340003 -0.0440031927317077 -0.0655890886868429 0.00191514827778971
0.0179365242720762 -0.0566332974989579 -0.0499424988092867 0.032083095666548
-0.00737925403543564 -0.0552244628586989 -0.028613816257444 0.0399933290765551
-0.0268182571262142 -0.0444219018065994 -0.0119093102437331 0.0352911120905676
-0.0330506120586221 -0.0441265106529399 0.00635484147296832 0.0219204291186524
-0.0339457981382668 -0.0401718634413594 0.017409546322544 0.00150874954610489
-0.0354785578902069 -0.0528792968870542 0.0319634712011115 -0.0125133515182401
-0.014547001430657 -0.0710573067810147 0.0460649162814641 -0.0185995862523772
0.0114932122948516 -0.0755972792753258 0.0617869821516608 -0.00764865348370094
0.0539436137561226 -0.0608268439505347 0.0588946408541369 0.0113846576006151
0.0861596889467624 -0.0268547880403372 0.0406371419791206 0.0268372559391453
0.092052554796502 -0.00209176877743153 0.027320847146822 0.0153933604464218
0.0743212051915779 0.0224673975723358 -0.0157979239628019 -0.000549663341177599
0.08736279081601 0.00730478028549228 -0.0322962130070405 -0.0334690929654809
0.0731463614820134 -0.0234073392229655 -0.0551405094840902 -0.0258365286097345
0.0468635856901346 -0.056127333936137 -0.0614738944876163 -0.00391701747053004
0.0170885520097613 -0.0659874243430846 -0.0447885651362429 0.015223357915519
-0.0101040587297197 -0.0608121401851947 -0.0329008046110822 0.0185277312462756
-0.0281806379893357 -0.0483952733346102 -0.0228828369398419 0.0160701936207277
-0.0313232646993969 -0.0488382100571441 -0.00627241744243218 0.00526028549410426
-0.0312084497886954 -0.044901711381101 0.00346361747951596 -0.0139312944990529
-0.0301467818059426 -0.0581740190561314 0.0197560100339428 -0.028653539919809
-0.0084551288343137 -0.0748442777723192 0.0399396525958742 -0.0348251953935578
0.0190528190674585 -0.0762026066955369 0.060712572185114 -0.0161599038059422
0.0611679108640035 -0.0575223474552537 0.0544405497470719 0.00950267633185545
0.0912019996081563 -0.0185473827549919 0.0243604915660023 0.0295415670279417
0.0919325125660388 0.00612775877923941 -0.00423534135254363 0.0108819788686542
0.0667333771606411 0.020601853900954 -0.049076501028038 -0.011087240572605
0.0822158048867825 0.0056006349502836 -0.0547184285348233 -0.0332773608052686
0.0695809929293548 -0.0253350242732183 -0.0597071922092052 -0.0266899728867489
0.0413156655434204 -0.0552176217974531 -0.0544317841506742 -0.0103205789834668
0.0126672427722731 -0.0620944951951983 -0.042225793797684 -0.00372816821023231
-0.0111856417703445 -0.0553991410992024 -0.0391194985170833 -0.00202684132569664
-0.0259237390046796 -0.0445331676670794 -0.0339803875321522 -0.00216650398491124
-0.0258503365431917 -0.0448613012523159 -0.0174635966226856 -0.0114683919845915
-0.0237261122622757 -0.0434122543101212 -0.00826919320200535 -0.0305822943944468
-0.0189786160526434 -0.0556379144684325 0.011360293888157 -0.043431037956522
0.00311771399269858 -0.0667508254572056 0.0364609145835411 -0.0466560551028012
0.0293274073286483 -0.063277776161962 0.0598160819736745 -0.0212919069967307
0.0636736965771284 -0.0400009091802834 0.0486898701449509 0.00941392428342495
0.0832176631923378 -0.0031896542736687 0.00971655735702766 0.0278097930770014
0.0777849309511614 0.0139736291435451 -0.0312180003091476 0.00230676586991336
0.0466712150170888 0.016257462317946 -0.0775743832934583 -0.0157473857539816
0.0601430291613447 0.00512307228121805 -0.0715278683470061 -0.0279224876259513
0.0524727320142395 -0.0194047581899865 -0.0611108939864296 -0.0251611804920625
0.0297436175478824 -0.0413966342025038 -0.0489037661936186 -0.0156598700508253
0.00900108760070513 -0.0448408974035429 -0.0421713493595373 -0.019286292307836
-0.00733520515928526 -0.0398004061863262 -0.0464769085581166 -0.0183627138763886
-0.0181718795320172 -0.0334624280370879 -0.0431234081304433 -0.0174649085253047
-0.0159933749063719 -0.0356209147896903 -0.0260673237170213 -0.0266315726845062
-0.013074970540699 -0.0353589693097179 -0.0139017825505216 -0.0454120987973758
-0.00630743553737036 -0.0447575831855682 0.00913447492656561 -0.0564335921929105
0.0121656243667522 -0.0489754839483409 0.0375812038686504 -0.0558470800333309
0.0327547058421929 -0.0419386370141844 0.0603205583448616 -0.0224115597750312
0.0555691654915579 -0.0180770022691943 0.0433818855763123 0.00928954677170212
0.0633118152656608 0.0110697984081866 -0.001805130407861 0.0212556060635568
0.0526287777668601 0.020093544959459 -0.0499141202233164 -0.00937544004249301
0.0176629992535515 0.0123223105685116 -0.0952384258674231 -0.0155851940500884
0.0291733569260774 0.00866199755558934 -0.0800104842346254 -0.0201035666454413
0.0273793882883601 -0.00547211703685315 -0.0607598201962869 -0.0234985400873762
0.0159854490911605 -0.0170375104806116 -0.0464313197292908 -0.0176776177056175
0.00620619815235793 -0.0187008140541865 -0.0447715840285368 -0.0258332632923856
0.000378716883489015 -0.0180953424007888 -0.0521327669761261 -0.0256564047781032
-0.00534517010652377 -0.017534301432802 -0.0484524772408271 -0.0266139354869944
-0.00407586156110213 -0.0200143663056669 -0.0294914378794813 -0.0373964723406093
-0.0019889970994233 -0.0212173116712177 -0.0150537406544424 -0.0566088387132067
0.00263814816145812 -0.0259918757667868 0.0113860836358403 -0.0649696797968049
0.0136236407290751 -0.025409962670132 0.0422395745727386 -0.0592877121369103
0.0267881119313637 -0.0197853636066637 0.0620930007889523 -0.0227103321077334
0.0375439131449177 -0.000566233299569652 0.0404431847703012 0.00781232017799189
0.0352458635694809 0.0181467807562571 -0.00630828119328354 0.0124934979410091
0.0221840807388419 0.0198520485268579 -0.0577049995826642 -0.021567308716049
0.00566701142663284 -0.0106410170940306 0.0629208550059265 0.0233647044250688
-0.00777476752571536 -0.0126932605679281 0.0211673667707462 -0.0161779422756321
-0.013359471199142 -0.00259227339986361 -0.034968925779154 -0.0138295173083542
-0.0075812236228956 0.00373045690268239 -0.0658549236671979 0.0137324241738999
-0.00443505836558734 0.00284165565257841 -0.0527362502491642 0.0572124499312503
-0.00459086701320813 0.00146860598460164 -0.0157156158350941 0.0726891836036403
-0.0058966040366293 0.00295567012971206 0.0139605383700126 0.0643200763764475
-0.00888051868020896 -0.000142662767825281 0.0354453558301228 0.0462465392706305
-0.00976240889075197 0.000900202393152871 0.0490240259230845 0.0293062699073007
-0.0124792839138466 -0.00221986966435249 0.0565304892305828 0.0233808101561825
-0.00872731387468637 -0.00865561444741011 0.0525450840216755 0.0244556068654841
-0.00511288656793676 -0.00921059332951827 0.0512579991204464 0.0213198578850071
-0.000761120686156416 -0.0118427348367345 0.0565251513608243 0.0238422357710685
0.00854517357947089 -0.0160453183988146 0.0705623782223335 0.0297656177881587
0.0145869657900208 -0.0107280707957891 0.0972125757275079 0.0232886245882915
0.0312706010566484 -0.000766053517523779 0.0565980332211196 0.0254624340037026
0.0218671303171075 -0.00658153487182976 0.0163837434456219 -0.0150185642651703
0.010841802487019 -0.00706421474190825 -0.0365975978034175 -0.0137735530980196
0.00929153593299056 -0.0110677372584182 -0.0660358610325191 0.0104182778038413
0.00454860978119672 -0.0181710760673195 -0.0546856897771853 0.0517133691823211
-0.00603092344366969 -0.0201243922255434 -0.02181134346991 0.0673635212885854
-0.0147431566703397 -0.0161133009246969 0.00796703660984924 0.0606791394616815
-0.0207195943684111 -0.0181073386427839 0.029408753467372 0.0439181237533525
-0.0224537555130464 -0.0157496057148767 0.0432316599881452 0.023943042172942
-0.0245485076835411 -0.0234731361258192 0.0534133122012619 0.0141654370526867
-0.0124173573590162 -0.0364623255011473 0.0549779606488581 0.0123356138180564
0.00261230993515403 -0.0377849889105979 0.0568253530552329 0.0133363457225312
0.0225792208395199 -0.0325413735829623 0.0584365279163356 0.0189116313582837
0.0423375140160293 -0.0227100967847542 0.0637624186409148 0.0255025370160419
0.0493837375584796 -0.00967285062192178 0.0822303586344312 0.018831206582023
0.0539591476870586 0.0104454395570448 0.0396688919940058 0.0213222173543731
0.0515270954675695 0.0010742495630506 0.00586170480768621 -0.0199367145253217
0.0373001772191225 -0.0109800077669556 -0.0412330655146567 -0.0171680561984518
0.0270857609349919 -0.0274965923440478 -0.0662107953676619 0.00755055733173874
0.0119939914352771 -0.0389798498263721 -0.0522260719094263 0.0439246780195952
-0.00719281405888812 -0.0400066516286973 -0.024478163445024 0.0569668953813772
-0.0224712228568415 -0.0316361326054661 -0.000894159061814251 0.0509542228523322
-0.0293890123423113 -0.0327750449212874 0.0195006544978431 0.0347778603372413
-0.0310765173424187 -0.0294737853575621 0.0314129044792123 0.0141957811142794
-0.0336317669291978 -0.0403416007831726 0.0442808314066656 0.00152757966281637
-0.0166039873242935 -0.0575529109227791 0.0522840280512486 -0.00252410541944587
0.00621151109202308 -0.0611624886366812 0.0602754971658604 0.00281372994351865
0.04050229756659 -0.0511962744806951 0.0581455995154108 0.0148470891949292
0.0690212499048479 -0.0278617825079781 0.0529226893427816 0.0253771991375158
0.0761123776704405 -0.00749113236982492 0.0572452780974407 0.0182410990649462
0.068855174119772 0.018976268782299 0.0156615552083533 0.0111990390358485
0.0750862530970834 0.00544139404766004 -0.0100810703254523 -0.0283744291436527
0.0599248728745841 -0.0171083293838376 -0.0478991283277694 -0.0219563662425596
0.0406620068865109 -0.0441178832136874 -0.0638802772691814 0.00218322148588495
0.0165468530665537 -0.0562725023677146 -0.0486009232410539 0.0310299330597002
-0.00802457047221513 -0.0543895010753356 -0.0284509541202257 0.0395430335844415
-0.027045078038831 -0.0431663483754446 -0.0110124610675771 0.0350375556276777
-0.0338727322982217 -0.043215230243877 0.00663967209486212 0.0211134750882981
-0.0342587155044387 -0.0392765324897302 0.0173227745238175 0.000700997511684696
-0.0362746227644783 -0.0512461735247547 0.0316851137790731 -0.0130913938072923
-0.0165141059512201 -0.0712260068414949 0.0453342753547261 -0.0193183474354448
0.0100253726481372 -0.074998131582759 0.0609221891884722 -0.00869465125163255
0.0525154907280651 -0.0609480860715357 0.0569713320070976 0.011135822869517
0.0855863915627261 -0.0286524183088193 0.0396235200784718 0.0270550913250116
0.089920989477748 -0.00376039182651284 0.0269998504700524 0.0155530424024851
0.0730289009770777 0.0213706639179162 -0.0158205584939229 -0.000835813338610561
0.0863529437739876 0.00592141748067127 -0.0320002361869483 -0.0334654286678828
0.0719152956824724 -0.0239903984734759 -0.0541584916648646 -0.0249587785871127
0.0450388646257726 -0.0554538702213021 -0.0599772856719582 -0.00393614239007963
0.0156557195212991 -0.0653789222545396 -0.0442607104870664 0.0145571103617227
-0.0109308672609495 -0.0597789640943972 -0.0321003674212573 0.0184739673808045
-0.0286629384879209 -0.0474382397448866 -0.0226546340661296 0.0166328719959034
-0.0324870016305675 -0.0473581034533154 -0.00616049116203458 0.00493650408293056
-0.0315609558699659 -0.0439368160418444 0.00329391874394024 -0.0145419604725021
-0.0307154228579827 -0.056763121502348 0.0193812746339774 -0.0290663995923133
-0.0101209953536861 -0.0738619745224956 0.038438898885462 -0.034647537799287
0.0178452460806677 -0.0757623364527701 0.060181156989745 -0.0175351773067897
0.0594325177137409 -0.0576578891923359 0.0536929185355792 0.00941740588684151
0.0901177389088203 -0.0197269723901061 0.0242047165700706 0.0291727521749352
0.0897980181979917 0.00526958573428387 -0.00397125532279814 0.0115256135389552
0.0659857180129294 0.0199223987447163 -0.0486338572363791 -0.0105305481790015
0.0809863017619511 0.00400286887372316 -0.0538113510595104 -0.0330566317141592
0.0688201751277293 -0.0255209702023882 -0.0580872723427826 -0.0255176430741188
0.0401227428568583 -0.0550244544108359 -0.0536917315322681 -0.0100172831625969
0.0112579454749892 -0.0615179352544423 -0.0416912377202317 -0.00421820968591583
-0.0118325794218743 -0.054090167130416 -0.0393224977986178 -0.00237043628146639
-0.0259694586476007 -0.0430299028349671 -0.0336968397027731 -0.00152890672067326
-0.0268334706719817 -0.043964290907659 -0.0173492753367878 -0.0115340573166547
-0.0243035100915199 -0.0423298550303911 -0.00839441758285027 -0.0309567882481625
-0.0198537008237506 -0.0550232360595399 0.0108754091379583 -0.0431513113381417
0.00127566646432726 -0.0661607836262404 0.0352025029326641 -0.047369359925972
0.0278058231162483 -0.0629790195467201 0.0595875725962958 -0.0217921108345747
0.0618495595491522 -0.0403784488703344 0.0479614944456762 0.00920267415619459
0.0821175943631593 -0.00517839330944611 0.00982063763119875 0.0276142573915012
0.0767095724813892 0.0133048749647773 -0.0307019714609127 0.00278632077420456
0.0459033850623531 0.0157760810680361 -0.0762117490071338 -0.0151595173158469
0.0595979644269572 0.00428981744537869 -0.0703780566168385 -0.0267841551440255
0.0514412216568331 -0.0195944912023378 -0.0600253757097722 -0.024299006378326
0.0282977068156097 -0.0411816433669167 -0.0480062152202353 -0.0147885242611163
0.0075390457504435 -0.0440969074123227 -0.0419159682890536 -0.0188425419955586
-0.00799022663073938 -0.0391645456801902 -0.0467834147742826 -0.0176767164926078
-0.0181801167424169 -0.0325855710603803 -0.0430226940568768 -0.0162108597703727
-0.0165706073433556 -0.0348988309394941 -0.0261236724380777 -0.0260991774736374
-0.0136133344658139 -0.0344034656500437 -0.0146064799621977 -0.0447788327218708
-0.00715887092562271 -0.0436516519214911 0.0078197615519709 -0.0556489114483977
0.0110407824449248 -0.0485725847735447 0.0360386736288471 -0.055097618358494
0.0319289623014103 -0.0419103475459876 0.0595385290249374 -0.023775489562209
0.0540647447617309 -0.0185804201487712 0.0423375298744847 0.00835269061404758
0.0630369560038115 0.00983690924188327 -0.00197530965859257 0.0210886679459871
0.0525176668478954 0.0196724092579062 -0.0490690763535463 -0.00841047995379067
0.0170294005250385 0.0120731421518403 -0.0939330804103169 -0.0152487181775078
0.0285238768145985 0.00777896467897911 -0.0778585772913236 -0.0195401116995926
0.0270397613474037 -0.00602966184554831 -0.0604042420394374 -0.0229067030330893
0.0152989217999257 -0.0168759610878933 -0.0455944572238934 -0.0173273665602206
0.00586001262078638 -0.0176317550426039 -0.0447444604851798 -0.0254815106021401
-5.50890247033124E-05 -0.0172420987629719 -0.0527591119484493 -0.0245980983941351
-0.00506385848888815 -0.0171197837783559 -0.0481319307540369 -0.0252006252882761
-0.00465205336801179 -0.0197856301917182 -0.0297199453996798 -0.0364267170835492
-0.00251616975313572 -0.0207889882674993 -0.0154137617234718 -0.0552868927789454
0.00233641071626989 -0.0255014258259439 0.0103660264931679 -0.0645985769356814
0.0136145804651767 -0.0254126910100263 0.0407031969417619 -0.0590713322942466
0.0260543885659975 -0.0197572248657007 0.0611953907386655 -0.0229186703693792
0.0370090467627739 -0.000900247260235729 0.0396717725019275 0.00736303555202097
0.0351578255834389 0.0174738696571456 -0.00616590744455596 0.0129283693973399
0.0219829400631215 0.0200305195963206 -0.0570090977833076 -0.019687179306127
0.00522700234856523 -0.0104771407720775 0.0625270773704901 0.0227619649341688
-0.00822699012508232 -0.0128125811013304 0.021091094363988 -0.0168383235872175
-0.0130279926006427 -0.00264063933475226 -0.034682936834436 -0.0141852718495403
-0.00761798135169911 0.00346499098428991 -0.0646997751407143 0.0133170125164055
-0.00414312088430419 0.00286869092119271 -0.0518715132659326 0.0565344191575874
-0.00517630288332566 0.0010896572056127 -0.0150758750262899 0.0715300856551712
-0.00596093297872016 0.00259157323731711 0.0149086133832503 0.0627740665824548
-0.00923281146897678 0.000110793021348517 0.0351433427470176 0.0456820219581374
-0.00995624027765702 0.000421036833126611 0.0485346582296363 0.0288394080042311
-0.0126013228576104 -0.00221027373322662 0.0563076706197994 0.0221042255277529
-0.00931256203167896 -0.00849584751032535 0.0527981501688343 0.0243571376490599
-0.00498539671775118 -0.00935478360858672 0.0502749711298799 0.0213865408388137
-0.000544680216011926 -0.0116207633831357 0.05537483103312 0.0243862152636923
0.0080680154502342 -0.0159980922448539 0.0701844482916791 0.0299009109355033
0.0144261759590962 -0.010762088383355 0.0960458405453046 0.0219152133900631
0.0312825233536089 -0.000847275303392002 0.0560847827085222 0.0249537662232815
0.0217876206312275 -0.00736676148060042 0.0163688840592686 -0.0156681989138226
0.0105277688449723 -0.00691907706429825 -0.0356000559984313 -0.0137911094414582
0.00891322608701374 -0.0115341711055513 -0.0651426731356364 0.0102888603202517
0.00403050236087488 -0.0183047514245922 -0.0539005132112254 0.0508893260726129
-0.0063737983631472 -0.0202616519465951 -0.0213011716621341 0.0661874729921981
-0.0148843032915965 -0.0154404953273072 0.00838279023523168 0.0596026047505481
-0.0210987629860678 -0.0173372193708146 0.02947291138278 0.0427384911598538
-0.0226325211186433 -0.0156218467595108 0.0422125968076809 0.0233661332602703
-0.0245152589089698 -0.0229809812745166 0.0531724885769722 0.013428547059959
-0.0128280929566807 -0.0356158093040085 0.0544441991266508 0.0126461382474893
0.00240022771650229 -0.0376397761532802 0.0556790958595305 0.0130492684522886
0.0225869474219128 -0.0327331047141706 0.0567715359512397 0.019551132025193
0.0417237389483708 -0.02267787378275 0.0629167300626415 0.0260214407163138
0.0486767333701836 -0.00906114315533245 0.0816823264976694 0.0186813794800249
0.0528067943736536 0.0108755294561434 0.0390565480218367 0.0208228402355015
0.0511291540876489 0.000332696582719465 0.00636200411883972 -0.020266478143328
0.036869784395297 -0.0105413290098771 -0.0397336154131485 -0.0177823848197878
0.0266333126775413 -0.0271975780680979 -0.0651126704708904 0.00655811299167143
0.0114698422474314 -0.0383434178377155 -0.0520006544458469 0.042767283488813
-0.00764322188054155 -0.0394898563508343 -0.0241782733862341 0.0555682275401154
-0.0222629388110766 -0.0315888028810222 -0.000486859344035013 0.0494559417401077
-0.0293429380418197 -0.0325748596729746 0.0192351238842677 0.0339176757323685
-0.0313317633980933 -0.0289720396458356 0.0313012239703704 0.0136648316750099
-0.0337485817336022 -0.0393409632279183 0.0444660036246618 0.000649470358187104
-0.0169139246984166 -0.0569069865245241 0.0523348620521775 -0.00310105626398792
0.0060006773812606 -0.0608715530620267 0.0597567339336444 0.00295026079848861
0.0397564014941729 -0.0512305487282976 0.0578289992008933 0.0153891689079964
0.0685147205756205 -0.0279793774022117 0.0516827616240472 0.0253136796851658
0.0750903014477141 -0.00733868982153318 0.056947031209521 0.0180076940999719
0.0677485342510929 0.018644159455966 0.0151642258755319 0.0103131626483562
0.074382008067046 0.00515022850260755 -0.00958683944839958 -0.0286470340742675
0.0594413254609808 -0.0169002203799776 -0.0467831038592825 -0.0223475506779492
0.039646058734116 -0.0437613574170209 -0.0634205476060518 0.00164118394707829
0.0159719308095159 -0.0560707395615027 -0.0480590380793676 0.0300480470150124
-0.00856708759830732 -0.0538687230020853 -0.0283264018044172 0.0387536376928422
-0.0266005092091974 -0.0422393445327591 -0.0106714882733312 0.0346300931522815
-0.0337857124348653 -0.0420300000969732 0.00733274985861511 0.0203885289425703
-0.0345245319121733 -0.0386312902298389 0.0172171715448338 0.000357942149808449
-0.0356896371523754 -0.0505631706606022 0.0314425132395397 -0.014102131468189
-0.0174328986305587 -0.0699407943041627 0.0453768398954183 -0.0195948309994889
0.00909759215702655 -0.0743583658021868 0.0600748356325034 -0.00827309802832524
0.0512841470574467 -0.060798446733486 0.0562669103124869 0.0117823009933934
0.0842286726706005 -0.0288565202241326 0.0387611841036035 0.0264608911317394
0.0886024939271644 -0.00393133154467878 0.0269192150528111 0.0148156605410203
0.0722824729289747 0.0217071717646999 -0.0155779136302197 -0.00125146501489849
0.0857398359423786 0.00506554264699295 -0.0308201930603824 -0.0340337351053949
0.0713871107232773 -0.0234527057083562 -0.052309396440655 -0.025776416158061
0.0445250406378081 -0.0547906373108844 -0.0593367595076921 -0.00376577118294823
0.0147830642574771 -0.0646889729073223 -0.0442618548720786 0.0135525246820953
-0.011276154603694 -0.0595088220420688 -0.0325153171012163 0.0181948524105603
-0.0279567024497788 -0.0463464755216582 -0.0222576065912401 0.016617740287309
-0.032408243382956 -0.0461571995310244 -0.00607758439993969 0.0044343445421908
-0.0315336641519775 -0.0430736795419637 0.00309787103522852 -0.0141305572248348
-0.0310863962006479 -0.0558961046304968 0.0185476801998954 -0.0294028844534024
-0.0105124506060842 -0.0726288474864929 0.0379429975302475 -0.0349162957165337
0.0168083364531094 -0.0747699537706212 0.059187883956215 -0.017347673469001
0.0580744142429417 -0.0573454601166941 0.0522980145794155 0.00982113573629734
0.0889258186634491 -0.0198999914051667 0.0236717056190283 0.0291037774984083
0.0882132993397207 0.00536435187459546 -0.00344086386372977 0.0110612167714745
0.0644641433124975 0.0193227680864405 -0.0480063466352703 -0.0104052221068695
0.080102349373345 0.00390360521159718 -0.0532053060336463 -0.03379017301906
0.0680639726403703 -0.0252007932244746 -0.0569042013374037 -0.0257117600922249
0.0390025318049594 -0.0548835403379011 -0.052405352301881 -0.0104272974358011
0.0104723703036766 -0.0611251154409557 -0.0415421685055332 -0.00486933066671856
-0.0121048922555689 -0.0540133799079029 -0.0394169565396998 -0.00212534025015164
-0.0256894183337997 -0.041967860606162 -0.0332295858655236 -0.000740849072657149
-0.0267718435640519 -0.0428620903081739 -0.0174381233377708 -0.0120867550223604
-0.0241050291763301 -0.0416376893102683 -0.00837675391209847 -0.029890128842359
-0.0200078636821624 -0.0531188469442675 0.0101060567408167 -0.0432634822615359
0.00063845284757683 -0.0650263161311982 0.0342291193492381 -0.046936445056784
0.0265783449317844 -0.0624529621138595 0.058669420513847 -0.0219729524807716
0.0603645121762859 -0.0399675465280482 0.0469205234345819 0.00961370175150357
0.081512751464935 -0.00477808581954619 0.00934711312421628 0.0271697135723663
0.0749498329553582 0.0130608420910528 -0.0297561429007499 0.0032500615059191
0.0447264368162238 0.0152753047180456 -0.0751953181012107 -0.015146958616118
0.0588150098821012 0.00416222401969984 -0.0696003758116494 -0.0280086767955339
0.0505108003794143 -0.0191017628868619 -0.0591079994309507 -0.0244752513566282
0.0279487097846822 -0.0405319755857081 -0.0472216778485424 -0.0156080403558675
0.00709770353607218 -0.0437678034128811 -0.042163981671831 -0.0193935631021685
-0.00760397910853616 -0.0385669711416836 -0.0471723802977833 -0.0168930765500846
-0.0178369819530671 -0.0319775029784791 -0.042858371432106 -0.015269846428104
-0.0168671010745732 -0.0334562129077488 -0.0255073826610926 -0.0261126174853814
-0.0139100182856826 -0.0337902647819429 -0.0142978641699122 -0.0444567668373795
-0.0072966367266483 -0.042907645259287 0.00712860157970391 -0.0549189837973553
0.0100409234484841 -0.047655911891892 0.0355069314371213 -0.0553314439435114
0.0308652681760155 -0.0410659230940073 0.0587580291420783 -0.0239261406326841
0.0531423777214228 -0.0183097138417843 0.0411656574388549 0.00826643538236258
0.0619013041170177 0.00968614859947987 -0.00140425750137835 0.0212502317021796
0.0507884658471723 0.0199510118913175 -0.0474742135188454 -0.00771652362770647
0.0165604882247006 0.0120287314796187 -0.0924662154899726 -0.0145081434091859
0.0283255047664932 0.00792833608623881 -0.0766717407164952 -0.0200054031063388
0.0262906049962771 -0.00550435880155511 -0.058604773070408 -0.0230837723155053
0.0149948404060982 -0.017201443922005 -0.0447102971549514 -0.0185119070089972
0.00582607098171114 -0.0179815331792321 -0.0447465225143537 -0.0257685427940474
0.0003298912133066 -0.0173251339208124 -0.0527869696099636 -0.0238412073208559
-0.00514029013881882 -0.0166115924495206 -0.0474654625302072 -0.0244506479119767
-0.00478420359715747 -0.0192843983609783 -0.0297408614662745 -0.0366068996282587
-0.00267315568318934 -0.0202254082689184 -0.0156177532363413 -0.0549043324594669
0.00214362230827143 -0.0247396227646756 0.009764926799006 -0.0635563240877731
0.0129549589477327 -0.0247261449548419 0.0399115861273366 -0.0582668604991987
0.0254830946744079 -0.0189881202671622 0.0598817725001876 -0.0232285923153456
0.0364470474454622 -0.000746934274442172 0.0388594393956652 0.0079209541783783
0.0340530745633964 0.0172593122833284 -0.00548543558673501 0.0131297039211372
0.0209964601715736 0.0199510581111946 -0.055436623925813 -0.0187255190368925
0.0054684691239603 -0.0107472491747882 0.0617767278602804 0.0225436437237656
-0.00834495846521638 -0.0128992869652003 0.0212476919514936 -0.0178740021957658
-0.0133963007992811 -0.00225344501977768 -0.0339614995089063 -0.0152968777699772
-0.00757911488762799 0.00377892303658921 -0.0648038843475369 0.0125856052464432
-0.0043641306572345 0.00263380938347678 -0.0524348054120059 0.0560686883885986
-0.00513996358367033 0.00103059403208808 -0.0153833490864214 0.0714150583944582
-0.00548126055172524 0.00228020800576061 0.0139933130110019 0.0615123498377211
-0.00921995717198888 -0.000399322547267687 0.035338989280126 0.0452280112440861
-0.0103720439285677 0.000681756254769923 0.0487663292819707 0.0283680457278915
-0.0122466651688734 -0.00231118196450788 0.0562068404416627 0.0225838987639193
-0.00856885813167641 -0.00852809069006689 0.0529468653235351 0.0252263092291258
-0.00452973848564731 -0.00926975172634664 0.0498600362327691 0.02243497999248
-0.000114679353255294 -0.0120956682061098 0.0543539957776723 0.0256038169710881
0.00793659733005071 -0.0162724312265533 0.068990263212606 0.0312355405294611
0.0137989603753996 -0.0102985800319881 0.0955154553570001 0.022993387682092
0.0314942314097525 -0.000143541566716663 0.0554474979418442 0.0247837001569885
0.021910972770812 -0.00704979806814113 0.0162181268945501 -0.0165245801929109
0.0105609911599304 -0.00678243798848058 -0.0352077898371144 -0.0150331745043634
0.00873863069363304 -0.0108908778111208 -0.0650560798239387 0.0088258391890955
0.00393958751871102 -0.0181633499029961 -0.053840488599562 0.0500660674731686
-0.00667916693614346 -0.0201357642831066 -0.0217895520367397 0.0656350772080446
-0.0149394514825955 -0.0155517310363349 0.00793688586642154 0.0585720812199372
-0.0214963788754683 -0.0177105743165553 0.0293313622839688 0.0426195909135326
-0.0230059062000393 -0.015988430011894 0.0427737738739858 0.0231905594831049
-0.0245293162675533 -0.0231493343469881 0.0527958997642361 0.0135185249130241
-0.0130332986418566 -0.0362181466213245 0.0549153387369779 0.0129699958439256
0.00193881800106098 -0.0377805791766518 0.0554976544219303 0.0142474907741172
0.022399189874444 -0.0325904599390033 0.0566554390766555 0.0207711718321709
0.0418021793353261 -0.0223225997218671 0.0621156863468471 0.0267782079793363
0.0476792936760939 -0.00904813180532682 0.0811257053477399 0.0191718619903636
0.0526150259274093 0.0112217720820645 0.0391352231946885 0.0207551119670985
0.0505098323532654 0.000566257337512833 0.00660582299539329 -0.0213704889433927
0.0367410425840702 -0.00998136044681101 -0.0390179524983146 -0.0190913846686258
0.0265457770884041 -0.0266769502438382 -0.0653117133589701 0.00556839800461871
0.0113240825611739 -0.0385966256768687 -0.0518126011939192 0.0413119609379417
-0.00733437300771438 -0.039769562978418 -0.025118516994214 0.0548926532636341
-0.0219314012315119 -0.0313468070813373 -0.000662743756510513 0.0491746074621313
-0.0298814341891434 -0.0322148624381642 0.0194815431024468 0.0335008216267816
-0.0315414980186441 -0.0294346059832925 0.0313510072112287 0.0134310861042388
-0.0329923269998205 -0.0400036668184371 0.0437116086872245 0.00029055472721081
-0.0171548486151415 -0.0567114433867791 0.0517389724817358 -0.00253068679636418
0.0057796409900126 -0.0608446835247959 0.0591493182540593 0.00305365644044386
0.0397264212967474 -0.0515772739808504 0.0570021630041306 0.0165388436478632
0.0688075153075174 -0.0285973707198244 0.0517120478391653 0.0261223169015145
0.0741303416819081 -0.00648511220586512 0.0566210043052961 0.0183469018596121
0.0671429474012668 0.0197863677132902 0.0146953873825744 0.0100606470503707
0.0742924637415295 0.0053115006412866 -0.00890222102603507 -0.0293636480452978
0.0593400570705782 -0.0160163958242531 -0.0452679159695565 -0.023574724115967
0.0395574634710809 -0.0430614537405096 -0.0632893934497154 0.000100694219796229
0.0152791705873315 -0.0557233297871196 -0.048143104381401 0.0292952159494155
-0.00844983304247244 -0.0539240055995996 -0.0287976183469446 0.0380738647445985
-0.0266439415638329 -0.0420355663545197 -0.0107310883922163 0.0346544633644984
-0.033998641418797 -0.0422326377730746 0.00666193348836509 0.0201934834759859
-0.0344631975627683 -0.0388753103549241 0.0171900464127629 0.000322737633571358
-0.035741497866553 -0.0510655436610419 0.0314992944871305 -0.0142995856729917
-0.0175216154449187 -0.0701890317451336 0.045568044769853 -0.0197556212149421
0.00904065821106544 -0.0739573739958355 0.0601242697685055 -0.00830125162479645
0.0514345214649504 -0.060448099504799 0.0555192424761049 0.0133657874820068
0.0847558517555404 -0.0286486812556583 0.038283445250109 0.0272518929268507
0.0877148646965393 -0.00265086372940538 0.0272954487933337 0.0156115349965367
0.0716947244940968 0.0226360898630231 -0.0157713776715191 -0.00235861372759537
0.0860909219664037 0.00562826337845581 -0.0305214937112389 -0.0354249518492286
0.0711687506603111 -0.0228011456219218 -0.0518288351928074 -0.0265956614508565
0.0446273292253763 -0.0547400220691136 -0.0584040623413052 -0.00588836716175706
0.0146334757311817 -0.0646526026536012 -0.0440140629596264 0.0118598190933363
-0.0111480555526619 -0.0596324430817685 -0.0331663181644733 0.017569577933691
-0.0278502903283828 -0.0460909436222774 -0.022221146763838 0.0166953659873894
-0.0329497687485715 -0.0456584968695275 -0.00625411461607863 0.00414165386203312
-0.0315980891009527 -0.0429055145116561 0.00297862407008496 -0.0146813649369877
-0.030734683418897 -0.0558078518034669 0.0186022105912367 -0.0293315740201072
-0.0109506173871642 -0.0726743598307051 0.038670354474168 -0.0348651913779496
0.0165247425383635 -0.0743699287426688 0.0590672279431511 -0.0173335893504463
0.058512652347409 -0.0573829840123791 0.0518329832443829 0.0110010837754246
0.0892203312063376 -0.0200064852999024 0.0230773226984454 0.0290121586183103
0.0874258031667905 0.00576245786995148 -0.00325388874463026 0.0111079879981714
0.0636169648200994 0.0207283994418974 -0.0474938156157331 -0.0114565635217613
0.0805928125888985 0.00410050999635356 -0.0519037379938326 -0.0350292260347051
0.067974332548136 -0.0251481730562265 -0.0559978547623869 -0.0265571342338516
0.0393396819404533 -0.0544955069894824 -0.0523716121998016 -0.0116060582838255
0.0101783760475895 -0.060320206784479 -0.0420864706585003 -0.00684049492645491
-0.0120553981339724 -0.0533589069166403 -0.0397774183263117 -0.00199207979527989
-0.0256879377790724 -0.0422812443345481 -0.0329007509030985 -0.000786046055944012
-0.0268640861574521 -0.0424145725405479 -0.0173591646657473 -0.0118981932569786
-0.0241044090246155 -0.0418416664923323 -0.00803341201551845 -0.0305504428173862
-0.0198213396000749 -0.0533662885417233 0.0101689214847294 -0.0434249134854514
0.000614284953833936 -0.0648025517764341 0.035189594819174 -0.0465673873649129
0.0263483251038705 -0.0610871618984862 0.0582620105134182 -0.0222293954196832
0.0602788492978621 -0.0402471819302347 0.0461164252291857 0.00991232121830764
0.0810335427554789 -0.00487273990287712 0.00882259398674312 0.0274599834061206
0.0739703006129828 0.013927944323966 -0.028634062494057 0.00282641338678235
0.0442138870769526 0.0162754534761065 -0.0748211566588267 -0.0160093540623333
0.0588731187918034 0.00428975001385686 -0.0690703979805449 -0.0292948158306697
0.051024816431202 -0.018801960026292 -0.0577630938662467 -0.0250846269979015
0.0279695036635597 -0.0404150882830475 -0.0461550812322898 -0.0168118000593454
0.00761909327753423 -0.043465274650917 -0.0417461706581561 -0.0206397416140328
-0.00742239222111731 -0.0384760667024437 -0.0474014206454289 -0.0168247225834326
-0.0169715309644083 -0.0316678597803497 -0.0423005129276246 -0.014840675617463
-0.0168433133671027 -0.0332788053200073 -0.0259745510579261 -0.026410248998812
-0.0134972124560529 -0.0337994773778732 -0.0141049039518777 -0.0443642320681047
-0.00711894273306706 -0.0427320069216837 0.00738320268239407 -0.0552416039055546
0.0105596322349958 -0.0470136028427421 0.0352648127282144 -0.0547054904352931
0.030496383738514 -0.0404006317242253 0.0589646912162479 -0.0236637136977602
0.0527643434357641 -0.0176547500381237 0.0410861157182136 0.00928490604200044
0.0619034174602382 0.00956746052181491 -0.00169693374788992 0.0212971443399103
0.0508864242946497 0.0205901815072229 -0.0471600246797813 -0.00789577457034378
0.0162214939124556 0.0126892546691998 -0.0924106955326874 -0.015792650645552
0.0285790719386474 0.00790658651642209 -0.0762987495308012 -0.0211359100397602
0.0263604082089897 -0.00554259173172012 -0.0577327562091398 -0.0230889537685166
0.0151401507424966 -0.0164761922032918 -0.0439627544281418 -0.0187203521541355
0.00554987264360174 -0.0179749441945987 -0.0450403698760668 -0.0270049875971272
0.000514170257040048 -0.0172737304959204 -0.0528047698733702 -0.0241151375138293
-0.00505195125900392 -0.0168744924461592 -0.0473413836176123 -0.0241360993243686
-0.00505220284788026 -0.0192796464498716 -0.030190373119601 -0.0370107116761942
-0.00227160147042071 -0.0201651464341714 -0.0149989879926756 -0.0550073859111634
0.00187867903565837 -0.0246265772532048 0.0102005390295384 -0.0635015266684003
0.0132687623688357 -0.0238676610766909 0.0397104960934754 -0.0582260655028332
0.0252019407411749 -0.0184188322043527 0.0597262731371618 -0.0232234270134459
0.0359811714999281 -0.000628498622964368 0.0386558339277591 0.00819459555770018
0.0338005371181564 0.0175411435221001 -0.0055707777854888 0.0132477313046265
0.0204562474316593 0.0201465739081485 -0.0551397537821762 -0.0184427568546175
0.00613460351938962 -0.0110552520510458 0.0627265638172132 0.0233590041690717
-0.00806460118846658 -0.0127999118564134 0.0215060042308351 -0.0188542710089282
-0.0137341106471896 -0.00292541735726399 -0.0344028081977528 -0.0171290737467401
-0.00780056566905633 0.00358611873405692 -0.0661954412479533 0.012329116925295
-0.0047248175655228 0.00279775488973417 -0.0535983236390997 0.0565907704992768
-0.00523260082287427 0.000672527466551899 -0.0163778086705106 0.0720920294289756
-0.00607174228209274 0.00196372887721975 0.0138699484618105 0.0624939795424039
-0.0095706684276505 -0.000636343589063951 0.0356928923337537 0.0466781394088644
-0.0102829197378914 1.25249312707121E-05 0.0491415733373488 0.0291287839732123
-0.0123920672789434 -0.00232385819113744 0.0576140092056905 0.0228380059092169
-0.00943793440639381 -0.0087217502729192 0.0539942552675082 0.025775175276825
-0.00484705375344364 -0.00990797585398732 0.0504217873359762 0.0236825205778113
0.00023738725188747 -0.0123768152146081 0.0552806381909889 0.0271561940119014
0.00803684072169638 -0.0166533056320241 0.0704368832203487 0.0331623444196988
0.0139040961405666 -0.0100719524210589 0.0968007402107123 0.0239097413821621
0.0318428208025464 -3.57786503525745E-06 0.0562683466505795 0.0252594107107142
0.0220394250060522 -0.0069148950031268 0.0166955788791396 -0.0171995674523541
0.010575309862497 -0.006265600900484 -0.0354714933701387 -0.0162938467956845
0.00886429736435627 -0.0110750162578058 -0.0665435201028262 0.00822205545433044
0.00385182544778877 -0.0179481707683452 -0.0555940640904014 0.0502404738728906
-0.00712277133553587 -0.0207587283952611 -0.0224040943923472 0.066673384421097
-0.0153532703177973 -0.0158008422482767 0.00780699037403853 0.0587712797939221
-0.0211661793456529 -0.0182661481334014 0.0296156682206369 0.0427731051003143
-0.0229920194357143 -0.0167777717198941 0.0433763820637149 0.0234884755098948
-0.0247089427830341 -0.0239848924939711 0.0541268683166117 0.0136135641996569
-0.0134753443722053 -0.0371476610157888 0.0563835611692078 0.0138311906444494
0.00223151806922256 -0.038162782715027 0.0562732238943585 0.0143014594596967
0.0235189244757752 -0.033476867023933 0.0564396827347893 0.0230112727676661
0.0426911780613904 -0.0229606042421763 0.0632485204128177 0.0285233907767856
0.0486003719190251 -0.0085599135016794 0.082512214473236 0.0198784069443262
0.0534325260485671 0.0125305534982485 0.0393205237348399 0.0211832276138459
0.0511045600587525 0.00064004860466684 0.00704398686408659 -0.0230091247662988
0.0373178097649787 -0.00916569876859192 -0.0386078056237493 -0.0204626957478417
0.026937856218496 -0.0270290234421566 -0.0666646072023263 0.00497419273261716
0.0109714749892194 -0.0389485834645156 -0.053450234959383 0.0415441268926082
-0.00792290446686423 -0.0402632766194796 -0.0256373248279882 0.0556857574432802
-0.022797807723884 -0.0321051541699574 -0.000840083698227296 0.0501660960051487
-0.0303470270561408 -0.0325289793775042 0.0192964153111733 0.0338014021719645
-0.0323071996686479 -0.0301265950200743 0.0315733283135769 0.01329929110286
-0.0339652030857908 -0.0407084370241849 0.0451055501332342 -0.000131400721221425
-0.0180213804797277 -0.0584079111487362 0.0539189840406299 -0.00206408077838492
0.00515164780697346 -0.0617513152224627 0.0603276862990433 0.00311879601197213
0.0412726584430165 -0.0523218629809151 0.0572734798389011 0.0179428585578075
0.0701481717067317 -0.0288176080789883 0.0515308591392462 0.0271139137783676
0.0752242602772635 -0.00575256964092591 0.0583056920948301 0.018416592580738
0.0682026097364636 0.0207490849019628 0.0148988784790852 0.00972307730869711
0.0756379088675719 0.0058175151524767 -0.00944959576175797 -0.0318016205877696
0.0607978935492172 -0.0155265034577654 -0.0451567477985663 -0.0253618802311835
0.0405637607138886 -0.0438499168806174 -0.064556677395804 -0.00111700532646153
0.0158282584152998 -0.0570603723516261 -0.0496170300843648 0.0288107059579845
-0.00912723020172541 -0.0544429869345393 -0.0296679383755371 0.0382757595140685
-0.0264324053821516 -0.0435342716882021 -0.010959841549042 0.0350758882234016
-0.0345218833807472 -0.042675311304829 0.00641649289332448 0.0202741643028146
-0.0349996376306173 -0.0396930168713811 0.0168752149187078 0.000388205512411121
-0.0368029040623054 -0.0518867332737806 0.0317192093061084 -0.0152935166182454
-0.0181058843787677 -0.0715723138792466 0.0470254190492281 -0.0195716094863393
0.00999219982906923 -0.0755488446587666 0.0615950564087727 -0.00781058285858014
0.0524490761273241 -0.0614808829364146 0.0563155792448846 0.0145004814729581
0.0865287260417046 -0.0289387011366469 0.0383679675723316 0.0283961463301871
0.0891604350971195 -0.00165971015444618 0.0276770281262705 0.0159339067911227
0.0727744092949992 0.0244113307327524 -0.0158130480088913 -0.00264333251249938
0.0873153775428217 0.00601051273709239 -0.0309523294687653 -0.037368874312329
0.0730413747266477 -0.0222773155709982 -0.0512956893348006 -0.0283906134723851
0.0454777532771056 -0.0552797727884297 -0.0594985279499252 -0.0070167137173078
0.015161750910995 -0.0658170959426386 -0.0452744247551147 0.0110646776660219
-0.0111739165540537 -0.0602461583830419 -0.0347056263231041 0.0170852255970284
-0.0281024693075018 -0.0472044949787358 -0.0227555039465948 0.0168029226145402
-0.0333898132740475 -0.0460577283790441 -0.00658609840968591 0.0040908459698971
-0.0322608824979091 -0.0436288549315642 0.0025968761384265 -0.015385813092097
-0.030911444515398 -0.0568133732256106 0.0189189985321315 -0.0301536763838448
-0.0112807277906894 -0.0738749961396883 0.0391388776209042 -0.0354521003777741
0.0167850362951308 -0.0756298392624942 0.0604862848399024 -0.0179483753775142
0.0597376314714814 -0.0583682346466076 0.0520698149297026 0.0125267832688984
0.0906895369656931 -0.0199970997551024 0.0228874525493424 0.0302509651859025
0.0886332227986916 0.007338427412269 -0.00279597925136742 0.0112724745385096
0.0645532670475761 0.0222079343205719 -0.0483526763985661 -0.0126538995018535
0.0818061879153143 0.00472889062416634 -0.0529949874931989 -0.0371150549620478
0.0700673551931338 -0.0243730465974167 -0.0555568790838253 -0.0285973110049944
0.0402869979474232 -0.0550935138920601 -0.0523104043499862 -0.0133670758464124
0.0106783305806282 -0.0617218439687808 -0.0428988538981364 -0.00763313962663978
-0.0121834967215249 -0.0546977097780649 -0.0414707777821904 -0.00261587134846136
-0.0254932348139508 -0.0427041484469187 -0.0335605761784029 -0.000618632824466545
-0.0275712737651556 -0.0431247322128649 -0.0181986083183341 -0.0135271324966564
-0.0248621250867769 -0.0420510947177584 -0.00828289752550151 -0.0312735444525005
-0.0198750112213723 -0.0543371161817133 0.0104916444007059 -0.0446165236057461
0.000712021117823238 -0.0657062792226409 0.0359992924791775 -0.0476849290216224
0.0268469683756295 -0.0623119861341008 0.0597393110290319 -0.0224029238435097
0.0614767078705644 -0.0401132721216713 0.0465670515158086 0.0112883117581049
0.0822053110544903 -0.00455702782823462 0.0087331789422374 0.0286578895675487
0.0743848850691158 0.0151509263133007 -0.028667039940171 0.00333197146103287
0.0442469148718521 0.0175912197079384 -0.0756461331215496 -0.017804883771737
0.0598755454817179 0.00493067325994296 -0.0694353141553456 -0.0312484132079566
0.051855234786488 -0.0192691190371634 -0.0578521569609774 -0.0272510639162131
0.0285644737980829 -0.0412626629260118 -0.0463198110002736 -0.018534215558109
0.00707769401903522 -0.0442255624919028 -0.04305025659793 -0.0216884072905825
-0.00791278928204044 -0.0397113223090428 -0.0483635025142311 -0.0174222949508829
-0.017642693531103 -0.0322453165255168 -0.0429406521249866 -0.0153077205489259
-0.0168066066783216 -0.033242164599295 -0.0263972485515956 -0.0275107173661174
-0.0140266248172044 -0.0340549650909479 -0.0140409242018307 -0.0453462059654086
-0.007031698457074 -0.0431782195198192 0.00776067931115165 -0.0560083442304142
0.0103518770374448 -0.0474773744971422 0.0362632217132892 -0.0556762559274176
0.0312223357091116 -0.040208759466157 0.0600184089057121 -0.0243039352087942
0.0535305435878799 -0.0179314654296899 0.0414167029392159 0.0106107516598641
0.0626450585357155 0.0101008520304386 -0.0020625447832171 0.0216259524505402
0.0508486449072598 0.0216978235799946 -0.0466941136945745 -0.00820267660758119
0.0157641959470181 0.0131627292947736 -0.0926866207180764 -0.0177545733653424
0.0286928723956042 0.00819430312301056 -0.077087061805487 -0.0235080166366954
0.027190856521 -0.00490406922895319 -0.0584044786558979 -0.0252199603910456
0.0152467313369148 -0.0164647251132156 -0.044376413156351 -0.0207623169246956
0.00574344452619426 -0.0178631760222071 -0.0456241957298973 -0.0287950258367148
0.000526218082913663 -0.0180022146564952 -0.0540467181884886 -0.0242273518033628
-0.00531963659658383 -0.0166453856337847 -0.0482823989451128 -0.0239005398936536
-0.00476455624561761 -0.0189777126087 -0.0303788769736871 -0.0377786500160682
-0.00235349933640592 -0.0200659489900242 -0.0154949733316172 -0.0556057686313507
0.00131761425699538 -0.0248959745279228 0.0105218900157972 -0.0640560845105542
0.0138211103849776 -0.0244581370014976 0.0407813990722408 -0.0584503751576251
0.025475523532274 -0.0187527406687346 0.0616802702512578 -0.0232319178786848
0.0366230121998449 -0.000322328711188098 0.0382027548062552 0.00853749563333298
0.034646932602913 0.0181691448204302 -0.00685795013665672 0.0135269800133072
0.0208838530097268 0.0208947946321999 -0.0547733678287145 -0.0191361282857042
-0.000516432158197901 -0.0126735464253412 0.0650298379659013 -0.0202818475065948
-0.0146279146543341 -0.00544480582353536 0.00518703567245927 -0.0291226465672105
-0.0131190831669323 0.00635613017349674 -0.0396809485525646 0.00731507227136695
-0.00455140807436647 0.00792680857581166 -0.048100951899776 0.0510865960462749
-0.00197430620530102 0.00487973150513729 -0.00893249239257492 0.0796731318552632
-0.00377571334678493 0.00419630323294748 0.0313464554267564 0.0689694800408107
-0.00412139545956572 0.00478224933668595 0.0508505859141433 0.0422656888853159
-0.00853546478873726 0.00537209150273049 0.058052167213246 0.015828242659426
-0.00826045009017628 0.00638411445809672 0.0588570473423727 -0.00753803052923831
-0.0116810147488577 0.00554528446740958 0.0623335617685595 -0.0170693726329651
-0.0128020465767388 -0.00245388852982509 0.0613570175075719 -0.0124001910947952
-0.00979703052871212 -0.00598560236511536 0.0565190323787133 -0.0112546550219555
-0.00746283000831238 -0.0112863195584119 0.0634555632192007 -0.0110124471230477
-0.0027584387829464 -0.0193948164180056 0.0802000409743107 -0.0173075081381087
0.00655727311589106 -0.017460566291765 0.0960109628148101 -0.0419066079741805
0.0275169909444949 -0.0184293002180156 0.0612942969849941 -0.0165605246217103
0.0134374047935073 -0.018546805233922 0.00298640185194115 -0.0262145233527292
0.00478313502813236 -0.0111533843265954 -0.039670254993766 0.00654402850981895
0.000527882054261653 -0.0133121233610309 -0.0509062681274425 0.0468190888786563
-0.0075692258347536 -0.0171586536643751 -0.0150718918569759 0.0749069550308747
-0.0180294960269794 -0.0125684334299083 0.0224245117543713 0.0672777193084688
-0.0219591378170998 -0.00384275131441752 0.0431335227994619 0.0437845778744957
-0.0295083700220702 -0.00137710492085634 0.0512210839064628 0.0165316198306032
-0.0295432765328534 0.000813314649845142 0.0501012514685195 -0.00895706292984154
-0.0354861444970918 -0.00436926588785716 0.0529864848882081 -0.0229044635794542
-0.0344052000893501 -0.0223218998956423 0.0545888673465178 -0.0239539548469326
-0.0218614533749414 -0.0350175889656829 0.0552619321712636 -0.0221778134588579
-0.000785719373536843 -0.0451475936071786 0.0607293214827507 -0.0158122422794403
0.0221927749023719 -0.0476982574827754 0.0714635996913332 -0.0154119662493415
0.0373108516212108 -0.0385386895065653 0.0809206173533739 -0.0350958978013411
0.052887274340085 -0.0197948721822217 0.045695998138535 -0.0113365948654859
0.04199147839265 -0.0294168129687234 -0.00765410584693622 -0.0256097287892978
0.02557912708804 -0.0295101750142101 -0.0449502990552324 0.00400997067427408
0.00615752721021622 -0.036983581004582 -0.0532511012674604 0.0428991082091458
-0.0136829078223249 -0.038653920699605 -0.0194705036048898 0.0662754831771933
-0.0308817634590515 -0.0276972744075501 0.0123102986538941 0.0598715620711405
-0.038059858738838 -0.0127968768666928 0.0300248991705154 0.0418125717188378
-0.0453604592612002 -0.00792791539253199 0.0372169529544088 0.0159911657383061
-0.0453686294495977 -0.00508651908858238 0.0347886173020421 -0.00936738425311862
-0.0537649275651206 -0.0125496169831037 0.0366772370093233 -0.0286184148927167
-0.0520623679846289 -0.0377325924145683 0.0420852825731878 -0.0348624599756345
-0.0341928328277059 -0.0563277951891833 0.051703240675491 -0.0339490617613617
0.0024233847205235 -0.0717810526086935 0.0587271037657488 -0.0198438716035313
0.0412042999090816 -0.070202463219434 0.0619973171782292 -0.00892526640584269
0.0605248147954607 -0.0535171518114579 0.0588542088680569 -0.0185253324642671
0.0701400160657376 -0.0206996363761652 0.0185371757835338 -0.0062607135438333
0.0643692722167867 -0.0394361448030302 -0.0252191986257616 -0.0233022372825521
0.0407470990118794 -0.0489970523298793 -0.0521515701887141 0.00348609945325221
0.00740173526643771 -0.0584650887693017 -0.0550689024260287 0.0366646915667775
-0.020765631334998 -0.0552148443254617 -0.024260796845762 0.0525551065657745
-0.0405763237225541 -0.0390393050420095 -0.0018582434163429 0.0484922223315459
-0.0481712419585165 -0.0194398478456171 0.0121431624346869 0.035869549279672
-0.0553092235938488 -0.0129392641124099 0.0176863790451436 0.0129908375679845
-0.0544703838354658 -0.0111362490189712 0.0144495538317636 -0.0111316693500384
-0.0631261947889892 -0.0198241581877987 0.0166249418178335 -0.0326668113829752
-0.0611125957942817 -0.048635026631733 0.0253058103854531 -0.044617109644072
-0.039104188872818 -0.0699804871983593 0.0456042073650903 -0.0442508375987856
0.00584489337579893 -0.087716383220907 0.0551145011261399 -0.0220360995433016
0.0546811946422402 -0.0813813107403173 0.0513053585240385 0.00169724457106964
0.0746498168508355 -0.058696429964688 0.0315684716141729 -0.00122083024451131
0.0757417921558663 -0.0202550139495411 -0.0145540329795448 0.00219583712863377
0.0742297591880531 -0.045494374130927 -0.0460250306830242 -0.0149872226511523
0.0465845699853424 -0.0614609404959532 -0.0590881383182133 0.00298784033427467
0.00498102927521473 -0.0707867643660003 -0.0553255663239612 0.0271271140780305
-0.0271927066086601 -0.0624058081099876 -0.0318246383515807 0.0356188140213793
-0.0461801141669555 -0.0420865510416146 -0.018858019327533 0.0340898502264036
-0.0512284068386577 -0.021289102504127 -0.00856004331727738 0.0278566143500079
-0.0560302811516725 -0.0169706541088674 -0.00351740731520106 0.00716274394221085
-0.0542614003197766 -0.0165021212179646 -0.00747389349026888 -0.0153015006437116
-0.0622614600053593 -0.0274485662480258 -0.00351811988030759 -0.0371477655367692
-0.0572185900931828 -0.0548234891210655 0.0094666819705562 -0.0530742010717289
-0.0329216367158845 -0.0745302053547767 0.038548393853037 -0.0516782566748091
0.0136751360620553 -0.0889516466643999 0.0504629381216596 -0.0214519892781095
0.0643333846555453 -0.0763493535049831 0.0397008745052374 0.0134751238805611
0.079716883106747 -0.0510485650396881 0.00257914879935488 0.0144247519262502
0.0670612246225462 -0.0173427710756779 -0.0475303603810235 0.0146526470219423
0.0688567495079365 -0.0433889251235457 -0.0643772350084489 -0.000922729928859643
0.0426666010009543 -0.060816727703729 -0.0632588847325298 0.00584381834028141
0.000387292107636044 -0.0675344132868694 -0.0532756702444118 0.0181841038093556
-0.0287075960196275 -0.0561630185615619 -0.0413460343064969 0.0189626791074806
-0.0431103387105804 -0.0369849389490169 -0.0363604255222541 0.0226530536966325
-0.0467254445209212 -0.0191936549297617 -0.0288802727087607 0.0205579283563689
-0.0493017011543972 -0.0178128491131253 -0.0228666613608549 0.000387496327757537
-0.0473218012003226 -0.0201986616696293 -0.0257352433301249 -0.0202567877506118
-0.0514791691133792 -0.032063896584214 -0.0194018335079563 -0.0435570680090943
-0.0418160255496191 -0.0552252146447232 -0.00116240779317868 -0.0606454442059491
-0.0161792879144838 -0.0696176675427728 0.0344463174396496 -0.0552652114464668
0.0270967013212145 -0.0746608723836218 0.0451224885879487 -0.0190550440573187
0.0671727694209388 -0.0576935722999315 0.025553957634567 0.0201163630149354
0.0732195841373813 -0.0356137902115935 -0.0243200066916434 0.0238448693766355
0.0473086134568168 -0.00999639233836657 -0.0728678414189993 0.0285612704697961
0.0512423046982904 -0.0307407007938049 -0.0747149991599027 0.0147430347442741
0.0309836700412874 -0.0455700516937394 -0.0636588978272962 0.00960722376032234
-0.000616385491936171 -0.0492095301552174 -0.0515633293970851 0.0104145755883276
-0.0207006082845025 -0.0399537573031766 -0.0502014431680702 0.00724825288209585
-0.0301345472984139 -0.0269797218133066 -0.051856179073779 0.015284027492211
-0.033696230541202 -0.0152151517339744 -0.0457884234291673 0.0146723805737487
-0.0351136327582818 -0.0165334983869899 -0.0387190845968063 -0.00589575607635372
-0.0331166406853005 -0.0199553283438284 -0.0403492956803555 -0.028599944435918
-0.0336715070261694 -0.0309518990307344 -0.0285327873833202 -0.0512519344774841
-0.0210095312297999 -0.0463621648597376 -0.0055041080611312 -0.0679384247221666
0.00128864306811208 -0.0537443757872935 0.034140162785759 -0.0575065237259402
0.035226775174031 -0.0498767068861749 0.0398440567805197 -0.0165638475427208
0.059347950826527 -0.0315940475947672 0.0125339082568503 0.020833271543458
0.0560716007599747 -0.0145370229931521 -0.0454432284453267 0.0257056814201483
0.0204319805567198 0.00266550887081524 -0.0864690053823497 0.0410117835034747
0.0277110985267244 -0.00949241273684791 -0.0767122001095696 0.027189006929549
0.0185102267027641 -0.0202007122475163 -0.0632627233167525 0.013033622908838
0.00199118131403636 -0.0222315079406103 -0.0502618152905206 0.00835674803697017
-0.00614546788241452 -0.0179810621299594 -0.0551883535972899 0.00417321986883461
-0.0101181880300504 -0.0145822822644143 -0.0595856685546677 0.0135156863613803
-0.0140794050314521 -0.00998985713234044 -0.0551921741097826 0.0109274985544482
-0.0162454467069759 -0.0124505273177782 -0.0488251025616733 -0.0112315770889862
-0.0154049065777653 -0.0152280692374052 -0.0475786021180922 -0.036331077421884
-0.014341657519723 -0.0216074179538151 -0.0313782122516825 -0.0593388099225664
-0.00395286966251657 -0.0292009633144289 -0.00324492028266264 -0.0732669856251036
0.00997644483267694 -0.0320430617727917 0.0355662633505753 -0.0580742559015001
0.0313050511158887 -0.0244600279181072 0.0369425104973247 -0.0165422072618968
0.0404831252560452 -0.00674136557203359 0.00279801403654168 0.0166503371483933
0.0314372211881333 0.00429992920174116 -0.0589270294232121 0.0200760296712772
-0.00116884241562625 -0.0134232177569854 0.0665666565973429 -0.0235880129631233
-0.0153762881594861 -0.00474379060233681 0.00337879331475773 -0.0314248367799271
-0.0124246470206995 0.00673789834171825 -0.0414637546143575 0.00848596122126209
-0.00418591491937716 0.00841828524456627 -0.0489897994001075 0.0547465749694626
-0.00176397852729661 0.00532976795594524 -0.00660687982577096 0.0828849733558662
-0.00400891792989172 0.00458568646077766 0.0349271036917395 0.0705082391359603
-0.00418154592699647 0.00528923186587559 0.0538530271465193 0.0415991693050086
-0.00822310879761014 0.0065357641076055 0.0606507871237812 0.0140913703916932
-0.00883712250405767 0.00642573522974421 0.0606400613262343 -0.0105463970260255
-0.0117894408864091 0.00606566869260582 0.0634701502009182 -0.0204532850678167
-0.0137907724908003 -0.00206567235316364 0.0634638810690058 -0.0157214106609528
-0.0101457883340239 -0.00565581101142182 0.0584907726683491 -0.0134604712259472
-0.00792486735294862 -0.0115852388891202 0.0657082646323738 -0.0128440832135307
-0.00446724857069872 -0.0200441205549748 0.0835270159429769 -0.0204701389850725
0.00665081492907114 -0.018226737694602 0.0976238111041293 -0.0472822618771634
0.0283324306699964 -0.0197053638838061 0.0626315966226261 -0.0197133602097076
0.0130585782161037 -0.0197850338883633 0.00154466322891641 -0.0278614322458055
0.00485232311837751 -0.0121460208366933 -0.0408034239078382 0.00764805289703817
6.46389196069342E-05 -0.0141364947406506 -0.0515060569140353 0.0508538671759323
-0.00864805288788827 -0.0170321866137823 -0.0130193782862213 0.0783533601321564
-0.0197383349627912 -0.0119367303432881 0.0256897430574505 0.0693949205604132
-0.0237030936952025 -0.00320377771734316 0.0462912971430952 0.0437518942070825
-0.0303759588764361 0.000214236622839452 0.0540423255088552 0.0147699015306836
-0.0310857776032553 0.00184194204807752 0.0514574839922013 -0.0110144544569113
-0.0370691263822054 -0.0038307158451307 0.0540439027911634 -0.0261652190571626
-0.0370315597401125 -0.0221292666601457 0.0565529246667136 -0.0274451113142276
-0.0244742413059898 -0.0354017507549794 0.0576292638529563 -0.0245653933786656
-0.00253262953098984 -0.0469477011438806 0.0636794941024473 -0.0179699080284196
0.020473241701918 -0.0507204847854306 0.0741479550402854 -0.0180603969193935
0.03715421260597 -0.0406429632809568 0.0825883604786592 -0.0394951671414219
0.0545691113852576 -0.0219573276809657 0.0465851505723913 -0.0134133968072729
0.0426012480893617 -0.0324461670751503 -0.00981543854367902 -0.0271935890085491
0.0255192307890914 -0.0314714054576687 -0.0461253086575561 0.00476546532017134
0.00491837671766689 -0.0387511857922215 -0.0542540605396454 0.0464170613803634
-0.0160168238347527 -0.0391291482243267 -0.0178458037850548 0.0695155909364784
-0.033514588401569 -0.0274910846183519 0.0150539870092267 0.0620457863522158
-0.0397580150993543 -0.0112639122297487 0.0326430365914896 0.0417173310000371
-0.0480751902370733 -0.00608014487027096 0.0389202755508727 0.0146243060996113
-0.0475792115677622 -0.00325798158022599 0.0349936100421649 -0.0114852980416541
-0.0567392769511153 -0.0108927122627936 0.0376149840370923 -0.0315832175718057
-0.0560345528856281 -0.037545225314358 0.0428515255902516 -0.0378423880504899
-0.0374430776192607 -0.0573263245070954 0.0526233085213684 -0.0362059644823235
-0.000788008020026913 -0.07511375766247 0.0614121516977405 -0.0221201672069575
0.0402494578010082 -0.0750698562952935 0.0641803186323615 -0.0106190179443743
0.0609893458049801 -0.0570935767490792 0.0600844712846114 -0.0223898447537111
0.0727675345673789 -0.0235014363585472 0.0183419385485782 -0.00715615076360091
0.0650208845449579 -0.0433770229280134 -0.0280158943354945 -0.0233342598052344
0.0410150379610204 -0.0517514744838693 -0.0535698326308851 0.00374838046025616
0.00548703332007339 -0.0606682917552328 -0.0563878126587114 0.0391047313979242
-0.0240001900625094 -0.0565075545390602 -0.0238033183940252 0.0549032899552894
-0.0444407829489901 -0.0390133191182111 -0.000871270075790838 0.0503089238174625
-0.0508951892128217 -0.0177671340056152 0.0141372928636061 0.0367458860862951
-0.0580756222904947 -0.0115243900446947 0.0189651725051932 0.0120589206061703
-0.0571231505281951 -0.00901794372774555 0.0141383676526067 -0.0128465910757352
-0.0664318273115177 -0.0184089130217519 0.0158905057053529 -0.0348821747882819
-0.0657452937813506 -0.0478518699110511 0.0244703949600715 -0.0483201784244605
-0.0434165769144674 -0.0715140527893368 0.0455779454725672 -0.0474170197189354
0.00237332736385379 -0.0919916986339708 0.0573386110369611 -0.0235003109781627
0.0535234717133124 -0.0866847061865689 0.0535956699592976 0.000699319748420227
0.0753999343297586 -0.0629420478677578 0.0328267173868623 -0.00264521297868475
0.0780730090999082 -0.0234175030918784 -0.0153732673859274 0.00245164898501739
0.0750515955310739 -0.0505956344786253 -0.0493490556663775 -0.0141857981162588
0.046504773449255 -0.0656814742713815 -0.0611870326513158 0.00397674231669307
0.00226288000098921 -0.0731567791610275 -0.0567502032058269 0.0302991772341804
-0.0307348132992943 -0.0638462673474743 -0.0324940295124454 0.0376963086044343
-0.0499686537158205 -0.0419798903631265 -0.0188836480986747 0.0366269332715096
-0.0538681451066293 -0.020259442326451 -0.00734134542873808 0.0292138410521938
-0.0591983208523926 -0.0151129253889571 -0.00322105621821073 0.00740090142941847
-0.0574222832270413 -0.0146437779246487 -0.00855551242069742 -0.0154591409294666
-0.0664197871044021 -0.025941255459689 -0.00610461896299093 -0.0386723115470078
-0.0617764185410633 -0.0541838244580693 0.00786203312144033 -0.0555845660296746
-0.03741921146581 -0.0754909564675621 0.0381664085520619 -0.0549744873138661
0.0106053825937708 -0.0929163304635298 0.0521094589167429 -0.0230790390113439
0.0637397073048893 -0.0822457261029412 0.0415888347756503 0.0129426281750056
0.0812462470918288 -0.0551534957513033 0.00386881318741207 0.0147231462050784
0.0697225914191414 -0.0200223102122714 -0.0489736814868933 0.0164602466398271
0.0695612900322664 -0.0483159898773855 -0.0676577046365401 0.0008750758664818
0.0421672312430015 -0.0651491107580831 -0.0652092692836056 0.00695041905564459
-0.00211128848873858 -0.0699366725757387 -0.0551772636118806 0.0198432768214965
-0.0319394408266426 -0.057400372230124 -0.0434820023394362 0.0205660236464233
-0.0467001812026618 -0.036768967575505 -0.0372269087574563 0.0250794008445336
-0.0490992409958605 -0.0179207972972278 -0.0287157379486007 0.022333177511918
-0.0519447221200784 -0.0162402599966149 -0.024225796000723 0.00158290010860747
-0.0498685440241534 -0.0186568217207221 -0.0286624280031959 -0.0205636286638928
-0.0544559335854698 -0.0309999191328285 -0.0222669407026485 -0.0441366784665527
-0.0453445991980287 -0.0558108254674528 -0.00328704533552531 -0.0628493591161415
-0.0193862707646361 -0.0711110144685964 0.0339608801471262 -0.058946273260751
0.0248345708770863 -0.0782494212635053 0.0458460254423125 -0.0199800733229577
0.0665440935783804 -0.0621646207166702 0.0274388676517302 0.0211564964750762
0.0747380172049955 -0.0389744801163345 -0.0238919746711141 0.0252857793704946
0.0491204956212549 -0.0111504676275458 -0.0752415133686672 0.0317183505898575
0.0519796511150607 -0.0338020634768836 -0.0775491719390076 0.0179160737000103
0.0309335603379422 -0.0485553110681044 -0.0658294564314744 0.0109712685535625
-0.00344412751554503 -0.0511809549992169 -0.0532894267811742 0.0117571899875494
-0.0229904238741349 -0.0403361599150777 -0.0529988659233899 0.00893947566842592
-0.0321116777444903 -0.027235170386157 -0.0533985633508516 0.0175919510010643
-0.0354691797563683 -0.0144015397173196 -0.0458654960522693 0.0166949534544442
-0.0369923877164742 -0.0156516614023781 -0.0410691076609407 -0.00462862045138303
-0.0350620740182925 -0.0189943918001309 -0.0434166156741961 -0.0282645041372094
-0.036387167509687 -0.0307544955128644 -0.0315565801125244 -0.0522201144161907
-0.0237961778652952 -0.0474479261447486 -0.00774279169864959 -0.0702771122117302
-0.000396836506429595 -0.0563449184116473 0.0328408285634869 -0.0608134024234053
0.0339853218127514 -0.0529706129030596 0.0413785566016363 -0.0181878290235701
0.0607641330215688 -0.0347150020783255 0.0135213335262779 0.0223534683992463
0.0583281785699193 -0.0163997090296443 -0.0458994313906626 0.0280661542211321
0.0213720590177913 0.00207430281885498 -0.0890164715269738 0.0458641916207595
0.0284356529524431 -0.0106863354610463 -0.0787844173870188 0.0310733533012295
0.0184080313845075 -0.0220747146952641 -0.0650362430066236 0.0146233080748438
0.00109807025925109 -0.0232917815095023 -0.0522448526126541 0.00997100663371485
-0.0073046492146279 -0.0186393091587999 -0.0585827120694561 0.0060568963021507
-0.0112028737624359 -0.014442424223875 -0.0609663451608693 0.0171121042499976
-0.0143442843504618 -0.0103037941007761 -0.0565893099617332 0.0132676384116092
-0.0167269524030765 -0.0120412427105341 -0.0513086590796265 -0.0102153863772278
-0.0162261626993154 -0.0148384207340654 -0.0514418393133051 -0.0353822779925902
-0.0152758009204896 -0.0217070795562496 -0.0341105567094154 -0.0600077739613464
-0.00475578174437547 -0.0303437211528163 -0.00567293085316098 -0.075678381524143
0.00973667738916498 -0.0334736132916286 0.0346663407314965 -0.0612224462006754
0.0322261376855414 -0.025758455514336 0.0377162274717624 -0.0179694318697714
0.0421395312596343 -0.00803506958505583 0.00383459620351659 0.0178227388994876
0.0318133577564756 0.00338932997343363 -0.059368809893482 0.0233761124227774
-0.00209944148331931 -0.0136738371196605 0.0662075492950438 -0.0285825412350936
-0.0156916998345854 -0.00372601724698673 0.000749612843885849 -0.0326588074196165
-0.0124381179106079 0.0073655653448174 -0.0417112449694354 0.0107799377794247
-0.00383576268185168 0.00902602605227771 -0.0459033351797172 0.058736020286761
-0.00173577855851068 0.00537454075240367 -0.00165456883766515 0.0850031942484642
-0.00422424712629084 0.00501619508080367 0.0396991047866311 0.0691655997546532
-0.0042446654808187 0.00566272853022512 0.0566475806849126 0.0385495680890062
-0.00870170482784105 0.00729130756165277 0.0632724933614948 0.00988003917628927
-0.00893624783150136 0.00736604875027934 0.0608464890993181 -0.0148618125780152
-0.0114415371234885 0.00648746714744863 0.0638194465416392 -0.0251335122019528
-0.0140136938610774 -0.00156137797040191 0.0645942081716112 -0.0202096594540091
-0.0108806711828517 -0.00514310696963118 0.0590706035899493 -0.016467409631674
-0.00905807277420772 -0.0117848703348436 0.0668304122931516 -0.0159957474936366
-0.00600435157380975 -0.0199220740483092 0.0840365856641865 -0.0256757634883704
0.00584611774387065 -0.0183228362304246 0.096455276028357 -0.0538907888411216
0.0274899994225596 -0.0215359888909195 0.0632522810920918 -0.0237758080378733
0.0121519843421813 -0.0210151355156092 -0.00123220129186291 -0.0292461201274205
0.00440381161484319 -0.0128206228237014 -0.0420020997478733 0.00948291243228722
-0.000762683443386338 -0.0143099127475656 -0.0495355401874286 0.0548497995216899
-0.0100438047949955 -0.016942655398963 -0.00858187653625968 0.0805892880774191
-0.0207478418896569 -0.0105049725080729 0.0300974108288124 0.0687652511059086
-0.0244221698096648 -0.00177371359835884 0.0499300141734649 0.0411672993598652
-0.0310208954225375 0.00194091670106814 0.0558571238257966 0.0120752584151283
-0.0313194155213154 0.00401827486209242 0.0512030180561343 -0.0149175214709302
-0.0382296934519316 -0.0013964568460221 0.0535458320243265 -0.030112972909499
-0.0393409118431132 -0.0201715267354418 0.0564088530524171 -0.0313621870876433
-0.0269898683400939 -0.0341042075349839 0.0567555710205378 -0.0277317121710403
-0.00583336127804105 -0.0476976179344204 0.0643825750721553 -0.0209654257638405
0.017951400007331 -0.0528190842819157 0.0746373464530914 -0.0224943996281514
0.0353691030161393 -0.0428617256058038 0.080977503087235 -0.0453123992618451
0.0545290190556687 -0.0255034943754669 0.0467390090050149 -0.0170278378675853
0.041427040665368 -0.0354204126493808 -0.0121394802228778 -0.0277194528042958
0.0242673261634731 -0.0338521449880178 -0.0471353404258519 0.00679807317775012
0.00257038799325114 -0.0393448591686849 -0.0530139219322271 0.0503648976768536
-0.0192408372392301 -0.0385679493491361 -0.0142391475266458 0.0719830762412883
-0.0361878535389586 -0.0254068146585379 0.0185778996806801 0.0620820858368246
-0.0414614882178039 -0.00903014245578682 0.0357747997042119 0.0405436548727673
-0.0490481767822609 -0.00286125649587518 0.0404822444244134 0.012682827408592
-0.048878979874735 -7.87274754914338E-06 0.0347365599746654 -0.013837821859216
-0.0583899246757799 -0.00778819896367087 0.0357413203272481 -0.0341941625595162
-0.0597195548239497 -0.0342493008298125 0.0414978896337189 -0.0418325916517555
-0.0419439258732849 -0.0560134693353882 0.0516523601870099 -0.0405493437738244
-0.00546523823918537 -0.0772152826960244 0.0617811677471285 -0.0249686344432739
0.0357463665093657 -0.0792600192781764 0.064924243948801 -0.0140440464738395
0.0590840963767722 -0.0610694099146068 0.0599146030988408 -0.0260937469932513
0.0733799402044908 -0.0281673312437629 0.0180523203594244 -0.0084418805465432
0.0639286928968213 -0.0487645688133232 -0.0304208732106699 -0.0228805834684171
0.038524123315539 -0.0559548675568315 -0.0549793521247611 0.00533015216417327
0.00219540306198036 -0.0625325897103278 -0.0559810438737893 0.0431642511822972
-0.0284478101152969 -0.055607854426108 -0.0217264483241962 0.0573819405966462
-0.0480189457330479 -0.0363709043152882 0.00174753138785328 0.0512725920381071
-0.0528792341362372 -0.015088170316677 0.0170712950214106 0.0364259992792358
-0.0594567253670665 -0.00783937807728947 0.020325856396595 0.0118182051046001
-0.058419538028244 -0.00593084354224835 0.0129913191120886 -0.0133797154371655
-0.0693921474775051 -0.0138406113059113 0.0130242670992321 -0.036157749801319
-0.0704221831999098 -0.0442759755339117 0.0223640282603012 -0.0507018597167093
-0.0487500589388039 -0.0695816096154483 0.0434245784772199 -0.0509064654147058
-0.0038049919575301 -0.0939214959731118 0.0577074300107488 -0.0270091718637749
0.049066639037983 -0.0925712352367921 0.0545239379127408 -0.00211630546146612
0.0734129623628688 -0.0680901480447555 0.0333589725264847 -0.00509548917480536
0.0793657679866937 -0.028050851350054 -0.0158142162890639 0.00370712178990917
0.0732833146649231 -0.0562759765954187 -0.0516931884978059 -0.0121401340729535
0.0433440048924545 -0.0697002222352374 -0.0624020848554358 0.006917763560397
-0.00261635029936772 -0.0753363056541151 -0.0564850959497677 0.0331245301996403
-0.0354174851933279 -0.062266278143542 -0.0311684724394612 0.0400547091439784
-0.0540658805861648 -0.0389105255749187 -0.0176841187450069 0.0387594762589649
-0.0565114683442782 -0.0170238479810713 -0.00555325106916785 0.0302364567966679
-0.061182312188002 -0.0114011806368974 -0.00277091007383445 0.00813621722996792
-0.0591492545065015 -0.0113891266912318 -0.0103134821113098 -0.0153201269200418
-0.0689608569430674 -0.0223545911083156 -0.00833403767682368 -0.0386399725992845
-0.066733636954817 -0.0510396284337351 0.00502633066502004 -0.0577461006165641
-0.0423524147855388 -0.074518088077804 0.0352001961615592 -0.0583777989258204
0.00511022993585317 -0.095050494532114 0.0524942598918253 -0.0254283784398393
0.0594335409576872 -0.0881987333779038 0.0425965378896875 0.0115322753353842
0.0796739123080512 -0.0604605375706802 0.00501617769244417 0.0144691920688648
0.0703170128663226 -0.0240374859511496 -0.0492339640856952 0.0200812391674614
0.0677398831650687 -0.0532989263602858 -0.069186279416594 0.00459946808918266
0.0389451391283416 -0.0689932516794172 -0.0661869249290261 0.00950705207173252
-0.0066449313735611 -0.0714146599972208 -0.0551309202135305 0.0230515183535602
-0.0364432369414656 -0.0560283292951217 -0.0438356303099258 0.0229629429930189
-0.0503806585908036 -0.034778728415684 -0.0370521834453568 0.0280087470370527
-0.0516065920414823 -0.0155450023461871 -0.0272116245381866 0.0243157499884052
-0.0539806124319227 -0.013448353830454 -0.0248257549995271 0.00343621263488999
-0.0510136035162244 -0.0159728141128787 -0.0310330444180853 -0.0195699745796427
-0.0575722738699953 -0.0278999166462768 -0.0259226856552341 -0.0439566959705651
-0.0497675782260235 -0.0531813259339948 -0.00694698301362414 -0.064516989641338
-0.0245057923953948 -0.0708303441267248 0.030790761515416 -0.0623289047187001
0.0212727315524899 -0.0813796890686495 0.0465409910582094 -0.0225706379241719
0.064431378780479 -0.0677008478972565 0.0291295935655779 0.0199722787603782
0.0736140139051681 -0.0430877754019486 -0.0218173201202094 0.0273017179646433
0.0498040053872586 -0.0140105306907553 -0.0749919153115841 0.0369493425122596
0.0503052323390139 -0.0380953349922065 -0.0784127339707863 0.0228537441298263
0.0287444361029744 -0.0515547716491452 -0.0666074083341593 0.0140570612399521
-0.0065757807769907 -0.0516626848561322 -0.0542338432260366 0.0141996058602362
-0.0264738420313858 -0.0395799304398576 -0.0541216872153006 0.012094466924499
-0.0352926244461871 -0.0250448288413173 -0.0530682082083634 0.0216993821217365
-0.0368000392032303 -0.0123482554728877 -0.0455199261196635 0.0201518394888803
-0.0384830030043866 -0.0134521413322338 -0.0427056571032097 -0.00224550411563077
-0.036765396389296 -0.0169749482220076 -0.0459758700639526 -0.0258273253008781
-0.0387349799360083 -0.0286729428963488 -0.0353585200344085 -0.0512943913278835
-0.0270552524286462 -0.0465910622912476 -0.0124287186087264 -0.0712457741875242
-0.00402701323411811 -0.0561983873349029 0.029992451326996 -0.0637069826566901
0.031347718964304 -0.056174076715259 0.0406606774088881 -0.0200020170696654
0.0595731514660571 -0.0391712215394713 0.0150061000557389 0.0224926602640129
0.058275175483783 -0.0198209638297814 -0.0441701707176444 0.0309192140792804
0.0225841744449869 0.00144591486430014 -0.0884941290134229 0.0511657119410463
0.0278551587024663 -0.0128380230368642 -0.0780768139978437 0.0359223074150304
0.0170222260794723 -0.0235351035509347 -0.0657219603067809 0.0181761776257004
-0.000291056126911539 -0.0235319878223136 -0.0525617073973316 0.0117997824345996
-0.00856921868396717 -0.0177524120226809 -0.0600780912101883 0.00955953884732835
-0.0122843666764779 -0.0143382289662194 -0.0613392044548529 0.0213645196843777
-0.0157815271921677 -0.0094093711870234 -0.0563388908474433 0.0174543293776349
-0.0179279835929617 -0.0108688045562028 -0.0533287781572233 -0.00702240187885682
-0.016685382511287 -0.0144087669297902 -0.0553056735214041 -0.0330855128492356
-0.0171914947024408 -0.0211021741422882 -0.0389060028046713 -0.0590192780323067
-0.00692159918850061 -0.0302385157036535 -0.0104796714101634 -0.0764438221843467
0.0079313183551137 -0.0347605306519937 0.0313371560815328 -0.0639871070903912
0.0306972854077242 -0.0280953160781773 0.0376148585629432 -0.0200259454992972
0.0424753281561544 -0.0104842902135812 0.00506028595614385 0.0182133888636427
0.0327399277903335 0.00252394957339706 -0.0586244662098359 0.0275143971931731
-0.00252177273358236 -0.0132108943733356 0.0642875954523286 -0.0326337574778879
-0.0158917738438784 -0.002901674582676 -0.00242969289715973 -0.0326733486606457
-0.0120215540838996 0.00786171866953311 -0.040350892466756 0.0127593626753853
-0.00334596968272796 0.00887574195943099 -0.0422945984642824 0.061357523039083
-0.00161174295777686 0.00550313858582417 0.00367776357873889 0.0838754438072138
-0.00394509473557494 0.00520982195189143 0.0437282131425427 0.0662802363017773
-0.00434396041641087 0.00640670450800023 0.0579396468649501 0.0348949134063507
-0.00799197456461476 0.00758702098533506 0.0627714110585941 0.00595127789773192
-0.00845048340511684 0.00751083393940667 0.0592984340181275 -0.0183029712210733
-0.0115706101184933 0.00695229904991301 0.0616927359886436 -0.029203769450374
-0.0147846503093503 -0.000272922625388612 0.0626078648409805 -0.0240707078269377
-0.0109506752779303 -0.00505441293283324 0.058020716430256 -0.0186756206807826
-0.00960893658143272 -0.0111873486894206 0.0663686933342775 -0.0193453897472019
-0.00678766457888402 -0.018882366543844 0.0818463141689205 -0.0303585256198674
0.00534480883713161 -0.01809873795345 0.0911191637778114 -0.0592519136551023
0.0261783904140645 -0.0233699179563018 0.0605193910632457 -0.0278142746904983
0.0105111948932451 -0.0210840138567086 -0.00391979648687182 -0.0291672878753624
0.00382369274849736 -0.0128794955899474 -0.0412532328859257 0.0114388491913663
-0.00142757652491181 -0.0141038725818252 -0.0458034046125161 0.0573937797240687
-0.0111597233616071 -0.0157406248116765 -0.00339356659227748 0.080442892280405
-0.0215688024409735 -0.00918011226446765 0.0338141974618721 0.0666217494592507
-0.0247576492791756 -0.000582755459917875 0.0515263813458948 0.0372605745631337
-0.030819209138266 0.00429223251687564 0.0560195426427736 0.00834208013145213
-0.0310022136614081 0.00572746329546585 0.0501826763709998 -0.0179706546738769
-0.0377963919140419 0.00103793205668027 0.050854074993018 -0.0341552517171756
-0.0407466608169907 -0.0175005611618378 0.0540132680642381 -0.0351122026316787
-0.029121709863536 -0.0322440695664538 0.0549994776059024 -0.0301897210042505
-0.00877434511253548 -0.0469119271319858 0.063996683780655 -0.023921398131417
0.0142607010275891 -0.0535645945221223 0.0728944257664094 -0.0271331723409075
0.0327271033723281 -0.04480026251792 0.0768713944874806 -0.0493780035829374
0.0530669895304998 -0.0284745357951234 0.0446819867398449 -0.0198182141457522
0.03846629835836 -0.0381143009274933 -0.0143342549207939 -0.026550475247505
0.0221607911687489 -0.0355668365425229 -0.0467389459240254 0.0080087221001404
0.000650816206982329 -0.0390435263063048 -0.0495410314168809 0.0532145232599682
-0.0217609829756012 -0.0368426885250738 -0.00966910785044185 0.0720023236857243
-0.0376079565808619 -0.0226267587495136 0.0219514442982494 0.0606335754458419
-0.0420109628984743 -0.00655889280577637 0.0382658063162319 0.0371634206235792
-0.0490357002473293 0.000715491491530178 0.0413758549510573 0.0101847412066452
-0.0483283593316092 0.00288743477456961 0.0337093801968296 -0.0158749352008423
-0.0589769583227099 -0.00352009597347217 0.0330618881453309 -0.0363547242487707
-0.0618604476929149 -0.0296450162294023 0.0387980008296637 -0.0444779869939166
-0.0448764454309145 -0.0530869935176339 0.0486052112831097 -0.0423285104091027
-0.0111252061148781 -0.0757711922961211 0.0605708696733301 -0.0278320132052942
0.0303607519942577 -0.0808511664080081 0.0632040113128413 -0.0172355900775124
0.0552282306565991 -0.0632925679686495 0.0572166876586159 -0.0297107359541401
0.0714864948925859 -0.0319780120470755 0.0174868647101074 -0.00943572783944625
0.0597545762279926 -0.0524555714836907 -0.0321617339907344 -0.0207542568793719
0.0349970752890021 -0.0575542510810424 -0.0547129276467248 0.00724776447799604
-0.00213761283319444 -0.0616052030774147 -0.0529464179310628 0.0456559847296347
-0.0317454410196593 -0.0528274423406041 -0.018391167691794 0.058139316216374
-0.0499373354145457 -0.0325490169448222 0.00517231620605239 0.0506375260930728
-0.0535082418016842 -0.0117818212671676 0.019022107483847 0.0346742011595914
-0.0599043345002628 -0.00342248045337139 0.0202072916561017 0.010213641096422
-0.0583830639292718 -0.00191572853621181 0.0116238614002387 -0.0144122402108132
-0.0697559351173703 -0.0093462364731203 0.0106807867662718 -0.0364925229144807
-0.0730749775435891 -0.0387464612362064 0.0192411102355993 -0.0523700731239353
-0.0526268076203116 -0.0655462368546312 0.0398855605777764 -0.0529841598072972
-0.00960659307083053 -0.0932091818314846 0.055927600014537 -0.0295375427945715
0.0422404617732966 -0.0950002909643725 0.0536973235386145 -0.00459134880921197
0.0687469407797268 -0.0710676925739767 0.0328462622687696 -0.00700147918345481
0.0779306620241135 -0.0323246737977955 -0.0162231724293214 0.00461649399741079
0.0685421432010592 -0.0609740071904279 -0.0518125233112664 -0.00832899888670093
0.0388458671746995 -0.0719086036522634 -0.0617182119084988 0.00825161325394472
-0.00736947655024399 -0.0738814893312134 -0.054245068919639 0.0361753916629323
-0.0399850882890445 -0.059512290848639 -0.0293039150541759 0.0412653428718821
-0.0563085331589525 -0.0347640305203553 -0.0149589262589489 0.0394135857419981
-0.0577084575914921 -0.0130261856486841 -0.00307060537556426 0.0300134766017704
-0.0616266642137271 -0.00735510223937051 -0.00313009148248666 0.00853743731375477
-0.0592203195491096 -0.00771405115050648 -0.0112834190491899 -0.0138967256660165
-0.0698417573954031 -0.016764441369406 -0.0113051165840076 -0.0375474888558635
-0.0694598861967088 -0.0461891690341674 0.000677951938450624 -0.0578171987876977
-0.0475322032775356 -0.0709946400455013 0.0313165088967601 -0.0593849235190775
-0.00139153885191995 -0.0946563673538931 0.0506049171041617 -0.0280506631143256
0.0527290760844252 -0.0912617866027058 0.0433976168308514 0.00981571784088119
0.0753801177707383 -0.0639571874007061 0.00553622515940616 0.0135589970191998
0.0696343926807357 -0.0278278188202857 -0.0480985618376687 0.0223181019962856
0.0630333542251164 -0.0576450829867225 -0.0677363863718382 0.00871943783410151
0.0345129899657457 -0.0707300859038365 -0.0655619903122672 0.0123293427954774
-0.011290836150495 -0.0700280879346831 -0.0537645128518237 0.0257022489303276
-0.0402629871499556 -0.0525997917265124 -0.0421597157285473 0.0249775351619234
-0.052041331554371 -0.0303727451952815 -0.0356488513132809 0.030111210928068
-0.0520203945257632 -0.0123318256273747 -0.0248721476945036 0.0257584898026106
-0.054461408532238 -0.00944811482019462 -0.0247457782405005 0.00539296399361509
-0.0520287376935828 -0.0123865206449272 -0.032267526298221 -0.016608841506436
-0.0590583410379215 -0.0231964782056218 -0.0282768562986004 -0.0417096600128659
-0.0531409279024429 -0.0496153851425233 -0.0108686948694079 -0.0633823232312536
-0.0286038924879776 -0.0685750533148477 0.0263455680097688 -0.0630061383710892
0.0150774691830386 -0.0813912921543108 0.0456967746707296 -0.0245086981796125
0.0589020151312682 -0.0716947408281652 0.0300487478384667 0.0190171305119817
0.0705139656571895 -0.0468088630766068 -0.0199260237165975 0.0284055802035139
0.0490783423730766 -0.0164588585220409 -0.072875406779469 0.0406660358295391
0.047402412939466 -0.0408855069144708 -0.0762164287304109 0.0270656620512296
0.0249071856227889 -0.0535646473951794 -0.065546325176846 0.0168087679336749
-0.0102467692400497 -0.0506040019296523 -0.0528050397673898 0.016554690408414
-0.0289645204655403 -0.0369766353137986 -0.0534629728605399 0.0142029455105619
-0.0366583772676109 -0.0225696044064129 -0.0517028903389405 0.0258951527924687
-0.0372935035430908 -0.00996036194560978 -0.0434100134555491 0.0225147295342502
-0.0388418925688509 -0.0106373177268586 -0.042523791561644 0.000793449126490807
-0.036936519474082 -0.0148059340992888 -0.0480454477003549 -0.0222929478124386
-0.0400074281036131 -0.025587829240009 -0.0383500467376378 -0.0482238318510419
-0.0300891211858557 -0.0442366636473474 -0.01673541294371 -0.0698877100066227
-0.00760872398222537 -0.0549820766883801 0.0257962470313762 -0.0652979120369645
0.027423509669855 -0.0568935375995616 0.0399730309309667 -0.0217829879820404
0.056077563536834 -0.0423972714640994 0.0166416969224556 0.0216993268907371
0.0559115130959902 -0.022305332082921 -0.0411694105173924 0.0324450272818203
0.022340594646892 0.000523347141278179 -0.0850496596279895 0.0559774912930035
0.0269097715642474 -0.014580792679539 -0.0756939707744965 0.0400312743037936
0.0155008483060454 -0.0241167153905346 -0.0640474629345129 0.0208590472156169
-0.00190739760055596 -0.0229898829097413 -0.0520138057229675 0.0136337689947922
-0.0100503866774191 -0.016679877548859 -0.059559571745178 0.0128646160407101
-0.013835562511079 -0.0129051875556345 -0.0595304205968512 0.0251191471281015
-0.0162155360533054 -0.00851983358248041 -0.0543778270165328 0.0200936544869337
-0.0179926612684959 -0.00935836407060429 -0.0535123266236003 -0.00352091824819903
-0.0176957799215978 -0.0124906684304082 -0.0566798630280982 -0.0289939998751002
-0.0177528607008712 -0.0197399018345857 -0.042038757556479 -0.0559164721571402
-0.00893145774609273 -0.0297312324399906 -0.0148996937716371 -0.0757042675066964
0.00596348542915818 -0.0343549197905994 0.0273841329604685 -0.0649855060762464
0.0287421708652988 -0.0293709895893879 0.0359920339416134 -0.0209242564272547
0.0413346420151 -0.0128258143393654 0.00652164513356311 0.018024814115891
0.0321156109654818 0.000490902565997035 -0.0552860239051972 0.0301885921243722
-0.00312743853737293 -0.0130361168852438 0.0597601881934979 -0.0355173860475104
-0.015503189293611 -0.00214956956296449 -0.00454009902062133 -0.0316218420296339
-0.011024276547451 0.00795838876084232 -0.0395062956905967 0.0143850182347467
-0.00277469689402579 0.00898999469263174 -0.0380441285035297 0.0605370741577811
-0.00103319457003195 0.00513792116953318 0.00702319771250547 0.0817949759244915
-0.00300471955505693 0.00581091110896722 0.0451527907549459 0.0622332088669999
-0.00402754640369106 0.00636826855465042 0.0575452044125872 0.0309459539616992
-0.00775600244111397 0.00807910692016324 0.0618981980485611 0.00274818038719684
-0.00819717304727647 0.00792335089766839 0.0565401455241259 -0.0208478434590597
-0.0108750779528342 0.00698706736368435 0.0585886712478768 -0.0317035299718982
-0.014385611535842 0.000253199818257876 0.0604353145560089 -0.0264423672522401
-0.0107831837661193 -0.00454825272998086 0.0559519253934963 -0.0202538285589025
-0.01019287864195 -0.0107570504239596 0.0648842290312196 -0.02082815158885
-0.00755574790749324 -0.0180505134101411 0.0783432267082458 -0.032711567437971
0.00470647647248874 -0.0176272376827736 0.0856612359765836 -0.0603199529474621
0.0246719871415447 -0.0237153176753619 0.057103785287304 -0.0294983758509933
0.00940124234744144 -0.0216471729971578 -0.00573522347136058 -0.0282086177312984
0.00324050954689934 -0.0130119906448489 -0.0399061340675697 0.0117495859922524
-0.00169913347402317 -0.0136677234788071 -0.0421010773193782 0.0570177414977938
-0.0118564616628067 -0.015046381227002 -2.155261339577E-05 0.0779470098491422
-0.0210257633863188 -0.00746145456133832 0.035529743452288 0.0631424427288699
-0.0241930800802603 0.000719733035343563 0.0513393380699311 0.0336405044021125
-0.0299477445325383 0.00600161085105705 0.0544739255438332 0.00543378177232753
-0.0298781216744618 0.00685315180902048 0.0475756973732247 -0.0196977824570669
-0.0372836025502096 0.00250884862841985 0.0477971759976144 -0.0348410646467804
-0.0409029557944634 -0.0152075476212207 0.0511899097934788 -0.0370394226764552
-0.0293293086896425 -0.0302923151571939 0.052084510706628 -0.0309984305457205
-0.0106721241187996 -0.0451996214822818 0.0619990120735278 -0.0252092616428143
0.0110909638888316 -0.052348137918372 0.0696219498614004 -0.0285615183463867
0.0306459399657922 -0.0442911664491344 0.0720608215056833 -0.05066639792433
0.0512759709257512 -0.0304452462686542 0.0423727157440087 -0.0207596271061381
0.0354460183758281 -0.0386756031637257 -0.0154097110363996 -0.024943816615959
0.0202551400426764 -0.0355593314091834 -0.0453804341694952 0.00943571932221886
-0.00120398935868129 -0.0376980586251916 -0.0457269492601573 0.0535098035054575
-0.0229751957904706 -0.0343577189787264 -0.00644655048931959 0.0699826481758874
-0.0377050281930647 -0.0198178638633655 0.0239469759810977 0.0581092442325836
-0.0414380519938831 -0.00429832220166 0.0383892430082435 0.0343229315590271
-0.0477347302138872 0.00298735960209259 0.0400311880147105 0.00808722448422153
-0.0472132779815101 0.00457570355315772 0.0311840756481313 -0.0166069077720901
-0.0571006407650086 -0.00128672830503584 0.029775831035334 -0.0364415375866689
-0.0620769439550871 -0.0261696739938652 0.0355924197165517 -0.0453470061776707
-0.0459106853755398 -0.0491064673834 0.0455617436125408 -0.0426649708551717
-0.0142702657655112 -0.073577352864231 0.0584164639465742 -0.0287383668847958
0.0254058880260416 -0.0800899665495635 0.0612781905584548 -0.019095708226142
0.051036579322479 -0.0634980818637813 0.0542134631385076 -0.0310407343300372
0.0691705021712175 -0.0349543081575199 0.0162677601404767 -0.0101975300722641
0.0555807676338549 -0.0535420956914955 -0.0325197805121712 -0.0187572663282294
0.0317567563241084 -0.0579003412757587 -0.0537167371395254 0.00789187015677761
-0.00480672242158687 -0.059910665334358 -0.0501606794148415 0.0466029176768442
-0.0340761718547557 -0.0498184901102707 -0.0158411850921639 0.0572504182940729
-0.050694191829251 -0.0289287631475326 0.00652582452905875 0.0494170986403663
-0.0531461677148261 -0.00895684703126121 0.0206378469294698 0.031937574391867
-0.0578367110157748 -0.000431689803986423 0.0202660895488499 0.00946448700976281
-0.0569483365128102 0.000349774779445453 0.0102101124529462 -0.0139698104616674
-0.0687105225573965 -0.00584134423688612 0.00836192842528879 -0.0356225388202452
-0.0733726466922821 -0.0342422508551637 0.016447330100974 -0.0518315294513413
-0.0547700703297048 -0.0614229343899659 0.0356908710177706 -0.0525761460546776
-0.0141373682993457 -0.0899549504230963 0.0544813670103604 -0.0300011482921716
0.0365625714472222 -0.094236295536295 0.0521509974332895 -0.0061534070539595
0.0640430560678789 -0.0718893307129803 0.0311503197757682 -0.00829846878457225
0.074552919951334 -0.0347814256080271 -0.0157410358470757 0.00538093112125391
0.0637334045752731 -0.0622920641270877 -0.0513857004178951 -0.00581475037534413
0.0348620310196948 -0.0723218562705697 -0.0607583791204709 0.00986710334489679
-0.010538756590129 -0.0714125469792327 -0.0516495032729454 0.0370687381634081
-0.0419390501291672 -0.0555167039438513 -0.027614162879979 0.0408848681031982
-0.0567357089317619 -0.030699688670287 -0.0131763748925254 0.0394803988175471
-0.0572138638675291 -0.0106955388171464 -0.00134868176481216 0.029161360308097
-0.0596073690044787 -0.00383929502716759 -0.00244939103900891 0.00844599810113747
-0.057650361665364 -0.00432455575906217 -0.0119621703382421 -0.0125893557652391
-0.0685652596518313 -0.0133453001896016 -0.0131846306791406 -0.0355792824332409
-0.0700926612758075 -0.0411169500471002 -0.00237703287872187 -0.0563490945988102
-0.0486766908403292 -0.0669614133945497 0.0271068367933465 -0.059499276817925
-0.00565804418126602 -0.0922328983599911 0.0493597750578607 -0.0285154337527771
0.046300417426553 -0.0912513341770427 0.0427847542776176 0.00837033122961118
0.0701134890710526 -0.0646875637695957 0.00650274332082702 0.013110188499862
0.0676960998582896 -0.030160336131023 -0.0461667118544515 0.0239531027621342
0.0587701048365645 -0.0591178119813227 -0.065882297222807 0.0118284573232526
0.0305280158951333 -0.0709335204823757 -0.0635440536838139 0.0137689862227181
-0.0143471249171276 -0.0674396815976117 -0.0510218857932894 0.0266996767098449
-0.0417709559444926 -0.0487997889968391 -0.0410234825539763 0.0258615716103982
-0.052502159029047 -0.0272355206133679 -0.0334938761542869 0.0315741670422163
-0.0513947972643822 -0.00985238080841362 -0.0228084518601819 0.0256147597849818
-0.0528495373323721 -0.0063880843363569 -0.0241621282579212 0.00609975423476901
-0.0509805480026416 -0.00962451776475819 -0.0327750342796088 -0.0144332095416331
-0.0586201002859587 -0.0198722000462748 -0.029801566651737 -0.0383633447497797
-0.0537764410750578 -0.0452731770058634 -0.0135749373224923 -0.0617488025979812
-0.030605872008501 -0.0648400745705939 0.0231402659258791 -0.0625322199120139
0.0106852495351136 -0.0796463937665946 0.0435493269591539 -0.0243705410278244
0.0538795592913342 -0.0722169765656964 0.0301024057882886 0.0176857580275843
0.0666286689142267 -0.0477181954432516 -0.0179075102770486 0.0279075339934841
0.0477602736957031 -0.0183528175208354 -0.0690723805998479 0.0427576819690311
0.0436725610924634 -0.0419318508604265 -0.0725180193235796 0.0293894383625089
0.0217062627093565 -0.0526027519127635 -0.0635811415704789 0.0179269167410148
-0.0122608799224588 -0.0485354707242455 -0.0512929127397662 0.0175095850495073
-0.0297295347333019 -0.0339208964858441 -0.0522201848563392 0.0164904155419734
-0.03700145738606 -0.0203301614836856 -0.0494748986192729 0.0272904466090682
-0.0370662695741728 -0.00836620578378753 -0.0409383983475705 0.0233218696886727
-0.0380677093397838 -0.00795309307588096 -0.0415300359103444 0.00278138760442024
-0.0367487823777068 -0.0126168340552383 -0.0480763980822716 -0.0194290178990708
-0.040165707797284 -0.0222783752091779 -0.039774125030894 -0.044954661990294
-0.0313662456947037 -0.0416895521226889 -0.0192913161601478 -0.0679053004524295
-0.00962939610092331 -0.0531238300784774 0.0215281600106181 -0.0641138515663457
0.0239808154597432 -0.056440733913803 0.0377243786298384 -0.0217614612694486
0.0525046082277171 -0.0434327224620744 0.0173849684075805 0.0211733205020492
0.0539665331934211 -0.0239793201605662 -0.038615007780838 0.0335510938691307
0.0221661995119892 -0.000425982756147718 -0.0807773010452203 0.0577416363345625
0.0247357526416727 -0.0149917772157053 -0.0713631140107564 0.0416578870100303
0.0137688759013547 -0.0243223903737431 -0.0618698770583347 0.0226970968654324
-0.00248163320123515 -0.0217588090220382 -0.0503251724244323 0.014935362879235
-0.0102276004518793 -0.0153284167537638 -0.057755972895984 0.0153476042825552
-0.0137816335020414 -0.0123375042784816 -0.0565189088539262 0.0273745634155781
-0.0162757619129483 -0.00767926958712701 -0.0516456185705182 0.0221158811579315
-0.0180854729779588 -0.00808335947985538 -0.0521463824257651 -0.000793868698610382
-0.0171493793148294 -0.0114947906560184 -0.05685417564738 -0.0257121141473722
-0.0180738427208952 -0.0176106378834732 -0.0425956733914219 -0.0525363132035029
-0.00981796089691727 -0.0280371669152168 -0.0173075702873463 -0.0728891604011655
0.00464054264077182 -0.0336222272485218 0.0235343620918599 -0.0644051180693633
0.027009647175582 -0.0298848405219671 0.0345257541438986 -0.0210607895922012
0.0393292545583821 -0.0142073182959709 0.00752183500518378 0.0178248464237196
0.0315266997108331 -0.000805456450330286 -0.0517978100096102 0.0313720350987672
0.00323049135975845 -0.0133756924678813 0.066352743966984 -0.00684959634056383
-0.0125737541241819 -0.00831515373730338 0.00767076321986492 -0.0291226491953985
-0.013002916194192 0.00206511199766272 -0.0409418011618932 -0.00403650186561141
-0.00585215674414643 0.00661757024630528 -0.0592145192718551 0.0385573157410734
-0.00291384817541566 0.00343263166230262 -0.0258524703154058 0.0756284481006831
-0.00528787565513352 0.00343455926779423 0.0151034030066684 0.0732448182772938
-0.00627266978864619 0.00395091549159133 0.0381727952049734 0.0506596832165859
-0.0101599264150064 0.00429529668600034 0.0537736274592417 0.0264489534522186
-0.0101475983912471 0.00333884713809522 0.0581779392016453 0.00331036153643147
-0.0128347603770373 0.0012475417191479 0.0644720657972928 -0.00544551532161675
-0.0131105703478392 -0.0060228215546997 0.0638743954675498 0.000742407268976908
-0.00817478600209362 -0.00913306188383891 0.0578359875324598 0.00570418532381454
-0.00498426366607113 -0.0148989819905499 0.0655525356052508 0.00783942565976242
0.000222917687506566 -0.0200185220963061 0.083253714833468 0.000745452658380914
0.0117528946231027 -0.0149479815959555 0.100709365830491 -0.0192559749957801
0.033382671376572 -0.0100756434832467 0.059505600204635 -0.00613757784002699
0.0170223359954221 -0.0145507879859861 0.00401547521961449 -0.0284401159518871
0.0082204749731437 -0.0101009690335976 -0.0417394492152974 -0.00644824431521225
0.00423697159267742 -0.0128061574108727 -0.0622752235132036 0.034332629895717
-0.00394422136290388 -0.0187790877501644 -0.032241562159221 0.0694656387436104
-0.0157123020548642 -0.0151158145452119 0.00527684782313781 0.0710170958906684
-0.0220142954490569 -0.00849486542634332 0.03100956979336 0.0508223122964545
-0.0291910680950139 -0.00624268954152069 0.0464668974838362 0.0263567918303718
-0.0295683666028552 -0.00578230120005966 0.0492779268251203 0.0012382406956247
-0.0345164264886703 -0.0120744148780998 0.0564124926050733 -0.013541404769737
-0.0312225301877231 -0.0298576832837356 0.0599982368450178 -0.0127116150944278
-0.0148527269976376 -0.0391056661709725 0.0590926768945449 -0.00616971107058389
0.00697404794505331 -0.0465874876062212 0.0658174361316205 0.00270622669376536
0.029349985964438 -0.0442556258352873 0.0756600098549425 0.00184143973465586
0.0449308618745596 -0.0300003302908298 0.0857053424637344 -0.0138557423931004
0.0600797100545734 -0.0052676425899847 0.0413158547237187 -0.00676425628225987
0.0473568420499883 -0.0190097064641581 -0.0060233738976997 -0.030667370099121
0.0329603340817279 -0.0235074780839737 -0.0470053484807064 -0.0126620903196721
0.0152464507720915 -0.0335973603469252 -0.0652918093855609 0.0284723293531268
-0.00570073813318483 -0.0400448130968134 -0.0361019954035493 0.0598401908566497
-0.0254808679272717 -0.0328187270825631 -0.00432526375839045 0.0616382826076674
-0.0347364367291439 -0.0203448528897728 0.0191770679780739 0.0459551104568676
-0.0438785349556109 -0.0159154210486606 0.0324062106950177 0.0233973156339269
-0.0440059755850519 -0.0143654043099297 0.0338560851755263 -0.00304658346765418
-0.0508393711075721 -0.0227754108290101 0.0406847709530091 -0.0217959300805071
-0.0464931816773551 -0.0472200175196705 0.0493147362561521 -0.0270606764205002
-0.0229794641666389 -0.062773988708141 0.0578296004765524 -0.0200320966405279
0.0138396274271711 -0.0733934310576404 0.0651527303425552 -0.00193709959377841
0.0518678804619213 -0.0640988376309571 0.0657022157184621 0.0075422138026348
0.0703855358453409 -0.0396816143183122 0.0620797155920718 -0.00213772830574599
0.078530297039157 -0.0012957395716066 0.0127062607483185 -0.00889041543908658
0.0713149590811642 -0.0240008270273858 -0.0247649420196368 -0.0336440046208081
0.0526603694991281 -0.0386140425250524 -0.0552726738370867 -0.018692440546718
0.0214012910532111 -0.0536011637583769 -0.0672335560703936 0.0211714048149024
-0.00906560488054526 -0.0578420375829016 -0.0399364264723342 0.0447116925513139
-0.0326073959143114 -0.045514429340257 -0.0165753741229476 0.0477026375195047
-0.0430737267372333 -0.0292531790803428 0.00421305253501507 0.0366629838942434
-0.0522311431022091 -0.0226929695650189 0.0140758465764277 0.0163919939367202
-0.0510408161249598 -0.0221004960844304 0.0138339815129587 -0.00840908049541603
-0.0592621453560179 -0.0314279881569561 0.0211908014133684 -0.0300379066222059
-0.0537725445764368 -0.0585669831596241 0.0344171056140679 -0.0398457962392351
-0.0258098212707007 -0.0759961184340018 0.0531413061986134 -0.0324687506176015
0.0204233526416707 -0.0884350663057138 0.0620217180552482 -0.00492450270887712
0.0673778429171299 -0.072974743747257 0.0536273873807715 0.0160643843668888
0.0847901346293604 -0.0422784099886656 0.033311035992899 0.00951827216724707
0.0837062285495138 0.00145671773537698 -0.0214244585426839 -0.00891153549458581
0.0819932530974699 -0.0278433436879404 -0.0466597252025661 -0.0299482347591977
0.0609020447351725 -0.0495308461558016 -0.0628970157130018 -0.0198775311229528
0.020647418162025 -0.0666508744850904 -0.0659925652707192 0.0110780768514557
-0.0137064543930713 -0.0657170593391313 -0.0450475170796863 0.0263580065327008
-0.0374561336417042 -0.0498274257200872 -0.0303638446342755 0.030953779340971
-0.0460962959878185 -0.0316735384012862 -0.0136764056815383 0.025349061975581
-0.0522153280260266 -0.0265215652535101 -0.00579558111315659 0.00683876743452227
-0.0503012404846831 -0.0272304690229123 -0.0064711982790787 -0.0170577154336693
-0.0568041260244785 -0.037413146452555 0.00239971227937103 -0.0385852144435248
-0.048019585176499 -0.0637154751599951 0.0199851031889539 -0.0514919113966047
-0.0187377102370402 -0.0790180218426214 0.0477664563208254 -0.0423199317038714
0.0283722747054104 -0.0871627614213401 0.0569702323815224 -0.00582905741364604
0.0755376996812201 -0.0661945599254818 0.0395748371607625 0.0258907240641258
0.0877213872743231 -0.0326550042062493 0.00228247654679115 0.0183318280478862
0.0747743013497886 0.00240444165979917 -0.0557697923305005 -0.00402954798010746
0.0758607202394007 -0.0263195217517222 -0.066498926394156 -0.0199449828845224
0.0561803807448683 -0.0505217868362158 -0.0674813742674148 -0.0177182436407531
0.0156276357260778 -0.0640860908892533 -0.0614210150954465 0.00212923857241352
-0.0162177385183883 -0.059865668650016 -0.050811026891199 0.0073938344367429
-0.0352509633482431 -0.0447366091766025 -0.0447969228430044 0.0155735132591936
-0.0411211726948119 -0.02881269994486 -0.031265689427592 0.0135539032865127
-0.0449211574514327 -0.025912242721993 -0.0239188760050283 -0.00327067299593228
-0.0417191292438286 -0.0287327671508165 -0.0241459687076181 -0.0257245526908318
-0.0450657245554465 -0.0393978158002125 -0.0110027901876292 -0.0473852479357319
-0.0326292303308667 -0.0613299377167215 0.0118861629940297 -0.060475602045519
-0.00278575270177674 -0.0700873112628373 0.0460704897975912 -0.0470342277059027
0.0392846185687325 -0.0697053207971569 0.0496233048577639 -0.00400720796189074
0.0748005241171526 -0.0454004427411541 0.0244127842564517 0.0297960932581374
0.0778210370513748 -0.0188947609357466 -0.0254633918900089 0.0212791665807681
0.0517011918019445 0.0041699108876416 -0.0819802612742976 0.00503559631526131
0.0558453355872689 -0.0183447274048012 -0.0788814402543185 -0.00576014156512963
0.0406825996636544 -0.0378603736953187 -0.0677048914791609 -0.0126144621187805
0.00957208699359846 -0.0466950986509585 -0.0563102836414358 -0.00589535787888627
-0.0120696319033897 -0.0422710327502631 -0.0558707348839584 -0.00659312456367308
-0.0239983231102451 -0.0324869324161808 -0.0562221165459494 0.00473510494389294
-0.0293402297000974 -0.0221342486852108 -0.0464362203311845 0.00487326614833897
-0.0311530061882233 -0.0219883117489469 -0.0386493020738204 -0.0139750136265273
-0.0280067810867636 -0.025532178781926 -0.0353961488715948 -0.0359025287297869
-0.0273303816080114 -0.034733903103118 -0.017416760885853 -0.0564286499343666
-0.0133762593222136 -0.0488321301211213 0.00990284972353276 -0.0677621339339397
0.0113441158502414 -0.0519676661091097 0.0460242868171773 -0.0489461424489379
0.0427364604317572 -0.0434306811995614 0.0435247994006046 -0.00384222649933692
0.0631025372199979 -0.0203293081871877 0.0101397667616389 0.0280010281391678
0.0571306827932577 -0.00166107637408011 -0.0470718465928176 0.0170544100342274
0.0210594326547635 0.00957632281246468 -0.0956332331109451 0.0162337889182735
0.0282591873690265 -0.00249404528151436 -0.0804264371552855 0.00663554045577484
0.0213324373634188 -0.0154369275726939 -0.0661874120540519 -0.00688538171890981
0.00661961858345081 -0.0197935951756658 -0.0531458806674029 -0.00792667521362822
-0.00192766534222042 -0.0168772931279228 -0.0595368971446011 -0.00991274958435883
-0.00719926918775547 -0.0163744504301383 -0.0622468910202789 0.00153291071819142
-0.0108757677038943 -0.0132642769096487 -0.055127111752479 -0.00136679184643492
-0.0129507813834303 -0.0142404363529378 -0.0464735236766927 -0.0214738047643362
-0.0113070677192346 -0.0174489776192594 -0.0405629049801539 -0.04512601675802
-0.0100875320700437 -0.0226681868714871 -0.0173687929266346 -0.0638320591003461
0.00103975917000751 -0.0292630812689281 0.013417410539304 -0.0714163992013069
0.0165760676285599 -0.0288813050695569 0.0476436176913232 -0.0477712065627306
0.0345196832875686 -0.0177343419071384 0.0398858571560519 -0.00382889038869064
0.0404706168862787 0.0018297120769944 0.00165078864240104 0.0209505129664997
0.0283239175459818 0.0111585743567829 -0.0589681223015516 0.00919249487907106
0.00249181477330444 -0.0134265921012455 0.0643469822582483 -0.00806816327734882
-0.0122326785100675 -0.00778022911528143 0.00701170285173059 -0.0290481829474783
-0.0130825881395818 0.00192772429897466 -0.0408836872763698 -0.00358591141990043
-0.00571712092309329 0.0065045850342644 -0.057761402047167 0.0390451977349263
-0.00275489339735297 0.00323292245272662 -0.0245281950072373 0.0748795304750823
-0.00484897189427725 0.00336295206052521 0.0165157239397201 0.0719736276010566
-0.00665240168471407 0.00421322760220155 0.038094613371944 0.049628323112531
-0.010052116284513 0.00477257589964853 0.0540042767869242 0.0254942796086077
-0.0100075842199489 0.00353450000395348 0.0575717919693572 0.00241987699187019
-0.0122639190286419 0.00129371360429043 0.0638336146472508 -0.00663952417039181
-0.012813296614945 -0.00566706717949549 0.0635920166103551 -0.000246042175681849
-0.00802409520686339 -0.00850190546439337 0.0575634431112187 0.00580115353484669
-0.0054605980429333 -0.0145364155247151 0.0662201565819056 0.00710137930268784
-0.000485941801679772 -0.0197100305707658 0.0825702529094353 0.000590552239806634
0.0115588958570814 -0.0151869328559651 0.0985435858298663 -0.0195328395000834
0.0326743677770126 -0.011119063737236 0.0579833815200783 -0.00663715976586754
0.0164062093440429 -0.0148335977227052 0.00348538640667714 -0.0280772279127431
0.00808847015877028 -0.0103335501485876 -0.0420325105346385 -0.00691423363720975
0.00411909799406965 -0.0121000382616125 -0.0606334972359963 0.0343228049077318
-0.00440690122523614 -0.0184636286952673 -0.0308002936224679 0.0689679753707519
-0.0160118207415213 -0.014669280837066 0.00668813440151357 0.0692614661317133
-0.0218415127847524 -0.00806172850055357 0.031417389012803 0.0493972633204211
-0.0289899000064065 -0.00518437708861352 0.0461531338822965 0.025358951142088
-0.0294527724954438 -0.00572541680670515 0.0486385092901671 0.000393769497003846
-0.0339904345997891 -0.0113551001497078 0.0555814881558538 -0.0145390113057537
-0.0314705308186038 -0.028922519319194 0.0593573081530257 -0.0135608549272249
-0.0158234160225129 -0.0387088171265814 0.0582751931800341 -0.00617505669813079
0.00590805701390215 -0.0465163667373473 0.0659995589103433 0.00229071025809654
0.0283709188242644 -0.0439389586968614 0.0743103187686526 0.0011573793006687
0.0439870616872751 -0.0300621270512838 0.0840878757833515 -0.0146696642362945
0.0598666885950798 -0.00602553920399275 0.040060120574574 -0.0074045027474683
0.046224090762745 -0.0199618747535864 -0.00720362753174292 -0.0308935436321858
0.0322864133534841 -0.0239927530893706 -0.047339022009149 -0.0132611303776927
0.0140598753267454 -0.0330370061522804 -0.0642626907561029 0.0293006222920346
-0.0068779543907376 -0.0395044236430098 -0.0353960707155846 0.0594689016239655
-0.0256081845067498 -0.0315538440448823 -0.00310475981087574 0.0613566508875435
-0.035075292215216 -0.0191504309005679 0.0194228114545972 0.045140365691932
-0.0437742932306803 -0.0147985851651689 0.0327875686803799 0.0227736592673663
-0.0442916902071355 -0.0134303280811958 0.0333093289559752 -0.00361993571996395
-0.0512480249471213 -0.0216219106565642 0.039507858490745 -0.0222950839485135
-0.0472986630014779 -0.0458348159915787 0.0484068855456758 -0.0275163467528053
-0.023855891093479 -0.0615505665995327 0.0565862146275617 -0.0195198925221775
0.0122596020840055 -0.0730481824869427 0.0646452778917284 -0.00191010649583734
0.0501571392157392 -0.063830088064756 0.0650315149074528 0.00701634769902131
0.0694692243121545 -0.0399941189603792 0.0607672371517459 -0.00350942712681068
0.0782687750843286 -0.00225266548604599 0.0124025083939002 -0.00918721484268159
0.0695737745696497 -0.0250363557184337 -0.0248188999708803 -0.0324932908793236
0.051625518028729 -0.0395694728890884 -0.0555936851493594 -0.0183701655508701
0.0198696708343217 -0.0536318819064958 -0.0660513485722318 0.0213718240064555
-0.0106270848132516 -0.0568618522287359 -0.0390050395086862 0.0449045231429977
-0.033654504053647 -0.0438220809629735 -0.0157955824280521 0.0477241841619473
-0.0433660827143951 -0.0274945246364035 0.00450422096694059 0.0363460352137981
-0.0521584372655468 -0.0216805917448472 0.0141180576617215 0.0165319677366042
-0.0510733510189133 -0.0209606144631975 0.0127830400354095 -0.00872228554433654
-0.0594938040982337 -0.0295301478850853 0.0202998686995864 -0.0300031061426245
-0.0548261911337979 -0.0568353705902727 0.0332454551512711 -0.0404174619966573
-0.0269243179367519 -0.074909163164132 0.052158559468288 -0.0326894152480736
0.0179896204886861 -0.088343528047738 0.0615570747065356 -0.00489143641667829
0.0651557477563324 -0.0738551360424541 0.0537836886949693 0.0158831070108634
0.0832826616324977 -0.0424543066232818 0.0329477711068425 0.00871102546741339
0.0835683390628601 -0.000661578834560637 -0.0220313420637765 -0.00847988538303091
0.0805273558158516 -0.0293071417853105 -0.0466359705205243 -0.0290000090358277
0.0597446017672728 -0.0508815872752749 -0.0631245572786962 -0.0199545303312267
0.0197181542373517 -0.0661762145623856 -0.0649555479128162 0.0113143336030201
-0.0148857207223667 -0.0647348631489106 -0.0445308472422189 0.0259890644105315
-0.0385134736756452 -0.04834561262678 -0.0298538674431918 0.0318870198049396
-0.0461228013691064 -0.0307569733170708 -0.0135368822937751 0.0247686767801629
-0.0521512385043787 -0.0256241325809375 -0.0054967610496228 0.00685195397063203
-0.0502723925706304 -0.0262363347102921 -0.00684245166492238 -0.0160098872628979
-0.0570365276021742 -0.036059287818893 0.00112878486605056 -0.0378809065777696
-0.0497049046407626 -0.0619273064005756 0.0187422074982776 -0.0512987612572907
-0.0199021686573595 -0.0777850823911213 0.0464438606887238 -0.042066855562703
0.0261448650171736 -0.0867237385455247 0.0566078803579337 -0.00532538762235888
0.0733079090820859 -0.0673406006081963 0.0392195360197947 0.02585755728535
0.0866427049817506 -0.0329374898070061 0.00241990492101811 0.0183401039258507
0.0741953484612598 0.000932478131779034 -0.0555375329955137 -0.00263282446481573
0.0748758144775054 -0.0280371987153189 -0.0656200823153714 -0.0181673650578745
0.0547810467335155 -0.0506466723580795 -0.0671384166446267 -0.0171799080322662
0.0150464723201506 -0.0638597415027061 -0.0611184926788096 0.00176046513275066
-0.0171829970667067 -0.0584981019290343 -0.0506656438087539 0.00688120457851774
-0.0359673832340175 -0.0434471051244652 -0.0444217648513399 0.0165102349724629
-0.0418692368066647 -0.0276044629107533 -0.0311578989715519 0.0134553689879147
-0.0448125552513307 -0.0249041874686757 -0.0242174225499551 -0.00306250958323563
-0.0423511302026324 -0.0281189079252571 -0.0245858999741512 -0.0245040697087844
-0.0451763849296739 -0.0378920093455503 -0.0121558161365334 -0.0467077957795442
-0.0334000804640621 -0.0599022490080768 0.0104148587615028 -0.0604352345305651
-0.00420862072408374 -0.0693517520191076 0.0441015234314834 -0.0468709931937723
0.0373879809899417 -0.0691639261525618 0.049885751958651 -0.00344768147833302
0.0731411064600954 -0.046489607941175 0.0243300414721365 0.0303122621925603
0.0767875854164033 -0.0189026722232157 -0.0243656967377544 0.0214072286698336
0.0519022083740837 0.00368382617808059 -0.0813642633008217 0.00601395515984298
0.0546699474605312 -0.0189570701412527 -0.0775287590004089 -0.00515812722741849
0.0401997676971303 -0.0374145425580951 -0.0678530187563059 -0.0126555518722654
0.00879079472589133 -0.046166991246447 -0.0565325806428256 -0.00565724080619745
-0.0127158888683538 -0.0410892275967258 -0.056364095490159 -0.00555761833187517
-0.0248011140891184 -0.0311535201436262 -0.0565293549480068 0.00644379287081195
-0.029467387404471 -0.0212854085235721 -0.045831207868356 0.00492158172675452
-0.0308935351033094 -0.0208187801986379 -0.0385311801426717 -0.012508170475486
-0.0285337989670453 -0.0245178708085106 -0.0362112048350418 -0.0347824396344004
-0.0278375993644777 -0.0332513618895291 -0.0180558942449003 -0.0554185960708001
-0.0136864252263916 -0.0474930899380837 0.00857001221777254 -0.0671676852285986
0.0102540527463768 -0.0508809291772354 0.0437964555514768 -0.0485323603187014
0.0409974023956676 -0.0430898237538073 0.0435524310387531 -0.00294838985236154
0.0619373016510268 -0.0210652455376597 0.0105493465113719 0.0283515717890838
0.0564577443219611 -0.00203108016438435 -0.0460543926723986 0.0176492166205471
0.0210737591282313 0.0092123959670564 -0.0943906320672316 0.0172478608712267
0.0278359036128986 -0.00287114810699827 -0.0792697003640717 0.00685591263396714
0.02107717228977 -0.0158948681619783 -0.0658899580574581 -0.00648686001596451
0.0059209180685895 -0.0198124720506665 -0.053083054295673 -0.00825270976194973
-0.00218291653019925 -0.0166113849244595 -0.0597401235368663 -0.00971197315779097
-0.00735644486319327 -0.0162400790954342 -0.0619410962948084 0.00311795741404593
-0.01174046525388 -0.0136891481909277 -0.0545171657525849 0.000106977174803831
-0.0131820168098651 -0.0127988694858388 -0.047083239232529 -0.0198782172351803
-0.011427959415403 -0.0167567247781353 -0.0410963969062343 -0.0429263218330234
-0.00998915316081336 -0.0217145419568052 -0.0182321236629152 -0.0629287430486352
0.000778007426383954 -0.0285372309194151 0.0118928327894236 -0.0706236538775133
0.0157725185321314 -0.0289050119201777 0.0455960597647631 -0.0474225303493286
0.0341021809955645 -0.0181284840536608 0.0395136688324956 -0.00387271199530507
0.0404361978508372 0.000923940446893276 0.00232435351993244 0.0208065216680774
0.0283528670537537 0.0104535817259821 -0.0572947570671047 0.00971352964070077
0.00258597799284863 -0.0134531025187384 0.0641062106961194 -0.0100925158471257
-0.0126813840787014 -0.00722460173570505 0.00567047285090123 -0.0290186930799009
-0.0128604445052669 0.00233777021525782 -0.0410607240020918 -0.00277051959165513
-0.00527538143661339 0.00639730084942992 -0.0570509007796995 0.0400719164849394
-0.00250703892873063 0.00296424455886976 -0.0229024598089783 0.0748032261151385
-0.00476410817378054 0.00363495329707106 0.0180631937286066 0.0705784239203649
-0.00656565331862492 0.00445032441835759 0.0390947209080617 0.048322373253168
-0.00998771574988627 0.00434662634528938 0.0541337858487305 0.0234098828345086
-0.00992853819188251 0.00365565814300952 0.0574295033407742 0.000813972356815583
-0.012774666598039 0.001622213783667 0.0633701193615056 -0.00872555738589649
-0.0131145510067685 -0.00574631482669403 0.0639119615221038 -0.00245700571961276
-0.00820748546889325 -0.0084607388438652 0.0580116123816991 0.00503541606901897
-0.00549222296273589 -0.0148509861985696 0.0667753122562328 0.00587150226308781
-0.000219231137293653 -0.0190177784837406 0.0817812739872313 -0.00148235762064823
0.0124043654156917 -0.015762751401255 0.0974023251528756 -0.0214861373680677
0.0329597352981428 -0.0120101726508905 0.0575820794650814 -0.00837872474062197
0.015805544498625 -0.0153466652166196 0.00203587395806329 -0.0277352026930419
0.00791069957123314 -0.0109136752734889 -0.0423084695102698 -0.00653501362810784
0.00395726819363128 -0.0121406513620132 -0.0604164988589612 0.0359960616505677
-0.00522455242939915 -0.0182417105344462 -0.0294815261360102 0.0694410785698509
-0.0161230440100576 -0.0135820400824662 0.00822688381881815 0.0690747872717686
-0.0223436161100657 -0.00762881873119748 0.03218024455487 0.048409197363141
-0.0293429410934845 -0.00394729659206688 0.047321773244618 0.0233766087245123
-0.0296820342641111 -0.00487522862952503 0.048225386155677 -0.00175345110791819
-0.0344183612252806 -0.0105297651062547 0.0544437362210207 -0.0161982590700126
-0.0327286387681711 -0.028076313298594 0.0584095144011281 -0.0152833105297808
-0.0163746475108805 -0.0383825524962821 0.0586014270182197 -0.00694132169122268
0.00440519858005609 -0.0471119918937834 0.0663221147618219 0.00067094343158627
0.0274440811664762 -0.0446930860896504 0.0739799747001075 -0.00040089813371172
0.0438874339496246 -0.0308975576227792 0.082994830968692 -0.0164967978665037
0.0599515040260491 -0.00823066226263611 0.0395143571885834 -0.00810516621813773
0.044939065329029 -0.0211541673553187 -0.00850856138581883 -0.0301634298583682
0.0312457954631409 -0.0250929927363049 -0.0477104336725063 -0.0128966877571744
0.0134054999292033 -0.0336195100611149 -0.0633117745588889 0.0299316655735707
-0.00809435132311702 -0.0390780288383607 -0.0337081031674991 0.059776838236434
-0.0272797091038137 -0.0306814175753971 -0.00190371360926244 0.0609377744522041
-0.0359304320358491 -0.0179531030789604 0.0205262880244626 0.0443075361800592
-0.0443075923464889 -0.0130573067936774 0.0329034867755612 0.0211946071310608
-0.0444474467071622 -0.0129434534602151 0.0325458707570092 -0.00430323998474464
-0.0518555833491714 -0.0201609811175144 0.0386222624508996 -0.0235951331169707
-0.0494964003735322 -0.0444770826155965 0.047615901550374 -0.0288186076481857
-0.0252450794287233 -0.0611739627623156 0.0566352816150195 -0.0206243479821842
0.0101263733705265 -0.0740818672502711 0.0647353267113019 -0.00351991153371942
0.0478213366880324 -0.0654515766707644 0.0648487200891063 0.00592919985589245
0.0691710308790695 -0.0409579765292299 0.0606527070286075 -0.00472561022096848
0.078341238677836 -0.00468013933819864 0.0114547805622586 -0.00920921344449192
0.0684150036049048 -0.0267960482007141 -0.0254088450257176 -0.0318204304119705
0.0502110100338993 -0.0414057520756859 -0.0563489542478253 -0.0179194116139759
0.018560957241274 -0.0543052495288713 -0.0655272295216961 0.0224545133581717
-0.0128253278556562 -0.0563560104365265 -0.039334356242001 0.0453978106730717
-0.0353137501408712 -0.0425391114996411 -0.015133520707553 0.0482396318445417
-0.0446602304344634 -0.0263717875881319 0.00514055707038233 0.0357303727545973
-0.0526859881578508 -0.019846872007971 0.0147684597013799 0.0155167986395988
-0.0523267899584509 -0.0195935776114623 0.0127511279832119 -0.00870121232794876
-0.0601631117626908 -0.0276984932938324 0.019043971648745 -0.0308143904870603
-0.05668091897156 -0.0551842911096055 0.0318184946096967 -0.0417872133035095
-0.0289402639442413 -0.0747324733680546 0.0507892001117377 -0.0333867864650524
0.0154784041542967 -0.0888603046402692 0.0619285599862217 -0.0059130523198159
0.0628249379426552 -0.0751917561069191 0.0533826943332791 0.0153105081494885
0.0829507008725578 -0.0435764441604968 0.0324179434527479 0.00821077319563304
0.0840453328946719 -0.00231232144793282 -0.0226441719150802 -0.0077073809637529
0.0789741164037299 -0.0317248478402693 -0.0468800811514603 -0.0278177030779716
0.0584968105567821 -0.0524751944429319 -0.0645525353793954 -0.0192776333660969
0.017499988916769 -0.066681616105885 -0.0648256882094667 0.0128619846905123
-0.0172292310810007 -0.0637886612393452 -0.0447356357169062 0.0264529525648023
-0.0406929626505185 -0.0467886917243768 -0.0294173862262834 0.0326169004212596
-0.0476875771067797 -0.0293959454929987 -0.0131380689793835 0.0244207478212129
-0.0531589528816444 -0.0237938942166335 -0.00520407612196904 0.00695604478449099
-0.051213055578002 -0.0251421118842964 -0.00772831667886214 -0.0154426863510839
-0.0578997952538261 -0.0338502464071792 -0.000213325449156563 -0.0375719703246776
-0.0518003878955822 -0.059564012801869 0.0172732660864343 -0.0523651473706568
-0.0219798368801594 -0.0775330317963737 0.0450929042782335 -0.0429060383312192
0.0235123840734976 -0.086936377030208 0.0566174957833655 -0.00590301114059138
0.0706179216623745 -0.0691133884978911 0.0404777812661159 0.0256826395275661
0.086336508395346 -0.0344591418831997 0.00310680442679425 0.0182739558967719
0.0745868222456128 -0.00111004675859844 -0.0559601060138202 -0.00120450161807191
0.0732352725120413 -0.0303175479855987 -0.066092919934901 -0.0171325579320837
0.0534457843608693 -0.0525941118016677 -0.067835570203465 -0.0163509593639121
0.0126674877503505 -0.0640145659998726 -0.0609270488884681 0.00280094269595057
-0.0194467851848144 -0.0573332266853475 -0.0510812689174512 0.00807630353335115
-0.0376131841150215 -0.0415777194268998 -0.044095669961508 0.0185956708435314
-0.042966934792957 -0.0264684594046461 -0.031216381764827 0.0144431019689871
-0.0457262051837942 -0.0234336687145583 -0.0244078440163513 -0.00216077766347013
-0.0427832227682974 -0.0265904307741431 -0.0257613527712853 -0.0236784803563612
-0.0463465751894186 -0.0364800741771729 -0.0128644155746874 -0.0459317207324886
-0.0355163265739516 -0.0579119067009513 0.00845821341026788 -0.0609851100357038
-0.00595484351349997 -0.0692541147446445 0.0424038570668152 -0.0475129358328463
0.0353380027584273 -0.0700729902347759 0.0502937609395114 -0.00339711576435361
0.0718648155395247 -0.0489591366341302 0.025346110980907 0.0299463361028544
0.0768079846034736 -0.0204710071391042 -0.0242424474125197 0.0219137311374975
0.0519601573665756 0.00211155624484135 -0.0814516970800759 0.00782500435231077
0.054124607330337 -0.0206053491985866 -0.0771047996882693 -0.00319275329736087
0.0387011331192054 -0.0389236455760638 -0.0685455307961864 -0.011334500009357
0.00731416132920439 -0.0462617276732383 -0.056131669544782 -0.00539224805756342
-0.0138732454104987 -0.0401320864068901 -0.0573831781400479 -0.00475701386610041
-0.0262620220575301 -0.0302329961938534 -0.056055503385475 0.00852733233685639
-0.0303574448554597 -0.020649953945949 -0.0460782764082417 0.00602766500275883
-0.0313742133118485 -0.0197269311310224 -0.0394189962390471 -0.011212615210079
-0.0288958693575399 -0.0239059586216468 -0.0378752316120455 -0.0335611740187178
-0.0287764134212403 -0.0328269122714692 -0.0201212486179248 -0.0545280246110299
-0.0156219433352455 -0.0472565695342973 0.00656573925356488 -0.0671968044147698
0.00889183641293163 -0.0515260773541901 0.0426164540777775 -0.0490264409214828
0.0395542672370166 -0.0445345884374142 0.0432026242805085 -0.00378676100163664
0.0614541613955379 -0.0226352281966596 0.0119136360160673 0.0285033455221577
0.0566282114996758 -0.0031429338296561 -0.0451619816640088 0.0183139786180489
0.0215041359099883 0.00822147281328007 -0.0942411724224599 0.0195156089853898
0.0276662781664406 -0.00354777422257885 -0.0793662029131446 0.00769101482375265
0.0201361718109066 -0.0163975745726115 -0.0660384856063614 -0.00540860353348228
0.00542043203061206 -0.0196926849612599 -0.0534774581877099 -0.00754643341480173
-0.0028194520519746 -0.0163745730624561 -0.0603246886336514 -0.00824766611785908
-0.00825166436133143 -0.015827538342375 -0.0616182117371709 0.00485407979461306
-0.0119426756898246 -0.0129379705359459 -0.0545711831161792 0.00153289792855441
-0.0125455662896377 -0.0125820640769284 -0.0475209966551203 -0.0183570821713194
-0.0115025660916653 -0.0166101245189821 -0.042617190545347 -0.0416721056583331
-0.0105530458534222 -0.021075664619161 -0.0198469117575357 -0.0620746434571719
0.000123688764884299 -0.0288379446751035 0.0104519473559391 -0.07087412508888
0.0152219544405034 -0.0293694589498756 0.0449614607204157 -0.0483367074250934
0.0338940479100191 -0.0190573345286493 0.0399038743785906 -0.00387828288731936
0.0405972486993762 0.000192036618704526 0.00252933154396048 0.0218097206287468
0.028298328558319 0.0102473494236192 -0.056536330235284 0.0109914079715689
0.00243398303054274 -0.0132477381663739 0.0628670064375195 -0.0121407097165714
-0.012717658032777 -0.00702377820662352 0.0038245917223379 -0.0288343731573936
-0.0124200611777529 0.00276754383679632 -0.0408838675142861 -0.00164105471297965
-0.00440124937412283 0.00661411703427466 -0.055400136029726 0.0415442577207952
-0.00226330888337428 0.00312157951082323 -0.0189065422451809 0.0747682361239249
-0.00467426013676172 0.00389124337549681 0.0211809656047061 0.0690841105919893
-0.00620543659045569 0.00471970803478683 0.0405650725487141 0.045919005666544
-0.00977329414279631 0.00551244399881775 0.054804847702845 0.0205689755996239
-0.00991421753071448 0.00446947760560773 0.0564349009042579 -0.00200040494016171
-0.0120447478503174 0.00191112134069511 0.0626986754706539 -0.0123669493719918
-0.0132878034173984 -0.00538109682844074 0.0631776190311648 -0.00498961640372297
-0.00852617271041285 -0.00853661261107485 0.0583411755160759 0.00357731950600378
-0.00625502754501638 -0.0147497559493153 0.0669965171674181 0.00373490124301614
-0.000859333680694957 -0.0187703279186924 0.0808128490538222 -0.00432701332073137
0.0116713632134882 -0.0160642625660119 0.0950005444766687 -0.0249202012750087
0.032138932077063 -0.01314951945047 0.0561491382626169 -0.0101591988033337
0.0144978819240469 -0.0158265700636042 0.000562033223462395 -0.0271956770643931
0.00752170563477173 -0.0115536936426022 -0.0423639768617986 -0.00514483699069323
0.00346346780334936 -0.012445662585018 -0.0587153121582447 0.0368285603403572
-0.00585686756629925 -0.0176663640966265 -0.0264629216566599 0.0691894445020664
-0.016896077578955 -0.0125199886384177 0.0112953730189586 0.0677625571392364
-0.0225651714002496 -0.00580712970897107 0.033939331387818 0.0469632401107356
-0.0295529490998539 -0.00263570833567325 0.0475180451855057 0.0211251786331917
-0.0300926385437481 -0.00321088912461151 0.0474726289352049 -0.00383231942996281
-0.0349757066393834 -0.00910828926221422 0.0532316068253239 -0.0186487776588553
-0.0338102660714292 -0.0257530911703695 0.0577709983727995 -0.0177627470709483
-0.0181472773669372 -0.0374353060660331 0.0582315982087907 -0.00880601866950201
0.00211198858497389 -0.046625358076454 0.066320169714202 -0.00131354955005024
0.0249126115377223 -0.0453690650357225 0.0729142655739278 -0.00273616760415124
0.0430366952809392 -0.0319838914712955 0.0812143903034775 -0.0192610096457742
0.0588406891052401 -0.0107257858581594 0.0385677773028183 -0.0100183128348518
0.0430588021611138 -0.0227991470842017 -0.00983858703696189 -0.0293604896387135
0.0302089811785292 -0.026677150813638 -0.0486520988578826 -0.0113366702566935
0.0119221893378959 -0.0339330564876957 -0.0620626209447136 0.0319995222279844
-0.010250372777957 -0.0383515105388967 -0.0313821067859184 0.0601461110995775
-0.0284416443444727 -0.0286173747859818 0.000909797519450272 0.0603805591415748
-0.0366050624591614 -0.0154933595087266 0.0223984118261021 0.0432895954844552
-0.0439643642570079 -0.0106679500971717 0.033820285564487 0.0192148927472954
-0.0452378893452177 -0.010528412579158 0.0319575150924029 -0.00593975145718359
-0.0523733985395978 -0.0174755350194912 0.0368677222044451 -0.0253508487654045
-0.0509844410655467 -0.0412762059529532 0.0456743387647662 -0.0313589691428976
-0.0280821884437235 -0.0597166161177511 0.0548059425747885 -0.0219593079422738
0.00625739419523284 -0.0734651375842421 0.064964805310204 -0.00551115472822182
0.0444276664628843 -0.0676915425737528 0.0641328371092404 0.00425078472371851
0.0669816590820009 -0.0433587578078699 0.059173551408575 -0.00656360185888485
0.0772992723125629 -0.00852979071762345 0.0109454666563156 -0.00921039207282959
0.0660825292357503 -0.0297678961461786 -0.0269721402091441 -0.0298375009731266
0.0480040946367879 -0.0434536267073376 -0.0569322461583237 -0.0162921043397239
0.0161513719619302 -0.0544158383446657 -0.0640783818701534 0.0245136842567739
-0.0152490606301312 -0.0544849544832704 -0.0366503437721275 0.0458418719614219
-0.037161268222957 -0.040125070361451 -0.0127786291062258 0.048378762462742
-0.0460620170715313 -0.023958305991257 0.00710962647427334 0.0350262200073358
-0.0532155835222262 -0.0166391224788586 0.0153603289181942 0.0146427941495426
-0.053139780919645 -0.01737354046569 0.0122240268410407 -0.00886557332044942
-0.0616019817083938 -0.0248858006198445 0.0171548748400819 -0.0308596636671926
-0.0594618316275842 -0.0511373962752875 0.0299435525016055 -0.0429576992481797
-0.0325104714812083 -0.0723993145690776 0.0493024279685854 -0.0349100121575805
0.0109654481179733 -0.0880626821353806 0.0619351272652133 -0.00814929452386809
0.0584516220298881 -0.0771197061066157 0.0534593260643841 0.0137387916903171
0.0809369710943769 -0.0466310744784781 0.0328145987719952 0.00717954853676493
0.0833433788106214 -0.0071128325916316 -0.02307758933534 -0.00662428417160142
0.076310101772799 -0.0346071868168709 -0.0476636220872152 -0.0255324121155475
0.0549726561631213 -0.0552314934411833 -0.0650845861114464 -0.0170502730407419
0.014637787848857 -0.0666336453359851 -0.0637437990914844 0.0143703694730172
-0.0204819706680001 -0.0621925447412309 -0.0438136133680274 0.0276830826458927
-0.0421136381210701 -0.0439178401110575 -0.0281510668185975 0.0334784924139555
-0.0489616092731405 -0.0262232873800605 -0.011986607580488 0.0252776622601604
-0.0535656936721768 -0.0204072280572314 -0.00469694786596902 0.00748133730552501
-0.0524433144406556 -0.0222046093629481 -0.0085295781537856 -0.01410099991249
-0.0597011849843393 -0.0305059528578362 -0.00204966454629761 -0.036952844240522
-0.0545362190980966 -0.0568848322347702 0.0147033942100903 -0.0524483839894167
-0.0257702264994905 -0.0759660343000238 0.0431097811745974 -0.0436958820439287
0.0190428986195802 -0.0873572634222144 0.0565238571620979 -0.00747574988977152
0.0668599696697646 -0.0712515409847277 0.041076090344542 0.0245982190339466
0.0839233611366852 -0.0376922474528629 0.00374018008864292 0.0178531791435653
0.0738290204371201 -0.00485259055793107 -0.055291784807224 0.00105546498770871
0.0703133182269456 -0.0332217257872077 -0.0661667307434972 -0.0142202488215987
0.0499980127580082 -0.0542453341088255 -0.0689640280884058 -0.014250882367307
0.00972920251105744 -0.0637343308695128 -0.059982389118849 0.00428688172706326
-0.0216350542526988 -0.0558746459083446 -0.0517179938557922 0.00932032535944545
-0.0394370781338093 -0.0392103982413718 -0.0428629660786521 0.020226334366973
-0.0443184519485516 -0.0243290083993985 -0.0305561746457289 0.0155194220885738
-0.0462601762289824 -0.0207097724079102 -0.0240919120411766 -0.000821440450890983
-0.0443564368268892 -0.0244669994278445 -0.026505945771006 -0.0218748756678814
-0.0475668954814207 -0.0336522825177854 -0.0158937887793426 -0.0446815900283066
-0.0376740707318955 -0.0552931726263537 0.00585109667416264 -0.060803009162352
-0.00942316967485182 -0.0680559625040555 0.0396708685414077 -0.049017067991528
0.0311928129304378 -0.0707162319787396 0.0501993171096707 -0.0052179654062731
0.0683617529307264 -0.0510773011563965 0.0267497416075478 0.0291909548026526
0.0756223497174437 -0.0231623010306332 -0.0231585551243291 0.0227663666546565
0.0519237635218904 -0.000543608412505297 -0.0803745563724575 0.011266256583271
0.0518085664080785 -0.0224692913867143 -0.0757836096835088 -0.000478701680182889
0.0360251734747583 -0.040228565158474 -0.0680611222506579 -0.0087737086603759
0.00497997193084773 -0.0458377009141391 -0.0563645709325948 -0.0037657602777771
-0.0154966872556359 -0.0385826646657449 -0.0580947083805161 -0.00304611441524409
-0.0277637159365208 -0.0285492908236645 -0.0558254171426412 0.0104387422566977
-0.0315946332187044 -0.0189363472401644 -0.0455283845752051 0.0080988034596112
-0.0319626279095531 -0.0176996584931008 -0.0394932032731479 -0.00929378968104898
-0.030133808860139 -0.022066457650628 -0.0388034421431033 -0.0304712770211528
-0.0298150102544477 -0.0301851487152358 -0.0225385616728033 -0.0537204482705233
-0.0175139640173825 -0.0459779219205457 0.0032875297221329 -0.0668699355967561
0.00647117526494269 -0.0509438617566881 0.0396653575523392 -0.0501670680484883
0.0372099161519615 -0.0450922170611687 0.0438260760828372 -0.00450495324261205
0.0597323603845778 -0.0246503677284399 0.0130041433390182 0.0282740603152969
0.0563601698521279 -0.00491699195929001 -0.0435031218785293 0.020389526714165
0.0216943206769859 0.00713563532097904 -0.0927076370258728 0.0229819103228016
0.0266554745758222 -0.00509725602156469 -0.0773872388814887 0.0110651095116177
0.0189707217901876 -0.0164109241780545 -0.0657076355609032 -0.00320031052874353
0.00440194482118715 -0.0189474542660863 -0.0541142659752367 -0.00627497951508948
-0.00341560693438847 -0.0156647714253934 -0.0618234687916447 -0.00591163281924705
-0.00896521134050251 -0.0149411820006273 -0.0616999960779481 0.00759993783649297
-0.0126217878074045 -0.011149198240498 -0.0537639526443295 0.00356078881300792
-0.0132325880269308 -0.0118929619642169 -0.047761574066872 -0.0157532913972693
-0.0125093233892164 -0.0153945777952506 -0.044352137084953 -0.0386881677711679
-0.0110866103374744 -0.0202880413908896 -0.0224688059463065 -0.0609677810230165
-0.000976302999994082 -0.0280396582468092 0.00687407127456468 -0.070721929439498
0.0134356172412528 -0.0295098968986512 0.0421290258924446 -0.0490027949380045
0.0320959757272095 -0.0197618782577751 0.0394196992123893 -0.00523411149824536
0.0401180917826946 -0.00157903491241889 0.00441737831784353 0.0217716141623987
0.0289289004806046 0.00894584006762274 -0.0553359847825184 0.0126179055144861
0.00155853904929723 -0.0129899281897094 0.0595038981533794 -0.0144516814769814
-0.0126027512803859 -0.00591608918318446 0.00251108032522739 -0.0279322467986188
-0.0121204512217331 0.00280556258776121 -0.039880045102952 -0.000611669397792806
-0.00429304984708867 0.00660337809877424 -0.0520609996370418 0.0415421196166463
-0.00275814896585155 0.00352975195919478 -0.0151657703209945 0.0733320728118685
-0.00437901619429786 0.00382733524159229 0.0232219586259091 0.0653637308742307
-0.00594888262375948 0.00519339889576007 0.0407755166167576 0.0432722227421929
-0.00932115748170261 0.00582605970229011 0.0534740829680829 0.0171537050708357
-0.00937777020679447 0.00418106659816116 0.0541910146811064 -0.00454820004034541
-0.0118303364503698 0.00236845469117411 0.0593489608779503 -0.0144240667376811
-0.0131442567567739 -0.00424431652777717 0.0612263392503266 -0.007352620085692
-0.0087667366479056 -0.00798959410309144 0.0570010040516625 0.00110706769912442
-0.00704468016070807 -0.0134061899177713 0.0647514724282888 0.00112138147292548
-0.00137265430831962 -0.0175998826697556 0.0769684527760554 -0.00754271831065187
0.0109481388987599 -0.0155917336862701 0.0910666530666072 -0.0269689461742033
0.0306876552174989 -0.014326429020984 0.0538465650224341 -0.0125528911411928
0.0130451728095737 -0.0159105599639516 -0.000627660703475878 -0.0258490080846624
0.00647950713822818 -0.011760678696691 -0.0416148781850535 -0.00419090596488324
0.00277242410231931 -0.0120929021943708 -0.0553596217147177 0.0375209090188139
-0.00679131114417855 -0.0162991870396442 -0.0223913590763835 0.0676461648817883
-0.0171322172552789 -0.0111860936790997 0.0136257006255514 0.064299802739183
-0.0221656804545015 -0.00479541670011483 0.0347423016380464 0.0432982015844661
-0.0280270039554467 -0.00114381877956322 0.0468781113407216 0.0176889284146976
-0.0292419425717146 -0.00227601077579021 0.0453001241786206 -0.005224291082491
-0.0346814162393722 -0.00663804212107874 0.0498725818190048 -0.0204349550136484
-0.0344880136913552 -0.023114699784842 0.0549600202814793 -0.0199444690253492
-0.018728000718289 -0.0354663241521812 0.0560498300174058 -0.0101897948832486
-0.000305266335468426 -0.0447106857441834 0.0642961041399967 -0.00409704661808656
0.0218357998432297 -0.0446745256279703 0.0700947576266111 -0.00489330962048148
0.0406762268310524 -0.0325378107423452 0.0772195297519863 -0.0211445003569023
0.0566875392285678 -0.0126663770925306 0.0369192989663654 -0.0103920809571587
0.040122841524046 -0.0239570654708863 -0.0110354036741749 -0.0278428683654098
0.0270875544499637 -0.0272667068104576 -0.0482033587545777 -0.00969790872908931
0.00977780038948785 -0.0327324864536929 -0.0585036535655635 0.0332025481023895
-0.0119412516544114 -0.0356221076753684 -0.0279899522043909 0.0590672445468083
-0.0289502844491729 -0.0255974646921737 0.00323773525344452 0.0582517700014345
-0.0362962710536673 -0.0132275962109598 0.0232203303343232 0.04050629417894
-0.043779724787626 -0.00792806499251445 0.0339330475208777 0.0170375885888975
-0.0445467979472835 -0.00774786309275624 0.0310748765986828 -0.00619382465741094
-0.0514616565685159 -0.0148712631373005 0.0339999312162238 -0.025718459775968
-0.0517616500878413 -0.0367679806679024 0.0431809035967483 -0.0317535050849476
-0.030073438908176 -0.0564351549379265 0.0521400253314396 -0.0228464353532939
0.00228153214016873 -0.0711021709585666 0.0633922856179101 -0.0078285735267413
0.0404744886172257 -0.0667457101403757 0.0615663903994562 0.00232192980076116
0.063383386341015 -0.0444392401039612 0.0572808619391985 -0.00863681765069128
0.0742578083076886 -0.0117174137201766 0.0104526990774953 -0.00896082840616562
0.0615705330606751 -0.0315922029058874 -0.0272657533519668 -0.0273581564425195
0.0433196457853889 -0.0442770977097451 -0.0564592043039564 -0.0140491275311038
0.0129907017846301 -0.05359670026554 -0.0605644427840049 0.0253547106268581
-0.0176370059830262 -0.051864120933955 -0.0343770820581293 0.0456398812521542
-0.0377424818925624 -0.0369614703474222 -0.0105998206989833 0.0472152122199475
-0.0454547977580193 -0.0204883705122596 0.00755496958710038 0.0331685842725693
-0.0520019029328093 -0.0135579429740622 0.0158631309935192 0.0134441253711478
-0.052363848284969 -0.0145036467859825 0.0111345762883333 -0.00830093597892865
-0.0603876043078026 -0.0206314961651233 0.0146842777058451 -0.0306148146548157
-0.059894330336653 -0.0467257870927574 0.0266616255454619 -0.0427978402444286
-0.0347055560606463 -0.067975637420887 0.0465400477066651 -0.0353063305975353
0.00577912594004865 -0.0855267175229744 0.0601790406717548 -0.00960691361472654
0.0526549502323779 -0.0768455084487772 0.053057417944936 0.0118916334242436
0.0762797264512677 -0.0477978231985905 0.0316211876508478 0.00540815690393077
0.0804143373441961 -0.00976224403879344 -0.0218649610022922 -0.00516381470997509
0.0713301417328428 -0.0367258460120419 -0.0468647843038319 -0.022385643548076
0.0498696997073071 -0.0558724780533597 -0.0639589231854958 -0.0147234287442777
0.0109921797081448 -0.0648721826697062 -0.0611120933097559 0.0161808122064075
-0.022497419039917 -0.0578758023029249 -0.042230594399749 0.0288685844006231
-0.042832031424131 -0.0397881938096799 -0.0257035419102216 0.033733890913306
-0.0486905704520567 -0.0224867001141335 -0.0105813747445831 0.0250172884018467
-0.052724432902706 -0.0167349199744964 -0.00474394826675985 0.00744118150078781
-0.0519572256084874 -0.0192972353295068 -0.00903386157422579 -0.0128942418186216
-0.0584787657234948 -0.0267951819713859 -0.00399190702448518 -0.035307075285375
-0.0557053858287438 -0.0516660160788867 0.0115920996346406 -0.0518799550525811
-0.0284966452711962 -0.0717343825536389 0.0398561436145783 -0.0435457427373299
0.013648120410309 -0.085108494491928 0.0550474121634993 -0.009472615459404
0.0611374168734664 -0.0719024071766026 0.0411276275903078 0.0223732969722548
0.0798990513087486 -0.0393855139323804 0.00446837907127275 0.0175949551119015
0.0716023971022631 -0.00768680683139976 -0.0535872078807736 0.0035867190334516
0.0664767559576771 -0.0343584984931401 -0.0635679775275544 -0.0114618206154646
0.0453716478711423 -0.0547188763431369 -0.066984983098434 -0.0116079955529593
0.00627464629590151 -0.0619188993243259 -0.0582219697499229 0.00588007441169596
-0.0237127292698433 -0.0524194352447261 -0.0504090407388404 0.0113062985491482
-0.0401602903824242 -0.0357511670528126 -0.0415229435569359 0.0219233524517855
-0.0438542259122468 -0.0204804980582646 -0.0286930032540082 0.0163791757226397
-0.0453752829842904 -0.0176895225373627 -0.0235681171715077 0.000630471747630049
-0.0441975617175441 -0.0215353730270264 -0.0262282385332542 -0.0189348129575824
-0.0475089324844886 -0.0300176076484465 -0.0166872260622321 -0.0422810011610987
-0.0393532653459373 -0.0521423450481579 0.00243682329884883 -0.058585177182471
-0.0119085993047799 -0.0653325500727955 0.0362962598508809 -0.0482594221388153
0.0269072000720245 -0.0690250011556868 0.0488051860000066 -0.00667237796953205
0.062927538485848 -0.0520590492624541 0.0273025089566831 0.027908444383045
0.0720863120630207 -0.0253287845856027 -0.0208516766281083 0.0227686549011029
0.0499408518273478 -0.0026683287973807 -0.0769463035829427 0.0143749100784094
0.0487755243737705 -0.023651506164511 -0.0727244537060731 0.0025630219613434
0.0326637251317442 -0.0406023793454812 -0.0665928476685869 -0.00646631424875379
0.00274983485675214 -0.0443649217802355 -0.0545893861844076 -0.00191016288178727
-0.0169576775874873 -0.0363107991358439 -0.0567369215366838 0.000318437997472137
-0.0279449220985466 -0.025845091144045 -0.0528943917737099 0.0132398426513698
-0.0312115646590909 -0.0163303682030552 -0.043313608439209 0.0100618969547229
-0.0316267905280286 -0.0157792096011963 -0.0390815088468112 -0.00682409490586016
-0.0301298618097149 -0.0201456155548264 -0.0390018394280932 -0.0271763975769
-0.0299294662973852 -0.0275767938205156 -0.0233428667498769 -0.0500702918750195
-0.0192266633688261 -0.0429433575342583 -0.000183467958368748 -0.0645123608591336
0.00410561592714629 -0.0494673996549259 0.0363086308428207 -0.0496841345703754
0.0337346710087768 -0.0448555840983049 0.0425421273341027 -0.0054240519936862
0.0558337761790191 -0.0268928447032876 0.0142452813685271 0.0271214603080547
0.0539907689436853 -0.00676804965915094 -0.0406557997083488 0.0210334096787174
0.021224589660136 0.00618860772619911 -0.0878750391472065 0.0254361648376254
0.0254755097484482 -0.0055781268121696 -0.0741765246465904 0.0130494620354419
0.0177397349090246 -0.0171402400889688 -0.0634773866014562 -0.000898663426244685
0.00344069591815603 -0.018572271878603 -0.0523103045327788 -0.00459852479620833
-0.00410937138145477 -0.0148460234981105 -0.059888474809591 -0.003127647524348
-0.00938247789560529 -0.0140349917074268 -0.0586754559663608 0.00971153597232878
-0.0129534566073043 -0.0111476146705864 -0.0518509156824304 0.00595454801963096
-0.01273660105379 -0.0106535778541407 -0.0481002567304586 -0.0127189972424792
-0.0125418097597796 -0.0139108746788807 -0.0444320737729582 -0.0352208420153517
-0.0112074555700279 -0.0186298830411022 -0.0241925228568207 -0.05692697792279
-0.00225682100525862 -0.0266561624664073 0.00385877220319916 -0.0683957733785341
0.0118670329151774 -0.0288359882103888 0.038849793671131 -0.049296660331878
0.0300113995601796 -0.0200460621711122 0.0383269586313145 -0.00585713617162146
0.0385330687766789 -0.00306765860364983 0.00528692731025593 0.0206735418726016
0.0282666984197751 0.00744389993038238 -0.052198093756924 0.0141709630764625
0.000113639643511363 -0.0127817214694927 0.0542675269395539 -0.0191249838968382
-0.0127273916789707 -0.00411757400069257 0.000294177384493115 -0.0261546731014454
-0.0113206055074449 0.004349974909199 -0.0380446140282952 0.00368324697483691
-0.00330257822504335 0.00654257940122375 -0.0440031695097516 0.0457155731547041
-0.00225307537818156 0.00342408329911654 -0.00526815226760787 0.0704631171443659
-0.00352653520502575 0.0041689054922283 0.0288579896284649 0.0589079621258515
-0.00474515705301371 0.00554882056273299 0.0439829881106492 0.0365016369720394
-0.00809748301929956 0.00660274996925185 0.0525203100720396 0.00963378204809898
-0.00911674039925117 0.00537447469486274 0.0504984585089542 -0.0100806183858988
-0.011448469386285 0.00307001691758868 0.0537959806099931 -0.0203845675454323
-0.0132683140934337 -0.00251760685819455 0.056660170820039 -0.0132899204263748
-0.00900891809083071 -0.0070834881824129 0.0542787192102922 -0.00380906424511005
-0.00865518869762043 -0.0121499652097215 0.0608739172374149 -0.00646545671018992
-0.00345367060688427 -0.0168592127510708 0.0709875034450221 -0.0156904742718537
0.00832063008051965 -0.0171693159587007 0.0827018094255231 -0.0355693374247202
0.0280036414032268 -0.0177783542036413 0.0470968402090682 -0.0155598422489387
0.0105905007350117 -0.0160059323421349 -0.00364570201266726 -0.0243273910316416
0.00402986995477659 -0.0113747181853492 -0.0403808226035177 0.00111280698094404
0.00128734104471384 -0.0117872042986928 -0.0480652902932837 0.0426469695829556
-0.00840482923416056 -0.014724917731697 -0.0135084821572703 0.0674390329164228
-0.0169781662768671 -0.00864620552622157 0.0197981526017504 0.0599898742641727
-0.0211894287140419 -0.00194141585995858 0.0368042929965256 0.0385121636944899
-0.0269317407745924 0.00186070613799316 0.0460236774955253 0.0119254215924459
-0.0282530155712443 0.00158024603114944 0.0416684305004097 -0.00926080417362566
-0.0331204073200162 -0.00304146900508379 0.0433405120731769 -0.0245651572629977
-0.0353239913568565 -0.017689676062468 0.0492213732405999 -0.0237787787959308
-0.0219103327719938 -0.0311326912292402 0.051497328134347 -0.0147751922842889
-0.00614917316635889 -0.0425272651542159 0.0595656856757456 -0.0111103202464229
0.0151587550817657 -0.0442956439626209 0.064754380545139 -0.014087130289403
0.0333062899824745 -0.0356259808523457 0.0717128632268714 -0.0287236605541005
0.0531306195242411 -0.0198506172318658 0.0294414717922907 -0.0112276038740528
0.0353881122946158 -0.0260636460332022 -0.0140296566211164 -0.0238083096400312
0.0219710484842048 -0.0280517244485703 -0.0481851307470702 -0.00371533726587424
0.00581141709158253 -0.0321769534713739 -0.0518159687545653 0.0390659833464489
-0.0146395372463593 -0.0320501780324338 -0.0199964736630974 0.0603759720829444
-0.029635300456529 -0.0206292188312215 0.00866658530980497 0.0560482335553121
-0.0350080969817592 -0.00822531117576441 0.0262111009040513 0.0368462577000958
-0.0418536099357718 -0.00232538645538169 0.0336845274281914 0.0123070210117894
-0.042908287997483 -0.00245221754574961 0.0272869236407039 -0.00860851047553504
-0.0504302510786435 -0.00740424168045834 0.0277487691575013 -0.0270523972874397
-0.0528569073657436 -0.0283606985174411 0.0355430797985686 -0.0331703302502275
-0.0344071331442612 -0.0486735794322353 0.0457194388016524 -0.0268055370654724
-0.00661975388731248 -0.0669839927445441 0.0576818190068677 -0.0149384907505459
0.0291148606674253 -0.0661873877404696 0.0586058958691807 -0.00791842215954901
0.0528664574361081 -0.0486068668911544 0.0554029351549351 -0.0146731406527567
0.0704711372405456 -0.020297372836146 0.00312613674421237 -0.00708511955204557
0.0544780727337837 -0.0353573929862111 -0.0302643018105348 -0.0219416718895583
0.0353703199620004 -0.0459900413702744 -0.0576770925192312 -0.00588863165301663
0.0064248952410762 -0.0506346586469314 -0.0561619971059775 0.0326767617259106
-0.0220683411880889 -0.0464741650308573 -0.0276544969429191 0.0491293898004871
-0.0397384441333441 -0.0298898877678778 -0.00482430859001023 0.048156158725455
-0.0447481062687032 -0.0141005832946053 0.0109958603781476 0.0326810428229145
-0.0499693120524181 -0.00685624587387207 0.015830715169459 0.0109266536499885
-0.0513493009569153 -0.00753067570792744 0.00906283033596555 -0.0083186207187136
-0.0586397959979581 -0.0127904522438094 0.00902464852022229 -0.0297581272891472
-0.0619216997315787 -0.0355492899534679 0.0189886984567786 -0.0420878128631002
-0.040482668106385 -0.0602488387091778 0.038328346296745 -0.0375732249286195
-0.00562730062246916 -0.0805107469527759 0.0545916435405156 -0.0167045920610945
0.0394121001975034 -0.0768571657976553 0.0510778258695936 0.00130904880090432
0.0652153592416421 -0.0531637643748361 0.0332027128370551 0.000582256427922218
0.0759526485734888 -0.0198576980842878 -0.0275872409526801 0.000268537692006303
0.0631009360950525 -0.0412435794649132 -0.0483525635353049 -0.0143744596317862
0.0405431512046517 -0.0575002931439351 -0.0650246513472626 -0.00534555505982729
0.0037094457885861 -0.0616462553429405 -0.0575344104797073 0.0236568496662289
-0.0275683543594508 -0.0521399454171098 -0.0370833240342055 0.0345881397378119
-0.0446800160630124 -0.0325570215200991 -0.0209304021321073 0.0371960186438583
-0.047814241359006 -0.0159368889099369 -0.00857413358655329 0.0259426156547269
-0.0514118631640681 -0.0100782474420975 -0.00386378180605227 0.00771316225204434
-0.0514926288584669 -0.0120876303832526 -0.0110280476846541 -0.0106921214920905
-0.0574319405862306 -0.0178523749763212 -0.0095869553071778 -0.0324199379979185
-0.0576166881003517 -0.0409317638042968 0.00401806960733255 -0.0483886666775319
-0.0351087497218854 -0.0633548003509086 0.0310319138008978 -0.0452922121430985
0.00208752240427762 -0.0806900473133322 0.0496556003755551 -0.0161792709368438
0.0478797117227522 -0.0732230473054378 0.0418891549462198 0.0123740313050166
0.0694291727228487 -0.0457647850399738 0.00873961451716405 0.0150464615403202
0.0674031947271241 -0.0160712801403893 -0.0556595210343547 0.0105792999178876
0.0585785995020419 -0.039090991520642 -0.0633082051820656 -0.00251272756571819
0.0366115506426454 -0.0560706750360109 -0.0672860082601437 -0.00130318213521514
-0.000136976031427181 -0.0585339829775344 -0.055796102636743 0.0140632846193434
-0.0274706935218491 -0.0467986564442084 -0.0474977376553475 0.0187201965391083
-0.040942296052213 -0.0286390445294009 -0.0368262508009828 0.0272613043625475
-0.0433058503729122 -0.0146380191878871 -0.0263969281496717 0.019831265320403
-0.0445671541807745 -0.0113947943843444 -0.0220660668006623 0.00277320537249166
-0.0439199618890137 -0.0152611451702921 -0.027649660817726 -0.014525695506132
-0.0470525952447335 -0.0219611952215353 -0.0222057114287855 -0.036961756559104
-0.0429587613467241 -0.0428102500642817 -0.00516836721821404 -0.0545621277957868
-0.0189253103507962 -0.0588476913815965 0.0277934643729071 -0.0499406370199129
0.0163050589878539 -0.0672375955842112 0.0448807315569661 -0.0129180134733453
0.0525032709098447 -0.0549192091438431 0.030498711360009 0.0198047624695336
0.0632812973274943 -0.0311216079211965 -0.0150525626242605 0.0233992133219074
0.0473960470013927 -0.00842240327643387 -0.075260125846913 0.0223718202587679
0.0427412414185972 -0.0266161863816782 -0.0696110243505868 0.0100550368046159
0.0262032629591492 -0.0410303647507015 -0.0655583355022132 0.00210115516910375
-0.00203890703874006 -0.0415978824957963 -0.0534731267320238 0.00498427911684051
-0.0195868888918591 -0.0324635303221839 -0.0553659298949994 0.00876524218303049
-0.0284061748668664 -0.0210013595762416 -0.0489397103972807 0.0200988835068368
-0.0310494166465481 -0.0113825704183763 -0.0419102325077858 0.0149103217944177
-0.0309073445822823 -0.0112478343467163 -0.0370406421001028 -0.0019416292028298
-0.0305538695689122 -0.0151274619852293 -0.0399673043637534 -0.0207224514136857
-0.0307967022141775 -0.0216730873415499 -0.0290150728835588 -0.0440611603681763
-0.0230873974276568 -0.0370346655096174 -0.00787368844279845 -0.0607865998331504
-0.00226069666514027 -0.0459750537810169 0.0282716120118084 -0.0519623274338571
0.025209747374647 -0.0455335664187917 0.0398998953410159 -0.0111110032585992
0.0485241325589195 -0.030676307728151 0.0182314620062607 0.0212301905669613
0.0492461928266013 -0.0118691297943079 -0.0350261047406018 0.0238576474205585
0.0206992811299178 0.00376052418718249 -0.0826175847520892 0.0327123552992374
0.0230618227680103 -0.0071751459691449 -0.0689664436716844 0.0200613141648341
0.0141097046785431 -0.0173395539659874 -0.0614191857497164 0.00628196271562882
0.00112698080558923 -0.0172986197115413 -0.0512585415131643 0.00168678604375902
-0.00536494197657462 -0.0135862832084478 -0.058355307056312 0.0048109456995952
-0.010338795402271 -0.0116402196223439 -0.0544875698540644 0.0166168148115806
-0.013152800307316 -0.00853807776697213 -0.0492723567897878 0.0117334117528499
-0.0127677324418278 -0.0086488204628304 -0.0459409809997302 -0.00606655269237073
-0.0133020008697964 -0.0120345400810388 -0.0456613799167897 -0.0275845936178349
-0.0123831891469041 -0.0158290808956877 -0.0300710773139085 -0.0513988193394649
-0.00583985602317812 -0.0244795112706688 -0.00414435992446203 -0.0651676965289052
0.00748177363884615 -0.0276831455306118 0.0306657837835788 -0.0515019833161335
0.0247004164037059 -0.022594984838925 0.0364864542600667 -0.0104198365768367
0.0349665918248943 -0.00725143536666151 0.0092697124029018 0.0176566666476014
0.0269872054843097 0.0044160858884333 -0.0464002742983129 0.0195154738701829
0.000571672909108745 -0.0126148435329066 0.0521270631540174 -0.016516307915285
-0.0114099788827493 -0.00406720747852866 0.000500814856871206 -0.0250788034891591
-0.0109743933760589 0.00375945935130149 -0.0361523330389559 0.0018791345900506
-0.00325952900908881 0.00563612773094481 -0.0430855386044211 0.0424850801201909
-0.00233877943829744 0.00311611754142022 -0.00699128438013557 0.0666116348359219
-0.00325290801171249 0.00391328282496946 0.0261209467288602 0.05623408792438
-0.00452620531307734 0.00557393673106486 0.0411576270742395 0.035765862526398
-0.00770195038223582 0.00612727949556007 0.0496459919749974 0.0102974196826477
-0.00882244561470275 0.0041637699049741 0.0479737126508925 -0.00833136755128319
-0.0109675596048314 0.00242127245188144 0.0512622901348532 -0.0181158209726874
-0.0128520982832086 -0.00281189460319217 0.0543485974039342 -0.0116198283914009
-0.00843878955385309 -0.00703603796086792 0.0524921420447923 -0.00215601765806327
-0.00808879567920722 -0.0120135123909529 0.0584572472236364 -0.00451505023314423
-0.00323686846601391 -0.0159093532387737 0.0676424543703178 -0.0128370422831062
0.00833307470930149 -0.016312158935442 0.0794800650908612 -0.0313266344565017
0.0268750735270529 -0.0169545856105703 0.0447417310984407 -0.0133253641038282
0.0103903085759657 -0.0147847992093067 -0.00252719353107133 -0.0233320327523525
0.00401103617792261 -0.010577970554395 -0.0387577955176713 -0.000329953364153261
0.0013308047588697 -0.0108068002562811 -0.0465362554342857 0.0389525868629562
-0.0077561810936866 -0.0137849163560485 -0.0142879157016577 0.0634513310366906
-0.0162429585037224 -0.00868177531603492 0.0170269215727671 0.0572300220892726
-0.0201467177592388 -0.00146188347119281 0.034592760358736 0.037113937643128
-0.0256728256745591 0.00168397728333436 0.0434543195144823 0.0116573069005306
-0.0274774324481322 0.000806012638638123 0.0399491306282293 -0.00802038488649481
-0.0313038678032101 -0.00340627588852728 0.0417963261169619 -0.0224964511928699
-0.0332037044835872 -0.0169773779562706 0.0471829073805159 -0.0221288639288383
-0.020721976840153 -0.0299658448425517 0.0498534051172927 -0.0132747710820985
-0.00498754514503224 -0.0404823569678074 0.0572493655696633 -0.00877406340855985
0.0149721618564152 -0.0417209596280659 0.0621033674944701 -0.0113841852974998
0.0325818116506499 -0.0332267643953772 0.0691634937853079 -0.0257468484301972
0.0507082243421232 -0.0178149001001382 0.0281843157315214 -0.0107546309438903
0.0336262497253898 -0.0236880636576242 -0.0119267777953999 -0.0231337491642458
0.0207268250950141 -0.026609998201409 -0.0460964863561763 -0.00465440641804727
0.00606232242512646 -0.0304821123181869 -0.0505355136552779 0.0354438345892757
-0.0139048783448937 -0.0302508508797101 -0.0208962312371036 0.0564351786522174
-0.0277513678922374 -0.0195857509986993 0.00741895309732337 0.0534006396870564
-0.0335250501929843 -0.0080028136149054 0.023729493761985 0.0358260901762666
-0.0395952552884741 -0.0031313281580964 0.0316541668707556 0.0119133168420622
-0.0410093398950838 -0.00339278728806256 0.0262988013317684 -0.00717568983146485
-0.0474733897395271 -0.0080290034399566 0.0266105507376525 -0.0255682017820394
-0.0502027978668128 -0.027283773221339 0.0343895518260339 -0.0314416890516363
-0.0325424891897191 -0.0476398451175926 0.0448978445863745 -0.0244028788413809
-0.00591488896280295 -0.0631975291810951 0.0551633721149036 -0.0127463037438079
0.0287094613994149 -0.0625035719805885 0.0561226598458115 -0.00551770306663071
0.0515963764519236 -0.0459358019585378 0.0528226631171977 -0.0123077659988628
0.0678343435102968 -0.0184901947999695 0.00341811263846273 -0.0067420709790345
0.0524752650293338 -0.0327000848646713 -0.0279603478915507 -0.0214762561108699
0.034064378950953 -0.0430759364601423 -0.0551350235060689 -0.0069067408652271
0.00681536319247909 -0.0481183908297499 -0.053879878391399 0.0291432298193209
-0.0202346027269586 -0.0439873545685203 -0.028155915839486 0.0460305665136523
-0.037130258568827 -0.0284788736855425 -0.0057095288758621 0.0457010170117498
-0.0423012430207179 -0.0137054452964985 0.00920417022426284 0.0311095362524264
-0.0478971373613196 -0.00682573609855385 0.0149523663037159 0.0103746667440919
-0.0491158415068623 -0.00826406970028802 0.00835027751838626 -0.00750668352016532
-0.0558437257046555 -0.0127181958537588 0.00899892978369639 -0.0278852995207021
-0.0585352965068086 -0.0342998954413528 0.0188083920350277 -0.0396669568277176
-0.0377291390151358 -0.057647983019366 0.0378442175017516 -0.0348715963693594
-0.0045341819005744 -0.0765874088397781 0.0528936635837438 -0.0147605549350189
0.038795693663351 -0.0727591418033618 0.0494745129225473 0.00221147119422813
0.063469970226276 -0.0488379567782828 0.0316192437455626 0.00142942806371688
0.0726651147874087 -0.0171945047060671 -0.0259674309399827 -0.000511092391524029
0.060140172151922 -0.038186474233968 -0.0447508514671639 -0.0146684039946126
0.0390027035386053 -0.0539361180651163 -0.0619695192765349 -0.00635709564561901
0.00435728134259806 -0.0588625153629011 -0.0555173487198926 0.0206217211454861
-0.0256709363469304 -0.0497122818149397 -0.03687347208255 0.0320948542375805
-0.0420303106262282 -0.0311424494403764 -0.0206399746205477 0.0357077904397992
-0.0453352857392521 -0.0153955157084352 -0.00865039547639974 0.0246890629297012
-0.0490156159096146 -0.0102267148087334 -0.00375196554444211 0.00692744127637858
-0.0489963037578247 -0.0119119079799984 -0.00977387539737476 -0.00995554444576041
-0.0546173995495773 -0.0178680987829225 -0.00843575723785943 -0.0298787280504075
-0.054797883702792 -0.0397010279361026 0.00401957242419855 -0.0460166796508653
-0.0325691959749435 -0.060612097898576 0.0306087563280243 -0.0427681207601539
0.00271176507525447 -0.0762455584343269 0.0486156877560991 -0.0135220329725909
0.0467586016727226 -0.0687672749381998 0.040558995272081 0.0132227150177932
0.067156988632631 -0.0416897226826608 0.00798893844549592 0.014397693996928
0.0647156569264962 -0.0142017092740258 -0.052838339619155 0.00949192161904942
0.0560764879192541 -0.0354497226893005 -0.058918456673205 -0.00351775249239582
0.0351750888736664 -0.0529173071112359 -0.0648365701906735 -0.00335663590268405
0.000480642001613241 -0.055274850850869 -0.0540515280443958 0.0112572068717794
-0.0260659204480621 -0.04426576860638 -0.0463533851655812 0.0172890147192364
-0.0389182976296 -0.0274548713024015 -0.0352344078901164 0.0258554887189585
-0.0414350074181758 -0.0139557800329931 -0.0255316969818584 0.0186196941751162
-0.0419970196147193 -0.0117344999252407 -0.0219711877285605 0.00232285800167585
-0.0416074504305236 -0.0150926140455264 -0.0261920305372306 -0.0136457828608096
-0.0450187825151148 -0.0214259069512144 -0.0205925339532628 -0.0355467680042377
-0.0403921849738453 -0.0412074947251414 -0.00402303373060207 -0.052168615913712
-0.0169859721739761 -0.0562581390132094 0.0274715100429323 -0.0464784321477691
0.0159213879735906 -0.0635059701133801 0.0438910297325343 -0.0115378431462112
0.050907966382235 -0.0516332562279503 0.029180829125632 0.0202500096677601
0.0614278925314107 -0.0280881569699293 -0.0150829223544901 0.0219425977986136
0.0453277557470622 -0.00684252333211541 -0.0721094098607208 0.0201094013196339
0.0410168547221937 -0.0241017592691332 -0.0661432411622037 0.00855354142696166
0.0252271040361016 -0.0384279982414048 -0.0627120426886782 0.000493754182505016
-0.00115904553323555 -0.0394542782172215 -0.0510790796359446 0.00332205650810827
-0.0182293759407355 -0.0309105274567096 -0.0526867108897931 0.00745143584147662
-0.0272928043444542 -0.0202375715437259 -0.0468327219256041 0.0185656317350994
-0.029268899152253 -0.0107737410394748 -0.0397355321328676 0.0138123478608894
-0.0294553824543596 -0.0111401665316183 -0.0360798942417831 -0.00221759680722326
-0.0283625910715546 -0.0149563538596793 -0.0375024742657214 -0.0206211726268168
-0.028072120606054 -0.0211621630320559 -0.0272965810176794 -0.0425769865995786
-0.0215285749482458 -0.0354966300066472 -0.00686263170636974 -0.0577198414529536
-0.00135488701669057 -0.0434235335042435 0.0278841844348274 -0.0485230903477033
0.024560072417711 -0.0424885581687808 0.0389983851415335 -0.00931227864405059
0.0467692439793212 -0.0283879950768919 0.0176344459965755 0.0212935563622914
0.0474731810770293 -0.0106723520730798 -0.0334362476083117 0.0226142010038054
0.0195697853982153 0.00375649891843541 -0.0794195428696279 0.0296744173488031
0.02200798535471 -0.00651033062923822 -0.06546583787671 0.0178351859384121
0.0135506163847304 -0.0161850719651808 -0.0588909303947631 0.00416963617941926
0.0012619186331178 -0.0162039357877192 -0.0493512853307115 -0.000145862962572181
-0.00475709970985399 -0.0128139588485618 -0.055585880138199 0.00400886947538909
-0.00997628711553823 -0.0114820129411833 -0.0518536620922189 0.015244893960539
-0.0125893958407288 -0.00776061284165688 -0.0473995126997177 0.0105997017266507
-0.0116819475275854 -0.00843063178835328 -0.0440479636267566 -0.00632096776613752
-0.0122797216429397 -0.0109924857127129 -0.0429386788682164 -0.0263082638326187
-0.0113981505209903 -0.0147929694300913 -0.0274730254226203 -0.0488760341173377
-0.00472554287673996 -0.0234885699347194 -0.00300753509654341 -0.0612200268862626
0.00739506290922482 -0.0261664253346746 0.0308178582170423 -0.0479561135336192
0.0241990828780237 -0.0203398502672854 0.034895569047047 -0.00823524663492556
0.0327370937779641 -0.006351917503659 0.00933403828564084 0.0176714220068503
0.025856222077933 0.00479671232675296 -0.044778260622917 0.0170013032605348
0.00127523902068456 -0.0120199940957288 0.0522237843304344 -0.0143646895401505
-0.0111704094432427 -0.00445897924654055 0.00147664424806253 -0.024972152674071
-0.0112730392194018 0.00356398833203008 -0.0357722500037018 6.28834042922275E-05
-0.00327579010715834 0.00542314829566826 -0.0447361054298092 0.0393047828289265
-0.00292169115338099 0.00269028369155317 -0.0097428534864331 0.0649951351768105
-0.00381510459940758 0.00370721076853476 0.0230762170881824 0.0563287181323378
-0.00455070298459016 0.00520291594046699 0.0383540435846265 0.0368319070130837
-0.00798890630462797 0.00537102219116179 0.0479345098849495 0.0122113408755064
-0.00946267908079517 0.00392585941376887 0.0477196392090012 -0.00596356404504686
-0.0113672678130183 0.00228034333563801 0.0506590098325407 -0.015753814668363
-0.0127068359908246 -0.00320643417953386 0.0539190550940202 -0.00934939758329686
-0.00801017566389179 -0.00732414162475601 0.0521507990050874 0.000323962471037635
-0.00723104760370159 -0.0117739000861747 0.0578101231547362 -0.00129669250080684
-0.00199039110395201 -0.0157009660916219 0.0670790033772097 -0.00888624209957177
0.00931948436142562 -0.0157527789541891 0.0794940297331211 -0.0261296128480146
0.0274220164286099 -0.0152356413656115 0.0453542044249269 -0.011595192408288
0.0107539041236124 -0.0139793794873254 -0.00132418038535661 -0.0232153747758611
0.00393528228297742 -0.00992974798487947 -0.0385358199237408 -0.00263195480611738
0.00226393422092029 -0.0108065194080409 -0.0479861394551808 0.03568454542077
-0.00708208875125521 -0.0137219331626444 -0.0169355443204607 0.0610948748579552
-0.0156326579787404 -0.00873108865287866 0.0141766327547099 0.0570859234169182
-0.019649361399805 -0.00238281708434847 0.0324140011394404 0.0379248851668235
-0.0254804065287998 0.000966726023541969 0.0420461539648742 0.013104411676152
-0.0271491621743532 -0.0005551410470276 0.0396563271688876 -0.0058949183854601
-0.0310481146544076 -0.0044520123454697 0.0414044613017905 -0.0196366402503445
-0.0320982518393441 -0.0177838727245215 0.0473348010039872 -0.0200046078521819
-0.0189526409394166 -0.0303743398213742 0.0498683117677393 -0.0100459596768912
-0.00329788649240395 -0.0394914000435186 0.0568050282779825 -0.00625368449984331
0.0165036457309825 -0.0401538135945014 0.0616464492731526 -0.00775414009731007
0.0336293741307791 -0.0309475713235566 0.068901908093818 -0.0211092300760648
0.050550641857423 -0.015408122894486 0.0289869241445824 -0.00854446320198266
0.0333701039779559 -0.0221608750876179 -0.0102760406124716 -0.0230857824114226
0.021088813046126 -0.0248761149456275 -0.0452201278526264 -0.00742440905353248
0.0070494452863474 -0.02928934740389 -0.051622807007589 0.0317986461312771
-0.0123141329248906 -0.0303261612821469 -0.0232648400924792 0.0544010096010951
-0.0268456628037985 -0.0204415990989529 0.00537625209347154 0.0525555504379831
-0.0324084510868969 -0.00931386799804223 0.0221196402063535 0.0363755283822059
-0.0389644602706123 -0.00369053126698653 0.0305475144649262 0.0131571029365493
-0.0407856742632847 -0.00466603283814411 0.0264136384058545 -0.00626426372693738
-0.0461853566744363 -0.00986656158776099 0.0272342048576817 -0.023750245558837
-0.0484236428673116 -0.0284810003111247 0.0351850428364944 -0.029749138643505
-0.0300105457703523 -0.0474671418024747 0.0450360563394812 -0.0212245753984057
-0.00307909132047874 -0.0621053145915025 0.0559057055240703 -0.0096861706866403
0.0306961554070912 -0.0599074058990811 0.055144669104737 -0.00240675012753367
0.0529779192265136 -0.0419482210784182 0.0531940129588711 -0.0098851252969738
0.0669257093825086 -0.0151595784329786 0.00430917048797553 -0.00692847598785809
0.0521805805461091 -0.0296966538935392 -0.0257421468460384 -0.0221307609776185
0.0349250608162467 -0.0406027816578061 -0.0541386892158558 -0.0100940329221822
0.00888426349197443 -0.0471379449623178 -0.0550302869996585 0.0256266882819584
-0.0179179111819737 -0.0432895564682782 -0.0301462713149979 0.0433779739263274
-0.0350819208945796 -0.0294180591294623 -0.0072694285681244 0.0450008000185535
-0.0413007501804162 -0.0148777285271827 0.00827200249707055 0.0305969542297199
-0.046419679149008 -0.00828822719232056 0.0138000150068886 0.0105617193601013
-0.0483458067092365 -0.0096564319401401 0.00871319103968414 -0.00714397936321045
-0.0544220612330617 -0.0146403608695648 0.00962681636047203 -0.0261235827503623
-0.0563314097744658 -0.0359295004865192 0.0198541467333059 -0.0379413812516157
-0.0348750489065458 -0.0574598685691831 0.038955273948961 -0.0318499964760217
-0.00115171315729876 -0.0746811188845902 0.0533284029549127 -0.0115904602584412
0.0412653518252372 -0.0700499360231398 0.0485264996592734 0.0057564691970669
0.0647476877631807 -0.0447163101391973 0.0313715175898463 0.0029211073303507
0.0720730356072812 -0.0138056263249603 -0.0251191454027233 -0.00179423802598254
0.0604346714841664 -0.0344379869630514 -0.0427315694539597 -0.0161261783069785
0.040044105577671 -0.0509419285492069 -0.0612203568082543 -0.00984783556683001
0.00615774198966416 -0.0576169358323485 -0.0556702345574292 0.0169888867609619
-0.0228235254827234 -0.0498860249584424 -0.0380320672886137 0.029599862253795
-0.0398123329635223 -0.0317587846947342 -0.0213501168923427 0.0342630102794895
-0.0440085450435595 -0.0165390512626126 -0.00942941596344512 0.0239871787942303
-0.047755734465079 -0.0116435100976587 -0.00381225328604603 0.00705194958639406
-0.0482518355975553 -0.0138843603322664 -0.00878600188238728 -0.00925794778179413
-0.053150360881259 -0.0193564755163766 -0.00707620205840976 -0.0296871190949006
-0.0522697495411054 -0.0404170863957382 0.00603000960763124 -0.0451402551994547
-0.0290745711036397 -0.0601921549183852 0.0320899978485058 -0.039897537609971
0.00611709696834319 -0.0741412192514 0.0493074321795175 -0.0110100792070001
0.0487038406485778 -0.0652406750194384 0.0393455840328409 0.0156392134779421
0.0687007643391542 -0.0378594475544652 0.00769979114190018 0.0148966657135177
0.0640641481236704 -0.0111548293939739 -0.0516073623875555 0.0064081802167714
0.0566651872797833 -0.0321843105947597 -0.0571025320492411 -0.00593916828452736
0.0362000465108767 -0.0500279899475397 -0.0635101450744824 -0.00626774842553901
0.002498055336314 -0.0539252696233427 -0.0538332257181803 0.00800664367174132
-0.0231543901791167 -0.0443838238287653 -0.046523204948883 0.0152796384921574
-0.0371989271909554 -0.0281483692869952 -0.0351584231196104 0.0236707647418351
-0.039681455371091 -0.0152517325015249 -0.0260574828937782 0.0175930111263293
-0.0408485867852483 -0.0126417883000954 -0.0217180902099254 0.00151095893275199
-0.0410325780070453 -0.016023766586244 -0.0252140404776193 -0.014510926294043
-0.0430709520863361 -0.0229385574364451 -0.0189275486529769 -0.035669210050122
-0.0384812987375464 -0.0414414227840594 -0.00204537553693979 -0.0515697741720563
-0.0148704037490358 -0.0553588379270841 0.0294134926626512 -0.0439300943750637
0.0183935716840539 -0.0608164198816683 0.044379434843873 -0.00839158501154524
0.0518758763109817 -0.0483435249106479 0.0277587414756766 0.0209415423522945
0.0622556583399429 -0.0245353795098689 -0.0155462269712424 0.0210572761571996
0.0448946145915735 -0.00516744657975675 -0.0715305446899463 0.0160724171472743
0.0413767739313968 -0.0222690331789854 -0.0649495017583626 0.00542107712799114
0.0259700677226958 -0.0364156261225857 -0.0616552081517558 -0.00266602734655242
0.000599505365064914 -0.0388007753688674 -0.0511482678947227 0.00020754072259154
-0.0162486247733966 -0.0309108906056399 -0.0527279229978999 0.00479768377522698
-0.0260212429955927 -0.0207944792814923 -0.0463938098660164 0.0162458810833182
-0.0284691276423443 -0.0120274090519009 -0.0396202698854761 0.0117940733202317
-0.0279340506171717 -0.0122279738112172 -0.0350865640445282 -0.00319543532090471
-0.0278870288699405 -0.0155570528350279 -0.0355102466349098 -0.0213832634383242
-0.0270699269229465 -0.0218568434986497 -0.0247264435582528 -0.0422778235121249
-0.0199308662366855 -0.0352831891915736 -0.00425516258476532 -0.056552678645526
0.000443672289010305 -0.0429184145838909 0.0293096983583734 -0.0457496657456172
0.0258870570488391 -0.0405777018516666 0.0390922539501836 -0.00663967240133641
0.0470260182731176 -0.0254178299265316 0.01662960493582 0.0217345211259338
0.0472686640538457 -0.00825565640854356 -0.0337709383132624 0.0200096719371188
0.0189030380000008 0.00470197131695274 -0.0790422670067796 0.0246999192248461
0.0213011581658807 -0.00494628827606783 -0.0647733890594488 0.0131405809352283
0.0133951774378323 -0.0149596657665652 -0.0578979648517675 0.00103535175910899
0.00220922902982057 -0.0157329969264517 -0.0485993721600124 -0.00286256445333904
-0.00418255955526274 -0.0125130668937984 -0.0555939878490472 0.0019432588876363
-0.0089132215897307 -0.0112038124561417 -0.0516635238394459 0.0125751448430746
-0.012337526762258 -0.00802754929796112 -0.0467206509395871 0.00859701585395433
-0.0111329940849072 -0.0086284233880329 -0.0429856630322425 -0.00746827937408996
-0.0116987800957756 -0.0114212027525632 -0.0410380816257803 -0.027364530567887
-0.0102616428195463 -0.0148143205744431 -0.0247869464134567 -0.0490927711279376
-0.00413431003815712 -0.0230400691203083 -0.000140362925400718 -0.0602434663018668
0.00845657712644945 -0.025331536574201 0.0324576175332541 -0.0452368097275445
0.024394718817426 -0.0186880174179011 0.0354279396703324 -0.00636086036072963
0.0326545428446805 -0.00464359189232906 0.00843077366028479 0.0179908022514659
0.0249697589026695 0.00631833150443989 -0.0448147490422223 0.0149309277425594
0.00197368334919919 -0.0122919400750645 0.0541974348732585 -0.0121349587548774
-0.0109314384235519 -0.00512677281232993 0.00287539571630547 -0.0259925646078668
-0.0116304605007951 0.00277003999248518 -0.0369742868448818 -0.00210964460137104
-0.00396191717563042 0.0056673151944336 -0.0481185535925962 0.0378191973182579
-0.00253911106088146 0.00269962636307594 -0.0132956390346852 0.0644142276139905
-0.00433342801990338 0.00353405695238854 0.0212572806547158 0.0582312572958011
-0.00510589133254032 0.00453404653080524 0.0375520753966645 0.039262717075388
-0.00824960290001551 0.00551753750057443 0.0494483219001924 0.0142860886528729
-0.00975864078332154 0.00367539166256127 0.0486118554773864 -0.00409426336258697
-0.0118063520128013 0.00115024919198586 0.0530423751514642 -0.0143035329977686
-0.0125328545810107 -0.00370000694702553 0.0558385602093437 -0.00758554592946907
-0.00774906224081842 -0.00800851374142657 0.053528872143356 0.00336529047031107
-0.00667602910495174 -0.0121498296518149 0.0589825658473134 0.00165391995720915
-0.00143760733995959 -0.0167937819540141 0.0689166158628009 -0.00487436364835456
0.0103824062972723 -0.0161371645089581 0.082682804747311 -0.0222822822091079
0.0288532005855927 -0.0143067121584885 0.046543900758016 -0.00974592295620862
0.0115021366783105 -0.0136701854188064 0.000302949943241923 -0.0234875322200472
0.00407034343006847 -0.00983493499127214 -0.0396051442847007 -0.00516216911888603
0.00216157055561427 -0.0110895352995267 -0.0510480486627695 0.0337855807545268
-0.00677156428461456 -0.0144693900644006 -0.020234995531395 0.0611686052426072
-0.0153359927332483 -0.00951817438729032 0.0121185340198277 0.0585596956506947
-0.0201549382225236 -0.00324590862635474 0.0313357829290314 0.0397963494319816
-0.0259772481267338 0.000236191947097089 0.0428079575554516 0.0148406044127206
-0.0281125189161339 -0.00119231867163413 0.0408474627279419 -0.00423397285665204
-0.0319433669557698 -0.00586226123394451 0.0430194391176142 -0.0181884788594496
-0.0321366051452232 -0.0197867154577832 0.0489747566737161 -0.0182418951239094
-0.0181201746343848 -0.0319097186521536 0.0521993215504381 -0.00739540601289281
-0.00187526828421096 -0.0403329224568796 0.0585588728696409 -0.00310247452431867
0.01893493749756 -0.0405510700783021 0.0633360110563898 -0.00456375277887461
0.0365951667266782 -0.0299681955578436 0.071421642932226 -0.0176511520521968
0.0523206552620244 -0.0129661147124939 0.0304241592161134 -0.00753264346280945
0.035341344545372 -0.0206866127489213 -0.00889959431646733 -0.024530550966294
0.0221088273954899 -0.023764548893362 -0.0466927431084151 -0.00992783800892474
0.00817694938591219 -0.0292852089608745 -0.0550664982889363 0.0296280217073608
-0.0111486093916535 -0.0308583397580644 -0.0257667993123587 0.0543182167420857
-0.0262330952313676 -0.0216615102411664 0.00302724960507368 0.0547288305658694
-0.0332261244082249 -0.0104252141375696 0.0209623288641381 0.0376624809403413
-0.039744943290937 -0.00581606371014683 0.0306264994607137 0.014290751164019
-0.0419200876955991 -0.0066824423622088 0.0274576626980104 -0.00497154853276651
-0.047313977616748 -0.0119277092452815 0.0289425082230793 -0.0226510870504107
-0.0481077194850398 -0.0308951742142647 0.0367456180949299 -0.0286849265677801
-0.0285353753361251 -0.0495871052415109 0.0478353809293809 -0.0191160832647889
-0.000323014578774374 -0.0631708114382925 0.0578189429995606 -0.00725548248435006
0.0339150855290737 -0.0598934148044541 0.057008604849352 0.0013224103059533
0.0563886351680028 -0.040529128229362 0.0547255836601286 -0.00715753916995117
0.069448169532062 -0.0123833019513233 0.00508668194178934 -0.0070003123804716
0.0547158979091616 -0.0273772025863976 -0.0237982520179678 -0.0240561834947727
0.0368985070735454 -0.039536687798459 -0.0550433400140575 -0.013103058544913
0.0107384805045404 -0.0475850511494995 -0.0580043980621679 0.02284801275684
-0.016851285376653 -0.0453721074413154 -0.0325499577796795 0.0429393421442025
-0.0350227673498428 -0.0305728462546467 -0.00961747268285868 0.0455216710152593
-0.0415034143528557 -0.0166798569187064 0.00677393474613034 0.031557100238705
-0.0474448836988379 -0.0103871826643477 0.0141985264352212 0.0117292309412412
-0.0490875378931492 -0.0112549076151444 0.00941716594258733 -0.00650850990472587
-0.0551772615914837 -0.0170468540887745 0.0109349084094737 -0.0265577010172802
-0.0561106471873502 -0.0385899659899295 0.021786242091877 -0.0385615180075069
-0.0332438412612022 -0.0603779512913761 0.0413117538733624 -0.0307076354445659
0.0019286143358283 -0.0757657252559941 0.0554589294668701 -0.00897902608261649
0.0451712587710255 -0.0692455329648394 0.050203267544646 0.0083427341310035
0.0687161246190897 -0.0431831433052932 0.0320409938556893 0.00467611765499097
0.0743666074696209 -0.0108665243339523 -0.0247146726342462 -0.00291134729427598
0.0633572570258801 -0.032032791814932 -0.0416652435659816 -0.0189966401466793
0.0425741223255453 -0.0502008145430979 -0.0621990433234999 -0.0130547016719781
0.00904804907273197 -0.0582985051724137 -0.0580269060336377 0.014607700669099
-0.021341521385232 -0.0511849816609289 -0.0411032961434246 0.0282057980219875
-0.0393565106117774 -0.0335209942809167 -0.0232382504085776 0.0340384215775686
-0.044317120131131 -0.0182957868957137 -0.0104254867513649 0.0239814465727475
-0.0483065357924324 -0.0136004310007624 -0.00489209784673991 0.00615708976885685
-0.048656188277649 -0.0153605305529832 -0.00929025532368986 -0.0104243055562004
-0.0533414259720665 -0.0221906354247277 -0.00598658727180638 -0.0308074614075293
-0.0517957173829159 -0.0429152923543868 0.00822454362907335 -0.0462853016887449
-0.0276494739164265 -0.0624385814685276 0.0346780107552277 -0.0385487326885524
0.00916973744681286 -0.0752949460720169 0.0514416489617611 -0.00912518913876224
0.0520699466604744 -0.0642123035321095 0.0399360581069199 0.0177937535951705
0.0716377818583104 -0.0356499862288612 0.00731494096789863 0.0155686199683621
0.0663496246825424 -0.00862183180182245 -0.0532361172735813 0.00452111275088675
0.0587448152279955 -0.0300519084072911 -0.057099918438517 -0.00964106395106245
0.0389768130243176 -0.0490508540065547 -0.0645314210503053 -0.0102209313619512
0.00492988977820094 -0.0551200166640914 -0.0561211447797668 0.0043507351396406
-0.0215498928444699 -0.0458156746305954 -0.048620198906726 0.0133472981653023
-0.0368215017893965 -0.0298564680164072 -0.0370660870520533 0.0231803635163857
-0.0398594442469798 -0.0165473302316325 -0.0274804977608058 0.0166736796247603
-0.0412839720615681 -0.0144336801932991 -0.0221907734463839 0.00136342384820408
-0.0412510410820144 -0.018051115342542 -0.0249789075312339 -0.015621032297924
-0.0429029950655745 -0.02483957529002 -0.0180889626398387 -0.0369902095399785
-0.0375126290293448 -0.0435209574821407 9.16240279715163E-05 -0.0531690840298519
-0.0129404113405688 -0.0576414120359258 0.0319917124607979 -0.0437269497717191
0.0209593168794991 -0.0610233623073937 0.0460178537490413 -0.00625787444194014
0.0550192814107005 -0.0472357465315046 0.0282638599423632 0.0232961453461594
0.0647120169659705 -0.0221531090779563 -0.0166956640878551 0.0203444672392349
0.04592110205573 -0.00319842156315402 -0.0740338714442375 0.012619491245226
0.0431205188991727 -0.0201516326630214 -0.0656536763921027 0.00188329131997331
0.0279744557695078 -0.0357622714898932 -0.0627356464050905 -0.00551487101798531
0.00234395524024177 -0.0390474210531153 -0.0525625305983447 -0.00291331978601613
-0.0152709375400782 -0.0318558479675757 -0.0550346922539014 0.00269854172297698
-0.0258380754976275 -0.0222678733232992 -0.0480360761367971 0.0149507532057884
-0.0285406421125379 -0.0130906697432628 -0.0413888654138102 0.0110228743901043
-0.0283438410135916 -0.0132815933146036 -0.0361659391288454 -0.0048313523702844
-0.0275870438418664 -0.0171886693241292 -0.0361696858813377 -0.0228809363740518
-0.0263568027682984 -0.0230831050985796 -0.023543339792421 -0.0441965651638717
-0.0187683835098038 -0.0367456158850542 -0.00199788962383015 -0.0578213978682836
0.0016798914113029 -0.0432981673539816 0.0323205746334801 -0.0452058560238261
0.028323040494113 -0.039189591147762 0.0412402508050025 -0.00454737250644617
0.0490215246900926 -0.0239455763086225 0.016653534193767 0.0230364424231262
0.0482910296511498 -0.00619273913332776 -0.0353468604206681 0.0191558277442879
0.0195427511020527 0.005344327674412 -0.0823358917373921 0.021589596300104
0.0222619249584974 -0.00379109604079745 -0.0661096524887237 0.00982661297255684
0.014428537217242 -0.0143567735802237 -0.0589270790786425 -0.00167433543940508
0.00301040145619925 -0.0159963497521943 -0.0506435525729051 -0.00587136412720809
-0.00324366840769931 -0.0126941093651108 -0.0571738537790918 -0.000653180529087814
-0.00933912645673905 -0.0117487134105398 -0.0530968140759199 0.0111860314140063
-0.011837130228612 -0.0082307632380463 -0.0487175628294179 0.00754680305384748
-0.0110631504233982 -0.00955421278059836 -0.0440072301300442 -0.00931903665739706
-0.0110978945589485 -0.0119262995807554 -0.0408560311984145 -0.0295495586981212
-0.009651824915528 -0.015553063696977 -0.0231221341396913 -0.0510083370044394
-0.00349607098191858 -0.0235669241878332 0.00236124895738775 -0.0613434490361754
0.00991151243557642 -0.0254977083814926 0.0350270789556712 -0.0444547280059061
0.0258089033971354 -0.0177556244258675 0.0373877043048712 -0.00414433630978723
0.0334748463872518 -0.00317987341407686 0.00792571376530782 0.0185763879308389
0.0254059990140951 0.0067797319852468 -0.0465633854884615 0.0132100120224075
0.00240228229295402 -0.0133576922218441 0.0573763759117379 -0.0117376731409
-0.0113991744669781 -0.0057166423069894 0.00386093370037568 -0.0277876381548383
-0.0124316323757765 0.00292340605184856 -0.0389985369074832 -0.00358851846841403
-0.00448605704017576 0.00548364430343372 -0.0521882983988988 0.0392769550741887
-0.0030657678295134 0.00224445032286604 -0.0154920835366396 0.0676552144319668
-0.0048020218387526 0.00355570409540027 0.0213531082269804 0.0622211167396132
-0.00564303090450972 0.00533553364452917 0.0388980416106778 0.0424592181567842
-0.008877617286957 0.00594953212511073 0.0514039757680332 0.0153849350847897
-0.0106883216884033 0.00420600317649368 0.0517621556586088 -0.00295441219183849
-0.0127204127234908 0.00160383698193808 0.0560281676477131 -0.0134623059163478
-0.0134233781647071 -0.00433917516263308 0.0595508608863786 -0.00645657909771451
-0.00819941473124863 -0.00880130056644667 0.0570310876949682 0.00473610810861432
-0.00715370009747215 -0.0129913617501818 0.062767726384692 0.00333132733771019
-0.00103139020910442 -0.0174724563627388 0.0728316002689267 -0.00296140313355321
0.0114700734894499 -0.0169102449357586 0.0878957621844434 -0.0215334346660694
0.0307183761531619 -0.0148322013463142 0.0499173459857209 -0.00915761845067843
0.0122851783129349 -0.0143177153553623 0.000490095307968821 -0.0251925761783501
0.00449534577739414 -0.0101084558551889 -0.0420312904511057 -0.00666049801846119
0.00244980507349432 -0.0115932494742358 -0.0554450174584243 0.0344510580111205
-0.00706117071300399 -0.0152840126261151 -0.0225691176817132 0.0640129127871947
-0.016406427359582 -0.00989235253333991 0.011974056029427 0.0623621971210845
-0.0209752882463326 -0.00328709803391377 0.0329589169477223 0.0432936851914035
-0.0278082002744577 -6.61088480969393E-05 0.0450767277525314 0.0165302687207722
-0.0295032497438312 -0.00150710764046521 0.043622153659877 -0.00409656414756005
-0.033698604721506 -0.00682622312032341 0.046404212515288 -0.0184875665448146
-0.0338246511872959 -0.0207296149608292 0.0520348330349378 -0.0187999217392458
-0.0185493464090814 -0.0341673574015295 0.0553724937720101 -0.00628857017189419
-0.00111188287968643 -0.0427958254791267 0.0629298799001315 -0.00187051794216737
0.0203479724984015 -0.0421838822300376 0.0672853594258443 -0.00188648976482432
0.0393717782535963 -0.0315623107539383 0.0765795391580756 -0.0168096731807767
0.0558887302422818 -0.0134127573937057 0.0326258471023104 -0.0078539228076211
0.0372940565510845 -0.021219905506748 -0.00827107296228409 -0.0260880254835824
0.0236448659488305 -0.0246874242485877 -0.0489505786566307 -0.01191622471636
0.00874343068976929 -0.0311340103033388 -0.0594607607840444 0.0301303811041788
-0.0116699728357841 -0.0324589369725432 -0.0287348712004187 0.0565397814218924
-0.0276344479084065 -0.0227501857471085 0.00258835723629811 0.056775567944827
-0.0344729061064891 -0.0113540064228923 0.0216140454359144 0.0403033599863103
-0.0417540608405051 -0.00638839306091547 0.0325233237001537 0.0156329438022881
-0.0446751301909324 -0.00741269871505032 0.0289632826071022 -0.0047258324570768
-0.0504403420849447 -0.0133526648404255 0.0310130788497809 -0.0236708009473336
-0.0508813858155382 -0.0331952154234973 0.0392272267285697 -0.0298925410395095
-0.0294376110060434 -0.052906665305965 0.0514040299129283 -0.0190740553687135
0.000599435360382449 -0.0669038583190165 0.0619886732708839 -0.00594494346576094
0.0368562212708073 -0.0631269254046047 0.0609947664260667 0.00248556431631434
0.0614871431131973 -0.0415549600869349 0.0586622272275831 -0.00559998094289319
0.0737572884617909 -0.0120770477751781 0.00558669170459663 -0.00708560499753039
0.0579434315828185 -0.0281719984880585 -0.0243515513728981 -0.0263149904131081
0.0390799193285166 -0.0406599341033209 -0.0583016945526686 -0.0156755156817674
0.0115419108128143 -0.049604823617982 -0.0622114862759684 0.0228665436763199
-0.0171876761389152 -0.0477431543797457 -0.0362334476566764 0.0447115033573093
-0.0364054636234905 -0.0330056321193325 -0.0103399363216232 0.0482197136950141
-0.0439650048897427 -0.0175722336057055 0.00649769077621869 0.0338313008757854
-0.0502591056028198 -0.0117846570757282 0.0145664194323046 0.012589709509614
-0.0527708924337184 -0.0126082185658462 0.0105697903162483 -0.00697682381709928
-0.0589017121278221 -0.018916784561204 0.0125256931595812 -0.0278151251832945
-0.0592727103077408 -0.0410401625802793 0.0233424016223003 -0.0402369902096637
-0.0347482662772037 -0.0642697938020041 0.0445207205110376 -0.0312094411975448
0.00359024379606113 -0.0798880410980669 0.0597295941462264 -0.00815774377541083
0.0480124686217277 -0.072777923659644 0.0534307018096744 0.0107900598472827
0.0741280117054798 -0.0442986077322066 0.0339764039235481 0.00544350871444044
0.0786619149681479 -0.0103193862399019 -0.0254707143499932 -0.00361275724504971
0.0676412965749576 -0.0325461825364935 -0.0426517068971619 -0.0209116038797147
0.0457348239805312 -0.0519322603985587 -0.0658235477631593 -0.0153554366117106
0.00978033757291711 -0.0612647632269679 -0.0627265753440865 0.013203682961583
-0.0222115880871173 -0.0542871632844801 -0.0441419634357979 0.0294795365862863
-0.0417349418224859 -0.0355358163212292 -0.0250192561562397 0.0353855418137344
-0.0463999963059649 -0.0196285140696881 -0.0114105719998324 0.0255226853823902
-0.050909145413134 -0.0146727591249092 -0.00524418497385418 0.00739171240703318
-0.0519132891121528 -0.0171168218241179 -0.00884446503188519 -0.0106816718051628
-0.0566504049404665 -0.023856301132223 -0.00611740679319442 -0.0322753846985224
-0.0550613815081582 -0.0457757309030331 0.00847568728077134 -0.0488281992620145
-0.0286926268859095 -0.0667466663449804 0.0379360729318345 -0.0401923374359932
0.0106380070273704 -0.0788001180351701 0.0553023251042873 -0.00814409493866365
0.0564026855858503 -0.0675552104513406 0.0423191480659287 0.0203513644638274
0.0770947299051772 -0.0362509120606551 0.00751268155461426 0.0173326750422479
0.0701523009823234 -0.0080873219164299 -0.0557923962500299 0.00354803164094453
0.0627551108893945 -0.0308446169697462 -0.05943717801667 -0.0109094628953155
0.0416159981955418 -0.05062831381398 -0.0684250182129358 -0.0118930029185512
0.00590754490266528 -0.0580281229907885 -0.0596388115940986 0.00371775166942132
-0.0227427776731332 -0.0487365415784236 -0.0523859824375751 0.0134649323223559
-0.0388212436377391 -0.0317127742054268 -0.0395392861632075 0.0238370606374208
-0.0421889730133366 -0.0178645972065852 -0.0297136056589241 0.0168752463010097
-0.044206863714266 -0.0160760418490152 -0.0234781364555467 0.00102906241437033
-0.0438521575764768 -0.0193068121198009 -0.0265746030949344 -0.0168107745784394
-0.0451875827733879 -0.0267103279023351 -0.0184544163624269 -0.0389297472250667
-0.0389056835188885 -0.0459585319259569 0.00054756917532613 -0.0556348374358964
-0.0128328102313362 -0.060514993805666 0.0349429994292269 -0.0451787384523115
0.0236030786512292 -0.0641364074055717 0.0501077984797021 -0.0053495432622503
0.0585476211359922 -0.0487852441091983 0.0302586479856918 0.025125834139747
0.0693787207564777 -0.0225082795363829 -0.0175407229444298 0.0216782081999623
0.0488338602567067 -0.00213547513367299 -0.0780259770077211 0.0118683579273702
0.0463292841429176 -0.0206543443257759 -0.0691113147299423 0.000387782382485298
0.0299496577685168 -0.0369308411655871 -0.0664847257342612 -0.00757200140349657
0.00303473738662143 -0.0409831368507095 -0.0563541811249281 -0.00475707066215096
-0.0160344703347363 -0.0338854272985623 -0.0583391858370399 0.00251708980404841
-0.0270200861346549 -0.0236044992336901 -0.0515383869797877 0.0147525976336683
-0.0297215339984753 -0.0136703504417471 -0.0440893240662232 0.0100246842825166
-0.0296272125501548 -0.0147187932137287 -0.0383182647106932 -0.00523030604575582
-0.0294501673948733 -0.0186104353506188 -0.0377961071711066 -0.0238859527928294
-0.0276454984970066 -0.0249748565505895 -0.0240801692937543 -0.0470714682976056
-0.0192989829731947 -0.0387495906286406 -0.00109715279497658 -0.0611064114326261
0.00292673423614315 -0.0457175966034313 0.0353445733667214 -0.0465597600475973
0.0302048910936914 -0.040625280144236 0.044085672448867 -0.00358459248086387
0.0521067312423946 -0.0244304241838232 0.0173389400367573 0.0252647213812857
0.0519091734745901 -0.00560316814558 -0.0379589362149236 0.0197073243093374
0.0208648989565749 0.0063711263313197 -0.0879684568623332 0.0208871325892361
0.0235883307805796 -0.0036423870888785 -0.0706392546398233 0.00878433916890069
0.0151600606893625 -0.014388951469214 -0.0625421657585107 -0.00298626654314265
0.00324910787803163 -0.0164049744339719 -0.0539664915259892 -0.00758347838218057
-0.00312849383929365 -0.0133800164163104 -0.0610287492532014 -0.00100090472388191
-0.00956627595629411 -0.0124316192310022 -0.0569693309604195 0.0105259822457467
-0.0123838930208155 -0.00918856025418634 -0.0512713616896667 0.00647729235467651
-0.0111433699249556 -0.0103987632093014 -0.0466649337874671 -0.0105336364252901
-0.0118830082045827 -0.0129870640933038 -0.0427545351658217 -0.0316302229122824
-0.00946009883445215 -0.0169061857591705 -0.0237585390942339 -0.0540481011892569
-0.00336368490538188 -0.0246437420902872 0.00389755817961628 -0.0644342471137934
0.0108031729930667 -0.0263799544847787 0.0384352817174072 -0.0463330752018077
0.0273582274153518 -0.0180754304005504 0.0394976294866489 -0.00333555379995832
0.0355944564095764 -0.00319461790076021 0.00840107184945173 0.0198807316465899
0.0262853887201497 0.00750895677188395 -0.0490176522423877 0.0129481942335885
0.000399866337051721 -0.0142467318455857 0.0604030733728663 -0.0211214849113428
-0.0123462361706986 -0.00455849950172393 9.5676341018604E-05 -0.0304392266453017
-0.0121882335088647 0.00477603347370346 -0.0422361812288428 0.00216091118892898
-0.00379004534224626 0.00580095376362512 -0.0486768566907389 0.0500336212594002
-0.00367589539278955 0.00227852056316601 -0.00480200846554139 0.0736427819734503
-0.00455055014755427 0.00419486662178752 0.0320736672237194 0.0623056124429492
-0.00527081152041493 0.00588455548705788 0.0494037614763284 0.0386870911532564
-0.00909179642239769 0.00780938715629523 0.056698459813603 0.00856056095102601
-0.0105856087598166 0.00636456266222088 0.0546915805888495 -0.0110470611555871
-0.0135100056584248 0.0037679246893306 0.0570868864415087 -0.0227759981799368
-0.0152187471125097 -0.00202472618222465 0.0621127598548532 -0.0145975345158157
-0.00992525366881105 -0.00826935141861208 0.0630194806879029 -0.00226006267974723
-0.00957981977675631 -0.0124549606267425 0.067297948090534 -0.0051167460167197
-0.00397019009276536 -0.0180707225218447 0.0763557870625397 -0.0129713399506818
0.00925633259565389 -0.02000755614782 0.0902324611929181 -0.0348370279869383
0.0303483830622895 -0.0207986654813895 0.0512257759272418 -0.0149784696144496
0.0114819709549079 -0.0164712813541259 -0.00304859662170228 -0.0269984495322433
0.00352559647270283 -0.0113535231186445 -0.0463571671444952 0.000163551612692871
0.000985724104060877 -0.0133052932290227 -0.0530476604880699 0.0463441974621675
-0.0101556667372782 -0.0154014295852856 -0.0132827331405765 0.0716929417713621
-0.0192424052938273 -0.00851594501389504 0.0228938742673781 0.064199203026329
-0.0226188440284718 -0.000760284730523418 0.0432924209177366 0.0409193015781153
-0.0289535252372134 0.0042861542931576 0.0505405853313148 0.0101929476458859
-0.0319660035150559 0.00330538696798651 0.0463225321898631 -0.0102997410536761
-0.0373041897721719 -0.00172705646346531 0.0463381994794378 -0.0262681327001118
-0.0382874811657897 -0.0161443905505647 0.053046519174799 -0.0263536482372635
-0.024755783380801 -0.0333379086382604 0.058959459391706 -0.0139931347133853
-0.00788068918551459 -0.0443430857715722 0.06633198638229 -0.00977384850245395
0.0151409967509414 -0.0470885006366577 0.0702124560055008 -0.012143358990712
0.0362505463600599 -0.038920803927209 0.0793621372725796 -0.0282453235551063
0.057755398665491 -0.0239210373317361 0.0310793372921501 -0.00903251859886561
0.0377901971318875 -0.0273315905606028 -0.0139177262829743 -0.0260161864102997
0.0222324186141895 -0.0295111450530925 -0.0555248346772534 -0.00332717475999494
0.00553611371649919 -0.0348959987140713 -0.0582630260016223 0.0432037949774047
-0.0173300757096194 -0.0331860218254542 -0.0209657348153452 0.0662407340560563
-0.0325881299708629 -0.0200313892259113 0.0131047240954767 0.0609452194112215
-0.0386191556711092 -0.00729074588311389 0.0310778911300163 0.0395821475932266
-0.0453626222474077 -4.17268121912125E-06 0.0361487592861778 0.0112966238319778
-0.0482957667222538 -0.000242024984874053 0.0307061001337675 -0.0090822374902698
-0.0554021094949884 -0.00607348278132011 0.0292833113601212 -0.0286294659504228
-0.0578967008399958 -0.0260664241479294 0.0375733293478812 -0.0364858121690302
-0.038661630804115 -0.051371663166515 0.0523847621175714 -0.0265864966067778
-0.00945547747450195 -0.0699409998628115 0.0641990059441537 -0.0147722260847064
0.0294709775258941 -0.0704779401318587 0.0638305472244603 -0.00561127055014497
0.0573070495576011 -0.0522187234188041 0.0618909900980476 -0.0139369758357879
0.0771175702094805 -0.0256759495510245 0.00142343476424206 -0.00395987607125527
0.0580400822550319 -0.0381476495620863 -0.0310561096958444 -0.0226808482345466
0.0363561004869968 -0.0488644774161486 -0.0663671677053219 -0.00412087715311829
0.00598740750960526 -0.0546536177919031 -0.0629163210767239 0.0366006509850066
-0.0253731556926651 -0.048371080745278 -0.0301137632083734 0.0555910111897225
-0.0432488319980801 -0.0290546543903388 -0.00165422028706053 0.0535448128946338
-0.0488855628455716 -0.0124357349408189 0.013643041819449 0.0358492232058103
-0.0548102136699259 -0.00438594551094883 0.0171675012640845 0.0107340915047282
-0.0568058490907151 -0.00495773441264793 0.0102816200292982 -0.00879870847794726
-0.0649845518807989 -0.010807923751711 0.0084446911827236 -0.0303251969793626
-0.0676257298178934 -0.032654061113557 0.0196350313990783 -0.0450750683051148
-0.0453413600271752 -0.0618417536103837 0.0434240308099991 -0.0384400445795917
-0.00915258465772703 -0.0836921749502134 0.0615715683007877 -0.0167714775462443
0.0394306009457917 -0.0828065434296903 0.0564157067208942 0.00346651883615434
0.070055495462997 -0.0569911517608286 0.0380989641075813 0.00176127757732833
0.082914257427781 -0.0242772628435237 -0.0319535749936757 0.00525815536566135
0.0676190143822586 -0.0446036767539441 -0.0495943527984064 -0.0139628684011185
0.0414987652221004 -0.0617928530631582 -0.0742260081948114 -0.00233199700455266
0.00302521221698938 -0.0666252193029825 -0.0648422970576235 0.0273308943017547
-0.0310536218231459 -0.0542800854138142 -0.0406211770765008 0.0406824427413724
-0.049454996470497 -0.0314971117440164 -0.0191559858285337 0.0431001544338888
-0.0519787185484865 -0.0143605644385054 -0.00698334171540958 0.0301594071817881
-0.0560908056664147 -0.0081982020542841 -0.00441993819649233 0.00852180708536309
-0.0572877091893422 -0.00982769654893881 -0.0112047301980569 -0.0088116698829296
-0.062895132923528 -0.0158710426156066 -0.0110352227531134 -0.0321752438787865
-0.0639505254972408 -0.0385911519079222 0.00240859595971409 -0.0516887192757631
-0.0393283586778847 -0.0654802441414465 0.0343131129248418 -0.0468798377530641
-0.000952505461878308 -0.0836802566410131 0.0570499548492315 -0.0157868179710009
0.0481586887119589 -0.0791212340674749 0.0470367090773913 0.0142579618365953
0.0754212054996688 -0.0492769942558058 0.0111700613550081 0.0165913752248984
0.07445902641774 -0.0208197617029673 -0.0632469625652408 0.0170279191569999
0.0626154635697209 -0.0419958407829858 -0.06622927069587 -0.000407128658934416
0.0373665744648327 -0.0602578766708549 -0.0758618670479318 0.0014991019522222
-0.00113069953157428 -0.0624671034858636 -0.0637962938694212 0.0161734024526868
-0.0308649404879553 -0.0489378269686633 -0.0522050846169044 0.0256299318983171
-0.0454775981092399 -0.0279744450026583 -0.036263856632752 0.0324196335133087
-0.0471613500086009 -0.0132683563750202 -0.0279950738095841 0.0246113726936864
-0.0483988131253019 -0.0104692721542022 -0.0247857456207776 0.00458175492897755
-0.048308147895355 -0.0137088024697459 -0.030504850405452 -0.0126547385826926
-0.0503344570038816 -0.0212073976638822 -0.0256839197493926 -0.0378884401478309
-0.0476227976853158 -0.0412750622471801 -0.007717828058164 -0.0583184071587552
-0.021572612253166 -0.0610824735706912 0.03050961501231 -0.0512153871287329
0.0142100458311223 -0.0700877391443331 0.0522041253385417 -0.0124072684687609
0.0535483185595713 -0.0593617801123695 0.0345201158402584 0.0213909529132675
0.0690704330022854 -0.0334948110826655 -0.0152241816415557 0.0251917071945547
0.0526427330219093 -0.0115281446573468 -0.0847309776883096 0.0283918187608345
0.0472119947530772 -0.0287112886294245 -0.0748403482791767 0.0121287264928649
0.026745606833435 -0.0439671660996086 -0.0732172578631278 0.00493427628258287
-0.00209262257671285 -0.0445289827983192 -0.0613792752728345 0.00595863569440051
-0.0210465784100146 -0.0335984929945316 -0.0610361797909522 0.0135416108141041
-0.0321165905868725 -0.0209296785638073 -0.0508764378206353 0.0249437210613287
-0.0337005848387501 -0.0108811166605061 -0.0450271760683019 0.0194098797212841
-0.0333743641141746 -0.0114275374977869 -0.0413833405774988 0.000703529673843648
-0.0332753216507607 -0.0148309229770564 -0.0435706599238028 -0.0192734686284143
-0.0320668543263212 -0.0216504432457567 -0.0328714877200834 -0.0455401066287585
-0.0251488322095583 -0.0369737978070184 -0.0104260606527089 -0.0643694186128268
-0.00304902786508716 -0.0475830047896018 0.0305079024643176 -0.0545431231600633
0.0254371821815265 -0.0468147816462188 0.0459327428935075 -0.0106149322832171
0.0502850802518489 -0.0334701396724791 0.0219953202283097 0.0232964396123279
0.0532183459787581 -0.0128696189766487 -0.0368813094172706 0.0261804144974805
0.0231255143267585 0.00271736136999869 -0.0927745655687342 0.0372503267277199
0.025429018023637 -0.0083287390652093 -0.0743147113240544 0.0201246141224565
0.0143072536815675 -0.0181260376982045 -0.0678353660255897 0.00727847036422059
0.00180097543437443 -0.018642911053701 -0.0592295850814463 0.00180997314701385
-0.00538643751386311 -0.0149172846843039 -0.065070367647367 0.00977224579883367
-0.0117510754693788 -0.011939039418792 -0.0582419121784324 0.0213126218414769
-0.0136965840614688 -0.00817030872192523 -0.0541834337687371 0.0163312704720198
-0.0132483803218302 -0.00961634285268516 -0.0505686356814397 -0.00331779048963928
-0.0143978640664559 -0.0120472101719456 -0.050406128506698 -0.0266326965307083
-0.0115348580550196 -0.0159668211519323 -0.0330872256434422 -0.0535170569903706
-0.00614409532089979 -0.0251257006799776 -0.00612748279165577 -0.0687467111860847
0.00770094763503829 -0.0290799809207188 0.0338762640357421 -0.0542544419164167
0.0259011170834706 -0.0227594289850009 0.0422228038761781 -0.0089175914848935
0.0361221510874758 -0.00830185671250764 0.012462485269937 0.0191545137093207
0.0289778044714285 0.00398188126377809 -0.0500354669601094 0.0207946387946513
-0.000625629132463555 -0.0151735375561133 0.0606998180893086 -0.0262234391135742
-0.0131152200534352 -0.00393734102413171 -0.0027992370765171 -0.0315272702621992
-0.0123121274424986 0.00612394394265249 -0.0439575761581641 0.00490230329719349
-0.00365111010895253 0.00582915247974439 -0.0464990597331487 0.0554821341942405
-0.00421944135657273 0.00292866415553889 0.000439909963585514 0.0763337442949941
-0.00431996483353522 0.00454993216746199 0.0377308253394668 0.0607964288494681
-0.00472457254070122 0.00625126346063643 0.0541942834959017 0.0360534969421289
-0.0084862764344986 0.0086645525473033 0.0592991306136049 0.00459158617541021
-0.0106290614275423 0.00755473025166333 0.0558027751857247 -0.0159622906302387
-0.0138648399618714 0.00482672645577155 0.0571124610491625 -0.0272406153723572
-0.0151822388208193 -0.00107218216376372 0.063255814336044 -0.0205726096008194
-0.0112637665145964 -0.00810687546125647 0.0649900001869415 -0.00678333065505471
-0.0108668357748124 -0.0124644458616475 0.0688879857277003 -0.0104414401225422
-0.00546070260918343 -0.0181758993129758 0.0776966159723956 -0.0183229911122054
0.00775953719032912 -0.0214173790879717 0.090954617348861 -0.0418802267057093
0.029673363929012 -0.0240682263029262 0.0517062475251288 -0.0196382410210764
0.0107996232288064 -0.0176150991233995 -0.00489519192814762 -0.0281408271123844
0.00298231130327159 -0.0114559510681732 -0.0482006939130646 0.00322145099768527
0.000136281299734817 -0.0134073252345061 -0.0518619981444298 0.0518146503361598
-0.0119843059012355 -0.015285536593412 -0.00893391637992451 0.0745737588163672
-0.020411910285129 -0.00646603635508603 0.0288812556030127 0.0640674152850656
-0.0234735205650653 0.000860640594171948 0.0476697369550666 0.0386400402874194
-0.0297853529559947 0.00661281695870054 0.0520469282240466 0.0067479007646218
-0.0327906651852317 0.00645713329152039 0.0469690025292685 -0.0144178603754485
-0.038729682400633 0.00102473091165084 0.0452575070346277 -0.0305767072520807
-0.0411920579687722 -0.0131610711637485 0.0524338668134576 -0.0314122698731296
-0.0279793968206639 -0.0323296237346924 0.0600704511287367 -0.0185886143623506
-0.0112780008850308 -0.0447344703620975 0.0680141996177849 -0.0157903878776099
0.0115884970263555 -0.0497342936603294 0.0718112915327541 -0.0177319723060626
0.0342383989126777 -0.0432200795911873 0.0799452567167009 -0.0347807261659936
0.057463129696506 -0.0288790656702323 0.0317921912120079 -0.0120339334389502
0.0359548735042487 -0.0306971484332829 -0.0154770029263535 -0.0258203114049493
0.0203237948134058 -0.0314564617693621 -0.0578057863026766 0.000407681596939712
0.00281269105903591 -0.0359606928828428 -0.0572986196969889 0.0486425785495162
-0.020471993346323 -0.0326527791737261 -0.0171931316294039 0.0690972928583151
-0.0347759298020446 -0.0178052740998298 0.0182233661290576 0.0613214001970804
-0.0396359776908749 -0.00386309127679005 0.0351955196373508 0.0387348761908953
-0.0466554198871808 0.00357580245681426 0.0387741691663197 0.00909463581485246
-0.0498688065514238 0.00390126560901837 0.0308160081816868 -0.0114595953373732
-0.0568900739595149 -0.00212824684373499 0.0277845875788955 -0.0312139558540564
-0.0619461655068107 -0.0218694677642285 0.0358270439540429 -0.0404344047784045
-0.0440079765443757 -0.0495744526783444 0.0528482783951132 -0.0311077785526151
-0.0155360825667608 -0.0706429448987305 0.0661228476269442 -0.0202181968564611
0.0242923183542357 -0.0748630643906595 0.0661608180582471 -0.0105508872406186
0.0552543401326835 -0.0584511236913741 0.0631704249552502 -0.0191310679258881
0.077044231983572 -0.0327912618403284 0.00208119639224457 -0.00411676298011961
0.0566870129207508 -0.0438526397784744 -0.0331503426938456 -0.021300640638825
0.0338190911050253 -0.0527030378696971 -0.0689453724091202 0.000244694110214004
0.00176329078308551 -0.0568525895918574 -0.0625232212412611 0.042231053422631
-0.0302059578245368 -0.0469712295818105 -0.0277140197833579 0.0597101563134867
-0.0469190979003051 -0.0263275870187197 0.00240720745879553 0.055572945013921
-0.0508320036817117 -0.00854956325048811 0.017198208556742 0.0357531114216957
-0.0570412422402783 -0.000260570062615497 0.0191483403359958 0.00960309710581064
-0.0595664023891683 9.99620165948052E-05 0.0102852907165748 -0.00885419170664385
-0.0672737426607882 -0.00517880039030838 0.00676055731533597 -0.0316257522295076
-0.0723317016656147 -0.0277109845992688 0.0155305533730505 -0.0475135501794466
-0.051595977418562 -0.0595628033609769 0.0423923214294856 -0.0425466591591334
-0.0156862904737431 -0.0848279287536424 0.0629963072345431 -0.021642100779154
0.0340297878686137 -0.0884605054397 0.0593048031350246 -0.000859869765302817
0.0685613685238482 -0.0641644355361547 0.038964335063823 -0.00131539113338964
0.0837741964399134 -0.0321756529866937 -0.0319894684806309 0.00796935208669232
0.065936659209394 -0.0505784987806406 -0.0515142954533964 -0.0115575973257978
0.0381235952634492 -0.0662959520920434 -0.0767838283923242 0.00289923097331566
-0.00250204687505032 -0.0683533864737594 -0.0650973766047771 0.0330093404646984
-0.0361684155027155 -0.053049800125035 -0.0399990348519207 0.0453293272726721
-0.0534402397035636 -0.0280889396059261 -0.0155778548591136 0.0459777261096283
-0.0547256460647415 -0.00975324863072205 -0.00478544708106046 0.0316104520574761
-0.0582327343209412 -0.00347689052801684 -0.00385469575073954 0.00937032580017856
-0.0598116883186613 -0.00482651732556595 -0.0120198322170506 -0.00826797698524522
-0.0661612973291708 -0.0112292254109575 -0.0142383316804098 -0.0323068163908834
-0.0691327062771067 -0.0340899712667675 -0.00200449692959474 -0.0532387578881357
-0.0459647359519474 -0.0638828705092415 0.03276839025354 -0.0500691136509335
-0.00792253160633953 -0.0858928390771656 0.0587231115350958 -0.0208755547346416
0.0434557868792867 -0.0847721779711014 0.0499150186868535 0.011518812306706
0.073854951311726 -0.0562688332664039 0.0132961198995204 0.0157152514572589
0.0752904047691413 -0.0270195134622533 -0.0637706539587988 0.0217743564449736
0.0614497818060742 -0.0478141464897307 -0.067347862119788 0.00328475462943976
0.0338844142059129 -0.0644636456679107 -0.0786310149678719 0.00700431603877201
-0.00614380780782412 -0.0643276001863061 -0.0650601970008377 0.0213774470821633
-0.035359730894666 -0.0479460981083696 -0.052439600746857 0.0302511741042325
-0.0489592328260799 -0.0245688255191794 -0.0347693845531966 0.0368482188207622
-0.0493519778461349 -0.00924948195271311 -0.0269613698736459 0.0271150407558598
-0.0504845848988621 -0.006464152684547 -0.0249430829582751 0.0075532785093342
-0.0509208556997651 -0.00932568750157946 -0.0321436952540142 -0.00993922521690719
-0.0542322634437241 -0.0176149105587176 -0.0288136759106452 -0.0365946572225958
-0.0520655892159799 -0.0380539157625975 -0.012741564304463 -0.058737161046811
-0.0274706891346359 -0.06081969175906 0.0278606737283184 -0.0555448993554548
0.00966654454453798 -0.0727096984112737 0.053353141268951 -0.0168362460882191
0.0498480167426964 -0.0653408630624395 0.0381193624514756 0.0194925183696069
0.0689131906935085 -0.0398710148849604 -0.0134428346695952 0.0266727795989766
0.0539236730810905 -0.0161026205203524 -0.0854055613149769 0.0350612128183519
0.0457095007547923 -0.0334764187760722 -0.0749632338598392 0.0176295305308729
0.0241906268651082 -0.0467528440028903 -0.0748216840794642 0.0101866882359198
-0.00561575021294782 -0.0452050456492594 -0.0635603708146646 0.0107007289964093
-0.0244175940419989 -0.0333640980768142 -0.0617751435015106 0.0197706235629551
-0.0351350064863479 -0.0183111493245281 -0.0506577359763413 0.0298571520177634
-0.0351759482118378 -0.00791693908400674 -0.0442625040648676 0.024113571889586
-0.0350660436688839 -0.00892573052568307 -0.0425410654787612 0.00456376225683436
-0.0352884589189197 -0.0127125806934894 -0.0464901425764938 -0.0159112179041369
-0.0346313927916113 -0.0200247013209418 -0.0376178319350431 -0.0441827069265579
-0.029821868372763 -0.0355867548685427 -0.0162151793915535 -0.0656417228981609
-0.00690305872390992 -0.0484121186804337 0.02748085652283 -0.0578285904440429
0.0227885574405519 -0.0500686472792322 0.0476257688425709 -0.0146474950578178
0.0488869995410854 -0.0383106034840364 0.0251537084815254 0.0219126048608757
0.0536822798560949 -0.0179639621767265 -0.0363493345339059 0.029514492777172
0.0241902166607137 0.000298583019988689 -0.0930606873085379 0.0449019948962388
0.0254824493729986 -0.0100330849020019 -0.0748943320729359 0.0254136223233443
0.0137116560325613 -0.0194169632783767 -0.0692490966235025 0.0119837319989904
0.000441571041446339 -0.0188830128687177 -0.0620035357612437 0.00629145583545971
-0.00596021756841017 -0.0140696794892337 -0.0662526885435056 0.0155144716865982
-0.0127478176384551 -0.0104807670383802 -0.0586685042049682 0.0257863819678229
-0.014728645299314 -0.00712189779405761 -0.0548294305181617 0.0215547588592562
-0.0141916466280308 -0.00921956416928709 -0.052616243903565 0.0011328175398659
-0.0145841658068918 -0.0114490064852502 -0.053364662667597 -0.0223919866633803
-0.0132980241655728 -0.0158538656242936 -0.0382204329049585 -0.052005782171495
-0.0085704765965402 -0.0250671686782561 -0.0111836777032294 -0.0699017055628934
0.00514774614275532 -0.0302147569211101 0.030522244676045 -0.0583377667029784
0.024548466431578 -0.024816856979053 0.0434866801803944 -0.013073651416748
0.0368488246561723 -0.0114745966652069 0.0134425124921877 0.0192637691442815
0.029643315833681 0.00232043734694873 -0.0497871634273399 0.024802100373095
-0.0017709921193757 -0.0152312108615951 0.0579453226284881 -0.0307351482050248
-0.0129763736306581 -0.00274780575015794 -0.00544152187229392 -0.0309554978748196
-0.0109851051287466 0.00697731589994993 -0.0431758656945807 0.00772746782481036
-0.00328726414571694 0.00586336799515638 -0.0423862884799837 0.0582683446315532
-0.00395019167282996 0.00323654256365365 0.0053488154907147 0.074760869520468
-0.00397091584285878 0.00494380241723046 0.041035990841194 0.05678848917773
-0.00404937553958059 0.00653013935377159 0.0556103240944041 0.0308842830367844
-0.0075663096161272 0.00906931892543904 0.0583951936394741 -0.000590101110584942
-0.0100407996815922 0.00804523645136378 0.0539711663459645 -0.0196302392965217
-0.0132888929551326 0.00653607015477957 0.0537128951801364 -0.031017632020191
-0.0152239704474677 0.000262662993851174 0.0604227031863593 -0.0247526176995513
-0.0113976906139602 -0.00740464949087309 0.0632807322187294 -0.0112099125685234
-0.0113959076246888 -0.0111623594896606 0.0670540345829396 -0.0145275069716789
-0.00679881446746412 -0.0174685359019736 0.0749305556126475 -0.0230113449906916
0.00609249313786128 -0.0212402276963711 0.0868624005492073 -0.0467635352457723
0.0267998099270543 -0.0258092720057184 0.0500359324456959 -0.0235286219960563
0.00905411758502008 -0.0180573364073888 -0.00717751295007055 -0.027561280424163
0.00202599231809653 -0.0108927965569635 -0.0473590923538041 0.00611095536037609
-0.000947808355878665 -0.0132265394103654 -0.0472679922172346 0.054393403077373
-0.0132731039585831 -0.0136084107792961 -0.00313595783396275 0.0731882524138124
-0.0204755296618062 -0.00511255482240866 0.0326361989660444 0.06038078332791
-0.0229909107462413 0.00274431629852284 0.0494097689672529 0.0339767989389289
-0.028371516977331 0.00847150656753964 0.0514760399904478 0.00218019490004463
-0.0320095024878944 0.00874043438257435 0.0455219803002712 -0.0174853963593904
-0.0378718036738402 0.004474916715519 0.0425102173921803 -0.0327577874831454
-0.0411048704835505 -0.00972304358247789 0.0491351177603814 -0.0342569415466864
-0.0302002360039628 -0.0299617074720444 0.0584143654325633 -0.0223177104606713
-0.0143389852830252 -0.043076839706773 0.0653179892718495 -0.0201661216799399
0.00786205867653039 -0.0487699096003424 0.0695249108986929 -0.0214839527811652
0.030766648385419 -0.0442586274280406 0.0763107101384576 -0.0395644848776388
0.0541809158953744 -0.0327579479489986 0.0307166387186923 -0.0147817316004488
0.0333382821921136 -0.0325381278423721 -0.0165817211293778 -0.0252850010514319
0.018018461082646 -0.0320230191214289 -0.0573345895487099 0.00395642464403462
0.000223159166410803 -0.0350312388362273 -0.0530997213918859 0.0518625316911264
-0.0225025967342744 -0.0300445480322459 -0.0117883746271425 0.0684095920011972
-0.0350646491084071 -0.0139545745756287 0.0224508545911125 0.0587379944951806
-0.0393841653253692 -0.00104004686783597 0.0367074209117746 0.0348670793608555
-0.0451163177158192 0.00733239974499956 0.0383162171734961 0.00556643932006916
-0.0485842152902633 0.00848749242207255 0.0297768329365344 -0.0135424516232605
-0.0566200513283145 0.00324244630968002 0.0249746671466298 -0.0323720416252252
-0.0620368460070938 -0.0165269883386721 0.0319208627229959 -0.0417175763027977
-0.0470283194757503 -0.0450240435188961 0.0494885607716124 -0.0336906242429017
-0.0200795554489457 -0.067542140596232 0.0635866107852969 -0.0243387237761104
0.0181014838747101 -0.0750990164009084 0.0645544065887994 -0.0146044795911472
0.0503652011271876 -0.0611441032229939 0.060716926959294 -0.0236008877032398
0.0729516828191577 -0.0374214893176676 0.00246762655630971 -0.00475006120600074
0.0522930444353624 -0.0466970445865606 -0.0325017637202612 -0.0197504374150504
0.0290024861264664 -0.0533487350490206 -0.0680727819577386 0.00446698701219814
-0.00253011139880003 -0.0556830799732922 -0.0589103026131925 0.045811325873516
-0.0329362953224889 -0.0434623135131453 -0.0226658792740211 0.0601685898828411
-0.0472146309477582 -0.021184570396833 0.00666133538283531 0.0533673657315041
-0.0506536636124674 -0.00422519711504283 0.0194541913361671 0.0333171349944903
-0.0552507724791891 0.00425246189452554 0.0190268578356885 0.00840367830456809
-0.058188742280926 0.00542487166449253 0.00924520697994674 -0.00971571621212869
-0.0665542819083575 0.00080350378881971 0.00436209358531059 -0.0308662317079693
-0.0729359427847329 -0.0213892722839685 0.0116773594111749 -0.0475455606509216
-0.0549907482156102 -0.0544602403312348 0.0390414964281997 -0.0443176232541285
-0.0217647159836029 -0.08182500089967 0.0610047042124737 -0.0263995483566857
0.0260511961296041 -0.0885543437528468 0.0579306604318678 -0.00445450603621864
0.0630775699306038 -0.0679703152189848 0.0392399267482116 -0.00470267872872355
0.0796037704621831 -0.0384794055668138 -0.0307784132608726 0.00918462603062098
0.0607621819177508 -0.0547409420127942 -0.0503224732516711 -0.00838877787781403
0.0325645894315967 -0.0668548752248704 -0.0749651909450176 0.00753451585023305
-0.00747778040183406 -0.0668256062068143 -0.0619704499045571 0.0366894591512036
-0.0398592904168475 -0.0492452664671788 -0.035437549952864 0.047458795337258
-0.0539230997119074 -0.0225137488277721 -0.0122522814759243 0.0456816958424749
-0.0541508790863824 -0.00544585945381453 -0.00294143313657117 0.0315143086646032
-0.0571962580064627 0.00113369554843038 -0.0034922230789655 0.00911651137083697
-0.0588667497443499 0.000421055343779296 -0.0124414434136838 -0.00712680213305117
-0.0659285274854365 -0.00591276200423005 -0.015918638554238 -0.0301009018868686
-0.0698753792306912 -0.0269884602159251 -0.00666805639794608 -0.0511843117833969
-0.0500015457233073 -0.0586148052453965 0.0289599214938118 -0.051305608542296
-0.0140706586670755 -0.0823125436325841 0.0566198539414024 -0.024357817909157
0.0356453662896142 -0.0857109094930547 0.0504305400809486 0.00793455512909587
0.0684212795797251 -0.0609378076662725 0.0144642348745021 0.0142125873987132
0.0715748350028537 -0.0325427006194487 -0.0601328786317673 0.0255579059323949
0.056632426550321 -0.0510438061059617 -0.0650920986279093 0.00681463345139833
0.0282092743357597 -0.0649560897108024 -0.0765040080457245 0.0119141698233321
-0.0107129857444591 -0.0622013813805955 -0.0625760541534567 0.0254463056689314
-0.0379958154993612 -0.0435982167795016 -0.0494272539861271 0.0338252010498743
-0.0497840733437309 -0.019737451005301 -0.0316047124084978 0.0383376762464314
-0.0489721499757781 -0.00464713925908332 -0.0247111167260456 0.0288077529655486
-0.0497563199859822 -0.0026145722076305 -0.0240380716571553 0.00921611277877978
-0.0505201350317617 -0.00520463199736849 -0.0320334234488142 -0.00740889198314994
-0.0544624445345037 -0.0123418894990754 -0.0307503833930495 -0.0330392064511175
-0.0538487843681904 -0.0324860626466375 -0.0172586504651203 -0.0560795852396042
-0.0315178118647788 -0.0570450318702139 0.023250183229939 -0.0554040429260112
0.00423593537849714 -0.0712152603294347 0.0520163648569551 -0.0209776562927845
0.0438692274872263 -0.0677122343261864 0.0393546482464367 0.0164252412801258
0.0642340299128232 -0.0441972120926103 -0.0113061998329093 0.0269755056498951
0.0512399598657817 -0.0195872416954657 -0.0809541750308445 0.0404009181314899
0.0424553867612984 -0.0356417683340161 -0.0720177930711575 0.0210113338257964
0.0200814756923812 -0.0471695493678825 -0.0724698900245117 0.0141579026010077
-0.00847521548742359 -0.0437752678365019 -0.0619620507371885 0.014998861098611
-0.0265013342353809 -0.0307021152998762 -0.0593658797146605 0.0241347186946398
-0.0347069979304582 -0.0147128715718582 -0.0474454756790479 0.0328398771457426
-0.0350697229551251 -0.00505136987759916 -0.0420460696212491 0.0272422693067398
-0.0349074831192792 -0.00569414407275468 -0.0414512230505318 0.0080379560736333
-0.035440207799141 -0.00900889603064817 -0.046758983638859 -0.0118238835181888
-0.0355050588314044 -0.0168190244474789 -0.0393289022777804 -0.0398873118483377
-0.0314892554908813 -0.0320994926442113 -0.0205473508135987 -0.0623755865138694
-0.0103533267368722 -0.0471143964325127 0.0229510557639791 -0.0578277777895774
0.0186515505942215 -0.0499001202240954 0.0462148602053044 -0.0171319448888005
0.0445511132146045 -0.0410731114289133 0.0263400866850194 0.019539167059657
0.0512608814443953 -0.0215184939311993 -0.0329628453033498 0.0310182998153459
0.023707487847224 -0.000864583804108424 -0.0877347316269568 0.0505203858219672
0.0238726058121977 -0.0115038414314349 -0.0721542107137672 0.0297567253901282
0.0121039069629861 -0.0192149798406097 -0.0667184713014213 0.0157489721956071
-0.000756983556715939 -0.018258302275521 -0.0610761759009704 0.0101397329963579
-0.007395940188104 -0.0135595742475971 -0.0638445948900267 0.0202382118222987
-0.0134664391668779 -0.00940113507962546 -0.0554443968918613 0.029964990462602
-0.0148184026761181 -0.00516365139472093 -0.0519303460089847 0.0252575456130202
-0.0149040055236924 -0.00803562665374328 -0.0512739680603724 0.00542779638489871
-0.0156102417161549 -0.0101921529679573 -0.0538914938611195 -0.0175994780013383
-0.0142238350837327 -0.0144329275779498 -0.0413376564140374 -0.0475795655765296
-0.0104752735072927 -0.0233142439362871 -0.0162231172338487 -0.0671933860642449
0.00289190382461965 -0.0301757197751557 0.0264359380697447 -0.0585925701458995
0.0224968267266085 -0.0259408169306788 0.042574832796443 -0.01547862795726
0.0349202542452429 -0.0135908968726808 0.0158419186789057 0.0175279123271015
0.0284001347397086 -0.000225586872575617 -0.0469690437098996 0.0277501525514255
-0.00252046992129062 -0.0145648557620635 0.0544307165730616 -0.0315444738559608
-0.0121422678424826 -0.00215926350613567 -0.00589017965839614 -0.0299473424232626
-0.0103096666620952 0.00648996994463096 -0.0413035086211306 0.00830387171643968
-0.00296410780554644 0.00558692186488534 -0.0385662647040315 0.0562618605295292
-0.00382533600529477 0.00282992156552755 0.00722565573445225 0.0708201479040698
-0.0036096761002584 0.004986096588509 0.0414694334952231 0.0524268630901003
-0.00384659381016624 0.00617023391250674 0.0545080606321272 0.0276067378440093
-0.00677631600787128 0.00878811124768 0.0556806507355029 -0.00321231327009722
-0.00876168919740732 0.00859298594682612 0.0515193833354824 -0.0212949878498368
-0.0125928026831683 0.00667166902092396 0.0500403186621647 -0.031181238557384
-0.0144063430543627 0.000635382956449943 0.0572074430266095 -0.0248925392245098
-0.011202761148482 -0.0065514127928567 0.0608029411030434 -0.012647482312286
-0.010941454138467 -0.0104216862782243 0.0633976782099698 -0.0159137255219736
-0.00690426660536789 -0.0165709682482429 0.070999987961197 -0.023690714599087
0.00532866359065911 -0.0208201346278605 0.0817467762532642 -0.0474213577289453
0.0245190030180915 -0.0259796669777269 0.047406761275512 -0.0243720645945227
0.0083669912622759 -0.0179114621977094 -0.00796766636959906 -0.026367709856616
0.00195225048983232 -0.0108207850771792 -0.0457251168821602 0.00736504259601047
-0.00138991677227483 -0.0128213106543779 -0.0432498085574529 0.0540853030790005
-0.0130113573190886 -0.0123608663877392 -0.00102203913369477 0.0697097279134643
-0.0192949699788332 -0.00443431902514759 0.0337778215161301 0.0565226551904984
-0.0215595317608656 0.00322261297491389 0.0484007885306989 0.0304954040994351
-0.0266558605317853 0.00949189041838451 0.0499769762280818 0.000343324711890969
-0.0300747329710035 0.0101379956091858 0.0431299167972328 -0.0188615545271974
-0.0360989270241592 0.00591211869923097 0.0393103605500521 -0.0325127597121197
-0.0393870604546223 -0.00833521972497363 0.0450941108370998 -0.0343492290094263
-0.029777401710659 -0.0272419439763325 0.0553702398302401 -0.0231307467506135
-0.0151160015978347 -0.0402914912061877 0.0621171213469019 -0.0214075155348383
0.00594131245587447 -0.0467772491326666 0.0662713227742796 -0.0218497473646968
0.0278464338473362 -0.0434949819096123 0.0720013228799034 -0.0402797733364235
0.0504191618723482 -0.0334838519319995 0.0290877328561178 -0.0159847612498773
0.0304272886447039 -0.0325332259077579 -0.0167666231144037 -0.0236985809953936
0.0162230552853288 -0.0302613032555671 -0.0547174523268464 0.00555963038568203
-0.00123819317651295 -0.0335560765904969 -0.0491259978814102 0.0509755891754898
-0.0226399042609972 -0.0275291690804754 -0.00932019434518764 0.0657237508361338
-0.0337834221175279 -0.011989776802411 0.0231616701218229 0.0553449505033642
-0.0369926792013604 0.000704753728365731 0.0363502358608934 0.0317363313959953
-0.0427223090585603 0.00846953341004909 0.0366561696942981 0.00335322942224684
-0.0461596326361426 0.010278977257184 0.0282448581925422 -0.0145209280493624
-0.0539011037206273 0.00504912003800104 0.0229879408784549 -0.0320489347181954
-0.0597707496781808 -0.0132588886711703 0.0292023388605765 -0.040977939108686
-0.0466314156372296 -0.0414418386633394 0.0467807864956311 -0.0340187556837809
-0.0213471521565748 -0.06393455282883 0.0603544679214182 -0.025395681699219
0.0151375251859532 -0.0721912032083826 0.0616374370382503 -0.0156548977237091
0.0463679866798583 -0.06010211683664 0.0574643044705849 -0.0249122131654531
0.0681269639628879 -0.0388726811204678 0.00201250692387683 -0.00565374114026279
0.0480517052525189 -0.0458616519248823 -0.0319716021031501 -0.0189109976363291
0.0257787449032947 -0.0510320396414 -0.0646065262120893 0.00632193990935551
-0.00478593854692968 -0.0523805169113863 -0.05449870748644 0.0457338475447251
-0.0328179191824218 -0.0399693238786696 -0.019805504543372 0.0576854166466353
-0.0460285413029734 -0.0177996057781687 0.00911336293740482 0.0507186986740074
-0.0480025381333325 -0.00189195577591565 0.0193424695775525 0.0307566046814188
-0.0530581600553319 0.0063790949220536 0.0185040020991479 0.00723667357249863
-0.0557915233038183 0.00787908359333118 0.00879947257993783 -0.00924167641164077
-0.0638277015509492 0.00326955108615102 0.00313401082422769 -0.0290979783212182
-0.0701887968553717 -0.017158817763279 0.00952548801480841 -0.0451815248727739
-0.0542683425552602 -0.0493765684261949 0.0360022752475619 -0.0430981904225307
-0.0234854478232495 -0.0767473875621239 0.0574143099130787 -0.0270861161427946
0.0220066905638052 -0.0851497948274913 0.0562949092578854 -0.00671601209666565
0.058307620861086 -0.0670901005477296 0.0371396544896513 -0.00581076023072534
0.073890129406209 -0.0390144793278799 -0.0282556610332148 0.00886168293207036
0.0559417857299548 -0.0538824446889756 -0.0478790782163455 -0.00734243149543703
0.0284358252709137 -0.0645073973092337 -0.0717886705205643 0.00930011196629093
-0.00972867781088551 -0.062891486425258 -0.0577764680108343 0.0368021689433232
-0.039385408599329 -0.0445983167137775 -0.0321385526539136 0.0467231211023572
-0.0518425005226923 -0.0188527910292127 -0.0100563677191287 0.0438518016996885
-0.0518174093231633 -0.00260291114247395 -0.00152373458392077 0.0299457487274531
-0.0546156098181596 0.00360763955113004 -0.0022924432678614 0.00888708721269634
-0.0562085378400259 0.00323014639261511 -0.0118823144854538 -0.00643748106646002
-0.0627104265636275 -0.00211886230712682 -0.015842645901309 -0.0278421726933421
-0.067519446654259 -0.0229590340709639 -0.00814223788052234 -0.0479147598547289
-0.0496961877822803 -0.0538332710280582 0.0261236889105138 -0.0498220821573091
-0.0159200499393818 -0.0776153166146717 0.0543891012051749 -0.025930936053653
0.0306903979990434 -0.0825047576027743 0.0489624206823396 0.00556942589351496
0.0637668825279068 -0.0600037613784791 0.0141801774132213 0.0125571779083606
0.0668528051528696 -0.0336352506780635 -0.0565322958832073 0.0258545330500377
0.052520128272479 -0.0506191145322653 -0.0619420091889058 0.00752368778680427
0.025347427495908 -0.0626007109003414 -0.072644904438224 0.013101049803425
-0.0125541077130708 -0.0585927283504656 -0.0593459647626131 0.0264128233776646
-0.0381125516632095 -0.0400290285301015 -0.0455782354119798 0.0344725593261176
-0.0478614380460582 -0.0162904289225595 -0.0283681766162743 0.0380251392328673
-0.0466410940135755 -0.0024841488888884 -0.0218106351335537 0.0288251965824424
-0.0476997128609836 -0.00017047985345987 -0.0229233115183076 0.0102009523300605
-0.0485730560302251 -0.00231260286838503 -0.0307569612065891 -0.00529998994516936
-0.0520932510215813 -0.00982834198914663 -0.0301007899556119 -0.0299900203889985
-0.0523406078519141 -0.0285568190127592 -0.0186579974321353 -0.0524042354338263
-0.0317642158254205 -0.0526501960944963 0.0207799876127112 -0.0536982592113772
0.0016366120702232 -0.0677769129555938 0.0496129911531306 -0.0218552927820421
0.0392783289288678 -0.06562153462887 0.0386628435040866 0.0137304690628846
0.0602793436809631 -0.0442159232715876 -0.00916191143114306 0.0259028996364001
0.0475923827964942 -0.0203463554095563 -0.0755024206525629 0.0409479791588477
0.0389428534347682 -0.0357896796044802 -0.0683644858804498 0.0214197928736262
0.017709945438983 -0.0453957084997873 -0.0690929118699937 0.0159564374137262
-0.0097861713414801 -0.0412528698933525 -0.0591436503161643 0.0160362947353354
-0.0262612401836246 -0.0283979240267176 -0.055805003047528 0.0252177617203991
-0.0336854291667631 -0.0119849620005315 -0.0438439422114017 0.032945201346217
-0.0337605095037159 -0.00310809168540377 -0.0393523674739502 0.0277648627053485
-0.0337549781430544 -0.00448157145831139 -0.0392457630974069 0.00950715843551162
-0.034033430164405 -0.00732115278376348 -0.0445913455494295 -0.0089779974035138
-0.0343393938203555 -0.0148254409052891 -0.0390240317003701 -0.0361371630075473
-0.0305935187206065 -0.0290124122721108 -0.0218828708147612 -0.0580752962676551
-0.0116369932422147 -0.0438395388007375 0.020598012664279 -0.0561576932962547
0.0165643750738092 -0.0477108585934851 0.0445628541046316 -0.0182318489030958
0.0408885358865284 -0.0399833413237414 0.0263618856336952 0.0177083208845129
0.0483446322463221 -0.0218736649060193 -0.029616818859189 0.0309571445357053
0.0227595113234151 -0.00216714498848891 -0.0821755307703832 0.0511706577802057
0.0223051737964313 -0.0122357863966061 -0.0677905185222192 0.0298082783854381
0.0108923071274614 -0.0187634116651809 -0.0632535381860741 0.017506364997384
-0.00152346688558027 -0.0174372094289046 -0.0580746424761426 0.0115200251265626
-0.00743495617375839 -0.0132759006878636 -0.0603072112083948 0.0217178737174722
-0.0129992024610909 -0.00745241995899784 -0.0517208022997846 0.0306611964384979
-0.0149221029014916 -0.00423064835105289 -0.0487184676742294 0.0264741749505296
-0.0142962191268994 -0.00697589194070801 -0.0490338298882384 0.00755426251688518
-0.014691792124862 -0.00891388250677787 -0.0515601844565291 -0.0141513606356438
-0.0138315585194905 -0.0130860059137452 -0.0411146935474712 -0.0439392687137682
-0.0108680064592537 -0.02150226200903 -0.0177357153065181 -0.06300662692922
0.0015681800530099 -0.0283475210147843 0.0230748422027781 -0.0565492057322222
0.0205085872148704 -0.0255381942756827 0.0399307329758818 -0.0156627654196691
0.0325299615374148 -0.0140042284099831 0.0159405809927626 0.0163543868629338
0.0274765420026593 -0.00066379560259075 -0.0437093797204876 0.0278780939761307
-0.00231621975288725 -0.0138341004953879 0.0527641490730095 -0.0311924216872429
-0.0113273815113536 -0.00253276528409221 -0.00596738680513298 -0.0294511666666195
-0.0101121125948198 0.00625474255784213 -0.0399893827160107 0.00799165887269071
-0.00293525995698793 0.00555355445456265 -0.0378540442273821 0.0547466414562743
-0.00372164532905765 0.00285509034445251 0.00643719051435233 0.0681725363560393
-0.00361024236089634 0.0043951192476506 0.0398864307274729 0.0500885370116713
-0.00415753376840873 0.00604628556393056 0.0530920992796135 0.0262965351584267
-0.00653937360885007 0.00846523541326333 0.0541578365866206 -0.00311428836407107
-0.00896719000076312 0.00870163796513729 0.0496865256565795 -0.0206696452293502
-0.0126188559157252 0.00668056437836095 0.0487049358812729 -0.0300668757753483
-0.0139592839156126 0.000506848591893891 0.0560399731794905 -0.0242819292261938
-0.0109063873611822 -0.00675687447309836 0.059637551596735 -0.0120308544132023
-0.010842961733166 -0.00971610680638841 0.061662365424478 -0.014727576733871
-0.00596606934143192 -0.0159735490424589 0.0693337357939031 -0.0218119705736979
0.00485309476985967 -0.0200809670005565 0.0796834442790811 -0.0452217917256451
0.0234940120229478 -0.02508605081695 0.0461186990123803 -0.0245739852779679
0.00776666073247755 -0.0172938153062338 -0.0072394234665864 -0.0261908190459948
0.00202299415490245 -0.0107053215164653 -0.0448778247788981 0.00671950678913332
-0.00167487721344562 -0.0121859057678047 -0.0422459203240212 0.0521421876200769
-0.0128386135941153 -0.0117922560906828 -0.0016731717022962 0.0672002247214363
-0.0185249763848451 -0.0037310737498034 0.0324831381142496 0.0542334859488864
-0.0211750916187222 0.00362814293613475 0.0470194732132746 0.0294860390810482
-0.0260876847827239 0.0093039885124102 0.0488250128908223 -7.37807131122655E-05
-0.0290332388160817 0.010350839262888 0.0420173781668642 -0.0179115176844652
-0.0350398946165354 0.00553951917311219 0.0382028689679976 -0.0314195388764417
-0.0385980039375082 -0.00777251724503495 0.0440991506569911 -0.0325730536394135
-0.0287326833757235 -0.0261849019220581 0.0539138753391931 -0.0219829119029029
-0.0143590240555627 -0.0388786646519834 0.0608236826931661 -0.0205024119889693
0.00590155979380198 -0.0452126629513715 0.0646103366490744 -0.0208752786740689
0.027628377726634 -0.0420658911425674 0.0706882510033228 -0.0384224977576033
0.048185099501362 -0.0325604453170336 0.0288399120434109 -0.0162905629444351
0.0290067919385516 -0.0307699413097819 -0.015663349536249 -0.0239830114559204
0.0164308057071029 -0.0294788283767894 -0.0537399629083857 0.0045677159586689
-0.00108650445736877 -0.0322221681383947 -0.0484848256032503 0.0487859219773559
-0.0221571670298291 -0.0265292794262291 -0.00952052961741959 0.0632400989269763
-0.032865867801459 -0.0111111770702909 0.0220568405876257 0.0529647653175105
-0.0361445970314376 0.000987362988916724 0.035191479253794 0.031027644417672
-0.0414906577134903 0.0086407784597667 0.0358993203879041 0.00333163992299878
-0.0448403033306235 0.010036802585828 0.0278988147960985 -0.0136202325555831
-0.0522674310121685 0.00575665978367658 0.02276659469955 -0.0304113060323801
-0.05763924752543 -0.0127078999455544 0.0281966846055293 -0.0386029799723593
-0.0450576730322797 -0.0397627464450791 0.0461696421684205 -0.0325672756523583
-0.0206678311541014 -0.0613926475292063 0.0596247436014783 -0.0249763651732243
0.0145703076879339 -0.0694778628037969 0.0600422450704926 -0.0149972486049089
0.0454916904053406 -0.0582945986817721 0.0560188583333369 -0.0237652702635668
0.065603013828799 -0.0375290280153107 0.00294201139165014 -0.00635673890446129
0.0463030226714772 -0.044316977437307 -0.0301711841132723 -0.0190106447812593
0.0253007149417819 -0.049458012925946 -0.0627267265580818 0.0053413363027769
-0.00433991794034957 -0.0510893018371465 -0.0534038250404509 0.0437140606529272
-0.0321269878202723 -0.0385724600381238 -0.019718485040397 0.0556937909245384
-0.044211246106473 -0.0171060775278751 0.0084293628186362 0.0489414407566166
-0.0467137304171322 -0.00121193264424828 0.0191508683990263 0.0298638951228613
-0.0509465152917775 0.00670470063890843 0.0183495298380615 0.007195496938332
-0.0536164902717641 0.00767032540553135 0.00905144392856269 -0.00961985204380286
-0.0616622108517943 0.00353985633172834 0.00377547894910842 -0.0283693960395254
-0.0678943869572236 -0.0157650489597527 0.0092268766143901 -0.0432264225401858
-0.0526878090392032 -0.0479536309444961 0.0358383367301897 -0.041516408916635
-0.0215997135098349 -0.0746448969856075 0.0566378350402238 -0.0264158133268303
0.0212241947819705 -0.0822476429453161 0.0547186183251694 -0.0061452971669155
0.0565688142598217 -0.0645757757592891 0.0367470360708272 -0.00589110595773036
0.071356327466843 -0.0376344857784678 -0.0272974628459506 0.00809406844926303
0.0538785724203594 -0.0519316994652019 -0.0463569975138753 -0.00863861917916103
0.0281320383890259 -0.0619823725228287 -0.0695764683497732 0.00856751247012221
-0.00919759656128146 -0.0608655435204154 -0.0570958800685732 0.0351495683395331
-0.0383716971442508 -0.0431893443424979 -0.0311442481815758 0.0449913827798694
-0.0497658737675141 -0.0176133157342677 -0.00921755044523331 0.0423095875005723
-0.0501826480783369 -0.00220899206725153 -0.00164604806938419 0.0287319762081452
-0.0528719832656524 0.00380896674312176 -0.00284551827687844 0.00862157177213519
-0.0543457990403018 0.00307357240400642 -0.0108440426422596 -0.00593833689028425
-0.0609864669014851 -0.00181814038953711 -0.0149912395850096 -0.026541490326855
-0.0653584145843379 -0.0215266946176304 -0.00805649856055732 -0.045717637369773
-0.0477735121957415 -0.0515566200611131 0.0260964325658615 -0.0479395193599659
-0.0153910831851352 -0.0750617043622547 0.0529379659133877 -0.0248562207132231
0.0296263798571028 -0.0794884904038234 0.0477373454067411 0.00531855605103034
0.0615066265273357 -0.0581302632199492 0.0138537110820867 0.0124333370791224
0.0644474836909923 -0.0320755206312017 -0.0543737417732435 0.0242209221135401
0.0508510260732383 -0.0488645996393323 -0.0598673552071078 0.00647590569484685
0.0245685446687135 -0.0601759221296441 -0.0707927010610499 0.0121358934716366
-0.0121376253643525 -0.0565799503306394 -0.0573003562787641 0.0250939668025741
-0.0371636242582924 -0.038061875429067 -0.0438987218575497 0.0331787969447556
-0.0462008429263979 -0.014697256041638 -0.0271948432018807 0.0365033052349401
-0.045217343911127 -0.0020914539226447 -0.0213731986020947 0.0274129530901456
-0.0461050427339492 0.000475500323631825 -0.0220581624433677 0.00992336011359351
-0.0468444126389937 -0.00212421705342819 -0.0292432334983812 -0.00485608313472579
-0.0504807885220487 -0.00866706780697142 -0.0290672184493276 -0.0287205254500451
-0.0505543222298742 -0.0269658372170526 -0.0183018398123943 -0.0500810953991075
-0.0306073893110819 -0.0503801767220263 0.0203722258417848 -0.0522261998269969
0.00188494587565959 -0.06523563398291 0.0486339901226174 -0.0209878010630384
0.0379175362699868 -0.0633246327740224 0.0378439656546642 0.0133444511397679
0.0584343248348545 -0.04270762953418 -0.00880361677879957 0.0250104026646476
0.0459482059282837 -0.0196377759873108 -0.0732436963273819 0.0383669531060558
0.0378816340610301 -0.0341306482078372 -0.0659803012876644 0.0195054183242984
0.0173716915382587 -0.0432546855343 -0.0671224919494736 0.0149965251137782
-0.00910022349740564 -0.040232114560239 -0.0578688670197785 0.0154437798356492
-0.0255514767898069 -0.0270951056992342 -0.0541636754333148 0.024296619841573
-0.0326168746021109 -0.0116071773825852 -0.0425202174083695 0.0320532728308331
-0.0320946171047523 -0.00263078115216178 -0.0380921615771345 0.0267995317964378
-0.032321507805812 -0.00389898769269208 -0.0380797010407005 0.00906844408227658
-0.0328420949553792 -0.00682603799675884 -0.0424628299389211 -0.00803065882254077
-0.0331131636703603 -0.0139830998812242 -0.0378845437985228 -0.0346664416580455
-0.0298295610188733 -0.0275726661714299 -0.0212312090605161 -0.0552773390485454
-0.0113758428468357 -0.0423170626750084 0.0202127211856344 -0.0537979833480295
0.0158625425265751 -0.0458445637380685 0.0438571734463069 -0.0174803242440586
0.0392882046724539 -0.0384897595769087 0.0256705000572366 0.0172811880276847
0.0464667615086325 -0.0208400043833775 -0.0290574919645407 0.0299308070185121
0.0220481456792806 -0.00177558741622159 -0.0806789555248695 0.0490889359396259
0.0220583264611703 -0.0115189501577214 -0.0660308999647347 0.0280452779781511
0.01072427161746 -0.0177777963845506 -0.0616549384005664 0.0164460395484952
-0.00153749331823482 -0.0165968228434914 -0.0570215333294413 0.0111454101878857
-0.00673148524708032 -0.0124713888522362 -0.0583315097180438 0.0208709469080303
-0.0124006365801229 -0.00717857241824582 -0.0505648510273691 0.02983964326286
-0.0144980423044692 -0.00411798653087601 -0.0473859279396407 0.0254604270348824
-0.0136977414267615 -0.00720423871130216 -0.0473472977197153 0.00751350819898699
-0.0142967394343558 -0.00818012508950263 -0.0501145644311978 -0.0136946287825173
-0.013426999879165 -0.0129540681286506 -0.0397397676037875 -0.0421976378899488
-0.0102810632537715 -0.0207943980456692 -0.0168090484967878 -0.0602795628402812
0.00151401777171946 -0.0272012995498492 0.0231195150391586 -0.054404797243771
0.020427537327804 -0.0243516901568028 0.0397097273515779 -0.0150324002558769
0.0314303631088187 -0.0131845346416772 0.0150113990899195 0.0157693707213556
0.0268541532568759 -0.000856031595445642 -0.0422869334961393 0.0275030178186819
-0.0011061416315938 -0.0142391741646228 0.0578907472740142 -0.0240899665343599
-0.0108033568322955 -0.0046902320843493 -0.00152302638014752 -0.0304616375275258
-0.0104328393055018 0.00445803947765761 -0.041636638818854 0.00088316791844825
-0.00420541880168755 0.00443658641763179 -0.0446230178664494 0.048307018485592
-0.00475148138657857 0.00260151690197102 -0.00363018903347664 0.067547965336498
-0.00458794613375372 0.00331450465734909 0.0318648285204071 0.0548822277375865
-0.00464399659084374 0.0052264187255004 0.0496353723066993 0.0325690346786225
-0.00758156054205002 0.00659802433102721 0.0547771983728796 0.00503683826948898
-0.0100235953443908 0.00654093472097429 0.0529818688978413 -0.0125321371372955
-0.013211803502579 0.00397880567431227 0.0531949089390226 -0.021446503571195
-0.0135322677408527 -0.00311346472673211 0.0598955107919852 -0.014299538032335
-0.00961809345256517 -0.00911672765559407 0.0620256544970898 -0.00210688068453293
-0.00800287963482089 -0.0124620387517171 0.0637653918113011 -0.00370003462439646
-0.00313270328823791 -0.0169752675396725 0.0715971657248837 -0.00928267668088064
0.00840057956030696 -0.0202580842402443 0.0875036903053887 -0.0313993624801875
0.0260841317264534 -0.0217201924090156 0.0497326399202317 -0.0165407988891228
0.0101378321305398 -0.01588820993777 -0.0029881944823128 -0.0266469114134764
0.00395945624632765 -0.00987915542775733 -0.0448710995717893 0.000733277085455722
0.000658213635816792 -0.0124676505799123 -0.0487929173685529 0.0454638562293277
-0.0106846451951938 -0.0132515396382253 -0.0109540606005998 0.066204085124519
-0.0179379879732376 -0.0066154476592497 0.0249870507801899 0.0577714795580594
-0.0208737476961339 3.91976402974604E-05 0.0432005402807272 0.0349641313261327
-0.0272952126231021 0.00459493242494242 0.0480901897084037 0.00764553289405836
-0.0301477817369054 0.0047905645995121 0.0449132396299156 -0.0114459428042937
-0.035033402726315 -0.000101087404424352 0.0435095106559566 -0.0240171745773722
-0.0359168547551908 -0.0140115053038659 0.0490144601035332 -0.0245226629559048
-0.0239981152252295 -0.0314172337585586 0.0587385184571982 -0.0125053158071188
-0.00760411123912324 -0.0414752013316956 0.0633157330414487 -0.0091105930517075
0.0135317243354808 -0.0441443296820611 0.0668456723431697 -0.00920326169106826
0.0342722813253638 -0.0379941647372203 0.0771031437933374 -0.0262572519884042
0.0513720976964747 -0.0254285392425816 0.0314532014784051 -0.00819478613671546
0.0335983184488698 -0.0259563939624812 -0.0114111374703489 -0.0250691541838068
0.020258906502558 -0.0266699749261757 -0.0529765032483088 -0.00149430170873494
0.00395894357562499 -0.031370352987394 -0.0533138395894248 0.0431408727293445
-0.0177729080969283 -0.029118010474876 -0.0173315466768421 0.061938137637698
-0.030172296291077 -0.0160989452128436 0.0165295604536531 0.0547050697548937
-0.0354129785462567 -0.00483544289416066 0.0321707274801075 0.0349485069041329
-0.0424409204574037 0.0015924096241104 0.0348642721580636 0.00893919730803663
-0.0451138188769161 0.00267020899387625 0.0302042674638842 -0.0095277066907961
-0.0520984966224702 -0.00242248092484026 0.0274763818059221 -0.0252846973710978
-0.0542590171607835 -0.0217324890524665 0.034034832506822 -0.03259545741079
-0.0377442317896706 -0.0473685342270832 0.0517518560455654 -0.023851049850945
-0.0101985529625043 -0.0643090784894385 0.0623120156038272 -0.0135593024387022
0.0259478379092544 -0.0659281306527918 0.0605378138094245 -0.00405282355391179
0.0544908711569132 -0.0501448710915647 0.060093887089834 -0.0140641928643494
0.068905452202337 -0.0277394611303362 0.00363616622679907 -0.000670472094433581
0.0527277039673815 -0.0364466655527645 -0.0266525565092084 -0.0210404487102024
0.0326805876692146 -0.044621976533222 -0.0621957627019671 -0.00102929585698644
0.00382278195465387 -0.0500202437833103 -0.0572120570434781 0.0380517523745843
-0.0248217840056415 -0.0420473605118261 -0.0251841437387059 0.0533864004852153
-0.0403450361095332 -0.023392798304754 0.00294097169105902 0.0489372421833155
-0.0457722463104958 -0.00869501160585806 0.0154867210158183 0.0325576166252762
-0.051460704737936 -0.000933945006125209 0.0166420558456791 0.00930920041411108
-0.0536723151715204 -0.000603863264823126 0.0106303019499788 -0.00724736312391615
-0.0610244328151931 -0.00561596435361116 0.0086292518400148 -0.0261003655558026
-0.06386076571062 -0.0261122632395824 0.0158631095987448 -0.039059440823377
-0.0442812613950128 -0.0561820158337263 0.0428751932925185 -0.0336813991888581
-0.0102110660713738 -0.0767418145562107 0.0599182312804947 -0.0155531818635045
0.0344265941965419 -0.0770846219902949 0.0534275089272326 0.00355635300221119
0.067288416598826 -0.0546340677396467 0.0367594079082332 0.000241619937749779
0.075312544063255 -0.0275940738572044 -0.0284671264805972 0.00937510039088968
0.061076774935266 -0.0425090452848678 -0.0447653266154399 -0.0122963393616396
0.0373772625891575 -0.0569401905147133 -0.068165244381319 0.0013340800473425
0.000961880906932219 -0.0608486024301946 -0.0589101740635489 0.029182783958683
-0.0301651859917719 -0.0477829710089367 -0.0354054714500829 0.0412357480227448
-0.0452891661393551 -0.0250740850954904 -0.0130521672472997 0.0398443706016134
-0.0487230127335357 -0.00987113829772113 -0.00369887417262902 0.0287728275174622
-0.0523707963083524 -0.00461287477690585 -0.00373448309682193 0.00848988740042828
-0.0529337083061451 -0.00519030845358328 -0.00956239257299736 -0.00676145784193137
-0.059470520068735 -0.0111990594779264 -0.00966321788179836 -0.0274062380411972
-0.0603381143144363 -0.0308466472549115 -0.000205346843207814 -0.0449620212987563
-0.0389413068841944 -0.0588731354797013 0.0341336695196892 -0.0421095542490409
-0.00302536589580633 -0.076962401039532 0.0567509125217547 -0.0152102476920173
0.0422099742878151 -0.0730501977563123 0.0443103485643765 0.0135762544001764
0.0712912330114209 -0.0470929016737263 0.0106011221013126 0.01427916548971
0.0677383574136525 -0.0230158151926894 -0.0575486428037592 0.0212866667100493
0.057474988605406 -0.0407265062240904 -0.0594232883312951 0.000228359890620171
0.0340483301798498 -0.0550336580367339 -0.0695597175864829 0.00467613892276693
-0.00273461402224021 -0.0574992003422325 -0.0585183991690993 0.0184130757875876
-0.0298913269497323 -0.04331164990087 -0.0463262432643642 0.0277954335577749
-0.0423255659008922 -0.0213103227979871 -0.0303195273374901 0.0313743210587932
-0.0445900509904373 -0.0087597021856954 -0.024139550520838 0.025128565022199
-0.0459853285275185 -0.00683158557296265 -0.0232641709248711 0.00630309676461876
-0.0462179201580414 -0.00902696880729658 -0.0277392356488581 -0.00800059165776025
-0.0484229724571702 -0.0159287788682324 -0.0238942386120084 -0.0321199087468096
-0.0453139640542964 -0.0339187765753927 -0.00946187781234474 -0.0509183051659834
-0.0222840770124837 -0.0556386942903929 0.0295359197962941 -0.047341367463276
0.0124398645794237 -0.0636501363007166 0.0513335789339247 -0.0124826177466178
0.0476412008569167 -0.0556959854611752 0.033235879454942 0.0192596925628248
0.0651017278205126 -0.0316012949333958 -0.0143591108588041 0.0233769158254283
0.0482316941733051 -0.0132336983347483 -0.0791225985789995 0.0325443297106676
0.0430565297003455 -0.0280162681064566 -0.0686421024874866 0.0124453197674899
0.0238668943214183 -0.0393874139759054 -0.067270809936575 0.00702732790202824
-0.00271247729940413 -0.0405843561449733 -0.0574785655272222 0.00832617451648352
-0.0205040714412104 -0.0307045640896977 -0.0549557191243499 0.016980739996643
-0.029885413726104 -0.0156784058194937 -0.0455281772333717 0.0251176315687075
-0.0317514694147329 -0.00749583413473821 -0.040309474690968 0.0222213016612868
-0.0318128760734632 -0.00883315881452409 -0.0391554562324642 0.00389017072076289
-0.0311047071360023 -0.0109732332106343 -0.0405087235112059 -0.0145118849235092
-0.0304553069530121 -0.0180803745018654 -0.0311107231675194 -0.0391820960259239
-0.0253139317460964 -0.0313637579329642 -0.0120139154118494 -0.0573598782606516
-0.00487553417462781 -0.0435188785132855 0.0287855800510176 -0.049393428644265
0.023359092606487 -0.0433315183811776 0.0456723649171453 -0.00995981594997663
0.0446942853243443 -0.0308704225572873 0.0212556959743216 0.0202620381850771
0.0502537788617368 -0.0120404652677828 -0.0351992111511716 0.0247907714056128
0.0219800884534803 0.000669992766172319 -0.0876877832040284 0.0387566580901723
0.0229225485548928 -0.00837993599179303 -0.0702205250104149 0.0193642114570616
0.0132510326117911 -0.0159734459936614 -0.0636202393902082 0.00804350260201589
0.00126852554523156 -0.0164993271722218 -0.0569495794349401 0.00323986780174194
-0.00531876695352967 -0.0135111760488424 -0.0594796414097179 0.0128182019103617
-0.0107873849493978 -0.00842856069500158 -0.0545714238051651 0.0221865205501758
-0.013374965645029 -0.00551288207719121 -0.0503306590172302 0.0199397285194246
-0.0132643841218446 -0.00849996285780443 -0.0480442802176715 8.14534990246659E-05
-0.0125751947998876 -0.0101391891776126 -0.0469572439103882 -0.0201273807946687
-0.0112725822582952 -0.0142194637926551 -0.0323200300642285 -0.0478215278668027
-0.00758690763174187 -0.0213975578311214 -0.00682148580460523 -0.0620084403876906
0.00524285984039866 -0.0270859598861666 0.031680389615206 -0.0500743467722677
0.0238299616224416 -0.0213009975282352 0.0418788920607408 -0.00860565963417224
0.0323735188910137 -0.00754740318330084 0.0117677333696073 0.0170901486862412
0.0261828108245126 0.00505692742136136 -0.0471427893726516 0.0200071212176475
-0.000940437865189948 -0.015051472817092 0.0594199104084077 -0.0249299285211643
-0.0113814120164707 -0.0048105270317457 -0.00137302896815062 -0.0323081876270357
-0.0106892297764887 0.00431427762397612 -0.0430746430662195 0.000927404796896344
-0.00458720335144358 0.00461652662080426 -0.0463531193716529 0.0493727794269979
-0.0052498724587916 0.00241684735431348 -0.00397950687625521 0.0694320399756791
-0.00428558641058493 0.00341373789281196 0.0323572490947687 0.0557311445008413
-0.00477860656425406 0.00502793283782171 0.0508767135233907 0.0329728064988747
-0.0078833716935366 0.00689223382045807 0.0566251922606682 0.00481979765720071
-0.00998450042256152 0.00724023214906184 0.0551046143428182 -0.0129753918312848
-0.0134479771292508 0.0046137019858102 0.0552025416067046 -0.0214463329177869
-0.0141120298665716 -0.00275970452678454 0.061163774629263 -0.0150827579284124
-0.0100617678403853 -0.00910913064502878 0.0638311652680773 -0.00161651067132707
-0.00864033614916121 -0.0129697116657317 0.0652724942986567 -0.00386376587679543
-0.00336779446312217 -0.0177413769320653 0.0745937465230873 -0.00862822318123552
0.00879921897291387 -0.0214798251350376 0.0902239616057163 -0.0313064714924558
0.0265702553974689 -0.0219669591753675 0.051386213018406 -0.017267534854462
0.0107537635153724 -0.0162178433356069 -0.0028416748192173 -0.0283489641084171
0.00367299494385312 -0.0102971020755586 -0.0464638305875362 0.000171191494841479
0.000605913475475253 -0.0127701816063441 -0.0503416175718751 0.0466839388130471
-0.0111977004171931 -0.0136535452498134 -0.0116247579815707 0.0675916961879653
-0.0183397406188802 -0.00621178289071936 0.0251688459409519 0.0581908337658519
-0.021608945881589 0.000268806315293871 0.0449356665099606 0.0347529990865589
-0.0276774102376552 0.00446138970880965 0.04968519802643 0.00704554676830349
-0.0305871098232963 0.00524506946074052 0.046189528821027 -0.0117947068647425
-0.0360337019228623 0.000822615398355682 0.0450557603273032 -0.0247430535805294
-0.0370131821533319 -0.0143170029223243 0.0507152414436404 -0.0248723988908238
-0.0246733438973227 -0.03236652274918 0.0603625797029234 -0.0123891718256934
-0.00790692674001361 -0.0425569919396257 0.0653406287516793 -0.00932554522975983
0.0140357852059708 -0.0447514017506226 0.0689406717949694 -0.00881838394213119
0.0360419963195701 -0.039025390366534 0.0790562685086413 -0.0269438967362807
0.0526932620088241 -0.0257016801473094 0.0321595623347118 -0.0090427292456532
0.0344275703159905 -0.0263786385168604 -0.0111052245385388 -0.0264365035078574
0.0212450005995892 -0.0273790411452544 -0.0549991050907304 -0.00197823943346446
0.00431638569499186 -0.0322644270858257 -0.0550703209845048 0.0441906513745411
-0.0183492495742074 -0.029566780440412 -0.0181681327205719 0.0631169200894845
-0.0307882283876887 -0.0166172804769675 0.0165480494886634 0.056073340823179
-0.0364495626175539 -0.00490069479911978 0.0330173149320914 0.0352619592258954
-0.0434468559373306 0.00237388677950294 0.0360065731374298 0.00878540335713827
-0.0463635320542959 0.00304846970388496 0.0314056617543024 -0.00993046133452218
-0.0538559973528896 -0.00209405769851545 0.0286154947578021 -0.026444005960228
-0.0558158558104319 -0.0219784343895573 0.0349866478414086 -0.0325306554754885
-0.0383203910650655 -0.0482651608785908 0.0539281087623735 -0.0243303210683592
-0.0103088437900405 -0.0662646315987386 0.0642307794325373 -0.0142644121345759
0.0262220774142841 -0.0674202295379152 0.0633203706700349 -0.00422682437858976
0.0571220365740794 -0.0516516883348669 0.0609013802145124 -0.0146138774648244
0.0704528401559449 -0.0285644455164748 0.00400202675347865 -0.00071547637692895
0.053917397950893 -0.0371728382270142 -0.0267285561358894 -0.0226575994698036
0.0342243385541045 -0.0453617276755789 -0.0641239014464747 -0.00151312186949311
0.00396473138352132 -0.0517288822350753 -0.0593743463024974 0.038308648473114
-0.0259295075209587 -0.0427678632297775 -0.0264890079507506 0.0545578165099204
-0.041149246002589 -0.0233019650262268 0.00287819904198177 0.0497167759815273
-0.0466339832079415 -0.0087245747099977 0.017154073363762 0.0326906381206312
-0.0528070733290885 -0.00119017811281725 0.0175384710272433 0.0100928952018048
-0.0552816866913398 -0.000132623933904261 0.0115173870339691 -0.00774797368579211
-0.0630259191629301 -0.00482785659189024 0.0092813403775045 -0.0270219672015221
-0.0656061799698228 -0.0264842367644199 0.0162155977067706 -0.0394930593960607
-0.0455290398804791 -0.0576224236548389 0.0445692880362898 -0.0352549217932042
-0.00978143037814639 -0.0785500232265015 0.0619476558515384 -0.016639658056457
0.0352622211805299 -0.078941887539501 0.0557674186280985 0.00314318257715578
0.0692871375835421 -0.0562362424564089 0.0375699820798469 -0.000738938344583451
0.0765646829443657 -0.0285032534442446 -0.0291622055737539 0.00952819892650032
0.0628049939641027 -0.0438021853396829 -0.0449484735153966 -0.0137957248484422
0.0387788749468679 -0.0577831177723021 -0.0698199166987626 0.00108783002132095
0.00066702351374481 -0.0621721317160462 -0.0608561387816654 0.0290378610449514
-0.0316391209658867 -0.0486669313713941 -0.0364230062748755 0.0420815452348944
-0.0461698833401071 -0.0249675121254275 -0.0133113106019867 0.0405787682851911
-0.0501700211906366 -0.00952800120196734 -0.00422278101683309 0.0296583085972648
-0.0545081423941192 -0.00431291599116223 -0.00292443886160646 0.00880546290487598
-0.0554796213930058 -0.0046261813454229 -0.00985119325091532 -0.00761676715316261
-0.061519767832928 -0.0103734393841392 -0.00971921777101339 -0.0284321266165498
-0.0620899430156008 -0.0308163044415386 -0.000435914128662331 -0.0454607534599628
-0.0400145559638775 -0.0603147476977214 0.0357069507598407 -0.0431061044371799
-0.00277992745394957 -0.0783995049878426 0.0587927973804708 -0.0157662822886396
0.0432291705415442 -0.0747925358236355 0.0462648528969055 0.0132295830844948
0.0731695181749668 -0.0481624240832515 0.011427528399891 0.0148813280467035
0.0693513269815534 -0.023916245766821 -0.0597309962236623 0.0215529601084829
0.0586645668652903 -0.0414033362323473 -0.0605755396737925 -0.00112369900683382
0.035198472007482 -0.0561221177028736 -0.0714303801785567 0.00489441898840235
-0.00268616257452418 -0.0585739536419219 -0.0601585299494856 0.0184853387498862
-0.0308948476531557 -0.0445538064123418 -0.048257804667566 0.0277737310457209
-0.0429432861926711 -0.0212556680848012 -0.0313033531799739 0.032471800087156
-0.0454182393080137 -0.00826036190033637 -0.0240480356969312 0.0261028538372279
-0.047191555307698 -0.00703376023497997 -0.0240808850380797 0.00741418677297811
-0.0469188643020642 -0.00882072980136257 -0.0290695039065628 -0.00971764740265903
-0.0497306909017732 -0.0155578792616339 -0.0241939697241456 -0.0328412590202385
-0.0463278497250747 -0.0344845688452638 -0.00964485841685057 -0.0516868581528188
-0.0230139878350906 -0.0562034602877088 0.03049405733964 -0.0478910908319695
0.0129388430890277 -0.0656185917254253 0.0532556918364885 -0.013509440535222
0.0488053875339217 -0.0572400979350934 0.0348827402214083 0.0192818089157546
0.067321063017748 -0.0320503434184246 -0.0143488594486628 0.0238158865735288
0.0492506861629079 -0.013799488836438 -0.0813438908107677 0.0321834030670715
0.0438381960209421 -0.0290327541440128 -0.0702363552849067 0.0119726191575933
0.025031200250153 -0.0408403614777017 -0.0691556181386233 0.00716923810685009
-0.00259624381466793 -0.0414444375770465 -0.0585869514871356 0.00824784900382392
-0.0212638317102293 -0.0309613760991715 -0.0566415882778048 0.0175169800345022
-0.0302627797965726 -0.015280605340623 -0.0465008498989684 0.0256170236489999
-0.0320604371868917 -0.00711186011637695 -0.0415118643835489 0.0233274689264012
-0.0325752021451338 -0.00913048610784139 -0.0404812642275698 0.00459129274209882
-0.0318620355951811 -0.0118404825550273 -0.0419162614424876 -0.0138611208287991
-0.0319096402799902 -0.0183653666452125 -0.032282891049848 -0.0399424189488002
-0.0262118550316771 -0.031528101299343 -0.0121760839946044 -0.0584545580446637
-0.00531667998974159 -0.0449487461053406 0.0304672164732488 -0.0510832769270093
0.0240112413780008 -0.0441323489408958 0.0480608653810476 -0.0106189334587292
0.0461702368478223 -0.0316896792139853 0.0220753891721556 0.0204195348219938
0.0514072683315123 -0.0120719172196315 -0.0352145714712288 0.0255368152208862
0.0226046040343989 0.0010259891600866 -0.0897001315807288 0.0393510263359372
0.0236382050763893 -0.00842036901266284 -0.07253860741839 0.0197660340299817
0.014043412430653 -0.0160003105275987 -0.0653420474790792 0.00769494025739059
0.00165994831866366 -0.0168795129228586 -0.0590200829912245 0.00364911908048309
-0.00493323799140907 -0.0138763147689204 -0.061906000468879 0.0132907248496229
-0.0106266486150915 -0.00773555883913156 -0.0557164982858162 0.02314254961131
-0.0136497096358322 -0.00556846692278798 -0.0514015141151625 0.0210016604974662
-0.01326381952887 -0.009306429754272 -0.0493181909383777 0.000695437577042259
-0.013126424884978 -0.0109419869136625 -0.0485551030099533 -0.0202178888798094
-0.0115349226039685 -0.0147933767826794 -0.0330916244522045 -0.0483496327454297
-0.00773844021231093 -0.0219733480290205 -0.00659647213505427 -0.0630547921711744
0.0050964797806156 -0.0274702578412351 0.0331476683918383 -0.0509057277918473
0.025175774268182 -0.0213725556358868 0.0437024567523895 -0.00859068887630026
0.0338158770056593 -0.00745480298634052 0.0124586528317835 0.0169071477006992
0.0274153493816986 0.00426437683773143 -0.0486700741782472 0.020902054708463
-0.0021725148437383 -0.0150325402524277 0.0595261052162886 -0.0292973426573599
-0.0121688941031857 -0.00425303608831726 -0.00255419796747724 -0.0338188854688953
-0.0110683853728661 0.00509727350159218 -0.0444414299937369 0.00197438906492521
-0.00405436817564075 0.00510223296090198 -0.0458062087865057 0.0524336945748242
-0.00529502770688683 0.00309052063414094 -0.00200773500228069 0.0714755006305685
-0.00465398202265758 0.00373157834784733 0.0351300642137057 0.0552411152004714
-0.00470885316512038 0.00522179513883472 0.0538752234708895 0.0308523696933654
-0.00798814771864842 0.00780347374720909 0.0587528831452888 0.0018869819608258
-0.00984058585869511 0.00784128846701649 0.0565260276020711 -0.0162497809110901
-0.0135133328091752 0.0049978166147539 0.0563718350788799 -0.024898503402843
-0.0146327869975603 -0.00223574074892207 0.0623643469170587 -0.0179521168956603
-0.0107608843594483 -0.0098402225332932 0.0662891864081342 -0.00383691114187856
-0.00919676653290548 -0.0129848640342721 0.0667675010594526 -0.005738645987409
-0.00369450978792292 -0.0180270085628405 0.0767367697341733 -0.0111007067309874
0.00804058838749557 -0.0221786423109254 0.092318790500016 -0.0361521540567541
0.0263720898885976 -0.0236859958221726 0.0517712432192162 -0.0206873624513273
0.00991302584966336 -0.0166696827339589 -0.00365051070400772 -0.0302654912262384
0.0039121707731396 -0.0109533902508671 -0.0485891466014423 0.001316792966112
0.000519107406021718 -0.012987963133759 -0.0506814070066891 0.0493174978404124
-0.0121697194771565 -0.0132548008032259 -0.0100487508288119 0.069766036383427
-0.0188191383394231 -0.00569618526113658 0.0280546495425689 0.058529616366887
-0.0223062214276091 0.000809499756207076 0.0475631006734446 0.0341288125835938
-0.0285925669166676 0.00632830292384945 0.0516620025072265 0.00483565919951128
-0.0315235960673305 0.00657509225416822 0.0474349378360255 -0.014389084851542
-0.0372666875662954 0.00240326978507329 0.0456256344560744 -0.0274622103844899
-0.0388919463344689 -0.0135215019152703 0.0516026681304136 -0.0270169835473914
-0.0272290145895168 -0.0323443745725243 0.0619082582906399 -0.01467663913863
-0.00920535508906581 -0.0438977816703696 0.0667451769836997 -0.0120634407173518
0.0128783077367675 -0.0466542515703328 0.0711924634973923 -0.0112247560082175
0.0350118243847882 -0.0422112834955624 0.0806746322872656 -0.0311378877940357
0.0527622363515843 -0.0283618995243924 0.0326719402335206 -0.0119273408049381
0.0341667332131852 -0.0282807740097763 -0.0118198066074298 -0.028253460508786
0.0210126302623817 -0.0282836705260443 -0.056816463986181 -1.48467485141962E-05
0.00311294952711337 -0.0334627494599434 -0.0558386280065285 0.0471197551377242
-0.0200838082679732 -0.0293001863280408 -0.0168836514355859 0.0655245408677861
-0.0323388702130804 -0.0155521621618948 0.0194129080253375 0.056262385132378
-0.0380018394134559 -0.00321203318700365 0.0355342794397811 0.0343683955185677
-0.04499417659817 0.00452796750158587 0.0379145983864687 0.00732329409447911
-0.0481349319561489 0.0051010620703792 0.0319490395581186 -0.0121564113921585
-0.0557383636844034 0.00056737953273418 0.0292020807702399 -0.0277675891492273
-0.0584694800904824 -0.0200139181148847 0.0353693936487366 -0.0344258766295585
-0.0421523630390226 -0.0481768515972203 0.0547833783054562 -0.0266998540863878
-0.0129777889686249 -0.0676242697365221 0.0665270711067728 -0.0171627706588258
0.0246916053019725 -0.0706909474952906 0.0648987582171863 -0.00604011944788116
0.0573348123517121 -0.0562206266004673 0.0627267583785636 -0.0181131639978546
0.0713982195047414 -0.0315008352194177 0.00378280856167221 -0.00240778075580246
0.0537807294068519 -0.0404553989642364 -0.0277346589998295 -0.0238621625037464
0.0336053838796276 -0.0476575558334073 -0.0661224813601255 0.000506957300077527
0.00189975912302694 -0.0524920759141009 -0.0598451343582779 0.0413462403941057
-0.0287391446725947 -0.0425578302912941 -0.0254136070970633 0.0564767964621428
-0.0426809775215519 -0.0219499526506233 0.00475996333726671 0.0506111130429337
-0.0485481115499486 -0.00640440330193014 0.0185560126344321 0.032826554882011
-0.054929752667155 0.00133616039979334 0.0184985468954254 0.00883910311175948
-0.0567412709141524 0.00222266774328144 0.0119301068584558 -0.00873218189844889
-0.0649543158601859 -0.00213641424345686 0.00922854212834302 -0.0277220137758825
-0.0687403106292136 -0.0242456565082035 0.0159570198458106 -0.0407315264328047
-0.0490420601764337 -0.0570648469989774 0.044879937526035 -0.0374241749559411
-0.0128770258021814 -0.0806499393515498 0.0639263402799684 -0.0199141989932574
0.0339068933299492 -0.0822615155453796 0.0580005425134037 0.000949790644063266
0.0696483211510061 -0.0606223212363249 0.038848141170036 -0.00198608659984426
0.0778719123259538 -0.0317052947930813 -0.0293033389249467 0.0100408078586398
0.0625914866092355 -0.0477351398334182 -0.0465823709688389 -0.0135083071954406
0.0377964754188095 -0.0610258738732918 -0.0723058999184976 0.00340396160421793
-0.00198627726142935 -0.0640825900898582 -0.0620149314416133 0.0321261340900447
-0.0344577306871376 -0.0484207869515563 -0.0360277911532917 0.0444243409588258
-0.0481674070431126 -0.0233117407598275 -0.0121115574904767 0.0422994766001172
-0.0514516982640878 -0.0074356188812691 -0.00295747718678792 0.0302214474595107
-0.0559089544125165 -0.00158618540605411 -0.00328267884697088 0.00952268717767283
-0.0569265595268034 -0.00210065706581938 -0.010273182157014 -0.00702173731156489
-0.0635131203796579 -0.00721363775048433 -0.0108376989398517 -0.0288989525981066
-0.065191367636361 -0.0284695439316289 -0.00141873749921986 -0.0462704349601071
-0.0437508273989009 -0.0600676533675393 0.0355544420422812 -0.0452300004382426
-0.00562279376501977 -0.0807467306872341 0.0607531944793321 -0.0190477517724616
0.0416602295120143 -0.0787744628733556 0.0478931220658981 0.0119196715620927
0.0744722706528668 -0.0530176446343142 0.0118757219879699 0.0140337237263231
0.0702011897767555 -0.0270001347170528 -0.0601146621401453 0.0243194802457835
0.0586476627581137 -0.0445402950995126 -0.0621182529794464 0.000160536809150791
0.0343936217910287 -0.0591405488792813 -0.0742907122976974 0.00685092006360313
-0.00513063851666871 -0.0601344308606893 -0.0616981514094962 0.0210577325117862
-0.0338313082852449 -0.043923447639018 -0.04811194270286 0.0302764120956701
-0.0440037134458567 -0.0201241934897167 -0.031314409835289 0.0340200172394695
-0.0465470760537012 -0.00629273898722205 -0.0241794666157516 0.0283206756261786
-0.0489405212229335 -0.00488672528829569 -0.0247044794203245 0.0092850402076883
-0.0487496821653814 -0.00641136460628349 -0.0291754099059042 -0.00742240348389034
-0.0516063009196268 -0.0138062442156759 -0.0263032063910364 -0.0325783565105002
-0.0490077390669487 -0.0331929684888767 -0.0120379070518697 -0.0518945565274122
-0.0265959066188554 -0.0566568029309012 0.0301828865864042 -0.0502470281010179
0.0113282372412561 -0.0678623412254754 0.0558855883832655 -0.015979703970541
0.0477812733910667 -0.059853091650848 0.0363929232951584 0.0185802856386399
0.0682690505047269 -0.0360627686196692 -0.014571820918922 0.0249121709149711
0.0500795759397401 -0.0163471701861411 -0.0825902923727462 0.0364306244580795
0.0436599016012366 -0.0313406560666745 -0.0716350344776251 0.0135075163687835
0.0241552724814793 -0.0426693944846758 -0.0709538737326986 0.00945454708392791
-0.00504994510337957 -0.0421869738442085 -0.0614907209147943 0.0102036050474735
-0.0229905676422033 -0.0311209870777385 -0.0580423777052408 0.0192540988820131
-0.03098078174565 -0.0142967131239599 -0.0472266382328531 0.0285488361604083
-0.032913526224965 -0.00565692563849435 -0.0414807581506619 0.0260604976144462
-0.0343732159614726 -0.00798432839525938 -0.0407779895567415 0.0066754832459332
-0.0334771541102903 -0.0107240008411063 -0.0437811925022147 -0.0121377189825851
-0.032908569940335 -0.0170659378727959 -0.0343851615258052 -0.0398629037742692
-0.0276722415398323 -0.0314371913983561 -0.0149610986177111 -0.0588411214538349
-0.00742586578640899 -0.0452261929795539 0.0297689570339775 -0.0534096134800133
0.0238619270853396 -0.0460194909838782 0.0498269844670846 -0.0127732417599819
0.0462374491768433 -0.0338821745770762 0.0241875386341371 0.0204761258363734
0.0525446351709524 -0.0142654862560679 -0.0357979175682482 0.0276598177762192
0.0228324354552862 -0.000358190570671843 -0.09171470847894 0.043887014580976
0.0238800243214876 -0.00962961600026008 -0.0742471966707703 0.0216289029399108
0.0143031910472889 -0.0167663566820075 -0.0669432725239166 0.00988842730976017
0.000251462619577484 -0.0172085896902537 -0.0606588257739376 0.00527471590376757
-0.00592667452026071 -0.0140511894098789 -0.0633730682184782 0.0159105955751633
-0.0105676443811764 -0.00752733217971288 -0.0565342616313548 0.0259454664150385
-0.0141495541050277 -0.00482929619503656 -0.052121312855785 0.0245684794167561
-0.0149508149331113 -0.00914070656504961 -0.0513998410107276 0.00366343062613663
-0.0139365917551529 -0.010582120424652 -0.0504422545991515 -0.0183192159129129
-0.0126730385062734 -0.0149603431101599 -0.035839942185499 -0.0480927462876432
-0.00855133143930115 -0.0221645319394692 -0.00926305248542888 -0.0642519472742849
0.00432192380695427 -0.0281255607589593 0.032291594922905 -0.0537066043582998
0.024746390132571 -0.0231932652254478 0.0454157851812236 -0.0101701365782508
0.034498970818896 -0.0090812966412796 0.0139742652524986 0.018116040836248
0.0278409803601273 0.00471180940009049 -0.0486533231109346 0.0232998909833823
-0.00349913038382394 -0.0151162964922075 0.0583314516917287 -0.0333640683073838
-0.0124841957422551 -0.0037738503777636 -0.00513387660286238 -0.0336944376465447
-0.0109459415732748 0.00565687697702991 -0.0447422445053392 0.00423484103929046
-0.00378505699081313 0.00499537549742489 -0.0430740586786312 0.0556159268820912
-0.00526558708163751 0.00387762623926493 0.0016857624052928 0.0710972337497823
-0.00440234025138551 0.00386159445478718 0.037899592147555 0.0524852619931845
-0.00373725218678793 0.00584891825107693 0.0553282527418113 0.026915923481308
-0.00773711487756756 0.00816754319334963 0.0592078112105479 -0.00195508144093226
-0.00935314366200506 0.00821333902654974 0.0556645263311465 -0.0200497766908202
-0.0131226095719663 0.00592120144107746 0.0550509490225614 -0.0288786279136133
-0.0145386560523982 -0.0013948258111465 0.0619500062767382 -0.0218222124572146
-0.0117066437049333 -0.00916173696558437 0.0661955513006453 -0.00829976324865715
-0.00967538395186008 -0.012113912659511 0.0669573415288272 -0.00913948465108074
-0.00467642281003161 -0.017037503193603 0.0758091143495688 -0.0151546870776848
0.0066188918234468 -0.0226944694353187 0.0907010031401149 -0.0413294447772156
0.024631954339248 -0.0247425361087501 0.0510129243015574 -0.0244239246016599
0.00871690907067727 -0.0172292560324941 -0.00580908393768874 -0.030345918603628
0.00324541875724285 -0.0109105083495384 -0.0489589464987807 0.00404030806931346
-0.000772041232813055 -0.0131363175379754 -0.0478361701233235 0.0527623749629451
-0.0132959794141678 -0.0116664355829717 -0.00624608167029237 0.0707494599272056
-0.0190794983118004 -0.00515271778376466 0.0311758811165832 0.0558933311198171
-0.022266542222768 0.00194329487191975 0.0491205446253871 0.0307273219438134
-0.028173383643236 0.00847993868159914 0.0526072628370683 0.000631689890429175
-0.0309639079036452 0.00903278949298276 0.047288470334804 -0.017999023945303
-0.0370907886267977 0.00482028819750939 0.0442517441709709 -0.0302032659894893
-0.0396427746209001 -0.0108704270652995 0.0504924413742763 -0.0298032655931573
-0.0289714183827992 -0.0307294413447706 0.0616820830849399 -0.0186358731817347
-0.0123768931274875 -0.0431976772801656 0.0666612686512965 -0.0159806383367918
0.0105779411249311 -0.0476281945480135 0.0705093291514198 -0.0152195313388995
0.0326880286429903 -0.0451181307569676 0.078668347973731 -0.0363114048556392
0.0508478502967079 -0.0311938931098764 0.0320441611067146 -0.0141862105108007
0.0320281254568232 -0.0303731262462628 -0.0143465385092199 -0.0285173852265134
0.0189561063642224 -0.0295828580880124 -0.056954520807108 0.00277574365375377
0.0010191416638576 -0.0332521506243549 -0.0531493782762495 0.0499335784638449
-0.0216466931369513 -0.0272042294904871 -0.013655459653543 0.0662365484785756
-0.0329317575214712 -0.0134999517870233 0.0219085508234696 0.0545305644405944
-0.0377585344935533 -0.000673049512335361 0.0373225621792362 0.0321688049476702
-0.0448645406817301 0.00767745163456546 0.0385727826906044 0.00399410578517696
-0.0477575712171371 0.00916265006852206 0.0315844004428011 -0.013925082073994
-0.0552748938379438 0.0046632887157668 0.0276267469768249 -0.0302036050746447
-0.060159328206244 -0.0157770906397139 0.0333223642422125 -0.0364885212248431
-0.0449775976762657 -0.0458004277131205 0.0540708003648659 -0.0297974198368716
-0.0168494329928719 -0.0663587394946025 0.0655799696079957 -0.021068564956864
0.020278786401 -0.0720966950512661 0.064335083170579 -0.0102970207229238
0.0532780301865072 -0.0601670606350573 0.0615450568394273 -0.0214219472354506
0.0689340404143983 -0.0359193980278833 0.00374821479647345 -0.00307409150665123
0.0508594875428371 -0.0434533198272767 -0.0296182166572933 -0.0236460840028178
0.0307348155742408 -0.0502723227319715 -0.0668929688091086 0.00374789975166036
-0.00173715803815748 -0.0527103881717946 -0.0571156178047351 0.0445044423415132
-0.0310028449803527 -0.0405486248254336 -0.0224788058509258 0.0582973461879997
-0.0438595897217789 -0.0190552986745618 0.0077712678308801 0.049743143411834
-0.0474261973228104 -0.00310042356350412 0.0201344516778328 0.0311150205211095
-0.0541684367625129 0.00526439213502639 0.0191065077937481 0.00728568034883341
-0.0568512069952601 0.00602132516009888 0.0114477625712902 -0.0091609541827852
-0.0648042041003109 0.00290163608842779 0.00762872763043376 -0.0283023966009752
-0.0705848246595077 -0.0194538252815947 0.0135340953945973 -0.041435516550629
-0.0532137724933165 -0.0536295961005742 0.0437099478898806 -0.0399623531505586
-0.0177322082749406 -0.0800650205885022 0.0630628016697502 -0.0243189250274429
0.028564630283535 -0.0841398492737833 0.0573231231765153 -0.00190960702465321
0.0657903411737381 -0.0659491639047683 0.0379435787992927 -0.00476567086398685
0.0759672412928527 -0.0363524671012992 -0.0297245435964959 0.0111892992614254
0.0592508412735349 -0.0513073898443752 -0.0473804199455947 -0.0122745550697469
0.0343290907631202 -0.0634584205389569 -0.0728927948083638 0.00755441696330075
-0.00606864727919751 -0.0640859433220954 -0.0600940657534576 0.0352603385354406
-0.0375757208738777 -0.045582624725938 -0.0336172330535931 0.046027148715766
-0.0495772531258381 -0.0201462259461531 -0.00978239232951654 0.0425295775275076
-0.0517707634251635 -0.00345388284577447 -0.00112257909098565 0.0302734720932774
-0.0563590066679929 0.00220953330629246 -0.00257121933229673 0.00961121720496573
-0.0572542749866926 0.00187459470388358 -0.0103425259101221 -0.00621196787208668
-0.0635625501456386 -0.00249464395407841 -0.0125452944442405 -0.0277904021881866
-0.0670540886424185 -0.0241475959884209 -0.00404742362607519 -0.0452329172283972
-0.0478788923053948 -0.0565781756300957 0.033514368190422 -0.0480637443800427
-0.0104619925029956 -0.0800954934751681 0.0596861769384181 -0.0238201046833381
0.0374374175854927 -0.0812556520411348 0.0490978413065125 0.0084942331361872
0.0709193475558417 -0.0579298970724124 0.0124948590098145 0.0130525636602582
0.0679283276405527 -0.030531946490567 -0.0585776565920559 0.027199182981663
0.0553619258861398 -0.0483817260977534 -0.0621864826507098 0.00369881370523206
0.0306705070943596 -0.0612370006835241 -0.073771131015847 0.0103332135930377
-0.00932467829475624 -0.0594984924973133 -0.060525398267051 0.024286257703686
-0.0363737981236879 -0.0411341515508766 -0.046407165645866 0.0325395183687702
-0.045111563971663 -0.0169931365595513 -0.0291492238149102 0.0358568778074274
-0.0466370982282455 -0.00303054983771303 -0.0222881600774616 0.0291882648038989
-0.0493028103832099 -0.00131744698128115 -0.0239096330202168 0.010753834034792
-0.0486980739996537 -0.00379594830878487 -0.029869231873724 -0.00569779714694637
-0.052417200271026 -0.00954109291786736 -0.0277664855055451 -0.0308176457266948
-0.0508915619149532 -0.0291304540530492 -0.0150211820856697 -0.0501290973669532
-0.0297987204106217 -0.0550629541369522 0.0273271942554042 -0.0516423891772938
0.00757722037597901 -0.0688893079030322 0.054828309004726 -0.0193594621826262
0.0440270055689272 -0.0630503943745007 0.0376429354904551 0.0159446719279036
0.0661295514441966 -0.0403581834511143 -0.0130684003772627 0.0258545665110333
0.0485629036651213 -0.0191761911290885 -0.0800555151679894 0.0412205847976696
0.0416160219056895 -0.0338514414199694 -0.0708409130635423 0.0169698706973565
0.0220621944975254 -0.0441953547245058 -0.0707579163796755 0.0131916969499282
-0.00728563218731026 -0.0417855523978846 -0.0610018793229377 0.0132885573882411
-0.0255908414895337 -0.0292535571534295 -0.0565336719261246 0.0226966057926489
-0.0315750117706804 -0.0122780842737207 -0.0451996562212987 0.031414026786439
-0.0333614486122162 -0.00270955360036077 -0.0398608247228287 0.0289178992425401
-0.0351870095337101 -0.00522986920805752 -0.0405458129977061 0.0103054591155571
-0.0336680530732106 -0.00889577659505951 -0.0441253814555839 -0.00875100798684675
-0.0334276917156297 -0.0149030976151511 -0.0367410438418467 -0.0371538991765262
-0.0292945998472329 -0.0291482925309806 -0.0176253061127815 -0.0574881087474391
-0.010245298206336 -0.0446215398108085 0.0263189467426308 -0.0545250746519229
0.0213660999129704 -0.0476890010098163 0.0492906768163902 -0.0168253201935796
0.0442409113218072 -0.0366213045774167 0.0244916342457374 0.0189721903225978
0.0515951147876804 -0.0181397918436663 -0.03381802067959 0.0294913274440581
0.0230872343339061 -0.00162074746973174 -0.0895836897812578 0.0498969089255439
0.0229451792387786 -0.0111094616973624 -0.0721749135318033 0.0262872023992115
0.0134167817790678 -0.0175277358971864 -0.0669503243609043 0.013728439209355
-0.000377281276290126 -0.0174458026301879 -0.0607939762057921 0.00884859101538441
-0.0075317468734355 -0.0134901909526487 -0.0622997996663175 0.019650859550251
-0.0111178317916714 -0.00677747416640091 -0.0548683530337299 0.0296488032585643
-0.0142017130234649 -0.00364189670779618 -0.0503218843706203 0.0274063314745438
-0.014967604407066 -0.0082989249683204 -0.050961249256843 0.0072391955571587
-0.0146650711420798 -0.00913355484430076 -0.051539206263134 -0.0144085357643467
-0.0133575841173548 -0.0138150613543512 -0.0386133293474976 -0.0453944535995446
-0.0100285219109741 -0.0213603241067374 -0.0134884692641293 -0.062886276115624
0.00235636652261168 -0.0280931692764157 0.0290988859773895 -0.0556261988053938
0.0239043176926069 -0.0244382058592726 0.0454392999272684 -0.0131627814250223
0.0336687922064023 -0.0113533154403345 0.0149194523690274 0.0170027676716971
0.0286412074457931 0.00300777255144049 -0.0468673037662042 0.027006351803425
-0.00382100151501898 -0.0142543119378585 0.0535199510059238 -0.0355285136923985
-0.0120707024069975 -0.00267301743549681 -0.00672466670560405 -0.0329082766193088
-0.00990913738670104 0.00626683119811109 -0.0432440658597198 0.00604333757119472
-0.00326436458886259 0.00472236125785472 -0.0389932628108712 0.0552309459087706
-0.00448814727877608 0.00359983484194326 0.00419152059790596 0.0688735811547984
-0.00430904004364477 0.00467306720200556 0.0386581694479217 0.0480066615693772
-0.00360820264698875 0.00492567466055569 0.0540500797238163 0.0221619284568987
-0.00724509241887494 0.00814936915188446 0.0567923406728701 -0.00666099731078183
-0.00850365521431981 0.00845645709249209 0.0519556632322593 -0.0228599104775267
-0.0114689432880842 0.0064022010746114 0.0517371787020836 -0.0306992486830158
-0.0142593645429868 -0.000575287200641159 0.0588227346081528 -0.0238071740743118
-0.0114579963740201 -0.00839955810291634 0.0634964293973257 -0.0107021294916439
-0.0101813226165948 -0.0115227800456208 0.0636742896357447 -0.011805557394432
-0.0051536109704009 -0.0171687082269779 0.0724537411943379 -0.0178842813273402
0.00540650027712222 -0.0224744813183511 0.0850491343664006 -0.0442805074542972
0.0224241973661551 -0.0252806416717691 0.0466916539429255 -0.0266253691668096
0.00739770002524691 -0.016473100393399 -0.00714492819430497 -0.0301111467397735
0.00254382151280345 -0.0106119915618327 -0.0467798122450001 0.00611462771335376
-0.00125494078072832 -0.0122083926847389 -0.0436528059607033 0.0526529090020729
-0.012969174703274 -0.0106251387234641 -0.00317381762982398 0.0673991884855276
-0.0184059473657118 -0.0035120329789137 0.0316886795336239 0.0515196418308322
-0.0211985116908808 0.00342166461367911 0.0483058179582201 0.0258398900011327
-0.0266655845716708 0.00954409720924593 0.0508692424709818 -0.00281543649143934
-0.0292111363378256 0.0108138083859479 0.0444901451533856 -0.0201623415613844
-0.0351009152797039 0.00696930992852692 0.0411559860239682 -0.0317279744189164
-0.0391300966663079 -0.0077773208555055 0.0470425408838606 -0.0312436862639966
-0.0290641273273468 -0.0278455976578023 0.058453893667813 -0.0209325699253596
-0.013310554426998 -0.0408235638967738 0.0628367982025996 -0.0186043318309092
0.00766388589607925 -0.0463730987223767 0.0670750766039113 -0.017891845956933
0.0298020639593238 -0.0449580140375681 0.0740232396955252 -0.038612772940075
0.0472648545315701 -0.0323907597230622 0.0294483500518037 -0.0162913187182486
0.0294165981600212 -0.0301169797213499 -0.0151894607124896 -0.0281981640387545
0.0171698020613068 -0.0292736715255575 -0.0554441627195995 0.00506680160575911
-0.000708171415570738 -0.0320675522049539 -0.0487095478780714 0.0505652031915207
-0.0223307806608059 -0.0250446341756014 -0.00981297925727344 0.0646559254378992
-0.0319482193684054 -0.010612026615525 0.0231329805584573 0.0505999500787428
-0.0362805055948276 0.00150810530737897 0.0369945858749701 0.0283925030208492
-0.0424729620937456 0.0096327259142187 0.0373152890392371 0.00116479906361495
-0.0448198060604742 0.011445529395374 0.0298899872596374 -0.0157641221892194
-0.0525648509110266 0.00799909486451845 0.0251112044416499 -0.0304845708054544
-0.0591834523650329 -0.0117786008034763 0.0312004710527025 -0.0368834910041808
-0.0454795365340963 -0.0411634336346477 0.050222557467708 -0.031504224536016
-0.019241403634451 -0.0636721597291105 0.0616707732609918 -0.0241729717380228
0.0161477721311918 -0.070495153941482 0.0617392309928793 -0.0128596177596464
0.0489031250041562 -0.0610266654161493 0.0573993500884354 -0.0245791141149232
0.0640027963862088 -0.0374971375016082 0.00350235204126197 -0.00341964336414958
0.046532229504007 -0.0436594446753486 -0.0296017008449489 -0.0225278570612261
0.027240721397569 -0.0494372888955923 -0.0639651696182975 0.00697203427366066
-0.00376664904537387 -0.0504836575994533 -0.0541499835324494 0.0456088720031268
-0.0321092972360527 -0.0364681172293369 -0.0191553350268795 0.0565983768888215
-0.0425835131646694 -0.0154494047829248 0.00952581564925918 0.0470455724332736
-0.0461276502154768 -0.000570734713620769 0.0211390804694651 0.0278995348814491
-0.052181155271769 0.00845322943781998 0.0188059504874733 0.00574945685700511
-0.0541157736961102 0.00951151731076996 0.0106801347301848 -0.0096278440210142
-0.0618003044483098 0.00689982365110218 0.00571137441863685 -0.0282861564822146
-0.0684943169104276 -0.0142725502401647 0.0119544918231697 -0.0402301887324255
-0.0536820940269583 -0.0485948967088877 0.0401908565327521 -0.0407355793836994
-0.0209318959795374 -0.0759347496463554 0.0590835391856452 -0.0269585310933746
0.0231988207745423 -0.0827647043559513 0.0550184766783911 -0.00434704797432038
0.0594320100388173 -0.0670363049339592 0.0357951240125457 -0.00629128552610466
0.0708666704355926 -0.0382381897100363 -0.0272381705449026 0.0110771229013091
0.0541235639463418 -0.0517122133858628 -0.0459210580347809 -0.0109062585274289
0.0300156254425747 -0.0620843252259961 -0.0697016091860062 0.0101178685580664
-0.00924002247284477 -0.0598437332639291 -0.055821027451694 0.0367366561802713
-0.038671043995154 -0.041442441415599 -0.030803286808558 0.045757392883472
-0.0478158059901995 -0.0166773428946837 -0.00716748262748729 0.0411285158197636
-0.0494387795847369 -0.000958211399024402 6.35411583781512E-05 0.0287260579660247
-0.0541776017802206 0.00521902162003095 -0.00172480212868992 0.00969839184564675
-0.0546892200056699 0.00509101653233512 -0.00961309617863113 -0.00548038798293153
-0.0606812284859865 0.00170659670528868 -0.0129823945196567 -0.0263613641292532
-0.0652679628121742 -0.0190527763871419 -0.00553251829907544 -0.0429526127890505
-0.0489074542142668 -0.0515549567915998 0.0299126894713114 -0.0473628740728811
-0.014116091988699 -0.0764285261272136 0.0558716619756799 -0.0263621994577708
0.0312251348841168 -0.079704971437528 0.0472106507657874 0.00606661844845963
0.0653255845137369 -0.0594662902458776 0.0120223921242165 0.0119661816689129
0.06385532529166 -0.0327910295494743 -0.0550584357314333 0.0285890116007584
0.0508540186757639 -0.0489783337590305 -0.0596424560105599 0.00533257758164633
0.0266139322386312 -0.0605997179718301 -0.0703896470009942 0.0143688135529893
-0.0116885515778999 -0.0566906728114083 -0.0577643885591407 0.0259166543613138
-0.0375460397954179 -0.037560246060118 -0.0438678556660943 0.0337910129864638
-0.0437417823356589 -0.013750898318932 -0.0260566870909501 0.0357578438486783
-0.0441713284271424 -0.00048782756030749 -0.0196320690807239 0.0291646346518687
-0.0480352201119905 0.00142137249361589 -0.0221728851024558 0.0118144438843859
-0.0474564919125376 -0.000458766016379605 -0.0284715115991168 -0.00324920030055852
-0.0502584423227285 -0.00569764593747186 -0.0280193565362046 -0.0282976149921405
-0.050361794681327 -0.024345641014056 -0.0162599834775816 -0.046743860695534
-0.0317529365918639 -0.0508785199539679 0.0242179148407004 -0.0513804098534277
0.00388710300521586 -0.0664517739781061 0.0517244147630751 -0.022546632974753
0.0390945556324357 -0.0623610657094683 0.0357136936636082 0.0131606463381671
0.0610026344794129 -0.0422276980913326 -0.0112581003278043 0.0251397308956819
0.0460921863169704 -0.0206565033940288 -0.0747178165624804 0.0428054445480511
0.0381002759987519 -0.034617181207601 -0.0672416996720116 0.0193925167344425
0.0191779486204973 -0.0440004128737918 -0.0674638708380616 0.01615883321189
-0.00954979381839434 -0.0395602307305497 -0.0582320938070109 0.0155403477193217
-0.0264369980060911 -0.0262060531407123 -0.054122257821248 0.0246596778972205
-0.0307465343057435 -0.00997169623713387 -0.0415570124068374 0.0326329651570611
-0.031912969103336 -0.00115177392682036 -0.0369325946666763 0.0293796293111135
-0.0339784996786269 -0.00280789871029208 -0.0385509291077634 0.0124011360520683
-0.0328305027782697 -0.00638908861251641 -0.0421462831708355 -0.0054574334468675
-0.0331778443446498 -0.0120138208518174 -0.0368480514154612 -0.0335613494806496
-0.0300412872697122 -0.0258657070661669 -0.0198508293337957 -0.0535249609077826
-0.0120445896017713 -0.0418979618823743 0.0226367326479675 -0.0537893880924324
0.0184909257572103 -0.0471698460899443 0.0473402172458997 -0.0185380701446465
0.0400568734442172 -0.0371960766279673 0.0241428327985685 0.0168727000845729
0.0481733087097406 -0.0199753827633857 -0.0307229689889816 0.030402756033093
0.0217938697222794 -0.00252061717540487 -0.0829514392505944 0.0527286884094478
0.021724337225849 -0.0121555355188202 -0.0685300237346417 0.0289405131834752
0.0117481472666008 -0.0173823614344619 -0.063054945935632 0.0158806249363204
-0.00146075351548203 -0.0165562948287267 -0.0582052851313302 0.0106856169883252
-0.00744629237267519 -0.0124686395815019 -0.0589095326592307 0.0210108000735315
-0.0106734092789783 -0.00612673709047043 -0.0512064076506313 0.0311927700928817
-0.0132035684360335 -0.00258685896253411 -0.0463474046823766 0.029643580956075
-0.0152928851674422 -0.00686363303860178 -0.0479940500340797 0.0107175031019445
-0.0139871702689475 -0.00873675815016781 -0.0495091500492937 -0.0109947381016432
-0.0137149615260031 -0.0124983570038464 -0.0394571022546961 -0.0411082373334739
-0.0104474481594666 -0.0198154664259101 -0.0158131503531976 -0.0592242644439712
0.000733722402494806 -0.0263651287616673 0.0260441620871097 -0.0546968103622619
0.0220284414463793 -0.024729586478955 0.0436019635579246 -0.0153325673282985
0.0318554608523509 -0.0122773027490114 0.0147739086549974 0.0157820652583992
0.0282069060869288 0.00107378554615365 -0.0438177124429619 0.0283879964217364
-0.00183128666890119 -0.0132114271096301 0.0535965402007959 -0.0283342683971329
-0.0106705439639989 -0.00401105446657894 -0.00361681137604994 -0.0325950817199578
-0.0100958569601232 0.0039446388320832 -0.0418977471106736 -0.000629524517411232
-0.00402191500938627 0.00424324656336679 -0.0423233973929599 0.0455783506174105
-0.00504645242848803 0.00278305276386118 -0.00341000706386608 0.0636570238414343
-0.00508036358473218 0.00314731987966981 0.029529640432074 0.0487999712960516
-0.00499156148133882 0.00416999728218656 0.0474070974723765 0.0264137642515339
-0.00774146705166995 0.00687972695410272 0.0539499180975889 0.00040449802974488
-0.00940768744671122 0.00720621537167828 0.0524709779004127 -0.0157437745327037
-0.0120041547525501 0.00468572843276715 0.0532805893964016 -0.0228609743429916
-0.0139697911907357 -0.00232455451546744 0.0595700388833816 -0.0151735214424004
-0.0106726077649057 -0.00934066780790927 0.0632336128546046 -0.00194564681017617
-0.00883071289777522 -0.0126833561339315 0.0624583891858473 -0.00209462113080238
-0.00321902730220105 -0.0172906861722675 0.0720377564874903 -0.00743098652086824
0.00726787648092733 -0.0210525445965648 0.0874339995858549 -0.031886806037531
0.0235496573423316 -0.0197233064671238 0.0484359602875131 -0.0194950156271323
0.0094803622614866 -0.0139442107997076 -0.00245235384752036 -0.0292307321760111
0.00391754739134887 -0.00922462479245223 -0.0437127360105907 -0.000723617196422907
0.000740449206985028 -0.0115493452614421 -0.0456295360562368 0.0429876744447389
-0.0104855953455515 -0.011703025894002 -0.00990204915502475 0.0620479711414473
-0.017130939887733 -0.00602531603951022 0.0234376902705686 0.0504448358202934
-0.0207781924774042 -0.00035007212810962 0.042618191744102 0.0291555245570537
-0.0264718903502054 0.00596027014425458 0.0476783056758632 0.00293690378099624
-0.029189650448785 0.00646131255777403 0.0449467570874774 -0.0143396511784779
-0.0341224823687632 0.00250251750031758 0.044239976066741 -0.0244715257766106
-0.0362625262735602 -0.0123820084907709 0.0502412865958853 -0.0228327634165714
-0.0251210866320836 -0.0301672017652981 0.0603079540663641 -0.0121036983788621
-0.00874760113294483 -0.041069451261854 0.0623403771895509 -0.00839929214044103
0.0127578261092634 -0.0431374879521572 0.0664443300642831 -0.00692724016491708
0.0327821724504306 -0.0400713443206841 0.0759773761625727 -0.0262265942137631
0.0470863984716417 -0.0240302857055177 0.0322899472329774 -0.0107627920767967
0.0306777200995709 -0.0239367434998875 -0.00896607148539443 -0.0281173546707891
0.0198102418272778 -0.0249020276002028 -0.0498944890135284 -0.00173489210170092
0.00361905544156275 -0.0293461843568057 -0.0489799025188037 0.0403347952432677
-0.0171577570005448 -0.0260506675714045 -0.0158854898536475 0.0569785718524209
-0.0286385115949577 -0.0144431980283431 0.0154409936769758 0.0480278406386161
-0.033644411329876 -0.00320053083982593 0.0313369335233105 0.0296582129396073
-0.0418069099382134 0.00423041373235957 0.0356433147191803 0.00566262056845567
-0.0440373256541774 0.00545820922014604 0.0307672276430666 -0.0109241375511222
-0.0505764709610528 0.00116520035790314 0.0296098933835347 -0.0258478353796168
-0.0541299034781467 -0.018101617592118 0.0362645793706866 -0.0294769590159576
-0.0390607211293949 -0.0444049097066092 0.0540349912890384 -0.0228854048911117
-0.0117742152142146 -0.0626500053734771 0.0606545904777534 -0.0132584258927071
0.0234483281838553 -0.0651350590664296 0.0597244602484011 -0.00155256747448389
0.0529720088088339 -0.0528299076550795 0.0578145672545541 -0.0134233354115897
0.0635023104415531 -0.0263885971292001 0.00749068764967119 -0.000829974233551423
0.0480810024329973 -0.0338421616362141 -0.0217414480042999 -0.0248059767537411
0.032210927514725 -0.0420449227199219 -0.0566231905042096 -0.000861013185130071
0.00314561615585872 -0.0470695509597253 -0.0519908655991455 0.0347587644839813
-0.024218359691438 -0.0384195710642979 -0.0224878549012415 0.0488688270074722
-0.0375473563985022 -0.020546116515127 0.00368745455668505 0.0418215414215507
-0.0430133695380613 -0.00599070605463452 0.0164547384352682 0.0278409643828765
-0.050185984889153 0.00214219682104387 0.0167820099917296 0.00752501889757201
-0.0525492089809652 0.00273369649692148 0.0119187894522224 -0.00787773479219995
-0.0587872611729345 -0.000637944417358733 0.0109542607189354 -0.026089707050469
-0.0631687478723716 -0.0216122605365057 0.0191955620347975 -0.03495244624331
-0.0461236209647631 -0.0521461254892216 0.0451123912734956 -0.0328610707268417
-0.0119079982542756 -0.0748480295099818 0.0597822338771887 -0.015924454012645
0.0307692404364866 -0.0762870398775042 0.052126728500046 0.00565552281554275
0.0644690159229347 -0.0572275745170668 0.0339150744422573 0.00195648701776349
0.0692994636735135 -0.0263587893160867 -0.022179063728098 0.0104291289190248
0.0564177610872156 -0.04009610628784 -0.038040506798749 -0.0152219836937005
0.0365702991467953 -0.053864466317113 -0.0617278060078939 0.00170929840342369
-0.000176551435916958 -0.0567586829184901 -0.0535229591268589 0.026313432175236
-0.029612017743251 -0.0442021900313207 -0.0314045809075782 0.0375379095732407
-0.0420195825300916 -0.0215294181374719 -0.0112067028925894 0.0346741951941829
-0.0461293154386031 -0.00630273251834451 -0.00193993949962247 0.0262290194096083
-0.0519128016900784 -0.000518561005672232 -0.00295206283974113 0.00894593479456627
-0.0523025064128898 -0.00187574939561977 -0.00793111233339261 -0.00560270781021758
-0.057040906003194 -0.00552552236032698 -0.00703492256065567 -0.0257757828231837
-0.0591071024254504 -0.0251542494026773 0.00243287259924309 -0.0390173033306255
-0.0406959737558002 -0.0543323019356002 0.0359891423054531 -0.0404096048613144
-0.00513231589190282 -0.0742179368398374 0.0564319791014279 -0.0163103966523469
0.0387736471136406 -0.072082900604097 0.0430882689021658 0.0146192236464003
0.0690258116663231 -0.0498488177073972 0.00847295785453895 0.0165700374829071
0.0622768843411941 -0.0222170128210061 -0.0501485540212101 0.0232134421205699
0.052773457566992 -0.0381609142236543 -0.0524221754719333 -0.0018693463016873
0.0330810251441269 -0.052143050446268 -0.0623808805099258 0.00486369980958845
-0.00289541561213114 -0.0540187115541288 -0.0536729307616344 0.0163141282447391
-0.0289581103476718 -0.0401908380555191 -0.0416830440307223 0.0244708027927143
-0.0383348894232269 -0.0188410075777618 -0.0282080640511814 0.0285913577066997
-0.0410574982772085 -0.00533773244314496 -0.0210987251687602 0.0247645412371722
-0.0455230400256175 -0.00383152163419311 -0.0218547560786934 0.00929248062436035
-0.0443521809333121 -0.00589294547609905 -0.0258467042008999 -0.00559296017864638
-0.0462824484057864 -0.0111246823485576 -0.0217287156103448 -0.0289074561243737
-0.0444087629940857 -0.0288658103850741 -0.00724645328395126 -0.0446977821089515
-0.0241962720730398 -0.0509907220672001 0.0311563246222558 -0.0445847402686324
0.0101268945428551 -0.0630038806739371 0.0516866149933255 -0.0135600716964921
0.0439829248287487 -0.0547163911852077 0.0317086611309733 0.0199046893229807
0.0635467029034258 -0.0336013996428349 -0.0155351206523513 0.025840340355957
0.0446823586058209 -0.0132719567213147 -0.0715595137028607 0.0333767082360117
0.039031315603529 -0.0266914797653744 -0.0624384513475706 0.0105104657848946
0.0237745548803571 -0.0377684850769015 -0.0608102577032972 0.00738669804452642
-0.00302772917637497 -0.0379975146906356 -0.0537441010911748 0.00608318126088917
-0.0203604755635646 -0.0283993358806055 -0.0511229271918544 0.0154424474844775
-0.026725861199791 -0.0136493636231882 -0.0427340589750385 0.0239553144525897
-0.0294941427331901 -0.00456938585878961 -0.0372748465583893 0.023906749061289
-0.03239542443853 -0.00682155128525671 -0.0377720226042255 0.00768182386501202
-0.0306957572238963 -0.00985084072293951 -0.0387337753573763 -0.00961719206032997
-0.0290905291878854 -0.0149657735283662 -0.0301462104507376 -0.0349231393119467
-0.024375443547699 -0.0269120944237075 -0.0110860106692697 -0.0512089412888977
-0.00695631272054452 -0.0404319406327895 0.0292600459025574 -0.0475584018257306
0.021798720288886 -0.0429671541806558 0.0466105471791534 -0.0111292588516952
0.0424023693087768 -0.0309749302810506 0.0191162094540107 0.0211588507223284
0.0492258151367627 -0.0132846836622735 -0.0346821432622195 0.0276685138156821
0.0203128573643213 0.00011546935043484 -0.0817971426498881 0.040458702345664
0.0210875363026201 -0.00794645459115054 -0.0652798906312254 0.0191122773901366
0.0135895022934239 -0.0149024071863557 -0.0590930809883708 0.00799288354892063
0.00111549782908061 -0.0154546426373879 -0.0544732185121752 0.002614920162081
-0.00574612142662084 -0.0128866087781766 -0.056607632838265 0.0122545664498114
-0.00846796412135681 -0.00768711507714935 -0.0510161061654885 0.023185678336705
-0.0116797697524915 -0.00383152505205686 -0.0468716051083284 0.0230977147321458
-0.0140587966279047 -0.00782844221609734 -0.0467902645064453 0.00528420118943993
-0.0123495428064063 -0.00981147719387173 -0.0451800143139487 -0.0157482515259172
-0.0108271528477346 -0.0129031858670161 -0.0320049029904037 -0.0426707273821415
-0.00768822011552372 -0.0195135358963476 -0.00739364268703884 -0.0572100013215533
0.00315728870389147 -0.0242475781817284 0.0313040967416263 -0.0484385642673537
0.0228606700991562 -0.0216537103960857 0.0426878942715459 -0.00855249389071589
0.031677577396985 -0.00785135281726484 0.0109724695904472 0.0172730693136742
0.026989241270108 0.00439643275128189 -0.0465555446944842 0.0231210251887685
-0.0016672909980128 -0.0129774702808073 0.0523255055131106 -0.0263645914773314
-0.0100115023519476 -0.00411775579608634 -0.0032894952105582 -0.0318690499340405
-0.0100169816747973 0.00368296465982971 -0.0402715999072533 -0.00145648152553356
-0.00361366919575256 0.00394857207553485 -0.0421340558728833 0.042965709421235
-0.00512267694641494 0.00261492700745433 -0.00522067183549954 0.0608119248694735
-0.00468969253343685 0.003335886647118 0.0265498604110662 0.0471400074212663
-0.00451180004151354 0.0036889680619149 0.0456316249010629 0.0259867064228274
-0.00780524397267489 0.0066082738637469 0.0518452398856548 0.000813495581031096
-0.00878509717927575 0.00644127931990468 0.050919402812355 -0.0141732176853638
-0.0114651907331295 0.00431162082805493 0.0517834909731411 -0.0212512883420168
-0.0136708369242487 -0.00255323232534271 0.0581800124795448 -0.0132766494586732
-0.010178471755711 -0.00926152264080869 0.0605716879007487 -0.000489368170064242
-0.00838177003679532 -0.0123874328705061 0.0602043400724343 -0.000723012014809783
-0.00245859381070048 -0.016221113780928 0.0703557228855371 -0.00438557658033948
0.00749284902567621 -0.0204904354394182 0.0853865638623132 -0.0282519743388507
0.0230104366090529 -0.0184554476233071 0.0465549837269329 -0.0178963699673925
0.00956740942526562 -0.0133800932845611 -0.00230874854179027 -0.0295607533365615
0.00429339074150513 -0.00873200668230395 -0.0427023698158214 -0.00212036156559871
0.000867728663072348 -0.0111443706851791 -0.0455636328914083 0.0399551383142914
-0.00965482492549383 -0.0113193015863393 -0.0117570611800649 0.0591245627800969
-0.0164328101162768 -0.00582590644994436 0.0206256697776133 0.0488565491071575
-0.0198247831144499 -0.00075704499605839 0.0398495950528236 0.028535264112721
-0.0257347274535638 0.00549814646186043 0.0458880138931472 0.00282219511001167
-0.0276620236674502 0.00617286806348021 0.0437004348253301 -0.0132598070824966
-0.0326186610158656 0.00178254900781509 0.0430288299623994 -0.0236827922578273
-0.0351666372336945 -0.0127850280964219 0.0492996116612663 -0.0208740500995715
-0.0237727753317396 -0.0296907266333442 0.0582281492796286 -0.00980115237929226
-0.00773396371005001 -0.0398351079108436 0.0601377949822405 -0.00587408800570427
0.0136434895504026 -0.0418257204716197 0.0642335292797899 -0.00419115328528511
0.0326468873359028 -0.0377202910454137 0.0739163790486725 -0.0237568979526393
0.0457970326682602 -0.0214910332748306 0.0314368642329092 -0.0103508680001199
0.0304331501277145 -0.021724022819698 -0.00819562309993311 -0.0285925823191454
0.0197874479011295 -0.0234931361448625 -0.0481958527508052 -0.00346175977770055
0.00437402747998178 -0.0282262182618187 -0.0488673991804916 0.037437942079992
-0.0154264986382702 -0.0253696366886201 -0.0169555282939717 0.0545039646278636
-0.0267127589164407 -0.0142697555533346 0.0134772411491013 0.0465502125803731
-0.0333806439125777 -0.00378848073981155 0.0296505865553464 0.0288914605992752
-0.0401961872039118 0.00368023705089032 0.0333801026360373 0.00508052799240275
-0.0427293173760527 0.00466564511922299 0.0301412859331477 -0.0103324874634921
-0.0486736568478147 0.000570954644341385 0.0292625120858328 -0.0244246278537069
-0.0517192043152004 -0.0182860562069631 0.0359631758790637 -0.0271416363786402
-0.0365429263330637 -0.0436991369571342 0.0534322237614592 -0.0205781980364238
-0.0101740380968104 -0.0612746331258692 0.0590790965150852 -0.0111357893345129
0.0241893428711837 -0.0619287328123922 0.0575544691209548 0.000351895295679766
0.0524363351299178 -0.0501818517848913 0.055401908442586 -0.0116490064299878
0.0617815436570621 -0.0237019286869535 0.00657664274573311 -0.00136711872845392
0.0471470167988267 -0.0311538380656158 -0.0203277220687557 -0.0248459537796619
0.0318789244314936 -0.0394887889944084 -0.0544578371513212 -0.00266350095863935
0.00438579162914037 -0.0449726569868157 -0.0514607443672758 0.0322316139507685
-0.0223310372155269 -0.0375644603497362 -0.023455253118334 0.0464479366062806
-0.0351499428174426 -0.0202188498566044 0.0021102988458007 0.0406415407665929
-0.0416724242358791 -0.00665552004508803 0.0149958896875682 0.0272413911495853
-0.0489495359408809 0.00120961182195442 0.0164955762208156 0.00763882250560265
-0.0506546445867036 0.00146985029171398 0.0125838235185591 -0.00747208527291547
-0.056176230174116 -0.00121049287893861 0.0114509184966519 -0.0250409846260953
-0.0602884290862441 -0.0210513640658365 0.0196412088248516 -0.0329791929237568
-0.0428954821914882 -0.0507838254908379 0.044557783270973 -0.0309700492810731
-0.0097463744888904 -0.072676736486462 0.0571684069869514 -0.0143694759018515
0.0316822726047988 -0.0728147755584883 0.0502990975152844 0.00716579527579772
0.0632597597625126 -0.0540514597304656 0.0323412068991698 0.00258167691232247
0.0669208921419118 -0.0229763684093862 -0.0211409253483819 0.00865739734314154
0.055029016475498 -0.0370399863161423 -0.0363157521537567 -0.0165653829229357
0.0363680739828585 -0.0506350817155943 -0.0589847400625786 -0.00039736262371434
0.00141464820521111 -0.0546355729878495 -0.0528392803933286 0.0238849041757043
-0.0278389485633525 -0.0427157993900353 -0.0313485524912189 0.0349716451712371
-0.0398818419235515 -0.0216504501260057 -0.0117744946261773 0.0334090674963932
-0.0443752012259793 -0.00712320090078828 -0.00272359843499487 0.0255403477498163
-0.0502452640490486 -0.00119113587379178 -0.00278536432571509 0.0081693815237409
-0.0506437238004928 -0.00219351914567066 -0.00716707377861594 -0.00541577171790082
-0.0545695057707989 -0.0058963270608629 -0.00673039815920647 -0.0254969103598541
-0.0565406792821645 -0.0248261468424208 0.00425659919887237 -0.0379184653356365
-0.0379046237888196 -0.0524022429694664 0.036273620876224 -0.0377683328092137
-0.00320393078160094 -0.0721528068774541 0.0541625630102376 -0.0148917942204047
0.0390315663960238 -0.0684425657857517 0.0405891299696914 0.0156925162413711
0.0671188243604353 -0.0460122051000981 0.00799014741239958 0.0164079514824333
0.0604330415516747 -0.0197698890495337 -0.0489348627244509 0.0204930071556604
0.0514566091945663 -0.0355929666677113 -0.0505457740507829 -0.00388791731838743
0.0332242714447095 -0.0495778268054422 -0.0604728567755852 0.00278643314038311
-0.00176103607584011 -0.0515330850357303 -0.0523895978349259 0.0134289544202404
-0.0273195439891942 -0.0390566310831661 -0.0416774620030873 0.02206182948896
-0.0365384902045413 -0.01898283656106 -0.0280487118288428 0.0269199575721756
-0.0395830231848909 -0.00582400177827594 -0.0205327256731339 0.0234363540160816
-0.0436876848966318 -0.00420953360060303 -0.0208679385549747 0.00905409027052233
-0.0429264054490937 -0.00643791335635103 -0.0244713560508974 -0.0061086492418541
-0.0433708044102699 -0.0111645443107704 -0.0200649424969141 -0.0287722899986176
-0.0419484517580108 -0.0277116616175125 -0.00527101492098809 -0.0430011878430677
-0.0221744494865325 -0.0494041359284568 0.0305072504883915 -0.0421769698659742
0.0115600121139354 -0.0603387481200127 0.050084854417809 -0.0117173676662771
0.0438134258523034 -0.0517954756503697 0.0292939060843262 0.0203990128617179
0.0619467718294015 -0.0307521156425681 -0.0156548042616708 0.025202787725787
0.0434029947106114 -0.0114565782178264 -0.0701056343151398 0.0300990431854659
0.038370346713698 -0.0244489862077649 -0.0598461453693776 0.00821453734020289
0.0242098289000756 -0.0357980944944616 -0.0587779378431296 0.00470759228591813
-0.00153984155572012 -0.0366120567522717 -0.052425187224051 0.00465828794814107
-0.0192539903437997 -0.0275793146471565 -0.050420348021832 0.0135812460144873
-0.0247353302285313 -0.013996764216632 -0.0419926598450838 0.0222512357371242
-0.0279826020353082 -0.00491924486955755 -0.0361167274295357 0.0222647141762089
-0.0310469928755326 -0.00658925408779394 -0.0362852340060918 0.00714880238718153
-0.0290543388735449 -0.0100044751935195 -0.0365522261116591 -0.00974922047525196
-0.0278408077967225 -0.0145147378592659 -0.0279962101635257 -0.0347961873581049
-0.0230033575129563 -0.0261182343440336 -0.00841114475296504 -0.0489667566210474
-0.00569479651099503 -0.0385275268638656 0.0297641720279767 -0.0449436175752629
0.0226099055576043 -0.0409933717240069 0.044981729599599 -0.00976424066462546
0.0414160414151565 -0.0282783226343331 0.0181234549992905 0.0210583546716978
0.0476987272482168 -0.0115708907745876 -0.0343590761404855 0.0263377020935022
0.0193139371697797 0.000854394798853348 -0.0797651865404395 0.036895933561323
0.0200447752797677 -0.00745871225975849 -0.0636249192565596 0.0168860022540873
0.0134494426424613 -0.014013253586286 -0.0564349569153865 0.00560965772365231
0.00163925697318198 -0.0146912411214665 -0.0525384140803516 0.000184998990836488
-0.00500584276277951 -0.0124308577852779 -0.0551913530619034 0.0108006747440726
-0.00787953932277234 -0.00772364005896104 -0.0496818384840468 0.0217242620828147
-0.0109534967171626 -0.00386124378265642 -0.0454464127707474 0.021742757264204
-0.0132669776019179 -0.00763744634082675 -0.0449875332932685 0.00441142658381505
-0.011761150975959 -0.00976175692726089 -0.0428542362272797 -0.0153329173888151
-0.00962990726341429 -0.012940258417893 -0.0294324327031721 -0.0416852379428652
-0.00707408902641442 -0.0183664069177624 -0.00495297521149427 -0.0546636595629704
0.00348411351055628 -0.0234176870973097 0.0314838023506592 -0.0451186390070047
0.0229314179247309 -0.0205344434978588 0.0416180391498928 -0.00756641553276695
0.0303159695668595 -0.00676361408834891 0.0102310320737032 0.0173354517627188
0.0258136728124802 0.00505829094359492 -0.0456168998020396 0.0213733507258092
-0.001156925219186 -0.0128432202647808 0.0523723978830043 -0.0246350110452045
-0.00988406294234132 -0.00428979654519194 -0.00170427892009723 -0.0330121927993979
-0.0098589589686097 0.00333958030990536 -0.0409210047685767 -0.00383995009468747
-0.00391407221622784 0.00339290455244633 -0.0439988260831296 0.0410096921999893
-0.00489239459942449 0.00228388902275514 -0.00759304282092729 0.0606910293901524
-0.00546463808825683 0.00339904623476946 0.0241666342640031 0.0484897194615502
-0.00491243667429129 0.00356769047217382 0.0444236830745273 0.0270565844549517
-0.00818098583904998 0.00618676177744903 0.052125439822809 0.00146056153823827
-0.00888210049359937 0.00599509850568352 0.0516954201277996 -0.0131535060719376
-0.0119894235172398 0.00394092390548812 0.052358055249329 -0.0192442392935052
-0.0132426516781286 -0.00290292680008577 0.0582911793861136 -0.0109801517641003
-0.00961304314656098 -0.00976687105346665 0.0612857507984918 0.0017807566006626
-0.00726766773872307 -0.012790256655664 0.0602001934428166 0.00238317179067302
-0.00146588098530827 -0.0166354170498775 0.0704359445175424 -0.00144015717366058
0.00779461263532972 -0.0204204779153766 0.0863080515096137 -0.0250288231722368
0.0234380073304815 -0.0175164959425842 0.0466797571030337 -0.0170654211371707
0.0102752413890829 -0.012505293138113 -0.00104164050828324 -0.0305179510168562
0.00445381778086723 -0.00815021708600469 -0.0425509672386113 -0.00404257696427084
0.00128520997112987 -0.0112151556471605 -0.046726110885339 0.0383391542593583
-0.00968471849841681 -0.0112465022218241 -0.0138815449427044 0.0585293985854243
-0.0159657239795025 -0.00633132650595817 0.0181718069881219 0.0493777492810962
-0.0203568011644964 -0.00112338390936874 0.0390458133765509 0.0293682511225831
-0.0262828453349238 0.00481917908627619 0.0459723722168608 0.00399498274110905
-0.0283934181373531 0.00500627884876093 0.0446813321793349 -0.0122602562844633
-0.0328686620130072 0.00103645155152753 0.043973377611455 -0.022091241368402
-0.0345499824668302 -0.0135507603595355 0.050602287135523 -0.0189982068373578
-0.0226197235561691 -0.0303211341928109 0.0593360945110523 -0.00723447027862249
-0.00565496662813209 -0.0398091196069726 0.0600378672669505 -0.00341931874457152
0.0153121735774144 -0.0413812178928187 0.0650507984320496 -0.00108468515460329
0.0338624270779114 -0.0370634324298352 0.0750146679360781 -0.0204149532869118
0.0461473362341203 -0.0194622813247441 0.0315297344099022 -0.00964766915701346
0.0312309221253304 -0.0206739473685083 -0.00787587526567747 -0.0296354051837559
0.0212059031508418 -0.022627734665084 -0.0487816165884925 -0.00559761405857474
0.00536983688338917 -0.0281061386105816 -0.0503708815448955 0.035244586348035
-0.0146208995619512 -0.0260298209096429 -0.0190871585304381 0.0539439836272066
-0.0265349923970268 -0.0151785863763045 0.0112732174066116 0.0461987736274091
-0.0328322824543526 -0.00514179017541876 0.0283486956818741 0.0297178737260024
-0.0408965808404214 0.00270431718711506 0.0332088331779246 0.00575250336398276
-0.042801109603722 0.00315017067268963 0.0303660911374679 -0.00992881087525718
-0.0483094534809271 -0.000698567995600086 0.0298025326893308 -0.0239896984265996
-0.0512701080415296 -0.0196099613349485 0.0372792306683758 -0.0263950221775167
-0.0349495411632428 -0.0451370411127943 0.0542811951666902 -0.0184403821506815
-0.00729237571908608 -0.0618329367960595 0.0595772885427472 -0.00861868004095509
0.0271140872000484 -0.0619715563137021 0.0578661262134618 0.00298240681491128
0.05411011034809 -0.0481128272987885 0.0558194920588669 -0.0100482989846823
0.062523332406506 -0.02122221603187 0.00693346322646964 -0.00129961345754305
0.0483534817747294 -0.0288776663681772 -0.0197081288784134 -0.0274833940786538
0.0340888892554374 -0.0390381301498016 -0.0552117563740622 -0.00485181773734739
0.00644334145797755 -0.0449471674982666 -0.0529620893654027 0.0296892796969967
-0.0213062426960392 -0.0381583381693295 -0.0260500003668367 0.0453663432496276
-0.0348411690425794 -0.0212169883642811 0.000256863905229587 0.0403069629978118
-0.0416121169202813 -0.00786874612727704 0.014217670941389 0.0271584686984582
-0.0490911144586248 -1.21702400941926E-06 0.0161214630734121 0.00760313454060274
-0.0503989058907871 0.0002657468886282 0.0123806910052405 -0.00712326788400327
-0.055572630236963 -0.00302329043120681 0.0121147049749996 -0.0247813302354592
-0.0594602836859856 -0.0228881914808842 0.0216011283871058 -0.0324671594066221
-0.0413547493683894 -0.0524908998087418 0.0463581677994372 -0.0286174136260843
-0.00710026729318937 -0.0731526879927634 0.0577519850002041 -0.0118266223353699
0.0345171949108751 -0.0714351810938368 0.0499985558962832 0.00949701929005659
0.0650331593441927 -0.0518336911619229 0.0319646883908686 0.00407404432448614
0.0681996023053507 -0.0209749361007224 -0.0221338073339901 0.00755988569858176
0.0563233630235348 -0.034686607655723 -0.0352304469187358 -0.0193573313353043
0.0383506129921222 -0.0497909738221896 -0.0595408463879551 -0.00324565805088033
0.00335198220839372 -0.0546712681900656 -0.0538640423986874 0.0215013433046071
-0.0265075634147036 -0.0434650531136891 -0.0339441275378314 0.0338485130096442
-0.0389160435842375 -0.0231126705076029 -0.0136247388380557 0.0325085042359667
-0.0443159572492904 -0.0086669561774412 -0.00329914121625974 0.0249250212136504
-0.050720491290503 -0.00275547081163205 -0.00359603169596255 0.00787527639210907
-0.0505421894129428 -0.00361716953193742 -0.00711208970851297 -0.0059821306547118
-0.0538464354772243 -0.00713581268831092 -0.0056465663078285 -0.0257551832904105
-0.0554817130232747 -0.0260776287494353 0.00635973682179818 -0.0377088236254162
-0.0360264349695189 -0.0535309884235127 0.037938604264546 -0.0366431392900602
-0.00100415292290165 -0.072974074705622 0.0546712747870278 -0.0121530656163413
0.0415439440678559 -0.067187535319196 0.04021544181062 0.0178816839935306
0.0693274242340619 -0.0435096900658963 0.00675527558845351 0.0172853599816459
0.0612800018946919 -0.0170545839709414 -0.0501538724293487 0.0187623875426237
0.052940927028118 -0.0331845899915097 -0.0499503717508081 -0.00697915057440346
0.0353258976647867 -0.0486001103025911 -0.0603939289194544 0.000234895968583283
0.000538349096800587 -0.0513776780883044 -0.0536615119104324 0.0113489773896594
-0.0263728624689968 -0.0395802162473471 -0.0431716067670512 0.0203415565294713
-0.0357307192683275 -0.0200204925976565 -0.0290608624786773 0.0253305351494411
-0.0391427168334072 -0.0071423272868817 -0.0214533618266344 0.0226419857532963
-0.0437823859421565 -0.00524395587010798 -0.0212781654540305 0.0076237275533921
-0.0426961738748711 -0.00763014860936882 -0.0235299495274563 -0.00650664338339399
-0.0431428652977494 -0.0124224331580282 -0.0190873037950785 -0.0294941874778629
-0.0402567953690902 -0.0283372959651747 -0.00364086483146319 -0.0437084496466589
-0.0205329887843496 -0.04977178966515 0.0328595088251798 -0.0408710480654523
0.0138663905878202 -0.0606655877314708 0.0504111540206568 -0.0103111539388571
0.0460668464130018 -0.0507778797100018 0.0283259987984071 0.0218003529539112
0.0630055058130049 -0.0288750034082641 -0.0168034887805153 0.0248061272910943
0.0434997982891899 -0.00967300172634465 -0.0708939293233057 0.0276096218791793
0.0391280591817442 -0.0231950807212846 -0.0601310159000446 0.00532399324129869
0.0256997763955884 -0.035236873586688 -0.0585681317172615 0.00212264624362929
-0.000213816185735375 -0.0365017607291232 -0.0532599256170107 0.00182722230123053
-0.0182175776228216 -0.0277067645415074 -0.0514918144612669 0.0109364114952449
-0.0244845399826413 -0.0151705887348744 -0.0428336123645435 0.0203127518931933
-0.0276085036402667 -0.00588037351813004 -0.0370455825058314 0.021468530979866
-0.0310978959986879 -0.0073244221420559 -0.0365159674156938 0.00676549612502682
-0.0291738406285746 -0.0101812737069627 -0.0359436170470102 -0.0108510001621426
-0.0269772829274944 -0.0152202364598047 -0.0266117087793877 -0.0357644329577726
-0.021422186939085 -0.0265565595735616 -0.00682060116963203 -0.0495395751764247
-0.00404477535078046 -0.0389721212950742 0.0314558764155512 -0.0432248769990603
0.0235202482009789 -0.0405224993411676 0.0456144054054471 -0.00823102540938301
0.042846022948993 -0.0271614416676191 0.0170509390048991 0.0224975730177205
0.0480459603508731 -0.00983717232941353 -0.0351346764533465 0.0258773531298917
0.019301752995711 0.00173598244486044 -0.0815179442890557 0.0339800639429748
0.0205333138516214 -0.00640955877898733 -0.0634208632866951 0.0138193838750561
0.0141009206261859 -0.01335259607558 -0.0570146861284793 0.00271177015070713
0.00223073545806529 -0.0145460557447601 -0.0543939795501579 -0.00151746820028166
-0.00469442447459476 -0.0122902081500584 -0.0564438042889395 0.00823818465102909
-0.007531846661233 -0.0080266206156255 -0.0509871873009915 0.0196481545306879
-0.0105932905394812 -0.00435395420830201 -0.0460108835093898 0.0198400162988122
-0.0134991415405639 -0.00803523747367465 -0.0451776313762797 0.00374365472963501
-0.0112417946305578 -0.0101434028946834 -0.0422448127452349 -0.0163906177068872
-0.00938970419367299 -0.0129275575292304 -0.0281350194083387 -0.0420943938391656
-0.00631266862711903 -0.0188516417764726 -0.00265555723775163 -0.0549384563607569
0.00475274478492967 -0.0227785021071545 0.0335419410912052 -0.04383218903333
0.0233753753071221 -0.019462372894625 0.0417994710701093 -0.00593232604510493
0.0306034155243746 -0.00513477903401993 0.00897831447281329 0.0179425597137552
0.0254261347400786 0.00559106608332192 -0.0458517269323622 0.0199439933361185
