TRXV5
3
4
4
9
string Extension=J
integer IsArchMeasurement=1
integer IsSpherical=1
string Generator=SPM
string GeneratorVersion=1.3.1 Dev
double ArchRadius=0.449999988079071
integer FrequencyAxisIndex=0
integer AzimuthAxisIndex=1
integer ElevationAxisIndex=2
Frequency
5 136 690000000 960000000 LIN
Azimuth
7 8 0 2.74889357189107 LIN
Elevation
7 15 -2.74889357189107 2.74889357189107 LIN
Polar H Real Part
13
Polar H Imaginary Part
14
Polar V Real Part
13
Polar V Imaginary Part
14
Polar H Magnitude (dB)
12 0xC0000002 0 1
Polar H Phase
7 0xC0000003 0 1
Polar V Magnitude (dB)
12 0xC0000002 2 3
Polar V Phase
7 0xC0000003 2 3
0.00208544731140137 0.00323200225830078 -0.0437393188476562 -0.07244873046875
-0.00237894058227539 -0.00644016265869141 -0.0168075561523437 -0.0293998718261719
-0.00999355316162109 -0.000681877136230467 0.0217819213867188 -0.00122261047363281
-0.00504922866821289 0.00745773315429687 0.0521926879882813 -0.0167694091796875
0.00204753875732422 0.00544977188110352 0.0539016723632812 -0.0392036437988281
0.00264143943786621 0.00164628028869629 0.0386428833007813 -0.0645294189453125
0.0020604133605957 -0.00482559204101563 0.0150146484375 -0.0717849731445313
0.000352859497070312 -0.00424933433532715 -0.00415802001953125 -0.0593223571777344
0.000153541564941406 -0.00399971008300781 -0.0123443603515625 -0.0427207946777344
0.00418615341186523 -0.00242447853088379 -0.0158004760742188 -0.0303230285644531
0.00330662727355957 0.00150132179260254 -0.0286769866943359 -0.0184707641601563
-0.00505876541137695 0.00412368774414063 -0.0330085754394531 -0.0115795135498047
-0.0104246139526367 -0.00563812255859375 -0.0452117919921875 -0.0120620727539063
0.000196456909179686 -0.0114955902099609 -0.0689468383789062 -0.00838851928710937
0.000274658203125 -0.00612592697143555 -0.073577880859375 -0.00584411621093751
0.0261878967285156 0.0245399475097656 -0.0343055725097656 -0.0678558349609375
0.0236911773681641 0.0121326446533203 -0.00599288940429687 -0.0232334136962891
0.0146989822387695 0.00945758819580078 0.0283126831054687 -0.000907897949218749
0.0191936492919922 0.00913047790527344 0.0563201904296875 -0.0162277221679688
0.0224380493164063 -0.000736236572265625 0.05499267578125 -0.0375556945800781
0.0183181762695313 -0.0158596038818359 0.0391426086425781 -0.06317138671875
0.00975990295410156 -0.0263290405273438 0.0137290954589844 -0.0660858154296875
0.00746345520019532 -0.0242214202880859 -0.00647735595703125 -0.0517120361328125
0.00666236877441407 -0.0267276763916016 -0.0156021118164063 -0.0356941223144531
0.0140800476074219 -0.0254077911376953 -0.0195198059082031 -0.0259056091308594
0.0200042724609375 -0.0149097442626953 -0.0318012237548828 -0.0145244598388672
0.0171337127685547 -0.00655364990234375 -0.0331916809082031 -0.0102348327636719
0.0152502059936523 -0.00433921813964844 -0.0438423156738281 -0.00960922241210937
0.0256195068359375 -0.00138092041015625 -0.0620918273925781 -0.00332641601562501
0.0267524719238281 0.00788497924804688 -0.0663871765136719 0.000202178955078126
0.0455818176269531 0.0433616638183594 -0.0180740356445313 -0.0560493469238281
0.0471725463867188 0.030517578125 0.00830554962158203 -0.0117216110229492
0.0387649536132813 0.0191688537597656 0.0350685119628906 0.00310707092285156
0.0428466796875 0.0100288391113281 0.0591583251953125 -0.0134925842285156
0.0416755676269531 -0.00778579711914063 0.05389404296875 -0.0338706970214844
0.0318546295166016 -0.0319309234619141 0.035247802734375 -0.0571403503417969
0.0160942077636719 -0.0436477661132813 0.0100631713867188 -0.0533828735351563
0.0128211975097656 -0.0403060913085938 -0.00850677490234375 -0.0368766784667969
0.0113143920898438 -0.0454292297363281 -0.0167350769042969 -0.0205421447753906
0.0209846496582031 -0.04461669921875 -0.0223255157470703 -0.0141544342041016
0.0323677062988281 -0.0304679870605469 -0.033935546875 -0.00551605224609375
0.0348892211914063 -0.0182323455810547 -0.0342350006103516 -0.00602912902832032
0.0373802185058594 -0.00514602661132812 -0.0409736633300781 -0.00762176513671875
0.0484352111816406 0.006195068359375 -0.0489845275878906 0.000942230224609368
0.0486488342285156 0.0198745727539063 -0.0504417419433594 0.00952911376953126
0.0590248107910156 0.0550880432128906 0.003387451171875 -0.0391273498535156
0.0654029846191406 0.043121337890625 0.0253582000732422 0.001953125
0.0591316223144531 0.0236701965332031 0.0419235229492188 0.00790023803710938
0.0620269775390625 0.0062713623046875 0.0585746765136719 -0.0091552734375
0.0543937683105469 -0.0162734985351563 0.0479087829589844 -0.0269012451171875
0.0393600463867188 -0.0454139709472656 0.0279884338378906 -0.0444526672363281
0.0182991027832031 -0.0546226501464844 0.00684738159179688 -0.0336761474609375
0.0149917602539062 -0.0503578186035156 -0.00841522216796875 -0.0159282684326172
0.0140380859375 -0.0565834045410156 -0.015965461730957 -0.000844955444335942
0.0247611999511719 -0.0571060180664062 -0.0239372253417969 0.0021209716796875
0.0397529602050781 -0.0410003662109375 -0.0351028442382813 0.00613021850585937
0.0485267639160156 -0.0271339416503906 -0.0343990325927734 -0.000928878784179691
0.0553779602050781 -0.00574874877929687 -0.0367164611816406 -0.00694274902343749
0.0657577514648438 0.0136604309082031 -0.0312976837158203 0.00452995300292969
0.0629158020019531 0.0305328369140625 -0.0285205841064453 0.0217094421386719
0.0626945495605469 0.0583610534667969 0.0260105133056641 -0.0230312347412109
0.074127197265625 0.047698974609375 0.042236328125 0.0134963989257813
0.0699462890625 0.0232582092285156 0.046417236328125 0.011260986328125
0.07073974609375 0.00087738037109375 0.0530509948730469 -0.003326416015625
0.0579147338867188 -0.0233917236328125 0.0388259887695313 -0.0166015625
0.0396881103515625 -0.0524177551269531 0.0201892852783203 -0.0276641845703125
0.0172348022460938 -0.0581741333007813 0.00308322906494141 -0.0107078552246094
0.015106201171875 -0.0523948669433594 -0.00758123397827148 0.00715923309326171
0.0141143798828125 -0.0596504211425781 -0.0146522521972656 0.0203227996826172
0.0261001586914062 -0.0594406127929687 -0.0253505706787109 0.0201511383056641
0.043792724609375 -0.043609619140625 -0.0352859497070313 0.0185127258300781
0.0553398132324219 -0.0295753479003906 -0.0338535308837891 0.00472068786621093
0.0647811889648438 -0.00170135498046875 -0.0307273864746094 -0.00547409057617187
0.072052001953125 0.0221405029296875 -0.011871337890625 0.00829219818115234
0.0663414001464844 0.0392417907714844 -0.00481033325195312 0.0360755920410156
0.0556259155273438 0.0516014099121094 0.0475654602050781 -0.00912857055664062
0.0714950561523438 0.0433883666992187 0.0574722290039063 0.0195579528808594
0.0679931640625 0.0179901123046875 0.0481986999511719 0.0110206604003906
0.0657463073730469 -0.00497055053710938 0.0459098815917969 0.00189590454101562
0.0516242980957031 -0.0276641845703125 0.0301895141601563 -0.00429344177246094
0.0316543579101562 -0.0521774291992188 0.0126552581787109 -0.00776863098144532
0.012298583984375 -0.0523452758789062 0.00189018249511719 0.0128974914550781
0.01220703125 -0.0458259582519531 -0.00622367858886719 0.0289154052734375
0.0130157470703125 -0.0535354614257813 -0.0135002136230469 0.0401268005371094
0.0250091552734375 -0.0534744262695313 -0.0273017883300781 0.0369033813476563
0.0428657531738281 -0.0380172729492188 -0.0370254516601563 0.02984619140625
0.0552635192871094 -0.0240898132324219 -0.0336971282958984 0.0100898742675781
0.0633583068847656 0.00524139404296875 -0.0240077972412109 -0.00415611267089843
0.0671234130859375 0.0296173095703125 0.0070791244506836 0.0139493942260742
0.0572547912597656 0.0432968139648437 0.0165786743164063 0.0525550842285156
0.0396499633789063 0.0379562377929688 0.0645179748535156 -0.00112533569335937
0.0569725036621094 0.0335655212402344 0.0681419372558594 0.0194435119628906
0.05364990234375 0.0107917785644531 0.0471725463867188 0.00893783569335938
0.0504570007324219 -0.00836563110351563 0.0372390747070313 0.00692367553710937
0.0364570617675781 -0.0256500244140625 0.0229225158691406 0.00646400451660156
0.0183677673339844 -0.0419540405273437 0.00872325897216797 0.0103492736816406
0.00525665283203125 -0.0376930236816406 0.00285530090332031 0.0322723388671875
0.00699424743652344 -0.0329132080078125 -0.00342178344726562 0.0465278625488281
0.00858306884765625 -0.0393142700195313 -0.0144195556640625 0.0561714172363281
0.0194053649902344 -0.0391426086425781 -0.03179931640625 0.0499458312988281
0.0358810424804688 -0.0273666381835938 -0.0409164428710937 0.0374336242675781
0.0467681884765625 -0.0155296325683594 -0.0354042053222656 0.0147895812988281
0.0521774291992188 0.0116195678710938 -0.0186119079589844 -1.71661376953142E-05
0.0517997741699219 0.0317840576171875 0.0202484130859375 0.0226116180419922
0.0393180847167969 0.0409698486328125 0.0319290161132813 0.0686607360839844
0.0161495208740234 0.0213603973388672 0.0742874145507813 0.00112152099609375
0.0335712432861328 0.0208911895751953 0.0709686279296875 0.0145263671875
0.0314674377441406 0.00385093688964844 0.0437049865722656 0.0059967041015625
0.0271778106689453 -0.00868797302246094 0.031707763671875 0.0104732513427734
0.0164194107055664 -0.0174875259399414 0.0193805694580078 0.0142364501953125
0.00361442565917969 -0.0245304107666016 0.00899505615234375 0.0236930847167969
-0.00159263610839844 -0.0167875289916992 0.00614166259765625 0.0446128845214844
0.000146865844726561 -0.0142269134521484 -0.000358581542968755 0.0572700500488281
0.0015716552734375 -0.0195274353027344 -0.0153465270996094 0.0652389526367188
0.00885963439941406 -0.0220489501953125 -0.0371780395507813 0.0579376220703125
0.02166748046875 -0.015655517578125 -0.0458526611328125 0.0413093566894531
0.0297775268554688 -0.00802421569824219 -0.0389289855957031 0.0183334350585938
0.0327491760253906 0.0122566223144531 -0.0183773040771484 0.004608154296875
0.0298404693603516 0.0253181457519531 0.0251369476318359 0.0314674377441406
0.0160064697265625 0.0295200347900391 0.0393142700195313 0.0819015502929688
0.00358128547668457 0.00363659858703613 -0.0485382080078125 -0.0703125
-0.00218582153320313 -0.00650453567504883 -0.0180301666259766 -0.0275096893310547
-0.0101861953735352 -0.000147819519042967 0.0224819183349609 -0.00302505493164063
-0.00418758392333984 0.00789976119995117 0.0518684387207031 -0.0209579467773438
0.00243377685546875 0.00472307205200195 0.0520133972167969 -0.0435218811035156
0.00330305099487305 0.00095057487487793 0.0346870422363281 -0.0683135986328125
0.00255823135375977 -0.00564479827880859 0.00888061523437501 -0.0733871459960937
0.00093531608581543 -0.00429081916809082 -0.00996780395507813 -0.0590744018554687
0.000590801239013672 -0.00443553924560547 -0.0171737670898437 -0.0420913696289063
0.00399637222290039 -0.00285911560058594 -0.01898193359375 -0.0300655364990234
0.00359344482421875 0.00207424163818359 -0.0305557250976562 -0.0170688629150391
-0.00452613830566406 0.0050511360168457 -0.0349025726318359 -0.00954246520996094
-0.010711669921875 -0.0045328140258789 -0.0463104248046875 -0.00998687744140625
-0.00120162963867188 -0.0118446350097656 -0.0706634521484375 -0.00410461425781249
-0.000197410583496094 -0.00526714324951172 -0.0761337280273438 0.000366210937500009
0.0294284820556641 0.023223876953125 -0.038330078125 -0.0653953552246094
0.0255451202392578 0.0101127624511719 -0.00730133056640625 -0.0222663879394531
0.0159387588500977 0.00850105285644531 0.02886962890625 -0.00206947326660156
0.0208034515380859 0.00762748718261719 0.056304931640625 -0.0202178955078125
0.0224323272705078 -0.00279808044433594 0.0533523559570313 -0.0423355102539063
0.0168190002441406 -0.0177440643310547 0.0346870422363281 -0.0665512084960938
0.00824737548828125 -0.0275058746337891 0.00788116455078125 -0.0675506591796875
0.00580215454101562 -0.0253582000732422 -0.0115509033203125 -0.050811767578125
0.00512123107910157 -0.0279636383056641 -0.0193576812744141 -0.0341758728027344
0.0127525329589844 -0.0264167785644531 -0.0225620269775391 -0.0248374938964844
0.0192699432373047 -0.0167922973632813 -0.0338382720947266 -0.0127048492431641
0.0172557830810547 -0.00750064849853516 -0.0350742340087891 -0.00834083557128907
0.0143604278564453 -0.00468635559082031 -0.0454139709472656 -0.0068817138671875
0.0251903533935547 -0.00324058532714844 -0.0635108947753906 0.00128936767578125
0.0275344848632813 0.00651168823242188 -0.0685691833496094 0.00591659545898437
0.0509033203125 0.0404205322265625 -0.0213432312011719 -0.0544471740722656
0.0506782531738281 0.0265159606933594 0.00786685943603516 -0.0113821029663086
0.0409736633300781 0.0156593322753906 0.0364112854003906 0.00165939331054688
0.0450363159179688 0.0060577392578125 0.0592498779296875 -0.0176124572753906
0.0408973693847656 -0.0115280151367188 0.0521926879882813 -0.0381622314453125
0.0291519165039063 -0.0352973937988281 0.0311050415039062 -0.0600814819335938
0.0123481750488281 -0.0456390380859375 0.00645446777343751 -0.0538711547851563
0.00925064086914062 -0.0412826538085938 -0.0117073059082031 -0.0355300903320313
0.0075836181640625 -0.0468254089355469 -0.0190982818603516 -0.0187759399414063
0.0180397033691406 -0.0471115112304688 -0.0253200531005859 -0.0124893188476563
0.0301399230957031 -0.0333995819091797 -0.0354499816894531 -0.00333023071289063
0.0344333648681641 -0.0214004516601563 -0.0354118347167969 -0.00384521484375
0.037109375 -0.00792312622070313 -0.0428810119628906 -0.00510406494140625
0.0491142272949219 0.003082275390625 -0.0502090454101563 0.00490570068359375
0.051239013671875 0.0164985656738281 -0.0517234802246094 0.0144920349121094
0.0647163391113281 0.0509796142578125 0.00138473510742188 -0.0399589538574219
0.0698623657226563 0.0379257202148438 0.0257816314697266 0.001495361328125
0.061920166015625 0.0190277099609375 0.043731689453125 0.006439208984375
0.0635337829589844 0.00131607055664063 0.058746337890625 -0.012481689453125
0.053741455078125 -0.0211448669433594 0.0464897155761719 -0.0307464599609375
0.0359611511230469 -0.04827880859375 0.0248756408691406 -0.0471649169921875
0.0140037536621094 -0.0568008422851563 0.00338935852050781 -0.0339908599853516
0.0111579895019531 -0.0512123107910156 -0.0102262496948242 -0.0147838592529297
0.00875091552734375 -0.0586738586425781 -0.016754150390625 0.000871658325195309
0.0196914672851562 -0.0599784851074219 -0.0254917144775391 0.00374412536621093
0.0369682312011719 -0.0447235107421875 -0.0359077453613281 0.00933837890625
0.046539306640625 -0.0323371887207031 -0.0352745056152344 0.000988006591796867
0.0551986694335937 -0.0099334716796875 -0.0386962890625 -0.00407409667968751
0.0667495727539063 0.008880615234375 -0.0325584411621094 0.00681114196777344
0.0664253234863281 0.0262336730957031 -0.0290565490722656 0.0253677368164063
0.068878173828125 0.0533981323242188 0.0257282257080078 -0.0248069763183594
0.0782089233398438 0.0416412353515625 0.0448265075683594 0.011871337890625
0.072357177734375 0.0184707641601562 0.0484161376953125 0.009765625
0.07196044921875 -0.00492095947265625 0.0543212890625 -0.00572586059570313
0.0572395324707031 -0.0284385681152344 0.0381851196289063 -0.0191268920898438
0.034576416015625 -0.0559921264648438 0.0177040100097656 -0.0287761688232422
0.01171875 -0.0592765808105469 0.00156021118164063 -0.0105791091918945
0.01080322265625 -0.0537948608398438 -0.00776576995849609 0.00789070129394531
0.00940704345703125 -0.0611953735351563 -0.0138759613037109 0.0225048065185547
0.0203704833984375 -0.0622596740722656 -0.0250453948974609 0.0225715637207031
0.0405654907226563 -0.0479545593261719 -0.0358619689941406 0.0211410522460937
0.0534095764160156 -0.0348854064941406 -0.0348052978515625 0.00724983215332031
0.0645599365234375 -0.00684356689453125 -0.0326480865478515 -0.00336456298828125
0.074676513671875 0.0167770385742188 -0.0121097564697266 0.00826358795166016
0.0700607299804688 0.0342330932617188 -0.00381088256835937 0.0380706787109375
0.0609970092773438 0.0473098754882813 0.0482864379882813 -0.0118865966796875
0.0750274658203125 0.0380020141601563 0.0599517822265625 0.01702880859375
0.0697784423828125 0.0132408142089844 0.0501861572265625 0.010009765625
0.0668373107910156 -0.0101242065429688 0.0470504760742188 0.000556945800781249
0.0494728088378906 -0.0320510864257813 0.0300445556640625 -0.00635719299316406
0.0268974304199219 -0.0541000366210938 0.0118865966796875 -0.00840377807617188
0.00707626342773438 -0.0531997680664063 0.00279808044433594 0.0126285552978516
0.00754928588867188 -0.0476188659667969 -0.00363922119140625 0.0299739837646484
0.007904052734375 -0.054656982421875 -0.0109367370605469 0.0421600341796875
0.0195274353027344 -0.0555076599121094 -0.0260086059570313 0.0395278930664063
0.0396575927734375 -0.0425682067871094 -0.0363082885742188 0.0324554443359375
0.0531539916992188 -0.0294265747070313 -0.0338935852050781 0.0127887725830078
0.0641555786132813 0.00017547607421875 -0.0252685546875 -0.00157546997070313
0.0701446533203125 0.0245132446289063 0.00747871398925782 0.0131683349609375
0.06170654296875 0.0387840270996094 0.0192985534667969 0.0525970458984375
0.0432815551757812 0.0346145629882812 0.0661468505859375 -0.00616073608398437
0.0602760314941406 0.0287017822265625 0.0708770751953125 0.0152740478515625
0.0550880432128906 0.00609970092773438 0.0486488342285156 0.00685501098632813
0.0500411987304688 -0.0125923156738281 0.0390777587890625 0.00564193725585937
0.0344505310058594 -0.0288047790527344 0.0238037109375 0.00550079345703125
0.013946533203125 -0.0433311462402344 0.00989341735839844 0.0107450485229492
0.0014801025390625 -0.0377235412597656 0.00564765930175781 0.0322418212890625
0.00370979309082031 -0.0333137512207031 0.000572204589843754 0.0470771789550781
0.00497817993164063 -0.0401496887207031 -0.00963592529296875 0.0578804016113281
0.0155601501464844 -0.0412330627441406 -0.0291252136230469 0.0531234741210938
0.0335617065429688 -0.0303611755371094 -0.0394172668457031 0.0404586791992187
0.0453224182128906 -0.0201683044433594 -0.0352439880371094 0.0175094604492188
0.0526466369628906 0.00754547119140625 -0.02001953125 0.00130844116210937
0.054840087890625 0.0279769897460938 0.0211887359619141 0.0206851959228516
0.0433006286621094 0.0375556945800781 0.0363578796386719 0.0671920776367187
0.0176525115966797 0.0194835662841797 0.076141357421875 -0.005096435546875
0.03582763671875 0.0179214477539063 0.0739288330078125 0.00959014892578125
0.0323314666748047 0.0016632080078125 0.0450668334960938 0.00452041625976563
0.0267353057861328 -0.010772705078125 0.0331668853759766 0.00952720642089844
0.014617919921875 -0.0193309783935547 0.0212936401367188 0.0130252838134766
0.000383377075195314 -0.0239200592041016 0.0114898681640625 0.023529052734375
-0.00356769561767578 -0.0164785385131836 0.0107154846191406 0.0438995361328125
-0.00172805786132813 -0.0139560699462891 0.00470733642578126 0.0576133728027344
-0.000503540039062502 -0.0194454193115234 -0.0104408264160156 0.0668792724609375
0.00642585754394531 -0.0226058959960938 -0.0336036682128906 0.0611190795898438
0.0197353363037109 -0.0177097320556641 -0.0439949035644531 0.04547119140625
0.0289821624755859 -0.010498046875 -0.0387992858886719 0.0205879211425781
0.0338630676269531 0.00963973999023438 -0.0189838409423828 0.00610733032226563
0.0318813323974609 0.0230197906494141 0.0272045135498047 0.0295009613037109
0.0187358856201172 0.0277576446533203 0.0444564819335937 0.079864501953125
0.0039517879486084 0.00331759452819824 -0.0505790710449219 -0.0651206970214844
-0.00191116333007813 -0.00630569458007813 -0.0190296173095703 -0.0249786376953125
-0.00929546356201172 0.00072765350341797 0.0222015380859375 -0.00429534912109375
-0.00335359573364258 0.00779485702514648 0.049468994140625 -0.0234031677246094
0.00303077697753906 0.00456428527832031 0.0485076904296875 -0.0465316772460938
0.00404834747314453 -0.000184535980224609 0.0296173095703125 -0.0692558288574219
0.00261068344116211 -0.0065455436706543 0.00257110595703124 -0.0716323852539063
0.00122356414794922 -0.00466728210449219 -0.0144615173339844 -0.0561294555664063
0.00100898742675781 -0.00453996658325195 -0.0202102661132813 -0.039947509765625
0.0043187141418457 -0.00347590446472168 -0.0211238861083984 -0.0285053253173828
0.00496912002563477 0.0013890266418457 -0.0317268371582031 -0.0145034790039062
-0.00398111343383789 0.00623798370361328 -0.035125732421875 -0.00822639465332031
-0.010737419128418 -0.00340652465820312 -0.046142578125 -0.00816726684570312
-0.00237846374511719 -0.0112247467041016 -0.0695724487304688 0.000846862792968756
-0.000642776489257813 -0.00523090362548828 -0.0760574340820313 0.00608825683593749
0.0310096740722656 0.0207271575927734 -0.0402793884277344 -0.0609397888183594
0.0260066986083984 0.00792312622070313 -0.00817489624023437 -0.0206089019775391
0.0158805847167969 0.00666618347167969 0.0288047790527344 -0.00347900390625
0.0209236145019531 0.00521469116210938 0.0543937683105469 -0.0235748291015625
0.0220680236816406 -0.00502967834472656 0.0502281188964844 -0.0448646545410156
0.0155925750732422 -0.0188751220703125 0.0290107727050781 -0.0678596496582031
0.00629425048828125 -0.0280666351318359 0.00247573852539062 -0.0658226013183594
0.00442314147949219 -0.0257034301757813 -0.01531982421875 -0.04791259765625
0.00338935852050781 -0.0275726318359375 -0.0219917297363281 -0.0319271087646484
0.0111083984375 -0.027069091796875 -0.0250244140625 -0.0231647491455078
0.0184230804443359 -0.0177097320556641 -0.0345973968505859 -0.0100955963134766
0.0163555145263672 -0.00807762145996094 -0.0350418090820313 -0.00689125061035157
0.0128555297851563 -0.00508022308349609 -0.0450859069824219 -0.00502395629882812
0.0241432189941406 -0.00498199462890625 -0.0624046325683594 0.00555038452148437
0.0276603698730469 0.00442123413085938 -0.0676155090332031 0.0117759704589844
0.0532073974609375 0.0363197326660156 -0.0231742858886719 -0.05120849609375
0.0510749816894531 0.0220184326171875 0.007476806640625 -0.0104866027832031
0.0412368774414063 0.0125923156738281 0.0367813110351563 -1.52587890624992E-05
0.044830322265625 0.0024566650390625 0.0574531555175781 -0.0198783874511719
0.0390815734863281 -0.0143852233886719 0.0486984252929688 -0.0404548645019531
0.0256690979003906 -0.0361595153808594 0.0264434814453125 -0.0604438781738281
0.00873184204101563 -0.04559326171875 0.00152206420898437 -0.0525856018066406
0.006561279296875 -0.042022705078125 -0.0145683288574219 -0.0320968627929688
0.00438308715820313 -0.0464248657226563 -0.0212326049804688 -0.0163860321044922
0.0141448974609375 -0.0472526550292969 -0.0269298553466797 -0.0109786987304688
0.0275058746337891 -0.0348758697509766 -0.0363044738769531 -0.00096130371093751
0.0324630737304688 -0.0230216979980469 -0.0358734130859375 -0.00241470336914063
0.0353012084960938 -0.00948333740234375 -0.0428657531738281 -0.00251007080078125
0.0476837158203125 0.000133514404296875 -0.0493049621582031 0.0084686279296875
0.0511398315429688 0.0125274658203125 -0.051025390625 0.0185012817382813
0.067779541015625 0.0450630187988281 3.81469726562511E-05 -0.0381736755371094
0.07073974609375 0.0317916870117188 0.0260238647460938 0.00153923034667969
0.061676025390625 0.0151023864746094 0.0437850952148438 0.00525665283203125
0.0621490478515625 -0.00328445434570313 0.057220458984375 -0.0149040222167969
0.0507659912109375 -0.0245323181152344 0.0438041687011719 -0.0322837829589844
0.0307655334472656 -0.0498123168945313 0.0211219787597656 -0.0472488403320313
0.00893783569335937 -0.0557975769042969 0.000726699829101564 -0.0324974060058594
0.00745773315429688 -0.0515213012695313 -0.0114650726318359 -0.0124197006225586
0.00432586669921875 -0.0582656860351563 -0.0169038772583008 0.00283718109130859
0.0148735046386719 -0.0595245361328125 -0.0260982513427734 0.00578308105468749
0.0332221984863281 -0.0465888977050781 -0.0362739562988281 0.0112571716308594
0.0428924560546875 -0.0341072082519531 -0.0359344482421875 0.00319671630859374
0.0527534484863281 -0.01263427734375 -0.0390205383300781 -0.00151443481445313
0.0653076171875 0.00429153442382813 -0.0321216583251953 0.00913047790527344
0.0668525695800781 0.0206413269042969 -0.0276451110839844 0.02740478515625
0.0710678100585938 0.0466232299804688 0.0245532989501953 -0.0246238708496094
0.07958984375 0.0347442626953125 0.0447158813476563 0.0103340148925781
0.0719375610351563 0.0131683349609375 0.048828125 0.00802230834960938
0.0698928833007813 -0.0102806091308594 0.0532760620117188 -0.00810623168945313
0.0530319213867188 -0.0315589904785156 0.0368919372558594 -0.0207138061523438
0.0296707153320312 -0.0562057495117188 0.0151615142822266 -0.0284137725830078
0.00704193115234375 -0.05828857421875 0.00154972076416016 -0.0100364685058594
0.00673294067382812 -0.0530548095703125 -0.00710487365722656 0.0097818374633789
0.00342178344726563 -0.0600128173828125 -0.0124759674072266 0.0232563018798828
0.0147895812988281 -0.0621376037597656 -0.0247554779052734 0.023529052734375
0.0360755920410156 -0.0502548217773438 -0.0350704193115234 0.0239830017089844
0.0494155883789062 -0.0381660461425781 -0.0343589782714844 0.00944900512695313
0.0625190734863281 -0.0109214782714844 -0.0326442718505859 -0.000482559204101556
0.07366943359375 0.0110931396484375 -0.0119037628173828 0.00992107391357422
0.0707855224609375 0.0281524658203125 -0.0025634765625 0.0380363464355469
0.0630035400390625 0.0416526794433594 0.0478248596191406 -0.0145339965820312
0.075836181640625 0.0309982299804688 0.0600967407226563 0.0132904052734375
0.069549560546875 0.00884246826171875 0.0501556396484375 0.00874710083007813
0.0645980834960938 -0.0149688720703125 0.0470428466796875 -0.0014495849609375
0.0462379455566406 -0.0345191955566406 0.0292377471923828 -0.00753974914550781
0.0216217041015625 -0.0543708801269531 0.0110692977905273 -0.00805759429931641
0.00290679931640625 -0.0511932373046875 0.00357437133789062 0.0126762390136719
0.00408935546875 -0.0458984375 -0.00126266479492188 0.0301952362060547
0.003143310546875 -0.053375244140625 -0.00806045532226563 0.0422782897949219
0.0145912170410156 -0.0560989379882812 -0.023681640625 0.0406379699707031
0.0357894897460938 -0.0440483093261719 -0.0345306396484375 0.0349922180175781
0.0503120422363281 -0.0336685180664063 -0.0332889556884766 0.0147972106933594
0.0619583129882813 -0.00453948974609375 -0.0251178741455078 0.000211715698242185
0.0701828002929688 0.0188674926757813 0.00722122192382813 0.0127477645874023
0.0636558532714844 0.0333595275878906 0.0214309692382813 0.0514488220214844
0.044952392578125 0.0305061340332031 0.0652046203613281 -0.0102157592773437
0.0606689453125 0.0232582092285156 0.0713958740234375 0.0112991333007813
0.0545158386230469 0.00304794311523438 0.0484886169433594 0.005889892578125
0.048431396484375 -0.0162277221679688 0.039093017578125 0.00406265258789062
0.0309524536132813 -0.0304031372070313 0.0241756439208984 0.00435638427734375
0.0100250244140625 -0.0422782897949219 0.0106649398803711 0.00994300842285156
-0.00199508666992187 -0.0365257263183594 0.0087127685546875 0.0308132171630859
0.000709533691406252 -0.0321750640869141 0.0041656494140625 0.04608154296875
0.00109481811523437 -0.0387191772460938 -0.00587081909179688 0.0577964782714844
0.0113410949707031 -0.0408973693847656 -0.0253486633300781 0.0537757873535156
0.0296134948730469 -0.0324974060058594 -0.0369949340820312 0.042694091796875
0.0429496765136719 -0.0228691101074219 -0.0338211059570313 0.0189876556396484
0.0519256591796875 0.00370407104492188 -0.0201320648193359 0.00316047668457031
0.0550117492675781 0.0232582092285156 0.0218772888183594 0.0190811157226563
0.0455131530761719 0.0325202941894531 0.0382499694824219 0.0642356872558594
0.018707275390625 0.0165729522705078 0.0748748779296875 -0.0101318359375
0.0360984802246094 0.014373779296875 0.0736846923828125 0.00539398193359375
0.0319423675537109 -0.00108718872070312 0.04486083984375 0.0022430419921875
0.0252513885498047 -0.0126152038574219 0.0338211059570313 0.00839042663574219
0.0128288269042969 -0.0203666687011719 0.0225257873535156 0.0124492645263672
-0.00168609619140625 -0.0233001708984375 0.0134296417236328 0.022247314453125
-0.0050811767578125 -0.0147552490234375 0.0143661499023437 0.0420684814453125
-0.00243854522705078 -0.0129518508911133 0.00898742675781249 0.0551567077636719
-0.002105712890625 -0.0178241729736328 -0.00447463989257812 0.0660057067871094
0.00377082824707031 -0.0221633911132813 -0.0287895202636719 0.0619888305664063
0.0177021026611328 -0.0187053680419922 -0.0410079956054688 0.04736328125
0.0272960662841797 -0.0125751495361328 -0.0369338989257812 0.0232200622558594
0.0336685180664062 0.00691795349121094 -0.0180149078369141 0.0074005126953125
0.0326728820800781 0.0204944610595703 0.0274448394775391 0.0257415771484375
0.0202274322509766 0.0250587463378906 0.047515869140625 0.0753326416015625
0.00415873527526855 0.00363349914550781 -0.0493850708007813 -0.0612754821777344
-0.00202226638793945 -0.00598287582397461 -0.0185508728027344 -0.0229911804199219
-0.00885486602783203 0.000943183898925783 0.0225048065185547 -0.00481033325195313
-0.00231790542602539 0.00747299194335937 0.0473556518554688 -0.0244865417480469
0.00366997718811035 0.00413417816162109 0.0452041625976563 -0.0466690063476563
0.0043485164642334 -0.000660896301269531 0.0264625549316406 -0.0679473876953125
0.00245094299316406 -0.00706052780151367 -0.000236511230468751 -0.0683403015136719
0.00225925445556641 -0.00527334213256836 -0.0163917541503906 -0.0521316528320313
0.00217723846435547 -0.00483274459838867 -0.0215301513671875 -0.0374298095703125
0.00506162643432617 -0.00366353988647461 -0.022216796875 -0.0271949768066406
0.00515937805175781 0.00127220153808594 -0.0318832397460938 -0.0132312774658203
-0.00299644470214844 0.00664854049682617 -0.0346698760986328 -0.00751304626464844
-0.0109052658081055 -0.00226306915283203 -0.0449714660644531 -0.00768661499023437
-0.00325393676757812 -0.0104656219482422 -0.0673789978027344 0.00255966186523438
-0.0012061595916748 -0.00424671173095703 -0.0735549926757813 0.00986480712890624
0.031463623046875 0.0192813873291016 -0.039215087890625 -0.0576133728027344
0.0255279541015625 0.00645256042480469 -0.00793838500976562 -0.0187892913818359
0.0160846710205078 0.00598049163818359 0.0285186767578125 -0.00371360778808594
0.0205535888671875 0.00391387939453125 0.0518836975097656 -0.0237350463867187
0.0211544036865234 -0.00570297241210938 0.0468521118164063 -0.0445289611816406
0.0144519805908203 -0.0193290710449219 0.0258255004882813 -0.0660552978515625
0.00450325012207031 -0.0274066925048828 -0.000152587890625001 -0.0627250671386719
0.00363731384277344 -0.0251502990722656 -0.0173530578613281 -0.0442314147949219
0.00241470336914063 -0.0270328521728516 -0.0230674743652344 -0.0287876129150391
0.0102138519287109 -0.0267314910888672 -0.0264339447021484 -0.0215835571289062
0.0174198150634766 -0.0175447463989258 -0.03460693359375 -0.0088043212890625
0.0160312652587891 -0.0078125 -0.0344619750976563 -0.00553131103515626
0.012608528137207 -0.00459957122802734 -0.0434722900390625 -0.00387573242187501
0.0224571228027344 -0.00504302978515625 -0.0602035522460938 0.00742721557617187
0.0265903472900391 0.00376319885253906 -0.0652809143066406 0.0144462585449219
0.0534858703613281 0.0326766967773438 -0.0219573974609375 -0.0487403869628906
0.0500564575195313 0.019012451171875 0.00779056549072266 -0.00949478149414062
0.0405082702636719 0.011138916015625 0.0360183715820313 0.000652313232421876
0.0431594848632813 0.00066375732421875 0.0549087524414063 -0.0206069946289063
0.0370712280273438 -0.0157508850097656 0.0455856323242188 -0.0401954650878906
0.0234642028808594 -0.0359153747558594 0.0234870910644531 -0.0586700439453125
0.00667953491210938 -0.0441360473632813 -0.000572204589843744 -0.0493927001953125
0.0049285888671875 -0.0405998229980469 -0.0156650543212891 -0.0293655395507813
0.00249862670898438 -0.0450057983398438 -0.0215187072753906 -0.0141735076904297
0.0117759704589844 -0.0457344055175781 -0.0277690887451172 -0.00913810729980469
0.0258426666259766 -0.0347442626953125 -0.0366325378417969 0.000480651855468741
0.030548095703125 -0.0231704711914063 -0.0353965759277344 -0.00168609619140625
0.0338134765625 -0.00967025756835938 -0.0417938232421875 -0.000946044921874998
0.0456008911132812 -0.0016632080078125 -0.0483894348144531 0.0103302001953125
0.0496635437011719 0.0106010437011719 -0.0492591857910156 0.0211601257324219
0.0674095153808594 0.0403366088867188 0.000316619873046881 -0.0358314514160156
0.0688819885253906 0.0276069641113281 0.0260658264160156 0.0016021728515625
0.0602493286132813 0.01263427734375 0.0430793762207031 0.00487518310546875
0.0600852966308594 -0.00629425048828125 0.0555496215820313 -0.0147895812988281
0.0477867126464844 -0.0257644653320313 0.0415763854980469 -0.0317344665527344
0.0275306701660156 -0.0483818054199219 0.0178947448730469 -0.0453720092773438
0.00656509399414062 -0.0534744262695313 -0.00032234191894531 -0.0305461883544922
0.00499343872070313 -0.0495643615722656 -0.0117130279541016 -0.0100536346435547
0.00171279907226563 -0.0550575256347656 -0.0170583724975586 0.00454235076904297
0.0118408203125 -0.0577812194824219 -0.0263118743896484 0.00643730163574218
0.0298728942871094 -0.0462379455566406 -0.0354843139648438 0.0121955871582031
0.0403594970703125 -0.0345306396484375 -0.0348968505859375 0.00399589538574218
0.0501060485839844 -0.0136985778808594 -0.0381660461425781 0.000122070312500003
0.0630340576171875 0.001953125 -0.0313053131103516 0.0108737945556641
0.0651283264160156 0.0174751281738281 -0.0269451141357422 0.0290355682373047
0.071136474609375 0.04156494140625 0.0246295928955078 -0.0246009826660156
0.0776824951171875 0.0298233032226562 0.0442123413085938 0.00896835327148438
0.0696792602539062 0.0106315612792969 0.0478324890136719 0.00807952880859375
0.0673484802246094 -0.0122184753417969 0.0521011352539063 -0.00799942016601563
0.0496101379394531 -0.0331268310546875 0.0349788665771484 -0.0201053619384766
0.0258369445800781 -0.0550880432128906 0.0134639739990234 -0.0273628234863281
0.00455474853515625 -0.0554008483886719 0.00112056732177735 -0.00921440124511719
0.00419998168945312 -0.0509796142578125 -0.00666141510009766 0.0098123550415039
0.000755310058593752 -0.0575523376464844 -0.0118293762207031 0.0235881805419922
0.0112991333007812 -0.0601959228515625 -0.0241317749023438 0.0241737365722656
0.0325202941894531 -0.0498809814453125 -0.0337963104248047 0.0245494842529297
0.0460014343261719 -0.0393562316894531 -0.0335063934326172 0.00950622558593749
0.0594596862792969 -0.0127296447753906 -0.0319557189941406 0.00103569030761718
0.0712966918945313 0.0081939697265625 -0.0121088027954101 0.010406494140625
0.0697746276855469 0.0244064331054688 -0.00310516357421875 0.0382080078125
0.0627555847167969 0.0362014770507813 0.0469245910644531 -0.0159912109375
0.0737152099609375 0.0263595581054688 0.0594100952148438 0.0116043090820313
0.0668144226074219 0.00571441650390625 0.0494308471679688 0.0078582763671875
0.0610275268554687 -0.0168304443359375 0.0461463928222656 -0.0016937255859375
0.0425338745117188 -0.0352058410644531 0.0283908843994141 -0.00710678100585938
0.0181808471679687 -0.0520401000976562 0.0103845596313477 -0.00738048553466797
0.000728607177734374 -0.04827880859375 0.00440025329589844 0.0120916366577148
0.001983642578125 -0.0436553955078125 0.000419616699218753 0.0297756195068359
0.000343322753906247 -0.0509071350097656 -0.00605392456054688 0.0418167114257812
0.0111656188964844 -0.0537261962890625 -0.0228500366210938 0.0407485961914063
0.0323104858398438 -0.0445404052734375 -0.0329990386962891 0.0350551605224609
0.0464973449707031 -0.0342216491699219 -0.0324020385742187 0.0154933929443359
0.0601425170898437 -0.00600433349609375 -0.0252437591552734 0.00176429748535156
0.0680122375488281 0.0156326293945313 0.00725936889648438 0.0125360488891602
0.0628662109375 0.0288543701171875 0.0207366943359375 0.04998779296875
0.0443572998046875 0.0264358520507813 0.0634117126464844 -0.0119476318359375
0.0589752197265625 0.0198898315429688 0.0691909790039063 0.00876998901367188
0.0526161193847656 0.00113677978515625 0.0477676391601563 0.00533676147460938
0.0458755493164063 -0.0175971984863281 0.0392990112304688 0.00441360473632812
0.0280361175537109 -0.0309009552001953 0.0238609313964844 0.0045623779296875
0.0074005126953125 -0.0401687622070313 0.0107450485229492 0.00958538055419922
-0.003173828125 -0.0336017608642578 0.00995254516601563 0.0293540954589844
-0.00026893615722656 -0.0300045013427734 0.00598526000976562 0.0443267822265625
-0.00118637084960937 -0.0363006591796875 -0.00309753417968749 0.05548095703125
0.00824737548828125 -0.0392608642578125 -0.0231094360351563 0.05291748046875
0.0268650054931641 -0.0327472686767578 -0.0345726013183594 0.042694091796875
0.0399932861328125 -0.0245895385742188 -0.0320491790771484 0.0198078155517578
0.0497360229492188 0.00141143798828125 -0.0193691253662109 0.00427818298339844
0.0537910461425781 0.0200881958007813 0.0205154418945313 0.0175132751464844
0.0452156066894531 0.0290908813476563 0.0380668640136719 0.0614356994628906
0.0189189910888672 0.0146408081054688 0.0726547241210938 -0.0127792358398437
0.0359458923339844 0.0121536254882813 0.0715789794921875 0.00293731689453125
0.0306625366210938 -0.001983642578125 0.0441474914550781 0.00186920166015625
0.023956298828125 -0.014251708984375 0.0335369110107422 0.00792121887207031
0.0108375549316406 -0.0197505950927734 0.0227584838867188 0.0118083953857422
-0.00289726257324219 -0.0216159820556641 0.0141735076904297 0.0214366912841797
-0.00550460815429687 -0.0128679275512695 0.015655517578125 0.0394248962402344
-0.00332164764404297 -0.0112905502319336 0.0116348266601563 0.0521011352539063
-0.00347614288330078 -0.0164613723754883 -0.00241470336914062 0.0635147094726563
0.00197029113769531 -0.0209445953369141 -0.0259361267089844 0.0605392456054688
0.0158233642578125 -0.0189971923828125 -0.0380630493164063 0.046630859375
0.0254688262939453 -0.0136680603027344 -0.0348968505859375 0.0239162445068359
0.0320281982421875 0.00525665283203125 -0.0179195404052734 0.00745201110839843
0.0321006774902344 0.0175704956054688 0.0268630981445313 0.0234298706054687
0.0204582214355469 0.0229778289794922 0.0471878051757813 0.0711212158203125
0.00531339645385742 0.00415992736816406 -0.0470962524414063 -0.0594253540039063
-0.00151634216308594 -0.00575685501098633 -0.0179443359375 -0.0210628509521484
-0.00815677642822265 0.000869750976562501 0.0223979949951172 -0.0042724609375
-0.00151824951171875 0.00705671310424805 0.0467643737792969 -0.0237197875976563
0.00362443923950195 0.00386810302734375 0.0444412231445313 -0.0452041625976563
0.00423359870910645 -0.000663518905639648 0.026092529296875 -0.065826416015625
0.00232934951782227 -0.00765419006347656 -0.000736236572265619 -0.0664901733398438
0.00247335433959961 -0.00584268569946289 -0.0164146423339844 -0.0498809814453125
0.00255584716796875 -0.00541782379150391 -0.0218658447265625 -0.0354537963867187
0.0057673454284668 -0.00458908081054688 -0.0229415893554688 -0.0263671875
0.00621223449707031 0.00150918960571289 -0.0317840576171875 -0.0132942199707031
-0.00257587432861328 0.00707530975341797 -0.0339145660400391 -0.00773048400878907
-0.0101308822631836 -0.00184249877929688 -0.0438194274902344 -0.00836944580078126
-0.00383281707763672 -0.00988006591796875 -0.0658798217773438 0.00242233276367186
-0.000890254974365234 -0.00287652015686035 -0.07275390625 0.0102386474609375
0.0309295654296875 0.0191917419433594 -0.037322998046875 -0.0562820434570312
0.0247039794921875 0.00587081909179688 -0.00690078735351562 -0.017390251159668
0.0156326293945313 0.00599193572998047 0.0286769866943359 -0.00317192077636719
0.0208797454833984 0.00330352783203125 0.0508270263671875 -0.0226211547851563
0.0205001831054688 -0.006256103515625 0.0461502075195313 -0.0434150695800781
0.0142841339111328 -0.0189151763916016 0.02496337890625 -0.064666748046875
0.00502586364746094 -0.0273857116699219 -0.000308990478515619 -0.0602836608886719
0.00408554077148438 -0.0247402191162109 -0.0171470642089844 -0.0419960021972656
0.00314712524414063 -0.0263023376464844 -0.0233154296875 -0.0272216796875
0.0101318359375 -0.0260219573974609 -0.0269432067871094 -0.0204925537109375
0.0178623199462891 -0.01702880859375 -0.0346755981445313 -0.00887680053710937
0.0159139633178711 -0.00717258453369141 -0.0346412658691406 -0.00581741333007812
0.0120363235473633 -0.00371456146240234 -0.0434112548828125 -0.00431442260742187
0.0214195251464844 -0.00440216064453125 -0.0593986511230469 0.0075531005859375
0.0257434844970703 0.00376129150390625 -0.0650901794433594 0.0152511596679688
0.0521011352539063 0.0314521789550781 -0.0202140808105469 -0.0470504760742188
0.0491218566894531 0.01800537109375 0.00866889953613282 -0.00808382034301758
0.0394744873046875 0.0105476379394531 0.0358695983886719 0.00162124633789063
0.0422821044921875 7.62939453125E-05 0.0546913146972656 -0.0195846557617188
0.0360870361328125 -0.0151519775390625 0.0445175170898438 -0.0388031005859375
0.0228500366210938 -0.0346736907958984 0.0221023559570313 -0.0567169189453125
0.0065155029296875 -0.0428237915039063 -0.000858306884765627 -0.04730224609375
0.00497817993164063 -0.0396194458007813 -0.0149002075195312 -0.0264930725097656
0.00183486938476562 -0.04400634765625 -0.0217456817626953 -0.0125904083251953
0.0111427307128906 -0.045074462890625 -0.0289649963378906 -0.00837326049804688
0.0251560211181641 -0.0330944061279297 -0.0363731384277344 0.000793457031250002
0.0299358367919922 -0.0222339630126953 -0.0354423522949219 -0.00214004516601562
0.0329475402832031 -0.00870132446289063 -0.0412979125976562 -0.00109100341796875
0.0441665649414063 -0.000843048095703125 -0.0471611022949219 0.0109672546386719
0.0482139587402344 0.010528564453125 -0.0493850708007813 0.022430419921875
0.0661468505859375 0.03955078125 0.00187301635742188 -0.0353584289550781
0.0674095153808594 0.0257568359375 0.0261192321777344 0.00280189514160156
0.0587120056152344 0.0123367309570312 0.0433921813964844 0.00672149658203125
0.058685302734375 -0.00630950927734375 0.054931640625 -0.0135574340820313
0.0458412170410156 -0.025390625 0.040618896484375 -0.0304946899414063
0.0266571044921875 -0.0470619201660156 0.017822265625 -0.0430717468261719
0.00656890869140625 -0.0516815185546875 0.000301361083984374 -0.0298080444335938
0.00458908081054687 -0.0482864379882813 -0.0118694305419922 -0.00877571105957032
0.00128555297851563 -0.0541343688964844 -0.0174036026000977 0.00523662567138671
0.0105705261230469 -0.0566139221191406 -0.0272331237792969 0.00680923461914062
0.0287055969238281 -0.0451583862304687 -0.0361862182617188 0.0128898620605469
0.0390739440917969 -0.0338859558105469 -0.0352516174316406 0.00333786010742187
0.0482444763183594 -0.012725830078125 -0.0379905700683594 0.000537872314453129
0.0618095397949219 0.0018463134765625 -0.0314140319824219 0.0103073120117188
0.0634574890136719 0.0164413452148438 -0.0274562835693359 0.0299549102783203
0.0699081420898438 0.0399818420410156 0.0256099700927734 -0.0241756439208984
0.0751495361328125 0.0284500122070313 0.0435981750488281 0.0103645324707031
0.0672950744628906 0.00987625122070313 0.047332763671875 0.00979995727539063
0.0653572082519531 -0.0124092102050781 0.0521926879882813 -0.00666046142578125
0.0481071472167969 -0.0322456359863281 0.0345687866210938 -0.0186748504638672
0.0243301391601563 -0.0530776977539063 0.0135517120361328 -0.0260410308837891
0.00345993041992188 -0.05328369140625 0.000995159149169921 -0.00796365737915039
0.00345230102539062 -0.0492515563964844 -0.00626754760742187 0.0107507705688477
-0.000595092773437506 -0.0554389953613281 -0.0119724273681641 0.02374267578125
0.0102767944335938 -0.0592994689941406 -0.0248184204101563 0.0243854522705078
0.0311012268066406 -0.0488090515136719 -0.0339031219482422 0.0242042541503906
0.04425048828125 -0.0384330749511719 -0.0333061218261719 0.00971794128417969
0.0574455261230469 -0.0119552612304688 -0.0315017700195312 0.00112152099609374
0.0698966979980469 0.00803756713867188 -0.012761116027832 0.0106029510498047
0.068511962890625 0.0228004455566406 -0.00371551513671875 0.0387649536132813
0.0608139038085938 0.0349998474121094 0.0468864440917969 -0.0158309936523438
0.071746826171875 0.025909423828125 0.0588912963867188 0.0120162963867188
0.0648117065429688 0.00630569458007812 0.0491943359375 0.00953292846679688
0.0599632263183594 -0.0167579650878906 0.0457115173339844 -0.000263214111328126
0.0409126281738281 -0.034332275390625 0.0287151336669922 -0.00605583190917969
0.0169868469238281 -0.0502166748046875 0.0104551315307617 -0.00691890716552735
0.000286102294921878 -0.0463905334472656 0.00438880920410156 0.0125894546508789
0.00181198120117187 -0.042449951171875 -7.62939453124975E-06 0.0297794342041016
-0.000751495361328125 -0.0485916137695313 -0.00603866577148438 0.0414276123046875
0.0101699829101562 -0.0517082214355469 -0.0222702026367188 0.0403785705566406
0.0303535461425781 -0.0439987182617187 -0.03302001953125 0.0348110198974609
0.0443572998046875 -0.0340499877929688 -0.0326519012451172 0.0146255493164062
0.0582351684570313 -0.007080078125 -0.0247268676757813 0.00217056274414062
0.0676040649414063 0.0154685974121094 0.0061483383178711 0.0129251480102539
0.0613327026367188 0.0277481079101563 0.0185585021972656 0.0492439270019531
0.0434646606445313 0.024993896484375 0.0626602172851562 -0.0121040344238281
0.05755615234375 0.0186500549316406 0.0678749084472656 0.00878143310546875
0.0511436462402344 0.000904083251953125 0.0469398498535156 0.00609207153320313
0.0446929931640625 -0.0177688598632812 0.038818359375 0.004852294921875
0.0271091461181641 -0.0295906066894531 0.0241622924804688 0.00458526611328125
0.00582504272460937 -0.0387535095214844 0.0107421875 0.0098733901977539
-0.00307655334472656 -0.0324058532714844 0.0102081298828125 0.0286788940429687
-0.00103569030761719 -0.0288791656494141 0.00665664672851563 0.0436553955078125
-0.00180816650390625 -0.0345993041992187 -0.00249481201171875 0.0546607971191406
0.00735855102539062 -0.0383338928222656 -0.0232696533203125 0.0523185729980469
0.0260086059570313 -0.0320777893066406 -0.0343132019042969 0.0418510437011719
0.0382804870605469 -0.0247421264648438 -0.03302001953125 0.0192165374755859
0.0483856201171875 0.0011749267578125 -0.0194339752197266 0.00389671325683594
0.0529136657714844 0.0191116333007812 0.0195369720458984 0.0163345336914063
0.0441703796386719 0.0279273986816406 0.0360107421875 0.0607223510742187
0.0188217163085937 0.0135078430175781 0.0719070434570313 -0.0133438110351563
0.0345191955566406 0.0117759704589844 0.0701179504394531 0.003631591796875
0.0302333831787109 -0.00254440307617187 0.043243408203125 0.0034027099609375
0.0228500366210938 -0.0133190155029297 0.0343875885009766 0.00864028930664062
0.00996017456054687 -0.0192012786865234 0.0233345031738281 0.0123138427734375
-0.00395584106445313 -0.0208301544189453 0.0144176483154297 0.0211105346679688
-0.00534152984619141 -0.012028694152832 0.01641845703125 0.0377464294433594
-0.00307846069335938 -0.0104856491088867 0.0119552612304687 0.0509185791015625
-0.00392723083496094 -0.0156745910644531 -0.00120162963867187 0.0622901916503906
0.000989913940429686 -0.0202999114990234 -0.025177001953125 0.0596427917480469
0.0146045684814453 -0.0183792114257813 -0.0375022888183594 0.0464591979980469
0.0245704650878906 -0.0137119293212891 -0.0347366333007813 0.0229282379150391
0.0313816070556641 0.00485992431640625 -0.0173406600952148 0.00704574584960937
0.0317554473876953 0.0171871185302734 0.0254707336425781 0.0225677490234375
0.0201587677001953 0.0215187072753906 0.0449256896972656 0.0698699951171875
0.00495719909667969 0.00444793701171875 -0.04522705078125 -0.060638427734375
-0.00138044357299805 -0.00560760498046875 -0.0165691375732422 -0.0221977233886719
-0.00838518142700195 0.00129413604736328 0.0223731994628906 -0.00397300720214844
-0.000928878784179687 0.00655746459960938 0.0471534729003906 -0.0234336853027344
0.00469017028808594 0.00419712066650391 0.0457534790039062 -0.0454788208007812
0.00465202331542969 -0.00102329254150391 0.026123046875 -0.0666656494140625
0.00273990631103516 -0.00865554809570313 0.000198364257812506 -0.066650390625
0.00287437438964844 -0.00695466995239258 -0.01629638671875 -0.0491790771484375
0.00355720520019531 -0.00556468963623047 -0.022918701171875 -0.0352935791015625
0.00677299499511719 -0.00419139862060547 -0.0242691040039062 -0.0273780822753906
0.00688028335571289 0.00155496597290039 -0.0319557189941406 -0.0142192840576172
-0.00159072875976563 0.00755500793457031 -0.0344104766845703 -0.0093231201171875
-0.0109958648681641 -0.000924110412597657 -0.0448799133300781 -0.0105247497558594
-0.00424003601074219 -0.00925445556640625 -0.0669364929199219 0.0023345947265625
-0.0018455982208252 -0.00224757194519043 -0.0733871459960937 0.0104217529296875
0.03131103515625 0.0199069976806641 -0.0351753234863281 -0.0568275451660156
0.0250377655029297 0.00619697570800781 -0.00576686859130859 -0.0168056488037109
0.0161828994750977 0.00611400604248047 0.0293350219726562 -0.00181388854980469
0.0209980010986328 0.00357246398925781 0.0512123107910156 -0.02178955078125
0.0211029052734375 -0.00578498840332031 0.0464706420898437 -0.0430946350097656
0.01458740234375 -0.0187320709228516 0.0261039733886719 -0.0640373229980469
0.00484657287597656 -0.0281848907470703 -0.000480651855468747 -0.0601921081542969
0.00481414794921875 -0.0256919860839844 -0.0168380737304688 -0.0407066345214844
0.00357627868652344 -0.0269775390625 -0.0247535705566406 -0.0263633728027344
0.0108299255371094 -0.026763916015625 -0.0285205841064453 -0.0212631225585938
0.0179214477539063 -0.0169715881347656 -0.0356292724609375 -0.00913619995117188
0.0164356231689453 -0.00684261322021484 -0.0354576110839844 -0.00726699829101562
0.0122137069702148 -0.00260543823242187 -0.0438117980957031 -0.00573348999023438
0.0204849243164063 -0.00387382507324219 -0.0600624084472656 0.00710296630859376
0.0257835388183594 0.00510978698730469 -0.0660591125488281 0.0161056518554688
0.0529899597167969 0.0320167541503906 -0.0181999206542969 -0.0478286743164063
0.0492515563964844 0.0185966491699219 0.00969314575195313 -0.00689888000488281
0.0402641296386719 0.0111236572265625 0.0370864868164063 0.00314712524414063
0.0431404113769531 -0.000484466552734375 0.05572509765625 -0.0180435180664063
0.0363845825195313 -0.0154457092285156 0.0454139709472656 -0.0381202697753906
0.0233840942382812 -0.0343837738037109 0.022674560546875 -0.0561714172363281
0.00667953491210938 -0.0427970886230469 -5.72204589843744E-05 -0.0471229553222656
0.0052337646484375 -0.0403366088867188 -0.0154857635498047 -0.0261116027832031
0.00272750854492188 -0.0436859130859375 -0.0229644775390625 -0.0116539001464844
0.0120811462402344 -0.0454940795898438 -0.0306682586669922 -0.00829887390136719
0.0257911682128906 -0.0330638885498047 -0.0377922058105469 0.000156402587890617
0.0313129425048828 -0.0215110778808594 -0.0365333557128906 -0.00281906127929687
0.0330562591552734 -0.00745391845703125 -0.0420074462890625 -0.00188827514648438
0.0439567565917969 -0.000553131103515625 -0.0480003356933594 0.0104751586914063
0.048126220703125 0.0105972290039063 -0.0507164001464844 0.0236968994140625
0.0662460327148438 0.0396575927734375 0.00391769409179688 -0.0363731384277344
0.0677947998046875 0.0261116027832031 0.0262203216552734 0.00451469421386719
0.0591812133789063 0.0132102966308594 0.0437393188476563 0.00835418701171875
0.0591239929199219 -0.00667572021484375 0.0566787719726563 -0.0121231079101562
0.0468864440917969 -0.0251350402832031 0.0417289733886719 -0.02935791015625
0.0267906188964844 -0.0462455749511719 0.0178337097167969 -0.0428009033203125
0.00651168823242188 -0.0519523620605469 -0.00029754638671875 -0.0282135009765625
0.00495147705078125 -0.0490760803222656 -0.0113096237182617 -0.00745296478271485
0.00131988525390625 -0.0540351867675781 -0.0183181762695313 0.00576591491699219
0.0111274719238281 -0.0568695068359375 -0.02874755859375 0.00805091857910156
0.0293540954589844 -0.0458450317382812 -0.0377845764160156 0.0127601623535156
0.0401496887207031 -0.034271240234375 -0.0368423461914063 0.00345993041992188
0.0492286682128906 -0.0116958618164063 -0.0384101867675781 0.000366210937499995
0.0622024536132813 0.00282669067382813 -0.0314903259277344 0.0114555358886719
0.063568115234375 0.0175666809082031 -0.0290050506591797 0.0313472747802734
0.0693931579589844 0.0398330688476563 0.0264854431152344 -0.0240077972412109
0.0750656127929688 0.0295486450195313 0.0443649291992188 0.0120315551757813
0.0683174133300781 0.0110244750976563 0.0491447448730469 0.0117950439453125
0.0654983520507813 -0.012908935546875 0.0538253784179688 -0.00410079956054688
0.048492431640625 -0.0318946838378906 0.0361862182617188 -0.0177001953125
0.0237808227539063 -0.0518264770507813 0.0129566192626953 -0.0248756408691406
0.00463104248046875 -0.0528526306152344 0.00182008743286133 -0.00691366195678711
0.00358963012695312 -0.0494956970214844 -0.00648975372314453 0.0118350982666016
-0.0001068115234375 -0.0551338195800781 -0.0127506256103516 0.0242576599121094
0.01025390625 -0.0583000183105469 -0.0266151428222656 0.0253677368164063
0.0306739807128906 -0.0494384765625 -0.0363273620605469 0.024322509765625
0.0449676513671875 -0.0386505126953125 -0.0351753234863281 0.00922012329101563
0.0584678649902344 -0.0114326477050781 -0.0329551696777344 0.00133132934570313
0.0703582763671875 0.008056640625 -0.0132637023925781 0.0121088027954102
0.0685691833496094 0.0228042602539062 -0.00516510009765625 0.0402793884277344
0.0618553161621094 0.0343551635742188 0.0482978820800781 -0.0156288146972656
0.0711135864257812 0.0260696411132812 0.0592918395996094 0.0147705078125
0.0656280517578125 0.00730514526367187 0.0503120422363281 0.0118904113769531
0.0608367919921875 -0.0173110961914063 0.0477218627929688 0.00186920166015625
0.0413780212402344 -0.034637451171875 0.0295886993408203 -0.00461578369140625
0.0163650512695313 -0.0496673583984375 0.0106611251831055 -0.00554180145263672
0.000453948974609374 -0.0463905334472656 0.00574302673339844 0.0130376815795898
0.00215911865234375 -0.0420722961425781 0.000503540039062497 0.0294570922851562
-0.00100326538085938 -0.0477752685546875 -0.006683349609375 0.04150390625
0.009124755859375 -0.0514297485351562 -0.0241851806640625 0.0411415100097656
0.0300750732421875 -0.0444526672363281 -0.0344924926757813 0.0350589752197266
0.0448532104492188 -0.0339698791503906 -0.0338268280029297 0.0146141052246094
0.0581512451171875 -0.00597763061523437 -0.0252628326416016 0.00192451477050781
0.0678024291992188 0.0153579711914063 0.00538253784179688 0.0132980346679688
0.0620231628417969 0.0271339416503906 0.0174636840820313 0.0511970520019531
0.04339599609375 0.0240135192871094 0.0647125244140625 -0.0119972229003906
0.0574722290039063 0.0178718566894531 0.0682029724121094 0.01068115234375
0.0514678955078125 0.00181198120117188 0.0476188659667969 0.00873565673828125
0.0441436767578125 -0.0181312561035156 0.0402755737304687 0.00734329223632812
0.0265522003173828 -0.030303955078125 0.02490234375 0.0057373046875
0.00599288940429688 -0.0390129089355469 0.0106334686279297 0.0113506317138672
-0.00348091125488281 -0.0313949584960938 0.0109119415283203 0.0298652648925781
-0.00089836120605469 -0.0282649993896484 0.00690078735351562 0.0438003540039063
-0.0020751953125 -0.0339527130126953 -0.003204345703125 0.0550880432128906
0.00675582885742188 -0.0381050109863281 -0.024261474609375 0.0525970458984375
0.0248126983642578 -0.0324211120605469 -0.0357513427734375 0.0424690246582031
0.0382652282714844 -0.0245933532714844 -0.0341224670410156 0.019500732421875
0.0487747192382813 0.00182723999023438 -0.0205879211425781 0.00370216369628907
0.054107666015625 0.0196266174316406 0.0189094543457031 0.0175266265869141
0.0446128845214844 0.0268211364746094 0.0344581604003906 0.0621910095214844
0.0184173583984375 0.0136070251464844 0.07330322265625 -0.013427734375
0.0345230102539063 0.0110130310058594 0.0712203979492188 0.004119873046875
0.0306186676025391 -0.00235366821289063 0.0439872741699219 0.00508499145507813
0.0226459503173828 -0.0146923065185547 0.0349102020263672 0.0105857849121094
0.00889778137207031 -0.0200634002685547 0.0240898132324219 0.0135059356689453
-0.00451278686523438 -0.01947021484375 0.0152378082275391 0.0221138000488281
-0.00533008575439453 -0.0113534927368164 0.0170097351074219 0.0379714965820312
-0.00374031066894531 -0.00955963134765625 0.0122642517089844 0.0504150390625
-0.00463199615478516 -0.0139904022216797 -0.00167465209960937 0.0612602233886719
0.000658035278320313 -0.0194072723388672 -0.0267906188964844 0.05926513671875
0.0141315460205078 -0.0188274383544922 -0.0379409790039063 0.046356201171875
0.0243320465087891 -0.0145359039306641 -0.0357589721679687 0.023468017578125
0.0307769775390625 0.00568199157714844 -0.0181484222412109 0.00604629516601563
0.0309028625488281 0.0166072845458984 0.0242691040039063 0.0227146148681641
0.0201358795166016 0.0207595825195313 0.04290771484375 0.0712661743164063
0.00469684600830078 0.00622415542602539 -0.0455131530761719 -0.063018798828125
-0.00162506103515625 -0.00576353073120117 -0.0162944793701172 -0.0209808349609375
-0.00794839859008789 0.00164794921875 0.0239315032958984 -0.00297737121582031
-0.000591278076171876 0.00743818283081055 0.04925537109375 -0.0239753723144531
0.00472736358642578 0.00421428680419922 0.0471382141113281 -0.0466728210449219
0.00573921203613281 -0.00159931182861328 0.0267829895019531 -0.0686721801757813
0.00324058532714844 -0.0102901458740234 -0.000553131103515626 -0.0677986145019531
0.00380802154541016 -0.00817298889160156 -0.016998291015625 -0.0495452880859375
0.00458621978759766 -0.00671052932739258 -0.0249900817871094 -0.0359649658203125
0.00724029541015625 -0.00475931167602539 -0.0268135070800781 -0.0281009674072266
0.00723981857299805 0.00164079666137695 -0.0348072052001953 -0.0150566101074219
-0.00127744674682617 0.00841712951660156 -0.036529541015625 -0.0107460021972656
-0.0109663009643555 -7.24792480468746E-05 -0.0472259521484375 -0.0117874145507812
-0.00510025024414063 -0.00908088684082031 -0.0692062377929688 0.00199890136718749
-0.00133728981018066 -0.00103795528411865 -0.0767898559570313 0.0125732421875
0.032196044921875 0.0209922790527344 -0.0349235534667969 -0.0590248107910156
0.0261039733886719 0.00657463073730469 -0.00572681427001953 -0.0154485702514648
0.0170097351074219 0.00614643096923828 0.0307655334472656 -0.000513076782226562
0.0218162536621094 0.00336456298828125 0.0540122985839844 -0.0222702026367188
0.0221328735351563 -0.00658988952636719 0.0482978820800781 -0.0438919067382813
0.0155754089355469 -0.0200271606445313 0.0260124206542969 -0.065460205078125
0.00556755065917969 -0.0296688079833984 -0.000698089599609374 -0.0609397888183594
0.00465011596679688 -0.0280189514160156 -0.0175132751464844 -0.0406227111816406
0.00449562072753906 -0.0285930633544922 -0.0268096923828125 -0.0264434814453125
0.0115032196044922 -0.0277862548828125 -0.0309848785400391 -0.0207672119140625
0.0194110870361328 -0.0177040100097656 -0.0386123657226563 -0.00924682617187499
0.0179386138916016 -0.0058135986328125 -0.0374069213867188 -0.00875091552734374
0.0120115280151367 -0.00204181671142578 -0.0464591979980469 -0.00649261474609374
0.0209465026855469 -0.00318717956542969 -0.0628662109375 0.00837326049804687
0.0262393951416016 0.00609016418457031 -0.0696487426757812 0.0187759399414063
0.055328369140625 0.0335273742675781 -0.0173225402832031 -0.049530029296875
0.0510826110839844 0.01885986328125 0.0107145309448242 -0.00621414184570313
0.0408782958984375 0.0115890502929687 0.0395545959472656 0.00463485717773438
0.0437583923339844 -0.000736236572265625 0.0586128234863281 -0.01690673828125
0.0378990173339844 -0.0164756774902344 0.0474624633789062 -0.0385513305664062
0.0239334106445313 -0.0355491638183594 0.0230293273925781 -0.0572891235351563
0.00716400146484375 -0.045013427734375 -0.000843048095703121 -0.0475845336914063
0.0056915283203125 -0.0423088073730469 -0.0158119201660156 -0.0255832672119141
0.00266265869140625 -0.0457038879394531 -0.0241870880126953 -0.0109844207763672
0.012298583984375 -0.0462532043457031 -0.0334987640380859 -0.00761032104492188
0.0269241333007813 -0.0351791381835938 -0.04052734375 0.000915527343749992
0.0319614410400391 -0.0217742919921875 -0.0394744873046875 -0.00334930419921875
0.034088134765625 -0.00697135925292969 -0.0439834594726563 -0.00161361694335937
0.0447311401367187 0.000316619873046875 -0.0500869750976563 0.0120391845703125
0.04974365234375 0.012054443359375 -0.0533065795898438 0.0260772705078125
0.0687408447265625 0.0400428771972656 0.00494384765625001 -0.03662109375
0.0696907043457031 0.0258445739746094 0.0288028717041016 0.00580978393554688
0.0616645812988281 0.013336181640625 0.0466957092285156 0.0106239318847656
0.060943603515625 -0.00766372680664062 0.0596237182617188 -0.0105552673339844
0.0478744506835938 -0.0264015197753906 0.0432777404785156 -0.0291366577148438
0.0276412963867188 -0.0475120544433594 0.0184364318847656 -0.0425033569335938
0.00684738159179688 -0.0538864135742188 -0.000457763671875002 -0.0283241271972656
0.005035400390625 -0.0504074096679688 -0.0119848251342773 -0.00646114349365235
0.000869750976562494 -0.0552215576171875 -0.0197486877441406 0.00737762451171874
0.0106124877929688 -0.0581588745117187 -0.0321521759033203 0.00962638854980468
0.0307884216308594 -0.0478134155273438 -0.0398902893066406 0.0140838623046875
0.0408287048339844 -0.0349998474121094 -0.0392341613769531 0.00308990478515624
0.0504722595214844 -0.0111618041992188 -0.0409393310546875 4.57763671874924E-05
0.0636978149414063 0.00291061401367188 -0.0341091156005859 0.0123176574707031
0.0658035278320313 0.0180511474609375 -0.0317420959472656 0.0343914031982422
0.0714111328125 0.0406723022460938 0.0287799835205078 -0.0249557495117187
0.0774383544921875 0.0287017822265625 0.0460929870605469 0.0133285522460938
0.0707931518554688 0.01190185546875 0.051544189453125 0.0137863159179688
0.0673141479492188 -0.0135154724121094 0.0564002990722656 -0.00318145751953125
0.049591064453125 -0.033721923828125 0.0372123718261719 -0.0169143676757813
0.0245437622070313 -0.0533103942871094 0.013153076171875 -0.0236682891845703
0.00447463989257813 -0.054351806640625 0.00124311447143555 -0.00673866271972657
0.003753662109375 -0.05059814453125 -0.00611114501953125 0.0137577056884766
-0.00115203857421876 -0.0563735961914063 -0.0131568908691406 0.0265541076660156
0.00866317749023438 -0.0600433349609375 -0.0288734436035156 0.0270519256591797
0.0316238403320313 -0.0511741638183594 -0.0382919311523438 0.0264091491699219
0.045379638671875 -0.0394744873046875 -0.037139892578125 0.00960922241210938
0.0600166320800781 -0.0117988586425781 -0.0342063903808594 0.00164794921875
0.0727386474609375 0.00774383544921875 -0.0140924453735352 0.0131378173828125
0.0707473754882813 0.0229415893554688 -0.00648117065429687 0.0446929931640625
0.0637397766113281 0.0347175598144531 0.05108642578125 -0.0164794921875
0.0738067626953125 0.0248794555664063 0.0617752075195313 0.0155372619628906
0.0681114196777344 0.00742340087890625 0.0526924133300781 0.0136909484863281
0.0620384216308594 -0.0183601379394531 0.05047607421875 0.00340652465820312
0.0419502258300781 -0.0358200073242188 0.0313034057617188 -0.0040130615234375
0.0166664123535156 -0.0504608154296875 0.0111064910888672 -0.00446414947509766
0.000152587890625 -0.0463600158691406 0.00555610656738281 0.0143337249755859
0.00149154663085938 -0.0428848266601562 0.000776290893554686 0.0316715240478516
-0.00197601318359375 -0.0485000610351562 -0.00716018676757813 0.0438079833984375
0.00806045532226563 -0.052490234375 -0.0263175964355469 0.0430717468261719
0.029693603515625 -0.0459327697753906 -0.0366134643554687 0.0372123718261719
0.0455284118652344 -0.0359916687011719 -0.0360374450683594 0.0154495239257813
0.0607833862304688 -0.0058441162109375 -0.0264873504638672 0.002716064453125
0.0700950622558594 0.01397705078125 0.00465202331542969 0.0137567520141602
0.0636672973632813 0.0270729064941406 0.0169601440429688 0.0550270080566406
0.0446510314941406 0.0241203308105469 0.0672760009765625 -0.0134124755859375
0.0587387084960938 0.0177078247070313 0.0714263916015625 0.012298583984375
0.0535926818847656 0.0016937255859375 0.0504341125488281 0.0101127624511719
0.0455513000488281 -0.0189933776855469 0.0428962707519531 0.00885009765625
0.0272979736328125 -0.0312671661376953 0.0266036987304688 0.00755119323730469
0.00481796264648438 -0.0388374328613281 0.0124130249023438 0.0123481750488281
-0.00420761108398437 -0.0310592651367187 0.0118522644042969 0.0293483734130859
-0.00121307373046875 -0.0283164978027344 0.00754165649414062 0.0446357727050781
-0.00284576416015625 -0.0334224700927734 -0.00324249267578125 0.0566520690917969
0.00468826293945313 -0.0376396179199219 -0.0257072448730469 0.0553054809570313
0.0246639251708984 -0.0339469909667969 -0.0377922058105469 0.0445785522460937
0.0382461547851563 -0.0259933471679688 -0.034912109375 0.0197467803955078
0.0506134033203125 0.00109481811523438 -0.0210380554199219 0.004364013671875
0.0551490783691406 0.0188026428222656 0.0186195373535156 0.0181541442871094
0.0461311340332031 0.026458740234375 0.0346603393554688 0.0660514831542969
0.0194892883300781 0.0125923156738281 0.0764999389648437 -0.014617919921875
0.035736083984375 0.00965118408203125 0.0736541748046875 0.0049285888671875
0.0324058532714844 -0.00258636474609375 0.04620361328125 0.0065460205078125
0.0231952667236328 -0.0155982971191406 0.0372390747070312 0.0124855041503906
0.00921440124511719 -0.0211181640625 0.0256767272949219 0.0143699645996094
-0.00645637512207031 -0.0194129943847656 0.0162143707275391 0.02288818359375
-0.00632190704345703 -0.0107526779174805 0.0178718566894531 0.0378913879394531
-0.00352764129638672 -0.0090484619140625 0.0131759643554688 0.0510597229003906
-0.00510215759277344 -0.013178825378418 -0.00191497802734376 0.0629119873046875
-0.000223159790039062 -0.0183238983154297 -0.0273704528808594 0.062255859375
0.0128765106201172 -0.0194492340087891 -0.0399360656738281 0.0482254028320312
0.0243110656738281 -0.01513671875 -0.0371017456054688 0.0236015319824219
0.0320148468017578 0.00470924377441406 -0.0193672180175781 0.00654411315917968
0.0327358245849609 0.0161571502685547 0.0248317718505859 0.0229282379150391
0.0204200744628906 0.0194339752197266 0.0433883666992188 0.07427978515625
0.00547552108764648 0.00758695602416992 -0.0481109619140625 -0.065460205078125
-0.00210666656494141 -0.00529146194458008 -0.0165042877197266 -0.0211448669433594
-0.00758504867553711 0.0021514892578125 0.0255966186523438 -0.00342559814453125
-0.000163555145263672 0.00779104232788086 0.0510330200195313 -0.0260887145996094
0.00531482696533203 0.00389242172241211 0.0477523803710938 -0.049713134765625
0.00635576248168945 -0.00280427932739258 0.0264434814453125 -0.0727462768554688
0.00348472595214844 -0.0115776062011719 -0.002960205078125 -0.0707015991210938
0.00419807434082031 -0.0102052688598633 -0.0188865661621094 -0.0501861572265625
0.00601005554199219 -0.00840950012207031 -0.0274543762207031 -0.0356712341308594
0.00896835327148438 -0.00630283355712891 -0.0299854278564453 -0.0280742645263672
0.00781106948852539 0.00178289413452148 -0.0382499694824219 -0.0151023864746094
-0.000173568725585938 0.00972652435302734 -0.039215087890625 -0.0105514526367188
-0.0115642547607422 0.00098133087158203 -0.0504570007324219 -0.0123214721679687
-0.00673723220825195 -0.00851678848266602 -0.0719528198242188 0.00448608398437501
-0.00141370296478271 0.000964522361755371 -0.0803909301757813 0.0168838500976563
0.0336437225341797 0.0213489532470703 -0.0373725891113281 -0.0610466003417969
0.0275955200195312 0.00553512573242187 -0.00567817687988281 -0.0150089263916016
0.0186538696289063 0.00728797912597656 0.0333328247070313 -0.000993728637695312
0.0235691070556641 0.00209236145019531 0.0565986633300781 -0.0237274169921875
0.0236072540283203 -0.00814056396484375 0.0493812561035156 -0.0474395751953125
0.0159759521484375 -0.022003173828125 0.0243568420410156 -0.0692558288574219
0.00511932373046875 -0.0323200225830078 -0.00254058837890625 -0.0621299743652344
0.00481033325195312 -0.0292892456054687 -0.0190086364746094 -0.0403099060058594
0.00378990173339844 -0.0305690765380859 -0.0298423767089844 -0.0254421234130859
0.0117301940917969 -0.0295619964599609 -0.0351219177246094 -0.0203914642333984
0.0205001831054688 -0.0179367065429688 -0.0415992736816406 -0.00815582275390624
0.0185375213623047 -0.00630569458007812 -0.0407676696777344 -0.00847244262695312
0.0123119354248047 -0.000987052917480469 -0.0488433837890625 -0.00586318969726562
0.0214576721191406 -0.00275993347167969 -0.06610107421875 0.0115127563476562
0.0264759063720703 0.00638008117675781 -0.071990966796875 0.023590087890625
0.0575103759765625 0.0330581665039063 -0.0186042785644531 -0.0501251220703125
0.053802490234375 0.0174102783203125 0.0120630264282227 -0.00459671020507812
0.0443458557128906 0.0098114013671875 0.04217529296875 0.0040740966796875
0.0464401245117188 -0.00293731689453125 0.0610771179199219 -0.0198898315429688
0.0393638610839844 -0.0186233520507813 0.048828125 -0.0409355163574219
0.0232963562011719 -0.0390396118164063 0.0220603942871094 -0.0583763122558594
0.00609588623046875 -0.0469589233398437 -0.00136947631835938 -0.0479927062988281
0.0040130615234375 -0.0451164245605469 -0.0163192749023438 -0.0242118835449219
0.00112152099609375 -0.0487861633300781 -0.0264511108398438 -0.00951385498046876
0.011749267578125 -0.0492172241210938 -0.0368118286132813 -0.00440979003906251
0.0274505615234375 -0.0371131896972656 -0.0444297790527344 0.00255203247070313
0.034210205078125 -0.0237007141113281 -0.0432929992675781 -0.00301361083984375
0.0348091125488281 -0.00675582885742188 -0.0464668273925781 -0.00103759765625
0.0459098815917969 -0.0006256103515625 -0.0524406433105469 0.0153465270996094
0.0520515441894531 0.012054443359375 -0.0556907653808594 0.0315895080566406
0.0707778930664063 0.03826904296875 0.00487518310546876 -0.0387725830078125
0.0722427368164063 0.0243606567382813 0.0324897766113281 0.00740623474121094
0.0647735595703125 0.0121383666992187 0.049835205078125 0.0112266540527344
0.0632591247558594 -0.0108222961425781 0.0624122619628906 -0.0117645263671875
0.0493621826171875 -0.0289382934570313 0.0456047058105469 -0.0309257507324219
0.0259437561035156 -0.0510940551757813 0.0170249938964844 -0.0425224304199219
0.00508499145507812 -0.0547828674316406 -0.00142478942871094 -0.0285053253173828
0.00335693359375 -0.052276611328125 -0.0122003555297852 -0.00526809692382813
-0.0013275146484375 -0.0573043823242188 -0.021026611328125 0.0101680755615234
0.00820541381835937 -0.0597686767578125 -0.03509521484375 0.0119075775146484
0.0309295654296875 -0.0515899658203125 -0.0436325073242188 0.0171318054199219
0.0405960083007813 -0.0380516052246094 -0.0422821044921875 0.0043792724609375
0.0516090393066406 -0.0132980346679688 -0.0429191589355469 0.00197601318359374
0.0654945373535156 7.62939453125E-05 -0.0354270935058594 0.0161514282226563
0.0688133239746094 0.0166091918945313 -0.0325279235839844 0.0391616821289063
0.0755157470703125 0.0395431518554688 0.0314483642578125 -0.0265712738037109
0.0813140869140625 0.0261993408203125 0.0494766235351563 0.0138740539550781
0.0735549926757813 0.0108566284179688 0.0547866821289063 0.0154495239257812
0.0684814453125 -0.0166053771972656 0.0598526000976563 -0.0033111572265625
0.0506362915039063 -0.0369300842285156 0.0391464233398438 -0.0179214477539063
0.0234756469726563 -0.0568351745605469 0.0132293701171875 -0.0238475799560547
0.00217437744140625 -0.0565452575683594 0.00283670425415039 -0.00582695007324219
0.000587463378906255 -0.0533599853515625 -0.00533390045166016 0.0149164199829102
-0.00312423706054687 -0.0579833984375 -0.0135135650634766 0.02874755859375
0.0067596435546875 -0.0618209838867188 -0.0306167602539062 0.0302810668945313
0.0300178527832031 -0.0538139343261719 -0.0414314270019531 0.0291481018066406
0.045654296875 -0.0445022583007813 -0.0403251647949219 0.0118980407714844
0.0629920959472656 -0.0142250061035156 -0.0363388061523437 0.00311279296875
0.0749282836914063 0.004913330078125 -0.0152854919433594 0.0145778656005859
0.0734329223632813 0.02044677734375 -0.00603866577148438 0.0482444763183594
0.0669517517089844 0.0317840576171875 0.05291748046875 -0.0181808471679687
0.0789718627929688 0.0235595703125 0.0652847290039063 0.0161819458007813
0.0708847045898437 0.005126953125 0.056396484375 0.0143623352050781
0.0641555786132813 -0.0217056274414063 0.0540733337402344 0.00249099731445312
0.0417366027832031 -0.0389595031738281 0.0331268310546875 -0.00370216369628907
0.014984130859375 -0.052825927734375 0.0104455947875977 -0.00343036651611328
-0.00147628784179687 -0.0479774475097656 0.00607872009277344 0.0139732360839844
-0.000625610351562498 -0.0446052551269531 0.00250053405761719 0.0334186553955078
-0.00441360473632812 -0.0486297607421875 -0.00690841674804688 0.0462074279785156
0.00397872924804688 -0.0544242858886719 -0.0273284912109375 0.0468254089355469
0.0280303955078125 -0.0486412048339844 -0.0385818481445313 0.04095458984375
0.0450439453125 -0.0385780334472656 -0.0385093688964844 0.0181770324707031
0.0627670288085938 -0.00892257690429687 -0.0277271270751953 0.00393486022949218
0.0734939575195313 0.0113449096679687 0.00546932220458985 0.0147562026977539
0.0670204162597656 0.0249786376953125 0.0182418823242188 0.0587539672851563
0.046722412109375 0.0235366821289062 0.0698471069335938 -0.0164680480957031
0.0616111755371094 0.0148773193359375 0.0747222900390625 0.0106430053710938
0.0559196472167969 -0.0003204345703125 0.0544815063476562 0.0112495422363281
0.0468254089355469 -0.0223884582519531 0.0464973449707031 0.00760269165039062
0.0264472961425781 -0.0347900390625 0.0299530029296875 0.00789451599121094
0.00343704223632812 -0.0402450561523438 0.0137481689453125 0.0147228240966797
-0.00531196594238281 -0.0314674377441406 0.0136680603027344 0.0311870574951172
-0.00217247009277344 -0.0285549163818359 0.0103645324707031 0.046600341796875
-0.00420951843261719 -0.0337982177734375 -0.0028533935546875 0.0592765808105469
0.00226974487304687 -0.0375289916992188 -0.02569580078125 0.0588531494140625
0.0236587524414063 -0.0358085632324219 -0.038848876953125 0.0491447448730469
0.0379371643066406 -0.0290298461914063 -0.0376548767089844 0.0213508605957031
0.0517539978027344 -0.00133514404296875 -0.0223255157470703 0.00496101379394532
0.0576171875 0.0159416198730469 0.0195732116699219 0.0184650421142578
0.0492897033691406 0.02471923828125 0.0364151000976563 0.0685195922851563
0.0208549499511719 0.0109615325927734 0.079864501953125 -0.0199356079101563
0.0380363464355469 0.00857925415039063 0.0772628784179687 0.00203704833984375
0.0336322784423828 -0.00467300415039063 0.0486412048339844 0.00638198852539062
0.02386474609375 -0.0178356170654297 0.0404052734375 0.0116348266601563
0.00719451904296875 -0.0222988128662109 0.0295181274414063 0.0148754119873047
-0.00756263732910156 -0.0195541381835937 0.018890380859375 0.0241355895996094
-0.00777912139892578 -0.00955104827880859 0.0210533142089844 0.0390243530273438
-0.00540542602539062 -0.0090646743774414 0.0155181884765625 0.0512237548828125
-0.00520133972167969 -0.0133323669433594 -0.000568389892578121 0.0648155212402344
-0.00224494934082031 -0.0177230834960938 -0.0268135070800781 0.0646286010742188
0.013031005859375 -0.0204429626464844 -0.0412368774414062 0.0528068542480469
0.0233993530273438 -0.0164260864257813 -0.0392227172851563 0.0267143249511719
0.0335979461669922 0.00365447998046875 -0.0203399658203125 0.00723075866699219
0.0337638854980469 0.0141658782958984 0.0249710083007813 0.0235462188720703
0.0223789215087891 0.0180225372314453 0.047027587890625 0.0775680541992188
0.00757646560668945 0.00867462158203125 -0.0518989562988281 -0.063995361328125
-0.000478744506835938 -0.00325131416320801 -0.0185279846191406 -0.0191860198974609
-0.00634193420410156 0.00312423706054688 0.0277271270751953 -0.00410079956054688
7.62939453124961E-06 0.00682973861694336 0.0515937805175781 -0.0283164978027344
0.00675058364868164 0.00329446792602539 0.0471534729003906 -0.0543861389160156
0.00802373886108398 -0.0042424201965332 0.0231399536132812 -0.0756759643554688
0.00242710113525391 -0.0134620666503906 -0.00785827636718749 -0.0711288452148438
0.00461959838867188 -0.0133590698242188 -0.0217704772949219 -0.0491142272949219
0.00470447540283203 -0.00947284698486328 -0.0324382781982422 -0.0321445465087891
0.0103321075439453 -0.00746345520019531 -0.0345077514648438 -0.0259799957275391
0.00957012176513672 0.000301361083984375 -0.0421600341796875 -0.0141983032226562
0.00330924987792969 0.00964069366455078 -0.0422248840332031 -0.0107688903808594
-0.0132284164428711 0.00382232666015625 -0.0521049499511719 -0.00972747802734376
-0.00853109359741211 -0.00640439987182617 -0.0738983154296875 0.00852203369140626
-0.00218391418457031 0.00214898586273193 -0.0815353393554688 0.0234222412109375
0.0376243591308594 0.021209716796875 -0.0402297973632812 -0.060394287109375
0.0295162200927734 0.00445938110351563 -0.00526046752929687 -0.0152444839477539
0.0196075439453125 0.00559234619140625 0.036041259765625 -0.00254440307617187
0.0222320556640625 -0.000558853149414063 0.0565910339355469 -0.027587890625
0.0236797332763672 -0.0111465454101563 0.0470733642578125 -0.05035400390625
0.0164718627929688 -0.0250205993652344 0.02105712890625 -0.0712738037109375
0.0040283203125 -0.032806396484375 -0.00824356079101563 -0.0622673034667969
0.00381851196289063 -0.0316143035888672 -0.0222129821777344 -0.0393638610839844
0.0037384033203125 -0.0340595245361328 -0.0327682495117188 -0.0232830047607422
0.01025390625 -0.0326786041259766 -0.0377540588378906 -0.0174674987792969
0.0213203430175781 -0.0199489593505859 -0.0454635620117187 -0.00653076171875
0.0207138061523438 -0.00657081604003906 -0.0444869995117187 -0.00609207153320312
0.0136499404907227 -0.00187110900878906 -0.0519828796386719 -0.00336456298828126
0.0205249786376953 -0.00305747985839844 -0.0666694641113281 0.0158042907714844
0.0268573760986328 0.00533103942871094 -0.0727615356445313 0.03143310546875
0.0618362426757812 0.0299758911132812 -0.0198745727539062 -0.0512199401855469
0.0560035705566406 0.0134849548339844 0.0131320953369141 -0.00437545776367187
0.0464591979980469 0.00972366333007813 0.0442886352539063 0.00626754760742188
0.0477714538574219 -0.00743484497070313 0.0644683837890625 -0.0218048095703125
0.0408515930175781 -0.0222396850585938 0.0487403869628906 -0.0442695617675781
0.0225486755371094 -0.0397300720214844 0.0172958374023438 -0.0614700317382812
0.00428009033203125 -0.0479240417480469 -0.00555038452148437 -0.0475311279296875
3.81469726562509E-05 -0.0470619201660156 -0.0166664123535156 -0.0237922668457031
2.28881835937518E-05 -0.0500564575195312 -0.0299777984619141 -0.00467109680175782
0.00893020629882812 -0.0519943237304688 -0.04046630859375 -0.00254058837890625
0.0251312255859375 -0.0403518676757812 -0.0466232299804687 0.00655364990234374
0.0323314666748047 -0.0268459320068359 -0.0460700988769531 0.000389099121093742
0.0355262756347656 -0.0078277587890625 -0.0488548278808594 0.00167465209960936
0.0468597412109375 -0.00408554077148437 -0.0525093078613281 0.0194244384765625
0.0534820556640625 0.00783538818359375 -0.0546989440917969 0.0397682189941406
0.0766143798828125 0.0345611572265625 0.00407028198242188 -0.039825439453125
0.0773239135742188 0.0212860107421875 0.0335025787353516 0.00730705261230469
0.06689453125 0.0103988647460937 0.0528640747070313 0.0105476379394531
0.0621299743652344 -0.0165214538574219 0.0654220581054687 -0.0164794921875
0.0479774475097656 -0.0351142883300781 0.0447959899902344 -0.0333023071289063
0.024749755859375 -0.0529518127441406 0.0134353637695313 -0.0431175231933594
0.00150299072265626 -0.0584297180175781 -0.002655029296875 -0.0259284973144531
-0.000747680664062501 -0.0538368225097656 -0.011256217956543 -0.00325679779052735
-0.00580978393554688 -0.0587615966796875 -0.0229434967041016 0.0125865936279297
0.00386810302734375 -0.0619010925292969 -0.0363578796386719 0.01812744140625
0.0266609191894531 -0.0521583557128906 -0.0445098876953125 0.021728515625
0.0384292602539063 -0.0404891967773438 -0.0440940856933594 0.009918212890625
0.0539703369140625 -0.01513671875 -0.0457420349121094 0.00500869750976563
0.0649948120117187 -0.0030364990234375 -0.0354843139648437 0.0213966369628906
0.0708847045898438 0.0129318237304688 -0.0316581726074219 0.0455093383789063
0.0784530639648438 0.0343093872070313 0.0305461883544922 -0.0286045074462891
0.082427978515625 0.0206756591796875 0.0525169372558594 0.0117340087890625
0.0782699584960938 0.0064544677734375 0.05877685546875 0.0150413513183594
0.0701484680175781 -0.02191162109375 0.0610084533691406 -0.00376510620117188
0.0494461059570313 -0.0411262512207031 0.0425834655761719 -0.0181846618652344
0.0197372436523438 -0.0587654113769531 0.0126285552978516 -0.0235633850097656
-0.000995635986328126 -0.0566177368164062 0.00268173217773438 -0.00625133514404297
-0.00116348266601562 -0.0526847839355469 -0.00264167785644531 0.0178070068359375
-0.0058746337890625 -0.0578346252441406 -0.0108127593994141 0.0326366424560547
0.00131607055664063 -0.0625381469726563 -0.0290603637695313 0.0355873107910156
0.0281295776367187 -0.0578575134277344 -0.0416069030761719 0.0331382751464844
0.0432929992675781 -0.048431396484375 -0.042205810546875 0.0154800415039063
0.062408447265625 -0.0181961059570313 -0.0374641418457031 0.00588226318359376
0.0779037475585938 -0.00054168701171875 -0.0142784118652344 0.0178909301757813
0.0767440795898438 0.0171890258789063 -0.00274276733398437 0.0511322021484375
0.0675277709960938 0.0278511047363281 0.0542335510253906 -0.0219039916992188
0.0796279907226563 0.0169448852539063 0.0679054260253906 0.0114021301269531
0.0747909545898438 0.0021514892578125 0.05767822265625 0.0129432678222656
0.0639266967773438 -0.0246200561523438 0.0558547973632813 0.00107955932617187
0.0395164489746094 -0.0430564880371094 0.0327739715576172 -0.00563621520996094
0.00966262817382813 -0.0544013977050781 0.0110654830932617 -0.00300407409667969
-0.00562286376953125 -0.0477676391601563 0.0081167221069336 0.0156259536743164
-0.0040435791015625 -0.0463180541992188 0.00646018981933594 0.0335636138916016
-0.00957870483398437 -0.0500297546386719 -0.00538253784179688 0.0487937927246094
0.000724792480468748 -0.0543594360351562 -0.0266647338867187 0.0511474609375
0.0258750915527344 -0.0512542724609375 -0.038055419921875 0.0440521240234375
0.0428619384765625 -0.0426216125488281 -0.0405387878417969 0.0231475830078125
0.0629158020019531 -0.0137405395507813 -0.0299339294433594 0.00464439392089844
0.0737686157226563 0.00630950927734375 0.00379562377929688 0.0164852142333984
0.0697441101074219 0.0217056274414062 0.0213356018066406 0.0625495910644531
0.0470237731933594 0.0176315307617187 0.0711669921875 -0.021026611328125
0.0632133483886719 0.0103492736816406 0.0794219970703125 0.00807952880859375
0.0562057495117187 -0.003662109375 0.0558357238769531 0.00833892822265625
0.0448646545410156 -0.0271263122558594 0.05047607421875 0.00824356079101562
0.0232772827148438 -0.0358467102050781 0.0304145812988281 0.00949859619140625
-9.53674316406262E-05 -0.0394744873046875 0.0171451568603516 0.0152482986450195
-0.00860786437988281 -0.0292568206787109 0.0152301788330078 0.0306892395019531
-0.00391197204589844 -0.0274639129638672 0.0127220153808594 0.0473747253417969
-0.00580024719238281 -0.0322589874267578 0.000915527343749997 0.0607490539550781
-0.000186920166015622 -0.0384025573730469 -0.0232772827148437 0.0617942810058594
0.0180740356445313 -0.0352439880371094 -0.0384292602539063 0.0531082153320313
0.0331859588623047 -0.0324058532714844 -0.0379447937011719 0.0271034240722656
0.0525054931640625 -0.00555038452148438 -0.0225410461425781 0.005706787109375
0.0597610473632813 0.0118980407714844 0.0201930999755859 0.0181331634521484
0.0510063171386719 0.0188674926757813 0.0391807556152344 0.0687980651855469
0.0210361480712891 0.00944328308105469 0.0813369750976563 -0.0257568359375
0.0369415283203125 0.00307846069335938 0.0797805786132813 -0.0010833740234375
0.0345420837402344 -0.00718498229980469 0.050445556640625 0.0061492919921875
0.0239810943603516 -0.020172119140625 0.0448989868164063 0.011199951171875
0.00574493408203125 -0.0250797271728516 0.0313968658447266 0.0130405426025391
-0.0104866027832031 -0.0193595886230469 0.0224723815917969 0.0228595733642578
-0.00948905944824219 -0.00837039947509766 0.0260810852050781 0.0381927490234375
-0.00640106201171875 -0.00614547729492188 0.0195083618164063 0.0509223937988281
-0.00673866271972656 -0.00970649719238281 0.00331497192382812 0.0660591125488281
-0.00609970092773437 -0.0186538696289063 -0.0229682922363281 0.0676994323730469
0.00993728637695313 -0.021759033203125 -0.0399513244628906 0.0568733215332031
0.0209674835205078 -0.0201263427734375 -0.0378456115722656 0.0273818969726562
0.0346088409423828 0.00172996520996094 -0.0228061676025391 0.00598716735839844
0.0360336303710938 0.0111427307128906 0.0270252227783203 0.0209388732910156
0.0209560394287109 0.0154514312744141 0.050994873046875 0.0758209228515625
0.00752544403076172 0.0107393264770508 -0.0533294677734375 -0.0624923706054687
-0.00136399269104004 -0.00310277938842773 -0.0171585083007813 -0.0182437896728516
-0.00665521621704102 0.00354957580566406 0.0273418426513672 -0.00504875183105469
0.00153255462646484 0.00719881057739258 0.050140380859375 -0.0318870544433594
0.00738239288330078 0.00130081176757813 0.0425682067871094 -0.0564651489257813
0.00747108459472656 -0.00614213943481445 0.0162887573242188 -0.0757980346679688
0.00191974639892578 -0.0154447555541992 -0.0105171203613281 -0.0700302124023438
0.00286388397216797 -0.0139951705932617 -0.0245780944824219 -0.0464744567871094
0.00568294525146484 -0.0131645202636719 -0.0337142944335938 -0.0293445587158203
0.0111398696899414 -0.00992107391357422 -0.036590576171875 -0.0230484008789062
0.0109710693359375 0.000226974487304688 -0.0428886413574219 -0.0105972290039063
0.00347900390625 0.0109806060791016 -0.044525146484375 -0.00786972045898437
-0.0114345550537109 0.00482940673828125 -0.0554847717285156 -0.00880432128906249
-0.00909042358398437 -0.00402164459228516 -0.0723876953125 0.0116653442382813
-0.0015709400177002 0.00319266319274902 -0.0784912109375 0.0296859741210938
0.0379180908203125 0.0197372436523438 -0.0419769287109375 -0.0575294494628906
0.0294971466064453 0.00318336486816406 -0.00467777252197265 -0.0129966735839844
0.0200634002685547 0.00477981567382812 0.0365447998046875 -0.00225830078125
0.0249500274658203 -0.00121498107910156 0.0563392639160156 -0.0301513671875
0.0226097106933594 -0.0123214721679687 0.0451583862304688 -0.0525588989257813
0.0143146514892578 -0.0261325836181641 0.0176544189453125 -0.0702896118164063
0.000810623168945309 -0.0345516204833984 -0.0100784301757813 -0.0608406066894531
0.000377655029296874 -0.0331344604492188 -0.0232658386230469 -0.0356712341308594
0.00193405151367187 -0.0348167419433594 -0.0331459045410156 -0.0178050994873047
0.0102710723876953 -0.0320835113525391 -0.0409088134765625 -0.0130271911621094
0.0209579467773438 -0.0215339660644531 -0.0470314025878906 -0.00313949584960938
0.0213527679443359 -0.00704193115234375 -0.0457305908203125 -0.00466918945312501
0.0128860473632813 0.000492095947265625 -0.0519218444824219 -0.00131607055664062
0.0184650421142578 -0.00254058837890625 -0.0640640258789063 0.0192604064941406
0.0275707244873047 0.00568580627441406 -0.0697021484375 0.0366058349609375
0.0628280639648438 0.0281448364257813 -0.0219345092773437 -0.04913330078125
0.0566635131835938 0.0103988647460938 0.0143527984619141 -0.00357627868652344
0.0467720031738281 0.00638961791992188 0.0467567443847656 0.00246810913085938
0.0462493896484375 -0.00925445556640625 0.0622634887695313 -0.0246849060058594
0.0377616882324219 -0.0260696411132813 0.0465469360351563 -0.0458602905273438
0.01971435546875 -0.0417060852050781 0.0154953002929688 -0.0587234497070313
0.000587463378906255 -0.0495643615722656 -0.00740814208984375 -0.0457000732421875
-0.002044677734375 -0.0468215942382813 -0.019195556640625 -0.020233154296875
-0.00322341918945312 -0.0502128601074219 -0.0294589996337891 -0.00198745727539062
0.00695037841796876 -0.0518798828125 -0.0406341552734375 0.00264358520507813
0.0246925354003906 -0.0407257080078125 -0.0481529235839844 0.0100135803222656
0.0319271087646484 -0.0264415740966797 -0.0462722778320313 0.00284194946289063
0.0339546203613281 -0.00850105285644531 -0.0488548278808594 0.00401687622070312
0.0453147888183594 -0.00504302978515625 -0.0508689880371094 0.0234184265136719
0.0517921447753906 0.007171630859375 -0.0526580810546875 0.0427398681640625
0.07745361328125 0.0316238403320312 0.00276947021484376 -0.0394630432128906
0.0750045776367187 0.0147247314453125 0.0346336364746094 0.00656318664550781
0.0679550170898438 0.0047760009765625 0.0548171997070313 0.00911331176757813
0.0618171691894531 -0.0179214477539062 0.0651168823242188 -0.0167617797851563
0.0440483093261719 -0.0359115600585938 0.0437583923339844 -0.0342254638671875
0.0212135314941406 -0.0540237426757812 0.0133094787597656 -0.0425758361816406
-0.001190185546875 -0.057525634765625 -0.00372314453125 -0.0250225067138672
-0.0037384033203125 -0.0545425415039063 -0.0113792419433594 -0.000217437744140626
-0.00815200805664063 -0.0576858520507813 -0.0208587646484375 0.0162143707275391
0.00113677978515626 -0.0619316101074219 -0.0363006591796875 0.0205574035644531
0.0249443054199219 -0.0541458129882813 -0.0453262329101563 0.0239448547363281
0.0373191833496094 -0.0431709289550781 -0.0463905334472656 0.0110130310058594
0.051177978515625 -0.0179481506347656 -0.04498291015625 0.00717926025390624
0.0650405883789063 -0.00622177124023438 -0.0328216552734375 0.0218696594238281
0.07073974609375 0.008514404296875 -0.0284385681152344 0.0488815307617188
0.080291748046875 0.0287628173828125 0.0292434692382813 -0.0311565399169922
0.0828323364257812 0.0150604248046875 0.0537910461425781 0.0113105773925781
0.076324462890625 0.0023193359375 0.0610618591308594 0.0135879516601562
0.0665779113769531 -0.0251312255859375 0.063873291015625 -0.00809860229492188
0.0450820922851563 -0.043365478515625 0.0391769409179687 -0.0202827453613281
0.015625 -0.0576972961425781 0.0130577087402344 -0.0237331390380859
-0.0039520263671875 -0.0554695129394531 0.00188922882080078 -0.00455427169799805
-0.00505447387695312 -0.0525398254394531 -0.00216865539550781 0.0179634094238281
-0.0109329223632812 -0.0569648742675781 -0.0117530822753906 0.0351943969726562
-0.00129318237304688 -0.062774658203125 -0.0300025939941406 0.03814697265625
0.0225448608398437 -0.0583457946777344 -0.0411872863769531 0.0377349853515625
0.0398178100585938 -0.0495681762695313 -0.0434226989746094 0.0183868408203125
0.0605278015136719 -0.0211677551269531 -0.037689208984375 0.00785827636718749
0.0749740600585938 -0.004638671875 -0.01519775390625 0.0193748474121094
0.07574462890625 0.0110015869140625 -0.00163650512695312 0.0556144714355469
0.06884765625 0.0238456726074219 0.052459716796875 -0.0256385803222656
0.0785446166992188 0.0109939575195313 0.0689201354980469 0.0104789733886719
0.0725631713867188 -0.0022735595703125 0.0613517761230469 0.0121307373046875
0.0600013732910156 -0.0290870666503906 0.0581436157226563 -0.000995635986328127
0.0355186462402344 -0.0447769165039063 0.0363655090332031 -0.0059814453125
0.00733184814453125 -0.0523719787597656 0.0135440826416016 -0.00110340118408203
-0.00777053833007812 -0.047149658203125 0.0098114013671875 0.0160102844238281
-0.00725173950195313 -0.0427780151367188 0.00675201416015625 0.0350780487060547
-0.0109710693359375 -0.046844482421875 -0.0021209716796875 0.0500755310058594
-0.00324630737304688 -0.0529365539550781 -0.0235443115234375 0.0531158447265625
0.0206680297851562 -0.0519027709960938 -0.0361251831054687 0.0489158630371094
0.0390129089355469 -0.0455474853515625 -0.0391616821289063 0.022705078125
0.0599288940429688 -0.01702880859375 -0.0293006896972656 0.00712203979492188
0.072723388671875 0.00054168701171875 0.00570201873779297 0.0168123245239258
0.0690765380859375 0.0145301818847656 0.0229949951171875 0.062591552734375
0.0497779846191406 0.0146903991699219 0.069366455078125 -0.0259590148925781
0.0614509582519531 0.00618362426757813 0.0769195556640625 0.0041656494140625
0.0566291809082031 -0.008453369140625 0.0569953918457031 0.00864410400390625
0.0426063537597656 -0.0289726257324219 0.050628662109375 0.00580596923828125
0.0206413269042969 -0.0373611450195313 0.032562255859375 0.00625801086425781
-0.00382614135742187 -0.0379295349121094 0.0178623199462891 0.0140647888183594
-0.00975990295410157 -0.0284690856933594 0.0173244476318359 0.02911376953125
-0.00738334655761719 -0.0263309478759766 0.0160255432128906 0.0449981689453125
-0.00939559936523438 -0.0295124053955078 0.002288818359375 0.0601997375488281
-0.00368118286132813 -0.0351524353027344 -0.0216140747070312 0.0640830993652344
0.015594482421875 -0.0376739501953125 -0.0355033874511719 0.0541229248046875
0.0323200225830078 -0.0338497161865234 -0.036651611328125 0.027496337890625
0.0513114929199219 -0.0086517333984375 -0.0238475799560547 0.00836944580078125
0.059112548828125 0.00645065307617188 0.0200786590576172 0.0180473327636719
0.0508956909179687 0.0163383483886719 0.0431861877441406 0.0699462890625
0.0218257904052734 0.00623512268066406 0.0776901245117188 -0.0306549072265625
0.0375289916992188 0.000885009765625 0.0783309936523438 -0.00536346435546875
0.0322017669677734 -0.00948333740234375 0.0524406433105469 0.00373077392578125
0.0205001831054688 -0.0225067138671875 0.0452804565429688 0.00996017456054687
0.00209426879882813 -0.0241603851318359 0.0334300994873047 0.0128192901611328
-0.0129404067993164 -0.0154237747192383 0.025543212890625 0.0223655700683594
-0.00965213775634765 -0.00564002990722656 0.0268306732177734 0.0350799560546875
-0.00645112991333008 -0.00595426559448242 0.0221977233886719 0.0493545532226563
-0.00758743286132813 -0.00775861740112305 0.00548553466796875 0.0672760009765625
-0.00740337371826172 -0.014225959777832 -0.0214042663574219 0.0688514709472656
0.00612449645996094 -0.0205669403076172 -0.0356407165527344 0.05792236328125
0.0196571350097656 -0.0185356140136719 -0.037811279296875 0.0307464599609375
0.0326499938964844 -0.00115585327148437 -0.0222091674804687 0.00916099548339844
0.03369140625 0.00674629211425781 0.0254402160644531 0.0195827484130859
0.0238513946533203 0.0123519897460938 0.0530319213867188 0.0761337280273438
0.00885486602783203 0.010960578918457 -0.0527687072753906 -0.0599784851074219
-0.000205755233764648 -0.00167977809906006 -0.0164270401000977 -0.0160951614379883
-0.00442218780517578 0.00413608551025391 0.028289794921875 -0.00557327270507813
0.00323677062988281 0.0067601203918457 0.0488471984863281 -0.0325164794921875
0.00874233245849609 0.000383853912353516 0.0402603149414063 -0.0565299987792969
0.00813674926757813 -0.00843000411987305 0.0143051147460937 -0.0746688842773438
0.00132274627685547 -0.0168008804321289 -0.013275146484375 -0.0672111511230469
0.00218009948730469 -0.0150032043457031 -0.0252952575683594 -0.0436248779296875
0.00605010986328125 -0.0149202346801758 -0.0339622497558594 -0.0266971588134766
0.0112791061401367 -0.0106067657470703 -0.0380973815917969 -0.0206642150878906
0.0122766494750977 -9.25064086914063E-05 -0.0439872741699219 -0.00894927978515625
0.00545310974121094 0.0107650756835938 -0.0446014404296875 -0.00710678100585938
-0.0111560821533203 0.00731086730957031 -0.0551834106445313 -0.00813674926757812
-0.00941753387451172 -0.00195789337158203 -0.0703887939453125 0.0135116577148437
-0.000824928283691406 0.00516128540039063 -0.0750350952148437 0.0326461791992188
0.0383033752441406 0.0198631286621094 -0.040924072265625 -0.055572509765625
0.0289096832275391 0.00271797180175781 -0.00267982482910156 -0.0119590759277344
0.0219039916992188 0.00446891784667969 0.0371894836425781 -0.00273895263671875
0.024993896484375 -0.00246429443359375 0.0554542541503906 -0.0310935974121094
0.0227737426757813 -0.0134315490722656 0.0430793762207031 -0.0520744323730469
0.0134468078613281 -0.0273838043212891 0.0148391723632812 -0.068359375
-0.000442504882812499 -0.0356521606445313 -0.0115242004394531 -0.0580101013183594
-0.000780105590820313 -0.0343990325927734 -0.0235099792480469 -0.0325794219970703
0.000827789306640624 -0.0359992980957031 -0.0336036682128906 -0.0151271820068359
0.00972747802734375 -0.0334949493408203 -0.0416450500488281 -0.0100746154785156
0.0208168029785156 -0.0216350555419922 -0.0477867126464844 -0.000522613525390634
0.0220279693603516 -0.00736427307128906 -0.0462760925292969 -0.0029144287109375
0.0129318237304688 0.001983642578125 -0.0516853332519531 -0.000579833984374998
0.0179462432861328 -0.00127220153808594 -0.062103271484375 0.020751953125
0.027130126953125 0.00652694702148437 -0.0668983459472656 0.0396766662597656
0.0621681213378906 0.0259284973144531 -0.0213127136230469 -0.0477294921875
0.05487060546875 0.0087127685546875 0.0162382125854492 -0.00275325775146484
0.0464210510253906 0.0045166015625 0.0475807189941406 0.00296783447265625
0.0450820922851563 -0.010467529296875 0.0614547729492187 -0.0251808166503906
0.0354461669921875 -0.0254287719726563 0.0440826416015625 -0.0447502136230469
0.0181159973144531 -0.0428619384765625 0.0138931274414063 -0.0566520690917969
-0.00148391723632813 -0.0495567321777344 -0.00799179077148438 -0.0425224304199219
-0.00329971313476563 -0.046905517578125 -0.0182571411132813 -0.016326904296875
-0.004791259765625 -0.0498161315917969 -0.0287036895751953 0.0013885498046875
0.00538253784179687 -0.05059814453125 -0.0408477783203125 0.00612258911132812
0.0236358642578125 -0.0409698486328125 -0.0485992431640625 0.0123405456542969
0.03125 -0.0270977020263672 -0.0475234985351562 0.00486373901367188
0.0337142944335938 -0.00818061828613281 -0.0483169555664063 0.00465011596679687
0.0426597595214844 -0.0041961669921875 -0.0484962463378906 0.0243911743164063
0.0514030456542969 0.00618362426757813 -0.049560546875 0.0465202331542969
0.07666015625 0.0292282104492187 0.00334548950195313 -0.0384178161621094
0.0731048583984375 0.0120620727539062 0.0353775024414063 0.0063323974609375
0.06640625 0.00318527221679687 0.056732177734375 0.00976943969726562
0.0601539611816406 -0.0200424194335938 0.0648002624511719 -0.017242431640625
0.0429115295410156 -0.0374908447265625 0.0430946350097656 -0.0336799621582031
0.0185165405273438 -0.0533981323242187 0.0132865905761719 -0.03924560546875
-0.00293731689453125 -0.0557785034179688 -0.00358390808105469 -0.0235004425048828
-0.00571060180664063 -0.0529899597167969 -0.0104885101318359 0.00148773193359375
-0.00981140136718749 -0.0565376281738281 -0.0204181671142578 0.0196952819824219
-0.000873565673828128 -0.05987548828125 -0.0361518859863281 0.0239219665527344
0.0221176147460938 -0.0532073974609375 -0.0450706481933594 0.0272026062011719
0.0361518859863281 -0.0425605773925781 -0.0460205078125 0.0130805969238281
0.0493965148925781 -0.0179290771484375 -0.0436744689941406 0.00828933715820311
0.0624504089355469 -0.00758743286132813 -0.0322608947753906 0.02386474609375
0.0675811767578125 0.00664901733398437 -0.0262680053710938 0.05181884765625
0.0783615112304688 0.026275634765625 0.0286674499511719 -0.0303707122802734
0.08001708984375 0.0115890502929688 0.0544624328613281 0.0106620788574219
0.0747833251953125 -0.00030517578125 0.0616340637207031 0.0136909484863281
0.0646171569824219 -0.0270271301269531 0.0636138916015625 -0.00861740112304688
0.0423355102539063 -0.0440635681152344 0.0398521423339844 -0.0193519592285156
0.013702392578125 -0.0558815002441406 0.0126781463623047 -0.0202140808105469
-0.00654983520507812 -0.0548210144042969 0.00261306762695312 -0.00269770622253418
-0.00727462768554688 -0.0511741638183594 -0.000991821289062499 0.0193195343017578
-0.011566162109375 -0.0542564392089844 -0.0101737976074219 0.0365562438964844
-0.00454330444335938 -0.0595626831054688 -0.0288658142089844 0.0406455993652344
0.0196266174316406 -0.056915283203125 -0.0400009155273438 0.0398292541503906
0.0366859436035156 -0.0493812561035156 -0.0427169799804688 0.020233154296875
0.057891845703125 -0.0221824645996094 -0.0370674133300781 0.010162353515625
0.0723037719726563 -0.0069580078125 -0.0130653381347656 0.020111083984375
0.0733718872070313 0.00870513916015625 -0.000633239746093746 0.0570220947265625
0.0683403015136719 0.0200424194335938 0.0501670837402344 -0.0265693664550781
0.07452392578125 0.0075836181640625 0.0682754516601563 0.00966262817382813
0.0702247619628906 -0.00531768798828125 0.0611724853515625 0.0129966735839844
0.0568008422851563 -0.03143310546875 0.0581626892089844 -0.00102996826171875
0.0322647094726563 -0.0441169738769531 0.036407470703125 -0.00582504272460938
0.00448226928710938 -0.0498695373535156 0.0143661499023438 -0.00106048583984375
-0.00969696044921875 -0.043487548828125 0.009918212890625 0.0160970687866211
-0.00774383544921875 -0.0404739379882812 0.00865554809570313 0.03411865234375
-0.0120353698730469 -0.0439834594726563 -0.00115203857421875 0.0509185791015625
-0.00539398193359375 -0.0493392944335938 -0.0219917297363281 0.0547065734863281
0.0166969299316406 -0.0506324768066406 -0.0354156494140625 0.0495872497558594
0.0358085632324219 -0.045684814453125 -0.0390968322753906 0.0247955322265625
0.0582313537597656 -0.0187721252441406 -0.0290508270263672 0.00868988037109375
0.0703125 -0.002716064453125 0.00594711303710938 0.0173130035400391
0.0669631958007813 0.0110282897949219 0.0248298645019531 0.0626335144042969
0.0486488342285156 0.0110511779785156 0.0660476684570313 -0.0276641845703125
0.0587158203125 0.00236129760742188 0.0755767822265625 0.0030059814453125
0.0549583435058594 -0.00958633422851563 0.0576057434082031 0.00936508178710938
0.039764404296875 -0.0303421020507813 0.0512619018554687 0.0050506591796875
0.0167350769042969 -0.0374259948730469 0.0339641571044922 0.00476837158203125
-0.00591850280761718 -0.0349407196044922 0.0192737579345703 0.0135383605957031
-0.0112285614013672 -0.0252418518066406 0.0194873809814453 0.0280685424804688
-0.007965087890625 -0.0237808227539062 0.0163764953613281 0.0432243347167969
-0.0104618072509766 -0.0270843505859375 0.00496673583984375 0.0607032775878906
-0.00651741027832031 -0.0324306488037109 -0.0187835693359375 0.0638236999511719
0.0127143859863281 -0.0363540649414062 -0.0333671569824219 0.0560493469238281
0.0290374755859375 -0.0341339111328125 -0.036712646484375 0.0284805297851563
0.0488204956054688 -0.0107002258300781 -0.0236434936523438 0.00899887084960938
0.0560111999511719 0.00271987915039063 0.0193977355957031 0.0169639587402344
0.0482254028320313 0.0123062133789063 0.0437431335449219 0.0686607360839844
0.0215129852294922 0.00390434265136719 0.0739898681640625 -0.0335540771484375
0.0352249145507813 -0.00239944458007812 0.0753860473632813 -0.006744384765625
0.0316276550292969 -0.0125980377197266 0.0517082214355469 0.0045623779296875
0.0169677734375 -0.0240993499755859 0.0459938049316406 0.00936508178710937
-0.000850677490234377 -0.0232067108154297 0.0352363586425781 0.0108108520507812
-0.0139980316162109 -0.0132169723510742 0.0266036987304688 0.0205211639404297
-0.0102691650390625 -0.00355625152587891 0.0275173187255859 0.0321807861328125
-0.00626230239868164 -0.00361204147338867 0.0224990844726563 0.0464706420898438
-0.00811910629272461 -0.00617551803588867 0.00756072998046875 0.064483642578125
-0.00780677795410156 -0.0123271942138672 -0.01922607421875 0.0687408447265625
0.00395584106445313 -0.0199527740478516 -0.03436279296875 0.0577163696289062
0.0171604156494141 -0.0202445983886719 -0.0369606018066406 0.0315475463867188
0.0307350158691406 -0.00376701354980469 -0.0224418640136719 0.00938987731933594
0.0313835144042969 0.00428581237792969 0.0256290435791016 0.0189018249511719
0.022247314453125 0.00966453552246094 0.0535507202148438 0.0732040405273438
0.0103569030761719 0.0125951766967773 -0.0501594543457031 -0.0605278015136719
0.00126218795776367 -0.00160729885101318 -0.0142908096313477 -0.0161476135253906
-0.00318574905395508 0.00433087348937988 0.0294551849365234 -0.00555801391601563
0.00504922866821289 0.00554418563842774 0.0491142272949219 -0.0322418212890625
0.00904655456542969 -0.00103092193603516 0.0398826599121094 -0.0559959411621094
0.00806903839111328 -0.0102853775024414 0.0140914916992187 -0.0741348266601563
0.000858306884765624 -0.0191726684570313 -0.0130043029785156 -0.0661201477050781
0.00167274475097656 -0.0176830291748047 -0.024688720703125 -0.0417709350585938
0.00588321685791016 -0.0171079635620117 -0.0339183807373047 -0.0244312286376953
0.012516975402832 -0.0123271942138672 -0.0383415222167969 -0.01910400390625
0.014592170715332 -0.00120735168457031 -0.0447731018066406 -0.00809097290039063
0.00756740570068359 0.0111665725708008 -0.0457191467285156 -0.00731277465820312
-0.00996780395507812 0.00938606262207031 -0.0553207397460938 -0.00812149047851563
-0.0096588134765625 0.000856399536132811 -0.0688514709472656 0.0127143859863281
-0.000728130340576171 0.007476806640625 -0.07293701171875 0.033966064453125
0.0390586853027344 0.021484375 -0.0391502380371094 -0.0549812316894531
0.0288314819335938 0.00267410278320313 -0.000717163085937498 -0.0103302001953125
0.0221710205078125 0.00471305847167969 0.038787841796875 -0.0020599365234375
0.0251331329345703 -0.00262641906738281 0.0555801391601563 -0.0294952392578125
0.0231533050537109 -0.0140552520751953 0.042694091796875 -0.0510940551757812
0.0135421752929688 -0.0284290313720703 0.0143318176269531 -0.066741943359375
-0.000988006591796872 -0.0367851257324219 -0.0105476379394531 -0.0559120178222656
-0.0013275146484375 -0.0353813171386719 -0.0227298736572266 -0.0311355590820313
0.000621795654296874 -0.0372886657714844 -0.0330410003662109 -0.0123004913330078
0.0107345581054688 -0.0342254638671875 -0.0424575805664063 -0.00778579711914063
0.0219211578369141 -0.0218772888183594 -0.0486869812011719 0.00127410888671874
0.0235652923583984 -0.00677108764648438 -0.0469932556152344 -0.00260543823242187
0.013087272644043 0.00420856475830078 -0.0521202087402344 -0.000709533691406243
0.017420768737793 0.00106430053710938 -0.0605125427246094 0.0205917358398438
0.0267848968505859 0.00843620300292969 -0.0646400451660156 0.04205322265625
0.0620574951171875 0.0260696411132813 -0.0195655822753906 -0.0472412109375
0.0538253784179688 0.00824737548828125 0.0177555084228516 -0.0014801025390625
0.0470314025878906 0.00414276123046875 0.04931640625 0.00424575805664062
0.0450630187988281 -0.0109596252441406 0.0622177124023437 -0.0246200561523437
0.0347633361816406 -0.0263423919677734 0.0447959899902344 -0.0437583923339844
0.0179672241210937 -0.0437965393066406 0.0146026611328125 -0.0546836853027344
-0.00250244140625 -0.0497093200683594 -0.00725936889648438 -0.0404739379882812
-0.00405120849609375 -0.0477714538574219 -0.0170812606811523 -0.0150127410888672
-0.0043182373046875 -0.0505447387695313 -0.0278892517089844 0.00446319580078125
0.00531387329101563 -0.0512809753417969 -0.0414695739746094 0.00871276855468749
0.024078369140625 -0.0406913757324219 -0.0495223999023438 0.0148658752441406
0.0319633483886719 -0.0262107849121094 -0.0479393005371094 0.00555801391601562
0.0337257385253906 -0.00599861145019531 -0.0493049621582031 0.00553512573242188
0.0420570373535156 -0.00275802612304688 -0.0473175048828125 0.0249099731445312
0.04998779296875 0.00740814208984375 -0.0477943420410156 0.0489044189453125
0.0761642456054688 0.0281295776367187 0.00443267822265626 -0.0379600524902344
0.0716018676757813 0.0110855102539063 0.0374908447265625 0.00712203979492188
0.0662345886230469 0.00286102294921875 0.0587272644042969 0.0114898681640625
0.0586814880371094 -0.0198326110839844 0.0655136108398438 -0.01580810546875
0.0416107177734375 -0.0373725891113281 0.0437698364257813 -0.0322761535644531
0.0182609558105469 -0.0527496337890625 0.0143241882324219 -0.037200927734375
-0.00430297851562499 -0.05535888671875 -0.00205612182617188 -0.0211582183837891
-0.00636672973632812 -0.0526542663574219 -0.00961780548095703 0.0030975341796875
-0.00967788696289062 -0.0554542541503906 -0.0191879272460938 0.0223789215087891
-0.00116729736328126 -0.0588722229003906 -0.0365104675292969 0.0263023376464844
0.0216064453125 -0.0527229309082031 -0.0463066101074219 0.0288505554199219
0.03509521484375 -0.0420112609863281 -0.0467605590820312 0.014556884765625
0.0487327575683594 -0.0168495178222656 -0.0440292358398438 0.00870132446289061
0.0605392456054688 -0.00684738159179688 -0.0308189392089844 0.0246753692626953
0.0659523010253906 0.00720596313476563 -0.0247879028320312 0.0549507141113281
0.0769805908203125 0.0250396728515625 0.0285854339599609 -0.0297470092773437
0.0775299072265625 0.0106582641601562 0.0552253723144531 0.0125923156738281
0.0735626220703125 -0.00057220458984375 0.0634193420410156 0.01513671875
0.063385009765625 -0.0274085998535156 0.0647430419921875 -0.00763702392578125
0.0401878356933594 -0.0429420471191406 0.0407371520996094 -0.01898193359375
0.0132217407226562 -0.0545845031738281 0.0146331787109375 -0.0179271697998047
-0.00657272338867187 -0.0526847839355469 0.00402092933654785 -0.00116348266601563
-0.00794219970703125 -0.04913330078125 0.000190734863281248 0.0201740264892578
-0.0116500854492188 -0.0526237487792969 -0.00967025756835938 0.0390434265136719
-0.00511550903320312 -0.0575675964355469 -0.0286827087402344 0.0430564880371094
0.0182037353515625 -0.0556068420410156 -0.040496826171875 0.04180908203125
0.0354042053222656 -0.0482673645019531 -0.0428352355957031 0.0208663940429688
0.0569686889648437 -0.0217514038085938 -0.0371208190917969 0.0101470947265625
0.0701904296875 -0.00699996948242188 -0.0124607086181641 0.0220680236816406
0.0716705322265625 0.00849151611328125 0.000579833984374998 0.0589866638183594
0.0665702819824219 0.0185623168945313 0.0493431091308594 -0.0265960693359375
0.0717086791992188 0.00620269775390625 0.0684242248535156 0.0110740661621094
0.0688667297363281 -0.00579833984375 0.0638427734375 0.0147552490234375
0.05487060546875 -0.0312080383300781 0.0596961975097656 -0.000461578369140627
0.0306816101074219 -0.0431098937988281 0.0374374389648437 -0.00508880615234375
0.0045318603515625 -0.0473060607910156 0.0164508819580078 0.000437736511230466
-0.010040283203125 -0.0413589477539063 0.0112972259521484 0.0159664154052734
-0.00829315185546875 -0.0385055541992188 0.00886726379394532 0.034210205078125
-0.0119285583496094 -0.0409774780273437 -9.15527343749964E-05 0.0528793334960938
-0.00608444213867187 -0.0467987060546875 -0.022125244140625 0.0562973022460938
0.0152740478515625 -0.0485916137695313 -0.0355682373046875 0.0506134033203125
0.0329132080078125 -0.0452194213867188 -0.0393447875976563 0.0261306762695312
0.056182861328125 -0.0187873840332031 -0.0293312072753906 0.00909233093261719
0.0679130554199219 -0.00345230102539063 0.00622177124023438 0.0177841186523438
0.0648078918457031 0.00982284545898438 0.0246658325195313 0.0648689270019531
0.0464935302734375 0.00965118408203125 0.0642776489257813 -0.0279159545898438
0.05633544921875 0.000759124755859375 0.0744781494140625 0.00382232666015625
0.0534286499023437 -0.0105781555175781 0.0590057373046875 0.0106201171875
0.0377883911132813 -0.0301284790039063 0.0533256530761719 0.00608444213867187
0.0144691467285156 -0.0363082885742188 0.0353202819824219 0.00508499145507812
-0.00666046142578125 -0.0318107604980469 0.0208511352539063 0.0137290954589844
-0.0112247467041016 -0.0230503082275391 0.0196781158447266 0.0274658203125
-0.0081787109375 -0.0219993591308594 0.0170860290527344 0.0433387756347656
-0.00957489013671875 -0.0235939025878906 0.00532150268554688 0.0608863830566406
-0.00683403015136719 -0.0293483734130859 -0.0189361572265625 0.0650138854980469
0.0107917785644531 -0.0354270935058594 -0.0332679748535156 0.056549072265625
0.026458740234375 -0.0343074798583984 -0.03680419921875 0.0289421081542969
0.0465927124023437 -0.0109939575195312 -0.0240268707275391 0.00889015197753907
0.0532798767089844 0.0012664794921875 0.0188312530517578 0.0178852081298828
0.0469245910644531 0.0101242065429687 0.0428314208984375 0.0700874328613281
0.0199451446533203 0.00152015686035156 0.0717926025390625 -0.0338973999023438
0.03387451171875 -0.00395393371582031 0.0745773315429688 -0.00589752197265625
0.0306739807128906 -0.0140094757080078 0.0531501770019531 0.00557708740234375
0.0161552429199219 -0.0245609283447266 0.0480537414550781 0.0098876953125
-0.00249290466308594 -0.0229873657226562 0.0360183715820313 0.010467529296875
-0.0148344039916992 -0.00954246520996093 0.0279941558837891 0.0201034545898437
-0.0105705261230469 -0.00107002258300781 0.0276012420654297 0.0299224853515625
-0.00612545013427734 -0.00181007385253906 0.0219268798828125 0.0448379516601563
-0.00746250152587891 -0.00290727615356445 0.00766372680664062 0.0638198852539063
-0.00815486907958984 -0.00999736785888672 -0.0187416076660156 0.0682868957519531
0.00215530395507813 -0.0181159973144531 -0.0346298217773438 0.0578689575195313
0.0152721405029297 -0.0195159912109375 -0.0376548767089844 0.0320205688476563
0.0291519165039063 -0.00413322448730469 -0.0234527587890625 0.00970840454101562
0.0288677215576172 0.00236701965332031 0.02337646484375 0.0176963806152344
0.0202903747558594 0.00759506225585938 0.0520706176757813 0.0734405517578125
0.0128211975097656 0.0154237747192383 -0.0496406555175781 -0.0626678466796875
0.00304126739501953 -0.000375747680664063 -0.0126619338989258 -0.0162067413330078
-0.00093841552734375 0.00463771820068359 0.0320320129394531 -0.0051116943359375
0.00672531127929688 0.00488853454589844 0.050750732421875 -0.0320625305175781
0.00998497009277344 -0.00233650207519531 0.0407371520996094 -0.0560493469238281
0.00878429412841797 -0.0128564834594727 0.0142364501953125 -0.0743179321289062
-0.000288009643554688 -0.0214767456054688 -0.0123977661132812 -0.0657196044921875
0.00101852416992188 -0.0200157165527344 -0.0242652893066406 -0.0410919189453125
0.00644874572753907 -0.0205821990966797 -0.0336666107177734 -0.0234909057617187
0.0138406753540039 -0.0147724151611328 -0.0397911071777344 -0.017333984375
0.0167036056518555 -0.00203132629394531 -0.0467147827148437 -0.00754547119140625
0.0102987289428711 0.0111560821533203 -0.0476341247558594 -0.00809478759765625
-0.008758544921875 0.0115633010864258 -0.0576095581054688 -0.00993347167968751
-0.009307861328125 0.0036468505859375 -0.0693588256835938 0.0118446350097656
0.000327110290527343 0.00964069366455078 -0.0724716186523437 0.0343475341796875
0.0414276123046875 0.022705078125 -0.0367965698242188 -0.0567665100097656
0.0312595367431641 0.00340843200683594 0.0018301010131836 -0.0103511810302734
0.0244312286376953 0.00433921813964844 0.0418472290039063 -0.00166702270507812
0.0262184143066406 -0.00385093688964844 0.0575637817382813 -0.0297698974609375
0.0238399505615234 -0.0157566070556641 0.0441970825195312 -0.0508956909179687
0.0137176513671875 -0.0305862426757813 0.0157928466796875 -0.0660018920898438
-0.00158309936523438 -0.0389213562011719 -0.00975036621093749 -0.0550689697265625
-0.0021820068359375 -0.0376167297363281 -0.0215396881103516 -0.0293731689453125
0.000923156738281247 -0.0395126342773438 -0.0325660705566406 -0.00988388061523437
0.0121002197265625 -0.0367240905761719 -0.0437660217285156 -0.00571060180664062
0.0244255065917969 -0.0224876403808594 -0.0506515502929688 0.00251770019531249
0.0251178741455078 -0.00647163391113281 -0.0491142272949219 -0.00217819213867188
0.0144405364990234 0.00627422332763672 -0.0538101196289062 -0.00131225585937499
0.0173454284667969 0.00429725646972656 -0.0606117248535156 0.0206298828125
0.0272388458251953 0.0104274749755859 -0.0635032653808594 0.0442276000976563
0.0636062622070313 0.0282211303710938 -0.0179862976074219 -0.0476150512695313
0.0550079345703125 0.00907516479492187 0.0207252502441406 3.24249267578131E-05
0.0488128662109375 0.00484466552734375 0.0526657104492188 0.005584716796875
0.0455970764160156 -0.0122489929199219 0.0652999877929688 -0.0236053466796875
0.0354385375976563 -0.0275840759277344 0.0463714599609375 -0.0428657531738281
0.0182685852050781 -0.0447883605957031 0.0163345336914063 -0.0527610778808594
-0.00238037109375 -0.0511932373046875 -0.00528335571289063 -0.0394058227539063
-0.00439453125 -0.0488204956054688 -0.015655517578125 -0.0131521224975586
-0.00429916381835938 -0.0522613525390625 -0.0275497436523438 0.00765037536621094
0.00665664672851562 -0.0520248413085938 -0.042877197265625 0.0117111206054687
0.0259895324707031 -0.0412101745605469 -0.0515098571777344 0.017333984375
0.0342044830322266 -0.0258712768554688 -0.0505638122558594 0.00693130493164063
0.0349082946777344 -0.00432395935058594 -0.0506935119628906 0.005126953125
0.0424118041992187 -0.000701904296875 -0.0472679138183594 0.02630615234375
0.0499038696289063 0.00974655151367188 -0.0470848083496094 0.0525093078613281
0.0756759643554688 0.028839111328125 0.005462646484375 -0.0377693176269531
0.0717620849609375 0.0117950439453125 0.0399208068847656 0.00973129272460938
0.0666351318359375 0.00291824340820313 0.0619735717773438 0.0129241943359375
0.0596466064453125 -0.0207939147949219 0.0691986083984375 -0.0149192810058594
0.0421867370605469 -0.0374107360839844 0.0462913513183594 -0.0310821533203125
0.0183258056640625 -0.053070068359375 0.0163421630859375 -0.0354080200195313
-0.004364013671875 -0.0558242797851562 -0.000522613525390627 -0.0195732116699219
-0.0066680908203125 -0.0526695251464844 -0.00863933563232422 0.00505256652832031
-0.00964736938476562 -0.0568580627441406 -0.0187110900878906 0.0255050659179687
-0.000839233398437503 -0.0592498779296875 -0.0372238159179688 0.0302925109863281
0.0220947265625 -0.0535545349121094 -0.0479583740234375 0.0321464538574219
0.0368232727050781 -0.0412178039550781 -0.0492973327636719 0.0158309936523437
0.0499038696289063 -0.0155143737792969 -0.0453681945800781 0.0101661682128906
0.0609321594238281 -0.0053253173828125 -0.0304317474365234 0.0265178680419922
0.0655937194824219 0.00842666625976563 -0.0245552062988281 0.058837890625
0.0766448974609375 0.0253143310546875 0.0295562744140625 -0.0292167663574219
0.0761871337890625 0.0110397338867187 0.0575408935546875 0.0152206420898438
0.0748062133789063 -0.00037384033203125 0.0672683715820313 0.0176429748535156
0.0627708435058594 -0.0270462036132813 0.0685005187988281 -0.00557327270507813
0.0398674011230469 -0.0430755615234375 0.0432090759277344 -0.0174331665039063
0.0128211975097656 -0.0540924072265625 0.0168342590332031 -0.0164251327514648
-0.00671768188476563 -0.0521392822265625 0.0051264762878418 0.000113010406494137
-0.00796127319335937 -0.0486526489257813 0.000959396362304688 0.0221729278564453
-0.0117263793945313 -0.05224609375 -0.0088043212890625 0.0428047180175781
-0.0047149658203125 -0.0571136474609375 -0.0295448303222656 0.04705810546875
0.0183181762695312 -0.0548934936523438 -0.0421600341796875 0.045013427734375
0.0356941223144531 -0.0489959716796875 -0.0450477600097656 0.0235633850097656
0.0560073852539063 -0.0206336975097656 -0.0378608703613281 0.0114974975585938
0.069793701171875 -0.00662612915039063 -0.0112571716308594 0.0232791900634766
0.0707244873046875 0.008636474609375 0.00136947631835937 0.0634498596191406
0.0657005310058594 0.0171432495117188 0.0497665405273438 -0.0256423950195312
0.0703887939453125 0.00646209716796875 0.0699615478515625 0.0133476257324219
0.0696678161621094 -0.00512313842773438 0.0668182373046875 0.0169105529785156
0.054534912109375 -0.0308380126953125 0.0631332397460938 0.00167465209960937
0.0298194885253906 -0.0432052612304687 0.0396995544433594 -0.00396728515625
0.00417709350585937 -0.0462570190429687 0.0185794830322266 0.00105476379394531
-0.00999832153320313 -0.0403022766113281 0.0127172470092773 0.0172529220581055
-0.0085601806640625 -0.0374374389648438 0.00912857055664062 0.0363922119140625
-0.0112648010253906 -0.0400314331054688 0.000553131103515623 0.0561294555664063
-0.00716781616210937 -0.0450820922851563 -0.022796630859375 0.0593223571777344
0.0138435363769531 -0.0479927062988281 -0.036865234375 0.0539512634277344
0.0319442749023438 -0.0447196960449219 -0.0411796569824219 0.0279388427734375
0.0555000305175781 -0.0189743041992188 -0.0307102203369141 0.0104618072509766
0.0665397644042969 -0.00426864624023438 0.00621604919433594 0.0194511413574219
0.0634765625 0.00874710083007813 0.0241813659667969 0.0690879821777344
0.0458946228027344 0.00784683227539063 0.0646171569824219 -0.0266532897949219
0.055084228515625 -0.000152587890625 0.0757904052734375 0.00624847412109375
0.0536880493164063 -0.0117645263671875 0.0617485046386719 0.012847900390625
0.0362701416015625 -0.030975341796875 0.0554275512695313 0.00728225708007812
0.0126113891601563 -0.0356407165527344 0.0375137329101563 0.00522232055664062
-0.00703620910644532 -0.0294857025146484 0.0234489440917969 0.0147056579589844
-0.0114097595214844 -0.0209236145019531 0.0204353332519531 0.0276603698730469
-0.00802421569824218 -0.0197238922119141 0.016754150390625 0.0435905456542969
-0.00945663452148437 -0.0219936370849609 0.00572967529296875 0.0633964538574219
-0.007110595703125 -0.0274124145507812 -0.0199127197265625 0.0671501159667969
0.0088043212890625 -0.0328426361083984 -0.0343666076660156 0.0581321716308594
0.0254344940185547 -0.0328807830810547 -0.0381355285644531 0.0307426452636719
0.0452651977539063 -0.0115280151367188 -0.0252857208251953 0.00982093811035156
0.0516700744628906 -4.9591064453125E-05 0.0192394256591797 0.019134521484375
0.0458183288574219 0.00867462158203125 0.0426788330078125 0.0736770629882813
0.0194606781005859 -0.000949859619140625 0.0714492797851563 -0.0338516235351563
0.0326156616210938 -0.00562667846679688 0.0752334594726562 -0.00386810302734375
0.0300197601318359 -0.0153408050537109 0.05572509765625 0.0076446533203125
0.0135841369628906 -0.024932861328125 0.0502815246582031 0.0110702514648437
-0.00561904907226562 -0.0217056274414063 0.0386924743652344 0.00949478149414062
-0.015721321105957 -0.0072774887084961 0.0299930572509766 0.0190925598144531
-0.00958919525146484 0.00168323516845703 0.0273056030273438 0.0296421051025391
-0.00589084625244141 0.00026702880859375 0.0219573974609375 0.0448875427246094
-0.00705575942993164 -0.000147819519042968 0.00775909423828125 0.0658683776855469
-0.00861263275146485 -0.00682830810546875 -0.020050048828125 0.0700225830078125
0.000612258911132814 -0.0164337158203125 -0.0356178283691406 0.0598526000976563
0.0131988525390625 -0.0190410614013672 -0.0387611389160156 0.0325508117675781
0.0273113250732422 -0.00485801696777344 -0.025360107421875 0.00954437255859375
0.0274658203125 0.00116157531738281 0.0230159759521484 0.0190753936767578
0.0193424224853516 0.00584030151367188 0.051513671875 0.0769500732421875
0.0153312683105469 0.0181598663330078 -0.0499534606933594 -0.0660324096679688
0.0052342414855957 0.000111103057861328 -0.00986099243164062 -0.0167646408081055
0.000975608825683594 0.00483369827270508 0.0351161956787109 -0.00617599487304688
0.00870943069458008 0.00345420837402344 0.0535469055175781 -0.0342445373535156
0.0113925933837891 -0.004241943359375 0.0422744750976563 -0.0580253601074219
0.00878238677978516 -0.0161762237548828 0.01434326171875 -0.0754547119140625
-0.00157928466796875 -0.0244102478027344 -0.0124855041503906 -0.0668296813964844
0.000244140625000002 -0.0230751037597656 -0.0246086120605469 -0.0409965515136719
0.00562286376953125 -0.0246829986572266 -0.0341873168945313 -0.021759033203125
0.0151710510253906 -0.0187110900878906 -0.0425300598144531 -0.0157356262207031
0.0193386077880859 -0.00332832336425781 -0.0500297546386719 -0.00611877441406251
0.0136985778808594 0.0117216110229492 -0.0509719848632813 -0.00775146484375
-0.00761508941650391 0.0149145126342773 -0.0609359741210938 -0.00993728637695312
-0.00839948654174805 0.00718593597412109 -0.0711288452148438 0.011566162109375
0.00162696838378906 0.0131330490112305 -0.072540283203125 0.0373077392578125
0.0438804626464844 0.0250816345214844 -0.0370063781738281 -0.058868408203125
0.0334796905517578 0.00389862060546875 0.00465488433837891 -0.00994586944580078
0.0272216796875 0.00362586975097656 0.0459556579589844 -0.0016937255859375
0.0284214019775391 -0.00560188293457031 0.0608634948730469 -0.0309104919433594
0.0252418518066406 -0.0177249908447266 0.0459136962890625 -0.0518836975097656
0.0136756896972656 -0.0340404510498047 0.0164947509765625 -0.066680908203125
-0.00290298461914062 -0.0421066284179688 -0.0092315673828125 -0.0550003051757813
-0.00313186645507813 -0.0403213500976563 -0.0214748382568359 -0.0282211303710938
0.000297546386718751 -0.0436439514160156 -0.0327625274658203 -0.00731277465820313
0.0130043029785156 -0.040374755859375 -0.0453453063964844 -0.00263595581054687
0.0271358489990234 -0.0249347686767578 -0.0536231994628906 0.00545883178710938
0.0290908813476563 -0.0068817138671875 -0.0525894165039063 -0.000911712646484372
0.0167951583862305 0.00944995880126953 -0.0570449829101563 -0.00103759765624999
0.0192375183105469 0.00696754455566406 -0.0612297058105469 0.0220108032226563
0.0287399291992188 0.0143051147460938 -0.0635299682617187 0.0482902526855469
0.0660629272460938 0.0294647216796875 -0.0171089172363281 -0.0492477416992187
0.0572547912597656 0.008819580078125 0.0245513916015625 0.000625610351562501
0.0509796142578125 0.00354766845703125 0.0579872131347656 0.00608444213867188
0.0478172302246094 -0.0132522583007813 0.0697288513183594 -0.0242843627929688
0.0361900329589844 -0.0297775268554687 0.0489845275878906 -0.0434417724609375
0.0178337097167969 -0.0473098754882813 0.018035888671875 -0.0530509948730469
-0.00364303588867187 -0.0536842346191406 -0.00417709350585937 -0.0385093688964844
-0.00557327270507812 -0.0514869689941406 -0.0150966644287109 -0.010828971862793
-0.00545883178710937 -0.0558853149414063 -0.0267372131347656 0.0116176605224609
0.00690841674804687 -0.0553665161132813 -0.0442543029785156 0.0162582397460937
0.0274467468261719 -0.0431594848632813 -0.0540313720703125 0.0213432312011719
0.0371055603027344 -0.0268707275390625 -0.0535850524902344 0.00946807861328126
0.0370216369628906 -0.00199127197265625 -0.0528411865234375 0.00708770751953126
0.0435256958007812 0.00254440307617187 -0.0474319458007812 0.0282630920410156
0.0515060424804687 0.0119285583496094 -0.0456924438476562 0.057708740234375
0.07781982421875 0.0295257568359375 0.00747299194335938 -0.0376853942871094
0.0724029541015625 0.0117950439453125 0.0441741943359375 0.011077880859375
0.0698165893554688 0.002349853515625 0.0684738159179688 0.0141258239746094
0.0607070922851562 -0.0218963623046875 0.07415771484375 -0.015411376953125
0.0419654846191406 -0.0386314392089844 0.0492095947265625 -0.0312080383300781
0.0181694030761719 -0.0551490783691406 0.019073486328125 -0.0348625183105469
-0.00491714477539063 -0.0573196411132812 0.00149154663085938 -0.0185470581054688
-0.00806808471679688 -0.054473876953125 -0.00632047653198242 0.00780630111694336
-0.0101280212402344 -0.0589790344238281 -0.0173206329345703 0.0305767059326172
-0.000568389892578124 -0.0606842041015625 -0.0378646850585938 0.0356178283691406
0.0233421325683594 -0.0546798706054688 -0.0501441955566406 0.0370063781738281
0.0383491516113281 -0.0432586669921875 -0.0515289306640625 0.019622802734375
0.0513191223144531 -0.0145835876464844 -0.0474967956542969 0.01190185546875
0.0616912841796875 -0.00426864624023438 -0.0297451019287109 0.028778076171875
0.0670433044433594 0.00985336303710938 -0.0229034423828125 0.0649147033691406
0.07757568359375 0.0250473022460938 0.0312252044677734 -0.0292282104492188
0.0769424438476563 0.0101852416992188 0.0616302490234375 0.017059326171875
0.07684326171875 -0.0009613037109375 0.0732574462890625 0.0191726684570313
0.0637092590332031 -0.0282821655273438 0.0729217529296875 -0.005645751953125
0.039886474609375 -0.0445556640625 0.0467109680175781 -0.0171928405761719
0.0135841369628906 -0.0546684265136719 0.0196342468261719 -0.0157642364501953
-0.00739669799804688 -0.0522270202636719 0.00741004943847656 0.0017557144165039
-0.00905990600585938 -0.049102783203125 0.0025482177734375 0.0251407623291016
-0.0120277404785156 -0.0523338317871094 -0.00641250610351563 0.04779052734375
-0.00587844848632813 -0.0566215515136719 -0.0303688049316406 0.0531044006347656
0.01763916015625 -0.0557441711425781 -0.0434722900390625 0.0502586364746094
0.0355033874511719 -0.0499496459960938 -0.0478477478027344 0.0270576477050781
0.0577812194824219 -0.0213813781738281 -0.0404052734375 0.0132293701171875
0.0701637268066406 -0.00721359252929688 -0.0109119415283203 0.0256500244140625
0.0716094970703125 0.0078887939453125 0.0030364990234375 0.0703353881835938
0.0663871765136719 0.0170326232910156 0.0515365600585938 -0.0255241394042969
0.070343017578125 0.00545501708984375 0.073699951171875 0.0161285400390625
0.070892333984375 -0.0066070556640625 0.0730438232421875 0.019287109375
0.05474853515625 -0.0318984985351563 0.0676345825195313 0.002532958984375
0.028656005859375 -0.0431556701660156 0.0428199768066406 -0.00428009033203125
0.00376129150390625 -0.0452194213867188 0.0216445922851563 0.00227546691894531
-0.00950241088867187 -0.038177490234375 0.0152549743652344 0.0183372497558594
-0.0089569091796875 -0.0358734130859375 0.011199951171875 0.0390243530273438
-0.0112686157226562 -0.0383567810058594 0.00226211547851563 0.0603981018066406
-0.00762176513671875 -0.0435714721679687 -0.0228118896484375 0.0653457641601563
0.0130805969238281 -0.0474205017089844 -0.0378456115722656 0.0594329833984375
0.03131103515625 -0.0454559326171875 -0.0431022644042969 0.0318183898925781
0.0550460815429688 -0.020111083984375 -0.0318565368652344 0.0125789642333984
0.0671348571777344 -0.005645751953125 0.00713157653808594 0.0216426849365234
0.0636634826660156 0.0074920654296875 0.0268402099609375 0.0746612548828125
0.0454902648925781 0.00611495971679687 0.0653915405273438 -0.0275077819824219
0.0540199279785156 -0.00193405151367188 0.079132080078125 0.00826263427734375
0.0541725158691406 -0.0136947631835938 0.0670051574707031 0.0144996643066406
0.0354728698730469 -0.0317802429199219 0.0603256225585938 0.00783920288085937
0.0106582641601562 -0.0352020263671875 0.0406723022460938 0.00524520874023437
-0.00755882263183594 -0.0275154113769531 0.0262317657470703 0.014007568359375
-0.0105037689208984 -0.0177841186523438 0.0221385955810547 0.0282707214355469
-0.00761508941650391 -0.0175409317016602 0.0184326171875 0.0458717346191406
-0.0086669921875 -0.0190601348876953 0.00726699829101562 0.0673828125
-0.00739479064941406 -0.0244045257568359 -0.01971435546875 0.0722198486328125
0.00711822509765625 -0.0320720672607422 -0.0354957580566406 0.0631179809570312
0.0230255126953125 -0.0330867767333984 -0.0401496887207031 0.03436279296875
0.0444679260253906 -0.0130844116210938 -0.0264339447021484 0.0113773345947266
0.0511245727539063 -0.00144195556640625 0.0198631286621094 0.0203819274902344
0.0446281433105469 0.00684356689453125 0.0442352294921875 0.0791091918945313
0.0185108184814453 -0.00240135192871094 0.0712432861328125 -0.0352783203125
0.0314826965332031 -0.00822639465332031 0.0769882202148438 -0.0033111572265625
0.0295162200927734 -0.0183792114257813 0.059722900390625 0.00894546508789062
0.0108833312988281 -0.0260105133056641 0.0546607971191406 0.0108299255371094
-0.0084991455078125 -0.0203075408935547 0.0420608520507813 0.008453369140625
-0.0171070098876953 -0.00354671478271484 0.0327186584472656 0.0181427001953125
-0.00903606414794922 0.00522804260253906 0.0284843444824219 0.0288372039794922
-0.00514459609985352 0.00343847274780273 0.0228958129882812 0.0459442138671875
-0.00536108016967773 0.00311136245727539 0.00918197631835937 0.0679206848144531
-0.00854778289794922 -0.00324058532714844 -0.02032470703125 0.0737762451171875
-0.00150012969970703 -0.014007568359375 -0.0365371704101562 0.0629768371582031
0.0111103057861328 -0.0182762145996094 -0.0409088134765625 0.0352363586425781
0.0258617401123047 -0.0052947998046875 -0.0271148681640625 0.0108470916748047
0.0256977081298828 0.000448226928710938 0.0221977233886719 0.0199966430664063
0.0177192687988281 0.00307655334472656 0.052947998046875 0.0810699462890625
0.0195217132568359 0.0209407806396484 -0.0525550842285156 -0.0673789978027344
0.00830936431884766 0.000390529632568359 -0.0087890625 -0.0174875259399414
0.00439786911010742 0.00392389297485352 0.0381584167480469 -0.008209228515625
0.0106887817382813 0.00201129913330078 0.0552177429199219 -0.03802490234375
0.0124721527099609 -0.00783348083496094 0.0417594909667969 -0.0610198974609375
0.00738906860351563 -0.0202617645263672 0.0129241943359375 -0.078277587890625
-0.00423812866210937 -0.0278587341308594 -0.0148277282714844 -0.0678024291992188
-0.00255584716796875 -0.0263271331787109 -0.0257606506347656 -0.0403060913085938
0.0035858154296875 -0.0297145843505859 -0.0351791381835938 -0.0192184448242188
0.0155696868896484 -0.0233917236328125 -0.0447883605957031 -0.0124588012695312
0.0227088928222656 -0.00651931762695313 -0.0532646179199219 -0.00230026245117189
0.0176982879638672 0.0105934143066406 -0.0549774169921875 -0.00576782226562501
-0.00441932678222656 0.0182857513427734 -0.0644264221191406 -0.00878143310546874
-0.00623989105224609 0.0117292404174805 -0.0728988647460938 0.0132064819335937
0.00401687622070312 0.0172948837280273 -0.0715484619140625 0.0413284301757812
0.0484695434570313 0.0260238647460938 -0.0379066467285156 -0.0601615905761719
0.0363731384277344 0.0030975341796875 0.00758457183837891 -0.0103254318237305
0.0302333831787109 0.00248908996582031 0.0502891540527344 -0.00392913818359375
0.0304775238037109 -0.00812339782714844 0.0644111633300781 -0.0339202880859375
0.0252094268798828 -0.0215129852294922 0.0469131469726563 -0.0545501708984375
0.0121498107910156 -0.0378684997558594 0.0162925720214844 -0.0679244995117188
-0.00622940063476563 -0.0447349548339844 -0.00936508178710937 -0.0550689697265625
-0.0065765380859375 -0.0434188842773437 -0.0209007263183594 -0.0259208679199219
-0.00226974487304688 -0.0482063293457031 -0.0323486328125 -0.00312805175781251
0.0125656127929688 -0.0446701049804688 -0.0465812683105469 0.00328826904296874
0.0291748046875 -0.0281429290771484 -0.0559959411621094 0.0106201171875
0.0330581665039063 -0.00816535949707031 -0.0564498901367188 0.00277709960937499
0.0205307006835938 0.0120296478271484 -0.0602035522460938 0.00116348266601563
0.0215110778808594 0.0105247497558594 -0.0616493225097656 0.0246124267578125
0.0312614440917969 0.0172328948974609 -0.0606575012207031 0.0533676147460938
0.0699386596679688 0.0297393798828125 -0.0168380737304687 -0.0496482849121094
0.0596466064453125 0.00720977783203125 0.0285530090332031 0.000415802001953125
0.0540618896484375 0.00108718872070313 0.0640029907226563 0.0041656494140625
0.0489349365234375 -0.0164299011230469 0.0734329223632813 -0.0275115966796875
0.036041259765625 -0.0323829650878906 0.0508384704589844 -0.0455551147460938
0.016387939453125 -0.0509223937988281 0.0193862915039063 -0.0536766052246094
-0.00703048706054688 -0.0568885803222656 -0.00328445434570313 -0.0376358032226563
-0.00844192504882813 -0.0536079406738281 -0.0128421783447266 -0.00826358795166016
-0.00823974609375 -0.0587387084960938 -0.0247344970703125 0.0168476104736328
0.0054779052734375 -0.0584640502929687 -0.0440750122070313 0.0230026245117187
0.0284957885742187 -0.0466384887695313 -0.0558319091796875 0.0279197692871094
0.0397605895996094 -0.0289344787597656 -0.0569725036621094 0.0142021179199219
0.0400390625 -0.000888824462890625 -0.055419921875 0.0103797912597656
0.0456161499023438 0.00432205200195313 -0.0463218688964844 0.0317611694335938
0.0533866882324219 0.0133132934570312 -0.0426902770996094 0.0644149780273438
0.0807571411132813 0.0287933349609375 0.00826644897460938 -0.0381546020507813
0.0745391845703125 0.010284423828125 0.0500869750976563 0.0119132995605469
0.0721588134765625 -0.000244140625 0.0752105712890625 0.0128173828125
0.0617637634277344 -0.0243606567382813 0.07891845703125 -0.017913818359375
0.0416450500488281 -0.0419578552246094 0.05206298828125 -0.0330543518066406
0.016754150390625 -0.0573196411132813 0.0213451385498047 -0.0350608825683594
-0.00771331787109375 -0.0583076477050781 0.00347137451171875 -0.0167779922485352
-0.0104026794433594 -0.0550003051757813 -0.00380134582519531 0.0104846954345703
-0.0125923156738281 -0.0606651306152344 -0.013916015625 0.0365066528320312
-0.00215148925781249 -0.0625877380371094 -0.0370597839355469 0.0433235168457031
0.022308349609375 -0.0566749572753906 -0.0501747131347656 0.0446662902832031
0.0387191772460937 -0.0450325012207031 -0.05377197265625 0.024627685546875
0.0527267456054688 -0.0149040222167969 -0.0493202209472656 0.0158462524414063
0.0637550354003906 -0.00406646728515625 -0.0277233123779297 0.032196044921875
0.068450927734375 0.009552001953125 -0.0180816650390625 0.0712890625
0.0795059204101563 0.0230865478515625 0.0331230163574219 -0.0295639038085938
0.0774002075195312 0.00811767578125 0.0675582885742188 0.0175971984863281
0.078399658203125 -0.00399017333984375 0.0805892944335938 0.0179901123046875
0.0641403198242188 -0.0312423706054687 0.0785446166992188 -0.00736236572265625
0.0380210876464844 -0.0458297729492188 0.0505256652832031 -0.0185928344726563
0.0121345520019531 -0.0556640625 0.0227375030517578 -0.0155296325683594
-0.00823211669921874 -0.0520515441894531 0.00993251800537109 0.00282859802246093
-0.0106239318847656 -0.0481681823730469 0.00581550598144531 0.0283489227294922
-0.0137252807617187 -0.0525932312011719 -0.0021514892578125 0.0532608032226563
-0.00727844238281251 -0.055999755859375 -0.0277671813964844 0.060791015625
0.01611328125 -0.0564918518066406 -0.0428352355957031 0.0578155517578125
0.03387451171875 -0.0516929626464844 -0.0492134094238281 0.0327186584472656
0.0587158203125 -0.0228691101074219 -0.0404853820800781 0.0172996520996094
0.0706253051757812 -0.0087738037109375 -0.00832939147949218 0.0288639068603516
0.0724029541015625 0.00611114501953125 0.00804138183593751 0.076324462890625
0.0669059753417969 0.0140228271484375 0.0526313781738281 -0.0257835388183594
0.0700187683105469 0.00284957885742187 0.0788726806640625 0.0164108276367188
0.0716552734375 -0.00981903076171875 0.0791091918945313 0.018798828125
0.0537910461425781 -0.0335197448730469 0.0730133056640625 0.000419616699218748
0.0261573791503906 -0.0432319641113281 0.0466766357421875 -0.00536346435546875
0.0028533935546875 -0.04425048828125 0.0251255035400391 0.00204086303710937
-0.00966644287109375 -0.0364036560058594 0.0179023742675781 0.0194664001464844
-0.00974082946777344 -0.0337581634521484 0.0149993896484375 0.0412101745605469
-0.0120010375976562 -0.0369644165039063 0.00676727294921875 0.0651168823242188
-0.00859832763671875 -0.0411911010742187 -0.02001953125 0.0718765258789063
0.0103569030761719 -0.0469284057617188 -0.0371360778808594 0.0654983520507813
0.0290069580078125 -0.0461692810058594 -0.0436058044433594 0.0371780395507813
0.05438232421875 -0.0216560363769531 -0.0333709716796875 0.0158290863037109
0.0657997131347656 -0.0080108642578125 0.00946044921875 0.0239753723144531
0.0634422302246094 0.00518798828125 0.0318145751953125 0.0800552368164063
0.0443840026855469 0.00301742553710938 0.06622314453125 -0.028778076171875
0.0526161193847656 -0.00470352172851563 0.08294677734375 0.0082244873046875
0.0531539916992188 -0.0170173645019531 0.07244873046875 0.0140304565429688
0.0330924987792969 -0.0330257415771484 0.0648612976074219 0.0064697265625
0.00714302062988281 -0.0336952209472656 0.0447654724121094 0.00363922119140625
-0.00803184509277344 -0.0241031646728516 0.0298538208007813 0.01336669921875
-0.00996494293212891 -0.0148067474365234 0.0247440338134766 0.0283908843994141
-0.00708293914794922 -0.0144882202148437 0.0212783813476563 0.0476226806640625
-0.00792121887207031 -0.0157899856567383 0.0118255615234375 0.0705795288085937
-0.00816917419433594 -0.0211067199707031 -0.0173263549804688 0.0786209106445313
0.004974365234375 -0.0298519134521484 -0.0340499877929688 0.0693321228027344
0.0201416015625 -0.0332012176513672 -0.0408554077148438 0.0386238098144531
0.042633056640625 -0.0139808654785156 -0.0281047821044922 0.0140876770019531
0.0491218566894531 -0.00460052490234375 0.0208015441894531 0.0213623046875
0.0433998107910156 0.00366592407226563 0.0491561889648438 0.083038330078125
0.0166759490966797 -0.00594615936279297 0.0706024169921875 -0.0382614135742187
0.0292530059814453 -0.0114097595214844 0.0804901123046875 -0.004150390625
0.0274887084960938 -0.0221805572509766 0.0637779235839844 0.0082855224609375
0.00708580017089844 -0.0270290374755859 0.0594978332519531 0.00928497314453125
-0.011993408203125 -0.0178337097167969 0.045440673828125 0.006134033203125
-0.0169687271118164 0.000418663024902345 0.0358734130859375 0.0158538818359375
-0.00765132904052734 0.00984764099121094 0.0307083129882813 0.0276947021484375
-0.00381326675415039 0.00734949111938477 0.0242271423339844 0.0465316772460938
-0.00408267974853516 0.00695610046386719 0.0118026733398437 0.0700454711914063
-0.00838041305541992 0.00132894515991211 -0.0185012817382813 0.078765869140625
-0.00352382659912109 -0.0113344192504883 -0.0353851318359375 0.0680084228515625
0.00826263427734375 -0.0177001953125 -0.0410919189453125 0.039276123046875
0.0232906341552734 -0.00665092468261719 -0.0289440155029297 0.0133266448974609
0.0223617553710938 -0.00212287902832031 0.0229053497314453 0.0204124450683594
0.0150651931762695 0.000397682189941406 0.0568084716796875 0.0846786499023438
0.0251045227050781 0.0226097106933594 -0.0546607971191406 -0.0677642822265625
0.0118513107299805 -9.34600830078125E-05 -0.00753211975097656 -0.0186557769775391
0.00755214691162109 0.00241327285766602 0.0401191711425781 -0.0115547180175781
0.0131807327270508 -0.00163650512695312 0.0544700622558594 -0.0414657592773438
0.0128679275512695 -0.0114641189575195 0.0395889282226562 -0.0635604858398437
0.00518608093261719 -0.0245208740234375 0.00896453857421874 -0.0785598754882813
-0.00830841064453125 -0.0308837890625 -0.0177345275878906 -0.0665092468261719
-0.00669479370117187 -0.02923583984375 -0.0260467529296875 -0.0379104614257813
-0.000442504882812503 -0.0335521697998047 -0.0352745056152344 -0.015167236328125
0.0141162872314453 -0.0282669067382813 -0.0456428527832031 -0.00724029541015625
0.0248985290527344 -0.0111427307128906 -0.0544624328613281 0.00328826904296875
0.0216140747070313 0.008544921875 -0.0573196411132813 -0.00159072875976562
0.000932693481445314 0.0211200714111328 -0.0672264099121094 -0.00576400756835937
-0.00218772888183594 0.0157585144042969 -0.0726165771484375 0.0154342651367187
0.00778961181640625 0.0203132629394531 -0.0674018859863281 0.0453529357910156
0.0528984069824219 0.0264930725097656 -0.0386199951171875 -0.0596504211425781
0.0388832092285156 0.00202560424804688 0.0108489990234375 -0.0117654800415039
0.0324134826660156 -0.000230789184570313 0.0538330078125 -0.00719451904296875
0.0315952301025391 -0.0116558074951172 0.0646018981933594 -0.0383720397949219
0.0242481231689453 -0.0243415832519531 0.0458908081054688 -0.0569877624511719
0.00875091552734376 -0.0412712097167969 0.0153350830078125 -0.0677909851074219
-0.0109519958496094 -0.0470085144042969 -0.0101051330566406 -0.0535087585449219
-0.0106124877929688 -0.0453338623046875 -0.0200958251953125 -0.0235519409179688
-0.00658416748046875 -0.0515098571777344 -0.0298938751220703 0.00125503540039062
0.0105056762695313 -0.0493316650390625 -0.0464134216308594 0.00916290283203125
0.0305538177490234 -0.0326309204101563 -0.0567855834960938 0.0173797607421875
0.0361328125 -0.0108604431152344 -0.0576324462890625 0.00823211669921874
0.0247001647949219 0.0138111114501953 -0.0615386962890625 0.00487518310546874
0.0246410369873047 0.0138263702392578 -0.0600357055664063 0.0270462036132812
0.0343151092529297 0.0193862915039063 -0.0554771423339844 0.0586624145507813
0.0734405517578125 0.0282745361328125 -0.0163002014160156 -0.0492019653320313
0.06072998046875 0.00514984130859375 0.0333690643310547 -0.00074005126953125
0.0558929443359375 -0.0015411376953125 0.0683631896972656 0.000522613525390625
0.0488357543945313 -0.0206413269042969 0.0753936767578125 -0.0310134887695312
0.0342445373535156 -0.0355491638183594 0.0512886047363281 -0.0473289489746094
0.0130119323730469 -0.0534286499023438 0.0196990966796875 -0.0533180236816406
-0.0108451843261719 -0.0567703247070313 -0.00176620483398437 -0.0364990234375
-0.0124893188476563 -0.0541305541992187 -0.0100193023681641 -0.0054464340209961
-0.0127601623535156 -0.0607185363769531 -0.02020263671875 0.0215797424316406
0.00323486328125 -0.0613365173339844 -0.0417633056640625 0.0304336547851563
0.0281028747558594 -0.0497360229492188 -0.0541152954101563 0.0353813171386719
0.0409049987792969 -0.0314178466796875 -0.0569610595703125 0.0203323364257812
0.0430145263671875 -0.000522613525390625 -0.0559425354003906 0.0145759582519531
0.0477142333984375 0.005615234375 -0.0432510375976562 0.0344047546386719
0.05572509765625 0.01422119140625 -0.0354728698730469 0.0698165893554688
0.0826187133789063 0.026824951171875 0.00933456420898438 -0.0380744934082031
0.0745620727539063 0.006805419921875 0.055145263671875 0.0100517272949219
0.0727462768554687 -0.0042266845703125 0.080474853515625 0.00908660888671875
0.0606575012207031 -0.0283432006835938 0.0818557739257812 -0.0216445922851563
0.0391197204589844 -0.0433998107910156 0.0540428161621094 -0.0352134704589844
0.0136604309082031 -0.05914306640625 0.0234775543212891 -0.0350360870361328
-0.010711669921875 -0.0584335327148438 0.00562572479248047 -0.0158405303955078
-0.0136070251464844 -0.0549163818359375 0.000384330749511718 0.0132408142089844
-0.0154533386230469 -0.0607643127441406 -0.00746917724609375 0.0403594970703125
-0.00516128540039063 -0.0626716613769531 -0.0330696105957031 0.0504379272460937
0.02105712890625 -0.0584030151367188 -0.0477409362792969 0.0525894165039062
0.0373420715332031 -0.046600341796875 -0.0531883239746094 0.0316238403320312
0.0542221069335938 -0.0155487060546875 -0.0490150451660156 0.0206565856933594
0.0637550354003906 -0.00506973266601563 -0.0245475769042969 0.0351982116699219
0.0692863464355469 0.00820541381835938 -0.010955810546875 0.076751708984375
0.0794525146484375 0.02044677734375 0.0338859558105469 -0.0296993255615234
0.0760955810546875 0.00534820556640625 0.0726165771484375 0.01568603515625
0.0781478881835938 -0.0073394775390625 0.0856857299804687 0.0148162841796875
0.0622177124023438 -0.0332489013671875 0.08258056640625 -0.01123046875
0.0356674194335938 -0.0463142395019531 0.05291748046875 -0.0205650329589844
0.0102500915527344 -0.055389404296875 0.0258064270019531 -0.0156784057617188
-0.0104293823242187 -0.0500068664550781 0.0137834548950195 0.00357818603515625
-0.01220703125 -0.0464897155761719 0.0110073089599609 0.0300693511962891
-0.0156593322753906 -0.0510139465332031 0.00460052490234375 0.0565223693847656
-0.00944900512695313 -0.0544815063476562 -0.0224723815917969 0.0672149658203125
0.0137443542480469 -0.0565032958984375 -0.0387954711914063 0.0652236938476562
0.0313568115234375 -0.0520782470703125 -0.0474891662597656 0.0390548706054687
0.0566291809082031 -0.0245552062988281 -0.0408859252929688 0.0217056274414063
0.069091796875 -0.0111846923828125 -0.00555992126464843 0.0309658050537109
0.0713653564453125 0.00400543212890625 0.0158462524414062 0.0806808471679688
0.064788818359375 0.0107879638671875 0.0530776977539063 -0.026763916015625
0.0668067932128906 -7.62939453125E-05 0.083038330078125 0.0148162841796875
0.0695533752441406 -0.0133743286132812 0.0841445922851563 0.0158233642578125
0.0503807067871094 -0.0352897644042969 0.0775222778320313 -0.00162506103515625
0.0231132507324219 -0.0421638488769531 0.0496826171875 -0.00764846801757813
0.0018157958984375 -0.041595458984375 0.028167724609375 0.000989913940429685
-0.00953292846679688 -0.0331954956054687 0.0210399627685547 0.0195369720458984
-0.00928115844726563 -0.0310802459716797 0.0196304321289062 0.0420188903808594
-0.0119705200195313 -0.0342826843261719 0.0139083862304688 0.067474365234375
-0.00970077514648437 -0.0383148193359375 -0.0140304565429688 0.0778350830078125
0.00777435302734375 -0.0443687438964844 -0.0316314697265625 0.0723190307617188
0.0243301391601563 -0.0460472106933594 -0.0416030883789062 0.0427970886230469
0.05133056640625 -0.0237922668457031 -0.0321407318115234 0.0198307037353516
0.0625724792480469 -0.0114517211914063 0.0115623474121094 0.0247383117675781
0.0611000061035156 0.0015106201171875 0.0387420654296875 0.0839614868164063
0.0422286987304688 -0.00067138671875 0.0645713806152344 -0.030426025390625
0.0488014221191406 -0.00764083862304688 0.0857315063476563 0.00669097900390625
0.0498695373535156 -0.0197372436523438 0.0764846801757813 0.012054443359375
0.0285453796386719 -0.0327606201171875 0.0689048767089844 0.00403594970703125
0.00450515747070313 -0.03057861328125 0.0477523803710938 0.000507354736328123
-0.00812149047851562 -0.0202083587646484 0.0325031280517578 0.0110816955566406
-0.00785541534423828 -0.0107841491699219 0.0274887084960937 0.0269794464111328
-0.00530433654785156 -0.0107460021972656 0.0252647399902344 0.0470085144042969
-0.00580406188964844 -0.0122604370117188 0.017791748046875 0.0720291137695313
-0.00731468200683594 -0.0165367126464844 -0.0119857788085938 0.08258056640625
0.00299072265625 -0.0262165069580078 -0.0296630859375 0.073760986328125
0.0165023803710937 -0.0318603515625 -0.0390510559082031 0.0438194274902344
0.038848876953125 -0.0154800415039062 -0.0277690887451172 0.0175838470458984
0.044403076171875 -0.00707244873046875 0.0220069885253906 0.02203369140625
0.0399017333984375 0.000457763671875 0.0551986694335938 0.0857315063476563
0.0133504867553711 -0.00905895233154297 0.0679855346679688 -0.0404586791992188
0.0247287750244141 -0.0142898559570312 0.0810394287109375 -0.006103515625
0.0224113464355469 -0.0247364044189453 0.0673599243164063 0.00632476806640625
0.00256919860839844 -0.0258827209472656 0.0630722045898437 0.00682449340820312
-0.0148935317993164 -0.0141677856445313 0.048095703125 0.00304031372070312
-0.0157194137573242 0.00559520721435547 0.0373725891113281 0.0118370056152344
-0.00366497039794922 0.0138559341430664 0.0316581726074219 0.0257511138916016
-0.000749588012695313 0.0111474990844727 0.0269012451171875 0.0447883605957031
-2.47955322265637E-05 0.0107612609863281 0.0166015625 0.0708847045898437
-0.00635910034179688 0.00626420974731445 -0.0139694213867188 0.0819931030273438
-0.00407791137695312 -0.00675821304321289 -0.0316619873046875 0.07257080078125
0.00512790679931641 -0.0148372650146484 -0.0398101806640625 0.0432052612304688
0.0197124481201172 -0.00686454772949219 -0.0291481018066406 0.0163555145263672
0.0180683135986328 -0.00347137451171875 0.0227298736572266 0.020721435546875
0.0111665725708008 -0.00210762023925781 0.0614852905273437 0.0851593017578125
0.0307769775390625 0.0232028961181641 -0.0546150207519531 -0.0666656494140625
0.015406608581543 -0.00109386444091797 -0.0052642822265625 -0.0195789337158203
0.0100984573364258 -9.34600830078125E-05 0.0408134460449219 -0.01458740234375
0.0142135620117187 -0.00519561767578125 0.0527763366699219 -0.0441551208496094
0.0116872787475586 -0.0150833129882813 0.0372657775878906 -0.063720703125
0.00126266479492187 -0.0279693603515625 0.00644683837890624 -0.0770797729492188
-0.0133285522460938 -0.032318115234375 -0.0188446044921875 -0.0640411376953125
-0.0112018585205078 -0.0310440063476563 -0.0255851745605469 -0.0351791381835938
-0.00569534301757813 -0.0367088317871094 -0.0325183868408203 -0.0114364624023437
0.0113449096679688 -0.0324115753173828 -0.0442657470703125 -0.0026702880859375
0.0255794525146484 -0.0158023834228516 -0.0541534423828125 0.00774765014648437
0.0254745483398438 0.00533676147460938 -0.0582160949707031 0.00171661376953126
0.0064544677734375 0.0222244262695313 -0.0680580139160156 -0.00302505493164063
0.00317764282226562 0.0188655853271484 -0.0716400146484375 0.0164871215820313
0.0121269226074219 0.0236034393310547 -0.0612831115722656 0.0465202331542969
0.0569915771484375 0.0257606506347656 -0.0374259948730469 -0.0582389831542969
0.0407218933105469 -0.000400543212890625 0.0141887664794922 -0.0135173797607422
0.0336265563964844 -0.00322532653808594 0.0542144775390625 -0.0112876892089844
0.0313129425048828 -0.0147743225097656 0.06353759765625 -0.0409965515136719
0.0218887329101563 -0.0276889801025391 0.0442924499511719 -0.0569534301757812
0.00457000732421875 -0.04388427734375 0.0144462585449219 -0.0663642883300781
-0.015228271484375 -0.0474815368652344 -0.00977325439453125 -0.0508918762207031
-0.014923095703125 -0.0453414916992188 -0.0171756744384766 -0.020904541015625
-0.0114936828613281 -0.0523719787597656 -0.0255489349365234 0.00517654418945312
0.00745773315429687 -0.0519905090332031 -0.0432701110839844 0.0146598815917969
0.0304832458496094 -0.0361175537109375 -0.0542755126953125 0.0229644775390625
0.0380172729492188 -0.0137557983398438 -0.0576515197753906 0.0125465393066406
0.0292854309082031 0.0150527954101563 -0.0616111755371094 0.00849533081054688
0.0288677215576172 0.0162696838378906 -0.0572128295898438 0.0284881591796875
0.0374107360839844 0.0217781066894531 -0.0484237670898437 0.0596809387207031
0.074737548828125 0.0263748168945313 -0.0143013000488281 -0.0481224060058594
0.0609321594238281 0.00274658203125 0.0366325378417969 -0.00258636474609375
0.055419921875 -0.00471115112304687 0.0705795288085938 -0.0037841796875
0.047576904296875 -0.0228652954101563 0.0748977661132813 -0.0343399047851563
0.0315322875976563 -0.0375480651855469 0.0509300231933594 -0.0479621887207031
0.00919723510742187 -0.0546226501464844 0.0206413269042969 -0.0516395568847656
-0.0143547058105469 -0.0562744140625 0.000158309936523433 -0.0343379974365234
-0.0160713195800781 -0.0535240173339844 -0.00629663467407227 -0.00345182418823243
-0.0163459777832031 -0.0607070922851563 -0.0139522552490234 0.0248889923095703
0.000122070312499998 -0.0625419616699219 -0.0367507934570312 0.0357322692871094
0.0274620056152344 -0.0521392822265625 -0.050445556640625 0.0414848327636719
0.0413246154785156 -0.033233642578125 -0.0550537109375 0.0255355834960938
0.0455780029296875 2.6702880859375E-05 -0.0547599792480469 0.0183296203613281
0.0499229431152344 0.00691986083984375 -0.0394172668457031 0.0355873107910156
0.057037353515625 0.0158882141113281 -0.027801513671875 0.0712356567382813
0.0820236206054688 0.024169921875 0.0113449096679688 -0.0370292663574219
0.0722198486328125 0.004638671875 0.0592803955078125 0.00751113891601563
0.0712738037109375 -0.0066070556640625 0.0826950073242188 0.00493621826171875
0.0584602355957031 -0.0295448303222656 0.082733154296875 -0.0245513916015625
0.0356483459472656 -0.0438575744628906 0.0541458129882813 -0.0359649658203125
0.0109329223632812 -0.0580673217773438 0.0250186920166016 -0.0344734191894531
-0.0130500793457031 -0.0565299987792969 0.00889110565185547 -0.0144586563110352
-0.0150184631347656 -0.0525741577148438 0.00496864318847656 0.0138721466064453
-0.0180015563964844 -0.0590553283691406 -0.00120925903320312 0.0428428649902344
-0.00716781616210938 -0.0617485046386719 -0.0263862609863281 0.0560493469238281
0.0194549560546875 -0.058349609375 -0.0423545837402344 0.0579071044921875
0.0361480712890625 -0.0466651916503906 -0.0504684448242188 0.0365943908691406
0.0538558959960937 -0.0151710510253906 -0.0468406677246094 0.0245590209960937
0.0629730224609375 -0.00432968139648438 -0.02044677734375 0.0359764099121094
0.0673980712890625 0.00862503051757813 -0.0030364990234375 0.0787734985351563
0.0765304565429688 0.0179595947265625 0.0351390838623047 -0.0292129516601562
0.0721817016601563 0.00356292724609375 0.0760269165039063 0.0139312744140625
0.0748519897460938 -0.00942230224609375 0.0892257690429688 0.0107192993164063
0.0587425231933594 -0.0335769653320313 0.0844879150390625 -0.014617919921875
0.0329551696777344 -0.0448455810546875 0.0540046691894531 -0.0222702026367188
0.00870895385742188 -0.0528526306152344 0.0285472869873047 -0.0165290832519531
-0.0105514526367188 -0.0474853515625 0.0172634124755859 0.00455570220947265
-0.0122947692871094 -0.0436363220214844 0.0157928466796875 0.0299530029296875
-0.0155525207519531 -0.0481338500976563 0.0115966796875 0.0577468872070313
-0.00989151000976562 -0.0512962341308594 -0.0159683227539062 0.0715484619140625
0.0111732482910156 -0.0534324645996094 -0.032867431640625 0.0692596435546875
0.0292167663574219 -0.0505027770996094 -0.0440559387207031 0.0441474914550781
0.0545578002929688 -0.0237617492675781 -0.0385780334472656 0.0258216857910156
0.0657615661621094 -0.0112724304199219 -0.00169754028320312 0.0317173004150391
0.0676498413085938 0.00231552124023438 0.0222244262695313 0.0826950073242188
0.0604171752929688 0.00843429565429688 0.0524978637695313 -0.0255165100097656
0.0619850158691406 -0.00157546997070313 0.0858612060546875 0.0135345458984375
0.0650749206542969 -0.0144615173339844 0.0875778198242188 0.0126724243164062
0.0467796325683594 -0.0340690612792969 0.0791549682617188 -0.0048370361328125
0.0205535888671875 -0.0385971069335938 0.0509033203125 -0.00986480712890625
0.00189590454101563 -0.0380516052246094 0.0305252075195313 -0.000427246093750002
-0.00754356384277343 -0.0307598114013672 0.0236320495605469 0.0184211730957031
-0.00811195373535156 -0.0277786254882813 0.0241127014160156 0.0411567687988281
-0.0101833343505859 -0.0304031372070313 0.0206108093261719 0.0669975280761719
-0.00886917114257813 -0.0334796905517578 -0.00779724121093749 0.0808258056640625
0.00632095336914062 -0.0401611328125 -0.026123046875 0.0755233764648437
0.021331787109375 -0.0425796508789062 -0.0382614135742188 0.0466957092285156
0.0471458435058594 -0.0230026245117188 -0.0306949615478516 0.0231456756591797
0.0577812194824219 -0.0125923156738281 0.0141010284423828 0.0263805389404297
0.0565643310546875 4.57763671875E-05 0.0443496704101562 0.0842666625976563
0.0369758605957031 -0.00278854370117188 0.0623245239257813 -0.0297126770019531
0.0432968139648437 -0.00944137573242187 0.0871734619140625 0.00571441650390625
0.0443305969238281 -0.0210838317871094 0.0791244506835938 0.0099945068359375
0.0244884490966797 -0.0304832458496094 0.0715408325195313 0.00101470947265625
0.00232505798339844 -0.0264987945556641 0.0480232238769531 -0.00236892700195313
-0.00633621215820312 -0.0157928466796875 0.0342006683349609 0.00844764709472656
-0.00428581237792969 -0.00746393203735351 0.0286159515380859 0.0252342224121094
-0.00212001800537109 -0.00737857818603516 0.0280914306640625 0.0453948974609375
-0.00262641906738281 -0.00901985168457031 0.0229644775390625 0.07080078125
-0.00501918792724609 -0.0120706558227539 -0.00561523437499999 0.0845565795898438
0.00162506103515625 -0.0205860137939453 -0.0242080688476563 0.0760650634765625
0.0131092071533203 -0.0276107788085938 -0.0357437133789063 0.0468025207519531
0.0345535278320312 -0.0151710510253906 -0.0266208648681641 0.0201320648193359
0.0387420654296875 -0.00760269165039063 0.0229282379150391 0.0223159790039063
0.0345783233642578 -0.00136184692382813 0.0589828491210938 0.0853118896484375
0.00811100006103516 -0.0108489990234375 0.0632476806640625 -0.0396614074707031
0.0190830230712891 -0.0159740447998047 0.0795974731445312 -0.00620269775390625
0.0171070098876953 -0.0252189636230469 0.0688209533691406 0.00432586669921875
-0.00185203552246094 -0.0229148864746094 0.0648574829101563 0.003021240234375
-0.0165681838989258 -0.00870323181152344 0.0480461120605469 -0.0010833740234375
-0.0134820938110352 0.0104827880859375 0.0370903015136719 0.007904052734375
0.000434875488281248 0.016963005065918 0.0311546325683594 0.0233669281005859
0.00359916687011719 0.0138006210327148 0.0278053283691406 0.042572021484375
0.00432682037353516 0.0134620666503906 0.0195083618164063 0.0686492919921875
-0.00268745422363281 0.0102605819702148 -0.00939178466796876 0.0828018188476562
-0.00444412231445313 -0.00117826461791992 -0.027130126953125 0.0735092163085938
0.00213146209716797 -0.0105152130126953 -0.0377159118652344 0.0457649230957031
0.0153055191040039 -0.00526714324951172 -0.0289077758789063 0.0187549591064453
0.0125904083251953 -0.00400257110595703 0.0218982696533203 0.0209331512451172
0.00544548034667969 -0.00382137298583984 0.0637283325195312 0.0843887329101563
0.0358695983886719 0.0232200622558594 -0.0522308349609375 -0.0670051574707031
0.0190544128417969 -0.00257492065429688 -0.00336837768554687 -0.0217018127441406
0.0128278732299805 -0.00302696228027344 0.04034423828125 -0.0162353515625
0.0144634246826172 -0.00948143005371094 0.0508079528808594 -0.0448570251464844
0.00969886779785156 -0.0186729431152344 0.035919189453125 -0.06231689453125
-0.00302696228027344 -0.0303630828857422 0.00708007812499999 -0.0742111206054688
-0.0177898406982422 -0.0326366424560547 -0.0170516967773438 -0.0618209838867188
-0.0147457122802734 -0.0316448211669922 -0.0228271484375 -0.0336418151855469
-0.0104904174804687 -0.0388221740722656 -0.0294380187988281 -0.00931167602539063
0.00863265991210938 -0.0363693237304688 -0.0421104431152344 0.00068283081054688
0.0253639221191406 -0.0197601318359375 -0.0523147583007813 0.0109596252441406
0.0276088714599609 0.00183296203613281 -0.0577659606933594 0.00399398803710938
0.0121250152587891 0.0220718383789063 -0.068359375 -0.0024261474609375
0.00829124450683594 0.0215187072753906 -0.0699729919433594 0.014617919921875
0.0171337127685547 0.0255775451660156 -0.0572090148925781 0.043731689453125
0.0598564147949219 0.0263748168945312 -0.0336799621582031 -0.0582504272460938
0.0422592163085938 -0.0010223388671875 0.0166044235229492 -0.0151386260986328
0.0349330902099609 -0.00565719604492188 0.0554580688476562 -0.0129737854003906
0.0306930541992188 -0.017913818359375 0.0627250671386719 -0.0409812927246094
0.0199356079101563 -0.0297088623046875 0.0440635681152344 -0.0555686950683594
0.00127792358398438 -0.0455894470214844 0.0163002014160156 -0.0637283325195312
-0.0184860229492188 -0.04742431640625 -0.00685882568359375 -0.0490074157714844
-0.0173797607421875 -0.0455818176269531 -0.0132522583007812 -0.0195770263671875
-0.0154457092285156 -0.0539093017578125 -0.0209922790527344 0.00652885437011719
0.00556182861328125 -0.0541648864746094 -0.038970947265625 0.0179862976074219
0.0305023193359375 -0.0392570495605469 -0.0512886047363281 0.0265388488769531
0.0403633117675781 -0.01611328125 -0.0557746887207031 0.0145835876464844
0.0340595245361328 0.0158290863037109 -0.0606040954589844 0.00915145874023437
0.0328807830810547 0.0191974639892578 -0.0542564392089844 0.0267410278320313
0.0406036376953125 0.0246315002441406 -0.0431747436523438 0.0584678649902344
0.07550048828125 0.0272674560546875 -0.0102920532226563 -0.046905517578125
0.0602378845214844 0.00241470336914063 0.0400009155273438 -0.00442123413085938
0.0551071166992188 -0.0061187744140625 0.0718765258789063 -0.00537872314453125
0.0466194152832031 -0.0243644714355469 0.0754318237304688 -0.0342636108398438
0.0293731689453125 -0.0379371643066406 0.0519142150878906 -0.0469627380371094
0.0069732666015625 -0.0545272827148438 0.0232810974121094 -0.0500946044921875
-0.0161170959472656 -0.0553245544433594 0.00334548950195313 -0.0328044891357422
-0.01727294921875 -0.0520744323730469 -0.00139379501342774 -0.00281047821044922
-0.0179214477539062 -0.0605278015136719 -0.00815582275390625 0.0255794525146484
-0.000774383544921878 -0.0624542236328125 -0.0314369201660156 0.0393524169921875
0.0275230407714844 -0.0526847839355469 -0.0464706420898438 0.0450515747070312
0.0428466796875 -0.0342292785644531 -0.0529937744140625 0.0284004211425781
0.0487213134765625 0.00183486938476563 -0.0526809692382813 0.0200614929199219
0.0516242980957031 0.00976181030273438 -0.0367584228515625 0.0348548889160156
0.0573005676269531 0.019012451171875 -0.0217819213867187 0.0704879760742188
0.0794296264648438 0.0252456665039063 0.0151634216308594 -0.0357551574707031
0.069366455078125 0.00554656982421875 0.0620803833007813 0.00661849975585938
0.0688743591308594 -0.00703048706054688 0.0849533081054688 0.00359344482421875
0.0567359924316406 -0.0290412902832031 0.084197998046875 -0.0252151489257813
0.0345001220703125 -0.042388916015625 0.0560646057128906 -0.0356216430664062
0.00989913940429688 -0.0566177368164062 0.0286521911621094 -0.0336418151855469
-0.0126266479492187 -0.0547752380371094 0.0132589340209961 -0.0138874053955078
-0.0150375366210937 -0.0510101318359375 0.0100240707397461 0.0153541564941406
-0.018402099609375 -0.0573043823242187 0.00522613525390625 0.0428047180175781
-0.00656890869140625 -0.0606193542480469 -0.0205726623535156 0.0587387084960937
0.0199432373046875 -0.0571174621582031 -0.0376625061035156 0.0614051818847656
0.0367546081542969 -0.0453300476074219 -0.0473594665527344 0.0400009155273437
0.0549659729003906 -0.0130195617675781 -0.0445823669433594 0.0264205932617188
0.0625038146972656 -0.00144577026367187 -0.0173110961914062 0.0363693237304688
0.0662689208984375 0.0111541748046875 0.00248718261718751 0.0786666870117188
0.0725326538085938 0.0184402465820313 0.0366973876953125 -0.0266609191894531
0.0678901672363281 0.00492477416992188 0.0787811279296875 0.013671875
0.0716094970703125 -0.00876617431640625 0.09100341796875 0.009857177734375
0.0567207336425781 -0.0311813354492188 0.0854721069335938 -0.0149154663085938
0.0319709777832031 -0.0409278869628906 0.0559043884277344 -0.0223503112792969
0.00954055786132813 -0.0503616333007813 0.0317668914794922 -0.0162067413330078
-0.00825881958007813 -0.0449752807617187 0.0203933715820313 0.00411033630371093
-0.0107040405273438 -0.0409355163574219 0.0196647644042969 0.0301723480224609
-0.0141944885253906 -0.0457916259765625 0.0173721313476563 0.0568885803222656
-0.00825881958007813 -0.048187255859375 -0.0101699829101563 0.0734634399414063
0.0125045776367188 -0.0504493713378906 -0.0276870727539062 0.0721054077148438
0.02862548828125 -0.0470390319824219 -0.0402107238769531 0.046630859375
0.0523719787597656 -0.0214881896972656 -0.03546142578125 0.0278053283691406
0.0625801086425781 -0.009063720703125 0.00098800659179688 0.0325069427490234
0.0639266967773438 0.004974365234375 0.0267486572265625 0.0835342407226563
0.055328369140625 0.00833892822265625 0.0526695251464844 -0.0226860046386719
0.0558547973632812 0.000148773193359375 0.086761474609375 0.0143661499023438
0.06036376953125 -0.0128860473632813 0.0885238647460938 0.0117721557617188
0.0443534851074219 -0.0306549072265625 0.0811080932617188 -0.00585174560546875
0.0201911926269531 -0.0344924926757813 0.0525169372558594 -0.0108070373535156
0.00402450561523438 -0.0346889495849609 0.0334148406982422 -0.00135612487792969
-0.00426101684570313 -0.0275344848632813 0.0258312225341797 0.0184478759765625
-0.00511932373046875 -0.0249900817871094 0.0266685485839844 0.0402069091796875
-0.00681304931640625 -0.0282115936279297 0.0243377685546875 0.0658187866210938
-0.00554466247558594 -0.0298862457275391 -0.00269317626953126 0.08203125
0.00688934326171875 -0.0353431701660156 -0.021575927734375 0.0767745971679687
0.0198440551757813 -0.0378570556640625 -0.0352401733398438 0.0488853454589844
0.0434646606445313 -0.0201377868652344 -0.0284385681152344 0.0249195098876953
0.0519142150878906 -0.0101242065429687 0.0154590606689453 0.0271263122558594
0.0505599975585938 0.00107574462890625 0.0472335815429688 0.08563232421875
0.0311965942382813 -0.002899169921875 0.0607986450195313 -0.0261802673339844
0.036529541015625 -0.00784683227539063 0.0863876342773438 0.0077667236328125
0.0390243530273438 -0.0197830200195313 0.0806350708007813 0.0094451904296875
0.0218296051025391 -0.0268230438232422 0.0726165771484375 -9.91821289062516E-05
0.00184059143066406 -0.0213642120361328 0.0486297607421875 -0.00356292724609375
-0.00360393524169922 -0.0116281509399414 0.0341472625732422 0.00662040710449218
0.000230789184570313 -0.00505924224853516 0.0287437438964844 0.0243663787841797
0.00143146514892578 -0.00511932373046875 0.0288352966308594 0.0444145202636719
0.00260829925537109 -0.00617599487304688 0.0247230529785156 0.0694122314453125
-0.00134181976318359 -0.00782346725463867 -0.00199890136718751 0.0842742919921875
0.00265598297119141 -0.0157012939453125 -0.0207977294921875 0.0764541625976563
0.0112171173095703 -0.0225048065185547 -0.0338516235351563 0.0479698181152344
0.0295982360839844 -0.0118045806884766 -0.0255985260009766 0.0222682952880859
0.0324993133544922 -0.00603675842285156 0.0226879119873047 0.0234889984130859
0.0276451110839844 -0.000820159912109375 0.06024169921875 0.0865631103515625
0.00445461273193359 -0.0119552612304688 0.0604476928710938 -0.036224365234375
0.0133476257324219 -0.0158042907714844 0.0783233642578125 -0.004241943359375
0.0105113983154297 -0.0240974426269531 0.0698661804199219 0.00446319580078125
-0.00515556335449219 -0.0195674896240234 0.0660896301269531 0.00185012817382812
-0.0170707702636719 -0.00353336334228515 0.0474166870117188 -0.00342178344726563
-0.00987815856933594 0.0148086547851563 0.0356979370117188 0.00547409057617188
0.00556564331054688 0.0190029144287109 0.0291996002197266 0.0217685699462891
0.00815773010253906 0.0158796310424805 0.0270423889160156 0.0412216186523437
0.00923442840576172 0.0159530639648437 0.0198326110839844 0.0666847229003906
0.00170040130615234 0.0137920379638672 -0.00626373291015624 0.0818710327148438
-0.00316715240478516 0.00400328636169434 -0.0247268676757812 0.072998046875
0.00121402740478516 -0.00569248199462891 -0.0356521606445312 0.0462112426757813
0.0110130310058594 -0.00314235687255859 -0.0290584564208984 0.0207481384277344
0.00621604919433594 -0.00197505950927734 0.0203037261962891 0.0223274230957031
-0.00075387954711914 -0.00463724136352539 0.0625152587890625 0.085357666015625
0.0418357849121094 0.024322509765625 -0.049072265625 -0.0709762573242188
0.0233078002929688 -0.00431060791015625 -0.00126266479492187 -0.0246143341064453
0.0152349472045898 -0.00654792785644531 0.0412635803222656 -0.0178070068359375
0.0148191452026367 -0.0137052536010742 0.05169677734375 -0.0442428588867188
0.00838470458984375 -0.0221958160400391 0.0369873046875 -0.0609474182128906
-0.00703620910644531 -0.03363037109375 0.00957489013671875 -0.0731048583984375
-0.0218048095703125 -0.0337810516357422 -0.0145301818847656 -0.0615081787109375
-0.0186347961425781 -0.0330524444580078 -0.0195198059082031 -0.0335216522216797
-0.0149726867675781 -0.0409622192382813 -0.0258235931396484 -0.00932502746582031
0.00575637817382812 -0.0404777526855469 -0.039642333984375 0.00174713134765625
0.0260696411132813 -0.0248126983642578 -0.0515480041503906 0.0128135681152344
0.0307178497314453 -0.00189399719238281 -0.05816650390625 0.00452423095703124
0.0171051025390625 0.0220394134521484 -0.0693473815917969 -0.00357437133789063
0.0144748687744141 0.0232830047607422 -0.0708160400390625 0.011199951171875
0.0222282409667969 0.0288543701171875 -0.0560111999511719 0.0397071838378906
0.0637588500976563 0.0282745361328125 -0.0288047790527344 -0.0614128112792969
0.0449981689453125 -0.0013427734375 0.0198612213134766 -0.0174617767333984
0.03692626953125 -0.0080718994140625 0.0567550659179688 -0.0137367248535156
0.0306968688964844 -0.0208511352539063 0.0644264221191406 -0.0407752990722656
0.0185375213623047 -0.0317420959472656 0.0467338562011719 -0.0543289184570313
-0.00167083740234375 -0.0472831726074219 0.0204086303710937 -0.0627326965332031
-0.0213203430175781 -0.0483551025390625 -0.00250625610351562 -0.0485153198242188
-0.0196952819824219 -0.04656982421875 -0.00859451293945313 -0.0195083618164063
-0.0179786682128906 -0.0557670593261719 -0.0160808563232422 0.00703716278076172
0.0038299560546875 -0.0577583312988281 -0.0354270935058594 0.0202217102050781
0.0322036743164063 -0.0432014465332031 -0.0493049621582031 0.0290336608886719
0.0438652038574219 -0.0188102722167969 -0.0553550720214844 0.0163917541503906
0.0391616821289062 0.0165634155273438 -0.061126708984375 0.00890350341796875
0.0380859375 0.0223388671875 -0.0542259216308594 0.0242385864257812
0.0442314147949219 0.0291099548339844 -0.0400047302246094 0.056060791015625
0.0770034790039063 0.0306472778320313 -0.00442123413085937 -0.0489616394042969
0.0610275268554688 0.0033111572265625 0.0443687438964844 -0.00613784790039063
0.054931640625 -0.0066375732421875 0.0743637084960938 -0.006011962890625
0.04620361328125 -0.0249862670898438 0.0783233642578125 -0.033843994140625
0.0288238525390625 -0.0384101867675781 0.0557861328125 -0.0461578369140625
0.0049591064453125 -0.0556068420410156 0.028594970703125 -0.0492744445800781
-0.0177040100097656 -0.0556488037109375 0.00868606567382812 -0.0326824188232422
-0.0176849365234375 -0.0528450012207031 0.00396537780761719 -0.0020594596862793
-0.0191612243652344 -0.0618019104003906 -0.0031280517578125 0.0264854431152344
-0.000888824462890624 -0.0648422241210938 -0.0267105102539063 0.0420265197753906
0.0293922424316406 -0.0547370910644531 -0.0432167053222656 0.0484352111816406
0.0459938049316406 -0.0348930358886719 -0.0514411926269531 0.0300445556640625
0.0528526306152344 0.00447845458984375 -0.0525321960449219 0.0210151672363281
0.0555305480957031 0.0141944885253906 -0.0347309112548828 0.0336418151855469
0.05908203125 0.0239372253417969 -0.0181961059570313 0.0703277587890625
0.0785675048828125 0.0285415649414063 0.0204906463623047 -0.034820556640625
0.0683364868164063 0.00780105590820313 0.0661964416503906 0.00637435913085938
0.0682106018066406 -0.00510787963867188 0.08746337890625 0.00341796875
0.0562362670898438 -0.0277938842773438 0.087432861328125 -0.0244140625
0.0348587036132813 -0.0407676696777344 0.0592498779296875 -0.0345993041992188
0.01019287109375 -0.0566139221191406 0.0336151123046875 -0.0337047576904297
-0.0111808776855469 -0.0543556213378906 0.0179405212402344 -0.0137214660644531
-0.0139846801757813 -0.0503005981445312 0.015233039855957 0.0143947601318359
-0.017242431640625 -0.057464599609375 0.0109214782714844 0.043670654296875
-0.00503158569335938 -0.0608482360839844 -0.0156097412109375 0.0608291625976562
0.0223159790039062 -0.056640625 -0.0339164733886719 0.0643157958984375
0.0394096374511719 -0.0443344116210938 -0.0447502136230469 0.0421676635742188
0.057037353515625 -0.00986099243164063 -0.0428848266601562 0.0276336669921875
0.0635643005371094 0.00314712524414063 -0.0151329040527344 0.036041259765625
0.0654792785644531 0.0159835815429688 0.00662231445312501 0.0807037353515625
0.0690650939941406 0.0222434997558594 0.0415534973144531 -0.0247306823730469
0.0650482177734375 0.00891876220703125 0.0828933715820313 0.0151138305664063
0.0694656372070313 -0.00555038452148438 0.0940780639648437 0.010711669921875
0.0571136474609375 -0.0276985168457031 0.0895843505859375 -0.0137481689453125
0.0325927734375 -0.0382537841796875 0.0589523315429688 -0.0214996337890625
0.0109786987304687 -0.0486793518066406 0.0355987548828125 -0.0165214538574219
-0.00489425659179687 -0.0447273254394531 0.0245285034179688 0.00447273254394531
-0.007293701171875 -0.0401878356933594 0.0242805480957031 0.0299739837646484
-0.0110015869140625 -0.0454025268554688 0.0217247009277344 0.0579719543457031
-0.00476455688476563 -0.0477828979492188 -0.00547027587890624 0.07550048828125
0.0146903991699219 -0.0482215881347656 -0.024322509765625 0.074493408203125
0.0303993225097656 -0.0440139770507813 -0.037994384765625 0.0490570068359375
0.0524215698242188 -0.0170211791992188 -0.0345287322998047 0.0291404724121094
0.0615272521972656 -0.00470352172851562 0.00311088562011719 0.0332317352294922
0.0612754821777344 0.00907516479492188 0.030548095703125 0.0864105224609375
0.05059814453125 0.0108222961425781 0.0563125610351563 -0.0190162658691406
0.0519828796386719 0.00418853759765625 0.0902633666992188 0.0177154541015625
0.05755615234375 -0.00931930541992187 0.0917510986328125 0.0135574340820313
0.0445899963378906 -0.0259246826171875 0.084228515625 -0.004791259765625
0.0218696594238281 -0.0301265716552734 0.0544471740722656 -0.0107154846191406
0.00732994079589843 -0.0315952301025391 0.0355453491210938 -0.00209426879882813
0.000680923461914064 -0.0267047882080078 0.0278835296630859 0.0183067321777344
5.72204589843761E-05 -0.0237884521484375 0.0288352966308594 0.0403480529785156
-0.00187110900878906 -0.026763916015625 0.0272903442382813 0.0658950805664063
-0.00119972229003906 -0.0277233123779297 0.000938415527343759 0.0834579467773437
0.00991630554199219 -0.0310955047607422 -0.0188369750976562 0.0788803100585938
0.0208282470703125 -0.0331401824951172 -0.0333786010742188 0.0514678955078125
0.0415992736816406 -0.0154800415039062 -0.0275211334228516 0.0263080596923828
0.0478744506835938 -0.00580978393554688 0.01751708984375 0.0287570953369141
0.0459365844726562 0.00405120849609375 0.0500717163085937 0.0893325805664063
0.0258560180664063 -0.00180435180664063 0.0625 -0.0213356018066406
0.0316638946533203 -0.00537681579589844 0.0886993408203125 0.0114212036132813
0.0344047546386719 -0.0159702301025391 0.0831451416015625 0.0113906860351562
0.0206375122070313 -0.0220470428466797 0.0754318237304688 0.000404357910156249
0.00358772277832031 -0.0160751342773438 0.04998779296875 -0.00429534912109375
0.000110149383544922 -0.00824546813964844 0.0353240966796875 0.00561904907226563
0.00600051879882813 -0.00271368026733398 0.0291500091552734 0.0245819091796875
0.00723505020141602 -0.0028996467590332 0.0290718078613281 0.0443000793457031
0.00734996795654297 -0.00451898574829102 0.0263214111328125 0.0690193176269531
0.00350546836853027 -0.00416779518127441 0.000251770019531254 0.085205078125
0.00535869598388672 -0.0100059509277344 -0.0187759399414063 0.0769424438476563
0.0110244750976563 -0.0168886184692383 -0.0322837829589844 0.0492782592773438
0.0256843566894531 -0.00781440734863281 -0.0252742767333984 0.0236148834228516
0.0266208648681641 -0.00285148620605469 0.0230655670166016 0.0256080627441406
0.0218276977539063 0.00113296508789063 0.06103515625 0.091033935546875
-0.0016021728515625 -0.0135631561279297 0.0595893859863281 -0.0311508178710937
0.00754928588867187 -0.0144281387329102 0.0797119140625 0.000541687011718749
0.00560760498046875 -0.0219669342041016 0.0722274780273437 0.005767822265625
-0.00765132904052735 -0.0150127410888672 0.06805419921875 0.00138473510742187
-0.0167751312255859 0.00131416320800781 0.0471343994140625 -0.00471878051757813
-0.00668525695800781 0.0188999176025391 0.0348758697509766 0.00424003601074219
0.0108356475830078 0.0206489562988281 0.0272998809814453 0.0220890045166016
0.0127582550048828 0.0182075500488281 0.0252151489257813 0.0409355163574219
0.0147838592529297 0.0180072784423828 0.0193405151367187 0.0660438537597656
0.00657749176025391 0.0174322128295898 -0.00637817382812501 0.0819168090820313
-0.000489234924316406 0.00940895080566406 -0.0244674682617187 0.07293701171875
0.00106179714202881 -0.000535547733306885 -0.0360641479492187 0.0472755432128906
0.00709772109985352 0.0012059211730957 -0.0300178527832031 0.0214405059814453
0.000121474266052246 0.000783085823059082 0.0187568664550781 0.0250473022460938
-0.00669145584106445 -0.00325632095336914 0.0613327026367188 0.0894851684570313
0.0496559143066406 0.025177001953125 -0.0470046997070313 -0.0783309936523438
0.0285358428955078 -0.00775527954101563 0.000749588012695313 -0.0288734436035156
0.0184745788574219 -0.0112419128417969 0.0432281494140625 -0.0196037292480469
0.0147476196289062 -0.0195636749267578 0.053863525390625 -0.0453605651855469
0.005950927734375 -0.0263328552246094 0.0404472351074219 -0.0613021850585938
-0.0118522644042969 -0.0374259948730469 0.0131683349609375 -0.0750656127929688
-0.0274581909179688 -0.0358619689941406 -0.0121231079101562 -0.0635414123535156
-0.0234375 -0.035308837890625 -0.016204833984375 -0.0354270935058594
-0.0209541320800781 -0.044189453125 -0.0231266021728516 -0.0104465484619141
0.0025634765625 -0.0457954406738281 -0.0380897521972656 0.00336456298828124
0.0264053344726563 -0.0307502746582031 -0.0514030456542969 0.0147247314453125
0.0342769622802734 -0.00616836547851563 -0.0606231689453125 0.00466918945312501
0.0241966247558594 0.0212860107421875 -0.0726776123046875 -0.00518035888671876
0.0218009948730469 0.0249271392822266 -0.0743865966796875 0.00712585449218751
0.0298480987548828 0.0321235656738281 -0.0566139221191406 0.0366935729980469
0.0704879760742188 0.0313949584960938 -0.0247306823730469 -0.0666580200195313
0.049560546875 -0.00309371948242187 0.0242538452148438 -0.0207366943359375
0.0394935607910156 -0.0107307434082031 0.0607681274414063 -0.0149345397949219
0.0316295623779297 -0.0249156951904297 0.068603515625 -0.0410385131835938
0.0174312591552734 -0.034637451171875 0.0516090393066406 -0.0539283752441406
-0.00522232055664063 -0.0505447387695313 0.024932861328125 -0.063995361328125
-0.0258026123046875 -0.0505332946777344 0.001922607421875 -0.0507774353027344
-0.0230560302734375 -0.0495033264160156 -0.00347137451171875 -0.0210914611816406
-0.0223197937011719 -0.0592842102050781 -0.0111055374145508 0.00697517395019531
0.002410888671875 -0.0632553100585938 -0.0319290161132813 0.0222339630126953
0.0342521667480469 -0.0485153198242188 -0.0475959777832031 0.0319290161132813
0.0487899780273438 -0.0222625732421875 -0.0564956665039063 0.0176124572753906
0.045867919921875 0.0180892944335938 -0.063201904296875 0.00894165039062499
0.045257568359375 0.0259208679199219 -0.0560035705566406 0.0216255187988281
0.05035400390625 0.0346565246582031 -0.0387001037597656 0.0542945861816406
0.0807113647460938 0.0354843139648438 0.00158691406250001 -0.05255126953125
0.0641059875488281 0.00466537475585937 0.0497093200683594 -0.00799179077148438
0.05780029296875 -0.00608444213867188 0.0791244506835937 -0.006927490234375
0.0482559204101563 -0.026885986328125 0.0837173461914062 -0.0342483520507812
0.0291900634765625 -0.0396270751953125 0.0614852905273438 -0.0461502075195313
0.00437164306640626 -0.0583686828613281 0.0342369079589844 -0.0510597229003906
-0.0183181762695312 -0.0574378967285156 0.0146656036376953 -0.0336017608642578
-0.0188522338867188 -0.0549812316894531 0.00951862335205078 -0.00340461730957032
-0.0205955505371094 -0.0652198791503906 0.00266456604003906 0.0267772674560547
-0.000869750976562493 -0.0696182250976563 -0.0228424072265625 0.0446357727050781
0.0329437255859375 -0.059112548828125 -0.0413970947265625 0.0517730712890625
0.0515670776367188 -0.0365104675292969 -0.0515632629394531 0.0326766967773438
0.0596847534179688 0.0063934326171875 -0.0527992248535156 0.0214385986328125
0.0613670349121094 0.0188446044921875 -0.034454345703125 0.0326957702636719
0.0639152526855469 0.0303802490234375 -0.0145263671875 0.0711212158203125
0.0804443359375 0.0346527099609375 0.0275535583496094 -0.0360641479492188
0.0691261291503906 0.0122337341308594 0.0732879638671875 0.00612640380859375
0.0697441101074219 -0.00254058837890625 0.0937271118164063 0.0038604736328125
0.0588226318359375 -0.0272789001464844 0.0939254760742187 -0.024505615234375
0.0359725952148438 -0.0404510498046875 0.0654640197753906 -0.0343818664550781
0.0115242004394531 -0.0572776794433594 0.0400886535644531 -0.0345916748046875
-0.0100326538085937 -0.056427001953125 0.0242881774902344 -0.01483154296875
-0.0121269226074219 -0.0518798828125 0.0210514068603516 0.0149192810058594
-0.0160560607910156 -0.0603065490722656 0.0173492431640625 0.0448989868164062
-0.00319290161132812 -0.063995361328125 -0.0102043151855469 0.0643234252929688
0.0257682800292969 -0.0588569641113281 -0.0314826965332031 0.0680503845214844
0.0444297790527344 -0.0448417663574219 -0.043212890625 0.045654296875
0.0614585876464844 -0.00616073608398438 -0.042755126953125 0.0293502807617188
0.0677261352539063 0.007720947265625 -0.0123863220214844 0.0368881225585938
0.0674934387207031 0.022918701171875 0.0113677978515625 0.0835723876953125
0.068359375 0.0276412963867188 0.0486412048339844 -0.0229644775390625
0.0638580322265625 0.0139884948730469 0.0888290405273438 0.0175323486328125
0.0704116821289063 -0.0008392333984375 0.100418090820313 0.0122222900390625
0.0594406127929687 -0.0247802734375 0.0959930419921875 -0.0137863159179688
0.0362014770507813 -0.0358657836914063 0.0642242431640625 -0.0220565795898438
0.0147857666015625 -0.0484809875488281 0.0414505004882812 -0.0172538757324219
-0.00179672241210937 -0.04534912109375 0.029815673828125 0.00404739379882812
-0.00347900390625 -0.0417976379394531 0.0292549133300781 0.0299930572509766
-0.00756454467773437 -0.04632568359375 0.0273170471191406 0.0585975646972656
-0.00187301635742188 -0.0482978820800781 -0.000778198242187504 0.0792770385742188
0.01922607421875 -0.0477218627929688 -0.0214614868164063 0.0781478881835937
0.0341033935546875 -0.0420646667480469 -0.0356674194335937 0.0515365600585938
0.0552101135253906 -0.0132637023925781 -0.0331096649169922 0.031585693359375
0.0620002746582031 0.000652313232421875 0.00629234313964844 0.0348625183105469
0.0605010986328125 0.0151290893554688 0.03533935546875 0.0919570922851563
0.0472183227539063 0.0157051086425781 0.0620002746582031 -0.0146751403808594
0.0486412048339844 0.00934982299804687 0.0964279174804688 0.0211944580078125
0.0562896728515625 -0.00322341918945313 0.0976715087890625 0.0159912109375
0.0454254150390625 -0.0217781066894531 0.0904617309570313 -0.0045318603515625
0.0244407653808594 -0.0254459381103516 0.0592231750488281 -0.0121231079101563
0.0115604400634766 -0.0300998687744141 0.0393600463867187 -0.00260543823242188
0.00594329833984375 -0.0267848968505859 0.031646728515625 0.0188884735107422
0.00535964965820312 -0.0235557556152344 0.0322456359863281 0.0406608581542969
0.00418663024902344 -0.0271186828613281 0.03179931640625 0.0679931640625
0.00359725952148438 -0.0258388519287109 0.00474548339843749 0.08685302734375
0.0141696929931641 -0.0278453826904297 -0.0163116455078125 0.0820388793945313
0.0229988098144531 -0.0291118621826172 -0.0322380065917969 0.0537834167480469
0.0410728454589844 -0.0097198486328125 -0.0266704559326172 0.0290660858154297
0.0458145141601563 -0.00114822387695313 0.0196914672851563 0.0313072204589844
0.04217529296875 0.00955581665039063 0.0543060302734375 0.0966415405273438
0.0200996398925781 0.000120162963867188 0.0674018859863281 -0.0162353515625
0.0270061492919922 -0.0007476806640625 0.0948410034179687 0.017181396484375
0.0308990478515625 -0.01123046875 0.0889663696289063 0.0147857666015625
0.0198326110839844 -0.0166110992431641 0.08062744140625 0.000663757324218749
0.00531005859375 -0.010746955871582 0.0529327392578125 -0.00478363037109375
0.0049433708190918 -0.00479745864868164 0.0371818542480469 0.00524520874023437
0.011540412902832 -0.00186920166015625 0.0303306579589844 0.0259437561035156
0.0132217407226563 -0.00200462341308594 0.0309524536132813 0.0449562072753906
0.0144262313842773 -0.00318241119384766 0.0286712646484375 0.070953369140625
0.00927925109863281 -0.00209331512451172 0.00250244140625 0.0873031616210938
0.0104026794433594 -0.005035400390625 -0.0181884765625 0.0794525146484375
0.0134096145629883 -0.0115594863891602 -0.031951904296875 0.0521202087402344
0.0232009887695312 -0.00199699401855469 -0.0254287719726563 0.0263118743896484
0.0218353271484375 0.00179100036621094 0.0244789123535156 0.0289402008056641
0.0159578323364258 0.00400257110595703 0.0630874633789063 0.0987167358398437
-0.00820159912109375 -0.0130386352539063 0.0625114440917969 -0.0263099670410156
0.00167560577392578 -0.0126857757568359 0.0839309692382813 0.0048370361328125
0.00117683410644531 -0.0182094573974609 0.0768508911132813 0.00855255126953125
-0.0100317001342773 -0.0101995468139648 0.07208251953125 0.0014801025390625
-0.0158367156982422 0.00699424743652344 0.0485115051269531 -0.00617218017578125
-0.0019073486328125 0.0232620239257813 0.0343227386474609 0.00344657897949219
0.0166873931884766 0.0230827331542969 0.0261478424072266 0.0231342315673828
0.0187835693359375 0.0198287963867188 0.0246009826660156 0.0425796508789063
0.0217304229736328 0.0193519592285156 0.018463134765625 0.0687408447265625
0.0133018493652344 0.0207138061523438 -0.00641632080078125 0.0839767456054687
0.00331687927246094 0.015254020690918 -0.0248565673828125 0.0745468139648437
0.000769615173339844 0.00545835494995117 -0.0376091003417969 0.0483894348144531
0.00345563888549805 0.0063018798828125 -0.0305442810058594 0.0233707427978516
-0.0061497688293457 0.00447559356689453 0.0182914733886719 0.0290241241455078
-0.0140838623046875 -0.00191402435302735 0.0612869262695313 0.0971832275390625
0.0608329772949219 0.0251693725585938 -0.0472412109375 -0.0882949829101563
0.0349369049072266 -0.012542724609375 0.0017242431640625 -0.0350799560546875
0.0219326019287109 -0.0177078247070313 0.0457725524902344 -0.0224838256835938
0.0136241912841797 -0.0269718170166016 0.0568771362304688 -0.0488662719726563
0.00193023681640625 -0.0325489044189453 0.0437164306640625 -0.0641021728515625
-0.0194740295410156 -0.0412940979003906 0.0159072875976563 -0.0788803100585938
-0.0359878540039063 -0.0374794006347656 -0.00956344604492188 -0.0666580200195313
-0.0303192138671875 -0.037628173828125 -0.0139427185058594 -0.0381050109863281
-0.0286750793457031 -0.0469093322753906 -0.0202293395996094 -0.0113067626953125
-0.00345993041992187 -0.0524406433105469 -0.0369682312011719 0.00484466552734374
0.0263290405273438 -0.03875732421875 -0.05194091796875 0.0168800354003906
0.0374946594238281 -0.0131072998046875 -0.0639152526855469 0.00569915771484374
0.0322666168212891 0.0188922882080078 -0.078582763671875 -0.00554656982421874
0.0315170288085938 0.0252590179443359 -0.0795440673828125 0.00407409667968751
0.040130615234375 0.0357551574707031 -0.0590362548828125 0.03387451171875
0.0813140869140625 0.0332260131835937 -0.020751953125 -0.0758819580078125
0.0561637878417969 -0.00589752197265625 0.0284900665283203 -0.0266132354736328
0.0427284240722656 -0.0160598754882813 0.0652122497558594 -0.0181655883789063
0.0315303802490234 -0.0308628082275391 0.0740890502929688 -0.0445480346679687
0.0153579711914062 -0.0395050048828125 0.0569229125976562 -0.0572242736816406
-0.0106430053710937 -0.0545845031738281 0.0303802490234375 -0.067901611328125
-0.0314216613769531 -0.0526008605957031 0.007354736328125 -0.0541839599609375
-0.0286102294921875 -0.052001953125 0.00121116638183593 -0.0237655639648438
-0.0284881591796875 -0.0640716552734375 -0.00601291656494141 0.00590181350708007
-0.00204849243164063 -0.0695648193359375 -0.0287189483642578 0.02459716796875
0.0359420776367187 -0.0569648742675781 -0.0459136962890625 0.0361442565917969
0.05419921875 -0.0285301208496094 -0.0578346252441406 0.0202751159667969
0.0563735961914062 0.0173149108886719 -0.0666542053222656 0.0104904174804688
0.0561180114746094 0.0283164978027344 -0.0585441589355469 0.0205841064453125
0.0604476928710938 0.0401153564453125 -0.0367202758789063 0.0545883178710938
0.0891799926757813 0.0393829345703125 0.00844955444335938 -0.0590248107910156
0.0694084167480469 0.00555038452148438 0.0574111938476563 -0.0125007629394531
0.0620002746582031 -0.00918197631835938 0.0868377685546875 -0.00943756103515625
0.049407958984375 -0.0301780700683594 0.0913162231445313 -0.03704833984375
0.0296440124511719 -0.0426406860351563 0.0678482055664062 -0.0487060546875
0.00146484375 -0.0614051818847656 0.0414047241210938 -0.0547866821289063
-0.0221595764160156 -0.0611419677734375 0.0210494995117188 -0.0374832153320313
-0.0220375061035156 -0.0585975646972656 0.0154476165771484 -0.00604724884033204
-0.0245857238769531 -0.0694923400878906 0.0101604461669922 0.0261116027832031
-0.0021820068359375 -0.0759658813476563 -0.0168952941894531 0.0482826232910156
0.0351600646972656 -0.0660133361816406 -0.0373344421386719 0.0562057495117187
0.0579261779785156 -0.0422935485839844 -0.0504379272460937 0.0368995666503906
0.0693855285644531 0.00756072998046875 -0.054595947265625 0.0239677429199219
0.0713348388671875 0.022247314453125 -0.0343379974365234 0.0333843231201172
0.0724639892578125 0.036834716796875 -0.009979248046875 0.0735092163085938
0.0843887329101563 0.0401229858398438 0.0358314514160156 -0.0399742126464844
0.0737152099609375 0.0155868530273438 0.0826416015625 0.0046539306640625
0.0734710693359375 -0.0016326904296875 0.102500915527344 0.002655029296875
0.0627098083496094 -0.0278205871582031 0.103729248046875 -0.02716064453125
0.0384712219238281 -0.0413818359375 0.0735321044921875 -0.0380401611328125
0.0121917724609375 -0.0606346130371094 0.0482330322265625 -0.0382728576660156
-0.00963211059570312 -0.0591468811035156 0.0313282012939453 -0.0172271728515625
-0.0120391845703125 -0.055419921875 0.028289794921875 0.0124893188476562
-0.0161056518554687 -0.0644340515136719 0.0254402160644531 0.0450592041015625
-0.00218963623046875 -0.0692634582519531 -0.00281143188476563 0.0679512023925781
0.0297470092773437 -0.0637283325195313 -0.025543212890625 0.07373046875
0.0498771667480469 -0.0477752685546875 -0.0421485900878906 0.049835205078125
0.0696830749511719 -0.0045013427734375 -0.0420265197753906 0.0333671569824219
0.0745086669921875 0.0123748779296875 -0.00985336303710937 0.0385017395019531
0.0734024047851563 0.029388427734375 0.0183563232421875 0.088775634765625
0.06982421875 0.0340576171875 0.0588912963867188 -0.0236282348632812
0.065338134765625 0.0189056396484375 0.100379943847656 0.0177154541015625
0.0732955932617188 0.00368499755859375 0.110603332519531 0.012908935546875
0.0625534057617188 -0.0230178833007813 0.105880737304687 -0.0158920288085938
0.0401115417480469 -0.03466796875 0.0722274780273438 -0.0244827270507813
0.018096923828125 -0.0500907897949219 0.0489921569824219 -0.0198516845703125
0.00191879272460937 -0.048553466796875 0.0364875793457031 0.002685546875
-0.00052261352539062 -0.0438575744628906 0.0354080200195313 0.0300025939941406
-0.00430679321289062 -0.0498428344726563 0.0356063842773438 0.0608634948730469
0.00267410278320313 -0.050537109375 0.00644683837890625 0.0839309692382813
0.0238189697265625 -0.0486259460449219 -0.0167236328125 0.0839309692382813
0.0394477844238281 -0.0415000915527344 -0.0332717895507812 0.0563507080078125
0.0601882934570313 -0.00923538208007813 -0.0309619903564453 0.0344753265380859
0.0651206970214844 0.00583648681640625 0.0111961364746094 0.0374412536621094
0.0624885559082031 0.0218544006347656 0.0438461303710937 0.098968505859375
0.0449104309082031 0.0209541320800781 0.072265625 -0.0125656127929687
0.0463905334472656 0.0152130126953125 0.10723876953125 0.0242767333984375
0.057861328125 0.00125885009765625 0.108177185058594 0.0167160034179688
0.0493049621582031 -0.0168495178222656 0.100189208984375 -0.0061187744140625
0.0294418334960937 -0.0227088928222656 0.0651283264160156 -0.0133781433105469
0.0173740386962891 -0.0297393798828125 0.0446701049804688 -0.00490951538085938
0.0111198425292969 -0.0284385681152344 0.0365486145019531 0.0186271667480469
0.0114250183105469 -0.0247287750244141 0.0378150939941406 0.0414390563964844
0.00987434387207031 -0.0285110473632813 0.0385894775390625 0.0700416564941406
0.00987815856933594 -0.0261592864990234 0.0109329223632813 0.0912246704101563
0.0197887420654297 -0.0258083343505859 -0.0119705200195312 0.0863723754882813
0.0275707244873047 -0.0258388519287109 -0.0298843383789062 0.0581626892089844
0.0428390502929688 -0.00479507446289063 -0.0246448516845703 0.0326271057128906
0.0451850891113281 0.00547409057617188 0.0241527557373047 0.0338096618652344
0.0395927429199219 0.0147895812988281 0.0625228881835937 0.105545043945313
0.0149669647216797 0.00329780578613281 0.0749588012695313 -0.0118484497070313
0.0222282409667969 0.00353240966796875 0.104629516601563 0.0212326049804688
0.0291690826416016 -0.0059051513671875 0.0983734130859375 0.0153121948242187
0.0211009979248047 -0.0117321014404297 0.0888519287109375 -0.000473022460937501
0.00878810882568359 -0.00582122802734375 0.0562515258789062 -0.00707626342773437
0.0112848281860352 -0.00297737121582031 0.0390434265136719 0.00423431396484375
0.0190372467041016 -0.00257682800292969 0.0329647064208984 0.0258865356445313
0.0207481384277344 -0.00165557861328125 0.0340232849121094 0.0464630126953125
0.0226020812988281 -0.00426292419433594 0.0317840576171875 0.0731277465820313
0.0176124572753906 -0.0003204345703125 0.00629425048828125 0.0917434692382813
0.0150394439697266 -0.000240325927734375 -0.015228271484375 0.08380126953125
0.0158882141113281 -0.00500202178955078 -0.0300445556640625 0.0558891296386719
0.0221786499023438 0.00455474853515625 -0.0246486663818359 0.0303382873535156
0.0167570114135742 0.00905132293701172 0.0276851654052734 0.0328826904296875
0.00986480712890625 0.0086507797241211 0.070037841796875 0.109024047851563
-0.016082763671875 -0.0133390426635742 0.06793212890625 -0.0218467712402344
-0.0053253173828125 -0.0100564956665039 0.0919876098632813 0.010589599609375
-0.00550365447998047 -0.0140085220336914 0.0844268798828125 0.00850677490234375
-0.0129404067993164 -0.00356578826904297 0.0783615112304688 -0.00032806396484375
-0.0140237808227539 0.0135564804077148 0.0505561828613281 -0.00748062133789062
0.00415802001953125 0.0287837982177734 0.0337638854980469 0.00159072875976563
0.0252838134765625 0.024322509765625 0.0260257720947266 0.0246715545654297
0.0270938873291016 0.0208702087402344 0.0242500305175781 0.0448493957519531
0.0314521789550781 0.0205707550048828 0.01873779296875 0.07171630859375
0.0213222503662109 0.0237712860107422 -0.00455474853515625 0.0878829956054688
0.00888252258300781 0.0213623046875 -0.0246353149414063 0.0785140991210938
0.00274753570556641 0.0134077072143555 -0.0375595092773438 0.0517692565917969
0.0003814697265625 0.0135288238525391 -0.0324478149414062 0.0276851654052734
-0.0137863159179687 0.0111465454101563 0.0192527770996094 0.0341072082519531
-0.0224552154541016 0.000806808471679685 0.0646820068359375 0.10748291015625
0.073944091796875 0.020599365234375 -0.0513839721679687 -0.0992050170898438
0.0410270690917969 -0.0213279724121094 0.00117874145507813 -0.0430526733398438
0.0226631164550781 -0.0270786285400391 0.0472908020019531 -0.0279655456542969
0.0101547241210937 -0.0358161926269531 0.0584220886230469 -0.0538597106933594
-0.00455474853515625 -0.0381507873535156 0.0459556579589844 -0.0689849853515625
-0.0308761596679688 -0.0431365966796875 0.0166778564453125 -0.0837936401367188
-0.0462379455566406 -0.0373802185058594 -0.009307861328125 -0.0713882446289063
-0.0402984619140625 -0.0379142761230469 -0.0125465393066406 -0.0421066284179688
-0.0405044555664063 -0.0486831665039062 -0.0173702239990234 -0.0139951705932617
-0.0123100280761719 -0.0580902099609375 -0.0348091125488281 0.00656890869140625
0.0227279663085938 -0.04864501953125 -0.0510406494140625 0.0212135314941406
0.0403480529785156 -0.0228385925292969 -0.0667228698730469 0.00997924804687498
0.0417976379394531 0.0135231018066406 -0.0848617553710938 -0.00314331054687501
0.043853759765625 0.0229835510253906 -0.0866851806640625 0.0038604736328125
0.0537033081054688 0.0361175537109375 -0.0615463256835938 0.03289794921875
0.0936050415039063 0.0319900512695313 -0.020111083984375 -0.0870208740234375
0.0623130798339844 -0.0123481750488281 0.0323238372802734 -0.0350399017333984
0.0453033447265625 -0.0231971740722656 0.0694236755371094 -0.0238265991210938
0.0297393798828125 -0.0384368896484375 0.0785903930664063 -0.0501022338867188
0.0105400085449219 -0.0452117919921875 0.0620155334472656 -0.0625495910644531
-0.019378662109375 -0.0572242736816406 0.0344467163085938 -0.0746078491210937
-0.0401992797851562 -0.0538215637207031 0.0108451843261719 -0.060150146484375
-0.036346435546875 -0.053497314453125 0.00638198852539062 -0.0283412933349609
-0.0382843017578125 -0.0667572021484375 0.000443458557128904 0.00304269790649414
-0.00948333740234374 -0.0768203735351563 -0.0233650207519531 0.0265884399414062
0.03399658203125 -0.0675315856933594 -0.0422096252441406 0.0412483215332031
0.0590744018554688 -0.0378761291503906 -0.05828857421875 0.0252952575683594
0.0676498413085938 0.0135116577148438 -0.0695114135742188 0.0136756896972656
0.0694999694824219 0.0274124145507812 -0.0611305236816406 0.0214576721191406
0.0744400024414063 0.04248046875 -0.0347938537597656 0.0548820495605469
0.100181579589844 0.0401763916015625 0.0142784118652344 -0.069305419921875
0.0761871337890625 0.00222015380859375 0.0649566650390625 -0.0203208923339844
0.0656661987304688 -0.0140190124511719 0.093841552734375 -0.014678955078125
0.0498847961425781 -0.036285400390625 0.0991134643554688 -0.0437774658203125
0.0277481079101563 -0.0470046997070313 0.0753402709960938 -0.0553512573242188
-0.0040435791015625 -0.0648765563964844 0.0481948852539063 -0.0621719360351563
-0.0277557373046875 -0.0630912780761719 0.0272293090820313 -0.0435218811035156
-0.02655029296875 -0.0614204406738281 0.0232753753662109 -0.0105972290039063
-0.0312576293945312 -0.0739822387695312 0.0197277069091797 0.0238990783691406
-0.00805664062500001 -0.082977294921875 -0.00883102416992188 0.0506782531738281
0.0354385375976562 -0.07568359375 -0.0306625366210938 0.0617256164550781
0.0628929138183594 -0.0507736206054688 -0.0479621887207031 0.0421562194824219
0.0801773071289063 0.0035858154296875 -0.0547828674316406 0.0287361145019531
0.0832748413085937 0.022369384765625 -0.0324554443359375 0.0337963104248047
0.084228515625 0.0410919189453125 -0.0029449462890625 0.0759506225585937
0.0933303833007813 0.0438232421875 0.0453987121582031 -0.0478897094726563
0.0791549682617188 0.0163803100585938 0.0936813354492187 -0.002166748046875
0.0791778564453125 -0.00243377685546875 0.113197326660156 -0.0023193359375
0.0655364990234375 -0.0309562683105469 0.11346435546875 -0.033660888671875
0.0406303405761719 -0.0444145202636719 0.0815353393554688 -0.0442276000976563
0.0113334655761719 -0.0637702941894531 0.0552635192871094 -0.0452651977539063
-0.0122261047363281 -0.0631256103515625 0.0392799377441406 -0.0226936340332031
-0.0134468078613281 -0.0595626831054688 0.0372848510742188 0.008758544921875
-0.0186195373535156 -0.0696754455566406 0.0358200073242188 0.0433120727539062
-0.0034332275390625 -0.0743942260742188 0.00722503662109374 0.0711135864257812
0.031768798828125 -0.0702857971191406 -0.0174102783203125 0.0790634155273438
0.0554580688476563 -0.0537757873535156 -0.0372467041015625 0.0548744201660156
0.078948974609375 -0.00563812255859375 -0.0395927429199219 0.037384033203125
0.0841827392578125 0.014617919921875 -0.00512313842773437 0.0388298034667969
0.0819778442382812 0.03485107421875 0.029693603515625 0.0923843383789063
0.07330322265625 0.04022216796875 0.0696258544921875 -0.0280532836914062
0.0688018798828125 0.0242080688476563 0.113662719726563 0.015045166015625
0.0782241821289063 0.0061798095703125 0.12225341796875 0.00818634033203125
0.0690116882324219 -0.0225677490234375 0.116920471191406 -0.02142333984375
0.0445137023925781 -0.0363731384277344 0.07989501953125 -0.0305252075195313
0.0207862854003906 -0.0532760620117187 0.0557174682617188 -0.0263671875
0.0042572021484375 -0.0528602600097656 0.044189453125 -0.00152969360351563
0.001983642578125 -0.0478630065917969 0.0440597534179688 0.0264778137207031
-0.0019378662109375 -0.0545997619628906 0.0464744567871094 0.0591812133789062
0.00460433959960938 -0.0552597045898438 0.0182342529296875 0.086090087890625
0.0285758972167969 -0.0524673461914063 -0.00706481933593749 0.0888748168945313
0.0443801879882813 -0.0434608459472656 -0.0286827087402344 0.0616950988769531
0.0659370422363281 -0.00751495361328125 -0.0269432067871094 0.0391578674316406
0.0705108642578125 0.00986480712890625 0.0175018310546875 0.0381088256835938
0.0662727355957031 0.0278053283691406 0.0580596923828125 0.104515075683594
0.0434188842773438 0.027130126953125 0.0834808349609375 -0.013763427734375
0.0477828979492188 0.0219268798828125 0.121849060058594 0.0232086181640625
0.059722900390625 0.00698089599609375 0.120429992675781 0.0140151977539063
0.0545921325683594 -0.0136032104492188 0.110504150390625 -0.0112686157226563
0.0352516174316406 -0.0209579467773438 0.0717239379882813 -0.0186691284179688
0.0235042572021484 -0.0311985015869141 0.0504646301269531 -0.00844192504882813
0.0173606872558594 -0.0325222015380859 0.0432319641113281 0.0161247253417969
0.0175418853759766 -0.0285434722900391 0.044708251953125 0.0400352478027344
0.0165519714355469 -0.0323352813720703 0.0476455688476563 0.0698432922363281
0.0161113739013672 -0.0279331207275391 0.021728515625 0.093994140625
0.0259494781494141 -0.0253372192382813 -0.00407409667968751 0.0908660888671875
0.0331497192382813 -0.0228862762451172 -0.0243301391601562 0.0624885559082031
0.0456733703613281 0.000179290771484375 -0.0207786560058594 0.0369186401367188
0.0444450378417969 0.0114364624023438 0.0320930480957031 0.0361671447753906
0.0386466979980469 0.0215072631835938 0.0771636962890625 0.112686157226562
0.00830602645874023 0.00790166854858398 0.0845413208007813 -0.0111770629882813
0.0191192626953125 0.00974464416503906 0.117263793945313 0.0225601196289062
0.0280570983886719 0.00181388854980469 0.109939575195313 0.0128555297851563
0.0245800018310547 -0.00517845153808594 0.0981063842773438 -0.00604248046875
0.0139808654785156 -0.00118350982666016 0.0608863830566406 -0.0113143920898438
0.0198307037353516 -0.00102615356445313 0.0423164367675781 0.00136947631835937
0.0281810760498047 -0.00536727905273438 0.0370674133300781 0.0260581970214844
0.0298233032226563 -0.00506210327148438 0.0377845764160156 0.0473403930664063
0.0327415466308594 -0.00671577453613281 0.0385055541992187 0.0746383666992188
0.0264549255371094 -0.000843048095703125 0.0141220092773437 0.0948562622070313
0.0234241485595703 0.00333213806152344 -0.010009765625 0.087615966796875
0.0212211608886719 0.000921249389648437 -0.0272560119628906 0.06024169921875
0.0224056243896484 0.01312255859375 -0.0216808319091797 0.0344409942626953
0.0126562118530273 0.016693115234375 0.0344772338867188 0.0369377136230469
0.00406932830810547 0.014988899230957 0.0829086303710938 0.117820739746094
-0.0261554718017578 -0.00976943969726563 0.0747451782226563 -0.01971435546875
-0.0127229690551758 -0.00561714172363281 0.101951599121094 0.0119476318359375
-0.0105495452880859 -0.00671863555908203 0.0939407348632812 0.00647735595703125
-0.0131978988647461 0.00471115112304687 0.0848159790039063 -0.00579833984375
-0.0105457305908203 0.0209560394287109 0.0515403747558594 -0.0128631591796875
0.0133113861083984 0.0322113037109375 0.0337028503417969 0.000967025756835939
0.0353584289550781 0.0236091613769531 0.0266952514648438 0.0259819030761719
0.037750244140625 0.0197257995605469 0.0257606506347656 0.0473365783691406
0.0430068969726563 0.0185203552246094 0.0225067138671875 0.0744781494140625
0.0323162078857422 0.0243129730224609 -0.000602722167968747 0.0913925170898437
0.0176296234130859 0.0272750854492187 -0.022064208984375 0.0821456909179688
0.00826263427734375 0.0207462310791016 -0.0362777709960937 0.0577888488769531
-0.00140762329101562 0.0226821899414063 -0.0317840576171875 0.0326328277587891
-0.0203475952148438 0.0198307037353516 0.0227241516113281 0.0391464233398437
-0.0320587158203125 0.00680160522460937 0.07452392578125 0.11773681640625
0.0880050659179688 0.011688232421875 -0.0594329833984375 -0.108818054199219
0.0444183349609375 -0.0334396362304688 -0.00163269042968749 -0.0509147644042969
0.0199966430664063 -0.0383453369140625 0.046722412109375 -0.0331649780273437
0.00221633911132813 -0.0446701049804688 0.0583381652832031 -0.0595932006835937
-0.0140228271484375 -0.0428619384765625 0.0458145141601563 -0.0732955932617188
-0.0430717468261719 -0.0412979125976563 0.0150680541992187 -0.0880050659179688
-0.0569076538085937 -0.031829833984375 -0.00952911376953125 -0.0754470825195313
-0.0510787963867188 -0.0341567993164062 -0.0124893188476563 -0.0460166931152344
-0.053619384765625 -0.0462760925292969 -0.015324592590332 -0.015965461730957
-0.0246047973632812 -0.0610618591308594 -0.0315685272216797 0.00743293762207031
0.0152435302734375 -0.0582122802734375 -0.0480232238769531 0.0252799987792969
0.0395736694335938 -0.0343170166015625 -0.0675468444824219 0.0141792297363281
0.050750732421875 0.00358963012695313 -0.0906906127929688 0.00198364257812501
0.05694580078125 0.0156059265136719 -0.0942001342773438 0.00598144531250001
0.0689926147460938 0.031829833984375 -0.0637092590332031 0.0330467224121094
0.107345581054687 0.0240020751953125 -0.0221328735351562 -0.099151611328125
0.0664024353027344 -0.022613525390625 0.0331001281738281 -0.0458908081054688
0.0455970764160156 -0.032318115234375 0.0719528198242188 -0.03167724609375
0.0246505737304687 -0.0464935302734375 0.0806732177734375 -0.0579605102539063
0.00339889526367187 -0.0485649108886719 0.0642509460449219 -0.070281982421875
-0.0304222106933594 -0.0564460754394531 0.0362167358398438 -0.0828704833984375
-0.0503959655761719 -0.0510177612304688 0.0137138366699219 -0.0663032531738281
-0.0458946228027344 -0.0522956848144531 0.00985336303710937 -0.0352058410644531
-0.0498085021972656 -0.0651397705078125 0.00650739669799804 -0.00149679183959961
-0.0205612182617187 -0.0809783935546875 -0.0167427062988281 0.0274200439453125
0.0280838012695312 -0.0778884887695313 -0.0355873107910156 0.0435981750488281
0.058746337890625 -0.0501976013183594 -0.0553665161132812 0.0298500061035156
0.078765869140625 0.00424957275390625 -0.0709381103515625 0.0187606811523438
0.083831787109375 0.0212478637695313 -0.0620880126953125 0.0227775573730469
0.0902328491210938 0.0402984619140625 -0.0312156677246094 0.0545005798339844
0.113410949707031 0.0376510620117188 0.0180206298828125 -0.081939697265625
0.0817031860351562 -0.00481414794921875 0.0699577331542969 -0.0310249328613281
0.0667648315429688 -0.0202522277832031 0.0999908447265625 -0.02398681640625
0.0477790832519531 -0.0422630310058594 0.103172302246094 -0.0537033081054688
0.0236663818359375 -0.0516777038574219 0.07879638671875 -0.064208984375
-0.0111846923828125 -0.0658226013183594 0.051727294921875 -0.0712356567382813
-0.0357551574707031 -0.0637474060058594 0.0326004028320313 -0.0526123046875
-0.0337409973144531 -0.0618972778320313 0.030242919921875 -0.0178470611572266
-0.03973388671875 -0.0752334594726563 0.0286273956298828 0.0172595977783203
-0.0153961181640625 -0.0881118774414063 0.00223922729492187 0.0497016906738281
0.0313491821289063 -0.0861282348632813 -0.0209884643554687 0.0645256042480469
0.0651969909667969 -0.0622825622558594 -0.0427284240722656 0.0464897155761719
0.091888427734375 -0.0032196044921875 -0.0516738891601562 0.0328712463378906
0.0968017578125 0.0191116333007813 -0.0291175842285156 0.0340366363525391
0.100196838378906 0.0415496826171875 0.00724029541015626 0.074920654296875
0.102592468261719 0.04571533203125 0.053741455078125 -0.0594902038574219
0.0853195190429688 0.0148086547851563 0.103195190429688 -0.0136260986328125
0.0834884643554688 -0.0049896240234375 0.121360778808594 -0.0110015869140625
0.0684394836425781 -0.0355796813964844 0.11956787109375 -0.0429153442382813
0.0396385192871094 -0.0482597351074219 0.0863189697265625 -0.0536956787109375
0.00860214233398438 -0.0666847229003906 0.0616950988769531 -0.0545463562011719
-0.0147438049316406 -0.0660514831542969 0.04595947265625 -0.0321311950683594
-0.0157279968261719 -0.0619697570800781 0.0449409484863281 0.00136566162109375
-0.0244216918945313 -0.0718612670898437 0.0480422973632813 0.0364456176757812
-0.0081634521484375 -0.0792236328125 0.01983642578125 0.0691146850585938
0.0315322875976563 -0.0787429809570313 -0.005828857421875 0.0804443359375
0.0587539672851563 -0.0620040893554688 -0.0288734436035156 0.05853271484375
0.0872879028320313 -0.0103302001953125 -0.0344123840332031 0.0406761169433594
0.0948562622070313 0.0131683349609375 0.00247955322265625 0.0374526977539063
0.093597412109375 0.037811279296875 0.0444107055664063 0.0923690795898438
0.077972412109375 0.044769287109375 0.08074951171875 -0.0372467041015625
0.0732955932617188 0.0284652709960938 0.126167297363281 0.00400543212890625
0.0840301513671875 0.0084075927734375 0.133232116699219 -0.00115203857421875
0.073822021484375 -0.0236968994140625 0.126304626464844 -0.0320587158203125
0.0480575561523438 -0.0374984741210938 0.08465576171875 -0.0404586791992187
0.0233306884765625 -0.0562324523925781 0.0605430603027344 -0.0351600646972656
0.00489807128906251 -0.0571327209472656 0.0508689880371094 -0.0082855224609375
0.00408554077148437 -0.0513114929199219 0.0530281066894531 0.0204620361328125
-0.00131225585937499 -0.0600509643554688 0.05841064453125 0.0525703430175781
0.00549697875976563 -0.0598602294921875 0.0307235717773437 0.083740234375
0.0315475463867188 -0.0566177368164062 0.00537872314453125 0.0901947021484375
0.0493583679199219 -0.0477218627929688 -0.0188980102539062 0.0650253295898438
0.073028564453125 -0.00746917724609375 -0.0207443237304687 0.0407638549804688
0.077117919921875 0.0124664306640625 0.02703857421875 0.0379295349121094
0.0726318359375 0.0325775146484375 0.0749053955078125 0.10467529296875
0.0427284240722656 0.0336647033691406 0.0956573486328125 -0.0193939208984375
0.0488739013671875 0.0290298461914063 0.136329650878906 0.0166702270507813
0.0645828247070313 0.0141410827636719 0.132293701171875 0.0054168701171875
0.0603904724121094 -0.0109596252441406 0.119110107421875 -0.0221328735351562
0.0407333374023438 -0.02081298828125 0.0756607055664063 -0.0257415771484375
0.0303611755371094 -0.0350723266601563 0.054962158203125 -0.0152931213378906
0.0235748291015625 -0.0382652282714844 0.0492668151855469 0.0108108520507813
0.02215576171875 -0.0338535308837891 0.0513801574707031 0.0345458984375
0.0219306945800781 -0.0380935668945313 0.0581855773925781 0.0653266906738281
0.0225162506103516 -0.0329475402832031 0.0329818725585938 0.0918731689453125
0.0343189239501953 -0.0250682830810547 0.00609588623046875 0.0925445556640625
0.0396270751953125 -0.0215721130371094 -0.0169219970703125 0.0648422241210938
0.0484695434570312 0.00565719604492188 -0.014007568359375 0.0390205383300781
0.0469627380371094 0.0189781188964844 0.0414009094238281 0.0355453491210938
0.038665771484375 0.0288009643554688 0.09490966796875 0.114517211914063
0.00281429290771484 0.0154256820678711 0.0966873168945313 -0.0129928588867187
0.0155029296875 0.0183868408203125 0.129997253417969 0.018524169921875
0.0284061431884766 0.00986671447753906 0.119552612304688 0.0066070556640625
0.028778076171875 0.00128746032714844 0.104209899902344 -0.0140914916992188
0.0221176147460938 0.002410888671875 0.0629234313964844 -0.0168838500976563
0.0296535491943359 -0.00237846374511719 0.0440635681152344 -0.00202178955078125
0.037200927734375 -0.0103759765625 0.0418434143066406 0.0236663818359375
0.0388641357421875 -0.0102119445800781 0.0432205200195313 0.0459785461425781
0.0415000915527344 -0.0138130187988281 0.0468368530273438 0.0734786987304688
0.0366096496582031 -0.00460433959960937 0.0234451293945312 0.0939559936523438
0.0340042114257813 0.00367927551269531 -0.00151062011718749 0.0887832641601563
0.029052734375 0.00624656677246094 -0.020355224609375 0.0636215209960938
0.0244979858398438 0.0216922760009766 -0.0169448852539063 0.038970947265625
0.0112266540527344 0.0275001525878906 0.0414276123046875 0.0383033752441406
-0.000719070434570314 0.0245494842529297 0.0997085571289063 0.121986389160156
-0.0370864868164063 -0.00333023071289063 0.0827713012695313 -0.0192413330078125
-0.0197963714599609 0.00263786315917969 0.112808227539063 0.0095367431640625
-0.0142784118652344 0.00327587127685547 0.101936340332031 0.00020599365234375
-0.0104589462280273 0.0151758193969727 0.0892868041992187 -0.013580322265625
-0.00270652770996094 0.0278282165527344 0.0513229370117188 -0.0170135498046875
0.0244159698486328 0.0338630676269531 0.0332088470458984 -0.000553131103515623
0.0468673706054688 0.0188560485839844 0.0271453857421875 0.0272884368896484
0.0486106872558594 0.0143814086914063 0.0280609130859375 0.0491714477539063
0.0545425415039063 0.0128669738769531 0.0258407592773437 0.0764999389648438
0.0441703796386719 0.0216026306152344 0.005615234375 0.0922393798828125
0.0289077758789063 0.0299167633056641 -0.017364501953125 0.084991455078125
0.0159397125244141 0.0275077819824219 -0.0324363708496094 0.0620307922363281
-0.00103950500488281 0.0344581604003906 -0.0292854309082031 0.0376167297363281
-0.0241947174072266 0.0330467224121094 0.0288124084472656 0.0431365966796875
-0.040740966796875 0.0166091918945312 0.087860107421875 0.124404907226563
0.097900390625 -0.00324249267578125 -0.0672225952148438 -0.115242004394531
0.0444602966308594 -0.0469131469726562 -0.00714492797851562 -0.0565071105957031
0.0162391662597656 -0.0501670837402344 0.0464744567871094 -0.0385322570800781
-0.0076141357421875 -0.0501556396484375 0.0553359985351563 -0.0626678466796875
-0.0247154235839844 -0.0428237915039063 0.0455322265625 -0.07666015625
-0.0559463500976563 -0.0352096557617187 0.0139083862304687 -0.0918807983398438
-0.0676689147949219 -0.0244865417480469 -0.0102081298828125 -0.0785293579101562
-0.0605545043945313 -0.0270538330078125 -0.0124053955078125 -0.0497970581054688
-0.0644645690917969 -0.0376129150390625 -0.014739990234375 -0.0206489562988281
-0.0375900268554687 -0.0577964782714844 -0.0278034210205078 0.00859451293945313
0.00638198852539062 -0.0638923645019531 -0.0431671142578125 0.0278129577636719
0.0347137451171875 -0.0462608337402344 -0.067230224609375 0.0191230773925781
0.055633544921875 -0.0109519958496094 -0.0919265747070313 0.00678253173828123
0.0675582885742188 0.004486083984375 -0.100624084472656 0.00943756103515624
0.0834884643554688 0.0219802856445312 -0.0664710998535156 0.0322265625
0.120063781738281 0.0145416259765625 -0.02691650390625 -0.110763549804687
0.06787109375 -0.0333023071289062 0.0311813354492188 -0.054718017578125
0.0419502258300781 -0.0418128967285156 0.0728378295898438 -0.0407638549804688
0.0158424377441406 -0.0518074035644531 0.0815658569335938 -0.0652236938476563
-0.00535202026367187 -0.0490074157714844 0.0644149780273438 -0.0757369995117188
-0.0406951904296875 -0.0522422790527344 0.0369338989257812 -0.0884857177734375
-0.0591163635253906 -0.0443077087402344 0.0145111083984375 -0.0734176635742188
-0.0540122985839844 -0.0469436645507813 0.0133132934570312 -0.0412216186523438
-0.06170654296875 -0.0615310668945313 0.0117912292480469 -0.00755596160888672
-0.03314208984375 -0.0808944702148438 -0.00921630859375 0.0247478485107422
0.0200042724609375 -0.0846633911132813 -0.0281105041503906 0.0448188781738281
0.0575714111328125 -0.0639457702636719 -0.0509605407714844 0.031463623046875
0.0865249633789063 -0.00635528564453125 -0.0695610046386719 0.0232124328613281
0.0957717895507812 0.0106048583984375 -0.0633773803710938 0.0240135192871094
0.105148315429688 0.033782958984375 -0.0268020629882812 0.0498313903808594
0.123191833496094 0.0317001342773438 0.0194625854492188 -0.0959320068359375
0.0844039916992187 -0.0114364624023437 0.07073974609375 -0.0423049926757813
0.0680046081542969 -0.0256690979003906 0.10125732421875 -0.033935546875
0.0450553894042969 -0.0466575622558594 0.106697082519531 -0.0630340576171875
0.018341064453125 -0.053955078125 0.0819015502929688 -0.0736083984375
-0.0192184448242187 -0.0635452270507813 0.0555953979492188 -0.0800628662109375
-0.0411415100097656 -0.0608367919921875 0.0355606079101562 -0.062469482421875
-0.0393028259277344 -0.0605735778808594 0.0343189239501953 -0.0270977020263672
-0.04742431640625 -0.0740280151367188 0.0369377136230469 0.00992202758789062
-0.022979736328125 -0.0892410278320313 0.0111427307128906 0.0447502136230469
0.0255813598632812 -0.0929946899414062 -0.0104560852050781 0.0632781982421875
0.0648422241210938 -0.0723037719726563 -0.0357017517089844 0.04632568359375
0.099273681640625 -0.0125579833984375 -0.0470771789550781 0.0365791320800781
0.108367919921875 0.010101318359375 -0.0266017913818359 0.03082275390625
0.113685607910156 0.038055419921875 0.0159111022949219 0.0688400268554688
0.112808227539063 0.0440597534179688 0.0592880249023438 -0.0723876953125
0.0892105102539062 0.0127105712890625 0.108734130859375 -0.0275650024414062
0.08416748046875 -0.0079345703125 0.126335144042969 -0.0246505737304688
0.0677833557128906 -0.0385780334472656 0.124732971191406 -0.055419921875
0.0400238037109375 -0.051239013671875 0.0867691040039063 -0.0640716552734375
0.00549697875976562 -0.0690078735351562 0.0637626647949219 -0.063995361328125
-0.0156936645507812 -0.0676956176757813 0.0500717163085937 -0.0417137145996094
-0.0200424194335938 -0.0648880004882813 0.0508804321289063 -0.0105934143066406
-0.0271759033203125 -0.0738143920898438 0.0560035705566406 0.0272560119628906
-0.01483154296875 -0.08355712890625 0.0313339233398437 0.0626029968261719
0.0286865234375 -0.0838165283203125 0.00696563720703124 0.0782699584960938
0.0606689453125 -0.0684471130371094 -0.0201568603515625 0.0590934753417969
0.0952606201171875 -0.0156326293945313 -0.0258750915527344 0.042144775390625
0.103759765625 0.0096435546875 0.00834846496582032 0.0333385467529297
0.102943420410156 0.0379180908203125 0.055816650390625 0.085205078125
0.0832443237304688 0.04998779296875 0.09002685546875 -0.0498809814453125
0.07757568359375 0.0328140258789063 0.13671875 -0.006561279296875
0.0880966186523438 0.008636474609375 0.138313293457031 -0.0109710693359375
0.0783004760742188 -0.0267715454101563 0.130058288574219 -0.0431365966796875
0.0521507263183594 -0.0404777526855469 0.08966064453125 -0.0492401123046875
0.02410888671875 -0.0603561401367188 0.0638885498046875 -0.0439453125
0.00508499145507813 -0.0627670288085937 0.0582618713378906 -0.0174674987792969
0.00339508056640625 -0.0577239990234375 0.0569076538085938 0.0105094909667969
-0.00107574462890625 -0.0639533996582031 0.0680618286132813 0.0427742004394531
0.0077667236328125 -0.0639801025390625 0.0429840087890625 0.0772018432617188
0.0344276428222656 -0.0618515014648437 0.017333984375 0.0859603881835938
0.0541763305664063 -0.0507087707519531 -0.00974655151367187 0.0622024536132812
0.0807037353515625 -0.00799560546875 -0.0128211975097656 0.0418014526367188
0.0835647583007812 0.0143051147460937 0.0328521728515625 0.0330619812011719
0.0782928466796875 0.0377960205078125 0.0926284790039063 0.0985183715820313
0.0452079772949219 0.0403480529785156 0.106651306152344 -0.0283584594726563
0.0530357360839844 0.03619384765625 0.14630126953125 0.0074005126953125
0.0692024230957031 0.0178947448730469 0.139091491699219 -0.003814697265625
0.0658073425292969 -0.00931167602539063 0.122703552246094 -0.0341720581054688
0.04815673828125 -0.0201683044433594 0.0789794921875 -0.0320205688476562
0.0371627807617188 -0.0371322631835938 0.0590896606445313 -0.0223884582519531
0.0262603759765625 -0.0458183288574219 0.0544967651367188 0.00640487670898437
0.0269279479980469 -0.039825439453125 0.057769775390625 0.0301132202148437
0.0264205932617188 -0.046966552734375 0.0640487670898438 0.058197021484375
0.0271759033203125 -0.0381736755371094 0.0437469482421875 0.0858230590820313
0.0415992736816406 -0.0298271179199219 0.0183029174804687 0.0888290405273438
0.046600341796875 -0.0208053588867187 -0.00756072998046874 0.0642318725585938
0.0579071044921875 0.00957489013671875 -0.00742340087890625 0.0416221618652344
0.0509185791015625 0.02764892578125 0.0501556396484375 0.0311965942382812
0.0392265319824219 0.0380210876464844 0.111053466796875 0.109580993652344
0.000699996948242189 0.0262851715087891 0.10638427734375 -0.0201873779296875
0.0150966644287109 0.0282440185546875 0.14288330078125 0.00994873046875
0.0329742431640625 0.0192356109619141 0.127815246582031 -0.00180816650390625
0.0378265380859375 0.0046844482421875 0.107681274414062 -0.0254592895507812
0.0288887023925781 0.00346183776855469 0.063140869140625 -0.0230216979980469
0.0404319763183594 -0.00578689575195313 0.0467796325683594 -0.004058837890625
0.0457572937011719 -0.0205459594726562 0.0429267883300781 0.0222549438476563
0.0456962585449219 -0.0200233459472656 0.047149658203125 0.0437240600585938
0.0520668029785156 -0.0248222351074219 0.0535430908203125 0.0682716369628906
0.0473060607910156 -0.0111083984375 0.0321578979492188 0.0905303955078125
0.0446739196777344 0.00311660766601563 0.00667572021484375 0.088653564453125
0.0389328002929688 0.0107460021972656 -0.0143966674804687 0.0638046264648437
0.0299396514892578 0.0329551696777344 -0.00943756103515625 0.0384902954101563
0.0106430053710937 0.0414772033691406 0.050506591796875 0.0367393493652344
-0.00360870361328125 0.0362052917480469 0.11468505859375 0.12139892578125
-0.0443267822265625 0.00915908813476563 0.0908279418945313 -0.0233917236328125
-0.0252609252929688 0.0143089294433594 0.122352600097656 0.00441741943359375
-0.014765739440918 0.0148725509643555 0.108055114746094 -0.00569915771484375
-0.00475311279296875 0.0226421356201172 0.090606689453125 -0.0221405029296875
0.00595664978027344 0.0337276458740234 0.0492706298828125 -0.0214042663574219
0.0378189086914063 0.0299339294433594 0.0305900573730469 -0.00220680236816406
0.0563735961914063 0.0104904174804688 0.0295124053955078 0.0272369384765625
0.0573959350585938 0.00685501098632813 0.0307235717773438 0.0482254028320313
0.06329345703125 0.00267791748046875 0.029266357421875 0.0756759643554688
0.0548858642578125 0.0149497985839844 0.00965881347656249 0.0909576416015625
0.0437850952148438 0.0288429260253906 -0.0123062133789062 0.0846633911132813
0.0278968811035156 0.0328388214111328 -0.0269050598144531 0.0633773803710938
0.00334930419921875 0.0453720092773438 -0.0243148803710938 0.0417556762695312
-0.0258636474609375 0.0464553833007812 0.0348930358886719 0.044525146484375
-0.0471992492675781 0.0291023254394531 0.100494384765625 0.128173828125
0.105125427246094 -0.017425537109375 -0.0778579711914062 -0.124046325683594
0.0417823791503906 -0.0594902038574219 -0.01483154296875 -0.0632553100585938
0.00693511962890624 -0.0582466125488281 0.0416183471679687 -0.0412826538085938
-0.0201988220214844 -0.0533638000488281 0.0529975891113281 -0.0649642944335938
-0.0352745056152344 -0.0404243469238281 0.0446701049804688 -0.0811233520507813
-0.0658836364746094 -0.0255012512207031 0.0116500854492187 -0.095611572265625
-0.0741500854492188 -0.013031005859375 -0.0109329223632812 -0.0825653076171875
-0.0673332214355469 -0.0182342529296875 -0.0126075744628906 -0.0548667907714844
-0.0737533569335937 -0.0284423828125 -0.0124778747558594 -0.0256175994873047
-0.049072265625 -0.0545806884765625 -0.0234298706054688 0.00526046752929688
-0.0074310302734375 -0.0679931640625 -0.0388717651367188 0.0274124145507812
0.0281181335449219 -0.0545692443847656 -0.0664024353027344 0.0221748352050781
0.0578689575195312 -0.0215873718261719 -0.0944671630859375 0.0118942260742187
0.074249267578125 -0.00975799560546875 -0.10430908203125 0.011810302734375
0.0934600830078125 0.0107650756835937 -0.0690841674804688 0.0297126770019531
0.126853942871094 0.002166748046875 -0.0308303833007813 -0.122940063476563
0.0671005249023438 -0.0433006286621094 0.0266532897949219 -0.0662040710449219
0.0353889465332031 -0.0492973327636719 0.0713119506835938 -0.0452041625976562
0.00609970092773438 -0.0555534362792969 0.0796890258789063 -0.070404052734375
-0.0138969421386719 -0.0479812622070313 0.0647659301757813 -0.0817642211914063
-0.0483741760253906 -0.0454521179199219 0.036407470703125 -0.0948104858398438
-0.0641403198242188 -0.036651611328125 0.0154037475585937 -0.08050537109375
-0.0607376098632813 -0.041290283203125 0.0133247375488281 -0.0500679016113281
-0.0686683654785156 -0.0544509887695312 0.0146675109863281 -0.0168085098266602
-0.041839599609375 -0.0795440673828125 -0.00188827514648438 0.0190448760986328
0.00959014892578126 -0.0910491943359375 -0.0207939147949219 0.0423660278320313
0.0525436401367188 -0.0728988647460938 -0.0475997924804687 0.0316352844238281
0.0905303955078125 -0.0205459594726563 -0.0673294067382813 0.0248489379882813
0.105735778808594 -0.001129150390625 -0.0648078918457031 0.0218849182128906
0.119178771972656 0.0253067016601563 -0.0257644653320312 0.0462226867675781
0.132606506347656 0.0245208740234375 0.017913818359375 -0.110893249511719
0.0867538452148437 -0.01751708984375 0.0707855224609375 -0.0569686889648438
0.0649223327636719 -0.0321769714355469 0.102371215820313 -0.0414810180664063
0.0384902954101563 -0.0508842468261719 0.107963562011719 -0.071319580078125
0.0134696960449219 -0.0521011352539063 0.0823440551757813 -0.08056640625
-0.0240249633789063 -0.0599899291992188 0.0546340942382813 -0.0890045166015625
-0.0447959899902344 -0.0567131042480469 0.0372543334960938 -0.0714035034179688
-0.0450248718261719 -0.0577850341796875 0.0354843139648438 -0.0380401611328125
-0.0548553466796875 -0.07110595703125 0.0398979187011719 -0.00222015380859375
-0.0321044921875 -0.0905914306640625 0.0198173522949219 0.0378684997558594
0.0190048217773438 -0.0996780395507813 -0.000659942626953127 0.0585403442382812
0.0615310668945313 -0.082733154296875 -0.028411865234375 0.0442924499511719
0.105499267578125 -0.0230484008789063 -0.0418472290039062 0.0357742309570313
0.118873596191406 0.00298309326171875 -0.023223876953125 0.0297832489013672
0.125282287597656 0.0321578979492187 0.0230026245117188 0.0628128051757813
0.1201171875 0.0441055297851562 0.0626373291015625 -0.0893020629882813
0.09222412109375 0.0119552612304687 0.110588073730469 -0.0398635864257813
0.0881576538085938 -0.0096435546875 0.128700256347656 -0.032196044921875
0.0683441162109375 -0.0411453247070313 0.127235412597656 -0.06585693359375
0.0394515991210938 -0.0513229370117188 0.0899505615234375 -0.0727310180664063
0.00234222412109376 -0.0681838989257813 0.0650405883789063 -0.0750198364257813
-0.0199127197265625 -0.0677375793457031 0.0530471801757813 -0.0541152954101563
-0.0209770202636719 -0.0649642944335938 0.0523681640625 -0.0200271606445313
-0.030853271484375 -0.0764312744140625 0.0610923767089844 0.0145721435546875
-0.01605224609375 -0.0854873657226563 0.0406532287597656 0.0551834106445312
0.026763916015625 -0.09149169921875 0.014251708984375 0.0711898803710938
0.0615081787109375 -0.0771331787109375 -0.0127487182617187 0.0547218322753906
0.10284423828125 -0.0223007202148438 -0.0203475952148437 0.0402488708496094
0.113861083984375 0.00609588623046875 0.0150012969970703 0.0290298461914063
0.114601135253906 0.03778076171875 0.0683212280273438 0.0789031982421875
0.08941650390625 0.0538253784179688 0.0967330932617187 -0.0634765625
0.0839080810546875 0.0340576171875 0.14166259765625 -0.0204315185546875
0.0949935913085938 0.0105056762695313 0.145111083984375 -0.021026611328125
0.0835037231445313 -0.027069091796875 0.133567810058594 -0.0547866821289063
0.0561637878417969 -0.0422630310058594 0.0899200439453125 -0.0575942993164062
0.0267295837402344 -0.0637931823730469 0.0661430358886719 -0.05377197265625
0.00674819946289063 -0.0671958923339844 0.0574913024902344 -0.0288429260253906
0.00461578369140625 -0.0629081726074219 0.0604743957519531 0.00116729736328125
-0.00136566162109375 -0.0713653564453125 0.0727081298828125 0.0326919555664062
0.00690078735351562 -0.0692977905273438 0.0521926879882813 0.0678825378417969
0.0373268127441406 -0.0674667358398438 0.0245208740234375 0.0785980224609375
0.0588188171386719 -0.0550155639648438 -0.00255584716796875 0.0569000244140625
0.085540771484375 -0.008209228515625 -0.0045928955078125 0.0395278930664063
0.0914077758789062 0.0163421630859375 0.0435028076171875 0.026947021484375
0.086273193359375 0.043212890625 0.105422973632813 0.09234619140625
0.0478897094726563 0.052825927734375 0.116966247558594 -0.0400924682617188
0.0560340881347656 0.0439949035644531 0.1563720703125 -0.00299072265625
0.0757293701171875 0.024810791015625 0.145858764648438 -0.0138092041015625
0.0765228271484375 -0.00821685791015625 0.127830505371094 -0.0421218872070313
0.0577125549316406 -0.0230026245117188 0.0783004760742188 -0.040618896484375
0.0416259765625 -0.0455818176269531 0.0591773986816406 -0.0295181274414063
0.0317344665527344 -0.0540809631347656 0.0574684143066406 -0.00426483154296875
0.0311927795410156 -0.0498161315917969 0.0607223510742187 0.0212440490722656
0.0290679931640625 -0.0565528869628906 0.0712738037109375 0.0498123168945313
0.0329437255859375 -0.0454521179199219 0.0506591796875 0.0768814086914063
0.0492362976074219 -0.0347061157226563 0.02337646484375 0.0823593139648437
0.0555610656738281 -0.0222702026367188 0.00112152099609376 0.0590171813964844
0.065093994140625 0.0150794982910156 0.0018768310546875 0.0362663269042969
0.0568008422851562 0.034423828125 0.0586051940917969 0.0262832641601563
0.0441398620605469 0.0473709106445313 0.127822875976563 0.105941772460938
-0.0018768310546875 0.0378684997558594 0.116531372070313 -0.0242538452148438
0.0174217224121094 0.0395851135253906 0.1517333984375 0.002044677734375
0.0374794006347656 0.0294342041015625 0.133285522460937 -0.0113372802734375
0.0475387573242188 0.0108833312988281 0.109642028808594 -0.0330734252929688
0.0405998229980469 0.00323867797851562 0.0624961853027344 -0.0282249450683594
0.0493392944335938 -0.0136260986328125 0.0452499389648438 -0.00972747802734375
0.0514411926269531 -0.029510498046875 0.0471878051757812 0.019012451171875
0.0523567199707031 -0.0303878784179688 0.0494346618652344 0.0382614135742188
0.0555381774902344 -0.0357322692871094 0.0558090209960938 0.0642242431640625
0.0551109313964844 -0.020660400390625 0.0361480712890625 0.0836563110351563
0.0566825866699219 -0.00157928466796875 0.0101165771484375 0.0825347900390625
0.0515556335449219 0.0100250244140625 -0.00665283203125 0.0610885620117188
0.0389060974121094 0.0412826538085938 -0.00328445434570313 0.0385475158691406
0.0174026489257812 0.0519485473632813 0.0587387084960938 0.0351638793945313
-0.00413894653320312 0.0494461059570313 0.130851745605469 0.119186401367187
-0.0509529113769531 0.0207443237304688 0.098297119140625 -0.0232772827148438
-0.0272254943847656 0.0262908935546875 0.130783081054688 0.00246429443359375
-0.0120468139648438 0.0269412994384766 0.112648010253906 -0.01361083984375
0.00401687622070312 0.0306472778320312 0.09051513671875 -0.02935791015625
0.0174694061279297 0.0348396301269531 0.04510498046875 -0.0231781005859375
0.0484237670898438 0.0240364074707031 0.0297889709472656 8.2015991210939E-05
0.0642852783203125 0.000904083251953125 0.0296058654785156 0.0291328430175781
0.0650444030761719 -0.00520706176757813 0.0320587158203125 0.0495262145996094
0.0724563598632813 -0.0099945068359375 0.0333099365234375 0.0753326416015625
0.065704345703125 0.00543212890625 0.0121536254882812 0.087860107421875
0.0548439025878906 0.0258369445800781 -0.00965881347656249 0.0828781127929688
0.0410270690917969 0.0344314575195312 -0.0222587585449219 0.0634841918945313
0.0123062133789062 0.05615234375 -0.0186691284179688 0.0433235168457031
-0.0223922729492188 0.0614891052246094 0.0416069030761719 0.0474014282226563
-0.0507659912109375 0.0445022583007813 0.112815856933594 0.130538940429688
0.110671997070313 -0.0344085693359375 -0.0891342163085938 -0.133499145507813
0.0358734130859375 -0.0731658935546875 -0.0233345031738281 -0.0689964294433594
-0.00248336791992188 -0.0666999816894531 0.0382499694824219 -0.0440254211425781
-0.0334510803222656 -0.0547027587890625 0.0524444580078125 -0.0676040649414063
-0.0465354919433594 -0.0356025695800781 0.0450973510742187 -0.0837554931640625
-0.0735931396484375 -0.0139007568359375 0.0125732421875 -0.0984573364257813
-0.07855224609375 -0.00143432617187501 -0.0111770629882813 -0.0884017944335937
-0.0731887817382813 -0.00816345214843752 -0.0128097534179688 -0.0602607727050781
-0.0816268920898437 -0.0178680419921875 -0.0121135711669922 -0.0312175750732422
-0.0588417053222656 -0.0476493835449219 -0.0205535888671875 0.00186538696289063
-0.0192527770996094 -0.0696067810058594 -0.0352363586425781 0.025390625
0.0179786682128906 -0.0624313354492188 -0.0658149719238281 0.0229873657226562
0.0575828552246094 -0.0356407165527344 -0.0966644287109375 0.0163345336914063
0.0792083740234375 -0.02557373046875 -0.111518859863281 0.0141525268554688
0.1046142578125 -0.0037689208984375 -0.0745925903320313 0.0290908813476562
0.134773254394531 -0.00997161865234375 -0.0393218994140625 -0.137237548828125
0.0645027160644531 -0.0549163818359375 0.0210037231445312 -0.0756759643554688
0.0286331176757813 -0.0565032958984375 0.0702285766601563 -0.0504837036132813
-0.00328445434570312 -0.0565643310546875 0.0811004638671875 -0.0757064819335938
-0.0223503112792969 -0.0451393127441406 0.0672760009765625 -0.0881881713867188
-0.0553550720214844 -0.0364723205566406 0.0373687744140625 -0.102119445800781
-0.0691719055175781 -0.0289077758789062 0.0160446166992188 -0.090728759765625
-0.0672264099121094 -0.0340957641601563 0.0132293701171875 -0.0585861206054688
-0.07647705078125 -0.047454833984375 0.015289306640625 -0.0263900756835938
-0.051971435546875 -0.0754928588867188 0.00155448913574219 0.012639045715332
-0.000541687011718756 -0.0955657958984375 -0.0160789489746094 0.0368576049804687
0.0453414916992187 -0.082916259765625 -0.0450820922851563 0.0307083129882812
0.0941543579101563 -0.033447265625 -0.0656204223632813 0.0264129638671875
0.113845825195313 -0.0140304565429688 -0.0673789978027344 0.02105712890625
0.131805419921875 0.013275146484375 -0.0260353088378906 0.0412483215332031
0.142242431640625 0.0179595947265625 0.0135421752929687 -0.129112243652344
0.0869903564453125 -0.0242538452148438 0.0685195922851563 -0.0706253051757813
0.0631027221679688 -0.0363235473632813 0.103569030761719 -0.0492935180664063
0.0338668823242188 -0.0527076721191406 0.109405517578125 -0.0799636840820313
0.00881958007812499 -0.0507087707519531 0.0842514038085938 -0.0891876220703125
-0.0282058715820312 -0.0558929443359375 0.0560760498046875 -0.0997772216796875
-0.0486183166503906 -0.0530242919921875 0.0385208129882813 -0.0837326049804688
-0.0485267639160156 -0.0550918579101563 0.0364456176757813 -0.0488243103027344
-0.0609779357910156 -0.0686874389648437 0.0422706604003906 -0.0136833190917969
-0.0392684936523438 -0.089813232421875 0.0255107879638672 0.0288238525390625
0.0121307373046875 -0.105804443359375 0.00446701049804688 0.0516738891601562
0.0587844848632813 -0.0926742553710937 -0.0250015258789062 0.0403900146484375
0.111160278320313 -0.0342636108398438 -0.0374412536621094 0.0338821411132813
0.129829406738281 -0.00710296630859375 -0.0217380523681641 0.0245323181152344
0.139945983886719 0.0263137817382813 0.0277252197265625 0.0551490783691406
0.130058288574219 0.0434341430664063 0.0635833740234375 -0.107460021972656
0.0974655151367188 0.0106277465820313 0.112983703613281 -0.0540924072265625
0.0914993286132813 -0.011383056640625 0.133125305175781 -0.041900634765625
0.06890869140625 -0.0444908142089844 0.129791259765625 -0.07666015625
0.039215087890625 -0.0522079467773437 0.0929794311523438 -0.0814361572265625
0.00223922729492187 -0.0686454772949219 0.0668563842773438 -0.0869979858398438
-0.0222587585449219 -0.0696449279785156 0.053619384765625 -0.06591796875
-0.0238456726074219 -0.0668106079101563 0.0533256530761719 -0.0312767028808594
-0.0360183715820313 -0.0791702270507813 0.0643196105957031 0.00293731689453125
-0.020294189453125 -0.0894851684570312 0.0464897155761719 0.0441741943359375
0.0243988037109375 -0.0982589721679688 0.0219039916992188 0.0638923645019531
0.0621109008789063 -0.0862045288085938 -0.00733947753906249 0.0477027893066406
0.110466003417969 -0.0291061401367188 -0.0134735107421875 0.0358810424804688
0.124183654785156 0.00057220458984375 0.0187721252441406 0.0218009948730469
0.127838134765625 0.037322998046875 0.0776290893554688 0.0688400268554688
0.0993423461914063 0.0601730346679688 0.103111267089844 -0.0807037353515625
0.0892486572265625 0.03851318359375 0.1474609375 -0.03472900390625
0.102775573730469 0.0134506225585937 0.150741577148438 -0.03167724609375
0.0905532836914063 -0.0294342041015625 0.137519836425781 -0.0660400390625
0.0604209899902344 -0.0448112487792969 0.091552734375 -0.0665664672851563
0.028411865234375 -0.0697250366210938 0.0677375793457031 -0.0630722045898438
0.00742340087890625 -0.0742950439453125 0.060089111328125 -0.0398445129394531
0.004486083984375 -0.0689430236816406 0.0625114440917969 -0.00885772705078125
-0.00310516357421875 -0.0780410766601562 0.075042724609375 0.0215301513671875
0.00678253173828125 -0.0762405395507813 0.0570640563964844 0.0574989318847656
0.040130615234375 -0.0750961303710938 0.0310211181640625 0.071014404296875
0.0643997192382813 -0.0618438720703125 0.00385665893554688 0.0515594482421875
0.0962677001953125 -0.009674072265625 0.00307273864746095 0.0335330963134766
0.100440979003906 0.0179214477539062 0.0499343872070313 0.0188407897949219
0.0960235595703125 0.0482101440429687 0.118515014648437 0.0840072631835938
0.05279541015625 0.06195068359375 0.125938415527344 -0.0530242919921875
0.0631065368652344 0.0534172058105469 0.1654052734375 -0.01544189453125
0.0867767333984375 0.0313262939453125 0.153518676757813 -0.02349853515625
0.0871047973632813 -0.00974273681640625 0.130393981933594 -0.0534210205078125
0.0650253295898438 -0.0264778137207031 0.0791397094726563 -0.0473175048828125
0.047821044921875 -0.0532760620117188 0.05926513671875 -0.0361061096191406
0.0338897705078125 -0.0644950866699219 0.0587272644042969 -0.0104751586914063
0.0329132080078125 -0.0600814819335938 0.0616874694824219 0.0143318176269531
0.0309181213378906 -0.0673904418945313 0.0734100341796875 0.0412368774414062
0.0371055603027344 -0.0557403564453125 0.0544815063476563 0.0688209533691406
0.0567855834960938 -0.0415229797363281 0.0279998779296875 0.0755996704101563
0.0665016174316406 -0.0265731811523438 0.0055694580078125 0.0533599853515625
0.0751800537109375 0.02020263671875 0.00869560241699219 0.0317001342773438
0.0653800964355469 0.0428848266601563 0.0672035217285156 0.0207786560058594
0.0508003234863281 0.0581092834472656 0.142410278320313 0.0999908447265625
-0.000698089599609373 0.0527725219726563 0.1280517578125 -0.0343551635742188
0.0207862854003906 0.0523757934570313 0.163589477539063 -0.0052490234375
0.0470428466796875 0.0391426086425781 0.140792846679688 -0.01947021484375
0.0592193603515625 0.0133247375488281 0.11199951171875 -0.040679931640625
0.0519256591796875 0.00189971923828125 0.0614471435546875 -0.0312309265136719
0.0579948425292969 -0.0234222412109375 0.0458831787109375 -0.0122756958007813
0.0562934875488281 -0.0417442321777344 0.0484733581542969 0.0149002075195312
0.0564994812011719 -0.0417366027832031 0.05169677734375 0.035552978515625
0.0604400634765625 -0.0487594604492188 0.0583724975585938 0.0602302551269531
0.0611801147460938 -0.0312690734863281 0.03759765625 0.0783843994140625
0.0676116943359375 -0.0075531005859375 0.013885498046875 0.0781097412109375
0.0642242431640625 0.00886154174804687 -0.00262069702148437 0.0560455322265625
0.0500564575195312 0.0489273071289062 0.00351142883300782 0.0347137451171875
0.0241355895996094 0.06597900390625 0.0675277709960938 0.0316963195800781
-0.00073623657226563 0.0650482177734375 0.145950317382813 0.11761474609375
-0.0541954040527344 0.0350761413574219 0.109092712402344 -0.0263595581054687
-0.0270233154296875 0.0406608581542969 0.14141845703125 -0.0032501220703125
-0.00545883178710938 0.0398368835449219 0.117599487304688 -0.0203628540039062
0.016204833984375 0.036407470703125 0.0903854370117188 -0.034515380859375
0.0284309387207031 0.0354156494140625 0.0432929992675781 -0.0241775512695312
0.0600624084472656 0.0162353515625 0.0288143157958984 0.000604629516601563
0.0719070434570313 -0.0113067626953125 0.030731201171875 0.0312690734863281
0.0703582763671875 -0.0174942016601563 0.03302001953125 0.0509185791015625
0.0783538818359375 -0.0242843627929688 0.0347900390625 0.0756149291992187
0.0734634399414062 -0.00714874267578125 0.0128936767578125 0.0870742797851563
0.0676460266113281 0.019439697265625 -0.00890350341796875 0.081695556640625
0.0545082092285156 0.0348014831542969 -0.0184135437011719 0.0619621276855469
0.0238723754882813 0.0671005249023438 -0.013397216796875 0.0431060791015625
-0.0161666870117187 0.0785751342773438 0.0503387451171875 0.0496749877929688
-0.0513343811035156 0.0610198974609375 0.127182006835938 0.134681701660156
0.113540649414063 -0.0535049438476563 -0.1060791015625 -0.143173217773438
0.0263824462890625 -0.0872039794921875 -0.03460693359375 -0.0730514526367188
-0.0159759521484375 -0.0733642578125 0.036041259765625 -0.04644775390625
-0.0481719970703125 -0.0533027648925781 0.0518951416015625 -0.0709457397460938
-0.0566291809082031 -0.0283279418945313 0.0462188720703125 -0.08837890625
-0.0801620483398437 -0.000335693359375003 0.0122146606445312 -0.1048583984375
-0.0823516845703125 0.0121688842773438 -0.0135116577148438 -0.09539794921875
-0.0780258178710938 0.00366973876953125 -0.0148468017578125 -0.0669898986816406
-0.08758544921875 -0.00453186035156248 -0.014678955078125 -0.0381622314453125
-0.0683059692382813 -0.0392303466796875 -0.0189723968505859 -0.00247383117675782
-0.0327606201171875 -0.0685577392578125 -0.0334033966064453 0.0227127075195312
0.00689315795898437 -0.0687026977539063 -0.0669517517089844 0.0252189636230469
0.0543899536132813 -0.0505638122558594 -0.0987701416015625 0.0206222534179688
0.0812454223632813 -0.0438308715820313 -0.119964599609375 0.0180511474609375
0.113105773925781 -0.021270751953125 -0.0813751220703125 0.0305633544921875
0.1422119140625 -0.0253753662109375 -0.053070068359375 -0.15277099609375
0.0598716735839844 -0.0664634704589844 0.0121917724609375 -0.0857391357421875
0.0200119018554687 -0.0627822875976563 0.0686721801757813 -0.0567436218261719
-0.0150337219238281 -0.0560493469238281 0.081329345703125 -0.0837326049804688
-0.0299568176269531 -0.0394744873046875 0.0682373046875 -0.097076416015625
-0.06072998046875 -0.0257835388183594 0.0371551513671875 -0.112777709960938
-0.0724411010742188 -0.019195556640625 0.0146026611328125 -0.102554321289063
-0.07110595703125 -0.0260696411132813 0.0113563537597656 -0.0695075988769531
-0.0835647583007813 -0.03851318359375 0.0143394470214844 -0.0367393493652344
-0.061798095703125 -0.0710678100585938 0.00437831878662109 0.00526332855224609
-0.0125503540039062 -0.0982208251953125 -0.0125064849853516 0.0317153930664062
0.0373687744140625 -0.0923538208007813 -0.0439529418945313 0.029205322265625
0.095672607421875 -0.04864501953125 -0.0650444030761719 0.0269927978515625
0.120651245117188 -0.0303573608398438 -0.0716171264648437 0.0210113525390625
0.144805908203125 -0.00067138671875 -0.0282783508300781 0.0367774963378906
0.152755737304688 0.008575439453125 0.00453186035156251 -0.148681640625
0.0875015258789063 -0.0314483642578125 0.0626220703125 -0.083953857421875
0.0610504150390625 -0.0409927368164063 0.104583740234375 -0.0589828491210938
0.0283126831054688 -0.0544013977050781 0.1107177734375 -0.0912857055664063
0.00468826293945313 -0.0487747192382813 0.0860366821289062 -0.100547790527344
-0.0312423706054687 -0.0509223937988281 0.0558013916015625 -0.112091064453125
-0.0520896911621094 -0.0499114990234375 0.0366668701171875 -0.098724365234375
-0.0532264709472656 -0.0517349243164062 0.034820556640625 -0.0610885620117188
-0.068206787109375 -0.0650482177734375 0.0421562194824219 -0.0263099670410156
-0.0478973388671875 -0.0893478393554687 0.028839111328125 0.0185756683349609
0.00403594970703125 -0.111907958984375 0.00846099853515625 0.0443572998046875
0.0534820556640625 -0.103416442871094 -0.0218009948730469 0.0359687805175781
0.115959167480469 -0.0472869873046875 -0.0333595275878906 0.0310878753662109
0.139877319335937 -0.0208816528320312 -0.02130126953125 0.0189781188964844
0.155670166015625 0.0169830322265625 0.0304756164550781 0.0474014282226563
0.14276123046875 0.0414886474609375 0.0606231689453125 -0.129440307617187
0.103347778320313 0.0076751708984375 0.112724304199219 -0.0702438354492188
0.0978775024414063 -0.0136871337890625 0.135917663574219 -0.053955078125
0.0705413818359375 -0.0480270385742188 0.133049011230469 -0.0902023315429688
0.0402565002441406 -0.0543327331542969 0.0948028564453125 -0.0936126708984375
0.000579833984374999 -0.0699577331542969 0.0661697387695313 -0.0999069213867187
-0.0251388549804687 -0.0726242065429687 0.0522384643554688 -0.0808639526367188
-0.0268020629882813 -0.0698699951171875 0.052276611328125 -0.0439796447753906
-0.040802001953125 -0.0817337036132813 0.0645027160644531 -0.0107879638671875
-0.0256729125976563 -0.0932998657226562 0.0499038696289063 0.0328140258789062
0.0209579467773438 -0.106620788574219 0.0267677307128906 0.0550117492675781
0.062042236328125 -0.0969009399414063 -0.0043487548828125 0.0412254333496094
0.118682861328125 -0.0379486083984375 -0.00786781311035156 0.0299930572509766
0.135520935058594 -0.00762176513671875 0.0222396850585938 0.0137920379638672
0.143173217773438 0.0345001220703125 0.0866622924804688 0.0582275390625
0.111663818359375 0.0649948120117188 0.105583190917969 -0.101173400878906
0.0992202758789062 0.0421524047851563 0.151641845703125 -0.0500946044921875
0.114158630371094 0.0140914916992188 0.156387329101563 -0.044586181640625
0.0982437133789063 -0.0349197387695313 0.140449523925781 -0.0805892944335937
0.066253662109375 -0.0503196716308594 0.092926025390625 -0.0771713256835937
0.0300674438476563 -0.0767669677734375 0.0672683715820313 -0.075439453125
0.00582122802734376 -0.0826797485351563 0.0603370666503906 -0.0526962280273438
0.00304412841796876 -0.077239990234375 0.0621681213378906 -0.0202598571777344
-0.00678253173828124 -0.0869369506835938 0.0771636962890625 0.00971221923828124
0.005096435546875 -0.0842971801757813 0.061126708984375 0.0469245910644531
0.0415191650390625 -0.0845947265625 0.0349502563476563 0.062469482421875
0.0696792602539063 -0.0713577270507813 0.00730514526367188 0.0437278747558594
0.107688903808594 -0.0138168334960938 0.00858116149902344 0.0260753631591797
0.113250732421875 0.0173721313476563 0.0561370849609375 0.0085906982421875
0.110450744628906 0.052215576171875 0.13232421875 0.072601318359375
0.0633010864257813 0.0740814208984375 0.133567810058594 -0.07110595703125
0.0729217529296875 0.0625762939453125 0.17431640625 -0.03094482421875
0.100982666015625 0.0355377197265625 0.159942626953125 -0.03619384765625
0.100059509277344 -0.0146865844726563 0.133148193359375 -0.0662918090820313
0.0747756958007813 -0.0326004028320313 0.079559326171875 -0.0555496215820313
0.0522270202636719 -0.0644340515136719 0.0600624084472656 -0.044281005859375
0.0344924926757813 -0.0777435302734375 0.0591392517089844 -0.0191230773925781
0.0330276489257813 -0.072265625 0.0626487731933594 0.00720596313476562
0.0301895141601563 -0.0817642211914062 0.0762100219726563 0.0327606201171875
0.0388031005859375 -0.0673904418945313 0.0565071105957031 0.0601234436035156
0.0646591186523438 -0.0525894165039063 0.0313987731933594 0.0683326721191406
0.0772781372070312 -0.034088134765625 0.00865936279296875 0.0463829040527344
0.0886611938476563 0.0214767456054688 0.0139846801757813 0.0246429443359375
0.0785903930664063 0.050140380859375 0.0756378173828125 0.0115280151367188
0.0618515014648438 0.069610595703125 0.158950805664063 0.091064453125
0.0045013427734375 0.0681991577148438 0.138687133789063 -0.0472488403320312
0.0295066833496094 0.065582275390625 0.175689697265625 -0.017303466796875
0.0612525939941406 0.0473556518554688 0.147567749023438 -0.0305938720703125
0.073638916015625 0.0117950439453125 0.113189697265625 -0.051239013671875
0.064239501953125 -0.0035247802734375 0.0610847473144531 -0.0350990295410156
0.0649452209472656 -0.035797119140625 0.0467185974121094 -0.0159339904785156
0.0589866638183594 -0.0572509765625 0.0503883361816406 0.0119857788085937
0.058441162109375 -0.056671142578125 0.053375244140625 0.0328025817871094
0.06201171875 -0.0661849975585938 0.0604057312011719 0.0560646057128906
0.0659637451171875 -0.0456199645996094 0.0394515991210938 0.0742874145507813
0.0797042846679688 -0.0189208984375 0.0145645141601562 0.0748443603515625
0.0784225463867188 0.00302886962890625 0.00147628784179688 0.0516166687011719
0.0654335021972656 0.0554466247558594 0.0088958740234375 0.0303802490234375
0.0366439819335938 0.0792312622070313 0.0773544311523438 0.0260162353515625
0.00631713867187501 0.0813446044921875 0.163925170898438 0.113784790039063
-0.0548591613769531 0.0530548095703125 0.119941711425781 -0.0343246459960938
-0.0234336853027344 0.0568695068359375 0.15386962890625 -0.011444091796875
0.00413131713867187 0.0519371032714844 0.123123168945313 -0.029693603515625
0.0296211242675781 0.0395011901855469 0.0902633666992188 -0.04052734375
0.0405426025390625 0.0324134826660156 0.0410232543945313 -0.0247726440429688
0.0692634582519531 0.00495147705078125 0.0291385650634766 0.00263786315917969
0.0765838623046875 -0.0269775390625 0.0331439971923828 0.03411865234375
0.0746307373046875 -0.0326080322265625 0.0354080200195313 0.0530548095703125
0.081787109375 -0.042022705078125 0.03643798828125 0.0779800415039063
0.08013916015625 -0.022064208984375 0.0124282836914063 0.0871658325195312
0.0806350708007813 0.00933837890625 -0.00868988037109375 0.082061767578125
0.0705413818359375 0.030426025390625 -0.0155715942382813 0.0604057312011719
0.038055419921875 0.0760116577148438 -0.00903701782226562 0.0423316955566406
-0.0059051513671875 0.0953292846679687 0.0604057312011719 0.0495948791503906
-0.0486526489257812 0.0806121826171875 0.1453857421875 0.1373291015625
0.111839294433594 -0.076934814453125 -0.129409790039063 -0.14849853515625
0.0110626220703125 -0.0994033813476562 -0.0486221313476562 -0.0745162963867188
-0.0328292846679688 -0.07763671875 0.0328521728515625 -0.0489501953125
-0.0640068054199219 -0.0460891723632812 0.0511016845703125 -0.0751495361328125
-0.0662345886230469 -0.0174064636230469 0.0454177856445312 -0.09564208984375
-0.0820465087890625 0.01708984375 0.0089263916015625 -0.111663818359375
-0.0821533203125 0.0281982421875 -0.0194015502929688 -0.104324340820313
-0.0796127319335937 0.0183563232421875 -0.019683837890625 -0.0743255615234375
-0.0907974243164063 0.0120697021484375 -0.0190849304199219 -0.04498291015625
-0.0768203735351563 -0.02691650390625 -0.019287109375 -0.007415771484375
-0.0471153259277344 -0.0638465881347656 -0.0330486297607422 0.0203399658203125
-0.00839233398437501 -0.07244873046875 -0.0669898986816406 0.0281867980957031
0.0462493896484375 -0.0658073425292969 -0.101539611816406 0.0271377563476562
0.078399658203125 -0.0639114379882813 -0.128456115722656 0.0272064208984375
0.117568969726562 -0.04351806640625 -0.09027099609375 0.0348434448242188
0.145797729492188 -0.0453338623046875 -0.0748748779296875 -0.167236328125
0.0504913330078125 -0.0782699584960938 -0.00105285644531249 -0.0944671630859375
0.00862884521484375 -0.0670013427734375 0.0667228698730469 -0.0641593933105469
-0.02734375 -0.052001953125 0.0801315307617188 -0.0930328369140625
-0.0370635986328125 -0.031402587890625 0.0676193237304688 -0.1077880859375
-0.0634269714355469 -0.0135383605957031 0.0333633422851562 -0.12432861328125
-0.07427978515625 -0.00819396972656251 0.0074005126953125 -0.116302490234375
-0.0742721557617188 -0.0154876708984375 0.0054779052734375 -0.0806961059570312
-0.0894546508789063 -0.0272369384765625 0.00971221923828125 -0.0482406616210938
-0.071624755859375 -0.0634918212890625 0.004852294921875 -0.00387763977050782
-0.0264892578125 -0.0988693237304687 -0.0109138488769531 0.0254135131835937
0.0251235961914062 -0.101539611816406 -0.0433349609375 0.0276412963867187
0.0930328369140625 -0.0662384033203125 -0.0649299621582031 0.0285072326660156
0.123283386230469 -0.051910400390625 -0.0764541625976563 0.022552490234375
0.15631103515625 -0.02142333984375 -0.0327663421630859 0.0336475372314453
0.163040161132813 -0.0052642822265625 -0.013458251953125 -0.168792724609375
0.0860977172851563 -0.040435791015625 0.0535736083984375 -0.0984268188476563
0.0575027465820313 -0.0454635620117187 0.103996276855469 -0.0709686279296875
0.0216751098632813 -0.0544357299804688 0.110015869140625 -0.105155944824219
0.00103759765625 -0.0450286865234375 0.0846786499023438 -0.114654541015625
-0.0344200134277344 -0.045257568359375 0.05108642578125 -0.12664794921875
-0.0554161071777344 -0.0453109741210937 0.0297622680664062 -0.114410400390625
-0.0578231811523437 -0.0478515625 0.0289230346679688 -0.074676513671875
-0.0753936767578125 -0.0600662231445313 0.0384025573730469 -0.041168212890625
-0.0579605102539063 -0.0870132446289063 0.0298538208007813 0.00767326354980468
-0.00805664062499999 -0.117324829101562 0.0108909606933594 0.0357131958007812
0.0456390380859375 -0.115608215332031 -0.0215244293212891 0.0306911468505859
0.118255615234375 -0.0645599365234375 -0.0308990478515625 0.027130126953125
0.146804809570313 -0.03936767578125 -0.0231742858886719 0.0143165588378906
0.170639038085938 0.00091552734375 0.032135009765625 0.0375251770019531
0.157135009765625 0.034576416015625 0.0495452880859375 -0.154541015625
0.110122680664063 0.0034332275390625 0.107315063476562 -0.0885162353515625
0.102821350097656 -0.0187225341796875 0.137321472167969 -0.068359375
0.0710830688476563 -0.0533905029296875 0.132186889648438 -0.10675048828125
0.0406379699707031 -0.0575180053710938 0.0928802490234375 -0.108795166015625
-0.00164794921875001 -0.0723495483398438 0.0616607666015625 -0.115409851074219
-0.0294113159179688 -0.0750961303710938 0.0452346801757813 -0.0970916748046875
-0.0322265625 -0.0718460083007813 0.0476493835449219 -0.0576171875
-0.0491180419921875 -0.0839080810546875 0.0626220703125 -0.0256538391113281
-0.0339431762695313 -0.0969619750976562 0.0511932373046875 0.0202751159667969
0.013153076171875 -0.11572265625 0.0284690856933594 0.0447540283203125
0.0584716796875 -0.109596252441406 -0.00291061401367187 0.0334300994873047
0.125434875488281 -0.0522384643554688 -0.00511932373046874 0.0224151611328125
0.14691162109375 -0.019927978515625 0.0246315002441406 0.00317573547363281
0.16070556640625 0.0252838134765625 0.094146728515625 0.0445938110351563
0.128128051757813 0.0665512084960938 0.101371765136719 -0.127304077148438
0.1123046875 0.0425567626953125 0.152862548828125 -0.070526123046875
0.1280517578125 0.01055908203125 0.160079956054688 -0.060302734375
0.106040954589844 -0.0439910888671875 0.140823364257812 -0.09814453125
0.07061767578125 -0.058563232421875 0.090789794921875 -0.0907135009765625
0.02880859375 -0.085601806640625 0.0635833740234375 -0.08935546875
0.000427246093750009 -0.0926132202148438 0.054901123046875 -0.0666313171386719
-0.00135040283203124 -0.0855636596679688 0.0593833923339844 -0.0315933227539063
-0.0135879516601563 -0.0965194702148437 0.07598876953125 -0.00379943847656251
-5.34057617187428E-05 -0.0933151245117188 0.0618972778320313 0.0356941223144531
0.0401840209960938 -0.0968017578125 0.0372200012207031 0.0532035827636719
0.0720672607421875 -0.0845489501953125 0.00847244262695313 0.0345344543457031
0.119544982910156 -0.0226058959960937 0.0119705200195313 0.0162286758422852
0.128311157226563 0.0124435424804688 0.0607337951660156 -0.00458526611328125
0.127639770507813 0.0519485473632813 0.145401000976563 0.0570220947265625
0.0783538818359375 0.0829620361328125 0.1368408203125 -0.0951156616210938
0.088653564453125 0.0682144165039063 0.181564331054688 -0.051177978515625
0.120307922363281 0.0357513427734375 0.165237426757813 -0.052734375
0.112808227539063 -0.0233306884765625 0.133636474609375 -0.081573486328125
0.0825271606445312 -0.0433731079101563 0.0783767700195313 -0.0648117065429688
0.053375244140625 -0.0786666870117187 0.0581741333007812 -0.0539894104003906
0.0308456420898438 -0.0929183959960938 0.0584030151367188 -0.0294456481933594
0.0294342041015625 -0.0865554809570313 0.0611915588378906 -0.00110244750976563
0.0242233276367187 -0.0970611572265625 0.0759811401367188 0.0231170654296875
0.036865234375 -0.0807723999023438 0.0578155517578125 0.0519790649414062
0.0688972473144531 -0.0669898986816406 0.0321388244628906 0.0608139038085938
0.0858612060546875 -0.0465774536132813 0.00983428955078125 0.0380325317382813
0.10455322265625 0.0186080932617188 0.0181922912597656 0.0153408050537109
0.0953750610351563 0.05322265625 0.0823135375976563 -0.0022125244140625
0.0780410766601563 0.078643798828125 0.177658081054688 0.07672119140625
0.016204833984375 0.0834197998046875 0.146484375 -0.0662841796875
0.0431289672851562 0.0766220092773437 0.186019897460938 -0.0350341796875
0.0798492431640625 0.0521240234375 0.152450561523438 -0.0461883544921875
0.0895767211914063 0.005096435546875 0.1134033203125 -0.063629150390625
0.0748443603515625 -0.01318359375 0.0595588684082031 -0.0403709411621094
0.0686416625976563 -0.0517120361328125 0.0462303161621094 -0.0205574035644531
0.057373046875 -0.0755538940429688 0.0519676208496094 0.00670242309570312
0.05572509765625 -0.0736465454101563 0.0545120239257812 0.0296783447265625
0.0579452514648438 -0.08489990234375 0.0631904602050781 0.0519180297851562
0.0669746398925781 -0.0625419616699219 0.03948974609375 0.0704574584960938
0.08831787109375 -0.03448486328125 0.0155105590820313 0.0711517333984375
0.092742919921875 -0.00830078125 0.00225830078125 0.045562744140625
0.0842666625976563 0.0578842163085937 0.0125675201416016 0.0236339569091797
0.0540542602539063 0.0897445678710937 0.087249755859375 0.0162200927734375
0.0196075439453125 0.0969924926757813 0.1859130859375 0.104721069335937
-0.0499038696289062 0.0726394653320313 0.129440307617188 -0.0462112426757812
-0.013702392578125 0.072662353515625 0.165817260742187 -0.0254364013671875
0.01959228515625 0.0614395141601563 0.126579284667969 -0.0416793823242187
0.0453872680664063 0.0377960205078125 0.0889816284179688 -0.0486068725585938
0.0535163879394531 0.0259819030761719 0.0394668579101563 -0.0250167846679687
0.0761947631835938 -0.0104751586914063 0.0303726196289063 0.00382423400878906
0.0772857666015625 -0.0444869995117188 0.0376815795898438 0.0355987548828125
0.07330322265625 -0.0502548217773438 0.0386543273925781 0.0544319152832031
0.080169677734375 -0.0624465942382812 0.0406417846679688 0.0794677734375
0.0816497802734375 -0.0399627685546875 0.0132904052734375 0.088714599609375
0.0919113159179688 -0.00598907470703125 -0.00792694091796874 0.0827713012695313
0.085906982421875 0.0208282470703125 -0.0140876770019531 0.0580787658691406
0.0575027465820312 0.0810775756835938 -0.00443649291992187 0.0407905578613281
0.0106048583984375 0.110404968261719 0.072784423828125 0.04541015625
-0.0402069091796875 0.100738525390625 0.167999267578125 0.135086059570313
0.101577758789063 -0.0996017456054688 -0.156097412109375 -0.144119262695312
-0.00914001464843749 -0.106407165527344 -0.0635299682617188 -0.0707550048828125
-0.0518646240234375 -0.0750503540039063 0.028656005859375 -0.0509109497070313
-0.0781173706054688 -0.0321578979492187 0.0479660034179687 -0.0791473388671875
-0.0714797973632813 -0.00188446044921875 0.0418548583984375 -0.103019714355469
-0.0782546997070313 0.034698486328125 0.00328826904296873 -0.117713928222656
-0.0764846801757813 0.044891357421875 -0.0282058715820313 -0.1102294921875
-0.0755844116210938 0.03387451171875 -0.0280532836914063 -0.0796737670898438
-0.0879669189453125 0.0302734375 -0.0263786315917969 -0.0495719909667969
-0.080596923828125 -0.0113525390625 -0.0209503173828125 -0.0120067596435547
-0.0598335266113281 -0.0529098510742188 -0.0325145721435547 0.0179405212402344
-0.0235443115234375 -0.0713272094726563 -0.0662117004394531 0.0319252014160156
0.0322952270507813 -0.0781173706054688 -0.101173400878906 0.0349197387695312
0.0666046142578125 -0.0841751098632813 -0.133346557617188 0.0394821166992187
0.114082336425781 -0.068695068359375 -0.0951156616210937 0.0431365966796875
0.142990112304688 -0.06817626953125 -0.10357666015625 -0.172637939453125
0.036163330078125 -0.0862960815429687 -0.0178375244140625 -0.0982742309570313
-0.00499725341796874 -0.0673980712890625 0.060699462890625 -0.071319580078125
-0.0378875732421875 -0.0430679321289063 0.074920654296875 -0.102149963378906
-0.0411224365234375 -0.0206413269042969 0.0610733032226563 -0.119255065917969
-0.0615272521972656 4.95910644531169E-05 0.0247268676757812 -0.134963989257813
-0.0719223022460938 0.00420379638671873 -0.0046234130859375 -0.126739501953125
-0.0738754272460938 -0.00346374511718751 -0.00473785400390626 -0.0902023315429688
-0.0909957885742187 -0.0124359130859375 0.000522613525390625 -0.0575790405273438
-0.0785140991210938 -0.0514755249023437 0.00228881835937499 -0.0123987197875977
-0.0406646728515625 -0.0940017700195313 -0.0114059448242188 0.0194320678710937
0.00955963134765624 -0.105865478515625 -0.0434188842773438 0.0263938903808594
0.0839157104492187 -0.0829925537109375 -0.0628013610839844 0.0295028686523438
0.11846923828125 -0.074310302734375 -0.0807342529296875 0.0263214111328125
0.159652709960938 -0.0473480224609375 -0.0367012023925781 0.032501220703125
0.167800903320313 -0.024627685546875 -0.039306640625 -0.182540893554687
0.0805740356445313 -0.0496826171875 0.0374526977539063 -0.109603881835938
0.05230712890625 -0.0497665405273438 0.0978851318359375 -0.0828781127929688
0.0144386291503906 -0.0523223876953125 0.102775573730469 -0.119544982910156
-0.00133514404296875 -0.0414848327636719 0.0765914916992187 -0.127723693847656
-0.0348930358886719 -0.037994384765625 0.039947509765625 -0.140426635742188
-0.0575180053710938 -0.0388069152832031 0.0157394409179688 -0.127891540527344
-0.0611953735351562 -0.0412101745605469 0.0183639526367187 -0.086639404296875
-0.0809402465820313 -0.051849365234375 0.0295867919921875 -0.0537071228027344
-0.0673828125 -0.0810317993164063 0.0272006988525391 -0.00459480285644532
-0.0217437744140625 -0.117668151855469 0.00999259948730469 0.0259075164794922
0.03179931640625 -0.124603271484375 -0.0220127105712891 0.0253353118896484
0.114646911621094 -0.082611083984375 -0.0291233062744141 0.0222034454345703
0.147705078125 -0.0614471435546875 -0.0259056091308594 0.00962448120117188
0.179962158203125 -0.0216827392578125 0.0315227508544922 0.0270824432373047
0.169540405273438 0.021453857421875 0.027374267578125 -0.174591064453125
0.114654541015625 -0.005035400390625 0.0952224731445313 -0.1058349609375
0.107177734375 -0.0264358520507813 0.132926940917969 -0.084930419921875
0.0691413879394531 -0.0596656799316406 0.125198364257813 -0.125
0.039642333984375 -0.0603065490722656 0.0846023559570312 -0.123077392578125
-0.004669189453125 -0.072998046875 0.0504684448242187 -0.130218505859375
-0.0356521606445313 -0.0762252807617188 0.0331878662109375 -0.111434936523437
-0.0389480590820312 -0.0720672607421875 0.0377693176269531 -0.0699043273925781
-0.0579833984375 -0.0824127197265625 0.0543746948242187 -0.0404014587402344
-0.0437698364257813 -0.0964126586914063 0.0481529235839844 0.00762557983398437
0.00244903564453126 -0.121635437011719 0.0282077789306641 0.0341529846191406
0.049102783203125 -0.122337341308594 -0.00394058227539062 0.0255107879638672
0.126655578613281 -0.0692901611328125 -0.00365638732910156 0.0128679275512695
0.15350341796875 -0.0378265380859375 0.0222148895263672 -0.00848007202148438
0.175018310546875 0.0087432861328125 0.0972671508789063 0.0269699096679688
0.146377563476563 0.0611114501953125 0.0870361328125 -0.152053833007813
0.125282287597656 0.0374832153320312 0.145401000976563 -0.0928802490234375
0.140434265136719 0.00091552734375 0.157119750976563 -0.079833984375
0.1094970703125 -0.05645751953125 0.133560180664063 -0.117378234863281
0.0721359252929688 -0.0681991577148438 0.0842132568359375 -0.103851318359375
0.0244827270507812 -0.0941238403320313 0.0543365478515625 -0.102691650390625
-0.00856781005859375 -0.100379943847656 0.0455169677734375 -0.0799636840820313
-0.0103912353515625 -0.0930252075195313 0.0519676208496094 -0.0422019958496094
-0.0252838134765625 -0.102485656738281 0.07037353515625 -0.0178070068359375
-0.008941650390625 -0.100502014160156 0.0592155456542969 0.0230712890625
0.033050537109375 -0.108551025390625 0.035980224609375 0.0423393249511719
0.06964111328125 -0.0991744995117188 0.00640678405761719 0.0254631042480469
0.127548217773438 -0.0357131958007813 0.0122385025024414 0.00485515594482422
0.140899658203125 0.001617431640625 0.0599212646484375 -0.02093505859375
0.145904541015625 0.0444488525390625 0.152984619140625 0.0348052978515625
0.0977020263671875 0.0858612060546875 0.129257202148438 -0.1207275390625
0.107101440429688 0.0685806274414063 0.179779052734375 -0.0750885009765625
0.138397216796875 0.0279998779296875 0.163253784179688 -0.073028564453125
0.122138977050781 -0.0387725830078125 0.127098083496094 -0.0990524291992188
0.0869216918945313 -0.0573654174804688 0.0731658935546875 -0.0752029418945313
0.0489349365234375 -0.0938034057617188 0.05230712890625 -0.0638771057128906
0.020294189453125 -0.106498718261719 0.0525741577148437 -0.0395317077636719
0.0191802978515625 -0.0988082885742187 0.0578575134277344 -0.00863647460937501
0.0123748779296875 -0.110061645507813 0.0739593505859375 0.0122222900390625
0.0290069580078125 -0.09478759765625 0.0560302734375 0.0430793762207031
0.0664215087890625 -0.0835494995117188 0.0315055847167969 0.0536880493164062
0.09027099609375 -0.063232421875 0.00805282592773438 0.0289936065673828
0.120010375976562 0.0092620849609375 0.0187911987304688 0.00416755676269531
0.113807678222656 0.0495529174804688 0.0849456787109375 -0.019134521484375
0.0979995727539063 0.080902099609375 0.19049072265625 0.0544586181640625
0.0331268310546875 0.0948028564453125 0.146102905273438 -0.0890045166015625
0.0615005493164062 0.0838088989257812 0.189239501953125 -0.0585784912109375
0.100044250488281 0.0495452880859375 0.151229858398438 -0.0644378662109375
0.101776123046875 -0.00774383544921875 0.108413696289063 -0.0767974853515625
0.0825653076171875 -0.0275955200195313 0.0561599731445313 -0.0457038879394531
0.0665817260742188 -0.0704193115234375 0.0445365905761719 -0.0252952575683594
0.0474929809570313 -0.093902587890625 0.0518264770507813 0.00180053710937499
0.0462799072265625 -0.0900650024414063 0.054595947265625 0.0252914428710937
0.0464630126953125 -0.102531433105469 0.0644569396972656 0.0461387634277344
0.0606536865234375 -0.079925537109375 0.0390510559082031 0.0657882690429688
0.090667724609375 -0.0543899536132813 0.0153465270996094 0.0669822692871094
0.101730346679688 -0.0257186889648438 0.00112152099609375 0.038543701171875
0.104690551757813 0.0518798828125 0.015437126159668 0.0152320861816406
0.0770034790039063 0.093994140625 0.0939559936523438 0.00136566162109376
0.0390396118164063 0.107879638671875 0.2042236328125 0.0853118896484375
-0.0368423461914062 0.090545654296875 0.133842468261719 -0.0632476806640625
0.00157165527343749 0.0849151611328125 0.171585083007813 -0.0440673828125
0.0384902954101562 0.0657157897949219 0.124732971191406 -0.0559158325195312
0.061248779296875 0.0302467346191406 0.0841293334960938 -0.0564422607421875
0.0635147094726563 0.014862060546875 0.0373916625976563 -0.0249481201171875
0.0779571533203125 -0.029144287109375 0.0323505401611328 0.00391197204589843
0.0711288452148438 -0.0650177001953125 0.0420341491699219 0.0353355407714844
0.0666427612304687 -0.0680122375488281 0.0432891845703125 0.0554733276367187
0.0707473754882813 -0.0822677612304688 0.0454864501953125 0.07928466796875
0.0767288208007813 -0.059051513671875 0.0143661499023438 0.0900650024414063
0.0962905883789063 -0.0260086059570313 -0.00617218017578125 0.0837020874023438
0.0975189208984375 0.00383758544921875 -0.0131034851074219 0.0555992126464844
0.0794448852539063 0.0783233642578125 0.000656127929687509 0.0370674133300781
0.0337142944335938 0.119354248046875 0.0836715698242188 0.03546142578125
-0.0228424072265625 0.118385314941406 0.191497802734375 0.121994018554688
0.0833663940429687 -0.117645263671875 -0.17828369140625 -0.129776000976563
-0.0299835205078125 -0.105110168457031 -0.0757904052734375 -0.0615005493164063
-0.068145751953125 -0.0659027099609375 0.024322509765625 -0.0500564575195313
-0.0846939086914063 -0.0154266357421875 0.0441436767578125 -0.0809783935546875
-0.0708389282226563 0.0131759643554688 0.0354995727539062 -0.107521057128906
-0.0684127807617188 0.0495834350585938 -0.00395965576171874 -0.120643615722656
-0.0643844604492188 0.0576362609863281 -0.0382919311523438 -0.112144470214844
-0.0660247802734375 0.046630859375 -0.0374755859375 -0.0818023681640625
-0.0776748657226562 0.0456695556640625 -0.0344619750976563 -0.0508651733398438
-0.07855224609375 0.00420379638671875 -0.0242462158203125 -0.0160961151123047
-0.0669364929199219 -0.0388832092285156 -0.0323772430419922 0.0156269073486328
-0.0376739501953125 -0.0640602111816406 -0.0627059936523438 0.0344161987304687
0.0147552490234375 -0.0850982666015625 -0.0973739624023438 0.040435791015625
0.048492431640625 -0.0978927612304688 -0.132545471191406 0.0510177612304688
0.101516723632812 -0.0904159545898438 -0.0966339111328125 0.051544189453125
0.131507873535156 -0.0876617431640625 -0.130279541015625 -0.166488647460938
0.0200042724609375 -0.0888671875 -0.0348052978515625 -0.0954971313476563
-0.0176315307617187 -0.0623703002929688 0.0526046752929688 -0.0758590698242188
-0.0445671081542969 -0.0300407409667969 0.0663299560546875 -0.108421325683594
-0.0407829284667969 -0.00946426391601563 0.0512771606445312 -0.125877380371094
-0.0547370910644531 0.0120124816894531 0.0133209228515625 -0.140792846679688
-0.0652694702148438 0.0145225524902344 -0.0193023681640625 -0.132270812988281
-0.0685501098632813 0.00693893432617188 -0.0176544189453125 -0.09478759765625
-0.08673095703125 0.00153350830078127 -0.0109024047851563 -0.0627670288085937
-0.0810775756835938 -0.0384902954101563 -0.00370979309082032 -0.0200901031494141
-0.0519256591796875 -0.0841445922851563 -0.0138044357299805 0.0134468078613281
-0.00604248046875 -0.104362487792969 -0.0431556701660156 0.0245437622070313
0.0694198608398438 -0.0951614379882813 -0.0607833862304688 0.0287055969238281
0.10528564453125 -0.0932159423828125 -0.0827178955078125 0.0299453735351562
0.15325927734375 -0.0718231201171875 -0.0404548645019531 0.0321197509765625
0.164810180664063 -0.0433502197265625 -0.0689239501953125 -0.1856689453125
0.0720138549804688 -0.0557022094726563 0.018280029296875 -0.11395263671875
0.0448226928710938 -0.0510711669921875 0.088043212890625 -0.0917587280273438
0.00909042358398437 -0.0474395751953125 0.0908889770507813 -0.1297607421875
-0.001434326171875 -0.0360565185546875 0.0638961791992188 -0.137039184570313
-0.0327796936035156 -0.0313282012939453 0.0256805419921875 -0.14813232421875
-0.0569381713867187 -0.0326766967773438 -0.00131988525390626 -0.135330200195313
-0.0610809326171875 -0.0341682434082031 0.0037994384765625 -0.092864990234375
-0.082794189453125 -0.0418624877929688 0.0166854858398438 -0.0623703002929688
-0.0733413696289063 -0.0719680786132813 0.019866943359375 -0.0145397186279297
-0.0343780517578125 -0.112693786621094 0.00586318969726562 0.0180587768554687
0.016510009765625 -0.127464294433594 -0.0243015289306641 0.0204219818115234
0.103248596191406 -0.0973434448242188 -0.0291099548339844 0.0157260894775391
0.139778137207031 -0.0814056396484375 -0.0301933288574219 0.00545692443847655
0.180084228515625 -0.0457305908203125 0.0265579223632813 0.0174922943115234
0.175521850585938 0.0057373046875 -0.000350952148437509 -0.185440063476563
0.115020751953125 -0.0142135620117188 0.0764007568359375 -0.11700439453125
0.106918334960938 -0.03497314453125 0.12200927734375 -0.0970840454101563
0.0650367736816406 -0.0631561279296875 0.110588073730469 -0.137741088867188
0.0377349853515625 -0.0623855590820313 0.0719680786132813 -0.133399963378906
-0.00739288330078125 -0.0719985961914063 0.0347518920898437 -0.138908386230469
-0.041107177734375 -0.0747528076171875 0.015869140625 -0.119529724121094
-0.0441207885742187 -0.0699462890625 0.0242385864257812 -0.0764846801757813
-0.0653076171875 -0.0782318115234375 0.0416679382324219 -0.0506095886230469
-0.05267333984375 -0.092987060546875 0.0406417846679688 -0.00357818603515626
-0.0105209350585937 -0.122970581054688 0.0228595733642578 0.0248451232910156
0.0365676879882813 -0.128936767578125 -0.00835037231445312 0.0178737640380859
0.121681213378906 -0.0841598510742187 -0.00605583190917968 0.00321245193481445
0.152847290039062 -0.055908203125 0.0160923004150391 -0.0196323394775391
0.181777954101563 -0.0108489990234375 0.0936431884765625 0.00945281982421875
0.159149169921875 0.05029296875 0.0643157958984375 -0.16864013671875
0.134666442871094 0.0278778076171875 0.130241394042969 -0.109306335449219
0.147979736328125 -0.0116119384765625 0.145751953125 -0.0960845947265625
0.108245849609375 -0.0680923461914062 0.11962890625 -0.130561828613281
0.0705032348632813 -0.0768890380859375 0.0724029541015625 -0.113487243652344
0.0175399780273438 -0.100051879882813 0.041046142578125 -0.111160278320313
-0.0195846557617187 -0.104217529296875 0.0309295654296875 -0.0879898071289062
-0.0203018188476562 -0.095611572265625 0.0405769348144531 -0.0497474670410156
-0.0369338989257813 -0.104240417480469 0.0596771240234375 -0.0284996032714844
-0.0200576782226563 -0.103797912597656 0.0521430969238281 0.0128097534179687
0.022857666015625 -0.116485595703125 0.0304756164550781 0.0333213806152344
0.0611190795898438 -0.110755920410156 0.00102424621582032 0.0173377990722656
0.129615783691406 -0.05120849609375 0.0089702606201172 -0.00674819946289063
0.147689819335937 -0.012786865234375 0.0538902282714844 -0.0362625122070313
0.158355712890625 0.0309295654296875 0.152328491210938 0.011749267578125
0.115882873535156 0.0821075439453125 0.113006591796875 -0.140670776367188
0.122955322265625 0.0624618530273438 0.169082641601563 -0.096221923828125
0.151504516601563 0.0142669677734375 0.153610229492188 -0.0899200439453125
0.124198913574219 -0.0547637939453125 0.115013122558594 -0.111656188964844
0.08648681640625 -0.0714340209960938 0.064361572265625 -0.0820541381835937
0.039581298828125 -0.105316162109375 0.0431289672851562 -0.0711746215820313
0.00562286376953126 -0.11602783203125 0.043701171875 -0.0464324951171875
0.00665283203124999 -0.106056213378906 0.0512199401855469 -0.0150947570800781
-0.00305938720703124 -0.11749267578125 0.0669059753417969 0.00338363647460937
0.0174407958984375 -0.103042602539062 0.0507545471191406 0.0344581604003906
0.059112548828125 -0.0977630615234375 0.0271453857421875 0.0465965270996094
0.0870132446289063 -0.0792007446289063 0.00259590148925782 0.021636962890625
0.130508422851562 -0.00438690185546875 0.0152873992919922 -0.007049560546875
0.12921142578125 0.0398788452148438 0.08135986328125 -0.0365982055664063
0.116561889648437 0.075286865234375 0.193817138671875 0.02874755859375
0.0527725219726563 0.0991668701171875 0.137344360351563 -0.109840393066406
0.0808563232421875 0.0821533203125 0.183029174804688 -0.0806427001953125
0.117668151855469 0.0400390625 0.142959594726563 -0.0801239013671875
0.108749389648438 -0.0244903564453125 0.0983123779296875 -0.08587646484375
0.084564208984375 -0.0431747436523437 0.0507278442382813 -0.0492057800292969
0.0578384399414063 -0.0849075317382813 0.0409736633300781 -0.0290565490722656
0.0327301025390625 -0.106277465820313 0.0496749877929688 -0.00342559814453126
0.032318115234375 -0.101638793945313 0.0534439086914063 0.0212860107421875
0.0299148559570312 -0.114761352539063 0.0625457763671875 0.0400505065917969
0.0487442016601563 -0.0934829711914063 0.0366401672363281 0.0615005493164062
0.08502197265625 -0.0725784301757813 0.0133209228515625 0.0630645751953125
0.103431701660156 -0.0439224243164062 -0.00221443176269531 0.0330905914306641
0.121078491210938 0.0402145385742188 0.0145378112792969 0.00627517700195313
0.0985946655273438 0.0891494750976563 0.0944976806640625 -0.0149002075195312
0.0607223510742188 0.11029052734375 0.2135009765625 0.0601806640625
-0.0183181762695313 0.102180480957031 0.130874633789063 -0.0796432495117188
0.0203933715820313 0.0907974243164063 0.169189453125 -0.0626068115234375
0.0576248168945313 0.0629386901855469 0.117691040039062 -0.0675430297851562
0.0720291137695313 0.0180206298828125 0.07757568359375 -0.060821533203125
0.0688591003417969 0.00160598754882813 0.0355110168457031 -0.024688720703125
0.072174072265625 -0.0462417602539063 0.0331001281738281 0.00372123718261718
0.058746337890625 -0.0798416137695312 0.0460433959960938 0.033203125
0.052825927734375 -0.081268310546875 0.0467185974121094 0.0545768737792969
0.0539627075195312 -0.0968780517578125 0.0496673583984375 0.0766448974609375
0.0660858154296875 -0.0746231079101563 0.0165252685546875 0.0900192260742188
0.0930099487304688 -0.0462188720703125 -0.00496673583984374 0.0836334228515625
0.101341247558594 -0.014801025390625 -0.0130996704101562 0.0521469116210938
0.0988082885742188 0.0687179565429688 0.003631591796875 0.0310859680175781
0.057891845703125 0.119415283203125 0.0898666381835938 0.0225601196289063
-0.000953674316406243 0.127708435058594 0.20806884765625 0.102127075195313
0.0632476806640625 -0.126625061035156 -0.191162109375 -0.112640380859375
-0.04656982421875 -0.097625732421875 -0.0823974609375 -0.050323486328125
-0.0792160034179687 -0.0536575317382813 0.0204277038574219 -0.0484161376953125
-0.085174560546875 0.00074768066406249 0.040924072265625 -0.0803070068359375
-0.0649032592773438 0.0254669189453125 0.0306549072265625 -0.108551025390625
-0.0551719665527344 0.0584983825683594 -0.00862121582031249 -0.120643615722656
-0.0511093139648437 0.063385009765625 -0.0458450317382813 -0.111175537109375
-0.0541152954101563 0.0534591674804688 -0.0445327758789062 -0.0812606811523438
-0.0644607543945313 0.0550956726074219 -0.0408515930175781 -0.0502471923828125
-0.071624755859375 0.01593017578125 -0.0272941589355469 -0.0191631317138672
-0.06787109375 -0.0251045227050781 -0.0337066650390625 0.0131340026855469
-0.0467643737792969 -0.0542945861816406 -0.0606422424316406 0.0338592529296875
-0.00186920166015626 -0.084716796875 -0.092376708984375 0.0432891845703125
0.0299606323242188 -0.103782653808594 -0.128250122070313 0.0596237182617188
0.0849075317382813 -0.103248596191406 -0.0949859619140625 0.0577239990234375
0.116233825683594 -0.0992202758789063 -0.150238037109375 -0.154205322265625
0.00612640380859376 -0.0845718383789062 -0.0475006103515625 -0.0876617431640625
-0.0266685485839844 -0.0543251037597656 0.0452499389648438 -0.0760650634765625
-0.0456886291503906 -0.0180435180664062 0.0587234497070312 -0.109664916992187
-0.0362205505371094 -2.67028808593677E-05 0.0423126220703125 -0.127761840820313
-0.0449714660644531 0.0193099975585938 0.00389099121093751 -0.14166259765625
-0.0564956665039062 0.0206413269042969 -0.0317001342773438 -0.131919860839844
-0.0605201721191406 0.0136909484863281 -0.0285110473632812 -0.0953826904296875
-0.0780868530273438 0.0104293823242188 -0.0216217041015625 -0.0642204284667969
-0.0779876708984375 -0.027618408203125 -0.0104103088378906 -0.0244007110595703
-0.0564956665039062 -0.0726165771484375 -0.0178623199462891 0.00907135009765624
-0.0174942016601563 -0.0974044799804688 -0.0441093444824219 0.0217857360839844
0.0539093017578125 -0.0996627807617188 -0.0596847534179687 0.0265998840332031
0.088592529296875 -0.103668212890625 -0.0836563110351563 0.0323410034179687
0.140274047851563 -0.088714599609375 -0.0439720153808594 0.0321426391601562
0.1563720703125 -0.0564422607421875 -0.0919952392578125 -0.179367065429688
0.0629959106445313 -0.0568275451660156 0.00218200683593751 -0.111351013183594
0.0394515991210938 -0.0490570068359375 0.077392578125 -0.0945892333984375
0.00641632080078125 -0.0411758422851563 0.0788040161132813 -0.1334228515625
0.000371932983398435 -0.0311107635498047 0.0522232055664062 -0.139724731445313
-0.0278358459472656 -0.0265178680419922 0.013092041015625 -0.150192260742188
-0.0540351867675781 -0.0279006958007812 -0.016204833984375 -0.135665893554688
-0.0580940246582031 -0.0290985107421875 -0.00905609130859376 -0.09454345703125
-0.0800247192382813 -0.0339279174804687 0.00349807739257811 -0.0650444030761719
-0.0745849609375 -0.0628585815429688 0.0109138488769531 -0.0205326080322266
-0.04229736328125 -0.104827880859375 -0.000298500061035158 0.0121164321899414
0.00408172607421875 -0.12432861328125 -0.0279922485351563 0.0159816741943359
0.091522216796875 -0.105316162109375 -0.0312709808349609 0.0097808837890625
0.127777099609375 -0.0942153930664063 -0.0357704162597656 0.001861572265625
0.172821044921875 -0.06390380859375 0.0201034545898438 0.0101642608642578
0.17486572265625 -0.007965087890625 -0.02532958984375 -0.185592651367188
0.112579345703125 -0.01953125 0.0583572387695313 -0.120132446289063
0.104522705078125 -0.0400619506835938 0.109504699707031 -0.103187561035156
0.0611572265625 -0.0638961791992188 0.096588134765625 -0.142044067382813
0.0374488830566406 -0.0631446838378906 0.059295654296875 -0.136009216308594
-0.0089263916015625 -0.0710906982421875 0.0204010009765625 -0.1416015625
-0.0445632934570312 -0.0721969604492187 -0.000358581542968759 -0.121002197265625
-0.0466880798339844 -0.0669097900390625 0.0113601684570313 -0.0789031982421875
-0.0689544677734375 -0.0726547241210938 0.0276565551757813 -0.0550270080566406
-0.0575790405273438 -0.0875778198242188 0.0303707122802734 -0.0104026794433594
-0.0196151733398438 -0.120048522949219 0.0148468017578125 0.0186233520507812
0.025482177734375 -0.130409240722656 -0.015192985534668 0.012446403503418
0.114219665527344 -0.0934829711914063 -0.010685920715332 -0.00535202026367188
0.146820068359375 -0.06964111328125 0.0073070526123047 -0.0273971557617188
0.180496215820312 -0.027435302734375 0.08502197265625 -0.00321197509765625
0.166717529296875 0.0382537841796875 0.040557861328125 -0.17474365234375
0.139450073242188 0.0192031860351562 0.112739562988281 -0.1181640625
0.150192260742188 -0.02337646484375 0.132781982421875 -0.103927612304688
0.10504150390625 -0.0760879516601563 0.105003356933594 -0.135932922363281
0.066558837890625 -0.08331298828125 0.060394287109375 -0.115890502929688
0.0108871459960938 -0.102592468261719 0.0280227661132813 -0.114280700683594
-0.0289154052734375 -0.104194641113281 0.0171051025390625 -0.0897216796875
-0.0281906127929687 -0.0954437255859375 0.0295639038085938 -0.0516548156738281
-0.04644775390625 -0.101913452148437 0.0474433898925781 -0.0330886840820313
-0.0279998779296875 -0.102699279785156 0.0421257019042969 0.00653076171874999
0.0129852294921875 -0.119422912597656 0.0226535797119141 0.0272903442382812
0.0521469116210938 -0.117622375488281 -0.00621891021728515 0.0114421844482422
0.127761840820313 -0.0621414184570313 0.0019979476928711 -0.0156898498535156
0.149673461914063 -0.0260009765625 0.0442123413085938 -0.0474967956542969
0.164886474609375 0.017913818359375 0.143722534179688 -0.006317138671875
0.129585266113281 0.0747451782226563 0.093719482421875 -0.151626586914063
0.133430480957031 0.053192138671875 0.1531982421875 -0.109115600585937
0.159378051757813 0.00018310546875 0.141265869140625 -0.0987548828125
0.122871398925781 -0.0679168701171875 0.101730346679688 -0.116668701171875
0.0824661254882812 -0.0816802978515625 0.055908203125 -0.0839157104492188
0.0296478271484375 -0.111953735351563 0.0333786010742188 -0.0733489990234375
-0.00798034667968751 -0.118972778320312 0.0342254638671875 -0.04888916015625
-0.00543975830078124 -0.108856201171875 0.0442543029785156 -0.0175018310546875
-0.0171356201171875 -0.118453979492188 0.0578231811523438 -0.00196456909179688
0.00572967529296875 -0.106971740722656 0.0424156188964844 0.0299339294433594
0.0490264892578125 -0.106208801269531 0.0205497741699219 0.0415420532226562
0.08123779296875 -0.0907974243164063 -0.00415802001953124 0.016728401184082
0.135421752929688 -0.01739501953125 0.0091075897216797 -0.0158910751342773
0.138648986816406 0.0281600952148437 0.07208251953125 -0.0494766235351563
0.128990173339844 0.0669021606445312 0.188232421875 0.0076141357421875
0.0706787109375 0.0969161987304688 0.1240234375 -0.122367858886719
0.0959854125976563 0.076904296875 0.172134399414063 -0.094573974609375
0.130027770996094 0.026824951171875 0.131256103515625 -0.0882186889648437
0.11053466796875 -0.0389862060546875 0.0878677368164063 -0.0892105102539063
0.0818862915039063 -0.0553131103515625 0.0462150573730469 -0.0493240356445313
0.0469436645507812 -0.0954360961914063 0.0364608764648438 -0.0309867858886719
0.0171585083007813 -0.111991882324219 0.0454864501953125 -0.00642776489257813
0.0181808471679688 -0.106346130371094 0.0505485534667969 0.0191688537597656
0.0131607055664062 -0.118827819824219 0.0585174560546875 0.0358390808105469
0.035186767578125 -0.100593566894531 0.0326271057128906 0.0592041015625
0.0759048461914062 -0.0854568481445312 0.00955581665039063 0.060211181640625
0.0994415283203125 -0.0593948364257813 -0.0075092315673828 0.0291557312011719
0.131095886230469 0.0263519287109375 0.0106801986694336 -0.00170612335205078
0.115333557128906 0.0792770385742188 0.0897369384765625 -0.0287399291992187
0.0787200927734375 0.107261657714844 0.212615966796875 0.038665771484375
-0.00019073486328126 0.106544494628906 0.123443603515625 -0.0908050537109375
0.0378189086914062 0.0901412963867188 0.1624755859375 -0.075714111328125
0.0727920532226562 0.0551986694335938 0.109123229980469 -0.0739364624023438
0.0771865844726562 0.0046844482421875 0.0703125 -0.061737060546875
0.0697517395019531 -0.0115127563476563 0.0343894958496094 -0.0223789215087891
0.0628585815429687 -0.0586624145507813 0.0341949462890625 0.00341224670410156
0.0430755615234375 -0.0878143310546875 0.0483131408691406 0.0309219360351562
0.0388107299804688 -0.0879898071289063 0.04888916015625 0.0526084899902344
0.0367279052734375 -0.103477478027344 0.0510177612304688 0.073822021484375
0.05224609375 -0.0841140747070312 0.0161972045898438 0.0899734497070313
0.0844802856445313 -0.0609893798828125 -0.00550079345703125 0.0818862915039063
0.0996017456054688 -0.0314178466796875 -0.0150337219238281 0.0489730834960938
0.111305236816406 0.05499267578125 0.00388526916503907 0.024932861328125
0.0778961181640625 0.111915588378906 0.0911026000976562 0.0103836059570313
0.0194931030273437 0.129371643066406 0.21356201171875 0.0824432373046875
0.0461349487304687 -0.129531860351563 -0.197967529296875 -0.0994110107421875
-0.0573654174804687 -0.0882186889648438 -0.085784912109375 -0.0403671264648438
-0.0853652954101563 -0.0423812866210938 0.0194168090820312 -0.0452003479003906
-0.0826263427734375 0.0128250122070313 0.0409774780273437 -0.0793075561523438
-0.0580062866210938 0.0332260131835938 0.0284957885742187 -0.107833862304688
-0.0436897277832031 0.0623130798339844 -0.0106124877929688 -0.121002197265625
-0.0393562316894531 0.0653228759765625 -0.050445556640625 -0.110237121582031
-0.04412841796875 0.0559005737304688 -0.049530029296875 -0.0801925659179687
-0.0524139404296875 0.0584373474121094 -0.0455513000488281 -0.0491943359375
-0.0639610290527344 0.0228996276855469 -0.0313434600830078 -0.021087646484375
-0.0651473999023438 -0.0147132873535156 -0.0357093811035156 0.0101661682128906
-0.0510978698730469 -0.0443572998046875 -0.0598983764648437 0.0317573547363281
-0.01409912109375 -0.0812225341796875 -0.0895538330078125 0.0424728393554687
0.0150146484375 -0.10430908203125 -0.12567138671875 0.0634613037109375
0.0705718994140625 -0.110450744628906 -0.0940628051757812 0.060699462890625
0.103263854980469 -0.104461669921875 -0.1624755859375 -0.1434326171875
-0.00344085693359374 -0.0789108276367188 -0.0555419921875 -0.0802688598632812
-0.0318450927734375 -0.0459136962890625 0.0407562255859375 -0.0742568969726563
-0.0442466735839844 -0.00810623168945313 0.0541152954101562 -0.108924865722656
-0.0301780700683594 0.00638008117675781 0.0372848510742188 -0.1273193359375
-0.0355033874511719 0.0222244262695313 -0.00175476074218751 -0.141525268554688
-0.0479469299316406 0.0225028991699219 -0.0403518676757813 -0.130477905273438
-0.0531463623046875 0.0156288146972656 -0.0366897583007813 -0.0943222045898438
-0.0695228576660156 0.0144119262695313 -0.0300025939941406 -0.06353759765625
-0.0731048583984375 -0.0203857421875 -0.0167026519775391 -0.0272674560546875
-0.0574684143066406 -0.0632820129394531 -0.0225028991699219 0.00605964660644531
-0.0244827270507812 -0.0905990600585937 -0.0466041564941406 0.0184516906738281
0.0422134399414063 -0.0996856689453125 -0.0604171752929688 0.0219039916992187
0.0750045776367187 -0.107444763183594 -0.08477783203125 0.0332183837890625
0.128273010253906 -0.0985641479492187 -0.0471000671386719 0.0313835144042969
0.1483154296875 -0.064361572265625 -0.1083984375 -0.171646118164063
0.0567054748535156 -0.0549201965332031 -0.00987243652343751 -0.106407165527344
0.0352287292480469 -0.0460205078125 0.0700759887695313 -0.0937881469726562
0.00634574890136719 -0.034912109375 0.0710220336914062 -0.132896423339844
0.003997802734375 -0.0277080535888672 0.0450973510742188 -0.139472961425781
-0.0224227905273438 -0.0250988006591797 0.00434875488281249 -0.149871826171875
-0.0503616333007813 -0.0257759094238281 -0.0276947021484375 -0.133949279785156
-0.0542030334472656 -0.0270614624023438 -0.0191726684570312 -0.0933380126953125
-0.0762939453125 -0.0299758911132813 -0.00768280029296875 -0.0653915405273438
-0.0725860595703125 -0.057098388671875 0.00225830078125 -0.0238780975341797
-0.0452423095703125 -0.0985107421875 -0.00730085372924805 0.00857353210449218
-0.0032958984375 -0.120704650878906 -0.0333232879638672 0.0125694274902344
0.0819931030273438 -0.107940673828125 -0.0350971221923828 0.0036487579345703
0.117202758789063 -0.100509643554688 -0.0411224365234375 -0.00085449218750001
0.164810180664063 -0.0750274658203125 0.0128917694091797 0.0062255859375
0.173614501953125 -0.016693115234375 -0.043182373046875 -0.18157958984375
0.110397338867188 -0.022125244140625 0.0445098876953125 -0.118675231933594
0.102882385253906 -0.0423507690429687 0.100662231445313 -0.104316711425781
0.0594558715820313 -0.0635185241699219 0.0870513916015625 -0.143020629882813
0.0379371643066406 -0.0630378723144531 0.051483154296875 -0.135910034179688
-0.00814056396484375 -0.0710906982421875 0.010650634765625 -0.14068603515625
-0.0461807250976563 -0.0705184936523438 -0.0112075805664063 -0.119255065917969
-0.04730224609375 -0.0655097961425781 0.001312255859375 -0.0777206420898438
-0.070159912109375 -0.0691986083984375 0.0166549682617188 -0.0550994873046875
-0.0596466064453125 -0.0836563110351563 0.0204715728759766 -0.0127677917480469
-0.0246047973632813 -0.117050170898438 0.00639820098876953 0.0153818130493164
0.018035888671875 -0.130294799804688 -0.0224056243896484 0.00921630859374999
0.108016967773438 -0.0992889404296875 -0.0176544189453125 -0.0125255584716797
0.140388488769531 -0.0775299072265625 -0.00140190124511718 -0.0328369140625
0.178298950195313 -0.0385284423828125 0.0756683349609375 -0.0114517211914063
0.170883178710938 0.029449462890625 0.0223236083984375 -0.175384521484375
0.141708374023438 0.01397705078125 0.0987014770507813 -0.120529174804688
0.151901245117187 -0.031005859375 0.123382568359375 -0.106117248535156
0.10186767578125 -0.0807723999023438 0.0947113037109375 -0.136466979980469
0.065093994140625 -0.0873336791992188 0.0529327392578125 -0.115821838378906
0.00646209716796874 -0.104606628417969 0.01904296875 -0.113601684570312
-0.0352249145507813 -0.103469848632813 0.00678253173828124 -0.0889129638671875
-0.033111572265625 -0.0944290161132813 0.0212135314941406 -0.0506973266601563
-0.0523529052734375 -0.0994949340820313 0.0365486145019531 -0.0336532592773438
-0.0337677001953125 -0.101051330566406 0.0324821472167969 0.00436401367187499
0.00647735595703124 -0.119949340820313 0.0143337249755859 0.0252532958984375
0.0459976196289063 -0.120880126953125 -0.0147466659545898 0.00879669189453124
0.127090454101563 -0.0696868896484375 -0.00547027587890624 -0.0225772857666016
0.150115966796875 -0.0347747802734375 0.0338211059570313 -0.0544815063476563
0.16839599609375 0.008697509765625 0.134407043457031 -0.0168609619140625
0.139274597167969 0.0675430297851563 0.0780181884765625 -0.155242919921875
0.140594482421875 0.0466156005859375 0.141006469726563 -0.114501953125
0.164581298828125 -0.0106658935546875 0.131095886230469 -0.101318359375
0.120079040527344 -0.07769775390625 0.0922317504882813 -0.117088317871094
0.0797805786132813 -0.08905029296875 0.050018310546875 -0.08294677734375
0.021636962890625 -0.115608215332031 0.0268783569335937 -0.0728302001953125
-0.0183944702148437 -0.119102478027344 0.0269203186035156 -0.048797607421875
-0.0139389038085938 -0.110481262207031 0.0382270812988281 -0.017181396484375
-0.02764892578125 -0.117568969726563 0.0495567321777344 -0.00245666503906251
-0.00278472900390624 -0.10833740234375 0.0345268249511719 0.0294704437255859
0.0412826538085938 -0.110939025878906 0.0129280090332031 0.0398063659667969
0.0752334594726563 -0.0984573364257812 -0.0121040344238281 0.0141725540161133
0.138740539550781 -0.0274505615234375 0.00210189819335938 -0.0222587585449219
0.145233154296875 0.0193939208984375 0.0630111694335938 -0.0583534240722656
0.138404846191406 0.0597686767578125 0.180191040039063 -0.0053863525390625
0.0836563110351562 0.0932846069335937 0.112159729003906 -0.128005981445313
0.107200622558594 0.0706405639648438 0.161956787109375 -0.102157592773437
0.1376953125 0.016021728515625 0.122474670410156 -0.0911102294921875
0.11016845703125 -0.0504531860351563 0.0810165405273437 -0.088470458984375
0.07940673828125 -0.0652542114257813 0.0437202453613281 -0.0478096008300781
0.0370559692382812 -0.101417541503906 0.0335140228271484 -0.0307502746582031
0.00423431396484375 -0.114082336425781 0.0422821044921875 -0.00643157958984376
0.00673675537109376 -0.10791015625 0.0479888916015625 0.0193672180175781
-0.000511169433593745 -0.120147705078125 0.0537643432617188 0.0353012084960937
0.0248870849609375 -0.103935241699219 0.0270729064941406 0.0595741271972656
0.0671615600585938 -0.09320068359375 0.00429153442382812 0.0593910217285156
0.0950546264648438 -0.0696487426757813 -0.0139255523681641 0.0266437530517578
0.137519836425781 0.0148468017578125 0.00536012649536134 -0.00758886337280273
0.126083374023438 0.0698394775390625 0.0831756591796875 -0.0377197265625
0.0921859741210938 0.102622985839844 0.208786010742188 0.0252838134765625
0.0149993896484375 0.106788635253906 0.117584228515625 -0.0972061157226562
0.0513381958007813 0.0869064331054688 0.15667724609375 -0.0833587646484375
0.0833816528320313 0.0457382202148438 0.102767944335938 -0.0753936767578125
0.0792083740234375 -0.0061798095703125 0.0667724609375 -0.0596160888671875
0.0685539245605469 -0.0212898254394531 0.0347862243652344 -0.0194454193115234
0.0533714294433594 -0.0663032531738281 0.03509521484375 0.00364112854003906
0.0301284790039062 -0.0917282104492188 0.0497550964355469 0.0294418334960937
0.0266265869140625 -0.0905990600585938 0.0506477355957031 0.0524024963378906
0.02276611328125 -0.105049133300781 0.0503311157226563 0.0734329223632813
0.0398635864257812 -0.0884628295898438 0.0147933959960938 0.091064453125
0.0751266479492188 -0.0703201293945313 -0.00780487060546875 0.0813674926757813
0.0955657958984375 -0.04345703125 -0.0181999206542969 0.0473060607910156
0.118522644042969 0.0427398681640625 0.00224304199218751 0.0197658538818359
0.0916595458984375 0.103584289550781 0.089385986328125 0.000999450683593756
0.0355300903320313 0.12738037109375 0.21453857421875 0.0685882568359375
0.0339431762695312 -0.131126403808594 -0.204925537109375 -0.0915679931640625
-0.0650558471679688 -0.081085205078125 -0.08770751953125 -0.033538818359375
-0.0904006958007813 -0.0323715209960937 0.02008056640625 -0.0434036254882813
-0.0795974731445313 0.0230026245117188 0.0426406860351562 -0.0799102783203125
-0.0523719787597656 0.0389823913574219 0.0282135009765625 -0.10968017578125
-0.0344085693359375 0.0639114379882813 -0.0114212036132813 -0.123626708984375
-0.0304107666015625 0.0658035278320313 -0.0540771484375 -0.111953735351563
-0.0361862182617188 0.0563125610351562 -0.05352783203125 -0.0813064575195312
-0.0430488586425781 0.0594139099121094 -0.0497474670410156 -0.0489273071289062
-0.05706787109375 0.0271644592285156 -0.0353431701660156 -0.0235481262207031
-0.0626258850097656 -0.00706481933593751 -0.0389442443847656 0.007965087890625
-0.0537948608398438 -0.0369453430175781 -0.0613327026367188 0.0297927856445313
-0.0237045288085938 -0.0775146484375 -0.0902557373046875 0.0406951904296875
0.00254821777343749 -0.103965759277344 -0.126167297363281 0.0659637451171875
0.0590591430664062 -0.1158447265625 -0.0953521728515625 0.0627593994140625
0.0939407348632813 -0.107925415039063 -0.173416137695312 -0.136566162109375
-0.00965881347656251 -0.0732650756835938 -0.0615997314453125 -0.0740966796875
-0.0349311828613281 -0.0381507873535156 0.0385589599609375 -0.07257080078125
-0.0409393310546875 0.000190734863281256 0.053192138671875 -0.109481811523438
-0.0249195098876953 0.0103969573974609 0.0352935791015625 -0.128890991210938
-0.0277557373046875 0.0233192443847656 -0.00532531738281251 -0.143844604492188
-0.0417938232421875 0.022491455078125 -0.046630859375 -0.131706237792969
-0.0472259521484375 0.0162887573242187 -0.0433807373046875 -0.0947799682617188
-0.0626716613769531 0.0160865783691406 -0.0368881225585938 -0.0634536743164063
-0.0682258605957031 -0.0168495178222656 -0.0235919952392578 -0.0294952392578125
-0.0561256408691406 -0.0576934814453125 -0.0285987854003906 0.00362586975097655
-0.02813720703125 -0.0851898193359375 -0.0506744384765625 0.0164604187011719
0.03399658203125 -0.09930419921875 -0.0634307861328125 0.0186614990234375
0.0652389526367188 -0.110366821289063 -0.0887908935546875 0.0331497192382812
0.119941711425781 -0.105606079101563 -0.0521392822265625 0.0313949584960937
0.143951416015625 -0.069091796875 -0.123123168945312 -0.167037963867188
0.0536689758300781 -0.0519180297851563 -0.018402099609375 -0.102058410644531
0.03387451171875 -0.0420761108398437 0.0668869018554688 -0.0933074951171875
0.00824165344238282 -0.0307102203369141 0.0677337646484375 -0.132820129394531
0.00884246826171875 -0.0263652801513672 0.0413284301757813 -0.140037536621094
-0.0179710388183594 -0.0252304077148438 -0.000915527343750006 -0.151504516601562
-0.0472908020019531 -0.025970458984375 -0.0356063842773438 -0.133857727050781
-0.0519638061523438 -0.0272293090820313 -0.0263748168945312 -0.0929718017578125
-0.0736618041992188 -0.0286483764648438 -0.0158576965332031 -0.06463623046875
-0.070892333984375 -0.0543289184570312 -0.00560569763183594 -0.0251007080078125
-0.046051025390625 -0.0947723388671875 -0.0145416259765625 0.00736808776855468
-0.00791168212890626 -0.118133544921875 -0.0400924682617188 0.00998687744140624
0.0764007568359375 -0.110618591308594 -0.04150390625 -0.00162887573242189
0.110862731933594 -0.105667114257813 -0.0480079650878906 -0.00271606445312501
0.160919189453125 -0.0823211669921875 0.00631427764892579 0.0038456916809082
0.173965454101562 -0.02276611328125 -0.058258056640625 -0.1793212890625
0.110733032226563 -0.0222015380859375 0.03448486328125 -0.116767883300781
0.104133605957031 -0.0438385009765625 0.0962753295898438 -0.104461669921875
0.0606765747070313 -0.0632400512695313 0.0821685791015625 -0.143722534179688
0.0405197143554688 -0.0644989013671875 0.0469436645507812 -0.136459350585938
-0.00662994384765625 -0.072509765625 0.00375366210937499 -0.141845703125
-0.0472640991210937 -0.0708389282226563 -0.0205459594726563 -0.118255615234375
-0.0481719970703125 -0.066558837890625 -0.00556182861328126 -0.07684326171875
-0.0712738037109375 -0.0685195922851563 0.00777435302734374 -0.0538787841796875
-0.0601882934570313 -0.0821533203125 0.0121479034423828 -0.0134916305541992
-0.0271759033203125 -0.116188049316406 -0.00119304656982422 0.0147857666015625
0.014068603515625 -0.130462646484375 -0.0302391052246094 0.00710296630859374
0.105972290039062 -0.103729248046875 -0.0254955291748047 -0.0185966491699219
0.138725280761719 -0.0835494995117188 -0.00998687744140624 -0.0370101928710938
0.178558349609375 -0.04595947265625 0.0682640075683594 -0.0162124633789063
0.176803588867188 0.0241851806640625 0.00883483886718751 -0.175796508789063
0.14617919921875 0.01068115234375 0.0884857177734375 -0.121185302734375
0.1553955078125 -0.03680419921875 0.118644714355469 -0.107353210449219
0.101470947265625 -0.0851287841796875 0.0896759033203125 -0.137046813964844
0.0659942626953125 -0.0921554565429688 0.0492095947265625 -0.116081237792969
0.00414276123046876 -0.107620239257813 0.011810302734375 -0.114295959472656
-0.040313720703125 -0.10455322265625 -0.000808715820312509 -0.0875625610351563
-0.0373382568359375 -0.09637451171875 0.0159797668457031 -0.0497398376464844
-0.0573806762695313 -0.0998687744140625 0.0287113189697266 -0.0320606231689453
-0.037506103515625 -0.101287841796875 0.0246238708496094 0.00544166564941406
0.00263214111328125 -0.1221923828125 0.00666999816894531 0.0260410308837891
0.0419540405273438 -0.125312805175781 -0.0234909057617187 0.00790596008300781
0.128532409667969 -0.0768051147460938 -0.0141773223876953 -0.0281410217285156
0.152328491210938 -0.041412353515625 0.0241127014160156 -0.0603523254394531
0.174041748046875 0.0030670166015625 0.127693176269531 -0.0239791870117188
0.149200439453125 0.0631866455078125 0.0670318603515625 -0.157974243164063
0.148239135742188 0.0417327880859375 0.1328125 -0.118118286132813
0.170761108398438 -0.0196380615234375 0.126304626464844 -0.102760314941406
0.119522094726563 -0.085357666015625 0.087982177734375 -0.116371154785156
0.0786209106445313 -0.0963211059570313 0.0478897094726563 -0.0828704833984375
0.0159225463867187 -0.119949340820313 0.0222854614257813 -0.0726852416992188
-0.0262527465820313 -0.120315551757813 0.0216140747070313 -0.0471878051757813
-0.0209808349609375 -0.111831665039062 0.0345611572265625 -0.0150394439697266
-0.0352096557617187 -0.117973327636719 0.0434799194335938 -0.000846862792968757
-0.00894927978515625 -0.10980224609375 0.0283832550048828 0.0311717987060547
0.0359725952148437 -0.11590576171875 0.00625228881835937 0.0417251586914062
0.0724411010742188 -0.105003356933594 -0.0201091766357422 0.0137462615966797
0.143051147460937 -0.035552978515625 -0.00546646118164062 -0.0273380279541016
0.152572631835938 0.01153564453125 0.0548820495605469 -0.0647811889648438
0.147720336914063 0.0553741455078125 0.17559814453125 -0.012939453125
0.0956802368164063 0.0905075073242188 0.104728698730469 -0.132743835449219
0.117584228515625 0.0663375854492188 0.15643310546875 -0.107391357421875
0.146087646484375 0.0066680908203125 0.118309020996094 -0.0916366577148438
0.109878540039062 -0.0604705810546875 0.07781982421875 -0.0874176025390625
0.0775909423828125 -0.0739517211914063 0.0434226989746094 -0.0461196899414063
0.0296630859375 -0.1064453125 0.0316753387451172 -0.0300254821777344
-0.00598907470703125 -0.115966796875 0.0401802062988281 -0.00576019287109376
-0.00149536132812499 -0.109893798828125 0.0471000671386719 0.0207290649414062
-0.010498046875 -0.120429992675781 0.0503997802734375 0.0377845764160156
0.0164413452148438 -0.106704711914063 0.0226669311523437 0.0625381469726563
0.0609359741210938 -0.100112915039063 -0.00125503540039063 0.0615386962890625
0.091278076171875 -0.0789413452148438 -0.0203514099121094 0.0263271331787109
0.144180297851562 0.00518798828125 0.000384330749511729 -0.0121498107910156
0.136337280273438 0.0628433227539063 0.07806396484375 -0.0450973510742187
0.104644775390625 0.100173950195313 0.207504272460938 0.0176849365234375
0.027740478515625 0.106239318847656 0.114097595214844 -0.101593017578125
0.0630111694335938 0.0844268798828125 0.154388427734375 -0.0888671875
0.0923995971679688 0.0381622314453125 0.099945068359375 -0.0746917724609375
0.0811233520507813 -0.0158157348632813 0.0659751892089844 -0.0577888488769531
0.0675544738769531 -0.0297927856445312 0.0368766784667969 -0.0174598693847656
0.04571533203125 -0.0718994140625 0.0371627807617188 0.00379180908203125
0.0192337036132812 -0.093963623046875 0.0510940551757813 0.0302162170410156
0.0178146362304687 -0.0922012329101563 0.0526657104492188 0.0537605285644531
0.0118942260742188 -0.106117248535156 0.04974365234375 0.0750961303710938
0.030975341796875 -0.0907821655273438 0.0122222900390625 0.09442138671875
0.067962646484375 -0.0772476196289063 -0.011077880859375 0.0838394165039063
0.0914688110351563 -0.05255126953125 -0.0229148864746094 0.0467376708984375
0.125526428222656 0.0328521728515625 -0.000390052795410149 0.0158157348632813
0.103477478027344 0.0960540771484375 0.0883102416992188 -0.00643920898437499
0.0479049682617187 0.126014709472656 0.217987060546875 0.061004638671875
0.02197265625 -0.134262084960938 -0.21527099609375 -0.084320068359375
-0.07293701171875 -0.0745391845703125 -0.0903701782226563 -0.0272598266601562
-0.0951614379882813 -0.0227432250976562 0.0215415954589844 -0.0429229736328125
-0.07696533203125 0.0328292846679688 0.0448226928710937 -0.082244873046875
-0.0477066040039062 0.0449943542480469 0.0288925170898438 -0.11383056640625
-0.0258293151855469 0.0665702819824219 -0.0124740600585938 -0.12908935546875
-0.02264404296875 0.0667686462402344 -0.0592803955078125 -0.115562438964844
-0.0293502807617187 0.0580177307128906 -0.0595779418945313 -0.0833663940429688
-0.0353622436523437 0.06060791015625 -0.0551185607910156 -0.0501251220703125
-0.0514373779296875 0.03057861328125 -0.0402374267578125 -0.0257110595703125
-0.059661865234375 -0.00122070312500001 -0.0431365966796875 0.00719451904296874
-0.0565376281738281 -0.0301513671875 -0.0649871826171875 0.0290451049804688
-0.0327224731445313 -0.0749359130859375 -0.0931625366210937 0.04052734375
-0.0086669921875 -0.103843688964844 -0.128929138183594 0.0701675415039063
0.0483932495117188 -0.122146606445312 -0.0983047485351563 0.0665512084960938
0.0867538452148438 -0.111930847167969 -0.18798828125 -0.130935668945313
-0.0145759582519531 -0.0691757202148437 -0.0679779052734375 -0.0689582824707031
-0.0377998352050781 -0.0315132141113281 0.038055419921875 -0.0727081298828125
-0.0385665893554688 0.00728607177734375 0.053070068359375 -0.112655639648438
-0.0193386077880859 0.0138759613037109 0.0337371826171875 -0.132484436035156
-0.0208282470703125 0.0236835479736328 -0.00885009765624999 -0.148818969726563
-0.0364952087402344 0.0226974487304687 -0.0540390014648437 -0.134925842285156
-0.0431404113769531 0.0164642333984375 -0.0502853393554688 -0.0962066650390625
-0.0582199096679687 0.0162811279296875 -0.0441665649414062 -0.0636444091796875
-0.0653572082519531 -0.0142135620117188 -0.0297126770019531 -0.0309848785400391
-0.0554389953613281 -0.0540428161621094 -0.0344467163085938 0.00301170349121094
-0.0315780639648438 -0.0818099975585938 -0.0570144653320312 0.0159492492675781
0.0277328491210938 -0.100044250488281 -0.0694084167480469 0.0161323547363281
0.0568084716796875 -0.11407470703125 -0.0943679809570312 0.0352096557617188
0.113792419433594 -0.114089965820313 -0.0574455261230469 0.0326156616210937
0.141998291015625 -0.0745391845703125 -0.13836669921875 -0.163848876953125
0.0523262023925781 -0.0504684448242188 -0.0270919799804687 -0.098480224609375
0.0341339111328125 -0.0395889282226563 0.0648040771484375 -0.0942153930664063
0.0117607116699219 -0.0268287658691406 0.066009521484375 -0.136909484863281
0.0133342742919922 -0.0260429382324219 0.0391082763671875 -0.144073486328125
-0.0135154724121094 -0.0264644622802734 -0.0069122314453125 -0.155838012695313
-0.0460319519042969 -0.0266647338867188 -0.0447616577148438 -0.13568115234375
-0.0504150390625 -0.0284385681152344 -0.0339813232421875 -0.093902587890625
-0.0725250244140625 -0.0286178588867188 -0.0239448547363281 -0.0643806457519531
-0.0706558227539063 -0.053619384765625 -0.0131206512451172 -0.0255832672119141
-0.047943115234375 -0.094268798828125 -0.0212116241455078 0.00779533386230468
-0.01171875 -0.118301391601563 -0.0475997924804688 0.00978469848632811
0.072509765625 -0.115165710449219 -0.049835205078125 -0.00555419921875001
0.105819702148438 -0.111930847167969 -0.0566062927246094 -0.00374603271484375
0.159561157226563 -0.091796875 -0.000465154647827139 0.00229215621948242
0.178054809570313 -0.0278778076171875 -0.07421875 -0.179443359375
0.113616943359375 -0.0236129760742188 0.0256195068359375 -0.115669250488281
0.107528686523438 -0.0462722778320313 0.0938720703125 -0.106369018554688
0.0629234313964844 -0.0644340515136719 0.079071044921875 -0.147354125976563
0.0441055297851562 -0.0681495666503906 0.0433731079101563 -0.140243530273437
-0.00626373291015625 -0.0758438110351563 -0.00263977050781251 -0.144561767578125
-0.0497360229492188 -0.0727996826171875 -0.0294189453125 -0.118721008300781
-0.0503883361816406 -0.0691871643066406 -0.012054443359375 -0.0770797729492188
-0.0739974975585938 -0.069976806640625 -8.01086425781244E-05 -0.0530548095703125
-0.0631942749023438 -0.0831069946289063 0.0049295425415039 -0.0126399993896484
-0.0306625366210937 -0.118110656738281 -0.00869083404541016 0.015777587890625
0.00972747802734375 -0.134651184082031 -0.0391616821289063 0.00693893432617187
0.105857849121094 -0.111106872558594 -0.0351943969726563 -0.0224685668945313
0.138908386230469 -0.0916290283203125 -0.0198898315429687 -0.0403671264648438
0.182510375976563 -0.05426025390625 0.0621871948242188 -0.0208587646484375
0.185348510742188 0.018096923828125 -0.004791259765625 -0.178054809570313
0.153091430664063 0.00732421875 0.0811386108398438 -0.123252868652344
0.161819458007813 -0.0442657470703125 0.116180419921875 -0.109596252441406
0.103317260742188 -0.091033935546875 0.0870208740234375 -0.140914916992188
0.0667648315429688 -0.0993270874023438 0.046661376953125 -0.118782043457031
0.000480651855468738 -0.112518310546875 0.00592041015624999 -0.11529541015625
-0.0468826293945312 -0.107101440429688 -0.00743865966796876 -0.087005615234375
-0.042694091796875 -0.099456787109375 0.0109748840332031 -0.0486183166503906
-0.0636672973632812 -0.10137939453125 0.0224285125732422 -0.0301380157470703
-0.0423126220703125 -0.103790283203125 0.0179309844970703 0.00759124755859374
-0.00180053710937499 -0.127212524414063 -0.000205993652343748 0.0284461975097656
0.0389785766601562 -0.131011962890625 -0.0319023132324219 0.00837516784667968
0.13189697265625 -0.0854263305664063 -0.0242156982421875 -0.0325279235839844
0.15789794921875 -0.0502471923828125 0.0152206420898438 -0.0660934448242188
0.182281494140625 -0.0040435791015625 0.123641967773437 -0.0302505493164062
0.161117553710938 0.05828857421875 0.0566253662109375 -0.16302490234375
0.158523559570313 0.036956787109375 0.126968383789063 -0.122489929199219
0.179702758789063 -0.0296630859375 0.12469482421875 -0.105903625488281
0.120811462402344 -0.0950469970703125 0.085723876953125 -0.119438171386719
0.0780258178710938 -0.105987548828125 0.04693603515625 -0.0842132568359375
0.00950622558593751 -0.125740051269531 0.0175628662109375 -0.07373046875
-0.0357284545898437 -0.123062133789063 0.0175323486328125 -0.0465354919433594
-0.0287933349609375 -0.114364624023438 0.0321903228759766 -0.0141448974609375
-0.0442962646484375 -0.12030029296875 0.0397605895996094 0.00193786621093749
-0.0156478881835937 -0.11322021484375 0.0228462219238281 0.0356559753417969
0.0305557250976562 -0.122871398925781 3.81469726562568E-05 0.0455093383789063
0.0694808959960938 -0.113883972167969 -0.0285835266113281 0.0147686004638672
0.149337768554687 -0.0463714599609375 -0.0147933959960937 -0.0317611694335938
0.161605834960938 0.0031890869140625 0.0474929809570313 -0.0712127685546875
0.160186767578125 0.050445556640625 0.174606323242188 -0.02099609375
0.108726501464844 0.08782958984375 0.0985336303710938 -0.138832092285156
0.129371643066406 0.0617141723632813 0.153472900390625 -0.114639282226563
0.155899047851563 -0.004150390625 0.117462158203125 -0.0947494506835937
0.111137390136719 -0.071441650390625 0.0777359008789063 -0.0883026123046875
0.0762710571289063 -0.084197998046875 0.0451850891113281 -0.0468215942382813
0.0219345092773437 -0.112678527832031 0.0305995941162109 -0.0303287506103516
-0.0167922973632813 -0.118820190429687 0.0394363403320313 -0.00474166870117188
-0.0104904174804688 -0.112953186035156 0.0478668212890625 0.0226173400878906
-0.02081298828125 -0.122428894042969 0.0490531921386719 0.04052734375
0.00895690917968749 -0.110008239746094 0.019622802734375 0.068206787109375
0.0551910400390625 -0.107521057128906 -0.0061187744140625 0.0659828186035156
0.0890045166015625 -0.0885391235351563 -0.0273380279541016 0.0279159545898437
0.151763916015625 -0.00567626953125 -0.0061206817626953 -0.0163946151733398
0.148727416992188 0.05511474609375 0.0742568969726563 -0.0524215698242188
0.118675231933594 0.0976638793945313 0.210525512695313 0.00915527343750001
0.0398025512695313 0.106788635253906 0.112884521484375 -0.108139038085937
0.0749969482421875 0.081390380859375 0.154632568359375 -0.0966033935546875
0.102279663085938 0.029510498046875 0.0992431640625 -0.0766143798828125
0.08251953125 -0.0260162353515625 0.0676994323730469 -0.0570869445800781
0.0666351318359375 -0.038238525390625 0.040496826171875 -0.0164871215820313
0.0381088256835938 -0.0779647827148437 0.0392646789550781 0.00478744506835937
0.009521484375 -0.0965499877929688 0.0543632507324219 0.0307083129882812
0.00862884521484374 -0.095123291015625 0.0563163757324219 0.0554122924804687
0.00155639648437499 -0.106857299804688 0.0519561767578125 0.0786666870117188
0.02239990234375 -0.0940780639648437 0.012481689453125 0.100578308105469
0.061859130859375 -0.0848922729492188 -0.01385498046875 0.0882034301757813
0.0884170532226562 -0.0623703002929687 -0.0276107788085937 0.0481796264648437
0.133613586425781 0.02301025390625 -0.00335979461669921 0.0132980346679688
0.115936279296875 0.0900802612304687 0.0886459350585938 -0.0135116577148437
0.0618896484375 0.125717163085938 0.224441528320313 0.0537872314453125
0.00809478759765625 -0.137001037597656 -0.228836059570312 -0.072906494140625
-0.0814743041992187 -0.0671615600585938 -0.0942459106445313 -0.01904296875
-0.0998153686523438 -0.0107879638671875 0.022216796875 -0.0436248779296875
-0.073486328125 0.0431060791015625 0.0457534790039062 -0.0871047973632812
-0.0414848327636719 0.0508270263671875 0.0270462036132813 -0.119300842285156
-0.0166206359863281 0.0681419372558594 -0.0164871215820313 -0.136116027832031
-0.0143775939941406 0.0674209594726562 -0.0677566528320312 -0.119232177734375
-0.0226211547851563 0.0590782165527344 -0.0680618286132812 -0.0848312377929688
-0.0274314880371094 0.06182861328125 -0.0616035461425781 -0.0495071411132812
-0.0456695556640625 0.0344696044921875 -0.0458145141601563 -0.0264053344726562
-0.0571098327636719 0.0051727294921875 -0.0478935241699219 0.00738906860351562
-0.0586357116699219 -0.0226783752441406 -0.0689735412597656 0.0307807922363281
-0.0423088073730469 -0.0696945190429687 -0.0971832275390625 0.0433883666992188
-0.0210800170898437 -0.102874755859375 -0.131690979003906 0.0777053833007813
0.0359039306640625 -0.128791809082031 -0.101310729980469 0.0730667114257813
0.0783004760742188 -0.117851257324219 -0.205230712890625 -0.121292114257813
-0.0198745727539063 -0.0645484924316406 -0.0755081176757813 -0.062744140625
-0.0404243469238281 -0.0239486694335937 0.0367507934570313 -0.0744705200195313
-0.0345268249511719 0.0142345428466797 0.0507736206054687 -0.117362976074219
-0.0140132904052734 0.0164346694946289 0.0301895141601563 -0.138763427734375
-0.0145549774169922 0.0236244201660156 -0.0159149169921875 -0.155014038085937
-0.0320262908935547 0.0227699279785156 -0.0649185180664063 -0.137237548828125
-0.0398788452148437 0.0165596008300781 -0.06036376953125 -0.096893310546875
-0.0547637939453125 0.017181396484375 -0.05267333984375 -0.0624732971191406
-0.0634117126464844 -0.0117111206054687 -0.0372543334960938 -0.0309104919433594
-0.0562400817871094 -0.0508995056152344 -0.0406761169433594 0.0043182373046875
-0.0361557006835938 -0.0790328979492187 -0.0633583068847656 0.0170974731445313
0.0197296142578125 -0.101417541503906 -0.077056884765625 0.0163421630859375
0.0466537475585938 -0.118110656738281 -0.100502014160156 0.0400543212890625
0.105934143066406 -0.124015808105469 -0.0628929138183594 0.0360298156738281
0.140304565429688 -0.0830841064453125 -0.158645629882812 -0.15765380859375
0.051239013671875 -0.0501441955566406 -0.036651611328125 -0.0948715209960937
0.0347709655761719 -0.0381393432617188 0.0625991821289063 -0.0977401733398438
0.0148448944091797 -0.0245132446289063 0.06182861328125 -0.142959594726563
0.0173664093017578 -0.0273265838623047 0.0337371826171875 -0.149993896484375
-0.0103893280029297 -0.0292758941650391 -0.015411376953125 -0.16046142578125
-0.04595947265625 -0.0273208618164063 -0.056610107421875 -0.137054443359375
-0.0514183044433594 -0.0296592712402344 -0.0435791015625 -0.09405517578125
-0.0737152099609375 -0.028594970703125 -0.0329132080078125 -0.0635528564453125
-0.0725631713867188 -0.0518722534179687 -0.0206985473632813 -0.0250091552734375
-0.0517349243164062 -0.0941696166992188 -0.028411865234375 0.00964927673339843
-0.0175094604492188 -0.119422912597656 -0.0554237365722656 0.0113525390625
0.0675506591796875 -0.121452331542969 -0.0597381591796875 -0.00634384155273439
0.0999984741210938 -0.119911193847656 -0.0652351379394531 -0.00228500366210939
0.15716552734375 -0.104293823242188 -0.00690555572509765 0.00102901458740234
0.182876586914063 -0.0378265380859375 -0.0941314697265625 -0.177169799804688
0.117446899414062 -0.027496337890625 0.0161590576171875 -0.115333557128906
0.111312866210937 -0.0515213012695312 0.0917892456054688 -0.110572814941406
0.0645904541015625 -0.0684814453125 0.07452392578125 -0.153762817382813
0.0454635620117188 -0.0739898681640625 0.037841796875 -0.145660400390625
-0.00766754150390625 -0.0800094604492188 -0.0121612548828125 -0.14825439453125
-0.0546646118164062 -0.0738754272460938 -0.0399246215820313 -0.118789672851563
-0.0549240112304687 -0.0709304809570313 -0.0205078125 -0.0764617919921875
-0.0797958374023438 -0.0698928833007813 -0.00780105590820314 -0.051666259765625
-0.0680465698242188 -0.08367919921875 -0.00188255310058594 -0.0106067657470703
-0.036285400390625 -0.120994567871094 -0.0144329071044922 0.0197277069091797
0.0035247802734375 -0.139289855957031 -0.0471878051757812 0.00983810424804687
0.104202270507813 -0.121017456054688 -0.0466384887695313 -0.0250129699707031
0.137840270996094 -0.102424621582031 -0.031005859375 -0.0424652099609375
0.186569213867188 -0.0672760009765625 0.0565986633300781 -0.0258102416992188
0.195327758789062 0.0089111328125 -0.02191162109375 -0.180267333984375
0.161956787109375 -7.62939453125E-05 0.0719757080078125 -0.126853942871094
0.168365478515625 -0.0555877685546875 0.114326477050781 -0.114799499511719
0.103858947753906 -0.100875854492188 0.08270263671875 -0.146820068359375
0.0659408569335938 -0.109405517578125 0.0418472290039063 -0.123786926269531
-0.00536346435546874 -0.117759704589844 -0.00235748291015626 -0.118179321289063
-0.0557937622070313 -0.108154296875 -0.0159072875976563 -0.0864410400390625
-0.0505294799804688 -0.102005004882813 0.00580215454101562 -0.0480079650878906
-0.0727157592773438 -0.101966857910156 0.0168800354003906 -0.0282669067382813
-0.0497589111328125 -0.1053466796875 0.0132150650024414 0.0112581253051758
-0.00928497314453124 -0.13238525390625 -0.00598907470703125 0.0328884124755859
0.032501220703125 -0.139480590820313 -0.0407180786132813 0.0116043090820313
0.134162902832031 -0.098846435546875 -0.0355796813964844 -0.0355987548828125
0.161651611328125 -0.062347412109375 0.00398254394531252 -0.0711593627929687
0.191848754882813 -0.01513671875 0.119529724121094 -0.0392684936523438
0.174560546875 0.0508270263671875 0.044158935546875 -0.167678833007813
0.17034912109375 0.0283355712890625 0.120468139648438 -0.129501342773438
0.187835693359375 -0.044464111328125 0.122505187988281 -0.111778259277344
0.119873046875 -0.108108520507813 0.082763671875 -0.124290466308594
0.0752029418945313 -0.11822509765625 0.0449676513671875 -0.0885772705078125
0.000320434570312499 -0.13189697265625 0.0124130249023438 -0.0752716064453125
-0.047515869140625 -0.124443054199219 0.0127830505371094 -0.0458183288574219
-0.0389938354492188 -0.11761474609375 0.0308380126953125 -0.0126991271972656
-0.0555267333984375 -0.120880126953125 0.0370216369628906 0.00441741943359374
-0.0238800048828125 -0.116012573242188 0.0208091735839844 0.0403060913085937
0.023590087890625 -0.130783081054687 -0.00370788574218749 0.0511360168457031
0.0644989013671875 -0.124046325683594 -0.036468505859375 0.0183753967285156
0.154800415039063 -0.0605316162109375 -0.0245838165283203 -0.0347118377685547
0.171142578125 -0.0087738037109375 0.037811279296875 -0.079254150390625
0.173980712890625 0.04156494140625 0.173904418945313 -0.0324859619140625
0.12396240234375 0.0834884643554687 0.0910186767578125 -0.146270751953125
0.143142700195313 0.0544891357421875 0.14892578125 -0.124191284179688
0.166275024414063 -0.0186767578125 0.116012573242188 -0.100013732910156
0.110275268554688 -0.0851516723632813 0.0767364501953125 -0.0926895141601563
0.0732269287109375 -0.095916748046875 0.0456275939941406 -0.0487213134765625
0.0115280151367187 -0.119438171386719 0.0294857025146484 -0.0312271118164063
-0.0293350219726562 -0.120353698730469 0.0399627685546875 -0.00440597534179688
-0.0215225219726563 -0.115989685058594 0.0504913330078125 0.023681640625
-0.0330810546875 -0.123504638671875 0.0501480102539063 0.0436668395996094
-0.00109100341796876 -0.113372802734375 0.0193252563476563 0.0750579833984375
0.0475082397460937 -0.115829467773437 -0.00821685791015624 0.0724334716796875
0.0850601196289063 -0.0992813110351563 -0.0333766937255859 0.0317745208740234
0.159683227539063 -0.019439697265625 -0.0129890441894531 -0.0190868377685547
0.1610107421875 0.0435791015625 0.0686531066894531 -0.0612106323242187
0.134918212890625 0.0917587280273438 0.215560913085938 -0.00285339355468749
0.0536956787109375 0.105918884277344 0.110702514648437 -0.11663818359375
0.088226318359375 0.0768051147460937 0.153793334960938 -0.107498168945312
0.112167358398438 0.0183792114257813 0.0997238159179688 -0.0801849365234375
0.083221435546875 -0.0375518798828125 0.0696640014648438 -0.0592613220214844
0.0645866394042969 -0.0485687255859375 0.0445442199707031 -0.0174636840820313
0.0297012329101563 -0.083251953125 0.0419998168945313 0.00416946411132812
-0.0023345947265625 -0.0985794067382813 0.0586013793945313 0.0302085876464844
-0.00115966796875001 -0.0969161987304688 0.0621376037597656 0.0566864013671875
-0.010650634765625 -0.1085205078125 0.0570602416992187 0.08221435546875
0.0123748779296875 -0.0970611572265625 0.0146102905273437 0.108322143554688
0.0539779663085937 -0.0928802490234375 -0.014190673828125 0.09503173828125
0.0845413208007813 -0.0732574462890625 -0.0312385559082031 0.0521240234375
0.141342163085938 0.009490966796875 -0.00692367553710937 0.0104923248291016
0.129844665527344 0.0810089111328125 0.08770751953125 -0.0222702026367187
0.077728271484375 0.124053955078125 0.2349853515625 0.0418701171875
-0.00849914550781251 -0.136924743652344 -0.240768432617187 -0.0547943115234375
-0.088623046875 -0.056732177734375 -0.0963058471679688 -0.00908660888671875
-0.101631164550781 0.00366973876953127 0.0215263366699219 -0.0446929931640625
-0.0670433044433594 0.0535697937011719 0.0429840087890625 -0.0925979614257812
-0.0334625244140625 0.0561408996582031 0.022613525390625 -0.124923706054687
-0.0065460205078125 0.06744384765625 -0.02459716796875 -0.141189575195313
-0.00504302978515625 0.066314697265625 -0.0786972045898437 -0.118896484375
-0.0145759582519531 0.0588874816894531 -0.0774917602539063 -0.082611083984375
-0.0188446044921875 0.0608634948730469 -0.0684700012207031 -0.0469970703125
-0.038787841796875 0.0369644165039063 -0.052093505859375 -0.0251083374023438
-0.0538139343261719 0.0109367370605469 -0.0523948669433594 0.00946807861328124
-0.0596847534179688 -0.0141639709472656 -0.0720901489257813 0.0351715087890625
-0.0514907836914063 -0.0620155334472656 -0.09930419921875 0.0487594604492187
-0.0343170166015625 -0.0978622436523438 -0.130851745605469 0.0873870849609375
0.020050048828125 -0.132896423339844 -0.100181579589844 0.0810470581054687
0.0664520263671875 -0.123207092285156 -0.221633911132813 -0.104827880859375
-0.0252418518066406 -0.0589179992675781 -0.0818710327148437 -0.0533676147460938
-0.04083251953125 -0.0151939392089844 0.03314208984375 -0.076446533203125
-0.0287494659423828 0.0208892822265625 0.0452651977539063 -0.122848510742188
-0.00739860534667969 0.0181121826171875 0.0231781005859375 -0.142868041992187
-0.00755500793457031 0.0219573974609375 -0.025970458984375 -0.1591796875
-0.0270061492919922 0.0222854614257812 -0.0784912109375 -0.1356201171875
-0.0360908508300781 0.0161705017089844 -0.0713424682617187 -0.0943069458007813
-0.0509834289550781 0.0177345275878906 -0.0617523193359375 -0.0591812133789062
-0.0608100891113281 -0.00872421264648439 -0.0449867248535156 -0.0295982360839844
-0.0574150085449219 -0.0463142395019531 -0.0458831787109375 0.00711822509765625
-0.0405960083007813 -0.07476806640625 -0.0690803527832031 0.0214195251464844
0.0104904174804688 -0.101020812988281 -0.0826644897460938 0.0196151733398437
0.0345306396484375 -0.11981201171875 -0.104576110839844 0.0473480224609375
0.0937042236328125 -0.134201049804688 -0.0665130615234375 0.0408592224121094
0.134651184082031 -0.0923538208007813 -0.178436279296875 -0.143463134765625
0.0489654541015625 -0.0502090454101562 -0.04681396484375 -0.087890625
0.0352668762207031 -0.03692626953125 0.05780029296875 -0.100738525390625
0.0178050994873047 -0.0230560302734375 0.0541534423828125 -0.14862060546875
0.0205287933349609 -0.0296154022216797 0.0247344970703125 -0.154052734375
-0.00819969177246094 -0.0316905975341797 -0.02783203125 -0.16302490234375
-0.0461845397949219 -0.0270614624023437 -0.0695877075195312 -0.134498596191406
-0.0523757934570312 -0.028961181640625 -0.0540390014648438 -0.0912857055664063
-0.075164794921875 -0.026611328125 -0.0421638488769531 -0.0600814819335938
-0.0746307373046875 -0.0492782592773437 -0.0279159545898438 -0.0226192474365234
-0.056671142578125 -0.0913467407226563 -0.0332088470458984 0.0134353637695313
-0.0256576538085937 -0.118370056152344 -0.0632743835449219 0.0159797668457031
0.0589447021484375 -0.126502990722656 -0.0693359375 -0.00426483154296874
0.0900955200195313 -0.127105712890625 -0.0738906860351563 0.001678466796875
0.149978637695313 -0.117599487304688 -0.0138759613037109 0.00119781494140624
0.183990478515625 -0.051177978515625 -0.114273071289062 -0.167755126953125
0.119087219238281 -0.0336761474609375 0.00421905517578126 -0.11212158203125
0.112152099609375 -0.058807373046875 0.0856552124023437 -0.115821838378906
0.0644302368164063 -0.0731735229492188 0.06524658203125 -0.15960693359375
0.0449600219726563 -0.08050537109375 0.028961181640625 -0.149658203125
-0.0110092163085937 -0.08343505859375 -0.024200439453125 -0.14923095703125
-0.0601654052734375 -0.07257080078125 -0.0522308349609375 -0.115837097167969
-0.0608291625976562 -0.0702705383300781 -0.0290145874023438 -0.0739364624023438
-0.0863494873046875 -0.06683349609375 -0.0157546997070313 -0.0488777160644531
-0.0738983154296875 -0.0810317993164062 -0.00772762298583985 -0.00774717330932618
-0.0443572998046875 -0.121086120605469 -0.0194034576416016 0.0238742828369141
-0.00601196289062499 -0.141983032226563 -0.0555801391601563 0.0152740478515625
0.0971755981445312 -0.132102966308594 -0.0585517883300781 -0.0233192443847656
0.13177490234375 -0.113883972167969 -0.0427665710449219 -0.0411605834960938
0.185562133789063 -0.0826416015625 0.0488204956054688 -0.0312004089355469
0.20263671875 -0.00555419921875 -0.04144287109375 -0.1763916015625
0.167404174804688 -0.0111236572265625 0.0593795776367188 -0.127967834472656
0.170547485351563 -0.0699005126953125 0.108497619628906 -0.121383666992188
0.0995941162109375 -0.111053466796875 0.07391357421875 -0.153335571289063
0.0613555908203125 -0.118980407714844 0.0345840454101563 -0.128036499023438
-0.0143356323242187 -0.121467590332031 -0.0125579833984375 -0.117568969726563
-0.0660400390625 -0.106132507324219 -0.0251846313476563 -0.0835494995117188
-0.0603179931640625 -0.101699829101563 6.86645507812488E-05 -0.0458450317382813
-0.0833663940429688 -0.0987625122070313 0.0111541748046875 -0.0256900787353516
-0.0583343505859375 -0.104499816894531 0.00966835021972656 0.0150604248046875
-0.0191650390625 -0.136192321777344 -0.00930404663085938 0.0386199951171875
0.0230560302734375 -0.145721435546875 -0.0480232238769531 0.0172843933105469
0.130043029785156 -0.113059997558594 -0.0484466552734375 -0.0343170166015625
0.161529541015625 -0.0772247314453125 -0.00927734374999999 -0.072998046875
0.197769165039063 -0.0306854248046875 0.112525939941406 -0.0487747192382812
0.186721801757813 0.03765869140625 0.0280303955078125 -0.169754028320313
0.1796875 0.0152587890625 0.108963012695313 -0.135711669921875
0.19207763671875 -0.0637359619140625 0.117012023925781 -0.118721008300781
0.115036010742188 -0.122222900390625 0.0760879516601563 -0.130218505859375
0.067657470703125 -0.129974365234375 0.0400466918945313 -0.0915756225585938
-0.0117874145507813 -0.135780334472656 0.00565338134765626 -0.0745391845703125
-0.0605239868164063 -0.122230529785156 0.00799942016601562 -0.0438346862792969
-0.0512847900390625 -0.117080688476563 0.0293388366699219 -0.0121536254882813
-0.0687332153320312 -0.118354797363281 0.0353889465332031 0.00689697265624999
-0.035125732421875 -0.116493225097656 0.0198898315429688 0.0452384948730469
0.0121002197265625 -0.135940551757813 -0.00522994995117187 0.0573272705078125
0.0555953979492188 -0.133590698242188 -0.042572021484375 0.0244293212890625
0.155319213867188 -0.0773773193359375 -0.0353317260742188 -0.0348396301269531
0.176284790039063 -0.0253753662109375 0.0257949829101563 -0.083984375
0.185867309570313 0.0275726318359375 0.170745849609375 -0.0460357666015625
0.138359069824219 0.0735092163085938 0.07867431640625 -0.152603149414063
0.154449462890625 0.0413665771484375 0.140098571777344 -0.134262084960938
0.17120361328125 -0.037200927734375 0.112335205078125 -0.106002807617188
0.105148315429688 -0.0989913940429688 0.0731201171875 -0.097137451171875
0.0650482177734375 -0.107978820800781 0.0449333190917969 -0.0515174865722656
-0.00109863281250001 -0.122772216796875 0.0270862579345703 -0.0314140319824219
-0.0436935424804688 -0.118339538574219 0.0396804809570313 -0.00484085083007813
-0.0342483520507812 -0.115394592285156 0.0529441833496094 0.0235519409179687
-0.0470123291015625 -0.121330261230469 0.0528450012207031 0.045501708984375
-0.0123367309570312 -0.113693237304688 0.0225372314453125 0.0804367065429687
0.0358657836914063 -0.12310791015625 -0.007904052734375 0.0791244506835937
0.07659912109375 -0.110252380371094 -0.0374755859375 0.0373191833496094
0.162384033203125 -0.037506103515625 -0.0212879180908203 -0.0200481414794922
0.171096801757813 0.0273590087890625 0.0601959228515625 -0.0693893432617188
0.150054931640625 0.0809326171875 0.2161865234375 -0.0196075439453125
0.0689010620117188 0.100479125976563 0.102882385253906 -0.12493896484375
0.100959777832031 0.0674285888671875 0.147430419921875 -0.119369506835938
0.118453979492188 0.0037384033203125 0.097564697265625 -0.0848770141601562
0.0798568725585938 -0.04901123046875 0.0699234008789063 -0.0630760192871094
0.0589141845703125 -0.0585403442382813 0.0474777221679688 -0.0198440551757813
0.018585205078125 -0.086883544921875 0.0448722839355469 0.00258255004882812
-0.015106201171875 -0.0969772338867188 0.0632057189941406 0.0283126831054687
-0.0132980346679688 -0.0965957641601563 0.0682487487792969 0.0554924011230469
-0.0230789184570313 -0.105880737304688 0.0633163452148438 0.0836868286132812
0.00093078613281251 -0.09637451171875 0.0207061767578125 0.114448547363281
0.043060302734375 -0.0989532470703125 -0.0115280151367187 0.101829528808594
0.0762252807617188 -0.08343505859375 -0.0334625244140625 0.0566787719726562
0.145553588867188 -0.006988525390625 -0.0108003616333008 0.00890731811523437
0.141632080078125 0.0665435791015625 0.0844802856445313 -0.0322723388671875
0.09490966796875 0.116851806640625 0.241989135742188 0.024078369140625
-0.0236129760742187 -0.13006591796875 -0.243087768554688 -0.0335540771484375
-0.0918731689453125 -0.0449066162109375 -0.0943222045898438 0.00131225585937501
-0.0979232788085938 0.016693115234375 0.0200004577636719 -0.04473876953125
-0.0574417114257812 0.0604133605957031 0.0396728515625 -0.0956497192382813
-0.0247077941894531 0.0579719543457031 0.0164566040039063 -0.126884460449219
0.00284194946289063 0.0634078979492188 -0.032928466796875 -0.142105102539063
0.00308609008789063 0.0617713928222656 -0.087982177734375 -0.114540100097656
-0.00762939453124999 0.0562019348144531 -0.0844268798828125 -0.0769424438476563
-0.0111846923828125 0.0572319030761719 -0.0737991333007813 -0.0419158935546875
-0.0310821533203125 0.037139892578125 -0.0567588806152344 -0.0227165222167969
-0.0473442077636719 0.0158348083496094 -0.0541954040527344 0.0122032165527344
-0.0576362609863281 -0.00577545166015625 -0.0726089477539063 0.0389328002929687
-0.0573616027832031 -0.0518112182617188 -0.0983657836914063 0.0529937744140625
-0.0445175170898438 -0.0889205932617187 -0.125564575195313 0.0951461791992188
0.00383758544921874 -0.130409240722656 -0.0965423583984375 0.0863494873046875
0.0529327392578125 -0.122673034667969 -0.229705810546875 -0.083404541015625
-0.0286827087402344 -0.0517120361328125 -0.0847854614257813 -0.0418701171875
-0.0382575988769531 -0.00672149658203124 0.0293197631835937 -0.07598876953125
-0.0218181610107422 0.0255603790283203 0.0383453369140625 -0.124229431152344
-0.00096893310546875 0.0176849365234375 0.0161285400390625 -0.143814086914063
-0.00172805786132813 0.0182819366455078 -0.0367279052734375 -0.157958984375
-0.0220985412597656 0.0202541351318359 -0.08941650390625 -0.12872314453125
-0.0323715209960938 0.0152511596679687 -0.0799331665039063 -0.08782958984375
-0.0466346740722656 0.0174598693847656 -0.0683708190917969 -0.0534133911132813
-0.0574417114257813 -0.00672531127929687 -0.0513153076171875 -0.025360107421875
-0.0566215515136719 -0.0415916442871094 -0.0492477416992188 0.0108299255371094
-0.0435676574707031 -0.0683708190917969 -0.0719070434570313 0.0263214111328125
0.00211334228515626 -0.0964431762695313 -0.0866165161132813 0.0243759155273437
0.0228424072265625 -0.116302490234375 -0.104911804199219 0.05450439453125
0.0782852172851563 -0.1378173828125 -0.0676383972167969 0.045257568359375
0.125350952148438 -0.0986099243164062 -0.190811157226563 -0.1246337890625
0.0459251403808594 -0.0485496520996094 -0.0537796020507813 -0.077880859375
0.0353584289550781 -0.03497314453125 0.051544189453125 -0.101158142089844
0.0212039947509766 -0.0222320556640625 0.04486083984375 -0.14923095703125
0.0228118896484375 -0.0325412750244141 0.0147552490234375 -0.153640747070313
-0.00728225708007813 -0.0342559814453125 -0.0390777587890625 -0.15966796875
-0.0457038879394531 -0.0264358520507812 -0.0811767578125 -0.126609802246094
-0.0526962280273437 -0.0281867980957031 -0.0626449584960938 -0.0849838256835937
-0.0752639770507813 -0.023590087890625 -0.04937744140625 -0.0537567138671875
-0.0749282836914063 -0.0449295043945313 -0.0339679718017578 -0.0183010101318359
-0.0604171752929687 -0.0866851806640625 -0.0369071960449219 0.0184097290039063
-0.0324554443359375 -0.114639282226563 -0.0671348571777344 0.0223236083984375
0.0490264892578125 -0.128105163574219 -0.0768508911132813 3.0517578124987E-05
0.0778656005859375 -0.130233764648438 -0.0791778564453125 0.00836181640624998
0.138092041015625 -0.126480102539063 -0.0195064544677734 0.00257492065429687
0.179168701171875 -0.062774658203125 -0.13043212890625 -0.151611328125
0.117820739746094 -0.0390396118164063 -0.00662994384765625 -0.104789733886719
0.110260009765625 -0.064697265625 0.0782318115234375 -0.117416381835938
0.06219482421875 -0.0763626098632813 0.05438232421875 -0.16094970703125
0.0418548583984375 -0.08514404296875 0.018829345703125 -0.14959716796875
-0.014678955078125 -0.0843963623046875 -0.0355072021484375 -0.144119262695313
-0.063934326171875 -0.0693473815917969 -0.0618743896484375 -0.108245849609375
-0.065460205078125 -0.0675811767578125 -0.0360794067382813 -0.0689620971679688
-0.0902786254882813 -0.0620574951171875 -0.0224113464355469 -0.0439720153808594
-0.0778579711914062 -0.0763320922851563 -0.0124893188476563 -0.00356197357177735
-0.0514755249023438 -0.117424011230469 -0.0219249725341797 0.0285472869873047
-0.0152435302734375 -0.140129089355469 -0.0599212646484375 0.021575927734375
0.087127685546875 -0.13812255859375 -0.0686416625976563 -0.0183029174804688
0.121772766113281 -0.121734619140625 -0.0524444580078125 -0.0367202758789063
0.178466796875 -0.0959014892578125 0.0394821166992188 -0.0336761474609375
0.20330810546875 -0.0205535888671875 -0.058502197265625 -0.165451049804688
0.167953491210938 -0.0223388671875 0.0477981567382813 -0.124923706054688
0.1669921875 -0.0833740234375 0.100151062011719 -0.124526977539063
0.0935897827148438 -0.1181640625 0.0628204345703125 -0.154983520507813
0.053070068359375 -0.125312805175781 0.026031494140625 -0.127166748046875
-0.0223312377929688 -0.121650695800781 -0.0220413208007812 -0.113006591796875
-0.0736770629882813 -0.100578308105469 -0.0320663452148438 -0.0771255493164063
-0.06817626953125 -0.0970687866210938 -0.00428009033203125 -0.0426559448242188
-0.0907211303710938 -0.0921630859375 0.00721168518066406 -0.0222282409667969
-0.0657577514648438 -0.100181579589844 0.00708389282226562 0.0191707611083984
-0.0291976928710938 -0.135108947753906 -0.0102996826171875 0.0432777404785156
0.012420654296875 -0.147079467773438 -0.0528030395507813 0.0236549377441406
0.122062683105469 -0.124290466308594 -0.0590133666992187 -0.0296707153320313
0.155487060546875 -0.0896148681640625 -0.0219192504882812 -0.0706558227539063
0.19635009765625 -0.046600341796875 0.102027893066406 -0.0562973022460938
0.191970825195313 0.021514892578125 0.0114288330078125 -0.165130615234375
0.183197021484375 0.000823974609375 0.0956802368164063 -0.137092590332031
0.18798828125 -0.0803680419921875 0.109329223632813 -0.122505187988281
0.105255126953125 -0.131271362304688 0.0666656494140625 -0.131980895996094
0.0571975708007813 -0.136825561523438 0.03411865234375 -0.092315673828125
-0.02294921875 -0.134033203125 -0.000236511230468744 -0.0715408325195313
-0.0712738037109375 -0.114601135253906 0.00346755981445312 -0.0405769348144531
-0.061737060546875 -0.11181640625 0.0275821685791016 -0.0109901428222656
-0.0791168212890625 -0.110816955566406 0.0339736938476562 0.00851249694824218
-0.0442581176757812 -0.112327575683594 0.0207481384277344 0.049346923828125
0.000587463378906251 -0.136802673339844 -0.00459289550781251 0.0625648498535156
0.0439071655273438 -0.138145446777344 -0.0462760925292969 0.0306015014648438
0.1490478515625 -0.091644287109375 -0.04620361328125 -0.0312843322753906
0.1746826171875 -0.040771484375 0.013397216796875 -0.08514404296875
0.189910888671875 0.011260986328125 0.160797119140625 -0.05792236328125
0.147659301757813 0.0594482421875 0.06475830078125 -0.152725219726563
0.159774780273438 0.0269622802734375 0.127372741699219 -0.139457702636719
0.168914794921875 -0.0555877685546875 0.105224609375 -0.109573364257813
0.0952987670898437 -0.109367370605469 0.0674057006835938 -0.0991134643554688
0.0539093017578125 -0.114883422851563 0.0419158935546875 -0.0533485412597656
-0.0138092041015625 -0.120872497558594 0.0244960784912109 -0.0305824279785156
-0.0551681518554688 -0.111541748046875 0.0391616821289063 -0.00484085083007813
-0.0465011596679687 -0.109733581542969 0.0547866821289063 0.0217819213867187
-0.0587692260742187 -0.113426208496094 0.0550994873046875 0.0461082458496094
-0.0230941772460937 -0.110260009765625 0.0264434814453125 0.0841827392578125
0.0234909057617188 -0.124671936035156 -0.00518035888671875 0.083892822265625
0.065032958984375 -0.117134094238281 -0.0396652221679687 0.0421409606933594
0.158355712890625 -0.0538177490234375 -0.0291252136230469 -0.0188846588134766
0.173171997070313 0.010467529296875 0.0490341186523438 -0.07354736328125
0.159835815429687 0.0655059814453125 0.209564208984375 -0.0358123779296875
0.0803146362304688 0.0911712646484375 0.0928268432617188 -0.128562927246094
0.108589172363281 0.0556411743164062 0.136802673339844 -0.126495361328125
0.118766784667969 -0.0106430053710938 0.092559814453125 -0.0874710083007812
0.0724716186523438 -0.0585861206054688 0.0686225891113281 -0.0653114318847656
0.0508689880371094 -0.0655441284179688 0.0481986999511719 -0.0224342346191406
0.00762176513671876 -0.0863113403320313 0.0453338623046875 0.000434875488281245
-0.0264434814453125 -0.0913848876953125 0.0660858154296875 0.0244789123535156
-0.0235366821289063 -0.0916290283203125 0.0731658935546875 0.0513687133789062
-0.034698486328125 -0.09893798828125 0.0687713623046875 0.0822219848632813
-0.00961303710937499 -0.0926589965820313 0.0278396606445312 0.117012023925781
0.0313796997070312 -0.1007080078125 -0.0069580078125 0.10589599609375
0.0660400390625 -0.0903244018554688 -0.0331878662109375 0.0601921081542969
0.143096923828125 -0.0235748291015625 -0.0145063400268555 0.00802230834960938
0.147216796875 0.0507659912109375 0.0779037475585938 -0.0397415161132813
0.107162475585938 0.104698181152344 0.240737915039063 0.00465393066406251
-0.0337677001953125 -0.120964050292969 -0.238510131835938 -0.019012451171875
-0.0916290283203125 -0.0351333618164063 -0.0898895263671875 0.00823974609374998
-0.091552734375 0.0256195068359375 0.0194091796875 -0.0431594848632813
-0.048431396484375 0.0636367797851563 0.0372161865234375 -0.0953750610351563
-0.0174217224121094 0.0567207336425781 0.0131072998046875 -0.126174926757813
0.00876998901367188 0.0580406188964844 -0.0378570556640625 -0.141510009765625
0.00857162475585938 0.0560493469238281 -0.0919647216796875 -0.109489440917969
-0.00347137451171875 0.0521354675292969 -0.087799072265625 -0.0725936889648438
-0.00624084472656249 0.0525665283203125 -0.0753021240234375 -0.0378799438476563
-0.0255661010742188 0.03533935546875 -0.059783935546875 -0.0204200744628906
-0.0418357849121094 0.0179405212402344 -0.0562171936035156 0.0139389038085938
-0.0536308288574219 -0.000217437744140621 -0.0724105834960937 0.0406723022460938
-0.0584526062011719 -0.04296875 -0.0970535278320312 0.0550003051757813
-0.0497512817382812 -0.0793609619140625 -0.120468139648438 0.0975875854492188
-0.00775909423828125 -0.123886108398438 -0.0934600830078125 0.0877532958984375
0.0430831909179687 -0.117500305175781 -0.229446411132812 -0.0664825439453125
-0.0292892456054687 -0.0440101623535156 -0.0838470458984375 -0.0326766967773438
-0.0342178344726563 -0.000192642211914067 0.0265960693359375 -0.0732269287109375
-0.0147113800048828 0.0273303985595703 0.0340652465820313 -0.122146606445313
0.0039682388305664 0.0163602828979492 0.0105133056640625 -0.14105224609375
0.00244903564453125 0.0137844085693359 -0.0423736572265625 -0.15460205078125
-0.0183677673339844 0.0170345306396484 -0.0941238403320312 -0.122100830078125
-0.0297584533691406 0.0131111145019531 -0.0843048095703125 -0.0814132690429688
-0.0435142517089844 0.0155448913574219 -0.0718154907226563 -0.0476837158203125
-0.0530776977539063 -0.00662231445312501 -0.0545158386230469 -0.0223312377929688
-0.0539360046386719 -0.0382041931152344 -0.0516014099121094 0.0138130187988281
-0.0433082580566406 -0.0622673034667969 -0.0735015869140625 0.0301361083984375
-0.00231933593749999 -0.09075927734375 -0.0886306762695312 0.0277099609375
0.0148544311523437 -0.110260009765625 -0.103805541992188 0.0582809448242188
0.0662994384765625 -0.135429382324219 -0.0687408447265625 0.0472450256347656
0.116310119628906 -0.0989532470703125 -0.194656372070313 -0.106475830078125
0.0444908142089844 -0.0454368591308594 -0.0560760498046875 -0.0674095153808594
0.0369758605957031 -0.032501220703125 0.0469894409179688 -0.098388671875
0.0240879058837891 -0.0216064453125 0.0381011962890625 -0.146530151367188
0.0245132446289063 -0.0342979431152344 0.00921630859375002 -0.150299072265625
-0.00584030151367188 -0.0367698669433594 -0.04547119140625 -0.154159545898438
-0.0436286926269531 -0.0268898010253906 -0.0860824584960938 -0.118331909179687
-0.0521736145019531 -0.0279655456542969 -0.0668411254882813 -0.0783309936523437
-0.0739822387695313 -0.022705078125 -0.0536689758300781 -0.0483245849609375
-0.0730667114257813 -0.0431594848632812 -0.0373458862304688 -0.0144157409667969
-0.0605392456054688 -0.0827255249023437 -0.0390434265136719 0.0209884643554688
-0.035491943359375 -0.10986328125 -0.0698585510253906 0.0269241333007813
0.04217529296875 -0.125320434570313 -0.0820465087890625 0.00457763671874999
0.0689697265625 -0.12744140625 -0.0830230712890625 0.0126113891601563
0.127166748046875 -0.128555297851563 -0.02490234375 0.00412368774414061
0.172378540039063 -0.0671234130859375 -0.136947631835938 -0.13543701171875
0.115203857421875 -0.0406646728515625 -0.0118255615234375 -0.09490966796875
0.108451843261719 -0.0669403076171875 0.07275390625 -0.115135192871094
0.0609512329101563 -0.0763015747070313 0.0470733642578125 -0.157424926757813
0.0394973754882813 -0.0873870849609375 0.0122833251953125 -0.145614624023438
-0.0167617797851563 -0.0844345092773438 -0.04156494140625 -0.137596130371094
-0.0650825500488281 -0.0662574768066406 -0.0660781860351563 -0.0999603271484375
-0.0671043395996094 -0.065185546875 -0.03936767578125 -0.0632553100585938
-0.0914306640625 -0.0581893920898438 -0.0264968872070313 -0.0384674072265625
-0.0780715942382812 -0.0729217529296875 -0.0152101516723633 0.000548362731933588
-0.0548782348632813 -0.113822937011719 -0.0234889984130859 0.0324573516845703
-0.02032470703125 -0.136337280273438 -0.0631523132324219 0.0266456604003906
0.0792770385742188 -0.13861083984375 -0.0756759643554688 -0.01324462890625
0.113082885742187 -0.123252868652344 -0.0596275329589844 -0.0317039489746094
0.169586181640625 -0.1009521484375 0.0314464569091797 -0.0338268280029297
0.200393676757813 -0.0296630859375 -0.0675811767578125 -0.1514892578125
0.165756225585937 -0.0281829833984375 0.0390853881835938 -0.116783142089844
0.16217041015625 -0.0900421142578125 0.0937728881835938 -0.12322998046875
0.0871963500976563 -0.120201110839844 0.055023193359375 -0.15234375
0.0469284057617188 -0.127754211425781 0.019683837890625 -0.12432861328125
-0.0276870727539062 -0.118453979492187 -0.0272293090820312 -0.106697082519531
-0.0772171020507813 -0.0946426391601562 -0.0357513427734375 -0.0706787109375
-0.07220458984375 -0.0929183959960937 -0.00654983520507813 -0.0386772155761719
-0.093719482421875 -0.0861129760742188 0.00407600402832031 -0.0179557800292969
-0.068115234375 -0.0952072143554687 0.00567626953125 0.0226688385009766
-0.0349960327148437 -0.130935668945313 -0.0108070373535156 0.047027587890625
0.00538635253906249 -0.145263671875 -0.05584716796875 0.0298004150390625
0.114608764648437 -0.128410339355469 -0.0663719177246094 -0.0245590209960938
0.148117065429688 -0.0948486328125 -0.0316505432128906 -0.0663948059082031
0.191879272460938 -0.055206298828125 0.0918197631835938 -0.0581436157226562
0.191436767578125 0.01043701171875 0.000854492187500026 -0.155120849609375
0.181243896484375 -0.0085601806640625 0.085479736328125 -0.131736755371094
0.18182373046875 -0.0914764404296875 0.102813720703125 -0.121612548828125
0.095611572265625 -0.134750366210938 0.0600814819335938 -0.1297607421875
0.0477218627929688 -0.139541625976563 0.0298919677734375 -0.0902252197265625
-0.0305709838867187 -0.130271911621094 -0.0041656494140625 -0.0670051574707031
-0.076995849609375 -0.10693359375 0.00188064575195312 -0.035980224609375
-0.0669708251953125 -0.106086730957031 0.0267925262451172 -0.00943374633789063
-0.0833511352539063 -0.103057861328125 0.0323410034179687 0.0112037658691406
-0.0487747192382813 -0.106910705566406 0.0206298828125 0.0524482727050781
-0.00749206542968751 -0.133796691894531 -0.00394058227539062 0.0660820007324219
0.0358428955078125 -0.138053894042969 -0.0484504699707031 0.0357742309570313
0.142059326171875 -0.0994110107421875 -0.0529327392578125 -0.0266227722167969
0.169235229492188 -0.0506439208984375 0.0025787353515625 -0.081787109375
0.189620971679688 -9.1552734375E-05 0.1497802734375 -0.06280517578125
0.150909423828125 0.04876708984375 0.0552520751953125 -0.146774291992188
0.160446166992188 0.01629638671875 0.116508483886719 -0.137168884277344
0.163284301757813 -0.067108154296875 0.09979248046875 -0.108932495117188
0.0859603881835937 -0.113471984863281 0.0632476806640625 -0.0980682373046875
0.0447616577148438 -0.117118835449219 0.0399360656738281 -0.0530357360839844
-0.0227813720703125 -0.116485595703125 0.0230331420898438 -0.0281467437744141
-0.0618896484375 -0.102767944335938 0.0384902954101563 -0.00368118286132813
-0.0521774291992188 -0.103080749511719 0.055389404296875 0.0207290649414062
-0.0644760131835938 -0.105255126953125 0.0555191040039062 0.0462188720703125
-0.0294342041015625 -0.104057312011719 0.0283355712890625 0.0861282348632813
0.0146331787109375 -0.122528076171875 -0.0034942626953125 0.0869598388671875
0.055938720703125 -0.117645263671875 -0.0410385131835938 0.0463943481445312
0.151962280273437 -0.064453125 -0.0355567932128906 -0.0164794921875
0.170578002929687 -0.001617431640625 0.0397491455078125 -0.07379150390625
0.162628173828125 0.0536651611328125 0.199661254882812 -0.0441436767578125
0.08642578125 0.0821380615234375 0.0848236083984375 -0.125946044921875
0.110977172851563 0.0447311401367188 0.127395629882813 -0.126907348632813
0.116065979003906 -0.02203369140625 0.0896453857421875 -0.087371826171875
0.0654106140136719 -0.0634994506835938 0.0665626525878906 -0.0661048889160156
0.0432090759277344 -0.06842041015625 0.0481948852539062 -0.0236434936523438
-0.000991821289062493 -0.0830764770507812 0.0452919006347656 -0.000335693359375005
-0.033203125 -0.08355712890625 0.0666847229003906 0.0226097106933594
-0.0305938720703125 -0.085205078125 0.0755691528320313 0.0485916137695312
-0.0409164428710937 -0.0912094116210938 0.0720367431640625 0.0803756713867187
-0.0156021118164062 -0.0868988037109375 0.0322647094726562 0.117469787597656
0.0217132568359375 -0.0988082885742188 -0.00459289550781249 0.107406616210938
0.0566329956054687 -0.0911941528320312 -0.0336990356445313 0.063079833984375
0.137069702148438 -0.034088134765625 -0.0186443328857422 0.00784111022949219
0.146377563476563 0.03741455078125 0.069854736328125 -0.0442619323730469
0.113143920898438 0.09295654296875 0.233230590820313 -0.0070648193359375
-0.03857421875 -0.113410949707031 -0.234542846679688 -0.011749267578125
-0.08990478515625 -0.028717041015625 -0.086090087890625 0.0122146606445313
-0.0861434936523438 0.0308456420898437 0.0205078125 -0.0421485900878906
-0.0417938232421875 0.0647201538085937 0.0372161865234375 -0.0952987670898438
-0.0125007629394531 0.055450439453125 0.0137481689453125 -0.126106262207031
0.0112991333007813 0.0528411865234375 -0.0389251708984375 -0.1416015625
0.0109405517578125 0.0509796142578125 -0.09417724609375 -0.107704162597656
-0.00066757202148438 0.0481414794921875 -0.0900344848632812 -0.0700454711914063
-0.00399017333984375 0.0482635498046875 -0.0770339965820313 -0.036285400390625
-0.0216407775878906 0.0315723419189453 -0.0622062683105469 -0.0193099975585938
-0.0373115539550781 0.0175971984863281 -0.0587959289550781 0.0139846801757813
-0.0497932434082031 0.0033111572265625 -0.0737152099609375 0.04150390625
-0.057891845703125 -0.0364112854003906 -0.0976638793945312 0.0542831420898438
-0.051025390625 -0.0719985961914063 -0.118812561035156 0.0971298217773438
-0.0141448974609375 -0.117973327636719 -0.0936431884765625 0.0864791870117187
0.0380020141601563 -0.112228393554688 -0.227569580078125 -0.056976318359375
-0.0284576416015625 -0.0388984680175781 -0.0818023681640625 -0.0262832641601562
-0.0295028686523438 0.00375556945800781 0.0268707275390625 -0.0702896118164063
-0.00872802734375 0.0285205841064453 0.0331878662109375 -0.120574951171875
0.00815963745117187 0.0143203735351562 0.0105438232421875 -0.139762878417969
0.00488662719726563 0.00936412811279297 -0.0440216064453125 -0.153045654296875
-0.0156011581420898 0.0130624771118164 -0.0958175659179687 -0.118423461914062
-0.0277481079101563 0.0103340148925781 -0.0862655639648438 -0.0780715942382813
-0.0425224304199219 0.0126190185546875 -0.0737380981445313 -0.045074462890625
-0.0504112243652344 -0.00855636596679687 -0.0573959350585937 -0.0202789306640625
-0.0507087707519531 -0.0376472473144531 -0.0541343688964844 0.0152549743652344
-0.0411262512207031 -0.0592498779296875 -0.0758285522460938 0.031585693359375
-0.00349426269531249 -0.0855636596679688 -0.0912628173828125 0.028350830078125
0.0119476318359375 -0.104469299316406 -0.105278015136719 0.0592803955078125
0.0598220825195312 -0.130989074707031 -0.0713729858398438 0.0474777221679687
0.1116943359375 -0.0964508056640625 -0.194931030273437 -0.0955657958984375
0.0447044372558594 -0.0418739318847656 -0.0554733276367187 -0.0597190856933594
0.0395240783691406 -0.0303192138671875 0.0465316772460938 -0.0953216552734375
0.0277843475341797 -0.0207290649414063 0.03643798828125 -0.143096923828125
0.0274848937988281 -0.0361900329589844 0.00877380371093752 -0.147735595703125
-0.00428390502929687 -0.0395965576171875 -0.0472564697265625 -0.150802612304688
-0.04229736328125 -0.028472900390625 -0.0876312255859375 -0.113716125488281
-0.0509834289550781 -0.029296875 -0.0680313110351562 -0.074462890625
-0.0733184814453125 -0.0236358642578125 -0.055694580078125 -0.0444297790527344
-0.070648193359375 -0.0435638427734375 -0.0400733947753906 -0.0115242004394531
-0.059051513671875 -0.0811538696289063 -0.0414657592773438 0.0240097045898438
-0.0344161987304688 -0.10650634765625 -0.0731048583984375 0.0294342041015625
0.0391921997070313 -0.122604370117187 -0.0863723754882813 0.00751495361328126
0.0653533935546875 -0.123092651367188 -0.0867538452148438 0.0153427124023437
0.121589660644531 -0.127365112304688 -0.0290489196777344 0.00553703308105468
0.169403076171875 -0.0679779052734375 -0.138877868652344 -0.1239013671875
0.114639282226563 -0.0394363403320313 -0.0135574340820312 -0.0866470336914063
0.108642578125 -0.0673751831054688 0.0713424682617188 -0.111885070800781
0.0615005493164063 -0.0761947631835938 0.044342041015625 -0.153854370117188
0.0393447875976563 -0.0886993408203125 0.011260986328125 -0.142227172851563
-0.0170516967773437 -0.085662841796875 -0.04364013671875 -0.133041381835938
-0.0645179748535156 -0.0659141540527344 -0.0672683715820313 -0.0946273803710938
-0.0671310424804687 -0.0648956298828125 -0.0407295227050781 -0.0593986511230469
-0.091339111328125 -0.0569229125976563 -0.02825927734375 -0.0347366333007813
-0.0770492553710938 -0.072235107421875 -0.01727294921875 0.00370597839355468
-0.054901123046875 -0.111656188964844 -0.0251579284667969 0.0354843139648438
-0.0216827392578125 -0.134254455566406 -0.0666961669921875 0.0307350158691406
0.0766754150390625 -0.138114929199219 -0.081146240234375 -0.00917053222656249
0.109199523925781 -0.121871948242188 -0.0647697448730469 -0.0283050537109375
0.165863037109375 -0.10186767578125 0.0242691040039063 -0.0321102142333984
0.198226928710937 -0.0328521728515625 -0.0714874267578125 -0.141250610351563
0.164779663085938 -0.02996826171875 0.0359649658203125 -0.108634948730469
0.160415649414063 -0.0926971435546875 0.0918502807617188 -0.120147705078125
0.0855255126953125 -0.120498657226563 0.05322265625 -0.148193359375
0.0445556640625 -0.128448486328125 0.0187454223632813 -0.121345520019531
-0.0289382934570313 -0.117240905761719 -0.0285491943359375 -0.101821899414063
-0.0777130126953125 -0.0915374755859375 -0.0359611511230469 -0.0656623840332031
-0.0732498168945313 -0.0909042358398437 -0.00714492797851563 -0.0355796813964844
-0.094635009765625 -0.0828475952148437 0.00236988067626952 -0.0141382217407227
-0.0684051513671875 -0.0927505493164063 0.00484275817871093 0.0266075134277344
-0.03692626953125 -0.128875732421875 -0.0118560791015625 0.0503921508789063
0.0031585693359375 -0.14373779296875 -0.059051513671875 0.0338287353515625
0.111328125 -0.129623413085938 -0.0726470947265625 -0.020355224609375
0.14501953125 -0.0962371826171875 -0.037689208984375 -0.0624008178710938
0.189208984375 -0.0586090087890625 0.0841827392578125 -0.057464599609375
0.192108154296875 0.0050201416015625 -0.00283813476562498 -0.146270751953125
0.18115234375 -0.013336181640625 0.0812149047851563 -0.124809265136719
0.178909301757813 -0.09625244140625 0.101211547851563 -0.118865966796875
0.091552734375 -0.135993957519531 0.0585403442382813 -0.126716613769531
0.0431289672851562 -0.140174865722656 0.0287857055664063 -0.0879058837890625
-0.0338897705078125 -0.126998901367188 -0.00468826293945312 -0.0625038146972656
-0.0784835815429688 -0.102256774902344 0.00197029113769531 -0.0324897766113281
-0.069427490234375 -0.102561950683594 0.0264930725097656 -0.00711631774902344
-0.0853195190429687 -0.0985031127929688 0.0316429138183594 0.0144596099853516
-0.05047607421875 -0.103645324707031 0.0211181640625 0.0560798645019531
-0.0106964111328125 -0.131828308105469 -0.00461196899414063 0.0692291259765625
0.03155517578125 -0.137283325195312 -0.0517463684082031 0.0398025512695312
0.138053894042969 -0.103424072265625 -0.0591316223144531 -0.0229530334472656
0.16668701171875 -0.0546417236328125 -0.00408172607421874 -0.0791549682617188
0.188949584960938 -0.005340576171875 0.142318725585938 -0.062835693359375
0.152908325195312 0.042083740234375 0.05206298828125 -0.139541625976563
0.160446166992188 0.0100860595703125 0.111434936523438 -0.131782531738281
0.160171508789063 -0.0734405517578125 0.0987777709960938 -0.106353759765625
0.080596923828125 -0.115303039550781 0.0619354248046875 -0.0957870483398438
0.0393524169921875 -0.118080139160156 0.0396842956542969 -0.0516090393066406
-0.0261154174804688 -0.11260986328125 0.0226020812988281 -0.0253715515136719
-0.0643539428710938 -0.096343994140625 0.0387992858886719 -0.00201034545898438
-0.0556640625 -0.0985336303710938 0.0559234619140625 0.0216445922851562
-0.06658935546875 -0.0993194580078125 0.0556449890136719 0.0481834411621094
-0.0312423706054688 -0.0999069213867188 0.029510498046875 0.0886688232421875
0.0101242065429687 -0.120201110839844 -0.00341033935546874 0.0901412963867187
0.0508651733398437 -0.117652893066406 -0.043426513671875 0.0494766235351562
0.148193359375 -0.0693206787109375 -0.0401954650878906 -0.0143241882324219
0.168304443359375 -0.008087158203125 0.0330657958984375 -0.0729141235351562
0.164199829101563 0.046844482421875 0.193115234375 -0.0464630126953125
0.0899276733398438 0.0749969482421875 0.083160400390625 -0.121528625488281
0.112220764160156 0.0383529663085938 0.123817443847656 -0.1241455078125
0.113876342773438 -0.0286712646484375 0.0894546508789063 -0.0850372314453125
0.0604248046875 -0.0658111572265625 0.066436767578125 -0.0652847290039063
0.0376358032226563 -0.0695152282714844 0.0489578247070313 -0.0238265991210938
-0.00545501708984375 -0.0790939331054688 0.0455360412597656 0.00080490112304687
-0.0365066528320312 -0.0774917602539063 0.0670204162597656 0.0220909118652344
-0.0335540771484375 -0.0801773071289063 0.0763015747070313 0.0473556518554687
-0.0437088012695313 -0.0851974487304688 0.0723419189453125 0.0800399780273437
-0.018463134765625 -0.0824203491210938 0.0337142944335938 0.119186401367187
0.0163955688476562 -0.0960311889648437 -0.00408172607421876 0.109222412109375
0.0507049560546875 -0.0902862548828125 -0.0351295471191406 0.0648117065429688
0.1324462890625 -0.039306640625 -0.0226535797119141 0.00845718383789062
0.144393920898438 0.029571533203125 0.0649032592773438 -0.0449676513671875
0.114944458007813 0.0853652954101563 0.228179931640625 -0.011444091796875
-0.0415573120117188 -0.10894775390625 -0.23529052734375 -0.00964355468749997
-0.0889968872070313 -0.0250167846679688 -0.0841522216796875 0.014373779296875
-0.0833358764648438 0.034210205078125 0.0226783752441406 -0.0412178039550781
-0.0371780395507813 0.0657768249511719 0.0397720336914062 -0.096710205078125
-0.009063720703125 0.0546684265136719 0.0156936645507812 -0.129508972167969
0.0133819580078125 0.0494766235351563 -0.0390167236328125 -0.146347045898438
0.0122299194335937 0.0469818115234375 -0.0962982177734375 -0.110275268554687
0.000267028808593746 0.0459403991699219 -0.0926361083984375 -0.0712814331054688
-0.00410079956054688 0.045501708984375 -0.0800857543945313 -0.0368576049804688
-0.0200634002685547 0.0289230346679688 -0.0658111572265625 -0.0203018188476562
-0.0340595245361328 0.0170116424560547 -0.0623359680175781 0.0144577026367188
-0.04730224609375 0.00528717041015625 -0.0772171020507813 0.0415573120117188
-0.0573806762695313 -0.0327911376953125 -0.10009765625 0.0535430908203125
-0.0517959594726562 -0.0686492919921875 -0.122428894042969 0.0966873168945313
-0.01812744140625 -0.115020751953125 -0.09716796875 0.0863189697265625
0.0366744995117188 -0.108856201171875 -0.23004150390625 -0.0533294677734375
-0.0266914367675781 -0.0348644256591797 -0.0805816650390625 -0.022705078125
-0.0259876251220703 0.00655746459960938 0.0289726257324219 -0.0696640014648438
-0.00400733947753907 0.0295505523681641 0.0357208251953125 -0.121437072753906
0.0122928619384766 0.0124034881591797 0.0125579833984375 -0.142013549804688
0.00683307647705078 0.00551557540893555 -0.0443115234375 -0.156478881835938
-0.015040397644043 0.00936317443847656 -0.097625732421875 -0.119537353515625
-0.0271034240722656 0.00771713256835937 -0.0884552001953125 -0.07806396484375
-0.0420951843261719 0.00989913940429688 -0.0766677856445313 -0.0446929931640625
-0.048736572265625 -0.0113563537597656 -0.0607147216796875 -0.0193405151367188
-0.0482864379882813 -0.0390052795410156 -0.0582199096679688 0.0164642333984375
-0.0390129089355469 -0.0589942932128906 -0.0801010131835937 0.0330581665039062
-0.00240325927734376 -0.0835723876953125 -0.0958786010742188 0.0285110473632813
0.011962890625 -0.101638793945312 -0.109321594238281 0.0607757568359375
0.0581893920898437 -0.129486083984375 -0.0763931274414063 0.0482559204101562
0.112289428710938 -0.0937576293945313 -0.197235107421875 -0.091064453125
0.0471992492675781 -0.0390625 -0.0548515319824219 -0.0547294616699219
0.0437850952148438 -0.0288772583007813 0.0487060546875 -0.0939865112304687
0.0331039428710938 -0.0201339721679688 0.0386505126953125 -0.143157958984375
0.0306739807128906 -0.0388069152832031 0.01092529296875 -0.14886474609375
-0.00240707397460937 -0.04345703125 -0.04718017578125 -0.152053833007813
-0.041473388671875 -0.0318374633789063 -0.089141845703125 -0.112983703613281
-0.0513114929199219 -0.0324249267578125 -0.0703964233398437 -0.07421875
-0.0739517211914062 -0.0259857177734375 -0.0580024719238281 -0.0432891845703125
-0.0699577331542969 -0.0466766357421875 -0.0431709289550781 -0.00973129272460938
-0.0577239990234375 -0.0834274291992188 -0.0447998046875 0.0258445739746094
-0.0330581665039062 -0.107688903808594 -0.0776443481445312 0.0322799682617188
0.0411148071289063 -0.122337341308594 -0.09210205078125 0.00860595703124999
0.0662612915039063 -0.121788024902344 -0.0919036865234375 0.0170822143554687
0.121734619140625 -0.125846862792969 -0.0345401763916016 0.00652694702148437
0.17193603515625 -0.0673980712890625 -0.142333984375 -0.118682861328125
0.117935180664063 -0.03704833984375 -0.0130615234375 -0.0813140869140625
0.112823486328125 -0.0677871704101562 0.0740203857421875 -0.110939025878906
0.0656814575195313 -0.076873779296875 0.046173095703125 -0.153335571289063
0.0420913696289063 -0.0923995971679688 0.0128936767578125 -0.142669677734375
-0.0165176391601562 -0.0887527465820313 -0.0433578491210938 -0.133087158203125
-0.0642967224121094 -0.0679244995117188 -0.06842041015625 -0.093109130859375
-0.0682563781738281 -0.0676040649414063 -0.0417594909667969 -0.0584182739257813
-0.0928802490234375 -0.0588607788085937 -0.0303821563720703 -0.0323486328125
-0.0768280029296875 -0.0745620727539063 -0.0193958282470703 0.00652313232421874
-0.0546951293945312 -0.114158630371094 -0.0279502868652344 0.0390586853027344
-0.0205001831054688 -0.136482238769531 -0.0714035034179688 0.0340499877929687
0.0779647827148438 -0.139732360839844 -0.087249755859375 -0.00662994384765626
0.111328125 -0.121055603027344 -0.0703811645507812 -0.0260391235351563
0.168350219726563 -0.102020263671875 0.0197658538818359 -0.0307331085205078
0.202224731445313 -0.033447265625 -0.0728912353515625 -0.135482788085938
0.168655395507812 -0.0294952392578125 0.03656005859375 -0.10296630859375
0.164199829101563 -0.095916748046875 0.0947113037109375 -0.119049072265625
0.0881271362304688 -0.121604919433594 0.0540618896484375 -0.14752197265625
0.0457382202148438 -0.132225036621094 0.0198135375976563 -0.120742797851563
-0.0288619995117187 -0.119377136230469 -0.0288009643554688 -0.0997772216796875
-0.0785980224609375 -0.0926055908203125 -0.0363922119140625 -0.0633811950683594
-0.0748825073242187 -0.0923385620117188 -0.0073089599609375 -0.0343513488769531
-0.0964584350585938 -0.0834579467773438 0.0014657974243164 -0.0108270645141602
-0.0680389404296875 -0.0947341918945313 0.00386428833007812 0.0305004119873047
-0.036956787109375 -0.131126403808594 -0.0137901306152344 0.054718017578125
0.00300598144531251 -0.14630126953125 -0.063629150390625 0.0380058288574219
0.112785339355469 -0.132240295410156 -0.07879638671875 -0.0176544189453125
0.147186279296875 -0.0972442626953125 -0.0430374145507812 -0.0605583190917969
0.193801879882813 -0.0598297119140625 0.0801239013671875 -0.0558013916015625
0.196121215820313 0.0039520263671875 -0.00296020507812498 -0.140914916992188
0.184677124023438 -0.0145416259765625 0.08172607421875 -0.120216369628906
0.1820068359375 -0.100204467773437 0.104591369628906 -0.118148803710937
0.0925674438476562 -0.138145446777344 0.0600128173828125 -0.126274108886719
0.042388916015625 -0.143630981445313 0.0299301147460937 -0.0869674682617188
-0.03485107421875 -0.128021240234375 -0.00442504882812501 -0.060028076171875
-0.0802459716796875 -0.101600646972656 0.00303268432617187 -0.0302219390869141
-0.0715255737304687 -0.102996826171875 0.0278949737548828 -0.00612449645996094
-0.0873489379882813 -0.0987396240234375 0.0313339233398438 0.0181369781494141
-0.0510406494140625 -0.104087829589844 0.0208168029785156 0.0609474182128906
-0.0120620727539062 -0.132957458496094 -0.00582885742187501 0.0734939575195312
0.0315017700195313 -0.139289855957031 -0.0559806823730469 0.0440330505371094
0.140098571777344 -0.106330871582031 -0.0646896362304688 -0.0205879211425781
0.169219970703125 -0.05682373046875 -0.00905609130859374 -0.0776443481445313
0.193145751953125 -0.0073394775390625 0.140098571777344 -0.061767578125
0.1568603515625 0.0395050048828125 0.052886962890625 -0.135330200195313
0.164764404296875 0.00799560546875 0.112594604492188 -0.127593994140625
0.16162109375 -0.07928466796875 0.102180480957031 -0.105674743652344
0.0796737670898438 -0.117637634277344 0.0643692016601563 -0.095245361328125
0.0367202758789062 -0.121177673339844 0.0412673950195313 -0.0507850646972656
-0.028228759765625 -0.112060546875 0.0242424011230469 -0.0234527587890625
-0.0663986206054688 -0.094085693359375 0.0406417846679687 0.000644683837890619
-0.0578231811523437 -0.0970535278320313 0.0572013854980469 0.0230865478515625
-0.0690841674804688 -0.0984573364257813 0.0566596984863281 0.0520401000976562
-0.0320053100585938 -0.0995025634765625 0.0304183959960938 0.094085693359375
0.00816345214843749 -0.1197509765625 -0.00481414794921876 0.0940933227539062
0.0494461059570313 -0.118659973144531 -0.0471572875976563 0.0533218383789062
0.14825439453125 -0.0726470947265625 -0.0454292297363281 -0.0123291015625
0.170181274414063 -0.0112457275390625 0.0290603637695313 -0.0720443725585938
0.167465209960938 0.0446319580078125 0.191940307617188 -0.0463104248046875
0.093292236328125 0.07171630859375 0.085784912109375 -0.118629455566406
0.115180969238281 0.0349960327148438 0.125564575195313 -0.121421813964844
0.114288330078125 -0.0338897705078125 0.09356689453125 -0.0839767456054688
0.0585403442382812 -0.0676040649414063 0.0692596435546875 -0.0650863647460938
0.0348052978515625 -0.0709991455078125 0.0513992309570313 -0.0234031677246094
-0.00754547119140626 -0.0782318115234375 0.0471000671386719 0.0027923583984375
-0.0385894775390625 -0.0739059448242188 0.0693016052246094 0.0235481262207031
-0.0352706909179688 -0.0775680541992188 0.0782623291015625 0.048370361328125
-0.0452728271484375 -0.0818634033203125 0.0744247436523438 0.0835189819335938
-0.0195388793945313 -0.079803466796875 0.0346145629882812 0.124046325683594
0.0132904052734375 -0.0947341918945313 -0.00527191162109375 0.113479614257813
0.0486526489257812 -0.0914154052734375 -0.0387496948242188 0.0674400329589844
0.131828308105469 -0.0427169799804687 -0.0274543762207031 0.00896072387695313
0.145523071289063 0.0257720947265625 0.0614738464355469 -0.045928955078125
0.11834716796875 0.08282470703125 0.228530883789063 -0.0121917724609375
-0.0457000732421875 -0.107666015625 -0.243972778320313 -0.00588989257812504
-0.0916900634765625 -0.0218887329101563 -0.084686279296875 0.017120361328125
-0.0829391479492188 0.0384521484375 0.0250167846679687 -0.0416450500488281
-0.0339202880859375 0.0688323974609375 0.04296875 -0.101936340332031
-0.005859375 0.0553817749023438 0.01763916015625 -0.136756896972656
0.015106201171875 0.0477027893066406 -0.0419464111328125 -0.154983520507813
0.0134735107421875 0.044403076171875 -0.102020263671875 -0.115135192871094
0.00168991088867187 0.0449790954589844 -0.0986251831054688 -0.0735855102539062
-0.00314712524414062 0.0440330505371094 -0.0852584838867187 -0.0385971069335938
-0.0195674896240234 0.0270748138427734 -0.0712814331054687 -0.0208816528320313
-0.0328922271728516 0.0168190002441406 -0.0681304931640625 0.016082763671875
-0.0464057922363281 0.00632095336914062 -0.0825347900390625 0.043548583984375
-0.0586318969726563 -0.0303077697753906 -0.105995178222656 0.0541915893554687
-0.0539779663085937 -0.0663871765136719 -0.129020690917969 0.100502014160156
-0.0219802856445313 -0.115852355957031 -0.104591369628906 0.0885238647460937
0.0370025634765625 -0.108619689941406 -0.238067626953125 -0.0500640869140625
-0.0256767272949219 -0.0322246551513672 -0.0815963745117188 -0.0194778442382813
-0.0225410461425781 0.0096282958984375 0.0316848754882813 -0.0707855224609375
0.00115394592285156 0.0302639007568359 0.0385055541992187 -0.125770568847656
0.0156173706054688 0.0109729766845703 0.0142669677734375 -0.148818969726563
0.00813913345336914 0.00187301635742188 -0.046539306640625 -0.16363525390625
-0.0145368576049805 0.00544166564941406 -0.103797912597656 -0.123077392578125
-0.0276985168457031 0.00510025024414062 -0.094268798828125 -0.0798797607421875
-0.0439910888671875 0.00775146484374999 -0.0823440551757813 -0.0454864501953125
-0.0497703552246094 -0.0146255493164062 -0.0663642883300781 -0.0190849304199219
-0.0479698181152344 -0.0412559509277344 -0.0632820129394531 0.0187873840332031
-0.0387840270996094 -0.0602607727050781 -0.0865859985351563 0.0361328125
-0.00202178955078125 -0.0844573974609375 -0.102951049804688 0.0302352905273437
0.0119247436523438 -0.101409912109375 -0.116775512695312 0.063995361328125
0.05804443359375 -0.131202697753906 -0.083831787109375 0.05072021484375
0.116912841796875 -0.0947189331054688 -0.20635986328125 -0.0876007080078125
0.0511436462402344 -0.0366249084472656 -0.0558586120605469 -0.0513725280761719
0.0496482849121094 -0.0284652709960938 0.0522232055664062 -0.0959930419921875
0.0388374328613281 -0.02130126953125 0.0409393310546875 -0.14727783203125
0.0346527099609375 -0.0431442260742187 0.011871337890625 -0.154586791992188
-0.00166702270507812 -0.0487480163574219 -0.05010986328125 -0.158248901367188
-0.0431060791015625 -0.0363655090332031 -0.094024658203125 -0.116409301757813
-0.0537567138671875 -0.0363655090332031 -0.0752410888671875 -0.075347900390625
-0.0775833129882813 -0.0283966064453125 -0.0631561279296875 -0.0424652099609375
-0.0720672607421875 -0.0502853393554688 -0.0471534729003906 -0.00799942016601562
-0.0588607788085938 -0.08770751953125 -0.049285888671875 0.0296401977539062
-0.0332183837890625 -0.111854553222656 -0.0843429565429688 0.0364303588867188
0.0434341430664063 -0.126060485839844 -0.0998916625976563 0.0110397338867187
0.0689239501953125 -0.1246337890625 -0.099212646484375 0.0201187133789063
0.126319885253906 -0.129386901855469 -0.0410423278808594 0.00831604003906249
0.178695678710938 -0.0684967041015625 -0.148345947265625 -0.116317749023438
0.125274658203125 -0.0366744995117187 -0.0127182006835938 -0.0780029296875
0.12042236328125 -0.0709381103515625 0.0781784057617188 -0.114242553710937
0.071563720703125 -0.0803146362304688 0.04827880859375 -0.1572265625
0.0453872680664063 -0.0986557006835937 0.0135955810546875 -0.147796630859375
-0.0159912109375 -0.094146728515625 -0.0454864501953125 -0.136116027832031
-0.0669097900390625 -0.0721435546875 -0.0710601806640625 -0.0944671630859375
-0.0717849731445312 -0.0721817016601563 -0.0449638366699219 -0.0588302612304688
-0.0972137451171875 -0.061309814453125 -0.0333938598632813 -0.0304088592529297
-0.079437255859375 -0.0788497924804688 -0.0219211578369141 0.00964927673339843
-0.0565643310546875 -0.119827270507812 -0.0313873291015625 0.0433273315429688
-0.0214691162109375 -0.142623901367187 -0.078125 0.0395736694335938
0.0818023681640625 -0.1453857421875 -0.0957717895507812 -0.00389099121093752
0.116012573242187 -0.124809265136719 -0.0780105590820312 -0.0233917236328125
0.175704956054687 -0.10675048828125 0.0154762268066406 -0.0301361083984375
0.212127685546875 -0.0356903076171875 -0.0763397216796875 -0.133132934570312
0.177764892578125 -0.0305023193359375 0.038543701171875 -0.100791931152344
0.171524047851563 -0.102462768554688 0.100212097167969 -0.122825622558594
0.0920028686523438 -0.128021240234375 0.056671142578125 -0.151077270507812
0.0465621948242188 -0.140007019042969 0.0206756591796875 -0.124046325683594
-0.0306167602539063 -0.125091552734375 -0.0296173095703125 -0.101173400878906
-0.0818405151367188 -0.0958023071289063 -0.0374717712402344 -0.0632438659667969
-0.0794830322265625 -0.0971298217773438 -0.00782394409179688 -0.0339946746826172
-0.102005004882813 -0.0867462158203125 0.000370025634765619 -0.00807809829711915
-0.0710601806640625 -0.0990142822265625 0.00311279296874999 0.0352783203125
-0.0396804809570313 -0.1370849609375 -0.0156211853027344 0.0602264404296875
0.00256347656249999 -0.153305053710938 -0.0696907043457031 0.0439987182617188
0.117706298828125 -0.139793395996094 -0.087066650390625 -0.01409912109375
0.153518676757813 -0.10186767578125 -0.0497093200683594 -0.0593986511230469
0.202957153320313 -0.0639190673828125 0.0784988403320313 -0.0568389892578125
0.206878662109375 0.0004425048828125 -0.00378417968749999 -0.140251159667969
0.194259643554688 -0.0169830322265625 0.0852890014648438 -0.119476318359375
0.188507080078125 -0.109390258789063 0.110160827636719 -0.121467590332031
0.09503173828125 -0.144775390625 0.0624771118164063 -0.129264831542969
0.0414886474609375 -0.15155029296875 0.0316619873046875 -0.0896682739257813
-0.037200927734375 -0.132408142089844 -0.00390243530273438 -0.0591354370117188
-0.0835952758789062 -0.103401184082031 0.00341033935546875 -0.0286941528320313
-0.0757904052734375 -0.106178283691406 0.0287189483642578 -0.00433540344238282
-0.0919647216796875 -0.100715637207031 0.0328998565673828 0.0220508575439453
-0.0525894165039062 -0.108322143554688 0.0221595764160156 0.0671806335449219
-0.0141143798828125 -0.138473510742187 -0.00699615478515624 0.080291748046875
0.03143310546875 -0.146072387695313 -0.0610771179199219 0.0494880676269531
0.145462036132813 -0.113296508789063 -0.0716400146484375 -0.0177459716796875
0.176589965820312 -0.0615386962890625 -0.01373291015625 -0.0778961181640625
0.204086303710938 -0.0104217529296875 0.142227172851563 -0.0633697509765625
0.166549682617188 0.0373687744140625 0.055694580078125 -0.136222839355469
0.172882080078125 0.004486083984375 0.117759704589844 -0.128517150878906
0.16717529296875 -0.087738037109375 0.107658386230469 -0.109062194824219
0.0799636840820313 -0.124183654785156 0.0676422119140625 -0.0976104736328125
0.0346450805664063 -0.127212524414063 0.04437255859375 -0.0518341064453125
-0.0316619873046875 -0.114570617675781 0.0259723663330078 -0.0212192535400391
-0.0702362060546875 -0.0942153930664063 0.0437812805175781 0.00183105468749999
-0.0620346069335938 -0.0991287231445313 0.0606803894042969 0.0243644714355469
-0.072723388671875 -0.099456787109375 0.0598831176757812 0.0566253662109375
-0.0341033935546875 -0.101860046386719 0.032562255859375 0.101470947265625
0.005859375 -0.123908996582031 -0.0051422119140625 0.101531982421875
0.0492630004882813 -0.123970031738281 -0.0521163940429688 0.0589523315429687
0.153182983398438 -0.07867431640625 -0.0513038635253906 -0.00994491577148439
0.176925659179688 -0.01531982421875 0.026092529296875 -0.0737991333007812
0.177047729492188 0.0421142578125 0.197189331054688 -0.048187255859375
0.0994110107421875 0.0710678100585938 0.091033935546875 -0.120582580566406
0.120567321777344 0.032318115234375 0.130958557128906 -0.123817443847656
0.11737060546875 -0.0407180786132812 0.099884033203125 -0.0869369506835938
0.0570220947265625 -0.0723953247070313 0.0739288330078125 -0.0671615600585938
0.03216552734375 -0.0747222900390625 0.0551338195800781 -0.0242500305175781
-0.0102386474609375 -0.0785446166992188 0.0509986877441406 0.00396347045898437
-0.0409393310546875 -0.0725173950195313 0.07403564453125 0.0246200561523437
-0.0387344360351562 -0.0769424438476563 0.08294677734375 0.0496597290039062
-0.0481109619140625 -0.0819549560546875 0.0791091918945313 0.088897705078125
-0.0208587646484375 -0.0804595947265625 0.037384033203125 0.1319580078125
0.0113449096679688 -0.0969314575195312 -0.00608062744140626 0.120613098144531
0.0474700927734375 -0.0949935913085938 -0.0427169799804688 0.0728836059570313
0.135063171386719 -0.0475311279296875 -0.0321102142333984 0.0104198455810547
0.151199340820313 0.02301025390625 0.0599403381347656 -0.0474319458007813
0.125167846679688 0.0816879272460937 0.236221313476563 -0.0139007568359375
-0.0529022216796875 -0.107261657714844 -0.255126953125 0.00308227539062496
-0.094573974609375 -0.0167694091796875 -0.0859146118164063 0.0219955444335937
-0.0816116333007813 0.0453567504882813 0.02777099609375 -0.0440025329589844
-0.0287399291992188 0.0724411010742188 0.044219970703125 -0.109535217285156
-0.0013580322265625 0.0571098327636719 0.015411376953125 -0.146759033203125
0.018157958984375 0.04620361328125 -0.04931640625 -0.16461181640625
0.0156440734863281 0.042449951171875 -0.112030029296875 -0.118476867675781
0.00337600708007812 0.0443916320800781 -0.107505798339844 -0.0735015869140625
-0.002166748046875 0.0440025329589844 -0.09344482421875 -0.0381240844726562
-0.018890380859375 0.026214599609375 -0.078948974609375 -0.0198898315429688
-0.0310459136962891 0.0165863037109375 -0.0738143920898438 0.0198287963867187
-0.0458602905273437 0.00915908813476561 -0.0879898071289063 0.0483016967773438
-0.0609054565429688 -0.0270652770996094 -0.113204956054688 0.0584869384765625
-0.0583572387695312 -0.0643424987792969 -0.13525390625 0.108879089355469
-0.0289993286132813 -0.116546630859375 -0.111320495605469 0.0957183837890625
0.0351715087890625 -0.111244201660156 -0.251937866210938 -0.0417327880859375
-0.0256328582763672 -0.0295162200927734 -0.083740234375 -0.0152359008789062
-0.0190582275390625 0.0120563507080078 0.033294677734375 -0.074371337890625
0.00725936889648438 0.0310840606689453 0.0378875732421875 -0.132705688476563
0.02020263671875 0.00856399536132813 0.012115478515625 -0.157760620117188
0.00983810424804688 -0.00260162353515625 -0.0540771484375 -0.172393798828125
-0.0154600143432617 0.00232410430908203 -0.11370849609375 -0.126663208007812
-0.028961181640625 0.00305366516113282 -0.10321044921875 -0.0802993774414063
-0.0460281372070313 0.00703048706054688 -0.09088134765625 -0.0437240600585937
-0.0525054931640625 -0.016510009765625 -0.073089599609375 -0.017425537109375
-0.0495834350585938 -0.0437965393066406 -0.0687637329101563 0.0231590270996094
-0.0401687622070312 -0.0619468688964844 -0.0931854248046875 0.0419921875
-0.00290679931640624 -0.0864181518554688 -0.110969543457031 0.03509521484375
0.01068115234375 -0.104019165039063 -0.124488830566406 0.0718994140625
0.0557403564453125 -0.136650085449219 -0.09124755859375 0.0561447143554687
0.120880126953125 -0.099945068359375 -0.218963623046875 -0.0809173583984375
0.0556755065917969 -0.0371665954589844 -0.05767822265625 -0.0478134155273437
0.0555953979492187 -0.0309181213378906 0.0540542602539063 -0.101486206054688
0.0451126098632813 -0.0248527526855469 0.0396270751953125 -0.155014038085938
0.0378379821777344 -0.0492324829101562 0.00920104980468749 -0.163009643554687
-0.00259780883789063 -0.0546760559082031 -0.0570526123046875 -0.164382934570312
-0.046478271484375 -0.0401344299316406 -0.103141784667969 -0.118148803710938
-0.05767822265625 -0.0396461486816406 -0.0829010009765625 -0.0752182006835937
-0.0826263427734375 -0.0294952392578125 -0.0705337524414063 -0.0406494140625
-0.0768661499023438 -0.053436279296875 -0.0530204772949219 -0.00521087646484376
-0.0626907348632813 -0.0922164916992187 -0.0529556274414063 0.0347328186035156
-0.0375289916992187 -0.116996765136719 -0.0908203125 0.0436553955078125
0.0436553955078125 -0.133102416992188 -0.108863830566406 0.016510009765625
0.0700759887695313 -0.130447387695313 -0.108078002929688 0.0263671875
0.12884521484375 -0.138351440429688 -0.0478973388671875 0.0117073059082031
0.188278198242188 -0.0766448974609375 -0.159576416015625 -0.1104736328125
0.134078979492188 -0.0403900146484375 -0.01385498046875 -0.075531005859375
0.128257751464844 -0.0790786743164063 0.0804519653320313 -0.121261596679688
0.0763702392578125 -0.0878219604492188 0.0469207763671875 -0.165679931640625
0.0459060668945313 -0.107963562011719 0.011016845703125 -0.154922485351562
-0.0192108154296875 -0.101776123046875 -0.0515899658203125 -0.140869140625
-0.0726470947265625 -0.075927734375 -0.0781936645507812 -0.0952377319335938
-0.0786209106445313 -0.0757369995117187 -0.0493278503417969 -0.0589561462402344
-0.105087280273438 -0.062652587890625 -0.037811279296875 -0.0278282165527344
-0.0859375 -0.0826950073242188 -0.0239982604980469 0.0137176513671875
-0.062347412109375 -0.125511169433594 -0.0332260131835938 0.0497589111328125
-0.0256805419921875 -0.150344848632813 -0.0842819213867187 0.0482330322265625
0.0832672119140625 -0.156036376953125 -0.104866027832031 0.00151824951171876
0.11993408203125 -0.134162902832031 -0.0872726440429687 -0.0197525024414062
0.182830810546875 -0.11737060546875 0.0108795166015625 -0.0301399230957031
0.2244873046875 -0.0451202392578125 -0.0842132568359375 -0.130157470703125
0.18914794921875 -0.0375518798828125 0.0387039184570313 -0.101165771484375
0.17962646484375 -0.114959716796875 0.102981567382813 -0.131233215332031
0.0947189331054688 -0.13812255859375 0.056243896484375 -0.158660888671875
0.0449066162109375 -0.151641845703125 0.0193557739257813 -0.130409240722656
-0.035552978515625 -0.132148742675781 -0.0335006713867188 -0.102668762207031
-0.0892333984375 -0.098968505859375 -0.0411720275878906 -0.0628242492675781
-0.0876388549804688 -0.100738525390625 -0.00936698913574219 -0.0339794158935547
-0.11090087890625 -0.088104248046875 -0.000371932983398445 -0.00490808486938477
-0.07794189453125 -0.102737426757813 0.00379562377929687 0.0407600402832031
-0.0459136962890625 -0.143661499023438 -0.0155296325683594 0.067230224609375
-0.00216674804687499 -0.162734985351562 -0.0749969482421875 0.0527191162109375
0.120742797851563 -0.152542114257813 -0.0960464477539062 -0.00910186767578127
0.16015625 -0.112518310546875 -0.0585670471191406 -0.0578346252441406
0.214492797851563 -0.0746917724609375 0.0768585205078125 -0.0601959228515625
0.220855712890625 -0.0078125 -0.00672912597656249 -0.140625
0.206954956054688 -0.0252227783203125 0.087921142578125 -0.122016906738281
0.19537353515625 -0.124954223632813 0.113494873046875 -0.130409240722656
0.0950469970703125 -0.156646728515625 0.0630340576171875 -0.135887145996094
0.03741455078125 -0.162948608398438 0.0320892333984375 -0.09356689453125
-0.0437698364257813 -0.1380615234375 -0.00452423095703125 -0.0589447021484375
-0.0914688110351562 -0.10498046875 0.00381851196289062 -0.0282573699951172
-0.0842742919921875 -0.108932495117187 0.0303325653076172 -0.00470924377441407
-0.100921630859375 -0.102256774902344 0.0361099243164062 0.0254669189453125
-0.0589828491210937 -0.111991882324219 0.0258255004882813 0.0735397338867188
-0.019775390625 -0.145217895507812 -0.0057220458984375 0.0884628295898437
0.0279693603515625 -0.155654907226563 -0.0657386779785156 0.0588531494140625
0.1492919921875 -0.126007080078125 -0.08050537109375 -0.0130691528320313
0.184967041015625 -0.0714874267578125 -0.0212631225585937 -0.0796737670898438
0.217178344726562 -0.019439697265625 0.143966674804688 -0.0696868896484375
0.17926025390625 0.0308685302734375 0.05645751953125 -0.140022277832031
0.183990478515625 -0.0032958984375 0.121635437011719 -0.133766174316406
0.17218017578125 -0.101608276367187 0.111984252929688 -0.117408752441406
0.0786895751953125 -0.1343994140625 0.0698165893554688 -0.103164672851563
0.0297775268554687 -0.136436462402344 0.0462684631347656 -0.0550041198730469
-0.0372314453125 -0.118064880371094 0.0284061431884766 -0.0205707550048828
-0.0766525268554688 -0.0943374633789063 0.0470314025878906 0.00202560424804687
-0.0691375732421875 -0.100784301757812 0.0655746459960938 0.0242958068847656
-0.08038330078125 -0.1002197265625 0.0660858154296875 0.0608024597167969
-0.0389633178710937 -0.104713439941406 0.0381622314453125 0.108909606933594
0.00115966796874999 -0.129951477050781 -0.00325775146484376 0.110893249511719
0.0466461181640625 -0.13226318359375 -0.055877685546875 0.06732177734375
0.157974243164063 -0.090179443359375 -0.058135986328125 -0.00641632080078124
0.186080932617188 -0.0238037109375 0.021820068359375 -0.0766983032226563
0.189697265625 0.035888671875 0.203948974609375 -0.056243896484375
0.109085083007813 0.0672683715820312 0.0951156616210938 -0.126083374023438
0.129203796386719 0.0262832641601563 0.13568115234375 -0.131233215332031
0.119789123535156 -0.0508956909179688 0.104827880859375 -0.0942459106445313
0.0548553466796875 -0.0789718627929688 0.0782623291015625 -0.0721817016601563
0.0283203125 -0.0793914794921875 0.0590972900390625 -0.0270156860351563
-0.0149078369140625 -0.0802841186523438 0.0556182861328125 0.00448226928710937
-0.04571533203125 -0.0705947875976562 0.0804824829101563 0.0246429443359375
-0.0441055297851563 -0.0768661499023437 0.090362548828125 0.049591064453125
-0.053192138671875 -0.0814437866210938 0.0872650146484375 0.0934219360351563
-0.0249404907226563 -0.0808944702148437 0.0439453125 0.140853881835938
0.0069122314453125 -0.0994720458984375 -0.00381469726562499 0.130134582519531
0.0449676513671875 -0.100662231445313 -0.0450439453125 0.080841064453125
0.137992858886719 -0.057464599609375 -0.0364608764648437 0.0134735107421875
0.15850830078125 0.01593017578125 0.0587425231933594 -0.0522956848144531
0.136085510253906 0.0785980224609375 0.246063232421875 -0.022674560546875
-0.0623245239257812 -0.103446960449219 -0.26397705078125 0.0191650390625
-0.0973434448242188 -0.00901031494140625 -0.0853805541992188 0.02825927734375
-0.0784378051757813 0.0534744262695312 0.0289268493652344 -0.0468826293945313
-0.0212020874023438 0.0756149291992188 0.0415725708007813 -0.117141723632813
0.0045318603515625 0.05706787109375 0.0092315673828125 -0.155914306640625
0.0215263366699219 0.043365478515625 -0.0613250732421875 -0.1717529296875
0.017669677734375 0.0395698547363281 -0.125877380371094 -0.117912292480469
0.00644302368164063 0.0435523986816406 -0.1180419921875 -0.07049560546875
-0.000251770019531251 0.0435295104980469 -0.102767944335937 -0.0341949462890625
-0.0181655883789063 0.0257072448730469 -0.0868911743164062 -0.0160675048828125
-0.0294532775878906 0.0175113677978516 -0.0780258178710938 0.02587890625
-0.0441741943359375 0.0126762390136719 -0.0914077758789063 0.0561141967773437
-0.0629615783691406 -0.0217781066894531 -0.118270874023438 0.0661087036132813
-0.0636978149414062 -0.0607185363769531 -0.137458801269531 0.120681762695313
-0.0389251708984375 -0.115531921386719 -0.115272521972656 0.105628967285156
0.0301437377929688 -0.113662719726563 -0.263290405273438 -0.0253143310546875
-0.0250225067138672 -0.0258102416992188 -0.0853195190429688 -0.00878906250000001
-0.0138931274414062 0.0144424438476562 0.0331344604492188 -0.0784912109375
0.0140056610107422 0.0304317474365234 0.03363037109375 -0.140701293945313
0.0242805480957031 0.00443458557128906 0.00509643554687499 -0.166091918945313
0.0103855133056641 -0.0070037841796875 -0.0667877197265625 -0.17828369140625
-0.0167856216430664 -0.00083446502685547 -0.127143859863281 -0.125190734863281
-0.0303478240966797 0.00116729736328124 -0.113517761230469 -0.0767059326171875
-0.0477218627929688 0.00778579711914062 -0.099700927734375 -0.0392074584960938
-0.0553398132324219 -0.017730712890625 -0.080078125 -0.0126190185546875
-0.0522804260253906 -0.0455207824707031 -0.0727157592773438 0.0301055908203125
-0.0434226989746094 -0.0625 -0.0975265502929688 0.05096435546875
-0.0058441162109375 -0.0879364013671875 -0.117652893066406 0.0428924560546875
0.00669860839843749 -0.106277465820312 -0.128883361816406 0.083221435546875
0.0500335693359375 -0.142471313476563 -0.096954345703125 0.0652847290039062
0.120994567871094 -0.108444213867188 -0.232177734375 -0.0660400390625
0.0595855712890625 -0.0386543273925781 -0.0603408813476563 -0.0421867370605469
0.0606918334960938 -0.034881591796875 0.0520858764648438 -0.108154296875
0.0501594543457031 -0.0292396545410156 0.0349884033203125 -0.162750244140625
0.0388107299804688 -0.056671142578125 0.00189208984375002 -0.170181274414063
-0.0052337646484375 -0.0608596801757813 -0.0684814453125 -0.168502807617188
-0.0505485534667969 -0.042327880859375 -0.114616394042969 -0.116363525390625
-0.0634346008300781 -0.0408477783203125 -0.0913467407226563 -0.0724105834960937
-0.0884628295898438 -0.0278854370117187 -0.0773468017578125 -0.0355682373046875
-0.0830001831054688 -0.0543060302734375 -0.0575065612792969 -0.000373840332031243
-0.0698318481445313 -0.0947494506835937 -0.0554733276367188 0.0414466857910156
-0.0444869995117188 -0.120689392089844 -0.0954666137695313 0.0542755126953125
0.0399017333984375 -0.140899658203125 -0.117080688476563 0.0248260498046875
0.0675201416015625 -0.137397766113281 -0.1146240234375 0.0361328125
0.127517700195313 -0.150177001953125 -0.0537986755371094 0.0171546936035156
0.19329833984375 -0.089324951171875 -0.171493530273438 -0.0997161865234375
0.141159057617188 -0.0481414794921875 -0.015869140625 -0.072662353515625
0.132354736328125 -0.0902938842773437 0.078521728515625 -0.129966735839844
0.0776596069335938 -0.09716796875 0.0420684814453125 -0.173049926757813
0.0430679321289062 -0.118278503417969 0.004638671875 -0.1612548828125
-0.0251083374023437 -0.107673645019531 -0.0608367919921875 -0.1417236328125
-0.0800628662109375 -0.0772552490234375 -0.0869522094726563 -0.0930023193359375
-0.08746337890625 -0.0771102905273437 -0.0556373596191406 -0.0570640563964844
-0.114204406738281 -0.0607528686523437 -0.0419998168945313 -0.0236968994140625
-0.0939865112304688 -0.083465576171875 -0.0258197784423828 0.0186882019042969
-0.072113037109375 -0.128791809082031 -0.0336570739746094 0.0566368103027344
-0.0352325439453125 -0.156600952148437 -0.0878524780273438 0.059356689453125
0.0802459716796875 -0.168731689453125 -0.113227844238281 0.0106430053710937
0.119766235351563 -0.145721435546875 -0.09564208984375 -0.0123291015625
0.18670654296875 -0.132720947265625 0.00503730773925782 -0.0291023254394531
0.233657836914063 -0.05999755859375 -0.0937042236328125 -0.124320983886719
0.1988525390625 -0.0497589111328125 0.0374679565429688 -0.100975036621094
0.183013916015625 -0.132720947265625 0.100738525390625 -0.142349243164063
0.09326171875 -0.15130615234375 0.051055908203125 -0.166793823242188
0.0377655029296875 -0.162994384765625 0.013885498046875 -0.135147094726562
-0.0444793701171875 -0.137557983398438 -0.0394210815429688 -0.103004455566406
-0.0986099243164063 -0.0986709594726563 -0.0453643798828125 -0.0611572265625
-0.0990524291992187 -0.100669860839844 -0.0122966766357422 -0.0333118438720703
-0.121566772460937 -0.0860137939453125 -0.000452518463134773 -0.002089262008667
-0.08709716796875 -0.104965209960938 0.00608062744140625 0.0447463989257813
-0.0558624267578125 -0.148422241210938 -0.0140609741210938 0.0745773315429687
-0.0117340087890625 -0.171249389648438 -0.0775070190429688 0.0639114379882812
0.119522094726563 -0.167526245117188 -0.104240417480469 -0.000473022460937521
0.162384033203125 -0.126571655273438 -0.0683746337890625 -0.0542106628417969
0.222335815429688 -0.09161376953125 0.07330322265625 -0.06488037109375
0.23187255859375 -0.0235443115234375 -0.013031005859375 -0.139846801757813
0.217056274414063 -0.03936767578125 0.0871200561523438 -0.126235961914063
0.197723388671875 -0.144332885742188 0.11163330078125 -0.142181396484375
0.0904693603515625 -0.169876098632813 0.0600128173828125 -0.1434326171875
0.027435302734375 -0.173171997070313 0.0290908813476563 -0.097442626953125
-0.0542449951171875 -0.141494750976562 -0.00596618652343751 -0.0578651428222656
-0.100845336914063 -0.103279113769531 0.00401687622070312 -0.0271892547607422
-0.09564208984375 -0.108833312988281 0.0317096710205078 -0.00524520874023438
-0.112419128417969 -0.0994338989257812 0.0400886535644531 0.0273666381835937
-0.0674591064453125 -0.113677978515625 0.0320510864257813 0.07879638671875
-0.0298309326171875 -0.1502685546875 -0.00183868408203124 0.0964279174804687
0.018707275390625 -0.164566040039063 -0.0672416687011719 0.0696220397949219
0.149810791015625 -0.142562866210938 -0.0876617431640625 -0.00559234619140624
0.189727783203125 -0.0863800048828125 -0.0298614501953125 -0.0791168212890625
0.228256225585938 -0.0350494384765625 0.143218994140625 -0.079833984375
0.190536499023438 0.0176544189453125 0.05377197265625 -0.143951416015625
0.192657470703125 -0.0169677734375 0.121658325195313 -0.141799926757813
0.17205810546875 -0.119873046875 0.111564636230469 -0.127662658691406
0.072723388671875 -0.145401000976563 0.0683364868164062 -0.110664367675781
0.020721435546875 -0.143966674804688 0.0466461181640625 -0.059478759765625
-0.0468978881835937 -0.119888305664063 0.0308876037597656 -0.0207099914550781
-0.0845184326171875 -0.0915145874023438 0.0508384704589844 0.00124740600585937
-0.07818603515625 -0.0993804931640625 0.0700645446777344 0.0224647521972656
-0.0900497436523438 -0.0974884033203125 0.0745773315429687 0.062347412109375
-0.0455245971679688 -0.106071472167969 0.0478973388671875 0.115554809570313
-0.00717926025390626 -0.133750915527344 0.00150299072265624 0.119087219238281
0.0396270751953125 -0.140579223632812 -0.0565338134765625 0.0771942138671875
0.159454345703125 -0.105499267578125 -0.06414794921875 -0.00114440917968751
0.192718505859375 -0.037872314453125 0.0153121948242188 -0.0800704956054687
0.202789306640625 0.0235137939453125 0.20745849609375 -0.0696868896484375
0.119178771972656 0.060302734375 0.0957489013671875 -0.133689880371094
0.136589050292969 0.01678466796875 0.136672973632813 -0.141265869140625
0.120468139648438 -0.0635528564453125 0.106269836425781 -0.103744506835938
0.050384521484375 -0.0848007202148438 0.07916259765625 -0.0796661376953125
0.0223464965820313 -0.0838851928710938 0.0619621276855469 -0.0311546325683594
-0.0209274291992187 -0.0803451538085938 0.0604743957519531 0.00284194946289062
-0.0508995056152344 -0.0682830810546875 0.0870513916015625 0.0216751098632812
-0.0504302978515625 -0.0753021240234375 0.0974884033203125 0.0469589233398437
-0.0607681274414063 -0.0788192749023437 0.0989532470703125 0.0941162109375
-0.0299148559570312 -0.08056640625 0.055908203125 0.147369384765625
-0.000205993652343754 -0.101951599121094 0.00176239013671875 0.139015197753906
0.0387344360351563 -0.106170654296875 -0.0446548461914063 0.0899200439453125
0.139389038085938 -0.0695953369140625 -0.0404014587402344 0.017852783203125
0.16558837890625 0.0041046142578125 0.05511474609375 -0.0571479797363281
0.147857666015625 0.070953369140625 0.254180908203125 -0.0384674072265625
-0.0698928833007812 -0.0959930419921875 -0.265594482421875 0.0368499755859375
-0.0965499877929688 -0.000946044921874991 -0.08245849609375 0.0338821411132812
-0.0720901489257813 0.0603866577148438 0.02899169921875 -0.0488014221191406
-0.0128936767578125 0.0767974853515625 0.0365753173828125 -0.122489929199219
0.0103111267089844 0.0550155639648438 0.000869750976562511 -0.160812377929688
0.0243492126464844 0.0390777587890625 -0.0744171142578125 -0.173660278320313
0.0191001892089844 0.0361709594726563 -0.136825561523438 -0.112403869628906
0.0086669921875 0.0413665771484375 -0.125717163085938 -0.0634536743164063
0.00223922729492188 0.0417442321777344 -0.1090087890625 -0.0273971557617187
-0.0168857574462891 0.0249919891357422 -0.0916671752929688 -0.0102920532226562
-0.0274562835693359 0.016998291015625 -0.0795364379882812 0.032012939453125
-0.0411300659179688 0.0153999328613281 -0.0919189453125 0.0629196166992188
-0.0635833740234375 -0.015838623046875 -0.11920166015625 0.073394775390625
-0.0669479370117188 -0.0548324584960938 -0.135406494140625 0.131477355957031
-0.046966552734375 -0.111289978027344 -0.11468505859375 0.115119934082031
0.0238113403320312 -0.112716674804687 -0.267822265625 -0.00619506835937504
-0.0235939025878906 -0.0221309661865234 -0.084228515625 -0.00175476074218748
-0.00878429412841797 0.016444206237793 0.030609130859375 -0.0809707641601562
0.0204677581787109 0.0284442901611328 0.0277557373046875 -0.144699096679688
0.0272922515869141 -0.000127792358398438 -0.00328063964843748 -0.1697998046875
0.00981807708740234 -0.0118789672851562 -0.0791473388671875 -0.178131103515625
-0.0182819366455078 -0.00294876098632812 -0.138160705566406 -0.1190185546875
-0.0316104888916016 0.000797271728515623 -0.121368408203125 -0.069976806640625
-0.0491371154785156 0.00889968872070313 -0.105674743652344 -0.0310897827148438
-0.0570487976074219 -0.0164985656738281 -0.0849838256835938 -0.00625610351562499
-0.054718017578125 -0.0449104309082031 -0.0732421875 0.036712646484375
-0.0455589294433594 -0.0611724853515625 -0.098876953125 0.059814453125
-0.0092620849609375 -0.087921142578125 -0.120811462402344 0.0517959594726563
0.00225830078125 -0.105827331542969 -0.129035949707031 0.0936737060546875
0.041961669921875 -0.145217895507812 -0.0985336303710937 0.0737152099609375
0.117256164550781 -0.114273071289062 -0.237823486328125 -0.0473175048828125
0.062255859375 -0.0403213500976563 -0.0610198974609375 -0.0360183715820313
0.0633735656738281 -0.0398445129394531 0.0483474731445313 -0.112449645996094
0.0531005859375 -0.0346450805664062 0.027008056640625 -0.16644287109375
0.0373878479003906 -0.0633583068847656 -0.00646972656249999 -0.172927856445312
-0.00899505615234375 -0.0652198791503906 -0.079681396484375 -0.166641235351563
-0.0555152893066406 -0.0429649353027344 -0.124771118164063 -0.109939575195313
-0.0682296752929687 -0.0401229858398438 -0.0987091064453125 -0.0660858154296875
-0.0927352905273438 -0.0240936279296875 -0.082366943359375 -0.0286712646484375
-0.08843994140625 -0.0520553588867188 -0.0606193542480469 0.00560760498046875
-0.0760345458984375 -0.0939788818359375 -0.0553627014160156 0.048370361328125
-0.0511932373046875 -0.121200561523438 -0.0963592529296875 0.0643310546875
0.0338897705078125 -0.146072387695313 -0.121315002441406 0.034576416015625
0.062164306640625 -0.142745971679687 -0.117813110351563 0.0465774536132813
0.121658325195312 -0.159194946289062 -0.0580978393554687 0.0234832763671875
0.19293212890625 -0.102493286132812 -0.178604125976563 -0.084381103515625
0.144210815429688 -0.0565185546875 -0.0176124572753906 -0.0679702758789063
0.131927490234375 -0.101615905761719 0.0725326538085938 -0.136154174804688
0.0764312744140625 -0.105072021484375 0.0333251953125 -0.177230834960938
0.0366668701171875 -0.126121520996094 -0.00315856933593749 -0.162872314453125
-0.0327529907226563 -0.110832214355469 -0.0690689086914063 -0.138870239257813
-0.086761474609375 -0.0756149291992188 -0.0938644409179688 -0.0870895385742187
-0.0953445434570313 -0.0746917724609375 -0.0610198974609375 -0.0529518127441406
-0.121162414550781 -0.0551300048828125 -0.0448226928710938 -0.0182647705078125
-0.101081848144531 -0.0810546875 -0.02606201171875 0.0233821868896484
-0.08111572265625 -0.128768920898438 -0.0317153930664063 0.0625228881835937
-0.0449066162109375 -0.15826416015625 -0.087890625 0.0699691772460937
0.073028564453125 -0.1776123046875 -0.118003845214844 0.0207977294921875
0.114471435546875 -0.155654907226563 -0.101760864257812 -0.00319671630859375
0.183074951171875 -0.146194458007813 -0.00049591064453124 -0.0277042388916016
0.235702514648438 -0.0767364501953125 -0.0999603271484375 -0.114120483398438
0.202651977539062 -0.063079833984375 0.0349807739257813 -0.0998077392578125
0.179031372070313 -0.148483276367188 0.094268798828125 -0.149276733398438
0.0868377685546875 -0.160446166992188 0.0424957275390625 -0.1705322265625
0.0276336669921875 -0.170211791992188 0.00793457031249999 -0.137741088867187
-0.0545578002929687 -0.138832092285156 -0.0443801879882812 -0.0993728637695313
-0.106513977050781 -0.0946121215820312 -0.0494842529296875 -0.0568351745605469
-0.108428955078125 -0.0976409912109375 -0.0150489807128906 -0.0313034057617188
-0.130180358886719 -0.0796051025390625 0.000179320573806755 0.000521212816238398
-0.0950546264648437 -0.102699279785156 0.00946044921874999 0.0483741760253906
-0.0667877197265625 -0.148391723632813 -0.0103759765625 0.0799026489257812
-0.0229644775390625 -0.174697875976562 -0.0768814086914063 0.0745086669921875
0.1119384765625 -0.180618286132813 -0.109237670898438 0.00903320312499997
0.158721923828125 -0.139663696289063 -0.0762710571289062 -0.0474777221679688
0.22265625 -0.108551025390625 0.0668601989746094 -0.0681686401367188
0.236541748046875 -0.0412445068359375 -0.0184478759765625 -0.135528564453125
0.220718383789062 -0.0556793212890625 0.0838775634765625 -0.129096984863281
0.191085815429688 -0.162124633789063 0.105239868164063 -0.14990234375
0.08099365234375 -0.179214477539063 0.053253173828125 -0.147811889648438
0.0165252685546875 -0.178543090820313 0.0253448486328125 -0.10009765625
-0.0638580322265625 -0.141067504882813 -0.00704956054687501 -0.0562820434570313
-0.109214782714844 -0.0982894897460938 0.00378799438476562 -0.0263442993164063
-0.105377197265625 -0.104393005371094 0.0317020416259765 -0.00615501403808594
-0.12139892578125 -0.0928802490234375 0.0443534851074219 0.0276870727539062
-0.0756912231445313 -0.111885070800781 0.0388870239257813 0.081207275390625
-0.04022216796875 -0.15057373046875 0.00373077392578124 0.101722717285156
0.00810241699218752 -0.169021606445313 -0.0654296875 0.0794143676757812
0.144393920898438 -0.1568603515625 -0.0919723510742187 0.00246429443359373
0.188827514648438 -0.1007080078125 -0.0386428833007812 -0.075958251953125
0.232833862304687 -0.0521697998046875 0.138107299804688 -0.0882568359375
0.196090698242188 0.0023040771484375 0.0496368408203125 -0.1456298828125
0.196014404296875 -0.032135009765625 0.1180419921875 -0.147705078125
0.165603637695313 -0.135955810546875 0.106216430664063 -0.136085510253906
0.0631561279296875 -0.152313232421875 0.064178466796875 -0.115150451660156
0.0100555419921875 -0.146865844726563 0.0455093383789062 -0.0621223449707031
-0.0553970336914062 -0.117767333984375 0.0329914093017578 -0.0204830169677734
-0.0911331176757813 -0.0861663818359375 0.0540885925292969 -0.00024032592773438
-0.0866622924804688 -0.094818115234375 0.0731582641601563 0.0195388793945312
-0.0978546142578125 -0.0913772583007813 0.0813064575195313 0.0600128173828125
-0.0528106689453125 -0.104293823242188 0.0574493408203125 0.117103576660156
-0.015960693359375 -0.133956909179688 0.00868988037109374 0.124908447265625
0.0303192138671875 -0.145156860351563 -0.0543441772460938 0.0861053466796875
0.154922485351562 -0.119354248046875 -0.0677986145019531 0.00524139404296875
0.19329833984375 -0.0520782470703125 0.00748443603515626 -0.0801544189453125
0.209732055664063 0.00811767578125 0.2037353515625 -0.08367919921875
0.125579833984375 0.0497817993164063 0.093170166015625 -0.139533996582031
0.139350891113281 0.005218505859375 0.132919311523438 -0.149520874023438
0.115615844726563 -0.0750961303710938 0.102752685546875 -0.111427307128906
0.0430068969726563 -0.0894546508789063 0.0772171020507813 -0.0852737426757813
0.0151443481445313 -0.0858230590820313 0.0628738403320313 -0.0352287292480469
-0.0269699096679688 -0.0784454345703125 0.063812255859375 0.00107955932617187
-0.0548782348632812 -0.0631065368652344 0.09149169921875 0.0171966552734375
-0.0561141967773438 -0.07049560546875 0.103050231933594 0.0411911010742188
-0.06646728515625 -0.0733871459960938 0.108177185058594 0.0901031494140625
-0.0354156494140625 -0.0784530639648438 0.0679931640625 0.149093627929687
-0.00717926025390625 -0.100814819335938 0.0102081298828125 0.1446533203125
0.0307769775390625 -0.108726501464844 -0.042083740234375 0.0972442626953125
0.135009765625 -0.08135986328125 -0.0422897338867187 0.0216522216796875
0.166961669921875 -0.0089569091796875 0.0491142272949219 -0.0607223510742188
0.15509033203125 0.059661865234375 0.253555297851563 -0.055755615234375
-0.0742568969726563 -0.08880615234375 -0.263351440429688 0.04925537109375
-0.0941925048828125 0.00461578369140624 -0.07916259765625 0.0373001098632812
-0.0653800964355469 0.0636558532714844 0.029205322265625 -0.0499458312988281
-0.0063629150390625 0.0759735107421875 0.0334701538085937 -0.124771118164063
0.0141410827636719 0.0523567199707031 -0.00463867187500002 -0.162109375
0.0250091552734375 0.035308837890625 -0.08251953125 -0.172943115234375
0.0188312530517578 0.0326461791992188 -0.143585205078125 -0.107025146484375
0.00956344604492187 0.0388641357421875 -0.1298828125 -0.0577163696289062
0.00328445434570312 0.0400390625 -0.112106323242188 -0.0212249755859375
-0.0163745880126953 0.0240573883056641 -0.0948944091796875 -0.00582122802734374
-0.0255012512207031 0.0164318084716797 -0.0799407958984375 0.0365142822265625
-0.0379981994628906 0.0166854858398438 -0.0917129516601563 0.06793212890625
-0.0618515014648438 -0.0107269287109375 -0.120475769042969 0.0785675048828125
-0.0674934387207031 -0.049530029296875 -0.132919311523437 0.137710571289063
-0.0527877807617187 -0.106033325195313 -0.114356994628906 0.11993408203125
0.0202484130859375 -0.109977722167969 -0.2662353515625 0.00788879394531254
-0.0207195281982422 -0.0189723968505859 -0.0820388793945313 0.0030975341796875
-0.00362873077392578 0.0168800354003906 0.029052734375 -0.0821914672851562
0.0253982543945313 0.0251407623291016 0.023712158203125 -0.146270751953125
0.0289325714111328 -0.00472831726074219 -0.008697509765625 -0.1708984375
0.00827693939208984 -0.0154619216918945 -0.0868988037109375 -0.176559448242188
-0.0201320648193359 -0.00471115112304687 -0.145187377929688 -0.112716674804687
-0.0333175659179688 -0.000450134277343744 -0.125511169433594 -0.0631561279296875
-0.0494117736816406 0.00897598266601562 -0.109077453613281 -0.0246429443359375
-0.0587387084960938 -0.0167160034179687 -0.0879364013671875 -0.00124359130859375
-0.0554847717285156 -0.0451164245605469 -0.0738449096679687 0.0418624877929688
-0.0464057922363281 -0.0602226257324219 -0.0987472534179687 0.0664443969726563
-0.0104904174804688 -0.0871658325195313 -0.122932434082031 0.0571823120117187
-0.000228881835937507 -0.104072570800781 -0.127830505371094 0.101020812988281
0.03692626953125 -0.145050048828125 -0.0996551513671875 0.0798110961914063
0.114036560058594 -0.117118835449219 -0.237701416015625 -0.03240966796875
0.06500244140625 -0.0412025451660156 -0.0593681335449219 -0.0304222106933594
0.066253662109375 -0.0435295104980469 0.0448684692382812 -0.11376953125
0.0558738708496094 -0.0395240783691406 0.0217742919921875 -0.166610717773438
0.0366477966308594 -0.0682525634765625 -0.0113067626953125 -0.1728515625
-0.0122871398925781 -0.0677452087402344 -0.0859222412109375 -0.163833618164063
-0.0587692260742188 -0.0430374145507812 -0.129768371582031 -0.103446960449219
-0.0720443725585938 -0.03936767578125 -0.102516174316406 -0.0602951049804688
-0.0950393676757813 -0.0215377807617187 -0.0848922729492188 -0.022247314453125
-0.0907974243164063 -0.050506591796875 -0.0621566772460938 0.0100860595703125
-0.0799942016601562 -0.0934829711914063 -0.0547714233398438 0.0531997680664062
-0.05548095703125 -0.120025634765625 -0.09619140625 0.0715255737304687
0.0299835205078125 -0.148269653320312 -0.123916625976562 0.0414352416992187
0.0582427978515625 -0.144744873046875 -0.119422912597656 0.054412841796875
0.116424560546875 -0.163864135742188 -0.0614280700683594 0.0286979675292969
0.190200805664062 -0.1090087890625 -0.179168701171875 -0.0707550048828125
0.146194458007812 -0.061370849609375 -0.0167961120605469 -0.0633697509765625
0.131111145019531 -0.10906982421875 0.0675277709960938 -0.13824462890625
0.07525634765625 -0.110549926757813 0.0279541015625 -0.177871704101563
0.0321273803710938 -0.13134765625 -0.0083465576171875 -0.162521362304688
-0.0379257202148437 -0.111946105957031 -0.0738601684570313 -0.135795593261719
-0.091583251953125 -0.0740966796875 -0.097381591796875 -0.0816650390625
-0.10150146484375 -0.0721282958984375 -0.0640296936035156 -0.0485343933105469
-0.125144958496094 -0.0507125854492187 -0.0458297729492188 -0.01385498046875
-0.10565185546875 -0.0788650512695313 -0.0258331298828125 0.02685546875
-0.0869140625 -0.127647399902344 -0.0299110412597656 0.0672187805175781
-0.0518341064453125 -0.157760620117188 -0.0873184204101563 0.0776138305664063
0.06732177734375 -0.183456420898438 -0.120452880859375 0.0280685424804687
0.110366821289063 -0.160629272460938 -0.105110168457031 0.00434112548828124
0.179977416992188 -0.155975341796875 -0.00558280944824218 -0.024566650390625
0.235015869140625 -0.08740234375 -0.101577758789062 -0.103927612304688
0.203750610351562 -0.072357177734375 0.0346450805664063 -0.0967330932617188
0.17486572265625 -0.158340454101563 0.0878753662109375 -0.152679443359375
0.08148193359375 -0.16644287109375 0.0376739501953125 -0.171539306640625
0.019775390625 -0.174026489257813 0.00402832031249999 -0.136825561523437
-0.0606689453125 -0.138381958007813 -0.0461044311523437 -0.0956497192382813
-0.111518859863281 -0.0918350219726562 -0.0505523681640625 -0.05352783203125
-0.115013122558594 -0.093902587890625 -0.0166130065917969 -0.0290260314941406
-0.135086059570312 -0.0743942260742187 0.000669717788696281 0.00308537483215332
-0.100349426269531 -0.100608825683594 0.0120468139648437 0.0509910583496094
-0.073486328125 -0.147567749023438 -0.00718688964843751 0.0836563110351562
-0.030487060546875 -0.174942016601563 -0.0755157470703125 0.0825271606445312
0.105422973632813 -0.188064575195313 -0.111587524414062 0.0166702270507812
0.155166625976562 -0.147293090820312 -0.0811614990234375 -0.0410919189453125
0.221633911132813 -0.119491577148437 0.0613327026367188 -0.0685081481933594
0.237030029296875 -0.053466796875 -0.0198745727539062 -0.12957763671875
0.221481323242188 -0.066131591796875 0.0826416015625 -0.128013610839844
0.184249877929687 -0.1732177734375 0.0993499755859375 -0.153350830078125
0.07342529296875 -0.183837890625 0.048980712890625 -0.148452758789063
0.0072784423828125 -0.180633544921875 0.0227432250976563 -0.0999755859375
-0.070770263671875 -0.138786315917969 -0.00654220581054688 -0.053802490234375
-0.113365173339844 -0.0935897827148437 0.00418853759765625 -0.0246906280517578
-0.11175537109375 -0.0997238159179687 0.0317821502685547 -0.00605773925781251
-0.126564025878906 -0.0870742797851563 0.0463790893554687 0.0282630920410156
-0.0809478759765625 -0.109886169433594 0.043182373046875 0.0824661254882813
-0.0464019775390625 -0.149871826171875 0.00807189941406251 0.105758666992187
-1.52587890625124E-05 -0.170303344726562 -0.0637435913085937 0.0868148803710938
0.138336181640625 -0.16668701171875 -0.094482421875 0.00892639160156249
0.185882568359375 -0.11114501953125 -0.04461669921875 -0.0712966918945313
0.233108520507813 -0.0651702880859375 0.131858825683594 -0.092559814453125
0.197769165039062 -0.010040283203125 0.048065185546875 -0.143539428710938
0.195816040039062 -0.0431060791015625 0.11566162109375 -0.150115966796875
0.157608032226563 -0.1453857421875 0.101211547851563 -0.139442443847656
0.055328369140625 -0.155364990234375 0.061309814453125 -0.116775512695313
0.00141906738281251 -0.148178100585938 0.0449600219726563 -0.0628929138183594
-0.0615768432617188 -0.115425109863281 0.0351829528808594 -0.0196495056152344
-0.0948944091796875 -0.0810928344726563 0.0560989379882812 -0.00136566162109375
-0.091766357421875 -0.0904922485351563 0.0748519897460938 0.0171279907226562
-0.102325439453125 -0.0853500366210937 0.0853118896484375 0.0577316284179687
-0.0574722290039063 -0.101982116699219 0.0647964477539063 0.117172241210937
-0.0224533081054687 -0.132759094238281 0.0144729614257813 0.127899169921875
0.0227508544921875 -0.14605712890625 -0.0521392822265625 0.0923843383789062
0.149429321289063 -0.128662109375 -0.069854736328125 0.0102119445800781
0.19134521484375 -0.062713623046875 0.000862121582031264 -0.0790176391601563
0.212356567382813 -0.003753662109375 0.198699951171875 -0.0909881591796875
0.127891540527344 0.040679931640625 0.0918731689453125 -0.141464233398438
0.139968872070313 -0.00417327880859375 0.130203247070313 -0.153549194335938
0.109901428222656 -0.0827789306640625 0.0998001098632812 -0.115371704101563
0.036895751953125 -0.0906753540039063 0.076141357421875 -0.0885543823242188
0.00946807861328126 -0.0859146118164063 0.0627861022949219 -0.0382461547851563
-0.0311508178710938 -0.0753860473632812 0.0673103332519531 -0.00049209594726563
-0.0568695068359375 -0.0587615966796875 0.0943069458007813 0.0139694213867187
-0.059173583984375 -0.0662307739257812 0.105491638183594 0.037322998046875
-0.0695533752441406 -0.0681037902832031 0.1141357421875 0.0864715576171875
-0.0377349853515625 -0.0754470825195313 0.0762481689453125 0.148910522460938
-0.0116195678710938 -0.0987472534179688 0.015472412109375 0.147476196289063
0.0242538452148437 -0.108856201171875 -0.0395736694335938 0.101936340332031
0.12939453125 -0.0881805419921875 -0.0439796447753906 0.0248794555664062
0.165756225585937 -0.018341064453125 0.0439109802246094 -0.0621261596679688
0.158615112304687 0.049957275390625 0.25006103515625 -0.066253662109375
-0.0762863159179688 -0.0828018188476563 -0.263351440429688 0.0560455322265625
-0.09222412109375 0.00805664062500002 -0.077423095703125 0.039459228515625
-0.0610694885253906 0.0649452209472656 0.0310478210449219 -0.0509681701660156
-0.001922607421875 0.073974609375 0.0325698852539063 -0.127426147460938
0.0166664123535156 0.0494308471679688 -0.0066070556640625 -0.165374755859375
0.0247001647949219 0.0318584442138672 -0.087615966796875 -0.175155639648438
0.0179615020751953 0.0304145812988281 -0.149002075195312 -0.105148315429687
0.00929641723632812 0.0373001098632813 -0.133880615234375 -0.0544662475585938
0.00381088256835938 0.0384330749511719 -0.115745544433594 -0.0178070068359375
-0.0166244506835938 0.0228404998779297 -0.0989532470703125 -0.00335693359375
-0.0246009826660156 0.0152606964111328 -0.082183837890625 0.0391006469726562
-0.0358467102050781 0.0168075561523438 -0.0938644409179688 0.071685791015625
-0.0599212646484375 -0.00837326049804688 -0.123733520507813 0.0820846557617188
-0.0676155090332031 -0.04656982421875 -0.13348388671875 0.142227172851563
-0.0558853149414063 -0.102592468261719 -0.117401123046875 0.124641418457031
0.0191268920898438 -0.107284545898438 -0.266952514648438 0.0163879394531249
-0.0180187225341797 -0.0175075531005859 -0.080780029296875 0.00579071044921873
0.000805854797363282 0.0157985687255859 0.0298690795898438 -0.0830230712890625
0.0306072235107422 0.0218791961669922 0.022796630859375 -0.147750854492188
0.0298824310302734 -0.00843620300292969 -0.0100860595703125 -0.173110961914063
0.0075531005859375 -0.0191574096679688 -0.0916900634765625 -0.177871704101563
-0.0223293304443359 -0.00706100463867187 -0.149887084960938 -0.110214233398438
-0.0352058410644531 -0.00128555297851562 -0.129203796386719 -0.0598220825195312
-0.0509033203125 0.00851058959960939 -0.112045288085938 -0.02056884765625
-0.0603141784667969 -0.01763916015625 -0.0908737182617188 0.00190734863281249
-0.0570945739746094 -0.0468864440917969 -0.0750503540039063 0.0448837280273437
-0.04644775390625 -0.0610542297363281 -0.100418090820313 0.071197509765625
-0.010162353515625 -0.0872116088867188 -0.126678466796875 0.0614166259765625
-0.000228881835937495 -0.103492736816406 -0.129814147949219 0.106224060058594
0.0343017578125 -0.1448974609375 -0.103492736816406 0.0850830078125
0.114059448242188 -0.117507934570313 -0.237884521484375 -0.0241546630859375
0.0689315795898437 -0.0419273376464844 -0.0578193664550781 -0.0273017883300781
0.0700721740722656 -0.0464286804199219 0.0438919067382812 -0.114273071289063
0.0591545104980469 -0.0436439514160156 0.0208587646484375 -0.16864013671875
0.0356292724609375 -0.0734176635742188 -0.012298583984375 -0.174163818359375
-0.01495361328125 -0.0710906982421875 -0.089691162109375 -0.1639404296875
-0.0618858337402344 -0.0442581176757812 -0.133926391601563 -0.100128173828125
-0.0763626098632813 -0.0398483276367188 -0.105705261230469 -0.0568923950195312
-0.09796142578125 -0.02117919921875 -0.087005615234375 -0.0181961059570313
-0.0939865112304688 -0.051513671875 -0.0639457702636719 0.0139846801757812
-0.083251953125 -0.095001220703125 -0.0554771423339844 0.0566749572753906
-0.0570755004882813 -0.12152099609375 -0.0980148315429688 0.07757568359375
0.0288238525390625 -0.15106201171875 -0.128097534179688 0.0466232299804688
0.0584564208984375 -0.146591186523437 -0.121551513671875 0.0599822998046875
0.115325927734375 -0.167251586914063 -0.0649452209472656 0.0326042175292969
0.191940307617188 -0.11328125 -0.178665161132813 -0.06268310546875
0.150177001953125 -0.0648040771484375 -0.0148887634277344 -0.0598182678222656
0.132789611816406 -0.114463806152344 0.0658187866210938 -0.139312744140625
0.0762939453125 -0.115470886230469 0.026031494140625 -0.178741455078125
0.0300369262695313 -0.135917663574219 -0.0093994140625 -0.16351318359375
-0.04132080078125 -0.114707946777344 -0.0755691528320313 -0.134468078613281
-0.0952606201171875 -0.0742263793945312 -0.0999221801757812 -0.0782241821289063
-0.106208801269531 -0.0720672607421875 -0.0659217834472656 -0.0455780029296875
-0.128913879394531 -0.049285888671875 -0.0466690063476563 -0.0103836059570312
-0.109092712402344 -0.0794677734375 -0.0262222290039063 0.0301761627197266
-0.0905914306640625 -0.128936767578125 -0.0293121337890625 0.0708236694335937
-0.0553131103515625 -0.159652709960938 -0.0878372192382813 0.0847015380859375
0.06549072265625 -0.189132690429688 -0.12469482421875 0.0331649780273437
0.110107421875 -0.164901733398438 -0.108970642089844 0.00991058349609376
0.180465698242188 -0.1617431640625 -0.00930595397949218 -0.0218830108642578
0.23651123046875 -0.0948486328125 -0.100410461425781 -0.0977554321289062
0.207687377929687 -0.0774688720703125 0.0373306274414063 -0.0946121215820313
0.174285888671875 -0.166030883789063 0.0856781005859375 -0.15338134765625
0.0806427001953125 -0.171478271484375 0.0354156494140625 -0.17236328125
0.0162506103515625 -0.177764892578125 0.00360870361328126 -0.137542724609375
-0.0649261474609375 -0.139427185058594 -0.0459365844726563 -0.0944061279296875
-0.115585327148437 -0.0905838012695313 -0.0510597229003906 -0.0505294799804688
-0.119682312011719 -0.0927734375 -0.0171680450439453 -0.0277061462402344
-0.139083862304688 -0.0710296630859375 0.000989437103271476 0.00525760650634765
-0.104011535644531 -0.100494384765625 0.0140647888183594 0.0538978576660156
-0.07781982421875 -0.148849487304688 -0.00580596923828125 0.088134765625
-0.0350341796875 -0.177032470703125 -0.0755691528320313 0.0886917114257812
0.10382080078125 -0.195343017578125 -0.11529541015625 0.0211257934570312
0.155258178710938 -0.153274536132813 -0.085174560546875 -0.0361557006835937
0.22308349609375 -0.128036499023437 0.057647705078125 -0.0684890747070313
0.238616943359375 -0.0615997314453125 -0.0183029174804687 -0.125106811523438
0.223922729492188 -0.0735931396484375 0.0846786499023438 -0.127029418945313
0.181686401367187 -0.180740356445312 0.0966796875 -0.154525756835938
0.069915771484375 -0.1883544921875 0.0474090576171875 -0.1497802734375
0.00204467773437501 -0.183807373046875 0.0229721069335938 -0.100837707519531
-0.0748977661132813 -0.139251708984375 -0.00457763671875001 -0.0522613525390625
-0.117027282714844 -0.09246826171875 0.00574874877929687 -0.0225429534912109
-0.116218566894531 -0.097808837890625 0.0323505401611328 -0.00539016723632813
-0.130058288574219 -0.0842208862304687 0.048614501953125 0.0288925170898437
-0.0839080810546875 -0.110626220703125 0.0473785400390625 0.0846633911132813
-0.0508880615234375 -0.150588989257813 0.0106964111328125 0.109466552734375
-0.00404357910156249 -0.172317504882813 -0.0635833740234375 0.0927352905273437
0.1358642578125 -0.173477172851562 -0.0978775024414063 0.0132675170898438
0.186203002929687 -0.117156982421875 -0.049102783203125 -0.0682487487792969
0.2362060546875 -0.073089599609375 0.128623962402344 -0.0944061279296875
0.199111938476563 -0.0169525146484375 0.04986572265625 -0.142791748046875
0.19775390625 -0.050506591796875 0.117630004882813 -0.150344848632813
0.15447998046875 -0.152618408203125 0.099609375 -0.14056396484375
0.0509033203125 -0.158370971679688 0.0607757568359375 -0.11871337890625
-0.00305175781249999 -0.149612426757813 0.0453605651855469 -0.0643272399902344
-0.0646743774414062 -0.114364624023438 0.0384597778320312 -0.0191268920898438
-0.0974044799804688 -0.0789947509765625 0.0587081909179687 -0.00192642211914063
-0.0958633422851563 -0.0884780883789063 0.075897216796875 0.0166091918945312
-0.105186462402344 -0.0825958251953125 0.088958740234375 0.057373046875
-0.0595626831054687 -0.101646423339844 0.0696258544921875 0.11962890625
-0.0255584716796875 -0.132553100585937 0.0171737670898438 0.13201904296875
0.019317626953125 -0.1470947265625 -0.0520248413085938 0.0976715087890625
0.147308349609375 -0.135086059570313 -0.073211669921875 0.0135955810546875
0.191940307617188 -0.0693817138671875 -0.00335693359374999 -0.0779495239257812
0.215560913085937 -0.01171875 0.196395874023437 -0.095123291015625
0.129264831542969 0.0348587036132812 0.093719482421875 -0.142715454101562
0.140480041503906 -0.00952911376953125 0.132049560546875 -0.155181884765625
0.106513977050781 -0.0872573852539063 0.1002197265625 -0.1168212890625
0.0334014892578125 -0.0916290283203125 0.0763320922851563 -0.0909957885742188
0.00605010986328125 -0.0861892700195313 0.0644569396972656 -0.0396690368652344
-0.033782958984375 -0.0745849609375 0.070831298828125 -0.0016326904296875
-0.0577812194824219 -0.05609130859375 0.0977096557617188 0.0114517211914062
-0.06146240234375 -0.064056396484375 0.107528686523438 0.0354995727539063
-0.0709152221679688 -0.0647354125976562 0.118026733398438 0.084686279296875
-0.0387496948242188 -0.0737228393554687 0.082427978515625 0.150436401367188
-0.0143508911132813 -0.0975112915039063 0.0186614990234375 0.152053833007813
0.020782470703125 -0.108444213867188 -0.039642333984375 0.10650634765625
0.126731872558594 -0.0939254760742188 -0.0466499328613281 0.0271644592285156
0.16546630859375 -0.0242767333984375 0.0398406982421875 -0.0627250671386719
0.161453247070312 0.0432891845703125 0.248611450195313 -0.0719451904296875
-0.0782470703125 -0.0793685913085938 -0.26953125 0.0619964599609376
-0.0926742553710938 0.0108108520507812 -0.0791015625 0.0414276123046875
-0.0590438842773437 0.0671119689941406 0.0337181091308594 -0.0528221130371094
0.00237274169921874 0.073974609375 0.0343017578125 -0.1318359375
0.0186958312988281 0.0482177734375 -0.00686645507812501 -0.172683715820313
0.0242137908935547 0.0306110382080078 -0.09393310546875 -0.181320190429688
0.0172252655029297 0.0299186706542969 -0.156875610351563 -0.1058349609375
0.00948333740234375 0.037200927734375 -0.139968872070313 -0.0539779663085937
0.00370407104492188 0.0382919311523438 -0.121406555175781 -0.0157394409179688
-0.0175838470458984 0.0216102600097656 -0.105018615722656 -0.00169372558593748
-0.0253124237060547 0.0139446258544922 -0.08587646484375 0.0422515869140625
-0.0341911315917969 0.0170783996582031 -0.0982284545898437 0.0760726928710938
-0.059600830078125 -0.00675201416015624 -0.1304931640625 0.0865097045898438
-0.0680809020996094 -0.0455474853515625 -0.138381958007812 0.148651123046875
-0.0593643188476563 -0.101463317871094 -0.123794555664063 0.131027221679687
0.020263671875 -0.106903076171875 -0.273574829101563 0.0230255126953125
-0.0150184631347656 -0.0163612365722656 -0.0811996459960938 0.00823211669921876
0.00485801696777344 0.0147380828857422 0.0314865112304688 -0.0850372314453125
0.0349292755126953 0.0193996429443359 0.0236358642578125 -0.152679443359375
0.0317745208740234 -0.0121688842773437 -0.010162353515625 -0.179916381835937
0.00581169128417969 -0.0224246978759766 -0.096771240234375 -0.183837890625
-0.0249118804931641 -0.0083465576171875 -0.156753540039062 -0.110519409179688
-0.0380630493164062 -0.00275039672851563 -0.135299682617188 -0.05859375
-0.0536460876464844 0.00796890258789061 -0.117240905761719 -0.0174942016601563
-0.0634727478027344 -0.0189285278320313 -0.0962982177734375 0.004486083984375
-0.0594749450683594 -0.0496635437011719 -0.0783233642578125 0.0489883422851562
-0.0473403930664063 -0.0635719299316406 -0.104743957519531 0.0768051147460938
-0.0090484619140625 -0.0901107788085938 -0.133987426757813 0.0666885375976562
0.000167846679687495 -0.105598449707031 -0.134819030761719 0.11309814453125
0.0341339111328125 -0.1478271484375 -0.109977722167969 0.0909042358398438
0.118644714355469 -0.119186401367188 -0.242950439453125 -0.01739501953125
0.0746002197265625 -0.0434494018554688 -0.0574836730957031 -0.0245246887207031
0.0749359130859375 -0.0502471923828125 0.0452117919921875 -0.11712646484375
0.0638542175292969 -0.0491142272949219 0.0214385986328125 -0.173507690429688
0.0370941162109375 -0.0792922973632813 -0.0122528076171875 -0.180953979492188
-0.0174102783203125 -0.0762405395507813 -0.0937957763671875 -0.168502807617188
-0.0658073425292969 -0.0463829040527344 -0.139961242675781 -0.0995635986328125
-0.0809478759765625 -0.0417938232421875 -0.110145568847656 -0.0552825927734375
-0.102546691894531 -0.0217514038085938 -0.0904464721679687 -0.014892578125
-0.0988388061523438 -0.053466796875 -0.0675849914550781 0.01666259765625
-0.0876998901367188 -0.0989227294921875 -0.0576133728027344 0.0612754821777344
-0.0601272583007813 -0.125923156738281 -0.101898193359375 0.0848617553710937
0.0301971435546875 -0.158126831054688 -0.135574340820313 0.051177978515625
0.060272216796875 -0.151657104492188 -0.12744140625 0.0661392211914062
0.118118286132813 -0.17327880859375 -0.0704574584960937 0.0371551513671875
0.19879150390625 -0.11761474609375 -0.181198120117188 -0.0575408935546875
0.158981323242188 -0.0686187744140625 -0.0123100280761719 -0.0584220886230469
0.138397216796875 -0.12139892578125 0.0668487548828125 -0.14306640625
0.0801467895507813 -0.122718811035156 0.0265655517578125 -0.18353271484375
0.0292816162109375 -0.14324951171875 -0.00894165039062499 -0.169052124023438
-0.044952392578125 -0.120429992675781 -0.0771331787109375 -0.137260437011719
-0.100440979003906 -0.077056884765625 -0.103324890136719 -0.0774765014648438
-0.112823486328125 -0.073455810546875 -0.0688323974609375 -0.044189453125
-0.135116577148437 -0.0492095947265625 -0.0487861633300781 -0.00801467895507814
-0.114799499511719 -0.0823745727539062 -0.0268936157226563 0.0337181091308594
-0.0969467163085938 -0.134361267089844 -0.0298080444335938 0.0757064819335937
-0.058807373046875 -0.164947509765625 -0.091033935546875 0.0919647216796875
0.0661468505859375 -0.198455810546875 -0.132003784179688 0.0387725830078125
0.113235473632812 -0.172134399414063 -0.11419677734375 0.014739990234375
0.18621826171875 -0.170684814453125 -0.0136985778808594 -0.0200119018554688
0.2442626953125 -0.101043701171875 -0.100334167480469 -0.0941009521484375
0.216812133789063 -0.0839385986328125 0.0412216186523438 -0.0943984985351563
0.179107666015625 -0.176162719726563 0.0872344970703125 -0.15673828125
0.0820159912109375 -0.17950439453125 0.036407470703125 -0.17706298828125
0.0133514404296875 -0.185714721679687 0.0038909912109375 -0.1416015625
-0.0695037841796875 -0.145462036132813 -0.0457763671875 -0.0960540771484375
-0.121437072753906 -0.0931625366210937 -0.0516395568847656 -0.0494155883789063
-0.127471923828125 -0.0937271118164063 -0.0180873870849609 -0.0262622833251953
-0.145553588867188 -0.0712738037109375 0.00154161453247069 0.00719547271728515
-0.109756469726563 -0.103843688964844 0.0152664184570312 0.0573577880859375
-0.0833740234375 -0.153823852539063 -0.00466156005859375 0.0935211181640625
-0.0380706787109375 -0.183334350585938 -0.0779953002929688 0.0970840454101563
0.105270385742188 -0.206100463867188 -0.122177124023438 0.0261993408203125
0.160171508789063 -0.161148071289063 -0.0906219482421875 -0.0335540771484375
0.230575561523438 -0.137054443359375 0.0556297302246094 -0.068878173828125
0.245941162109375 -0.0682525634765625 -0.0157546997070312 -0.124946594238281
0.232498168945313 -0.081085205078125 0.0902099609375 -0.12890625
0.184814453125 -0.191482543945313 0.0985565185546875 -0.15826416015625
0.069580078125 -0.195877075195313 0.0479888916015625 -0.153823852539063
-0.00134277343750001 -0.190811157226563 0.024810791015625 -0.103706359863281
-0.0800018310546875 -0.143295288085938 -0.00187683105468751 -0.0530891418457031
-0.122398376464844 -0.09326171875 0.00775146484374999 -0.0221385955810547
-0.123634338378906 -0.0990447998046875 0.0341072082519531 -0.00509262084960938
-0.136154174804688 -0.08441162109375 0.0513458251953125 0.0303497314453125
-0.08843994140625 -0.113075256347656 0.0509719848632812 0.08819580078125
-0.054290771484375 -0.15582275390625 0.0130081176757812 0.115455627441406
-0.00650024414062499 -0.17779541015625 -0.0662612915039063 0.100616455078125
0.137405395507813 -0.183914184570313 -0.103584289550781 0.0173263549804687
0.191497802734375 -0.12518310546875 -0.0536422729492188 -0.06719970703125
0.244796752929688 -0.08184814453125 0.129814147949219 -0.0975799560546875
0.205612182617187 -0.02294921875 0.0555572509765625 -0.145050048828125
0.2047119140625 -0.0572357177734375 0.122909545898437 -0.155136108398438
0.1563720703125 -0.161773681640625 0.101730346679688 -0.144668579101563
0.049530029296875 -0.163726806640625 0.063140869140625 -0.122528076171875
-0.00709533691406249 -0.154434204101563 0.0478744506835938 -0.0661048889160156
-0.0687713623046875 -0.11688232421875 0.0427894592285156 -0.0194015502929688
-0.100486755371094 -0.0789718627929687 0.0626068115234375 -0.00183868408203125
-0.100990295410156 -0.088043212890625 0.0794525146484375 0.0167312622070312
-0.109306335449219 -0.0823287963867188 0.09381103515625 0.0590133666992187
-0.062225341796875 -0.103858947753906 0.0755691528320313 0.123687744140625
-0.0274734497070312 -0.13623046875 0.0196762084960937 0.139533996582031
0.0171661376953125 -0.15106201171875 -0.054473876953125 0.105262756347656
0.148696899414062 -0.143218994140625 -0.0778045654296875 0.0167694091796875
0.19677734375 -0.0754547119140625 -0.00708007812499998 -0.07818603515625
0.223419189453125 -0.0184173583984375 0.199386596679688 -0.09942626953125
0.132476806640625 0.03179931640625 0.100067138671875 -0.14752197265625
0.144012451171875 -0.014251708984375 0.137710571289062 -0.161941528320312
0.10662841796875 -0.09246826171875 0.103645324707031 -0.121162414550781
0.032012939453125 -0.093994140625 0.0790786743164063 -0.0948867797851563
0.0035400390625 -0.0883407592773438 0.0675430297851563 -0.0416526794433594
-0.0360107421875 -0.0752716064453125 0.0763702392578125 -0.0016937255859375
-0.059356689453125 -0.0554161071777344 0.103271484375 0.0107803344726562
-0.0641059875488281 -0.0639724731445312 0.111930847167969 0.035552978515625
-0.0737228393554688 -0.0638275146484375 0.124320983886719 0.08636474609375
-0.0400543212890625 -0.07489013671875 0.088409423828125 0.155471801757813
-0.0150070190429687 -0.098114013671875 0.0210723876953125 0.159439086914063
0.0192184448242188 -0.109695434570312 -0.040985107421875 0.113136291503906
0.126518249511719 -0.0992279052734375 -0.0500259399414062 0.0296897888183594
0.168609619140625 -0.0284423828125 0.0379371643066406 -0.063720703125
0.167022705078125 0.039764404296875 0.25384521484375 -0.077392578125
-0.0827713012695313 -0.0779800415039062 -0.2821044921875 0.073638916015625
-0.0953369140625 0.0149154663085938 -0.0813140869140625 0.0465240478515625
-0.0576553344726563 0.0706863403320312 0.0371017456054687 -0.0569572448730469
0.00713348388671875 0.074676513671875 0.0352325439453125 -0.141250610351563
0.0214576721191406 0.0478591918945313 -0.0096893310546875 -0.185195922851563
0.0244617462158203 0.0300235748291016 -0.10601806640625 -0.192169189453125
0.0174121856689453 0.0300388336181641 -0.169586181640625 -0.107254028320313
0.0107650756835937 0.0376663208007813 -0.150283813476563 -0.0524749755859375
0.00396728515625 0.0387077331542969 -0.130752563476563 -0.0122528076171875
-0.0186748504638672 0.0218048095703125 -0.113929748535156 0.00173187255859376
-0.0265140533447266 0.0132808685302734 -0.0917205810546875 0.0473785400390625
-0.0339775085449219 0.0173969268798828 -0.103767395019531 0.0842971801757813
-0.0604743957519531 -0.00465011596679688 -0.139083862304688 0.0955352783203125
-0.0710678100585937 -0.0449295043945313 -0.144699096679688 0.1611328125
-0.0658035278320313 -0.102432250976563 -0.131942749023437 0.142974853515625
0.0215911865234375 -0.109298706054687 -0.2860107421875 0.03338623046875
-0.0125322341918945 -0.0160140991210938 -0.0839614868164063 0.01220703125
0.00923824310302734 0.0136880874633789 0.0329208374023438 -0.0899734497070313
0.0405502319335938 0.0159378051757813 0.0229949951171875 -0.1622314453125
0.0334796905517578 -0.0171184539794922 -0.01324462890625 -0.1922607421875
0.0041351318359375 -0.0264015197753906 -0.107284545898437 -0.19342041015625
-0.0282669067382813 -0.00974464416503907 -0.169586181640625 -0.111068725585937
-0.0419387817382813 -0.00279235839843751 -0.14569091796875 -0.0567626953125
-0.0572891235351563 0.00902938842773436 -0.125686645507813 -0.0134124755859375
-0.0685997009277344 -0.0206794738769531 -0.104415893554688 0.00910186767578123
-0.0647773742675781 -0.0534210205078125 -0.0833358764648438 0.0551986694335937
-0.0500030517578125 -0.0681266784667969 -0.110855102539062 0.0864410400390625
-0.00984191894531251 -0.095703125 -0.143600463867188 0.0754852294921875
0.000183105468749994 -0.110580444335938 -0.14190673828125 0.124893188476562
0.033233642578125 -0.155029296875 -0.117774963378906 0.10162353515625
0.124870300292969 -0.126533508300781 -0.253921508789063 -0.00894165039062503
0.082122802734375 -0.0467376708984375 -0.05853271484375 -0.0224037170410156
0.08197021484375 -0.057464599609375 0.0463027954101563 -0.123054504394531
0.0692977905273438 -0.0568046569824219 0.019561767578125 -0.182662963867188
0.0376815795898438 -0.08782958984375 -0.015594482421875 -0.192123413085938
-0.0214691162109375 -0.0830154418945313 -0.102203369140625 -0.176651000976563
-0.0723037719726563 -0.0493316650390625 -0.149307250976563 -0.100112915039063
-0.089447021484375 -0.0426177978515625 -0.118438720703125 -0.0534515380859375
-0.110824584960938 -0.0211334228515625 -0.0972137451171875 -0.011444091796875
-0.106864929199219 -0.0558929443359375 -0.0721588134765625 0.0212936401367188
-0.0960006713867188 -0.104461669921875 -0.0605049133300781 0.0678749084472656
-0.0653228759765625 -0.133377075195313 -0.106826782226563 0.0958328247070312
0.0290374755859375 -0.170272827148437 -0.1456298828125 0.0604095458984375
0.062286376953125 -0.161300659179688 -0.135406494140625 0.075927734375
0.12249755859375 -0.185928344726563 -0.0767745971679687 0.0441818237304687
0.209884643554688 -0.128402709960938 -0.188888549804688 -0.0514678955078125
0.170761108398438 -0.0773773193359375 -0.0111618041992187 -0.0586013793945313
0.145782470703125 -0.134811401367188 0.068389892578125 -0.149505615234375
0.0831069946289062 -0.1346435546875 0.0252685546875 -0.19378662109375
0.0272369384765625 -0.154998779296875 -0.0115203857421875 -0.179306030273438
-0.0507354736328125 -0.12896728515625 -0.08367919921875 -0.143447875976563
-0.10980224609375 -0.0799942016601563 -0.11004638671875 -0.07684326171875
-0.124046325683594 -0.075439453125 -0.074676513671875 -0.0426559448242188
-0.145980834960938 -0.0487213134765625 -0.0522880554199219 -0.00503158569335937
-0.124481201171875 -0.0854949951171875 -0.028564453125 0.0382118225097656
-0.106292724609375 -0.140945434570313 -0.0307464599609375 0.083251953125
-0.0669708251953125 -0.17572021484375 -0.09588623046875 0.104385375976563
0.065155029296875 -0.214492797851563 -0.142684936523437 0.0466156005859375
0.117904663085938 -0.184906005859375 -0.123092651367187 0.0213088989257812
0.1932373046875 -0.185760498046875 -0.0180644989013672 -0.0181217193603516
0.258087158203125 -0.113327026367188 -0.103584289550781 -0.0925750732421875
0.230361938476563 -0.0961456298828125 0.04510498046875 -0.097869873046875
0.185760498046875 -0.193161010742187 0.0889129638671875 -0.16510009765625
0.0831451416015625 -0.193649291992188 0.0354461669921875 -0.186492919921875
0.00865173339843748 -0.198760986328125 0.0023956298828125 -0.150405883789063
-0.0775604248046875 -0.153167724609375 -0.047821044921875 -0.100364685058594
-0.131401062011719 -0.0955276489257812 -0.0538291931152344 -0.0488548278808594
-0.139976501464844 -0.0961990356445313 -0.0198554992675781 -0.0252609252929688
-0.15777587890625 -0.071441650390625 0.00199317932128905 0.00930786132812499
-0.119232177734375 -0.108436584472656 0.017913818359375 0.0620498657226562
-0.0928497314453125 -0.161544799804688 -0.0026092529296875 0.101654052734375
-0.04541015625 -0.194244384765625 -0.0815353393554687 0.109123229980469
0.105697631835938 -0.223846435546875 -0.132110595703125 0.0337753295898437
0.166275024414062 -0.175857543945312 -0.099151611328125 -0.0303115844726563
0.242446899414062 -0.154251098632813 0.0537796020507813 -0.0721359252929688
0.259902954101563 -0.07977294921875 -0.0140457153320312 -0.128074645996094
0.245925903320313 -0.09442138671875 0.0956802368164063 -0.137077331542969
0.190597534179688 -0.21044921875 0.101150512695313 -0.166763305664063
0.0676727294921875 -0.209808349609375 0.048492431640625 -0.162460327148438
-0.00839233398437498 -0.203048706054687 0.0247726440429688 -0.110176086425781
-0.0886383056640625 -0.149932861328125 -0.000446319580078128 -0.0559654235839844
-0.1319580078125 -0.0957183837890625 0.0101299285888672 -0.0225353240966797
-0.135337829589844 -0.100593566894531 0.0365219116210937 -0.00455856323242188
-0.14715576171875 -0.084320068359375 0.0553932189941406 0.0319786071777344
-0.0968475341796875 -0.118537902832031 0.0577163696289062 0.0942916870117188
-0.0624847412109375 -0.164108276367187 0.0165481567382813 0.124603271484375
-0.012725830078125 -0.188583374023438 -0.0679473876953125 0.112007141113281
0.139846801757813 -0.200729370117188 -0.112228393554687 0.0234146118164062
0.200057983398438 -0.138717651367188 -0.0606498718261719 -0.0671463012695313
0.257553100585938 -0.0964813232421875 0.131332397460938 -0.105384826660156
0.216781616210938 -0.0313568115234375 0.060028076171875 -0.151718139648438
0.21527099609375 -0.0684814453125 0.129928588867188 -0.165283203125
0.158721923828125 -0.177322387695313 0.106094360351563 -0.153030395507813
0.0468597412109375 -0.173980712890625 0.0643844604492187 -0.129592895507813
-0.0135345458984375 -0.162994384765625 0.0506057739257813 -0.0715484619140625
-0.0765609741210937 -0.121429443359375 0.0482368469238281 -0.0210227966308594
-0.10772705078125 -0.0802001953125 0.0689239501953125 -0.0033111572265625
-0.110458374023437 -0.0891265869140625 0.0842819213867188 0.0162277221679687
-0.1185302734375 -0.08294677734375 0.101028442382813 0.0602035522460938
-0.068389892578125 -0.1083984375 0.0848922729492188 0.130401611328125
-0.032073974609375 -0.142913818359375 0.02471923828125 0.150009155273438
0.0140533447265625 -0.15948486328125 -0.0558929443359375 0.116920471191406
0.151824951171875 -0.157440185546875 -0.0845718383789062 0.0215530395507812
0.205612182617188 -0.0862884521484375 -0.011627197265625 -0.0803298950195313
0.235946655273437 -0.0291290283203125 0.205474853515625 -0.109786987304688
0.140068054199219 0.0279617309570313 0.107131958007813 -0.158126831054688
0.151153564453125 -0.021484375 0.145355224609375 -0.174148559570313
0.107536315917969 -0.102279663085938 0.108627319335937 -0.129600524902344
0.0300979614257813 -0.09881591796875 0.0830078125 -0.101837158203125
-0.00091552734375 -0.09283447265625 0.0718536376953125 -0.045562744140625
-0.0403289794921875 -0.0777435302734375 0.0837173461914063 -0.00332641601562501
-0.0632972717285156 -0.055755615234375 0.111717224121094 0.00778961181640625
-0.0693588256835938 -0.0638694763183594 0.119544982910156 0.0342330932617187
-0.0786209106445312 -0.0639572143554688 0.134078979492188 0.0878448486328125
-0.043212890625 -0.076873779296875 0.100112915039063 0.162948608398438
-0.0182876586914063 -0.101959228515625 0.0260162353515625 0.17132568359375
0.0169830322265625 -0.114578247070313 -0.0427474975585937 0.124122619628906
0.128280639648438 -0.109161376953125 -0.0553092956542969 0.034149169921875
0.176071166992188 -0.0367889404296875 0.0360374450683594 -0.0675811767578125
0.177764892578125 0.0341644287109375 0.263885498046875 -0.08807373046875
-0.0890960693359375 -0.0735931396484375 -0.294097900390625 0.09576416015625
-0.097808837890625 0.0223846435546875 -0.08270263671875 0.0545654296875
-0.055267333984375 0.0764923095703125 0.0388298034667969 -0.0627479553222656
0.0131378173828125 0.0749740600585938 0.0319061279296875 -0.152862548828125
0.0256919860839844 0.0467987060546875 -0.0193023681640625 -0.19921875
0.0252475738525391 0.0290203094482422 -0.124130249023438 -0.200347900390625
0.0180397033691406 0.0301952362060547 -0.18695068359375 -0.104248046875
0.0127334594726563 0.0379409790039063 -0.163955688476562 -0.0460357666015625
0.0055389404296875 0.0396194458007813 -0.140609741210938 -0.00424194335937499
-0.0199470520019531 0.0228328704833984 -0.124214172363281 0.00956726074218752
-0.0270633697509766 0.0134181976318359 -0.09649658203125 0.0559234619140625
-0.0334072113037109 0.0186176300048828 -0.107170104980469 0.095855712890625
-0.0615806579589844 -0.00203704833984375 -0.145843505859375 0.110122680664063
-0.0764389038085938 -0.0429306030273437 -0.147903442382812 0.179092407226563
-0.0746688842773438 -0.101676940917969 -0.13653564453125 0.160720825195313
0.02056884765625 -0.113723754882813 -0.2996826171875 0.053436279296875
-0.0105361938476563 -0.0161371231079102 -0.086669921875 0.01885986328125
0.0132293701171875 0.011601448059082 0.0329513549804688 -0.096893310546875
0.0457572937011719 0.0102081298828125 0.0181427001953125 -0.173370361328125
0.0350875854492187 -0.0233840942382813 -0.0225372314453125 -0.206085205078125
0.000982284545898438 -0.0305194854736328 -0.125198364257813 -0.201522827148438
-0.0322532653808594 -0.0101966857910156 -0.18585205078125 -0.107620239257813
-0.0459823608398437 -0.00213241577148438 -0.158370971679688 -0.050323486328125
-0.0615043640136719 0.0111274719238281 -0.135414123535156 -0.00514221191406253
-0.075469970703125 -0.0199508666992187 -0.113075256347656 0.0169601440429688
-0.0722885131835938 -0.05517578125 -0.0875625610351563 0.0645294189453125
-0.0557861328125 -0.0712051391601563 -0.1141357421875 0.100410461425781
-0.01373291015625 -0.102005004882813 -0.151840209960938 0.0897674560546875
-0.00366973876953124 -0.117355346679688 -0.146286010742188 0.142379760742188
0.0275421142578125 -0.16448974609375 -0.123519897460938 0.116798400878906
0.129669189453125 -0.138740539550781 -0.266876220703125 0.00827026367187498
0.0890274047851562 -0.0546340942382813 -0.060699462890625 -0.0177536010742187
0.0863723754882813 -0.0682907104492188 0.044281005859375 -0.131912231445313
0.0723724365234375 -0.0678176879882813 0.0133209228515625 -0.195404052734375
0.0350494384765625 -0.0991134643554688 -0.025390625 -0.20526123046875
-0.028717041015625 -0.0898361206054687 -0.117996215820313 -0.18310546875
-0.0813140869140625 -0.049713134765625 -0.1640625 -0.096343994140625
-0.0993499755859375 -0.0408935546875 -0.128936767578125 -0.0480880737304687
-0.120231628417969 -0.0172576904296875 -0.105110168457031 -0.0041046142578125
-0.118515014648437 -0.0552902221679688 -0.0778045654296875 0.0289230346679687
-0.108894348144531 -0.107933044433594 -0.0626144409179687 0.0771636962890625
-0.0771484375 -0.13922119140625 -0.109527587890625 0.111961364746094
0.0225982666015625 -0.18475341796875 -0.155044555664063 0.074676513671875
0.06024169921875 -0.175079345703125 -0.141357421875 0.090423583984375
0.121109008789062 -0.204345703125 -0.0825424194335937 0.0543975830078125
0.21881103515625 -0.146621704101562 -0.198760986328125 -0.0405426025390625
0.18072509765625 -0.0926513671875 -0.0114784240722656 -0.0585975646972656
0.149551391601563 -0.154373168945312 0.0660858154296875 -0.160140991210938
0.08343505859375 -0.15087890625 0.0180206298828125 -0.205657958984375
0.0200042724609375 -0.169036865234375 -0.020782470703125 -0.190811157226563
-0.0622177124023437 -0.136726379394531 -0.095062255859375 -0.149322509765625
-0.1219482421875 -0.08056640625 -0.119636535644531 -0.074310302734375
-0.138420104980469 -0.0731887817382813 -0.0811080932617188 -0.039093017578125
-0.158966064453125 -0.044097900390625 -0.0562248229980469 0.000465393066406243
-0.138763427734375 -0.0858001708984375 -0.0284614562988281 0.0445556640625
-0.12237548828125 -0.145645141601563 -0.0287322998046875 0.0923995971679688
-0.08074951171875 -0.183944702148437 -0.096649169921875 0.120124816894531
0.0576171875 -0.235260009765625 -0.152328491210938 0.06121826171875
0.117050170898438 -0.20404052734375 -0.13092041015625 0.03289794921875
0.198074340820313 -0.210372924804688 -0.0236682891845703 -0.0156784057617188
0.270645141601563 -0.134552001953125 -0.109512329101562 -0.0889434814453125
0.242965698242187 -0.117340087890625 0.0466156005859375 -0.103828430175781
0.187210083007813 -0.219024658203125 0.087005615234375 -0.176895141601562
0.0781707763671875 -0.212326049804688 0.028594970703125 -0.198486328125
-0.00238037109375 -0.214126586914063 -0.004150390625 -0.160324096679688
-0.091461181640625 -0.160369873046875 -0.053619384765625 -0.103843688964844
-0.1458740234375 -0.095672607421875 -0.0572013854980469 -0.0471153259277344
-0.15673828125 -0.09320068359375 -0.0219345092773438 -0.0240345001220703
-0.172775268554688 -0.0667266845703125 0.00217914581298827 0.012141227722168
-0.133827209472656 -0.110458374023437 0.0230560302734375 0.0665321350097656
-0.1087646484375 -0.16815185546875 0.00307464599609375 0.110954284667969
-0.059539794921875 -0.205291748046875 -0.0812225341796875 0.125175476074219
0.0995941162109375 -0.24749755859375 -0.14215087890625 0.045745849609375
0.169235229492187 -0.197616577148438 -0.108833312988281 -0.0238037109375
0.250732421875 -0.179702758789063 0.0504913330078125 -0.0769577026367188
0.2733154296875 -0.10113525390625 -0.0169219970703125 -0.132308959960938
0.258834838867188 -0.117050170898437 0.09881591796875 -0.147796630859375
0.18994140625 -0.236801147460938 0.100631713867188 -0.179397583007813
0.0613861083984375 -0.227066040039062 0.0437469482421875 -0.17327880859375
-0.0218505859375 -0.216232299804688 0.0219650268554687 -0.118232727050781
-0.103302001953125 -0.155929565429688 -0.000141143798828126 -0.0594367980957031
-0.145614624023438 -0.0944976806640625 0.0119132995605469 -0.0236129760742188
-0.1512451171875 -0.0979156494140625 0.0383644104003906 -0.00522994995117188
-0.161834716796875 -0.0804443359375 0.0608940124511719 0.0322761535644531
-0.110313415527344 -0.121612548828125 0.0681228637695313 0.0975265502929688
-0.075897216796875 -0.171463012695313 0.0248870849609375 0.134506225585938
-0.023193359375 -0.200408935546875 -0.0671539306640625 0.127670288085938
0.136337280273438 -0.224319458007813 -0.121147155761719 0.0338211059570312
0.206207275390625 -0.160079956054688 -0.070770263671875 -0.0659332275390625
0.269195556640625 -0.120574951171875 0.131484985351563 -0.116790771484375
0.228607177734375 -0.0475921630859375 0.06097412109375 -0.16326904296875
0.225326538085938 -0.0880889892578125 0.13250732421875 -0.18115234375
0.157318115234375 -0.199539184570313 0.106689453125 -0.165969848632813
0.03900146484375 -0.18695068359375 0.0633010864257812 -0.140357971191406
-0.02490234375 -0.172332763671875 0.0513992309570313 -0.0785675048828125
-0.0880584716796875 -0.124588012695313 0.0537834167480469 -0.0255470275878906
-0.118682861328125 -0.07855224609375 0.0758438110351563 -0.00749969482421876
-0.123176574707031 -0.0870132446289063 0.0916213989257813 0.01336669921875
-0.130439758300781 -0.0794830322265625 0.111007690429688 0.0595245361328125
-0.0783157348632813 -0.111915588378906 0.098968505859375 0.134788513183594
-0.0421600341796875 -0.150131225585938 0.0348052978515625 0.160888671875
0.00622558593749999 -0.169876098632813 -0.0538101196289062 0.130393981933594
0.150527954101563 -0.176895141601562 -0.091644287109375 0.029144287109375
0.21270751953125 -0.104995727539063 -0.0195846557617187 -0.0828094482421875
0.249496459960938 -0.047454833984375 0.209671020507813 -0.12646484375
0.14947509765625 0.01971435546875 0.110580444335938 -0.173782348632813
0.158309936523437 -0.03369140625 0.14776611328125 -0.192794799804687
0.106529235839844 -0.1153564453125 0.111129760742188 -0.141815185546875
0.0254135131835937 -0.105430603027344 0.0842742919921875 -0.112770080566406
-0.00738525390625 -0.0982666015625 0.074676513671875 -0.0528335571289063
-0.0479049682617187 -0.0788497924804688 0.0918731689453125 -0.00853729248046876
-0.0686264038085938 -0.0547676086425781 0.120895385742188 0.000747680664062497
-0.0774917602539063 -0.0618209838867188 0.129302978515625 0.0296783447265625
-0.0864486694335938 -0.0612640380859375 0.147674560546875 0.0858154296875
-0.0495452880859375 -0.079193115234375 0.116729736328125 0.168670654296875
-0.0239715576171875 -0.105751037597656 0.037384033203125 0.1834716796875
0.0118865966796875 -0.121490478515625 -0.0400466918945312 0.136497497558594
0.127983093261719 -0.123313903808594 -0.0595474243164062 0.0399856567382813
0.183212280273438 -0.0501556396484375 0.03179931640625 -0.0727386474609375
0.189468383789063 0.023406982421875 0.27313232421875 -0.108383178710938
-0.09564208984375 -0.0663986206054688 -0.297454833984375 0.124176025390625
-0.09771728515625 0.031463623046875 -0.0808181762695313 0.06500244140625
-0.050201416015625 0.083160400390625 0.0378608703613281 -0.0695381164550781
0.0208740234375 0.0729293823242188 0.0238189697265625 -0.163681030273437
0.0300750732421875 0.0443229675292969 -0.034942626953125 -0.20953369140625
0.0267219543457031 0.0272750854492188 -0.146713256835938 -0.201400756835938
0.0196380615234375 0.0291862487792969 -0.204437255859375 -0.0935516357421875
0.0152587890625 0.03704833984375 -0.175506591796875 -0.03314208984375
0.00811386108398437 0.0390167236328125 -0.149002075195312 0.00825500488281247
-0.0205039978027344 0.0241413116455078 -0.131858825683594 0.0214691162109375
-0.0282039642333984 0.0141677856445313 -0.0986785888671875 0.0673446655273438
-0.0321216583251953 0.0201053619384766 -0.105499267578125 0.109817504882813
-0.0621261596679687 0.00225067138671875 -0.146102905273438 0.127731323242188
-0.0806045532226562 -0.0382537841796875 -0.142288208007813 0.200363159179688
-0.0849838256835937 -0.0965347290039063 -0.13421630859375 0.181365966796875
0.0161972045898437 -0.117530822753906 -0.30511474609375 0.082305908203125
-0.00819873809814453 -0.0156879425048828 -0.086456298828125 0.0287094116210938
0.0172061920166016 0.00890827178955078 0.0287246704101563 -0.103706359863281
0.05035400390625 0.00226593017578125 0.00813293457031252 -0.182479858398438
0.0344619750976563 -0.0304851531982422 -0.0379791259765625 -0.216079711914063
-0.00339317321777344 -0.0343818664550781 -0.147598266601563 -0.202590942382813
-0.0368423461914062 -0.0100479125976563 -0.202590942382813 -0.0966339111328125
-0.0499191284179688 0.000431060791015626 -0.1695556640625 -0.0381011962890625
-0.065277099609375 0.01483154296875 -0.142822265625 0.00816345214843749
-0.0820236206054688 -0.0163650512695313 -0.11871337890625 0.0294647216796875
-0.0810546875 -0.0541229248046875 -0.0881576538085938 0.075408935546875
-0.06280517578125 -0.0714187622070313 -0.112770080566406 0.116836547851562
-0.0204925537109375 -0.107078552246094 -0.1546630859375 0.108200073242187
-0.0105514526367187 -0.121932983398438 -0.143707275390625 0.1627197265625
0.0172882080078125 -0.17236328125 -0.123275756835938 0.134559631347656
0.128890991210938 -0.153213500976563 -0.273468017578125 0.0330352783203124
0.0927810668945313 -0.0651016235351562 -0.0611000061035156 -0.0116844177246094
0.087249755859375 -0.0810775756835938 0.03863525390625 -0.139991760253906
0.0713958740234375 -0.08038330078125 0.00108337402343749 -0.203750610351563
0.0282974243164063 -0.109573364257812 -0.0406646728515625 -0.214630126953125
-0.0386199951171875 -0.0944671630859375 -0.137008666992188 -0.1834716796875
-0.0910110473632812 -0.0475540161132812 -0.177642822265625 -0.08599853515625
-0.109413146972656 -0.0355300903320313 -0.138992309570312 -0.0373382568359375
-0.1290283203125 -0.00894927978515622 -0.11053466796875 0.0066986083984375
-0.129928588867187 -0.0504379272460938 -0.080291748046875 0.0394363403320313
-0.124504089355469 -0.106170654296875 -0.0602264404296875 0.0878143310546875
-0.09130859375 -0.141433715820313 -0.106353759765625 0.128982543945312
0.00959777832031251 -0.196868896484375 -0.159713745117187 0.093292236328125
0.051361083984375 -0.188140869140625 -0.142364501953125 0.109420776367187
0.111785888671875 -0.223220825195313 -0.0856704711914062 0.0664138793945313
0.22119140625 -0.1700439453125 -0.204818725585938 -0.0223999023437501
0.185470581054688 -0.112518310546875 -0.0126113891601562 -0.0573806762695313
0.145797729492188 -0.17657470703125 0.059051513671875 -0.170578002929688
0.076507568359375 -0.167266845703125 0.00445556640625001 -0.214569091796875
0.006561279296875 -0.18182373046875 -0.0348968505859375 -0.199813842773438
-0.0775604248046875 -0.140716552734375 -0.109512329101562 -0.148880004882813
-0.135086059570313 -0.0761566162109375 -0.128219604492187 -0.0669708251953125
-0.152847290039063 -0.065093994140625 -0.0875244140625 -0.0316314697265625
-0.171600341796875 -0.033477783203125 -0.0587387084960938 0.00782394409179687
-0.153884887695313 -0.0803070068359376 -0.0267257690429688 0.0508155822753906
-0.141220092773437 -0.14471435546875 -0.0234603881835938 0.100914001464844
-0.099395751953125 -0.188079833984375 -0.0920181274414063 0.138008117675781
0.0418548583984375 -0.25335693359375 -0.157852172851563 0.0792541503906249
0.108963012695313 -0.223373413085937 -0.136268615722656 0.0478591918945312
0.191146850585938 -0.237548828125 -0.0286846160888672 -0.0109024047851563
0.275070190429688 -0.163436889648438 -0.11517333984375 -0.0807723999023438
0.247161865234375 -0.14495849609375 0.0445327758789063 -0.109840393066406
0.178939819335938 -0.2470703125 0.079498291015625 -0.188858032226563
0.0659332275390625 -0.230422973632813 0.016082763671875 -0.20745849609375
-0.021331787109375 -0.225799560546875 -0.0152587890625 -0.167312622070313
-0.109603881835938 -0.163101196289063 -0.0623245239257812 -0.104881286621094
-0.160995483398438 -0.0895843505859375 -0.0608634948730469 -0.0445442199707031
-0.173065185546875 -0.08392333984375 -0.0247001647949219 -0.0212726593017578
-0.186996459960937 -0.055023193359375 0.00345802307128905 0.0148382186889648
-0.150146484375 -0.105850219726563 0.0300369262695312 0.0693283081054688
-0.128204345703125 -0.168777465820313 0.011688232421875 0.117744445800781
-0.0786285400390625 -0.211257934570313 -0.075164794921875 0.142196655273437
0.08306884765625 -0.26934814453125 -0.148193359375 0.063079833984375
0.162918090820313 -0.2215576171875 -0.117561340332031 -0.0130615234375
0.247955322265625 -0.210708618164063 0.0436782836914063 -0.0817794799804688
0.279586791992188 -0.129669189453125 -0.021453857421875 -0.134208679199219
0.261505126953125 -0.1458740234375 0.0959014892578125 -0.160751342773438
0.17816162109375 -0.265518188476563 0.093231201171875 -0.192123413085938
0.0456390380859375 -0.242843627929687 0.0338134765625 -0.182373046875
-0.041778564453125 -0.224853515625 0.0147171020507812 -0.125442504882813
-0.121078491210937 -0.156463623046875 -0.00152206420898438 -0.0621871948242188
-0.159774780273438 -0.0879058837890625 0.0135383605957031 -0.0256118774414063
-0.167373657226563 -0.089080810546875 0.0405158996582031 -0.00726699829101563
-0.17608642578125 -0.07000732421875 0.0660972595214844 0.0308570861816406
-0.125373840332031 -0.119529724121094 0.0799713134765625 0.0977096557617187
-0.0933837890625 -0.174331665039063 0.036773681640625 0.1414794921875
-0.0401153564453125 -0.208587646484375 -0.060028076171875 0.143081665039063
0.122787475585938 -0.246932983398438 -0.127494812011719 0.0479049682617188
0.202850341796875 -0.185150146484375 -0.0809173583984375 -0.0606765747070313
0.272308349609375 -0.151168823242187 0.125129699707031 -0.130096435546875
0.235443115234375 -0.0703125 0.0572052001953125 -0.173675537109375
0.227676391601562 -0.112808227539063 0.128982543945313 -0.19915771484375
0.146011352539063 -0.222808837890625 0.100814819335938 -0.179855346679688
0.0260009765625 -0.198959350585937 0.0564727783203125 -0.150344848632813
-0.0418853759765625 -0.178009033203125 0.0487213134765625 -0.0857467651367188
-0.103141784667969 -0.123405456542969 0.0565567016601562 -0.0310783386230469
-0.13006591796875 -0.0727310180664062 0.0813369750976562 -0.0144729614257813
-0.135871887207031 -0.0787811279296875 0.0969390869140625 0.00763702392578125
-0.142120361328125 -0.071044921875 0.121177673339844 0.0546798706054687
-0.0904312133789063 -0.11126708984375 0.115676879882813 0.1331787109375
-0.0557861328125 -0.153244018554688 0.04998779296875 0.167861938476562
-0.0065155029296875 -0.177764892578125 -0.04638671875 0.144668579101562
0.141204833984375 -0.197952270507813 -0.0964202880859375 0.0404129028320312
0.213058471679688 -0.128570556640625 -0.0288772583007812 -0.0832061767578125
0.256591796875 -0.072479248046875 0.205902099609375 -0.147674560546875
0.156875610351562 0.00665283203125 0.106887817382813 -0.190322875976563
0.1611328125 -0.0501556396484375 0.143020629882812 -0.212493896484375
0.0991897583007812 -0.130928039550781 0.107879638671875 -0.156509399414063
0.0174026489257812 -0.111724853515625 0.0806045532226563 -0.12469482421875
-0.0166702270507813 -0.101005554199219 0.0754623413085938 -0.06121826171875
-0.0565567016601562 -0.0777130126953125 0.0987014770507813 -0.01739501953125
-0.0747299194335938 -0.0511932373046875 0.128593444824219 -0.0099029541015625
-0.0852813720703125 -0.0567703247070313 0.137687683105469 0.0204925537109375
-0.0942611694335937 -0.05572509765625 0.161651611328125 0.07818603515625
-0.0568084716796875 -0.0789947509765625 0.1368408203125 0.166610717773438
-0.0324783325195312 -0.107933044433594 0.053253173828125 0.191162109375
0.00356292724609374 -0.126136779785156 -0.0319976806640625 0.149673461914062
0.121292114257813 -0.13836669921875 -0.0621299743652344 0.0481109619140625
0.184585571289063 -0.068450927734375 0.0242919921875 -0.0772781372070313
0.198165893554688 0.006591796875 0.273391723632813 -0.133712768554688
-0.09912109375 -0.0570297241210938 -0.289886474609375 0.151123046875
-0.0943450927734375 0.039947509765625 -0.074920654296875 0.0730438232421875
-0.0424728393554688 0.0869903564453125 0.03558349609375 -0.0747146606445313
0.0272598266601562 0.0684585571289063 0.0132598876953125 -0.169876098632812
0.0333480834960938 0.0401458740234375 -0.0517578125 -0.213104248046875
0.0274829864501953 0.0253582000732422 -0.167343139648438 -0.196044921875
0.0207881927490234 0.0273590087890625 -0.215240478515625 -0.0776519775390625
0.0180587768554687 0.0350170135498047 -0.181045532226562 -0.01885986328125
0.009979248046875 0.0382614135742188 -0.15185546875 0.02215576171875
-0.0203723907470703 0.0244846343994141 -0.135734558105469 0.0349502563476562
-0.0283203125 0.0150241851806641 -0.0966796875 0.0775146484375
-0.0300025939941406 0.0210609436035156 -0.100311279296875 0.120948791503906
-0.0602836608886719 0.00704193115234374 -0.140487670898438 0.142913818359375
-0.0832901000976562 -0.0315628051757812 -0.130569458007813 0.215972900390625
-0.0927047729492187 -0.0881729125976562 -0.125656127929688 0.197601318359375
0.011871337890625 -0.119117736816406 -0.29913330078125 0.109466552734375
-0.00583744049072266 -0.0160818099975586 -0.0827255249023438 0.0373153686523437
0.0200786590576172 0.00487327575683594 0.0235671997070313 -0.10772705078125
0.0512771606445313 -0.00558090209960938 -0.00355529785156251 -0.187103271484375
0.031463623046875 -0.0368843078613281 -0.054656982421875 -0.219940185546875
-0.00778579711914062 -0.0358543395996094 -0.167190551757813 -0.195755004882813
-0.0401802062988281 -0.00842666625976562 -0.213699340820312 -0.0812835693359375
-0.0526695251464844 0.00348281860351562 -0.174575805664063 -0.022674560546875
-0.066741943359375 0.0198822021484375 -0.144943237304687 0.022125244140625
-0.0866470336914063 -0.0112762451171875 -0.120841979980469 0.0419158935546875
-0.0890426635742188 -0.0494842529296875 -0.0851821899414063 0.0855331420898437
-0.0690383911132813 -0.070037841796875 -0.106094360351562 0.129989624023438
-0.0284423828125 -0.109649658203125 -0.151962280273438 0.12481689453125
-0.0176620483398437 -0.123466491699219 -0.1341552734375 0.178512573242188
0.00566101074218748 -0.17474365234375 -0.117446899414063 0.149398803710938
0.123733520507813 -0.165496826171875 -0.26995849609375 0.0576324462890625
0.092987060546875 -0.0747833251953125 -0.0593109130859375 -0.00523376464843751
0.0844955444335938 -0.0921707153320313 0.0305023193359375 -0.143905639648438
0.067352294921875 -0.0911178588867188 -0.01239013671875 -0.206497192382812
0.0194244384765625 -0.117073059082031 -0.057586669921875 -0.216949462890625
-0.0482177734375 -0.0952301025390625 -0.1546630859375 -0.177276611328125
-0.098663330078125 -0.0428848266601563 -0.185714721679687 -0.0728607177734375
-0.11627197265625 -0.0278167724609375 -0.14306640625 -0.02508544921875
-0.133941650390625 0.00118255615234376 -0.1116943359375 0.0194168090820312
-0.137954711914063 -0.0417404174804688 -0.0798492431640625 0.0485382080078125
-0.136436462402344 -0.099884033203125 -0.0552978515625 0.0961532592773438
-0.104454040527344 -0.139228820800781 -0.097991943359375 0.143264770507813
-0.00569152832031249 -0.20379638671875 -0.158599853515625 0.1114501953125
0.040283203125 -0.1968994140625 -0.137542724609375 0.125076293945313
0.09686279296875 -0.236053466796875 -0.0846099853515625 0.0778350830078125
0.215301513671875 -0.1915283203125 -0.204254150390625 -0.00401306152343755
0.183090209960938 -0.13214111328125 -0.0129737854003906 -0.0555191040039063
0.135116577148438 -0.193740844726562 0.048919677734375 -0.17547607421875
0.0652008056640625 -0.179611206054688 -0.010284423828125 -0.217559814453125
-0.00939941406250002 -0.188125610351563 -0.049530029296875 -0.2000732421875
-0.0919265747070312 -0.139785766601563 -0.122665405273437 -0.143844604492188
-0.146652221679687 -0.0677032470703125 -0.133804321289063 -0.05706787109375
-0.1627197265625 -0.053924560546875 -0.090057373046875 -0.0229110717773438
-0.178802490234375 -0.0195159912109375 -0.058929443359375 0.0156173706054687
-0.164260864257813 -0.070770263671875 -0.0239372253417969 0.0558815002441406
-0.157257080078125 -0.1370849609375 -0.0163726806640625 0.10736083984375
-0.116180419921875 -0.185409545898438 -0.0819396972656251 0.1519775390625
0.0208282470703125 -0.264083862304688 -0.15771484375 0.0975341796875
0.0950927734375 -0.2376708984375 -0.136146545410156 0.0621185302734375
0.176315307617187 -0.258255004882813 -0.0324592590332031 -0.00577354431152345
0.269805908203125 -0.189773559570313 -0.117164611816406 -0.0706329345703125
0.242568969726563 -0.17022705078125 0.041534423828125 -0.112922668457031
0.162063598632813 -0.268783569335938 0.0684967041015625 -0.196273803710938
0.0489959716796875 -0.241455078125 0.00190734863281248 -0.210174560546875
-0.0416107177734375 -0.229995727539063 -0.0271759033203125 -0.16900634765625
-0.1265869140625 -0.158950805664063 -0.0698165893554688 -0.101898193359375
-0.17291259765625 -0.0796966552734375 -0.0634346008300781 -0.0406074523925781
-0.184661865234375 -0.071014404296875 -0.025289535522461 -0.0174560546875
-0.195724487304688 -0.040252685546875 0.00550460815429686 0.0174226760864258
-0.162277221679688 -0.0971221923828125 0.0365943908691406 0.0691986083984375
-0.14569091796875 -0.163101196289062 0.0211181640625 0.121574401855469
-0.0977783203125 -0.210464477539063 -0.064544677734375 0.155471801757813
0.060791015625 -0.283447265625 -0.148666381835938 0.0799102783203125
0.149566650390625 -0.240432739257813 -0.121971130371094 -0.000671386718750013
0.235763549804688 -0.236907958984375 0.0352325439453125 -0.0840072631835938
0.275482177734375 -0.156387329101563 -0.0260391235351562 -0.133476257324219
0.255172729492188 -0.172988891601563 0.088775634765625 -0.169525146484375
0.158843994140625 -0.28729248046875 0.0825958251953125 -0.2012939453125
0.02703857421875 -0.252212524414063 0.02191162109375 -0.18682861328125
-0.062255859375 -0.226409912109375 0.00641632080078124 -0.128425598144531
-0.136581420898438 -0.149795532226562 -0.00397109985351563 -0.0632743835449219
-0.170501708984375 -0.077850341796875 0.0146808624267578 -0.0276870727539063
-0.178787231445313 -0.0757293701171875 0.0414924621582031 -0.00901412963867188
-0.185638427734375 -0.055938720703125 0.0706405639648437 0.0279998779296875
-0.138465881347656 -0.112945556640625 0.0903778076171875 0.0938491821289063
-0.109695434570313 -0.170654296875 0.0500335693359375 0.1431884765625
-0.0574493408203125 -0.209564208984375 -0.048614501953125 0.1556396484375
0.103485107421875 -0.263778686523438 -0.128311157226562 0.0622024536132812
0.19207763671875 -0.206771850585937 -0.0887680053710937 -0.0524063110351563
0.26483154296875 -0.177978515625 0.114151000976563 -0.140213012695313
0.2342529296875 -0.0930938720703125 0.050628662109375 -0.181396484375
0.222122192382812 -0.137054443359375 0.11822509765625 -0.212692260742188
0.127548217773438 -0.240478515625 0.0912322998046875 -0.18975830078125
0.0100250244140625 -0.203933715820313 0.0476531982421875 -0.156295776367188
-0.058502197265625 -0.177505493164063 0.0445632934570312 -0.09027099609375
-0.115310668945313 -0.117034912109375 0.0583534240722656 -0.037200927734375
-0.137939453125 -0.0637893676757813 0.08392333984375 -0.0227508544921875
-0.144622802734375 -0.06829833984375 0.0999069213867188 0.000656127929687496
-0.150039672851563 -0.060211181640625 0.128448486328125 0.0468902587890625
-0.100868225097656 -0.107444763183594 0.130210876464844 0.125808715820313
-0.068695068359375 -0.152420043945313 0.06549072265625 0.170013427734375
-0.0205078125 -0.179367065429687 -0.03515625 0.155181884765625
0.125503540039063 -0.214385986328125 -0.0977706909179687 0.0512161254882812
0.205780029296875 -0.149337768554688 -0.0386199951171875 -0.0803604125976563
0.253936767578125 -0.097747802734375 0.195419311523438 -0.164993286132813
0.159393310546875 -0.0081787109375 0.0987396240234375 -0.2034912109375
0.157669067382813 -0.066314697265625 0.13116455078125 -0.22906494140625
0.0870819091796875 -0.141357421875 0.100021362304687 -0.168121337890625
0.00783538818359375 -0.114067077636719 0.0736160278320313 -0.133460998535156
-0.0265655517578125 -0.100303649902344 0.0726318359375 -0.0683746337890625
-0.0641098022460938 -0.073333740234375 0.102203369140625 -0.0267181396484375
-0.079010009765625 -0.0462112426757813 0.1317138671875 -0.0224685668945313
-0.0904922485351563 -0.0490875244140625 0.141754150390625 0.00994873046874999
-0.0988845825195312 -0.047210693359375 0.171157836914063 0.06640625
-0.0634994506835938 -0.0763397216796875 0.153610229492188 0.158523559570313
-0.0409774780273437 -0.106292724609375 0.0706024169921875 0.19378662109375
-0.00626373291015625 -0.127227783203125 -0.0209503173828125 0.157943725585938
0.109329223632812 -0.150238037109375 -0.0624542236328125 0.0554466247558594
0.17999267578125 -0.0848846435546875 0.0158004760742188 -0.0787887573242188
0.200027465820313 -0.011688232421875 0.264358520507812 -0.156890869140625
-0.0987319946289063 -0.0486907958984375 -0.278778076171875 0.169143676757813
-0.0893478393554688 0.0459671020507813 -0.0688934326171875 0.0779800415039062
-0.0354843139648438 0.08843994140625 0.033355712890625 -0.0782623291015625
0.0307044982910156 0.0633201599121094 0.005584716796875 -0.172882080078125
0.0356788635253906 0.0361099243164063 -0.0640411376953125 -0.214447021484375
0.0276031494140625 0.0233287811279297 -0.18194580078125 -0.1873779296875
0.0209693908691406 0.0260143280029297 -0.221298217773438 -0.0642852783203125
0.0183391571044922 0.0326938629150391 -0.181884765625 -0.00604248046874996
0.0107803344726563 0.036834716796875 -0.15130615234375 0.0326690673828125
-0.0202732086181641 0.0254936218261719 -0.136161804199219 0.0454864501953125
-0.0286941528320313 0.0159931182861328 -0.0942611694335938 0.0849227905273437
-0.0278968811035156 0.0209407806396484 -0.09405517578125 0.128585815429688
-0.0577888488769531 0.00951004028320312 -0.134857177734375 0.152633666992188
-0.0835952758789063 -0.0272445678710938 -0.119232177734375 0.225296020507813
-0.0961532592773437 -0.0790252685546875 -0.117080688476563 0.207763671875
0.00894165039062499 -0.119163513183594 -0.289642333984375 0.12908935546875
-0.00329399108886719 -0.0165939331054688 -0.0781326293945312 0.0438232421875
0.0231838226318359 0.00135993957519531 0.0193710327148438 -0.109283447265625
0.0514488220214844 -0.0124702453613281 -0.012420654296875 -0.188034057617188
0.0286827087402344 -0.0415267944335938 -0.067596435546875 -0.220062255859375
-0.0124053955078125 -0.0370979309082031 -0.181121826171875 -0.187362670898438
-0.043487548828125 -0.00679779052734375 -0.218307495117187 -0.067413330078125
-0.0544166564941406 0.00634384155273438 -0.175613403320313 -0.010650634765625
-0.0677299499511719 0.023712158203125 -0.144119262695313 0.03302001953125
-0.0895156860351563 -0.00665283203125 -0.120185852050781 0.0522003173828125
-0.0937271118164063 -0.0456314086914062 -0.0815353393554687 0.0929489135742188
-0.0732650756835938 -0.0681686401367187 -0.0990142822265625 0.139030456542969
-0.0338363647460938 -0.1092529296875 -0.147369384765625 0.137222290039063
-0.0232086181640625 -0.12298583984375 -0.12548828125 0.188430786132813
-0.003875732421875 -0.173751831054688 -0.111648559570313 0.160079956054688
0.117630004882813 -0.173446655273438 -0.261474609375 0.075836181640625
0.0924758911132813 -0.0824508666992188 -0.0561904907226562 -0.000579833984375007
0.08056640625 -0.100807189941406 0.024383544921875 -0.145706176757813
0.0627975463867187 -0.099090576171875 -0.0218505859375 -0.206832885742188
0.0111007690429687 -0.121368408203125 -0.0691070556640625 -0.215682983398438
-0.0567474365234375 -0.0941390991210938 -0.166122436523438 -0.169143676757813
-0.104393005371094 -0.0378875732421875 -0.189178466796875 -0.06048583984375
-0.120460510253906 -0.020538330078125 -0.143112182617188 -0.0140838623046875
-0.135993957519531 0.00934600830078128 -0.110542297363281 0.0288009643554688
-0.142913818359375 -0.0345916748046875 -0.077880859375 0.0567398071289062
-0.145004272460938 -0.092864990234375 -0.0506973266601563 0.102592468261719
-0.112861633300781 -0.134750366210938 -0.0894012451171875 0.152923583984375
-0.01922607421875 -0.20611572265625 -0.154266357421875 0.125
0.0299224853515625 -0.2005615234375 -0.131156921386719 0.13629150390625
0.084136962890625 -0.242523193359375 -0.0820999145507812 0.0864181518554688
0.207794189453125 -0.206298828125 -0.1981201171875 0.0102691650390625
0.178955078125 -0.146286010742188 -0.0124092102050781 -0.0536308288574219
0.124786376953125 -0.206207275390625 0.040618896484375 -0.177459716796875
0.055267333984375 -0.186767578125 -0.0206756591796875 -0.216171264648438
-0.0220794677734375 -0.190322875976563 -0.0606842041015625 -0.19921875
-0.102920532226562 -0.136405944824219 -0.130500793457031 -0.136405944824219
-0.153518676757813 -0.060394287109375 -0.135047912597656 -0.0484085083007813
-0.168380737304688 -0.0431365966796875 -0.0903778076171875 -0.01556396484375
-0.181732177734375 -0.00802612304687503 -0.05743408203125 0.0224494934082031
-0.171066284179687 -0.061737060546875 -0.020599365234375 0.0594444274902344
-0.168380737304688 -0.129119873046875 -0.009796142578125 0.111068725585937
-0.128082275390625 -0.180252075195312 -0.0721282958984375 0.1614990234375
0.00354003906249997 -0.268478393554687 -0.154983520507813 0.111953735351562
0.0820770263671875 -0.246353149414063 -0.134063720703125 0.0739517211914062
0.161468505859375 -0.271286010742187 -0.0352935791015625 -0.000476837158203146
0.260635375976563 -0.209243774414063 -0.114173889160156 -0.0621566772460938
0.23388671875 -0.188247680664063 0.038909912109375 -0.11456298828125
0.1446533203125 -0.2823486328125 0.059112548828125 -0.198883056640625
0.0350189208984375 -0.247344970703125 -0.00831604003906248 -0.208404541015625
-0.0570831298828125 -0.229827880859375 -0.0363006591796875 -0.168182373046875
-0.138275146484375 -0.153518676757813 -0.07403564453125 -0.0981674194335937
-0.180130004882813 -0.0706024169921875 -0.0635261535644531 -0.0370979309082031
-0.1912841796875 -0.0591583251953125 -0.0250129699707031 -0.0147571563720703
-0.199447631835938 -0.0271759033203125 0.00702857971191405 0.0201892852783203
-0.170913696289062 -0.0883636474609375 0.0413627624511719 0.0683670043945313
-0.158050537109375 -0.155685424804687 0.0292129516601562 0.123390197753906
-0.11114501953125 -0.205947875976563 -0.0537567138671875 0.164031982421875
0.0416259765625 -0.29022216796875 -0.1461181640625 0.0937347412109375
0.136398315429687 -0.252365112304688 -0.124336242675781 0.0102005004882812
0.222061157226562 -0.253890991210938 0.0280609130859375 -0.0835189819335938
0.26824951171875 -0.176834106445313 -0.0267333984375 -0.131683349609375
0.245162963867188 -0.192306518554688 0.082275390625 -0.174423217773438
0.139007568359375 -0.299713134765625 0.0731201171875 -0.20477294921875
0.0116119384765625 -0.254470825195313 0.0127410888671875 -0.186141967773438
-0.0787200927734375 -0.223876953125 0.000755310058593749 -0.128585815429688
-0.147628784179687 -0.142562866210938 -0.00500106811523438 -0.0637245178222656
-0.177444458007813 -0.06793212890625 0.0149517059326172 -0.0300083160400391
-0.184280395507813 -0.0637359619140625 0.0421409606933594 -0.0103492736816406
-0.189254760742188 -0.043487548828125 0.073974609375 0.0261306762695312
-0.146133422851563 -0.105560302734375 0.096649169921875 0.0888824462890625
-0.12127685546875 -0.165817260742187 0.059783935546875 0.143783569335938
-0.071044921875 -0.207748413085938 -0.0387420654296875 0.162643432617188
0.085418701171875 -0.272705078125 -0.127273559570312 0.0742874145507812
0.180435180664063 -0.220672607421875 -0.0943756103515625 -0.0442047119140625
0.253662109375 -0.19775390625 0.103286743164063 -0.144821166992188
0.229263305664063 -0.110671997070313 0.0459136962890625 -0.18536376953125
0.212661743164063 -0.154052734375 0.109130859375 -0.219253540039063
0.110198974609375 -0.250091552734375 0.0825653076171875 -0.194244384765625
-0.00263977050781249 -0.204849243164062 0.0396270751953125 -0.158493041992188
-0.071990966796875 -0.173431396484375 0.0402603149414062 -0.0928497314453125
-0.123947143554688 -0.109893798828125 0.0595054626464844 -0.0414848327636719
-0.1424560546875 -0.0557403564453125 0.084625244140625 -0.02960205078125
-0.149383544921875 -0.0583648681640625 0.100830078125 -0.004913330078125
-0.1536865234375 -0.049530029296875 0.132331848144531 0.0396804809570313
-0.107475280761719 -0.102119445800781 0.138671875 0.119194030761719
-0.078399658203125 -0.149078369140625 0.076934814453125 0.169219970703125
-0.0300140380859375 -0.179443359375 -0.025146484375 0.161605834960938
0.110061645507813 -0.222640991210938 -0.0977020263671875 0.0605850219726562
0.196487426757812 -0.16351318359375 -0.0457992553710937 -0.0756149291992188
0.247604370117188 -0.115432739257813 0.18304443359375 -0.174591064453125
0.158279418945313 -0.019378662109375 0.0926055908203125 -0.211532592773438
0.151687622070313 -0.0778961181640625 0.120346069335938 -0.237411499023438
0.075927734375 -0.147369384765625 0.0922088623046875 -0.1744384765625
0.000503540039062503 -0.113998413085938 0.0670928955078125 -0.137702941894531
-0.0342864990234375 -0.0980148315429687 0.0708541870117188 -0.0719757080078125
-0.0691070556640625 -0.06890869140625 0.103378295898438 -0.0342788696289063
-0.0811920166015625 -0.041168212890625 0.131675720214844 -0.032745361328125
-0.0927276611328125 -0.042083740234375 0.14227294921875 0.001617431640625
-0.1007080078125 -0.039642333984375 0.17620849609375 0.056396484375
-0.0673370361328125 -0.0725860595703125 0.164505004882812 0.149673461914063
-0.0466461181640625 -0.103981018066406 0.0833892822265625 0.192489624023438
-0.0131759643554688 -0.126220703125 -0.011810302734375 0.162826538085938
0.098114013671875 -0.155746459960938 -0.0620841979980469 0.0613937377929688
0.1729736328125 -0.096954345703125 0.00847625732421876 -0.0775680541992188
0.197891235351563 -0.0258636474609375 0.252899169921875 -0.171981811523438
-0.0970993041992187 -0.0440902709960938 -0.270919799804688 0.181716918945312
-0.0848922729492188 0.0495452880859375 -0.064239501953125 0.0826797485351563
-0.0302505493164063 0.0892410278320312 0.032989501953125 -0.0806503295898438
0.0326004028320312 0.0591888427734375 0.000915527343749995 -0.176589965820313
0.0364837646484375 0.0330047607421875 -0.0738677978515625 -0.217041015625
0.0274143218994141 0.0220012664794922 -0.193557739257813 -0.1834716796875
0.0213871002197266 0.0253429412841797 -0.225494384765625 -0.0549163818359375
0.0192852020263672 0.0313186645507813 -0.183563232421875 0.00248718261718748
0.0110015869140625 0.0356674194335938 -0.151824951171875 0.04083251953125
-0.0215721130371094 0.0258293151855469 -0.137443542480469 0.0541534423828125
-0.0292491912841797 0.016387939453125 -0.0922317504882812 0.0904006958007812
-0.0271682739257812 0.0199871063232422 -0.0910568237304688 0.134124755859375
-0.0564689636230469 0.010101318359375 -0.131546020507813 0.160720825195313
-0.0839996337890625 -0.0235671997070313 -0.112457275390625 0.23291015625
-0.0977096557617188 -0.0735092163085938 -0.11273193359375 0.215652465820313
0.0085906982421875 -0.120216369628906 -0.282196044921875 0.14202880859375
-0.000739097595214845 -0.0174722671508789 -0.0743637084960938 0.047882080078125
0.0249538421630859 -0.00242424011230469 0.0173492431640625 -0.111320495605469
0.0510444641113281 -0.01824951171875 -0.017730712890625 -0.190414428710938
0.026580810546875 -0.0457267761230469 -0.0770111083984375 -0.222152709960937
-0.0159873962402344 -0.0381660461425781 -0.191726684570313 -0.182769775390625
-0.0456008911132813 -0.00528335571289063 -0.221817016601562 -0.0585479736328125
-0.0563735961914063 0.00815963745117189 -0.175994873046875 -0.00192260742187501
-0.0692901611328125 0.0263442993164063 -0.143463134765625 0.0417938232421875
-0.0919723510742188 -0.00357055664062499 -0.120307922363281 0.0607452392578125
-0.0980224609375 -0.0431747436523438 -0.0793380737304688 0.0989990234375
-0.0771560668945312 -0.0678787231445313 -0.09466552734375 0.146102905273438
-0.0383377075195313 -0.11077880859375 -0.145736694335937 0.1466064453125
-0.0266494750976563 -0.123664855957031 -0.119094848632813 0.197189331054687
-0.00892639160156251 -0.17388916015625 -0.108062744140625 0.168624877929688
0.1160888671875 -0.180557250976562 -0.253982543945313 0.087738037109375
0.0933151245117188 -0.089263916015625 -0.0535430908203125 0.00336456298828124
0.0791473388671875 -0.108116149902344 0.0211639404296875 -0.14715576171875
0.0593643188476562 -0.106391906738281 -0.0281219482421875 -0.20721435546875
0.00478363037109376 -0.125930786132813 -0.0778350830078125 -0.21661376953125
-0.0635528564453125 -0.0946121215820313 -0.17431640625 -0.164108276367188
-0.10931396484375 -0.0343475341796875 -0.192184448242187 -0.0533447265625
-0.124114990234375 -0.0154800415039062 -0.143630981445313 -0.00587463378906248
-0.138153076171875 0.0157012939453125 -0.108726501464844 0.036590576171875
-0.147491455078125 -0.0294189453125 -0.0769195556640625 0.0628585815429687
-0.1522216796875 -0.0878753662109375 -0.0475006103515625 0.107696533203125
-0.120185852050781 -0.133552551269531 -0.0823974609375 0.160934448242188
-0.0281982421875 -0.208694458007813 -0.153106689453125 0.136215209960938
0.023895263671875 -0.205245971679688 -0.127288818359375 0.145065307617188
0.0761566162109375 -0.247756958007812 -0.08154296875 0.0934677124023437
0.204254150390625 -0.218124389648438 -0.1927490234375 0.0189208984375
0.17645263671875 -0.157272338867188 -0.0104598999023437 -0.0518379211425781
0.117462158203125 -0.216415405273438 0.0363616943359375 -0.178787231445313
0.0489349365234375 -0.193115234375 -0.02691650390625 -0.216217041015625
-0.0315704345703125 -0.194183349609375 -0.067626953125 -0.199295043945313
-0.111488342285156 -0.135177612304687 -0.136085510253906 -0.132461547851563
-0.159698486328125 -0.0548858642578125 -0.13677978515625 -0.0436248779296875
-0.174240112304688 -0.0359039306640625 -0.0900955200195313 -0.01025390625
-0.18536376953125 0.000946044921875024 -0.0549659729003906 0.0279426574707031
-0.176895141601563 -0.0561676025390625 -0.0190162658691406 0.0631675720214844
-0.177352905273438 -0.123825073242187 -0.00547027587890626 0.115531921386719
-0.13763427734375 -0.178146362304687 -0.0645599365234375 0.169387817382812
-0.00856018066406248 -0.272445678710938 -0.15350341796875 0.123733520507812
0.0750579833984375 -0.2540283203125 -0.132537841796875 0.0835037231445313
0.15234375 -0.280624389648438 -0.0375099182128906 0.00402832031249998
0.256637573242188 -0.224563598632813 -0.110099792480469 -0.057586669921875
0.227859497070313 -0.203216552734375 0.0384063720703125 -0.11572265625
0.133453369140625 -0.293365478515625 0.054107666015625 -0.200454711914063
0.02569580078125 -0.252838134765625 -0.014068603515625 -0.208694458007813
-0.0691070556640625 -0.230926513671875 -0.041259765625 -0.168426513671875
-0.148101806640625 -0.150177001953125 -0.0759506225585938 -0.0965042114257813
-0.187164306640625 -0.0636444091796875 -0.0633354187011719 -0.0353736877441406
-0.197128295898438 -0.049896240234375 -0.0238418579101563 -0.0120410919189453
-0.203521728515625 -0.017364501953125 0.0099506378173828 0.0224456787109375
-0.177444458007813 -0.082855224609375 0.0444107055664062 0.0688705444335938
-0.167953491210937 -0.151336669921875 0.0350418090820312 0.126266479492188
-0.121368408203125 -0.20489501953125 -0.0455322265625 0.17120361328125
0.02850341796875 -0.29608154296875 -0.145645141601563 0.105056762695312
0.128097534179687 -0.261856079101563 -0.125656127929688 0.018218994140625
0.213577270507813 -0.266769409179688 0.0225830078125 -0.081878662109375
0.262908935546875 -0.192413330078125 -0.0258865356445312 -0.132034301757813
0.238235473632813 -0.207077026367188 0.0797271728515625 -0.178268432617188
0.124908447265625 -0.31011962890625 0.0679168701171875 -0.20721435546875
0.00175476074218751 -0.258026123046875 0.00857543945312502 -0.186737060546875
-0.0904693603515625 -0.222824096679688 -0.0022735595703125 -0.129112243652344
-0.157028198242188 -0.137619018554687 -0.00481033325195313 -0.0645217895507813
-0.183029174804688 -0.0610504150390625 0.0157661437988281 -0.0320205688476563
-0.189590454101563 -0.0550689697265625 0.0439682006835937 -0.0112838745117188
-0.192825317382813 -0.0347900390625 0.0771026611328125 0.0250473022460938
-0.153274536132813 -0.101715087890625 0.102188110351562 0.0865478515625
-0.13092041015625 -0.162872314453125 0.06695556640625 0.144699096679688
-0.079681396484375 -0.206863403320313 -0.0304107666015625 0.169601440429688
0.072662353515625 -0.279541015625 -0.127716064453125 0.0840682983398437
0.172927856445313 -0.23199462890625 -0.0985488891601562 -0.0373306274414062
0.247360229492188 -0.212081909179688 0.0960845947265625 -0.147232055664063
0.22528076171875 -0.124603271484375 0.0441741943359375 -0.190032958984375
0.2056884765625 -0.166305541992188 0.104598999023438 -0.225875854492188
0.0974884033203125 -0.257369995117188 0.0780181884765625 -0.197738647460938
-0.011474609375 -0.205795288085937 0.0360870361328125 -0.159835815429688
-0.081085205078125 -0.17120361328125 0.0390396118164063 -0.0940399169921875
-0.130134582519531 -0.105339050292969 0.0613479614257812 -0.0452346801757813
-0.146499633789063 -0.050750732421875 0.0852508544921875 -0.0350112915039063
-0.1531982421875 -0.050628662109375 0.102287292480469 -0.00841522216796876
-0.155517578125 -0.042694091796875 0.136054992675781 0.0358657836914063
-0.113380432128906 -0.0997085571289063 0.145843505859375 0.114334106445313
-0.0847930908203125 -0.147598266601563 0.086273193359375 0.170196533203125
-0.037567138671875 -0.180084228515625 -0.018035888671875 0.167877197265625
0.100540161132812 -0.22894287109375 -0.0976333618164063 0.0684127807617187
0.190399169921875 -0.173660278320313 -0.0511016845703125 -0.0712738037109375
0.2432861328125 -0.128707885742188 0.175521850585938 -0.180892944335938
0.157760620117188 -0.0288238525390625 0.0889129638671875 -0.218475341796875
0.147048950195313 -0.0868377685546875 0.114166259765625 -0.244796752929688
0.0673370361328125 -0.151443481445313 0.0883636474609375 -0.1795654296875
-0.0041961669921875 -0.113182067871094 0.063720703125 -0.1412353515625
-0.0395278930664063 -0.095550537109375 0.0700607299804688 -0.0755462646484375
-0.0726776123046875 -0.065093994140625 0.105598449707031 -0.0399093627929688
-0.0834121704101563 -0.0383224487304688 0.1324462890625 -0.0403213500976563
-0.0936431884765625 -0.0378570556640625 0.143890380859375 -0.0037841796875
-0.101127624511719 -0.0355987548828125 0.180191040039063 0.05029296875
-0.07025146484375 -0.070953369140625 0.172195434570313 0.144134521484375
-0.0507125854492188 -0.1029052734375 0.0933837890625 0.193618774414062
-0.016998291015625 -0.125595092773438 -0.00469970703124999 0.168045043945312
0.0904388427734375 -0.160354614257813 -0.0629920959472656 0.0663070678710938
0.167449951171875 -0.105026245117188 0.00286102294921876 -0.0764846801757813
0.197219848632813 -0.0359039306640625 0.245986938476562 -0.180709838867188
-0.09716796875 -0.0407562255859375 -0.268814086914063 0.195632934570312
-0.0824737548828125 0.0533370971679687 -0.0604248046875 0.0875778198242188
-0.025970458984375 0.09027099609375 0.032867431640625 -0.0852737426757813
0.034027099609375 0.0568161010742188 -0.00407409667968749 -0.182876586914063
0.0381278991699219 0.0306129455566406 -0.084564208984375 -0.223251342773438
0.0282802581787109 0.0219364166259766 -0.20806884765625 -0.182083129882813
0.0215358734130859 0.0249881744384766 -0.2332763671875 -0.048248291015625
0.0191726684570313 0.0315418243408203 -0.1868896484375 0.00946044921875001
0.01123046875 0.0359840393066406 -0.155548095703125 0.0484771728515625
-0.0224018096923828 0.0277194976806641 -0.140556335449219 0.0630722045898437
-0.0302867889404297 0.0170841217041016 -0.0927886962890625 0.0972442626953125
-0.0270156860351563 0.0190906524658203 -0.090576171875 0.141860961914063
-0.0561408996582031 0.0109024047851562 -0.1318359375 0.170242309570313
-0.0849456787109375 -0.0210494995117187 -0.108551025390625 0.24359130859375
-0.0999603271484375 -0.0694503784179688 -0.11126708984375 0.22723388671875
0.0091094970703125 -0.123527526855469 -0.280014038085938 0.154937744140625
0.00214576721191406 -0.0193347930908203 -0.0712814331054687 0.0528106689453125
0.0273170471191406 -0.00605201721191406 0.0162734985351563 -0.114891052246094
0.0513420104980469 -0.023956298828125 -0.0223388671875 -0.195831298828125
0.0247001647949219 -0.0508308410644531 -0.086700439453125 -0.227493286132813
-0.0190277099609375 -0.0388221740722656 -0.204238891601563 -0.181564331054687
-0.0492401123046875 -0.00330734252929688 -0.229660034179688 -0.0518341064453125
-0.0595283508300781 0.0104637145996094 -0.178909301757813 0.0054931640625
-0.0715408325195313 0.0294036865234375 -0.145233154296875 0.0503692626953125
-0.0965347290039062 -0.000556945800781249 -0.122352600097656 0.069122314453125
-0.103416442871094 -0.0408096313476562 -0.0785980224609375 0.106216430664063
-0.0817108154296875 -0.0693359375 -0.0922698974609375 0.154876708984375
-0.04254150390625 -0.114028930664063 -0.146377563476563 0.1578369140625
-0.0293121337890625 -0.126632690429688 -0.1162109375 0.207855224609375
-0.0126495361328125 -0.17620849609375 -0.107452392578125 0.178817749023438
0.116165161132812 -0.190765380859375 -0.251968383789063 0.0980987548828125
0.0953292846679687 -0.0963363647460938 -0.0508346557617188 0.00634765624999999
0.0784149169921875 -0.117134094238281 0.018829345703125 -0.150833129882813
0.05731201171875 -0.114189147949219 -0.0330047607421875 -0.211944580078125
-0.000709533691406252 -0.132095336914063 -0.0864410400390625 -0.222198486328125
-0.0703201293945313 -0.0962371826171875 -0.18414306640625 -0.162994384765625
-0.115707397460937 -0.0314712524414063 -0.1978759765625 -0.04754638671875
-0.130012512207031 -0.0108566284179687 -0.14544677734375 -1.52587890625113E-05
-0.143112182617188 0.0216064453125 -0.109046936035156 0.043701171875
-0.1541748046875 -0.0258331298828125 -0.0777206420898438 0.070220947265625
-0.161483764648438 -0.085205078125 -0.0448837280273438 0.114639282226563
-0.128730773925781 -0.134719848632813 -0.078887939453125 0.17041015625
-0.036224365234375 -0.215042114257813 -0.154037475585937 0.149337768554688
0.0195159912109375 -0.212860107421875 -0.12603759765625 0.15582275390625
0.0716400146484375 -0.2568359375 -0.0831985473632812 0.101119995117188
0.204696655273438 -0.233795166015625 -0.190322875976563 0.0257720947265625
0.177734375 -0.169708251953125 -0.00820922851562499 -0.0513343811035156
0.113174438476563 -0.22918701171875 0.034393310546875 -0.182815551757813
0.0444183349609375 -0.203292846679687 -0.03179931640625 -0.219741821289062
-0.0407562255859375 -0.200454711914062 -0.0751190185546875 -0.203948974609375
-0.121414184570312 -0.136276245117188 -0.142822265625 -0.131622314453125
-0.168472290039063 -0.0510406494140625 -0.140449523925781 -0.040435791015625
-0.181182861328125 -0.02911376953125 -0.089935302734375 -0.00556182861328124
-0.191055297851562 0.00822448730468753 -0.0539169311523438 0.0329627990722656
-0.185104370117187 -0.0523223876953125 -0.0173110961914063 0.0676612854003906
-0.187942504882813 -0.120742797851562 -0.00209808349609376 0.121421813964844
-0.147918701171875 -0.180084228515625 -0.0584869384765625 0.179397583007813
-0.019378662109375 -0.281219482421875 -0.155364990234375 0.136505126953125
0.0693206787109375 -0.26458740234375 -0.133705139160156 0.0929183959960937
0.148223876953125 -0.294769287109375 -0.0408592224121094 0.00850677490234373
0.257156372070313 -0.242965698242188 -0.108749389648437 -0.05584716796875
0.227401733398437 -0.219512939453125 0.0405120849609375 -0.118087768554688
0.12603759765625 -0.308349609375 0.0521392822265625 -0.205398559570313
0.01885986328125 -0.262557983398438 -0.0184783935546875 -0.212020874023438
-0.08038330078125 -0.235504150390625 -0.04656982421875 -0.172622680664063
-0.158950805664063 -0.149795532226562 -0.0791244506835938 -0.0968551635742188
-0.1966552734375 -0.0587615966796875 -0.0644493103027344 -0.0347099304199219
-0.205123901367188 -0.0430755615234375 -0.0229892730712891 -0.00984573364257813
-0.209609985351563 -0.00959777832031246 0.0131912231445312 0.0248489379882813
-0.1871337890625 -0.0802001953125 0.0482101440429687 0.0706253051757813
-0.178985595703125 -0.150070190429688 0.0413665771484375 0.131179809570312
-0.131973266601563 -0.207626342773437 -0.0384063720703125 0.180404663085937
0.017364501953125 -0.306884765625 -0.147674560546875 0.117660522460937
0.123245239257813 -0.275527954101563 -0.128791809082031 0.02667236328125
0.21075439453125 -0.2825927734375 0.0185546875 -0.08154296875
0.26409912109375 -0.210189819335938 -0.0240859985351562 -0.135704040527344
0.23590087890625 -0.223861694335938 0.0799560546875 -0.1851806640625
0.11474609375 -0.3228759765625 0.0659942626953125 -0.212905883789063
-0.00637817382812503 -0.26568603515625 0.0052490234375 -0.190185546875
-0.102264404296875 -0.22515869140625 -0.00477600097656251 -0.132827758789063
-0.167083740234375 -0.13568115234375 -0.00395202636718752 -0.0666007995605469
-0.19189453125 -0.0560150146484375 0.0164833068847656 -0.0349845886230469
-0.196853637695313 -0.0484771728515625 0.0460128784179687 -0.0121040344238281
-0.199111938476563 -0.027496337890625 0.0814895629882812 0.0243148803710938
-0.16143798828125 -0.10028076171875 0.107917785644531 0.0864410400390625
-0.141433715820313 -0.1632080078125 0.075408935546875 0.149627685546875
-0.0883636474609375 -0.2110595703125 -0.02252197265625 0.178817749023438
0.063690185546875 -0.290435791015625 -0.129562377929688 0.09490966796875
0.168838500976563 -0.245376586914063 -0.103515625 -0.0318679809570313
0.24627685546875 -0.22760009765625 0.0915374755859375 -0.15155029296875
0.2266845703125 -0.138778686523438 0.0440521240234375 -0.197250366210938
0.203033447265625 -0.17938232421875 0.103225708007813 -0.23443603515625
0.0880584716796875 -0.267929077148438 0.076416015625 -0.204788208007813
-0.01837158203125 -0.210159301757812 0.03387451171875 -0.163955688476563
-0.090576171875 -0.17205810546875 0.03912353515625 -0.0982589721679688
-0.138412475585938 -0.102798461914062 0.0651626586914062 -0.049835205078125
-0.153457641601563 -0.046295166015625 0.087799072265625 -0.0402603149414062
-0.158554077148438 -0.0459747314453125 0.105995178222656 -0.0113677978515625
-0.160232543945313 -0.03717041015625 0.142593383789063 0.0332794189453125
-0.12005615234375 -0.0991287231445313 0.154006958007812 0.112991333007813
-0.092926025390625 -0.149261474609375 0.09613037109375 0.17425537109375
-0.043609619140625 -0.183303833007813 -0.0109100341796875 0.176055908203125
0.093719482421875 -0.23846435546875 -0.100738525390625 0.0771255493164062
0.188095092773437 -0.185867309570312 -0.0566368103027343 -0.0682563781738282
0.244537353515625 -0.14190673828125 0.172042846679688 -0.189300537109375
0.159439086914063 -0.0371246337890625 0.087615966796875 -0.229263305664063
0.144607543945313 -0.094757080078125 0.11181640625 -0.254776000976563
0.0605926513671875 -0.157058715820313 0.0877838134765625 -0.186599731445313
-0.0082550048828125 -0.1151123046875 0.0627593994140625 -0.146774291992188
-0.0451202392578125 -0.0949172973632813 0.0713653564453125 -0.0793304443359375
-0.0768280029296875 -0.0626983642578125 0.110061645507813 -0.0465011596679688
-0.0869064331054688 -0.03668212890625 0.134986877441406 -0.048248291015625
-0.0966644287109375 -0.034332275390625 0.148025512695312 -0.0086517333984375
-0.103118896484375 -0.0323867797851562 0.187255859375 0.0457916259765625
-0.0740280151367188 -0.07086181640625 0.1822509765625 0.142349243164062
-0.0542831420898438 -0.104011535644531 0.104202270507813 0.1981201171875
-0.0196151733398437 -0.1275634765625 0.00163269042968751 0.175460815429688
0.08612060546875 -0.166275024414063 -0.064605712890625 0.0729751586914062
0.166397094726563 -0.11346435546875 -0.00164031982421873 -0.0761566162109375
0.199569702148438 -0.0448150634765625 0.244155883789063 -0.192123413085937
-0.0994491577148438 -0.0381317138671875 -0.268157958984375 0.2154541015625
-0.0800094604492188 0.0582504272460938 -0.0561904907226562 0.0948486328125
-0.0213394165039062 0.0930938720703125 0.0320968627929688 -0.0919647216796875
0.0364990234375 0.0550270080566406 -0.0106964111328125 -0.192779541015625
0.0401191711425781 0.0284538269042969 -0.0997314453125 -0.231826782226563
0.0294170379638672 0.0208644866943359 -0.227935791015625 -0.180465698242188
0.0222244262695313 0.0248298645019531 -0.244430541992187 -0.0393524169921875
0.0209007263183594 0.0311050415039063 -0.193344116210938 0.018890380859375
0.0115623474121094 0.0366783142089844 -0.160140991210938 0.0590667724609375
-0.02392578125 0.0297870635986328 -0.145431518554688 0.0750579833984375
-0.0318775177001953 0.0189437866210938 -0.093231201171875 0.106674194335938
-0.0277881622314453 0.0188140869140625 -0.08978271484375 0.152755737304688
-0.0571174621582031 0.012420654296875 -0.13189697265625 0.184341430664063
-0.0876541137695313 -0.0177154541015625 -0.102951049804687 0.25836181640625
-0.104629516601563 -0.0654296875 -0.108749389648437 0.244232177734375
0.00746154785156251 -0.129783630371094 -0.28106689453125 0.173492431640625
0.00475883483886719 -0.021820068359375 -0.0689697265625 0.0587959289550781
0.028961181640625 -0.0107345581054688 0.0136566162109375 -0.120903015136719
0.0510749816894531 -0.0307464599609375 -0.0300445556640625 -0.203933715820313
0.0220489501953125 -0.0560264587402344 -0.10113525390625 -0.235809326171875
-0.0231513977050781 -0.0411834716796875 -0.223052978515625 -0.180343627929688
-0.0529022216796875 -0.0015411376953125 -0.240524291992187 -0.0432586669921875
-0.0627059936523438 0.0142631530761719 -0.183837890625 0.014923095703125
-0.075347900390625 0.0350189208984375 -0.148605346679688 0.060882568359375
-0.102561950683594 0.00325775146484377 -0.125396728515625 0.0811080932617188
-0.111114501953125 -0.0385055541992188 -0.0778045654296875 0.11627197265625
-0.0890121459960938 -0.0705642700195313 -0.089599609375 0.168228149414063
-0.04998779296875 -0.118461608886719 -0.146759033203125 0.1746826171875
-0.0342636108398438 -0.131263732910156 -0.111953735351563 0.223419189453125
-0.01824951171875 -0.182540893554688 -0.10736083984375 0.193740844726563
0.115768432617188 -0.20538330078125 -0.252838134765625 0.113800048828125
0.0975875854492188 -0.107597351074219 -0.0485076904296875 0.00981903076171875
0.0767059326171875 -0.128974914550781 0.015228271484375 -0.15728759765625
0.0548019409179688 -0.125808715820313 -0.0417327880859375 -0.218978881835938
-0.00849151611328124 -0.140167236328125 -0.0999298095703125 -0.229721069335938
-0.0800628662109375 -0.0986175537109375 -0.199325561523438 -0.161895751953125
-0.124557495117188 -0.027099609375 -0.207595825195313 -0.0406341552734375
-0.137893676757813 -0.00460815429687497 -0.148880004882813 0.00793457031250003
-0.149246215820313 0.0303802490234375 -0.11041259765625 0.0527114868164063
-0.163131713867188 -0.0195159912109375 -0.0778961181640625 0.0799484252929688
-0.174026489257813 -0.08099365234375 -0.0418472290039063 0.124534606933594
-0.141448974609375 -0.137222290039062 -0.073516845703125 0.183746337890625
-0.048431396484375 -0.223739624023438 -0.15533447265625 0.166336059570313
0.0126495361328125 -0.224212646484375 -0.124649047851562 0.170501708984375
0.0650634765625 -0.270645141601563 -0.0846405029296875 0.112350463867188
0.204849243164063 -0.254562377929688 -0.19061279296875 0.0342864990234375
0.178466796875 -0.187728881835938 -0.00588607788085936 -0.0517768859863281
0.106338500976563 -0.246963500976563 0.0301666259765625 -0.190704345703125
0.0374603271484375 -0.21697998046875 -0.0401458740234375 -0.226547241210938
-0.05352783203125 -0.208358764648438 -0.0872344970703125 -0.210952758789063
-0.135307312011719 -0.137596130371094 -0.15350341796875 -0.131317138671875
-0.1805419921875 -0.0446014404296875 -0.147216796875 -0.0359954833984375
-0.192123413085938 -0.0207061767578125 -0.0916366577148438 -0.000534057617187511
-0.200286865234375 0.0186004638671875 -0.0524444580078125 0.0393524169921875
-0.197296142578125 -0.0462188720703125 -0.0150527954101563 0.0739288330078125
-0.204345703125 -0.117095947265625 0.00411987304687499 0.129409790039063
-0.16448974609375 -0.18304443359375 -0.05078125 0.192306518554688
-0.034637451171875 -0.293365478515625 -0.156707763671875 0.154403686523437
0.061859130859375 -0.28118896484375 -0.135810852050781 0.105926513671875
0.142486572265625 -0.314605712890625 -0.0448265075683594 0.0135116577148437
0.257492065429688 -0.26776123046875 -0.109077453613281 -0.054351806640625
0.226547241210938 -0.240951538085937 0.0417709350585938 -0.124366760253906
0.11431884765625 -0.329559326171875 0.048309326171875 -0.214691162109375
0.00814819335937499 -0.276412963867188 -0.025177001953125 -0.218612670898438
-0.096771240234375 -0.242706298828125 -0.05487060546875 -0.177932739257813
-0.174758911132813 -0.149337768554687 -0.0845870971679688 -0.0981063842773438
-0.209823608398437 -0.05169677734375 -0.0680465698242188 -0.0340538024902344
-0.2166748046875 -0.0332794189453125 -0.0215587615966797 -0.00827789306640625
-0.220230102539062 0.000503540039062487 0.0170249938964844 0.0270957946777344
-0.200332641601563 -0.0755767822265625 0.0533218383789062 0.0737075805664063
-0.196014404296875 -0.14752197265625 0.05047607421875 0.13739013671875
-0.147903442382813 -0.21221923828125 -0.0291595458984375 0.192764282226563
0.00280761718749997 -0.32196044921875 -0.149673461914063 0.134567260742187
0.116485595703125 -0.294891357421875 -0.133346557617188 0.0369720458984375
0.207366943359375 -0.30633544921875 0.0133438110351563 -0.08258056640625
0.264266967773438 -0.234573364257813 -0.02587890625 -0.141128540039063
0.23345947265625 -0.2457275390625 0.0802764892578125 -0.195281982421875
0.101776123046875 -0.343109130859375 0.0626678466796875 -0.22296142578125
-0.0184173583984375 -0.27789306640625 -6.10351562499946E-05 -0.196853637695313
-0.1187744140625 -0.229293823242188 -0.00879669189453125 -0.138908386230469
-0.18133544921875 -0.133651733398438 -0.00401306152343751 -0.0713119506835938
-0.204879760742188 -0.048858642578125 0.0164451599121094 -0.0378227233886719
-0.208160400390625 -0.0392608642578125 0.0492630004882812 -0.0137825012207031
-0.208206176757813 -0.0187835693359375 0.0877609252929687 0.0235824584960937
-0.174758911132813 -0.098236083984375 0.117301940917969 0.0864715576171875
-0.156509399414063 -0.163787841796875 0.0875701904296875 0.15423583984375
-0.101654052734375 -0.21807861328125 -0.013336181640625 0.189834594726563
0.05096435546875 -0.306396484375 -0.132705688476563 0.109474182128906
0.164993286132813 -0.265396118164063 -0.10992431640625 -0.0247268676757812
0.246917724609375 -0.25054931640625 0.0867919921875 -0.1590576171875
0.228927612304688 -0.157440185546875 0.0424041748046875 -0.209793090820313
0.199935913085938 -0.197372436523438 0.101181030273438 -0.248748779296875
0.07598876953125 -0.282196044921875 0.074127197265625 -0.215896606445313
-0.02850341796875 -0.217697143554688 0.0309906005859375 -0.171142578125
-0.103469848632813 -0.173110961914063 0.0383834838867187 -0.104766845703125
-0.149063110351563 -0.09918212890625 0.0687751770019531 -0.0567855834960938
-0.162994384765625 -0.0409698486328125 0.0897216796875 -0.047943115234375
-0.167343139648438 -0.0392303466796875 0.1112060546875 -0.0166473388671875
-0.167648315429688 -0.031097412109375 0.150665283203125 0.029052734375
-0.130752563476563 -0.0991439819335938 0.165618896484375 0.112197875976562
-0.10418701171875 -0.151519775390625 0.110519409179687 0.17962646484375
-0.0524444580078125 -0.190765380859375 -0.00155639648437498 0.186981201171875
0.0845489501953125 -0.25201416015625 -0.103927612304688 0.0889129638671875
0.186172485351562 -0.202529907226563 -0.0631980895996093 -0.0655288696289063
0.247390747070312 -0.161148071289063 0.16888427734375 -0.20245361328125
0.16241455078125 -0.0482330322265625 0.0856170654296875 -0.244857788085938
0.143356323242188 -0.105987548828125 0.107864379882813 -0.27154541015625
0.0536651611328125 -0.164932250976562 0.0858001708984375 -0.198593139648438
-0.0134735107421875 -0.118415832519531 0.0606842041015625 -0.155303955078125
-0.0521163940429688 -0.0948104858398438 0.0734710693359375 -0.0865325927734375
-0.0828628540039063 -0.0606155395507812 0.115692138671875 -0.055938720703125
-0.0926437377929687 -0.03375244140625 0.138999938964844 -0.058319091796875
-0.101226806640625 -0.0308151245117188 0.154464721679688 -0.0156707763671875
-0.107147216796875 -0.0283279418945313 0.19781494140625 0.03955078125
-0.0801239013671875 -0.0712509155273438 0.196548461914062 0.140335083007813
-0.0605392456054687 -0.10595703125 0.119781494140625 0.203399658203125
-0.0245132446289062 -0.13177490234375 0.0103302001953125 0.184860229492188
0.0803680419921875 -0.175201416015625 -0.0669021606445313 0.082275390625
0.165878295898438 -0.125839233398438 -0.00710296630859375 -0.075836181640625
0.204010009765625 -0.05706787109375 0.243453979492188 -0.208526611328125
0.0491696682060835 0.0699166436234879 -0.332564304081426 -0.110478783014806
0.102329665977022 0.0140232300636086 -0.118821057922793 -0.0204893079217514
0.0893564711388153 -0.0300040721223354 0.0895296016558196 -0.0360934263351551
0.0238897164654633 -0.053009283860765 0.155530476114448 -0.111293317487451
0.00371096515289693 -0.027103178976866 0.152930778402229 -0.230868760459206
0.0186389945605477 -0.0140078279209248 0.0488194670241216 -0.295186126137811
0.0257606727394992 -0.0314475990721091 -0.0626698120725678 -0.252715946959307
0.0223343438808787 -0.0388594700861135 -0.122103415804284 -0.17809196094173
0.0381266149977314 -0.0334225094565991 -0.135194621491119 -0.127782378113583
0.0481924783039001 -0.00808782599917763 -0.142208159420351 -0.0930076068599172
0.0424889831139127 0.00667676344821355 -0.150148862423861 -0.0373777952969229
0.0388818511020243 0.0043549494081419 -0.191956605367818 -0.00833331366214399
0.0623213186801414 0.0188261921286863 -0.230923996104586 -0.00675505480367604
0.046377240478778 0.0622961726232754 -0.273246593986724 0.0432654699193917
0.00669909520340222 0.100351254091939 -0.249861043639281 0.0740839411363908
-0.0847987772199875 0.0392057396922079 -0.300434335900483 -0.122436522920317
-0.0200762381065205 0.0022314681307984 -0.0887237476630572 -0.0259996493377433
-0.028126500504901 -0.00464055293931013 0.125040403028661 -0.0460995396026542
-0.0610463323340246 -0.00112901155791028 0.176204112087488 -0.119558615895726
-0.0437449637117354 0.0529629383066358 0.170120481212345 -0.235085089344877
0.00573931134239158 0.0691406684665224 0.063552022092271 -0.29254813790992
0.0450640606183369 0.0532146600016909 -0.0435693155774199 -0.254458317784468
0.0664533895656955 0.0343242693686251 -0.107481964176389 -0.178198926853126
0.0898192821291425 0.0436594095935946 -0.122869156879739 -0.122231184148263
0.0796378787967199 0.0725900145007451 -0.125510181488536 -0.0761876056470902
0.0571708297131132 0.106094569069367 -0.136928999826534 -0.0195309144706156
0.00143591824493712 0.116816528449427 -0.188147270990484 0.00522444483954024
-0.0293430353278551 0.11441837204273 -0.222914926819207 -0.0148655291308174
-0.0730910025899552 0.0959270662515574 -0.246974280790167 0.0327001600742241
-0.131043517528205 0.0978367636125793 -0.219162444805255 0.0582419673278395
-0.210239481030371 0.00238712381163975 -0.229419267696839 -0.112592755474978
-0.153443976769073 -0.0103903318135911 -0.0284175641106596 -0.00595692535936198
-0.156820664987903 0.0338839046657953 0.182922560954162 -0.0402120893127858
-0.145912350948873 0.0683548245578639 0.208737398574687 -0.123722941167667
-0.082152970191405 0.13958837284744 0.179965967718856 -0.231714758154153
-0.00326528842410693 0.1499012240765 0.07165661249248 -0.266085057388138
0.0601789403135548 0.132242596961514 -0.0207833662297579 -0.225390375368899
0.102031660232774 0.102040811218945 -0.077174655975199 -0.152346893103557
0.129400359970214 0.110812816567636 -0.0906974757682593 -0.0948209607691108
0.100753179129106 0.138802106039345 -0.0903746272695731 -0.0390878417715526
0.0691452304196703 0.182729900249904 -0.115037465277204 0.017863889236273
-0.0221889825207323 0.204840473311846 -0.179794999604682 0.0325540429096146
-0.0993676061234598 0.194175170466012 -0.213590397625956 -0.0180134796383257
-0.17312653482243 0.121741603149396 -0.20751241681495 0.00601111540979072
-0.244942517702965 0.0839040815270294 -0.14962120706329 0.0346903396822359
-0.307023896505118 -0.0319873262682045 -0.124318709121959 -0.0895715826474534
-0.277479030261673 -0.0138758080752515 0.0562679165825016 0.0259873140483159
-0.274797546811672 0.0866101568206139 0.247670018387168 -0.0248085427367532
-0.212433542762087 0.15183746300735 0.242532677799017 -0.119527556572255
-0.098265858551599 0.223873628027955 0.181491988442483 -0.211992110255496
-0.00132404821526844 0.214852457245978 0.0762704624515005 -0.214453909025351
0.0726984364986541 0.193082148317251 0.00706512074021551 -0.168737766515438
0.122799927723293 0.153471255536824 -0.0363804381576566 -0.104776518733451
0.14647309797802 0.161539649061818 -0.0455045419622207 -0.0486061997913187
0.0995061967033656 0.185134022846437 -0.0464265445042515 0.0125505984189545
0.0622765879253308 0.23049376434429 -0.0880252957657425 0.0659384269922205
-0.0490193051533353 0.254113633709052 -0.167371663589993 0.0628968083945635
-0.15650117342019 0.238689136859402 -0.200757991252753 -0.0192019672392854
-0.247382111574192 0.124677563728332 -0.159156598035565 -0.028724049824431
-0.322319136987173 0.0531592971737663 -0.0566251678294046 0.00879188653013194
-0.353863705949943 -0.0543944644677003 -0.000311225440167492 -0.0648883590728874
-0.356266797549587 -0.00827276342359349 0.153895549617704 0.0482254966267348
-0.348023682846614 0.134783934560996 0.299573203615214 -0.0105483287926639
-0.243284156061618 0.221367343477337 0.263068977525176 -0.101877400398248
-0.0927586164371237 0.278471349692301 0.176378802563428 -0.167354316940875
0.0105328097443791 0.248279719647069 0.08410484305423 -0.140235064876499
0.0791627387537288 0.222452106671368 0.0405458417899502 -0.0941925168846409
0.125463239206893 0.181306888258043 0.0102529207600573 -0.0418312351458481
0.137576728327068 0.18937071213558 0.000855543615565174 0.0112553075915418
0.0736045724077494 0.208865422926239 -0.00709417183153455 0.0749234488529035
0.0308779647787237 0.245611641267718 -0.0687979567074499 0.118812555402562
-0.0871771141686803 0.258864123594703 -0.154846688626501 0.0897449859583065
-0.203925020049475 0.236933499721166 -0.179862292609541 -0.0207350768705967
-0.291905464560768 0.0962723114486364 -0.1035149272545 -0.0601394319616621
-0.351769921987585 0.00364055782824307 0.0471304087451559 -0.00772351634685661
-0.338040619001618 -0.0660302125176942 0.120648007332913 -0.0474288382197822
-0.364327097640676 -0.00253349910078391 0.241793573415494 0.0476781285866706
-0.351991378183561 0.155954206863797 0.321162708419088 -0.00346651749007949
-0.225534476692321 0.243504043768289 0.260269842389591 -0.0742703743831052
-0.0712668148030852 0.27909553674266 0.165571358555724 -0.103072339890948
0.0183619232240315 0.238332171848415 0.0974222494529441 -0.054876575274193
0.0729830859953575 0.216298359921561 0.0766287211011828 -0.0136898950427172
0.109786523798529 0.179475562330692 0.0523521942270606 0.0259592438043098
0.10799607405129 0.189541469348939 0.0374919854237261 0.0799619086226126
0.0344921733873406 0.204937700827612 0.0142046162055539 0.141664443180965
-0.0119688966414151 0.226261891067138 -0.0678123115308902 0.169416491400073
-0.12345444756161 0.222223791938217 -0.148808244140834 0.109231167716357
-0.231575251175557 0.193098936061915 -0.153638417124669 -0.0182394947965051
-0.300755725947695 0.0447989630218781 -0.04296131554984 -0.0723970835913433
-0.331186484267491 -0.0509369383823191 0.148591267709785 -0.00472613990221969
-0.260953352385579 -0.0702120277649217 0.21332354357246 -0.041465226176697
-0.301643152126376 -0.000535493217309183 0.301827700594232 0.0266389344504019
-0.284666681217452 0.13780993631068 0.308827211321378 -0.00240972896764589
-0.168461647900686 0.204646983336819 0.237442332535748 -0.0428363113152211
-0.0466810089103156 0.221292379260782 0.152908351062389 -0.036890701518872
0.0155486927593729 0.186787058307051 0.112882865785704 0.0209720619603559
0.0514424669986909 0.173394277687985 0.107925802472814 0.0559972874872005
0.0779175803626416 0.150177059030352 0.0849496538070945 0.0886964931789372
0.067120054796623 0.16039418672994 0.0586489221851355 0.146298379884809
-0.000134043471544072 0.169485893486071 0.0127046631249491 0.201026482368011
-0.0422169231977836 0.177009459622003 -0.0855251744998196 0.207804186404302
-0.132255323329041 0.159898490025804 -0.149109599704706 0.11985278126642
-0.222393957658938 0.129877122253259 -0.125677194341514 -0.0085852140713349
-0.267594307862104 -0.00944475967504086 0.0117025017827517 -0.0590222116917054
-0.264413553814381 -0.0950776227571407 0.234051236091231 0.0222110994560718
-0.137071718633847 -0.0725905996297284 0.261166177713714 -0.0448964063154771
-0.186463333931205 -0.0141976952430888 0.3183370689129 -0.00211641372699663
-0.171894372317513 0.0813006326719702 0.274708682547476 8.43808042327741E-05
-0.0950989079949212 0.11473597272 0.210684647625992 -0.0159204194501341
-0.034083067240704 0.121260630346336 0.143473460638349 0.0127455867178032
-0.00358636189005945 0.107809349194137 0.124276090214597 0.07098865864814
0.0135720939735274 0.105869405621265 0.128028459124732 0.105523994085915
0.0349573027121917 0.0960233822959139 0.10285587602464 0.136372356142136
0.0277768101237297 0.103667978412571 0.0635737610391052 0.199687324435418
-0.0153649342808736 0.10857205841533 -0.00526297130831436 0.243249959905859
-0.0399555567385222 0.110352971592895 -0.112111898262023 0.229150399055824
-0.100079352857929 0.0958131012515748 -0.152423144616442 0.124589028273503
-0.169770895937255 0.0729435906136466 -0.103714533807633 0.0117947698415972
-0.197589032013028 -0.0421740384000827 0.0490527101535027 -0.0255047027843214
-0.162622315601132 -0.115577368200594 0.290113302494975 0.0630251388943111
0.0543869943071501 0.0665536132384323 -0.347799140225999 -0.0851830792282873
0.10236475682708 0.00614897070464737 -0.121784352221445 -0.00846238099501398
0.0868827650457511 -0.0368706392019974 0.0917872583029942 -0.04320445345381
0.0195534955087619 -0.0535983059045579 0.154215621729392 -0.126677897268641
0.00139344576652979 -0.0253035848624525 0.139314373963532 -0.251964024330705
0.0189372128850755 -0.0144882941112985 0.0242740948513755 -0.308962457368779
0.0243878895977657 -0.0337243750209288 -0.0834505989790441 -0.254236098807262
0.0202956000495727 -0.040894915772856 -0.138123500790836 -0.172864869557293
0.0369756103486477 -0.0366522217490899 -0.151102313956567 -0.120087693681015
0.0503244954899282 -0.0121366103996357 -0.156250340626005 -0.083817938195007
0.0446659365330218 0.00448045016117449 -0.158354108446459 -0.0276740314904391
0.0395319731858116 0.00355404146394972 -0.198838923413005 0.006189694201298
0.0647098718875555 0.0146117570818798 -0.240556668179341 0.0101654200331525
0.0515027606227762 0.0597223113208643 -0.277863312411852 0.065179096006396
0.0138883981471858 0.0994023996139353 -0.255505673291116 0.0946741041624288
-0.0868237008438025 0.0465471757569961 -0.314635048759002 -0.0988060933183746
-0.0244580367450865 0.00360404896991926 -0.0912313154876948 -0.0153513812995535
-0.0321815856982188 -0.000187554261637345 0.12681783324455 -0.0549641608458619
-0.064604101345574 0.00713425969015134 0.174511670277271 -0.135659696607537
-0.0416289791766474 0.0620638459862193 0.15717745169708 -0.25729712189913
0.012084803537096 0.0727773487796405 0.0413659016323363 -0.307508055860858
0.0517124671008339 0.0525370142523218 -0.0647998652338427 -0.256843112342675
0.0721718071900568 0.0304094098348266 -0.123372422221082 -0.172783281719461
0.0974671472902155 0.0378418732684862 -0.13801093862069 -0.114104501171971
0.0888279082029168 0.069291092204666 -0.137840098854507 -0.0673226240723598
0.0684014369843206 0.105153921598302 -0.144215828977468 -0.00937192727412123
0.0104224498163332 0.121899990627216 -0.194659917571073 0.0217372651272461
-0.021324657591211 0.120655112905745 -0.233395749328317 0.00326429151850517
-0.0700390148860084 0.103070505184011 -0.252421271922204 0.0524789383390292
-0.127957208003733 0.107982819118689 -0.225109789875532 0.076694417464774
-0.219482665051666 0.0187954754711002 -0.239977735928869 -0.0943971499152466
-0.162626648865612 0.00178051469966604 -0.0270416492092909 0.00101937923031567
-0.160511084806764 0.0491995210978142 0.186720937846324 -0.0528134751774209
-0.147599863958478 0.085358635337536 0.207832540725727 -0.141569677625845
-0.0735985424907975 0.153745982356022 0.167116718089202 -0.254286485387751
0.00927152258913778 0.156971439822687 0.0526026004597834 -0.279909281889277
0.0746519544470385 0.13278806704163 -0.0398090406632514 -0.228766940338866
0.114001338144654 0.0965772917451706 -0.0902159564029231 -0.147966446223273
0.14337140045823 0.103199612025502 -0.101483998769637 -0.087228833229108
0.115544733998321 0.135423545770612 -0.0980956254482291 -0.0310929222324987
0.0868734629713118 0.182990299918767 -0.117913811648717 0.0286684872299751
-0.00745006755380433 0.215000567382435 -0.183021076257423 0.0498274111739584
-0.0872413227814814 0.208686739658678 -0.225625212877035 0.000665990322473524
-0.17116355208192 0.138642515608216 -0.214178725595283 0.0233916886569957
-0.247117972138059 0.104798383576544 -0.155846122777478 0.0480375068553164
-0.321330909761746 -0.00695904558767683 -0.129797816423974 -0.0778323464625406
-0.288675955064993 0.00835344395186891 0.0628523867142476 0.0274640773011614
-0.276974427007004 0.113447062359141 0.253864473471169 -0.0414600752347096
-0.209860721395589 0.176551470328574 0.242186231063493 -0.138545388493734
-0.0836263052521368 0.240215546196125 0.170558394336729 -0.232108132759214
0.0170831557766202 0.223249554892842 0.0624957547554545 -0.225963338159793
0.0926898160134201 0.193640077558053 -0.00619737321929271 -0.173042039812419
0.140614141210118 0.147352008866884 -0.0439966272871009 -0.10204116511865
0.165013880314483 0.153603017324414 -0.0516594680981911 -0.0434227224169182
0.118490542534393 0.184339999860517 -0.0479607813751186 0.0183362160034449
0.0835768593146867 0.232693021876852 -0.0865317463242171 0.0774384525154404
-0.0303448858833699 0.26825940299331 -0.167108894519456 0.0810159208797744
-0.141451347106849 0.259561536138935 -0.211622565199458 -0.00164558939486644
-0.247062320851891 0.148623716900333 -0.168061583457097 -0.0153117612425355
-0.328556321663821 0.0800246338978563 -0.0618548857932179 0.0147250113587079
-0.371791328194931 -0.0255503611978017 0.000186322815151163 -0.0621328049843053
-0.368186054063192 0.0214319335830307 0.164770939354204 0.0422043149320193
-0.3475413496103 0.168470262407802 0.308433360455662 -0.03011746442888
-0.235293484322068 0.248719995917682 0.263647509076952 -0.121415901988577
-0.0714678072264979 0.29519958327417 0.168453270071168 -0.185620703360688
0.0305885661520887 0.256506978703081 0.0781620269152531 -0.149524120686301
0.101788312686762 0.223519925229955 0.0343623136185688 -0.0994519594711607
0.145717095062218 0.175075184402982 0.00778028249725447 -0.0413656600613401
0.158573519651581 0.182283732892953 0.00166766151431116 0.0144514932766253
0.093735155726581 0.211329534509458 -0.00222703898271055 0.0795937081583598
0.053529989981741 0.251145671894559 -0.0624326668746589 0.130058591436741
-0.0694540686631455 0.275529950876126 -0.152521895755125 0.107498826457964
-0.19030854653384 0.261851584546451 -0.190723394250652 -0.00331311858530854
-0.294284446004983 0.123306460244211 -0.113406898036801 -0.051127237740249
-0.363396345594026 0.033605563995943 0.044501780580467 -0.0105336106267063
-0.355862571540815 -0.0377866782873082 0.125848370475084 -0.0548428655327821
-0.375500523372899 0.0294317508309664 0.256268587384973 0.0331305685703593
-0.34803512037166 0.190273711474048 0.330579991323492 -0.0252891765503482
-0.214230648044924 0.269189758132092 0.262411120244978 -0.0926546927301921
-0.0491873993245869 0.293398002610315 0.162624580215493 -0.118306441182459
0.0386004191131636 0.244957759163652 0.0988747237955435 -0.0634174206161202
0.0948104249549843 0.216758975797458 0.0779434685132552 -0.0206384659420459
0.128840077386986 0.175156906252335 0.0568864277748426 0.0244866002104069
0.127508583792264 0.185617052340751 0.0450333285862797 0.0810537588705212
0.052694564770478 0.21015765118328 0.0253918413773173 0.145617799629804
0.00604478104326356 0.2342964771894 -0.0557509943267584 0.181992228625582
-0.110916822819644 0.240333947129124 -0.144497065049299 0.126845415958549
-0.221581961717945 0.218617161537849 -0.163361955630129 -0.00375085881020811
-0.306013752687306 0.0705911446191089 -0.0530540586452136 -0.0690234144538321
-0.346480911794935 -0.0245726737966668 0.149513696334755 -0.0152575967407198
-0.274879919515222 -0.0485884966864267 0.220721372870592 -0.0567476032070155
-0.309095515761989 0.0248718561214799 0.314414591834969 0.00501850452199791
-0.279102442163337 0.165901281438385 0.318426502278739 -0.0240900093878741
-0.157278777513939 0.223108468059125 0.24200323309463 -0.0597161129352664
-0.0288261399834632 0.230249461061102 0.155227506274622 -0.0491238729685449
0.031122182100028 0.190106780605819 0.12075645701864 0.0131681088471645
0.0683311200298739 0.174281249650503 0.116567505907005 0.0484436608986312
0.092445647557133 0.146788486472741 0.0940754455771706 0.0856113753978212
0.0825376155446608 0.158278355581372 0.0715158898122829 0.147198314826338
0.0138257566971218 0.175984205102302 0.029517429003132 0.206669917732298
-0.0287956208288035 0.185732600594481 -0.0707843955175591 0.223194739910856
-0.125441149672434 0.176017651154094 -0.144531842393124 0.13711030545874
-0.217053190041783 0.151294516694387 -0.133743811384762 0.00354587081720542
-0.275686460592936 0.0127239499769383 0.00443069282583312 -0.0599461156298334
-0.280797742353028 -0.0756053338544958 0.239339189353983 0.0045461285957344
-0.147050534508554 -0.0607702346177489 0.269106407421874 -0.0644801011533228
-0.19051519342173 0.00207769860631605 0.329284702872546 -0.0260675104410901
-0.16757025011712 0.0975222825995854 0.283918592801704 -0.0204306597714988
-0.089056613368877 0.12466455970782 0.215952504208714 -0.030737719597072
-0.0242829163859391 0.125813779445199 0.15020459686906 0.00344866165461658
0.00500334827356471 0.110122076171869 0.136942818334693 0.0634360388513613
0.0238233744958298 0.107304253264073 0.140554796271218 0.0968729297407678
0.0437248221686828 0.0952269545806516 0.116512965194455 0.13233387365203
0.0364495201857298 0.103449436668069 0.0809073522136227 0.201055026219773
-0.00785923802162668 0.113128045395548 0.0145788231114119 0.25160752719411
-0.0331964592634054 0.115700803847255 -0.0970772107465992 0.247209065553023
-0.0973374717616208 0.10703997393899 -0.147958215850404 0.141833278060178
-0.167148684950287 0.0872620244387976 -0.110452573921259 0.0212373569243945
-0.20423307932903 -0.0264182438906415 0.0456631409131655 -0.029541809169699
-0.176243631240913 -0.103640087819479 0.300822695310821 0.0424774258571181
0.0579687977136616 0.0614054251231807 -0.354405204266901 -0.0577767664425727
0.0999247945207574 -0.00155861749020417 -0.121436734375052 0.00421782960506144
0.0826773468424816 -0.0420686272800172 0.0918086050301086 -0.0494525035187827
0.0158521747450324 -0.0523649888375777 0.149086700296649 -0.140419722193211
-0.000670805517445815 -0.0221854647229376 0.121578006258249 -0.266909509934866
0.0191705180136503 -0.0151810112188945 -0.000454256857569864 -0.314420220271033
0.0229504588698827 -0.034666443705379 -0.103100225596834 -0.250195017856197
0.0171447806619683 -0.0414583416140798 -0.150569005066942 -0.163732846962611
0.0352221871428232 -0.0396755585726193 -0.162998933478042 -0.109311596922502
0.0506135706762736 -0.0160441042240561 -0.166265029702935 -0.0721011777247802
0.0459739331650486 0.00175551304366853 -0.162649120292174 -0.0170570207851071
0.0396125262089305 0.00306928457545554 -0.201915659914793 0.0219015213859961
0.0650562908406191 0.0108618789265479 -0.243622680619079 0.0277884195529486
0.0542033725744438 0.0547892457202537 -0.275827183378169 0.0844429388662355
0.020676224718769 0.0972067840433402 -0.254779843261743 0.11304267913007
-0.0865912949514043 0.0527374887297827 -0.320622281693223 -0.0738384337268884
-0.0282367686945263 0.00562219169544282 -0.0904699256685528 -0.00522811054942596
-0.0348902864374926 0.00396888472537426 0.126272766805804 -0.0626502304825278
-0.0662292716159622 0.0154595820187096 0.169256169932274 -0.148260035964476
-0.0367907586526514 0.0687551635515802 0.139949900559863 -0.273205340100859
0.0186393021139962 0.0750691371687141 0.018542211491853 -0.313673500114867
0.0577880082085921 0.0496937089091032 -0.0845409650781864 -0.254314668417392
0.0755195110229869 0.0258086817018106 -0.135249096439051 -0.163860780761851
0.101683862906611 0.0307981801428361 -0.148947932746876 -0.102784060967769
0.096308843069472 0.0636863895222555 -0.146388749698302 -0.0557845201040021
0.0778192769048935 0.101338061979395 -0.147323851178804 0.00196018164471449
0.0191113814448407 0.124734171787177 -0.195240801565372 0.0375385776803598
-0.013015559927714 0.124410703409223 -0.237750662232276 0.021201312567741
-0.0653241997607132 0.109259826707499 -0.251209159330777 0.0715302027401613
-0.122223664787862 0.117505021131572 -0.225569902339722 0.0935197679909229
-0.223259488315267 0.0351076090561634 -0.243996373905453 -0.0745020888857677
-0.167474114058998 0.0133131571722462 -0.0249308041035375 0.00745375616430196
-0.160314901845618 0.0638839696139055 0.185897950028724 -0.064266621686188
-0.144778287655315 0.100243966947994 0.20149934645326 -0.155413746565501
-0.0620018950666818 0.163832934624542 0.149348011598388 -0.269851481500611
0.0221273439168992 0.160834403611565 0.032105677337906 -0.286571294061212
0.0870790834975581 0.129363691692754 -0.056507311745029 -0.226200923951828
0.123991824800059 0.0886211894274185 -0.0999858974017785 -0.141282649944257
0.154108433707461 0.0925844312865679 -0.10958693126542 -0.0779017396333488
0.128157584999401 0.129294779267656 -0.103252938414402 -0.022245203534081
0.103273074235304 0.178437150480438 -0.11890506047961 0.0389197371178625
0.00931667462531007 0.21991228607158 -0.181397812848651 0.0658828679625959
-0.0720837711907437 0.218222478171914 -0.230701428472309 0.0200577839534979
-0.164374382868962 0.15298900366928 -0.215599564625058 0.0400452086748508
-0.243172681012475 0.124030764012243 -0.157841412646733 0.0603528604949412
-0.327559307949936 0.0181937331690802 -0.131063656184336 -0.0652884918564269
-0.292954621571541 0.0299376039336276 0.068240129115487 0.0268550375197669
-0.271149350134824 0.136514798230233 0.254165566706182 -0.0568685253732898
-0.200399510627277 0.196363658856718 0.236409568492895 -0.153385864080106
-0.0651815320701213 0.251192470886992 0.155171260667775 -0.24806892790109
0.0348046933567685 0.226995055311559 0.0473621391694613 -0.232205568968316
0.110637448871797 0.189276364052673 -0.0191544810724674 -0.172293851826158
0.15430680626484 0.137154864674843 -0.0496619498812405 -0.0979333363039839
0.179567081503362 0.140938176084652 -0.0550619138701258 -0.0372218988334713
0.134673758906202 0.179192018446497 -0.04870207109124 0.0244470651811171
0.104160476506779 0.22815178937393 -0.0828681472346152 0.0863983774526489
-0.010236703236733 0.274956290720641 -0.162456596657313 0.0960371613358526
-0.122346004001299 0.273860215000621 -0.216935465752557 0.0177861545183066
-0.240458860378589 0.168976744464072 -0.172578380493813 -0.000860351307888693
-0.327838710508512 0.105566209674025 -0.0653013000615199 0.0207258983880286
-0.379075117964744 0.00439716224831041 0.00109864561483415 -0.0595184218835354
-0.371150320781774 0.0495110073869878 0.171747864125794 0.0334724696980234
-0.337456027538355 0.197721779542072 0.309126466784406 -0.0488494552629127
-0.220799207989402 0.270870266661569 0.259008283042129 -0.137630241865869
-0.0496132655901586 0.304663692020563 0.15644527356835 -0.199374373982706
0.0512702376028568 0.258498616355486 0.0697079186508212 -0.156282636388568
0.121744173823582 0.218256916378433 0.0273250577016635 -0.101541974847215
0.161704623234006 0.164753553363877 0.00638613183253383 -0.0406045714572908
0.174769517382704 0.170448408963941 0.00290491953055239 0.0174495674133658
0.110976408975268 0.208206663079189 0.0033047740576616 0.0828402345927484
0.0738901160509129 0.248808834765578 -0.052972613396101 0.138487830023467
-0.0492666578622295 0.286647637250968 -0.145316786878604 0.12225637182398
-0.171545692321413 0.278435597368049 -0.195987005886116 0.0146749724940531
-0.289576160925464 0.147255932603448 -0.11966491975798 -0.0406973404353685
-0.365922428073405 0.0615294594304111 0.0402488187351528 -0.012283619390288
-0.363005863312257 -0.00855495683870471 0.128127628364068 -0.0611613759304783
-0.376748011766603 0.0585149407229515 0.262935347302311 0.0171032036537313
-0.334340063202643 0.219264340960658 0.332481834548354 -0.0468218670862176
-0.196648510522006 0.288332147359877 0.259077563887768 -0.108966528641923
-0.0264869758937108 0.299079201170545 0.155637004882829 -0.130585947040302
0.0580695298373928 0.245061690150152 0.0976927092524991 -0.0706290186808396
0.113365512033958 0.21097380333295 0.0770282054753911 -0.0256651707685622
0.14446390344083 0.165313023912221 0.0596946064077846 0.0220161487243575
0.143368641318049 0.175989540418423 0.0519629153637949 0.0804643658779086
0.069680457218643 0.209879893274467 0.0370645080137109 0.146783182304724
0.0253388086152513 0.235860085072592 -0.0422233128482087 0.190424121542082
-0.0937494022705217 0.253280056620049 -0.135898622619061 0.141014998127951
-0.206451584410227 0.237340875008667 -0.168577031556021 0.0111139240016882
-0.304469805225105 0.0954398714361861 -0.060725725579493 -0.0636552172891472
-0.352003879871562 0.002641605862116 0.145895002232304 -0.0250896577902798
-0.282193954548334 -0.0241880116867512 0.224432488831342 -0.070938165563641
-0.309061571306982 0.04993055078519 0.319953704114395 -0.0159828968081974
-0.266181559064752 0.188651346858692 0.32056517311226 -0.0454323819539357
-0.142981355217146 0.236667555807981 0.240754783180348 -0.0740175740417223
-0.010704161261385 0.233012033053119 0.154625508007608 -0.0595794539038267
0.0461599082912037 0.18954659434358 0.125661382318001 0.00439949209919691
0.083245408959343 0.170238548574426 0.121110436797481 0.0398231837828548
0.10452421743447 0.139697959067308 0.10204349348611 0.0801084564740362
0.0953103621047986 0.152683853035776 0.0832603344818936 0.144660546097027
0.0268634261594363 0.177904924072102 0.0456473563405173 0.207913881530411
-0.0151068781456289 0.1897950176034 -0.0537493604186463 0.233453870991881
-0.114451610624024 0.188680850372214 -0.13563313454922 0.151596264071528
-0.206351307924653 0.16872468540462 -0.138161567352177 0.0160481447702641
-0.276043730543392 0.0347173182417036 -0.00303116905581994 -0.0594190031274529
-0.28893188511169 -0.0532881940763436 0.238259285748489 -0.0113827869768281
-0.152916714150858 -0.04732786321164 0.271816239585426 -0.083751099945566
-0.190148083684212 0.0174730762511606 0.332937613778378 -0.049489215480406
-0.15906753588204 0.110974433911008 0.286505927478155 -0.0394458233833536
-0.0799211319005652 0.131706714812101 0.216772560826813 -0.0447900903364655
-0.0140807191003529 0.126975186799347 0.153028572678547 -0.00668613199479183
0.0129081299895107 0.109536334325505 0.14534830523088 0.0541403471380413
0.0320835147773335 0.10572289772141 0.149604013098892 0.0857388165874122
0.0505592239163798 0.0913649181396385 0.126885479516527 0.124794021956101
0.0442774578839098 0.100544422886994 0.0966878877391018 0.196951246294636
0.000803909081196725 0.115286124627254 0.0338821602986802 0.253584693511189
-0.0249614711382187 0.118765838428309 -0.0792393500610125 0.258869651637733
-0.0919060221312467 0.115188750390139 -0.139415059448706 0.1558505298995
-0.159552222807401 0.0993337608752299 -0.113415311411075 0.0310983330592335
-0.206394038495297 -0.0109833766781475 0.0406728034058999 -0.032465090545241
-0.185489570059725 -0.0891234199433326 0.303684193498106 0.0216157833958448
0.0747224725303158 0.0393594514793743 -0.354235033941271 0.0729462851858536
0.0904682660088013 -0.0372622669651542 -0.111766010609245 0.053458940861131
0.0600813820909138 -0.0698485418368036 0.0726574840666522 -0.0742626252698093
-0.00465799855655472 -0.053539639740741 0.0956910117749244 -0.186070725766922
-0.00652424557904517 -0.0204591431984419 0.0204320445558417 -0.296042711419612
0.0130519113763855 -0.0247507151655169 -0.117155660832062 -0.293465481652713
0.00892058927421002 -0.0431236727116314 -0.189409231285619 -0.19479297969588
0.000906789520176345 -0.0443476287983521 -0.198570053042525 -0.0968682957711928
0.0183182859217919 -0.0491338212844415 -0.191923334289654 -0.0419298697926986
0.0421544120068857 -0.0329454486309498 -0.184282382280468 -0.00628981620492619
0.0440963818406134 -0.0143100075119532 -0.159974400020247 0.0428151345756603
0.0389071454506775 -0.00969235508928504 -0.183248350565071 0.091451286137453
0.0643990030914762 -0.0115137090027673 -0.221894039862644 0.111281596892652
0.0704189244884304 0.031740296277368 -0.231064943055061 0.172332518141978
0.0525237430812488 0.0822542613989317 -0.202301407544181 0.189642547570084
-0.0680210959237573 0.0866950089535503 -0.323792578635853 0.0410471108435321
-0.0289896072131093 0.0186264309752997 -0.0823345082039511 0.0284775306761504
-0.0326891000040661 0.0184105803915112 0.0995162953778164 -0.105690199632998
-0.0545739301115735 0.0426965793252809 0.109776583311963 -0.205513836180058
-0.00689001695826987 0.0777696599015345 0.0319281120410388 -0.311143609976885
0.0459473533206811 0.0603572745011163 -0.102019370314362 -0.300660238843189
0.0734651458905901 0.0243440036234356 -0.175883771485776 -0.20647325396544
0.07917575402432 -0.00310934084283564 -0.185902927759526 -0.10149954146869
0.106154500645493 -0.00874389948706334 -0.177070553680074 -0.0395856533387014
0.113278074106734 0.0252160235447834 -0.160730829995654 0.00143544389296582
0.110225942658628 0.0663345317971748 -0.141199077835858 0.0550567175687961
0.0638998409409597 0.112215280905994 -0.171039883393824 0.101701837579235
0.0316627132923904 0.12213025328463 -0.216243188575547 0.103718914675916
-0.0222455323634165 0.126187702224468 -0.210118896535634 0.154023481604811
-0.0766060822798004 0.152043818246459 -0.177467868043741 0.165418282849389
-0.204404896188717 0.123379548229552 -0.246743683732445 0.00995111231625127
-0.156843786219514 0.0799750632041439 -0.0121500823858911 0.0100499584273694
-0.127312936535133 0.121848327472453 0.153678638091006 -0.13546471516698
-0.0953320026793894 0.152922169390755 0.135592738210214 -0.228350833083419
0.00450072076201009 0.1758666215178 0.039665745887534 -0.313400254850674
0.0809409975863469 0.13969025275545 -0.0807615975928704 -0.280883459173849
0.132399534666066 0.0894620320602062 -0.141903675148187 -0.192980491977046
0.145897576569257 0.0379005647972116 -0.145830476273381 -0.0914801214333342
0.177070539076292 0.0299552470466744 -0.131270592077186 -0.0297336242802244
0.167461345536074 0.0764335810258223 -0.109503408764508 0.0177130704923515
0.161490400872161 0.128620514796434 -0.102412603088451 0.0789225187354054
0.0888448888759849 0.205141506662681 -0.148098684826583 0.121953707981743
0.0104128531747707 0.230964867235912 -0.206945209260965 0.0994438657322037
-0.0998901208363385 0.204184447525839 -0.18545937396241 0.114310222494774
-0.189175030144734 0.20114018715472 -0.122721990387705 0.115177028216606
-0.309652309830727 0.147256885583001 -0.133915916080859 -0.0257869035370043
-0.267343145464351 0.143107124212066 0.0853247952302874 -0.0106768799037172
-0.202925789922053 0.232464214499249 0.218747634499962 -0.160248131140494
-0.109628864767821 0.264386936521142 0.164673125444624 -0.242857727631971
0.0335665450617325 0.258183141947371 0.0481350082709866 -0.294426836875258
0.117059515952559 0.197484799348395 -0.0476906316202709 -0.236781017898949
0.176540607958999 0.138390084700544 -0.0876160286067996 -0.157650995551022
0.19151370824087 0.0712078081815928 -0.0842915993006429 -0.0691423248160617
0.218277984088509 0.0653357281147006 -0.0661450343368645 -0.0109969062624825
0.19182704930762 0.120066515109571 -0.042036574909558 0.0408913566001629
0.179798689644279 0.175625996515394 -0.0521320179302056 0.109462075640084
0.0906295108452004 0.264684442214183 -0.119399946684813 0.142663031187521
-0.0168980810001277 0.3004764360383 -0.193644040322207 0.0927931201575291
-0.164565986343909 0.247369057647127 -0.157867272260552 0.0620219533116806
-0.275824320521761 0.214692314446498 -0.0482601127880556 0.0499218316393812
-0.362678793161818 0.152862071268904 -0.00472970279808556 -0.0684463198494858
-0.332080231650195 0.191182955422871 0.187147966807697 -0.0455426910059825
-0.240057170328678 0.313290162357634 0.271057353110176 -0.177564990050153
-0.0982673339716631 0.339278600333835 0.187085677039126 -0.237710025194253
0.0675686627815764 0.300514440052968 0.0644899753618629 -0.248578713546899
0.143128070132776 0.221454983100447 -0.00013061837751387 -0.173222638995547
0.198607599163157 0.160984908212417 -0.0180842654500373 -0.109155735433705
0.208179407650043 0.0938285190281414 -0.0113054063396939 -0.0368692756071788
0.224462430631341 0.0944309932471884 0.0073290291164645 0.0189964534436751
0.180941631752702 0.155368718974503 0.0270835461984325 0.0755205409019845
0.159606661710348 0.205361527609231 -0.00481439297067556 0.146073142456618
0.0574228401023614 0.28836804195155 -0.0935323446777511 0.161395762168279
-0.0603516228723069 0.322326292509741 -0.174203273934899 0.0824313898941507
-0.217900532938801 0.245815656227637 -0.122753716752596 0.00793372960943951
-0.327458292827179 0.187767629140765 0.0395676921287191 -0.0142348452093586
-0.350866540343557 0.134361766492383 0.11411611971718 -0.115245074779659
-0.33142248301557 0.200740665903284 0.266168427666774 -0.0942600726622561
-0.228783493669011 0.331820999265623 0.292072374700284 -0.183908814835755
-0.0691635202390698 0.34607448095272 0.196581552190432 -0.209784387302546
0.0866872480889749 0.286395790248258 0.0881963475630355 -0.182275130636854
0.144195130117314 0.20583180833619 0.0586558554213376 -0.102913897516552
0.188344502143047 0.157664401779462 0.0571213037790902 -0.0577043108363132
0.192521510603447 0.100395820824983 0.0610854684360806 0.00110988545481521
0.196572202158752 0.110435544894205 0.0756520863214448 0.0596728778085483
0.142494285389821 0.171220871939856 0.0825387332050853 0.122798274067923
0.108259771733081 0.210727729177212 0.0257953570964733 0.190249356646915
0.00289337016035741 0.272654870786471 -0.0771674596746138 0.175731523539263
-0.107606279358734 0.295188251969337 -0.1495710748531 0.0711050070395749
-0.25007574997433 0.201169282174899 -0.0758023554688184 -0.0325440691525659
-0.336000458522458 0.127601399233733 0.132023007783082 -0.0611316185654585
-0.278402253158229 0.0870935008943008 0.199257345812611 -0.15701205461406
-0.269168188030314 0.164994701895772 0.306059951930831 -0.143836258747914
-0.175268721546199 0.275816082695962 0.282643535929995 -0.174096197467831
-0.0384707287862827 0.275434193322849 0.193106102271937 -0.167343568463649
0.0769879097169334 0.219281788564647 0.115587361845375 -0.113245549891983
0.113221243334459 0.159576068915244 0.114989472723109 -0.0430650264178868
0.144128444722158 0.130120052936987 0.124015280719544 -0.0124387501339966
0.146838459192473 0.0911285252143402 0.121326711658653 0.0389406079503847
0.142746234895718 0.106236446377162 0.127698943400163 0.107422311712245
0.0908872844007145 0.157031570385545 0.113461190344843 0.17615797294714
0.0536715355778899 0.182152240465466 0.0321241424277932 0.233840636342777
-0.0400941471773953 0.218771231298996 -0.0727810641905789 0.18588231201994
-0.132613726974595 0.229386380592809 -0.120245860585685 0.065853544923597
-0.245492874883268 0.133082800904042 -0.0208447092220653 -0.0484578242077158
-0.294423594993677 0.0520529635989499 0.220480783660719 -0.0804744148224161
-0.16314443136117 0.0134033873198396 0.236447191825415 -0.180803172265058
-0.169573194594693 0.0875930920452233 0.303957754358191 -0.175028530972578
-0.104516176749193 0.161409546823192 0.254783975150484 -0.150634048570943
-0.0222007305962487 0.152250667300638 0.185701854106709 -0.125286392869546
0.0351648615582492 0.121673082853267 0.138539392159261 -0.0627044224292348
0.0529247785259378 0.0968914846546724 0.155440829210893 -0.00431872976273311
0.0707542080561356 0.0887159337923884 0.170641084844079 0.020364022168723
0.0793921618053123 0.0667010744043755 0.162082415156446 0.0696809977710948
0.0763366091933024 0.0771785670837871 0.159109356636801 0.150762181358644
0.0429300531008669 0.106599593936561 0.119727051828397 0.223613358335345
0.0181998400704281 0.119835080599434 0.0188473167933483 0.267343778405157
-0.0461760806513086 0.14123682042007 -0.0758732406247885 0.192564161920427
-0.113084739381946 0.147141924071791 -0.0935654133918596 0.0710107143123398
-0.195789551873908 0.064566696305025 0.0271104401990212 -0.0397141001176272
-0.208233326633659 -0.018048743606296 0.289546217554217 -0.0743840407152694
0.0753252266493361 0.0353401317793779 -0.351271617279816 0.0897014770299644
0.0869395269094663 -0.0401872228910906 -0.106688863820616 0.0603956928795885
0.0557065333842289 -0.0713437546907407 0.0729228398518528 -0.0788245585852313
-0.00568716830012411 -0.0511436898793398 0.0895986940923018 -0.195338596375146
-0.00500307473691516 -0.0182638486006708 0.00575688813518693 -0.302857844895122
0.0132704451891487 -0.0249795464386102 -0.133114574570875 -0.292225645826568
0.00765636236198979 -0.0441127613489033 -0.200935840454803 -0.189231014238061
-0.000365509830561321 -0.0436963705516236 -0.204685093133065 -0.0897355257555722
0.016663524393943 -0.0497428386161328 -0.197499545329227 -0.0317214901232006
0.0413407533853667 -0.035646509536847 -0.188519131255709 0.00455660844259152
0.0455215066486872 -0.016497976663767 -0.16205606787787 0.0506596562532715
0.0398670015228811 -0.00998423929951063 -0.182118330798609 0.101546925431136
0.0643474214812131 -0.0139821368744232 -0.221451456914858 0.123601303017232
0.0711084631057999 0.0297146060319022 -0.227700843348633 0.184320299705567
0.0554834226558219 0.0798830357003446 -0.200523029629252 0.202689646101456
-0.0663312075872382 0.0913221767480284 -0.321400027841981 0.0565001135269285
-0.0316690513509451 0.0225016601894757 -0.0771685696841939 0.0339745911154356
-0.0335582299743084 0.0228668066879625 0.0986393795699424 -0.111044318187007
-0.052461109272121 0.0494714321060969 0.104672062861699 -0.213574373449163
-0.000924704872660352 0.0822606582264121 0.0179040180813264 -0.317429371853128
0.0509426137539676 0.0599717398496973 -0.117364420840749 -0.299767587585464
0.076969153892117 0.0216463041416666 -0.186882547978661 -0.200211187687429
0.080765672017991 -0.00649299616307633 -0.1904164160894 -0.0948285349887839
0.107633990354048 -0.0139138172705761 -0.180556941175001 -0.0301851851647651
0.116888452446744 0.0208192440535794 -0.163776556669335 0.0119354035649252
0.115764718498771 0.0622052200754297 -0.142081373525273 0.0632900127893
0.0707869499437375 0.112493149796736 -0.16923322867888 0.112315372692107
0.0376324559080512 0.122672186630437 -0.215737873198975 0.117223227040414
-0.0192215362029181 0.130470836780254 -0.206423625228323 0.16550099275372
-0.0723225868696867 0.157676457262433 -0.176513999491802 0.177680866314303
-0.203420660516698 0.135823136887794 -0.24416940063058 0.021661181992053
-0.158562341518917 0.0897647243435439 -0.00700378993364992 0.0130163099223973
-0.123657234306151 0.13198770541354 0.152134613056646 -0.142122398765901
-0.0897360720816852 0.163036707117233 0.130216115067361 -0.235984415646283
0.0150432760930635 0.180839340984427 0.0254408685463423 -0.319785890846195
0.0906285035167625 0.139411138433712 -0.0937722408609653 -0.280783270789113
0.139675073169639 0.0847002227049821 -0.150848497208361 -0.187417595367869
0.150199716425987 0.0308560041192683 -0.149426668552028 -0.0862111147353521
0.181222608763327 0.0208886853248277 -0.133416574197283 -0.0216835004932247
0.175258500334682 0.0698605300839125 -0.110544586538911 0.0254766647856049
0.170070956211863 0.121492076741917 -0.100491118363497 0.0868275060541551
0.100798321267813 0.205496021142071 -0.145026433182097 0.132417346863931
0.0213674652352082 0.234490013355888 -0.206181272646112 0.114159471332883
-0.0936299836675197 0.213803938614271 -0.183547682057164 0.125705510055398
-0.184024099100635 0.213306087987749 -0.122736180359934 0.125086214768853
-0.30829164622241 0.166769353943172 -0.129696960871336 -0.0190355190154776
-0.267193728851675 0.159764955708892 0.0901922264155777 -0.012838227616797
-0.195002127125408 0.246442386704012 0.217538531820196 -0.169680694566301
-0.0989803947473765 0.276525418381654 0.159722637375227 -0.25179696071026
0.0478538763970944 0.261034997232643 0.0353145658958285 -0.299401360553107
0.130252951643828 0.196476963242687 -0.0581261695873481 -0.237502902167808
0.18823429289634 0.130865017433547 -0.0948040241638428 -0.154097019203471
0.197902553142067 0.0624082802495622 -0.0858454403023649 -0.0661418372594037
0.224740242575306 0.0539564854346871 -0.0656438752584447 -0.00589160198463578
0.202587783854866 0.113208647098583 -0.0407045773181552 0.045302728346633
0.191245997664886 0.168321653565538 -0.0469306989221752 0.115200321606747
0.106021396839484 0.265600940292937 -0.114725940372959 0.151989632724233
-0.00313766667934543 0.306893699393199 -0.192611613247239 0.107818428986779
-0.156622532256698 0.260719662114891 -0.157580691475065 0.0721331589270674
-0.271327265480387 0.232819426463503 -0.0496977578220408 0.0556586205070002
-0.360868933781909 0.176146679655706 -0.00124564411194027 -0.0686185157766813
-0.328386504609717 0.210172361906616 0.191429200937198 -0.0536203395328492
-0.226877165539153 0.329074133575397 0.269316985999877 -0.189452247696755
-0.0845180418271846 0.351992350997613 0.183421129169129 -0.246818125560901
0.083552413260922 0.301966056230701 0.0543063090198982 -0.253360783408771
0.158105856076646 0.21839212566826 -0.005900165210238 -0.175537528230973
0.211142717915896 0.153251650030293 -0.0220155592290359 -0.108461407093807
0.215793029636938 0.083560106957975 -0.0110269197185185 -0.036123920519056
0.232153488874525 0.0831348494038502 0.00997665731124769 0.0201666479296496
0.192930406530709 0.149829467222621 0.0319404080748952 0.0764594654732039
0.172037450724753 0.199872192727369 0.00308490139277559 0.150425100873183
0.073000758004198 0.292554069293501 -0.0864897881259748 0.168979614977134
-0.0452620959872324 0.330716575686788 -0.173170918120635 0.0962615991018176
-0.210565929738867 0.260650123434646 -0.123971933693153 0.0166136137600374
-0.324550162629056 0.208043116580473 0.0364762676625047 -0.0135181129885728
-0.348860564430653 0.156612135701271 0.116993786842978 -0.121520699400825
-0.326047287969623 0.220616940545378 0.268985254017365 -0.107200884250781
-0.214364030676253 0.345914117256412 0.290596885206531 -0.197324916284055
-0.0548743343640827 0.354616486526901 0.193162209914785 -0.218858882482522
0.102264660340483 0.285265499165801 0.0820932706628962 -0.187011126289316
0.157031375654971 0.203127568729478 0.0571864091995417 -0.107287601986942
0.199995775646317 0.149967855807708 0.05595840939691 -0.0599225168399111
0.200068924117667 0.0909975027469135 0.0634714645399706 -0.000593247970032113
0.204358389127584 0.101196048434639 0.0807148291138257 0.058279522454894
0.154450944387757 0.168395436288548 0.0903014524626847 0.121540191584314
0.12055699461726 0.208658804372188 0.0366842332891464 0.192972919758902
0.0165043242531333 0.279532091960893 -0.069399846616789 0.183258412081892
-0.094624912321295 0.304587997607762 -0.14876611388999 0.0833206785372043
-0.245076960291753 0.216730971296709 -0.0782323162259337 -0.0267254076875355
-0.335049883781546 0.148055013149043 0.129598589009404 -0.0655142678240677
-0.276991389831486 0.104060403685392 0.200304310593248 -0.168148095859604
-0.26379292596884 0.180473330357323 0.306661960796988 -0.159684463959083
-0.162366136614939 0.286088806704244 0.280502650734319 -0.188778508880305
-0.0269020976498211 0.281029517144894 0.191778263772556 -0.176403408725552
0.0886605832913796 0.217132165815001 0.113436689915019 -0.118534845617113
0.123304965789196 0.156483119596583 0.117050947515085 -0.049333058157624
0.152970308256903 0.12413806013003 0.125352277400124 -0.0180669197263434
0.152307659176422 0.0837841080252381 0.126110548859231 0.0348345217225473
0.149271158352444 0.0995098363384479 0.135538146084221 0.103650599699014
0.10085331860764 0.155567421942787 0.123650935117164 0.174113763730842
0.0631699097742931 0.182544470013683 0.0454868115549313 0.236484964278925
-0.0302188249145875 0.226251458262327 -0.065226601212088 0.193702293880473
-0.122587717206494 0.238575389469132 -0.120685195333686 0.0759943427484422
-0.24211756527475 0.146950542761605 -0.0245725735745373 -0.0461048028840284
-0.296160283229383 0.0692632559323829 0.218003537708249 -0.089639248030195
-0.163216790504892 0.023970938327531 0.236006653256068 -0.195262512767894
-0.165622071751555 0.0967597289291704 0.302906278957821 -0.191500744853799
-0.0960186226507872 0.166351660706327 0.253726886075572 -0.164017288960642
-0.015302600100405 0.155219392971965 0.184841028103147 -0.134494292961499
0.04143337480041 0.120275776000354 0.139443949785654 -0.0695433414675841
0.0574093478440475 0.0946422346098524 0.159376891033076 -0.0125661363279428
0.0762251636767525 0.0859672938854272 0.173135646372499 0.0122159558989324
0.0828663635627241 0.0631738372965257 0.167520610686059 0.0640163019157924
0.0800909525558027 0.0737726663667928 0.169129526312075 0.146460982784971
0.0487553343021385 0.106903241513664 0.13196444842565 0.221230317393304
0.0237755402022582 0.121122987337867 0.033265945689474 0.271145003840968
-0.0406926971217605 0.146100932140294 -0.0689092078136567 0.200484605463418
-0.107241058924561 0.15283730413377 -0.093823043184942 0.0787733276457386
-0.193574812571987 0.0733896553162901 0.0236655461323933 -0.0395239861314645
-0.210591588332092 -0.0075239502981606 0.287840241253038 -0.0867543448224619
0.0770291606041936 0.0319529173011167 -0.354414425847044 0.109739142138272
0.0847090829395352 -0.0435297605145518 -0.10230224343881 0.0682144525039914
0.0524233081049656 -0.0744044539784199 0.0733117873704215 -0.0852335018854772
-0.00716366490903607 -0.0499811071847116 0.0848965553469863 -0.206707137980653
-0.00397105363575122 -0.0164018163763156 -0.00948247252084547 -0.313986288824296
0.0131309194110978 -0.026318510734034 -0.153111149069764 -0.294849677810648
0.0057781354480912 -0.0456520361533818 -0.215773723882645 -0.185253873221226
-0.00231670365919274 -0.0442299344621047 -0.214233967848326 -0.0838131793799922
0.0149629025779208 -0.0518825184859928 -0.206144310922627 -0.0207891882726231
0.0412780561725064 -0.0393258965802929 -0.195343866589629 0.015946000505691
0.0474317077392765 -0.0186648277944677 -0.166678945552436 0.0606154324887318
0.0419363020196796 -0.0105976559594342 -0.183417044515321 0.114332972444119
0.0645838668555352 -0.0165729654711545 -0.223781825734334 0.139125523433729
0.0725263094938379 0.0284225472664568 -0.227142083526171 0.199559777349649
0.0600599966784895 0.0777048083808221 -0.202404505837904 0.220358668542296
-0.0669703001718675 0.097948719848214 -0.322978302566739 0.0737420000214522
-0.0350124772514902 0.0266584283671786 -0.0740165021097797 0.039843995213472
-0.0347779427141938 0.0277248738610768 0.0985419403456686 -0.118166587656363
-0.0518431438120062 0.0570124684465746 0.10086822033707 -0.225206260874462
0.00587152143853041 0.0871439212319277 0.00257411303043771 -0.328889492626854
0.0574110735820052 0.0607556699573042 -0.136354124345145 -0.303527295528401
0.0819205747186471 0.018346912320734 -0.201638988195107 -0.197157111681467
0.0833268274500094 -0.0105479796988808 -0.19916138882674 -0.0889100799192567
0.1106332511326 -0.0199320062208373 -0.187884792179575 -0.0197238812924636
0.122835767681548 0.0157534314472071 -0.169140030694805 0.0228086055003534
0.123363695585701 0.0578577854411451 -0.144564695255363 0.0731588984655183
0.080526217326901 0.114401090237777 -0.169241865645162 0.125927265528504
0.0443659338516994 0.125572670782128 -0.217762615161349 0.134455828971017
-0.0151128681696171 0.137410463282954 -0.205654121364978 0.180962914535919
-0.0682588558507196 0.165747068600775 -0.177155988237333 0.194844456915653
-0.20476944152594 0.151516854646792 -0.244585346391866 0.0339432786576661
-0.16220955295917 0.102646197780073 -0.00269371236018768 0.0146669232844513
-0.122456696397547 0.144126017031171 0.152989678860975 -0.152625993649022
-0.0841403282130453 0.176730537457342 0.1261786433161 -0.248793496772559
0.0268647158108469 0.187609566791956 0.0102142007527265 -0.329747743758681
0.103045322058432 0.14107366040213 -0.109718479072005 -0.284959001097744
0.150276956130524 0.0798515087298408 -0.163779619607242 -0.185208388198587
0.15702734999116 0.0236217103330957 -0.155350902049237 -0.0820205338695858
0.188163754369732 0.0112711702363821 -0.13750784283598 -0.0137660683407618
0.185668305765043 0.0635434651793666 -0.112896799034748 0.0341029963174669
0.182906621503549 0.116293236297595 -0.100536108752522 0.0961001662972168
0.116155642444187 0.208275579056419 -0.142616113924879 0.145613940622933
0.0343693482016471 0.241567767130275 -0.207251748478707 0.130620569857742
-0.0880538251162584 0.227625073467239 -0.183032315137142 0.139336572597691
-0.181173107066151 0.230087491634729 -0.124092782701244 0.138433872670516
-0.310050719309997 0.189126221528226 -0.128568017735298 -0.0135486486763269
-0.270027782057517 0.179052926531507 0.0969033650996734 -0.0161277601574438
-0.188857360521408 0.264592114325118 0.218665670517605 -0.182467988475838
-0.0886698083144445 0.293495557373892 0.156951628307476 -0.264907143016182
0.0644238069269858 0.268341551239424 0.0219067801123769 -0.309746510876383
0.146597598631155 0.197334642636105 -0.0696337293151179 -0.242454884852462
0.202424500434878 0.124572122652333 -0.103376858261175 -0.152963073262189
0.207567880485211 0.052618585369863 -0.0893413900962753 -0.0631018348683323
0.234305317504501 0.0425153905089684 -0.0668673185655655 -0.000934682421569692
0.216384346076594 0.106965853564705 -0.0392106744446614 0.0515338575534908
0.206932774785655 0.163263538207441 -0.0425229775127995 0.123397138593727
0.124014101663089 0.270793340541581 -0.110090345781533 0.165036930436741
0.0134745745342983 0.31724835562276 -0.193610821204393 0.124640462886383
-0.150154265879476 0.279173050828495 -0.158387796059365 0.0841709808164315
-0.268987575266222 0.255022666485753 -0.0510606868136205 0.0627178802134483
-0.362046891402415 0.203604279432442 0.00208701945715547 -0.0714158109049687
-0.328666175711436 0.235083129530365 0.19829444723332 -0.0629963931520715
-0.217231673071803 0.350854621794639 0.271568788006495 -0.205686341088749
-0.0702762889955605 0.370034465099497 0.181926462873349 -0.260425401802786
0.103097233886633 0.307285659911824 0.0444591524339152 -0.26238555539759
0.175985923727048 0.218209470394302 -0.0124849455110294 -0.180698233119523
0.226793414399581 0.145879090478955 -0.0265358831426902 -0.10917121813393
0.226673424653956 0.0735694084831211 -0.0107060382276578 -0.0358192269564936
0.243053627473751 0.0716497664968516 0.0127885535271221 0.0221204647362254
0.208818241981248 0.145504810956458 0.0372750948417042 0.0788869607883333
0.187889204746287 0.197227527297999 0.0122953846666226 0.156408289057009
0.0908359275567647 0.300049273206202 -0.0807876206583334 0.181101201984946
-0.0292487039258103 0.34417571824507 -0.173688486198128 0.112076150139275
-0.205636550065436 0.281876132758303 -0.127251114418316 0.0257642350761834
-0.325313457908032 0.233068234923583 0.0352394331417761 -0.0128119397189319
-0.349917792401122 0.182128813630053 0.120572361673594 -0.13185394779551
-0.325423404179541 0.24406333229241 0.275260650364566 -0.123136558996289
-0.202248551643682 0.366566086564959 0.292000170718597 -0.215278208601786
-0.0400699566958431 0.369781211465874 0.193088042345862 -0.232945197096697
0.120078855227815 0.288464366846911 0.0772546234487567 -0.194452087071364
0.173552497566601 0.200953947793302 0.0561510364906533 -0.113867923817301
0.215086307552248 0.143250892119499 0.0560174852842843 -0.0628638296836923
0.209970985906222 0.0816571045640743 0.0673314643068926 -0.00303754856021644
0.215554323262502 0.092335847547736 0.0872288872448251 0.0577105622917201
0.170043520962578 0.166920726614248 0.10026659130388 0.121288634936131
0.135228954765318 0.209119067993482 0.0491809794324483 0.198186528266038
0.0313088005244492 0.289633518135139 -0.0622596873964416 0.194302368209063
-0.0816759719875845 0.319047791346492 -0.14970309702719 0.0972629424625953
-0.242269186283494 0.237549873791593 -0.0824404308889466 -0.020408777284769
-0.338178321861324 0.17266277936797 0.128787651156369 -0.0712400826042612
-0.277552273283136 0.124803031631228 0.204048561369673 -0.183713364063154
-0.261221185888376 0.199915841709997 0.31174178648561 -0.179843307727641
-0.151934256686284 0.30114924269509 0.282294534308953 -0.206714906745427
-0.0144425651953091 0.290811578514789 0.192299771789966 -0.189018901911979
0.101988243138253 0.217509154370095 0.112852558611775 -0.126176573821847
0.13453155862326 0.154400658984616 0.121420975246092 -0.0575386376749917
0.164554544193434 0.118766434817944 0.129186105299336 -0.0241736529781135
0.160861709172756 0.0777317982914123 0.132613654809518 0.0306563483116694
0.15864941601719 0.0945019611764184 0.145872325084986 0.100965022721626
0.112864138048537 0.15569172840668 0.137379418699342 0.17362503845828
0.0737481238629375 0.185138307518297 0.0598314955722531 0.242103144842566
-0.0205228854598227 0.236162016331632 -0.0577296234809267 0.205557990114547
-0.114408435534518 0.251682479735692 -0.121383991769061 0.0882700866069001
-0.242158022718578 0.163576779379511 -0.0283277208924851 -0.0430961430979121
-0.301399476084475 0.0886309906825321 0.219392013860139 -0.10102668248032
-0.16456116393209 0.0350525239608779 0.23917735744938 -0.21329955803004
-0.163566434584237 0.108253851436123 0.305159801731755 -0.212690764111682
-0.0888203918394374 0.174260568423182 0.25505902340691 -0.181593959621196
-0.00906235924748533 0.158838647053991 0.186739480355872 -0.14745197720337
0.0487676363814899 0.119741147613861 0.141124543172473 -0.0774267534703258
0.0643574468641784 0.0945074107544048 0.166454335668899 -0.0220145597431502
0.0831009289741695 0.0838852517437653 0.179194895242253 0.00410742155650099
0.087883843998982 0.0597223023824953 0.175668784082799 0.058678097645675
0.0847703933107262 0.0716652389352693 0.181834765017467 0.143227519639025
0.0556308584970541 0.108237364132872 0.147924853250069 0.221505081540496
0.0301109512143934 0.123132986960377 0.0486172687317704 0.278188531666184
-0.0351140764667221 0.153413164447045 -0.0617935132005106 0.211811270381928
-0.103199088184907 0.161139641720749 -0.0942578776916404 0.0890106097261143
-0.194439215574404 0.085175228318148 0.0213497980457843 -0.0394265456820169
-0.216903797244909 0.00543940823756331 0.291251415182625 -0.102612138462223
0.0791202686382202 0.0272241525334605 -0.35575581554773 0.137201617713452
0.0824741182432022 -0.0483141915636954 -0.097455460126456 0.0772587992813377
0.0477031797858319 -0.0774422010094991 0.0723017986166655 -0.0935747378883516
-0.00947446752386161 -0.0490714582793257 0.0754208142060284 -0.220999122387562
-0.00257078327655729 -0.0150900642627791 -0.0322745254354438 -0.325026213301329
0.0120484195469508 -0.0277102600586983 -0.181661307740005 -0.294466130454462
0.00253126591986217 -0.0474282571864469 -0.23696653884681 -0.177988894361365
-0.00499913250783119 -0.0447059535924172 -0.228056399124713 -0.0732669785692141
0.0122544143994634 -0.0543665884528794 -0.215635752963977 -0.00502166901636095
0.0402543773317603 -0.0443106236106552 -0.202848161086678 0.0326654607510193
0.0488385533240682 -0.0228367687282825 -0.169973932666306 0.0754850542193648
0.0443047570978365 -0.0125163949895137 -0.182083906254081 0.132026802128013
0.0649528010262417 -0.0205671527051833 -0.222797446967839 0.16062635945157
0.0767163999086161 0.0256938925778346 -0.222985233454109 0.221480569992626
0.066779957693767 0.0747014382685342 -0.198209675277936 0.247200716700214
-0.0646907872799822 0.107304884386887 -0.325621184109256 0.0976091522521285
-0.037662706174566 0.0330784953540885 -0.0700372589588506 0.0464600832105532
-0.0351087531732992 0.0342783584979665 0.097009105223056 -0.128337875718977
-0.0481716299264984 0.0663514074913435 0.0919037926701144 -0.239695437406318
0.0153055444478486 0.0918876577897174 -0.0209134541832287 -0.341808832889891
0.0660407523672727 0.0600425530029081 -0.162775554954831 -0.305451619265418
0.0871957260052631 0.0130802646254679 -0.222298488275252 -0.190912756204298
0.0858095992861019 -0.0164378563078981 -0.211360538679122 -0.0794284958137394
0.11336137432581 -0.028840614896621 -0.19466044059194 -0.00533224259269174
0.129338549948477 0.00730697526306769 -0.173489141507141 0.0380555496831792
0.132597226408993 0.050663872079327 -0.145919666772911 0.0873916312328366
0.0926070858367632 0.113951824754836 -0.166322739122312 0.143630278476205
0.0543843334413762 0.128092927604765 -0.217163678661026 0.156404265301271
-0.00703924028762329 0.14558660328134 -0.201371684060346 0.201253845437202
-0.0603165479609986 0.17666028875848 -0.174112103249218 0.218415094030742
-0.202790701666682 0.174072572850736 -0.244793480410032 0.0510312566251059
-0.164495307377838 0.12046225732209 0.00262091998753994 0.0164219784044365
-0.117527693561472 0.159990348938999 0.151111068769114 -0.165992606761322
-0.0749450367979314 0.192887417076345 0.118493753189105 -0.265009977215295
0.0435967659375456 0.194443008568949 -0.0111613204558598 -0.34260399306006
0.11922582395114 0.140136701723826 -0.132702432692016 -0.288713039882436
0.16367964737743 0.071619245381194 -0.180727867748482 -0.179880653502402
0.164913585511476 0.0132220889957944 -0.165074051680222 -0.0752098705739049
0.195927719122527 -0.00318686190370903 -0.141980970909004 -0.00220810398373334
0.199111790049187 0.0528826190377174 -0.114067739159897 0.0459683818838879
0.198158492533465 0.107618933835214 -0.096904463337112 0.108070447371073
0.136710364499775 0.209507044622042 -0.136765942873716 0.162351380851077
0.052646624643255 0.248524935266934 -0.206015445805702 0.154014980967747
-0.0763828720587522 0.244545955333089 -0.180359945538175 0.157533309275092
-0.17269270147327 0.252458100211973 -0.122016973358477 0.155842781908723
-0.309037695380335 0.221183691022176 -0.128344397761508 -0.00625232866240365
-0.26968199893594 0.206872232088875 0.103353808709445 -0.0220838639803612
-0.177578814092635 0.288588105781495 0.21702053832797 -0.201455750603625
-0.0725304792036342 0.314367475691361 0.14932523185199 -0.283259420382064
0.0874541676286533 0.274873367427203 0.00239848995332296 -0.320390830953432
0.168308086572619 0.195163456036951 -0.0875267984089151 -0.246433288390206
0.221025725921435 0.113839058803549 -0.116182626753431 -0.150254392876361
0.219159417792182 0.0387909247983488 -0.0944781242211885 -0.0594041380005094
0.245884078823213 0.0261039033556947 -0.0672188457556232 0.00574827936980531
0.234851280724424 0.0963136102231662 -0.0361835910805879 0.0579224019890185
0.226140154028553 0.153793768773964 -0.034929184787527 0.132749034783013
0.149667334347036 0.274000793171389 -0.101207538952051 0.180682377797784
0.0372867130578152 0.32923412464761 -0.191325065258357 0.146949726637643
-0.137279719266616 0.303311429329606 -0.158336327101646 0.0995624358675003
-0.26241475633136 0.286186617103501 -0.0513182960411083 0.072736222461347
-0.359934817025741 0.239423541833056 0.00401141947198135 -0.0753887925313803
-0.326637856940813 0.268298672253536 0.20516574270186 -0.0785489870220862
-0.200352842859695 0.378686297287578 0.269860025417997 -0.229563623629744
-0.0480055508498291 0.391317098100202 0.175008669594246 -0.280575320939145
0.128501616967392 0.311592854615576 0.0296254496381738 -0.272186121308426
0.199897708757175 0.214575473920584 -0.0228288546241561 -0.186907869152804
0.247885044005612 0.133771518167283 -0.0333562063168006 -0.110070771850642
0.239612311808485 0.0589671087171924 -0.0107692108354699 -0.0362757838339919
0.256817072082347 0.0556716800713951 0.0171189125367114 0.0235027217153742
0.2303459914435 0.136511701747636 0.0448339095212518 0.0812445987946045
0.209266261791201 0.191506392516796 0.0242415135719341 0.162811198655652
0.117626999314419 0.307336286838376 -0.0697874715123257 0.195436938774024
-0.0045169840514398 0.359592967865685 -0.172094783548607 0.132777933616382
-0.194156156403063 0.309333549223811 -0.128978382681697 0.0375389156688989
-0.32190610020105 0.268547387580559 0.0331691777991438 -0.0119780974689555
-0.348410302855949 0.217763010516893 0.12276410861053 -0.146410100953898
-0.319477801112584 0.277227811863424 0.280640821823776 -0.14639294201203
-0.182929733677144 0.392538633717942 0.290493006114703 -0.241216785964626
-0.0171116487741072 0.388390651372375 0.188578091278727 -0.252613758720325
0.14494298433001 0.289920385142288 0.0685103758368637 -0.204550719246048
0.195239854357854 0.196290254729958 0.053850789023368 -0.122377592337407
0.235157616964296 0.130309234850673 0.0555983428571546 -0.0683298812536386
0.222950237794164 0.0681882659994414 0.0716512251551163 -0.0067809072577761
0.229321492221606 0.0789876982380408 0.0965206298923708 0.0541016445668435
0.19090448371013 0.161505804439948 0.113786997774262 0.120156045515953
0.154955731858154 0.207066360283912 0.0661573982797346 0.203429339735922
0.0549555818147174 0.300092704433096 -0.0500523114270578 0.208418621516911
-0.0610419425385172 0.337841239559075 -0.148117137547542 0.116366832151127
-0.234863498209635 0.265213105530522 -0.0863050514609489 -0.0140654182315225
-0.338919878616954 0.206783655132571 0.127047607441116 -0.0806237027990242
-0.276786702378909 0.152463958492034 0.205005339614349 -0.207277343669305
-0.256244372913349 0.225394832578536 0.312657903692285 -0.208204247429012
-0.135308162980208 0.320756935889573 0.280366607614453 -0.232019457094757
0.0032212701506569 0.302758529476848 0.190523990289898 -0.208039608493516
0.120730293697693 0.216896151752974 0.11030224124647 -0.136551492296832
0.151061312450797 0.149743356782884 0.124929069247473 -0.0687146245833464
0.180188364108221 0.109556282648683 0.13328723188202 -0.0330364267497168
0.1715302987993 0.0671756014598609 0.141027673027348 0.0231838386718627
0.169844719482597 0.0854246440416256 0.159531315785156 0.0956163585216995
0.130013582268834 0.154768293914877 0.155984089187228 0.170759798007544
0.0897618157357121 0.187103159123214 0.0805787384574365 0.248246909869304
-0.00449360628183318 0.248875277697272 -0.0456237516026607 0.219333346691048
-0.100493685297883 0.268083579189917 -0.120218687268377 0.10404952313759
-0.239550290182394 0.186973007528507 -0.0319847082394731 -0.0409831042848004
-0.305843846665749 0.116494546786106 0.218884965523243 -0.118327107331797
-0.165263453701851 0.0503307773736695 0.238762139032934 -0.24098064301117
-0.160817396119272 0.122390306720043 0.302981639249094 -0.242721552819
-0.0786648833195756 0.184292308332631 0.253395236404532 -0.205594491799126
0.00043315706108705 0.16492914841265 0.186453769196787 -0.165321346988118
0.0573827019142362 0.11929658350231 0.144566032230177 -0.0894463122705374
0.0723673383275987 0.0920060166371219 0.173998251061751 -0.0357360341654041
0.0920711802574333 0.0798454150621385 0.186375042766063 -0.00860105777901782
0.0942467861827633 0.0546914186769555 0.187811751997064 0.0495231236354826
0.0926577024360418 0.06806386076359 0.199057603389392 0.136182468646382
0.065900902977722 0.10898256570531 0.169725578073287 0.219636704294041
0.0391954765117674 0.125589129668361 0.0712954050633929 0.286027367455437
-0.0257418789624144 0.162457866435163 -0.050290764126837 0.226696919606695
-0.0958416556686327 0.172792220676733 -0.0924837405008216 0.10205694634551
-0.194340338653608 0.10058482185958 0.018271543998768 -0.0406832791483007
-0.223022749582032 0.0221485499414352 0.293354364114629 -0.126078701351935
0.0814946614144133 0.0206570032674073 -0.348838198131166 0.170826455567765
0.0777134380486896 -0.0532455903955175 -0.0888005485381537 0.0871001513088918
0.0413856715827941 -0.080297073038872 0.0682576040260153 -0.102446665969915
-0.0118078628535522 -0.0477746936860102 0.0600998379781954 -0.233243916034512
-0.000748951386934218 -0.0140191881897916 -0.062078682367273 -0.330639617997875
0.0107231877727566 -0.0288000200338513 -0.21362976135735 -0.28470128480845
-0.0014628092946744 -0.0491285632292011 -0.258550894419294 -0.161647283671866
-0.00827520514573047 -0.0442439859812577 -0.240104444829187 -0.0565765758447269
0.00780705363454616 -0.0564647136190629 -0.22087088190543 0.016059960579083
0.0369692812123545 -0.0489443315116274 -0.20540439750338 0.0540121680738677
0.0486445728563698 -0.0284160546093893 -0.168916571797456 0.0927258402611262
0.0455103056439355 -0.0158835705806403 -0.17451799126904 0.151889024950892
0.06345302113998 -0.0257347385305486 -0.214965569371404 0.184333329761539
0.0805194460327845 0.0203620132359494 -0.210759170819141 0.245919213413797
0.0736568677176255 0.0685396492106869 -0.184268340859646 0.273654300442284
-0.0581408869386808 0.116452404870232 -0.319872983326648 0.127937211497408
-0.0378396033154421 0.041205767107917 -0.0622865848249258 0.053303806763645
-0.0334604229913277 0.0413622083325243 0.0905039784966688 -0.139042564117183
-0.0425308367804597 0.0750211630015596 0.076955645220343 -0.253139799248882
0.0268548243848206 0.0936399772301797 -0.05068806871843 -0.347280054290778
0.074858546620348 0.0565322083545486 -0.194503002611284 -0.298151803094969
0.091599394374232 0.00481066680036836 -0.243803443503561 -0.175179053919066
0.0876004296560058 -0.0238236377998867 -0.222577937235655 -0.0646049618868994
0.113109787860583 -0.0403226407410191 -0.198637435915954 0.0140617828813244
0.134305207102731 -0.00438907490009425 -0.174168762437328 0.057186564456735
0.140659882955479 0.0398328034835529 -0.141443624749751 0.104057283801345
0.107330350603041 0.109356281644221 -0.156457505514029 0.162440692905024
0.0668503352613877 0.127267540245619 -0.207677212208558 0.181449332951965
0.00509347321204559 0.15145773170865 -0.190067738634568 0.223482869463482
-0.0469594072681106 0.18541134042187 -0.161440584075768 0.242813334126448
-0.192807253741024 0.197368751211559 -0.240811767353959 0.0720653843680785
-0.159969811793155 0.141499271395289 0.00786817331789061 0.0162909791169569
-0.106481713787125 0.17713265388943 0.143731345797086 -0.181407786248093
-0.0588518022877974 0.208946131023411 0.103795849818685 -0.280718608578174
0.0644459159939571 0.196926258223338 -0.0409264365157899 -0.348056381379819
0.137449830926685 0.133297789584117 -0.161948050364232 -0.283206428684805
0.175108088497386 0.0569519535349854 -0.199928906511981 -0.167833255830005
0.170239129723197 -0.00180985879807597 -0.173162486598797 -0.0634149048963278
0.199042753585065 -0.0215675267917255 -0.143077567448388 0.011880594748306
0.209867131218356 0.0361926839769748 -0.111091284584877 0.0601952766757854
0.212515793719916 0.0913687436474594 -0.0892142773463149 0.121608527597396
0.161818088721438 0.203563384400603 -0.124489163551531 0.180905508753521
0.0764186626373235 0.251567577308857 -0.197080261092405 0.178689295160441
-0.0568482699489908 0.259951847939207 -0.171484298888556 0.177890702026476
-0.154621685688283 0.275420620501551 -0.11321039969822 0.174730895423329
-0.294951099175161 0.257081800563045 -0.125787966377371 0.00196786870124328
-0.259579310884006 0.238513547360594 0.107533792439371 -0.0308335323092024
-0.156114612777777 0.312311258863121 0.207816743288263 -0.223269540138833
-0.0462633018116739 0.332268346433575 0.133542272561668 -0.302028852716689
0.115813027394459 0.27452785605322 -0.0242542142842157 -0.326668622126425
0.192531857671241 0.184694891035273 -0.110265239547275 -0.244572125424887
0.238576975550835 0.0948824140377594 -0.130842858938355 -0.142664147543112
0.227236445453836 0.0191704375368815 -0.0985741767681873 -0.0541172335788573
0.252730179017403 0.00202370089228023 -0.065917132170912 0.0131771713002993
0.251836474337366 0.076916467158975 -0.0301072230029567 0.0642150772563084
0.245464170314081 0.136960830471049 -0.0226593236340318 0.140492011743451
0.18005254880764 0.268658601599599 -0.086303675448241 0.196330905104184
0.0681348310395621 0.334416420814069 -0.181291942127014 0.171505058863096
-0.113432349249239 0.325644876544296 -0.152961474941761 0.117204987243245
-0.242222565169231 0.318966384896175 -0.0479631937068401 0.0829814013882184
-0.345896314393732 0.280457256334679 0.00397156927931153 -0.079591292585023
-0.309846686954612 0.306075277205974 0.206287646362365 -0.097976121423838
-0.171553435863121 0.405737290880113 0.259152744835584 -0.254916690533992
-0.0148837893427591 0.408270280425955 0.159684088191379 -0.301501391717257
0.160668257153454 0.307642285023437 0.00891022714403616 -0.278593252373816
0.225291235531063 0.201446703661637 -0.0378939288868153 -0.19049918143632
0.267704099505931 0.112586475471815 -0.0423662348214492 -0.108437869328455
0.249513881122541 0.0373249226286085 -0.0119232169862786 -0.0371740336722972
0.266492936368753 0.0313736437426891 0.0216581331586953 0.0234676498393602
0.250465337607532 0.118645184113687 0.0553802791903432 0.0800113566638921
0.231158080965443 0.175958817255902 0.0415327591593994 0.166643941168985
0.150810897707801 0.306269049576585 -0.0526870402463086 0.208352676588148
0.0288385152016732 0.370034996811504 -0.162934190746426 0.155711528066437
-0.170830473163094 0.336601738086679 -0.128100665693687 0.0510006065308508
-0.303446110897677 0.307114198720507 0.0314456887478209 -0.0125995801174218
-0.334315425380156 0.25648101930585 0.119317164973618 -0.163214834391554
-0.302890831818962 0.31358915102533 0.277423520434451 -0.173909570373123
-0.152359365401096 0.416676023518641 0.278733565934803 -0.269518452270562
0.0162186715163484 0.40230071355853 0.17550181892739 -0.274286299559753
0.173643681127899 0.282769292942591 0.0544978444180572 -0.213331714277574
0.218495755124462 0.18292611695924 0.0470744331433693 -0.131063533176362
0.252841245992215 0.110214522960343 0.052189543688445 -0.0736473948452564
0.233396371870688 0.0486062127535781 0.075458115354058 -0.0137959927435697
0.240386874483608 0.0580505720793493 0.105523164214629 0.0483464554149374
0.212923355415808 0.147855804422021 0.128973884895024 0.112838333893645
0.177310054040501 0.198222128706362 0.0870715205441766 0.203260770964148
0.0852903164776777 0.304581063050871 -0.0320848839886106 0.220119618922945
-0.0314032506301394 0.350750880283189 -0.139378810050475 0.136382837989997
-0.21593552503547 0.294087545717679 -0.0883338039362602 -0.0046390930847466
-0.326954004332143 0.244897645700412 0.121225926475446 -0.0904619979406774
-0.266636044424499 0.182651221526321 0.196931342329062 -0.231826268003927
-0.240774642766065 0.25427315051334 0.303689370421785 -0.241432126965877
-0.109515070678409 0.338085418030479 0.268637944119193 -0.260166407444732
0.0294202664108529 0.311399524525389 0.180352402151469 -0.229782181636133
0.141857721245191 0.210044915825354 0.103614721178521 -0.148171697292457
0.167573220077489 0.138872611242181 0.124944912458536 -0.0828172128350224
0.194269770070554 0.0940022381286455 0.134964195092935 -0.0451038093799462
0.18087662806094 0.051942172570473 0.14809664555578 0.0120512427721064
0.180809014233905 0.0703451410070236 0.173001874910197 0.0847427631104253
0.148804837639315 0.146074985106265 0.176228565629486 0.160865536508746
0.108498609742039 0.183034379010452 0.10518576205571 0.248018510464257
0.0193956087330806 0.257059801690344 -0.0263525774215142 0.230471271984586
-0.0781310946553572 0.282840550238361 -0.112875275730414 0.120724656547907
-0.226582424273889 0.213738345478597 -0.0361520736096509 -0.0371851542042655
-0.300747320879602 0.149467931572288 0.211894926867882 -0.138997639007587
-0.162279411046421 0.0675246477179934 0.227190383820816 -0.269726619125545
-0.152021452026221 0.138874825955814 0.289751971897578 -0.276860141229445
-0.064472905663093 0.19319430056406 0.242837242612409 -0.232216585231444
0.0125236345257297 0.168691996082873 0.178551864685116 -0.185735282879692
0.0678294724638663 0.115584258524794 0.142335381392257 -0.102985497252561
0.0810348978911863 0.0864137484666503 0.177969221509852 -0.053832629822943
0.100722767375574 0.0720559867933141 0.190477974988762 -0.025086648497459
0.100499012397948 0.0468733346655969 0.196393948375951 0.0353583491838949
0.0998962385333367 0.0604430418258076 0.216776117008175 0.121954175659517
0.0782474522180161 0.105660692396722 0.194448944604638 0.209692723281672
0.0512109999147677 0.124595810743419 0.0980275838997492 0.286916337975998
-0.0111988252858044 0.170279476740026 -0.0306253626743048 0.238172897905855
-0.0829267564894345 0.183671666977763 -0.0862655352636545 0.116633892324678
-0.18848679320261 0.119928310473687 0.0142968923643828 -0.0416486006803483
-0.22459771184465 0.0446453792897728 0.287383325041455 -0.153889870788077
0.0785828891861748 0.0105082842149746 -0.305660433714209 0.234202488318572
0.0633163382637341 -0.0626235307755317 -0.0659083587109816 0.10485285914124
0.0230487992111967 -0.086547399949461 0.0526801342923498 -0.110603749635849
-0.0208990569102335 -0.0482636636507425 0.0184443078372899 -0.241218643942505
-0.00539794896003818 -0.0204836769323212 -0.126124978266053 -0.313206863311067
-0.00274949396282215 -0.0332455501603135 -0.263859297232008 -0.233456809590847
-0.016887542582793 -0.0472886018348953 -0.285283401598504 -0.10600882098223
-0.0179601374615368 -0.0386631483439576 -0.244805212933002 -0.0113651928483957
-0.00480454678633582 -0.0541341498307437 -0.214046076315797 0.055576873933456
0.0275318180189666 -0.0533037407910436 -0.195663898227972 0.0919318296702909
0.0432058769199149 -0.0361138265466732 -0.151875481731214 0.122293634869564
0.0462269159824695 -0.0231187591298676 -0.148364977560346 0.179372350351049
0.0612020645167725 -0.0344400142034783 -0.183999562629696 0.219959473254273
0.0872462636371364 0.00523539535538521 -0.170521107400426 0.278031707947571
0.0862861386151628 0.0534912138482135 -0.13891622114243 0.300225753981322
-0.0365385074953836 0.134058734518476 -0.286109251528251 0.178924719826664
-0.0287038253317181 0.0542023129223135 -0.0494868545140526 0.0607785619932761
-0.0242720148556532 0.0478312090595869 0.0634286286846653 -0.156425675981642
-0.0233008559334679 0.0797802353535567 0.0268730687729532 -0.269179978304341
0.0432486142031025 0.0799559596073634 -0.122537809139235 -0.331870961191315
0.0776117261165668 0.0370525661551718 -0.25067239723493 -0.248926214382889
0.0878191929146545 -0.014717567080583 -0.27665950628756 -0.123067228139061
0.0786358367927791 -0.0371254962676584 -0.22893793360897 -0.0215677504374238
0.103008141417381 -0.0609462970119292 -0.191577464199268 0.0506329923148855
0.133641330826327 -0.0295273537144263 -0.164815621582935 0.0895588683666363
0.147030522873571 0.0118905034303551 -0.124181478124149 0.128369760088014
0.133697414942052 0.087872464513429 -0.130362914880109 0.185134172382481
0.0942315956342004 0.115165668676568 -0.175083721010414 0.212731061884267
0.0373233434956801 0.149802776066916 -0.1478585255283 0.252165989298143
-0.0113247438334724 0.19279338687132 -0.116106933129129 0.267945389025575
-0.148402442895035 0.242431738228559 -0.219522458847489 0.100752700332614
-0.125017547417497 0.176713282496297 0.0105938602955699 0.00428319189650786
-0.0666084185155619 0.194952918485178 0.101295996414854 -0.213880806585862
-0.01011802665894 0.214682687999781 0.0422064019593672 -0.305126698787046
0.100802596958515 0.172693664585195 -0.117040147578431 -0.332464562149079
0.154845679864393 0.0989106165923505 -0.21795963365044 -0.240015361388626
0.183754834166732 0.0182959501168981 -0.234489422264621 -0.124200028716736
0.1638837223261 -0.0314971138894651 -0.180416820822374 -0.0289371380249385
0.19151918131959 -0.0611499047776074 -0.137110051160059 0.0389426228521161
0.217965179955038 -0.00648604249542376 -0.103367156173188 0.0810909965459488
0.227717371339728 0.0480512198666002 -0.0703401700352111 0.136807680004717
0.207143909307957 0.170466741762016 -0.097041529887033 0.195487168640109
0.128521764747255 0.234425366170669 -0.163249965487396 0.20575949949311
-0.00342243785954817 0.268446350062309 -0.133674391789108 0.205958493262646
-0.101488458883378 0.302927422435307 -0.0753367669686176 0.193635843683465
-0.233666422869032 0.319271910802253 -0.120136365812782 0.00548692198934464
-0.199247968107932 0.290208454228597 0.0963173273371544 -0.0680939381064575
-0.085922613860829 0.335786066933666 0.150588701735237 -0.271989550384739
0.0292122363065803 0.332793662063068 0.0618396395483936 -0.334422421650173
0.166617539003728 0.23905277111604 -0.0984475096797548 -0.312644881086928
0.21972278122441 0.138460987912761 -0.1614191546892 -0.212457563527919
0.254673511799315 0.0409273073704737 -0.163639133496001 -0.113469629503241
0.223529133820722 -0.0227339054691486 -0.105793603310215 -0.0326352905106636
0.249217567956266 -0.0491298780079601 -0.0608211971195124 0.0262054363481303
0.267562304236204 0.0245951389252168 -0.0223156824612025 0.0707780705738164
0.268915759496211 0.0852744883504639 -0.00164734940128267 0.144256121723201
0.238986819740834 0.229972744008537 -0.0570396222551624 0.203938010002931
0.13634575398948 0.317419040406325 -0.147687896201521 0.193653606332983
-0.0464108713405337 0.345384535772751 -0.122751746702895 0.14307111539324
-0.180493960537577 0.362606569851123 -0.0232888135064375 0.0942494449794818
-0.275652722889192 0.350758598055052 -0.0100527201906434 -0.101287879785196
-0.233292336215361 0.363541462397736 0.177413210217582 -0.155722766799958
-0.0802628629146795 0.42870432247483 0.189243287756057 -0.316138278420151
0.076400660442587 0.3991888190373 0.0837786195539361 -0.338889065164266
0.21668608883648 0.262273403450061 -0.0585547869032017 -0.270414937594857
0.256545132470297 0.14860330413272 -0.0804010588590466 -0.172739014823682
0.289424734496623 0.0510610550504829 -0.0720697561472484 -0.0973629653491716
0.248882509259758 -0.0107660110367782 -0.017411664594238 -0.0313685555335218
0.269155410479983 -0.0244549581910384 0.0267105236003236 0.0213948847865042
0.275617837237028 0.0647755227082858 0.0643420857427759 0.0702349517608126
0.264096126963667 0.126600361907373 0.0655775669132746 0.157141099280898
0.216937159147232 0.273306178081952 -0.0208557038294854 0.20998948907812
0.103924121864816 0.358972897485666 -0.129653632986597 0.174988545180803
-0.102315890547333 0.366460337292253 -0.107643735852298 0.0752461055919497
-0.243923771711876 0.361831394231093 0.04016125961977 -0.0109257124446153
-0.267064825961685 0.32164182281168 0.0859264693131345 -0.204711013869107
-0.22185912266683 0.365064690481426 0.230138359195801 -0.244136221433435
-0.0590929743248279 0.433680288477657 0.204252698683126 -0.332977589741485
0.105424827729851 0.385319148590588 0.102635428694948 -0.313838212781231
0.225131680247964 0.235771307222559 0.00128009316289637 -0.214731338564262
0.248345082295656 0.131221324833368 0.0143892268068836 -0.13298926675309
0.276161695914872 0.0510354128255322 0.0274501364278662 -0.0824582945347971
0.236106482615209 0.00194087337160091 0.0720378408094456 -0.0246882905665707
0.24982881280091 0.0072097889644524 0.113859395953926 0.0308490251348749
0.244072633409121 0.100232225991184 0.142835272510172 0.0893196975571323
0.214991882505021 0.158196889837423 0.117693758457088 0.184703194596331
0.15163350954312 0.286160750387725 0.00326935864382944 0.217568100832618
0.0405919022854251 0.350798128101695 -0.109513477681804 0.153233609485473
-0.15536727251585 0.332318890028757 -0.0784652704115632 0.0143732301913043
-0.278837906291092 0.304131726473168 0.114903717715563 -0.102083943603835
-0.217122297345937 0.231278905275338 0.149571820527911 -0.281978380770745
-0.176472841573191 0.291485342038196 0.243848444328717 -0.311250655615314
-0.0337739098985371 0.346393914568114 0.198037254695008 -0.318793299767943
0.0972468051693722 0.294020545168713 0.1190964615935 -0.267933997115383
0.179731585844749 0.171398369787622 0.0656409009698604 -0.161208689187155
0.191078017465928 0.0977734260036717 0.101920192838295 -0.102608659605679
0.214507012546672 0.0474845057448986 0.115705886138505 -0.0704727233278626
0.185774824305212 0.0153838792467702 0.147524180856726 -0.0134370290822271
0.194144065421152 0.0307688117222297 0.186055530918501 0.0548878065864272
0.180896284396389 0.111298733027871 0.198949237548556 0.127584565388492
0.145159303086054 0.15702798553658 0.144043498965221 0.225030502992463
0.0766681592550103 0.251451456379395 0.0113355587293104 0.227983488847771
-0.0207637763493317 0.292268598203057 -0.0854447365479119 0.135565820355828
-0.1823083303376 0.253891817515273 -0.0341739064638189 -0.0258910356366018
-0.270822796970246 0.202985661017635 0.192838558247931 -0.163640305355018
-0.140558092771489 0.0944715820756286 0.172698241941052 -0.318066634663367
-0.11558105541455 0.158157244585112 0.227058574849548 -0.337333554355483
-0.0221034104132959 0.194275472683331 0.184037984313819 -0.281168297490303
0.0505025475452786 0.157949829658916 0.132420862469917 -0.222480360572718
0.0905037551163242 0.0944680794731157 0.116164922617901 -0.127740166088287
0.0978009844215984 0.0637062763828032 0.161006304979516 -0.0870726052206508
0.117244954312205 0.0463740309047473 0.177050104879565 -0.0623896274756654
0.107567210944674 0.0253164494446873 0.198310155048566 -0.00023061540345138
0.112734407491412 0.0371807696079473 0.235459096185003 0.0836933921437297
0.102269478705177 0.0856552312000387 0.22656541732289 0.17266755873006
0.0776193148500265 0.111142493728082 0.145353653219659 0.265169420221336
0.0272740848153886 0.171106528626043 0.00879174823239869 0.238147079374902
-0.0448486378219133 0.194671568509581 -0.0610216925712325 0.128943893662814
-0.161618826103574 0.152949216537664 0.0117287205279193 -0.0389490618504165
-0.214794731811728 0.0843657793231103 0.260601035496816 -0.191641526838846
0.0756588636640978 0.00414897443915178 -0.279938560083709 0.250197100621117
0.0580741334322654 -0.0623853516163106 -0.0551791144708162 0.105558662795652
0.0174593749377499 -0.0831386554023952 0.046203355995158 -0.113976281953796
-0.0218038298903185 -0.0447250968186994 0.00267533051863707 -0.240227436096214
-0.00378654162739487 -0.0206374807196978 -0.146698418341742 -0.298271187879192
-0.00396133452141785 -0.0315248493012881 -0.27565792709783 -0.206707429093323
-0.0198133151090471 -0.0444289389552868 -0.28730822448732 -0.082094548893884
-0.0189335466472708 -0.0359113339667543 -0.241509195490528 0.00579147919656945
-0.00784400173556952 -0.0521329743622533 -0.204599179056052 0.0713100951855951
0.0226727430578436 -0.0546897436877932 -0.184416550615092 0.105916048711802
0.0404765096492341 -0.0395789216265613 -0.140875319975332 0.131193620363387
0.0448081281803106 -0.0260227987213757 -0.131779455706801 0.186107741839778
0.0574646943777287 -0.0365576556508964 -0.165102062132186 0.228487697065569
0.0852550860052188 -0.00114742675414508 -0.148395962466987 0.284284240217323
0.086234932843371 0.0444599008067176 -0.115800903737629 0.306581281099814
-0.0263541385082581 0.134993122727187 -0.264151228923569 0.192925170244049
-0.0235374372958578 0.0586918364459255 -0.0415406164665378 0.0615201667984049
-0.0186845656702022 0.0514024853999862 0.0538333235435622 -0.158749007706552
-0.014644420504993 0.0825677357098258 0.0106064682198485 -0.267984692175002
0.0516105389005559 0.0751013584472517 -0.143447279986511 -0.315807847400985
0.0808055447599085 0.0304660191967209 -0.263521917760043 -0.223639971600717
0.0853189350650435 -0.0214755009219654 -0.279561663345476 -0.0989836660565658
0.0755000190000024 -0.0422379334824862 -0.225695626404901 -0.00588500955660015
0.0960565873120593 -0.0671388861262797 -0.181766056604129 0.0639650824833034
0.129291683271898 -0.0395779669215506 -0.154131264151261 0.101080968578287
0.145120692187518 0.000246057627521251 -0.112589662312234 0.13598268336886
0.139146301653397 0.0766547061857243 -0.112873688819883 0.190297592696694
0.101873146331445 0.106869053080691 -0.156077711026243 0.221138664023382
0.0473860383787876 0.144540546989457 -0.128032028115298 0.258629371624779
0.00195109989167888 0.189074909800266 -0.0949138291071611 0.274232412236796
-0.125626961307191 0.249331925110341 -0.204491328751417 0.111627001088964
-0.109210794475743 0.18534384571205 0.0132025262064829 0.00266684481575892
-0.0504373098645949 0.198709940070663 0.0884258294846259 -0.216801124959919
0.00820463419811262 0.214329383037021 0.023592361876461 -0.304002598386203
0.114477157397708 0.162329786904725 -0.136254579759067 -0.316845400242528
0.161779857556663 0.0856087665478218 -0.230236171439571 -0.218850466788168
0.18122616149378 0.00273913462887113 -0.238116861647774 -0.103250773377379
0.158507191894717 -0.0434635208134611 -0.177998828271364 -0.0175743071449182
0.181933356729541 -0.0745644034641873 -0.12913297723681 0.0482471015878517
0.214448239523697 -0.0238477313668467 -0.0936729573371668 0.0881389842100009
0.226564631302073 0.0300942894700443 -0.0576076696595826 0.140319000481944
0.217446496007371 0.151021909519647 -0.0789720602344068 0.199850323054593
0.143240647120398 0.221033990639385 -0.143154227599212 0.214766080669555
0.0174081879990134 0.264898250623994 -0.116347916325506 0.211172967184056
-0.0768196440097027 0.30479345628315 -0.0598994342062945 0.198880200530411
-0.201609435946532 0.330894268368559 -0.113602689500093 0.00968655806667696
-0.173522761285143 0.301115670016945 0.0915424064330295 -0.0743282661125464
-0.0598890191174634 0.33702615255891 0.131871718310227 -0.27585078199563
0.0559193538364993 0.328187833760331 0.0414643356525256 -0.334659263370518
0.182088202286549 0.22239029319901 -0.116247738403855 -0.297470035535158
0.228567875772188 0.119416694223746 -0.172722008055873 -0.196220151322426
0.253268228213956 0.0184875288524162 -0.167005371687787 -0.0972057544610523
0.217736439302983 -0.0392105302859237 -0.104778822394249 -0.0265512768237334
0.23922105756872 -0.0668878416112417 -0.0549619451042836 0.0299856159360052
0.265311041558704 0.00239618613054073 -0.0159156400338694 0.071414208364089
0.269982125137402 0.0635924905934004 0.0101892589466273 0.141809417300367
0.254716451378792 0.20737412182494 -0.0396318629505832 0.205064109373064
0.158157886083751 0.301014384473807 -0.128472594370477 0.202168564561198
-0.0193568077844036 0.343340269250134 -0.10938287369909 0.14941228144863
-0.148367850448499 0.369081376054332 -0.0159658460959986 0.0977895870980317
-0.24017710872272 0.364413358751402 -0.0139252770913033 -0.103683022986035
-0.20069788084785 0.375007783440712 0.164903925150727 -0.165680384335027
-0.0474000487575419 0.425585171865854 0.166734636222488 -0.321286564458826
0.10659937139604 0.389885538913122 0.0616039915096946 -0.33941603875923
0.232824507658278 0.241918917809256 -0.0726427280752982 -0.259093921076572
0.263595672693976 0.125966412751215 -0.0892603429666728 -0.164344467329247
0.286455415141803 0.0248061974148439 -0.0750301571133089 -0.0882112876339838
0.242372822023846 -0.0296433135038344 -0.0175338079598527 -0.0312681357350719
0.259969388817154 -0.044199803079043 0.0301155340737569 0.019055295200609
0.276216593336756 0.0405203515027833 0.0694086687473094 0.0642978592177367
0.267173894777601 0.104229654918127 0.0769529376654494 0.14998422168283
0.236289430453921 0.251455664480587 -0.00237034124664203 0.207677176128389
0.129609620116835 0.343860570786253 -0.111940516956843 0.182403522090754
-0.0711218410887142 0.367848461999397 -0.09971926884 0.0815674654883284
-0.209126930302561 0.374104995150427 0.0386426496033472 -0.010525189803722
-0.233581903626465 0.336242962762539 0.0725809807277519 -0.211448291180574
-0.190296453335868 0.374975131143539 0.209465217599918 -0.25624261882088
-0.0267957316707923 0.428528814482437 0.179607031068696 -0.338986685332757
0.132195086074054 0.372945444262078 0.082488897031687 -0.31615026822873
0.237498645774523 0.214124991401024 -0.00999655004539411 -0.208978477106287
0.25290424405383 0.10995569851786 0.00638803611510185 -0.133029871764562
0.273547347549736 0.0265861075884197 0.0233771200059778 -0.0807660752380412
0.229774500040048 -0.0154585238032852 0.0705942298346127 -0.0304957275469639
0.242738742989122 -0.0131600847057988 0.114767120694007 0.022510713499067
0.248530734360643 0.0782524442648554 0.147003755733975 0.076126702950424
0.223295291888857 0.139855634312365 0.13093469388476 0.17259852218265
0.173481379178608 0.268614922039865 0.020732797734082 0.214227045955687
0.0664897171246267 0.340139952028862 -0.0929609900270664 0.159657387030355
-0.12671417255244 0.338129023901371 -0.075289436154826 0.0203742808609163
-0.246441225016343 0.319840787877319 0.10435421982678 -0.105715212390375
-0.191253423929061 0.243058537353354 0.128735878628114 -0.291577966622909
-0.150133211825211 0.298960270820992 0.217789621328106 -0.323257454819666
-0.00919103186918058 0.340374120542259 0.174000319034638 -0.324880404916581
0.117741091614939 0.283386172741618 0.100476699224526 -0.272630140482639
0.187993461958993 0.155308823526559 0.0559509571854138 -0.162638588374708
0.193887192854463 0.0818492187285774 0.0946890423023181 -0.110521988153757
0.213315119897818 0.0283950365905647 0.110127191884391 -0.0771056912470683
0.181582876920263 0.00112812877376007 0.145447850476681 -0.0249461040367952
0.190367076216468 0.0150020687427103 0.187474944140599 0.0400499160372929
0.186920977106534 0.0942044327928722 0.204289104105143 0.109277503862038
0.153446150158166 0.143338950008474 0.158906138245142 0.21006229033638
0.0962293430118396 0.2403581453007 0.0290550059836806 0.224669061410675
0.00164175392792491 0.286152308475049 -0.0713280479260095 0.140978108899414
-0.158139937413407 0.261597812145714 -0.0349090430377344 -0.022282964526336
-0.24716771290895 0.219753124124014 0.176201795652822 -0.172049074602893
-0.127626365391687 0.103081988310158 0.148727279181984 -0.327211361442228
-0.100163613558449 0.162424872287014 0.197839894226312 -0.347894656657699
-0.00821401495515844 0.190516436772663 0.162657144339166 -0.287739016112835
0.0607914492065504 0.152254849018249 0.11495516645607 -0.229215869939995
0.0942452781513457 0.0856314151256583 0.107239838752066 -0.133645405810265
0.0988247986508502 0.0554400454263733 0.153224014157152 -0.100246081251215
0.117836121273775 0.0356217388220877 0.169754735637137 -0.0741141675815819
0.106237638811864 0.0163817841594579 0.195763989136426 -0.0142811212446759
0.111124512794686 0.0273238220665555 0.236937345290304 0.0659815107476219
0.107060473438963 0.0750142664508455 0.233974367448761 0.1521608081829
0.0838168497712511 0.103369483817654 0.162280720639277 0.250059000766318
0.0402147537444013 0.16529958330809 0.0262997145263824 0.234539253669313
-0.0305178781323286 0.193191699221892 -0.0489041954819157 0.133004848926035
-0.146097068767857 0.160437006573107 0.00879684064483034 -0.037807435754277
-0.201603414129457 0.0989581074288978 0.239892066722892 -0.204934787553871
0.0718324815329124 9.56819359681435E-05 -0.260077848250446 0.257046108436265
0.0546000924914401 -0.0629062170179677 -0.0481954409469642 0.105159314653837
0.0147902624919113 -0.0798199121135613 0.0421455980572668 -0.115624292975813
-0.0215017224623243 -0.0422314057019016 -0.00768791078937265 -0.239752239158512
-0.00279234553324988 -0.0210579401014179 -0.158696244889718 -0.285857613998652
-0.00401931801942826 -0.030778442225047 -0.281497262446721 -0.187236252056833
-0.0216014783659299 -0.0418829581909941 -0.286111776075603 -0.0666001097540812
-0.0189745188052612 -0.0344571598666795 -0.238779767500788 0.016311477587124
-0.00957836988791598 -0.0496858441475745 -0.19636662050552 0.0800494447471107
0.019425253479737 -0.0547735828125685 -0.175864892916256 0.114829576745461
0.0375653757578732 -0.0410153230092584 -0.133095468527022 0.136529181192332
0.0435229308821162 -0.0273671735868095 -0.120692778470368 0.187740034380901
0.0547428290041729 -0.037077820027901 -0.153304426376243 0.233371938873895
0.0830666568980001 -0.00527337826460506 -0.133313747680758 0.286430665454589
0.0843819684286767 0.0384279131396332 -0.100276511250428 0.309686230941433
-0.0199538268437512 0.134297997921762 -0.247047073751122 0.199197281740253
-0.0201572496536351 0.0613529020582655 -0.0366681166778771 0.0618260673464662
-0.0146286126961517 0.0543157101790705 0.0485367637390659 -0.159381745864336
-0.00732589134321208 0.0839599221184556 -3.89331907463893E-05 -0.267898493352757
0.0570825576535869 0.0709398521960465 -0.15484236243112 -0.303776403974479
0.0836058300399067 0.0256156529723956 -0.269372781681672 -0.205115806727789
0.0827055143870388 -0.0253881357811414 -0.277608390456888 -0.0816214157461214
0.0732221575478356 -0.0457748037780025 -0.222872800587814 0.00312095049479693
0.0907508368272848 -0.0704283237150034 -0.174053944798604 0.0718935392343877
0.125703108291615 -0.0458559438188278 -0.145679705591941 0.108399803650794
0.142181238283341 -0.00723594767976677 -0.103323888737459 0.139795747478836
0.142061531849827 0.0679159087660979 -0.101256363803938 0.192301387982554
0.105286791399594 0.101135053553164 -0.143073443803581 0.22560805503271
0.0535337035138997 0.140138713908245 -0.114541709514602 0.260192311138241
0.0101538178692173 0.184841271530853 -0.0810605595347609 0.276875328223821
-0.110494134818781 0.25118438473004 -0.192475694155914 0.115875830298426
-0.0973723018744598 0.189517990384015 0.0148081449107612 0.000689387182274439
-0.0390983304360351 0.199693591765775 0.0799113236537294 -0.217283134600539
0.0218797411164047 0.213876385841357 0.0126931748678251 -0.303770503137248
0.122874799478984 0.154142455972291 -0.146795418799155 -0.30465695644795
0.166003888818588 0.076248364823928 -0.235701033041091 -0.203717305040378
0.178084714340696 -0.00801942043730194 -0.236660633067619 -0.0880540169041591
0.154483992918537 -0.0510959555471592 -0.176063134973166 -0.0103518211031323
0.174457906341603 -0.0823640779186363 -0.122974037827508 0.0530270456104674
0.210317001189066 -0.0356421771880859 -0.0869577650581228 0.0918187937610091
0.22459757585581 0.0177252036781232 -0.0499311681243105 0.141514415275902
0.222923142804091 0.136636334831497 -0.0671181082483247 0.199705637541891
0.15276184611613 0.210833392112413 -0.129571204684902 0.21863354154209
0.0308475365289003 0.260653200010321 -0.10486955839768 0.213571736110765
-0.0606883403913182 0.302603632387377 -0.0495005604018393 0.20117227619453
-0.179329449419157 0.334749667582535 -0.109345152291205 0.0108662200197394
-0.154410375869488 0.306776866109764 0.0879824791355893 -0.0776005989544222
-0.042385317921604 0.336444169605605 0.121215825721196 -0.276384365158952
0.0736894934858975 0.324093998844748 0.0296050273070166 -0.33376353820887
0.192529075912645 0.210518098907231 -0.124778370966296 -0.287318487991196
0.232745114357429 0.106023331295928 -0.177526864185694 -0.185516565923427
0.248801926754942 0.00382105216584911 -0.166299947283253 -0.0858517066646266
0.211643757394871 -0.0499778046366305 -0.10348017264398 -0.0234018354544748
0.229916006524394 -0.0780351677461177 -0.0509406617258407 0.0316201867102728
0.262065926430479 -0.0128194313850055 -0.0111671310150182 0.0714186780700607
0.268854513739432 0.0489370644890408 0.0185215978230091 0.139434991954702
0.263136051466808 0.190820085619448 -0.0272422460336334 0.203654259590525
0.170999624040685 0.288076828020086 -0.114330799399559 0.206026454922619
-0.00101248825907211 0.339033995539024 -0.100714517267834 0.152887902880259
-0.125896882180195 0.370843911512737 -0.010886850240406 0.0995297591638583
-0.213979480953576 0.368583375692669 -0.0162063403690456 -0.105032329028651
-0.178295628086009 0.380480890195259 0.155421997083229 -0.170750665972843
-0.0267057356961105 0.421666564105582 0.152792601662319 -0.322731875298597
0.127038600886657 0.381189595808431 0.0485433482346948 -0.339978104083741
0.242023559580566 0.226693242349813 -0.0801865993794926 -0.251223416629808
0.26752793713576 0.110753543197139 -0.0943477369521626 -0.158329018153858
0.281600077971945 0.00746335981417032 -0.0750962580311424 -0.0815918170164239
0.237231901395821 -0.041758120269668 -0.017817139473084 -0.0322974248911155
0.25058048615213 -0.0568487251280935 0.0324279589545211 0.0162068778613034
0.275175034502685 0.0237148940604038 0.0714994394890947 0.0593230532166571
0.268600104636912 0.0898912441537005 0.0850096169622445 0.143197761684844
0.24698864657103 0.234405782905156 0.00934702638264241 0.205672076409094
0.144842095356884 0.331098672681392 -0.0984551996584893 0.185328079753458
-0.0496802220307123 0.366089067856375 -0.0942939770125865 0.0852108923887462
-0.185004138011703 0.378446119335073 0.0370115377907346 -0.009374601129291
-0.20886681042529 0.33974703426438 0.0625371875352768 -0.214735923667437
-0.166457758662934 0.378787143887999 0.194761206104773 -0.261928564140054
-0.00640371080570406 0.422570957430524 0.164321550142765 -0.340784120395124
0.15123725900888 0.363085445143901 0.069447206467178 -0.3172539279175
0.244242197350574 0.199979820755492 -0.0158866463519817 -0.205388858518998
0.255194410634045 0.0954800259655697 0.00177961658202624 -0.133004201173366
0.268884733755768 0.0101806136716791 0.0218373387990429 -0.0791829963177497
0.225230947638565 -0.0271890308551702 0.0696014955313849 -0.0355485690150852
0.235804944744373 -0.0245656359839901 0.115386912385918 0.0156782496165085
0.249893628455216 0.062045555182486 0.147960647555337 0.0664167974975164
0.226253756309995 0.126393456474882 0.138545690765156 0.162942806201281
0.185112070452259 0.255000912551678 0.0330943687120757 0.210731001251187
0.0824041344700285 0.32952110331399 -0.0814339845352598 0.162194171632005
-0.104777349551096 0.338351251969475 -0.0726537815741673 0.0242175098755306
-0.223643905720553 0.326861127552929 0.0971626529823581 -0.106526348436552
-0.172625055450706 0.247338869061818 0.113717322236201 -0.29638108835481
-0.131750549031515 0.300458902299208 0.198487949803728 -0.327906201921752
0.00598981546300064 0.334592082310301 0.158753253049772 -0.326680397795009
0.130543568310716 0.273720778601152 0.0882918092729898 -0.274184265593318
0.191776744763469 0.143201124391658 0.0512780583700796 -0.163108028411885
0.194037446231385 0.0711803830914875 0.0889670450827842 -0.115724986956301
0.209930321499505 0.0150403687681009 0.105770130328002 -0.0799893174121983
0.178931352701553 -0.00837498963524414 0.143377726622038 -0.0324941443125892
0.185645457206668 0.00553384615042702 0.187502768319446 0.0299402071134531
0.189549540246228 0.0812373919803236 0.205516437490648 0.0966987183504567
0.158431619581949 0.133312684153981 0.167528992355391 0.198618369380784
0.107861973937518 0.231337402382919 0.0404535295392306 0.220623345286142
0.0157159611958242 0.280268743820664 -0.0610143620658184 0.143120246014859
-0.140675114244048 0.264302800884324 -0.0354622863979009 -0.019830957080645
-0.229236661840383 0.22894329385868 0.164015089054761 -0.175910902242654
-0.117655533603032 0.106462114581073 0.130912238132637 -0.332034331581207
-0.0901979851412493 0.163419856489539 0.177317894904729 -0.351790993690383
-0.000571542302625502 0.187203276286941 0.148188306504156 -0.290759485585649
0.0680263271692332 0.147458903399284 0.102732023388329 -0.231998771540658
0.0958912134505246 0.0789803693731321 0.101529078505178 -0.137763608650196
0.0981481315158643 0.050223751384012 0.146946799333614 -0.108441239852192
0.11719860027673 0.027579483924249 0.163115122238485 -0.0805754185489393
0.104769672965353 0.0112744063805069 0.192922838308655 -0.0234803304208362
0.109439634072166 0.0212841402763367 0.236199939931278 0.0526696544507724
0.109499498769838 0.0678457406229002 0.236143687518124 0.136882483412317
0.087348109067211 0.0972143457910257 0.172369994021323 0.237767584268277
0.048674875093891 0.16042129604216 0.0372435023156276 0.231282998896745
-0.020971741529092 0.189702973791941 -0.0403970091113374 0.134090978328263
-0.134393792984571 0.162755678799378 0.0060872674697733 -0.0372776534231781
-0.190736482428788 0.107267906327543 0.224002824363281 -0.211030939617842
0.0693493597010068 -0.00203792305494154 -0.24791083649137 0.264595878430122
0.0526923872101413 -0.0627876927149912 -0.0430689428465984 0.106762594176061
0.0140595164323059 -0.0786602930142439 0.0393083754423021 -0.120349505730156
-0.0210469918077036 -0.0406702484837719 -0.0157221401262019 -0.242894259626318
-0.00169919216179778 -0.0214108906300429 -0.169782975775402 -0.28105529078611
-0.00317558733335535 -0.0307494204456526 -0.287340904911373 -0.175451588846833
-0.023321867259488 -0.0397200656209505 -0.287890244914439 -0.0549426141715736
-0.0190439409085015 -0.0336216897769979 -0.240510220176504 0.0244147846876454
-0.0102027569916673 -0.0489875171468736 -0.193305997834424 0.0873001547273193
0.0171147691356512 -0.0554164929178039 -0.171001901167602 0.123202170009779
0.0361275399079077 -0.0430580788660078 -0.129171170552873 0.141400327375923
0.0439786966980288 -0.0287648544253341 -0.1143758227588 0.190729656095527
0.0545087802245078 -0.038210930189842 -0.146868192848165 0.2385579405215
0.0811353246449675 -0.00808655985816499 -0.124649303066251 0.291967190063643
0.0830427967192289 0.0346867730062246 -0.0902928833771446 0.315584992036436
-0.0161964329262072 0.135047237075415 -0.237979222216052 0.205311358894333
-0.0171808267872127 0.0639423437859621 -0.0330660024801929 0.062703236598652
-0.0109109107579412 0.0572660842483656 0.0456938385945151 -0.163113782521909
-0.00106364802730289 0.0867899524082969 -0.00767916965146053 -0.271511804452759
0.0620395698259715 0.0681040201600387 -0.165089467642968 -0.29851704580165
0.0874801891657714 0.0223559182819807 -0.275964979535242 -0.194957658201135
0.0818444189602115 -0.0285286579256492 -0.279226648980315 -0.0712514160854823
0.0723362629720147 -0.0489667162743317 -0.224310491594627 0.00961515368331371
0.088924661244656 -0.0735069395802823 -0.170610029083949 0.077313778456359
0.124033915407798 -0.0512131188664428 -0.140445842103121 0.115052504272217
0.142476130823972 -0.0127354850336156 -0.0987640384054569 0.143417636873626
0.145960432808549 0.0630159823943415 -0.0946734251360627 0.194934947461972
0.110192649919539 0.0980605064613637 -0.135884491778004 0.231253220040349
0.0583817824238203 0.138836168061155 -0.105974130081658 0.264904991356843
0.0150584706469844 0.184538206390701 -0.071437657708807 0.281971092903868
-0.100548025277544 0.254451295861331 -0.185715575307324 0.11936201189206
-0.0899782832134067 0.195509692372686 0.0163784929360936 0.000354874798113473
-0.0305151083541359 0.204244798643925 0.0757690648810229 -0.221115800741391
0.0329748472667608 0.216208963433779 0.00425326952079137 -0.308544883039892
0.131190504999051 0.150009388726247 -0.155126394143649 -0.300504517456231
0.172189217059697 0.0696775548951931 -0.241833745666946 -0.194793884987731
0.177407415592225 -0.015870225900318 -0.237110508460632 -0.0779652208676457
0.15343637004858 -0.057792398267069 -0.17731517490957 -0.00670046483583249
0.170856849525104 -0.0888359130361043 -0.119394889292165 0.0566165908458375
0.209237351136086 -0.0447571895509632 -0.0831107538043496 0.0963115053462703
0.224616944097417 0.00991072822967894 -0.0434826616630844 0.143060330549268
0.230105338168521 0.128462748506743 -0.058960493137691 0.201419563104993
0.16181643309225 0.205381012409746 -0.121526304659855 0.224313541492672
0.0408208710804342 0.260111211545579 -0.0982878861642313 0.217771600124901
-0.0497092842215797 0.30452745337987 -0.0422713929308986 0.205787367790243
-0.164926765853641 0.340366697940842 -0.106391322172847 0.0113356294549929
-0.143570800335552 0.314646216178808 0.0869706306826498 -0.0802225327897802
-0.0294752791209586 0.340436111405291 0.115288279998816 -0.281255826701623
0.0895234940738686 0.3241711650423 0.0201975791142422 -0.338324810159029
0.203434122531859 0.20376512729828 -0.132104894869877 -0.283743160958466
0.239664260699394 0.0969321595386223 -0.182638526941281 -0.179263674393028
0.248374185896495 -0.00704842052522263 -0.165353281567309 -0.0782715700144922
0.211071656093109 -0.059272567438668 -0.105147354209618 -0.0221928760412629
0.225664497736188 -0.0864313619718678 -0.0483440150237525 0.0324961556873766
0.262465048894094 -0.02453973920311 -0.00791358597483218 0.0725401470560574
0.271006867734121 0.0393110929416297 0.0249301023529147 0.139062099024455
0.271359949295826 0.180036285390952 -0.0184660221721547 0.204365509296181
0.182250681982779 0.281856968522568 -0.106012502880989 0.211266081775248
0.0132452196196873 0.340051469943631 -0.0964462635354825 0.156311066766355
-0.111562912474923 0.375056678083795 -0.00731497627794222 0.102698090779347
-0.19751321049635 0.375922746193012 -0.0189526549094154 -0.10851904220849
-0.162909572205257 0.386909445061864 0.150538175601834 -0.176073241582804
-0.0114284096375958 0.42548679244395 0.146471768664091 -0.328632444687136
0.144642689924723 0.379503576052742 0.0395954291939045 -0.345345603534546
0.251695838343412 0.218555753261223 -0.0847376553043068 -0.249743110832891
0.274575149391019 0.100566609272733 -0.0984524510375079 -0.156594189427316
0.280473137379828 -0.00482558944812976 -0.0737453092144576 -0.0774369227398082
0.235897238838267 -0.0511445589056929 -0.0183044177580208 -0.0340329726056013
0.24753205524828 -0.0655926663044842 0.0342624614561362 0.0147682042387093
0.276718393652312 0.0113481580167823 0.0736629305400484 0.0564959209701499
0.272637611725319 0.0797147318586981 0.0918808379480151 0.140144326362816
0.258174791330112 0.224296648997287 0.018427537886713 0.20565948026817
0.157739559380737 0.325007590468724 -0.0903889513133734 0.189791534049649
-0.0342599427218855 0.369217501249674 -0.0914298899042407 0.0891416595932177
-0.16949498421271 0.384652924025069 0.0370960566911331 -0.00844617226066185
-0.193439661601147 0.34552317256662 0.0553751545957386 -0.219708415433037
-0.152440340252654 0.3849228700751 0.186735600257441 -0.268979827123541
0.00851960938483791 0.423455677070946 0.156840103990072 -0.346508927744469
0.166956959990443 0.359526682167321 0.0608859237175827 -0.32215799942607
0.252626028798735 0.190933911415104 -0.0190567433165241 -0.206122092781231
0.259575029426786 0.0866168952351219 -0.00154431335183426 -0.135664327505984
0.267434221523027 -0.00215474599045526 0.0226224357822512 -0.0790193500769199
0.224139515159321 -0.0363058803858642 0.0689141466844338 -0.0398783892452933
0.232721792674423 -0.033415791559391 0.117990519422578 0.0109509857944093
0.252882265409974 0.0504592488711132 0.150276319401615 0.0611011041310464
0.231885687568811 0.118188583167439 0.145543005669989 0.158238800067912
0.197049975997808 0.247655177747852 0.0425267876811619 0.21077835028803
0.0943496133656938 0.327328373423376 -0.073498389572833 0.165802752913125
-0.0913693684866803 0.34233414099587 -0.0725764058267427 0.0268654938608472
-0.209204320823804 0.334557353821368 0.0930839259163957 -0.107756585389202
-0.15978537643135 0.252286679335805 0.103683781475418 -0.303278182662827
-0.118991036965488 0.304960707910401 0.187679849953999 -0.335473543440043
0.0181032018221543 0.335249000562251 0.150634242068776 -0.332358708162212
0.142530384676945 0.27038660210346 0.0798654236061496 -0.280111145692191
0.196731432722366 0.136017318268764 0.0487669481999982 -0.166348826144797
0.196915234637918 0.0648326101824026 0.0856789431545893 -0.121918131062468
0.208384736831979 0.0057660406006387 0.105525484796526 -0.0828576077804864
0.178226238047162 -0.0157276388678198 0.143155488132406 -0.0390963228482995
0.184491061415474 -0.00165708437468978 0.1895069489238 0.0236836379603108
0.193210476433242 0.0722393027319105 0.207766026126968 0.0891172234723458
0.163413264469892 0.128169427712398 0.175784008559927 0.19300976899652
0.118272388420636 0.226897418657745 0.0505487990818296 0.220685228042918
0.0248078270673033 0.279415772485698 -0.0546820291886249 0.145182840374146
-0.129348983621727 0.268366633600447 -0.0364007041281419 -0.0182665060927621
-0.218073086532025 0.237338609982256 0.156763456111448 -0.180351931013445
-0.11145091956013 0.110004341724682 0.120131080222192 -0.338861250657612
-0.0823775568959014 0.165328717437341 0.164108582431166 -0.358701249792101
0.00536598428001765 0.186835053265564 0.140047693167438 -0.296124805462903
0.0733685366599335 0.145597506178249 0.0959878849901423 -0.237471110319904
0.0977784176196886 0.075149134665238 0.0989021667682586 -0.142732863721585
0.0992387326257143 0.0470527083374223 0.143743390616734 -0.117232164165149
0.117220647445064 0.0220776505921827 0.161060138501145 -0.0860562466786942
0.105247479339927 0.00699595414292647 0.193497091464074 -0.0311587286149333
0.10870121680292 0.0180545942140535 0.239182607356262 0.0447664416315353
0.112737744068284 0.0621001642770497 0.239547446981192 0.128145796590754
0.0905942102904156 0.0940441037011528 0.181960956943073 0.231631983831134
0.0556158876490514 0.158025509152058 0.0461875627742818 0.231370091592266
-0.0148288841343349 0.189409749943936 -0.0348720363347378 0.135669128623218
-0.126503270317711 0.165895448245144 0.00403909848711117 -0.0370403682471386
-0.184008579760214 0.114008864086057 0.214939899380623 -0.2178021399564
0.067402825372842 -0.00405142576634521 -0.239445610126057 0.278149375208047
0.0514800053841171 -0.0647812091022653 -0.0376387366632399 0.111037064952734
0.013474860725817 -0.079801275739579 0.0367910709232195 -0.126057667400495
-0.0206587468430286 -0.0396269954004169 -0.026346146339321 -0.250596282551363
-0.000231944088295424 -0.023347426958368 -0.185164017796585 -0.280797932780182
-0.00324819288965518 -0.0319282427553714 -0.300274525834114 -0.165888246103479
-0.0247586574270236 -0.0391648635432592 -0.296005736769066 -0.0437517930007264
-0.0196316895621626 -0.0338854410320347 -0.246363475210813 0.0343853253855719
-0.0111788730054998 -0.0495845875900534 -0.193507844738795 0.0973298112732527
0.0149334601796936 -0.0569814869264122 -0.169346894738591 0.134512608358125
0.035043214393099 -0.0461474052738379 -0.127179911825807 0.149829783344768
0.044906969523883 -0.0311443906606892 -0.110992638057019 0.198336281405558
0.0558694241022893 -0.0404175650755165 -0.141768409276961 0.251352757013801
0.0811181641369892 -0.010823045258881 -0.11702524983132 0.303437518320583
0.0834592091407022 0.0320593843440914 -0.0810364000355036 0.329261319198193
-0.0127435671260926 0.139533115809328 -0.231671934363912 0.216886982298193
-0.0148540875566826 0.0678005534615912 -0.0290954702893032 0.0657090110453862
-0.00698368526182505 0.0610620867114791 0.0426646943630313 -0.17035875789739
0.00635088570306423 0.0901971349179374 -0.0180779183126792 -0.280708521769492
0.069196602553766 0.0667600771161637 -0.18044399381088 -0.299221157126793
0.0930711815508189 0.0180257886555923 -0.288963258369481 -0.186823412074289
0.0828678620612566 -0.0329845556193128 -0.285982065080288 -0.0611419607421775
0.0730035267150582 -0.0535754725703653 -0.231222119190634 0.0180579819684192
0.0881350706378882 -0.0785682555593801 -0.171180919650913 0.0855375613503558
0.124881550743952 -0.058277241130349 -0.138643926492694 0.124794685283655
0.144624466710489 -0.0189515748268367 -0.0952975401168224 0.151241388852215
0.153221071561498 0.0582220377697134 -0.0888562809680488 0.202583000570331
0.11799562463161 0.0961014140379018 -0.130481679773398 0.243932121210044
0.064667280795732 0.140514504653711 -0.0990701499812271 0.27583427499516
0.0217990289944451 0.18766148235072 -0.0620606908190549 0.293685021833532
-0.0921947765834999 0.263810401844959 -0.183516196133336 0.125863082082711
-0.0837456365588153 0.205316696241788 0.0190351484430953 0.000675069430492009
-0.0217210732452869 0.212537764239221 0.0718466804043149 -0.230571660295158
0.0476696480477594 0.22182747630826 -0.00707463090225312 -0.318688639468808
0.143929260345644 0.147719085058132 -0.169938447274661 -0.301635222965585
0.18234156829309 0.0621526226992472 -0.254200026456153 -0.189222731544043
0.181115866569592 -0.0241892711690189 -0.241630366092377 -0.0699630578920666
0.155245388692373 -0.0666574297241507 -0.183290630307765 -0.00126802960959187
0.170859083783212 -0.0971969974258098 -0.119049733465726 0.0618807537463261
0.212886630789005 -0.0554202523858698 -0.0796651638769251 0.102743908824583
0.230810144329418 0.000147198903317394 -0.0380497411171161 0.148028827062152
0.24251808706789 0.121116560728317 -0.0512205612011643 0.208586550098153
0.174519828983846 0.203595014549729 -0.114891470779908 0.236178448584228
0.0533395458682391 0.265042115753088 -0.0925462429663808 0.226939475160658
-0.0382249983924292 0.313925105996272 -0.0347692612140545 0.214836276937173
-0.153224675201608 0.353101353006142 -0.107729814910958 0.0132013346092067
-0.133191799518931 0.328563311490774 0.0871339250088852 -0.0846966549246668
-0.0157270187611243 0.351281932543275 0.111303960731876 -0.293581848161774
0.110545755079177 0.330935015283235 0.00892746313330495 -0.350148813031388
0.218595766180926 0.200383062276779 -0.143390182213262 -0.286042528859474
0.252363584553268 0.0882032696496536 -0.192767165403117 -0.176932455345111
0.252598459449958 -0.0193696650411236 -0.167235155207737 -0.0727037284419303
0.213447547729645 -0.0706509710832411 -0.109511271342594 -0.0201859945475871
0.226923247608904 -0.0976565922601037 -0.0473421666023299 0.0339780052935922
0.267568248426854 -0.0381763108567504 -0.00443289695971083 0.0754540312510804
0.2795887921812 0.0283131559698256 0.0320305983391112 0.139974498138694
0.288046823676267 0.172390766519096 -0.00921121454923948 0.210103543160994
0.199597731584097 0.281038094016075 -0.0987544594424875 0.220838080262249
0.028499635898777 0.34763692792517 -0.0930356264155966 0.164952197294053
-0.0983194794448135 0.388659110329793 -0.00324867531145806 0.107721939664171
-0.183454063620125 0.390077225205419 -0.0230431895496129 -0.112028815136551
-0.149489489843951 0.4032340930413 0.147982203439402 -0.185416339418587
0.00653510359474067 0.437126887871042 0.14077970989072 -0.342240229260602
0.167982516975139 0.384312778339612 0.0282584037418587 -0.357398548929417
0.268738849444238 0.212951814544431 -0.0940908621125911 -0.253395403595295
0.287670525196535 0.0904480796343894 -0.105486913908068 -0.158152391353149
0.285751545855684 -0.0183692555726 -0.0735958732516723 -0.0760501374463088
0.238393529037816 -0.0644140017735137 -0.0206579340951086 -0.0361644729645346
0.248706143913442 -0.0770384903627814 0.0370415126921519 0.0122515087214615
0.285234145436423 -0.00243901339697446 0.0774886171580591 0.0557472450756884
0.282918760430139 0.070696309797977 0.101286105592462 0.139430687126601
0.27537269108139 0.218127459392081 0.029846329769527 0.209947891714216
0.175609980774863 0.326651479716142 -0.0836747504907105 0.198065646026153
-0.0185017684231455 0.378759322269271 -0.0903586271492139 0.0949916421956689
-0.155685064255108 0.400540105441018 0.0373479972908089 -0.00794280371782717
-0.179918012722017 0.36068272370763 0.0488930057916422 -0.229599246898152
-0.138063679320372 0.39975548246419 0.179921502102479 -0.281715555682647
0.0269389226802094 0.434772073686858 0.149843981782269 -0.361614490986393
0.188520516545265 0.361807619452731 0.050385885463583 -0.333877965996754
0.266311485440433 0.184421724513273 -0.0248085846009806 -0.211012779812565
0.27098634602038 0.0772259404398417 -0.00664973878361404 -0.141052381306183
0.271467407375832 -0.0154983529865591 0.0243421929588588 -0.0812856937342871
0.227630882688001 -0.048481959553402 0.0688346714295666 -0.0458430149674655
0.235957342047235 -0.0431960282160352 0.12194865184902 0.00582725570144876
0.260774052437263 0.038725214877083 0.155213201528473 0.0571248699420009
0.241777370934112 0.1111248889782 0.157272322751485 0.155688344382168
0.21382994658241 0.244602322102131 0.0535543293242188 0.2138737682076
0.111069969780292 0.330573064005782 -0.0675997708967001 0.172633451282944
-0.0777459069190026 0.352582790128851 -0.0733564876182528 0.0300225925755656
-0.198817093111818 0.350821915237639 0.0901047539327416 -0.112044169598161
-0.150367163280272 0.263656963860512 0.0943945159312141 -0.316201188875302
-0.107947725551268 0.315106170095057 0.17813903919703 -0.351034711061566
0.0321907210206843 0.342099970028846 0.143678595784794 -0.34661803348249
0.157693988015017 0.270580918072922 0.0709705621162271 -0.290568806900322
0.206618181708357 0.130635627741948 0.0458557656338223 -0.173292848335559
0.204513943123436 0.058246700733203 0.0838223453233089 -0.130601789198114
0.211145837087481 -0.00473324783793875 0.107867443227958 -0.0884825366104466
0.181135051437609 -0.0246181160755331 0.145349817040559 -0.0469519717079813
0.187570685764296 -0.00820778221318761 0.196404109243128 0.0152944747701452
0.201034887392266 0.0641424607328462 0.215158121160361 0.082780619727181
0.173053178299916 0.123879011943321 0.188759537996518 0.189633845812145
0.131205228900316 0.227308205428692 0.0624035730361084 0.224130350926227
0.0372236177199822 0.284348777357721 -0.0487019474028421 0.151023745973979
-0.120311371515221 0.278821172405699 -0.0393395856988865 -0.0172463160096978
-0.210809439559771 0.251416029252731 0.151859363279669 -0.189679341519936
-0.107272357701388 0.116091748678375 0.109152444741492 -0.35357825235238
-0.0766944588816653 0.171195228339474 0.152599571397424 -0.373741534792214
0.0125503235190573 0.190640101050973 0.132867993201402 -0.309363548691443
0.0809505153519743 0.146062181213503 0.087830078860777 -0.247987873560242
0.101724109590092 0.0721044385734693 0.0970838728060109 -0.151740770191
0.103624460431709 0.0452080662216278 0.142433657089641 -0.127882754865917
0.119725084269179 0.016484697550552 0.162895974047954 -0.0939452053701415
0.107622771768012 0.00238097193085236 0.198038516445486 -0.0409156235397613
0.110896158963607 0.0143105969183145 0.248076419691058 0.0359037418406549
0.117542668717397 0.057616887639519 0.249265594082042 0.121927418103128
0.0963683796203031 0.0922561708401089 0.195889903776598 0.230183572204978
0.0637767865530378 0.159404054365043 0.0583641809641657 0.236197743093986
-0.00835174820500209 0.194050629799988 -0.0296244225541208 0.140220019795619
-0.122017822844566 0.172142989774333 0.00164272155568528 -0.0384057805555139
-0.181413044259183 0.123996510481463 0.208544665885706 -0.230327995608084
0.067431698983341 -0.00771905391054542 -0.213586716712681 0.310266394600486
0.0434539731694036 -0.0697502895193742 -0.0198405068628238 0.120589963562111
0.000839565010651846 -0.0825314667904088 0.030460070295293 -0.1332912949181
-0.0277037181105203 -0.0402800122806216 -0.0523150195029828 -0.255225188755341
-0.00819410670442111 -0.0254846297599194 -0.222041037297872 -0.264582156834676
-0.0110857896928779 -0.029813183440979 -0.321662537877989 -0.133988346464867
-0.0323637785691415 -0.0335691745452783 -0.304147674614182 -0.00802466049552149
-0.0239405721621845 -0.0304570331279972 -0.249867701352652 0.0662518127122041
-0.0179529517125994 -0.0492515423101766 -0.189996375795857 0.12549694482699
0.00715590242554821 -0.0616065261997939 -0.161094391612461 0.164597240815691
0.0268925164166219 -0.0534695660003203 -0.116546153699258 0.174087966166364
0.0404420321999469 -0.041525904258074 -0.0956613077856184 0.223935716299725
0.0483143333262435 -0.0520988034624304 -0.122157779075528 0.285170032726911
0.0772514397493042 -0.0243220805310792 -0.0929360197545638 0.332310538390455
0.0844912800513648 0.0225127385780803 -0.0549273696285704 0.349588059663123
0.0106682262721789 0.146257597454404 -0.223477979109501 0.240202311904056
-0.00340155471413135 0.0732309197414985 -0.0233947190243397 0.0693992478912873
0.002369741419816 0.0628684046710956 0.0197790182990274 -0.181295077267562
0.0216073617451613 0.0866730640043234 -0.0586274257519809 -0.287652779113199
0.0755611896507817 0.055097659433111 -0.223655960562983 -0.279716761151724
0.0930175544270868 0.0067474152739096 -0.316112183489728 -0.152295761436634
0.077454980735121 -0.0451112399479806 -0.299156646031094 -0.0206112861749921
0.0671968354012519 -0.0621145721630926 -0.235202067167046 0.04754938799656
0.0781237177886421 -0.092968530132178 -0.167972628663855 0.109856638521363
0.118609024477952 -0.078783999939354 -0.131177470613837 0.15192955552597
0.141030563278554 -0.0406588684033725 -0.0842391690817654 0.172809278091949
0.16362270400499 0.032992206240436 -0.0763387744681246 0.225057560387026
0.130535357141805 0.0793445002704166 -0.113690920876178 0.270851652552817
0.0803986295004123 0.135456149100282 -0.0714519651900709 0.293010820124234
0.0396007715687437 0.19363420281798 -0.0293219500373481 0.304645658381422
-0.0506901429083688 0.28152843206339 -0.191675587707786 0.136527453869617
-0.0530772517819805 0.219527647880821 0.00972251075805625 -0.00645112962242393
0.0100853715049826 0.217170359282599 0.0315780405657047 -0.247939193099933
0.0850117052054556 0.2127739022393 -0.0619096252724324 -0.327165115261253
0.161842841048726 0.125858175016539 -0.217275814010517 -0.279322079049871
0.189880373005293 0.0392924137316417 -0.282278698002681 -0.154862984314313
0.178340836318619 -0.0523573727083472 -0.258547061305031 -0.0307433805783623
0.148034337446951 -0.0861799683545579 -0.186762353798428 0.0229918100316234
0.158344600179229 -0.123807711995027 -0.117251850738307 0.0783373749442892
0.208321170979444 -0.0894418988013958 -0.0733257717008121 0.122309301164582
0.230646268869946 -0.0325767637593514 -0.0258157885238703 0.16334807422267
0.263053791209975 0.0845795147039847 -0.0386263798505125 0.226496656583003
0.20390427467927 0.181473379204125 -0.10222855297937 0.256178157002279
0.0852945607152943 0.267344201403549 -0.0664584657111055 0.235891052202171
-0.0067666987990384 0.333674737194622 -0.00119034236137167 0.214665486485173
-0.0975102435438823 0.377259722573606 -0.132460482502141 0.0088380851171444
-0.0842929957345593 0.348358362277724 0.0623254867665462 -0.10439321276872
0.0377289433870134 0.356120702341128 0.052854378088047 -0.317223260870931
0.164544761915495 0.311511309306077 -0.0595582844969894 -0.357202360515708
0.245155750470132 0.168466049529971 -0.191166938448342 -0.261732523021973
0.264979317804167 0.0550277256089878 -0.220461298178641 -0.146587102951865
0.252550171119766 -0.0606132821811844 -0.186928049914081 -0.040218985539976
0.205964194338545 -0.0975281800308729 -0.113121278767202 -0.0061194781949854
0.214925421981962 -0.132082218652407 -0.0453395523075939 0.0403995607428374
0.267338442407563 -0.080015449702549 0.000462202792513986 0.084597972288974
0.28409298043995 -0.00986289570542621 0.046654409336323 0.147175092189423
0.316026390018166 0.130180683930429 0.00438127879063417 0.222320220908814
0.2405087473954 0.257580421511035 -0.0893425326500941 0.23527961437258
0.0723577756894477 0.355400575430587 -0.0701602184862635 0.166077237973343
-0.0579250866293079 0.421046875813221 0.0276017728292842 0.0971817004186735
-0.122663011226377 0.416585423501128 -0.0615284418726148 -0.129693945510466
-0.0921416889068622 0.423077687156892 0.108612360875762 -0.214192603370431
0.0726157875133814 0.437701354428356 0.0702724701868649 -0.368981050867227
0.23039058856694 0.356057866987299 -0.0452261105719038 -0.362124102574058
0.297263359714826 0.173896005321781 -0.136784239919215 -0.231235634102721
0.301409450808685 0.0525388931309506 -0.130296008812642 -0.136043666484248
0.285564414402782 -0.0652105790142824 -0.0923118065501556 -0.0530810929686721
0.23271930920007 -0.0948065810671463 -0.0236369823904549 -0.033247702562886
0.240934785286377 -0.114326462476828 0.0405549309017171 0.00710259253036405
0.289029785953918 -0.0445876893484644 0.0839450258692913 0.0538144558333186
0.294096537086615 0.0319013620739697 0.118241613611288 0.136973192213181
0.311476396754656 0.179894964899502 0.0450581184358535 0.216246752380756
0.222085677813768 0.307046086120039 -0.0751556921579049 0.207038377046632
0.0297834443955117 0.394160192268512 -0.0725663543215812 0.091682924225027
-0.114241062421902 0.440141410981424 0.0605409670483507 -0.0265439350744905
-0.124760710266524 0.383015674469859 0.00235093014348991 -0.256143528221531
-0.0804762522499373 0.415721313920035 0.130239725052904 -0.316199657158723
0.0919760942125442 0.4304596841448 0.0771383183642169 -0.387042366427188
0.247728237610664 0.329165650264154 -0.0192967769812124 -0.338738416048871
0.291265442851786 0.145805251682107 -0.0592088911466808 -0.196415488933699
0.283751284303667 0.0410524248885651 -0.0263352583762355 -0.131813280718968
0.271850647339326 -0.0604645817748297 0.00726029888475346 -0.0715594616561128
0.223502105424282 -0.0777828949531637 0.0672020264158974 -0.0541566991151149
0.232731894028298 -0.0785676700731895 0.128720804357189 -0.010452804117627
0.270370852400494 0.000775842544198397 0.164779535767146 0.044161626378252
0.25815361059829 0.0801093308181593 0.179083758995745 0.146071102977839
0.251859162318432 0.216559260390922 0.07237908912648 0.216059977131059
0.155749588033934 0.320853576696335 -0.058607976456056 0.176568237343742
-0.0341180017978217 0.375234736870359 -0.0597779118567778 0.0245878199180983
-0.163185732028491 0.393907404798924 0.10587539203802 -0.136458186268377
-0.111178582840972 0.281813457552959 0.0472652005318219 -0.346537942777796
-0.0646074876999481 0.325865847110623 0.125326364385397 -0.383698294484236
0.0824543974006502 0.335934043273985 0.0788587712937851 -0.369483418607734
0.202195043212034 0.242622030830008 0.0144372805822156 -0.296819750820758
0.223560842933855 0.0995770886009319 0.0203309856423165 -0.170206874529557
0.214562717415435 0.0297603771002302 0.0666248734637051 -0.135665970891752
0.212629763331573 -0.041039125932487 0.0932425750302983 -0.0923390830348043
0.179795026109009 -0.0484293156659635 0.145592671237444 -0.0656382821109704
0.188673214595226 -0.0353620494754965 0.207484658044019 -0.00822526956838489
0.211509977274819 0.0360314667533029 0.231130928001075 0.063876852794612
0.18932848430045 0.102813718176858 0.217776638695255 0.177053981670467
0.164940539679951 0.21127715795832 0.0850190461675094 0.224316742238769
0.0752474509961277 0.284248084625798 -0.0379901614784074 0.15247379669287
-0.0882163204799838 0.303096057421884 -0.0298617945915624 -0.0241482052010067
-0.186971238134212 0.291421098312411 0.158447682113007 -0.21783930704546
-0.0912984080553713 0.128708608677015 0.0694815459766588 -0.382482085097275
-0.0568703324025969 0.176371582868021 0.105674411390319 -0.403040791269441
0.039358949082061 0.186226007558979 0.0846027754929096 -0.330629198069229
0.103711897188821 0.129683431322853 0.0472660142007418 -0.258901224303671
0.110590490485846 0.0547314047092914 0.0781167639732537 -0.161180604623953
0.109308936577284 0.0297448180243552 0.12818345984341 -0.143870433434433
0.123529871805754 -0.00452405712021209 0.14968242577719 -0.110643652567352
0.109015957802053 -0.0126522800227653 0.199665358292336 -0.065367242246179
0.114373434858386 -0.00130674800460347 0.264448938933533 0.00780736939831213
0.125209791335674 0.0426762944214167 0.272418693810456 0.100197804896366
0.106648001003147 0.0820150242784908 0.231044440123688 0.218001221414571
0.0852662293954166 0.151509105865019 0.0843866827869739 0.238548561785486
0.0150003261337842 0.198222988926927 -0.0164308270495529 0.142913136041986
-0.104210576535048 0.192999364435118 0.00707430300185703 -0.0452409206137005
-0.170418068832004 0.154671035234553 0.207318212236696 -0.260467416327694
0.0655110181191506 -0.0112029892905695 -0.188161856365131 0.32959858233369
0.0382365412230166 -0.0722901723388397 -0.00595902503767074 0.123268902865036
-0.00424422139981986 -0.0829401726259341 0.0192282444243364 -0.140324356862809
-0.0295097146921309 -0.0387339563970896 -0.0770051737701407 -0.256378677195976
-0.00909106377861825 -0.0272142499863549 -0.24818458541809 -0.248795250725858
-0.0128813750694222 -0.0301319204612565 -0.337064661192856 -0.107270423907158
-0.0351937130553401 -0.0301108387489256 -0.309641002642341 0.0184573853160662
-0.0263920259909927 -0.0288386799580984 -0.249239310042946 0.0905332303769333
-0.0224325597967684 -0.048592681526544 -0.181747431223839 0.145882010769123
0.00145269620865903 -0.0631014003819541 -0.148022089712753 0.183017301657358
0.0225228164142316 -0.0568140654416917 -0.104402094686949 0.187953205444671
0.0385229118019596 -0.0466460616095272 -0.0791285163359351 0.235518249534558
0.0447039659985359 -0.057077414851517 -0.0982479458127175 0.30274316464965
0.0749202454704296 -0.0297933129728048 -0.0651192376372212 0.345358636022841
0.085538894868673 0.0153770202636762 -0.0254687597559725 0.363008905752098
0.0223959081682212 0.149511498042528 -0.204312969933059 0.259781033803133
0.00341949443926192 0.0775856988619125 -0.0146581282695007 0.072046467275999
0.0102308591752652 0.0656025272083852 0.00556794064841453 -0.188773190614876
0.0331260603253421 0.0856194981322002 -0.0855265001514872 -0.289251751749755
0.0836740983191665 0.0469907319314931 -0.250898070150177 -0.265279398782955
0.0968936763194793 -0.00355586344408646 -0.332593955144074 -0.127002660996702
0.07506665214835 -0.0525195535221319 -0.303736408456472 0.00395886145160754
0.0625370350898574 -0.0700480500783408 -0.236260858908689 0.0704626412727092
0.0710167542251349 -0.102010307748639 -0.160339854403847 0.126561024918835
0.113287737158105 -0.0915080587829951 -0.117949884862893 0.166729138626917
0.139965259478217 -0.054138800984591 -0.0707101704284989 0.183009886162122
0.170817988171091 0.0173505831832016 -0.0580305901873158 0.235725636701863
0.139857184222861 0.0685826320638115 -0.0913429106640278 0.288203801976107
0.093477060870373 0.13213866694581 -0.0467374611857996 0.30574999872429
0.0559672656335 0.194260388133731 -0.00232503055365754 0.315092353078878
-0.0256376799934316 0.29022070195741 -0.182300010610149 0.152018100316943
-0.0339838646267134 0.230736619393341 0.0123906862217913 -0.00704841591193768
0.032506935593367 0.222172848147394 0.0121911911156549 -0.257985082636549
0.110430791701934 0.208783105745859 -0.0913417420693153 -0.329232293542476
0.179038557348213 0.112368967064288 -0.244010452431117 -0.266505639946773
0.19892878963363 0.0201390829987285 -0.299551427093931 -0.132999588060172
0.176075654093374 -0.0696704524035473 -0.261701424412566 -0.011384148699378
0.142276877147509 -0.1020423134637 -0.189528067341657 0.0405025846483264
0.149827650000782 -0.141006607193186 -0.111583094578655 0.0897562495707719
0.203548193634849 -0.110773888326656 -0.0623302078331881 0.131576612913793
0.232579535746194 -0.0537691781551217 -0.0109791606082303 0.168116272680294
0.277647023673415 0.0605178879523148 -0.0187311899231758 0.233636589402866
0.224167121599715 0.165819276608966 -0.0798008456739797 0.272356524101535
0.111859207637699 0.264436362806013 -0.0463270074070755 0.246215943496999
0.0229253666426203 0.340586632257794 0.0191776912790499 0.220373179656274
-0.0646559961469508 0.39164248647778 -0.132605418464944 0.0175594930940776
-0.0553731170066459 0.363231669962305 0.0571958330675952 -0.110153800550281
0.0725635437232971 0.36095163050671 0.0278080058500614 -0.329015156810008
0.200126494730924 0.301630336551706 -0.0913929679234019 -0.359023888685652
0.266893149759773 0.148556892278352 -0.215687110599449 -0.250723097440699
0.27707690756926 0.0296851440009891 -0.23576350060645 -0.130878063869976
0.249801461007401 -0.0845806400880932 -0.18794232141392 -0.0271146252357057
0.199130080273346 -0.11992580216826 -0.116929994554205 0.00390722588110597
0.206585231291698 -0.154359038966669 -0.0418708520032864 0.043790931309194
0.264144373519067 -0.106661595869617 0.0097680461216923 0.0863231929270349
0.288875079163607 -0.0357753653040404 0.0617938701396122 0.144308362150012
0.33556428994773 0.102211434532893 0.0258624321208896 0.225915293546865
0.268097171180859 0.240282220736104 -0.0677629379269764 0.248797908461521
0.10618383453399 0.355770500783243 -0.056957379706712 0.176276054339221
-0.0205216611847878 0.432801719095925 0.0371053617579554 0.0984128262272515
-0.0862601852174743 0.432215273636735 -0.0728471334331786 -0.128245637454879
-0.0546927565371765 0.439367306538392 0.0939751877937578 -0.226638888759156
0.114677708247688 0.439664453854163 0.041146197249171 -0.383048457801201
0.271345635050411 0.341531884016844 -0.077213178304148 -0.365943320165018
0.319099738600273 0.150118010821217 -0.156915233694964 -0.224943294906816
0.312916609814411 0.0240771098076932 -0.143781517292878 -0.129126038148751
0.281777927427969 -0.0927757375606448 -0.0922260298179904 -0.0489149452273422
0.226478462297657 -0.119314356520546 -0.0279025601032227 -0.03247640562753
0.233973809807315 -0.138641505866402 0.0421009939242758 0.002541741192599
0.289437186892237 -0.0742038496532131 0.0911458303951481 0.0475041307432191
0.302700671235889 0.00710595483131014 0.134211384189565 0.126691514326183
0.335231029266488 0.153817700623723 0.0663279907294983 0.215852496114022
0.254824178638691 0.292983672187676 -0.056021206678902 0.218507491484443
0.0662040207208907 0.397551000352594 -0.0661532033176519 0.10140745441371
-0.074891155933331 0.459469903756566 0.0596788356785555 -0.0305607503723495
-0.0907037419895197 0.399227134448573 -0.0195039561029036 -0.261351199464927
-0.0451377939368173 0.430471574402403 0.105638471470339 -0.331087083700263
0.133270764050263 0.431106150599906 0.0465918467409885 -0.401890958776686
0.284023563646736 0.312898040345786 -0.0482138419071512 -0.343027183327718
0.309342084656617 0.122786854859797 -0.0751450812838575 -0.196918105149383
0.293595344869502 0.0146402010189712 -0.0384482157987735 -0.134328767375448
0.267774080399093 -0.0869979984555619 0.00667890846835611 -0.0759988838887627
0.218070336058292 -0.101121729938197 0.0632479393265027 -0.062005251883807
0.228658271173053 -0.101221976901226 0.130459286032662 -0.0229499261916488
0.274918825124309 -0.0256145125962277 0.172387029450675 0.0309020773361348
0.270877811614663 0.0585115444775942 0.197221729139552 0.1306516237104
0.278182163966843 0.196273242548258 0.0947488719908234 0.212344703796431
0.188805239891542 0.312390864710687 -0.0430809180055026 0.185261871919916
-0.000188850498404836 0.383655319437044 -0.0598045443467415 0.0313261247517909
-0.128078866663803 0.416145358438879 0.0947267386934957 -0.147023027219289
-0.0862641085958864 0.294878987563901 0.0185875049548108 -0.357322055335942
-0.0365001548227725 0.335974426681107 0.0935811416069055 -0.399637897794686
0.115009686972212 0.334860279284631 0.0488240153506926 -0.384302996108513
0.227984622674857 0.227979471772325 -0.0113568510378154 -0.303444442319398
0.234693210757084 0.0810460034767977 0.00684259166649961 -0.176791625717961
0.221224591606733 0.0105818382408652 0.055843584737079 -0.146386737964583
0.210169617932882 -0.0614942894784006 0.0904353302958436 -0.103960752981959
0.176257202026353 -0.0668143430328049 0.142301483836013 -0.0809957364287729
0.187930768049418 -0.0528790346895444 0.211159831674325 -0.0285317023653403
0.218578734217923 0.0157286017797705 0.241267378580329 0.045354385211479
0.202188920404107 0.0885440425180558 0.238856552371807 0.159514887255995
0.188449906014702 0.199232379889795 0.108059550891999 0.220391094182516
0.101973152634718 0.281521909503563 -0.0251283717969782 0.158974158092024
-0.0626275377470446 0.314460233059509 -0.0337087296030649 -0.0210766802721055
-0.161096240348924 0.313538372831281 0.140419508507286 -0.233661208021249
-0.080116968070284 0.137992432477837 0.0377154413987984 -0.395512440368593
-0.0414793991472353 0.183339420549271 0.0712837752970841 -0.418277192912569
0.0567091826109889 0.185974297137556 0.0576834073945072 -0.344789685796172
0.117415388408544 0.122197034647697 0.0249611121649252 -0.266830514583288
0.114971105420692 0.0464237664098549 0.066021759954574 -0.172268796941387
0.114423394428173 0.0206548602019426 0.116551321530036 -0.160452251325289
0.122877381538257 -0.0163265695417246 0.144910982861917 -0.125972547689816
0.108178330374593 -0.0235479580168562 0.197842797863121 -0.0857774234469971
0.11592536321453 -0.011943310761759 0.270112341589196 -0.01801031277054
0.130395709597019 0.0306750285208145 0.2862297467898 0.0797988091537078
0.114979964439347 0.0742655199579741 0.255430009573089 0.200528875049244
0.100504849059563 0.146364931031833 0.109175237902301 0.235898102629589
0.0328968669683363 0.199447793586751 -0.00450739472523243 0.146865009807947
-0.0889761592231341 0.203932342023044 0.00147526606014135 -0.045294263459079
-0.157705846715652 0.172882296036487 0.185775739860048 -0.281429284068296
0.0622597006280434 -0.0139472043305454 -0.153743039510724 0.337946172343082
0.0317538587382003 -0.072385834816311 0.00875536444276434 0.119914798545271
-0.0104090876547721 -0.0809426610809756 0.00575763453049209 -0.142067006758402
-0.0309309440598941 -0.0370035949748467 -0.100930701263657 -0.247426498714427
-0.0106008013413025 -0.0282554696544213 -0.268011370577715 -0.222835305127992
-0.0149323364044568 -0.029502935763868 -0.340644887020024 -0.0736275781442664
-0.0363887505703012 -0.0249008594521704 -0.303170612865478 0.0464800355560381
-0.0280580751155958 -0.0256543444363052 -0.238327044070669 0.113016225139711
-0.026341222816278 -0.045908609414617 -0.165984199502681 0.160874517156102
-0.00458488981723021 -0.0615897240795134 -0.127640166183204 0.195056950684219
0.0164128584483211 -0.0578937354823437 -0.0871682198266294 0.196787144476841
0.0344921699306104 -0.0511537190231744 -0.0577424194685972 0.240949074738424
0.038690975072737 -0.060170624093924 -0.0674504252475114 0.309783786057666
0.0705638929838287 -0.0344124439595266 -0.0330859343448426 0.346704473834535
0.0832009753276139 0.00791890439020299 0.00863535326150066 0.363300660278251
0.0359005469426892 0.146909682843292 -0.176466128032886 0.27036028522521
0.0110876022554002 0.0785290178826879 -0.00459475388508638 0.0711497024454357
0.0189668932745678 0.0651708035522724 -0.0112985936135368 -0.189369161855955
0.0444857257353674 0.0806860883777063 -0.111201818771327 -0.27936765237165
0.0887265294140832 0.0368045024874639 -0.271543883407434 -0.240139266848486
0.0969296321670046 -0.0148372217519984 -0.339109692909582 -0.0948656845165888
0.0697961646708356 -0.0580840277935708 -0.298010986786437 0.0299025609891479
0.0552230007867249 -0.0753104851375864 -0.227586080275933 0.0917591983520762
0.0602712888447559 -0.108157240251557 -0.146235189514786 0.139560048147644
0.102951353448135 -0.101342858854772 -0.0993821604105316 0.175676880821817
0.133576348403332 -0.0663967354482512 -0.0537652381373335 0.187781624242773
0.171401944035623 -0.000438919675820014 -0.0358641670966639 0.238147465873509
0.144548547954288 0.0553296525255155 -0.0616522023622234 0.294267768395278
0.10450467638854 0.123350767781122 -0.0185861233708596 0.305799350684036
0.0720021364688489 0.187132694214228 0.0272607035202069 0.312703905789077
0.00115667714195464 0.289471015149486 -0.164426244563201 0.163573414708077
-0.0117454178603305 0.232766835782766 0.0152073609891854 -0.00939023447368988
0.0555319131573286 0.218393413689461 -0.0107957810535635 -0.257330952051328
0.132724183492302 0.194706730553305 -0.120328568331942 -0.317634382582155
0.189312701624562 0.0928295361802104 -0.263841290765484 -0.243019303564741
0.199378300791939 -0.00163865641887061 -0.307574092824104 -0.105084481059631
0.167223562962547 -0.0851448653965419 -0.25690990104204 0.00913947156270582
0.129918649138176 -0.114482086869692 -0.18453366273811 0.0572883507044712
0.133796147925772 -0.153912289483349 -0.101653648439403 0.098118344964287
0.189540920922399 -0.129942149649048 -0.047558556572393 0.135787911518888
0.225013246791149 -0.0743927996125014 0.00430729550266657 0.166095144197863
0.280804884171473 0.0318850470519717 0.00315613199735621 0.23190838355702
0.236979502410802 0.143683823929502 -0.0511669204100722 0.276737687301767
0.134925931374977 0.252285649469067 -0.0231254407774338 0.248430439032371
0.0545470543045314 0.334765879505775 0.0397546199604526 0.217837813687985
-0.0272812167430459 0.39079971433731 -0.128780548630427 0.026880637537651
-0.0201757630446824 0.365425806030699 0.0494286123331997 -0.113737286802309
0.107728510838936 0.351587201538083 -0.00044705939120323 -0.329977274889437
0.230372237946391 0.279036041449199 -0.121830389159607 -0.348144430195354
0.279422629580043 0.121265406751115 -0.2337230329632 -0.230598482371434
0.277254127645985 0.000427674432349139 -0.244678116792949 -0.109289698266424
0.237381555625369 -0.107075654153999 -0.183626660273104 -0.0145517328710051
0.184364010270559 -0.137848432419553 -0.115881309888242 0.0151933938328173
0.188304628064601 -0.17293624491656 -0.037500663955425 0.0462636127425227
0.250409399587532 -0.132010181393515 0.0188891192645249 0.0838498169105062
0.282842476752022 -0.0615623549173012 0.0743457423315018 0.135482764526447
0.342867416016865 0.0674544707799355 0.047214986293784 0.2196366758378
0.288137993731644 0.212150610015966 -0.0413330551819332 0.253378739233049
0.139842323821611 0.342103030017073 -0.0399277307234301 0.180420880121609
0.0213303650880332 0.430635650426613 0.0461987307568365 0.0957442134975478
-0.044740985079087 0.431941935055557 -0.0826041039244521 -0.121844072823639
-0.0132576543754718 0.438402624828482 0.0748322884366395 -0.231115928107447
0.156949562196251 0.425465741854271 0.00726454569547892 -0.383723287694835
0.303156585681327 0.31084365060346 -0.108906806171159 -0.355381689677479
0.329945302358269 0.118231314251682 -0.173244699509138 -0.210986095416308
0.312812005444401 -0.00787680600509661 -0.154269148128365 -0.116053964144905
0.267671586819289 -0.11767135335105 -0.091252171157443 -0.0450022789558291
0.210571367225575 -0.139865320587323 -0.0319614780236591 -0.0291859993833483
0.217020558349787 -0.160520365785326 0.0418503178668734 -0.00217064133463401
0.278001976698585 -0.102738951493823 0.0952884756842222 0.0384931235088447
0.300633859839664 -0.0218923799726045 0.144056119274253 0.110440280084953
0.347622466727785 0.118236095198032 0.0865989436701656 0.205865674147041
0.279870372325942 0.265015246358482 -0.0340700832631644 0.221631753498356
0.102945472231328 0.386591635736399 -0.056321150046892 0.107752359521333
-0.0289086187699568 0.460549074190721 0.0562108562899542 -0.0335657900716724
-0.0520333404555087 0.400122592856984 -0.0416457838432797 -0.258062690560872
-0.00437567061122732 0.428333619329885 0.0763556415087714 -0.335169260850473
0.173826595730453 0.413816298961881 0.0110493874042741 -0.402461919877857
0.312418425702144 0.281866142299925 -0.0789920466144803 -0.3354014415101
0.317417731181254 0.0926273944437559 -0.0911701866993531 -0.190130284218973
0.291401890440592 -0.0148056903332563 -0.0503099101835688 -0.130837963530589
0.253467596344636 -0.109999828109284 0.00389751427560025 -0.0804807457061747
0.203196762365781 -0.12065073684558 0.0561528349640388 -0.0678793943898778
0.215668505725852 -0.121517581910439 0.126560896775346 -0.0363757932602889
0.268324431001748 -0.0534625109233202 0.174296229444775 0.0147701539178425
0.27427797246365 0.0323858050224309 0.207801921879506 0.108506935166368
0.294936242906775 0.165950592600468 0.114929226977464 0.200192960325267
0.216080611002703 0.290129404643338 -0.0245369001014994 0.188295218427195
0.0353257923660764 0.378238306437523 -0.0574053747364938 0.0376863326042733
-0.0848277856931332 0.423169437488437 0.0792699763158661 -0.151395712400653
-0.0563508644081898 0.296920226121204 -0.013429930594264 -0.355411017422163
-0.00552896893528143 0.333989991862767 0.0564700240563809 -0.40086940698717
0.145514622442118 0.319498560557492 0.015437981405101 -0.385213750269147
0.24731590636047 0.203530658456756 -0.0381573590291012 -0.298702405172471
0.238257779773074 0.0598366483440161 -0.00828024427386667 -0.177698638704398
0.220066812739586 -0.0109901725256069 0.0409373810678489 -0.15160642143794
0.19950634911839 -0.0791694209593807 0.0841390733100077 -0.115074057915186
0.16577152977698 -0.0830678107492482 0.133137414560929 -0.0933054307130124
0.180243508188343 -0.0714097413538196 0.205599406750391 -0.0490077515658148
0.216510847862159 -0.00703215352391494 0.242924088691812 0.022536895922828
0.20871766503354 0.0688519865929196 0.251949727509522 0.133551547479743
0.206098771561714 0.177731250144156 0.128206786544171 0.207576603753474
0.127099905772151 0.268486758950079 -0.00901503420293238 0.160546160332821
-0.0337107207527235 0.315093941830619 -0.0363540132788326 -0.0166222596412351
-0.126468418272191 0.324576675407846 0.115546562311992 -0.241361949828451
-0.0652189860195666 0.142057239011909 0.00226091942737604 -0.395178199610362
-0.025065569692632 0.183326424946558 0.0324573481823334 -0.417044284473487
0.0722958773358934 0.177732839534166 0.0269778247604177 -0.346200841124283
0.12694729177371 0.109899493607485 0.000137199109612266 -0.266100801139115
0.11656744230512 0.0364954137220319 0.0502167039126995 -0.177861949905287
0.115033410533279 0.0101087857753814 0.0993227146355293 -0.171694471130573
0.117629871849764 -0.0271621874073576 0.13469178438828 -0.139449760255016
0.103219485908593 -0.0338371166631763 0.187637294313648 -0.103811724470849
0.112725814506581 -0.0227802488252535 0.264623167281873 -0.0440523180109966
0.130636422672484 0.0164306004162295 0.291108869481352 0.0524912260336261
0.1204210863558 0.0633183715961609 0.272461556661555 0.173617930467152
0.11387343299657 0.133850830387304 0.129834519292885 0.222769928511919
0.0510243716258154 0.19348865980327 0.00928178611509468 0.146385001127432
-0.0695755718448293 0.208139073738563 -0.00393243667534862 -0.0436169828896465
-0.136614537598336 0.184909882070433 0.154776118506595 -0.293179746693297
0.0590221043476939 -0.0147813708655292 -0.124595982356024 0.333037088537076
0.0268113433997924 -0.070119171334178 0.0182383404445044 0.112359724718493
-0.0139368814852042 -0.0766557103932254 -0.00503064283134985 -0.139450613853461
-0.0314056490248279 -0.0350089053414511 -0.116016747618759 -0.232508289241736
-0.012138259693139 -0.0289353881843063 -0.27399813200944 -0.196424348132717
-0.0159830961631047 -0.0285610999078689 -0.333833274515741 -0.0472518910871657
-0.0355470218055835 -0.0208661463902375 -0.290688795507988 0.0664275574556257
-0.028551037212384 -0.0230457198861826 -0.223635173088572 0.12727619727911
-0.028508034622571 -0.042497082639332 -0.148840492634462 0.167841656017772
-0.00843035897303577 -0.0586916054335507 -0.10890887053549 0.198439129910393
0.0113808174813333 -0.0568513993047091 -0.0719945360248461 0.197932384016101
0.0303336127256279 -0.0532023800018152 -0.0400679092111833 0.237695020107488
0.0330863410848903 -0.0604102643427719 -0.0422492741234374 0.30448017539474
0.0657608140929679 -0.0359155642394804 -0.00706156864609391 0.337186640806005
0.0788105068590458 0.00278369618712895 0.0339742259037041 0.352295276777232
0.044779132150456 0.140707978757532 -0.150944569682056 0.269156311237592
0.0173604474644497 0.0770249407237641 0.00344602473537155 0.0669632760728407
0.0255037399816265 0.0628156521222373 -0.0245789773504396 -0.183808545088248
0.0515426867461471 0.0725914821457793 -0.127831661561236 -0.263487289832518
0.0899973900956013 0.0270540115334377 -0.279143586902049 -0.214357836474101
0.0929533009082997 -0.0234165679953792 -0.333358827490158 -0.0681790946024837
0.0640301926404802 -0.0608703141056517 -0.286240668397396 0.0476449782254766
0.0478673664497671 -0.0771054269027724 -0.21457144593998 0.106366139247973
0.0503119876915845 -0.109131652250627 -0.131758776811601 0.145378526723018
0.0921700378249297 -0.105603906761168 -0.0825415280244041 0.177058196919811
0.124656603966978 -0.0737020215004307 -0.0391333855862476 0.186180553583867
0.165932784722455 -0.0148753564745825 -0.0181209510649912 0.233136748902687
0.143837562008212 0.0435678733365358 -0.0363868424896404 0.28915923656372
0.110736207111068 0.113928524710743 0.00369966532614893 0.297680112702652
0.081231532680394 0.176948075536908 0.0491379244740042 0.302756898118585
0.0219950147633432 0.279626380743428 -0.147371641124664 0.166800143330724
0.00590139494218031 0.227679847334547 0.0170409675445257 -0.0106098459039553
0.0726211806131799 0.208163134297471 -0.0279439254125324 -0.250743944829869
0.145762440515369 0.177007268490661 -0.138733962685291 -0.301210415632346
0.191184477242048 0.0747184949707088 -0.271271819112842 -0.218494118057971
0.193954853056651 -0.0192258759547688 -0.30444451044377 -0.0807552713514757
0.155702491348481 -0.0943504417590683 -0.24634422280894 0.02324456908608
0.116836535428321 -0.120164594668538 -0.175633884997964 0.0696051678121015
0.117559572979997 -0.159250182315875 -0.0911688671743889 0.101858662329197
0.174071993428688 -0.14015763853622 -0.0346096513257792 0.134283706148216
0.213261957823922 -0.0882937040037312 0.0156904456708843 0.160219761740925
0.275591990495689 0.00797708094730912 0.0190108059009704 0.224325910101526
0.239904255059948 0.122391556517119 -0.026593801880954 0.272707750669426
0.149364264825816 0.235674855762957 -0.00486240283747061 0.2430284143034
0.0761934127659807 0.319879990688331 0.0548816821824147 0.209744490958143
0.00132560779429782 0.377486592436162 -0.12165865506024 0.0327120495668111
0.00654161990255307 0.35636274432014 0.0437346444842354 -0.113683625935176
0.132864732607213 0.33399063755925 -0.023773374466914 -0.321736503966676
0.24666730729052 0.251657141131079 -0.142016961323767 -0.330391551704814
0.280639702809672 0.0962851340193412 -0.242048491546486 -0.209938765369189
0.268999726819134 -0.0230652647521025 -0.244682478764312 -0.0892153132246496
0.221082388180043 -0.11996094646919 -0.176482900632473 -0.00665987231568335
0.16680918031904 -0.146309424587631 -0.11163421428032 0.0237479661843515
0.168249483898127 -0.181762970059008 -0.0328850695060453 0.0471582842977522
0.231178561825245 -0.147168555596403 0.0260302610156926 0.0800934129000657
0.270838905864239 -0.0799585254204547 0.0808403509100189 0.124449050407728
0.338156993794055 0.0383909646850607 0.0614186765529888 0.208744287263383
0.294622862494558 0.185359857107903 -0.0200058692917888 0.248035059996022
0.159397149883268 0.321506638666159 -0.0260103102276928 0.178922750378715
0.0534702576210509 0.414994600497269 0.0517740526815306 0.0908300331776121
-0.0116613519692162 0.41871354604317 -0.0867560865749068 -0.11385086615783
0.0187016616050062 0.427146574953036 0.0588682184128545 -0.22786898631153
0.185626877126087 0.401035058588191 -0.0184107031698334 -0.374653859425877
0.318721140559642 0.277834591512688 -0.129374950437309 -0.337293720719269
0.329548126545388 0.0914918202367427 -0.181857629616008 -0.194100873192789
0.302377070042922 -0.0325050326063513 -0.157445752700691 -0.10273182276303
0.249008052006156 -0.132691322636481 -0.0888747523674506 -0.0434647223641288
0.190245073024267 -0.150374341745241 -0.0327792902342127 -0.0260144354930235
0.196978423329908 -0.171539223489809 0.0393206725971547 -0.00512538607545447
0.260005333406973 -0.121523889848278 0.0963457470764564 0.0302359536891359
0.291057134422985 -0.0428797342994982 0.147454369197584 0.094934937441677
0.346791304985021 0.0868651799124171 0.0986465593162133 0.191871935209518
0.290226653384974 0.235546401281093 -0.0150881720052175 0.218040383789932
0.127889984734595 0.366858660555736 -0.0474532024417802 0.109210645317471
0.00742874830497746 0.446923765033994 0.0519047362269412 -0.0341782785019562
-0.0205696337290304 0.387587797584949 -0.0568559300984244 -0.248351377021879
0.026030096919715 0.414810316404986 0.0532074050068391 -0.328635489488789
0.199983782965757 0.387566428929571 -0.0171902266685284 -0.392226978060662
0.324542596332436 0.248451176632055 -0.0990322368678764 -0.319178585047804
0.315131483575841 0.0680835305888419 -0.10078698431364 -0.180419928572574
0.281361624351289 -0.0369381139318141 -0.0586735819799624 -0.125174362848952
0.235511871681845 -0.124045967290338 0.0012277611763331 -0.0842508007715236
0.185771339134401 -0.13129443244852 0.0498892838455113 -0.0688915364238571
0.197803311593761 -0.134897897098677 0.120457600920389 -0.0443844282036056
0.254555444709794 -0.0728383609295756 0.170747385855599 0.00222623571321022
0.268977440041338 0.0119123719911072 0.208073083692347 0.0880295363824535
0.299145542878703 0.137078663542387 0.125436673330862 0.184937546231965
0.231249104305817 0.265231622142868 -0.00877289277850272 0.184581448382382
0.0612758741513664 0.363540473833649 -0.0532796796185474 0.0421045397305852
-0.047532399180797 0.413945891720151 0.0648111525211057 -0.150049058773554
-0.0326094884798301 0.288721653756255 -0.0355073013451051 -0.343810486711314
0.0186738879440507 0.323403573219393 0.0289523792909108 -0.391084741532466
0.164262585978916 0.298483551659687 -0.0110901366442407 -0.374950842514616
0.255247272690829 0.17915129100242 -0.0583930765886354 -0.286704115197825
0.235186993685562 0.0424373863878182 -0.0196991074469003 -0.173309161297972
0.212118350075742 -0.0273197453236217 0.0280805325027988 -0.150924922978284
0.185061044565578 -0.0906243662211135 0.0756531431639858 -0.121493934545368
0.152343439682208 -0.0924431891007733 0.123085930932888 -0.0999079497759569
0.167706081331352 -0.0828706563829961 0.19558326553916 -0.0633374963690803
0.207569276980035 -0.0238632889807677 0.23763840197256 0.00573386008106082
0.207770688874692 0.051850871233954 0.253578811446776 0.110369777046517
0.212814885317713 0.155483403712033 0.140060327517216 0.19191122720085
0.142407845912001 0.250467613180221 0.00301926009864234 0.156605288282911
-0.00971149031581138 0.306590523085167 -0.0380744528566322 -0.0118329049134429
-0.0957876209783521 0.322406886264767 0.093333844417014 -0.239240374233321
-0.0516350266397308 0.140342307941827 -0.0237445644555996 -0.382943349069902
-0.0114300353848156 0.178292678923093 0.00281921574372224 -0.404767051156892
0.0827782210754609 0.16666086803128 0.00297525593965616 -0.338774954636991
0.130387514863249 0.0972219536736924 -0.0189987662959243 -0.256437207440895
0.11422759877571 0.0282969147798524 0.0367244803596819 -0.176130411430203
0.111897054436381 0.00185067407902155 0.0832209400494266 -0.1744874711655
0.110269955222224 -0.0344458467542909 0.122519196896561 -0.146841326361005
0.0954852606496065 -0.0401193292548649 0.174789878592913 -0.113570383520663
0.106254557168174 -0.0301862495543182 0.253493920370039 -0.0625360266267563
0.126259582848613 0.00543443442578014 0.285248858980094 0.0310731365073788
0.121346152162183 0.052401107307459 0.276538232149596 0.147709963140092
0.120039061584626 0.119863115815994 0.141502978690012 0.207329848231746
0.0627174497170722 0.183389260312498 0.0191765636023954 0.141659530871046
-0.0531408412973384 0.205231431041895 -0.00895440781601079 -0.0401390540159079
-0.116286894737217 0.187215377194472 0.126878037250008 -0.291757160812356
0.0572804504288437 -0.0137653975281273 -0.107780118079696 0.325511675974313
0.0247479434732192 -0.0677518067770834 0.0238721154333782 0.105205640151901
-0.0152249882398127 -0.0739726099737286 -0.0120721050447974 -0.135781838534447
-0.0313745797827969 -0.0341697432340842 -0.123680131193178 -0.220611534845655
-0.0133558987440622 -0.02927506164286 -0.274694429062323 -0.179226905230018
-0.0167635082950698 -0.0284549111372354 -0.32441584593127 -0.0314827930618137
-0.0336677921528666 -0.0183704146227441 -0.280293155057949 0.0783129040233795
-0.0279209256681745 -0.0211403479381044 -0.212967882978946 0.135268970717067
-0.0291404068189648 -0.0400245479432351 -0.136985724487963 0.169387821986054
-0.011009552745665 -0.0565795628891534 -0.0962945127399744 0.19820379964877
0.00854375366691976 -0.0560888861269099 -0.0618313575362552 0.19771944797306
0.0268113457529213 -0.0548073437589325 -0.0290778476192744 0.233762050969728
0.0293531269908679 -0.0592683438805617 -0.0264304365178852 0.297763690535281
0.0628944890235439 -0.0369890410473861 0.00682775698376841 0.327574689975212
0.0742420809466152 0.000514864741040434 0.0492036313716308 0.342452083582616
0.0505519664587557 0.136197942740115 -0.135610739231447 0.265317308179963
0.0225332133986001 0.0759486508253369 0.00822609406557627 0.0633256556677481
0.0307391836710912 0.0601575533479404 -0.0326684808121548 -0.178641451998106
0.0553276369365843 0.0665776520896774 -0.136569712809715 -0.251074905597855
0.0892191371571106 0.0203430476274141 -0.281174524300895 -0.197133284973316
0.0895306255009769 -0.0291246942172955 -0.326964338873054 -0.0519321118289195
0.0604326049762648 -0.0621546998983359 -0.276654682077122 0.0576982947793599
0.0430236320843557 -0.0769436828855228 -0.204823809981145 0.113645526117033
0.0431154444798135 -0.108587081881355 -0.121592684203517 0.146706261736977
0.0848694060616643 -0.10741559545878 -0.0710487244757659 0.175536054723041
0.118095871551654 -0.0775018608577365 -0.0311081866445546 0.18387218837311
0.161456809840667 -0.0241332733525768 -0.00842829722441104 0.228747169006436
0.142124918711873 0.0366447580397718 -0.020330864960207 0.283519067127134
0.112925959981623 0.107081370413685 0.0168899215527786 0.288835719720574
0.0860115235289492 0.169113822410435 0.0621529031589212 0.292950696363433
0.0346108572877924 0.269979369938048 -0.13659814575063 0.165841858700913
0.0167652728477223 0.222996375520362 0.0191946568075561 -0.0122926680658958
0.083214590838652 0.199633137451401 -0.0391482144757849 -0.243596559659268
0.152939669293408 0.163495513325353 -0.148608683379202 -0.287048389011766
0.19114026103122 0.0616764381142794 -0.274212521574059 -0.201749197430053
0.187627671794512 -0.0304200348411014 -0.299946346436005 -0.064964987622442
0.147337836619914 -0.0988837221180253 -0.23809955086158 0.0301705274373542
0.107021254323847 -0.122612993282526 -0.16781359157465 0.0767366118963162
0.105753131340318 -0.161334188969751 -0.0843967813942773 0.102939963453653
0.162439248813603 -0.145204025915717 -0.0266118257491128 0.132244486144535
0.203750524198735 -0.096046609071783 0.0213728458835305 0.155248203297884
0.267231251476652 -0.00746520956914613 0.0287321802106091 0.218025827157625
0.239361885086214 0.108262038947825 -0.0116806590510325 0.266330150481278
0.15654445361679 0.223176792380739 0.00626836447631687 0.236484882580988
0.0891890626334443 0.308882841399368 0.0627897045435874 0.202038958620697
0.0182173347795965 0.36538726610033 -0.116368381695087 0.0354901828336561
0.0237341882947538 0.347477854175646 0.0403626237283887 -0.113405524475685
0.147751959173185 0.318555626877903 -0.0374364863924351 -0.312627148194898
0.254412063139717 0.231154043586424 -0.152750229389445 -0.315312526059502
0.280208995484411 0.0800140589786701 -0.244847653864968 -0.195431193210935
0.260692270237691 -0.0374060286713598 -0.242189082488372 -0.0758177850549215
0.209028254322411 -0.127542054545352 -0.171843740498869 -0.00359957606518848
0.153391958217037 -0.15003870082676 -0.107373302495806 0.028492792662619
0.153613036379612 -0.184442590861572 -0.0301640502875124 0.0472473109801718
0.217365780315535 -0.155384698681895 0.0298132598990543 0.0762592464126679
0.260594617346317 -0.0911074406147056 0.0833272995825939 0.116779469579109
0.331048375877305 0.0195912254213569 0.0689072660399494 0.200609071538632
0.29578976414496 0.166083952366913 -0.00604016260106881 0.242891381412245
0.170276419500405 0.306513464022282 -0.0170453545058606 0.176347540709606
0.0714111474538888 0.401217845032663 0.0551232116177498 0.0878800909881506
0.00780543587136549 0.404684551442448 -0.0890725426183053 -0.108650045762758
0.0381374801477645 0.414332372900662 0.0509530589646647 -0.224692280163221
0.201464201768122 0.381496216920432 -0.0349018358518125 -0.363871661410226
0.325283170720654 0.253996288478733 -0.141184705561804 -0.322646838586397
0.327141911042644 0.0729724612595748 -0.185820620747168 -0.183180171175623
0.292885275909237 -0.0484407352043874 -0.158303776315254 -0.0932105242595501
0.234945768420828 -0.140211026797885 -0.0875535470947009 -0.0443115446695483
0.176577065288095 -0.155203934151937 -0.0330830592657306 -0.0233812212263307
0.181475248711779 -0.176356470741849 0.0383662964026368 -0.00729898717962453
0.246418436361899 -0.13147545099585 0.0959819955042686 0.0245627029568918
0.282245306178622 -0.0558752858634131 0.146263806910968 0.0843504026104679
0.341556932267614 0.0648483515036104 0.104537564525411 0.18234643724649
0.294628498524024 0.216873815877298 -0.00283159119609207 0.212008237542145
0.141574933990755 0.35074837952106 -0.0416208281670967 0.109927883096442
0.0302852646152849 0.434288810205406 0.0492583651835849 -0.0342498912894816
-0.00214248834597962 0.375469346609967 -0.064697397830432 -0.240573460720124
0.044406252487836 0.402459228684125 0.038994188173104 -0.321510347108493
0.213918696064586 0.367240689770749 -0.0338968138526464 -0.382088095370378
0.329447081873545 0.226800582711284 -0.110610062952806 -0.306362470140101
0.311076047041244 0.0519589460793257 -0.105303761616992 -0.172641455275362
0.27197983405375 -0.0513136381718244 -0.0637159639751758 -0.119603011696553
0.221150672250544 -0.130287320334384 -0.00137059635065782 -0.0879948303852731
0.171973028292043 -0.13621566252883 0.0457948185010197 -0.0692733592456605
0.184435064452518 -0.140584232255105 0.114420802182502 -0.0487241103359832
0.242412877044363 -0.0843507719173579 0.166758561653881 -0.00550751520918592
0.264219633987399 -0.00126885235170763 0.205855545679912 0.074937769370889
0.298363733247184 0.117284875321018 0.130872002212794 0.174256170221773
0.23727081708223 0.246310936274741 0.00113159060402557 0.179956141539869
0.0769186974944637 0.350103114135196 -0.0513640566681521 0.0451993498164334
-0.0245247491981664 0.403697259838463 0.0565382120124908 -0.146685028029974
-0.0179691700846926 0.279809416850599 -0.0488237227808754 -0.333863059961005
0.033087188727002 0.314278191831961 0.0123609978890634 -0.381179463019013
0.174245941530364 0.282882026248569 -0.0278497154126222 -0.365635202363693
0.256866929946729 0.16216751783939 -0.0690543160721817 -0.275707156088173
0.231307879081785 0.031786658742609 -0.0270609071882779 -0.168965364419412
0.205190326402659 -0.0376311351723336 0.0194681465923222 -0.149307725993645
0.173749047896431 -0.0957017693995427 0.0697175212830281 -0.126718382780416
0.141173915267742 -0.0968889456823894 0.115416261260668 -0.103238025884289
0.15732546830317 -0.0883986127707237 0.187472722596197 -0.0702487762133577
0.199394167081984 -0.0338471594119438 0.232386141239838 -0.00534248104225486
0.206147318583795 0.0403312425574617 0.251276573930764 0.0931791266239865
0.215540345303331 0.138622405780387 0.144519126012139 0.180279364183018
0.149896683427911 0.236216626509514 0.0105146789720684 0.152320703748107
0.0053560725308311 0.297450408334033 -0.0399816050644727 -0.00777638552597394
-0.0760687010749781 0.316475790688716 0.0790747285935937 -0.234341234089889
-0.042911896511253 0.136960728739399 -0.038045991908708 -0.372521568383557
-0.00321772038244716 0.174483226856433 -0.014501253126554 -0.39261701398756
0.0873091189763237 0.158218882107275 -0.0125822130368292 -0.329877721129229
0.130838404417612 0.089205876217538 -0.0299318998614172 -0.247264204430683
0.11146835262017 0.0238265647210524 0.0280492695658457 -0.173608181862764
0.108929837070374 -0.00328718787885733 0.07212640956732 -0.17462769229277
0.10416840684212 -0.0372913373283325 0.114841274934998 -0.151410158729786
0.0893882855822804 -0.0434358947631106 0.165899627489815 -0.119354029856942
0.100702622744932 -0.0345598588772382 0.243200106428192 -0.0730043800838566
0.122172947273048 -0.00100060787833399 0.279202678648313 0.0173569167936796
0.120834265228261 0.0455433780486062 0.276106906575144 0.129964495389416
0.122445878076968 0.109678199569458 0.147649967445293 0.195245159893916
0.0688450599734928 0.174190044888877 0.0244464979151001 0.13771893378916
-0.0424502927009068 0.2003455554752 -0.0128647366171939 -0.0369570336880453
-0.102265297165833 0.186167020290894 0.108654587918512 -0.28597188121813
0.0509071436424588 -0.0218955915523221 -0.0330229823873592 0.350754479494728
0.0113199935319795 -0.0691427604330104 0.0505947735921891 0.0974420696044305
-0.0293872628468181 -0.0670247536305397 -0.0392649487134222 -0.135828266922142
-0.0407810000289425 -0.0264221373966292 -0.169575489494206 -0.19540660204195
-0.0243006657430383 -0.0243584599483189 -0.309749325003703 -0.118417877761932
-0.0228620187858877 -0.0205108225432049 -0.324969770935389 0.0369999281577313
-0.0356052822063746 -0.00740714078857144 -0.257083642082997 0.132537433656258
-0.0305379498897545 -0.0135532071799312 -0.178842689495009 0.179319308997015
-0.0367938135189217 -0.0304663248166041 -0.0976566604479887 0.199386184035227
-0.0237235424480318 -0.049956450001428 -0.0488686165120666 0.221268599118388
-0.00526553873615648 -0.0519664154818051 -0.0139891635613032 0.211718287622907
0.0101738486020294 -0.0562856993234855 0.0266443031106284 0.241019661884824
0.0121697578186347 -0.0587999234319479 0.046419866608035 0.303516712277343
0.0486638074583434 -0.0447522823038746 0.0833311363927016 0.327814446634014
0.0690496049746592 -0.00894845417431861 0.120903876319889 0.332625131231094
0.075591892945345 0.117867584763618 -0.0815429159026893 0.304204822705534
0.0404665504413199 0.06720145131318 0.0207083348090433 0.0623430595280312
0.0437997794740509 0.0475146022245938 -0.0744222720545801 -0.164380465559231
0.0649134873443032 0.0462802127262238 -0.193000717999433 -0.213387402542926
0.0846054606085524 -0.000209616325051891 -0.318022047518447 -0.128166082630935
0.0771052088952908 -0.0450770812248813 -0.327585202811753 0.0209667563508448
0.0422428336111004 -0.0708372509633675 -0.252710061480035 0.116244121320629
0.0251121579813622 -0.0811498339786361 -0.174833460578087 0.157083921027276
0.0173357435829039 -0.110553110137954 -0.0889098081236231 0.174261095469076
0.0570703365947839 -0.119244182363328 -0.0298621283849833 0.195320115564557
0.0947685240873616 -0.0948494455397597 0.0128888844093279 0.19209307374303
0.143946024421293 -0.0563998403921159 0.044961622364598 0.233842377447455
0.139650937976192 0.00702539463804193 0.0444751020448207 0.292026313707431
0.130402197839244 0.0813556941941683 0.0772421807475422 0.282822379600985
0.119712816538644 0.150495689894097 0.116431083815917 0.273242490826344
0.0879224950647253 0.244745583593091 -0.110433557104631 0.208656604777873
0.0671991879597014 0.207335372276076 0.00975942265729304 -0.0107528045659289
0.124745626238652 0.166474670152747 -0.100337762132172 -0.216694233280641
0.179743604389759 0.11387131243869 -0.216352930941095 -0.236183686629526
0.191423906524973 0.0169649887137066 -0.309635080466155 -0.127463857425921
0.170273619766553 -0.0670417119176777 -0.300249971814685 0.00732966297756432
0.114677825358959 -0.126323491893673 -0.216839036588891 0.0859137692029486
0.0769179419403549 -0.137134966829319 -0.146617480476102 0.112379614758589
0.064743550162613 -0.17344683401271 -0.0628366381533102 0.123361317705357
0.122594124549117 -0.172413158656655 0.00372615864664896 0.143223082993477
0.172041271533545 -0.130026346255297 0.0577441492658568 0.152886676684995
0.250002030554447 -0.0631996216034956 0.0775519508410485 0.216124751161595
0.247723950898809 0.053214213170448 0.0454487020577264 0.275848438463884
0.199999128472488 0.181892293250408 0.0488684244694392 0.229579156625241
0.154857121691798 0.283308561569169 0.0927068350485751 0.176505720957465
0.0920857445373862 0.335635136301922 -0.124070484208091 0.0768399299820137
0.100353040131885 0.32220724624747 0.00507364646081668 -0.11220928633464
0.211182900816379 0.262885963582213 -0.11828802904249 -0.275855965480211
0.290921405035834 0.152635540941337 -0.228109965617515 -0.25291170304264
0.28015185047347 0.0139226375053678 -0.275178846289124 -0.122611143378516
0.238391713192715 -0.091327434280853 -0.243553447362972 -0.0131544656936955
0.166210091414135 -0.167497000249884 -0.155936138052567 0.0418252943110641
0.11568270458904 -0.17335414237322 -0.0977285467518307 0.0517390041025674
0.105214383134669 -0.207006095327021 -0.0223482324458251 0.0569104593452261
0.173321767111866 -0.194586945577968 0.0466815314086702 0.0761747163383015
0.227345383128273 -0.137807056403249 0.10950443829976 0.101047783562321
0.316009491528313 -0.0520332754374909 0.112137569067928 0.190828052513486
0.31342851189027 0.0953918356852926 0.0425695415374271 0.253518968194071
0.232845416133063 0.25746424287163 0.00754803487793507 0.172373278742675
0.160194118308866 0.374206791149363 0.0572516674002056 0.0603861582784911
0.0901000947047717 0.373787624209693 -0.130135181556403 -0.0729210023567684
0.127857089851269 0.382126901789983 -0.0120412783770038 -0.222745637677762
0.27527644201575 0.309827854324937 -0.128259272251252 -0.320608744596159
0.361697390821556 0.157026809406334 -0.216627823878679 -0.256547805586074
0.324074834463586 -0.00306683895234909 -0.211580597840656 -0.120978562532957
0.266725255410105 -0.109123112761874 -0.16330760714853 -0.0473693367435845
0.187592416913514 -0.186682668461548 -0.0807199166579788 -0.0147560355798333
0.136039547019912 -0.182416381589567 -0.0352956061348311 -0.0148337739146073
0.133292451463468 -0.204961879072331 0.0330413075394908 -0.0123569312621119
0.207177895965776 -0.178660137501553 0.0996629434168546 0.00945626126001181
0.255680381409208 -0.109697308897638 0.163742327140503 0.0542039159236596
0.33743934532055 -0.0102099656400552 0.142426487324602 0.16380779221521
0.323507435005759 0.141467794827259 0.036360198493404 0.222199310010567
0.215398946479535 0.306014581037374 -0.0326748463015687 0.109783602672098
0.129787827237963 0.41347894196843 0.0256873260344644 -0.0619664140712659
0.0749251302832089 0.347391693174488 -0.13498563417522 -0.212445699370762
0.129266912390311 0.368867144004704 -0.0440583363081635 -0.317568175491772
0.282821128291569 0.293818172159787 -0.130734295145149 -0.338273745437914
0.358699237294122 0.130713402204802 -0.18028076533762 -0.24749037399086
0.30408322792418 -0.0196422194014916 -0.129600292347589 -0.130001601884683
0.246868304222862 -0.107384443887833 -0.0759355335184587 -0.0938414109583696
0.176162244902525 -0.174779289277906 -0.00575311561673281 -0.0764859585702208
0.135508510837037 -0.1644227126605 0.0313401185524442 -0.0769453602455396
0.145015205720247 -0.171766226847811 0.0995493701585173 -0.0715664671582358
0.213493170112314 -0.13237008857528 0.162368832404 -0.0382739003303564
0.250430283785254 -0.0545752338317112 0.219826256831513 0.0298222471533452
0.307556111724285 0.0489761290495186 0.166082796081495 0.148677657279834
0.275922270903423 0.182611112266226 0.0312761943970358 0.186953430396365
0.153492996672028 0.31894946814014 -0.0551329774562673 0.0463397548965162
0.0701533487950723 0.394622203513916 0.0113536033441893 -0.175279053092429
0.0416534430206435 0.261807901178972 -0.135504688088107 -0.315936820823049
0.0981520033013381 0.287729710617504 -0.081607341665003 -0.373349502734448
0.224834226522066 0.223683908471704 -0.117189938036296 -0.330315813711662
0.275713515500856 0.0889203396135211 -0.130106118441609 -0.232197227101163
0.224348363622531 -0.0215219175215141 -0.0536681635494467 -0.148293705419154
0.184974533570823 -0.0804791703803643 -0.00430464320945689 -0.143677349631249
0.14015268419422 -0.130881033087714 0.0528893840538793 -0.131694030614001
0.11450734443604 -0.12083111977025 0.0922987819938337 -0.125304182855724
0.130680188156273 -0.117139661900537 0.16747210806224 -0.110178093754664
0.184176443281736 -0.0750063420662163 0.227044861561381 -0.0548520564918917
0.204906266388023 -0.00224387365515475 0.269362050612782 0.0362467369997998
0.23333259167677 0.0881009180272779 0.181081442081928 0.149335007658599
0.190581252579622 0.190987641217138 0.0351032207011777 0.154378904581112
0.0723671045197045 0.283936125983087 -0.05128016537894 -0.00884095788685895
0.00177802875394059 0.319258860463533 0.0197366525365035 -0.264253983043341
-0.0113108000211425 0.134443239296093 -0.128836815618876 -0.364734754762601
0.03221080487964 0.164885419424558 -0.107095653749842 -0.384648032425085
0.11495731543534 0.127524135737813 -0.0900852761836139 -0.310301602575412
0.140838932941989 0.0513998663310494 -0.0838481944444346 -0.224710087774095
0.109671352238812 -0.00214003847525184 -0.00597928585474847 -0.171501591037612
0.100723497742824 -0.0273675461866444 0.0366852673075129 -0.183289977821659
0.0885806142042325 -0.0602662874537026 0.0865217165449917 -0.167637023159439
0.0755785266164998 -0.0598653515658573 0.137523437575032 -0.152362788996395
0.0885723983920094 -0.0540635642887852 0.222522731607138 -0.125996353630815
0.117704295456288 -0.026212751186639 0.281507567688537 -0.044633021556463
0.125560625113055 0.0205580261361122 0.303119192937758 0.0660340932308647
0.139068062028742 0.080908928260072 0.18946544966447 0.161892101463162
0.100948199562117 0.150409475967236 0.0488851790197574 0.133004715265227
0.00458116546081406 0.200769478506092 -0.0271869410322221 -0.0411202926166596
-0.0529269003418723 0.198559013575738 0.0436081215413841 -0.316279054797895
0.0516159824343961 -0.0238308377288185 -0.0190612943400745 0.355644530396354
0.0102630434268867 -0.0706350362270153 0.0555533811021006 0.0952183730283321
-0.0313415085365907 -0.0682193687737128 -0.0461059502280761 -0.134519578299647
-0.0420339755530157 -0.0264676691963194 -0.180414141100153 -0.190464984702651
-0.0274394670890615 -0.0243889963811928 -0.320077719376047 -0.106456259072259
-0.0245434684158061 -0.0210215076785114 -0.327372616845157 0.0505989730082176
-0.0349706437251214 -0.00658426763890818 -0.254545823977556 0.14798185250512
-0.0304953808317311 -0.0128489460671849 -0.173603854446337 0.192170637911927
-0.0387388796647446 -0.029635003492111 -0.0908868580776105 0.208214302699952
-0.0258326459850695 -0.0500000904731453 -0.0387030060299085 0.226811893060079
-0.00772520074697605 -0.0523190047722573 -0.00451133611381094 0.217436265706672
0.00653615786917588 -0.0587069095727394 0.0378610662013025 0.243848402686269
0.0100872796601527 -0.0592476832083737 0.0617104793966725 0.305278136817568
0.0483989528582054 -0.0466622336318972 0.098372803502302 0.327708817277964
0.0686829142285249 -0.0107681843065179 0.138196909852513 0.333126982165107
0.0820451401015583 0.115545873738469 -0.0707040720429481 0.31007916021079
0.0460897295241855 0.0660734421522105 0.0244553615509401 0.0609368770899858
0.0491263598150197 0.0443311222955937 -0.0828925253571373 -0.161791786989264
0.0692327092279532 0.0418368233022084 -0.205382857642425 -0.207129076498565
0.0854572980086747 -0.00649748922384801 -0.328503294071054 -0.116552846399129
0.0757432088565314 -0.0517153265808919 -0.331122893497761 0.0362024326541467
0.0410778139141064 -0.0750203596244973 -0.251429828894939 0.129147722821187
0.0222363417933243 -0.0838983085055131 -0.171093186721621 0.16916626910665
0.0114823448203857 -0.112952846853608 -0.0830899743399667 0.181564130730729
0.0519410617434135 -0.124347433835395 -0.0209967906641697 0.199493387237063
0.0913799087335878 -0.101064399310345 0.0214294041709095 0.196011308187195
0.14284008273588 -0.0648948581263473 0.0566022238567325 0.236295598174837
0.142481173851077 0.00104058164604201 0.059949149507917 0.292577950278512
0.137090539412048 0.0770251460394264 0.0901643991564918 0.283431594632351
0.128246901968413 0.148133060490502 0.130178072903825 0.272959273347781
0.0995622215352333 0.243006625090238 -0.103716933411384 0.215198084540602
0.0795024707743351 0.20704312742418 0.0112849929640576 -0.0131826501548031
0.137265504582256 0.161581221117579 -0.111753397178294 -0.214258838014344
0.18890871819599 0.104439665904634 -0.230212420294444 -0.229065090973462
0.19593548470244 0.00544395644860867 -0.320553148553871 -0.116182432170969
0.168685637894657 -0.0787537709014319 -0.303998988799403 0.0208020223881455
0.111275701257042 -0.134374295506692 -0.218199904644796 0.0953936352687045
0.0717978837477694 -0.142682379709469 -0.144438201054696 0.121551836410234
0.0560209883881467 -0.179057413281494 -0.0586810767416664 0.12902362215414
0.116037833313194 -0.181617804771708 0.0110685017992634 0.144446394425493
0.168960524617447 -0.140925044383022 0.0646465667274034 0.153520365659
0.248510142271246 -0.0775294247098111 0.0894056901330086 0.217627172693776
0.254756719729866 0.0426683432445452 0.0603694477518783 0.27719474083989
0.212340322071359 0.175686377477914 0.0604342523692222 0.231544643396342
0.172204204584512 0.280548858616311 0.101592265543583 0.175907043867823
0.107688345766679 0.334907398566041 -0.122353989550682 0.0819819765439622
0.118046061892021 0.322743090687408 0.00166703472721531 -0.115505428517025
0.230045045041271 0.255594798273237 -0.132440647396336 -0.272860217223439
0.304228536442287 0.139077921192174 -0.241811447658055 -0.245784236843696
0.286063263579085 -0.00177132908624168 -0.285725311217232 -0.112149964350477
0.237331231434314 -0.105989724508163 -0.247651606083519 -0.0019377299164375
0.160436797901697 -0.17805810433842 -0.158627024889406 0.0464355177176154
0.108492118826098 -0.180698422986391 -0.0967911747750897 0.0575605754255233
0.0949883857984502 -0.214447754371547 -0.0202193800567384 0.0596296107182171
0.165796894889377 -0.20654645506117 0.0511730748683355 0.0741560084637402
0.225223574504847 -0.151991724911806 0.114058337679633 0.0979365939070818
0.317199262769884 -0.0699232742673905 0.12345589211542 0.189326780641283
0.324434321875579 0.0817967322129298 0.0567449855487739 0.254329968248031
0.249775931229543 0.25008410673362 0.016382693848718 0.176012802994164
0.183078242500507 0.371730343691007 0.060660073168888 0.0597419319240029
0.107292949584774 0.372820453551094 -0.135658780984195 -0.069847575939818
0.149604180844387 0.381692664979138 -0.0203222346809481 -0.226655199328047
0.296333652396097 0.299568365342761 -0.144866808509114 -0.318160004841205
0.376461941549421 0.140212210889859 -0.230026638649227 -0.249992100541844
0.330412561045724 -0.0206523200160688 -0.220615515157602 -0.113850213388498
0.264864239463675 -0.125079054719449 -0.167711345017674 -0.0394712440456842
0.180554576986225 -0.197029874111774 -0.0847731527087272 -0.0157346944662385
0.128634060580788 -0.190482133114577 -0.0364555199484717 -0.013674186084118
0.124091337306454 -0.214047660897969 0.0329291195886811 -0.0138102951357105
0.200046599721119 -0.191739684182042 0.101704213689354 0.00452304224726135
0.255504855274272 -0.124867167487012 0.166806336555026 0.0472101510317754
0.341193383195808 -0.0284834493784945 0.152655818232366 0.16093731437762
0.336011526785956 0.127921855601638 0.0483781351999534 0.223232426043804
0.234306886087885 0.300431354627747 -0.0279450727896385 0.11502274816918
0.153920123894246 0.411763410918718 0.0229980813298774 -0.0626204607446297
0.0902710068621796 0.346253377838509 -0.145633598189413 -0.212060163806935
0.150173052220088 0.36783578038159 -0.0579207814489818 -0.31997394822138
0.302701307885747 0.283179344465577 -0.146593894488846 -0.33615563509433
0.372010883362519 0.114323256041616 -0.193132880670525 -0.241883432396428
0.309819179716818 -0.0356927873997331 -0.137652177592124 -0.126529846700412
0.244354111729323 -0.121876218543509 -0.0818413953188532 -0.0913656054940767
0.169914260047174 -0.185042618375459 -0.0117979955864344 -0.0821290727925117
0.128221908439675 -0.171900161408018 0.0290599941148047 -0.0810805487723913
0.136991536342582 -0.181230168166104 0.0973170819424547 -0.076735639538264
0.209711047506463 -0.14505429044313 0.163180520128748 -0.0464812416468175
0.252292928359008 -0.0690565068958517 0.222547929860155 0.018972152802763
0.313868707080651 0.0326583486329981 0.175677901583179 0.144003016990951
0.289587822705337 0.170960104940053 0.0417269702760831 0.188110207661875
0.170828405407264 0.315666030891738 -0.0537048661873011 0.0520410165467952
0.092133983646612 0.394810677041088 0.00457754725667049 -0.176221404538859
0.053312969580704 0.261698769740004 -0.150998261480651 -0.316419522020932
0.113635821218891 0.286399117843602 -0.0990700080672964 -0.374497251183262
0.239836292450195 0.215305475610889 -0.133828250582915 -0.32920502409231
0.285703289034126 0.0770614569844386 -0.141620594939555 -0.229558032278042
0.228023321481471 -0.0320799006515374 -0.0610024791088251 -0.148243078376699
0.184235919172913 -0.0908479983295729 -0.010970823941457 -0.1454986405757
0.135348603235539 -0.138948470934284 0.0459109568401159 -0.140125897721541
0.108997506535738 -0.126491122326805 0.0885644150561543 -0.133007993767482
0.126023757313559 -0.124457390392078 0.165324206304494 -0.119818661967858
0.1814048752418 -0.0850034783843885 0.229116365926153 -0.0664213247442912
0.208390347520045 -0.013238121907616 0.272688681226003 0.0246048383349006
0.240426335187608 0.0764575529188676 0.19119302662453 0.144130279399436
0.202952409330183 0.184084425213421 0.0431832273997791 0.154492237666482
0.0862916610730058 0.283650080748982 -0.0527561235671718 -0.00326627993547072
0.0187042538877119 0.321020722310535 0.00886178071151274 -0.26634177754876
-0.00505517074000682 0.134779886831465 -0.145939628238754 -0.366335576821124
0.0408055338103062 0.165167222650011 -0.125675973824771 -0.385023320175089
0.122863896258741 0.124502792158576 -0.106188061891179 -0.310761793042752
0.14544070961219 0.0457167081839329 -0.0935289822119455 -0.223592067619821
0.111410715417259 -0.00602799463191282 -0.0130923595860853 -0.173789121876236
0.101337828661153 -0.032444222557542 0.0286536519618594 -0.18872013511647
0.0859949407686299 -0.0649734638791544 0.079568177416918 -0.178276337538496
0.0722188250881906 -0.0635191579411551 0.13313864670834 -0.162805312503717
0.0869930782816207 -0.0586283616811652 0.220574224307743 -0.138411076840653
0.11659794707993 -0.0321469456558182 0.28395764410882 -0.0583941097118216
0.12890844088246 0.0145656197936037 0.308766177981284 0.0524218450834697
0.143503722992026 0.0739442093354133 0.200574805612089 0.156498662802623
0.108723892317673 0.146980388484507 0.0561255008405674 0.133649916383894
0.0129055680167652 0.202580030041587 -0.0295782952720836 -0.0367943571938961
-0.0422462347941064 0.201847179555034 0.0305206544643062 -0.320286230396039
0.0519043880549874 -0.0274396398967748 0.00635195132648033 0.361680731309474
0.00656201912005507 -0.0727718216325969 0.0638586911112621 0.0907301866725799
-0.0364949249032758 -0.0690836862936341 -0.0564232098030339 -0.131540536360887
-0.0449722297295428 -0.0246052899620075 -0.197649341039712 -0.179061178616651
-0.0310412010337141 -0.0235496827656073 -0.333138145128459 -0.0850717583886463
-0.0271886088536457 -0.0210010919133211 -0.328119088701971 0.0760614128347729
-0.0341195141236498 -0.00535377714425039 -0.247178931033904 0.170190015314751
-0.0316958461214041 -0.0110167789472483 -0.162421225518396 0.210954955283979
-0.0408026672538144 -0.0266728405503749 -0.0773458652901831 0.219230886080799
-0.0298690980426526 -0.048642401053101 -0.0227799582265503 0.233841710995026
-0.012043682646034 -0.0523006553873404 0.0124901490610239 0.223054401742262
0.000753588491254051 -0.0597774977372589 0.0575867690679457 0.245673162380055
0.00629195139292673 -0.0605248946241722 0.0857109187539729 0.305443981089555
0.0465162351519778 -0.050313858027299 0.122574533510806 0.325047983318852
0.0681725511920017 -0.0144010785433293 0.164721577275275 0.330555903593181
0.0923342808202312 0.110746896938038 -0.0494394248068488 0.31858586170591
0.0527902447677323 0.0635596336909755 0.0309702949383651 0.0583968352909341
0.0549122152664102 0.0384070574421496 -0.0952474500369976 -0.156125511791862
0.074518435959417 0.0348060584404572 -0.223881753793131 -0.194670088524907
0.0862071300706109 -0.0147031689715814 -0.343064045057519 -0.0938160118812268
0.0725259558091929 -0.0596256960055391 -0.333335019688573 0.0616532388719679
0.0362675291620892 -0.0805417125245574 -0.246881202040679 0.15041625421806
0.0168156697348901 -0.086620217674818 -0.161121164158662 0.186330233367612
0.00251919883031264 -0.115305065754339 -0.0709727150327516 0.191804188241892
0.0427979122932743 -0.130534725748086 -0.00613732555012914 0.20406007818601
0.0851846144077577 -0.110525476097938 0.0363252511210163 0.198892023569488
0.138226942164946 -0.0775760056086238 0.0763212051367705 0.236102455945481
0.146579767534819 -0.00965767849890517 0.0837749522493729 0.291750062734149
0.146982262832355 0.0682464296802436 0.112484034062181 0.280663910954535
0.142498579809941 0.141198933447248 0.152019510416952 0.269547082097337
0.117485930200143 0.238425846959469 -0.0899869769337782 0.224989970103748
0.0975131741242273 0.203822505711385 0.0113139800397623 -0.0158912094517469
0.153867394226723 0.150391504092152 -0.128286304777417 -0.207278274284496
0.201535613725772 0.0885152892007721 -0.250131897724162 -0.215244030065885
0.200104473924746 -0.0116249385902432 -0.335738503406252 -0.0946412098811279
0.164969555637968 -0.0955485317579473 -0.307796133655728 0.0440915586139914
0.103176374101413 -0.145538135315621 -0.216453724620582 0.112614401437702
0.0620012028804655 -0.150413965873799 -0.137688548297953 0.135422348581152
0.0421470135537606 -0.185590979659055 -0.050140710362434 0.13653193794895
0.10291729307665 -0.193894815512181 0.0217356104062352 0.145969884464982
0.161202520648716 -0.157308836126798 0.0759821801223954 0.152439558409544
0.244970172872977 -0.0989479601407192 0.108987342942352 0.215175941002237
0.263710895945673 0.0238640008420067 0.0836301916968568 0.275570846932076
0.23114606732737 0.16269430892352 0.0785691402023715 0.231546886472148
0.197887613507069 0.271095370802275 0.116348733581064 0.173184011741722
0.132473163899492 0.331471972421844 -0.118917070599396 0.0905990759961118
0.145200686914055 0.319000578870685 -0.0054804568503653 -0.119179729781583
0.255364624996261 0.238869863610521 -0.15345966456408 -0.265591865263357
0.320710521556565 0.114531106661387 -0.263130534934668 -0.231297935953668
0.292179813202531 -0.0261424364447908 -0.29928131975199 -0.0928079109292099
0.232042331408102 -0.128762057572559 -0.251333259582822 0.017115520110188
0.149489077252072 -0.193914382259208 -0.160518644504535 0.0567008251240505
0.096116969638809 -0.190761576976555 -0.0941801751963174 0.0663503808192803
0.0787495794820398 -0.224181828266811 -0.0158742323207798 0.0627173757964082
0.151580406754459 -0.223665910723748 0.0575367509978447 0.0705764630499792
0.217310753767176 -0.174103385743497 0.121987521719432 0.0919545086814408
0.315225177640987 -0.0978541572218055 0.140894825161496 0.183750780621809
0.337643417019584 0.057140103923315 0.0776544397839501 0.253096750474023
0.274406509803054 0.234058404379821 0.0295094557140613 0.178997057877197
0.217363243914059 0.361795813434119 0.0660217710535738 0.058196420665023
0.135003030526318 0.369346364425889 -0.143168931447577 -0.0625020935141025
0.181944959069517 0.375728797219834 -0.0365082832133056 -0.229612025760108
0.326357264402592 0.279785803714627 -0.17090418113487 -0.310159282713613
0.395076536898515 0.11074923190332 -0.25139552313077 -0.235892261913881
0.336537411075749 -0.0484131399433317 -0.232479256172722 -0.099344535930191
0.259112690584923 -0.149532183493274 -0.172586648278064 -0.0275361841464842
0.168075209260435 -0.214809203993286 -0.090629485607113 -0.0122433009508117
0.115741796398948 -0.202843170570823 -0.0382151808358338 -0.0115618738886548
0.107528620083676 -0.226075108816241 0.0326346277930493 -0.0157821089849189
0.187031613349052 -0.211343380076517 0.103720854774142 -0.00418106468228234
0.251063360428142 -0.14887391587929 0.171252181100799 0.0363513108976355
0.342902731282316 -0.0579731920922112 0.168291236565934 0.152479264695271
0.35328451412245 0.102981799743744 0.0665737856921851 0.222751807466154
0.262361456907376 0.286173972942263 -0.0190572594192221 0.120857657010079
0.190047454546741 0.403686733121872 0.0189198406286672 -0.063413772311901
0.117269629649082 0.34447653481219 -0.164616989172568 -0.205885022095455
0.182041406764276 0.361072351027848 -0.0822304611118676 -0.321046957348493
0.330759987349459 0.261964564002777 -0.174117205845471 -0.328467801468581
0.387604739786736 0.0858202019950812 -0.212055607790981 -0.23060205621923
0.313963698497502 -0.0614608093795586 -0.149177651151452 -0.118337832210713
0.239141581090025 -0.144161775518359 -0.0896549640085106 -0.0865962186112465
0.158168808420181 -0.199954014544193 -0.0210819634822326 -0.0866759236615542
0.117040250185211 -0.182773195807438 0.0224956851753248 -0.0859136754847492
0.123241546600063 -0.194325426577257 0.0939337768421564 -0.085642823775635
0.200590537706475 -0.164640436310139 0.162513883871639 -0.0604590350462855
0.252046508151197 -0.0917141293810353 0.225372043928335 0.00366044014216567
0.320639976574268 0.00649649836572234 0.190015780031123 0.133546910975418
0.308701609572008 0.150768800095721 0.0567569389350894 0.187295003532571
0.198170081017436 0.306304200908869 -0.0501007761508896 0.0599181072983346
0.126896861632617 0.391236394454473 -0.0088602023678908 -0.177900788087727
0.0732439099796431 0.259853477435736 -0.177169577559691 -0.312564633022528
0.137941165394359 0.281983193772439 -0.128267867897403 -0.37306614924031
0.261152979997155 0.199387076007257 -0.159919190888009 -0.32302991545571
0.296777622933854 0.0564890054116209 -0.158183802554359 -0.221759041497713
0.231261098564342 -0.0504267238974333 -0.072535322669516 -0.146908756232808
0.179782188447063 -0.106920577535121 -0.0221853779045934 -0.147985636680194
0.126542061090042 -0.150586123810694 0.0337295435692011 -0.150094675533486
0.10041946784665 -0.135584650405762 0.0801991603615866 -0.143909078787883
0.116375080266409 -0.135812820079087 0.158353085287996 -0.134582343741507
0.176876194218219 -0.100634941955736 0.227441583090185 -0.0861974690228409
0.211549130853334 -0.0308624541251769 0.277769216527419 0.00369232064726251
0.249896288738411 0.057240844538226 0.206490380048082 0.132693938361714
0.221015160952049 0.170531783246996 0.0563771654808889 0.153720939492526
0.108503581307588 0.28054946383739 -0.0531282821858747 0.0036376924064844
0.0458429192722762 0.322456894323624 -0.0103031866616768 -0.269935089534475
0.00505037449912042 0.135987763451652 -0.175777744388465 -0.363445232645953
0.0545691152561356 0.1642002080691 -0.156882689901789 -0.380141950575766
0.135040947646157 0.116908755738985 -0.131364516522231 -0.306497855242843
0.152145946979569 0.0358918901730397 -0.110090125550661 -0.219407073675899
0.114218909487796 -0.0136410910304158 -0.0247501746888341 -0.176640910590945
0.100659629345028 -0.0408619835265054 0.0144737242997551 -0.194029521003651
0.082381494155259 -0.0718566844422714 0.0660150510711758 -0.190786707513205
0.0680752832581627 -0.069151532364752 0.12457931994842 -0.176944805474933
0.0832663781756193 -0.0660109967046006 0.213676688460666 -0.157410140487125
0.115338843279416 -0.04154916978542 0.285461922013055 -0.0814228650588338
0.132340816637234 0.00396282379688819 0.317159451844897 0.0293450815828808
0.150601355009769 0.0627180513912879 0.216203195575307 0.144537140666542
0.121901970356066 0.140737156605026 0.0666421947277536 0.131812494136803
0.0277263075709323 0.203835325561457 -0.032405988542634 -0.031684135163777
-0.0263202531949427 0.206643656777723 0.00745602935152177 -0.324724902373494
0.0501194437152692 -0.0320314308099988 0.0391112147567759 0.354376204925167
0.000149918850618293 -0.0727214675295984 0.0723426642946591 0.0826509520128177
-0.043162137442276 -0.0665270169716671 -0.0664356385594303 -0.123427687820749
-0.0471008318231051 -0.0215395927948864 -0.21012650516782 -0.157587149717399
-0.0335667068132569 -0.020655487595667 -0.337862571242156 -0.0522955835110066
-0.029345902776156 -0.0190347299683174 -0.316588536199563 0.105332822365768
-0.0331659207969779 -0.00357775622479571 -0.227191481682964 0.193874121857082
-0.0313338104479329 -0.00888426760800634 -0.14040337403752 0.225795076483287
-0.042606082104009 -0.0224426172646836 -0.0553814667136564 0.225810901646814
-0.0338278633674767 -0.0451126026579688 0.000404984733936764 0.233752068062401
-0.0169966766268722 -0.0504765633311537 0.0336485665040262 0.219965845372624
-0.00593176898424396 -0.0592403184386483 0.0810557868698193 0.236872023337085
0.00118199698469043 -0.0595395862582283 0.114196618766111 0.291958391831511
0.0425994816654049 -0.053753970779751 0.150046905218023 0.308344141239212
0.066036498167802 -0.0194897607330993 0.194166741910931 0.312490227297379
0.101725049994589 0.1007001688859 -0.019553650037732 0.318551499905072
0.0589397471079093 0.057558508265971 0.0371541993533725 0.0529297500031934
0.0582777095960688 0.0301521724052467 -0.107178361538263 -0.143559805480546
0.07704399953994 0.0246666668727817 -0.238691199448834 -0.170401359584566
0.0834675275147755 -0.0245169604832136 -0.34881446513054 -0.0600433709297855
0.0643795218831525 -0.0679313622268075 -0.322663136090396 0.0926001878775918
0.0292406722168281 -0.0844223871285169 -0.230197269479754 0.173593894541494
0.00900637166623546 -0.0878807845849402 -0.141644367450624 0.201570984131686
-0.00911874327148706 -0.113790109866314 -0.051747781460829 0.198381645732597
0.0295473015202286 -0.13341759465253 0.012740130821256 0.202369721962805
0.0738817806015664 -0.117877932109 0.0546218286996919 0.194801608672196
0.12770567045205 -0.0907236797903309 0.098978268388003 0.226006665755749
0.14443743927814 -0.0229868940627609 0.111348268841337 0.27932950496042
0.153245278397758 0.0528170947772888 0.136377719240401 0.266749077282514
0.155252680002482 0.125096530941008 0.175670650899527 0.253331287430875
0.138329011469612 0.224092713397867 -0.0687809748200221 0.230133400948419
0.116451596043294 0.191787154209676 0.0107395748529498 -0.01799745158092
0.16783972386825 0.130464855292342 -0.144447723506229 -0.19061768451523
0.208121333625972 0.064542386275451 -0.266437487037243 -0.188146304608274
0.196686536614315 -0.0337337447064552 -0.340759577477463 -0.0609500163142249
0.152620056006596 -0.112106030616819 -0.298416194089383 0.0742268922494833
0.0876029248007751 -0.155563655756218 -0.204623791891832 0.131705665482132
0.047078117679734 -0.154340212091517 -0.122917524963103 0.14831346958641
0.0228990629126961 -0.186694002601245 -0.0361087804626086 0.140808892647783
0.0815051600766721 -0.202163995726693 0.0345646985791529 0.14186532867844
0.144104392977638 -0.172515189934631 0.0885542040049842 0.145035481663537
0.2312770325674 -0.123163675621492 0.129680127437192 0.20212749370033
0.264452962278958 -0.00361594715982146 0.108934149590471 0.263833870404741
0.245435495494614 0.137573542595905 0.0991801485235465 0.222072673000936
0.223156840240767 0.246373116105233 0.131097487911333 0.162000208924153
0.161106868056308 0.313714216392234 -0.109581218666331 0.0998855006603146
0.174943048175937 0.300056894858075 -0.0159219432861249 -0.117694839920406
0.277333669805658 0.207116267304342 -0.175578243024708 -0.245562548736357
0.329388815413026 0.0783070139671522 -0.280907268825816 -0.202637433875917
0.28693779777099 -0.0573852426048954 -0.304302196974195 -0.0628303883743323
0.215617925208827 -0.151626858186215 -0.245549359758498 0.0413709705007037
0.128885383783254 -0.207041116054234 -0.155714074847033 0.0707593842527106
0.0770887834494186 -0.197760626168663 -0.0872408065469741 0.0745949092222731
0.0545928841804478 -0.227538580548042 -0.00910106389633278 0.0643165650026675
0.126228900965225 -0.236833548044975 0.0624800340120348 0.0641666215188246
0.197663978266419 -0.194217782419276 0.127909861562772 0.0812265158865616
0.300856932529705 -0.128782406235513 0.15899541251403 0.168306563275965
0.340819108885995 0.021752783949983 0.101166898186173 0.241379955761605
0.294671935695134 0.204894001989963 0.0474187085883851 0.175506757273934
0.251055301479978 0.332633055638974 0.0701547507261467 0.05327257615216
0.166551526954928 0.35161685394578 -0.148305438097974 -0.0495823121788239
0.216384953517811 0.352954241098841 -0.0574741885311529 -0.223462829985405
0.350382046314812 0.240407552615831 -0.19623967695484 -0.288331338273276
0.40249309362562 0.0684427299760801 -0.269279070820326 -0.208910358051754
0.32868995709588 -0.0833418561480025 -0.239296872821671 -0.0760574150178271
0.240694000273055 -0.174725743977379 -0.172086332951698 -0.0103845481511823
0.145249983962977 -0.228620041626132 -0.0940845301118344 -0.00595677018258721
0.0944872042504108 -0.210702182028002 -0.0391131001264866 -0.00879550583101021
0.0825739159813247 -0.232124005821432 0.031427811425527 -0.0188418986719817
0.163058195389579 -0.227692319813232 0.101078411205334 -0.0142720526749001
0.233565693664376 -0.173439098948023 0.170993667636356 0.0210600244009347
0.33195338370808 -0.0931741124649199 0.183314576568272 0.135142635839899
0.359873543192137 0.0652942306640563 0.0874500531423471 0.212569093574995
0.28814760811461 0.255583302468017 -0.00654707654930759 0.123037550355245
0.229698439931194 0.376474810402714 0.0128615980019041 -0.0625192840709955
0.147298030068497 0.328787122237037 -0.18276114778034 -0.189064479189719
0.214543482459042 0.338298234136913 -0.111579156397195 -0.308523716394665
0.353082268400856 0.223349217443564 -0.202045450456665 -0.30616680700602
0.392858635279361 0.0451804959644866 -0.230433597418109 -0.207869427645653
0.306144820825908 -0.0930524051702551 -0.158041710465332 -0.102686334182838
0.221174328468297 -0.167680384360364 -0.0956709857944098 -0.0769938006062461
0.13686454155121 -0.213034899340574 -0.0326558004084786 -0.085797644502544
0.0974811326391107 -0.190975591640843 0.0144740508678303 -0.0887046591123643
0.101637944489039 -0.202197896165364 0.0842911159843114 -0.0941801475735341
0.179744595278761 -0.182543244110054 0.153823824917855 -0.0758600781241889
0.240285108344248 -0.117025704343314 0.221047561277258 -0.0172652309393779
0.316153405979218 -0.0269409964707478 0.201883671724015 0.114059582998954
0.320804727167402 0.116723850960094 0.0739845807024854 0.179378445949159
0.225668164039427 0.282508825550896 -0.042578245806857 0.0661666316899227
0.165234975425833 0.369486062034665 -0.025486315314273 -0.173123019659481
0.0960248174267262 0.248694442357371 -0.204327056772825 -0.293028792515409
0.163718072529304 0.263660066153746 -0.162228876747442 -0.354931909883553
0.277826580893927 0.169780973531908 -0.187786212748709 -0.301727088624119
0.299549847289912 0.0253015146297154 -0.17627881696699 -0.204362118306437
0.225153945602305 -0.0728354978349419 -0.0844129873687324 -0.139010439281353
0.167707418899215 -0.124037774250331 -0.0355954238086952 -0.144464489418805
0.109720303407291 -0.160411159620441 0.0162937192842646 -0.15487720981076
0.0855761339843921 -0.142723755793025 0.0646133603156336 -0.151869041819554
0.100884332095647 -0.144663977926502 0.143229719786006 -0.148463663581391
0.163281570292773 -0.117292678598994 0.215958079372113 -0.107180016055614
0.20627770444441 -0.0525870472469383 0.273020735230925 -0.0230232171746036
0.250885329023553 0.0305140485796864 0.217301721741738 0.110947848782093
0.235428003958411 0.145948874887832 0.0694761108088416 0.147262048745336
0.134200227277105 0.265494628651853 -0.0513128402591048 0.0116591093934515
0.0786952169905036 0.31076037454758 -0.0355691683216223 -0.263341806942236
0.0177065616565705 0.133118766294537 -0.207314149890249 -0.344096885347843
0.0695070793824378 0.156294376183839 -0.190711401834675 -0.35849174264139
0.144948529856241 0.102075791220593 -0.158116748636992 -0.289029192681834
0.154876840802736 0.0212654245857549 -0.12788550736225 -0.206115199499704
0.11292351857031 -0.0239781608116119 -0.0404012714778076 -0.172670534754589
0.0959236867189508 -0.0504580535225076 -0.00423915020334632 -0.194096666742534
0.0737660135744961 -0.0781210755159287 0.0455722781814338 -0.198374528602971
0.0604367233169721 -0.0737651451571217 0.105402226391564 -0.189468265678585
0.0744084101279842 -0.0720823988079929 0.195919112134801 -0.177124146103188
0.108410258635198 -0.051770802833028 0.273151571669008 -0.108210993943625
0.13151870315552 -0.00865102437622932 0.314965760867093 -0.00236897421651529
0.153673445873534 0.0468159181074782 0.228397269781615 0.121439235221248
0.133519119853514 0.126137537301539 0.07802805161905 0.124410256625857
0.046703731704265 0.198344024321433 -0.0343475564292219 -0.0254307737311024
-0.00412120834937909 0.204147700673367 -0.0230393024968443 -0.319963391695879
0.0463046302919563 -0.0348028422767691 0.0658968713432933 0.332127091033593
-0.00528126372326347 -0.0697468250880304 0.0765533142751473 0.0710924597919015
-0.0473739618616409 -0.0601594045554757 -0.0710104484621143 -0.111153382735755
-0.0468463148910459 -0.0175496551756889 -0.212265695328586 -0.131938221932563
-0.0350237469222656 -0.0165052337676151 -0.325846476505287 -0.0211362810644668
-0.030676182504085 -0.0163652416653049 -0.291713838145773 0.127170334485303
-0.0306351476952729 -0.00239094710285333 -0.198426079074876 0.203863551571705
-0.0297186645864382 -0.00658938301980441 -0.113298580108149 0.229129695077724
-0.0414501727830863 -0.0172919567575518 -0.0332241595204681 0.220558786237042
-0.0357514452678033 -0.0397154277800225 0.0206962594720003 0.222732834343597
-0.0204285580763703 -0.0468638144946036 0.0508845916586322 0.206680081303714
-0.0111689700724308 -0.0550365400367942 0.0966701942246846 0.217134866040892
-0.00301713433590929 -0.0558851596995976 0.133053305095675 0.266848208089368
0.0362891191200771 -0.0543966189743764 0.166459583144058 0.280866240494585
0.0602964737474371 -0.0233028079325388 0.209661525795252 0.282538154773478
0.105085490693034 0.0867867146279572 0.00662743047538482 0.303067721498707
0.0614646573835762 0.0495618271929035 0.0403105921681679 0.0456833445026755
0.0576506494857635 0.0217257038094587 -0.111453041220117 -0.126853148637578
0.0750348463116682 0.0149073113507361 -0.239477652031756 -0.142177431875987
0.0769798285539092 -0.031150138954862 -0.336546579745308 -0.027664991248406
0.0540653381360018 -0.0711590635849785 -0.298120153648265 0.115602474038548
0.0208154166624332 -0.0842492374648983 -0.204402698989405 0.185027974449764
0.00186820153111856 -0.0848310491281851 -0.117540962624468 0.205423660232272
-0.0177440492608239 -0.106732639529259 -0.0323110119343404 0.193976580325512
0.0166046515747203 -0.12896059855792 0.0296860369479812 0.191905817340349
0.0595602503149382 -0.11888885808866 0.0681895735600924 0.181550418948913
0.112209107993183 -0.0968812041131604 0.114161842394817 0.205316045807541
0.136499157682637 -0.0348481168029376 0.129294638107463 0.254216118358221
0.15068630084242 0.0369272870764749 0.150964132311835 0.242424688602582
0.157627295550104 0.104460286882759 0.187173028430055 0.22788387875743
0.14888672052494 0.201351520075167 -0.0470555266965587 0.223025311066441
0.127756448235086 0.172302026881153 0.00982881205142865 -0.0190726686089865
0.170553553928599 0.107588221415301 -0.151187472931123 -0.168106927674155
0.203685438452185 0.0413623690130958 -0.267271655450705 -0.156822611650116
0.184255869800683 -0.0505952843492495 -0.328635663868401 -0.0290777370276874
0.133974960927088 -0.121432607711147 -0.276295989693228 0.0949872979798812
0.0701072610186287 -0.156411560220692 -0.18444909879583 0.14266603943977
0.0322401588860261 -0.151341892668148 -0.104489973863724 0.152834877218507
0.0057368530580972 -0.177624644448173 -0.0219875972210225 0.137836827586673
0.0595545048300037 -0.199535351437901 0.0442457533105961 0.132051788155914
0.121999217870716 -0.177360633178522 0.0964650549367938 0.131390960020749
0.20783988855923 -0.137310671341928 0.141610700204454 0.179919086454964
0.251996414754864 -0.0268119868158728 0.125930283254596 0.239813650715719
0.24584318686241 0.108407156478968 0.112722387385543 0.20326752347689
0.233624867485746 0.211954723206769 0.137353851770857 0.145068863983886
0.178680747875136 0.285215945060498 -0.0972319878656642 0.103681837297459
0.191933240419336 0.270067314472671 -0.0247704006408159 -0.110918555003941
0.281802582003759 0.169673592031829 -0.184368528218904 -0.216854264391839
0.319856942324306 0.0432129647995915 -0.282547378594353 -0.169245547954318
0.26833736930452 -0.081776045270975 -0.294432985899685 -0.0340679115495291
0.191234006775043 -0.164187746102412 -0.22835568430401 0.0600552880679545
0.104188917938478 -0.208431231870893 -0.143847815971925 0.0796983897721574
0.0566677708072048 -0.194234496820725 -0.0768610967912659 0.0786575512106514
0.0305637590252656 -0.219608099115689 -0.00279494436951373 0.0627413874092565
0.0991968830239579 -0.235786450217739 0.0635148199220684 0.0556944133311803
0.171201163314704 -0.203606800192115 0.127591970270348 0.0679743246583734
0.273107402760409 -0.148879697269489 0.166968164895393 0.145237868348352
0.326736049186685 -0.0103010908029645 0.117183351452984 0.220097071899823
0.298361010220086 0.166492282826747 0.0593355093776974 0.163768183486159
0.267920798357681 0.290714947432637 0.0712439178760464 0.0461467229848712
0.18784584724799 0.320724366607733 -0.145987089721678 -0.034963200443963
0.2351575914544 0.316163456751094 -0.0729352267741097 -0.20630648725146
0.354751611434979 0.194636684364526 -0.207767442920107 -0.255418716564184
0.388468815000306 0.0274039264523715 -0.27248981047686 -0.176231499320684
0.305953712600702 -0.110353160511724 -0.233209999644167 -0.0522110404146858
0.212120757939381 -0.188845622121554 -0.16286834093262 0.00446830544213349
0.116873567481726 -0.23014725073987 -0.0925873052337126 0.00188983470779005
0.0725925437269014 -0.207393800920205 -0.0390385349413934 -0.00564709336045862
0.0571393830380649 -0.225954059829314 0.0285311080242748 -0.0205076391314156
0.13400119363229 -0.230586118068226 0.0936050201695536 -0.0220461565447595
0.20672307957293 -0.1865313942449 0.162428895850174 0.00691410942079964
0.30590409630063 -0.117596158953295 0.18758811829868 0.111846296981438
0.349252653975335 0.0285719429814433 0.10060733321665 0.194757362081633
0.295444081418816 0.215908006633036 0.00488627066531642 0.119043754319892
0.250864415992622 0.332265219124686 0.00620294890011527 -0.0586316738239622
0.166714954752149 0.29896408444015 -0.189967995642299 -0.164944349298768
0.233066033472359 0.301926788435063 -0.130666977105159 -0.282261646136981
0.355497725513363 0.179812199479965 -0.215103935813475 -0.271632898776218
0.37760680811368 0.00658471323413814 -0.235001453850092 -0.177711794710062
0.283241158271549 -0.116526132200421 -0.158061446704233 -0.0850894376657042
0.19545076752533 -0.179302420264092 -0.0963150712855729 -0.0661838134739682
0.111515547682928 -0.214136332852265 -0.0417987540255678 -0.0806046376462907
0.0767448274966621 -0.18899351263072 0.00484840476710466 -0.0871506922757661
0.078028590532788 -0.198667005504399 0.0724930486633654 -0.0971187042714345
0.153701971371719 -0.189451743716392 0.138875181939372 -0.0850639625600725
0.218076973047468 -0.133699462206523 0.20717986986889 -0.0343078964257309
0.297018679298384 -0.0538333729552194 0.203050962747157 0.0903505474478295
0.315235943025185 0.0815786715431633 0.0849931104522808 0.164309671378842
0.239032748966651 0.247107068529028 -0.0344675562340944 0.0684712504601189
0.189962953767864 0.332275169277279 -0.0395402823117031 -0.160010439245975
0.112107912736825 0.227561637706487 -0.219119421735106 -0.262416899282252
0.177847609937044 0.235407655700003 -0.182959176893694 -0.320973260310945
0.279210610525296 0.135707889386183 -0.202294791991525 -0.26948577077637
0.28809159655743 -0.00329252703505103 -0.183352842295287 -0.178574857146699
0.208708013318344 -0.0894725100125415 -0.091488227160552 -0.125681485847689
0.148278718015965 -0.133328566262842 -0.0455992937698577 -0.135145891026241
0.0896968765421168 -0.161032116915164 -0.000552444467732343 -0.150793867282435
0.069431833379001 -0.141699497549452 0.0489023024210894 -0.15220264130701
0.0823527546282951 -0.144751967063726 0.123448647224472 -0.154325259754917
0.144303182273288 -0.124920124570555 0.195435397558604 -0.120189506314169
0.191580597177051 -0.0691065854357991 0.255291558774043 -0.0443024655941076
0.24006321766791 0.00658643049084047 0.217271384739347 0.0868650230435212
0.236505698727017 0.116687371230518 0.0780787299465872 0.133680691351067
0.149902749114808 0.239946080736678 -0.046315017409282 0.0171098248905071
0.102378094570982 0.283851576497093 -0.0564031470221068 -0.245506203845785
0.0278538957111131 0.124027693596436 -0.226221313629142 -0.311354749201325
0.0803982428940449 0.142104394292115 -0.210793867340605 -0.321774786281942
0.146804958533081 0.0839679818807595 -0.174012903492406 -0.260242789499565
0.150146738368383 0.00626075459840197 -0.137812744749723 -0.184927102182923
0.107251840302416 -0.0326671453133895 -0.0517514841910947 -0.161925026292539
0.0877520080041917 -0.0564338817000967 -0.0207168320868251 -0.184739776507996
0.063094154235038 -0.0798818548654263 0.0240383420900531 -0.194810410075795
0.0501714439228055 -0.074394880156295 0.0841206134899031 -0.191140110181299
0.0640797293819744 -0.074273877167822 0.170218461745845 -0.185509805915985
0.0979588312149118 -0.0583132123691064 0.250226604689951 -0.12595284819742
0.123990620980028 -0.0200971763380304 0.298392174707402 -0.0284316793718219
0.149779737083955 0.0312464802948719 0.22740260700104 0.096290831909767
0.137148717589141 0.107714374497584 0.0839633967173688 0.112114538236663
0.0600791543181678 0.184098167526504 -0.0335249326556381 -0.019149319566384
0.0150798680804509 0.191893300649993 -0.0481099526940328 -0.300003690517189
0.043372667429506 -0.0349115528648226 0.123731115585482 0.288579224023695
-0.0134653432894139 -0.0631808950239639 0.0850179394483422 0.0470002782147186
-0.0544846994593813 -0.0465780157470191 -0.0857668161374615 -0.0948940318207632
-0.0493692108630402 -0.00437467904585901 -0.221996796102001 -0.0886813761733586
-0.0362825680480632 -0.00281746263386083 -0.308693209941767 0.0376533809637052
-0.0298875922284983 -0.00673272562510618 -0.251160252929663 0.167777389337183
-0.0264523728969371 0.00314013633691383 -0.153131565339547 0.225640034908853
-0.0269314390537517 -0.00133428917982379 -0.0651696654628638 0.232831561277084
-0.0384035972004714 -0.0094040859564641 0.00940275964660027 0.213394567086646
-0.0376939940494621 -0.0299272893083437 0.0624040647453533 0.204044378224451
-0.023978946977647 -0.0386149947700349 0.0860656731857191 0.183210938122636
-0.0177370331253636 -0.0458808706892147 0.128579394299426 0.183245246248317
-0.00802026141495984 -0.0481639898200019 0.172224462554423 0.219821742099052
0.0262012370778008 -0.0510548640039945 0.20400759324037 0.227727758613286
0.0562837620291229 -0.0266581564409898 0.239200117374217 0.227507732010934
0.112022480454605 0.0684016849121742 0.0668279410595722 0.279797974606446
0.0645860935032795 0.0346256944966584 0.0484858252832894 0.0355020090984594
0.0520763260416492 0.010321997180547 -0.120243602223065 -0.0950994730371203
0.0651708195498838 0.00305087592100944 -0.243287784013387 -0.0864461622791828
0.0622719893894787 -0.0350056085112358 -0.312628412347628 0.0339944430236606
0.0389554936300512 -0.0702714296681214 -0.255640659696217 0.155962106967192
0.00693811030289786 -0.0796319703027331 -0.158275660324076 0.206052203709972
-0.00898710809499272 -0.0776996911723009 -0.0723597151844373 0.212341895162379
-0.0311495293932972 -0.0942558184090328 0.00657893585157634 0.189962922014519
-0.00405486216391177 -0.121224545554715 0.0655164232116165 0.175101416583891
0.0399373861073669 -0.116442940356697 0.097452297003146 0.157274485538119
0.0896329719995099 -0.10402307548194 0.140741229825176 0.170082069181881
0.121267392135267 -0.0493023642689336 0.168121844903269 0.211243786811033
0.145431974575995 0.0126583428197817 0.180189425802157 0.196998091734321
0.164635193121146 0.0759356654988629 0.208315367771879 0.181343254022203
0.166498728742442 0.165459639517819 0.0038997077003779 0.222601271075612
0.142582964016853 0.135647540826377 0.0102649077428647 -0.0130838903360263
0.166131032904997 0.0693921795503484 -0.157473308524832 -0.118054041182893
0.183941939834062 0.00471680451620608 -0.26475088134909 -0.0894892537912609
0.156399016887044 -0.0709004031559038 -0.297505850593447 0.0304220561603223
0.104416202657918 -0.129735364757125 -0.23426864094192 0.131294297269999
0.0396616130556777 -0.153199395448481 -0.144730101612573 0.160794843560987
0.0093876850598251 -0.143224412045827 -0.0695388616174223 0.160736941159386
-0.0210681060017124 -0.163556928605783 0.00668057396784375 0.136640345016601
0.0244458364901844 -0.193330473383301 0.0696165601425839 0.118516320941906
0.0891839587378041 -0.179681780968186 0.1136791027357 0.106522336933046
0.171960928285148 -0.156487151599956 0.161556562401524 0.143073290268549
0.227105460349927 -0.0585834375676071 0.163637394567413 0.200509440332238
0.243229474984782 0.0618780817044266 0.136641510459489 0.169638715749542
0.249529604267283 0.162334512840488 0.148050471485827 0.114432077370894
0.202554099524085 0.236124874082701 -0.0633292142781987 0.12732702392044
0.214441894993939 0.212808615194506 -0.0368157995736254 -0.0870791384680376
0.274600313888259 0.108324974955301 -0.190923832658692 -0.1509877685354
0.288610910238236 -0.0124789440699747 -0.274109256851797 -0.0933808196336426
0.227818787789958 -0.113485737624386 -0.261410362101403 0.017793795817836
0.149451597802694 -0.178797553812134 -0.193130311126919 0.0879203672578173
0.061541340863937 -0.205659246659653 -0.114902784525396 0.0929092380225858
0.0252455913080297 -0.186209260978893 -0.0564612213711922 0.0858206443744464
-0.00428521377780013 -0.205756133959398 0.0109426275411954 0.0628815124912379
0.0540545776208231 -0.233676460169744 0.0742551564595878 0.0449316132796452
0.130624540019921 -0.211715647718101 0.13014761007929 0.0425053487442126
0.230063813246777 -0.17887180285726 0.177261371811057 0.107361652116584
0.297373216222702 -0.0545544579014152 0.151940673292067 0.185359241408594
0.300509545659788 0.105897243494975 0.0798034858296312 0.143236313080766
0.291220911367572 0.227931948583292 0.0702419225542839 0.0340258410798426
0.213246485277549 0.265793899048208 -0.133070832782025 0.0112253446543136
0.258883293300341 0.24832809499905 -0.0978524484893412 -0.164093427732436
0.343276036701036 0.119141233314315 -0.216146905355774 -0.17915614127131
0.347417549388968 -0.0387621473560566 -0.260913387759281 -0.100045963796039
0.257546402160234 -0.146222458329527 -0.204539798906922 -0.0121444172604077
0.165143100091797 -0.204932678762053 -0.140758198896393 0.0227740613176336
0.0699965187104934 -0.227700260020229 -0.0795872430556923 0.00966642242729673
0.037243776524459 -0.201091743436838 -0.0358086160235791 0.000556478336720539
0.0173792528140409 -0.21624459765966 0.0251690493929228 -0.0201818655230672
0.0860266590132 -0.234503853762461 0.0868554803455047 -0.0327797682954783
0.165178038076054 -0.201857486660278 0.150871525343268 -0.0206249986095371
0.26565679146344 -0.155270289569453 0.18873463553828 0.0720137136589451
0.321913221336622 -0.0232373448038331 0.132506982659111 0.165661651242697
0.303817247165502 0.151426798717109 0.0205231777865119 0.112689258866217
0.280375037027469 0.267525827047305 -0.00723878222787716 -0.0518975592735142
0.18875750182948 0.24855854986742 -0.198777900008749 -0.101183208987407
0.252983025885175 0.235694991982531 -0.165559993549233 -0.222662740476713
0.340723355359342 0.105061694994681 -0.225827433502955 -0.193758615461367
0.334891372655685 -0.0554262537295021 -0.226738437215493 -0.109878944678231
0.235777047140563 -0.149533239519933 -0.142280316618869 -0.0571198795848907
0.151128845601501 -0.194377376317572 -0.0926535375255504 -0.0542791353508771
0.0658975539443291 -0.21166867763244 -0.0464381411009117 -0.0767888959878792
0.0430960486992902 -0.184634505708223 -0.00901261875866538 -0.0829349543412638
0.0402106434647275 -0.195021458281981 0.0516077600896789 -0.100697229567333
0.111851089111282 -0.200268529027446 0.115924003414928 -0.0993801000292696
0.183268438185278 -0.15479760369195 0.183683307067046 -0.0675641465423243
0.267814929424184 -0.0952299181074509 0.199072890094986 0.0491179509806856
0.297911267908682 0.0296617011519873 0.111491163816085 0.141505472679835
0.256524675633816 0.188032551769824 -0.0244824888240309 0.0719234253990575
0.222484818719722 0.274409615131688 -0.0657665665695748 -0.13809267511246
0.127634000010841 0.190903690061449 -0.24653656814633 -0.188827664242585
0.191959260725425 0.184965294668091 -0.222493482614197 -0.251289536493996
0.266627285496658 0.078231933409234 -0.217744307357513 -0.197470148579913
0.254232743474867 -0.0501758796495317 -0.184332161951092 -0.123453784260165
0.172166766595824 -0.114038389202868 -0.0923824633814754 -0.105871175810511
0.114265859184496 -0.144786698538517 -0.0593095281739842 -0.12560198651146
0.0544184901396602 -0.16092733039278 -0.0218383210411686 -0.148181354874097
0.0427659839622 -0.140171475701429 0.0193212637104807 -0.15128768075618
0.0529317580990935 -0.146136573438072 0.0886012064391186 -0.163830634246174
0.113568226000543 -0.139784980937986 0.160816521374617 -0.14384626832413
0.168225281285541 -0.0920591575354554 0.226828567690001 -0.087741966383023
0.225320274266085 -0.0302473270902976 0.212082426114971 0.0419946916430877
0.231307245988039 0.0728635917685843 0.0973481080189482 0.115046515554869
0.173959388384819 0.195647450852566 -0.0436528913028603 0.025928921780198
0.134274334931183 0.242708680172198 -0.0948879930724584 -0.214342866297839
0.0358495925749713 0.106608088412239 -0.264967698714722 -0.238121926219553
0.0886431068921376 0.116699194443341 -0.251508148811118 -0.251245252159938
0.140313710372441 0.0523622250489042 -0.198166606227949 -0.200009609362086
0.132255056289831 -0.0186908842554303 -0.151467257340595 -0.141982082533283
0.0894613717991883 -0.0467695433407456 -0.0702829526019508 -0.143990170319285
0.0697429291530197 -0.0652699888795998 -0.0483532359947769 -0.173064946207171
0.0427318743805981 -0.0831219557762202 -0.00758229340638246 -0.192127556851529
0.0347608005111315 -0.0756115106381826 0.0443156826729128 -0.194982642850089
0.0465470386339232 -0.0792829194436783 0.125700889902525 -0.202712453380002
0.0815046217846529 -0.0702051299560558 0.209775321128264 -0.162003445248826
0.113438811812232 -0.0373486917705338 0.269532902070571 -0.0810249378228235
0.145054439500302 0.00634993455643094 0.224406864391398 0.0479954809163154
0.139920614474705 0.0791514795006787 0.097716590006925 0.0921734941218007
0.0827926677027744 0.15817809393114 -0.0365124762564507 -0.0105782095237559
0.040289212356791 0.169923398233437 -0.095012015232234 -0.266728838729643
0.0412765022655149 -0.0343444449301697 0.118252772514035 0.271887125881226
-0.0126358802251321 -0.059809779536104 0.0811166838082442 0.0421906393036602
-0.0520875012813057 -0.043745197474376 -0.0797454802888098 -0.0900289768232587
-0.0470360751149204 -0.00419758150485886 -0.210267276522416 -0.0823345177429692
-0.0347112811671937 -0.00201165181709357 -0.292381256914704 0.038133624460667
-0.0289624280463481 -0.00672708870348686 -0.236894636698925 0.160714804471334
-0.0250635589679583 0.00170399711094672 -0.141593304318623 0.215097605997272
-0.0254786865225539 -0.0015641293364733 -0.0585075687343109 0.223803360249446
-0.0355369223530467 -0.0089351237098459 0.0112734604694086 0.203516055152014
-0.0356069267567557 -0.0280756772202424 0.0615667076807121 0.19400615458045
-0.0231639428879594 -0.0359692307286194 0.0838793089094665 0.173132685257249
-0.0174681259819087 -0.0426579576615789 0.121926530486182 0.170973452137622
-0.00715098925668531 -0.0453105785902802 0.164387623324865 0.205722944453675
0.0251098629861647 -0.0486442024582496 0.194222636460681 0.213748478229669
0.0525294494072241 -0.0245057743098362 0.228602713666372 0.215219769987685
0.107024289744954 0.062740797307983 0.0640554371378142 0.26494193485871
0.0620257468599434 0.0330314372020566 0.0468656722495028 0.0316495943940618
0.0496211608621608 0.00891460012304202 -0.111328217860748 -0.0897446799988056
0.0612854703820291 0.000526723659122003 -0.229988212576984 -0.0807252346418613
0.0583781663492824 -0.0348484738157572 -0.296073694632344 0.0349543070931743
0.0349579494124926 -0.0681374646814519 -0.239996130075508 0.149814703398523
0.00541778071461243 -0.0769028477378533 -0.147921184614471 0.196839008163887
-0.00881673369336547 -0.074262270693465 -0.0660068614714483 0.203587477238171
-0.0294315144656062 -0.0891331585839405 0.00822817554437644 0.180418784552676
-0.00518437549551543 -0.115377402084317 0.0637415987549526 0.166609379796027
0.0365272019998067 -0.111166276650662 0.0936611067625584 0.149455347726798
0.0836644686212037 -0.0991119835375811 0.134359406602784 0.158827578825094
0.115513759290343 -0.0484492353688055 0.160489951227336 0.197503216396417
0.137416430780109 0.0102186916202855 0.172488443099916 0.185182150406787
0.155708154779915 0.0706995376901948 0.199119672781928 0.172123239889673
0.159066788160573 0.15472682579162 0.00503318734845303 0.212000512254889
0.136703857227439 0.126785672950377 0.00988641113201545 -0.0137852520628605
0.15824764795278 0.0620646145856469 -0.147690331848731 -0.111080538973501
0.174106224666676 -0.000209247328799044 -0.250635076862288 -0.0825059240513697
0.147418695371562 -0.0710529030616375 -0.281701112409294 0.03105517046381
0.0960232113396482 -0.12477697117018 -0.219939518954484 0.125533544652962
0.0354899916079477 -0.14639730889967 -0.135741502954224 0.153991079045767
0.00825170152914599 -0.136706068331974 -0.0644499409650181 0.154275529928561
-0.0207428452413153 -0.15382281579931 0.00781740520857997 0.129804579102236
0.0208988391180299 -0.183988758778751 0.0669258001405447 0.112922965025052
0.0820786906532796 -0.171806517221793 0.108658624111042 0.101510768648952
0.160371950450193 -0.1496671563554 0.153450052290635 0.13235256982815
0.215346404988963 -0.0598195459697258 0.156612356748624 0.187137289199772
0.230947384473431 0.0554420451590077 0.131524945198896 0.159677327479628
0.236538351876161 0.150592057226504 0.141587097230512 0.108510491934984
0.194163338086206 0.221495721107719 -0.0589030088691335 0.121936821338952
0.205704902710148 0.199953239488048 -0.034368403936324 -0.0820902243337103
0.261217959511589 0.097569237837602 -0.179537908149561 -0.141239389617617
0.273104877901411 -0.0181387146731629 -0.259008656693446 -0.0867421612463258
0.214445319064656 -0.112291976462458 -0.247416934151504 0.0184723869007718
0.138179446276446 -0.172140207312408 -0.180942185210689 0.0838169324600457
0.0553162242790146 -0.196018749689412 -0.10973612773184 0.0889429037466054
0.022582878462211 -0.178056099649774 -0.0535128309262801 0.0828875768525477
-0.00532231050015638 -0.193736956284317 0.0108943648966075 0.0595396111225155
0.0481532320536532 -0.221840071835035 0.070434613068847 0.0429808818730094
0.12109531851098 -0.203014136089002 0.123441488893229 0.040479007725037
0.215667145948713 -0.171559482990243 0.168613523030631 0.098347752096404
0.281105537132482 -0.0572023215130335 0.145522087132217 0.173955620333267
0.284458131651724 0.0959166378286788 0.0776613154969574 0.136429547282792
0.276585693712984 0.210947760168454 0.0671481978086253 0.0335163434527648
0.204318846184688 0.249437187874359 -0.125521575787584 0.0127422773210118
0.248299696367968 0.23267830575105 -0.0922722728256889 -0.153752652086553
0.325492217111054 0.106916132504943 -0.203282557876035 -0.167373318299985
0.328320551822561 -0.0434057751162667 -0.246185729380373 -0.093079102782959
0.24211378330535 -0.143364204897567 -0.194470405344033 -0.0102189055936491
0.153283524504107 -0.19756960623013 -0.132560886079943 0.0211575997485677
0.0628034302406763 -0.215846365885579 -0.0781291892858255 0.00921226986585086
0.0334143597190413 -0.190754261966299 -0.0348918599518519 0.000476067099097424
0.0153633424625991 -0.203739572141535 0.0235356822889525 -0.0196125605697909
0.0790102858632033 -0.223450829984287 0.0816027223502413 -0.0303219869862537
0.15358767813802 -0.194213771729062 0.142429513543475 -0.0196569249528359
0.249761724640207 -0.150208535749625 0.179633220106618 0.0646514747848181
0.305212445019562 -0.0275765622318446 0.127211761356356 0.155958135786334
0.288314888262572 0.138901734953796 0.0219095821208633 0.107489477046755
0.266808579389586 0.247832625658084 -0.00691594354928895 -0.0472813658268161
0.181595383444701 0.232996476086875 -0.188512261278386 -0.0937931374365919
0.241898783983367 0.220264678191511 -0.157087576882246 -0.207853516511344
0.323855923879565 0.0938993418997533 -0.212801669301955 -0.181221431764894
0.316540929149817 -0.0590292056860115 -0.213705373769539 -0.102261223054015
0.221588643850135 -0.146637161918994 -0.134809759483792 -0.0540320646249335
0.140210414879633 -0.187543826935845 -0.088344569834669 -0.0527405741865682
0.0597336092813532 -0.201146231885899 -0.0475827001991581 -0.0734534840609895
0.0392496852171234 -0.175162687832609 -0.0117584500128313 -0.0796067864730017
0.0368528582459618 -0.183700975366639 0.0472090614877957 -0.0961520506974433
0.103299741884684 -0.190098886667187 0.108307169277294 -0.0952979584704921
0.172253530829448 -0.149954399236531 0.173167810810275 -0.0643222464967381
0.251735020451954 -0.0934415298778448 0.189711824663192 0.0429027430728438
0.282496889064187 0.0231594955919241 0.10644712040537 0.133986746566091
0.244311400367511 0.174941851474867 -0.0209545214222014 0.0695728602002739
0.211877879295324 0.254658996215298 -0.0630827023863782 -0.128804058972676
0.122573472739678 0.178363246429418 -0.234357594756104 -0.176963811735532
0.183398446547054 0.173028667149643 -0.210033589583086 -0.234837463885038
0.252912756801997 0.0696803418185588 -0.206271054134466 -0.184947441593143
0.2403584673171 -0.0528116179468189 -0.174010990843381 -0.115474906408895
0.162854040432547 -0.111719723855833 -0.0876681407634956 -0.100799639261869
0.106540650802244 -0.139736189695768 -0.0579293516755284 -0.119752509171563
0.0497071569025329 -0.152410102663143 -0.0248033093328489 -0.141415402747727
0.0392552408765621 -0.132814743411744 0.0141376642849506 -0.145627508590346
0.0485942163632911 -0.137723205865951 0.0808108028091876 -0.157163536897488
0.105413211899569 -0.132853553432166 0.150571456422262 -0.137778799297429
0.15787031127252 -0.0901915496904274 0.212963291720312 -0.0837433440659273
0.21241606339317 -0.0313240423059282 0.200701068673378 0.0369467065555934
0.219191075921634 0.0657296605240133 0.0935666525118885 0.108850754692016
0.165958764749857 0.182967613205335 -0.0391934113609684 0.0261666836160664
0.128736815184309 0.225043714885831 -0.0915616299203602 -0.200852998253576
0.0353912749719872 0.100458627116628 -0.252648186130726 -0.224077023378476
0.0853678744128972 0.108859113217731 -0.237540054255099 -0.23370819142962
0.133660242623175 0.0470453939918971 -0.188095804134032 -0.18752114976605
0.126019428928462 -0.0203777927619367 -0.143344431008896 -0.132823755746985
0.0849396908950691 -0.0459916304131796 -0.0668056580094448 -0.136837521563746
0.065877040337075 -0.0628348284098733 -0.0471736350083298 -0.164438188357801
0.039264886325081 -0.0784137544612577 -0.0116056878084499 -0.183645140946572
0.0320014842639207 -0.0715398675394832 0.039357929335311 -0.186919200583627
0.0434572349858622 -0.0743635148382543 0.116780910168047 -0.194572910591876
0.0759168433107585 -0.0666025219225741 0.19686040483157 -0.155478940422589
0.106792887522809 -0.0374603987936203 0.253047638153372 -0.0786187404037757
0.136990782083184 0.00495062076479602 0.212650047919329 0.0433083874745497
0.132713019852352 0.0731739181169587 0.0933716435078631 0.0880021589946878
0.0798815751241565 0.148753599918639 -0.0335950055639863 -0.00898855007664916
0.0397611451334636 0.156975330216885 -0.092633963642754 -0.249788277163237
0.0410093099753892 -0.0342617919034725 0.112152576776634 0.267510540129949
-0.0116679523234966 -0.0589137455651561 0.0796892926686977 0.0403816490610041
-0.0511705102862467 -0.0433347909341321 -0.0752945437271255 -0.0904305809057507
-0.0465072080987274 -0.00465092257605358 -0.204479032727412 -0.0838413219370726
-0.0337315222770203 -0.0025712553250334 -0.287593457835284 0.0349263518238461
-0.0291637746878942 -0.00670211014580936 -0.233575670254517 0.15465646055383
-0.0248536299486766 0.00037524455976203 -0.139465346236863 0.209858686041611
-0.024429190511078 -0.00285998243114437 -0.0581507756158837 0.221110778398017
-0.0335694177920955 -0.00997954494390782 0.00941310032267664 0.202080818088659
-0.0342213218257406 -0.0282975767039292 0.0594633475632257 0.191726303560099
-0.0224311044454846 -0.0351334586335964 0.0806983877891907 0.170951745210795
-0.0162963602589997 -0.0418100377648975 0.116268449437053 0.168981679741779
-0.00555805737473639 -0.0448572401493392 0.158278238781619 0.202492187164939
0.0248800568131039 -0.0467785738324994 0.187248309971405 0.212036338003609
0.051827471353472 -0.0214561476429005 0.223384018672582 0.21503322729899
0.104410806704914 0.0618097371659697 0.0595071429666694 0.261089993966924
0.0615597771767971 0.0324532486771526 0.0459779640661692 0.0300778666797866
0.0484676287388457 0.00795457138890808 -0.10652642692914 -0.09018611064435
0.0597022913306418 -6.99264476890071E-05 -0.22377636860822 -0.0824761310562488
0.057388034269568 -0.0349994483857871 -0.291507724699426 0.0315778892792291
0.0339210295065019 -0.0666534984211527 -0.236802031186788 0.144206765999695
0.0055387074137084 -0.0764733948874323 -0.146038702822159 0.192266337278665
-0.00769769478141844 -0.0742292367254968 -0.0659728471612706 0.200807187823188
-0.027110629606283 -0.0877216407524438 0.00662842333096321 0.178979810518446
-0.00383751790222374 -0.113108536865819 0.0610932141139415 0.165048698202229
0.0365522892728299 -0.108781023257773 0.0905587547429618 0.148021495264145
0.0825899293340243 -0.0961390770882751 0.129044467744957 0.156019898058717
0.114410730622781 -0.0479685936889107 0.155349981835005 0.194727176051736
0.134440330412053 0.0118464417507835 0.16783386664032 0.183567141613411
0.151831585581669 0.0709133947213947 0.194564946588854 0.172681213658131
0.154787131295753 0.1527279287842 0.00317754525725081 0.208981760663622
0.133827809570188 0.126347266122108 0.0106513989912707 -0.0148674032260559
0.154785200147198 0.0611140631472119 -0.140719139443749 -0.11105198695681
0.170483490623337 -0.000787186131727954 -0.243657899070725 -0.0844349011606225
0.144732261200322 -0.0702771528535617 -0.277425980960747 0.0272385484578456
0.0941683329713615 -0.122897666965559 -0.216504239917635 0.120186170198918
0.0349272215637262 -0.144084353460459 -0.135531303931381 0.150088138385133
0.00928977072636814 -0.135312017854373 -0.0637712409550161 0.152419299840576
-0.0183564431190676 -0.150712455391008 0.00630416060338482 0.128406095222423
0.0217270905761705 -0.180705376236973 0.0644788669532367 0.112431780526828
0.0811236690350672 -0.168609141494488 0.10604853842364 0.101990806171451
0.158762004144159 -0.145325845159413 0.148437732954311 0.130268267479085
0.212718527188224 -0.058828005520204 0.151427632538052 0.184837814045019
0.22494971676061 0.0559882880747689 0.128524322104354 0.158365549147792
0.228932155988195 0.148831306185836 0.138532335819499 0.109534423702683
0.188937287129059 0.218785592739221 -0.0578960830063613 0.120449109880156
0.201141627838887 0.198821091124153 -0.0312183378091401 -0.0816802653576238
0.255364369197277 0.0952213803787518 -0.172185238529344 -0.140913711646645
0.267275225721165 -0.0174725425530969 -0.251792612862029 -0.0884847943502377
0.211122776060848 -0.111577935555585 -0.243338627760332 0.015226316669646
0.135565044157826 -0.169441643380095 -0.177737833433762 0.0791052320057467
0.0551746645920408 -0.192740917072751 -0.110224857467809 0.0866219925522941
0.0235492037288739 -0.175095292020201 -0.0534975766956542 0.0814079430087256
-0.00352330121944749 -0.189164939086295 0.010338595734063 0.0592556044199335
0.0488420261431915 -0.218374429081617 0.0678975052011127 0.0443008997401878
0.119032736796054 -0.199590567760904 0.120732819009199 0.0426985623577095
0.212504378527705 -0.167103270347678 0.164721085191473 0.0961098145903841
0.276461221455507 -0.0557330919478611 0.141866321683404 0.172024343456072
0.277556881023717 0.0962822476547081 0.0760806452709252 0.134929391621726
0.268017840050843 0.207875329676413 0.0658725215276735 0.0354552450273575
0.198412429722307 0.246069044258047 -0.121581265743492 0.0119174741748323
0.24152134340651 0.230276113904947 -0.0862751911387009 -0.150990130546824
0.317954363276987 0.104386038500631 -0.195090081981913 -0.165712813519696
0.322360780223206 -0.0431573706333521 -0.239105452532953 -0.0942039530410172
0.23845963275704 -0.141980849193955 -0.190327924119113 -0.0135054127856033
0.150470386120559 -0.194494191279737 -0.129556285396178 0.0172529247869318
0.0630841955411452 -0.211214147913858 -0.0790044736760757 0.00839055735611847
0.0347097134635549 -0.18782044554881 -0.0354410777241073 0.000609198231101449
0.0172010572930994 -0.198542750248603 0.0228677128324243 -0.0201595667382918
0.0789873666857688 -0.218912438367589 0.0798102325075267 -0.0281043613295517
0.151379101776076 -0.190783435340418 0.139710528809275 -0.0162588749811286
0.245499045302558 -0.146128987106586 0.17533873045407 0.0636609585334643
0.299117362312831 -0.0265444721266161 0.124289373339128 0.155257159858054
0.280557660542352 0.137867112852111 0.0221610805857436 0.106227179404709
0.258119429323627 0.242938034011405 -0.00589226620903944 -0.044567116274434
0.176513086877577 0.230226372026283 -0.182085816818839 -0.0932449331276103
0.235528730831221 0.217793165463318 -0.14860463436231 -0.204332265898917
0.316024387239004 0.0930131651040604 -0.204514947576244 -0.17912080720324
0.311210575046711 -0.0584635422740112 -0.207970526069071 -0.102337646318091
0.218257650515117 -0.14449739056144 -0.131668220935644 -0.0558030218144264
0.137863302826787 -0.183989151947984 -0.0854524348087382 -0.054302114010255
0.0601056246971027 -0.196475105944952 -0.0492255121990488 -0.0727982794154468
0.0400205438487656 -0.17156845419388 -0.0125189724412094 -0.07862385523974
0.0377576387487214 -0.179055519991432 0.0462564006078009 -0.0951223168998963
0.10189435055671 -0.186486130373635 0.106971825104995 -0.091050429633434
0.16877213174104 -0.147732713276615 0.16979570565025 -0.059413905779224
0.247747537924144 -0.0905867914580455 0.185292580808681 0.043106018372526
0.27637720772397 0.0230391968354444 0.103936719650648 0.13341549033333
0.237014170461684 0.172639988830452 -0.0192958390794361 0.069051514927994
0.204857139662603 0.24953952432899 -0.0603702543544233 -0.125304847801033
0.119558522587123 0.175511971413333 -0.226779839663621 -0.176889082085873
0.178432511103463 0.171037769677783 -0.200241859764694 -0.230901211895067
0.247058084975712 0.0683634501680639 -0.198312331949144 -0.182911842815957
0.236942346278992 -0.0509265367133721 -0.168322032484415 -0.115311731792511
0.160537989181351 -0.109964603160565 -0.0846433707353608 -0.10086719027162
0.105021055414669 -0.137119692428281 -0.0553132120321741 -0.120138164337993
0.0502770951802761 -0.147856361374348 -0.026588093960505 -0.140730765175239
0.0394803429253112 -0.130396445494771 0.0131558114918249 -0.144020567427799
0.0483925393173066 -0.133726051360614 0.0806169490561328 -0.154215267332924
0.103850608357591 -0.129744734364884 0.148877372955532 -0.133249970994642
0.155075547237056 -0.0882684020959203 0.209164182636375 -0.0789514112375457
0.208258148039887 -0.0293769597088989 0.196493432042729 0.0374141092938948
0.21403830615294 0.0651327094159423 0.0911629023580776 0.1090488005188
0.160884543662611 0.180780153239424 -0.037603561854318 0.0265750730621894
0.123931545619556 0.219119211181369 -0.0877709387051883 -0.196648001827469
0.0341393107077495 0.0982106479232369 -0.244535175405341 -0.22468567173754
0.0823848041949975 0.106469673873692 -0.227738409330917 -0.230191855223459
0.130418900167758 0.0460160459957144 -0.181637905265014 -0.184752993021803
0.124394220072338 -0.0204566904868939 -0.137725981798715 -0.132350895296196
0.0838116908588856 -0.0454972651823096 -0.0633776395599143 -0.137012066735027
0.0647065869431038 -0.0620013580252374 -0.0458738928098711 -0.163216286356089
0.0389341321416918 -0.0757028759119508 -0.0125880458217422 -0.181980753902266
0.0321027805800636 -0.0692249296539385 0.0373118701328722 -0.185825653598143
0.0430767236396579 -0.0721965871543153 0.114873114088282 -0.190600779657121
0.0746789385220876 -0.064815324161486 0.194080513263467 -0.15028479079754
0.104950076005164 -0.0363997293798899 0.248652098234458 -0.0741693078581157
0.133684521997635 0.0057524314834292 0.208267331101591 0.0449973096831419
0.128558588308259 0.0723802759998833 0.0912538405244649 0.0878680497252509
0.0765578885953342 0.146696573302927 -0.0318948502580474 -0.00782499299038531
0.0378855270004982 0.152212899766757 -0.0883585177788856 -0.245234148599016
0.0410182568871415 -0.0357744882366636 0.113563452651556 0.272001277181987
-0.0105915037092017 -0.0602776173857293 0.0810698736834286 0.0394881548647028
-0.0523398718127882 -0.0442396926906043 -0.0747644210693501 -0.0945157452798744
-0.0473496962754667 -0.00504924762383563 -0.206974237588594 -0.0870481761775357
-0.034343477291649 -0.00257373555583683 -0.2939345016396 0.0353127599725388
-0.0302177031229239 -0.00622941709586839 -0.239746836414218 0.157162565852893
-0.0250130098325847 -0.00105904910824985 -0.141279437551162 0.214305612779883
-0.0242234418164103 -0.00372531687270449 -0.0578625128507785 0.227489883908852
-0.0337496714625223 -0.0110306444983487 0.0110855496667446 0.208199765582673
-0.0346006741914313 -0.0293805281071496 0.0605708656074851 0.196230418789061
-0.0228526817887642 -0.0351934354890288 0.0819605960909396 0.1742913424704
-0.0165040845919151 -0.0427961146772751 0.116552583362303 0.172878798248015
-0.0049520532687017 -0.0469904914648092 0.160227728947864 0.205102507488849
0.0251429961991417 -0.0467661777552577 0.189491148529415 0.215145920229465
0.0534331669552884 -0.0205603050359162 0.226884507618569 0.221148331525275
0.105625400087576 0.0619043104647314 0.0604839317131492 0.266625907144673
0.0636979312215397 0.0334047728729831 0.04702191664266 0.0288471795965532
0.0492726689290544 0.00742309744818692 -0.105903464062931 -0.0932735255312602
0.0606076111743305 -0.00127753300297326 -0.226700983950338 -0.0848831540914548
0.0583495357775913 -0.0371969029444013 -0.297530478628671 0.0314764736621987
0.0337915538313851 -0.0686986962252202 -0.241072495603614 0.145892071248961
0.00550702672528576 -0.079253239021486 -0.149017323692867 0.196411243879615
-0.00747964200789024 -0.0767174889029414 -0.0659625772933544 0.207382534985001
-0.026799224629293 -0.0900690554019924 0.00723920494278345 0.184893429756569
-0.00369490126050974 -0.115939773962013 0.0626160808601762 0.169989815542371
0.0368130267699576 -0.110200984529244 0.0917055598694755 0.151394840474386
0.0845729680736646 -0.0979079241722442 0.129731810280628 0.158240494909029
0.117074334410426 -0.0503801584530057 0.157405708474713 0.197660005182539
0.137051706212359 0.0122872720283571 0.169727163660651 0.186506515945105
0.154101067656907 0.0731564982659055 0.198160076744288 0.177647832423035
0.156744185432417 0.15488499276524 0.00309200273751338 0.213383224580942
0.137789086614905 0.128973075619214 0.012132427645648 -0.0155601015921136
0.157189109259385 0.0608609215719591 -0.1407031469676 -0.115031574720498
0.17298018645925 -0.00260883505587721 -0.247337687036192 -0.0871299449864434
0.147127995045168 -0.0743983594560443 -0.283860799652837 0.0273820965748704
0.0945915391463538 -0.126061441906881 -0.220625159353904 0.12099692145556
0.0350477275047597 -0.14737680692324 -0.139008544538027 0.153033366258583
0.00993693150071656 -0.138554863592472 -0.0651714997771784 0.15672580977023
-0.0177317853603969 -0.153677586668307 0.00701533645797465 0.132370435213139
0.0220083127315581 -0.18471335738463 0.0655300607945104 0.116329898323707
0.0823662213401049 -0.172745660720999 0.107109224174949 0.105091859114857
0.162055614855208 -0.147708617233642 0.150424341619948 0.131110171322342
0.216925945255322 -0.0618345294403173 0.154678889521726 0.188130827531184
0.228303103282416 0.0572116070900672 0.131335587869854 0.161524371982848
0.232775940699702 0.151519347947204 0.14129611042518 0.114261406942614
0.191643482411874 0.222468856083515 -0.0576599696769074 0.123134762401743
0.205987336190875 0.202445038278224 -0.0297349677158579 -0.0833168409546505
0.259660093780594 0.0949228641083343 -0.171914456320664 -0.143806304263066
0.272324451272679 -0.0216910929385592 -0.255161607242587 -0.0914305241814447
0.214253799458862 -0.116523168183229 -0.247629152876803 0.0145924871810385
0.136675096564238 -0.173849782035183 -0.181474380240281 0.0783311001530816
0.0559372273465527 -0.196704679676106 -0.114515285750478 0.0884082039258088
0.0238481804289038 -0.179493308324271 -0.055157037375756 0.0844130831627704
-0.0025676616164791 -0.192355180605061 0.0107391211473094 0.0604072451175475
0.049093874723302 -0.222596150317299 0.0694473253698506 0.0469166321479297
0.120162149942914 -0.203672262947187 0.123384227609076 0.0450993127179647
0.21674803681791 -0.169945290827527 0.167183111133035 0.0966394581355734
0.281108843917544 -0.0594896133194371 0.144401454383052 0.175278797665684
0.281798749265623 0.0979265389988729 0.0789649371955518 0.137281024238368
0.271757273638021 0.210333095376332 0.0677274779713356 0.0379150237895077
0.201954943570862 0.250200432911339 -0.121943204410173 0.0121816103092145
0.247355868163926 0.234330311736313 -0.0854637630112591 -0.153399827982536
0.323545959582022 0.104600063765766 -0.195100040608405 -0.169555917218178
0.327506384011596 -0.0471298559237206 -0.242260537854493 -0.0970335965616333
0.241923657535345 -0.148092155518451 -0.193847807103868 -0.0150575094318706
0.152265771346263 -0.199254204746391 -0.132402059606478 0.0155003076191511
0.0638907128517997 -0.215416724779743 -0.0830984205328325 0.00777887078477185
0.0349192900370025 -0.191986077007519 -0.0380673860469268 0.000646675492599974
0.0181769637519269 -0.201381102829608 0.0227841356342392 -0.0198730553239613
0.0795558365277729 -0.223830292222304 0.081195752228854 -0.0270362377839683
0.153501759374229 -0.19617293312702 0.141960454956939 -0.0144701947102271
0.250130317700977 -0.149630792662942 0.178123144652026 0.0636558112286771
0.304515947946495 -0.0293456668146454 0.126837642675242 0.158081624671077
0.28582568923202 0.141105487181564 0.0240143917775359 0.108540060747062
0.261116973314167 0.2452300480636 -0.00557503665804179 -0.0437013872318205
0.179648264247377 0.232832767327269 -0.183640373834027 -0.0958058867967902
0.240113317437314 0.221480924274729 -0.147568124428369 -0.207994091022485
0.321232817951753 0.0925243728454582 -0.205238563010544 -0.182516823379186
0.31612707710177 -0.0618807687937062 -0.209910856868785 -0.105441506238628
0.222100898516646 -0.149670891016373 -0.134211897173752 -0.059076983032095
0.139150803688716 -0.188796129061876 -0.0875074059652036 -0.0577744234287433
0.0610859960658766 -0.199229191182928 -0.0533613906751751 -0.0744317139005551
0.0405644934043065 -0.174932733713981 -0.0151082062491372 -0.0805917004628347
0.0390213908934072 -0.18133006518746 0.0465357584522151 -0.0965849812676177
0.103600023384927 -0.190098434224254 0.10839899377117 -0.0923359212171586
0.170895861841073 -0.151889834476882 0.172675048538786 -0.059152805340213
0.251784308691997 -0.0923702038492111 0.189000210037155 0.0428049246640245
0.281486860194469 0.0211550436109966 0.107264917250552 0.136443167293869
0.240924883657394 0.175543765466325 -0.0184815358316949 0.0711197250791584
0.207536063747574 0.251299110327 -0.0608662181407855 -0.12648745636121
0.121952168481259 0.177661007350651 -0.229287861205488 -0.182389246767942
0.182003729530672 0.173385774464411 -0.200280418760261 -0.234702769975151
0.250789312862835 0.0679968531665274 -0.199225834669001 -0.186073842139459
0.240715952693946 -0.0547142803917215 -0.170204976540552 -0.118113652307841
0.163134828068476 -0.114165448409134 -0.0856024933754786 -0.10536661708177
0.105930901672021 -0.140853832939298 -0.0571396422712789 -0.124447303847763
0.0513219742461751 -0.150231282947283 -0.0303425682409822 -0.143469504635924
0.0401037030644874 -0.132286286563086 0.0108868562326347 -0.147679642266172
0.0499719632022327 -0.136162803406707 0.0804591782219134 -0.158014099517692
0.105451775620414 -0.13199233186503 0.151864794741519 -0.135471140256261
0.157079194441255 -0.0912630201909461 0.212789815383418 -0.0791281109099443
0.211592305479713 -0.0306404046188672 0.200402037892984 0.0380105588349402
0.217396223940427 0.0640844414318238 0.0935594935417068 0.112157602984773
0.163265020612476 0.183717204987038 -0.0369649612558987 0.0277136718063911
0.125965961221724 0.22066609460563 -0.0888783351778395 -0.199118608396921
0.0351462523882284 0.0994119839804777 -0.248204308903799 -0.231618452394611
0.0837046921630648 0.108234158238373 -0.227498334514407 -0.233991980065107
0.131984076816455 0.0454910856304523 -0.182664135764368 -0.187260890840924
0.127391271415888 -0.0227513465708511 -0.139532055856741 -0.134573494487041
0.0859103419331919 -0.0475994249314843 -0.0639475748356485 -0.141518316488499
0.0658032267231395 -0.0638547767662064 -0.0470229247333087 -0.168151217348766
0.0399567564080899 -0.0762788965173662 -0.0154841017998851 -0.186196072946732
0.0323484460067846 -0.0697760122757148 0.0352564106683481 -0.19024355705476
0.0434095184539469 -0.0728830086778361 0.115840050989497 -0.195187172994348
0.0761608895406255 -0.0650487805826712 0.198568782453926 -0.153741762087789
0.106284481927146 -0.0381129241943895 0.252495682504156 -0.0745196706133722
0.135747871549854 0.00558824768025852 0.212366956014426 0.0453295489197965
0.129779840850066 0.0729549722522464 0.0933619697063021 0.0911442406272523
0.0779589148200752 0.148679370894827 -0.0309756401937007 -0.00682939781553933
0.0388570375826069 0.152154690426835 -0.0900200670372939 -0.248753652637228
0.0401470188699019 -0.0393548682393221 0.126173521436924 0.280164419391282
-0.013318677337787 -0.0621546020622718 0.0855091316696735 0.0364913514483248
-0.056166327403642 -0.0438354658997239 -0.0793511826915789 -0.0980981251482257
-0.049222423502042 -0.00380738434069717 -0.217256704897604 -0.0848778898470946
-0.0357983128715692 -0.0017406918505134 -0.305287655114219 0.0476554448661641
-0.0321728355351301 -0.00489426883875958 -0.244728162421525 0.172158033972442
-0.0265523163650709 -0.0016125417135038 -0.138197704881459 0.227474136372788
-0.0249663261014626 -0.00414125766836998 -0.0499640883506325 0.240725875591419
-0.0351476928402928 -0.0116385498583125 0.0203441979892408 0.219075287452063
-0.0367038287922314 -0.0293071568456758 0.0709328102441284 0.203530638735448
-0.0246828575967615 -0.0353071964819783 0.0901174783878461 0.179308344170836
-0.0181425649064949 -0.0443402771438196 0.124758538341177 0.176448974003938
-0.00591859079523214 -0.049493636232834 0.172377326302736 0.206934017972266
0.0257114981498 -0.0486484316495547 0.203511275549246 0.217214749295292
0.0548792079914472 -0.0226771801126242 0.243677623829127 0.224560706487878
0.110537416557179 0.0603501104491909 0.0725579991737242 0.275827133822392
0.0686448424402854 0.0324083959177237 0.0499919818196524 0.0274236776109876
0.0519135350555824 0.00557295398073881 -0.111682747849468 -0.0960968351926954
0.0626643581201318 -0.00423914570978583 -0.23816005873991 -0.0817169905416996
0.0591138588623601 -0.0422340824941366 -0.309222915835816 0.0429044988529231
0.0315146130517896 -0.0728028245995547 -0.246803322912864 0.15923023358574
0.00238808118783594 -0.0835016629231537 -0.147887088369107 0.209327646734417
-0.0101832996742531 -0.0810476347703497 -0.0593076486845112 0.219940153043437
-0.0301271654919563 -0.093664690541279 0.0151174517455014 0.193872984583715
-0.00766680738512589 -0.121093350415654 0.0715864956291962 0.1757579028998
0.034943874105878 -0.116531049465317 0.100865745847962 0.155752296287936
0.0847602127405061 -0.104935410016902 0.139084442579946 0.160471215307126
0.120987477921036 -0.0580421709942266 0.169597088042522 0.199636448256592
0.143123818221984 0.00890833298765806 0.183032347196946 0.187852484672839
0.162709435352204 0.0713029322330356 0.212692908629147 0.180595429825895
0.167754692678462 0.155037693897024 0.0121013131213367 0.222453297655596
0.149188279086939 0.129478290942039 0.0126852556136775 -0.0180461471042688
0.165343678367141 0.0559324920121136 -0.147589327499869 -0.116474741035054
0.179149207210615 -0.011031596207697 -0.259367388868996 -0.0837209856748813
0.1498915666457 -0.0849110798453829 -0.295269507950158 0.0379364783259185
0.0921806482788143 -0.135282109301669 -0.225988006577858 0.131796415418641
0.0310330544459199 -0.156005989208217 -0.140460317103924 0.164843096794302
0.00499615541777033 -0.146115686774828 -0.0610792518768034 0.167143405416958
-0.0231403113211185 -0.159816025260407 0.0121383092616288 0.139377605225895
0.0156087997333219 -0.193550028777622 0.0731316586161009 0.120275010826594
0.078712824235045 -0.182103516711109 0.115821184942169 0.107533861100446
0.1632507005783 -0.159730463073984 0.159164018096625 0.13055011147438
0.222619574632194 -0.0736720375072969 0.167502116853909 0.18967746322992
0.239422302833181 0.0524588645136836 0.143012098425154 0.162633554403937
0.246935369752381 0.14888003536282 0.1516442535221 0.115834673524353
0.206496878106653 0.224082407473176 -0.0539769720544599 0.129487472971344
0.222299794009603 0.203156700787369 -0.0321341855973674 -0.086480117207023
0.2728165132647 0.08824766738244 -0.180504163771113 -0.144552470836424
0.281027267270786 -0.0348277208630806 -0.267876825127579 -0.0872906423131463
0.217352848434436 -0.132158421587287 -0.258128328824527 0.0231082091286895
0.134659474156464 -0.187476449982946 -0.186501725833179 0.0853604178437992
0.0506459883602213 -0.206413030240775 -0.117753581435373 0.0963422715289061
0.0182142187134026 -0.188711391164718 -0.0548231981645706 0.0914053066687907
-0.00819863657138939 -0.200277003202093 0.0126458797126284 0.0642925108879089
0.0427598605842989 -0.233710956845778 0.0748896431640974 0.0477803758380917
0.116805715865257 -0.217009217415765 0.129884087583731 0.0445878894565394
0.219769298648927 -0.184927927947468 0.174885378682201 0.0937356816869883
0.290406368962678 -0.0744729153036092 0.156650046235569 0.176867579637911
0.295759147769115 0.0933535929713629 0.0884719347006104 0.139915169879872
0.289370876572023 0.207521209572337 0.0724470758576896 0.0389671636338496
0.217995925433802 0.252828073034713 -0.124603550414859 0.0159863366719185
0.265925136073623 0.234936797571934 -0.0911178431265902 -0.157700446018534
0.338957352869661 0.0946832174025966 -0.205118281437241 -0.170170581710658
0.337697433942717 -0.0631964789028878 -0.254410690045028 -0.0935740298568363
0.245021767236957 -0.165259740420412 -0.202587530847818 -0.0104008778409624
0.149197667434609 -0.213646684998755 -0.138054620359417 0.0183691680281599
0.0588574973112429 -0.226561923763416 -0.0891400436406229 0.0120269297661531
0.0292868314899733 -0.201577709333198 -0.0405094383956639 0.00383104473100415
0.0127330172234305 -0.20965303086851 0.0220838573016116 -0.0208274418143322
0.0736683300153121 -0.235971317612368 0.0840864194204995 -0.0298202076292024
0.151037573341463 -0.209963818492875 0.147469855315757 -0.0180386944926409
0.255028643056367 -0.164621456592148 0.186437492723549 0.0592011478752891
0.314204531739019 -0.043772558044968 0.138526470362045 0.159834288585514
0.301445558633719 0.135898815617397 0.0302676801683762 0.112257855691718
0.279616596532317 0.244687627412059 -0.00642923051998953 -0.043633842856428
0.194932920131515 0.235210439592545 -0.192594526629363 -0.0955694641370747
0.258102390206996 0.221516835334293 -0.156584591588617 -0.212034013926401
0.336193489998628 0.0823207274898059 -0.215879938586283 -0.183129756371572
0.326013690983273 -0.0790027273163829 -0.221002213950148 -0.102601809040947
0.225546399522047 -0.166037709863191 -0.141935713903092 -0.05774109002527
0.13673833304312 -0.202264946003056 -0.09420836262061 -0.0596897685971548
0.0569784493062938 -0.209368946735915 -0.06154132450811 -0.0754989066760943
0.0359481927606321 -0.183533164832269 -0.0207373307386334 -0.0822186352976235
0.0350167998475349 -0.19009089304851 0.04315230249379 -0.102005192788358
0.100708925258716 -0.201427467807256 0.110610739224479 -0.0984856133073197
0.171900032262596 -0.165171433390122 0.177038139276691 -0.0655990140237716
0.259116116063904 -0.106503742434106 0.19713066788264 0.0368413876234846
0.292768286173542 0.00999767658090445 0.117454371866144 0.138818112140214
0.256462900698364 0.175421755932072 -0.0148004944267696 0.074732836197811
0.224098619598398 0.25181818531636 -0.0671533355074138 -0.127406635300884
0.133373040681532 0.179742355448915 -0.242696635668186 -0.184121406199792
0.195557961541545 0.173346513862654 -0.211649614902455 -0.237999770880403
0.262523820609616 0.0600617195509781 -0.210990371531731 -0.186688178722281
0.248000399114104 -0.0678318776251482 -0.179956812999417 -0.116293952730692
0.165687816325239 -0.126405866271122 -0.0930555089895852 -0.108459330368136
0.104503808758319 -0.151505297377196 -0.0645257441787647 -0.129809518806389
0.0488774953176508 -0.158002719588772 -0.0404785406304332 -0.148311749124559
0.0368884605580171 -0.13854647855839 0.00333907627335284 -0.153671298408858
0.047787069087205 -0.143151038976347 0.0763507647293265 -0.166934386143403
0.104617465022098 -0.140765141178896 0.153268572034707 -0.146125663633176
0.160068880301353 -0.101773828524623 0.218554388884402 -0.0882082937534242
0.219381771448969 -0.0402199554334155 0.209895895058457 0.0319555133298766
0.227389257676952 0.0582383508395259 0.102293048935694 0.113982379601237
0.17584359555179 0.184706797389532 -0.0360939546555985 0.0314723184025542
0.138476625323437 0.223051220598942 -0.0991576331603551 -0.203013934268033
0.0402825844365093 0.100986325419284 -0.265010614101638 -0.235582907278787
0.0907944481454568 0.107811010160191 -0.241374709778998 -0.236448868149218
0.139024359399502 0.0423012879194882 -0.194103853282683 -0.188312861077374
0.131465512679185 -0.029882608987879 -0.148341975045825 -0.135096701443218
0.0880649602317597 -0.0537336537740701 -0.0715962137437506 -0.148026317630695
0.0656849169942937 -0.0695531977186028 -0.0552858365167895 -0.174909829712673
0.0390173496949666 -0.0803530867229254 -0.0260065418156438 -0.19395939744252
0.0309899395260762 -0.073144127958515 0.0268766512997639 -0.199446523467707
0.0426099284832821 -0.0766279989543227 0.112201655109877 -0.207410345496702
0.0768033934913882 -0.0700358261425868 0.201478297948763 -0.166901968354146
0.109180586721637 -0.0438657057652179 0.259820542576803 -0.0848771297188838
0.141334927342889 0.000965120361591926 0.222058152338602 0.0404024795070426
0.136488500896276 0.070921625860963 0.100857232975237 0.0927790089210888
0.0857471866509614 0.151572648924359 -0.0313734554557438 -0.00467643896012354
0.0455928915423108 0.154518040352428 -0.101279489799621 -0.254206591928816
0.0517819509314951 -0.0316627824231348 0.086000990887543 0.299256750494822
-0.00202019319558459 -0.0649718146220497 0.0810300418324516 0.0452075300533768
-0.0499511221455383 -0.051805022619354 -0.0688717396009965 -0.116381295758512
-0.0509234049706024 -0.0080312738198203 -0.213341319652439 -0.121941625523001
-0.0360551928726832 -0.00101898014122298 -0.322630905089362 0.00672188898222985
-0.0321357853813795 -0.00636238439812054 -0.277718571526774 0.142044360204097
-0.0275401155167803 -0.00590554080632019 -0.175595257616719 0.21440831378473
-0.0235284254913403 -0.0084233970664017 -0.0844448154414345 0.241825786810803
-0.0334187887871733 -0.0188377197392658 -0.00735984096327822 0.230885357148274
-0.0312004570213632 -0.0353532376729873 0.0460333266727935 0.219445550847224
-0.018251647395713 -0.0386271215265371 0.0672210973106033 0.197710277101141
-0.0119453377711723 -0.045174184384093 0.101886778352205 0.200435882269406
0.00364033406743391 -0.0489173821228473 0.145627211884542 0.235722067243907
0.0371006561337772 -0.0396870875800296 0.170484516970402 0.251092059221454
0.0656271617718773 -0.0108302776478902 0.208196023573068 0.271937154535815
0.104870196027011 0.0810898863376261 0.0354466920452205 0.290956669886773
0.06478459591195 0.0426666887760472 0.0485825335519974 0.0338435980790208
0.0491441325518043 0.0139553611583439 -0.0945634644264571 -0.11616262537615
0.0602140683495977 0.00721763226063858 -0.227590730478342 -0.119734189699938
0.0653592479851495 -0.0274405869606644 -0.321050884765909 -0.00116962659838473
0.0431802145047769 -0.0649468535943988 -0.276119803000648 0.126607612634785
0.014299695101311 -0.0838139025374988 -0.181306226963422 0.193091704576525
0.00508234422377542 -0.0841371622828864 -0.0913206943750123 0.219576821771651
-0.0148749475911176 -0.100943836101651 -0.00918277522160991 0.205750510606102
0.0127101127703938 -0.124558067635101 0.0521881426327349 0.193590023357577
0.0582580910262996 -0.111328838968024 0.0788885914297518 0.177907326248907
0.103617108346757 -0.0907782998952781 0.114138063652729 0.19103936568318
0.134651433887865 -0.0342002100595731 0.141704414096624 0.227123287454033
0.146911004074374 0.0389076209834255 0.150939357327306 0.215676968412592
0.161283207197137 0.106058697581824 0.181403975874484 0.214474588257171
0.14472820039994 0.185687413787707 -0.0147240381176482 0.232694336641086
0.130184532491286 0.152161854520186 0.0206884389046249 -0.0138611962620411
0.153642270699905 0.0824879054714927 -0.120942898488682 -0.137742920073839
0.176327538516123 0.017263887194363 -0.241121167147105 -0.122397250189726
0.162809063828 -0.058409177249706 -0.300603197192479 -0.00920941646220801
0.114154049344996 -0.120413941147017 -0.248822025234598 0.0994335802767411
0.0543590107520378 -0.152453822852571 -0.164441282549871 0.148146936404797
0.0327426890100734 -0.147919388863093 -0.0862749969807523 0.165042644638795
0.00364136525361201 -0.166369270466813 -0.0037843248789544 0.14960518045743
0.0490234804582666 -0.19539614403126 0.0614887036044642 0.138432992018744
0.116517924628055 -0.17101235940374 0.0999491960016965 0.133276772939829
0.193960495287664 -0.135760530130402 0.135972930683658 0.167795431295232
0.241995647003948 -0.0319568759144297 0.138287914199362 0.217133637098678
0.237244802040858 0.0993450145555591 0.110378352785781 0.181645241123264
0.234549233556546 0.202745903491759 0.127596912106353 0.132329630137182
0.169917333623827 0.260641607154981 -0.0655375204948861 0.132323454088896
0.190149477333328 0.236451866707639 -0.0116675443182803 -0.0870626825031507
0.254087055877317 0.1321854267212 -0.143340009899445 -0.169358244979817
0.280681759513533 0.00875579711658643 -0.24286456021523 -0.125732698462855
0.237042884946 -0.0950454858801202 -0.258489601540437 -0.0227959139355248
0.165148017031649 -0.167137554663449 -0.200165491250083 0.0556032886644487
0.0822975153189671 -0.200820718574823 -0.131331744421987 0.0787600289922747
0.0531568828780938 -0.188098878140234 -0.0688438725154538 0.0874809911043629
0.0256957403062835 -0.20462573522476 0.00726501755634708 0.0726741484182886
0.0820008324682585 -0.232813137349323 0.0734885650324465 0.0657041979851138
0.162248098013894 -0.200185637992877 0.12172279421302 0.0718880370734268
0.255956617519934 -0.153504591350147 0.155822462162235 0.135411758193273
0.31080287594398 -0.0202409034320285 0.128223832134237 0.203032822898119
0.287003834678316 0.149488838029467 0.0565499429991202 0.14959497888443
0.266981582572681 0.271238958939864 0.058544043805117 0.0364590869169839
0.175336362810845 0.290464186714803 -0.118702961578905 0.00742114511974306
0.227022270275623 0.274797527344413 -0.0592811187992879 -0.166877226484679
0.318008222311601 0.149325842152888 -0.160176069035663 -0.197650401209222
0.340586537546605 -0.0118804922334222 -0.223080134275711 -0.130010838942559
0.269600816504954 -0.125486464171739 -0.195066852731455 -0.0515401325617776
0.184045492743196 -0.193223323083379 -0.140739789923983 -0.00743135890462551
0.0942261955033463 -0.219940804411217 -0.0896568098537117 -0.00459616728204689
0.0668968002288511 -0.199588886453457 -0.0431104085829281 -0.000905857229604904
0.0486764945220651 -0.211089455334418 0.0272567704345076 -0.0137498408190082
0.114468565643747 -0.229360655555339 0.0938724754726048 -0.0121013179165342
0.196169017016363 -0.188186077476749 0.147838299369815 0.0109921233391825
0.290186044788001 -0.128095792800891 0.169746425159858 0.101287190766063
0.329182388361136 0.0146052975909602 0.111862203174128 0.182159010032695
0.28453792945317 0.194342691716104 0.00204487098072582 0.111344886109789
0.248983120518354 0.305642897583764 -0.00742524774036621 -0.062642575438321
0.151661941953582 0.269076434535983 -0.171401956995845 -0.116112169541551
0.219821653380092 0.261466602130943 -0.118141120224018 -0.232632687944893
0.31730234797081 0.137448055015995 -0.169106132014023 -0.212565380133189
0.330959843515377 -0.029611334716638 -0.187668777126601 -0.135502691225717
0.249331504635014 -0.130371757689992 -0.127131166109145 -0.0921369377734811
0.169632796264396 -0.184494003340118 -0.0845172285731766 -0.0810304268350819
0.0892492892898417 -0.20343394372152 -0.0486341573320638 -0.0902716698743067
0.0695979633326166 -0.180970560604004 -0.0104058477920161 -0.0869553801865792
0.0671113683072705 -0.187311865567546 0.0606264695962985 -0.0957149569138322
0.135975985777661 -0.190095037194001 0.129525962594278 -0.0803629872202717
0.208682830312933 -0.138297109927514 0.183749215206807 -0.0357148791144599
0.284874066747313 -0.0679984146982683 0.182908348910982 0.0771523841464564
0.29583369704401 0.0658551179122201 0.0944623385362525 0.156656374742931
0.231436240466429 0.224502828098092 -0.0356145264129876 0.0662078042186197
0.187838285872165 0.302042723468406 -0.0532344451982013 -0.15717128139479
0.097043648858864 0.202856246806622 -0.211931264196054 -0.216572030775121
0.164207271534094 0.203900628391181 -0.172322187518139 -0.268579153194859
0.246266740750643 0.102788415360738 -0.168861379735558 -0.215587637648699
0.252503501136655 -0.0303828245134611 -0.149205866435713 -0.145369225593721
0.183287262650178 -0.100692308125675 -0.0729277548050384 -0.134952821392
0.128704626618878 -0.137704671786405 -0.0452238544914866 -0.147929766010978
0.0729508255606088 -0.152517158528098 -0.0176986992630481 -0.162322768403089
0.0625100799363664 -0.134668461436929 0.0243371308664354 -0.157297093864816
0.071630712129027 -0.137107026537149 0.102448989120949 -0.158939849999731
0.130624847837807 -0.127984412276795 0.178665919450314 -0.124429271730428
0.185371354088894 -0.0758961315652162 0.229039068694446 -0.0544053520843868
0.23382294102616 -0.00576188693006731 0.197746916551157 0.0698411838759317
0.220207217737037 0.103327128542521 0.0837853458706845 0.128885039815569
0.147026919511217 0.220296376058397 -0.0471753668384694 0.0183310633936497
0.102747076806319 0.254761220845643 -0.0701491827056545 -0.236046494748805
0.0161862638438005 0.108225352319457 -0.229991181850096 -0.275872368173945
0.0687876088225331 0.123342689339816 -0.204737829449146 -0.272625380488154
0.127217342636387 0.0649847054898511 -0.159575317146991 -0.217157928315675
0.131373664821612 -0.0101585019595046 -0.122194314228178 -0.15960183469076
0.0932177556702698 -0.0394441556001626 -0.0479682257272254 -0.167333646311193
0.0758888090542316 -0.0609854493624705 -0.0314882344025469 -0.191697652252753
0.0517139537495813 -0.0755105028953392 0.00122594500724627 -0.206059404427767
0.0444204036776571 -0.0693348912227914 0.0542845824021547 -0.201584437636351
0.0562239245346842 -0.0705391530399885 0.14466693954493 -0.196507135804923
0.0906938467244709 -0.0593664292736239 0.229863188163822 -0.142019347058291
0.122051531189492 -0.0255222988680437 0.273141564157363 -0.048763335933304
0.146465111623053 0.0246126967022728 0.213021428844938 0.0766926216678876
0.125065832754186 0.099396140537572 0.0872918119122108 0.107362498811305
0.0616884391442229 0.169289998891332 -0.0338791374751666 -0.0153554936776334
0.0178981826862292 0.166007935923093 -0.0610471276365219 -0.283260316873714
0.0469306522998413 -0.0355830150518541 0.111939311722279 0.287043597164449
-0.00699283913964428 -0.0635601204260643 0.0834240948202445 0.0358422280068101
-0.0536655336209914 -0.046364242133206 -0.0778021031487046 -0.11104161327531
-0.0511641425578015 -0.00374002123364763 -0.221110729236908 -0.103076937653125
-0.0358526460873377 0.00168999607531019 -0.316872330911914 0.0372594014306372
-0.0322592478442797 -0.00283322426969442 -0.262035820218931 0.166002554002168
-0.0280098487101857 -0.00442571113548971 -0.15281903285077 0.227777769239512
-0.0236558111842959 -0.00763189887588439 -0.0589098664539589 0.247158819245624
-0.0347896367921558 -0.0165924746309796 0.0163093558056529 0.230533534549289
-0.0339335143686072 -0.0326059403714226 0.0663315697143672 0.212862101302849
-0.0203149321772106 -0.0362185017449392 0.0830934979030008 0.189692774162418
-0.0161956807849495 -0.043584430458241 0.116769329282188 0.190032319260394
-0.000783026993985563 -0.0489140250532299 0.163951852063279 0.217979986490518
0.0347147612699442 -0.0417896540691792 0.188716699867467 0.230650692192054
0.0644037443444708 -0.0160345476936388 0.23052774216401 0.250611801419966
0.109937131188712 0.0709002110157766 0.062081678396804 0.283376543054598
0.0689143221546782 0.0364196433977674 0.0506336508292505 0.0279108163331245
0.0496401256697727 0.00837623074942461 -0.103341392801221 -0.107951932061666
0.0588287724717499 0.000414406334402749 -0.235012361602115 -0.0992947155820209
0.0609500791010212 -0.0350474954683437 -0.31708069883203 0.0290559295700885
0.0357508227655651 -0.0681389701693786 -0.261926017825842 0.15005504848179
0.00547250991831081 -0.0849865509474939 -0.161186876655478 0.207930005082812
-0.00221474936512394 -0.0847350918481515 -0.0677983171829172 0.225848233321201
-0.0238994968654593 -0.0990188634326086 0.0122367068999318 0.205463453765552
0.00146329833266249 -0.124400584122638 0.0700592640335844 0.187295573349505
0.0475699310123008 -0.11487772530771 0.0937048351111069 0.170072530585909
0.0938319650022882 -0.099375767189256 0.128451759259248 0.178962973841336
0.129233314112384 -0.0475095900360641 0.159615880780245 0.210128763870156
0.149491633674546 0.0257404980658077 0.167106664883984 0.197234834019571
0.168686677158476 0.0901692755600589 0.198979820065579 0.196707441664207
0.158538664762613 0.169963313137782 0.00822062197401655 0.230250381302308
0.143161649880217 0.138075582475747 0.019487411900734 -0.0163397322944638
0.158873701018409 0.0658133252414196 -0.129547138799866 -0.127077771345548
0.174524777358311 -0.00105758975077604 -0.247979071599151 -0.0994342315033029
0.153596806221396 -0.073978519343462 -0.29853961066734 0.0200768654806438
0.10031162505859 -0.129508052218095 -0.237360191103973 0.120306332106586
0.0387258610772895 -0.156328077046367 -0.149888589601821 0.16186052056255
0.0182326065142106 -0.149720577259073 -0.067888344207546 0.171708254140935
-0.0112587231760292 -0.165309317927306 0.0118097473351359 0.150242953614287
0.0297520643438011 -0.197319836377161 0.0746719977833411 0.132448616452963
0.0988064241715694 -0.180187233466874 0.110944039998116 0.12462217206808
0.178881969322354 -0.152165196936838 0.147769170859446 0.15308310717139
0.234742169729521 -0.0552640609857392 0.156349133103147 0.200067758764261
0.243336876896246 0.0771679289523161 0.125194325949317 0.168364515024801
0.249054944946453 0.176965219693615 0.138135999282027 0.120400427849682
0.190712860159093 0.241501301430376 -0.0511797742784392 0.135401232926732
0.209281530687212 0.216274920744742 -0.0178701678123282 -0.0858838310578321
0.262344765614024 0.104270573736073 -0.154066573355186 -0.155821920824512
0.276427917702183 -0.0192801086869671 -0.248884179473596 -0.102703548970926
0.223284033334908 -0.118911940750254 -0.257230986839501 0.00166126550351612
0.145983650112354 -0.180404928238682 -0.193156998823861 0.0715507441666768
0.0622817503041586 -0.206591980489357 -0.123156951172532 0.0911679472774173
0.0348083210375887 -0.191757424374665 -0.0591547295794563 0.0941551175884621
0.00664889721685333 -0.205107520435695 0.0146910930586456 0.0725467983639141
0.058974298468758 -0.23705056450988 0.0796977492857744 0.0589792200493605
0.140918741503647 -0.213361021676856 0.127149658250499 0.0622418484953763
0.239366177960012 -0.176109875631385 0.163871895138162 0.118416595261713
0.303255141789751 -0.0500004683656419 0.145842925930321 0.187745956824044
0.296995779907501 0.121871944327635 0.069935951197102 0.140963709346085
0.287180913212755 0.239821358063466 0.060940358392145 0.032676662052608
0.198632784119195 0.269707882511059 -0.114900234097906 0.0167200579379693
0.249613570597261 0.249933745646703 -0.0712534521909942 -0.160992493968049
0.327100960462591 0.116032672420341 -0.172648354955099 -0.181364009743902
0.33368733260774 -0.0454617177325474 -0.229917249757876 -0.108674055933583
0.253012403757851 -0.151093681608106 -0.19825425971058 -0.0329970876456997
0.161661392612241 -0.208246303466336 -0.141017474926653 0.00406708709249278
0.0718012240589597 -0.225797520156138 -0.0904497245163298 0.00464411463389002
0.046657962093774 -0.203634844513675 -0.0425926533644444 0.00425763332673655
0.0289321941435738 -0.213424138620307 0.0257899686641631 -0.0147128291562686
0.0911977306452474 -0.237056668706013 0.0921415031215624 -0.0197587313175054
0.176060443308166 -0.204617668810272 0.14738747354503 -0.000688015495496072
0.274817721901859 -0.154204164296797 0.175004600790698 0.0835767958101227
0.32466051948127 -0.0171890035174886 0.128034512802963 0.168901787134205
0.298515740071019 0.166173165444558 0.0135104802358828 0.108992506842508
0.273280180578193 0.27596492128376 -0.0129349116520024 -0.0596793616415935
0.174014912918214 0.251001561904756 -0.178125135903131 -0.101863964206615
0.240526207698183 0.236708301968646 -0.134540004925931 -0.219752875937814
0.324125311630568 0.103668970564851 -0.183946738072775 -0.194913985003901
0.322299088481054 -0.0615316039577901 -0.196285556522562 -0.116554414822565
0.23240525327876 -0.153199838956584 -0.135108601167625 -0.0797202128037642
0.148331865856285 -0.198524023967947 -0.0927535155599269 -0.0741616372694234
0.0689626429226487 -0.209680508624313 -0.0589557425457891 -0.0839235004099544
0.0519138526000587 -0.184947090550266 -0.0188944910877146 -0.0833409976421315
0.0494810394652148 -0.190755467851355 0.0501872387147706 -0.098142461495613
0.116247822983836 -0.200275659482162 0.120789312425853 -0.0909372204280799
0.192996969110105 -0.15736222895021 0.178584827884718 -0.049803496257946
0.274888515587364 -0.0948090066796315 0.186062991279904 0.0593259000168029
0.296301189775715 0.036653855490346 0.107849362865656 0.145687838822208
0.248701493534406 0.200221462930372 -0.027807448940602 0.0678400247377217
0.213002393068189 0.27794463574452 -0.0668191030560366 -0.149620949624495
0.114534611944674 0.190724001866653 -0.2277248178148 -0.19729262547536
0.179599124321625 0.18497356291074 -0.190135635859731 -0.250681099110597
0.251807062053044 0.0769717626962438 -0.182383217661903 -0.197977367165571
0.245420408063405 -0.0550899039967722 -0.158366222257938 -0.129673639389259
0.170545404043185 -0.117330515345495 -0.0852817042755464 -0.12762197830019
0.112616220185769 -0.148888551396469 -0.0600720007829592 -0.143835534725944
0.0574225994044556 -0.157419158683097 -0.0348578878080801 -0.158487641905724
0.0489214983843827 -0.138608463201259 0.00787566953931428 -0.156357209872888
0.058668574936897 -0.14157262385315 0.0856184263464486 -0.165733508523181
0.116632416044352 -0.137910550324339 0.165179682780416 -0.139534130320878
0.175342008773369 -0.0931255635540552 0.220990254924977 -0.0728294801053767
0.229305900769686 -0.0286147040080578 0.200999021419336 0.050816895717758
0.224906644601574 0.0806214292784859 0.0956274386828515 0.120066516079605
0.165238391313319 0.203775515790889 -0.0433175641472583 0.0226188136843688
0.12454999730917 0.23885044628355 -0.0906276027061946 -0.225761431250112
0.0264492854074167 0.104232057629984 -0.25255922686934 -0.254470889397464
0.0787844412114614 0.114512851631447 -0.22361259008294 -0.252618703183788
0.131035105141056 0.0509425423383117 -0.174353679104134 -0.198563927675988
0.127853826057272 -0.0240653716517676 -0.133190022557557 -0.146026317624204
0.088330298114118 -0.0488930380889278 -0.063838435026811 -0.163262815708895
0.0684854411076237 -0.0678276304747268 -0.0498283262377146 -0.1880315370549
0.0436826604253096 -0.0795739555094497 -0.0200618044367079 -0.204102666684858
0.037445950845308 -0.0716830164879572 0.033353836803361 -0.203231648705746
0.0485275997346582 -0.0743500577870609 0.123832441934483 -0.207850183451359
0.0834826141183702 -0.0661220890881927 0.213901127528603 -0.161986566248771
0.118171980817683 -0.0369653651598516 0.264736113071885 -0.0717408307170512
0.146709904825201 0.0102663022513698 0.216788480891138 0.0568579823254557
0.131045982547106 0.0862728838737338 0.0960867697543532 0.0984160337786537
0.0760740175973949 0.160517331867274 -0.033205467506211 -0.0113692903643745
0.0325873280093496 0.158395106496357 -0.0871224486166843 -0.272752083266527
0.0412079452329647 -0.0364345927966111 0.126308943084669 0.265356846671252
-0.0103484715286639 -0.060120784759833 0.0803110856529197 0.0273816205579169
-0.0540222538661594 -0.04009798894147 -0.0817754642473805 -0.102274484520302
-0.0490494750302278 1.86228170031581E-05 -0.216888948648785 -0.0842054469811609
-0.0334572153672547 0.0041114125558394 -0.299419524309136 0.0579425809405307
-0.0305705634554414 0.000395212794504567 -0.238667745095923 0.176919395042472
-0.0280931401188319 -0.00279060705860256 -0.129255059730762 0.226722138680067
-0.02295056489432 -0.00651935126401667 -0.0362144089032212 0.240463433628547
-0.0342475858819346 -0.0141925022162991 0.0339559211173172 0.219906819036737
-0.0337133876175583 -0.0289648975186759 0.078475667309577 0.199637609370463
-0.0213945973629391 -0.0327405773997215 0.0911682874985665 0.176471944928653
-0.0184565034505079 -0.0398607657235373 0.123492151585582 0.174205525276721
-0.00408738819056844 -0.0469958786341767 0.169383137321871 0.195165332512299
0.0313745958240002 -0.0419662324419656 0.192590612305752 0.207019693257576
0.0600674038784571 -0.0188255415864999 0.237434692034092 0.226170670453958
0.108542216083113 0.0605258697882741 0.0793265667487091 0.265529258169507
0.0691081821254726 0.0299359559628517 0.0496922633622689 0.0225150703307434
0.0479341156334361 0.00434567016299179 -0.104624966826253 -0.098264441860708
0.0558866111557236 -0.00463051569296215 -0.229684973231095 -0.0800198023584761
0.0553442907881302 -0.0387951583564178 -0.300268099232674 0.050373277722756
0.0289621588056066 -0.0672177967420828 -0.239176169861754 0.161013584928547
-0.00115504189927525 -0.0819328209933524 -0.138912620961282 0.20962527891897
-0.00824951955694563 -0.081993274965315 -0.0466876180876497 0.22015136219797
-0.02963651775046 -0.0936335293988892 0.0288576369031213 0.196913994471289
-0.00727167628376023 -0.119285757301835 0.0798165271090052 0.174879441170524
0.0383105855794877 -0.112668414538604 0.100834559118892 0.156868557708277
0.0828660206213903 -0.100858343482989 0.133228678647621 0.161921727817944
0.119467993896402 -0.0552564527704416 0.164985362881597 0.188575226261599
0.144633494671541 0.0151219945912364 0.170615330999592 0.176228655279382
0.165911345441172 0.0740143257422507 0.202584155358561 0.176024706522288
0.161159617175456 0.152065683917322 0.0247643675035446 0.217894537011077
0.147009250492546 0.120997963315259 0.0176499051513244 -0.0176278204292043
0.15532672389662 0.0504406279813435 -0.130821860746198 -0.11447896009757
0.164831270140431 -0.0140866132760175 -0.241620305785931 -0.0800275282516691
0.139827740847292 -0.0827417826953274 -0.282837687312663 0.0396409772062347
0.0858775938531517 -0.130481154387505 -0.217922299033778 0.130577570889161
0.0250495358677307 -0.151540247675118 -0.131336648768015 0.16481162538397
0.00666713865116126 -0.144828531207014 -0.0509219996071289 0.169492688703561
-0.0223818610401829 -0.157464844537468 0.0238884778367146 0.143353100144213
0.0148647698140928 -0.190122190968924 0.0813911230818853 0.122484523587284
0.0822342771655622 -0.178773223282357 0.114530562492145 0.113173970952887
0.160259085968052 -0.157908523679974 0.150249238286369 0.135571534740091
0.218385089209816 -0.0703820848223735 0.162210497555982 0.179291452901589
0.237197176566845 0.0575502785976996 0.129749892641124 0.151081475912821
0.248043154141684 0.150620460431931 0.140328246305723 0.107273654720213
0.197091969070775 0.217110665859487 -0.0378773996563588 0.130894017223429
0.215180621015374 0.190632206064075 -0.0216963491925652 -0.0816819878988325
0.255823623787673 0.0801638444026286 -0.154802067817766 -0.140034976124764
0.260323644253318 -0.0392409782883319 -0.242642386374727 -0.0820629515004749
0.202670402127684 -0.129911595455357 -0.245971406181823 0.0196428901436885
0.124654330804972 -0.182380836315908 -0.180248902538708 0.0813294712519563
0.0439597247798295 -0.200937565451315 -0.111699347051605 0.0965928064453159
0.0197808668009908 -0.185612688843374 -0.0482155095732302 0.0945958579752564
-0.00803817797756311 -0.195539932808053 0.0208887506399336 0.069083686631864
0.0395441508200001 -0.230439738275079 0.081774096650137 0.0512875975818226
0.119422758830684 -0.21409772131597 0.126820100653594 0.052973707293282
0.216444024264683 -0.185499572649253 0.162343424845066 0.101760774197658
0.283278562958817 -0.0707183185899232 0.15163303012802 0.168096932810511
0.291219996144405 0.0964131813819919 0.0766883585654278 0.128396434823867
0.288116950881552 0.207224248467403 0.0607218025320271 0.0280201075504119
0.206922632849011 0.243992568846014 -0.106769179912856 0.0215188131335465
0.25504611407659 0.220397866240853 -0.0768633249981885 -0.149430270056017
0.317715473352485 0.0860128238031491 -0.173566428664606 -0.163319025835013
0.312964116432898 -0.0681122922466817 -0.22482339042836 -0.0886038444317909
0.228372742624212 -0.163242576494981 -0.191509583131298 -0.0173264083584478
0.138536118783011 -0.210032165453085 -0.135170972137875 0.0126090626826079
0.0518535716310893 -0.220585933005662 -0.0868775973974832 0.0120963434120197
0.0305809844823086 -0.197525867248168 -0.039425384329368 0.00820462539097637
0.0121469966070155 -0.205134613276028 0.0253780198334483 -0.0148136585285819
0.0705508058769491 -0.232512415487517 0.0876886875868123 -0.0252335991573535
0.152613894582904 -0.208043587174834 0.141920250924033 -0.00858089947553335
0.251161108536539 -0.167702059081486 0.171094373561476 0.0679589434101241
0.305796122072275 -0.0395643704771552 0.134132807331602 0.151502370643969
0.295442998431683 0.138364088313889 0.0211762446495164 0.101830096358216
0.27693543329611 0.241577547396377 -0.0167165060906095 -0.0548381053683592
0.182340113841212 0.227253323057685 -0.175994899034196 -0.0869422331313762
0.245335000951255 0.208716284316307 -0.14090390500999 -0.201993257896623
0.314822913199438 0.0749335057018782 -0.184376245925425 -0.175472643804039
0.300832429061266 -0.0830071103429552 -0.192199917912959 -0.0990935448444331
0.20880111221922 -0.164237563231545 -0.134826044341666 -0.0669645471311396
0.125942565579697 -0.199898060575703 -0.0949321490048005 -0.0655314468399408
0.0505104322755737 -0.204810869574376 -0.0632923889947945 -0.07495153377445
0.0362823957452044 -0.179625727121127 -0.0241157977880739 -0.0765364072997465
0.0332178710146019 -0.185011091889607 0.0413634933092349 -0.0964784113379417
0.0961686080577673 -0.199009696415352 0.109781707561111 -0.0943912899275425
0.172354097522542 -0.164120438413103 0.167538739896857 -0.0570882361894427
0.254464727259781 -0.110634540961449 0.180351227853883 0.043659073780865
0.282820367377778 0.0134980773276868 0.113762617120395 0.131182345288155
0.250345665412876 0.174099974655161 -0.0200849801977911 0.06583708941664
0.219489568063329 0.24653376515416 -0.0740844452978246 -0.136591275186799
0.122617517782551 0.172806101538059 -0.230864057253094 -0.175276340311884
0.183307109873491 0.163735544457548 -0.196121841413953 -0.22764619220215
0.244415087073444 0.0546870352215779 -0.184192050523519 -0.177343887030605
0.228178986288986 -0.0711273471357351 -0.157267504791035 -0.112232502631014
0.153794529868742 -0.125101259271922 -0.0901408475782703 -0.115914615307756
0.0960583712680268 -0.149838213666144 -0.0683175590879573 -0.134074571915625
0.0438970781304745 -0.154446418813523 -0.046685741642688 -0.148076584270669
0.0367606827603063 -0.134773162314681 -0.00472004369526025 -0.148390335354624
0.0455591991166258 -0.138845267295495 0.0693506852127558 -0.163514258309343
0.101126499228243 -0.139638517125783 0.148039608287836 -0.14426609316914
0.160086731347727 -0.102265486838748 0.205990538996098 -0.0829225388965806
0.216256322083652 -0.0441845520001794 0.194563468734403 0.034613970674077
0.219043275109 0.0611249612724495 0.0997588688960438 0.107990399916875
0.170763777429607 0.182244385491768 -0.038104292906178 0.0247857789002718
0.133216478953877 0.215475855765409 -0.101800221762124 -0.207493978295739
0.0326702578524255 0.0967723909786285 -0.258450489371282 -0.227755246328005
0.0827154529033134 0.103290142985545 -0.227164067160276 -0.227342480252489
0.127587143249569 0.0383431576160402 -0.176904780769128 -0.178047928127948
0.118874290714149 -0.0330698222732764 -0.134539638448005 -0.129864012486618
0.0802240437997293 -0.0535592261052389 -0.0723704779339014 -0.152154503288735
0.0602367904311178 -0.069972627521463 -0.0619052665074753 -0.177047805509073
0.0363162128604846 -0.0787945316045959 -0.0353845542549691 -0.193116935267277
0.0307129223168651 -0.0702757047920741 0.0157444862184722 -0.195349485266866
0.0409518703274796 -0.0735564668303658 0.10214472026745 -0.206047185307459
0.0747810654126537 -0.068749606320478 0.192279839000532 -0.169450606758518
0.109154684588379 -0.0442182953115026 0.247856721928352 -0.0851216309960365
0.139682362366232 -0.000877037300526622 0.211184992893648 0.0394942290435455
0.129896306614939 0.0739405691220011 0.0987118064895164 0.0877810300426452
0.0831556642472079 0.146534790795433 -0.0316506179421986 -0.00805569603969494
0.0412846833447602 0.145270949283403 -0.101586356763017 -0.252937054392645
0.0371772831175125 -0.0345974239820374 0.128191548322708 0.248119321098784
-0.0106115402412884 -0.0567580118797924 0.0769138115152475 0.0233320292120584
-0.0515784058789893 -0.0364237107501298 -0.0814384688028118 -0.0964409725371286
-0.0463691994901951 0.00104928457586494 -0.208675485591711 -0.0753043544981741
-0.0314867634989773 0.00467151203368623 -0.281736729868973 0.0649563396368605
-0.0283756984550286 0.00138864702952329 -0.221365527590454 0.177002637687398
-0.0269405694027158 -0.00211843862992742 -0.115669123235364 0.219366444654935
-0.0219303855690387 -0.0065434176032138 -0.0248115218426748 0.229028154938002
-0.0329725363621921 -0.0131805992389156 0.0421294633566836 0.208337895493848
-0.0329086242518335 -0.0267953233625992 0.0813940404987843 0.187277591456879
-0.0202457063161362 -0.0304334400327275 0.0920305414168145 0.165681868479739
-0.0185494589313786 -0.0372985775193003 0.121736859337452 0.162263919857812
-0.00485613163291188 -0.0451657311218338 0.164336511392507 0.178628173360835
0.0302192985481567 -0.0407792240114027 0.185908737566774 0.189857011956992
0.0563141112674656 -0.01959099927304 0.232319554902706 0.209207787939856
0.104029219484743 0.0551582775132339 0.0844631192548786 0.249167021690725
0.0680985657645854 0.0259084746645863 0.0478276430961329 0.019516727500309
0.0460995464975248 0.00142683773076339 -0.102137237239286 -0.0916077179348852
0.0516774880954941 -0.00703320767140065 -0.219996089424306 -0.070654260134281
0.0508210150382178 -0.0389905895539156 -0.282660066451009 0.0577387978691332
0.0255233933889279 -0.0646269020509641 -0.222350102683375 0.162077338688228
-0.0048986905881767 -0.0777992936477696 -0.124732457437233 0.203627852898694
-0.0110525554392391 -0.0787075660154887 -0.0347888037602406 0.21110993292206
-0.0311875264204381 -0.0885115335838795 0.0361459440085109 0.186418821761823
-0.0109052709922541 -0.113759031744358 0.0824420817810481 0.16418679122785
0.0329585144450741 -0.108524402490617 0.10090075180152 0.1480623848667
0.0759035890477854 -0.0985839756246345 0.130723006545961 0.150314707059204
0.110905393728948 -0.0566830376915208 0.161381565708236 0.171947188772419
0.138493608570737 0.00977632215079024 0.165444356570164 0.161109542797072
0.158627055327083 0.0647373160403043 0.198701244172336 0.162886833753328
0.157301042785919 0.140083513280552 0.0313779017833191 0.205246363892557
0.144067550639327 0.110068702000024 0.0172609216076301 -0.0181362253010233
0.148496415892906 0.041665358570067 -0.125967343854244 -0.106750529801468
0.154922064339376 -0.0202108728847707 -0.230350441962555 -0.0694032714224165
0.128159548198186 -0.0849165762802133 -0.266784210447736 0.0476906846161583
0.0766652468228459 -0.126576868326315 -0.203777074682628 0.130715733818138
0.0179234494074926 -0.145076289848749 -0.119294579603117 0.161441074229697
0.00109228235344038 -0.13872868386748 -0.0408791683412325 0.162466903176262
-0.0260668462127244 -0.148964414626798 0.0295093700350652 0.13582915323067
0.00733305773848518 -0.182314234101337 0.082462388653463 0.114499446459877
0.0718883325313128 -0.172589413182249 0.113415986413838 0.10586999270946
0.147131372902209 -0.155129630828955 0.145951598612071 0.1242997941345
0.203843372602182 -0.0746595687498228 0.159281468433683 0.164128254153534
0.227685028587023 0.0477954065392157 0.126554558632335 0.138246993718098
0.239296540578081 0.13405135523808 0.136790131533544 0.0986851043385648
0.193206077699908 0.200042871209873 -0.0299536574755949 0.124100109962829
0.210407010653956 0.173926418901064 -0.0217038254829313 -0.0776244431838895
0.244625948193525 0.0663982469476127 -0.148632132016329 -0.130672149037413
0.243465421822 -0.0464837331127815 -0.231168598407279 -0.072187514391959
0.186831651237953 -0.131223150709296 -0.232240755866491 0.0273866743288917
0.111434414598348 -0.177311115334079 -0.169447676077029 0.0831752813301753
0.0342430034009925 -0.19304456677009 -0.103365386960138 0.0961293641985696
0.0120773116999506 -0.177675966574061 -0.0410056638863346 0.0915771920372795
-0.014013308793343 -0.18535747745978 0.0237135653459484 0.0657572056882766
0.0296520489083425 -0.220486625035259 0.0800451585904248 0.0470131550899433
0.106501413855802 -0.20762973172676 0.122902793170004 0.0479590889367396
0.198515948177584 -0.183697147096932 0.156390262104394 0.0916788072124781
0.265702721887224 -0.0768875156692286 0.149805742114839 0.153736218684081
0.280113342264243 0.0828150270335556 0.0762650121089398 0.118616570764599
0.277928147275247 0.18623789404362 0.0592309345812409 0.0265448254326397
0.203562207739848 0.224871015391176 -0.0993734076833356 0.0220543662929991
0.249234085939718 0.200476060190599 -0.0755410373766262 -0.140579814638824
0.303142090418202 0.0698838571584875 -0.167553741201384 -0.152158636904391
0.292800276954901 -0.0759476746113079 -0.214140564009044 -0.0781843930939127
0.208815041382678 -0.163309938232653 -0.182754998540135 -0.00974380315914455
0.122796149419228 -0.204268313926057 -0.129419052004574 0.0157445186272987
0.0415512573342296 -0.211726756494066 -0.0831181222793723 0.0149238238641627
0.0223268186417677 -0.189045814713712 -0.0364016648337914 0.00936082311623177
0.0044876596184071 -0.195018219105648 0.0247374732835011 -0.0141729974926612
0.058630695054745 -0.223842077112741 0.0837758328249151 -0.0261767150055998
0.13790451248397 -0.203699023987825 0.135106740500093 -0.0106832524204411
0.232421703015073 -0.168708330253166 0.163563098436428 0.0590215795489556
0.286827788298588 -0.0486457289531408 0.132600945349392 0.139250348070967
0.28490727838414 0.122441865225953 0.0236867071196317 0.0951475202305654
0.268241582625486 0.218717476431497 -0.0171183534069676 -0.0501700502931894
0.180949897208562 0.209127794461242 -0.16909719694772 -0.079018467775016
0.239502269467083 0.189602052106619 -0.137834943095163 -0.189292401095172
0.299546733377775 0.0592600411396004 -0.178061222753163 -0.162309432359342
0.281096093353126 -0.089804475089338 -0.183323874998005 -0.0884189823297248
0.191388614307773 -0.163297871677616 -0.130319683558089 -0.0590969030322055
0.11218412659746 -0.194069053680221 -0.0928180133039493 -0.060156853764495
0.0410788203893899 -0.196530725244588 -0.0643298764493491 -0.0689506751018723
0.0285165017515229 -0.171675292433093 -0.0253519846974987 -0.0717821998685981
0.0251091016971518 -0.176800285929199 0.0370751083160098 -0.0926415951478584
0.0849811273092234 -0.192723784237771 0.101811877490227 -0.0935367388584364
0.157481023325119 -0.162753620543099 0.158990193887225 -0.0580688698752068
0.237411794757599 -0.1148217827465 0.172350595126463 0.0357539779675306
0.267755656581442 0.00333972711255557 0.112803885139476 0.120574376144548
0.242775382513046 0.157084227829464 -0.0166479035846907 0.0628776950340962
0.214285752486769 0.224727300856959 -0.0746898509041981 -0.126342212938452
0.122116645046415 0.159359625407968 -0.22429973598012 -0.161736417512659
0.179000133291532 0.148421049031051 -0.191848967610387 -0.211959925183989
0.232558898807047 0.0424530798670178 -0.178071279626495 -0.163925804558652
0.212534726325414 -0.0759623222043177 -0.151294533928158 -0.102810835072577
0.140420744139227 -0.123987410208644 -0.0897580771613851 -0.108007395771441
0.0851049770817683 -0.146447795697102 -0.0714120327859362 -0.126599137408393
0.0363671740035894 -0.148197004343985 -0.0510315691786707 -0.139184304408635
0.0306999642411082 -0.128498846819535 -0.0101306844093397 -0.140319042425919
0.0380621984760491 -0.132845085237894 0.0614991576922042 -0.156956904642708
0.0916135240291404 -0.135430729836322 0.135914261907568 -0.141978868081402
0.148073534439897 -0.103505281645686 0.193725635640727 -0.0841066482638702
0.202991120212417 -0.0501496425873274 0.185684875171466 0.027559963129907
0.20784293811901 0.0508446673827575 0.0992022427072557 0.0998500367138792
0.16724867586764 0.167565252645808 -0.0346877176601709 0.024347131078314
0.131373967928462 0.197612147387674 -0.103977879440623 -0.192464123277175
0.0345669393291495 0.0898634691963502 -0.253777056887219 -0.210232590747201
0.0814042416215707 0.0945900487977328 -0.221610657167848 -0.210689608441958
0.122134638813616 0.0317855359966841 -0.171511592454945 -0.164709886945299
0.110504346095252 -0.0362375030160449 -0.130253429777828 -0.120524272736685
0.0746161343396204 -0.0540031429475419 -0.0739650444095401 -0.142516585003565
0.0545275619165893 -0.0687867939812443 -0.0661298917277151 -0.166877835686298
0.031381885635719 -0.076076408826233 -0.0417592379741617 -0.182876027933729
0.0269925990982127 -0.0666898815798197 0.00692312075458777 -0.185623858750602
0.036017228682524 -0.0709383604713042 0.0902562806168069 -0.198858953486988
0.0692809122527786 -0.0675600198029721 0.176957478744145 -0.168012670049199
0.101136435766291 -0.0460735358234024 0.233773944596585 -0.0873894360368899
0.131535430646504 -0.00564387957649103 0.201316046791468 0.0312328819481889
0.124773971848601 0.0664329723952221 0.0969476358760202 0.0810495017677092
0.0823564946447994 0.135245532827285 -0.0294853920744061 -0.00637235266113483
0.0424526491479884 0.134651988917158 -0.10412465851497 -0.235804651296402
0.0357687059639301 -0.0332828077290743 0.127039480048869 0.240133545947333
-0.00948749380984435 -0.0552838074280219 0.0743395271585227 0.0216159304717668
-0.050231633740278 -0.0344884811804132 -0.0803147933433968 -0.0950592110210882
-0.0449483691402856 0.00161075225505808 -0.203849031948309 -0.0739127543990956
-0.0299139271696911 0.00473172827240222 -0.272342494713212 0.0653446667951512
-0.026862774380594 0.00179047257080102 -0.213296382762039 0.174618755265727
-0.0271473606561592 -0.00169817683299404 -0.110211837159155 0.214419905830515
-0.021649845034984 -0.00727114857398323 -0.0197589093252179 0.223011582211402
-0.0324222959854447 -0.0123588146174139 0.0447496200788428 0.202491916394461
-0.032046877252406 -0.0267157252661461 0.0811264521846514 0.182997248870743
-0.0193184039354038 -0.0290637798908843 0.0899558643640651 0.161289906026973
-0.0183335348657246 -0.035424079090139 0.119291189801524 0.157333754440666
-0.00521104416104563 -0.0438363898099165 0.159524509828431 0.171958895988317
0.0301825510723308 -0.0401188115795404 0.179115318897852 0.183899019480675
0.054406313972836 -0.0191023462775965 0.228251851198152 0.203997352215286
0.101096190122739 0.054127335766692 0.0849424851049805 0.240987196405255
0.0673254873122811 0.0246233094238058 0.0465686438295024 0.0176044202886561
0.0447591083007471 0.00087575510700646 -0.0995886306486633 -0.0906388469819695
0.0498291615865358 -0.00762885278499795 -0.214052874563318 -0.0683454188209017
0.0483635264998225 -0.0394599753484012 -0.273657495713669 0.0587684466239606
0.0242696430452097 -0.0626388529396851 -0.21488637948049 0.159282811852845
-0.00574507192417054 -0.0755704771965782 -0.119132827620591 0.199263549476139
-0.011596177691186 -0.077176713912209 -0.0302193658412134 0.204728968311919
-0.0309859899108443 -0.0860377071322595 0.0394534636970129 0.18090426072818
-0.0110029253796671 -0.111263075452358 0.082029029884738 0.159858993954202
0.031600670705312 -0.106124463253663 0.0997011191590901 0.144317385972989
0.0729040851107925 -0.09585654145249 0.127484517466285 0.145375743204008
0.106518306132643 -0.0559933343764141 0.15725542846148 0.164771565566
0.135856302156658 0.00931719874875988 0.15939055498727 0.155365550820974
0.154054145687595 0.0622219840092553 0.19522228704145 0.158678752223447
0.153966802698923 0.13563000791054 0.0334396224164958 0.19810439829081
0.141277337302879 0.10573247853032 0.0177581434416621 -0.0181450971556774
0.14464215315082 0.0379509138793477 -0.122389675851443 -0.105056228266214
0.148994575754706 -0.02118120351599 -0.224197611710072 -0.0679698042452044
0.122822415821686 -0.0841440616125784 -0.258492447829032 0.0491423231563666
0.0726278112970899 -0.124109923159354 -0.197054747669492 0.12933402212021
0.0156918255168679 -0.1416087536613 -0.11497751803678 0.158462338656335
-0.000477368563932376 -0.135567857077936 -0.0363763246120217 0.158051173052139
-0.0270411660854112 -0.14457166611567 0.0323286866334578 0.132172305688342
0.00581859074390425 -0.178060568440448 0.0822374757888184 0.110808179895208
0.0685023774731935 -0.168918298137331 0.112677596287492 0.103361290697605
0.142101292714843 -0.152679918981187 0.141590084648831 0.120076006448627
0.196638505221287 -0.0740105245190368 0.155055892480832 0.155923341387687
0.22260098104552 0.0451795914493831 0.123114950899996 0.132376913167121
0.231679322694915 0.127669470366025 0.134110914585909 0.0969289581373439
0.189455353964608 0.194003042124015 -0.0275050345743828 0.118587612842304
0.207325261404166 0.166860506822552 -0.0204738563076184 -0.0761905277426132
0.237180970804045 0.0608300409099947 -0.144089186931796 -0.128135031403345
0.234888172382486 -0.0480684939578499 -0.223285410221852 -0.0697508565504219
0.17816934347859 -0.130351784102403 -0.225372691798406 0.028637189954011
0.106092976828572 -0.173913100159317 -0.164882306400742 0.0815166421283252
0.0308392706965829 -0.187918153286293 -0.0994281298620007 0.0950751939610865
0.0101382249621609 -0.173383469620276 -0.0380176273825473 0.0893351782782888
-0.0159666818528128 -0.180145085499648 0.026093054095223 0.0639045383142894
0.0268254296446606 -0.215362716320997 0.0795617663270537 0.0451962906333277
0.101127037766239 -0.203185226839237 0.122380447995669 0.0472494520624468
0.191673702914007 -0.181498622278712 0.151720899110532 0.0877904655861646
0.255302847071098 -0.0768680094718547 0.147030802386845 0.146413595182781
0.273416317446738 0.0791730016664329 0.0742646127351427 0.113785386683508
0.270060175055383 0.177170376330178 0.0579425790002882 0.0267061022890401
0.200007044204771 0.216954380415487 -0.0959176740721402 0.0204463786869366
0.243790390908288 0.193090688012431 -0.0735606711135413 -0.13731703818389
0.293779615876434 0.0642577251985 -0.161973302629193 -0.148710751663334
0.282212675328376 -0.0770603357371891 -0.206713568475115 -0.0763002244855621
0.200561058515145 -0.161379048776078 -0.177406899510194 -0.00798454950100467
0.116811468343958 -0.200129215829605 -0.1257209281048 0.0161545760769148
0.0379550605981487 -0.206498302185889 -0.0815359056904881 0.0162063753190434
0.0199206770541378 -0.183676778621405 -0.0340180981028445 0.0097152083182796
0.00266874370104988 -0.189686269283421 0.0254250914337266 -0.0141371251908197
0.0545198485586935 -0.218525913950549 0.0819558152586811 -0.026761857390783
0.131997137463076 -0.1996089449464 0.133908219075854 -0.0105405702044231
0.224791861169201 -0.167103808907633 0.158549102422939 0.0555851970820591
0.277660037051816 -0.0491349030047841 0.130729610812265 0.133134661949862
0.277859721789622 0.117623573863908 0.0235992299966571 0.0917053732681389
0.259808934411119 0.209011095438969 -0.0168908187985219 -0.0472783392401261
0.177626842997787 0.201367341298782 -0.164790216624858 -0.0779013982910336
0.233712319383045 0.182433970000173 -0.134156319593759 -0.183936983610868
0.290061218303266 0.0545303700600059 -0.172014432901624 -0.158234906226121
0.27127402476366 -0.0903739924203363 -0.176828996022429 -0.085929993880403
0.182900256541813 -0.161362625024071 -0.126743319809703 -0.0561295905849245
0.105812075888271 -0.190828871749551 -0.0919318167404278 -0.0579554982647448
0.0376350273477449 -0.19142004742641 -0.0642662175097459 -0.0655557071305703
0.0257784984903318 -0.167261194932825 -0.0250945381783046 -0.0694565526414964
0.0225715676857875 -0.171885065091874 0.0366506230317173 -0.0900961602664698
0.080516161358404 -0.188489163551979 0.09866182504338 -0.0917706227954257
0.151107035845685 -0.160678683442232 0.155966866688659 -0.0567834290062558
0.229756375671575 -0.114964720051461 0.166451487686124 0.0328487481187746
0.258525427389638 0.00106494593721269 0.111591857589951 0.115948089842938
0.237253374060728 0.151398942572825 -0.0153323673479435 0.0607744332675523
0.207378222318774 0.215475905915452 -0.0738507608085793 -0.120818344069255
0.120397567667082 0.153275116031075 -0.22056759563026 -0.156959015449391
0.174858513549707 0.142756140771177 -0.186890760853355 -0.205787855120866
0.225476621243384 0.0382335047652654 -0.17236751701651 -0.160139730664948
0.204471987998276 -0.0759816996196017 -0.145364143709128 -0.0995285185990059
0.134604299423111 -0.123066405807606 -0.088325359022346 -0.104443569138324
0.0807386506389423 -0.143401913819735 -0.0708978294809784 -0.122897030407356
0.0330293913960498 -0.144508998332199 -0.0523089286474259 -0.134270919474265
0.0288055908325306 -0.124865240245155 -0.0112768651959134 -0.135725486299518
0.035418712901153 -0.129325471518205 0.0584797301870391 -0.153101679246892
0.0880375417843841 -0.13347749891566 0.131419549502875 -0.13977425126452
0.141738750746749 -0.102922478401019 0.189547272336088 -0.0815491940790524
0.196554687598456 -0.0512588746469011 0.180372043888305 0.0248126950978206
0.201543296003561 0.0475433494526832 0.0973304736341853 0.0956296242356169
0.163569539022915 0.1607928915632 -0.0330981353411839 0.023788808955958
0.127247572883258 0.189872988309745 -0.102576146491143 -0.185231020741223
0.035157139366092 0.0858086958320089 -0.249826360355256 -0.204111799844414
0.0795416219255929 0.0912053420271122 -0.215566637899482 -0.20437261993958
0.117979227038434 0.0288128663260049 -0.165912834152544 -0.159348517318489
0.105637040779681 -0.0367648090593098 -0.125606572957975 -0.116196046386874
0.0711997337049621 -0.0538826874888472 -0.0734861529248701 -0.139005216351979
0.0515944065385198 -0.0685748908175024 -0.0671542544989413 -0.16262667239151
0.029070102997285 -0.0741859448850759 -0.0445414698769537 -0.177497403833095
0.0258755444391236 -0.0640336689501271 0.00419248468208503 -0.179951700922336
0.0342813046696555 -0.0681648099065347 0.0858058042045559 -0.194266740201754
0.0669211657727205 -0.0661755226506048 0.170380921211294 -0.165051838846566
0.0970022404837242 -0.0463332791828868 0.227048750458129 -0.0860968937805805
0.127093364385479 -0.0067813155003088 0.195954705191515 0.029046694140167
0.12159811584449 0.0639903771513792 0.0950317268638809 0.0785927984589444
0.080237024542378 0.130796713632238 -0.0281728770796794 -0.00552706653933203
0.0406139830698699 0.128082349579831 -0.103846108418847 -0.227480901496485
0.0207868364807822 -0.0476015262202404 0.216502917395019 0.162461022090732
-0.0312820858290331 -0.0475183150293367 0.0754167986323284 -0.0128413246137276
-0.0587804698256416 -0.00954908233094472 -0.11616932510302 -0.0496349919058819
-0.0377079735187859 0.0232590729595787 -0.219170617029349 0.0229147823234762
-0.0212936988162988 0.0182501858747415 -0.215370404758351 0.180589298153893
-0.0208881800137087 0.012965692918153 -0.114735452861308 0.251512763920793
-0.0252834850763842 0.0106115482271374 -0.00655113609348932 0.242966360065201
-0.0237674832776353 0.000551707550533838 0.0817802554935241 0.208828759276722
-0.0351741389935896 0.00216802711413048 0.131361579422516 0.160741660248756
-0.0396058833453557 -0.0108658553661674 0.154397351738025 0.128294437873016
-0.0288025830763036 -0.0185381665739943 0.152055784534965 0.106067557243944
-0.0292530580111509 -0.0217946328945697 0.176412773329173 0.0890986720796028
-0.0224080143022649 -0.035771007501122 0.216249649232418 0.084278686160048
0.0129891120471907 -0.0475955444353121 0.239525669541906 0.0929855044448108
0.0441396049536004 -0.040602502035326 0.296196402428292 0.0938639341899959
0.115929238371387 0.00525273782617859 0.183557112321247 0.179649018623424
0.07013348887104 -0.00681510458573591 0.0511793010669932 -0.0062140572977968
0.0406881545475874 -0.0161965032005336 -0.128486060847885 -0.0421077715937813
0.0420922201577523 -0.0239454804944445 -0.223458198651361 0.0275852256645703
0.0299176673383613 -0.0533440141735899 -0.220120855249944 0.170999752189932
-0.00273240540399144 -0.0668899026435189 -0.124115680922512 0.23641676498689
-0.037892204359746 -0.065000566357122 -0.021577001523091 0.230731318241743
-0.0429172072571536 -0.0686735599461409 0.0655973565757341 0.196871084991185
-0.0648661309439898 -0.0653452157632397 0.118898297497237 0.143988284669678
-0.0572011881789936 -0.0974021381437488 0.148506891765185 0.105897801141849
-0.0145057680364875 -0.111484873603912 0.158079941203266 0.0870287670125993
0.0265706758225878 -0.116313935322206 0.185271889928211 0.0781923121006913
0.0749646267644681 -0.0944060463614712 0.213636926431112 0.0831622287188222
0.131060127981912 -0.0485196872596925 0.207995322535789 0.0803973283639461
0.172514297692247 -0.0118774029797378 0.241151037870281 0.0711649742096768
0.196429970973347 0.059948013842207 0.122304464338563 0.161858223718219
0.170123854468698 0.0369809439459298 0.0123498248755887 -0.0281226233857814
0.145267833708496 -0.0223419101927968 -0.151666707379517 -0.0499438811858308
0.12378608095748 -0.0769665349811078 -0.228290533158917 0.0286800997991484
0.077203991010438 -0.124237102143762 -0.210947621389792 0.152272713388254
0.0146640877619017 -0.142475030752349 -0.122133976189141 0.199375727385532
-0.0462143728004107 -0.133576298323364 -0.0357741606578713 0.189435690939708
-0.0569208952984309 -0.127349897979154 0.0392546350800924 0.156377743934884
-0.0857919049198445 -0.120493304612714 0.0917147337452844 0.102400726331028
-0.0706415027548242 -0.16602945072255 0.128380441743535 0.0611457926228037
-0.00755237784296354 -0.18627946318415 0.154746929239313 0.0460416082090986
0.0634967258177316 -0.197863647322556 0.193628104995596 0.0514090304514783
0.150196892149283 -0.149473624978399 0.210516957304521 0.0794279124179732
0.22576753461418 -0.0530345536339526 0.163792121630438 0.0792487231396389
0.273949506218051 0.0136611368015439 0.154658993752094 0.0441857150416567
0.251385115417646 0.100156300533471 0.0363253434688763 0.114584089833731
0.252975961117867 0.0667873532752379 -0.044544439444088 -0.0657655836796592
0.236794866534968 -0.03900832534944 -0.178036079884108 -0.0661343479238128
0.18798929519455 -0.135678814529178 -0.226729857409618 0.0215938308507021
0.106941124151872 -0.188276409288269 -0.191377374376716 0.116643238980472
0.0225496648952087 -0.201217631044226 -0.1146814922346 0.140752189818519
-0.051970661696811 -0.182158574748005 -0.0507246217230042 0.123743593242618
-0.0626424666327058 -0.165832909841006 0.00715176776145912 0.0951545726952485
-0.0903523266743785 -0.158349433083499 0.0562168809506788 0.0428463667275013
-0.0678707759654885 -0.20972112395878 0.0981767319966786 0.00247074047723544
0.00708383386809775 -0.23268681394552 0.14150988083062 -0.00807775661453356
0.0954731672604619 -0.246279087188337 0.192899398831708 0.0203588486561371
0.203644957296893 -0.176762044731602 0.200264087537295 0.0761331252503536
0.286237721566104 -0.0443142473244843 0.111152228535319 0.0850682833652737
0.3308079633729 0.0412285389387974 0.0519405907318892 0.0138092479125376
0.269940801253221 0.118339748662989 -0.066798782622186 0.0540316896985671
0.296486203938327 0.0762416088406729 -0.118448833891616 -0.09922910749513
0.289146255777667 -0.0581253685540791 -0.201507516339325 -0.0790203732563013
0.217214751272735 -0.181474153125536 -0.213196865790185 0.00647760246011562
0.113009106755638 -0.225923154259817 -0.165053362685657 0.0608836471104294
0.0205986160514257 -0.22937866627867 -0.109458700081047 0.0633554955914702
-0.0533578505165276 -0.201464766296266 -0.069124197604338 0.0433370198776445
-0.0575534800464207 -0.179421909007038 -0.0250076591419659 0.0218387586551903
-0.0772681488370145 -0.174474579105918 0.0210643897861686 -0.0260481770062012
-0.0438987853052358 -0.224496132587785 0.0684960592387825 -0.0629981031957478
0.036208025483224 -0.24250280562967 0.127195817449599 -0.0634887191690199
0.130934367277766 -0.247890760739117 0.185550642718413 -0.00876574810588993
0.235045399942059 -0.161955953311861 0.178984898116033 0.0718934726144299
0.306381513925392 -0.0113933460839283 0.0547452051715389 0.0862877318314752
0.334741802598763 0.0736380508209817 -0.0493631596742027 -0.0228214506294672
0.243566422799069 0.114313510537134 -0.172829575994052 -0.00544685670204504
0.283442833066644 0.072336075198563 -0.194898772314585 -0.115105369370995
0.281958360074479 -0.0654146968158324 -0.215310848928037 -0.0833608583002868
0.201495269829833 -0.188142594710008 -0.191164877187451 -0.0154021753825704
0.0970024327549098 -0.218519040787617 -0.14121221896699 -0.00457823221480466
0.0140992881015151 -0.216052848287436 -0.111424091741241 -0.0171417190970038
-0.0469302625837727 -0.188322802246471 -0.0899989237142367 -0.0377136299281166
-0.0448922287736616 -0.165387174559664 -0.0521591068645919 -0.052675168954624
-0.0515197251647928 -0.167437663538614 -0.00405461024650172 -0.098577142039546
-0.00758077698234204 -0.208380421995022 0.0538587509729268 -0.12826228252952
0.070095023806137 -0.214439064890399 0.125145156623454 -0.11348221352324
0.158391884364481 -0.203732000497835 0.179749575486783 -0.0307688917524817
0.239665116155181 -0.107071694514252 0.152518317061174 0.0654978183847703
0.282891263386235 0.0364649546632451 0.00476877873760326 0.0733506651644908
0.288254207239653 0.103191123265685 -0.132914667316646 -0.0684622060495689
0.171011445579559 0.0948980418885302 -0.260672649563716 -0.0531157597680395
0.214837178455265 0.0618286250278751 -0.253236327352964 -0.110667189997324
0.217168655285981 -0.0528130513841001 -0.217249109662514 -0.0810743826005424
0.148076724182272 -0.148934410473991 -0.170239001562869 -0.0383894706877143
0.0689475763143969 -0.163657587118973 -0.127556808868125 -0.0624352323880493
0.0108831650428912 -0.162692697502099 -0.121198469686283 -0.0838052948763313
-0.0309579804294418 -0.144420341593493 -0.109124103837831 -0.103173760498875
-0.0245763591431697 -0.126919259954652 -0.0700316024089381 -0.11820508487058
-0.0212736611859512 -0.133820056213823 -0.013175807791212 -0.164752672195242
0.0232359080108119 -0.161291304070389 0.060159045306298 -0.184731514485423
0.086361287303221 -0.156964993384243 0.141641179046943 -0.151069408988926
0.156233163418984 -0.132201240861197 0.183054877591953 -0.0437128290140562
0.207396862775662 -0.039865761000629 0.128969060307748 0.0517367109491825
0.219131920280768 0.0766023468182332 -0.027002032725857 0.0437131971996917
0.201478009424389 0.115226460098784 -0.184536421936605 -0.118738407224993
0.0663853491327213 0.0689630306492704 -0.311760171820967 -0.08219745895195
0.108823007094649 0.0539763715386705 -0.281613365061629 -0.0950626531716929
0.117270609655648 -0.0180303270454824 -0.213331263441151 -0.078382407807457
0.0770656613950885 -0.0736172351093334 -0.161197150168014 -0.0562303779245711
0.0406432174610427 -0.0753823030210181 -0.128599407533201 -0.0972990600440349
0.0162622485855179 -0.0817961711826789 -0.133032075089221 -0.119508194076549
-0.0048465267981397 -0.0788845660385482 -0.120562765118498 -0.143566266422888
-0.00199091952184662 -0.068838908344044 -0.0762627445363732 -0.164494139449171
0.00322549225597854 -0.0770122650547785 -0.00758356668733458 -0.214090623439166
0.0331047434725242 -0.090385426503192 0.0822708609929017 -0.223818517019474
0.0694898532898935 -0.0852560236735192 0.170559244507696 -0.17333428383645
0.11312141393991 -0.0611145870702134 0.193901068701424 -0.0498962385394185
0.139967286947523 0.00879902357060874 0.117613917096731 0.0350617322325837
0.12918104261671 0.0845773944030559 -0.0332981373471615 0.0110922157121806
0.092752096887737 0.0983719828220788 -0.198585339114588 -0.161075963786492
0.0197461716751947 -0.0489046033055368 0.226818921335362 0.156712529304938
-0.0334583834057922 -0.0479921361912275 0.076033098842426 -0.0161050652524424
-0.0594288810066748 -0.00792203909774546 -0.120982771495001 -0.0477887541411098
-0.0372751439941785 0.0251787669870468 -0.223422073166865 0.0297525151488136
-0.0213901224298331 0.0190456883678996 -0.212949393466517 0.19130814795422
-0.0206892358539745 0.0133784708686574 -0.107477885189036 0.260547584685812
-0.0256670362169952 0.0121315694838206 0.00247623257080521 0.247144336482156
-0.0245782405253716 0.00115767901276347 0.0918572603148201 0.209179779204011
-0.0360307157817089 0.0032113919273343 0.141502511544278 0.158252934324954
-0.0411337667224237 -0.0102972822582463 0.163310012763965 0.125543205800069
-0.029404370320847 -0.0175684718017812 0.159118131485891 0.104426606804692
-0.0302685177505375 -0.0205081672205693 0.182326873209396 0.085391485304224
-0.0241216508668606 -0.0353694740922023 0.220696883841525 0.0791777757641485
0.0123490146007142 -0.0493581621054931 0.245717671917192 0.0891381633720817
0.0437464101625758 -0.0418250000166 0.307233109029619 0.0871941572032321
0.118447806864409 0.00251167226204601 0.193767760998175 0.175628338765682
0.0719160334818353 -0.0104399340795592 0.0525659526124528 -0.00877267573769736
0.0407164296406679 -0.0185910753090782 -0.133207385519498 -0.0394966747934101
0.0413366198743573 -0.0255786902552472 -0.226624822547814 0.0341359278332654
0.026965980435993 -0.0556186826278137 -0.217234120630389 0.181869338742961
-0.00525784012761503 -0.0686675385996196 -0.118226965696069 0.245691721097312
-0.0413228678085398 -0.0651511140150129 -0.0129993542788191 0.236125672792329
-0.0474312173357607 -0.0691530245090396 0.0750275372228892 0.197136403261023
-0.0689815206184235 -0.0646120056953755 0.127789477675299 0.140560957551257
-0.0626967447369303 -0.097706339607011 0.156418846690968 0.103037825732928
-0.0185526803814736 -0.113209878935016 0.165506907941519 0.0843476162999288
0.0227719830817962 -0.11967423151326 0.191718841289285 0.0734746245175426
0.0725808620097663 -0.0981201148692245 0.218462918027727 0.0767727941211634
0.132808669750027 -0.0541013795380131 0.212996178517748 0.0762518585451566
0.175161545324893 -0.0168453586279819 0.250252193309593 0.0659014258335795
0.202431897259821 0.0543791049991519 0.130607312037796 0.158831157549241
0.174488854325732 0.0312657195948522 0.012219708173979 -0.0305797406597083
0.146375657677669 -0.0284187526241543 -0.155960384601431 -0.0477262509186381
0.122133521701509 -0.0824445142391376 -0.231186672580558 0.0346951878255466
0.0724691479826622 -0.129656025049214 -0.208609496463878 0.162025628515239
0.00917438135191827 -0.145811582847888 -0.117620510897788 0.207257627209117
-0.052597320644296 -0.134387827979304 -0.0291336082354818 0.194714826508792
-0.0636138577259839 -0.12832923122992 0.0462628883549987 0.157278689074086
-0.0918617009034143 -0.119928036925169 0.0990459593518618 0.0991184049730143
-0.0796439871612794 -0.167626159721198 0.134349771132736 0.0578875084900692
-0.0142137285612553 -0.190181541954716 0.160967983381998 0.0416308868934905
0.057927002328213 -0.204716058856113 0.198076507413644 0.046886133713486
0.147170549125491 -0.156798362234457 0.215991745831203 0.0725550048749726
0.22888991625045 -0.0617370523184764 0.168112013540187 0.0759456422818784
0.278188065479966 0.0047585553957826 0.160984066065365 0.041100741822592
0.259777146573761 0.0929853343796052 0.0416229768853283 0.114197180996498
0.259449641616328 0.0589774001816417 -0.046799668746816 -0.0668614241299643
0.238547105041287 -0.048570967380829 -0.183157313239609 -0.0634959585826753
0.185420511868783 -0.144909527687933 -0.229790494262273 0.0271916121414282
0.100998952661168 -0.195576663672877 -0.189313912448369 0.125053365371921
0.0144943894288913 -0.205805504970439 -0.111153331861296 0.147266370974372
-0.0604956154455238 -0.183466573526674 -0.0463690887963025 0.12772156253932
-0.0705893186406047 -0.167836203466092 0.0115985661747521 0.0961883255062063
-0.0978234103776055 -0.158097015761311 0.0602373705109774 0.0403061486437871
-0.0783298371562802 -0.211486717030288 0.101314265318002 -0.0011729517562952
-0.00172738469728346 -0.237568448182867 0.146688344540022 -0.0133722608745208
0.088271125341051 -0.255628939145613 0.19586136994407 0.0152272538800436
0.200647694353606 -0.187191913580219 0.205800448898892 0.0696822482891772
0.291480508278845 -0.0548064045688175 0.115894891546955 0.0830294614662548
0.336533306819176 0.031287898018965 0.054384354415992 0.0135970360433563
0.278914605883218 0.109973512505769 -0.0664764223340758 0.0560493500906718
0.304420871173045 0.0673814041914297 -0.123230141093825 -0.0988814967443299
0.290306981901131 -0.0697370959976229 -0.207550062927917 -0.0767055012304543
0.213159497590147 -0.191685863047256 -0.215923577464767 0.0111160060894582
0.105526445848197 -0.233959656301057 -0.164864787465179 0.0680602326158011
0.0116939937505975 -0.234051958190515 -0.109385460447072 0.0683000848211839
-0.062574166592071 -0.203281462355631 -0.0687324838307097 0.0474369552756304
-0.0658075261658689 -0.181011838410833 -0.0241679877748237 0.0224871432172902
-0.0850964639947837 -0.174662577117975 0.0216516582845897 -0.028663113325372
-0.054466642119981 -0.227777837020859 0.0687391139121206 -0.0665865723222882
0.026963944400179 -0.248630476349642 0.129843189931845 -0.070057596577358
0.123031063724569 -0.258512733304179 0.18805985895724 -0.0146649781256957
0.233113422899769 -0.172349868853221 0.184872735632983 0.0653476044811157
0.312172337369841 -0.0223022605641604 0.0589337806929995 0.0865166364278969
0.34181028774418 0.0637188623766923 -0.050729464987404 -0.0199796365274128
0.251534270172882 0.107353261717192 -0.176520303542894 -0.000768179828838335
0.291077988334744 0.0635727384424771 -0.200510610206471 -0.111948136514432
0.282808282060285 -0.077002837462294 -0.220999427671241 -0.0798005398755746
0.196887979922527 -0.198247042750465 -0.194043924650883 -0.0112735603537908
0.0901592418598965 -0.22582943188694 -0.143120808163127 -0.000202686188118634
0.00558558104213217 -0.220518660529141 -0.114436847166631 -0.0143731737426743
-0.0562260406901603 -0.190153494870263 -0.0932148570389788 -0.0342405058964904
-0.0516020822448662 -0.16752908441476 -0.0549484950462802 -0.0523372325713363
-0.0584288310302551 -0.167528643104466 -0.00671835308506887 -0.10168768451399
-0.0167254572793382 -0.212839085677674 0.0509024241936321 -0.133145570839769
0.0624090377860829 -0.221469791680263 0.126135975706681 -0.120371180770383
0.153174503092866 -0.214137164792937 0.181554532547356 -0.0362966658023555
0.239984237463146 -0.116926109133045 0.158864375745141 0.0596439985339575
0.28921389835696 0.0272101353148214 0.00799359691695057 0.0744392702246797
0.295576473182626 0.0950727770165768 -0.137531227167886 -0.0636754443148084
0.177484473137988 0.089304035464423 -0.268133615207447 -0.045885025607314
0.220895432738815 0.0552648931277824 -0.261776682501475 -0.106206641077586
0.217857233527372 -0.0619533373428883 -0.223749788366988 -0.0777398684320192
0.143858846989375 -0.156512888596505 -0.173479076219883 -0.0349638439627146
0.06288505190236 -0.168986462521856 -0.132322368985817 -0.0598083824541185
0.00413780320921209 -0.165991515488602 -0.126531547502335 -0.0818177001325186
-0.0378041819260177 -0.145754363991559 -0.116155259846086 -0.100973011814142
-0.0293571059889406 -0.128830641520483 -0.0759239649716983 -0.117946139320994
-0.0263564342273921 -0.134670574995547 -0.0194631429453305 -0.168180137040905
0.0172441870881571 -0.165831419178385 0.0544442885159723 -0.190265356830205
0.0806850302044554 -0.163025842503424 0.14118411243663 -0.159779644493909
0.153264259993676 -0.140453969939581 0.184751017165604 -0.0504255289447896
0.209408469161203 -0.0478742226626153 0.133767970240388 0.0481260802696471
0.225330441743503 0.071112028095331 -0.0254518949505148 0.0455551402820802
0.207508290680886 0.110846954179797 -0.192057515493291 -0.11281451426898
0.0696045483465169 0.0665432186280535 -0.322115518628841 -0.0730927999143473
0.112107902077691 0.05086128577083 -0.289737787470387 -0.0883261457157183
0.117313731882231 -0.0229105527466408 -0.218647739423708 -0.0748986141455005
0.0746845936047594 -0.0772674688277788 -0.165815952320495 -0.0535634516280671
0.0383529470455858 -0.0784734762361724 -0.134478849804773 -0.0953764532111977
0.0125533826844128 -0.0839919777790008 -0.14125551873652 -0.11712114118449
-0.00805653084277639 -0.0797366685988197 -0.129748974315412 -0.141281086922746
-0.00372205901176373 -0.0704771634089811 -0.0848847107824455 -0.164664715738273
0.000721977895991434 -0.0780798898311796 -0.0167891357027901 -0.217438376585478
0.0304777087083434 -0.09366815782857 0.0752480883285695 -0.230654103979935
0.0666902539648207 -0.0887975759392494 0.168238818129284 -0.18266869295809
0.112730057004614 -0.0668806692023358 0.195518152417373 -0.0570844400178685
0.1428095964723 0.00401957917975413 0.121708684214685 0.0322639737033733
0.133543086200667 0.0820022213163069 -0.0331689866696725 0.0124669487547984
0.0966037305982732 0.0970268439829709 -0.208089592379926 -0.155719895103357
0.0172455851882883 -0.0494902035820572 0.238377958807236 0.142174719773883
-0.036531513197829 -0.0467291034908571 0.0756168881264243 -0.0215170429722793
-0.0602652383825598 -0.00519756688578275 -0.124884524559529 -0.0415854764259558
-0.0361070019927744 0.0278139147895914 -0.224194378612159 0.0420028064393962
-0.0211759360778176 0.0204955711882466 -0.200979354473283 0.205048254509781
-0.0201691338391242 0.0144359664983037 -0.0917265333303084 0.269577918868728
-0.0248632704379666 0.0142340238913955 0.0186407951295456 0.249074216032316
-0.0260608554168014 0.00281957306814829 0.107096356443631 0.203377273026081
-0.0365257971647208 0.00519735456200742 0.154265027379739 0.149122156307861
-0.0427811342703751 -0.00799509471970787 0.173496283214602 0.116971867136177
-0.0299251933020568 -0.0166976567782737 0.167427355927693 0.096954151549193
-0.0313347991215172 -0.0183136917193882 0.188644014375059 0.0748392824025739
-0.0261357217154449 -0.0336096482887285 0.224924042032897 0.0661259223706977
0.00970110265984999 -0.0511316851135125 0.250926115085007 0.0770430788053258
0.0411928830770635 -0.0439090273832294 0.316815964664095 0.0693049684382387
0.119747248324096 -0.00456308059766967 0.206574086440118 0.162754102591305
0.0716634979943232 -0.0153584272036431 0.0526122175782321 -0.0132339190179875
0.0388798167776288 -0.0219331806555307 -0.136604929703079 -0.0329157079335004
0.0394065397702434 -0.027927075422496 -0.227225257329049 0.0465406552229486
0.0226572159929918 -0.0576525900969543 -0.205873415234624 0.196383671118718
-0.0104526376285719 -0.0689754668888586 -0.102735474980364 0.255198431818506
-0.0460848886038278 -0.062344189421923 0.0027549802788153 0.238327278267004
-0.0531101024706159 -0.0670054147318832 0.0883224927004747 0.192575822406495
-0.0741015205540021 -0.0608855563797879 0.139616701825476 0.13201090107708
-0.0704798659446071 -0.0950788019123543 0.165046480717294 0.0941584324485473
-0.0252166722313579 -0.113764544155316 0.173098985926544 0.0753984049606966
0.0159397446905729 -0.121921148375896 0.196605809213029 0.0631359699155191
0.066622257549903 -0.102363422502657 0.222880095730409 0.0629301606117017
0.131640715130396 -0.0629098980346512 0.217533602844267 0.0651178810930815
0.174980216733184 -0.0269443214453029 0.257993505441959 0.0515821177220676
0.207924247583239 0.0417451629065691 0.142043233720906 0.149344811015484
0.177688779787213 0.0203790058584544 0.0111113931518368 -0.0321165849992357
0.143874168452302 -0.038674055976652 -0.160405201875434 -0.0402198941647968
0.116729615963988 -0.0903584338453422 -0.231094222412495 0.0470763101730753
0.0631397297085147 -0.134873531582688 -0.198309429452177 0.17603785440722
-0.000874650391030299 -0.147862182362108 -0.104326641002282 0.215970126174841
-0.0622758251717029 -0.131816955909972 -0.0160028923926808 0.197633560369525
-0.0735575421490465 -0.125615749396322 0.0573489592543918 0.154393808784693
-0.100166129422627 -0.115620135322187 0.107402919465729 0.0915989337271591
-0.091985528537229 -0.163731358867254 0.140137374065389 0.0497356995028808
-0.0262921347209059 -0.191318110217079 0.167192793169137 0.0312997519220978
0.0452436547601917 -0.210284897536924 0.20184643411393 0.0358755130568515
0.138409171866292 -0.166320819065017 0.220581279072977 0.0581934484630492
0.228089869695359 -0.0762429240268632 0.174067475317444 0.0670401919538933
0.279624781362983 -0.0114221047092706 0.166352921345009 0.0323862520149075
0.267287010665438 0.0769948185081368 0.0494489544941439 0.110463662488466
0.264949473486307 0.0428039899181851 -0.0501352404810627 -0.0659076922965594
0.235259394038166 -0.0639664351312663 -0.188509784435466 -0.0548028354980804
0.176492754695906 -0.156950871852045 -0.229161384490822 0.0397185033309001
0.0868448428954087 -0.202934743157443 -0.181269827566292 0.137556064784177
0.0002693746193594 -0.208594163954237 -0.102883122594508 0.154427640404646
-0.073497242324349 -0.180719806068823 -0.0380725734828287 0.131553303224706
-0.0831419512280767 -0.164909767901223 0.0178287284430403 0.0948217642148613
-0.108727513158397 -0.152484487791079 0.0644152505353973 0.0350537743576989
-0.0939929513191626 -0.208840139146353 0.103509970045597 -0.00797919732729663
-0.0170190989126874 -0.239446499173098 0.148423109471417 -0.0232535625870151
0.0717324105812236 -0.263336592706762 0.197933327942903 0.00376142339826811
0.189702468882228 -0.199645691213547 0.210586812292969 0.0549689827010349
0.290529650813066 -0.0728061906277436 0.121227321673264 0.0764542292787435
0.339885028059671 0.0106747639698619 0.0567590260872045 0.0119237964767253
0.287066699752643 0.0922369524846521 -0.0633241392484093 0.0586535992584441
0.310464088043233 0.0490944484660729 -0.128732694937287 -0.0932888025587317
0.286387467711306 -0.0885925940965744 -0.212941008387538 -0.0663104823509284
0.201265240770364 -0.205656565353912 -0.216377675126587 0.0220961076414876
0.0899783573577337 -0.242035977652114 -0.160031067291597 0.0780251582660206
-0.00450171621480914 -0.236425706494369 -0.105484995294494 0.0748765656743295
-0.076995606079712 -0.200432379188161 -0.0659624930500015 0.0522076412020182
-0.0783491798774379 -0.179290557296675 -0.0232771822616415 0.0239247949221635
-0.0970505916642144 -0.170217598035959 0.0209630349288799 -0.0317007054833097
-0.0708569695639488 -0.226275579453585 0.0659964903564936 -0.0720733336895905
0.011233498858333 -0.252725570038461 0.128439453479471 -0.0795964506011131
0.106537601779333 -0.269084382988999 0.187808866254713 -0.025156434159368
0.223488430673377 -0.187501565465166 0.190274256841929 0.0524354947282595
0.313461908453105 -0.041632648634906 0.0648945542471564 0.082832217228495
0.345665921637157 0.0436714115976067 -0.051262833442134 -0.0149238326828422
0.259579643263384 0.0909960421649636 -0.178849755399593 0.00853697870773504
0.296489353726145 0.045533486078238 -0.20825989387732 -0.102215673717325
0.277717379607924 -0.095378830687614 -0.227084654567634 -0.0695918806952993
0.184212736703423 -0.211753778288824 -0.19529151253434 -0.0021928234616738
0.0741750558237308 -0.233008554989209 -0.143236881660385 0.00788907338784371
-0.00958975916347771 -0.222307534537538 -0.116229996691542 -0.00790854022242553
-0.0694150582026909 -0.188217325319189 -0.0959933121673245 -0.0283622945083724
-0.0625408956922198 -0.166169824965829 -0.059084163222347 -0.0485252782668199
-0.0693234843488557 -0.164325453216298 -0.0130553423212749 -0.103426326285638
-0.0317033834450068 -0.213597961544975 0.0431494481317932 -0.136673244745436
0.0480947733549198 -0.22702232479292 0.121260751788276 -0.130778350964537
0.138363016775569 -0.226260202307141 0.180371120969919 -0.0469682823756349
0.233692740165384 -0.132893097942828 0.163395425930509 0.049152988991683
0.293763601954004 0.0101925774497631 0.0128297492878168 0.073432354144057
0.301300294891338 0.0773045049523928 -0.141968438301142 -0.0534546810529487
0.183815757342235 0.0774578218010301 -0.27429259980109 -0.0302695599797342
0.225825272066485 0.04122872700522 -0.268744196615881 -0.091757791098096
0.213180186009776 -0.0755184845796871 -0.229496981966647 -0.0668175939177235
0.133329044050924 -0.166304100899905 -0.176324718313974 -0.0261898155171629
0.0523536751787963 -0.174706260541642 -0.136536324284853 -0.0531007813006617
-0.00758852348387523 -0.167399559772863 -0.133714234321198 -0.0752432768167802
-0.0478074713815097 -0.144191854017029 -0.12370331426662 -0.0937068266045143
-0.037456673216372 -0.128553193870476 -0.0848845624274332 -0.113250829922941
-0.0348593217908204 -0.133433602318692 -0.0305301993920547 -0.168840089539873
0.00551192431295092 -0.167426588088422 0.0431346866737669 -0.19512166709263
0.0706048944953115 -0.169027063036812 0.134208284667795 -0.170489105013312
0.144738458803551 -0.151504151832067 0.182812302137522 -0.0614899608652669
0.207331609169727 -0.0610702257916467 0.138946005956259 0.0387866015884568
0.231306702184466 0.0572124951790886 -0.0220150145253702 0.0472576269122676
0.213456365290594 0.0985020733362475 -0.199915503615812 -0.0999831289931528
0.0732297190272771 0.0608885056995612 -0.331149128520883 -0.0538642202330342
0.115803124082929 0.0434905687259288 -0.297055511210184 -0.0723825481411184
0.115383273964843 -0.0303812329091195 -0.224073823118903 -0.0632521497155426
0.0686293048309651 -0.0817325631180368 -0.168999028708853 -0.0447808510364535
0.0328499776026553 -0.0822660527098621 -0.142247201040342 -0.0889881714110375
0.00636928649653011 -0.0854057985514112 -0.151057286090805 -0.110203898385693
-0.0134925225102634 -0.079648967346934 -0.141308289799114 -0.133893769420481
-0.0073535870581411 -0.0710539465980037 -0.0967500972283077 -0.159822609793309
-0.00337908823784727 -0.0775779116473818 -0.0311085953161433 -0.218025084886287
0.0238854896958487 -0.0968395029057795 0.0603584780319405 -0.236877072627541
0.0609075175304581 -0.093764240430694 0.159184662371977 -0.195359249994473
0.108438971038451 -0.0742169140232951 0.193857246977481 -0.0690216436968035
0.144112303123729 -0.00440815698007017 0.12566926932136 0.0250385082602733
0.138909236762847 0.0742891919615688 -0.0318620131338371 0.0145224528504168
0.101622378842502 0.091385605276477 -0.219634329144112 -0.142115030329903
0.0133588561005116 -0.0487673059415948 0.24275585439105 0.121341189812315
-0.0394755785909396 -0.0433867044834291 0.0723807879925649 -0.0262067590415723
-0.0590341094881239 -0.00103353499975362 -0.125727708059375 -0.0330969949437566
-0.0329461663682454 0.0301700064833333 -0.21767571846462 0.0556000938133081
-0.0196408567420491 0.0214847453410692 -0.181916450629805 0.213156149704293
-0.0188317033157781 0.0154254218963626 -0.0698271096665141 0.270597045813211
-0.0228364440015601 0.015921817770229 0.0354739292530278 0.242644826774856
-0.0258884064422093 0.00466898002083921 0.120259468275334 0.190946721355842
-0.035853411186189 0.00771992465132969 0.162396789604696 0.133818902411719
-0.0421155820677354 -0.00513420404125654 0.178766827624208 0.102069386685829
-0.0295849068671693 -0.0149569835656857 0.171290589707773 0.0837211045313874
-0.0312103523693167 -0.0152819624111314 0.189282400742412 0.0615943611974536
-0.0279080790626407 -0.0304090596439377 0.221837048109377 0.0498723310908192
0.00626790107379524 -0.0515907029479406 0.249164499055215 0.0605586856583142
0.0380627706150757 -0.0445048512583341 0.317325915589271 0.046491556147936
0.116948848791322 -0.0117986839348308 0.21307506073836 0.143404103946167
0.0688772952289706 -0.020219606267903 0.0505235391488793 -0.0172144598955596
0.0359763454528392 -0.025055272128659 -0.136573494925316 -0.0242902532972281
0.0370647089180512 -0.0300378977221288 -0.2194692565415 0.0592381705257994
0.0169513661994352 -0.0574020740120507 -0.186311889364893 0.204877283858676
-0.0159495295868142 -0.0674066671027245 -0.0813543519408862 0.256024984632268
-0.0494326843044336 -0.0578835291146115 0.0203126175451436 0.232901902993462
-0.0579579340547061 -0.0615113448345401 0.101506814826625 0.181195079835909
-0.0770139717042322 -0.0541254376410996 0.146864369001676 0.117618732527511
-0.0766098105563442 -0.0882105665014889 0.169766694430601 0.0806954248836522
-0.0323805847455939 -0.110064035725122 0.175543782587515 0.062415984221339
0.00733167540696189 -0.120301495101508 0.195836935928751 0.048938922174003
0.0590173931534907 -0.104008928173558 0.220236766835118 0.0456682462929891
0.124570626524322 -0.0709787840896498 0.216526320613496 0.0502153694997527
0.169044594925646 -0.0366043722998117 0.258897811296661 0.0333440874110126
0.205321011104202 0.0267771903564701 0.14908494855382 0.134861129894903
0.174917096097819 0.00702888573221187 0.00938774297943725 -0.0335429382581273
0.13618220338945 -0.0480909018548015 -0.15986994563366 -0.0301112695065335
0.107637897667888 -0.0956936083405056 -0.223785117882105 0.0601032115584311
0.0509034346206768 -0.13554489246943 -0.180350373321302 0.184791176047818
-0.0124493383255736 -0.144736850364483 -0.0863468828276779 0.217530231097516
-0.0707186202864944 -0.124053060515881 -0.000595416955634038 0.193829054684431
-0.0820469742677553 -0.118196492967447 0.0676977528200322 0.145646524483103
-0.106796913075151 -0.105877668913 0.112535966377575 0.0799055261386775
-0.102677778214531 -0.15376892221646 0.142451777862344 0.0381504799978636
-0.0388218635628877 -0.186348602327953 0.166844265595632 0.0195256230743965
0.0288105216536206 -0.209460238361676 0.198761357484139 0.0218598949448589
0.124136275154968 -0.170635234443409 0.218055157086575 0.0406841659528662
0.218817691574152 -0.0905282183434316 0.173455139328303 0.0538815844598142
0.271857632995246 -0.0288131498740149 0.167194411744641 0.0209284348972255
0.266106715515666 0.0564690301983551 0.0559548356798155 0.102514738992694
0.261304462217761 0.0238333300269911 -0.0525087754881195 -0.06283125834122
0.223354985581497 -0.0790392939939722 -0.188188386733236 -0.0431016638665741
0.160836988948417 -0.164848023592161 -0.221362199890913 0.0514998313388845
0.069269280875306 -0.20409369346673 -0.165889509586595 0.145570554727693
-0.0154061501490255 -0.204078603990067 -0.0898894990273323 0.157127596958785
-0.0856005528343508 -0.171467596176935 -0.0270291820735694 0.131210278240672
-0.0938286288861221 -0.156336793571167 0.0240311533668915 0.0911121584768329
-0.117450959537415 -0.141268112534782 0.0660400080151342 0.0276294144155226
-0.108172806244227 -0.197428626500143 0.102136267190165 -0.0152888890860487
-0.0329516714967008 -0.233759198627383 0.145687474748491 -0.0341532824091085
0.0510624446708945 -0.263116145584047 0.193393925003478 -0.00844095178461289
0.171649274856746 -0.20826590588677 0.207891424707977 0.0378754377528454
0.279887956135366 -0.0916294351034682 0.123535482420899 0.0667918845736467
0.330558722650816 -0.0115063860309095 0.0586538865393476 0.00898576590681122
0.28674158257864 0.0695919087994316 -0.0578700018348684 0.0597553831870754
0.30661566518629 0.0267881996697138 -0.131089507548396 -0.0842609904799784
0.270892579677089 -0.105973204181962 -0.212688337146044 -0.0528000930186769
0.181614020143826 -0.213957247023539 -0.209732393480654 0.0341143008499418
0.0695340702592112 -0.242356208354891 -0.15048821369492 0.0863952031624664
-0.0224803644584001 -0.231141119053611 -0.0980445847921687 0.0795236462823814
-0.0904840262456755 -0.190133093013582 -0.0604988496035551 0.0555303648326195
-0.0905046454944244 -0.170593707454841 -0.0211616731653792 0.0248181819395584
-0.106224382793111 -0.158851590079848 0.0183488369474784 -0.0346035019411245
-0.08729533820378 -0.216002871668309 0.0608200062739121 -0.0752141843677501
-0.00792129786201587 -0.247935875309923 0.122166287664088 -0.0874559418183291
0.0834246714975495 -0.271397971595342 0.181993661777028 -0.036108809670052
0.205916373866213 -0.198470010722184 0.188560841465509 0.0365732079536237
0.304273042992468 -0.0623182198944067 0.0693309560940733 0.0762487944304955
0.339364500296991 0.0196184445291837 -0.0493691376045028 -0.00943462136397852
0.258768464304578 0.0692628815907782 -0.174319784242323 0.0198074186523715
0.293249414633781 0.024772955259764 -0.209852297427081 -0.0875989444226878
0.262463027281899 -0.111731853525059 -0.226788939692771 -0.0539843958055871
0.165006645668092 -0.218037460123597 -0.190515529079649 0.00972829554382543
0.0561595390078139 -0.232786793043474 -0.138669492797272 0.0171684285562788
-0.0262951409944791 -0.216743937716805 -0.115005416651698 -0.00118462037024056
-0.0821668295793937 -0.178020251759171 -0.0966527275815772 -0.0205379862030459
-0.0738196686882143 -0.159204750588032 -0.0619637488837286 -0.0434072550313596
-0.0786526416992988 -0.155405062224361 -0.0202734758023531 -0.101095767422091
-0.0478995379753535 -0.205920736677901 0.033862719390003 -0.137096849811499
0.029829387715751 -0.225364799198728 0.111453013091548 -0.137243715421812
0.118547637256328 -0.231181465513798 0.173279881186823 -0.05701168053588
0.21890580463178 -0.145226639966313 0.162710905454916 0.0344593540538693
0.287503573382184 -0.00978845921620117 0.0185117819666855 0.0707405142241225
0.297666032706741 0.0555791237093881 -0.141051464015192 -0.0402292061854142
0.18395508240966 0.0615400737798926 -0.270865819532026 -0.0116564627783414
0.223008210889094 0.0244389288351027 -0.268554759414838 -0.0725833159722738
0.201003898849103 -0.0880193482495628 -0.228425294158865 -0.0512496669935077
0.117915500590202 -0.171025548945991 -0.173152534535358 -0.0152541374772587
0.0380544509232113 -0.174973818268459 -0.137128900897631 -0.0429328137153686
-0.0202758102861597 -0.163382388615909 -0.136797062951735 -0.0661046484965385
-0.0580160580379665 -0.137037864296437 -0.129225253756735 -0.082286619895166
-0.0456700796988208 -0.12367657050178 -0.0915974986148873 -0.104213308534486
-0.0429625517934346 -0.127277510413288 -0.042019697637628 -0.163255057433781
-0.00824333507279356 -0.164251315830203 0.0287736014579752 -0.193528332334693
0.0561947851462173 -0.16968943065782 0.119921787493574 -0.177180459026342
0.129340736736679 -0.158543496170764 0.174741027060651 -0.0712165783171303
0.197645827499056 -0.0739666931446356 0.138576559404866 0.0278437717383281
0.229895478517457 0.0403352439478521 -0.0177967426331976 0.0466688837460995
0.213812274672047 0.0818622023736686 -0.202010138147299 -0.0819919564281917
0.0752755143834764 0.0530941406473596 -0.329111753847935 -0.0306965802907266
0.115593111806651 0.0347182924903078 -0.294954073328478 -0.0508889247695411
0.109293128055045 -0.0374444072196115 -0.223090308901366 -0.0485864749003406
0.0606508593294707 -0.0842900222557387 -0.167681564440987 -0.0335023295479739
0.0255711118974427 -0.082918431674056 -0.145845005867926 -0.0772245573421969
-0.000423782526715954 -0.0834865022430318 -0.156186253458304 -0.0987999976148891
-0.0191666764049847 -0.0764178609953438 -0.149337358338377 -0.120268415345198
-0.0120346740076996 -0.0694988634279497 -0.106158768518688 -0.147508476141983
-0.00831585181157991 -0.0752344243034283 -0.0466042690913168 -0.210665855992974
0.0160463632800408 -0.0955894806913851 0.0424437006425181 -0.235940462724496
0.0526696154337394 -0.0945293422454022 0.143223695801267 -0.202840349734598
0.1003726412117 -0.0797768337504136 0.184660554926066 -0.0792430817862152
0.140444584590629 -0.0149965192020723 0.125064934804276 0.0159271166840807
0.140214473989657 0.0636902438059676 -0.0296313845384496 0.0159328243738409
0.104095406870538 0.0820907291919927 -0.224353116530806 -0.122018343253818
0.0104359818844615 -0.046168944958474 0.237263339931665 0.102574992088104
-0.0399994737948401 -0.039759351402382 0.0682705164173634 -0.0293453971628187
-0.0566985991395031 0.00122979141000795 -0.121668041807999 -0.0261530437960177
-0.0293835657922352 0.0302947848452542 -0.206419989615432 0.0627723032837158
-0.0180988082130151 0.0220633175833337 -0.162651052389568 0.211232427588603
-0.0176254207739877 0.0160445964140914 -0.0524690541564451 0.262339670418681
-0.0205597238605405 0.0159338357653228 0.0471931065886364 0.23028047379326
-0.0251013854692364 0.00604314425526537 0.125905535096641 0.175625415283388
-0.0347876211048859 0.00912653855816994 0.163113988811879 0.118529510724987
-0.0413126366325349 -0.00248125136671852 0.177871349385179 0.0892681671593341
-0.0282578741738314 -0.0130074395519477 0.168102548885676 0.0729397890476436
-0.03006412793514 -0.0127018169119122 0.183122257241186 0.0499498969804015
-0.0276290396917543 -0.0274629257741332 0.212620620483497 0.0384425812195646
0.00409747393162162 -0.0500510167111953 0.239849285509806 0.048042000788306
0.0343147812588687 -0.0432492135088308 0.307234813513125 0.028869219686366
0.11112724181326 -0.0169438620320299 0.210299225259261 0.124472597136154
0.0647099793342284 -0.0226792189364253 0.0486893179989717 -0.01974724890686
0.0322012356948161 -0.0262810004378931 -0.13176134459782 -0.017834740729056
0.0340770200786619 -0.0302479920877376 -0.208526248326446 0.0658213536927505
0.0123526748435565 -0.0549153036373495 -0.167571560255842 0.203189679425735
-0.0194288564079097 -0.0632314028911036 -0.0643870092598162 0.248918159431777
-0.050338708036613 -0.0526702675854119 0.0318712864583631 0.222034122699416
-0.0593861046885905 -0.0559535836731876 0.107049951468382 0.166710878131396
-0.076854338543287 -0.0482814721874784 0.14732828281479 0.103165822948965
-0.0786055887439275 -0.0802504893328021 0.168450529009834 0.0685518661621375
-0.0360997956718691 -0.104735410165841 0.172336162771921 0.0516544830528709
0.00155692690078321 -0.115232746595831 0.189024160039233 0.0377030375462866
0.0516645367618557 -0.10185917817695 0.210160257125099 0.0331843820758515
0.116655741543309 -0.0742787865394462 0.208372288197845 0.0391712749771351
0.159517619956633 -0.0422889015275213 0.250763139091402 0.0190450520251717
0.197617507065053 0.0153891746839749 0.149676402283735 0.119656309123375
0.167641034464804 -0.00153744671223378 0.00808779063237682 -0.0333937810798084
0.125952869560274 -0.0530550064322898 -0.154599259097004 -0.022575356662383
0.0979544695162527 -0.0966044836073109 -0.211213053899419 0.0661348375495555
0.0403444863552752 -0.131452203585376 -0.162552161324497 0.184103391473947
-0.0203208465322045 -0.137425412211153 -0.0718496512834643 0.211933205065223
-0.0740772615086953 -0.115251661881251 0.0102618509310203 0.18533051556903
-0.0857939079035936 -0.10936690460501 0.0720985958003139 0.135641387399995
-0.107528305930123 -0.0956398729347324 0.111842001372725 0.0694093732599456
-0.107795206724283 -0.141283237238277 0.139841921520302 0.0293588316251533
-0.0468296723360183 -0.176755620490802 0.162199950563563 0.00988480298995886
0.0171439843077164 -0.201799686058477 0.190660702613974 0.0123262606062428
0.110528912885855 -0.169517583964746 0.207900915395368 0.0273026724260591
0.205450237732993 -0.0975322965412589 0.16854520493729 0.0443791985692809
0.257664754436166 -0.0392952434818673 0.163206064289071 0.0123702079266455
0.256462049034493 0.0392340834663612 0.0585994183882123 0.0934435369476243
0.251206752564889 0.0103788325733774 -0.0522192450607935 -0.0584428035681231
0.207386011476889 -0.0862525653877109 -0.182228181889595 -0.033011422921956
0.145145492782744 -0.165026700315488 -0.210093479928946 0.0584297934161693
0.0549952412525507 -0.197809167719884 -0.150529912548569 0.14596475729011
-0.0266643236528782 -0.19447453995803 -0.0785531638939269 0.153403057721886
-0.091095119515031 -0.158900298132874 -0.019253344122974 0.126049229965271
-0.0991514267587834 -0.145065766046545 0.0279407458649605 0.0859065097705267
-0.119130103133861 -0.129099154039006 0.0647229218981564 0.0217199462797051
-0.114922264064079 -0.182751499157311 0.0981305592864408 -0.0202449224129923
-0.0438481537897386 -0.222821513051824 0.139242082953649 -0.0409090288317343
0.0347866741239677 -0.254395214228157 0.184802927649687 -0.015828321184696
0.15428873299212 -0.206746968376393 0.198901620569858 0.024676666856775
0.263795659835934 -0.101411360764227 0.121404691570627 0.0581258788886323
0.314248280771525 -0.0257347968878859 0.0581750655657229 0.00676065795913896
0.276464302884293 0.0515415470994323 -0.0526713865335093 0.0582799117424827
0.294388260566582 0.0106649384664246 -0.128584712197306 -0.0750592327573558
0.251477331226035 -0.113946915419925 -0.206100614181567 -0.0415713749268722
0.162523800771078 -0.213335397764454 -0.198836605619948 0.0411988033917873
0.0534199537299314 -0.234366091123492 -0.138168668415606 0.0889654982893546
-0.0346864499032119 -0.220017622515724 -0.090708911004477 0.0796926368782234
-0.096909972975338 -0.176934234338487 -0.0549045342990422 0.055064287000092
-0.0963226341474 -0.159361639560456 -0.0191668646786271 0.0255770659287403
-0.109059076678722 -0.146547262512051 0.0155997368681338 -0.0354306348214175
-0.0957207877940859 -0.201614547586151 0.0554400609352595 -0.0756170309677101
-0.020627560290507 -0.236998313494372 0.113640326412086 -0.0909341477351248
0.0647071441406222 -0.263505637577809 0.17243128079695 -0.0419409353526796
0.186438808839667 -0.1996734277376 0.180925613370529 0.0244687666708481
0.288332434057951 -0.0747474840899521 0.0697118572822751 0.0692549937011983
0.32329656772274 0.00370455013625007 -0.0463339518525629 -0.00542537544835542
0.249669490411283 0.0524435082138612 -0.165788801106539 0.0261798256275678
0.280896318624149 0.0091641911238204 -0.203810259303518 -0.0743505999487128
0.243453809597654 -0.11860209741092 -0.219410517973185 -0.0420065648264841
0.146071437791758 -0.216065504614621 -0.18164785629492 0.017079771798714
0.04112013667618 -0.225159440945088 -0.130809680087531 0.0226656761322842
-0.0377438449063176 -0.205895566254787 -0.111810318188406 0.00308548217648352
-0.0884870556412124 -0.166204354787567 -0.0939841005002587 -0.0153243071520621
-0.0794680755979398 -0.149317975425235 -0.0610983725053892 -0.0378644812027188
-0.0830238321001405 -0.144642264726448 -0.0244624955720754 -0.0958543442441934
-0.0575509275988329 -0.194230214590999 0.0256107369470004 -0.132801899956038
0.0160822188567742 -0.21713925415883 0.100781598689191 -0.138049618765051
0.0998424262046872 -0.227333192781585 0.16366854316438 -0.0615589125929028
0.201294720242428 -0.150201715478909 0.156084041306355 0.0240919091296518
0.274955221121919 -0.0236941366699722 0.0210258309824152 0.0658408593550189
0.2854289524548 0.0395164835904117 -0.135828317336101 -0.0300685233956907
0.177738144291258 0.0483001352849313 -0.260135407325696 0.00126477260394836
0.214093514648359 0.012552092377861 -0.260128986067724 -0.0570396670680458
0.186810421939437 -0.0932757604429356 -0.220692005487283 -0.0388481772745536
0.103253387707665 -0.168881846218836 -0.165517790908995 -0.00767770064434876
0.0270578573977378 -0.169227581146633 -0.132849766473683 -0.0346340542502161
-0.0291798578485716 -0.154506378310106 -0.136104641958543 -0.0573322482266454
-0.0626156222899649 -0.12820939404083 -0.128652113837595 -0.0723667848068857
-0.0504355467220598 -0.117093973952227 -0.093233763237546 -0.0938535175886327
-0.0471050805896425 -0.119290858839382 -0.0488937558775413 -0.15495364327439
-0.0174463531784747 -0.156491601658474 0.0179811118670199 -0.18617508805477
0.0442767358075637 -0.16532080036952 0.1065698764867 -0.17652962864305
0.113958031830646 -0.15784177005474 0.164238042195561 -0.0750243644413396
0.18500944393667 -0.0809204190248057 0.133867926837478 0.0190983170331432
0.221289942058484 0.0280304748884788 -0.0143970809858196 0.0451695662581907
0.207400957124326 0.068006409243643 -0.196338034520827 -0.0667412125877665
0.0733442761460313 0.0456057707645597 -0.317413912038151 -0.0126759092570402
0.111373819786183 0.027059523084714 -0.284206802746431 -0.0343301536293052
0.10193314897396 -0.0403615379441806 -0.215725351082858 -0.0368754949393795
0.0528220404987305 -0.0828440037484692 -0.160971749248356 -0.0250375437824954
0.0196705448212976 -0.0809002480326055 -0.143626381845314 -0.0670802005501772
-0.00512883999555191 -0.0795326651025623 -0.156408093018584 -0.0879106141041738
-0.0222084578289461 -0.0719622549560961 -0.150404969811196 -0.106550152538355
-0.0146993110291833 -0.0667115704473022 -0.109675581445612 -0.134671344340509
-0.0105634041712883 -0.0714382537441698 -0.0561968595439949 -0.198903193347945
0.00966726786070993 -0.0922122992532844 0.0283772676336819 -0.226554645106908
0.0454666732263933 -0.0925116908912415 0.126983212767496 -0.201437284108758
0.0912377939128993 -0.081302463087664 0.173907826152083 -0.0835270921918672
0.132823122205201 -0.021135221755301 0.120979108950604 0.00896141240392749
0.136728794958332 0.0545284974170589 -0.0272872244928794 0.0163940111937425
0.102520254958329 0.0728426205117209 -0.220160660271542 -0.103388454314086
0.0122149427533807 -0.0460858065337915 0.221071662607229 0.10398524755208
-0.0373383468925868 -0.0399946092071114 0.0652609731578027 -0.02497497274861
-0.0550184041000944 0.0001642536039965 -0.114422859564472 -0.0277130186835173
-0.0271545546175598 0.0292704799667998 -0.199316091571386 0.0545249084567336
-0.0147228813451535 0.0215814751325464 -0.158580317941054 0.196712638886498
-0.0153742861539218 0.014811670328687 -0.0545606900800832 0.247326214996421
-0.0200691786009775 0.0167458233287679 0.0412380905149298 0.222203270276289
-0.0247657161764291 0.00552990233036693 0.118591317341125 0.168024927370076
-0.0330795710550708 0.00934363179926052 0.155301880343485 0.113665122048684
-0.0392884420885045 -0.00330857518170151 0.169238980070286 0.0871195558900047
-0.0261173352671234 -0.0140656887046439 0.159665784030155 0.0730288910783556
-0.0242209922809395 -0.0126302577368892 0.171863608791441 0.0512777188042871
-0.0222343493120669 -0.0258400901738965 0.197788258437741 0.0426470627760159
0.00866156089670115 -0.0473742657104443 0.227473812507354 0.0554009540568148
0.0368141108404506 -0.0416464342086778 0.293321311543191 0.0406313562778156
0.109009024904387 -0.013483158164532 0.197400672101737 0.120983240355506
0.0630394971750729 -0.0191302500949347 0.0466582958997823 -0.019734633653604
0.0311471934379766 -0.0223019588497671 -0.124988878837815 -0.0240067966707975
0.0346748896560843 -0.0261531634751942 -0.201551965329979 0.0535577242573024
0.016818102685762 -0.0504675991824293 -0.164259617571714 0.185685434986779
-0.0151335329755812 -0.0607931899627618 -0.0680119882952575 0.232954658533421
-0.0464013015335251 -0.0507132058987599 0.0253243386225235 0.212224396920417
-0.0569484916421193 -0.0565289950982502 0.100595522469231 0.158665675472677
-0.0729846572144319 -0.0473038591852108 0.140473513294073 0.0987227968891506
-0.0743035422787464 -0.0795747101068157 0.161918940091096 0.0654190956398294
-0.0317299374883803 -0.10377982985378 0.166699365735827 0.0503454648958733
0.00743753589578336 -0.110604682983521 0.181797976730667 0.0382276025701296
0.0562789084912737 -0.095796833932389 0.198568242469027 0.0377681135227855
0.116902133175993 -0.0680906425031899 0.198928544968251 0.0482627021409215
0.155789771598433 -0.0396581208940599 0.240733516538893 0.0332405051252295
0.191205174981431 0.0225500263898018 0.141243950859241 0.11116670188968
0.161390701096089 0.00624108626056408 0.00890308003964442 -0.0377066294492782
0.122567189779066 -0.0436084730599497 -0.147892851976858 -0.0331747507732126
0.0974205069130196 -0.0862616129214173 -0.204449344465402 0.0494158013628408
0.0464752540121407 -0.122358146166246 -0.161455081041186 0.164588791106402
-0.015355275938169 -0.132192588192149 -0.0762095209569037 0.196425059436188
-0.0679116576833271 -0.111528147953058 0.00319048442074639 0.175976722227836
-0.0812348282928565 -0.109546698095226 0.0673988897901702 0.128153237470826
-0.101277875512082 -0.0945349261345299 0.107352341999679 0.0643599370165478
-0.102474153853497 -0.139289770119514 0.135969148070505 0.0258640874962325
-0.0411771072513633 -0.174441694761565 0.160797425863504 0.00841293493461116
0.0235090165224946 -0.193194976956882 0.188062162735159 0.0114980346580567
0.113975220289924 -0.15966049100783 0.200583852859501 0.0320830039834573
0.202798398493499 -0.0885527057026388 0.162107712669308 0.0532462764092419
0.249029737439932 -0.0357295230208029 0.15835546380355 0.0255445615403167
0.247146086390411 0.049340948943308 0.0573947669364691 0.0803936435999666
0.241463073743121 0.0223491027813518 -0.0478786284580919 -0.0657958197786173
0.202117568367071 -0.0715275616691745 -0.174599534531574 -0.0472627182562911
0.144563620965018 -0.149440088555517 -0.2037366863271 0.038811872419693
0.0617598576523715 -0.185281970980728 -0.151270955848823 0.126863729646352
-0.0196881450101697 -0.186730934073338 -0.0830488619737166 0.141119028133168
-0.0832625056518917 -0.155014526802005 -0.0248682501520981 0.118299990020025
-0.0926594707526559 -0.145269407274371 0.0254215226104687 0.0801678417074292
-0.112140129143326 -0.128076165354917 0.0624503104082048 0.0179951366455904
-0.109689113666448 -0.179821133911633 0.0973655880786771 -0.0224016784234393
-0.0384378505247313 -0.219868859432294 0.141502620432463 -0.0411229905505772
0.0408014152026479 -0.244556015062122 0.184949546108757 -0.0172483260814486
0.157202251643086 -0.194907133084322 0.193698589562354 0.0287501065577814
0.25889178945148 -0.0911601314416394 0.116919790728942 0.0656599643156404
0.302438913315192 -0.0218489117827111 0.0589665567571744 0.0177102970683671
0.265998383009053 0.0631355624805675 -0.0469979600015357 0.0426474171807138
0.283056258387402 0.0253177211965597 -0.120177309839581 -0.0859309645688286
0.245920189397053 -0.09578751230181 -0.197514970820456 -0.058409548440315
0.162595486995132 -0.194087262245567 -0.193275817641546 0.0209036957198039
0.0611647526401558 -0.219679918544593 -0.139675044057983 0.0719351417895738
-0.0270596370107084 -0.210752553777362 -0.0944305027375194 0.069833830479161
-0.0887970562010468 -0.172759799752387 -0.0591338014139449 0.0499574598471854
-0.090187155861102 -0.159318972992197 -0.0194200301560092 0.0218769702531219
-0.103242040226025 -0.145240711520047 0.0166525604376875 -0.0367058211782487
-0.0910542177922678 -0.19770686017666 0.0573182926014845 -0.0758713973364766
-0.0160560117304883 -0.233799882063316 0.118126809253293 -0.0888704508595472
0.0689299898887705 -0.252874751258505 0.175724456519497 -0.0417534517618267
0.187270239947713 -0.187506088047375 0.177341740633808 0.028753288308102
0.280299788899818 -0.0645638035556607 0.0669135327446136 0.075550539423346
0.309180796537088 0.00652312595233754 -0.0401581564783174 0.00316589809040179
0.240032493695893 0.0638408047312284 -0.154510825095196 0.00874401345278568
0.270715728871538 0.0234758940826781 -0.192802606126523 -0.086588365115203
0.238882670678603 -0.100061808802941 -0.210223622405405 -0.0593910619625741
0.146231609021215 -0.197661793781921 -0.175545187249082 -0.00104920525348591
0.0477508445728886 -0.211810067107841 -0.131750035921792 0.0105515247854589
-0.0308407787062561 -0.197283493291814 -0.112935457408502 -0.00249229834960012
-0.0807430272612694 -0.16222630943572 -0.0953144020822031 -0.018086109653436
-0.0738281854846745 -0.149405325005964 -0.0588162125500921 -0.0380127434222159
-0.0774716285180164 -0.143131329805538 -0.0208799027122108 -0.095162600438805
-0.0543804862319115 -0.190212569819907 0.0295104520599045 -0.130303714996882
0.0197772935580464 -0.212981905454519 0.106296631132769 -0.132848458714879
0.100425313333209 -0.21737909842982 0.168496723939791 -0.0587973099601678
0.199987427745597 -0.139451791130269 0.154179062332063 0.0292813326511637
0.265831116137403 -0.0161352301612474 0.0199138606532014 0.0705338257184957
0.271944809461376 0.0406848971255773 -0.125369033165508 -0.0247004797251864
0.171191332484717 0.0573536411341196 -0.245828296375286 -0.0145541788821582
0.206564549101321 0.0240207482475799 -0.246584390419516 -0.0695616484116396
0.18363723328917 -0.0787422368936882 -0.210736850634023 -0.0536903647542819
0.103997421620706 -0.154006143429489 -0.159178119425393 -0.0208678126362577
0.0318240132640258 -0.158932194730202 -0.130611482321507 -0.0420030117359538
-0.0236509457489961 -0.147830125252342 -0.133883912047485 -0.0588623028493084
-0.0576933420966174 -0.125394449350447 -0.126876527061743 -0.0721718034398463
-0.0456322589346794 -0.117067821862117 -0.088083454796879 -0.0916580259151462
-0.0426497791333016 -0.118071465217227 -0.0443882765764237 -0.149441653135707
-0.0153491007457823 -0.153624248503151 0.0215115114423413 -0.179615289898383
0.0463869774430051 -0.161640915805634 0.111260615929133 -0.16778428801871
0.112894772503862 -0.15068766199765 0.167972446232899 -0.0688486233938474
0.181930022580647 -0.0727221445661844 0.131148537887892 0.0244079238492845
0.213117903484196 0.03213251308948 -0.0148870419191254 0.0481295806453859
0.19574452325732 0.0663812112635954 -0.183133091975587 -0.0632103860717501
0.0700439153541269 0.0504837098588746 -0.301977312264881 -0.0259924786718575
0.107438576924328 0.0336763652730277 -0.269951104602943 -0.0456215170157149
0.100124958667814 -0.0306770488530028 -0.203896937172628 -0.0478827656734054
0.0531247365542281 -0.0749763186915809 -0.152546935440535 -0.0336559552115865
0.0214031369294994 -0.0744362467619226 -0.137819202222783 -0.0701120576450356
-0.00389650571870934 -0.074827693861974 -0.150372523579302 -0.0877683805895753
-0.0203550494901228 -0.069881522769925 -0.145571879518358 -0.104757366910075
-0.0123075146598649 -0.0667425304885841 -0.103679866500429 -0.130487259017434
-0.00851413370387343 -0.0712165951594829 -0.0516499988620245 -0.191821100668431
0.0101811053470173 -0.0907177668826015 0.0316591152260676 -0.217564586410493
0.0457501678740229 -0.0907210850740797 0.128490318954054 -0.189725764243216
0.0902654249673991 -0.0779141901550466 0.17436780915349 -0.0749969513249075
0.129979666757279 -0.0168618552959774 0.116977255258704 0.0158064514018212
0.129629968182598 0.0555246020428491 -0.0271545099914754 0.0188565224842853
0.0947689918780538 0.0708701720127903 -0.205233462128874 -0.101963035949414
0.0123118189908589 -0.0443817421976983 0.216166336742328 0.100059199739673
-0.0363193346296635 -0.0383630566093845 0.0647241188937201 -0.0248468327218064
-0.0542643276835209 -0.000230667932526566 -0.112639129942722 -0.0279674558757228
-0.0258652816890238 0.0283261337206425 -0.196694308548203 0.0532750166516225
-0.0135552301124689 0.0214306365988846 -0.15402716017984 0.191247248828058
-0.0148891781211325 0.0152463508032675 -0.0509863689851663 0.242318386722712
-0.0195253783096099 0.0162755834044227 0.0428943829362814 0.21752860107799
-0.0245482651351241 0.00591099404037777 0.117575561364133 0.162507174614604
-0.0320736184759172 0.0094741653605766 0.152970820572147 0.109514529017987
-0.0387688421925382 -0.00286156336615612 0.167808845350809 0.0848054975769916
-0.0252300865029921 -0.0141171281835824 0.157600520664764 0.0717769367161227
-0.0228624945530154 -0.0124911559905878 0.167495449530618 0.0506523519052763
-0.0211211015092279 -0.0251683472921345 0.191321156683452 0.0418800613301201
0.00869454865474797 -0.0468924781361032 0.221868078532613 0.0558603592436145
0.0368963466800461 -0.0396604518243965 0.288639426370931 0.0384356423125391
0.106333002500611 -0.012896179520858 0.193137466089577 0.11621333874227
0.0614937988328581 -0.0182560794319426 0.0458364489829537 -0.0203021773832032
0.029026143431767 -0.0221593254872888 -0.12334236620735 -0.0240948794270925
0.0337641797356326 -0.0261032070726989 -0.198241519489031 0.0517259640825608
0.0163123788638661 -0.0492611044328575 -0.159792690913698 0.180793789716177
-0.0160640337789522 -0.0592305309896635 -0.0652070534258413 0.228311087795811
-0.0460350940307111 -0.0494346023094345 0.0272415003372803 0.207689296581177
-0.0568049423709483 -0.0551453364743294 0.0998454857849611 0.154341616583993
-0.0709757221228236 -0.0459946081681744 0.138753855172677 0.0943140237354156
-0.0743251998855754 -0.0774298816575595 0.160422456643712 0.063499054666716
-0.031411149708084 -0.102533463551939 0.164393590275336 0.0488030366948073
0.00724746676370301 -0.108852414537292 0.177430444428795 0.0376030440669743
0.0547856335174541 -0.0936686941308563 0.192288287403681 0.036836792269265
0.115264784190956 -0.0678036344263776 0.194414933440576 0.0476827131569675
0.153284569881083 -0.0380262006507094 0.23786107309532 0.0313611598983603
0.186454397648551 0.0214392964548119 0.138341059766571 0.106245663084143
0.158150964388569 0.00592423818748413 0.00912592164743498 -0.037921559956684
0.118323839633313 -0.0425727281720576 -0.144337672172783 -0.0327548405131673
0.0945709698453408 -0.0851959681834664 -0.200916602648746 0.0470825401965156
0.0441757305664127 -0.119326524479694 -0.156366075483081 0.159965638633955
-0.0159302098343594 -0.128953752683958 -0.073635304023229 0.192518622234536
-0.0677181929614461 -0.108986637041551 0.00455594406170581 0.170997630203182
-0.0816294277801737 -0.107048980618752 0.0670975409596227 0.124622593813493
-0.0996585408188239 -0.0922438372488208 0.105894914386979 0.0611990330966866
-0.10148369135907 -0.135827645449552 0.13460065390191 0.024342227121015
-0.0412395902257962 -0.171759811623255 0.158230738030133 0.0071566612813507
0.0222078136444788 -0.189738525936528 0.183837711792616 0.0115020710472886
0.111975925926482 -0.156058753777918 0.193618478656846 0.0310093670430182
0.199067492937477 -0.0878310005937782 0.157746291836322 0.0522568456174345
0.243515099390682 -0.0344570363423771 0.157187157139394 0.0245217598584568
0.240429699867787 0.0472562361485853 0.0560068085242119 0.077128007927132
0.236668054099146 0.0209404958348443 -0.0457546937325526 -0.0653007748410185
0.195476039943186 -0.0695583351038779 -0.170352690733045 -0.0467856176831695
0.140462899383744 -0.146921165194603 -0.199153055079143 0.0370520355786026
0.0590647765963646 -0.180825059309055 -0.146226353095483 0.123782692597188
-0.0216085615998222 -0.181896998472219 -0.0812644617093889 0.137547160763762
-0.0829059966009008 -0.150795509652229 -0.0238949613114712 0.114752390249663
-0.0933306710713357 -0.142100446314692 0.0255241022405597 0.0776450021327228
-0.110064174877439 -0.125474039263609 0.061531377232978 0.0160443761283837
-0.109188974621517 -0.174501518606036 0.09627643687023 -0.0232076640774696
-0.0392592789897961 -0.215739109544234 0.138288072244829 -0.0415295181622917
0.0368375567889514 -0.23965958808908 0.181851426721698 -0.0157067603567809
0.153573200149914 -0.191549278183109 0.186797312123802 0.028070949170947
0.253783020238483 -0.0902686829732051 0.114221121388018 0.0639571912532362
0.294937570058914 -0.0208606038345203 0.0594893850487206 0.017964442842622
0.258336124477082 0.0597192696775675 -0.045673969564945 0.0404420742936402
0.277583162339208 0.024012364960515 -0.116548262656417 -0.084537127197596
0.238448008490513 -0.0932369303294336 -0.19315201206512 -0.0573184102131166
0.157968776552317 -0.190338673743074 -0.188839381632849 0.019470078990723
0.0582117666579778 -0.215518757382051 -0.135133092270788 0.0705715377558861
-0.0292286445719755 -0.206021141307323 -0.0935273226589208 0.0687790304868972
-0.0891093464267823 -0.167838556451002 -0.0589942182652194 0.0487216962545378
-0.0907628277509433 -0.156017811014763 -0.018126258915091 0.021743877697706
-0.101098230330106 -0.142069993172313 0.0157853087935219 -0.0365631033377319
-0.0913319151117161 -0.19261060193004 0.0569626874532798 -0.0744694432692885
-0.0166578214285079 -0.229480634819657 0.116516961117253 -0.0888193947821303
0.0645076800656595 -0.247534485525596 0.172418407714392 -0.0401902875236258
0.183000864726788 -0.184494296835901 0.170909825611989 0.0275030987565661
0.275565828217676 -0.064831103700377 0.0655997929524542 0.0730680788547947
0.301621839856375 0.00598700910447895 -0.0383540447240763 0.00393846000184501
0.233742223973687 0.0604482189516704 -0.151185716086334 0.00768432175743988
0.265506620921259 0.0223246329731021 -0.187619234811782 -0.0847042227836333
0.231429070670376 -0.0984549621101828 -0.205202038315022 -0.0577262927970775
0.141745956438317 -0.194023361073378 -0.171823244426382 -0.00224347320210949
0.0450943402503202 -0.207567878346697 -0.127347677833955 0.0100965991825257
-0.0323883178198879 -0.192472791398569 -0.11213514562081 -0.00180848038882179
-0.0811914319971108 -0.158092355409338 -0.0950779729919746 -0.016991527820227
-0.0739464656113498 -0.146542196167918 -0.0577961062304578 -0.036386150275618
-0.0763773468122627 -0.140070448079095 -0.0216601976295633 -0.0931899682314462
-0.0553284853108398 -0.185751661028792 0.0292086042251371 -0.127783195628729
0.0179733721116509 -0.209101999396437 0.104201594487729 -0.130990436116631
0.0963512149259648 -0.213425781396413 0.165922765915072 -0.0568571313421034
0.194670692653339 -0.137132032798806 0.149463230095871 0.0276968287378424
0.260807463346456 -0.0170240976278582 0.0194341406824187 0.0688048044860611
0.264173821137233 0.0395488395575379 -0.121939984987644 -0.0219991815266539
0.165981158735711 0.054488898495178 -0.240601667052524 -0.0142882483324061
0.201997036790415 0.0228351270027837 -0.240521781721297 -0.067559555484925
0.178241348654953 -0.0769158754167405 -0.205907686501797 -0.0525403695797168
0.10045978366177 -0.151330677776079 -0.154945170637749 -0.0213315985384455
0.0294435270845964 -0.15609091065026 -0.126728498758004 -0.0412831666602153
-0.0252323532744613 -0.144276096664951 -0.133000800153396 -0.0572699771875771
-0.0576711946957775 -0.122182887121181 -0.126633462365665 -0.0693838348858896
-0.0467545892328453 -0.115163248113033 -0.0874434162536328 -0.0884306686502836
-0.0419520700043842 -0.115674170732972 -0.0445532865657709 -0.145884258622852
-0.0169918282645503 -0.149859495799685 0.0202912181916987 -0.176435582011448
0.0434570124099669 -0.158876823115909 0.10818716571411 -0.165066998614611
0.108555396294439 -0.14794431634747 0.165519813031546 -0.0670684147261237
0.176855630383167 -0.071866226460917 0.127524584677426 0.0239642127061791
0.208393282664404 0.0303961647077197 -0.0146396982130397 0.0473609058638504
0.189833944421282 0.0645913374060963 -0.178688486935057 -0.0597003920932504
0.0670911338892378 0.0480367705587927 -0.295704556101911 -0.0242810620740602
0.104765816387866 0.0322769723775021 -0.263276180949698 -0.0433057469826596
0.0970464834481781 -0.0307385222620538 -0.198570382832804 -0.0464767542593611
0.0508148236561116 -0.0730629578234888 -0.148170425417055 -0.0329879229773213
0.0198204699402481 -0.0730860424214919 -0.134775851613228 -0.0685622048273363
-0.00477527392662301 -0.0726871659759133 -0.149278104638841 -0.0850477319436781
-0.020506214733025 -0.0684839324210491 -0.145093663143023 -0.100781185244842
-0.0126028541914866 -0.0656245462386674 -0.102648625672199 -0.12614066876573
-0.00799885626912412 -0.0705632917983694 -0.0520954044867832 -0.187055512394716
0.00928943078706653 -0.0882662079343943 0.0294529648249047 -0.212491969090927
0.0442862797551869 -0.0885894602167814 0.124254573400635 -0.186597580160043
0.0868019258347915 -0.0760234026631958 0.171593963026406 -0.0727491707656167
0.126141527548376 -0.0171294405834573 0.114523452382536 0.0151090566894369
0.126956905252718 0.0543117034486908 -0.0266028700551584 0.018178690414338
0.0916341889339472 0.0679501534110581 -0.201130362596991 -0.0971102402971684
0.0125492423372289 -0.0434780589665071 0.2163833517687 0.0983666798363857
-0.0366137042409194 -0.038218694134772 0.0649159089663117 -0.0261644542161351
-0.0543580989860044 0.000769538662719014 -0.113857401125034 -0.0282069029307891
-0.0253017435104909 0.0283473054426559 -0.1985068111283 0.0539258387520563
-0.0131470336602546 0.0215527389972716 -0.153706753596006 0.190952804920602
-0.0142336245851726 0.0152881810001006 -0.0489947302318005 0.243099716087377
-0.0191223226826288 0.016053445333595 0.0460508834530773 0.218043966311589
-0.024517048977279 0.00597944131363333 0.119588104845051 0.160730183181386
-0.0325847464957415 0.0101680482681077 0.155797465052497 0.108271516870504
-0.0389501902030236 -0.00228951492778636 0.17084493345131 0.0846175014400065
-0.0250486670185551 -0.0146193369314045 0.159274710010634 0.0722869237869103
-0.0225482091570951 -0.0126047196024787 0.167560545729035 0.0510060719889456
-0.0207200488979946 -0.0249934869504663 0.189695401270535 0.042571932980593
0.00881091309006762 -0.0476076865781635 0.222416620546957 0.0568645955537857
0.0379818629207604 -0.0394519849280942 0.291936518836253 0.0371480604637602
0.106729254636171 -0.0131441149425466 0.193304597574109 0.114076175230057
0.062561131918558 -0.0190371920895897 0.0469331297229516 -0.021162839684757
0.0281279417833994 -0.0220522654022905 -0.123975207691289 -0.0243137584562395
0.0337402882039777 -0.0267240312913042 -0.199961779651572 0.0522283923966972
0.01624800028494 -0.0491693253781064 -0.159369644368032 0.18040316131716
-0.0166330035451058 -0.0591723294375443 -0.0628038891201233 0.228930786235854
-0.0472571873067814 -0.0492203815610583 0.0301635634068576 0.207625508696942
-0.0584441829029657 -0.0550751912829631 0.101596202362947 0.153264561844137
-0.0719700457738928 -0.0456850815555688 0.140879764226563 0.0928166753502052
-0.0757723194018786 -0.0768558805589595 0.162928677192405 0.0624379910252037
-0.0321961049314024 -0.103491310808889 0.165964719042226 0.0483418045731068
0.00695628261766105 -0.109916302789911 0.177811642945365 0.0381190395074529
0.0553883090377571 -0.0942207201616396 0.191001251536844 0.0369853466734855
0.116044352261594 -0.0691236143226618 0.19449563503112 0.0485224786364361
0.154394147585229 -0.0379681459954237 0.241004661655957 0.0295866855936315
0.186371024135939 0.020111183923847 0.139053603701524 0.103465208935894
0.159510922058143 0.00537261405594263 0.0103227445005374 -0.0385102300764087
0.116682403471601 -0.042616930057769 -0.145225181037862 -0.0331270709808185
0.0939843519326255 -0.0867577659250191 -0.202566203942162 0.0471436793925495
0.0439061022210972 -0.119825412540165 -0.156085132729284 0.160576527819796
-0.0180324129206958 -0.128862353051261 -0.0719717513596266 0.193619116421814
-0.0697824977573784 -0.10854864408621 0.00640279860684258 0.170845469730147
-0.0838481591836101 -0.10694136134416 0.0695461119684473 0.123562694059868
-0.100717950595378 -0.0924963841361882 0.107062115572476 0.0595420672772104
-0.103992057751868 -0.135209713573666 0.136988371954852 0.0234537518036155
-0.0420402261418927 -0.17310803068612 0.159908165327188 0.00630706016899379
0.0204863806092555 -0.191809848493794 0.18495329660485 0.0126017078197645
0.111859325263304 -0.15798981785364 0.191716530746356 0.0310951204091411
0.200920397672891 -0.0892951215160289 0.157631979944362 0.051892166277198
0.244432631492269 -0.0351455202069711 0.159392946073236 0.0239769646471772
0.240057076667156 0.045868391503113 0.0564607626213174 0.0746888985078753
0.23836815801922 0.0205248478093968 -0.0452090599834477 -0.0657025779691835
0.194057290903046 -0.0694893543115651 -0.170637899856314 -0.0473644207517793
0.139431257733009 -0.148531270044427 -0.200629872648525 0.0367148114365164
0.0578516479978911 -0.1818768233894 -0.146045751511422 0.123590803316892
-0.0236238923921424 -0.181985649416433 -0.0805685048970415 0.139300949938165
-0.085460428326429 -0.150750684966155 -0.0233057409628412 0.115374795262339
-0.0966910723407624 -0.142052800548652 0.027050757411217 0.0775314970189084
-0.111308893134738 -0.125684037022607 0.0618250059492542 0.014707080128046
-0.112625577085124 -0.174450560923731 0.0977314329068219 -0.0244398279448407
-0.0406285773813854 -0.217861026265027 0.13964429563393 -0.0431165403209743
0.0350269392600758 -0.241535787915395 0.183207379671392 -0.015358691700862
0.153073292299376 -0.193947296698944 0.184943120785704 0.0273906165523877
0.255231600519989 -0.0919065876638301 0.114478553620084 0.0642386488736809
0.295271399156627 -0.0215838822002795 0.0615373463459416 0.0182150330814171
0.258218218864245 0.0579865751848663 -0.0457958554931355 0.0387756345025224
0.279840234997413 0.0230232054775586 -0.115656749425817 -0.0842201594035605
0.23699363016488 -0.0936776717608512 -0.193274251229957 -0.0573946061316787
0.156797012785499 -0.192254287613715 -0.189060418562361 0.0184061591910868
0.0563417832613351 -0.216614452973655 -0.133669652347091 0.0702667808320659
-0.0318116193803321 -0.206577999261117 -0.0936899617769587 0.0693551432579706
-0.0915665025902193 -0.168021327305322 -0.0599858180103731 0.0495733847598036
-0.093841550280048 -0.156028013115548 -0.0174750498938819 0.0219536756316787
-0.10234620833536 -0.142965260790992 0.0156303329954856 -0.0379879938852582
-0.093765631436396 -0.192434072695004 0.0574515188001544 -0.0760200089912828
-0.0194115854847143 -0.231542696900215 0.117063733080193 -0.0902784370894335
0.0615358967177536 -0.250143375065472 0.174641595032632 -0.0400612623584323
0.181961610173776 -0.186379321517845 0.169664004732267 0.0267475801813415
0.277382327619741 -0.0665851677874506 0.0657074179195801 0.0730014524336831
0.30182999244372 0.00468459768437528 -0.037055006928779 0.00545200313482992
0.232260156012877 0.0583841096869104 -0.151636294459976 0.00763011119876353
0.266703673589301 0.0213173570409103 -0.18662479770594 -0.0848760565582193
0.23017953571019 -0.0988339389296834 -0.205498730059648 -0.0578489161680644
0.140537343898396 -0.195842295892496 -0.171792803158737 -0.00314262654420274
0.0429532727763604 -0.209065547543654 -0.126324217543123 0.00965737627978031
-0.0354206424932765 -0.192517050163968 -0.113528743105275 -0.000772566658554258
-0.0837622362472504 -0.157465029736384 -0.0972799512212678 -0.0153010810362108
-0.0768274958590028 -0.147144378510936 -0.0579039559296487 -0.0355852890655542
-0.0775732463518031 -0.140974250454658 -0.0228795672673524 -0.0938806804577403
-0.0578815484849978 -0.185885391606865 0.0291087680502496 -0.128964490822804
0.0152675884572653 -0.210721587139582 0.104128592851834 -0.133628156770332
0.0937585749504579 -0.214782597772442 0.16755989379752 -0.0568533115661366
0.194295713080035 -0.139348409037364 0.148741741153836 0.0270008355968476
0.262452383562949 -0.0187794226728018 0.019009421655833 0.0686274261854804
0.264105392354721 0.0383556974984512 -0.121555468603716 -0.0197995033994254
0.16479424343992 0.0525704674358498 -0.241432229093475 -0.0132907671573905
0.203290092786721 0.0214598922028488 -0.240192470581417 -0.0666966326774196
0.177206379020614 -0.0773401106820749 -0.205589324760756 -0.0524426909434985
0.0994079503852354 -0.152396911212184 -0.154565132557966 -0.0223297052441441
0.0275415962357046 -0.156773546081798 -0.126928925227882 -0.0408326593871556
-0.0275468994488461 -0.144501564096927 -0.135883284075079 -0.0563627737039582
-0.0598698041185203 -0.121856472199468 -0.129970090198098 -0.067263577998891
-0.048663562737781 -0.115836105984018 -0.0883143417434714 -0.087007069627372
-0.0427155053793749 -0.116744637211647 -0.0468046290508921 -0.146846345728607
-0.018381809963676 -0.149971980516161 0.0195468188756425 -0.177291342445114
0.0421618119927004 -0.160364575056833 0.107881905148873 -0.166582139684183
0.106713807603234 -0.14932559727896 0.167255481970552 -0.067234790593633
0.177067089540636 -0.0734852542359817 0.127541944960138 0.0229033889039225
0.210234243754127 0.0298243102681066 -0.0149961299494592 0.0465294870059436
0.189186270803824 0.0634531927015762 -0.179194877614947 -0.0561846870854143
0.0664396404383255 0.0472792596987568 -0.297249009080744 -0.0224602936904715
0.104742906407939 0.0310757713285115 -0.263488166160885 -0.0417783109302069
0.0967070464485934 -0.0307590542812285 -0.198899273053309 -0.0468981625549294
0.0502010763554588 -0.0733884858624596 -0.147285951048935 -0.0342719199285185
0.0182321729364227 -0.0741314288753633 -0.135049358370296 -0.0688410379979329
-0.00595695539837097 -0.0724203398124186 -0.152679004912398 -0.0838691731895274
-0.0214874629272532 -0.0684886884584546 -0.148828920002749 -0.0982512880460623
-0.0131809497575696 -0.0666943723735045 -0.10407684460309 -0.125092533748789
-0.00828305391849476 -0.0712653957738604 -0.0544908145743667 -0.186676082358074
0.00840100512103216 -0.088521071798157 0.0280291426491492 -0.21327024413853
0.0431383051836667 -0.0893492927048707 0.124374577471031 -0.188412163974195
0.0863704204855696 -0.0768315005059846 0.172890819129521 -0.0734724591689259
0.126284400444789 -0.0175042557826038 0.115805163858364 0.0150912082327272
0.127836026523782 0.0537658185341494 -0.0271943962846371 0.0182467728559678
0.0912778676765488 0.0677322498987466 -0.202512318270248 -0.0935757476593808
0.0126590025038825 -0.0436446532638196 0.221846850687822 0.0939643343651733
-0.0368488338445104 -0.0381489807100427 0.0662442902643762 -0.0289514417164047
-0.0553438986882924 0.00260996631200187 -0.117605979487326 -0.0260697781272773
-0.0243789011886755 0.0288897374166742 -0.202857830596221 0.0597354743731834
-0.0125784360258006 0.0220623631062994 -0.15244767857059 0.197179307593719
-0.0137259663053059 0.0160415761111876 -0.0416340621264311 0.248569805333461
-0.0190490611674241 0.0165384990492801 0.0549504793638983 0.21979060986906
-0.0246950464977737 0.00694798099869301 0.127472324805515 0.159428349602839
-0.0327973535875493 0.0112783814866129 0.162624421908308 0.105405917352574
-0.0395613806656196 -0.00107915757670153 0.177621807365674 0.0812802154361443
-0.0254898728888111 -0.015081287871989 0.164610655638513 0.0707918993646615
-0.0224325757830105 -0.0122526092696048 0.171046745050964 0.0486932072450274
-0.020957144617174 -0.0249557809467131 0.192520017492138 0.0404067819658073
0.0081829425970529 -0.0494433923913903 0.227618098175363 0.0542288254383368
0.0388822490557936 -0.040917631836202 0.300496536830789 0.0288987946774573
0.108476480834333 -0.0153172873188132 0.199563623003965 0.10986539167562
0.0647264557849635 -0.0212209644493939 0.0483029827434075 -0.0237168262204268
0.0276634349713541 -0.0220556687680752 -0.127647347346277 -0.0223426453498251
0.0342031565509655 -0.0287541343624317 -0.203723486670409 0.0576473849276982
0.0153370451481811 -0.0511227984323932 -0.15811581481146 0.186408591633881
-0.0185697385963247 -0.0597322063416149 -0.0572486825566266 0.234218418704917
-0.0500190832100358 -0.0494515243889536 0.0371517716849671 0.210357008308442
-0.0618057155135332 -0.0544843238644475 0.108474955683622 0.151935337882619
-0.0746985205635214 -0.0450456591208979 0.146352943127081 0.0895314004638329
-0.0793757203497771 -0.0760972994974927 0.168945604078045 0.059397106625372
-0.0358482664592607 -0.10590242106761 0.171494168065301 0.0456065820430647
0.00407668911753711 -0.112614061257774 0.181807323725972 0.0351016347107036
0.0550322639288957 -0.0978039942055364 0.193027663238899 0.0342734444433064
0.117509499911339 -0.0734752786164642 0.199011702790787 0.0463425546472154
0.157045161420371 -0.042554770416472 0.24768397090454 0.0233695350823799
0.189817017889468 0.0168596919730838 0.143670504797011 0.100508871949386
0.164086524842871 0.0012286867564116 0.0110006426799324 -0.0407052564178445
0.116517625647883 -0.0461811042029928 -0.148732510044552 -0.0304434123491271
0.0935418700811133 -0.0912450479020095 -0.206278354689218 0.0522216806805192
0.0414146403986165 -0.123862019445401 -0.154426188564493 0.165445039592161
-0.0225641172364163 -0.130842763963979 -0.068514630977724 0.198902592415179
-0.0749661547718531 -0.108885687338314 0.0111434591399889 0.173917369658736
-0.0902573412017365 -0.107278237121132 0.0745489754077928 0.122928875895666
-0.105499071199784 -0.0916375270044341 0.110412749121715 0.0567683065288809
-0.110847557776377 -0.134752143293117 0.141798250821444 0.0197606470351196
-0.0481140375728721 -0.177568404009369 0.163791480287939 0.00257204496093455
0.0152513864873752 -0.196783553447979 0.189354650330804 0.0093963097081133
0.109963383575163 -0.163755049224447 0.193464097959891 0.0277948075834475
0.203401979183002 -0.0972761775492131 0.161753069545023 0.050917310439071
0.248558638472502 -0.0410792228684471 0.164234878208249 0.0197782338120622
0.244278994196134 0.0410520512792573 0.0591422348829785 0.073308267769063
0.245473012875962 0.0143404185824182 -0.0463400486749714 -0.0670064720484926
0.194623627288124 -0.0748433022315472 -0.174390379284708 -0.045074644636469
0.137812098219463 -0.155887272634805 -0.203745149233337 0.0402514114584468
0.0538688466542659 -0.187300323246965 -0.144448282006679 0.128344499271098
-0.0305683948597372 -0.184792819575517 -0.0788166537276379 0.143585560814426
-0.0927026178548492 -0.150770877700097 -0.0217705429004214 0.118205661766193
-0.104008436609793 -0.142725180056222 0.0300095271791865 0.0777627743968996
-0.117212159066188 -0.125801648283967 0.0633852078180816 0.0118484918781657
-0.120019066722293 -0.174439812828705 0.100132548873825 -0.0282621035157485
-0.048129872974748 -0.223063087526108 0.141986829357852 -0.047766005089776
0.0277428911721396 -0.248055218323652 0.187502092857984 -0.0194135056308294
0.151451479972144 -0.201505846274418 0.187126723001515 0.0234478302253186
0.259652125742658 -0.101165839633658 0.117325369153031 0.0630037034110054
0.300592767703974 -0.0295393294787371 0.0644025838975609 0.017238672031035
0.262324360012409 0.0522829666723112 -0.0457003446950599 0.0390907245471173
0.286611481272586 0.0156887270197281 -0.118228367764973 -0.0841064441980191
0.237827849158315 -0.0999689508899222 -0.197073759911963 -0.0546308293386552
0.154250239342659 -0.200428030213333 -0.192747342105708 0.0212453550956752
0.0513985538371345 -0.223135836740167 -0.133227939897311 0.0735355547507041
-0.0396728223183338 -0.208882744838532 -0.0940061745765791 0.0737529608856943
-0.0993231956049113 -0.168462135676819 -0.061126755699246 0.0524546195327539
-0.101486094801442 -0.157115498984043 -0.0169519014367225 0.0229300493936314
-0.108228106942225 -0.143651425229929 0.0141873698574398 -0.0407005344238468
-0.102255116853417 -0.192924396893124 0.0576369050168413 -0.0794561569463904
-0.0266272756891585 -0.237330229988746 0.117506784296081 -0.096137820601852
0.0547367813558126 -0.256808561799052 0.178483943869097 -0.0442450910030655
0.181126337469084 -0.195198543392857 0.172200327885672 0.0232605649952678
0.28224518639741 -0.0754248783870114 0.068487408324012 0.0731735913457429
0.3073009103701 -0.00175097482184752 -0.0360414842953745 0.00760829185864538
0.236045905113778 0.0537367825517989 -0.154268777732011 0.0100280195045781
0.272788723914334 0.0146718931816304 -0.190899605182095 -0.0819602703938814
0.231430536563039 -0.105702192383941 -0.209709565151121 -0.0544914353770301
0.13749290821439 -0.203203020444861 -0.174607440367984 -0.000752410711216728
0.0379127621273445 -0.214926788292936 -0.127531231695578 0.0122515370128109
-0.0422313654616399 -0.194497481710783 -0.116584440469039 0.0026192951915748
-0.0908312681715387 -0.157999725238103 -0.101758862900851 -0.0122600562522418
-0.0841498495696038 -0.1485934403139 -0.0601046371528322 -0.0347299995848579
-0.0828051347006917 -0.142453591152621 -0.0264745728244919 -0.0962349925784196
-0.0649939051338403 -0.187703673472028 0.0264383925645099 -0.132811767401339
0.00901831940485421 -0.216503472715246 0.10323686521364 -0.139442602248021
0.0878585556763789 -0.222104469278956 0.171035687766084 -0.0610191677071652
0.194327672376113 -0.147106097033456 0.150594954356368 0.0234918926626352
0.268090714128595 -0.0258199404553493 0.0209929700090265 0.0688883450971687
0.269856743513921 0.0321109971443169 -0.123842525569227 -0.0155594376235652
0.167197099510563 0.0486774988653391 -0.246794607579686 -0.00812230592861027
0.208111489206436 0.0160452474550226 -0.244857625873423 -0.0619729781029308
0.177824182744223 -0.0832101987010858 -0.210203017342197 -0.0495264483274634
0.0970232696182334 -0.157366741381599 -0.157289453839482 -0.0210206796867117
0.0228677411674506 -0.161157652791683 -0.128617228809317 -0.0404774480931304
-0.0334738247158554 -0.145591602802388 -0.140685423666463 -0.0532638717255432
-0.0651414194797817 -0.121624861693999 -0.136433291516263 -0.0636339857369006
-0.0537718454717644 -0.117302767940471 -0.0923022583577928 -0.0862156219178035
-0.0472732694803571 -0.118266021678044 -0.0522430290752991 -0.147745574148012
-0.0237868497725378 -0.15218584474474 0.0154311745179606 -0.181344903596474
0.037700612587462 -0.165069455906489 0.106097770078581 -0.173505621748305
0.103389438249629 -0.154730263450806 0.170244240197798 -0.0725211737285968
0.177860652409673 -0.0795275219361773 0.129847580307862 0.0199816732751611
0.215208554992214 0.0243324572360472 -0.0145344261185787 0.0481766602849955
0.193885595422747 0.0599434912436474 -0.183861227252538 -0.0503826192499364
0.0673877266699066 0.045561489272179 -0.303608446363271 -0.0158507342399474
0.107432019826801 0.0285462915648533 -0.267690576125972 -0.0360378597326857
0.0970103058037933 -0.0337504720221723 -0.202737213683786 -0.0436011963180101
0.0484699778652428 -0.0755364324411617 -0.150261698767678 -0.0327996292429056
0.0153975883500786 -0.076045992222335 -0.139001323000578 -0.067612537717358
-0.00852454771406082 -0.0728440679288845 -0.16006204569958 -0.0808585756354851
-0.0241751769542623 -0.0682264991408696 -0.156645717542993 -0.0940054717546428
-0.0160397260859256 -0.0678852510470081 -0.109682165638587 -0.123155621663744
-0.0104323722832103 -0.0732030726214822 -0.0613105449085699 -0.188290295327978
0.00571051372629054 -0.0903889478004416 0.0223764839327183 -0.218216534540247
0.0410161549035464 -0.0923915544096377 0.1215332850599 -0.195822730345769
0.0850195771782414 -0.0804500188503371 0.176098186566668 -0.0787062852877263
0.128014037284654 -0.020941510380119 0.118292858298739 0.0125503381926401
0.131493191211225 0.0515615666856899 -0.0277501119781719 0.0194665350698497
0.0926941011423063 0.0660124496218751 -0.209155436727724 -0.0878265092348223
0.0112541903042935 -0.0438451357974628 0.229221561872086 0.0825009734003203
-0.0385701964193798 -0.0370502256827695 0.066009170146495 -0.0335823045609276
-0.0552934656610671 0.00587392181900941 -0.121481166044374 -0.0207135519221458
-0.0230691579037761 0.0296299695643842 -0.203103238168397 0.0718162365842709
-0.0105500046469506 0.0227432740313481 -0.145562803576645 0.206473160596586
-0.0123632711174154 0.0168755339090806 -0.0275804805617711 0.253132535590282
-0.0177420981152365 0.0176260105185659 0.0698338068058707 0.219247336422076
-0.0251841698476853 0.00829004188012951 0.137574178620594 0.153589513667391
-0.0322425698708128 0.0135904725384881 0.171100273037305 0.0968060806217107
-0.040378038343557 0.00116312161069176 0.186993263755714 0.0730815400656935
-0.0267808147417742 -0.0145450192441727 0.172039710646769 0.0641361972320684
-0.0231192689516701 -0.0112160298240777 0.175691705987732 0.0411426237909866
-0.0217971508425136 -0.0240741228673677 0.195130596304647 0.033036362457808
0.00556486851735115 -0.0511050934669953 0.233687399865932 0.0452192015824076
0.0384264324962319 -0.0431303865988414 0.307611371546231 0.0121632718200276
0.10944120736267 -0.020642154354145 0.206530554149929 0.099424786493907
0.0655514749328764 -0.0255415844359093 0.0481184860967126 -0.0274265573916971
0.0261385525960408 -0.0234348394879075 -0.130735750481008 -0.0162362115276805
0.0324495568330187 -0.0322739331551136 -0.204939896527845 0.0693047283375392
0.0129359085801718 -0.0533086788713226 -0.150460283153836 0.196556277593244
-0.0225033489703465 -0.0597680999722658 -0.0446527782936874 0.240137671717541
-0.0534836324594815 -0.0471947438638169 0.0505297989037369 0.209619932008208
-0.0669539201338082 -0.0514617004503621 0.11864549697731 0.146339854664849
-0.0783157924982333 -0.041490813243656 0.153652552972561 0.0810411277458792
-0.0857370899505623 -0.0725254772078045 0.176958908879681 0.0504799221410414
-0.0421540571188171 -0.106979606998513 0.177475387624162 0.0377394453925634
-0.00156832105051563 -0.1148767187528 0.186495492721722 0.0274121986513896
0.0515575389412734 -0.102204196947291 0.194546462252836 0.0266135862402533
0.115361234326729 -0.081647227429776 0.203786031353944 0.0376637985471936
0.158025014710813 -0.0509837356843781 0.253817411889548 0.00935493140819985
0.192347644365469 0.0071240392638933 0.150264957180362 0.0930834097652592
0.167576488242962 -0.00822360144213578 0.0104095197896257 -0.0428132004685012
0.114871036148164 -0.0516259621801172 -0.152402825227149 -0.0240560323999476
0.0889717852107291 -0.0987716849597338 -0.207688364569252 0.0633236112038838
0.0348179481190464 -0.128378399171134 -0.147092338406945 0.174945642134678
-0.0306389214287711 -0.131632950173713 -0.0577130535520107 0.205028408392923
-0.0826843353196395 -0.105864888257975 0.0211684876349773 0.175075140060026
-0.0986531738815112 -0.103036736632502 0.0822881005911895 0.11949231069707
-0.112627755631701 -0.08789111128628 0.115150154112605 0.0499274543495126
-0.12120984464667 -0.13014275067327 0.146429086507032 0.0110443786995914
-0.0593710241588876 -0.178662371492384 0.167127056771623 -0.00693558271426192
0.00418636829064059 -0.200765789475393 0.193169509994711 0.00041246301738262
0.103793779287048 -0.172605970019029 0.194598253715406 0.0191984562729607
0.202103145931832 -0.109945518348616 0.166150053000832 0.0438226915541419
0.250690645253899 -0.0543847354808474 0.168729865581601 0.0108841510177377
0.247989190351983 0.0291313852932493 0.0632091008918897 0.0694803548915691
0.250084162667507 0.000887995860169737 -0.0488597233832932 -0.0670683320127335
0.192212363319633 -0.0846404406726125 -0.178601272781798 -0.0372639219691189
0.130602915304716 -0.166058594934991 -0.204913460445806 0.0503033028032548
0.0441217905175761 -0.193535238685733 -0.138734450235738 0.13660272950265
-0.0420169447269285 -0.185468271820045 -0.0716045003268948 0.149457273554664
-0.103475275043339 -0.147326849645705 -0.0158344120886168 0.121129319858348
-0.115386910073143 -0.138396869577684 0.0351648198800807 0.0766101385414013
-0.126311548326573 -0.121799742794156 0.0638000739219599 0.00749538611905498
-0.132188521415365 -0.16904858227658 0.101370723077271 -0.035448089677658
-0.0624291736406754 -0.224611976340843 0.142306350703407 -0.0565852223243146
0.0140471603930802 -0.253182672226646 0.190726756084048 -0.0288901870573467
0.14297945531184 -0.213975770710404 0.188141165629595 0.0148423062592802
0.258700735883347 -0.117326162663108 0.121469910985377 0.0577985350767106
0.303324920970583 -0.0447540596132026 0.0678530873975418 0.014138029048872
0.266475825556426 0.0400715666344333 -0.044374051198784 0.0403687507332757
0.292564096455197 0.000101410811359449 -0.122449332279727 -0.0799000817119192
0.234571241392937 -0.112532856200269 -0.20137255809287 -0.0460551517451289
0.144736696757756 -0.211785649241367 -0.194502749509984 0.0302039664705716
0.0386173266722349 -0.229539459309159 -0.130308057709433 0.0801106590881552
-0.0528253408880049 -0.208653858542051 -0.0912886233178944 0.0796343611449577
-0.111156711225124 -0.16416769371833 -0.0598314878058864 0.0580347658671246
-0.113726807441595 -0.152928536761996 -0.0154210823225797 0.0240856970780411
-0.118457204195811 -0.14077752265362 0.011526070047459 -0.0425578182999121
-0.115501821015521 -0.189830810398707 0.0546086046251663 -0.0853621037325726
-0.0413231341580502 -0.240420819692426 0.11423496605763 -0.104932849103552
0.0394519378281991 -0.263970799693165 0.18052758011891 -0.0537517593989556
0.173143271391891 -0.208568010566677 0.173037395896229 0.0154531093060521
0.283307097530124 -0.092969272784992 0.0725435749961868 0.0703085031821081
0.310585273005758 -0.017951869629022 -0.0350251163880132 0.0107404699770527
0.239940408018481 0.0414135669297236 -0.15616120787351 0.0165095922809582
0.278339575492983 -0.00114246041911963 -0.196543284293494 -0.0741268949157391
0.227728755976552 -0.117761458057447 -0.213729270561184 -0.0460050765487796
0.127087845544153 -0.213557559350705 -0.176946975507029 0.00662327182014383
0.0257362310022502 -0.220366621576336 -0.127054884475991 0.0169401929737424
-0.0557225639904248 -0.194913335118372 -0.118761828170334 0.00919768087890256
-0.101955291082657 -0.15367996832605 -0.104519292222941 -0.00467106883257343
-0.0952813129198213 -0.145300052488145 -0.0623034920784741 -0.0316885373572708
-0.0927287513647945 -0.140741567976617 -0.0327596248897968 -0.0965702584168342
-0.0773049988358631 -0.186071331571044 0.0195187471274435 -0.136986209176264
-0.00374252431061545 -0.221386965877629 0.0976940095524533 -0.147959933289416
0.075557234891863 -0.229734959269924 0.171805230541606 -0.0714750976635852
0.188618664606164 -0.159838876194957 0.152551907706746 0.0162172891658805
0.271313705196225 -0.0417229331161823 0.0237840271791036 0.0693315434251528
0.273898074567716 0.0184222679950519 -0.124714823779473 -0.00693348000612618
0.17074578991617 0.0408004759618863 -0.250199231983681 0.00305470929592685
0.210852814431259 0.00444971023010819 -0.249759036852364 -0.0504616560634287
0.174781342989228 -0.0927067325674967 -0.21407301790334 -0.040180668291992
0.0891502778898837 -0.164926742457827 -0.159807378301835 -0.0144009547718895
0.0130172732545744 -0.164577608800772 -0.132286597977914 -0.035437183417721
-0.0427856202942365 -0.144536437292091 -0.146994396467928 -0.0457828936615404
-0.0737060713710624 -0.11880239737303 -0.143229216839159 -0.0539963093062013
-0.0627984800007136 -0.116018988274042 -0.0984761730254159 -0.0812062502128106
-0.0552223744010418 -0.118619046109045 -0.0617533121988985 -0.146577601232642
-0.0334439657514873 -0.152419445750228 0.00550254961166068 -0.185069819649918
0.0278997409654933 -0.169992233950649 0.0980070238771387 -0.182523810512091
0.0949681925379324 -0.162817191933688 0.170368852012599 -0.0820693833568377
0.175900077670605 -0.0907778131893797 0.131891304451087 0.013475142709756
0.220041932323442 0.0121503690858903 -0.0132087161059458 0.0500476400743181
0.197968232777034 0.0502592954617101 -0.187683436970592 -0.038348558532856
0.0690147102472224 0.0425037355637326 -0.308191791164543 0.000464555360022629
0.109888840274418 0.0228582333048586 -0.270773021695969 -0.0228203220496282
0.0963018038564324 -0.0391680090367159 -0.206782360973872 -0.0345249898670264
0.0442694144745663 -0.0786560648602395 -0.15309848416174 -0.0267320064907872
0.010630431540129 -0.0774441700646604 -0.144168487288578 -0.0622131528380786
-0.0134881898246461 -0.0723747241505452 -0.167470017875277 -0.0721643483976684
-0.0286194495553133 -0.067514729252761 -0.165530896902513 -0.0839105777212731
-0.0208524125238715 -0.0680157063013657 -0.118812690245515 -0.11787847448548
-0.0148283546966967 -0.0740830015852662 -0.0731577278713471 -0.186547368269711
0.000580309724889054 -0.0918229274763889 0.00967339419735992 -0.222778713553059
0.0357265119463922 -0.0953954837513236 0.112345932228317 -0.205316756271552
0.0808992679251398 -0.0860175447142024 0.175208640495081 -0.0893082759018363
0.127765149528282 -0.0282192362098904 0.120708314409204 0.00609166707331226
0.135971471932694 0.0451117636915528 -0.0276340528629957 0.0216093479666804
0.0960880505819605 0.0621442334337414 -0.215918184754021 -0.074298194578048
0.0289037314261294 -0.0363518708850408 0.169611062074806 0.1726598002288
-0.0188781150134554 -0.0503463986408845 0.0764364425799065 -0.000974560390623348
-0.0509456141983809 -0.0167557608852365 -0.0984486085447618 -0.0697369419372416
-0.0298811350067415 0.0170079730172366 -0.214577265723119 -0.0216681650395508
-0.015454850860461 0.0162796420372971 -0.218634158904337 0.12320255012001
-0.0155400932400079 0.00997941139030598 -0.133423230071555 0.213886325865207
-0.021745620931471 0.00983331192442577 -0.0304011067858012 0.22592010812827
-0.0254589072672721 -0.00318508045267448 0.0602638336763659 0.193249985043451
-0.0332869089707155 -0.00171223733083222 0.113746338749302 0.156479732079166
-0.0354798281907545 -0.0160161420305659 0.136515837260853 0.14246453694154
-0.016678633994417 -0.0253752171039598 0.126139975955966 0.130081944891765
-0.0115515709912389 -0.0201077977421835 0.13622258251691 0.1119845709418
-0.00613317258006754 -0.0301221810821337 0.157793127711342 0.115473395042265
0.0305436273307605 -0.0428608556112246 0.190373864576715 0.147208250883396
0.053671020233012 -0.0224932356462929 0.270861580303387 0.153797140575381
0.107269244013392 0.026609468868708 0.143099786994586 0.175596133262162
0.0698858714648855 0.0042322704852169 0.0553028666885727 -0.00508545030929469
0.0345963687735124 -0.00807792715272047 -0.1105091995844 -0.0708349333642366
0.0447264199762163 -0.0144283117736284 -0.215653359615221 -0.0267051485333047
0.0379367316455242 -0.0418938870773382 -0.221594615369143 0.110047368549571
0.0075230936281886 -0.0632167904555044 -0.144208699192893 0.196145997220923
-0.0275774999569536 -0.0633288756350257 -0.0447659352175809 0.208714955212454
-0.0382809652752492 -0.0761214755701256 0.0450406262583294 0.179233637713867
-0.0518676139855406 -0.0705223198184362 0.104570320548261 0.134788370143225
-0.0461241546499099 -0.101182224347271 0.138639610719599 0.116476224022713
0.007597503848043 -0.116023755870514 0.145514622495474 0.107431472804999
0.0501264027134381 -0.103248622737856 0.156140085676944 0.102464388410098
0.0930029078394037 -0.069112774940841 0.162575656618094 0.109749100747456
0.14202990926967 -0.0238382196414637 0.166062851237416 0.129520500372943
0.163926751883779 0.0209789705778601 0.222737265698439 0.127491310608338
0.169401148743894 0.0875022558792384 0.0958729149047366 0.142228739639198
0.15536221557072 0.0639313871641918 0.0251660373292666 -0.0369107930858646
0.12631590026592 0.00570994378588307 -0.128291859585767 -0.0896982989371715
0.122979475272857 -0.0499266858290185 -0.217682049795814 -0.035307499446837
0.0895860689159748 -0.0996077802291273 -0.212416313360515 0.0899256394136911
0.0285974186956059 -0.131004674610579 -0.143675102525764 0.159110574079415
-0.0301139380209353 -0.129140606528846 -0.0570762943271251 0.165219669968343
-0.0455807991027358 -0.136483352792708 0.022911227467539 0.139769754398732
-0.0628796689325135 -0.127205589783897 0.0835783534049632 0.0903841893661784
-0.0547699636091382 -0.166911620441299 0.12832188830356 0.0681013471601327
0.0219227910409466 -0.188732339043379 0.156617994236046 0.0608287756242946
0.089748798068371 -0.17820419723006 0.176050675964326 0.0806106442071805
0.170703004036639 -0.109870626195763 0.167827534864863 0.104278541493139
0.231371227468683 -0.0125891947910211 0.12871952253307 0.119734596340755
0.247329257576141 0.0564992931594723 0.14521738412611 0.0911135998100009
0.210006577248507 0.132764477342537 0.0280204570057128 0.0819021641844782
0.226668061808728 0.109004855776193 -0.01919996042178 -0.0852460603981041
0.210699635727333 0.0097082971517269 -0.148107071101835 -0.114548706742241
0.188099285406689 -0.0917661496097272 -0.211579955046899 -0.0482152240656589
0.125076356817516 -0.153837098820134 -0.191459934515462 0.0585740182542655
0.0409897235732037 -0.18371767280652 -0.133385437739931 0.104376541763197
-0.0310711799335531 -0.17524540015541 -0.0685750361677804 0.101929189704077
-0.0463428067268616 -0.175235284320112 -0.00196622020329661 0.0817377136214044
-0.0626562805663089 -0.163314569290347 0.055129835992121 0.0319288001246087
-0.0504433120018273 -0.208213338067721 0.10816376684335 0.00811391804813249
0.0379289658438769 -0.232299552131448 0.157037019442037 0.00500427921398466
0.119976135662166 -0.221352289390262 0.188246765047842 0.0518669842896107
0.222469458821556 -0.128642396822749 0.164883117350952 0.0976561817303037
0.284427584332152 0.00495649796050596 0.082805099483379 0.113971355789009
0.290611484258277 0.0874562198437042 0.0515472250206368 0.0482478577362085
0.222164257647593 0.151425935768496 -0.0566198924753435 0.00838379598916515
0.265269908021299 0.125951302158307 -0.0802494814879312 -0.130127199455735
0.261422410280988 0.00332628543443492 -0.166189195188955 -0.134244231752873
0.22016787626515 -0.126693039068453 -0.193639734919695 -0.0618351197175859
0.134924556944295 -0.187883350848052 -0.160521247129627 0.0117851016289868
0.040762038590191 -0.208912410182708 -0.121543764240975 0.0342025021563336
-0.0313082244560267 -0.19381094690115 -0.081472290649574 0.0270468844614929
-0.0392493196314402 -0.187811203834103 -0.0252664719327452 0.0141101063521783
-0.0486609388934525 -0.17647515447057 0.0284573325520106 -0.0342841280028486
-0.0271001017569169 -0.219329715036182 0.0875090479218275 -0.0558688613353001
0.0619918162957507 -0.237199421799147 0.15320644217031 -0.0500536477765825
0.14675989666794 -0.220011792176781 0.191763597890136 0.0263611583825886
0.246846318385269 -0.111662830124129 0.152517881359272 0.0916593979277419
0.294863124356077 0.037951165646966 0.0320799106998446 0.102968068669941
0.285138951000382 0.11505902759935 -0.0389842222414922 -0.00129512750319963
0.19822246468347 0.143053507132138 -0.147870123028087 -0.0602698984070018
0.253549892658515 0.120687185940615 -0.148713623517794 -0.15584408371953
0.257238976854116 -0.00492055938638111 -0.176948354556839 -0.13790758806806
0.204293237118652 -0.134605970364036 -0.16714131710671 -0.0743695284214879
0.118378434714435 -0.184843002209474 -0.130021363765887 -0.0428424271366869
0.0313555288858353 -0.196630451626075 -0.115202810106 -0.0413517765624784
-0.0287518490704595 -0.181677726516826 -0.0944806456072698 -0.0466738648056726
-0.0263993085911671 -0.173827849951127 -0.0435383112982517 -0.0547970236472676
-0.0256346369524877 -0.165183467663144 0.0105818499025596 -0.100535822567298
0.00452873934950083 -0.199219772572593 0.0765922404394777 -0.115934312835151
0.0870722615882978 -0.203908127299105 0.155369840015119 -0.0947636729446314
0.162804171752952 -0.175206658915414 0.192236800329992 0.00808340199890932
0.239185133576233 -0.0615574569749444 0.13340230308748 0.0833287088925562
0.262713521184789 0.0777377141146349 -0.0122128597370838 0.0794253679119398
0.236804357199167 0.131480988464665 -0.111235761338815 -0.0590027353582639
0.136054917205076 0.112397320810779 -0.227174483369633 -0.11136753517505
0.190499608615771 0.0957331847140536 -0.20594901860487 -0.15568815033141
0.198872940103573 -0.00570702259413063 -0.177525217552802 -0.13158171916106
0.149389638609928 -0.107034908324485 -0.141105146683919 -0.0854139889605452
0.0821725325572127 -0.140065218958589 -0.109602133097581 -0.0917328635732359
0.0216476751253543 -0.146224876213866 -0.115263650367618 -0.102904979018764
-0.0187650150905032 -0.138279877817459 -0.107619857886069 -0.106846540808965
-0.0087291497575921 -0.132560423039892 -0.0545320076374026 -0.112695861034708
-0.00199161559776823 -0.130316227579088 0.00621936748899326 -0.156860528161736
0.0301874791264004 -0.152402198558017 0.0829931234505419 -0.162916913582369
0.0952385706563079 -0.143388229022736 0.169428834479504 -0.123238841949598
0.152562060859134 -0.107003377130497 0.194053151111813 -0.000768716734596209
0.197570603944025 -0.00500853979361886 0.115631496577369 0.0727591206486483
0.192648897537522 0.104516403746479 -0.038037972756838 0.0442808985917191
0.154646599590966 0.127767480469721 -0.153510608066849 -0.116137887740793
0.0455686061391199 0.0706587070134632 -0.278317536488198 -0.135691194217901
0.091785926307155 0.0686685205950989 -0.234422872938157 -0.138921859115818
0.105163675191954 0.00814572147476904 -0.171076819906247 -0.121952173148232
0.072505373893017 -0.0488156312280956 -0.126628747501745 -0.0919172176854259
0.0417130323635067 -0.062755379244111 -0.105006995012423 -0.119441288215655
0.0176104869880899 -0.0686480580186214 -0.121982649640638 -0.136487601564952
0.000543211137498332 -0.0724692813762078 -0.113804329872894 -0.143819070570723
0.00876458067803139 -0.0714075641327427 -0.05746313196848 -0.15329055136715
0.0153105637895081 -0.0739513985424446 0.0114009881131932 -0.196203839983091
0.0368854416393935 -0.0842201871650321 0.102434239604613 -0.193486546228446
0.0711774651850449 -0.0731766866493269 0.189326886520036 -0.137169819992854
0.108224915899518 -0.0445284502781541 0.198966822607896 -0.00379310756195668
0.127454600564303 0.0297459356664021 0.107203184490773 0.0616179526629653
0.101921608668123 0.0981490018200463 -0.0378960412624376 0.00954132688714779
0.0582786424853913 0.0955805109272906 -0.160265252726792 -0.162272576395877
0.0269028204185015 -0.0364638148767068 0.174077266542389 0.156494526515287
-0.020051534410974 -0.0481204095359249 0.0749850678952418 -0.00561057040449308
-0.0498172931641625 -0.0133980874526174 -0.0988274915577756 -0.061196356859349
-0.0283644124018064 0.0179048324033448 -0.20918160772277 -0.00883039253981883
-0.0135449917008884 0.0162723513430371 -0.206191489204545 0.130557898492407
-0.014012308104717 0.00964309060310652 -0.116184973193794 0.214570129038019
-0.0201050976026829 0.0101662004345643 -0.0147339486167734 0.219134092853262
-0.0248449224432227 -0.00192675168715399 0.0693018612760164 0.182901072404122
-0.031569685414608 0.000157200252974374 0.120156915148818 0.144233682498191
-0.0352323114845655 -0.0135315484397922 0.142844438141872 0.129646662062228
-0.0169288567746365 -0.02436551511212 0.13040134226379 0.120587308207733
-0.0115386669090325 -0.0185583062284735 0.13770983928677 0.1018986971695
-0.00693950701479134 -0.0288948863265111 0.15646690539609 0.104466506525973
0.0273399082040889 -0.0437458219807087 0.191794291690089 0.133204725422336
0.0520596570564191 -0.0245207418649813 0.271592129012421 0.131908908862598
0.105245179077565 0.0200102644481778 0.148476835347502 0.160351965912619
0.0693629256610439 -0.000772668945186337 0.0550062049803366 -0.00843791186379058
0.0329316692095035 -0.0091638749332405 -0.110555986412644 -0.0624191415922045
0.0416944444872967 -0.017178918319281 -0.210897084147604 -0.0138995896775575
0.0343745342822765 -0.0430667535557817 -0.209209065781683 0.117972793970508
0.00328472252822399 -0.0615559605207075 -0.127684054992314 0.19775501279852
-0.0305047310614185 -0.0598698378456475 -0.0301993867992411 0.20363454546788
-0.0420439118941425 -0.071657454380999 0.054418438089574 0.169605920882068
-0.0539628363419789 -0.0660956455049734 0.109817047946307 0.12365856475158
-0.0511251910643272 -0.0955191595622533 0.14299132436177 0.105019283222677
0.00114740059869187 -0.113965354598468 0.148032929940057 0.0967021300503763
0.0427871658346458 -0.103730602733498 0.156317704411259 0.0918278624613953
0.0870804374070852 -0.0724208569311815 0.160290612836733 0.0989010725584404
0.136603178213055 -0.0315158377869621 0.167236382784124 0.11697149899554
0.160920377151276 0.0112458356261012 0.223661627383258 0.110360929353125
0.168121173508888 0.0760492100858582 0.100543906557764 0.130908842058763
0.155256920740391 0.0521614358474676 0.0248954061773814 -0.0382114683554152
0.12232556938944 -0.000755760302711737 -0.12848337362701 -0.0798498950090525
0.115268202163597 -0.0558067291740093 -0.212459166224177 -0.0232865397366463
0.0804893403654699 -0.102760075464526 -0.200145039108383 0.0992109608728162
0.0201375123116333 -0.128433894291064 -0.128630418640939 0.161821834205526
-0.0369588631201265 -0.122753992482457 -0.0457601078951602 0.163234346636474
-0.0535949951336845 -0.129344573149423 0.0307624082601278 0.133108547342568
-0.0690328001928431 -0.119274044612675 0.085617267712269 0.0816397653007836
-0.0637935172319831 -0.158620345962605 0.130077794492944 0.0583580267335231
0.00923594186775632 -0.185751657845833 0.156626835105335 0.0506644142001463
0.0771002578322571 -0.178176304009131 0.175650671668782 0.0689606397610649
0.159419780706273 -0.115879225152602 0.165091507883812 0.0922462525919068
0.224399770677212 -0.0256252454869862 0.131101589545184 0.109096024251532
0.243285709786096 0.0409838957553761 0.146417527001469 0.0803912607423787
0.2091319954123 0.11724410724909 0.0315767518814518 0.0759805376402554
0.226904471992264 0.0917059865412395 -0.0203464577833451 -0.0826035005403121
0.20368308611681 -0.000811558500545224 -0.148898186056494 -0.102878744152411
0.175710847832628 -0.0999270379447502 -0.207429937330149 -0.035632595026482
0.111711111787864 -0.157032287998247 -0.180085121833167 0.0657487400271901
0.0282190712835568 -0.1800968352832 -0.122256791518275 0.107657418483338
-0.0415715253098651 -0.166649593824187 -0.0611230316515012 0.102674512070153
-0.0567251695683756 -0.167356835160956 0.0035634392789555 0.0790437110964339
-0.0703976966061184 -0.154520670153128 0.0543332636044007 0.0261776034417659
-0.0614793491681609 -0.19794733663235 0.106178060410068 0.000286991961166704
0.0219326105872675 -0.228694384749574 0.153667985204992 -0.00424997058982931
0.102584811908788 -0.221769032039483 0.186668391253474 0.0402947375125578
0.208698867192193 -0.138112032206021 0.162471214655025 0.0856268831824747
0.277738824095907 -0.0110273747789599 0.0856322412696088 0.105143667884521
0.286224833639574 0.0690907172252869 0.0540658885031135 0.0450922822368255
0.221760007954295 0.134979936568124 -0.054550317937911 0.00921201199453783
0.264671607744569 0.106800038082497 -0.0828724066400085 -0.12249085334391
0.252336468790412 -0.0102386054079366 -0.166348399444487 -0.120558531974428
0.204678076822757 -0.135022574114211 -0.191232676104023 -0.0505406349269771
0.119255586353171 -0.190577291077163 -0.152942905944471 0.0182321303825029
0.0264305635944845 -0.204549930527966 -0.115232502399047 0.0385989538840626
-0.0431593576209642 -0.185285183930363 -0.0779287574822915 0.0320232960263191
-0.0503593999358467 -0.180587142886102 -0.0230940744838845 0.0150656472680013
-0.0575392999278475 -0.168866473194576 0.0245196342099311 -0.0363183832087939
-0.0403331334631995 -0.210650922959198 0.0826716380787469 -0.0602830430675904
0.0448799274009476 -0.235350220942238 0.146347458192428 -0.0575079911418971
0.127792015813596 -0.222040547497824 0.188890809175532 0.0146336550001815
0.232809212404362 -0.122763692531585 0.150296023848892 0.0795264886369372
0.289550664943032 0.0196126875628965 0.0360405969004693 0.0983956035169028
0.282512710006206 0.0954285490512678 -0.0366636003292562 0.00236432787892994
0.197532657126968 0.127381573106999 -0.145595732509979 -0.0516748989393666
0.252858090612213 0.101068530567354 -0.150706835597251 -0.143077435377526
0.248274862025256 -0.0183681274162289 -0.177942923786558 -0.124216565462069
0.18976799746248 -0.142755163563345 -0.165775362176684 -0.0649112224520115
0.102688472144903 -0.18719203740825 -0.126249736025633 -0.035765854278505
0.0185476140765053 -0.191456706676459 -0.113451445286698 -0.0342795258754268
-0.0393703208935285 -0.172528985930948 -0.0956542650144573 -0.0388826617264107
-0.0367216053025369 -0.166510805707345 -0.0448498154690866 -0.0498471608516637
-0.0357918075453154 -0.159364357998178 0.00388648428334405 -0.098641703247629
-0.00772233547304183 -0.194153258259473 0.0686006025518854 -0.117091820075819
0.0714013702451152 -0.204083194270918 0.146387831612915 -0.100804301126791
0.14637278826124 -0.179134986276226 0.187818093548507 -0.00247812073891545
0.22843622935153 -0.0742704195957517 0.13202825362581 0.0737150606419079
0.259530638783208 0.0601054891952134 -0.00806204289749787 0.0776081567272661
0.235480536067301 0.11339286017472 -0.109792098597907 -0.0480811645121304
0.136410849190607 0.100589765078642 -0.225695269920781 -0.0957910209622646
0.190200663393752 0.0815710951902604 -0.205713980312123 -0.140089749444423
0.191650745538565 -0.0161578191209981 -0.178245893712691 -0.118535167425124
0.137373412530243 -0.112482493446124 -0.140914569499913 -0.076138264301884
0.0701139965463239 -0.140677233105468 -0.109591161588896 -0.0838728393378138
0.0117348146923733 -0.141837146565279 -0.11853890814431 -0.0938130013951182
-0.0268346572533147 -0.131455502472096 -0.11133973179716 -0.0960185080768544
-0.0174544167540975 -0.127893839991254 -0.0592775441602153 -0.106117624443949
-0.00995894491900296 -0.125731832527423 -0.00386287822117388 -0.152936074830784
0.0195943091890052 -0.148689233179753 0.0716997837026527 -0.163425006830843
0.0813578384265716 -0.145029169177446 0.157358684295692 -0.129682661244727
0.140111392143821 -0.112245673604556 0.189541642478155 -0.0118142333744766
0.190559552392744 -0.0168421141094912 0.114809549154793 0.0636071603092681
0.192350631986106 0.0897800635291342 -0.0346760742684488 0.0454875718497356
0.156360648367396 0.114635193759948 -0.153943372954842 -0.10095255644563
0.0463564172859275 0.0653954435155602 -0.277582998666372 -0.115997122090729
0.0918714010844164 0.0616622405913941 -0.232531354324874 -0.12161735981758
0.101037878601124 0.00272948022942023 -0.17108385716967 -0.110449607985354
0.0676539972481306 -0.0511054950323749 -0.127266913850331 -0.0834088418399877
0.0359022359094297 -0.0627129145584006 -0.107627971027896 -0.111729719740647
0.0125986144932808 -0.0663343750689617 -0.126817991639817 -0.125985595809047
-0.00406132368040308 -0.0693612257668669 -0.119562592596947 -0.130671554629873
0.00379364689017623 -0.0696075211187246 -0.0644697024472619 -0.144066313126847
0.0103717524799787 -0.0720602767821358 -0.00086261694732455 -0.190336507447056
0.0302746321190786 -0.0831419273639533 0.0870009973336695 -0.193239404170597
0.0641748429647905 -0.0742085477157915 0.175567436182851 -0.144000144058046
0.101529231593443 -0.0494789236284738 0.194427816553564 -0.0146921930418188
0.12478621033351 0.0216240689541383 0.106960912806987 0.0528697349175126
0.104537455131308 0.088704774620115 -0.0377358988994069 0.0126288039342842
0.0605063741704162 0.0882878323317775 -0.16387724083042 -0.144725893331578
0.025733286447656 -0.0353824753774979 0.172516620358251 0.143308920401585
-0.0205485084357074 -0.046171797091518 0.0735050571124662 -0.00914008270671649
-0.0475921483246715 -0.0112792384597639 -0.0966846783188707 -0.0546227368229147
-0.0267347745695813 0.0176551067787915 -0.202004986537561 -0.000458671804286896
-0.0119711625986808 0.0150107746572899 -0.19356572006119 0.132279847239981
-0.0122037182230906 0.00905694060809975 -0.10256785119156 0.20971398585562
-0.0184507487794628 0.00982172153634114 -0.00384024268995849 0.210219803447531
-0.0240923195326464 -0.00118460535138108 0.0744334245582683 0.172531999101142
-0.0295593524367096 0.00145663322565 0.122069214027162 0.133202809101368
-0.0343203347088516 -0.0114968819676492 0.14399876895611 0.119461779069052
-0.0175451580972656 -0.023790288093565 0.131044616086455 0.112307535082308
-0.011244123163689 -0.0176980143723977 0.134834357314993 0.093648503994214
-0.00692539288332906 -0.0281212079734197 0.151757862472507 0.0963792683588548
0.0247308374638448 -0.043783957587898 0.188355995369569 0.122464892085591
0.0499300476589359 -0.0260038076747308 0.266958663090358 0.116114512172447
0.10191288343121 0.0156650573390601 0.147939583972141 0.147403507316035
0.0673839170284437 -0.00457134262110468 0.0543836236663537 -0.0113922738475744
0.0315732510126991 -0.00977286767793477 -0.107627427759331 -0.0558640163396575
0.0387560642852422 -0.0187449816671858 -0.203700121702181 -0.00528159565919236
0.0313981494981776 -0.0437051479117087 -0.19600593647175 0.120686878088586
0.000855212373960803 -0.0603726572354645 -0.114446637362391 0.194630849452714
-0.0319400961454189 -0.056776636385567 -0.0199723481336742 0.196787952517829
-0.0440915251197309 -0.0671972796438691 0.0586320829931935 0.160428173444664
-0.0547982274088996 -0.0615715002422714 0.11060478747736 0.114043305347626
-0.05362406967973 -0.0896870808464232 0.143448315891289 0.0946697615066914
-0.00404604574460503 -0.111024921345083 0.147169553141481 0.0878530567888908
0.0374820863461689 -0.101812599666664 0.15338987341127 0.0834502939785499
0.081710456247614 -0.073380351746548 0.15499711538811 0.090737176531668
0.130907311917985 -0.0357657579054499 0.164621852193369 0.106780345658062
0.155593178347992 0.0051030178797594 0.219330679827198 0.097310649696887
0.163789777006999 0.0671413995969447 0.100726026456577 0.120930611385681
0.151879035629274 0.0431161427406003 0.0244481163054791 -0.0388742281729681
0.116808733805153 -0.00466784624685602 -0.124895795674439 -0.0716353732698558
0.107249048096395 -0.0586884527015443 -0.205422611158085 -0.0149586267488396
0.0728473463309322 -0.102390304634106 -0.188611421009934 0.10122345925895
0.0135125539350062 -0.124099815939456 -0.116770738463039 0.159699707968747
-0.0407725610408006 -0.115663143113341 -0.0368287257903897 0.158076062852585
-0.057767498572853 -0.122286573862248 0.0349256293807591 0.125900019300675
-0.0708693397758923 -0.112519217336909 0.085306446786591 0.0745482915978677
-0.0682397269790861 -0.149707178961459 0.129272717950304 0.0497986827879941
0.00108679069104707 -0.180745003251078 0.15345196885333 0.042545015083074
0.066920980111003 -0.174701584418628 0.171901950048773 0.0600621257812341
0.149670829447826 -0.118258406027557 0.158890880610458 0.0840354500792084
0.215921420204811 -0.0333197351902945 0.128841147279066 0.100123796026224
0.235322680828057 0.0306798113989204 0.144668507969951 0.0722883910272426
0.203817470714852 0.105433908606687 0.0328677924975417 0.0699511817242311
0.222002057177503 0.0790689712745374 -0.0199520025398756 -0.0801136814849777
0.194921318387593 -0.00743386755525743 -0.145190931543821 -0.0938832427219728
0.164299651203961 -0.102943605896496 -0.200990819348629 -0.0276405476511875
0.10025404571859 -0.156567355893519 -0.170030301557809 0.0686545840656827
0.019024408274999 -0.173274982675528 -0.112625033473606 0.107487161013556
-0.0471464487416445 -0.158284018170077 -0.0550699621932357 0.10124815264506
-0.0618690263047171 -0.158552978773434 0.00654045156850594 0.0752104700074962
-0.0742552709193881 -0.146557051827237 0.0532534380015118 0.0225707402075976
-0.0675851341168871 -0.188000131755712 0.104197522475092 -0.00499398343390417
0.0108384564740853 -0.222517029746442 0.148755203497614 -0.0109263175158603
0.0891501144900579 -0.21768791123269 0.181658753459911 0.0321812608845607
0.195673739198544 -0.141919200926778 0.157039528462208 0.0773306311161946
0.267481914652426 -0.0216987686863676 0.0854121881386196 0.0981688540699796
0.277753049630055 0.055534963810622 0.0544610877921921 0.0423367065620513
0.216171541352029 0.121829989948242 -0.0520799983073976 0.00958692321938648
0.258783987509357 0.0927858706349983 -0.0813177207482133 -0.115918956392747
0.24169377838217 -0.01757397801642 -0.163305343659319 -0.110144854010181
0.190772749285109 -0.138477142540515 -0.185218704552415 -0.042145663926961
0.106457877887656 -0.188831907905564 -0.144767216723078 0.0220126973926709
0.0166406752203376 -0.1969613317799 -0.108894063906392 0.0403767791385653
-0.0492092151675357 -0.174813133111299 -0.0743858227866774 0.0343253810648304
-0.0571350964578221 -0.171044971944107 -0.0208232838702123 0.0149138271971154
-0.0627545017389043 -0.160086679341574 0.0218922277061298 -0.0365187198397837
-0.047432137752976 -0.20056275196736 0.0779298865788464 -0.0624377871118395
0.032638723429643 -0.229846213727283 0.139379503493401 -0.0613832768190947
0.113106033535828 -0.218337588748724 0.183538610115368 0.00695188925918737
0.219696753607924 -0.128478826196752 0.144534136532927 0.0715331825115628
0.280453568920371 0.0069346637441179 0.0366026188306877 0.0927503646239957
0.274657233859611 0.0808372511125789 -0.0341268092809121 0.00535177972830289
0.193148862413228 0.114621822060118 -0.142423653307296 -0.0457278519825848
0.246974542108812 0.0870522019640169 -0.147789967917819 -0.132946332213303
0.236978802328871 -0.0253260099294409 -0.174207232080066 -0.113845250582134
0.17644495259842 -0.144121219894688 -0.161522851663179 -0.0575485086371059
0.0900396851664522 -0.184492040743153 -0.120972498208048 -0.032022242174891
0.0094192200705144 -0.184061415068102 -0.110548039352346 -0.0299156143980532
-0.0450248714292911 -0.163485378420548 -0.0941585225193613 -0.0323959650824913
-0.0427451066820517 -0.158150737784284 -0.0443535532484829 -0.0463148185703046
-0.0410678426938286 -0.151805141048456 -0.00050991755596861 -0.0954138431857156
-0.0162548763863447 -0.1859142594737 0.0616869678901009 -0.116414361149332
0.0586454055098355 -0.200023039067601 0.137439802666608 -0.103695714664278
0.13191100412953 -0.177728345277221 0.182340148741541 -0.0104246881443247
0.216252959382699 -0.0809526032902453 0.127280994904454 0.0658436066845298
0.252308191779175 0.0475759615999528 -0.00532274238922042 0.0749829011372792
0.230117247574243 0.100114203098451 -0.106353488843638 -0.040109906629372
0.133111747233961 0.0918834646808978 -0.221229309778076 -0.084305189066167
0.186120637920355 0.0711879076605781 -0.200525285214689 -0.128045459131014
0.182718831965306 -0.0214605139088508 -0.174273525965699 -0.107675206817299
0.127568891631235 -0.113445643863188 -0.1375345482654 -0.0691928212431251
0.0610351867611003 -0.137964012806446 -0.107028435484258 -0.0789012653128534
0.00500707855128004 -0.13592186743795 -0.118345057715686 -0.0869142822476551
-0.0315051530527652 -0.12407590436982 -0.111386245356147 -0.0869141119228504
-0.0228768828487164 -0.121990183030753 -0.0604560267564176 -0.0994627249552538
-0.0155628002475424 -0.120602841867677 -0.0108037020797972 -0.146461412045729
0.0125875140399827 -0.14344069843554 0.0623727682780282 -0.160282674485086
0.0715892614258596 -0.142724769063033 0.146609905532589 -0.131450097885177
0.128638429058086 -0.113274417911631 0.183716125474759 -0.0190718774900051
0.181663264745324 -0.0238841648667745 0.111636234338468 0.0569881672581433
0.188532842864595 0.0781579471230847 -0.0320721487403156 0.0455564236244165
0.152800837290408 0.10310457703847 -0.150708216067285 -0.0883363987349107
0.0458547143877655 0.0611250831163721 -0.270250106668053 -0.101180623047533
0.0898249235310663 0.0553508656383869 -0.225610669489411 -0.108567683831348
0.096600639093118 -0.000969756739150725 -0.166930677113654 -0.100942001615056
0.0628143308169336 -0.0511900873422121 -0.12431245147902 -0.0766120438252587
0.0313961897797899 -0.0612325272037321 -0.10702135596512 -0.105353245982444
0.00944518690327162 -0.0633736688321423 -0.127776809641706 -0.116617037202625
-0.00669136335851275 -0.0654790200504718 -0.120454072492516 -0.119268038181045
0.000428800922308209 -0.066901867245191 -0.0668854825413765 -0.135715213549944
0.00630165518714022 -0.0697156136509372 -0.008837993322018 -0.182799108339195
0.0251877948457482 -0.0807167127625999 0.0753434735975355 -0.189069467003479
0.0573972267335488 -0.0735886348685528 0.162893630876775 -0.145049406038189
0.0949007841181073 -0.0509492925121566 0.187070555144779 -0.0218544284873649
0.120083529404827 0.0161743320466064 0.104308907785459 0.0468051200072474
0.103515178128813 0.0813460090189686 -0.036074773052923 0.0146060264266421
0.059633780898381 0.0820383282171384 -0.161673822680335 -0.13012125362661
0.025587256163439 -0.0347545392797493 0.169717578602039 0.134127709262174
-0.0202545414217535 -0.0457781117471185 0.0731907935850142 -0.0118263393788518
-0.04572983420775 -0.010257305259741 -0.0933638730430917 -0.0512011409030381
-0.0254770870188171 0.0173835224087614 -0.195220450474551 0.00509486782507441
-0.0110378262970922 0.0144638474373371 -0.185995798341263 0.132618104230923
-0.0110516998434415 0.00774945989298132 -0.0929685826571672 0.205007720277383
-0.0176237150153219 0.00943661938058382 0.00286477802162336 0.203396485150351
-0.0231102553852734 -0.00092886232317268 0.0759534501383282 0.164587354445452
-0.0281624782964362 0.00144773450434219 0.122656616937925 0.12563817116373
-0.0339319878177725 -0.010567745618859 0.144132095924415 0.112148819766021
-0.0171966672747502 -0.023190156708252 0.130190531081214 0.106963906809233
-0.0104011282006337 -0.0178981386464171 0.131322577622274 0.0882076790316092
-0.00677464340781208 -0.0273242631858097 0.146535295612995 0.0917254817970418
0.023054639051478 -0.043383425443747 0.184130857297681 0.115654363424146
0.0486788764232606 -0.0262110015543628 0.260972759104556 0.105865125059671
0.0990932347640691 0.0134303100469973 0.146253688750045 0.138569139067055
0.065739110906105 -0.00737060205859514 0.054225665633318 -0.0138448209717524
0.03018306649813 -0.0102864469563605 -0.103836744852912 -0.0517131772567118
0.0367578070507757 -0.0192268421441034 -0.197405311195315 -0.00101088846898325
0.0289991276373265 -0.0439455562810938 -0.1879328161529 0.120046819648261
-0.000824751828044627 -0.0585294646951299 -0.105062380247031 0.18927980262381
-0.0322191412809474 -0.0543845360585407 -0.0134913402095924 0.189939973689086
-0.0448739779135243 -0.0645611601239387 0.0610724932604494 0.153348696184571
-0.0541054718040434 -0.0588975646883523 0.110606693689538 0.107064902208405
-0.0544044961562915 -0.0852762625187558 0.142919361449289 0.0873991433018689
-0.00706949053515793 -0.108666013773121 0.145977438649287 0.0822821422936995
0.0346219804591432 -0.10064724068336 0.149498402484933 0.0777228562695814
0.0777855039019142 -0.0730154187635084 0.149356718769368 0.0865719832941336
0.126949362065362 -0.0386382991250748 0.160450053051442 0.100356017359339
0.151353129027458 0.000962915193895228 0.215201477775533 0.088541055622028
0.158753526380452 0.0620565163755809 0.100257109960511 0.113057510226479
0.148740260058046 0.0375454713797332 0.0251109169243267 -0.0402730861390943
0.113297709107672 -0.00631122223879548 -0.121135085051339 -0.0671910782569822
0.101424093881563 -0.0595086265819479 -0.199503133316485 -0.00999556970406461
0.0675091784016007 -0.101611358406242 -0.180030176107951 0.100959108065876
0.00983620689930532 -0.120498770757514 -0.108578562621971 0.156558537898194
-0.0425340438983671 -0.11098891315972 -0.0315266920241429 0.153424309371279
-0.0598654248970567 -0.116998455477386 0.0371099762464456 0.120699965916539
-0.071777754263231 -0.10722047331628 0.0844371738904071 0.0697590221123183
-0.0703516098857635 -0.143074951639341 0.12772658975868 0.0435183826455342
-0.00440942965250069 -0.176460664666935 0.151086802626794 0.0382040133075841
0.0604723176942356 -0.17155527807745 0.167839222936966 0.0543688426829662
0.142722601659338 -0.118235604021031 0.153229743881651 0.0792832221241054
0.209228189989765 -0.0378946856119976 0.125418932033312 0.0942131192702393
0.229413998928808 0.0240526964332756 0.142318693061247 0.0667692270111012
0.198385677392742 0.0986417327999887 0.0331788110629068 0.065574304610777
0.217221528965715 0.0710696008790939 -0.018647137121126 -0.0786144383090923
0.188584550973866 -0.010493113253756 -0.141032256185453 -0.0885893716997822
0.156216282734616 -0.103786793148792 -0.194592873020491 -0.0229381562449962
0.0923955152902972 -0.154705572024668 -0.161774580699434 0.0685568917860531
0.0134429948248674 -0.168868674806845 -0.106099801083572 0.105469474500404
-0.0501123908817507 -0.150865394690039 -0.0509130135730186 0.0997245865771238
-0.0661272482647613 -0.151867314297404 0.00911217413979053 0.0717871734933426
-0.0757495632748512 -0.140075596900544 0.0513701812381062 0.0198281387131874
-0.0706801856571841 -0.180033478723698 0.101467907124283 -0.00876060502989065
0.00331678307179338 -0.217148300942667 0.144871674605073 -0.0144987757470205
0.0804214507280059 -0.213486911641023 0.177310628887966 0.0260368453057378
0.187112786478944 -0.142746660282848 0.151121613225954 0.0734146181582289
0.259981839498 -0.0279633759524823 0.0837511215229183 0.0934093251897405
0.269890076776298 0.0468697228867547 0.0548441833595248 0.0405449445554202
0.210534833043105 0.114153359411877 -0.0503079470479614 0.00863622409812365
0.253592039891681 0.0834744148783519 -0.0784807837506049 -0.111717700072059
0.233379731699625 -0.0215819469462311 -0.158782996078012 -0.103244670539978
0.180699819352612 -0.138244231663771 -0.180288639861704 -0.03809178157559
0.0972544402283278 -0.186346882329418 -0.138086554124211 0.0225684620067013
0.0108224760625944 -0.190806852185136 -0.104507306878102 0.0398584120197375
-0.052728950042384 -0.16721925416201 -0.0716896171394532 0.0355160247639527
-0.0604787846000731 -0.164105753199892 -0.019111552320342 0.0144992599325119
-0.0656314711901131 -0.153631556251982 0.019470587162295 -0.0363843864689509
-0.0522209151320497 -0.192550003321377 0.0743391993618747 -0.0636903293536326
0.0242882278047916 -0.224262629758175 0.13441933269502 -0.0641529155662893
0.103095743866549 -0.214793358082197 0.178925533906663 0.00132566386493469
0.209528069121056 -0.129781036594899 0.139682267763997 0.0677783868459127
0.272924279138412 4.96329833153744E-05 0.0370753917769471 0.0891252236707681
0.267167183407368 0.0715032640365981 -0.0319161917300819 0.00693921066719716
0.187388756004324 0.107907341895809 -0.138538831935686 -0.0419479450779142
0.241025739154349 0.0785390222436973 -0.142386275247401 -0.126738297883492
0.228871100780729 -0.0292801368309672 -0.169244182426631 -0.106722884233854
0.166994237841904 -0.143956421518645 -0.156146476695335 -0.0527552990283306
0.0822377736770312 -0.181476029629035 -0.116895663638558 -0.0305480551234852
0.00383930226755667 -0.177270604846092 -0.108244134279794 -0.0280404101650893
-0.0482027083982704 -0.15576376759121 -0.0924488941030786 -0.0278493232110411
-0.0472860820087685 -0.151706701869232 -0.0439701924168895 -0.0438180002524076
-0.0445661630544649 -0.145897681001645 -0.00350525486737426 -0.0923606741462667
-0.0210149532540201 -0.179120341526138 0.0573702064469672 -0.115237479046611
0.0501096983209262 -0.195966478522852 0.131092825317768 -0.104319784114175
0.122168608711742 -0.175220217797323 0.177576703726293 -0.0140796692266541
0.207389654438611 -0.0839986070959644 0.122855163914168 0.0620755534759392
0.246307611433578 0.0388749167902837 -0.00444589302230432 0.0730737506655802
0.223446184189642 0.0907542597866378 -0.102289498201558 -0.0344884687894093
0.130089022270892 0.0861789015745346 -0.215538302956134 -0.0771051973486978
0.181150895121716 0.0647180335410426 -0.194450888273984 -0.120588527545278
0.17573118482999 -0.0242431218936255 -0.169902789063173 -0.101490264602477
0.120283288740695 -0.112702781725715 -0.133253846945512 -0.0645251225837084
0.0547448498578655 -0.13526112788044 -0.104897425948059 -0.0764108536865513
0.00103539845522606 -0.131209249777345 -0.117465829555898 -0.0819988028091912
-0.0338317012674298 -0.118069189440144 -0.110730490757895 -0.0800595821786765
-0.0262583688870754 -0.117006192162564 -0.0601828457200978 -0.094982574135051
-0.0191918606814037 -0.116029477916222 -0.0144072442760432 -0.14159677471306
0.00760722496670851 -0.138849985889069 0.055856170380516 -0.157266423270175
0.0639018742445703 -0.140060838693436 0.138592604523945 -0.131567032447557
0.120573108233417 -0.112311450959557 0.178236761973951 -0.0229586505146377
0.17474113205572 -0.0279386781522003 0.10806313403119 0.0528860830323456
0.184401827268772 0.0709169127630243 -0.0307676417808681 0.0454032666451995
0.148599769099543 0.0956100547993078 -0.146129707489505 -0.0793717197858654
0.0446318740834452 0.0582081080629134 -0.264181789604107 -0.0925235501556392
0.0874203733220993 0.0517941774540067 -0.218312291457796 -0.100845682201018
0.0930734204614515 -0.00264460259815276 -0.162548352044254 -0.0951149500933517
0.0598299724571602 -0.0505649857573359 -0.120498152921986 -0.0727393690889798
0.0281097780521608 -0.059770007983485 -0.105857746770426 -0.101529107970444
0.00780497875930587 -0.0606150593119352 -0.127664497901755 -0.110565651842898
-0.00800697623663762 -0.0627318747251745 -0.120640979269704 -0.111354501571697
-0.00155971281168493 -0.0648256431090776 -0.0674676596143584 -0.12940959895869
0.00354088146088959 -0.0678003575065105 -0.0132369509542783 -0.175558414860983
0.021960808528734 -0.0781960974169927 0.0676556412243493 -0.184872100766032
0.0532457026884759 -0.0717820350157791 0.153585722401946 -0.145302674352096
0.0896775044138115 -0.0514608700184681 0.182147552971965 -0.0252527337807247
0.115784397999662 0.0126166174295463 0.102058323098637 0.0430437912116339
0.101593573239146 0.0754279920544292 -0.0346556272456026 0.0161565663588596
0.057782450499813 0.0777431429623423 -0.158329073485805 -0.11933514502474
0.0248678181755502 -0.034681129323537 0.167967292570392 0.127425677896251
-0.0209068057372696 -0.0459194993031745 0.0726531433087405 -0.0148996947502897
-0.0445245792273965 -0.00986239342117371 -0.0907515783294389 -0.0493647820342252
-0.0248703455547288 0.0169023517479882 -0.190657455651171 0.00856085071296504
-0.0102378011141821 0.0132935703005537 -0.179430826299093 0.133306087760493
-0.0106151947032936 0.00670903278194064 -0.0864425630746975 0.201865112555542
-0.0162497416225146 0.00857103015767593 0.00846793964171866 0.197512753170997
-0.0228186396223644 -0.00112913803111849 0.0779621420843739 0.159178932211702
-0.0268885946647693 0.00115472219716332 0.123884856829596 0.120069678690508
-0.0329190387962109 -0.00954067096664809 0.144564556012765 0.106550508916874
-0.0176189965258974 -0.0231079516339984 0.130194619480497 0.103244194563304
-0.00981650129504153 -0.018223308026016 0.128631884388635 0.0853212929167544
-0.00680159024192058 -0.0271619428150178 0.143121480978344 0.0899003843716421
0.0220001795919722 -0.0436836013062154 0.181032028816681 0.109831673595843
0.0469810810092107 -0.0270842237265858 0.257274381080385 0.0981672035918598
0.0968548536244081 0.011221066131011 0.145536005811365 0.131221799284215
0.0642633111418092 -0.0101805857597152 0.0548313220510665 -0.0159880882443096
0.0293026289448634 -0.010744938379063 -0.100665247838053 -0.0491341572950552
0.0346533249474669 -0.0203589573263998 -0.192426885110287 0.00280900876115937
0.026609207213492 -0.0444700278229865 -0.181959380355437 0.121117933783586
-0.00243836102591151 -0.0582445862835903 -0.0976507726082141 0.18678534739787
-0.0328800829693219 -0.0531611034894752 -0.00819395685950962 0.184797825859862
-0.0457336216095752 -0.062156959160487 0.0628523068010154 0.148151974621154
-0.0542595688305061 -0.0571916462452011 0.110602995054957 0.101570068552793
-0.0552323653641865 -0.0818473182818808 0.143390347809119 0.0820057034796075
-0.0101807040196493 -0.107147069402015 0.145095428504113 0.0782326041690174
0.0313724088115472 -0.0997399036683039 0.147808783562915 0.0744008869394481
0.0751534325784413 -0.0735508978525763 0.145842075179465 0.08415565190229
0.124468160415251 -0.0407534100130904 0.157439836173921 0.096158111299124
0.148149288868207 -0.00237857509372484 0.212504049991093 0.0827814855679916
0.156336949217321 0.0586016784736344 0.099893428758002 0.108021608788879
0.146861990239695 0.0330971370848216 0.026173251231921 -0.0420149481392369
0.110379381227243 -0.00787810211794671 -0.118354461450712 -0.0640598516567063
0.0973677737018798 -0.0601347342308926 -0.194760766126867 -0.00635397854536558
0.0628463673028411 -0.101518494049171 -0.173198097831954 0.100918654327639
0.00675094531735883 -0.118877762628436 -0.102178007431287 0.153851617203897
-0.0444327314475244 -0.107769390014001 -0.0271893783136673 0.150589958452865
-0.0619736107376802 -0.113226242901062 0.0390316437688178 0.117306926691155
-0.0729293989442096 -0.103842083273392 0.0842311447029801 0.0654733953300159
-0.0722650201356638 -0.138310552890188 0.127084111038977 0.0396478995842412
-0.00931589870876821 -0.17414913153904 0.150160082851176 0.0340437240645028
0.0553857044313807 -0.169858301456103 0.165267717103978 0.0501505481506341
0.137321372717261 -0.119617032217712 0.149175244622075 0.0773282914372427
0.205373872176587 -0.0421346545535761 0.123385722213365 0.0897094099441717
0.224444700202456 0.0187096426269729 0.141206080054709 0.0626589201017117
0.194827382906089 0.0936802412531532 0.0331040752153974 0.0621685603210647
0.214653939090521 0.0640199989859639 -0.0171137443609176 -0.0787741828402362
0.184628498339103 -0.0131250585838068 -0.137871295999195 -0.0839762915734833
0.149898854792803 -0.104777637024917 -0.19006568346837 -0.0194458976575661
0.0860916262921328 -0.154162176339132 -0.155597118292552 0.0689450371267777
0.00987333423509466 -0.165551949660105 -0.101270021763512 0.103628584126796
-0.0524400412634973 -0.146223562497815 -0.0474907953062828 0.098509699489628
-0.0689244503016534 -0.146495753405028 0.0103499785132529 0.069566628654206
-0.0778866451112496 -0.13609318036164 0.0512316558587526 0.0177524320439074
-0.0738576976768749 -0.174435700460386 0.100223289633775 -0.011809322188413
-0.00341536589628112 -0.21412654371459 0.142956012668503 -0.0169148846660836
0.0742888407374593 -0.211845259156843 0.174332786578575 0.0220840234022013
0.179392649911244 -0.144047173467075 0.146986827399345 0.0705000227368314
0.255437672485141 -0.0332265946190059 0.0820844872475962 0.0897267994323521
0.264191512440088 0.0401318742311667 0.0554906266921474 0.0392369405099632
0.206132169871076 0.108705211035261 -0.0494371823765428 0.00850139931589628
0.250283692030775 0.0764301307227411 -0.0767503543745553 -0.110540701473301
0.227924161018683 -0.0243233628866724 -0.155604958411062 -0.0990873749014563
0.172837432389514 -0.139806665981792 -0.175331038264673 -0.0347833600879975
0.089742686243352 -0.184807928044699 -0.133378441779547 0.0224308600906061
0.00573957775315692 -0.186462932892818 -0.101877744270187 0.0398035634490398
-0.055451366042112 -0.161986545721707 -0.0698162221340443 0.0369486669673939
-0.0644140438182129 -0.158658314171808 -0.0179381274928752 0.0142990118944591
-0.068523670482354 -0.149268971276367 0.0180983409848674 -0.0365199258836724
-0.0561142140309607 -0.187164026089558 0.0717719650713454 -0.0653227095028463
0.0168928927834648 -0.220950764894034 0.131311365021285 -0.0660535482553524
0.0961151268382833 -0.212324841118334 0.175932479768209 -0.00263635535922817
0.202465032482297 -0.132570552540345 0.135493307881916 0.0645894393570722
0.268449568456029 -0.00661341500835341 0.0373538828587156 0.0858772213653156
0.260779807939659 0.0644758880885319 -0.0291396659546997 0.00848766631376979
0.184170723999033 0.102432006854163 -0.136295292733303 -0.0404344099477769
0.238006068673019 0.0717926349683728 -0.139789247418414 -0.123433723424056
0.223443305239523 -0.0321384197823988 -0.165767526042739 -0.10219230184707
0.159715502688294 -0.144859524520474 -0.152937918630483 -0.0491171079210328
0.0749774905806676 -0.17941564424072 -0.113353155117971 -0.0300395814306197
-0.000317679719054021 -0.173931953754727 -0.107449790179972 -0.0261381807092636
-0.0511606812319493 -0.150190195327794 -0.0914190246494243 -0.0243861775778353
-0.0507575350321699 -0.146765790526426 -0.0423012057702431 -0.0431486840846177
-0.0474720547597893 -0.141981529953586 -0.0058534547904757 -0.0903341492691144
-0.0255606997655984 -0.174655790733006 0.0542013249871911 -0.114684763344897
0.0427230178071705 -0.193226158386964 0.126469517656085 -0.105695173225594
0.114087901390914 -0.174146430426261 0.174848359573092 -0.0190551945955161
0.200378185379354 -0.0872859511062683 0.119877934529733 0.058854756797337
0.24252282787629 0.0322818521541093 -0.00344877594909635 0.0715675257631139
0.217852925860044 0.0842431819324152 -0.0989207378827724 -0.0305875982998466
0.127773824385704 0.0819849770280516 -0.21179516763012 -0.0723791055739525
0.178041815164349 0.0594173261705014 -0.189885677310555 -0.115814291811209
0.170913125329622 -0.0269318268186536 -0.166591908564423 -0.096987029368177
0.114825194931176 -0.112367288437849 -0.130275652576639 -0.0617687480018593
0.0496172765273771 -0.133892811367441 -0.103180217104917 -0.0750595870956473
-0.00157639659732763 -0.127322421575165 -0.118403600257649 -0.078944874440792
-0.0353140222196578 -0.114192746007426 -0.110888712105315 -0.0750341191773492
-0.0292145940047019 -0.113950513406077 -0.0604811211190072 -0.0919917822540326
-0.0220527671795853 -0.113071536456292 -0.0178850982772885 -0.137750679410829
0.00390681050319686 -0.135677737249112 0.050974988266198 -0.155232041503847
0.0585150034469249 -0.138214910970939 0.132787252251827 -0.132866795011326
0.11451871622092 -0.112125289361057 0.17518861560188 -0.0267871239366021
0.169256535534692 -0.0309436018410505 0.105934438444488 0.0501267158754723
0.181660630887988 0.0650104193841935 -0.0294410412795709 0.0459491574663468
0.144945230351475 0.0905446441385376 -0.143027166425748 -0.073113742738036
0.0438962775625009 0.0559091593559269 -0.259341824373474 -0.0858557053222705
0.0860557144034888 0.0487967104727444 -0.21319190991707 -0.0957324761533328
0.0907782830664495 -0.0037008359554386 -0.160356129586709 -0.0915215112796904
0.056655244160346 -0.0503718210576155 -0.117858741128277 -0.0698430009648989
0.0255875480265989 -0.0582711857784789 -0.104920158030924 -0.0997164180610532
0.00658262247640222 -0.0586993815878793 -0.129265164032694 -0.105524543699886
-0.00912416256523919 -0.0604308495736796 -0.12077561139404 -0.105187357286661
-0.0036221222157696 -0.0627254697016146 -0.0686469760211969 -0.125582886905831
0.0016682375046581 -0.0657643703916279 -0.0169258245464412 -0.171583437442831
0.0196017900859861 -0.0767833595393886 0.0614657560611968 -0.181880346428565
0.0495216053192243 -0.0709809977311086 0.146768506710798 -0.145469041298223
0.0854893885003403 -0.0519748460730104 0.178396805447921 -0.0297400838252087
0.113057624273629 0.0101480656911004 0.100127207342061 0.0402867990805576
0.100703707055522 0.0714955216511134 -0.0340422215667875 0.017599725760561
0.0564023299307895 0.0749348098887313 -0.155783030468806 -0.111570588782369
0.0275643840464966 -0.0273508996082389 0.140205805306379 0.153081816055229
-0.0124419345872148 -0.0471149681605218 0.0761035381381965 -0.00332921157126607
-0.0389305154303202 -0.0185061475856749 -0.0751066664875728 -0.0662339277916078
-0.0241014815510877 0.00937351323107337 -0.185340304922997 -0.0273326288282854
-0.0110403059556277 0.00777962984961491 -0.197673785934393 0.0951966054458467
-0.0105029809202691 0.00177639442999587 -0.121342229367501 0.178277929116714
-0.0160372449123857 0.00435844375065751 -0.0293629724612417 0.192553161751556
-0.0220977936420746 -0.00698811951755127 0.0441684388329772 0.167527984606131
-0.0259141206045635 -0.00493136080187837 0.0961526906469178 0.138557931431541
-0.0294738844885799 -0.0153668020616004 0.118555016115311 0.129877734855682
-0.0123871943903538 -0.0260513236858895 0.105067307253184 0.125167130969085
-0.00417862383513318 -0.0207791192139872 0.105203462416484 0.109118209861272
0.000918235313697987 -0.0276673889297117 0.11971805070194 0.116500529023114
0.0315531712314281 -0.0389092794575658 0.155996382359247 0.145348651213555
0.0511495086508191 -0.0170375823111653 0.234899100248396 0.151494535018278
0.0872937653049719 0.0297796249323433 0.117924663311815 0.153647760945713
0.0619191525745639 0.00131445665791855 0.0574224114369135 -0.00521323152085114
0.0310678594169479 -0.00561668792640279 -0.0848655290578425 -0.0654527531050328
0.0375467058498623 -0.0147429325780118 -0.184689098247402 -0.0330282898848947
0.0345750289492144 -0.0402879553446195 -0.197495909432261 0.0834416410702371
0.00912743250102254 -0.0583744589290377 -0.128762809546383 0.162112722733898
-0.021029369854793 -0.0567325634979414 -0.0430637479830259 0.17672631436842
-0.0331914656340057 -0.0703310200347598 0.0318638067416491 0.153815154087263
-0.0406317633684236 -0.066374736708452 0.0870341833207445 0.118271202473408
-0.0368318182346688 -0.0898896862267514 0.122145811035076 0.103894259872295
0.0115900048522875 -0.106203570124493 0.124837632185545 0.100385622303374
0.0518426514796885 -0.0895219089876017 0.127091827252243 0.0991767234397118
0.0904818377829412 -0.0550700496718855 0.125376761735242 0.109070047253862
0.12987972491418 -0.0146629656507986 0.135921305082516 0.1275949343514
0.143033003677502 0.0277523422947521 0.19406035160106 0.126567437085526
0.13346300259269 0.0855384773495603 0.0783003617967905 0.12328385538741
0.132796279521336 0.0560335831426707 0.032865668258279 -0.0324108747310202
0.107559385202188 0.0121402395112166 -0.0989486255723355 -0.0801836488795711
0.103257782514812 -0.0402692078817834 -0.184012557425494 -0.0404458624801607
0.079410866575809 -0.0879777161207525 -0.18570252931714 0.0660024783079089
0.029223994779183 -0.113450540514399 -0.125739026572077 0.130093012666859
-0.0221184285834603 -0.11095348443056 -0.0548954327118483 0.13971448719488
-0.0397756954095327 -0.122453436660224 0.0149219101437974 0.119206587684346
-0.0501257903181492 -0.115352828874544 0.0688213923259605 0.0781568841148595
-0.0428867623001269 -0.146350847176718 0.114541680651643 0.0591464091041245
0.0248427001425688 -0.170546933207831 0.137423397458998 0.0556503360780302
0.0884526352610635 -0.15135944596595 0.150342357454812 0.0770617267403706
0.160315022088869 -0.086184115962846 0.131973067013593 0.102248339390153
0.208645944661411 0.00103587887561128 0.104418214729137 0.11604201705776
0.212665629703793 0.0638484169149807 0.128444659965195 0.0922305953270421
0.164634012711298 0.126098461628525 0.0228527967001885 0.0675474410251301
0.192881136884423 0.0975788477007818 -0.0041463179632472 -0.0735564819727721
0.179697410110871 0.0209394680438325 -0.1139525389668 -0.10159631272583
0.160022957218975 -0.0723721005070283 -0.176427112792447 -0.0517538678750445
0.111029907164308 -0.132568710524561 -0.163097797662708 0.0387379710088533
0.0407482286316724 -0.157309843801757 -0.115083670787031 0.0822844281460629
-0.0233530413354574 -0.148472534640275 -0.0643590455151773 0.0855404950763225
-0.0404371553591974 -0.156106945760849 -0.00273229001576794 0.0687048669487388
-0.0479319377933102 -0.146322605855562 0.045863806343088 0.02531234779534
-0.0370045826004164 -0.180866133117366 0.0985265686453259 0.00371059957586531
0.0388926253767158 -0.206534539786439 0.141324350749043 0.00347261205016753
0.114207228283935 -0.186660268236752 0.166393250326425 0.0502425106587802
0.206669036978933 -0.101590746194316 0.132773229327651 0.0943192986197335
0.254415317430072 0.0201614602472808 0.0655473970541003 0.108215906226735
0.245723391740118 0.0929900003749544 0.049093127907437 0.0508957127329946
0.17355620658198 0.141484620694063 -0.0473338058080074 0.000398595099085168
0.224883496830316 0.115102101152509 -0.0562704468389324 -0.113576336604041
0.223166964869341 0.0179807952125982 -0.128417647694013 -0.116940201043249
0.18817222785024 -0.100557436801779 -0.158772987321807 -0.0633710379135094
0.12001274274478 -0.16025052363683 -0.133054563035553 -0.00203636730348194
0.0406838401396887 -0.176844713257351 -0.103525124660965 0.0200926890811071
-0.0237733679485596 -0.164017702793386 -0.0732932072696069 0.0209748838104682
-0.0333614272912063 -0.166047033151655 -0.0194454708179183 0.00916536025309877
-0.0366483229748489 -0.156476563252604 0.0253947455180099 -0.032950884489506
-0.018237765861977 -0.19006978809549 0.0823656608100016 -0.0523239334343735
0.0590244648906773 -0.209505117680762 0.139927442283594 -0.0462564849283373
0.134019451756765 -0.182492972073039 0.173301234294749 0.0260246675594699
0.225278396213276 -0.0851598763952185 0.123914382596504 0.08589829076445
0.261488518612092 0.0487372476497819 0.021325022791972 0.0957221395589564
0.237089802590488 0.115134932010098 -0.0284599279797914 0.00299239700483249
0.155004121063786 0.130898823320052 -0.122249566083367 -0.061796574567461
0.214326193129165 0.108351190013691 -0.114156004872221 -0.137839837525011
0.220547429867556 0.00982248400353905 -0.13795921429591 -0.121841015397392
0.176599333372854 -0.106861123684956 -0.133946818308737 -0.0733854054069844
0.104787341625032 -0.15663129889477 -0.103653512369337 -0.0491678414129049
0.0330841062944452 -0.165490055744274 -0.0967535850046898 -0.0449746709954986
-0.021662086740826 -0.151332964141534 -0.0837892037557375 -0.0420677643266454
-0.0223792512094532 -0.152005323819491 -0.0324887879767268 -0.049674970648847
-0.0175200993201962 -0.144143988151163 0.0121718321395511 -0.0892483592350842
0.00816778917355658 -0.171195630953018 0.0746528278000424 -0.102472707182658
0.0787387488935988 -0.177144532292582 0.143699189675736 -0.0841291614692201
0.144379467798037 -0.142282110861459 0.176475048890583 0.00983275420286507
0.212999029718763 -0.0413434717705988 0.109729471173325 0.0780974046426123
0.227353680860076 0.0807814821447987 -0.0160637949754254 0.0734755330887385
0.191338286619479 0.126246119257212 -0.0894080935733364 -0.0494887492442899
0.106081632743364 0.0997104657723266 -0.190559871676311 -0.107243981519341
0.160808093493727 0.0860384169400156 -0.163626676951829 -0.141389795780863
0.169271660378994 0.0051344893921059 -0.139138175226007 -0.119384499942382
0.128835138807074 -0.08472608568586 -0.109946883132818 -0.0817382797322878
0.0724104511680006 -0.116905651778094 -0.0854069853734998 -0.0909249079674593
0.0226867331743518 -0.120794849769368 -0.099080658231754 -0.0985436618994568
-0.0138109754307735 -0.114045134594309 -0.0920800803525868 -0.0946475924412246
-0.00820456561522822 -0.115628465126442 -0.0400643007020267 -0.100185115059375
0.00106861432715959 -0.111519277787303 0.010069186959777 -0.135881477351784
0.028230171763896 -0.128360083799567 0.0805261451760743 -0.140525818958488
0.0825992757100309 -0.120388240506825 0.154837416066825 -0.105568694902055
0.130334060275895 -0.0830721846706247 0.178321702123664 0.00498798128837039
0.170064139658531 0.00649452306996932 0.0969372678877369 0.0679518001466576
0.16156735437741 0.0997005978991509 -0.0373101416473681 0.042818998576167
0.1197349179247 0.117591691058928 -0.124156111898385 -0.101253983873676
0.0330522476372611 0.0590121126037296 -0.234765980898818 -0.129226189493253
0.0747542357422721 0.0594578719837193 -0.188191876284624 -0.129406984933066
0.0894651251124716 0.0122343920759127 -0.135041743069493 -0.115462527912991
0.0635999880766829 -0.0368583710722417 -0.0977954770846217 -0.0882187176878375
0.0366351577324687 -0.0494811627786688 -0.0830107861328459 -0.115219479078986
0.0187957845302222 -0.0530923845055609 -0.105666226058809 -0.126317531557927
0.00200833465002518 -0.057789132933226 -0.0970857958343093 -0.125920712278734
0.00797724489442596 -0.0618604892296979 -0.0406567946125923 -0.133978745663029
0.0142290840570727 -0.0614850973421337 0.0175446931484017 -0.16812159468147
0.0320508612599331 -0.0692731039975529 0.0948177384021094 -0.161622814147109
0.0615487252105894 -0.057380614085394 0.170635920271192 -0.113538474822186
0.0908452394013611 -0.0320031008246052 0.181059479386746 0.00497406014452817
0.106929172344416 0.0340113771850907 0.0926253695566535 0.0583557221783364
0.080773168555538 0.0894249921761726 -0.037276226210802 0.0136955009296774
0.0372450510549225 0.0842428353743283 -0.129318362525039 -0.141239593388091
0.0269766284162472 -0.0270444397998889 0.139270173979988 0.14657006349423
-0.0138799886979817 -0.0467174969786855 0.0755639451551023 -0.00669939152564584
-0.0387616041309617 -0.0175855972440863 -0.0735452331551103 -0.0641323178458992
-0.0232741569625579 0.00921367032706719 -0.180264197074761 -0.0241452673918094
-0.0107570240195146 0.00690284084936764 -0.191415658289565 0.0968557512382381
-0.0103988362122209 0.000926842704505658 -0.114553818298631 0.175721700719051
-0.0154303646997258 0.00385023539844579 -0.0234519143659563 0.187397870939588
-0.021907293571182 -0.0067366396254118 0.0475742915846621 0.162396154454572
-0.0250946858491273 -0.00522974405002566 0.0976794492463632 0.13296346065398
-0.0288013751593658 -0.0146817734707637 0.119432732433511 0.123721629212451
-0.0125954385166665 -0.0258412328762725 0.105279767144318 0.121541370092835
-0.00413152687561201 -0.0202182613965258 0.103241098055335 0.105999454731525
0.000812721515551938 -0.0273771517102846 0.116745836319926 0.112698470922246
0.0299894545731438 -0.0392263810069208 0.15274550334095 0.1396821626377
0.0496986928384279 -0.0186941260906334 0.231797495157713 0.142517877370519
0.0853052454203962 0.0273163540453452 0.117369316113001 0.146867257739997
0.0601065715998975 -0.000703559606502619 0.057742794866089 -0.00839755386741376
0.0295677450045023 -0.00623468407363506 -0.0825097280242423 -0.0633222317931124
0.0354145951120021 -0.0153046943290631 -0.179857658627331 -0.0293238244114383
0.032314100553966 -0.040558414794279 -0.190700726212982 0.0850156334263414
0.00719150128451821 -0.0581316625097534 -0.121662888272886 0.159678029635911
-0.0212738666900623 -0.0554258827071752 -0.0369473547158935 0.172785764484938
-0.0348241511406134 -0.0681313675350214 0.0352283272917551 0.149551124441802
-0.0411721047771436 -0.0645955806325107 0.0887272473609933 0.112749808555669
-0.0378149250485941 -0.0862797343046288 0.122655049045516 0.0982243012426448
0.00832862320388049 -0.104512450409699 0.124212290306024 0.0962191234927477
0.0488697101971331 -0.0890945069173995 0.12496093530943 0.0948078354768924
0.0880112211882856 -0.0561858711072531 0.122349527673738 0.1065449166794
0.12697133388726 -0.017447480338183 0.133313498434601 0.123039840781405
0.139677704892049 0.0238019696129174 0.192932658512224 0.119275132549709
0.131730227591248 0.081442699207872 0.0783730228551978 0.117520683940874
0.131056419603078 0.0512300627360057 0.0336191500695749 -0.0344123822245382
0.104895880194698 0.0103288859257961 -0.0958397270180681 -0.0774670067724508
0.0996820002888079 -0.0419024471284176 -0.179271734874466 -0.037749951144678
0.0746668245008403 -0.0877538087548062 -0.179145537325597 0.0666208605954066
0.0254320838680931 -0.112366416483665 -0.120211282642978 0.127638010253311
-0.0243322420326729 -0.107946504109268 -0.0497801370981132 0.136835292837461
-0.0428531994447241 -0.118648029807487 0.0180707681601003 0.115916985991771
-0.0514446148577386 -0.11241878131578 0.0692358075723609 0.0741837405853275
-0.0451485778532009 -0.14129593037897 0.114300036807914 0.0537926014901204
0.0193378777158182 -0.167647912798332 0.136649731324486 0.0516099963102085
0.0828918001711959 -0.150434591103704 0.147650364057209 0.0724693978219268
0.155443519632422 -0.0879057705128391 0.128931825470493 0.0990449032296879
0.204373901060117 -0.00341796889765908 0.10309070443171 0.111874031870961
0.2079116915447 0.0577222273615578 0.127288061720641 0.088048400868907
0.16232606238975 0.120341028740004 0.0233550413148115 0.0641736967787232
0.190826426300555 0.0912360334288631 -0.00323105578382102 -0.0743111270156811
0.175697240166827 0.0174822753531063 -0.111047116287813 -0.0972375320685365
0.154228273302575 -0.0738846205552961 -0.171984795779186 -0.0478243992696354
0.104914916466429 -0.132380691362634 -0.157250585911962 0.0389803698361961
0.0354239909802577 -0.154877218448393 -0.110371576732819 0.0810477801781143
-0.0261911322772495 -0.144252547919114 -0.0609567742884797 0.0843985119090243
-0.0438171132681586 -0.151196643934542 -0.001127237867228 0.0659621419134071
-0.0507650491664388 -0.142353483170054 0.0459836601257291 0.0236142792278211
-0.0413745999926039 -0.175695277218186 0.0977373633673509 3.05640472056872E-05
0.0318346493905089 -0.203802860905256 0.138678350214851 -0.000103910705694465
0.106247502665924 -0.185053264022202 0.163836084054984 0.0450899370951679
0.199263679003724 -0.104100442938233 0.129412439528752 0.0907799117267363
0.250433356913958 0.0135267412784176 0.0641935794266513 0.104186109749585
0.240326188542571 0.0853027339810522 0.0502998653728292 0.0491956700457398
0.170871247133437 0.13549237589684 -0.0458363540010429 -7.16482020285233E-05
0.222708139706233 0.107408881400096 -0.0542915303548451 -0.111765640553171
0.21880210367298 0.0139566150206561 -0.124829325405208 -0.112301434000825
0.180779957293903 -0.101772532319244 -0.154163161842823 -0.0595848405665891
0.112891633183112 -0.159763340968807 -0.128255560541823 -0.0022826005775634
0.0354896456169802 -0.174175514222804 -0.100697532413083 0.02034278044092
-0.0268322909301905 -0.158622985449449 -0.0714671699072863 0.0224958149373193
-0.0375852555055351 -0.161428495824829 -0.0185449374625479 0.00845569348473288
-0.039590467774667 -0.151542666266804 0.0241621550652583 -0.0330057391368137
-0.0225417991534887 -0.18386609713739 0.0795704629634736 -0.0542410779217505
0.0517015858908729 -0.206146488228101 0.135905010412096 -0.0485474123854065
0.12585662319364 -0.181477631953781 0.170597808119031 0.0210337768218813
0.21822714727856 -0.087917260052375 0.120953903977521 0.082497722258417
0.257339847887058 0.0411745375146886 0.0219128138474234 0.0929097475305302
0.232297661966143 0.10741554044363 -0.0259587071675972 0.00474379118034928
0.152096431206641 0.125158823454342 -0.120510393505965 -0.0598469646526092
0.212438551294571 0.101069356609952 -0.112456728607186 -0.134043306820452
0.214885758351244 0.00572441990101018 -0.134452760425796 -0.116572502028801
0.169536918556026 -0.108529760755415 -0.129643833917938 -0.0701406375040193
0.0982554341429806 -0.155809552780764 -0.101135827089214 -0.0485857902423497
0.028514867585874 -0.161901323143985 -0.0970224970574091 -0.0433061759026326
-0.0243988344472692 -0.146413725292644 -0.0829864579639424 -0.0388921563793834
-0.0265289020716351 -0.14772379014414 -0.0325250894151197 -0.0487557666401991
-0.0209601410285163 -0.140391762989743 0.00989781095521079 -0.0879537777624864
0.00274158260392761 -0.166710502269284 0.0711983886316031 -0.102624558417482
0.0709308440267184 -0.174850991944091 0.138408634959824 -0.0852426320271246
0.135650421061942 -0.141729239006198 0.172933966215412 0.00604000999677516
0.206551741247165 -0.045359625197084 0.106719615235037 0.0746366467750812
0.224088328692896 0.0738129214080687 -0.0154022518920266 0.0720744617566574
0.187296429467993 0.119184158544276 -0.0871730811851513 -0.0454374085059559
0.104611587809994 0.0954477324403204 -0.187434207927999 -0.101478662623523
0.158631578297254 0.0807334693533866 -0.160173670190699 -0.136514879358818
0.165548349173239 0.00217490589528471 -0.136617922751165 -0.114247929073718
0.124153562795993 -0.0849672856878083 -0.10654005668749 -0.0784909407268902
0.068026241705379 -0.115668746666388 -0.0841744503604567 -0.0897484633785044
0.0200187507571349 -0.118099813532182 -0.0998298103447409 -0.0947526519021176
-0.0156635392920458 -0.10998488284145 -0.0927316818616448 -0.0889868682404868
-0.0112628641755013 -0.112675059887309 -0.0411077192941488 -0.0974455624075085
-0.00168906895511999 -0.108350617244858 0.00729872744004066 -0.133718687374793
0.0243833273353631 -0.125430571984556 0.0754493642636952 -0.139064990842986
0.0756796341708424 -0.118811951342035 0.1491061884037 -0.107397256434934
0.124051599886711 -0.0836274666342229 0.174653733192432 0.000154830026213339
0.165309470946661 0.00219570335116299 0.0948293781113772 0.0647052933293189
0.159717110688248 0.0933095222316135 -0.0360689525361925 0.0434668061363864
0.116778042845468 0.112684216709654 -0.120898888142389 -0.0945832957926091
0.0321753855679779 0.0566477100496875 -0.230685541265473 -0.122492444335474
0.0741319137770543 0.0567853919464825 -0.184737723436784 -0.123759158025764
0.0868961050139242 0.0102803906898468 -0.132292598077483 -0.110212873983063
0.0611653972904346 -0.0373802828886094 -0.0944523524690702 -0.0854259907957874
0.0342224340592289 -0.048931405503341 -0.0829096529618757 -0.11315799882911
0.0174786600561035 -0.0523207266419007 -0.107394293787684 -0.12181501964968
0.000900448866548201 -0.0561746142586096 -0.0981891650064606 -0.119194235158396
0.00556168774283603 -0.0600500206693174 -0.0427199697881069 -0.130332537340838
0.0123485504880975 -0.0602632235621361 0.0130612575464307 -0.164331152528729
0.0292268348923251 -0.0684232879445693 0.0885510992274164 -0.160200157979109
0.0575626384262475 -0.0569884143763661 0.163482826908568 -0.11403847973496
0.0871205595276511 -0.0327403963281976 0.177369777805473 0.000863401852225087
0.104476587653807 0.0314394666226424 0.0903938227863675 0.0551519975137696
0.0803551532184986 0.0858767905475841 -0.0358070275713412 0.0144555051893797
0.0369706038415064 0.0817156563409408 -0.128311744274212 -0.133258643571101
0.0270253718857853 -0.0265503642464698 0.136884543584079 0.141272883683673
-0.0145108930324988 -0.0459302952047037 0.074648573066317 -0.00953792919041769
-0.0381399357969169 -0.0173606346186428 -0.0712615805560622 -0.0639250723606911
-0.0230646258307268 0.0090171725933436 -0.176081177538856 -0.0228091752567235
-0.0106372115372822 0.0062756157635121 -0.186858440884716 0.0969565170782308
-0.0107835448914403 -0.000171354404761456 -0.109415203608555 0.171743900716118
-0.0152176797041593 0.0022619715752063 -0.0193881645100299 0.181381268114497
-0.0220407971605059 -0.00733481880960528 0.0487289167151663 0.158191718767897
-0.0243588195685623 -0.00603551428910771 0.0972408724583971 0.127562615196089
-0.027421216210235 -0.0142170102646767 0.118670811838477 0.118961122628967
-0.012515686195286 -0.0252205085018849 0.105454407388249 0.119099654110901
-0.00395841084537442 -0.0204941693894672 0.100459810477811 0.103228152173983
0.00174292681826621 -0.0267875484533914 0.113529264241557 0.111408126362098
0.0293977092631575 -0.0391360754647078 0.149553769172014 0.137398884949313
0.0480561063604329 -0.0184468291993373 0.22745620041418 0.136913321972559
0.0833122903767062 0.0269127622784552 0.115792267767832 0.14161134662523
0.0588138382486592 -0.00200952644802497 0.0574845356566825 -0.0112543452202824
0.0284035822645936 -0.00593192122670535 -0.0792644133896753 -0.0629387554759299
0.0337546587293624 -0.0152882294447788 -0.175369438684146 -0.0288372797278659
0.0305483655338225 -0.0402199282096207 -0.185936430085274 0.0839087813209857
0.00579164736587747 -0.0575580870671738 -0.116925822598709 0.15625367003799
-0.0213934258341638 -0.0545614677686044 -0.033456432550822 0.167131135085036
-0.0358735711729889 -0.0667642639905536 0.0369396056591672 0.145089727393044
-0.0412437870874978 -0.063334633980414 0.0879414553143238 0.10854443051518
-0.0380077052979785 -0.0835196137714568 0.121277518542414 0.0934361993658781
0.00633318826423628 -0.103096952040429 0.123894950147274 0.0936008973621058
0.0465011963296042 -0.0884355914449181 0.122352842756992 0.0920921673780144
0.0857903255249773 -0.0556574823556596 0.118679963010844 0.10500291621342
0.124930354558203 -0.0188081179163284 0.129990750944443 0.120552128326187
0.135705865049538 0.0216018651032049 0.190165586199619 0.115434336711085
0.128703557530178 0.0789265459146703 0.0775142155415089 0.112949983175632
0.129009782294519 0.0483807294629886 0.0341979613434861 -0.0364563297293836
0.102162439707864 0.00916944056184828 -0.0917604337177614 -0.0751983535187297
0.0959435465541519 -0.0414983584810459 -0.175002883957029 -0.0367182296133164
0.0714985975157779 -0.0869462878578671 -0.173912016794033 0.0653105477457994
0.0225454302385032 -0.110496359770624 -0.11594245987228 0.124565070418099
-0.0245881173610007 -0.105169310354401 -0.0465741361907782 0.133985737568558
-0.0442747515539494 -0.115765998457527 0.0189670193678083 0.112252653925395
-0.0519056319614494 -0.109548145629154 0.0690177140880976 0.07115295842294
-0.0460618116630733 -0.137629026098678 0.113115423684152 0.049819577272565
0.0161365701089179 -0.165364882956203 0.135087495298445 0.0497643029364528
0.0793216850970749 -0.148569464074004 0.145551559895344 0.0698575312962569
0.15115076072826 -0.0886121013341384 0.124904005675306 0.0971702673946441
0.200956267071215 -0.00619390670004489 0.099881270426289 0.10855213443178
0.202394944972914 0.0542670121527262 0.126297971336817 0.0849592014878194
0.158457178941755 0.11753530151548 0.0232754107497134 0.061221642897545
0.187363424006531 0.086291125002574 -0.00146402587689718 -0.0752775525488328
0.171756237492021 0.0159787860547958 -0.10642361448885 -0.0951714454226717
0.148921877818942 -0.0738058912606939 -0.167618357406741 -0.0476101844867137
0.100109115127608 -0.130584248589386 -0.15269996117638 0.0370821694906261
0.0330751974549993 -0.151609948875576 -0.107355265447278 0.0781035537325175
-0.0268858431367171 -0.140535679414149 -0.0588124119953073 0.0832157724478947
-0.0461072349572715 -0.147171494013377 -0.000360856928378499 0.0640976816390278
-0.0519098389976569 -0.138895484735469 0.0447474155764713 0.0216891533693437
-0.0425082105559589 -0.170504718119058 0.095518724540258 -0.00279881172821778
0.0271340074946514 -0.201453204792095 0.135805074373717 -0.00149419545840613
0.101197181599281 -0.182980031368066 0.160673582704415 0.0419679896082432
0.194572287769495 -0.104340303413161 0.125629701098176 0.0889822019867119
0.245834726529357 0.0106068155587449 0.0625718095959599 0.101637267973742
0.234148757615068 0.0813133038479818 0.0506328026735 0.0482388983593187
0.166673404096763 0.132181527994211 -0.0446547488406332 -0.000886184655481561
0.219333313924793 0.102380588679006 -0.0526190673934564 -0.110857855753146
0.213629305528195 0.012039334698344 -0.120537298970058 -0.10933273384043
0.17527098887111 -0.101286682630646 -0.150000701882114 -0.0591127576080475
0.107525984625024 -0.157747309334804 -0.124232236852081 -0.00313269884936516
0.0319778950325357 -0.17060555590156 -0.0993753261520512 0.0191983106317974
-0.0281255996762843 -0.154507621429791 -0.0698816088019075 0.0234604617755975
-0.0401951933587374 -0.156940140329874 -0.0172080761688928 0.00723525113517517
-0.040720955395814 -0.148249468481221 0.0231882438269003 -0.0330726835406965
-0.0248511195172503 -0.179557115876538 0.0778504588804193 -0.0553450165785333
0.0463759626361259 -0.202954295232902 0.132804751082325 -0.0494307264862047
0.11980357148533 -0.179557423991732 0.167220818193641 0.0183943348411598
0.211939811281959 -0.0893389173239735 0.117061638167602 0.0809086315669095
0.252266933995323 0.0367589113354813 0.0207304564632802 0.0907151014052297
0.22601837836981 0.103067317431398 -0.0241380430788141 0.00574644528036583
0.148149600988613 0.121464487918462 -0.118027115407348 -0.0586439119502824
0.208524868983776 0.0966811170005468 -0.108720542160914 -0.132289484814878
0.21016970297379 0.0044712192231235 -0.129807504066697 -0.113149350156754
0.163741514252057 -0.107167497167559 -0.125526655582695 -0.068396463170426
0.0932273042511235 -0.153292409213917 -0.0985745254306494 -0.0496287988940591
0.0255959130303487 -0.158239966047041 -0.0964603994667615 -0.042374855801953
-0.0254859732241892 -0.142387222640479 -0.0819985956445642 -0.0358766570790046
-0.0286061588272842 -0.142976615789988 -0.0318627317265482 -0.0483303046537764
-0.0228026508306523 -0.13666035159981 0.00960334905069218 -0.0862442147629378
0.000439876562625275 -0.16241683079709 0.068215199578885 -0.101966971739129
0.0653858920946746 -0.171200570316998 0.134522000451835 -0.0855622445289205
0.129755858288525 -0.139242997737121 0.1696589917118 0.00346244283067185
0.200928399707457 -0.0467946999198747 0.103307364622328 0.0724542009055223
0.219880848741607 0.0687722184262193 -0.0148338481652098 0.0711524167886205
0.182290007296749 0.115454026798735 -0.0838270953257531 -0.0420924755311332
0.100946977735851 0.0928020148372558 -0.183033154546435 -0.0989342479591707
0.156164106234994 0.0766449094507582 -0.155597090003315 -0.133353866162506
0.162211869579279 0.00143187790395014 -0.131536806640636 -0.110383493426279
0.119509525368869 -0.0845360988165994 -0.10305955526044 -0.0774041113802589
0.0641330151547226 -0.113726459758447 -0.0828974886191297 -0.0892820383867339
0.018599657809967 -0.115138264727522 -0.100191924042682 -0.0922650503386158
-0.0163078291865862 -0.106467906875529 -0.0921196605814921 -0.0845885637602643
-0.0129654129889364 -0.108841537931813 -0.0409806115001106 -0.0958749064097796
-0.00340246488961907 -0.105616304404788 0.00552757383001058 -0.13128659006522
0.0215383814002003 -0.122009428196426 0.0719747612392785 -0.137166862295248
0.0721535031834088 -0.116420846545308 0.143829960475996 -0.107026629297163
0.119029964487653 -0.0825982258838503 0.171216369959971 -0.00196856460315074
0.160678624639344 0.000786435892186197 0.0915880543431549 0.0628143692647187
0.156678340947085 0.0894066290766734 -0.03520690390207 0.0426111481620442
0.113871936981487 0.109262438763185 -0.118279137391282 -0.0898112487402612
0.0305945865984295 0.0552699054222164 -0.225580283160675 -0.118505448143425
0.0727034344028338 0.0551934358450522 -0.17928967153526 -0.120807430610569
0.0857591675835927 0.00968043611130512 -0.129063382854232 -0.107241948708345
0.0593776119705829 -0.036947299810751 -0.0914124439413094 -0.0840066978643254
0.0327225079029341 -0.0478444934344258 -0.0824246760688882 -0.112170766604807
0.0161633718351808 -0.0514212326358879 -0.108270770157545 -0.117748931559897
0.00103104177552419 -0.0536902313679026 -0.0980960335273857 -0.11442096393656
0.00415716131359383 -0.0585370825310431 -0.0430183395244875 -0.127911461900798
0.0116080689604897 -0.0586375941550203 0.0108554313755524 -0.160363331680815
0.0272460237687555 -0.0662539048172016 0.0847992387853087 -0.156673740943574
0.0553715858589893 -0.054915957564446 0.157906826644887 -0.113228497913026
0.0838916256725969 -0.0318317429928594 0.173293933086026 -0.00126452600790219
0.101605078944963 0.0299192621092003 0.0876526909432136 0.0533636981987813
0.0790384512787991 0.0827587927360649 -0.035613101192129 0.0156833164270748
0.0352739715613144 0.0801006622019373 -0.125031940542523 -0.127204582546933
0.0266059521541285 -0.02616288166737 0.135176487636074 0.139602530396944
-0.0151700548965606 -0.0452974058683866 0.0742215498838781 -0.0111437158991219
-0.0382616551183446 -0.0163475163965296 -0.0693723760026552 -0.065265656401239
-0.0234332468430367 0.00876776785138131 -0.173783847329716 -0.0236277973119863
-0.0106161793708359 0.00565085140859457 -0.184590719268767 0.0952912021109373
-0.0119141991975089 -0.00109902521995973 -0.107874804826569 0.169212745792771
-0.0145921487357296 0.00131889718511053 -0.018811914356925 0.177575250026154
-0.0218511022382609 -0.00728178772522076 0.0488977854421585 0.155927022920261
-0.02432713638442 -0.00676255308235544 0.0972331860917459 0.125575408197226
-0.0268781642973789 -0.0140819396209903 0.117951465380401 0.117723170964258
-0.0123819542263107 -0.0255566940199982 0.104852871043633 0.118937305169808
-0.00376848170703463 -0.0208418782508077 0.0982560766371142 0.103601749744302
0.00227415233872042 -0.0271667362457793 0.109574533677935 0.11239444803889
0.0289822305163632 -0.0389491025218964 0.14522696683955 0.137846100859415
0.0469240173900226 -0.0179556069487146 0.224243076439765 0.134730432763651
0.0825634652307173 0.0272228467735329 0.11431797203743 0.139847767134698
0.0574781867841747 -0.00221379543120108 0.0582296956876694 -0.0128817405141138
0.0276610661331114 -0.00569352566386944 -0.0767328352211272 -0.0635019306569881
0.03304532963854 -0.0151870948004176 -0.17262659511025 -0.0300375038788947
0.0293198035698784 -0.0400504672713072 -0.183646186414882 0.0818104015760019
0.00460480204612637 -0.057850369314368 -0.115346587702361 0.153457660561788
-0.0214839784790166 -0.0548725311680939 -0.0327339464034831 0.164341869064693
-0.0363487600785984 -0.0657418679173614 0.037078919714925 0.143035795872905
-0.0414420579969847 -0.0631492938819855 0.0874795316112246 0.106186336382598
-0.0377380204210839 -0.082496287579278 0.121038539041381 0.0913905815216766
0.00570814859396581 -0.102643474656453 0.122836281085128 0.0933011563894764
0.0462682626274593 -0.0877411578709844 0.119853640057373 0.0920431202918558
0.0858194202063316 -0.0557119698120108 0.114962813067958 0.1056282195006
0.124261974800925 -0.0191914715688995 0.126853899505867 0.120401175903608
0.132813475598393 0.0214913852127081 0.187804455457322 0.113601049996914
0.126732070433668 0.0788795430637149 0.0759880710321362 0.111063698905696
0.127092084486046 0.0471874343312743 0.0350350213323931 -0.0381907423252371
0.100454938754971 0.0100500513944299 -0.0886703324440379 -0.0765427728235893
0.09411299421285 -0.0409739552668312 -0.17199383380121 -0.0378801775769735
0.0699557612537082 -0.0862720369289063 -0.172224036293518 0.0629824473220962
0.0215880381106461 -0.110072433688196 -0.114387463207507 0.122332706928547
-0.0246850623268758 -0.104427931895532 -0.0462020800951248 0.131142872331979
-0.0449744338346738 -0.113914522398704 0.0192412399204828 0.110130562699881
-0.0516909949036532 -0.108755834788299 0.0684052809305159 0.0695293384965298
-0.0455774392281506 -0.135742309260703 0.112322101514956 0.0482428732166112
0.0149308518057968 -0.164254495221045 0.13380554946509 0.0494463873644297
0.0773216434774522 -0.147354803991173 0.143310416407403 0.0687049457156
0.149968231867299 -0.0876483564710931 0.121537827277643 0.0988075821797034
0.199572327677645 -0.00680095584497421 0.0979483518441003 0.108726037977894
0.198204814034091 0.0538521951178774 0.125450458444531 0.0839059257160925
0.154790008763751 0.117844171498887 0.0228409406589833 0.0595343743082622
0.185381375203458 0.0853177951566465 7.73780974147356E-05 -0.0765258738040298
0.169700331116952 0.0166948469563941 -0.101681261001429 -0.0953316630104007
0.147050733700035 -0.0730690724181344 -0.164176511457371 -0.0489762540855041
0.0975284479089501 -0.129604719084905 -0.150437009567415 0.0344492515031123
0.0317692048141827 -0.150567026652393 -0.107166904502814 0.0758675176562006
-0.0268370808289152 -0.139156262747987 -0.0578087672619259 0.0822787918246781
-0.0462113311848266 -0.145486037467595 -0.000150174772374972 0.0622172365905658
-0.0515025068013226 -0.137470723941516 0.0446969444952283 0.0206232057556207
-0.0418547580667482 -0.168452026919443 0.0952316617345469 -0.00432328293653789
0.0254925474766885 -0.199395389760693 0.135213605968096 -0.00184505334249072
0.0996259668770509 -0.181748095272282 0.158725319130934 0.0413440998271777
0.192110522776348 -0.1038773517209 0.121887944626209 0.0900429614981161
0.244105751911712 0.0094080012707542 0.0600316728510562 0.100813163657508
0.229060621164209 0.0815444952483473 0.0506932247630407 0.0482229939477417
0.162862619355294 0.132161896633206 -0.0440203700772303 -0.00272798627893803
0.216868252913507 0.100612032897673 -0.0495946555201754 -0.112781194273278
0.210874748521414 0.0129287841426304 -0.115650769703513 -0.109382318836258
0.172772606051554 -0.0997856816603282 -0.14680422017539 -0.0603316427553643
0.105872128794361 -0.155976166890375 -0.12245581642067 -0.00610721397029722
0.0313168504454903 -0.168763486813111 -0.0990468595822986 0.0175787802074974
-0.0274806756759376 -0.152040079839453 -0.069416358290153 0.024170585659938
-0.0410003534733128 -0.154442442356067 -0.0176108534149304 0.00647438095200081
-0.0405010428571969 -0.145956543314296 0.0224448013264721 -0.0334874713500971
-0.0252541858313604 -0.176927014132923 0.0767438864547244 -0.0563833006256552
0.0437299310758709 -0.201109681740912 0.131536829111278 -0.0492332753229272
0.116686052436101 -0.177005780215698 0.165452054142408 0.0171622719393309
0.208955311339371 -0.0880455534015523 0.113450782659347 0.0817270865077818
0.2499231369728 0.0360356613533232 0.0190673780280066 0.0900584584054179
0.221247798399572 0.10221165493346 -0.0230237751010469 0.00565868946497502
0.144494033416909 0.121440718781919 -0.11523832719647 -0.0594864950126329
0.206529796652004 0.0955331916404115 -0.105351420729662 -0.13371679772712
0.207750518200091 0.00519032189152449 -0.124738355755104 -0.113602431983777
0.161572778514528 -0.105428171895319 -0.122481938621427 -0.0695570246734752
0.0914941895961639 -0.15176134509158 -0.0965018539895311 -0.051443859963418
0.0250203269643127 -0.156911639339004 -0.0962895326968838 -0.0426695055976705
-0.0250408458756689 -0.140238949294516 -0.0808712373944537 -0.034422972174699
-0.0295347160133569 -0.140843146273073 -0.0318102611253756 -0.049350854904022
-0.0225123373054918 -0.134604467302281 0.00910164309403589 -0.0859041372738691
0.000281756441310607 -0.160070453607392 0.0674229042795901 -0.101964904776779
0.0640102029138481 -0.169414786575096 0.132718708337791 -0.0849589976493591
0.12704290803728 -0.137226761214788 0.167785677076096 0.0025941010618018
0.197863970132831 -0.046276484129571 0.100634793331305 0.0731214325950736
0.217365339601458 0.068103170000729 -0.0159203763153781 0.0698251129363128
0.178198038682455 0.113971905556397 -0.0810863932141662 -0.0407644587302152
0.0983076948186094 0.092240659712652 -0.179906440919614 -0.0998721455104424
0.154399078177171 0.0755380381988872 -0.151633762485035 -0.134429152246789
0.160312126334762 0.00160282223774367 -0.128301446899921 -0.110221151070933
0.118077341744408 -0.0835038399955433 -0.0993470174769698 -0.0775402782377607
0.0631732090963896 -0.112588872101413 -0.0816345947576258 -0.0910469864162253
0.0180133880539146 -0.114338075842111 -0.100337090940453 -0.0912908812097647
-0.0163162930339731 -0.104769650015752 -0.0918961664739161 -0.0827277467640133
-0.0143513894394256 -0.106926199091803 -0.0410076799519455 -0.0955281831255396
-0.00376234402854749 -0.1038587867628 0.00528569551337012 -0.129864847038885
0.0205998277611807 -0.120384210799257 0.0709586187415087 -0.13598313593501
0.0701634881174867 -0.1140036751471 0.142000365363307 -0.105388160531545
0.116703711869299 -0.0810212747740478 0.16899405280356 -0.00249099515517955
0.158253488549377 0.00120343007435098 0.0888191100116327 0.0627749325554044
0.154356562792985 0.0879730970500726 -0.0349752015158151 0.0425168313613374
0.110986864590229 0.10870352928402 -0.115205779724707 -0.0875049952914712
0.0286095828466223 0.0550133266197942 -0.22105790044387 -0.117992764760564
0.0719495439234201 0.05444446066663 -0.175358862854587 -0.121619768535003
0.0844569149362076 0.00957785881154504 -0.125334938374467 -0.106961039628846
0.058692359591481 -0.0364257684419587 -0.087994667274027 -0.0842554712534544
0.0321297384801871 -0.0473169892816235 -0.0814534446310217 -0.11290971596451
0.0171424240422345 -0.05047957377715 -0.108486475547208 -0.115808219530547
0.000986458773917144 -0.0530058834975614 -0.0976591829029696 -0.111956089242586
0.00286073635609528 -0.0576271830633443 -0.0428395531643255 -0.126623427001257
0.0109435988867276 -0.0574040520659715 0.0103962713380459 -0.15879249640284
0.0267060677286502 -0.0647921324818063 0.083200186382123 -0.154049673451786
0.0544750913870372 -0.0536536093452791 0.15526849167406 -0.110970045604086
0.0824244159654665 -0.0310565646814462 0.171740727520201 -0.00172079002901593
0.099644511040347 0.029273116825185 0.0852064049464657 0.0531472920887625
0.076981912233209 0.08158879339816 -0.035102339655945 0.0157776912300394
0.0343632640869249 0.0798283238319131 -0.122287100810341 -0.124109027816409
0.0274370847280167 -0.0261939423793411 0.135848764192156 0.141017685140412
-0.0156175654754748 -0.0461391300473383 0.0757640503486832 -0.0129193555633641
-0.038687490282208 -0.0166141396682678 -0.0688232389662039 -0.0672683684714315
-0.0236082131671248 0.00883997905193617 -0.174418458689125 -0.0256671086636759
-0.0110531313164758 0.00614721539133402 -0.186435676887116 0.095765078088676
-0.0124297500411171 -0.00155237680786882 -0.108860329711166 0.169653757358775
-0.0155065422689455 0.000520113484891013 -0.0180863528002803 0.176646560961341
-0.0219799077519934 -0.0079031262482888 0.04976943859758 0.156830099053314
-0.0246600893394856 -0.00735076373973165 0.098121517282524 0.126109891474857
-0.0272260226662085 -0.0139912713328172 0.12039648021706 0.118262624569535
-0.0119339355676421 -0.0264415701377934 0.106023489942361 0.121084911625351
-0.00356463793119658 -0.0211200362913888 0.0972760826924601 0.10572069568527
0.00288984405790459 -0.0276193638957699 0.1079391407195 0.11579616026014
0.0296029630087498 -0.0404077081753156 0.145478765746797 0.141720006330537
0.0463354737311792 -0.0176721291965442 0.226043784409694 0.136679549834589
0.0829420484014609 0.0281188587348306 0.113835056304733 0.140850999052959
0.0573162325404237 -0.00228146126692185 0.0592948360857722 -0.0152996459913223
0.0276323163396328 -0.00515749945167817 -0.0757201661616495 -0.0657042801013541
0.032665528913651 -0.0149831599714619 -0.174481772143113 -0.0325534901852045
0.0291432670862056 -0.0408391421002599 -0.185039033577132 0.0806995068942941
0.00350383416322509 -0.0586321735038292 -0.116770969251524 0.153414148865772
-0.0218556361415393 -0.0558225261089567 -0.0327201519726845 0.163987773826208
-0.0373259632463248 -0.0665869748186246 0.0371383191593897 0.14390972966992
-0.042190330781221 -0.0641821686204119 0.0881719062583085 0.106150383025541
-0.0375170134390272 -0.0833485346499159 0.122639549077016 0.0919129192572636
0.00529249165717843 -0.104055290324508 0.124704735539506 0.0953281003071104
0.0462780676517289 -0.0891849217925108 0.119886880162822 0.0939465482994322
0.0869901047637585 -0.0563898696648027 0.113550086635893 0.109680920088384
0.125300959805259 -0.0197516560880795 0.126300864769125 0.123747923547177
0.133334156700512 0.0224004903649909 0.189208877575523 0.114896435433672
0.126749720753823 0.0816660267963313 0.0759390339906639 0.111343711648938
0.127961916963291 0.0471115597267825 0.0363588667618628 -0.0411499955839371
0.100735014434085 0.0108271014654365 -0.0867288958832498 -0.0789462833076375
0.0944139447103323 -0.0411206991496833 -0.173513512490345 -0.041655027062129
0.0694669030073008 -0.0874954604684252 -0.17345639930245 0.0615836685673057
0.0209570838495492 -0.111338238678212 -0.115678226752657 0.122062754655694
-0.0249197437356151 -0.105724188357041 -0.0465324882970225 0.131741577470822
-0.046246612577124 -0.115136470265782 0.0193675550492461 0.110544636016096
-0.0527003306793817 -0.110248603009966 0.0691519190684719 0.0693486350902372
-0.0456627648828144 -0.137358923816166 0.113543743061943 0.0471878913847632
0.0139677874319664 -0.166439808165776 0.135991587900382 0.0498715255001253
0.0781970385234374 -0.149231637776675 0.143778768121033 0.0704384659877989
0.152172939077154 -0.0891719279728803 0.120070036583163 0.101379904725767
0.202598440279339 -0.00758158039454019 0.0966212323070964 0.111330110946069
0.198621424263951 0.0550173554367102 0.127584997954569 0.0850708723787963
0.155098008237901 0.120506494021907 0.0224319869283376 0.0588737687912057
0.187739321371451 0.0856321056898876 0.00165586924173041 -0.0797271102263634
0.170817040949367 0.0186131013202518 -0.0995520186284508 -0.0983738668301686
0.147843342781259 -0.0725410582481598 -0.165562671130963 -0.052119308195978
0.0975210875713807 -0.130981884381836 -0.151847009042486 0.032140580157419
0.0308006271496141 -0.153059955148598 -0.108860780346067 0.0752502258210285
-0.0268547350040936 -0.140202177318624 -0.0583806256918 0.0826839042473236
-0.0477422436264802 -0.145723722507471 -0.00042293791279719 0.0620118826480563
-0.0527405089826545 -0.138950946768024 0.0451699346618703 0.0198456020951527
-0.0427380799742722 -0.170460953152961 0.0961276057781467 -0.00505144099653256
0.0241145247992974 -0.201710411156589 0.136918961816653 -0.00134098350423203
0.0999484515719557 -0.182438928968484 0.159952476525516 0.0419414981302141
0.194316818651017 -0.105018397122901 0.121146532479929 0.0930666790345194
0.246888396071672 0.00948240536923684 0.0592790130976415 0.102271975200197
0.229439389049198 0.0824568502391796 0.0521628987331255 0.0481039283353206
0.162402579887712 0.134998721522186 -0.0448629984003458 -0.00401290104494932
0.218636990124607 0.102249750501833 -0.0483360028217531 -0.116782803406153
0.212870620875588 0.0147911343193156 -0.113355445075113 -0.112066816233677
0.174239919810668 -0.100432945541607 -0.147150930277803 -0.0629848560734162
0.105797600744559 -0.158135526338005 -0.123340138404955 -0.00901698682137423
0.0307507670630193 -0.171339725158061 -0.100939324305825 0.0164075189000502
-0.0276898905785866 -0.153286455544676 -0.0702217376967042 0.0244438953213604
-0.0421812475542694 -0.154853183632248 -0.0180791951642692 0.00521566537046461
-0.0416807117486032 -0.147642725001577 0.0229348491425303 -0.0349193915126994
-0.0251795817018048 -0.179043377031748 0.0774288470069198 -0.0577858595142478
0.0432212533881133 -0.202808258987239 0.133112766551564 -0.0495234023822306
0.117600786004602 -0.178650791761096 0.166953170141692 0.0177600658769754
0.210166918469381 -0.0896784324828074 0.112561172583186 0.0844424539352061
0.252245964888668 0.0366733778281465 0.0181042846275516 0.0911537551858021
0.221085905125542 0.10494208054118 -0.0221550500186898 0.00616910295850979
0.14317043690674 0.124336095544638 -0.116599461299847 -0.0619491266384189
0.208415872164883 0.0958437482055118 -0.104889614543791 -0.137179356510112
0.209536583767889 0.00593675569459538 -0.122915983959551 -0.115986585832562
0.163154282934502 -0.10634850831618 -0.121757071141036 -0.072757590870896
0.091877246543908 -0.153292409550948 -0.0970193653710824 -0.0549804160422011
0.0249740647150966 -0.15885339599127 -0.0984108054998964 -0.044380213067405
-0.0247325647055929 -0.140817720078544 -0.0811769006359988 -0.0337342035797924
-0.0305930019937239 -0.141044770701536 -0.032336723661696 -0.0505310819338379
-0.0236496580198174 -0.135673225013266 0.00914334797228166 -0.087513082197572
-0.000657983984393394 -0.161299533624376 0.0677521003467644 -0.103748287753708
0.0628003261300616 -0.169955064094725 0.134726800546168 -0.085401634441917
0.126835121639645 -0.138155074741262 0.169309971517748 0.00294008810371176
0.198600437244792 -0.0465098976072921 0.0997028786958551 0.0752507929853713
0.21889339308624 0.0688249765313556 -0.0173217578567591 0.0708173694269478
0.177013240131233 0.116407341358134 -0.0802306395982446 -0.0407552963837409
0.0962318854565001 0.0942710103443274 -0.180722790523639 -0.102353097204146
0.155315703898019 0.0764292346191694 -0.151086296660349 -0.138805168911766
0.161789861261778 0.00227389674414575 -0.126007949881943 -0.112527912774241
0.118807031576012 -0.0840527240593128 -0.0981447932792469 -0.0806861286088714
0.0632825784883168 -0.11377864935104 -0.0819503876103757 -0.0943508619294688
0.018108155004457 -0.11557804860608 -0.102709839888177 -0.0923732608318964
-0.0157315910664896 -0.105195104327198 -0.0918942368217491 -0.0819432764734082
-0.0146852537533134 -0.107230536059997 -0.0410453072396475 -0.0972301126699493
-0.00433739667811346 -0.104293596540757 0.00502498593205301 -0.131585334791393
0.0206776853699347 -0.120549882107983 0.0712029273122089 -0.136862846458835
0.0701899859414543 -0.115161238506982 0.143471786399262 -0.106041432542491
0.116926054227779 -0.0804599602105947 0.170758357473954 -0.00330163484159213
0.158774686277222 0.000683815244750641 0.088072748223384 0.064958010110905
0.15478706612975 0.0893856544412854 -0.0358697552028092 0.0426279926904793
0.109718922280765 0.110767586097285 -0.114442545702809 -0.0868818201307531
0.0276044037081697 0.0559635637558217 -0.221680337982068 -0.120909761805584
0.0726504793821015 0.0550379250504605 -0.175654149167368 -0.124904056369416
0.0854016053389605 0.010092193851052 -0.124540130393987 -0.109250920727114
0.0591556669153981 -0.0369370643317015 -0.0867016489907585 -0.0871151438685395
0.0325123680690977 -0.0476394831401023 -0.0815820596683106 -0.11596469931657
0.0177398837143523 -0.050837269595783 -0.110988213683433 -0.11651206586849
0.00123293701979617 -0.0526597446672576 -0.0986575938564179 -0.111817529669448
0.00254194287144785 -0.0572410912853944 -0.0439680282418454 -0.129045082547772
0.0107813175897091 -0.0572190703525407 0.0106543474584146 -0.16062464321438
0.0263739161836795 -0.0648240906312037 0.0840337680319917 -0.156006212970713
0.0550147990383287 -0.0529933680840133 0.156131063327017 -0.110627744554599
0.0828126737735535 -0.030934676968494 0.172995853887941 -0.0016201542335652
0.100292327387941 0.0295529509819778 0.0842494206379097 0.0546468868869587
0.0770749702156234 0.0830084605248401 -0.0357467321823822 0.0163010797531064
0.032976242654612 0.0808111627078332 -0.121746802287279 -0.123934744895917
0.00940526073750041 -0.0378346109939467 0.195258694089598 0.0279971838067598
-0.0397555506763814 -0.0280158539607549 0.0505210461696885 -0.059792215364973
-0.0417779273500237 0.00926917547139224 -0.0996856379490056 -0.0131453394450329
-0.0143281617474573 0.0217494054961013 -0.16024032250751 0.0878761362147196
-0.00505639182942477 0.0117097112909848 -0.0919485413706788 0.192332089893262
-0.0107784240544829 0.00651183341323346 0.016887088392279 0.204332650270464
-0.012235971957698 0.00874902352490512 0.0956350995811363 0.155065102259058
-0.0238988606678466 0.00750911655521683 0.138665971143512 0.0960818572360136
-0.0242105793806623 0.00920459274781334 0.158461389860597 0.039676013629878
-0.0300861340878556 0.00454080812653872 0.172782485631144 0.0211612172627524
-0.0251503687190278 -0.0142928125314574 0.16304085342745 0.0321606565774366
-0.0146958903138965 -0.0160310796907083 0.14556430980686 0.027495342934393
-0.0130624854873155 -0.0263842941001222 0.160970390124565 0.0288659703497087
0.000741693000405325 -0.0526935644782583 0.212526428923852 0.0241665800689458
0.0306687494283999 -0.04269121139334 0.273622989513916 -0.0318415090948186
0.0871768034519814 -0.0234291164012304 0.180083381038128 0.0369747214397363
0.0446487235850623 -0.0355617846193324 0.0390224439544785 -0.0530494359761678
0.0188725626414753 -0.019481154818752 -0.101789148166496 -0.0110400411009086
0.0168541979320696 -0.0296413852284299 -0.163798832400046 0.0781445504995058
-0.000670791083654046 -0.0500156292162827 -0.100855188328056 0.178372220011217
-0.0324655898798849 -0.049271574216699 -0.000360983411537856 0.194512484346855
-0.0516660655893135 -0.0324906296591914 0.0747504170154921 0.15429726008554
-0.072326749095179 -0.0310063614530133 0.120067250478323 0.0929374722206675
-0.0746000774189841 -0.0269102823929532 0.139107437863205 0.0297940536744312
-0.083663591157571 -0.046015123341388 0.158700883320101 -0.00208418659701713
-0.0612317093630787 -0.0903351055509143 0.160942741309189 -0.000523701933727764
-0.016476029216094 -0.104240845269046 0.155863760876491 0.00384480154083764
0.0400547333286043 -0.105560690668367 0.161279629444232 0.0207173435836526
0.0934528329199436 -0.098117833171503 0.184691622393875 0.0242335684542468
0.128890492094961 -0.0654197600875484 0.226664752917005 -0.0234457119492902
0.15383816083202 -0.00354541363201348 0.13390494888235 0.0328148778827948
0.129587375832196 -0.0366769202148826 0.00803139505781413 -0.0608926942431531
0.0882370872704279 -0.0499732697896203 -0.11619550580464 -0.0175760698320299
0.0514332187306348 -0.0859654861469409 -0.167936042145103 0.0669572589948337
0.00404243756622252 -0.111080051667651 -0.104435064915209 0.153733039047428
-0.0508039195522237 -0.102295805142476 -0.0196510162049811 0.166398138684075
-0.08408735600097 -0.0701495445246444 0.0425658881816252 0.135727415005722
-0.1098672442108 -0.0643709869334416 0.0844405008553495 0.0773530917578908
-0.112472255129519 -0.0571004831114963 0.100752183860944 0.011512230208468
-0.124246377761368 -0.0851314260113362 0.123238122748906 -0.0330938091198027
-0.093789406686962 -0.147797570297535 0.140927182537839 -0.0434409193883483
-0.0271620580409206 -0.174767033748784 0.16061151651762 -0.0305394788408777
0.0741044273176692 -0.175152204330692 0.160723090489968 0.0105344482709774
0.165873902870081 -0.137873631923559 0.151644718485747 0.0361390183942818
0.204045806307289 -0.0804316109487529 0.15308151276798 -0.00590662556265856
0.199449333220685 0.0133987251760154 0.0603355087348483 0.0207797331009376
0.199376540269241 -0.0402956098808455 -0.0414476986221044 -0.0716047461757554
0.149620906595093 -0.0852813172081996 -0.136031122661752 -0.0287668979493217
0.0758943505108991 -0.142614217130044 -0.167779411373374 0.050967899484028
0.000939000338177552 -0.163386933199432 -0.106179829532583 0.114268168132434
-0.0676883275861519 -0.141577736310052 -0.0433729946905281 0.123397744900765
-0.106771498767564 -0.0965258559717581 0.00221603033670941 0.103185381792334
-0.130279189283654 -0.088399148413093 0.0383375971591931 0.0500714429046192
-0.130013616539773 -0.0813598997545535 0.0499720698623315 -0.0135425774503034
-0.143026588915345 -0.113368577124071 0.0754658843670027 -0.0650194571234183
-0.108944017057687 -0.183657062775535 0.108416975308091 -0.0860197019800066
-0.0311014360785346 -0.216346223133178 0.155818186961459 -0.0634692647498265
0.0987603644600603 -0.216124340064438 0.155526028680856 0.00355631493227261
0.213883078691483 -0.152746741771874 0.114559297019774 0.0543476639068754
0.246300575458877 -0.0776368237905634 0.0661836187571854 0.013947008593794
0.213319902112292 0.02225353160442 -0.031905582368737 0.0104039838874337
0.234429172896194 -0.0449757894724509 -0.103322512794649 -0.0716594335348543
0.181512730301306 -0.113705923582976 -0.154218045759513 -0.0346070809622823
0.0815009771019984 -0.18005060058751 -0.159832272108994 0.0278123093292513
-0.00885807603117357 -0.190112611991416 -0.108819250433975 0.0630578874418927
-0.0790288348418153 -0.15663459492043 -0.0738969898106473 0.0706843532244232
-0.115570669370206 -0.105961043569743 -0.0436572136600334 0.0635866965956093
-0.131258146182201 -0.0996201003882274 -0.01160234092732 0.0153238980560605
-0.127097209926456 -0.0957950050144062 -0.00198136361673474 -0.0434082926835731
-0.134438698810237 -0.131012797843099 0.0271364129654256 -0.0960706417982752
-0.0944006122945103 -0.196187576443582 0.0746374929176604 -0.123190971583154
-0.0139053718081096 -0.223541290169713 0.145901991933708 -0.0888211814782754
0.122901352988098 -0.213319055600265 0.142933048853706 0.0010554701573867
0.235384601055623 -0.133648976970235 0.0726175253805962 0.0717222931576736
0.252772039255585 -0.0539469537354189 -0.0222811408917445 0.0259697284293975
0.190958853585501 0.0237421052050351 -0.127551250646773 0.00916396662942736
0.22235775176857 -0.0435467196939405 -0.162078344210714 -0.0528703499389236
0.173697464321578 -0.118277868029333 -0.164968093635704 -0.0314054245505241
0.0692936662516663 -0.179380561254106 -0.144977307437841 0.00438090020909523
-0.0177127854294776 -0.177528930737959 -0.116122985898585 0.0102170737271095
-0.0764597236756712 -0.14340822460132 -0.109112485162338 0.0209703914965059
-0.105161787837854 -0.0976564789954089 -0.0896782254670978 0.0228358013655754
-0.113266021310167 -0.0953544611594381 -0.0580828707415564 -0.0210344186943118
-0.104667874645639 -0.0973791920974483 -0.0468521800840863 -0.0770052827115444
-0.102888458156876 -0.132276664913299 -0.00916678829744547 -0.127772693062499
-0.0563940071440475 -0.181698162411817 0.0532140173509834 -0.152849959715513
0.019963454958271 -0.195580084146197 0.138470065383256 -0.102932185856746
0.139926419499402 -0.168745883153009 0.126136475855452 0.000855067350421332
0.227151635080083 -0.0840718080614358 0.0306605766734971 0.0765800580399648
0.223294552819721 -0.0163077441412882 -0.100672961532537 0.0228903599406842
0.133568296842768 0.025554168732598 -0.2047022745449 0.0189979172976253
0.168068191937109 -0.0282069387089476 -0.20198826538406 -0.0234588755430217
0.131879173436043 -0.0931891620139928 -0.166865607845626 -0.0248753285277991
0.0463805341269758 -0.135963789402326 -0.130823662994671 -0.0144131270564998
-0.0169715145204243 -0.128326258128663 -0.127143408742658 -0.0297416510698643
-0.0549729944927746 -0.104165814817159 -0.142166130949891 -0.0138377532301164
-0.0765408119323569 -0.0742696383824797 -0.128435274897219 -0.0093753298960497
-0.0789160248658445 -0.0771078774688184 -0.0946346985197801 -0.0535630345900219
-0.0690066330124691 -0.0834752886542079 -0.0777463699597696 -0.110487000404534
-0.0601400862700192 -0.111846177051003 -0.0266421669462259 -0.156304042528365
-0.0147036147118436 -0.140022552252312 0.0485787442176979 -0.175020035792062
0.0477413519147761 -0.140810030857019 0.136671678022612 -0.109225802997399
0.136598819091951 -0.10203897485175 0.110051870002696 -0.00154853367801651
0.185931935160712 -0.0251505907659307 -0.00352357034618441 0.0641331853842264
0.162449339542692 0.0212434690668516 -0.156708072853587 0.00444706094166105
0.0531959559705518 0.032374856870604 -0.251221803086142 0.0346258090436791
0.0887008855547685 0.00319915009848488 -0.214682100845374 0.00434100093377286
0.0742434951052316 -0.0424640961011776 -0.164792334239456 -0.0187205053568013
0.0254266725169093 -0.063436122417833 -0.124484496580004 -0.0235303160737285
-0.00270002981150376 -0.0564298882322359 -0.139479714759427 -0.0458576728451613
-0.0165915438185414 -0.051152529741013 -0.162482118915674 -0.0264994502231783
-0.0311304755419907 -0.0422545338081933 -0.151340379994872 -0.0290251243019886
-0.0334933953877005 -0.0477786655785285 -0.116018235113494 -0.0777092779009247
-0.0277958302378336 -0.0547685375112892 -0.0922443954203091 -0.136657042946335
-0.0197210797122042 -0.0702613540691339 -0.0279327552146729 -0.179121152887849
0.0122992935624521 -0.0799434373877362 0.0560898331494229 -0.187179269400874
0.0504232478667337 -0.0780293701731057 0.139134521754164 -0.109387775985062
0.10564318064579 -0.0396534124403535 0.10093449012757 -0.00784692323034242
0.116568059544741 0.0205687755137204 -0.0206371851987329 0.039809308486756
0.0786044119857972 0.0457080748535572 -0.183029439508224 -0.0231683605385648
0.00835200901916891 -0.0398374196179711 0.202455046461054 0.0206726316076675
-0.0418958598973742 -0.0274622761544236 0.0487031479004222 -0.0663128305933943
-0.0422740661237888 0.011574771699527 -0.103855866344091 -0.0106338261500984
-0.013763025153211 0.0230738949929973 -0.162256142776795 0.0968227099305481
-0.00469937453188217 0.0123660670663452 -0.0869728881932724 0.20211130486328
-0.0111896650506654 0.00792418870930145 0.0258423821854636 0.20957921962728
-0.0133226736471902 0.00952838130723685 0.104051259823677 0.154616896839633
-0.0250385434972955 0.00858556187603796 0.147368612452632 0.0923078112256407
-0.0252154947807761 0.0104233984103876 0.165766776509229 0.033840818344882
-0.0308587442662857 0.00538685676631026 0.180298175835124 0.0141313037059163
-0.0268696522621012 -0.0143482400222519 0.171467244451561 0.0272238334773606
-0.015869278558259 -0.016702330239909 0.151135153587174 0.024407999896319
-0.0146129065329078 -0.0278080237538434 0.168138364016661 0.0263170235602927
-0.00313620361383776 -0.0543237831561394 0.220541616499065 0.0178272119417828
0.0301264727634341 -0.044608175347816 0.279865195802634 -0.0444498412701899
0.0894289006864966 -0.0273903271353596 0.187824997101823 0.0298698698538936
0.0440986071053366 -0.0382574203346825 0.0373389635847803 -0.0584190632817513
0.0191195888606048 -0.0206920341432725 -0.105620163775554 -0.00951917708139634
0.0163909415374031 -0.0307526354467141 -0.166812770052772 0.0877050456388889
-0.00292642490951815 -0.0513955073116842 -0.0974022490394467 0.18727394100384
-0.0362825113224101 -0.049235459380813 0.00761591852733888 0.199995316471751
-0.055701550070914 -0.0310373970302074 0.0834542748111923 0.154313730945006
-0.0766609842085332 -0.0282918565124474 0.127322296235458 0.0903056575040322
-0.0786325047896487 -0.0241818074623981 0.144808711383011 0.0242673464974446
-0.0877660014600721 -0.0435873285246238 0.163683000044705 -0.0101931675941111
-0.0673119531701641 -0.0906134391841196 0.167094633611304 -0.00730124384854692
-0.0209351632361399 -0.107382671224014 0.161280980998688 -0.0012133235050067
0.0367745571304578 -0.111486010172967 0.16776397042686 0.018284985319223
0.0920528104568178 -0.106187748774324 0.192375019064139 0.0196322245303464
0.130051746305596 -0.071047210156062 0.232037875640634 -0.0344093020129783
0.159797216454027 -0.00853812743095501 0.139068845420858 0.0281626098242717
0.132220070166391 -0.0433317696734664 0.00487048114105196 -0.0650647769700093
0.090030938438222 -0.0542401329384625 -0.119617640318798 -0.0163791547588015
0.0495675673388786 -0.0903488653829857 -0.172051767912232 0.0758002099307123
-0.00130797282351297 -0.114178421822784 -0.102481953470552 0.162586156820156
-0.057650680671074 -0.102933102594914 -0.0150372887535173 0.172670205562648
-0.0903771666314606 -0.0687628861469144 0.0502053092907215 0.138130846419064
-0.116759355706875 -0.0608216638640729 0.0900293139397666 0.0755362423108497
-0.119215712363569 -0.0543267829515905 0.104008348438963 0.0073268020547058
-0.133032672304128 -0.0824630731661885 0.124951596523134 -0.0401562997389963
-0.104630551527036 -0.147972868994793 0.144115962163245 -0.0516709831217093
-0.0362616903265768 -0.178980561585507 0.163965550415784 -0.037209993520091
0.068544188203411 -0.185415545180226 0.166347214258862 0.0074975362035944
0.16517471215679 -0.150454679275002 0.157959291406595 0.0324649420973344
0.207194764089791 -0.0893567766806138 0.157784629678515 -0.0129676570400244
0.207982364302846 0.0077361311521083 0.0618316638726548 0.0187707533616902
0.204592371508661 -0.0505304203386991 -0.0466788453102833 -0.074320027414582
0.151997999016277 -0.0938195258178455 -0.140355482754132 -0.0273296268432584
0.0726357126954417 -0.150335510651658 -0.172600944711561 0.0580508593103613
-0.00700272071576737 -0.168099005982603 -0.105947943325253 0.121622671672612
-0.0777101653534334 -0.142687825061278 -0.0409076287301027 0.129400119408485
-0.11492813412749 -0.0952635275421445 0.00735030371745862 0.106832718450479
-0.138979597197604 -0.0849763873034709 0.0412039771524483 0.0497870035213153
-0.138830776837112 -0.0779599629649064 0.0504275602577806 -0.0167292859818036
-0.153236973354663 -0.110422734389446 0.0739078921954428 -0.0710210757614146
-0.121335181959046 -0.184214210161777 0.108977344747663 -0.0936382004560002
-0.0418434484564455 -0.221716102944112 0.157852645708711 -0.0717555268511549
0.0924617965647707 -0.227890904139173 0.161062023243315 0.000415373881873994
0.215273437734714 -0.167882095717371 0.119679023669524 0.0530679599504588
0.251681356032501 -0.088169216386957 0.0692906892420475 0.0105710877284338
0.222256360917858 0.0163565916186164 -0.0341456550513102 0.011411257567251
0.240575824002567 -0.0568821713498272 -0.110782732051597 -0.0713286498258095
0.18362711101286 -0.124521897293332 -0.159308173334321 -0.0325955532645575
0.0762929373389711 -0.189369957038494 -0.164739933592593 0.0334170755833237
-0.0185412733218967 -0.195161746573493 -0.110586791827346 0.0681588468374394
-0.089614257733101 -0.159025670806091 -0.0750612877084376 0.0765349264792837
-0.123616092992794 -0.104809251548541 -0.0418003086287029 0.0669387487465631
-0.139691358279435 -0.0962917516185253 -0.0122039723270404 0.0164890233953386
-0.135008809367554 -0.0926828579805203 -0.00496516159096415 -0.0455587873789039
-0.145749117107467 -0.129345438703044 0.0225025735391153 -0.101082933183229
-0.106560145318656 -0.197928163498021 0.0722324483156522 -0.130098329888759
-0.02381620609877 -0.228782086752247 0.146267287297152 -0.097412379767915
0.116820121613174 -0.225476386376145 0.147722316550515 -0.00239829504506059
0.237155327487185 -0.148735403937163 0.0774344585515293 0.0726223418100508
0.258340534300484 -0.064233952125621 -0.0208599235931254 0.0269341821745184
0.198244182005956 0.0190328394259498 -0.132014827937605 0.0135628921548537
0.227764376017802 -0.0544968116038198 -0.170787896261466 -0.0496420025208927
0.175116181716159 -0.129062186922657 -0.169844240721885 -0.0291540438473982
0.0631790236034421 -0.187568055987385 -0.149746486484075 0.0082010244249043
-0.026919895073695 -0.182222476714463 -0.120456030781198 0.0129049378019311
-0.0858237401226028 -0.14425289966403 -0.112549985994431 0.0266142917090399
-0.112984818801848 -0.0967978751386437 -0.0902036417340336 0.0280825706430174
-0.120848472000192 -0.0929506724152539 -0.0616993300822574 -0.0194342183557131
-0.111895974439235 -0.0952165796679831 -0.0530148142910872 -0.0783320512308548
-0.112561256903984 -0.130986063545463 -0.0154021129537522 -0.130892847653428
-0.0667119037223959 -0.18449302940728 0.0487074606731351 -0.160251280862269
0.0117831145321835 -0.201348319693034 0.138542066799498 -0.112579084639833
0.136757417380589 -0.179338524608856 0.130562155823294 -0.00214313273415936
0.230510735058384 -0.0965398840659287 0.033771119460533 0.0788280844870068
0.229202249265726 -0.0246487301469495 -0.101031412099378 0.0276722807652706
0.138963748865733 0.0232599550031531 -0.211692713355442 0.0265817327701256
0.172166427421799 -0.0363919416055159 -0.210092093136962 -0.0174247521906
0.132467783467728 -0.101813352245935 -0.172318797922887 -0.0222171344206246
0.041423069951248 -0.141802894183741 -0.13563199434586 -0.0122944380073144
-0.0244142793340754 -0.131263807932984 -0.133936890352989 -0.0272283996900132
-0.0624413426335858 -0.105423899438558 -0.147748970548293 -0.00765760884408649
-0.0819314000311789 -0.0733151803426904 -0.131346995787959 -0.00279618323104665
-0.0848351485333167 -0.0758586414535134 -0.1006068092454 -0.0512189696090013
-0.0745628268665514 -0.0825077081416457 -0.0857354838176385 -0.11105919753242
-0.0678311576865958 -0.112278088416171 -0.0347474646409355 -0.160017155798484
-0.0215697149255384 -0.143645069231415 0.043385464958825 -0.18263098946498
0.0431376465775127 -0.146228032668205 0.135831342833199 -0.119065463612722
0.136314680904714 -0.110258734006108 0.113157269194199 -0.00415636566159392
0.190745063148129 -0.0335824067449205 -0.00188072028275127 0.0675362427165559
0.167054633082322 0.0160751929817135 -0.158750265598039 0.0111343928182707
0.05644445874383 0.0328117630599883 -0.257947651507215 0.0438284871005731
0.091441071649032 -0.000309519351577098 -0.222390119296769 0.0118819102676804
0.0743214907733559 -0.0470794528652838 -0.170460231267634 -0.0150486388307097
0.0226696883827534 -0.0668798678824079 -0.129333240568837 -0.0218834752001193
-0.00629289094770943 -0.0581240625105821 -0.147247093671122 -0.0425360060690466
-0.0198109736782742 -0.0527091830321451 -0.169086678999643 -0.0193327874172843
-0.0334989364065801 -0.0426538214356894 -0.156590561210895 -0.0222452812285439
-0.0362868140552276 -0.0473924641043861 -0.123395117597248 -0.0750477274277942
-0.030771861557595 -0.0542688335228407 -0.101149310351159 -0.137281827005414
-0.0236240724095981 -0.070801555189792 -0.0369589556752737 -0.183420035609235
0.0094773721855285 -0.0830177280887939 0.0501741837097482 -0.194603469806926
0.0490915945417763 -0.0813127471447989 0.138234667524071 -0.118395586057472
0.106953790030223 -0.0450465912456696 0.103786043849341 -0.0112355961747895
0.120962203408371 0.0166824113361086 -0.0203364625757217 0.0428762478500077
0.0828134398544791 0.0446940995566582 -0.1874394096531 -0.0161774542685169
0.00623311885334164 -0.0412004014045403 0.206578009371805 0.00663568762167395
-0.0445744542621389 -0.0247142465891214 0.0436034884894262 -0.0720178938302694
-0.0412328020215473 0.0138294331517993 -0.106482886509732 -0.00552654633460379
-0.0126169222028347 0.0241679723639534 -0.159047681543936 0.107870949854009
-0.00423107285461337 0.0131766859754251 -0.0752258004187026 0.210472959314626
-0.0113122359293971 0.00907633764073006 0.0389483867189413 0.210287730410204
-0.0134526059632292 0.0106166712262053 0.114177235622825 0.148443297915315
-0.0249676678436686 0.0111201216105273 0.155352224254274 0.0836804884548036
-0.0252561628143671 0.011739078996479 0.169238412914898 0.0224059593116905
-0.031074496249396 0.00718688900177428 0.183883698766244 0.00197076036036717
-0.0286256468825291 -0.0134927764572845 0.17630296438168 0.0161211339552834
-0.0173801848048832 -0.0158258294672786 0.155027863250476 0.0171672318640762
-0.0163429644384316 -0.0275890607295946 0.173442614427735 0.0191480238067965
-0.00714739331123245 -0.0545650802323388 0.226168220478841 0.00535214423269851
0.02823519374278 -0.0460772204143729 0.278828115903212 -0.0632293392010966
0.0891740309218192 -0.0334864507596587 0.191370476634945 0.0176487610657927
0.041819009127738 -0.0421020298348423 0.0320803032134448 -0.0636147014752002
0.0192380235212586 -0.0221449692613265 -0.107433246284729 -0.0047676853167874
0.0144654453647515 -0.0320404878326689 -0.164193759148729 0.0986070776282623
-0.0065567745816986 -0.0509106834409957 -0.0863548870127677 0.196202597924453
-0.0408621100763726 -0.0465298986973134 0.0195500688521224 0.201670058363475
-0.0590303310077811 -0.0275372754709709 0.0936576035670309 0.14999818868132
-0.0801450634122578 -0.0226728313549109 0.135170635779473 0.0826011635937989
-0.0818805639174264 -0.0196429077921668 0.14763624523844 0.0144814254030181
-0.0917972056049711 -0.0388364475229924 0.164772366020541 -0.0219860566484589
-0.0753509467965285 -0.0878576986489156 0.170091344502044 -0.0189251856498265
-0.0286047775857455 -0.107078014662176 0.163218520638293 -0.00935458451604108
0.029574749418547 -0.116372260954301 0.172279783926059 0.0110573650568337
0.0855252446662479 -0.113785760032424 0.196742779915271 0.00841956999828932
0.127023150565706 -0.0790039376302039 0.23145153885954 -0.0500659836888935
0.161736367118018 -0.0178990810753989 0.141923091066465 0.0192569956070769
0.130523064838055 -0.0535421171422807 -0.000952730707282218 -0.0675923574132932
0.0882552979768494 -0.0614591387910371 -0.122362861701303 -0.0122304863322349
0.0441042144389739 -0.0942134429327486 -0.169974613454651 0.087747762101619
-0.00963262415283956 -0.11557831227513 -0.0939034405481329 0.170033937382427
-0.0668442207063221 -0.0999123637495127 -0.00402840810407088 0.175631432527671
-0.0968962680208744 -0.0635934025529521 0.0595633438091837 0.13503841062332
-0.122975408605263 -0.0533034401115033 0.0958074937160851 0.070617002638029
-0.124272378420442 -0.0474443644449798 0.104242845819076 0.000151064843878503
-0.140111425699182 -0.074369326034544 0.123231074614781 -0.0498853309762301
-0.117061050774089 -0.143155275252706 0.144053124511772 -0.0621996696647027
-0.0491005884937317 -0.178647564991826 0.163063143566104 -0.0473035157546778
0.0568306743412448 -0.192709750096343 0.170675477978945 0.000237771083828767
0.157706890630054 -0.16395131022113 0.162185944567151 0.0240044706259431
0.20372890807856 -0.101977764709808 0.158567195785461 -0.0243792651799541
0.211866533869916 -0.00405392541997144 0.0631390009687679 0.0149382662855267
0.203783937087814 -0.0652630840676043 -0.0535066622320784 -0.07362163130948
0.148928174768889 -0.10471786975286 -0.143318851134026 -0.0225025721213044
0.0631205873286535 -0.156401466731492 -0.172464080927828 0.0693225522860277
-0.0192577908533435 -0.169465056381598 -0.0998143489475257 0.129030504258896
-0.0892008464706948 -0.138929381887359 -0.0343073024700215 0.133272500842088
-0.123024274773278 -0.0892303197776099 0.015236713907339 0.107273281859306
-0.146808270298223 -0.076306917197879 0.0447616139852104 0.0481690161803164
-0.145461334655123 -0.0697587738859077 0.0485481207762843 -0.0205456438993312
-0.163206217512664 -0.101758164111718 0.068959392984104 -0.0772372489968865
-0.136285925376131 -0.178767585525842 0.104566089936565 -0.103365756991412
-0.0580716952452252 -0.221770391429648 0.15464184069664 -0.0825975707079716
0.0780253138699512 -0.237252022565003 0.164079143220918 -0.00729909157138882
0.20600067034853 -0.185786571165484 0.124793755784935 0.0479841661317984
0.248103060407341 -0.103372373972046 0.0713263270134903 0.00570650163619398
0.227749099393752 0.00392823461765672 -0.0347300835014765 0.0135034958100339
0.239576146742234 -0.0738584872094801 -0.117495591470288 -0.0658938699138424
0.178533262745196 -0.137262689966502 -0.162697667705963 -0.0271589209396555
0.0647720748931707 -0.196263965412027 -0.164925065773929 0.0429530117572511
-0.0331751531691978 -0.195659742543984 -0.109368110838212 0.0749518985838449
-0.10251824550038 -0.153670151358713 -0.0725028642772407 0.0827065422226791
-0.132508901299589 -0.097956093953563 -0.0361756044810759 0.0710168493160313
-0.148216682251828 -0.0874200225870534 -0.0118483036403724 0.0178504647209368
-0.142297546440844 -0.0846565406926733 -0.00965734526110638 -0.0459454830516048
-0.156190098568597 -0.120186758985283 0.015302370985251 -0.104179536412119
-0.122517804463198 -0.192649761000115 0.0646544681306571 -0.137976646614171
-0.0399393296209751 -0.229780152413118 0.141627542283795 -0.108886029301218
0.102996455702674 -0.236413244823461 0.149842986079468 -0.00854089705945262
0.230094758189323 -0.167433557044388 0.0827190156793485 0.0697580555002646
0.256809696910654 -0.079583490945872 -0.0187161973665333 0.0280033849114127
0.203607585404065 0.00873360008938462 -0.133765543131138 0.0214775824643922
0.226684531085169 -0.0709450808893846 -0.176986379092805 -0.0398039002629557
0.16904704426601 -0.142308386893247 -0.173568537042978 -0.0232315729784997
0.0508612202359285 -0.193520969259066 -0.151686763614921 0.0160203321511127
-0.0408995248496808 -0.181835208798976 -0.122324992361193 0.019874195711743
-0.0980487249893405 -0.140376624520585 -0.114394181550732 0.0345391360493022
-0.120753564718556 -0.0906002464761013 -0.0882890429161739 0.0347076302456837
-0.128637364640423 -0.0851953399348696 -0.0647328308333457 -0.0151326919490872
-0.119117855732081 -0.0888929580620896 -0.0600722672992481 -0.0763149085208334
-0.123101122129324 -0.124469539942908 -0.0255979054277437 -0.131308391332611
-0.0806573451565125 -0.181679868664487 0.0389943315555404 -0.165780203989345
-0.00107536422463073 -0.203826932592626 0.132254594628508 -0.123382557283201
0.125721752356921 -0.190454169281857 0.131963738895697 -0.00798126456936748
0.227148807751736 -0.114023522392393 0.0388730748857097 0.0796122811442672
0.229703135974923 -0.0375500751168504 -0.0989131962174148 0.0339071792182085
0.143366114852323 0.0158275627332755 -0.214719753744098 0.039537920364722
0.171717725733607 -0.0480256020923066 -0.2144879949118 -0.00553893572228357
0.127673261420727 -0.111627473004387 -0.17532179853457 -0.0140408482143615
0.0315772517006102 -0.146297467796702 -0.137966654979434 -0.00624798915850136
-0.0339703873065694 -0.130627088768899 -0.138990779956263 -0.0206910918598838
-0.0712560843944626 -0.102435279778589 -0.151354749514011 0.00272403786385662
-0.0877325894200102 -0.0695564124893474 -0.131969898935516 0.00512093248565156
-0.0907721312173364 -0.0700533055075118 -0.106687225826042 -0.0454088306874136
-0.0805530038082701 -0.0785489290419768 -0.0955752782184327 -0.106794889297857
-0.075580261579081 -0.108454024006613 -0.0467317436924526 -0.159458138015967
-0.031647439719279 -0.143178431145145 0.0322298058263354 -0.187801341178527
0.0342160144593253 -0.149711787287904 0.12896245725508 -0.128708682726647
0.130230815244661 -0.120049111433889 0.114440997023021 -0.00941801832778873
0.190983092181914 -0.0464616735252737 0.00214662442388112 0.0692964157605902
0.170302221969972 0.00767943024968399 -0.158696050574039 0.021184608231137
0.0595864839700377 0.0311141252787268 -0.260083481714479 0.0597479995746863
0.0924096330612658 -0.00669719139323027 -0.224103561889967 0.0252721991886912
0.0714889271627382 -0.0531103247211 -0.173271346418865 -0.00670141231653248
0.0179284588944532 -0.0686735153133704 -0.132174257520123 -0.0165672557852086
-0.0103602255178293 -0.0573265426750544 -0.153495600726599 -0.0353003361409078
-0.0235701759816502 -0.0520185757892689 -0.172656970976683 -0.00785658338187163
-0.0363143403281679 -0.0410277143533981 -0.158883468269775 -0.0117865430134232
-0.039835929346366 -0.0448996210676385 -0.131348686423547 -0.0675958689138329
-0.0345449763747744 -0.0524088215836234 -0.11194334558322 -0.131939317175055
-0.0284727080654877 -0.069446325908557 -0.0490766086521649 -0.182401042885611
0.00388829207450264 -0.0840635369689015 0.0389699458515212 -0.199554261785007
0.045134822928887 -0.0840059430728319 0.132144282243275 -0.128790368561949
0.104944227299839 -0.0520299384831586 0.103887616098727 -0.0159914962668765
0.123700564978731 0.00954797706458866 -0.0170686806405575 0.0462762066550377
0.0859269448053583 0.0407497928978793 -0.188785735365725 -0.0037423192121057
0.00367237805357204 -0.041211967304202 0.204329286524974 -0.00815628136687182
-0.0457331006460898 -0.0208612698679677 0.0362318978217398 -0.0753127552581965
-0.0392639096152089 0.0166196502819615 -0.10577649197229 0.000469827695442988
-0.0105237130015744 0.024917416614659 -0.149835913999375 0.11594982948303
-0.00326447144175684 0.013117300959796 -0.0599191883729732 0.212611699310812
-0.0108260047456839 0.0101888592262054 0.0526359535297691 0.20437952059123
-0.0136213057313996 0.0112337502178782 0.12124354518779 0.137606994151199
-0.0247018936064924 0.0126567794801894 0.158650243642624 0.0708975255788927
-0.024538515929635 0.0133899355452987 0.167911065229368 0.0102464168982134
-0.0298074826416205 0.0082105582291767 0.18186692771324 -0.0115702168570509
-0.0291538953333633 -0.0114748005077245 0.176490195087671 0.00371100396044968
-0.0179057966432703 -0.0145347432159614 0.15409955184231 0.00982925428788609
-0.018703260504456 -0.0261544077832741 0.174280975924271 0.00985241632020673
-0.0116374786087122 -0.0529046087603666 0.223869878951906 -0.00901281293392158
0.0253697081254383 -0.0465252855494906 0.268782279839282 -0.0802260487992436
0.0865367275113598 -0.038419540394405 0.188811049032189 0.00427663125270844
0.0382016060457385 -0.0445411862792559 0.0248561247961368 -0.0665808579201229
0.017894491743803 -0.0229874228086376 -0.106681898337941 0.000256463131737946
0.0122061503673607 -0.0324488129915434 -0.155043305901274 0.10776537569345
-0.0105807009811534 -0.0498244779255257 -0.0725928995922285 0.19889473765076
-0.0439495539635537 -0.0422437241756979 0.0322811062837275 0.197031812705439
-0.0606029417250057 -0.0231679836553577 0.101841854369709 0.140634866077479
-0.0811326241126898 -0.0162152138040735 0.138886282617354 0.072476219322088
-0.081908763315239 -0.0141515146117898 0.145438131790028 0.00383068502274196
-0.0934508103795923 -0.0325167272405179 0.160714306026567 -0.0332091144177874
-0.0809977614244425 -0.0818284884773707 0.167566765922636 -0.0308997561214892
-0.0356792208984939 -0.103991132532117 0.160050758703004 -0.0179477081887599
0.0208956059332753 -0.116615820857641 0.172387205428265 0.00181256993602632
0.0762489663195618 -0.118382889079514 0.194515299751 -0.00366646572728211
0.120845248062464 -0.0848767603960582 0.223570527557484 -0.0643420309123653
0.159603153994904 -0.0278657561134569 0.140512425061901 0.00959605873383546
0.125149475020609 -0.062340207432937 -0.00710190545765111 -0.0681230963882846
0.0840365037256776 -0.0667876950426418 -0.121291532104979 -0.00715574648521669
0.0373608103142836 -0.095404651128736 -0.162549956537121 0.0970272813723616
-0.0182249460895438 -0.112873319888734 -0.0816081596460723 0.173428395812074
-0.0728720353486847 -0.0931290120818773 0.00641806957784045 0.173602762324344
-0.100250668465325 -0.056590764839408 0.067837565717764 0.128376394112485
-0.125244718796955 -0.0437224312038793 0.0992006532277402 0.0638317635742177
-0.1263609156234 -0.0380029387114854 0.102216523940988 -0.00728651717228572
-0.14361398879232 -0.0637719631955311 0.11737472182974 -0.0581264253028843
-0.126356747524219 -0.133285962316347 0.138310652865619 -0.0721447652638276
-0.0609352397538196 -0.17295038363503 0.157662156719519 -0.056321883523461
0.0424650120431331 -0.194502611414999 0.170033753845285 -0.00841193506009402
0.143113440923378 -0.173836318263137 0.161321490185933 0.0145365741269859
0.195042655163628 -0.112898910263573 0.153891616258806 -0.0343462671128895
0.210738070608469 -0.0175800918598703 0.0622635920196257 0.0102322395337626
0.196022009085926 -0.0795073667829809 -0.0589597379522831 -0.0698843989084259
0.140456056079549 -0.113544446078273 -0.14268127438157 -0.0168306014605905
0.0519200143081992 -0.158302699674941 -0.165382335062097 0.0786136990480321
-0.0315792913753335 -0.165396007580009 -0.0909984288445091 0.133289543769347
-0.0987917638852345 -0.130238365261327 -0.026626662558456 0.134840410896065
-0.127644857863001 -0.0794711750003246 0.0225925776536485 0.103641964250529
-0.150629911640133 -0.0642700553265957 0.0464523330187412 0.0443598940631101
-0.14832862581579 -0.0588047286413029 0.0445983028772359 -0.0232627414363609
-0.168528010594372 -0.0891032268743482 0.0618983668211682 -0.080644942036266
-0.148083014988618 -0.16638952768037 0.0960864328129364 -0.109777023075147
-0.0718894912329206 -0.213894419092463 0.145942115451795 -0.0906754144385666
0.0597929911616249 -0.240275207070119 0.162564848804278 -0.0156295790727468
0.189826967853647 -0.198372190082427 0.12596508359371 0.0405308603271583
0.238798134734737 -0.116492421628446 0.0705330262049099 0.00011877936864723
0.226721147425155 -0.00998288844994276 -0.0346621724365474 0.0155346507254295
0.23059016384956 -0.0908143355623855 -0.121519769863478 -0.0571713745721494
0.168120380762216 -0.148223446634616 -0.162066774418688 -0.0198056362102049
0.0500062460086367 -0.197882108660291 -0.160578856151262 0.0523737119913631
-0.046590051370065 -0.191076850691708 -0.103996202057957 0.0791262970730376
-0.113011927067104 -0.144053534703451 -0.0672113212166853 0.0869683093011388
-0.137308249781331 -0.0881129094292631 -0.0299742881235029 0.0725016430921699
-0.153100549528962 -0.0752431933392336 -0.011122321996497 0.0185122828752613
-0.146288073511486 -0.0735232689629356 -0.0140891457013557 -0.0445184403981228
-0.162954756294367 -0.107271896254161 0.00681945897868228 -0.103329475615603
-0.134784137719577 -0.18093738511909 0.0551808704324541 -0.140635912694494
-0.0550034534614068 -0.222763682390964 0.131878537932743 -0.115942275231844
0.0847855282254765 -0.240059169113767 0.148884546294026 -0.0159912508242497
0.215305060474875 -0.182679196896223 0.0856357304019677 0.0656212078522494
0.248328736321083 -0.0933011577761582 -0.0158733616699371 0.0281986878492669
0.203400762067061 -0.00359302295880709 -0.131683433517428 0.0302402851240842
0.217529224326252 -0.0854814656626469 -0.177383990447416 -0.0279890937506609
0.157535246940161 -0.151942062853587 -0.172616619670999 -0.0151073477333572
0.0363900749736902 -0.194046544360931 -0.148552331485304 0.0238993314776123
-0.0533933798972145 -0.175879380087681 -0.12091241765647 0.0254414791652082
-0.107532498778727 -0.130811638981174 -0.11173582379992 0.0427541167035676
-0.125274669262537 -0.081063625724925 -0.083396304377137 0.0395474574459449
-0.133042595493114 -0.0744805664094576 -0.0653572682884443 -0.0103806271283981
-0.12344178013744 -0.0792359268312551 -0.0658461912153353 -0.0704067841339268
-0.130501750305654 -0.11375814319752 -0.034844525161478 -0.127583882287108
-0.0926418340378172 -0.173021044960616 0.0280617475608931 -0.166973177725838
-0.014425541316127 -0.199294782895859 0.121423827230642 -0.130549354316288
0.110953959204132 -0.195819402487097 0.130047776430325 -0.0138777777941267
0.21462304105685 -0.128460506644284 0.043215099117559 0.0773656173701458
0.223678582458857 -0.0501945514760829 -0.0941810566280953 0.0392626341246277
0.14366764159477 0.0073661668923286 -0.2093758464115 0.0526559840492605
0.164866669847656 -0.0597953869540375 -0.211501124238326 0.0084797095277568
0.118155430645578 -0.118413476460367 -0.173735420258716 -0.00569574323087186
0.0208995098195558 -0.145564454642018 -0.13662119745513 0.000430917227805237
-0.0432431171821874 -0.125729476294554 -0.139631489786712 -0.0133866479266755
-0.0779620160954307 -0.0956744707936361 -0.149867278573165 0.0134788480025102
-0.0909627783462506 -0.0627866734361256 -0.128659943398054 0.0141117029127381
-0.0944144188597137 -0.0621346012830915 -0.109727839994851 -0.0372282488168313
-0.0840669817446842 -0.0716806412004253 -0.102437136164769 -0.098404532348694
-0.0823140094244522 -0.100569330527793 -0.056925205332585 -0.153724173449648
-0.0405552416004471 -0.138567232849392 0.0195691491059835 -0.187530349971453
0.0239860063567629 -0.148564336453269 0.118878760613772 -0.135619052836286
0.119546629533493 -0.126568594453881 0.11219715964987 -0.01433940044597
0.184511046520779 -0.0582728012096336 0.00694383510957278 0.0704050493586169
0.167598690519409 -0.00218742239654469 -0.152878064515544 0.0304580544081399
0.0613971661239071 0.0276419200491253 -0.252853934133949 0.0758112122292285
0.0901514883708886 -0.0130627460753701 -0.218948331491821 0.0394237619115327
0.0664532964792604 -0.057131852180402 -0.170880242790445 0.00176363316925696
0.0119744470689667 -0.068083607484068 -0.132301710705148 -0.0106932944768401
-0.0150556566209729 -0.0549625048579226 -0.155822661087009 -0.0262985426435195
-0.0277106435709926 -0.0489988659402808 -0.171365033764615 0.00414697583210114
-0.0388111241056273 -0.0385396261054951 -0.156194920773305 -0.000562788215836559
-0.0422543268168433 -0.0408445451332008 -0.13479537537618 -0.0581154075922665
-0.0370681104867604 -0.0490650422922785 -0.120384622504882 -0.122121203925372
-0.0317996922889563 -0.0656202479787791 -0.0603520535601681 -0.176224905028806
-0.00136598267755634 -0.083248162047285 0.0259842172636594 -0.200576509459039
0.0387654691834848 -0.0854443693051892 0.12138291893439 -0.134967629147089
0.0996959409630755 -0.0578315167815587 0.101046169445837 -0.0210039852996428
0.122234897693361 0.00170347568600608 -0.0139909927694289 0.0477678077871555
0.0873434246975952 0.0351131189386243 -0.184127570080677 0.0089995300085055
0.00179050770328543 -0.0402360823946574 0.196332668826253 -0.0189732016131537
-0.0451577045278331 -0.017406411984538 0.0289752890290901 -0.075658203708524
-0.0371089142592984 0.0170976185925013 -0.102835833599719 0.00445387734719448
-0.0084408910452515 0.0238538198173848 -0.138936075104382 0.118582845851857
-0.00224965560638678 0.0123575054474636 -0.0467949283472926 0.208159437476635
-0.0102150708930066 0.0107912977718569 0.0611726010651151 0.194522591593764
-0.013469898323871 0.0121283472419243 0.122659220119475 0.126729312555819
-0.0234321100873612 0.0140626054679074 0.157184370202968 0.0605022215138236
-0.0232643265482734 0.0142344164438911 0.162359563323477 0.000802364767466441
-0.0288246135655338 0.00875917668848965 0.175392261416416 -0.0213718609494239
-0.029537665697322 -0.00988183812995692 0.172136025382732 -0.00579910983854257
-0.0177157888102752 -0.0138331944126556 0.150245402918919 0.00388480351927498
-0.0193962086432964 -0.0251823307405525 0.170726373491245 0.00314287896182725
-0.0145695080871628 -0.0494652497579448 0.216591239782648 -0.018772924083782
0.0234066196553683 -0.0452910586512313 0.254610535574974 -0.0904429345584401
0.082330610576134 -0.0416992741172559 0.181908191029146 -0.0064560811256305
0.0339552432823452 -0.0448976614945992 0.0189232367846296 -0.0657009932856885
0.0166188596455148 -0.0239522527976916 -0.103667309778363 0.00332649272033151
0.0105330911265255 -0.0317299834399589 -0.145402683072524 0.111190368644017
-0.0127883717918851 -0.0471509700033487 -0.0605959755046992 0.194997504026203
-0.0449506982621678 -0.0379113438158015 0.0411694800308024 0.188640821716003
-0.0604716965909069 -0.0189528003870429 0.104399076064926 0.130000666464471
-0.0794670572335451 -0.0106404946264278 0.137908052054201 0.0631723683771633
-0.0805797995039954 -0.009337022451173 0.139720487332877 -0.00335065118971848
-0.092053132950628 -0.0268593790399158 0.153085058656548 -0.0414050549779575
-0.0838672982801484 -0.0747475473812897 0.161051454682871 -0.0389661913720809
-0.039568411349537 -0.0988048765672331 0.153872788696436 -0.023537457972066
0.0139284591290319 -0.114698550745919 0.16844541562468 -0.00442267786533652
0.067374320424715 -0.11843053416523 0.18816117979194 -0.0122779651069976
0.113718784002757 -0.0869265849946455 0.211443650998853 -0.0724051438891828
0.154546721213775 -0.0349313771705402 0.135369213276779 0.00140120254902506
0.117010804473595 -0.0666410274275473 -0.0117772611992945 -0.0660334449607621
0.0783808960104968 -0.0693282503146155 -0.118305948857503 -0.00419486868875624
0.031285017239093 -0.0938082610659665 -0.151954954640308 0.100469332892043
-0.0237312869376875 -0.107761442650381 -0.0709350752079122 0.171243202367354
-0.0763922345228604 -0.0854068023764745 0.0137321593577799 0.167819467313016
-0.100306511520001 -0.0487793096248443 0.0712442119739831 0.120153781418295
-0.124117508329643 -0.03481051847178 0.0989236241931217 0.056943438632574
-0.123763668582602 -0.0307110983115487 0.0969437345421665 -0.0118196601206287
-0.1423625228999 -0.0545516911000382 0.109841171024308 -0.062148668423153
-0.130302793800923 -0.122309326036109 0.130152871644064 -0.077241322080326
-0.0677961772107528 -0.164062781931817 0.14919574493966 -0.0601156038758232
0.0303751869255337 -0.190757730732595 0.165529454251913 -0.0141461623458106
0.129755619834556 -0.175483914079152 0.156441662840947 0.00742028066558953
0.183321041505905 -0.116986652965519 0.145743916583004 -0.0409593071106195
0.205004515256294 -0.0266748046731864 0.0597681005007357 0.0072473147937846
0.184718690746583 -0.0868842077436129 -0.0621076555477473 -0.0649754654297339
0.131176083676679 -0.117716692028148 -0.139869517661732 -0.0130039111829087
0.042192060752 -0.155071505762307 -0.156444109634738 0.08331162845938
-0.040073653217931 -0.157770878864039 -0.0819942683348872 0.131902744058475
-0.103229941261442 -0.120407447797829 -0.0198250772226264 0.131800287272513
-0.128292658512441 -0.070896304006385 0.0268811281839064 0.0985391901004379
-0.14919049118153 -0.0528594952480055 0.0471408528779701 0.0410236410710989
-0.14657757365606 -0.0495383403519184 0.0405639056213623 -0.0244027590188968
-0.16820619900745 -0.0770012166839031 0.054143540923389 -0.081462198699331
-0.153239476774989 -0.152797145306124 0.0875176471047013 -0.111914362171952
-0.0808618816580025 -0.203089742605774 0.135804744239866 -0.0935449096806043
0.0453702571190044 -0.235513061793262 0.158340310274728 -0.0206518211578988
0.172641435348215 -0.202380310573116 0.123366038221201 0.0349963977871982
0.225071051848266 -0.122355603241739 0.0678507854930592 -0.00328655056749058
0.220717869757773 -0.0202456540856394 -0.0339324628677006 0.0173529234268329
0.218006706838403 -0.100306830032818 -0.120785806113 -0.0500909029993179
0.155342042467051 -0.152717684791641 -0.158600742885534 -0.0151330953007293
0.0386542652535315 -0.193524517861872 -0.152867627955666 0.0573701646244331
-0.0560425393996068 -0.181411401909071 -0.0976819735473018 0.0809984098737968
-0.118152301760011 -0.132924949807987 -0.0621287007515067 0.0879750570578677
-0.137904123819662 -0.0788630985469912 -0.0247948468062013 0.0705192381815166
-0.151642606826863 -0.0645073129901091 -0.0101199369457169 0.0190267144659334
-0.145704669492695 -0.0649318739300341 -0.0174595870099305 -0.041476178330527
-0.163696376086082 -0.095228114557554 0.000255547899805004 -0.0998054896779099
-0.141206750663267 -0.167576726723431 0.0459991546029958 -0.139939684371196
-0.0648518582190987 -0.212352750498292 0.120089283256988 -0.118246725429142
0.0690578598188234 -0.237461182916516 0.144024289602315 -0.0203021916441058
0.197562485391592 -0.188126656688092 0.0864753864885995 0.0613340671419139
0.235210556076387 -0.100708381803307 -0.0134948226650319 0.0280372115744144
0.198576670974034 -0.0132507896442769 -0.127297539119593 0.0355062943431908
0.205707932784277 -0.0946530849196742 -0.17299026619613 -0.0194298779119207
0.145579591932082 -0.154745562577304 -0.16856471966317 -0.00985715663862606
0.0252614831522992 -0.188742308920891 -0.142662343977024 0.0282529267978925
-0.0613044889023881 -0.166699916431489 -0.117510112568496 0.0291841885052253
-0.111894608860392 -0.120711274309653 -0.106904795347816 0.047857168217543
-0.125992751777229 -0.0728195078025305 -0.077596947579316 0.0419543828239323
-0.132485545269519 -0.0644720082362114 -0.0646184110838317 -0.00665178267338101
-0.123166406185133 -0.0712360511569604 -0.0688753931953474 -0.0644575959781129
-0.131946269641574 -0.102544059027453 -0.0410938408080627 -0.121248228146721
-0.0987820688998079 -0.161996864789246 0.0181843096367714 -0.163943445839561
-0.0241271342176269 -0.19156530279785 0.109911136951921 -0.131942035364503
0.0961617052918725 -0.194563812298682 0.125969670840575 -0.0174328884641243
0.200817698701953 -0.135306945562514 0.0457419776402269 0.0749248566112036
0.213744787523371 -0.0576577161236211 -0.0879472041585717 0.0417997064077967
0.14095342274782 0.000966763582528511 -0.201093696707057 0.0608845182140575
0.156257605516756 -0.0664709836377241 -0.203538912535198 0.0177940581458332
0.108474852225906 -0.120743192520296 -0.168696293325618 -0.000449237304558165
0.0122254813914219 -0.141368273216778 -0.132511964711457 0.00453937934712628
-0.0487487311850445 -0.118174204897472 -0.137933145842966 -0.00738212075482838
-0.0811840419287087 -0.0880317488613995 -0.145012222176148 0.0212814038921105
-0.0913221830585612 -0.0561396914478333 -0.12196150921304 0.0196804793847856
-0.0944709194784254 -0.0545504921675129 -0.108133077915905 -0.0305408294918662
-0.0846395961145804 -0.065094757100423 -0.105905393889782 -0.0887919191981316
-0.0847581383356997 -0.09181927217358 -0.0626265053949403 -0.145421608790736
-0.0474254405446745 -0.131236073364428 0.00967264183938837 -0.182514246994543
0.0161143890392821 -0.144115847062968 0.10700270754631 -0.137120975083424
0.108777426881021 -0.127568275640492 0.108605236499806 -0.0174375123501143
0.17447744682172 -0.0662129126952812 0.0101718328843997 0.0691137984236214
0.161172184965078 -0.00919447670793894 -0.144463002240648 0.0363636870863418
0.0615505666753137 0.024089481675572 -0.241268805790243 0.0842804255230177
0.0857388124175199 -0.0172472694860141 -0.209242320465602 0.0474098991083844
0.061210727987067 -0.0584455569056294 -0.165557438184253 0.00815610095947861
0.00846430183101017 -0.0654944942305431 -0.128473784715515 -0.00687227607741505
-0.0173466947230408 -0.0517996415240007 -0.153902640175661 -0.0188459389430187
-0.0299766467924918 -0.0464130004356125 -0.165251226464683 0.0133728141626699
-0.0395406371392562 -0.0356331184833493 -0.150249899236175 0.00664093810909558
-0.0426018574267732 -0.0364657663201912 -0.134728660545812 -0.0491977604107039
-0.0377862695193816 -0.0452314865985163 -0.123820631624104 -0.111306594267164
-0.0341117893937351 -0.0612023808532754 -0.0670534738181222 -0.166467546482019
-0.00538820699808174 -0.0800395385981456 0.0158275207738736 -0.194945442964202
0.033724838727891 -0.0842134533361512 0.110658534362612 -0.136361606386988
0.0931814076188784 -0.0603543618322457 0.0977033632090883 -0.0235071644489661
0.117919511521734 -0.00410346556682822 -0.0103782160602126 0.0484826585517167
0.0860844565127644 0.0299349661134781 -0.175443031930719 0.0173133633604614
0.0191944602099499 -0.0357340273774724 0.176747123089425 0.0596824759501886
-0.0320280941623201 -0.0331888275736273 0.0521532001189917 -0.0549967549860234
-0.0393394392068988 0.000158586021560514 -0.0926305120148193 -0.0359705997610215
-0.0167104675683088 0.0172099602770361 -0.170626161969141 0.0521215199887273
-0.00568595492958887 0.00798392914722609 -0.124000625187469 0.166177332970057
-0.0131804730656162 0.00519523702439116 -0.02186824006215 0.196451450687435
-0.0168230953668873 0.00480402012796722 0.0579729652315748 0.161186730621553
-0.0262986132362992 0.00369450015829209 0.116481064749511 0.114162784107202
-0.0258135119133924 0.00234889092458291 0.143751982390498 0.062830886381111
-0.0285866223300801 -0.00488870141626422 0.1649224144473 0.04767514968831
-0.0220469422952948 -0.0220732610907321 0.154019468174225 0.0621875975234939
-0.0097621484713881 -0.0211897101998097 0.130934628367176 0.0649914321977875
-0.00714549404857435 -0.0323090200290243 0.150614627478031 0.0711853309253755
0.00662061091406374 -0.0509554179582472 0.202048352485514 0.0638544936587587
0.0406949721228973 -0.0341126917354204 0.261933260292887 0.0212517839314746
0.0931263197385485 -0.00143429934018905 0.157886727964095 0.0567672488621562
0.0482034587192215 -0.0252063658497041 0.0388167255360478 -0.0542960211817432
0.0247748545829856 -0.0145149372503131 -0.0956680434354889 -0.0421857054017977
0.0228545435864776 -0.0231943042550245 -0.176565313616568 0.0410432307373378
0.00882171978988289 -0.0481440407064099 -0.133711791697832 0.148931310607216
-0.0245753146832331 -0.0514216806639791 -0.0405809827309403 0.18362402209491
-0.0464881375412451 -0.0406019431953258 0.0401892211467101 0.156316298803941
-0.0672126822466154 -0.0399949637899464 0.0983711107163425 0.108860847850642
-0.06798013094526 -0.0399913676291881 0.124839105896938 0.0497778156591691
-0.072434141691522 -0.0597290058059799 0.153021054725359 0.0208702283728302
-0.0473704029468575 -0.0999559656317077 0.157354372497933 0.0271658241186391
0.00225721506983197 -0.105341697977591 0.145584263830785 0.0403502717399518
0.0556045526596039 -0.101761940747305 0.153668438878972 0.0639831549968373
0.103213516249487 -0.0845274713253181 0.177295721151642 0.0628545265939769
0.137119108538365 -0.0397270724903942 0.218040388995215 0.0245331186254902
0.156025029523801 0.0359544268835653 0.111880914293667 0.0382536401967046
0.129565577312728 -0.0103000142053108 0.0107915305329614 -0.0718747023094292
0.0981774130874889 -0.0292346754933857 -0.108276489170243 -0.0595957584555822
0.0663361658333329 -0.068774297589779 -0.181779646074375 0.0268371054045754
0.0235332741285132 -0.105031179475522 -0.136634255190363 0.122529469499218
-0.0335952542976317 -0.10475935771645 -0.0593153414309232 0.154343818665677
-0.0700537602698821 -0.0825454906667052 0.0141257363530153 0.1344338179449
-0.0974330585917784 -0.0780406993351561 0.0664591964861568 0.0888352546036389
-0.0987503450097073 -0.0751095253835051 0.0898057673101287 0.0250028754788424
-0.107458491914999 -0.102409808046941 0.121355219667799 -0.0157819704288462
-0.0730132118032677 -0.159495425497666 0.144701814673883 -0.0188380555343847
0.000604208450733192 -0.174099370489397 0.156858375012265 0.00485464599115151
0.0977718039296966 -0.165909985703425 0.155986357210242 0.054070585096362
0.179300632448181 -0.114034470652515 0.145524152001828 0.0709401899327387
0.209888247481867 -0.041549646568959 0.147456431060318 0.0312268837460933
0.198987061585745 0.0653120206712525 0.0429586782462299 0.00800121679374935
0.197631809203538 -7.01078890456489E-05 -0.0341078366524016 -0.0933405415678752
0.16451711631718 -0.0511257619281753 -0.126097647454497 -0.0803492921543406
0.10087774462795 -0.117561690689066 -0.181575582985249 0.00701607152521889
0.0287607228258154 -0.154939731833655 -0.133783403468552 0.0832404926098932
-0.0439943589934358 -0.145882684572207 -0.0768742287578401 0.108999140888623
-0.0857600920484957 -0.112434410648814 -0.0171821596324222 0.0980236642537586
-0.112789167062064 -0.104220855973021 0.0261819093639726 0.0549395716282931
-0.111926830960406 -0.101015931655139 0.0444950247991905 -0.00847538806948749
-0.122354284447424 -0.131117499502702 0.0795558148074961 -0.0543306446894307
-0.0830470886897322 -0.194880734732034 0.120283855787993 -0.0663648786364974
0.00284411098481471 -0.213427973974076 0.159111381886111 -0.0311453380339033
0.127095001379883 -0.201612818624569 0.152809064812986 0.0449790715009898
0.227633117549092 -0.123390681838532 0.10711721443711 0.0849877330793427
0.248420844529641 -0.0312565707238639 0.0632693094725908 0.0362419483665142
0.21049919535327 0.0783833821568629 -0.0442309028916794 -0.0217816170509973
0.231524801224426 0.00285272772231241 -0.0926178990328388 -0.105207679961386
0.200185032973082 -0.0722315883338111 -0.144698508128648 -0.0918222221678157
0.112880064536671 -0.151826743554734 -0.170545045569906 -0.0157954347608821
0.0240897114959433 -0.181208770921604 -0.129210510320075 0.0315348071253116
-0.0521473889034933 -0.163154112880497 -0.098041540489279 0.053940645032895
-0.0914161553333918 -0.123004507473882 -0.0527270300108344 0.052481505968943
-0.111759285396157 -0.115176718102518 -0.0165719459959751 0.0131806917401838
-0.105765952480615 -0.113608022466673 -0.000930210875377006 -0.0458317356895751
-0.111460430913297 -0.145158573840657 0.0393480334791442 -0.0919982633174161
-0.0667866069198479 -0.203123049545225 0.0946460603616645 -0.108115123293967
0.0208169613415783 -0.215706246512434 0.155036017851256 -0.0593321340306056
0.148561273908712 -0.193214521751546 0.140218413005451 0.0405691521055845
0.244842009681524 -0.0999757485665947 0.0634451772256985 0.0957105280636193
0.248572378885804 -0.00709096148237198 -0.0220369418538632 0.0316720592892458
0.186041841972895 0.0753913124111376 -0.133791386860352 -0.0393532636026852
0.219318684888986 0.00234541798576132 -0.150809101167653 -0.0977517286679389
0.191330353954393 -0.0784909704681893 -0.155287190480551 -0.0895910729101324
0.0992059406499611 -0.152695471558729 -0.14992192327865 -0.0370758756054574
0.0135023611824749 -0.17031753226713 -0.126483703181126 -0.022230159998136
-0.0512049343847691 -0.149414052676018 -0.121583660102111 0.00111093731691126
-0.0823163621182103 -0.113211413525157 -0.0878844278758355 0.00594657240981773
-0.0938005471294479 -0.107609961961599 -0.0558690976876534 -0.0302937971402509
-0.083260685641768 -0.110519477861421 -0.0372697612199901 -0.0849202684418907
-0.0811739815215933 -0.13986398633992 0.0115909998477521 -0.126444739911508
-0.0316712605279398 -0.182208190062082 0.0793496516129442 -0.139023887158976
0.0491104070323589 -0.181738676473901 0.151040394031625 -0.0752880507933549
0.158575663225068 -0.144363780147762 0.122122639136397 0.0365487870798313
0.228981867500956 -0.0505713871354407 0.020158787384958 0.093250050699985
0.212931436775825 0.0251787870954653 -0.0948827397983822 0.0132675273842637
0.127541900400382 0.0624798478547202 -0.206503883819893 -0.0405483257584339
0.163738565692254 0.0068375779325574 -0.190883613469912 -0.0735557287050786
0.14432617604259 -0.0627509501961768 -0.158252875872336 -0.077622518018546
0.0681586735525667 -0.116887864059734 -0.128729954636869 -0.0534901761252088
0.00572936540706316 -0.122242644637467 -0.127289751716283 -0.0623049280228818
-0.037019288621511 -0.109007926175174 -0.142510385533529 -0.0376894649658401
-0.0586521964796976 -0.0852200789671438 -0.11794441123937 -0.0312121562674968
-0.0636276361810592 -0.0843635188225351 -0.0853720293315709 -0.0683693551449012
-0.0517243356866619 -0.0902653100152637 -0.0595154119683847 -0.120879626208567
-0.0426008462380815 -0.112332646767343 0.0013435369359175 -0.155377856410285
0.00375447267029075 -0.135661672353348 0.0799315933473481 -0.158563302607386
0.0672884636199445 -0.124219402522501 0.150928109573235 -0.07976888879526
0.145337193711233 -0.0785248273533498 0.105276652978807 0.0298677137869495
0.18031592029817 0.00329941716119788 -0.0118579169932604 0.0740992919986272
0.147868951161989 0.050474731752589 -0.144424897695867 -0.016470490696337
0.0457457547782506 0.0494282950305756 -0.247552014234321 -0.0275666193514463
0.0820660544315638 0.020932534950171 -0.204209432408158 -0.0455625945144498
0.0763636970490682 -0.0268526409961578 -0.15466232744993 -0.0649115974211497
0.0338873454328052 -0.0528904941977535 -0.116809655720888 -0.0609261976679609
0.00683457932870227 -0.0509151547869819 -0.133113754147646 -0.0792277383123126
-0.00758187775261305 -0.0521412973035177 -0.154566315747029 -0.0534335709689897
-0.0208173425218266 -0.0465596949629453 -0.136629722662113 -0.0534271281907134
-0.0240546905360356 -0.0481911413011356 -0.101321855733988 -0.0949302805777988
-0.0177490403894547 -0.054856743981378 -0.0667820551227138 -0.146775341362713
-0.00994978311153546 -0.0666477764398049 0.00678817946511549 -0.174899582411402
0.0225319801951053 -0.07375505318263 0.0898900176792696 -0.165294747109556
0.0607490936350603 -0.0643363302212657 0.15327461417299 -0.0770008846192942
0.106502598642801 -0.0226336669966577 0.0967377132647516 0.0205195374652019
0.107627803802531 0.0388952227694757 -0.0263339413149032 0.0468221397597915
0.0645323865128112 0.0587811760521695 -0.164611830434234 -0.0493128397275574
0.0182132721931064 -0.0354208463598182 0.174563090256642 0.0534175785825802
-0.0320932125276357 -0.0320820833962539 0.0483134010501123 -0.0555842049498563
-0.0386971174149145 0.000182253520388687 -0.0919193998008629 -0.0348275148344323
-0.0156643956930713 0.0175073677140583 -0.166982080682951 0.0537401176531752
-0.00531682736204751 0.00780858620265534 -0.116935341863221 0.16597739865011
-0.0120656996935437 0.005471428049861 -0.0166863538899451 0.192938266557249
-0.0173663122551324 0.00547543406248639 0.0594167656378865 0.155832537096642
-0.0264699605587286 0.00457619349558639 0.11775900647335 0.108765816534418
-0.0257542813640265 0.00275530041006358 0.142277437108322 0.0583745992649888
-0.0283125563788715 -0.00469153974909692 0.164138071158722 0.0421817595158649
-0.02268137206761 -0.0218721675157869 0.153988568842746 0.057034871687802
-0.00982702050150616 -0.0206070485897224 0.130233952156133 0.0631209789785083
-0.00782553153540162 -0.0320843751586777 0.150537375405678 0.0681927536928585
0.00527766214294636 -0.0496349850844675 0.199391209523342 0.0589651427416177
0.0408369227159726 -0.0339084558462907 0.256070722747817 0.0156445699861909
0.0924995614496261 -0.00392061603854961 0.155261136718327 0.0518307875978266
0.0467383846476248 -0.0261627636852623 0.035231344241225 -0.0546627521825157
0.024521573588397 -0.0154169766318625 -0.0955304049315396 -0.0412651239270484
0.0219146624160846 -0.0229258702387455 -0.171809759163776 0.0433300317624945
0.00685633289164128 -0.0478688177501611 -0.127740567024518 0.149353211894884
-0.0259989725188678 -0.0497134504387234 -0.0357326971520156 0.18100983957085
-0.0477007686426018 -0.0382062940826015 0.0424819381892517 0.152184002398281
-0.0673479386412397 -0.0368688922495396 0.0995567203970283 0.104438501991554
-0.0681306391521866 -0.0383019138863788 0.123693685424035 0.0458199774390212
-0.072682055789614 -0.0573616330588761 0.15052849681709 0.0159049369652067
-0.0505176306593583 -0.0973321773202817 0.156049650308315 0.0228509536352399
-7.99439543049379E-06 -0.104205577297266 0.144145894825485 0.0387386338355519
0.0520224705435468 -0.102398949739208 0.152900383526002 0.0611809096869239
0.0995451288460681 -0.0850494509257123 0.175601833207116 0.058707171996994
0.134782872198795 -0.0411919762116921 0.213013391276337 0.0195770065348807
0.155845129077777 0.0321753354297012 0.109798766435469 0.0350779574108453
0.126683123701983 -0.0138222690842341 0.00734110093478801 -0.0708610027215378
0.0964149805436552 -0.0321312878324128 -0.108401273432013 -0.0589368575550746
0.0642105581998692 -0.0689371806239122 -0.178393414732847 0.0291232933409996
0.0194072107708609 -0.10463047451952 -0.132109285607234 0.122629193501893
-0.0369105607067166 -0.101806128800112 -0.0541599224014334 0.153168395206153
-0.0717110329995503 -0.0795474253302449 0.0165097430341704 0.131486397682039
-0.0988501718436963 -0.0735931169848852 0.0674823710829971 0.0859622459309845
-0.0995358535984299 -0.0724256190601395 0.0880934005549275 0.0228662592980222
-0.108244891515444 -0.0982054424293267 0.1188419548695 -0.0190912341674981
-0.0771093447020413 -0.155189136867877 0.142093447691164 -0.0232259049423655
-0.00341341069232632 -0.171651281055926 0.153664873988799 0.00236208471489839
0.0918570746119158 -0.166340724199632 0.155688344177106 0.0513323172742232
0.173485542734574 -0.117193630270351 0.144114712481073 0.068207177682651
0.205739462670696 -0.0436407142863495 0.144720685796487 0.0279386684304458
0.198766278215165 0.0589480943566912 0.0405216335583958 0.00694974581692672
0.193117812297815 -0.00563649610987208 -0.0364714811579159 -0.0917870075120674
0.160991919389176 -0.0554049537262801 -0.126207546567201 -0.0792447828016807
0.0966573258381213 -0.118267249463901 -0.178335952263465 0.00980720439113546
0.0238655925910405 -0.153282049863026 -0.131064989858161 0.0830750938129341
-0.0482928798234946 -0.14232233869245 -0.0742604722399027 0.10960811618232
-0.0883129863972484 -0.108440452737962 -0.0151612475406185 0.0963258383105453
-0.114844430913524 -0.0990123845637491 0.0267260864704301 0.0541844353654932
-0.113035173323095 -0.0977540275720394 0.0421337864392763 -0.00828834262435664
-0.123877791703473 -0.126049405150496 0.0762978857000596 -0.0563851959006429
-0.0886307184886352 -0.189658330695568 0.117098491670785 -0.0689512280671698
-0.00249280637700218 -0.210370757822984 0.154387356239347 -0.0338910314778649
0.119423016993666 -0.201769807912413 0.151433074887009 0.0430490724000481
0.220424868024298 -0.127741321491569 0.10648774404843 0.082736134112291
0.24471234819606 -0.0345130299319127 0.0625641493498263 0.0343284093246921
0.210705947158578 0.0719811870675031 -0.0452272356614024 -0.0204843814090489
0.227106437267802 -0.00421851005999219 -0.0939789081369684 -0.101832134933527
0.196226628072356 -0.0764359289211486 -0.144795391667777 -0.0904529703416816
0.107042563499184 -0.152151462489387 -0.167789135663745 -0.0133424794979088
0.0178231599206939 -0.179014204237039 -0.127338971634763 0.0319060889888592
-0.0567900839223027 -0.158459291878255 -0.0969802957325805 0.0561824385649092
-0.093604393920619 -0.11933219119727 -0.0509327307246467 0.0517288362570827
-0.113223021091223 -0.109878871268157 -0.0163335303206744 0.0138104277932082
-0.107320255935332 -0.109897906310132 -0.00291796718245429 -0.0440748155055064
-0.114109950445512 -0.139999178912917 0.0349603388603708 -0.0918183914921207
-0.0723200630686677 -0.198222700754212 0.0903644126907985 -0.109622316539179
0.0151346873997892 -0.212858046476162 0.149680479278189 -0.0615952870083141
0.140535737488217 -0.194669871982361 0.139381713768975 0.0386425101317836
0.238257115145933 -0.105260315636145 0.0636663049745048 0.0948641647246329
0.244816058363283 -0.01020334356997 -0.0210254988725386 0.0316590530451823
0.187125466299691 0.0698275477949137 -0.133236106802157 -0.0362296058903793
0.214776861478303 -0.00379035674255436 -0.150352306574593 -0.0923819708491973
0.187028772127803 -0.0821481600218148 -0.155804325318526 -0.0874774181477417
0.0942625391784509 -0.152609012444351 -0.147918002683286 -0.0349479859722479
0.00828278593235542 -0.16754320431463 -0.126277869692177 -0.0208327989905446
-0.0547803981185519 -0.145400072210528 -0.120692077481705 0.00438092759124424
-0.0848504040121519 -0.109648635421276 -0.0867929464389634 0.00708937709447895
-0.0954047251572252 -0.102981415046722 -0.0564813060244025 -0.0286068626838412
-0.0850477264222615 -0.10735013711685 -0.0401863015777371 -0.0819049149047432
-0.08399770534472 -0.134868010776542 0.00732119856382451 -0.124205496155942
-0.0367941419125024 -0.177856718065811 0.0748198755566549 -0.13974967314105
0.0438010144947535 -0.179868612896881 0.145934471564501 -0.0770219377891273
0.151772770705187 -0.145754362727966 0.121258762628678 0.0350926596265178
0.223544201876005 -0.0562150745472279 0.0221089132501235 0.0938971199387567
0.20997096375012 0.0215263550913908 -0.0920148898613013 0.015032454460053
0.128648418365588 0.0592663771504727 -0.204819044470235 -0.0355519066666046
0.159969875934578 0.00261868497647147 -0.18859661094156 -0.0687893141596546
0.140242159654984 -0.0655207411265241 -0.157206298480166 -0.0756954465699067
0.0637898826178124 -0.116233477633105 -0.127558784267161 -0.0521411318615745
0.00138400303127116 -0.119288979343185 -0.128638804508128 -0.0604640161784299
-0.0397709330810025 -0.10573760096893 -0.142054998671566 -0.033279066159876
-0.0600437344775546 -0.0827423893420568 -0.11740926657518 -0.0284784113440561
-0.0645190818043029 -0.0809526166604369 -0.0868945368642189 -0.0651628612153286
-0.0530050172677116 -0.0880524514062691 -0.0627834163647305 -0.116643408573797
-0.0451753280142605 -0.108867830966921 -0.00259829409277925 -0.152718581786911
-0.000106967503771633 -0.133364258711602 0.0751198957128195 -0.158746776465731
0.0631157084253813 -0.1238307520262 0.145914862447731 -0.0817469615742747
0.140672141982952 -0.0806916708924614 0.104740088702443 0.0298766681322243
0.177494544127389 -0.00121486996912047 -0.0101605368426698 0.0751810971492036
0.14641854220449 0.0478117287903008 -0.141476458593655 -0.0136010063457003
0.0471253876142341 0.047781543567155 -0.24444537921986 -0.0228343449629276
0.0804115747605246 0.0188712953509086 -0.200449293190847 -0.0413898549900577
0.0742343916623264 -0.0285881665285082 -0.153403345083355 -0.0620251257161828
0.0315075245680251 -0.0521206086120347 -0.116304125348943 -0.0598894819059657
0.00528362614845398 -0.0489457675980761 -0.134990741047154 -0.0759637871469628
-0.00931462153954362 -0.0511721901744039 -0.154370953960053 -0.0486008085967316
-0.0220121221453224 -0.0464158457762776 -0.135551663800801 -0.0493478080714467
-0.0245928733452961 -0.0460198517409732 -0.102974158182663 -0.0911657909182808
-0.0179219098953242 -0.0532071119774955 -0.0710543203385604 -0.142152682791094
-0.0110751483966609 -0.0642417834811363 0.0018025012973393 -0.171538109870063
0.0200804118352222 -0.07357787443004 0.0845291351466257 -0.165225631754161
0.0577636412464059 -0.0643708342976373 0.148025449979907 -0.0791761946864388
0.103834937094341 -0.0246060030721455 0.0946663282926583 0.0200811174740943
0.106921442469183 0.0355196015773987 -0.0237789765446564 0.0479290692220217
0.0646186348216796 0.0573018845347224 -0.161185260977585 -0.0447899205382715
0.0170771769048248 -0.0355691838280368 0.173532271500528 0.0471986561746645
-0.0327836796772038 -0.0301503987142048 0.0449635006756854 -0.0565047455597864
-0.0382849889507112 0.00107754211180334 -0.0926156791039236 -0.033247328664135
-0.0146227495590576 0.0177718310004552 -0.164572065206169 0.0571129932559546
-0.00497409397151167 0.00751575608626165 -0.111134813659841 0.168582644968434
-0.0124293648792797 0.00610244917600629 -0.00910493235752577 0.191858107839291
-0.0176554820913709 0.00667706551786378 0.0639320534700168 0.152769816981188
-0.026115690198925 0.00520227163642757 0.121091340455332 0.103430793157159
-0.0258877239802377 0.0036276140802272 0.143622236916211 0.0527993951067914
-0.028446025309348 -0.00406551581810661 0.164577423195394 0.0354133713364081
-0.0236820230848922 -0.0208911009286951 0.15541811193431 0.0519358104073726
-0.0100780017797306 -0.0206418439717129 0.131601294211619 0.0611968751108885
-0.00905914096186288 -0.0319229219626105 0.152855596321537 0.064315532436815
0.00388036525566281 -0.0486446060833803 0.19942788395413 0.0526736564467203
0.0409226609802716 -0.034685955399203 0.253709975072307 0.00836141744283589
0.0924674135348034 -0.00701602979081543 0.154385504913027 0.0462224618476138
0.0450511058780575 -0.0280180294704417 0.0322498307919751 -0.055611120450501
0.02364124449048 -0.0170854009889478 -0.0964526863241365 -0.0403182319971334
0.0207550306532757 -0.0236021217935843 -0.169928996347681 0.0466978637963391
0.00479277323779279 -0.0476716807361808 -0.12180498715499 0.151424482858237
-0.0278240094800224 -0.0482254209165834 -0.0291354835777047 0.180601661282732
-0.0494850701093293 -0.0365058828005536 0.0463471414390785 0.148974253219778
-0.0686612972820152 -0.0340308881212601 0.102665251682606 0.100018763179611
-0.0696877364270961 -0.035839436842002 0.124135799323423 0.0408937914019721
-0.0752489652339905 -0.0548020247110574 0.149479860590256 0.0091416402495867
-0.0543531892967625 -0.0954441790588733 0.155862022504808 0.0174067566077135
-0.00382849295195738 -0.104204588288867 0.14470262117833 0.0360257657502925
0.0476259908412011 -0.104313891462259 0.155718406324803 0.0580476753745908
0.0958644255537929 -0.0877838639650385 0.175217866467062 0.0534502233630943
0.133942303877495 -0.0440001530229951 0.210717082578775 0.0131018369337538
0.15643854293345 0.0257689577922673 0.109323766863632 0.0310997236865783
0.124798449812714 -0.0186010685509997 0.00405897558817001 -0.0707215888953671
0.0950329390643451 -0.0364313384560544 -0.109488384694141 -0.0578030732711758
0.0610274787452476 -0.0708246644085279 -0.176222357361249 0.0331963132543047
0.0144707901579522 -0.10421214358775 -0.126835850519391 0.124981787388128
-0.0413893558635707 -0.0992782651973357 -0.0491808099870119 0.153647943210316
-0.0747473216805187 -0.0760397993166477 0.0201764310856468 0.129413945611682
-0.100988928667434 -0.0689183277099691 0.0704112207031097 0.0826372232550303
-0.102184859456992 -0.069022832104449 0.0876543978523479 0.0193503791123383
-0.112070625480028 -0.0938418263752905 0.116586050582835 -0.023888317044597
-0.0841071889459658 -0.151268600258414 0.14000105210665 -0.0283373624287262
-0.00974604057768347 -0.171332352478009 0.152408944719792 -0.000900001022678667
0.0845483565380224 -0.169105769708606 0.157672534062157 0.0481794116316238
0.167632415757191 -0.122890281790019 0.144481704014542 0.0641981846660926
0.204001839421018 -0.0482380750933271 0.143778625927269 0.0229936423863641
0.200220637268543 0.052010606034465 0.0395059202974002 0.00552071494529562
0.191204330954144 -0.0135598594166071 -0.0399831821734744 -0.090034452962427
0.158188819220119 -0.061748285029263 -0.129071239581893 -0.0774019716885464
0.0918935557916728 -0.120497794459799 -0.177214800770211 0.0141555024323645
0.0170307094693751 -0.153064778299824 -0.127908536881555 0.0854670722699559
-0.0544067246975538 -0.138629859540344 -0.0704857982361273 0.111517719696141
-0.0930965934813466 -0.104646725032695 -0.0124350495357518 0.0953813669181374
-0.117700787137371 -0.0933288609429006 0.0284580218552597 0.052596030871061
-0.116826215322968 -0.0938734201239355 0.0413471139289068 -0.0084466934135144
-0.128756369848285 -0.120786062047962 0.0727303642221869 -0.0579903089899773
-0.096857607950759 -0.18488425375966 0.113109427291374 -0.0736781908779795
-0.01054132021333 -0.209714476637732 0.151569153542427 -0.0372192366835715
0.110571828529892 -0.205464475417255 0.153177430205844 0.0399854001208904
0.214430507169714 -0.135134403417059 0.107842421621719 0.0808198706880424
0.242540489398012 -0.0403806060144421 0.0631626938628957 0.0321580770857942
0.212704946176129 0.0644375442806263 -0.0462041229251168 -0.0185915618227649
0.224841654440896 -0.0127222881525761 -0.0971067790786345 -0.0977322039090908
0.192487337296811 -0.0840300116636118 -0.147243464881367 -0.0880024417385009
0.101504377508355 -0.155192965771654 -0.166471205972115 -0.00970058683625967
0.0102050524302773 -0.178228746319429 -0.127121273811205 0.0343580799836562
-0.0636438343354791 -0.154892406719859 -0.0950077516603428 0.0597911946808138
-0.0986148990376622 -0.115213423405335 -0.0488203612612116 0.0532883947704398
-0.116952656409835 -0.104482555043577 -0.0161580380407795 0.0145598125163905
-0.111388316905787 -0.106140009791826 -0.0060904715886366 -0.0428566227579105
-0.119273701974323 -0.134908951504615 0.0307929941261686 -0.0921004930079551
-0.0811826978032987 -0.193314953304346 0.0854645789658698 -0.112440232579831
0.00711124109005344 -0.212605275701148 0.145468609457548 -0.0649303590677918
0.131948801098988 -0.199074905358442 0.140553971945859 0.0363980685091003
0.23197343219025 -0.113379395511341 0.0663762948166087 0.0939303389444455
0.243452592540598 -0.0162820886997914 -0.0193940118366471 0.0323951973755446
0.189259991356049 0.0627144430922564 -0.13391400609551 -0.031558117347271
0.21213187458531 -0.011690565756678 -0.15193554571779 -0.087587751231675
0.183121593383216 -0.0886814126103486 -0.15801275125106 -0.0844565395915067
0.0876653719414181 -0.155585962197119 -0.147942085288964 -0.0323176984477625
0.00104265841152156 -0.166185214643762 -0.127888494656763 -0.0185327649718449
-0.0613834465189528 -0.141817694855603 -0.121044666670893 0.00906010666591508
-0.0896947647210065 -0.106237629553716 -0.0861846054628788 0.0102506128523806
-0.0991475490623538 -0.0983172180469809 -0.0573977783669317 -0.0258143325635829
-0.0889371476345995 -0.104106037714332 -0.043941097396839 -0.078653314391785
-0.0885003099298095 -0.130887420139772 0.00211316855371813 -0.124053188138374
-0.0439139489702763 -0.175323441776269 0.0689505051992156 -0.141627020074925
0.0369911055569123 -0.180359618834279 0.141107490000785 -0.0806703465056934
0.144345159815356 -0.150771542580006 0.121735773882612 0.0342310578496622
0.219578454944848 -0.0636330192227369 0.0250832286803564 0.0940874072452371
0.210013447697142 0.0163148999734119 -0.0906960348518368 0.0170813650473465
0.130594836966369 0.0540512475818029 -0.205070743293142 -0.0297227731853203
0.158471556943246 -0.00317079843785048 -0.188853611133843 -0.062833567896264
0.136930685272112 -0.0708842143319649 -0.159042822151161 -0.0718217699906019
0.0588856090833857 -0.117598974571734 -0.12807995753987 -0.0500934757817629
-0.00342311341350199 -0.117902585641665 -0.131407558226157 -0.0575922402870824
-0.0438170440826356 -0.102857516262493 -0.143562683393566 -0.0270618740685648
-0.0639961271794151 -0.0796202058300126 -0.117778995810703 -0.0247244639648201
-0.0671168478355586 -0.0770045397782207 -0.0889141199784339 -0.0611289560986755
-0.056233513687017 -0.0853868915946879 -0.0680814638844614 -0.112721680893708
-0.0487902395289113 -0.1053642540292 -0.00822651566879507 -0.151405086557602
-0.00509785717632081 -0.131356216416691 0.0682992994210326 -0.159925828190054
0.0579641742631581 -0.124690798699889 0.140711903963015 -0.0857695186112632
0.135700531071542 -0.0846646633194116 0.104266997195242 0.028484441870174
0.175370601330082 -0.00766644612400775 -0.00663534086318174 0.0767401667672254
0.147167428196267 0.0440008498018098 -0.139769734505544 -0.00907340805440522
0.0487061586942618 0.046036019710004 -0.243707910076293 -0.015546440500183
0.0795523779205511 0.0159893882035737 -0.199391872675861 -0.0354268452240558
0.0720577552119768 -0.0310231151016819 -0.154064365254791 -0.0582620705251667
0.029018980747615 -0.0522186393074806 -0.116958363804129 -0.058008839924921
0.00339394424297106 -0.0483286064255915 -0.137884926619309 -0.0722794451406427
-0.0115791780849389 -0.0507074919268249 -0.155257266356763 -0.0418662640689665
-0.024034384738604 -0.0447421599729585 -0.136811103229323 -0.0437728307425958
-0.0256079130169717 -0.0439930803911866 -0.106944977063382 -0.0858039179148295
-0.0199245538961771 -0.0520925568568805 -0.0768259071889348 -0.137199250578288
-0.0134322354808706 -0.0624279207498603 -0.00340812382932394 -0.17057673893339
0.0172932889687791 -0.0733673223833207 0.0787098528845524 -0.166945760862029
0.0555147251952868 -0.065449250169253 0.144257073225177 -0.0826058971558538
0.101358543727867 -0.0278085094336315 0.0947578866758244 0.0192896517925318
0.107396008096481 0.0324022812056434 -0.0210898467212757 0.0497072618776874
0.0664943413370388 0.0555029213632216 -0.159823745626084 -0.0395633733940214
0.0151858777711218 -0.0356853064381175 0.172744544909213 0.0373669679990888
-0.0335099795985452 -0.0275863445849744 0.0410033783273489 -0.0573556186914535
-0.0377486912118072 0.00263595378677133 -0.0932928850093687 -0.0292725482589539
-0.0131803022727499 0.0186472520624177 -0.159274697969844 0.0631603305078736
-0.00482752398157175 0.00754174884149767 -0.0997810287502984 0.170370066799623
-0.0121706445637518 0.00636496435247773 0.00140036772749982 0.187904458867044
-0.0173592512792864 0.00808663536364875 0.0705094155985318 0.146665335353103
-0.0259838140371028 0.00728336377292351 0.124498857168967 0.0944252916254302
-0.025829330013975 0.00439696183449913 0.143694265490256 0.044220679223698
-0.0281139270716421 -0.00287004726993763 0.163278835168713 0.0250450404808582
-0.0247520228437056 -0.0194647684488812 0.155664477872185 0.0434657733956014
-0.0110335280920974 -0.0197657287341307 0.133019112526974 0.055408464807576
-0.010968780709861 -0.030928491225335 0.155062804616092 0.0562244119173962
0.00140366938828615 -0.047570142273132 0.197211889182013 0.0422568657578018
0.0395641642992427 -0.0363868962362095 0.248119560850442 -0.00352862440228571
0.0910303640475681 -0.0119126930612189 0.153112441461194 0.0379656666231877
0.0426496947927964 -0.029947152778966 0.0280777674550455 -0.0556227201403586
0.0222961622147457 -0.0190172935631889 -0.0969247642615834 -0.0368219265268857
0.0194621959687711 -0.0242081581286193 -0.165592846921089 0.0534248019921303
0.00125984730196345 -0.0474729292722174 -0.112714104662827 0.154394822326448
-0.0308391722142928 -0.0453844969296386 -0.0189068922286334 0.178240130453179
-0.051129049874907 -0.0326642323260049 0.0525061259015168 0.14378775624146
-0.0696273126084385 -0.0293680775559805 0.106490954682029 0.0922982033040813
-0.0707174505558043 -0.0318950685838262 0.124037480582422 0.0339217482919249
-0.077302135025408 -0.0504639068642388 0.1464725519359 0.000618341498324178
-0.059465691248414 -0.0904707959190654 0.154603877731414 0.00853950155814987
-0.00909686591027713 -0.102308201997487 0.143946075021253 0.0292573800398447
0.040944496299954 -0.104693283999113 0.156564721450104 0.0499461187862317
0.0897957351219295 -0.0911380219129179 0.173708765691846 0.0446181898648757
0.129775514103192 -0.0495031266258128 0.207088197721862 0.00315587807440119
0.156666818123469 0.0168514706626242 0.108144662779537 0.0256565314313171
0.120697114308996 -0.025454394716109 0.000338103547946795 -0.0689384588468361
0.0912605237551943 -0.0417206939837823 -0.111520692452337 -0.0536457636220684
0.0564452232126422 -0.0731053855630074 -0.172213978517467 0.03985614606188
0.00765271300722404 -0.102484661274998 -0.118955337055751 0.128951196375241
-0.0466593083162899 -0.0948454915246494 -0.0410093902694444 0.153327798956552
-0.0784269045913402 -0.0702298520592243 0.0259996105650183 0.126530875802999
-0.103632127947177 -0.0616535711128808 0.0736851733205689 0.077827198767308
-0.104634879788503 -0.0631113043437891 0.0866729101782823 0.0155607073507643
-0.115644442208382 -0.0866228680034094 0.112371889131422 -0.0296723637962501
-0.0919802783921726 -0.143918790259798 0.136830836970939 -0.0353717954092607
-0.0187817418805208 -0.16829682193832 0.14994299078278 -0.00657071805603231
0.07370310062072 -0.171483797459455 0.158221048750896 0.0409775402148507
0.15800189710453 -0.129858171114797 0.143882178911159 0.0574693928976292
0.199267144388666 -0.0574041223448721 0.141494872783047 0.0164578349833948
0.200624135300706 0.0403559853580879 0.0388095467519447 0.00433614142744084
0.185780523040742 -0.023155638789705 -0.0441263903085162 -0.0860066864375218
0.152040876881464 -0.0704919562822485 -0.132034971995986 -0.0721395574679498
0.0838355905284929 -0.124153950838113 -0.173325553148699 0.0212595383095627
0.00668667188526274 -0.150621916380914 -0.122456795481372 0.0890653901759639
-0.0621361018296602 -0.132225866282774 -0.064007605790398 0.113274258221508
-0.0980062654219168 -0.0977878161940358 -0.00722159126443986 0.0947456370284608
-0.121404361652354 -0.085254941555758 0.0308898716407628 0.0502340665245114
-0.120821134794879 -0.0862836379882138 0.0394586413303248 -0.00990083832569665
-0.133234945632796 -0.112188849377832 0.0679086162621836 -0.0608014235871652
-0.106616786025431 -0.176012815289935 0.107387417296527 -0.0789922114949527
-0.0218249780015504 -0.205667036752917 0.146602961110314 -0.0430543590332085
0.0964679007413336 -0.207961208805815 0.154193878273203 0.0336528830772926
0.202746887775212 -0.144372416115219 0.109267539085454 0.0756728823161217
0.237495837304518 -0.0511075892058658 0.0626224683667113 0.0283836835751863
0.213398395978104 0.0514007640271629 -0.0472800576850136 -0.0149509156988948
0.218911706672541 -0.0247448626397249 -0.100200747640255 -0.0912503640196325
0.184294063167146 -0.0938739123950104 -0.150236772705103 -0.0817798012085311
0.0914607577237037 -0.158337245349161 -0.164175490714731 -0.00325520599594099
-0.0002516527478197 -0.174836739906779 -0.125014541693014 0.0385638128579433
-0.0719974562909989 -0.148189590708439 -0.0910445484065586 0.0640033546687619
-0.104242691507294 -0.108049930404069 -0.0456266540760801 0.0541914391334639
-0.120653116084489 -0.0954852850500077 -0.0152020139103171 0.0152608655791482
-0.116498990713812 -0.0993407027884945 -0.00879348518930931 -0.0409037628152826
-0.125045564300222 -0.125341841388702 0.0243621351194344 -0.0913268508058564
-0.0915890951421523 -0.185541866982957 0.0774648226102734 -0.115057740083951
-0.00482858349324065 -0.209351173835291 0.139757342924025 -0.0702418484202772
0.118245430870163 -0.202311298045163 0.141162399369821 0.0309571492729237
0.22166212257992 -0.124503130198833 0.0702861118958303 0.0913128820765354
0.239796328366385 -0.0269074876307652 -0.0179467654864373 0.0326928819265814
0.189948284768811 0.051775195126639 -0.133674210397836 -0.0233566956263146
0.206711393367923 -0.0231340550258723 -0.153360422842137 -0.0776985078719844
0.174903927077981 -0.097900093427703 -0.161010025692268 -0.0777436786268161
0.0780228294962861 -0.157624788919514 -0.146329975441819 -0.0268944914578508
-0.00832065210853806 -0.162348308179294 -0.128828492229948 -0.0138448813767016
-0.0688618248780433 -0.13503273830326 -0.118958002007183 0.0162523703339003
-0.0949705915829133 -0.09935586822822 -0.0848895365776816 0.0134002576109893
-0.102433826501698 -0.0906769417412838 -0.0583705117873261 -0.0224032107225685
-0.0937705592086407 -0.0978712365141179 -0.0481887998281876 -0.0742108193371294
-0.094430988041008 -0.122779070255368 -0.00468199505742666 -0.120908673843054
-0.0536968129520878 -0.168908834968734 0.0598457566603441 -0.143209297830702
0.0268373559618599 -0.178819083420739 0.134484799103645 -0.0856606608161245
0.133126183747932 -0.155668019989345 0.122556635852237 0.0296097106879217
0.211349380892805 -0.074472721972066 0.0297322371928464 0.0925027207680459
0.207806260404648 0.00691678311142102 -0.0884291715405472 0.0218402719149024
0.131745955931199 0.0461343488459175 -0.203067976044465 -0.0190011966965119
0.154282796645066 -0.0114290128551801 -0.188299445757097 -0.05275993516091
0.130750477888835 -0.0765382767314545 -0.16091848782607 -0.0645973797592522
0.0513563427153314 -0.118343691321609 -0.128058554081643 -0.0449963840455106
-0.00990905623440868 -0.115298557096765 -0.134737886249036 -0.0514135351341362
-0.0496787132323595 -0.0981650886757342 -0.143028047766764 -0.0187346694969401
-0.0684580146516298 -0.075180752260265 -0.117782314811806 -0.0186171371216509
-0.0695356416673836 -0.0713216787414898 -0.0914524184496765 -0.054971503367001
-0.0601909796319894 -0.0811099063026454 -0.0742582030246649 -0.106145446250741
-0.0537952830934037 -0.100461352069443 -0.0163269074010828 -0.148153212985155
-0.0128326220154621 -0.128405798090017 0.0586803968118275 -0.161390350520571
0.0505676553024013 -0.125570317914715 0.133901998158315 -0.0905359263603326
0.128207433911863 -0.0897005289066353 0.104919243987253 0.0245847146391766
0.171520163165234 -0.0166804749800458 -0.00208044807692558 0.0773073253440198
0.146966973318918 0.0364485646054941 -0.136882869216123 -0.00183615757291623
0.0506014403797978 0.0430543917251155 -0.240492395710872 -0.00409867200119278
0.0788326693214989 0.0114009622455027 -0.19671688832823 -0.0261630978658466
0.0684141708692147 -0.0337576455137412 -0.154633691462913 -0.0511123835843409
0.0254540350919194 -0.0526265923615634 -0.118409772184404 -0.0537651654236189
0.000370125121473614 -0.0468788811101377 -0.141182411374382 -0.0655192167508247
-0.0146178225726413 -0.0481851632299607 -0.155242669872908 -0.0326933019124278
-0.0265533813525724 -0.0429577549102399 -0.137170774305865 -0.0367591717981013
-0.0266347044205984 -0.0416534857495282 -0.110952908393902 -0.0789475107136501
-0.0220131687564208 -0.0499386982684058 -0.083365893831639 -0.130504160272592
-0.0163961105325403 -0.0600306472631593 -0.0123563032407642 -0.167184218566214
0.0135667614194021 -0.0727179209240788 0.0679267503303893 -0.168738982723327
0.0511260894111046 -0.0671183429580781 0.137401890471053 -0.0882220650636592
0.0978237801379404 -0.0323101966660815 0.0949738568380706 0.0156416637698879
0.107372733664522 0.0261204670672323 -0.0174008732338356 0.0513827373244885
0.0677293771667197 0.0514235229251504 -0.158061981712196 -0.0310566550120579
0.0132478546883573 -0.0350906299416388 0.166103289361172 0.0275030432083158
-0.0338813435415669 -0.0245028841930873 0.0357352670408402 -0.0564533991193897
-0.0362716052933215 0.00414872506838315 -0.0910120790388931 -0.0247662588677119
-0.0111123605650227 0.0179976313645099 -0.149972921999088 0.0677359422391383
-0.00434503489444917 0.00744568831048031 -0.0870491518116152 0.167291976982286
-0.0112766418621797 0.00659652219735474 0.0108136934694178 0.178501006019695
-0.0161574520216524 0.00945614410624999 0.0742763692830917 0.136875488278014
-0.0246100559053176 0.00853415900549102 0.12407568513234 0.0839867586190062
-0.0251087797753871 0.0051259021312207 0.139242414019698 0.0341722562348054
-0.0273816769815313 -0.00183728830159137 0.157148188387329 0.0149367267871947
-0.0253519267927523 -0.017504900718103 0.152494828444981 0.0336984762846654
-0.0111950830080035 -0.0187200918022815 0.13095252222833 0.0492343651956945
-0.0121650103239215 -0.0291813949804373 0.15147500421306 0.0465160922539382
-0.000709734112719828 -0.0446821329584259 0.189728773143919 0.031913416127278
0.037162878403951 -0.0366931672833807 0.236171435287057 -0.0138983259362763
0.0868303566868098 -0.0157936546257778 0.147959034631189 0.0293625095035362
0.0383592424128691 -0.0306400296885054 0.0240364724303541 -0.0538751496367306
0.0198694221363641 -0.019703987646413 -0.0954223470648997 -0.0323478542632277
0.0179394330375592 -0.0242786501422219 -0.156374959326681 0.0580615355408714
-0.00137720525681316 -0.045143842210799 -0.0997426831934485 0.152047043756609
-0.0321966809631314 -0.041058398013005 -0.00947238859530124 0.170370955265149
-0.0511430295944688 -0.0283170574389694 0.0575336880959643 0.134774495647916
-0.0687348883328592 -0.0243058683126029 0.107354445076754 0.0825023537672321
-0.0704468463989093 -0.0275129990827388 0.120159590093461 0.025979017684339
-0.0769070315635362 -0.0439354728871037 0.139880836618599 -0.00735272043144396
-0.0623774390422235 -0.0830995958014537 0.14881006999859 2.86620986397248E-06
-0.0143705316895942 -0.0975333582011364 0.140150578675877 0.0233834395312514
0.0331245084995263 -0.102240826840873 0.152842515984818 0.0409835534573994
0.0809540350739771 -0.0915529607144521 0.167479960004935 0.0361684265438432
0.122913918851637 -0.0534136001728462 0.196751717921831 -0.00579159522761345
0.150796183227056 0.00817006457377439 0.104437912154179 0.0199330070738689
0.113070220971566 -0.0306470130043621 -0.00325328134507118 -0.065586076778991
0.0840586278531268 -0.0454375152691394 -0.110501592126226 -0.0479688552148498
0.0499620894749448 -0.0726489890998955 -0.16239891525333 0.0457581139007021
0.00100703659184024 -0.0977276685345645 -0.108130812058074 0.127680530604258
-0.0505479550959927 -0.0873148287799287 -0.0316408583456525 0.148290031112154
-0.0800201850181655 -0.0625308790992912 0.0316434258608066 0.119746791278591
-0.103208964675142 -0.0534944056002748 0.0752663164045882 0.0701818538010224
-0.104542410957456 -0.0550462737959995 0.0835657656182994 0.0106387818484032
-0.11617821543843 -0.0763886469229438 0.105813706036218 -0.0341885598403495
-0.0969750741680353 -0.132296669819794 0.129308022580135 -0.041300639715636
-0.0271189720446136 -0.159630950242498 0.143095897148903 -0.0120459171322716
0.0608930457881118 -0.167349388954116 0.154715770994199 0.0320983203514941
0.143722140679797 -0.132086665633925 0.140065520174238 0.0496902018323435
0.188670388051269 -0.0634903915851223 0.135468785510983 0.00978273062569553
0.19447076669222 0.028104781342713 0.0376779204680702 0.00371115725762356
0.175657202340978 -0.032163905636393 -0.0462424852220838 -0.0791664466676869
0.141373199394597 -0.0758137993470537 -0.130131936764834 -0.0646449334503216
0.0736347510154478 -0.122680670781225 -0.164864146189389 0.0269458951629436
-0.00195098182435041 -0.143764947665544 -0.114330779203364 0.0904783598186854
-0.067241452611441 -0.122204677841451 -0.0558278737074529 0.111688925942858
-0.0998787656229478 -0.0874918120274491 -0.00216997879908396 0.0906010183064108
-0.120684641362588 -0.0746654440332216 0.0328102543853379 0.0466518826194825
-0.121374837322944 -0.0764488460474671 0.0371396096530293 -0.0103526413404116
-0.13447545152057 -0.100094096100568 0.0612559256701254 -0.0614576513614957
-0.112463787543191 -0.162245115774826 0.0986269421161482 -0.0810681156923062
-0.0319750176958034 -0.195834577369096 0.138760918446974 -0.0462576200531661
0.0801086981720742 -0.203874450319526 0.149977408962848 0.0263340877205668
0.185387577156606 -0.148491362309337 0.108128087500943 0.0688935285360648
0.225494467624658 -0.0588524424333977 0.0615404353308629 0.0252907655774505
0.207035864276652 0.0381857306724237 -0.0459249158294075 -0.011217094002568
0.206730088330482 -0.0345730586422328 -0.099437983028947 -0.0813884959057391
0.171088158133885 -0.100179916054693 -0.148217786798939 -0.073096962663136
0.0791706602723512 -0.156291331105545 -0.157492701337397 0.00306785069253373
-0.010623280403823 -0.166579372728325 -0.119663777500136 0.0417313949983138
-0.0773112298251924 -0.136771389651754 -0.0846392780986113 0.0662291656446597
-0.106619860483343 -0.0968489433326541 -0.040787589059043 0.05391166634415
-0.120788589147011 -0.0849665888539461 -0.0139529097647633 0.0152622870472353
-0.117293243152839 -0.0893233723254715 -0.0110165032223763 -0.0373964262093648
-0.126673469122516 -0.112940896489172 0.0183513001655692 -0.0887797130477171
-0.0987859668864698 -0.171528869793124 0.0680985893612485 -0.115214171118923
-0.01611957341711 -0.199745006399474 0.1301599847426 -0.0727322291119401
0.101016388512234 -0.198539523727309 0.137895705763716 0.0242712306046647
0.204881007840863 -0.130412509083987 0.0718778296079436 0.0857117877216722
0.229053125132269 -0.0361797886500936 -0.0153274925336094 0.0322712093903151
0.185008477438185 0.0400345929855347 -0.1291583370165 -0.0161106626042596
0.195896711708337 -0.0321432678349349 -0.14991523280168 -0.0673323681869962
0.161425290359588 -0.103360878443351 -0.158076788517905 -0.0678393023963171
0.0665034169831515 -0.154665525036558 -0.141292693016075 -0.0205594804723973
-0.0172137181756216 -0.15413348645757 -0.126260392821567 -0.0076601089323251
-0.0741736098870108 -0.125004422374931 -0.113762461015439 0.0222460410328026
-0.0972484436990695 -0.0893712958967678 -0.0806875073363253 0.0174578464249994
-0.102730848090659 -0.0811223102627951 -0.0575622769555934 -0.0182253180442347
-0.0955467922544667 -0.0893368274528802 -0.0506713150098077 -0.0678099180656042
-0.0970671841200301 -0.111894202252831 -0.0113311895190867 -0.1153728029896
-0.061394005183708 -0.158328977606182 0.0496806953867941 -0.14036290308543
0.0151295484931183 -0.172798050175616 0.12416161112713 -0.087645422842071
0.11811229312837 -0.154877043053063 0.119507921187192 0.0239343220622755
0.198027976064211 -0.0822479560978 0.0336867199555512 0.0887532284648896
0.200283050433142 -0.00268106892769198 -0.0835325714381432 0.0254566923206528
0.128592855829376 0.037837292082668 -0.194747132942125 -0.00835867146113186
0.146235971984136 -0.0189277686365318 -0.181849939894609 -0.0418530619555283
0.120334508937325 -0.0803476068598492 -0.157199051351572 -0.0560787758960325
0.0429457472940172 -0.115581320099174 -0.125089933050476 -0.0395808677784891
-0.0158839319532252 -0.108868583443831 -0.134081729564139 -0.0435033580552178
-0.0530973909074552 -0.0905701949544909 -0.138047305313462 -0.0100670497043674
-0.0697858097613211 -0.0678240285546747 -0.113879435093283 -0.0117894479101079
-0.0701771564368514 -0.0644816862852308 -0.0909466303301784 -0.0477971799896944
-0.062330357032381 -0.0746026071808561 -0.0763397847996426 -0.0966864266410676
-0.0563059599182213 -0.0925365989256795 -0.0233214776687124 -0.140543407530006
-0.0193416908531427 -0.121673443506319 0.0474453242318662 -0.157665292817265
0.0416990601371558 -0.122094946918377 0.123111108279309 -0.0922225438410836
0.117083888010658 -0.0920393119988485 0.102322961890594 0.0205375727940933
0.162793126987376 -0.0239556186816102 0.00260633053088458 0.0750379491750454
0.142542657696722 0.02878721633074 -0.130231700659664 0.00436568789603086
0.0507932670009548 0.0377279844308009 -0.230357142911363 0.00659297376146513
0.075160296100707 0.00759204572899009 -0.188167784870123 -0.0167950586913906
0.0633817931553447 -0.0356213976518467 -0.150787576721753 -0.0432132107737242
0.0212759586621365 -0.051036358051206 -0.115759165672857 -0.0484622240826883
-0.00158291976753102 -0.0440688640227543 -0.1400459387075 -0.055780168532655
-0.0168094695055566 -0.0452262480652904 -0.1506599208004 -0.0227948684074911
-0.0284086245822575 -0.0392412311190674 -0.133462375901023 -0.0282353934427994
-0.0273485091328357 -0.038125004306739 -0.110684602355405 -0.069043426023356
-0.0234212801244115 -0.0463161830435278 -0.086877221794689 -0.118806540187227
-0.0179621738041387 -0.0557515110164492 -0.0207455764515357 -0.158976943553028
0.00903825659489245 -0.0694361253940523 0.0565957018948808 -0.164132885724839
0.0451417969620407 -0.0662720971835345 0.126917028429397 -0.0904806666515469
0.0913949620016929 -0.0351814274543686 0.0918465854752736 0.0122193025717946
0.103742188540354 0.0200163767436673 -0.0131158274640195 0.050858931583379
0.0676910139649491 0.0465535512089991 -0.15143666611311 -0.0227378752797736
0.00941112355695387 -0.0357037691236287 0.157297843379743 0.00968921520967552
-0.0341635967115063 -0.0195058819578422 0.0281041245932653 -0.0558833802365679
-0.0338090087607027 0.00824779390958388 -0.0872519132453979 -0.0141936456593418
-0.0086278327112173 0.0180222855934582 -0.131589231260992 0.0815616720890565
-0.00451497806515564 0.00703735064147559 -0.0605037051097574 0.166896338433305
-0.00936541190612776 0.00739807175235134 0.0305737219961638 0.165400586629266
-0.0136429043295025 0.0107545281348243 0.0861311642029308 0.121770959085614
-0.0219620078091653 0.0107919337790872 0.12546682842016 0.0628566362715366
-0.0232525397764478 0.00767570579632785 0.133641890599808 0.0163761322654953
-0.0265828731908973 -1.08408906698085E-05 0.147000950862311 -0.00480318373198111
-0.0265264149805832 -0.0139065098055478 0.146168853970113 0.0149296399000179
-0.0130545284271906 -0.0178901055986969 0.12931760379832 0.0327049703791655
-0.0153603123056287 -0.0270481672963764 0.146757742134927 0.0273515671801875
-0.00608087813265905 -0.0428163816986521 0.178305751699057 0.00690583267644354
0.0298900996866705 -0.0410289709836362 0.22024162981183 -0.0400022730170006
0.0823773462372482 -0.0267884561682659 0.134333107067595 0.0136808421400274
0.0319406568580973 -0.0325026172764692 0.0157117394468062 -0.051920192999135
0.0152129116685529 -0.020523777222714 -0.0948445974589078 -0.0196716624452198
0.0136072390115603 -0.0243617012987497 -0.139516213197978 0.0744289458445625
-0.00712368578731833 -0.0414813276766159 -0.0753890549653339 0.155979077970726
-0.0342288190648488 -0.0338112620834267 0.00931363777956602 0.162236420354798
-0.0500689508689437 -0.0194442474841542 0.0685060892834593 0.122612400860619
-0.0670589725058399 -0.0138927891298062 0.108838369220457 0.0642021872166346
-0.0690772552511799 -0.0175122912707925 0.1132359779154 0.011492750878006
-0.0769282529438282 -0.0324209714959606 0.127079432603935 -0.0229942916206295
-0.0691586063860915 -0.0697581016622119 0.137176458784502 -0.015311358013573
-0.0255045862030367 -0.0900442514173868 0.13214871794089 0.00722947907747211
0.016675765465616 -0.0999996401336875 0.146993967709047 0.018784984941515
0.0631152835519568 -0.0942663067665673 0.160475917221267 0.0101054971741328
0.105938776098028 -0.0656972785419816 0.187609112713527 -0.0281415942896312
0.146278357935253 -0.0115327986758192 0.0872063140341904 0.00910647831863844
0.101088445898338 -0.0402682054458999 -0.0136973236171303 -0.0592335554266764
0.0716144367563013 -0.0516628946570304 -0.113563251333012 -0.0321030493169267
0.0389435251575087 -0.0723657474664676 -0.149525861776521 0.0640892212242764
-0.010999739289207 -0.0908705125715089 -0.0883168181519362 0.135376077117942
-0.0566447600749472 -0.0745724989255443 -0.014715872093237 0.145674408354398
-0.0804354601060077 -0.0478839852899038 0.0411762460199206 0.111503277082658
-0.101411261851809 -0.0372791197858945 0.0772280963856338 0.0559359345800569
-0.105066116145109 -0.0391528196772532 0.0766977359649442 0.00214586464425028
-0.116551183723627 -0.056867850632904 0.0903004350934209 -0.0433670234025185
-0.10705026639791 -0.110033805106143 0.112105461924306 -0.0512096468245346
-0.0446171303337908 -0.145431050777455 0.129677243163168 -0.0276539538761786
0.0334491564643412 -0.162969198039159 0.146279025457632 0.00965205179414882
0.115305804998065 -0.138733231861478 0.13849727552472 0.0221643237384721
0.164590907202931 -0.0821501013317556 0.133758145527619 -0.00650305971847954
0.190030652237306 0.0019440820146149 0.0190650491396905 0.000571710229958229
0.159004544427842 -0.048560372811637 -0.0569729117030552 -0.0661290190111733
0.121118426405738 -0.0861270218962228 -0.137261671347331 -0.0442454072613143
0.0551573576748053 -0.121681776079615 -0.155322127235438 0.0478301540610964
-0.0184469028254695 -0.132874750074221 -0.100030441140765 0.103005719753575
-0.0761864731324185 -0.105398757390128 -0.0426242938570468 0.116255093067293
-0.102426958087741 -0.0690408579455723 0.00520326314331003 0.0889973608095255
-0.121635777006026 -0.0546990183447819 0.0351900343492241 0.038700107525091
-0.123565427617803 -0.0570717366395766 0.0311708140697914 -0.012722626858629
-0.136259170203262 -0.07589747009631 0.0448295635177824 -0.0634273430972601
-0.125163287237789 -0.135329946161926 0.0778627276677799 -0.0848733909764539
-0.0535870380292933 -0.177606734056434 0.120029415773853 -0.0600521585872708
0.0466295368316071 -0.199152589911745 0.140970206866321 0.00301915227252762
0.151810206847084 -0.158352366191227 0.113350599468493 0.0425329924036076
0.198365212124828 -0.0816522111987281 0.0675820228829068 0.0158138153680952
0.203930320544832 0.0101145486611261 -0.0616609961714712 -0.00486107206247487
0.188221026414924 -0.0540573506045798 -0.108206854467037 -0.0625232970046341
0.14672353688588 -0.112074624331236 -0.156842221389412 -0.0491888059661116
0.0569193546629802 -0.153000486450703 -0.152506517525363 0.0250699407064389
-0.0285943027537847 -0.153295606775034 -0.111855551040699 0.0592044629396124
-0.0872611825330379 -0.117384684253449 -0.0742433417680322 0.0777702684873851
-0.109795091976707 -0.0769106526779198 -0.0368459763423771 0.0593468244596333
-0.122214642902633 -0.0644209820734129 -0.0120458378632682 0.0163805281266836
-0.12106799465662 -0.0684682769333776 -0.0171098435025644 -0.0322037901331265
-0.13061587766212 -0.0889254418257415 0.00171106294911148 -0.0842190061310035
-0.113046496780194 -0.145444353529909 0.0455484141256981 -0.113309378070329
-0.0395652794857999 -0.182818977522586 0.108463128952687 -0.0843752344513907
0.0671768614122453 -0.196993160607386 0.130062187784424 0.00250559301631873
0.171725127576839 -0.142957507155545 0.0825441176158584 0.062753999628094
0.205005653017347 -0.0602355994468785 -0.00397702667089725 0.0312368330950186
0.181023555099454 0.01451850732747 -0.138560524005991 0.000157430218819679
0.177643306876506 -0.0496632707089313 -0.153315501183328 -0.0437386485520529
0.137746869923085 -0.113910607879423 -0.164471988894887 -0.0431539240996659
0.0449421510515615 -0.150315796002298 -0.140526114476775 0.000595509915131534
-0.0330761940279759 -0.141646618706677 -0.123958882560487 0.0133248651824582
-0.0829491726848641 -0.106764327899822 -0.106050743418437 0.0395858376541637
-0.100125996803077 -0.0709459176712418 -0.0778538052556499 0.0283409813362489
-0.104824028120189 -0.0631818064302266 -0.0565223865938914 -0.00952623857390744
-0.10026143662432 -0.0711219926483982 -0.0570897344392368 -0.0559455554006658
-0.102512174691915 -0.0911630485296054 -0.0283287083826987 -0.105570845107932
-0.0768428303344159 -0.136753918794948 0.0259482791867163 -0.136030941527488
-0.00691784588910762 -0.161110965259267 0.102738852902792 -0.0985321600983898
0.0879974194089095 -0.158216971227591 0.11466524074809 0.00435653400870546
0.171552802485029 -0.0978224820698895 0.048622539084186 0.0719932676193496
0.182493217367135 -0.0253349887529531 -0.0692834856361423 0.033545082147842
0.127180758619339 0.0201008501101419 -0.194505935045036 0.013265752707394
0.133076725114442 -0.0317500667829754 -0.178168655750918 -0.0171728599820404
0.10193730174514 -0.0880227411240897 -0.160349387302803 -0.0321666866405841
0.0274601489191103 -0.111024428748973 -0.125698621467367 -0.0204077606119953
-0.025804697387609 -0.0996193917490375 -0.134429738071528 -0.0206821402792953
-0.0599454489179138 -0.0777569868651113 -0.132887580426095 0.0109046716896886
-0.0732248219454411 -0.0545724386977184 -0.112136222207235 0.00379290933249632
-0.0720223605787068 -0.0512840677160513 -0.0913843815338644 -0.0332895606613914
-0.0668939237013364 -0.0613138889682633 -0.0842931309911241 -0.0796724290224927
-0.0629393703631376 -0.0774042734232269 -0.0418550535714818 -0.127931355506646
-0.0332312438154955 -0.108133194234458 0.0229631102692953 -0.152707828790611
0.0233301106899085 -0.11676239437356 0.102934774626549 -0.102562631787458
0.0954437171747649 -0.0990261593431501 0.0994410159031591 0.00434433098585627
0.1455596853715 -0.0407423550025921 0.0182045607626862 0.0652082213390427
0.134468096372308 0.0109401549418767 -0.117422592921724 0.0197116741467366
0.0523898694989731 0.030122984403423 -0.220233027039274 0.0294793317064252
0.0697410136255489 -4.97214633512634E-05 -0.179682719676287 0.00461556131431717
0.0536961479282124 -0.0395765158232096 -0.149665478256932 -0.0219299454822375
0.0140921462500526 -0.0490113715450204 -0.117159880441989 -0.0314759484588909
-0.006562842530634 -0.0413331571978793 -0.141440873558683 -0.033775955304331
-0.02133565283828 -0.0396271965779768 -0.144710110658689 -0.00296448805515095
-0.0313680234512057 -0.0321319947961685 -0.131380961823371 -0.0103854514528354
-0.0288542456994287 -0.0320992050775847 -0.111647329613246 -0.0500560668074154
-0.0276762162081679 -0.0385335682074021 -0.0958956205464698 -0.100586137083195
-0.0226401010199497 -0.0476754355222105 -0.0400224657254189 -0.14560333066286
-0.000524749041034521 -0.0638854648680925 0.0322878513976815 -0.159318521253733
0.0325213765207745 -0.0661010046488678 0.108221766559381 -0.100345106684776
0.0786685447851924 -0.0436914184657357 0.0892495169133005 -0.000243350164083214
0.0972753522800339 0.00615871332212327 -0.00064498894554738 0.0475679260341774
0.0675130303265325 0.0351371390688994 -0.142269813247371 -0.00226798705646664
0.00999771042181115 -0.0338236264025379 0.147848760584729 0.0115954261164374
-0.0317163936871456 -0.0182549612795475 0.0280199784123148 -0.0526539087610547
-0.0326703188443324 0.00719045696181377 -0.0822315487754534 -0.0152856864240947
-0.00848278818127516 0.0160136942088339 -0.126093548934444 0.0744204016260121
-0.00421853605992054 0.00631699480084311 -0.0589020717412392 0.155655470186258
-0.00903613130616044 0.00693679340853023 0.0265400236798683 0.155309465360922
-0.0129786267780073 0.0103574996631959 0.0796970579325318 0.115993668004613
-0.0209676507850675 0.0102232242397551 0.117960225055009 0.0604709784416179
-0.0228513312574366 0.0066234435392895 0.125466393397376 0.0175433533574131
-0.0257038657065722 -0.000644643974046308 0.138355233779937 -0.00346377424457875
-0.0249701187194631 -0.0130826659618474 0.138114438662199 0.0158168585634994
-0.0120882692149111 -0.0174365099624802 0.122277666187352 0.0340864071746108
-0.0140000020414564 -0.0252750386563452 0.138571114543436 0.0279352961815512
-0.00451237497718403 -0.040464268730595 0.167770617738669 0.0107936005344612
0.0295165726943012 -0.0381595466425235 0.208008814482114 -0.0322998383978607
0.0781220312254862 -0.0241224706051328 0.126373923292331 0.0154590770243906
0.0302643444836084 -0.0296347498553127 0.0159364183846181 -0.0490498053528843
0.0135465318362469 -0.0193281554302065 -0.0898102021999961 -0.021070977755026
0.0132039764952774 -0.0229011992402409 -0.133581084135867 0.0667324718241413
-0.00670902444134944 -0.0390594474835059 -0.0733675865970151 0.145392023295704
-0.0319332603033728 -0.0317483290985814 0.00655930567446555 0.152559007721899
-0.0468031506033301 -0.0180971710727547 0.0633024766082954 0.116419439301495
-0.0630244310141401 -0.013584631061299 0.102799569100068 0.0609579754566054
-0.0657611995618042 -0.0170989871898993 0.106966348909001 0.0123579458946201
-0.0725702634592015 -0.0316801667566933 0.119055099281812 -0.0204926142681706
-0.0656138121536518 -0.0659967658077607 0.129390128971214 -0.0133268723345546
-0.0229120483519816 -0.0852782392271868 0.125383857396292 0.00977416205542751
0.0164101402959956 -0.0938874262377377 0.139371670601402 0.0211731167726299
0.0603978673939516 -0.0880796404490197 0.150847256656566 0.0128194884411235
0.102238069266558 -0.0602718129508123 0.17644002697967 -0.0224052523427825
0.138118084962593 -0.00946809418029517 0.082841515087429 0.0103242389227621
0.0947791908901579 -0.036380428561458 -0.0108257767234516 -0.0558616784812559
0.067084198525173 -0.0481068830666487 -0.107845955574823 -0.0334785023707508
0.0370929947221354 -0.0679938081996245 -0.142136165245674 0.0563164807738644
-0.00987420905383648 -0.0852294180424883 -0.085288766378845 0.125968698486469
-0.0527912916894395 -0.0700434166757653 -0.0152930150125275 0.137708810800719
-0.0759803388497379 -0.0458244495559913 0.0372788579985752 0.105630103801897
-0.09592044452219 -0.035931276238178 0.072451761007419 0.0525195975900181
-0.0997710084371218 -0.0375509507059513 0.0727916827354657 0.00315581830488208
-0.110116777129689 -0.0553324672891127 0.0851845898688419 -0.0399863732483918
-0.101004777815189 -0.10417226083079 0.106679871128741 -0.0475725920771436
-0.0405688019046738 -0.137462724278565 0.124047854597346 -0.0229563202527907
0.0326523469984364 -0.153497401961038 0.139387554185135 0.0121500970277027
0.110193136682842 -0.128905752336855 0.130186078717053 0.0249282751705078
0.157413829172779 -0.0747179968720629 0.126039937821677 -0.00365423496884588
0.179575982213641 0.00406706284558043 0.0189575365052041 0.00104817259242429
0.149493088002817 -0.0433264886908928 -0.0514402418620391 -0.0637516513102767
0.114157566233899 -0.0801737906391239 -0.129191615347038 -0.046168709786931
0.0530827213140299 -0.114265757383468 -0.147094802712497 0.0407695822811458
-0.0168930003870307 -0.125035527550742 -0.0958958522072609 0.0956981973738053
-0.0713206291566196 -0.0989676879497966 -0.0413603229482444 0.109944866608998
-0.0963835501751271 -0.0654590131211864 0.00380506615787783 0.0837847257982794
-0.114541332477196 -0.0522050512198147 0.0329592603059338 0.0368347183541065
-0.116341190264068 -0.0552233249258759 0.0296300630190301 -0.0109162035651714
-0.128537420547006 -0.0728110791373632 0.0426107055765211 -0.0589075540702597
-0.118048681231098 -0.127942919475081 0.0742129847760704 -0.0801141729233636
-0.0493255748673056 -0.167796498237626 0.114595516067305 -0.0539023211623758
0.0450451152085474 -0.186579131122502 0.134223900258744 0.00587398705687882
0.144831240909625 -0.147704248865063 0.106903310688986 0.0436312172271531
0.190509735429788 -0.0733639647166023 0.0633683657835337 0.0166561365512864
0.191965898394672 0.0120442542639621 -0.0572369332144854 -0.00513566235548214
0.176796380876378 -0.048236139736349 -0.0998156677628266 -0.0602309697131174
0.138238495665024 -0.104150328939677 -0.147907014672509 -0.0496844206880814
0.0547319766959629 -0.143524588524099 -0.144786690188032 0.0196059261460165
-0.0259128463604689 -0.143968749477344 -0.107725746464244 0.0542104176294178
-0.0818079954404299 -0.110296444610669 -0.0713108438937562 0.0736294648856317
-0.104102332770404 -0.0730661885744128 -0.0351649881798251 0.0552869830348524
-0.114825413491602 -0.0619804930358294 -0.0118386225060056 0.0146958690409722
-0.114327755274955 -0.0657627982492372 -0.0155147005843109 -0.0294575171368329
-0.12320660440375 -0.0846593773125729 0.00234838811621515 -0.0787693129532771
-0.106889399934175 -0.13777794873227 0.0439554023538735 -0.107169457539326
-0.0358193327924317 -0.172548504625982 0.103651062800612 -0.0767798478267102
0.0644598045827844 -0.184142867546297 0.124337121561415 0.00558826708706438
0.163061894000511 -0.133842146436937 0.0771616810175412 0.0614477833844315
0.195447190695947 -0.0533414341740805 -0.00373530145568357 0.0305086359820417
0.170913416640202 0.0161319257798563 -0.130317597017148 -0.00227427600087714
0.167030132216583 -0.0445881326683531 -0.142543621748288 -0.0427648853473684
0.129824898624499 -0.105366454944387 -0.15498036960247 -0.0438369958587228
0.0434931560116144 -0.140741343857129 -0.132808136943959 -0.00324630691045209
-0.0296887429336675 -0.133046167744149 -0.119043013439368 0.0109886321128254
-0.0777712895684008 -0.100873684608839 -0.101662955934624 0.0366728065883382
-0.0944286566876982 -0.0670295856766163 -0.0744554828745726 0.025967214518408
-0.0986348887522779 -0.0603775095805142 -0.0540213687067612 -0.00996188152558222
-0.0945180775324382 -0.0680205928809709 -0.0536754961204601 -0.0519010166746839
-0.0966893197848277 -0.0860489696086308 -0.0265029674646012 -0.0999366022778519
-0.0725152103739301 -0.129597956487489 0.0253673057174112 -0.128257224099707
-0.00532171451376325 -0.151509682237861 0.0978130030931094 -0.0904207459600694
0.0843669744817733 -0.147220884205594 0.109723659774094 0.00769816134400633
0.162107023355146 -0.0904209624949686 0.0457190871918253 0.0695047166609609
0.172752071544636 -0.0207160774452041 -0.0658048274012066 0.031116313672283
0.119876773751301 0.0203492294070981 -0.183551313397759 0.00907767545137225
0.125021397331028 -0.0282263480001712 -0.166675146916366 -0.0188357971937351
0.095661907846933 -0.0811283498553458 -0.150172854568455 -0.033671466270697
0.0270839187991929 -0.103818857935794 -0.118763690390306 -0.0235078126506486
-0.0239282551392469 -0.0934780075386487 -0.128628832155976 -0.0212777146061157
-0.0559855316974537 -0.0731411564409537 -0.124908184208399 0.0092381113142595
-0.0686699035999621 -0.0513170457614624 -0.10626826721563 0.0023642496467945
-0.0672814344871627 -0.0493135598630008 -0.0871342816101246 -0.0319807418967447
-0.0626042394923097 -0.0586946613873224 -0.0793866392961503 -0.0755533797971865
-0.0584306526321989 -0.0733700693575074 -0.0383257932796591 -0.121148901551597
-0.0310077604585742 -0.102102554802753 0.0233642831934822 -0.143439821009665
0.022779910812839 -0.110036951262103 0.0983780671040096 -0.0948939986996118
0.0902118087225744 -0.0920305441576148 0.0947056199482178 0.00700960725852709
0.137939001281004 -0.0369271923475691 0.0167852543880249 0.0628580377581702
0.126942500825898 0.0118302732690143 -0.110564045166467 0.0172365943392653
0.0490167236096225 0.0292366709615901 -0.208176513315358 0.0235686117123316
0.0651188612595161 0.00100850028762906 -0.169142514856583 0.00127762586295497
0.0505250983634769 -0.0366276642522207 -0.140501938901564 -0.0243026475743666
0.0137887898897576 -0.0456987782032566 -0.111114705488982 -0.0330564413898048
-0.00517774619035097 -0.0387235346778542 -0.133950885408688 -0.0329759997003879
-0.0196831568661067 -0.0375783266500965 -0.13654271146309 -0.00358665900533341
-0.0294245103473849 -0.0304589247865272 -0.124563311862292 -0.0111132943608956
-0.0263022282667039 -0.0304574004162614 -0.105204235025046 -0.0482788995684734
-0.025142360903999 -0.0375873633356105 -0.0893208908308847 -0.0952483889730534
-0.0206772397519488 -0.0453467624795461 -0.0363601433340449 -0.138120562874241
-0.000287648960028565 -0.0605393994052066 0.0324389672327605 -0.150132374563721
0.0313202425984682 -0.0620411366062619 0.103663268061196 -0.0929619968912809
0.0744738591998476 -0.0397303163454577 0.0845520373288522 0.00225436108716221
0.0907563298497767 0.00687736983760161 -0.000171560920069704 0.0449692450774854
0.0628669718486418 0.0340868819014996 -0.133543403505925 -0.00441773445730398
0.0116076974188157 -0.0321985795486492 0.143191754880403 0.0168686762932623
-0.0295498505549527 -0.0189028658760238 0.0298049212583418 -0.0510636500890781
-0.0316466528842282 0.00545184454261575 -0.0791197675951524 -0.019538158844063
-0.00838679360495864 0.0150092097332759 -0.126576598649333 0.0663672087731457
-0.00444343007230039 0.00605229415734327 -0.0627975527917716 0.147836826260088
-0.00954412790061278 0.00629601142531707 0.0199484947952045 0.152173296177161
-0.0133537557399923 0.00966035411617638 0.073124783551176 0.11559472670357
-0.0209923145833678 0.00910519319141317 0.112416395535581 0.063223558853209
-0.0225668871682403 0.00572683164419662 0.121944667457513 0.0224053994391321
-0.0259068164900486 -0.00168174193224173 0.13449767229036 0.0023763207303236
-0.0240954876323441 -0.0139202696357032 0.134900318933007 0.0199376178617693
-0.0105188646026997 -0.0170132880956077 0.119249443599056 0.039192255820876
-0.0130450381835552 -0.0249433024123002 0.134049244483139 0.033981133712094
-0.00261601738715777 -0.0392275674713239 0.161923837046729 0.0188307814319798
0.030828604957417 -0.0363832796544381 0.202944282154084 -0.0215245364273083
0.0773801098423223 -0.0206582802450005 0.123383491623045 0.0202134148300636
0.0302745115513966 -0.0273057903306759 0.0178360107007251 -0.0471410786303087
0.0133077630945075 -0.0178926587769427 -0.0866660291638633 -0.0249064233328946
0.0133165455171075 -0.0221598694532801 -0.133490995260288 0.0585199843494991
-0.00510650289632393 -0.0377901975353667 -0.0765488763488767 0.13745711271068
-0.0303079167381512 -0.0317595418995068 0.000882567407941103 0.148272894328792
-0.0453908080906813 -0.0189291450897593 0.0571786916993778 0.115754996500762
-0.06118694495499 -0.0147851939437162 0.0977833077256934 0.062851659964872
-0.0648417165222201 -0.0191185273291498 0.103932967720574 0.0167442901375463
-0.0705483202530805 -0.0339230306102545 0.116509227969745 -0.0151586383716906
-0.0614078673398575 -0.0660857437783557 0.126875861331008 -0.00887397728171506
-0.0191493912717917 -0.0844108015245686 0.12283809473636 0.0156873874845804
0.0194060647257145 -0.0900967165387286 0.13553513001027 0.0265562121734401
0.0625469497404514 -0.0833972158435584 0.145549118912124 0.0204698137956601
0.102049659515047 -0.0546305343240395 0.172410756997879 -0.0127997518271689
0.134693273678762 -0.00468011355461033 0.0810503415179081 0.0137352271585448
0.0931196790823566 -0.0311315234993059 -0.00758023648224865 -0.0543742758278679
0.065772094212093 -0.0440198475733216 -0.104204232152324 -0.0383467849421385
0.0378264752324701 -0.0641143696400935 -0.141211720885968 0.0483153514238757
-0.00629748282451098 -0.0823002457915186 -0.0875479734189118 0.118484659740267
-0.0493261454344322 -0.069254312134366 -0.0204962077720239 0.133436395934009
-0.0723878755706605 -0.0462876988175225 0.0329512318763998 0.104035965037721
-0.0926275461425214 -0.0376462544815452 0.0690014779509333 0.0541045643537489
-0.0962776324173395 -0.0407183537286881 0.070970543422033 0.00628597033915422
-0.105668386401098 -0.0577423249010121 0.083963488783382 -0.0351368217612986
-0.0950212471348768 -0.103606385598993 0.105138550536575 -0.0431629558969304
-0.0354697294783819 -0.134891292345772 0.121823486607615 -0.0158133044317761
0.0372073424409415 -0.147123046874571 0.135342706140966 0.0180039085732643
0.111901758674615 -0.121602318372495 0.126226828269879 0.0315339717598083
0.156858402657656 -0.0664525263890871 0.123112811007031 0.00234094258933661
0.175032533743417 0.0101344201079735 0.019418051729611 0.00229426395843158
0.146443276956364 -0.036021280356258 -0.0457933602670617 -0.0635742200798759
0.112808002625814 -0.0737504545250205 -0.124837153466795 -0.0508769514730898
0.0550534654892946 -0.108945060213974 -0.14522230471327 0.0319097568605524
-0.012003393452245 -0.121438013095106 -0.0977271745031968 0.0878607603074105
-0.066685838907377 -0.0979175267447673 -0.0440975072933259 0.105809540437251
-0.0920505183726857 -0.065925311883098 0.000819497320564422 0.0816829339571421
-0.110010329660879 -0.0544458656547033 0.0304919824340429 0.0368921708129439
-0.11270958861655 -0.0570158183883229 0.0294520672159463 -0.00881716061649357
-0.122883060769531 -0.0753621626900138 0.0430532197337936 -0.055213406702301
-0.111151712578812 -0.127401118061295 0.0747073324206153 -0.0760048326072498
-0.0428638082154293 -0.164407058349548 0.11341408847082 -0.046284680451997
0.0505938231001788 -0.179494864481074 0.131967587180942 0.0128931220422333
0.145881483640216 -0.13786421933316 0.10288777282984 0.0483639247926827
0.188296427503353 -0.0627198619801183 0.0620315205663946 0.019226367510653
0.186788273008904 0.0185566536231825 -0.0545612079665018 -0.00653554659319242
0.172631943285646 -0.0399366135071918 -0.0929875932736992 -0.0616616736622218
0.136944114377349 -0.0957020562227459 -0.142575634093217 -0.0554518887514901
0.0577892610247626 -0.137319577112339 -0.141798687001569 0.0113523156688357
-0.0202359352668671 -0.140416074178086 -0.107967376683107 0.0477856326555841
-0.075982151946456 -0.109192624453045 -0.0714610896505183 0.0696714447078639
-0.0988336137960502 -0.0734896767833278 -0.0360277300876369 0.0521173588872087
-0.110386874341592 -0.0634908520016349 -0.0123747822255823 0.0137893612958104
-0.109890304268451 -0.0681836313149861 -0.0140503446624829 -0.0287386311363704
-0.117550786631638 -0.0863975901719857 0.00470778874378906 -0.0756097182219165
-0.100425553981375 -0.136446400874867 0.0461150573223907 -0.102326607563685
-0.0299880891483743 -0.168669346992861 0.10402575998477 -0.0695426162080703
0.0687231119640396 -0.176046986645585 0.122225867540626 0.0119907792431123
0.163083835223861 -0.123225836728127 0.0738120294169733 0.0643696506454709
0.193056018172859 -0.0435333539108375 -0.00450319467571579 0.0297411193653034
0.165488006577863 0.0220137857579912 -0.125496674989819 -0.00726643821496287
0.16384268791626 -0.0361337081260428 -0.135346862483169 -0.0470430839589665
0.12948374142274 -0.09731018569171 -0.149801699439296 -0.05004950561416
0.0472507410326209 -0.134735515240004 -0.129524438571168 -0.010959484469899
-0.024549368456563 -0.129892041208154 -0.117452789121097 0.00622122691516972
-0.0719934484818171 -0.099942209121749 -0.0994480226990544 0.0331016119175321
-0.0901326034328826 -0.0680072449501742 -0.0732103520493715 0.0226463542774355
-0.0942714000969271 -0.0620054667903141 -0.0528634553451017 -0.0112456648962832
-0.0902358186790644 -0.0690252160618677 -0.0503665380720168 -0.0519716029272986
-0.0908537523722901 -0.0869961769945115 -0.0227466739844318 -0.0972883584483239
-0.0663431288303301 -0.127640807139602 0.0288410448771641 -0.123886295944606
-0.000327394817217651 -0.146910413747832 0.098469423782994 -0.0832475287880158
0.0864257898049183 -0.138924253415282 0.107906322214714 0.013296611796207
0.160835848684976 -0.0816220143359426 0.0424387586564309 0.0706335372409758
0.170701746221548 -0.0133526259275665 -0.0646583987592719 0.0276820674259715
0.115507692093841 0.0242339614887176 -0.179000387363257 0.000996093332934428
0.122674476958076 -0.0221593204628586 -0.160511152488921 -0.0251866530655398
0.0948031887385818 -0.075054158604778 -0.145356355673484 -0.039373644775618
0.0298833393043939 -0.0995794488833944 -0.115662537137062 -0.0288060660139643
-0.0197455360634083 -0.0916654113468777 -0.125792542734097 -0.0252414145683558
-0.0518045391139093 -0.0726174428456981 -0.121956287913305 0.00469804389126913
-0.0649148501206616 -0.0516472988381802 -0.10375134274397 -0.00136480949333793
-0.0637136873021193 -0.0501433593659752 -0.0841732656623842 -0.0343464445400661
-0.0594007128262581 -0.0595759771400339 -0.0746097263279956 -0.0753263580643622
-0.0539612707371268 -0.0725886433283315 -0.0329562393155554 -0.118683222837754
-0.0267389268189584 -0.0999625713574526 0.0277160448830198 -0.138804253468972
0.0259627897577007 -0.10528674524913 0.0991580111181999 -0.0875977113997922
0.0911302894012346 -0.084788922960243 0.0931924038361299 0.0125378170245152
0.135048004500221 -0.0306986859472788 0.0150016430154526 0.0623423683124343
0.123257882439207 0.0174650083878608 -0.108030559910877 0.0124258449429363
0.0466945132750956 0.0306167058630031 -0.203947648368243 0.0139311187654971
0.0634435229200246 0.00367671088976568 -0.163166271294334 -0.00682025348919422
0.0497785621441873 -0.033379405408628 -0.136025188558786 -0.0300178972935032
0.0149913777617686 -0.0431426140726124 -0.107778099743738 -0.0388074002675932
-0.00351625429083574 -0.0374709411121921 -0.131357616209053 -0.0365924124759116
-0.0180756601082977 -0.0366325380923523 -0.132689283653906 -0.00830640236085829
-0.0274572287962331 -0.0298176922112733 -0.120445220215049 -0.0152151964021338
-0.0241955426114857 -0.0310108560433351 -0.10175356249723 -0.0508583362416609
-0.0232154251694763 -0.03718426811965 -0.0841240346623544 -0.0942638570439827
-0.0178088141801495 -0.0439091409188552 -0.0294531803590465 -0.134738984710774
0.00194099535810874 -0.0588996821809241 0.0369437097325072 -0.14398357565565
0.0327052891484893 -0.0582725844709634 0.104176557257447 -0.085733601785511
0.0732728282055292 -0.0355092696670519 0.0830863016363366 0.00683105847470444
0.0880871847483951 0.0102358103415985 -0.00141520958197719 0.045216164233116
0.0598186162576171 0.0361409956686249 -0.129115594895701 -0.00951939707216002
0.013642995404129 -0.0326204152985895 0.144283294835044 0.0231295989075131
-0.0287708923235399 -0.0201616200689665 0.0323521805057455 -0.0515327337094991
-0.0330779354851327 0.0045937554231475 -0.0801733563228954 -0.0244912919525582
-0.00974087649154721 0.0142658288317241 -0.132516102067849 0.0615410170986877
-0.00459240531267365 0.0050470545256257 -0.0695446181550757 0.146564359369737
-0.00990885937899044 0.00571022859529596 0.0139889960461347 0.154167886363648
-0.0135919973525939 0.00933632818295068 0.0696289678579047 0.119777933527891
-0.0221015008595867 0.00926047451981197 0.112466300322334 0.0674712218931316
-0.0241527203747373 0.00462219579087177 0.12255235797882 0.0271753521788698
-0.0265227304640621 -0.00326323833958014 0.135727393543656 0.00729250421945134
-0.0241319879873476 -0.0149730986725785 0.136197019740408 0.0259820474451942
-0.010462339904704 -0.0184772228704928 0.120220151051982 0.0460339839508464
-0.0126049556234266 -0.0261021971549697 0.133894210817563 0.0403706942814109
-0.000845290441736978 -0.0399789116116497 0.162714924713666 0.0272469898882144
0.0332542788875569 -0.0359601212564763 0.206874067830843 -0.0114848879570856
0.0794131644610236 -0.0181372184634158 0.124412875544682 0.0256708625241833
0.0316840493744078 -0.0263034784277599 0.0208205694973242 -0.0479800033066152
0.0131215689897899 -0.0171165571731461 -0.0872715012424892 -0.0307850246636423
0.0145174553425243 -0.0218025593413446 -0.138277000919267 0.0531338209285789
-0.00411045568999232 -0.0382678969572201 -0.0829194279334105 0.134976898003556
-0.0296125348868282 -0.0330944971213752 -0.00516444856294453 0.150190354705524
-0.0450617463703805 -0.0209268388746351 0.0534857050459436 0.119440971933484
-0.0617116249306737 -0.0171978257329495 0.0969121006775958 0.0666779851268361
-0.065805489996383 -0.0217324081724836 0.105136348606614 0.0214132982390116
-0.0707860627980069 -0.0369676026019105 0.118180650159758 -0.0102534633509178
-0.0602493934481626 -0.0686010856016202 0.128676387193901 -0.00360736265922555
-0.0164136360345575 -0.0857093962842257 0.124733046340125 0.0222617039368517
0.0230012171575912 -0.0904961437059457 0.136461601432037 0.0332828948484978
0.0660964527114852 -0.0815837782967907 0.146651890823993 0.0290180696038155
0.10626217157553 -0.0508654704883444 0.175033941023349 -0.0040018976282917
0.136713173130501 0.00109460445127795 0.0825561922488557 0.0175336349822002
0.095435527019298 -0.0275597648803609 -0.00347226430824787 -0.0554729100343989
0.0678368623726867 -0.0411995905665813 -0.103868441220542 -0.0445368004305975
0.0407963001521222 -0.0638142542492877 -0.145438026396727 0.0420065323924579
-0.0035336439474147 -0.083482186061486 -0.093714548047224 0.115318110488962
-0.0474659644672938 -0.0711503734365439 -0.0256412691477593 0.13413882268948
-0.072005568971713 -0.0487418049365876 0.029105361544963 0.106703487214046
-0.0923413014705089 -0.0408297590019355 0.0680286799162099 0.0567580267984166
-0.0972197327676729 -0.0444498581369475 0.0717718397304905 0.00928412222651534
-0.105639645095375 -0.0625720043247084 0.0855617550920511 -0.0319595188980783
-0.0935745636924166 -0.108106207704148 0.108240888749826 -0.0401815511829579
-0.0312745034589329 -0.138148523001617 0.124680745877138 -0.0101043623151219
0.0424408777055603 -0.14699555768493 0.138085633810942 0.0246538071156605
0.117819029111941 -0.11851885819128 0.126883534109755 0.0390888341055804
0.16266663444739 -0.0600901160506877 0.125193191766975 0.00865394365421933
0.176835430235207 0.0169247762116101 0.020479659969514 0.00295299540289423
0.148971033000509 -0.030221270771315 -0.0421889762057261 -0.066042834215389
0.115501411619809 -0.070053395830341 -0.125323206461614 -0.0577666332377293
0.0595061552096439 -0.108155959455248 -0.149613287470939 0.0252030168856609
-0.00828174522971055 -0.123211442432178 -0.103541315398582 0.0851309055739377
-0.0641878447406662 -0.100547547120722 -0.0482627487726771 0.105857246732868
-0.0912036491745975 -0.0694530614591256 -0.00213438101923786 0.082893218999545
-0.109570439632269 -0.0590156976505439 0.029000901729246 0.0381333006200954
-0.113254663250241 -0.0621475337966003 0.0300494888095941 -0.00768476125411653
-0.122866703891768 -0.0811178353988195 0.0456615935085053 -0.0542741893477344
-0.109300743277078 -0.13279031649441 0.0780142116200309 -0.0743332624609189
-0.0380863850982737 -0.167642200849551 0.117813105517173 -0.0420387523814511
0.0578032322552378 -0.179106249236611 0.134709424233793 0.0192100042763529
0.152668490195721 -0.134227369094301 0.102488059730126 0.0546816980275011
0.194808883455051 -0.0559847235376828 0.0622007127159304 0.0230269803407044
0.188492419999 0.0261402590328846 -0.0539820622223376 -0.00917165739347429
0.175654272557063 -0.0330414400641271 -0.0894832230608368 -0.0661891384557139
0.140955012967031 -0.0918142584550207 -0.142427310195467 -0.0631522475207759
0.0635705728269153 -0.136733372575121 -0.145332982152568 0.00350832787340027
-0.0158937520037755 -0.142468102017939 -0.111948207773144 0.0436609503305359
-0.0737974233106276 -0.112286725866159 -0.0746625741241853 0.0677861750327837
-0.0984022001717642 -0.0775238693742235 -0.0383149300521312 0.0516054020151509
-0.110431187883081 -0.0674817628648472 -0.0134602539851125 0.0135532716348174
-0.110400777525702 -0.0725862343258964 -0.0130030603714059 -0.0291961296041949
-0.116228264735303 -0.0917816610968398 0.00708859563033136 -0.0756126614915029
-0.0975956980212685 -0.140801302044722 0.0494113166526544 -0.102544636146431
-0.0247841902473872 -0.171725933546985 0.108662302929835 -0.0651312621767313
0.0755043083133442 -0.17500372035822 0.124676678385178 0.0179304702287301
0.169763357426654 -0.119315504768873 0.073011139117018 0.0699196474452267
0.198155029493983 -0.036653217698698 -0.00482945428878723 0.0305768852361674
0.167877334217687 0.0287767796518506 -0.126694483557947 -0.0125058171864512
0.166929459768576 -0.0302960457308475 -0.132703471326098 -0.0531556059301501
0.133904343946388 -0.0930321095483088 -0.14999663943745 -0.0577206999217182
0.0524528454357441 -0.134767310506522 -0.132256497569318 -0.0185018537254801
-0.0208596252660119 -0.131489054663049 -0.120871925182684 0.000890946076249455
-0.0699402954958452 -0.103384944051013 -0.10168016211974 0.0293134489630393
-0.0889863129407862 -0.0710642259654012 -0.0749469769934388 0.0203416338164658
-0.0933174258621049 -0.0662146265603423 -0.0536851810665731 -0.0133899561179975
-0.0900560275323525 -0.0731693910412205 -0.0491162425423685 -0.0538993786376985
-0.0892381371839879 -0.0908814469419669 -0.0191353811755317 -0.0985541839389529
-0.0637610637763004 -0.130684692000765 0.0334132926152599 -0.124557657650886
0.00471876859786322 -0.148186834714358 0.10350305914042 -0.0796328140708394
0.0927383211995292 -0.136560924414466 0.110608566969404 0.0190528970557479
0.1655845486873 -0.0763807619858863 0.0409700489166422 0.0743748364683487
0.17424124580073 -0.00622384040009594 -0.0658699830797375 0.0254607488916608
0.116006048582675 0.0296312836088811 -0.180706343874004 -0.0068355653933672
0.124779025610098 -0.0168995722736004 -0.159658834843435 -0.0332113967050965
0.0982105882550639 -0.0716384477588036 -0.146119238187781 -0.0468676421732658
0.0335637247985876 -0.0996140194250632 -0.117011060508545 -0.0367055115942425
-0.0168718449097279 -0.0928724834160426 -0.127675067636814 -0.0305848364014891
-0.0504543042829396 -0.0751690417229114 -0.12356118398163 0.000168916937305096
-0.0644130950095439 -0.0536621375159797 -0.10549073180637 -0.00487699637724327
-0.0623744318156167 -0.0535191099687681 -0.0848350057743537 -0.0372864053135461
-0.0581442194494728 -0.062034600652506 -0.0726432601482641 -0.0789559507129181
-0.0515434422727055 -0.0752106970264106 -0.0292021246006907 -0.121230602048884
-0.0243779251218275 -0.10188484121388 0.0330776254847415 -0.139258579950323
0.0298799647695047 -0.105300400627184 0.103937532527817 -0.0839462390250179
0.0951843159366375 -0.0812748049848781 0.0950656355874093 0.0176891553976803
0.13771512124349 -0.0259985718220574 0.0134874014985683 0.0642964369461196
0.124974880467026 0.0226045486258953 -0.109711066437223 0.00811585504769045
0.0459751005862708 0.0322838643958433 -0.207130655484817 0.00489792740210193
0.0639110148521226 0.0065376430365494 -0.16482786619818 -0.0143752531048595
0.0511094492304645 -0.0311471836274379 -0.136585363499234 -0.0371852528194694
0.0166708747719002 -0.0430790912832497 -0.109174504362758 -0.0453540885663848
-0.00209202459971138 -0.0378949671726884 -0.132233340322647 -0.0425563599734264
-0.0172696618584886 -0.0376816863607501 -0.134282049178894 -0.0135047407518411
-0.0267440463403656 -0.0309897721364405 -0.122407013468404 -0.0196865618571777
-0.0235492390478488 -0.0322469434670349 -0.102394443426773 -0.0543423021228377
-0.0220420346042726 -0.0387524751292712 -0.0814061064656745 -0.097769629941042
-0.0161122762817771 -0.0452329390264182 -0.0252803022341086 -0.136992474272845
0.00365025593209376 -0.0594098914634533 0.0433397567328303 -0.144105667570972
0.0352039542487764 -0.0580441294581734 0.109062421400004 -0.0812954861670724
0.0756638393922913 -0.0327832671780627 0.0847768256959031 0.0120981035744184
0.0891399976255584 0.0137816342482169 -0.00217412252923609 0.0456692097802877
0.0587754141571645 0.0387136109374715 -0.129977371271143 -0.0142970195556919
0.0150017292927561 -0.0342356324378956 0.151494839328618 0.0269167260291903
-0.0294686198571936 -0.021540445931675 0.0348299085596192 -0.0545215247644416
-0.0346484475109919 0.00442615264064731 -0.0845789642933313 -0.0277039378173872
-0.0102097433933365 0.014736073136483 -0.141877591343055 0.0622312227926512
-0.00505374941990606 0.00471866741529426 -0.0756310067691768 0.151711402320297
-0.0102204895233589 0.00610306055194733 0.01303080530009 0.161230459325104
-0.0144937852164189 0.00970488758456961 0.0709978131246154 0.127282038639985
-0.0232835528218912 0.00930049761686774 0.117210097456142 0.0726663853520833
-0.0263384985405942 0.00472814907602006 0.128954224673841 0.0305289512019078
-0.0287059339770193 -0.00377556521428583 0.142034164821697 0.00974310123549922
-0.0250733653694393 -0.016315418391918 0.142407486538796 0.0290678199791759
-0.0102035368317763 -0.019883042663335 0.126344136701325 0.0517837293646113
-0.0126354979022393 -0.0272426586855939 0.140586819064154 0.0449386532883225
-0.000144928827303231 -0.0416747356932105 0.169968635983378 0.0326152298287328
0.0357969700879253 -0.0381309337293536 0.216379049510456 -0.00695376917045064
0.0838403525816029 -0.0186598052316706 0.130303580631205 0.0293760295390076
0.0335735398235475 -0.0268212860335503 0.0232167955969307 -0.0504304035435395
0.0135594792035148 -0.0173925944450318 -0.0916294966220236 -0.0347317209462881
0.0151414735564397 -0.0223137235707775 -0.146941817610926 0.0523773137147787
-0.00382746155483538 -0.0405812953485748 -0.089839204036435 0.139136503301138
-0.0310172020784517 -0.0345845135228844 -0.00705709018513917 0.15730830075072
-0.0475394814168491 -0.0223846103038329 0.054571838585557 0.126502040257066
-0.064684417056581 -0.0183480623048094 0.100949354791411 0.0715279088213944
-0.0695198630724383 -0.0236792615120827 0.110507632452203 0.0241558193911911
-0.0747453306629251 -0.0394788723274233 0.12433161733846 -0.00910248226404515
-0.0626515553184352 -0.0723446596654862 0.135505497477276 -0.00278936576377649
-0.0165513086219733 -0.0905711532681993 0.131979647386198 0.0259690203959114
0.0250677253425609 -0.0945119751451138 0.142738034416929 0.0382272014179916
0.0709113524222768 -0.0851409012866659 0.153637497499242 0.0344705785144703
0.113391332519039 -0.0518692301873249 0.184496990982868 1.23768252770238E-05
0.143778074233302 0.00207493989173375 0.0871027284590708 0.0199624959623131
0.099426626118539 -0.0270521173306952 -0.00130255568716729 -0.0586756932386901
0.0703861494146558 -0.0419807276922884 -0.109106685175364 -0.0497087817788513
0.0428600514328903 -0.0661435211490498 -0.154496508501688 0.0405955386891774
-0.00320438562140455 -0.0872067426115639 -0.100670518494047 0.118968529189916
-0.0494881866320052 -0.0740179864768982 -0.0282311777185813 0.140286263202336
-0.0753104144057067 -0.0514460474911895 0.0298550058844052 0.112260360463037
-0.0970500064627719 -0.0434253789397048 0.070395553918391 0.0600243126565591
-0.103046156548308 -0.0475617854799922 0.0760254867675171 0.0115812205925762
-0.111374611423338 -0.0668027247349979 0.0903270467377901 -0.0319990138926673
-0.0976909674904383 -0.113952403834445 0.113759626401418 -0.0403789027950283
-0.0320123645519402 -0.144593021993274 0.131240040575269 -0.00777358100857468
0.0467979338029159 -0.153342019588212 0.145832287158632 0.0291252646015324
0.125049262703037 -0.123023582143373 0.132652894171013 0.0444044778430934
0.173033537762221 -0.0609921756802863 0.132233584024756 0.0129010786686853
0.185700020652012 0.0202325482128521 0.0230250654618781 0.00361452249069606
0.156220654548106 -0.0289895188520212 -0.0411195880835717 -0.0702082771425686
0.121319555125421 -0.0706839624958126 -0.1306583619019 -0.063985458905098
0.0630237483167973 -0.111876117182598 -0.15847213800793 0.0224424920643999
-0.00773116956603463 -0.128211680698604 -0.110885931322862 0.0868035064891176
-0.0663917419366841 -0.105295219021644 -0.051674518452956 0.110641272743264
-0.0951640267493297 -0.0729034374227362 -0.0026724172935792 0.0862216264512773
-0.11470711516025 -0.0622408789001629 0.0298390265729062 0.0399810370690065
-0.119426866784946 -0.0657966217202532 0.0316813851070153 -0.00705330332126656
-0.129261370856022 -0.0859751296635492 0.0478303359804528 -0.0554238300266566
-0.113821845526894 -0.138831810950899 0.0825563153630693 -0.0768075452971823
-0.0388752591408223 -0.176245114434974 0.124428919964975 -0.0407145379215299
0.0620120176074143 -0.186793668887228 0.143020703646595 0.0234450952427907
0.161846164294253 -0.138862160901904 0.108375631716302 0.0612398033334182
0.206457463806138 -0.0557908312965999 0.0655539647010357 0.0260816823735219
0.197833058338684 0.0300397205135779 -0.0550439562197607 -0.0103176801007938
0.184562503792798 -0.0318935727919134 -0.0899156477960735 -0.0711779894997604
0.148269139604445 -0.0934082024629043 -0.148743972439012 -0.0696749964147816
0.0677328975208528 -0.142280673749278 -0.153244160770681 -0.000449982362065273
-0.0154216491216318 -0.149325933198047 -0.119730413176208 0.0435804855630711
-0.0768857148879789 -0.117366542251017 -0.0791535651407421 0.0705031971429623
-0.102444566842989 -0.0810905957840374 -0.0401369905985952 0.0535883385217724
-0.114884627649538 -0.071765078806162 -0.0146760874278812 0.0143426933602306
-0.11605249335229 -0.076880022677036 -0.0136758417955019 -0.0300609401344294
-0.122040786494788 -0.0969049469640387 0.00807610243875444 -0.0785940060748147
-0.101880766277097 -0.147862962241138 0.052609740834311 -0.107059836072082
-0.0247329827891949 -0.179150416957054 0.115469021484862 -0.0657936690508244
0.080720028653764 -0.181774676771574 0.132378460690738 0.0220837455506434
0.17906929932035 -0.123046000603361 0.0764308850935863 0.0761555577154171
0.210132632453327 -0.03478942942405 -0.00505197115023675 0.0327946346747963
0.175617390880294 0.0318228205565801 -0.131982218102707 -0.0151710473254546
0.175082213445183 -0.0289405248540422 -0.136004085205926 -0.0583541841707639
0.140449015884785 -0.0953482502374522 -0.156554950425692 -0.0640431154060425
0.0563599677574398 -0.140185214041721 -0.139477889421357 -0.0232951239258693
-0.0204826685444766 -0.138133591140125 -0.127827408094708 -0.000787261823325612
-0.0728254753668912 -0.108186719619162 -0.10718629733125 0.0300405676926573
-0.0928951533526632 -0.0751463260915533 -0.0796274908580441 0.0203172841045968
-0.0977270857113127 -0.070171908418452 -0.0573064954647578 -0.014222382089376
-0.0945539063286202 -0.0772490289850703 -0.0516035757880104 -0.0565503002677149
-0.0930415980806357 -0.0963320961153534 -0.0193618771463251 -0.103225441946186
-0.066476319905324 -0.136680107824464 0.0352891329162728 -0.130805090825641
0.0059813854427887 -0.154766364153982 0.109823850230273 -0.0807756769593142
0.0981541731815165 -0.14154278185989 0.116725142526934 0.022642066824887
0.174441791240392 -0.0782519675251667 0.0430166343072846 0.0798448473214957
0.182996862661226 -0.0038829043444463 -0.0690536611428163 0.0262721234260346
0.121637167791863 0.0320745659650586 -0.189993065661205 -0.0100259848002313
0.130954741131683 -0.0154096475227932 -0.164737074316079 -0.0375187281163711
0.103491880590146 -0.0734449014113009 -0.152025371887929 -0.0520553106569619
0.0365236016433051 -0.103138480268949 -0.123789036724862 -0.0421911718182419
-0.0167326893040568 -0.0973194855812135 -0.13503621915492 -0.0338184702023872
-0.0525305029189085 -0.0789607841181621 -0.129782612077029 -0.000882203800843983
-0.0665913855313601 -0.0562201796286989 -0.110648689724038 -0.00658093793046759
-0.0650797787677615 -0.0566469285987466 -0.0895361720715123 -0.0391752071864697
-0.0611299096740678 -0.0652514519432388 -0.0759252068402213 -0.0824278429139123
-0.0536524600899196 -0.0793834508115561 -0.0294519211662875 -0.126803432235759
-0.024886427978916 -0.106243830557626 0.0356933271136557 -0.145013099579865
0.0321057018207636 -0.109131448257478 0.110675260419898 -0.0859985718145498
0.100428784672552 -0.0830641551067054 0.101001948483889 0.0211597740999159
0.144829539379202 -0.025161602443649 0.0142458928306531 0.0690056176854177
0.131136680278035 0.0255305404831178 -0.115193207697617 0.00755298567897846
0.0476665403859227 0.0342833473188107 -0.217797303184713 0.000981477792515482
0.0670327662253891 0.00831109103629359 -0.170689670226255 -0.0183983080351963
0.0536042075199245 -0.0316299636975778 -0.142970004923926 -0.0416604127630514
0.0182288571901322 -0.0443830682821586 -0.115038444735396 -0.0517449361950894
-0.00145147909191396 -0.0393068218927739 -0.139497925332959 -0.0463796652732588
-0.0183931408868608 -0.0396096882097938 -0.140480525914232 -0.0159743754854142
-0.0272902661858942 -0.0323885832705268 -0.128896253941921 -0.0217361088754922
-0.0238173111121304 -0.0347239494905197 -0.107390128885593 -0.0575306256302256
-0.0223272714733064 -0.0402479962949259 -0.0846788872452593 -0.103368360070934
-0.0158992077189128 -0.0475145322326836 -0.0253038563818254 -0.14335315577738
0.00462548759604814 -0.0618610395962241 0.0468204694883339 -0.150544416363702
0.0373730438964564 -0.059824365526793 0.115453325636409 -0.0833416260354436
0.0790619803996644 -0.0323858423392864 0.0899510151295178 0.0156640377644927
0.0928213855616627 0.0155553490364039 -0.00269613076771963 0.0480961444203272
0.0619310451318863 0.0410769950722955 -0.135830845238771 -0.0178035377445474
0.00913151937819314 -0.0388514448883224 0.166721501886607 0.00674946430642724
-0.0336870386261878 -0.018107135953533 0.0298200992040471 -0.0644749332052023
-0.0348310415630603 0.00997478644184548 -0.0928489865833766 -0.0185037880237917
-0.00865714583295769 0.0144295063650199 -0.138024368449073 0.0883349485514573
-0.00718066147498491 0.00400326855149496 -0.0541794175686038 0.170790467067687
-0.0112324979312941 0.00721453539085282 0.0391189721377572 0.166993943048945
-0.0139336529553347 0.0118494253308936 0.0983212073639809 0.123398053064348
-0.023295990259436 0.0141880991024953 0.133495318681846 0.0575078785449643
-0.0267410465358226 0.0103573733764629 0.140897668353379 0.0129298644292104
-0.0312368106611825 0.00172277677324431 0.150770441793643 -0.0110947911724981
-0.0296248793784614 -0.0111975885836694 0.154655373432219 0.0102095772446377
-0.0143952825473366 -0.0202311948699456 0.142577811586425 0.0369741544818719
-0.0172195116142873 -0.0260926592633042 0.154319027122028 0.0276528352943426
-0.00750383154061112 -0.0430470949886359 0.182378184339995 0.0111149209668273
0.0304918217522145 -0.0456651003804733 0.227860777961719 -0.0367720998703831
0.0858086242306106 -0.0333446102605367 0.139618444894164 0.0158646434821896
0.0316882599791549 -0.0324495892375509 0.0168042298780014 -0.0563210973451601
0.0125669300405408 -0.019695245362388 -0.103905493547039 -0.0220619354012768
0.0128215083890911 -0.0275290434503816 -0.146685538883432 0.0814896974143564
-0.0119824008841847 -0.0433626992965986 -0.0706301260403688 0.161904010591278
-0.0382150858651501 -0.0322317972680775 0.0193619936423388 0.167937000882847
-0.0530372703391084 -0.0162026080559792 0.0811017547841705 0.126399600544368
-0.0713468331037194 -0.00900220618327926 0.116769266969853 0.059413936914491
-0.0769745345191892 -0.0127217552225487 0.120697301894416 0.00942590142568768
-0.0846003324684381 -0.0288022717009162 0.128029444998384 -0.0274291871182517
-0.0771993981425479 -0.0638227971168018 0.142308857353205 -0.0205945649671763
-0.0308072349453858 -0.0916768956118229 0.143341400603759 0.0108956064259753
0.0113060500811911 -0.101151114461784 0.156031686837722 0.0200028846120902
0.0601620040131785 -0.0984373971357726 0.164847108052762 0.0133512468160133
0.108876229067659 -0.0710211478134006 0.19559686895271 -0.0251222836013151
0.153846865205478 -0.0218230339929098 0.0875635630120634 0.0154113523687667
0.102432930326432 -0.0417212868942325 -0.0130110435352629 -0.0601957623376405
0.0688385180060756 -0.053573498820724 -0.126647823420605 -0.032163570382036
0.0359295817411498 -0.0769018761674914 -0.157384717967083 0.0716978070221538
-0.0175297411268934 -0.0914338284786236 -0.0857926580336514 0.144956906809817
-0.0633488238602407 -0.0704682437343593 -0.00441697600431949 0.155229595027378
-0.0867783814084173 -0.0434222843050382 0.0523699131920119 0.116569633480339
-0.108688339678198 -0.0301269040587199 0.0835741865898678 0.0523905017714756
-0.115641529861204 -0.0322925036831995 0.0828429342749533 0.00161869996971762
-0.126867314799026 -0.051545804342924 0.0890214435058575 -0.0455997886900626
-0.118621996433271 -0.1008407163822 0.113714513592358 -0.0574775545803022
-0.0547889305668924 -0.145803863394723 0.138026543211547 -0.0234534205143623
0.0240817507526997 -0.166570897398953 0.155842228206113 0.0107387307198277
0.110717967877541 -0.146050958480925 0.144037235502171 0.0256963990455305
0.16927280328456 -0.0881555890744705 0.141992110693077 -0.0050658441895624
0.202010664160328 -0.0104022799892233 0.0124436095380069 0.0101969760114185
0.161586715121061 -0.0521613889911372 -0.0579858135253583 -0.0640840929078471
0.118317178496864 -0.0914843592435643 -0.15370916988938 -0.0407541918152816
0.0511682773160253 -0.127826315135976 -0.16579967680566 0.0559401776413795
-0.0272636894799945 -0.13374973132361 -0.101151514065202 0.114596312832014
-0.0854728780350113 -0.100039544358509 -0.0328978408643334 0.129342583125501
-0.110341858998178 -0.0625214831777453 0.0138256914107277 0.0952295674923473
-0.130378827864112 -0.0475299797796342 0.0378460314975965 0.0377397118303863
-0.135148746744434 -0.0492931494415885 0.0333129598969938 -0.0111481710131391
-0.147569980372279 -0.0688041118440046 0.0417566290488748 -0.06321466560342
-0.139061294596927 -0.124577524652649 0.0751934603449155 -0.0908702660702277
-0.0661236714123254 -0.176878192791117 0.125230328123439 -0.057013775451016
0.035456053076389 -0.201983117980552 0.15167822715901 0.00466056194441522
0.145952361844616 -0.168151064590311 0.119779251387658 0.0462417193404389
0.205412465912895 -0.0882909995265766 0.0749360529603568 0.0179614001624114
0.216695082359718 -0.00208067767422487 -0.0735505945293969 0.00791869605545898
0.192036498104084 -0.05998206422255 -0.111245311308239 -0.0563768554964575
0.144162112266953 -0.119881950899232 -0.174004372869177 -0.0416156362414547
0.0522445400670699 -0.160093350567139 -0.164553480631656 0.0321489246034218
-0.0380870504596916 -0.154448487053963 -0.117611185102776 0.072726545039002
-0.0976916320845713 -0.112120881404104 -0.0672077193024032 0.0917005010967518
-0.119117730904348 -0.070594674359602 -0.0324707000791811 0.0674565904533271
-0.131482180759198 -0.057483551916605 -0.0128615138938995 0.0172221077616819
-0.133702150747656 -0.0618036098879205 -0.0188165548012968 -0.0276474286772871
-0.141490939350911 -0.0813795206627411 -0.00423236822317826 -0.0817478074029174
-0.127683369189292 -0.135285358164627 0.0394003226581286 -0.11770163549969
-0.0516591057800005 -0.181674020350068 0.110617239124012 -0.0827161590292007
0.0551306426662505 -0.199952960685197 0.141094650724558 0.00443619192587295
0.166507278503989 -0.153873124946539 0.0895065960846541 0.0647951193740159
0.211718899590153 -0.0670147721191223 0.00086442584344102 0.0351691297655926
0.194331388506452 0.00392871582903262 -0.155133098960623 0.0134843729266422
0.18264244716902 -0.0552695215239204 -0.157052091514942 -0.0360858309587321
0.135822508301923 -0.121145743185146 -0.181444492610404 -0.0344091500227516
0.0411083154542535 -0.155364227316653 -0.15378575437398 0.00456992417072057
-0.0405274278801556 -0.141896926758992 -0.134063599508749 0.0277082342937941
-0.0921486003097627 -0.102382602271172 -0.103976114636953 0.053120894038309
-0.107745126355615 -0.0652708472387552 -0.0798152998275607 0.0384035129549498
-0.112289401906534 -0.05881464284565 -0.0617085342377837 -0.00503933889492772
-0.110240126754756 -0.0659860303121637 -0.0631851947570684 -0.0496915306841953
-0.110347377440744 -0.0851303310060412 -0.0373409200548138 -0.103877464364591
-0.088911396259524 -0.128863494811999 0.0173062007318171 -0.140127203029565
-0.0160371055465558 -0.16028127262379 0.102498121587864 -0.0983518355782115
0.079482400961086 -0.160870010411838 0.125275600067545 0.00703852525545084
0.168180573873093 -0.10717875494871 0.0561066015107815 0.0738150539934393
0.189874206052076 -0.0307527867247205 -0.0682632370701681 0.037256595480521
0.136631264908436 0.0124205815711799 -0.212671549810676 0.0250672889345461
0.137360326486201 -0.0359963896278063 -0.182877554379225 -0.0108603447620334
0.09969491797282 -0.0922941361029909 -0.173365753921803 -0.0246799781427791
0.025369535290112 -0.113838288554511 -0.140004857167207 -0.0194500479615478
-0.0302386751911244 -0.100036912675222 -0.147532685519441 -0.00752603389386626
-0.0662269912548853 -0.0752873243216849 -0.134536028636693 0.0233811012472636
-0.0772461942912737 -0.0499596085645062 -0.118983751100329 0.0148862308827084
-0.076260520204923 -0.0501081136047691 -0.0998507638590284 -0.0262154836031065
-0.0730061509955032 -0.0585299522680856 -0.0928148350272023 -0.0737000695734113
-0.0659535435480703 -0.0736885398366537 -0.0512386045151469 -0.127122308893212
-0.0405495484108269 -0.104312235845259 0.0149653282703708 -0.156128312560561
0.0180682878423536 -0.116924340191689 0.102366499344703 -0.104981189925337
0.0910235821882591 -0.100792257531149 0.108897570671962 0.00742475456951938
0.144801325579266 -0.0472271887591259 0.024772381671676 0.0672533847706097
0.139183032630041 0.00755522222219595 -0.118982155897805 0.0239629897536252
0.0587030980837627 0.0268095659711679 -0.237058469009788 0.0366660524390796
0.0731830702307047 -0.00151621189282011 -0.185594047759545 0.00663526459073321
0.0530359289493725 -0.0408918301905272 -0.159146407217762 -0.0189487428639218
0.0142977949942137 -0.0494457303462754 -0.132067640202768 -0.0328999565852995
-0.00576319990312372 -0.0424483065902413 -0.154663242613672 -0.0229449149974139
-0.0242783848426914 -0.0389549146590711 -0.15045409065952 0.00707195636411277
-0.0326741779709094 -0.0295952026757669 -0.1404480756453 0.000141461327835348
-0.0290104288148837 -0.0336878731869495 -0.121678803907119 -0.0423932476761254
-0.0285853326994607 -0.0392183397564762 -0.1058142182573 -0.0938849061630871
-0.0221466625864314 -0.046544883055621 -0.0489481589396421 -0.14628920753478
-0.00358046351998543 -0.0633805161448491 0.0263096793548197 -0.164600116225298
0.030279058575259 -0.0665258716967296 0.108489142660621 -0.104183035067244
0.0762117624075642 -0.0449213873844144 0.0971578114925574 0.00332343727743092
0.0973893670409966 0.00242386981807098 0.0056231973975281 0.0490163479446346
0.0701006801116492 0.0339500474643861 -0.144860987397296 0.00112525417913989
0.00658539134153272 -0.0406827048256714 0.171646624091721 -0.0060554852933457
-0.0355016407111054 -0.0158341233683863 0.0254855101828631 -0.0686481205717641
-0.0342935388547769 0.0131925194600555 -0.0980289665724388 -0.013039890012553
-0.00808815286643225 0.0151736091040919 -0.135653225569776 0.100805713981878
-0.00722420331613015 0.00422881497786359 -0.0422715200421047 0.17765989909691
-0.0107938992672285 0.00823296178606092 0.0534744899120307 0.167177954866899
-0.0129885840394444 0.0130605751238124 0.110831911150072 0.118534137602096
-0.0227241447070738 0.0168102989426801 0.142364675957217 0.0476867439852101
-0.0272049703858647 0.012530823105646 0.146049566552937 0.00230893994771112
-0.0325244044042661 0.00423200685734881 0.152780787404061 -0.0228116265919406
-0.030985465129054 -0.00963381566518991 0.159162923821708 -0.00121809504603106
-0.0163161763479237 -0.020186459322187 0.149230794576197 0.0275728182749834
-0.0194878981988339 -0.025692787474941 0.16004605450214 0.0167867257660029
-0.0110154377304912 -0.0430621799764069 0.187059320408547 -0.00155091026138332
0.0281496445461506 -0.0497972661711614 0.229934876447836 -0.0538218585256757
0.0852188076180294 -0.0413800703161193 0.145410831900239 0.00465239801040326
0.0300386405804346 -0.0352872117034876 0.0133656259087133 -0.0598169571505195
0.0114225603144221 -0.0212377089951361 -0.109051072135546 -0.0154233023036457
0.0113467632323931 -0.0292196728015191 -0.144619893017813 0.0940278274791555
-0.0165347784105327 -0.0431911305560967 -0.0600981602286391 0.170226674167117
-0.041849088968927 -0.0295028156760607 0.0328476777575651 0.169275895460775
-0.0553619749683508 -0.01220367911474 0.0933452011496243 0.121884812602944
-0.0734965348322318 -0.00279130130093061 0.124616885787368 0.0504698164867102
-0.0803825699738698 -0.0062851501212909 0.124513087009766 0.00016925825826514
-0.0896988001849078 -0.0224683435428056 0.128602618198527 -0.0375130045718712
-0.0837788740547034 -0.0589991784824962 0.143258006838156 -0.0323265914379047
-0.0397214093225468 -0.0915398879084859 0.14848579420936 0.000808810065104611
0.00365868501816234 -0.104775866290775 0.161386252034042 0.00925052686530677
0.0530540709458635 -0.104949344101042 0.170712837473638 0.00255502000874532
0.105928306447384 -0.0812715908746072 0.19842949263339 -0.0393956099058906
0.154992676450262 -0.0348030179553658 0.0919804014445384 0.00819444240212271
0.100604258346445 -0.0511520625913869 -0.0162955699472547 -0.061244706963677
0.0654829398161306 -0.0592736126143048 -0.133098686386863 -0.0242286849943918
0.0309463544778044 -0.0810824650838206 -0.156433674994325 0.0845640791486448
-0.0257570302533161 -0.0921995612514213 -0.0774051247669288 0.153672533248953
-0.0704726879858529 -0.0661362096541787 0.00815412963275219 0.158059378297946
-0.0917954854266249 -0.0362611836599903 0.0630444906316024 0.11381254443135
-0.114042083157484 -0.0216862802275152 0.0897214819359571 0.0465608815280957
-0.121473921606166 -0.0228714741259579 0.084848508997048 -0.00483478546885467
-0.134382774838871 -0.0418088303394472 0.0874061089766846 -0.0528550711342563
-0.129775762748386 -0.0925447367692116 0.110482354890804 -0.0672644925847851
-0.0680942583269228 -0.144643380391022 0.140199818472676 -0.0342315192020402
0.0109913916416333 -0.170852866094474 0.161314291019394 -0.00104746089723464
0.100670915181124 -0.157920860494036 0.150198897640621 0.016383937174492
0.167442775799853 -0.103329305612236 0.145812592394627 -0.015583532535724
0.204883985587919 -0.02748560606015 0.0151117873551687 0.00856714960181612
0.160433778513348 -0.0662281944489212 -0.0623387626435724 -0.0619252200758078
0.11338840062115 -0.102334756914356 -0.16160250885455 -0.0310721554559266
0.0415941596471665 -0.134089213886624 -0.16621508030338 0.0687415460020141
-0.0393748418412454 -0.134095129596783 -0.0954653903282749 0.124905105142398
-0.0957011867176094 -0.0939218435357052 -0.0231516176110318 0.133778060023528
-0.118151431210431 -0.0540220626907201 0.0214019945159337 0.0958607872623654
-0.137341954539832 -0.0369728614883038 0.0415755445258775 0.0355373298941821
-0.143113660395877 -0.0385802800799595 0.0333248858186402 -0.0136326507090631
-0.157054021651354 -0.0572680661419374 0.0371930003436068 -0.0673089542782421
-0.153232393787574 -0.113852766459264 0.0687645023836755 -0.0981203075530282
-0.0823799522766148 -0.174904674747396 0.124730881919078 -0.0671586224061027
0.0190196559692154 -0.208489941944864 0.156896488877178 -0.00671328576691536
0.134732343307939 -0.183180150950632 0.127601149162125 0.0381925480129356
0.203281288886485 -0.105648137461429 0.0789518918654155 0.0123801059011351
0.220803272336415 -0.0203425750317243 -0.0735239099920166 0.0131850612817617
0.191098101251171 -0.0764146819501449 -0.115092230128143 -0.0503830931344688
0.13733341562474 -0.132754224429672 -0.181735275993162 -0.0301330663598451
0.0401692344043135 -0.16682625731706 -0.166639655837114 0.0444281451687993
-0.0520278280998885 -0.153942736758058 -0.115725774965627 0.0838374609680041
-0.109337990183114 -0.104649909871818 -0.0613329045024908 0.0991569627831269
-0.127078595665962 -0.060813732743845 -0.0281055006545462 0.0710071835270292
-0.139174462770472 -0.0472729822167929 -0.0123361344230498 0.0194308266801021
-0.142319220378998 -0.05115071751706 -0.0211243039439647 -0.0264892145024008
-0.152184428596453 -0.0704976955967417 -0.0113606126320972 -0.0824444671634495
-0.141904488328115 -0.125537437215465 0.0295940595138907 -0.122559791593345
-0.0678466193418228 -0.18071041652258 0.108035821435125 -0.0922772872297554
0.0399212495406951 -0.207674349893017 0.146495032931771 -0.00607599842904717
0.156627493416029 -0.170685917195246 0.0986252793894676 0.0604168113188474
0.211484263823899 -0.0856472784257308 0.00458118005891588 0.035955223303536
0.198501311956551 -0.012080430338074 -0.156394885958085 0.0254388077368901
0.182299829131012 -0.0710835862328038 -0.160705533039807 -0.0261984038778358
0.128710978793077 -0.133525673651248 -0.187309196795578 -0.0221021363480175
0.0291494215734939 -0.161819548495921 -0.158475775119947 0.0161558931952827
-0.0531150189717763 -0.141704912857761 -0.135785097944786 0.0394898484888524
-0.102925577933842 -0.095547843645435 -0.101628081171554 0.0630059997499752
-0.115130976759095 -0.0568383946714383 -0.0790394309954914 0.0455090633518488
-0.119412502455735 -0.0499139644732126 -0.0641535766871332 0.000487403454989503
-0.118596949313494 -0.0573557372049887 -0.0689070989740505 -0.0452729076250558
-0.119916042657025 -0.0770791033584377 -0.0461934989802406 -0.101752622895543
-0.101509619178056 -0.123658603183879 0.00545991245380309 -0.144153204536732
-0.0298447942964278 -0.161672218799035 0.0975613123684455 -0.107740688213027
0.0686428853935101 -0.169338988595665 0.130934305602567 -0.00157915753457868
0.162337913695881 -0.12344478444604 0.0641899102693348 0.0717209971733818
0.191309241825632 -0.0460165974443959 -0.0654472992164227 0.0438083465219512
0.141101114500723 0.00152655857363511 -0.215765225801787 0.0417562657582121
0.137717362829116 -0.0477143293292932 -0.186498888478819 0.000668080263444994
0.0944635324082497 -0.101418566254432 -0.179151687417204 -0.0132894570048065
0.016770348480181 -0.117793482882817 -0.146170235600583 -0.00992432443565214
-0.0386828144286014 -0.0996800576563071 -0.152273021058821 0.00471613037554647
-0.0741426099073963 -0.0700106671229246 -0.135799074074116 0.0342900437902311
-0.0832591298692404 -0.0439058043607891 -0.120793395587746 0.0248067281067486
-0.0825503280668935 -0.0445538825259814 -0.104428693455513 -0.0177700377763421
-0.0792438499749736 -0.0535755664129649 -0.10168926943995 -0.0664122576551345
-0.0732847607624564 -0.0697792512685064 -0.062573877084699 -0.12462602298584
-0.0502353703071378 -0.102083637238215 0.00157577277371196 -0.160094495616415
0.00890119756635192 -0.120181585676132 0.0970456556951456 -0.114170534097454
0.0846854017575637 -0.109508498617964 0.114066166959023 -0.000599042311036121
0.144023421325519 -0.060085925471719 0.0318998810797473 0.0665430402902999
0.143230408417941 -0.00341302725571881 -0.119248005447941 0.0345989857487589
0.0616555178977006 0.021964634894282 -0.239787031967433 0.0557637797677436
0.074482453189137 -0.00770845841541604 -0.188838097421933 0.0192830915082219
0.0501362959654847 -0.0448710441294536 -0.164605137727392 -0.00758645705119126
0.0107843586143002 -0.0513826335957361 -0.139351654961129 -0.0240859275128216
-0.0092920628297058 -0.0424462291968508 -0.160403407393811 -0.0101792387562861
-0.0284365405155614 -0.0369383998710917 -0.154035991442502 0.0194205694464877
-0.035909519884497 -0.0281645299379076 -0.144979654886324 0.0124024226495001
-0.0325601547345672 -0.0320433812282557 -0.128412864217211 -0.0321749709717195
-0.0320073994895089 -0.0372682956227645 -0.116026375116854 -0.0862496608039248
-0.0255391652475866 -0.0458673202532492 -0.0616830139784141 -0.144263509662724
-0.00882137694294178 -0.0638671916768437 0.0140429494900256 -0.168977243498521
0.0257687164056575 -0.0698055861732389 0.103388417563112 -0.113653853814029
0.075032755350916 -0.0513096735261348 0.100615143182017 -0.00332905557445081
0.0989972845552914 -0.00556462968207189 0.00997040029092451 0.0500466743239057
0.0739301779257918 0.0287833430982393 -0.148058469080748 0.0124582535198317
0.002808920629146 -0.0410043208937264 0.167958564346118 -0.0186614680300283
-0.0353940980188584 -0.0129681997037588 0.0190197331167926 -0.0697595884833595
-0.0318050037175707 0.0150966306268845 -0.0971577219015738 -0.00574567041849882
-0.00650740573431094 0.0150789606344609 -0.124396761956071 0.108626262303886
-0.00732998798677486 0.00440572608216361 -0.0287050838824584 0.175321696818167
-0.00983493523674658 0.00872027942589815 0.0640629699731461 0.158023873836842
-0.0115840518520094 0.0136904478642002 0.11732707037738 0.10613113621912
-0.0206505426487946 0.017620816657775 0.142220492735342 0.0354997868879124
-0.026020685992912 0.014915247965201 0.143010254127118 -0.00887627430848631
-0.0316333242940364 0.00703274960669364 0.146982306009379 -0.0334345890449954
-0.0308863549406096 -0.00753213099944947 0.154886789803219 -0.0128418061741258
-0.0174533171472067 -0.0189403581194718 0.148358059116466 0.0175941629329214
-0.0202027561878633 -0.0239244103532578 0.156969231980998 0.00520325962549728
-0.0132675151173954 -0.0409755143542378 0.18179473638339 -0.0133478980649854
0.0238870199313527 -0.0504346461388522 0.220694901212759 -0.0673829212771172
0.0793699872159128 -0.046960637772088 0.1433035293104 -0.00677477545663801
0.0268916104950652 -0.0363637140538918 0.00884119929813583 -0.0603942903127704
0.0103637820734425 -0.0205792547207339 -0.108216282297088 -0.00816972267242504
0.00854927130942693 -0.0291191222228746 -0.134376172935453 0.102105541348164
-0.0196012919055757 -0.0406462180419475 -0.0468244047086534 0.168937284703462
-0.0426640357420557 -0.0249904601267433 0.0452771601860796 0.161680495180184
-0.0544086850368471 -0.00724165244537427 0.0996644535862821 0.111170290374659
-0.071638459069991 0.00298186579627876 0.125175386254368 0.0396690491631242
-0.0788921273714131 0.00100865862312188 0.122391686322422 -0.00940870696542276
-0.0894257332577188 -0.0144346981978956 0.122100982848492 -0.0450651472603998
-0.0859512552967767 -0.0505220707655519 0.136372788653514 -0.0418793447527591
-0.0451319124424358 -0.086001765064998 0.145917204197337 -0.00892888044525639
-0.00388699644515738 -0.101794856437665 0.158268120932002 -0.00289335631653879
0.0439481402056852 -0.10522871622547 0.166238609521678 -0.00850324374729282
0.0980305151274418 -0.0869214867431637 0.190837716419607 -0.0513401532576602
0.148107027748122 -0.0462293354505176 0.0915214457901533 0.000483556586379889
0.093968378613309 -0.0565564873997576 -0.0193644014102097 -0.0599735884374569
0.06016905299727 -0.061250942492918 -0.132021995324853 -0.0147157978156492
0.0235359333017865 -0.0809140569532503 -0.14702947520133 0.0936941402404905
-0.0323595690441592 -0.0869421903822208 -0.0643031773937229 0.154605260470587
-0.0737016662224863 -0.058290161534972 0.0201159101509156 0.152887903754702
-0.0920821473446945 -0.0275960633044832 0.0700472551232754 0.106013618586516
-0.112145372645215 -0.0117703192111706 0.0909124060153956 0.0386528389683829
-0.120521807512719 -0.0120879541319912 0.0829165091337592 -0.0115424903733984
-0.135190241161712 -0.0297177622311911 0.0810907783536693 -0.0572062242448349
-0.133229286027955 -0.0792876100893335 0.102071901620152 -0.0732836778363244
-0.0773114573464663 -0.135202009579073 0.135540850599208 -0.0427143173876951
-0.00204824117285278 -0.166155476515104 0.158158825505932 -0.0128863091788433
0.0860765858678007 -0.160379975752768 0.148934629573561 0.00662226596657997
0.156115978814832 -0.112271215618778 0.14202441550785 -0.0250660388635608
0.196763207335519 -0.0429453707365692 0.0169108444185723 0.00632960577607595
0.150635328347095 -0.0757151427620859 -0.0627807552832368 -0.0575464425682024
0.102513012754005 -0.106522156087737 -0.159405332378175 -0.0199727073634043
0.0304251310174299 -0.133128437065632 -0.157769144823182 0.0780606863194954
-0.0486596132442931 -0.12651416869675 -0.0844346862525196 0.128685063324847
-0.0998395244683533 -0.0827311135939979 -0.0120202001679364 0.131521462137668
-0.118556767558754 -0.0430448283978781 0.0281142060343634 0.0914628822736986
-0.136487781860917 -0.0244882550287717 0.0436531189743326 0.0316750390455765
-0.143152452550567 -0.0254718054904909 0.0322698709654218 -0.0152787727230083
-0.15814170225139 -0.0428193953699326 0.0315308132703407 -0.0666968793041879
-0.15746180870511 -0.0979694559115047 0.0579907834650716 -0.0996182338524943
-0.0933342803517653 -0.163059168014341 0.117760182172227 -0.0734929876030266
0.00280457930493629 -0.203670041198565 0.153437367557489 -0.0179472110376596
0.116530266869413 -0.188049777698747 0.128247613429319 0.0287431992497839
0.191320119268936 -0.118278730493869 0.0784061234633791 0.00653741493251241
0.213093995436486 -0.0372036523490252 -0.069096207204735 0.0176880866658225
0.180230629558944 -0.0884277153516684 -0.113614270832837 -0.0425791317117008
0.123576490382255 -0.137983529758402 -0.179527229093919 -0.0178265755365595
0.0263396758765501 -0.165446614640086 -0.160056041439144 0.0549046910618349
-0.0623831598785476 -0.145393037555524 -0.107438060989107 0.090841411906969
-0.114214217088369 -0.0921340988339144 -0.0521532101307714 0.101052591487732
-0.128549504173343 -0.048517094840093 -0.0219096259807862 0.071395257961662
-0.139160533186842 -0.0346307628636339 -0.0103982581297727 0.0205407913002498
-0.142355811531916 -0.0368650857146111 -0.022227405720954 -0.0232780048565806
-0.153650976452315 -0.0558895674160075 -0.0164433722046712 -0.0782221629442885
-0.147816956144622 -0.110073465501445 0.0184048501517134 -0.120536095635131
-0.0799047721566778 -0.169797958786386 0.0982779528062151 -0.0969105514534382
0.0228469976576013 -0.204003908694149 0.143605860820233 -0.0163423009716716
0.138749938060922 -0.17760614172293 0.10162090745544 0.0516306537751713
0.200191210688965 -0.0981444063627797 0.00783149559297558 0.0337861267199878
0.191996302043688 -0.0273581425976894 -0.149505876668312 0.0355310305738152
0.171372098951323 -0.0828527067119078 -0.156005605096453 -0.0160574877285938
0.115262359465606 -0.138044246620775 -0.184324978248652 -0.00944612612910555
0.0161903339868143 -0.158728510478969 -0.153978755057375 0.0260436615844927
-0.0623810545862123 -0.133062266196208 -0.13057652672262 0.0486534178594989
-0.1076209924672 -0.0833749506037414 -0.0946397755786174 0.068621366439357
-0.116383535520036 -0.0453438679183196 -0.0734822759458889 0.0504637628080908
-0.120408527958966 -0.039375348079709 -0.0623756555707829 0.00597385577463648
-0.119506273013012 -0.0457528170352933 -0.0700248423926841 -0.0371654187281789
-0.123270054819061 -0.0647391714138482 -0.0527330522256712 -0.0945073760006277
-0.108969805178858 -0.111061769522267 -0.00674236280805451 -0.139352853655578
-0.0410532387952288 -0.154170670981565 0.0878813177438448 -0.110913431969993
0.0539723908271292 -0.168785330227972 0.129064583806773 -0.0111002497816358
0.14766441183669 -0.131563206738096 0.0695469586766448 0.0651570324611776
0.182853501090712 -0.0595769177870423 -0.0596819330307087 0.0474108283826315
0.136848576487405 -0.00970301827355188 -0.206769087718192 0.0553382069873712
0.130359339275833 -0.0559966925181102 -0.180003763773822 0.0112721148047877
0.0841630537485185 -0.104254171124198 -0.175004130754749 -0.00063856078813236
0.00749272739130148 -0.115355444636758 -0.144164509211932 0.000713769329694492
-0.0454534781380435 -0.0942099452466229 -0.148557209380677 0.0162754972820452
-0.0777503740916984 -0.0612206938839292 -0.129912434564816 0.043950792064338
-0.0845830073919113 -0.0361044140130026 -0.115808008424167 0.0340352310087802
-0.0832092706073456 -0.037333185008507 -0.103645370932548 -0.00854921576615389
-0.0807402983717341 -0.0453120399195081 -0.103597701624729 -0.055361611633484
-0.0763332335314569 -0.0616049466340508 -0.0704685037443956 -0.115289733704545
-0.05669435496457 -0.0941742392740558 -0.0105125818029024 -0.15481997076264
-0.00115107142401239 -0.117235709134457 0.0863282669977864 -0.117383582270235
0.0741857758862515 -0.111442958668119 0.112356301338456 -0.00793850836516311
0.134416388263479 -0.0687351749202846 0.0372123287923142 0.0623256670703579
0.138813153004157 -0.0137305396216067 -0.11314334251618 0.0419250492551003
0.0615177992519973 0.0166942305362409 -0.229819487608676 0.0708646478344612
0.0722778086848102 -0.0129022673380986 -0.181790277168349 0.030166840933115
0.0454163156429951 -0.0464737397694683 -0.160017744296988 0.00329111826365085
0.00727999398333249 -0.0498860866159486 -0.138493898430353 -0.0139737233733999
-0.0113597570439559 -0.0406629413587303 -0.15830426531903 0.00285753540102901
-0.0305809026506797 -0.0331070901346779 -0.148237754127251 0.0313644887699519
-0.0372902728053542 -0.0238045655218233 -0.140703624910264 0.0235261851398983
-0.0334960651785939 -0.0290068031161112 -0.127474910943093 -0.02058452921183
-0.0336233073316746 -0.0336162030733089 -0.11942585189007 -0.0738919164442545
-0.0276406946458923 -0.0426677679857236 -0.0702920051194198 -0.135167537388312
-0.0130130314267715 -0.0610228989197634 0.000369532690001097 -0.164384612813169
0.0201803378805785 -0.0699103144772467 0.0931526468465513 -0.117106786336877
0.0690625369364711 -0.0543173268792373 0.0991770025323029 -0.00983830493372362
0.0955356295427079 -0.0125756842280043 0.0144725934825854 0.0477594664740571
0.073120011510071 0.0231241528305601 -0.14242329261684 0.0229618716555843
0.0013678572941689 -0.0397354318781329 0.159213040822665 -0.0245222204354809
-0.0332182709330736 -0.0115069092923299 0.0147157417603354 -0.0672286696060937
-0.0294428162738528 0.0150273472332989 -0.0930275653781361 -0.00285491805199107
-0.00584223687032642 0.0139788553282873 -0.115389735297551 0.107021770230968
-0.00746365063470642 0.00426451397980314 -0.0219958591844415 0.166025477729591
-0.00887401075717997 0.00832991743118324 0.0671490864730417 0.146696704152983
-0.0108034198474374 0.013332873233757 0.115745202284009 0.0960871227959818
-0.0189307025719201 0.0174263023909656 0.136704386701917 0.0280531813462221
-0.0242180693647726 0.0157920559424283 0.135508578335336 -0.0140716266769359
-0.0303482850908765 0.00804959707089822 0.138041994525936 -0.0362925675322742
-0.0296049558140045 -0.00562590216641623 0.147019654328611 -0.0177154818618794
-0.0171565090698943 -0.0175551942028424 0.142905080349686 0.0118924266110539
-0.0205714962811584 -0.0220162187333293 0.148958570114012 0.000272383833558116
-0.0132810382260444 -0.0382977091363029 0.172678672048354 -0.0174236271686853
0.0208451510334256 -0.0494575790923915 0.207312846097367 -0.0703948549459489
0.0731357389883058 -0.0482995521806032 0.136325388913568 -0.0126009735935529
0.024047768698556 -0.0354674512889432 0.0065233491592459 -0.0586492826889685
0.00964569170080157 -0.019713336930257 -0.104210191349688 -0.00453276837595864
0.00661507046200138 -0.0284021690273197 -0.124780385567336 0.101169220488263
-0.0205865373906738 -0.0373776171098664 -0.039365327061614 0.160569391609654
-0.041329541200355 -0.0216606248171812 0.0492893230731261 0.150910243018727
-0.0523566980946324 -0.00472385414716195 0.100063392747918 0.101043900238159
-0.0679059674149211 0.0059106715780465 0.120980629351632 0.0325810159373867
-0.0755543684097237 0.00465121413748556 0.116501832629601 -0.0136822147442892
-0.0862926353512928 -0.00961595739152343 0.114308297527465 -0.0467303032026278
-0.0828749432150719 -0.0441707312632952 0.128269431739589 -0.0442069147761294
-0.0462512854913137 -0.0800679051242652 0.139205585801444 -0.0129249667029191
-0.00778033205364405 -0.0966224979235022 0.150115292726526 -0.00786250029726119
0.0381492149989177 -0.101186451962408 0.158157096156143 -0.0123668421136216
0.0906142425249153 -0.0859837668874658 0.180510213410306 -0.055469482155912
0.138104101531902 -0.0495616090826135 0.0880421991125911 -0.00442394050473914
0.0868548739349555 -0.0566826938398506 -0.0192743923076213 -0.057790649306716
0.0549087762862455 -0.0600992297629504 -0.126899665367317 -0.0106778302165286
0.0194033533795663 -0.0774793801062449 -0.137256074843786 0.093304147268728
-0.0346818073996772 -0.0806334556985794 -0.0567526239480643 0.148185393709336
-0.0718712174384526 -0.0515281245920059 0.0249105460809489 0.143680811998332
-0.0881831893411971 -0.022787767619139 0.0705806566130771 0.0979662996406102
-0.107295589698191 -0.00611825505078537 0.0883220427472572 0.0327780021177846
-0.115459697319699 -0.00557996743553698 0.0791589839303955 -0.0140809826934832
-0.129887174151272 -0.0220243152441403 0.0754808498376185 -0.0563767071836946
-0.129398743243941 -0.0694450386876996 0.0936687793344413 -0.0722549577901574
-0.0783644396765406 -0.125068133011367 0.127913328302431 -0.0444933901346762
-0.0078944810550318 -0.157346897966229 0.150429529307772 -0.0172635677915512
0.0752468864905258 -0.154804632478505 0.142840518168972 0.00216647219457381
0.144352457357981 -0.112734945210784 0.1348370819429 -0.0287080057316348
0.184324948685366 -0.0479549799426756 0.0175827112679514 0.00394074527708319
0.139883357421645 -0.0776285559801661 -0.0599222590278308 -0.0546497004544535
0.0941856675701097 -0.103778433511543 -0.15294147063719 -0.0149492805607653
0.0239158082870157 -0.127092679472059 -0.147799969927907 0.0797286063000637
-0.0517114370060897 -0.117303109215312 -0.0759891587577454 0.124259287440253
-0.0981289611662664 -0.0730375724470762 -0.00618089623188505 0.125062802025005
-0.114487346835708 -0.0351001425080489 0.0300978131351184 0.085114015947504
-0.130349403548649 -0.0176860132672686 0.0429988148705545 0.0283342746347169
-0.136400029049316 -0.0177817446252542 0.0302442553377333 -0.0156784416441918
-0.15270593600295 -0.0336720630796672 0.0280482240944454 -0.0633475185993134
-0.1535303011454 -0.085454279585829 0.0508725703690097 -0.0954016558764855
-0.0954004017117866 -0.150450283533099 0.109796632450138 -0.0729669879843052
-0.00504186526798465 -0.192367043271915 0.14692718298413 -0.0222434740745506
0.102960892842546 -0.181767113693756 0.124556154734859 0.0233440040944337
0.178084596126771 -0.118870481904366 0.0758797361471318 0.00300732292877193
0.200663986029734 -0.0435325284898317 -0.0642581098988117 0.01745897979572
0.166784309793591 -0.0895481280260057 -0.106994824114679 -0.0391582632731643
0.112113651597661 -0.134104682210041 -0.171682917374527 -0.0114612021005485
0.0183629007705212 -0.156715915665763 -0.15103537719343 0.0572138139511282
-0.0651093774325099 -0.134779235923827 -0.0987046315535208 0.0898611802713851
-0.111616197432254 -0.0814486347337805 -0.0454780996996653 0.0978746948933554
-0.123303155894227 -0.0400837348850959 -0.0180593878757472 0.0685241571505046
-0.133431595345554 -0.0268426399187495 -0.0093035053722385 0.0201564298285434
-0.136877888439799 -0.0285803138337726 -0.021695205782633 -0.0206834302177506
-0.148260277564114 -0.046213599333027 -0.0182862105519584 -0.072304520544589
-0.145034857603735 -0.0973027542354921 0.0121961131212451 -0.113688611938197
-0.0823436817931838 -0.157276939631862 0.0911035512375171 -0.094564802094694
0.0140246990664016 -0.193352369620095 0.137898978691295 -0.0207232446881226
0.124124832163098 -0.172827889435343 0.0998972517941905 0.0453381826087859
0.1873117512079 -0.100145088955382 0.00984273643058406 0.0312614114001567
0.18052694938647 -0.0332325158780068 -0.139636251321084 0.0381141851379972
0.159403556452028 -0.0838322760773048 -0.14749807844568 -0.0124992841726469
0.103721820892001 -0.133671248384135 -0.1751923574023 -0.003283212265333
0.00967106134319271 -0.150818704280075 -0.146574765061906 0.0300759805846376
-0.0645563848772214 -0.123653560150122 -0.121925551882786 0.0513092248095347
-0.104963799370746 -0.0737379636527312 -0.0873448358034303 0.0690533775793155
-0.112219070999839 -0.037633876332139 -0.0675642568300702 0.0512245603423132
-0.115997808288846 -0.031840356390881 -0.0592848900454567 0.00887645813093477
-0.115220247175347 -0.0383286626186334 -0.0676298040182528 -0.0315478275286216
-0.119415211577919 -0.0558472392398465 -0.0526066269885318 -0.0869594090232873
-0.107101497864995 -0.0994684368151164 -0.0120580394493071 -0.130893158619431
-0.0448272442968944 -0.144028914274406 0.0794564867232992 -0.107545207505262
0.0448296033840592 -0.16079752904265 0.12354224693401 -0.0154637569644166
0.133883785398402 -0.129337987646409 0.0691233498465894 0.0595640011519025
0.171544547974205 -0.0624736403892501 -0.0545938048657458 0.0467213724662248
0.129695401262889 -0.0142913948100265 -0.193878757461693 0.0591270762639797
0.121438358301069 -0.057495317912381 -0.169337485176487 0.0146790330641747
0.0763591331193516 -0.100975786571507 -0.165950753614451 0.00438410800056746
0.00303669742652915 -0.109482345302922 -0.138111587129455 0.00517386275920937
-0.046379726367487 -0.0871789796282993 -0.140700548698744 0.0214192014209983
-0.0764096729764938 -0.053920572430788 -0.121825983444842 0.0468946440473463
-0.0811906123011591 -0.0301271053952192 -0.109149158009864 0.0370699768512012
-0.0808000841837948 -0.0322144109130541 -0.0994097023371364 -0.00325936821510866
-0.0785332695237319 -0.0394316630159674 -0.100321459468593 -0.0470832499192581
-0.0749713136412888 -0.0553460617719656 -0.070844165839628 -0.105920022653628
-0.0577078998403971 -0.0866560892113252 -0.0160499737527197 -0.145571804453584
-0.00478266558979021 -0.110621628100398 0.0779891094339892 -0.113833029477382
0.0668984662076997 -0.107228183951755 0.108185929824793 -0.010860238988727
0.123871180666077 -0.0698261652711551 0.0389385474504948 0.0582671847761548
0.131213714708748 -0.0173463307628343 -0.105654896898719 0.0435118642193252
0.0590852576479671 0.0134732912730998 -0.216509027988833 0.0744579531817963
0.0677184346200092 -0.0149346881432099 -0.171784055789095 0.0333022645066182
0.0412484263819612 -0.0449630059446016 -0.152117615276336 0.00734643999969783
0.00506218195426511 -0.0477241908776535 -0.13298469722892 -0.00895341928600419
-0.0123991277563772 -0.0381310777956006 -0.1500169291263 0.00874841898098877
-0.0301314425635202 -0.028982697996101 -0.140313501983853 0.0351616470954729
-0.0360082417117474 -0.0209222727085439 -0.133370098625625 0.0284904616274805
-0.0330931509807816 -0.0269324439421328 -0.122316679479818 -0.014162037826491
-0.0322803821578233 -0.03051259765137 -0.11589294310057 -0.064373107667746
-0.0275079345600609 -0.0397522859063321 -0.0719752244830985 -0.12438534741907
-0.0153615275496563 -0.056497915164414 -0.00602825469804848 -0.154711594063526
0.0161657869097133 -0.0659937567644175 0.0839211677315997 -0.11384633620303
0.063438691150507 -0.0528192283851315 0.09475329536409 -0.0127749998605146
0.0896105090690184 -0.0151072519186991 0.0160281569084088 0.044470729811208
0.0696611324500669 0.0195539683226751 -0.134603180407306 0.0273729752413598
0.00126355504638489 -0.038544763062023 0.153905631682336 -0.025185193470832
-0.0315993178236592 -0.0114683264361374 0.0142412687076364 -0.0657948725716608
-0.0276000051941524 0.0136498174701394 -0.0904369257492115 -0.00383727280033621
-0.0055810571228582 0.013004903015881 -0.112164164718552 0.1032641046721
-0.00758200650740702 0.00410013853768414 -0.0222054739575206 0.15956114242133
-0.00878873896731652 0.00807603968709427 0.0648023569588714 0.140559014578822
-0.010605822512475 0.0125137143277163 0.112413134956118 0.091498050796304
-0.0180098466419715 0.0169015648784784 0.132634658747102 0.0263331729056148
-0.0231655632895973 0.0158453158573214 0.131671922760278 -0.0140127801373437
-0.0295814007797668 0.00816306614739835 0.133260415116273 -0.0342632647549879
-0.0281528466506172 -0.00627590164831483 0.141498888063096 -0.0166511480398626
-0.0166032467779165 -0.0171542831712466 0.138616144572006 0.0122047376158763
-0.0195272283489249 -0.021415237814322 0.14348345170767 0.00196013394810006
-0.0124729848618518 -0.0365568193657215 0.16589069735432 -0.014839755858525
0.0209997119899525 -0.0470993401986983 0.201347140354028 -0.0660957065833925
0.0698853943010625 -0.046955234979822 0.13217853290384 -0.0128961956825589
0.0234134994725809 -0.0341322635095362 0.00651788425008976 -0.0574751088083477
0.00931620697744194 -0.0185557944761895 -0.100649979389101 -0.00549893827141386
0.00646829896729302 -0.0267877186977202 -0.121053964494324 0.0973387893381956
-0.0201929434807147 -0.0356959249041325 -0.0385055611806195 0.154544240546681
-0.0393613892796062 -0.0210575271523701 0.0466951302019889 0.14437419903618
-0.0505314687709456 -0.00414757849031922 0.0968124653902255 0.0967668706821531
-0.0653388812362812 0.00563491311618792 0.117005481337611 0.0311119158133347
-0.073052515541226 0.00522735424771036 0.112486764658067 -0.0133316169446579
-0.0833313593978612 -0.00847568317131351 0.111089858315567 -0.0444927353636995
-0.0803995399248165 -0.0427801422193063 0.123604536489551 -0.0414384672024126
-0.0446086048442473 -0.0771962673842799 0.134780296889729 -0.0111226982130893
-0.00718170542511809 -0.093146483762974 0.145635592106282 -0.00623127905289027
0.0370093669480842 -0.09667618513684 0.153682622363293 -0.0105391647097397
0.0879951765521426 -0.0823039684452788 0.174471933312934 -0.0519183013196899
0.13217189106242 -0.047915232372283 0.0857600107539762 -0.00532246778282118
0.0834906965039326 -0.0543186827775246 -0.0173755943470727 -0.0575695360435309
0.0534602705405339 -0.0569755551407011 -0.122754162020387 -0.0113864341392249
0.018400519005296 -0.0742821019601812 -0.132859526376511 0.0894124643725951
-0.0336001901445135 -0.0771999919632814 -0.0552321530066752 0.142174333498319
-0.0690625744321185 -0.0486914302756091 0.0238577083200089 0.137848014633259
-0.0849635141789843 -0.0208491360719295 0.0684396761412958 0.0933112469993283
-0.103132903213609 -0.00550556674801665 0.085541741110375 0.0315698008973596
-0.111417823233396 -0.00488664090857224 0.077094642688168 -0.0133702537912832
-0.125571035437075 -0.0200981828603615 0.0729320265428784 -0.0533479209935424
-0.125061248743509 -0.0663284087839392 0.0899981849604233 -0.0686006854569411
-0.0756202185194639 -0.120063260647813 0.124514141827114 -0.041661054612517
-0.00763305368612591 -0.15102389257784 0.146216435362812 -0.0157630366115257
0.0723932404091397 -0.148742706841601 0.138759273062976 0.00317402200243163
0.141008665296541 -0.107862037491084 0.131161399475465 -0.0278308486988199
0.176821248245618 -0.046251521141728 0.018345876737076 0.00225776028253522
0.134847636102284 -0.0737287566522948 -0.0557282080422188 -0.0552747774292536
0.090813459782698 -0.0991398779571086 -0.147624061140943 -0.0154242488269744
0.0224862749865361 -0.122010899152546 -0.142995331701414 0.0759662931447708
-0.0500587464375332 -0.112559026891148 -0.0737219530012556 0.118989093354114
-0.0944089360328564 -0.0690480510108336 -0.00544077237612497 0.119384627828669
-0.110420081691861 -0.0330657241762797 0.0295007375772981 0.0818618614858157
-0.125943942312003 -0.0158723220264946 0.0409925045447889 0.027299097950284
-0.132203888123655 -0.0155616842164493 0.0300979042110058 -0.0147929151239297
-0.147331900733705 -0.0310454486192 0.0272260340104739 -0.0607729451958291
-0.148549274080646 -0.0814495282220072 0.0489350254125612 -0.0908451444356899
-0.0916029047034938 -0.144676573497511 0.106964056765314 -0.0694222009465398
-0.00471024881992216 -0.184575004506872 0.142988370421881 -0.0207972636774483
0.0990337163867347 -0.175096719342564 0.120749648794654 0.0230762317669318
0.173126706276333 -0.113933790134063 0.0736401239864604 0.00288563798640857
0.192342878924396 -0.041927250578658 -0.0610988585625384 0.0148827891278522
0.160431015602121 -0.0854484418137093 -0.101457025173927 -0.0406538558162543
0.108628216208119 -0.12823152316811 -0.165608140698423 -0.0129532990274584
0.0173774700851933 -0.151060151887484 -0.146184951813778 0.0543683268360863
-0.0632066037486691 -0.129009587272643 -0.0962712677153674 0.0861688245853536
-0.106856764153328 -0.0766014153945097 -0.0437732258872066 0.0940869832267351
-0.118797070429925 -0.037274013024076 -0.0170101174769986 0.0657380776391785
-0.129242591752518 -0.0251766104014647 -0.00926309598364906 0.0193957056190277
-0.132025652383198 -0.0267809768018121 -0.0198914940525809 -0.0189733859085355
-0.143284046119994 -0.0428894774950993 -0.0164202788548037 -0.0689703642128111
-0.139736170649688 -0.0919216766346832 0.0111779324423872 -0.108026461097997
-0.0799306166399901 -0.151214369045001 0.0889635065438746 -0.0901223349087573
0.0143723266475837 -0.185108386244427 0.134338142594298 -0.0197379350280609
0.118507530332471 -0.166097141827995 0.0972172040047523 0.0438484406758181
0.181748691762496 -0.0957686939211311 0.00989528160724947 0.0297203952907252
0.173124301533896 -0.0322789161894135 -0.134188068650352 0.0347952639483585
0.153282329823139 -0.0806562604210567 -0.140880930337943 -0.0145638318056622
0.100488304016964 -0.127389225242906 -0.168761778129619 -0.00494827652849544
0.00895536519922305 -0.145181557851693 -0.141359774143208 0.027409277567214
-0.0630349269465549 -0.118370305027132 -0.117324873149453 0.04944016739826
-0.100636794036774 -0.0694942336188734 -0.083831352529724 0.0667041481696343
-0.10805107601239 -0.035164881697661 -0.0656310021966602 0.0496048435160888
-0.111987924746317 -0.0301940786867274 -0.0576743871046763 0.00934299229556003
-0.11169533092274 -0.0354638316111829 -0.0643752811406146 -0.0296728729324612
-0.115348189440737 -0.053117826899777 -0.0502807112913244 -0.0826906403917896
-0.103565984113405 -0.0944899663692221 -0.0118910440420861 -0.123845005797925
-0.0434176227620724 -0.138058508720996 0.0776706767909344 -0.102747631684686
0.0434376535782888 -0.153458555358493 0.121416026554499 -0.0145013401172392
0.12837284058586 -0.124742326983425 0.0678613835118534 0.0571179227748119
0.165967068078762 -0.0600096330516818 -0.0517704415240224 0.0444082629855747
0.124309106284912 -0.0139336716427223 -0.187045288235275 0.0558423884370408
0.116904244292866 -0.0550041806992923 -0.162750492731091 0.0124494317132262
0.0736909388472727 -0.0962349843745354 -0.159998605827221 0.0021373160180177
0.00325927929555401 -0.105086635003593 -0.133790862158299 0.00365492623995558
-0.0453264177424459 -0.0834085870799823 -0.134946079574231 0.0206578872770331
-0.0731470424270959 -0.0502535102793722 -0.117181521839999 0.0454809984941687
-0.0787709568859111 -0.0282528608644084 -0.105370023437502 0.0372824551678821
-0.0780580458910902 -0.0307368679482871 -0.0961368848461133 -0.00187837464252453
-0.0755558360870475 -0.0376445282517102 -0.0962683502895889 -0.0442746260274171
-0.0722993846166669 -0.0527909881991039 -0.0677104471889703 -0.101383756881813
-0.0553482997863443 -0.0820370834274219 -0.0157481305398305 -0.138985242553619
-0.0051914142099866 -0.105918470491116 0.0760326954720615 -0.108681392749487
0.0647440104698204 -0.102083087865277 0.105737341362552 -0.00995671742336324
0.119021004407537 -0.0667619365792231 0.0376851476699307 0.0559719480567321
0.126237748571571 -0.0163657750392381 -0.10159022487507 0.0417860569095027
0.0563011660615728 0.0130147926208851 -0.209753153200933 0.0704707566999565
0.0651361554232233 -0.0137775212587109 -0.166137429982784 0.0295489531366408
0.0404034862679205 -0.0422432029386256 -0.146577380666727 0.00544860203294441
0.00476508409281578 -0.0456496633521106 -0.12882495999524 -0.0098680969489897
-0.0120393253734801 -0.0368880022441891 -0.14412656858927 0.0086244651395847
-0.029156810088674 -0.0268888582935855 -0.135676466459569 0.0342277774319977
-0.0349152697521254 -0.0192811131299544 -0.129037333580262 0.0287826248836999
-0.0319768623732873 -0.0253975047328841 -0.118067197624647 -0.0126892949547138
-0.0309177979577329 -0.0293083182266368 -0.110916946240644 -0.0603715533186718
-0.0267454339379601 -0.0377198888289871 -0.0690374605905059 -0.119075040732491
-0.0147946718030812 -0.0539338867222374 -0.00606143576964261 -0.148472579743712
0.0158099656639002 -0.0636143468515736 0.0815317574963243 -0.108701965375165
0.0614543754579547 -0.0503123615984498 0.0927443714837732 -0.0108468269202268
0.0857217989860888 -0.0141954279498653 0.0161135828975068 0.0433596750317813
0.0669048832302264 0.0196188343684791 -0.129603624308655 0.0265096946556847
0.00567822683880636 -0.0377385339857384 0.158863720693944 -0.00382013239258247
-0.0286034325174396 -0.0165696949716819 0.0251018521838822 -0.0654077644513532
-0.0286814231444562 0.00906934192392651 -0.0890149606780778 -0.0183233218387218
-0.00800605310435351 0.0112673647880469 -0.124329122410231 0.085277119091382
-0.00958175843582549 0.00270191834722496 -0.0442748123010334 0.152135486854086
-0.00943940894741712 0.00529521084057897 0.044011441088046 0.145779208438218
-0.0111919050655146 0.0103799069433809 0.0996757987321574 0.104337776814185
-0.0197072033433887 0.013355057397957 0.126909417795837 0.0463866600510602
-0.0239552939138416 0.0107795777819078 0.133251879219808 0.0065003395224965
-0.029797991062991 0.00275298440979388 0.13784944766124 -0.0121142104733796
-0.0256807975114715 -0.0120070080674434 0.143249639282828 0.00804368798585927
-0.0131765593086817 -0.0219708262588266 0.136605729563173 0.035842975446657
-0.0141359565330031 -0.0264350566069398 0.1412423236897 0.0266462054276224
-0.00524308341596972 -0.039471611996862 0.166147986974726 0.0148391633677686
0.0280207738314022 -0.045949356060151 0.212010004005553 -0.0298090048007066
0.0740821992529386 -0.0367070727028208 0.13416818813015 0.00969509424003202
0.0282757660789766 -0.0297874100210271 0.0161456540566689 -0.055222308842561
0.0128218140931903 -0.0172939246141948 -0.0987833601315842 -0.0192333401627509
0.0104092938804411 -0.0257956936184283 -0.131437937868982 0.0794510338666041
-0.0146754195804867 -0.0377151541053428 -0.0589862854457437 0.146700959963155
-0.0347964919360131 -0.0270969421097067 0.0279667846853449 0.148099791867177
-0.0480508590456673 -0.0127317012799682 0.0841525301769903 0.108087030022597
-0.0647422169429047 -0.00467717817748034 0.11128848321457 0.0481486888395298
-0.0709323807658914 -0.00674229455013619 0.11437808871446 0.00530122079407907
-0.0799060238520769 -0.0215485950796739 0.116386666289714 -0.023993903825235
-0.070574625648741 -0.0554527011320943 0.128244306334578 -0.0190847228622856
-0.0306059999424418 -0.0848342878197727 0.137003533618492 0.0133704862290975
0.00869713734824074 -0.0936719239897855 0.143261900475435 0.0190795867794487
0.0525898527266987 -0.0901597005770959 0.150896064075733 0.015860475378285
0.100565647775364 -0.0684854553950341 0.182969222546761 -0.0209932960447463
0.134968608875629 -0.0296822394940061 0.085002799728139 0.0145124940110826
0.0897907159805688 -0.0406249038507589 -0.00820058625752428 -0.0559046311396316
0.0615995003971239 -0.0476937223377728 -0.119198442819295 -0.0246568815576359
0.0298419565903515 -0.0696190907911258 -0.141625841393213 0.0732019477213619
-0.0209817782745323 -0.0794727177480879 -0.0719885142362554 0.134146699903033
-0.0587875660381582 -0.0579761108465237 0.00816106768611699 0.138510745730162
-0.0796645015380536 -0.0339944084875133 0.0572686339654273 0.101430766957874
-0.100245714200796 -0.0213892916130659 0.0800450266536113 0.0435081735697069
-0.10722808482955 -0.0219536315611083 0.0789713543551258 -0.000125329344862958
-0.119506522113147 -0.039162031975793 0.0813241577381526 -0.0378188352967055
-0.111061080127301 -0.0848373879010123 0.0987454123204048 -0.049601008727661
-0.0545636333308928 -0.131753381569205 0.131250023635674 -0.0182841340549305
0.0178838235062469 -0.150968282795013 0.144584273629738 0.0100469226418728
0.0957224813034861 -0.133944299975843 0.132937010250833 0.0256020696620603
0.156930981097084 -0.0838353607804157 0.133999297703099 -0.00579897949185749
0.179413167253793 -0.0225355307334925 0.0144930871528635 0.0166448503912104
0.143067441216326 -0.0517739566268381 -0.0475738308510266 -0.0572460023492865
0.104713749471649 -0.0829019231357644 -0.143070512755655 -0.0284355541224731
0.0413857638994801 -0.11546207687641 -0.148645698510228 0.0603494341755773
-0.0309986303975693 -0.11648078413256 -0.0858479293337509 0.110362317359304
-0.0806553502097965 -0.0815382488424367 -0.0173866001950307 0.116500265426791
-0.102771658256147 -0.0492357388875482 0.0211194359231534 0.0860545424668123
-0.121182113528705 -0.0356071862424 0.0367801243633006 0.0329901690905093
-0.126228604270047 -0.0356271201278326 0.0323564761300412 -0.00890191577120303
-0.139629923252907 -0.0526490794143327 0.0368102097275708 -0.0519722900829368
-0.131389028898115 -0.102055169944095 0.0611264958952732 -0.0775574244531457
-0.0668612823435001 -0.157301431883752 0.118688990749547 -0.048254418602607
0.0259696680436417 -0.182553611929388 0.142435635819554 0.00395405884419156
0.125232082943906 -0.154827565208029 0.111019200456184 0.0410967603039929
0.189030132599719 -0.0838673906753914 0.0712590310093512 0.0140015399417154
0.194323532768551 -0.0160452968129314 -0.0665443070756418 0.019403788731469
0.170844109564558 -0.0596214811266197 -0.0947556784751324 -0.0473318619005651
0.126335571640749 -0.108861747973554 -0.159506444580929 -0.026920901907484
0.0416348028148751 -0.144191997902027 -0.148062785452681 0.0395173968246579
-0.041193775662658 -0.13482828307361 -0.101658751139429 0.0763011940942865
-0.0921054200093738 -0.0903008976399223 -0.0507058612934401 0.0857966978666315
-0.110979759012044 -0.0548512706059765 -0.0236153011027434 0.0642844959509117
-0.123243562471289 -0.0442582880310255 -0.0122471656115109 0.0180185248977827
-0.124817675804894 -0.0460728627282583 -0.016976513181457 -0.0205647988331963
-0.13453193525682 -0.0630968998281242 -0.00593330661015116 -0.0674723119787782
-0.121840219382252 -0.110493911676452 0.0270057600080085 -0.100710641016405
-0.0544151507137651 -0.16199509143679 0.103459851517194 -0.0714510404554122
0.0437875045509936 -0.180163591551912 0.133740269619361 0.00361677483290707
0.143242094232196 -0.142691165029684 0.0850517253845646 0.0575498101462824
0.194339680815177 -0.0634436200701811 0.00278291477003268 0.0303676787179139
0.174824329548243 -0.00851635336763823 -0.14181520997194 0.0273630747524484
0.162909632406723 -0.0557627060252031 -0.138120351751823 -0.0282679442644861
0.118825440031948 -0.109869568466755 -0.163521646538706 -0.019809744868928
0.0319168095930724 -0.140422769588633 -0.139585010934972 0.014138295449655
-0.0421912259554167 -0.124850812777936 -0.117984634639894 0.0364574653036528
-0.0873243729764673 -0.0819498770057341 -0.0866350038449741 0.0531418213278264
-0.10120573643366 -0.0504523618975179 -0.0695749510291137 0.0425092985277773
-0.105877840049824 -0.0466427471961869 -0.0589031286588178 0.000733294448989207
-0.103232539886056 -0.0508995404160659 -0.059228409149243 -0.0378310241766498
-0.105257152317178 -0.0685522143979084 -0.0374045797080986 -0.0860963864560049
-0.0865886899276899 -0.107199856585806 0.00643109970284656 -0.120596112255411
-0.0214547085192706 -0.143296936361117 0.0938518089773505 -0.0865925559842439
0.0677101231675833 -0.14432032774085 0.120190287322436 0.00649108129428799
0.145517621434034 -0.100048237552544 0.0540468686667368 0.0650151382231208
0.172793741948769 -0.029125143515773 -0.0613831732267922 0.0343084706908299
0.123837830166323 0.00281715620052922 -0.197060694297709 0.0373938265321224
0.123294654691869 -0.0368874203672163 -0.164904192250711 -0.00625852119580158
0.0871263262479565 -0.0825496614612817 -0.156413883114681 -0.0138958270778306
0.020248957827748 -0.102041146505838 -0.129374974135182 -0.0106398653419688
-0.030262056755968 -0.0888607474429156 -0.132592692696115 0.00472988851019109
-0.0629055396171907 -0.0585550417211222 -0.119017262707067 0.0275485058140151
-0.0731223841202596 -0.0384514650082262 -0.107938295814725 0.0247499644156347
-0.0725563321664563 -0.041972769071102 -0.0948764130258423 -0.0159218822097104
-0.0685277516297721 -0.0474322570822179 -0.0884649758057541 -0.0567727667043242
-0.0634230382509042 -0.0615379960408662 -0.0512419995800748 -0.108285107195674
-0.0422781554756353 -0.0880804213470108 0.00498242520542201 -0.136596755973882
0.0110467120232796 -0.105980468479254 0.0927030733922942 -0.0927387927934325
0.080322224060724 -0.090718354338765 0.10505135477109 0.00732098415581152
0.126715199777911 -0.0455048551959607 0.0258418066875738 0.0582903551227122
0.126605904958476 0.00664569936012079 -0.109477295844879 0.023924349323881
0.0544283991470187 0.0195487980955995 -0.220724391448201 0.0440718286632038
0.0663252285013471 -0.00394290486187706 -0.171225580740107 0.00755096129672365
0.0461128976873994 -0.0352309644415349 -0.145042082942798 -0.0127900682771513
0.0122978442586676 -0.0441333049690485 -0.125071913241406 -0.0254672183544748
-0.00587208016536227 -0.0385889518056183 -0.14184064775932 -0.00984425682160064
-0.0234553830193245 -0.0293292642589534 -0.137348732036526 0.0146599567382024
-0.0316905258025811 -0.0233943287197668 -0.131058283888853 0.0124910471939161
-0.0282643320595988 -0.030759715034283 -0.114979459218373 -0.0287609782580659
-0.0266018141254008 -0.0332460511032689 -0.10037301141953 -0.075684096416848
-0.020730745928978 -0.0412681435584154 -0.0499111734963648 -0.126820551831301
-0.00707533604862875 -0.0555798619980858 0.0170314368744343 -0.145898430724618
0.0243719566382596 -0.0609520903819865 0.0983020064211013 -0.0934304633409387
0.0692693650382815 -0.0407044829609425 0.0930449465528516 0.00436523024710857
0.0859453154296329 0.000589943978456719 0.00763549544633092 0.0428093579329775
0.0613321433650739 0.0322630522871614 -0.133978597271017 0.00379944071169855
0.00562728125197532 -0.0388805645648846 0.162567233451075 -0.00614681946985762
-0.0297392359055997 -0.017369002442252 0.0254673243817507 -0.0679247657043829
-0.0295612678996809 0.00828665341502221 -0.0920840720640145 -0.0199100774625624
-0.00862300184168659 0.0114575418083854 -0.126787113154801 0.0874572453394732
-0.010214398537666 0.00295111658359471 -0.0457512574109383 0.155114615404107
-0.0101023288874656 0.00542016389090621 0.0453039512997885 0.147267475418961
-0.0116579138999214 0.0104815773773612 0.103266136836401 0.10526474083064
-0.0199198938354314 0.0137401490302681 0.131905976424512 0.0456328200861207
-0.0248782080980546 0.011887828308 0.137697569650734 0.00580713192766009
-0.0307378779446503 0.0037771768639275 0.141059896889563 -0.012330838233702
-0.0266906698228512 -0.0123621723511574 0.147297020256055 0.00741370852469765
-0.0137846690556004 -0.0232049834744861 0.141540588107868 0.0368353193070662
-0.0145889094296694 -0.0274098488465337 0.143890189009727 0.0276011763038282
-0.00500861793246287 -0.0405731896242294 0.169889546671964 0.01647398297099
0.0293299699154243 -0.0477165936500377 0.217868321992628 -0.0302942080764342
0.0751586849272887 -0.0377205175730399 0.138125650214312 0.00802396170491259
0.0284197187088649 -0.0309299566898971 0.0171973942855076 -0.0583963340774286
0.0128628751601745 -0.0177610470279492 -0.101781239215282 -0.0209118705302487
0.0104016317010076 -0.0264513094680709 -0.135232112147172 0.0816475070821611
-0.0160740986693341 -0.0377460711825367 -0.0608980739825384 0.149094838038325
-0.0363152432551887 -0.0269764515763682 0.029521029942782 0.149275898840024
-0.0494579249257849 -0.0122876048487844 0.0872152233432929 0.109230611730492
-0.0667681148735362 -0.00384641094652728 0.115256887959511 0.0480730330041065
-0.073187464610333 -0.00568002459711257 0.118146388643982 0.00397918590391238
-0.0825018292451904 -0.0211008621495009 0.120236487563775 -0.0245731946143895
-0.0732356205822011 -0.0562973508479387 0.131592063831703 -0.0190733079688746
-0.0325374088465227 -0.0869357212489581 0.141363416861628 0.0136288872204516
0.00947115858826473 -0.095819954707079 0.147439639551613 0.0193064204352234
0.0538215963599383 -0.092742752918315 0.154701604375651 0.0170337324206837
0.104091288224853 -0.0708178522772391 0.188327170580798 -0.0220895677871266
0.137571124840122 -0.0307994251387317 0.0872350074384538 0.0132424862757733
0.0915058930403396 -0.0413330338281631 -0.00681641164842233 -0.0596479230887096
0.0628605664354842 -0.0487144649922368 -0.12277714474602 -0.0264317861008242
0.0297761004629638 -0.0711799725585791 -0.145353575355983 0.0742072189824122
-0.0225817071888152 -0.0807562801481215 -0.0741663800804576 0.137137897001335
-0.0606338903505544 -0.0584366508303342 0.00895421790281635 0.14013893894061
-0.0820927889133337 -0.0342184050751857 0.0597723812779366 0.102749616505984
-0.103887260141221 -0.0210026390826526 0.0827742533598847 0.0440137247220715
-0.110431615412075 -0.0213901266358601 0.0815725096635985 -0.00101978932442823
-0.123171309856652 -0.0386097532266664 0.0834025955597818 -0.0385973987369112
-0.113999134392827 -0.0861203110830565 0.101320075132413 -0.0497177854248007
-0.0565820150951185 -0.134548396605276 0.135611412972388 -0.0187529180674548
0.0181504004247357 -0.153904289356501 0.149143273693547 0.00966029882801716
0.0975967633795883 -0.137317028467564 0.136735342252969 0.0267139847835085
0.161223566869806 -0.0870154337834978 0.138367775256162 -0.00699747940201504
0.182076835773526 -0.0230695187488951 0.0156135430866834 0.014524588852569
0.145371363172684 -0.053632612263911 -0.046468570104631 -0.0604424425774343
0.106959941425194 -0.0849134684383823 -0.146126636287708 -0.0304105183121405
0.041821042244692 -0.118065489156473 -0.152981557451283 0.0613384965509745
-0.0333152609559891 -0.11835082986411 -0.0882153817147837 0.112548233634875
-0.082558949001133 -0.0821712783992742 -0.0169915946351257 0.118544449761903
-0.105324523334797 -0.0492178831892009 0.0217866326436059 0.0870102772689076
-0.12491539363911 -0.0344555520994468 0.0385607353705882 0.0337454557441868
-0.130294946561404 -0.0346051711654413 0.0337290786736255 -0.00868951850498392
-0.143813896563313 -0.0513846007614794 0.0388373113944978 -0.0529687441095476
-0.135475973508002 -0.103031949882688 0.0628690228883749 -0.0775677469290483
-0.069338114188456 -0.160612281446432 0.121594766764116 -0.0487191967456163
0.0259753139003608 -0.186154447843419 0.14752408083111 0.00371608760716744
0.128020674405545 -0.159144586845961 0.114983532861086 0.0430782936025312
0.194862270145144 -0.0866207905289881 0.073245163988428 0.0133252039582447
0.19685370291596 -0.0171001687096446 -0.0671730442347615 0.018980017133613
0.17400199812325 -0.0616101822891227 -0.0953318395101895 -0.0508022135093451
0.129438294506082 -0.111269399611347 -0.163946492190435 -0.0284108274855022
0.0413652804604666 -0.147707000428939 -0.152037530291404 0.0394956363043046
-0.0433497651828719 -0.136795041299671 -0.103478519528478 0.0769925117088835
-0.0943217830615843 -0.0902375696522331 -0.0510426160413405 0.0871441964819412
-0.113628544194192 -0.0544619929580081 -0.0232901217390968 0.065756882829235
-0.126454871997982 -0.0441106663784736 -0.0119988604963868 0.0192524381107391
-0.12821073194895 -0.0458010614092854 -0.0167877831251577 -0.0202832008624681
-0.138629856367578 -0.0625299519617997 -0.00511113170136691 -0.0681547324224228
-0.126008956436674 -0.111251856145928 0.0269202914701425 -0.101360474116471
-0.0561241518388143 -0.164401249494046 0.106653703708592 -0.0728554470037257
0.0445308297374625 -0.183973791052056 0.139038742189238 0.00351470601406462
0.146072353109794 -0.146198851454054 0.0879012585922185 0.0585967020397686
0.200448715598627 -0.0664849671386074 0.00313767153737076 0.0301804142887419
0.17757650359286 -0.00967880205472497 -0.145267573273161 0.0275002692777407
0.166483333182014 -0.0579183631673021 -0.139902847482621 -0.0305341265999507
0.121074348606987 -0.112065962819635 -0.167753535015372 -0.0214461122864221
0.0314087615494037 -0.142945052405925 -0.143352119246205 0.0137034591456471
-0.0444748165558074 -0.127412152202738 -0.120428736339397 0.036789450970998
-0.0883463387937115 -0.0819528651251351 -0.0887357932657769 0.0548616534298426
-0.103732086021304 -0.0503247140513947 -0.0710845443194029 0.0445210652942805
-0.109702023576814 -0.0469638832382684 -0.0601991227664471 0.00197955905005267
-0.106419679394363 -0.0515187171617986 -0.0601526531376415 -0.0365476081842949
-0.108642195438021 -0.0682128796018288 -0.0377986694766867 -0.0873368004059986
-0.0900114123105315 -0.107559436904934 0.00613036265318657 -0.121786342487105
-0.0228689164790454 -0.145681125531559 0.0971175867335155 -0.0881564173252826
0.0695618014949154 -0.147232629682493 0.125257778705769 0.00584555474299129
0.14822361019822 -0.102575056699088 0.0569144413796807 0.0659964063438436
0.177579374442563 -0.0309283875366636 -0.0619788695755146 0.0353016892221872
0.126545981294902 0.00211642784514271 -0.201932195180178 0.0384214839824073
0.125682326659431 -0.038216412910043 -0.167661219192209 -0.00782060460164314
0.0892772843015971 -0.0841269044325599 -0.160307923269442 -0.0149280826881169
0.0201206503093335 -0.10461064847471 -0.133391701486176 -0.0117674373434809
-0.0315065137849052 -0.0902221085934291 -0.13531300207228 0.00467973401540745
-0.063698223674057 -0.058990875308703 -0.121594186730609 0.0294587012753828
-0.0749395376198408 -0.0378841444195867 -0.110010598404064 0.0263209232925102
-0.0749967867933733 -0.0423026341081129 -0.0972473210934108 -0.014189102453377
-0.0705807926496552 -0.0479686695823312 -0.0906146699146134 -0.0571290181574659
-0.0652316852870336 -0.0619385471813285 -0.0528942623904625 -0.109907422787927
-0.0442741702230367 -0.0889433794618615 0.00448870136323389 -0.138255894725976
0.0109718273506676 -0.10779613737223 0.0952829862776975 -0.095056988824235
0.0822113816971501 -0.0929410584503467 0.109291714424335 0.00741514398372245
0.129372053083944 -0.0464443810166457 0.0271130911045087 0.0589936904508991
0.129625106337003 0.00688492011528147 -0.111147846628978 0.0252344730469303
0.0553164830470417 0.0198876649511906 -0.226363563371305 0.044809442920487
0.0677221263350829 -0.00471644844546991 -0.175470133431943 0.0073608797299022
0.047470140777732 -0.0350414954928737 -0.148548827586247 -0.013857066734051
0.0126808314297853 -0.044866505736986 -0.128405679900094 -0.0263386752753966
-0.0065329402462252 -0.0398089120911526 -0.144621135962601 -0.0102040500872635
-0.0233992191109669 -0.0289038835440254 -0.141558850082771 0.0159601984038182
-0.0321951825130899 -0.0232176063381419 -0.134635232655529 0.0145838917171709
-0.0291542212019824 -0.0314721540348647 -0.118452268250909 -0.0285238550323909
-0.0269898430356547 -0.0341103239308599 -0.103161659035726 -0.0749485187020914
-0.0216615148653332 -0.0421496264535154 -0.0517294301641343 -0.128582334194371
-0.00785108193787319 -0.0558723108602689 0.0170981722304457 -0.147915411331537
0.0241561751493596 -0.0620453028835483 0.10056760192757 -0.0956186540030437
0.0709192812363087 -0.0411754018811088 0.0971375690175292 0.00468622694543247
0.0878341215904965 0.000760645123882319 0.00871862875696714 0.0436895709969324
0.063251392730282 0.0334405132525936 -0.13714905184955 0.00514108677151001
0.00409634135270199 -0.0406167858114605 0.166380557952583 -0.0148379959796965
-0.0314241710824559 -0.0162712721399092 0.0233546414413462 -0.0724581549313798
-0.0305005050513981 0.00944709003532239 -0.0956926342448402 -0.017396230548483
-0.00809111137414168 0.0120130105291542 -0.127619369553098 0.0947154719172449
-0.0110257686714629 0.00359035001889074 -0.0422664396983909 0.160867676876004
-0.0107199775182822 0.00619319376639361 0.0521820860204221 0.147034100946619
-0.0118623344544174 0.0109752522755292 0.111007765702506 0.101988235593016
-0.0202155820404475 0.0147261072390216 0.138132557224282 0.0397054261395876
-0.0241512963236692 0.013364204825141 0.14268603890989 -0.000695576644094668
-0.031099615634274 0.00535464704578394 0.145013606561347 -0.0185664357117557
-0.0283764409687935 -0.0122788363734291 0.151920580916906 0.00224832619224752
-0.0151062009820552 -0.0233497426342626 0.146987730154307 0.0324596539310411
-0.0157451869985406 -0.0273180627229999 0.148996923122401 0.0236660805741598
-0.00628980621004326 -0.0408935877502298 0.175437141628076 0.0112874768518428
0.0287330920096661 -0.0503901234061334 0.223560971049122 -0.0390536161569217
0.0746849624304 -0.0419932588651982 0.142221127402908 0.000366836941364583
0.0274801851537293 -0.0326641379982118 0.0159150607521247 -0.0623987807491887
0.0122440277836141 -0.0185127933076522 -0.10556130119682 -0.0180865465468257
0.00920755551954265 -0.0272850661749198 -0.136136881188336 0.0886847358374603
-0.0187619323188949 -0.0379076269728072 -0.0571473801799577 0.155083515225537
-0.0387601850410727 -0.0261680990341189 0.0354496238763504 0.150998322828411
-0.051109219212762 -0.0107729973678249 0.094835604215292 0.107558480557656
-0.0688852400420665 -0.00101353907239724 0.121624443787255 0.0437907512141851
-0.0756633887104812 -0.00225414440929068 0.122938038842769 -0.00165008048083014
-0.0857439815822626 -0.0171854442204348 0.123588675050951 -0.0301786879753099
-0.0780486164135793 -0.0549615189641085 0.134721402638625 -0.0244877504670794
-0.0366276216816532 -0.0880434630044439 0.146814523678875 0.00905650104709688
0.00543332811307657 -0.098671761727881 0.152245549563969 0.01449865120435
0.0526495400871893 -0.0969263906178484 0.160880885353963 0.0121417224634528
0.104725578554125 -0.0776387629745622 0.193252865906359 -0.0305385952841188
0.139204871983986 -0.0370742396163292 0.0906888928682456 0.00747574062134117
0.0915922233747265 -0.0463791906042018 -0.00898569147607526 -0.0633707735576943
0.0630863193443872 -0.0520355618232251 -0.128076220125305 -0.0231874603628683
0.0277809347658078 -0.0743098093850266 -0.147147324744231 0.0814056764016349
-0.0271247510740363 -0.0809343718021691 -0.0716684079515321 0.141840317789714
-0.0648564368091668 -0.0568446394042483 0.0150783557958878 0.142113891261888
-0.0851576186700252 -0.0308591826907157 0.066346893275925 0.101756475100795
-0.107487257223853 -0.0164361087262838 0.0872058731708899 0.0406579808113914
-0.114934057976979 -0.0165301384121082 0.0846040609078985 -0.0050677662202107
-0.128840070769745 -0.0331475488643593 0.0854914051905616 -0.043380328550616
-0.121493543417113 -0.082889704237737 0.102136609149061 -0.0543107091007445
-0.064312263426781 -0.135713744739971 0.139480970044092 -0.0233081324824403
0.0119296859915687 -0.159083661610412 0.155009990013985 0.0039105499326991
0.0950542859534335 -0.144443227527568 0.142107665294366 0.0217219958197318
0.163299256016252 -0.0963861932278442 0.14204330571212 -0.0131955483752848
0.184938017554099 -0.0318425910247205 0.0170933442660651 0.0125687483637347
0.146711063850338 -0.0608748485270984 -0.0490315122400471 -0.0632339861194632
0.106706600788419 -0.0915573627559835 -0.152551502694514 -0.0265885341995649
0.0373649702192922 -0.122410937783892 -0.15518543215256 0.0682308194724701
-0.0390252419870461 -0.119316444835827 -0.0868878501535361 0.117873406289995
-0.0876323687386165 -0.0797938372261225 -0.0128715137137514 0.121216391564156
-0.109724669168194 -0.0448274458037916 0.0267766262028638 0.0871432456725089
-0.130522257151376 -0.0296243383099793 0.0411703896358739 0.0328511563441282
-0.135557678292174 -0.0291968370171046 0.0354938343444035 -0.0109334344555654
-0.150373468886254 -0.0449010586597887 0.0387289292312997 -0.055278501262836
-0.144336415252512 -0.0985427778058508 0.0604620888074975 -0.0806878720532333
-0.0788362439944277 -0.161582165531811 0.124380694592571 -0.0548081409537154
0.0198036850742838 -0.19227097798858 0.152283264176924 -0.00346147210028676
0.124197851519878 -0.168448169821167 0.12013995320446 0.0389716827412175
0.197763468696271 -0.0979709327129068 0.0761476222774833 0.00957855282174395
0.201523037067144 -0.0248909177030359 -0.0677592401982965 0.020253477140654
0.175628574160649 -0.0705477683709541 -0.098546392963127 -0.051451555168071
0.128710486141166 -0.119001903160308 -0.169323986025946 -0.0240954497518369
0.0358712520082939 -0.152860471608339 -0.155172895013211 0.0457756243352355
-0.0503381134277787 -0.13777774717241 -0.10388273861945 0.082273291739294
-0.0998740701875612 -0.0878240608228043 -0.048865797485349 0.0909522009926441
-0.118751188175953 -0.0497528088388562 -0.0211115719885154 0.0681880658989016
-0.13252612698947 -0.0387877474472861 -0.0115883215465187 0.0205168247703061
-0.133654648478043 -0.0404436645139308 -0.017523837542222 -0.0201321847728469
-0.145211849132239 -0.0567902818345018 -0.00759789207127807 -0.0693864045628501
-0.13426325328657 -0.1074315165095 0.0239342110627269 -0.103012663945453
-0.0657063603585969 -0.165941950739884 0.107573125410144 -0.0783360196004395
0.0382185575386181 -0.189783528697666 0.144145747660296 -0.00341440996362125
0.143548319249138 -0.155739925551175 0.0930945818438316 0.0562088526030392
0.204020875785819 -0.0769489670509848 0.00402989690260305 0.0304196971166395
0.181958105342801 -0.0174075128930166 -0.147039613805896 0.0331665412677059
0.167836771958659 -0.0663104783323801 -0.143450718422954 -0.0283100493780774
0.120827335349394 -0.119532258237823 -0.173441729658215 -0.0161963573104466
0.0263313496006619 -0.148296914380871 -0.147133459540935 0.0181214987015564
-0.0515758942186234 -0.128090626734861 -0.122693686642974 0.0417832857726409
-0.0937641192973519 -0.0787983418632021 -0.0888385996473392 0.0594755327370506
-0.108388068679236 -0.0461461175144612 -0.0703020147637439 0.0481817794433141
-0.114681640459424 -0.0427298592042835 -0.0613777295733496 0.00572123694782434
-0.111476539607906 -0.0476176224059996 -0.0632381459217565 -0.0340290628799242
-0.115021254987737 -0.0635119901608004 -0.0421462308135551 -0.0878113913362766
-0.0968629298851324 -0.105077297422611 0.00195062625650587 -0.123223526298548
-0.0307695579624541 -0.147707087724439 0.0967992294149063 -0.0936181329407333
0.0655112509098708 -0.153696621920897 0.130474121379183 0.000767320999067891
0.147808550055976 -0.110794272165841 0.0609056924264274 0.064524597799281
0.181754723209227 -0.0390245133539932 -0.0628223599972003 0.0386482275031499
0.129525039652107 -0.00304711108380709 -0.206140167059371 0.0467880052097271
0.127396866923423 -0.0447161732233806 -0.172353059173283 -0.00339981230980819
0.0889274107905219 -0.0894767844079588 -0.165594440427467 -0.00964802380302903
0.0158342811880419 -0.107763394565834 -0.13767566642253 -0.00791789331592797
-0.0372450515173594 -0.0912936890752214 -0.13909876471052 0.00933772215806952
-0.0673364702884655 -0.0566729870422567 -0.122703318331161 0.0351828516102655
-0.0785554604855219 -0.035223182758157 -0.111297187411341 0.0323935418103389
-0.0791618354592736 -0.0402744097200774 -0.10159263831507 -0.00881096126062906
-0.0740429692626401 -0.0462580474143243 -0.0948265886853205 -0.0528085399791243
-0.069927966755951 -0.059838490627902 -0.0584574986372641 -0.10994389413732
-0.0484618392651559 -0.088084039154753 -0.00114662613880243 -0.140908740640044
0.00601991735193744 -0.110374817765995 0.0949875038095036 -0.100786750398915
0.081170029179245 -0.09798792861028 0.114252734395823 0.00261115767697444
0.130287719806554 -0.052480626819571 0.0305846892236337 0.0589989353398488
0.133599190967464 0.00190087975087183 -0.113363612188323 0.0308383789589328
0.0572317895098548 0.0179565830505649 -0.232109548275142 0.0561946422393517
0.0687786007041324 -0.00807166294493083 -0.179477871619686 0.0134994397221328
0.0476357909671683 -0.0380566560215923 -0.153447070373628 -0.00918448970622811
0.010911689759971 -0.0460596267756546 -0.133309610444518 -0.0228826227684825
-0.00837764924550254 -0.0400089472748678 -0.148829963889153 -0.00542088243827477
-0.0245387017445102 -0.0277510130538835 -0.144884800749989 0.0226689678900108
-0.0338188292332675 -0.0217658181182297 -0.137470469842391 0.0221925609016909
-0.0319287632777662 -0.0308012300771975 -0.12398869553956 -0.0222275032748627
-0.0288271587818074 -0.0337362302967193 -0.108925323430634 -0.0709755068958226
-0.0236505957869434 -0.041856094973692 -0.0582012886302341 -0.129199720865646
-0.0104960298055988 -0.0562607164003073 0.0108193599665779 -0.151180308521518
0.0217138807751718 -0.0642666493610718 0.100001571685968 -0.101005857464416
0.0714768612654077 -0.0447859977985309 0.101484334067771 0.000981493208370231
0.0893613105702647 -0.00255017469913581 0.0109454113211585 0.0443816054288299
0.0660640157693673 0.0320674516918327 -0.139954737575707 0.0117197421184577
0.000443261319878598 -0.0403501225971799 0.164841566466525 -0.027515759955168
-0.0326723367090818 -0.0146832208066777 0.0181192570648176 -0.0745929374339386
-0.0298834364006974 0.0118814333809399 -0.0965678900369783 -0.0124147629285487
-0.00747515077332781 0.0125520437652389 -0.121363636661431 0.102260545375839
-0.0113023182682024 0.00528557827027442 -0.0325414261661691 0.162757092686268
-0.0104606032472904 0.006490577396894 0.0597442886764039 0.141581067249473
-0.0109987939663701 0.0112996764290445 0.116914708945737 0.0931430815101804
-0.0198369712845181 0.0162480813628011 0.141340308461501 0.0287637972494393
-0.0236033976832658 0.0157340307865825 0.14321184638272 -0.011073364802846
-0.0304360928015926 0.00794917765822419 0.144332103976993 -0.0280618590856055
-0.0296480433737231 -0.0103008909454686 0.152647465946227 -0.00742036268963131
-0.0167917924724522 -0.0219204258474945 0.149851992097894 0.0235274039722822
-0.0173942185190641 -0.0264138519669263 0.149760405627267 0.0149326950031592
-0.00860990917297943 -0.0404090809172042 0.176169498392249 0.00221338140132832
0.0252936595657217 -0.0528081962666684 0.221008252518974 -0.0534310568108992
0.0715268089664761 -0.0462386106304504 0.14142645168406 -0.0112775314592695
0.025294781672112 -0.0339879267433446 0.0123441817272339 -0.0656821585638857
0.0112250071201869 -0.0191481099800925 -0.107334003125474 -0.0123924867023987
0.00752181535027402 -0.0276169560032307 -0.130092477270715 0.0969500392687637
-0.0210237728397247 -0.0354923900256451 -0.048108703486761 0.157775518909798
-0.040444290541331 -0.0230598956842136 0.0442761355444852 0.146315065657459
-0.0518260997497111 -0.00709408196965287 0.100771796963951 0.0987440169121418
-0.069246002203183 0.00432099406186294 0.124728912121387 0.0337647518245443
-0.0752915296765244 0.00369182076013564 0.123148982726659 -0.0111008610384405
-0.0862200024016414 -0.0109708243856552 0.121834377043014 -0.038533931612044
-0.081700667309632 -0.0492498812996152 0.133264493734717 -0.0323275091221563
-0.0427605776392283 -0.0853565715391819 0.148270028220759 -0.000214173534921178
-0.000415263468220147 -0.0993824203514967 0.153415992524332 0.0044300597443863
0.0463631137285603 -0.0996222705890114 0.160954836642909 0.00279750937900939
0.100057271517234 -0.0848478721939379 0.19150538373964 -0.042998349966728
0.135576630953553 -0.0457486154311562 0.0908557502484607 0.000326497316591204
0.0882236321582699 -0.0517886519714793 -0.0125351892645488 -0.0660193852054309
0.0595538020536215 -0.0556690641163244 -0.130242006891325 -0.0163772461986399
0.0231057228701444 -0.0756107659568556 -0.141854249482023 0.089786603763094
-0.0325273484843001 -0.0780164687003208 -0.0629233657256379 0.14569006986296
-0.067917092621402 -0.0518864851683203 0.0231085587458423 0.138811759434103
-0.0872561471773598 -0.0249672621402238 0.0726789998227978 0.095133867813319
-0.108650036618805 -0.00838113848303252 0.0910938127516874 0.0332227302164596
-0.115504522555328 -0.00766023041922848 0.0848777994024848 -0.0117969714726683
-0.130600736995662 -0.0230829546677939 0.0835090832733169 -0.0493264166193242
-0.127432598611077 -0.0735397052616886 0.0991839145827856 -0.0594918463360303
-0.0730816247522436 -0.130068665528262 0.13842046693828 -0.0319355735750403
0.00247749858705322 -0.158935954124359 0.155340417775368 -0.00679985701617951
0.0858165507502496 -0.150251097796554 0.142884603630033 0.0130254732760671
0.157800354209317 -0.107819820035741 0.140326061076025 -0.0229753384916554
0.18174483249338 -0.0427026809533481 0.0182684718250575 0.0100723613160984
0.141484910246741 -0.0698625920274695 -0.0523652220008502 -0.0633510335006398
0.100986256707918 -0.0970492836686569 -0.154401768077943 -0.0182477053255589
0.0288558926075527 -0.124219872446351 -0.151052021699393 0.0767476694122792
-0.0474953123608815 -0.1149858030837 -0.0796712408112938 0.122750546655363
-0.0918609771877236 -0.0729075891636247 -0.00512970184821441 0.120023324345704
-0.112042762878995 -0.0367538780715558 0.0325963119877033 0.0841689260042316
-0.132104222556011 -0.0197413994966009 0.0442119789174774 0.0293011011438692
-0.137154895232598 -0.0187850746551259 0.0353482074975661 -0.0135457497859197
-0.153434547417376 -0.0325354273829259 0.0358313610252855 -0.058662201009107
-0.150912036548591 -0.0874800262328139 0.056596207206388 -0.0827912228694859
-0.0891146907570746 -0.155176674245598 0.121174723692792 -0.0619590752560259
0.0068368288745266 -0.192949851335836 0.152667326105826 -0.0137663442641111
0.113932413226198 -0.17533334053114 0.122502563875394 0.0305396954143146
0.19123343651355 -0.111864737199485 0.0757962779149903 0.00428021712655642
0.198227056814277 -0.0379103247742974 -0.0662727097874855 0.0231097898547025
0.169570487708351 -0.0813824312008345 -0.100342437873143 -0.0480532153575239
0.120786544886975 -0.126570514658809 -0.171799186202979 -0.0137416947644661
0.0249384554391236 -0.154182507666226 -0.151808936192307 0.0541930542563685
-0.0603430722185532 -0.132936782151414 -0.0986161361030486 0.0880508880606236
-0.104274628641974 -0.0798432979815262 -0.0428276058871937 0.092965087549248
-0.121763017775204 -0.0405699018567918 -0.0164594499546128 0.0685768278659611
-0.135032203579728 -0.0289519887335895 -0.00946082509548335 0.0216782462731503
-0.136556892408062 -0.0297182288800645 -0.0184477887399111 -0.0181916870039377
-0.148336954640306 -0.0439927453177159 -0.0114021331865408 -0.0689728685563006
-0.141610741474424 -0.0961684207415911 0.0180611418514107 -0.102462435591681
-0.0775895286622365 -0.159670987795065 0.103332273524889 -0.0842019655057305
0.0266699131448822 -0.191885884888413 0.144590658155681 -0.0137374688848491
0.132437856289063 -0.163554968554338 0.0960091905716218 0.0490972570241728
0.198535291964979 -0.0909578113904784 0.00550439748645816 0.0293318142360423
0.179054285491153 -0.0282981404703693 -0.144523189314486 0.0413884503339023
0.161951749301335 -0.0771080055383915 -0.14436954365421 -0.0215678687304286
0.113084001603252 -0.127113398092288 -0.1745897399324 -0.00543657712032862
0.0158720529975722 -0.148625447905916 -0.145872157556385 0.0264120842476243
-0.0603028311498411 -0.123195201731242 -0.119589847203577 0.0485564011782468
-0.0978926541069891 -0.0715031898125715 -0.0843318280438128 0.0650076136289079
-0.110158215144363 -0.0372567677545662 -0.0661005533588622 0.0528184155308299
-0.117897207538915 -0.0339210268319325 -0.0607984373691741 0.0109233479289678
-0.11454966146964 -0.0395186928443356 -0.0643551393802454 -0.029005473808754
-0.118717214049744 -0.0538954213006508 -0.0465132493486232 -0.0837122624775494
-0.103987298175135 -0.0964095902947192 -0.00521307447720017 -0.121280673859248
-0.0401342983727147 -0.14396364982489 0.0912663405847569 -0.0989778028184101
0.0563336530085932 -0.157108542180789 0.131860221284684 -0.00953003038316337
0.139411467528089 -0.119494526197724 0.0647660871831917 0.0596570414118728
0.178457790055625 -0.0514861656124217 -0.0598908132081771 0.0421840019767156
0.129106088829155 -0.011086423195456 -0.201858325931503 0.0593583239480354
0.123214969095955 -0.052754793577451 -0.170943704572314 0.00612322512107374
0.0834234018608259 -0.0948664303599779 -0.165741462052484 0.000294365337620963
0.00803958032887438 -0.107781100225862 -0.138199209575367 0.000563179850194395
-0.0439136500096376 -0.0879801378766301 -0.138226824983643 0.0179043608770745
-0.0697802688886088 -0.0513011946084879 -0.120897986492952 0.0433342078109638
-0.0799257489702876 -0.028767734468326 -0.109145564401645 0.0400693711057362
-0.0824127653630919 -0.0339312843345037 -0.101251451898155 -0.00114159861023967
-0.0771636192549475 -0.0411550456153267 -0.0977648035912486 -0.0451759823164982
-0.0735611343911357 -0.054208368048403 -0.0652371693839821 -0.104900929736194
-0.0543999584775981 -0.0834871674138981 -0.00950464067163512 -0.138740656042552
-0.00176278137770381 -0.109142162993728 0.0884700288184566 -0.106239031631534
0.0751841225139745 -0.103180905494093 0.115879980288951 -0.00545116738599716
0.126421256098925 -0.0601572518285794 0.0345342215676911 0.0564947808863601
0.133389368591796 -0.00662123488136476 -0.110837974942995 0.0383061574067612
0.0578806008126916 0.0139337158730285 -0.22747203968507 0.0706033279596729
0.0677492224088875 -0.0127630765796881 -0.177876537144492 0.0243511417761308
0.0458433697419949 -0.0404944630218985 -0.153883839240183 0.000719436408781007
0.00776603094518864 -0.0470030631559918 -0.135000017532891 -0.0155187203818092
-0.0116838945698121 -0.0393140556298423 -0.149321039929898 0.00360209499263582
-0.0254864795174242 -0.0256218544274624 -0.142740691846375 0.0326182313727286
-0.0342640624860636 -0.0185199781025461 -0.135152392157452 0.0316674200544249
-0.0347391920474513 -0.0290048856905582 -0.12534342195714 -0.0119441386007692
-0.0313279596206828 -0.031966997320496 -0.113363921038093 -0.0620154651167654
-0.0267453743143779 -0.0395274874982688 -0.0666897629618748 -0.123610112233123
-0.0144137094356349 -0.0546970836590034 0.00178933279853348 -0.15009395385015
0.0173135542552723 -0.0648246236304497 0.0938584829900674 -0.107254971647569
0.0690604779940173 -0.0495136410811722 0.103222711190467 -0.00500554781457944
0.0886782280446233 -0.00797303336731583 0.0134501640537618 0.0433092650512008
0.0684644535993757 0.0275056197025459 -0.138085777757362 0.0220187102484786
-0.00218327815298729 -0.0387338270305865 0.154933371120052 -0.0363115950122426
-0.03195148952909 -0.0114403493550316 0.0132183500688576 -0.0743260221812749
-0.0283543853416066 0.0123063795653091 -0.0937373984194125 -0.00811722455098125
-0.00641794519927748 0.0123589378535985 -0.111778882860406 0.1050959157423
-0.0102590842889338 0.00586192660301438 -0.0222497599856623 0.15669862975866
-0.0104734236700554 0.0072192125066185 0.0640456896825002 0.130648132750179
-0.00959775516816621 0.0108664223074008 0.116685351887124 0.0809841141033555
-0.0181195825495098 0.0163925193178801 0.138146457226366 0.017447697719011
-0.0217450935242972 0.0162427265710782 0.137146647713525 -0.0195593202814392
-0.0285571886663868 0.00960864852214598 0.136916040948251 -0.0354325866188931
-0.0291616189125571 -0.00812208316812806 0.146225531385514 -0.0156214987768502
-0.0174002430046763 -0.0204392777835104 0.145489992603654 0.0146351653410202
-0.0177597454145827 -0.0237869355626133 0.143741910704446 0.00679285700848258
-0.00952486520787038 -0.0380208968047484 0.169375128102447 -0.00580956474041299
0.0216100755997776 -0.0521562602575257 0.209543675273443 -0.0629717118153374
0.0653183241257765 -0.0480515864229644 0.134428893233207 -0.0191822370207251
0.0221563797457507 -0.0335673717645592 0.00787700522231262 -0.065474323329031
0.00998365130078609 -0.0185693725193005 -0.103831319200708 -0.00719330767318196
0.00596178054015436 -0.0271237641314509 -0.120536049641174 0.0990973794722786
-0.0225441379081952 -0.0322333412099046 -0.0380239012337894 0.153296323650818
-0.0403323029337762 -0.0190406780690296 0.0487413179318186 0.135906224196387
-0.0497026130567214 -0.00418999823943826 0.102132350503058 0.0876001641829735
-0.0659635011348872 0.00776490858280967 0.12261777339956 0.0234527207624928
-0.0723080026429657 0.00811742457310209 0.117779274804056 -0.017858335773523
-0.0829258480521247 -0.00447411697740533 0.115369930730222 -0.044293760354717
-0.0819431005782802 -0.0419057302985844 0.126821558341428 -0.0376210917756005
-0.0458389891471019 -0.0793392776598693 0.142349774801113 -0.00779133847072043
-0.00578198014551946 -0.0947684985731549 0.146211163372477 -0.00358084584602862
0.0398479754981088 -0.0976985543641997 0.154533197959186 -0.00499246595921659
0.0913967233588241 -0.0878941101215511 0.18064209837354 -0.0515504437653312
0.127005031046665 -0.0505280030205352 0.0863241119997933 -0.00669414175004056
0.0812139019528381 -0.0534605181067899 -0.0154576500913485 -0.0649631267968923
0.0542205033326107 -0.0562220275544466 -0.125525697122364 -0.00899135062989617
0.0174728102759755 -0.0734176751383901 -0.132044773170009 0.0929416917380055
-0.0353931669448342 -0.0718100607772757 -0.0532976393742161 0.142426810929424
-0.0678394595202958 -0.0452689860546218 0.0288637784572065 0.130502980495318
-0.0841432353428233 -0.0182258226935287 0.0739206604721961 0.0863384745479119
-0.104700168611298 -0.000976012614561371 0.089438784373312 0.0261996460813466
-0.111345669406918 -5.62559586442463E-06 0.081176995533577 -0.0167886408259311
-0.125865778840763 -0.0128576091704045 0.0781078486472581 -0.0523591904117646
-0.127056569425748 -0.062247736937394 0.0926671760649232 -0.0615354785955224
-0.0772055992589736 -0.120436158687039 0.131623453991825 -0.0381524753939781
-0.0061992093985669 -0.152942427762929 0.147693306636542 -0.0157328026464399
0.0741931697834409 -0.148754999045118 0.13740804221183 0.00535464456450491
0.144989533193112 -0.113070048136333 0.133246880410008 -0.0298545413071468
0.171127644332844 -0.0504226619994906 0.0178998657527617 0.0064687818528963
0.131354797531811 -0.0736964999509363 -0.0526813264924465 -0.0607897707024839
0.0918917806327408 -0.0985711846303027 -0.1494427429438 -0.00976165474361392
0.0206472721076719 -0.119869927513651 -0.140681991512108 0.0806490476403348
-0.0518854115624802 -0.10627424397924 -0.0700721946179349 0.121036517060051
-0.0916241759196454 -0.0638158916060422 0.000805540022232165 0.114315468695618
-0.109301082900191 -0.0281969075071701 0.0350847116535419 0.0777095721676675
-0.128078763257575 -0.0104031963005165 0.0441947372444295 0.0250529233972304
-0.132639367104429 -0.00935664890120728 0.0332087492422367 -0.0144371298274135
-0.148322193421161 -0.0213084244809138 0.0319653838184774 -0.0584231949395709
-0.149530623543078 -0.0735809065544965 0.0512746487022294 -0.081504739603079
-0.0945443429370954 -0.142653127175414 0.113457266376594 -0.0658415320445807
-0.00381741930080381 -0.185435818356421 0.145687028133435 -0.022658735098571
0.0991968148065768 -0.174246132346483 0.118419229981195 0.0227679910523093
0.177123435284773 -0.118417958992668 0.072318183001974 -0.00107132859719247
0.186675424393509 -0.0465705175038973 -0.0613492572413834 0.0245473604307123
0.157006386142684 -0.0865866603102376 -0.0986067545105317 -0.0434897610460716
0.109291659194104 -0.128303456980274 -0.165215325689877 -0.00463828935873868
0.0149606970827643 -0.148490524104913 -0.143322947010544 0.0588930953943658
-0.0653878833235787 -0.122851017536649 -0.0908143041949198 0.0886610038218725
-0.103805263770378 -0.0698898244739811 -0.0362395579783177 0.0910305174371955
-0.117748310806482 -0.0312462390346141 -0.0118036535637075 0.0658307461571807
-0.13162464069051 -0.0185854473918468 -0.00739629484629657 0.0212214915776005
-0.133366992552333 -0.0204642903418795 -0.0177023024764999 -0.0161229906322172
-0.14391656291911 -0.0319470965402824 -0.0137163937094001 -0.0654776580104861
-0.140732934431244 -0.0825186527254965 0.0124335642873444 -0.0977856718222852
-0.0830546256985376 -0.147719050217622 0.0953306882724311 -0.0861941024735866
0.014966516532301 -0.185200462898498 0.138029087982152 -0.0221752827575047
0.117950738833896 -0.164020465818795 0.0942821231556566 0.0421040978019473
0.184882445647676 -0.0989634747021048 0.00615967056878339 0.027626436633255
0.169465770569575 -0.0366951454428774 -0.136076277792736 0.0460494022684811
0.150464687438879 -0.0821739129767124 -0.139140258972544 -0.0150825602238817
0.101830560155245 -0.12756890610949 -0.167037661668458 0.00317664301070597
0.00640154337801661 -0.142178292396821 -0.139232916861474 0.0321376456510324
-0.0652252227966756 -0.114131590836033 -0.112711711489677 0.0520798593157218
-0.0965812690700993 -0.0627331504310899 -0.0767907883572239 0.0666006359229972
-0.107039314354617 -0.0287932937743492 -0.060743870066934 0.0543563162045056
-0.11487656192595 -0.024852663509032 -0.0572429723799468 0.0144830377974261
-0.112199464579463 -0.0303074897809627 -0.0634305002821038 -0.0234896212608833
-0.116140915975631 -0.0431583733070438 -0.0492809950197556 -0.0772393188472214
-0.104633255526352 -0.0852518992572022 -0.0110853315707973 -0.113939854661111
-0.0466053978561315 -0.134451222304226 0.0826525512005334 -0.0996004883571366
0.0455002681290982 -0.153864712343615 0.126628612682514 -0.0168961186413296
0.127045842861481 -0.122015998554745 0.0647712756269043 0.0534216945187306
0.168137578147761 -0.0590480154346611 -0.0553415890959111 0.043892504458724
0.121736058962793 -0.0178807360541767 -0.190119257223352 0.0672227895451064
0.114673730283685 -0.0570021373413389 -0.163739279472759 0.0137620609455003
0.0749495491832184 -0.0951753821590651 -0.15882649436575 0.00857974993067749
0.00181536835233728 -0.102963098505981 -0.133025807968428 0.00615995349986407
-0.0471664203159985 -0.081079233809202 -0.131726571579873 0.0235110444063413
-0.068871449600827 -0.04474893960182 -0.113189964860769 0.0479899443282311
-0.0774403075942559 -0.0228332542593026 -0.102269255397512 0.0449336224904045
-0.0816787839519823 -0.0276138016579193 -0.0970749938975614 0.00627088799421057
-0.0763110319119761 -0.0345374399201513 -0.0955385055980596 -0.036371862231969
-0.0730780394354893 -0.046449081305868 -0.0668888406960254 -0.0957369201767134
-0.0566106329598844 -0.0751285436063647 -0.0160478715683772 -0.13071931270988
-0.00792744494186658 -0.104045301575146 0.0799646672992729 -0.105694832653443
0.0668460647514536 -0.102751495891889 0.111273693987588 -0.0129056792270604
0.117422503880121 -0.0643652825867016 0.0350007407396187 0.0519260094223853
0.127025148312118 -0.0136573449542757 -0.103524188626132 0.0430745972282911
0.0557048404762516 0.010014969274714 -0.21485160640427 0.0802972642280949
0.0636376887447548 -0.015896256154173 -0.169244099019599 0.0322289874895357
0.0421203621945477 -0.0407040000399738 -0.146948436250468 0.00791372449002606
0.00475127602185207 -0.0442821451116288 -0.130979770380244 -0.00907523347609399
-0.0134322803553324 -0.0366923668294146 -0.143053474212542 0.0107647041742972
-0.0249207458292516 -0.0230752317295902 -0.135122357543915 0.0392555763954103
-0.0337518626297778 -0.0156766264862533 -0.126976984476118 0.0390683983338405
-0.0354865225200213 -0.0255112318378323 -0.121263798900042 -0.00300880578808797
-0.0315479153591672 -0.0293049701762855 -0.110911541466608 -0.0515913404303705
-0.0276145630303789 -0.0362782004988497 -0.0701178740362985 -0.114187428974991
-0.0164014826296447 -0.051467361839677 -0.00617892008938428 -0.142369787816466
0.0128074788885359 -0.0624026416014672 0.0843460737293544 -0.107048724147704
0.0629170167913589 -0.0511882729117794 0.0994729940147061 -0.0107232328894811
0.0842474019734906 -0.0120702396894478 0.0147195228502071 0.0406889200031308
0.0673368735868425 0.0227887785280917 -0.129999862206403 0.0288669574460365
0.00273090304935932 -0.0355111677220696 0.147406916921756 -0.0202190515790194
-0.0272499062108509 -0.0145140604418492 0.0191661450882919 -0.0705685184162499
-0.0269961687026928 0.00811050470511187 -0.0877976251213011 -0.0203508083411281
-0.00806055477164701 0.00984011097326416 -0.113833084338742 0.0821568669538514
-0.0109380944871736 0.00392427164917301 -0.0387132379749086 0.140459484581121
-0.0116295256143255 0.00474214037939871 0.0434635432662461 0.126962745764384
-0.0110522553373315 0.007940373375218 0.0998773330465882 0.086085169451168
-0.0190531765407739 0.0133537533737625 0.127380473380597 0.03066645321468
-0.022679886538565 0.0123251003576535 0.132557052929274 -0.00418800901045252
-0.0282493808664692 0.00493883285432324 0.134454206488424 -0.0178680584323696
-0.0274750034994528 -0.0116496670446666 0.142182492211637 0.00332560652234391
-0.0158506392484211 -0.0220967412572958 0.138289946991456 0.0315220382715947
-0.0156023945769905 -0.0262483971566586 0.136132456603008 0.0257422585841722
-0.00502577429205587 -0.0377953664336407 0.16266737856756 0.0160296127699622
0.0244867339695951 -0.047857384357664 0.210488192207673 -0.0335532855528413
0.065319470994132 -0.0356055184090963 0.129340647309686 -0.0029405249808001
0.0247387666594227 -0.02732372535757 0.016073998551324 -0.0622124253441818
0.0117224343442957 -0.0157678567866425 -0.0943640498931977 -0.0191569820398567
0.00893496067568979 -0.0244051290497779 -0.119836045861035 0.0769086415338554
-0.0165641042668423 -0.0321603916496065 -0.05120018562527 0.135669900120294
-0.0353298559904907 -0.0238009555172682 0.0305344346904403 0.128817534661998
-0.0461649259221859 -0.0103162143941287 0.0861704553489532 0.0904893587875989
-0.0634187365534288 0.000267694269789522 0.111951954377842 0.0349198716122632
-0.069439419300129 -0.000723679735389109 0.114792173512526 -0.00392198736592518
-0.0780438611945253 -0.0138537393549221 0.116613318328891 -0.027400114426861
-0.072808393025842 -0.0490540388751229 0.127687202528498 -0.0184175284091043
-0.035682374119452 -0.0810034247084602 0.138543444529036 0.0110929592200154
0.00340917991415083 -0.09183003109443 0.139171187772995 0.0171575992806531
0.0480963631076013 -0.088924005727348 0.146469999626837 0.0178674177909012
0.0955941201740888 -0.0739933042360074 0.179267130475697 -0.0246152151860765
0.121180938321469 -0.0306680767442235 0.0865467461632282 0.00755067601369267
0.081031314992071 -0.0382142937635596 -0.00273287461809463 -0.0627336774487276
0.0568491306548967 -0.0444465856911901 -0.110999310910757 -0.0215159432372259
0.0259300437863071 -0.0650431162291218 -0.127873672817002 0.0707180974260992
-0.0226166985963215 -0.0713191982602735 -0.0619178744904929 0.124239407893659
-0.0574677593545718 -0.0505973306178782 0.0129080977989842 0.119880727889562
-0.0768272803056062 -0.027443183590665 0.0606580373586945 0.0864480060145502
-0.0988469480942092 -0.0126082030416297 0.0806372031983053 0.0337063629722023
-0.105009290393394 -0.0125033386999309 0.0805209106920024 -0.00572638150437449
-0.116987622784501 -0.0261551265725582 0.0829009474049607 -0.0387115804867124
-0.112563692527661 -0.0728446131795348 0.0999070930994387 -0.0435099802864487
-0.0609658592252221 -0.122859034001032 0.133257706505802 -0.0179340835776356
0.00935307503275927 -0.146504050790607 0.140771872858879 0.00766373029953635
0.0865111798302 -0.132672572314851 0.127770059094931 0.0268957271946057
0.14987463281894 -0.0924467231340362 0.128446417470918 -0.00703358190792453
0.162234755680925 -0.02516685740383 0.0231843305469112 0.0152271243932029
0.128879889368379 -0.0504471615796507 -0.035671379251431 -0.0615451642204525
0.0975070150565854 -0.0788395641781771 -0.129757407725723 -0.0236417007440657
0.0352798055846734 -0.107522234183399 -0.132689507382423 0.0581889305724844
-0.0334547005079545 -0.105399708588832 -0.0734121300872909 0.102377144943174
-0.0768034960839201 -0.070651064356879 -0.0101355024350127 0.101072137832966
-0.0987859299858488 -0.0388993033834047 0.0259157073570671 0.0752686752547102
-0.120090145721986 -0.0239559270834961 0.0385236190461924 0.0283945999901561
-0.124379914217828 -0.023842756653657 0.034965750789777 -0.00942330590277749
-0.136274821544396 -0.0356526406341389 0.0408646361784063 -0.0486662917378381
-0.133410347583194 -0.0860086254192335 0.062577334855703 -0.0658498533213641
-0.0746616193404734 -0.145200311625256 0.119676273941203 -0.0454774135883886
0.0155136027442856 -0.176373519807639 0.139664019059792 0.00134078057997426
0.11220172546344 -0.154152873479805 0.106204847805366 0.0429246351073254
0.181178770254892 -0.0940195473898823 0.06451500802635 0.0151889863014912
0.175588342521254 -0.0207641797280434 -0.0514881051960464 0.0247878695561758
0.154045717562295 -0.0589436836750311 -0.0782291148516838 -0.048899975479237
0.117552582403887 -0.10319581798095 -0.142940786726815 -0.0199547701657759
0.0342029965621978 -0.134506925358133 -0.131507030705609 0.0384008966251687
-0.0432443210868108 -0.12262186923587 -0.0883229754891923 0.0697244078270778
-0.0866892753561855 -0.0782358983590796 -0.0417749692380758 0.0748102738685082
-0.106380763260185 -0.0425087235505691 -0.0164887489797972 0.059582271772121
-0.122274363417644 -0.03186715663986 -0.00978311136442175 0.0194118724667017
-0.122794781600817 -0.0340831446972871 -0.0130687696477374 -0.0154661894821145
-0.130811481639525 -0.0451784864511375 -0.00182134290190132 -0.0600452309004299
-0.123315944059398 -0.0919631112225818 0.0283567422035206 -0.0849427151185419
-0.062984664514321 -0.148160151816725 0.103772462362472 -0.0675626613078235
0.0328337922182869 -0.174560311164348 0.131775571476123 -0.000501500195261792
0.128554932540858 -0.142610396896335 0.0800673212169711 0.0577591425861219
0.186902107150949 -0.0748639074912051 -0.00256126164202687 0.0348392786943903
0.15888366959847 -0.0135842177003104 -0.122902966577906 0.0368484682011142
0.147149110260397 -0.0559847036631112 -0.119144353884148 -0.0263034978153816
0.110722741877766 -0.104281237268418 -0.145642187368932 -0.0128377274919703
0.0256624945665811 -0.130453993036084 -0.124735897815426 0.0134305699299614
-0.0444993074566086 -0.114440994640623 -0.104574831943061 0.0336398775067463
-0.0807356010724877 -0.0707764676135273 -0.0776814521903684 0.0489193501817046
-0.095952701007091 -0.0385920498208461 -0.0601534523695735 0.0437313256300749
-0.106326004033728 -0.0359631711570575 -0.0558630487464336 0.00847764233021236
-0.102431852546339 -0.0406710260357252 -0.0551575506567965 -0.0265897137676804
-0.1028212450291 -0.0523251587971415 -0.0348391984620845 -0.0754648712039006
-0.0878509810533548 -0.0907073958412453 0.00627451528629817 -0.104091204211548
-0.0301837243633353 -0.131468306536774 0.0923535647787404 -0.0813572739096502
0.058034199987916 -0.141529336911764 0.119671814142535 0.00204133548031158
0.132909192167766 -0.102106467002049 0.0500744499412508 0.0639218224956053
0.166765507183603 -0.0385610222409631 -0.0636695411934804 0.0420446409669853
0.112765050176068 -0.00184509247626888 -0.176821456179429 0.048840771094229
0.111310356643823 -0.037375005498412 -0.147085817252179 -0.00262224272050451
0.081830867740851 -0.0776782498396652 -0.140259087610492 -0.00732666002580959
0.015497072774999 -0.0944469658437307 -0.11855750491311 -0.00976915822386636
-0.0324384385062 -0.0816357112014479 -0.120176243460241 0.00588738745696589
-0.0568357869625135 -0.0511399146352033 -0.109267548721184 0.029186881789273
-0.0691623115236872 -0.0295305652329042 -0.0986659650896821 0.0312313405707357
-0.0744158278105958 -0.0345427737697577 -0.092120770185633 -0.00335225969796295
-0.067764358301753 -0.0403274108312154 -0.0850182263208022 -0.0427211184973377
-0.0625930726930446 -0.0506051742325264 -0.05131705822445 -0.0946966854889455
-0.0447062195116446 -0.0760003784044229 0.00148612239549937 -0.120924371361356
0.00273188584928552 -0.0972412710091248 0.0890886400429001 -0.0882300517075585
0.0733635949943353 -0.0908269257071023 0.105359737546654 0.00356494601754479
0.117837402399238 -0.0479900694031068 0.0224580726330947 0.0570355269527719
0.123704464980596 0.000609548512328443 -0.108832469437313 0.0334518760679315
0.0494403311736628 0.0156454263348125 -0.204988781464365 0.0550209679140269
0.0597904290139492 -0.00646241653176789 -0.157817217524848 0.014050043455924
0.0441389909745866 -0.0321908606692473 -0.132541966752721 -0.0082715809792446
0.0101845069646983 -0.0404994233353441 -0.116757771213463 -0.0229098621943147
-0.00768670143836381 -0.0361490257226914 -0.131273455458176 -0.00624769673224063
-0.0189126326757772 -0.025269477707117 -0.128835449251895 0.0209026350152546
-0.0282997251610816 -0.0174991627105131 -0.122073465445232 0.0237768031159927
-0.0314411570738184 -0.0274625104107189 -0.113425337406499 -0.0142965197216478
-0.0264824591435572 -0.0309593704604402 -0.0987938221269141 -0.0595763719692766
-0.0215730530825725 -0.0360429923290332 -0.0528727764718841 -0.112846049602013
-0.00948415489072944 -0.0484477243908986 0.011178258764688 -0.132413796077489
0.0174112196100123 -0.056068576446694 0.0931801062547713 -0.0901288456237253
0.0645854479025833 -0.0428085998703404 0.0942521917658288 0.00293538166478908
0.0808147241556637 -0.00195310483907482 0.00621532744966543 0.0416756011260947
0.0620521828440849 0.0294765502157195 -0.131359916250027 0.015098441348671
0.00237423800800088 -0.0339059908132938 0.141760915601827 -0.0175254045041827
-0.0259692975979591 -0.0141217858445224 0.0190039085418132 -0.068869843220381
-0.0262751952397412 0.00747876089132604 -0.0839816254352719 -0.0223562768196481
-0.0072982375436972 0.00934514282614273 -0.111213916269584 0.076234678705621
-0.0103237067107301 0.0037642124042829 -0.040687260115823 0.133907258620476
-0.0115897514770812 0.00448003476367707 0.0383078808656621 0.12184698964031
-0.0109301094593458 0.00742789649191928 0.0941410636055991 0.0837028563196439
-0.0188279881753859 0.0125618352521157 0.122570595540232 0.0292596660399351
-0.0213739822094402 0.0119114921612965 0.127615934962173 -0.00271350208699398
-0.0272550062153526 0.00415874783460993 0.130008268559165 -0.0151334368442023
-0.0267073229217071 -0.0119389381846338 0.136619407018562 0.00547634575947045
-0.0146642381859418 -0.0220913427236222 0.132537814111714 0.0338305387909552
-0.0142122574242043 -0.0259942776774399 0.12911775795691 0.0287107364497805
-0.00358850182077273 -0.0362805795193426 0.156849382370269 0.02011213978088
0.0248624059778392 -0.0461154400317018 0.203237548950887 -0.0279803875822146
0.0629857697531903 -0.0325281981655047 0.123198156375989 -0.00256079003082068
0.0242499241999441 -0.0254444053543543 0.01605200057763 -0.0615207176203659
0.0118606560576474 -0.0143847916713486 -0.0906140875388799 -0.0208706930348784
0.00860370469440691 -0.0231002097324388 -0.116991407711938 0.0710826014361369
-0.014992000607082 -0.0315294958211247 -0.0519297753704792 0.128089980761276
-0.033597450945559 -0.0224130413209709 0.0259356455937706 0.122474779254318
-0.0449213624457955 -0.0112266822414484 0.0804275813581744 0.087634673905183
-0.0615476936856678 -0.000626523034106844 0.107985981550077 0.0334025582987181
-0.0664014950287719 -0.00178431763874381 0.110960680537567 -0.00253707396034516
-0.0746284885905114 -0.0140231534306819 0.112887474633286 -0.0250017399590162
-0.0698611502684892 -0.0478893043298277 0.123608140893068 -0.014785164435455
-0.0329142967330493 -0.0782047357285052 0.134226082200689 0.0138994035737565
0.00522605015950887 -0.0883333645822078 0.132481227719927 0.0197925714624568
0.0487198258401884 -0.084864409879783 0.140619683876688 0.0213616774610643
0.0932354794941252 -0.0702686720117276 0.172491827756112 -0.0206969201283366
0.116682474598707 -0.0270443706472179 0.0826650007066202 0.00718775493464298
0.0784622784446727 -0.0343154081557998 -0.000847835019453038 -0.0628012965694227
0.0564687697232784 -0.0420261105587762 -0.106320985361998 -0.0244245806630863
0.0264590185832904 -0.0614879649958691 -0.124977807466543 0.0642575313696357
-0.0207039553169043 -0.0684142367752405 -0.0625412262216933 0.117167024216919
-0.0542995256729314 -0.0490108458546707 0.00983705158186777 0.114308196876256
-0.073741198091994 -0.0281403176219417 0.0569095459027942 0.0827982018337944
-0.0953481605771657 -0.0128583730603739 0.0782606283687313 0.0325492357054603
-0.101230951878683 -0.0131752783280734 0.0779222896448761 -0.00468580538620877
-0.112066330365596 -0.0259497035253746 0.0813505731441341 -0.0369234459929084
-0.108012994307753 -0.0703562485410014 0.0976573499156013 -0.0393956687957964
-0.0565302005621257 -0.11902015847831 0.128687717926921 -0.0137681143980056
0.0118999406104586 -0.140519046848076 0.134657140471524 0.00978371024941172
0.0856687386949393 -0.126370274116491 0.12235300314153 0.0294753050637693
0.145853832610443 -0.0869568941428117 0.122654742177155 -0.0044675644871738
0.155651126741743 -0.020960594459053 0.0218679556149849 0.013789656751746
0.124406182775927 -0.0450426402714595 -0.0329882382578969 -0.06202210440211
0.0955370123209938 -0.0736977805078127 -0.124225706062964 -0.0261924925150516
0.0360149096598538 -0.10196069188909 -0.129087366100473 0.0522553497117188
-0.0299987205890035 -0.101027371105875 -0.0734686512779166 0.0957880810632718
-0.0717018347693292 -0.0687061276726914 -0.0120307906535143 0.0957006683427443
-0.0940731313592155 -0.0388777473803932 0.0238449095252583 0.0717175211296465
-0.115255730396289 -0.0236259929530797 0.0367493406650746 0.0271859328191913
-0.11901241541949 -0.0241602566085419 0.0341680482942281 -0.0089075638668676
-0.129884894819228 -0.034717714410132 0.0403791646901942 -0.0470703157049347
-0.126156018020863 -0.0825504328391614 0.0629976825664261 -0.060915359386495
-0.0688860526329784 -0.140299046078637 0.116879042061668 -0.04129032787297
0.0177899688821262 -0.170256937105624 0.13328728863439 0.00310226882848045
0.110826048776257 -0.146407278450327 0.100662544302533 0.0440071939185403
0.175072765319239 -0.0875862572798913 0.0611378173722775 0.016030166964342
0.168660017108252 -0.0160413003143293 -0.0497912315159887 0.0215605978254795
0.148776128599467 -0.0536828396415435 -0.0736690031782058 -0.0511506689039431
0.115543028125058 -0.0971808245589597 -0.136216907369548 -0.0222580743330505
0.0352795490458778 -0.12774106381199 -0.127048820811577 0.0328394250748067
-0.0397929941556253 -0.117920985571956 -0.0868293169212732 0.0643630974724131
-0.0811462661208119 -0.0760387539966529 -0.0415543024080275 0.0708490435203582
-0.101089219481269 -0.0429340134114999 -0.0169338298480466 0.0564638850504971
-0.117367963815656 -0.0319587671912581 -0.00954717411708292 0.0188123120368781
-0.117584339860802 -0.0337985664144814 -0.0122093086233308 -0.0151074162511335
-0.124358461659359 -0.0444421844836047 -0.000259191255811366 -0.0584707597435917
-0.117063364377636 -0.0890547813790159 0.0303454241965737 -0.0804801449386553
-0.0582915577039178 -0.142347452257578 0.101590614274646 -0.0619524545644854
0.0349931040505957 -0.167165956022983 0.126165218156765 0.00202792397719567
0.126445461029509 -0.134850238703118 0.0753176176361553 0.0578691569068068
0.180560221113407 -0.0686787891055626 -0.00348478596227781 0.0337745492048422
0.152500606861843 -0.00945941796487907 -0.118573130588614 0.0323919489020097
0.141454644657288 -0.0501504901455473 -0.112994057780673 -0.0297395030381138
0.108427830539509 -0.0981739879529724 -0.138728131069893 -0.0157339484583185
0.0270189586928734 -0.123440237997483 -0.120445671474197 0.00869451238906953
-0.0410241690602809 -0.109573908543612 -0.10195086552676 0.0295577931514979
-0.0758919197327025 -0.0689533724448298 -0.0750292197603332 0.0449991610481681
-0.0912430786506266 -0.0383619254409709 -0.0588537311654526 0.0412101360946058
-0.102342086664801 -0.0352882361131713 -0.0532978637749543 0.00776031667781107
-0.0976980221505241 -0.0402542081534997 -0.0524525051120298 -0.0259290807430258
-0.0976053362402804 -0.0509238987891991 -0.0314301843538752 -0.0729907573550068
-0.083399480329956 -0.0868745226350926 0.00943891297946772 -0.0981221425929272
-0.0268437799837866 -0.125816604311446 0.0912980199477744 -0.0756376320487182
0.0584991121836205 -0.135438413647409 0.114913057069735 0.00344817305690394
0.129351138818227 -0.0947891473661167 0.0460079738625074 0.0626698086845727
0.16062850701558 -0.0341768592938582 -0.062102911282554 0.0397610150532108
0.10797527350714 0.000764349895409442 -0.17142158216403 0.0426817833616086
0.107004893557023 -0.0336542602555155 -0.140096782867958 -0.00640234145327809
0.0804364847286494 -0.073080240768916 -0.134145186990313 -0.0108231824340891
0.0165731261492336 -0.0899275646884153 -0.114021204313423 -0.0130065481117549
-0.0299665316329466 -0.0783724839037228 -0.11610036416518 0.00210371889376963
-0.0529913535309106 -0.0492901459301766 -0.105287603193744 0.0261579823214355
-0.0653520116505434 -0.0289856236590659 -0.0944580887562047 0.0294336473670884
-0.0713652390705292 -0.0335661545422343 -0.0885922096299079 -0.00317048590089678
-0.0647462501942318 -0.040132560469552 -0.0805322694474413 -0.0413330641806248
-0.0583984121059913 -0.0489739784650105 -0.0471484815067247 -0.0914469971243533
-0.041322701340976 -0.0726452018641103 0.00508937076062215 -0.114910130122184
0.00419955983454114 -0.0927307878076654 0.0879122174514214 -0.0824351817165852
0.0718124653416931 -0.0863328554107228 0.102012798370897 0.00528187701753984
0.114206807601051 -0.0437502262524334 0.0195266241593326 0.055157032620992
0.118620237900743 0.00257571830668577 -0.104802790080695 0.0311504992259353
0.0466675933531625 0.0161085993304622 -0.197673431032406 0.0493228517336064
0.0574964839176811 -0.00492969421065368 -0.150364066541116 0.0102093276684787
0.0433525811024087 -0.0302108867543282 -0.126373135072295 -0.0108427820999113
0.0106179862449632 -0.0380004891288537 -0.113487742443495 -0.0261394623156758
-0.00718080405540994 -0.0341859992939017 -0.127056763067927 -0.00945572256526017
-0.0169396167391396 -0.0245297807556849 -0.124320098738544 0.017998958575069
-0.0266077963951128 -0.017211493226259 -0.117511484069331 0.0217525302800984
-0.029945413633027 -0.0272062772125012 -0.108875056331725 -0.0141481982464447
-0.0248131123940724 -0.0301626278996136 -0.0930923651302255 -0.0573989010993676
-0.0197942443360948 -0.0346939000658087 -0.048377649777993 -0.108417769762877
-0.00841444941203049 -0.0461113010258575 0.0138348686192605 -0.125642964279801
0.0176835550405487 -0.0529781362272245 0.0915999962419227 -0.0838834386655774
0.0630148582070352 -0.0400082768082544 0.0910241434043417 0.00382470652756254
0.0781623198338589 0.00019651536120533 0.0041103609371593 0.0404356063991028
0.0590742598268746 0.0296101229130811 -0.125825884165469 0.0124662547006907
0.00328455765602621 -0.0335623133865218 0.141612317213542 -0.0138917654948666
-0.0246886846642626 -0.0149747474048447 0.0204667327605448 -0.0695982223128252
-0.0261035997095019 0.00655787579603711 -0.0842009724501119 -0.0263876626246433
-0.00787061091123902 0.00891160814874231 -0.113780195813807 0.0717209096804598
-0.0105778265231473 0.00356463985662991 -0.0449987764780068 0.13157626517938
-0.0117368697749117 0.0048522203269176 0.0327378491801477 0.121847966628198
-0.0115885667104349 0.006569255411083 0.0909927888631622 0.0848703925914935
-0.0191024920908324 0.0116466569763014 0.121220045348369 0.0314089295892419
-0.0212688091459706 0.011371261504695 0.127932018630712 5.95572511040528E-05
-0.0272434182643097 0.00347654743692554 0.130085080160117 -0.0115147699539028
-0.0264337247828651 -0.0123328102126141 0.137167463093921 0.010313993445977
-0.0139513065697006 -0.0226322613896772 0.131968049883159 0.038706579433587
-0.0137107342851713 -0.0262041955399132 0.12852018760523 0.0337688173600384
-0.00173583256363888 -0.0369646436716281 0.155925324656778 0.0266908056655377
0.0262446569286615 -0.0458054027865494 0.2036235859784 -0.0216233646880084
0.0634523199969536 -0.0304748259552176 0.12247442913238 0.000731880275843555
0.025221276361925 -0.0241485436621269 0.0177721839872747 -0.0627035022402915
0.0127898580495955 -0.0140050318781551 -0.0903830462451953 -0.0256233319850839
0.010118809193726 -0.0224403591521969 -0.119515797289422 0.066100109656381
-0.0139930474425541 -0.0317284798363235 -0.0570580812273553 0.126287801158542
-0.0328304153429036 -0.0227983405959798 0.0206594581547547 0.122161627702546
-0.0446870492333964 -0.012708133340792 0.0775544711773506 0.0884358987866313
-0.0614648958399412 -0.00183897245578578 0.106472977962941 0.0345070421446649
-0.0658483028064887 -0.00336777425073911 0.111136921221145 -0.000351082562306421
-0.0734806057479946 -0.0157528860949626 0.113658214604098 -0.0225334694161003
-0.0683501332179171 -0.0490676924140856 0.124833119195972 -0.0107102778983028
-0.0303955536533163 -0.0790313691410356 0.133509287005857 0.0184516820576789
0.00833986831194773 -0.0878221600230042 0.130997735878671 0.0249039174964262
0.0516638794040352 -0.083465292963296 0.139974475019765 0.027106658321087
0.0951415966906619 -0.0675714628977903 0.172678597685753 -0.0147692743115809
0.116815165500569 -0.022735677595328 0.0810555455530546 0.00815666871941717
0.0788127297323615 -0.031808441440753 0.000783548928010505 -0.0644235992027946
0.0578926251086814 -0.0394907922515215 -0.105622616253301 -0.0285083404062414
0.0282021194319433 -0.0605170353680393 -0.127330680871346 0.0596610551064532
-0.0186104986442006 -0.0684806969324819 -0.0671737128104251 0.114374746821639
-0.0522020557271183 -0.0500877160865541 0.0052871832115545 0.113089455267808
-0.073042736845486 -0.030231919683868 0.0536126363679541 0.0833032290401232
-0.0952019736225152 -0.0149935198176855 0.0770197039523674 0.0329281086275961
-0.100592980991819 -0.015153485615024 0.0782310630190501 -0.00334089779932303
-0.110572838698006 -0.0280968192236758 0.0818773624768096 -0.0348146125502013
-0.105644275013651 -0.0721663170968818 0.0997193626798338 -0.0352282231818076
-0.0525006280339605 -0.119668427672708 0.129815367198235 -0.0088038637282237
0.0159776327001235 -0.140285615354639 0.13413765136325 0.0152931248574256
0.0898104958052957 -0.123900703676747 0.12114594102672 0.0344746693262681
0.147362243469174 -0.0825087011577081 0.12206220026703 -0.000499018037336091
0.155365569054392 -0.0155184223374509 0.0209210426242666 0.0125762198530157
0.125094363625626 -0.0406677557561831 -0.0306395681008033 -0.0654103601079244
0.0982235731294026 -0.0703225983283305 -0.122421655633909 -0.0309121273717791
0.0390439593791676 -0.099989224428875 -0.131067114583991 0.0477964540747909
-0.0278579864221846 -0.101071527274725 -0.0774515479141447 0.0924304492489309
-0.0690133253330925 -0.0699329217589732 -0.0159531793152717 0.0943186567487251
-0.0927054659233033 -0.0414071628815099 0.0214957472462748 0.0714189345584385
-0.114243910667331 -0.0257525848706297 0.0362150281071317 0.0270110768125214
-0.118847356436335 -0.0267693402020296 0.0349948022056413 -0.007646642170101
-0.128199061695199 -0.0379405225855041 0.0414974615925644 -0.0461190087971624
-0.123921122329091 -0.0848317637054523 0.0666607674271523 -0.0588351140280089
-0.0649042833882667 -0.141401558114699 0.118757244897302 -0.0367429138696943
0.0226670560134685 -0.168900888142869 0.132471481290986 0.00784573428537847
0.114930164234836 -0.142698285949104 0.0981694714641493 0.0481402864167839
0.177271304265483 -0.0821380280341892 0.0600684574586484 0.0180617279629024
0.168067520627568 -0.0100649271497367 -0.0501302355727175 0.0187123798672396
0.149334085645107 -0.0477654065513876 -0.071471484783621 -0.0557376638556983
0.118331278604268 -0.0933765333097658 -0.134165472651175 -0.0282186498819585
0.0390567238314099 -0.125461384640465 -0.129168847953315 0.0269802481215043
-0.0363542067580439 -0.117954307163135 -0.0894728174561177 0.0603342480702333
-0.0786515518166502 -0.0775508171766442 -0.044255701100395 0.0679847987550765
-0.099215765952107 -0.0450308377997702 -0.0184938873312379 0.0553976318239704
-0.116945674953617 -0.034106458752479 -0.00999165537841127 0.0180706056508301
-0.11684104794011 -0.0364694786682293 -0.0107972247581301 -0.0149484244992688
-0.122601891617406 -0.0461700743812012 0.00170013879392947 -0.0585999827866465
-0.113592095661668 -0.0901225319174082 0.0342134299900203 -0.0782638952454709
-0.053364801262626 -0.142644471721135 0.104350329025349 -0.0584932908284699
0.0392930258359387 -0.166472806491705 0.12571805901175 0.00593423063760252
0.129878567117171 -0.130292409235726 0.0724425819696709 0.0606430977942643
0.181852757439769 -0.0630812415386954 -0.0051829302235333 0.0342693577979216
0.151697521681074 -0.00451794121726924 -0.119341982574786 0.0269990972322024
0.142563104824459 -0.0454537530884239 -0.111011173346776 -0.0352271748485412
0.111786855057269 -0.0940396926487542 -0.136601059154905 -0.0208185765490537
0.0308543756032325 -0.121734868002165 -0.121539648825628 0.0037861388372645
-0.0376409851781424 -0.109622851603913 -0.103960845413057 0.0251327002313871
-0.0731758917094161 -0.0704392183732952 -0.0765879319230663 0.0419245075412276
-0.0892836316385394 -0.0406575467708859 -0.0595343404431841 0.0397765267572614
-0.101182653009225 -0.0374973659486217 -0.0533098367939893 0.00727770427934387
-0.0967143744835576 -0.042138000738322 -0.0503385753266425 -0.0270137905868983
-0.0948927508987526 -0.0524094607818301 -0.0284326325934539 -0.0741148871024071
-0.0797574677721853 -0.0878642470116186 0.0136752456537597 -0.0972627523121924
-0.0225520001317404 -0.124789111139017 0.0935506360466064 -0.0723486574973219
0.062193331855332 -0.133182169171459 0.11437137133374 0.00688497482327761
0.132094558180711 -0.090757278782719 0.0424925234342274 0.0646373113699262
0.161286419525456 -0.0291612126363747 -0.0629481613871398 0.0385968889424522
0.107763583215015 0.00451126038638439 -0.171853159546937 0.0359887179642284
0.107473949131499 -0.0299269348260605 -0.139167694045287 -0.0127224747716461
0.0828900729647794 -0.0706461947916207 -0.131901510621366 -0.0156960153904137
0.0196567300679907 -0.0885613285067204 -0.115018818023037 -0.0183316731016865
-0.0279986968737373 -0.0785332113076692 -0.117134204474299 -0.0023780214715589
-0.0509198980176831 -0.0509493186470568 -0.105672379588963 0.0225781445710869
-0.0636845580900664 -0.030714552893251 -0.0951781992163076 0.0269064653407449
-0.0708394048649479 -0.0349547498575102 -0.0879175956992334 -0.00464464047127971
-0.0636718434216203 -0.0415169888839559 -0.0782720813002393 -0.0423929866139764
-0.0565590994029453 -0.049511087710722 -0.0439646703570091 -0.0924639128020244
-0.0388561031607776 -0.0722416251346605 0.00960450400373049 -0.113881864348422
0.00700107490017595 -0.0911098863448825 0.091087007845906 -0.0795191873928925
0.0744857499953791 -0.0844197163845361 0.101285777726404 0.00824548366659157
0.114938537746319 -0.0397261501884519 0.0171262063759208 0.0559252834537267
0.117899577932265 0.00668021910798712 -0.105171594532698 0.0285999663153357
0.0453963060654102 0.0183178408500542 -0.198416059545097 0.0421137716991394
0.0565426808762055 -0.0033632717026107 -0.149257567222283 0.00428519479915441
0.044601113689238 -0.0284171032961812 -0.124823897174907 -0.0157118949966197
0.0119792530784769 -0.0374480577298674 -0.113081811036995 -0.0307791622279896
-0.00608356013158242 -0.0339050758080543 -0.127345563958268 -0.0142462557324414
-0.0159308618957274 -0.0249427613126688 -0.124717869022411 0.014469905913479
-0.0261399647218176 -0.0176112101280113 -0.117398333438842 0.0192810796668972
-0.0295589841201596 -0.0269649970112874 -0.108202046471041 -0.0153497710237254
-0.0243580981013516 -0.030684442978556 -0.0902934304159379 -0.058391868358805
-0.0183430878783697 -0.0349225547094072 -0.0445929241854645 -0.10833008592423
-0.00713287919492744 -0.0454977293684164 0.0186085193186833 -0.123615720066151
0.0196220092956906 -0.0513119344605243 0.0946004134541177 -0.0796259283439606
0.0635715458493673 -0.0381039800898503 0.091421255185538 0.00698187350442715
0.0770973561162932 0.0027584350943793 0.00234431817057987 0.0411438141101337
0.0580179971565653 0.0317672038123288 -0.125203357030772 0.00955086791349665
