TRXV5
3
4
4
9
string Extension=J
integer IsArchMeasurement=1
integer IsSpherical=1
string Generator=SPM
string GeneratorVersion=1.3.1 Dev
double ArchRadius=0.449999988079071
integer FrequencyAxisIndex=0
integer AzimuthAxisIndex=1
integer ElevationAxisIndex=2
Frequency
5 136 690000000 960000000 LIN
Azimuth
7 8 0 2.74889357189107 LIN
Elevation
7 15 -2.74889357189107 2.74889357189107 LIN
Polar H Real Part
13
Polar H Imaginary Part
14
Polar V Real Part
13
Polar V Imaginary Part
14
Polar H Magnitude (dB)
12 0xC0000002 0 1
Polar H Phase
7 0xC0000003 0 1
Polar V Magnitude (dB)
12 0xC0000002 2 3
Polar V Phase
7 0xC0000003 2 3
0.00412869453430176 0.00346016883850098 -0.0582962036132813 -0.0835494995117187
-0.00247716903686523 -0.00806617736816406 -0.02154541015625 -0.0328769683837891
-0.0119647979736328 -0.000811576843261716 0.02740478515625 -0.00318145751953125
-0.00576639175415039 0.00830745697021484 0.0627365112304687 -0.0245132446289062
0.00254011154174805 0.0059814453125 0.0629348754882813 -0.0522651672363281
0.00290489196777344 0.0019066333770752 0.0428695678710937 -0.0825576782226563
0.0016322135925293 -0.00620460510253906 0.0121994018554688 -0.0887069702148438
-0.000158309936523437 -0.00531911849975586 -0.00983428955078125 -0.0717239379882813
-0.000537395477294922 -0.00531816482543945 -0.0188255310058594 -0.0514144897460938
0.00419807434082031 -0.00359344482421875 -0.0221176147460938 -0.0354881286621094
0.00375986099243164 0.00124526023864746 -0.0367431640625 -0.020477294921875
-0.00588750839233398 0.00444984436035156 -0.0417404174804688 -0.0113906860351562
-0.0121488571166992 -0.00705718994140625 -0.0570144653320312 -0.0113182067871094
-0.000283241271972655 -0.0143604278564453 -0.0863418579101563 -0.00551605224609374
0.00138711929321289 -0.0072636604309082 -0.0919189453125 -0.00252532958984375
0.0353202819824219 0.0278472900390625 -0.04595947265625 -0.0782394409179688
0.0310554504394531 0.0123538970947266 -0.0090179443359375 -0.0269794464111328
0.01922607421875 0.00940322875976563 0.0350494384765625 -0.0029296875
0.0238094329833984 0.00828742980957031 0.0679550170898437 -0.0244560241699219
0.0266475677490234 -0.00345611572265625 0.0646553039550781 -0.0502891540527344
0.0204029083251953 -0.0212535858154297 0.0436172485351563 -0.0803146362304688
0.00911903381347656 -0.0331954956054688 0.0117034912109375 -0.081878662109375
0.00634384155273438 -0.0304393768310547 -0.0121726989746094 -0.0626945495605469
0.00546646118164062 -0.0335140228271484 -0.0218048095703125 -0.0422744750976563
0.0146770477294922 -0.0324172973632813 -0.0260448455810547 -0.0300312042236328
0.0226097106933594 -0.0202503204345703 -0.0393867492675781 -0.0149726867675781
0.0201702117919922 -0.0104522705078125 -0.0415191650390625 -0.00971984863281251
0.0185413360595703 -0.00770187377929687 -0.0552520751953125 -0.00766754150390624
0.0315628051757813 -0.00480842590332031 -0.07745361328125 9.91821289062331E-05
0.0350246429443359 0.00716972351074219 -0.0828170776367188 0.004180908203125
0.0611000061035156 0.0483436584472656 -0.0249900817871094 -0.0655860900878906
0.0611038208007812 0.0325508117675781 0.00965309143066407 -0.0144739151000977
0.049560546875 0.0188713073730469 0.0439453125 0.00113677978515625
0.0535354614257813 0.00738143920898438 0.0712738037109375 -0.02099609375
0.0491256713867188 -0.0133399963378906 0.0627517700195313 -0.0449256896972656
0.0360565185546875 -0.0419692993164063 0.0396499633789063 -0.072021484375
0.0154800415039062 -0.05511474609375 0.00906753540039063 -0.0657081604003906
0.0119209289550781 -0.0505104064941406 -0.01226806640625 -0.0440750122070313
0.00962448120117187 -0.05633544921875 -0.0218429565429688 -0.0240802764892578
0.0214653015136719 -0.0563201904296875 -0.0287361145019531 -0.0157642364501953
0.0356063842773438 -0.0400772094726563 -0.0416069030761719 -0.00401306152343751
0.0411949157714844 -0.0266227722167969 -0.0417671203613281 -0.00394821166992188
0.0458755493164063 -0.0105056762695313 -0.0526008605957031 -0.00518798828124999
0.0607261657714844 0.00271224975585938 -0.062103271484375 0.00436401367187499
0.0630912780761719 0.0204544067382813 -0.0620803833007813 0.0145301818847656
0.0775909423828125 0.0625839233398438 0.00178146362304688 -0.0475425720214844
0.0841445922851563 0.0464248657226563 0.0313262939453125 0.00150108337402344
0.075439453125 0.0236282348632813 0.0518455505371094 0.00689315795898438
0.0765457153320313 0.00223541259765625 0.0699005126953125 -0.0149269104003906
0.0649147033691406 -0.0245819091796875 0.0565872192382813 -0.0353202819824219
0.0442390441894531 -0.0591392517089844 0.0323410034179688 -0.0564117431640625
0.0177536010742188 -0.0690574645996094 0.00600051879882813 -0.04150390625
0.0141525268554688 -0.062591552734375 -0.0113182067871094 -0.0191535949707031
0.0119247436523437 -0.070770263671875 -0.0187053680419922 -0.000137329101562502
0.0251388549804688 -0.07171630859375 -0.0289344787597656 0.00425338745117187
0.0448226928710937 -0.0537147521972656 -0.0414924621582031 0.01031494140625
0.0560264587402344 -0.0384902954101563 -0.0422019958496094 0.00282669067382813
0.0674896240234375 -0.0123519897460938 -0.0473175048828125 -0.004241943359375
0.0815658569335938 0.0110092163085938 -0.0404205322265625 0.00669860839843751
0.0807266235351563 0.03143310546875 -0.0345382690429688 0.0275402069091797
0.0822067260742188 0.0651397705078125 0.0320224761962891 -0.0286312103271484
0.0941238403320312 0.0514297485351563 0.0536155700683594 0.0135650634765625
0.08758544921875 0.0224380493164063 0.0579414367675781 0.009674072265625
0.0865249633789063 -0.0050811767578125 0.0647735595703125 -0.00734329223632812
0.0695343017578125 -0.0329551696777344 0.046173095703125 -0.0218086242675781
0.0440483093261719 -0.0674781799316406 0.0231475830078125 -0.0343894958496094
0.0159454345703125 -0.0723724365234375 0.00395393371582031 -0.013026237487793
0.0144233703613281 -0.0653076171875 -0.00766086578369141 0.00838088989257812
0.0129547119140625 -0.0745391845703125 -0.0158348083496094 0.0252323150634766
0.0269317626953125 -0.0752410888671875 -0.0289478302001953 0.0260963439941406
0.0495109558105469 -0.0566825866699219 -0.0409660339355469 0.0256729125976562
0.0646858215332031 -0.04150390625 -0.040679931640625 0.00946807861328125
0.078826904296875 -0.00835418701171875 -0.0393295288085937 -0.00401306152343751
0.0900039672851563 0.0208206176757813 -0.015040397644043 0.00925540924072266
0.085113525390625 0.0416030883789063 -0.00399780273437499 0.0426979064941406
0.0727920532226563 0.0573348999023438 0.0592727661132813 -0.0134735107421875
0.0898818969726563 0.0470809936523438 0.073150634765625 0.0199127197265625
0.0840377807617188 0.0164794921875 0.0603141784667969 0.0105628967285156
0.0800323486328125 -0.0109710693359375 0.0555458068847656 0.000301361083984374
0.0612030029296875 -0.0371665954589844 0.0363922119140625 -0.00666046142578125
0.0347900390625 -0.0657157897949219 0.0158319473266602 -0.00944709777832032
0.0111198425292969 -0.0646553039550781 0.00353431701660156 0.0151996612548828
0.0115165710449219 -0.0575523376464844 -0.0048370361328125 0.0354499816894531
0.0122833251953125 -0.0666656494140625 -0.0130195617675781 0.049713134765625
0.0262985229492187 -0.0672035217285156 -0.0299491882324219 0.0472908020019531
0.0494194030761719 -0.0500221252441406 -0.0422286987304688 0.0391921997070312
0.0655784606933594 -0.034393310546875 -0.040557861328125 0.0157051086425781
0.0781936645507813 0.0011749267578125 -0.0309925079345703 -0.00232887268066406
0.0848464965820313 0.0306472778320312 0.00818443298339844 0.0150547027587891
0.074371337890625 0.0481033325195313 0.0238990783691406 0.0607109069824219
0.0519332885742188 0.0427093505859375 0.08123779296875 -0.005157470703125
0.0716705322265625 0.0362777709960938 0.0850982666015625 0.0186920166015625
0.0660629272460938 0.00885772705078125 0.0587196350097656 0.00722885131835938
0.0607070922851563 -0.0143013000488281 0.0464744567871094 0.00625991821289062
0.042510986328125 -0.033294677734375 0.0284767150878906 0.00645065307617187
0.0198402404785156 -0.0526351928710937 0.01287841796875 0.0129423141479492
0.0036468505859375 -0.0466880798339844 0.00681686401367187 0.0390396118164063
0.00601577758789062 -0.040985107421875 -0.000270843505859377 0.0568771362304688
0.00856399536132813 -0.0490608215332031 -0.0122947692871094 0.0687408447265625
0.0209197998046875 -0.0501136779785156 -0.0344200134277344 0.0634994506835938
0.0421676635742188 -0.0357933044433594 -0.0468978881835937 0.0490264892578125
0.0563087463378906 -0.0218887329101563 -0.042694091796875 0.0210380554199219
0.0647926330566406 0.0105018615722656 -0.0241069793701172 0.00178146362304687
0.0658912658691406 0.0351219177246094 0.0257167816162109 0.0250625610351563
0.0518989562988281 0.0461997985839844 0.0438690185546875 0.0796356201171875
0.0205421447753906 0.0237274169921875 0.0923004150390625 -0.00408935546875
0.04156494140625 0.0236549377441406 0.0898284912109375 0.0119857788085938
0.0380821228027344 0.00301361083984375 0.0552520751953125 0.00397872924804688
0.0316390991210938 -0.0115642547607422 0.0396308898925781 0.0104217529296875
0.0191497802734375 -0.0218696594238281 0.025115966796875 0.0160179138183594
0.00359725952148438 -0.0295047760009766 0.014434814453125 0.0280323028564453
-0.00223159790039062 -0.0211200714111328 0.0114974975585937 0.0536270141601563
5.72204589843606E-06 -0.0177211761474609 0.00457000732421876 0.0696868896484375
0.000890731811523437 -0.0246524810791016 -0.0134735107421875 0.0809097290039063
0.00995445251464844 -0.0276107788085938 -0.0409698486328125 0.0731582641601563
0.0253543853759766 -0.0205516815185547 -0.05224609375 0.0535812377929687
0.0364837646484375 -0.0114212036132813 -0.0463943481445313 0.0254020690917969
0.04156494140625 0.0132369995117188 -0.0227508544921875 0.00724601745605469
0.0373001098632812 0.0294380187988281 0.0316810607910156 0.035186767578125
0.0218791961669922 0.0346755981445313 0.0537872314453125 0.0944900512695313
0.00518798828125 0.00355386734008789 -0.0643157958984375 -0.0801162719726563
-0.00249147415161133 -0.0081329345703125 -0.0240592956542969 -0.0310478210449219
-0.0117588043212891 6.67572021484523E-06 0.0283107757568359 -0.00542068481445313
-0.00491523742675781 0.00928497314453125 0.0622367858886719 -0.030426025390625
0.00320529937744141 0.00557708740234375 0.0602874755859375 -0.0580062866210937
0.00375771522521973 0.000848770141601562 0.0371017456054687 -0.0867919921875
0.00196027755737305 -0.00684642791748047 0.00449371337890625 -0.09130859375
-0.000111579895019531 -0.00550127029418945 -0.016998291015625 -0.0711822509765625
-1.43051147460893E-06 -0.00546550750732422 -0.0246849060058594 -0.0506439208984375
0.00466585159301758 -0.00419044494628906 -0.0263996124267578 -0.0350570678710938
0.0045619010925293 0.000633716583251953 -0.0395736694335938 -0.017913818359375
-0.00543546676635742 0.00568151473999023 -0.0443611145019531 -0.00928878784179688
-0.0131568908691406 -0.00560951232910156 -0.0588607788085938 -0.008087158203125
-0.00160598754882813 -0.0145597457885742 -0.0885238647460938 0.00040435791015626
0.000327110290527343 -0.00739908218383789 -0.0951156616210938 0.00541687011718748
0.0394134521484375 0.0256881713867188 -0.0511322021484375 -0.0755691528320313
0.0326461791992188 0.0101356506347656 -0.0100173950195312 -0.02587890625
0.0210113525390625 0.00783729553222656 0.0361366271972656 -0.00493240356445312
0.0252056121826172 0.00620079040527344 0.0673141479492187 -0.02947998046875
0.0270576477050781 -0.0063323974609375 0.0627593994140625 -0.0560798645019531
0.0191097259521484 -0.0233879089355469 0.03765869140625 -0.0850982666015625
0.00683403015136719 -0.0346851348876953 0.00447845458984375 -0.0837020874023438
0.004730224609375 -0.0317592620849609 -0.0183601379394531 -0.0615081787109375
0.00334358215332031 -0.0346164703369141 -0.0266494750976563 -0.0406036376953125
0.0127754211425781 -0.0336685180664063 -0.0299263000488281 -0.0290431976318359
0.0213718414306641 -0.0223407745361328 -0.0425910949707031 -0.0125389099121094
0.0199184417724609 -0.0114498138427734 -0.043609619140625 -0.00706100463867188
0.0180225372314453 -0.00837135314941406 -0.0573005676269531 -0.00465393066406249
0.0317535400390625 -0.0066986083984375 -0.0793075561523438 0.006103515625
0.036041259765625 0.00466537475585937 -0.085052490234375 0.0121688842773438
0.0675544738769531 0.0451316833496094 -0.0292091369628906 -0.06402587890625
0.064971923828125 0.0281486511230469 0.0091085433959961 -0.0136623382568359
0.0528297424316406 0.0152091979980469 0.0454483032226563 -0.000789642333984374
0.0551872253417969 0.0024871826171875 0.0712356567382813 -0.025482177734375
0.0489044189453125 -0.0182418823242188 0.0606422424316406 -0.0496673583984375
0.0324363708496094 -0.04571533203125 0.0338821411132813 -0.0757675170898438
0.0111045837402344 -0.0570220947265625 0.00323104858398437 -0.0669441223144531
0.007354736328125 -0.052001953125 -0.0174674987792969 -0.0424461364746094
0.0053253173828125 -0.0579299926757813 -0.0256175994873047 -0.0219154357910156
0.0167198181152344 -0.0590782165527344 -0.032135009765625 -0.0138359069824219
0.0335426330566406 -0.0439872741699219 -0.0442237854003906 -0.00115585327148438
0.0397872924804688 -0.0302238464355469 -0.0441398620605469 -0.00137710571289064
0.0450096130371094 -0.0139389038085938 -0.0547866821289063 -0.00183486938476562
0.0614166259765625 -0.001495361328125 -0.0632781982421875 0.00924301147460938
0.0656852722167969 0.0153541564941406 -0.0633773803710938 0.0210914611816406
0.0849609375 0.0566635131835938 -1.14440917968748E-05 -0.0472145080566406
0.0896835327148438 0.0403366088867188 0.0325222015380859 0.000526428222656252
0.0787734985351563 0.0178985595703125 0.0545997619628906 0.00464630126953125
0.0779495239257813 -0.0042572021484375 0.0709152221679688 -0.019287109375
0.0637588500976562 -0.030853271484375 0.0548744201660156 -0.0401535034179688
0.0395774841308594 -0.0631256103515625 0.027740478515625 -0.05908203125
0.0117568969726562 -0.0706634521484375 0.00248336791992188 -0.0419960021972656
0.00942230224609376 -0.0650634765625 -0.0135059356689453 -0.0175971984863281
0.00585174560546874 -0.0729217529296875 -0.0206394195556641 0.00205802917480468
0.01885986328125 -0.0752639770507813 -0.0307769775390625 0.00665092468261718
0.0407371520996094 -0.0585365295410156 -0.0429496765136719 0.01422119140625
0.0539588928222656 -0.04388427734375 -0.0435218811035156 0.00563049316406249
0.0665321350097656 -0.0175514221191406 -0.0493011474609375 -0.000755310058593753
0.0835800170898437 0.0044097900390625 -0.0415687561035156 0.0103302001953125
0.0851211547851563 0.0252685546875 -0.0350131988525391 0.0317115783691406
0.0889892578125 0.0585556030273438 0.03167724609375 -0.03070068359375
0.0996322631835938 0.0438690185546875 0.0560836791992188 0.0115928649902344
0.0902557373046875 0.0156097412109375 0.0603294372558594 0.00770187377929688
0.0877304077148437 -0.012603759765625 0.0658836364746094 -0.010986328125
0.0668830871582031 -0.0392990112304688 0.0459747314453125 -0.0250473022460938
0.0379791259765625 -0.0716171264648438 0.0204887390136719 -0.0361328125
0.00959014892578125 -0.0740509033203125 0.00301933288574219 -0.013188362121582
0.00857925415039062 -0.066864013671875 -0.00808429718017578 0.0104799270629883
0.00576782226562501 -0.07647705078125 -0.0146522521972656 0.0278873443603516
0.020263671875 -0.0786895751953125 -0.0287647247314453 0.0291328430175781
0.0453987121582031 -0.0623779296875 -0.0412368774414062 0.0293655395507812
0.0624885559082031 -0.0479698181152344 -0.0420684814453125 0.0123062133789062
0.0791473388671875 -0.01495361328125 -0.0415077209472656 -0.000747680664062502
0.0928802490234375 0.0136337280273438 -0.0160646438598633 0.0106973648071289
0.0899276733398438 0.034942626953125 -0.00265884399414062 0.044708251953125
0.0792312622070313 0.0516128540039063 0.0605506896972656 -0.0176048278808594
0.0949478149414063 0.0396575927734375 0.0765457153320313 0.0160064697265625
0.0868682861328125 0.0107574462890625 0.0626869201660156 0.00820541381835938
0.0807418823242188 -0.0178985595703125 0.0576820373535156 -0.0024566650390625
0.0581130981445313 -0.0421333312988281 0.0366172790527344 -0.00921249389648438
0.028778076171875 -0.0684432983398438 0.0151586532592773 -0.0107288360595703
0.00473403930664063 -0.065826416015625 0.005523681640625 0.0153923034667969
0.00603103637695312 -0.0589408874511719 -0.00158309936523437 0.0367889404296875
0.005096435546875 -0.0681533813476563 -0.00937652587890625 0.0521774291992187
0.019927978515625 -0.0702400207519531 -0.0284500122070313 0.0503501892089844
0.0454483032226563 -0.05517578125 -0.0415611267089844 0.0436935424804688
0.06353759765625 -0.0413627624511719 -0.0408210754394531 0.0190467834472656
0.0791778564453125 -0.00531768798828125 -0.0327110290527344 0.000288009643554681
0.0884170532226563 0.023712158203125 0.00806713104248047 0.0143413543701172
0.0801925659179688 0.041748046875 0.0274772644042969 0.0613479614257813
0.0561065673828125 0.0382881164550781 0.0823745727539063 -0.0115585327148438
0.0749664306640625 0.0304336547851562 0.088775634765625 0.0132064819335938
0.0681686401367188 0.00374984741210937 0.0609550476074219 0.00551986694335938
0.0603713989257812 -0.0192832946777344 0.0487632751464844 0.00403976440429688
0.0396270751953125 -0.0377273559570312 0.0300750732421875 0.00576019287109375
0.0145149230957031 -0.054351806640625 0.0141239166259766 0.012700080871582
-0.000782012939453125 -0.0471572875976562 0.0107307434082031 0.0388526916503906
0.00206375122070313 -0.041229248046875 0.00494003295898437 0.0579261779785156
0.00323867797851563 -0.0501136779785156 -0.0070648193359375 0.071685791015625
0.0163536071777344 -0.0513687133789063 -0.0306282043457031 0.0673942565917969
0.0385971069335938 -0.0400199890136719 -0.0448875427246094 0.0534133911132813
0.0549125671386719 -0.0282325744628906 -0.0417747497558594 0.0249824523925781
0.0660743713378906 0.00518798828125 -0.02557373046875 0.00393486022949218
0.0691719055175781 0.03021240234375 0.0269203186035156 0.0230598449707031
0.0570487976074219 0.0417556762695312 0.0493850708007813 0.0777740478515625
0.0232009887695313 0.0221939086914063 0.0949172973632813 -0.011505126953125
0.0439872741699219 0.0193519592285156 0.0925445556640625 0.00611114501953125
0.0395622253417969 0.0002593994140625 0.056884765625 0.00127410888671875
0.0320587158203125 -0.0145111083984375 0.0423431396484375 0.00954055786132812
0.0172977447509766 -0.023895263671875 0.0281352996826172 0.0150966644287109
-0.000398635864257815 -0.0293598175048828 0.0172576904296875 0.0276031494140625
-0.00518417358398437 -0.0197219848632813 0.0175552368164062 0.053131103515625
-0.00262832641601563 -0.0172557830810547 0.0106925964355469 0.0700416564941406
-0.00167655944824219 -0.0239486694335938 -0.00723266601562499 0.0831985473632813
0.00671195983886719 -0.0280380249023438 -0.0359649658203125 0.0780487060546875
0.0234737396240234 -0.0230045318603516 -0.0500602722167969 0.0589675903320313
0.0351028442382813 -0.0146980285644531 -0.0456771850585938 0.029571533203125
0.0427398681640625 0.0100631713867187 -0.0231475830078125 0.00916862487792968
0.0406951904296875 0.0264091491699219 0.0341377258300781 0.0323638916015625
0.0254344940185547 0.0326099395751953 0.060546875 0.0925750732421875
0.00638532638549805 0.00391149520874023 -0.0666122436523438 -0.0740966796875
-0.00267744064331055 -0.00771474838256836 -0.0246944427490234 -0.0279216766357422
-0.0110940933227539 0.000722885131835937 0.0278568267822266 -0.00706672668457031
-0.00364589691162109 0.00918292999267578 0.0595130920410156 -0.0339775085449219
0.00394296646118164 0.00478982925415039 0.055816650390625 -0.06134033203125
0.00426220893859863 -0.000130414962768555 0.0309982299804687 -0.0876541137695313
0.00186252593994141 -0.008514404296875 -0.002777099609375 -0.0889968872070313
0.000675678253173828 -0.00601625442504883 -0.0223541259765625 -0.0678939819335938
0.000822067260742188 -0.00596857070922852 -0.0289192199707031 -0.0470848083496094
0.00522136688232422 -0.00487852096557617 -0.0293178558349609 -0.0333042144775391
0.00493621826171875 0.0011296272277832 -0.0407600402832031 -0.0154151916503906
-0.0045013427734375 0.00651168823242188 -0.0444908142089844 -0.00704193115234375
-0.0130376815795898 -0.00389480590820312 -0.0587081909179688 -0.006011962890625
-0.00317955017089844 -0.0138454437255859 -0.0870437622070312 0.00643157958984376
-0.000130176544189453 -0.00669288635253906 -0.094085693359375 0.013153076171875
0.0415573120117188 0.0230178833007813 -0.0536575317382813 -0.070404052734375
0.0335617065429687 0.00684356689453125 -0.0111141204833984 -0.023590087890625
0.0211887359619141 0.00592613220214844 0.0355987548828125 -0.006622314453125
0.0259246826171875 0.00380516052246094 0.0652008056640625 -0.033233642578125
0.0263233184814453 -0.00827217102050781 0.0577163696289063 -0.0593605041503906
0.0173435211181641 -0.0253944396972656 0.030670166015625 -0.0854034423828125
0.00440216064453125 -0.0348377227783203 -0.00205230712890625 -0.0814437866210937
0.00313377380371094 -0.0321788787841797 -0.0230865478515625 -0.0580482482910156
0.00140380859375 -0.0345802307128906 -0.030548095703125 -0.0372505187988281
0.0106010437011719 -0.0340728759765625 -0.0333366394042969 -0.026519775390625
0.0200862884521484 -0.0235004425048828 -0.0434150695800781 -0.00950241088867187
0.0190601348876953 -0.0127334594726563 -0.044403076171875 -0.0047760009765625
0.0170459747314453 -0.00875091552734375 -0.0570182800292969 -0.00173568725585937
0.0296897888183594 -0.00855255126953125 -0.0779190063476563 0.0113067626953125
0.0357246398925781 0.0027923583984375 -0.083709716796875 0.0190963745117188
0.0704879760742188 0.0388870239257813 -0.0312614440917969 -0.0604820251464844
0.0664710998535156 0.0220222473144531 0.00911331176757813 -0.01239013671875
0.0528144836425781 0.0109367370605469 0.0456314086914063 -0.00214767456054687
0.0550994873046875 -0.0016937255859375 0.0690536499023438 -0.0295753479003906
0.0469818115234375 -0.0218505859375 0.057220458984375 -0.0528411865234375
0.0288162231445313 -0.0474433898925781 0.0277328491210938 -0.0768203735351563
0.00681304931640625 -0.0563392639160156 -0.0018768310546875 -0.0644302368164063
0.00432968139648438 -0.0518875122070313 -0.0202903747558594 -0.0386505126953125
0.00101852416992188 -0.0575447082519531 -0.0270099639892578 -0.0186939239501953
0.0125617980957031 -0.0591316223144531 -0.0341758728027344 -0.0109500885009766
0.0301170349121094 -0.0457954406738281 -0.0445442199707031 0.00234985351562499
0.0371856689453125 -0.0325546264648438 -0.0445098876953125 0.00104141235351563
0.0436248779296875 -0.0157508850097656 -0.0542335510253906 0.00160217285156251
0.0594902038574219 -0.0055084228515625 -0.0625953674316406 0.014129638671875
0.0657920837402344 0.0102806091308594 -0.0626220703125 0.026397705078125
0.087799072265625 0.0494384765625 -0.00146102905273437 -0.0459175109863281
0.0898666381835938 0.0323867797851563 0.0331516265869141 0.000175476074218752
0.0779800415039063 0.0125961303710938 0.0542221069335938 0.00273513793945313
0.0766525268554688 -0.010101318359375 0.0698127746582031 -0.0224418640136719
0.0598182678222656 -0.0350456237792969 0.0516586303710938 -0.0424346923828125
0.0337257385253906 -0.0637779235839844 0.0226936340332031 -0.0587272644042969
0.00646209716796875 -0.07012939453125 -0.00107955932617188 -0.0404014587402344
0.00457763671875 -0.0637969970703125 -0.0153598785400391 -0.0146017074584961
-0.000129699707031245 -0.071380615234375 -0.0207233428955078 0.00468826293945312
0.0121917724609375 -0.0745162963867188 -0.0315780639648438 0.00860023498535155
0.0359725952148437 -0.0605506896972656 -0.0424652099609375 0.0164070129394531
0.0493736267089844 -0.0474967956542969 -0.0435562133789063 0.00782012939453125
0.064239501953125 -0.0214614868164062 -0.0493431091308594 0.00254058837890625
0.0817337036132812 -0.0012969970703125 -0.0407829284667969 0.0134849548339844
0.0856552124023437 0.0186614990234375 -0.0335464477539062 0.0348320007324219
0.0924758911132813 0.0506439208984375 0.0304374694824219 -0.032012939453125
0.101211547851562 0.0355224609375 0.0571479797363281 0.00944137573242188
0.0898208618164063 0.00937652587890625 0.0608558654785156 0.00606155395507813
0.0849685668945313 -0.0187225341796875 0.0650596618652344 -0.0138092041015625
0.0623207092285156 -0.0437431335449219 0.0439949035644531 -0.0267715454101563
0.0314483642578125 -0.071502685546875 0.01666259765625 -0.0359458923339844
0.00375366210937499 -0.0725784301757813 0.00179290771484375 -0.0125875473022461
0.00297164916992187 -0.0655670166015625 -0.0078420639038086 0.0122976303100586
-0.000427246093749999 -0.0745849609375 -0.0127067565917969 0.02935791015625
0.0130157470703125 -0.078582763671875 -0.0279293060302734 0.0310020446777344
0.0395774841308594 -0.0648269653320313 -0.0397834777832031 0.0320396423339844
0.0574722290039063 -0.0519638061523438 -0.0413742065429687 0.0148239135742187
0.0760650634765625 -0.0195083618164063 -0.041717529296875 0.00285720825195312
0.0918655395507813 0.0066680908203125 -0.0158071517944336 0.012141227722168
0.0912322998046875 0.0275344848632813 -0.00109100341796874 0.0454673767089844
0.0819931030273438 0.0443954467773438 0.0598716735839844 -0.0214576721191406
0.0954742431640625 0.0312271118164063 0.0770187377929688 0.0116119384765625
0.0855484008789062 0.0043792724609375 0.0633316040039063 0.00598526000976562
0.0780181884765625 -0.0239791870117188 0.0574722290039063 -0.00505447387695313
0.0535736083984375 -0.0459098815917969 0.0356674194335937 -0.0107040405273438
0.0222892761230469 -0.0682106018066406 0.0142097473144531 -0.0105743408203125
-0.000808715820312499 -0.0633964538574219 0.0065155029296875 0.0156040191650391
0.00116348266601563 -0.0575408935546875 0.000949859619140628 0.0368499755859375
-0.00101470947265625 -0.0663871765136719 -0.00640487670898438 0.052886962890625
0.0135574340820313 -0.0697822570800781 -0.0255813598632813 0.0517692565917969
0.0399627685546875 -0.0581207275390625 -0.0389823913574219 0.0458755493164062
0.0585746765136719 -0.0461654663085937 -0.0399398803710937 0.0216178894042969
0.0774307250976563 -0.0105514526367187 -0.0331001281738281 0.00276565551757812
0.0883026123046875 0.0170211791992187 0.00825309753417969 0.0137996673583984
0.0822372436523438 0.0343704223632813 0.0288429260253906 0.0595588684082031
0.057830810546875 0.0324935913085938 0.0818939208984375 -0.0166854858398437
0.0755615234375 0.0233993530273438 0.0891647338867188 0.00844573974609375
0.0667953491210937 -0.00110626220703125 0.0610923767089844 0.00284194946289063
0.0583648681640625 -0.0235671997070313 0.0494422912597656 0.00262832641601562
0.0354499816894531 -0.0398788452148438 0.0305614471435547 0.004486083984375
0.00931167602539063 -0.0529670715332031 0.0149984359741211 0.0117874145507812
-0.0045013427734375 -0.0444869995117188 0.0135231018066406 0.0371627807617188
-0.00144195556640625 -0.0398597717285156 0.00945281982421875 0.05609130859375
-0.00135421752929688 -0.0480613708496094 -0.00173187255859375 0.0712051391601563
0.0108528137207031 -0.051483154296875 -0.0265312194824219 0.0689888000488281
0.0344200134277344 -0.04296875 -0.0414352416992188 0.0557212829589844
0.051025390625 -0.0324325561523437 -0.0397529602050781 0.0274734497070312
0.0644912719726563 1.52587890625E-05 -0.0251960754394531 0.00625228881835938
0.0696182250976563 0.0241546630859375 0.0263538360595703 0.0204753875732422
0.0591812133789063 0.0357208251953125 0.0517044067382813 0.0737991333007813
0.0238208770751953 0.0190753936767578 0.0935287475585937 -0.018280029296875
0.0451011657714844 0.0156326293945313 0.0927734375 0.000724792480468751
0.0386886596679687 -0.0026397705078125 0.0567817687988281 -0.000759124755859375
0.0300674438476562 -0.0171089172363281 0.0426445007324219 0.0077667236328125
0.0141735076904297 -0.0250396728515625 0.0291786193847656 0.0137405395507812
-0.00311851501464843 -0.0279331207275391 0.0193500518798828 0.0268402099609375
-0.00700759887695312 -0.0177478790283203 0.0216407775878906 0.0501251220703125
-0.00375747680664062 -0.0153703689575195 0.0162887573242187 0.0671005249023438
-0.003875732421875 -0.0228633880615234 -0.000541687011718748 0.0820159912109375
0.00377845764160156 -0.0277938842773438 -0.0303573608398438 0.079010009765625
0.0207271575927734 -0.0242156982421875 -0.0455741882324219 0.0613327026367188
0.0329208374023438 -0.0181598663330078 -0.0436553955078125 0.0323829650878906
0.0423088073730469 0.006561279296875 -0.0230236053466797 0.0103778839111328
0.0412445068359375 0.0225677490234375 0.0347518920898438 0.0286846160888672
0.0274314880371094 0.0291099548339844 0.064361572265625 0.0867233276367188
0.00693464279174805 0.0037693977355957 -0.0654067993164063 -0.0696220397949219
-0.00228404998779297 -0.00785350799560547 -0.0249557495117188 -0.0256233215332031
-0.0104827880859375 0.00107002258300781 0.0277729034423828 -0.00798797607421875
-0.00239896774291992 0.00856494903564453 0.0567054748535156 -0.0347938537597656
0.00453472137451172 0.0043034553527832 0.0522117614746094 -0.0613059997558594
0.00442838668823242 -0.000885963439941406 0.0268325805664063 -0.0861663818359375
0.00205564498901367 -0.0087428092956543 -0.00611114501953124 -0.08502197265625
0.00123262405395508 -0.00655841827392578 -0.0249862670898437 -0.0634307861328125
0.00153112411499023 -0.0059814453125 -0.0307502746582031 -0.0442314147949219
0.00573205947875977 -0.00514602661132813 -0.0309181213378906 -0.0315685272216797
0.00595378875732422 0.000506401062011719 -0.0409584045410156 -0.0138931274414062
-0.00376081466674805 0.00694084167480469 -0.0434799194335938 -0.00643157958984375
-0.0127735137939453 -0.00296783447265625 -0.0576362609863281 -0.00518798828125
-0.00424766540527344 -0.0128564834594727 -0.0847930908203125 0.00855255126953124
-0.00069570541381836 -0.00536394119262695 -0.0917892456054688 0.0172576904296875
0.04180908203125 0.020477294921875 -0.0528793334960938 -0.06585693359375
0.03314208984375 0.00542449951171875 -0.0104122161865234 -0.0213069915771484
0.0212268829345703 0.00481224060058594 0.0352516174316406 -0.00677871704101563
0.0258274078369141 0.00252151489257813 0.0623054504394531 -0.0339622497558594
0.0250129699707031 -0.00934791564941406 0.0543136596679688 -0.0591087341308594
0.0155410766601563 -0.0250492095947266 0.0269622802734375 -0.0839767456054688
0.00314521789550781 -0.0345039367675781 -0.00587463378906249 -0.0776519775390625
0.00175094604492188 -0.0309009552001953 -0.0248146057128906 -0.0530433654785156
0.000453948974609377 -0.0337848663330078 -0.031982421875 -0.0336532592773438
0.00971603393554688 -0.0336875915527344 -0.0349178314208984 -0.0243015289306641
0.0191307067871094 -0.0238971710205078 -0.0436286926269531 -0.00762176513671876
0.0185661315917969 -0.0123081207275391 -0.0442123413085938 -0.00369262695312499
0.0160150527954102 -0.00785541534423828 -0.0561027526855469 -0.000526428222656246
0.0283699035644531 -0.00903701782226563 -0.0753555297851563 0.0141677856445312
0.0345001220703125 0.00194740295410156 -0.0814666748046875 0.0227737426757813
0.0702056884765625 0.0352363586425781 -0.0299415588378906 -0.0565452575683594
0.0649070739746094 0.0189056396484375 0.0093994140625 -0.0114860534667969
0.0515861511230469 0.00884628295898438 0.0449676513671875 -0.00264739990234375
0.0534133911132813 -0.00468063354492188 0.0665817260742187 -0.0298080444335937
0.0437355041503906 -0.0234031677246094 0.0534248352050781 -0.052825927734375
0.0254554748535156 -0.0462455749511719 0.0242767333984375 -0.0739517211914063
0.00419998168945313 -0.0550918579101562 -0.00440216064453125 -0.0612106323242188
0.0018463134765625 -0.0508460998535156 -0.0213775634765625 -0.0353431701660156
-0.00140380859374999 -0.0557746887207031 -0.0278110504150391 -0.0154438018798828
0.0098724365234375 -0.0577354431152344 -0.0349884033203125 -0.00942230224609376
0.0277442932128906 -0.0453109741210937 -0.0446052551269531 0.00381088256835938
0.0344257354736328 -0.0322132110595703 -0.0444602966308594 0.00196456909179686
0.0413360595703125 -0.0157661437988281 -0.0531578063964844 0.00342941284179687
0.0568885803222656 -0.00677108764648438 -0.0604095458984375 0.0163726806640625
0.0635032653808594 0.00766372680664063 -0.06103515625 0.030059814453125
0.088226318359375 0.0443572998046875 -0.00118255615234374 -0.0438461303710937
0.0881805419921875 0.0271453857421875 0.0325546264648438 0.000190734863281252
0.075836181640625 0.009674072265625 0.0540084838867188 0.00284957885742188
0.0734100341796875 -0.01361083984375 0.067108154296875 -0.0228691101074219
0.0561027526855469 -0.036407470703125 0.0489158630371094 -0.0421295166015625
0.0293693542480469 -0.0626411437988281 0.0195274353027344 -0.0568466186523438
0.00339508056640626 -0.0670738220214844 -0.002105712890625 -0.0378265380859375
0.00150680541992188 -0.0622062683105469 -0.0147066116333008 -0.0120582580566406
-0.00350952148437499 -0.0689239501953125 -0.0203742980957031 0.0067596435546875
0.00895690917968749 -0.0725936889648438 -0.0317478179931641 0.0105609893798828
0.0323486328125 -0.0604743957519531 -0.0423660278320313 0.0181007385253906
0.0459022521972656 -0.0473175048828125 -0.0431175231933594 0.00925064086914061
0.0611572265625 -0.0223197937011719 -0.0484237670898438 0.00462341308593749
0.07879638671875 -0.00339508056640625 -0.0399169921875 0.0155296325683594
0.0835113525390625 0.0148773193359375 -0.0324974060058594 0.0372238159179687
0.0918502807617188 0.0447006225585938 0.0302085876464844 -0.0315589904785156
0.098907470703125 0.0296707153320312 0.0563468933105469 0.0078582763671875
0.0874862670898438 0.006378173828125 0.06005859375 0.005767822265625
0.0817031860351563 -0.0218963623046875 0.0636253356933594 -0.0137443542480469
0.058746337890625 -0.0449638366699219 0.0420112609863281 -0.02630615234375
0.0269203186035156 -0.0695724487304688 0.0153999328613281 -0.0343017578125
0.000213623046875006 -0.0692634582519531 0.00187301635742188 -0.0111522674560547
-4.95910644531287E-05 -0.0639076232910156 -0.00644207000732422 0.013188362121582
-0.00459289550781249 -0.0712966918945313 -0.0119743347167969 0.030029296875
0.0087890625 -0.0762100219726563 -0.0272388458251953 0.0315418243408203
0.0354156494140625 -0.0648231506347656 -0.0390968322753906 0.0333328247070312
0.052825927734375 -0.0531196594238281 -0.0405197143554688 0.0158882141113281
0.07257080078125 -0.021636962890625 -0.0407180786132812 0.00482940673828125
0.0891952514648438 0.0035400390625 -0.0157146453857422 0.0132665634155273
0.0896224975585938 0.0225448608398438 -0.000694274902343742 0.0460052490234375
0.0805587768554688 0.03924560546875 0.0583953857421875 -0.0231094360351562
0.0932083129882813 0.0258865356445313 0.0759048461914063 0.010162353515625
0.0829238891601563 0.00167083740234375 0.0621376037597656 0.00598526000976563
0.0744781494140625 -0.0266876220703125 0.057037353515625 -0.00515365600585938
0.0494232177734375 -0.0466156005859375 0.0351715087890625 -0.0103912353515625
0.0178146362304688 -0.0659904479980469 0.0130558013916016 -0.00976848602294922
-0.00351333618164063 -0.0601234436035156 0.00746250152587891 0.0146274566650391
-0.00172805786132813 -0.0548820495605469 0.00301742553710938 0.0362663269042969
-0.00392150878906249 -0.0633087158203125 -0.00353240966796875 0.0517501831054687
0.00922393798828125 -0.0675811767578125 -0.0238533020019531 0.0516510009765625
0.035919189453125 -0.0581741333007812 -0.0373611450195313 0.0464897155761719
0.0544929504394531 -0.0470008850097656 -0.0387115478515625 0.0223846435546875
0.07379150390625 -0.0136337280273438 -0.0320606231689453 0.00502777099609375
0.0862579345703125 0.013153076171875 0.00772953033447266 0.0131969451904297
0.0814132690429688 0.0294113159179688 0.0288581848144531 0.057769775390625
0.0575599670410156 0.02838134765625 0.079833984375 -0.01971435546875
0.073486328125 0.0193862915039063 0.0876617431640625 0.005157470703125
0.0643501281738281 -0.00323104858398437 0.0606040954589844 0.00245285034179688
0.0547866821289063 -0.0254554748535156 0.0496978759765625 0.00191116333007812
0.0323486328125 -0.0400543212890625 0.0305957794189453 0.00398635864257812
0.00609588623046875 -0.0504913330078125 0.0149803161621094 0.0111713409423828
-0.00663375854492187 -0.0414924621582031 0.0152816772460938 0.0351524353027344
-0.0032501220703125 -0.0372886657714844 0.0114631652832031 0.0540351867675781
-0.00415802001953125 -0.0451774597167969 0.00136566162109375 0.0687255859375
0.00749969482421875 -0.0498695373535156 -0.024017333984375 0.0678787231445313
0.0309791564941406 -0.0430068969726562 -0.0383758544921875 0.0561790466308594
0.0474357604980469 -0.033966064453125 -0.0385093688964844 0.0273208618164063
0.0621833801269531 -0.0021820068359375 -0.0251789093017578 0.00705337524414063
0.06842041015625 0.0203132629394531 0.0255947113037109 0.0185070037841797
0.0591316223144531 0.0311660766601563 0.0513153076171875 0.0705718994140625
0.0248317718505859 0.0165882110595703 0.0910568237304688 -0.0219345092773438
0.0438423156738281 0.0123710632324219 0.0904464721679688 -0.00223541259765625
0.0374259948730469 -0.00431060791015625 0.0555801391601563 -0.001129150390625
0.0281772613525391 -0.0181598663330078 0.0426368713378906 0.00753402709960937
0.0125370025634766 -0.024658203125 0.0299453735351563 0.0128688812255859
-0.00526237487792969 -0.0262603759765625 0.0207309722900391 0.0249481201171875
-0.00733566284179687 -0.0155963897705078 0.0235977172851563 0.047271728515625
-0.00450515747070312 -0.0137386322021484 0.0193290710449219 0.0640182495117188
-0.00510025024414063 -0.0204353332519531 0.00342559814453125 0.0789642333984375
0.00123977661132813 -0.0258808135986328 -0.0268020629882812 0.0780181884765625
0.0185718536376953 -0.024444580078125 -0.0423698425292969 0.0615692138671875
0.0304641723632813 -0.0184059143066406 -0.0409355163574219 0.0327262878417969
0.0402870178222656 0.00406646728515625 -0.0217494964599609 0.0107975006103516
0.0410575866699219 0.0198783874511719 0.03387451171875 0.0263042449951172
0.0277481079101563 0.0262012481689453 0.0636749267578125 0.0823135375976562
0.00694656372070312 0.00397491455078125 -0.0629005432128906 -0.0681991577148438
-0.00236940383911133 -0.00724458694458008 -0.0232353210449219 -0.0244865417480469
-0.00921630859375 0.00178146362304687 0.0272541046142578 -0.00708580017089844
-0.00181722640991211 0.00847291946411133 0.05584716796875 -0.0344085693359375
0.00481128692626953 0.00399351119995117 0.0510826110839844 -0.0604743957519531
0.00443267822265625 -0.00122451782226563 0.025726318359375 -0.0850067138671875
0.00220203399658203 -0.0100545883178711 -0.00711822509765624 -0.0828857421875
0.00198078155517578 -0.00749921798706055 -0.0257453918457031 -0.0607376098632813
0.00238275527954102 -0.00683832168579102 -0.0308914184570313 -0.042388916015625
0.00629281997680664 -0.00585699081420898 -0.0322475433349609 -0.0305328369140625
0.00640153884887695 0.000112056732177734 -0.0405807495117188 -0.0137596130371094
-0.00259304046630859 0.00818300247192383 -0.043914794921875 -0.00682830810546875
-0.0124473571777344 -0.00183391571044922 -0.0569572448730469 -0.00664520263671874
-0.00446891784667969 -0.0114994049072266 -0.0830154418945313 0.00920867919921873
-0.000766992568969726 -0.00385499000549316 -0.09033203125 0.018341064453125
0.041229248046875 0.0206031799316406 -0.0502052307128906 -0.0642318725585938
0.0328159332275391 0.00429534912109375 -0.00979042053222656 -0.0201454162597656
0.0210781097412109 0.00453758239746094 0.0357475280761719 -0.00594329833984375
0.0258445739746094 0.00197601318359375 0.0613174438476562 -0.0331153869628906
0.0245532989501953 -0.00993728637695313 0.0533294677734375 -0.057708740234375
0.015045166015625 -0.0250225067138672 0.0260772705078125 -0.0820541381835938
0.00336647033691406 -0.0344791412353516 -0.00621795654296875 -0.0755538940429688
0.00254631042480469 -0.0317916870117188 -0.0247268676757812 -0.0504379272460938
0.00102043151855469 -0.033172607421875 -0.0319137573242187 -0.0319328308105469
0.00912666320800781 -0.0335140228271484 -0.0356063842773438 -0.0231819152832031
0.0198078155517578 -0.0235328674316406 -0.0435905456542969 -0.00729751586914063
0.0183353424072266 -0.0112457275390625 -0.0442314147949219 -0.00357818603515626
0.0150794982910156 -0.00719165802001953 -0.055389404296875 -0.000694274902343762
0.0269813537597656 -0.00834274291992188 -0.0746002197265625 0.0150909423828125
0.0340385437011719 0.00176429748535156 -0.0808792114257813 0.02410888671875
0.0698318481445313 0.0340347290039063 -0.0282745361328125 -0.0555686950683594
0.0643692016601563 0.017242431640625 0.0103378295898438 -0.0097970962524414
0.0516204833984375 0.00844573974609375 0.0454521179199219 -0.000648498535156249
0.0522956848144531 -0.00543212890625 0.0653915405273438 -0.0288543701171875
0.0426597595214844 -0.0238609313964844 0.0519332885742188 -0.0517997741699219
0.0239830017089844 -0.0455894470214844 0.0222244262695312 -0.0720291137695313
0.00347518920898438 -0.0535545349121094 -0.00517272949218751 -0.0586433410644531
0.0014190673828125 -0.0505104064941406 -0.0216770172119141 -0.0326347351074219
-0.001617431640625 -0.0552253723144531 -0.0283412933349609 -0.0137233734130859
0.00943756103515625 -0.0569419860839844 -0.0364456176757813 -0.00789642333984375
0.0267066955566406 -0.0447807312011719 -0.0448951721191406 0.00484085083007812
0.0345115661621094 -0.0320205688476563 -0.044219970703125 0.00174331665039062
0.0404815673828125 -0.01513671875 -0.0526695251464844 0.003082275390625
0.0549812316894531 -0.00593185424804688 -0.0601577758789063 0.0164680480957031
0.0628089904785156 0.0074920654296875 -0.0606613159179688 0.0312767028808594
0.08673095703125 0.042083740234375 0.000907897949218757 -0.0424423217773438
0.0870513916015625 0.0258865356445313 0.0332145690917969 0.00176429748535156
0.0750579833984375 0.008392333984375 0.0542488098144531 0.0043487548828125
0.07208251953125 -0.01397705078125 0.06719970703125 -0.0212631225585938
0.0548858642578125 -0.0361442565917969 0.0483436584472656 -0.0400390625
0.0285224914550781 -0.0610466003417969 0.0188941955566406 -0.0551490783691406
0.00228118896484375 -0.0655364990234375 -0.00270462036132813 -0.0357627868652344
0.00102233886718751 -0.0609092712402344 -0.0148830413818359 -0.010106086730957
-0.00455474853515625 -0.067138671875 -0.0206336975097656 0.00788688659667968
0.00742340087890624 -0.0713653564453125 -0.0330791473388672 0.0110263824462891
0.0315704345703125 -0.0596237182617188 -0.0430870056152344 0.0186729431152344
0.0447731018066406 -0.0470695495605469 -0.0432662963867188 0.0091094970703125
0.0594215393066406 -0.0215950012207031 -0.0483894348144531 0.00508880615234374
0.0769882202148438 -0.0036468505859375 -0.0397491455078125 0.0161628723144531
0.080841064453125 0.0135498046875 -0.0329933166503906 0.0386199951171875
0.0905303955078125 0.0425643920898438 0.0308895111083984 -0.0307540893554687
0.09619140625 0.0277786254882813 0.0561141967773438 0.00988006591796875
0.08544921875 0.00618743896484375 0.0604896545410156 0.00786590576171875
0.0798568725585938 -0.0225601196289063 0.0641021728515625 -0.0120086669921875
0.0569038391113281 -0.0447235107421875 0.0419502258300781 -0.0246429443359375
0.0247230529785156 -0.0679359436035156 0.0148487091064453 -0.0326824188232422
-0.000343322753906256 -0.0670967102050781 0.0016164779663086 -0.0104665756225586
-0.000587463378906253 -0.0613212585449219 -0.00568103790283203 0.0138616561889648
-0.00522994995117188 -0.0699234008789063 -0.0118827819824219 0.0302486419677734
0.0076141357421875 -0.07427978515625 -0.02862548828125 0.0322322845458984
0.034210205078125 -0.0638427734375 -0.0395050048828125 0.0333633422851563
0.0507621765136719 -0.05328369140625 -0.0408401489257813 0.0159225463867187
0.0712203979492188 -0.0211410522460938 -0.0404129028320312 0.00497055053710937
0.0882797241210938 0.00341033935546875 -0.0168704986572266 0.0141372680664063
0.0881271362304688 0.02117919921875 -0.00202941894531249 0.0472221374511719
0.0797958374023437 0.0364456176757813 0.0590591430664063 -0.0225410461425781
0.0911026000976563 0.0241012573242187 0.0745849609375 0.0102920532226563
0.0815811157226563 0.00125885009765625 0.0617752075195313 0.00721359252929688
0.0725555419921875 -0.026641845703125 0.0571327209472656 -0.003692626953125
0.0477180480957031 -0.046173095703125 0.0348987579345703 -0.00918388366699219
0.0165977478027344 -0.063690185546875 0.0130777359008789 -0.00812625885009766
-0.00385665893554688 -0.0579795837402344 0.00733757019042969 0.0150051116943359
-0.0019989013671875 -0.0529747009277344 0.0036163330078125 0.036285400390625
-0.00519180297851563 -0.0607986450195313 -0.00371932983398437 0.0508270263671875
0.00710678100585937 -0.0656929016113281 -0.0241813659667969 0.0518760681152344
0.0336151123046875 -0.0575752258300781 -0.0377693176269531 0.0460166931152344
0.0524253845214844 -0.0470314025878906 -0.038970947265625 0.0222129821777344
0.0722427368164063 -0.0133819580078125 -0.0315361022949219 0.00557899475097657
0.084625244140625 0.0120620727539063 0.00677490234375 0.0135812759399414
0.0794143676757813 0.027130126953125 0.0270462036132813 0.0582733154296875
0.0570487976074219 0.0259666442871094 0.0785980224609375 -0.0200271606445313
0.0722579956054688 0.0170440673828125 0.0870437622070313 0.005645751953125
0.0648422241210938 -0.00304031372070313 0.0603256225585937 0.0034637451171875
0.0530967712402344 -0.0253219604492188 0.0493049621582031 0.00342559814453125
0.0304985046386719 -0.0395164489746094 0.0305843353271484 0.00401496887207031
0.00501251220703125 -0.0485382080078125 0.0156078338623047 0.0122823715209961
-0.007171630859375 -0.0389289855957031 0.0157527923583984 0.0346126556396484
-0.00329971313476563 -0.0359458923339844 0.012725830078125 0.0529861450195313
-0.00519943237304687 -0.043121337890625 0.00204849243164062 0.0672721862792969
0.00500869750976563 -0.0473060607910156 -0.0236892700195313 0.0667991638183594
0.0290870666503906 -0.0420303344726562 -0.0383796691894531 0.0562400817871094
0.0455055236816406 -0.0336112976074219 -0.0380020141601562 0.0277214050292969
0.0601615905761719 -0.003021240234375 -0.0244293212890625 0.00735664367675781
0.068145751953125 0.0186958312988281 0.0244503021240234 0.0183620452880859
0.05828857421875 0.0294570922851563 0.0494384765625 0.0702972412109375
0.0243034362792969 0.0151500701904297 0.0903472900390625 -0.0224533081054688
0.04339599609375 0.0114707946777344 0.0893783569335937 -0.00237274169921875
0.0369491577148438 -0.00436019897460938 0.0551910400390625 7.62939453124973E-06
0.028045654296875 -0.0187568664550781 0.0438995361328125 0.00899887084960937
0.0115432739257812 -0.0244693756103516 0.0308437347412109 0.0131950378417969
-0.00570297241210937 -0.0244598388671875 0.0207614898681641 0.0256557464599609
-0.00751495361328125 -0.0143213272094727 0.0241889953613281 0.0452651977539063
-0.00425338745117188 -0.0125894546508789 0.019866943359375 0.0615196228027344
-0.00528907775878906 -0.0186309814453125 0.0046844482421875 0.0770187377929688
0.000499725341796876 -0.0245685577392578 -0.026092529296875 0.076141357421875
0.0174007415771484 -0.0245742797851563 -0.0418357849121094 0.0608558654785156
0.0293979644775391 -0.0193233489990234 -0.0416107177734375 0.0320625305175781
0.0397300720214844 0.00374221801757813 -0.0223770141601563 0.0105247497558594
0.0400733947753906 0.0184707641601563 0.0327529907226563 0.0246105194091797
0.027496337890625 0.0244274139404297 0.06158447265625 0.0810623168945313
0.00739049911499024 0.00458383560180664 -0.0614051818847656 -0.0694580078125
-0.00153589248657227 -0.00726652145385742 -0.0222225189208984 -0.0235671997070312
-0.00902366638183594 0.0016937255859375 0.0285110473632812 -0.00632667541503906
-0.00144338607788086 0.00796842575073242 0.0568313598632813 -0.0337638854980469
0.00497674942016602 0.00453090667724609 0.0525016784667969 -0.0601577758789063
0.00541305541992187 -0.00168657302856445 0.0266952514648437 -0.085968017578125
0.00248622894287109 -0.0114612579345703 -0.0067901611328125 -0.0833969116210937
0.00279998779296875 -0.00867414474487305 -0.0253410339355469 -0.0601234436035156
0.00348758697509766 -0.00780010223388672 -0.0325279235839844 -0.0418930053710938
0.00693845748901367 -0.00640106201171875 -0.0334796905517578 -0.0315151214599609
0.00703811645507813 0.000498294830322266 -0.0419692993164062 -0.0145225524902344
-0.00186538696289063 0.00842380523681641 -0.0446319580078125 -0.00839996337890624
-0.0129880905151367 -0.00110721588134766 -0.0581817626953125 -0.00829315185546876
-0.00551986694335938 -0.0114765167236328 -0.0849990844726563 0.00863647460937499
-0.00119352340698242 -0.00262069702148438 -0.0929336547851563 0.019317626953125
0.0427894592285156 0.0210914611816406 -0.0486984252929688 -0.0658683776855469
0.0331516265869141 0.00514602661132813 -0.00798225402832031 -0.0189800262451172
0.0219058990478516 0.005126953125 0.0368194580078125 -0.00426864624023438
0.0258941650390625 0.00168418884277344 0.0631904602050781 -0.0323486328125
0.0249500274658203 -0.0101947784423828 0.0546646118164063 -0.0578193664550781
0.0162258148193359 -0.0254535675048828 0.0259628295898438 -0.0823822021484375
0.00311470031738282 -0.0350914001464844 -0.0056304931640625 -0.0749130249023438
0.00262832641601563 -0.0337352752685547 -0.0251960754394531 -0.0491065979003906
0.00136184692382813 -0.0343132019042969 -0.0336074829101562 -0.0310592651367188
0.0100231170654297 -0.0343418121337891 -0.0379142761230469 -0.0231704711914063
0.0204277038574219 -0.0234661102294922 -0.0459022521972656 -0.00812149047851564
0.0195236206054688 -0.0110797882080078 -0.0457267761230469 -0.005126953125
0.0156326293945313 -0.00565624237060547 -0.056976318359375 -0.00221633911132814
0.0266399383544922 -0.00742340087890625 -0.0760345458984375 0.014678955078125
0.0334796905517578 0.00364303588867188 -0.083221435546875 0.0258407592773438
0.069610595703125 0.0338630676269531 -0.0266571044921875 -0.0556869506835938
0.0647315979003906 0.0169868469238281 0.0115985870361328 -0.0081491470336914
0.0520133972167969 0.00902557373046875 0.0472602844238281 0.000679016113281251
0.0531768798828125 -0.0064849853515625 0.0685958862304688 -0.0272064208984375
0.0439605712890625 -0.0239334106445312 0.0533905029296875 -0.0507888793945313
0.024993896484375 -0.0456581115722656 0.0230178833007813 -0.0716781616210938
0.003997802734375 -0.0545883178710938 -0.00436019897460938 -0.0585441589355469
0.00179672241210938 -0.0514373779296875 -0.0206851959228516 -0.0310249328613281
-0.00140380859375 -0.0553436279296875 -0.0299034118652344 -0.0131053924560547
0.00989151000976563 -0.05767822265625 -0.0383720397949219 -0.00772094726562501
0.0280036926269531 -0.0450477600097656 -0.0472908020019531 0.00433731079101561
0.0349102020263672 -0.0312576293945313 -0.0463943481445313 0.000595092773437505
0.0406570434570313 -0.013702392578125 -0.0541229248046875 0.00236892700195313
0.0562019348144531 -0.006195068359375 -0.0607948303222656 0.0171852111816406
0.0628890991210938 0.00857925415039063 -0.0627326965332031 0.0332183837890625
0.0879745483398438 0.0427474975585938 0.00307464599609376 -0.0435752868652344
0.0876617431640625 0.0262222290039063 0.0349102020263672 0.00350379943847656
0.0754241943359375 0.0103607177734375 0.0564651489257813 0.0068511962890625
0.0732955932617188 -0.0146484375 0.0690689086914063 -0.0197944641113281
0.0553512573242187 -0.0359535217285156 0.04949951171875 -0.039398193359375
0.0286102294921875 -0.0609512329101562 0.0186843872070313 -0.0539932250976563
0.00378036499023438 -0.065826416015625 -0.00201034545898437 -0.0357589721679688
0.00101089477539063 -0.0619888305664063 -0.014369010925293 -0.00817298889160157
-0.00448226928710938 -0.0679817199707031 -0.022064208984375 0.00922775268554687
0.007659912109375 -0.071868896484375 -0.0357780456542969 0.012786865234375
0.032012939453125 -0.060546875 -0.0454978942871094 0.0193672180175781
0.0454216003417969 -0.0468559265136719 -0.045196533203125 0.00841522216796875
0.0603752136230469 -0.0204238891601563 -0.0496482849121094 0.00488281250000001
0.0781707763671875 -0.00331878662109375 -0.0404930114746094 0.0169754028320313
0.0828399658203125 0.0144729614257812 -0.0347061157226562 0.0406990051269531
0.0917434692382812 0.0425872802734375 0.0336055755615235 -0.031524658203125
0.0968246459960938 0.0276031494140625 0.0576629638671875 0.0107040405273438
0.0864791870117188 0.007720947265625 0.0622978210449219 0.0105819702148438
0.0808792114257813 -0.0231246948242188 0.0661468505859375 -0.0106468200683594
0.0565452575683594 -0.0447883605957031 0.0429000854492187 -0.0234909057617188
0.0263900756835937 -0.0679473876953125 0.015533447265625 -0.0317649841308594
-0.000434875488281252 -0.0674705505371094 0.00224971771240234 -0.00947761535644532
-0.000400543212890624 -0.0621795654296875 -0.00571441650390625 0.0153379440307617
-0.00643920898437501 -0.0692825317382813 -0.0128707885742187 0.0320358276367187
0.00675964355468751 -0.07440185546875 -0.0302219390869141 0.0330848693847656
0.0339469909667969 -0.0645484924316406 -0.0412368774414063 0.0339736938476562
0.0516395568847656 -0.0533676147460937 -0.0430221557617188 0.0157737731933594
0.072021484375 -0.0204238891601563 -0.0421409606933594 0.00579071044921874
0.0890350341796875 0.002899169921875 -0.0172090530395508 0.0142602920532227
0.0884933471679687 0.021484375 -0.00382232666015624 0.0496025085449219
0.08038330078125 0.036285400390625 0.0609474182128906 -0.0226821899414062
0.0910873413085938 0.0239334106445313 0.0774688720703125 0.0117874145507813
0.0820388793945313 0.0025482177734375 0.0639381408691406 0.0101814270019531
0.0737228393554688 -0.0267257690429688 0.0591621398925781 -0.000946044921875001
0.0477981567382812 -0.0469131469726562 0.0363273620605469 -0.00827026367187501
0.0165824890136719 -0.0637130737304688 0.0142374038696289 -0.00747108459472657
-0.003692626953125 -0.057586669921875 0.00818443298339844 0.0156106948852539
-0.00189208984375 -0.052947998046875 0.0035247802734375 0.0375099182128906
-0.00603866577148437 -0.0607833862304688 -0.00424575805664062 0.0523605346679687
0.00639724731445312 -0.0658798217773437 -0.0257568359375 0.0534858703613281
0.0335693359375 -0.0589103698730469 -0.0390739440917969 0.0472068786621094
0.05230712890625 -0.0477943420410156 -0.0409812927246094 0.0216636657714844
0.0733108520507813 -0.0130844116210938 -0.0324668884277344 0.00606727600097656
0.0864028930664063 0.0117568969726563 0.00627136230468751 0.0143766403198242
0.080352783203125 0.0274734497070312 0.0262069702148437 0.0604133605957031
0.0566024780273438 0.0253486633300781 0.0815811157226563 -0.0204544067382813
0.0724258422851563 0.0172271728515625 0.0874404907226562 0.0067138671875
0.06463623046875 -0.00243759155273438 0.0616798400878906 0.00649642944335938
0.0537605285644531 -0.0255928039550781 0.0525932312011719 0.00481414794921875
0.03033447265625 -0.0396003723144531 0.0320224761962891 0.00675773620605468
0.0046234130859375 -0.0488433837890625 0.0158481597900391 0.0136919021606445
-0.00705337524414062 -0.0391159057617187 0.0169963836669922 0.0350875854492188
-0.00316047668457031 -0.0351123809814453 0.0132217407226562 0.0533638000488281
-0.00536727905273438 -0.0412673950195313 0.00104904174804688 0.0673370361328125
0.00516128540039063 -0.0476150512695313 -0.0252761840820312 0.0685844421386719
0.0285987854003906 -0.0429611206054688 -0.0403556823730469 0.0567092895507813
0.0452117919921875 -0.0344047546386719 -0.0400543212890625 0.0273590087890625
0.061370849609375 -0.00260543823242188 -0.0256481170654297 0.00713729858398437
0.0688247680664063 0.0181922912597656 0.0239715576171875 0.0184555053710937
0.0590896606445312 0.0289421081542969 0.0476303100585937 0.0732803344726562
0.0245685577392578 0.0137195587158203 0.0928192138671875 -0.0231475830078125
0.0429916381835938 0.0101127624511719 0.0904388427734375 -0.001617431640625
0.0373382568359375 -0.00542831420898438 0.056640625 0.00205230712890625
0.027618408203125 -0.0190982818603516 0.0452690124511719 0.0105934143066406
0.0109214782714844 -0.0251255035400391 0.0322246551513672 0.0147457122802734
-0.00713729858398438 -0.0243606567382812 0.0216827392578125 0.0260772705078125
-0.00726413726806641 -0.013005256652832 0.0248184204101562 0.045562744140625
-0.00403404235839844 -0.0115070343017578 0.020538330078125 0.0613288879394531
-0.00666618347167969 -0.0175914764404297 0.00414276123046876 0.0768890380859375
-0.000528335571289063 -0.0241985321044922 -0.026947021484375 0.077484130859375
0.0161552429199219 -0.0243816375732422 -0.0431289672851563 0.0619697570800781
0.0292434692382813 -0.01947021484375 -0.0431365966796875 0.0329132080078125
0.0398025512695313 0.00384140014648438 -0.0232906341552734 0.0108451843261719
0.0407447814941406 0.0179443359375 0.03204345703125 0.0248184204101563
0.0276622772216797 0.0228443145751953 0.0599822998046875 0.0835647583007812
0.00781965255737305 0.00687503814697266 -0.0622787475585938 -0.07281494140625
-0.00182867050170898 -0.00686168670654297 -0.0224933624267578 -0.0238800048828125
-0.010004997253418 0.00170326232910156 0.0303325653076172 -0.00644111633300781
-0.000215053558349609 0.00854730606079101 0.0602874755859375 -0.0348739624023438
0.00600242614746094 0.00329399108886719 0.0541305541992188 -0.0642738342285156
0.00650930404663086 -0.00281238555908203 0.0271987915039063 -0.0892486572265625
0.00292110443115234 -0.0131654739379883 -0.00756835937500001 -0.0856475830078125
0.00297451019287109 -0.0108127593994141 -0.027069091796875 -0.0604667663574219
0.00430774688720703 -0.00906467437744141 -0.0353355407714844 -0.0422592163085938
0.00853347778320313 -0.006866455078125 -0.0370864868164063 -0.0325584411621094
0.00830793380737305 0.00104475021362305 -0.0451736450195313 -0.0156211853027344
-0.000881195068359374 0.00949668884277344 -0.0476150512695312 -0.00942230224609375
-0.0131435394287109 -0.000338554382324216 -0.0615806579589844 -0.0101165771484375
-0.0062704086303711 -0.011021614074707 -0.08843994140625 0.00881958007812499
-0.000864267349243164 -0.0018240213394165 -0.0964736938476562 0.0225830078125
0.04437255859375 0.0227470397949219 -0.0491676330566406 -0.0685958862304688
0.0346717834472656 0.00474166870117188 -0.00784683227539062 -0.0185699462890625
0.0229396820068359 0.00539398193359375 0.039398193359375 -0.00365447998046875
0.0279808044433594 0.00046539306640625 0.0661964416503906 -0.0331649780273438
0.0263862609863281 -0.0112438201904297 0.0564193725585937 -0.060211181640625
0.0170230865478516 -0.0266780853271484 0.0261383056640625 -0.08465576171875
0.00323867797851563 -0.0378341674804687 -0.00636291503906251 -0.0769500732421875
0.00284957885742187 -0.0355987548828125 -0.0261688232421875 -0.0492744445800781
0.00147628784179687 -0.0370216369628906 -0.0357017517089844 -0.0306282043457031
0.0112457275390625 -0.0361175537109375 -0.0413169860839844 -0.0231208801269531
0.0220489501953125 -0.0243377685546875 -0.0494117736816406 -0.00820922851562499
0.0208587646484375 -0.0107364654541016 -0.0487518310546875 -0.00582504272460938
0.015955924987793 -0.00438213348388672 -0.0602684020996094 -0.00294876098632814
0.027008056640625 -0.00699043273925781 -0.079803466796875 0.0156936645507812
0.0346584320068359 0.00448989868164062 -0.0871124267578125 0.029632568359375
0.0728912353515625 0.0356063842773438 -0.0253410339355469 -0.0583915710449219
0.0677070617675781 0.0173835754394531 0.0135164260864258 -0.00732612609863281
0.0546646118164063 0.00963211059570313 0.0501899719238281 0.00196456909179688
0.0549964904785156 -0.00716781616210938 0.0711898803710938 -0.0275039672851563
0.0449295043945313 -0.0253067016601563 0.0559654235839844 -0.0522689819335937
0.0257072448730469 -0.0480461120605469 0.0239105224609375 -0.0732269287109375
0.00397491455078125 -0.0572357177734375 -0.0055389404296875 -0.0592193603515625
0.00207138061523438 -0.0540351867675781 -0.0221824645996094 -0.0299701690673828
-0.00191879272460937 -0.0585060119628906 -0.0318965911865234 -0.0116100311279297
0.00966262817382813 -0.0598640441894531 -0.0426979064941406 -0.00634765625000001
0.0293197631835937 -0.0470542907714844 -0.0513114929199219 0.00531005859374999
0.0368499755859375 -0.0322723388671875 -0.0497779846191406 0.000904083251953114
0.0420494079589844 -0.0132293701171875 -0.0571861267089844 0.00270462036132813
0.0578231811523438 -0.00566864013671875 -0.0638694763183594 0.0196914672851563
0.0654106140136719 0.00944137573242188 -0.0655517578125 0.0373191833496094
0.0918655395507813 0.0428848266601563 0.00442123413085938 -0.0450897216796875
0.0910263061523438 0.0250167846679688 0.0369453430175781 0.00528335571289063
0.0792388916015625 0.0103683471679688 0.059967041015625 0.00887298583984375
0.0755157470703125 -0.0155105590820313 0.0731964111328125 -0.019378662109375
0.0569953918457031 -0.0388298034667969 0.0517807006835938 -0.0400238037109375
0.0288314819335938 -0.0635871887207031 0.0192375183105469 -0.0550689697265625
0.00220489501953125 -0.0683441162109375 -0.00255584716796875 -0.0355682373046875
0.00059890747070313 -0.0643844604492188 -0.0148429870605469 -0.0067434310913086
-0.00561904907226562 -0.070220947265625 -0.0237255096435547 0.0107879638671875
0.0073089599609375 -0.07403564453125 -0.0387840270996094 0.0151481628417969
0.0321197509765625 -0.0632667541503906 -0.0493202209472656 0.0209541320800781
0.0471687316894531 -0.0490493774414063 -0.0489921569824219 0.00947570800781249
0.0628890991210937 -0.0210723876953125 -0.0524215698242187 0.00593948364257811
0.0804672241210938 -0.00408935546875 -0.0427284240722656 0.0189476013183594
0.085693359375 0.0144882202148438 -0.0371551513671875 0.0451278686523437
0.0946502685546875 0.0428085327148438 0.0353317260742188 -0.032958984375
0.100639343261719 0.0274429321289062 0.0611801147460938 0.0129547119140625
0.0903091430664063 0.00734710693359375 0.0662994384765625 0.0125236511230469
0.0831680297851563 -0.0245208740234375 0.0700454711914063 -0.0095367431640625
0.0582542419433594 -0.0470695495605469 0.0454139709472656 -0.0237998962402344
0.0255622863769531 -0.0691947937011719 0.0154933929443359 -0.0309524536132813
-0.000858306884765628 -0.0686988830566406 0.00206184387207031 -0.00867795944213868
-0.00173187255859376 -0.0643997192382813 -0.00493717193603515 0.0169830322265625
-0.00711822509765625 -0.0715255737304688 -0.0132637023925781 0.0342521667480469
0.00534057617187501 -0.0767364501953125 -0.0327491760253906 0.0371856689453125
0.0336837768554687 -0.0678634643554688 -0.0449180603027344 0.0367279052734375
0.052825927734375 -0.0562248229980469 -0.0459136962890625 0.0171890258789062
0.0743179321289062 -0.0213623046875 -0.0437660217285156 0.00625991821289062
0.0922698974609375 0.001983642578125 -0.0185737609863281 0.0166606903076172
0.09222412109375 0.020538330078125 -0.00457000732421874 0.0545539855957031
0.0834121704101563 0.0358123779296875 0.0642356872558594 -0.0249748229980469
0.0947647094726562 0.0232391357421875 0.0805511474609375 0.0132598876953125
0.0849761962890625 0.00251007080078125 0.0673637390136719 0.0125312805175781
0.0755615234375 -0.02923583984375 0.0634689331054688 -0.000686645507812502
0.04840087890625 -0.04833984375 0.0386123657226563 -0.00686264038085938
0.0158767700195313 -0.0653152465820313 0.0146160125732422 -0.00579357147216797
-0.00439453124999999 -0.0587577819824219 0.00930976867675781 0.0171241760253906
-0.00321197509765625 -0.0543136596679688 0.00470352172851563 0.03948974609375
-0.00773239135742187 -0.0613594055175781 -0.00455856323242188 0.0552139282226562
0.004791259765625 -0.067626953125 -0.0282440185546875 0.056182861328125
0.0332756042480469 -0.0609588623046875 -0.0418930053710938 0.0502471923828125
0.0534515380859375 -0.0505905151367188 -0.0438995361328125 0.0241470336914063
0.0753860473632813 -0.014404296875 -0.0346584320068359 0.00731468200683593
0.089324951171875 0.0106048583984375 0.00580120086669922 0.016291618347168
0.083587646484375 0.0264205932617188 0.0259895324707031 0.0655097961425781
0.0594024658203125 0.0244865417480469 0.0851287841796875 -0.0230026245117188
0.075164794921875 0.0150527954101562 0.0918960571289063 0.00787353515625
0.0675125122070313 -0.00308990478515625 0.0650672912597656 0.00826263427734375
0.055419921875 -0.0279884338378906 0.0552902221679688 0.00622940063476562
0.0303192138671875 -0.0417633056640625 0.0346012115478516 0.00693321228027343
0.00266647338867188 -0.0489120483398437 0.0179347991943359 0.0151309967041016
-0.00811386108398438 -0.0391349792480469 0.0181999206542969 0.036041259765625
-0.00444793701171875 -0.0356826782226563 0.0149154663085938 0.0554924011230469
-0.00650405883789062 -0.0423965454101563 0.0016937255859375 0.071014404296875
0.00310134887695313 -0.0483779907226563 -0.0265350341796875 0.0721054077148438
0.0278663635253906 -0.0451202392578125 -0.0423812866210938 0.0597152709960937
0.0455818176269531 -0.0368270874023438 -0.0425491333007813 0.0290451049804688
0.0637702941894531 -0.00293350219726563 -0.0271472930908203 0.00785446166992188
0.0710983276367187 0.0172576904296875 0.0235633850097656 0.0190048217773438
0.0609817504882813 0.0283584594726563 0.04913330078125 0.07733154296875
0.0251121520996094 0.0134716033935547 0.0968093872070312 -0.025604248046875
0.0445823669433594 0.00931167602539063 0.0944976806640625 -0.0017852783203125
0.039764404296875 -0.00564193725585938 0.0597801208496094 0.00325393676757812
0.0281295776367188 -0.0216808319091797 0.0488357543945313 0.0117416381835937
0.00988006591796875 -0.0268115997314453 0.0346851348876953 0.0159530639648438
-0.00903511047363281 -0.0238800048828125 0.0248641967773438 0.0273590087890625
-0.00855922698974609 -0.0126438140869141 0.0273323059082031 0.0461616516113281
-0.00480461120605469 -0.0111465454101563 0.0222663879394531 0.0629692077636719
-0.00717735290527344 -0.0163669586181641 0.0041046142578125 0.0791854858398438
-0.00233650207519531 -0.0240974426269531 -0.0278472900390625 0.080352783203125
0.0155792236328125 -0.0259971618652344 -0.0459938049316406 0.0647125244140625
0.0292911529541016 -0.0201339721679687 -0.0446624755859375 0.0336265563964844
0.0410919189453125 0.00345993041992188 -0.0246810913085937 0.0103759765625
0.0421218872070313 0.0167465209960938 0.0322036743164063 0.0257053375244141
0.0289192199707031 0.0222873687744141 0.0617752075195313 0.0871963500976563
0.00856113433837891 0.00721311569213867 -0.0670089721679688 -0.07427978515625
-0.0020442008972168 -0.00643348693847656 -0.0233020782470703 -0.0228500366210938
-0.00847053527832031 0.00311613082885742 0.0338554382324219 -0.00676727294921875
0.000233650207519531 0.00902843475341797 0.0615043640136719 -0.0378990173339844
0.00716686248779297 0.00249433517456055 0.0557708740234375 -0.0681686401367188
0.00840044021606445 -0.00404977798461914 0.0239486694335937 -0.0944900512695313
0.00252532958984375 -0.0151815414428711 -0.0126953125 -0.089447021484375
0.003448486328125 -0.013737678527832 -0.03045654296875 -0.0611381530761719
0.00520229339599609 -0.0116720199584961 -0.0396194458007813 -0.0416145324707031
0.0104093551635742 -0.00859355926513672 -0.0423812866210938 -0.0317955017089844
0.0100727081298828 0.00081634521484375 -0.049407958984375 -0.01513671875
0.00028705596923828 0.0111017227172852 -0.0517654418945313 -0.00955581665039063
-0.014190673828125 0.00195789337158203 -0.0666694641113281 -0.00931930541992187
-0.00869464874267578 -0.0100440979003906 -0.0925369262695313 0.013092041015625
-0.0011296272277832 -0.000558137893676758 -0.10125732421875 0.0294342041015625
0.0467567443847656 0.023101806640625 -0.052825927734375 -0.0705413818359375
0.0371475219726562 0.00394439697265625 -0.00744056701660156 -0.0182476043701172
0.0247364044189453 0.00528717041015625 0.0421676635742188 -0.0039520263671875
0.0291423797607422 -0.0007476806640625 0.0693168640136719 -0.0364265441894531
0.0274600982666016 -0.0141544342041016 0.0574951171875 -0.0647354125976563
0.0172767639160156 -0.02935791015625 0.0235824584960938 -0.0895919799804688
0.00211334228515625 -0.0403785705566406 -0.0109710693359375 -0.0787353515625
0.00151824951171875 -0.0386238098144531 -0.0289154052734375 -0.0482597351074219
0.000816345214843752 -0.0395965576171875 -0.0398521423339844 -0.0288200378417969
0.01141357421875 -0.0389213562011719 -0.0470809936523438 -0.0210914611816406
0.0236606597900391 -0.0270366668701172 -0.0532112121582031 -0.00576019287109375
0.0227336883544922 -0.0116081237792969 -0.05401611328125 -0.00461196899414062
0.016357421875 -0.00417900085449219 -0.0642662048339844 -0.001251220703125
0.0265274047851562 -0.00723075866699219 -0.0821685791015625 0.020355224609375
0.0365066528320313 0.00431442260742188 -0.0900955200195313 0.0372314453125
0.07867431640625 0.0349273681640625 -0.0278244018554687 -0.0604133605957031
0.0708236694335938 0.01483154296875 0.0148429870605469 -0.006378173828125
0.0583038330078125 0.00748825073242188 0.0544624328613281 0.00189590454101563
0.0577812194824219 -0.0102500915527344 0.0760574340820313 -0.030609130859375
0.0458335876464844 -0.0293426513671875 0.0572738647460938 -0.0571517944335938
0.0247573852539062 -0.0510101318359375 0.0212554931640625 -0.0765151977539063
0.00259780883789063 -0.0607032775878906 -0.00780868530273438 -0.060302734375
-9.91821289062539E-05 -0.0575523376464844 -0.0238380432128906 -0.0285396575927734
-0.0046234130859375 -0.0612640380859375 -0.0346755981445312 -0.00931739807128906
0.00722122192382813 -0.0629501342773438 -0.0465164184570313 -0.00299453735351564
0.0291938781738281 -0.0500411987304688 -0.0554771423339844 0.00815200805664061
0.0381927490234375 -0.0352630615234375 -0.0536537170410156 0.00228118896484374
0.0432929992675781 -0.0149879455566406 -0.0613174438476563 0.00418853759765625
0.0588188171386719 -0.00757980346679688 -0.06610107421875 0.0239639282226563
0.0675277709960938 0.0078887939453125 -0.0680274963378906 0.0445098876953125
0.0956802368164063 0.0410385131835938 0.00374603271484376 -0.0476188659667969
0.0960235595703125 0.0226287841796875 0.0396614074707031 0.00569534301757813
0.0839080810546875 0.00824737548828125 0.065185546875 0.0100173950195313
0.0782623291015625 -0.0205764770507812 0.0781402587890625 -0.0218276977539063
0.0578346252441406 -0.0436477661132813 0.0537185668945313 -0.0424842834472656
0.0269813537597656 -0.0675735473632813 0.0178947448730469 -0.058013916015625
0.000740051269531257 -0.0720672607421875 -0.00408363342285156 -0.0344352722167969
-0.00314712524414062 -0.0677833557128906 -0.015294075012207 -0.00539970397949219
-0.007965087890625 -0.073211669921875 -0.0250968933105469 0.0138988494873047
0.00342559814453124 -0.0769119262695313 -0.0417442321777344 0.019683837890625
0.0306320190429688 -0.0677604675292969 -0.0526771545410156 0.0250625610351563
0.0463638305664063 -0.0526275634765625 -0.053802490234375 0.0127754211425781
0.06439208984375 -0.02294921875 -0.0559806823730469 0.00859451293945313
0.0842056274414063 -0.0070648193359375 -0.0436668395996094 0.0225067138671875
0.0903778076171875 0.011566162109375 -0.0382881164550781 0.052947998046875
0.101287841796875 0.0403594970703125 0.0373573303222656 -0.0363311767578125
0.105644226074219 0.0237655639648437 0.0655860900878906 0.0129547119140625
0.0958328247070313 0.00424957275390625 0.0717620849609375 0.0132522583007813
0.0857696533203125 -0.0290145874023438 0.0740737915039062 -0.0102462768554688
0.0583305358886719 -0.0520858764648438 0.0480117797851563 -0.0249137878417969
0.0230331420898437 -0.0737991333007813 0.0159721374511719 -0.0311546325683594
-0.00391387939453125 -0.0710601806640625 0.00185298919677734 -0.00771331787109375
-0.00493621826171874 -0.06744384765625 -0.00460433959960937 0.0196590423583984
-0.010650634765625 -0.0735015869140625 -0.0139846801757813 0.0381278991699219
0.00141143798828125 -0.0801773071289063 -0.0350227355957031 0.0416259765625
0.0316848754882813 -0.0733566284179688 -0.0474967956542969 0.0412063598632812
0.0519180297851563 -0.0613899230957031 -0.0495414733886719 0.0202484130859375
0.0772857666015625 -0.0250167846679688 -0.0464820861816406 0.00910949707031249
0.0963973999023438 -0.0023345947265625 -0.0186042785644531 0.0188694000244141
0.0973281860351562 0.0172805786132812 -0.00349044799804687 0.0608444213867188
0.0889892578125 0.0343399047851563 0.0665931701660156 -0.0288887023925781
0.0993881225585938 0.0198898315429687 0.0853195190429688 0.0122604370117188
0.0900039672851563 -0.00054168701171875 0.0728530883789063 0.0124359130859375
0.0773162841796875 -0.0339508056640625 0.0683059692382813 -0.00150680541992188
0.0482177734375 -0.0526504516601563 0.0421600341796875 -0.00766372680664063
0.0132598876953125 -0.068115234375 0.0162897109985352 -0.00480937957763672
-0.00644302368164062 -0.0601272583007813 0.0111618041992188 0.0178298950195312
-0.00458908081054688 -0.0561904907226563 0.00696945190429687 0.0411109924316406
-0.0106010437011719 -0.0629539489746094 -0.002655029296875 0.0595893859863281
0.000850677490234371 -0.0693473815917969 -0.0287628173828125 0.0625114440917969
0.0308303833007813 -0.0643234252929688 -0.0432662963867188 0.0558891296386719
0.0524482727050781 -0.0552444458007813 -0.0461692810058594 0.0267829895019531
0.0773696899414063 -0.0177459716796875 -0.0374259948730469 0.00812149047851562
0.0940628051757813 0.00620269775390625 0.00611877441406251 0.0176258087158203
0.08831787109375 0.0224838256835938 0.0273590087890625 0.0702629089355469
0.0630073547363281 0.0220260620117187 0.0897903442382812 -0.0284194946289062
0.0782241821289063 0.0114059448242188 0.0957794189453125 0.00634002685546875
0.0689773559570312 -0.00579071044921875 0.0690956115722656 0.008514404296875
0.0560951232910156 -0.0325775146484375 0.0594291687011719 0.00673294067382812
0.0284614562988281 -0.0456466674804688 0.0388336181640625 0.00757980346679687
-3.43322753906219E-05 -0.050140380859375 0.018951416015625 0.0150890350341797
-0.0105323791503906 -0.0387001037597656 0.0215377807617188 0.0377120971679688
-0.00664901733398438 -0.0362434387207031 0.018280029296875 0.0561599731445312
-0.00994110107421875 -0.0414581298828125 0.00452423095703125 0.0741653442382812
-0.00173568725585938 -0.0494804382324219 -0.0249099731445312 0.0778121948242188
0.0246124267578125 -0.048309326171875 -0.0424346923828125 0.0658416748046875
0.0444259643554688 -0.0402603149414062 -0.0450401306152344 0.0326957702636719
0.0653800964355469 -0.00630950927734375 -0.0282096862792969 0.0094451904296875
0.0756378173828125 0.0137176513671875 0.0247421264648438 0.01953125
0.0647392272949219 0.0243072509765625 0.0525894165039063 0.0809402465820313
0.0261707305908203 0.0120735168457031 0.100067138671875 -0.0317535400390625
0.0466728210449219 0.00615310668945313 0.0987319946289063 -0.0040435791015625
0.0418586730957031 -0.00849533081054688 0.0632705688476562 0.00289154052734375
0.0283756256103516 -0.0249557495117187 0.0537185668945313 0.01165771484375
0.00761222839355469 -0.0285873413085937 0.03912353515625 0.0162620544433594
-0.0118007659912109 -0.0235767364501953 0.0285129547119141 0.0285358428955078
-0.00914096832275391 -0.0120153427124023 0.0310592651367187 0.0464019775390625
-0.00693893432617188 -0.0100135803222656 0.0260353088378906 0.0636062622070313
-0.008514404296875 -0.0156221389770508 0.00628662109375 0.0823593139648438
-0.00423622131347656 -0.0226802825927734 -0.0260848999023438 0.085479736328125
0.0127162933349609 -0.0269546508789063 -0.0457878112792969 0.0700187683105469
0.0286731719970703 -0.0228080749511719 -0.0458297729492187 0.0364913940429688
0.043212890625 0.0021514892578125 -0.0262279510498047 0.0121822357177734
0.0445022583007813 0.0144920349121094 0.0331668853759766 0.0245094299316406
0.0304679870605469 0.0195598602294922 0.066131591796875 0.0909194946289063
0.00911426544189453 0.0108108520507813 -0.072021484375 -0.0744400024414063
-0.00241279602050781 -0.00467586517333984 -0.0239639282226563 -0.0205821990966797
-0.00882816314697266 0.00484466552734375 0.0352058410644531 -0.008056640625
-0.000226974487304686 0.00968456268310547 0.0621376037597656 -0.0433311462402344
0.00983047485351563 0.0012054443359375 0.0527267456054687 -0.0735702514648438
0.00880146026611328 -0.00712871551513672 0.0173873901367187 -0.0982208251953125
0.000202178955078123 -0.01873779296875 -0.0179443359375 -0.08782958984375
0.00122833251953125 -0.0158824920654297 -0.0349960327148437 -0.059844970703125
0.00535964965820312 -0.01470947265625 -0.045135498046875 -0.0383224487304688
0.0113162994384766 -0.00817775726318359 -0.0461273193359375 -0.02911376953125
0.0109682083129883 -0.00115013122558594 -0.0553550720214844 -0.0122528076171875
0.00245094299316406 0.0118169784545898 -0.0553627014160156 -0.00687789916992188
-0.0139236450195312 0.00519180297851563 -0.0706558227539063 -0.00707244873046876
-0.00899887084960938 -0.00797557830810547 -0.0958023071289062 0.01873779296875
-0.000276148319244385 0.000972092151641846 -0.101303100585938 0.0379638671875
0.0493850708007813 0.0220909118652344 -0.0576896667480469 -0.0696563720703125
0.03900146484375 0.00019073486328125 -0.00681209564208984 -0.0156974792480469
0.0280971527099609 0.00442695617675781 0.0452728271484375 -0.00432968139648438
0.0299701690673828 -0.00393295288085938 0.0700531005859375 -0.0418586730957031
0.0272426605224609 -0.0158748626708984 0.0541191101074219 -0.0690841674804688
0.0163459777832031 -0.0333042144775391 0.0177841186523438 -0.0910186767578125
-0.000305175781249998 -0.0425987243652344 -0.0157852172851562 -0.0794754028320313
-0.00117874145507813 -0.0408058166503906 -0.0338630676269531 -0.0463104248046875
-0.000240325927734373 -0.0419158935546875 -0.0431709289550781 -0.0238456726074219
0.0100555419921875 -0.0401840209960938 -0.0507888793945312 -0.0173377990722656
0.0232524871826172 -0.0283699035644531 -0.0585479736328125 -0.00462722778320312
0.0250625610351563 -0.0121612548828125 -0.0583343505859375 -0.0033111572265625
0.0165061950683594 -0.00432395935058594 -0.0670547485351563 0.00198745727539061
0.0259761810302734 -0.00781059265136719 -0.0838241577148438 0.0263442993164062
0.0374755859375 0.00313568115234375 -0.0898666381835938 0.04608154296875
0.0836105346679688 0.0305938720703125 -0.0301628112792969 -0.0609321594238281
0.0739288330078125 0.010833740234375 0.0169305801391602 -0.00502777099609375
0.0605430603027344 0.00191879272460937 0.0581436157226563 -0.00100326538085937
0.0589027404785156 -0.0126724243164063 0.0763320922851563 -0.0355377197265625
0.0447769165039063 -0.0330734252929688 0.0556716918945313 -0.0586776733398438
0.0219383239746094 -0.0549278259277344 0.0183181762695313 -0.0786514282226563
-0.002227783203125 -0.0629005432128906 -0.0115928649902344 -0.0588188171386719
-0.00394058227539063 -0.0598869323730469 -0.0258407592773438 -0.025299072265625
-0.00724411010742187 -0.0635910034179688 -0.0364646911621094 -0.00484848022460937
0.0035858154296875 -0.0669097900390625 -0.0510902404785156 0.0010528564453125
0.0276107788085938 -0.0537071228027344 -0.0590057373046875 0.013214111328125
0.0382499694824219 -0.0385169982910156 -0.0574226379394531 0.00655364990234375
0.044097900390625 -0.0145759582519531 -0.0626106262207031 0.00934982299804687
0.0593185424804688 -0.0116424560546875 -0.0675277709960938 0.0301628112792969
0.070343017578125 0.00417327880859375 -0.0683021545410156 0.0540695190429687
0.10260009765625 0.0358428955078125 0.00195693969726563 -0.0506858825683594
0.0996627807617187 0.0178070068359375 0.0443000793457031 0.0063323974609375
0.08709716796875 0.00164031982421875 0.0701980590820313 0.00885009765625
0.0786972045898438 -0.0254135131835938 0.0820846557617187 -0.0250930786132812
0.0567550659179688 -0.0479087829589844 0.053466796875 -0.0455284118652344
0.022247314453125 -0.0715484619140625 0.0161323547363281 -0.0562362670898438
-0.0050048828125 -0.0743179321289063 -0.0046844482421875 -0.0348339080810547
-0.00798416137695313 -0.0688056945800781 -0.0126991271972656 -0.00173282623291016
-0.0134658813476563 -0.0733718872070313 -0.0254878997802734 0.0205364227294922
-0.00194549560546875 -0.0783920288085938 -0.0451850891113281 0.024932861328125
0.0284194946289063 -0.0698738098144531 -0.0540847778320313 0.0312042236328125
0.0448989868164063 -0.058074951171875 -0.056610107421875 0.0163764953613281
0.0656356811523438 -0.0289382934570313 -0.0562629699707031 0.0121040344238281
0.08453369140625 -0.0130691528320313 -0.0454902648925781 0.0281410217285156
0.0935745239257813 0.0067596435546875 -0.0377998352050781 0.0592765808105469
0.105400085449219 0.0336761474609375 0.0358695983886719 -0.0377388000488281
0.107650756835937 0.016326904296875 0.0689697265625 0.0129890441894531
0.0963211059570313 -0.00177764892578125 0.0748062133789063 0.0133743286132813
0.0858535766601563 -0.0354461669921875 0.0761260986328125 -0.014556884765625
0.0566596984863281 -0.0566825866699219 0.0501480102539063 -0.0287322998046875
0.0176315307617188 -0.0771484375 0.0163669586181641 -0.0287208557128906
-0.008453369140625 -0.0722503662109375 0.000734329223632812 -0.0070490837097168
-0.0078887939453125 -0.0698509216308594 -0.000934600830078126 0.0209560394287109
-0.01446533203125 -0.0731964111328125 -0.0122756958007813 0.0424728393554687
-0.00548553466796874 -0.0804214477539062 -0.0340232849121094 0.0449333190917969
0.0277938842773438 -0.0760498046875 -0.0470008850097656 0.0481796264648437
0.0487251281738281 -0.0648002624511719 -0.0522804260253906 0.0242691040039063
0.0775909423828125 -0.0304107666015625 -0.0479812622070312 0.0133590698242188
0.096923828125 -0.0101318359375 -0.0185356140136719 0.0213794708251953
0.100357055664063 0.0108871459960938 -0.00119781494140625 0.0635604858398438
0.0904083251953125 0.0271682739257813 0.067626953125 -0.0323410034179688
0.100570678710938 0.0115585327148438 0.0880661010742187 0.0101547241210937
0.0914535522460937 -0.006072998046875 0.077850341796875 0.0113372802734375
0.0745620727539063 -0.0405120849609375 0.0714340209960937 -0.00478363037109375
0.04541015625 -0.0567512512207031 0.0434074401855469 -0.00866317749023438
0.00748062133789063 -0.0700950622558594 0.017852783203125 -0.00491905212402344
-0.0110816955566406 -0.0607528686523438 0.0135116577148438 0.0181121826171875
-0.00905227661132813 -0.0554962158203125 0.0117111206054687 0.0428848266601563
-0.0161361694335938 -0.0624656677246094 -0.000400543212890625 0.0618858337402344
-0.00661468505859375 -0.0704803466796875 -0.0275001525878906 0.0670127868652344
0.024658203125 -0.0678939819335937 -0.0426292419433594 0.0602378845214844
0.0497894287109375 -0.0589370727539063 -0.0489540100097656 0.0316200256347656
0.0781173706054687 -0.0233306884765625 -0.0396652221679687 0.0118675231933594
0.0957489013671875 -0.00348663330078125 0.00685882568359375 0.019744873046875
0.0920867919921875 0.0154800415039062 0.0327224731445313 0.0737838745117188
0.0643348693847656 0.0170326232910156 0.0911407470703125 -0.0345916748046875
0.0779495239257812 0.0055084228515625 0.0995864868164063 0.000335693359375
0.07171630859375 -0.0109100341796875 0.07177734375 0.00811004638671875
0.0529441833496094 -0.0361289978027344 0.0645942687988281 0.00222396850585937
0.0251579284667969 -0.04779052734375 0.0414466857910156 0.0062255859375
-0.0042572021484375 -0.0483283996582031 0.0212249755859375 0.01776123046875
-0.0147666931152344 -0.0360221862792969 0.0246315002441406 0.0370597839355469
-0.0107345581054688 -0.0335445404052734 0.0197601318359375 0.0558013916015625
-0.0141067504882813 -0.0418319702148438 0.00739288330078125 0.0759048461914063
-0.006256103515625 -0.0489921569824219 -0.021087646484375 0.0815353393554688
0.0201644897460937 -0.0504226684570312 -0.040740966796875 0.0705795288085938
0.0411300659179688 -0.0438919067382813 -0.0442619323730469 0.0390815734863281
0.0663604736328125 -0.0123481750488281 -0.0308799743652344 0.0105571746826172
0.0762710571289063 0.00673675537109375 0.0246562957763672 0.0184402465820312
0.0665397644042969 0.0187301635742188 0.059051513671875 0.0841522216796875
0.0291156768798828 0.00912284851074219 0.101318359375 -0.0397109985351563
0.0461082458496094 0.00286865234375 0.101730346679687 -0.0115280151367187
0.0400962829589844 -0.0135574340820312 0.0683174133300781 0.000331878662109374
0.0258846282958984 -0.0274219512939453 0.057373046875 0.0100212097167969
0.0037994384765625 -0.0297508239746094 0.0426177978515625 0.0143280029296875
-0.0149345397949219 -0.0208339691162109 0.0340614318847656 0.0271148681640625
-0.0123586654663086 -0.0102596282958984 0.035675048828125 0.0444755554199219
-0.00732803344726563 -0.00848531723022461 0.0293197631835937 0.0617866516113281
-0.0108652114868164 -0.0124940872192383 0.012603759765625 0.0829620361328125
-0.00712203979492188 -0.0225181579589844 -0.0226974487304687 0.0911407470703125
0.0107631683349609 -0.0271091461181641 -0.0410232543945313 0.0740203857421875
0.0272388458251953 -0.0256309509277344 -0.0472831726074219 0.0410537719726563
0.042449951171875 -0.00230789184570313 -0.0289993286132812 0.0126628875732422
0.0447731018066406 0.0114021301269531 0.0346221923828125 0.0250072479248047
0.0314788818359375 0.0164375305175781 0.0724334716796875 0.0919952392578125
0.0116968154907227 0.011805534362793 -0.0740890502929688 -0.07080078125
-0.00175714492797852 -0.00506210327148438 -0.0239372253417969 -0.0197830200195312
-0.0065159797668457 0.00536394119262695 0.0357398986816406 -0.0101509094238281
0.0033411979675293 0.00760936737060547 0.05999755859375 -0.0470619201660156
0.00907707214355469 0.000454902648925781 0.0476913452148438 -0.0774459838867188
0.00803756713867188 -0.00961399078369141 0.0128021240234375 -0.0988082885742187
-0.000669479370117189 -0.0200042724609375 -0.0229949951171875 -0.0872039794921875
0.00185394287109375 -0.0176372528076172 -0.03778076171875 -0.0555381774902344
0.00459480285644531 -0.0163393020629883 -0.0475502014160156 -0.0333938598632812
0.0116891860961914 -0.0127649307250977 -0.0504722595214844 -0.0255508422851562
0.0134201049804688 -0.00180625915527344 -0.05682373046875 -0.00846099853515625
0.00586986541748047 0.0122480392456055 -0.0578994750976563 -0.00485229492187501
-0.0131816864013672 0.00677585601806641 -0.0720443725585937 -0.00406646728515625
-0.0113449096679688 -0.00533103942871093 -0.0931015014648438 0.023345947265625
-0.000315427780151367 0.00424575805664063 -0.0982284545898438 0.0452194213867187
0.0526008605957031 0.0200958251953125 -0.0585098266601563 -0.066680908203125
0.0392875671386719 9.1552734375E-05 -0.00624942779541015 -0.0137948989868164
0.0278053283691406 0.00268745422363281 0.0464820861816406 -0.00662612915039063
0.0308189392089844 -0.00646781921386719 0.0682792663574219 -0.0447845458984375
0.0269699096679688 -0.018951416015625 0.0516586303710937 -0.0720901489257813
0.0143032073974609 -0.03485107421875 0.0131683349609375 -0.0916671752929688
-0.00383758544921875 -0.0446434020996094 -0.0200729370117188 -0.0760116577148438
-0.00394058227539063 -0.0427436828613281 -0.0342636108398438 -0.042724609375
-0.00238800048828125 -0.0443305969238281 -0.0451583862304688 -0.0191879272460938
0.00798797607421875 -0.042755126953125 -0.0533790588378906 -0.0116043090820313
0.0227108001708984 -0.0302276611328125 -0.0606727600097656 0.00233459472656249
0.0251979827880859 -0.0133533477783203 -0.0592536926269531 0.000709533691406255
0.0169658660888672 -0.00250434875488281 -0.0678024291992188 0.00561523437500001
0.0252304077148437 -0.00665473937988281 -0.0816268920898437 0.0317916870117188
0.0374031066894531 0.00373077392578125 -0.0867843627929687 0.05426025390625
0.0842971801757813 0.0271148681640625 -0.0324249267578125 -0.0586051940917969
0.0736312866210938 0.0053863525390625 0.0185890197753906 -0.00578689575195313
0.0611610412597656 0.00149154663085938 0.0605430603027344 -0.00235366821289063
0.0591354370117187 -0.0183143615722656 0.0767822265625 -0.0388107299804688
0.0440177917480469 -0.0367355346679688 0.053863525390625 -0.0630264282226563
0.0199470520019531 -0.0565338134765625 0.0136260986328125 -0.077728271484375
-0.00717163085937501 -0.0637741088867188 -0.01446533203125 -0.0574417114257813
-0.00891876220703125 -0.0603713989257812 -0.0265693664550781 -0.0231342315673828
-0.0117874145507813 -0.0629196166992188 -0.0370941162109375 0.000507354736328125
0.00140380859375 -0.0658226013183594 -0.0516777038574219 0.00817871093749999
0.0239448547363281 -0.0551567077636719 -0.0602149963378906 0.0189170837402344
0.0362091064453125 -0.0393943786621094 -0.0591392517089844 0.0107078552246094
0.0426254272460938 -0.0168113708496094 -0.0629920959472656 0.0121917724609375
0.0578346252441406 -0.0128707885742188 -0.0642738342285156 0.0342864990234375
0.0695724487304688 0.00160980224609375 -0.0637779235839844 0.060943603515625
0.10443115234375 0.0306320190429688 0.000812530517578134 -0.0490989685058594
0.0986099243164063 0.009185791015625 0.0451507568359375 0.0042877197265625
0.0865936279296875 -0.00250244140625 0.0728759765625 0.0052337646484375
0.077423095703125 -0.032623291015625 0.0813140869140625 -0.029327392578125
0.0529441833496094 -0.051513671875 0.0511512756347656 -0.0474319458007813
0.0186080932617188 -0.0715103149414063 0.0129737854003906 -0.0552482604980469
-0.0101547241210937 -0.0730743408203125 -0.00764846801757813 -0.0319061279296875
-0.0119972229003906 -0.0691184997558594 -0.0127801895141602 0.000247955322265621
-0.0168991088867188 -0.073272705078125 -0.0243701934814453 0.0231838226318359
-0.00701141357421876 -0.0790939331054688 -0.0435523986816406 0.0303878784179688
0.0225296020507812 -0.0724105834960938 -0.0549392700195313 0.0365333557128906
0.0416755676269531 -0.059906005859375 -0.0568962097167969 0.0196113586425781
0.0627098083496094 -0.0302276611328125 -0.0566749572753906 0.0158424377441406
0.082244873046875 -0.017333984375 -0.042724609375 0.0320663452148438
0.0911941528320313 0.00113677978515625 -0.0330543518066406 0.0649833679199219
0.105819702148438 0.0282135009765625 0.0354118347167969 -0.04107666015625
0.106758117675781 0.00879669189453125 0.071197509765625 0.0089874267578125
0.0979537963867188 -0.006622314453125 0.07861328125 0.00998687744140625
0.0820388793945312 -0.040771484375 0.0802459716796875 -0.018310546875
0.052154541015625 -0.0610008239746094 0.0491752624511719 -0.0288467407226563
0.0140609741210937 -0.0754241943359375 0.0137767791748047 -0.0291118621826172
-0.0134201049804688 -0.0708160400390625 0.00378656387329101 -0.00617504119873047
-0.0136566162109375 -0.0669097900390625 -0.000606536865234378 0.0235481262207031
-0.02099609375 -0.0708847045898438 -0.00955963134765625 0.0451278686523437
-0.0102691650390625 -0.0790863037109375 -0.0329513549804687 0.0520896911621094
0.021209716796875 -0.0773696899414063 -0.0465888977050781 0.0522232055664063
0.0434799194335938 -0.0689697265625 -0.0522499084472656 0.028472900390625
0.07513427734375 -0.0354232788085938 -0.0479393005371094 0.0156669616699219
0.0947113037109375 -0.0168533325195312 -0.0169239044189453 0.0243110656738281
0.09967041015625 0.00421905517578125 0.00294113159179689 0.0687713623046875
0.0921249389648438 0.0201263427734375 0.0656318664550781 -0.0380973815917969
0.0994873046875 0.004608154296875 0.0911026000976563 0.004913330078125
0.091278076171875 -0.0118408203125 0.0798263549804688 0.009552001953125
0.07257080078125 -0.04473876953125 0.073333740234375 -0.0066070556640625
0.0398178100585938 -0.0604896545410156 0.0448455810546875 -0.01123046875
0.00303649902343749 -0.0674781799316406 0.0181770324707031 -0.00412559509277344
-0.0154380798339844 -0.0578727722167969 0.0146522521972656 0.0183811187744141
-0.0133781433105469 -0.0536460876464844 0.0137214660644531 0.0421257019042969
-0.0192489624023438 -0.0589370727539062 0.00374221801757813 0.0636253356933594
-0.0109519958496094 -0.0664405822753906 -0.0229339599609375 0.0705490112304688
0.0191879272460937 -0.0694541931152344 -0.04046630859375 0.0651397705078125
0.0435829162597656 -0.0632247924804688 -0.0469512939453125 0.0358810424804688
0.0755386352539063 -0.0294723510742188 -0.0375709533691406 0.0146026611328125
0.0933456420898437 -0.00807952880859375 0.00774192810058594 0.0192527770996094
0.089752197265625 0.00931549072265625 0.0368576049804688 0.0730819702148438
0.0648918151855469 0.0117950439453125 0.0880966186523437 -0.0410842895507812
0.0776214599609375 -0.00026702880859375 0.0991744995117187 -0.00360107421875
0.0698013305664063 -0.0160560607910156 0.07452392578125 0.00439453125
0.0515594482421875 -0.0410346984863281 0.0653533935546875 0.00182342529296875
0.0212211608886719 -0.0497360229492188 0.0428924560546875 0.00494766235351562
-0.0098876953125 -0.0470466613769531 0.0258350372314453 0.0159664154052734
-0.0142765045166016 -0.0350456237792969 0.0273628234863281 0.0346202850341797
-0.0109367370605469 -0.0332469940185547 0.0250244140625 0.0561790466308594
-0.0157508850097656 -0.0369453430175781 0.0124664306640625 0.0771560668945313
-0.00948715209960938 -0.0451164245605469 -0.0180892944335938 0.08392333984375
0.0159912109375 -0.0507278442382812 -0.0375137329101563 0.0729598999023437
0.0374641418457031 -0.0472526550292969 -0.0442733764648438 0.0405349731445313
0.0639076232910156 -0.0165824890136719 -0.0304183959960937 0.0131893157958984
0.0748748779296875 0.00115966796875 0.0259552001953125 0.0184764862060547
0.0653495788574219 0.013641357421875 0.062347412109375 0.0808258056640625
0.0284442901611328 0.00452804565429688 0.0973052978515625 -0.0477981567382813
0.0464591979980469 -0.00313186645507813 0.099395751953125 -0.0164108276367188
0.04022216796875 -0.0155067443847656 0.0675849914550781 -0.000652313232421876
0.0233383178710938 -0.0300617218017578 0.0599136352539062 0.00729751586914062
0.000165939331054689 -0.0301246643066406 0.0463485717773438 0.0120201110839844
-0.0186824798583984 -0.0182991027832031 0.0354461669921875 0.0256996154785156
-0.0125017166137695 -0.00663948059082031 0.0388031005859375 0.0407295227050781
-0.00754785537719726 -0.00634527206420898 0.0337142944335938 0.0594520568847656
-0.0101528167724609 -0.00930881500244141 0.0155410766601563 0.0834884643554688
-0.00870895385742188 -0.0182895660400391 -0.0181961059570312 0.0911407470703125
0.00634765625 -0.0273818969726563 -0.0391616821289062 0.0779800415039063
0.0239028930664063 -0.0263137817382813 -0.044708251953125 0.0448265075683594
0.0410308837890625 -0.0058441162109375 -0.0284214019775391 0.0137996673583984
0.0435714721679688 0.00486373901367188 0.0341987609863281 0.0207366943359375
0.0310802459716797 0.0125083923339844 0.0756759643554688 0.08758544921875
0.0138959884643555 0.0130863189697266 -0.073333740234375 -0.0683212280273438
0.000228404998779297 -0.00338935852050781 -0.0217227935791016 -0.0171833038330078
-0.00484657287597656 0.00464105606079101 0.0366249084472656 -0.0105247497558594
0.00426006317138672 0.00682163238525391 0.0586051940917969 -0.04791259765625
0.00945568084716797 -0.00134849548339844 0.0445098876953125 -0.0774459838867188
0.00833988189697266 -0.0117025375366211 0.00911712646484376 -0.0977401733398438
-0.00114059448242187 -0.0219593048095703 -0.0248947143554687 -0.0846633911132813
0.000228881835937499 -0.0208797454833984 -0.0381698608398437 -0.0525588989257813
0.0051422119140625 -0.0197391510009766 -0.047821044921875 -0.0291900634765625
0.0124530792236328 -0.0147981643676758 -0.0518989562988281 -0.0210800170898437
0.0148372650146484 -0.00328350067138672 -0.0573921203613281 -0.00561523437500001
0.00796699523925781 0.0122718811035156 -0.058746337890625 -0.00322723388671874
-0.0124530792236328 0.00957965850830078 -0.07293701171875 -0.00274658203125001
-0.0111789703369141 -0.00214958190917969 -0.09002685546875 0.0251617431640625
0.000399112701416016 0.00628280639648438 -0.0939712524414063 0.0496749877929687
0.0533256530761719 0.0198707580566406 -0.0582351684570313 -0.063690185546875
0.0392189025878906 -0.000835418701171875 -0.00417232513427734 -0.0131921768188477
0.0286159515380859 0.00137710571289063 0.0478973388671875 -0.00782394409179688
0.0310192108154297 -0.00749969482421875 0.0671920776367187 -0.0460853576660156
0.0261135101318359 -0.0206832885742188 0.0482254028320313 -0.0723342895507813
0.013275146484375 -0.0368156433105469 0.0105209350585938 -0.0893478393554687
-0.00598526000976563 -0.0460014343261719 -0.0216903686523437 -0.0727157592773437
-0.00649642944335938 -0.043609619140625 -0.0343513488769531 -0.0389213562011719
-0.0044403076171875 -0.0453453063964844 -0.0446624755859375 -0.01458740234375
0.00709533691406251 -0.0440940856933594 -0.054840087890625 -0.00753784179687499
0.0225639343261719 -0.0312862396240234 -0.0610733032226563 0.00551223754882813
0.0253658294677734 -0.0132427215576172 -0.0599441528320313 0.00357437133789062
0.0172863006591797 -0.000481605529785156 -0.0681190490722656 0.00667572021484374
0.0242938995361328 -0.00536155700683594 -0.0780792236328125 0.0343246459960938
0.0371170043945312 0.00383758544921875 -0.0823593139648438 0.0589752197265625
0.0846481323242188 0.0254440307617188 -0.0320701599121094 -0.0562210083007812
0.0726318359375 0.00298309326171875 0.0205783843994141 -0.00458335876464844
0.0614852905273438 -0.000926971435546875 0.0621719360351563 -0.0020751953125
0.0555686950683594 -0.0216560363769531 0.0756072998046875 -0.0400238037109375
0.0411033630371094 -0.0381546020507812 0.0509185791015625 -0.0622215270996094
0.0169258117675781 -0.0577316284179688 0.0116043090820313 -0.0734786987304687
-0.00930023193359375 -0.0628623962402344 -0.0145301818847656 -0.0540390014648438
-0.0117073059082031 -0.0600547790527344 -0.0255012512207031 -0.01947021484375
-0.0129547119140625 -0.0631942749023438 -0.03619384765625 0.0054473876953125
-0.001068115234375 -0.0654106140136719 -0.0511322021484375 0.0128746032714844
0.0233078002929687 -0.0559921264648438 -0.0600662231445312 0.0228424072265625
0.0358505249023438 -0.0396881103515625 -0.0602874755859375 0.0133247375488281
0.0423469543457031 -0.0157814025878906 -0.0630836486816406 0.0140533447265625
0.055206298828125 -0.0118637084960937 -0.0616569519042969 0.0373077392578125
0.0672492980957031 0.00049591064453125 -0.0597801208496094 0.064910888671875
0.103034973144531 0.0260772705078125 0.00078201293945313 -0.0476646423339844
0.0958709716796875 0.00504302978515625 0.0472640991210938 0.00479507446289062
0.0860061645507813 -0.00531768798828125 0.0741119384765625 0.00501251220703125
0.0741043090820313 -0.0344696044921875 0.080596923828125 -0.0304107666015625
0.0494918823242188 -0.053192138671875 0.0516281127929688 -0.0472221374511719
0.0158920288085937 -0.0710372924804687 0.0126953125 -0.0523872375488281
-0.0122909545898438 -0.071380615234375 -0.00632095336914063 -0.0289554595947266
-0.0154647827148438 -0.0669746398925781 -0.0128183364868164 0.00279903411865234
-0.0203018188476562 -0.0714111328125 -0.0229587554931641 0.0268440246582031
-0.00937652587890626 -0.0763626098632812 -0.0424232482910156 0.0350608825683594
0.0201263427734375 -0.0722427368164063 -0.0537452697753906 0.040740966796875
0.0390090942382813 -0.0596542358398438 -0.0572929382324219 0.0239105224609375
0.0611190795898437 -0.0308456420898437 -0.0563011169433594 0.01849365234375
0.0794525146484375 -0.0194931030273438 -0.0400466918945313 0.0343513488769531
0.0888290405273437 -0.00177001953125 -0.029266357421875 0.0692520141601562
0.104293823242188 0.0227432250976563 0.0347099304199219 -0.0420761108398438
0.103179931640625 0.00336456298828125 0.07177734375 0.0080718994140625
0.09521484375 -0.0104293823242187 0.081268310546875 0.00933074951171875
0.07879638671875 -0.0437469482421875 0.0800247192382813 -0.0182952880859375
0.0474967956542969 -0.0614433288574219 0.0488662719726563 -0.0287322998046875
0.0100173950195313 -0.073822021484375 0.0151252746582031 -0.0270462036132813
-0.0152359008789063 -0.0685272216796875 0.00441169738769531 -0.00409984588623047
-0.016326904296875 -0.0638771057128906 0.00137901306152344 0.0241127014160156
-0.0228271484375 -0.0678215026855469 -0.00797653198242188 0.0475387573242187
-0.0142135620117188 -0.0757522583007813 -0.0309028625488281 0.0550689697265625
0.01678466796875 -0.0766143798828125 -0.0452041625976562 0.055633544921875
0.0397071838378906 -0.0682716369628906 -0.0513343811035156 0.0321235656738281
0.071014404296875 -0.03631591796875 -0.0474090576171875 0.0179672241210938
0.0919876098632812 -0.019378662109375 -0.0160751342773437 0.0269222259521484
0.0959396362304688 0.00019073486328125 0.00531768798828125 0.0711517333984375
0.0900650024414063 0.015533447265625 0.0637054443359375 -0.0391654968261719
0.0950775146484375 0.000152587890625 0.089752197265625 0.004486083984375
0.088714599609375 -0.0153274536132813 0.0818099975585937 0.0084228515625
0.0687828063964844 -0.0466194152832031 0.0744705200195313 -0.0082550048828125
0.0357742309570313 -0.06072998046875 0.045684814453125 -0.0111465454101563
9.53674316406245E-05 -0.0642738342285156 0.0203838348388672 -0.00213623046875
-0.0175895690917969 -0.0540771484375 0.0164451599121094 0.0176544189453125
-0.0161552429199219 -0.0509567260742188 0.0160408020019531 0.0418128967285156
-0.0205459594726563 -0.05413818359375 0.00580215454101563 0.064666748046875
-0.0138320922851563 -0.0631790161132813 -0.0206985473632813 0.0728683471679688
0.0148506164550781 -0.0671882629394531 -0.0382347106933594 0.0681343078613281
0.0386619567871094 -0.06317138671875 -0.0466995239257813 0.0384788513183594
0.0721054077148438 -0.0318374633789063 -0.03759765625 0.0163383483886719
0.0901412963867188 -0.01275634765625 0.00734329223632813 0.0199985504150391
0.0873260498046875 0.00458526611328125 0.0380859375 0.0752182006835937
0.0623970031738281 0.00768280029296875 0.0835342407226563 -0.043212890625
0.0739288330078125 -0.0044708251953125 0.0982284545898437 -0.005462646484375
0.0682640075683594 -0.0190963745117188 0.0764236450195313 0.0043487548828125
0.046844482421875 -0.043182373046875 0.0675086975097656 0.000453948974609372
0.0170974731445313 -0.0494384765625 0.0446853637695313 0.00324630737304687
-0.0111083984375 -0.0429039001464844 0.0281581878662109 0.0154914855957031
-0.0175590515136719 -0.0319766998291016 0.0292434692382813 0.0329723358154297
-0.0135326385498047 -0.0295314788818359 0.0270233154296875 0.0527114868164062
-0.0159339904785156 -0.0332489013671875 0.0140151977539063 0.0765228271484375
-0.0117149353027344 -0.0413284301757812 -0.0156707763671875 0.0841598510742187
0.0115280151367187 -0.0486183166503906 -0.0355300903320313 0.0752105712890625
0.0327873229980469 -0.0475616455078125 -0.0431594848632813 0.042755126953125
0.061798095703125 -0.0192298889160156 -0.030029296875 0.0144596099853516
0.0713577270507813 -0.002838134765625 0.0257072448730469 0.0181617736816406
0.06414794921875 0.00887680053710937 0.0626907348632813 0.0796661376953125
0.0264606475830078 0.00186347961425781 0.0931320190429688 -0.0521392822265625
0.0436668395996094 -0.00656890869140625 0.0972518920898438 -0.0176467895507813
0.0383186340332031 -0.0187873840332031 0.0685043334960938 -0.00118637084960938
0.019500732421875 -0.0316677093505859 0.0615921020507813 0.0060882568359375
-0.00384330749511719 -0.0291824340820313 0.0470657348632813 0.00962066650390625
-0.0193862915039062 -0.0140628814697266 0.0383567810058594 0.0229339599609375
-0.0130100250244141 -0.00372886657714843 0.0402755737304688 0.0368080139160156
-0.007720947265625 -0.00421857833862305 0.0347900390625 0.0554237365722656
-0.010188102722168 -0.00668048858642578 0.0181121826171875 0.0816192626953125
-0.0111207962036133 -0.0151882171630859 -0.0146560668945313 0.0900039672851562
0.00298881530761719 -0.0253829956054688 -0.0365829467773438 0.0790023803710938
0.0200138092041016 -0.0270099639892578 -0.0436935424804688 0.04547119140625
0.0385055541992188 -0.00796127319335938 -0.0283603668212891 0.0151710510253906
0.0407257080078125 0.0025482177734375 0.0326900482177734 0.0194263458251953
0.0294227600097656 0.00907325744628906 0.0767288208007813 0.084747314453125
0.0163278579711914 0.0148553848266602 -0.0716171264648438 -0.068450927734375
0.00238919258117676 -0.00266408920288086 -0.019561767578125 -0.0166072845458984
-0.00217151641845703 0.00520801544189453 0.0384178161621094 -0.010833740234375
0.00643253326416016 0.00544834136962891 0.0590400695800781 -0.0481719970703125
0.0102987289428711 -0.00284385681152344 0.0436248779296875 -0.0771713256835938
0.00844764709472656 -0.0145254135131836 0.00802612304687501 -0.0967941284179688
-0.00296592712402344 -0.0242767333984375 -0.0257186889648438 -0.0827865600585938
-0.001556396484375 -0.0228710174560547 -0.0376548767089844 -0.0504302978515625
0.00438880920410156 -0.023101806640625 -0.0471916198730469 -0.0261878967285156
0.0131473541259766 -0.0179176330566406 -0.0524864196777344 -0.0185928344726562
0.0170955657958984 -0.00393486022949219 -0.0592536926269531 -0.003662109375
0.0103111267089844 0.0117130279541016 -0.06024169921875 -0.00249481201171876
-0.0111837387084961 0.0119218826293945 -0.07403564453125 -0.00309753417968749
-0.0108118057250977 0.00145721435546875 -0.08856201171875 0.0251846313476562
0.00166797637939453 0.00886726379394531 -0.0917434692382813 0.0519332885742188
0.0548248291015625 0.0210456848144531 -0.0553474426269531 -0.0636558532714844
0.0394172668457031 -0.000934600830078125 -0.00133228302001953 -0.0122213363647461
0.0303554534912109 0.00134086608886719 0.0504913330078125 -0.00760269165039063
0.0322456359863281 -0.00855255126953125 0.0678367614746094 -0.0461349487304688
0.0264682769775391 -0.0223293304443359 0.0480804443359375 -0.07110595703125
0.0128517150878906 -0.0385665893554688 0.0103836059570313 -0.087249755859375
-0.00661849975585938 -0.0471000671386719 -0.0209808349609375 -0.0704727172851562
-0.00713348388671875 -0.0452461242675781 -0.0332298278808594 -0.0363616943359375
-0.0048065185546875 -0.047515869140625 -0.0441055297851563 -0.0113525390625
0.00821685791015625 -0.0454673767089844 -0.0556221008300781 -0.00450134277343751
0.0243034362792969 -0.0318622589111328 -0.0622978210449219 0.00793838500976563
0.0277500152587891 -0.0132942199707031 -0.061553955078125 0.00448226928710938
0.0181674957275391 0.00154876708984375 -0.0690383911132813 0.00651931762695313
0.0238037109375 -0.0023651123046875 -0.0767745971679688 0.0346755981445312
0.0370941162109375 0.00669097900390625 -0.079437255859375 0.0614852905273438
0.0849227905273438 0.0252685546875 -0.0300407409667969 -0.0559043884277344
0.0723419189453125 0.0022430419921875 0.0233936309814453 -0.00347328186035156
0.0622901916503906 -0.00217437744140625 0.0651741027832031 -0.00143814086914063
0.0559272766113281 -0.0223846435546875 0.07684326171875 -0.0390472412109375
0.0404319763183594 -0.0399398803710937 0.0516242980957031 -0.0605964660644531
0.0162506103515625 -0.0583534240722656 0.0123138427734375 -0.071746826171875
-0.0103416442871094 -0.0633544921875 -0.0133590698242188 -0.0515174865722656
-0.0124969482421875 -0.0602951049804688 -0.0239677429199219 -0.0170669555664063
-0.0141181945800781 -0.0641593933105469 -0.0348167419433594 0.00984764099121093
-0.00100708007812501 -0.0662727355957031 -0.0517082214355469 0.0167999267578125
0.0238990783691406 -0.0559425354003906 -0.0608940124511719 0.0258979797363281
0.0366477966308594 -0.0396842956542969 -0.0618324279785156 0.0151023864746094
0.0425910949707031 -0.0138740539550781 -0.0634841918945313 0.0147819519042969
0.0548820495605469 -0.0105056762695313 -0.0601425170898438 0.0387954711914062
0.0667991638183594 0.00115203857421875 -0.0569000244140625 0.0685157775878907
0.101905822753906 0.0254669189453125 0.00234985351562501 -0.0471343994140625
0.0941696166992188 0.00412750244140625 0.050262451171875 0.00605392456054688
0.085906982421875 -0.0065155029296875 0.0768203735351562 0.00670623779296875
0.07269287109375 -0.0352783203125 0.0820770263671875 -0.0290145874023438
0.0483818054199219 -0.05426025390625 0.0520057678222656 -0.0462417602539062
0.0148849487304687 -0.0705947875976563 0.0138740539550781 -0.0492591857910156
-0.0130081176757813 -0.0709609985351563 -0.00520515441894531 -0.0272903442382813
-0.0161933898925781 -0.0663299560546875 -0.0109825134277344 0.00478458404541015
-0.0205764770507813 -0.07037353515625 -0.0217475891113281 0.0305690765380859
-0.00972747802734374 -0.0754928588867187 -0.0426254272460937 0.0389404296875
0.0187911987304688 -0.0710220336914063 -0.0542793273925781 0.0440177917480469
0.0386581420898438 -0.0595169067382813 -0.0583724975585937 0.0260162353515625
0.0602951049804688 -0.0298423767089844 -0.0565185546875 0.0189933776855469
0.0772552490234375 -0.01776123046875 -0.0383796691894531 0.0355873107910156
0.0863113403320313 -0.00150299072265625 -0.02728271484375 0.0726776123046875
0.102493286132812 0.020660400390625 0.0350379943847656 -0.0411529541015625
0.10040283203125 0.00201416015625 0.0735397338867188 0.009613037109375
0.0947647094726563 -0.0110015869140625 0.0839462280273438 0.010894775390625
0.0767974853515625 -0.0438232421875 0.0821990966796875 -0.017608642578125
0.0455245971679688 -0.0615272521972656 0.0501899719238281 -0.0275154113769531
0.009368896484375 -0.0721435546875 0.0172042846679687 -0.02459716796875
-0.0163383483886719 -0.0666923522949219 0.0061182975769043 -0.00197839736938477
-0.0176582336425781 -0.0619316101074219 0.00296592712402344 0.0254898071289063
-0.023162841796875 -0.0656280517578125 -0.00674057006835938 0.0509605407714844
-0.0147018432617188 -0.0731201171875 -0.0308151245117187 0.058990478515625
0.0154571533203125 -0.0742111206054688 -0.0454673767089844 0.0586280822753906
0.0380477905273438 -0.0676918029785156 -0.0525703430175781 0.0345344543457031
0.0702781677246094 -0.03643798828125 -0.0472602844238281 0.0189247131347656
0.0890960693359375 -0.0202865600585938 -0.0149040222167969 0.0282707214355469
0.0931320190429688 -0.00078582763671875 0.0072479248046875 0.0749435424804688
0.0878677368164063 0.0133285522460938 0.0622177124023438 -0.0389366149902344
0.0918121337890625 -0.002197265625 0.0903472900390625 0.00621795654296875
0.0876617431640625 -0.0161514282226563 0.0839385986328125 0.0102691650390625
0.0663337707519531 -0.0469017028808594 0.077423095703125 -0.00707244873046875
0.032989501953125 -0.0588302612304688 0.048004150390625 -0.0103836059570313
-0.000785827636718743 -0.0615501403808594 0.0227527618408203 -0.00131988525390625
-0.0178184509277344 -0.0519294738769531 0.0175991058349609 0.0190639495849609
-0.0161323547363281 -0.0482025146484375 0.0165786743164062 0.0425643920898438
-0.02069091796875 -0.0519981384277344 0.00697708129882813 0.0673141479492188
-0.0148696899414063 -0.0593757629394531 -0.0204544067382813 0.075042724609375
0.0125732421875 -0.0650520324707031 -0.0379180908203125 0.0699996948242187
0.0365257263183594 -0.0628471374511719 -0.0472145080566406 0.0402641296386719
0.0693206787109375 -0.03204345703125 -0.0380210876464844 0.0170440673828125
0.0865325927734375 -0.01446533203125 0.00801086425781251 0.0213623046875
0.0848159790039063 0.0024566650390625 0.0387344360351563 0.0776443481445313
0.0605850219726563 0.00510406494140625 0.0812225341796875 -0.0434188842773438
0.0709381103515625 -0.0074310302734375 0.097869873046875 -0.00457763671875
0.0666885375976563 -0.0201530456542969 0.0786819458007813 0.00518035888671875
0.0442352294921875 -0.0432510375976562 0.0694808959960938 0.00105667114257812
0.0139274597167969 -0.0471420288085938 0.0476150512695313 0.00215911865234375
-0.0122337341308594 -0.0400810241699219 0.0303077697753906 0.0154647827148437
-0.0177135467529297 -0.0279197692871094 0.0301284790039062 0.0319633483886719
-0.0132675170898438 -0.0267772674560547 0.0278244018554688 0.0518569946289063
-0.0158710479736328 -0.0297813415527344 0.01556396484375 0.0773086547851563
-0.0123443603515625 -0.0381813049316406 -0.0147857666015625 0.085662841796875
0.00917434692382813 -0.0465164184570313 -0.0346450805664063 0.0769424438476563
0.0297889709472656 -0.0470237731933594 -0.043548583984375 0.0434341430664062
0.0581626892089844 -0.0205307006835937 -0.0309715270996094 0.0160236358642578
0.0680732727050781 -0.006011962890625 0.0246562957763672 0.0183963775634766
0.0617561340332031 0.00635147094726563 0.0627365112304688 0.0819854736328125
0.0253009796142578 -0.00070953369140625 0.08978271484375 -0.0521774291992188
0.0411300659179688 -0.00902938842773438 0.0963363647460938 -0.0174102783203125
0.0371246337890625 -0.021209716796875 0.0699729919433594 -8.77380371093763E-05
0.0165901184082031 -0.032012939453125 0.0636825561523438 0.0059967041015625
-0.00631904602050781 -0.0279121398925781 0.0489578247070313 0.0082550048828125
-0.0200157165527344 -0.0104446411132813 0.0399398803710938 0.0208091735839844
-0.012690544128418 -6.38961791992181E-05 0.040802001953125 0.0347747802734375
-0.00792121887207031 -0.00134420394897461 0.0340995788574219 0.0538139343261719
-0.009429931640625 -0.00340175628662109 0.0186004638671875 0.0813140869140625
-0.0110349655151367 -0.0113077163696289 -0.0151519775390625 0.090179443359375
0.000904083251953126 -0.0234298706054687 -0.0361557006835937 0.0794296264648438
0.0167198181152344 -0.0259227752685547 -0.0442543029785156 0.0456504821777344
0.0364799499511719 -0.008941650390625 -0.0297222137451172 0.0159759521484375
0.0375938415527344 -0.000255584716796875 0.0310001373291016 0.019622802734375
0.0273056030273438 0.00677490234375 0.0749969482421875 0.0849685668945313
0.0191230773925781 0.01763916015625 -0.0708389282226562 -0.07122802734375
0.00474119186401367 -0.00173377990722656 -0.0170135498046875 -0.0174074172973633
-0.000126361846923828 0.00484848022460938 0.0416374206542969 -0.0115890502929688
0.00899600982666016 0.00430011749267578 0.0610313415527344 -0.0493392944335938
0.0118417739868164 -0.00530433654785156 0.0451278686523438 -0.0781631469726563
0.00809860229492188 -0.0183868408203125 0.00817108154296875 -0.097198486328125
-0.00392913818359375 -0.0271568298339844 -0.0253829956054687 -0.0829391479492187
-0.00206756591796875 -0.0263614654541016 -0.0373153686523437 -0.0494880676269531
0.00411033630371093 -0.0276832580566406 -0.04730224609375 -0.0249824523925781
0.0146656036376953 -0.0211925506591797 -0.0546760559082031 -0.0167236328125
0.0201930999755859 -0.00598716735839844 -0.0620536804199219 -0.002655029296875
0.013697624206543 0.0114431381225586 -0.0634613037109375 -0.00271987915039063
-0.00867938995361328 0.0147953033447266 -0.0767669677734375 -0.00390625
-0.00963497161865234 0.00482463836669922 -0.0904159545898437 0.0241851806640625
0.00334548950195313 0.0119285583496094 -0.09039306640625 0.0541152954101563
0.0580062866210938 0.0232887268066406 -0.0546073913574219 -0.0655097961425781
0.041656494140625 -0.0004730224609375 0.0018310546875 -0.0119438171386719
0.0332794189453125 0.0008392333984375 0.0544815063476563 -0.00750350952148438
0.0333137512207031 -0.0100021362304687 0.07098388671875 -0.0466156005859375
0.0271110534667969 -0.0239601135253906 0.0498428344726562 -0.0714797973632813
0.0126609802246094 -0.0417709350585938 0.0115203857421875 -0.0863265991210937
-0.00838470458984375 -0.0498085021972656 -0.0200958251953125 -0.0692901611328125
-0.0086517333984375 -0.0476150512695313 -0.031707763671875 -0.0343208312988281
-0.00547027587890625 -0.0517158508300781 -0.0433769226074219 -0.00792312622070314
0.00918197631835938 -0.048797607421875 -0.0568618774414062 -0.000625610351562509
0.026641845703125 -0.0331153869628906 -0.0650634765625 0.0106468200683594
0.031005859375 -0.0130386352539062 -0.0647735595703125 0.00550079345703126
0.0202083587646484 0.00465774536132812 -0.0715866088867188 0.00653076171875001
0.0250797271728516 0.00106430053710938 -0.0770797729492187 0.0349044799804688
0.0382728576660156 0.00967788696289062 -0.0783538818359375 0.0651092529296875
0.0867767333984375 0.0266952514648438 -0.0273857116699219 -0.0568618774414063
0.0737457275390625 0.00234222412109375 0.0270023345947266 -0.00184249877929687
0.0645370483398438 -0.00253677368164063 0.0697669982910156 2.28881835937498E-05
0.0573654174804687 -0.0239028930664062 0.080780029296875 -0.0394973754882813
0.0411567687988281 -0.041259765625 0.0541305541992188 -0.0607833862304688
0.0162162780761719 -0.0607833862304688 0.0144195556640625 -0.0701484680175781
-0.0120201110839844 -0.0656585693359375 -0.0121269226074219 -0.049102783203125
-0.0133514404296875 -0.0625839233398437 -0.0222339630126953 -0.0147056579589844
-0.0145606994628906 -0.0663566589355469 -0.0344104766845703 0.013519287109375
-0.000133514404296877 -0.0680313110351563 -0.0528564453125 0.0208930969238281
0.0255813598632813 -0.0572967529296875 -0.063629150390625 0.0299148559570312
0.0387420654296875 -0.0397300720214844 -0.0643501281738281 0.0171737670898437
0.0447044372558594 -0.0119514465332031 -0.06591796875 0.0153617858886719
0.0555496215820313 -0.00764083862304688 -0.0596694946289063 0.0401954650878906
0.0674629211425781 0.00409698486328125 -0.055328369140625 0.0734710693359375
0.102432250976563 0.0257644653320313 0.00451660156250001 -0.0473251342773438
0.0942153930664063 0.00365447998046875 0.0539588928222656 0.00797271728515625
0.0878982543945312 -0.0072479248046875 0.082855224609375 0.00823211669921875
0.0733413696289063 -0.0361557006835938 0.0869140625 -0.0291976928710938
0.0480461120605469 -0.0552787780761719 0.0555229187011719 -0.0452346801757813
0.0149459838867187 -0.0720596313476563 0.0169029235839844 -0.0475921630859375
-0.0144195556640625 -0.0711593627929688 -0.002166748046875 -0.025634765625
-0.016693115234375 -0.0677146911621094 -0.00932121276855469 0.00724983215332031
-0.0211868286132812 -0.0716629028320313 -0.0200157165527344 0.0358161926269531
-0.0100784301757813 -0.0761337280273438 -0.0435333251953125 0.0439529418945312
0.0197677612304688 -0.0719146728515625 -0.0560379028320313 0.0486259460449219
0.0396461486816406 -0.0599937438964844 -0.0606422424316406 0.0291290283203125
0.0612754821777344 -0.0280342102050781 -0.0581436157226562 0.0206069946289063
0.0783309936523438 -0.0171585083007813 -0.0380020141601562 0.0372810363769531
0.0871047973632813 -6.866455078125E-05 -0.0249557495117187 0.0788192749023438
0.102912902832031 0.0207901000976563 0.036407470703125 -0.0404586791992188
0.0998992919921875 0.00202178955078125 0.0775909423828125 0.012481689453125
0.0958175659179688 -0.0119552612304688 0.0897064208984375 0.0133590698242188
0.0768814086914063 -0.04486083984375 0.0867538452148438 -0.0171051025390625
0.0451736450195313 -0.0613136291503906 0.054046630859375 -0.0276374816894531
0.009033203125 -0.0715179443359375 0.0206794738769531 -0.0225925445556641
-0.0168533325195313 -0.0659255981445313 0.00820875167846679 -0.000739574432373051
-0.0179672241210938 -0.0612411499023437 0.00457572937011718 0.0284786224365234
-0.0230903625488281 -0.0657539367675781 -0.00461959838867188 0.0557327270507812
-0.015167236328125 -0.0721893310546875 -0.0315742492675781 0.0642852783203125
0.0148162841796875 -0.0738677978515625 -0.0468292236328125 0.06390380859375
0.0378990173339844 -0.0679969787597656 -0.0550346374511719 0.0376052856445313
0.0701637268066406 -0.036346435546875 -0.0487327575683594 0.0211181640625
0.0890350341796875 -0.0197601318359375 -0.0142269134521484 0.0305213928222656
0.0930252075195313 -0.00055694580078125 0.00870513916015626 0.0806121826171875
0.0873794555664063 0.0122146606445313 0.0637283325195313 -0.0386466979980469
0.0906295776367188 -0.0031585693359375 0.09344482421875 0.00890350341796875
0.0883407592773438 -0.0170822143554688 0.0890884399414063 0.01300048828125
0.0659675598144531 -0.0471839904785156 0.0811691284179688 -0.00608062744140625
0.03143310546875 -0.05816650390625 0.0513038635253906 -0.0107154846191406
-0.00130844116210938 -0.0597686767578125 0.0260467529296875 -0.000568389892578129
-0.0181388854980469 -0.0497398376464844 0.0199775695800781 0.0199203491210937
-0.0163192749023438 -0.0462265014648438 0.0176734924316406 0.0445518493652344
-0.0205078125 -0.0496635437011719 0.008575439453125 0.07135009765625
-0.0155067443847656 -0.0574569702148437 -0.020599365234375 0.0802230834960938
0.010986328125 -0.0638885498046875 -0.039276123046875 0.0746994018554688
0.0346717834472656 -0.0627555847167969 -0.0488014221191406 0.0431480407714844
0.0694046020507813 -0.0328102111816406 -0.0390968322753906 0.0185432434082031
0.0856170654296875 -0.0158843994140625 0.00821876525878907 0.0234050750732422
0.0838546752929688 0.00173187255859375 0.0402908325195313 0.0835037231445313
0.0594902038574219 0.00262451171875 0.081390380859375 -0.0431594848632813
0.0689430236816406 -0.00837326049804688 0.100067138671875 -0.0023956298828125
0.0667915344238281 -0.0216827392578125 0.0828781127929688 0.00817108154296875
0.04302978515625 -0.0440711975097656 0.07373046875 0.00209808349609375
0.0111579895019531 -0.0465660095214844 0.0502662658691406 0.0023651123046875
-0.0128059387207031 -0.0370826721191406 0.0335350036621094 0.0150146484375
-0.0167026519775391 -0.0249977111816406 0.0313835144042969 0.0322761535644531
-0.0130062103271484 -0.0244560241699219 0.0289077758789063 0.053314208984375
-0.0155067443847656 -0.0264339447021484 0.0169906616210938 0.0802841186523438
-0.0131511688232422 -0.0346794128417969 -0.0158462524414062 0.0895462036132813
0.006805419921875 -0.0440025329589844 -0.0358963012695312 0.0805892944335938
0.0279731750488281 -0.04595947265625 -0.045013427734375 0.0465850830078125
0.0569267272949219 -0.0211524963378906 -0.0322399139404297 0.0166816711425781
0.0666389465332031 -0.00731277465820313 0.0248126983642578 0.0197505950927734
0.0597496032714844 0.0040740966796875 0.0642166137695313 0.086700439453125
0.0237007141113281 -0.00356483459472656 0.0897445678710938 -0.053192138671875
0.0395698547363281 -0.011199951171875 0.0972900390625 -0.015655517578125
0.0360870361328125 -0.0231552124023438 0.0739593505859375 0.0013275146484375
0.0136775970458984 -0.0331268310546875 0.0679588317871094 0.00620651245117187
-0.00953292846679688 -0.0266456604003906 0.0520210266113281 0.0074615478515625
-0.0205497741699219 -0.0061492919921875 0.042755126953125 0.0200767517089844
-0.0120868682861328 0.00318527221679687 0.0408668518066406 0.0336990356445313
-0.00714540481567383 0.00169086456298828 0.0346488952636719 0.054473876953125
-0.00876331329345703 0.000339984893798829 0.0194854736328125 0.0828475952148438
-0.0112085342407227 -0.00730228424072266 -0.0154190063476563 0.093292236328125
-0.000810623168945311 -0.0204067230224609 -0.0369949340820313 0.08135986328125
0.0147895812988281 -0.0257110595703125 -0.045745849609375 0.0483932495117187
0.0343780517578125 -0.0091094970703125 -0.0317306518554687 0.01629638671875
0.0351276397705078 -0.00143051147460937 0.0305213928222656 0.0203800201416016
0.025421142578125 0.00362777709960937 0.075775146484375 0.0897445678710938
0.0234699249267578 0.0211391448974609 -0.0729293823242188 -0.0750579833984375
0.00777578353881836 -0.00178670883178711 -0.0146503448486328 -0.0182380676269531
0.00306296348571777 0.00427961349487305 0.0461502075195313 -0.0130767822265625
0.0115890502929687 0.00234413146972656 0.0644493103027344 -0.0525054931640625
0.0130786895751953 -0.00816822052001953 0.0457229614257812 -0.0811843872070313
0.0076904296875 -0.022430419921875 0.0072021484375 -0.100425720214844
-0.00628089904785156 -0.0310554504394531 -0.0266494750976562 -0.0849380493164063
-0.00447654724121093 -0.0299148559570313 -0.0381050109863281 -0.0493507385253906
0.00259780883789062 -0.0324745178222656 -0.0480155944824219 -0.0222892761230469
0.0157871246337891 -0.0262317657470703 -0.0584335327148438 -0.0137977600097656
0.0235919952392578 -0.00862693786621094 -0.0664596557617188 0.000144958496093759
0.0182380676269531 0.0117092132568359 -0.0683174133300781 -0.00101089477539063
-0.00604629516601563 0.0184516906738281 -0.0822830200195313 -0.00309753417968751
-0.00768375396728515 0.0099172592163086 -0.0926284790039062 0.0253524780273437
0.00553989410400391 0.0166177749633789 -0.0907669067382813 0.0578994750976563
0.0623397827148437 0.0252609252929688 -0.0545120239257812 -0.0679359436035156
0.0452384948730469 -0.00084686279296875 0.00569438934326172 -0.0120515823364258
0.0366477966308594 -0.00095367431640625 0.0598106384277344 -0.00861358642578125
0.0357894897460938 -0.0126228332519531 0.0749282836914062 -0.0493240356445313
0.027984619140625 -0.0273876190185547 0.0520858764648438 -0.0737457275390625
0.0116233825683594 -0.0464401245117188 0.0117645263671875 -0.0883560180664063
-0.0112686157226562 -0.0539207458496094 -0.019775390625 -0.0698471069335938
-0.0116729736328125 -0.0511589050292969 -0.0317058563232422 -0.0332469940185547
-0.00773620605468749 -0.0562782287597656 -0.0435523986816406 -0.00424575805664063
0.00926589965820312 -0.0540122985839844 -0.0597267150878906 0.00397109985351563
0.0301246643066406 -0.03680419921875 -0.0687522888183594 0.0157089233398437
0.0348587036132813 -0.0149593353271484 -0.0688743591308594 0.00815200805664061
0.0239963531494141 0.00776290893554687 -0.0757369995117188 0.008270263671875
0.0274486541748047 0.00547599792480469 -0.0784683227539063 0.037353515625
0.0406379699707031 0.0130462646484375 -0.0772552490234375 0.0711669921875
0.091796875 0.02801513671875 -0.0265388488769531 -0.0584259033203125
0.0765762329101563 0.00170135498046875 0.0324974060058594 -0.00171852111816406
0.06805419921875 -0.0042572021484375 0.0767364501953125 -0.000732421875
0.0591468811035156 -0.026519775390625 0.0859909057617188 -0.0414199829101563
0.0414276123046875 -0.0445518493652344 0.0571632385253906 -0.0625267028808594
0.0149993896484375 -0.0647430419921875 0.0165519714355469 -0.0702781677246094
-0.0140724182128906 -0.0687179565429688 -0.0106735229492187 -0.0491409301757813
-0.0163078308105469 -0.0650863647460937 -0.0205173492431641 -0.0117435455322266
-0.0166702270507813 -0.0704879760742187 -0.0323867797851563 0.0188426971435547
-0.000961303710937498 -0.071929931640625 -0.0546760559082031 0.0278129577636719
0.0273246765136719 -0.060699462890625 -0.0661964416503906 0.0361785888671875
0.0421028137207031 -0.0416908264160156 -0.068145751953125 0.0215377807617187
0.0482940673828125 -0.0104446411132812 -0.0694999694824219 0.0180740356445313
0.057647705078125 -0.005157470703125 -0.0595359802246094 0.0428657531738281
0.0702743530273437 0.00673675537109375 -0.0529708862304687 0.0805282592773437
0.1068115234375 0.0260238647460938 0.00621032714843751 -0.0475273132324219
0.0967025756835938 0.0029144287109375 0.0608406066894531 0.00866317749023438
0.091888427734375 -0.0086517333984375 0.0912017822265625 0.00811004638671875
0.0753021240234375 -0.0388946533203125 0.09368896484375 -0.030792236328125
0.0474777221679688 -0.0577659606933594 0.0595436096191406 -0.0465278625488281
0.0142822265625 -0.0742111206054688 0.0204544067382813 -0.0476799011230469
-0.0161972045898437 -0.073272705078125 -7.24792480468772E-05 -0.0240821838378906
-0.0187950134277344 -0.0686874389648438 -0.00652599334716797 0.0109777450561523
-0.022735595703125 -0.073883056640625 -0.0171966552734375 0.0415840148925781
-0.0116119384765625 -0.0785446166992188 -0.0436363220214844 0.0516204833984375
0.0204315185546875 -0.074676513671875 -0.0581626892089844 0.0562019348144531
0.0415382385253906 -0.0623893737792969 -0.0642013549804688 0.0342330932617188
0.0642547607421875 -0.0285491943359375 -0.0612678527832031 0.0244178771972656
0.0800094604492188 -0.0166778564453125 -0.0367355346679687 0.0409698486328125
0.089324951171875 0.0007781982421875 -0.0215377807617188 0.0861282348632813
0.104736328125 0.0199813842773438 0.0393104553222656 -0.0413360595703125
0.100723266601563 0.00042724609375 0.0842056274414063 0.0141677856445313
0.0990066528320313 -0.0137481689453125 0.0985336303710938 0.0139923095703125
0.0777664184570313 -0.0465927124023438 0.0939407348632812 -0.0173568725585938
0.0445365905761719 -0.0628128051757813 0.0583839416503906 -0.0279159545898438
0.00865173339843749 -0.0725860595703125 0.0244693756103516 -0.0223007202148438
-0.0177993774414062 -0.0660133361816406 0.0113277435302734 0.000935554504394527
-0.0193099975585937 -0.0615119934082031 0.00815582275390625 0.031829833984375
-0.0248947143554687 -0.0660285949707031 -0.000915527343749996 0.0619621276855469
-0.0165634155273437 -0.0722122192382813 -0.0307159423828125 0.0720596313476563
0.01348876953125 -0.0753326416015625 -0.0473403930664063 0.0714569091796875
0.0374526977539062 -0.0702095031738281 -0.057403564453125 0.0434722900390625
0.0713653564453125 -0.0377655029296875 -0.0513839721679687 0.0247268676757813
0.0904159545898438 -0.0212478637695313 -0.0125274658203125 0.0343647003173828
0.0945892333984375 -0.00183868408203125 0.0123977661132813 0.0887527465820313
0.0878677368164063 0.00981903076171875 0.0658035278320313 -0.0387954711914063
0.0904464721679688 -0.0048675537109375 0.0995941162109375 0.0107421875
0.0899505615234375 -0.0192718505859375 0.0974197387695313 0.0137405395507813
0.0657806396484375 -0.0495719909667969 0.0883407592773437 -0.0062713623046875
0.0301933288574219 -0.0595054626464844 0.0558662414550781 -0.0110435485839844
-0.00169754028320313 -0.0587348937988281 0.0300483703613281 2.67028808593714E-05
-0.0181541442871094 -0.0478515625 0.0230293273925781 0.0213756561279297
-0.0174560546875 -0.0450859069824219 0.0210037231445312 0.0478935241699219
-0.0212326049804688 -0.0481185913085937 0.012725830078125 0.0769119262695312
-0.0162200927734375 -0.0554161071777344 -0.0191879272460937 0.0873336791992188
0.00936889648437499 -0.0631980895996094 -0.03857421875 0.082275390625
0.0330314636230469 -0.0637054443359375 -0.0501327514648437 0.0487632751464844
0.0691490173339844 -0.0346908569335937 -0.0410270690917969 0.0221405029296875
0.0850677490234375 -0.0180130004882813 0.0104904174804688 0.0262928009033203
0.0841064453125 -0.00060272216796875 0.0443115234375 0.0904922485351563
0.0589637756347656 0.000179290771484375 0.0830764770507813 -0.044647216796875
0.0679359436035156 -0.0116958618164063 0.104484558105469 -0.000595092773437501
0.0665779113769531 -0.0246353149414063 0.0897903442382813 0.00902557373046875
0.0409355163574219 -0.0451431274414063 0.0796661376953125 0.00189971923828125
0.00851058959960938 -0.0460929870605469 0.0543975830078125 0.00143051147460937
-0.012786865234375 -0.0331325531005859 0.0375823974609375 0.014312744140625
-0.016571044921875 -0.0217857360839844 0.0342941284179688 0.0321712493896484
-0.0124778747558594 -0.0211086273193359 0.0308799743652344 0.0557403564453125
-0.0142097473144531 -0.0237884521484375 0.0205307006835937 0.0848236083984375
-0.0135402679443359 -0.0311012268066406 -0.0139541625976562 0.0963287353515625
0.0048065185546875 -0.0423088073730469 -0.0356369018554688 0.0870361328125
0.0254020690917969 -0.0463294982910156 -0.0469512939453125 0.0508232116699219
0.0553550720214844 -0.02276611328125 -0.0346412658691406 0.0198192596435547
0.0651931762695313 -0.0095672607421875 0.0257625579833984 0.0216922760009766
0.059112548828125 0.00220489501953125 0.0680694580078125 0.0931167602539062
0.0226879119873047 -0.00649642944335938 0.0901260375976563 -0.0555877685546875
0.03729248046875 -0.0146408081054687 0.101173400878906 -0.0154571533203125
0.0350341796875 -0.0267772674560547 0.0795974731445312 0.00176239013671875
0.0103645324707031 -0.0340366363525391 0.0734786987304688 0.0062408447265625
-0.0132980346679687 -0.0243797302246094 0.0567741394042969 0.00572586059570312
-0.0211143493652344 -0.00203704833984375 0.0461387634277344 0.0178375244140625
-0.0104465484619141 0.00762557983398438 0.042327880859375 0.0326957702636719
-0.00574302673339844 0.00513315200805664 0.03662109375 0.0552558898925781
-0.00662899017333984 0.00470972061157227 0.0220108032226562 0.0869140625
-0.0107269287109375 -0.002685546875 -0.0149917602539063 0.0982131958007813
-0.00267791748046875 -0.0179290771484375 -0.037841796875 0.0871963500976563
0.0119705200195312 -0.0246219635009766 -0.04742431640625 0.0523681640625
0.0323944091796875 -0.00984382629394531 -0.0341911315917969 0.018341064453125
0.0324020385742188 -0.00345420837402344 0.0300655364990234 0.0207462310791016
0.0229415893554688 0.0008697509765625 0.0792617797851563 0.0952377319335938
0.0297794342041016 0.0235595703125 -0.0764999389648438 -0.0777130126953125
0.0122032165527344 -0.00144481658935547 -0.0130519866943359 -0.0193805694580078
0.00668525695800781 0.00297689437866211 0.0497665405273438 -0.0169677734375
0.013737678527832 -0.00115489959716797 0.065887451171875 -0.0586013793945313
0.0139093399047852 -0.0123004913330078 0.0446853637695313 -0.0858993530273438
0.00550270080566406 -0.0274085998535156 0.00386047363281251 -0.103370666503906
-0.0109481811523437 -0.0353775024414063 -0.030120849609375 -0.0854110717773437
-0.00888824462890625 -0.0342216491699219 -0.0397567749023438 -0.0472946166992188
-0.001190185546875 -0.0384597778320313 -0.0494422912597656 -0.018463134765625
0.01544189453125 -0.03204345703125 -0.0613021850585938 -0.00849151611328125
0.0268783569335937 -0.0131130218505859 -0.0703277587890625 0.00578308105468751
0.0232524871826172 0.00971221923828125 -0.072998046875 0.00243377685546875
-0.00144195556640625 0.0224456787109375 -0.0875167846679688 0.000106811523437489
-0.00444316864013672 0.0146083831787109 -0.0949249267578125 0.02838134765625
0.00936698913574219 0.0211009979248047 -0.0889663696289063 0.064422607421875
0.0694732666015625 0.0263404846191406 -0.0567169189453125 -0.0697288513183594
0.0497627258300781 -0.00244903564453125 0.0096273422241211 -0.0129795074462891
0.0403099060058594 -0.00392913818359375 0.0658226013183594 -0.012786865234375
0.0383644104003906 -0.0168571472167969 0.0781784057617188 -0.0547637939453125
0.0280590057373047 -0.0320529937744141 0.0528182983398438 -0.0781478881835937
0.00881195068359374 -0.0515060424804688 0.0109710693359375 -0.0903396606445313
-0.0163841247558594 -0.05731201171875 -0.0208244323730469 -0.0700645446777344
-0.016021728515625 -0.0549736022949219 -0.0313282012939453 -0.030792236328125
-0.0117378234863281 -0.0616950988769531 -0.0425910949707031 0.00159072875976562
0.00798797607421875 -0.0599021911621094 -0.06085205078125 0.0114822387695312
0.0325775146484375 -0.0420761108398438 -0.0716323852539063 0.0230636596679688
0.0399360656738281 -0.0174140930175781 -0.0730514526367188 0.0136566162109375
0.02899169921875 0.0104579925537109 -0.079742431640625 0.0121917724609375
0.0311908721923828 0.00918197631835938 -0.0789413452148437 0.0414505004882813
0.0449142456054688 0.0165557861328125 -0.0729904174804688 0.079071044921875
0.0971298217773438 0.02679443359375 -0.0268669128417969 -0.05999755859375
0.0803756713867188 -0.0008697509765625 0.0384368896484375 -0.00240707397460938
0.0719528198242188 -0.00824737548828125 0.0849227905273438 -0.00438690185546875
0.0605850219726563 -0.0310935974121094 0.0908355712890625 -0.0471725463867188
0.0403900146484375 -0.0486946105957031 0.0593032836914062 -0.0657386779785156
0.0120353698730469 -0.0692329406738281 0.0177001953125 -0.0717926025390625
-0.0188827514648437 -0.071258544921875 -0.00959396362304687 -0.0482864379882813
-0.0204887390136719 -0.0676841735839844 -0.0182685852050781 -0.0088043212890625
-0.021209716796875 -0.0743255615234375 -0.0290641784667969 0.0248050689697266
-0.00377655029296875 -0.0767669677734375 -0.0540542602539063 0.0366363525390625
0.0282936096191406 -0.0655097961425781 -0.0676383972167969 0.0454940795898437
0.0447769165039063 -0.0452690124511719 -0.071685791015625 0.02862548828125
0.0524482727050781 -0.00957870483398438 -0.0725021362304688 0.0232009887695312
0.0610008239746094 -0.00334548950195313 -0.0580253601074219 0.0478668212890625
0.0734405517578125 0.007659912109375 -0.0473556518554687 0.089599609375
0.111091613769531 0.0241165161132813 0.007965087890625 -0.0487861633300781
0.0990142822265625 -0.000335693359375 0.0676689147949219 0.00806045532226563
0.0947189331054688 -0.013458251953125 0.100349426269531 0.0055999755859375
0.0761032104492188 -0.0435791015625 0.0996246337890625 -0.0349578857421875
0.0459327697753906 -0.061492919921875 0.0629806518554688 -0.0496253967285156
0.0111846923828125 -0.07757568359375 0.0234794616699219 -0.04840087890625
-0.020233154296875 -0.0745849609375 0.00285720825195313 -0.0231056213378906
-0.0231399536132813 -0.0704193115234375 -0.00305843353271484 0.0142412185668945
-0.0271530151367187 -0.0761871337890625 -0.0116806030273438 0.0487136840820312
-0.0145263671875 -0.0802841186523438 -0.0410270690917969 0.061798095703125
0.0186233520507813 -0.0776290893554688 -0.0575485229492188 0.0662612915039063
0.04107666015625 -0.0656890869140625 -0.0659713745117188 0.0423965454101562
0.0664253234863281 -0.0300140380859375 -0.0629386901855469 0.0298233032226562
0.082244873046875 -0.0170059204101563 -0.0341949462890625 0.0457839965820313
0.091705322265625 -0.0004119873046875 -0.0145416259765625 0.0950469970703125
0.107627868652344 0.016937255859375 0.0410690307617188 -0.0421905517578125
0.101547241210938 -0.00241851806640625 0.0926284790039062 0.0135269165039062
0.101066589355469 -0.0182342529296875 0.108055114746094 0.0112991333007812
0.0777359008789063 -0.05084228515625 0.101219177246094 -0.0215377807617188
0.0419158935546875 -0.0651779174804688 0.0628890991210938 -0.0307502746582031
0.0063934326171875 -0.0746612548828125 0.0289020538330078 -0.0225696563720703
-0.020233154296875 -0.0657539367675781 0.0154085159301758 0.00162982940673828
-0.0219497680664063 -0.0608901977539063 0.0129127502441406 0.0347709655761719
-0.0274314880371094 -0.0657310485839844 0.00588607788085938 0.0685386657714844
-0.01910400390625 -0.071441650390625 -0.0263442993164063 0.0819244384765625
0.010833740234375 -0.0763702392578125 -0.0450897216796875 0.0812759399414062
0.0354690551757812 -0.0726470947265625 -0.0580482482910156 0.0517120361328125
0.071868896484375 -0.0401763916015625 -0.0522613525390625 0.0308494567871094
0.0904388427734375 -0.0243301391601563 -0.0091400146484375 0.0375747680664062
0.0959854125976563 -0.0045928955078125 0.0203781127929687 0.096954345703125
0.0877532958984375 0.00664520263671875 0.0674171447753906 -0.0410232543945313
0.08953857421875 -0.00823974609375 0.107307434082031 0.00980377197265625
0.0903854370117188 -0.023681640625 0.106338500976563 0.0119171142578125
0.0641059875488281 -0.051361083984375 0.0950088500976563 -0.009613037109375
0.0270195007324219 -0.0596351623535156 0.0608177185058594 -0.0133743286132813
-0.003265380859375 -0.0575523376464844 0.0351715087890625 -0.000892639160156254
-0.0183753967285156 -0.0458221435546875 0.0273113250732422 0.0213794708251953
-0.01776123046875 -0.0423431396484375 0.0263481140136719 0.0501785278320313
-0.0215034484863281 -0.0460548400878906 0.0193405151367188 0.0825958251953125
-0.0180244445800781 -0.05322265625 -0.0146255493164063 0.0967636108398438
0.00622940063476563 -0.0625419616699219 -0.035858154296875 0.09149169921875
0.029205322265625 -0.0650634765625 -0.0505027770996094 0.0565299987792969
0.0675544738769531 -0.037689208984375 -0.0419692993164062 0.02703857421875
0.0843353271484375 -0.0223541259765625 0.0129547119140625 0.0282573699951172
0.0834503173828125 -0.00449371337890625 0.0522613525390625 0.0978317260742188
0.0574455261230469 -0.00399017333984375 0.0839920043945313 -0.0473785400390625
0.0653152465820313 -0.0152740478515625 0.110542297363281 -0.00218963623046875
0.0648384094238281 -0.0297355651855469 0.0975265502929688 0.0070343017578125
0.0374984741210938 -0.0466232299804688 0.0867691040039063 -0.0010223388671875
0.00499725341796875 -0.0440406799316406 0.0594444274902344 -0.00179290771484375
-0.0136966705322266 -0.0298633575439453 0.0421867370605469 0.0128059387207031
-0.014979362487793 -0.0175571441650391 0.0379066467285156 0.0323715209960938
-0.0111865997314453 -0.0173683166503906 0.0359420776367188 0.0576248168945313
-0.0129776000976563 -0.0195655822753906 0.0268020629882813 0.0894622802734375
-0.0136871337890625 -0.0265865325927734 -0.00876617431640624 0.104042053222656
0.00225830078125 -0.0396156311035156 -0.0326080322265625 0.0952377319335938
0.0213508605957031 -0.0462722778320313 -0.0465812683105469 0.0573387145996094
0.0531349182128906 -0.0250320434570313 -0.0350360870361328 0.0243568420410156
0.0619239807128906 -0.0128364562988281 0.0276165008544922 0.02288818359375
0.0565834045410156 -0.00268936157226562 0.075408935546875 0.0986785888671875
0.0188999176025391 -0.0108890533447266 0.0889892578125 -0.0597152709960937
0.0342788696289063 -0.0184345245361328 0.104591369628906 -0.0174942016601563
0.0314655303955078 -0.0309410095214844 0.0859832763671875 0.000297546386718748
0.00584602355957032 -0.0342655181884766 0.079437255859375 0.00292205810546875
-0.0176792144775391 -0.0206298828125 0.0610923767089844 0.00133895874023437
-0.0205268859863281 0.00385665893554687 0.0499038696289062 0.0143928527832031
-0.00732898712158203 0.0135765075683594 0.0445976257324219 0.0306549072265625
-0.00266551971435547 0.0100440979003906 0.0392532348632813 0.0557479858398437
-0.00294399261474609 0.00939559936523438 0.0271682739257813 0.0892333984375
-0.00924968719482422 0.00244426727294922 -0.0108566284179687 0.105247497558594
-0.00494575500488281 -0.0135993957519531 -0.0352630615234375 0.0940933227539063
0.00858306884765625 -0.022918701171875 -0.0481681823730469 0.058563232421875
0.0295047760009766 -0.0106849670410156 -0.0364303588867188 0.0223007202148437
0.0281143188476562 -0.00588035583496094 0.03033447265625 0.0217266082763672
0.0189342498779297 -0.0018768310546875 0.085418701171875 0.0989456176757813
0.0378761291503906 0.0246200561523438 -0.0801162719726563 -0.0769882202148438
0.0161075592041016 -0.00301170349121094 -0.0110378265380859 -0.0212249755859375
0.00995731353759766 8.29696655273438E-05 0.0516395568847656 -0.0216293334960938
0.0161161422729492 -0.00529575347900391 0.0642890930175781 -0.0647010803222656
0.0131692886352539 -0.017054557800293 0.0410690307617187 -0.0891952514648438
0.000902175903320311 -0.0328159332275391 -0.00112152099609375 -0.104103088378906
-0.0174102783203125 -0.0380401611328125 -0.0338668823242188 -0.083709716796875
-0.0147972106933594 -0.0372848510742188 -0.0410614013671875 -0.0445098876953125
-0.00755691528320312 -0.0436935424804688 -0.0486488342285156 -0.0134353637695313
0.0125083923339844 -0.0388336181640625 -0.0618057250976562 -0.00122070312499999
0.0288314819335938 -0.0189228057861328 -0.0716094970703125 0.0134658813476562
0.0287742614746094 0.00604820251464844 -0.0763702392578125 0.00859069824218751
0.00526809692382812 0.0249919891357422 -0.0907363891601563 0.00480651855468748
0.00152969360351562 0.0197715759277344 -0.0948867797851562 0.032379150390625
0.0153388977050781 0.0251121520996094 -0.0829315185546875 0.0693740844726563
0.0751419067382813 0.025177001953125 -0.0577507019042969 -0.0690040588378906
0.0531005859375 -0.00603103637695313 0.013514518737793 -0.0154123306274414
0.0432510375976563 -0.0078125 0.0693511962890625 -0.0184135437011719
0.0384559631347656 -0.0220298767089844 0.0783538818359375 -0.0613632202148437
0.0260238647460938 -0.0371932983398438 0.0505218505859375 -0.0813369750976563
0.00326156616210937 -0.0560531616210937 0.00875091552734374 -0.0908660888671875
-0.0230903625488281 -0.0593719482421875 -0.0221290588378906 -0.0681800842285156
-0.02203369140625 -0.0567550659179688 -0.0296440124511719 -0.0275115966796875
-0.0190200805664062 -0.0655326843261719 -0.0389404296875 0.0070343017578125
0.00372314453124999 -0.0648155212402344 -0.0591773986816406 0.0203056335449219
0.0328483581542969 -0.0481948852539063 -0.0709915161132813 0.0321807861328125
0.0437393188476563 -0.0219345092773438 -0.0749969482421875 0.0212554931640625
0.0351390838623047 0.0115432739257813 -0.081756591796875 0.01824951171875
0.0361137390136719 0.0120429992675781 -0.07598876953125 0.0455398559570312
0.0490455627441406 0.0190658569335938 -0.0650787353515625 0.085235595703125
0.102302551269531 0.024017333984375 -0.0268402099609375 -0.0593605041503906
0.0820693969726562 -0.00562286376953125 0.044281005859375 -0.00468063354492188
0.0737686157226563 -0.013671875 0.0902328491210938 -0.01080322265625
0.0603294372558594 -0.0365333557128906 0.0933074951171875 -0.05291748046875
0.0378150939941406 -0.0532112121582031 0.0593833923339844 -0.0695610046386719
0.00653839111328126 -0.0726470947265625 0.0178680419921875 -0.0723037719726563
-0.0247650146484375 -0.0717315673828125 -0.00786209106445313 -0.0467872619628906
-0.0266227722167969 -0.068115234375 -0.0138778686523438 -0.00584220886230469
-0.0281143188476562 -0.07647705078125 -0.0228767395019531 0.0309429168701172
-0.007965087890625 -0.0799026489257813 -0.0496597290039063 0.04638671875
0.0268287658691406 -0.0699272155761719 -0.0642242431640625 0.0557632446289063
0.0458641052246094 -0.0492172241210937 -0.0713882446289063 0.0371627807617187
0.0560684204101563 -0.00995254516601563 -0.0727005004882813 0.0296096801757813
0.0640716552734375 -0.00250625610351563 -0.0537796020507813 0.0524024963378906
0.0765609741210938 0.0079803466796875 -0.0376739501953125 0.0958633422851563
0.113357543945313 0.0195693969726562 0.00930404663085938 -0.0489234924316406
0.0994491577148438 -0.00539398193359375 0.0750198364257813 0.004791259765625
0.0950469970703125 -0.0184097290039062 0.107208251953125 -0.0016021728515625
0.07379150390625 -0.048095703125 0.103485107421875 -0.04150390625
0.0425987243652344 -0.0641670227050781 0.0648269653320313 -0.053466796875
0.00685882568359375 -0.0792312622070313 0.0260162353515625 -0.0492286682128906
-0.0241165161132812 -0.0742416381835938 0.00653839111328125 -0.0218238830566406
-0.0273361206054688 -0.0688018798828125 0.00312900543212891 0.0167312622070312
-0.031951904296875 -0.075286865234375 -0.0032806396484375 0.0532913208007812
-0.0181045532226563 -0.0807647705078125 -0.0341949462890625 0.0706863403320313
0.0159149169921875 -0.0797653198242188 -0.051727294921875 0.07647705078125
0.0397567749023437 -0.0681991577148438 -0.0641365051269531 0.0514373779296875
0.067413330078125 -0.0311050415039063 -0.0620689392089844 0.0366859436035156
0.0831069946289063 -0.0188140869140625 -0.0294723510742188 0.0495414733886719
0.0921859741210938 -0.002227783203125 -0.00359344482421873 0.101303100585938
0.106857299804688 0.012054443359375 0.0424842834472656 -0.0432548522949219
0.0998077392578125 -0.00749969482421875 0.0992507934570313 0.00986480712890625
0.100410461425781 -0.023712158203125 0.116012573242188 0.00531768798828125
0.0750732421875 -0.0541152954101562 0.105484008789063 -0.0269546508789063
0.03790283203125 -0.0661697387695313 0.0658836364746094 -0.0341949462890625
0.003204345703125 -0.0733795166015625 0.0330638885498047 -0.0244884490966797
-0.0220565795898438 -0.0629386901855469 0.0198307037353516 0.00215530395507812
-0.0245361328125 -0.0579757690429688 0.0199699401855469 0.0364494323730469
-0.0293960571289063 -0.0631332397460938 0.0155792236328125 0.0724411010742188
-0.0221138000488281 -0.0697402954101562 -0.0180282592773438 0.09051513671875
0.007049560546875 -0.0758819580078125 -0.0384445190429688 0.0914688110351563
0.0312271118164062 -0.073577880859375 -0.0548095703125 0.0605621337890625
0.0694732666015625 -0.0426216125488281 -0.050994873046875 0.0370216369628906
0.0880966186523437 -0.0277023315429688 -0.00493240356445312 0.040252685546875
0.0946121215820313 -0.0077362060546875 0.0314407348632813 0.101829528808594
0.0854263305664063 0.00176239013671875 0.0679168701171875 -0.0428619384765625
0.0858306884765625 -0.01190185546875 0.112838745117188 0.00630950927734375
0.0876388549804688 -0.0284957885742187 0.113128662109375 0.00630950927734375
0.059722900390625 -0.0539512634277344 0.100845336914063 -0.0146560668945313
0.0228958129882812 -0.0577049255371094 0.0643272399902344 -0.0175704956054688
-0.00453567504882812 -0.0544815063476563 0.0392341613769531 -0.003143310546875
-0.0177001953125 -0.0420303344726563 0.0315876007080078 0.0212249755859375
-0.0175628662109375 -0.0387992858886719 0.0330696105957031 0.0503273010253906
-0.0212860107421875 -0.0423011779785156 0.0296173095703125 0.084747314453125
-0.0190467834472656 -0.0480842590332031 -0.00542449951171876 0.103767395019531
0.0024566650390625 -0.0594367980957031 -0.0288467407226562 0.0989761352539063
0.0245246887207031 -0.0639152526855469 -0.0470161437988281 0.0640907287597656
0.0633621215820313 -0.0391807556152344 -0.0409011840820312 0.0326957702636719
0.0790023803710938 -0.0257644653320313 0.0162391662597656 0.0299663543701172
0.0797042846679688 -0.00872802734375 0.0625762939453125 0.100547790527344
0.053314208984375 -0.008148193359375 0.0826873779296875 -0.0493698120117188
0.0611305236816406 -0.0183029174804688 0.114303588867187 -0.0048675537109375
0.0602912902832031 -0.0336761474609375 0.103584289550781 0.00222015380859375
0.0322303771972656 -0.0470314025878906 0.0919418334960938 -0.0059661865234375
0.000793457031249997 -0.0397300720214844 0.0629005432128906 -0.00644683837890625
-0.0134754180908203 -0.0250148773193359 0.0461006164550781 0.0084228515625
-0.0120506286621094 -0.0132236480712891 0.040985107421875 0.0301933288574219
-0.00835418701171875 -0.0132217407226562 0.0414047241210938 0.0561561584472656
-0.00958633422851563 -0.0152883529663086 0.0355606079101562 0.0902099609375
-0.0121612548828125 -0.020660400390625 -0.000938415527343757 0.109771728515625
-0.000162124633789061 -0.0347976684570312 -0.0258712768554687 0.101760864257813
0.0167617797851563 -0.0434684753417969 -0.0434913635253906 0.0642585754394531
0.0487556457519531 -0.0262832641601563 -0.0348014831542969 0.0283164978027344
0.0565681457519531 -0.0160179138183594 0.0298385620117188 0.0238742828369141
0.0516014099121094 -0.00650405883789063 0.0844345092773438 0.0999984741210937
0.014348030090332 -0.0136690139770508 0.0846023559570312 -0.0633926391601563
0.0279216766357422 -0.0214996337890625 0.106681823730469 -0.0204620361328125
0.0247554779052734 -0.0342216491699219 0.0905685424804688 -0.004241943359375
-0.000551223754882809 -0.0327053070068359 0.0842666625976563 -0.0024566650390625
-0.0211696624755859 -0.0146675109863281 0.0633659362792969 -0.00405120849609375
-0.0183296203613281 0.0099945068359375 0.0519485473632813 0.00880050659179688
-0.002044677734375 0.0184650421142578 0.0460128784179688 0.0272789001464844
0.00160026550292969 0.0146512985229492 0.0428810119628906 0.0531578063964844
0.00180912017822266 0.01336669921875 0.0337905883789063 0.0890045166015625
-0.00619077682495117 0.00826406478881836 -0.0042266845703125 0.10858154296875
-0.00573253631591797 -0.00745964050292969 -0.0296630859375 0.0998382568359375
0.00511741638183594 -0.0196819305419922 -0.0452766418457031 0.064483642578125
0.0251178741455078 -0.0113468170166016 -0.0369338989257813 0.026763916015625
0.0223407745361328 -0.00708580017089844 0.0304679870605469 0.0222415924072266
0.0128450393676758 -0.00477027893066406 0.0924301147460938 0.0989761352539063
0.0453338623046875 0.0246620178222656 -0.0812606811523438 -0.0756378173828125
0.0209980010986328 -0.00554275512695313 -0.009124755859375 -0.0235385894775391
0.0133447647094727 -0.00337505340576172 0.052093505859375 -0.0267372131347656
0.0163345336914063 -0.0107288360595703 0.0615463256835938 -0.0677337646484375
0.0111103057861328 -0.0221881866455078 0.0371627807617188 -0.0900955200195313
-0.00502395629882812 -0.0362472534179688 -0.00428009033203125 -0.101776123046875
-0.02410888671875 -0.0385589599609375 -0.0355911254882812 -0.0808639526367188
-0.0208320617675781 -0.0380935668945312 -0.0397109985351562 -0.0413818359375
-0.0150108337402344 -0.0465850830078125 -0.0457077026367187 -0.00897216796875001
0.00764846801757812 -0.0450363159179688 -0.05987548828125 0.00506591796875
0.02923583984375 -0.0253543853759766 -0.0697975158691406 0.0202674865722656
0.0326423645019531 0.00124549865722656 -0.076202392578125 0.013916015625
0.0128154754638672 0.0254325866699219 -0.091339111328125 0.00934600830078124
0.0088958740234375 0.0226364135742188 -0.0931930541992188 0.033355712890625
0.0219154357910156 0.0280990600585937 -0.0757675170898437 0.0709457397460938
0.0810394287109375 0.0232086181640625 -0.0567893981933594 -0.0675125122070312
0.0549125671386719 -0.00897979736328125 0.0170516967773438 -0.0184822082519531
0.0445137023925781 -0.0127944946289062 0.0711517333984375 -0.0233993530273438
0.0377540588378906 -0.0272674560546875 0.0765533447265625 -0.0647430419921875
0.0226058959960937 -0.0407791137695313 0.0481796264648438 -0.0820541381835938
-0.00269317626953125 -0.0584259033203125 0.00763702392578124 -0.088897705078125
-0.0296630859375 -0.0589179992675781 -0.0215263366699219 -0.0655288696289063
-0.0280418395996094 -0.0564804077148437 -0.0258979797363281 -0.0241775512695313
-0.0256080627441406 -0.0666007995605469 -0.0328521728515625 0.011077880859375
-0.001129150390625 -0.0686607360839844 -0.05438232421875 0.0273094177246094
0.03179931640625 -0.0536041259765625 -0.0672760009765625 0.0401153564453125
0.0458412170410156 -0.0264854431152344 -0.0733413696289062 0.0278167724609375
0.0414848327636719 0.0117988586425781 -0.0809478759765625 0.0224990844726562
0.0423927307128906 0.0146064758300781 -0.0720443725585938 0.047210693359375
0.0540885925292969 0.0210342407226563 -0.0554580688476563 0.0870513916015625
0.10430908203125 0.0213546752929688 -0.0242233276367187 -0.0584068298339844
0.0815505981445313 -0.0084228515625 0.0493202209472656 -0.00938034057617188
0.07318115234375 -0.018341064453125 0.0927505493164063 -0.016632080078125
0.0575942993164062 -0.0403099060058594 0.0928878784179688 -0.0579833984375
0.0333099365234375 -0.05548095703125 0.058746337890625 -0.070892333984375
0.00145721435546875 -0.0732498168945313 0.0194854736328125 -0.0713119506835938
-0.0299758911132813 -0.070556640625 -0.00542068481445312 -0.0451812744140625
-0.03125 -0.0665473937988281 -0.00839090347290039 -0.00346088409423829
-0.0328826904296875 -0.0759429931640625 -0.0145072937011719 0.0341129302978516
-0.0120468139648437 -0.0808792114257813 -0.0419082641601563 0.0532608032226563
0.024993896484375 -0.0728530883789063 -0.0580253601074219 0.06341552734375
0.0465431213378906 -0.0520286560058594 -0.0679092407226563 0.044281005859375
0.0598297119140625 -0.00982666015625 -0.0702018737792969 0.0351829528808594
0.067169189453125 -0.00167465209960938 -0.0488967895507812 0.0536651611328125
0.0781631469726563 0.00936126708984375 -0.0269622802734375 0.0978927612304688
0.112564086914063 0.0166473388671875 0.0116119384765625 -0.0491485595703125
0.095916748046875 -0.00759124755859375 0.0802536010742188 0.0001983642578125
0.0926055908203125 -0.0232086181640625 0.110458374023438 -0.0075531005859375
0.0709762573242188 -0.050537109375 0.104446411132813 -0.0462799072265625
0.0384788513183594 -0.0643081665039063 0.0655136108398438 -0.0557594299316406
0.00290679931640625 -0.0783920288085938 0.0288505554199219 -0.0494308471679688
-0.027069091796875 -0.0711593627929688 0.0102901458740234 -0.0215549468994141
-0.0299301147460938 -0.0655670166015625 0.0098733901977539 0.017390251159668
-0.0349960327148437 -0.0734481811523437 0.0067138671875 0.0554161071777344
-0.0211410522460938 -0.0793380737304688 -0.0243911743164063 0.0772552490234375
0.0134811401367187 -0.0795135498046875 -0.0444564819335937 0.0841827392578125
0.0381813049316406 -0.06866455078125 -0.0593681335449219 0.0586128234863281
0.0676918029785156 -0.0308189392089844 -0.058563232421875 0.0420570373535156
0.0819778442382812 -0.0189437866210937 -0.0233345031738281 0.0507278442382813
0.0907058715820313 -0.00244140625 0.0072479248046875 0.103294372558594
0.103721618652344 0.0093231201171875 0.043975830078125 -0.0425300598144531
0.0947113037109375 -0.00936126708984375 0.104255676269531 0.0057373046875
0.096160888671875 -0.0264434814453125 0.119453430175781 -0.00115203857421875
0.0707931518554688 -0.0544204711914062 0.108070373535156 -0.0323867797851562
0.0343589782714844 -0.06439208984375 0.0678215026855469 -0.0375938415527344
0.0010986328125 -0.07073974609375 0.0365180969238281 -0.0259056091308594
-0.0224494934082031 -0.0595779418945313 0.024566650390625 0.00179290771484375
-0.0244979858398438 -0.0541229248046875 0.0264434814453125 0.0360183715820313
-0.029632568359375 -0.0604248046875 0.025665283203125 0.0728225708007813
-0.02325439453125 -0.065673828125 -0.00743103027343751 0.0953598022460938
0.0047454833984375 -0.0723724365234375 -0.0298614501953125 0.0967254638671875
0.0281524658203125 -0.0714874267578125 -0.0490760803222656 0.0668792724609375
0.0665855407714844 -0.0420265197753906 -0.0473556518554687 0.0416755676269531
0.083740234375 -0.0280303955078125 -0.000320434570312493 0.0414314270019531
0.0901947021484375 -0.00948333740234375 0.0409698486328125 0.103157043457031
0.0802536010742187 -0.00095367431640625 0.0678482055664063 -0.0421829223632813
0.0792770385742187 -0.0135498046875 0.116188049316406 0.00307464599609375
0.0818939208984375 -0.0306320190429688 0.117027282714844 0.0014801025390625
0.0550308227539062 -0.0519828796386719 0.103439331054688 -0.0194778442382813
0.0203208923339844 -0.0531578063964844 0.0664482116699219 -0.0208625793457031
-0.0043182373046875 -0.0504150390625 0.0424041748046875 -0.00577545166015625
-0.0153236389160156 -0.0380096435546875 0.0349960327148438 0.0196132659912109
-0.0154552459716797 -0.0347480773925781 0.0385017395019531 0.0486984252929688
-0.0187568664550781 -0.0382919311523438 0.0383224487304688 0.08355712890625
-0.0176200866699219 -0.04254150390625 0.00418090820312501 0.106002807617187
0.000911712646484375 -0.0534439086914063 -0.0196685791015625 0.103363037109375
0.0201683044433594 -0.0599861145019531 -0.0417137145996094 0.0691413879394531
0.0580787658691406 -0.0391159057617188 -0.0375633239746094 0.037200927734375
0.0727005004882812 -0.026947021484375 0.0196132659912109 0.0305595397949219
0.0736160278320313 -0.0109710693359375 0.0708541870117188 0.101219177246094
0.0470237731933594 -0.0103187561035156 0.0800094604492188 -0.0494003295898437
0.0524330139160156 -0.0198707580566406 0.115989685058594 -0.007171630859375
0.0524368286132813 -0.0348167419433594 0.106292724609375 -0.00162506103515625
0.0269317626953125 -0.0429039001464844 0.094818115234375 -0.0109100341796875
-0.000881195068359376 -0.0333442687988281 0.0639114379882813 -0.0110397338867188
-0.0111408233642578 -0.0195255279541016 0.0471878051757813 0.00486373901367187
-0.00648117065429687 -0.00930881500244141 0.0432319641113281 0.0273170471191406
-0.00374126434326172 -0.00917720794677734 0.045440673828125 0.0539054870605469
-0.00462532043457031 -0.0116968154907227 0.0419998168945312 0.0882797241210938
-0.00853538513183594 -0.0149612426757813 0.00763702392578124 0.111213684082031
-0.000638961791992185 -0.0282077789306641 -0.0177764892578125 0.104171752929688
0.0128250122070312 -0.0381240844726563 -0.0383224487304688 0.068389892578125
0.0423583984375 -0.0251007080078125 -0.0328826904296875 0.0323867797851563
0.0488700866699219 -0.0170516967773438 0.0307159423828125 0.0243415832519531
0.0438995361328125 -0.00783920288085938 0.0902099609375 0.0995025634765625
0.00830364227294922 -0.0153951644897461 0.079498291015625 -0.0629348754882813
0.0201816558837891 -0.0233974456787109 0.1053466796875 -0.0221939086914062
0.0165119171142578 -0.0341835021972656 0.093017578125 -0.00742340087890625
-0.00621986389160156 -0.0284271240234375 0.0864105224609375 -0.00736236572265625
-0.0223617553710937 -0.00746536254882812 0.0633621215820313 -0.00948333740234375
-0.0144815444946289 0.0160455703735352 0.05120849609375 0.0035400390625
0.00478553771972656 0.0215606689453125 0.0457420349121094 0.0241012573242188
0.00777149200439453 0.0172891616821289 0.043487548828125 0.0505523681640625
0.00868320465087891 0.0168561935424805 0.0376434326171875 0.08648681640625
-0.000685691833496093 0.013585090637207 0.00312805175781249 0.109359741210938
-0.00494575500488281 -0.000814437866210937 -0.0228118896484375 0.101089477539062
0.00230979919433594 -0.0136280059814453 -0.0410957336425781 0.0676498413085938
0.0197296142578125 -0.00851631164550781 -0.0361976623535156 0.0305023193359375
0.014556884765625 -0.00614261627197266 0.0291309356689453 0.0226593017578125
0.00613737106323242 -0.00613927841186523 0.0960159301757813 0.0972366333007813
0.0527381896972656 0.0235557556152344 -0.078643798828125 -0.0766220092773437
0.0255622863769531 -0.00838279724121094 -0.0069580078125 -0.0268058776855469
0.0164384841918945 -0.00823593139648438 0.0518722534179688 -0.0298194885253906
0.0160703659057617 -0.0164203643798828 0.0594444274902344 -0.0687446594238281
0.00802421569824218 -0.0267162322998047 0.0356674194335938 -0.0885238647460938
-0.0108413696289063 -0.0394248962402344 -0.00403594970703125 -0.098876953125
-0.0299148559570313 -0.0393028259277344 -0.03436279296875 -0.0779266357421875
-0.0266494750976563 -0.0389022827148438 -0.0364265441894531 -0.0394401550292969
-0.0221290588378906 -0.0485343933105469 -0.0410995483398438 -0.0071868896484375
0.00333023071289063 -0.0492439270019531 -0.0559043884277344 0.00908279418945311
0.0286159515380859 -0.0317897796630859 -0.06756591796875 0.0244674682617187
0.0355033874511719 -0.00442886352539063 -0.0759429931640625 0.0170211791992188
0.0203742980957031 0.0247879028320313 -0.0916900634765625 0.0104751586914063
0.0163288116455078 0.0242290496826172 -0.0917205810546875 0.0317611694335938
0.0287876129150391 0.0305900573730469 -0.0703887939453125 0.0676498413085937
0.085357666015625 0.0227203369140625 -0.0529022216796875 -0.0685653686523438
0.057037353515625 -0.01123046875 0.0207386016845703 -0.0219078063964844
0.0455436706542969 -0.0163612365722656 0.0717544555664063 -0.0270767211914063
0.0363731384277344 -0.0310516357421875 0.0753402709960938 -0.0661544799804688
0.0196609497070313 -0.0431976318359375 0.0485992431640625 -0.0809860229492188
-0.00769805908203125 -0.0598945617675781 0.0099029541015625 -0.08709716796875
-0.0347213745117187 -0.0584983825683594 -0.0178718566894531 -0.063629150390625
-0.0326461791992188 -0.0559806823730469 -0.0203037261962891 -0.0231475830078125
-0.0313491821289063 -0.0675811767578125 -0.0261516571044922 0.0130634307861328
-0.00469207763671876 -0.071685791015625 -0.048431396484375 0.0312118530273437
0.0314826965332031 -0.0580253601074219 -0.0627822875976562 0.04473876953125
0.0489654541015625 -0.0302200317382812 -0.0714263916015625 0.0312957763671875
0.0477638244628906 0.0119247436523438 -0.079620361328125 0.025360107421875
0.0479888916015625 0.0170211791992188 -0.0692710876464844 0.0459403991699219
0.0586051940917969 0.0244712829589844 -0.048614501953125 0.0844268798828125
0.105438232421875 0.0214996337890625 -0.0189132690429687 -0.0590324401855469
0.0810089111328125 -0.0091705322265625 0.0533638000488281 -0.0124855041503906
0.0720672607421875 -0.0206146240234375 0.0946121215820313 -0.0202865600585938
0.0562362670898438 -0.0424003601074219 0.0931625366210938 -0.0590896606445313
0.0303688049316406 -0.0556716918945313 0.0601425170898438 -0.070098876953125
-0.0025787353515625 -0.0735092163085938 0.0226974487304688 -0.0704803466796875
-0.0322341918945313 -0.06939697265625 -0.000267028808593748 -0.0436058044433594
-0.0335006713867187 -0.0651664733886719 -0.00216054916381836 -0.00328445434570313
-0.0360565185546875 -0.075531005859375 -0.00667190551757813 0.0348663330078125
-0.0143280029296875 -0.0818862915039063 -0.0345535278320312 0.0576248168945313
0.0248336791992187 -0.0748519897460938 -0.0521697998046875 0.0685272216796875
0.0481605529785156 -0.0538063049316406 -0.0640945434570312 0.0487442016601563
0.0640869140625 -0.00926971435546875 -0.0677871704101563 0.0373039245605469
0.0703659057617188 0.00128936767578125 -0.0447120666503906 0.0524177551269531
0.0797805786132813 0.0127182006835938 -0.018402099609375 0.0968780517578125
0.110427856445312 0.01763916015625 0.0169792175292969 -0.0484161376953125
0.093109130859375 -0.00719451904296875 0.084136962890625 -0.0017242431640625
0.0903549194335938 -0.023468017578125 0.113037109375 -0.0113754272460938
0.0685386657714844 -0.0503654479980469 0.105995178222656 -0.0479660034179687
0.0366439819335938 -0.0626182556152344 0.0675163269042969 -0.0557861328125
0.0013427734375 -0.0771026611328125 0.0334815979003906 -0.0493888854980469
-0.0275840759277344 -0.0694160461425781 0.0153961181640625 -0.0212230682373047
-0.0298309326171875 -0.0635490417480469 0.0163192749023437 0.0174236297607422
-0.0354156494140625 -0.0714340209960938 0.0147590637207031 0.0554122924804688
-0.020904541015625 -0.0781021118164063 -0.0157318115234375 0.0801467895507812
0.0139312744140625 -0.0786285400390625 -0.0368270874023437 0.0875320434570313
0.0387001037597656 -0.0677032470703125 -0.0541038513183594 0.0630836486816406
0.0693435668945313 -0.0288467407226563 -0.055328369140625 0.0449905395507812
0.0819854736328125 -0.0158233642578125 -0.0192642211914063 0.0503883361816406
0.089935302734375 0.00119781494140625 0.0152587890625 0.102333068847656
0.0990829467773438 0.0100326538085938 0.0480155944824219 -0.0412635803222656
0.0897750854492188 -0.00656890869140625 0.107101440429688 0.00447845458984375
0.092041015625 -0.0252456665039063 0.121932983398437 -0.0038299560546875
0.0683174133300781 -0.0520362854003906 0.110183715820313 -0.0340194702148438
0.0337562561035156 -0.0598716735839844 0.0704421997070313 -0.0384445190429688
0.00212860107421875 -0.0679893493652344 0.0405693054199219 -0.0268821716308594
-0.0202255249023437 -0.057647705078125 0.0294151306152344 0.000692367553710934
-0.0218963623046875 -0.0516738891601563 0.0321979522705078 0.0344562530517578
-0.0275917053222656 -0.0573005676269531 0.0334091186523438 0.0716781616210938
-0.0201988220214844 -0.0622291564941406 0.0013580322265625 0.0971603393554688
0.00554275512695312 -0.0684814453125 -0.0225143432617188 0.0994110107421875
0.0276565551757812 -0.0675468444824219 -0.044219970703125 0.0707550048828125
0.0651664733886719 -0.0386009216308594 -0.0432395935058594 0.0446357727050781
0.0804901123046875 -0.0251312255859375 0.00390243530273438 0.0416603088378906
0.08538818359375 -0.006561279296875 0.0486221313476563 0.103797912597656
0.0736846923828125 0.00018310546875 0.0694732666015625 -0.0386581420898438
0.0722885131835938 -0.0107192993164063 0.118911743164063 0.00341796875
0.0762481689453125 -0.0280838012695313 0.11993408203125 -0.000549316406250002
0.0528106689453125 -0.0476799011230469 0.1064453125 -0.0223312377929688
0.0201950073242188 -0.0480690002441406 0.0678024291992188 -0.0227699279785156
-0.00117874145507812 -0.0460853576660156 0.0449028015136719 -0.00803756713867188
-0.0104637145996094 -0.0357589721679687 0.038909912109375 0.0183258056640625
-0.0101280212402344 -0.0317916870117188 0.0428619384765625 0.0469017028808594
-0.0134201049804688 -0.0354690551757813 0.0446243286132812 0.0818634033203125
-0.0132865905761719 -0.0383987426757813 0.0121231079101563 0.106979370117188
0.00286483764648437 -0.0478401184082031 -0.0132217407226563 0.104713439941406
0.0190925598144531 -0.0541763305664062 -0.0366973876953125 0.0721588134765625
0.0541343688964844 -0.0344200134277344 -0.0347251892089844 0.0402069091796875
0.0666923522949219 -0.0237579345703125 0.0223789215087891 0.0316257476806641
0.0666694641113281 -0.00848007202148438 0.076385498046875 0.10260009765625
0.0392608642578125 -0.0103225708007813 0.07867431640625 -0.0454025268554687
0.0451126098632813 -0.0172004699707031 0.116813659667969 -0.00567626953125
0.0466499328613281 -0.031646728515625 0.108894348144531 -0.00240325927734375
0.0236778259277344 -0.0379714965820313 0.09698486328125 -0.0135726928710938
-0.000490188598632815 -0.0270881652832031 0.0639839172363281 -0.0135459899902344
-0.00643157958984375 -0.0141239166259766 0.0480804443359375 0.00213241577148437
-0.000144004821777343 -0.00641441345214844 0.04351806640625 0.0258255004882813
0.00238466262817383 -0.00645256042480469 0.0464096069335938 0.0519943237304688
0.00182056427001953 -0.00874900817871094 0.0457229614257813 0.0851898193359375
-0.00217437744140625 -0.0103902816772461 0.0132598876953125 0.110755920410156
0.00152397155761719 -0.0212783813476563 -0.0121612548828125 0.105278015136719
0.0115718841552734 -0.0309925079345703 -0.0345458984375 0.0705337524414063
0.036407470703125 -0.0204200744628906 -0.0308265686035156 0.0351104736328125
0.0408248901367187 -0.0141754150390625 0.0316638946533203 0.0259456634521484
0.0362548828125 -0.00688934326171875 0.0928802490234375 0.100906372070313
0.000866889953613281 -0.0165719985961914 0.0761947631835938 -0.0589752197265625
0.0123958587646484 -0.021820068359375 0.1048583984375 -0.0197219848632813
0.0093231201171875 -0.0315208435058594 0.0944061279296875 -0.00789642333984375
-0.00984764099121094 -0.0228042602539062 0.0883407592773438 -0.00969696044921875
-0.0215988159179688 -0.000648498535156254 0.0627212524414063 -0.0131340026855469
-0.00916290283203125 0.0212078094482422 0.0490913391113281 3.05175781250013E-05
0.0121688842773438 0.0235042572021484 0.0427970886230469 0.0220947265625
0.0140819549560547 0.0192699432373047 0.0432815551757813 0.0484848022460938
0.0160865783691406 0.0188426971435547 0.03857421875 0.0839767456054688
0.00556564331054688 0.0169963836669922 0.00604248046875001 0.108451843261719
-0.00150489807128906 0.00585651397705078 -0.0186691284179688 0.101097106933594
0.00147676467895508 -0.00696372985839844 -0.0386123657226562 0.06854248046875
0.0146074295043945 -0.00480842590332031 -0.0355682373046875 0.0327682495117187
0.00704288482666016 -0.0032496452331543 0.0281429290771484 0.0250282287597656
-0.00213718414306641 -0.00524044036865234 0.0961990356445313 0.0983505249023438
0.0615081787109375 0.0233955383300781 -0.0760040283203125 -0.0824050903320313
0.0307102203369141 -0.0118274688720703 -0.0049591064453125 -0.0308456420898438
0.0190238952636719 -0.0131721496582031 0.0525588989257813 -0.0322074890136719
0.0158042907714844 -0.0228424072265625 0.0600357055664062 -0.0693092346191406
0.00502777099609375 -0.0310268402099609 0.0377349853515625 -0.088226318359375
-0.0173187255859375 -0.0428657531738281 -0.00119781494140624 -0.0989151000976563
-0.0366744995117188 -0.0403060913085937 -0.0313034057617187 -0.078399658203125
-0.0324440002441406 -0.0397834777832031 -0.0325736999511719 -0.0407371520996094
-0.0288810729980469 -0.0504493713378906 -0.0367507934570313 -0.00687408447265626
-0.0018310546875 -0.0545082092285156 -0.0529365539550781 0.0112419128417969
0.0283164978027344 -0.0379600524902344 -0.0662269592285156 0.0276870727539062
0.0389060974121094 -0.00984573364257813 -0.0767822265625 0.0186233520507813
0.0278396606445313 0.0233516693115234 -0.0937652587890625 0.00991058349609374
0.0251846313476562 0.0257644653320313 -0.0940322875976563 0.0277862548828125
0.0369987487792969 0.0335121154785156 -0.069580078125 0.0634574890136719
0.0913314819335938 0.024444580078125 -0.04730224609375 -0.0737228393554688
0.0607185363769531 -0.013153076171875 0.0243015289306641 -0.0259838104248047
0.0470771789550781 -0.0202674865722656 0.0739974975585938 -0.0295333862304688
0.0359649658203125 -0.0352630615234375 0.077606201171875 -0.0665512084960938
0.0172195434570313 -0.0462265014648438 0.051849365234375 -0.08056640625
-0.0126304626464844 -0.0622024536132812 0.0151290893554687 -0.0871658325195312
-0.0390281677246094 -0.0587730407714844 -0.0129470825195313 -0.0641212463378906
-0.0361289978027344 -0.0571403503417969 -0.0147323608398438 -0.0243263244628906
-0.0362625122070313 -0.0698966979980469 -0.0196285247802734 0.0126533508300781
-0.00782012939453124 -0.0765151977539063 -0.042999267578125 0.0342636108398437
0.0319900512695313 -0.0634651184082031 -0.0593757629394531 0.0483360290527344
0.052886962890625 -0.0346031188964844 -0.0707855224609375 0.0339126586914063
0.0555915832519531 0.0121383666992188 -0.0802688598632813 0.02532958984375
0.0562210083007813 0.0203132629394531 -0.0697517395019531 0.0429611206054687
0.0654296875 0.02923583984375 -0.0449600219726563 0.0820770263671875
0.108879089355469 0.024566650390625 -0.0124549865722656 -0.0619583129882813
0.083038330078125 -0.00921630859375 0.0589027404785156 -0.0157356262207031
0.0734710693359375 -0.0219039916992187 0.0980911254882813 -0.0221633911132813
0.0554580688476563 -0.0443191528320313 0.0969772338867188 -0.0598373413085938
0.0295867919921875 -0.0566024780273438 0.0644912719726563 -0.0702629089355469
-0.00499725341796875 -0.074310302734375 0.0291595458984375 -0.071136474609375
-0.0349082946777344 -0.0697555541992188 0.00563430786132812 -0.0449867248535156
-0.0351371765136719 -0.06585693359375 0.0046548843383789 -0.00468730926513672
-0.0390472412109375 -0.0774078369140625 0.00148963928222656 0.0346965789794922
-0.0151214599609375 -0.0852584838867188 -0.0275001525878906 0.0603446960449219
0.0264663696289062 -0.0785369873046875 -0.0473098754882812 0.0720672607421875
0.0527267456054688 -0.0558357238769531 -0.0623283386230469 0.0520515441894531
0.0706024169921875 -0.00742340087890625 -0.0668907165527344 0.0392837524414062
0.0771102905273438 0.00547027587890625 -0.042724609375 0.0513534545898438
0.0842742919921875 0.0185165405273438 -0.0133438110351563 0.0965194702148438
0.110893249511719 0.0215377807617187 0.0233650207519531 -0.0493621826171875
0.0924453735351563 -0.00418853759765625 0.0903167724609375 -0.00360107421875
0.089996337890625 -0.0217132568359375 0.117530822753906 -0.0125274658203125
0.0693511962890625 -0.0487289428710938 0.111228942871094 -0.0488815307617188
0.0370254516601563 -0.0608482360839844 0.072723388671875 -0.0561599731445313
0.00157165527343749 -0.0762481689453125 0.0396270751953125 -0.0508613586425781
-0.0258941650390625 -0.0689735412597656 0.0220222473144531 -0.0222587585449219
-0.0284461975097656 -0.063934326171875 0.0234298706054687 0.0156631469726562
-0.034515380859375 -0.0729522705078125 0.0230979919433594 0.0550079345703125
-0.0195770263671875 -0.0788803100585938 -0.00846099853515626 0.083251953125
0.016510009765625 -0.0797119140625 -0.0312881469726563 0.0912017822265625
0.0424880981445312 -0.0676345825195313 -0.0508384704589844 0.0661430358886719
0.0730209350585938 -0.0257568359375 -0.0531158447265625 0.047088623046875
0.0845489501953125 -0.0107879638671875 -0.0158653259277344 0.0508193969726563
0.091339111328125 0.00713348388671875 0.02191162109375 0.104446411132813
0.096221923828125 0.0150985717773437 0.0538558959960938 -0.0391960144042969
0.0864791870117188 -0.0020751953125 0.11358642578125 0.0048065185546875
0.090911865234375 -0.0212631225585938 0.127281188964844 -0.00360107421875
0.0689277648925781 -0.0483131408691406 0.116256713867187 -0.0351104736328125
0.035614013671875 -0.0564842224121094 0.0750350952148438 -0.0391845703125
0.00456619262695313 -0.0660896301269531 0.0461044311523438 -0.0283203125
-0.0156784057617188 -0.0572586059570313 0.0343303680419922 4.19616699218715E-05
-0.0176048278808594 -0.05157470703125 0.0381927490234375 0.0338211059570313
-0.0238113403320313 -0.0574798583984375 0.0400390625 0.0708541870117188
-0.0164718627929688 -0.0613861083984375 0.0085601806640625 0.099700927734375
0.00982284545898437 -0.0667228698730469 -0.016754150390625 0.103439331054688
0.0299072265625 -0.0644302368164062 -0.0399627685546875 0.0733795166015625
0.0664634704589844 -0.03424072265625 -0.0408821105957031 0.0466957092285156
0.0799789428710938 -0.0198287963867188 0.00751876831054688 0.0429039001464844
0.0828094482421875 -0.00104522705078125 0.0548019409179687 0.107177734375
0.0684127807617188 0.00399398803710938 0.073974609375 -0.0351409912109375
0.0675125122070313 -0.00567245483398438 0.124366760253906 0.006072998046875
0.0731658935546875 -0.02301025390625 0.125198364257813 0.000328063964843749
0.0521430969238281 -0.0420455932617188 0.110954284667969 -0.0224609375
0.0229072570800781 -0.042724609375 0.0714111328125 -0.0246047973632813
0.00345230102539062 -0.0433807373046875 0.0486373901367188 -0.00916671752929688
-0.00488090515136718 -0.0347366333007813 0.0420646667480469 0.0176467895507812
-0.00453758239746094 -0.0312385559082031 0.0465431213378906 0.0464859008789062
-0.007415771484375 -0.0349197387695313 0.0493850708007812 0.0813140869140625
-0.00693511962890625 -0.0361862182617187 0.0179824829101562 0.1087646484375
0.00670623779296875 -0.04327392578125 -0.008453369140625 0.106979370117188
0.021087646484375 -0.0481491088867188 -0.0337371826171875 0.0747451782226563
0.0523681640625 -0.0287322998046875 -0.0325698852539063 0.0423583984375
0.0623931884765625 -0.0179290771484375 0.0253200531005859 0.0332298278808594
0.0613327026367188 -0.00401687622070313 0.0810317993164062 0.107421875
0.0326213836669922 -0.00815391540527344 0.0815963745117188 -0.040191650390625
0.0388565063476562 -0.0134506225585937 0.121719360351563 -0.00174713134765625
0.0408935546875 -0.0264396667480469 0.113815307617188 -0.0015716552734375
0.0230693817138672 -0.0317058563232422 0.101608276367187 -0.0140304565429688
0.00222396850585937 -0.0207042694091797 0.0665512084960938 -0.0152397155761719
-0.000576972961425781 -0.0103836059570313 0.04931640625 0.000438690185546874
0.00712680816650391 -0.00596332550048828 0.0446624755859375 0.0260963439941406
0.00883674621582031 -0.00513458251953125 0.0475578308105469 0.0511207580566406
0.0093984603881836 -0.00784015655517578 0.0486297607421875 0.0847854614257813
0.00434732437133789 -0.00704050064086914 0.0169906616210938 0.111885070800781
0.00589656829833984 -0.0146560668945312 -0.00949859619140625 0.106391906738281
0.0126686096191406 -0.0245323181152344 -0.0324935913085938 0.07275390625
0.0337162017822266 -0.0144939422607422 -0.0302581787109375 0.0372962951660156
0.0342369079589844 -0.00861740112304688 0.0329647064208984 0.0290431976318359
0.0289211273193359 -0.00407600402832031 0.0956802368164062 0.106353759765625
-0.00598621368408203 -0.0168256759643555 0.076904296875 -0.05279541015625
0.0052947998046875 -0.0198554992675781 0.107643127441406 -0.0147247314453125
0.00262641906738281 -0.0276260375976563 0.0983657836914063 -0.00653076171875
-0.0128440856933594 -0.0168771743774414 0.0914230346679688 -0.0117111206054688
-0.0202560424804688 0.00626182556152344 0.0622444152832031 -0.0157852172851563
-0.00440216064453125 0.0259914398193359 0.0475120544433594 -0.00193023681640625
0.0190200805664063 0.0252609252929687 0.0412788391113281 0.0227241516113281
0.0212154388427734 0.0207595825195313 0.0412101745605469 0.048797607421875
0.0240650177001953 0.0202350616455078 0.0385665893554688 0.083953857421875
0.0128917694091797 0.0211410522460938 0.0078125 0.109352111816406
0.00267601013183594 0.0127592086791992 -0.0175628662109375 0.101371765136719
0.00205206871032715 -8.76188278198242E-05 -0.0384941101074219 0.0698776245117188
0.0102710723876953 0.00116825103759766 -0.0361137390136719 0.0349617004394531
-0.000461101531982422 0.00131320953369141 0.0272159576416016 0.0282306671142578
-0.0103073120117188 -0.00284957885742187 0.0964279174804688 0.104454040527344
0.0729141235351563 0.0227203369140625 -0.0756607055664063 -0.0925979614257812
0.0370903015136719 -0.0171241760253906 -0.00329971313476562 -0.03717041015625
0.0225467681884766 -0.0211677551269531 0.0545806884765625 -0.0352439880371094
0.0147895812988281 -0.0305099487304687 0.0627365112304688 -0.0723342895507813
0.00103759765625 -0.0373382568359375 0.0413284301757813 -0.0901107788085938
-0.0254287719726563 -0.0471153259277344 0.00222015380859375 -0.1021728515625
-0.0450019836425781 -0.041351318359375 -0.0283432006835938 -0.0812149047851563
-0.039581298828125 -0.0413627624511719 -0.0293464660644531 -0.04315185546875
-0.0381736755371094 -0.0538978576660156 -0.0330276489257813 -0.00874328613281251
-0.00777435302734376 -0.0607719421386719 -0.0502128601074219 0.0128440856933594
0.0269584655761719 -0.0469017028808594 -0.0664100646972656 0.03082275390625
0.0426216125488281 -0.0167388916015625 -0.0801315307617188 0.0199966430664063
0.0368614196777344 0.0206184387207031 -0.0994644165039063 0.00906372070312501
0.0356903076171875 0.0263137817382813 -0.100166320800781 0.02435302734375
0.0477256774902344 0.0363845825195313 -0.0717391967773438 0.0595016479492187
0.101234436035156 0.0257644653320313 -0.0431289672851562 -0.0821609497070313
0.0665664672851563 -0.0161209106445313 0.0292987823486328 -0.0322513580322266
0.0506553649902344 -0.0249748229980469 0.0786972045898438 -0.0326766967773438
0.0351829528808594 -0.0410957336425781 0.0829391479492188 -0.069305419921875
0.0148277282714844 -0.0507431030273438 0.0574188232421875 -0.0828170776367188
-0.0189361572265625 -0.0660972595214844 0.0209732055664063 -0.090484619140625
-0.04498291015625 -0.0615501403808594 -0.00699996948242188 -0.0677375793457031
-0.041168212890625 -0.0601005554199219 -0.00855827331542969 -0.0271682739257813
-0.0431747436523438 -0.0737152099609375 -0.0136270523071289 0.0118408203125
-0.011749267578125 -0.0830841064453125 -0.0388908386230469 0.0363922119140625
0.0333633422851563 -0.0718154907226563 -0.0571136474609375 0.0526504516601563
0.0582084655761719 -0.0409317016601563 -0.0714263916015625 0.0368194580078125
0.0651893615722656 0.01171875 -0.083740234375 0.0263595581054688
0.0664749145507813 0.0221939086914063 -0.0720062255859375 0.040740966796875
0.0760574340820313 0.0351409912109375 -0.0433883666992188 0.0803070068359375
0.116455078125 0.0292434692382812 -0.00530624389648438 -0.0682525634765625
0.0875015258789063 -0.00814056396484375 0.0664710998535156 -0.0202293395996094
0.0767593383789063 -0.023712158203125 0.1046142578125 -0.0250167846679687
0.0577621459960938 -0.0477714538574219 0.104629516601563 -0.0621566772460937
0.0288887023925781 -0.0590591430664063 0.07257080078125 -0.0725555419921875
-0.00777435302734376 -0.0772323608398438 0.037078857421875 -0.0751190185546875
-0.0376663208007812 -0.0725326538085938 0.0133705139160156 -0.0480842590332031
-0.0369377136230469 -0.0683326721191406 0.0121583938598633 -0.00686073303222657
-0.0424880981445313 -0.081451416015625 0.00956344604492187 0.0339069366455078
-0.0163803100585937 -0.0914154052734375 -0.0211830139160156 0.0633926391601563
0.0288925170898438 -0.0853195190429688 -0.0427474975585937 0.07757568359375
0.0583992004394531 -0.0604209899902344 -0.0615005493164062 0.0554885864257813
0.0803985595703125 -0.00626373291015625 -0.0679244995117188 0.0414695739746094
0.0864334106445312 0.00986480712890625 -0.0425643920898438 0.0508766174316406
0.0925750732421875 0.0259552001953125 -0.00785827636718749 0.097320556640625
0.114212036132813 0.028350830078125 0.0324630737304688 -0.0526885986328125
0.0950775146484375 -9.1552734375E-05 0.0997772216796875 -0.00579833984375
0.0939102172851562 -0.01983642578125 0.126541137695313 -0.0141983032226563
0.0721588134765625 -0.04974365234375 0.120376586914063 -0.0507583618164063
0.0396957397460938 -0.0617866516113281 0.0806045532226563 -0.0581130981445313
0.00235748291015625 -0.0782623291015625 0.0479545593261719 -0.0538749694824219
-0.0255966186523437 -0.0724411010742188 0.0297584533691406 -0.0250225067138672
-0.0273513793945313 -0.0661354064941406 0.0317058563232422 0.0141754150390625
-0.034576416015625 -0.076324462890625 0.03240966796875 0.0546951293945312
-0.01812744140625 -0.083526611328125 -0.000129699707031259 0.08734130859375
0.020538330078125 -0.0835494995117188 -0.0257415771484375 0.0973892211914063
0.0486412048339844 -0.0698204040527344 -0.048797607421875 0.0706100463867188
0.0818023681640625 -0.0234298706054688 -0.0522003173828125 0.050201416015625
0.0919342041015625 -0.006103515625 -0.0124893188476562 0.0513687133789063
0.0954437255859375 0.0143966674804688 0.0293121337890625 0.1085205078125
0.0958709716796875 0.0218276977539063 0.0640487670898438 -0.0392646789550781
0.0874481201171875 0.00397491455078125 0.124725341796875 0.00580596923828125
0.0928573608398438 -0.01641845703125 0.136787414550781 -0.00384521484375
0.0730972290039062 -0.0454635620117187 0.12591552734375 -0.0367507934570313
0.0400199890136719 -0.0542984008789063 0.0824203491210938 -0.0415191650390625
0.00904464721679688 -0.0666732788085938 0.0534629821777344 -0.0314369201660156
-0.0117416381835938 -0.0600547790527344 0.0415306091308594 -0.00168228149414063
-0.0136375427246094 -0.0534591674804688 0.0455284118652344 0.0326957702636719
-0.02008056640625 -0.0602264404296875 0.0488204956054688 0.071258544921875
-0.0126152038574219 -0.0633811950683594 0.0167083740234375 0.10369873046875
0.0146293640136719 -0.0669822692871094 -0.0109100341796875 0.107933044433594
0.0359115600585938 -0.0636940002441406 -0.036651611328125 0.0777816772460938
0.0705718994140625 -0.02996826171875 -0.0391006469726562 0.0500984191894531
0.0819168090820313 -0.0137252807617188 0.0120697021484375 0.0447006225585938
0.0842056274414063 0.00629425048828125 0.0632705688476562 0.113861083984375
0.0650253295898438 0.01031494140625 0.0838699340820313 -0.032012939453125
0.0651092529296875 0.00133895874023437 0.134780883789063 0.00977325439453125
0.0729904174804688 -0.0164337158203125 0.134025573730469 0.00107574462890625
0.0559959411621094 -0.0368576049804688 0.120658874511719 -0.0240936279296875
0.0268402099609375 -0.0390777587890625 0.07794189453125 -0.0264358520507813
0.0098114013671875 -0.0422935485839844 0.0540657043457031 -0.0122795104980469
0.00262832641601562 -0.0368003845214844 0.0470237731933594 0.01739501953125
0.00231170654296875 -0.0317287445068359 0.0519790649414063 0.0465240478515625
-0.000682830810546879 -0.0364799499511719 0.0559158325195313 0.0823440551757813
-0.000640869140625 -0.03619384765625 0.0250167846679688 0.112991333007813
0.013824462890625 -0.0403861999511719 -0.00363922119140624 0.111663818359375
0.0251541137695313 -0.0436859130859375 -0.03033447265625 0.0786056518554688
0.05352783203125 -0.0230865478515625 -0.030242919921875 0.0457305908203125
0.0602836608886719 -0.0116004943847656 0.0299758911132813 0.0360832214355469
0.05828857421875 0.00283050537109375 0.0899276733398437 0.116325378417969
0.0260219573974609 -0.00514030456542969 0.089447021484375 -0.034881591796875
0.0338058471679688 -0.007110595703125 0.130882263183594 0.0032958984375
0.0384254455566406 -0.0204544067382812 0.123634338378906 -7.62939453125012E-05
0.0235404968261719 -0.0250053405761719 0.108856201171875 -0.0155410766601563
0.00554370880126953 -0.0152177810668945 0.0704879760742188 -0.0165786743164063
0.00655841827392578 -0.00745582580566406 0.051513671875 -0.000713348388671875
0.0155868530273437 -0.00619888305664062 0.0470733642578125 0.0265121459960938
0.0177536010742188 -0.00532150268554688 0.0498275756835938 0.0532417297363281
0.0189685821533203 -0.00787162780761719 0.0521697998046875 0.0870819091796875
0.0126485824584961 -0.00501632690429688 0.0220184326171875 0.115226745605469
0.0122871398925781 -0.00944423675537109 -0.006805419921875 0.109062194824219
0.015777587890625 -0.0181179046630859 -0.03179931640625 0.0764999389648438
0.0318489074707031 -0.00631332397460937 -0.0292282104492187 0.0414352416992188
0.0283679962158203 -0.00113677978515625 0.036102294921875 0.0326042175292969
0.0214862823486328 0.00216865539550781 0.102622985839844 0.11651611328125
-0.0146846771240234 -0.0154047012329102 0.0813140869140625 -0.0482406616210937
-0.00222206115722656 -0.0166149139404297 0.115631103515625 -0.00942230224609375
-0.00392532348632813 -0.0225276947021484 0.105628967285156 -0.00577545166015625
-0.0146398544311523 -0.00958824157714844 0.0974197387695313 -0.0141220092773438
-0.0187282562255859 0.0135402679443359 0.0645370483398438 -0.0176658630371094
0.00308609008789063 0.0313243865966797 0.0473823547363281 -0.00296783447265625
0.0277023315429688 0.0266094207763672 0.04046630859375 0.0246238708496094
0.0301895141601563 0.0219039916992188 0.0406036376953125 0.0506401062011719
0.0339164733886719 0.0211868286132813 0.0385818481445313 0.0866928100585938
0.0222969055175781 0.0242214202880859 0.00905609130859374 0.112510681152344
0.00825691223144531 0.0193920135498047 -0.0177536010742187 0.103981018066406
0.00399637222290039 0.00800228118896484 -0.0386886596679688 0.0735092163085937
0.00659847259521484 0.00919151306152344 -0.0382652282714844 0.0383148193359375
-0.00834083557128906 0.00841856002807617 0.0272197723388672 0.0332012176513672
-0.0197353363037109 0.000913619995117189 0.0993118286132813 0.114906311035156
0.0878677368164063 0.0197906494140625 -0.080078125 -0.105934143066406
0.0443840026855469 -0.0262603759765625 -0.00317764282226563 -0.0457115173339844
0.0239181518554688 -0.0305442810058594 0.0575065612792969 -0.0406570434570313
0.011505126953125 -0.0406036376953125 0.0661849975585938 -0.078338623046875
-0.005859375 -0.0438346862792969 0.0452728271484375 -0.0958099365234375
-0.0367965698242188 -0.050628662109375 0.00439453125 -0.108810424804688
-0.0570526123046875 -0.0421257019042969 -0.0272903442382813 -0.0872268676757813
-0.050537109375 -0.0429801940917969 -0.0274124145507813 -0.047698974609375
-0.0504035949707031 -0.0563545227050781 -0.0297603607177734 -0.0102195739746094
-0.0170211791992188 -0.0687141418457031 -0.0488433837890625 0.0151138305664063
0.0243186950683594 -0.0578422546386719 -0.0662078857421875 0.0352096557617187
0.0460433959960938 -0.0275344848632813 -0.0838394165039063 0.0237960815429687
0.0478324890136719 0.0159950256347656 -0.107612609863281 0.01104736328125
0.0492439270019531 0.0247344970703125 -0.108695983886719 0.0232925415039062
0.0627861022949219 0.0384941101074219 -0.07537841796875 0.0582962036132813
0.116287231445313 0.026275634765625 -0.0416946411132812 -0.0946044921875
0.0750274658203125 -0.0216827392578125 0.0341300964355469 -0.040740966796875
0.0542755126953125 -0.0327987670898437 0.084747314453125 -0.0390853881835938
0.0346794128417969 -0.0501136779785156 0.089752197265625 -0.0754776000976563
0.00995254516601562 -0.0567703247070312 0.0647964477539063 -0.0887527465820313
-0.0279121398925781 -0.0697212219238281 0.0270004272460938 -0.0982589721679688
-0.0545997619628906 -0.0629959106445313 -0.00207519531250001 -0.0741958618164063
-0.0508384704589844 -0.0624427795410156 -0.00318145751953126 -0.0325927734375
-0.0535888671875 -0.0772933959960937 -0.00643062591552735 0.00927352905273437
-0.0191268920898437 -0.0921096801757812 -0.0328636169433594 0.0395584106445312
0.0327835083007813 -0.0838546752929688 -0.05340576171875 0.0580863952636719
0.0640945434570313 -0.0516777038574219 -0.0728607177734375 0.0416030883789062
0.0794677734375 0.00787353515625 -0.0885467529296875 0.0300216674804687
0.0818710327148438 0.0229110717773438 -0.0756988525390625 0.0406875610351562
0.0911636352539063 0.0389404296875 -0.041259765625 0.0810775756835937
0.129417419433594 0.0320510864257812 0.00183868408203126 -0.0796890258789062
0.0953521728515625 -0.0108413696289063 0.0754318237304688 -0.0279159545898438
0.0808868408203125 -0.028228759765625 0.114372253417969 -0.0309600830078125
0.0588531494140625 -0.053131103515625 0.114128112792969 -0.0688018798828125
0.0282783508300781 -0.0638694763183594 0.0813140869140625 -0.0793380737304688
-0.0135269165039063 -0.0819854736328125 0.0455093383789063 -0.0825119018554688
-0.043365478515625 -0.0756454467773438 0.0214195251464844 -0.0543441772460938
-0.0430984497070312 -0.0723800659179688 0.0206165313720703 -0.0121746063232422
-0.0491256713867188 -0.0870819091796875 0.0197563171386719 0.0320777893066406
-0.0213394165039063 -0.0995101928710938 -0.01177978515625 0.0674972534179688
0.0301666259765625 -0.0961685180664063 -0.0368423461914063 0.0838623046875
0.0651016235351563 -0.0701789855957031 -0.059234619140625 0.0618209838867187
0.0938339233398438 -0.0089263916015625 -0.0692863464355469 0.0461845397949219
0.101089477539062 0.01092529296875 -0.0413322448730469 0.0519218444824219
0.106437683105469 0.031402587890625 -0.000785827636718733 0.1004638671875
0.124038696289063 0.0343246459960938 0.0435638427734375 -0.0607872009277344
0.102165222167969 0.00246429443359375 0.112945556640625 -0.0120697021484375
0.099151611328125 -0.019989013671875 0.138938903808594 -0.01898193359375
0.0770950317382813 -0.0521469116210938 0.133193969726563 -0.0579376220703125
0.0417709350585938 -0.064361572265625 0.0916824340820313 -0.0653762817382813
0.00205230712890625 -0.0828933715820313 0.0576400756835938 -0.0614166259765625
-0.027008056640625 -0.0769805908203125 0.0387954711914063 -0.0311813354492188
-0.0282363891601563 -0.07098388671875 0.0405502319335937 0.0102272033691406
-0.0369491577148437 -0.0823898315429688 0.0438957214355469 0.0537834167480469
-0.0190048217773438 -0.0909881591796875 0.0105972290039062 0.0913925170898438
0.0237960815429687 -0.0909194946289063 -0.0172271728515625 0.10345458984375
0.0550537109375 -0.0760345458984375 -0.0443191528320312 0.0769500732421875
0.0921478271484375 -0.0240020751953125 -0.0509757995605469 0.0550460815429687
0.102485656738281 -0.0023651123046875 -0.00828933715820312 0.0526313781738281
0.106231689453125 0.021728515625 0.0408706665039063 0.113693237304688
0.1004638671875 0.0296478271484375 0.0777511596679687 -0.0431289672851563
0.0906448364257813 0.0102767944335938 0.14013671875 0.0023651123046875
0.0976333618164063 -0.012725830078125 0.151351928710938 -0.00689697265625
0.0797348022460937 -0.0445175170898437 0.139068603515625 -0.0434722900390625
0.0451889038085937 -0.0552558898925781 0.0918655395507813 -0.0467910766601563
0.0129623413085938 -0.070587158203125 0.0620384216308594 -0.0377197265625
-0.00913238525390625 -0.0645027160644531 0.0506172180175781 -0.00595474243164063
-0.010101318359375 -0.057891845703125 0.0545654296875 0.0302238464355469
-0.0169486999511719 -0.0649909973144531 0.060394287109375 0.0722274780273437
-0.00943756103515625 -0.0683975219726563 0.0283737182617187 0.108535766601563
0.0205764770507812 -0.070892333984375 -0.00228118896484376 0.115348815917969
0.0420494079589844 -0.0653762817382813 -0.0318527221679688 0.0844497680664063
0.0779800415039063 -0.027313232421875 -0.0352668762207031 0.0553932189941406
0.0885696411132813 -0.00861358642578125 0.0187911987304688 0.0466270446777344
0.0887603759765625 0.0134963989257813 0.077972412109375 0.121612548828125
0.0629234313964844 0.0172882080078125 0.0977935791015625 -0.0326995849609375
0.0652923583984375 0.009124755859375 0.151260375976563 0.0100250244140625
0.0754241943359375 -0.00949859619140625 0.14947509765625 -0.000671386718750001
0.0616874694824219 -0.0323715209960938 0.133049011230469 -0.0294952392578125
0.0340194702148438 -0.0364532470703125 0.0848617553710938 -0.0311508178710938
0.0169029235839844 -0.0434799194335937 0.0607872009277344 -0.0157623291015625
0.009307861328125 -0.040679931640625 0.0539817810058594 0.0156211853027344
0.0100059509277344 -0.0353279113769531 0.0593223571777344 0.0463409423828125
0.00709152221679687 -0.0406494140625 0.0664215087890625 0.0838775634765625
0.00693893432617188 -0.0378265380859375 0.0356521606445312 0.117538452148438
0.0206489562988281 -0.0391883850097656 0.00421905517578125 0.117942810058594
0.0314865112304687 -0.0409736633300781 -0.0260772705078125 0.0844955444335938
0.0571022033691406 -0.016937255859375 -0.0275497436523438 0.0510063171386719
0.0601882934570313 -0.00385665893554688 0.0377044677734375 0.0390625
0.0568389892578125 0.0105743408203125 0.104331970214844 0.1263427734375
0.0190658569335937 0.00134468078613281 0.100822448730469 -0.0323562622070313
0.0297927856445313 -0.00025177001953125 0.145675659179688 0.005859375
0.0374526977539063 -0.0127105712890625 0.136436462402344 -0.00130462646484375
0.0263805389404297 -0.0182762145996094 0.119895935058594 -0.02099609375
0.0118942260742188 -0.00910854339599609 0.0752639770507813 -0.021728515625
0.0158529281616211 -0.00546360015869141 0.0557518005371094 -0.00337982177734375
0.0257110595703125 -0.00765800476074219 0.0505905151367188 0.0273666381835938
0.0274772644042969 -0.00793647766113281 0.0550727844238281 0.0547370910644531
0.0296039581298828 -0.0106754302978516 0.0592041015625 0.0900039672851562
0.0240192413330078 -0.00481033325195313 0.0292816162109375 0.119743347167969
0.0208892822265625 -0.00439262390136719 -0.00135803222656251 0.115287780761719
0.021697998046875 -0.0105991363525391 -0.0282211303710938 0.082427978515625
0.03173828125 0.0024566650390625 -0.0274925231933594 0.0460243225097656
0.0244464874267578 0.00741386413574219 0.0414505004882813 0.0368537902832031
0.0149192810058594 0.00917148590087891 0.11541748046875 0.128608703613281
-0.0259952545166016 -0.01336669921875 0.0893783569335938 -0.0435409545898438
-0.0112524032592773 -0.0118274688720703 0.127090454101563 -0.006561279296875
-0.0103263854980469 -0.0153818130493164 0.116905212402344 -0.0070648193359375
-0.0160245895385742 -0.000614166259765626 0.105873107910156 -0.0189895629882813
-0.0139541625976563 0.0219440460205078 0.0658798217773438 -0.0222244262695313
0.0125312805175781 0.0362052917480469 0.0469131469726563 -0.0052642822265625
0.0391654968261719 0.0267562866210938 0.0401802062988281 0.0260848999023438
0.0414962768554688 0.021636962890625 0.0416603088378906 0.0535621643066406
0.0471343994140625 0.0201873779296875 0.0411911010742187 0.091094970703125
0.0336074829101563 0.0255527496337891 0.0125350952148438 0.117652893066406
0.0176982879638672 0.0260028839111328 -0.01556396484375 0.110137939453125
0.0093069076538086 0.0167779922485352 -0.0394439697265625 0.0791549682617187
0.00370597839355469 0.0189342498779297 -0.0385932922363281 0.0438880920410156
-0.0169696807861328 0.0180206298828125 0.0308036804199219 0.0403900146484375
-0.0307941436767578 0.00635337829589844 0.108810424804688 0.128242492675781
0.105850219726562 0.00980377197265625 -0.0896224975585938 -0.118362426757812
0.0505332946777344 -0.0398445129394531 -0.00646972656249999 -0.0563735961914063
0.0241546630859375 -0.044403076171875 0.0583648681640625 -0.0491523742675781
0.00355148315429687 -0.0512237548828125 0.0665283203125 -0.08660888671875
-0.0168609619140625 -0.0500946044921875 0.0455551147460938 -0.103607177734375
-0.0528373718261719 -0.0496444702148438 0.00315093994140624 -0.116683959960937
-0.07135009765625 -0.037750244140625 -0.0291519165039062 -0.0935745239257813
-0.0641746520996094 -0.0398330688476563 -0.0269317626953125 -0.0534629821777344
-0.0662040710449219 -0.0547370910644531 -0.0271053314208984 -0.0135555267333984
-0.0322418212890625 -0.07403564453125 -0.0462150573730469 0.0174026489257813
0.016754150390625 -0.0708541870117188 -0.06365966796875 0.0412483215332031
0.0468788146972656 -0.0421485900878906 -0.0878753662109375 0.0304107666015625
0.0600166320800781 0.00563430786132813 -0.116813659667969 0.0170516967773437
0.0659294128417969 0.0175704956054688 -0.118797302246094 0.0263900756835937
0.0816650390625 0.0355606079101563 -0.0791778564453125 0.05914306640625
0.13433837890625 0.0195388793945313 -0.04351806640625 -0.110397338867188
0.0822906494140625 -0.0333023071289063 0.0369644165039063 -0.0533866882324219
0.0554618835449219 -0.0447769165039062 0.0895156860351563 -0.048553466796875
0.0291976928710938 -0.0604019165039063 0.0944595336914062 -0.0859451293945312
0.00232315063476563 -0.0633659362792969 0.0688629150390625 -0.0990829467773438
-0.0414352416992188 -0.0713424682617187 0.0291366577148437 -0.108955383300781
-0.0674476623535156 -0.0618362426757812 0.000892639160156241 -0.0836029052734375
-0.0625495910644531 -0.0621566772460938 0.00143814086914062 -0.0395965576171875
-0.0683364868164063 -0.0796966552734375 0.000917434692382808 0.00461578369140624
-0.0328140258789063 -0.0999526977539062 -0.0253639221191406 0.0415115356445312
0.02752685546875 -0.0980377197265625 -0.0471305847167969 0.0648231506347656
0.0674629211425781 -0.0665435791015625 -0.0718612670898438 0.0487899780273437
0.0941314697265625 -0.00145721435546875 -0.0921401977539063 0.0362625122070313
0.100334167480469 0.017547607421875 -0.0799789428710938 0.043487548828125
0.111747741699219 0.0385589599609375 -0.0374374389648437 0.0822296142578125
0.146331787109375 0.02996826171875 0.00670623779296876 -0.0942764282226562
0.1038818359375 -0.0172042846679688 0.0847244262695313 -0.041290283203125
0.085906982421875 -0.0363616943359375 0.123863220214844 -0.0416641235351563
0.057525634765625 -0.0627403259277344 0.122932434082031 -0.0816268920898438
0.024566650390625 -0.0703887939453125 0.0885009765625 -0.0909194946289063
-0.02178955078125 -0.0857315063476563 0.051025390625 -0.0944061279296875
-0.0527496337890625 -0.0775527954101563 0.027618408203125 -0.0654487609863281
-0.0515594482421875 -0.0754852294921875 0.0287456512451172 -0.0207595825195313
-0.0600357055664062 -0.0906219482421875 0.0313873291015625 0.0266551971435547
-0.0313796997070313 -0.107818603515625 0.000629425048828119 0.0689163208007813
0.02734375 -0.109962463378906 -0.0261764526367187 0.0904464721679687
0.0694580078125 -0.0842437744140625 -0.0542144775390625 0.0688133239746094
0.1087646484375 -0.01690673828125 -0.0674781799316406 0.0531539916992188
0.119163513183594 0.0081939697265625 -0.0391464233398437 0.0534439086914063
0.125144958496094 0.034027099609375 0.0108871459960938 0.102134704589844
0.136390686035156 0.0358352661132813 0.0542526245117188 -0.0738677978515625
0.111122131347656 0.00138092041015625 0.126655578613281 -0.0238265991210937
0.106010437011719 -0.0236740112304688 0.151763916015625 -0.029937744140625
0.0801315307617188 -0.05816650390625 0.144729614257813 -0.071136474609375
0.0431747436523438 -0.0695686340332031 0.100105285644531 -0.0770187377929688
-0.00138854980468751 -0.087982177734375 0.0651702880859375 -0.0737380981445312
-0.031524658203125 -0.0812606811523438 0.0480918884277344 -0.0413627624511719
-0.0326156616210938 -0.0758590698242188 0.0515899658203125 0.0016021728515625
-0.0423812866210937 -0.0880813598632813 0.0586776733398438 0.0484161376953125
-0.0235443115234375 -0.0986557006835938 0.02642822265625 0.0930252075195313
0.023895263671875 -0.102043151855469 -0.00376129150390626 0.109779357910156
0.06005859375 -0.0860824584960938 -0.035797119140625 0.0841445922851563
0.104499816894531 -0.0283966064453125 -0.0457267761230469 0.0613136291503906
0.11663818359375 -0.00325775146484375 -0.00090408325195312 0.0534858703613281
0.120002746582031 0.0254440307617187 0.0586013793945313 0.116111755371094
0.107696533203125 0.0357513427734375 0.0918121337890625 -0.0536422729492188
0.0972900390625 0.0151824951171875 0.158050537109375 -0.006927490234375
0.105743408203125 -0.0111083984375 0.16632080078125 -0.0176849365234375
0.0859527587890625 -0.046966552734375 0.152313232421875 -0.056488037109375
0.0504302978515625 -0.0582656860351563 0.100624084472656 -0.0586929321289063
0.0156707763671875 -0.0756072998046875 0.070648193359375 -0.0481414794921875
-0.00691986083984375 -0.0713119506835938 0.060455322265625 -0.0138511657714844
-0.00823974609375 -0.0642547607421875 0.0657501220703125 0.0236549377441406
-0.0164871215820312 -0.072418212890625 0.0759201049804688 0.0673370361328125
-0.00746154785156249 -0.0749588012695313 0.0452194213867188 0.109962463378906
0.0249099731445313 -0.076324462890625 0.0122604370117187 0.120063781738281
0.0481681823730469 -0.0694389343261719 -0.02203369140625 0.0914459228515625
0.0869216918945313 -0.0269393920898437 -0.0294380187988281 0.0606346130371094
0.0962600708007813 -0.00542449951171875 0.0292091369628906 0.0469551086425781
0.0965194702148438 0.0203475952148438 0.0994338989257813 0.125579833984375
0.063629150390625 0.0256309509277344 0.113288879394531 -0.038665771484375
0.0675735473632813 0.0177383422851562 0.170684814453125 0.003021240234375
0.0810546875 -0.003021240234375 0.166305541992188 -0.00994873046875
0.0694351196289063 -0.0304107666015625 0.146636962890625 -0.0404510498046875
0.0423736572265625 -0.0353736877441406 0.0931549072265625 -0.040740966796875
0.0247917175292969 -0.0471839904785156 0.0674819946289062 -0.0233230590820313
0.0163917541503906 -0.0476150512695313 0.0631828308105469 0.0101051330566406
0.0165519714355469 -0.0419998168945313 0.0695419311523438 0.042083740234375
0.0140571594238281 -0.0481147766113281 0.0802078247070313 0.0810470581054688
0.0150604248046875 -0.042694091796875 0.0511703491210938 0.118812561035156
0.0295600891113281 -0.0405807495117187 0.0172576904296875 0.122520446777344
0.0387458801269531 -0.0390815734863281 -0.017120361328125 0.0914993286132813
0.0627059936523438 -0.0109405517578125 -0.0206680297851562 0.0555915832519531
0.0626945495605469 0.0041046142578125 0.0482635498046875 0.0403099060058594
0.0574073791503906 0.0194587707519531 0.127365112304688 0.131866455078125
0.0121994018554687 0.00921535491943359 0.115386962890625 -0.0349578857421875
0.0261802673339844 0.00947761535644531 0.165054321289063 0.0022125244140625
0.0366287231445313 -0.00304794311523438 0.15216064453125 -0.00921630859375
0.0314579010009766 -0.0111751556396484 0.131111145019531 -0.0312423706054688
0.0197048187255859 -0.00436782836914063 0.0798721313476563 -0.0291061401367188
0.0272197723388672 -0.00583839416503906 0.0590095520019531 -0.009033203125
0.0370445251464844 -0.0140151977539063 0.0569381713867188 0.0252227783203125
0.039337158203125 -0.0139694213867188 0.063079833984375 0.0538825988769531
0.0424461364746094 -0.0178909301757812 0.069976806640625 0.0908050537109375
0.0361175537109375 -0.00791168212890625 0.0413589477539062 0.122901916503906
0.0334892272949219 -0.00214195251464844 0.00826263427734376 0.119705200195313
0.0300464630126953 -0.00342941284179688 -0.0217514038085937 0.0884780883789063
0.0337848663330078 0.01312255859375 -0.0226058959960937 0.0520210266113281
0.0210094451904297 0.0202178955078125 0.051239013671875 0.0405006408691406
0.00897026062011719 0.0194454193115234 0.136878967285156 0.136741638183594
-0.0386428833007813 -0.00698852539062499 0.0990447998046875 -0.0441513061523438
-0.0199108123779297 -0.00289535522460937 0.141876220703125 -0.0085906982421875
-0.0160722732543945 -0.0044097900390625 0.129501342773438 -0.0142974853515625
-0.0148944854736328 0.0108823776245117 0.113677978515625 -0.0287399291992188
-0.0078125 0.0316543579101562 0.0678672790527344 -0.0288925170898437
0.0263404846191406 0.0396995544433594 0.0466766357421875 -0.00722122192382812
0.0534286499023438 0.0224990844726563 0.0421867370605469 0.0281410217285156
0.0555648803710938 0.0167579650878906 0.0453567504882813 0.0565414428710938
0.06231689453125 0.013641357421875 0.0477828979492188 0.0947723388671875
0.0496406555175781 0.024078369140625 0.0204696655273438 0.122451782226562
0.0314464569091797 0.0312004089355469 -0.0102157592773437 0.116058349609375
0.0179615020751953 0.0262718200683594 -0.03521728515625 0.0865554809570312
0.00412178039550782 0.0326366424560547 -0.0368270874023438 0.0517807006835937
-0.0230865478515625 0.0327529907226563 0.0367584228515625 0.0466766357421875
-0.0420455932617187 0.017578125 0.125473022460938 0.138839721679688
0.122245788574219 -0.00766754150390625 -0.103988647460937 -0.129600524902344
0.05169677734375 -0.0576515197753906 -0.0134658813476563 -0.0669975280761719
0.0178947448730469 -0.0591773986816406 0.0549392700195313 -0.0575675964355469
-0.00983428955078125 -0.0613822937011719 0.0631332397460938 -0.09478759765625
-0.0313224792480469 -0.0527267456054687 0.0430450439453125 -0.112045288085938
-0.0705947875976563 -0.043060302734375 -0.00122070312499999 -0.122840881347656
-0.0859832763671875 -0.0273361206054687 -0.0323486328125 -0.099151611328125
-0.0783004760742188 -0.0318984985351563 -0.0283203125 -0.0588188171386719
-0.0838775634765625 -0.0471649169921875 -0.025177001953125 -0.0179195404052734
-0.0502471923828125 -0.0740585327148438 -0.0404701232910156 0.0192756652832031
0.00334930419921875 -0.0818099975585938 -0.0576667785644531 0.0465927124023438
0.0422210693359375 -0.057373046875 -0.0883026123046875 0.0389175415039062
0.0698623657226563 -0.0102500915527344 -0.123176574707031 0.0273208618164062
0.081329345703125 0.00421905517578125 -0.127273559570313 0.0338821411132812
0.101821899414063 0.0250091552734375 -0.082305908203125 0.060699462890625
0.152587890625 0.0059967041015625 -0.0513839721679687 -0.124809265136719
0.0860366821289063 -0.0485076904296875 0.0344047546386719 -0.0685844421386719
0.0517692565917969 -0.0572090148925781 0.0902938842773438 -0.060577392578125
0.0189666748046875 -0.07061767578125 0.0950088500976563 -0.098541259765625
-0.00963592529296875 -0.0664138793945313 0.0702056884765625 -0.110214233398438
-0.0568771362304688 -0.0684967041015625 0.0283889770507813 -0.119392395019531
-0.080291748046875 -0.0545120239257812 0.000679016113281254 -0.0924148559570313
-0.0759506225585938 -0.0567474365234375 0.00358963012695312 -0.0488090515136719
-0.0847396850585938 -0.0748672485351562 0.00792455673217773 -0.00348043441772461
-0.0499038696289063 -0.102973937988281 -0.0158424377441406 0.0400390625
0.0165939331054688 -0.110641479492188 -0.0365371704101563 0.068817138671875
0.0648193359375 -0.0835494995117187 -0.0672149658203125 0.0550155639648437
0.106307983398438 -0.0183639526367188 -0.0916213989257813 0.0443267822265625
0.1187744140625 0.004791259765625 -0.0819854736328125 0.0470046997070313
0.133804321289063 0.03033447265625 -0.0320053100585937 0.0806427001953125
0.163192749023438 0.0210418701171875 0.00736999511718751 -0.112190246582031
0.109512329101563 -0.0281143188476563 0.0883407592773438 -0.0594024658203125
0.0866012573242188 -0.0469970703125 0.1280517578125 -0.0571441650390625
0.0523452758789063 -0.0712509155273438 0.125839233398438 -0.0978927612304688
0.0181655883789063 -0.075042724609375 0.0911636352539063 -0.104743957519531
-0.0333099365234375 -0.0854873657226563 0.0533370971679687 -0.108802795410156
-0.0628662109375 -0.0747451782226563 0.0315017700195312 -0.07806396484375
-0.0615081787109375 -0.0735931396484375 0.0355339050292969 -0.0317649841308594
-0.0734634399414062 -0.0894393920898438 0.0434341430664063 0.0157241821289062
-0.045318603515625 -0.112777709960937 0.0154457092285156 0.0658187866210938
0.0188140869140625 -0.122184753417969 -0.0113449096679688 0.0938796997070312
0.069183349609375 -0.100669860839844 -0.0451507568359375 0.0740432739257812
0.121047973632813 -0.029815673828125 -0.063079833984375 0.0599403381347656
0.135490417480469 -0.00223541259765625 -0.0342750549316406 0.0536766052246094
0.144989013671875 0.0284271240234375 0.024169921875 0.0987701416015625
0.1510009765625 0.033966064453125 0.0615692138671875 -0.0933685302734375
0.118247985839844 -0.0040435791015625 0.137969970703125 -0.0429534912109375
0.111076354980469 -0.029754638671875 0.16009521484375 -0.0464630126953125
0.0806808471679688 -0.066864013671875 0.151458740234375 -0.0895233154296875
0.0417938232421875 -0.0745849609375 0.103965759277344 -0.0923309326171875
-0.00679016113281249 -0.0915908813476562 0.068328857421875 -0.0882797241210938
-0.036773681640625 -0.083709716796875 0.0543861389160156 -0.0546875
-0.0371551513671875 -0.0776901245117188 0.0595436096191406 -0.0110282897949219
-0.04974365234375 -0.0915756225585938 0.07275390625 0.0354690551757812
-0.0314865112304687 -0.1041259765625 0.0452346801757812 0.0883560180664063
0.0205612182617187 -0.112991333007813 0.0130844116210938 0.110069274902344
0.0614471435546875 -0.097808837890625 -0.0238800048828125 0.087615966796875
0.115257263183594 -0.0374908447265625 -0.0375328063964844 0.06488037109375
0.130317687988281 -0.0091552734375 0.00772094726562501 0.0519332885742187
0.135780334472656 0.0250167846679687 0.0787353515625 0.112419128417969
0.116172790527344 0.0403900146484375 0.105079650878906 -0.07012939453125
0.103538513183594 0.0182113647460938 0.1729736328125 -0.02557373046875
0.1136474609375 -0.0102386474609375 0.178192138671875 -0.034027099609375
0.091949462890625 -0.0506057739257813 0.160430908203125 -0.075531005859375
0.0542182922363281 -0.0623550415039062 0.106781005859375 -0.0740737915039063
0.0163726806640625 -0.082000732421875 0.075439453125 -0.0617828369140625
-0.0072021484375 -0.077362060546875 0.068115234375 -0.0268669128417969
-0.009185791015625 -0.0706863403320313 0.07464599609375 0.0122604370117187
-0.0171661376953125 -0.0797119140625 0.0907211303710938 0.055755615234375
-0.008056640625 -0.0817337036132813 0.0631484985351562 0.104263305664062
0.027130126953125 -0.0849533081054687 0.0304412841796875 0.119232177734375
0.0536346435546875 -0.0762710571289063 -0.00881958007812499 0.0934524536132813
0.0963592529296875 -0.02978515625 -0.0192680358886719 0.0646133422851563
0.105369567871094 -0.00411224365234375 0.0423011779785156 0.0431327819824219
0.104927062988281 0.0244140625 0.125511169433594 0.120857238769531
0.0658226013183594 0.0345687866210938 0.129066467285156 -0.0511245727539063
0.0715408325195313 0.0256500244140625 0.188766479492187 -0.0117034912109375
0.0884475708007813 0.0038299560546875 0.179702758789063 -0.025665283203125
0.0778350830078125 -0.0297317504882813 0.154861450195313 -0.058563232421875
0.0515365600585938 -0.0374603271484375 0.0968170166015625 -0.0528640747070313
0.0329093933105469 -0.0533485412597656 0.0716629028320313 -0.0344467163085938
0.0227470397949219 -0.0567512512207031 0.0706863403320313 0.000762939453124997
0.0215301513671875 -0.0516548156738281 0.079315185546875 0.0331192016601563
0.0194358825683594 -0.058929443359375 0.0939559936523438 0.0727767944335938
0.0219306945800781 -0.0509872436523438 0.0680923461914062 0.114372253417969
0.0395660400390625 -0.0450973510742188 0.0329513549804688 0.121009826660156
0.0480575561523438 -0.0390472412109375 -0.00437164306640625 0.0931854248046875
0.0693130493164063 -0.00461578369140625 -0.0104789733886719 0.058563232421875
0.0675239562988281 0.0122489929199219 0.0607337951660156 0.0367507934570313
0.060150146484375 0.0288581848144531 0.154281616210938 0.129653930664063
0.00783348083496094 0.0209980010986328 0.129981994628906 -0.0431289672851563
0.0242347717285156 0.0211639404296875 0.181838989257812 -0.009521484375
0.0409584045410156 0.00786590576171875 0.165924072265625 -0.0220184326171875
0.0394554138183594 -0.0037689208984375 0.13873291015625 -0.046051025390625
0.0310935974121094 -0.00109481811523437 0.0820083618164063 -0.038665771484375
0.0406150817871094 -0.0108489990234375 0.0624237060546875 -0.0152206420898437
0.0495185852050781 -0.0243873596191406 0.063446044921875 0.0205955505371094
0.0487861633300781 -0.0243988037109375 0.0695419311523437 0.0500907897949219
0.0532417297363281 -0.0294189453125 0.0797271728515625 0.0869140625
0.0500259399414063 -0.0166473388671875 0.05572509765625 0.119918823242187
0.047576904296875 -0.0035400390625 0.0211868286132813 0.119827270507812
0.042144775390625 0.000202178955078125 -0.0112991333007812 0.092010498046875
0.0399932861328125 0.0236549377441406 -0.0145835876464844 0.0564117431640625
0.0223007202148438 0.0345726013183594 0.0619049072265625 0.0400962829589844
0.00452232360839844 0.03326416015625 0.162200927734375 0.137863159179688
-0.0513420104980469 0.00667572021484374 0.108932495117188 -0.0475616455078125
-0.0274734497070313 0.00966453552246094 0.155517578125 -0.0155181884765625
-0.0191383361816406 0.0102367401123047 0.139701843261719 -0.0250473022460938
-0.00872993469238281 0.0232086181640625 0.118049621582031 -0.0420608520507813
0.0042572021484375 0.0383338928222656 0.0657997131347656 -0.0358047485351563
0.0435028076171875 0.0379753112792969 0.0450172424316406 -0.0101737976074219
0.0678291320800781 0.0124473571777344 0.0441856384277344 0.0295562744140625
0.0695686340332031 0.00664138793945313 0.05029296875 0.0583381652832031
0.0768356323242188 0.00186920166015625 0.0548629760742188 0.0962982177734375
0.0654869079589844 0.0158462524414063 0.0306777954101563 0.123085021972656
0.0482635498046875 0.0319786071777344 -0.00138854980468751 0.11859130859375
0.0310420989990234 0.0325565338134766 -0.0285186767578125 0.0917587280273438
0.00942230224609375 0.0469741821289063 -0.0313186645507813 0.0595283508300781
-0.02618408203125 0.0513114929199219 0.0466423034667969 0.05108642578125
-0.0508499145507813 0.0341644287109375 0.146316528320313 0.144378662109375
0.131439208984375 -0.0301361083984375 -0.1209716796875 -0.136543273925781
0.04791259765625 -0.0751571655273438 -0.0235671997070312 -0.0756683349609375
0.00682830810546875 -0.0716629028320313 0.0494003295898438 -0.0639610290527344
-0.0268898010253906 -0.0666427612304688 0.0572509765625 -0.101608276367188
-0.0463485717773438 -0.0506744384765625 0.0387115478515625 -0.117584228515625
-0.084503173828125 -0.0302734375 -0.00804901123046874 -0.127456665039063
-0.0960006713867188 -0.0124893188476563 -0.0364761352539063 -0.103675842285156
-0.0893173217773438 -0.01812744140625 -0.0302276611328125 -0.0640029907226563
-0.0977554321289062 -0.0326309204101563 -0.0235424041748047 -0.0231971740722656
-0.0667762756347656 -0.0696449279785156 -0.0362396240234375 0.01861572265625
-0.0135421752929688 -0.0869064331054688 -0.0517997741699219 0.0501289367675781
0.0315170288085938 -0.0709609985351563 -0.0858078002929688 0.044036865234375
0.0721817016601563 -0.029632568359375 -0.124969482421875 0.0374221801757812
0.0923690795898438 -0.0155792236328125 -0.135177612304688 0.0391616821289063
0.118759155273438 0.006378173828125 -0.0841064453125 0.0611801147460937
0.164825439453125 -0.013519287109375 -0.0602264404296875 -0.14013671875
0.0841598510742188 -0.0660324096679688 0.02838134765625 -0.0822982788085937
0.0449981689453125 -0.0715560913085938 0.087799072265625 -0.0712890625
0.00752258300781251 -0.0749969482421875 0.0927810668945313 -0.108924865722656
-0.0230331420898438 -0.0659294128417969 0.0664215087890625 -0.121124267578125
-0.0707473754882812 -0.0578384399414063 0.0261917114257812 -0.128402709960938
-0.0917282104492188 -0.0440292358398437 -0.000602722167968749 -0.101913452148438
-0.08734130859375 -0.0482406616210938 0.00492858886718749 -0.0595932006835937
-0.09783935546875 -0.0655975341796875 0.0130338668823242 -0.0147314071655273
-0.0669326782226563 -0.100090026855469 -0.00428009033203125 0.0345363616943359
-0.00018310546874999 -0.120864868164062 -0.0255889892578125 0.068267822265625
0.0574569702148437 -0.100700378417969 -0.06024169921875 0.0594406127929687
0.113601684570313 -0.0368118286132813 -0.0889892578125 0.0513839721679688
0.132781982421875 -0.0143814086914063 -0.0819015502929687 0.049072265625
0.15283203125 0.01544189453125 -0.0272216796875 0.0769577026367188
0.177322387695313 0.0085601806640625 0.00383758544921876 -0.132530212402344
0.111854553222656 -0.0406265258789063 0.0877838134765625 -0.0790252685546875
0.0839385986328125 -0.057464599609375 0.129325866699219 -0.0706253051757813
0.0436325073242188 -0.0787200927734375 0.127113342285156 -0.113410949707031
0.0076446533203125 -0.0739059448242188 0.089080810546875 -0.118568420410156
-0.0439834594726562 -0.0794601440429688 0.0518264770507813 -0.124069213867188
-0.071075439453125 -0.0705795288085937 0.031585693359375 -0.0945358276367187
-0.0704727172851562 -0.069061279296875 0.03814697265625 -0.0475807189941406
-0.0837860107421875 -0.0860519409179687 0.050567626953125 0.00146102905273437
-0.0587158203125 -0.111572265625 0.0290298461914062 0.0558547973632812
0.00561523437500001 -0.131736755371094 0.005096435546875 0.0859527587890625
0.063568115234375 -0.11572265625 -0.0338668823242188 0.0732650756835937
0.128791809082031 -0.0471649169921875 -0.0537834167480469 0.0622367858886719
0.151779174804688 -0.0166168212890625 -0.0295982360839844 0.0508575439453125
0.164520263671875 0.019317626953125 0.0369338989257812 0.090301513671875
0.164138793945313 0.0283660888671875 0.0628433227539063 -0.11419677734375
0.123138427734375 -0.00682830810546875 0.14215087890625 -0.063812255859375
0.116355895996094 -0.0355911254882813 0.164825439453125 -0.0645294189453125
0.0802154541015625 -0.072723388671875 0.152664184570313 -0.10845947265625
0.0392532348632812 -0.0779266357421875 0.104896545410156 -0.108749389648438
-0.011932373046875 -0.091522216796875 0.0691757202148438 -0.105300903320313
-0.0408554077148438 -0.0848312377929687 0.056976318359375 -0.0728988647460938
-0.0440139770507813 -0.0810546875 0.0637931823730469 -0.0276679992675781
-0.059814453125 -0.0939559936523438 0.0814208984375 0.0188980102539062
-0.0404815673828125 -0.106590270996094 0.0605087280273437 0.0773773193359375
0.0132293701171875 -0.122718811035156 0.0303421020507813 0.102447509765625
0.0610733032226563 -0.109855651855469 -0.01177978515625 0.0849761962890625
0.124061584472656 -0.0489120483398438 -0.0253143310546875 0.0644721984863281
0.142684936523437 -0.0176544189453125 0.01641845703125 0.04522705078125
0.149200439453125 0.0203704833984375 0.0974655151367188 0.100669860839844
0.127182006835938 0.04376220703125 0.111785888671875 -0.0889892578125
0.111160278320313 0.020538330078125 0.180099487304688 -0.0438385009765625
0.120925903320313 -0.0114822387695313 0.186782836914063 -0.0532684326171875
0.0985488891601563 -0.0557098388671875 0.164077758789063 -0.09234619140625
0.0576286315917969 -0.066925048828125 0.106681823730469 -0.0878372192382813
0.0166168212890625 -0.0865859985351563 0.0749053955078125 -0.07806396484375
-0.00865936279296875 -0.0840530395507813 0.0721282958984375 -0.0421066284179688
-0.00830078124999999 -0.0780029296875 0.0811080932617188 -0.00321197509765626
-0.0195159912109375 -0.0890121459960938 0.0991744995117188 0.0401458740234375
-0.00946044921875 -0.0875167846679688 0.0806198120117188 0.09002685546875
0.0281600952148437 -0.0924911499023437 0.0463485717773438 0.108856201171875
0.057769775390625 -0.0834121704101563 0.00399017333984376 0.088348388671875
0.106758117675781 -0.03411865234375 -0.00656127929687499 0.0629768371582031
0.11737060546875 -0.00421905517578125 0.0533409118652344 0.0356712341308594
0.117843627929688 0.0279769897460938 0.148147583007813 0.109359741210938
0.0716781616210938 0.0453033447265625 0.141159057617188 -0.067596435546875
0.0783843994140625 0.0336456298828125 0.201553344726563 -0.0299224853515625
0.0978546142578125 0.0103073120117188 0.186904907226563 -0.044189453125
0.087890625 -0.0310745239257813 0.159698486328125 -0.074951171875
0.0585975646972656 -0.0416221618652344 0.0969085693359375 -0.0661468505859375
0.0402755737304688 -0.0616836547851563 0.0734024047851563 -0.0448837280273438
0.0273170471191406 -0.0684700012207031 0.074951171875 -0.00982666015625
0.0255279541015625 -0.0642738342285156 0.08447265625 0.0219879150390625
0.0229148864746094 -0.0695571899414063 0.101661682128906 0.0601882934570313
0.0276451110839844 -0.0598602294921875 0.0821914672851563 0.103584289550781
0.0471763610839844 -0.0496139526367187 0.0480575561523438 0.114234924316406
0.0570640563964844 -0.0433692932128906 0.00699615478515626 0.0911712646484375
0.077972412109375 -0.00264739990234375 0.00174331665039063 0.0577735900878906
0.0768203735351562 0.0217437744140625 0.0708847045898438 0.0300979614257812
0.0638847351074219 0.0383338928222656 0.176589965820313 0.11749267578125
0.00417709350585938 0.0374526977539063 0.14154052734375 -0.0569000244140625
0.028045654296875 0.0364913940429688 0.1978759765625 -0.021209716796875
0.048797607421875 0.0198822021484375 0.17291259765625 -0.03765869140625
0.0507850646972656 0.000885009765625 0.140899658203125 -0.0618438720703125
0.0432777404785156 -6.4849853515625E-05 0.0812454223632813 -0.0451431274414063
0.0527305603027344 -0.0195884704589844 0.0597763061523438 -0.0211410522460938
0.0543098449707031 -0.0385017395019531 0.0661125183105469 0.0165519714355469
0.0577735900878906 -0.0374565124511719 0.0756301879882813 0.0442123413085938
0.0630378723144531 -0.0449714660644531 0.088134765625 0.0787582397460938
0.057403564453125 -0.02777099609375 0.0689849853515625 0.111763000488281
0.0623130798339844 -0.00835800170898438 0.0325088500976563 0.114051818847656
0.0564460754394531 0.00038909912109375 -0.00139617919921874 0.090118408203125
0.0504646301269531 0.0339469909667969 -0.0038299560546875 0.0561561584472656
0.0285911560058594 0.0483818054199219 0.075775146484375 0.035736083984375
0.00449371337890625 0.0499267578125 0.183700561523438 0.130599975585937
-0.0592727661132813 0.0237579345703125 0.120185852050781 -0.05255126953125
-0.0316867828369141 0.0278148651123047 0.169525146484375 -0.0251922607421875
-0.0125408172607422 0.0274715423583984 0.147979736328125 -0.0389404296875
0.00379180908203125 0.0344867706298828 0.117439270019531 -0.0552444458007813
0.0207595825195313 0.0429534912109375 0.0611419677734375 -0.0418128967285156
0.0607414245605469 0.0302772521972656 0.0419502258300781 -0.0126724243164062
0.0788803100585938 -0.0012969970703125 0.0467643737792969 0.0299415588378906
0.0795974731445313 -0.00881195068359375 0.05517578125 0.0576820373535156
0.089569091796875 -0.0147552490234375 0.06207275390625 0.0940628051757813
0.07977294921875 0.00194549560546875 0.037872314453125 0.1202392578125
0.0647239685058594 0.0275077819824219 0.00519561767578126 0.118316650390625
0.0476150512695313 0.0365180969238281 -0.0193405151367188 0.0964508056640625
0.0205879211425781 0.0619964599609375 -0.0223464965820313 0.0645637512207031
-0.0211944580078125 0.07281494140625 0.0562248229980469 0.05242919921875
-0.0561943054199219 0.0541534423828125 0.168289184570312 0.1434326171875
0.137939453125 -0.054473876953125 -0.13677978515625 -0.144378662109375
0.0389556884765625 -0.0943374633789063 -0.0366897583007812 -0.0796051025390625
-0.00701904296875 -0.0827789306640625 0.044830322265625 -0.0693740844726563
-0.0440902709960937 -0.0674667358398438 0.0535430908203125 -0.104415893554688
-0.0612106323242188 -0.0430526733398438 0.0361328125 -0.121856689453125
-0.096160888671875 -0.0137176513671875 -0.01019287109375 -0.131828308105469
-0.103096008300781 0.00478363037109373 -0.03863525390625 -0.107765197753906
-0.0967941284179687 -0.00427246093750001 -0.032379150390625 -0.069976806640625
-0.108924865722656 -0.0164031982421875 -0.0242595672607422 -0.0297145843505859
-0.0820388793945312 -0.0572280883789062 -0.0316505432128906 0.0152568817138672
-0.0306320190429688 -0.0892791748046875 -0.0452499389648437 0.0484428405761719
0.0177536010742187 -0.0827102661132813 -0.0836105346679688 0.048431396484375
0.0716323852539063 -0.0483474731445313 -0.125625610351562 0.044921875
0.09844970703125 -0.0372314453125 -0.140037536621094 0.04656982421875
0.130966186523438 -0.0138931274414063 -0.0880126953125 0.0619735717773437
0.173095703125 -0.0331573486328125 -0.073883056640625 -0.15478515625
0.0790557861328125 -0.0803451538085938 0.0186920166015625 -0.0954437255859375
0.0332717895507812 -0.0803146362304688 0.0840072631835938 -0.0801467895507813
-0.008026123046875 -0.0782699584960938 0.0889434814453125 -0.117927551269531
-0.0340690612792969 -0.06048583984375 0.0653228759765625 -0.129104614257813
-0.079925537109375 -0.0454025268554687 0.0225296020507813 -0.138603210449219
-0.0977859497070313 -0.0305938720703125 -0.00167083740234375 -0.114479064941406
-0.0941848754882813 -0.037506103515625 0.00323486328125 -0.0709304809570313
-0.109001159667969 -0.0527572631835938 0.0135250091552734 -0.0264854431152344
-0.0802536010742188 -0.0928955078125 0.00142097473144531 0.0273265838623047
-0.0162353515625 -0.124763488769531 -0.0161933898925781 0.0626373291015625
0.0466384887695313 -0.112899780273437 -0.0546531677246094 0.0582084655761719
0.115959167480469 -0.056396484375 -0.08453369140625 0.0550460815429688
0.1427001953125 -0.033416748046875 -0.084320068359375 0.0494003295898438
0.168472290039063 -0.0024566650390625 -0.025177001953125 0.0699653625488281
0.187698364257813 -0.0052947998046875 -0.00485229492187498 -0.152587890625
0.11163330078125 -0.05078125 0.0806350708007813 -0.0965805053710938
0.07861328125 -0.0640716552734375 0.126960754394531 -0.0854949951171875
0.0358810424804687 -0.0818557739257812 0.124198913574219 -0.12701416015625
0.000808715820312507 -0.0742874145507813 0.088592529296875 -0.131988525390625
-0.0512847900390625 -0.0735244750976563 0.050140380859375 -0.136482238769531
-0.0770263671875 -0.0622177124023438 0.0308074951171875 -0.109138488769531
-0.0767593383789063 -0.0634841918945313 0.0375785827636719 -0.0619163513183594
-0.0948638916015625 -0.0782012939453125 0.0527000427246094 -0.0151405334472656
-0.070709228515625 -0.110092163085937 0.0366706848144531 0.0441513061523437
-0.00487518310546874 -0.138946533203125 0.0151214599609375 0.0792617797851562
0.0558700561523437 -0.130050659179688 -0.025543212890625 0.0696792602539062
0.134452819824219 -0.0653839111328125 -0.0466575622558594 0.0625152587890625
0.160568237304688 -0.0341949462890625 -0.0258941650390625 0.0463180541992188
0.18035888671875 0.0061492919921875 0.0447006225585938 0.078826904296875
0.174362182617188 0.0242462158203125 0.0627365112304688 -0.137184143066406
0.129020690917969 -0.0143966674804688 0.140823364257813 -0.08563232421875
0.116874694824219 -0.0403366088867188 0.165939331054688 -0.079925537109375
0.0782699584960938 -0.077239990234375 0.15179443359375 -0.124496459960938
0.0359115600585937 -0.07940673828125 0.103080749511719 -0.121772766113281
-0.0161209106445312 -0.0926742553710937 0.067169189453125 -0.119590759277344
-0.0478286743164063 -0.0843048095703125 0.0563507080078125 -0.0875473022460938
-0.0481338500976563 -0.081146240234375 0.0643730163574219 -0.0427131652832031
-0.0649032592773438 -0.0938034057617187 0.0857315063476563 0.00205230712890624
-0.0472030639648438 -0.109397888183594 0.0691909790039063 0.0601272583007813
0.00808715820312501 -0.130416870117188 0.042083740234375 0.0911026000976562
0.0586776733398438 -0.122123718261719 -0.000442504882812496 0.0778884887695312
0.130874633789063 -0.0619735717773438 -0.0159988403320312 0.0626182556152344
0.154052734375 -0.0269775390625 0.0248565673828125 0.0349693298339844
0.165939331054687 0.01629638671875 0.110908508300781 0.0853195190429688
0.137725830078125 0.04620361328125 0.117584228515625 -0.113189697265625
0.120361328125 0.0220184326171875 0.18707275390625 -0.0671844482421875
0.130157470703125 -0.0121383666992187 0.190338134765625 -0.0705413818359375
0.104667663574219 -0.0611953735351563 0.163558959960938 -0.112258911132812
0.0622787475585937 -0.0721969604492188 0.104377746582031 -0.101669311523438
0.017242431640625 -0.09320068359375 0.0751190185546875 -0.091766357421875
-0.01019287109375 -0.0918960571289062 0.0726852416992188 -0.05780029296875
-0.0114898681640625 -0.0854415893554688 0.0826644897460938 -0.0176467895507813
-0.0235977172851562 -0.0940704345703125 0.105941772460938 0.0225982666015625
-0.0111465454101563 -0.0957489013671875 0.0892105102539063 0.075225830078125
0.0304183959960938 -0.101303100585938 0.0580825805664062 0.098175048828125
0.0618743896484375 -0.0922012329101563 0.0148391723632813 0.0799713134765625
0.115180969238281 -0.0370712280273438 0.00371170043945313 0.0554466247558594
0.126846313476563 -0.00556182861328125 0.0608291625976563 0.0242195129394531
0.127708435058594 0.0326156616210938 0.16473388671875 0.0933380126953125
0.0783538818359375 0.0560073852539063 0.149948120117188 -0.0876617431640625
0.085540771484375 0.0427703857421875 0.212066650390625 -0.05035400390625
0.109397888183594 0.0117645263671875 0.193893432617187 -0.060211181640625
0.0997467041015625 -0.03314208984375 0.158767700195312 -0.093505859375
0.0694465637207031 -0.0462455749511719 0.0955047607421875 -0.0761947631835938
0.0449981689453125 -0.0738296508789062 0.072296142578125 -0.0567092895507813
0.027587890625 -0.0821533203125 0.0767898559570313 -0.021575927734375
0.0274276733398437 -0.0763168334960938 0.087432861328125 0.0113754272460937
0.023468017578125 -0.0857925415039063 0.109146118164063 0.0451126098632812
0.0304183959960937 -0.0719833374023438 0.0904388427734375 0.0885086059570312
0.0560684204101563 -0.0604324340820313 0.056121826171875 0.102668762207031
0.0694808959960938 -0.0468215942382813 0.0184783935546875 0.0816192626953125
0.0916900634765625 0.001678466796875 0.0116729736328125 0.0506019592285156
0.085418701171875 0.0290374755859375 0.0830078125 0.0199203491210938
0.0736083984375 0.0514144897460938 0.199203491210938 0.105575561523438
0.00657272338867188 0.0533103942871094 0.153472900390625 -0.0686798095703125
0.0321578979492188 0.0495033264160156 0.208480834960937 -0.0387115478515625
0.0589179992675781 0.0311279296875 0.179580688476563 -0.053497314453125
0.0669784545898438 0.0029449462890625 0.140731811523438 -0.0764923095703125
0.0575599670410156 -0.00434112548828125 0.077056884765625 -0.0543365478515625
0.0623588562011719 -0.0323944091796875 0.0605888366699219 -0.0263214111328125
0.0601348876953125 -0.0556716918945313 0.0694351196289063 0.00959777832031249
0.0623092651367188 -0.0554962158203125 0.0775985717773438 0.0371017456054688
0.0655441284179688 -0.0647201538085938 0.0930862426757813 0.0697479248046875
0.0679740905761719 -0.0441398620605469 0.0724563598632812 0.102798461914062
0.0764923095703125 -0.0188674926757812 0.0386123657226563 0.108062744140625
0.073089599609375 -0.00122833251953125 0.00783538818359375 0.0837936401367188
0.0653266906738281 0.0437240600585938 0.00481414794921876 0.0527076721191406
0.0377578735351563 0.0666160583496094 0.0853195190429688 0.0286941528320313
0.00857162475585937 0.0684165954589844 0.205795288085938 0.122024536132813
-0.0629653930664063 0.0431137084960938 0.130332946777344 -0.0594635009765625
-0.0309104919433594 0.0452957153320313 0.179962158203125 -0.0362396240234375
-0.00630569458007813 0.0417633056640625 0.149765014648438 -0.052001953125
0.0171051025390625 0.0419082641601563 0.114593505859375 -0.0658035278320313
0.0344619750976563 0.0420341491699219 0.056182861328125 -0.0443153381347656
0.0736160278320313 0.0182647705078125 0.0404701232910156 -0.00973892211914062
0.0879745483398438 -0.0185165405273438 0.0491752624511719 0.0303535461425781
0.0871734619140625 -0.0269927978515625 0.0563735961914063 0.0571250915527344
0.0951690673828125 -0.0361328125 0.0649490356445313 0.0920791625976563
0.0894927978515625 -0.0143051147460937 0.0419921875 0.11553955078125
0.0829010009765625 0.01812744140625 0.00952148437500001 0.114814758300781
0.0667800903320313 0.0360336303710938 -0.0109786987304688 0.0929107666015625
0.03533935546875 0.0744476318359375 -0.01434326171875 0.0636253356933594
-0.0123672485351563 0.0916213989257813 0.0679893493652344 0.0520362854003906
-0.054443359375 0.0756378173828125 0.187240600585938 0.14337158203125
0.138969421386719 -0.0799407958984375 -0.15716552734375 -0.150314331054688
0.0254745483398437 -0.110832214355469 -0.0500259399414062 -0.0843429565429688
-0.0247039794921875 -0.0904922485351562 0.0399169921875 -0.0716400146484375
-0.062957763671875 -0.0645370483398438 0.0507965087890625 -0.10784912109375
-0.0750274658203125 -0.0335235595703125 0.0352096557617187 -0.126533508300781
-0.103263854980469 0.00447845458984377 -0.0127410888671875 -0.136306762695313
-0.106422424316406 0.0232009887695313 -0.0424728393554688 -0.114883422851563
-0.101966857910156 0.011810302734375 -0.03570556640625 -0.076507568359375
-0.115142822265625 0.00177001953125001 -0.0266494750976563 -0.0377235412597656
-0.0946197509765625 -0.045135498046875 -0.0276432037353516 0.00976181030273437
-0.048431396484375 -0.0871505737304688 -0.0402488708496094 0.0451393127441406
0.00273895263671876 -0.0903854370117188 -0.0820236206054687 0.052215576171875
0.0657844543457031 -0.0678634643554688 -0.126510620117188 0.0521392822265625
0.098724365234375 -0.0611190795898438 -0.14825439453125 0.0527496337890625
0.14044189453125 -0.0373611450195313 -0.0955581665039063 0.0627593994140625
0.179779052734375 -0.055267333984375 -0.0916748046875 -0.170394897460938
0.07073974609375 -0.0950927734375 0.00662994384765625 -0.106964111328125
0.021148681640625 -0.0871124267578125 0.0804367065429688 -0.0889816284179688
-0.0235366821289062 -0.0770111083984375 0.0858535766601563 -0.127471923828125
-0.0447616577148438 -0.053497314453125 0.0638885498046875 -0.138954162597656
-0.08673095703125 -0.0307693481445312 0.019805908203125 -0.149124145507813
-0.102020263671875 -0.0165939331054687 -0.00566101074218751 -0.127616882324219
-0.100364685058594 -0.0247039794921875 -0.000129699707031258 -0.083343505859375
-0.118118286132813 -0.0390472412109375 0.0118408203125 -0.0390968322753906
-0.0936203002929688 -0.08477783203125 0.00630950927734374 0.0173835754394531
-0.0320663452148438 -0.126693725585938 -0.00985336303710937 0.0549659729003906
0.0334320068359375 -0.125328063964844 -0.0515289306640625 0.0561714172363281
0.115242004394531 -0.0764846801757813 -0.0818023681640625 0.05755615234375
0.148513793945313 -0.0565185546875 -0.0874862670898437 0.0496139526367188
0.1827392578125 -0.0233612060546875 -0.0265312194824219 0.0643043518066406
0.197830200195313 -0.0195159912109375 -0.0169677734375 -0.174896240234375
0.109939575195313 -0.0611648559570313 0.0721588134765625 -0.114616394042969
0.0738296508789063 -0.070526123046875 0.125190734863281 -0.097991943359375
0.0273208618164063 -0.0830230712890625 0.122848510742188 -0.14019775390625
-0.0052642822265625 -0.0708847045898438 0.087738037109375 -0.144073486328125
-0.0558929443359375 -0.0654106140136719 0.046173095703125 -0.150436401367188
-0.0824356079101563 -0.0556488037109375 0.0270156860351563 -0.124618530273438
-0.082733154296875 -0.0579757690429688 0.0340347290039062 -0.076812744140625
-0.103416442871094 -0.0723114013671875 0.0520820617675781 -0.0317420959472656
-0.0812835693359375 -0.107177734375 0.0423774719238281 0.0304908752441406
-0.01806640625 -0.144821166992188 0.0227432250976563 0.0679054260253906
0.047576904296875 -0.14251708984375 -0.0208663940429688 0.0635414123535156
0.137039184570313 -0.0828704833984375 -0.0411109924316406 0.0588912963867188
0.171112060546875 -0.052734375 -0.0256004333496094 0.0407333374023438
0.197189331054688 -0.0080413818359375 0.0496406555175781 0.0661201477050781
0.188644409179688 0.0189971923828125 0.057281494140625 -0.1630859375
0.133430480957031 -0.0181045532226563 0.136978149414063 -0.106910705566406
0.120315551757813 -0.044708251953125 0.1658935546875 -0.096282958984375
0.0784835815429688 -0.0821304321289063 0.151702880859375 -0.141860961914063
0.035797119140625 -0.0825042724609375 0.101455688476563 -0.137054443359375
-0.019500732421875 -0.092315673828125 0.0643539428710938 -0.136154174804688
-0.0507965087890625 -0.0863494873046875 0.0519561767578125 -0.105911254882813
-0.0530471801757812 -0.0816802978515625 0.0623321533203125 -0.0590286254882813
-0.0720443725585938 -0.0936965942382813 0.0865097045898438 -0.0161895751953125
-0.0551910400390625 -0.112258911132813 0.0750579833984375 0.044097900390625
0.00095367431640625 -0.137969970703125 0.05010986328125 0.0788345336914062
0.0554122924804687 -0.134513854980469 0.00523757934570313 0.0683059692382813
0.138214111328125 -0.0745315551757812 -0.008636474609375 0.0542030334472656
0.16650390625 -0.03936767578125 0.0284805297851563 0.0251655578613281
0.183609008789063 0.00970458984375 0.1220703125 0.0692977905273438
0.151351928710938 0.04974365234375 0.118675231933594 -0.139572143554688
0.130966186523438 0.0238800048828125 0.188674926757813 -0.0896453857421875
0.140670776367188 -0.013031005859375 0.193038940429688 -0.0869140625
0.111778259277344 -0.0684127807617188 0.16485595703125 -0.1300048828125
0.0668792724609375 -0.0789642333984375 0.103691101074219 -0.115303039550781
0.0173263549804688 -0.101631164550781 0.0729827880859375 -0.10540771484375
-0.0134201049804688 -0.101455688476563 0.0697250366210938 -0.0729293823242188
-0.014434814453125 -0.0937957763671875 0.0807418823242187 -0.0321273803710938
-0.0282821655273437 -0.103759765625 0.106956481933594 0.00481414794921874
-0.0147552490234375 -0.104042053222656 0.0938949584960937 0.05889892578125
0.0308761596679688 -0.112663269042969 0.0643768310546875 0.0854415893554688
0.0665740966796875 -0.103378295898438 0.0212631225585937 0.0688056945800781
0.126182556152344 -0.0436553955078125 0.0120315551757813 0.0456733703613281
0.140304565429688 -0.00797271728515625 0.0684013366699219 0.0109939575195313
0.144287109375 0.035125732421875 0.180282592773438 0.07586669921875
0.0896224975585938 0.0678329467773438 0.157699584960938 -0.110626220703125
0.0979843139648438 0.0528335571289063 0.219329833984375 -0.071441650390625
0.125373840332031 0.0162887573242188 0.199127197265625 -0.0776214599609375
0.113807678222656 -0.0386810302734375 0.159881591796875 -0.110366821289063
0.07952880859375 -0.0545883178710938 0.0936737060546875 -0.0864028930664062
0.0483169555664062 -0.0862503051757813 0.0712356567382813 -0.066680908203125
0.0267868041992187 -0.0966873168945313 0.0767364501953125 -0.033416748046875
0.0260238647460938 -0.0908279418945313 0.0871658325195312 0.000175476074218744
0.0211868286132812 -0.100677490234375 0.110862731933594 0.031829833984375
0.032562255859375 -0.0866241455078125 0.093902587890625 0.0746688842773438
0.0631790161132813 -0.0741195678710938 0.0619049072265625 0.09197998046875
0.0811614990234375 -0.0570907592773438 0.0246353149414063 0.0713958740234375
0.107048034667969 0.00247955322265625 0.0195388793945313 0.0417098999023438
0.0998992919921875 0.0362930297851563 0.0923385620117188 0.0071258544921875
0.086639404296875 0.0637969970703125 0.218124389648437 0.0896759033203125
0.0137939453125 0.0716552734375 0.165542602539063 -0.085693359375
0.0420913696289062 0.0640983581542969 0.220245361328125 -0.0563507080078125
0.07489013671875 0.0401611328125 0.184616088867188 -0.0697479248046875
0.0839691162109375 0.00103759765625 0.14013671875 -0.0894546508789063
0.0712203979492188 -0.012542724609375 0.0738525390625 -0.0603103637695312
0.0710220336914063 -0.0479660034179688 0.0596504211425781 -0.0314750671386719
0.0632476806640625 -0.07354736328125 0.0703887939453125 0.0042266845703125
0.0628204345703125 -0.0741653442382812 0.0804214477539063 0.0321044921875
0.065826416015625 -0.0851669311523438 0.096282958984375 0.0623397827148437
0.072265625 -0.0626983642578125 0.0745697021484375 0.0931625366210938
0.0893402099609375 -0.031982421875 0.0421218872070313 0.100753784179688
0.0893478393554688 -0.00832366943359375 0.0149917602539063 0.07763671875
0.083465576171875 0.0508346557617188 0.0129318237304688 0.0468597412109375
0.0526657104492188 0.0815658569335938 0.0963592529296875 0.0221939086914063
0.0181503295898437 0.08734130859375 0.227890014648438 0.112930297851562
-0.0626564025878906 0.06536865234375 0.14208984375 -0.068359375
-0.025146484375 0.064483642578125 0.192047119140625 -0.0484161376953125
0.00444412231445312 0.0573043823242188 0.153640747070313 -0.0640106201171875
0.0351791381835938 0.0450820922851563 0.111839294433594 -0.0739898681640625
0.0504913330078125 0.03900146484375 0.0517997741699219 -0.0458450317382813
0.0860671997070313 0.00287628173828125 0.0397186279296875 -0.00808334350585938
0.0935134887695313 -0.0380096435546875 0.0517120361328125 0.0320472717285156
0.0898666381835937 -0.0460662841796875 0.0598373413085938 0.0579795837402344
0.0979461669921875 -0.0583267211914063 0.0687408447265625 0.0916671752929687
0.0959930419921875 -0.033416748046875 0.0431060791015625 0.113182067871094
0.097747802734375 0.0040130615234375 0.0130157470703125 0.113044738769531
0.0854568481445313 0.02947998046875 -0.00593566894531249 0.090118408203125
0.05291748046875 0.0838088989257813 -0.00655364990234374 0.0628204345703125
0.00141143798828126 0.111625671386719 0.078857421875 0.0506134033203125
-0.0500564575195312 0.0988616943359375 0.208908081054688 0.141128540039062
0.1361083984375 -0.108222961425781 -0.183746337890625 -0.156021118164063
0.00760650634765626 -0.127082824707031 -0.0673370361328125 -0.0863571166992188
-0.0457305908203125 -0.0953521728515625 0.0355072021484375 -0.074432373046875
-0.0830535888671875 -0.0560836791992188 0.0481796264648437 -0.1123046875
-0.0870742797851563 -0.0197601318359375 0.0342483520507812 -0.134078979492188
-0.107421875 0.0266036987304688 -0.016998291015625 -0.14410400390625
-0.106353759765625 0.04351806640625 -0.0486984252929688 -0.124496459960938
-0.103866577148438 0.0311431884765625 -0.0416412353515625 -0.084625244140625
-0.119400024414063 0.0225982666015625 -0.0321006774902344 -0.0457115173339844
-0.104827880859375 -0.0293197631835938 -0.0266246795654297 0.00331115722656249
-0.0671005249023438 -0.0809326171875 -0.0381698608398438 0.0417327880859375
-0.0155563354492188 -0.0954513549804688 -0.0821609497070312 0.0561065673828125
0.055908203125 -0.0876235961914062 -0.128273010253906 0.0613937377929687
0.0949859619140625 -0.0868759155273438 -0.1575927734375 0.0634002685546875
0.145965576171875 -0.0650177001953125 -0.104194641113281 0.0672378540039063
0.18316650390625 -0.0801544189453125 -0.116287231445313 -0.186767578125
0.05963134765625 -0.109962463378906 -0.009429931640625 -0.117233276367187
0.00658416748046875 -0.0927886962890625 0.075714111328125 -0.0984115600585938
-0.0393218994140625 -0.0722427368164063 0.0834121704101563 -0.138130187988281
-0.0543174743652344 -0.0435447692871094 0.06195068359375 -0.150833129882813
-0.0905303955078125 -0.0148162841796875 0.0150299072265625 -0.162078857421875
-0.104446411132813 -0.00157165527343748 -0.0136566162109375 -0.142440795898438
-0.103897094726563 -0.01129150390625 -0.00725555419921876 -0.0968551635742188
-0.125007629394531 -0.0239105224609375 0.00683975219726562 -0.0529708862304687
-0.105697631835938 -0.073883056640625 0.00695466995239257 0.00594711303710937
-0.050262451171875 -0.127113342285156 -0.00672912597656251 0.0470046997070312
0.0176620483398438 -0.135787963867187 -0.0501060485839844 0.0541763305664063
0.110946655273438 -0.0988693237304688 -0.0801239013671875 0.0591812133789062
0.151748657226563 -0.0826568603515625 -0.09259033203125 0.0515594482421875
0.195602416992188 -0.048095703125 -0.0302276611328125 0.0596084594726562
0.20904541015625 -0.0376129150390625 -0.0370635986328125 -0.19940185546875
0.1077880859375 -0.0726318359375 0.059417724609375 -0.131401062011719
0.0686111450195313 -0.0760116577148438 0.122787475585938 -0.112022399902344
0.0185775756835937 -0.0837249755859375 0.11968994140625 -0.156814575195313
-0.0108070373535156 -0.067138671875 0.0843048095703125 -0.1605224609375
-0.0596923828125 -0.0577507019042969 0.0406646728515625 -0.168197631835938
-0.0861587524414063 -0.0490798950195313 0.0185546875 -0.14404296875
-0.0886459350585938 -0.0519485473632813 0.0273971557617187 -0.093536376953125
-0.11187744140625 -0.0645294189453125 0.0471343994140625 -0.0500564575195313
-0.093536376953125 -0.103294372558594 0.0442314147949219 0.0156669616699219
-0.0335540771484375 -0.150161743164062 0.0263786315917969 0.0561866760253906
0.0357513427734375 -0.156356811523437 -0.018035888671875 0.056549072265625
0.138984680175781 -0.103767395019531 -0.0364646911621094 0.0544929504394531
0.179275512695313 -0.0758514404296875 -0.0267314910888672 0.0336952209472656
0.214706420898438 -0.0280609130859375 0.0518836975097656 0.0540008544921875
0.204925537109375 0.0087738037109375 0.044403076171875 -0.192825317382813
0.140312194824219 -0.0240707397460937 0.129783630371094 -0.129814147949219
0.126495361328125 -0.0509490966796875 0.166427612304688 -0.114227294921875
0.0782241821289063 -0.0885162353515625 0.14971923828125 -0.161956787109375
0.0350418090820313 -0.0856170654296875 0.098388671875 -0.15447998046875
-0.0232467651367187 -0.0939483642578125 0.0586700439453125 -0.154739379882813
-0.0565414428710937 -0.0884246826171875 0.0445480346679687 -0.125396728515625
-0.058807373046875 -0.0840606689453125 0.056121826171875 -0.0756683349609375
-0.0809860229492188 -0.0958251953125 0.0825881958007813 -0.0358200073242188
-0.0648880004882813 -0.115264892578125 0.0771102905273438 0.02734375
-0.0079193115234375 -0.148422241210938 0.0536689758300781 0.064605712890625
0.050079345703125 -0.149932861328125 0.00902557373046876 0.0576286315917969
0.14501953125 -0.09112548828125 -0.00345230102539061 0.0452728271484375
0.179244995117188 -0.05548095703125 0.0302810668945313 0.0126972198486328
0.20245361328125 -0.00140380859375 0.130592346191406 0.0506362915039063
0.16961669921875 0.0507354736328125 0.114013671875 -0.16998291015625
0.145233154296875 0.0236358642578125 0.188858032226563 -0.115081787109375
0.155807495117188 -0.017791748046875 0.196441650390625 -0.108123779296875
0.120155334472656 -0.078765869140625 0.163345336914063 -0.150588989257813
0.0719146728515625 -0.0882415771484375 0.101173400878906 -0.130622863769531
0.0154953002929688 -0.111610412597656 0.0679931640625 -0.122146606445313
-0.0189285278320313 -0.112312316894531 0.0645523071289063 -0.0905685424804688
-0.0202407836914062 -0.103622436523438 0.0766448974609375 -0.0472793579101563
-0.0367202758789062 -0.113372802734375 0.105140686035156 -0.012786865234375
-0.0203781127929688 -0.114913940429688 0.0959396362304688 0.0425567626953125
0.028594970703125 -0.126487731933594 0.06781005859375 0.0719985961914062
0.0692062377929688 -0.118476867675781 0.0240402221679688 0.0576438903808594
0.138984680175781 -0.0542831420898438 0.0173816680908203 0.0345211029052734
0.156768798828125 -0.014556884765625 0.0737457275390625 -0.00579833984375
0.164566040039063 0.034332275390625 0.195404052734375 0.0554351806640625
0.106948852539063 0.0787506103515625 0.161117553710938 -0.13861083984375
0.116500854492188 0.059539794921875 0.226287841796875 -0.09649658203125
0.146453857421875 0.01629638671875 0.203994750976563 -0.0984954833984375
0.129058837890625 -0.0497665405273438 0.15869140625 -0.129364013671875
0.0894699096679687 -0.0671157836914062 0.0908966064453125 -0.0984344482421875
0.049224853515625 -0.102607727050781 0.0682525634765625 -0.0785293579101563
0.0219650268554688 -0.11468505859375 0.07470703125 -0.0458755493164063
0.0218963623046875 -0.107688903808594 0.0860595703125 -0.0110244750976563
0.0145034790039062 -0.118911743164063 0.111083984375 0.0189437866210937
0.0298004150390625 -0.103050231933594 0.09521484375 0.0624008178710938
0.0688629150390625 -0.091552734375 0.0639801025390625 0.0810470581054688
0.091888427734375 -0.0710601806640625 0.0272140502929688 0.059844970703125
0.126548767089844 -0.000640869140625 0.0256309509277344 0.0306491851806641
0.120719909667969 0.040863037109375 0.099822998046875 -0.00832366943359375
0.1058349609375 0.0738067626953125 0.238616943359375 0.0708465576171875
0.0274810791015625 0.0900344848632813 0.174957275390625 -0.108779907226563
0.058074951171875 0.0785598754882813 0.231185913085938 -0.078704833984375
0.0961990356445313 0.0456771850585938 0.189239501953125 -0.08892822265625
0.102790832519531 -0.0061798095703125 0.137290954589844 -0.104698181152344
0.0853729248046875 -0.0244369506835937 0.071807861328125 -0.0666351318359375
0.0764617919921875 -0.0683364868164063 0.0590972900390625 -0.0364990234375
0.0614013671875 -0.0960540771484375 0.0720672607421875 -0.00170135498046876
0.0599899291992187 -0.09478759765625 0.0814971923828125 0.0263824462890625
0.0621795654296875 -0.108627319335938 0.098876953125 0.055755615234375
0.073883056640625 -0.0831832885742188 0.0757675170898438 0.0862655639648437
0.100341796875 -0.0509490966796875 0.0441665649414063 0.0946807861328125
0.107284545898438 -0.021697998046875 0.017822265625 0.0694160461425781
0.105857849121094 0.0533981323242188 0.0192298889160156 0.0387496948242188
0.073944091796875 0.0942306518554688 0.108085632324219 0.0101089477539063
0.03424072265625 0.107009887695313 0.25189208984375 0.098388671875
-0.0570297241210937 0.0893478393554688 0.153610229492188 -0.084136962890625
-0.014068603515625 0.0846633911132812 0.204818725585938 -0.0651092529296875
0.022186279296875 0.0702972412109375 0.157135009765625 -0.078948974609375
0.0546188354492188 0.0445480346679688 0.109031677246094 -0.0842514038085938
0.0659599304199219 0.030975341796875 0.0481338500976563 -0.0464210510253906
0.0950775146484375 -0.0162582397460938 0.0411911010742188 -0.00720977783203125
0.094146728515625 -0.060333251953125 0.0560035705566406 0.0336151123046875
0.0894546508789063 -0.0679473876953125 0.0637588500976563 0.0589179992675781
0.0961380004882812 -0.0832061767578125 0.0735092163085938 0.0925674438476563
0.099700927734375 -0.056121826171875 0.0441207885742188 0.113136291503906
0.111892700195313 -0.0146560668945312 0.0143966674804688 0.1129150390625
0.105186462402344 0.0180587768554688 -0.0024261474609375 0.087127685546875
0.07635498046875 0.0903167724609375 3.81469726563056E-06 0.0604705810546875
0.02178955078125 0.130653381347656 0.093017578125 0.0465621948242188
-0.0395736694335938 0.1240234375 0.234283447265625 0.136215209960938
0.124809265136719 -0.140007019042969 -0.217727661132813 -0.154037475585938
-0.01776123046875 -0.138389587402344 -0.0866622924804688 -0.0826034545898438
-0.0706787109375 -0.0945587158203125 0.0298614501953125 -0.076507568359375
-0.1026611328125 -0.0407485961914062 0.0446929931640625 -0.117294311523438
-0.0958480834960938 -0.000633239746093751 0.0296173095703125 -0.143997192382813
-0.105171203613281 0.0509185791015625 -0.02423095703125 -0.152420043945313
-0.100601196289063 0.0662384033203125 -0.059844970703125 -0.132858276367188
-0.100631713867187 0.0522079467773438 -0.0510482788085937 -0.0926437377929688
-0.117996215820312 0.04705810546875 -0.04071044921875 -0.0525054931640625
-0.112060546875 -0.00987243652343749 -0.0290927886962891 -0.00268173217773437
-0.0856094360351563 -0.0690231323242188 -0.0371971130371094 0.0382881164550781
-0.0367431640625 -0.0955429077148438 -0.0806503295898438 0.0613784790039063
0.0395660400390625 -0.105621337890625 -0.128273010253906 0.0718536376953125
0.0827407836914063 -0.113876342773438 -0.165771484375 0.0786285400390625
0.144851684570313 -0.097808837890625 -0.113121032714844 0.0777511596679688
0.181732177734375 -0.109222412109375 -0.1513671875 -0.196609497070313
0.0418624877929687 -0.123023986816406 -0.0306320190429687 -0.124343872070313
-0.0110244750976562 -0.0943145751953125 0.0686187744140625 -0.108123779296875
-0.0548896789550781 -0.0619926452636719 0.0772705078125 -0.150283813476563
-0.0611076354980469 -0.0300750732421875 0.0547332763671875 -0.1658935546875
-0.0904922485351563 0.0040283203125 0.00448608398437499 -0.176803588867188
-0.102317810058594 0.01495361328125 -0.0280609130859375 -0.158401489257812
-0.105278015136719 0.00485992431640623 -0.0195083618164063 -0.1103515625
-0.128402709960938 -0.00511932373046873 -0.00400924682617188 -0.0668411254882812
-0.116981506347656 -0.0593338012695313 0.00430536270141601 -0.00535345077514649
-0.0699539184570313 -0.122642517089844 -0.00591659545898438 0.0385627746582031
-0.00218200683593749 -0.144058227539063 -0.0490837097167969 0.0532035827636719
0.101692199707031 -0.122428894042969 -0.0785751342773438 0.0614776611328125
0.147811889648438 -0.113632202148437 -0.0988845825195312 0.0563583374023437
0.202957153320313 -0.081207275390625 -0.0362014770507812 0.0574836730957031
0.216995239257812 -0.06121826171875 -0.0683441162109375 -0.220428466796875
0.1021728515625 -0.085205078125 0.040557861328125 -0.14825439453125
0.06231689453125 -0.08197021484375 0.116775512695313 -0.128410339355469
0.0092315673828125 -0.0821914672851563 0.1123046875 -0.176422119140625
-0.0147590637207031 -0.061767578125 0.07611083984375 -0.178817749023438
-0.0618515014648437 -0.0480918884277344 0.028289794921875 -0.187026977539063
-0.0896987915039063 -0.0405654907226562 0.00187683105468749 -0.162933349609375
-0.0934371948242188 -0.0435562133789062 0.0139541625976562 -0.109603881835938
-0.120399475097656 -0.0542755126953125 0.0371360778808594 -0.0672760009765625
-0.106513977050781 -0.0957565307617188 0.0419883728027344 -0.000579833984375006
-0.0507965087890625 -0.15264892578125 0.0265693664550781 0.0445098876953125
0.0197296142578125 -0.169265747070313 -0.0179100036621094 0.0497970581054687
0.135223388671875 -0.12823486328125 -0.0340385437011719 0.0492820739746094
0.182159423828125 -0.105087280273438 -0.0304183959960937 0.0283641815185547
0.229843139648438 -0.0567474365234375 0.0514678955078125 0.0411033630371094
0.222000122070312 -0.005615234375 0.019378662109375 -0.221954345703125
0.148025512695313 -0.0345458984375 0.1162109375 -0.152725219726563
0.131378173828125 -0.0607070922851563 0.162445068359375 -0.135848999023438
0.0760269165039063 -0.096649169921875 0.1417236328125 -0.186111450195313
0.0343170166015625 -0.0900344848632813 0.09027099609375 -0.173995971679688
-0.027099609375 -0.0949630737304688 0.0458526611328125 -0.175048828125
-0.0648956298828125 -0.0896148681640625 0.0304412841796875 -0.145843505859375
-0.0676193237304688 -0.0851364135742188 0.0444793701171875 -0.0931777954101562
-0.0934066772460937 -0.0948486328125 0.0737533569335937 -0.0558547973632813
-0.07794189453125 -0.116889953613281 0.0750350952148438 0.00984191894531249
-0.0223541259765625 -0.157638549804687 0.0538139343261719 0.0500526428222656
0.0392913818359375 -0.166473388671875 0.00761795043945313 0.0473861694335938
0.148727416992187 -0.1126708984375 -0.000427246093749994 0.0341815948486328
0.188827514648437 -0.0783843994140625 0.0289459228515625 -0.00212287902832032
0.223953247070313 -0.021240234375 0.136451721191406 0.0289688110351562
0.1923828125 0.0465240478515625 0.0991058349609375 -0.204391479492188
0.162033081054688 0.01849365234375 0.182479858398438 -0.144363403320313
0.173095703125 -0.02813720703125 0.194488525390625 -0.133193969726563
0.126380920410156 -0.0937881469726563 0.15631103515625 -0.175994873046875
0.0747146606445313 -0.101089477539063 0.0935211181640625 -0.1494140625
0.00984954833984375 -0.123390197753906 0.0580368041992188 -0.140350341796875
-0.0296859741210938 -0.123222351074219 0.0538711547851563 -0.108665466308594
-0.0308609008789063 -0.113441467285156 0.0686149597167969 -0.0623397827148438
-0.050048828125 -0.123977661132812 0.0992813110351563 -0.0310745239257813
-0.031494140625 -0.124664306640625 0.0941848754882812 0.0260009765625
0.02081298828125 -0.142471313476563 0.0681381225585938 0.0576171875
0.0670013427734375 -0.137741088867188 0.0235710144042969 0.0452690124511719
0.15045166015625 -0.0706939697265625 0.0192794799804688 0.0205135345458984
0.174026489257813 -0.027862548828125 0.0745010375976563 -0.0251846313476562
0.188446044921875 0.0264739990234375 0.208206176757813 0.0282440185546875
0.131370544433594 0.0850982666015625 0.15570068359375 -0.172012329101562
0.138778686523438 0.06195068359375 0.227691650390625 -0.127685546875
0.170059204101563 0.009429931640625 0.204910278320313 -0.124542236328125
0.14227294921875 -0.0680694580078125 0.152496337890625 -0.152313232421875
0.0967559814453125 -0.084442138671875 0.085357666015625 -0.111991882324219
0.0452880859375 -0.122215270996094 0.0618972778320312 -0.0921096801757813
0.0105056762695312 -0.133689880371094 0.0686454772949219 -0.058929443359375
0.01068115234375 -0.124565124511719 0.0820999145507813 -0.0221176147460938
0.000709533691406263 -0.1373291015625 0.109146118164063 0.00475311279296874
0.0214309692382812 -0.121116638183594 0.0939559936523438 0.049835205078125
0.0684661865234375 -0.112777709960938 0.0637741088867188 0.0704116821289062
0.0990219116210937 -0.0921707153320313 0.0266380310058594 0.0484886169433594
0.146636962890625 -0.0109405517578125 0.0276775360107422 0.0166397094726562
0.14398193359375 0.038421630859375 0.105033874511719 -0.0293426513671875
0.130668640136719 0.0782089233398438 0.257965087890625 0.0441436767578125
0.048248291015625 0.107131958007813 0.177978515625 -0.13726806640625
0.0809249877929688 0.0891342163085938 0.238388061523438 -0.108306884765625
0.123397827148438 0.04522705078125 0.190383911132813 -0.112899780273438
0.1217041015625 -0.0211029052734375 0.132637023925781 -0.123069763183594
0.0962600708007813 -0.0420761108398438 0.0683135986328125 -0.073699951171875
0.0757827758789063 -0.0918960571289063 0.0566368103027344 -0.0430526733398438
0.0517807006835938 -0.120109558105469 0.072601318359375 -0.00860595703125001
0.0500335693359375 -0.117546081542969 0.082489013671875 0.020660400390625
0.0498504638671875 -0.133033752441406 0.101066589355469 0.0480194091796875
0.0680923461914062 -0.1065673828125 0.0756072998046875 0.0802764892578125
0.106170654296875 -0.0765304565429688 0.044769287109375 0.0900039672851562
0.121292114257813 -0.0425872802734375 0.0180892944335938 0.0608291625976563
0.132560729980469 0.0496749877929688 0.0233879089355469 0.0291767120361328
0.101982116699219 0.102386474609375 0.117538452148438 -0.00681304931640624
0.0582656860351563 0.123214721679688 0.278045654296875 0.0771484375
-0.0436782836914063 0.114021301269531 0.161270141601563 -0.105667114257812
0.00398254394531251 0.102699279785156 0.214935302734375 -0.088623046875
0.0464096069335938 0.078369140625 0.15692138671875 -0.0979766845703125
0.0749740600585938 0.0369110107421875 0.103675842285156 -0.0951080322265625
0.08056640625 0.0172271728515625 0.0460662841796875 -0.0471649169921875
0.099395751953125 -0.0401229858398438 0.0432929992675781 -0.00597763061523438
0.0893325805664063 -0.08599853515625 0.0623130798339844 0.0333747863769531
0.0821304321289063 -0.0917816162109375 0.0691986083984375 0.0601463317871094
0.0866851806640625 -0.110076904296875 0.0804519653320313 0.092437744140625
0.0954437255859375 -0.081573486328125 0.0460052490234375 0.114540100097656
0.120697021484375 -0.040008544921875 0.0164031982421875 0.114334106445313
0.122810363769531 -0.00156402587890625 0.00017547607421876 0.0834884643554688
0.105140686035156 0.09002685546875 0.00637054443359375 0.056854248046875
0.0503692626953125 0.144866943359375 0.107765197753906 0.0366058349609375
-0.019989013671875 0.148178100585937 0.265472412109375 0.1229248046875
0.10198974609375 -0.168243408203125 -0.252639770507813 -0.137283325195313
-0.048095703125 -0.140777587890625 -0.10614013671875 -0.0712432861328125
-0.095916748046875 -0.0847320556640625 0.0228271484375 -0.078094482421875
-0.116615295410156 -0.0179290771484375 0.0380477905273437 -0.122428894042969
-0.0978012084960938 0.0222320556640625 0.020782470703125 -0.151824951171875
-0.0934906005859375 0.0748748779296875 -0.0349273681640625 -0.158523559570312
-0.0864105224609375 0.0870361328125 -0.07525634765625 -0.137832641601563
-0.0892410278320312 0.0722579956054688 -0.0648956298828125 -0.0966949462890625
-0.106887817382813 0.0716094970703125 -0.0524024963378906 -0.0559310913085937
-0.112823486328125 0.0135269165039062 -0.032440185546875 -0.00806999206542968
-0.0994796752929688 -0.0498123168945313 -0.0378074645996094 0.0358772277832031
-0.0586700439453125 -0.088134765625 -0.0778579711914063 0.066497802734375
0.0156402587890625 -0.1185302734375 -0.124549865722656 0.0827255249023437
0.06005859375 -0.137672424316406 -0.16815185546875 0.0988006591796875
0.130638122558594 -0.131118774414063 -0.116752624511719 0.0911407470703125
0.168899536132813 -0.140396118164063 -0.19219970703125 -0.193344116210938
0.0193023681640625 -0.13043212890625 -0.0552597045898437 -0.123741149902344
-0.0301132202148438 -0.0908203125 0.0580596923828125 -0.116279602050781
-0.0671501159667969 -0.0460968017578125 0.0657501220703125 -0.161972045898438
-0.0635719299316406 -0.0133552551269531 0.0420684814453125 -0.179336547851563
-0.0830154418945313 0.0221786499023437 -0.0119476318359375 -0.188262939453125
-0.0951309204101562 0.0311965942382813 -0.048980712890625 -0.168350219726563
-0.0999221801757813 0.0212249755859375 -0.03753662109375 -0.118980407714844
-0.125808715820313 0.0159835815429687 -0.0194320678710938 -0.0761260986328125
-0.123809814453125 -0.04046630859375 -0.00223731994628907 -0.0167322158813477
-0.0883560180664063 -0.110237121582031 -0.00870513916015625 0.0300922393798828
-0.02545166015625 -0.1448974609375 -0.0486297607421875 0.0520896911621094
0.0820159912109375 -0.142333984375 -0.075714111328125 0.0624160766601563
0.132171630859375 -0.143035888671875 -0.102317810058594 0.0638198852539062
0.198379516601563 -0.118499755859375 -0.0418281555175781 0.057647705078125
0.217086791992188 -0.090301513671875 -0.110244750976562 -0.229736328125
0.0915298461914063 -0.0968475341796875 0.0140838623046875 -0.15802001953125
0.05230712890625 -0.087005615234375 0.104095458984375 -0.143951416015625
-0.00020599365234375 -0.0769729614257812 0.0968170166015625 -0.193878173828125
-0.0174102783203125 -0.0547523498535156 0.0601806640625 -0.196044921875
-0.0604438781738281 -0.0378265380859375 0.00755310058593751 -0.201507568359375
-0.0902023315429688 -0.0313034057617188 -0.0216217041015625 -0.176895141601563
-0.0955352783203125 -0.0336532592773438 -0.00533294677734375 -0.1219482421875
-0.125984191894531 -0.03961181640625 0.0203323364257812 -0.0816802978515625
-0.118087768554688 -0.083526611328125 0.0339069366455078 -0.0153121948242188
-0.071502685546875 -0.1475830078125 0.0228271484375 0.0320911407470703
-0.00321960449218752 -0.176406860351563 -0.0199241638183594 0.0429153442382812
0.122238159179687 -0.15240478515625 -0.0327949523925781 0.0423393249511719
0.175094604492188 -0.135223388671875 -0.0356063842773437 0.0232963562011719
0.23431396484375 -0.0916595458984375 0.0467643737792969 0.0273399353027344
0.234573364257813 -0.0292205810546875 -0.0180206298828125 -0.2425537109375
0.150604248046875 -0.048370361328125 0.0919189453125 -0.173049926757813
0.133346557617188 -0.0731887817382813 0.149703979492187 -0.157852172851563
0.07086181640625 -0.104415893554688 0.123977661132813 -0.2086181640625
0.0308609008789063 -0.093414306640625 0.072967529296875 -0.192291259765625
-0.0317611694335937 -0.0951309204101563 0.0246734619140625 -0.191253662109375
-0.0732650756835938 -0.0890274047851562 0.00648498535156249 -0.161056518554688
-0.0764846801757813 -0.0825119018554687 0.0264739990234375 -0.106346130371094
-0.106185913085938 -0.0895919799804688 0.0580825805664062 -0.0728836059570313
-0.0917510986328125 -0.11279296875 0.0659713745117188 -0.00771713256835938
-0.0411529541015625 -0.161697387695313 0.049591064453125 0.0358200073242187
0.0215301513671875 -0.179367065429687 0.00374221801757813 0.0368499755859375
0.1435546875 -0.136871337890625 -0.00220680236816405 0.0218524932861328
0.1905517578125 -0.105941772460938 0.0224437713623047 -0.0171871185302734
0.237548828125 -0.0497589111328125 0.134368896484375 0.00360870361328125
0.215316772460938 0.031890869140625 0.06903076171875 -0.233261108398438
0.1778564453125 0.005584716796875 0.165069580078125 -0.173049926757813
0.186676025390625 -0.0468292236328125 0.1826171875 -0.15966796875
0.126022338867187 -0.112663269042969 0.139251708984375 -0.199783325195313
0.0723876953125 -0.114791870117188 0.079132080078125 -0.16571044921875
0.000518798828125006 -0.132965087890625 0.039947509765625 -0.155807495117187
-0.0455322265625 -0.130897521972656 0.0345993041992188 -0.123184204101562
-0.0459136962890625 -0.119064331054688 0.0542678833007812 -0.0753250122070313
-0.068603515625 -0.127784729003906 0.0868682861328125 -0.04803466796875
-0.0474090576171875 -0.130729675292969 0.0864944458007813 0.00955963134765624
0.00653076171875001 -0.156005859375 0.0634384155273438 0.0440711975097656
0.0575714111328125 -0.156234741210937 0.0183219909667969 0.0334758758544922
0.156402587890625 -0.0926971435546875 0.0164566040039063 0.00523948669433593
0.186798095703125 -0.0484161376953125 0.0682868957519531 -0.0468788146972656
0.210189819335938 0.0083465576171875 0.21160888671875 -0.0055084228515625
0.158721923828125 0.0821380615234375 0.137313842773438 -0.205825805664063
0.163330078125 0.054779052734375 0.217041015625 -0.161087036132813
0.192962646484375 -0.0084075927734375 0.19464111328125 -0.152252197265625
0.149734497070313 -0.0916748046875 0.137237548828125 -0.174331665039063
0.0968704223632813 -0.105422973632813 0.0742263793945313 -0.124465942382813
0.0338287353515625 -0.140945434570313 0.0502548217773437 -0.103973388671875
-0.008697509765625 -0.149154663085938 0.0575485229492188 -0.07183837890625
-0.00720977783203124 -0.138412475585938 0.0739593505859375 -0.0322647094726563
-0.0203399658203125 -0.150833129882813 0.101760864257812 -0.00975036621093751
0.00568389892578125 -0.136543273925781 0.0885848999023438 0.0366592407226563
0.059600830078125 -0.134788513183594 0.0603256225585938 0.0600166320800781
0.0977630615234375 -0.115715026855469 0.02197265625 0.0371170043945313
0.163238525390625 -0.0295867919921875 0.0249290466308594 0.0015106201171875
0.168243408203125 0.0259857177734375 0.102485656738281 -0.0533065795898437
0.158706665039063 0.072998046875 0.268325805664063 0.00759887695312501
0.0754165649414063 0.115608215332031 0.169235229492188 -0.170425415039063
0.108985900878906 0.0906753540039063 0.234527587890625 -0.142257690429688
0.149749755859375 0.0343017578125 0.181610107421875 -0.13861083984375
0.134071350097656 -0.043792724609375 0.120018005371094 -0.139602661132813
0.101814270019531 -0.0639190673828125 0.0612716674804688 -0.0801010131835938
0.0658340454101563 -0.115592956542969 0.0530891418457031 -0.0494918823242188
0.03271484375 -0.141021728515625 0.070831298828125 -0.016845703125
0.0313796997070313 -0.1368408203125 0.0815505981445312 0.0145034790039062
0.02685546875 -0.153854370117188 0.10107421875 0.038543701171875
0.0534133911132813 -0.128616333007813 0.0744247436523438 0.0739669799804687
0.102340698242188 -0.103759765625 0.0436782836914063 0.0839385986328125
0.127418518066406 -0.0690155029296875 0.0154609680175781 0.0522918701171875
0.157791137695313 0.034515380859375 0.0236396789550781 0.0169792175292969
0.134445190429688 0.0992431640625 0.1214599609375 -0.029388427734375
0.0891036987304688 0.131027221679688 0.2965087890625 0.0433349609375
-0.0200119018554688 0.134422302246094 0.161041259765625 -0.131668090820312
0.02960205078125 0.115127563476563 0.216094970703125 -0.117767333984375
0.0738754272460938 0.0778350830078125 0.149932861328125 -0.118179321289063
0.0932693481445313 0.02081298828125 0.0950393676757813 -0.104202270507813
0.0915603637695313 -0.0015411376953125 0.0427398681640625 -0.0468864440917969
0.0944595336914063 -0.06573486328125 0.0453224182128906 -0.00666427612304688
0.0738449096679687 -0.110649108886719 0.0683021545410156 0.030853271484375
0.0651779174804688 -0.113624572753906 0.0759506225585938 0.0588912963867187
0.0661544799804687 -0.134719848632813 0.0872421264648438 0.0896224975585938
0.0823440551757812 -0.106285095214844 0.0497589111328125 0.115211486816406
0.120285034179688 -0.0694122314453125 0.019500732421875 0.114349365234375
0.132606506347656 -0.0278396606445313 0.00180053710937501 0.0792770385742188
0.133949279785156 0.078582763671875 0.0112800598144531 0.0498619079589844
0.0849151611328125 0.148788452148438 0.120346069335938 0.0196609497070313
0.010345458984375 0.165847778320313 0.293365478515625 0.09710693359375
0.07073974609375 -0.185943603515625 -0.278564453125 -0.10931396484375
-0.07708740234375 -0.131576538085938 -0.11962890625 -0.05413818359375
-0.115646362304688 -0.0656585693359375 0.0160980224609375 -0.076507568359375
-0.120651245117188 0.00859069824218748 0.0307159423828125 -0.124069213867187
-0.09112548828125 0.0435638427734375 0.00985717773437501 -0.156112670898438
-0.07373046875 0.0918045043945312 -0.046722412109375 -0.159500122070313
-0.0653915405273437 0.099761962890625 -0.0899887084960937 -0.136322021484375
-0.0713348388671875 0.085845947265625 -0.07861328125 -0.0953140258789062
-0.0881805419921875 0.0894012451171875 -0.0636100769042969 -0.0549430847167969
-0.104263305664063 0.0341567993164062 -0.0382232666015625 -0.0117607116699219
-0.105232238769531 -0.0272064208984375 -0.0381927490234375 0.0330009460449219
-0.0755767822265625 -0.0730667114257813 -0.0726089477539062 0.0692672729492188
-0.0115432739257812 -0.121429443359375 -0.116943359375 0.0908584594726562
0.0302734375 -0.150421142578125 -0.161819458007813 0.116424560546875
0.105300903320313 -0.156051635742188 -0.115119934082031 0.104713439941406
0.1461181640625 -0.163360595703125 -0.228073120117187 -0.1751708984375
-0.00428009033203125 -0.1278076171875 -0.0775604248046875 -0.114067077636719
-0.0459136962890625 -0.0802688598632813 0.0451507568359375 -0.119354248046875
-0.0722503662109375 -0.0267410278320313 0.051025390625 -0.167770385742188
-0.0593147277832031 0.00223541259765625 0.0250701904296875 -0.185821533203125
-0.0694122314453125 0.0362548828125 -0.0308074951171875 -0.192474365234375
-0.082427978515625 0.0432815551757813 -0.071807861328125 -0.169570922851563
-0.0891342163085938 0.0345535278320313 -0.056884765625 -0.120132446289062
-0.115058898925781 0.0337448120117187 -0.037139892578125 -0.079193115234375
-0.122726440429687 -0.0215225219726563 -0.0120086669921875 -0.0248165130615234
-0.100128173828125 -0.0922088623046875 -0.0137672424316406 0.0238742828369141
-0.0465850830078125 -0.136375427246094 -0.0488319396972656 0.0501136779785156
0.057342529296875 -0.15362548828125 -0.0725860595703125 0.062255859375
0.106292724609375 -0.164169311523438 -0.102821350097656 0.0708084106445312
0.180313110351563 -0.149734497070313 -0.046630859375 0.0590248107910156
0.205596923828125 -0.1165771484375 -0.151596069335938 -0.222335815429687
0.0766754150390625 -0.102500915527344 -0.013397216796875 -0.157699584960937
0.0420379638671875 -0.086395263671875 0.086822509765625 -0.152908325195312
-0.00664901733398437 -0.0686836242675781 0.0767364501953125 -0.2041015625
-0.0164299011230469 -0.0471649169921875 0.039031982421875 -0.203933715820313
-0.0554389953613281 -0.0297660827636719 -0.0161590576171875 -0.207321166992188
-0.0875625610351563 -0.0220794677734375 -0.0487060546875 -0.180313110351563
-0.0932388305664063 -0.0230484008789063 -0.0278854370117188 -0.125900268554688
-0.125114440917969 -0.0248794555664063 -0.000808715820312509 -0.0887527465820313
-0.12335205078125 -0.0684432983398438 0.0211029052734375 -0.0264186859130859
-0.0873947143554688 -0.136581420898438 0.0146694183349609 0.0219898223876953
-0.0255584716796875 -0.174880981445313 -0.0247459411621094 0.0375442504882812
0.10205078125 -0.16888427734375 -0.0347747802734375 0.0348243713378906
0.1558837890625 -0.160507202148438 -0.042388916015625 0.0200538635253906
0.225509643554688 -0.125625610351563 0.0373954772949219 0.0160331726074219
0.236785888671875 -0.0552215576171875 -0.059967041015625 -0.246902465820313
0.147705078125 -0.060546875 0.062652587890625 -0.182373046875
0.129905700683594 -0.0850372314453125 0.129592895507813 -0.172195434570313
0.0635604858398438 -0.108482360839844 0.10040283203125 -0.221755981445313
0.0274734497070312 -0.0963897705078125 0.05047607421875 -0.201797485351563
-0.0362930297851563 -0.0931777954101563 -0.00054931640625002 -0.198165893554687
-0.0811920166015625 -0.0842056274414062 -0.0200653076171875 -0.165924072265625
-0.0835723876953125 -0.0769119262695313 0.00468444824218749 -0.111541748046875
-0.114334106445312 -0.0798721313476563 0.037017822265625 -0.0827255249023438
-0.103050231933594 -0.104393005371094 0.0519905090332031 -0.0194816589355469
-0.0592803955078125 -0.158584594726563 0.0396080017089844 0.0247459411621094
0.00180053710937501 -0.184738159179688 -0.00385856628417969 0.0286273956298828
0.130889892578125 -0.156539916992188 -0.00811386108398437 0.00899505615234374
0.182342529296875 -0.131118774414063 0.0104351043701172 -0.0295505523681641
0.238494873046875 -0.08026123046875 0.123977661132813 -0.0188064575195313
0.22998046875 0.010345458984375 0.031158447265625 -0.248031616210938
0.187667846679688 -0.01031494140625 0.137649536132813 -0.191726684570313
0.191802978515625 -0.0674285888671875 0.163192749023438 -0.17828369140625
0.119422912597656 -0.128974914550781 0.115234375 -0.21490478515625
0.0657501220703125 -0.126625061035156 0.0590972900390625 -0.1748046875
-0.012237548828125 -0.138435363769531 0.017547607421875 -0.1632080078125
-0.0626068115234375 -0.1317138671875 0.0121383666992187 -0.129730224609375
-0.0609207153320313 -0.120010375976563 0.0367050170898438 -0.081024169921875
-0.0863800048828125 -0.125038146972656 0.0689735412597656 -0.0591888427734375
-0.0629196166992188 -0.130233764648437 0.0731277465820313 -0.00281524658203126
-0.0109405517578125 -0.162612915039062 0.0533370971679687 0.0329780578613281
0.0413665771484375 -0.169692993164063 0.00884056091308594 0.0242824554443359
0.154342651367188 -0.114105224609375 0.00777244567871095 -0.00883769989013673
0.19073486328125 -0.071136474609375 0.05487060546875 -0.065704345703125
0.223464965820312 -0.0151519775390625 0.202102661132813 -0.036651611328125
0.182708740234375 0.069000244140625 0.1072998046875 -0.22882080078125
0.182525634765625 0.0390625 0.19384765625 -0.187774658203125
0.207046508789062 -0.0331573486328125 0.17523193359375 -0.172821044921875
0.146331787109375 -0.11627197265625 0.115463256835938 -0.188522338867188
0.0901565551757813 -0.124900817871094 0.0591964721679688 -0.131149291992188
0.0160980224609375 -0.15325927734375 0.0348587036132813 -0.11041259765625
-0.0317230224609375 -0.155960083007813 0.0431900024414063 -0.078399658203125
-0.02777099609375 -0.143829345703125 0.06268310546875 -0.03887939453125
-0.0450439453125 -0.155426025390625 0.0897903442382812 -0.0200576782226563
-0.0138702392578125 -0.14447021484375 0.0791549682617188 0.027374267578125
0.043548583984375 -0.151565551757813 0.0532798767089844 0.0509986877441406
0.0882034301757813 -0.136611938476563 0.0121574401855469 0.0289516448974609
0.173126220703125 -0.05230712890625 0.0166835784912109 -0.0119380950927734
0.1856689453125 0.0068359375 0.0905685424804688 -0.0756683349609375
0.181564331054687 0.0590057373046875 0.263778686523438 -0.0300140380859375
0.104560852050781 0.114044189453125 0.1488037109375 -0.195938110351563
0.135093688964844 0.0819244384765625 0.218231201171875 -0.171676635742188
0.17034912109375 0.0137786865234375 0.164443969726563 -0.15753173828125
0.137809753417969 -0.0695571899414063 0.10260009765625 -0.149520874023438
0.09857177734375 -0.0859527587890625 0.052734375 -0.0834197998046875
0.0485153198242188 -0.1336669921875 0.0458183288574219 -0.0542678833007813
0.0070648193359375 -0.153411865234375 0.0658035278320313 -0.0234222412109375
0.00778198242187499 -0.14691162109375 0.0786895751953125 0.00913238525390624
-0.000747680664062494 -0.163925170898438 0.0973129272460938 0.031036376953125
0.0318145751953125 -0.142547607421875 0.0697746276855469 0.0688819885253906
0.0885848999023438 -0.127975463867188 0.0405120849609375 0.0790023803710938
0.12261962890625 -0.095794677734375 0.00907516479492188 0.0461158752441406
0.175979614257812 0.01171875 0.0193805694580078 0.00514030456542969
0.162353515625 0.0840606689453125 0.116325378417969 -0.0521240234375
0.120292663574219 0.126022338867188 0.301025390625 0.00515747070312501
0.0105438232421875 0.144195556640625 0.150299072265625 -0.154281616210937
0.057525634765625 0.116294860839844 0.206512451171875 -0.144500732421875
0.0999374389648438 0.0670547485351562 0.135772705078125 -0.1324462890625
0.103721618652344 -1.52587890625E-05 0.0828094482421875 -0.109725952148437
0.0941925048828125 -0.0222930908203125 0.0397186279296875 -0.0452690124511719
0.080963134765625 -0.087188720703125 0.0471115112304688 -0.00789260864257813
0.0501785278320313 -0.127532958984375 0.0732650756835937 0.026702880859375
0.0424118041992188 -0.127456665039062 0.08135986328125 0.0552520751953125
0.038421630859375 -0.149093627929688 0.0928726196289063 0.0849533081054687
0.0612945556640625 -0.124176025390625 0.0528945922851563 0.114509582519531
0.108695983886719 -0.0951919555664063 0.0221099853515625 0.112632751464844
0.131675720214844 -0.0568771362304687 0.001373291015625 0.0753326416015625
0.15673828125 0.05755615234375 0.013275146484375 0.0417938232421875
0.118637084960937 0.139839172363281 0.124183654785156 -0.000785827636718741
0.0438995361328125 0.1710205078125 0.308441162109375 0.06298828125
0.0399932861328125 -0.191314697265625 -0.291717529296875 -0.08050537109375
-0.0981597900390625 -0.114944458007812 -0.125289916992188 -0.0357894897460937
-0.126472473144531 -0.0450515747070313 0.012054443359375 -0.0726089477539063
-0.115425109863281 0.0312957763671875 0.025848388671875 -0.122581481933594
-0.0787811279296875 0.0583267211914063 0.0018768310546875 -0.15631103515625
-0.0524063110351563 0.0990676879882812 -0.05517578125 -0.158203125
-0.0448684692382813 0.103713989257812 -0.1011962890625 -0.131416320800781
-0.0525665283203125 0.0916290283203125 -0.0884170532226563 -0.0917205810546875
-0.0665435791015625 0.0973968505859375 -0.0733795166015625 -0.051300048828125
-0.090606689453125 0.0481491088867188 -0.0439071655273438 -0.0142974853515625
-0.101654052734375 -0.00740814208984374 -0.0405616760253906 0.0302772521972656
-0.0844879150390625 -0.0558242797851563 -0.0685081481933594 0.0688629150390625
-0.0337905883789063 -0.115463256835938 -0.109077453613281 0.0930252075195313
0.00222778320312499 -0.151519775390625 -0.153182983398437 0.127334594726563
0.0778045654296875 -0.169525146484375 -0.109970092773438 0.113128662109375
0.12103271484375 -0.175308227539062 -0.251312255859375 -0.150466918945313
-0.0228271484375 -0.118057250976563 -0.0927047729492188 -0.0990524291992188
-0.0559501647949219 -0.0655899047851563 0.0348434448242188 -0.117813110351563
-0.0698127746582031 -0.00918579101562501 0.0386199951171875 -0.167587280273437
-0.0499610900878906 0.0134239196777344 0.011444091796875 -0.18572998046875
-0.0537681579589844 0.0428390502929687 -0.0453338623046875 -0.190673828125
-0.0680160522460938 0.0487022399902344 -0.089508056640625 -0.164840698242188
-0.0764312744140625 0.0409774780273438 -0.0726089477539063 -0.115951538085937
-0.100334167480469 0.0438995361328125 -0.0526046752929688 -0.07672119140625
-0.114334106445313 -0.00656127929687502 -0.0228214263916016 -0.0284252166748047
-0.104049682617188 -0.0746383666992188 -0.0202064514160156 0.0192394256591797
-0.0615463256835938 -0.123931884765625 -0.0508346557617188 0.0471229553222656
0.033966064453125 -0.155242919921875 -0.071685791015625 0.0586013793945312
0.0805206298828125 -0.173065185546875 -0.10296630859375 0.0752487182617187
0.156143188476563 -0.170516967773438 -0.0505943298339844 0.0606040954589844
0.18927001953125 -0.133209228515625 -0.18310546875 -0.205032348632813
0.0640335083007813 -0.101455688476563 -0.035888671875 -0.148468017578125
0.0335159301757813 -0.0822906494140625 0.0707855224609375 -0.154083251953125
-0.0081329345703125 -0.0588035583496094 0.0582275390625 -0.205108642578125
-0.0122566223144531 -0.0417594909667969 0.0215301513671875 -0.204330444335937
-0.0476913452148438 -0.0251693725585937 -0.0355987548828125 -0.205474853515625
-0.08184814453125 -0.0170669555664062 -0.0702972412109375 -0.1756591796875
-0.0881423950195313 -0.0174713134765625 -0.0464248657226563 -0.123420715332031
-0.118881225585937 -0.0145263671875 -0.0199966430664063 -0.0878982543945313
-0.122200012207031 -0.0555191040039062 0.0070056915283203 -0.0311412811279297
-0.0962142944335938 -0.122634887695313 0.00484371185302734 0.0163965225219726
-0.0428924560546875 -0.16741943359375 -0.0310592651367188 0.0334377288818359
0.0814056396484375 -0.175445556640625 -0.0396347045898437 0.0273513793945312
0.1351318359375 -0.175018310546875 -0.0506782531738281 0.0178413391113281
0.20867919921875 -0.149368286132813 0.0261764526367188 0.00919342041015624
0.231704711914063 -0.0749664306640625 -0.0956573486328125 -0.23846435546875
0.142166137695313 -0.0692901611328125 0.0361175537109375 -0.180953979492188
0.125221252441406 -0.0932235717773438 0.110107421875 -0.176956176757813
0.0570907592773437 -0.109466552734375 0.07794189453125 -0.223968505859375
0.02569580078125 -0.0966567993164062 0.031402587890625 -0.202728271484375
-0.0380859375 -0.0908889770507813 -0.0216522216796875 -0.19622802734375
-0.085906982421875 -0.079437255859375 -0.04315185546875 -0.162155151367188
-0.0865631103515625 -0.0716476440429688 -0.013519287109375 -0.109413146972656
-0.11846923828125 -0.0705490112304688 0.0167312622070312 -0.0837478637695313
-0.109107971191406 -0.0947494506835938 0.0360183715820312 -0.0254402160644531
-0.0714874267578125 -0.151718139648438 0.0271682739257812 0.0189170837402344
-0.015960693359375 -0.183807373046875 -0.0139636993408203 0.0238075256347656
0.116348266601562 -0.168304443359375 -0.0179386138916016 8.7738037109365E-05
0.168670654296875 -0.14825439453125 -0.00335693359374999 -0.0368309020996094
0.2318115234375 -0.10382080078125 0.108322143554688 -0.0337600708007813
0.236236572265625 -0.0096588134765625 -0.00418090820312497 -0.24896240234375
0.190521240234375 -0.0251922607421875 0.109848022460938 -0.197952270507813
0.191513061523438 -0.085540771484375 0.141510009765625 -0.186325073242187
0.1114501953125 -0.139984130859375 0.092254638671875 -0.218551635742187
0.0584716796875 -0.134620666503906 0.0415191650390625 -0.175949096679687
-0.0230712890625 -0.140159606933594 -0.00123596191406252 -0.162872314453125
-0.07598876953125 -0.128677368164063 -0.00775909423828126 -0.12799072265625
-0.0720367431640625 -0.116165161132813 0.020965576171875 -0.0809478759765625
-0.0989837646484375 -0.118629455566406 0.0504493713378906 -0.0617103576660156
-0.0753631591796875 -0.125778198242188 0.0578727722167969 -0.00783538818359376
-0.026397705078125 -0.163223266601563 0.0409812927246094 0.0279121398925781
0.025634765625 -0.175872802734375 -0.00328636169433593 0.0193309783935547
0.147735595703125 -0.130508422851563 -0.00426101684570312 -0.0187149047851563
0.188796997070313 -0.090576171875 0.0369491577148438 -0.0768051147460938
0.226821899414062 -0.036590576171875 0.185134887695313 -0.0593719482421875
0.199554443359375 0.052764892578125 0.0757293701171875 -0.237762451171875
0.194534301757813 0.022796630859375 0.168197631835938 -0.20123291015625
0.212432861328125 -0.0566558837890625 0.154190063476562 -0.182907104492188
0.1387939453125 -0.134124755859375 0.0951080322265625 -0.191162109375
0.0809707641601563 -0.137962341308594 0.0462188720703125 -0.131790161132813
-0.000671386718750006 -0.159286499023438 0.0208663940429687 -0.110725402832031
-0.052978515625 -0.1552734375 0.0291061401367187 -0.0794677734375
-0.0458831787109375 -0.143539428710938 0.0525245666503906 -0.0398635864257813
-0.065704345703125 -0.152069091796875 0.0756759643554688 -0.0235824584960938
-0.03125 -0.145355224609375 0.0671882629394531 0.023681640625
0.0260772705078125 -0.159774780273438 0.0429954528808594 0.047119140625
0.0748291015625 -0.151107788085938 0.001312255859375 0.0250682830810547
0.1748046875 -0.07293701171875 0.00463867187500001 -0.0217571258544922
0.195419311523438 -0.012786865234375 0.0736465454101563 -0.0903244018554688
0.197174072265625 0.041290283203125 0.24957275390625 -0.057403564453125
0.128021240234375 0.1046142578125 0.125076293945313 -0.209671020507813
0.153457641601563 0.068603515625 0.197601318359375 -0.188858032226563
0.182586669921875 -0.0083160400390625 0.145492553710938 -0.166595458984375
0.134635925292969 -0.0905838012695312 0.08636474609375 -0.151123046875
0.0904464721679688 -0.102767944335938 0.045654296875 -0.0828094482421875
0.028778076171875 -0.144256591796875 0.0397071838378906 -0.0554275512695313
-0.017364501953125 -0.15643310546875 0.0593032836914062 -0.0264701843261719
-0.014068603515625 -0.148773193359375 0.074493408203125 0.00637817382812499
-0.0263519287109375 -0.164337158203125 0.090301513671875 0.02667236328125
0.01055908203125 -0.148147583007813 0.0648880004882813 0.0668487548828125
0.07086181640625 -0.14276123046875 0.0346298217773438 0.0766830444335937
0.111915588378906 -0.115631103515625 0.000839233398437506 0.0427665710449219
0.185195922851563 -0.0120697021484375 0.011723518371582 -0.00342559814453125
0.18182373046875 0.0644989013671875 0.104667663574219 -0.0698623657226563
0.1444091796875 0.114654541015625 0.2933349609375 -0.025726318359375
0.037689208984375 0.143203735351563 0.135604858398437 -0.16827392578125
0.0817718505859375 0.109443664550781 0.192367553710937 -0.161453247070313
0.117637634277344 0.0498886108398438 0.121253967285156 -0.138786315917969
0.106918334960938 -0.02020263671875 0.072967529296875 -0.109375
0.0906448364257813 -0.040191650390625 0.0391654968261719 -0.0426445007324219
0.0636520385742188 -0.101425170898438 0.0484504699707031 -0.00886154174804688
0.0260543823242187 -0.133949279785156 0.0759506225585937 0.0220718383789062
0.020111083984375 -0.1319580078125 0.0851287841796875 0.052001953125
0.01153564453125 -0.15191650390625 0.0944137573242188 0.0800704956054687
0.0392074584960937 -0.132003784179688 0.0539932250976562 0.114105224609375
0.0913009643554687 -0.113349914550781 0.0228424072265625 0.111709594726562
0.122940063476563 -0.0789413452148437 -0.00191497802734374 0.0725173950195313
0.169113159179687 0.0343017578125 0.0123767852783203 0.0337009429931641
0.143356323242188 0.122146606445313 0.121376037597656 -0.018341064453125
0.073211669921875 0.16552734375 0.310699462890625 0.03204345703125
0.0151214599609375 -0.190338134765625 -0.296905517578125 -0.0579833984375
-0.109886169433594 -0.0981674194335937 -0.126083374023438 -0.0213623046875
-0.131034851074219 -0.0262069702148437 0.0110244750976562 -0.0688934326171875
-0.107345581054688 0.0481109619140625 0.0249481201171875 -0.121780395507813
-0.0667381286621094 0.0676116943359375 -0.002197265625 -0.155990600585938
-0.0349197387695313 0.10113525390625 -0.0595703125 -0.1578369140625
-0.02789306640625 0.103141784667969 -0.108245849609375 -0.128936767578125
-0.0375900268554688 0.0914230346679688 -0.0957412719726563 -0.088226318359375
-0.0481719970703125 0.0985946655273438 -0.0797882080078125 -0.0478286743164063
-0.0771942138671875 0.0557708740234375 -0.049957275390625 -0.0153045654296875
-0.094512939453125 0.00566864013671873 -0.044219970703125 0.0281257629394531
-0.0878677368164063 -0.040740966796875 -0.0680389404296875 0.0665130615234375
-0.05023193359375 -0.106033325195313 -0.105712890625 0.0921173095703125
-0.0191192626953125 -0.147796630859375 -0.146774291992187 0.1334228515625
0.05487060546875 -0.175582885742188 -0.106491088867187 0.11810302734375
0.100067138671875 -0.178924560546875 -0.266357421875 -0.12921142578125
-0.03436279296875 -0.106170654296875 -0.10162353515625 -0.0851821899414062
-0.0608177185058594 -0.0518417358398437 0.0283660888671875 -0.113929748535156
-0.0637435913085938 0.00416946411132812 0.0322265625 -0.165939331054688
-0.0399551391601563 0.0201873779296875 0.00296020507812501 -0.184051513671875
-0.0397262573242188 0.0440826416015625 -0.0546875 -0.188949584960938
-0.0560455322265625 0.049224853515625 -0.102279663085937 -0.160064697265625
-0.0649833679199219 0.0420074462890625 -0.0841293334960938 -0.112541198730469
-0.0877227783203125 0.0469970703125 -0.0640411376953125 -0.0728988647460938
-0.105499267578125 0.00157165527343752 -0.0331459045410156 -0.0291709899902344
-0.101661682128906 -0.0621109008789063 -0.0280799865722656 0.0168895721435547
-0.06878662109375 -0.111900329589844 -0.0545120239257813 0.0445022583007812
0.0172271728515625 -0.15185546875 -0.073822021484375 0.0546035766601562
0.059234619140625 -0.175155639648438 -0.104438781738281 0.07794189453125
0.135665893554687 -0.1812744140625 -0.055511474609375 0.0625877380371093
0.17572021484375 -0.142196655273438 -0.204910278320313 -0.188140869140625
0.055145263671875 -0.0964813232421875 -0.0503616333007813 -0.137199401855469
0.0299758911132813 -0.0774612426757813 0.0604095458984375 -0.152297973632812
-0.0061187744140625 -0.0507621765136719 0.0464630126953125 -0.203048706054688
-0.00640869140625 -0.0382156372070312 0.00988769531249998 -0.20196533203125
-0.0402946472167969 -0.0238418579101562 -0.0485687255859375 -0.202163696289063
-0.0768966674804687 -0.0148773193359375 -0.0861968994140625 -0.169052124023438
-0.0827789306640625 -0.0150527954101562 -0.0601043701171875 -0.117813110351563
-0.112312316894531 -0.010009765625 -0.0347518920898438 -0.083953857421875
-0.118736267089844 -0.0469818115234375 -0.00589370727539063 -0.0322532653808594
-0.098358154296875 -0.112251281738281 -0.00556278228759766 0.0146017074584961
-0.052764892578125 -0.158721923828125 -0.0389060974121094 0.03094482421875
0.0662384033203125 -0.177459716796875 -0.0469741821289063 0.0215492248535156
0.11700439453125 -0.18157958984375 -0.0592536926269531 0.0168228149414062
0.193710327148438 -0.163497924804687 0.0154399871826172 0.00622844696044921
0.226348876953125 -0.088043212890625 -0.121841430664063 -0.227294921875
0.138465881347656 -0.0724029541015625 0.016998291015625 -0.175064086914063
0.120895385742188 -0.0972671508789063 0.0969085693359375 -0.176498413085938
0.0544586181640625 -0.108444213867188 0.0633087158203125 -0.2222900390625
0.0259552001953125 -0.0986099243164063 0.01849365234375 -0.199493408203125
-0.0380477905273437 -0.0907669067382813 -0.0363922119140625 -0.193023681640625
-0.0879669189453125 -0.0763397216796875 -0.0594940185546875 -0.156204223632813
-0.0876388549804688 -0.069488525390625 -0.0272369384765625 -0.104866027832031
-0.119644165039062 -0.0650100708007813 0.000633239746093734 -0.0798187255859375
-0.111351013183594 -0.088104248046875 0.0220680236816406 -0.0255489349365234
-0.078399658203125 -0.145309448242188 0.0155735015869141 0.0175628662109375
-0.0271759033203125 -0.180618286132813 -0.0253677368164062 0.0223102569580078
0.104934692382813 -0.175201416015625 -0.0294876098632812 -0.00641059875488282
0.157470703125 -0.159271240234375 -0.0177536010742187 -0.0412254333496094
0.22430419921875 -0.12017822265625 0.0930938720703125 -0.0417327880859375
0.240386962890625 -0.02520751953125 -0.0308685302734375 -0.243545532226562
0.192718505859375 -0.0356292724609375 0.0894012451171875 -0.197921752929687
0.1903076171875 -0.098785400390625 0.126296997070313 -0.187408447265625
0.1046142578125 -0.147018432617188 0.0764007568359375 -0.217041015625
0.0533599853515625 -0.140640258789063 0.029632568359375 -0.173324584960938
-0.0299072265625 -0.140853881835938 -0.0149688720703125 -0.159133911132813
-0.0860366821289063 -0.124534606933594 -0.0220794677734375 -0.122879028320313
-0.0797958374023437 -0.113601684570313 0.00942230224609374 -0.076934814453125
-0.107765197753906 -0.112968444824219 0.035736083984375 -0.0589599609375
-0.0832443237304688 -0.12188720703125 0.0443000793457031 -0.00691604614257813
-0.03704833984375 -0.1624755859375 0.0292625427246094 0.0277938842773437
0.01409912109375 -0.17889404296875 -0.0152187347412109 0.0191230773925781
0.1427001953125 -0.142074584960938 -0.0174808502197265 -0.0246734619140625
0.186203002929688 -0.104690551757813 0.020263671875 -0.0839767456054688
0.229339599609375 -0.0524749755859375 0.168075561523438 -0.0711517333984375
0.211029052734375 0.0384674072265625 0.0510406494140625 -0.2388916015625
0.202911376953125 0.0092010498046875 0.147979736328125 -0.2061767578125
0.215744018554688 -0.07403564453125 0.13922119140625 -0.18505859375
0.131256103515625 -0.147308349609375 0.0814666748046875 -0.190048217773438
0.0730743408203125 -0.148330688476563 0.0382919311523438 -0.129562377929688
-0.0138092041015625 -0.162261962890625 0.0110931396484375 -0.108230590820313
-0.068145751953125 -0.152252197265625 0.0187454223632813 -0.0761337280273438
-0.059112548828125 -0.14141845703125 0.044525146484375 -0.0376396179199219
-0.0804443359375 -0.14739990234375 0.0646743774414063 -0.0222892761230469
-0.043975830078125 -0.144012451171875 0.0569076538085938 0.0250587463378906
0.01287841796875 -0.16436767578125 0.0332603454589844 0.048095703125
0.0634613037109375 -0.16015625 -0.0100364685058594 0.0250797271728515
0.175201416015625 -0.0889434814453125 -0.00719261169433593 -0.0274467468261719
0.200790405273438 -0.0298309326171875 0.0579147338867188 -0.0990829467773437
0.207778930664063 0.0270843505859375 0.234512329101562 -0.07379150390625
0.146163940429688 0.094085693359375 0.106124877929688 -0.215087890625
0.1678466796875 0.0554962158203125 0.180191040039063 -0.197662353515625
0.190567016601563 -0.0280609130859375 0.131500244140625 -0.168670654296875
0.129104614257813 -0.10736083984375 0.076629638671875 -0.149215698242188
0.0821990966796875 -0.115829467773438 0.0421600341796875 -0.0801467895507813
0.0123443603515625 -0.149017333984375 0.0347175598144531 -0.054840087890625
-0.036346435546875 -0.154678344726563 0.0544700622558594 -0.0261306762695313
-0.0308074951171875 -0.147171020507813 0.07183837890625 0.00658416748046874
-0.045440673828125 -0.16021728515625 0.0844802856445313 0.02655029296875
-0.00604248046875 -0.148574829101563 0.0579261779785156 0.0691108703613281
0.0553131103515625 -0.151031494140625 0.0281982421875 0.07745361328125
0.100791931152344 -0.129486083984375 -0.00763702392578125 0.0421638488769531
0.189804077148438 -0.031707763671875 0.00330162048339845 -0.00971126556396485
0.194351196289063 0.046356201171875 0.093231201171875 -0.0806121826171875
0.161895751953125 0.10308837890625 0.283782958984375 -0.04498291015625
0.0592422485351562 0.138092041015625 0.124649047851562 -0.17529296875
0.100448608398438 0.099273681640625 0.180145263671875 -0.171310424804688
0.129936218261719 0.033416748046875 0.111122131347656 -0.139846801757813
0.105690002441406 -0.0373611450195312 0.0675888061523438 -0.105934143066406
0.0848236083984375 -0.0540542602539063 0.0400848388671875 -0.0396156311035156
0.0475616455078125 -0.108489990234375 0.0497550964355469 -0.00928115844726563
0.00682830810546875 -0.134536743164062 0.07757568359375 0.02032470703125
0.00234985351562499 -0.131179809570313 0.0873565673828125 0.0502243041992187
-0.00917053222656251 -0.149581909179688 0.0946044921875 0.0787734985351562
0.0205841064453125 -0.134033203125 0.0539474487304687 0.116195678710938
0.0750808715820313 -0.123779296875 0.0204544067382813 0.11236572265625
0.11212158203125 -0.094268798828125 -0.00691223144531249 0.0710830688476563
0.175811767578125 0.0133056640625 0.00871276855468751 0.0277919769287109
0.160675048828125 0.1048583984375 0.116195678710938 -0.031494140625
0.0954742431640625 0.157272338867187 0.308380126953125 0.011627197265625
-0.00408935546874998 -0.188751220703125 -0.304443359375 -0.0429382324218751
-0.118904113769531 -0.084930419921875 -0.126960754394531 -0.00997161865234377
-0.134651184082031 -0.0102462768554687 0.0113449096679687 -0.0672149658203125
-0.0998458862304687 0.061248779296875 0.0266265869140625 -0.124008178710938
-0.0562210083007813 0.0741348266601563 -0.00390625000000001 -0.158187866210938
-0.0209579467773438 0.10107421875 -0.0625 -0.161285400390625
-0.0153732299804688 0.10089111328125 -0.115150451660156 -0.128929138183594
-0.0263519287109375 0.0907135009765625 -0.103431701660156 -0.0872421264648437
-0.0349960327148438 0.0976104736328125 -0.0855789184570313 -0.0459136962890625
-0.0665664672851563 0.0599136352539062 -0.0562057495117188 -0.0165634155273438
-0.0877227783203125 0.01593017578125 -0.0490913391113281 0.0267753601074219
-0.0893936157226563 -0.0290145874023438 -0.0711212158203125 0.0651626586914063
-0.062713623046875 -0.0977554321289063 -0.106704711914062 0.0920181274414063
-0.036407470703125 -0.142929077148438 -0.145767211914063 0.138534545898438
0.0360107421875 -0.179473876953125 -0.107208251953125 0.122940063476563
0.0858917236328125 -0.181304931640625 -0.279830932617188 -0.113845825195313
-0.0406875610351562 -0.0964279174804688 -0.108238220214844 -0.0742111206054687
-0.0625267028808594 -0.0404701232910156 0.0256881713867187 -0.112335205078125
-0.0573081970214844 0.015045166015625 0.0288848876953125 -0.167205810546875
-0.0309829711914062 0.0241374969482422 -0.00170898437499999 -0.185760498046875
-0.02874755859375 0.0431747436523438 -0.0619354248046875 -0.1905517578125
-0.0470314025878906 0.0480575561523438 -0.11309814453125 -0.158416748046875
-0.0572319030761719 0.0411834716796875 -0.0943069458007813 -0.109848022460937
-0.07818603515625 0.0470809936523438 -0.0739974975585938 -0.0693588256835938
-0.0982666015625 0.00609588623046875 -0.0428543090820313 -0.0294036865234375
-0.09912109375 -0.0540313720703125 -0.0362434387207031 0.0163917541503906
-0.0732498168945312 -0.103141784667969 -0.0611686706542969 0.0439567565917969
0.0056915283203125 -0.1490478515625 -0.0796585083007813 0.0523605346679688
0.04290771484375 -0.176223754882813 -0.108879089355469 0.0805740356445313
0.120437622070313 -0.189453125 -0.0614051818847656 0.0647506713867188
0.167755126953125 -0.149307250976563 -0.224075317382813 -0.17510986328125
0.0516891479492188 -0.0930633544921875 -0.062744140625 -0.128120422363281
0.0286712646484375 -0.0729827880859375 0.0547027587890625 -0.15081787109375
-0.00244903564453125 -0.0453720092773438 0.040740966796875 -0.203811645507813
-0.000400543212890626 -0.0380134582519531 0.00326538085937502 -0.202346801757813
-0.0334300994873047 -0.0255298614501953 -0.0586700439453125 -0.202392578125
-0.073486328125 -0.01544189453125 -0.0987701416015625 -0.166412353515625
-0.0796890258789063 -0.0155563354492188 -0.0711746215820313 -0.114204406738281
-0.108802795410156 -0.00843811035156251 -0.0469436645507813 -0.0801315307617188
-0.116073608398437 -0.0432968139648437 -0.0173358917236328 -0.0308456420898438
-0.0998687744140625 -0.1072998046875 -0.0156593322753906 0.0158061981201172
-0.0592498779296875 -0.154861450195312 -0.0484886169433594 0.0308647155761719
0.0570068359375 -0.179702758789063 -0.0576171875 0.0175933837890625
0.10540771484375 -0.187332153320313 -0.0694503784179688 0.0175094604492188
0.184951782226563 -0.174758911132813 0.00546789169311525 0.00499439239501952
0.22528076171875 -0.0978851318359375 -0.143295288085937 -0.217742919921875
0.139335632324219 -0.0751495361328125 0.00360107421875 -0.168899536132812
0.122116088867188 -0.100799560546875 0.0897674560546875 -0.176376342773438
0.0550918579101563 -0.1092529296875 0.0548858642578125 -0.222869873046875
0.027587890625 -0.101707458496094 0.0109100341796875 -0.200088500976563
-0.0379104614257812 -0.093048095703125 -0.0474090576171875 -0.191650390625
-0.0907669067382813 -0.0761260986328125 -0.0719757080078125 -0.151382446289063
-0.0897140502929687 -0.0702896118164063 -0.037567138671875 -0.100967407226563
-0.121841430664063 -0.063079833984375 -0.01165771484375 -0.075469970703125
-0.113334655761719 -0.0857009887695312 0.0110721588134766 -0.0235309600830078
-0.082611083984375 -0.143447875976563 0.00495338439941406 0.0199089050292969
-0.034637451171875 -0.18048095703125 -0.0363960266113281 0.0236778259277344
0.0990447998046875 -0.181976318359375 -0.0422592163085937 -0.0106620788574219
0.151504516601563 -0.168365478515625 -0.0319442749023437 -0.0429229736328125
0.222152709960937 -0.132232666015625 0.0807952880859375 -0.0466690063476563
0.246612548828125 -0.036468505859375 -0.05126953125 -0.239410400390625
0.19775390625 -0.0433197021484375 0.074493408203125 -0.19598388671875
0.19305419921875 -0.109756469726562 0.118438720703125 -0.1885986328125
0.101791381835937 -0.153488159179688 0.067962646484375 -0.217330932617188
0.051666259765625 -0.147720336914063 0.023468017578125 -0.173965454101562
-0.03631591796875 -0.144149780273437 -0.025360107421875 -0.15802001953125
-0.094573974609375 -0.123588562011719 -0.0335693359375 -0.1182861328125
-0.0869979858398437 -0.114151000976562 0.0016021728515625 -0.0730056762695313
-0.115806579589844 -0.110488891601563 0.0253410339355469 -0.0545234680175781
-0.0899200439453125 -0.120895385742187 0.034423828125 -0.00293159484863282
-0.04498291015625 -0.164413452148438 0.0199127197265625 0.0317497253417969
0.00657653808593749 -0.183929443359375 -0.0271053314208984 0.0210342407226562
0.1407470703125 -0.153656005859375 -0.0313377380371094 -0.02899169921875
0.186782836914063 -0.116867065429688 0.00520324707031251 -0.0880813598632813
0.234573364257813 -0.06488037109375 0.156661987304688 -0.0794525146484375
0.223434448242187 0.02691650390625 0.0332489013671875 -0.239913940429688
0.212203979492187 -0.0014190673828125 0.13494873046875 -0.209625244140625
0.221328735351563 -0.090728759765625 0.130172729492188 -0.186614990234375
0.126998901367188 -0.159408569335938 0.074188232421875 -0.189910888671875
0.0676422119140625 -0.15850830078125 0.0343856811523438 -0.128730773925781
-0.0250244140625 -0.166275024414063 0.0036163330078125 -0.107337951660156
-0.0815277099609375 -0.151031494140625 0.0111541748046875 -0.07330322265625
-0.0705413818359375 -0.141433715820313 0.039794921875 -0.0349159240722656
-0.0931854248046875 -0.14447021484375 0.0572128295898437 -0.0181350708007813
-0.05474853515625 -0.144454956054687 0.0489540100097656 0.0303115844726562
0.00283813476562501 -0.169540405273438 0.0251808166503906 0.0523834228515625
0.055206298828125 -0.16943359375 -0.0204181671142578 0.0272865295410156
0.177932739257813 -0.104766845703125 -0.0198688507080078 -0.0315399169921875
0.2078857421875 -0.044769287109375 0.0441055297851563 -0.106216430664063
0.219955444335937 0.01544189453125 0.225723266601563 -0.084930419921875
0.162429809570313 0.0848236083984375 0.093017578125 -0.22003173828125
0.181121826171875 0.0445404052734375 0.169921875 -0.2042236328125
0.198516845703125 -0.046173095703125 0.124542236328125 -0.170455932617188
0.125228881835938 -0.122360229492188 0.0723114013671875 -0.148117065429688
0.0764617919921875 -0.128265380859375 0.0422897338867188 -0.0793533325195313
-0.00100708007812499 -0.153945922851562 0.0324172973632812 -0.0542373657226563
-0.052581787109375 -0.153289794921875 0.0520668029785156 -0.0248146057128906
-0.0443878173828125 -0.146636962890625 0.0713424682617188 0.00868988037109374
-0.0611419677734375 -0.157699584960938 0.081085205078125 0.0299911499023437
-0.01934814453125 -0.149993896484375 0.0541839599609375 0.0751419067382812
0.042572021484375 -0.158554077148438 0.0224227905273438 0.0828399658203125
0.0926666259765625 -0.141891479492188 -0.0163803100585937 0.0446243286132812
0.195053100585938 -0.049041748046875 -0.00560474395751952 -0.0140113830566406
0.206710815429688 0.03118896484375 0.0834503173828125 -0.089569091796875
0.179183959960938 0.0933685302734375 0.27947998046875 -0.0570526123046875
0.0772628784179688 0.13275146484375 0.117904663085938 -0.18206787109375
0.115097045898438 0.0911636352539062 0.17474365234375 -0.1802978515625
0.139755249023438 0.0179443359375 0.1068115234375 -0.140716552734375
0.104034423828125 -0.0521087646484375 0.0670318603515625 -0.103813171386719
0.0802078247070312 -0.0660476684570313 0.0441322326660156 -0.0381813049316406
0.0345077514648438 -0.114448547363281 0.0523338317871094 -0.00965499877929688
-0.00975036621093751 -0.134307861328125 0.0803680419921875 0.01873779296875
-0.0118637084960937 -0.1312255859375 0.0910263061523437 0.0507431030273437
-0.0255584716796875 -0.146804809570313 0.0960311889648438 0.080841064453125
0.00613403320312501 -0.134498596191406 0.0532684326171875 0.121650695800781
0.061737060546875 -0.131507873535156 0.0178604125976563 0.116905212402344
0.103218078613281 -0.107383728027344 -0.0123138427734375 0.0726165771484375
0.182113647460937 -0.0040435791015625 0.00403976440429689 0.0234012603759766
0.174972534179688 0.0900726318359375 0.112220764160156 -0.0422286987304687
0.114242553710938 0.150482177734375 0.3106689453125 -0.00302124023437499
-0.0225067138671875 -0.18890380859375 -0.31829833984375 -0.02545166015625
-0.128044128417969 -0.072509765625 -0.128852844238281 0.00121307373046872
-0.138046264648438 0.00599670410156252 0.0131111145019531 -0.0674819946289063
-0.0920562744140625 0.0743560791015625 0.0269546508789062 -0.129486083984375
-0.0469284057617188 0.08087158203125 -0.00715637207031249 -0.164520263671875
-0.00801849365234376 0.101280212402344 -0.067962646484375 -0.168426513671875
-0.00305938720703126 0.099517822265625 -0.125495910644531 -0.131309509277344
-0.0160293579101562 0.0901947021484375 -0.113273620605469 -0.0879287719726563
-0.0229339599609375 0.0969161987304688 -0.0941314697265625 -0.0435333251953125
-0.0570144653320312 0.0631523132324219 -0.0643043518066406 -0.0163192749023438
-0.0823516845703125 0.0235137939453125 -0.0555267333984375 0.0279731750488281
-0.0909652709960938 -0.0177841186523438 -0.0757980346679688 0.0673370361328125
-0.07537841796875 -0.0899276733398438 -0.110466003417969 0.093994140625
-0.05364990234375 -0.138694763183594 -0.147003173828125 0.147842407226563
0.0181121826171875 -0.184951782226563 -0.109298706054687 0.131370544433594
0.0728607177734375 -0.185989379882813 -0.299591064453125 -0.0988159179687501
-0.0473251342773438 -0.088958740234375 -0.115692138671875 -0.0638275146484375
-0.0642585754394531 -0.0300827026367187 0.0239334106445312 -0.113380432128906
-0.0508003234863281 0.0236320495605469 0.0265960693359375 -0.172317504882812
-0.0223770141601563 0.0268440246582031 -0.006561279296875 -0.191543579101563
-0.019256591796875 0.0414237976074219 -0.071044921875 -0.196548461914063
-0.0400733947753906 0.0465049743652344 -0.126220703125 -0.158584594726563
-0.0518836975097656 0.0403518676757812 -0.106498718261719 -0.108596801757813
-0.0716171264648437 0.0472412109375 -0.0849456787109375 -0.06634521484375
-0.0939254760742188 0.00913238525390625 -0.0526199340820312 -0.028411865234375
-0.0982742309570313 -0.0481796264648438 -0.0447044372558594 0.0188713073730469
-0.0785675048828125 -0.0971527099609375 -0.06951904296875 0.0459823608398437
-0.00543212890625001 -0.148086547851562 -0.0883407592773438 0.0526885986328125
0.0293426513671875 -0.178573608398438 -0.115623474121094 0.0874557495117187
0.107986450195313 -0.2008056640625 -0.0679435729980469 0.0697669982910156
0.162521362304688 -0.158554077148438 -0.247344970703125 -0.162734985351562
0.0500869750976562 -0.0908355712890625 -0.0733108520507813 -0.120811462402344
0.0295562744140625 -0.070281982421875 0.050811767578125 -0.152496337890625
0.00203323364257813 -0.0422401428222656 0.0346527099609375 -0.209259033203125
0.0052642822265625 -0.0399093627929687 -0.00396728515625 -0.207595825195313
-0.0293979644775391 -0.0290470123291016 -0.0702362060546875 -0.207138061523437
-0.0724411010742188 -0.0161895751953125 -0.1141357421875 -0.164382934570312
-0.0792007446289063 -0.0170822143554687 -0.0832748413085938 -0.112129211425781
-0.10870361328125 -0.00782012939453125 -0.0584716796875 -0.0761947631835938
-0.116539001464844 -0.0411911010742187 -0.0281772613525391 -0.0290012359619141
-0.1038818359375 -0.104904174804687 -0.0250835418701172 0.0186119079589844
-0.0675201416015625 -0.153350830078125 -0.0588645935058594 0.0341911315917969
0.0484161376953125 -0.1859130859375 -0.0699195861816406 0.0164833068847656
0.09521484375 -0.195892333984375 -0.08099365234375 0.0203475952148437
0.178619384765625 -0.189407348632813 -0.00400686264038085 0.00574779510498046
0.228515625 -0.110610961914062 -0.166793823242187 -0.210006713867187
0.141921997070313 -0.0795440673828125 -0.0100860595703125 -0.164718627929688
0.125450134277344 -0.107521057128906 0.0849456787109375 -0.179916381835938
0.056854248046875 -0.113204956054687 0.048004150390625 -0.228485107421875
0.02972412109375 -0.10882568359375 0.00376892089843751 -0.204910278320313
-0.03948974609375 -0.0981674194335938 -0.0596160888671875 -0.193328857421875
-0.0962066650390625 -0.0763626098632812 -0.08636474609375 -0.148605346679688
-0.09527587890625 -0.07159423828125 -0.047637939453125 -0.09820556640625
-0.127662658691406 -0.0622787475585937 -0.0223541259765625 -0.0710525512695313
-0.118453979492187 -0.0851516723632813 0.00108909606933593 -0.0191688537597656
-0.0898284912109375 -0.144668579101562 -0.00390625000000001 0.0245304107666016
-0.043304443359375 -0.184066772460938 -0.0476799011230469 0.0274887084960937
0.0945281982421875 -0.193603515625 -0.0572052001953125 -0.0117378234863281
0.146682739257812 -0.181304931640625 -0.0464134216308594 -0.0438270568847656
0.223739624023438 -0.14837646484375 0.0710296630859375 -0.0515594482421875
0.256332397460938 -0.0502777099609375 -0.0735015869140625 -0.238006591796875
0.206146240234375 -0.05242919921875 0.0618743896484375 -0.197418212890625
0.198806762695313 -0.1248779296875 0.113128662109375 -0.193374633789062
0.100997924804688 -0.164703369140625 0.0613250732421875 -0.222305297851562
0.049591064453125 -0.159454345703125 0.017120361328125 -0.177703857421875
-0.0448760986328125 -0.14971923828125 -0.0364532470703125 -0.158203125
-0.105850219726562 -0.124153137207031 -0.0438919067382813 -0.115623474121094
-0.09698486328125 -0.115325927734375 -0.00549316406250001 -0.0702896118164063
-0.126815795898438 -0.108818054199219 0.0168075561523438 -0.0500755310058594
-0.099456787109375 -0.121170043945312 0.0269241333007812 0.00219917297363281
-0.0536956787109375 -0.16912841796875 0.01214599609375 0.0373764038085937
-0.00288391113281252 -0.19207763671875 -0.0384025573730469 0.0264129638671875
0.140823364257813 -0.16937255859375 -0.0469932556152344 -0.0307579040527344
0.189254760742188 -0.132583618164063 -0.0111770629882812 -0.0921173095703125
0.243377685546875 -0.08062744140625 0.147933959960938 -0.08892822265625
0.239212036132813 0.0135955810546875 0.01580810546875 -0.243576049804688
0.225692749023438 -0.014495849609375 0.123870849609375 -0.215866088867187
0.228866577148438 -0.111648559570313 0.125625610351563 -0.192474365234375
0.1234130859375 -0.175613403320313 0.0686492919921875 -0.1937255859375
0.0622100830078125 -0.172821044921875 0.0316925048828125 -0.132347106933594
-0.0377197265625 -0.172012329101562 -0.00341796875 -0.107490539550781
-0.0970458984375 -0.150558471679688 0.00495147705078125 -0.0709228515625
-0.083984375 -0.1427001953125 0.0372467041015625 -0.0327186584472656
-0.107589721679687 -0.143341064453125 0.0534629821777344 -0.0137481689453125
-0.0664520263671875 -0.146270751953125 0.0450172424316406 0.0374946594238281
-0.0089111328125 -0.177352905273438 0.0196113586425781 0.0604667663574219
0.0462646484375 -0.181488037109375 -0.0308322906494141 0.0331363677978515
0.181976318359375 -0.123260498046875 -0.0335540771484375 -0.0338230133056641
0.217208862304688 -0.061676025390625 0.0301361083984375 -0.113105773925781
0.235336303710937 0.0019073486328125 0.22113037109375 -0.09808349609375
0.180770874023437 0.07537841796875 0.0818328857421875 -0.228363037109375
0.196807861328125 0.032012939453125 0.162277221679687 -0.215255737304687
0.207794189453125 -0.0661468505859375 0.120986938476563 -0.175537109375
0.121589660644531 -0.139564514160156 0.069732666015625 -0.150802612304688
0.0699310302734375 -0.142578125 0.042938232421875 -0.0812149047851563
-0.01507568359375 -0.15985107421875 0.0307273864746094 -0.0548019409179687
-0.069183349609375 -0.153472900390625 0.0515289306640625 -0.0242424011230469
-0.059539794921875 -0.148330688476562 0.0738677978515625 0.010009765625
-0.0778961181640625 -0.156539916992188 0.082000732421875 0.0344085693359375
-0.0335845947265625 -0.152130126953125 0.0536041259765625 0.0833053588867187
0.030181884765625 -0.167892456054688 0.01971435546875 0.0910720825195312
0.0842132568359375 -0.155136108398438 -0.0243568420410156 0.0499725341796875
0.202285766601563 -0.0687408447265625 -0.0160150527954101 -0.0167961120605469
0.221160888671875 0.0142669677734375 0.07452392578125 -0.0988922119140625
0.198883056640625 0.082977294921875 0.28076171875 -0.072723388671875
0.0953826904296875 0.128410339355469 0.112075805664063 -0.192855834960938
0.131912231445313 0.0818099975585938 0.171432495117188 -0.193145751953125
0.15087890625 0.0009918212890625 0.10479736328125 -0.144393920898438
0.102729797363281 -0.06707763671875 0.0691375732421875 -0.105453491210938
0.0754165649414063 -0.0786590576171875 0.049468994140625 -0.0394363403320313
0.0208816528320313 -0.120323181152344 0.0556869506835938 -0.0113677978515625
-0.0252761840820312 -0.134330749511719 0.0854721069335938 0.017364501953125
-0.0259170532226562 -0.131889343261719 0.0976943969726563 0.050933837890625
-0.041412353515625 -0.145614624023438 0.100982666015625 0.0848388671875
-0.00784301757812501 -0.135772705078125 0.0562973022460938 0.130271911621094
0.0492401123046875 -0.140434265136719 0.0172500610351563 0.12451171875
0.0954437255859375 -0.120491027832031 -0.0174102783203125 0.0778045654296875
0.1898193359375 -0.022369384765625 -0.00127029418945311 0.0206184387207031
0.191253662109375 0.0758514404296875 0.109298706054688 -0.0530166625976562
0.134170532226563 0.144195556640625 0.319366455078125 -0.01873779296875
-0.0439910888671875 -0.18768310546875 -0.333282470703125 -0.00155639648437497
-0.137557983398438 -0.0580520629882812 -0.130958557128906 0.0149765014648437
-0.140190124511719 0.0257492065429688 0.0134162902832031 -0.0694541931152344
-0.08270263671875 0.0882797241210938 0.0248489379882813 -0.137649536132813
-0.0356216430664063 0.0876846313476563 -0.01318359375 -0.17279052734375
0.00651550292968749 0.100151062011719 -0.07891845703125 -0.175796508789063
0.00916290283203124 0.0972976684570313 -0.141067504882812 -0.131866455078125
-0.00561523437499999 0.090057373046875 -0.126945495605469 -0.0849609375
-0.01129150390625 0.0954666137695313 -0.104133605957031 -0.0392379760742187
-0.0474052429199219 0.0669364929199219 -0.0728759765625 -0.0146484375
-0.0768814086914063 0.0319900512695313 -0.0614280700683594 0.0316352844238281
-0.091400146484375 -0.00579071044921876 -0.0801620483398437 0.0727767944335938
-0.0880661010742187 -0.0793304443359375 -0.11468505859375 0.101844787597656
-0.0718231201171875 -0.13214111328125 -0.146804809570312 0.161895751953125
-0.00358581542968751 -0.189224243164063 -0.10943603515625 0.143478393554688
0.0576629638671875 -0.19219970703125 -0.321624755859375 -0.076141357421875
-0.05364990234375 -0.0809097290039063 -0.124275207519531 -0.0512619018554688
-0.064910888671875 -0.0179862976074219 0.0197982788085937 -0.11639404296875
-0.0429115295410156 0.0323448181152344 0.0199127197265625 -0.1798095703125
-0.0136165618896484 0.0290012359619141 -0.0164031982421875 -0.19879150390625
-0.0101470947265625 0.0387420654296875 -0.0857086181640625 -0.201950073242188
-0.0331878662109375 0.0452880859375 -0.144500732421875 -0.157135009765625
-0.0467491149902344 0.0400161743164063 -0.121543884277344 -0.104972839355469
-0.0663566589355469 0.0475997924804688 -0.0975112915039063 -0.0614852905273438
-0.0905380249023437 0.0128860473632813 -0.0633354187011719 -0.0254592895507813
-0.0991668701171875 -0.0423965454101562 -0.0524139404296875 0.0233917236328125
-0.084259033203125 -0.0908737182617188 -0.0773086547851563 0.0522232055664062
-0.0184478759765625 -0.147232055664063 -0.0976638793945313 0.0573043823242187
0.012176513671875 -0.18145751953125 -0.1221923828125 0.098846435546875
0.0914306640625 -0.213272094726563 -0.0736846923828125 0.077911376953125
0.155776977539063 -0.171844482421875 -0.27392578125 -0.1451416015625
0.047760009765625 -0.0910797119140625 -0.0857696533203125 -0.1112060546875
0.0297012329101563 -0.0687828063964844 0.0447540283203125 -0.157073974609375
0.00699615478515625 -0.0408592224121094 0.0242462158203125 -0.217269897460938
0.0103492736816406 -0.0438957214355469 -0.0157470703125 -0.214813232421875
-0.0265216827392578 -0.0332126617431641 -0.087066650390625 -0.209625244140625
-0.0731430053710938 -0.0166168212890625 -0.13226318359375 -0.161209106445313
-0.0814208984375 -0.0168228149414062 -0.0980987548828125 -0.107925415039063
-0.110694885253906 -0.00584411621093748 -0.0712509155273438 -0.0709228515625
-0.119430541992188 -0.0377197265625 -0.0384559631347656 -0.0246467590332031
-0.110801696777344 -0.101646423339844 -0.0328197479248047 0.0252952575683594
-0.0779876708984375 -0.151702880859375 -0.0689353942871094 0.0409507751464844
0.03680419921875 -0.193679809570312 -0.0842056274414063 0.02001953125
0.081451416015625 -0.206298828125 -0.0928878784179687 0.0270233154296875
0.168869018554688 -0.208114624023438 -0.0134153366088867 0.00729084014892577
0.230880737304688 -0.12896728515625 -0.195068359375 -0.198867797851563
0.1453857421875 -0.087738037109375 -0.0245513916015625 -0.160995483398438
0.127464294433594 -0.118392944335938 0.0780487060546875 -0.187332153320312
0.0566635131835937 -0.120407104492187 0.035888671875 -0.23651123046875
0.0289993286132812 -0.118278503417969 -0.00836181640625001 -0.211181640625
-0.0444869995117187 -0.10369873046875 -0.07666015625 -0.195266723632813
-0.10400390625 -0.0755157470703125 -0.103042602539063 -0.14385986328125
-0.104164123535156 -0.0715103149414062 -0.059326171875 -0.094512939453125
-0.136886596679688 -0.0588455200195312 -0.03289794921875 -0.0657806396484375
-0.126693725585938 -0.0821685791015625 -0.00769710540771485 -0.0143051147460938
-0.101654052734375 -0.14501953125 -0.0106391906738281 0.0318164825439453
-0.056915283203125 -0.188095092773438 -0.0583267211914063 0.0355606079101562
0.08587646484375 -0.208450317382813 -0.0739898681640625 -0.00952148437500001
0.139480590820312 -0.19805908203125 -0.0633583068847656 -0.0409927368164063
0.222747802734375 -0.170913696289063 0.059814453125 -0.0564002990722656
0.267013549804688 -0.07073974609375 -0.0992279052734375 -0.233413696289063
0.21539306640625 -0.0681304931640625 0.0469970703125 -0.200302124023438
0.201919555664063 -0.145462036132813 0.106399536132813 -0.202362060546875
0.0962066650390625 -0.179046630859375 0.050262451171875 -0.231353759765625
0.0422515869140625 -0.173065185546875 0.0075225830078125 -0.1837158203125
-0.05657958984375 -0.155471801757813 -0.0499114990234375 -0.1578369140625
-0.120460510253906 -0.121589660644531 -0.0568084716796875 -0.111213684082031
-0.110916137695313 -0.115531921386719 -0.0126190185546875 -0.0677070617675781
-0.140731811523438 -0.105712890625 0.0101890563964844 -0.04534912109375
-0.111740112304688 -0.120071411132812 0.0216941833496094 0.00905227661132812
-0.0687713623046875 -0.173538208007813 0.00720977783203124 0.0459632873535156
-0.0164337158203125 -0.201446533203125 -0.0483894348144531 0.0347251892089844
0.136825561523438 -0.190444946289063 -0.0639915466308594 -0.0282974243164063
0.189468383789063 -0.1539306640625 -0.0288314819335937 -0.0940017700195313
0.252334594726563 -0.103042602539063 0.139030456542969 -0.100975036621094
0.256134033203125 -0.00518798828125 -0.00593566894531251 -0.247116088867187
0.23883056640625 -0.0330352783203125 0.109390258789063 -0.225799560546875
0.234359741210937 -0.137680053710938 0.119537353515625 -0.202239990234375
0.116287231445313 -0.194931030273438 0.0607147216796875 -0.202041625976563
0.0519561767578125 -0.189483642578125 0.0259780883789062 -0.137252807617188
-0.054534912109375 -0.177215576171875 -0.0120391845703125 -0.107109069824219
-0.115768432617188 -0.147750854492188 -0.00114822387695313 -0.0685157775878907
-0.101333618164063 -0.142044067382812 0.0355339050292969 -0.0307807922363281
-0.125656127929688 -0.139694213867188 0.0512123107910156 -0.00961685180664063
-0.08203125 -0.146697998046875 0.0440330505371094 0.0453681945800781
-0.024261474609375 -0.185638427734375 0.0171890258789062 0.0699462890625
0.03375244140625 -0.194229125976563 -0.0395317077636719 0.0418853759765625
0.18310546875 -0.1474609375 -0.0489578247070312 -0.0328140258789063
0.2252197265625 -0.085296630859375 0.0134963989257813 -0.119300842285156
0.251174926757812 -0.0182647705078125 0.215850830078125 -0.115585327148437
0.201034545898438 0.060272216796875 0.065582275390625 -0.23736572265625
0.212860107421875 0.0140533447265625 0.150390625 -0.229660034179688
0.215667724609375 -0.09295654296875 0.115966796875 -0.184677124023438
0.114303588867188 -0.159439086914063 0.0660400390625 -0.15771484375
0.0594482421875 -0.158950805664063 0.0427322387695313 -0.0852584838867188
-0.033233642578125 -0.165252685546875 0.0283012390136719 -0.0555229187011719
-0.0893096923828125 -0.150177001953125 0.0519943237304687 -0.0244483947753906
-0.07769775390625 -0.1470947265625 0.077117919921875 0.00967407226562499
-0.0970916748046875 -0.153106689453125 0.0856475830078125 0.0371932983398437
-0.049468994140625 -0.152679443359375 0.0576095581054688 0.09185791015625
0.0145263671875 -0.176742553710938 0.0198516845703125 0.1011962890625
0.07257080078125 -0.170455932617188 -0.0298881530761719 0.0579147338867187
0.20709228515625 -0.093780517578125 -0.0274829864501953 -0.0173778533935547
0.234817504882813 -0.0089874267578125 0.0625762939453125 -0.109405517578125
0.220123291015625 0.0667877197265625 0.282623291015625 -0.09442138671875
0.116195678710938 0.121040344238281 0.103317260742188 -0.205657958984375
0.149139404296875 0.0685577392578125 0.164581298828125 -0.2105712890625
0.160003662109375 -0.0196685791015625 0.102493286132813 -0.151123046875
0.09765625 -0.0834274291992187 0.0701828002929687 -0.110481262207031
0.0681076049804687 -0.0927352905273438 0.0536880493164063 -0.0428123474121094
0.00548553466796874 -0.125495910644531 0.0595207214355469 -0.0143814086914063
-0.0435714721679688 -0.131927490234375 0.0916976928710937 0.0138778686523437
-0.0427017211914063 -0.130401611328125 0.107040405273438 0.049407958984375
-0.05987548828125 -0.14190673828125 0.110748291015625 0.0867919921875
-0.0240707397460937 -0.136116027832031 0.0650177001953125 0.139228820800781
0.0337677001953125 -0.149063110351563 0.0207138061523437 0.134635925292969
0.0843124389648438 -0.1351318359375 -0.0202407836914062 0.084686279296875
0.195755004882812 -0.045867919921875 -0.00663566589355468 0.0188941955566406
0.20751953125 0.0556488037109375 0.104888916015625 -0.06597900390625
0.1578369140625 0.134429931640625 0.328582763671875 -0.04205322265625
-0.068939208984375 -0.18109130859375 -0.3419189453125 0.0319213867187499
-0.144485473632813 -0.039398193359375 -0.129348754882813 0.0304489135742188
-0.136810302734375 0.047149658203125 0.0114974975585937 -0.071502685546875
-0.069244384765625 0.100578308105469 0.0186614990234375 -0.14459228515625
-0.0217819213867187 0.09161376953125 -0.0242767333984375 -0.178802490234375
0.0210037231445312 0.0956039428710938 -0.0946197509765625 -0.1796875
0.0224227905273437 0.0923233032226563 -0.1580810546875 -0.125747680664062
0.00582122802734376 0.0865631103515625 -0.140167236328125 -0.0769271850585937
0.0010223388671875 0.0913009643554688 -0.113143920898438 -0.031341552734375
-0.0362167358398438 0.0681915283203125 -0.0818252563476563 -0.00934600830078126
-0.0688209533691406 0.0401573181152344 -0.065948486328125 0.037200927734375
-0.0898056030273438 0.00717926025390625 -0.0817337036132813 0.081146240234375
-0.0988235473632813 -0.0645751953125 -0.114601135253906 0.111976623535156
-0.0899658203125 -0.11962890625 -0.140518188476563 0.177825927734375
-0.02886962890625 -0.189483642578125 -0.104293823242187 0.156005859375
0.03753662109375 -0.1956787109375 -0.339111328125 -0.0429992675781251
-0.059539794921875 -0.0703201293945312 -0.129989624023438 -0.0345077514648438
-0.0629806518554688 -0.00510025024414062 0.013641357421875 -0.118537902832031
-0.032318115234375 0.0392608642578125 0.00833129882812501 -0.185714721679688
-0.00391006469726563 0.0284900665283203 -0.03057861328125 -0.203460693359375
-0.000905990600585935 0.0339031219482422 -0.104202270507812 -0.203216552734375
-0.026611328125 0.0430564880371094 -0.164138793945313 -0.148422241210938
-0.041717529296875 0.0389862060546875 -0.137397766113281 -0.0960922241210938
-0.0600471496582031 0.04840087890625 -0.109413146972656 -0.0514297485351563
-0.0865707397460938 0.0170135498046875 -0.0734481811523437 -0.0188369750976563
-0.0996170043945313 -0.0351638793945313 -0.0580062866210938 0.0307235717773437
-0.0903472900390625 -0.0817947387695313 -0.0827713012695313 0.061859130859375
-0.0326995849609375 -0.143203735351563 -0.104240417480469 0.066619873046875
-0.00726318359374999 -0.179550170898438 -0.122962951660156 0.113021850585938
0.0685882568359375 -0.223312377929687 -0.0759506225585938 0.0878524780273437
0.143020629882813 -0.185211181640625 -0.298492431640625 -0.11553955078125
0.044036865234375 -0.0914993286132812 -0.098052978515625 -0.0972213745117188
0.0301742553710937 -0.0679054260253906 0.034912109375 -0.161041259765625
0.0112762451171875 -0.0408973693847656 0.00923156738281249 -0.2225341796875
0.0130577087402344 -0.0486984252929688 -0.0317230224609375 -0.217788696289063
-0.025848388671875 -0.0376319885253906 -0.107330322265625 -0.207244873046875
-0.0738906860351563 -0.0149917602539062 -0.151931762695313 -0.15087890625
-0.0836410522460938 -0.0152130126953125 -0.112388610839844 -0.09942626953125
-0.112602233886719 -0.00139617919921876 -0.08380126953125 -0.0616455078125
-0.121894836425781 -0.0318603515625 -0.0479583740234375 -0.0177383422851562
-0.118545532226563 -0.0957565307617188 -0.0382537841796875 0.0328445434570313
-0.0900726318359375 -0.147781372070313 -0.0759811401367188 0.051483154296875
0.0201568603515625 -0.199066162109375 -0.0963821411132813 0.0288619995117187
0.063262939453125 -0.213897705078125 -0.102577209472656 0.0382919311523438
0.152236938476563 -0.2271728515625 -0.0222663879394531 0.0112018585205078
0.227020263671875 -0.150604248046875 -0.222412109375 -0.177139282226563
0.145614624023438 -0.0994415283203125 -0.04071044921875 -0.15234375
0.124893188476563 -0.130638122558594 0.0665283203125 -0.193328857421875
0.0529937744140625 -0.127685546875 0.0196075439453125 -0.242889404296875
0.0234222412109375 -0.127548217773438 -0.025604248046875 -0.214202880859375
-0.0521087646484375 -0.105857849121094 -0.095916748046875 -0.190963745117188
-0.1126708984375 -0.070098876953125 -0.119789123535156 -0.134727478027344
-0.113166809082031 -0.0672836303710938 -0.0716094970703125 -0.08758544921875
-0.145477294921875 -0.0514984130859375 -0.0433807373046875 -0.0586509704589844
-0.13519287109375 -0.075439453125 -0.0143098831176758 -0.00709533691406251
-0.114990234375 -0.141311645507813 -0.0148582458496094 0.0403823852539063
-0.073150634765625 -0.1881103515625 -0.0663032531738281 0.0470733642578125
0.070068359375 -0.222381591796875 -0.0901260375976563 -0.00115203857421875
0.124725341796875 -0.214141845703125 -0.0797882080078125 -0.0330581665039063
0.214309692382813 -0.195602416992188 0.0471115112304688 -0.0601577758789063
0.271453857421875 -0.0971832275390625 -0.127792358398437 -0.220901489257813
0.218826293945313 -0.0886688232421875 0.0283966064453125 -0.19976806640625
0.198257446289063 -0.16937255859375 0.0942840576171875 -0.2110595703125
0.0845184326171875 -0.193374633789063 0.0343017578125 -0.23748779296875
0.0292816162109375 -0.186050415039063 -0.00752258300781248 -0.18682861328125
-0.071533203125 -0.15631103515625 -0.0658721923828125 -0.15411376953125
-0.135589599609375 -0.113388061523438 -0.0692596435546875 -0.103317260742188
-0.125564575195313 -0.10955810546875 -0.0197372436523438 -0.0628395080566406
-0.155731201171875 -0.0957489013671875 0.00322341918945312 -0.0399818420410156
-0.125068664550781 -0.114738464355469 0.0187473297119141 0.0153560638427734
-0.0865936279296875 -0.173965454101563 0.00562667846679688 0.0549774169921875
-0.0349578857421875 -0.206634521484375 -0.055419921875 0.0464897155761719
0.12445068359375 -0.210891723632813 -0.0810546875 -0.0208892822265625
0.18133544921875 -0.1766357421875 -0.0491790771484375 -0.0908889770507813
0.2528076171875 -0.130523681640625 0.124778747558594 -0.112785339355469
0.268096923828125 -0.03179931640625 -0.0317840576171875 -0.244064331054687
0.246673583984375 -0.05780029296875 0.0904693603515625 -0.232864379882813
0.230178833007813 -0.168365478515625 0.108245849609375 -0.212356567382813
0.101318359375 -0.213348388671875 0.04766845703125 -0.20855712890625
0.0344085693359375 -0.2037353515625 0.016204833984375 -0.141372680664062
-0.074798583984375 -0.177230834960938 -0.0223464965820312 -0.104820251464844
-0.135108947753906 -0.138114929199219 -0.00815963745117188 -0.0643844604492188
-0.11993408203125 -0.135704040527344 0.0339241027832031 -0.029937744140625
-0.144699096679687 -0.128860473632813 0.050048828125 -0.00656509399414063
-0.0986480712890625 -0.142288208007812 0.0465774536132812 0.0520744323730469
-0.0445098876953125 -0.189071655273438 0.0193634033203125 0.0788803100585937
0.0146331787109375 -0.205291748046875 -0.0450668334960938 0.05291748046875
0.17523193359375 -0.173828125 -0.0647239685058594 -0.0268974304199219
0.225616455078125 -0.112945556640625 -0.00674438476562499 -0.121543884277344
0.262710571289063 -0.0455169677734375 0.2039794921875 -0.135513305664062
0.218353271484375 0.038848876953125 0.044036865234375 -0.242996215820313
0.224349975585937 -0.0098114013671875 0.132888793945313 -0.243545532226563
0.214263916015625 -0.123199462890625 0.106369018554687 -0.19415283203125
0.100128173828125 -0.17816162109375 0.0584259033203125 -0.16363525390625
0.0422210693359375 -0.172698974609375 0.039154052734375 -0.0900497436523438
-0.054412841796875 -0.164535522460937 0.024810791015625 -0.0557632446289063
-0.110107421875 -0.140823364257813 0.0520896911621094 -0.0256614685058594
-0.0975341796875 -0.14068603515625 0.0813217163085938 0.00747680664062499
-0.117294311523437 -0.143142700195313 0.0906524658203125 0.037811279296875
-0.0677337646484375 -0.14892578125 0.0652389526367188 0.09844970703125
-0.00590515136718749 -0.18255615234375 0.0253143310546875 0.110359191894531
0.0547637939453125 -0.183486938476563 -0.0329055786132813 0.0681076049804687
0.203857421875 -0.122085571289063 -0.039276123046875 -0.0144500732421875
0.241989135742187 -0.0378875732421875 0.046356201171875 -0.11724853515625
0.238662719726562 0.0426177978515625 0.277008056640625 -0.121047973632813
0.136421203613281 0.107467651367188 0.088165283203125 -0.216552734375
0.163726806640625 0.049407958984375 0.150375366210938 -0.227783203125
0.162765502929688 -0.0441436767578125 0.09564208984375 -0.159500122070313
0.0885009765625 -0.100379943847656 0.0684356689453125 -0.11688232421875
0.0558853149414063 -0.104812622070312 0.0560798645019531 -0.0485420227050781
-0.0128021240234375 -0.126296997070313 0.0621910095214844 -0.0183563232421875
-0.062530517578125 -0.125 0.0971755981445313 0.00822448730468749
-0.0605697631835938 -0.124794006347656 0.116142272949219 0.0437240600585937
-0.0782852172851563 -0.133270263671875 0.122062683105469 0.0852737426757813
-0.0416030883789062 -0.131912231445313 0.07781982421875 0.145523071289063
0.0147247314453125 -0.154251098632813 0.029144287109375 0.142868041992188
0.0677642822265625 -0.147750854492188 -0.0193405151367187 0.0925827026367187
0.19464111328125 -0.0730743408203125 -0.0122432708740234 0.0192680358886719
0.219482421875 0.02880859375 0.0956954956054688 -0.0787811279296875
0.180038452148438 0.115280151367188 0.332305908203125 -0.0736083984375
-0.08978271484375 -0.165863037109375 -0.3377685546875 0.0662841796875
-0.1455078125 -0.01983642578125 -0.122398376464844 0.0453872680664063
-0.126045227050781 0.0660476684570313 0.00849151611328124 -0.0712509155273438
-0.0520477294921875 0.108558654785156 0.010406494140625 -0.148040771484375
-0.00760650634765625 0.0911712646484375 -0.035491943359375 -0.179550170898438
0.0331573486328125 0.086212158203125 -0.109207153320313 -0.17755126953125
0.0332870483398437 0.0823745727539063 -0.170989990234375 -0.114654541015625
0.015411376953125 0.0799713134765625 -0.149917602539063 -0.0646820068359375
0.0113677978515625 0.0838775634765625 -0.118499755859375 -0.0206985473632813
-0.0255317687988281 0.0662307739257813 -0.0873947143554688 -0.00249481201171875
-0.0588226318359375 0.045196533203125 -0.0680084228515625 0.0428504943847656
-0.0836715698242188 0.0185317993164062 -0.0804519653320313 0.0885009765625
-0.103225708007812 -0.0470428466796875 -0.109840393066406 0.120597839355469
-0.101875305175781 -0.102134704589844 -0.128311157226563 0.18939208984375
-0.052337646484375 -0.17987060546875 -0.094970703125 0.164718627929687
0.01678466796875 -0.19140625 -0.343048095703125 -0.00677490234375007
-0.0624618530273438 -0.0587959289550781 -0.130241394042969 -0.016448974609375
-0.05615234375 0.00601577758789063 0.00588226318359376 -0.116470336914063
-0.02020263671875 0.0433464050292969 -0.00408935546874998 -0.18572998046875
0.00479888916015625 0.0256481170654297 -0.0441741943359375 -0.201324462890625
0.0060882568359375 0.0268497467041016 -0.121353149414063 -0.19622802734375
-0.0202751159667969 0.03857421875 -0.179046630859375 -0.133453369140625
-0.0369224548339844 0.0366325378417969 -0.148269653320313 -0.081817626953125
-0.0553741455078125 0.0473556518554688 -0.116996765136719 -0.0392913818359375
-0.0808029174804688 0.0195693969726562 -0.0804901123046875 -0.00974273681640626
-0.09735107421875 -0.027740478515625 -0.0609550476074219 0.0381126403808594
-0.0931625366210938 -0.0714492797851562 -0.0841598510742187 0.0712356567382813
-0.0448150634765625 -0.134124755859375 -0.10687255859375 0.0770492553710938
-0.02471923828125 -0.170501708984375 -0.119606018066406 0.125022888183594
0.043609619140625 -0.224212646484375 -0.074920654296875 0.0960617065429687
0.126022338867188 -0.192840576171875 -0.30963134765625 -0.08026123046875
0.0396499633789063 -0.0895309448242188 -0.104911804199219 -0.0796432495117188
0.0306434631347656 -0.0668449401855469 0.024078369140625 -0.160781860351562
0.0151329040527344 -0.0411567687988281 -0.007476806640625 -0.221633911132812
0.0143623352050781 -0.0531959533691406 -0.048065185546875 -0.214309692382813
-0.0259590148925781 -0.0414581298828125 -0.125320434570313 -0.19830322265625
-0.0731277465820313 -0.01336669921875 -0.16693115234375 -0.134689331054688
-0.0841598510742188 -0.0127105712890625 -0.123428344726562 -0.086273193359375
-0.111587524414062 0.00401306152343748 -0.0917816162109375 -0.0489120483398437
-0.121810913085938 -0.0242919921875 -0.054168701171875 -0.00889968872070313
-0.123329162597656 -0.0869369506835938 -0.0403404235839844 0.0410614013671875
-0.0999374389648438 -0.138442993164062 -0.0789413452148437 0.0633773803710938
0.00354003906250001 -0.197265625 -0.104682922363281 0.0399398803710937
0.043487548828125 -0.214141845703125 -0.107101440429688 0.0510635375976563
0.128646850585938 -0.237548828125 -0.0293254852294922 0.0167407989501953
0.214584350585937 -0.167770385742187 -0.2410888671875 -0.146377563476563
0.140167236328125 -0.108482360839844 -0.0534439086914062 -0.138290405273438
0.118278503417969 -0.140426635742188 0.052642822265625 -0.194564819335938
0.0464553833007813 -0.132438659667969 0.000442504882812523 -0.241073608398438
0.0153961181640625 -0.133201599121094 -0.041290283203125 -0.210067749023438
-0.0593643188476563 -0.105812072753906 -0.11273193359375 -0.179290771484375
-0.118560791015625 -0.0629425048828125 -0.132560729980469 -0.1182861328125
-0.119529724121094 -0.060394287109375 -0.0804977416992188 -0.0767974853515625
-0.150009155273438 -0.04052734375 -0.0508995056152344 -0.048065185546875
-0.140464782714844 -0.0658950805664062 -0.0189895629882813 0.000631332397460933
-0.12554931640625 -0.133102416992187 -0.0154037475585938 0.0481605529785156
-0.0880889892578125 -0.1817626953125 -0.0695228576660156 0.0591964721679687
0.0510406494140625 -0.22869873046875 -0.101150512695313 0.0113906860351563
0.105056762695312 -0.222991943359375 -0.0914535522460938 -0.0213470458984375
0.196319580078125 -0.214218139648438 0.0332374572753906 -0.0601234436035156
0.26568603515625 -0.121917724609375 -0.149383544921875 -0.198410034179688
0.214431762695313 -0.107650756835938 0.0101165771484375 -0.190399169921875
0.186126708984375 -0.18890380859375 0.079071044921875 -0.214492797851563
0.0692901611328125 -0.20233154296875 0.015716552734375 -0.23760986328125
0.0133056640625 -0.1920166015625 -0.0220184326171875 -0.18359375
-0.085662841796875 -0.15191650390625 -0.0796661376953125 -0.143524169921875
-0.145904541015625 -0.10101318359375 -0.0780258178710938 -0.0912628173828125
-0.136497497558594 -0.0994949340820313 -0.0262603759765625 -0.0563125610351563
-0.165115356445313 -0.0817108154296875 -0.00162315368652345 -0.0333232879638672
-0.134925842285156 -0.103950500488281 0.0176868438720703 0.0219974517822266
-0.102142333984375 -0.16656494140625 0.00693511962890624 0.0621910095214844
-0.0537261962890625 -0.2039794921875 -0.0582847595214844 0.0582771301269531
0.106002807617188 -0.22515869140625 -0.09393310546875 -0.0087432861328125
0.166229248046875 -0.193588256835938 -0.066680908203125 -0.081390380859375
0.244155883789063 -0.155441284179688 0.107025146484375 -0.119499206542969
0.268539428710938 -0.0592498779296875 -0.0557403564453125 -0.231475830078125
0.244720458984375 -0.0828857421875 0.0693359375 -0.230255126953125
0.216339111328125 -0.194366455078125 0.092987060546875 -0.216201782226562
0.08056640625 -0.224334716796875 0.03204345703125 -0.209304809570313
0.01373291015625 -0.210098266601563 0.00543212890625001 -0.140625
-0.092376708984375 -0.169784545898437 -0.0309600830078125 -0.098114013671875
-0.149200439453125 -0.122177124023438 -0.0126075744628906 -0.0580406188964844
-0.134330749511719 -0.123390197753906 0.0319805145263672 -0.0283679962158203
-0.157852172851562 -0.1131591796875 0.0486412048339844 -0.00377655029296876
-0.112586975097656 -0.131546020507813 0.0496749877929687 0.0567970275878906
-0.0629119873046875 -0.184890747070313 0.0232315063476562 0.0850982666015625
-0.00526428222656252 -0.207077026367188 -0.0465888977050781 0.0641441345214844
0.1593017578125 -0.194442749023437 -0.0769729614257813 -0.0169677734375
0.215408325195313 -0.136871337890625 -0.0265579223632812 -0.117431640625
0.262374877929688 -0.073822021484375 0.184906005859375 -0.14984130859375
0.226104736328125 0.0129547119140625 0.0220794677734375 -0.238922119140625
0.226181030273438 -0.035400390625 0.109893798828125 -0.24774169921875
0.202835083007813 -0.150100708007813 0.0934295654296875 -0.198745727539062
0.0802001953125 -0.19036865234375 0.04736328125 -0.166473388671875
0.0212860107421875 -0.17962646484375 0.0342636108398438 -0.0920944213867188
-0.073455810546875 -0.156539916992188 0.0205612182617187 -0.0550613403320313
-0.125373840332031 -0.124801635742188 0.0506629943847656 -0.0263748168945313
-0.112861633300781 -0.128204345703125 0.0837936401367188 0.00372314453124999
-0.131919860839844 -0.127388000488281 0.0949249267578125 0.0367355346679687
-0.0828933715820312 -0.139053344726563 0.0742034912109375 0.101287841796875
-0.0259246826171875 -0.180450439453125 0.032470703125 0.116226196289063
0.0343017578125 -0.188430786132813 -0.03289794921875 0.0773544311523437
0.190719604492188 -0.146499633789063 -0.0489616394042969 -0.00864028930664063
0.2388916015625 -0.0661163330078125 0.0284805297851563 -0.119873046875
0.246566772460937 0.014892578125 0.261474609375 -0.143722534179688
0.150482177734375 0.0883331298828125 0.0694732666015625 -0.219650268554688
0.170578002929687 0.0281982421875 0.129287719726563 -0.23663330078125
0.15753173828125 -0.0668792724609375 0.0869140625 -0.163116455078125
0.0733642578125 -0.112060546875 0.0634613037109375 -0.121749877929687
0.0403289794921875 -0.112144470214844 0.0560951232910156 -0.0537605285644531
-0.0291519165039063 -0.120880126953125 0.0619850158691406 -0.0226364135742188
-0.0774688720703125 -0.112144470214844 0.100257873535156 0.00127410888671874
-0.0743408203125 -0.113197326660156 0.121971130371094 0.0352859497070313
-0.0923995971679688 -0.119071960449219 0.131050109863281 0.0788421630859375
-0.0556793212890625 -0.122451782226563 0.091827392578125 0.14544677734375
-0.00459289550781249 -0.152114868164062 0.0391082763671875 0.147125244140625
0.0484771728515625 -0.152801513671875 -0.0161895751953125 0.0991973876953125
0.184051513671875 -0.096527099609375 -0.0177898406982422 0.0201263427734375
0.221267700195313 0.001220703125 0.082733154296875 -0.0882186889648438
0.193832397460938 0.09130859375 0.322540283203125 -0.10369873046875
-0.102066040039063 -0.14874267578125 -0.326141357421875 0.089202880859375
-0.141357421875 -0.00485229492187498 -0.113510131835938 0.0550537109375
-0.113296508789063 0.0776901245117187 0.007080078125 -0.0700225830078125
-0.0368423461914062 0.109550476074219 0.00468444824218749 -0.148269653320313
0.00329589843749999 0.0865631103515625 -0.0426788330078125 -0.1778564453125
0.0398635864257812 0.0757827758789063 -0.119094848632812 -0.173309326171875
0.0388717651367188 0.0724639892578125 -0.177474975585938 -0.103591918945312
0.02069091796875 0.0726547241210938 -0.154022216796875 -0.0547027587890625
0.0169448852539063 0.075469970703125 -0.120903015136719 -0.0127792358398438
-0.0177803039550781 0.0612106323242187 -0.0908889770507812 0.00331878662109376
-0.0494766235351563 0.0459403991699219 -0.0691413879394531 0.0473670959472656
-0.0755996704101562 0.02581787109375 -0.0783004760742187 0.0932083129882813
-0.102340698242188 -0.0321578979492187 -0.105911254882812 0.125022888183594
-0.1064453125 -0.0858688354492188 -0.11810302734375 0.193099975585938
-0.0685272216796875 -0.165924072265625 -0.087493896484375 0.167510986328125
0.00314331054687501 -0.181930541992187 -0.33746337890625 0.0218505859374999
-0.0607223510742188 -0.0479850769042969 -0.125450134277344 -0.00289916992187498
-0.0478248596191406 0.0135879516601562 0.00222015380859374 -0.113128662109375
-0.009490966796875 0.0436172485351563 -0.0124053955078125 -0.182601928710938
0.0110836029052734 0.0208053588867188 -0.0526275634765625 -0.19683837890625
0.00953865051269531 0.0188522338867187 -0.131271362304688 -0.18865966796875
-0.0165061950683594 0.0326766967773438 -0.186737060546875 -0.119949340820313
-0.0337886810302734 0.0330448150634766 -0.153427124023437 -0.0696258544921875
-0.0513191223144531 0.04388427734375 -0.120376586914063 -0.0287628173828125
-0.0751419067382812 0.0190887451171875 -0.0842819213867188 -0.001953125
-0.0927658081054688 -0.0232925415039062 -0.062591552734375 0.0441131591796875
-0.0922775268554688 -0.0629119873046875 -0.08441162109375 0.078826904296875
-0.0504074096679687 -0.123420715332031 -0.107086181640625 0.0840072631835937
-0.035614013671875 -0.159561157226562 -0.115371704101562 0.132530212402344
0.025299072265625 -0.217803955078125 -0.073760986328125 0.101455688476562
0.111572265625 -0.191726684570312 -0.3096923828125 -0.0506591796874999
0.03778076171875 -0.0861587524414063 -0.105361938476562 -0.0638427734375
0.0326766967773437 -0.0648117065429688 0.0168304443359375 -0.156402587890625
0.0194244384765625 -0.0418319702148438 -0.0177154541015625 -0.215606689453125
0.0149345397949219 -0.0578804016113281 -0.0578155517578125 -0.208114624023438
-0.0257186889648438 -0.0457611083984375 -0.13494873046875 -0.1873779296875
-0.07171630859375 -0.0138397216796875 -0.173202514648438 -0.119110107421875
-0.08380126953125 -0.011383056640625 -0.128517150878906 -0.0737380981445313
-0.11016845703125 0.00697326660156252 -0.0958404541015625 -0.0383682250976563
-0.119026184082031 -0.0208511352539063 -0.05792236328125 -0.000892639160156248
-0.123725891113281 -0.080078125 -0.0415420532226562 0.0476646423339844
-0.104232788085938 -0.129241943359375 -0.079681396484375 0.0721664428710938
-0.00755310058593749 -0.191558837890625 -0.108955383300781 0.05029296875
0.0290985107421875 -0.20806884765625 -0.109100341796875 0.0611572265625
0.110015869140625 -0.238510131835938 -0.0349693298339844 0.0220508575439453
0.20172119140625 -0.176559448242187 -0.246658325195312 -0.118316650390625
0.13519287109375 -0.113510131835938 -0.0594100952148437 -0.123008728027344
0.112564086914063 -0.145553588867188 0.0432586669921875 -0.191070556640625
0.0427627563476563 -0.134056091308594 -0.0119171142578125 -0.235153198242188
0.00894165039062501 -0.136466979980469 -0.0511932373046875 -0.202499389648438
-0.0642166137695313 -0.104621887207031 -0.121063232421875 -0.167282104492188
-0.119338989257813 -0.0572586059570313 -0.137214660644531 -0.103828430175781
-0.122360229492188 -0.0552978515625 -0.0843582153320313 -0.0666275024414063
-0.151275634765625 -0.032379150390625 -0.0544967651367188 -0.0385398864746094
-0.1407470703125 -0.0587615966796875 -0.0207881927490234 0.00806045532226562
-0.130607604980469 -0.124183654785156 -0.0148887634277344 0.0546684265136719
-0.09686279296875 -0.173980712890625 -0.0706100463867187 0.068817138671875
0.0367889404296875 -0.227996826171875 -0.10821533203125 0.023590087890625
0.0902099609375 -0.22344970703125 -0.0987548828125 -0.00979614257812499
0.180679321289063 -0.222335815429688 0.0211524963378906 -0.056304931640625
0.256362915039063 -0.137847900390625 -0.160049438476563 -0.175125122070313
0.2081298828125 -0.119476318359375 -0.000457763671875004 -0.178192138671875
0.1741943359375 -0.200698852539063 0.0681915283203125 -0.211898803710938
0.057861328125 -0.204635620117188 0.00305175781250001 -0.231689453125
0.000946044921875001 -0.19403076171875 -0.030914306640625 -0.177597045898438
-0.094512939453125 -0.145980834960938 -0.0860366821289063 -0.13232421875
-0.150543212890625 -0.089996337890625 -0.0812530517578125 -0.0799789428710938
-0.142547607421875 -0.0897674560546875 -0.0280876159667969 -0.0503654479980469
-0.168701171875 -0.069854736328125 -0.00405311584472657 -0.0266475677490234
-0.13885498046875 -0.0947952270507812 0.0184650421142578 0.0278091430664062
-0.111495971679688 -0.158905029296875 0.00930404663085936 0.0684700012207031
-0.065582275390625 -0.199462890625 -0.0587997436523437 0.0688095092773437
0.0901641845703125 -0.22998046875 -0.101806640625 0.00313568115234373
0.151763916015625 -0.201690673828125 -0.0785140991210937 -0.0701370239257813
0.232101440429687 -0.170867919921875 0.0902633666992188 -0.119636535644531
0.26458740234375 -0.0795135498046875 -0.0687713623046875 -0.214065551757813
0.238861083984375 -0.0997772216796875 0.0542755126953125 -0.221786499023437
0.201797485351563 -0.209487915039062 0.081817626953125 -0.214797973632813
0.0648040771484375 -0.227890014648438 0.020904541015625 -0.204605102539063
-0.00222778320312499 -0.210433959960937 -0.000953674316406252 -0.136802673339844
-0.1036376953125 -0.160110473632813 -0.0354461669921875 -0.0901107788085938
-0.155426025390625 -0.107650756835938 -0.0145721435546875 -0.0520706176757813
-0.141754150390625 -0.110733032226563 0.0313014984130859 -0.0259971618652344
-0.163284301757813 -0.099090576171875 0.0485649108886719 -0.000576019287109381
-0.118736267089844 -0.120635986328125 0.0533027648925781 0.060455322265625
-0.0761566162109375 -0.177810668945312 0.0268936157226562 0.0909347534179687
-0.0200347900390625 -0.20465087890625 -0.0465316772460938 0.0736312866210937
0.143356323242188 -0.20538330078125 -0.08563232421875 -0.00608062744140626
0.203445434570313 -0.151199340820313 -0.0403594970703125 -0.109199523925781
0.256546020507813 -0.0940704345703125 0.167266845703125 -0.155380249023438
0.22705078125 -0.007568359375 0.00775146484375001 -0.228866577148438
0.223098754882812 -0.054656982421875 0.093597412109375 -0.24383544921875
0.188735961914063 -0.16802978515625 0.0837860107421875 -0.197769165039063
0.0633392333984375 -0.19488525390625 0.039398193359375 -0.164749145507813
0.0049591064453125 -0.1800537109375 0.0301437377929687 -0.0921096801757813
-0.085662841796875 -0.146820068359375 0.0188026428222656 -0.0518875122070313
-0.133003234863281 -0.109642028808594 0.0505142211914063 -0.0259284973144531
-0.120674133300781 -0.11444091796875 0.0846786499023437 0.000877380371093743
-0.138534545898438 -0.112068176269531 0.0971298217773437 0.0351409912109375
-0.0906906127929687 -0.127685546875 0.0806045532226563 0.102142333984375
-0.040313720703125 -0.173995971679688 0.0387344360351562 0.119285583496094
0.0185089111328125 -0.187591552734375 -0.0316238403320313 0.0848617553710937
0.175643920898437 -0.161468505859375 -0.0567092895507812 -0.00144958496093751
0.229598999023437 -0.0852813720703125 0.0132904052734375 -0.117164611816406
0.2462158203125 -0.0074920654296875 0.242965698242188 -0.155548095703125
0.156829833984375 0.069854736328125 0.0580902099609375 -0.215682983398438
0.170974731445313 0.0096893310546875 0.113555908203125 -0.236785888671875
0.148910522460938 -0.083953857421875 0.080596923828125 -0.163803100585938
0.0603179931640625 -0.116943359375 0.05914306640625 -0.123390197753906
0.0266494750976562 -0.113922119140625 0.0548248291015625 -0.0567741394042969
-0.0405807495117188 -0.1123046875 0.0616226196289063 -0.0245552062988281
-0.0853652954101563 -0.0981597900390625 0.100669860839844 -0.00350952148437501
-0.0826492309570312 -0.100814819335938 0.12481689453125 0.0282135009765625
-0.100006103515625 -0.10418701171875 0.136016845703125 0.0734786987304688
-0.0641250610351563 -0.111297607421875 0.100723266601563 0.143783569335938
-0.01837158203125 -0.145858764648438 0.047210693359375 0.148406982421875
0.0336761474609375 -0.15240478515625 -0.0142593383789063 0.102867126464844
0.170730590820313 -0.11236572265625 -0.0229988098144531 0.0229625701904297
0.216079711914063 -0.01910400390625 0.0700225830078125 -0.091766357421875
0.198272705078125 0.07080078125 0.307525634765625 -0.12188720703125
-0.108428955078125 -0.134925842285156 -0.318603515625 0.103759765625
-0.136482238769531 0.00479888916015628 -0.105720520019531 0.0605545043945313
-0.103057861328125 0.0844497680664063 0.00746917724609374 -0.0688858032226563
-0.0253219604492188 0.109138488769531 0.00242614746093749 -0.149276733398438
0.0109176635742187 0.0830001831054688 -0.0462493896484375 -0.178314208984375
0.0435218811035156 0.0672340393066406 -0.125228881835938 -0.17254638671875
0.0416450500488281 0.0642509460449219 -0.182418823242188 -0.0977325439453125
0.0236549377441406 0.0665092468261719 -0.157455444335938 -0.04864501953125
0.0185165405273438 0.0684928894042969 -0.122573852539063 -0.00802612304687499
-0.0135383605957031 0.0555839538574219 -0.0946273803710938 0.00728607177734376
-0.0431251525878906 0.0450248718261719 -0.0720672607421875 0.0506439208984375
-0.0695266723632813 0.0298690795898437 -0.0785064697265625 0.0964202880859375
-0.0993118286132813 -0.0226974487304687 -0.1051025390625 0.127296447753906
-0.107391357421875 -0.0741195678710937 -0.113845825195312 0.195770263671875
-0.0778656005859375 -0.154815673828125 -0.0859375 0.1689453125
-0.00434875488281248 -0.173446655273438 -0.331634521484375 0.03973388671875
-0.0579910278320313 -0.0404548645019531 -0.120231628417969 0.00637054443359375
-0.0394058227539063 0.0172348022460938 0.00180816650390625 -0.110641479492187
-0.000400543212890623 0.0422821044921875 -0.0157318115234375 -0.180892944335938
0.0163230895996094 0.0160083770751953 -0.0562744140625 -0.19549560546875
0.0116119384765625 0.0114345550537109 -0.13775634765625 -0.185653686523438
-0.0146675109863281 0.0268440246582031 -0.190536499023438 -0.11138916015625
-0.0322437286376953 0.0295009613037109 -0.15667724609375 -0.0617523193359375
-0.0502471923828125 0.0404853820800781 -0.122901916503906 -0.0219879150390625
-0.0720901489257812 0.016265869140625 -0.0877532958984375 0.00312805175781249
-0.089385986328125 -0.0225448608398437 -0.0649986267089844 0.0490226745605469
-0.0896759033203125 -0.058563232421875 -0.085205078125 0.0841140747070313
-0.0521469116210938 -0.116416931152344 -0.109886169433594 0.0892257690429687
-0.0392608642578125 -0.150558471679688 -0.114212036132812 0.138153076171875
0.014434814453125 -0.210739135742188 -0.0756072998046875 0.105506896972656
0.103729248046875 -0.189346313476563 -0.307769775390625 -0.0304870605468751
0.0384674072265625 -0.082427978515625 -0.102554321289063 -0.0520477294921875
0.0364646911621094 -0.0644187927246094 0.01513671875 -0.153076171875
0.0244407653808594 -0.0434379577636719 -0.0224151611328125 -0.211959838867188
0.0162544250488281 -0.0623931884765625 -0.0617523193359375 -0.204299926757813
-0.0264778137207031 -0.0500602722167969 -0.140289306640625 -0.180953979492187
-0.0719985961914063 -0.0157241821289062 -0.176422119140625 -0.10943603515625
-0.08428955078125 -0.0126876831054687 -0.131095886230469 -0.065948486328125
-0.110206604003906 0.00710296630859376 -0.0982894897460938 -0.0310592651367187
-0.117538452148438 -0.0202713012695312 -0.0600852966308594 0.00525283813476561
-0.123123168945313 -0.0770339965820312 -0.0426216125488281 0.053314208984375
-0.105278015136719 -0.125045776367188 -0.0815582275390625 0.0795516967773437
-0.0126953125 -0.187789916992188 -0.11309814453125 0.0584487915039063
0.022216796875 -0.203201293945313 -0.112342834472656 0.0692291259765625
0.0999908447265625 -0.236862182617188 -0.0406723022460937 0.0271797180175781
0.1953125 -0.1802978515625 -0.247344970703125 -0.0981903076171876
0.134185791015625 -0.11492919921875 -0.0592727661132812 -0.110847473144531
0.11187744140625 -0.149581909179688 0.0400238037109375 -0.188339233398438
0.0420608520507813 -0.135650634765625 -0.0173797607421875 -0.23040771484375
0.00615692138671875 -0.140083312988281 -0.0556793212890625 -0.198104858398438
-0.0670318603515625 -0.105812072753906 -0.125106811523438 -0.15936279296875
-0.12060546875 -0.0552139282226562 -0.139068603515625 -0.0944442749023438
-0.12481689453125 -0.0531845092773437 -0.086029052734375 -0.060272216796875
-0.152374267578125 -0.028900146484375 -0.0566139221191406 -0.0312156677246094
-0.140640258789063 -0.0565185546875 -0.0222511291503906 0.0144290924072266
-0.132965087890625 -0.120292663574219 -0.0153121948242188 0.0608253479003906
-0.100692749023438 -0.170364379882812 -0.0722808837890625 0.0778427124023437
0.0293426513671875 -0.2276611328125 -0.114433288574219 0.0339431762695312
0.0825042724609375 -0.222366333007812 -0.105323791503906 -0.000381469726562509
0.171661376953125 -0.226959228515625 0.0122299194335938 -0.0518646240234375
0.25177001953125 -0.147018432617188 -0.16375732421875 -0.157135009765625
0.205322265625 -0.125778198242188 -0.00451660156249999 -0.16644287109375
0.167572021484375 -0.20831298828125 0.064208984375 -0.210037231445313
0.0522308349609375 -0.206253051757813 -0.00273132324218748 -0.227569580078125
-0.00675964355468751 -0.1959228515625 -0.034210205078125 -0.173309326171875
-0.0990447998046875 -0.14312744140625 -0.0887374877929688 -0.124305725097656
-0.152557373046875 -0.083526611328125 -0.0817718505859375 -0.0724258422851563
-0.145599365234375 -0.08477783203125 -0.0288505554199219 -0.0457420349121094
-0.17120361328125 -0.0628814697265625 -0.00491714477539064 -0.0200901031494141
-0.140670776367188 -0.0893402099609375 0.0194244384765625 0.03326416015625
-0.116867065429688 -0.154388427734375 0.010467529296875 0.073760986328125
-0.07208251953125 -0.196258544921875 -0.0606231689453125 0.0778732299804687
0.0816650390625 -0.233840942382813 -0.108367919921875 0.0139694213867188
0.14398193359375 -0.206283569335938 -0.08697509765625 -0.060638427734375
0.226028442382812 -0.178955078125 0.0790481567382813 -0.116867065429688
0.26190185546875 -0.0922088623046875 -0.074005126953125 -0.19970703125
0.235458374023438 -0.110198974609375 0.0477294921875 -0.212936401367188
0.19183349609375 -0.220870971679688 0.0778961181640625 -0.213088989257813
0.05462646484375 -0.230239868164063 0.016143798828125 -0.201873779296875
-0.0130767822265625 -0.211105346679687 -0.00379943847656251 -0.1339111328125
-0.11004638671875 -0.153915405273438 -0.0366592407226563 -0.083984375
-0.158309936523438 -0.097869873046875 -0.0138664245605469 -0.0468215942382813
-0.146224975585938 -0.10345458984375 0.03155517578125 -0.0243453979492188
-0.166641235351563 -0.0897369384765625 0.0496368408203125 0.00307464599609374
-0.122360229492187 -0.114517211914063 0.0565872192382812 0.0648460388183594
-0.083526611328125 -0.173110961914063 0.0304183959960938 0.09552001953125
-0.0289306640625 -0.20245361328125 -0.0470428466796875 0.0815582275390625
0.133285522460938 -0.211990356445313 -0.0922698974609375 0.00366210937499998
0.196533203125 -0.16058349609375 -0.0502395629882812 -0.101112365722656
0.253219604492188 -0.106246948242188 0.155014038085938 -0.156280517578125
0.22796630859375 -0.0219268798828125 0.00196838378906253 -0.219497680664063
0.220733642578125 -0.0675201416015625 0.086212158203125 -0.2376708984375
0.179290771484375 -0.180328369140625 0.0807952880859375 -0.196746826171875
0.051971435546875 -0.19696044921875 0.03656005859375 -0.163497924804688
-0.00613403320312499 -0.179946899414063 0.0292434692382812 -0.0917816162109375
-0.092620849609375 -0.138870239257813 0.0190200805664062 -0.0484161376953125
-0.136344909667969 -0.0979766845703125 0.0517768859863281 -0.0244789123535156
-0.125885009765625 -0.105674743652344 0.086578369140625 -0.000114440917968756
-0.142562866210938 -0.101348876953125 0.0992355346679687 0.0366668701171875
-0.0945892333984375 -0.120193481445313 0.0860748291015625 0.104850769042969
-0.0494842529296875 -0.168624877929688 0.0427322387695312 0.12310791015625
0.00869750976562502 -0.1865234375 -0.0323410034179688 0.0910110473632812
0.165802001953125 -0.17034912109375 -0.0629692077636719 0.00511169433593748
0.22320556640625 -0.0976715087890625 0.00296020507812501 -0.112586975097656
0.246002197265625 -0.021820068359375 0.23193359375 -0.160568237304687
0.159500122070313 0.0572357177734375 0.0531768798828125 -0.211318969726562
0.171157836914063 -0.002777099609375 0.106246948242188 -0.233963012695313
0.14154052734375 -0.095306396484375 0.079315185546875 -0.16326904296875
0.0507049560546875 -0.119842529296875 0.0579681396484375 -0.124588012695313
0.0172958374023437 -0.1141357421875 0.0552558898925781 -0.0589637756347656
-0.0471115112304687 -0.105270385742187 0.0629310607910156 -0.0251312255859375
-0.0889892578125 -0.0869293212890625 0.102439880371094 -0.00656127929687501
-0.0868301391601562 -0.09161376953125 0.127388000488281 0.0239639282226562
-0.103347778320312 -0.093902587890625 0.139801025390625 0.0711517333984375
-0.0675277709960937 -0.102561950683594 0.107437133789062 0.144363403320312
-0.027496337890625 -0.140174865722656 0.05145263671875 0.150772094726562
0.0237579345703125 -0.15032958984375 -0.0136642456054688 0.107620239257813
0.1605224609375 -0.120880126953125 -0.0278034210205078 0.0255947113037109
0.21087646484375 -0.033203125 0.0597991943359375 -0.0924224853515625
0.20037841796875 0.05609130859375 0.297882080078125 -0.13128662109375
-0.11395263671875 -0.125511169433594 -0.318572998046875 0.1148681640625
-0.134895324707031 0.0127792358398438 -0.102264404296875 0.0649032592773438
-0.0959320068359375 0.09039306640625 0.00985717773437499 -0.0698394775390625
-0.0164108276367187 0.109588623046875 0.00190734863281249 -0.154647827148438
0.0166168212890625 0.0807647705078125 -0.0493927001953125 -0.184890747070312
0.0455474853515625 0.0608978271484375 -0.133346557617188 -0.177047729492187
0.0428047180175781 0.0574417114257812 -0.189926147460937 -0.096343994140625
0.0256462097167969 0.0627975463867188 -0.163665771484375 -0.0447845458984375
0.0195121765136719 0.0643119812011719 -0.127716064453125 -0.00533294677734372
-0.0116539001464844 0.051300048828125 -0.0999221801757813 0.0106887817382812
-0.0388755798339844 0.0434036254882813 -0.0760879516601563 0.0550918579101563
-0.0647506713867187 0.0324287414550781 -0.0812530517578125 0.100616455078125
-0.0982513427734375 -0.0164031982421875 -0.107513427734375 0.130584716796875
-0.108413696289063 -0.0669326782226563 -0.115402221679687 0.200332641601563
-0.08502197265625 -0.147918701171875 -0.0889129638671875 0.173324584960938
-0.0073699951171875 -0.168899536132813 -0.334136962890625 0.052764892578125
-0.0552482604980469 -0.03521728515625 -0.117294311523438 0.013519287109375
-0.0329380035400391 0.01983642578125 0.00283050537109374 -0.110992431640625
0.00792312622070313 0.0409469604492188 -0.0172271728515625 -0.184066772460938
0.0208778381347656 0.0113124847412109 -0.0592498779296875 -0.199844360351563
0.0120563507080078 0.00509452819824219 -0.144683837890625 -0.187942504882813
-0.0147819519042969 0.0211257934570313 -0.197128295898437 -0.108169555664063
-0.0330352783203125 0.0263156890869141 -0.162216186523438 -0.057525634765625
-0.0508384704589844 0.0377426147460938 -0.127410888671875 -0.0173568725585937
-0.0721817016601562 0.0130844116210938 -0.0931243896484375 0.00807189941406249
-0.0877304077148438 -0.0236968994140625 -0.0691299438476562 0.0548248291015625
-0.0886993408203125 -0.0574493408203125 -0.0894393920898438 0.090911865234375
-0.052398681640625 -0.11407470703125 -0.114761352539063 0.0954666137695312
-0.0417327880859375 -0.14642333984375 -0.117721557617187 0.145492553710938
0.00920104980468749 -0.208984375 -0.08056640625 0.11151123046875
0.103378295898438 -0.190093994140625 -0.3116455078125 -0.0159606933593751
0.0422744750976563 -0.080718994140625 -0.100746154785156 -0.0439834594726563
0.0421371459960938 -0.0659980773925781 0.0160675048828125 -0.15423583984375
0.0302505493164062 -0.0466499328613281 -0.0244293212890625 -0.213958740234375
0.01824951171875 -0.06842041015625 -0.064453125 -0.207061767578125
-0.0280227661132813 -0.0559272766113281 -0.145767211914062 -0.18121337890625
-0.07330322265625 -0.0198593139648438 -0.181320190429688 -0.106002807617188
-0.0872268676757813 -0.0148849487304688 -0.135940551757813 -0.0616836547851562
-0.113029479980469 0.00696563720703125 -0.102577209472656 -0.0258102416992188
-0.119636535644531 -0.0226058959960937 -0.0640220642089844 0.0106163024902344
-0.124427795410156 -0.0780715942382812 -0.0454292297363281 0.0596809387207031
-0.10711669921875 -0.125343322753906 -0.0856704711914063 0.0880813598632812
-0.014739990234375 -0.189361572265625 -0.119667053222656 0.0667572021484375
0.02020263671875 -0.203201293945312 -0.117713928222656 0.077850341796875
0.09619140625 -0.240264892578125 -0.0474891662597656 0.0331077575683594
0.196670532226563 -0.186798095703125 -0.25140380859375 -0.0849151611328125
0.138641357421875 -0.117073059082031 -0.058807373046875 -0.103324890136719
0.114013671875 -0.1556396484375 0.0406951904296875 -0.190185546875
0.0449752807617188 -0.140312194824219 -0.0199127197265625 -0.231430053710938
0.0045166015625 -0.146530151367188 -0.0587005615234375 -0.199569702148438
-0.0702362060546875 -0.109870910644531 -0.129547119140625 -0.157608032226563
-0.123992919921875 -0.05560302734375 -0.142227172851563 -0.089996337890625
-0.129554748535156 -0.0535430908203125 -0.088836669921875 -0.0561141967773438
-0.157028198242188 -0.02685546875 -0.0591812133789063 -0.0259933471679687
-0.14422607421875 -0.0575408935546875 -0.0228137969970703 0.0199756622314453
-0.137489318847656 -0.122108459472656 -0.0160751342773438 0.0672340393066406
-0.105224609375 -0.171783447265625 -0.0757522583007813 0.0871200561523438
0.0268096923828125 -0.23297119140625 -0.121971130371094 0.04327392578125
0.0811614990234375 -0.22650146484375 -0.112785339355469 0.0084228515625
0.17144775390625 -0.233612060546875 0.00496292114257814 -0.0477333068847656
0.25567626953125 -0.156753540039063 -0.167221069335937 -0.146499633789063
0.209747314453125 -0.132369995117187 -0.00370788574218748 -0.160491943359375
0.168624877929688 -0.219100952148438 0.06451416015625 -0.213119506835938
0.050689697265625 -0.212722778320313 -0.00520324707031249 -0.228302001953125
-0.0115814208984375 -0.202590942382813 -0.036651611328125 -0.174087524414063
-0.10418701171875 -0.144912719726563 -0.0909423828125 -0.121391296386719
-0.156753540039063 -0.08197021484375 -0.0830841064453125 -0.0684738159179687
-0.152175903320313 -0.0837554931640625 -0.0293693542480469 -0.0431747436523438
-0.176498413085938 -0.0599365234375 -0.00476646423339845 -0.0152816772460938
-0.144683837890625 -0.0897216796875 0.0208015441894531 0.0390205383300781
-0.122421264648437 -0.156585693359375 0.0119171142578125 0.0809860229492187
-0.0779571533203125 -0.19927978515625 -0.062957763671875 0.0877227783203125
0.07843017578125 -0.242034912109375 -0.115814208984375 0.0242843627929687
0.1431884765625 -0.213226318359375 -0.0955886840820312 -0.0534820556640625
0.227951049804688 -0.188995361328125 0.0726547241210938 -0.115577697753906
0.266876220703125 -0.103012084960938 -0.07623291015625 -0.192459106445313
0.240097045898438 -0.120376586914063 0.047943115234375 -0.209136962890625
0.190216064453125 -0.234725952148438 0.0787811279296875 -0.217025756835938
0.04931640625 -0.236343383789063 0.01446533203125 -0.203475952148438
-0.0209808349609375 -0.21673583984375 -0.00466918945312499 -0.134925842285156
-0.116226196289063 -0.153274536132812 -0.0362625122070313 -0.0808792114257813
-0.163040161132813 -0.09381103515625 -0.012420654296875 -0.0440521240234375
-0.152374267578125 -0.100128173828125 0.0332698822021484 -0.0234451293945313
-0.171859741210938 -0.0854949951171875 0.0521583557128906 0.00711059570312499
-0.126197814941406 -0.113777160644531 0.0608596801757812 0.07037353515625
-0.0901641845703125 -0.173858642578125 0.0331497192382812 0.101875305175781
-0.0350341796875 -0.206268310546875 -0.0493698120117188 0.091278076171875
0.130081176757812 -0.222076416015625 -0.09930419921875 0.0122451782226562
0.196548461914063 -0.169540405273438 -0.0589828491210937 -0.0961227416992188
0.257797241210938 -0.117843627929688 0.149826049804688 -0.157760620117188
0.23370361328125 -0.032562255859375 0.0018157958984375 -0.216201782226562
0.224380493164063 -0.0776824951171875 0.085235595703125 -0.2364501953125
0.176010131835938 -0.19329833984375 0.0819244384765625 -0.200393676757812
0.0449676513671875 -0.202362060546875 0.036773681640625 -0.16546630859375
-0.0149383544921875 -0.183364868164062 0.030517578125 -0.0929336547851563
-0.0989151000976563 -0.136238098144531 0.0213203430175781 -0.04669189453125
-0.140457153320312 -0.0912322998046875 0.0545005798339844 -0.0241775512695313
-0.131614685058594 -0.10101318359375 0.0898513793945312 -0.000587463378906256
-0.1466064453125 -0.0961151123046875 0.10491943359375 0.0388412475585938
-0.0981979370117187 -0.117958068847656 0.0924453735351563 0.110610961914063
-0.0554962158203125 -0.168289184570313 0.0465316772460938 0.13018798828125
0.0021209716796875 -0.188919067382812 -0.0334014892578125 0.099365234375
0.162399291992188 -0.179824829101563 -0.0693168640136719 0.0118255615234375
0.223373413085938 -0.107940673828125 -0.00456237792968748 -0.111213684082031
0.251953125 -0.0331878662109375 0.229461669921875 -0.166152954101563
0.16510009765625 0.047882080078125 0.054046630859375 -0.211349487304687
0.17340087890625 -0.012237548828125 0.105697631835938 -0.2357177734375
0.138496398925781 -0.105377197265625 0.082489013671875 -0.16705322265625
0.0437469482421875 -0.123420715332031 0.0597381591796875 -0.128349304199219
0.00997924804687501 -0.11572265625 0.0582199096679688 -0.0613212585449219
-0.0525436401367187 -0.101486206054688 0.06610107421875 -0.0249443054199219
-0.0917434692382813 -0.0802841186523438 0.106239318847656 -0.00814819335937501
-0.0906753540039063 -0.0863189697265625 0.132026672363281 0.0214309692382812
-0.106048583984375 -0.0874557495117188 0.146408081054687 0.07305908203125
-0.0702056884765625 -0.098419189453125 0.114974975585938 0.148773193359375
-0.0335540771484375 -0.137702941894531 0.0547943115234375 0.156829833984375
0.0172119140625 -0.151535034179687 -0.0144424438476563 0.114425659179687
0.156387329101563 -0.129623413085937 -0.0329246520996094 0.0297870635986328
0.211029052734375 -0.0430908203125 0.0542144775390625 -0.093353271484375
0.20538330078125 0.0468597412109375 0.29791259765625 -0.13958740234375
-0.122276306152344 -0.119606018066406 -0.32586669921875 0.13226318359375
-0.13623046875 0.0217056274414062 -0.100013732910156 0.0717239379882812
-0.090545654296875 0.098663330078125 0.0113906860351562 -0.0726852416992188
-0.00761413574218749 0.11212158203125 -0.000579833984375011 -0.164337158203125
0.0231552124023438 0.0798416137695313 -0.0558624267578125 -0.1954345703125
0.0486907958984375 0.0568199157714844 -0.146148681640625 -0.184982299804688
0.0451774597167969 0.0526924133300781 -0.20404052734375 -0.0954132080078125
0.0282745361328125 0.0605049133300781 -0.17462158203125 -0.0405731201171875
0.0209197998046875 0.0623703002929687 -0.136528015136719 -0.00109100341796873
-0.0110282897949219 0.0494766235351563 -0.108421325683594 0.0155181884765625
-0.0359077453613281 0.0435256958007812 -0.0818710327148438 0.0624160766601562
-0.0622138977050781 0.0363349914550781 -0.0855941772460938 0.109474182128906
-0.0990371704101563 -0.00934600830078126 -0.113059997558594 0.138648986816406
-0.112770080566406 -0.061187744140625 -0.118362426757812 0.212890625
-0.095123291015625 -0.145187377929688 -0.093475341796875 0.184234619140625
-0.0113983154296875 -0.169403076171875 -0.344268798828125 0.07061767578125
-0.0538253784179687 -0.0311965942382813 -0.117301940917969 0.020660400390625
-0.0265007019042969 0.02252197265625 0.0030670166015625 -0.115158081054687
0.0158882141113281 0.0393714904785156 -0.0202789306640625 -0.192611694335938
0.0255641937255859 0.00665283203125 -0.0662841796875 -0.20965576171875
0.0120887756347656 -0.00150775909423828 -0.157302856445312 -0.194046020507813
-0.01654052734375 0.0169553756713867 -0.210922241210937 -0.1065673828125
-0.0344352722167969 0.0239334106445313 -0.173431396484375 -0.052978515625
-0.0541152954101563 0.0374717712402344 -0.137153625488281 -0.01153564453125
-0.075225830078125 0.0112838745117188 -0.100143432617188 0.0138397216796875
-0.089691162109375 -0.02569580078125 -0.0736160278320313 0.0628204345703125
-0.0906524658203125 -0.0577926635742188 -0.09393310546875 0.101425170898437
-0.0548095703125 -0.114631652832031 -0.121627807617188 0.104972839355469
-0.0447540283203125 -0.146759033203125 -0.123123168945313 0.157623291015625
0.00273132324218749 -0.21270751953125 -0.0872421264648438 0.121994018554688
0.10400390625 -0.197021484375 -0.32257080078125 -0.000152587890625037
0.0472412109375 -0.0821609497070313 -0.101593017578125 -0.037139892578125
0.04815673828125 -0.0711135864257813 0.0155181884765625 -0.160202026367187
0.0364875793457031 -0.0525932312011719 -0.0292816162109375 -0.221786499023438
0.0194549560546875 -0.0771942138671875 -0.0721435546875 -0.215133666992188
-0.0311279296875 -0.0631294250488281 -0.157424926757812 -0.185089111328125
-0.0784759521484375 -0.0224761962890625 -0.19329833984375 -0.102920532226563
-0.0932388305664063 -0.0170669555664062 -0.144866943359375 -0.057647705078125
-0.120079040527344 0.00787353515625001 -0.10986328125 -0.0196304321289063
-0.125534057617188 -0.0240707397460938 -0.0684890747070313 0.0170974731445313
-0.131690979003906 -0.0810165405273438 -0.0477180480957031 0.0679969787597656
-0.113784790039062 -0.129135131835938 -0.0905990600585938 0.100570678710937
-0.018646240234375 -0.196548461914063 -0.128593444824219 0.0787124633789062
0.0177001953125 -0.209518432617188 -0.124977111816406 0.0891342163085937
0.093841552734375 -0.250686645507813 -0.0545234680175781 0.0402450561523437
0.202255249023437 -0.199234008789062 -0.26190185546875 -0.0717620849609376
0.146743774414063 -0.124969482421875 -0.058929443359375 -0.097930908203125
0.118988037109375 -0.168075561523437 0.0396728515625 -0.198974609375
0.046783447265625 -0.150466918945313 -0.0251312255859375 -0.23870849609375
0.00148010253906251 -0.158203125 -0.0647735595703125 -0.206680297851563
-0.0772933959960938 -0.116615295410156 -0.138748168945313 -0.158447265625
-0.131431579589844 -0.0573501586914062 -0.150054931640625 -0.0869598388671875
-0.138633728027344 -0.054412841796875 -0.0943679809570313 -0.0534133911132813
-0.166046142578125 -0.0251922607421875 -0.0630874633789063 -0.0202827453613281
-0.153213500976563 -0.0582733154296875 -0.0240974426269531 0.0264072418212891
-0.146896362304688 -0.125259399414063 -0.0159225463867188 0.07586669921875
-0.115066528320312 -0.178787231445313 -0.0791473388671875 0.100143432617188
0.0220947265625 -0.245223999023438 -0.130683898925781 0.0557861328125
0.080047607421875 -0.237884521484375 -0.121856689453125 0.0184097290039063
0.17425537109375 -0.248809814453125 -0.00133895874023436 -0.0450553894042969
0.264205932617188 -0.173309326171875 -0.175735473632812 -0.138290405273438
0.21893310546875 -0.145706176757813 -0.00421142578124997 -0.159164428710938
0.170928955078125 -0.237945556640625 0.063751220703125 -0.223358154296875
0.0478973388671875 -0.225738525390625 -0.00949096679687501 -0.236297607421875
-0.0195770263671875 -0.214141845703125 -0.0412139892578125 -0.180099487304688
-0.113616943359375 -0.149673461914063 -0.0961532592773438 -0.120681762695313
-0.166183471679687 -0.08087158203125 -0.0864334106445313 -0.0654678344726563
-0.1632080078125 -0.083099365234375 -0.0309906005859375 -0.041656494140625
-0.187469482421875 -0.0566864013671875 -0.00417613983154298 -0.01165771484375
-0.154037475585937 -0.0908050537109375 0.0241241455078125 0.0448150634765625
-0.133697509765625 -0.160263061523438 0.0148162841796875 0.0895462036132812
-0.0886993408203125 -0.207427978515625 -0.0657882690429687 0.101318359375
0.075439453125 -0.257354736328125 -0.125389099121094 0.03668212890625
0.14471435546875 -0.227813720703125 -0.105941772460937 -0.0466156005859375
0.235824584960938 -0.20660400390625 0.0675506591796875 -0.117897033691406
0.278121948242188 -0.120330810546875 -0.0810089111328125 -0.19000244140625
0.249893188476562 -0.136016845703125 0.0483551025390625 -0.21209716796875
0.190475463867187 -0.256088256835937 0.0786895751953125 -0.228515625
0.04351806640625 -0.249053955078125 0.01129150390625 -0.210861206054688
-0.0317840576171875 -0.227005004882812 -0.00653076171875 -0.139701843261719
-0.126480102539063 -0.15576171875 -0.0377197265625 -0.0800399780273438
-0.172744750976563 -0.090606689453125 -0.0117607116699219 -0.0436286926269531
-0.1639404296875 -0.098968505859375 0.0358390808105469 -0.0241889953613281
-0.1829833984375 -0.08197021484375 0.05743408203125 0.01055908203125
-0.135604858398438 -0.1141357421875 0.06829833984375 0.07696533203125
-0.100906372070313 -0.178054809570312 0.0384597778320312 0.110984802246094
-0.0446319580078125 -0.215316772460938 -0.050689697265625 0.104194641113281
0.128646850585937 -0.239456176757813 -0.107429504394531 0.0227279663085937
0.200332641601563 -0.185775756835938 -0.0686798095703125 -0.0927810668945313
0.268325805664062 -0.13507080078125 0.148208618164063 -0.165390014648438
0.244888305664063 -0.0476531982421875 0.000488281250000005 -0.219970703125
0.232589721679687 -0.093414306640625 0.0860137939453125 -0.2437744140625
0.174392700195313 -0.212997436523438 0.083648681640625 -0.212066650390625
0.0371551513671875 -0.213348388671875 0.0359039306640625 -0.172775268554688
-0.02581787109375 -0.19134521484375 0.03173828125 -0.097442626953125
-0.108451843261719 -0.136497497558594 0.0237350463867187 -0.04656982421875
-0.148345947265625 -0.08685302734375 0.0592155456542969 -0.0253448486328125
-0.14093017578125 -0.09820556640625 0.095947265625 -0.00305175781250001
-0.156326293945313 -0.092437744140625 0.113731384277344 0.0412216186523437
-0.105972290039063 -0.117561340332031 0.1031494140625 0.116943359375
-0.0647735595703125 -0.171340942382813 0.05230712890625 0.139106750488281
-0.00561523437500002 -0.19696044921875 -0.0339889526367188 0.111610412597656
0.161102294921875 -0.196044921875 -0.0762176513671875 0.0203094482421875
0.228897094726562 -0.123779296875 -0.0124435424804687 -0.111419677734375
0.262924194335938 -0.0477447509765625 0.231369018554688 -0.177780151367188
0.175186157226563 0.0390472412109375 0.056365966796875 -0.219573974609375
0.181015014648438 -0.0240631103515625 0.10693359375 -0.24609375
0.136817932128906 -0.120681762695313 0.0858612060546875 -0.177322387695313
0.0377044677734375 -0.130035400390625 0.0620498657226562 -0.13641357421875
0.00206756591796875 -0.119865417480469 0.0618095397949219 -0.0665817260742188
-0.0583038330078125 -0.100494384765625 0.07147216796875 -0.0267105102539063
-0.0969467163085938 -0.0743484497070312 0.113693237304688 -0.011505126953125
-0.0972137451171875 -0.0822677612304688 0.140495300292969 0.01837158203125
-0.11309814453125 -0.08319091796875 0.158523559570313 0.0737152099609375
-0.0756149291992188 -0.0967788696289062 0.12750244140625 0.156295776367188
-0.0412521362304688 -0.138702392578125 0.0626068115234375 0.166580200195313
0.0103302001953125 -0.156494140625 -0.0139541625976562 0.124923706054688
0.155670166015625 -0.142745971679688 -0.0384712219238281 0.0356864929199219
0.216323852539062 -0.056060791015625 0.0489883422851563 -0.097381591796875
0.216400146484375 0.0371551513671875 0.30419921875 -0.154144287109375
-0.135139465332031 -0.111099243164062 -0.332427978515625 0.16168212890625
-0.137046813964844 0.0343780517578125 -0.0962905883789063 0.0821762084960937
-0.0828018188476563 0.109657287597656 0.0113906860351563 -0.0780487060546875
0.00407409667968751 0.115127563476563 -0.0083770751953125 -0.175460815429688
0.0325164794921875 0.079010009765625 -0.0701446533203125 -0.206497192382813
0.0533638000488281 0.0510826110839844 -0.167892456054688 -0.189712524414063
0.0475082397460938 0.047607421875 -0.224029541015625 -0.0881195068359375
0.0321235656738281 0.0578079223632813 -0.189437866210938 -0.031097412109375
0.0243797302246094 0.0608024597167969 -0.147918701171875 0.00840759277343752
-0.00890350341796875 0.0486259460449219 -0.117538452148438 0.0246505737304687
-0.0329132080078125 0.0438194274902344 -0.0858001708984375 0.0739212036132812
-0.0588340759277344 0.0409736633300781 -0.0864639282226563 0.122306823730469
-0.101005554199219 -0.00112152099609377 -0.11578369140625 0.152816772460938
-0.119728088378906 -0.052734375 -0.115768432617188 0.232742309570313
-0.1097412109375 -0.140174865722656 -0.093414306640625 0.201873779296875
-0.0203399658203125 -0.172042846679688 -0.3553466796875 0.0997314453125001
-0.0530014038085938 -0.0259590148925781 -0.116790771484375 0.0314407348632813
-0.0198936462402344 0.0250434875488281 0.000457763671874993 -0.120979309082031
0.0257339477539063 0.0366096496582031 -0.0303802490234375 -0.202316284179687
0.0303897857666016 5.340576171875E-05 -0.080780029296875 -0.218826293945313
0.0115528106689453 -0.00779628753662109 -0.178878784179688 -0.197158813476563
-0.0189666748046875 0.0131263732910156 -0.230392456054688 -0.098358154296875
-0.0363540649414063 0.0229339599609375 -0.187286376953125 -0.0434112548828125
-0.0563888549804687 0.0392532348632813 -0.148025512695313 -0.000518798828124985
-0.0796966552734375 0.0117263793945313 -0.108383178710938 0.0241241455078125
-0.094635009765625 -0.0254135131835938 -0.0765304565429688 0.0748977661132813
-0.0959625244140625 -0.0565185546875 -0.096435546875 0.116561889648438
-0.0613632202148437 -0.115516662597656 -0.127029418945312 0.120903015136719
-0.0525665283203125 -0.148391723632813 -0.124374389648437 0.17718505859375
-0.00926208496093748 -0.219558715820313 -0.0908737182617187 0.137763977050781
0.0999298095703125 -0.2108154296875 -0.3363037109375 0.0277099609375
0.0506210327148437 -0.087493896484375 -0.103355407714844 -0.0282745361328125
0.0526504516601562 -0.0792465209960938 0.0105743408203125 -0.169387817382813
0.0412788391113281 -0.0612640380859375 -0.041473388671875 -0.231597900390625
0.0173568725585938 -0.0878677368164063 -0.086029052734375 -0.223648071289062
-0.0373687744140625 -0.0704116821289063 -0.17706298828125 -0.185775756835938
-0.0864334106445312 -0.0240936279296875 -0.2103271484375 -0.094940185546875
-0.101478576660156 -0.0154953002929687 -0.15673828125 -0.0490570068359375
-0.127716064453125 0.0131607055664062 -0.118606567382813 -0.00972747802734377
-0.135223388671875 -0.0216445922851562 -0.0731658935546875 0.0262603759765625
-0.14215087890625 -0.0804443359375 -0.0482101440429687 0.079986572265625
-0.125923156738281 -0.131111145019531 -0.091949462890625 0.117866516113281
-0.02874755859375 -0.205978393554688 -0.135116577148438 0.095245361328125
0.00927734374999998 -0.219894409179688 -0.130699157714844 0.10748291015625
0.086090087890625 -0.268203735351563 -0.060546875 0.0511665344238281
0.204208374023437 -0.221511840820313 -0.275955200195313 -0.0507659912109376
0.152511596679688 -0.1400146484375 -0.0618743896484375 -0.0932235717773438
0.119522094726563 -0.186813354492188 0.0332794189453125 -0.212142944335938
0.0447540283203125 -0.165054321289063 -0.03778076171875 -0.2496337890625
-0.0075836181640625 -0.172027587890625 -0.0783233642578125 -0.213714599609375
-0.0892105102539062 -0.122093200683594 -0.154708862304688 -0.157257080078125
-0.144119262695313 -0.055511474609375 -0.163253784179688 -0.08056640625
-0.151779174804688 -0.051239013671875 -0.102920532226563 -0.0485076904296875
-0.17864990234375 -0.017669677734375 -0.0675811767578125 -0.0126113891601563
-0.165725708007813 -0.0550079345703125 -0.0243949890136719 0.0337848663330078
-0.163040161132813 -0.125732421875 -0.0128250122070313 0.0858917236328125
-0.131576538085937 -0.182388305664063 -0.0799636840820313 0.118644714355469
0.010650634765625 -0.26153564453125 -0.138198852539063 0.0732040405273437
0.0732421875 -0.254531860351563 -0.1317138671875 0.0333099365234375
0.170974731445313 -0.273147583007813 -0.00964736938476562 -0.0413322448730469
0.271392822265625 -0.201004028320313 -0.187973022460937 -0.125579833984375
0.226791381835938 -0.168487548828125 -0.00738525390624999 -0.160079956054688
0.166549682617188 -0.26556396484375 0.0567169189453125 -0.239334106445313
0.038726806640625 -0.242538452148438 -0.02081298828125 -0.245819091796875
-0.0352935791015625 -0.228179931640625 -0.0518951416015625 -0.186004638671875
-0.129379272460938 -0.15338134765625 -0.106033325195313 -0.118904113769531
-0.180328369140625 -0.0755157470703125 -0.0927276611328125 -0.06060791015625
-0.179107666015625 -0.0784454345703125 -0.0346908569335938 -0.0401840209960938
-0.203109741210938 -0.0481109619140625 -0.00390052795410157 -0.00658035278320313
-0.168075561523438 -0.0880126953125 0.0302276611328125 0.0513229370117187
-0.15155029296875 -0.161788940429688 0.0213623046875 0.0985870361328125
-0.106842041015625 -0.215225219726562 -0.064483642578125 0.118972778320313
0.0641937255859375 -0.279067993164063 -0.132728576660156 0.0534744262695312
0.1409912109375 -0.250503540039063 -0.117843627929687 -0.0360336303710937
0.239105224609375 -0.235809326171875 0.0595855712890625 -0.123390197753906
0.288421630859375 -0.14862060546875 -0.091064453125 -0.18756103515625
0.258102416992188 -0.162017822265625 0.04364013671875 -0.2193603515625
0.183135986328125 -0.2864990234375 0.0715484619140625 -0.245010375976563
0.02947998046875 -0.267044067382813 0.00184631347656252 -0.221038818359375
-0.050506591796875 -0.239532470703125 -0.012786865234375 -0.14593505859375
-0.143783569335937 -0.15655517578125 -0.0404891967773438 -0.0783920288085938
-0.186492919921875 -0.0833740234375 -0.0124549865722656 -0.0427665710449219
-0.180191040039062 -0.0932464599609375 0.0375213623046875 -0.02630615234375
-0.198837280273437 -0.0737457275390625 0.0638313293457031 0.0115585327148437
-0.149276733398438 -0.112884521484375 0.0799636840820312 0.0815353393554688
-0.117904663085937 -0.181671142578125 0.0477294921875 0.120719909667969
-0.062347412109375 -0.225418090820312 -0.0482711791992188 0.120742797851562
0.1207275390625 -0.263137817382813 -0.114814758300781 0.037567138671875
0.2008056640625 -0.21148681640625 -0.0819168090820312 -0.0882797241210938
0.2772216796875 -0.163345336914062 0.143096923828125 -0.179443359375
0.257095336914063 -0.0702362060546875 -0.00698852539062499 -0.226715087890625
0.240432739257813 -0.117431640625 0.0808868408203125 -0.256912231445313
0.167068481445313 -0.241317749023438 0.0780029296875 -0.228439331054688
0.022705078125 -0.227554321289063 0.03033447265625 -0.1834716796875
-0.0426025390625 -0.19915771484375 0.0299148559570312 -0.104499816894531
-0.122909545898438 -0.134727478027344 0.0266838073730469 -0.0481529235839844
-0.160018920898437 -0.078765869140625 0.0641708374023437 -0.0290184020996094
-0.15478515625 -0.0923309326171875 0.102455139160156 -0.00891113281250001
-0.17010498046875 -0.083953857421875 0.126205444335938 0.0392303466796875
-0.117767333984375 -0.116584777832031 0.119827270507812 0.12127685546875
-0.0797119140625 -0.174514770507813 0.0653076171875 0.149749755859375
-0.0201568603515625 -0.206710815429688 -0.0307159423828125 0.126411437988281
0.156356811523438 -0.219482421875 -0.0822982788085938 0.0319747924804687
0.232467651367188 -0.147613525390625 -0.0233535766601562 -0.112937927246094
0.2767333984375 -0.071624755859375 0.230667114257813 -0.199356079101563
0.18707275390625 0.0242462158203125 0.051910400390625 -0.232131958007812
0.188125610351563 -0.0421905517578125 0.102386474609375 -0.262191772460938
0.132339477539063 -0.140251159667969 0.083465576171875 -0.193405151367188
0.0271682739257812 -0.13836669921875 0.0600433349609375 -0.148117065429688
-0.0098876953125 -0.124305725097656 0.0634078979492188 -0.0748825073242188
-0.0685501098632812 -0.0982742309570313 0.077606201171875 -0.0315017700195313
-0.104698181152344 -0.0674896240234375 0.121978759765625 -0.019195556640625
-0.106208801269531 -0.076141357421875 0.150863647460938 0.0100250244140625
-0.122901916503906 -0.076080322265625 0.175308227539063 0.0699005126953125
-0.0839157104492188 -0.0942611694335938 0.147079467773438 0.16119384765625
-0.0531845092773438 -0.138862609863281 0.07623291015625 0.176956176757813
-0.00140380859374999 -0.163131713867188 -0.00928497314453127 0.138236999511719
0.151229858398438 -0.162200927734375 -0.0416107177734375 0.0439033508300781
0.221588134765625 -0.076690673828125 0.041351318359375 -0.103073120117188
0.230148315429688 0.020416259765625 0.309478759765625 -0.18182373046875
-0.1483154296875 -0.0965728759765625 -0.328765869140625 0.197967529296875
-0.1346435546875 0.0506210327148438 -0.0885543823242187 0.0926361083984375
-0.0701675415039063 0.120979309082031 0.00884246826171875 -0.0830764770507812
0.0196380615234375 0.115097045898438 -0.0225372314453125 -0.184249877929688
0.0430374145507813 0.0741653442382813 -0.0908355712890625 -0.212295532226563
0.0581283569335938 0.0437850952148438 -0.194656372070312 -0.186843872070313
0.0501556396484375 0.041259765625 -0.243209838867188 -0.0718994140625
0.0367813110351563 0.0537948608398437 -0.201919555664063 -0.0134429931640625
0.0289192199707031 0.0583686828613281 -0.15667724609375 0.0242919921875
-0.00706863403320312 0.0475997924804688 -0.123847961425781 0.0385894775390625
-0.0291404724121094 0.04461669921875 -0.0849838256835937 0.0874099731445313
-0.0531806945800781 0.0466194152832031 -0.0827789306640625 0.137451171875
-0.10101318359375 0.0102767944335938 -0.112640380859375 0.169845581054688
-0.125465393066406 -0.0408172607421875 -0.104278564453125 0.254257202148438
-0.125404357910156 -0.1297607421875 -0.085662841796875 0.220596313476563
-0.0340728759765625 -0.171524047851562 -0.356964111328125 0.1397705078125
-0.0505752563476562 -0.020721435546875 -0.113655090332031 0.0440673828125
-0.0112152099609375 0.0262088775634766 -0.00717163085937501 -0.12652587890625
0.0356903076171875 0.0306625366210938 -0.046783447265625 -0.209075927734375
0.0329990386962891 -0.00851058959960937 -0.101974487304688 -0.223739624023438
0.00886058807373047 -0.0151968002319336 -0.204757690429688 -0.191268920898437
-0.0223464965820313 0.0110378265380859 -0.250106811523438 -0.0810699462890625
-0.0389251708984375 0.0236015319824219 -0.19976806640625 -0.0256195068359375
-0.0573005676269531 0.0431137084960938 -0.156158447265625 0.0158843994140625
-0.0835952758789063 0.01568603515625 -0.113265991210938 0.0378570556640625
-0.0998458862304688 -0.0217971801757813 -0.07464599609375 0.08843994140625
-0.101821899414063 -0.0523529052734375 -0.0926971435546875 0.134368896484375
-0.0699386596679688 -0.113967895507813 -0.126396179199219 0.139358520507813
-0.0638580322265625 -0.147201538085938 -0.117630004882812 0.199234008789063
-0.0276336669921875 -0.22393798828125 -0.0876312255859375 0.155746459960938
0.0891571044921875 -0.224899291992188 -0.3426513671875 0.0646667480468749
0.0517959594726563 -0.0939788818359375 -0.103721618652344 -0.0164871215820313
0.0539398193359375 -0.0892333984375 -0.00103759765625001 -0.17767333984375
0.0424957275390625 -0.0723648071289063 -0.0601654052734375 -0.237396240234375
0.0117416381835938 -0.099212646484375 -0.107711791992188 -0.226242065429688
-0.0472793579101563 -0.0751266479492188 -0.2008056640625 -0.177993774414063
-0.0949020385742187 -0.0211563110351562 -0.227066040039063 -0.0786285400390625
-0.110183715820313 -0.0103302001953125 -0.167984008789063 -0.0346832275390625
-0.134346008300781 0.02374267578125 -0.125091552734375 0.00532531738281251
-0.144332885742188 -0.0140228271484375 -0.076019287109375 0.0381317138671875
-0.15533447265625 -0.075286865234375 -0.0443191528320313 0.0916671752929688
-0.141616821289063 -0.126602172851562 -0.0874099731445312 0.136871337890625
-0.0453948974609375 -0.21295166015625 -0.136703491210937 0.115631103515625
-0.00534057617187499 -0.228530883789063 -0.129905700683594 0.128814697265625
0.068206787109375 -0.284912109375 -0.0638580322265625 0.0647659301757813
0.196044921875 -0.248443603515625 -0.285736083984375 -0.0200500488281251
0.151962280273438 -0.159103393554688 -0.0657882690429688 -0.0860443115234375
0.1119384765625 -0.208953857421875 0.0182952880859375 -0.222885131835938
0.0359039306640625 -0.180130004882813 -0.057647705078125 -0.255645751953125
-0.023712158203125 -0.183212280273438 -0.0985260009765625 -0.215576171875
-0.105216979980469 -0.123542785644531 -0.172103881835937 -0.148452758789063
-0.156524658203125 -0.0478363037109375 -0.17486572265625 -0.0666046142578125
-0.1661376953125 -0.0421295166015625 -0.110992431640625 -0.03826904296875
-0.190032958984375 -0.00288391113281251 -0.0709762573242188 -0.00276184082031249
-0.178665161132813 -0.045867919921875 -0.0219955444335938 0.0417289733886719
-0.180984497070313 -0.119232177734375 -0.00584411621093751 0.0955276489257812
-0.153579711914063 -0.180908203125 -0.0732803344726563 0.13800048828125
-0.00996398925781251 -0.2757568359375 -0.14111328125 0.094940185546875
0.0571746826171875 -0.273178100585938 -0.137100219726562 0.0527801513671875
0.15655517578125 -0.301513671875 -0.01751708984375 -0.0366325378417969
0.26776123046875 -0.235977172851563 -0.2000732421875 -0.105804443359375
0.225845336914063 -0.197799682617187 -0.01483154296875 -0.160125732421875
0.15130615234375 -0.29510498046875 0.0402069091796875 -0.253616333007813
0.020416259765625 -0.258987426757813 -0.041168212890625 -0.253173828125
-0.0588531494140625 -0.237701416015625 -0.06829833984375 -0.188217163085938
-0.149337768554687 -0.150421142578125 -0.117042541503906 -0.111351013183594
-0.195358276367188 -0.06414794921875 -0.0995025634765625 -0.0527420043945312
-0.19659423828125 -0.0657958984375 -0.0389823913574219 -0.0366592407226563
-0.217071533203125 -0.0313873291015625 -0.00224256515502931 -0.00267648696899414
-0.183761596679688 -0.0789642333984375 0.0372314453125 0.0548210144042969
-0.173492431640625 -0.15618896484375 0.0320587158203125 0.105903625488281
-0.131423950195312 -0.216140747070313 -0.0564498901367188 0.137535095214844
0.042449951171875 -0.30023193359375 -0.136260986328125 0.0743560791015625
0.126953125 -0.275344848632813 -0.129074096679688 -0.0205001831054688
0.2310791015625 -0.269760131835937 0.0482330322265625 -0.128799438476563
0.289276123046875 -0.184783935546875 -0.104598999023437 -0.180206298828125
0.256744384765625 -0.194656372070313 0.03302001953125 -0.22674560546875
0.163299560546875 -0.31939697265625 0.0548095703125 -0.261428833007813
0.00607299804687497 -0.281768798828125 -0.0144805908203125 -0.22906494140625
-0.076751708984375 -0.244476318359375 -0.0233612060546875 -0.150192260742188
-0.164382934570312 -0.1505126953125 -0.0440597534179688 -0.0759506225585938
-0.201156616210938 -0.0695648193359375 -0.0131721496582031 -0.041015625
-0.19720458984375 -0.0801544189453125 0.0377883911132812 -0.0290412902832031
-0.2142333984375 -0.0561065673828125 0.0704498291015625 0.00933837890624999
-0.1654052734375 -0.105148315429688 0.0938720703125 0.081817626953125
-0.139892578125 -0.1776123046875 0.0624542236328125 0.126930236816406
-0.0862884521484375 -0.229476928710937 -0.039764404296875 0.137794494628906
0.101715087890625 -0.288177490234375 -0.11822509765625 0.0558242797851562
0.191177368164062 -0.240234375 -0.0959625244140625 -0.0788803100585938
0.276580810546875 -0.199844360351563 0.130340576171875 -0.19610595703125
0.261962890625 -0.102615356445313 -0.0203399658203125 -0.231124877929687
0.239822387695312 -0.148483276367188 0.0682830810546875 -0.270187377929688
0.1478271484375 -0.269790649414063 0.063201904296875 -0.24444580078125
0.00103759765625001 -0.238113403320313 0.018341064453125 -0.19287109375
-0.065704345703125 -0.202499389648438 0.0244522094726562 -0.111488342285156
-0.139732360839844 -0.127494812011719 0.027923583984375 -0.0503807067871094
-0.172012329101563 -0.065032958984375 0.067596435546875 -0.0345382690429688
-0.169235229492188 -0.079345703125 0.107223510742187 -0.0182723999023438
-0.18408203125 -0.0690155029296875 0.138801574707031 0.0317230224609375
-0.131866455078125 -0.109954833984375 0.139732360839844 0.120101928710937
-0.0992279052734375 -0.1719970703125 0.0831298828125 0.155075073242188
-0.04150390625 -0.212722778320313 -0.0211181640625 0.141067504882813
0.141036987304687 -0.245376586914063 -0.0851211547851562 0.0458755493164062
0.228103637695312 -0.177658081054687 -0.0373916625976562 -0.111129760742188
0.2828369140625 -0.104766845703125 0.220443725585938 -0.2255859375
0.196426391601563 0.0023040771484375 0.040618896484375 -0.245254516601562
0.190109252929688 -0.064727783203125 0.088531494140625 -0.279815673828125
0.119766235351563 -0.160507202148438 0.072845458984375 -0.209991455078125
0.011932373046875 -0.145004272460938 0.0524444580078125 -0.160247802734375
-0.02435302734375 -0.126686096191406 0.0618743896484375 -0.0846099853515625
-0.0800323486328125 -0.0928878784179687 0.08172607421875 -0.0390090942382813
-0.112091064453125 -0.0569992065429687 0.127365112304688 -0.031646728515625
-0.116050720214844 -0.066436767578125 0.158981323242187 -0.0041046142578125
-0.132850646972656 -0.0639724731445313 0.192901611328125 0.057891845703125
-0.0936050415039063 -0.0875625610351562 0.172073364257813 0.157623291015625
-0.0679779052734375 -0.135566711425781 0.0958709716796875 0.182403564453125
-0.0184173583984375 -0.167068481445313 0.00137329101562501 0.150039672851563
0.13916015625 -0.183441162109375 -0.0422782897949219 0.0532379150390625
0.220413208007812 -0.102493286132813 0.0308609008789063 -0.108558654785156
0.241256713867188 -0.0045166015625 0.303009033203125 -0.21624755859375
-0.156463623046875 -0.0769500732421875 -0.31005859375 0.232208251953125
-0.126022338867188 0.0646209716796875 -0.0774002075195313 0.100044250488281
-0.0537948608398437 0.127067565917969 0.00458526611328125 -0.0858306884765625
0.0344314575195313 0.109413146972656 -0.039215087890625 -0.186416625976563
0.0512771606445313 0.0659751892089844 -0.111923217773437 -0.20941162109375
0.0599822998046875 0.0346298217773438 -0.217727661132813 -0.172576904296875
0.050811767578125 0.0336799621582031 -0.255661010742188 -0.04931640625
0.0402793884277344 0.0482254028320312 -0.206588745117187 0.00720214843750004
0.0326766967773437 0.0536346435546875 -0.158645629882813 0.042572021484375
-0.00426483154296875 0.0459022521972656 -0.124801635742187 0.0537338256835937
-0.0247268676757813 0.043914794921875 -0.0794296264648438 0.0992279052734375
-0.0464859008789063 0.0502395629882812 -0.07366943359375 0.149063110351563
-0.096160888671875 0.0217514038085937 -0.102951049804687 0.18389892578125
-0.126121520996094 -0.0263824462890625 -0.085052490234375 0.268753051757813
-0.137397766113281 -0.113624572753906 -0.0710906982421875 0.23468017578125
-0.047088623046875 -0.165115356445313 -0.343414306640625 0.17803955078125
-0.04669189453125 -0.0152626037597656 -0.10577392578125 0.0556640625
-0.00287818908691406 0.0248908996582031 -0.0158615112304688 -0.127723693847656
0.0427322387695313 0.02215576171875 -0.065093994140625 -0.208160400390625
0.0329475402832031 -0.0172805786132813 -0.123031616210938 -0.218048095703125
0.0046234130859375 -0.0206203460693359 -0.226287841796875 -0.176193237304688
-0.0257549285888672 0.00971221923828125 -0.262176513671875 -0.0570220947265625
-0.0403900146484375 0.0242958068847656 -0.20538330078125 -0.0045318603515625
-0.0565147399902344 0.0474014282226562 -0.1578369140625 0.035858154296875
-0.084869384765625 0.0211029052734375 -0.113304138183594 0.0528717041015625
-0.103065490722656 -0.0165328979492188 -0.0681838989257812 0.0996780395507813
-0.10601806640625 -0.0446243286132813 -0.0832672119140625 0.149124145507813
-0.078216552734375 -0.1090087890625 -0.119461059570313 0.156204223632812
-0.0745391845703125 -0.140701293945313 -0.102691650390625 0.216629028320313
-0.0473785400390625 -0.219924926757812 -0.0786285400390625 0.170944213867188
0.0716705322265625 -0.23284912109375 -0.333251953125 0.1029052734375
0.0505218505859375 -0.0998687744140625 -0.0999908447265625 -0.00431823730468753
0.0516815185546875 -0.0986099243164063 -0.01513671875 -0.179443359375
0.0402145385742188 -0.0829696655273438 -0.0799713134765625 -0.233932495117188
0.0020904541015625 -0.106826782226563 -0.127349853515625 -0.218841552734375
-0.05755615234375 -0.0762176513671875 -0.218963623046875 -0.161148071289062
-0.101417541503906 -0.01544189453125 -0.23724365234375 -0.056060791015625
-0.116127014160156 -0.00244140625 -0.17315673828125 -0.0162200927734375
-0.136009216308594 0.0351104736328125 -0.125869750976563 0.0221405029296875
-0.149169921875 -0.00349426269531251 -0.0738983154296875 0.04986572265625
-0.164962768554688 -0.06451416015625 -0.0362777709960938 0.101310729980469
-0.15447998046875 -0.117050170898438 -0.0762786865234375 0.152694702148437
-0.06298828125 -0.212722778320313 -0.130760192871094 0.135429382324219
-0.023651123046875 -0.229843139648438 -0.121734619140625 0.148178100585937
0.0443115234375 -0.29461669921875 -0.0619430541992188 0.0777053833007812
0.177581787109375 -0.269485473632813 -0.283447265625 0.012939453125
0.14447021484375 -0.175872802734375 -0.0670318603515625 -0.0767898559570313
0.0968780517578125 -0.225494384765625 -0.00044250488281248 -0.226699829101563
0.02203369140625 -0.18963623046875 -0.079681396484375 -0.251296997070313
-0.0424652099609375 -0.186752319335938 -0.116256713867188 -0.208526611328125
-0.120597839355469 -0.118576049804688 -0.185623168945312 -0.133514404296875
-0.165023803710938 -0.0358734130859375 -0.181854248046875 -0.048309326171875
-0.175186157226563 -0.027740478515625 -0.115470886230469 -0.0255355834960938
-0.194168090820313 0.0150604248046875 -0.07061767578125 0.00811004638671876
-0.187149047851563 -0.0315093994140625 -0.0174446105957031 0.0483283996582031
-0.195205688476563 -0.105514526367187 0.004364013671875 0.102493286132813
-0.172882080078125 -0.169876098632813 -0.06121826171875 0.153549194335937
-0.03515625 -0.281158447265625 -0.136062622070312 0.115013122558594
0.03375244140625 -0.282257080078125 -0.135581970214844 0.0729293823242187
0.1319580078125 -0.3221435546875 -0.0247268676757813 -0.0286884307861328
0.249496459960937 -0.266357421875 -0.204071044921875 -0.0811309814453125
0.213623046875 -0.223526000976562 -0.022003173828125 -0.155975341796875
0.1251220703125 -0.317230224609375 0.0172271728515625 -0.258682250976563
-0.00283813476562497 -0.266998291015625 -0.06243896484375 -0.250442504882812
-0.0841522216796875 -0.237274169921875 -0.083740234375 -0.183853149414063
-0.16693115234375 -0.140090942382813 -0.125045776367188 -0.100624084472656
-0.204315185546875 -0.047119140625 -0.103172302246094 -0.0416717529296875
-0.2078857421875 -0.04803466796875 -0.0420188903808594 -0.03131103515625
-0.223602294921875 -0.00976562500000002 -0.000256061553955092 0.000828683376312255
-0.1947021484375 -0.0640106201171875 0.0457954406738281 0.055145263671875
-0.190887451171875 -0.143096923828125 0.0437850952148437 0.109596252441406
-0.1544189453125 -0.2071533203125 -0.04327392578125 0.151519775390625
0.01470947265625 -0.31109619140625 -0.131790161132812 0.094146728515625
0.104095458984375 -0.293060302734375 -0.134666442871094 -0.00156402587890625
0.209869384765625 -0.299163818359375 0.0336837768554688 -0.12890625
0.27484130859375 -0.2196044921875 -0.114395141601562 -0.166946411132813
0.24310302734375 -0.224868774414063 0.0196685791015625 -0.227615356445312
0.1317138671875 -0.34136962890625 0.0315704345703125 -0.26776123046875
-0.0216064453125 -0.2864990234375 -0.0330047607421875 -0.228668212890625
-0.103607177734375 -0.240798950195312 -0.0353240966796875 -0.148605346679688
-0.180908203125 -0.13629150390625 -0.0472640991210938 -0.0707626342773438
-0.209609985351563 -0.050506591796875 -0.0137062072753906 -0.0389823913574219
-0.209030151367187 -0.06103515625 0.0365409851074219 -0.0316390991210938
-0.222564697265625 -0.0345306396484375 0.0756683349609375 0.00489044189453125
-0.177810668945313 -0.0912017822265625 0.106285095214844 0.0766448974609375
-0.159042358398437 -0.166213989257813 0.0775070190429688 0.127098083496094
-0.1103515625 -0.224075317382812 -0.0254974365234375 0.14996337890625
0.073699951171875 -0.305084228515625 -0.115409851074219 0.0734024047851563
0.169891357421875 -0.263839721679688 -0.106544494628906 -0.0645904541015625
0.261474609375 -0.233444213867188 0.109893798828125 -0.206771850585938
0.253433227539063 -0.134918212890625 -0.0346221923828125 -0.227630615234375
0.228225708007813 -0.177597045898438 0.0500030517578125 -0.2763671875
0.118316650390625 -0.289947509765625 0.0422210693359375 -0.252532958984375
-0.0237579345703125 -0.240249633789063 0.00332641601562498 -0.196273803710938
-0.08941650390625 -0.196807861328125 0.0168685913085937 -0.114662170410156
-0.153823852539063 -0.113540649414063 0.0286178588867187 -0.0523185729980469
-0.177978515625 -0.0474395751953125 0.0683403015136719 -0.0405769348144531
-0.178497314453125 -0.061676025390625 0.107391357421875 -0.0276031494140625
-0.191650390625 -0.04901123046875 0.146743774414063 0.0195770263671875
-0.142822265625 -0.0978546142578125 0.1573486328125 0.1104736328125
-0.116119384765625 -0.1629638671875 0.100204467773437 0.153900146484375
-0.06414794921875 -0.209442138671875 -0.00686645507812501 0.150848388671875
0.11614990234375 -0.264175415039063 -0.08294677734375 0.059356689453125
0.211654663085938 -0.203903198242188 -0.0512924194335937 -0.104225158691406
0.275924682617188 -0.138259887695313 0.198348999023438 -0.246490478515625
0.196502685546875 -0.0223236083984375 0.0249176025390625 -0.250991821289063
0.1834716796875 -0.0885162353515625 0.067840576171875 -0.29010009765625
0.099761962890625 -0.176071166992187 0.05615234375 -0.21942138671875
-0.0046844482421875 -0.145248413085938 0.0407867431640625 -0.167709350585937
-0.0393905639648438 -0.1221923828125 0.0563201904296875 -0.0923004150390625
-0.0894393920898438 -0.0837326049804687 0.0833358764648438 -0.0472183227539063
-0.115219116210938 -0.0443572998046875 0.129135131835938 -0.044525146484375
-0.121864318847656 -0.0527877807617187 0.161224365234375 -0.0198974609375
-0.138336181640625 -0.0484771728515625 0.202972412109375 0.040008544921875
-0.100654602050781 -0.07757568359375 0.193084716796875 0.144912719726563
-0.0804595947265625 -0.126327514648438 0.115692138671875 0.179962158203125
-0.0367431640625 -0.16357421875 0.0157928466796875 0.156936645507813
0.118408203125 -0.199935913085938 -0.0401763916015625 0.0622024536132812
0.209503173828125 -0.127273559570313 0.0170745849609375 -0.109443664550781
0.241836547851562 -0.032470703125 0.28302001953125 -0.247039794921875
-0.156768798828125 -0.058319091796875 -0.28729248046875 0.254058837890625
-0.115341186523438 0.073699951171875 -0.0668182373046875 0.103858947753906
-0.038116455078125 0.127532958984375 0.00113677978515625 -0.086944580078125
0.045257568359375 0.101005554199219 -0.0508880615234375 -0.183609008789063
0.0561866760253906 0.0570793151855469 -0.126358032226562 -0.201889038085938
0.0580673217773437 0.0267868041992188 -0.232391357421875 -0.156814575195313
0.0484771728515625 0.0277328491210938 -0.259536743164063 -0.0279388427734375
0.0410308837890625 0.0422706604003906 -0.205322265625 0.0245513916015625
0.03436279296875 0.0487251281738281 -0.155929565429688 0.058013916015625
-0.00300216674804688 0.0431556701660156 -0.122451782226563 0.0651321411132813
-0.0208091735839844 0.0417823791503906 -0.0733184814453125 0.107620239257812
-0.0390815734863281 0.050933837890625 -0.064178466796875 0.155960083007813
-0.0892105102539062 0.0295639038085938 -0.093902587890625 0.192611694335938
-0.123016357421875 -0.014678955078125 -0.06689453125 0.275588989257813
-0.143600463867188 -0.096923828125 -0.0579833984375 0.241714477539062
-0.05523681640625 -0.155410766601563 -0.32208251953125 0.205291748046875
-0.0412101745605469 -0.011383056640625 -0.0962600708007813 0.0627899169921875
0.00433731079101563 0.0207557678222656 -0.0225143432617188 -0.125938415527344
0.0474739074707031 0.0129432678222656 -0.077362060546875 -0.202468872070313
0.0307846069335938 -0.025238037109375 -0.136993408203125 -0.209823608398438
-0.000772476196289061 -0.0248050689697266 -0.24066162109375 -0.158599853515625
-0.0285015106201172 0.00907707214355469 -0.265411376953125 -0.0346832275390625
-0.0420379638671875 0.0252265930175781 -0.204421997070312 0.0138702392578125
-0.0546875 0.0500373840332031 -0.154373168945313 0.0519866943359375
-0.0853195190429688 0.0246200561523438 -0.110298156738281 0.0646286010742188
-0.104576110839844 -0.0124740600585938 -0.060821533203125 0.107795715332031
-0.106803894042969 -0.0388565063476563 -0.072540283203125 0.158966064453125
-0.0820159912109375 -0.102851867675781 -0.111282348632812 0.16827392578125
-0.0803680419921875 -0.133331298828125 -0.0875701904296875 0.226882934570312
-0.061309814453125 -0.212234497070313 -0.0687255859375 0.181076049804688
0.0574493408203125 -0.233566284179688 -0.31683349609375 0.131866455078125
0.048736572265625 -0.103553771972656 -0.0934219360351563 0.00435638427734373
0.04827880859375 -0.106246948242188 -0.0261383056640625 -0.176513671875
0.036865234375 -0.0913162231445313 -0.09423828125 -0.226486206054688
-0.00679016113281251 -0.11126708984375 -0.140670776367188 -0.208999633789063
-0.0659561157226563 -0.0746688842773437 -0.22845458984375 -0.144439697265625
-0.105293273925781 -0.00971984863281251 -0.239852905273438 -0.0358123779296875
-0.120223999023438 0.00532531738281248 -0.1728515625 -6.10351562500046E-05
-0.134674072265625 0.04449462890625 -0.122894287109375 0.0357894897460938
-0.151031494140625 0.00573730468750003 -0.0699615478515625 0.0593795776367187
-0.170318603515625 -0.0540771484375 -0.0280685424804688 0.107406616210937
-0.16143798828125 -0.106796264648438 -0.064208984375 0.162994384765625
-0.0763702392578125 -0.20880126953125 -0.123291015625 0.149124145507813
-0.037200927734375 -0.2266845703125 -0.111190795898438 0.162353515625
0.023895263671875 -0.2950439453125 -0.0586013793945313 0.0881118774414062
0.158584594726563 -0.28070068359375 -0.272415161132813 0.03997802734375
0.136184692382813 -0.1876220703125 -0.0646095275878906 -0.0687522888183594
0.0811004638671875 -0.2357177734375 -0.01666259765625 -0.223709106445313
0.010162353515625 -0.194869995117188 -0.09490966796875 -0.243377685546875
-0.057830810546875 -0.186325073242188 -0.12847900390625 -0.198654174804688
-0.131233215332031 -0.111663818359375 -0.191696166992187 -0.117584228515625
-0.169830322265625 -0.0241546630859375 -0.182830810546875 -0.0321044921875
-0.179946899414063 -0.014556884765625 -0.1160888671875 -0.01348876953125
-0.19378662109375 0.030181884765625 -0.0678825378417969 0.0170631408691406
-0.190353393554687 -0.019195556640625 -0.0124435424804688 0.053070068359375
-0.204071044921875 -0.0921783447265625 0.0130844116210937 0.105209350585938
-0.184738159179687 -0.157135009765625 -0.0485076904296875 0.163253784179688
-0.0558929443359375 -0.280166625976563 -0.12835693359375 0.130241394042969
0.01531982421875 -0.285125732421875 -0.130485534667969 0.0889434814453125
0.108978271484375 -0.33209228515625 -0.0289688110351562 -0.0200481414794922
0.2294921875 -0.286163330078125 -0.199600219726562 -0.0600433349609375
0.1983642578125 -0.240768432617188 -0.024932861328125 -0.14990234375
0.099639892578125 -0.32781982421875 -0.000808715820312484 -0.256072998046875
-0.022064208984375 -0.26776123046875 -0.0774993896484375 -0.242950439453125
-0.103363037109375 -0.231338500976563 -0.0935516357421875 -0.17633056640625
-0.17803955078125 -0.127273559570313 -0.127059936523438 -0.0890045166015625
-0.2083740234375 -0.0317230224609375 -0.102165222167969 -0.031280517578125
-0.21380615234375 -0.0316619873046875 -0.0431060791015625 -0.0249862670898438
-0.2236328125 0.00863647460937501 0.00246214866638182 0.0032045841217041
-0.199630737304687 -0.0505828857421875 0.052154541015625 0.0546646118164063
-0.201507568359375 -0.128555297851562 0.0543212890625 0.109527587890625
-0.17083740234375 -0.195037841796875 -0.0298614501953125 0.1602783203125
-0.00955200195312502 -0.314666748046875 -0.125617980957031 0.109016418457031
0.0821533203125 -0.30120849609375 -0.134757995605469 0.0149765014648438
0.1868896484375 -0.317138671875 0.021759033203125 -0.125389099121094
0.2559814453125 -0.243682861328125 -0.117233276367187 -0.1524658203125
0.225296020507812 -0.246261596679687 0.0105133056640625 -0.224700927734375
0.102447509765625 -0.352264404296875 0.0119781494140625 -0.2664794921875
-0.044677734375 -0.283966064453125 -0.046142578125 -0.223678588867188
-0.124343872070312 -0.2313232421875 -0.04327392578125 -0.144683837890625
-0.191177368164063 -0.121078491210937 -0.0469779968261719 -0.0660362243652344
-0.211395263671875 -0.0333099365234375 -0.0129814147949219 -0.0362014770507813
-0.2135009765625 -0.0429534912109375 0.0352134704589844 -0.0325050354003906
-0.22296142578125 -0.0151214599609375 0.0784835815429687 0.000175476074218749
-0.183822631835938 -0.077606201171875 0.115425109863281 0.0700225830078125
-0.171066284179688 -0.153350830078125 0.0893783569335938 0.125137329101563
-0.127944946289063 -0.213119506835938 -0.0125274658203125 0.15673828125
0.048126220703125 -0.31195068359375 -0.110542297363281 0.086822509765625
0.149002075195313 -0.277694702148438 -0.111984252929687 -0.0508270263671875
0.242385864257813 -0.257110595703125 0.0918426513671875 -0.209014892578125
0.239059448242188 -0.15875244140625 -0.0435638427734375 -0.221694946289063
0.211502075195312 -0.197601318359375 0.035888671875 -0.275894165039063
0.090911865234375 -0.298065185546875 0.024627685546875 -0.25274658203125
-0.044647216796875 -0.235504150390625 -0.008453369140625 -0.1949462890625
-0.106246948242187 -0.187606811523438 0.0103530883789062 -0.114921569824219
-0.161636352539063 -0.099853515625 0.0295562744140625 -0.0544967651367188
-0.17889404296875 -0.032257080078125 0.0686149597167968 -0.0457420349121094
-0.182205200195313 -0.0458984375 0.105918884277344 -0.0349807739257813
-0.192459106445313 -0.03192138671875 0.149688720703125 0.0091094970703125
-0.148117065429688 -0.0864410400390625 0.16827392578125 0.0993804931640625
-0.126937866210938 -0.150741577148438 0.114089965820312 0.149642944335937
-0.080718994140625 -0.200973510742188 0.00579833984374999 0.155990600585938
0.0924072265625 -0.2725830078125 -0.0796279907226562 0.0688705444335937
0.193008422851563 -0.221237182617188 -0.0613632202148438 -0.0953292846679688
0.262939453125 -0.163299560546875 0.175811767578125 -0.2569580078125
0.1905517578125 -0.0420379638671875 0.01275634765625 -0.251419067382813
0.17230224609375 -0.104721069335938 0.051727294921875 -0.29290771484375
0.0804595947265625 -0.182769775390625 0.0411529541015625 -0.221923828125
-0.0179290771484375 -0.141998291015625 0.03033447265625 -0.170700073242188
-0.050201416015625 -0.115867614746094 0.0508270263671875 -0.0965805053710938
-0.0942001342773437 -0.0731735229492188 0.0833740234375 -0.053497314453125
-0.115119934082031 -0.0327224731445313 0.127609252929688 -0.0552291870117188
-0.123710632324219 -0.0402450561523438 0.159271240234375 -0.0326080322265625
-0.138282775878906 -0.0350875854492187 0.207244873046875 0.0234375
-0.104217529296875 -0.0672988891601563 0.206512451171875 0.13031005859375
-0.0883941650390625 -0.116378784179688 0.130630493164063 0.174087524414063
-0.0499114990234375 -0.156402587890625 0.02728271484375 0.15911865234375
0.0981903076171875 -0.207733154296875 -0.03729248046875 0.0681610107421875
0.194732666015625 -0.144073486328125 0.00495910644531251 -0.106826782226563
0.236495971679688 -0.055419921875 0.259902954101563 -0.265045166015625
-0.154815673828125 -0.043701171875 -0.26983642578125 0.269149780273438
-0.106552124023438 0.0793991088867188 -0.0594863891601563 0.105194091796875
-0.0266189575195313 0.125892639160156 -0.000518798828125009 -0.0885086059570312
0.0532455444335938 0.092926025390625 -0.059234619140625 -0.182022094726563
0.0582847595214844 0.0492515563964844 -0.136001586914062 -0.19696044921875
0.055633544921875 0.0207862854003906 -0.242904663085938 -0.144760131835938
0.0455780029296875 0.0236282348632813 -0.262252807617188 -0.012054443359375
0.0408287048339844 0.0384559631347656 -0.203765869140625 0.03778076171875
0.0342559814453125 0.0451774597167969 -0.153396606445313 0.069305419921875
-0.00299835205078125 0.0413131713867188 -0.121025085449219 0.0743942260742188
-0.0198936462402344 0.0396308898925781 -0.0680007934570312 0.112663269042969
-0.0337333679199219 0.0500640869140625 -0.057037353515625 0.1622314453125
-0.0830841064453125 0.0344924926757813 -0.08685302734375 0.200225830078125
-0.120033264160156 -0.00689697265624999 -0.0539703369140625 0.280319213867188
-0.14599609375 -0.0841522216796875 -0.0487823486328125 0.247817993164063
-0.058349609375 -0.147262573242188 -0.304412841796875 0.223297119140625
-0.0362091064453125 -0.00977325439453125 -0.0894927978515625 0.067657470703125
0.0101938247680664 0.0161399841308594 -0.0266494750976563 -0.125221252441406
0.0500907897949219 0.00421905517578125 -0.0857086181640625 -0.198638916015625
0.0284633636474609 -0.0312957763671875 -0.146041870117187 -0.203903198242188
-0.00595474243164062 -0.0275249481201172 -0.248367309570313 -0.146469116210938
-0.0322685241699219 0.00975227355957032 -0.266693115234375 -0.0179290771484375
-0.0436592102050781 0.0263595581054688 -0.20294189453125 0.0276947021484375
-0.0544853210449219 0.0509910583496094 -0.150619506835938 0.0631103515625
-0.0859832763671875 0.027374267578125 -0.108100891113281 0.0744247436523437
-0.106185913085938 -0.00922393798828125 -0.0552597045898438 0.113235473632813
-0.106895446777344 -0.034942626953125 -0.0643768310546875 0.166839599609375
-0.0843963623046875 -0.09906005859375 -0.105453491210938 0.178192138671875
-0.084136962890625 -0.128379821777344 -0.0764007568359375 0.234710693359375
-0.070709228515625 -0.205337524414062 -0.0615997314453125 0.190170288085937
0.0483551025390625 -0.233245849609375 -0.301666259765625 0.151947021484375
0.0490951538085938 -0.107292175292969 -0.0875778198242187 0.01043701171875
0.0458831787109375 -0.112747192382813 -0.0337677001953125 -0.173675537109375
0.03387451171875 -0.098297119140625 -0.103378295898438 -0.220779418945313
-0.0143356323242187 -0.114822387695313 -0.148452758789062 -0.203292846679688
-0.0730972290039062 -0.0736312866210938 -0.234725952148438 -0.131378173828125
-0.108695983886719 -0.00509643554687498 -0.239715576171875 -0.01922607421875
-0.122886657714844 0.01171875 -0.171554565429687 0.0128936767578125
-0.133880615234375 0.0509185791015625 -0.118972778320312 0.0459671020507813
-0.152557373046875 0.0120086669921875 -0.0668220520019531 0.0665550231933594
-0.174728393554688 -0.0475311279296875 -0.0216598510742188 0.111709594726563
-0.16632080078125 -0.09912109375 -0.0547943115234375 0.171096801757813
-0.0863800048828125 -0.206298828125 -0.117141723632812 0.160308837890625
-0.046173095703125 -0.224929809570312 -0.103073120117188 0.1728515625
0.00921630859374998 -0.295135498046875 -0.0562362670898437 0.0968704223632812
0.144195556640625 -0.287628173828125 -0.26019287109375 0.0589141845703124
0.1298828125 -0.19671630859375 -0.0617561340332031 -0.0631179809570313
0.069915771484375 -0.24322509765625 -0.026123046875 -0.219680786132813
0.000564575195312507 -0.199127197265625 -0.104644775390625 -0.236984252929688
-0.0699920654296875 -0.185684204101563 -0.135894775390625 -0.191864013671875
-0.139236450195313 -0.106521606445312 -0.194229125976563 -0.107070922851563
-0.172927856445313 -0.0152740478515625 -0.181716918945312 -0.0196685791015625
-0.183853149414063 -0.00439453125000004 -0.1156005859375 -0.00415802001953123
-0.193191528320313 0.041351318359375 -0.0651626586914063 0.0238494873046875
-0.192474365234375 -0.0103912353515625 -0.00849914550781251 0.0561943054199219
-0.210922241210938 -0.082855224609375 0.0201873779296875 0.107574462890625
-0.193511962890625 -0.148056030273437 -0.0378265380859375 0.171401977539063
-0.0712890625 -0.279449462890625 -0.123214721679688 0.142471313476563
0.00210571289062502 -0.285614013671875 -0.125511169433594 0.102294921875
0.09136962890625 -0.338623046875 -0.0321941375732422 -0.0126304626464844
0.213226318359375 -0.2994384765625 -0.192367553710938 -0.0446624755859375
0.18914794921875 -0.254470825195313 -0.0254669189453125 -0.145248413085938
0.0811767578125 -0.335723876953125 -0.0130615234375 -0.252197265625
-0.0376739501953125 -0.268280029296875 -0.087890625 -0.237091064453125
-0.1185302734375 -0.22613525390625 -0.0995635986328125 -0.17083740234375
-0.186279296875 -0.118194580078125 -0.126853942871094 -0.0823287963867188
-0.210617065429688 -0.0204010009765625 -0.100303649902344 -0.0241546630859375
-0.216796875 -0.01837158203125 -0.0430717468261719 -0.0203971862792969
-0.22320556640625 0.0220794677734375 0.0049147605895996 0.00546073913574219
-0.203994750976563 -0.040496826171875 0.0571556091308593 0.0538253784179687
-0.20941162109375 -0.11846923828125 0.0622711181640625 0.109703063964844
-0.182235717773437 -0.185897827148438 -0.019378662109375 0.166976928710938
-0.028533935546875 -0.317138671875 -0.120796203613281 0.120445251464844
0.066253662109375 -0.306396484375 -0.133697509765625 0.0281524658203125
0.1693115234375 -0.330078125 0.012542724609375 -0.120407104492188
0.240127563476563 -0.259811401367188 -0.115325927734375 -0.14312744140625
0.212020874023438 -0.2611083984375 0.00581359863281249 -0.222946166992188
0.079254150390625 -0.358062744140625 -0.000198364257812495 -0.263641357421875
-0.06103515625 -0.280014038085938 -0.05615234375 -0.219451904296875
-0.13922119140625 -0.223037719726563 -0.0479888916015625 -0.141815185546875
-0.197845458984375 -0.10955810546875 -0.0453071594238281 -0.063812255859375
-0.2127685546875 -0.0210418701171875 -0.0111637115478516 -0.0347480773925781
-0.217025756835937 -0.028900146484375 0.0340213775634765 -0.0327930450439453
-0.223175048828125 -0.000823974609375017 0.0805816650390625 -0.00275421142578125
-0.188064575195313 -0.067657470703125 0.121719360351562 0.0652923583984375
-0.179519653320313 -0.143157958984375 0.098663330078125 0.122665405273437
-0.140609741210938 -0.20526123046875 -0.00187683105468752 0.162857055664063
0.029022216796875 -0.31683349609375 -0.106147766113281 0.0974578857421875
0.132598876953125 -0.287017822265625 -0.115524291992187 -0.0389404296875
0.226669311523437 -0.274169921875 0.0780029296875 -0.209457397460938
0.226898193359375 -0.174713134765625 -0.046783447265625 -0.21807861328125
0.198989868164063 -0.212081909179688 0.0264739990234375 -0.276321411132813
0.069854736328125 -0.30291748046875 0.012786865234375 -0.250686645507813
-0.0589752197265625 -0.230758666992187 -0.01678466796875 -0.193389892578125
-0.117904663085937 -0.1788330078125 0.00687408447265625 -0.115760803222656
-0.166290283203125 -0.0890350341796875 0.0314216613769531 -0.0566520690917969
-0.1787109375 -0.0205535888671875 0.0688819885253906 -0.0501518249511719
-0.184555053710937 -0.032745361328125 0.104484558105469 -0.0397109985351563
-0.19219970703125 -0.019134521484375 0.152145385742188 0.000534057617187499
-0.151763916015625 -0.0769805908203125 0.177230834960937 0.0899810791015625
-0.134613037109375 -0.1424560546875 0.124908447265625 0.146194458007813
-0.0915374755859375 -0.1939697265625 0.0155029296875 0.160079956054688
0.0734100341796875 -0.278411865234375 -0.076995849609375 0.0775604248046875
0.177383422851563 -0.23211669921875 -0.067657470703125 -0.0860824584960938
0.251312255859375 -0.182037353515625 0.158828735351563 -0.262710571289063
0.183486938476562 -0.055938720703125 0.00509643554687502 -0.252822875976563
0.162460327148438 -0.116622924804688 0.04046630859375 -0.295379638671875
0.0652008056640625 -0.185791015625 0.03204345703125 -0.22314453125
-0.0279006958007812 -0.137397766113281 0.0229644775390625 -0.17266845703125
-0.057525634765625 -0.110641479492187 0.047454833984375 -0.100082397460938
-0.0981216430664063 -0.0657424926757813 0.0843505859375 -0.0593338012695313
-0.113945007324219 -0.0246047973632813 0.125839233398438 -0.0637435913085938
-0.124061584472656 -0.0309982299804688 0.157379150390625 -0.0415802001953125
-0.137168884277344 -0.0246963500976563 0.209335327148438 0.0111846923828125
-0.104843139648437 -0.0601577758789063 0.216964721679688 0.11883544921875
-0.0928268432617188 -0.108154296875 0.141921997070313 0.169998168945313
-0.05859375 -0.149368286132812 0.0358428955078125 0.161758422851563
0.0821533203125 -0.211807250976563 -0.0357284545898437 0.072967529296875
0.181793212890625 -0.155685424804688 -0.0033111572265625 -0.103134155273438
0.230026245117187 -0.072601318359375 0.2403564453125 -0.27716064453125
-0.1536865234375 -0.0323486328125 -0.25811767578125 0.2847900390625
-0.0999221801757813 0.0848007202148438 -0.0537261962890625 0.108932495117188
-0.01812744140625 0.124435424804688 -0.00182342529296876 -0.0912017822265625
0.0588226318359375 0.0855331420898438 -0.0663299560546875 -0.183746337890625
0.0601463317871094 0.043182373046875 -0.146957397460938 -0.197433471679687
0.0529518127441406 0.0173377990722656 -0.255279541015625 -0.137176513671875
0.0443000793457031 0.0216064453125 -0.26727294921875 0.00180053710937495
0.0408439636230469 0.0361480712890625 -0.204986572265625 0.0496368408203125
0.0346260070800781 0.0426216125488281 -0.152740478515625 0.0805206298828125
-0.003265380859375 0.04083251953125 -0.122291564941406 0.0841827392578125
-0.0196609497070312 0.0385398864746094 -0.0658340454101562 0.119003295898437
-0.0300712585449219 0.0492515563964844 -0.0520172119140625 0.170211791992187
-0.0788421630859375 0.0378875732421875 -0.0822296142578125 0.210189819335938
-0.117942810058594 -0.00107574462890623 -0.044677734375 0.28802490234375
-0.149444580078125 -0.0742034912109375 -0.042877197265625 0.25799560546875
-0.0605926513671875 -0.14312744140625 -0.293914794921875 0.241546630859375
-0.0320053100585938 -0.0103874206542969 -0.0843505859375 0.072723388671875
0.0139179229736328 0.0113143920898438 -0.0298690795898438 -0.125862121582031
0.0526618957519531 -0.00455856323242187 -0.0931854248046875 -0.199081420898437
0.0253639221191406 -0.0376625061035156 -0.155517578125 -0.203536987304688
-0.0110378265380859 -0.0297145843505859 -0.260009765625 -0.137924194335938
-0.0362434387207031 0.0109481811523437 -0.270675659179688 -0.00360107421874997
-0.0460243225097656 0.0285263061523438 -0.203811645507813 0.0401153564453125
-0.0549201965332031 0.0537071228027344 -0.149383544921875 0.0745086669921875
-0.088165283203125 0.0301971435546875 -0.107254028320313 0.0834197998046875
-0.110137939453125 -0.00673675537109376 -0.0517425537109375 0.119918823242188
-0.108993530273438 -0.033721923828125 -0.058135986328125 0.1761474609375
-0.087554931640625 -0.0988006591796875 -0.101638793945313 0.189849853515625
-0.0870361328125 -0.126106262207031 -0.068145751953125 0.24481201171875
-0.0787811279296875 -0.2022705078125 -0.0571136474609375 0.200454711914063
0.0427703857421875 -0.236740112304688 -0.291168212890625 0.169830322265625
0.0506362915039063 -0.112716674804687 -0.083038330078125 0.015289306640625
0.0436172485351563 -0.121467590332031 -0.0398712158203125 -0.173309326171875
0.0312881469726563 -0.106979370117188 -0.111907958984375 -0.219375610351562
-0.0217971801757813 -0.119522094726563 -0.157440185546875 -0.202362060546875
-0.0809707641601563 -0.073760986328125 -0.243316650390625 -0.123077392578125
-0.113739013671875 -0.00102233886718748 -0.241973876953125 -0.00610351562499999
-0.127449035644531 0.017608642578125 -0.1724853515625 0.0238494873046875
-0.135574340820312 0.0579299926757813 -0.117431640625 0.0556411743164063
-0.156265258789063 0.0179290771484375 -0.0645217895507813 0.0739822387695313
-0.181427001953125 -0.041473388671875 -0.0169677734375 0.116973876953125
-0.173263549804688 -0.0948333740234375 -0.0465545654296875 0.1815185546875
-0.095977783203125 -0.207855224609375 -0.113998413085938 0.173446655273437
-0.054473876953125 -0.226531982421875 -0.0966339111328125 0.1844482421875
-0.00210571289062503 -0.30010986328125 -0.0549697875976562 0.10699462890625
0.136505126953125 -0.297607421875 -0.251953125 0.073883056640625
0.127777099609375 -0.208755493164063 -0.058746337890625 -0.0594825744628907
0.060516357421875 -0.253890991210938 -0.03363037109375 -0.219100952148438
-0.00781249999999999 -0.206207275390625 -0.114166259765625 -0.235214233398437
-0.0811767578125 -0.188201904296875 -0.14361572265625 -0.190521240234375
-0.148468017578125 -0.103561401367188 -0.1993408203125 -0.10125732421875
-0.178558349609375 -0.00834655761718749 -0.18218994140625 -0.00926208496093749
-0.190216064453125 0.00579833984374999 -0.115913391113281 0.00358581542968748
-0.195053100585938 0.05120849609375 -0.0629158020019531 0.0302047729492187
-0.198654174804688 -0.00228881835937496 -0.00490188598632813 0.0604476928710938
-0.219528198242187 -0.075408935546875 0.0267562866210937 0.111213684082031
-0.203857421875 -0.14215087890625 -0.0287322998046875 0.181304931640625
-0.08575439453125 -0.283447265625 -0.120071411132813 0.155517578125
-0.00958251953124998 -0.291290283203125 -0.121833801269531 0.115081787109375
0.07818603515625 -0.3505859375 -0.0348529815673828 -0.00525283813476565
0.203216552734375 -0.314300537109375 -0.187713623046875 -0.03448486328125
0.182235717773437 -0.270553588867188 -0.02496337890625 -0.145156860351563
0.065643310546875 -0.34716796875 -0.0223236083984375 -0.251876831054688
-0.0499267578125 -0.273284912109375 -0.0970611572265625 -0.235336303710938
-0.1331787109375 -0.225448608398437 -0.106338500976563 -0.169998168945312
-0.195968627929687 -0.112533569335938 -0.128242492675781 -0.0785293579101562
-0.215484619140625 -0.0105743408203125 -0.09930419921875 -0.0187911987304687
-0.223358154296875 -0.00665283203125001 -0.0427398681640625 -0.0168190002441406
-0.225906372070312 0.0341644287109375 0.00706243515014647 0.00726032257080078
-0.21044921875 -0.0322265625 0.0632209777832031 0.05377197265625
-0.220108032226563 -0.110946655273437 0.0699691772460937 0.111404418945313
-0.1937255859375 -0.180068969726563 -0.0104827880859375 0.176315307617188
-0.045654296875 -0.32366943359375 -0.117851257324219 0.133331298828125
0.0537109375 -0.31591796875 -0.134147644042969 0.040374755859375
0.15673828125 -0.3463134765625 0.00548553466796877 -0.117904663085938
0.231048583984375 -0.27685546875 -0.114227294921875 -0.138908386230469
0.202774047851563 -0.279388427734375 0.00239562988281252 -0.2255859375
0.060821533203125 -0.3687744140625 -0.00967407226562497 -0.26348876953125
-0.07562255859375 -0.2822265625 -0.064483642578125 -0.219223022460938
-0.153762817382813 -0.219772338867188 -0.0522918701171875 -0.143020629882813
-0.20635986328125 -0.102142333984375 -0.0436973571777344 -0.0637741088867188
-0.216354370117188 -0.0112457275390625 -0.00902175903320314 -0.0347061157226563
-0.222549438476563 -0.01690673828125 0.0348548889160156 -0.0333366394042969
-0.2259521484375 0.0106048583984375 0.0829925537109375 -0.00608062744140625
-0.194320678710938 -0.060455322265625 0.130470275878906 0.061767578125
-0.1893310546875 -0.136749267578125 0.10797119140625 0.122970581054687
-0.152679443359375 -0.201095581054688 0.0071868896484375 0.170303344726562
0.01104736328125 -0.324432373046875 -0.1051025390625 0.108512878417969
0.1201171875 -0.29888916015625 -0.11895751953125 -0.0288314819335938
0.216766357421875 -0.293670654296875 0.0673675537109375 -0.211013793945313
0.219207763671875 -0.190414428710938 -0.04925537109375 -0.219085693359375
0.189743041992188 -0.227859497070313 0.020172119140625 -0.281402587890625
0.052642822265625 -0.31048583984375 0.00392150878906251 -0.252166748046875
-0.0717926025390625 -0.2296142578125 -0.023651123046875 -0.1954345703125
-0.130096435546875 -0.173980712890625 0.003265380859375 -0.118438720703125
-0.173004150390625 -0.0811767578125 0.0341453552246094 -0.0601234436035156
-0.180770874023437 -0.0123138427734375 0.0709228515625 -0.0548477172851562
-0.188247680664063 -0.0225372314453125 0.10498046875 -0.0447616577148438
-0.1939697265625 -0.00782775878906247 0.155441284179688 -0.0062408447265625
-0.156997680664063 -0.0710296630859375 0.187469482421875 0.0833740234375
-0.141510009765625 -0.136978149414063 0.135955810546875 0.145675659179688
-0.101882934570312 -0.1907958984375 0.023895263671875 0.166305541992188
0.057769775390625 -0.286346435546875 -0.0758590698242188 0.086273193359375
0.167129516601563 -0.245452880859375 -0.0739974975585938 -0.0798416137695313
0.244003295898438 -0.201324462890625 0.145767211914063 -0.270309448242188
0.179397583007812 -0.06817626953125 0.00100708007812499 -0.25823974609375
0.156402587890625 -0.128585815429688 0.032379150390625 -0.302459716796875
0.0532073974609375 -0.191207885742187 0.0242156982421875 -0.227310180664063
-0.035308837890625 -0.134834289550781 0.0170135498046875 -0.1768798828125
-0.06524658203125 -0.107147216796875 0.045166015625 -0.105270385742188
-0.101806640625 -0.059814453125 0.0866622924804687 -0.0658035278320313
-0.114120483398438 -0.018646240234375 0.127296447753906 -0.0725936889648438
-0.125877380371094 -0.0236587524414063 0.157272338867188 -0.0497894287109375
-0.13775634765625 -0.0160751342773438 0.2135009765625 0.00140380859375
-0.107261657714844 -0.05584716796875 0.228485107421875 0.1103515625
-0.0970458984375 -0.1036376953125 0.153213500976563 0.169082641601563
-0.0655975341796875 -0.14569091796875 0.044219970703125 0.166778564453125
0.069427490234375 -0.216796875 -0.0352706909179688 0.078826904296875
0.173583984375 -0.167388916015625 -0.0105133056640625 -0.1007080078125
0.226531982421875 -0.088043212890625 0.227874755859375 -0.289459228515625
-0.15423583984375 -0.021575927734375 -0.247955322265625 0.309326171875
-0.094879150390625 0.0927581787109375 -0.0478591918945313 0.114990234375
-0.00978851318359376 0.125160217285156 -0.00432586669921875 -0.0966339111328125
0.0660781860351563 0.0789871215820313 -0.0767822265625 -0.18798828125
0.0626182556152344 0.0378990173339844 -0.163131713867188 -0.198715209960937
0.0518417358398438 0.0141448974609375 -0.274810791015625 -0.128082275390625
0.0436477661132813 0.0204734802246094 -0.276031494140625 0.018707275390625
0.0424880981445313 0.0339584350585938 -0.209564208984375 0.0652923583984375
0.0362625122070312 0.0412216186523437 -0.153717041015625 0.094085693359375
-0.0028839111328125 0.04107666015625 -0.124603271484375 0.0974349975585938
-0.0195121765136719 0.0384063720703125 -0.0623931884765625 0.129463195800781
-0.0276336669921875 0.0491104125976562 -0.044952392578125 0.18109130859375
-0.074920654296875 0.0420074462890625 -0.07611083984375 0.22491455078125
-0.118125915527344 0.00537872314453127 -0.031982421875 0.302520751953125
-0.15557861328125 -0.0636138916015625 -0.0332794189453125 0.273590087890625
-0.0646514892578125 -0.141952514648438 -0.28363037109375 0.26678466796875
-0.0287189483642578 -0.0103759765625 -0.0792160034179687 0.0803451538085938
0.0177040100097656 0.00530815124511719 -0.03472900390625 -0.129219055175781
0.0541839599609375 -0.0143661499023438 -0.104995727539062 -0.2015380859375
0.0223617553710937 -0.0443115234375 -0.171142578125 -0.205184936523438
-0.0167522430419922 -0.0315818786621094 -0.277145385742188 -0.128829956054688
-0.039764404296875 0.0130882263183594 -0.279052734375 0.0138702392578124
-0.0489387512207031 0.0319366455078125 -0.207839965820313 0.055328369140625
-0.0562057495117188 0.0576171875 -0.149566650390625 0.0884857177734375
-0.0922393798828125 0.0349349975585938 -0.107505798339844 0.09625244140625
-0.116020202636719 -0.00306701660156249 -0.0472259521484375 0.130088806152344
-0.113975524902344 -0.03125 -0.04998779296875 0.189071655273437
-0.0938262939453125 -0.099212646484375 -0.096527099609375 0.205856323242187
-0.0937347412109375 -0.125709533691406 -0.0576171875 0.260345458984375
-0.089996337890625 -0.202651977539063 -0.049896240234375 0.215576171875
0.0357818603515625 -0.245742797851562 -0.283721923828125 0.1932373046875
0.0505142211914062 -0.122688293457031 -0.0796051025390625 0.0208740234375
0.0401077270507813 -0.133407592773438 -0.047332763671875 -0.175460815429688
0.026763916015625 -0.117729187011719 -0.125167846679688 -0.22119140625
-0.0317611694335937 -0.126945495605469 -0.172210693359375 -0.202560424804687
-0.091064453125 -0.0736846923828125 -0.257247924804688 -0.115158081054688
-0.120925903320313 0.00528717041015624 -0.247726440429688 0.00883483886718747
-0.133209228515625 0.026275634765625 -0.17486572265625 0.0367279052734375
-0.13922119140625 0.06817626953125 -0.117042541503906 0.0668258666992188
-0.163604736328125 0.0265655517578125 -0.0629501342773438 0.0832901000976563
-0.191879272460938 -0.03472900390625 -0.0104141235351563 0.124298095703125
-0.184326171875 -0.090606689453125 -0.0374908447265625 0.19512939453125
-0.1109619140625 -0.212478637695313 -0.110137939453125 0.190322875976563
-0.066436767578125 -0.231719970703125 -0.0897216796875 0.20098876953125
-0.01788330078125 -0.3095703125 -0.0520172119140625 0.119415283203125
0.12786865234375 -0.315521240234375 -0.246917724609375 0.0921478271484375
0.123367309570313 -0.2266845703125 -0.0575408935546875 -0.0583381652832031
0.0496673583984375 -0.270370483398438 -0.0441131591796875 -0.222396850585938
-0.0198822021484375 -0.216842651367188 -0.12835693359375 -0.235733032226563
-0.097259521484375 -0.192520141601563 -0.156723022460938 -0.1912841796875
-0.161941528320313 -0.0999298095703125 -0.209091186523438 -0.0941009521484375
-0.186752319335937 0.00111389160156247 -0.1849365234375 0.00231933593750003
-0.19903564453125 0.0186920166015625 -0.117408752441406 0.0126800537109375
-0.20025634765625 0.0655059814453125 -0.0618553161621094 0.0373191833496094
-0.2073974609375 0.00823974609375003 -0.000568389892578132 0.065887451171875
-0.233489990234375 -0.06634521484375 0.034820556640625 0.116264343261719
-0.219467163085938 -0.137313842773437 -0.0173492431640625 0.194168090820313
-0.106597900390625 -0.291839599609375 -0.116683959960938 0.174041748046875
-0.024322509765625 -0.302947998046875 -0.119705200195312 0.130256652832031
0.06097412109375 -0.369110107421875 -0.0376167297363281 0.0020484924316406
0.19366455078125 -0.337371826171875 -0.186233520507813 -0.0236358642578125
0.17486572265625 -0.294036865234375 -0.0275115966796875 -0.148330688476563
0.046478271484375 -0.36566162109375 -0.034088134765625 -0.256500244140625
-0.067413330078125 -0.281158447265625 -0.110794067382813 -0.236785888671875
-0.15240478515625 -0.226425170898438 -0.117385864257813 -0.171173095703125
-0.210433959960937 -0.106414794921875 -0.133560180664063 -0.0757675170898438
-0.22406005859375 0.000930786132812478 -0.0999755859375 -0.0130844116210938
-0.233795166015625 0.00898742675781253 -0.0434303283691406 -0.0130233764648437
-0.23284912109375 0.0502471923828125 0.00929355621337889 0.00919342041015625
-0.220443725585938 -0.0222930908203125 0.0705032348632812 0.053619384765625
-0.235641479492187 -0.10260009765625 0.08038330078125 0.113380432128906
-0.211532592773437 -0.176406860351563 0.00180053710937499 0.187759399414063
-0.0682373046875 -0.334930419921875 -0.115692138671875 0.15045166015625
0.037841796875 -0.3321533203125 -0.136154174804688 0.05426025390625
0.141143798828125 -0.37078857421875 -0.00266265869140623 -0.116645812988281
0.2213134765625 -0.30133056640625 -0.117095947265625 -0.137222290039063
0.1934814453125 -0.303863525390625 -0.003173828125 -0.23321533203125
0.039276123046875 -0.386444091796875 -0.021209716796875 -0.268539428710938
-0.0953369140625 -0.286956787109375 -0.0762939453125 -0.22216796875
-0.17340087890625 -0.217147827148438 -0.0605010986328125 -0.145095825195313
-0.2200927734375 -0.0939025878906251 -0.0449676513671875 -0.0651702880859375
-0.22406005859375 0.000427246093749966 -0.00789642333984377 -0.036376953125
-0.232208251953125 -0.00180053710937495 0.0356559753417969 -0.0351448059082031
-0.232315063476562 0.02606201171875 0.0873794555664062 -0.0098419189453125
-0.20538330078125 -0.0519866943359375 0.140823364257813 0.0561981201171875
-0.203933715820313 -0.130447387695313 0.121536254882813 0.123275756835938
-0.16937255859375 -0.199676513671875 0.0192108154296875 0.180999755859375
-0.01031494140625 -0.338348388671875 -0.103103637695312 0.122726440429688
0.10650634765625 -0.317901611328125 -0.1248779296875 -0.018157958984375
0.205657958984375 -0.319915771484375 0.0557861328125 -0.217926025390625
0.213790893554688 -0.211517333984375 -0.055328369140625 -0.223800659179688
0.18115234375 -0.249374389648438 0.0106201171875 -0.293212890625
0.032958984375 -0.3250732421875 -0.00659179687499999 -0.259307861328125
-0.0884552001953125 -0.231185913085938 -0.033203125 -0.200103759765625
-0.146804809570313 -0.169769287109375 -0.00101470947265625 -0.123085021972656
-0.18304443359375 -0.0732421875 0.0359611511230469 -0.0664100646972656
-0.18499755859375 -0.00146484375000004 0.0727081298828125 -0.0621261596679687
-0.1956787109375 -0.00904846191406251 0.106864929199219 -0.05230712890625
-0.20001220703125 0.00538635253906246 0.161666870117187 -0.016143798828125
-0.165557861328125 -0.0646820068359375 0.201126098632813 0.075408935546875
-0.154251098632812 -0.132965087890625 0.151260375976563 0.145294189453125
-0.115859985351563 -0.1900634765625 0.035888671875 0.175750732421875
0.040069580078125 -0.299560546875 -0.0747528076171875 0.0979766845703125
0.156784057617188 -0.263763427734375 -0.0819091796875 -0.0744705200195313
0.238479614257813 -0.226547241210938 0.13348388671875 -0.2843017578125
0.177932739257813 -0.0814056396484375 -0.00831604003906251 -0.269332885742188
0.150604248046875 -0.1436767578125 0.019927978515625 -0.315155029296875
0.0406951904296875 -0.199462890625 0.0160980224609375 -0.235916137695313
-0.0446701049804688 -0.134666442871094 0.00924682617187501 -0.184906005859375
-0.0745086669921875 -0.104522705078125 0.0421371459960937 -0.112403869628906
-0.107589721679688 -0.0540008544921875 0.089202880859375 -0.0755157470703125
-0.116226196289063 -0.011199951171875 0.128410339355469 -0.0844268798828125
-0.129791259765625 -0.0146636962890625 0.160018920898438 -0.0605926513671875
-0.140701293945313 -0.007080078125 0.221023559570313 -0.0117950439453125
-0.112205505371094 -0.0513992309570312 0.244705200195313 0.100051879882813
-0.10455322265625 -0.0993804931640625 0.16973876953125 0.16888427734375
-0.074737548828125 -0.143630981445312 0.0558013916015625 0.173583984375
0.055084228515625 -0.226181030273437 -0.0337448120117188 0.086456298828125
0.165435791015625 -0.183441162109375 -0.0189132690429687 -0.099334716796875
0.224639892578125 -0.107345581054688 0.2154541015625 -0.309326171875
-0.154449462890625 -0.00666809082031251 -0.227325439453125 0.339202880859375
-0.0867691040039063 0.10162353515625 -0.0382308959960938 0.122604370117188
0.00142669677734376 0.126365661621094 -0.00937652587890625 -0.101608276367188
0.0731201171875 0.0701065063476563 -0.092681884765625 -0.19122314453125
0.0656471252441406 0.030914306640625 -0.1851806640625 -0.19635009765625
0.0514984130859375 0.0104446411132813 -0.297607421875 -0.1109619140625
0.0444488525390625 0.0176124572753906 -0.2835693359375 0.0428161621093751
0.0448036193847656 0.0307998657226563 -0.210845947265625 0.0866851806640624
0.0388755798339844 0.0383834838867188 -0.150970458984375 0.112518310546875
-0.00231170654296875 0.0420417785644531 -0.122581481933594 0.11419677734375
-0.0187034606933594 0.0394821166992188 -0.0550308227539062 0.140419006347656
-0.0239028930664063 0.0499839782714844 -0.032470703125 0.193038940429688
-0.0710906982421875 0.0471267700195312 -0.062591552734375 0.24163818359375
-0.118354797363281 0.0146560668945313 -0.010528564453125 0.316741943359375
-0.162429809570313 -0.04925537109375 -0.01544189453125 0.2904052734375
-0.071563720703125 -0.139640808105469 -0.2672119140625 0.298797607421875
-0.0258960723876953 -0.0115203857421875 -0.0716629028320312 0.0892257690429688
0.0198040008544922 -0.0005645751953125 -0.0436782836914063 -0.131706237792969
0.0540924072265625 -0.0255699157714844 -0.121978759765625 -0.201065063476562
0.0166282653808594 -0.0511054992675781 -0.193130493164063 -0.201873779296875
-0.0238780975341797 -0.0318641662597656 -0.29815673828125 -0.112152099609375
-0.0429573059082031 0.0164947509765625 -0.2852783203125 0.0381469726562499
-0.0503578186035156 0.0365447998046875 -0.2088623046875 0.0766448974609374
-0.0556716918945313 0.0640716552734375 -0.145950317382813 0.107162475585938
-0.0954055786132812 0.0427932739257813 -0.104751586914062 0.111885070800781
-0.122505187988281 0.00454711914062501 -0.0389785766601563 0.140388488769531
-0.120651245117188 -0.0260772705078125 -0.035400390625 0.203475952148438
-0.103584289550781 -0.097686767578125 -0.0855560302734375 0.225570678710938
-0.103500366210938 -0.123886108398437 -0.0391693115234375 0.277099609375
-0.107070922851562 -0.200485229492188 -0.0363922119140625 0.232986450195313
0.023040771484375 -0.2568359375 -0.27056884765625 0.223861694335938
0.046539306640625 -0.134773254394531 -0.0747604370117188 0.0281906127929687
0.0321807861328125 -0.145980834960938 -0.05963134765625 -0.177932739257813
0.0169754028320313 -0.130828857421875 -0.144393920898437 -0.218841552734375
-0.045257568359375 -0.131660461425781 -0.194091796875 -0.199066162109375
-0.103813171386719 -0.0704116821289062 -0.274978637695313 -0.0999908447265626
-0.127395629882813 0.0143966674804687 -0.252761840820313 0.0309906005859375
-0.138801574707031 0.0393142700195312 -0.176864624023437 0.0550079345703125
-0.1405029296875 0.0816192626953125 -0.113632202148438 0.0824508666992188
-0.16961669921875 0.0395050048828125 -0.0577392578125 0.0947799682617188
-0.20361328125 -0.021270751953125 -0.00070953369140627 0.132652282714844
-0.199050903320313 -0.080596923828125 -0.020843505859375 0.209442138671875
-0.132766723632813 -0.213394165039062 -0.099945068359375 0.211715698242188
-0.084686279296875 -0.236846923828125 -0.075927734375 0.219406127929687
-0.04150390625 -0.319671630859375 -0.0449676513671875 0.133773803710937
0.110595703125 -0.3372802734375 -0.23895263671875 0.1160888671875
0.113006591796875 -0.249053955078125 -0.0573043823242187 -0.0547752380371094
0.02880859375 -0.287841796875 -0.0595245361328125 -0.224578857421875
-0.038818359375 -0.227523803710937 -0.148269653320313 -0.232833862304688
-0.119094848632813 -0.1932373046875 -0.176132202148438 -0.187698364257812
-0.178985595703125 -0.09234619140625 -0.222381591796875 -0.082122802734375
-0.195465087890625 0.0162200927734375 -0.187423706054688 0.01788330078125
-0.206512451171875 0.0376129150390625 -0.118858337402344 0.0249710083007813
-0.203872680664062 0.0852813720703125 -0.0593452453613281 0.046661376953125
-0.216278076171875 0.02496337890625 0.00642395019531248 0.0699996948242188
-0.24920654296875 -0.0504150390625 0.0462646484375 0.120460510253906
-0.239181518554687 -0.125869750976563 0.000534057617187502 0.207473754882812
-0.1356201171875 -0.295684814453125 -0.107894897460938 0.195037841796875
-0.0478515625 -0.312774658203125 -0.112106323242188 0.149002075195312
0.033416748046875 -0.388336181640625 -0.0398025512695313 0.0112266540527344
0.17510986328125 -0.367034912109375 -0.185165405273438 -0.00993347167968752
0.158294677734375 -0.322723388671875 -0.033477783203125 -0.151565551757813
0.0166015625 -0.3848876953125 -0.05078125 -0.258834838867188
-0.092620849609375 -0.28790283203125 -0.129730224609375 -0.234848022460938
-0.178619384765625 -0.22216796875 -0.133346557617188 -0.168533325195313
-0.228790283203125 -0.094390869140625 -0.14190673828125 -0.0693511962890625
-0.233367919921875 0.0189361572265625 -0.100509643554688 -0.00617218017578124
-0.241546630859375 0.0303802490234376 -0.0438728332519531 -0.00769805908203125
-0.237167358398437 0.072509765625 0.0117912292480469 0.0109481811523438
-0.233062744140625 -0.00558471679687498 0.0785598754882812 0.051055908203125
-0.253250122070312 -0.0872039794921875 0.0945816040039062 0.113311767578125
-0.234603881835938 -0.165313720703125 0.0206146240234375 0.199615478515625
-0.101318359375 -0.342803955078125 -0.107940673828125 0.170364379882812
0.013397216796875 -0.34832763671875 -0.13580322265625 0.0721282958984375
0.114593505859375 -0.39862060546875 -0.0134811401367188 -0.115310668945313
0.204803466796875 -0.3316650390625 -0.123092651367187 -0.13299560546875
0.173583984375 -0.33416748046875 -0.01617431640625 -0.2412109375
0.00515747070312497 -0.404754638671875 -0.039031982421875 -0.273635864257813
-0.121826171875 -0.2896728515625 -0.0936431884765625 -0.2215576171875
-0.19970703125 -0.21026611328125 -0.07232666015625 -0.146453857421875
-0.236541748046875 -0.0798492431640625 -0.0484542846679688 -0.0662002563476562
-0.231307983398438 0.0191802978515625 -0.00779342651367189 -0.0378265380859375
-0.240798950195313 0.0199127197265625 0.0354843139648437 -0.0380363464355469
-0.237762451171875 0.0478363037109375 0.0907058715820312 -0.016021728515625
-0.218002319335938 -0.0372772216796875 0.152389526367188 0.0469207763671875
-0.222366333007813 -0.118606567382813 0.138023376464844 0.120193481445312
-0.191864013671875 -0.192398071289063 0.037384033203125 0.190536499023438
-0.042327880859375 -0.350738525390625 -0.0974960327148438 0.140281677246094
0.0828857421875 -0.33917236328125 -0.13043212890625 -0.00426483154296876
0.183135986328125 -0.351593017578125 0.0385894775390625 -0.225372314453125
0.201873779296875 -0.238967895507812 -0.0678863525390625 -0.229522705078125
0.164031982421875 -0.275711059570313 -0.00671386718749998 -0.30474853515625
0.00329589843749999 -0.3387451171875 -0.0225982666015625 -0.26654052734375
-0.110122680664063 -0.230438232421875 -0.047821044921875 -0.20361328125
-0.166290283203125 -0.162017822265625 -0.009613037109375 -0.128036499023438
-0.195343017578125 -0.0592498779296875 0.035125732421875 -0.0745086669921875
-0.189926147460938 0.0135498046875 0.0724334716796875 -0.0723648071289062
-0.20166015625 0.00883483886718747 0.106781005859375 -0.0621109008789063
-0.204437255859375 0.02252197265625 0.16632080078125 -0.0295257568359375
-0.176223754882813 -0.054473876953125 0.216644287109375 0.0599822998046875
-0.169158935546875 -0.124435424804688 0.170700073242188 0.139999389648438
-0.1346435546875 -0.1859130859375 0.0537261962890625 0.183181762695313
0.013397216796875 -0.31219482421875 -0.0708541870117188 0.111595153808594
0.1376953125 -0.28656005859375 -0.0915756225585938 -0.0659637451171875
0.22412109375 -0.256149291992188 0.1119384765625 -0.3013916015625
0.174911499023437 -0.100128173828125 -0.024688720703125 -0.281463623046875
0.13983154296875 -0.162307739257813 -0.000518798828125015 -0.330169677734375
0.02093505859375 -0.208877563476563 0.00149536132812499 -0.246063232421875
-0.057769775390625 -0.13336181640625 -0.00389099121093751 -0.192794799804688
-0.0867538452148438 -0.0992965698242188 0.0355224609375 -0.120857238769531
-0.115264892578125 -0.0458984375 0.0889205932617187 -0.08831787109375
-0.118202209472656 -0.00141143798828127 0.12750244140625 -0.100486755371094
-0.133552551269531 -0.00270843505859377 0.160003662109375 -0.0760345458984375
-0.143112182617187 0.00572204589843749 0.228042602539063 -0.030975341796875
-0.118247985839844 -0.044219970703125 0.263442993164063 0.0821685791015625
-0.113677978515625 -0.0936431884765625 0.19158935546875 0.1639404296875
-0.0876007080078125 -0.140007019042969 0.0724945068359375 0.179168701171875
0.035614013671875 -0.235824584960937 -0.0294036865234375 0.09600830078125
0.151748657226563 -0.202102661132813 -0.0293502807617187 -0.0976028442382813
0.21929931640625 -0.131240844726562 0.19482421875 -0.334075927734375
-0.150131225585938 0.00927734375000002 -0.193023681640625 0.36529541015625
-0.07464599609375 0.109619140625 -0.0239791870117188 0.127479553222656
0.0147705078125 0.124542236328125 -0.017974853515625 -0.105018615722656
0.0783843994140625 0.0583114624023438 -0.11181640625 -0.186996459960938
0.066741943359375 0.0217742919921875 -0.20880126953125 -0.184677124023437
0.0504493713378906 0.00647354125976563 -0.3150634765625 -0.08404541015625
0.0442466735839844 0.013580322265625 -0.283172607421875 0.0731811523437499
0.0458106994628906 0.0252227783203125 -0.203628540039062 0.11016845703125
0.0409088134765625 0.0340499877929688 -0.1417236328125 0.131912231445312
-0.000839233398437502 0.0422134399414063 -0.114280700683594 0.132225036621094
-0.0171051025390625 0.0407752990722656 -0.0433807373046875 0.150527954101563
-0.0192298889160156 0.0498809814453125 -0.0140380859375 0.201019287109375
-0.0647354125976563 0.0522727966308594 -0.0408477783203125 0.253997802734375
-0.115188598632813 0.025177001953125 0.019378662109375 0.32415771484375
-0.16497802734375 -0.03057861328125 0.0107421875 0.30047607421875
-0.0794754028320313 -0.134819030761719 -0.234588623046875 0.328948974609375
-0.0231647491455078 -0.0120906829833984 -0.0598602294921875 0.0969009399414063
0.0205345153808594 -0.00697898864746094 -0.0542373657226563 -0.130706787109375
0.049560546875 -0.0375213623046875 -0.141067504882812 -0.194183349609375
0.00831985473632813 -0.0567207336425781 -0.216323852539062 -0.188491821289062
-0.0307846069335938 -0.0305366516113281 -0.31622314453125 -0.084747314453125
-0.0451698303222656 0.0212135314941406 -0.28424072265625 0.068328857421875
-0.0498619079589844 0.0426712036132813 -0.202362060546875 0.100555419921875
-0.0524406433105469 0.0701942443847656 -0.136001586914063 0.126174926757812
-0.0948486328125 0.052490234375 -0.0944290161132812 0.128311157226563
-0.126289367675781 0.0155410766601562 -0.026153564453125 0.148910522460938
-0.125236511230469 -0.0174789428710937 -0.0146484375 0.212783813476563
-0.113761901855469 -0.0917739868164062 -0.0654449462890625 0.24188232421875
-0.114341735839844 -0.116226196289062 -0.01220703125 0.28741455078125
-0.124771118164063 -0.191085815429687 -0.014373779296875 0.245361328125
0.00396728515625001 -0.263168334960938 -0.243408203125 0.252731323242187
0.037841796875 -0.144454956054688 -0.0681228637695313 0.0354385375976563
0.0175628662109375 -0.155899047851563 -0.0738372802734375 -0.173873901367188
0.00235748291015624 -0.13897705078125 -0.164566040039063 -0.208572387695312
-0.0629730224609375 -0.131362915039063 -0.216323852539063 -0.185256958007813
-0.115852355957031 -0.0625 -0.289703369140625 -0.0750732421875
-0.130508422851563 0.0271072387695313 -0.25030517578125 0.0569000244140625
-0.139312744140625 0.0550765991210937 -0.170791625976563 0.0750732421875
-0.136253356933594 0.0975875854492187 -0.105018615722656 0.0978851318359375
-0.1708984375 0.057037353515625 -0.04827880859375 0.105461120605469
-0.211624145507813 -0.0021514892578125 0.0128707885742187 0.137794494628906
-0.211044311523438 -0.0638580322265625 0.00259399414062499 0.218215942382813
-0.157196044921875 -0.206451416015625 -0.0809783935546875 0.230621337890625
-0.106719970703125 -0.233718872070313 -0.0543060302734375 0.234298706054687
-0.072479248046875 -0.320068359375 -0.0330352783203125 0.1453857421875
0.083099365234375 -0.3553466796875 -0.221343994140625 0.140167236328125
0.0921783447265625 -0.267532348632813 -0.0572891235351563 -0.0506477355957031
-0.000854492187499975 -0.298858642578125 -0.07781982421875 -0.220687866210938
-0.062774658203125 -0.230499267578125 -0.169479370117188 -0.221710205078125
-0.142898559570312 -0.18701171875 -0.19677734375 -0.174285888671875
-0.19378662109375 -0.07708740234375 -0.232742309570312 -0.0633392333984375
-0.199111938476563 0.0349884033203125 -0.185043334960937 0.035614013671875
-0.207183837890625 0.060638427734375 -0.114814758300781 0.0390396118164063
-0.199203491210938 0.107696533203125 -0.0528450012207031 0.0566673278808594
-0.219650268554687 0.046600341796875 0.0141754150390625 0.072784423828125
-0.260574340820313 -0.0264739990234376 0.0603790283203125 0.120323181152344
-0.257034301757812 -0.104705810546875 0.02459716796875 0.214630126953125
-0.170166015625 -0.288848876953125 -0.0897979736328125 0.214859008789063
-0.078277587890625 -0.315185546875 -0.0980987548828125 0.167022705078125
-0.00506591796875003 -0.399261474609375 -0.0394363403320313 0.0205421447753906
0.142578125 -0.392181396484375 -0.178848266601563 0.00679016113281245
0.12750244140625 -0.348114013671875 -0.0425567626953125 -0.150543212890625
-0.023956298828125 -0.39520263671875 -0.0725250244140625 -0.25640869140625
-0.1234130859375 -0.2847900390625 -0.151260375976562 -0.224044799804688
-0.206024169921875 -0.20880126953125 -0.150848388671875 -0.158798217773438
-0.243515014648438 -0.0742492675781251 -0.148208618164063 -0.05841064453125
-0.235855102539063 0.0417633056640625 -0.098876953125 0.00229644775390627
-0.243331909179687 0.0575714111328125 -0.0428237915039063 -0.00224304199218749
-0.233627319335937 0.0988006591796875 0.0152339935302734 0.0117254257202148
-0.23846435546875 0.0175018310546875 0.0863571166992187 0.044891357421875
-0.268035888671875 -0.0636749267578124 0.109611511230469 0.108085632324219
-0.254928588867187 -0.145858764648438 0.045013427734375 0.204498291015625
-0.140869140625 -0.34002685546875 -0.0930633544921875 0.18994140625
-0.0216064453125 -0.35723876953125 -0.129379272460938 0.09075927734375
0.07452392578125 -0.418365478515625 -0.025604248046875 -0.110458374023438
0.173919677734375 -0.360137939453125 -0.129135131835937 -0.124931335449219
0.141204833984375 -0.360321044921875 -0.03387451171875 -0.244049072265625
-0.03839111328125 -0.41229248046875 -0.0615234375 -0.272048950195313
-0.152679443359375 -0.281707763671875 -0.1134033203125 -0.2149658203125
-0.225479125976562 -0.191848754882813 -0.086151123046875 -0.14190673828125
-0.248764038085938 -0.0576171875 -0.052642822265625 -0.0654754638671875
-0.2332763671875 0.042510986328125 -0.00919723510742189 -0.0401611328125
-0.241622924804688 0.046966552734375 0.0336036682128906 -0.0414962768554688
-0.235610961914063 0.0738372802734375 0.092254638671875 -0.0237350463867188
-0.225753784179688 -0.0169219970703125 0.160385131835938 0.0322265625
-0.238265991210937 -0.0984039306640625 0.154190063476562 0.110458374023438
-0.2137451171875 -0.175994873046875 0.06060791015625 0.193511962890625
-0.081298828125 -0.351776123046875 -0.0850067138671875 0.157806396484375
0.049530029296875 -0.354400634765625 -0.132354736328125 0.012664794921875
0.147705078125 -0.37738037109375 0.0150146484375 -0.227371215820313
0.177993774414063 -0.2645263671875 -0.0845794677734375 -0.22943115234375
0.134552001953125 -0.298614501953125 -0.0328369140625 -0.310577392578125
-0.034332275390625 -0.343048095703125 -0.04541015625 -0.26751708984375
-0.134674072265625 -0.22149658203125 -0.0661163330078125 -0.201385498046875
-0.1868896484375 -0.146499633789063 -0.02099609375 -0.1298828125
-0.20404052734375 -0.0399627685546875 0.0309295654296875 -0.0819854736328125
-0.190505981445313 0.0323944091796875 0.0679473876953125 -0.0834121704101563
-0.202468872070313 0.031219482421875 0.10302734375 -0.0731430053710938
-0.203353881835937 0.0444793701171875 0.166473388671875 -0.0454559326171875
-0.184295654296875 -0.038726806640625 0.227188110351563 0.0382843017578125
-0.183609008789063 -0.1099853515625 0.189453125 0.127655029296875
-0.154022216796875 -0.17425537109375 0.075408935546875 0.184844970703125
-0.020904541015625 -0.317413330078125 -0.0616073608398438 0.124610900878906
0.108734130859375 -0.304656982421875 -0.0997772216796875 -0.0535736083984375
0.197967529296875 -0.284759521484375 0.08209228515625 -0.31207275390625
0.163528442382812 -0.12042236328125 -0.047760009765625 -0.2861328125
0.121688842773437 -0.179519653320312 -0.030487060546875 -0.337249755859375
-0.0036163330078125 -0.21234130859375 -0.0200042724609375 -0.250289916992188
-0.0718307495117188 -0.127578735351562 -0.02166748046875 -0.1961669921875
-0.0985107421875 -0.0895309448242187 0.024932861328125 -0.126167297363281
-0.120407104492188 -0.0329971313476563 0.0839996337890625 -0.101799011230469
-0.1182861328125 0.00907135009765626 0.119102478027344 -0.118019104003906
-0.133270263671875 0.011566162109375 0.154495239257813 -0.09283447265625
-0.141571044921875 0.0211181640625 0.227615356445313 -0.0545501708984375
-0.123184204101563 -0.033477783203125 0.275405883789063 0.05499267578125
-0.122451782226562 -0.0831680297851563 0.212738037109375 0.149810791015625
-0.100540161132812 -0.131874084472656 0.093231201171875 0.178375244140625
0.00988769531250001 -0.240020751953125 -0.022430419921875 0.104026794433594
0.129989624023438 -0.218948364257813 -0.0417404174804687 -0.0925064086914063
0.204421997070313 -0.156875610351563 0.161529541015625 -0.354888916015625
-0.140975952148438 0.0234222412109375 -0.15130615234375 0.37640380859375
-0.0599365234375 0.113128662109375 -0.00901031494140626 0.126960754394531
0.026947021484375 0.118415832519531 -0.02581787109375 -0.104011535644531
0.0796585083007813 0.0460968017578125 -0.126693725585938 -0.17755126953125
0.0653915405273438 0.0135688781738281 -0.2249755859375 -0.16558837890625
0.047821044921875 0.00280380249023438 -0.321990966796875 -0.0529785156250001
0.0429458618164063 0.0100936889648438 -0.271697998046875 0.100296020507812
0.0453529357910156 0.0203628540039063 -0.189376831054687 0.129913330078125
0.0405845642089844 0.0292854309082031 -0.126632690429688 0.1458740234375
0.00126266479492188 0.0418968200683594 -0.100738525390625 0.145614624023437
-0.0154380798339844 0.0405693054199219 -0.02923583984375 0.155044555664063
-0.01519775390625 0.0479240417480469 0.00492858886718751 0.200973510742188
-0.0570068359375 0.0549659729003906 -0.017608642578125 0.2576904296875
-0.1092529296875 0.0345458984375 0.0491943359375 0.320159912109375
-0.160888671875 -0.01263427734375 0.0382080078125 0.299713134765625
-0.0852203369140625 -0.126800537109375 -0.194091796875 0.344696044921875
-0.0208168029785156 -0.01275634765625 -0.04608154296875 0.100227355957031
0.0202178955078125 -0.0129508972167969 -0.0635452270507812 -0.124984741210938
0.0423774719238281 -0.0456085205078125 -0.155471801757812 -0.180389404296875
-7.62939453124981E-05 -0.0593185424804687 -0.231643676757813 -0.169143676757812
-0.0364875793457031 -0.02734375 -0.3216552734375 -0.054107666015625
-0.0452651977539062 0.0257835388183594 -0.272430419921875 0.094573974609375
-0.0478744506835938 0.0472869873046875 -0.187286376953125 0.120346069335937
-0.0476531982421875 0.0745391845703125 -0.120193481445312 0.139595031738281
-0.0914459228515625 0.060821533203125 -0.081085205078125 0.139823913574219
-0.125930786132813 0.0273666381835938 -0.0116729736328125 0.15216064453125
-0.1263427734375 -0.00745391845703128 0.00720214843749998 0.213882446289063
-0.120880126953125 -0.0821456909179687 -0.042724609375 0.249298095703125
-0.12164306640625 -0.106285095214844 0.015472412109375 0.2882080078125
-0.1380615234375 -0.175689697265625 0.00831604003906248 0.248321533203125
-0.01593017578125 -0.26275634765625 -0.208526611328125 0.269989013671875
0.02630615234375 -0.1510009765625 -0.0584831237792969 0.0401649475097656
0.00187683105468751 -0.159271240234375 -0.0863037109375 -0.165542602539062
-0.013092041015625 -0.141510009765625 -0.178665161132812 -0.191726684570313
-0.07781982421875 -0.126350402832031 -0.230819702148438 -0.164901733398438
-0.124122619628906 -0.0513763427734375 -0.29376220703125 -0.0474853515625001
-0.130111694335938 0.0399551391601563 -0.239334106445313 0.0794830322265625
-0.1337890625 0.069122314453125 -0.15771484375 0.0924072265625
-0.126998901367188 0.11065673828125 -0.0914840698242188 0.109611511230469
-0.165878295898438 0.0727081298828125 -0.0364761352539063 0.111991882324219
-0.211959838867188 0.0189666748046875 0.02642822265625 0.137382507324219
-0.215316772460938 -0.0447845458984375 0.02618408203125 0.218780517578125
-0.176666259765625 -0.190338134765625 -0.0580902099609375 0.24072265625
-0.125823974609375 -0.222808837890625 -0.0302276611328125 0.239471435546875
-0.1011962890625 -0.309478759765625 -0.0185699462890625 0.151931762695312
0.051239013671875 -0.3619384765625 -0.196319580078125 0.15643310546875
0.066253662109375 -0.277435302734375 -0.0553779602050781 -0.0459518432617188
-0.030731201171875 -0.29840087890625 -0.0936737060546875 -0.209854125976563
-0.0854034423828125 -0.224868774414063 -0.184539794921875 -0.2030029296875
-0.162368774414063 -0.171630859375 -0.208724975585938 -0.155364990234375
-0.20196533203125 -0.058441162109375 -0.234817504882813 -0.0414276123046875
-0.196426391601563 0.05426025390625 -0.17657470703125 0.051971435546875
-0.199676513671875 0.082183837890625 -0.106636047363281 0.050689697265625
-0.187271118164062 0.127273559570312 -0.0436439514160156 0.0633049011230469
-0.2144775390625 0.0668182373046875 0.0226211547851562 0.0727081298828125
-0.262680053710938 -0.00102233886718747 0.07275390625 0.11541748046875
-0.264968872070313 -0.08001708984375 0.0492706298828125 0.212539672851563
-0.198272705078125 -0.269485473632813 -0.0677032470703125 0.22637939453125
-0.1070556640625 -0.307037353515625 -0.07879638671875 0.178131103515625
-0.044586181640625 -0.394989013671875 -0.0369796752929688 0.0294723510742187
0.104156494140625 -0.403900146484375 -0.167007446289062 0.0204467773437499
0.09246826171875 -0.3599853515625 -0.050445556640625 -0.146072387695313
-0.063934326171875 -0.3897705078125 -0.091461181640625 -0.245285034179688
-0.14996337890625 -0.270965576171875 -0.16650390625 -0.206207275390625
-0.226425170898438 -0.186370849609375 -0.162307739257812 -0.143600463867188
-0.250320434570313 -0.0499114990234375 -0.150192260742188 -0.0451812744140625
-0.230850219726563 0.0638427734375 -0.0949554443359375 0.00992584228515624
-0.235275268554687 0.0824127197265626 -0.0395469665527344 0.00234222412109375
-0.221878051757813 0.121612548828125 0.0190544128417969 0.0123672485351563
-0.235504150390625 0.0403594970703125 0.0912017822265625 0.03668212890625
-0.273193359375 -0.0369110107421875 0.119888305664063 0.098541259765625
-0.266876220703125 -0.119735717773437 0.0684814453125 0.201141357421875
-0.1746826171875 -0.322113037109375 -0.0728759765625 0.201812744140625
-0.055755615234375 -0.353546142578125 -0.118148803710938 0.106231689453125
0.0311279296875 -0.42193603515625 -0.0363693237304687 -0.100967407226563
0.13568115234375 -0.37481689453125 -0.13134765625 -0.114463806152344
0.1029052734375 -0.371826171875 -0.0518035888671875 -0.239486694335938
-0.082000732421875 -0.40338134765625 -0.08258056640625 -0.262664794921875
-0.178192138671875 -0.263534545898437 -0.128677368164062 -0.20050048828125
-0.242874145507812 -0.166351318359375 -0.0968780517578125 -0.131942749023437
-0.2532958984375 -0.03265380859375 -0.0560836791992188 -0.0620765686035156
-0.227432250976563 0.064178466796875 -0.0106620788574219 -0.0412139892578125
-0.23382568359375 0.0713500976562501 0.0313682556152344 -0.0436592102050781
-0.224411010742188 0.0968627929687501 0.0904922485351562 -0.0309600830078125
-0.225494384765625 0.00463867187499999 0.162841796875 0.0161285400390625
-0.245941162109375 -0.0746612548828125 0.165390014648437 0.0956573486328125
-0.228103637695313 -0.15447998046875 0.08282470703125 0.188751220703125
-0.117279052734375 -0.339019775390625 -0.0687103271484375 0.169464111328125
0.013519287109375 -0.35516357421875 -0.128875732421875 0.0296173095703124
0.106109619140625 -0.388397216796875 -0.00736999511718748 -0.220367431640625
0.148361206054688 -0.28045654296875 -0.0992279052734375 -0.222457885742188
0.100860595703125 -0.309051513671875 -0.057769775390625 -0.305084228515625
-0.070465087890625 -0.334136962890625 -0.0661468505859375 -0.259933471679688
-0.154205322265625 -0.20416259765625 -0.0818328857421875 -0.191909790039063
-0.199676513671875 -0.12432861328125 -0.0313262939453125 -0.126670837402344
-0.206085205078125 -0.0195465087890625 0.0247344970703125 -0.086669921875
-0.18511962890625 0.0496826171875 0.06024169921875 -0.092193603515625
-0.195343017578125 0.051849365234375 0.0956802368164063 -0.0818710327148438
-0.194290161132813 0.06488037109375 0.16143798828125 -0.0605316162109375
-0.185699462890625 -0.0209503173828125 0.22808837890625 0.0152130126953125
-0.19158935546875 -0.0914916992187499 0.202117919921875 0.109359741210937
-0.1669921875 -0.157333374023438 0.0952301025390625 0.178375244140625
-0.053466796875 -0.3094482421875 -0.0493927001953125 0.133110046386719
0.075408935546875 -0.31121826171875 -0.104194641113281 -0.0393295288085938
0.1634521484375 -0.301483154296875 0.04974365234375 -0.310455322265625
0.147262573242188 -0.135574340820313 -0.069183349609375 -0.283172607421875
0.09844970703125 -0.188583374023438 -0.05938720703125 -0.331573486328125
-0.02703857421875 -0.207183837890625 -0.0404052734375 -0.247528076171875
-0.0825119018554688 -0.117240905761719 -0.038604736328125 -0.192047119140625
-0.105964660644531 -0.0765151977539062 0.0138320922851562 -0.127891540527344
-0.121231079101563 -0.0194244384765625 0.0747909545898437 -0.111717224121094
-0.114067077636719 0.0193023681640625 0.106613159179687 -0.130706787109375
-0.12762451171875 0.02545166015625 0.143630981445313 -0.106674194335938
-0.134872436523438 0.0346145629882813 0.21978759765625 -0.0756378173828125
-0.123939514160156 -0.0224761962890625 0.277984619140625 0.0271453857421875
-0.127143859863281 -0.0707015991210937 0.226776123046875 0.129119873046875
-0.109748840332031 -0.119384765625 0.110733032226563 0.170578002929688
-0.0152740478515625 -0.234405517578125 -0.0133438110351563 0.108230590820312
0.104019165039063 -0.227081298828125 -0.0513458251953125 -0.0834732055664063
0.182876586914063 -0.174667358398438 0.122955322265625 -0.360992431640625
-0.129714965820313 0.0318832397460937 -0.11602783203125 0.375274658203125
-0.047515869140625 0.112503051757813 0.00277709960937501 0.1231689453125
0.0357284545898437 0.1102294921875 -0.0316390991210938 -0.102188110351562
0.0774154663085938 0.0362319946289063 -0.135299682617188 -0.166259765625
0.0621337890625 0.0069122314453125 -0.23370361328125 -0.1474609375
0.045562744140625 -8.392333984375E-05 -0.320343017578125 -0.02764892578125
0.0409774780273437 0.00753021240234375 -0.256149291992188 0.118667602539062
0.0438957214355469 0.0164337158203125 -0.172821044921875 0.140960693359375
0.0395660400390625 0.0260238647460938 -0.11163330078125 0.152984619140625
0.001739501953125 0.0413360595703125 -0.0873260498046875 0.153213500976563
-0.0139350891113281 0.0407485961914063 -0.0168304443359375 0.155517578125
-0.0120468139648437 0.0452919006347656 0.0187530517578125 0.196670532226563
-0.0505905151367187 0.054473876953125 0.000747680664062498 0.254058837890625
-0.101806640625 0.0400772094726562 0.070526123046875 0.30963134765625
-0.152542114257813 0.000930786132812506 0.057861328125 0.292877197265625
-0.0868759155273437 -0.11968994140625 -0.159088134765625 0.347137451171875
-0.0185317993164063 -0.0146350860595703 -0.0344085693359375 0.0990447998046875
0.018402099609375 -0.0178184509277344 -0.0685806274414063 -0.118812561035156
0.0346488952636719 -0.0511550903320313 -0.162429809570313 -0.1668701171875
-0.00772857666015625 -0.0590744018554688 -0.239349365234375 -0.150177001953125
-0.0401763916015625 -0.0229377746582031 -0.319091796875 -0.029205322265625
-0.0447807312011719 0.0297927856445313 -0.256500244140625 0.112396240234375
-0.0451202392578125 0.050628662109375 -0.170761108398438 0.1309814453125
-0.0424957275390625 0.07696533203125 -0.104705810546875 0.147018432617188
-0.086395263671875 0.0664825439453125 -0.067291259765625 0.145889282226563
-0.122459411621094 0.0358657836914062 0.000366210937499977 0.151580810546875
-0.124824523925781 -3.81469726562466E-05 0.0237579345703125 0.209747314453125
-0.124221801757813 -0.0736160278320312 -0.022735595703125 0.249893188476562
-0.124603271484375 -0.0970306396484375 0.036285400390625 0.281219482421875
-0.144180297851563 -0.159988403320313 0.02630615234375 0.245330810546875
-0.03106689453125 -0.257537841796875 -0.176513671875 0.274444580078125
0.016204833984375 -0.152755737304688 -0.0495414733886719 0.0418777465820312
-0.010284423828125 -0.159500122070313 -0.0923614501953125 -0.155532836914062
-0.025390625 -0.1405029296875 -0.185226440429688 -0.17523193359375
-0.0883102416992188 -0.118606567382813 -0.236129760742188 -0.14697265625
-0.128173828125 -0.0407028198242187 -0.288818359375 -0.0251159667968749
-0.126182556152344 0.049835205078125 -0.224746704101562 0.0944671630859375
-0.12689208984375 0.0784225463867187 -0.143829345703125 0.101348876953125
-0.116676330566406 0.118598937988281 -0.0778884887695313 0.11529541015625
-0.158584594726563 0.0840911865234375 -0.0259857177734375 0.114921569824219
-0.207321166992188 0.0344696044921875 0.0367202758789062 0.133956909179688
-0.214828491210938 -0.0291290283203125 0.0449371337890625 0.212738037109375
-0.187667846679688 -0.174102783203125 -0.0379180908203125 0.244354248046875
-0.138290405273437 -0.2099609375 -0.01080322265625 0.238204956054688
-0.11968994140625 -0.294036865234375 -0.00671386718750001 0.154067993164062
0.024871826171875 -0.3594970703125 -0.171066284179687 0.163299560546875
0.0448455810546875 -0.27947998046875 -0.0519256591796875 -0.0426025390625
-0.053375244140625 -0.291290283203125 -0.102127075195313 -0.197265625
-0.100738525390625 -0.215774536132812 -0.191314697265625 -0.184188842773438
-0.173492431640625 -0.156600952148437 -0.214370727539063 -0.137130737304688
-0.204177856445313 -0.0418701171875 -0.230148315429688 -0.0246734619140625
-0.189865112304688 0.0686492919921875 -0.165542602539063 0.0616912841796875
-0.189926147460937 0.0960235595703125 -0.0961151123046875 0.0577392578125
-0.173309326171875 0.139419555664063 -0.0340499877929688 0.0667877197265625
-0.206649780273438 0.08123779296875 0.0288848876953125 0.0711898803710937
-0.258087158203125 0.019927978515625 0.0807342529296875 0.109481811523438
-0.2650146484375 -0.0594024658203125 0.06683349609375 0.206375122070312
-0.215438842773438 -0.248672485351563 -0.0475921630859375 0.230911254882812
-0.12615966796875 -0.293426513671875 -0.0626068115234375 0.1826171875
-0.072113037109375 -0.381866455078125 -0.0333480834960938 0.0360679626464844
0.072021484375 -0.404510498046875 -0.152679443359375 0.027313232421875
0.061126708984375 -0.36004638671875 -0.05401611328125 -0.140129089355469
-0.0943603515625 -0.375579833984375 -0.102020263671875 -0.2315673828125
-0.166656494140625 -0.254364013671875 -0.172744750976562 -0.187896728515625
-0.236358642578125 -0.16412353515625 -0.167007446289063 -0.12908935546875
-0.249542236328125 -0.029693603515625 -0.147293090820313 -0.0350341796875
-0.222900390625 0.08087158203125 -0.0896759033203125 0.014495849609375
-0.222991943359375 0.0996246337890625 -0.0355567932128906 0.00639724731445313
-0.205413818359375 0.136184692382813 0.0228443145751953 0.0124378204345703
-0.228240966796875 0.0568695068359375 0.0923995971679687 0.02960205078125
-0.27032470703125 -0.01519775390625 0.126998901367187 0.0888290405273438
-0.270034790039063 -0.0980987548828126 0.08575439453125 0.193374633789063
-0.196868896484375 -0.300445556640625 -0.0545196533203125 0.207717895507812
-0.080352783203125 -0.341796875 -0.105583190917969 0.115699768066406
-0.00296020507812496 -0.41436767578125 -0.0424346923828125 -0.09075927734375
0.1033935546875 -0.37823486328125 -0.129013061523438 -0.107223510742188
0.0697021484375 -0.37237548828125 -0.063232421875 -0.231216430664063
-0.112945556640625 -0.385833740234375 -0.0946502685546875 -0.248916625976563
-0.192718505859375 -0.243301391601562 -0.135787963867187 -0.185699462890625
-0.24969482421875 -0.142791748046875 -0.101661682128906 -0.122184753417969
-0.249908447265625 -0.012176513671875 -0.0565605163574219 -0.0586929321289063
-0.218002319335938 0.0793304443359375 -0.012237548828125 -0.0423812866210937
-0.220947265625 0.0886383056640625 0.0293235778808594 -0.0444984436035156
-0.209884643554688 0.112289428710937 0.0880889892578125 -0.0357284545898438
-0.221267700195313 0.020660400390625 0.160720825195313 0.00360107421875
-0.246231079101563 -0.054779052734375 0.171051025390625 0.0827484130859375
-0.233108520507813 -0.133270263671875 0.0991668701171875 0.180587768554687
-0.142181396484375 -0.32061767578125 -0.0532684326171875 0.17462158203125
-0.0135498046875 -0.34869384765625 -0.122047424316406 0.04241943359375
0.072113037109375 -0.387298583984375 -0.023406982421875 -0.209381103515625
0.121124267578125 -0.285980224609375 -0.106964111328125 -0.214309692382813
0.071441650390625 -0.309478759765625 -0.075653076171875 -0.29486083984375
-0.097076416015625 -0.3179931640625 -0.079803466796875 -0.249053955078125
-0.164505004882813 -0.1865234375 -0.090545654296875 -0.181427001953125
-0.203781127929688 -0.10357666015625 -0.0375442504882813 -0.1207275390625
-0.202163696289063 -0.00286865234374998 0.019989013671875 -0.0897216796875
-0.176559448242187 0.061981201171875 0.052398681640625 -0.0967483520507812
-0.1842041015625 0.0659332275390625 0.0877609252929687 -0.0867538452148438
-0.18231201171875 0.0781707763671875 0.153915405273438 -0.0700531005859375
-0.1826171875 -0.00769042968750004 0.223953247070313 -0.002166748046875
-0.193710327148437 -0.0752716064453125 0.208206176757813 0.0927581787109375
-0.17352294921875 -0.141143798828125 0.109268188476562 0.16949462890625
-0.077392578125 -0.294830322265625 -0.0382766723632813 0.138351440429688
0.048797607421875 -0.308074951171875 -0.103927612304688 -0.0268325805664063
0.13397216796875 -0.30621337890625 0.02471923828125 -0.30126953125
0.130615234375 -0.14404296875 -0.0852203369140625 -0.275283813476563
0.0778961181640625 -0.190765380859375 -0.08001708984375 -0.320587158203125
-0.04443359375 -0.196334838867188 -0.05511474609375 -0.239334106445312
-0.088165283203125 -0.106918334960938 -0.0500335693359375 -0.184738159179688
-0.108840942382813 -0.0643463134765625 0.00614929199218748 -0.126075744628906
-0.118370056152344 -0.00945281982421874 0.0656967163085937 -0.117538452148438
-0.108543395996094 0.0263137817382812 0.093353271484375 -0.137313842773438
-0.120018005371094 0.0346450805664062 0.131767272949219 -0.113471984863281
-0.125984191894531 0.0430450439453125 0.208099365234375 -0.0893096923828125
-0.121368408203125 -0.0136566162109375 0.27239990234375 0.0053253173828125
-0.127616882324219 -0.0599288940429688 0.233108520507812 0.110458374023438
-0.113700866699219 -0.107864379882813 0.122589111328125 0.16082763671875
-0.033233642578125 -0.224197387695313 -0.0057220458984375 0.110466003417969
0.0818328857421875 -0.226882934570313 -0.0565414428710937 -0.0733795166015625
0.161300659179688 -0.183380126953125 0.09124755859375 -0.3553466796875
-0.120361328125 0.0356063842773437 -0.0920410156250001 0.370452880859375
-0.0377120971679687 0.109809875488281 0.0116729736328125 0.119415283203125
0.0411529541015625 0.103111267089844 -0.03472900390625 -0.100868225097656
0.0740890502929688 0.029205322265625 -0.14111328125 -0.159561157226563
0.0592803955078125 0.0029296875 -0.239456176757812 -0.134994506835938
0.0430793762207031 -0.0014190673828125 -0.3177490234375 -0.00976562499999996
0.0391883850097656 0.00650787353515625 -0.244110107421875 0.130172729492187
0.042144775390625 0.0141105651855469 -0.159912109375 0.147018432617188
0.0385894775390625 0.024200439453125 -0.100601196289062 0.157516479492188
0.00226211547851563 0.0413436889648438 -0.07708740234375 0.15826416015625
-0.0129280090332031 0.0404396057128906 -0.00871276855468751 0.155197143554688
-0.0109901428222656 0.0425872802734375 0.0283203125 0.193634033203125
-0.0462684631347656 0.0538063049316406 0.0126495361328125 0.251113891601563
-0.0962295532226563 0.0434417724609375 0.084686279296875 0.30108642578125
-0.145034790039063 0.00950622558593747 0.071014404296875 0.28851318359375
-0.0873565673828125 -0.115341186523438 -0.13311767578125 0.3443603515625
-0.0167961120605469 -0.0170564651489258 -0.0244674682617188 0.0974578857421875
0.0167160034179688 -0.0224876403808594 -0.0713424682617188 -0.114959716796875
0.0282363891601562 -0.0548744201660156 -0.166259765625 -0.157760620117188
-0.0132331848144531 -0.0589523315429688 -0.243942260742188 -0.137847900390625
-0.0430068969726563 -0.0201454162597656 -0.315887451171875 -0.011871337890625
-0.0445518493652344 0.0329971313476562 -0.243865966796875 0.123489379882812
-0.0430259704589844 0.0531272888183594 -0.157211303710938 0.13751220703125
-0.0396194458007812 0.07952880859375 -0.0925140380859375 0.15130615234375
-0.083404541015625 0.0705108642578125 -0.0571746826171875 0.149429321289063
-0.120323181152344 0.0426788330078125 0.00915527343750001 0.151168823242188
-0.123939514160156 0.00412750244140625 0.03515625 0.205596923828125
-0.126602172851563 -0.0675506591796875 -0.00968933105468751 0.249771118164062
-0.125205993652344 -0.0899734497070313 0.05096435546875 0.276107788085938
-0.146255493164063 -0.149734497070313 0.03826904296875 0.243270874023438
-0.0405731201171875 -0.254623413085938 -0.15252685546875 0.2740478515625
0.00932312011718751 -0.15460205078125 -0.0424041748046875 0.0418472290039062
-0.019683837890625 -0.159133911132813 -0.0957183837890625 -0.148757934570313
-0.0350189208984375 -0.139533996582031 -0.187789916992187 -0.163909912109375
-0.0959930419921875 -0.11328125 -0.240020751953125 -0.13360595703125
-0.130447387695313 -0.0325241088867188 -0.28485107421875 -0.01025390625
-0.123802185058594 0.05615234375 -0.2137451171875 0.103546142578125
-0.121696472167969 0.086090087890625 -0.131797790527344 0.107383728027344
-0.109367370605469 0.123527526855469 -0.0667495727539063 0.118522644042969
-0.15283203125 0.0911865234375 -0.01806640625 0.117080688476563
-0.203598022460937 0.04547119140625 0.0448150634765625 0.132431030273438
-0.213577270507812 -0.018890380859375 0.057373046875 0.20843505859375
-0.193618774414062 -0.161895751953125 -0.023040771484375 0.246109008789063
-0.145278930664062 -0.201278686523438 0.00321960449218749 0.236648559570313
-0.13092041015625 -0.282440185546875 0.00187683105468748 0.155242919921875
0.00744628906249999 -0.357269287109375 -0.152359008789063 0.163497924804687
0.0292510986328125 -0.279953002929688 -0.0481948852539063 -0.0406150817871094
-0.06982421875 -0.28515625 -0.106765747070313 -0.18914794921875
-0.112030029296875 -0.20867919921875 -0.193191528320312 -0.172042846679688
-0.181564331054688 -0.14508056640625 -0.21673583984375 -0.125564575195312
-0.205459594726563 -0.029998779296875 -0.225921630859375 -0.0128936767578125
-0.185104370117187 0.0783538818359375 -0.156982421875 0.0676727294921875
-0.181655883789062 0.106842041015625 -0.0883712768554688 0.0612106323242188
-0.162368774414062 0.147842407226563 -0.0267410278320313 0.0683670043945313
-0.199630737304688 0.0913543701171875 0.0335350036621094 0.0700340270996094
-0.25360107421875 0.033966064453125 0.0869369506835938 0.105537414550781
-0.264694213867187 -0.04534912109375 0.080963134765625 0.200164794921875
-0.226943969726562 -0.233367919921875 -0.0327911376953125 0.234664916992187
-0.139678955078125 -0.283599853515625 -0.049407958984375 0.1854248046875
-0.090728759765625 -0.371002197265625 -0.0304641723632813 0.0418930053710937
0.0484619140625 -0.403228759765625 -0.14154052734375 0.029571533203125
0.0396728515625 -0.359405517578125 -0.0546798706054688 -0.136421203613281
-0.115875244140625 -0.364593505859375 -0.108200073242188 -0.22216796875
-0.177352905273437 -0.24285888671875 -0.175338745117188 -0.176422119140625
-0.2430419921875 -0.14776611328125 -0.168624877929688 -0.118942260742188
-0.249160766601563 -0.01507568359375 -0.144134521484375 -0.0284881591796875
-0.216217041015625 0.091949462890625 -0.0852890014648438 0.016204833984375
-0.213363647460937 0.1121826171875 -0.0312290191650391 0.00785064697265626
-0.193603515625 0.145553588867188 0.0264492034912109 0.0118274688720703
-0.222412109375 0.06781005859375 0.09332275390625 0.025665283203125
-0.268203735351563 0.000656127929687453 0.131240844726562 0.0825347900390625
-0.270706176757813 -0.0830078125 0.0989532470703125 0.186737060546875
-0.21209716796875 -0.284271240234375 -0.0408935546875 0.211837768554688
-0.097412109375 -0.333221435546875 -0.0952529907226563 0.122413635253906
-0.024658203125 -0.406890869140625 -0.0459671020507813 -0.0821075439453125
0.079010009765625 -0.378692626953125 -0.1259765625 -0.102821350097656
0.0455322265625 -0.36993408203125 -0.0693206787109375 -0.224899291992188
-0.13446044921875 -0.371368408203125 -0.101608276367188 -0.239089965820313
-0.201553344726562 -0.228790283203125 -0.138870239257812 -0.175048828125
-0.2542724609375 -0.12548828125 -0.103843688964844 -0.115928649902344
-0.247467041015625 0.00149536132812504 -0.0558967590332032 -0.0569992065429688
-0.210906982421875 0.0903167724609375 -0.0132331848144531 -0.0431365966796875
-0.2113037109375 0.10040283203125 0.0287322998046875 -0.0452079772949219
-0.198318481445312 0.121658325195313 0.0872879028320312 -0.0389785766601562
-0.216644287109375 0.031402587890625 0.158523559570313 -0.0048065185546875
-0.246063232421875 -0.040374755859375 0.175018310546875 0.07342529296875
-0.235763549804688 -0.11907958984375 0.111038208007812 0.173294067382813
-0.158355712890625 -0.306182861328125 -0.041900634765625 0.179275512695312
-0.0330810546875 -0.341583251953125 -0.116325378417969 0.0518341064453125
0.0489501953125 -0.383880615234375 -0.033416748046875 -0.199188232421875
0.100189208984375 -0.288421630859375 -0.111953735351562 -0.209381103515625
0.04986572265625 -0.307342529296875 -0.0858154296875 -0.286468505859375
-0.115447998046875 -0.30401611328125 -0.08721923828125 -0.2403564453125
-0.1708984375 -0.17340087890625 -0.0946807861328125 -0.1737060546875
-0.205535888671875 -0.088592529296875 -0.040435791015625 -0.117851257324219
-0.197708129882813 0.00923156738281248 0.0168380737304687 -0.0922012329101563
-0.16998291015625 0.0709228515625 0.0461273193359375 -0.0999069213867188
-0.175338745117188 0.0758056640625 0.0830917358398437 -0.08935546875
-0.172195434570313 0.086029052734375 0.148330688476563 -0.076385498046875
-0.1805419921875 0.00180053710937504 0.21990966796875 -0.013885498046875
-0.19354248046875 -0.0640106201171875 0.21240234375 0.08154296875
-0.176239013671875 -0.130081176757813 0.120437622070312 0.162551879882813
-0.092803955078125 -0.283172607421875 -0.029876708984375 0.141555786132812
0.030029296875 -0.30426025390625 -0.102500915527344 -0.0164337158203125
0.112274169921875 -0.30755615234375 0.008880615234375 -0.292633056640625
0.117218017578125 -0.148895263671875 -0.0942840576171875 -0.270111083984375
0.062896728515625 -0.190032958984375 -0.09320068359375 -0.311767578125
-0.056640625 -0.186965942382812 -0.0637664794921875 -0.233154296875
-0.0913009643554688 -0.098541259765625 -0.0566253662109375 -0.179183959960938
-0.110023498535156 -0.0552291870117188 0.0016632080078125 -0.124847412109375
-0.115463256835937 -0.00144195556640627 0.0603103637695312 -0.122245788574219
-0.104316711425781 0.03106689453125 0.0833587646484375 -0.1419677734375
-0.113876342773437 0.0401992797851563 0.123420715332031 -0.117912292480469
-0.118522644042969 0.0483779907226562 0.199676513671875 -0.098602294921875
-0.119064331054688 -0.00811004638671877 0.267669677734375 -0.009307861328125
-0.127479553222656 -0.0524368286132813 0.237686157226562 0.0972900390625
-0.114295959472656 -0.0996475219726563 0.131179809570313 0.153549194335938
-0.045074462890625 -0.214645385742188 -0.000534057617187512 0.11236572265625
0.06610107421875 -0.22412109375 -0.0596656799316406 -0.0646705627441407
0.145538330078125 -0.187698364257813 0.07073974609375 -0.349365234375
-0.114906311035156 0.038330078125 -0.073760986328125 0.37060546875
-0.0311431884765625 0.108657836914062 0.0191116333007812 0.117042541503906
0.0455322265625 0.097747802734375 -0.0382614135742187 -0.101692199707031
0.0719985961914063 0.0236968994140625 -0.14776611328125 -0.155914306640625
0.0573158264160156 -0.00116348266601563 -0.248046875 -0.125656127929688
0.0420494079589844 -0.00266265869140625 -0.32061767578125 0.00607299804687506
0.03826904296875 0.00572586059570312 -0.237136840820313 0.140411376953125
0.0413970947265625 0.0127449035644531 -0.151229858398438 0.153961181640625
0.0378494262695313 0.02325439453125 -0.0927581787109375 0.162994384765625
0.00232315063476562 0.0424118041992188 -0.06927490234375 0.164505004882813
-0.0121841430664063 0.04119873046875 -0.0016937255859375 0.157028198242188
-0.0107154846191406 0.0411415100097656 0.03619384765625 0.19384765625
-0.0437469482421875 0.0527725219726563 0.0225982666015625 0.252761840820313
-0.092254638671875 0.0464096069335937 0.097137451171875 0.2978515625
-0.139808654785156 0.015777587890625 0.081512451171875 0.288238525390625
-0.0886764526367188 -0.115058898925781 -0.11419677734375 0.34466552734375
-0.0157012939453125 -0.0200977325439453 -0.0173263549804688 0.0970535278320313
0.0148811340332031 -0.0268878936767578 -0.0745849609375 -0.113510131835938
0.0225982666015625 -0.0587577819824219 -0.171875 -0.152328491210937
-0.0188522338867187 -0.0595474243164063 -0.252349853515625 -0.128707885742188
-0.0456619262695313 -0.01788330078125 -0.31658935546875 0.0020751953125
-0.0445098876953125 0.0361518859863281 -0.236602783203125 0.133834838867188
-0.0418624877929688 0.0563621520996094 -0.148605346679688 0.143783569335938
-0.0372314453125 0.0823822021484375 -0.0833587646484375 0.15643310546875
-0.0816574096679688 0.0754547119140625 -0.049102783203125 0.154769897460938
-0.119895935058594 0.0486297607421875 0.016387939453125 0.15283203125
-0.125625610351563 0.00804138183593748 0.0460968017578125 0.2060546875
-0.129707336425781 -0.0634231567382813 0.00180053710937498 0.253097534179688
-0.128227233886719 -0.0861053466796875 0.06353759765625 0.2742919921875
-0.149581909179687 -0.143569946289063 0.04815673828125 0.245132446289062
-0.0496826171875 -0.255874633789063 -0.135269165039062 0.275466918945312
0.0033111572265625 -0.159133911132813 -0.0360374450683594 0.0418472290039063
-0.0280609130859375 -0.16156005859375 -0.099609375 -0.14569091796875
-0.0431060791015625 -0.140869140625 -0.1920166015625 -0.157302856445312
-0.103591918945313 -0.109786987304687 -0.246109008789063 -0.1248779296875
-0.134666442871094 -0.025909423828125 -0.28485107421875 0.00216674804687494
-0.122825622558594 0.063934326171875 -0.207077026367188 0.1116943359375
-0.118904113769531 0.0933380126953125 -0.124320983886719 0.112808227539062
-0.104469299316406 0.130348205566406 -0.0584640502929688 0.122482299804688
-0.14984130859375 0.09906005859375 -0.0115280151367188 0.120208740234375
-0.202713012695313 0.0556182861328125 0.0526885986328125 0.132957458496094
-0.216156005859375 -0.0103912353515625 0.0693206787109375 0.206787109375
-0.202911376953125 -0.1536865234375 -0.0112152099609375 0.251419067382812
-0.152923583984375 -0.196914672851563 0.0146484375 0.237762451171875
-0.140914916992187 -0.276931762695313 0.00875854492187501 0.159225463867187
-0.00765991210937499 -0.360321044921875 -0.139663696289062 0.164398193359375
0.01666259765625 -0.28369140625 -0.0445404052734375 -0.0401458740234375
-0.084930419921875 -0.283966064453125 -0.11102294921875 -0.1839599609375
-0.1221923828125 -0.206802368164062 -0.1966552734375 -0.164474487304688
-0.190521240234375 -0.1370849609375 -0.221694946289063 -0.118057250976563
-0.20989990234375 -0.0205535888671875 -0.224639892578125 -0.00451660156250002
-0.183319091796875 0.0888366699218749 -0.1524658203125 0.0731353759765625
-0.17694091796875 0.116836547851563 -0.0819091796875 0.0648727416992188
-0.156295776367187 0.156082153320313 -0.0196495056152344 0.0702552795410157
-0.197601318359375 0.100509643554687 0.0384063720703125 0.0709915161132813
-0.2545166015625 0.0463104248046875 0.0935821533203125 0.103553771972656
-0.267807006835938 -0.0347442626953125 0.093048095703125 0.197784423828125
-0.238723754882812 -0.22259521484375 -0.0201873779296875 0.24066162109375
-0.151260375976563 -0.279647827148437 -0.0394744873046875 0.189712524414062
-0.10595703125 -0.3681640625 -0.0278205871582031 0.0476913452148437
0.029541015625 -0.408233642578125 -0.133934020996094 0.0304641723632812
0.021697998046875 -0.362762451171875 -0.055572509765625 -0.135894775390625
-0.133819580078125 -0.35943603515625 -0.112747192382813 -0.217254638671875
-0.188858032226562 -0.2369384765625 -0.178695678710938 -0.169448852539063
-0.251052856445312 -0.1363525390625 -0.171798706054688 -0.113800048828125
-0.252197265625 -0.00341796874999995 -0.143310546875 -0.02471923828125
-0.213653564453125 0.103469848632813 -0.0839004516601563 0.0182876586914062
-0.207733154296875 0.123397827148438 -0.0279560089111328 0.00848770141601563
-0.186355590820313 0.155685424804688 0.0298328399658203 0.0111312866210938
-0.2210693359375 0.078155517578125 0.095458984375 0.0229110717773438
-0.269287109375 0.0131683349609375 0.137794494628906 0.0784683227539063
-0.275360107421875 -0.0720062255859375 0.111602783203125 0.183135986328125
-0.225738525390625 -0.274246215820312 -0.0291290283203125 0.218215942382812
-0.112945556640625 -0.3306884765625 -0.08807373046875 0.129837036132812
-0.043853759765625 -0.40606689453125 -0.0487442016601562 -0.07550048828125
0.0595703125 -0.38385009765625 -0.125534057617188 -0.1029052734375
0.02520751953125 -0.37158203125 -0.074493408203125 -0.223602294921875
-0.153076171875 -0.363037109375 -0.106887817382813 -0.234725952148438
-0.21099853515625 -0.220596313476563 -0.142242431640625 -0.169326782226563
-0.260787963867188 -0.112594604492188 -0.106964111328125 -0.112701416015625
-0.247573852539063 0.014007568359375 -0.0562744140625 -0.0578994750976562
-0.207870483398438 0.100921630859375 -0.0150680541992188 -0.0445137023925781
-0.205886840820313 0.111740112304687 0.0288314819335937 -0.0468788146972656
-0.191513061523437 0.131072998046875 0.0878982543945313 -0.0423965454101563
-0.21649169921875 0.0408935546875 0.158859252929687 -0.0106353759765625
-0.248306274414063 -0.0285491943359375 0.180908203125 0.0670013427734375
-0.241485595703125 -0.10986328125 0.122711181640625 0.16925048828125
-0.173797607421875 -0.297088623046875 -0.0322265625 0.185577392578125
-0.049468994140625 -0.34112548828125 -0.111763000488281 0.0601882934570312
0.03009033203125 -0.386688232421875 -0.0409088134765625 -0.192916870117188
0.084136962890625 -0.29412841796875 -0.116790771484375 -0.209426879882813
0.032440185546875 -0.307708740234375 -0.09423828125 -0.2843017578125
-0.131134033203125 -0.295257568359375 -0.0937347412109375 -0.236923217773438
-0.177383422851562 -0.165695190429687 -0.099029541015625 -0.16986083984375
-0.2088623046875 -0.0767059326171875 -0.0438308715820313 -0.117530822753906
-0.19683837890625 0.01934814453125 0.0145034790039062 -0.0964279174804687
-0.166763305664063 0.078765869140625 0.0410003662109375 -0.103843688964844
-0.17108154296875 0.084014892578125 0.080352783203125 -0.092681884765625
-0.166763305664063 0.093475341796875 0.146865844726563 -0.08270263671875
-0.180877685546875 0.00906372070312498 0.219635009765625 -0.0234527587890625
-0.196197509765625 -0.0554351806640625 0.2186279296875 0.0724639892578125
-0.180953979492188 -0.122817993164063 0.130599975585938 0.158203125
-0.10638427734375 -0.277130126953125 -0.0227508544921875 0.147384643554687
0.014984130859375 -0.304534912109375 -0.101577758789063 -0.00791931152343754
0.0958251953125 -0.312347412109375 -0.00393676757812501 -0.288177490234375
0.106674194335938 -0.154312133789063 -0.10357666015625 -0.270401000976562
0.0504150390625 -0.190460205078125 -0.1038818359375 -0.308990478515625
-0.0659332275390625 -0.18048095703125 -0.071136474609375 -0.231491088867188
-0.0943984985351562 -0.0930328369140625 -0.0625762939453125 -0.177536010742188
-0.111175537109375 -0.0479888916015625 -0.00238800048828124 -0.126502990722656
-0.113983154296875 0.00486755371093749 0.05535888671875 -0.128211975097656
-0.103233337402344 0.0356369018554688 0.0756683349609375 -0.1474609375
-0.110092163085938 0.0450286865234375 0.118423461914063 -0.123291015625
-0.114112854003906 0.0526199340820313 0.195220947265625 -0.106887817382813
-0.1192626953125 -0.00325012207031251 0.266983032226563 -0.0207672119140625
-0.128494262695313 -0.047210693359375 0.244491577148438 0.0877685546875
-0.116539001464844 -0.0949172973632813 0.140380859375 0.149627685546875
-0.054443359375 -0.209686279296875 0.00396728515624999 0.116409301757812
0.0542144775390625 -0.22479248046875 -0.0619087219238281 -0.0580596923828125
0.13427734375 -0.193832397460938 0.0548095703125 -0.347412109375
-0.110618591308594 0.0422439575195313 -0.0517578125 0.37664794921875
-0.0230178833007812 0.108192443847656 0.0284500122070312 0.116218566894531
0.0511322021484375 0.093505859375 -0.043975830078125 -0.1041259765625
0.070587158203125 0.0201339721679688 -0.15887451171875 -0.153060913085937
0.0554084777832031 -0.00543594360351563 -0.261917114257812 -0.115203857421875
0.0413017272949219 -0.00516128540039063 -0.327362060546875 0.025146484375
0.0384674072265625 0.00410842895507813 -0.231033325195312 0.155029296875
0.0416450500488281 0.0114479064941406 -0.14373779296875 0.163818359375
0.0389442443847656 0.0223388671875 -0.0845489501953125 0.171829223632813
0.0035552978515625 0.043914794921875 -0.05987548828125 0.1744384765625
-0.0118408203125 0.0422897338867188 0.00665283203125 0.160675048828125
-0.0109024047851563 0.0405082702636719 0.04656982421875 0.196609497070312
-0.0418815612792969 0.0533485412597656 0.036041259765625 0.257522583007812
-0.0888519287109375 0.0512313842773437 0.113372802734375 0.29730224609375
-0.136650085449219 0.022613525390625 0.09735107421875 0.292236328125
-0.0938720703125 -0.115303039550781 -0.093017578125 0.353179931640625
-0.0154018402099609 -0.0234394073486328 -0.00911712646484375 0.0972824096679688
0.0121364593505859 -0.0318813323974609 -0.0802536010742187 -0.112998962402344
0.0162467956542969 -0.06243896484375 -0.18145751953125 -0.147430419921875
-0.0253181457519531 -0.0605545043945313 -0.265350341796875 -0.118362426757812
-0.0501747131347656 -0.0151252746582031 -0.32232666015625 0.02081298828125
-0.0447311401367187 0.0404167175292969 -0.231414794921875 0.148513793945313
-0.0402717590332031 0.0608863830566406 -0.140213012695313 0.152862548828125
-0.0340194702148437 0.0873336791992188 -0.0738525390625 0.164199829101562
-0.0800247192382813 0.0828323364257812 -0.0396270751953125 0.163360595703125
-0.1204833984375 0.0570526123046875 0.026031494140625 0.156005859375
-0.129371643066406 0.0140914916992188 0.05926513671875 0.208236694335938
-0.136306762695313 -0.058319091796875 0.0166015625 0.260604858398438
-0.133316040039063 -0.0826416015625 0.0796356201171875 0.275863647460938
-0.156631469726562 -0.138839721679688 0.0617218017578125 0.25
-0.06329345703125 -0.25994873046875 -0.118011474609375 0.281036376953125
-0.00476074218750001 -0.165191650390625 -0.0299873352050781 0.0418624877929687
-0.0394287109375 -0.165206909179688 -0.105667114257812 -0.142608642578125
-0.0540313720703125 -0.143020629882813 -0.200424194335938 -0.150909423828125
-0.114982604980469 -0.106758117675781 -0.258041381835938 -0.115081787109375
-0.141250610351563 -0.01910400390625 -0.28912353515625 0.017791748046875
-0.122909545898438 0.0738372802734375 -0.20263671875 0.124130249023437
-0.115562438964844 0.10333251953125 -0.116889953613281 0.119491577148438
-0.0985870361328125 0.139999389648438 -0.049346923828125 0.127975463867187
-0.148147583007813 0.109939575195312 -0.00300598144531251 0.125114440917969
-0.204498291015625 0.0697479248046875 0.0619888305664063 0.1336669921875
-0.22198486328125 -3.0517578125028E-05 0.0842742919921875 0.207443237304688
-0.2154541015625 -0.145095825195313 0.0048675537109375 0.259918212890625
-0.165283203125 -0.193710327148437 0.0295867919921875 0.241775512695313
-0.156524658203125 -0.274871826171875 0.0175323486328125 0.165847778320312
-0.027801513671875 -0.36907958984375 -0.12774658203125 0.168716430664062
3.05175781250085E-05 -0.29119873046875 -0.0432319641113281 -0.04132080078125
-0.104095458984375 -0.28472900390625 -0.11895751953125 -0.181533813476563
-0.137603759765625 -0.206085205078125 -0.205551147460937 -0.157669067382813
-0.20294189453125 -0.128692626953125 -0.231948852539063 -0.108795166015625
-0.2161865234375 -0.00817871093750003 -0.227432250976562 0.00648498535156248
-0.182357788085938 0.10205078125 -0.149627685546875 0.081146240234375
-0.172927856445313 0.130889892578125 -0.0762252807617188 0.0686721801757813
-0.149642944335938 0.169097900390625 -0.0125503540039063 0.0721359252929688
-0.196533203125 0.114547729492188 0.0441665649414062 0.0723114013671875
-0.256332397460938 0.06317138671875 0.103485107421875 0.101913452148438
-0.275985717773438 -0.0210113525390625 0.108917236328125 0.195724487304688
-0.257049560546875 -0.212326049804687 -0.00495910644531251 0.25018310546875
-0.168991088867188 -0.277481079101563 -0.0278167724609375 0.197128295898438
-0.12713623046875 -0.36981201171875 -0.0253715515136719 0.0544471740722656
0.00527954101562503 -0.41827392578125 -0.12969970703125 0.0321502685546875
2.26567871705571E-17 -0.370025634765625 -0.0595703125 -0.137825012207031
-0.15789794921875 -0.35614013671875 -0.121536254882813 -0.214889526367188
-0.205413818359375 -0.231689453125 -0.186355590820313 -0.162948608398438
-0.264236450195312 -0.12371826171875 -0.18084716796875 -0.107620239257813
-0.257003784179688 0.0113067626953125 -0.145309448242188 -0.0196685791015625
-0.212493896484375 0.119338989257812 -0.0833587646484375 0.0217819213867187
-0.203079223632813 0.139022827148438 -0.0258827209472656 0.00923728942871095
-0.179718017578125 0.169357299804688 0.0345497131347656 0.00911712646484376
-0.222366333007813 0.0920104980468749 0.100379943847656 0.019134521484375
-0.274246215820313 0.0295562744140625 0.146926879882812 0.0724639892578125
-0.28521728515625 -0.0587158203125 0.1275634765625 0.179351806640625
-0.247116088867188 -0.265029907226562 -0.0145111083984375 0.227447509765625
-0.134552001953125 -0.330810546875 -0.0802230834960938 0.13934326171875
-0.06719970703125 -0.41217041015625 -0.0523529052734375 -0.0691452026367188
0.036895751953125 -0.395233154296875 -0.128311157226563 -0.10296630859375
0.00155639648437503 -0.377716064453125 -0.0831451416015625 -0.22528076171875
-0.17828369140625 -0.357666015625 -0.117218017578125 -0.233566284179688
-0.226669311523437 -0.212905883789063 -0.149734497070313 -0.164779663085938
-0.271011352539062 -0.0972442626953125 -0.113471984863281 -0.110198974609375
-0.25115966796875 0.028839111328125 -0.0591964721679688 -0.0589408874511719
-0.205490112304688 0.116485595703125 -0.017852783203125 -0.0459442138671875
-0.201217651367188 0.126602172851562 0.0290412902832031 -0.0495567321777344
-0.18585205078125 0.144607543945313 0.089599609375 -0.0484161376953125
-0.218963623046875 0.0541229248046875 0.16180419921875 -0.0191650390625
-0.255325317382813 -0.0144500732421875 0.190902709960937 0.0579376220703125
-0.251998901367188 -0.09967041015625 0.138198852539062 0.165084838867188
-0.194183349609375 -0.290863037109375 -0.01953125 0.194732666015625
-0.070037841796875 -0.344146728515625 -0.107658386230469 0.0710372924804687
0.00717163085937501 -0.3951416015625 -0.051422119140625 -0.189163208007813
0.065887451171875 -0.303375244140625 -0.126785278320312 -0.210556030273438
0.012969970703125 -0.312774658203125 -0.10723876953125 -0.28546142578125
-0.151641845703125 -0.288848876953125 -0.1044921875 -0.236846923828125
-0.188522338867188 -0.157577514648438 -0.106430053710938 -0.16815185546875
-0.216400146484375 -0.063934326171875 -0.0491409301757813 -0.118331909179688
-0.197982788085937 0.03143310546875 0.0108871459960937 -0.102043151855469
-0.165374755859375 0.090545654296875 0.0345687866210937 -0.109245300292969
-0.167129516601563 0.0958251953125 0.0779342651367187 -0.098785400390625
-0.162399291992188 0.103729248046875 0.145904541015625 -0.092071533203125
-0.184036254882813 0.0187530517578125 0.222366333007813 -0.035858154296875
-0.202682495117188 -0.045013427734375 0.228729248046875 0.0619354248046875
-0.189895629882813 -0.116729736328125 0.14447021484375 0.154022216796875
-0.123565673828125 -0.272506713867188 -0.013702392578125 0.155410766601562
-0.003204345703125 -0.308380126953125 -0.102073669433594 0.0013580322265625
0.07843017578125 -0.322021484375 -0.018646240234375 -0.288055419921875
0.0969085693359375 -0.162384033203125 -0.117889404296875 -0.272705078125
0.03814697265625 -0.193206787109375 -0.12017822265625 -0.3099365234375
-0.0781707763671875 -0.17608642578125 -0.08203125 -0.233840942382812
-0.0996322631835938 -0.0889205932617188 -0.071136474609375 -0.177963256835938
-0.114532470703125 -0.040283203125 -0.00720977783203125 -0.130111694335938
-0.114013671875 0.012359619140625 0.0498580932617187 -0.136650085449219
-0.102043151855469 0.041961669921875 0.0670166015625 -0.155426025390625
-0.106887817382813 0.05133056640625 0.113937377929687 -0.131500244140625
-0.11114501953125 0.0588531494140625 0.192596435546875 -0.118911743164063
-0.120887756347656 0.002838134765625 0.27020263671875 -0.0360107421875
-0.131973266601563 -0.041015625 0.255859375 0.075225830078125
-0.1220703125 -0.0911407470703125 0.153701782226563 0.144729614257813
-0.06646728515625 -0.20709228515625 0.0105972290039063 0.123153686523437
0.0405731201171875 -0.22869873046875 -0.0652351379394531 -0.0507926940917969
0.122787475585937 -0.2034912109375 0.03631591796875 -0.351470947265625
0.0895503714643539 0.019791228536907 -0.339515705144354 0.163036377546093
0.0918647933063266 -0.0625377469505075 -0.103454483881885 0.0721078655506419
0.0502759566040781 -0.0887724152369751 0.0465030427720499 -0.0987988526294438
-0.0177049368013812 -0.0604818790734708 0.0394594721137387 -0.20918488478727
-0.016555994938609 -0.0260373051723692 -0.0538721199834958 -0.300332591100146
0.00464353425653766 -0.0265610237178979 -0.184906243457394 -0.271101815906304
-0.00291476906793729 -0.0453678875362044 -0.239740577794997 -0.153614055032973
-0.0107607426930967 -0.0486853356471381 -0.231264032851545 -0.0485295115035455
0.00552082279312588 -0.0558380353803066 -0.202948742853212 0.00244948989331758
0.0327871316155043 -0.0441802528067456 -0.182977024365671 0.0358180792415293
0.0401159058535993 -0.0288502891947828 -0.148172971618604 0.0856274301081833
0.0386755790610709 -0.0259953801978704 -0.158795687535648 0.141091462348887
0.0666194485376459 -0.0298047970504386 -0.190046253398992 0.173071445836788
0.0846695157043525 0.0177604572695791 -0.187134032936514 0.243851716894458
0.0788415068302319 0.0760937215605776 -0.147524698421695 0.252050704063634
-0.0394179282563131 0.0975736908709046 -0.322896314608209 0.129784565416008
-0.0140772524534071 0.020431435130983 -0.0840537737520983 0.0461830148506354
-0.0237497180031169 0.0211862619199489 0.0678537704809195 -0.132127642198554
-0.0457243205587026 0.046535455956828 0.0522534336215824 -0.229525393989586
0.00708999557596683 0.0738795495728968 -0.0412129701230362 -0.31655499483829
0.0571588088986655 0.0499091470179518 -0.170097042514504 -0.281517690169184
0.0763697292736183 0.00713311960661894 -0.226283198974907 -0.16900077883277
0.0789236365519067 -0.0242065667776676 -0.219335307051206 -0.0598730838565453
0.104089855144982 -0.0349879178714716 -0.18952059277803 -0.00271690420280316
0.117952372113687 -0.0041163686857164 -0.156528845887721 0.0358190648523634
0.12691540755042 0.0380223136860224 -0.123427980667159 0.0894575757746898
0.0927500845908031 0.089779111020057 -0.144407070953574 0.149155161602678
0.0670839469433822 0.114098605127728 -0.188925798769754 0.161298326928463
0.015942948354058 0.134146462939272 -0.175240238668229 0.215808610382039
-0.0311450880554778 0.17783414969681 -0.134683671267535 0.21666521901274
-0.166656783354628 0.162939125168263 -0.259522993688071 0.0829093276381043
-0.128869061083788 0.11167388434115 -0.0219674291180113 0.0169883227091565
-0.0965892969038892 0.148495959837658 0.11783075608302 -0.170079396645937
-0.0606347035480527 0.165832069073094 0.0746979726808327 -0.257295970877046
0.0418977881920345 0.171615716101207 -0.0299373460804345 -0.320316874359689
0.110832957618401 0.120633411208741 -0.142758611228064 -0.266999807987532
0.148293335229079 0.0586660498650754 -0.185938886992364 -0.163998949560189
0.15772786260728 0.00261338598990269 -0.175948246629996 -0.0628980568625357
0.185979691390612 -0.0110326258460903 -0.142752454537614 -0.00602198126194684
0.184238778207999 0.0325859540489711 -0.10068688527015 0.0380607707774667
0.19352009796025 0.0893319579014373 -0.0768904934154106 0.101573502164962
0.141293072508931 0.176584928976701 -0.115812777691716 0.164109080769234
0.0719644520276508 0.230164697078728 -0.182487916292582 0.152823123981954
-0.0423262648292726 0.229800968404849 -0.163276238535546 0.165912934221058
-0.131077562668769 0.253802014602493 -0.0977851552382488 0.146445001550132
-0.267404358686653 0.20932653178335 -0.159085928710424 0.0211896674759068
-0.228687450892602 0.200187201622582 0.0687951418379462 -0.021800755239703
-0.151001935799639 0.278206642738168 0.180346176649454 -0.205972229783084
-0.051225344956943 0.28151799837614 0.104533039515254 -0.278582481265534
0.0913791964669448 0.250475926162374 -0.0131063294189498 -0.305094566479815
0.162263681917351 0.170064516616359 -0.0993942154806006 -0.229291356452381
0.203708790502948 0.096926556588272 -0.120879214347885 -0.140524580810286
0.213061458818227 0.0276371570217517 -0.10707580647556 -0.0568240814059069
0.23731596415788 0.0162414704792712 -0.0724806860491586 -0.003701172796501
0.217941027578717 0.0705285579469218 -0.0268072917353267 0.0449973126473737
0.224105438818394 0.133169669920398 -0.0189861140585236 0.118582171678099
0.156773031968244 0.236683639878018 -0.0821077922513962 0.178093694376005
0.0594421312380519 0.307106224791428 -0.171840448106377 0.141403355543624
-0.0986423394469247 0.287525864457042 -0.151721421638801 0.102334414163265
-0.214172089239571 0.287049412203387 -0.0440382266965354 0.0557031007482354
-0.321859295630615 0.226542096250062 -0.0421053980652391 -0.0534393875939645
-0.285390691041743 0.262087956914117 0.161497263891939 -0.0788235668453035
-0.17309343284459 0.369484692408558 0.231867779629956 -0.232294884591476
-0.0241865344368234 0.35746144174273 0.133955245297088 -0.27855435558758
0.136211689320889 0.288595626356629 0.0170505312568614 -0.265423236727257
0.194494761886593 0.188666426906324 -0.035973570288629 -0.1770195411743
0.230990138436975 0.116193360595057 -0.037327256047513 -0.107328213541297
0.23627705551734 0.0479753019057446 -0.0237430957756965 -0.0418824754104098
0.251481825218811 0.0456178283122901 0.00933165528344294 0.00800505258611007
0.217100621082093 0.109201992579671 0.0508415103002168 0.0640528090002944
0.210422136168183 0.169986363186406 0.0366681300464279 0.145159845193645
0.129185622955294 0.268987446674871 -0.0524615918835379 0.189209272797083
0.0191642185018728 0.341513384617748 -0.156872480216351 0.124629548916735
-0.155511446193316 0.297869657161354 -0.130836647256028 0.0354834199738537
-0.274048429429088 0.270093372296421 0.0253390317996993 -0.036896272788931
-0.31653557652556 0.204030242787227 0.0656368348062406 -0.131695027862834
-0.286701226067754 0.273792464112006 0.230595827987003 -0.147064496919007
-0.160380994260633 0.386369126962427 0.253548428970576 -0.243452079621926
0.00492476676269025 0.360512002107013 0.152373933144944 -0.255226009925813
0.152923358783059 0.27368610269747 0.0560970024752218 -0.207673725216979
0.193262156991667 0.174343969732581 0.0376930210026839 -0.119635039457992
0.219835578143648 0.116163717900861 0.0511434908786713 -0.0708650945006059
0.222121867085031 0.059788925152884 0.0607507951005178 -0.0197731389161799
0.228823713156679 0.06910826610962 0.0898780071679496 0.0339825308867389
0.182513115365813 0.136385754801798 0.117791473372152 0.100654974913874
0.161943388411599 0.188632926606624 0.0754788661999167 0.183982051471305
0.0716208436176658 0.269100448852758 -0.0326464371324069 0.199951507245003
-0.0361952920948086 0.328304208356323 -0.134955074762008 0.106522470404838
-0.202195102154662 0.262526687531913 -0.0937163021912964 -0.0200448419425974
-0.29939688816809 0.211433208368212 0.107740597146624 -0.111869195057488
-0.257436204737425 0.142535643248944 0.142797118742734 -0.198431661053529
-0.235171245594235 0.226157467347519 0.26100562218804 -0.20957129716168
-0.12072494774235 0.321405297293558 0.245060769826924 -0.235870923856857
0.0188606290621387 0.286972955056708 0.158347520021963 -0.21504996287751
0.127240318371792 0.210390752864746 0.0960036906812818 -0.14662397890006
0.1522732267465 0.136496345568724 0.106168961043829 -0.0718483218563908
0.17151974071244 0.0993994663290592 0.1284311506922 -0.0395830105507879
0.174516563560301 0.0602260996219109 0.133751758130341 0.00500350448168554
0.175181445916907 0.0768621553888026 0.156016141006345 0.0711040499901255
0.128485345502759 0.134853049070656 0.161938988900706 0.149210441013824
0.100851949504885 0.173017318998715 0.0910844064561614 0.228418641611718
0.01629890656533 0.227737808866221 -0.0259262773135099 0.209060261117604
-0.0790030284384328 0.270874381454611 -0.10548723539196 0.0927679304768435
-0.217858132990769 0.194194660549037 -0.0406356203492301 -0.052035571425353
-0.280526568413306 0.12449255230728 0.193900489966935 -0.155890319105782
-0.161970834587452 0.0450596232756632 0.177563197128558 -0.236637780756157
-0.155853270381609 0.126404203185999 0.252613957061019 -0.24544797762565
-0.0776623186809063 0.190797762084638 0.220117166950326 -0.208583253477526
0.00843339325337313 0.16169000242963 0.156947728155886 -0.174104511620562
0.0622593055200191 0.122306421429229 0.125042276755931 -0.100570422125688
0.0772448248311819 0.088396777078363 0.152907939837312 -0.0406949200174025
0.0906914814844985 0.0747917210554541 0.180123958155377 -0.0151627538042219
0.100216815617519 0.0506474431635392 0.184320045384646 0.0290480316275677
0.101045585446377 0.0620151041613112 0.200865383636272 0.109679975502506
0.06990382499655 0.09838066645565 0.180132796400131 0.196473628552445
0.0511939581852399 0.118631767569875 0.0843518306543648 0.267562956693959
-0.0082696307924449 0.152817199242004 -0.0262124790502263 0.216109363590932
-0.0804616518901324 0.18522363773531 -0.0754810008326856 0.0922813770382644
-0.186610013007324 0.11419709657521 0.0147043790354981 -0.0551273814269456
-0.214925207544362 0.0319712893804159 0.270286822009783 -0.166837050159288
0.088199076003522 0.0122040588741246 -0.31941414651094 0.192120981045778
0.0827406937998893 -0.0682388087677858 -0.0928107767849067 0.0827849493325367
0.0409360929589128 -0.0900349122081964 0.040874761706738 -0.104036659867633
-0.0210119620142725 -0.0556109711193968 0.0235679633189931 -0.214838821620408
-0.0169121966682947 -0.0219724534412618 -0.081481162806458 -0.297614857033458
0.00336428034563235 -0.026111529714199 -0.210839694284075 -0.254350068114754
-0.00557676282303089 -0.0444967265495905 -0.251248306867372 -0.131998005846431
-0.0146258464514305 -0.0469425662269719 -0.232983149031108 -0.0286249260930169
0.00162273673662295 -0.0563594375783249 -0.203362193996509 0.0221121498820922
0.0296826148279635 -0.0474253967474849 -0.18097544679777 0.0542770767425122
0.0387762507006346 -0.0316804722302575 -0.141763655523544 0.0988383316219806
0.0372829548537717 -0.0272540475767013 -0.147053173877021 0.155793507808545
0.0631874675208394 -0.0340045928663761 -0.17617916764339 0.189857640238297
0.0838168587003737 0.0102686455436431 -0.167088811238163 0.258328863315776
0.0826921297118092 0.0670607994128812 -0.129528338685526 0.266688349134024
-0.0335596871577239 0.102257028903449 -0.304948351636669 0.156887927898761
-0.0158148080069214 0.0245079192751449 -0.075023459969994 0.0551657037959877
-0.0224595798232974 0.0270744689900954 0.0590691702416487 -0.137685196721259
-0.0402389609646439 0.0540775320040143 0.0351088645893647 -0.235750225785306
0.0160725791444182 0.0760712069131656 -0.0703172641949323 -0.314848892903521
0.0637971765093333 0.0456865229419561 -0.195959501485981 -0.266242191243814
0.0788266824425323 0.000622363326359895 -0.239830403184548 -0.148814094855212
0.0776392268558996 -0.0312282110030955 -0.22153173955478 -0.0403790818970231
0.101906170576788 -0.0444577810580454 -0.188581411139913 0.0166914234517998
0.118644897312039 -0.0149665880177565 -0.153968445409344 0.0522108968663598
0.13127714973174 0.0272345703868072 -0.11643547100346 0.101158936818965
0.102072337094741 0.0834629351818672 -0.130715072030975 0.163471671548468
0.0771194712325304 0.108996649788981 -0.175754331955865 0.180272848205636
0.0255636984889474 0.13347310579944 -0.157019464071165 0.231115860553003
-0.017708036700753 0.17942268577591 -0.118835846145147 0.231130462685916
-0.154594960784941 0.179518939969545 -0.245332163502284 0.105381741860896
-0.122214536943098 0.125023132033821 -0.014981142103729 0.020233261630626
-0.0838333943013325 0.160244998112686 0.105859774181225 -0.178510535674395
-0.0457768997012783 0.175120058232281 0.0557749995953144 -0.262445479130568
0.0599014840459314 0.17046973577773 -0.0589635336470518 -0.31862107694216
0.124367795569788 0.111797287125952 -0.166691140396751 -0.254457065198124
0.155991036058721 0.0453848851393215 -0.198103266758249 -0.146498436554056
0.158456126079403 -0.0116106157040269 -0.17798153559115 -0.0464453252689698
0.185104019096351 -0.0290348174639885 -0.141722695047973 0.00921585399011397
0.187857190184953 0.0163725459922927 -0.0974989673377623 0.0491518613754914
0.202281970727626 0.0716517907170472 -0.0680186847602299 0.110198732899904
0.157874015887669 0.166488156353705 -0.100147110859937 0.175647766308658
0.092895364596859 0.224191734465294 -0.169722508238345 0.172358187826774
-0.024183983329284 0.235064515846557 -0.149065367935339 0.181482744586575
-0.110094672871393 0.265088213209663 -0.0880275249912501 0.158429890949769
-0.250499474708464 0.235229100894929 -0.150138060421969 0.034694951084647
-0.212054854853105 0.222497042557157 0.0720738288471958 -0.0264308155819124
-0.124972627182753 0.293100287390314 0.165241981178873 -0.219140486602977
-0.0268945555213257 0.289578430830173 0.0848385516547034 -0.285341133379427
0.116184185842639 0.243267653592443 -0.0395661146133282 -0.304021782621591
0.179124072626983 0.156919111553953 -0.117715606370075 -0.220767405387706
0.214154309605511 0.0777092164606241 -0.131634012448224 -0.128835618736984
0.215858882567847 0.00676685876495567 -0.108997372164497 -0.0463911399813345
0.238863201144118 -0.00673974310549605 -0.0711458329618095 0.00505953996361999
0.226627742134008 0.0513673978817433 -0.022839763390495 0.0498575940259723
0.236518929863123 0.111468504185163 -0.00742027779082058 0.12276682242966
0.178807571940375 0.224043536609206 -0.0644807126983871 0.186985799517487
0.0882959241614135 0.302673808015683 -0.160132000003593 0.161340681726163
-0.0745863261930514 0.297508800036883 -0.142216880329127 0.11869525245371
-0.189456768342733 0.306507594827741 -0.0415502835543453 0.06288218329154
-0.300851109334722 0.257932311831014 -0.0396509942885086 -0.0504782340621177
-0.26143807875557 0.288492955272069 0.159833730269076 -0.0911746407825044
-0.137630803756108 0.384579397815338 0.214609942722809 -0.250020243454998
0.00740155338853888 0.362595199960106 0.113748578406503 -0.288132195423576
0.162746943113205 0.275622901807471 -0.00594155804525137 -0.266935900938966
0.212866407691499 0.172001083990659 -0.0493354408461862 -0.174306109279506
0.242551961368501 0.0942342733937091 -0.0459418057644269 -0.103025185168183
0.239786287354554 0.0247708727619491 -0.0244683033237148 -0.0386282080605587
0.255380377729044 0.0205022118421821 0.011945508800622 0.00917502265419133
0.227907276541366 0.0910039749571517 0.0571931527024299 0.0615057717049135
0.226326970484385 0.149907099812883 0.0507143557395364 0.144418857639396
0.154393914770427 0.260049221225072 -0.0331615556607774 0.195444114261069
0.0509424333278312 0.339079795855261 -0.146189511034524 0.143610696511713
-0.130311787399213 0.313336729494075 -0.127658721400729 0.0503675362009003
-0.250028748114161 0.296135640670804 0.0199551985003071 -0.0350157689107718
-0.296959842260364 0.235932430189388 0.0614192612264618 -0.138320597806478
-0.260232033187948 0.299502084888114 0.221834044867015 -0.166634963341133
-0.1228968907061 0.399536682034409 0.234990272805908 -0.262696834981217
0.035767652645436 0.361134456421679 0.133945723368875 -0.265473097830716
0.178203214812678 0.25792034313488 0.038407266383921 -0.212201270120048
0.209262695602987 0.157287021838237 0.0303607103523484 -0.124383007167631
0.231723251639969 0.0947775804393798 0.0449912549184553 -0.0756671993752423
0.226673045576186 0.0381844769730193 0.0614234810107171 -0.0245404080731562
0.234054616726407 0.0468713021552125 0.0939796901784114 0.0278507109856687
0.196371281183254 0.120853415371467 0.12775524267894 0.0905953284350973
0.179638301581022 0.173244706441279 0.0939148799454822 0.179001845863208
0.0959479516695697 0.264224267758826 -0.0131247958849366 0.204722204416395
-0.00617654910365728 0.330639195723071 -0.125956668415333 0.123457443492762
-0.178455854996995 0.281293942798409 -0.0956327781627549 -0.00842550623106494
-0.27972683005812 0.239391383785228 0.0955461752338631 -0.117348224128764
-0.242644546710494 0.168036797387273 0.131120433901458 -0.211702097982499
-0.212756547756524 0.246408103706474 0.24566052182226 -0.231822978249429
-0.08971632183007 0.329952993592996 0.226420509566148 -0.25555976471689
0.0437252109698234 0.284418819955121 0.142053578235805 -0.226150574832518
0.145874631296673 0.196804854739882 0.0849426780946429 -0.154532017167505
0.163996145714326 0.122253884123869 0.1030294422638 -0.082599805551623
0.180408785475024 0.08216796550656 0.124182902101601 -0.0517201923582258
0.178790660637093 0.0430169290131643 0.13519821172437 -0.00645543494261678
0.17999091094366 0.0601085556434683 0.163286493428222 0.0587514224318721
0.140730592627594 0.124487126288738 0.175734927828769 0.135452927513255
0.116460478995451 0.163409016542628 0.113360074378469 0.221807369980502
0.0356706578690395 0.227628523528354 -0.00611541310853521 0.213170563181071
-0.0546347993130589 0.276479259492042 -0.0988394981860126 0.106826576251507
-0.198800574338874 0.213442868146029 -0.0458959993685388 -0.0449393841964827
-0.268089072532382 0.151289731166293 0.178343437575748 -0.170089390356341
-0.15534757314652 0.0614909445364775 0.160880457264364 -0.253567561896729
-0.142123280182229 0.139982473647526 0.233477456491328 -0.266861177772091
-0.0574349134757824 0.195513127882049 0.203210514277053 -0.227800983810542
0.0217111890395364 0.159763459131493 0.143535241231675 -0.186209302775008
0.0725901944638832 0.114378127931458 0.117926307919811 -0.112169877773001
0.0840979076952726 0.0809912638848487 0.151844705780577 -0.056399228861292
0.0972497370184099 0.0652541132153876 0.178227145927067 -0.0334715698617053
0.103389058526915 0.0413623619239171 0.186183314630445 0.013073213518727
0.104925442510848 0.0527773604868846 0.209873048356667 0.0926642562292824
0.0784562649673026 0.0926751054932318 0.198041759749373 0.180503120209637
0.0606354330500204 0.113950606368502 0.109564551979048 0.260680627049348
0.00373383466150534 0.154150805621625 -0.00663068172624814 0.220296907462217
-0.0638601688720129 0.189423968517453 -0.0690869025147137 0.102104665095085
-0.174256747051185 0.1297930026387 0.00747340290260404 -0.0532766850514905
-0.209909431559733 0.0522601828179894 0.252981861744677 -0.188933029043371
0.0846396441175806 0.00512791436285163 -0.292420870801558 0.212859546352307
0.0726394134309998 -0.0705111631713299 -0.0797319974585406 0.0886490451275346
0.0321430111917776 -0.0885480827034168 0.0340161461148784 -0.105796214882086
-0.0231644967549695 -0.0504586065699077 0.00706948677491976 -0.214276237874551
-0.0154450380861762 -0.0173685232394147 -0.105609017022873 -0.285816351656578
0.00297541398138895 -0.0255531041377798 -0.228064443892999 -0.230752539139226
-0.00868518881931717 -0.0429868600621202 -0.256346821556391 -0.108083425914542
-0.0169822413347873 -0.0439665315571877 -0.227896006813947 -0.00928419745911284
-0.00288731109826298 -0.0550227244826992 -0.197018376837959 0.0401640681919979
0.0254650622801229 -0.0495109533544702 -0.173371556108787 0.0700556568959599
0.0363368158497115 -0.0336709098108497 -0.131325610212339 0.108178872248058
0.0349905974691457 -0.0276933556616208 -0.131081300638989 0.164831661575369
0.0586801516521899 -0.0369636650266669 -0.158638486099917 0.200884184547943
0.0802575138528479 0.0039463592127538 -0.143788240979134 0.26429187894784
0.0834528466280224 0.0581697610771455 -0.108603259771763 0.273357893900158
-0.0271665058885825 0.103882990157802 -0.279927662135733 0.177370609068237
-0.0162952516960288 0.0281714999164054 -0.0640719050521959 0.0604019624206578
-0.0197289438076944 0.0312697103922742 0.0493030312923408 -0.139324122497181
-0.0336873381420101 0.0596621590666903 0.0176730857932345 -0.23425182807144
0.0246666716229562 0.0752232891222892 -0.0950695536259245 -0.303384364995144
0.0685948864766766 0.0402302833485677 -0.214055417932115 -0.243634964778065
0.0785372740860319 -0.00649648478786697 -0.245118152679868 -0.124781168264678
0.0740901558411427 -0.0368674545126882 -0.217125568135112 -0.0218317357804185
0.0962130792934606 -0.052731463961489 -0.182178617594521 0.0335711931762426
0.115963752671578 -0.0247212084428101 -0.146525955837033 0.0662797747473057
0.131117966793985 0.0150813946073726 -0.105939594794997 0.109768973188332
0.108375406497392 0.0752373257634479 -0.114341904225334 0.171668480866818
0.0841481957636736 0.101382567262183 -0.157776718123374 0.192598330238081
0.0336220225653345 0.130126264762301 -0.134984389575015 0.238299474665351
-0.00490047743392824 0.176503300068949 -0.100430241979314 0.238604387956952
-0.137708242315451 0.189666297129563 -0.224940178517381 0.121327180219008
-0.111928847120683 0.134907656613644 -0.00799926905554573 0.0221234188100796
-0.0686423772258733 0.165582768313379 0.0923381410000566 -0.181891929637048
-0.0290424730081117 0.178976448808549 0.0370638585334842 -0.261451293585187
0.0750544517802811 0.163124971089033 -0.0843817147728388 -0.307320038528308
0.132675799642714 0.100284038235471 -0.183152074370152 -0.234472745118398
0.157596022802269 0.0303591447751389 -0.204948261675311 -0.125977987501932
0.154783684911532 -0.0257191086010453 -0.174688177223175 -0.0309436325408953
0.17869795885501 -0.0451858227434763 -0.135992429630045 0.0230120587314147
0.186577559839702 0.000461945498912035 -0.0911450642680426 0.058992930759389
0.204867940623244 0.0522663367196823 -0.0575684088654215 0.11527563487486
0.169761627217689 0.15099350936409 -0.0824564337043924 0.181621203325004
0.109547238917457 0.211992390527389 -0.152148570673632 0.186364986531023
-0.00601216679662895 0.233035569969829 -0.131431771350842 0.190608015618958
-0.0879661404715723 0.268826008914981 -0.0757110239980279 0.165161367362935
-0.225948036023312 0.253874674360626 -0.136685371109753 0.0447835941621582
-0.190370729090472 0.236437140657529 0.0735889938260341 -0.0308066281253774
-0.0973958171983485 0.29783853567164 0.147720887990843 -0.224609144389941
-0.00183321091817197 0.289794773082824 0.0639871837618835 -0.284315260604092
0.135397877996037 0.229067460100921 -0.0644063190042838 -0.293799717591265
0.190831084707833 0.139836748256341 -0.13218466484782 -0.206717054656056
0.218239192717144 0.0569347311291917 -0.137994828216141 -0.113842397922228
0.211730545656319 -0.0123930546388996 -0.106567018161918 -0.035915581201375
0.233272450422443 -0.0285038524675367 -0.0669692157908159 0.0123855841134976
0.227104225104775 0.0315586665308118 -0.0174187696312951 0.052832664364128
0.24153859872566 0.0885298626074224 0.00353076356247277 0.122615597157755
0.195116977205391 0.206700647399342 -0.0458970665938791 0.189077622586746
0.112030635669591 0.288410497965663 -0.143036736735769 0.174734501112091
-0.0494387430032364 0.299072997449165 -0.128866731735157 0.128876942308442
-0.161261757388653 0.316624280104214 -0.0372407144587751 0.0690585387903825
-0.272146792479725 0.280292864872142 -0.0359121013715711 -0.0477584648808095
-0.2313899561265 0.305121573279545 0.153139940246165 -0.101685184068012
-0.101533773920925 0.388066694062718 0.193042761899198 -0.258895907947256
0.0363005137400837 0.356228552234874 0.0918884086224526 -0.28804004624083
0.183563771155585 0.256356477165446 -0.0270648356910385 -0.259864818216172
0.223885191772992 0.151522300904442 -0.060092046626748 -0.167304290231644
0.246786599462334 0.0706830185948301 -0.0526386671168403 -0.0962071001683219
0.23653149207549 0.00241448164037573 -0.0245871899146307 -0.0354260242039631
0.251306415711601 -0.00248177692756069 0.0144421925671269 0.00981551325000955
0.232233417132243 0.0702455215633512 0.0619007436509749 0.0567638777617755
0.234029125848603 0.126858505626363 0.0631364983874377 0.138984933639704
0.174158054304554 0.242690741176489 -0.0146335815200416 0.195301108489168
0.0786010950044017 0.327682022182867 -0.129824815404846 0.15730474501431
-0.101149803242806 0.318483511935771 -0.120244411359954 0.06217065155635
-0.22036509579119 0.311552653469704 0.0150234674331013 -0.0323562637879246
-0.269012374176961 0.258270307675218 0.0546711969321688 -0.141340196335343
-0.228391457382156 0.31496200501229 0.207151960389661 -0.180237912227131
-0.0849685625234922 0.399875491692891 0.211399919349295 -0.274076932815448
0.0638883509686877 0.351664612042856 0.113433002336145 -0.267743548938814
0.195680606673529 0.236661547176033 0.0220153600444847 -0.210069459281619
0.218449801657451 0.136929858834919 0.0217542417539538 -0.125364068221334
0.235159341885546 0.0713943064731132 0.0383303704072565 -0.0770110879633023
0.224235768299805 0.0162758233700861 0.0592713178434535 -0.0286221452671505
0.232178918415075 0.0250662360144779 0.0962277184801021 0.0205208649781956
0.203259346896366 0.102733588360119 0.133204317081119 0.079613880977829
0.190171679318621 0.154001808893959 0.108921004444545 0.168418813364647
0.116286192393592 0.252494195092462 0.00546220034505572 0.202471494327162
0.0224434501585848 0.322787577782533 -0.112574814767758 0.135449570301927
-0.150333431071367 0.290701834532155 -0.0937425053902466 0.00303221584425366
-0.252857605820566 0.259059372468906 0.0824080469316785 -0.118962730039385
-0.220869065165719 0.187948151617312 0.115997770076628 -0.219333546617347
-0.185151165622943 0.258069678990385 0.22388541587401 -0.245682451055667
-0.0578020622756169 0.327840242905132 0.203628573571237 -0.2668497117004
0.0652145831963207 0.275325364477162 0.124057800137323 -0.230720459070978
0.1590271158129 0.178243208829459 0.0718301208452479 -0.157196246930982
0.169953089202051 0.105380251937253 0.0962426325914403 -0.0910434641099608
0.183124231069696 0.0638836152074881 0.117436434816151 -0.061339598256159
0.17744775004716 0.0260689146696996 0.132183408018072 -0.0169405584732406
0.180722425890728 0.0425910707844767 0.165138668743645 0.0443231756564201
0.149538323194155 0.11063256034002 0.183770392696194 0.11830673804969
0.126897289289487 0.150407142989182 0.131518356414105 0.208870834554787
0.0535301146519965 0.221325159262336 0.0124495198826897 0.210111646286617
-0.0288031042432629 0.272543589246608 -0.0892233879215473 0.116219860150295
-0.175395221814729 0.224587616030705 -0.0493672325760964 -0.0372987465646915
-0.248459879682648 0.171425883425199 0.158829247556908 -0.176967626244607
-0.144449363825528 0.0754876985483527 0.141302314702258 -0.262304778191174
-0.124498425608951 0.147511653761826 0.208566762992746 -0.280484364093061
-0.0382972818855927 0.19330990734573 0.182698245370974 -0.239101614742814
0.0342042396009802 0.153514860660339 0.127346517197028 -0.192249383166634
0.0802933433114845 0.103694255007724 0.107718261764298 -0.119321931970126
0.0878970507803937 0.0713390320235295 0.146052912881872 -0.069343887881009
0.100275774570299 0.0549055701243213 0.170952752849255 -0.0483438342802455
0.103254528398561 0.0308310722747436 0.182556659927403 -0.00210518433390198
0.105489756003585 0.0426018721137729 0.213166050189137 0.0737349572937943
0.0841507504633357 0.0845633662461627 0.208716051282386 0.161131031483635
0.0682313675037655 0.106624470647034 0.131485838877835 0.246600016668705
0.0150627890096923 0.151136698320124 0.0121649907512431 0.216971122985816
-0.0464082790917977 0.187685092981911 -0.060372472843905 0.108763669318673
-0.157384718210505 0.13983526697595 0.00137989892730834 -0.050053756427735
-0.198467446375775 0.0691483807894819 0.229932554761404 -0.202399315812909
0.0782018647456973 -0.022814179689842 -0.18969304648097 0.296501046730238
0.038056446956315 -0.0872988002822734 -0.0359645970470373 0.112255310015529
-0.00444231232098516 -0.0899450949751573 -0.000239682790759937 -0.107132886583533
-0.0379929872026905 -0.0360886752148372 -0.0656243434031184 -0.201382558735808
-0.0189976918126844 -0.0118984555366886 -0.196597364189996 -0.223443849458978
-0.00869697208689441 -0.0270447125939598 -0.289838806214456 -0.122859804765832
-0.0247011420235635 -0.0368364769450429 -0.269466824468816 -0.0021473477122315
-0.030131900653313 -0.0325880282933724 -0.20639881368017 0.0731301794412572
-0.0217850813295852 -0.0483629552661511 -0.162245164095314 0.107574371976219
0.00575242032020465 -0.0536964589999589 -0.131796574520891 0.127503246341599
0.0210006785160533 -0.043470234557299 -0.0803645931079907 0.144732037807732
0.0241790084816884 -0.0366542214447041 -0.0622864972332518 0.195253941463611
0.0406530812792521 -0.0522796550424806 -0.0758016727583907 0.237999533407603
0.0731967134383583 -0.0253684847730612 -0.041904449096617 0.287995066277962
0.0934750651427073 0.022525007615589 -0.0100087115948447 0.281454640952248
0.0130718875084809 0.111022162729328 -0.190283660495282 0.253353060160302
-0.00566218108091197 0.0361912841862777 -0.0330565991930986 0.0750723505636766
-0.00649229193998941 0.037814962748077 -0.0029316629847482 -0.146661152392082
-0.00464673076066017 0.067526695665543 -0.0672493142127779 -0.224371503896832
0.050843087942442 0.0572433991063736 -0.196555319328189 -0.241736298579874
0.074822717825255 0.00868310876356972 -0.28370837776366 -0.139674499277919
0.0690361411296491 -0.0359129274347481 -0.268535564751611 -0.021066970874006
0.0528201502302986 -0.0591056628449523 -0.200754122940757 0.0599845858353266
0.0674162983782189 -0.0819719573865589 -0.150146809186427 0.0971924647639114
0.0966339214252762 -0.0633400030358744 -0.110184340679417 0.115386387995532
0.123622392653287 -0.0342144888911674 -0.0592398676931853 0.138866473217644
0.12626227375729 0.0300052194706377 -0.0456234272390833 0.193849626758926
0.112284638696272 0.062737980043593 -0.0762127520724636 0.22939653557832
0.0764379639781966 0.105851747836363 -0.0398998088608463 0.260437023410743
0.0540390796614185 0.162304592285164 -0.00884036319287361 0.247661998028975
-0.0562388998736685 0.232701096839017 -0.159517454749381 0.176760330746499
-0.0514986936009154 0.169409323097767 0.00312208840236912 0.013156779386699
7.94027078214049E-05 0.176774098650663 0.01545868767644 -0.204921399492753
0.0455613696382228 0.17272547566295 -0.0654740269438285 -0.2574654902275
0.127568783411808 0.117795474581542 -0.192825979963465 -0.248950461776426
0.155277452798808 0.0393943870470784 -0.254338500695842 -0.141868399577508
0.154898335636896 -0.0314618397590207 -0.234606060346067 -0.0366256480951796
0.12763353930971 -0.077394411373767 -0.165986522027918 0.0378250657040682
0.143563941113602 -0.104484285037905 -0.111997514723319 0.0721533233343564
0.169565677096397 -0.0660794367013398 -0.0635756253920604 0.0895070444274004
0.202979195298859 -0.0270501568769403 -0.01407657457391 0.127362485221837
0.208901544772673 0.0766050246155392 -0.0148726956191517 0.191230656165772
0.173671577525803 0.152850731292403 -0.0719157261043071 0.220133427617294
0.0780976224091125 0.213833964868164 -0.0499255959539181 0.216291261040068
0.0105607129490268 0.276052526123725 -0.00622845429426826 0.174258159399632
-0.111493674330913 0.323376385711584 -0.106081979741928 0.0722976266954294
-0.0835916263430065 0.29044988670638 0.0550833544969926 -0.0692121182066286
0.0242627620213593 0.306219679204387 0.043121352181354 -0.266723090978075
0.111742332158597 0.260836097033075 -0.0547306600027144 -0.287418779207163
0.205465287668159 0.154063175454551 -0.171925523143835 -0.241177212305145
0.221068519305022 0.054250793896965 -0.199743688280574 -0.133494225236923
0.220569326417227 -0.0295224786224838 -0.172260096419906 -0.0504863479061035
0.183436090994539 -0.0860788172505147 -0.107646076274762 0.0101455541252777
0.197374397466439 -0.108984538282979 -0.05338236381593 0.0389259321419563
0.218233670248217 -0.0527881239376192 -0.000138535180275512 0.0573569249853146
0.248654346268321 -0.00764396659163914 0.0420495418074516 0.112412205843395
0.251512605787512 0.118011148024517 0.0199229685544105 0.184106359736321
0.203211090425286 0.220947658487631 -0.0655705228571398 0.204809758364916
0.0636151148436174 0.289159334114582 -0.0669705944365552 0.160107717685437
-0.0390663165463441 0.346216075771944 -0.000320888514954677 0.0763568080033911
-0.143608430252631 0.364747346645115 -0.0469006413724837 -0.0496883453502381
-0.0945172045853686 0.366704763832641 0.100840745022053 -0.16594128199297
0.0539169179565058 0.387506692584173 0.0674067741623624 -0.315264164970469
0.172158385727513 0.304694296833157 -0.0342874483622932 -0.299584345275537
0.25745719961185 0.161087306292593 -0.127958009032847 -0.221470926130152
0.255250988071701 0.0528227573644599 -0.120817277863515 -0.124128684271956
0.252344901183253 -0.027793161453617 -0.0899506313757198 -0.0662421332288258
0.210839279612611 -0.0817085934374677 -0.0344433606905106 -0.0183191035775808
0.222399233358587 -0.092870751621645 0.0182253205736618 0.00726635430511648
0.235987052667425 -0.0201215445599915 0.0714169681481688 0.0327017512408115
0.255965379074609 0.0300961489700834 0.100802708294019 0.104101003161869
0.245560828223567 0.158425811930533 0.0512630330163568 0.178161690487883
0.186957127966409 0.267140155536584 -0.0600946870902361 0.184174494574582
0.0236370231868998 0.324922823185736 -0.0806127848660251 0.0980177385020667
-0.0947559903561408 0.363344887228677 0.01434651245459 -0.0304145035334092
-0.148198746634907 0.341465006157307 0.00183126921929928 -0.166683750423623
-0.0867138798804096 0.371565103093461 0.120603428268772 -0.256732417877084
0.0743101986056548 0.390021945913705 0.0772661867857989 -0.334559535022861
0.194180112842681 0.289002970718278 -0.00763750046936339 -0.286658096239421
0.260896790140046 0.138466703037951 -0.064829254004409 -0.192232293558343
0.244991877216059 0.0424855869054168 -0.0313272489017107 -0.116728184834453
0.242500625690151 -0.0228051560942261 -0.00149033057466377 -0.0829445572654682
0.204872314112305 -0.0651268334199072 0.0429469853680514 -0.0430926134643399
0.215280778514291 -0.0614165888715975 0.0943241293134353 -0.0121449046391385
0.22097246814084 0.0193696101399435 0.143859030195072 0.0267797767064643
0.225215375489391 0.0702482399352929 0.152955431793892 0.112819362670968
0.196191209878799 0.188136092103115 0.0728287052490602 0.176913400739499
0.134048618009161 0.281727458136864 -0.0506925171970368 0.158831233865736
-0.0304302849695301 0.316984197454237 -0.0770075661620912 0.0361979923901565
-0.142053499792377 0.3263874935348 0.0454004565394719 -0.12929885929166
-0.131257469157887 0.256553183307833 0.0304130540292177 -0.255615452119273
-0.0691677467421407 0.302627505183042 0.113355306843022 -0.319293449392035
0.0704703382524803 0.313977565593379 0.0761221149047339 -0.323051336833433
0.164689470502535 0.21919133991184 0.0185586137559943 -0.25568429102321
0.206325119634658 0.09930616769831 0.00192047094838789 -0.163482632728447
0.190911345771724 0.0325548433587938 0.0500484706061299 -0.114499188868306
0.19178104857617 -0.0101647688201307 0.0768596602010279 -0.0982288107335412
0.166289108497911 -0.0391482881892178 0.111666376237658 -0.05953446905168
0.175432137989043 -0.0269413199769348 0.163755193375212 -0.0162946910026921
0.174603916347721 0.0454484777096413 0.203332138511019 0.0426557010386942
0.166736098490399 0.0903432438904958 0.188529352821936 0.139735208012075
0.127009355802568 0.181954514034898 0.0829288019898634 0.181736167472839
0.0690381494607654 0.253951243991079 -0.0354581910531103 0.134887751913189
-0.0769766235238328 0.264897514755951 -0.0512930389609352 -0.0140532733493142
-0.167147075483689 0.24439087706936 0.0919102625088814 -0.206134263775873
-0.103246936772613 0.122520743292453 0.0392852386541352 -0.298294439337684
-0.0564764337338022 0.176998031112564 0.0895077445363277 -0.33987868642967
0.0379199464827608 0.184818716093326 0.0731790966082203 -0.287629295025958
0.0894663183152826 0.122387335395889 0.0412648253481663 -0.221604222890661
0.108884933289344 0.0615587414570571 0.0519085378508191 -0.14455437100106
0.10474970594516 0.0318409183265133 0.104179579536203 -0.115103663981737
0.112062342572377 0.0126524635083467 0.131402323631845 -0.107608493541864
0.102926659911867 -0.00866537104715613 0.161726361778103 -0.0664101719487279
0.108199961380104 0.000753862964211968 0.21737070131445 -0.00765872793317405
0.105941729315397 0.0453770194368979 0.241700468877367 0.0716358208443442
0.0975817279517828 0.0722922726157242 0.203326430714226 0.173404372687043
0.0669371034088345 0.132067377942626 0.084963073911792 0.189522586739574
0.023326371718633 0.182849994291041 -0.0141740577132192 0.119576420106559
-0.0911246696177235 0.181037678435082 -0.0122711219173276 -0.0426465808959714
-0.157025718834315 0.133500013052081 0.144294323618639 -0.25076181871429
0.0731901510851141 -0.025436869000489 -0.167264866736406 0.296030154444646
0.0321772648374365 -0.0834080549128589 -0.0254189369472519 0.108894594036028
-0.00844850065792344 -0.0849617483054612 -0.00460536706136757 -0.106407032186814
-0.0366375837908589 -0.0324135901009502 -0.0737491127344341 -0.194326538483011
-0.0160260869656866 -0.010458720758238 -0.204012281666585 -0.207339112338923
-0.00858681666611869 -0.0265685464006264 -0.290303879360113 -0.104599235686522
-0.0252939221537396 -0.0352917843061866 -0.262976845094949 0.0105172536723996
-0.0304278068796784 -0.0300129450071009 -0.197341717066303 0.0801988173502662
-0.0230831683732132 -0.0463270498335364 -0.152191813656625 0.114810261076677
0.00325951256732121 -0.053269059142415 -0.121836014296828 0.132890179886917
0.0197191820760547 -0.0439318238135273 -0.072786102681577 0.147003428548089
0.0233473205315184 -0.0361866208780968 -0.0513358604401035 0.194796485490469
0.0368840625270422 -0.0519806093752888 -0.0626159078284271 0.237509245469011
0.0694735060080378 -0.0263451350757805 -0.0285630171413034 0.282601589299676
0.090067755235074 0.0172290679484875 0.0018161869194098 0.278923542663469
0.0168907858317727 0.109443706150879 -0.169024860885617 0.253277225545171
-0.00453030591304271 0.0392141984810914 -0.0246000883759662 0.0730328352713188
-0.00343400790792387 0.0397745313954318 -0.00790334307348711 -0.14417766665322
0.00132062126748859 0.0683093112990309 -0.0750701469189442 -0.217188242268505
0.0562613922123469 0.0535232905318572 -0.205440488462425 -0.226312185914073
0.075629604982814 0.00433264190138479 -0.283442730921791 -0.122035056757498
0.066388171925383 -0.0393340670115854 -0.261604725659308 -0.0074726403918168
0.0490303539952663 -0.0601491844578439 -0.191232397555585 0.0669422288023245
0.0616278476380118 -0.0838461557973545 -0.139878258878631 0.103969332655497
0.0920189897747098 -0.0673983246172492 -0.100874058604156 0.120099116331145
0.119004930952158 -0.0396717861291568 -0.051032403960823 0.140212458281619
0.126620068925422 0.0236032170818159 -0.0342898651093011 0.192770366883589
0.112981336343036 0.0561083311852926 -0.0623033462640594 0.229612920912034
0.0791406556809802 0.101769892309439 -0.0264415404486064 0.256549641021105
0.0594376589979221 0.156562840370298 0.00214865377774081 0.246250476028587
-0.0433344157042727 0.23218922669496 -0.142686104350219 0.176828647436655
-0.0423566436783973 0.171047776360267 0.00746433030944388 0.0110790987944111
0.0101454245809808 0.174527745344014 0.00717455360213372 -0.201042290562334
0.0553197793691502 0.169111884031198 -0.0731625871183472 -0.249120188211954
0.134037891386167 0.1089270288715 -0.200462196221134 -0.233006418651617
0.155912130055575 0.0301867127772313 -0.25475331247406 -0.12578511649262
0.151004564423873 -0.0397777001639084 -0.228808931471877 -0.0239726904576039
0.12133358000802 -0.0831780086442704 -0.158604402765002 0.043521112828414
0.134196186073359 -0.110825077506303 -0.103130293085181 0.0765659904614918
0.163341868953323 -0.0740415021746616 -0.0560514478709315 0.0925686640841635
0.196834328096375 -0.0370935888279033 -0.00706904869024078 0.12682279846615
0.209777664950358 0.0642895526901974 -0.00343136204976094 0.187867214688182
0.177832086523306 0.140657144131591 -0.057905128675383 0.220679756302789
0.0866037938704201 0.207314852203171 -0.0372478608589643 0.214638214840144
0.0237405790872497 0.270575408354772 0.00208114808662817 0.174517317727288
-0.0916120075511353 0.323530750774895 -0.0953704447716727 0.0711033671499405
-0.0672967867637564 0.2906382525261 0.0550271186143636 -0.0726982798744561
0.0399259608402977 0.297507651286063 0.0320862286118949 -0.262546491170502
0.124303140359309 0.25185172648122 -0.063210446349037 -0.278834275404321
0.210559934849673 0.141097529355868 -0.179026089111829 -0.226526470485217
0.221136882030195 0.0413095896306625 -0.200323370355067 -0.12193061945362
0.214779719354109 -0.0414854218695678 -0.168236466809986 -0.0403492845999103
0.17459609856762 -0.0943472001994202 -0.10252491852166 0.0138888604652336
0.186353026260259 -0.118248627750066 -0.0476883499161631 0.0409728525994404
0.211118283028056 -0.062940439172808 0.00432617204507549 0.0580051391950608
0.241701159007155 -0.021016391005573 0.0480997530011928 0.108954724500692
0.253223060120402 0.102372962885625 0.0301020400701919 0.179948023267919
0.210141366347729 0.205678229801333 -0.0516462250923502 0.206626277623323
0.0767533434800779 0.280986296223795 -0.0562416784689304 0.161407127574437
-0.020690149741293 0.341681999755349 0.00277705260950339 0.0780300918204643
-0.119414655597108 0.364858863736008 -0.0436041437974714 -0.0500243120591964
-0.0731506326619863 0.364720180548531 0.0943513033003227 -0.16881857236658
0.0730912414751565 0.374092268833333 0.0539420467359574 -0.310468893599441
0.183806044389823 0.291499386958723 -0.0427965837561834 -0.291121779013266
0.260637929060596 0.143468412700136 -0.134516826870463 -0.209095292667879
0.253929483069373 0.038139664714048 -0.122568374660046 -0.116751375312519
0.24553699339041 -0.0417473190525078 -0.0889564013403849 -0.0597637619859031
0.200712597440542 -0.0914010347567715 -0.032050553042634 -0.0177559343453518
0.210939506687657 -0.102842689997495 0.0201335340754191 0.00621765840203037
0.231256881684084 -0.0324367584678362 0.0731693432529042 0.0291733947529199
0.250953298469193 0.0158091743664614 0.105883614156704 0.097116120404416
0.24881972934436 0.142774306182637 0.0607588366543553 0.172165308746987
0.196969424420443 0.251306036399245 -0.0464816529054894 0.186149997799047
0.0405744846695994 0.318159601475266 -0.0720903337128009 0.101504540765431
-0.0731050036942544 0.361421072913581 0.0127320228254733 -0.0270745592349635
-0.123979436901088 0.34271744237922 -0.00158910684587499 -0.166383063910647
-0.0648316422903415 0.36774970670136 0.10804635852838 -0.258186998139552
0.0927517746315112 0.374521096538058 0.0619932490310593 -0.330439351835734
0.204563937750601 0.273695238341202 -0.0174146023346441 -0.280505256212151
0.261191337007748 0.120783962840237 -0.0710209605373755 -0.183807268744723
0.242785104493015 0.0283139032113684 -0.0346126788654429 -0.114166089661341
0.235146100028615 -0.0359182774725003 -0.00373427764463181 -0.0803966318761773
0.195785489989779 -0.074506749738471 0.0416453345971988 -0.0446656229272919
0.205520062707017 -0.0711938143450576 0.0928342541419013 -0.0164122691364025
0.218817007714157 0.00718128283021162 0.142894484680061 0.0189841774315227
0.223685385793065 0.0566677855491102 0.157176629371897 0.102591879439011
0.201946286680716 0.17416052558245 0.0812023265501692 0.170409499192473
0.145615627238147 0.268363484449294 -0.0389714897038687 0.161007652467706
-0.0131621523728608 0.311999242045048 -0.0716241308550099 0.0415011922751048
-0.119805636107036 0.327781093977347 0.0385608773260118 -0.125881583522025
-0.111230276392266 0.258000747969887 0.0209325856381873 -0.254422542698306
-0.0509176352025924 0.297529150245332 0.0975143239638216 -0.318651612301925
0.0850124823409043 0.299777508515387 0.0606626032314702 -0.318928192742487
0.17134821436906 0.205498757079816 0.00917598507013566 -0.250809595626111
0.205208665974691 0.085650024199433 -0.00456486387122366 -0.159760311421614
0.187388646555064 0.0218496198429195 0.0445925181232918 -0.116073018230232
0.185977624148796 -0.0213913521177117 0.0703876533708694 -0.0990477648941066
0.159091131560355 -0.0478210492305945 0.107066225708833 -0.0635942295654017
0.168520219407343 -0.0349339326097843 0.160280449926066 -0.0237055971383577
0.173692868572125 0.0353217141564408 0.201717751661194 0.0315177314165204
0.167617118307744 0.0793197977926553 0.192616220180948 0.126230217294308
0.134219404753979 0.172150576469469 0.0910517120092545 0.174657696316118
0.0802468087321635 0.243449175481219 -0.0263737444592449 0.136469754817134
-0.0608822325751252 0.262337200970992 -0.0500485339634193 -0.00897157069760029
-0.148889488827924 0.248443444960348 0.0803493168340983 -0.202856480678661
-0.0916691636662298 0.125758819232347 0.0265505006780866 -0.296576516751327
-0.0449274657642932 0.173948457715426 0.0719777884908564 -0.337877197973432
0.0465105170141845 0.175185223629624 0.0592134326577728 -0.285210872489764
0.0924256948369182 0.114403434598206 0.0315082626555709 -0.219504598274573
0.10779465214075 0.0535177127355599 0.0453646172699602 -0.143782189905847
0.102913409807852 0.025010549267107 0.0965843446779563 -0.119856542632705
0.10919651999219 0.00680451509204738 0.123059780558222 -0.11172558698377
0.0985818880295196 -0.0139744013415847 0.154491451380601 -0.0723587215380388
0.104425882773212 -0.00442265515441517 0.21289506330859 -0.0173366491426968
0.106232908381848 0.0390943967779168 0.239907312828381 0.0571944309648186
0.0991162720089599 0.0657898340599592 0.208293422529154 0.158323361503049
0.0716507806562569 0.126603716572465 0.0927262949693181 0.18258731209732
0.0307314702382742 0.175871928403803 -0.00678109634086167 0.120604104706888
-0.0789757269556659 0.179355422508729 -0.0140073948330783 -0.0384401515520792
-0.144629114747283 0.138796298886213 0.12768043582066 -0.249940258572854
0.0689390291826625 -0.0275261414597292 -0.149451136454595 0.297951371948378
0.0275803097575665 -0.081074723714469 -0.017063399276217 0.107227714001844
-0.0119684663081233 -0.0806405075770417 -0.00792204114543507 -0.1067978262501
-0.0353155247753409 -0.0297014256662718 -0.0823856628879053 -0.190928299956699
-0.0134190368138947 -0.0101134604136821 -0.213010967179215 -0.196525604367989
-0.00919146644374774 -0.0259638487075357 -0.292235326315084 -0.0885828320073973
-0.0266935633310353 -0.0336624782753038 -0.25988073262092 0.0219444236368737
-0.030517678884785 -0.0277290916554691 -0.191308714498531 0.0876953959271406
-0.0249337424964648 -0.0445672217975563 -0.144344339906504 0.122371387098831
0.000575599982152827 -0.0531771656097709 -0.113554730979688 0.139763038098132
0.0182442352754466 -0.0448961206637605 -0.0662122712115292 0.150016971466412
0.0231628493966148 -0.0370262734911214 -0.0414933604538059 0.196438014807834
0.0342483980489637 -0.0518010636975286 -0.0511686532732883 0.239421551469592
0.0672104241326123 -0.0272468792143983 -0.0164834257305418 0.280742036469362
0.0888170147433088 0.0127029749631863 0.013184070402326 0.280606041261613
0.0208895472985907 0.109293376109586 -0.152962953413518 0.255418266021507
-0.00321964740890292 0.0431444441696546 -0.0172799065072958 0.0711024885118472
-0.000894301131795007 0.0421496761775554 -0.0122087078626048 -0.143555389913571
0.00773467406349781 0.0686171024636505 -0.0825261348553129 -0.21314977001061
0.0613611021956801 0.0500432400749866 -0.214560612408663 -0.21433014026092
0.0767747497335199 0.000234095972052817 -0.286167560508987 -0.106645162296774
0.0645260239513823 -0.0428962183066654 -0.258375001500287 0.00459832886906324
0.0459579797001142 -0.062545277280667 -0.185579986711869 0.0731437780621322
0.0567206601721983 -0.0865838341244243 -0.131601521467051 0.110815186566369
0.0883554418897145 -0.0719906610558308 -0.092161622403383 0.125953215783554
0.116362174769585 -0.0458363534435388 -0.0438100903317533 0.142732028879829
0.128724680997674 0.0175149809469817 -0.0238283195787158 0.193275004817047
0.114798288535211 0.0513511997981137 -0.0495658386300655 0.232090160305486
0.0831546764477007 0.0992630029702227 -0.0140817668773298 0.255498433265147
0.0651741202331681 0.152944021202521 0.0129591204290994 0.248612626131454
-0.0315952726022789 0.234105080512878 -0.129155304649067 0.178140175175644
-0.0344650737267079 0.175030378060142 0.0114176049946814 0.00875800921658356
0.0187373758732139 0.174428805363608 0.00136523896237326 -0.199389592226304
0.0653169080005159 0.166859497847011 -0.0805842468800009 -0.244744102519088
0.141266404467585 0.101303504813547 -0.208741370150611 -0.220525432665632
0.158585242244776 0.0218014868136756 -0.257779565231006 -0.113439072730707
0.148767032414993 -0.048451513689929 -0.22556069905644 -0.0126577453615953
0.115339271720918 -0.0884370897602962 -0.152780750778075 0.0490318183838297
0.127061910972821 -0.116576889899216 -0.0962811632410362 0.0816473762976737
0.159828401079895 -0.0817820324500282 -0.0493878079813716 0.0963784391679352
0.193056197220629 -0.047641081276084 0.000271848438390622 0.127376402955576
0.213492860689231 0.053964015283951 0.00643740772757156 0.187487635822992
0.183510677723865 0.1315117140343 -0.0440889144565443 0.224141640026519
0.0960440974177199 0.20411925979423 -0.0262159248789608 0.214820257335823
0.0358100387624165 0.268087304909516 0.00996682526919005 0.177168677483267
-0.073963976509527 0.326704379751082 -0.0868699948782886 0.0710626143093231
-0.0533421065323939 0.293209515919007 0.0545715728471366 -0.0755430597107878
0.0550128559950884 0.294296286485475 0.0232580629164318 -0.261330531737215
0.136986622235899 0.245818183538948 -0.0709619044832097 -0.27419143297702
0.217428918726125 0.128296569842877 -0.18704954136923 -0.214732118630184
0.223222192708887 0.0296924957012461 -0.20325559881822 -0.112519230361492
0.211814677781714 -0.0537855145807568 -0.16649665035106 -0.0325418142120596
0.166840447588224 -0.103096910705874 -0.0987143596248853 0.0170266663197712
0.177023224840808 -0.126746884757017 -0.0427506420974003 0.0430754801647914
0.208336897445627 -0.0744694152058638 0.00884571232664639 0.0582423942410094
0.237986402019715 -0.0334425888343911 0.0545226431019905 0.106641262873486
0.25831152273035 0.0893563441999021 0.040267340681395 0.17732002030608
0.219464646126762 0.193277611672806 -0.0381795820415014 0.209950904609705
0.0903883499117144 0.277460896508301 -0.0465178616310475 0.163857579871189
-0.00372254462122149 0.341945894096469 0.00686162600305512 0.081342555102385
-0.0978591130103206 0.368121418325001 -0.0417309866109959 -0.0520240422963558
-0.054952203355245 0.365324033016208 0.0880355163038927 -0.172844855787877
0.091047555019216 0.366191188893016 0.0420210286946922 -0.310050574550187
0.197335319126067 0.281247368644864 -0.052006966183788 -0.287444001330439
0.266103449677566 0.128508157204195 -0.140849804834258 -0.199749511316851
0.254856512641339 0.0244596900333231 -0.125760067320954 -0.110735796181434
0.240952914241633 -0.0556712530612417 -0.08859471215013 -0.0551176076795895
0.192323045386284 -0.101495708932798 -0.0305802188056718 -0.0172508709269179
0.202380998371505 -0.112986173418058 0.0226176140184223 0.00537459943917763
0.229395243227942 -0.0446622655796343 0.0751129192070368 0.0257626913919661
0.248688264978785 0.00258874603382814 0.11109545391382 0.0915402240158873
0.256884315439299 0.129731334465115 0.0694768053802157 0.168391566650398
0.20850388365093 0.238646925725845 -0.0342946123034402 0.189443993837134
0.0553235920397261 0.314762351760085 -0.0646285414743888 0.105180504348964
-0.053198054244794 0.36366856555497 0.0116544149219798 -0.0240520482742716
-0.10313104671022 0.346492139751412 -0.00543322600815946 -0.168892849229686
-0.0450745405724502 0.367351416477538 0.0978001889566996 -0.262300579996996
0.110404441180099 0.365059867887777 0.0487593959087377 -0.32964498940205
0.215203185986606 0.262112114548524 -0.0262420428528828 -0.277895055798954
0.26429310731782 0.10597319264049 -0.0766045769933489 -0.17752545127077
0.242221789264034 0.0154386420745498 -0.0381963269697771 -0.11348373221735
0.230830573360192 -0.0494363281346476 -0.00586646985252047 -0.079378852362737
0.188326787003132 -0.0844980826190944 0.0406168688165395 -0.0470105929587849
0.19823589136624 -0.0819255852353152 0.0935610387402363 -0.0209563895335485
0.218474009982244 -0.00461873014202596 0.143822099129176 0.0116160133703701
0.224524933744525 0.0448030256129277 0.162230146391499 0.0933375368483239
0.210897214940319 0.163729838476722 0.0898273363329333 0.165559999372124
0.158099926655787 0.258110212987021 -0.0280716892040003 0.16421463659399
0.002376168453691 0.309837916291723 -0.066692019030654 0.0464633330661411
-0.101681840621171 0.332908415456578 0.0327452781229184 -0.123639356080242
-0.0942356036309977 0.261446669887439 0.0119447362021145 -0.257075740111204
-0.0349885875916398 0.296485285760774 0.082500890262971 -0.321891779477911
0.0987227783955192 0.290465306087563 0.046953923809541 -0.31907145240907
0.178354867142758 0.196209188818329 0.00106568338132769 -0.250284893171747
0.206284783980737 0.0737975052557412 -0.00991108501681025 -0.157522702490012
0.186397288353937 0.011213381268819 0.0397100685835307 -0.119381194420289
0.183190131878106 -0.0311978439319108 0.0661897795686431 -0.101919570454353
0.153547966872205 -0.0554730753487057 0.104728626747887 -0.0682377229459538
0.163457958563609 -0.0430912251668171 0.159110070598009 -0.0309937678363171
0.175157163106755 0.0254920143462368 0.201566161460915 0.0209256529386565
0.168703831533437 0.0706596384771664 0.198287724109001 0.115427616984219
0.141812269747663 0.165085399710472 0.0998323251913661 0.170254271743308
0.090452939240637 0.236102379157676 -0.0178442864268585 0.139546111656723
-0.0476604858288468 0.262303533352036 -0.048236916341785 -0.00414370005258947
-0.133623250556795 0.254233172280406 0.0696472409916987 -0.202946099392114
-0.0815422230541844 0.128886476126416 0.0148067547265192 -0.299095673528638
-0.0348156986290039 0.172865562587136 0.0568732024128046 -0.339560235150736
0.0533415396840225 0.168598710409653 0.0461715027674616 -0.285792033486773
0.0952305286479856 0.108468152302385 0.0234083676156316 -0.219291419898388
0.108074250159102 0.0470481977045858 0.0402961873419617 -0.145440427312644
0.102091538534581 0.0192364801963158 0.0914450862264799 -0.125799285916055
0.108103926176929 0.000331693995227658 0.1158091210254 -0.116646183098539
0.0955504391843155 -0.0187003639197814 0.150619084951863 -0.078432203222096
0.102150273328001 -0.00974720081155669 0.210287093792251 -0.0270858381356881
0.107315201868168 0.0335021985369874 0.240387411506696 0.0450045829153235
0.100248992146088 0.060071373949894 0.215092480135057 0.146481337069632
0.0773747736276192 0.12231010457479 0.101334513399955 0.178708580048023
0.0374579820828566 0.171317729411286 -0.00039385399034651 0.122481583964911
-0.0692489800298445 0.180163997519883 -0.0153452154597659 -0.034991089140111
-0.134327258742512 0.144185379734968 0.114688125283316 -0.251585377879734
0.0650782607764629 -0.0305065476830959 -0.128378349199146 0.302641591612752
0.0222798219841805 -0.0791411379397914 -0.00779721353703559 0.104412922472108
-0.0159450459573166 -0.0772468657063367 -0.0132456177433412 -0.107250642200392
-0.0345850798608815 -0.0268626916617101 -0.0924902380207824 -0.185855604999443
-0.0110879140915062 -0.0100674938403106 -0.225136279399969 -0.181870249572062
-0.00997244828629299 -0.025624796485577 -0.297054331987076 -0.0690075753003378
-0.0281767200278664 -0.0320521566079255 -0.257236049273918 0.0377472076041948
-0.0313216844003513 -0.0255393302401866 -0.186431153564511 0.0977171094666165
-0.0268664801665152 -0.0423384910428662 -0.135149888245612 0.132464481201878
-0.00325728289371806 -0.0533063931657697 -0.103392909231899 0.14867565046419
0.0158176060654677 -0.0465498255265779 -0.0569755553544948 0.154616610815116
0.0221345040685639 -0.0381037440005296 -0.0288422268905548 0.198288606201502
0.0305115911779302 -0.0526217040554978 -0.0361364378089641 0.242300903066338
0.0656369325357937 -0.029856131125287 -0.000404294041641156 0.280502121036038
0.0873509721946328 0.00637103999876139 0.0295885855081406 0.283211963631519
0.026944889652021 0.109211879226381 -0.133624350481413 0.259792363596242
-0.000741872255681319 0.0468893956458794 -0.00986579307652981 0.0688557835857655
0.00309118259781861 0.044712321962055 -0.0186998509582569 -0.143358216076378
0.0146345683366639 0.0697727073706078 -0.0932503397654648 -0.209184325687228
0.0674110589534591 0.0451137658133931 -0.226688764929224 -0.19966412215013
0.077944834093058 -0.00555637146687319 -0.291805878777558 -0.087723502546223
0.0618055216469369 -0.0478813758982708 -0.256481069373956 0.0202927708973858
0.0425289924512777 -0.0652323351377194 -0.18004793390028 0.0826174237581083
0.0509156667787358 -0.0897561024477077 -0.122225935286183 0.119401580266644
0.0837118380447166 -0.0777570310870803 -0.0824885928956771 0.13280647969648
0.113489575682692 -0.0536761894449494 -0.0339582289876618 0.145914492631727
0.130509905745223 0.00885051794867614 -0.0107812992387908 0.194730369890243
0.117088073091427 0.0443346414926928 -0.0337614385887902 0.236128615483544
0.0890491671458065 0.0956495226100051 0.000609430984233562 0.255435369712369
0.0733083419896444 0.148570610532607 0.0286646422376935 0.251017674453294
-0.0161895350154612 0.236634139618777 -0.114270686835273 0.180367705936226
-0.0235254488669916 0.179692174808314 0.0149906913679066 0.00561863972152087
0.0307390963641354 0.173802352114117 -0.00814054435641308 -0.19891943388598
0.0775651067041985 0.164534248647881 -0.0914286002586482 -0.239907926794454
0.149012889548261 0.0912124907704833 -0.221012320745129 -0.205813611521617
0.161425316134614 0.0108646255821425 -0.262924173250424 -0.0967911944639764
0.145261855815467 -0.0593254220532301 -0.224075809475683 0.000627418633704184
0.109051671816573 -0.0964392070017438 -0.148126148747045 0.0562330861863414
0.118158910327673 -0.124306573548977 -0.0885891576604139 0.0870804316168617
0.154952109551596 -0.092898119279518 -0.0408100446557672 0.100372981575301
0.188908542613337 -0.060548451994455 0.00982825990524262 0.127561835057101
0.217560931137183 0.0396075152654756 0.0194840977703458 0.187145750216871
0.191835337203798 0.119288537949411 -0.0276336145654437 0.22784866875197
0.109248096111706 0.199391888067542 -0.0126879612575793 0.215153388368849
0.0525678798884209 0.265683965893493 0.0218273148724907 0.179903110652954
-0.0509979533239167 0.331287427590728 -0.0784845683729474 0.0713107881856342
-0.0349095007549753 0.297861345742886 0.0524006705753877 -0.0807573947638772
0.0732423779094564 0.290237838036241 0.0108920489415931 -0.261689265954416
0.153752402308326 0.239173466388292 -0.0833789565610526 -0.270290761761703
0.226199363722566 0.113454215484629 -0.197159224687046 -0.201315328421011
0.225918091996591 0.0140283831607097 -0.20802778008722 -0.0999863319077238
0.207443068480776 -0.0688854889763368 -0.165886690029605 -0.0223024385006838
0.159063311054688 -0.113722958639206 -0.0955401652742007 0.0206898123507337
0.166998200587153 -0.138308985063714 -0.0376092296457903 0.0447638176217671
0.204108114019961 -0.0879692033951875 0.0143365295867743 0.0583657142068541
0.234977280642897 -0.0487687033702058 0.0619768358969483 0.102983003159799
0.265579758428741 0.0723451463500172 0.0533467904440604 0.174989428691764
0.231745717512944 0.178950941397058 -0.0225128768235809 0.213402791092646
0.108285085674681 0.272817652944195 -0.0351084987295066 0.166010855504807
0.0192567237849075 0.342020702313989 0.0125983406291377 0.0840891691798852
-0.0715003896288022 0.373916507149371 -0.0411846357872618 -0.0540632419463105
-0.0308115405341703 0.368297162516471 0.079695059592335 -0.179009283548738
0.113194577522156 0.358665136676484 0.0264232248520094 -0.310122925826054
0.215111894180913 0.270490144253128 -0.0641214615456789 -0.28472783328582
0.272653823891241 0.110402127745927 -0.14968911926104 -0.188950003544911
0.256452707199051 0.0072968358949457 -0.130536155682196 -0.104298218355156
0.236647216244206 -0.0730965424974946 -0.0899070157460654 -0.049496074868989
0.18437082368875 -0.114031915153197 -0.0298686202083907 -0.0164847669210199
0.192826795911884 -0.126236768021284 0.0254177336825004 0.0033538627968853
0.22703192466177 -0.0599382726644983 0.0782147198831545 0.0213885824584436
0.247722444788472 -0.0141997209336431 0.117932354612682 0.0844747074090334
0.265871812582008 0.113401505968519 0.0823649871060727 0.163978150747884
0.223574714508998 0.224655048529153 -0.0187639261918834 0.192387149480928
0.0763411785772167 0.311592941445154 -0.056339765451663 0.10982170906986
-0.0285557502877548 0.367306873274087 0.0111635716958339 -0.0216165847504828
-0.0766237725415918 0.351635820075439 -0.0133493604902117 -0.173022332693603
-0.0221552347555153 0.368873003612133 0.0836534434561784 -0.268385205130623
0.131824436660336 0.354777284624025 0.0313327032845476 -0.331221113303126
0.230834697019205 0.249491804832009 -0.0386314401224705 -0.276027056817135
0.268221410443 0.0887036483626938 -0.0837811255578333 -0.171887472795491
0.242542619799209 -0.000825702164404594 -0.0437202017846195 -0.112096407825106
0.225773246673145 -0.0658732364360222 -0.00911562706184942 -0.0784662927397448
0.180178120348211 -0.0965360645749185 0.0390931838478102 -0.0500692520986338
0.190229621178681 -0.0947799320503332 0.0932606660858593 -0.0268851848377766
0.219354281463542 -0.0200806526313431 0.145277969920933 0.0021239618189705
0.225607481747778 0.0310108247460619 0.168873707359326 0.0827644054233853
0.222079819602758 0.150199288369848 0.10210715138587 0.160210722390147
0.17376480316591 0.246290310037325 -0.014797644383612 0.167495120178667
0.0225850601111397 0.309738537448434 -0.061594745993214 0.0510293783900422
-0.0779042892805858 0.338700679075983 0.0250646078316095 -0.122205925095511
-0.0738187103316225 0.266268796404446 -0.00134526839573502 -0.26108476352279
-0.0154432192844468 0.296160650075576 0.0636293086250345 -0.326560589245433
0.115526146432082 0.280399467576727 0.0299892840021534 -0.320260286588677
0.189297571934534 0.1854882386358 -0.0112272373128869 -0.250393377405979
0.207951047717894 0.0598851576856209 -0.0166004805161123 -0.156797965234783
0.18599283624309 -0.00116107549572416 0.0336698915967689 -0.123978052722982
0.179089064116544 -0.0444299112876469 0.0604215174161608 -0.105253605879127
0.147748818147471 -0.0659204975505916 0.10118298463619 -0.0748800640678014
0.158917469502138 -0.0532226818884754 0.157828218852977 -0.0411966072375011
0.177089954190975 0.0144349463480871 0.203036530643958 0.00728233973742826
0.172655364049999 0.0599065230356549 0.205547724924761 0.10180833142926
0.15310799704826 0.155900234961632 0.111861801620387 0.164211774795156
0.10500234576018 0.228740393947083 -0.00599076933079384 0.142343575075628
-0.0303101321683642 0.263729624688903 -0.0470576033593251 -7.13770174042416E-05
-0.115025422511304 0.262797350841368 0.0571503337425189 -0.203742605833594
-0.0701741137576956 0.132882451467217 -0.00157734598488012 -0.302437336835856
-0.0227158399347909 0.172405003940083 0.0355519803335493 -0.342773849872789
0.0630535542367499 0.162382671848875 0.0293770220527884 -0.288193704942604
0.100517779681018 0.102959831923077 0.0121519289021464 -0.2221409421062
0.108632637521911 0.0394566053253255 0.033288500279261 -0.148191502694336
0.102026011386256 0.0121914769963607 0.0840114402655875 -0.133231342242759
0.1065784731263 -0.0076911564971092 0.10818123758133 -0.123226417658764
0.0926852073741449 -0.0244256767735178 0.145380776699383 -0.086998978665888
0.0994395989771018 -0.0157283822474175 0.208440607310361 -0.0398988633623115
0.109207908511073 0.0264237774038353 0.242610074764201 0.0290368688995215
0.103027048934899 0.0540145893871279 0.223851985324646 0.132374383057413
0.0853426645846536 0.117681270922249 0.113106572813503 0.17256992314984
0.0470539684056486 0.166858904713114 0.00849918485827624 0.12472015242213
-0.0568625915816609 0.182158409342923 -0.0164349152823134 -0.0325814253483443
-0.122543365395743 0.152574427870067 0.0980881745456869 -0.255869313493626
0.0606941951899416 -0.0335951053125145 -0.103314217240963 0.303811899544302
0.0166510618649578 -0.0762707515799084 0.00195188705697695 0.100656113342324
-0.0203726771087838 -0.0724588340838711 -0.0191684294174255 -0.105585122965435
-0.0332619713075687 -0.0239624388072685 -0.103885588513531 -0.178387522422198
-0.00918048854152928 -0.010125605276642 -0.235326449271593 -0.162204479616955
-0.0111980475274891 -0.0245990406831845 -0.297931385155885 -0.0433691868412599
-0.029943830867449 -0.0294153129467442 -0.250990672587831 0.0559563561809027
-0.0314639407568383 -0.022451005973074 -0.176365863207135 0.108714128013901
-0.0292397076715843 -0.0393627929310064 -0.121175696123932 0.141196975769124
-0.00708077748440094 -0.0529659460761323 -0.0894845728338509 0.155505941841889
0.0121639931478096 -0.0478579317089924 -0.0447675654691292 0.157643966949908
0.02032679418302 -0.0399660855030919 -0.0130550343255084 0.196722109776026
0.0267423257105377 -0.0531627684127085 -0.0182205045556083 0.241693459270318
0.0623276015267186 -0.0334077241902027 0.0181370126982142 0.276019311425917
0.0837957554862302 -0.000686904165621416 0.0507688374030185 0.280174010892377
0.0345362671458932 0.106651660654283 -0.111155664963739 0.261408475903792
0.00393528659296384 0.0498989638924954 -0.00213499613819534 0.066141518498326
0.00788194215522146 0.0454101160762569 -0.0263030641402747 -0.140333821943963
0.0222148321523637 0.0685213377209117 -0.104249885189167 -0.201057078847736
0.0721543038854763 0.0380789322279131 -0.237151325122078 -0.179566397059059
0.0779498610575302 -0.0118996413150983 -0.293614127948247 -0.0637310429866334
0.0573918308347816 -0.0525928696101202 -0.251087576599292 0.0388291304981135
0.0372021285728482 -0.0672562590323584 -0.170641329412498 0.0931606873808979
0.0428984935940708 -0.0921539238702793 -0.109473041106095 0.126655452346136
0.0773403080154666 -0.0838984718187082 -0.0694099795102088 0.137736430332987
0.107333893520211 -0.0622763606584955 -0.0219924616948904 0.147363764925694
0.131301287896608 -0.00219476075799629 0.00462545994102564 0.192055316844729
0.119445524383957 0.0359494579234573 -0.0147109666412164 0.235130369407016
0.0955952225520224 0.0892629889989875 0.0186172833769653 0.251484760485214
0.0822540343758068 0.140460438155974 0.0474310836138571 0.248532102668577
0.00310255859725773 0.235928875141454 -0.096709696880208 0.181471971014946
-0.00920501771497866 0.181703946955823 0.0179858644594462 0.00204874960611438
0.0439048432559715 0.170731083895388 -0.0192476072950724 -0.195704843137576
0.0913655441704668 0.158424846896879 -0.104139144351818 -0.232138940921988
0.155486572171656 0.0777237262477746 -0.230214965971449 -0.186008731128751
0.160684029863355 -0.00209574253435538 -0.264872933783388 -0.0757342106730488
0.138838095559665 -0.0706752005691081 -0.21924840997294 0.0165914023972554
0.100752143659806 -0.102978609642296 -0.141037362717459 0.0638438772286281
0.104918989423068 -0.132082687461077 -0.0776757739388064 0.0923187487822997
0.146221857482608 -0.104566491795594 -0.030813359229982 0.102546200241326
0.180597751012209 -0.0739362336696277 0.0202434606459394 0.125739272147712
0.218626990981903 0.0222279479466388 0.0348389864407215 0.183101329754924
0.198035736035836 0.103492382754846 -0.00769484428603221 0.227119568745532
0.123373964390752 0.189652373414748 0.00335945173865362 0.213034757967934
0.0719695555471836 0.258170228106224 0.0359682547562306 0.179328981428564
-0.0236425265081786 0.331005458082545 -0.0699747615037085 0.0706956319914568
-0.0109609941594316 0.29780252647658 0.048423728346189 -0.0849047343339416
0.0938815162858901 0.280830894213668 -0.00457813527020243 -0.258068352235124
0.170848803873684 0.225830416830884 -0.097581105269679 -0.262171965981181
0.231962500034231 0.094234490675393 -0.207035632140923 -0.182846212066022
0.224599296339017 -0.00470302702741615 -0.211229292577525 -0.0833342075097953
0.198646923618882 -0.0853246577277511 -0.163124514781907 -0.00992941363534597
0.146698923631239 -0.123436658613629 -0.0919371446042764 0.0254558102737341
0.152266233891522 -0.148799776390145 -0.0315831502224002 0.0467819865073508
0.195118524419308 -0.104325771166672 0.0205731007166729 0.0566286884951547
0.227260944597959 -0.0667520781261009 0.0705495570773561 0.0972112739569571
0.268423513948245 0.0501533632976265 0.0677549364098539 0.169188605306307
0.24147918004708 0.157952362076447 -0.00302823669808592 0.212867282137232
0.128730651110837 0.261784201575176 -0.0212528883589622 0.166049528330239
0.0462516037587133 0.335905651857681 0.0203568788552903 0.0854793564359994
-0.0388190166180503 0.373522274468273 -0.0420639828749274 -0.0552757238391818
-0.00267253810486671 0.365990774894249 0.0681328108498785 -0.183194049110323
0.137393533406902 0.343721726818711 0.00664129844030832 -0.30685174682265
0.233026835722603 0.252568335961946 -0.0796071937381548 -0.277645195650133
0.276570478731216 0.0880708287974603 -0.158715186286005 -0.174439947729666
0.253543423235486 -0.0134077605812427 -0.135082817792833 -0.09416425294613
0.226142560262737 -0.0918339842857865 -0.0901929964850413 -0.0422013895024758
0.171035456206216 -0.126271864587075 -0.029550234545259 -0.0159833190186153
0.177739094927645 -0.139192148766742 0.026911683917184 0.000860224649510544
0.220614986602804 -0.0786572506634158 0.0800438143783471 0.0146788550818463
0.242657231571714 -0.0323696276428141 0.124095092132035 0.0736608702342029
0.272293315514645 0.0912997930119202 0.0947765146500302 0.15655682282667
0.238152190167946 0.202907981477631 -0.00120047309453151 0.191891338165195
0.100049656345327 0.302579014061435 -0.0456558581339944 0.111750074769935
0.00212926514906209 0.363950873732173 0.0102616147891093 -0.0185225216784084
-0.0459281594084079 0.352453915170048 -0.023272892412135 -0.173975738217162
0.00640893623067038 0.364192236910114 0.0641997324487883 -0.271127208912466
0.155243975278895 0.337422160305379 0.0101412348031868 -0.327384326597903
0.245851440207016 0.23043713946458 -0.0544904748885575 -0.270745097164157
0.269822078657215 0.0669824382480639 -0.0923972152518539 -0.162875012233098
0.238376214442426 -0.0195327798642265 -0.0498641414189183 -0.109516466759093
0.216254612281944 -0.0838197564430072 -0.013122483929123 -0.0773314185552788
0.16825301308842 -0.108588283966258 0.0364121241315681 -0.0536250955484922
0.17856135597307 -0.107979647619537 0.0911156905295891 -0.0340870842426582
0.215530778277394 -0.0381761539552818 0.1436727205995 -0.00908928728664077
0.224370463429089 0.0131844400067341 0.17357507044902 0.0684372636795249
0.232402017873916 0.131040872303623 0.114462907126285 0.150439256884298
0.19001819664928 0.228688514089852 0.00144519565115894 0.167359348528565
0.0468440292446274 0.303254033176352 -0.0561952218919665 0.055244032850574
-0.0479002761572423 0.339652951924181 0.0163349263156919 -0.119559401252509
-0.0490695531851557 0.266599421041651 -0.019242237635529 -0.26163081224534
0.00800290015114312 0.291751568253504 0.0393439613386063 -0.326959629249465
0.133229150253612 0.265520725284439 0.00818788229167899 -0.316995505088502
0.199376201985623 0.168598754160015 -0.027021853353257 -0.24715515072858
0.206929309291118 0.0433374226407612 -0.0248511318431974 -0.153171345232234
0.182011448110983 -0.0153022975067881 0.0250448949221221 -0.126710535135817
0.171855463309735 -0.0585904578158302 0.0525363397173248 -0.108496612193606
0.13877891220854 -0.0754331274596355 0.0953416887026951 -0.0814666608797084
0.150542041456044 -0.0650662370324413 0.153047643427223 -0.0524356826829178
0.176501131793365 -0.00114834124533168 0.200590230667832 -0.0084851498677016
0.17400506771614 0.0457550780262354 0.210951559049247 0.0846554010501847
0.164477451545578 0.142745840966433 0.12360716013617 0.154490215653865
0.11987869859877 0.215713438753223 0.0069292670273922 0.141902468926799
-0.0089149233887218 0.261739216487644 -0.0447425935830638 0.0038146743192084
-0.0898744750045296 0.26704680398969 0.040919109200068 -0.202512809873324
-0.0561149467488365 0.135478676732386 -0.0229316979291542 -0.301249980286885
-0.00964920580714692 0.16991853695163 0.00992982799687557 -0.340509133931977
0.0721787399383552 0.152739274729692 0.00968818176330605 -0.286157447707771
0.104826860034774 0.0946146987413241 -0.00279666680989425 -0.220375135035787
0.107487140846324 0.0302139001621083 0.0230336695958555 -0.149036126752581
0.0998364214352896 0.00463147022278276 0.0735550604364187 -0.140180873241004
0.103084692856677 -0.0159072514244111 0.0972791157664319 -0.128429801817559
0.0886109037048585 -0.0306805726467402 0.137647602181681 -0.0958125562530334
0.0961020950639839 -0.0231860304638633 0.202114334342489 -0.0553181683481244
0.110167466399989 0.0176040227036971 0.240564623696342 0.00997190384830849
0.105295809116134 0.0455013549480698 0.231030029385548 0.113447523597395
0.0936267765772783 0.109998877743239 0.124847066814368 0.162382850111428
0.0573251930405321 0.159562496656724 0.0189604665075429 0.123979396407032
-0.0416456043625992 0.182099786112894 -0.0183849564344542 -0.0291005099363998
-0.106911660993949 0.159054852432864 0.0773238902979819 -0.257111610137677
0.0511217204235311 -0.0359544841949205 -0.0436889131028088 0.302676214838876
0.0040523007845813 -0.0708201968212282 0.022571189865345 0.0939051668193903
-0.0322557419844399 -0.0638473211872078 -0.0312812828029805 -0.0979531363003483
-0.0375484052704277 -0.0187666323140051 -0.12695734679602 -0.15395108972779
-0.0150237121933027 -0.0107232870514509 -0.251418166655833 -0.113626861067193
-0.0212712416294106 -0.0187188720736077 -0.285687142919554 0.0112429461540099
-0.0369391585497482 -0.0192060646075836 -0.226500846159117 0.0974929840008873
-0.0324607285686548 -0.0134336385031192 -0.149137223691133 0.130720959173745
-0.0335341569956713 -0.030399506236975 -0.0923815520987556 0.153149528463845
-0.0140721646399569 -0.0478022064356852 -0.0615554112757952 0.16394618624307
0.00509862884722895 -0.0475721946041085 -0.0186972677983671 0.158755406528196
0.0161121979451839 -0.0426801979657355 0.0156685391851224 0.190755200249295
0.019837151299661 -0.0551069458790063 0.0167802063707742 0.235016504703723
0.0565779980680154 -0.0440412832169169 0.0553868310792489 0.262522504152452
0.080385352806782 -0.0151460822519275 0.0863880250053155 0.260334524450274
0.0545073645391329 0.101313106741716 -0.0639867866213978 0.259418059863188
0.0158702103686908 0.0493146665576221 0.00755911648165762 0.0599410873067819
0.016277676708689 0.0416412137499193 -0.0496450781737157 -0.130399259299171
0.0338835181329369 0.0580705024849485 -0.135730113459692 -0.176411304558606
0.0700347355415844 0.0204300367964815 -0.258146806355506 -0.127258626795727
0.0655662834573942 -0.0228645038633125 -0.286902669399199 -0.00588421925281797
0.0426945622319227 -0.0595159347369571 -0.230708902833911 0.0828443803113921
0.0245828171396562 -0.0670546384972297 -0.146039934393696 0.115530228890829
0.0254905990785308 -0.094130851256156 -0.0828246649690898 0.136508494525167
0.0608193608147752 -0.093499538580146 -0.0456300478365373 0.145123296333229
0.0918771934874347 -0.0776796718531163 0.00048763781197728 0.146122199353298
0.128995289645545 -0.0271650371962209 0.0296484320547505 0.183429167140341
0.123389844073849 0.0130811285187179 0.0185055501974805 0.225448889663784
0.108666370977067 0.067018059878153 0.0552453599662701 0.236022222906335
0.102328494443544 0.120884912865087 0.0833977134165434 0.228677697299816
0.0503572691167068 0.227072932108759 -0.0682595464767988 0.177332182756725
0.0285922609121217 0.174556235364631 0.010584631071789 -0.00661671016691033
0.0734363909399061 0.151976123940651 -0.0587524035401876 -0.184580551487405
0.116561652222221 0.129558333818006 -0.14590334258345 -0.204999890653442
0.155690773842121 0.0430015295120136 -0.254824563849142 -0.131560185727663
0.145996041298146 -0.0298042644357213 -0.263021593666277 -0.0198730351404798
0.117307176972447 -0.0931508748511336 -0.207412530832911 0.0579535091367719
0.0770952586578872 -0.111114198707542 -0.121627980822139 0.0838341895534509
0.076694223908675 -0.143804488146295 -0.0576343757113801 0.0996802054705507
0.122610275148341 -0.126140447356748 -0.0144819169759448 0.105505699955901
0.158857515054923 -0.102355634792902 0.0373932286814657 0.119312236099319
0.217505274456197 -0.0206729767557499 0.0551728445685261 0.169893420017028
0.209768791958964 0.0636575826006731 0.023042297938694 0.214286633013045
0.151773481954577 0.159213514028491 0.0385727170793896 0.200018560082031
0.111861662014688 0.235018618843875 0.0651868684321324 0.162536916711776
0.0443241759951906 0.318659811290526 -0.0645746683661763 0.0654690601461875
0.0486347645127774 0.282171890376152 0.0200183589260481 -0.0961003512567298
0.139971739482699 0.245059677021593 -0.0618968294128244 -0.245493406762426
0.20487503541423 0.177726624179936 -0.149730350421683 -0.23309411872879
0.230686863010547 0.0454247879905199 -0.231619174899547 -0.129834057809607
0.206001449593011 -0.0438341538171207 -0.214146814709612 -0.035790304402117
0.171691261410669 -0.120268447061273 -0.160076169934943 0.0237915539570805
0.116936133194034 -0.139013026804844 -0.0802632923169339 0.0395062033968378
0.117512720342581 -0.168458270455134 -0.0203660277869424 0.049336974589758
0.169030772169903 -0.136382648446279 0.027051321323021 0.053842265621264
0.204152278349122 -0.103378986820224 0.0803484119025886 0.084579812958378
0.269354224950176 -0.00277476700253374 0.0830161917428309 0.151851415936753
0.260616933580954 0.106930693056857 0.0265869574650529 0.197955417666859
0.169011833028 0.227827022260553 0.0100129105550678 0.157776616081101
0.100754027910604 0.314353644259664 0.0398372594312514 0.0746871638638568
0.0367969238346074 0.360028774624197 -0.0607406009050853 -0.0590877568545745
0.0690780742206374 0.341608050478278 0.0181236528926963 -0.192900040699542
0.193034093354934 0.29445311189948 -0.06351424652282 -0.292115947026917
0.267552756289064 0.189574863008591 -0.139631032287872 -0.247891850061176
0.272250344766878 0.0316035879468892 -0.184511946231075 -0.128605582506753
0.232166214703281 -0.0573132781173393 -0.144003787154208 -0.0588099534286617
0.197346699495219 -0.132875267163348 -0.0975154094659798 -0.0190621337167438
0.139257329059607 -0.145828735518171 -0.028318089239393 -0.00961887065742819
0.143275245319483 -0.164910148405991 0.0279344050560406 -0.00303887314123394
0.196934563479541 -0.117512998793475 0.0766555498149372 0.00434859983852543
0.224301360618231 -0.0739521520160668 0.12742694098013 0.0542010917664407
0.280560068988886 0.0353653866063705 0.107777638163323 0.134186292554541
0.263121773721804 0.150542064146289 0.0263999938493892 0.176930314615496
0.148793447969841 0.270709932918923 -0.0197744593714532 0.109571322393978
0.062595034609451 0.34841188517453 0.017008193525048 -0.021622981945657
0.0246800803057632 0.337797515940741 -0.0629787178981454 -0.17276241904113
0.0756761804064478 0.336052192549574 -0.00145454765146602 -0.27409909059046
0.207662670225696 0.285828174920199 -0.0646586509545471 -0.310971771971895
0.275554205851021 0.166274362951574 -0.113006514733424 -0.244126758835621
0.262206525875316 0.0125795597856087 -0.118588699445139 -0.129063415690848
0.217633294580511 -0.061550921703607 -0.066731186120146 -0.088538130422608
0.189994121985968 -0.123717152697682 -0.0307801472116255 -0.0653443811005884
0.139113691277035 -0.129501412613291 0.0278680261738412 -0.0551733367006997
0.149851840061817 -0.135764499535901 0.0833846700126171 -0.0458160729490249
0.199488551690991 -0.0786413642693541 0.133511126308712 -0.028545751530585
0.214789521356797 -0.0287655822765723 0.173542013962156 0.0405680425493685
0.249848943253259 0.0809018559571774 0.126674687242104 0.125145351296321
0.221655431701165 0.182052221931181 0.0256606376934967 0.152914584524688
0.0971914961184857 0.281200821615753 -0.0370163345930274 0.0580087028825661
0.0100459032394493 0.33351741614805 0.00869609904143918 -0.117288712366855
0.00442819450527546 0.256104452870467 -0.0707024362546363 -0.254123824328346
0.0607205490133529 0.265563552178793 -0.0307531425105902 -0.321670143694273
0.172029361129744 0.220344665094825 -0.0614737213472619 -0.300034974964128
0.220049931282148 0.117997472460108 -0.0800734680501693 -0.227261786553827
0.200017873693828 0.0011488056980802 -0.0521272293361442 -0.134345835975367
0.166507493829867 -0.0490429829865932 0.000714136208168292 -0.119363299041123
0.151989559488735 -0.0915660475673715 0.0269524840445377 -0.107749183247465
0.117237549474668 -0.094922676145017 0.0782202654423608 -0.0908645992146119
0.131043573922701 -0.0910011366256264 0.139118258860411 -0.0728611621514258
0.168404644521137 -0.0364987812051248 0.188326885456204 -0.0367563569801736
0.173769907459247 0.0110799082048147 0.210983918700012 0.0496422400147744
0.185626776156308 0.104549208025565 0.137292529881119 0.127001560197361
0.15123193549886 0.182504366428039 0.0286844643800059 0.129086217349093
0.0360366785739349 0.249617987097651 -0.0350230223940659 0.0091873080214233
-0.0430301251539111 0.270237911774705 0.0189890619242921 -0.197530884777495
-0.0289705129559249 0.132327325554276 -0.0773234568721301 -0.287310100897726
0.0199180407139446 0.154054506850483 -0.0568658502251038 -0.327529836641012
0.092426397492674 0.125983182166715 -0.0488452633067584 -0.271071639083716
0.115095806056232 0.0659981768876761 -0.0476973641698027 -0.207625629990503
0.104839358275355 0.00668218447766417 -0.00491537896131869 -0.142544876983208
0.0924503498202807 -0.0167104883157468 0.0435508658498615 -0.142945708494334
0.0951890770417813 -0.0382724253109998 0.066298078777612 -0.137120073703779
0.0774128648385308 -0.0452776835565797 0.115098871577821 -0.112027137704171
0.0869925482374711 -0.0409698701039763 0.184557533926728 -0.0827301360950619
0.108322561708614 -0.00679416553691147 0.229892950707087 -0.0261272066239986
0.108329276345086 0.0227424024894089 0.234662619081139 0.0740983319741341
0.11154414984978 0.0860844796640042 0.140745210807145 0.135982871478652
0.0817048200822606 0.139838712299439 0.0384755300242543 0.112542879292288
-0.00938514838670969 0.178153727257717 -0.016186876920211 -0.0248024801120227
-0.077226027981267 0.168647154477334 0.0429006427596249 -0.252531410650954
0.0452643257546575 -0.0360919315643696 -0.0267045103451409 0.286736050684164
0.00199718093406571 -0.0657387489885461 0.0258738793264336 0.0862360075176029
-0.0314285344581204 -0.0577472364325468 -0.0336558061780788 -0.0935630592451988
-0.0351013185030704 -0.0164303368089619 -0.12722771723842 -0.142257554486953
-0.0139046783016898 -0.0112809018594476 -0.243696730054901 -0.0950268612251931
-0.0197369415292505 -0.0169680466632107 -0.269049605219326 0.0265689364521756
-0.0352830639374634 -0.0158138457661488 -0.209495740967485 0.104628576894331
-0.0304131401224416 -0.0113765104984268 -0.136031989498873 0.130831992104671
-0.0324017745109347 -0.0267732390383562 -0.078605777289103 0.149575965124249
-0.0160881983282223 -0.0450857290815413 -0.0488297357428108 0.159675580255281
0.001637266753141 -0.0462926999965624 -0.0100902934553329 0.151985252149783
0.0137541011644974 -0.0421322749188552 0.0240013642216596 0.179831351204147
0.0174354130851415 -0.052098617481596 0.0269039359910446 0.222166484328338
0.0508547518444873 -0.044495533412134 0.0643034594437123 0.246466524172335
0.0731303664146383 -0.0178742625592581 0.0953715512258025 0.244678020531975
0.0565748251256015 0.0933936902697748 -0.0466937045291039 0.245832789134729
0.0195593428886606 0.0474954131608027 0.0103044374050642 0.0538904065087017
0.0195490326974643 0.0398727299156707 -0.0515938944500863 -0.122640729262491
0.0373133656957984 0.0533935083484049 -0.13625012486319 -0.163358386702243
0.0690008991964221 0.0138371047285924 -0.25073146970746 -0.107817715506955
0.0628208957993755 -0.0261895740403196 -0.270630760634525 0.00970945020851442
0.0374246799067041 -0.0585233601157313 -0.213407368675969 0.0896701827246481
0.0206294123871749 -0.0652191789920129 -0.133395381304268 0.11619028012024
0.0191203172389364 -0.0899441755566693 -0.0703984932654403 0.133054098569543
0.0525544029603115 -0.0923838566898177 -0.0341819463801454 0.140244993358515
0.083037207257062 -0.0787085841050103 0.00826573990525445 0.138158069612716
0.12152290281561 -0.0328569921626171 0.0377351730876953 0.171413389600592
0.118162230786592 0.00668731589982051 0.0297368900761336 0.212986854159462
0.106829708030963 0.0585902679992259 0.0633609883623947 0.221505125967355
0.101741273450861 0.109093222193687 0.0910079377004075 0.214382060045828
0.0594906630109047 0.211673223475245 -0.0559824850424022 0.167250187862138
0.0375769438602648 0.165498672598678 0.0101749688273692 -0.00894277577505404
0.0787040033830306 0.141672279213817 -0.0618174983259946 -0.173431264052771
0.12077570630254 0.117320535612193 -0.147141241310644 -0.19048877765643
0.151569994428417 0.0317165635084461 -0.246010913108877 -0.112854204501101
0.137879522930659 -0.0364438741722266 -0.249283353568916 -0.00630205177156004
0.10575764724615 -0.0950264899581607 -0.192517321125418 0.0650337877677601
0.0676983851884708 -0.109643080075026 -0.111428365003208 0.0834850311785505
0.064761419389352 -0.139660964937616 -0.0484823577467175 0.0960786585656075
0.11019663268839 -0.127443537997541 -0.00712255270451269 0.100748696220969
0.145090856740131 -0.104107216019538 0.0420280069963881 0.111127150587409
0.205061329966181 -0.0314134973049024 0.0625913896361109 0.157799023223608
0.202416209486169 0.0497964319445524 0.0344700676607743 0.201766677576622
0.15300147764393 0.143484396757818 0.0456298099474359 0.187778582858448
0.118453142930396 0.217322370033054 0.0714657829768967 0.15299850603109
0.0594077429732188 0.298809734499488 -0.0580923548975121 0.0612036231312241
0.0612905237417317 0.265789230973286 0.0154766369837112 -0.0938811824167776
0.145423986303525 0.225958092718523 -0.0672491853195389 -0.230689939347201
0.206949220816224 0.158738798641943 -0.151617764800924 -0.217245085552027
0.222649848253577 0.0310347158199956 -0.223759518740883 -0.112702925033903
0.194314596201094 -0.052662205108306 -0.203596798520739 -0.0239678192038356
0.155803430616997 -0.124299644749618 -0.148437779705524 0.0302299576618148
0.1035630387058 -0.137685258005797 -0.0748313263200854 0.0395009459313974
0.100931974330034 -0.165383374551735 -0.0158613693821936 0.0465635830570074
0.153485772625632 -0.140513811868917 0.0286973728827561 0.0492069754307357
0.188159861001286 -0.107685130258057 0.0819533296231202 0.0760661785329741
0.256874875851501 -0.0177785461603014 0.0878991786738062 0.138636724086923
0.252174878639397 0.0882170525637859 0.0367851437949624 0.186433660732048
0.173223717324576 0.207088501684224 0.017441946277731 0.148386748129425
0.111426317498714 0.291903422451903 0.04298833867461 0.0715050303934145
0.0553917504738773 0.33720974872387 -0.0609477122366757 -0.0575515541312595
0.0832648557012187 0.320837726966391 0.00935033857824199 -0.185324650778948
0.197411000776075 0.270605457450557 -0.0713921616665917 -0.274373405294038
0.267040431040689 0.166855171245005 -0.142027815878555 -0.230894118165185
0.260549886366236 0.0162768778098643 -0.177775174529299 -0.114235641770327
0.2179807041929 -0.066967073600777 -0.139145982957994 -0.0500737459839147
0.177667541737226 -0.13732880156928 -0.0912278024081748 -0.0133651251839883
0.123814537842203 -0.145376792596678 -0.0273871939350761 -0.00952631024472162
0.125884164882354 -0.163231416049053 0.0268504712475792 -0.00491342299572476
0.180496499870737 -0.123461296254539 0.0731622712921037 1.85029440130443E-05
0.209056365305808 -0.0814297245559518 0.124517928273047 0.0439176731547916
0.269232418853861 0.0173655930322267 0.110302087301488 0.121219832404257
0.25730243989036 0.129011030399928 0.0361999084809781 0.165797707965059
0.15613389099623 0.248064278887387 -0.0133361972149419 0.104530279825051
0.0787923635525107 0.32639979231422 0.0166426041848429 -0.0195728651065527
0.0435256392415509 0.316026382118291 -0.0686390942674009 -0.164612022443986
0.0894029405869471 0.314036562685697 -0.0133352942118169 -0.260984760641926
0.210187062963326 0.259986448613782 -0.0734619472782169 -0.292230762905617
0.271621004954455 0.145031379860615 -0.117899318480708 -0.228533961505516
0.249216557314343 -0.0011474407469154 -0.115950573818629 -0.118308838441326
0.203143415243821 -0.0698822579527948 -0.0673342947493375 -0.0827680173287078
0.171416223940951 -0.128434875410566 -0.030370980608866 -0.0605733676989719
0.12478885860468 -0.129912235445912 0.0234179607625109 -0.0555572464221998
0.133193645565203 -0.135729724201226 0.0774642977985793 -0.047996846336959
0.184662871689064 -0.0868301969376783 0.124824374272715 -0.0342117822583821
0.20256797129608 -0.0378386757155421 0.16735511830134 0.0294405901591503
0.242213044522322 0.0626672303875159 0.12754962425944 0.112176154117693
0.218124930486588 0.160310950489318 0.0346893197941346 0.142803670324316
0.10800399184314 0.260462988543342 -0.0320124120486696 0.0563527262806325
0.0286022111433863 0.31372808972185 0.00357527016303094 -0.109554799124259
0.0198384639109081 0.239631214964998 -0.0800531682737124 -0.24017925694617
0.0711449997073987 0.247607401503569 -0.0445429855612174 -0.303421722049801
0.17278685217334 0.199950269374325 -0.0705874317955972 -0.28175271087047
0.214349076663038 0.101765438721443 -0.0848356561184401 -0.212936260436814
0.189071287044743 -0.00821234561491421 -0.0534344069495025 -0.126444918069922
0.154840465263215 -0.0543088508871553 -0.00538008441258409 -0.115561088282594
0.137347525495782 -0.0957321757893672 0.0216405323015039 -0.103168867765381
0.105722601745016 -0.0950592048500287 0.070158967768475 -0.0911911843496864
0.117853306872214 -0.092191862442905 0.128653233345316 -0.0760693597343185
0.157800150948102 -0.0448041712363778 0.17555967334736 -0.0448223813109385
0.164665034483007 0.00183258842909049 0.203428499550518 0.0364175166526521
0.182434053883493 0.0883946735642075 0.137635696325649 0.11405269638447
0.152013571322535 0.164750963965357 0.0356996308578322 0.121108278669265
0.0480695251803236 0.233113846940811 -0.0321446183906089 0.0103290572737398
-0.0249272684315155 0.256586164498055 0.00832069341879678 -0.186134091734644
-0.0185827645125819 0.124846158204345 -0.0875739043779649 -0.271619105287444
0.0263017762492663 0.143078883888997 -0.0699962219090128 -0.30806175593436
0.0918914567873992 0.11473639320665 -0.0578320997022878 -0.254808015223488
0.113179377820707 0.0574089590740008 -0.0546524641488985 -0.196061992301157
0.0986493965364813 0.0017807661302787 -0.00990295552665627 -0.136118107513153
0.0858557181411319 -0.0191371313214327 0.0339360397902554 -0.140027432929366
0.0872111024409014 -0.0409517201181713 0.0564286379826739 -0.133077161448083
0.0704432745439453 -0.04604263477915 0.104446399403587 -0.112105378049243
0.0793791245567899 -0.0428082313896276 0.171459432093352 -0.0875329689652389
0.102096071572479 -0.0129639051954573 0.215664657778173 -0.0362645617848184
0.103783998367033 0.0164228386986673 0.227121029318983 0.0581561985715543
0.110012092179967 0.075072458440956 0.141369563323869 0.123121548297316
0.0830117922675311 0.127766592713926 0.0440136867593658 0.104973523582755
0.000183042747700281 0.1679797145072 -0.0162445173799489 -0.0221188501936584
-0.0626420464828335 0.162270403969783 0.0275284892855557 -0.239236200519043
0.0410072259042274 -0.0339423660813751 -0.0178608122825681 0.271464348194726
0.00237918119479752 -0.0621596578929983 0.0266209879392027 0.0804077361887123
-0.0287914934901562 -0.0536553651654886 -0.0339861883574277 -0.090704699045259
-0.0322224490160002 -0.0154421967849026 -0.125652664761089 -0.135442230188549
-0.0127668486192964 -0.0120703909094661 -0.235328814174116 -0.0851159790019884
-0.0183227054823409 -0.0160990818868414 -0.255124028964772 0.0323070728764657
-0.0335904026908823 -0.0136172110755313 -0.197116397986591 0.104950965793936
-0.028436589462902 -0.0110035883158413 -0.128201112331245 0.12852523808606
-0.0306007108142553 -0.0253042680814998 -0.0712841506882578 0.144004236604727
-0.0166662421490628 -0.0423055384093318 -0.0421151267647943 0.154423364776453
0.000918885418364253 -0.0442488118238102 -0.00665145562592473 0.14582235726192
0.0129511419295999 -0.0408254476165836 0.0260944904599738 0.169988459290488
0.0166802721125932 -0.0494150816306312 0.0297383090471274 0.212620972253279
0.0470989303877757 -0.0434197691184283 0.0662788737064322 0.234966757584933
0.0670726002561281 -0.0182902766250649 0.0974699375200324 0.233482681080837
0.0556309211780833 0.088500729615254 -0.0389796917602736 0.232868061458058
0.0209787068024113 0.0465954553254492 0.0115107311728364 0.0502756026347209
0.0216359914323869 0.0386720364641898 -0.0509259998711704 -0.118317772141899
0.0396324445668502 0.0499147711377036 -0.133931535691995 -0.155934431486159
0.0675885694334913 0.0102066390588734 -0.24104867873539 -0.0978116362173479
0.0604519623110402 -0.0279003441699468 -0.257278969426563 0.0159718598695923
0.0339636851957852 -0.0567078542687731 -0.2001443921515 0.0907241250254631
0.0185370366027441 -0.0635214674219223 -0.126131801405336 0.112962291113837
0.0161502969754406 -0.0866327123671884 -0.0632789743254776 0.127752650620128
0.0477859129318301 -0.0898861821824024 -0.0284215693724285 0.134700275416209
0.0770203856479028 -0.076957155343008 0.0113558718813394 0.132707174278182
0.115985042406753 -0.0354745872636236 0.0394329036507759 0.161981467768049
0.114388246460013 0.003822479215942 0.0329758785708627 0.202779641306195
0.103580320737072 0.0538715320135808 0.0642651185970742 0.210686401183664
0.0986943168014472 0.102213782212074 0.0925485650467437 0.204393262390449
0.0626641394612492 0.200725866496665 -0.0498705923387935 0.157777862258575
0.0409132364224192 0.158453809717582 0.0107596995057325 -0.00984146918033143
0.0800144159067677 0.134473761303241 -0.0612395795420641 -0.166501942864236
0.121023946422944 0.10985737699929 -0.144443745489443 -0.183030805434438
0.147125122887666 0.0256104428231986 -0.236649362804484 -0.103304716122459
0.132828781758783 -0.0399260482027777 -0.237334411038684 -0.000518041923029017
0.0974252061067008 -0.0940368474585032 -0.179404888433959 0.0663052745423824
0.0626804279492351 -0.107079189529881 -0.106640169775298 0.0807734123045293
0.057952019446096 -0.13414648340526 -0.0437065605163573 0.0917397305240099
0.101745004074835 -0.125822753531521 -0.00356395608447029 0.0961711431668608
0.136136995977449 -0.103595486743118 0.043484144814854 0.105388808849675
0.196341191275837 -0.036247295450601 0.0637376171689717 0.148092238351002
0.194765838594486 0.0423013960159275 0.0383764907493223 0.192192944760214
0.150121161107708 0.133343514282217 0.0473418435803907 0.179385661752148
0.11736236429608 0.204282826751887 0.0728522593769333 0.146302302314157
0.0647976139923494 0.282067030585721 -0.0547130838056289 0.0558345426333217
0.0661951876731493 0.253338792314273 0.0133342790026358 -0.0908761904032411
0.145305084415116 0.213423146646487 -0.0666104569819756 -0.220364905787804
0.20481070014298 0.147866579670976 -0.148998589768448 -0.207658119266186
0.214789056837242 0.0240385607251833 -0.214103700226674 -0.104099322232639
0.185760314865041 -0.0560067321959465 -0.193898314312758 -0.0193263318266742
0.144138490862809 -0.122963614834577 -0.13872304862378 0.0318670694168209
0.0956106187099437 -0.134840536657114 -0.0711264632076398 0.0383160774057102
0.0917792950836624 -0.159792053667392 -0.0131547346011173 0.043446629297299
0.142798248559021 -0.13866792122475 0.0294157567247471 0.0462319723605246
0.177027156057095 -0.107253839660942 0.0807974161330186 0.0704042457938239
0.245310204389209 -0.024848815583426 0.0877852651443467 0.129727334656529
0.243319560489955 0.0770493018875327 0.0410968109873213 0.176582849134676
0.171237940366439 0.193910264408832 0.019967719570546 0.142231882525435
0.114423646094982 0.275683585878237 0.0443911035742548 0.0685973297615153
0.0633191369536571 0.318042153007037 -0.0604292854343445 -0.0570296658047031
0.0879672014718574 0.304774331712664 0.00503119823631231 -0.177546237791862
0.195276554397296 0.253814641659859 -0.0701162067989128 -0.262542026289505
0.26245069320183 0.153943807571313 -0.13982683774903 -0.22169730221631
0.250048267931169 0.0093022440539002 -0.170029654484592 -0.107235718920521
0.207372416575286 -0.0695372255308273 -0.133365970383462 -0.0468908425842753
0.16490598276703 -0.13652147520009 -0.0849879588090284 -0.0113075455077955
0.114957076906158 -0.142265013544541 -0.0269092558161693 -0.0103653282328341
0.114729172405976 -0.157720241633867 0.0266210665643694 -0.00629159943300666
0.169095078314263 -0.124499173864295 0.0699641230942994 -0.0017266233982931
0.197985463397122 -0.0829843212311469 0.120221851125023 0.039011663448785
0.258378362128458 0.00890794423091149 0.109697286425223 0.112878722613972
0.248932901572879 0.116542909570399 0.0397739807921147 0.156584012025295
0.156095373198592 0.233163085651163 -0.0105118874209827 0.100626177746732
0.0848560468966253 0.308894653976714 0.0166621814750233 -0.0174160315201195
0.0511250987295662 0.29779763083462 -0.0701477292603278 -0.158872259054845
0.0939803604899282 0.29769903256291 -0.0183239803021893 -0.249397758519003
0.205982951487213 0.243402448237083 -0.0735064405983474 -0.278514212202483
0.265829666837771 0.131780239463551 -0.117211376444398 -0.219037236522498
0.238295404017498 -0.00600205887846167 -0.110863492369028 -0.112365657624476
0.193098260570877 -0.0714572493461018 -0.066092542164965 -0.0794892427227523
0.158237751020896 -0.127554110922385 -0.0286209891627969 -0.0575596118575405
0.115105867502675 -0.127064780933419 0.0210239730550162 -0.0553535214727001
0.122533291273361 -0.131308766526519 0.0736712372261564 -0.0481814516056934
0.173822329120224 -0.0890879391234744 0.117632209577935 -0.0359571470842693
0.192292947293216 -0.040662611391403 0.161078765575082 0.0232558808519098
0.233645145952848 0.0525824661552073 0.125693008039122 0.104386732839074
0.212478127444976 0.147887378564519 0.0381401286628143 0.134598609685773
0.110102571324578 0.245204554394805 -0.0289171999939178 0.0548493864971262
0.0367124645838876 0.297641142198985 0.00158141213078825 -0.102973914404141
0.0260775805141969 0.226453170169358 -0.082738251074926 -0.230722759329509
0.074396294572551 0.234276372200673 -0.0496623027426747 -0.288696742451658
0.168475367386236 0.187486855520828 -0.0708522813186376 -0.269001473102283
0.209434796837391 0.0922876801928287 -0.086247390159146 -0.203986428156159
0.180020145713956 -0.0117499932325928 -0.0524032647712084 -0.121943967800926
0.145752605664247 -0.0549208855046977 -0.00869445966152949 -0.112970108523769
0.127410559174301 -0.0946766613657052 0.0194669956214542 -0.0994151202597959
0.0979634090424659 -0.0933369920218266 0.0651728296002414 -0.0899957008861094
0.108901295348271 -0.0898611240647167 0.121772478138471 -0.076033784944566
0.149497457913616 -0.0480513220801041 0.165972647935727 -0.0468928977032417
0.157706288395621 -0.00204782227872301 0.195982453996196 0.0294931150747003
0.17711037722042 0.0791790004371924 0.13568114995572 0.105758166267929
0.148430827026407 0.153243588021578 0.0389056319201454 0.11398528308346
0.0516809258869642 0.22041853209268 -0.0301740750110869 0.0106458522303663
-0.0157522461604784 0.244318298774888 0.00426229289030953 -0.176057272793662
-0.013558602329089 0.117291348752842 -0.0902914950813696 -0.259413482937412
0.0288579249953695 0.135444365094554 -0.0735180454392854 -0.292588427057694
0.0898488073180593 0.107430067754511 -0.0593655065419702 -0.243356846668438
0.110492464736583 0.052530727382515 -0.0568612487416481 -0.187319982120747
0.0938861501174704 -0.000631598803066967 -0.0114824077401781 -0.131601944801146
0.0809896209681871 -0.0192969509848472 0.0279002729477039 -0.136634721719852
0.0809208915605262 -0.0414576572588952 0.05142907288755 -0.128243279237715
0.0662019718380938 -0.0454188200298277 0.0977909607633715 -0.109988759049475
0.0738015169374755 -0.0418163471823649 0.16179987689674 -0.0873611362379003
0.0971798752983844 -0.0155902338608065 0.20363732558535 -0.0392644937050315
0.0994883209631843 0.0130549510235756 0.218540255833138 0.0503073086641207
0.107317520577645 0.0686314307244467 0.138546516253483 0.115108106248373
0.0815283599640117 0.119665426714072 0.0452772333393517 0.0993425789311782
0.00370644465416566 0.158646463395475 -0.0158169824810606 -0.0199662052020953
-0.0545696180994539 0.154696463305674 0.0204263652790108 -0.22753881369425
0.0389422673467937 -0.032067459027082 -0.0145165835850156 0.263024017206812
0.0022388390112855 -0.0596819906725631 0.0269653466476531 0.0771969879960177
-0.0265345032331219 -0.0518559070730012 -0.0341078061901825 -0.0902364594921573
-0.0298372646831784 -0.0154963038996581 -0.12510729158056 -0.133492155493524
-0.0117262834185237 -0.0132157775361072 -0.23072592955184 -0.0812515116041058
-0.0168353290996401 -0.0167580883697796 -0.247690858083955 0.0345537228147111
-0.0321629779149446 -0.0128481364103114 -0.190768005799197 0.103469052549671
-0.0271944622899518 -0.0111098983742749 -0.125712025114829 0.127157712780782
-0.0293640110713322 -0.0241772599874825 -0.0683092357843539 0.141128868228073
-0.0166161482971266 -0.0410782530382717 -0.0388969774508478 0.152110035396054
0.000216646966037714 -0.0432832190568423 -0.00600210897177332 0.143188717469633
0.0127157302016961 -0.0399598243004705 0.0255625486862641 0.164664813103867
0.0171487437142986 -0.0482236690897802 0.0296259051959468 0.208028899160604
0.0451705510752625 -0.0421956662120592 0.0655793046840704 0.228744153847415
0.0637900979732308 -0.0174797287013041 0.0971195170646155 0.228690921740405
0.054987273343558 0.0865863338207817 -0.0361150799768946 0.224505419801159
0.0223715234666853 0.0460141083699086 0.0122339680566784 0.0480479849217423
0.0233483767571244 0.0383425717042426 -0.049319406681584 -0.117211285666639
0.0421756205266086 0.0480053454225218 -0.133069005909323 -0.154565208282024
0.0676470395729784 0.00788702545307642 -0.235869213821947 -0.0948808242006147
0.0604353778459403 -0.0293319207795879 -0.250390410169516 0.0173334759628667
0.0329957543941696 -0.0561433462163502 -0.193688076865676 0.0898310950099645
0.017952979291674 -0.0626823983621345 -0.123697933396366 0.11116421328682
0.0155693019616956 -0.0843263665429944 -0.0603958016922979 0.124349159093846
0.0459477171752873 -0.0889396162867792 -0.0259357517479194 0.132743779226744
0.0743554577050273 -0.0763253516723348 0.0119718347577509 0.129108210914961
0.113421596608296 -0.0359269301598962 0.0397019907058031 0.157022214721692
0.112259930513657 0.00263888542531398 0.0333469365002935 0.199057296478732
0.101683929498343 0.0523880993060276 0.0644948242570188 0.205825245716227
0.0962638067901754 0.0997160563170083 0.0929688411624966 0.200974541553287
0.0631542354234788 0.194504457713938 -0.0479326102488744 0.15116617805095
0.0425519889789969 0.155149138598146 0.0117694527768586 -0.00992805394710669
0.0807942133161281 0.131902427819913 -0.05860923477411 -0.164820308129753
0.123378871532257 0.105884964604639 -0.142537307754661 -0.180991467813522
0.145771795775292 0.0225499878781864 -0.230450971717492 -0.100486981807083
0.13081689822689 -0.041988714141441 -0.231000161273363 0.00135832489245092
0.0942654175372781 -0.0932011756332715 -0.1728620497337 0.064907839734646
0.059835449881197 -0.105937365473732 -0.104653154452691 0.0789166310395411
0.0549948179078036 -0.131406122982856 -0.0412272635210658 0.088375376187331
0.0976830947166635 -0.124511391938564 -0.00202665640044288 0.0942233738991595
0.13228305409624 -0.101967565087653 0.0437440888148589 0.101966811450907
0.192193600512866 -0.0383667254165489 0.063805510537733 0.143192808333161
0.191512761311512 0.0398481933606911 0.0392263558719919 0.18763740211787
0.148724169044942 0.12916194850752 0.0474634809887517 0.175114048420819
0.116722828233194 0.198628864328487 0.0737347130711315 0.143778705258861
0.0665962124129344 0.273550231435556 -0.0528986245816902 0.0520259152059161
0.0679392314187922 0.247402347341378 0.0132520824330885 -0.0891954232802012
0.144936548853906 0.208856236338513 -0.0644625640612258 -0.217319542514214
0.205011365157401 0.142339643441012 -0.146783422526151 -0.205273512778852
0.211782880092169 0.0203004141488752 -0.208642231447296 -0.102303364227806
0.182115166587597 -0.0582546430443642 -0.189634127962415 -0.0179617916244546
0.137958549939868 -0.121870099657575 -0.1317896010216 0.0314287099291161
0.0921614500242874 -0.133335388072263 -0.071230306910295 0.0359091655798259
0.0879992990675583 -0.155647880178897 -0.012208675236635 0.0410302142896943
0.13739474607254 -0.138604261895545 0.0292860416759223 0.045294518223386
0.172350812101051 -0.106654123078129 0.0799985426535913 0.0667586618692792
0.240653456743286 -0.0276630756010481 0.0880872332341625 0.125337565643307
0.239112602197271 0.0732750847413268 0.0418776732653847 0.171630538920717
0.170653840681994 0.187159125189047 0.0203238957230543 0.13885131251643
0.114804941974628 0.267687451473307 0.0447118642577069 0.068235620467042
0.0654860330906603 0.307476716059971 -0.0599717408160112 -0.0573556110247132
0.0890337732922511 0.296546352092424 0.0045898883843857 -0.173688321107645
0.193761772488232 0.248227165739478 -0.0683023263340366 -0.258404284283631
0.261017866168094 0.148697760124569 -0.137989532240788 -0.218212889736169
0.245647692514652 0.00617290288749269 -0.165424693465818 -0.105329975288612
0.203298247118638 -0.0710943526964236 -0.130621641449631 -0.0459341450277858
0.157943152025587 -0.135099752741421 -0.0797144449841365 -0.0111378190861513
0.110547531341081 -0.14064537654386 -0.0275243240862526 -0.0114027945993409
0.109744403597378 -0.15383104650769 0.0262413001313215 -0.00767977780210345
0.163370545116108 -0.124679713564673 0.0684299330029579 -0.00255610180427627
0.193240918316436 -0.0831245515655946 0.118849835477242 0.0361626299234105
0.253706139493523 0.00499987366187302 0.109218208471064 0.108940708436406
0.244525032650397 0.111029802983467 0.0413259821820983 0.152154561834325
0.155727226820301 0.225685898974042 -0.00962495846994269 0.0980327169580788
0.0861376008399981 0.299598990819131 0.017181975095205 -0.016179125881139
0.0533409065596383 0.287868877388373 -0.0704865560562675 -0.156732808508954
0.09546218984803 0.288750849866524 -0.0195195522720176 -0.243822815267767
0.203270760663202 0.236955897333695 -0.070973120720285 -0.273446012387488
0.262960391419675 0.126711511480686 -0.115531054339402 -0.215322377340129
0.233078913279456 -0.0084633385193168 -0.10782007132649 -0.111727558060293
0.188176466668021 -0.0715781006340131 -0.0655972035417913 -0.0788728075415262
0.151436873894164 -0.126316599051252 -0.0251553678796978 -0.0572393196349274
0.111056914860384 -0.125830448655595 0.019638773134844 -0.0553939668537547
0.118056920248243 -0.128261554425636 0.0718691519613728 -0.04903663276537
0.168592712080908 -0.0904930255521687 0.114369306465806 -0.0358937401066902
0.188436069322552 -0.0418258943877089 0.157947543677935 0.0211822554208844
0.229716021934756 0.0481556698334348 0.124873639612748 0.0998843466869021
0.208560796540658 0.141972561185342 0.0392920195890729 0.130773078511219
0.110604827003326 0.236996974840357 -0.0279804406306402 0.0534577771347194
0.0392048806163625 0.289259907464657 0.00138126845872103 -0.099454106351273
0.0282973491707448 0.218666922192169 -0.0829051405953161 -0.226459367576196
0.0754242565885278 0.227085449799249 -0.0500721367142061 -0.282538449470353
0.165583243681324 0.181815430633362 -0.0688135711649021 -0.262926559179715
0.206700258409395 0.0882964209309186 -0.0860830515861393 -0.200775321276645
0.175384952330676 -0.0130448330197172 -0.0508087015279651 -0.120173669735608
0.143151161506076 -0.0541083282039738 -0.00989826328509289 -0.111964052836056
0.1220176949157 -0.0940820406207249 0.0201897084636471 -0.0976713336254492
0.0946945432016566 -0.0920309904664019 0.0628962630907828 -0.0901557183890755
0.105442951708284 -0.0875460732895304 0.11914952763598 -0.0755620083304953
0.144821075653756 -0.0494827431971277 0.160639754759802 -0.0467720009788469
0.15448133015452 -0.00357381511769831 0.192071540228925 0.0264873638343552
0.17428596415248 0.0742450140205184 0.134533009008927 0.102222001925016
0.145306793478549 0.147764268325455 0.0396729300880721 0.11086892881121
0.0524041463675995 0.213607159915794 -0.029746745071453 0.0110830896652045
-0.0120165982896643 0.236819390293882 0.0032350142768353 -0.170947344976206
-0.0117068923098744 0.113909459155594 -0.0909894823543821 -0.253874453438905
0.0292712134220701 0.130788965438858 -0.0750843740150687 -0.284423436462811
0.0878927220505314 0.104468137363377 -0.058537697232356 -0.238173962218459
0.108171840122153 0.0502978725120423 -0.0575844571153482 -0.18361728893068
0.0905761606353397 -0.00114705503424942 -0.0117753701301676 -0.129981139914367
0.0793512262098904 -0.0183875748992514 0.0255279862429767 -0.13563837832938
0.0779302300718832 -0.0415358097417594 0.0497952250187625 -0.125590737162089
0.0638891944576917 -0.0444364926896819 0.0950408027948864 -0.108803431884619
0.0709640292102231 -0.0410058588108751 0.158092221209763 -0.0865229417628884
0.0942139345176436 -0.0171778501361238 0.197336431759594 -0.0389492529214337
0.0965490958618942 0.0117805965637396 0.213615534605462 0.0472917957501834
0.105988973043412 0.0651201874191712 0.13732839762008 0.11189164855384
0.0790099711180641 0.115929933390812 0.0457803740979859 0.0964608911842487
0.00492571399529917 0.152723466993712 -0.0163490436424289 -0.0191534286639186
-0.0509226762573824 0.150137979380385 0.0176648362278693 -0.220577886149548
0.0369876172142735 -0.0306509126609904 -0.0102675170038818 0.26157301217842
0.00236944092403459 -0.0589948382578826 0.0293980636913977 0.0762815255214577
-0.0254369187870369 -0.0518235599609325 -0.0356797234309178 -0.091906241489795
-0.0283673566749779 -0.0161143248141151 -0.128981559942736 -0.13371227714203
-0.011389147924321 -0.0145371663673716 -0.233192128014721 -0.0786385417554913
-0.0164399316478168 -0.0176237753999693 -0.247111005584722 0.0382214988655198
-0.0315916576219295 -0.0120256935733124 -0.190115439933396 0.106333957039045
-0.0266880707275195 -0.0114260484005119 -0.125472899027174 0.129335435042529
-0.0283558933912922 -0.0245088580943484 -0.0663953952374434 0.142709013461892
-0.0168469294423704 -0.0405598036643059 -0.0358990195779856 0.153830195446972
-0.000635706005857788 -0.0439941680013763 -0.00422987115483132 0.144103562461219
0.0133395106776439 -0.0406490116481038 0.0260658831271467 0.165042892773147
0.0174944209578587 -0.0487401665487907 0.0323317656908776 0.210084457139817
0.044239806570652 -0.0412974907492219 0.0678941897146428 0.229593257562525
0.0623215819122419 -0.0171892017177809 0.100142450314851 0.230690821499393
0.0559223437424081 0.0867003812528874 -0.0337082431197958 0.223299163440016
0.0239615157170544 0.0470546522355758 0.0146971295968259 0.0474627934741107
0.0257993577864092 0.0385228236269964 -0.0505004179692334 -0.119725344721319
0.0456043042665859 0.0466522197271603 -0.136569167461695 -0.155593868749029
0.0694930297599081 0.00566727198039447 -0.23777307596827 -0.0926933002642655
0.061018094618592 -0.0322170365795999 -0.249938787573502 0.0210831444611446
0.032459533589973 -0.056730178011054 -0.191855815017348 0.0917775017927447
0.0172295749835574 -0.0642477705975086 -0.124392260002445 0.11339178459244
0.0145050731831374 -0.0848562386429458 -0.0594000873795003 0.124759920643807
0.0447996590613189 -0.0903076350577225 -0.022942432527107 0.133877372239798
0.0738406950390118 -0.0771937993371281 0.0136615290498386 0.129878409137561
0.114676236718664 -0.0385883194851633 0.0410552525376896 0.157267534207809
0.113721456068682 0.00132330292458515 0.0364910431151505 0.200541428591057
0.102772118036349 0.052139005622393 0.066420145780263 0.206455034063963
0.0969779147867417 0.0994509981178361 0.0966166183119473 0.201900117917728
0.0658132941792751 0.194407569925733 -0.0464051980250446 0.149602361937098
0.0455224674652281 0.155958063535018 0.0125689424387525 -0.0110940389613292
0.0842892294376222 0.132104607040724 -0.0598469076419815 -0.166754822913246
0.128828887426163 0.104295758975783 -0.146210197926104 -0.182211650782329
0.148451810908287 0.0191474590531104 -0.231824784826364 -0.0994693274345311
0.131873544869742 -0.0460453569354616 -0.231459438380564 0.00343450157399635
0.0925374300184406 -0.0952126798672867 -0.170139487214119 0.0660765933548994
0.0587546293442279 -0.10794824627949 -0.105246108444664 0.0802615474147794
0.0541606742972761 -0.13269388044405 -0.040876231769713 0.088184579879643
0.0959374726624954 -0.127513140748478 8.39321578729551E-05 0.0947616870227058
0.131212846501176 -0.104182523456517 0.0455299754978552 0.101645904975766
0.193243782063747 -0.0420776807593451 0.064981713334545 0.14276464146165
0.193268030226132 0.0371654510241236 0.0422343502064069 0.18835032182937
0.151047382002613 0.128157932653622 0.0497490897219969 0.17590147945895
0.119008129929699 0.197611180452907 0.0765857570232531 0.144852160886538
0.0706309599354719 0.272174803736379 -0.0535556524154514 0.0506888709909671
0.0720858624649129 0.247441415685153 0.0133576324021268 -0.0899671436959512
0.149233987683559 0.209157040073333 -0.0648039250684423 -0.219787622270646
0.211711020246452 0.139810265962012 -0.150328265563308 -0.207377936019867
0.214394159073312 0.0165018962220099 -0.210055497748505 -0.10270450178834
0.184033263200121 -0.062834209747803 -0.189727412772084 -0.0177322549085258
0.135438501973639 -0.124625997596702 -0.129236226465337 0.0313576725244594
0.0902761397049416 -0.135855052178541 -0.0722031177956426 0.0364117110016821
0.0855705150875265 -0.157242040676489 -0.011910927262215 0.0403604120623971
0.136302246338249 -0.142379963653297 0.0307582985284055 0.0450061950802966
0.17120000540976 -0.109320786908289 0.0814784746271639 0.0653199593537146
0.242117446158929 -0.0323117247990703 0.0902959141684 0.12436427934916
0.241995410939159 0.0699364082759165 0.044974026211678 0.171589036622223
0.174246411303306 0.185869816592141 0.0215913327054543 0.140528674981648
0.118682027320141 0.266582971512244 0.0467679467441612 0.0690664107879621
0.070104001063455 0.305933924317388 -0.0618995382159851 -0.0591471046258799
0.0942972500924708 0.296775799558504 0.00367089431230482 -0.17464077857139
0.198557121301754 0.247435374550858 -0.0688995271866433 -0.260323843674083
0.26684980085633 0.144977413913848 -0.141423217194741 -0.220318206794651
0.247581670713105 0.00222800281948747 -0.165820108414514 -0.106465194161629
0.204828805434053 -0.0758835095903398 -0.131632450706894 -0.0462121418586053
0.154565700822758 -0.138164463930345 -0.077020736757884 -0.0124780238468993
0.108042063820703 -0.143495837001471 -0.0290190465604549 -0.0117929721016283
0.107781437039405 -0.155038719865722 0.0263609645758874 -0.00940165249596803
0.161856487931391 -0.129114128290867 0.0687131786173508 -0.00304759014582476
0.193013341528133 -0.0859442881756375 0.120329506153816 0.0332906434389126
0.255797643792403 0.000320328504243815 0.111897257409158 0.106435302303318
0.24713998549355 0.107929988075652 0.0437781772665876 0.152375520430051
0.159859586751781 0.223751297489044 -0.0082938313706093 0.0991500858921815
0.0916082766390553 0.298573876000196 0.0177239353184244 -0.0150923937619419
0.0586496035665033 0.286362786045582 -0.0732745065207886 -0.158087359983882
0.0997144051416648 0.288538356801153 -0.021561478036759 -0.244498435039831
0.2077127915448 0.235745757914924 -0.0726181672521309 -0.275672029404861
0.268271298507979 0.123380587966895 -0.118659630608319 -0.217046347424771
0.234111568327074 -0.0122554412660547 -0.108107116560833 -0.112560782182979
0.189211548229869 -0.0756882620277306 -0.0668975824923727 -0.0804616452173663
0.148105804342681 -0.128856492363501 -0.0232593778830834 -0.0588356458757949
0.109224108786535 -0.128411976930785 0.0188952604050703 -0.0573045019159594
0.11657502245258 -0.129611441353591 0.072249199488556 -0.0511811925421484
0.167567281364859 -0.0941913733589332 0.113915934505203 -0.0367678411515801
0.189307040897389 -0.044304467968314 0.159763379627034 0.0183934031094278
0.231542490674019 0.044377187432058 0.12867019941796 0.0983994580542218
0.211012658654488 0.139843237903822 0.0417239815502495 0.130938320695902
0.11399773730883 0.235882453350905 -0.0283603623170667 0.0549707025484253
0.0447789907432519 0.289201052518236 0.000642924315684235 -0.0986623143471686
0.0328256746747656 0.216766667741164 -0.0869716452495136 -0.227987672708982
0.0793535698873417 0.225824172183205 -0.0541620430727733 -0.28229046802716
0.16897752548826 0.18091715395674 -0.0712451913006003 -0.265427837435204
0.209225282545674 0.0856516590105396 -0.0886412403768762 -0.200983693602949
0.175048604062427 -0.0154964639909531 -0.0519060882371304 -0.122356806023742
0.143354185454974 -0.0566754229431262 -0.0121242803624161 -0.114486426249269
0.118922999623142 -0.0963861957158026 0.0205559134131907 -0.0999138498294478
0.0927453131071621 -0.0943242492241165 0.0617243762064245 -0.0922047916531848
0.104463074075613 -0.0881584938105456 0.119182690403296 -0.0784964932679506
0.1443228210049 -0.0526952241046071 0.160071786320106 -0.0485074064194228
0.155318404130134 -0.0053919770790077 0.193523324565172 0.0237367767268618
0.176618472312354 0.0724749367007258 0.137757504682428 0.100824167730647
0.147873322772297 0.146558366558453 0.0418766190933727 0.110409644729326
0.0553554054404016 0.211989866122002 -0.0306010826039971 0.0120352801353074
-0.00735031186830691 0.237400455722708 0.000850199796374823 -0.170434973665974
-0.00921724686941915 0.112860945998743 -0.0948921221471566 -0.255570883634805
0.0309438814612156 0.129742510269865 -0.0787383200731896 -0.285093215245977
0.0891421696410813 0.10371039509527 -0.0604832639564239 -0.239888138401403
0.109669133318995 0.0489460573767705 -0.0608751123220972 -0.184594352576957
0.0900779614280328 -0.00226942699965095 -0.0134878307822267 -0.132445451063881
0.0794579458090327 -0.0192199016109991 0.0225734447712352 -0.138070171088445
0.0758053797304375 -0.0434222320169652 0.0497083056550383 -0.127086023500227
0.0631657965618752 -0.0465506496778134 0.0951217988885707 -0.111110009651417
0.0709866708207269 -0.0411836406049882 0.15791570178876 -0.0895811262586768
0.0938568536079722 -0.0191683786554482 0.197148804767172 -0.0411695796966082
0.0971778010723803 0.0107592988874531 0.216023841058202 0.0445021075422876
0.107320107665242 0.0641273592208976 0.140374468980704 0.111111252880659
0.0806745476139711 0.115421369460755 0.046990406020441 0.0960690538522325
0.0064379171898261 0.151987820752862 -0.0171529696788456 -0.0182986665672725
-0.0476645790180176 0.150697294009442 0.0142826949291305 -0.219935118678406
0.0359181011732945 -0.0312846668967765 0.00941063007136807 0.264468925996412
-0.00221717429629297 -0.0579818882432836 0.0407745300553533 0.0736456343382577
-0.0322244253827912 -0.0485952295746188 -0.0398614300086925 -0.09287570139904
-0.0322015400730293 -0.0138791071682833 -0.140737505544894 -0.126834048909718
-0.0166643720551975 -0.0130771826530242 -0.241770261957996 -0.059186781924795
-0.0196651006031448 -0.0134593277941761 -0.243557896373555 0.0590768215507512
-0.0332911358184093 -0.00608029852119498 -0.178960913234621 0.12399736249044
-0.0270398269783935 -0.00801219438579161 -0.115503219707068 0.143670910104018
-0.0318322376803595 -0.02165266967242 -0.0555752764396875 0.153600512197749
-0.0225943780578135 -0.0399211971335333 -0.0216971081750598 0.164207673087408
-0.00752409277226904 -0.0438550129172599 0.00832608547524124 0.151013218949148
0.00678460173086092 -0.0443200675336893 0.0410669802280583 0.171581885410803
0.00897598566493213 -0.0517412992708986 0.0519793990221683 0.218993999759005
0.0361844825898172 -0.0456662947135049 0.0876048878866738 0.234820265375724
0.0586364103176113 -0.0213803453692624 0.117372510161475 0.231339414916238
0.06892510762277 0.0816809592819588 -0.0250389574778356 0.227647184021508
0.0313311309928644 0.0448112530928357 0.0174539998139865 0.0471431934935987
0.0310038005361605 0.0352866133867535 -0.0649252235418486 -0.11593019591433
0.0511477104556164 0.0384431965690835 -0.15674368192623 -0.144416800618195
0.0663173508752097 -0.00214044358163538 -0.248764365105584 -0.0684912416822058
0.0563409016466292 -0.0362882218980861 -0.247648224536348 0.0446960250884277
0.0248610713200562 -0.0594749025777725 -0.181800120398414 0.113987800486209
0.0117832408125763 -0.0651517562851064 -0.115049024779397 0.12690148405902
0.00483324805671961 -0.0871114155603988 -0.0497981632016442 0.133772172247665
0.0340746371498157 -0.0961722022757027 -0.0100895291486267 0.143353060506381
0.0635486394305577 -0.0859709520214179 0.0256431881944878 0.135912658740109
0.10897034445492 -0.0534312785393828 0.0537440927636462 0.163318329773958
0.111714184075845 -0.0115778220050782 0.0506934514062771 0.207402610386341
0.106488096653948 0.0441058014391884 0.0841436191771781 0.204611635779462
0.10521953765069 0.0961094721893907 0.113402833580367 0.194362931706026
0.0913373624528072 0.185233159737501 -0.0512885987798497 0.155456315602069
0.0643526622242327 0.149718649198328 0.00396633504355681 -0.0108076569749037
0.101227113704335 0.121330364435805 -0.0854947280358141 -0.1589140069799
0.140948899899263 0.0846537601328234 -0.174017837496374 -0.164556367545188
0.146990779334243 0.00261130995114505 -0.244214246923676 -0.0714243155863481
0.125778209175336 -0.0591079841345889 -0.229973815657357 0.0290222641020894
0.0803390120117608 -0.10676213939466 -0.163494834134229 0.0900437594862624
0.0487198942716146 -0.112824788608676 -0.0979622066113342 0.0916252952304502
0.0381658587682059 -0.138970047769056 -0.0338670689080673 0.0946064422477404
0.0815086745192899 -0.139778493950722 0.00998171421365223 0.101858825736639
0.118242367400846 -0.118196170267317 0.0554817915361797 0.104705603327118
0.187755900384744 -0.0662642770376836 0.0759701861586776 0.147546223717866
0.197235787576126 0.0159224379758889 0.0523274836065536 0.193141054999411
0.165549147611214 0.116932616617115 0.063120434879989 0.168330642327797
0.139573514355454 0.195887455622052 0.0912496615591748 0.130128937459644
0.104620843539923 0.259779289611238 -0.0711320782553077 0.0567962916381989
0.10012209054116 0.23668516580319 -0.00626750714148119 -0.0888060129675753
0.17405402958471 0.18935139259434 -0.102085549781716 -0.206700466523033
0.228529666888884 0.109280687709298 -0.184730439628914 -0.183522995439929
0.212095242303281 -0.00805248328970093 -0.22076375750604 -0.0716970970171666
0.176010166771577 -0.0814516595815743 -0.190156997442218 0.00700300414275741
0.119144376987913 -0.142519243528575 -0.125548859612454 0.0542914551652611
0.0766931063335691 -0.144155791861685 -0.0679492003412297 0.0441072881147154
0.0672812517883073 -0.167164582667479 -0.00874688717847529 0.041539387272734
0.119022881415575 -0.159903532749709 0.0360131836097839 0.0484027818195163
0.158729201858742 -0.127451444014847 0.0897054878200061 0.064516359794198
0.237691701878498 -0.0617857786362642 0.0993737765264499 0.125986593638879
0.249781290554163 0.0450141312605941 0.0524575991154735 0.174583395624686
0.195211762258066 0.17312890246325 0.0312716866048688 0.130207343439494
0.146805401347536 0.266730115545177 0.0579566644524873 0.0503641697272846
0.106543798966319 0.291899999738265 -0.0890902698429747 -0.0532830652131699
0.127252774901867 0.28143665623855 -0.0269978134069761 -0.172618452881132
0.227148272607745 0.220994782369138 -0.113128836442815 -0.244125999587424
0.283239311384544 0.106224168528691 -0.178280069196194 -0.192985767696246
0.24403635611076 -0.0257039045955568 -0.176001374922443 -0.0778051022779574
0.195258906637877 -0.0966422388702401 -0.13339843787533 -0.0260816718177849
0.136073174598378 -0.158951548532729 -0.0769871283913209 0.00632838789995273
0.0935426895413411 -0.153655505244873 -0.0281130057514603 -0.00934401796507366
0.090084112205556 -0.167704534493944 0.0259074186066463 -0.0130602141836002
0.147424658311239 -0.14887052114697 0.0699488911240649 -0.00435379417158569
0.183041333248581 -0.10607705504595 0.126551483674211 0.0271307283043513
0.25577802403329 -0.0296991359271592 0.119534439880699 0.105163876738151
0.259498443895605 0.0820809083835369 0.0476675087996273 0.151803109073242
0.18577043824661 0.212834084362548 -0.00153805379625678 0.0882810376423697
0.12309017145961 0.302080954199423 0.0241095546503524 -0.0349800026588367
0.0920770652716545 0.273372203431197 -0.106035290303796 -0.153681578971247
0.129601390337126 0.271840693458689 -0.0581128239231876 -0.240078555432033
0.234228690961442 0.208416825818877 -0.117198268557998 -0.257435254652721
0.280362486078274 0.0852873157546314 -0.153132980623642 -0.189868292654511
0.228837957379631 -0.0385500472936676 -0.1178357081207 -0.0908145599974114
0.180512347696621 -0.0959396478964609 -0.0719943423908383 -0.0674643764472047
0.13036545202421 -0.149119811392195 -0.0275051561947744 -0.04560080918492
0.0959104346342976 -0.138937638106847 0.0151766389848243 -0.0604496214589232
0.101297478845007 -0.143177945711176 0.0694060877309458 -0.0605573965890197
0.156326472689359 -0.114040716811448 0.113895788613131 -0.0440867467644563
0.183473952452873 -0.0638396141738995 0.165204326379877 0.00691751859737589
0.236784561668776 0.017281108515033 0.135853547294621 0.092777485639924
0.226628197664392 0.118343446015593 0.0446373743504359 0.127833461118841
0.139796342609485 0.229413747123342 -0.0231779984270255 0.0447154428613619
0.0750208172193228 0.295126937915887 0.00231363136418979 -0.117290971845325
0.0564638239958996 0.208831229986539 -0.120106870683933 -0.224279213883999
0.100761159385039 0.212252527026843 -0.0898186501284021 -0.276714164814438
0.188154317011363 0.158253651825326 -0.110124197530524 -0.24965473632203
0.217300940160494 0.0553527760935272 -0.117095844830224 -0.180806862282934
0.16989636198381 -0.035433526379259 -0.0615618333888588 -0.109148689395752
0.135901430002059 -0.0724352780716213 -0.0206543676439177 -0.10848097749572
0.105221658805038 -0.112829270913586 0.0126594810765804 -0.0935029024807538
0.0832427673596785 -0.103611823286578 0.0562454987041479 -0.0992955011414288
0.0940503786311937 -0.100556944102529 0.115604475687716 -0.0926965565128056
0.138158202721302 -0.0689739418688972 0.160237722333579 -0.0613038663431735
0.153731938702131 -0.0207523329731417 0.20073656209836 0.0090451135835037
0.184609477838432 0.0525630122256113 0.146028419723596 0.0933867390250268
0.162839634850487 0.132902848089903 0.0451926924427481 0.105608884549124
0.0777097747814204 0.210864298987417 -0.0272361977974698 0.00309631345687017
0.0171181680691033 0.246606066147771 -0.00202533518229665 -0.186341496865468
0.00208251583766399 0.111695490280713 -0.121843631440642 -0.254388268365087
0.0407397491644811 0.123199678490169 -0.109822487743335 -0.279622037968712
0.0987366786071416 0.0918644441957625 -0.0910116093039509 -0.23007737074993
0.112844717240419 0.0325567695807084 -0.0832136410057612 -0.172470322965887
0.0863202604846875 -0.0133666417400904 -0.0251414778028967 -0.128337723496888
0.075672276454671 -0.0280224196500782 0.0112955549694221 -0.138852595317756
0.0694974481176234 -0.0544125694469546 0.0376110904445316 -0.12760384532983
0.0581066275039189 -0.0530145451202485 0.0865250103841378 -0.122673924415387
0.0659558736039026 -0.0485200419063276 0.15470628386616 -0.107654328848608
0.0906150502400831 -0.028433959391145 0.19998910056749 -0.0574617150729421
0.097128178530249 0.00278140378267199 0.227224685364248 0.027194536361404
0.11315924325397 0.05282708166377 0.152413655160352 0.102687585478682
0.0913459264387549 0.108566903644537 0.0528207106430294 0.0918684574101398
0.0215455735871275 0.153633455043685 -0.0160018756701852 -0.0246977182513528
-0.0322418943749671 0.160096871264323 0.00712535682859386 -0.232566124384618
0.0338234038972905 -0.0314309784143159 0.0262666989925395 0.262501229357482
-0.00516667906978711 -0.0570716942120932 0.0466455835512697 0.0696622102331079
-0.0338931313829929 -0.0475760251776643 -0.0468603181203056 -0.0926073558245831
-0.0324704854985254 -0.0134085392594137 -0.15065251091254 -0.119782778593144
-0.0175176407109743 -0.0134387007935022 -0.24712267789808 -0.0441356353360867
-0.0205079611063374 -0.0128175075377265 -0.239988838298638 0.0745028848821728
-0.0327466322417167 -0.00406461538507719 -0.17232039210431 0.135664563138839
-0.0278425526403731 -0.00655045469828071 -0.107585536367573 0.153218052410526
-0.0335787779399534 -0.0199787110942652 -0.0462611332890113 0.158717360714682
-0.0251670192576106 -0.0382136635160533 -0.0106860263278534 0.166578014502033
-0.0102320926428975 -0.0435010030393586 0.0175380322378513 0.152300595625534
0.00437600382159619 -0.0463743466445255 0.0516549605325493 0.17117455477688
0.00601049643718033 -0.0521539534436257 0.0669942625117908 0.218425911045426
0.0336104707940863 -0.0470334976774869 0.10237322437158 0.23147458724032
0.0562149139364069 -0.0236100608268693 0.132982054122299 0.226862460014075
0.0745462252467635 0.0785114983765901 -0.0113034313385825 0.228027511107149
0.0351671605499673 0.0445524598569866 0.021646917449226 0.0442502609254109
0.0353206269030754 0.0338072090981738 -0.0726430325166021 -0.114759487760616
0.0558253293407128 0.0338440434794005 -0.167867763767433 -0.135805636849146
0.0674367105154177 -0.00825233564191581 -0.254561500431664 -0.054173386590338
0.0545348785939498 -0.0419349511555174 -0.245731510617962 0.0599900597923403
0.021866590227924 -0.0617369143483955 -0.175753584954847 0.124190301736964
0.00721166835656461 -0.066473300867531 -0.108959912594659 0.135801089752344
-0.000971319915647291 -0.0884447664218159 -0.04121527492338 0.138263638342453
0.0275339359219586 -0.0998499239928977 -0.00015721732732873 0.144452016225326
0.0583230879925881 -0.0894513962640884 0.034274976031232 0.135549330625865
0.106646947903669 -0.0621362647093108 0.0641919359835814 0.161478700454186
0.112242564680579 -0.0189550495144507 0.0660243823601115 0.205850831473266
0.110433418311063 0.0387981574400764 0.0970686823480154 0.200412610792918
0.111978033800599 0.0912394375923205 0.128019709580168 0.189541165561773
0.103327426647323 0.180146732038299 -0.0422233154540244 0.157314538761145
0.0755014285023347 0.148289930437426 0.00584690496577458 -0.0125234406560446
0.11186387750328 0.116010810886414 -0.0963979763890758 -0.156935142870988
0.150361591069991 0.0738608259731416 -0.18674394010938 -0.156071804050531
0.149205012202987 -0.00869406283460362 -0.249998310752381 -0.0578254395622708
0.123016457841104 -0.0694659462858489 -0.228928399702481 0.0427317091881906
0.0735918717362743 -0.11257380072422 -0.157410758142914 0.0980954745887425
0.0409371953440995 -0.117155538717088 -0.093970340403159 0.0994293652574266
0.029247676183701 -0.142716700072196 -0.028345828424997 0.0966778087223342
0.0723486197655263 -0.147126156599424 0.0175476922734315 0.101469663546372
0.112312508811616 -0.126771854826922 0.0626981514391458 0.101541806927254
0.185388321739412 -0.0802209702512862 0.0859956127917827 0.14384178250977
0.199790305825154 0.00361279790562251 0.0670998412667916 0.191783982791466
0.174634024407015 0.108306615776452 0.0748913397202432 0.166161118569241
0.152637337687462 0.188926103788801 0.101708652713177 0.126204008778207
0.121501589228183 0.254129971677359 -0.0681214557210968 0.0595431750727043
0.116664026808216 0.233101569707936 -0.0101589052209929 -0.0897751213968314
0.190028292140014 0.180168281530658 -0.115332375616232 -0.204569445780291
0.240069693237615 0.0935679666453346 -0.197720964681917 -0.174734832143137
0.214261391675377 -0.0227277032794181 -0.226695032818387 -0.0610704145915659
0.172126555802561 -0.0954499510145475 -0.19138249581013 0.0178177707315756
0.110212423783262 -0.150977947192952 -0.121063556280831 0.0581828312639015
0.0671560042287719 -0.150397531435811 -0.066395508941714 0.048608594189023
0.0561340173460437 -0.172783737113246 -0.00661742429603727 0.0418577240086913
0.10912139328607 -0.169440203833027 0.0408810593523604 0.0459381175861789
0.152029398499309 -0.138660870919403 0.0943750786800856 0.0583313336716378
0.236250773242329 -0.0791761027583661 0.10847929879233 0.119853002366724
0.254554660791641 0.029098540345824 0.0651445226070383 0.172730172966419
0.208325145837473 0.16198431933301 0.0404964079943343 0.129634198073446
0.165608543085957 0.25941995893744 0.0623143295974226 0.0484079894049224
0.126269126090424 0.285469122084211 -0.0932935225061907 -0.0496450265079316
0.14610212580915 0.275314092696591 -0.0362409992335796 -0.17112015896989
0.245138530439496 0.208612912499826 -0.128435563384965 -0.240882720969868
0.295104312135554 0.0874799582698983 -0.191664981712939 -0.183966635201061
0.244149130932267 -0.0418525003603691 -0.181781637868271 -0.0695547210040585
0.190844371315442 -0.111902855548132 -0.136990445919567 -0.0191042545179972
0.125724604022215 -0.167805558374829 -0.0747332867779379 0.00724425826474706
0.0823903439438123 -0.161001343129765 -0.0300715578910079 -0.00818969100184662
0.0796145468377004 -0.174949579450854 0.0251919515043617 -0.0158646843992773
0.137983720445469 -0.161096678860713 0.0711404357678087 -0.00938179011169465
0.17857282220239 -0.11844872633975 0.129334995260489 0.0183326372410888
0.256535829421308 -0.0488270928297281 0.127483870897159 0.097492329803304
0.267727630511445 0.06589317787889 0.058659458883367 0.150433058337658
0.200953040125801 0.202131014241745 0.00444926242668659 0.0901584163549146
0.144055104240329 0.296270180803088 0.0228284742557233 -0.0351335722297264
0.109452537940672 0.267169550790801 -0.116614776719599 -0.149236093015526
0.14771603371347 0.265386282733235 -0.0719016338519817 -0.237773385775816
0.250763119630099 0.195326048087233 -0.133353091752471 -0.254286399194643
0.289855424756208 0.0663654571036579 -0.1664572856866 -0.182617734339366
0.2281444575513 -0.0531051284951481 -0.123871506676637 -0.0865175887937806
0.175711459389319 -0.109649118354208 -0.0774863714740386 -0.0642751933166442
0.120480108392713 -0.157402502851009 -0.0286708176200646 -0.0484072461449428
0.085499505914923 -0.146392205280246 0.0109668548804101 -0.0617016315472944
0.0921574907041622 -0.150751306734885 0.0659434370922432 -0.0663594266150664
0.149347787154323 -0.12646932117997 0.112491539901826 -0.0515945269840417
0.181716789512132 -0.0759775683719689 0.167057826351938 -0.00537542230483911
0.240882077257512 0.000939512900254152 0.143313687547529 0.084268463974748
0.236357902101814 0.104357987064536 0.0536620073394607 0.126007350796227
0.155427882275657 0.22151958425336 -0.0206826644476122 0.047026906856034
0.095887855537623 0.291814480370358 -0.00508873407751507 -0.117309550788877
0.070142185018772 0.204306063192722 -0.134373955956129 -0.219352863855216
0.114260459034557 0.206968315992018 -0.106532971078371 -0.271833618438786
0.200083385673599 0.146901521708917 -0.125665300589499 -0.245922819474458
0.223421839891988 0.0412112466120049 -0.129655292858011 -0.17502503215741
0.168085313071542 -0.0460284476890122 -0.0690489602983084 -0.10829726600196
0.132409244399736 -0.0819087715560853 -0.0285607674867096 -0.10920938375905
0.0972021176256549 -0.119686195602617 0.00841449062952532 -0.0980805758133606
0.0753188123869562 -0.109722884553974 0.0494007842110309 -0.104880117800606
0.0884784093044743 -0.107015128165707 0.110618933587299 -0.102154891278612
0.133718159706499 -0.0795147815697432 0.158439348130546 -0.0712139533063307
0.154150448717125 -0.0298473069516635 0.20392203428735 -0.00517688971330094
0.18983754337151 0.0401104325299798 0.154393340244588 0.0838988809907097
0.173310585830532 0.122788216614352 0.0525722995261366 0.103933397454651
0.0906910821822545 0.206656349423418 -0.0277907276088718 0.00562304737585402
0.0340699310285503 0.245910480168942 -0.0138530199875896 -0.186026734089929
0.0089043021050856 0.11072189683629 -0.138499382518921 -0.249086564601276
0.0475448518429449 0.120918347402144 -0.127667519525615 -0.274411594753541
0.104966413659172 0.0857395281661827 -0.105160171792768 -0.227537941957624
0.115357789605411 0.0257052935079323 -0.094593001185934 -0.168479892464237
0.0850652328020839 -0.0174605144147371 -0.0328586929764359 -0.128641972207779
0.0748916336662277 -0.0332215121433017 0.000798619696281907 -0.141374694509709
0.0649325635285397 -0.0585519268838815 0.0311484056313407 -0.132115307195217
0.0541621683547799 -0.0570494200383524 0.0795819826478825 -0.130092059272283
0.063465283618427 -0.0534655220904235 0.149788357399138 -0.119746641951565
0.0883770496391777 -0.034721472328975 0.198792091226523 -0.0698092939707202
0.0975152743877869 -0.00289153380369831 0.230445601523135 0.0129437227253994
0.117401892159919 0.0452803827371211 0.160594430587355 0.093559916212531
0.0988134150477252 0.103431693257992 0.0593136806329316 0.0888587369096877
0.0301596763247771 0.152522134531227 -0.0179679085151119 -0.0225318064281914
-0.0203588762910723 0.16222415086109 -0.00856265630143591 -0.23292568336793
0.0313398345493922 -0.0307790580870765 0.0430075449569312 0.251835110779944
-0.00739523285273701 -0.054054274716988 0.0520004549531926 0.0629722627490554
-0.0352351577798713 -0.0439696229817016 -0.052461936047967 -0.08864081916275
-0.0314230826141388 -0.0121350352560751 -0.157452093116883 -0.106843956396559
-0.0183391494918989 -0.0135800462273814 -0.244761392951678 -0.0263476415446218
-0.0210729251340775 -0.0119822445997698 -0.228589824251451 0.0889768739452714
-0.0316643041970592 -0.00178756583690962 -0.160107530271947 0.144969200797242
-0.0271381985226465 -0.0048367366593522 -0.0946690306537618 0.158365178485524
-0.0339218526183249 -0.0172256007018241 -0.0335390768084191 0.158037380035919
-0.0271508389151418 -0.0355889339252872 0.00252972453322291 0.16418594834186
-0.0137777531910612 -0.0421905921812168 0.0273528844457027 0.149899780514781
0.00106737787645896 -0.0463665716605821 0.0618688206461265 0.164896414660493
0.00237503059375573 -0.0516039129653232 0.0826855597759104 0.209451067801483
0.0302913310530819 -0.0466708101568857 0.11599573926816 0.219631220423604
0.0522527435129021 -0.025986131813428 0.146737161907369 0.214616224192627
0.0786827907928154 0.0734190306930727 0.00356679739588199 0.221752053329296
0.0386798593661195 0.0421063519675995 0.0262184289148924 0.0394037643402473
0.0392317176372387 0.030413027593386 -0.0797688237153983 -0.109242060797352
0.058757115828866 0.027458958617728 -0.174816422473211 -0.12265748165918
0.0658469817323226 -0.0141958359437382 -0.25314705805171 -0.0364675702832101
0.0498686279932434 -0.0469378745184713 -0.235871238705427 0.0752885446708105
0.0174011317899883 -0.062147941083417 -0.163700810298564 0.132191164256868
0.00214559031711273 -0.0655920632352539 -0.0970206632068506 0.141245357328996
-0.00761582846617139 -0.0871319182832833 -0.0306465871847262 0.138426667828436
0.0195682508565911 -0.0998293706338606 0.0111523556153972 0.141687923984388
0.0512624572518944 -0.0919943746659619 0.0425995417100735 0.130718867788452
0.10020322629266 -0.0699984139193622 0.0741487514658331 0.154245711393729
0.108636646192915 -0.0257569383327902 0.0805781722669496 0.198430652068323
0.111780908240572 0.0312068697255077 0.109730211483677 0.190254727942867
0.115531136108585 0.0826558452292554 0.139409875552438 0.177884079530923
0.113941441286856 0.169269122607905 -0.0312426697400622 0.154632248827671
0.0858344058347635 0.141326404731024 0.00628109514313424 -0.0137024933032233
0.119713661668857 0.105739738428244 -0.105485484277517 -0.148943504733559
0.154434360534933 0.0599701130716986 -0.194632330689501 -0.141646634422803
0.145817957632212 -0.0206577992575842 -0.248414096492475 -0.041653224009139
0.115612675925337 -0.0788396488725384 -0.221591708566968 0.0571064855449659
0.0639021226094423 -0.115368846311651 -0.147044009281013 0.104238078148139
0.0306967394217468 -0.117559641709014 -0.0858572579468727 0.104552684203168
0.0177298046145048 -0.142271334261028 -0.0211402476004746 0.0965164667257352
0.0596601732053458 -0.150246854624836 0.0253557906962001 0.0981384451759923
0.101182669980851 -0.132724898132679 0.0682263622676032 0.0950831975238179
0.175826671102004 -0.0939714134920386 0.0946788655410226 0.135242305941135
0.196301052133781 -0.0106992162673259 0.0805565935187891 0.183262975323818
0.179592960446291 0.0942732969685983 0.0851268522714235 0.158133777929166
0.163443604088209 0.175214351284831 0.109530721765961 0.117577734395782
0.136707436256257 0.240046447989119 -0.0630275383807623 0.0609855022793041
0.131478884460432 0.221443608108612 -0.0139267386201837 -0.0881647286773472
0.201530744437335 0.163815948395887 -0.126793654647241 -0.194697860287855
0.243517273581206 0.0727313099351031 -0.206363533452076 -0.159016897893271
0.209476868580992 -0.038288116283454 -0.226170164808662 -0.0467443607668921
0.161636471386768 -0.107844854432126 -0.186653089779281 0.0299532657801557
0.0963152698118215 -0.15524621850131 -0.114230017336917 0.0617579799011184
0.0531795929924268 -0.151736516753798 -0.0625306912671218 0.0533298070370591
0.0421325993048596 -0.173827795432795 -0.00368557562544052 0.0415053887106005
0.0938443274989038 -0.17475897552293 0.0439724815497206 0.0415151055884191
0.140253865461906 -0.14700098270048 0.0964783905005232 0.049650109328471
0.226463694334615 -0.0964093212289264 0.114943613614746 0.109200079602092
0.252170116139683 0.0100200058156958 0.0775525460627682 0.164743677486037
0.216380365930458 0.14400528874983 0.0483844786308363 0.12547898966145
0.181353963195255 0.242812669078231 0.0657053807043196 0.0443096139034518
0.143076059702246 0.269453360735892 -0.0945165347769825 -0.043970130636114
0.163393297267469 0.260757875174562 -0.0449502102273158 -0.166313986025209
0.256944526932526 0.186890138461617 -0.142601293295123 -0.229247258270832
0.297396543018259 0.0630308409596675 -0.200928272058096 -0.168225118817803
0.237373716443101 -0.0588982761573283 -0.183048109887111 -0.0581889148673676
0.179271774017748 -0.125532920869164 -0.136072831143662 -0.010354443717508
0.110162582735068 -0.172543139235924 -0.0720794728266003 0.00766993190215426
0.0677864132280718 -0.162828083376381 -0.0302170299531969 -0.00572466775211024
0.0642394560563651 -0.178223681173021 0.0228837537279989 -0.0172584198011075
0.122308190700409 -0.16876215085445 0.0704209879988363 -0.0142520234058051
0.166831911150759 -0.12912966566874 0.128061851792397 0.00761487647901195
0.248143368587705 -0.0676114933538779 0.132411279432389 0.0854273955482933
0.267171954353882 0.0450501506082692 0.0702994533399937 0.142805365704004
0.211785649840817 0.184974800835164 0.0103951260967564 0.0887313916312134
0.163460475189512 0.279487088161103 0.0206629300578504 -0.0349903219858171
0.125804941051812 0.25308301086083 -0.123973724295621 -0.139630173799123
0.16411881865414 0.250011628988075 -0.0846503661946349 -0.22815237654875
0.261050595582945 0.172624194931336 -0.1475967305341 -0.242203036077495
0.290081502107455 0.0434624494951622 -0.175456475227414 -0.168655583765502
0.220508363190967 -0.0674309024342596 -0.127831189424347 -0.0786080961615803
0.163871452592448 -0.121066826545017 -0.0813483198669343 -0.0586945566850576
0.105330500066451 -0.161997101659092 -0.030014945080136 -0.0500496353746649
0.0718373693431448 -0.148698371762804 0.00565531592705232 -0.0615072669813694
0.07876939180042 -0.154995962497784 0.0599389274510062 -0.0704829366840246
0.135894857998195 -0.135304237964971 0.107488902843068 -0.0584736934817495
0.173802682736519 -0.0873065519722836 0.163724657275757 -0.0180912085599558
0.236720763936694 -0.0185113269127778 0.147038280059671 0.0721093986401905
0.239574564425274 0.0850170093322276 0.0625292569054821 0.120030942931513
0.168693871997555 0.206279905851385 -0.017025674929609 0.0485016693161636
0.116225661770535 0.278251547086052 -0.0126683219614163 -0.113216049716861
0.0835272519855208 0.19387801547453 -0.145923253050898 -0.206561443758426
0.1257941443036 0.194350642610345 -0.121814073030323 -0.258584831277682
0.206784849822767 0.129841324230398 -0.13953019615385 -0.234053877851355
0.222295234221775 0.0248973853766013 -0.138751745554923 -0.163161887417069
0.161792807811187 -0.0557555645145005 -0.0748526375697646 -0.103251206982448
0.124047469526565 -0.0902461476574215 -0.0367884029419295 -0.105935720602845
0.0852812044349302 -0.123118856107571 0.00257407820837901 -0.100197866250686
0.0643518060791017 -0.112480208721627 0.0414373849541705 -0.106187687758025
0.0776498568107237 -0.111725036391203 0.101350586073376 -0.108068551769325
0.124182337852998 -0.0880509957933306 0.151173073709716 -0.0816563242575308
0.14926479165835 -0.0406247495278274 0.199758430152223 -0.0206532525754819
0.189689773234065 0.0250333351664964 0.158298310453691 0.0713061341466753
0.178146512127817 0.108471073681507 0.059511258155631 0.0983141969190584
0.102758464636152 0.195723785447955 -0.0272149318178416 0.00889403318191074
0.0530401978167023 0.237878427744925 -0.026928252357224 -0.179727760503139
0.0170878433938186 0.106785057383867 -0.152761319247683 -0.235048473041469
0.0549651996240473 0.11464376418234 -0.143316311821396 -0.259114512258243
0.108875527871288 0.0769457444307236 -0.117965461261582 -0.216779189434825
0.115733370675141 0.0171578920922873 -0.104282953968483 -0.158179514003919
0.0817723375591135 -0.0220596044882481 -0.0412330436796794 -0.125096938794457
0.0711349764067074 -0.0375662235881445 -0.0103285982155796 -0.139819564475692
0.0582223971380466 -0.0607777931486764 0.0228362485765274 -0.133833395284636
0.0477299169851896 -0.0593012667189546 0.0690118564023925 -0.133251371094475
0.0574811591645055 -0.0564822961224198 0.138085895134102 -0.128672099816161
0.083322142048852 -0.0408540457169051 0.190729322116184 -0.0818959560305141
0.0959320723118153 -0.00929160368949841 0.228239108389947 -0.00405613806887123
0.118453558667696 0.0353165462508809 0.165266502277007 0.0804072679151317
0.103603111799957 0.0940204351421517 0.0638416181325292 0.0834300946207306
0.039059503703425 0.146985155500813 -0.0196239406352301 -0.0197299295027405
-0.00694845744484647 0.159089366030895 -0.025063217155919 -0.225622533961902
0.029282374168898 -0.0292714038712351 0.0523067002839396 0.236781282369116
-0.00845770187514244 -0.0506677511908894 0.0529722596151475 0.0551575854877322
-0.0348287298220679 -0.0409084364748879 -0.0562630018416198 -0.0824927297875674
-0.0310292781883975 -0.0114615824122937 -0.157123771783695 -0.0944643355542094
-0.0188952509612087 -0.0136591225898097 -0.236682151354115 -0.0130671037137921
-0.0207959265941524 -0.0111151765548859 -0.214423923376931 0.0963957631145589
-0.0295629803093468 0.000326021676229589 -0.146648625681963 0.14748384612592
-0.0261628873334597 -0.00364831674736424 -0.0834818429168305 0.158153957863501
-0.0334791765959833 -0.0148057308458186 -0.0232998431442052 0.154251642110014
-0.0280168007770148 -0.0324207654965338 0.0116815709077082 0.1578908094248
-0.0150202528248193 -0.0393995532778612 0.033922267502669 0.144178985788317
-0.00161664986170329 -0.0457138627471909 0.067416767780482 0.156336443752333
-5.16018526906404E-05 -0.0490276751147912 0.0906688973164727 0.197163672499042
0.0275364429371108 -0.0454927976899709 0.122017388078958 0.20488960367615
0.0475490377612971 -0.0260951219722456 0.152787931899695 0.200094139473727
0.0797873094781807 0.0675777374960636 0.0133016634898913 0.210296944096646
0.0410965195996364 0.0397875433587731 0.0280057371966678 0.0345025387859696
0.0409810245322838 0.0266350342417204 -0.0831115025934681 -0.10182709760811
0.0584849717054255 0.021475154167061 -0.174741937423445 -0.109379181300761
0.0622436329733926 -0.0188119229255035 -0.24495620512064 -0.0230592198723526
0.045352946651622 -0.0495004685097253 -0.22283254120873 0.084127508620165
0.0139484969270838 -0.0605338074939545 -0.150950556729128 0.134206220014726
-0.00112247494941235 -0.0635914364187393 -0.0869290089801613 0.142280792138375
-0.0123579045394415 -0.083072480392314 -0.0218856116301577 0.133974833860645
0.0134894919693644 -0.0967273446951794 0.0185192097771799 0.134992515502494
0.0449446580654135 -0.0910368763439895 0.0478167587357341 0.12450540343336
0.0924001516326301 -0.0738581772959882 0.0786711966340509 0.14504391572624
0.103365292015996 -0.0301932480283622 0.0896012271408822 0.185642255765673
0.109820219456199 0.0252639282869818 0.114512446695008 0.177636045087245
0.114556205242198 0.0742659042795387 0.144339250029592 0.164614775840437
0.117754225755587 0.156889626232576 -0.0233795827666641 0.148463354378731
0.0900455128001956 0.132240864629275 0.00721198885484384 -0.0158794572500035
0.122739709530888 0.0957776208335045 -0.109740128943056 -0.139288739763622
0.153548327874033 0.0472091633548876 -0.194740016201964 -0.127496354456334
0.140088767367257 -0.0288969505735079 -0.241752855256192 -0.0286410700659367
0.106254454924703 -0.0837420213349359 -0.210546000420696 0.0654505090113339
0.0555160335142466 -0.114232150682097 -0.136725061849518 0.104750241546068
0.0229713902667388 -0.114640457159242 -0.0773328460036433 0.105951834075584
0.00880010783522299 -0.13772532951623 -0.015635896780608 0.0935321664517338
0.0491973299785408 -0.147603223273934 0.0301424555440078 0.092102740967381
0.0906358386269701 -0.132106028794598 0.0698668894800818 0.0878117824451859
0.163887700556348 -0.101255014259137 0.0979750646923297 0.125204281316334
0.188603276049032 -0.0205275247780504 0.0890925740893196 0.171645744006886
0.178278250519347 0.0815154059998929 0.0902726382764806 0.148316970279255
0.166186196012253 0.160855695422126 0.112585305446574 0.108051931080618
0.143437826234342 0.222471281005464 -0.0582976002705261 0.059967619227977
0.139032289338565 0.207008171682019 -0.0159287320345574 -0.0856354413905474
0.204219693171269 0.145931130242115 -0.132374546809208 -0.182323065288933
0.239672584510718 0.054641156736632 -0.206933185438117 -0.143002861996213
0.200675987546516 -0.0486916368365558 -0.221139196608057 -0.034995768638897
0.149299900572038 -0.114843232004429 -0.178295276455164 0.0374984409987941
0.0844854698928023 -0.153821471572452 -0.107863351553257 0.0615158842422199
0.0428503691974567 -0.1483054175047 -0.0573482855627379 0.0547633248168846
0.0305300046360324 -0.16930621952697 -0.00148950858970998 0.0396836655778276
0.0796617882960307 -0.173263341055285 0.0453772865520262 0.0368917780017864
0.12746944533874 -0.149081267632647 0.094701218827918 0.0419590044657533
0.212763548700324 -0.106645695076007 0.115961618810123 0.0993677412134725
0.243639076688109 -0.00370302336589271 0.0848380815738916 0.153986716135916
0.216320583048914 0.127556061780151 0.0539987160439367 0.118396731122297
0.187865355642625 0.223916862197222 0.0663704115471383 0.0400334131039521
0.150888270481105 0.2506615977932 -0.0933293400954757 -0.0387968366061064
0.170516270818711 0.242074918570497 -0.0490320644204791 -0.158656690279464
0.258227112626815 0.166258704922756 -0.149165519588347 -0.214999910551078
0.290513266288427 0.0430902894621234 -0.201271426575768 -0.152958210511751
0.227109877375341 -0.0693270733443121 -0.180107954462897 -0.0492294011581931
0.164637410074529 -0.131663171014914 -0.132257655776235 -0.00378734425488937
0.0960649546843371 -0.170835322355495 -0.0693992020705226 0.0060483930822527
0.0552257775034907 -0.159465465743557 -0.0293740164320272 -0.00335058762385855
0.051024955828135 -0.174139949976315 0.0211606980419618 -0.0183079477877944
0.106834342443846 -0.168834528663527 0.0677600971786193 -0.0184633265680245
0.155128106724815 -0.133812420271073 0.122462608501454 -0.000458138844573432
0.23549903606584 -0.0797859120078981 0.13190743482448 0.0750649781847084
0.25942931708829 0.0289945040114321 0.0757808233785989 0.133664596708678
0.213057080782857 0.166485071284571 0.0151162514301649 0.0857550675784439
0.173470549528023 0.259455476237623 0.0187247799676883 -0.0335579754784612
0.133361256917934 0.234976854477433 -0.125802772141843 -0.129204826927682
0.170899024869599 0.231648111610492 -0.0906138679504759 -0.21542739282505
0.261160043099443 0.152634023707545 -0.15409417716742 -0.226643288559138
0.282204579082413 0.0255699654419524 -0.177329422800512 -0.153736038208598
0.209317667999799 -0.0764193001991453 -0.127183834552211 -0.0710989504480078
0.150984663595117 -0.126001933790357 -0.0822007411026206 -0.053134962834488
0.0917285167812468 -0.160192865128484 -0.0319982602306003 -0.0511373225140107
0.0601492604953716 -0.146012793524234 0.00267247644919166 -0.058877529168596
0.0665331739994149 -0.153232476192129 0.0535456275921572 -0.0708708771752914
0.122462463916376 -0.137551218669405 0.101110105845798 -0.0625565503699374
0.163519239969769 -0.093500053643807 0.155337765137378 -0.0272990246242069
0.227021114507139 -0.0319146505652685 0.145050555184971 0.0613272420149919
0.234730779029673 0.0690804056690037 0.0671127381232122 0.112035149370453
0.172663617806115 0.189521618901551 -0.0142336821121535 0.0486024822101026
0.127904030712221 0.260629064513081 -0.0176174476635307 -0.106854210477642
0.0899073263608478 0.180084905960223 -0.150215229294343 -0.192903704691413
0.130575196210634 0.181099183092472 -0.128603915444103 -0.242254878473943
0.205982774314959 0.113590441488387 -0.146107331552714 -0.21916004336922
0.215698776876478 0.0115177874473819 -0.142119290682133 -0.149662355671344
0.153254929517074 -0.0609720464631414 -0.0780474230345729 -0.0970375108428001
0.114569097203858 -0.0942149858436499 -0.0422396903384755 -0.100659513102881
0.0747785822202072 -0.120954432396527 -0.00228042339816703 -0.100121379142664
0.0549799974686303 -0.110580990245259 0.0343454171631852 -0.104720461316102
0.0676226325501686 -0.111448215461422 0.0914617765188836 -0.110036181115689
0.113639015974125 -0.091244073908793 0.142243721438054 -0.0860660672795459
0.142341292373729 -0.0471672232953921 0.190459356422908 -0.0309652218670906
0.183686859212422 0.0124007237988628 0.155847874102893 0.0600257224317616
0.176698010070547 0.0947129892596988 0.0628346129257916 0.0917047205881419
0.108920354675672 0.1833139643514 -0.0254729663235104 0.0114948226982331
0.0643336268745097 0.224514797559444 -0.0348967492356705 -0.169895453170767
0.0219576149030962 0.0998827033749336 -0.157511514520581 -0.220261348970866
0.0584879464851784 0.107554168697721 -0.149499304553622 -0.241947028318117
0.108058450745332 0.0684944795871463 -0.124497218018057 -0.20346982194761
0.111690807226113 0.0108549463613287 -0.108344949362125 -0.146494205471344
0.0776375550410721 -0.0237551716174641 -0.0468598408570203 -0.118480659209336
0.0667727389581861 -0.0397070159410452 -0.0183112590561028 -0.134418511063338
0.0521845617817532 -0.0604342025452417 0.0163145784279993 -0.132366336801312
0.0413548039586614 -0.0594547783050002 0.0597468112276746 -0.132119034887025
0.0517028880250088 -0.0574129157123065 0.12535598051886 -0.130747846882261
0.0769585474781575 -0.0437431939509517 0.179669064987873 -0.0884520194412657
0.0920647826225956 -0.0139188933909411 0.218823656080549 -0.0165645481468452
0.115749056203289 0.0265566917574792 0.163229124529018 0.0695176707646465
0.104238462272576 0.0848496147216498 0.0663590268362466 0.0779393148500235
0.0440883588224104 0.138845217525391 -0.0203021380726022 -0.0159880813920476
0.00225828224666278 0.152237675268068 -0.0351963875942277 -0.213076219189583
0.0289904676745811 -0.0276007173410513 0.0551212842108051 0.226101108005778
-0.0080478356271059 -0.0485016990136914 0.0523587780840215 0.0499471251377442
-0.032810536804964 -0.0387268853837225 -0.0576698378349058 -0.0786170759447772
-0.0304707101863152 -0.0112344084581542 -0.154815596687581 -0.0873697254456838
-0.0194136867556644 -0.0139031093956465 -0.228816100256793 -0.00652926325766286
-0.0207392804664771 -0.0109341089098396 -0.20409784015699 0.0984181815467818
-0.0271180298791011 0.000642728754201296 -0.137898077130287 0.147149496912406
-0.0247927615722837 -0.00273555195241431 -0.076324767409017 0.156422659914777
-0.0326195361312211 -0.0138850931195637 -0.0189887545154029 0.149589470688314
-0.0272636211280294 -0.0305831098263177 0.0158392151718991 0.152176236489605
-0.0156324075655806 -0.0376996579861395 0.0369721174658925 0.139557499409515
-0.00351428630961573 -0.0448531342688434 0.0692229036409179 0.14996688772122
-0.00137592104025223 -0.0471849431801105 0.0933802827579097 0.187524294772593
0.0260075228662559 -0.0435828249677875 0.122891241548981 0.194546352916202
0.0444421215779105 -0.0251510724859313 0.152849075697274 0.190103094438829
0.0797133286222138 0.0635877547573362 0.0168739827159907 0.201229157614134
0.0424647707528639 0.0377748254411974 0.0282545148750055 0.0305248195204307
0.0419938651452236 0.0238804606023267 -0.0839870706728172 -0.0961489886788722
0.0580521613831909 0.0173404611681761 -0.172737064044025 -0.101603780709667
0.0597071830239211 -0.0216621778976131 -0.238213390138178 -0.0165413679283463
0.0415848334640305 -0.0503657743315845 -0.212692978019071 0.0867374422783885
0.012724942465242 -0.0592008153604224 -0.14287689986866 0.132795497523131
-0.00341658463926809 -0.0614166525625526 -0.0802597602138264 0.140705395495766
-0.0145897627020068 -0.0805637824891405 -0.0183045291997791 0.130324160132685
0.0102260719191663 -0.0941480980053459 0.0223756536200983 0.129421743161659
0.0407440343436619 -0.0893954334018085 0.0491130603383868 0.119613065458875
0.0861748985409043 -0.0753750655770167 0.0795772314272985 0.139046436247536
0.0991362398780751 -0.0314046627191361 0.0923978202085162 0.17608776059418
0.107620407678468 0.022027313221233 0.115278891277691 0.168382047607981
0.112092258373344 0.0699141277844267 0.14446830564214 0.15638304465737
0.118304770996094 0.148093121358265 -0.0196526710493847 0.142513838807128
0.0924236928882611 0.125999897810624 0.00759331777369023 -0.0172413385320004
0.123371392830157 0.0879313769580008 -0.109757016417175 -0.132314739331443
0.150528291904249 0.0394642126497241 -0.192323912190902 -0.118550807434092
0.135396792967918 -0.0335627706303318 -0.235760541455842 -0.022179588592279
0.0995276033877699 -0.0857018237685703 -0.201149256286888 0.0687169711407788
0.0505642724913586 -0.112097639875378 -0.13101203510055 0.102700388944423
0.018343143483838 -0.110960494357202 -0.072027012625633 0.10535040123208
0.00386479820783634 -0.133175167511911 -0.0123152370488981 0.0909139813619106
0.0428483432827041 -0.144569885478121 0.0320204607900462 0.0876489297543046
0.0846560844348826 -0.131326444853608 0.069570779466127 0.0833971467912003
0.154609958589077 -0.103721307500876 0.0979752043852051 0.11860588565993
0.181937438244149 -0.0248118360154087 0.0917528688065122 0.16214329409729
0.174940634171675 0.0743791893759798 0.0910240577114056 0.141641438705068
0.165092884098759 0.150768088554104 0.111770658733547 0.102130988593073
0.143960701996921 0.209101131010115 -0.0551348965854557 0.0584470453816488
0.140586066220538 0.196302320666538 -0.0159604931915778 -0.0839788254650419
0.204224729858651 0.134750786040749 -0.133512104962629 -0.173762263505612
0.234559662805011 0.043863655694689 -0.204101593922566 -0.133292708960705
0.19401645650645 -0.0539877542829462 -0.215218972386052 -0.0295334999511041
0.139709666308275 -0.116673610499148 -0.171257559182946 0.0403094788581398
0.0768978241203432 -0.150755287907349 -0.103826072610717 0.0585561161860664
0.0362220854540693 -0.144029232508963 -0.053887664141008 0.0547367760187015
0.0232084990279507 -0.164476124935722 -0.000673983565706796 0.03900798366831
0.0712375993631945 -0.170375678831377 0.04548554675121 0.034205569270837
0.119793590003081 -0.148653196097326 0.0913866438702369 0.0380370773764538
0.201808544055666 -0.11046751299878 0.115061852272649 0.0926632556173783
0.23573606375742 -0.0106942129906884 0.0873318127082782 0.146066695554218
0.212807565986713 0.117633859032824 0.0555584185147376 0.113464432455737
0.188652337401453 0.210502561721435 0.0655897451597337 0.0370646704779543
0.151140580720167 0.235880406105726 -0.0911312317973207 -0.0364175335451255
0.172929126513972 0.230002536138669 -0.0502806494641857 -0.153354195662318
0.256024785077773 0.152443807566499 -0.149914680883856 -0.204711331636075
0.283446163398095 0.0317939374522364 -0.198654579644287 -0.142339473051899
0.218083874969135 -0.0746941684294461 -0.175956449599297 -0.043711533305058
0.154866880958296 -0.133477571273934 -0.128328187261261 -0.000154550307760004
0.0878066334669346 -0.167283593602822 -0.0689659577495957 0.00400889373979042
0.0476849291230409 -0.154868361387769 -0.0281431110873266 -0.00244454855614747
0.0429344702161501 -0.169480772016788 0.0198173482598902 -0.017889766838001
0.0978175650196808 -0.166683098778227 0.0653726672759599 -0.0199392892653898
0.146538584104773 -0.134844079573398 0.117047957747046 -0.00413302251942806
0.224592337460568 -0.0859268863592544 0.128869648970216 0.0690920732010966
0.252184250790622 0.0202153361782791 0.0782065788693216 0.126383595306066
0.211710439953526 0.154879308793295 0.0169918015347022 0.083486066737141
0.175774015895312 0.244499764047808 0.0177500963038119 -0.0323267915852305
0.135224784563497 0.221685345249604 -0.124663917282826 -0.122770902066162
0.171442720837846 0.219668204355376 -0.0921988320969567 -0.206661434604433
0.257651100130058 0.139056308282959 -0.155698158371099 -0.215337529282372
0.273733800728196 0.0152450848768848 -0.174915980353629 -0.143844528630315
0.201300320575838 -0.0801238717763219 -0.125565840069312 -0.0660805936514604
0.142113582760882 -0.127508218141332 -0.0821358606952852 -0.0491100740150619
0.0834872792581548 -0.156183040362993 -0.0337209250086794 -0.0524710743021522
0.0532041389179536 -0.14208578817446 0.00175967544139427 -0.0576964287686623
0.0581758572969804 -0.149466894082606 0.0496702017639043 -0.070212659576951
0.112983639854715 -0.137148549592973 0.0964807216367517 -0.0633087275838342
0.155678470323972 -0.0964412176469617 0.148351924792442 -0.0312754932929835
0.217815733450424 -0.0394965231314733 0.141964215157911 0.0554091966700005
0.229415374871044 0.0599451386494753 0.0691070373215697 0.105488267137178
0.17224958131091 0.177675807967469 -0.0124915734147918 0.0487673780716183
0.132065277263133 0.245945379148746 -0.0193861687746675 -0.101127681336244
0.090846770477881 0.169591981441459 -0.149604466555056 -0.183089958048529
0.131335544648791 0.17051582274746 -0.129424776387466 -0.231501750382814
0.202151364009097 0.103611399842335 -0.14761041181725 -0.208181736917655
0.208501133482182 0.00454460228578978 -0.140186222627677 -0.140931231850034
0.147497243186712 -0.0626199889628647 -0.0781423753732848 -0.0926492804940604
0.107308758639013 -0.0946303759108514 -0.0436122896769492 -0.0963532451573267
0.0681971917586707 -0.11814281845767 -0.00598395363879007 -0.100115900178632
0.0485793000409036 -0.10727985152032 0.0306758697459688 -0.102340453242338
0.0614448191625181 -0.108721951816006 0.0847279840939161 -0.108496910986312
0.105905202679277 -0.0917170373903153 0.135341147273155 -0.0869058025709969
0.136962472058405 -0.0497382258956205 0.182749956499241 -0.0358835675356165
0.176740065706592 0.00540098822528263 0.152735351564549 0.0540170482897725
0.173479536326891 0.0857720215050628 0.0636245634287927 0.0872218782111595
0.109975834304942 0.173286564305607 -0.0250721582703803 0.0136571143266064
0.0696553643797288 0.213093253399868 -0.0375512700746702 -0.161011689349132
0.0240500635961943 0.0952511464317977 -0.157003306958036 -0.209907847682682
0.0588691635244008 0.102050261615563 -0.150235824789234 -0.228871229050395
0.10570778195724 0.0627317164405846 -0.126147953960431 -0.193434019845641
0.107958947813424 0.0075181905049651 -0.108031713275305 -0.137967312708714
0.0744590439974447 -0.02412052348998 -0.0478139017583143 -0.114079388797935
0.0630137918742871 -0.0401138690912849 -0.0221428996816693 -0.129767745791976
0.0482935102447496 -0.0593726950578878 0.011766638961009 -0.130170682851636
0.0371948587364184 -0.0579951589605125 0.0545850752012653 -0.130173562427301
0.0479129055440732 -0.0563848826772289 0.117298860070649 -0.13026229481393
0.0721814461986302 -0.0441004751994921 0.171885688195833 -0.0900352119021894
0.0885819196766505 -0.0157639565096712 0.211001715998895 -0.0226788318598369
0.112050032102046 0.0218253075375741 0.159919413410959 0.0631684331230779
0.102464939568455 0.0791185574393943 0.0662766754781555 0.0734700975378658
0.0460716845604935 0.132641605004423 -0.020485148969106 -0.0129680976618133
0.00754402039654154 0.145412716620375 -0.0390556102426912 -0.202382645677351
0.0232282651568998 -0.0297798864330217 0.102552413248545 0.214116119459802
-0.0158138885239444 -0.0447099509083003 0.0637372877022381 0.0363241596874627
-0.0392730400846951 -0.0309038440348201 -0.0723227574869097 -0.0694197944040589
-0.033526125910011 -0.00410329751662579 -0.170972418033734 -0.057724197853883
-0.0239193240479054 -0.00675742265786935 -0.226737183499856 0.0379430709523114
-0.0214941519231485 -0.00459091801940519 -0.181135426870707 0.134733865502979
-0.0245504735771381 0.00736767602486472 -0.106266329171908 0.167919269536113
-0.0235637979078386 0.00217866366180975 -0.043313812658926 0.168001268270754
-0.0330928072959894 -0.0058936500679004 0.0119270400075665 0.151680260064362
-0.0322354478710522 -0.0222344826797402 0.050053075817357 0.147851689000509
-0.0217723292710821 -0.0303031409972955 0.0674492624517425 0.130915609744154
-0.0136319619485202 -0.039449947922042 0.102074813422844 0.134655613166305
-0.0107722667947478 -0.0409894205963657 0.135580492925332 0.165434202189557
0.0152029178713349 -0.0432977463907913 0.164422467610983 0.168407011275506
0.0380176222401208 -0.0279227360069422 0.18971305240291 0.160231035482029
0.0862997922907055 0.0443100049278531 0.0579281386520561 0.203703895326963
0.0492548358415275 0.0260948133878449 0.0341824420555255 0.02659279542123
0.0445390872833506 0.0122770778466545 -0.10187797103279 -0.0740317502177209
0.0553750074113806 0.00214410488954796 -0.190349512513518 -0.0611936165095301
0.0490542639160923 -0.0304615045981541 -0.233758729746212 0.0336432404216644
0.0294110131331959 -0.0539590112614354 -0.187651931376888 0.1263320017257
-0.000558914556601021 -0.0570929412560135 -0.109995533822397 0.156184712738976
-0.0142685697266731 -0.0572354674364293 -0.0493009394462733 0.153166376148715
-0.0290548728545032 -0.0718546267461958 0.0085531945486196 0.133369383542375
-0.00899306908544615 -0.0908344708762223 0.0512275793737978 0.125936077429247
0.021720265935314 -0.0899351146917846 0.0764379702414699 0.109779183586011
0.0653354217320367 -0.0860155857624969 0.110167461772544 0.123297928865531
0.0865974427958436 -0.0466111815753956 0.130875498309047 0.158647277239118
0.108033299500434 0.00217766055042523 0.146499417338279 0.143610583742123
0.123949065601205 0.0480691859542516 0.166954095257256 0.125592477552899
0.137389056526451 0.114981641189587 0.00741492632883759 0.15797154304721
0.113968737387168 0.099722465453995 0.00265341741321442 -0.0128582513821908
0.133738274515945 0.0547784089163457 -0.13492773378903 -0.0960147259512533
0.14648151509812 0.00247248068228626 -0.211112231292606 -0.0660075326202156
0.118506413788199 -0.0581448199963694 -0.228819146643836 0.0303594172816507
0.0769030703858078 -0.0993790342341665 -0.176933679707459 0.10771795976022
0.0232614175156104 -0.115091742595463 -0.0996388152312839 0.125284415224673
-0.00323689214294145 -0.107934934445674 -0.0482431446776194 0.116936963251027
-0.0225222312833379 -0.125361170872751 0.00548499608578205 0.0950130177818163
0.0121542119932928 -0.145299232875632 0.0523786643579441 0.0835389382867864
0.0554021555411879 -0.137809283236413 0.0879422811376134 0.0698808522586003
0.124714853531531 -0.126555475095745 0.123596974002906 0.100814860911896
0.166039353191921 -0.056974649633446 0.125955674095 0.148718332164491
0.183355484918286 0.0370422824120508 0.112367175600485 0.12183265862844
0.19178926076375 0.114287259509107 0.1191031936097 0.0772857199388071
0.172251991695139 0.167149423684577 -0.0460795998727403 0.0839195500678894
0.173219810853632 0.15641916919678 -0.0355983819613817 -0.0707261228264374
0.21809797850125 0.0820374430638312 -0.164838177885898 -0.12475699247614
0.225316738630342 -0.0115584812127324 -0.223441516850707 -0.072603539507152
0.169902641190252 -0.0895376001512679 -0.206636779704771 0.0216116353059024
0.109278592759637 -0.137196634178252 -0.150308254854264 0.0755982138584363
0.0393211953030086 -0.157292724128379 -0.0788979804980256 0.0778375801167211
0.00779664217296946 -0.142207604349572 -0.0398484180976084 0.0646804911481981
-0.0101406327019256 -0.158595347904748 0.00646862223618957 0.041371350046283
0.0337801612453747 -0.175667244105743 0.0536424061406086 0.0284867676176353
0.0851169162661576 -0.161034405142157 0.100334419610028 0.0211031789590043
0.168466054975439 -0.142774959858029 0.134636224732397 0.0725949157985293
0.219500066492845 -0.0548935843414135 0.117160992937743 0.135162521481961
0.228887854118974 0.0694712774522959 0.0678013067724459 0.102255943350076
0.227016906781515 0.164953296612927 0.057474477135224 0.0209144272534213
0.184371180232692 0.189834311677458 -0.102608153865797 -0.00241929873231049
0.208973805055374 0.180993591863057 -0.0838665244289831 -0.130474346167449
0.270336884402616 0.0873311817717294 -0.185765276070184 -0.14748031718066
0.26897797751937 -0.0333140581972653 -0.216854644703382 -0.0792123426109421
0.189719624862057 -0.114669162636637 -0.168556817318048 -7.08613427267587E-05
0.119400367095459 -0.15656061717186 -0.114234555944814 0.0267987077514908
0.045525716478183 -0.175094055091916 -0.054476812174513 0.017942196016945
0.0163297102557231 -0.15522730035531 -0.0264929631317998 0.00332473696984483
0.00753999535980598 -0.167594873657107 0.0149968199506967 -0.0188359745122421
0.0601245934698302 -0.177907879306741 0.062219164902641 -0.0289810564912215
0.113303406879923 -0.154119007871117 0.115845342538902 -0.0264135809359934
0.195427010329494 -0.124576094554058 0.143188787852871 0.0464629510156837
0.241115746708802 -0.0294854311932529 0.102416932486878 0.118705230257061
0.234775271619812 0.104511663015588 0.0221223069462704 0.0794033216579663
0.221300819013031 0.19883389401693 -0.004302702238219 -0.0403681710681376
0.166491862316419 0.178773850262746 -0.154773942054655 -0.083704203763108
0.205084072903069 0.171561631405868 -0.136490727367972 -0.17500943284456
0.268432024814683 0.0753041186307147 -0.193164716692889 -0.157881361233639
0.256649585601394 -0.0463078171921442 -0.192835979894809 -0.086691736985974
0.172595711993273 -0.116161343991588 -0.122853702271845 -0.0339147954936406
0.108031152130689 -0.148677998808897 -0.0792058041850762 -0.0303971897751602
0.0440551431743931 -0.164581708544821 -0.0314472202782064 -0.0441043660187978
0.0235019087893859 -0.143811399641257 -0.00893902814049899 -0.0566982241136903
0.0258764619056302 -0.152603226834717 0.033268082543423 -0.0772733312841884
0.0804920740760126 -0.152675589635331 0.0831292463222079 -0.0791070689389505
0.129721611299459 -0.119473042752174 0.140612183560593 -0.0594995202494824
0.199198637714735 -0.0785489046990012 0.15158769458119 0.0288660453550968
0.226956129618971 0.0119405973588271 0.0867197657193416 0.0991535583682016
0.201846616296265 0.134047186318876 -0.013622147888508 0.0503732347485406
0.179570378929437 0.207737478159331 -0.0526079746029993 -0.102391265477599
0.115831157087838 0.138654674376781 -0.191325214589403 -0.143295062192483
0.156811638008307 0.134371301313875 -0.178404034354238 -0.19495372993218
0.208793431475944 0.0540473323834992 -0.183643048921509 -0.157667698726814
0.193626137637414 -0.0419134099442156 -0.159278696639753 -0.0953263884427013
0.125218430117871 -0.0893920011350415 -0.0849846082082684 -0.0708498352659753
0.0816906194562668 -0.110897437169566 -0.054273565614354 -0.0844763963824924
0.0377216839907598 -0.125516902658288 -0.0161962685814558 -0.0964270281074049
0.0261347330717044 -0.110851494239443 0.010241620236004 -0.106151748464275
0.0369354851353711 -0.114955121651087 0.0603910619540137 -0.122943744558974
0.0835989465305501 -0.10819983579248 0.116194114950294 -0.111903887422662
0.121095534639469 -0.0728124603559507 0.172680580838086 -0.072494860985798
0.168998597991094 -0.028678241935764 0.161348319855652 0.0247052470181845
0.1790564801524 0.0472657037788313 0.0773181032318244 0.0793773979961456
0.140880416907365 0.142615525433857 -0.0314701062612128 0.0167459807137821
0.11242721083868 0.187199341887269 -0.0791681794358974 -0.157388734496154
0.039526170022576 0.0816808357786358 -0.204096490539803 -0.17444242609084
0.0739476682087269 0.0848534383614511 -0.197174486871202 -0.192819650362659
0.110030648599755 0.0367562923742682 -0.162329202779444 -0.155593881114033
0.100379439547206 -0.016458235385076 -0.12964399672453 -0.106378935788234
0.0644230238684873 -0.0373666180677589 -0.0650712022835413 -0.100628203579297
0.0506708050794508 -0.0504410025664573 -0.0435880356873898 -0.121798049210029
0.0313657482724626 -0.0660278655909397 -0.00908230426567216 -0.128973090331427
0.0246691595281531 -0.0612828720619604 0.0277213543559038 -0.138136639567702
0.0342222397266887 -0.0628865040016574 0.0885282821661488 -0.151632539845005
0.060929263817404 -0.0563864456965931 0.152012055207377 -0.124707486296449
0.0826433514217587 -0.0316800384080759 0.203415782683641 -0.0658434303095248
0.110316985999297 0.000938453079699393 0.17075427330539 0.0302882592206864
0.11090757271975 0.0551999561191317 0.0774271660051237 0.0631092774466488
0.0711062753117208 0.116603579109523 -0.029476872569083 -0.010824347237293
0.0378786756341449 0.134618105529017 -0.0840810226304144 -0.19623438530772
0.023481658204142 -0.0305866451655696 0.1081884421497 0.212489958150174
-0.0160239608955114 -0.045113568034831 0.0644326074709324 0.0339331587034426
-0.0400010987077169 -0.0313692624022529 -0.0739800284249899 -0.0664233221498556
-0.0340447367353742 -0.00391107570349677 -0.173543923548193 -0.0526153968939186
-0.0251150645879814 -0.00664959141462544 -0.227410865701603 0.0439860780395602
-0.0223189953220167 -0.00460643452349301 -0.177902993758263 0.139951018473778
-0.0235151409514191 0.00725489895735109 -0.101903937188616 0.17283870602856
-0.0236996986350503 0.00220142879838537 -0.0383334832082484 0.172163312612964
-0.0332053168724976 -0.00482399779265357 0.0165543494999499 0.15361892212891
-0.0328108149852968 -0.0219153065970187 0.0546026724725351 0.14747174226869
-0.0228989195916338 -0.0299485293928113 0.0719043492138953 0.130754316157139
-0.01594927360266 -0.0398033219359112 0.10691224094175 0.133247051742623
-0.0116370199385565 -0.0406878829651729 0.141099167390121 0.162493447369042
0.0150148326100013 -0.0435366281447988 0.169841897532111 0.164702521088328
0.0377981144134277 -0.0281139677181694 0.195651966367836 0.157036387330338
0.0887048607612509 0.0421084858267776 0.063203772616657 0.202434763392229
0.0513738624457767 0.0243640288617511 0.0350979655898625 0.0246037481472532
0.0461587322778894 0.0087143239196916 -0.104078406742012 -0.0703518431849696
0.0555220890018525 -0.00119314144055017 -0.193098392070081 -0.0561515338978958
0.0480538654256342 -0.033609455294507 -0.235895335108076 0.0401606623816854
0.0271428177666882 -0.0564129970554958 -0.184839502049821 0.132346434270284
-0.00197063821626969 -0.0586256411057323 -0.106871485599629 0.160800695921404
-0.0156280497103086 -0.0571186085318108 -0.04510446182319 0.157319918223967
-0.0319855831499442 -0.0712914875407011 0.0122329012140724 0.135158831933083
-0.0119020467865743 -0.0911885350354946 0.0555819525112648 0.125047817741224
0.0191235691017456 -0.0917112633267096 0.0796535334952369 0.109422977735866
0.0622200700603518 -0.0889220368356308 0.115160368760128 0.121137484565906
0.0870998185142882 -0.0494648564891593 0.136314916377553 0.154784935539581
0.109497266892773 -0.000692078477095658 0.151071134410751 0.141097876655204
0.126713288807213 0.0454335868067634 0.172077372760777 0.122413464959983
0.140909071630483 0.111093794749124 0.0113154949049567 0.158155165344008
0.118080818836692 0.0963118100770714 0.00280587424487582 -0.0141493186209056
0.137734322090562 0.0488313278599678 -0.137460779344252 -0.0918530571394458
0.147663665080893 -0.00420602148443752 -0.214218369303414 -0.0608470939793873
0.117768448268117 -0.0633750091833989 -0.229762897404861 0.0369297988019438
0.0738669637656791 -0.103564173098029 -0.174916824270249 0.113482513404522
0.0197683559314166 -0.116936618746671 -0.0987965573015088 0.129272395475564
-0.00614004766466251 -0.108841624310445 -0.0452823778708023 0.11983212264496
-0.027152826553824 -0.125103284528262 0.00834933672310082 0.0960505874242699
0.00727000073797121 -0.146792104518846 0.0552337419350399 0.0817589801919204
0.0510602329315026 -0.141118103349389 0.0906620921588989 0.0686740107555776
0.120079496038704 -0.132197544791823 0.127805163278174 0.0990624409447601
0.166374185402581 -0.0627027697551736 0.131797323828881 0.145296077698023
0.18687099825072 0.0320541732800681 0.116623832400229 0.120662228836504
0.197682950161132 0.108743701640937 0.122412287508965 0.075274738380248
0.177097815456034 0.162645643342485 -0.045406759359123 0.0851222728861595
0.179283810124041 0.151554689895441 -0.0367785922069068 -0.0720892874753816
0.223865047500104 0.0737351228441925 -0.16919948718839 -0.119375732369816
0.227099757772475 -0.0210513966931459 -0.226224828759328 -0.0667012359946041
0.169161383813839 -0.0977139230390456 -0.208292885186146 0.0275537657769094
0.104503851747055 -0.142131651324962 -0.149041274389412 0.0808647153123057
0.0344947327178574 -0.159386175768076 -0.0797055594210379 0.0798577220253719
0.0035693588107562 -0.143451111022544 -0.0388264093631931 0.0663243984924016
-0.0161062256959164 -0.159049526331356 0.00821209134912757 0.0419663724379832
0.0281380323768673 -0.178154617258725 0.0553359832157217 0.0265641666202109
0.0808769217781567 -0.166211368784999 0.100799305392764 0.0188738580739379
0.163627013670109 -0.150021953911447 0.138794327747816 0.0699379868955367
0.220432919896872 -0.0629139124195131 0.122408280845562 0.131737159828794
0.233434968277384 0.063025245728077 0.0718513638833619 0.102046679843208
0.234721194720087 0.158266204579863 0.058804721568103 0.0199350315939162
0.189805959837106 0.184972410404232 -0.104124739752147 -0.000634420925128994
0.216722930229609 0.175372562382132 -0.0877296705622157 -0.13056842962293
0.275657892654349 0.0779125397557082 -0.191276136477439 -0.142259423022344
0.269245773043673 -0.0432062853904079 -0.220321383192852 -0.0741018919832486
0.188379666184453 -0.122614131570566 -0.170100243758988 0.00450108174906762
0.11483202609485 -0.16253094880941 -0.114641676129366 0.0310877940332697
0.0406978519702488 -0.177104823767678 -0.0569285140069218 0.0181161531405936
0.0116261278077812 -0.155588323444683 -0.02659401420102 0.00371073071165449
0.00120958353501241 -0.168395337042364 0.0147293337256847 -0.0193475870539386
0.0538713696258391 -0.181226560639512 0.061637106472964 -0.0312706493309944
0.109522529533399 -0.159656503281361 0.11467778372842 -0.0286711530780651
0.192233541184403 -0.133110773701264 0.146199163086046 0.0432260382953066
0.242862524213536 -0.0382346849028436 0.106775515513209 0.115507044364116
0.240255661332259 0.0978628105761529 0.025053267301176 0.081145707695854
0.230143915106748 0.191371353455128 -0.0050399949753081 -0.0394741077366389
0.170792510055096 0.174562462190769 -0.158067522816737 -0.0812189909665366
0.212221194990568 0.166387834050801 -0.141390737727025 -0.173783884407631
0.27268149460037 0.0657347751301921 -0.19860393100231 -0.152491634640394
0.2577451579056 -0.0553834722378157 -0.195907076777184 -0.0821261476874914
0.171126026077362 -0.12332287417755 -0.125402567236225 -0.0308099993753933
0.104175786646279 -0.153312919596849 -0.0809873096357729 -0.0282718835809622
0.0394157076831987 -0.16610428648261 -0.0359549693789087 -0.0452876692533955
0.0188931171737154 -0.14441308464226 -0.0106144093000624 -0.0576323344844126
0.0207846249613222 -0.152805959284529 0.0323393717260698 -0.0783174154656659
0.0758395966098331 -0.15643496562205 0.0809896959579403 -0.0821055236256785
0.126875131054917 -0.126021846253346 0.138223077355775 -0.0639939946894324
0.196854122613824 -0.0869762468800101 0.153850373903854 0.0253838673832158
0.229922595687001 0.00430478711926012 0.0909025857715146 0.0971382918902346
0.207478269208752 0.128890383165677 -0.011424335565871 0.0523936635539746
0.187797197451881 0.201542474383297 -0.0554568074250791 -0.100182388477194
0.119764601287285 0.135513494846349 -0.196888597896805 -0.140697114801724
0.161960724143728 0.129875846273971 -0.184118253922058 -0.191703893001575
0.212086516826574 0.0477414595535389 -0.18940577273562 -0.153128682515534
0.193691317290683 -0.0484114517959194 -0.161939804730022 -0.0910376508688984
0.124540545248264 -0.0938954687236209 -0.0877693118720397 -0.0699704223796474
0.0788470311774933 -0.114410063456158 -0.0572950346830604 -0.0836981673982132
0.0339545799700434 -0.126915238707371 -0.0214325460923055 -0.0984174714957421
0.0224359471396089 -0.111647757363753 0.00706187393471206 -0.108546884568501
0.0330789991522272 -0.11634195280509 0.0571628631031578 -0.126018679430708
0.0793468911432944 -0.111398713429778 0.113884104428726 -0.116543563752076
0.119964924661108 -0.0781242124703834 0.170183160794825 -0.0780207642988011
0.168647723330757 -0.0348065753259705 0.163618095166557 0.020527971464668
0.182164155175039 0.0420364658388491 0.0806464390334195 0.0774912139548202
0.145732508702405 0.138496993052525 -0.0305306459705554 0.019806657242046
0.118955771860222 0.183360301365842 -0.0826652775999727 -0.155235119132156
0.0416304342257601 0.0801752583541668 -0.210428544664515 -0.171836817455677
0.0773474802534161 0.0830974575683133 -0.203974844344263 -0.188404347574731
0.111980564108447 0.0339111938705548 -0.167626552594632 -0.151689145354324
0.101001938410384 -0.0195462535562047 -0.132164031760805 -0.103958704304735
0.0644698332162695 -0.0391743286401144 -0.0681514513076018 -0.0998487423913415
0.0498449340901359 -0.0522190953719873 -0.0478964601176716 -0.121609352883557
0.0300053588768971 -0.066730776503853 -0.014318005563522 -0.131965295173484
0.0221188462574656 -0.0618686012026458 0.0241129005666163 -0.140578153925305
0.0325752090237924 -0.0638414078118749 0.0850117133343936 -0.155242462952645
0.0590669635588214 -0.0585485801183373 0.149408412443473 -0.129791099108803
0.0823842685538953 -0.0343525701054657 0.20208446599992 -0.0726670789461632
0.110112737937265 -0.00310101686767706 0.173397313625193 0.0258117143967784
0.113425643992137 0.0522206227050785 0.0806481040043041 0.0611005312648754
0.0739946891069897 0.114617068131196 -0.0285831631708778 -0.00775599008310118
0.042650801370933 0.132805307131433 -0.08914229697276 -0.194280113754895
0.0226487193399667 -0.031940224900273 0.119922327483101 0.207637794929728
-0.0182322651402 -0.0451443278394977 0.0665777633882128 0.0294996011555176
-0.042373233328503 -0.0305690888782331 -0.0778695009190273 -0.0621882932139805
-0.0348827071664862 -0.00259344385377218 -0.177432256396661 -0.0430626951334498
-0.0272581314815198 -0.00511735934001465 -0.227676081113491 0.0571144816320649
-0.0233956706570777 -0.00366002408455568 -0.171404625651202 0.15092016771212
-0.0230833744728442 0.00744302501631201 -0.0919812012568257 0.180973390838524
-0.0233996678509851 0.00328310568047497 -0.0283482818592019 0.177619029067685
-0.0337140162170504 -0.00332341295723216 0.025725745543125 0.155189771501717
-0.0343069801093671 -0.0196752233900869 0.0641137025555409 0.145785451856586
-0.0250756556665112 -0.0288783276645326 0.0807679548303315 0.12858998452778
-0.0194627774482355 -0.0387977297461689 0.11647111410028 0.128464638992885
-0.0135992099777379 -0.0399474143522897 0.151349192679105 0.155327405641944
0.0137150935770969 -0.0448798405975354 0.179632223657872 0.156903225376056
0.0368809636597227 -0.0295983178463527 0.206907214285066 0.148261272730358
0.0917516668152486 0.0372676475428848 0.0746013262471653 0.200699115600898
0.0536185948237136 0.021468139762787 0.0371155887352514 0.0211029328058612
0.0470250651507943 0.00416618929462018 -0.107852442782181 -0.0643760517023976
0.0557627696062915 -0.00592186538818807 -0.197308232456535 -0.0448583188632087
0.0455103856129575 -0.037929282704679 -0.236117778141984 0.0543221599349048
0.0230296201312352 -0.059388680854162 -0.179164271019751 0.144147181337381
-0.00503070512422102 -0.0597005449124981 -0.0990729903976098 0.168604047023749
-0.0190777823623904 -0.0570466616521041 -0.0355453933507519 0.162418800426677
-0.0366405287592541 -0.0694858068135523 0.0205586585653084 0.136645610313189
-0.0175123385832444 -0.091467221692066 0.063461894264872 0.122658505299994
0.0137473847723935 -0.0941994663764801 0.0870835775365237 0.10657883466168
0.0560759743726089 -0.0933224754120826 0.124170996589788 0.115839547671503
0.0858329707078623 -0.0554760422159005 0.146231099327483 0.147644437773876
0.111553898391613 -0.00751172261154159 0.160086221102254 0.133528192118934
0.131261537711686 0.0387581538052584 0.180471915687718 0.115280256783412
0.147582227407247 0.104010370948217 0.0197480111256162 0.158448293232982
0.125788855168439 0.0899453581280694 0.00256758581891015 -0.0156816806332273
0.142269256492339 0.0390902211873746 -0.143245113975659 -0.0843853897911615
0.148333209742123 -0.0149443474762096 -0.219084625269108 -0.0491842446863459
0.114624738246321 -0.0725909565974277 -0.230647576302256 0.0508409638213877
0.0667064402106508 -0.110355025032695 -0.169778332618905 0.124816549094929
0.0132040178753572 -0.119961851804103 -0.093553493061738 0.135684884736685
-0.0124394709056578 -0.109394649256248 -0.0383084729895626 0.124258045332422
-0.0357645790016748 -0.123718749999979 0.0144980086785627 0.0972660079339113
-0.00255282832869451 -0.148610245561738 0.0607644253979047 0.079345040149123
0.0433449733881306 -0.146486633326802 0.0948258267103892 0.0654330851714249
0.112468521698453 -0.141242621311919 0.136574293384074 0.0917262546126318
0.165187979923861 -0.0740173930627764 0.142070881542167 0.137421969809894
0.191456503609928 0.0204784571149331 0.124609160020427 0.114889486937083
0.206364214722806 0.096828286020449 0.128088944516424 0.0699405962322193
0.186544217183263 0.154063616181638 -0.0416414164411922 0.0876373204566717
0.190257615122114 0.142147973368256 -0.0409458055536742 -0.0712117551135457
0.229914943256134 0.0586663390624267 -0.176256043612595 -0.110635386164996
0.228074815578781 -0.0366017190963703 -0.231765343527022 -0.0546047935486623
0.164622607411685 -0.110405080182299 -0.208572084023511 0.0388577366174567
0.095622753390439 -0.151033080020787 -0.144877472114199 0.0905013803738143
0.0252465439733196 -0.163296491449345 -0.0783237825772259 0.0851269642302315
-0.00497873966743158 -0.144464837844613 -0.0352539607116095 0.0691975193992798
-0.0265290286515769 -0.158723199951234 0.0106398638559835 0.0420435406197152
0.0169734961615044 -0.182012666258637 0.0570669656359353 0.023245018214475
0.0713440580327137 -0.173283632969559 0.102028339692449 0.014631886890131
0.15506999342661 -0.162302060199349 0.145601092636594 0.0630117703588357
0.219413569724756 -0.0773052248301309 0.131440237603857 0.125352298031498
0.240789994493188 0.0490791580082583 0.078883805461847 0.0993468224096929
0.246904100692373 0.143549334488562 0.0604706604224581 0.0183487189997317
0.200317995642066 0.175652524798818 -0.105648156733228 0.00422202679946569
0.229557838730557 0.163845245969882 -0.0955887473109076 -0.127201587965716
0.283779659556175 0.0599806121418188 -0.199784870092686 -0.13164598280748
0.269764748123424 -0.0627656532611888 -0.225692725771997 -0.0620027813026887
0.183559432148481 -0.136648262573685 -0.171329085057459 0.0143504097455193
0.104932976596248 -0.171688999140844 -0.113083213018756 0.0378847585389389
0.030123908066524 -0.181038998537174 -0.0594113042640492 0.0211181876860813
0.00291899002706079 -0.157168270007493 -0.0273767843934289 0.00500483073129757
-0.0097974318461709 -0.169267016857748 0.0142923018404704 -0.0203763567840793
0.0424709373967475 -0.186402831643675 0.0600474475103791 -0.0360457870221002
0.100815577955016 -0.169854728190542 0.113536894551044 -0.0344961522750859
0.183748731498973 -0.146293321598187 0.150998066334183 0.0349437480668329
0.243498017550747 -0.0539729531422068 0.114740946110814 0.11003058419252
0.248673985055429 0.0837587672696872 0.0312387876568204 0.0808038639793559
0.244552223275791 0.177418774716793 -0.00686421680827706 -0.0383614263095009
0.180950847425717 0.165489647319597 -0.164753095569848 -0.073006277197195
0.223983502340173 0.154647635185895 -0.152405982170056 -0.16691027893777
0.279792694155932 0.0483160672487866 -0.208207425534488 -0.141772215634079
0.257286060384655 -0.0735493657530474 -0.201105177322084 -0.0719809543676017
0.16640401363494 -0.136153402464225 -0.128585131415927 -0.0241087050212549
0.0952276987617699 -0.162102035881634 -0.08336497255755 -0.0240547822366477
0.0294548563263129 -0.169388601542862 -0.0422032424324317 -0.0446774160455067
0.0110345292852306 -0.14618175345778 -0.0144548868495845 -0.0582995568684421
0.0111890192250971 -0.154880845074472 0.0278192684722676 -0.081295423539701
0.0657258807878073 -0.162628907632701 0.076993008822091 -0.0885503186199483
0.120818272409468 -0.13655017993381 0.134529117240741 -0.071940891245548
0.192302660260884 -0.100348976841676 0.158414205263468 0.0172567837281452
0.231959792679377 -0.010370518565833 0.0970220658176826 0.0925731838722006
0.216940907202503 0.117009131875683 -0.00751586704270837 0.0546991952974752
0.202550470275286 0.189514493116691 -0.0610976980901264 -0.0968841073495031
0.127397281209357 0.129033320206266 -0.207094546375618 -0.13242026063908
0.171211536895514 0.120620259843615 -0.196456500328271 -0.18204289177334
0.217274853598884 0.0345669497217211 -0.199146565418436 -0.142468151684478
0.193459300740632 -0.0611215460985301 -0.167373492737418 -0.0836214676137377
0.121137316211544 -0.102629602668553 -0.0926027720995346 -0.0657145636680299
0.0722724858408522 -0.120762116465672 -0.0627316012414809 -0.0814352709665753
0.026660112672263 -0.129105255541215 -0.0299404650695254 -0.1001431396683
0.0157914658992857 -0.112593241298311 0.000452078163723619 -0.111535239952015
0.0255800919754883 -0.118272893446751 0.0503182938681286 -0.130994093214138
0.0729348077154611 -0.11677327309064 0.107030705409641 -0.1246978561991
0.116474823899491 -0.0868531951438511 0.166645564486885 -0.087864934880702
0.167044413064187 -0.0461366464186709 0.167531713071812 0.0111364692897752
0.186452483672404 0.0306877262685697 0.085563412067175 0.0741499725285925
0.154746349393637 0.130953605184567 -0.028214884736443 0.0231159994289679
0.131789461165689 0.175293972592829 -0.091638083944343 -0.150737770523928
0.0460612682459251 0.0777848373414804 -0.222437075963602 -0.162801636357639
0.0828347711008779 0.0785372520342439 -0.21635323498973 -0.177399540835255
0.11523647252191 0.0274614990393355 -0.177549014483608 -0.142414992371992
0.101316937286129 -0.0253559512172963 -0.138212375171618 -0.0973595300989059
0.0638504846594838 -0.043473672525187 -0.073667728826153 -0.097204120109059
0.0468476045034956 -0.0558498146978769 -0.0558440057149419 -0.120060890606723
0.025967955321612 -0.0685466998052821 -0.0236559310357617 -0.134159186445147
0.0186759005664026 -0.0628675494950638 0.0160486772114056 -0.144860151345479
0.0286354367881243 -0.0655704326695697 0.0761332168427734 -0.16214435640629
0.0556420121725208 -0.0612184183012296 0.143545620864673 -0.140416233180858
0.0807621031682146 -0.039967392065231 0.19897559842233 -0.0851093633260459
0.109689693207329 -0.00959064407412601 0.177582548292008 0.0160699644643616
0.117110389888461 0.0453935172168287 0.0840992972118973 0.0579272132716391
0.0809126445456625 0.111437466303034 -0.0279961335397298 -0.00408333161828758
0.0509500586565234 0.129626173006603 -0.0994786441162129 -0.189619257233737
0.0205223350023771 -0.0332526716107013 0.132715268129041 0.193496162991839
-0.0204335163300965 -0.0433933523283017 0.0678841665288891 0.0227207229311047
-0.0443735015610273 -0.0274864304324262 -0.0799762498963805 -0.0546863452547704
-0.0351237151995943 -0.000313206728035923 -0.176774369654615 -0.029091877867665
-0.0278834639232727 -0.00257684097247178 -0.219223910552332 0.0736752666230757
-0.0237731603622298 -0.00275846872795947 -0.156464339026903 0.16126975469407
-0.0214700025404789 0.00773331558659729 -0.0752840702028886 0.185546195100276
-0.0221788140351563 0.00442767169052941 -0.0129936858892052 0.177693156258013
-0.0329792631039348 -0.000632095077320298 0.0381255262924584 0.151375925712217
-0.0350914281406975 -0.0164475240515276 0.0746562518704971 0.138883469033823
-0.0268751297363869 -0.0261766874737141 0.0898857276855381 0.120754190315435
-0.0225328481751134 -0.0361050077944092 0.124021293546628 0.117232306779102
-0.01530477229247 -0.0381532289751131 0.160645201142869 0.139968056402878
0.0108570608539832 -0.0451470593193984 0.187128013775687 0.139765534984617
0.033748654911347 -0.0311647422510232 0.214717333344248 0.130528668246307
0.0925751723310286 0.0289689681363401 0.0873985429668563 0.19030191066389
0.0549704822425463 0.0162272547929847 0.0383120518116819 0.0167304750854615
0.0464343859131921 -0.000938713803848144 -0.108880835623734 -0.0545759122171186
0.0538387459015071 -0.0115425279373067 -0.196966393834846 -0.0290785828549115
0.0406935850317185 -0.041285628818907 -0.227173459601162 0.0720875064845143
0.0169309205029873 -0.0606224072544936 -0.164524649900661 0.155213386474133
-0.0092379366044214 -0.0596786488567335 -0.0842201761437958 0.174137968273069
-0.022514805688532 -0.0551211939394916 -0.0219801688728586 0.163386061929033
-0.0412807660434468 -0.065066243409026 0.0314080033355768 0.133108775734814
-0.0248229950390913 -0.0884051584380744 0.0715747118388418 0.115708155243679
0.00618703235751931 -0.0939114509246882 0.0940968746165229 0.0989299709411151
0.0470955070973249 -0.0958387452350364 0.13172055471728 0.10369952280953
0.0802270415546284 -0.0612513587026445 0.155848424518246 0.132162826953214
0.109636591485359 -0.0170322017948643 0.166519139821039 0.119337101864946
0.131828646252456 0.0271079720932421 0.186601607214613 0.100523368176494
0.152185319021413 0.0907092156746716 0.0303074085608467 0.153446806839318
0.13063866747794 0.077678808334777 0.00123913047050923 -0.0169506149599307
0.14216047706007 0.0247762472324016 -0.145461648503316 -0.0706864517947303
0.144227712546592 -0.028126142167957 -0.217975117250208 -0.0314780159534858
0.106251155935387 -0.0818115549357855 -0.222485121008206 0.0684581676567819
0.055269263329743 -0.11410743836671 -0.15595317166925 0.136094011605318
0.00309928481876087 -0.119373999786035 -0.0820967007346773 0.141218244390452
-0.0203212380653885 -0.10665523535021 -0.0279938336578444 0.125969693736531
-0.045052703584194 -0.117807132570439 0.022452421926484 0.0951607616139594
-0.0146090806610796 -0.145788428841677 0.0651006243655289 0.0730440558003925
0.0304955870668193 -0.148231091548506 0.0982886071606184 0.0579690000439273
0.0979675409164018 -0.147338146833269 0.142048781096915 0.079406408277181
0.156799092187529 -0.0867179028841294 0.150269492960753 0.122932563459042
0.190075956373471 0.00430032013448009 0.131281408511061 0.103614067230794
0.210798484238739 0.0770352399348683 0.131459476980172 0.0599626287432811
0.194428206644883 0.136462502143667 -0.0346178613358584 0.0892916457706012
0.198695836633026 0.123455400497751 -0.045980744110495 -0.0675962163182979
0.230920850526129 0.0371205380974184 -0.180206522881132 -0.0938449969488904
0.220996244192139 -0.0566181150910018 -0.230567242907938 -0.0355704543457323
0.152878991182942 -0.123692727797062 -0.201625507574994 0.0556168459243264
0.0805604053918825 -0.157339107708398 -0.134783121438604 0.100015806111824
0.0116053057714187 -0.163009244933975 -0.0718795098862982 0.089730385166678
-0.0161315070288807 -0.141134302293778 -0.029250131418261 0.0713049645074622
-0.0390912438081042 -0.152444991294884 0.0146329257282147 0.0407527318481261
0.00102446550921241 -0.179697443633491 0.0574759423501434 0.0184622000670923
0.0558972820023765 -0.177546980930926 0.101348345492623 0.00795280223057825
0.13756155455076 -0.171360809496502 0.148792290582857 0.0496340516073938
0.209286879909641 -0.0949443725987143 0.138681442702726 0.111510081542153
0.240315309105238 0.0278561126602876 0.0859590373319854 0.091994124736549
0.254119848577286 0.118895244205952 0.0619893228250356 0.0139225315483149
0.209309652736121 0.157121711523036 -0.104204186943997 0.0123950350475736
0.237791424612084 0.142246747790032 -0.103246918663421 -0.11738120287464
0.283266220085009 0.033888725165305 -0.204953362065252 -0.113190530217752
0.259722665739439 -0.0846484666305601 -0.225401616480144 -0.0436689412423982
0.168647411795167 -0.150957783170389 -0.167176725542669 0.0268082801859047
0.0886695904429911 -0.177855274397217 -0.107333540245832 0.0457465006172409
0.0149403404004819 -0.180265376752608 -0.0594018238401054 0.0248045101062359
-0.00935852644351102 -0.154304471225124 -0.0267711111784567 0.00702340346591219
-0.0232074997069747 -0.163738371553294 0.0123326316821757 -0.0209382307838966
0.0258960596102488 -0.186061062146223 0.0556046109985227 -0.0396939191132996
0.0845575678219613 -0.175815082914342 0.107752981801985 -0.0415025630770268
0.167348340500627 -0.159728763375283 0.152576281612823 0.0224029226714264
0.234657115205302 -0.0739507518386732 0.121297431710508 0.0984082578543674
0.251192668568466 0.0610834839873245 0.0371480604519221 0.0780247590221213
0.25440962154173 0.151490300800789 -0.00941082826502309 -0.0356843318011988
0.189311073908196 0.148675203358948 -0.168255536908778 -0.0600751283647611
0.232201574333475 0.133039354420389 -0.161879089659131 -0.15151190156728
0.278619146628261 0.0236205642438003 -0.213369663705098 -0.122376718706601
0.246075029093404 -0.0937924107947605 -0.201966556806623 -0.0547789032357166
0.152478557345985 -0.148663968250563 -0.127426214991429 -0.0143739191300685
0.0798861092271449 -0.167546746891343 -0.0827049484068728 -0.0174163013979717
0.0153879465975446 -0.168480183635165 -0.0473224427167284 -0.041236768816454
-0.00110868439978299 -0.143327783476487 -0.0196629567650328 -0.0571418801903739
-0.00212290894446758 -0.151446476913031 0.0207857396871753 -0.0819907015323538
0.0506510372876968 -0.16445999429166 0.0677920991942001 -0.0934122629149585
0.106973047573514 -0.145045852431672 0.125933725471975 -0.0795682257091891
0.179477384720454 -0.114674992759729 0.157046924382683 0.00371190917619968
0.227105981827703 -0.0304560244518086 0.102952587232229 0.0832134829423773
0.222334912244438 0.0966799806241598 -0.00222923753966896 0.0556457697101754
0.21384944947138 0.166543344681982 -0.0671450250232819 -0.0897326538509204
0.134472677969402 0.116311318458629 -0.214538696202517 -0.114177702580483
0.177290839220815 0.104091657982893 -0.205858864443043 -0.162506616631653
0.216353719291311 0.0149061221639477 -0.205562299958723 -0.123739377283839
0.18524711289196 -0.0758132743895504 -0.169837182120889 -0.0692360430401606
0.110986449353838 -0.111283129831326 -0.0959673122830859 -0.0580408481294091
0.0611704305516771 -0.124375938666575 -0.0679953782759313 -0.075717714735286
0.0160878746164148 -0.128857007965123 -0.0397108269297197 -0.0965891442685635
0.00707671527806573 -0.110874988743259 -0.00928439052983916 -0.110399199834901
0.0156460550258244 -0.117333573444565 0.0391085767922144 -0.133142917534009
0.0616238405522957 -0.120431260767504 0.0951926983537196 -0.131129805119368
0.106808702104881 -0.0951762311158324 0.155424997534509 -0.0987915264603774
0.159206522042078 -0.0585823233981673 0.16599691958585 -0.00217224285112116
0.185181785293677 0.0143210431723508 0.0894509350653327 0.0658926350687368
0.161572035220777 0.115606536771942 -0.0242878626453523 0.0262626122349017
0.14341500394371 0.158893318607803 -0.10147771266029 -0.140159290221753
0.0508280154207158 0.0719502312811818 -0.231415622766825 -0.143605722166587
0.0873896249647363 0.0702615110334429 -0.224962087889379 -0.15675243228618
0.115793463390632 0.0173033071742681 -0.185115800739946 -0.125610245804132
0.0984292447186772 -0.0331080487458197 -0.14252347965416 -0.0845691086771439
0.060332382744725 -0.0478171150794844 -0.0802439872281024 -0.0914243402605037
0.041987891790642 -0.0588365245108365 -0.0642292128198797 -0.114090944396328
0.0199574247574886 -0.0690409290654 -0.0352788471128805 -0.131565815986912
0.0133311500800722 -0.0626028488671498 0.00359844961302803 -0.145107076664946
0.022711943340179 -0.0660476543849562 0.0621628636923286 -0.165503515432454
0.0490928691135601 -0.0643066155193242 0.129397192860568 -0.149463816646039
0.076737853827403 -0.0454532859842729 0.188303015232131 -0.0987130359637782
0.105876196314197 -0.0185064053658152 0.176750322490851 0.0012346711006771
0.117766301861772 0.0351173800883825 0.0874899032459916 0.0509592035807297
0.0872090202414348 0.103527652310708 -0.0264832421724297 -0.000870539091833267
0.0607830625879561 0.121152953174882 -0.11218511797381 -0.177692782803246
0.0180642184453297 -0.0333831520232027 0.136888750248507 0.173144496574149
-0.0222662699048496 -0.0398957649484474 0.065801017505694 0.0160976582495678
-0.0445108028549599 -0.0234085100962968 -0.0770373301064841 -0.0467260465005131
-0.0337658309088904 0.00143347168024788 -0.168135484460412 -0.0161420656913682
-0.0267994042759762 -2.69188333945833E-05 -0.202229115058424 0.0840087435943914
-0.0235554364091676 -0.000538711877096008 -0.136939956402377 0.162224145184155
-0.019706551943809 0.00786381960108385 -0.0580720589826381 0.180494634114512
-0.0203914213287005 0.00484788256863304 0.000496083586027146 0.169569378703767
-0.0306152849887215 0.00151676621048702 0.0465642997043262 0.140723908546556
-0.033648813730336 -0.0137323101294567 0.0799433319150328 0.126240895083124
-0.0271309708706668 -0.0230259246662139 0.0939184839705078 0.108265340781399
-0.0235827688674653 -0.0319540663735475 0.125389955792233 0.101807446641607
-0.0167645839890031 -0.0350365408063995 0.160517463280057 0.120973669312561
0.00755182223973252 -0.0434357190295713 0.184865272396238 0.12038025236798
0.0295057088593495 -0.0309744735986139 0.211712972486524 0.110117742009575
0.0894965200137536 0.0214605316453228 0.0937493540903704 0.174109195161998
0.0528284559354369 0.0115676753465955 0.0372359117040308 0.0125939161243312
0.0427997284643914 -0.00539459256740429 -0.104836086224959 -0.0440771992407724
0.0491400427075996 -0.015318346766778 -0.18704174125363 -0.0144822043893812
0.0357378126311772 -0.0421236543031713 -0.210244460236436 0.0832935854374647
0.0103561487113299 -0.0586501896119563 -0.144290643333 0.157733277618438
-0.0134250094110076 -0.0566329334409023 -0.0672270373392931 0.170791130675914
-0.024691888888555 -0.0510597446440061 -0.00880921443971876 0.156962936870366
-0.0434477833688458 -0.0582615244455358 0.0390069892874593 0.124391084764689
-0.0299649985900675 -0.0819024106299804 0.0753827678086889 0.105006013314756
-0.00123545815369211 -0.0893399902031374 0.0955081177177783 0.087802566279742
0.0365852049265401 -0.0928614798606416 0.131900147706563 0.0885034028832651
0.0723447340582235 -0.0640830791232005 0.154814390212197 0.114046167740141
0.102672964063943 -0.0239620628657921 0.165090649107894 0.101833286140287
0.126380840624442 0.0159211139796447 0.183021918736228 0.0832998470179372
0.149577136656893 0.076005658173199 0.0376469627476657 0.14276663102787
0.12895461207755 0.0647265397823793 -6.09370988214558E-06 -0.0169252128514415
0.135383995511388 0.0122174766336412 -0.139749871528743 -0.0571623160342141
0.133316313393321 -0.0381670999743439 -0.207399198833765 -0.0154725935620142
0.0940048197083399 -0.0858377188800553 -0.20594284143743 0.0791182901399747
0.0431826850223669 -0.11224323931748 -0.137437858092936 0.138982627253391
-0.00531349080888128 -0.114090675641177 -0.0690008257626153 0.139778188675495
-0.026189774566339 -0.0997783441146775 -0.0171203275183562 0.12188277838036
-0.0503567021980259 -0.107649843728034 0.027775180956307 0.0881910044597491
-0.0241304651588462 -0.136624656874621 0.0660774858646126 0.0651754804384048
0.018537732843295 -0.142518045333372 0.0971085826944382 0.0492387134087698
0.0811726603277886 -0.145575744137436 0.139740644813454 0.0643164049525629
0.142503419846235 -0.0934316151984541 0.149389698670363 0.105835151055118
0.179877901152173 -0.00985562693175029 0.131062058695619 0.0899569755396455
0.203293449434986 0.0572325231048686 0.128178585280687 0.0489491420758242
0.192490262016538 0.116225686424638 -0.027897762760452 0.0865097440139306
0.195397302565749 0.103147204680733 -0.0472013564239503 -0.06107654597678
0.219284014102453 0.017026266375702 -0.174010201246257 -0.0765697170980642
0.203838221711828 -0.0701002053259732 -0.219502354089529 -0.0188083789991428
0.134899013191711 -0.128981355423407 -0.186434440458311 0.0654617539173816
0.064249576987293 -0.154896872175869 -0.119098847541708 0.102977374685122
-0.000206100904489801 -0.154845038567306 -0.0632918803071123 0.0901564936798217
-0.0242046239255954 -0.132412908087687 -0.0230241825818816 0.0694493609498234
-0.0472508616993279 -0.139584608079309 0.0169822653587238 0.0377049370270944
-0.0120468944868352 -0.169637786423374 0.055011135905143 0.0141459149669951
0.0396744653244543 -0.172320219497468 0.096200132149275 0.00170789727547707
0.117209688288978 -0.171613114303889 0.144215260135137 0.0353965797699024
0.191625699780951 -0.105714297347598 0.137903463167383 0.0953931762463121
0.228636968120003 0.00888309339238029 0.0877580194153159 0.0817065020963435
0.246750159971224 0.0922214428450875 0.0590405111758785 0.0106157150796093
0.207532935840303 0.134313168432578 -0.098128259374842 0.0186686708994241
0.234101251808137 0.117150484289029 -0.104542928725288 -0.103663287988462
0.268898831204553 0.0110678778100549 -0.198991618092297 -0.0933276804101727
0.239112245180412 -0.0998360927374518 -0.21486762036044 -0.0270687435977726
0.148823285092977 -0.155615111282671 -0.155996477679689 0.035882843085685
0.0705409153669941 -0.174898190690805 -0.0973395813066446 0.0497242244988811
0.00141925472285888 -0.171056808457609 -0.0563136729392179 0.0279346884831527
-0.0189967699282946 -0.144693693637978 -0.0256584733943124 0.00837313927024019
-0.0335424654749707 -0.15160725338441 0.0104301853108451 -0.0208179514749918
0.0107138355470199 -0.177081582588044 0.0495955222880548 -0.0413451324479353
0.0672040374196193 -0.173001097997636 0.0994225714083225 -0.0449754927136812
0.14595301926324 -0.162222213084701 0.145962539015768 0.00985691866638953
0.216005817415818 -0.0877735552798738 0.120764362400948 0.0848581887568964
0.241014119469184 0.0389421235800733 0.0412201034225634 0.0720255834361579
0.248905853376156 0.122482034706969 -0.0109214115655077 -0.032345700405884
0.188722457342435 0.127934150474372 -0.163393393791155 -0.0457380854293567
0.227465488308756 0.108782106339149 -0.162297988416634 -0.131546781607815
0.26359739624479 0.00184724143810607 -0.208522495324429 -0.101275651372859
0.225772617273091 -0.106804502778601 -0.193539702799531 -0.0390850487621442
0.133820147754271 -0.152753040393924 -0.121211338009231 -0.00565504272009915
0.0633089398758634 -0.163947543204081 -0.0788165472796767 -0.011720779489725
0.00281614820542602 -0.159889094195298 -0.0501683004326521 -0.03605939194087
-0.0105977791484918 -0.134779438742464 -0.0233999642086038 -0.0531920772790414
-0.0125318492528677 -0.14172675038802 0.0140586349448651 -0.0792103395999185
0.0359342309611156 -0.158579195217876 0.0571493490607634 -0.0921517405666388
0.0907698917600888 -0.14497693257458 0.11303229792091 -0.0826822447165505
0.160024903549842 -0.120561181744666 0.149350639725445 -0.00776088628355691
0.212018531206991 -0.0459130630680363 0.102754910867903 0.0714989553398663
0.21596077016521 0.0754811074383701 0.00313035539515217 0.053082535321561
0.212008540407819 0.139986716774284 -0.0687017452210602 -0.0792654128873688
0.13448667215922 0.100840460572187 -0.210057847137359 -0.094596269901726
0.173706195095824 0.085708747437127 -0.204075575864687 -0.138630426409662
0.205168165997678 -0.0017118951408559 -0.201469946177788 -0.103054525129564
0.170137825685553 -0.0855097158203438 -0.16407371041357 -0.0545845469196091
0.0976720807752421 -0.113507270958325 -0.093464145418443 -0.049035639977519
0.0491227904109724 -0.122531111359128 -0.0695193130938077 -0.0674514527928184
0.00655164942255524 -0.122317439653208 -0.0465618906133479 -0.088933839489955
-0.000958739488550447 -0.104520204641299 -0.0167116375265875 -0.104604729990914
0.00628969336564373 -0.110934684032752 0.0274519548360816 -0.128389672358262
0.0489545304246009 -0.117595999617992 0.0808434461439803 -0.129903883670126
0.0943083286900624 -0.0983150180215829 0.139284645991063 -0.102663209267423
0.145186673357203 -0.0667316614135459 0.156843330292415 -0.0137224414597143
0.175246591044259 -0.000164398312866327 0.0890173551507945 0.0567572242668762
0.159652092954787 0.0979507804184185 -0.0197700844745387 0.0271060244608361
0.145394098065898 0.137631741197697 -0.104661757247297 -0.124362399901447
0.0527152837416588 0.0645084795318489 -0.228661854570162 -0.121461870802392
0.0872170510622262 0.0599169459916114 -0.221581372995827 -0.131874498279963
0.111095525979569 0.00781632468438428 -0.182460479949624 -0.105904503003107
0.0913390921152615 -0.038674994952288 -0.139563399190491 -0.0713885711985481
0.0544969880652042 -0.0496595792317395 -0.0819035083443706 -0.0813820177397991
0.03628425605562 -0.0589555964618052 -0.0691310409428706 -0.103952155149692
0.0145386569530059 -0.0656740392295329 -0.0445037373543757 -0.123098114214553
0.00859394749722938 -0.0589814862692444 -0.00750800531747088 -0.13813588854965
0.0167315252305026 -0.0634772418796815 0.0466754200445605 -0.160635235309618
0.0419390552074679 -0.0634635762998482 0.111492963216948 -0.149974259035385
0.0686551991763893 -0.0486724762717475 0.170193680094325 -0.105995882100063
0.0987225394303778 -0.0246419447624395 0.165919299326563 -0.0105779205137781
0.113388919883122 0.0244669695421609 0.0855449799796536 0.0429098192715257
0.0887967350086396 0.0911505671068435 -0.0237397818345575 0.00215358501763044
0.0655887999845432 0.108313700633186 -0.11665926821136 -0.159153335845867
0.0167037819710727 -0.0320377308869016 0.154696635395643 0.133119506812199
-0.024855377347008 -0.0342455490341575 0.0625744842625546 0.00117550246640529
-0.0446111235544108 -0.0140839241020361 -0.0795896496938318 -0.0335885823062007
-0.0317050660270366 0.00952764762048282 -0.160141481476469 0.0101206520689967
-0.0232839798805761 0.00854328348507579 -0.174711939626021 0.11056430408054
-0.0203085741716162 0.00404161493500184 -0.10341223603963 0.171725598263939
-0.0153390055306001 0.00946961618913596 -0.0279389432993761 0.177932293629216
-0.0170760052931355 0.00660036234762939 0.027619461712323 0.158011535927865
-0.0263875457706231 0.00483018508675765 0.0668253753155214 0.124428616868336
-0.0317599529943308 -0.00762760122274835 0.0964003592077613 0.103311290735415
-0.0264672484784247 -0.016861590423719 0.105626890013022 0.0844853944353202
-0.0245881348875851 -0.0244629252375368 0.131480375626262 0.0730710634471485
-0.0171768375080093 -0.0283406851952999 0.167953607114731 0.0834859142277565
0.00298099449154359 -0.0387929139582981 0.188534803967815 0.0802457962549497
0.0271462802647493 -0.0312457296437478 0.210226814687173 0.0714353909612053
0.0870594185958337 0.00926777439836151 0.118496028490375 0.14397656232858
0.0502969108962538 0.00217558106548675 0.0383208356977535 0.00453688232643122
0.0356847395335664 -0.00974762542290808 -0.0996697011149639 -0.0239610643816267
0.0391370854893144 -0.0187381544236072 -0.171501495769821 0.0163891181129648
0.0265352068342795 -0.0391746082111946 -0.178248369935745 0.108544966885078
0.00275269701210163 -0.0533477818245011 -0.109375939754362 0.166143057660954
-0.0190460090582463 -0.0495927127314368 -0.0368694704623354 0.167876393144729
-0.0281225251233788 -0.0437936159321069 0.0166889819069295 0.147155726809287
-0.0460495290139701 -0.0476515707123865 0.0583715001247455 0.110805666976971
-0.037657458347474 -0.0714931669649719 0.0894697643149771 0.0855816190897589
-0.0105009672668244 -0.0813384054102341 0.103713730132043 0.0660882298882133
0.0226915464631528 -0.0889561387645536 0.13475457691888 0.0606557789401277
0.0596620152650019 -0.0664703538122374 0.162926079220117 0.0792037546813247
0.0923319445963147 -0.0346351647353128 0.166634303331283 0.0681154428969912
0.121283283838815 -0.00099279120270588 0.179602361319037 0.0516623283900935
0.147152293833062 0.0518683193269423 0.0643730367710515 0.128250402586443
0.12508565758766 0.0401565712544136 0.0019210549378574 -0.0135740169108602
0.120967584770173 -0.00705917445884802 -0.127878036919614 -0.0277748770876215
0.110665835922359 -0.0512946835847451 -0.184786044115868 0.0205604551035933
0.0725652071549754 -0.0869562241139943 -0.170782784321893 0.102176798924569
0.0250746498579638 -0.10706634589131 -0.104027825860356 0.145183924857628
-0.0203415648716683 -0.102682062116146 -0.0419724458483452 0.136672236290575
-0.035521119293106 -0.0879006753510614 0.00334650472575718 0.114959147194793
-0.059221841944624 -0.0914610847850782 0.0424970923218136 0.0791351269479453
-0.0411595463303547 -0.122034141128466 0.0760699568103538 0.050495350974474
0.00120173119439796 -0.133391751474285 0.0987468483656929 0.0310937536108032
0.0564179368827551 -0.143882835579973 0.138385334068323 0.0386603749620106
0.119050891214891 -0.101753790229889 0.157308672747122 0.0729142407117508
0.164125441098999 -0.0335217295850027 0.132991878594653 0.0639475025626195
0.19659233560462 0.0262695546522635 0.124581011777749 0.0287768919782418
0.189117718008015 0.0832088955966441 -0.00233632780526039 0.0901821026416705
0.189177820453364 0.0656978969412805 -0.0467755196739676 -0.0440571644374273
0.195794457264759 -0.0141814567796139 -0.157346614211606 -0.0379522369728028
0.169117375426572 -0.0907201861431516 -0.191313121807363 0.0202001112304609
0.103609661002809 -0.13234501656976 -0.151907418135786 0.0826571814622886
0.0384154156097564 -0.14971003845732 -0.0920122811215161 0.106728165368319
-0.0220811392267382 -0.140528369407968 -0.0438355113410389 0.0879959013373926
-0.0380827672246016 -0.11848834454205 -0.00962950180509526 0.0672639101135686
-0.061534079339562 -0.121602171874458 0.0247071304906181 0.0341314387342479
-0.0344575871412386 -0.154579046899591 0.0572240208876628 0.0057652264476818
0.016548089771538 -0.163591828837016 0.0896132496415902 -0.0125692842823025
0.0854758158174351 -0.173341976947726 0.137306760671414 0.0124954927369865
0.161988254833163 -0.118947019633439 0.146208661309651 0.0662262391808008
0.2102611320795 -0.0232591612912349 0.0918222726600345 0.0638550423621004
0.239596189205843 0.0522844568217123 0.0549819498169689 0.00385825354058717
0.203327978965657 0.0975573042881115 -0.0775217586605524 0.040818873925722
0.224867525578092 0.0739526480982904 -0.104713122909736 -0.0727249272955985
0.23842118740617 -0.0260706375919128 -0.17936269353639 -0.0483293129792394
0.195225399486039 -0.1222054957982 -0.184601643079511 0.0120897091854477
0.11112616942055 -0.159802509315031 -0.127170511312182 0.0487371800059856
0.0403847929081947 -0.168792988379087 -0.0793986383645734 0.0531269474845901
-0.0231253253486226 -0.15525138635977 -0.0465766279571584 0.0278264117040719
-0.0354129155777155 -0.130208637042974 -0.021801028801217 0.0103451060502492
-0.050589414626663 -0.134007329071465 0.0088600869387707 -0.0194380626321403
-0.015401418502153 -0.164895585922863 0.0427722930796991 -0.0442238902675139
0.040856985030975 -0.167689566942261 0.0838502479669321 -0.0559965980422328
0.113594371077494 -0.168745880757017 0.134627932660877 -0.0120245056028016
0.186201065236765 -0.106340829244652 0.128700115831486 0.0598883189119555
0.225144020744834 0.00240721901174045 0.0478713008296655 0.0625030138232077
0.244592591291914 0.0790981380116572 -0.0158338875147579 -0.0255582475068712
0.183583660830994 0.093332534522538 -0.149110629511078 -0.00713216204527722
0.216835359775598 0.0682710810221011 -0.163061289786053 -0.0882728143586637
0.232015043343195 -0.0343728472512396 -0.189399419259302 -0.0546586618949914
0.184160372583048 -0.127498202774218 -0.167626461293698 -0.00401975733119082
0.0985298560835916 -0.155429043989317 -0.103259288942004 0.00513758169137093
0.0352703213868692 -0.158169642194597 -0.072227319467656 -0.00650376350997678
-0.0208762091135964 -0.144912701131471 -0.0507417849828846 -0.0324325912554011
-0.0262353487521571 -0.122263251014877 -0.0294628466459094 -0.0466405078276483
-0.0310255822462957 -0.127950197853376 0.00244431190932254 -0.0744631847502697
0.010298215404556 -0.151638051755731 0.0406929894004231 -0.0925092070290361
0.0659886433713595 -0.145089841291494 0.0905747425561782 -0.0934263347813704
0.132685799106763 -0.133728193495075 0.134005980195877 -0.0290980609438516
0.186691643114349 -0.0671634149336075 0.109276403920214 0.0517405926930814
0.206489850944189 0.0387701955496415 0.00912446202682222 0.0514971858622858
0.211840730655201 0.0999289302069866 -0.0757828272460697 -0.0598710466666274
0.130074654099697 0.0761568478639053 -0.202594478260069 -0.045512406445804
0.165443116492868 0.0546426910378217 -0.204788816167798 -0.0892876139228406
0.179630946773477 -0.0278566073342294 -0.188146193416778 -0.0589115936145066
0.136567224905953 -0.0999978101746769 -0.146870033773229 -0.023772861710031
0.0709134163074507 -0.115813898280987 -0.0876780020377017 -0.0378208645853884
0.0274319083797316 -0.118044691041561 -0.0732543295808342 -0.0582142222363384
-0.0124222812480695 -0.110372987702823 -0.0559251706255573 -0.0825704967060236
-0.014117792318587 -0.0957414258803479 -0.0320138556759575 -0.0960695664862506
-0.00962667641284727 -0.102737114445877 0.00599779980496575 -0.122700410933158
0.028105247338854 -0.115753521214446 0.0556249470586429 -0.131960988741936
0.0747482660369321 -0.102673300570647 0.11127669754441 -0.116476750968978
0.126760155315652 -0.0811219835822988 0.139833307544411 -0.0367677637577018
0.159202144628944 -0.0210249601511314 0.0932860521865726 0.0401639847044815
0.159161932989958 0.067152115387906 -0.015650313898873 0.0301531277711933
0.148695284634537 0.105767519197972 -0.115165328817606 -0.0967956963034305
0.0510303664519072 0.0525591202246012 -0.22804028431907 -0.0697483140550356
0.0838960445734891 0.0443270079762519 -0.222701736754912 -0.0811778890430175
0.0970721924638199 -0.00683980381675707 -0.17702036097801 -0.0658877835468155
0.0734332641709586 -0.0464186317306123 -0.1329914469614 -0.0431016901256564
0.0408877303685009 -0.0519381104388534 -0.0846847529142905 -0.0663898680947854
0.0240259074866904 -0.0576201986876127 -0.0793898739377467 -0.0891372208473096
0.00231471494483649 -0.0608519733802878 -0.059636766199406 -0.112136389387495
-0.00068805197785725 -0.054753615858342 -0.0284738252557032 -0.128599949125617
0.00573184954899446 -0.0609856648018016 0.0177509769347738 -0.156613782435753
0.0293719130946332 -0.0652326976503868 0.0797756849895379 -0.156316359264004
0.0580611713200571 -0.0544305952069962 0.139078758328895 -0.125010121156144
0.0888771991070012 -0.0357457586878835 0.149775247900282 -0.0354155952033483
0.105968409679908 0.00870344384361486 0.0866537902504678 0.0278988326713804
0.0935901620154472 0.0707743150045295 -0.0225725797395576 0.00662107837386249
0.0719638254143058 0.0885341934099508 -0.130915058617322 -0.127703615350073
0.0162135025932112 -0.0308172258139961 0.143134330246655 0.126538094811942
-0.02250182430251 -0.032699429609297 0.0589500433639966 0.00053587101580398
-0.0424158889344267 -0.0136484460437368 -0.073828279785269 -0.0335739965059718
-0.0304621468978761 0.00845702810230678 -0.15037782029034 0.00729829508996872
-0.0225151086120538 0.00752248237905947 -0.166534918565227 0.102886342390553
-0.0197178711180344 0.00402773152385477 -0.099050711468755 0.160734605949915
-0.0149426791780782 0.00815609595110393 -0.0271868467753409 0.167432298795765
-0.0161002506303065 0.00571336598771509 0.025464642641676 0.149877274903616
-0.0247402858699853 0.00403189779943523 0.062405611103059 0.11904142830056
-0.029782733506158 -0.0076839626951541 0.0906566823963981 0.0990776713633904
-0.0248603993517447 -0.016433272830651 0.0989796728794902 0.0806686982465889
-0.0228939049786533 -0.0230947312145928 0.121725559203553 0.0696257207185681
-0.0154922570235139 -0.0274915867038168 0.156055632189245 0.0794055422185153
0.0033958864102566 -0.0360735156401652 0.176099304183784 0.0780833420686553
0.0260667723206746 -0.0280936905993084 0.198135262820504 0.0703742939279526
0.0819816531433308 0.00918710649617669 0.109858732545175 0.137259682602457
0.0475520042001811 0.00254690708382292 0.0361185298212747 0.00352581565424238
0.0334943149720535 -0.00951849808131502 -0.0921902422889961 -0.025054756590455
0.0365245191717941 -0.017862922826132 -0.162103335909188 0.0129935458947826
0.0246823813631384 -0.0372413768514414 -0.169774433443169 0.100775745826662
0.00251475549963075 -0.0505700007452471 -0.104683008467099 0.154729520242321
-0.0182131966133499 -0.0478728263426156 -0.0359599008773505 0.157968616622348
-0.0264100587420571 -0.0424148340175176 0.0155801677679763 0.13971431995328
-0.0426263442106421 -0.045721871172201 0.0540621808874525 0.105720233985974
-0.0348041136718554 -0.0679261882595049 0.0838524669521344 0.0821630530270631
-0.00918808862491712 -0.0770048429342626 0.0976625975301763 0.0634528659915056
0.0221034958062743 -0.0834997969861794 0.12594936253251 0.0582872944041907
0.0568930612225054 -0.062817726379915 0.152149603665688 0.0756565259964526
0.0869144602134873 -0.0319674873127423 0.156688395274453 0.0663002752670942
0.113432575951289 0.000701285878049752 0.169579459871084 0.0518771538598947
0.138257744543502 0.0497954497285659 0.0600557592615184 0.122382337466295
0.11809101012423 0.0390810390119811 0.002109915839482 -0.0133678495833767
0.113212472448287 -0.00644997345499701 -0.118921159350587 -0.0280639072703269
0.103878699516364 -0.0486258229296314 -0.173656175020627 0.016892505689982
0.0686019634345991 -0.0829832417852967 -0.162340052426313 0.093959532370072
0.0235322084725964 -0.101146879021373 -0.0996567854625433 0.134620370621125
-0.0187865023985728 -0.0972113763979418 -0.0409257818000118 0.1288544561516
-0.0325760016016407 -0.0839492173180075 0.0026537438948515 0.109205451651691
-0.0543336169178707 -0.0866324892697553 0.039862036296158 0.0756247423258669
-0.0372597289830493 -0.115644627099495 0.0711118488807804 0.0484636790643006
0.00143633271457568 -0.125900505716677 0.0933757130533833 0.0306621317350095
0.0542515751737459 -0.134613212974399 0.129613416083076 0.0365876969466712
0.113003436357657 -0.0962581678707877 0.14757284084962 0.0698235143684883
0.154796523226974 -0.0301830108100897 0.125234815760717 0.0619041152619538
0.183446891462348 0.0257157092643986 0.117336939992542 0.0296963040519232
0.177584494544602 0.079694592973964 -0.00324105174662749 0.0855776961616933
0.178945857886149 0.064124767111639 -0.0431938755533987 -0.0426994366642651
0.184050167221483 -0.0131062091423218 -0.146016882318698 -0.0384008296166065
0.158840910594868 -0.0858527457271015 -0.179887275382749 0.0166247226767535
0.097371903521773 -0.125641496947905 -0.144245741701993 0.0766145346275192
0.0361818584146138 -0.140270337396585 -0.0872986190038573 0.098234648229551
-0.0204874106618421 -0.132292276433675 -0.0429909421148466 0.0826494026096466
-0.035010658507705 -0.112327291632688 -0.0101887291714421 0.064004785985009
-0.0563270560180783 -0.114346181025334 0.0229290974919706 0.0323764237835382
-0.0318384419318684 -0.146080383380378 0.0536587011492502 0.00579735202350362
0.0161554234438864 -0.154651870351064 0.0854742912800711 -0.00962473958503133
0.0812908421373759 -0.162510862111643 0.129300630077304 0.0117667212773338
0.152959023097621 -0.112501382845303 0.137378252014702 0.0641394125685386
0.197535486974226 -0.020320370436485 0.0865815847759896 0.0615578955945266
0.223724883659934 0.0502989562362028 0.0524907566423696 0.00518113379597018
0.19112464559584 0.0936749816398861 -0.0728268546407561 0.038411889476349
0.21170430732567 0.071359141380523 -0.0969118698327496 -0.0694774999337487
0.223977140801603 -0.0242562388547918 -0.166624064237027 -0.048160048022481
0.184403034803244 -0.115063517368781 -0.173779153467201 0.00862243211496124
0.105724620678087 -0.151358182287876 -0.121044245980028 0.0446274828378934
0.0383441478438314 -0.159167435262744 -0.0755600470196496 0.0477709767410709
-0.0210095025868785 -0.145981396003765 -0.0457431905368686 0.0263424474880481
-0.0317874525828396 -0.123602079741986 -0.0215578266349783 0.0096530488893468
-0.0464938921928782 -0.125933139261045 0.0086536082857257 -0.0182464914092334
-0.0134699559429383 -0.155445356936508 0.0408450381698504 -0.040428195938167
0.0394748313974027 -0.158457349849022 0.0803051734309718 -0.0509908900163983
0.108679110393792 -0.15872662028345 0.126690619006835 -0.0110252737297417
0.17518159709299 -0.100375331898339 0.121228973116354 0.0582457925884097
0.211395075754049 0.00425392184891302 0.0454350987461221 0.0595687553170722
0.227797916792264 0.0755871032600098 -0.0135866536856486 -0.0225087649093179
0.171977624597867 0.0896083055701106 -0.13937156374051 -0.0084839420589679
0.20418183788917 0.0659490766879734 -0.150743959647566 -0.0848133926249867
0.218651752869465 -0.0313953222418334 -0.175970032435067 -0.0536873406384829
0.173676703454305 -0.119944552007869 -0.157378483034943 -0.00616920708515857
0.093321124771212 -0.146900840560786 -0.0975241892207756 0.00269449481895605
0.0333942407274725 -0.149385372375532 -0.0686197706304828 -0.00777418279084569
-0.0179084575078813 -0.136028648688469 -0.0494355085460139 -0.0312704408378402
-0.0235647336715511 -0.115620895992118 -0.028839990521397 -0.0445021059593059
-0.0279482065300249 -0.120405647233444 0.00209772640946882 -0.070229361974866
0.0101965086299617 -0.142771550278893 0.0400091799720731 -0.0862471234348857
0.06251751737403 -0.137076608871648 0.0861859296480946 -0.0862043667277167
0.12557496080501 -0.124148896398509 0.12631994157924 -0.0268920405968187
0.17597511715135 -0.0632180439098762 0.102346360660132 0.050372951956239
0.193569972421454 0.0378702935630755 0.00961361182930938 0.0488779041408155
0.196447615512611 0.0937373476805245 -0.070436618630475 -0.056110059579423
0.121567820147008 0.0725950325056649 -0.189760102740167 -0.0453486408033286
0.15513512998274 0.0530357055804276 -0.190424664835397 -0.0859893552753987
0.168816341282246 -0.0261334236907072 -0.174911522709744 -0.0572047054759781
0.12963486786882 -0.0942836179522217 -0.137678541349464 -0.0240448444071464
0.067921521247852 -0.109296506223116 -0.0819947013633839 -0.0372348252950232
0.0263809947228266 -0.111634303692552 -0.0685979758058296 -0.0566410364884874
-0.0106626190217348 -0.10408112379687 -0.0544004944453583 -0.0777163984045465
-0.0119658850563535 -0.0901934306939243 -0.0308615132897582 -0.0913396709879736
-0.00794999517102951 -0.0959304083213878 0.00592055313556556 -0.116222948776095
0.0275587781467102 -0.108594586409491 0.0535406573338051 -0.124082247141873
0.0712383605383269 -0.0968034445333084 0.105663571840483 -0.108791328487345
0.119518258446905 -0.0754016046121409 0.132325823438802 -0.03344709480721
0.149435618004746 -0.0191302443409016 0.0879232869297727 0.0391744726326557
0.148212008062869 0.0644300148512592 -0.0137794345690427 0.0284304762552129
0.138592875008759 0.0992854437319576 -0.107021032813249 -0.0919427116692691
0.0476243575001772 0.0494859370862168 -0.213931752360212 -0.0690469268731587
0.0782304707347518 0.0420591532191553 -0.207595836655295 -0.0782983576745839
0.09140409391601 -0.00602526527515039 -0.165129676527203 -0.0631957051548725
0.0701135817718041 -0.0443685097104233 -0.124788132827634 -0.0421324497599662
0.0391095937105731 -0.0494201115752913 -0.0792318314925856 -0.0645032018325596
0.0230657718901881 -0.0546818800349794 -0.0747560587443467 -0.0854611954472116
0.0028606735760603 -0.0566933489061417 -0.0575305946233684 -0.106357069813377
0.000760563988137205 -0.051292583000323 -0.0279075835046721 -0.122109045730853
0.00614494975867791 -0.0566615990993029 0.0173502227832003 -0.147646832501754
0.0282617521255399 -0.0607879998785441 0.0767702952142013 -0.146603980607388
0.0549518745943475 -0.051663446638701 0.131767566146477 -0.116585642075774
0.0843064416495958 -0.0331339619260907 0.141335194569182 -0.0326637805851917
0.0987716261306594 0.00882648717271802 0.0821939547667109 0.0278318329362453
0.0868407074089734 0.0677856336656194 -0.0203955416897429 0.00624736402406637
0.066436772874675 0.0822475186551841 -0.122027377304617 -0.120800651405784
0.0164662383140538 -0.0305215810166939 0.135358924633945 0.128639344775893
-0.020752170908633 -0.0327777169019782 0.0575644314296838 0.000992117559032788
-0.0407721796736528 -0.0145767958618282 -0.0702345804396813 -0.0361975171957979
-0.0297812760041437 0.00756908902095635 -0.147120489265807 0.00192397704204762
-0.0220978288724589 0.00687170952738645 -0.166516829063852 0.0955166730200257
-0.0195337730849734 0.00357913527668711 -0.102261055199118 0.154257380208953
-0.0155494823266114 0.00631126211158557 -0.0305238718210745 0.162829678973999
-0.0158322797627124 0.0045188674468772 0.0225915201766945 0.148128241270292
-0.0237841321618617 0.0024730395426302 0.058629749899947 0.118666041163859
-0.028612964226166 -0.00858208043413389 0.0864169945310129 0.100153753732747
-0.0235238464165502 -0.0160663564749264 0.0944560822077832 0.0818800249171193
-0.0212613044113897 -0.0229642341803628 0.116170553530034 0.0723206353723276
-0.0139691308992726 -0.0276933008318787 0.150033674064072 0.0826880685788142
0.00463610053446002 -0.0347783433802856 0.170177917263566 0.0819617865421204
0.0263350987384821 -0.0254678198945269 0.192567167015492 0.0762569452752437
0.0794872782522711 0.0107967357582415 0.102949477342739 0.138149586439011
0.0469183258914069 0.00373580556740663 0.0353401631749716 0.00379687446049052
0.0328276055612707 -0.00903066028771861 -0.0885539367421001 -0.0290395995611811
0.0358789517137061 -0.0173213931267987 -0.157990422364159 0.0069372855043546
0.0250257631078218 -0.0361830900766795 -0.169322450712621 0.0933733314697403
0.00276039206766943 -0.049279438066537 -0.106993847251959 0.147693450451102
-0.0168287354723355 -0.0475676637865674 -0.0397428686519107 0.153758143166248
-0.0242550808478909 -0.0428197943410601 0.0119950761676305 0.138332178533399
-0.0397824210606067 -0.0458332228889644 0.0509185951417153 0.106047700396581
-0.0321513557149664 -0.0676076605567464 0.0804657677512119 0.0836981131853453
-0.00735655823904046 -0.0753087404199137 0.0941445564363205 0.0656494280295795
0.0240209000893416 -0.0811834733563447 0.120401875010401 0.0603158608374951
0.0573187396462955 -0.0602078875654352 0.146607821432309 0.0777948857495542
0.0856008553126033 -0.0286068392493903 0.151443058212936 0.0690826819983708
0.110260333405449 0.00411510809049842 0.164861535970369 0.057240727618457
0.133420269595298 0.0524533522613374 0.0552980347203953 0.121996226282809
0.115003644623328 0.0412786162201647 0.00248317632117647 -0.0141534446703437
0.110435379642486 -0.00403969173241437 -0.114234645609334 -0.0323028707703152
0.102123493747828 -0.0457789578743469 -0.169747761603914 0.0102502993874262
0.0689969983456209 -0.0807046496368928 -0.161641215795847 0.0869484682574599
0.0249608749336999 -0.0981409274319171 -0.101571341012895 0.12841629343216
-0.0165372228011448 -0.0959006687204983 -0.0442653943796606 0.125175458400037
-0.0296761264491761 -0.083639160890325 0.000223902413629138 0.10787452901402
-0.0503197790224604 -0.0860373802349595 0.0372164445743287 0.0758759122056964
-0.0338760394344304 -0.114463012904432 0.0684645243974247 0.0510423376381296
0.00403621261460756 -0.123212862314184 0.0909236231979949 0.033733261530177
0.0565985671261971 -0.129981768608382 0.124749166906625 0.0391266687859806
0.112966353064604 -0.0921704492116499 0.142168823205367 0.0722901277025614
0.151960602418097 -0.025619215973213 0.121365264508407 0.0639884885940693
0.178019829914895 0.030404686836258 0.114823095224954 0.0336400618070856
0.17097768122258 0.0827149927003891 -0.00418024847303444 0.0838971569207924
0.173342143866288 0.067722845572562 -0.0394317995371833 -0.0430241141061498
0.179490720956272 -0.00889381199598915 -0.139591084041173 -0.0428490588631681
0.156853984711835 -0.0812117348383163 -0.1758286398025 0.0101085094639285
0.0978945035899241 -0.121748145880414 -0.143976248828889 0.0705394852545159
0.0380279892972889 -0.137378598354865 -0.0880315395359162 0.0923698873962773
-0.0167774630115457 -0.13034632497257 -0.0457166291309711 0.0801010968256947
-0.0310224679702464 -0.11160381919838 -0.0115465947103192 0.0626467092143213
-0.0511543806950099 -0.113346391926786 0.0213597498792604 0.0326352792365713
-0.027126019943666 -0.143682159257877 0.0524821346350682 0.00881794083325828
0.01914981317915 -0.151125774375202 0.0841558039325513 -0.00618619701722153
0.0837285280921967 -0.156404480404045 0.125150599604197 0.0144466560993259
0.152179429148967 -0.107065307157598 0.132118949712882 0.0668859643503282
0.192823213008568 -0.0150431595918098 0.0838779001924642 0.0626263826460347
0.215805573145538 0.0548930742972817 0.0521800792201795 0.0076676381003932
0.183746864261349 0.0969223134386174 -0.0712605837515879 0.0349222409935895
0.205291537858635 0.0755156762618775 -0.0910466671250404 -0.0711674439360684
0.218730647338116 -0.0185305426972449 -0.159977217246593 -0.0524002827399921
0.182353942359618 -0.10949045282495 -0.169497294705489 0.00263074284133994
0.106583227731344 -0.146528200684512 -0.119516858013378 0.0394531813321857
0.0409065538271245 -0.155413411322392 -0.075430658597299 0.0433554750572273
-0.01683229208166 -0.143884685933488 -0.0470391491919962 0.0249318337848814
-0.027568970844535 -0.12185925889839 -0.0219889964150666 0.00951346296451807
-0.0409501089562944 -0.123841620646397 0.00809357029281779 -0.0177824452499433
-0.00941626587831427 -0.152298588510103 0.0408324946018114 -0.0373015784731469
0.0416768253382504 -0.154688766500148 0.08017771475521 -0.0464986257433843
0.109805040098902 -0.152111685255911 0.123629453136897 -0.00829912764962484
0.173046721878362 -0.0941697774625265 0.117161893369094 0.0603343738527188
0.205537679682793 0.0100139523392468 0.0442023869652583 0.0597304612750777
0.218563529343977 0.0785923008420089 -0.0123963887212133 -0.0216286024546724
0.165736804044595 0.0922310699247361 -0.135580059463918 -0.012729408937744
0.197631540091053 0.0699058679317179 -0.142819444905764 -0.0876382615153673
0.213582285338099 -0.0260440915294244 -0.16883968680399 -0.0576866781943197
0.172006033410344 -0.114307864726875 -0.15277410855837 -0.0108851900651004
0.0946496483206422 -0.142328513110835 -0.0953969679037067 -0.00118252826874378
0.0362279477869353 -0.14555756578338 -0.067227556941102 -0.0116972133158199
-0.0140387302630627 -0.133336069385065 -0.0499596847449265 -0.0314912551854716
-0.0198439629456933 -0.113811749956127 -0.028229440331696 -0.044916274816362
-0.023129518495541 -0.117705171657334 0.00363226051350652 -0.0692240865072813
0.0138582212519325 -0.138868725202206 0.0411789943698862 -0.0829353297810992
0.064151750374891 -0.133083581169447 0.0873807478340742 -0.0798847352894423
0.125698054060563 -0.118768634976695 0.124166764140159 -0.023306630890497
0.172873972052082 -0.0580040596529686 0.099906141850935 0.0527685968832657
0.187777336897084 0.0423878286065635 0.00910615763004802 0.0483439310677507
0.18812513580059 0.0968559419100702 -0.0665285192924339 -0.0560702759811212
0.117326271857385 0.0736611476860448 -0.184423511185352 -0.0510228035666456
0.150195508359119 0.0554747330733943 -0.180848222624238 -0.0895229214403523
0.165359433167818 -0.0215838735111549 -0.167346297441288 -0.0615819769466514
0.129199392754636 -0.0902848741236887 -0.132654724358161 -0.0283605865779988
0.0691849810417817 -0.106464270624035 -0.0795766299107727 -0.0403669574444575
0.0285313690432611 -0.109222718202133 -0.0663606458976957 -0.0584300816509091
-0.00765995422151474 -0.101566951200673 -0.0532992254654546 -0.0776171295811823
-0.00927602983986801 -0.0881596445146507 -0.0293552620590963 -0.0906869603157796
-0.00525510970297627 -0.0932852140815089 0.00890332260279312 -0.113647866450868
0.029682894889552 -0.104790677847703 0.0556284478310863 -0.119238890191871
0.0713152434252444 -0.0936251493115917 0.106580306060427 -0.102155313281737
0.118574673054083 -0.0704743694553138 0.130615726801076 -0.0295205461539348
0.145933765793211 -0.0152937781075071 0.0852630428786124 0.0420485046818056
0.143263735807757 0.067042955931998 -0.0133043890530871 0.0279985552272869
0.131251491006559 0.0992455614439964 -0.101584342869957 -0.0921803864224757
0.0450963222089697 0.0496125657578885 -0.206792999382025 -0.0753727269290725
0.075327238218986 0.0424469980105721 -0.197822881345349 -0.0829790148055049
0.089041889409572 -0.00403471726149964 -0.159107212329719 -0.0673108287354577
0.0698309056393911 -0.0421940588851069 -0.119948947102181 -0.0453190585949687
0.0396707254815077 -0.0477687696173344 -0.0757490573503365 -0.066568265972787
0.0237664450845471 -0.0531874176142878 -0.0711401675933845 -0.0864090566493615
0.0042327754301909 -0.0550932011900334 -0.0551867761469124 -0.105790998994337
0.00204919179657518 -0.0495896076795548 -0.0251186213759216 -0.121363304187401
0.00787574110813887 -0.0545961627094741 0.0207928574696002 -0.144787563683865
0.0291197998070868 -0.0582369194161188 0.0798610648426996 -0.141704675883414
0.0545615242132828 -0.0492926098676686 0.132126187356933 -0.109256914116769
0.0831509135603057 -0.0299122764940187 0.139324376485241 -0.0275833111963581
0.0953911026075897 0.0112265643408527 0.0799255046104326 0.0302108172657666
0.0825661267753823 0.0684382850159445 -0.01929681546074 0.00610815116138706
0.0617419595320866 0.0805501529859821 -0.114989774125688 -0.121093658018048
0.0165292203171949 -0.0311337918281177 0.134542139250204 0.134013190763224
-0.0202839786800211 -0.0338437214021057 0.0579997488679227 0.00128051757208097
-0.0416509909604749 -0.0152686700032712 -0.0699677837860691 -0.0401862317453229
-0.0308591377434732 0.00698085254493364 -0.149028799645662 -0.00220316916120529
-0.0227597185447045 0.00697316530965766 -0.171318234552574 0.0942893058186467
-0.0203293085150768 0.00362542659789562 -0.107859067051229 0.154918511775741
-0.0159738280315805 0.00561313613093379 -0.0338909627762145 0.164839422870468
-0.0163605581031567 0.00340581947062293 0.0209501670745838 0.152559397888961
-0.0238590740050774 0.00122612965389558 0.058549642589134 0.123347887472447
-0.0287501143971959 -0.0100221792416085 0.0865843231275607 0.104321111329585
-0.0238573433470341 -0.0167948714005966 0.094629077330885 0.0858078636535908
-0.0210436283409432 -0.0244388170799819 0.115739095891528 0.0764092760431263
-0.0132324813763243 -0.0292291598974158 0.149999645035277 0.0867461579205087
0.00588944506016485 -0.03474625476901 0.1705514959961 0.086793687266255
0.0277902238054157 -0.0246177304674209 0.19444813583576 0.082276011289162
0.0800966207223123 0.0123336009131167 0.102124255723813 0.14296524586221
0.0483803352530818 0.00486790289644042 0.0350421712543592 0.00403901042745355
0.0333915945230946 -0.00872767722200372 -0.08810208467117 -0.0323186908262659
0.0361977579698318 -0.0172491990615853 -0.160411799510318 0.00259515694784031
0.0255641209819512 -0.0376877559983805 -0.174633575231175 0.092034093899363
0.00332673160610901 -0.0501100839209375 -0.112565307956417 0.148030841902503
-0.0167417658159107 -0.0490985212932136 -0.0431614390748595 0.155784859050612
-0.0239007624692541 -0.0448851483733445 0.0106411357932877 0.14233775219343
-0.0391280621619177 -0.0483610340013785 0.0506937154678215 0.109756914216141
-0.0314509902133521 -0.0696404901930047 0.0809011043273438 0.0872238843870942
-0.00598913177524769 -0.0770672252379141 0.094246843468303 0.0693531274882145
0.0264024586925962 -0.0819848933620147 0.1202665958955 0.0646388052302246
0.0596709310308422 -0.0615664999131557 0.146756711683416 0.0819832216557786
0.0879190345040764 -0.026832158811576 0.152595683871296 0.0738175310986608
0.112532205545873 0.00705191330881015 0.167435695294244 0.0622501649593135
0.134057908399165 0.0560130433467559 0.0542624939181357 0.12512801219129
0.117129365908213 0.0448316595660828 0.00340123801903765 -0.0148957367172522
0.111972947065292 -0.0031677900685803 -0.113925648663221 -0.0371245068684554
0.104477683423136 -0.0458775407388057 -0.172577302931807 0.00571050833950391
0.0705160693253229 -0.0819225460034921 -0.166768931177483 0.0851472955551524
0.0259701763063244 -0.0996579887195163 -0.105888139381146 0.127135949594839
-0.015657225841851 -0.0986602913234998 -0.0478370908690272 0.127301868715988
-0.0290775277211066 -0.0865688301920658 -0.00147371691634455 0.111152990639863
-0.0494023489274305 -0.0891179393593092 0.0366787770368135 0.0789142624209637
-0.0322242892792174 -0.117040156622159 0.0687653651599026 0.0544121560734723
0.0058932828652805 -0.125304767114219 0.0921759817053228 0.0371916302365061
0.0605189219777698 -0.130926886320343 0.12492132552309 0.0420473244144455
0.116864026168229 -0.0925540671828172 0.142992888664922 0.0763897268913164
0.154367299340456 -0.0220450365958466 0.12262691116386 0.0672902433606685
0.179927213882836 0.034196690469016 0.117025170596118 0.0374900188164365
0.171761602951979 0.0881418418609564 -0.0053737159785187 0.0853384017600573
0.175401805371255 0.0718323135625197 -0.0384621919732248 -0.0460836649954837
0.182196931003786 -0.00619347894420518 -0.139429474608964 -0.0472052011317173
0.160410537260007 -0.0805856672917601 -0.178682774593954 0.00530605541174684
0.101097583097861 -0.123668472013002 -0.148267709835303 0.0681152999936542
0.0393455051446906 -0.139566163837117 -0.0923156708139365 0.0911208199360879
-0.0147481073271007 -0.132494368401594 -0.0488048702519186 0.0816424799566191
-0.029737123669366 -0.114882471677945 -0.0134777602854614 0.0642804343753389
-0.0491265607234164 -0.116042826045031 0.0214840889078858 0.0339572151844826
-0.0257211982463462 -0.147208076378604 0.0536855708079496 0.0108158436151421
0.0216856849676383 -0.153742857628683 0.0862804724274353 -0.00383269193327823
0.0884781018175183 -0.157866059087209 0.12670152185265 0.016616688735486
0.156357029141187 -0.107270227808629 0.133547180417638 0.0706572316239221
0.196673569304368 -0.0111127836095597 0.0847286854214725 0.0651465975726571
0.217884748471476 0.0601649146209997 0.0537626214636912 0.0102723693769853
0.184458369032428 0.102007246999301 -0.0722457462680877 0.0338141833837515
0.208431541044742 0.0811257700423755 -0.0894035078770417 -0.0753091228447909
0.22203131120536 -0.0163107535565571 -0.159209946113966 -0.0575073515234628
0.187223646324946 -0.109554372166369 -0.172201359859135 -0.00187118376578962
0.110181985975692 -0.149231779845393 -0.122878834570785 0.0365467081280694
0.0435748670675581 -0.158092944126184 -0.0786993937608903 0.0413227740361312
-0.0142007565441478 -0.146199354326053 -0.0502088751773345 0.0252934819714145
-0.0259793439011115 -0.125197105886462 -0.0234282704036805 0.00991885851230031
-0.0386711664871672 -0.126455496907967 0.00876396190977189 -0.017458657942054
-0.00717252353820475 -0.155472776149881 0.0427332720915303 -0.0364712007878596
0.044892171118227 -0.157132376883044 0.0830618446210006 -0.0447474484885826
0.114755443060618 -0.152725294528191 0.125652759864443 -0.00623152091597336
0.177679897524663 -0.0938293041008557 0.118569399743014 0.063944245958789
0.208442522521291 0.0141656349057292 0.0451773859640598 0.0617742657851119
0.220024145869837 0.0839447055636564 -0.0115502533236474 -0.0211285181667619
0.167004870925556 0.0970586187889582 -0.136446267065015 -0.016896899225349
0.199867441362601 0.0748515116854292 -0.141183907579942 -0.0932250736364134
0.216892694462929 -0.0228704085324637 -0.169163412969518 -0.0628970325704133
0.176175498715295 -0.11410469546626 -0.154635432081724 -0.0154537259673147
0.0982756844378126 -0.144601565033083 -0.0975417645781934 -0.00418714684816109
0.0381710626495582 -0.148133692484233 -0.0687162781533834 -0.0143456474204474
-0.0113088805923702 -0.1356925636896 -0.0522272928517206 -0.0323761537947549
-0.0179562769500232 -0.116279307005185 -0.0293130382057291 -0.045227778629995
-0.0209785124723142 -0.120067099514538 0.00439703253664977 -0.0701266214778001
0.016575458464046 -0.140981666399623 0.0441882045590759 -0.0829598885860036
0.0669143924034781 -0.13467726098344 0.0903518149057777 -0.0788982261263736
0.130260592494233 -0.118401639949609 0.126364986351011 -0.0214442830761025
0.17591337328788 -0.0566551011318178 0.101081217055202 0.0559995967347539
0.190030375591679 0.0479375962315024 0.00942940016947207 0.0493739430570593
0.188304778428514 0.100903233252963 -0.0658891987249948 -0.0575869009017967
0.117707292867223 0.0773033253349233 -0.18548953074145 -0.0573505026299985
0.151435893755589 0.0598152344841429 -0.179618995504284 -0.0960237897136236
0.167738357497575 -0.019918773521084 -0.167341354747468 -0.066944042265008
0.13212765422459 -0.0909346351376572 -0.134038813913095 -0.0323101656845808
0.0716431460499775 -0.107741958649342 -0.0801325944541745 -0.0441210297751178
0.0305747451833831 -0.110687727855566 -0.0665461415286074 -0.0620734148696927
-0.00511282037092613 -0.103269616555295 -0.0545209093499641 -0.0795231272628374
-0.00803038754087327 -0.090052304741265 -0.0300179132412876 -0.0921625951511614
-0.00264147919405618 -0.0952211787160374 0.0100479050503545 -0.11560926064778
0.0318917148170446 -0.105952335901873 0.0599317993220685 -0.120055184424327
0.0738642260382723 -0.0945261014310966 0.110376535864091 -0.100705766890294
0.12155530756827 -0.0698758812598534 0.133194699298356 -0.0270929223472233
0.147608690708769 -0.0133733765747093 0.086836574184383 0.0449892384123389
0.143573371809162 0.0714287841972776 -0.012558825462217 0.028167407205176
0.131056306881109 0.10268636608739 -0.101289040105966 -0.0950528591013328
0.045198402791532 0.0505949667012949 -0.209218310652451 -0.0829000855390413
0.0758217609485686 0.044208992612411 -0.196927961880264 -0.0888648335830214
0.0906296163651298 -0.00297910577902893 -0.158756603198858 -0.0717192448658328
0.0715819163216553 -0.0429922266799386 -0.119857254429284 -0.0493839408108674
0.0411871266252785 -0.0488101859661555 -0.0759231084533112 -0.0709239256242034
0.0248639347933674 -0.0541522120625704 -0.0714240647086733 -0.090764708309822
0.00639208841708304 -0.0554903190499521 -0.056196700064241 -0.109076214960415
0.00305520245571415 -0.0506965793077059 -0.0255421105113638 -0.12459728745673
0.00941031036511194 -0.054783705663992 0.0231990595305711 -0.147310641473702
0.0306448974480009 -0.0581201835826237 0.0833042116353769 -0.142851249847296
0.0561633377262778 -0.0487499434508358 0.13707046986948 -0.107740046356576
0.0842039236398287 -0.0286871849889868 0.141734959948859 -0.0250683476905611
0.096402422412982 0.0132980189651807 0.0812374813486053 0.0334692966825196
0.082916671543146 0.0712070166393315 -0.0186517058489283 0.00597485154810596
0.060175680465498 0.0820875181056845 -0.114334772890942 -0.124605056953999
0.0159759835989353 -0.0326071601884702 0.141728632260607 0.138009808127377
-0.0210250881437886 -0.0354357148981047 0.0596013250864355 -0.000881489204541799
-0.0434989067708356 -0.0150556590199351 -0.0733394442458622 -0.0429928364198499
-0.0322419664967831 0.00724526761603831 -0.155378567660603 -0.0014970958835722
-0.0235332999346521 0.0071061198440312 -0.177727305796528 0.101034579765735
-0.0216981541388456 0.00459947310651042 -0.110656113994681 0.162998423203623
-0.0178066992664414 0.00518906803669973 -0.032175431624193 0.171913951004314
-0.016729128972573 0.00294688387422906 0.0259113163481269 0.159212868303839
-0.0253222237079645 0.00117830021887534 0.0650167964687555 0.129152784299648
-0.0298126202531842 -0.0100867193772253 0.0925899002532391 0.107175441055724
-0.0246197807794228 -0.0167791004880066 0.0991129121316643 0.088586691422162
-0.0223441782884868 -0.0249709019537505 0.120596773004691 0.0792813251581612
-0.0141804505998417 -0.0310031701376111 0.157172962663684 0.0881615075439497
0.0064350153312039 -0.0362179113080588 0.177724764002562 0.0876186219473864
0.0292616123921492 -0.0257782371216525 0.204369964766873 0.0846243144311643
0.0826840169540695 0.0116586733751161 0.108389168474359 0.147815759456579
0.0511759751557377 0.00410146291965536 0.0363571867847144 0.00236199138746335
0.0344250736892584 -0.0103314848241781 -0.0918898550202172 -0.0345334439128657
0.0363979305221508 -0.0194851570051094 -0.167013100940057 0.00394417314842913
0.0258807317271547 -0.040357680343259 -0.180545576623769 0.0987701796000662
0.00184476601705103 -0.0522187675330375 -0.115649026036365 0.155219306995895
-0.0187830507411863 -0.0519794261097228 -0.0428957926634192 0.163310368740416
-0.0257629047214381 -0.0474414019027153 0.0147610114936356 0.148611209272576
-0.0412672729320169 -0.0502025774981002 0.0552450697457728 0.114946338009522
-0.0342320524815254 -0.0726894889430189 0.0860219225461932 0.0905918174544079
-0.00756961104974771 -0.0801128478624657 0.0999335300449778 0.0713520523296786
0.026058808871224 -0.0857116544128495 0.125529381161894 0.0654353999045458
0.061346918919246 -0.0659053875196039 0.153608957884795 0.083288053760652
0.0916925244419254 -0.0288700750982576 0.159352004624462 0.0744207545953335
0.116991863634508 0.0054777093603813 0.176018565061816 0.0637340071723569
0.139128186292116 0.0560742713013737 0.0592360986229949 0.129882754662814
0.123430841845824 0.0444862309688444 0.00377299707751874 -0.0166172553018351
0.116394727293828 -0.00551031639005938 -0.118222985041999 -0.0384175006737984
0.106701535979969 -0.0503133870190248 -0.179326809193082 0.00762847340465338
0.0709774190356323 -0.0878953568101307 -0.173226822699217 0.0918027430495461
0.0245114658809537 -0.105287027113278 -0.109096643264573 0.133518828944366
-0.0180563840722502 -0.102703219524773 -0.0481106375426933 0.133742436365028
-0.0317167404254885 -0.090411550392888 0.0013591116489308 0.116458666167789
-0.0518585638660217 -0.092157568229478 0.0402515133038543 0.0826881400793775
-0.035771933711658 -0.122435066674684 0.0733659383923871 0.056122632715004
0.00428335265765146 -0.130296283219229 0.0970820559395379 0.0377752826000298
0.0613619713525877 -0.137560468897558 0.130017003089885 0.0415687320406932
0.119738248699581 -0.0995677196845138 0.149752890360495 0.0768711403189631
0.160447639543454 -0.0252812661065641 0.128775001364962 0.068412040422021
0.187465758215479 0.0331758653316772 0.123200947545492 0.0384639295331687
0.179705700517314 0.0889761827525345 -0.00314162794276442 0.0883783335053075
0.184692798385722 0.07225689510373 -0.039545717760223 -0.0480273316582447
0.188660868431743 -0.0103161593315218 -0.144276197170553 -0.0489682648185167
0.164119560855013 -0.0880492114639522 -0.185468002901777 0.00691103191833598
0.102364655409282 -0.132495856866545 -0.153925636965145 0.0730606993404586
0.0380042328400173 -0.14616435913831 -0.0958022349387006 0.0956386232504816
-0.0177117050349842 -0.138445579938604 -0.05066084005329 0.0863559802922118
-0.0329896599675286 -0.119593750167739 -0.0129280489488346 0.0687011745794972
-0.0525185212760796 -0.120897509329904 0.0231436610769414 0.0361043583408864
-0.0291495827389921 -0.152945651853096 0.0573798234312726 0.0110224801226133
0.0198057552567337 -0.160847917800089 0.0909682603879589 -0.00410671575789969
0.0904089166080395 -0.166011040880171 0.130998490000923 0.0148291617043346
0.16020966554951 -0.115462579322156 0.140680997302803 0.0707720984041709
0.204223971796643 -0.0138854806040149 0.0902951817871249 0.0661694313595518
0.227040339992652 0.0584991677230748 0.0564490566463952 0.0107012035598175
0.193183299095812 0.10327498062522 -0.0733535705694282 0.03509681235697
0.218408373533774 0.0805300050974927 -0.0923668157703843 -0.0785351222274763
0.230217382048777 -0.0214693352562012 -0.164631365192384 -0.0591292364357551
0.191281968249292 -0.11793489273001 -0.178326047662519 -0.00037319593444387
0.110952449029167 -0.158494402315081 -0.128496305932601 0.0396739773779189
0.0413007377750419 -0.165480963874042 -0.0816955876522995 0.0424218889889161
-0.0168888254275463 -0.152151312053588 -0.0532211480658887 0.0278300948839104
-0.0295978002987871 -0.130131247131937 -0.0247741970540517 0.0118637724898522
-0.0415825706943394 -0.131598001034875 0.008997189115696 -0.0180703784529252
-0.0100496189889923 -0.162077058819633 0.0448750874826178 -0.0383016466032951
0.0433955714041369 -0.16461445072808 0.0863623224985317 -0.0460619721611553
0.117187239170961 -0.161905815371233 0.129510416946513 -0.00885562033755108
0.182230161347792 -0.101869463728981 0.125472874149298 0.0651611906162232
0.217403561487352 0.0126961238318093 0.0485284928196279 0.0630452185842294
0.229426262895932 0.0829659473904027 -0.011731809592638 -0.021535944174327
0.174860238410898 0.0978596578770935 -0.141244577376833 -0.0176256564878115
0.20955647067532 0.0743975621550981 -0.145835118126778 -0.0959550935317702
0.224199602234243 -0.028152383322387 -0.17491473211592 -0.0647189931844453
0.180539929653499 -0.123116961024887 -0.160627536431978 -0.0139241572311051
0.0991616610463051 -0.15333798216239 -0.102536722036683 -0.00390598825019145
0.0364506583284065 -0.155429368411798 -0.0731628972549716 -0.0148211481757665
-0.0140570326674839 -0.141027430131924 -0.0565966493156013 -0.0321072076242607
-0.0210174741862518 -0.120832770233521 -0.0323844488098647 -0.0458226830394811
-0.0232274202324215 -0.125194480703696 0.00278511755039102 -0.0728557297742195
0.0145537732737715 -0.147158501118187 0.0450885487140614 -0.0864304117731683
0.0665832763360553 -0.142459270724432 0.0938489232084937 -0.0821677184174729
0.133650074312112 -0.126025669559457 0.131176848026121 -0.025068830661992
0.181699883800631 -0.0621003522345814 0.107218037798988 0.0564430157339397
0.198158896433463 0.04697862402018 0.0119181056523304 0.0511290862400377
0.19630443364788 0.100559805296698 -0.0688253130775751 -0.0578147975064501
0.123558729251491 0.0777967178886911 -0.194272496919888 -0.0593978416425418
0.158953129426538 0.0589968937238696 -0.186448879107858 -0.0990269247086576
0.173514848959503 -0.0238867456909075 -0.173402914246808 -0.0675635104845453
0.136077171755943 -0.0981108088500979 -0.139788159420363 -0.0321922061879966
0.0728430173371188 -0.114986773387671 -0.0848965360118869 -0.045640076759924
0.0290641106576927 -0.116569164109112 -0.0713882096493993 -0.0648776899936148
-0.00654441188690632 -0.107466856259482 -0.060069616397728 -0.081769379414971
-0.0096037815276822 -0.0932748351011825 -0.0345351387546271 -0.0949773174620058
-0.00440445999076356 -0.0986222436635035 0.00798280337954 -0.120637439165305
0.0313061040483111 -0.111040460061574 0.0603404611291975 -0.125732409882281
0.0749002425513776 -0.100066337385817 0.114020469289851 -0.105314121731662
0.125554876460085 -0.0752642260855118 0.137872337119426 -0.0309706645878839
0.152631650942584 -0.0167914031010583 0.0917337575532835 0.0454743047182462
0.150980741187377 0.072452519270897 -0.0116812665296516 0.0297445833715132
0.136661162686703 0.103242427690037 -0.106176090915148 -0.0966918255321624
0.0474504359509742 0.0513543606285188 -0.219333886419912 -0.0852161974101168
0.0789513367685512 0.0440443286724215 -0.20400783316757 -0.0917490700894632
0.0936836245281431 -0.00528279261212399 -0.164513181742074 -0.0724903414313832
0.0733459837568492 -0.0473517809994018 -0.125055076020393 -0.0498086319563557
0.0422369444508404 -0.0521135904826905 -0.0807847811638992 -0.0744468668513558
0.0244546415638202 -0.0571266439698493 -0.0765952978021279 -0.0941249722290908
0.00572563404162944 -0.0574523039048133 -0.0615984428366037 -0.112646439286985
0.00263171245955488 -0.0517260488688454 -0.0305530351137509 -0.128640766828915
0.00856916973817506 -0.0571951833379696 0.0207406230863983 -0.153589408365789
0.0308395470537856 -0.06049419205721 0.0855403813616171 -0.15037828256315
0.0574960802563283 -0.0520211119103117 0.140981977031059 -0.11338155050219
0.0871564300694445 -0.0315090644889714 0.147816336654423 -0.0278629014002452
0.0999149277541677 0.012611585970684 0.0859048008655757 0.0338360406039775
0.0872005360971387 0.072433851731037 -0.0181014597814451 0.00700882786019952
0.0635591758412705 0.0832560878560036 -0.120634815671812 -0.127518351332347
0.0255074446057155 -0.0303394266386076 0.12020210068389 0.161683313993786
-0.0147466329412643 -0.0397433186348057 0.0600677784178454 0.00706171480507965
-0.0415940468138953 -0.0224678245161956 -0.0701464594522528 -0.0581251562321335
-0.0341660649492469 0.00453580351595176 -0.16137843778247 -0.0283943439061611
-0.0239725039723675 0.00664031786234043 -0.199884269463587 0.0767857140367417
-0.0221639761742775 0.00320465470114308 -0.140935337580743 0.14973507637201
-0.0190865391388222 0.00207856255985167 -0.0613473150478694 0.172159417500143
-0.0169441013442093 -0.000537571999441504 0.00186236383326194 0.168918039057695
-0.026088147495605 -0.00531282053938335 0.0479148852406148 0.145015759822912
-0.0279984086097665 -0.0156033844707579 0.0796800059435949 0.125201865656351
-0.0206014859616293 -0.021235150126286 0.0877284198590309 0.10748994710165
-0.0178126476981091 -0.0275966844822785 0.110597164958927 0.102557369860892
-0.00708809345115242 -0.0330329776116615 0.144929932941156 0.115376366727981
0.0162185492916986 -0.0329951786062516 0.163776187962897 0.120149052430985
0.0385231715782053 -0.0203447861088973 0.192210978172484 0.126094781387147
0.0841550723866003 0.0272004918621232 0.0874951448170809 0.167738634859104
0.0511894920405131 0.0120707800255352 0.0379711101609636 0.00679599021819837
0.0353217069875016 -0.00331157252367773 -0.0847620181611388 -0.0526466671036621
0.0386683287360586 -0.0108813117814468 -0.169455334587629 -0.0249514371604028
0.0329458151053674 -0.0330416404231981 -0.200565146769224 0.0699398696763777
0.0114327870851838 -0.0505075878864837 -0.143934140715969 0.140059481904239
-0.0109393873502478 -0.0558176832631616 -0.0697724991906317 0.16062715833023
-0.0162487486429279 -0.0533578391212485 -0.00788412122223361 0.155996238264221
-0.0329392506959512 -0.0595486833772145 0.0410893661174021 0.129453700281055
-0.020579734946351 -0.0797901931230239 0.0766168344260889 0.107700782584851
0.00976257110386775 -0.0830087275295374 0.0900089467208345 0.0921291197223867
0.0428861531974689 -0.0817188382291054 0.116099118378591 0.0934452712016373
0.0768834200228805 -0.0534760492839427 0.141659639100015 0.109949104996592
0.101944442299358 -0.00928866972713758 0.144079999071089 0.102083609103942
0.124265997402484 0.0301278054231804 0.163425204698654 0.0959539588865846
0.132083160045242 0.0828889461625781 0.0437611520532639 0.143749567102381
0.11581366430846 0.0655196291700427 0.010436458438081 -0.0158552566706071
0.115600512930476 0.0160359716220643 -0.105172254942046 -0.0606867994627264
0.112988498371205 -0.0309206992234771 -0.177701197715571 -0.0231800687384649
0.0872554556695924 -0.0728077074501479 -0.189716262219888 0.060566145434379
0.0433472502096859 -0.100493271751078 -0.13283221913274 0.11673702696247
-0.00153426479715819 -0.10664324558669 -0.0702676794399071 0.127408777440214
-0.013725816343414 -0.0984806270089034 -0.0167329215235235 0.120781044124905
-0.0355481282379218 -0.103999202128791 0.0316201834279435 0.0936040358994859
-0.0140388823208888 -0.131290175684157 0.0700609908874337 0.0716739282882983
0.0321478621373392 -0.133265953828713 0.0931478207318359 0.0597537555781781
0.0887555080786095 -0.129174906707983 0.123899947290034 0.0729528828116522
0.143601266732071 -0.0761584323144052 0.137437287534837 0.103716841278761
0.170874738630938 0.00736419589792971 0.111988434309687 0.0906306267393757
0.191751971573359 0.0729137648924113 0.111289029798296 0.0578024801537221
0.164936430451105 0.12246686890554 -0.0109118086995515 0.0921854004318687
0.172066334059626 0.103465396171612 -0.0261043357066541 -0.0536443958216765
0.187888141812279 0.0240693193907859 -0.12624952268505 -0.0752291821978718
0.175985202437792 -0.0580028056384953 -0.178950949930453 -0.025443197517941
0.12534123689873 -0.112536199424252 -0.165863775680909 0.0425411942879844
0.0643162430812656 -0.140723766906001 -0.113005632785556 0.0785237795046649
0.00523134752743428 -0.142792883205035 -0.0647533032799981 0.0778683380896844
-0.00948979665968034 -0.127922505712266 -0.023978135402957 0.0692026333335686
-0.0306852287883968 -0.132073726578422 0.0206817590860923 0.0431616178289469
-0.00199594951735964 -0.162343239777312 0.0611915651968405 0.0237124160183881
0.0542054358732798 -0.161312610407909 0.0924370321184311 0.0174699341784244
0.123229329764875 -0.153990100571535 0.128798231100452 0.0480954837179681
0.188290475706163 -0.0847649363740618 0.12819444925499 0.0963485293466731
0.212846016903206 0.0265448610695722 0.0716577943628795 0.0820354521305462
0.227447727334455 0.107175144526705 0.0470767829184058 0.0140814125449614
0.174056873787704 0.139987409074065 -0.0717476231364007 0.0272748351015943
0.202366522602983 0.118809675055419 -0.0736408353305392 -0.0930777812644418
0.230306744523726 0.0209149015912701 -0.142750655693541 -0.0890073918678554
0.207854680064662 -0.0837826711989191 -0.167614124009292 -0.0328935607877943
0.138337633697234 -0.137304736418758 -0.134367239563046 0.00999764219246974
0.070247319857356 -0.159517404534772 -0.0902057250624417 0.0261451507199896
0.00847355055302553 -0.156780092706255 -0.0577606853224834 0.0164596077107206
-0.00364765808382852 -0.138375202883265 -0.027262058442483 0.00892479528949847
-0.0176685542531017 -0.141645242857389 0.0142492238877888 -0.0146321253577762
0.0192256578896452 -0.167621790578318 0.0555381656806607 -0.0289291284729854
0.0791174646445578 -0.160958948213204 0.0943866216242456 -0.0264950961574323
0.1503602554261 -0.144829970562718 0.129462956781452 0.0231332362559399
0.207284336732751 -0.0655348139462131 0.112798886770861 0.0874028176914346
0.220804945716876 0.0555796219310999 0.0298043015053149 0.0705520729829903
0.224403005257836 0.132381720146432 -0.0169980720152632 -0.0324295267617772
0.15439680410508 0.131709281715879 -0.132427060552836 -0.0376114716105465
0.194465968999173 0.111476715134545 -0.125080472609089 -0.120174029187517
0.225647760386914 0.0132688321195021 -0.151405714606424 -0.0964248759079672
0.197734092325268 -0.0914545945503354 -0.146703851731602 -0.0449891749456324
0.125264704345638 -0.135949289174633 -0.100883255030487 -0.0300843863907551
0.0635397835905571 -0.151281668732776 -0.0716702094381129 -0.031832454868637
0.00971714577967279 -0.145570460429282 -0.0517955059599934 -0.044981732226235
0.00306347496343753 -0.127577693691935 -0.0263165814731406 -0.0518600790144445
-3.53232126129293E-05 -0.130781623252828 0.0161338412653816 -0.0729869769974937
0.0417864648689905 -0.148300450981083 0.0625272667009061 -0.0790162810153534
0.0985366040854591 -0.133373873191046 0.106314807566887 -0.0633275698463093
0.161085203065209 -0.106056735201537 0.132011103184564 0.00587516358279934
0.198299934272462 -0.0256415017629215 0.0963065837596515 0.0752723845396868
0.193926851168975 0.0863444911414865 -0.00426347850530563 0.0511269028168925
0.185086224885203 0.144091808073868 -0.0665962369228111 -0.0812369552961958
0.105567427082907 0.102890500134914 -0.180697018093859 -0.0899863005732881
0.145209729808745 0.0879218523371712 -0.166834331429697 -0.129905845298074
0.1740624513855 0.00804401150006075 -0.152859408372702 -0.0990583034862503
0.148244747552646 -0.0738401541671649 -0.126310496146869 -0.0590809218417924
0.0907633759534258 -0.101942166899397 -0.0772513314561979 -0.0686054854640812
0.0484584918713624 -0.113204537250545 -0.0630298615275619 -0.0821110530393616
0.0117689427254021 -0.110314733688368 -0.0486056811562111 -0.096943541958597
0.00859853053115565 -0.0969131443257207 -0.0208427348658151 -0.102203450183249
0.0142962342200712 -0.101038504766612 0.0280445155490724 -0.121191595529563
0.0525354192880558 -0.10820111318073 0.0834860529162382 -0.117766782984424
0.0984525263338633 -0.0888887269406851 0.130364287540563 -0.0850742201477224
0.144080800336987 -0.0547816365738458 0.1396189688902 -0.00184397684940937
0.15935771532166 0.0151323945527635 0.0834049974086054 0.0611465387831846
0.139785420301608 0.103308067142899 -0.0222772449830827 0.0249562271011406
0.120980244872978 0.134388646851571 -0.0948219492457894 -0.125959851858338
0.0338518782865207 0.0620767812442488 -0.205116277196564 -0.122836418059808
0.068295994401486 0.0604353086282858 -0.188576568306743 -0.126070200391618
0.0917043252505717 0.0129068607019416 -0.148468093518468 -0.101034583810803
0.0778550710011002 -0.0338314022377451 -0.113748715282549 -0.073653606588091
0.0497643998185058 -0.0442016634205221 -0.0694067149254935 -0.0941224309694898
0.0340435522082386 -0.0537324559887029 -0.063694420620199 -0.111302853553739
0.0156077215692787 -0.0578301431816034 -0.0461586970252525 -0.127665407565384
0.0125455053785002 -0.0524286822158954 -0.0120406205354306 -0.136551759899928
0.0193064072496411 -0.0562081662194099 0.0458867549740924 -0.153785719236166
0.043443634319197 -0.0569112680218563 0.11169446584397 -0.140467771359494
0.0706190323562684 -0.0427755749979337 0.159085320483938 -0.0910757756804097
0.0971825422247111 -0.0159453355829087 0.151661170205654 -0.000559689134382687
0.0988994224272309 0.0349641564988716 0.0804271300702369 0.0477534001572048
0.0746689981189395 0.0907902345712421 -0.0224175409037754 0.0016095081498819
0.0477870626258654 0.0972725717301767 -0.101174598484454 -0.157423052275383
0.02180881676771 -0.031537078105979 0.131488292706453 0.15143716143324
-0.017128295808311 -0.0383536016360815 0.0586797223826824 0.0016707382090871
-0.0426013598976103 -0.0189815811870708 -0.0741667724472948 -0.0542775930842249
-0.0333203909251152 0.006997294983513 -0.162185588452013 -0.0171107881045086
-0.0229836963438055 0.00832693634087799 -0.192276460583269 0.0919049177489985
-0.0210677818404226 0.00516917468615334 -0.128846155777748 0.160325373990195
-0.0195716324311149 0.00294893681112555 -0.0472716077119525 0.175662726515215
-0.0172152666853424 0.000100503065181539 0.0168263118212909 0.16733747356924
-0.0260477365594317 -0.00337205369736494 0.0608263137598308 0.140679564386808
-0.0286256695720181 -0.0137291369431218 0.0883788387114628 0.11840027573023
-0.0212714358726496 -0.019677488820406 0.0951225446870529 0.100688989427908
-0.0198137449109093 -0.025947231311207 0.116811299285469 0.0945268473363495
-0.00943123777034639 -0.0324719400813591 0.151584043945991 0.102710979292118
0.0141104936784403 -0.0335779492613316 0.169817924863888 0.107182998696878
0.0373259829329915 -0.0230187185373328 0.200475772701851 0.111842148047825
0.084330277427937 0.0213325758802952 0.0996539923953475 0.159776739289811
0.0524706919239176 0.00803119288682918 0.0376585915755367 0.00351201964260385
0.034619980335791 -0.00660164604668045 -0.088094329858977 -0.0474863267716782
0.0368862149704677 -0.0145416758040064 -0.169815315608776 -0.0132033904378572
0.0298345125263341 -0.0359031668841763 -0.19371091585375 0.0857127345239239
0.00733892689516257 -0.0508237124734849 -0.132749942499788 0.150215821009647
-0.0154044455574596 -0.0548439791715598 -0.0566812155463992 0.165075979575568
-0.0205000153367114 -0.0527009943379999 0.00581061413481315 0.15563137092798
-0.0371614436546912 -0.0570867447936398 0.0529070175307681 0.125806063032069
-0.0271459609022131 -0.0788170920323955 0.0851515412542601 0.101942647995231
0.00437512671889581 -0.0832812786661474 0.0965982546784676 0.0859932421261381
0.036656842399921 -0.0846847732127836 0.121307049780877 0.0841712508895189
0.0716386249720376 -0.0599596599305704 0.147666230581424 0.0983525296055455
0.100549900476898 -0.0168516726267826 0.149585082778545 0.0900920466436512
0.1255000427698 0.020032480237162 0.169106511743984 0.0840630381309137
0.136668019952106 0.07302053305448 0.0549394924987458 0.13878570055574
0.120216306125581 0.0557018675348745 0.00923624983320785 -0.0167312816532073
0.115281424954754 0.00623095523501613 -0.107914143630922 -0.0535930384014425
0.108792505334736 -0.0396100821255762 -0.178015595895315 -0.0106516504409645
0.0795064615392567 -0.080282503927297 -0.183546681756392 0.0753391553187309
0.0346185194912514 -0.102912905470177 -0.124340166569802 0.12566590869331
-0.00981706518463021 -0.106100551076574 -0.0600303206019723 0.133373898377279
-0.0211359389764091 -0.0976867255979006 -0.00585979319790564 0.121507118294476
-0.0432297331212407 -0.101119124464132 0.039917267487009 0.0913944551510255
-0.0240362432499561 -0.129710598897415 0.0758535045810275 0.0664843228896104
0.021764031686454 -0.134763733183351 0.0969909762957881 0.0532908770386987
0.0775991353355101 -0.135255339077394 0.127626744466993 0.0629643712185319
0.135622764189398 -0.0873575677501226 0.143905773779213 0.0918807982768572
0.170215174756916 -0.00485006567353488 0.117634872180269 0.0802209448809536
0.195481952192259 0.0571685123892274 0.115080837900414 0.0490701825786605
0.17169318144079 0.109887157177603 -0.00225089410535476 0.0915105864118521
0.178551314643017 0.0894776113619048 -0.02938622646279 -0.052845275532514
0.187147358185069 0.00873524028552298 -0.129055832840673 -0.0669051105302779
0.168428323255069 -0.0721714671792457 -0.17846524576533 -0.0125682452372182
0.113574801912237 -0.12239980225153 -0.162233904897146 0.0547970845278126
0.052008986942262 -0.144359247143023 -0.106999461561573 0.0860753659227529
-0.0063314446506442 -0.142400210352324 -0.0585608545490575 0.0830953624063328
-0.0194722694950652 -0.126925747945608 -0.0174952565390522 0.0711967247063963
-0.0404822050283713 -0.129133179870577 0.0249465599663888 0.0418591720876231
-0.0144352875166978 -0.160898760505283 0.0631946471704458 0.0196105596117782
0.0408085965682011 -0.164606826342528 0.0938318758285029 0.0108471317505061
0.111113566815437 -0.162956005336191 0.130010542362643 0.0375949145214225
0.178885172739097 -0.0990715566092541 0.134448860903904 0.0853267628777246
0.213768219568761 0.0105761619532228 0.0773272048908024 0.075174420263418
0.23259092816856 0.0878561158355949 0.0481145319797134 0.0112625197647631
0.182752104985346 0.125698427234353 -0.0683307103806039 0.0312904041780801
0.209972777435263 0.102083251926463 -0.0787240950661936 -0.0880002190129474
0.229139491514677 0.00231328658476724 -0.145768920617259 -0.0789210436273698
0.198332105533073 -0.100348815076892 -0.167650616958908 -0.0213220873100963
0.125211304673799 -0.148572147981931 -0.132922382943903 0.0204260717495562
0.0564707724021679 -0.164666703596976 -0.088567013161763 0.0319215882305261
-0.00387233090866262 -0.156324967997709 -0.0568970879055242 0.0220954672777252
-0.014695225412435 -0.137256652925336 -0.0260779953519154 0.0119634780032197
-0.0284787799237185 -0.139306319603112 0.0132516724625476 -0.0151187220811315
0.00545107938724499 -0.168440818946172 0.0538136939207218 -0.033122398713073
0.0656899753753426 -0.165797871101402 0.0923147909334588 -0.0325695540997644
0.137951847179474 -0.156448966690449 0.128978378802511 0.0136746512796588
0.199327787610976 -0.081891047733507 0.119361859345391 0.0775234983380577
0.222962594095283 0.0389379526319663 0.0352610301979588 0.0673034136647763
0.230791502005229 0.112666070293349 -0.0184768240177071 -0.030126578462052
0.163273406548365 0.118681309700473 -0.13361604738819 -0.028959080203972
0.200881993236824 0.0950171624150556 -0.131914771409357 -0.111547337557177
0.223949231492582 -0.00542523532497512 -0.155630987618357 -0.0851582507318532
0.187319457578642 -0.107133167970355 -0.148646981852086 -0.0342279766936522
0.112243678572899 -0.144771061893796 -0.10331156165616 -0.0226501656695051
0.0501928471807728 -0.155508413794173 -0.0753093403896933 -0.0270749560840992
-0.00139035156494342 -0.145223764405176 -0.0563671589978256 -0.040074507388535
-0.00685219842451081 -0.126464374688425 -0.0307832458382456 -0.0477389555517797
-0.0103681194924367 -0.130076556495562 0.00996382311480843 -0.0727586520222666
0.0297313231305042 -0.150476588455178 0.0570054044024072 -0.0827863327747434
0.0873454512791609 -0.140064478683606 0.10164540690707 -0.0695225165313926
0.151615363451927 -0.119065996840376 0.130695237435952 -0.0041385178414306
0.192988353529239 -0.0414005319752708 0.102023795711105 0.0675881997715658
0.198836459589578 0.0711224172310952 0.000458759620042269 0.0504645322063821
0.193060551237566 0.126795260085805 -0.0725032214703535 -0.0743367814501203
0.11264622298127 0.093321155266483 -0.186289746527645 -0.0777399558019306
0.151004187230344 0.075944809655416 -0.173619470806791 -0.118420772426982
0.172883690600883 -0.00601685778559262 -0.157435626352557 -0.0878671178807384
0.140502228423095 -0.0860948016671072 -0.128206307739904 -0.0495655719836376
0.081907238676372 -0.109121034166299 -0.0826157440614389 -0.0623915374010465
0.0390063698737606 -0.116590117761177 -0.0705378963415646 -0.078019069013698
0.00225273495559342 -0.110624357926926 -0.0570976124485453 -0.0913816899799655
0.000848357396588868 -0.0968363643868018 -0.029423211009996 -0.099227547118558
0.00646060977650815 -0.101535364460745 0.0181837534912681 -0.122216798528654
0.0436841438463153 -0.111390478881332 0.0741182177230367 -0.12295814809781
0.0903055841985915 -0.0959002123206692 0.123300947429263 -0.0937499311884995
0.138242051784632 -0.0665402249173234 0.138635911289588 -0.0125541472193103
0.15767185324395 0.00256572199790964 0.0879105213114358 0.0551608264862305
0.146222828262054 0.0918938808669903 -0.0189775057846747 0.026213476210362
0.129631814440056 0.12162362000422 -0.104091066482053 -0.116525012927232
0.0380819537790721 0.0585914303667479 -0.214345198186966 -0.108418898228312
0.0719330281334363 0.0538230777330628 -0.19489095842591 -0.112604031291647
0.0911033879626414 0.00533193130383786 -0.153372236028767 -0.0896056207580989
0.074393033058538 -0.0404131798561368 -0.117355617343571 -0.0644340460371964
0.0452673727877181 -0.0481406014621392 -0.0767470038101314 -0.0888566429646617
0.0288192600982574 -0.0563148104701235 -0.0734219082059918 -0.10707447782335
0.0107661806478303 -0.0585637484133585 -0.057307354717799 -0.122962768256585
0.00851902871921696 -0.052694031496176 -0.023177850998652 -0.134179965891597
0.014652249998012 -0.0567742126596539 0.0334977611890361 -0.155943597686889
0.0387974682510938 -0.0596063345455165 0.10001499425747 -0.147296546299908
0.066436817067848 -0.0484624545696692 0.151972013091678 -0.101986327814585
0.0943762141906092 -0.0237231833369649 0.150392366240213 -0.0113785641797943
0.0999006393474152 0.0272097815388067 0.0834408666825498 0.0417150781840222
0.0808157087897609 0.0838348677428954 -0.0213706369422075 0.00290917195016201
0.0543616886138584 0.0908923484941387 -0.112004935747884 -0.147521955606028
0.019095929249834 -0.0306814166723237 0.133852411034097 0.137717453878897
-0.0180013544026318 -0.0357725594991855 0.0558870827163367 -0.00179502907640738
-0.0415578914931165 -0.0157925624896762 -0.0744503410894148 -0.0490732953370257
-0.0317582548793968 0.00880972370588264 -0.156738389774902 -0.00901536254574705
-0.0213752313715219 0.00910941273980885 -0.178355134561087 0.0990215123559532
-0.0196721275648123 0.00615806446439234 -0.114857140689399 0.161633354872997
-0.0189572268937118 0.00378772123781833 -0.0353452098595668 0.170513796915919
-0.0164376762454799 0.000594243260296498 0.0268141298436227 0.15894238484403
-0.0256971772352875 -0.00220954386181598 0.0679087979461896 0.131644753699343
-0.0281690747791279 -0.0119959574227474 0.0918594630278557 0.109076884603942
-0.0211262944176896 -0.0172907306599015 0.09656681144328 0.0924268925321407
-0.0202469886155737 -0.0240580022096466 0.116411329962983 0.0851655397138098
-0.0103529158088931 -0.0310602468701846 0.149913088024857 0.0896999932075683
0.0127554049888953 -0.0334506351498473 0.16653824897797 0.093070810076767
0.0346276851866841 -0.024018387567727 0.198463918560766 0.0976026356597755
0.0816104746648646 0.0163686498539657 0.105102475687148 0.14735892030467
0.0517386834164459 0.00453475889094705 0.0356144488799833 0.00160494868727362
0.0322425704872831 -0.00859923161890554 -0.0869752881981835 -0.0420347217493716
0.0338665029719843 -0.016378637882243 -0.163298972773359 -0.00429275969413989
0.0259742050041178 -0.0360456992455007 -0.18068875036832 0.0931734355461878
0.00401733823191414 -0.0488660379569626 -0.118854891212434 0.151604253889263
-0.0187353263926182 -0.051624104552315 -0.0450831522403291 0.161170820107084
-0.0230751103525075 -0.0498981221361416 0.015957082838054 0.148665228350889
-0.0390072247688828 -0.0531127654442554 0.0596128715545447 0.117932222607686
-0.0303066139565466 -0.0739983990548845 0.0879002286049353 0.0936062599174655
-0.000785591492194455 -0.0798718348050728 0.0977221833951633 0.0786528212799986
0.0304615154963304 -0.0827339891388 0.119981123007369 0.0744634885189153
0.0652676006959558 -0.0614686617599354 0.146026713294033 0.0851598047150594
0.0965484314976426 -0.0212407091748124 0.147098536605772 0.0780479194585551
0.121064825073376 0.0125250056017105 0.167717078322919 0.0728561027210186
0.13413981462572 0.0625096199191652 0.0614889369740006 0.129353725990914
0.119332863877232 0.0462093758933574 0.00781172286074943 -0.0177717523576071
0.110498777938656 -0.00128385743923614 -0.106018234404194 -0.0474119701927165
0.100645364221495 -0.0445639989214548 -0.170457390920933 -0.00197300369657916
0.070447914535575 -0.082165226618282 -0.171951895338398 0.0825848452435225
0.0267033175402885 -0.100538269368714 -0.112006181808901 0.127853765112917
-0.0164502857887636 -0.101730966249414 -0.04996361261068 0.131021919707796
-0.0266315777135979 -0.0931669402817129 0.00243200005903932 0.117130420874222
-0.0471768714540674 -0.0947404065912012 0.0448546442433704 0.0855094771701729
-0.031260404665561 -0.123621086923822 0.0773156063257363 0.0603109155966982
0.0127932755083326 -0.130750438327459 0.0972558162436835 0.0474170395281461
0.0673645917318081 -0.134846434113636 0.124511864786326 0.054207013958886
0.124369160312098 -0.0918136551700734 0.142485484387232 0.0796263595623258
0.163232384214131 -0.0142946756141605 0.116284984431412 0.0704477540574511
0.189181195782071 0.0429311359702045 0.113122523276867 0.0420587637512023
0.170138301244218 0.0962704318417431 0.00360625029997413 0.0864714223136897
0.176203004083523 0.0754889008932053 -0.0305667183029947 -0.0493023531299565
0.179136493042418 -0.00313447853353022 -0.125550564722854 -0.0589575471255353
0.156023719215859 -0.0793542997573708 -0.170654714243364 -0.00339917602367386
0.10127304986355 -0.124370976415777 -0.152648374675314 0.0619175342671209
0.0411149272663263 -0.141353311777007 -0.0991731710560174 0.0881392591057504
-0.0144394940253834 -0.136498504290145 -0.0520161703611667 0.0833533839640312
-0.0264133060378403 -0.121240512856775 -0.0116124784506892 0.069494541536146
-0.0462045411549298 -0.122125562838835 0.0273392607466147 0.0390013964776422
-0.0239140570886144 -0.153637751296728 0.0623409454414855 0.0149694485337905
0.0302414114927591 -0.160642868837611 0.0916916638210641 0.00639539268548148
0.0969876547055197 -0.163041311698577 0.125399785081786 0.0289978496652933
0.164641039064471 -0.105451949545826 0.133248490287373 0.0738406235486985
0.205218417562794 -0.000490461860425179 0.078090826559394 0.0671220493524255
0.225834464474741 0.0703739994282488 0.0473271617653137 0.00930113884438777
0.1816195207949 0.110496824920222 -0.0636367323424929 0.0324216793946163
0.207168759868765 0.0856302171032011 -0.0795275810996629 -0.0809528835447045
0.218230060005854 -0.0118037906402711 -0.142429535280448 -0.069729744057005
0.182905256949813 -0.108295633878191 -0.161155420139408 -0.012023005151589
0.109771107698289 -0.150155233334999 -0.12639640878417 0.0275237708982752
0.0436061188627088 -0.161016177628909 -0.0844354033112145 0.0351924702554039
-0.0131386149613798 -0.149858624313461 -0.0537845735522635 0.0253766738131181
-0.0217459230650433 -0.130888270123306 -0.0239171743585349 0.0129060169271698
-0.0351095068823966 -0.132121873204987 0.0128383689765657 -0.0150230950101042
-0.00481812926969102 -0.161466120084738 0.0506771966914501 -0.0342553173132185
0.0534623015806031 -0.163429076377636 0.087931900066667 -0.0355827176536049
0.123313702914298 -0.158990622946475 0.12338215489672 0.00628875641920877
0.185132218043883 -0.0895300855211822 0.118978206139973 0.0674607353760631
0.2157295711349 0.0251720448793315 0.0380627233157735 0.0615486685977955
0.226257414439424 0.0939836119285167 -0.0194203550854633 -0.0270014011528165
0.162598895454751 0.104589569528819 -0.130367049218941 -0.021922618571757
0.197297490783781 0.079507179198202 -0.13119082982975 -0.101193674406087
0.21346760997312 -0.0187913677557328 -0.152286462658249 -0.0751234906631418
0.171884838161852 -0.113658184752422 -0.142618259484921 -0.0250803941604751
0.0977726923449881 -0.145646669237635 -0.100649295930149 -0.0154527053095149
0.0387754986828954 -0.152002960581635 -0.0750578006854865 -0.0222516588741194
-0.00999620696657935 -0.139469770039104 -0.0572907101133659 -0.0344223271648285
-0.0135566188057666 -0.120862186469539 -0.0319022216896348 -0.0433756422197435
-0.0175474882293146 -0.12379665253357 0.00593456886686956 -0.0695776238353339
0.0200260198551815 -0.146116321006416 0.0498897337711293 -0.0824416948904767
0.0753090107454335 -0.140444098672399 0.094151307046008 -0.0714469388185179
0.138230947466997 -0.123299053029644 0.124296148236277 -0.0109096969938512
0.181408840392308 -0.0505878387903504 0.101875426763593 0.0591497909927272
0.194914811740821 0.0577212881908806 0.0038125790130074 0.047758208196866
0.19014704753094 0.109238832839223 -0.0733123597121318 -0.066424855155352
0.113172179822281 0.082880018999544 -0.183459498745503 -0.0659020372682734
0.148286548467967 0.063594006691471 -0.17169964064668 -0.106202672630331
0.164290733935946 -0.0159509740206496 -0.153718413630197 -0.0767533089392303
0.128128644757635 -0.090454465082485 -0.12400618005912 -0.0408598890820415
0.0717193361535535 -0.109548728160645 -0.0834705322021013 -0.0554071708792721
0.0304131537853468 -0.114128605555899 -0.0731373223658019 -0.0711078101858562
-0.00374911098714393 -0.106061082417411 -0.0610633892888461 -0.0839977985935416
-0.00442870942979588 -0.0923056332516742 -0.0341872498717021 -0.0930438079433087
0.000187086934981207 -0.09727931610525 0.0108025819282793 -0.117717731050457
0.0356323927755642 -0.109434567830135 0.064282282923871 -0.122456215919842
0.0807214817026146 -0.097610366377659 0.113588538472272 -0.0959011053081118
0.127474126908406 -0.0721798914700674 0.131703186739149 -0.0193705161315748
0.150485781272168 -0.00602478642105185 0.087951438367973 0.0472251908340026
0.145030192975592 0.0794379487809385 -0.0166864308271142 0.0260943105598065
0.128868049528966 0.107611378688727 -0.10617726040685 -0.104835058859383
0.0400986313370256 0.0531189155185883 -0.212341837480113 -0.0937451002619933
0.0713715379294836 0.0475655731403318 -0.191763298912146 -0.0992486462622813
0.087234674302019 -0.000453424201710591 -0.150805773221781 -0.078618211676858
0.0678546123425493 -0.0436186858598637 -0.114374640620832 -0.0561069806928619
0.0402874263950443 -0.0496138226918117 -0.0796474151853131 -0.081251588806304
0.0238981978922775 -0.0557733339673982 -0.077257409798955 -0.0987027986129545
0.00699530019173272 -0.0565936954382494 -0.0640887105538755 -0.114706757292413
0.00522056916087027 -0.0505403461929075 -0.0309191565925693 -0.126496848200516
0.0109187616878358 -0.0552110789138911 0.0224929612616482 -0.151478435342615
0.034055443222939 -0.0586543307550894 0.0870292208531133 -0.147534617344478
0.0605085636679878 -0.0503689093722883 0.14102731315509 -0.106009985247284
0.0886585579318841 -0.0284463644646376 0.143507637341702 -0.0193280043856521
0.0969918262393909 0.0207916212517376 0.0826424840028534 0.0358568247278153
0.0816441226027674 0.0756470477280204 -0.0195510763690778 0.00445469564604686
0.0558015186499099 0.0826406708944938 -0.115385793034434 -0.134363330366724
0.016911498813745 -0.0289510442932585 0.130974967339749 0.129092246907442
-0.0170674087190002 -0.0341260105503239 0.0527437203316173 -0.00301785800867226
-0.0394715478333723 -0.0137639914545044 -0.0726231055493199 -0.0466805812389265
-0.0302724685425634 0.00844144984012199 -0.149932699676114 -0.00690015747471137
-0.0199414068625511 0.00881684831198847 -0.168695015864772 0.0979167419357952
-0.0185501714807997 0.00641904318462754 -0.105950163655935 0.157703671043994
-0.0185150397972022 0.00420904268513032 -0.0305232007734828 0.163472809357784
-0.0162685982479832 0.000260348307545029 0.0302623667831119 0.151109269358626
-0.0245097130313663 -0.00213221982461023 0.068869470158441 0.123826491829302
-0.027105955395657 -0.0114394831534263 0.090809856350316 0.102946612033371
-0.0201446586991054 -0.0161468622907063 0.0939145457379419 0.0872105055412277
-0.0200790415057168 -0.0217747529646369 0.113043777924132 0.0796661936872751
-0.0110605878462047 -0.0293702754633838 0.142964610160974 0.0826634312276565
0.0127670175651535 -0.0319166725358326 0.158712874858892 0.0863981289376645
0.0325986786783567 -0.022911466795272 0.19263083398367 0.0911966205200685
0.0778344055646161 0.0148559008155087 0.103373069183201 0.138451741286249
0.0496683382034526 0.00311836571144397 0.0340301734195971 0.000176457519502472
0.0308115465235348 -0.00917682878181569 -0.0841520589073201 -0.040110753675453
0.031108273913049 -0.0165702374088794 -0.15598903090387 -0.00229372958117117
0.0234554014764785 -0.0355449631783771 -0.170544778224745 0.0929881849797781
0.00262052986912938 -0.0469987151580971 -0.11071858012638 0.147912595610096
-0.019627143122137 -0.0487990826851065 -0.0393523207749327 0.155266345288931
-0.0233555123207187 -0.0480067648975794 0.0194840507397409 0.141591137805555
-0.0385197212319493 -0.0501713431168508 0.0606196888722533 0.111133875256542
-0.0306486085599992 -0.0707314728301701 0.0861926720786253 0.0879441702510419
-0.00195964306464034 -0.0767225004375374 0.0953342887978567 0.0741419416337842
0.0275454469614093 -0.0798649166755415 0.115778094835233 0.0698530391762625
0.0603916034673695 -0.0603912748236498 0.140473239796932 0.078006485886671
0.0922696591945056 -0.0222256315471889 0.139896385199727 0.071839883778305
0.115610330222658 0.0101451240830533 0.162228375513916 0.0671181442701524
0.129213987557223 0.0577646991617566 0.0611927744217299 0.121290385494234
0.115265114242899 0.0415191761953973 0.00745183072577142 -0.0172933649138369
0.10469880165794 -0.00414218632625212 -0.101425430476977 -0.0450204809076549
0.0941172404623795 -0.0451343303046063 -0.162461480044477 0.00029532713834439
0.0646298076946971 -0.0806067985091358 -0.162233049481746 0.082881583202506
0.0232321433995682 -0.0965015209105462 -0.105259772800334 0.124328091932036
-0.0181489047665246 -0.0963105820503084 -0.0448416245129576 0.126561255059208
-0.02771832699281 -0.0885257403740159 0.00622378785786142 0.111359560865659
-0.0472857202115138 -0.0896033317322423 0.0462475001778948 0.0803841531643111
-0.0323397554281768 -0.117579661067065 0.0758350513413863 0.0561358260843729
0.0101409292051668 -0.124983683242363 0.0948292710392969 0.0438364103892317
0.0614216648917029 -0.130437731277468 0.119846062173562 0.0494542127307475
0.115531747950779 -0.090449518804872 0.136990812414324 0.0726100183449698
0.156337428832532 -0.0161964687875265 0.111306064864605 0.0642812979637728
0.180360695777958 0.0371372159335552 0.109790993517601 0.0386776938490954
0.16385232656398 0.0890410922342122 0.00529342635494786 0.081599337684764
0.170434274388251 0.0680637258485356 -0.0288683059556495 -0.0476271310305422
0.169847339921687 -0.00735792192325833 -0.120407971934678 -0.0556034962329334
0.145866268072906 -0.0794401130183023 -0.162309761808702 -0.00138250055102402
0.0922146478046674 -0.121391081237357 -0.144065319357285 0.0628615663646439
0.0351441337480274 -0.135808408972266 -0.0928220362835957 0.0864070499143617
-0.017307529973854 -0.130004778754989 -0.0477562180714923 0.0816154976823529
-0.0281466283875448 -0.115553594376003 -0.00833622330409306 0.066096420238667
-0.0467725956374601 -0.11536634057647 0.0287475652778148 0.0366839412535456
-0.0260395742692078 -0.146860237732236 0.0611013092791827 0.01335828566229
0.0255174814370936 -0.153989141139914 0.0891982725926118 0.00496580540326704
0.0893861601485621 -0.158224233105283 0.119729407283076 0.0259156888439169
0.153946017360979 -0.104196476007363 0.128726937672294 0.0675530070414518
0.196289613265992 -0.00475051702112848 0.0752353311847584 0.0617853846976314
0.215741182540875 0.0616027830386954 0.0450847775205955 0.00889475691815462
0.175741705474837 0.101994559883692 -0.0596747992644969 0.0306654674060606
0.199276613051072 0.0773067516115359 -0.0763036663033563 -0.0771815185203309
0.206993098692137 -0.0159106122107584 -0.136151585742376 -0.0657445855020132
0.17094071614018 -0.106983883605019 -0.152302730347887 -0.00938180592089665
0.1005960197143 -0.145709104778597 -0.120237521454303 0.0288419699679615
0.0376864712996022 -0.154778929871872 -0.08084931484571 0.0353616092995821
-0.0157042727847419 -0.142528737483798 -0.0512470041061656 0.0256606768651899
-0.0240751554974478 -0.124569536186834 -0.0219851926430227 0.0134300880358342
-0.036456715587242 -0.125096188413932 0.0126377666381644 -0.0140670051118225
-0.00752498603494408 -0.154636360837825 0.0484007858900014 -0.0338482240616773
0.0471781048365784 -0.157734767084615 0.0846164951644034 -0.034891774075777
0.113781569404999 -0.154756005518752 0.117457714183382 0.00395514064668296
0.173725266976619 -0.0896159302929847 0.114879136597984 0.0615719236014564
0.206907901534976 0.020060228972316 0.0370484531334659 0.0572149291485254
0.215522862845202 0.0844254743972276 -0.018401040247046 -0.0246321171055139
0.157676789452458 0.0961885656010734 -0.124985187942074 -0.0200464925118534
0.190087653694249 0.072211980804241 -0.126383876011628 -0.0951716556259334
0.201584377487873 -0.0221374588769563 -0.14555402185462 -0.0706855113138266
0.16090579209114 -0.112193700864572 -0.135324080468398 -0.0219230966323255
0.0894203566155251 -0.141264447025728 -0.0962164189572655 -0.0124639454638811
0.0328990612797571 -0.14559342054174 -0.0732571740329128 -0.0202285032302299
-0.0132567166642758 -0.132801415521159 -0.0560303951415779 -0.0311592209007509
-0.015756549882234 -0.114721607500846 -0.0313083548604283 -0.0407891580766087
-0.0189745053091752 -0.117831158617561 0.00504284365928971 -0.0665381954729576
0.0153470526564475 -0.140189091220647 0.0466115644333612 -0.0802225225700367
0.0681285575632145 -0.136036475108291 0.0899556770781232 -0.0696171482438759
0.128596608813242 -0.1214007769678 0.118530002319681 -0.0130308204160669
0.171189923875775 -0.0516434227546734 0.0988452353607376 0.0540398491935573
0.18712621610582 0.0515841288194935 0.00482045950639873 0.0447643773819557
0.182107511917662 0.0993785298238286 -0.0710645914099119 -0.0614924925479842
0.109931305402975 0.0765331903167681 -0.177191480788766 -0.0608684454330843
0.14302421111958 0.0576020159757753 -0.165368575922719 -0.0995463444182672
0.155473374346707 -0.0189489745283847 -0.147158511264337 -0.0711414583829124
0.119713391363185 -0.0893308902867903 -0.118485330109001 -0.0378307137669659
0.0648341390567767 -0.106289912356028 -0.0807916674134221 -0.051213891817089
0.0259009398846354 -0.11010456479546 -0.072469368054627 -0.0667433215934632
-0.00625798635902926 -0.101132572393758 -0.0612518166597297 -0.0783300676303634
-0.00595079094996616 -0.0879563310096836 -0.0346181227921506 -0.0876512879701501
-0.00200729960490459 -0.0929860078098685 0.00764013991686814 -0.112577411797368
0.0317793552182873 -0.104889678709051 0.0585678010081273 -0.118405100090261
0.0743526134692166 -0.0956671037937232 0.107985093665245 -0.0925947586545048
0.120506190802852 -0.072253557955688 0.125270897644958 -0.0209790253704021
0.143031913734471 -0.00854137788763019 0.0852456239563277 0.0433036838017552
0.139880720946755 0.0730664214547451 -0.0146164324000911 0.024800184584885
0.123254118715342 0.0990414914607011 -0.103288954102237 -0.097723624290698
0.0394415476745993 0.0494325741171398 -0.206085501958623 -0.0865351794514747
0.0688469370768282 0.0434337290624722 -0.184319111254683 -0.0927443772277786
0.0830733760494778 -0.00251670930732919 -0.143964657712433 -0.0730492825388162
0.0628567176989924 -0.0432142380123533 -0.109552890926293 -0.0520368151547228
0.03732203179104 -0.0480064987773071 -0.0780897173769196 -0.0767454994381678
0.0217057020777811 -0.0542878079883254 -0.0771381626093701 -0.0932771161952638
0.00528871699382719 -0.0542524115304627 -0.0644137562762297 -0.107424544621859
0.00452015312323268 -0.0477071275230843 -0.0326612601585784 -0.119859459396135
0.00955682099004407 -0.0522909675963332 0.0181221281367374 -0.144722274389956
0.0315347425486968 -0.0567909636603551 0.0802315748360826 -0.143051460559142
0.0563739992703872 -0.0496494155028434 0.133083283124831 -0.103267838992308
0.083762576834811 -0.0290588706889156 0.136731803263405 -0.0206758547798071
0.0925387702687071 0.0182818022996124 0.0798821683914365 0.0331479879298439
0.0785217449346608 0.0700276528728978 -0.0179397211138351 0.00480846482449824
0.0535124374109842 0.0766524088039714 -0.113041989737384 -0.124935908101768
0.0167620263339442 -0.0274348433263645 0.127754724600176 0.12566835322516
-0.0159323740528568 -0.0337875968876709 0.0510299690649316 -0.00302347401749523
-0.0381800797629421 -0.0139477009271986 -0.0716156986260701 -0.0468311489654205
-0.029494558308488 0.00871158043922087 -0.147701346180349 -0.00821831314705553
-0.0192692884459022 0.00843358060411599 -0.164771564214734 0.0958591509117284
-0.01740367621389 0.00602509401464819 -0.104216124745547 0.153966169596304
-0.0180745146342512 0.00430487421061415 -0.0298791359532441 0.159079922841507
-0.0162426596231169 -0.000462202593332832 0.030343334060832 0.147710570860758
-0.0239463781725626 -0.00231745587375536 0.0689606705920332 0.121365548653943
-0.0262504980447511 -0.0117313851115061 0.0887529405486584 0.101537799389541
-0.0191791482997021 -0.0161166952498722 0.0916325966634689 0.0863568740575217
-0.0193449566355866 -0.0213789238860256 0.109680322053304 0.0788545964608845
-0.0104537059809294 -0.0289862720522091 0.138463728434602 0.0809214094991399
0.0131970884316545 -0.0315581234943428 0.152888960097051 0.0855942062477379
0.0318472978489096 -0.0220667999901499 0.188297618243294 0.0906560675850339
0.0761566724828989 0.0155424969833622 0.101469166064569 0.134908343264284
0.0493091308722936 0.00300585730906891 0.0334883230800465 0.000119400222552494
0.0301333666429123 -0.009415579415035 -0.0823816305104602 -0.0408317335264264
0.0299442661085602 -0.0157643745123403 -0.152922379593059 -0.00442243232866784
0.022340805712706 -0.0350852804172785 -0.166446472536819 0.0907377641482976
0.0027612988881101 -0.0459200255122426 -0.108364841146203 0.144437551758394
-0.0186870099780865 -0.0480807593992815 -0.0389718313403288 0.151739075349282
-0.0229738655601848 -0.0478966395047043 0.0199082430687535 0.13753087361013
-0.0373919203944223 -0.0493253525976137 0.0610374045618611 0.10864697556068
-0.0292037310340817 -0.0696063244541803 0.084860845733571 0.0864405968863103
-0.00147618635440662 -0.075047779699322 0.0937854009268048 0.073242576321399
0.0276773340470145 -0.0782622410408198 0.112132364807132 0.0684468336687775
0.0587295994869519 -0.0586253756857551 0.135818949269763 0.0759092689826318
0.0911839554914564 -0.020658839276269 0.135745772818122 0.0707301426236817
0.111876371459729 0.0105426380196856 0.158848231769744 0.0672430752740516
0.126032067529994 0.0576385684790003 0.0601695044749191 0.117372110106425
0.112815226190605 0.0408636135636464 0.00726857716851635 -0.0175898084765986
0.101850974925326 -0.00411094937931374 -0.0991187504465981 -0.0460766875915441
0.0915144877269209 -0.0437692439028672 -0.158561523732187 -0.00178239037568588
0.0625999931301246 -0.078695006713286 -0.158156956365437 0.0809627888840953
0.0221642092061985 -0.0943398015056054 -0.103088192894771 0.121410182827088
-0.0179217014704543 -0.0940591313311571 -0.0441078746896758 0.124442887150682
-0.0272992135326525 -0.0874696735761342 0.00700703775542782 0.108732992063857
-0.0458151362219068 -0.0873533435807682 0.0468043128206106 0.078241288253551
-0.031601939955518 -0.115714455886177 0.0748858944130616 0.0550026802672387
0.010091146058584 -0.122900699835166 0.093553601300941 0.0439448022969052
0.0601044058566853 -0.127009514300458 0.116069263049036 0.0491934422638593
0.112597391271126 -0.087926669322784 0.132527158749006 0.071082430209358
0.153704433703723 -0.0149789276918624 0.107459593728988 0.0635176689886593
0.175123175388091 0.0377739845733503 0.107741478453134 0.0392070270165953
0.160689808227008 0.0878218301339837 0.00513607533569213 0.0782706347342239
0.166147136735772 0.0670333185779422 -0.0277839212583813 -0.0471702100886158
0.164867092904941 -0.00731400857464643 -0.117115754703463 -0.056893556912675
0.141781734822001 -0.0770741707406342 -0.158311137058334 -0.00329811977496503
0.0890807429435279 -0.118774841076958 -0.140285897622818 0.0609782760207736
0.0338778713061074 -0.132509935203043 -0.0910893505947757 0.0840757102308698
-0.0173509595365521 -0.126835135072042 -0.0465492140849094 0.0803884789656959
-0.0272499756076472 -0.113347719366233 -0.00772981429102101 0.0645825344291872
-0.0457108459128053 -0.112687792420669 0.0294916170517274 0.0357445630649712
-0.0254907440824928 -0.143451208943426 0.0602951629188411 0.0130060200619032
0.0242926990046974 -0.150452016590186 0.0889258251842358 0.00567751247805062
0.0873690175789894 -0.155274062710684 0.116336876059504 0.0263513432966598
0.149592288955957 -0.100789124912404 0.125881728982527 0.065130043491013
0.192537865499205 -0.00285674167619759 0.0730958716488491 0.0602595888438829
0.20911628160492 0.0610819353968497 0.0449225280397229 0.00958663750695339
0.171852510257335 0.100356480271656 -0.0584559560717225 0.0283975062821068
0.19451038681822 0.0759066044235957 -0.073682962232603 -0.0766916660044218
0.201618755358843 -0.0159007561286013 -0.131665665341383 -0.0666836454332174
0.165969684892239 -0.104648392457965 -0.148254310380143 -0.0110121193919829
0.0971251691416741 -0.142394852769894 -0.116855984282253 0.0282760375719663
0.03567833271872 -0.151093704727213 -0.0795002667828174 0.0340759076843511
-0.0159387212887431 -0.139858975979194 -0.0503046600014355 0.0255879097643281
-0.0231590510877225 -0.121983003053833 -0.0207216208234465 0.0130786370272627
-0.0354167461859774 -0.122193591802996 0.0136952023471718 -0.0138175002627285
-0.00759812468776625 -0.15154360448402 0.0479211876170342 -0.0330345377016698
0.0451493141528273 -0.154626830005794 0.0846620617945296 -0.0331590741425206
0.111323803928572 -0.15173288193275 0.114274933916778 0.00439154819832779
0.168873751232457 -0.0868787897871205 0.112831948654237 0.0596487691155812
0.20296133174186 0.0207313833684705 0.0358915039973793 0.0562397525389781
0.208635336016574 0.0833709154661954 -0.0180382494963358 -0.0231979538367134
0.153924787173658 0.0947045029196356 -0.121777968209524 -0.021690811550144
0.185364730256848 0.0708785406412263 -0.122871266477019 -0.0949725745155983
0.196489326085108 -0.0221087378522612 -0.141026238177186 -0.0712617028397389
0.155973633729155 -0.109449467458791 -0.131454706175976 -0.0240184206649724
0.0865402705788999 -0.138731082025434 -0.0937943902838778 -0.0127623678194269
0.031498641842019 -0.142442398004775 -0.0721846084298466 -0.0201174109374848
-0.0130713352562674 -0.130095909198917 -0.0555780068685067 -0.0299047953191708
-0.0152081907160848 -0.112098748673137 -0.0304117413197471 -0.0399179842502257
-0.0187612356174173 -0.114877268792473 0.00550834066234422 -0.0647756565512276
0.0154354697455105 -0.136870344469499 0.0456614581842255 -0.0787078750158368
0.0659022035517724 -0.133076711678079 0.0895360835912746 -0.0674021140711181
0.125485167031244 -0.118891899756704 0.114932297991366 -0.0119009459791545
0.166943871968638 -0.0499979217132347 0.0968702587078981 0.0521717502528588
0.182143569286562 0.0509553134722809 0.00440322226126754 0.0440613143073019
0.175911050208182 0.0966607064653976 -0.0696222647141503 -0.059514714431843
0.107330732108949 0.0740408694692626 -0.173673650667356 -0.0617751895436704
0.13922443451856 0.0567762313419388 -0.160342641929468 -0.0984742691171492
0.151388926076899 -0.0187170194359418 -0.14236245901985 -0.0716279063139764
0.116001670266105 -0.0880442972309289 -0.114436019015775 -0.0382686946677117
0.0634554288382308 -0.104116094395327 -0.0790351146974671 -0.0505302638156896
0.0244626455149268 -0.107106337409404 -0.0711779812815629 -0.0653786629003137
-0.00635823119267852 -0.0987311631302443 -0.0606671104552801 -0.076540961192274
-0.0057701751376969 -0.0855000729755829 -0.0344475809033959 -0.0855829538667806
-0.0018922922790743 -0.0898098174679709 0.00802596184664549 -0.110317774217971
0.0307717721108128 -0.103180871398576 0.0573632117100542 -0.115935900321197
0.0720899594100916 -0.0936741069688753 0.107306627366364 -0.0903512593715215
0.116934049972047 -0.0705593254223794 0.122933932016345 -0.0197780147929421
0.139296404201254 -0.00779846139043303 0.083935159293063 0.0429667038080652
0.136160396248065 0.0714204651046215 -0.0142106000139053 0.0243388147115874
0.118820213818872 0.0964485036863558 -0.100769057843033 -0.0950259560846242
0.0386887492763556 0.0477006666213065 -0.202010747402767 -0.086458622472408
0.066782718334921 0.042443775919879 -0.180046383015499 -0.0920703770656155
0.0801418285458312 -0.00280116546370056 -0.139503495259776 -0.0729509121517417
0.0609500816957068 -0.0425252435595459 -0.105524314574256 -0.0518842062694585
0.0361388805889696 -0.0471955541918886 -0.0763373076639994 -0.0758605962333681
0.0202773385829781 -0.053363273422645 -0.0761373426239444 -0.0912015884397467
0.00494912097592722 -0.0530013081872179 -0.0640073136949602 -0.105338377270769
0.00489085163174779 -0.0460010122352149 -0.0327630711768385 -0.116803809746261
0.0092920211222053 -0.0506791193741124 0.0183835345156929 -0.141854887539793
0.0308148666052244 -0.0557690982925263 0.0783809025058889 -0.140066810500428
0.0542011714437867 -0.0483237414096252 0.130676388880968 -0.100377006239675
0.080826240431129 -0.0283928222063484 0.133589766428357 -0.0197333903861758
0.0901310519565909 0.0180807789053472 0.0782419896345735 0.0327991947071809
0.0760419208451725 0.068737779961411 -0.0176282141472834 0.00420097654266036
0.0511185625441823 0.07406581022992 -0.110039525999361 -0.122260489763894
0.00510215761000873 -0.0349203767024931 0.168947507286458 0.0613025057493128
-0.0283680731795584 -0.0250208245223599 0.0442865224948371 -0.0243712673470227
-0.0396930543169402 0.00404244328681788 -0.0866909836261782 -0.0110182806855313
-0.0212262372702116 0.0213961007126532 -0.139969478353669 0.0567999748224686
-0.011241284923644 0.0160491979219192 -0.108050835963676 0.159324368481921
-0.0115170006196016 0.0123690981711942 -0.027649126843996 0.185732919449065
-0.0150457480631933 0.0118586215110164 0.0413921069246023 0.15887886738746
-0.0156942021865323 0.00481813360908323 0.0925401754844796 0.120231697694647
-0.0232017003321178 0.00821229368014348 0.116511739693488 0.0792256048328978
-0.0288392130287687 0.000119609071153789 0.125690303178373 0.0526727629570502
-0.0232643036720827 -0.00711558100153414 0.120548886720275 0.0389359779977343
-0.0244837511740022 -0.0102716009655558 0.13391023382109 0.0237422555449608
-0.0207286011129847 -0.0208423527535946 0.158932378012962 0.013978907825297
0.000981258731127759 -0.0340107217867916 0.175453102284221 0.0167018624590825
0.0219344812859504 -0.0343460515683123 0.213377556851284 0.00747828860581703
0.0770317355342758 -0.0178318300428104 0.151857098112007 0.0786986777168697
0.0455302820929001 -0.0178507707710563 0.0310331251135253 -0.0156108815321428
0.0243546666010507 -0.0196226781848148 -0.0927589993202727 -0.00459613584499809
0.0220505788102115 -0.0247410327061938 -0.141914328303318 0.0593108992418196
0.00863545019839934 -0.0405109549736481 -0.112732879092394 0.153207754378389
-0.0148575722608985 -0.0431103680088431 -0.0367777521788665 0.177402785207324
-0.0374379543314808 -0.0348951623769543 0.029069571541159 0.153932805474742
-0.0415755318987358 -0.0362584908423237 0.0792596267690379 0.115427378824628
-0.0552812343632699 -0.0300803174259819 0.10430567394742 0.0698808279709696
-0.0566303858602189 -0.0524856463562659 0.117163523761349 0.0396270631887227
-0.0319834104717212 -0.0700057156991974 0.120430637952668 0.0261080242484742
-0.00621222058204434 -0.0821724327464225 0.137372087700942 0.0140133110301086
0.0310009787217764 -0.0776630679525688 0.156962042572649 0.013287600341518
0.0770269646257396 -0.0577627366349091 0.153287042887329 0.0136209635643827
0.110970383010901 -0.0405057243745311 0.173539429173224 0.00210835070246686
0.139550854274331 0.0020019701943014 0.108826119650086 0.0784432470572307
0.118071022417807 -0.00875973663694781 0.00137027103892106 -0.0232117027404363
0.0905087787554563 -0.0432378818221253 -0.108603900022793 -0.00562414683785667
0.065263662549531 -0.0743654839614251 -0.144541296856419 0.0602285912871247
0.0257685001857366 -0.0956202507767124 -0.109859663018684 0.138721970212365
-0.0179376096303442 -0.0951512461525397 -0.0426519182174209 0.153254648452426
-0.0554972329464781 -0.0778534572753729 0.0116428884067352 0.129682228731623
-0.0614047141399165 -0.0713076090139334 0.0543517016127995 0.0943346931379321
-0.0788538691900674 -0.0616294245043415 0.0788692849604299 0.0486040128437144
-0.0781389053993683 -0.0939967813758509 0.0953973117228279 0.0144104251672608
-0.0413842049434424 -0.119556449207534 0.10995690377262 -0.000691459047632328
0.00254661061073475 -0.141504716783792 0.136975344326678 -0.00443091878295351
0.0687716805769233 -0.127439434868585 0.154189736039383 0.0105522907549457
0.137441695344086 -0.078504343144197 0.124397226510954 0.0208392038686348
0.181726391449415 -0.044113398250858 0.111965726890875 0.00135394189842953
0.182711340352204 0.0169933734758696 0.0440124358246429 0.0644175392258319
0.177292060323602 -0.00481954678610285 -0.0426635600701936 -0.035946404352225
0.146700708180958 -0.0703469954066057 -0.128274148311018 -0.0112191783274675
0.0960970701233674 -0.12400155300888 -0.144606708930113 0.0555005032285377
0.0332536843480274 -0.142746176955037 -0.103477376372236 0.111592145868632
-0.0241593020062973 -0.1349031652345 -0.0492880522317809 0.113052133451495
-0.0685149187640845 -0.108319557939856 -0.0110680811269332 0.0901978858879085
-0.0718508369979318 -0.0957281104595843 0.0220665587122051 0.0607654988997991
-0.0891206532895366 -0.0853644115535167 0.0442731286651575 0.0171260943120008
-0.0844715832934338 -0.122495115723613 0.0636936693570594 -0.0173595105546538
-0.0406568148906866 -0.152010804177629 0.0906195957356677 -0.0327098503962103
0.0146463030173966 -0.178834971620179 0.130096859520808 -0.0246164545233036
0.0975026446694145 -0.154855021452857 0.146415588334822 0.00995890509949033
0.177614822438895 -0.0845624924409317 0.0914248753160976 0.0346290770327
0.22354889648259 -0.0371103252016307 0.0399409443704627 0.00147894683737698
0.19779158546406 0.0252389118846424 -0.0351707693789411 0.0449912338021182
0.20644376460366 -0.00687829999385086 -0.0964323486904673 -0.0443516347203992
0.176225742677652 -0.0920717590575253 -0.145593440504348 -0.0158087261736998
0.106380121149856 -0.158398864611955 -0.138717397801609 0.0426707863285419
0.0302430592840415 -0.1674059667716 -0.0974971973734705 0.0700898151170609
-0.0300317436754026 -0.152314120514762 -0.0604340699417183 0.0617554729430614
-0.0730690667415889 -0.120006941227418 -0.0381364959589188 0.0412177493781315
-0.0714971002492189 -0.105043632343835 -0.0125219928756122 0.018733308737788
-0.0832777671849578 -0.0980448819154507 0.00869229523851056 -0.0214977819102271
-0.0710863537213615 -0.137339755649812 0.0331716792231451 -0.0541221730047855
-0.0225364806946018 -0.164393035352302 0.071121582839071 -0.0661546712867404
0.0369060132178817 -0.186406986133689 0.119700030216915 -0.0423776889854918
0.121400695301427 -0.1505659224993 0.131766993875726 0.0108852145535031
0.196849202964571 -0.0664973542540621 0.055279216002019 0.0459988439205773
0.231591973641615 -0.0165116219764659 -0.033053739056347 -0.00224525983785625
0.179156674238515 0.0277760762159843 -0.115455090231043 0.0263680032023821
0.197017509046974 -0.00748114521631221 -0.149160988257367 -0.0400635522159115
0.169616805426633 -0.0958418978582944 -0.155855085778803 -0.0158367818565292
0.0953899868110686 -0.159058258536869 -0.128735573423647 0.0242424860248293
0.0221606071755015 -0.15926382113919 -0.0942920451518768 0.0234701912436568
-0.0311270328878484 -0.142186589897637 -0.0772536603477975 0.0100207916836347
-0.0657256798082027 -0.112862870185096 -0.066690291909378 -0.00716350932076041
-0.0597263147086605 -0.0988127666341054 -0.0441606727505897 -0.0246647371492498
-0.0648346637378639 -0.0982590275031268 -0.0212618896937837 -0.0636576259555128
-0.044368045503793 -0.134153833928192 0.0109066831010002 -0.093708400282879
0.0046695009160154 -0.153030378815978 0.0602984852577821 -0.0983561810780672
0.0641050834208126 -0.162381688106989 0.111479419019593 -0.0553484632842382
0.134974114734214 -0.115345013972665 0.113416041659583 0.011602588302209
0.190491932781904 -0.0301515656458015 0.0204182378033325 0.0467464811737098
0.207090584076606 0.0108029447986658 -0.095976491919873 -0.0161416247510994
0.128846072121962 0.0284480568987265 -0.181128102219976 0.0122040667076313
0.149712684773951 -0.0017875131967275 -0.187101183434938 -0.0263324564449269
0.129672996378853 -0.0746758052104481 -0.157991051347241 -0.0132699505324044
0.0683237011784443 -0.123150812449033 -0.119944338744203 0.00583247600257739
0.0146193782344466 -0.118328598140766 -0.0962824667046489 -0.0161954371377271
-0.0228284835068949 -0.107096468913376 -0.0957721080852937 -0.0306727803371988
-0.0466909676670396 -0.0875972976853906 -0.09115882557631 -0.0462434405457206
-0.0394765824622914 -0.0778025134410246 -0.0686009307782746 -0.0633529502347301
-0.0392455202898366 -0.0826740328065957 -0.0394750041082319 -0.104427237998269
-0.0154116905119905 -0.109028171324467 0.00431081755040509 -0.132006766465126
0.0269083879524345 -0.118624682869312 0.0646991935606069 -0.125777731907051
0.0774108813540981 -0.114462222924524 0.111568697526675 -0.0653138467055135
0.12725707259794 -0.0644263739668482 0.0957285268220596 0.00817098625614126
0.15628553781073 0.00830033107474571 -0.00609659233319357 0.0345502060648025
0.152816676129859 0.035822884925296 -0.139464984715551 -0.0389054378008295
0.0547976273175902 0.0314630877932763 -0.22033479207149 0.0033517288730566
0.07910364302332 0.0147349191050771 -0.202503786599442 -0.0100517925544429
0.0717012191622488 -0.032231655430274 -0.155546645443701 -0.0120210976571126
0.0369409760138256 -0.0606699878114951 -0.118181789837708 -0.00667584874339507
0.0129972983186529 -0.0560602602297389 -0.103756004994659 -0.0378529358922263
-0.00420658140711317 -0.05585181057376 -0.110106048131524 -0.0515489040535074
-0.0174161199892364 -0.0500618057916173 -0.106075562859574 -0.0693876964929202
-0.0140467768930723 -0.0444443823261865 -0.0807803182205266 -0.0919658798275673
-0.0122344284221364 -0.0506600535765838 -0.0447979759735655 -0.137237381427813
0.00497828828257288 -0.0650840020642726 0.0117745209784233 -0.161594911691864
0.0298156267972369 -0.06877857791524 0.079010683420723 -0.145129813107501
0.0631198985542679 -0.0603326427784326 0.118447568218196 -0.0703755909702425
0.0925749063733444 -0.0195752036573078 0.0850346965061401 0.000343575623579268
0.0986762784576722 0.0310385642601844 -0.0168393545344204 0.0151526147966005
0.078553140252226 0.0451691740531611 -0.156997636399771 -0.0635331185676615
0.00444341319283875 -0.0347954222876036 0.175284924233305 0.0574311367778909
-0.0293526412039414 -0.0254527627968603 0.0447189872585672 -0.0266940746291214
-0.0399840865185902 0.00418541127216255 -0.0901444296564061 -0.00950476399639835
-0.0210391971913106 0.0223513624143901 -0.142949895726709 0.0609884741942997
-0.011601356086711 0.0163162198435229 -0.105428927000522 0.165867309241476
-0.0115495769263756 0.0128787297262565 -0.0227890790545989 0.191100526868305
-0.0151533907723358 0.0128863704317663 0.0470832800400938 0.16157065193413
-0.0164490106171438 0.00556293005338104 0.0989871249127861 0.119433365876282
-0.0238319412421781 0.00891280660285599 0.122578564567145 0.0764791724046217
-0.0297079818226722 0.000600196296958737 0.131264198207474 0.0510755457109339
-0.0236243075295329 -0.00702001312849249 0.124947657855025 0.0374880424444783
-0.0248691905277596 -0.00937188532384651 0.137990910299899 0.0215119386020861
-0.0215799518961074 -0.0211116242931143 0.161113589428855 0.0110411338248571
0.000505780122452583 -0.0353296073846709 0.179519166462169 0.0144078954691492
0.0219207630616373 -0.0347539768388178 0.22028109169455 0.00305729314044559
0.0785521264120989 -0.0197024362255076 0.157497616275839 0.0755757519088598
0.0462547725935637 -0.0201843674966204 0.0311238590172035 -0.017977502153084
0.0240100649860492 -0.0212083099093047 -0.095420404700388 -0.00345035793075252
0.0214609434129041 -0.025546005215339 -0.144359198193003 0.0636544802438778
0.00692402131600241 -0.0416624225676729 -0.109960840350801 0.159241014908305
-0.0164648088619967 -0.0439559428032942 -0.0327346236368208 0.182762645360781
-0.0395686792578728 -0.0346583574310027 0.0338267254130178 0.156963447661085
-0.0439561565060351 -0.0363391196674954 0.0850071390252074 0.114964376457745
-0.057663204677127 -0.0292503916389735 0.109997778105095 0.0678168082431918
-0.0597157039557969 -0.0523970601070272 0.122083054697049 0.0376237100767066
-0.0345188270707301 -0.0711314371795588 0.124744206719903 0.0238158143314273
-0.00848940252453833 -0.0837229569896632 0.14076576748703 0.0114959083795762
0.0297383889938927 -0.0797670558447857 0.159609943239281 0.00937357845741034
0.0780426094966896 -0.0609288050271312 0.157045455181511 0.0120677117583313
0.112434449611132 -0.0428638820281799 0.179226330632876 -0.00142658663289738
0.143093896949709 -0.00158089279031739 0.113507557183857 0.0765440852205027
0.121110147579499 -0.0121851407812577 0.00132265379066356 -0.0244493146804456
0.0909917026669994 -0.0465716294085193 -0.111639676567039 -0.00456868884461694
0.0640570900360529 -0.0775861909159576 -0.147160757875037 0.0642583229099074
0.0229508022305393 -0.0982486728139902 -0.108204349250832 0.144179856320473
-0.0213296438102287 -0.0968563798445975 -0.0391750074683453 0.158004401369658
-0.0594529548359538 -0.0780684423130035 0.0157669422379731 0.132777780426765
-0.0653517338155293 -0.0720518964167999 0.0587726290478044 0.0940612721520377
-0.0827145926557999 -0.0612898943361806 0.0830920002179282 0.0459017052640943
-0.0831615380747428 -0.0947254339217784 0.0985001303784348 0.0123241166819805
-0.0457583711988683 -0.121649285010266 0.113693584746994 -0.00363452980272732
-0.00153508605779044 -0.145557124840016 0.139414101412198 -0.00739458879070771
0.0668669906731193 -0.131492356783737 0.157190572383116 0.00599631894549928
0.139711439448368 -0.084135000537583 0.127601216155173 0.0193107844666779
0.184673308048436 -0.0486231167609812 0.116167392433267 -0.00112967135517216
0.187911827623857 0.0124442065658129 0.0467762364223702 0.0635852000274792
0.181227045690607 -0.00984363244518255 -0.0442796345404434 -0.037009401329172
0.147791236223077 -0.0764566090646834 -0.131606668838192 -0.0100900073834892
0.0942432478054288 -0.12966079563457 -0.14629282793913 0.0589780357142237
0.0292656724383855 -0.146732851558729 -0.102216336673008 0.116042580818944
-0.0291227365103093 -0.137093187991492 -0.0474655698428231 0.116997607861254
-0.0732604319561411 -0.108521300761524 -0.00842782519887983 0.092569148172425
-0.0768848511628592 -0.0963413610587038 0.02432162095 0.0606202124051049
-0.093835738226427 -0.0848004369498 0.0465845611675925 0.0150617751661948
-0.0907784710731473 -0.123488327029653 0.0658078819827646 -0.0201095053379883
-0.0458323362242121 -0.155013231391284 0.0935377890506536 -0.0370780885584107
0.00926852724158344 -0.18363047372077 0.132147327026995 -0.0284913806031959
0.0952670077229053 -0.160639277963484 0.149317215921729 0.00585889178885137
0.180436661656754 -0.0907907126278048 0.0944030984794413 0.0333145285934656
0.226844563127183 -0.0428358513002025 0.0415542832942823 0.00108278562293325
0.203350877426201 0.0202016360716196 -0.035054111760144 0.0456189040676322
0.211021171078659 -0.0129787322203244 -0.0994634880114677 -0.0442635184224837
0.17681345581521 -0.0993386393939779 -0.149543674682831 -0.0140783641023265
0.103513969182386 -0.164655711648929 -0.141005579373384 0.0450149170641539
0.0258794875923777 -0.171908061281602 -0.0970106810401595 0.0746757911872602
-0.0355839192634256 -0.15459338152033 -0.0606683861006258 0.065010028465333
-0.0785473695816597 -0.121147300208004 -0.0379105870421737 0.0432997753845179
-0.0765223676178392 -0.106225367716014 -0.0125273906700992 0.0194205328858329
-0.0880998715076794 -0.0982397350890831 0.00848179874385846 -0.0232989669838985
-0.0775391697921224 -0.138820871398856 0.0327991418365841 -0.0567504255701728
-0.0283397769928115 -0.167575203106629 0.0720932410824095 -0.0710564958272455
0.0319829954562013 -0.192151482935779 0.121045835980766 -0.0458467670423949
0.120518874973421 -0.156530671432112 0.135016898477947 0.0071344961516713
0.20011032608898 -0.0732611442028222 0.057964009520896 0.0456255244962414
0.234856581776004 -0.0221276063946982 -0.0333484287867283 -0.000656812783570577
0.184541719288047 0.0231203897676171 -0.11782603503222 0.0293176176560805
0.20128814274871 -0.0127284219569915 -0.153441884212285 -0.0383986047877305
0.169836634277129 -0.102400759420689 -0.160007503557985 -0.0141846320687939
0.0918624533324761 -0.164998823293738 -0.131168742779892 0.0262853975788781
0.017620568034565 -0.16307798687757 -0.0960493015570626 0.0261324480862889
-0.0367098339395278 -0.144477862807912 -0.0791452514981311 0.0120153621053128
-0.0710234978651111 -0.113525184189945 -0.0685573582564319 -0.00468447491599723
-0.0641234909914996 -0.0999676080658042 -0.0458089942962051 -0.0236561482770345
-0.0690214458505536 -0.0986589279975105 -0.0234156653805415 -0.0652969030701261
-0.0500369136789918 -0.135970064530356 0.00888350560011985 -0.0964284451414365
-0.000132832531291018 -0.156724030772729 0.0605936458211179 -0.102861614413018
0.0602348283772439 -0.168264543745056 0.113067552785715 -0.0590328183991364
0.134860442806045 -0.121200621629369 0.116811637979121 0.00772215392894523
0.194598223976455 -0.0356749017090047 0.022409371536243 0.0471203940685632
0.21047016584409 0.006323197610719 -0.0983841200594227 -0.0126001262165597
0.132074850701892 0.0250974413949373 -0.186828728100266 0.0171272034269894
0.153434486418158 -0.00517520212702332 -0.192554691018019 -0.022715305100956
0.12917581502945 -0.0798427752017064 -0.162142626631214 -0.0112872038064695
0.0654124923609519 -0.127687992769765 -0.122374277731588 0.00814539363049656
0.011085141939115 -0.121487421491496 -0.0993424214222305 -0.0151577077280505
-0.0270792608159598 -0.108643656577841 -0.0990861090057527 -0.0290242762363255
-0.0509552519727129 -0.0879645989616355 -0.0955218709509863 -0.0440821821629056
-0.0422584552489365 -0.0787924100037903 -0.071907482749899 -0.0629534153734891
-0.0417907455236592 -0.0831296214562217 -0.043693913778087 -0.106627549446489
-0.0194563621240535 -0.111378689980332 0.000772124630426134 -0.135028773530938
0.0236578489681814 -0.121644558308498 0.0634447065801046 -0.131455964330916
0.0748752977112951 -0.119500173139117 0.112989668376976 -0.0687678842437605
0.127928279821124 -0.0688843006254251 0.0989948965672511 0.0057813849872058
0.160581380189592 0.00470964357586234 -0.00513363137714491 0.0352352551327254
0.155745518018197 0.0330673055457076 -0.143447111383297 -0.0351247333157074
0.0569778632343606 0.0299443141649144 -0.227104756059699 0.00875624927766339
0.0807897922951924 0.013070844239871 -0.208136400101763 -0.00630490281705959
0.0717750263842965 -0.0352963977535044 -0.159170055371933 -0.00992397301733003
0.0352630366569719 -0.0628676189305345 -0.121093229589014 -0.00480934936384554
0.0116261218607328 -0.057767194348718 -0.107882945751629 -0.0368261224210527
-0.0059545628435994 -0.0571672635650826 -0.115482127287901 -0.049974365909832
-0.0192476219960414 -0.0503740729543239 -0.111599339978075 -0.0683499593420236
-0.0148454472661604 -0.0455272095424209 -0.0860756262113577 -0.0917570932977112
-0.0134943519218047 -0.0512098056648909 -0.0503615912645656 -0.139560763708968
0.00336663936090445 -0.0670666950235881 0.00694002318201475 -0.166072247502869
0.0279769668379127 -0.0708063085279321 0.0776453905193976 -0.151851952517751
0.0627251934797956 -0.0632328343705251 0.119313780809184 -0.0748889167166196
0.094220957556131 -0.0220712093672165 0.0880259537119851 -0.00132095006204477
0.101371205495373 0.029302956292469 -0.0166983006924066 0.0158074153931573
0.0803138495092023 0.044591102781796 -0.162266719751359 -0.0595583962126271
0.00267045144422104 -0.035239482686522 0.180145662425625 0.0473174850261724
-0.0315567138858129 -0.024678312619419 0.043524393320809 -0.0297840756285893
-0.040044378077326 0.00604326572541189 -0.0921730038243508 -0.00537892548558086
-0.0201172267758489 0.0242467131437713 -0.142580805787261 0.0685566571419637
-0.0110398164155819 0.0173623634114728 -0.0969564691209179 0.172476562741528
-0.0109878879073773 0.0134668113512297 -0.0124899710315935 0.194827326111052
-0.0143562776997941 0.0138509809024629 0.0564255313020343 0.161618063858431
-0.0171051752656976 0.00657133351433459 0.107372807889454 0.114356053855714
-0.0239839343256252 0.0103754318127716 0.129022076301946 0.069364276541909
-0.0304607652062508 0.00213357365781933 0.13611751035399 0.0446856894150244
-0.0238535329765394 -0.00603593812111006 0.129085526983202 0.0318264604771428
-0.0254982669190272 -0.00801186380131158 0.140593156770352 0.0144888313530519
-0.0228291521959484 -0.0193519462426769 0.162349430437491 0.00333668557773275
-0.00131132795177907 -0.0363479328357962 0.181221868078266 0.006826143618179
0.0204091763887575 -0.0360644841366523 0.224467435737525 -0.00906387760238583
0.0783462273538861 -0.0240712952898607 0.163313348980455 0.0664802858836655
0.0454526661251583 -0.0235878331934576 0.0308776960122359 -0.020507503849041
0.0223298687306649 -0.0229200109581096 -0.0969581965157727 0.000919802116221972
0.0200483145352504 -0.0268334796971674 -0.143254190920061 0.0711274760165182
0.00375099487315472 -0.0422654347932904 -0.101413995953678 0.166587647367509
-0.0198314473167669 -0.0438121765536348 -0.0223718695749431 0.18680854718478
-0.0421376490178043 -0.0328580445808919 0.0439946608464995 0.157238742888892
-0.0474262584941175 -0.0343296836018304 0.092844290237231 0.110718348806391
-0.0604430363394241 -0.0264057233547224 0.115974932289738 0.0608431520479387
-0.0646658506140003 -0.0497156442085094 0.126196040705308 0.0310886011081642
-0.0384379951419037 -0.0703249393104589 0.128832520954846 0.0175511501116543
-0.0132057036691497 -0.0841984141902768 0.14275295470231 0.00478842630124505
0.0256725643660987 -0.0815689900581122 0.161027304158123 0.000377095266936467
0.076306840815581 -0.0664940557235372 0.158418386936106 0.00446345924215785
0.111553930399545 -0.0492004648663934 0.183072293354951 -0.0111381459483694
0.14447598405989 -0.00996093061378909 0.119073997333224 0.0696138076057064
0.1214888275371 -0.0191882974363814 0.000591161963877244 -0.0255004238811417
0.0886204890253704 -0.0526330484885765 -0.1139908892626 0.000210137087559521
0.0596522871549318 -0.0812478341014182 -0.145558622989446 0.0711587939411323
0.016364510546485 -0.100352771793586 -0.100944210051872 0.151567566708554
-0.0278184519975471 -0.0972835076638328 -0.0311688108915582 0.161113880549079
-0.0650804784358412 -0.075473388542793 0.0246109422184543 0.13301835921371
-0.071381371407763 -0.0694191836185842 0.0652837386983077 0.0913092159641162
-0.0875929108931242 -0.0575168050749454 0.0872951890606792 0.0405233531483204
-0.090661878519037 -0.0908110132099577 0.101542435407449 0.0064394451308803
-0.0532951111037954 -0.120773735359578 0.116447690204132 -0.0107928003388045
-0.00991432004238717 -0.147153488749803 0.140482421182622 -0.0148810738158593
0.0604845174860644 -0.135978865384142 0.157732409940061 -0.00278143549830929
0.137132144871472 -0.0928604653733225 0.129767567681774 0.0135131092673482
0.183292903792158 -0.058513321696483 0.11864212307911 -0.00705482677899726
0.190460946415302 0.00156937617352049 0.0504792029698929 0.0607760118065562
0.182678254204364 -0.0199365134147136 -0.0456902587111949 -0.0361720838447581
0.143829399217075 -0.0855184494203033 -0.134804028465996 -0.00440473874865882
0.0876518117106618 -0.135149518608609 -0.145511560628376 0.0659395475896408
0.020550513854783 -0.149173759314807 -0.0956121618453648 0.122612250331524
-0.0373720580426048 -0.136939470027379 -0.0412870275443486 0.12046653527973
-0.0808955335226081 -0.105392742494975 -0.00225054041896567 0.0936157720171035
-0.0838915834930251 -0.0933993952372271 0.0281372773625822 0.0597148784115507
-0.0991770502655101 -0.0802916439168587 0.0485459580969585 0.0107894414799376
-0.100149948300143 -0.120096124015304 0.06700116168787 -0.0247273312148514
-0.0551973783505759 -0.154992379758976 0.0943717537649855 -0.0432129877840211
-0.00148658422934632 -0.18694628641305 0.131704066467529 -0.0346781156081487
0.0881104627490633 -0.167027539266851 0.150628583330048 -0.00437323358146621
0.178757749684524 -0.102209848850691 0.0971925950757452 0.0283730929433038
0.225709635638612 -0.054847449865778 0.0433239671825296 -0.000446901367588123
0.205999891486308 0.00849742790474931 -0.0332681060247936 0.0469637733673326
0.212947109536151 -0.0242084271802892 -0.10293411011758 -0.0407095166568533
0.172149526637907 -0.109739148574691 -0.15233524923329 -0.00799482283358846
0.0948249421139254 -0.171138883359698 -0.1397960756945 0.0516797596517719
0.0155176409891147 -0.174745191193242 -0.0933683137991108 0.0798638902781189
-0.0457450438333715 -0.154500876573705 -0.057154548329648 0.0685085756320384
-0.0867449808716285 -0.117823134753388 -0.0351383919957529 0.0464627672503254
-0.0840242085740872 -0.103012226313166 -0.0119241950986451 0.0202466188682981
-0.0943953740534468 -0.0942321127868733 0.00739549311967477 -0.0252766034447105
-0.087556411518886 -0.135635532077798 0.030759940090113 -0.0592480718651228
-0.0390382384159707 -0.168031572761417 0.0704609127684201 -0.0764815743580253
0.0209276564794853 -0.19645140719713 0.119588208988701 -0.0522949016446933
0.112575543500835 -0.16431436443534 0.136405645753881 -0.00175296974711911
0.199184232957 -0.0848399910635467 0.0609459397771669 0.0429438045103371
0.235951052345181 -0.0351670566763424 -0.033074292790018 0.0022360985866227
0.187298195984059 0.0120906461274453 -0.118043438082408 0.0350125776459268
0.202197853836832 -0.0240136594845217 -0.15710753520871 -0.0316937858465007
0.164317932146059 -0.112709497757091 -0.16279760975152 -0.00752563480934049
0.0829676001962832 -0.170700753297827 -0.130980667044705 0.0323236677340073
0.007593701803631 -0.165979811226326 -0.0949361679002723 0.0317266648782516
-0.0458950532283989 -0.143783559405652 -0.0796589409394164 0.0161934889884408
-0.0791179811648793 -0.110492138369675 -0.0697834281667943 -0.000649693746996758
-0.0706667733554168 -0.0980489706344887 -0.0483241170239864 -0.0211715762323364
-0.0754386771643546 -0.0953902564569825 -0.0275230654480326 -0.0653318406620887
-0.0591057413505591 -0.135046755039795 0.00358397372153271 -0.0983471800228784
-0.00984452343742313 -0.158379365473763 0.0566011107490427 -0.108958455537736
0.0504127447056096 -0.17398318098208 0.110891121676649 -0.0654909014327935
0.129596136305649 -0.129749479612171 0.118399359802611 0.000321853715095853
0.195381838437735 -0.0467467727569879 0.0254212084810025 0.0460499341214057
0.211858708664868 -0.00459843764149347 -0.0991068432819885 -0.00677620534981712
0.134465322353581 0.0165654256915544 -0.188870390715613 0.0269839838958048
0.154356822485172 -0.0137027062185983 -0.195383328268723 -0.0140012179092126
0.125614566315154 -0.0873167170865842 -0.164749094417572 -0.00443355757262563
0.0579465110974476 -0.13158446614176 -0.123361939343545 0.0132921452212996
0.00373456054625059 -0.123335225659636 -0.101403990429195 -0.00948884753290523
-0.0342747133973336 -0.10818930172622 -0.102943210493119 -0.0247905119792242
-0.0572665634548664 -0.0857468908825613 -0.0996801331586623 -0.038881239040136
-0.047506555494998 -0.0778473767767341 -0.076071480157083 -0.0590072106589222
-0.0467511405905192 -0.0819691346684533 -0.0503235804602438 -0.105138655946317
-0.0265735647863615 -0.111895729830394 -0.00679438094062722 -0.136900464977659
0.0162698248130594 -0.124302902252787 0.0577892658311267 -0.137517674673782
0.0681347590860913 -0.125504051153734 0.110166211508592 -0.0756127530890005
0.125674641602265 -0.0770086485702856 0.100566733630557 -0.000341749864482841
0.162322735424269 -0.0038723093615862 -0.00281202449774306 0.0355299125766607
0.15787528225411 0.0255366223432578 -0.146342819317216 -0.0262036450487013
0.0584476320873533 0.0265666995389118 -0.230819446984396 0.0215421818495239
0.0820453230732748 0.00831985961167112 -0.211418727434407 0.00449775333141313
0.0697725586522181 -0.0391974724723279 -0.16118503127832 -0.0029266022285154
0.0313502158542685 -0.0643727731876753 -0.122213404900529 0.000724168139807619
0.00787418316708679 -0.0594375051161598 -0.111709588783193 -0.0319459437161807
-0.0103598286832546 -0.0567577769830818 -0.120119321298844 -0.0446733769417485
-0.0225960225815541 -0.0500198468346075 -0.118148580859208 -0.0616183726042181
-0.0171780564854732 -0.0455742137822712 -0.0925877116296111 -0.08711711085393
-0.0156879789976112 -0.0505847329544407 -0.0594543781918628 -0.138527283641659
-0.00093987661095545 -0.0679109642401343 -0.00240452419511412 -0.167591017685603
0.0241370208532292 -0.0725662394798813 0.0706827584500532 -0.158628632815921
0.0595680659410314 -0.067895509507721 0.116224369169121 -0.0813670111674371
0.0942630508539839 -0.0280795461469307 0.0895350811573728 -0.00616696934019819
0.103899395544578 0.0246364904929097 -0.0154936798883172 0.0163416166455558
0.0826760131045909 0.0410752035307894 -0.167027759041623 -0.0504181464431041
0.000628943037630052 -0.0340225425395868 0.179451598658712 0.0344384970796064
-0.0326173374745095 -0.0222201972011211 0.0408910681012764 -0.0320941140935499
-0.0390660868640507 0.00811553306096276 -0.0905015765243966 -0.000418601937204716
-0.0175797451316169 0.0247943209802873 -0.136074595027488 0.0759395445182031
-0.0103002915647289 0.0180459413527066 -0.0839854209054675 0.174649638575046
-0.0102651608197947 0.0137238616049767 0.000910095948687854 0.191991287928682
-0.0130705330524612 0.0145284855992307 0.0653402419089285 0.154698470467618
-0.0166508626318251 0.00789798244621665 0.113031083640777 0.104854309666493
-0.0232535850249056 0.0114515224008791 0.131729692060838 0.0592225961246941
-0.0300720072534159 0.00405283694953758 0.137314446195713 0.0349509539507068
-0.0236448958211014 -0.00510853724307535 0.12949648389946 0.0242924251097279
-0.0248111511672048 -0.00615098265051121 0.138537060773229 0.0063623487999891
-0.0234041983430925 -0.0171931491983818 0.158104516506415 -0.00568671501550371
-0.00308806978123686 -0.0363436660973295 0.177935677386187 -0.00269076078786379
0.0181373126196443 -0.0355813771281452 0.221699476248581 -0.0227172718951014
0.0757353584236596 -0.0280887372434052 0.163984229759024 0.0537389735417397
0.0434985848256919 -0.0258062718046764 0.029218981217859 -0.0224862849593693
0.0199819129781068 -0.0239976359965975 -0.0960653624325255 0.00621663116897747
0.0179376860997896 -0.0270476948728797 -0.137480377438102 0.0776114989807124
0.000169391866349978 -0.041127604631799 -0.0892749734530014 0.168918179394198
-0.0227271830973458 -0.0418306285209025 -0.0102694622185083 0.184539445832753
-0.0431205321755682 -0.0290929493984722 0.0537092573490619 0.150851693496233
-0.0494882885912476 -0.0304330422209225 0.0981692054677527 0.101650624519758
-0.0612055424151506 -0.0223359317529964 0.118203099301476 0.0511334709040322
-0.0670225822044919 -0.0446667002947221 0.127076110338097 0.0225338580851473
-0.0420100498449816 -0.0672565893571964 0.128480438721093 0.00936051115208675
-0.0177402513502289 -0.0819577780316318 0.139495998053479 -0.00339213428488061
0.0202844642286591 -0.0814496073963359 0.156500461495221 -0.00903767286847642
0.0714836934089416 -0.0704607571972507 0.155277944024867 -0.00397844543140762
0.106641595813707 -0.0539745754180833 0.180647412078927 -0.0224777457697467
0.141185847183126 -0.0185949723444709 0.120878902669269 0.0593379482652582
0.118255127647378 -0.0264787691304565 -0.000673293889094384 -0.0263357598416912
0.0819275675184114 -0.0572285782969528 -0.112224411518072 0.00615992854871036
0.0534628119411511 -0.0833288739708804 -0.139404429760922 0.0776462581777119
0.00914424450054314 -0.0988626624627124 -0.0886802248120731 0.15416700805786
-0.0341263830004066 -0.0937536435651868 -0.020115993001922 0.15978455983302
-0.0688953823734704 -0.0696785919425536 0.0327541652640522 0.128748618444695
-0.0756063589855288 -0.0635846498726607 0.0695486728313525 0.0846449423086455
-0.0892813921136903 -0.0506931101749264 0.0883831812042263 0.032613836939612
-0.0960125207548322 -0.0830908826238797 0.101295979826111 -0.000476883299816719
-0.0597081219187231 -0.115697361787494 0.114326050857278 -0.0181498582127977
-0.0190780573652903 -0.143667697012171 0.136664208846932 -0.0225424624979743
0.051520011331787 -0.137150013848147 0.153175514378807 -0.0124449188523335
0.130031113052323 -0.0999443797500735 0.12761570798778 0.00532925941894093
0.175457666888851 -0.0676835487637029 0.118119126073077 -0.0137378701165494
0.186230297253308 -0.0104334504082451 0.052832145092507 0.0546059702779987
0.178085249264964 -0.0310782219430517 -0.0471339462310979 -0.0336912592151645
0.134059917045179 -0.0923212540796367 -0.132612041253544 0.00272629884037661
0.0771996913283754 -0.137730483336538 -0.139032046152634 0.0720148614860957
0.00940574434161672 -0.147087716452592 -0.0862106337226056 0.125614200472932
-0.0468292066668758 -0.13228800621677 -0.0327213079386484 0.119909712645935
-0.0870021627764663 -0.0977957146690132 0.00391630686516758 0.0921222973325262
-0.0897314796062416 -0.0866937433473059 0.0313233690160359 0.056142293022387
-0.102851667912676 -0.072268356073232 0.0485623877498122 0.0064728565118172
-0.106736609359766 -0.110936645977683 0.064662115179021 -0.0286504145795619
-0.0648971324042176 -0.148522635046087 0.090622611282946 -0.0491795618142092
-0.013735615127383 -0.183553459712466 0.127468391542063 -0.0412394402803931
0.0761054679952369 -0.169144770790583 0.14641037597836 -0.0138932394488641
0.169461481585778 -0.111436270006139 0.0971591903238687 0.0219650383515449
0.21734515291436 -0.0669478337589052 0.0439924913426142 -0.00218889863503296
0.202131010382418 -0.00486701555602357 -0.0299568507951455 0.0471043661731198
0.206829761402658 -0.0369012958779746 -0.102526800306595 -0.0345471524892249
0.160213791221187 -0.117830837732149 -0.150507495544438 7.10833345001023E-05
0.0818923694253884 -0.17329408609369 -0.134577456421379 0.0576913209752933
0.00314811387423345 -0.171764442467973 -0.0863211287100757 0.0834996822362424
-0.0554206513046938 -0.148681743674848 -0.0524042029603648 0.0698634705243656
-0.0932656296755299 -0.109289334530469 -0.031608553438031 0.0477472415601067
-0.08971182912845 -0.0963335676830057 -0.0100924795084381 0.0206265020061607
-0.0986046926511783 -0.086074820689932 0.00571564340238725 -0.0260591258547751
-0.0960927953505449 -0.127428311005641 0.0271369195761804 -0.060949247706614
-0.0493277878626643 -0.162771525167572 0.0653881652161432 -0.0803809179879511
0.00632279675518333 -0.194425780478811 0.114776214882276 -0.0574441241222858
0.10035563321477 -0.168308176437481 0.132852482077542 -0.011278565724857
0.190769390854993 -0.0960019049220741 0.0622916459773983 0.0378392396027248
0.228472606753726 -0.0475775273650159 -0.0308024130676156 0.00488588396149173
0.183385106659932 -0.00054437070384588 -0.114149798005398 0.0410937688871487
0.197048689140514 -0.0360047999046014 -0.155631385895294 -0.0226324471321278
0.153020971760414 -0.119519775358539 -0.160460512864874 0.0016039302984003
0.0701472244817957 -0.172160792567637 -0.12699091840945 0.0384093731900317
-0.00352774707472217 -0.163133555063913 -0.0905191169881582 0.035892200957674
-0.0552630825810893 -0.138634614747516 -0.0776615229256437 0.0197658069062972
-0.0849336062096485 -0.103097438615703 -0.0688093266817803 0.00358422499638328
-0.0762899361750108 -0.0925793793680309 -0.0486521362129139 -0.0173374304885295
-0.0793620660865119 -0.0886712885471463 -0.0308991871597188 -0.0633360142676168
-0.0678828448288655 -0.128224754488075 -0.00192612799669062 -0.0965940058599836
-0.0199546524261478 -0.155066134482399 0.0496794589452349 -0.111175915664659
0.0372633470641019 -0.17399139719715 0.105065602919614 -0.0699666295598071
0.11916169371658 -0.135441739456005 0.115691572472763 -0.00767999096287642
0.188779630928407 -0.0582670872835962 0.0277222745749228 0.0433107927261141
0.206202999281612 -0.0166732666797768 -0.0970850866008236 0.000769429295563304
0.132377995062056 0.00738144657488693 -0.183843684586997 0.0379429323847377
0.150343986429898 -0.0231823669336121 -0.1919899979249 -0.002635571535741
0.116378730034965 -0.0933216412337561 -0.161544790580627 0.00457832466562442
0.0484994279221488 -0.131856126089792 -0.12006414962261 0.0198607704452779
-0.00461786159749238 -0.121284960320912 -0.100278832729469 -0.00420512449945481
-0.0410097210089339 -0.104099634861724 -0.103862455443422 -0.0185708693629993
-0.0619124351279678 -0.0803239601700484 -0.100815782517375 -0.031207015596751
-0.0516680833226712 -0.0738300598691601 -0.0793313871520581 -0.0526107073370451
-0.0505216316833683 -0.0765077644803273 -0.056504505550879 -0.101174311378496
-0.0342762015019013 -0.107501506277923 -0.0151006213556573 -0.133813599147326
0.0076349467600457 -0.12269345198492 0.048713818692946 -0.139190129415842
0.0578937375557646 -0.126856691249634 0.103961760460105 -0.0801874834011508
0.117885718936717 -0.0829145996712996 0.0984704752028699 -0.0070786812056815
0.158414740122789 -0.0136594226828727 -8.68244748652715E-06 0.0350328897997332
0.155634108686464 0.0158054367421798 -0.144823975999228 -0.0156108253353419
0.0580176293556908 0.0215768710929385 -0.226416310899682 0.0355918284395556
0.0804820291885652 0.00287684581614937 -0.206534815623003 0.0171446914564106
0.065030480060125 -0.0418943319807854 -0.158761489476974 0.00595795456615979
0.0262415134762443 -0.0645077565673522 -0.119489477946969 0.00721008696152738
0.00351931331263912 -0.0586543050275944 -0.111795122383159 -0.0243773530625339
-0.0141603586952663 -0.0547864974783449 -0.121743692336674 -0.0370042350489713
-0.0252711432745961 -0.046913693740559 -0.120174051756599 -0.0524752156792852
-0.019428293012775 -0.0438268853748742 -0.0964827099346889 -0.0792798829179614
-0.0183744380508307 -0.0484640800769374 -0.0677745950686328 -0.131101012766073
-0.00607870005165788 -0.0664907237923635 -0.0133490638318404 -0.164085715778661
0.018740505643219 -0.0721937190735176 0.0600821181892193 -0.160421775031946
0.0535818105425169 -0.0698994366381557 0.110014308347651 -0.086143414615187
0.090552426998938 -0.0331238029048899 0.0872992872141923 -0.0114928152636922
0.102776721363633 0.0180598594935959 -0.0139357709425611 0.0172409357961151
0.0828304667742173 0.0352433751795602 -0.167002069284124 -0.037778342429053
-0.000521013869741526 -0.0321830332559317 0.172424312929819 0.024580423085356
-0.0325055356967506 -0.0197165560826233 0.0378734784567989 -0.0330720910729041
-0.0375908102977468 0.00944760856243172 -0.0874778058903304 0.00281271654274519
-0.0152671394369582 0.0249082864074349 -0.128844981864949 0.0777607238130063
-0.00907896568609132 0.0182022731518742 -0.072975096594234 0.17007668707886
-0.00946987711299572 0.0139039517872963 0.00956488577223049 0.183909883661766
-0.0117396035074514 0.0140490626355832 0.0706944929336782 0.145586166748495
-0.016090888759921 0.00872488812438327 0.113642652149047 0.0949582684052588
-0.0221049748114597 0.0122230614986191 0.129207963277028 0.049901394116925
-0.0288404555321148 0.00513526385841383 0.134427385790827 0.0277226860094001
-0.0226586197008094 -0.00424936464903187 0.125868260604678 0.018298369862237
-0.023881712982623 -0.00479545897154293 0.132647121367032 0.000852718909303045
-0.023036908872498 -0.0157101139056772 0.14971225993356 -0.0111404438502833
-0.00445814853718996 -0.034879313446844 0.170287149930876 -0.00836517566266573
0.0161792606938846 -0.0340394968078389 0.212938268399481 -0.0314257672009023
0.0712430298527233 -0.0299331969973795 0.159018285419548 0.0436404733846607
0.0400981531632095 -0.0263611310526101 0.0272970862362152 -0.0237353452779037
0.0171332055510162 -0.0242354167582618 -0.09240103318214 0.00937168143401554
0.0166535457382188 -0.0267896324113764 -0.129791047712292 0.0794313656919103
-0.00184358221254927 -0.0386363901754257 -0.077322905282393 0.164736800325234
-0.0243634479124723 -0.0386588849241314 -0.000898535279973556 0.17729844950162
-0.0431871962746501 -0.0261114326372381 0.0589188427998538 0.142751127455418
-0.0500064541473355 -0.0268402095210073 0.0994949994435359 0.0926586671398665
-0.060086444068543 -0.0180992441495738 0.115875158407901 0.0428295015384162
-0.066682263320791 -0.0398021423917498 0.123822294159485 0.0160492008428609
-0.0432558720060703 -0.0635071775945809 0.124391232055092 0.00342103362969259
-0.0203440089416687 -0.0780009119553798 0.133757650658587 -0.00815870840571951
0.016826941348399 -0.0785911161411763 0.148109310413964 -0.0146245540747431
0.0660540029236962 -0.0708340057948073 0.148672228360122 -0.00930820936741591
0.0998329524316926 -0.0555467545755592 0.173754224030906 -0.0291416474784199
0.13430965433733 -0.0238738084098905 0.117703585510183 0.0506835542387391
0.112093611451908 -0.0302971813445577 -0.00192364650890624 -0.0258370897327698
0.0754032054597708 -0.0579511430460579 -0.107596454507833 0.00986735633136388
0.0476955612321 -0.0818241468956907 -0.131168240415295 0.0796871829155316
0.00395668543381074 -0.0943462186707978 -0.0777710577784443 0.150398063266804
-0.0377644317731855 -0.0876700301232046 -0.0124343489411211 0.153965602002489
-0.069507829666233 -0.0636991684912064 0.0375964630459638 0.121786470803205
-0.0759717590501438 -0.0578045697439846 0.0707511157394421 0.0774028435775063
-0.0882701875627384 -0.0444069542774663 0.0861092261150071 0.026447660787856
-0.0964063605352603 -0.0756900897345345 0.0979749329381817 -0.00509264487194277
-0.0626614782632816 -0.109011309933629 0.110084840581646 -0.0230945682006566
-0.0247739945915719 -0.137559382675017 0.130405190651962 -0.0263929157957001
0.0435674359036667 -0.133186157515275 0.144580175847131 -0.0187970357033582
0.120547007246874 -0.101566461986085 0.122940271961473 0.000199469268028788
0.165555540881703 -0.0712701765978285 0.114091506738493 -0.0184567400262705
0.177387528978012 -0.0182200814447637 0.052902028761375 0.0490261214519193
0.169089999146906 -0.0368801220649228 -0.0460297407120807 -0.0318239336118368
0.123147142890198 -0.0934678274970459 -0.127510051193593 0.00711189849127513
0.0679041546398859 -0.134674612226397 -0.131219788172714 0.0741060923820178
0.00215690619600772 -0.140393719808238 -0.0764544913466119 0.122895964782389
-0.0516002087665884 -0.124639578767018 -0.0265163522432212 0.115725606014917
-0.0877849642831908 -0.0899562479616672 0.007896942734123 0.0875379803938948
-0.0907425254584747 -0.0790972859474349 0.0328703621443142 0.0519294691781731
-0.101367339847618 -0.0654710146531368 0.0463867716873224 0.00270792086163188
-0.108187687812244 -0.100805731705012 0.0614806553478689 -0.0312088205282698
-0.0694234738633707 -0.140102991965495 0.0856706376481858 -0.0517643055059216
-0.0221300783953015 -0.175695623926438 0.120794137926873 -0.0446693197778478
0.0659199692992636 -0.165097678989588 0.138378977643809 -0.0197837555775406
0.158350397347199 -0.114126423463436 0.0937133549085029 0.0171511979422049
0.204796066962424 -0.0722485424781028 0.0436189709262567 -0.00375443791092908
0.192829226735576 -0.0139404659601557 -0.0269750982937457 0.0451725670907752
0.197467320202421 -0.0442227278402799 -0.0991431854701569 -0.0300422369656441
0.147351614234013 -0.119168276985215 -0.144521298626102 0.00549440711260731
0.0710051229431302 -0.168990221826376 -0.126993703303621 0.0598042046805227
-0.00511503743418286 -0.164394878382569 -0.0783535707815371 0.08266824678344
-0.0604473864243292 -0.139743201969437 -0.0482551575613237 0.0686629349964378
-0.0949983723929974 -0.100593710167362 -0.0282089851379051 0.0466900639917025
-0.0913379894103159 -0.0885997326769668 -0.00885655078070732 0.0201599081818192
-0.0979705570107742 -0.0784691509137193 0.00424920286798703 -0.0260187834378151
-0.0986399225876962 -0.117514475580001 0.0239802295851411 -0.0602271808143482
-0.0549118157331199 -0.154456496293114 0.059847907704776 -0.0809470217685173
-0.00303263910934111 -0.186855669122525 0.108095114362868 -0.0591746947565205
0.0890796393764047 -0.16553295064232 0.125819258998777 -0.0168031335921206
0.179428298633785 -0.100103534978467 0.0617379014147619 0.0333219011313666
0.215735037215776 -0.0544977259397069 -0.0280149119065317 0.00648497912039701
0.174631755155404 -0.0087364456975098 -0.107526373434887 0.0433338662147739
0.187462062612359 -0.0428736122515241 -0.149752449836162 -0.0159138222821337
0.140539633623238 -0.121243495956523 -0.153651991320406 0.0073829376006315
0.0599966904866839 -0.167909984031577 -0.119944448117067 0.0407078217546414
-0.0109953074036166 -0.156268572769543 -0.0852782786578899 0.0373382773499701
-0.0602403843877133 -0.129855671865794 -0.0749241807681004 0.0217055695511799
-0.0867476230012807 -0.0946860219707074 -0.0662183518833054 0.00650733037528913
-0.0777914161949312 -0.0855445461697782 -0.0474769857122712 -0.0141279458083266
-0.0796975231641242 -0.0818515874473619 -0.0328403131039614 -0.0602395127514007
-0.071785571034251 -0.11946383322951 -0.00538625478892909 -0.0935456219876306
-0.026323066538261 -0.147854055768601 0.0433634630680699 -0.11013739475664
0.0271397903668932 -0.16860372391542 0.0986035883847926 -0.0709873948040201
0.108197995573794 -0.134736197765412 0.109358205949224 -0.0128615422579222
0.178908464834465 -0.0635544840989418 0.0289923444117351 0.0399595372739856
0.196414805993224 -0.0240142023360209 -0.0918796791437567 0.00577748812245206
0.126147237638211 0.000433354286652153 -0.175726009533541 0.0441421183182687
0.143138649681706 -0.0290421937609809 -0.184856306924522 0.00493498675555153
0.106898159449914 -0.0930345896666227 -0.155056945811572 0.0104747224601516
0.0402905298164709 -0.128519737898254 -0.113862623111789 0.0229016956335465
-0.010371657445857 -0.116541174078536 -0.0960621931263132 -0.000465971277737489
-0.0450788668540649 -0.0976706350963415 -0.101956184448359 -0.0140066646045538
-0.0630031591649911 -0.0738002731746144 -0.0987565062821328 -0.0252002345223576
-0.0532346367432843 -0.0691852216859141 -0.0784086961546236 -0.0462432048824549
-0.0513293733863411 -0.0715074542162796 -0.0589185262997572 -0.094477796923153
-0.038144048488811 -0.10128419102932 -0.0200525164645669 -0.127728385026042
0.00174638663174038 -0.118124634051039 0.0407062141726026 -0.136540846918064
0.0495336346791582 -0.124458020349864 0.0970588165659716 -0.080115910677452
0.109692948631278 -0.0849153338702841 0.0939070636313004 -0.0115450033517723
0.152126725619126 -0.0196275837857834 0.00176189336964445 0.0332951144987345
0.149003688514542 0.00890568621643832 -0.138639406448641 -0.00782916282216306
0.055880323350725 0.017270923812588 -0.215904028878296 0.0442388238708491
0.0773469530708169 -0.0003543256044763 -0.197900944318145 0.0245429688600039
0.06016448513472 -0.0424882668315514 -0.151750905844057 0.0113432319190269
0.0218414912471809 -0.0626062096468521 -0.114065780442245 0.0108105728678605
0.000326258334492039 -0.0564867786077129 -0.108628684964881 -0.0192367447245571
-0.0163687981563732 -0.0514499331383701 -0.120094578067217 -0.0306157731100359
-0.0264671913935009 -0.0437005189182232 -0.118853957273694 -0.0444026334863833
-0.0206824365728437 -0.041753052090321 -0.0958362475446452 -0.0703295192039442
-0.0191469163051311 -0.0458105322698452 -0.0713660297843639 -0.122893062870023
-0.00863179007762784 -0.0633262512379775 -0.019962798051276 -0.156350149738073
0.0147450981142489 -0.0696312567049438 0.0505068876388368 -0.156887892512132
0.0478412352535569 -0.069179304374741 0.102792012104431 -0.0866691408707337
0.0846514450594726 -0.0355861868506051 0.0835725577109568 -0.0150382725434145
0.0993435266082927 0.0130149238700962 -0.012403531032292 0.0170567829369521
0.080121830029964 0.0302115264255262 -0.160544090665807 -0.0280481438141219
0.000721114171964295 -0.0326922446978851 0.162563161699485 0.0295085696925474
-0.030759535250156 -0.0207064269333548 0.0377286643144152 -0.0295117793411431
-0.036539202116525 0.00776138365769294 -0.0832601883097805 -4.63014913913758E-05
-0.014303990790984 0.0236964286646594 -0.125956770551629 0.0700713750284397
-0.00729576572240415 0.0170488715577093 -0.0738710948916361 0.159092112042319
-0.00841113321387442 0.0126833355550973 0.00436124721662166 0.174821737133065
-0.0108087579358992 0.0144801257956118 0.0639978745399716 0.141252478249684
-0.0162181634269303 0.00796019695268115 0.107013927030206 0.0919360752182507
-0.0209694006369732 0.0117485693032622 0.1234436029799 0.0494144927196388
-0.0272313083081349 0.0040443999221585 0.128456333019622 0.0286962708866011
-0.0207374341897598 -0.00537644252466819 0.120184553730955 0.0206361354954808
-0.0196834850311425 -0.00598414156110404 0.125229986001093 0.0048186415452993
-0.0184673308347863 -0.0159242663092645 0.141152540897472 -0.00453123289086406
-0.000792266406730884 -0.0337120022404917 0.163725999033305 -4.57101232886817E-05
0.0188027558399818 -0.0333757784385887 0.205676785682929 -0.0198635475255183
0.0711001129750296 -0.0270061601057033 0.149976395797733 0.0446767215938499
0.0399693571597947 -0.0232325504409209 0.0262277450175849 -0.0230110678877872
0.0176212413644052 -0.0213509126027827 -0.0889900656714884 0.0036841419021098
0.0179022832605392 -0.0241080954698706 -0.127349125394039 0.0692221856987484
0.00175415967102432 -0.0364005035195418 -0.0799281569510826 0.152438759120093
-0.0211018233725332 -0.0380244684964104 -0.00773970246917667 0.16723994577415
-0.0398533815856387 -0.0258718172263896 0.0520485290027818 0.137755996563509
-0.0480307984919164 -0.0279858000132827 0.0930234362595629 0.0894525747569011
-0.0569769747091718 -0.0194827604362385 0.110700396394374 0.0413690345536324
-0.0639473137401943 -0.0403474316456993 0.119197201858731 0.0157537750367668
-0.0396377087032049 -0.0638657529145787 0.12084120107967 0.00451180165386783
-0.0150033282892959 -0.0760731924594493 0.12923943227462 -0.00625491068541956
0.021074061187472 -0.0753667726458912 0.141770699002448 -0.00906934223621201
0.0683874250039995 -0.0662630867776441 0.144071195195205 -0.0010334427744305
0.0984694822991604 -0.0525201414386391 0.169985394525699 -0.0173287605069658
0.131913206451159 -0.0169637813516709 0.11130784562545 0.0470925379774451
0.109544840975194 -0.023224369059096 -0.00153581955654025 -0.0286659951166258
0.0750825661702217 -0.0510041440218213 -0.104675029502441 0.000680095581800836
0.0501691056549591 -0.0746074137413118 -0.130419701298048 0.0666092768081915
0.00967517348886073 -0.0894018323918301 -0.081795031399012 0.136780110839253
-0.0323911589267425 -0.0852959974282858 -0.0188410591223634 0.144713909217583
-0.0643737276303667 -0.0629636214952603 0.0309387316013317 0.117080724489139
-0.0727240593088534 -0.0594190116998433 0.0659375590382659 0.0743421336545617
-0.0837908931880497 -0.045646593728979 0.0827037992165975 0.0245328048697422
-0.0925030593790478 -0.0756495951814172 0.094922703248179 -0.00604584016517739
-0.0579126821461761 -0.109899041654431 0.108934440378615 -0.0228518408328525
-0.0183105020867604 -0.133480798556981 0.128301596129599 -0.0254784321294823
0.0490176757862059 -0.127039908951963 0.140965721457513 -0.0132993098423232
0.12169808184547 -0.0947398127004186 0.119741613787849 0.0086686718037803
0.160860828709662 -0.0659941340198733 0.113674111778367 -0.00790372013386788
0.173859592596964 -0.00877663576200167 0.0498586876077136 0.0410562067957438
0.165222358266376 -0.0258746068582301 -0.0442111172566722 -0.0380963181041404
0.122844070087168 -0.0822330388133106 -0.124728374956439 -0.00469667732576865
0.0712410367900565 -0.124108090948747 -0.130691311108211 0.0591685732737015
0.00944293521264516 -0.133509634723117 -0.0807958420734199 0.109798856704464
-0.0447225619208602 -0.120773763617207 -0.0328440206752154 0.108173810013333
-0.0817817207528969 -0.0886277989227686 0.00231153778603503 0.0832372785004684
-0.0866157299821484 -0.0809753981084909 0.0295171369859066 0.049122560236827
-0.0967321836708616 -0.0662087766871315 0.0442992577433633 0.00127685458916717
-0.104036556557918 -0.10110976373922 0.0608769251760738 -0.0319450928429769
-0.0633314372109588 -0.140163596700344 0.0873562624533848 -0.0519399206440931
-0.0153687539265827 -0.169834101134122 0.12131976403147 -0.0439449602556438
0.0714188360823292 -0.157692356490895 0.136013828833374 -0.0147672578626045
0.158129181983497 -0.105489627118298 0.092263385805629 0.024034836638613
0.198456133673826 -0.0660592845650641 0.046130216254202 0.0036657455426051
0.188659442477605 -0.00315021763694018 -0.0259786792659668 0.033287790747932
0.192987479154904 -0.0308734618112007 -0.0953404765890906 -0.0390690946824973
0.147296492385767 -0.104984985885472 -0.142167825100033 -0.00835365984343461
0.0755271100387135 -0.156275179913899 -0.127138293528554 0.0447311846319018
0.0035741292284267 -0.156502952668123 -0.0824562155858356 0.0714339063627413
-0.0536205749172813 -0.135829088029722 -0.0528926885250616 0.0626776902325136
-0.0884424660566644 -0.0996915155671724 -0.0325257923668232 0.0436060862930512
-0.0866253542693187 -0.090879190646952 -0.00948592377881957 0.0179516800667985
-0.0928695247876546 -0.0796434123460226 0.00489230363115885 -0.0274509234761027
-0.0942524343653693 -0.116833578878619 0.0253777437121653 -0.060417370209213
-0.0497167820160631 -0.153654714771037 0.0640186503897937 -0.0807788331771142
0.00325239790002171 -0.180539856230716 0.110901945817016 -0.0590526810162044
0.0928485023617579 -0.157014819182287 0.12456779637512 -0.0123541591393837
0.176722185470669 -0.0912376553208162 0.0610147697946414 0.038468229548744
0.207761556397506 -0.0487231728198385 -0.0235730695998714 0.010910262422275
0.170927020051063 0.00166101178897995 -0.103911393541155 0.0294831854305151
0.183907138053801 -0.0302547850753889 -0.144141942882214 -0.0273419245240855
0.141298195820387 -0.106793010288436 -0.151107002145584 -0.00637560639962554
0.0646068011999146 -0.155185045297003 -0.119456672214881 0.0271847153560721
-0.00300217654021134 -0.148703189571709 -0.0878775637184094 0.0287695489236185
-0.0528829409311586 -0.126054061024417 -0.0768483199630726 0.0179339114580217
-0.0802717787833836 -0.0945288047877199 -0.0675412216517371 0.00488421690521777
-0.0733210483570405 -0.0871394660095265 -0.0458767629684157 -0.0151357217536425
-0.0754623250886986 -0.0821964510523055 -0.0298188207669782 -0.0596231544797447
-0.0681616360782922 -0.118101569483427 -0.0024073639985243 -0.0923127144324337
-0.0226888803983514 -0.145864496529484 0.0486990814883284 -0.107524012466158
0.0306210480101398 -0.16197784035181 0.103333211824038 -0.0688266383286344
0.110365413970051 -0.126812185603423 0.108700107670675 -0.00807545415305002
0.175096185105378 -0.0557290564133902 0.0281433021372215 0.043475792312223
0.187665463655939 -0.019347193678089 -0.0848496734553967 0.00730361020449645
0.123427146088038 0.00848812014415592 -0.168740384423891 0.0296614818981896
0.1408024748257 -0.018841123459363 -0.177581969558347 -0.00640888520093545
0.108196001818866 -0.0827114340316263 -0.151046981443514 -0.0024084000408109
0.0441770233064287 -0.118888826822471 -0.112214713634286 0.0119358596078316
-0.00417826876262291 -0.110636425034452 -0.0958876189038587 -0.0060366169896345
-0.0401255463401162 -0.0939627950732394 -0.100270975594946 -0.0167147886938224
-0.0588093941988776 -0.0732917646532671 -0.0976090147010001 -0.0263217906420585
-0.0497826486325562 -0.0702052587745212 -0.0746727456156204 -0.0461956872196955
-0.0480766335522992 -0.071669716842652 -0.0544453420701475 -0.0929615498590905
-0.0356277647882437 -0.100184894653025 -0.015697709580015 -0.124317190599193
0.00378015411829074 -0.115421561392104 0.0461673124625751 -0.131806721139904
0.0510288500680792 -0.119243412750084 0.101494753822298 -0.075750427542068
0.109439075600574 -0.0784138417915504 0.0934079871439688 -0.006520653148585
0.147113979221903 -0.0142707416629057 0.00119085731525733 0.0351875189108089
0.141327983172082 0.0113215287686904 -0.129808967006589 -0.00864678889146764
0.0543817579383347 0.0215805848857704 -0.208333597483474 0.0315615028901748
0.0758319071634619 0.00480361051011219 -0.190135676335335 0.0133309893748429
0.0605950506809956 -0.0358830842968746 -0.146313925268355 0.0013484725929952
0.0234310447633844 -0.057166205837904 -0.109698947969542 0.00293111666861736
0.00267248737517685 -0.0526745099660109 -0.10505059132943 -0.0228528791395021
-0.0140466230539284 -0.0488718237934637 -0.115740331824742 -0.032517226207144
-0.0245670739237497 -0.0433298137463849 -0.115090852070069 -0.0443837283230792
-0.0185448483181354 -0.0423345926887761 -0.0913158814653336 -0.0692953652366954
-0.0174162974646995 -0.0460602124501188 -0.0659440485582436 -0.119646687927849
-0.00791634564313864 -0.0627424491774451 -0.0155277982003016 -0.150806826065909
0.0160490599344122 -0.0685064121820719 0.0545145867660896 -0.148958999224531
0.048594927080505 -0.0664560230124281 0.10527613878365 -0.0799669728697409
0.0836764113509618 -0.0317461602531307 0.0829121328501267 -0.00964043233046775
0.095272807273365 0.0154985629406378 -0.0123317354924558 0.018050891446209
0.0745668052388838 0.0307730674110799 -0.151321233267779 -0.030868828311614
0.00121097501380958 -0.031627768032696 0.159148287277012 0.0294923457511894
-0.0297137815771703 -0.0204458852500234 0.0371562378040217 -0.0292232383806387
-0.0361792126646459 0.00755431226095775 -0.081613199824132 -0.000894158494481997
-0.0137890019245946 0.0229484777788085 -0.125181393499323 0.0682776657683907
-0.00683014395573002 0.0164986287276333 -0.073485557306818 0.154290317752891
-0.0081781345720233 0.0126880122326536 0.00440879520009913 0.171564868847115
-0.0107022058879027 0.0141227177638796 0.0642593237975502 0.139163807940147
-0.0158705585517485 0.00788742562969535 0.105011378120903 0.0891509827366354
-0.0206847920111471 0.0117029618421281 0.121202053147586 0.0476541295438042
-0.0272265910946925 0.00424620025997713 0.126956352832756 0.0285885927909386
-0.0201806880778773 -0.00627176478463714 0.11834766762268 0.0209641039485727
-0.0189061862982235 -0.00601000344033151 0.122816178851393 0.00582102575578744
-0.0181501221037991 -0.015001662146035 0.137186480463198 -0.00274181766779061
-0.000173015308651692 -0.0332834968595277 0.160015850783876 0.00227719141622496
0.019062908596538 -0.0321754687186598 0.202824150817053 -0.0188859328653668
0.0694730150643279 -0.0261625361348097 0.146409521466325 0.0432510240475416
0.0397524494904279 -0.0229280162101619 0.0263401921809461 -0.0230461525315046
0.0168026083367243 -0.0204474040290492 -0.0874425636489363 0.00216523386225564
0.0177480727997683 -0.0234497737416343 -0.126447777250201 0.0664641566312239
0.002117948140971 -0.0356772217138102 -0.0791280438238134 0.147870240476063
-0.0206024561164736 -0.0372641564940715 -0.0072145879447498 0.164010362962973
-0.0392793348635769 -0.0258117580820316 0.051402026890123 0.135019164698387
-0.0477010843864619 -0.0274507871101557 0.0914839815045609 0.0869083782435819
-0.0556738368998355 -0.0190007084079691 0.108144878214003 0.0400495139504102
-0.0630645380376643 -0.039633400969075 0.117866078642197 0.0152868905945674
-0.0387528024842667 -0.0636392184439223 0.118709801494841 0.00516198971584492
-0.014327391092943 -0.0749431193764858 0.126893010419929 -0.00521367010275839
0.021534505436893 -0.0737685850739528 0.137372553695602 -0.00689663699586484
0.0670781146479058 -0.0652542296573555 0.140812638637404 0.00117694185912347
0.097442418420508 -0.0506364336675898 0.167398948932437 -0.0163916704503345
0.128788667641369 -0.0161809780922018 0.108253364098728 0.0454890042315462
0.108026960253609 -0.0220706530359025 -0.000948636979217838 -0.0287821083639386
0.0726780420914056 -0.0486058425172743 -0.10323777037121 -2.9071747979894E-05
0.0488539604235997 -0.0731487755511583 -0.128573000083669 0.0636523352814259
0.00964042253517382 -0.0872980460839616 -0.0802008850234121 0.132896244409601
-0.0319542215096706 -0.0837737901631835 -0.0190445406128306 0.141412685530536
-0.0633072991882352 -0.0615470779224109 0.030404014210997 0.114543409117235
-0.0719209628611598 -0.0582465143883663 0.0646053330729348 0.0725083000321134
-0.0819405507156542 -0.0452063856313893 0.0806909643617657 0.0238207296084449
-0.0909305620865444 -0.0741548264846717 0.0945241148751385 -0.00627293761132822
-0.0570047527359335 -0.108655459130588 0.107620391638402 -0.022715582591466
-0.0179418818554263 -0.13123666705478 0.126320824548926 -0.0233053310419563
0.0491712284326147 -0.124690892507049 0.136724070468601 -0.0119224798771569
0.119927040756819 -0.0925145944733871 0.117296786566653 0.00975543163785481
0.15824481705053 -0.0635035648594893 0.112410331193355 -0.00752267619211524
0.168993268866 -0.00803426225876595 0.0484532410784215 0.0396039470438229
0.162505892011742 -0.0246541085749392 -0.0424472873273473 -0.0381156621095002
0.119457751804276 -0.0791975797824521 -0.12230134726186 -0.00623255540040928
0.0700767353560655 -0.121452070415287 -0.128753036998938 0.0561463754363544
0.00983789230179912 -0.130716765849329 -0.0792455327265274 0.106756098900632
-0.0442647139305586 -0.11795801882553 -0.0330852407214471 0.105687775283397
-0.0804332551448997 -0.086828415168516 0.00153912109935973 0.0813891267373564
-0.0855563716692625 -0.079748189897994 0.0290290916871237 0.0481680099110506
-0.0942986838364641 -0.0653430176167348 0.0434368413430913 0.000193411875658473
-0.102313271591846 -0.0988911991070058 0.0606334816742501 -0.0317911984424773
-0.0623114961074929 -0.13799794934481 0.0860184714946727 -0.0517094788951542
-0.0151096083392311 -0.167589721772211 0.119990759805324 -0.042074605259562
0.0707696170444779 -0.154536385270619 0.131408774895427 -0.0135833836827712
0.155689590982566 -0.103492617755171 0.0901118076006122 0.0243150462638695
0.194158389027699 -0.0629487948449378 0.0463999122220241 0.00405288725250884
0.183325022426387 -0.0025291818048394 -0.0256881512526554 0.0319454431733756
0.189314549881872 -0.0295488630467872 -0.0928184383875591 -0.0393305174847702
0.143969619948609 -0.101316596851282 -0.138888095190914 -0.00937858038770746
0.0740835611000765 -0.152601949270944 -0.125121078016843 0.0415273403124489
0.00355297375433144 -0.153302799460809 -0.080447799116613 0.0687560512070587
-0.0528657233316564 -0.132750872984491 -0.0524974496730656 0.0613921269837351
-0.0874582776363723 -0.0979452806426518 -0.0323866282580761 0.0423480744838738
-0.0859071315023856 -0.0894212745196384 -0.00909665031838913 0.0174423884752391
-0.0906553738731294 -0.0783253632866416 0.00477604435162876 -0.0273192011591218
-0.0927724659367665 -0.114179008209514 0.0255120861013453 -0.0595025698752152
-0.0491166211347656 -0.151377835174722 0.0632654467161955 -0.07940951333802
0.00208301338813522 -0.176838481504335 0.109962433462613 -0.0561626591676729
0.0917035890902555 -0.153624985071051 0.120661931968403 -0.0116563243246736
0.174218277863406 -0.0887239877872643 0.0590983697936384 0.0380836147629761
0.203084992573323 -0.0460927402503579 -0.0218304412467984 0.011368137293247
0.166167367732436 0.0018874982792415 -0.101715869770848 0.0276723760227141
0.180693514649166 -0.0287179658518426 -0.140301638189511 -0.0275263629970527
0.137837489576401 -0.10331059166133 -0.147741036864556 -0.00790098939181291
0.063398359033578 -0.152258403830812 -0.117161017400252 0.0247139235508696
-0.00342381818244676 -0.145811935935148 -0.0854757768501397 0.0273392845691168
-0.0531455661492004 -0.123055933322911 -0.0768344620201911 0.0173758949662339
-0.0793469831672901 -0.0921466778393434 -0.0674174448020722 0.00498589608540553
-0.0727109222250356 -0.0863249797575049 -0.0450192257324146 -0.0151259851191521
-0.0735708578442163 -0.0816274252968664 -0.0297644413804672 -0.0590222485784886
-0.067108484047893 -0.115811527284948 -0.00182114359031536 -0.0905600421575671
-0.0222306948326579 -0.143581266034512 0.0483201629551665 -0.105431890870232
0.0292863239995778 -0.158734664151562 0.102345382701779 -0.0663398230880521
0.107748874484734 -0.123593512690997 0.10614470767432 -0.00768224959275712
0.171883024753724 -0.0542929646821654 0.0275405496037836 0.0429127445604865
0.183201754454581 -0.0182038303416846 -0.0818311050018115 0.0077309611008302
0.119570961092324 0.00858930345229513 -0.165723986690329 0.0276163529708566
0.137420798527318 -0.0178361274860761 -0.173518634706684 -0.00717363600905558
0.105853943351208 -0.0802173780893595 -0.148097191495202 -0.00375224032885455
0.0433849172247577 -0.11630532348233 -0.10933504078643 0.0100786250197106
-0.00488407302487017 -0.10814650171845 -0.0937661246268542 -0.00617146243372392
-0.0400091593454984 -0.0918435126177555 -0.0995243737934212 -0.016198162612988
-0.0581115444982173 -0.0721968289049689 -0.0962506853389828 -0.0249572137993466
-0.0493950340334402 -0.0693522682643983 -0.073017720394298 -0.045131577782082
-0.0467528224489124 -0.071074989837699 -0.0536559024535325 -0.0907010352807253
-0.0353421373488702 -0.0974746811537738 -0.0148270786607919 -0.122174726520437
0.0037190847887189 -0.113703152251018 0.0458013538665798 -0.129592205725675
0.0495869136795938 -0.116676696329149 0.100601000008719 -0.0732107046010414
0.106980751399975 -0.076277978789704 0.0913628394527229 -0.00603669866093969
0.144731256963851 -0.0134791356501248 0.000805967870406524 0.034280554061543
0.137349972549265 0.0110912828581245 -0.126882342556898 -0.00742003817566702
0.0523836793720546 0.0206267401511512 -0.204399863379901 0.029925048530978
0.0739670100297871 0.00506896726901605 -0.185488857414943 0.0123980332564086
0.0594340426749248 -0.0346890323424868 -0.143197647831412 -0.000196590192592775
0.0231340813804106 -0.0557572583913291 -0.107665112840511 0.00123701195080954
0.00208087349386783 -0.0519242444306006 -0.10298042617722 -0.0233703881084016
-0.0141003928693293 -0.0476132565375827 -0.1154448069537 -0.0316517081425186
-0.0242161826212813 -0.0424986033198674 -0.114349591322791 -0.0431523317570555
-0.0185292584000736 -0.042194882218015 -0.0891330400345696 -0.0668423970160224
-0.0166876251466978 -0.0458348686149474 -0.0649205622250102 -0.117011424124328
-0.00771350610205732 -0.0612936454374278 -0.0145685200422729 -0.147840470478792
0.0153527352149189 -0.0668932868241788 0.0537239370262711 -0.146701809309103
0.0470691471642401 -0.0648657581786272 0.104084230140163 -0.0776541908687139
0.0819233590038934 -0.0310024493193323 0.0809418232783447 -0.00919842539062935
0.0931827722175553 0.0160193377986381 -0.0122204934668047 0.0177690277021235
0.0722711149210204 0.0298735968215016 -0.148403973182121 -0.0292646851090574
0.00183059282948467 -0.0305874456261675 0.158820388048587 0.0289740458690547
-0.0291389162115774 -0.0206870306424226 0.0379280733089424 -0.0297898328773453
-0.0363233460477565 0.00770012086411152 -0.0827569824300682 -0.00171478148263845
-0.0135591250955285 0.0221789759370779 -0.126913877565084 0.0682945806669032
-0.00626742610443817 0.0168785753769905 -0.0745609560644485 0.153757952998709
-0.00755778882865969 0.0130241948051156 0.00532780206716997 0.171508413319133
-0.0108297654450811 0.0140058191002434 0.0653742590289861 0.139401383638623
-0.0157803933341892 0.00808821646978167 0.106005665990659 0.0893273284570134
-0.0208264732410789 0.0120286506576637 0.121747627078204 0.0475330079773205
-0.0274660036210155 0.00445245781540173 0.128748473287574 0.0285634474188674
-0.0198924274306133 -0.00639106054275531 0.119344376917369 0.0222023631458486
-0.0181118682899248 -0.00619576569470901 0.123076367990659 0.00701821446337643
-0.0176312402030169 -0.015293029921866 0.137307082330861 -0.000819543262302978
-0.000280839715007738 -0.0339619344116679 0.160717239798623 0.00430822338446435
0.020025799647218 -0.0320400232680972 0.205304375075221 -0.0188518123411809
0.0700398121069651 -0.0253931728655311 0.146358275326459 0.0433599266442122
0.0403028032172809 -0.0229322001383282 0.0267806501697138 -0.0237749843891383
0.0160776833440144 -0.0202391516371833 -0.0888381438107416 0.00213198298758925
0.0180271948984644 -0.0244067526028113 -0.128440532917787 0.0659269294960832
0.00224322374364298 -0.0357384864570391 -0.0798592670432395 0.147393896314679
-0.020725485711112 -0.0375281188271381 -0.0071856415479285 0.16479130828339
-0.0401771227213688 -0.0257547525417238 0.0524088068804408 0.135077376496021
-0.0484446708896273 -0.0274063156812023 0.0922924037408226 0.0866388940038711
-0.0559841227283046 -0.0189415762460835 0.109431914218994 0.039369390245422
-0.0638896070855411 -0.0393900651160632 0.1195579584401 0.0155566381114784
-0.0392593029495164 -0.0645800077797357 0.12037929494158 0.00541484399437379
-0.014600625593924 -0.075929485969623 0.127397284338165 -0.00341965365947365
0.0223689776352951 -0.0742160424052813 0.136468944111306 -0.00597619599045219
0.0682861026991643 -0.0657265045669772 0.141598390387899 0.00273378554310285
0.098569177269455 -0.0498265889562504 0.169625325717049 -0.0163441779182146
0.128555199551666 -0.0157026788151669 0.108143663904294 0.0451476354216079
0.109182805725336 -0.0220373057574588 0.00022181186738707 -0.0295447516454015
0.0722951560812216 -0.0480599022276411 -0.103693451419952 -0.00139331839017182
0.0494052596335257 -0.0741379249525693 -0.130776911324761 0.0631107901742527
0.0100553088084626 -0.0876828741935013 -0.0806017289774204 0.131907730988396
-0.0327687813329241 -0.0839798054541756 -0.0195318652283745 0.142141618196958
-0.0639473095031306 -0.0619610451765468 0.0302970087014838 0.114310564785188
-0.0734331622510839 -0.0587860766624865 0.0655174069232556 0.0723144344466647
-0.0827021858085286 -0.0456664880637399 0.0817066089401948 0.0227665748326921
-0.0920360061057107 -0.0741482584029974 0.0955870580496302 -0.00692975930186221
-0.0572162469397939 -0.109768337102921 0.109183657410493 -0.0223524703347742
-0.0180898442095659 -0.13278709143172 0.12743060913111 -0.0219479177798135
0.0497126214270597 -0.1253953879074 0.135636987855256 -0.0108213084045065
0.121309731464277 -0.0931850445695464 0.117332746856613 0.010667919343217
0.159506384926207 -0.0625152097442802 0.114123382778136 -0.00703404561346729
0.169052918842893 -0.00738842529615141 0.0483243166552608 0.0390973353391914
0.164239983156724 -0.0246272141399337 -0.041567794155603 -0.0391569622885858
0.119413755215813 -0.0783016800574259 -0.122896357497919 -0.00699097150132367
0.0703670390623811 -0.121952753222141 -0.130411184964088 0.0546667774005165
0.00969414098359043 -0.131155930663257 -0.0799364954613442 0.106151945586656
-0.0454451023775065 -0.118171258439631 -0.0334068169603112 0.106669677480697
-0.0815039125713242 -0.0871332792835393 0.00116416455072656 0.0815740564229456
-0.087166283916035 -0.0803897979118655 0.0298658710622625 0.0484336962228798
-0.0949700526201522 -0.0663033430788562 0.0438757710229047 -0.000540395626455991
-0.103523068743255 -0.0993596786596481 0.0618370064366263 -0.0322877342951648
-0.0630001430688555 -0.139571518339207 0.0871927175892056 -0.0521939603134555
-0.0159144351274732 -0.168706082015446 0.121389472624174 -0.0409029938559554
0.0714633421223869 -0.155641890671519 0.13063716560118 -0.0127015953366111
0.157789024309102 -0.103716327143437 0.0900776773786092 0.025007517181672
0.195962245879903 -0.0623203981376251 0.0473472722811452 0.00423519313602744
0.182552167848595 -0.00185021023611397 -0.0262302423192276 0.0305683949359212
0.191102464284002 -0.0290737478184023 -0.0922219820430745 -0.0409250803517487
0.144187630871404 -0.100536452966371 -0.139258099947778 -0.0105599418120603
0.0744277248471154 -0.153990476316836 -0.126154580158133 0.0402389644697049
0.00384010061839742 -0.15411340604024 -0.079868896229043 0.0682743329441733
-0.0539388130421851 -0.132906203166723 -0.0534676688896672 0.0616820442358099
-0.088006234406387 -0.0979325400917278 -0.0335792788200862 0.043002296369067
-0.0874253086368005 -0.0896443197039203 -0.00875990525183428 0.0180820889751785
-0.0911352649336452 -0.0793177584045579 0.00421471811031678 -0.0283754205792416
-0.0939504213974403 -0.11475287587616 0.0262594580413328 -0.0607544818391249
-0.0499723554920934 -0.152571024045008 0.064242102236741 -0.0799965568541166
0.0013603182812377 -0.177701776877402 0.112445578617228 -0.0558507466117482
0.0926959052825609 -0.154712072413905 0.119760515624576 -0.0106273586009642
0.176326030806163 -0.0894710575055475 0.0589899062326856 0.0387016964842362
0.203767473266362 -0.0453466971086246 -0.0211167257975605 0.0116741949920591
0.165510254222811 0.00209391289633056 -0.102607341124562 0.0263840654803766
0.181912135027965 -0.0289314892857567 -0.1405737745813 -0.0286923382200727
0.138829340548418 -0.102737572601361 -0.147861583275321 -0.00872908433384939
0.0637390259633904 -0.152995146544938 -0.118252817908669 0.0230737509953043
-0.00331156642849488 -0.146624948901754 -0.0852067411621251 0.0269315055626531
-0.0536278502503104 -0.123305778439453 -0.0776868690839173 0.0178095054146262
-0.080319353666799 -0.0922545479078346 -0.0688862898573695 0.00580583925057422
-0.0741577619479033 -0.0865195899513276 -0.0450203377906616 -0.0147253080005699
-0.0738058028867883 -0.0827716158795186 -0.0303393846267179 -0.0596701759044744
-0.068530311997207 -0.115892084664154 -0.00121227694001783 -0.0915392984293294
-0.0226373462774298 -0.144885515580555 0.0495954138447892 -0.107402727200148
0.028781953395259 -0.159470733240513 0.104224484826205 -0.0658629986512234
0.108493963937685 -0.124108369864409 0.105805724550675 -0.00720170069157013
0.173603548671729 -0.0545858462324147 0.0269080491073736 0.0431431110679089
0.183651693360011 -0.0171238422287738 -0.081768069144657 0.00828250410102883
0.118821643445959 0.00849250186978057 -0.166967386521068 0.0271631074929948
0.138928874717826 -0.0177605485690366 -0.173594446860607 -0.00809332711638115
0.106293669515536 -0.0793076425142897 -0.148185480328806 -0.00479265553640373
0.0432480232648792 -0.116666061294802 -0.109964270977232 0.00860539637835669
-0.00512815607196889 -0.109182884374195 -0.0934453473432177 -0.00726615109236154
-0.04048945094774 -0.0918246957541164 -0.101271437242587 -0.0157792602961611
-0.0586738795051062 -0.0723838365770313 -0.0986932475402603 -0.0242795835342893
-0.050835273126541 -0.0700256105642727 -0.0738312545514263 -0.0447935051530627
-0.047064481673617 -0.0718382935896377 -0.0540932537605638 -0.0915554620360681
-0.0359324691451566 -0.0985104035004495 -0.0143703944004607 -0.123016321127478
0.00355564025314764 -0.114329496525289 0.0465688253359179 -0.13061968952335
0.0488456932832345 -0.11684957838567 0.102225627883344 -0.0732868221110407
0.107590251383949 -0.0764176499081775 0.0912878264332194 -0.00611354753049512
0.145362469317327 -0.013207195628277 0.000455056972696556 0.0346376962299431
0.137420692344153 0.0121198248880137 -0.126667256393551 -0.00652998619230688
0.0516743368631807 0.0205255957788157 -0.206097524461609 0.0300212844718532
0.0741249270015483 0.00510377300786316 -0.185851575952308 0.0121430637379935
0.059322741367731 -0.034054620089645 -0.143298575077554 -0.000875582247410976
0.0231405249802331 -0.0556037586168188 -0.107258904699907 0.00048454440470072
0.00143686161183573 -0.0521393827171442 -0.103365700542407 -0.0238522095728283
-0.0147650185574217 -0.0474591637967099 -0.117130183653097 -0.0310208203467539
-0.0245068079046805 -0.042231387271257 -0.116551625564536 -0.0417404651022638
-0.0192363401425845 -0.0423995812745187 -0.0902012323598013 -0.0672810040436548
-0.0164538567396667 -0.0463576049428459 -0.0652825675938889 -0.117144856618948
-0.00787666197698054 -0.0610455025481771 -0.0145930874148247 -0.148738061078242
0.0154559318458852 -0.0670909490493803 0.0542932951358969 -0.147524123879521
0.0466166642376321 -0.0646799832396963 0.106178499752398 -0.0776585790156339
0.0818567551697204 -0.0306083513853215 0.0818045708501071 -0.00900853589924411
0.0935075036890682 0.016460320971114 -0.0126102734344763 0.0176219713981254
0.0714347001987433 0.0303739182466089 -0.148616001872824 -0.0283600110292514
0.00182305823253957 -0.030578994825281 0.162024039527442 0.0266486546932047
-0.0299917287915151 -0.0203612860431198 0.0383392274334347 -0.0316046610275905
-0.036871321548263 0.0084967268318768 -0.085444330124952 -0.000374673303127691
-0.0131560738116755 0.022429877099941 -0.129582024645128 0.0717604409820605
-0.00548128261435865 0.0171655527777543 -0.0742001547150327 0.157526478714409
-0.00754895402136164 0.0130893154704293 0.0090508324254245 0.175111231219933
-0.0107439576508169 0.0141906968881071 0.0704475951626609 0.140699926526431
-0.015976275783878 0.00863893041244171 0.110081758312091 0.0878495484566529
-0.021097644919782 0.0126508154568798 0.126457458025508 0.0452068486965082
-0.0278147861557369 0.00526138889799746 0.133387460003516 0.0271707347587479
-0.0208710913707569 -0.00645453620282656 0.123535477310034 0.0209218648411729
-0.0181721339383427 -0.0063039912405073 0.124872848552744 0.00570521931311078
-0.0179066827035327 -0.0160094818624409 0.13876674385386 -0.00164971389164654
-0.000649693173579622 -0.0350370778951843 0.16452893278294 0.00320361018756434
0.0211499583687467 -0.0331522204270939 0.210472447065496 -0.023943736801342
0.0714455780605664 -0.0267081269552179 0.149535376900644 0.0406457915587542
0.0414903493791338 -0.0244160317877174 0.0272119861839445 -0.0252953873960052
0.0156667155284126 -0.0203210399397509 -0.0911742160657788 0.00291347187142431
0.0177318735662034 -0.0259130093815172 -0.131009890217247 0.0701493242292501
0.00176365435197669 -0.0370427312129493 -0.0796094117521079 0.150970525338251
-0.0220722147329231 -0.037643473742873 -0.003758941540139 0.167987127546022
-0.04143397852049 -0.0255684642592707 0.0567653334652034 0.136389990194418
-0.0506109802851637 -0.0272462302748679 0.0964926452242951 0.0858753618344077
-0.0574592968848928 -0.0183778906735371 0.112588419901255 0.0372406036217133
-0.0664114602678957 -0.0389651048437124 0.123729047314833 0.0129374685649606
-0.0414260605129079 -0.066235633003397 0.123901229221477 0.0040323978464973
-0.0158710221527051 -0.0776022173840134 0.130035339440072 -0.00517255338777833
0.022125085788469 -0.0766139457854681 0.13792405733808 -0.00673761616677998
0.068784829874552 -0.0689821001187983 0.144528977757798 0.00151242252898352
0.100428337611362 -0.0523620374247672 0.173932499037657 -0.0205306549905794
0.130978476462986 -0.0178621418260762 0.110833933467659 0.0431952390936017
0.111647137422977 -0.0244523400185679 0.000155292515698146 -0.0308330754676349
0.0722250637619908 -0.0492087827911588 -0.105994103538913 -0.000126904281517483
0.0487811940999876 -0.0767493264336737 -0.133411254213148 0.0659677011616139
0.00835700910278199 -0.0899505216717628 -0.0805216643138206 0.135835463663948
-0.0353695093512124 -0.0852261398559774 -0.0170112398205256 0.145591570244086
-0.0675536105359735 -0.0618722512493255 0.0331295003994897 0.116121444624519
-0.0772168504224655 -0.0582283151365488 0.0681502466409832 0.0716979524991943
-0.085682844068134 -0.0454591620083754 0.0834960141728505 0.0206378676190384
-0.0959016710982939 -0.0736527446944014 0.0989243231734197 -0.0095291645968611
-0.0610690210489265 -0.111677743573697 0.111301957162058 -0.02516979807389
-0.0212146085956044 -0.135471774902407 0.130753141583103 -0.0238225720601706
0.0490018215570289 -0.129407228604687 0.13644127959937 -0.0120445449305847
0.123608627708235 -0.0979299378343335 0.119893872691849 0.00961229069898901
0.162342444418953 -0.0664902349478751 0.117284904796205 -0.00953332798483452
0.171425479816208 -0.0103266906523969 0.0495599037971392 0.0375502192560367
0.16820401358701 -0.0280905397133136 -0.0422292216859138 -0.0404914941828074
0.119882921352157 -0.0808647511507197 -0.125376162625948 -0.00551054676875014
0.0695162921868151 -0.126849002161071 -0.13333956610896 0.0572333283298542
0.00771217310382019 -0.134883910671624 -0.0793408889139915 0.108394422216946
-0.0494499530055905 -0.120091838217835 -0.03236151893308 0.109183631769587
-0.0859752662588591 -0.0869445395549609 0.00261713051041193 0.0835639614948342
-0.0920241314791124 -0.0801528136655108 0.0311486098161256 0.0480061319658426
-0.0986201842533382 -0.0667466051306048 0.0444232162601259 -0.00147157675233875
-0.108281691821206 -0.0988396484437405 0.0631362213601098 -0.0352622899938442
-0.0676593449722649 -0.142653647197623 0.0885285939690702 -0.0550107941968996
-0.020298985011212 -0.171958036005013 0.124316001967395 -0.0431992467443718
0.0703338462465115 -0.160574822871132 0.131527047128822 -0.0141615970840288
0.160380174972572 -0.109477047671221 0.0920721199334038 0.024542534217485
0.198435173793983 -0.0669714014221638 0.0492930600622523 0.00373078237804902
0.18528818109234 -0.00480276317022732 -0.0267307894809578 0.0304769191807912
0.195709275970534 -0.0337880986791782 -0.0938343238286067 -0.0405820504244561
0.144725692048898 -0.103998225342287 -0.141777433892781 -0.00906165741671562
0.0728733365198977 -0.158464594409545 -0.128617070491873 0.0422752175841507
0.000479554814911684 -0.157584363646023 -0.0799878218411875 0.0702833297563101
-0.0582287246573083 -0.134590411993756 -0.0535589325768133 0.0643703853498996
-0.092345571489223 -0.0977149432394685 -0.034169284265453 0.0454250620432917
-0.0922676133015242 -0.090134264563619 -0.0084593734361396 0.0184623694468963
-0.095140365355789 -0.0796882943550398 0.00308976118853166 -0.0295212548364538
-0.0992987423016592 -0.11481255714135 0.0265007631012154 -0.0630052018633583
-0.0542156618408835 -0.155815198965653 0.0648054860856163 -0.0839076407979161
-0.00368207882840053 -0.181803149756252 0.114811632084941 -0.0585072530726463
0.0917767898918837 -0.16040608368287 0.12131128257478 -0.0125841464255349
0.179338595490164 -0.0948596475741588 0.0604567415404152 0.0382530582786004
0.207253371466682 -0.0495831616452356 -0.0201087909294625 0.013044884249104
0.167707475203556 -0.000626276351543964 -0.104660357161028 0.0275981253983968
0.186229595515086 -0.0326326385978865 -0.142896062490598 -0.0277822746688401
0.138775668924601 -0.106540423722116 -0.150803567578839 -0.00722045672200464
0.0617835142609439 -0.157432434389334 -0.119965008800418 0.0246886088924614
-0.00692718512979464 -0.150202116979566 -0.0855853023523794 0.0275675424060693
-0.0581135789170377 -0.124673817941304 -0.0793874314788346 0.0202855385233531
-0.0847456406145078 -0.0925345662744041 -0.0711882710535049 0.00801843461632636
-0.0791139975851974 -0.0871008819377311 -0.0459105605465793 -0.013995349502789
-0.0775293481744502 -0.0833120535889663 -0.0324553121767522 -0.0611731290335549
-0.0728507195487847 -0.116957804502802 -0.00284178626179656 -0.0942751118755616
-0.0267370643437384 -0.148114889193529 0.0485610961478891 -0.11105798506858
0.0252521214087388 -0.163221958710366 0.106997551720251 -0.0690910741025054
0.10846324951247 -0.129075815326319 0.106885569925025 -0.00884073670966724
0.177194518786793 -0.05942836278305 0.0279145768042744 0.0434866897362222
0.18650656728975 -0.020815063542733 -0.0825941408892235 0.0113780327896371
0.120264356619094 0.00648325731333722 -0.170159539683705 0.0298481692953462
0.141484372486183 -0.0210750033350639 -0.176221927328691 -0.00594628178177557
0.106290052610806 -0.0822890460917432 -0.150688243304296 -0.00285448499814244
0.0418238875708532 -0.119585137111357 -0.111877605442017 0.00906085322294837
-0.00827746163203076 -0.111401668311351 -0.0950928793857721 -0.00676033068410853
-0.0441243456004285 -0.0925402827135488 -0.104809022866429 -0.0136598386521961
-0.0620516569476555 -0.0722513031586857 -0.102430022167556 -0.0214520357575548
-0.0538381136048924 -0.071022179874101 -0.0759565600519077 -0.0435907365047532
-0.0501077062232694 -0.0730528791811692 -0.0578831580569669 -0.0921116658134999
-0.0391102837567941 -0.0994166986804982 -0.0172664042327677 -0.125248921601535
0.000873631955815354 -0.117099094580443 0.0452218234200456 -0.134604498110687
0.0470547742341375 -0.120077419298464 0.104566773450568 -0.0766948842037391
0.108074654019422 -0.080419126629429 0.092751614319334 -0.0075236900565771
0.14868841429718 -0.0166059563452717 0.000693283107656937 0.0353574647836828
0.13961919120704 0.00939574671687247 -0.128959717345267 -0.00301098983199494
0.0523595306152052 0.0199482097789913 -0.210052283265325 0.03394258270938
0.075422694358818 0.00330730665133254 -0.188342047540157 0.0151368361621273
0.0597382291940773 -0.0359370130852722 -0.145670649951092 0.00044533412694742
0.0216166542806541 -0.056985291299197 -0.109240503278384 0.000630280520212526
-6.79669023994976E-05 -0.0529418962834594 -0.105771324516192 -0.0236163386563954
-0.016448116492866 -0.0472723692936556 -0.121431363986547 -0.0293005956008242
-0.0261718435390735 -0.0424502813088893 -0.120536218331585 -0.0384887081779066
-0.020477406379163 -0.0433948785977725 -0.09294049656943 -0.0661850199290136
-0.0179241666104401 -0.0475697205829036 -0.0694635290883163 -0.118128953486939
-0.00918444720498496 -0.0623974668963084 -0.0181596455259894 -0.151091750724921
0.014341274462923 -0.0688149931133705 0.0525474059337683 -0.152377805027306
0.0463475025561574 -0.0669454642151972 0.108112811942184 -0.0812159579015596
0.082883369922812 -0.0326024789673347 0.08371082656441 -0.0100389532128807
0.0960560547921266 0.0148423818798425 -0.0130229009055457 0.0183848865297519
0.0724799432130519 0.0293321518542134 -0.152142378997029 -0.0241234140396409
0.00155261834899622 -0.0309129157179846 0.165434490499828 0.0191360628884198
-0.0307878310139612 -0.0199667728465176 0.0375773522183895 -0.0343950341859437
-0.0366818782248783 0.0109223387296452 -0.0875292413557405 0.0035381762040467
-0.0122800131922674 0.0231028390886455 -0.129683351289345 0.0792203826562979
-0.00487875572764936 0.0167819460669479 -0.0689073532860194 0.163353536196003
-0.00656786159989795 0.0128516740892791 0.0181600763780359 0.176797850436436
-0.0101529875085041 0.0144863139202681 0.0796056499111403 0.138989297949598
-0.0163580759887002 0.00918891292401487 0.116299342519944 0.0830753388767674
-0.0204649286040928 0.0138594771644857 0.130529833654238 0.0393282015876717
-0.0284653180400006 0.00685881445051919 0.138397942253365 0.020832221207497
-0.0215007160933592 -0.00665259995441033 0.1273719685429 0.0164971605873519
-0.0185998638967782 -0.00599674391248527 0.127344728868552 0.00101610036847494
-0.0181140212034439 -0.0153324357888826 0.139986437594526 -0.0064371135193194
-0.00181432269307828 -0.0359334018207344 0.167414707960961 -0.00274564759966316
0.0205589534089151 -0.0344443780438283 0.213465990733811 -0.0351798619466662
0.0714097579725652 -0.0295252991707573 0.153310786262635 0.0339043308255625
0.0417218157248248 -0.0270200949769879 0.0273461254310115 -0.0278406747195078
0.0149681832496997 -0.0210722068936507 -0.0926425986353779 0.00707528363362805
0.0166141661254492 -0.0273809380928195 -0.131529436727945 0.0767733298334896
0.000407812841828562 -0.0377177654310315 -0.0748983673471642 0.156536150100859
-0.0244123435267462 -0.0372950409764894 0.0049389799890329 0.170202737137883
-0.0438125425618917 -0.0238261647515822 0.0645847063948404 0.135328636481232
-0.0533414470689087 -0.025014260366741 0.102244716861862 0.0816338803587711
-0.0593447712043754 -0.0162647124432625 0.115930279017336 0.031600968027774
-0.0694110583706664 -0.0362577712416899 0.12787972921151 0.00652455004315836
-0.045427404188766 -0.0662409553869013 0.126721265480126 -0.00162642115327085
-0.0194993331540561 -0.0784307964480279 0.132096438798816 -0.0101012214310753
0.0194687096626506 -0.0789294582020836 0.138571634074875 -0.0113963354334154
0.0674194645936117 -0.0739855940850023 0.146683327200496 -0.00391146807768449
0.100847864174427 -0.0578666171962497 0.176721038213011 -0.029843225452772
0.132069201732513 -0.023704901863899 0.114239433222563 0.0376016095520077
0.113330226884813 -0.0304794580295426 -0.000363059423750672 -0.0327336509508892
0.0709467201587427 -0.0526492886770312 -0.107603448357226 0.00475082527868703
0.0449098564393518 -0.0807279618420411 -0.133582344470859 0.0726649200824712
0.00393340966188213 -0.0923338923650893 -0.0758968703065256 0.140761647492537
-0.0408254168692625 -0.0846641693580816 -0.00987243665407462 0.148177534934105
-0.0718145065937053 -0.059263126319353 0.0391453724930209 0.115964354660994
-0.082127280559193 -0.0549880473568854 0.0730485593629657 0.0691908563720793
-0.0893932821751405 -0.0428049141136113 0.0853301011207616 0.0166225624479952
-0.101987593807204 -0.070029856658177 0.101054030766008 -0.0147288498141267
-0.0680372647819302 -0.112302563069343 0.112814394702573 -0.0305873752231341
-0.0287751480993065 -0.136943439654596 0.132225222710618 -0.0293125631900775
0.0443317961787774 -0.134296956058015 0.136643651307703 -0.0174129717892839
0.121877954221424 -0.106362621053989 0.122214428256757 0.00517290402219719
0.162799836955138 -0.0748395373855407 0.119541915210495 -0.0160814799770028
0.172928757626277 -0.0178296969964697 0.0511752248267412 0.0347529930199041
0.170253967258486 -0.0366229994201584 -0.0430213358800719 -0.0400842825062075
0.117919792999805 -0.0861606579949604 -0.127583388991957 -0.00136838534868829
0.0640504581083119 -0.13236099004027 -0.133691151277161 0.063151696631025
0.00101686738582395 -0.137842658762024 -0.0750523247488449 0.112905097049072
-0.0564505073264568 -0.118945510011915 -0.027645504425048 0.11262082146433
-0.0915153275587584 -0.0840886910904322 0.00594663767047399 0.0849433360239537
-0.0988239540813559 -0.0767768640676259 0.0349098902448707 0.0467692247533135
-0.103787562456703 -0.0630772494653733 0.0443018764543703 -0.0048725157057793
-0.115425138886631 -0.094843008093798 0.0634536888981515 -0.0396400065599932
-0.0766929235176134 -0.142739298982363 0.0885010085373692 -0.0609602980367439
-0.029613271700189 -0.174186122948267 0.125426528610099 -0.0498289213844234
0.0645883936567915 -0.167088194754669 0.131533285805741 -0.0195023348750442
0.15882170102836 -0.11955888913938 0.0937439104388632 0.0209287106780295
0.199382613776196 -0.0764164187958801 0.0516657959286328 0.00163688032639706
0.187116428377279 -0.0126268878492943 -0.0260003645184593 0.0308029894379388
0.197671717780711 -0.043723454817996 -0.0953676631125484 -0.0383213494108931
0.142177304525237 -0.110821669791722 -0.144251150692543 -0.00420928086955422
0.0664149669620884 -0.1649520458919 -0.129258141873345 0.0473993085264687
-0.00787429213490054 -0.161002369715144 -0.0778749610507577 0.0737236249447141
-0.066475806602953 -0.133524221413805 -0.0517674706429383 0.0679294622163831
-0.0991050157406378 -0.0945232387859858 -0.0333527868743252 0.0482008536450157
-0.0995244847481479 -0.0871407014378597 -0.00768858899254658 0.0186018265072204
-0.10097705233168 -0.0776437946808706 0.00132860603865451 -0.0310042423089632
-0.106474191139809 -0.111270744257878 0.0247765086864393 -0.0662578345126412
-0.0640518690155368 -0.157202699295949 0.062176241629627 -0.0893357367638893
-0.0129621964594858 -0.185234838020658 0.115377312211157 -0.064916284767595
0.0861983511820454 -0.167396252814274 0.120592065105009 -0.0176152271515304
0.178498516074518 -0.105710054700693 0.0624269883185566 0.0369190804395817
0.20826026288325 -0.059495698434813 -0.0191996096266482 0.0147921495502014
0.16908471497591 -0.00769386852496739 -0.105492328835091 0.0315346853052794
0.188307490916457 -0.0425640196192231 -0.145050928253604 -0.0225508063561315
0.136166175631143 -0.113647129689775 -0.153293478299989 -0.00180301993666004
0.0553394646561278 -0.16292118531123 -0.120642145496558 0.0293490084343011
-0.0147003558935962 -0.152813682165623 -0.0853060164809023 0.0305161065810073
-0.0656409844900949 -0.123112986856941 -0.0807528994932508 0.0244027428444258
-0.0911509401477356 -0.0890814893343178 -0.0723861990243894 0.01330103509679
-0.0859776894869639 -0.0844327567219664 -0.0472713960106877 -0.011721093051671
-0.0833403183720022 -0.0810551637642803 -0.0371117422422138 -0.0604588106096439
-0.0799034895358973 -0.114782233187307 -0.0067034168987673 -0.0962271459002451
-0.0352943264074151 -0.150037049380839 0.0440227278744089 -0.115680511966433
0.0164421509700402 -0.166979566746669 0.106821369359492 -0.075224911236236
0.10454173602088 -0.13642980898493 0.10705003715503 -0.013757290155118
0.178030486726765 -0.0689864879181006 0.0299802567893867 0.0430614268597276
0.188336576146186 -0.0290968736149247 -0.082375554261813 0.016575089013894
0.121381048172572 0.000987697190670565 -0.172383050118469 0.0376646827246783
0.142902524628607 -0.0286739515071147 -0.1781986909486 0.00143737034074017
0.103769737174372 -0.0881219844093522 -0.153126492640733 0.00270508963851216
0.0365159156690777 -0.123736543843492 -0.113710783111578 0.0132230093875732
-0.0143351268254074 -0.113184077959433 -0.0965771308462011 -0.00383453860496122
-0.0497275551986569 -0.0908594686327369 -0.107473091980962 -0.00803736563460816
-0.0667908842614455 -0.0693667598307393 -0.105089236219194 -0.0151584439772443
-0.059278041184665 -0.0688332061133912 -0.0791707407936286 -0.0404444414015357
-0.0544552346635738 -0.0720402166545588 -0.0637132368136407 -0.0907386283937511
-0.0450644065970172 -0.0983868677333656 -0.0234019213171463 -0.126963084437056
-0.00602228966898263 -0.119236114875464 0.0396703720376529 -0.139650435518309
0.0415921533295859 -0.124298140234444 0.103939999967352 -0.0828855562225082
0.106238514394478 -0.0865991213427873 0.0934935695866114 -0.0118575910609838
0.151022982009363 -0.0239132523392003 0.00176069549700851 0.0360542530339837
0.141594525656316 0.00350662337781006 -0.130242370490684 0.00470848485961935
0.0526363905051042 0.0176435570266353 -0.211890574789466 0.0437409579576615
0.0763452858082721 -0.000407096578410249 -0.189919934046916 0.0236200942865514
0.0582968062443655 -0.0388944560010906 -0.147891562406693 0.00592103206551512
0.0193018932659364 -0.0583477801081181 -0.110643685396887 0.00435240083165942
-0.00310596423879222 -0.0536771270322398 -0.108983399211065 -0.0196504370999135
-0.0186087793521582 -0.0465885811978844 -0.12577874938194 -0.0234389856572444
-0.0288156337338142 -0.0413297639629931 -0.124906421595482 -0.0314227885627757
-0.0238580042324724 -0.043111722555237 -0.0978776415227178 -0.0619300192392857
-0.0208684286036574 -0.0480285817127041 -0.0769335639273835 -0.115914140241646
-0.0126406855242464 -0.0628606355154993 -0.0260299598746336 -0.153092212017398
0.0107199188139581 -0.0702591566095016 0.0467121457492377 -0.15700181302683
0.0435712931578512 -0.0700931771341501 0.107206295682217 -0.0879830565745009
0.0824063095410337 -0.0369575354930009 0.0849860093111059 -0.0141389880805763
0.0981338374241058 0.0107941354797416 -0.0128415008596305 0.0196833213796465
0.0736704152627652 0.0266891752809643 -0.154604199930112 -0.0158228607790768
0.0145351247883857 -0.0286513666292799 0.139903401746347 0.090240142824189
-0.0191432982654695 -0.0312319635929785 0.0505488736112668 -0.0136164192768311
-0.0365633116118956 -0.00511969520781797 -0.078335743103666 -0.0346815996831157
-0.0190233830716835 0.0153722997991638 -0.151148402324676 0.0155052319936633
-0.0089891530125552 0.0127860018128454 -0.133042907482985 0.115583203793047
-0.00988671448284193 0.00885923669181357 -0.060919878718689 0.165206601293274
-0.0140800105627478 0.00985807415869951 0.0112903950873951 0.157659589241433
-0.0182487410597964 0.00138512539220327 0.068097628353509 0.122669997704762
-0.0237276775129468 0.00309845729785859 0.100210397968669 0.0902718053413465
-0.0270432096472685 -0.00612818746685634 0.114793689891464 0.0772016132192328
-0.0157672027930825 -0.0161784307691095 0.106762986401663 0.0699287112347578
-0.0113520718192374 -0.013800606735452 0.11113249401752 0.0573949872483094
-0.00735808694359475 -0.0216250957325779 0.126640137701432 0.0571000060008661
0.0162628196466585 -0.0338632690189323 0.1531119442031 0.0756649491708614
0.0341498231393478 -0.0224380201685651 0.208417153855118 0.0693587230308649
0.0762864010614963 0.00351915826450174 0.12238512014594 0.0951772071202623
0.0497799862679282 -0.00626513885789447 0.036393413629637 -0.0133885821174918
0.0234210367767505 -0.0113431660990446 -0.0863697182255778 -0.0341349819045594
0.0279751316719839 -0.0176249091339128 -0.152384531635646 0.0117145663118589
0.0196712200270853 -0.0344401703068269 -0.137406844268969 0.106730527848493
-0.00458183256985613 -0.0443344835213714 -0.0720623893581226 0.154656648935812
-0.0280727471616537 -0.0392959088104285 -0.00160128400992738 0.14881646512751
-0.0371302146988208 -0.0467599961151367 0.0561984558517679 0.115398822766291
-0.0458421674731896 -0.0406480929870221 0.0906757629432767 0.0765341016852954
-0.046820475015517 -0.061954560331708 0.112131266566004 0.0584614291787793
-0.0119947199356818 -0.0808091395957049 0.115581785889544 0.0517215244604579
0.0179756533063542 -0.0796641367091077 0.122989590349996 0.0471798651278324
0.0542348124080235 -0.0623641187698289 0.128992406064602 0.0522834888078544
0.0951897282990647 -0.037180175790549 0.134385850013383 0.0663534314155442
0.116103004187679 -0.00868240390589081 0.172353807744421 0.0576795258538441
0.128304866018186 0.0355955628139354 0.0856832090247696 0.07942869073574
0.116360016181089 0.0213116998028582 0.0116427371862502 -0.0315069369146474
0.0877908177911968 -0.0144539430455663 -0.100646096882507 -0.0448455256438279
0.0764717478349418 -0.0516126148385512 -0.154595288138392 0.00508326244259733
0.0462469259609299 -0.0808058505010181 -0.133253297834862 0.0918019500041095
0.000628743220481154 -0.0932584274454199 -0.0761070684903635 0.129490206805392
-0.0388905307330236 -0.0831394910522948 -0.0160987713759987 0.12061950028479
-0.050954467494835 -0.0868238998949525 0.0352118104776978 0.0918043370124955
-0.0614775252852016 -0.0767246498106701 0.0694040965802695 0.0492781212277455
-0.0620470668862649 -0.106697713786013 0.0970785813358644 0.0278628206313007
-0.0138434677059755 -0.131576706039484 0.116357545177105 0.0180266008878075
0.0348363436415161 -0.135620627879926 0.133299339064223 0.0279734413496682
0.100886328513316 -0.100689601587636 0.131844074467877 0.0465320191089381
0.157653266471376 -0.042566654959304 0.107969919556031 0.0644342144857082
0.178213369967523 0.002499480105796 0.113827814631489 0.0453145768554871
0.162045385802397 0.060013761008031 0.0306851231948585 0.0483516463297689
0.170774270827418 0.0414693777521644 -0.0245095540147515 -0.0575885097978096
0.144901806020734 -0.0237933524125213 -0.116733992128822 -0.0589799364181613
0.115315300966745 -0.0892925246132095 -0.151615406500836 -0.00397010434819234
0.0632650476849472 -0.122929107670011 -0.122160941511129 0.066137350659598
0.00130821885351816 -0.13030061357551 -0.0765653282148102 0.0897654892882706
-0.0469700230481834 -0.114345224033996 -0.0334163239393275 0.0789894379831953
-0.0565102170074152 -0.112531215301654 0.00998572593037125 0.056172905987818
-0.0657494578977264 -0.101749715088668 0.042155285276989 0.0131399930076515
-0.0645765840348448 -0.134811990596034 0.0749647917976456 -0.0107505988366953
-0.00887472062143682 -0.163353324643742 0.107857781674916 -0.0200484706234413
0.0487569589062172 -0.169094157377528 0.136995417884088 0.00681530955548948
0.132809863987845 -0.121540255665174 0.129124956653458 0.0422024058183824
0.195886479206852 -0.0378671167564147 0.0755299246885338 0.0670482532107821
0.211255265050395 0.0168734727345059 0.0449760790143742 0.0292966305385032
0.173401287970379 0.071328962886154 -0.0373633815575233 0.0104013657428474
0.198379860316136 0.0474191609277992 -0.07363760319058 -0.0789528677590015
0.178398267259269 -0.0348666251197822 -0.131898717325809 -0.0694008818911447
0.131025684238855 -0.116891109896558 -0.141862512263802 -0.017322504787765
0.0648985709823135 -0.146909432985829 -0.108644481218574 0.0293706876967454
-0.00192482859947963 -0.147599715220824 -0.0794705474962823 0.0399778962313647
-0.0497646838285148 -0.126993313883416 -0.0531012424333176 0.0298668830626409
-0.0533754317119312 -0.122415230290111 -0.0159280346159268 0.0136779736342123
-0.058411541785087 -0.113296806274854 0.014837532598003 -0.0278977051939442
-0.0499521631873 -0.145539251933611 0.0516396585223381 -0.0511679506432358
0.00840721809828257 -0.171183648917909 0.0979751801644635 -0.0566764584104208
0.0677592115627432 -0.171163641379422 0.135390411960763 -0.0112751794338458
0.151956363111486 -0.11176730903209 0.119017830677467 0.038983538960547
0.207268475838859 -0.0170244198405282 0.039770864910633 0.0670086543858875
0.212011932512069 0.0367453603909851 -0.0247746776762967 0.00786237043894782
0.155759616492791 0.0682372703206919 -0.109278902272724 -0.0240827943999611
0.19015030569023 0.0444328217233972 -0.124705219112432 -0.0861952033541742
0.173398290296852 -0.0399723743301303 -0.140133422936591 -0.0712373555015518
0.120010317308856 -0.12025176165198 -0.126589053330029 -0.0292849270546054
0.053804119488627 -0.141875555548913 -0.0962931485225953 -0.0112432803699478
-0.00627080367994398 -0.137812285654847 -0.085401429529149 -0.0116179826457672
-0.0446690154971105 -0.118644336546 -0.0721887347074985 -0.0189996085598153
-0.0421195405144935 -0.114480461996012 -0.0379759535189723 -0.0310378449347637
-0.0408949746744949 -0.109299407405294 -0.00733766628436491 -0.0702846807418691
-0.0251584597438651 -0.137202556964593 0.0363104727182971 -0.0905769044214501
0.0310626463346632 -0.151973383837294 0.0929700920155649 -0.0876268258944561
0.085970647354561 -0.142950405837065 0.133777815973065 -0.0230983414076612
0.154615230203718 -0.0766747209130841 0.104881634885675 0.0372377876128887
0.18978838964331 0.0151576872077587 0.00644242322910861 0.0571325581769232
0.180406671015999 0.0550111815673924 -0.0824066052652583 -0.0201320442582811
0.109070850292417 0.0563478963696762 -0.171472856987455 -0.0462017804577561
0.142993433665907 0.0370104706012317 -0.163224361189826 -0.0791634483120767
0.132888742160262 -0.0318602950087412 -0.14118727357474 -0.0667353730566588
0.0860378673281052 -0.0933166191461101 -0.11083933402181 -0.039562282592602
0.0362511743093987 -0.105580742096411 -0.0886523591934482 -0.0470461692421923
-0.00571548159610234 -0.102057526352865 -0.0951082951691496 -0.0534791361903586
-0.0319172857089967 -0.091336215621404 -0.0894066519916281 -0.0569015186604431
-0.0241516408703606 -0.0887597630752131 -0.0543335633353558 -0.0689149636833762
-0.0196337969242689 -0.0883786880483007 -0.0185638140410863 -0.108193594211321
-0.000139456051065492 -0.107990131929342 0.0342977027503234 -0.124019291718692
0.0441409198626726 -0.111224306422228 0.0988408614082298 -0.109322563581727
0.0890398510614897 -0.0940920077223031 0.13386041220931 -0.0295353632729422
0.133885612909214 -0.0310184773649708 0.0909149815088575 0.0328093947601597
0.145863367210519 0.0432627968620602 -0.0170434995989133 0.0379046518183774
0.124539185906005 0.0636352330406567 -0.120517230073673 -0.0537870581355774
0.0407781472045216 0.0412172147660663 -0.210704516916514 -0.0554844355044492
0.0714426304339135 0.0338587333139502 -0.18192589210921 -0.0637301784368956
0.0717210838966767 -0.00761298526742825 -0.134830013467954 -0.061303755045907
0.0424611783621596 -0.0418543321585844 -0.102116945957768 -0.0458611858441312
0.0203253980560515 -0.0474629250090024 -0.090717226215634 -0.0670322789055492
0.00310807728745984 -0.0483343663357437 -0.103619745466918 -0.0750909620162942
-0.00933708435049478 -0.0492880349392722 -0.0988591251927681 -0.0806417275130323
-0.00362734566889521 -0.0496156824359687 -0.0607318282246865 -0.0961289190059737
0.000121686725978279 -0.0523984973814154 -0.0195038674758127 -0.135905782513895
0.0134596947397414 -0.062415237456512 0.0422674663242719 -0.146902424688844
0.0391267656324661 -0.0594554939804433 0.111013820673492 -0.120445703432245
0.068649193302547 -0.0453453963801186 0.137520545772142 -0.03160192016948
0.0904985314752724 0.00311225205638947 0.0833868781721218 0.0269232240017315
0.0829872242557599 0.0521550629883341 -0.0226795847324888 0.0141564015843116
0.0533238677447246 0.0553540118184296 -0.132290216430313 -0.0835737362639369
0.0139191531601477 -0.0281105502445504 0.140091479497195 0.0800412987461948
-0.0194521614204263 -0.0300986108241807 0.0494167242504212 -0.0164912730846409
-0.0352421940555536 -0.00314900610336511 -0.0776952598288206 -0.0295487847809448
-0.0178841668350006 0.0153125603707266 -0.146894945855091 0.0231498327216228
-0.00773229077192553 0.0126823998736874 -0.124371946532946 0.118519154508687
-0.00859436526304417 0.00814926338499491 -0.0505054389388644 0.163702646594113
-0.0127089516442175 0.0094960582748296 0.019901200029491 0.152492239140875
-0.017777673061996 0.00211883721217238 0.0726651576746244 0.115355099321538
-0.0219217458605596 0.00430705820838172 0.102964604860751 0.0814320563064252
-0.0268847477717509 -0.00486946261936905 0.116698951743929 0.0687879987899687
-0.0157961233983499 -0.0150829782852199 0.107771506149857 0.0635015051418545
-0.0111473963819622 -0.012805477621317 0.11084672144976 0.0507446273492537
-0.00767268584763268 -0.02088448077956 0.123885768599469 0.0509950524071545
0.0142485329309273 -0.0337657733916056 0.151806838315919 0.0673855577714381
0.0326339462293009 -0.0235046517809029 0.206633583236347 0.0565602060188953
0.0750211079690092 -0.000224787620422549 0.123326319304252 0.0858135610362894
0.0486280519294213 -0.00956241565437035 0.0361441359523557 -0.0158661533208088
0.0221955383842661 -0.0116121790656284 -0.0850043935224551 -0.0292127602842992
0.0263064590769961 -0.0185227051053704 -0.148549899860018 0.0183800760296958
0.016853655488488 -0.0344541389395951 -0.128394583001511 0.109426619932506
-0.00669682805437484 -0.0428511493457013 -0.0611419692519678 0.153205312496952
-0.029745726785947 -0.0372494392551242 0.00660680188002255 0.143708603639268
-0.0389189409883466 -0.0431952105301879 0.0604236813393243 0.108797472925207
-0.0468552884800254 -0.0374682342543575 0.0925204128467016 0.0688551972172694
-0.0490812364791133 -0.0577844306550558 0.113540538298745 0.0515961440542219
-0.0161578516959322 -0.0788358742467074 0.115545114431786 0.0449191504272013
0.0139154776359013 -0.0780229394089386 0.122226198338427 0.0408982592732255
0.0503568996432575 -0.0634121600014243 0.126185238447262 0.0461965996551716
0.0911913622524512 -0.04114542760841 0.133478554981306 0.0588362208591778
0.112470942759814 -0.0141236573070292 0.171078427821516 0.0476141599739748
0.125604544218719 0.0292708145071068 0.0868056889101285 0.0724128809473907
0.114425487416846 0.0145836177078456 0.0116676867861808 -0.0323455105402142
0.0843562186963304 -0.0176074720015299 -0.0993168122349284 -0.0387401030041519
0.0708631786839729 -0.0550818868258421 -0.15009044570925 0.012092079353289
0.0402334544471975 -0.0812014118589663 -0.125283642888352 0.0946586063151036
-0.00459508107621172 -0.0906007616298904 -0.0667703712213535 0.128550774709963
-0.0425854282095342 -0.0787031610057108 -0.00954074878722684 0.117766972345293
-0.0548320423229947 -0.0815373100655426 0.0389589727758894 0.0869728518379101
-0.0642092250598395 -0.0722424828262548 0.0698176884654814 0.0436510646275604
-0.0664445858361105 -0.0995642219770547 0.0978875545226246 0.02097812535976
-0.0203939791539511 -0.129126457183566 0.115534879943937 0.0121377300949771
0.0269471627055265 -0.13383322089638 0.131460021034669 0.0218147685833566
0.0935427213593047 -0.103503982291198 0.128048512050146 0.0400704646029654
0.151317788835999 -0.0493097066228913 0.107555202964564 0.0577554027516253
0.173695105039832 -0.00593765379938081 0.1135709411192 0.038124830609482
0.15963108511805 0.0507597876029733 0.0319686731592663 0.044126670847698
0.168459288001137 0.0310080107770157 -0.0256103500609571 -0.0555221829514359
0.139730306412331 -0.0290515334242008 -0.115820139314642 -0.0522765639138877
0.10704493587047 -0.0928480489884034 -0.148574958227346 0.00260137875216274
0.0541246452638239 -0.12352715607636 -0.115562626628081 0.0691359237241001
-0.00610977848059093 -0.126932146884484 -0.0701423584737849 0.0903232516391009
-0.0516559875556225 -0.108451683604216 -0.0285540417927103 0.0788584008185094
-0.0620182752183388 -0.106491657418719 0.0127639154222797 0.053483314939001
-0.0695702616609015 -0.0960889327053375 0.0409668407979385 0.0099443907875934
-0.0703874332898802 -0.127052596119444 0.0734041662862894 -0.0152230871760801
-0.0177033316441948 -0.160118973580828 0.105486481923632 -0.025224291579866
0.038825491505187 -0.166660977913733 0.135098811527968 0.00109434888420448
0.123613561762321 -0.12497836273885 0.125792055443502 0.0353696549999393
0.189467103874378 -0.0469051836330435 0.0759899580151958 0.0615421052738089
0.206801563633364 0.00656330011360492 0.0456211612030415 0.0268080560244941
0.170651152606768 0.0609721909866191 -0.0364538822057147 0.0106549888230459
0.196554552641588 0.0362650475545218 -0.0736305804490043 -0.0750283333249311
0.170922274891267 -0.0415334991912915 -0.130057593114475 -0.0619525926844731
0.121329338175551 -0.120695443504345 -0.138885778569914 -0.010817534752371
0.0550812364867851 -0.146468739376445 -0.103741762706491 0.0327863558822417
-0.0104417967799665 -0.142973700640951 -0.0747505272375831 0.0421008920970122
-0.0552554930025945 -0.120482478876115 -0.0498947802635263 0.0323242844624257
-0.0596060276029185 -0.116513635436893 -0.0143669645920978 0.0134091954675541
-0.0630355868656157 -0.107156616275345 0.0121049971528158 -0.0286942585323326
-0.0567953038573925 -0.138538261756897 0.048345697473161 -0.052924700742633
-0.00182417219327356 -0.167502680524347 0.0932618265398665 -0.0606301140312158
0.0560467146073854 -0.170352417722419 0.132791850051613 -0.0171257691063038
0.14276562831114 -0.116806176844719 0.116092859661892 0.0328240759827643
0.201774537029139 -0.0274126855013161 0.041348747075408 0.0629115247951063
0.207263920446673 0.0252913056576427 -0.0226702072888445 0.0100395582589119
0.153417308575749 0.0590003077028374 -0.107880901191232 -0.0180713574362867
0.186628207895397 0.0333608826774104 -0.123279902866303 -0.0793997140444157
0.16670036980866 -0.0464936015287179 -0.139176730516126 -0.063010044602726
0.110099546123191 -0.12294399888562 -0.124106804055291 -0.0237274489095463
0.0445325135216924 -0.141485179978896 -0.093251918077273 -0.00804572914036304
-0.0136930182955157 -0.133015583955304 -0.0836298529611335 -0.00789762593850668
-0.0506293167610854 -0.112113877945764 -0.0719902843228867 -0.0131842633677842
-0.0481356321274883 -0.108563298779375 -0.0381675956421788 -0.0278365129627307
-0.0460636863433643 -0.104292009001139 -0.0107082058401655 -0.0681098684926954
-0.0322532257745323 -0.131974565366262 0.0308968373786356 -0.090151027295708
0.0205755640267937 -0.149905342163936 0.0869305192048659 -0.0900895536737612
0.0750513010792059 -0.143138934468107 0.129314191041812 -0.0293043078433305
0.14656723056094 -0.0830317373318052 0.102754871017031 0.0310055102191941
0.186333255187766 0.0047196971520398 0.00819328922202557 0.0556336369258133
0.177520065749101 0.0443787568498901 -0.0801381522359485 -0.0139215641292151
0.107858630933213 0.0488337165871439 -0.169325641002546 -0.0365726189513601
0.140960629520936 0.029205782242325 -0.161074156299693 -0.0698398241621578
0.127880332420838 -0.0367822772901996 -0.139721865248522 -0.0584326358644569
0.0788180902401052 -0.0948783784971121 -0.109220845257355 -0.0347056065460147
0.0292966791784938 -0.104930660027747 -0.0884859650399202 -0.042791974777653
-0.011260617194919 -0.09800650979794 -0.0956568844776863 -0.0476945065440155
-0.0360522333185868 -0.0859565683762118 -0.0901057216226843 -0.0500302342317397
-0.0293153618159135 -0.0849639007181092 -0.055181054160013 -0.0641310915346394
-0.0239335544735456 -0.0847152377068252 -0.0237046446245494 -0.104229054590535
-0.00662982294862109 -0.105003472370075 0.0265056072049831 -0.122653183837778
0.0367622091203691 -0.110521627110236 0.0907041976905602 -0.111858445296274
0.0813031064429309 -0.0961544221440569 0.129933545813968 -0.0354827325436558
0.128374181358784 -0.0371883966892067 0.0895070051812931 0.0272227745468273
0.144391108969622 0.0348342052781608 -0.0150493666450241 0.0377316511145988
0.123002941738771 0.0559377621866857 -0.11787639922097 -0.0441856073109878
0.0405441406862745 0.0374607176855593 -0.207411270938274 -0.0443862902152302
0.0698231152861262 0.0292497742314587 -0.177818480971349 -0.0531542655903102
0.0682210091473505 -0.0112440255064696 -0.133618999593071 -0.0541731843580235
0.0397836618390613 -0.0425487864668098 -0.100973791037415 -0.0413077212429823
0.0164736614118286 -0.046862424608894 -0.0914636089392796 -0.0616165538130622
-8.24989992842233E-05 -0.0467324608826312 -0.105527426353144 -0.0684015949398804
-0.0117665194436599 -0.0467797296260201 -0.100883863536667 -0.0721749253495176
-0.00616592936928993 -0.048172600947068 -0.0643190474506502 -0.089615252317423
-0.00259949801708786 -0.050777524779474 -0.0263855047301654 -0.130356333107771
0.00969269310345841 -0.0607404368428036 0.0332232577463173 -0.144886919189818
0.0342558301369783 -0.0597617683081502 0.101937940797463 -0.123698787202178
0.0635080013895114 -0.046955672861149 0.132998939277326 -0.0376987545577053
0.088430116568443 -0.00151732360019123 0.0827990670220105 0.0220850729877347
0.0829341629477055 0.046415910365959 -0.0214778853811063 0.0159310191010064
0.0535147702258739 0.0511051798075616 -0.131363398039381 -0.0727101799079848
0.0131632400409477 -0.027083790329732 0.137264663300172 0.0727760107991514
-0.0193356239509689 -0.0291359124743683 0.0481879596985453 -0.0187559080131247
-0.033990188547788 -0.00201683050087119 -0.0751770654820347 -0.0258334685527943
-0.0166525143707161 0.0151202731523969 -0.141172385525933 0.0267128234695242
-0.00696320225566075 0.0121531753398822 -0.117284330016155 0.117693546265977
-0.00763983867539363 0.00764902468014571 -0.0429960306256357 0.158966110350056
-0.0117428071020117 0.00921774404000503 0.0248470972072043 0.145915861099801
-0.0170561316687082 0.00213809913134591 0.0743339434403932 0.108860675454952
-0.0209348470215359 0.0046576064423645 0.102382763161175 0.0749140600123056
-0.025794493733887 -0.00389129935636345 0.116383177982585 0.0622862961616205
-0.0156093678059166 -0.0146372033041809 0.106955702363552 0.0590758639601887
-0.0108642752603148 -0.0128967167536481 0.10804055635283 0.0462762476682293
-0.00764651728921545 -0.0200684035512091 0.119752026479197 0.0472658840625235
0.0128928895205148 -0.0335497718561765 0.148219523515713 0.0611876412267619
0.0310570353724492 -0.023858014112659 0.201483040429317 0.0478391384351859
0.0723114369376831 -0.00251021016377757 0.121574487303891 0.0787556684336822
0.0472114354329159 -0.0118454648439159 0.0354432766245035 -0.0174919116509418
0.0209724079903825 -0.0114732176553447 -0.0821280160521893 -0.0259626225200365
0.024064052197216 -0.0189072022001701 -0.143111655866249 0.0222618214574901
0.0150380457712585 -0.034475637047092 -0.120840581248378 0.109059195379948
-0.0079345478103686 -0.0418646266406003 -0.0538955841540487 0.149433551784732
-0.0296682177462256 -0.0348732353259572 0.0120732202677152 0.138253537423833
-0.039555925975613 -0.0405080629832603 0.061578063696836 0.102656472714658
-0.04598226920806 -0.0349418714476838 0.0912015530871547 0.0626475921974168
-0.0492962941462062 -0.0542785538456607 0.112300885063592 0.0454622756852746
-0.0187436255316646 -0.0764567275085496 0.114401504922384 0.0403081829370167
0.0112743417967278 -0.0767154777278096 0.119106765170506 0.0366507301180484
0.0469530311349498 -0.0630811269891593 0.120941560825596 0.0425516693572224
0.0870233777484426 -0.0430210509138855 0.12992391805763 0.0536281686853616
0.108556511566737 -0.0169872236963567 0.1668817617695 0.0403935282625442
0.121977393576686 0.0247346231817119 0.0857837774347746 0.066425079452686
0.111464037467387 0.0098689866138614 0.0112597194680094 -0.0326271132093014
0.0809424102370323 -0.0192790435933038 -0.0959620630641807 -0.0348907679926693
0.0663329307424925 -0.0554475089815711 -0.14490972901837 0.0155671303037746
0.0358221743178017 -0.0807826276335448 -0.118235173748497 0.0947058980647864
-0.00717843799455013 -0.0874600275230849 -0.0598268657277949 0.125853537506153
-0.0438196392948361 -0.0745630570352406 -0.00534612708402251 0.114050528693257
-0.0563975738763351 -0.0764604693651097 0.0406266897400345 0.0821899651673748
-0.0648979477223769 -0.0676011469710714 0.0687041683474167 0.0393288653883631
-0.067529586129091 -0.094028204288991 0.0960951152547357 0.0165183478334658
-0.0248945516235729 -0.124967369241242 0.112309383975949 0.00804156821740647
0.021787788128468 -0.130203460311506 0.128117661960361 0.0175791892692413
0.0874233807086762 -0.103397027310683 0.123460879830757 0.0360267428692483
0.145688483056397 -0.0525106243886118 0.105115392065743 0.0526831740060523
0.167598924704383 -0.0107860373394832 0.111455005770406 0.0334871964605407
0.154877113369224 0.0449871633505635 0.0315602132868684 0.0406630594985465
0.164058387070274 0.0243930707323102 -0.0248455573437936 -0.0545679137249773
0.134219713490789 -0.0314318586778466 -0.112433810317304 -0.0472576885148828
0.0997091796692917 -0.0936020078206896 -0.143372667963125 0.00605230055600982
0.0477013805220308 -0.120778099863121 -0.108967756338497 0.0693040121369575
-0.0103369760846719 -0.122149790316404 -0.0646005977720278 0.0890825179303391
-0.0536709599775566 -0.102150231780851 -0.025365820146153 0.0767365700577131
-0.0643183950774143 -0.100753619261162 0.0140194429748675 0.0509522982739827
-0.0710629762388784 -0.090506799360658 0.0394680603983559 0.00791878725303118
-0.0724822565752218 -0.119985961693203 0.0708608884598682 -0.0181841807108752
-0.0232564491270915 -0.154915423548174 0.101661980908676 -0.0282665947295588
0.0317346054957779 -0.162915921816743 0.130836046197931 -0.00388070419170847
0.115956044733621 -0.125546198727901 0.120453165955313 0.0315771831702454
0.182693451780974 -0.051923597476596 0.0751027843613335 0.056936457499352
0.199556045690876 0.000172194062180139 0.0456787761089186 0.0248126946924408
0.165389409520197 0.0546268260045109 -0.0350562611369014 0.0102546218067947
0.190833586356249 0.0287303278092222 -0.0713297884763804 -0.0707066893028504
0.163911428653625 -0.0447063906475479 -0.126582783420973 -0.0565484220067237
0.11297605286758 -0.120876452751731 -0.134634679943936 -0.00693783888844482
0.0476510825369804 -0.143856025613888 -0.0983102515568193 0.0339942582467699
-0.015100033352381 -0.137444563404333 -0.0709824925076986 0.041975126342364
-0.0576917046485024 -0.113543556290985 -0.0476806236947212 0.0338651340399608
-0.0620935521958633 -0.110019612656092 -0.0131818717747508 0.0132920815993711
-0.0647746316844803 -0.101619990458639 0.0100054327810094 -0.0284320289032259
-0.0600626738667102 -0.131661213156484 0.0451888857851181 -0.0537185063606163
-0.00845125195065073 -0.162828596620602 0.0882603773935053 -0.0621265157671938
0.0486424878180735 -0.166045423200121 0.128670979473683 -0.0212506251771394
0.134594792693257 -0.118300511876365 0.111366815916414 0.0287390340870302
0.194909507729518 -0.0335612664741972 0.0411808808622678 0.059789342532275
0.200538337770073 0.018418724814943 -0.0206787788748127 0.0117036533014717
0.148527263223634 0.0524906616280663 -0.104800245150325 -0.0157391565740422
0.181390449978064 0.0267629731932717 -0.119419764243568 -0.0739292142559707
0.159066662064306 -0.0494568555910608 -0.135118340039388 -0.0572551026314904
0.102021292398483 -0.122208114600381 -0.119937684279857 -0.0198739116312087
0.0373423576289612 -0.138145347272757 -0.0896403268496473 -0.00629083640095958
-0.0181937719825768 -0.127021036177987 -0.0816265484164514 -0.00565208974079187
-0.0525935040416906 -0.105674202018698 -0.0699708257402238 -0.00955053006858602
-0.0502286639532267 -0.103270939014531 -0.0371486233085564 -0.0258956976537486
-0.0484183919967429 -0.0990954496238942 -0.013163802652189 -0.0656062768779562
-0.0361896942374519 -0.125877794411637 0.0275522930257748 -0.0887405477490444
0.0136940890955254 -0.146237091197001 0.0814919096335232 -0.0907522657069231
0.0674099533538225 -0.140505296990702 0.12549179691318 -0.0326518299014494
0.138339017026869 -0.0848821719718986 0.0985418421519145 0.0275260485673455
0.181249420140748 -0.00118311362822401 0.00919717427006124 0.0532965391474253
0.171610946135412 0.036870819688187 -0.0769803920170189 -0.00971491357447526
0.104327403788088 0.0441839598781015 -0.164868179142718 -0.0315968806175224
0.136431594262215 0.0233546864828147 -0.155872739133489 -0.0631052170588725
0.121413155623033 -0.0393782693320223 -0.135277865579005 -0.0534015065184511
0.0729546896879507 -0.0935649713156426 -0.105640923111562 -0.0310882733079452
0.0241406195282633 -0.102181554082478 -0.0863029956288569 -0.0400071662004295
-0.0145021745785724 -0.0937311825741703 -0.0941833518280196 -0.0434923184747401
-0.0375831779643052 -0.0803845819121252 -0.0892777768592192 -0.0448597671698381
-0.0318801137299674 -0.080610976938703 -0.0553782666435046 -0.0603038984903824
-0.0265417045814795 -0.0813240803974401 -0.0271056547152898 -0.0999625112061892
-0.0105866213019931 -0.100816883025022 0.0220677241113356 -0.119527397128431
0.0306620177919126 -0.107974399801665 0.0843094608472178 -0.111548197965852
0.0740469150157948 -0.094793146234438 0.125292439529406 -0.0384626156565819
0.122145877421661 -0.0399221660604784 0.0863035546385438 0.0237568961097997
0.140357919392122 0.0281974270855578 -0.0134422001552173 0.0371248295565365
0.119475344550675 0.0496144526989424 -0.114127502271964 -0.0371276950668267
0.0394355777607083 0.0352092502983413 -0.201568678113513 -0.0369492435773925
0.0674899777515032 0.0262148611737103 -0.171034683521898 -0.0467472362390945
0.0651300266726845 -0.012269926582115 -0.130191642898991 -0.0492614149263501
0.0364859829840564 -0.0417484298872778 -0.0981298050728797 -0.0376700675638224
0.0139214900619001 -0.0460562035564622 -0.0901891469532045 -0.0580522081312593
-0.00134310167447627 -0.0440596912765421 -0.105126768628408 -0.0628694029755555
-0.0126640910553484 -0.0435175879590915 -0.0998217564851936 -0.065319772366668
-0.00804772336214647 -0.0462811443013815 -0.0641411272791814 -0.0841812005875589
-0.00470030563529603 -0.0492318969849133 -0.02969630167609 -0.124938829710986
0.00682432760660741 -0.0586527797415024 0.027490697298497 -0.141060314843784
0.030806003616764 -0.0581083019861363 0.0939782711502971 -0.123053135052311
0.0591840475555008 -0.0471481985608767 0.128111949135586 -0.0410627990713389
0.0847146687055804 -0.00422689300506328 0.0800400562259793 0.018371851556757
0.081346218736187 0.0420389870322105 -0.0204821303360184 0.0165639774912825
0.0518950428651433 0.0474470727034207 -0.128425905772522 -0.0642202060357461
0.0128191861754544 -0.0267009094279499 0.134062066747055 0.067788342450058
-0.019242147628295 -0.0285629061438892 0.0480235740474527 -0.0197783972495409
-0.0325086809650423 -0.0019313160719412 -0.0726690191954238 -0.0244972019583073
-0.0162678555292143 0.0148436524572466 -0.137213476167927 0.0282608017174768
-0.00669552479880955 0.0111218364733363 -0.11290593161069 0.11699019872393
-0.00746944924772084 0.00713730550610017 -0.0383453583746945 0.154889922536024
-0.0115746023281361 0.00884338643451477 0.0282565278838053 0.140939234873394
-0.0168573496942344 0.00188376645780321 0.0739981618727987 0.103924888296018
-0.0195226603085427 0.00489168965926728 0.101978115191011 0.0705593192521427
-0.0251816738849663 -0.00300813525072121 0.115753441868618 0.0579266301230147
-0.0158546543497107 -0.0147367482931463 0.106013116344259 0.0562623315906554
-0.0103349163954871 -0.012776948312232 0.104770766497799 0.0443158705632117
-0.00737035853495429 -0.0197889826732116 0.11568211056125 0.0457888092458559
0.0116564742604345 -0.0332553369949582 0.14436610991082 0.0582534737487704
0.0305274118531402 -0.0244319091850457 0.196725793895102 0.042398845393944
0.070739297035417 -0.00337781479994352 0.118756501549218 0.0734994097375473
0.0454469264522518 -0.0126407412114535 0.0354435616543827 -0.0190055868745977
0.0204912158391763 -0.011751249070378 -0.0795694887939273 -0.0243060056260024
0.0223623238324427 -0.0190915279015213 -0.139073709736068 0.0235633167854846
0.0134606514140789 -0.0343080378264092 -0.116220732288067 0.108055650735933
-0.00864708759955323 -0.0407133288524832 -0.0490409801497942 0.145596638972114
-0.0299707755051242 -0.0334504880098274 0.014746160725543 0.133429814296485
-0.0398236894932069 -0.0386773617150761 0.062029245627911 0.0984789747519457
-0.0454447780867732 -0.033636499411347 0.0905443577229034 0.0592624457099688
-0.0498244285309322 -0.0519753826714101 0.110991313833145 0.0411258951101456
-0.0203521563604542 -0.0747310730113395 0.112981141039042 0.0373651415661668
0.00994078162888918 -0.0753628873273953 0.116203513628652 0.0340883503854613
0.0456600308089246 -0.0625901373533141 0.117064946629872 0.0408843893813296
0.084579394503152 -0.0438683232965744 0.126651583132863 0.0504120561499746
0.105924501629245 -0.0185851995816468 0.163308061583232 0.0363049393999899
0.118410633243711 0.0227762518700729 0.0841576069491444 0.0625949556432763
0.108884857349061 0.00701087444846688 0.0124157622668647 -0.0333307550065921
0.0781966744415313 -0.0193101247271976 -0.092643056267612 -0.0323146313509232
0.0626360745085253 -0.0550540115198789 -0.14148247951594 0.0173328377437243
0.0329315209907104 -0.0798994725667374 -0.113223779528233 0.0929428860837307
-0.00897943358777381 -0.0847278102473958 -0.0553615550937132 0.12237781111631
-0.0439885304856694 -0.0711865541284075 -0.00278978549137134 0.110753952344941
-0.0568689489066821 -0.0735660409265653 0.041117355926714 0.0787695217577019
-0.0639265419078187 -0.0650978096314693 0.0676245503412943 0.0366745912174019
-0.0676828975106495 -0.0898283586698235 0.0946282876079661 0.0134506841490458
-0.0276049581758488 -0.12182779858831 0.110281646619149 0.00548102476469296
0.0185947103387299 -0.128197076139144 0.124802170237014 0.0147116622588175
0.0834258209849531 -0.102506883661027 0.119119732196546 0.0350793013672305
0.141638480832851 -0.0543650472508649 0.102310717236805 0.0498849557517618
0.162898923976092 -0.0135347870282829 0.109811208421055 0.031158867707234
0.150870656226968 0.0421916189745584 0.0312860906507605 0.0381652933796575
0.160682362839411 0.0209084419007464 -0.0231991486719398 -0.0540180456524317
0.129719775725872 -0.0320243474216617 -0.109083135564176 -0.0451264149355541
0.0944820720738914 -0.0925436005698696 -0.139320243433308 0.00769841267428874
0.0439046155416781 -0.118977528011262 -0.104436177090594 0.0679867780447087
-0.0124964457123621 -0.118594941182368 -0.0605833443647625 0.0866725996590062
-0.0546127020464402 -0.0981385471834915 -0.0233227006536103 0.075813327955832
-0.0649175386151183 -0.0965700717801194 0.01492391557263 0.0487609324260916
-0.0715281401745033 -0.0872611040069878 0.0384377098355109 0.00638602918584095
-0.0730446546373445 -0.115224346368802 0.0692361043073982 -0.01998194031034
-0.0269305397129557 -0.151010334910182 0.0990952126664532 -0.0298114724139813
0.0276710954027694 -0.159150360152522 0.127637069766906 -0.00614070853904907
0.110867807354966 -0.12464871744875 0.115912733447126 0.0302312211928167
0.177505940176912 -0.0540328024777931 0.0725726502491729 0.0543215254903204
0.193688686350771 -0.00369412403309073 0.0457884294014948 0.0239119540318797
0.160909065225429 0.0514895556479761 -0.0344119705746464 0.00972276703152654
0.186384028511083 0.0245096619312983 -0.0691480160405561 -0.0697887528025975
0.158636287013981 -0.0452179071870496 -0.123266973923358 -0.0534826122643546
0.106916646542218 -0.119530798150566 -0.130993481596203 -0.00533342054470242
0.0432580619080903 -0.141948553462731 -0.0941073174673072 0.0329672890032555
-0.0176983209315162 -0.133024573226061 -0.0682239578626354 0.0410629900394582
-0.0584200540788828 -0.108384552383533 -0.0457274542468517 0.0336419235281301
-0.0632726648691208 -0.105229471377979 -0.0119693677740639 0.0124793650317513
-0.0655086562721525 -0.0976619551136515 0.00899606715820127 -0.0279766430180841
-0.0612399778429667 -0.127008742051941 0.0433194629927988 -0.0539572466034853
-0.0128527266534452 -0.158300059907348 0.0852837366450295 -0.062999730077418
0.0435134888658507 -0.1628790130968 0.125509069201328 -0.0228506919840429
0.128126508073519 -0.118202618602869 0.107468234078082 0.0280693793636948
0.189260207806464 -0.0361349453867878 0.0409366785877179 0.0572382229884585
0.195047457918623 0.0141931833621357 -0.0191094862819006 0.0119926940728236
0.144381041351023 0.0495660839576529 -0.102549609098517 -0.0144992464278433
0.177004025259286 0.0224361907781379 -0.115821536771549 -0.0714974714155462
0.153617563312914 -0.0499763117688621 -0.131052868277689 -0.0543671290293161
0.0963504114119214 -0.120445177010463 -0.116164020803886 -0.0179245829301242
0.0331146984372288 -0.135464427024205 -0.0866510745545437 -0.00652259841217448
-0.019973468565875 -0.122876082624062 -0.0800652059565665 -0.00492228154780366
-0.0534349952388719 -0.101009184505777 -0.0687611930694209 -0.00700345878626121
-0.0519800075169361 -0.0985998029307165 -0.0359697975655854 -0.0245054849441648
-0.0493798588371432 -0.0952398534436111 -0.0147248738124883 -0.0636325523862087
-0.0377105445683243 -0.121586732792416 0.0248373451086419 -0.0875980244203682
0.00944216374190363 -0.142603044518875 0.077679885448574 -0.0903339649477022
0.0621589683386077 -0.137527899697457 0.122488304501014 -0.0344557723046907
0.132980154695095 -0.0856881116278165 0.0946693646588836 0.0251577164116831
0.175969525642493 -0.0052662357977448 0.00926195269634035 0.0521865558169621
0.16677047378517 0.0328784165759638 -0.0736147023779628 -0.00704464994766167
0.101197066845268 0.0417784923880933 -0.160765439167536 -0.0282390038723589
0.133039430762732 0.0200854078081932 -0.151227026754442 -0.0602266394824545
0.117216185723467 -0.0395693182712396 -0.131653523162838 -0.0503989419693016
0.0686963729433834 -0.092430755915378 -0.103000228304523 -0.0288900544813914
0.0207119057124585 -0.100016031133755 -0.0839780729067584 -0.0393686369775469
-0.0154477476045459 -0.0902708811152308 -0.0932738403370565 -0.0414764583063364
-0.0379552115636196 -0.0767396016336867 -0.0879387724882779 -0.0406192917693316
-0.0333152826932221 -0.0777119311298292 -0.0542303661140334 -0.0576446635448357
-0.0284129652750457 -0.078269931590969 -0.0282285415766003 -0.0964656580438517
-0.012342348963141 -0.0974487567550549 0.0187326980435071 -0.117281064645428
0.026741553646557 -0.105208783466636 0.0801845967407364 -0.110399727731122
0.0699373138847798 -0.0932239619896793 0.121955087411002 -0.0408663417212295
0.117866302872451 -0.0413110766773457 0.0840339431856211 0.0221061434139402
0.136747629244486 0.0250152599300452 -0.0128570820125009 0.0371704288757996
0.115663595927566 0.046199635396339 -0.109953389189502 -0.0330297923445427
0.037786034203142 0.0335396825446371 -0.196642996608868 -0.0324039498769596
0.0659309979864823 0.0242655585779209 -0.165656620536299 -0.0435288215610003
0.0626997681878222 -0.0128349490891757 -0.126672705049726 -0.0466087023144553
0.0345756413450084 -0.0413127457969039 -0.095323198335113 -0.0356872375023575
0.0124117920849207 -0.0440762964135719 -0.0878825976228193 -0.0568599903915162
-0.00224066538621032 -0.0423022789431479 -0.104201274550462 -0.0594664587796768
-0.013144468793351 -0.0415009112649298 -0.0985336294096618 -0.0610492409628186
-0.00914132369406989 -0.0444096868756085 -0.0637410330704465 -0.080179726847786
-0.00620141492412484 -0.0472149659665242 -0.0313536067017278 -0.120366939096998
0.00554452487286 -0.0572090428317843 0.023174003881314 -0.137446494091188
0.0285431860462663 -0.0569831375685867 0.0886703071861767 -0.121393597914698
0.0562371167068547 -0.0464056655765073 0.124506403368445 -0.0420144335265111
0.0816198959749182 -0.00526809882422998 0.0780719852775615 0.0166782184982363
0.0795547564341272 0.039116972393427 -0.0200142860428837 0.0175234188129657
0.0500454472499873 0.0453105532993127 -0.124208752504878 -0.0586200412798108
0.0129081388280773 -0.0267659867900147 0.132545816259259 0.0642843964853814
-0.0192417896375922 -0.0291473438460175 0.0472368109224115 -0.0217051633995397
-0.0316923548428642 -0.0016242581684656 -0.0706409782181416 -0.023738218785107
-0.0156615820384364 0.0140588004773209 -0.133878800104666 0.0293907531172195
-0.00671440741706609 0.0103347637092798 -0.109533592238518 0.116583522168473
-0.00703057567715686 0.00581414933450164 -0.035018286885712 0.15252311590627
-0.0110718085930605 0.0080726902326226 0.0301551578197685 0.137264975800851
-0.0166621503770858 0.00169817223480651 0.0747939338876633 0.10076427643458
-0.019096697423514 0.00460837391396411 0.102331596072997 0.0673422299834021
-0.0250729683957631 -0.00288587497085623 0.115217656813428 0.0545602799078869
-0.0162472280079009 -0.0147288186297998 0.105578756088671 0.0544490291241365
-0.0102840298934507 -0.0128685362273716 0.10260327140011 0.0426662404075038
-0.00715242117780867 -0.0193473413431198 0.113866561628756 0.0457317949655127
0.011064383171467 -0.0334170547497644 0.141854140267671 0.055606419985929
0.030350863629181 -0.024058035568092 0.194064798248949 0.0382145664413907
0.0695432781478154 -0.00397333721581805 0.117518026740417 0.0700167360232013
0.0444816428952182 -0.0143747433963262 0.0359951240794401 -0.0203710633825858
0.0199204736664057 -0.0119573035327966 -0.0773267910995112 -0.0229807584839569
0.0214047089062379 -0.0192605321473412 -0.135963633768277 0.0248292041137244
0.0127037096442718 -0.0347065339776435 -0.112992161427342 0.107746946533664
-0.00931510289747679 -0.0403158689395274 -0.0454633883744578 0.143375444208976
-0.0298926088857866 -0.0327583428837021 0.0169379728784771 0.130441138108285
-0.0401599226438429 -0.037701797097861 0.0622818702828152 0.0950595439023075
-0.045232582654306 -0.0329143142482803 0.0897466491322503 0.0561938529593165
-0.0498554749602972 -0.0501845569233704 0.111190380118773 0.038267348125351
-0.0216165004459833 -0.0738997162307341 0.111641557387668 0.0355869899850286
0.00836342141711318 -0.0748667372761095 0.114020054817697 0.0326741825827595
0.0432504533417744 -0.0627606928710643 0.114377971966069 0.04043847679848
0.0833029897391893 -0.0448350528270749 0.124211289931318 0.0485398297002256
0.103497381990915 -0.0202065516171049 0.161309875813506 0.0332048180707238
0.11634142553117 0.0211879214662903 0.0830179758649708 0.0592875935939675
0.107656824715919 0.00516244219345085 0.0131830346112178 -0.0345431153363501
0.0768960826553677 -0.0200045076223826 -0.0905650012449853 -0.0314535715332714
0.0600396380945266 -0.0551276957857679 -0.138497104775675 0.0182941448682749
0.0306941536880968 -0.0792622571679659 -0.109476669056583 0.0922046262602943
-0.0107855409904599 -0.0835334446360853 -0.0531669316073373 0.119917111988884
-0.0446082056592707 -0.069311389736049 -0.000931329743975335 0.108725625439636
-0.0575333808389275 -0.0710000362461521 0.0416204517303087 0.0763280944938477
-0.0645202304702957 -0.0630861437910735 0.0667918196815321 0.0346019014217383
-0.0685540057631489 -0.0875873849420338 0.0941271833670352 0.0106469676256748
-0.0298322163508634 -0.120509900671484 0.109421772047336 0.00358976587163244
0.0160345776194342 -0.126396048865885 0.123637746375202 0.0132093637450261
0.0808274556815461 -0.102853870594748 0.116370830629651 0.0349468653920301
0.139087292708759 -0.0560315901078321 0.100794845023131 0.0484115052375827
0.159535232212396 -0.0160639743878516 0.108712739183728 0.0290499063862188
0.148409553786815 0.040350106378056 0.0308395944733228 0.0360436059321955
0.158809511757363 0.0176904114279781 -0.0220421221062759 -0.0548762694166622
0.127131535421346 -0.0320727579594659 -0.106040437005443 -0.0435119623929313
0.0910034657833131 -0.0920284694247642 -0.136875105494189 0.00862110374137983
0.0403636031869356 -0.118307482690743 -0.10101077274176 0.066910200747798
-0.0143611871974321 -0.116150603978253 -0.0588239317433419 0.0847223376790223
-0.0553206358423167 -0.0951786066146525 -0.0216110188566837 0.0746717211385572
-0.0666625416485325 -0.0934346880174491 0.0158523332768576 0.0473086015564152
-0.0717038071357687 -0.0844302278211454 0.0373726184706148 0.00584638617106436
-0.0740166144147458 -0.112585030216046 0.0684022164134174 -0.0220040955795745
-0.02973323639285 -0.14891658182367 0.0974318196705959 -0.0313331082164911
0.0235048331882867 -0.157582889947729 0.125869410248238 -0.00805221218990834
0.107405175437569 -0.124800676501053 0.113095477978991 0.0296016452849494
0.174613798955741 -0.0562509381144578 0.0716889596599467 0.0525371754082081
0.190371393535762 -0.0062282881339766 0.046281462469087 0.0231549586022586
0.158436235675091 0.0490057839221517 -0.0342750406019077 0.00880595546521269
0.184239152537012 0.0211580582249275 -0.0674778464267456 -0.0692518051317182
0.156141438574163 -0.0458869168850244 -0.120342094545349 -0.051627447219031
0.103115499139379 -0.118943873534096 -0.128135639100238 -0.00387457912791794
0.0390414476812054 -0.140143627657777 -0.0915239213651962 0.0311000016453771
-0.0196533250712371 -0.130633106017903 -0.0670846627111506 0.0403964098059076
-0.0592619473619974 -0.105170737457442 -0.0452428360512166 0.034553297729724
-0.0646020095073355 -0.102147252716959 -0.011100731041774 0.01197214333576
-0.0669642988057214 -0.095076869501812 0.00803279601335392 -0.0274056964881931
-0.0628189015074498 -0.123720595048751 0.042265772039917 -0.0549200404687604
-0.0166065890295535 -0.156271232819997 0.0833414846220308 -0.0635249948663214
0.0393466818242191 -0.161027048885073 0.123201103087839 -0.0255659781529655
0.124085357704335 -0.118516156197474 0.104802529505316 0.0265841996208725
0.186768039753596 -0.0389043034162961 0.0398556113111252 0.056229766751695
0.19100755771759 0.0104547560627508 -0.0175160746541565 0.01290355245172
0.141369694009471 0.048056559418294 -0.100914142586181 -0.0132890896421216
0.174924061467823 0.0191381615313828 -0.113264879920725 -0.0709226348562506
0.1508999983577 -0.0503335740457998 -0.128072727512719 -0.0527025540833279
0.0926819115557028 -0.120250347857949 -0.113910163949966 -0.0171442671888333
0.0295026503241282 -0.133880061821033 -0.0846594378943405 -0.00701588302167036
-0.0220334043060426 -0.120381550381486 -0.079187439719004 -0.00462202207650458
-0.0539484085917881 -0.0980192047284948 -0.0673799494234738 -0.00493239029289539
-0.0534825597594325 -0.0959640181192079 -0.035455253291917 -0.0242521568543133
-0.0510228075613022 -0.0922547347642389 -0.0154876074761445 -0.0626755308737385
-0.0399652918727155 -0.118378874546003 0.0233698662930247 -0.087125749120054
0.00522086576461822 -0.140052705817325 0.0750946670213568 -0.091012616970758
0.0583289121138348 -0.135811954682385 0.120466307323164 -0.0367044156479517
0.128846833313654 -0.086375108876685 0.0927749772798438 0.0247718122313002
0.172933131771669 -0.00851017280180998 0.00953033835887868 0.051693760349567
0.1634594871684 0.0301285365949256 -0.0714432620729899 -0.00510953957431051
0.0989762998108124 0.0399740302733596 -0.158424068632181 -0.0265773559085382
0.130709230594557 0.0181506266459542 -0.147593545196161 -0.0587364586027672
0.115108825603906 -0.039684785615273 -0.129063819331532 -0.0484336426491477
0.0653114912919287 -0.0921012056700333 -0.100413508869433 -0.0281471394535079
0.0180603997618895 -0.098669299397512 -0.0829709947154965 -0.0391174705968411
-0.0173952134449711 -0.0879494185984624 -0.0932019644120788 -0.0396727535394017
-0.0385635435728079 -0.0741880772425044 -0.0871864375257578 -0.0376746360874201
-0.0344542906677077 -0.0751866562695765 -0.053717886927793 -0.0560894304991998
-0.0293650214307721 -0.0759603736998892 -0.029792605292062 -0.0942187567717468
-0.0143011145080586 -0.0945307480474949 0.0165807943180217 -0.115616460742087
0.0234503115840184 -0.103869593185823 0.0769899991016007 -0.110140880951242
0.0666527956151289 -0.0923967499857702 0.120559754566836 -0.0421153366122273
0.114288715543373 -0.0426114944320497 0.0819632620932359 0.020924470534932
0.134706500071344 0.0218537676102374 -0.0118737349713461 0.0369752926649218
0.113122591694514 0.0439330179730276 -0.107441069957209 -0.0298793205645603
0.0371139331085515 0.0329032370219859 -0.192686621791569 -0.0292302394272121
0.0647908921508978 0.0228556262828685 -0.162579309012786 -0.0414773216630497
0.0614643140477614 -0.0130421664108368 -0.124631409391091 -0.0452926988753748
0.033490747239194 -0.0406334424651864 -0.0930837692087798 -0.0347877134189723
0.0111797361702034 -0.0434169213256815 -0.0877689825740379 -0.0554751785560039
-0.00256953602203504 -0.0410498961144248 -0.104370302362197 -0.0570155604893172
-0.0134052419763676 -0.0406571044021574 -0.0984734156502805 -0.0571163826963315
-0.0100418678155193 -0.0434518347178926 -0.0635111883012743 -0.0787575358194925
-0.00706593321937523 -0.0461225686578209 -0.0332128855718964 -0.117434413379534
0.00397625920616617 -0.056056061338166 0.0208693517308941 -0.135403275335063
0.0266482418735404 -0.0558738858810406 0.0850157845222962 -0.12063294786387
0.0540706411908352 -0.0462551505361937 0.122100504255178 -0.0436774506627682
0.0798969324535554 -0.00640624015212185 0.0765045675236512 0.0150624050373197
0.0782382117403803 0.0373184734917828 -0.019486539197291 0.0179154477273214
0.0487429627142662 0.0440936541736182 -0.122025682182908 -0.0544462970263583
0.0157637520420199 -0.0222645416653283 0.116779334191936 0.0869958421511516
-0.0135434834162886 -0.0312554992851134 0.0521742405963069 -0.0138723460422564
-0.0288798781165954 -0.00903759559216403 -0.0624474910832783 -0.0381166448211672
-0.0162624098555803 0.00878208666415727 -0.134979211119929 0.00293873307945206
-0.00729176174845384 0.00590390032633765 -0.128140562925657 0.0920029833755771
-0.00775099993646689 0.00262977795381832 -0.0639046149817498 0.139832552861298
-0.011052947329367 0.00486707514166035 0.00281977170939108 0.139044921261979
-0.0164496229141056 -0.00238023189384073 0.0521560516093601 0.111955887009285
-0.0192173994655007 -0.000517442959869334 0.0847993035249331 0.0845698083053776
-0.0235632583715573 -0.00823112129961421 0.0999828895250106 0.0757654395282268
-0.0126440744704047 -0.0177267328886129 0.0909123714003986 0.0741035558332796
-0.00568741460715391 -0.0154017612148322 0.0892732814169572 0.0637573222881005
-0.00162165939339655 -0.0210161201464799 0.100006489759686 0.0682991403687661
0.0190956436332795 -0.0309502774371095 0.12837908089725 0.0850968338311292
0.0342013393523222 -0.0175101338050644 0.184695560418834 0.0805396728282631
0.0648329807526374 0.0104002733068818 0.101908646452593 0.0899342877575958
0.0444633111767155 -0.00538939417873758 0.0399083812772005 -0.0132566390134238
0.0218869844442987 -0.00837632603929342 -0.0679978207003307 -0.0374712574145194
0.0246337666257292 -0.0161365732028657 -0.135251260440744 -0.00129255742558641
0.0191823050568324 -0.0332408272999242 -0.129526910523634 0.0827570440642023
-0.000648790949791214 -0.0422246542222118 -0.0712181041999402 0.129742496720822
-0.021512550406831 -0.0374880275088266 -0.00943853934928157 0.129499525184152
-0.0321077620072854 -0.0453664526355303 0.0415054771422824 0.103732453480695
-0.0370214216159219 -0.04119518925859 0.076013249304337 0.0711603553658298
-0.0378262310836998 -0.0579386428055745 0.0993301114698635 0.0575375365460921
-0.00603211522118457 -0.0764826243357934 0.101229038563348 0.0547190621099905
0.0246212768846883 -0.0707952728338144 0.103459506973445 0.0537566878805339
0.0575881765156568 -0.0519139365596562 0.103889140224512 0.0622757728270957
0.0910804485908676 -0.0267669726290497 0.113243052787389 0.0750341772568275
0.104513793791211 0.00215855128310291 0.15387695592568 0.068379686259318
0.104938819127699 0.0434080779548121 0.0709113477429893 0.0734919224790798
0.100972268709476 0.0233812465215027 0.0191925918079103 -0.0290267449371729
0.0779636113705694 -0.00477241949118473 -0.0796252153571528 -0.0461786373460004
0.0675928133086323 -0.0414698371695349 -0.135499791768483 -0.00791398649745665
0.0447982013499014 -0.0716277847358698 -0.123828543862749 0.0683863843448618
0.006165500508532 -0.0830679929288732 -0.0734711680576896 0.106372923127859
-0.0295314177138228 -0.0749032611405225 -0.0219755510736895 0.10432046429781
-0.0430375290734022 -0.0809074019972649 0.0247294203389169 0.0815618903564869
-0.0492201085166263 -0.0746043699046415 0.058408034237044 0.0458694384644476
-0.0487252972291814 -0.0969874705992065 0.0882655710885622 0.026647823434025
-0.00471811930057075 -0.122557599519635 0.104657147948778 0.0211154645442117
0.0431892824123808 -0.117989461363687 0.116882240757141 0.0346394655029278
0.102340862225368 -0.0821114047909212 0.107583065119262 0.0551832391831763
0.147810810737351 -0.0256907133609268 0.0906056478781946 0.0699615353128453
0.157573152055726 0.0182365667978492 0.10300851953784 0.0521321404205508
0.131612268706101 0.0681379266426612 0.0244305050841055 0.0415983523257096
0.148218201986964 0.0448732991041877 -0.0113718930629923 -0.0532677794488691
0.12892194875774 -0.00764465195233911 -0.0920445872651675 -0.0590856558221742
0.103459662807582 -0.0705144142219363 -0.131114494608919 -0.016200387506429
0.0612036142978649 -0.106734426791466 -0.11094958117113 0.046394727373719
0.00886543610753522 -0.115028096870705 -0.0711636819923802 0.0711889501080134
-0.0348492415237753 -0.101721214251266 -0.0354449509783715 0.0675632273334411
-0.0471109675579853 -0.104350868497451 0.00590638087887633 0.0487640402096297
-0.0521716625116781 -0.0962583790796921 0.0354675704256623 0.0116476937462498
-0.0489832018687299 -0.122464013260207 0.0701370223668108 -0.0108241625128104
0.00083609713163578 -0.150163408456878 0.100397833969462 -0.0158197196380198
0.0566568876045735 -0.145599683078308 0.124264648594718 0.0134864872599803
0.132788774006209 -0.0977148750556151 0.107348436619096 0.0491181796053903
0.182155177078347 -0.0182127212566397 0.0619336423708761 0.068572969260357
0.184803965834537 0.0341062733007087 0.0422057733296723 0.0332969561688798
0.139331408920612 0.0773960076615594 -0.0325428221574585 0.00340361097780835
0.172567267889045 0.0525805489880273 -0.0527743340873209 -0.0746156386011011
0.158788271609782 -0.014556719820902 -0.103718037829233 -0.0687707539313998
0.119308859325541 -0.0932125983630378 -0.119863699643562 -0.0263062731379544
0.0643716469185902 -0.12706366527018 -0.0945160480741313 0.0139527133722713
0.00665121896653507 -0.128500004065513 -0.0709002802121877 0.026389221085224
-0.0370242952641651 -0.111777088625212 -0.0500621631729888 0.0239798531351379
-0.0437194899403327 -0.112351301328125 -0.0128223285153257 0.00866962235319786
-0.0446569582756334 -0.105340785808559 0.0137009846327709 -0.0266117907479669
-0.0358713528905996 -0.130519740094833 0.0515622821206638 -0.0471400727043048
0.0152037888127973 -0.154255565016771 0.0928249198618713 -0.0503719437756249
0.071040025430176 -0.145124477882566 0.126269570409866 -0.00405579116432965
0.147060664416012 -0.0879129700204916 0.0999311054536116 0.0446644095993146
0.189958180902077 0.00129538285101064 0.0298086038640491 0.0660549740773511
0.18194865220906 0.0509586984913561 -0.0182677739045922 0.00955335294705598
0.125367378914115 0.0719911602348406 -0.0939364782161739 -0.0310675444176676
0.163893834836707 0.0486618246042478 -0.097502661079888 -0.0845302619190487
0.154749101282151 -0.0204596132414626 -0.111071620307539 -0.0713807881238806
0.110176583231242 -0.0962121992070182 -0.103487406801888 -0.0368424733673295
0.0542682674471132 -0.122605152913813 -0.080469515916105 -0.0222161629861871
0.00263555384572067 -0.11934008576952 -0.0746761808306022 -0.0196889072812227
-0.0339875267866086 -0.102858183869768 -0.0643139571514166 -0.0193720472001302
-0.0338587544469745 -0.10379856897905 -0.0291279893674609 -0.0309385192888193
-0.0301341414369069 -0.0994362884976691 -0.00232922240086336 -0.0645147382217717
-0.0156064567994173 -0.121262480301154 0.0402635102416883 -0.081777003872302
0.0332733763904125 -0.133697631127001 0.0906848469642704 -0.0779676303780281
0.0837323163641096 -0.11767544268998 0.126043569763266 -0.015018044072149
0.144187793434286 -0.0554516767466041 0.088883858386209 0.0401093247359575
0.169334088873065 0.0277372110016744 -7.18219107844372E-05 0.0551283500073985
0.150396266419091 0.0647033347060382 -0.0677458442363333 -0.0206470914886344
0.0868757209442668 0.055871615157874 -0.147753244169871 -0.0545682572750364
0.122537256358792 0.0392670524958565 -0.132312877192179 -0.0807705557928084
0.118415274876914 -0.0169091986042245 -0.112801529010907 -0.0685691258198474
0.079500587958304 -0.0741927393287012 -0.0886165282476078 -0.0455681645225129
0.0366783370978 -0.0901734809237733 -0.072624083311699 -0.0536123228422442
0.00156856400450782 -0.0865773127163114 -0.0824929225479586 -0.0569384103533978
-0.0235680319553658 -0.0776328381403714 -0.0772543654035744 -0.0548138412365555
-0.019683023162382 -0.0796315127419615 -0.040528238052235 -0.0652708642279242
-0.0129191253821038 -0.0784705041527567 -0.00926501921923851 -0.0968649595484704
0.00421499721553487 -0.0935823225918957 0.0397240884024595 -0.109128253286578
0.0431079485053577 -0.0945727968929422 0.0959627336865943 -0.0950157910558459
0.0816485835894544 -0.0741607145948031 0.127457814147348 -0.0198321695760794
0.120321043133913 -0.016291926512121 0.0786936995402843 0.0353615910154468
0.125721512409222 0.0498683859747002 -0.0187405825269976 0.0369424399717716
0.0989031229667422 0.0669091321128972 -0.0990049587033731 -0.0520744635792545
0.0303197007099082 0.0366189856228996 -0.181873280282643 -0.0644845262291131
0.0586946015767842 0.0322910589547333 -0.149208045593084 -0.0694065572379665
0.0627423741550178 -0.00151366344451217 -0.109440315435196 -0.0664608716755952
0.0399190063341659 -0.0325290806289471 -0.0812537920017016 -0.0510233777656506
0.0203630076405594 -0.0384212737667303 -0.0745187018854921 -0.070783775485898
0.0062788389649094 -0.0390840718588672 -0.0905713285193983 -0.0754652193991449
-0.00531266414915678 -0.0403662311898016 -0.0846424957693565 -0.0754405673788094
-0.00172887253181764 -0.0440033651034654 -0.0453709606005968 -0.0886099375654423
0.00323639318531117 -0.0451829406616708 -0.00800483250465951 -0.120255663748741
0.0146345896722116 -0.0526183420257982 0.0475664065177626 -0.125869318805946
0.0365951312794577 -0.0475099472123802 0.106170780527595 -0.101618115406673
0.0605104094589217 -0.0325814478951407 0.129708151692319 -0.0189601953634009
0.0790399648266429 0.0117706611652195 0.0742207125934108 0.0301134703879164
0.0674878699394254 0.0524845442211968 -0.0229377745084117 0.0159460382198132
0.0361299242429583 0.0537079791328949 -0.107670437024286 -0.0794617539162226
0.015329961941076 -0.0220645719654566 0.116126979345651 0.0827004611461476
-0.0145863039201535 -0.030754480824712 0.0515267041930789 -0.0164295039733326
-0.028809065208455 -0.00806942527045051 -0.0609207559785261 -0.0378735716489489
-0.0159835134560529 0.00851734630170794 -0.131447124636041 0.00442012997441576
-0.0072147333712909 0.00624760158972883 -0.12463224051901 0.0925594108156649
-0.00764287920974443 0.00170462966801429 -0.0600014945675537 0.137392290148441
-0.0110721515180469 0.00416661632017285 0.00538929306684225 0.135668898552236
-0.0165736974538659 -0.00236069729110648 0.0531533314736509 0.108348086457916
-0.0186418389537405 -0.00119324010124259 0.0855228317517793 0.0808284650714704
-0.0226180946936236 -0.00708063812839659 0.0999792583194925 0.0720266850951055
-0.0126056918168652 -0.0177219758618162 0.0908763063546291 0.0722603344450117
-0.00575656168551756 -0.0156904222753811 0.0878956520879313 0.0623875351036684
-0.0012915863972423 -0.0206108434629466 0.098111025151297 0.0671940179328486
0.0183180548815433 -0.0311429619354239 0.12576692506231 0.0824213415580179
0.0330412143928582 -0.0182243822860465 0.182102759330845 0.0757307946227751
0.0640850622865842 0.0094347277133387 0.100975511340701 0.086324844326581
0.0434143275019886 -0.00698727670137633 0.0397516440698393 -0.0156058372872619
0.0210764782137184 -0.00833026338380383 -0.0663060054092635 -0.0367278637348967
0.0233128746986795 -0.0158303742462825 -0.131961975826743 -0.000326373703726673
0.0174841753870964 -0.0327584719545929 -0.125384227108233 0.0830105441980436
-0.00223431123658727 -0.0422422611759446 -0.0673188481368474 0.12716475884633
-0.0219913506718763 -0.0369716136009253 -0.00633922991856585 0.126380107812456
-0.0330455821145051 -0.0438412190876511 0.0427579098107415 0.100674582947355
-0.0371355136306712 -0.0407698144199161 0.0763118495022332 0.0681823821625518
-0.0382165521444492 -0.0560786997023901 0.0990623948320799 0.0536966784836161
-0.00776608607416991 -0.0751528514235759 0.100406108029574 0.0524750637100307
0.0232224559449687 -0.0701038825013564 0.101207741621974 0.0519991980287009
0.0559675311184255 -0.0520148402619414 0.101363158352252 0.0611134919113982
0.0891441987284206 -0.0279397255540515 0.111107829353014 0.0726102010939134
0.102073624216158 0.000260897718955903 0.152541289181354 0.0645695765766142
0.103197995793136 0.0416280102311344 0.0698645973785284 0.0701294895679047
0.0994310956766904 0.0208202414147159 0.0200359590824593 -0.0300850545148892
0.0761934043095238 -0.00521993305921299 -0.0767864578415376 -0.0447064237046706
0.0651234078466817 -0.0419078747253294 -0.132456068332395 -0.00634852642465462
0.0417277965803298 -0.0710290020371373 -0.11944207203784 0.0682350903190635
0.00383511604749543 -0.0821608453456811 -0.0698655883435659 0.104475544629957
-0.0306461330086484 -0.0730020930503977 -0.0195508925147184 0.10255962134331
-0.0445650012903678 -0.0787738631042917 0.0262635863578337 0.0790953073134533
-0.0498406847732285 -0.0727887956894531 0.0577647553398513 0.0432888625524832
-0.0491987989313018 -0.0944965706279057 0.0874542114083805 0.02354922761343
-0.00760285634432197 -0.121024088117847 0.103362555342193 0.0194571416404188
0.0398414295026645 -0.117038328890819 0.115078956788446 0.0322426636130697
0.0998876892299579 -0.082752845249599 0.105466557513738 0.0537812014934407
0.145048950927519 -0.0275430000564835 0.0889230472265359 0.0673023898728984
0.154264985792028 0.0151861628890398 0.102836893641004 0.049952920353829
0.12889321712003 0.065743270629895 0.0246608130475466 0.0391984465136372
0.146472085545807 0.0414900988052035 -0.010211818422775 -0.0539127480607178
0.126260828829811 -0.00894734782401556 -0.089279221350703 -0.0573518220369711
0.0997083560794951 -0.071322209371532 -0.127891073005795 -0.0150924015335532
0.057579115639054 -0.105772607639065 -0.107147293665884 0.0455771643868149
0.00631947119195429 -0.113061161788741 -0.0693912262500859 0.0698085193269775
-0.0357199630810518 -0.098453074885207 -0.0334634578423242 0.0666337378016035
-0.0492767259077624 -0.101383258232553 0.00679873458843336 0.0464469724782485
-0.0528555314887437 -0.0937924578947728 0.0350175033939802 0.0105757988627351
-0.0504603122774912 -0.118664094501612 0.068820088380583 -0.0124911271447405
-0.00300119819926785 -0.14820086036247 0.0983752227487188 -0.0173627379156808
0.0522262228277832 -0.144855262443597 0.122523460730802 0.0110614751618437
0.128608815759928 -0.0986491337208929 0.104828720814989 0.047649490472858
0.17920738341376 -0.0216335327767683 0.0604115105814888 0.067069504424498
0.181032271322591 0.0304049167862457 0.042997217904843 0.0320426017171107
0.13729894204174 0.0747060597420022 -0.0318551118308454 0.00260068069280602
0.170258535162775 0.0485367495632264 -0.0511363929811004 -0.0740011037075783
0.155546460742601 -0.0163385972404702 -0.100985282277696 -0.0664368115159978
0.115425888068006 -0.0933797725327036 -0.11730325411638 -0.0257375450362481
0.0603326628351903 -0.125960028511249 -0.0916074504651821 0.0133101784027138
0.00415781308296276 -0.126933429630346 -0.0698221044246401 0.0258702310663299
-0.0381107393676087 -0.107902296541033 -0.048699513644044 0.0245748026069054
-0.0461864719502979 -0.109441605842071 -0.0121170347124589 0.00810599584728701
-0.0461450117223825 -0.102002432845655 0.0131581262041264 -0.0268749382772598
-0.0391176055854647 -0.126739209073617 0.0503601931915426 -0.04849526536735
0.0105414003979125 -0.152100170553927 0.0908364491704875 -0.0515773796279012
0.066519741148725 -0.144365624420173 0.124155551675706 -0.00623597064936714
0.143390595561146 -0.0896890655588494 0.0974356385821145 0.0436082341287378
0.186790569140779 -0.00276504538808153 0.0299548591028673 0.0641777824607492
0.177726161081149 0.0470291590626347 -0.0167781559878443 0.0101762928977712
0.12307934572349 0.0688337683213451 -0.0925103455071883 -0.0302898234704093
0.162016217147326 0.0453498971093827 -0.0953131357968529 -0.0829093232327425
0.151279383007638 -0.0220530541116789 -0.108488534422974 -0.0683091438445918
0.10576412444558 -0.0962578253005833 -0.100909161251462 -0.0355720208187473
0.0502646123086389 -0.121185686122662 -0.0780403262825695 -0.0230351571246609
0.000859787498527496 -0.116933129974549 -0.0744902763451799 -0.0189977523355626
-0.03460938359592 -0.0998040372591515 -0.0639498840662982 -0.0169140093975252
-0.0364250118121692 -0.100711590429142 -0.0289780127262365 -0.0305880978272955
-0.0320094445878679 -0.0961714883487283 -0.00328858173603931 -0.0634506311109581
-0.0179864519827703 -0.118225516425009 0.0376822629515522 -0.0814766784216756
0.0291586711345077 -0.132277754194679 0.0879882283654382 -0.078347116238817
0.0786712087854981 -0.116748192138116 0.124367069490053 -0.0175907339831202
0.139967455591448 -0.0570294258891785 0.0865109952127659 0.0388944519061159
0.167035387956897 0.0243376448901946 0.00114366808250605 0.0545792068276315
0.147420141895111 0.0611354767742303 -0.0657359579870635 -0.0181433961451616
0.0853718189526054 0.0538285241796755 -0.14528640816263 -0.0523122885113384
0.120910312943119 0.0367760886298003 -0.130027135955608 -0.0786389031264752
0.115919569302489 -0.0179318890730276 -0.110242833987933 -0.0659251986461484
0.0766859952832604 -0.0743146087640528 -0.0865385756467402 -0.0444227267412151
0.0340080307119144 -0.0886607041551669 -0.0719710034043249 -0.0533220896187519
2.50344704068126E-05 -0.0850099878377997 -0.0832634225914982 -0.0541836090975716
-0.0241175576324238 -0.0750987207528093 -0.077003326866458 -0.0513829206836171
-0.0215837843714952 -0.0773187627877319 -0.0406784687512774 -0.0633503439093892
-0.0138698635331109 -0.0761395261283841 -0.0110504688355089 -0.0950859612370542
0.00224757355649537 -0.0916079115482651 0.0366207078028328 -0.10775075899138
0.0400193504710481 -0.093681013977041 0.093274067237796 -0.094418706239701
0.078010681153594 -0.0730499837141283 0.125246460034298 -0.0217230467810529
0.116797063137868 -0.0180368744840237 0.0764631544545232 0.0341465203785399
0.123822427838571 0.0463037668899533 -0.0176050880600705 0.0365626745782624
0.0969237305849206 0.0643388285318032 -0.0965415941223319 -0.0481592577417811
0.0292561057481215 0.034891193718895 -0.178631047991979 -0.0609995963852716
0.0583684087553278 0.0310240483774665 -0.145839116911888 -0.0669958591586489
0.0611555781065488 -0.00223329914501888 -0.108016348589031 -0.0640371159158849
0.0383623988628878 -0.0322535191909354 -0.0789597466959359 -0.0501947945174016
0.0187434525218291 -0.0375782695046566 -0.0738503891266068 -0.0701934285556694
0.00615462454120848 -0.038292583140447 -0.0920482252646127 -0.0723962867449165
-0.00556000486015876 -0.0387049403413132 -0.084342913241541 -0.0718041482994394
-0.00287892689249791 -0.0431825468622559 -0.0459696163543581 -0.086331821419084
0.00176749371162407 -0.043696694066183 -0.00971506805410914 -0.11785472564062
0.0130002041761195 -0.0512107040323974 0.0441132808359722 -0.123685266953723
0.0346399747571948 -0.0465778668721218 0.102409409569305 -0.10090304651788
0.0578793704505338 -0.0323191391701628 0.12718119644701 -0.0209892858583019
0.0773486291796944 0.00979703698951031 0.0721671362449659 0.02824107314756
0.0660783002198218 0.0506741037378804 -0.022056630193698 0.0165803210611928
0.0358788587602843 0.0524352321347356 -0.105884318448481 -0.0749950204294904
0.0153350623421357 -0.0217312721812294 0.114173819094051 0.0805120500324134
-0.0151379828658833 -0.0300974468111911 0.0503518518048202 -0.017731017184657
-0.0289010066532458 -0.00822842901220263 -0.0591087622048119 -0.0379168573268423
-0.0156199629176468 0.00819845150822355 -0.129211941396916 0.00456610064137868
-0.00732760918206393 0.0054508949423003 -0.121948353433629 0.0912818721030495
-0.00819474633357388 0.00127551848666739 -0.0578842577134797 0.135418772423898
-0.0106459294450087 0.00337626771873452 0.00721939441872642 0.131055287253311
-0.0164163588880998 -0.00222131132390878 0.053442191951697 0.10622480978365
-0.0182137299824163 -0.00158810985578439 0.08486466707155 0.0783401236815279
-0.0222139608711295 -0.0070268497519199 0.0995472752315743 0.069974452608603
-0.0125087464542322 -0.0175143909551408 0.0905757476584297 0.0713671513494583
-0.00570083138765989 -0.0157205490854873 0.0860402305313558 0.0620840442559723
-0.000754381083979086 -0.0206903528748091 0.0951829256272852 0.0666594623477487
0.0178221087356093 -0.03120527917567 0.123305315601023 0.0820818446720588
0.0317046412085056 -0.0180836180579001 0.179173747759733 0.0733779032665858
0.0622892370200982 0.00972593644331499 0.0991906227607524 0.0837598974171221
0.0420954116543969 -0.00750356999503473 0.0394775959365854 -0.0166460238749183
0.0202200775641628 -0.00817909602104105 -0.0643376062677694 -0.0365285887085015
0.0224752727205595 -0.0159241986015686 -0.129124651362768 -0.000797637055423301
0.0167168660106923 -0.0326077763221478 -0.123182836942134 0.0817889023491883
-0.00298558037566207 -0.0418112888188626 -0.0656974993293312 0.124712495781631
-0.0220321234398261 -0.0361113407884124 -0.00475879206091989 0.123073193259622
-0.033488719111778 -0.0429617580231859 0.0432457127122855 0.0987522165741446
-0.0372945174055732 -0.0400686680137075 0.0755512917164543 0.0663845160456946
-0.0374222041586702 -0.0551227714778559 0.0983265514043043 0.0513126821448238
-0.00880268532899556 -0.0742390186741032 0.100036644757973 0.050769277525775
0.0219604439000555 -0.0695288550153083 0.0993774104120752 0.0509150976264474
0.0554885168532903 -0.05123621636172 0.0983271974574274 0.0611798734270724
0.0878898281694441 -0.0283714603594994 0.109191088555597 0.0717586482215506
0.0995275495677258 -0.000658512142831642 0.150225701206814 0.0619599691877927
0.101219401632585 0.0408532266418838 0.0690882595167384 0.0678756206029228
0.0980366751939183 0.0190744026499978 0.0195305826543326 -0.0319108184532218
0.0744996270332898 -0.005615234734979 -0.0742483028793071 -0.0448578068010809
0.0630664000849058 -0.0415596066621303 -0.129397678582099 -0.00736673905924639
0.0397839409698423 -0.0705136481244755 -0.117330397936613 0.0666443897223458
0.00297093201578402 -0.0812912436976413 -0.0687592803180591 0.102405414617185
-0.0300780333942367 -0.071547595481726 -0.0180237624105833 0.0998120010384314
-0.0450592007491308 -0.0770618893404601 0.0265747062610371 0.0769605561957661
-0.0498269249835785 -0.0711175622359247 0.0575666632660985 0.0417597697244064
-0.0496149950908417 -0.0921827860720463 0.0865878472215144 0.0215624273054835
-0.00882294049603445 -0.119157729199069 0.102713124865865 0.0184154187329789
0.037646804684785 -0.115575643302433 0.113370352107989 0.0306533005096434
0.0973187900419713 -0.0823300434338735 0.10265754805066 0.0541634487766741
0.143367614786949 -0.0288850488825917 0.0863801811215435 0.0667710392093811
0.150386535973152 0.0145084048319052 0.101427533671362 0.0488122549921593
0.126344557814559 0.0645407472831883 0.0241784237525594 0.0376814846986858
0.14398827622412 0.0394315542473782 -0.00971102845242177 -0.0545014891398726
0.124178281184423 -0.00887837344935276 -0.0859926399620604 -0.0570309535615118
0.0971897409995405 -0.0701619872901484 -0.125348672639234 -0.0154375985273373
0.0548281191143172 -0.104651560061732 -0.104888455881453 0.0435711887823041
0.00471877087793268 -0.111016601481122 -0.0678678793247803 0.0679089049133171
-0.0357432162861252 -0.0962270030623496 -0.0322543350693782 0.0658050604191454
-0.0501174609075344 -0.098784334414718 0.0072711426506907 0.0451022201727543
-0.0529939342744067 -0.091922999430062 0.034729052109628 0.00943283609160679
-0.051177710269024 -0.116159535277347 0.0675405674194102 -0.0138863431066391
-0.00485366893359505 -0.145589169074279 0.0969143033982746 -0.0187027852797849
0.0494472874304154 -0.142723212200192 0.119791456428545 0.0101472291721113
0.125582822271448 -0.0984233695142435 0.101259911932403 0.0477454920521166
0.177291186413323 -0.023082559635025 0.0590324720847244 0.065633759928643
0.176623331235168 0.0288044052330212 0.0432585442489837 0.0316892956074106
0.134463325519281 0.0735506573249813 -0.0318164546257459 0.00154016582522852
0.168177587767614 0.0468902256768615 -0.0498573910538 -0.0744743531327829
0.152882979683629 -0.0168823413919272 -0.0977466420625306 -0.0654147976075049
0.112368325909103 -0.0921948109817929 -0.11445605023417 -0.0262301330033243
0.0574808881745933 -0.123901093329807 -0.090031152247217 0.0116183399214092
0.00276228343093479 -0.124485154566378 -0.0695148385348376 0.0250132894653532
-0.0379361197949028 -0.10535203720469 -0.0477912078925132 0.0250203652207263
-0.0471428502776667 -0.105971666866717 -0.0123330117997459 0.00714344205162302
-0.0464278135385481 -0.0999678335647933 0.0126093523309097 -0.0270397794146437
-0.0390159388483497 -0.124334089025217 0.0489558099993698 -0.0492395493727769
0.0083260656643482 -0.149777384900737 0.0890693255002262 -0.0518378544304052
0.0636835151742729 -0.142108469956481 0.121748056488853 -0.0078375900649116
0.139430769699534 -0.0885223092355499 0.0947915147025119 0.042968222776198
0.183932390362576 -0.00414739452565756 0.0280254350963311 0.0629115711106317
0.173520056104087 0.0454581412497983 -0.0155786681710947 0.0106076888326618
0.11966548657146 0.0677166985941085 -0.0905254915592713 -0.0305714805555353
0.1592854720082 0.0433595210123014 -0.0926977895213835 -0.08294156093582
0.149072461191826 -0.021857956111619 -0.104882780465385 -0.0678377021987572
0.103160596903975 -0.0947694964500617 -0.0981501316510951 -0.0361167148664303
0.0480466360735273 -0.119021723292115 -0.0769873016988197 -0.0241716446538999
-0.000657763672345285 -0.114822590960961 -0.0744761154299366 -0.0188090938300565
-0.0345101242725484 -0.0970663395578257 -0.0632736460141167 -0.0159084380653111
-0.0374522204514456 -0.0977780638909485 -0.0287626975862287 -0.0311607888543497
-0.0322181140548164 -0.0938998596271168 -0.00395229328318558 -0.0626811306612647
-0.0192258386871335 -0.115379209945517 0.0364947865447233 -0.0810938810862543
0.0262944606167669 -0.129572274353386 0.0855464216387422 -0.0775650843952179
0.0756862961446057 -0.11451001412655 0.122097958069809 -0.0183192997944426
0.136421094465214 -0.0568322513533394 0.084234287412494 0.039109337931625
0.164354258713324 0.0224385093924088 0.000588239447678253 0.0535670108148105
0.143526419232971 0.0590349749891764 -0.0635867296334198 -0.016095152653227
0.0828511464961325 0.0525612572463354 -0.142607602504274 -0.0513076187545369
0.11916365659554 0.0351466738374714 -0.126405743143821 -0.078187776756162
0.113488831124336 -0.0179813365515684 -0.10749956323997 -0.0649769145740675
0.074710607829043 -0.0733561623835078 -0.0838643610956231 -0.0443678526035341
0.0326177595162744 -0.0877784742931322 -0.0710137761829148 -0.053922571187362
-0.000366925440706087 -0.0835802428566654 -0.0832578951619223 -0.0534140994325831
-0.0237454754432106 -0.0730483779529005 -0.0760356926846228 -0.0491104861732437
-0.0224766791256349 -0.0752732211816244 -0.0409119089491089 -0.0626963336751395
-0.0147788242784603 -0.074445297752517 -0.0114189599848107 -0.0936988627636696
0.000651445512228664 -0.0893401771503726 0.0351194178336924 -0.106583925465621
0.0378384526519976 -0.0912451048164393 0.0904728877041441 -0.0930676300749052
0.0755822643638875 -0.0727015224262423 0.122920633684049 -0.0229941017745487
0.114050005747513 -0.0181953016470767 0.0743855940988465 0.0334776391479831
0.121457067930382 0.0443231805715214 -0.017436368274642 0.0362277800096743
0.0940557403406774 0.06252845884459 -0.0941796424777582 -0.0459302898048943
0.0280907455130065 0.0346654963121255 -0.175050148740959 -0.0596198640605813
0.0572542934533603 0.0300525431057526 -0.142294966436142 -0.0663607757448038
0.0602888953352895 -0.00227020970934284 -0.105216520803015 -0.0632461525440192
0.0377942979724762 -0.0317757623802274 -0.0768922356664628 -0.0503348328636382
0.0179580756199828 -0.0372794998136053 -0.0732998902411661 -0.0699169542735292
0.00619299386668187 -0.0374500920505889 -0.0920976537508087 -0.0703608637465327
-0.00563889877830929 -0.0375881052619595 -0.0842675135107639 -0.0693573291062163
-0.00433941981082173 -0.0419842808629109 -0.0455464084337991 -0.0848025853626922
0.00120431441601873 -0.0431613578036956 -0.0110946728626067 -0.115234494012589
0.0119444466421993 -0.0501120718359395 0.042281884362938 -0.121651032145808
0.0333962421876503 -0.0455495956962982 0.0990692727186798 -0.0996894469486816
0.0565364954929973 -0.0321581922719058 0.124429667045889 -0.0215716674764137
0.075149119070643 0.00937135429190796 0.0701335701381138 0.0278775420567359
0.0652189547927904 0.0489017160578898 -0.0213004255912618 0.016972898668078
0.035034352673849 0.051812107693852 -0.103831254217061 -0.0719469702635549
0.0156369262207666 -0.021230921513394 0.112663659304779 0.0801662160742145
-0.0151877994443256 -0.0307591882237996 0.0504497834038111 -0.0190336576458477
-0.0285468427491701 -0.00828254000105343 -0.0583003464354028 -0.0394801291950761
-0.0156125269967424 0.00816544986307142 -0.128074496832564 0.00280554793136476
-0.00784825087367738 0.00506609866668733 -0.121694208516042 0.0897937238728733
-0.00848314705919892 0.000368266733140456 -0.0579495483134934 0.134131881513901
-0.0105116867408651 0.00262015348434143 0.00708428203055178 0.12875087611814
-0.0169469445031839 -0.00290655922988435 0.053315161376527 0.10510890252697
-0.0183831230756194 -0.001931817152779 0.0842890152202299 0.0772066767557443
-0.0217116420733746 -0.00722853399092686 0.0992986731972678 0.0694611310568711
-0.0123670030230405 -0.0177253530252851 0.0897435511999687 0.0719948585613441
-0.00562225275568266 -0.0158189347531535 0.0839214963818338 0.062459486047853
-0.000423647168297609 -0.0207404469264098 0.093213312430301 0.0686288180208878
0.0177398564030425 -0.0314024709249413 0.121123919693756 0.0835964527939332
0.0314291860030636 -0.0184426417890473 0.177045572478964 0.0733103890743224
0.0616343999156508 0.0103282054100998 0.0977557128595075 0.0831790397129497
0.0413621971503052 -0.00755790238220529 0.0398638367055882 -0.0185619876003733
0.0197155390521712 -0.00754493407344778 -0.0625649475042439 -0.0381751987329821
0.0218247759429949 -0.01544971773828 -0.128226095847203 -0.00272008928808178
0.0158053464669715 -0.032445394394345 -0.12234098100633 0.0796973507048294
-0.00372508754898582 -0.0415738182865103 -0.0653202699837838 0.123080417949206
-0.0220760721577652 -0.0363987744580598 -0.00446929233098485 0.120978148847861
-0.0337144747560791 -0.0425576397189252 0.042399987827187 0.0977867088234857
-0.0370027576147532 -0.0404439691405425 0.0749797919858447 0.0649163459324089
-0.0369196778371839 -0.0548071546156266 0.0977561847095848 0.051151751667318
-0.0086165008378305 -0.0742759187030166 0.099767068608401 0.0517078784536227
0.0219149473617629 -0.069320956644645 0.0982056198938168 0.0517165272510979
0.0553215654079091 -0.0512321355204414 0.0967574618830004 0.0629827365549395
0.0873752944461791 -0.0284827078675285 0.106445704233352 0.0727000297118741
0.0977533144737644 -0.000136979097411258 0.148825137040929 0.0623620518048575
0.0996218026180164 0.0419012576547785 0.0679390584100168 0.0671137095451374
0.0968497278798001 0.0194572943948599 0.0203884978243222 -0.0335827083488133
0.0736097059815687 -0.00479199959066048 -0.0719496739542207 -0.0461868671221785
0.0623756385675107 -0.0407510062009944 -0.127960861840931 -0.00892834386843676
0.0391700806363752 -0.0700606178694266 -0.116271672793364 0.0645873212478981
0.00212631164786261 -0.0809068708402771 -0.0679526846278085 0.100371837098552
-0.0301198584646892 -0.0716010455641128 -0.0182354428416293 0.0987673350955291
-0.0454665043880789 -0.0759196621627739 0.0263997172332536 0.0759668919945569
-0.0498754392669419 -0.0711966973104859 0.0572195734764041 0.0410533109640396
-0.0484967432599546 -0.091336763946857 0.0862484743195796 0.0205763691079417
-0.0098141817207828 -0.118988163794195 0.102441049969143 0.0187329365953506
0.0374151374843533 -0.115139763056664 0.111661689039881 0.0313772521799188
0.0975730969600954 -0.0816047030515371 0.100062038374101 0.0558786405739332
0.14264354680729 -0.0283850615982645 0.0847717276491275 0.0677780019662212
0.148038831823746 0.0153062852463321 0.101119208069172 0.0483606312384382
0.124638184051603 0.0655507962788173 0.0232680763480148 0.0363794874543751
0.143145159685668 0.0391800734956545 -0.00861769344216712 -0.0569492048109799
0.123166627384642 -0.00777537685941515 -0.083531776627671 -0.0579729980961294
0.096178114517461 -0.0689466467778358 -0.123971828111045 -0.0177851424254979
0.0545394087893925 -0.103829678225087 -0.104313392584639 0.0412565254805029
0.00457327800443147 -0.110593443503983 -0.0682588234286893 0.0664488888861297
-0.0346180769334341 -0.0959834072732952 -0.0323534593437953 0.0654185006546252
-0.0502186082312177 -0.0978557697123612 0.00695682666228724 0.0441055925512456
-0.0534596246924712 -0.0912590685770071 0.0342551030970395 0.00921432328176842
-0.049872016793256 -0.115642654497613 0.0673648448851615 -0.0148924850223155
-0.00576460110191674 -0.145384441171752 0.0962602284270657 -0.0182708745092959
0.0486978792817569 -0.141384554127566 0.119031457075191 0.0098714933543299
0.125044606358024 -0.0980873760614501 0.0992886845262028 0.0495149953399232
0.176171412570501 -0.0221417597433027 0.0573469275265402 0.0658394320074955
0.173442507912582 0.0303779104244697 0.0435087865436965 0.031439899891638
0.132213681247204 0.074739028872183 -0.031794837534767 0.000455160678108754
0.166578826563199 0.0469576736657755 -0.0481680236465217 -0.0767682162800467
0.152011084905948 -0.015524498774758 -0.0941773463473805 -0.0666614720844996
0.111625330480148 -0.0910146114101625 -0.112371167072233 -0.0278964089075424
0.0570768299221822 -0.123434489642257 -0.0893481644415144 0.009029346569849
0.00212673457424218 -0.123809028329571 -0.0689876633032518 0.0237757759194142
-0.037100336822229 -0.104690596448957 -0.0477538372012053 0.0247744682751885
-0.0477972486738243 -0.104556779707827 -0.0119888327206443 0.00657505017593647
-0.0461590617670355 -0.0994652012345563 0.012648104860493 -0.0270651904902009
-0.0385197316345983 -0.122792774754669 0.048732688719557 -0.0494880619133925
0.00730739064528763 -0.148433541100606 0.0889835048191028 -0.051412756452399
0.062691556849965 -0.140416824705342 0.120998393462343 -0.00755216432382223
0.138362433239844 -0.0881139933458047 0.0922468619128022 0.0444394797296586
0.183114856053412 -0.00397250589113245 0.0269563012541489 0.0631723250005397
0.170223125440365 0.0467306782462509 -0.0142518204090209 0.0103611650187792
0.117555819857102 0.0691203694790856 -0.0899200353281088 -0.0319161553452514
0.158632553672133 0.0434609987032545 -0.0901163146024576 -0.0845070694651846
0.14789687474323 -0.0210344310093847 -0.101726563044204 -0.0681917409778172
0.102569811333378 -0.09346516261472 -0.0966209670232803 -0.0376278788156982
0.0472453617095434 -0.118384818097715 -0.0760972506311259 -0.0264962591719722
-0.000325523360085853 -0.114124252440945 -0.0748989213918344 -0.0197542843050026
-0.0336526234298181 -0.0965798923745367 -0.0625011927180678 -0.0151284744065301
-0.0374429829017874 -0.0965919698150135 -0.0285114863768992 -0.0311172634143634
-0.0315009111042518 -0.0931922979500333 -0.00387491943956583 -0.0626000915158329
-0.0185578823283846 -0.113911667123656 0.0362325138021181 -0.0808280378179367
0.0252470265928408 -0.127959411311197 0.0852955147658661 -0.0772770359019192
0.0749328242938953 -0.112524464307884 0.121126113769357 -0.0180465767745957
0.135085668699216 -0.0563435207541073 0.0821417656354544 0.0398405858839955
0.162882823918397 0.0224815750354847 3.93377710453074E-05 0.0530303181194306
0.140825735050329 0.0596351786674538 -0.0619193114063171 -0.0166267335413107
0.0805505439968743 0.0532726084746245 -0.140719043107712 -0.053098288339344
0.118057494676219 0.0350374697924379 -0.124684037873556 -0.0799713325162724
0.11305658877454 -0.0170766464996878 -0.104253126787333 -0.0662008208925981
0.0737319046684298 -0.0722728145462079 -0.0810216783955598 -0.0460544005960452
0.0318616608948315 -0.0865257674427349 -0.0701104881093263 -0.055289917972515
-0.00073135734381924 -0.0825491434742115 -0.0833613523133504 -0.0533240749479728
-0.0229156210805079 -0.0721702729375142 -0.0753663748671838 -0.0480865964595865
-0.0222618776833712 -0.074312816261043 -0.0402600311646898 -0.0635831461430116
-0.0149280027739376 -0.0736493501436142 -0.0108608258293482 -0.0938548280625494
0.00128363459946175 -0.0885518591896036 0.0348368229899852 -0.10514245741479
0.0371478999001046 -0.0901228030542334 0.0896432399291198 -0.0926043365958899
0.074932040469172 -0.0709205921866931 0.122230206309457 -0.0224480062593762
0.112731924775301 -0.0180989842777674 0.0724635149013886 0.0342504218202503
0.11998064137644 0.0447972799630982 -0.0180064358351865 0.0360907880712242
0.0919811329491676 0.0635166889299308 -0.0918486362069754 -0.045021549856911
0.02672803311825 0.0347195843881702 -0.172387853678373 -0.0606757752534957
0.0562745970512477 0.0299387190647267 -0.139882893255728 -0.0677007368166065
0.0601057845547335 -0.00215068765872718 -0.103179035844388 -0.0638442618647302
0.0376497762708891 -0.0314505750226046 -0.0742481246722752 -0.051472857068075
0.0176226649092566 -0.0368647816102511 -0.0726165264217517 -0.0708901262652719
0.00665242301768249 -0.0373449787088899 -0.0919110102316084 -0.0696167243231093
-0.00520041620602351 -0.0373848438645708 -0.083401272521173 -0.0679829568232669
-0.00434745133232404 -0.0409009157553069 -0.045136965755447 -0.0848389602438494
0.000995780249092334 -0.041871040065294 -0.0105356389794138 -0.114406536352398
0.0115992028281518 -0.0493063139750759 0.0422146287778557 -0.119736567449294
0.033304761433683 -0.0446339654475365 0.0985472553521823 -0.0977567415878773
0.0556375833388261 -0.0306380245394596 0.123836721285078 -0.0216423520098811
0.0741869532858116 0.00985925694027696 0.0686406549953888 0.0289729968602618
0.0640216990552795 0.0489252466235345 -0.0218209813575086 0.0172563451003735
0.0337891978176667 0.0516237946441545 -0.101541574300188 -0.0708277217214009
0.0161716530311939 -0.0215616590891636 0.113626243750864 0.0820165490216548
-0.0155619607373972 -0.0309442416478345 0.051593899034015 -0.0201402519884326
-0.0288732779573365 -0.00805319288804277 -0.0585970027905623 -0.0413370486043437
-0.0161719478606756 0.00827923524461049 -0.130043393900951 0.00106955469611167
-0.00786682940596645 0.00502725720861605 -0.123907341538226 0.0902411923002063
-0.00939029761299422 0.000528998269188875 -0.0586167832078969 0.134097791522239
-0.0115675669906637 0.00211315643959416 0.00704707084116859 0.128958763900091
-0.01720598272403 -0.00356074553416025 0.0539871334378775 0.106492950115901
-0.019099011117791 -0.0025588095497665 0.0848189591721245 0.0784987404004499
-0.0215539437656891 -0.0076773084758316 0.100525556590578 0.0704932351587652
-0.0120924531985394 -0.0176478511830253 0.0913012143025497 0.0737490104839472
-0.00510841462560719 -0.0160516355605004 0.0840349856878621 0.0645028314198143
6.07517524797273E-05 -0.0213218457877884 0.0925630895367301 0.0722465121489086
0.0180148066772101 -0.0324056214084612 0.12158468756265 0.086795342042657
0.0315120045135943 -0.0177143086855742 0.178787151400272 0.0749081473967218
0.0627783290284746 0.0110448829120003 0.0981424117547381 0.0841555698624611
0.0416349758289663 -0.00756309521054307 0.0405142803257989 -0.020016972500337
0.019924935800489 -0.007527098271728 -0.0627598515223372 -0.0402759185841881
0.0216327493084697 -0.0152198697896037 -0.129778805614169 -0.00415310242057426
0.0158021934157877 -0.0325498231035929 -0.124350520506931 0.0795935864385918
-0.00456604258308501 -0.0422827446193136 -0.0668762911893823 0.1235934771907
-0.0226297794799581 -0.0377703738652302 -0.00547844674431394 0.121680067755874
-0.0342995835812125 -0.0435289757924536 0.0431053152077234 0.0986144805223565
-0.038174411952966 -0.0411213805327381 0.0762386661244659 0.0653140956744619
-0.0370708087206042 -0.0554706271212992 0.0994089663114332 0.0510347797602357
-0.00895152937394984 -0.0758933643998421 0.101054014522378 0.0533722184904654
0.0225727107593382 -0.0705612432061793 0.098394867678169 0.0533699989133876
0.0565536800942126 -0.0521775165301379 0.0961448052433601 0.0659769401703694
0.0891255352762548 -0.0291381082818781 0.106360227826652 0.0758382576356988
0.0982815392661188 0.000827223900890297 0.149891397097734 0.0635485581262679
0.100270431059924 0.0442634940491955 0.0677521582583396 0.0675599203019581
0.0979659498531491 0.0195949215720345 0.0213303560972149 -0.035591402352563
0.0746128868483755 -0.00375494911877344 -0.0707579947372207 -0.0487826229302449
0.0632095240780372 -0.040852019641364 -0.130119205095408 -0.0116128733150793
0.0394237693632278 -0.0710720286474206 -0.118666876974756 0.0636557054408973
0.00195720614032432 -0.0820278880389282 -0.0696196063576135 0.100431589750582
-0.0300976995355976 -0.0727877896884885 -0.0187073010274542 0.0996728784142864
-0.0463780788904328 -0.0773682915451698 0.0264258699107461 0.0764628483703589
-0.0502673127955943 -0.0722674236091654 0.0574846449440316 0.0410554490073924
-0.049229104740644 -0.0935583229234206 0.087135661848932 0.0198408896509248
-0.0101957635318551 -0.120444134992381 0.104416635924945 0.018925862000493
0.037695775777471 -0.116795842197247 0.112275638452109 0.0327317021433207
0.0995588686826143 -0.0827938585088199 0.0999954801954071 0.0589231848445391
0.145182195109708 -0.0286715970881011 0.0842887392754129 0.0699890497421975
0.148873410994334 0.0165448098605366 0.102734071033753 0.0496122979057775
0.125110459804991 0.0683317447853631 0.0235797672280529 0.0367385385378357
0.145003761650591 0.0396248334579399 -0.00791882920890224 -0.0590733206724351
0.124784566430746 -0.00678886451101091 -0.0818954408454141 -0.0608264575072414
0.0974864483508912 -0.0694206397040444 -0.125238161335494 -0.0201572300905565
0.0542355443620424 -0.105006946516549 -0.106298712220744 0.0395696367598834
0.00415290420197369 -0.112719363162464 -0.0698308746561637 0.0655282867940883
-0.0351742549917296 -0.0971121249282942 -0.0328850050517245 0.0656788046032404
-0.0510162489892138 -0.0986711438666772 0.00640224004752297 0.0440069237016655
-0.0539495354375595 -0.0926900527580696 0.034837816171521 0.00862094266608546
-0.0509662152582511 -0.117078260772727 0.0681218829250628 -0.0157704132040422
-0.00669173491293769 -0.147469154177962 0.0984471892007157 -0.0180748381012535
0.0490746211462432 -0.143233852103821 0.119999024030998 0.0105468367527346
0.127112266472013 -0.0986685537739251 0.0992213853203117 0.0520426604885281
0.17890288322369 -0.022602013335868 0.0566754020718688 0.0674484732916651
0.174844851267894 0.0324488914118647 0.0445282241311266 0.032254853763151
0.132313682939156 0.0777406952918875 -0.031882590453218 -0.000965748075191585
0.168903425966166 0.0474333856997114 -0.0477017443485136 -0.0798404391082347
0.154021437922434 -0.0139011612519902 -0.0925695266972211 -0.0694549936644871
0.113087927338567 -0.091358971517212 -0.11316553611778 -0.030879241356578
0.0573920135069552 -0.124692781702987 -0.0907094472736858 0.00720661880352554
0.00268639910531578 -0.125613953441997 -0.0715573292030538 0.0230714758241806
-0.0373566489681481 -0.105951982810472 -0.0479835045809428 0.025254984049475
-0.0482534336492612 -0.105708791839223 -0.0129153549646309 0.00579627384297352
-0.0463906982506846 -0.100531035679295 0.0121934983032057 -0.0278429117303825
-0.0395722658983395 -0.124768348749706 0.0495149080958921 -0.0509635026131037
0.00731630097106972 -0.150142038774729 0.0902179551467404 -0.0519042501697389
0.0630823412246286 -0.141491832173894 0.122603329005563 -0.00729410332560338
0.140272480710062 -0.0890154059258046 0.0926018028630564 0.0469991750251789
0.185751827271929 -0.00382259434323302 0.026306641759469 0.0640726579796962
0.170937839391278 0.0488734921127663 -0.013496899636452 0.0104216813834037
0.117774287147973 0.0718849293466606 -0.0905188663083798 -0.0339294141814353
0.160228111161551 0.0447345282563642 -0.0903667866335262 -0.0880549209670838
0.150305274568722 -0.0195536647031979 -0.100586590621043 -0.0714338571741677
0.104037766069678 -0.0941357643086962 -0.0962692095658326 -0.0403929498422911
0.048052684766369 -0.119827412081537 -0.0773405431397693 -0.0290400650172571
-0.000287331711387954 -0.11565917226114 -0.0762431105615869 -0.0205188549052642
-0.0335101666644407 -0.0974859577700667 -0.0631438467575006 -0.0152014130196325
-0.0379497965854262 -0.0969336840908503 -0.028891493440217 -0.0324947594381659
-0.0319809602099434 -0.0938404055717482 -0.00380630160350989 -0.0639228797169467
-0.0191567561040518 -0.115185654459932 0.0370491215691954 -0.0827070457384864
0.0250248773288046 -0.128913122405441 0.0868220844176133 -0.0780278237756522
0.0753478477762861 -0.113557882977924 0.122907896703294 -0.0186286459683871
0.136706277094281 -0.0562220894280666 0.0821136840682649 0.04201190105214
0.1648081952798 0.0233897864603439 -0.00102535706266931 0.0540896198260094
0.141093689503251 0.0617474741941658 -0.0612921029280765 -0.0165892174917093
0.0803171503965204 0.0557505298041679 -0.141604676616579 -0.0554742403081846
0.118986688569832 0.0359770276648589 -0.1245334303231 -0.0836840879151994
0.115140531049178 -0.0167864854031091 -0.103527165182935 -0.0679830002419254
0.075317161688337 -0.0727883386478986 -0.0814479850386862 -0.0482825307538472
0.0320930810477046 -0.0875495168323178 -0.0713051350217526 -0.0584952417809013
0.00034929702848396 -0.0843062707652792 -0.0850294414728381 -0.0540549681084301
-0.0229799797385646 -0.0733491283812886 -0.0761832796078256 -0.0477152074318064
-0.0228114676920374 -0.0742067282210692 -0.0411021271550152 -0.0648113021679549
-0.0145846703618589 -0.0737063494932189 -0.0112335486301039 -0.0948653802429979
0.00096947501866679 -0.0889361664182339 0.036107282053206 -0.106857731953808
0.0376040970936345 -0.0904968027887296 0.0907852506894741 -0.0928993650480756
0.0752837863215643 -0.0712378427148475 0.123530597046826 -0.0223316999420105
0.113450205372204 -0.017324557600482 0.0722230134026199 0.036054547494055
0.121805792655226 0.045688086815404 -0.0182954859631652 0.0362900593243564
0.0920545429803982 0.0653462925763313 -0.0916306403208559 -0.0453643445430646
0.0257367584101572 0.0360297226118823 -0.173278693070958 -0.064269025316
0.0571026100255811 0.0307758336786536 -0.140256214651212 -0.0712165185583076
0.0609094929245132 -0.00207300691506938 -0.102540323832966 -0.0658750802444397
0.0376532613662354 -0.0321354400586033 -0.0738655814136334 -0.0537425659695523
0.0181713881868378 -0.0371638352038576 -0.074011052820993 -0.0735256589553722
0.00678145165926107 -0.0378313755651454 -0.09375812966858 -0.0701963060998837
-0.00485334360830317 -0.0377583832547998 -0.0843058217123989 -0.0677700818737809
-0.00467071183470169 -0.0411182863502859 -0.0460261368697305 -0.08698017228347
0.00111848586898307 -0.0421616295604983 -0.0101481403923943 -0.116547956361841
0.0118427499960073 -0.0491395020219095 0.0433348953475162 -0.121247657988046
0.0339091109186634 -0.044117377639455 0.100395654205334 -0.0980051745482192
0.056137812131821 -0.0302391497447377 0.124909133911707 -0.0212983720320794
0.0748376279854779 0.0102812499401982 0.0683608488650254 0.0297846505677673
0.0639201450224966 0.0499094339231265 -0.0222679018158326 0.017741613615043
0.0332148115257988 0.053026896793397 -0.101145505529329 -0.071141768021144
0.0024949945588224 -0.0275727408522406 0.141711348175913 -0.00458050293998421
-0.0302233176945974 -0.0158005895868791 0.0276803604354121 -0.0504178377889159
-0.0287508157392788 0.0108677542824659 -0.0751475859174897 0.00146595279898131
-0.0084400716072531 0.0168732460943904 -0.107020362284463 0.0818458473550821
-0.00299868287822271 0.00907324029810507 -0.0447947696431618 0.149909959872827
-0.00736779719116787 0.00646332700077857 0.0354501333485699 0.145553836254311
-0.00811339326994732 0.00811176754144294 0.0864908783639948 0.100805280037699
-0.0163407949980981 0.00802664204962427 0.109976218889809 0.0526744045191606
-0.0167504075877811 0.00962637733778917 0.118333366855017 0.00984683943019909
-0.0215889961394687 0.00684898344019112 0.127576522173175 -0.00547969154420434
-0.0207460028923545 -0.00802190333664362 0.122025987706579 0.00290881283382441
-0.0140444595088798 -0.011075148453402 0.110117519230435 0.00189100034584037
-0.0117543563796039 -0.0197876096584709 0.121144062327169 0.0020370340369736
-0.00425560152880173 -0.0384916474039081 0.157791221871262 -0.00595027659252251
0.0176748034619217 -0.0337597546182257 0.196129018418486 -0.0525847169799106
0.0602361473834868 -0.02631899116797 0.132173225780942 0.0029112623601137
0.0291817838658333 -0.0308074238299307 0.0205903063383872 -0.0445663185285968
0.012086322602919 -0.0170415467290803 -0.0756767997473375 0.00233499600637375
0.00837470361653575 -0.0239916508924523 -0.110440252967262 0.0746813989322301
-0.00648959735436137 -0.0354211784307445 -0.0534427855974499 0.140269701491548
-0.0293566324187025 -0.0312862777150667 0.0213172449544341 0.140192718960153
-0.041172194523885 -0.0174641002149462 0.0708458810555237 0.102468305967351
-0.055769117082853 -0.0135960245715198 0.0967752535756077 0.0528964118768761
-0.0568812007698445 -0.0103137046396449 0.103295277005523 0.00522205313434017
-0.0658547883826699 -0.0229245987440487 0.113851808811077 -0.0203146193708496
-0.0553178065627111 -0.0578909133697411 0.116193031040963 -0.0201253104551083
-0.0244352820158677 -0.0740415593390052 0.114025431024707 -0.0165117451974476
0.0165454782459314 -0.0820203246936295 0.120087024406003 -0.00455925027550371
0.0572818170927823 -0.0827049397774441 0.138156925553096 -0.00343456528430855
0.085676273173369 -0.0619003141467529 0.163619026382476 -0.0413356065804263
0.110235144093084 -0.0197145022287708 0.0989063642401926 0.00554889993150397
0.0901049560783727 -0.0413766154689164 -0.00181341917448206 -0.0460784442656165
0.058324152315197 -0.0465135034702698 -0.0869613967715111 -0.00185284712319026
0.0267231648281429 -0.0680147178877543 -0.115133751094454 0.0670744132073641
-0.0100051498164252 -0.080471000917335 -0.0588459613623301 0.122457466099039
-0.0485529343274362 -0.0674573343201414 0.00417956802026863 0.122702771758719
-0.0687968274473196 -0.0408782193916854 0.0462477405641458 0.0929099493961286
-0.0862734207061581 -0.033726948912388 0.0689372691840592 0.0458264974226372
-0.0870162305386173 -0.0286444036905065 0.073481363894366 -0.00378749935039256
-0.0995186467775844 -0.0462396917626264 0.0846203499927946 -0.038805309643766
-0.0850207880388995 -0.0949237171821091 0.0964402776586018 -0.0488994933558144
-0.0409550013601208 -0.122723393244729 0.11258754998869 -0.0415756562117073
0.0324475709421147 -0.136338698722258 0.118564619888732 -0.0123109329578111
0.10464645181445 -0.118926223572798 0.116020323423728 0.00798708802485483
0.137993467607575 -0.0811506739933091 0.113096874470676 -0.0203932719855075
0.146027037014378 -0.0130274950990345 0.0444006801055641 0.00512733675404424
0.139645552894061 -0.0518053763807149 -0.0388440355613258 -0.0486844795549982
0.0980578221900713 -0.0784986328391699 -0.101628351387307 -0.00752464527044428
0.0381225860870123 -0.111172843593529 -0.116783215568221 0.0547444818372005
-0.0185157014830817 -0.1174496185839 -0.0646253822701224 0.0945012771423685
-0.0650204506496116 -0.0940076261244939 -0.018021047274049 0.0940286013698145
-0.0876769792324824 -0.057245542576801 0.0132274591186545 0.074298036252533
-0.103449218651201 -0.0489587745862738 0.03263795988899 0.0316913607982736
-0.103224667008793 -0.0431518414583872 0.0345139481658214 -0.0155063910549869
-0.116266354682421 -0.064805423289613 0.0465329895997256 -0.0560547454268636
-0.0995389081455435 -0.118871371959532 0.0679041584741222 -0.075406908489077
-0.0485129719595346 -0.15195879919496 0.104973134642499 -0.0650050853193739
0.046226450819254 -0.167684158189951 0.113419220143372 -0.0173926545627098
0.136917810173572 -0.135814023798105 0.091680691169977 0.0255080370205443
0.168856207127942 -0.0850415979955588 0.0525110992876223 0.00418781132169187
0.156292743112498 -0.00905922897106118 -0.0234714276565287 0.00838982441601292
0.163400959218355 -0.0594606611129898 -0.0826303209459074 -0.0412689280201664
0.117787718387361 -0.10206158748362 -0.115299353159098 -0.00922484281168118
0.0381263596972191 -0.138506731715215 -0.113364363902819 0.0371624406102694
-0.0277566140439462 -0.134961033424203 -0.0721787643601093 0.0577063757546689
-0.0745423166722649 -0.103368835959759 -0.0460718556699361 0.0597916098720966
-0.0940573808525089 -0.0630729998066527 -0.0248298763189726 0.0505250741155785
-0.104831411367697 -0.0561915125840102 -0.00706733743688507 0.012368002902012
-0.101843735565398 -0.0538400792549222 -0.00636505480076034 -0.031351102762463
-0.11193566010525 -0.0786432661151509 0.00840143345916819 -0.0730677532956832
-0.0902954428652664 -0.130040136723732 0.0395804505897679 -0.0976149808472865
-0.0353689078111744 -0.159348281624097 0.0954130439961058 -0.0819624310088267
0.0632994967089783 -0.167703946000019 0.104214016960021 -0.0172410481588374
0.154469501660765 -0.123377736642824 0.0631917343564559 0.0421835169522554
0.175540315713808 -0.068555484032612 -0.0101383596491527 0.0234160611723945
0.139535631177595 -0.00517005549669348 -0.0913784640106765 0.0186472211126388
0.154943394359964 -0.0566685908032587 -0.123394771852305 -0.0217595231563701
0.110858713272567 -0.104290783548561 -0.122892550701193 -0.00637227460007357
0.0291968922741995 -0.135549381587948 -0.105543294294199 0.0178865292899644
-0.0323248148516956 -0.12496918880446 -0.0837932585346678 0.020549779606124
-0.0707229829664729 -0.0933377087727268 -0.077373630607062 0.0276499018254686
-0.0862670178792329 -0.0577795196163161 -0.0623684079882293 0.0273506819811939
-0.0914886901463228 -0.0552065572843459 -0.0442956687178574 -0.00890249128597136
-0.0859383350642546 -0.0576901924960545 -0.0428252892922196 -0.0505992081232524
-0.0891909873990357 -0.0832721204624003 -0.0211792299266033 -0.0913657258789658
-0.0616284896673696 -0.124340019861831 0.020588149875481 -0.116942001767256
-0.00758751399002219 -0.142798150090546 0.0884672265430845 -0.0916415899843774
0.0812360395733783 -0.13708272954393 0.0920436538659591 -0.0153813059804803
0.153875012539518 -0.086455661594939 0.0337007754485116 0.0508421105176162
0.15905034155284 -0.0381159717252284 -0.0664958645864685 0.0301215614374812
0.0986825874189045 0.00205410724294835 -0.14756711384716 0.0349078270022668
0.116431008150953 -0.0396556429040554 -0.148989521188684 0.00409308397053023
0.0830580364155696 -0.0812888689182429 -0.124475809325418 -8.0506353214586E-05
0.0180458131625834 -0.102113544184556 -0.0982045732965731 0.0038740228783621
-0.026691678835813 -0.0898029450437924 -0.0962366008435085 -0.00639862718104309
-0.050747573950141 -0.0680852487064741 -0.104520610718733 0.00672308889445438
-0.0626505344792433 -0.044690626960157 -0.0932361602116146 0.00840494958741078
-0.065013481622122 -0.0463270296157376 -0.0745018391631582 -0.027461627698395
-0.0589892401406681 -0.0523162728801016 -0.0685535483988143 -0.0707890997953417
-0.0558331136065461 -0.0736559363496746 -0.0368440633248841 -0.110276583631637
-0.0264437953034985 -0.0996872383543856 0.0148144131264535 -0.132297733751021
0.0189827435800073 -0.106721297738687 0.0864064309045792 -0.0955578695264775
0.0870479317769289 -0.0884426279998884 0.0802386379957533 -0.0150758341533599
0.130794744200428 -0.0393951305902185 0.00740228930903285 0.0462110021870107
0.11850179051409 -0.00392462793511115 -0.108886931342411 0.0239604643212484
0.0415204961420706 0.0163898281973194 -0.178769409301655 0.0512924698502438
0.0627400641953291 -0.00765104252619322 -0.155728889807201 0.0258296806555374
0.0477666680195123 -0.0376028990392141 -0.123074406685375 0.00468803266515543
0.0111336436518691 -0.0470809864387375 -0.0944066837862676 -0.00297907836645883
-0.00754453728602962 -0.0401620518044859 -0.107216401661887 -0.0164106160956432
-0.0173232907190716 -0.0343703001526073 -0.120211273755378 0.000720822084479712
-0.0266267147999301 -0.0269566808965414 -0.112112170058141 -0.00272207983029242
-0.0294011301596669 -0.0301255077987365 -0.0921034226934697 -0.0421287194227313
-0.0258062434223248 -0.0359500643560357 -0.0811628942254921 -0.0885059183127778
-0.0219186959226435 -0.0481438121601168 -0.04006790327466 -0.126165792796926
3.21148421342145E-05 -0.0591065411119623 0.0192157256877065 -0.142047460647603
0.028643902220089 -0.0610891177009745 0.0882299098255328 -0.095542354180633
0.0711980201179659 -0.0396639613740927 0.0729725882031594 -0.0179234730215521
0.0855675061656093 0.00148113369419721 -0.00813011044484803 0.0316311422234676
0.0610388224773601 0.0231430320230626 -0.13177234661709 0.00736057659980963
0.00184836996141514 -0.0289661574565066 0.146355093291207 -0.010682729365324
-0.0323837885813687 -0.0149205094098842 0.0255094142236035 -0.0545397237484172
-0.0287168681101916 0.0121087753955855 -0.0780642003186237 0.00355779421134559
-0.00794271814309589 0.017932230066579 -0.108493089377696 0.0887235213267579
-0.00268276238380365 0.0096795694528566 -0.0410178107836777 0.157408889700513
-0.00780106007716926 0.00705740044459452 0.0420923153700121 0.148876828399329
-0.00882471452311012 0.0083289854088844 0.092063093360533 0.100094330487983
-0.0172368847426649 0.00916526233499751 0.116316892993716 0.0495105692613579
-0.0173612455280605 0.0104487302342959 0.122734498600335 0.00471508574476616
-0.0222554926008143 0.00744444826965958 0.131911203103963 -0.0112820503610016
-0.0221190394143901 -0.0076700560034268 0.127574101324999 -0.002161467488129
-0.0145783754168327 -0.0111566633068876 0.113837740639238 -0.00058606585842049
-0.0130962457750007 -0.0203426857145123 0.126612117454868 0.00033903839146978
-0.00642345788551579 -0.0398071031738091 0.16382203809291 -0.0112366060356298
0.0170626058617979 -0.0352582204794187 0.200265310781493 -0.0617998046863458
0.0616160989767961 -0.0288883172411693 0.136693166125002 -0.00201218072645615
0.0287341226701822 -0.0328117483783362 0.0183053671543143 -0.0483628720382429
0.0122236988708516 -0.0176473379996036 -0.0787992881647597 0.00377591276154476
0.00790082384371954 -0.024394854089324 -0.112541736115596 0.0820487149661971
-0.00818980307159016 -0.0363078478070101 -0.0497700347886391 0.147140750112744
-0.0321458817019445 -0.0309321795621359 0.0269611278815558 0.144001258793419
-0.0436246008995743 -0.0161288090424562 0.0770123605128008 0.102132339016343
-0.058654081287021 -0.0112822200403476 0.102125387400482 0.0507384295511757
-0.0596536881903374 -0.00898168640255361 0.106403948200885 0.000436662048676416
-0.068938971836793 -0.021450482099148 0.116824901510505 -0.0273293740917201
-0.059813795371436 -0.057640547037211 0.119785103739771 -0.0254737714808582
-0.0287129010538748 -0.0752445711132622 0.117747236829648 -0.0199811776360803
0.013531908842402 -0.086352587626805 0.125080535082335 -0.00639699670915483
0.0558452438945211 -0.088151920941833 0.144073663987453 -0.00755665705614259
0.086424883084728 -0.0660256444494435 0.166895343952084 -0.0489550983195466
0.114413291677583 -0.0241010831220644 0.101970809986375 0.00186318944803493
0.0915001401190712 -0.0463017374991273 -0.00457595046268869 -0.0494351009904264
0.0591967118842237 -0.0502875038492583 -0.089631789319463 -0.000808109558587007
0.0248471260146121 -0.0709347772264147 -0.116900025607889 0.0730244467492115
-0.0139888253737162 -0.0822860264116778 -0.0572168119891277 0.128754261866408
-0.0534675289468401 -0.0671252090722309 0.00801429516059537 0.126387360801707
-0.0731589483088757 -0.0388898683859172 0.0511633994433412 0.0938353480462481
-0.0907772276198355 -0.0308779961158024 0.0731413413949205 0.0445744972685466
-0.0918410971618696 -0.0256654520068227 0.0753611355717086 -0.00727904433676031
-0.104993396952715 -0.0441086843763969 0.0857571826559613 -0.0442548972272273
-0.0928777859405584 -0.0948714206685497 0.0984294874568717 -0.0549604820889457
-0.047525824922194 -0.124949349689089 0.114683020041007 -0.0465485380729309
0.0278898373184398 -0.142556994062255 0.122792670272094 -0.0147215664696061
0.103010753936561 -0.128418026341773 0.120903352493987 0.00567443929705366
0.139406834600326 -0.0884876043867857 0.115957635892928 -0.0260823556463807
0.150787566549707 -0.0183654134491116 0.0456150294108082 0.00376903506513192
0.14243962604973 -0.0592966783107367 -0.0426708162152038 -0.0498357239847443
0.0994376501006427 -0.0847046864161804 -0.104859051122776 -0.00611252228170102
0.035390766603631 -0.116310435805048 -0.119841482288235 0.0600102626520298
-0.0238562135044122 -0.120602755480266 -0.0641272093464145 0.0998947617058898
-0.0716089342690865 -0.0938420864583272 -0.0159600166898827 0.0976727633682741
-0.0932549972008206 -0.0557307509702917 0.0165176237371889 0.0766153394154363
-0.10993661840842 -0.0456173961482152 0.0346819147390876 0.0311340894050812
-0.10852534457973 -0.0401713654705658 0.0338176343454598 -0.0184826834916194
-0.123459106918415 -0.0617279018470674 0.0451558641144807 -0.0606193712838663
-0.108518069024964 -0.118443896883209 0.0675136284746652 -0.0814459295448598
-0.0562793227336061 -0.15524902274769 0.105638783638967 -0.0710183059277635
0.0405553819786064 -0.175949790037477 0.117499711927495 -0.0197139215994846
0.136240243678604 -0.147077210214821 0.0955254461882405 0.0240697579630255
0.171202131216544 -0.0933042325128768 0.0547527282996937 0.00173598674626477
0.162155971925002 -0.013426278362043 -0.0244667114790535 0.00916342964050023
0.166815062965291 -0.0681912741668183 -0.0887882262201693 -0.0406772552566159
0.11851346905161 -0.109599648126445 -0.119278846524238 -0.00813761818095271
0.0340391427646979 -0.144861308495209 -0.116919482968759 0.041402549543337
-0.0350367518774488 -0.138191070577235 -0.0741016761588869 0.0612489530947781
-0.0821619602231454 -0.103660659597816 -0.0458982044767817 0.06363021208915
-0.100305216477937 -0.061242821138995 -0.0231694568793556 0.0534214986784873
-0.11106512167786 -0.0529792232589134 -0.00717978328240879 0.0126864979941947
-0.107624794342378 -0.0511268862208193 -0.0088211024002456 -0.0324312540114105
-0.118898238822069 -0.0763985592966182 0.00484876685331363 -0.0757775627764353
-0.0995904448363529 -0.130630759695109 0.0374068893927233 -0.103447016961822
-0.0435618134908401 -0.162811206026525 0.0947013060335636 -0.0882633688001108
0.0583931154384064 -0.176348199885771 0.107717168152256 -0.0198480874479006
0.154998330824396 -0.134877262045665 0.0672445865507022 0.0425185282305338
0.179289101996671 -0.0764980248481036 -0.00863293475472518 0.0239203478973881
0.145467629580477 -0.00900534405480095 -0.0956561272455816 0.0218246538804387
0.157576266786159 -0.0651927105700873 -0.129351813465837 -0.018186355704028
0.110879159963236 -0.112031306305038 -0.126978573052351 -0.00417905577954583
0.0245994704316759 -0.141115702899815 -0.109684231749013 0.021263531967247
-0.0391879903576536 -0.127956544292716 -0.0875722445736295 0.0234258477657085
-0.0777488894624908 -0.0943647040197956 -0.0800330637319191 0.0323937306246636
-0.0916394368540632 -0.0567982009182192 -0.0624131691237324 0.031442254318838
-0.0973144473228225 -0.0531625711096521 -0.0466414407304346 -0.00716541599303082
-0.0912610507999313 -0.0556437171651815 -0.0472251013310583 -0.0511887768302936
-0.0959748122719594 -0.0819038827365201 -0.0262009542579219 -0.0936608918152642
-0.0685821571012205 -0.125391340512584 0.0169971697139627 -0.121925353333991
-0.0140111249724322 -0.146658613825489 0.0878167902307785 -0.0983410972668016
0.0780711542367906 -0.145019323504788 0.0946999016486917 -0.0176969124191785
0.155622362224647 -0.0964368881951819 0.0366686839737744 0.052527375304323
0.161658637587984 -0.0442096498314807 -0.0663040365116705 0.0336240248588138
0.102608998693839 -8.15516324327364E-05 -0.15202509356886 0.0413927439991563
0.118777700516993 -0.0456256224649572 -0.154793803101274 0.00996531734654599
0.0831626765778178 -0.0874932061841154 -0.128532398767967 0.00208971459053755
0.0139055793270769 -0.105926946680242 -0.101126596911961 0.00557934507165568
-0.031548337849097 -0.0913305660736396 -0.101309699899177 -0.00447848642446593
-0.055826479574262 -0.0678990586941505 -0.10843310886816 0.0119203392142713
-0.0661366544912768 -0.043224903362001 -0.0953627168446405 0.0131517679845676
-0.0691922576297203 -0.0448690741507336 -0.0783917199579748 -0.0258852669458791
-0.0625347392774603 -0.0511033542809678 -0.0742037878884883 -0.0703981602606223
-0.0612525114175011 -0.07327273833314 -0.0430519664686825 -0.11203405820639
-0.0312403416892293 -0.101248016074307 0.0103776069999859 -0.137142180773986
0.0151225291831503 -0.110427507132849 0.0859588318647467 -0.102397219577987
0.0859305488860117 -0.0942733546052131 0.0829444452898175 -0.0171440755563826
0.133171582870195 -0.0456928146240554 0.00888679126165592 0.0488315505049588
0.122532928455972 -0.00763084561639072 -0.110414931856616 0.0281690477840665
0.043346528934857 0.0168600708857574 -0.183602406726422 0.059118051365707
0.0646244590047059 -0.0102241775999398 -0.160977013057696 0.0326526702564189
0.0475581576250825 -0.0407424757751356 -0.126890149853062 0.00761671210249949
0.00973581370817928 -0.0489541309101251 -0.0977427025276468 -0.00151804385542248
-0.0101209293646567 -0.0408989748382365 -0.112447033544996 -0.0127927051296278
-0.0193940582214439 -0.0350879604706229 -0.124898944907852 0.00574287627036628
-0.0282871828648144 -0.0269172069353678 -0.115422132402057 0.00250026814492271
-0.031154133648169 -0.0298669114647899 -0.0974289667902722 -0.0400790405308364
-0.027840492405636 -0.0355367592373447 -0.0880227121694114 -0.0881461624975354
-0.0244697697854597 -0.0483956335658223 -0.0459512768277623 -0.128659971457542
-0.00196637277726262 -0.0612420702530038 0.0154131446399162 -0.147569686798723
0.027781629929219 -0.0636892729801392 0.0878400230361136 -0.102398378918353
0.072142510081882 -0.0434214906780838 0.0750950073283919 -0.0197369673637686
0.0887251425163579 -0.00179570993942906 -0.00699455856695523 0.0337459013477495
0.0643668671994048 0.0218148980165593 -0.134606191896003 0.0126865012300726
-0.000142142310696594 -0.0296519931884946 0.147844706939728 -0.0206683961473801
-0.0336361019410688 -0.0129832468890402 0.0211893948283345 -0.0584133940080043
-0.0283194329857029 0.0140308202860317 -0.0795464203976745 0.00733201285116286
-0.00680057057260826 0.0185012985725469 -0.104739431135653 0.0964891258619774
-0.00213399715950875 0.00993638965179085 -0.0318371405788606 0.162373182851104
-0.00736686042825351 0.00826485035053487 0.0516859151454864 0.147931687192062
-0.00892026186097193 0.00891036882278492 0.099282312008851 0.09520261772081
-0.0174102289043471 0.0104892426854188 0.121569859572106 0.0424101064102729
-0.0173253948915237 0.0114353698468918 0.124583767140183 -0.00296644362759577
-0.0223188780668702 0.0081103071411624 0.133512539336489 -0.0205625919058542
-0.0232884805987073 -0.00644530527424648 0.130507425730554 -0.0100053244451818
-0.0152257788209546 -0.010470103456559 0.115539918103848 -0.0057902845601256
-0.0149699706608196 -0.0197418518971876 0.130298511576687 -0.00545740427309978
-0.00989185573314999 -0.0396568474768406 0.166696236613146 -0.0202738685771602
0.0160707948802938 -0.0357766179320003 0.198388013446548 -0.0751546114520216
0.0608422332583483 -0.0334518956526061 0.137884957026071 -0.011052588160401
0.0268062477640723 -0.0350970698386986 0.0141778464897247 -0.0512295734440882
0.0116652235545311 -0.0192275222068301 -0.0796513059749992 0.00728010784192902
0.00668422720799651 -0.0251498637198609 -0.110034826333278 0.0898455407605575
-0.0108542671327888 -0.0363388792122691 -0.0415179905029045 0.152371705454483
-0.0344755668323343 -0.0286436609386662 0.0359307625633499 0.144406673279499
-0.0458447128769388 -0.0135087516692327 0.0841614875217779 0.0981472946103267
-0.0606315178008325 -0.0074437912004005 0.106447854118351 0.0451290686117966
-0.0613132627142398 -0.00512322333751028 0.107900961032234 -0.00673847678448269
-0.0713394085313169 -0.0173964757061392 0.116948079676688 -0.0351903947090146
-0.0652003738954635 -0.0552264518698926 0.121785919254894 -0.0340211336643545
-0.0336408867780589 -0.0749917881705354 0.117957929857247 -0.0267551828413772
0.00795796736788275 -0.0888849742885623 0.128030549815075 -0.0124075048971671
0.0504015137254695 -0.0930811505667975 0.14581684696102 -0.0158254168907876
0.0838104705422097 -0.0713381793847131 0.165346575583001 -0.0599342806056259
0.11567519812867 -0.0307799128795119 0.103082731979138 -0.00491258926646544
0.0897591328456318 -0.0529120884601703 -0.00959899223964578 -0.0509543309075082
0.0577854568704648 -0.055291375408553 -0.0910986694551341 0.00282781075176569
0.0211499154280821 -0.0738205517229469 -0.115695221406335 0.0810962098726856
-0.0202497874655318 -0.0823646842620757 -0.050167305882763 0.134095056893232
-0.0592746684590382 -0.0642531823494297 0.0153189627669621 0.127842667531454
-0.0768832706997774 -0.0346766555175686 0.057564034055253 0.0917675304883023
-0.094690048364913 -0.0251667382640908 0.0767814162715644 0.0407378713186756
-0.0949323397193397 -0.0201294340115534 0.0753673449189591 -0.0120170877601248
-0.109749030962515 -0.0378089004100282 0.0833696740369987 -0.0505134144840392
-0.101405885870965 -0.0899562303404844 0.0966285088632755 -0.0624962809354887
-0.0562333808139014 -0.124116630245326 0.113272621159697 -0.053644304167946
0.0190923656087921 -0.146902479005493 0.125142608904788 -0.0201231314350517
0.0963541191816037 -0.137619823522063 0.122691396801221 -0.00123622047424479
0.136453833942667 -0.0970385916976615 0.115427270126364 -0.0341286615143126
0.153243026224291 -0.0266064477930059 0.0458849763290482 0.000730147306012197
0.140783903619677 -0.0699182856241615 -0.048485914288473 -0.0489198117421471
0.0960705661298232 -0.092203545300964 -0.106812511777468 -0.00240677945047587
0.0281110207006298 -0.120301244405116 -0.118490477715785 0.0679181016250313
-0.0329675431800612 -0.120378060687087 -0.0594372993041858 0.104691195985728
-0.0798056667720411 -0.0901020502456375 -0.011225217912111 0.100573888218493
-0.098621830575064 -0.050481196296387 0.0222937757073609 0.0767636536546793
-0.114260466467532 -0.0383510210073026 0.0367472423928426 0.0297135697347756
-0.112910340618024 -0.0340128361609729 0.0326555308743901 -0.0204255851430128
-0.129896516610478 -0.0551933974344398 0.0409799922948423 -0.0645191041345559
-0.118920831364012 -0.11350363544474 0.0640097402058497 -0.0873813259644386
-0.0674070783584225 -0.15312721938859 0.10299416277096 -0.0782914373818926
0.0291674220922651 -0.181443710810718 0.119110934736493 -0.0255876707051244
0.128039198155729 -0.158500494545521 0.0983503177458873 0.0203355690303948
0.168181950510857 -0.103247339361611 0.0558670989186907 -0.00235837062138507
0.165072426957107 -0.0229411805768075 -0.025554854543617 0.0107887247252295
0.165031505095699 -0.08033277037662 -0.0935725752937521 -0.0364301945915671
0.114057901148652 -0.119066825177708 -0.121429489929635 -0.00389133562910697
0.0250833658293003 -0.149111124000878 -0.116857210619652 0.04828209331998
-0.0452395899167109 -0.137914663060709 -0.0721763491585774 0.0665224701583107
-0.0909378571376093 -0.0994926532880189 -0.0441105639631309 0.0676494891035029
-0.105871873235422 -0.0563478559550949 -0.0187260525615981 0.0557585761818095
-0.116747988727313 -0.046538770465356 -0.00719425479831587 0.013873140129333
-0.11285165427902 -0.0452533752543549 -0.0121702251014952 -0.0323224843389093
-0.126375876690618 -0.0698084173406054 -0.00065298959663686 -0.0774449550791387
-0.110291871816484 -0.125513058452181 0.0319721595414492 -0.108055724702484
-0.054560611194216 -0.161726403682366 0.0907400302453636 -0.0958358622071682
0.0478261208051143 -0.18264642958303 0.109019153677409 -0.0251195469216816
0.14804725313205 -0.147406821968293 0.0702835491659004 0.0405167142836721
0.176808203069972 -0.0873416135015395 -0.00679323427275937 0.0241623052064377
0.148259897937275 -0.0166306080706207 -0.0964930982721469 0.0278701646888508
0.155670173575156 -0.0765744665034858 -0.133705192605321 -0.0113085370616093
0.105609034237854 -0.121229506438252 -0.129001631062989 0.000680093025760994
0.0153864417527309 -0.144803710844348 -0.10995999949012 0.0269946092267896
-0.0491783336917693 -0.126720101773358 -0.0879455551924954 0.0282606933607909
-0.0857874451235418 -0.0895256827434211 -0.0796705818069094 0.0381400316521516
-0.0969280268172022 -0.0516034154525181 -0.0601107903411505 0.0352364608672589
-0.101661678545826 -0.0472874525990251 -0.0488059703268107 -0.00402595733677896
-0.0958646117570863 -0.0506985003253623 -0.0520083943352058 -0.0485901532254744
-0.103325282877448 -0.0766009942857234 -0.0330483173515106 -0.0930863433305691
-0.0783155125627984 -0.122222433415562 0.00943853344342637 -0.125631330004273
-0.023094659481882 -0.147408534439614 0.0824996177792864 -0.105524834213635
0.0696434330834299 -0.151263020275162 0.0958689821231791 -0.0222033255749117
0.151527906143317 -0.108028789350701 0.0403936666346754 0.0522790015597646
0.161539256599682 -0.0535496501919435 -0.0641291958293762 0.0373388307104036
0.105098076501333 -0.00535006166392806 -0.15293816581521 0.0505390556353418
0.117637549505077 -0.0542049441160588 -0.156990746914682 0.0188058976595817
0.0790699402400198 -0.0939014408658422 -0.130234608424717 0.00786969018375341
0.00698461452388053 -0.108252294229462 -0.102956287130719 0.0101648187146288
-0.0386752210645887 -0.0897345631093399 -0.104218075642455 0.000712185892017904
-0.0621661833645745 -0.0656111444400494 -0.109581460803799 0.0197915060848496
-0.0701922988952342 -0.0397404906486763 -0.0947798639612097 0.0192309354828375
-0.0730438000661606 -0.0409111323563496 -0.0817294159588738 -0.0207420421831834
-0.0665865519881153 -0.047237101346799 -0.0811514733169751 -0.0670222959035885
-0.067322483892504 -0.069445165403547 -0.051157016007963 -0.110958064754492
-0.0379846928113961 -0.100681003107463 0.0025579469126781 -0.140489546609843
0.00879719356111357 -0.112207976007018 0.079868064762619 -0.109651416330635
0.0810033294083293 -0.100682611152684 0.0833051153081299 -0.0216086950128832
0.132219143434008 -0.054944108621313 0.0122769593906005 0.0495968957286228
0.123418452165859 -0.0143813228767821 -0.108518461059624 0.0354526669148457
0.0459119338547272 0.0152863679856662 -0.183568444139579 0.0711840380510205
0.0643714043368789 -0.0144654430717139 -0.161492773105613 0.0418729708582326
0.0455856612701519 -0.0443964987335101 -0.128286408744232 0.0137074290518845
0.00637206800628397 -0.0504736785670608 -0.0999798250809005 0.00285885727372536
-0.0132880644727244 -0.040373226014961 -0.116069275610807 -0.00759954527828706
-0.0224896602836884 -0.0343635288728958 -0.126276508852174 0.014856301860779
-0.0302301661002369 -0.025557873223121 -0.116223109105648 0.00987754476849112
-0.0332825279380672 -0.0273818577122325 -0.102387327197383 -0.0342491813052421
-0.0302497558641337 -0.0337949432075729 -0.0956314445064403 -0.0837314076824077
-0.0279727179333076 -0.0475185078786398 -0.0550032454244774 -0.127202461917464
-0.0055308075872021 -0.061762991488074 0.00646716438463149 -0.150492452011237
0.0239618244435306 -0.0658658234454442 0.0820546730136128 -0.109109305002675
0.070266057858456 -0.0481418254107539 0.0750568247264119 -0.023981595484303
0.089604096144726 -0.00655140048090298 -0.00505230427459677 0.0352855318115616
0.0661182232888754 0.0186568143967307 -0.133929680176434 0.0216555983065664
-0.00162332859065211 -0.0296824042724838 0.144074114802119 -0.0305613402204047
-0.0341606762000984 -0.0106315992255702 0.0154504338271604 -0.0597328684992423
-0.0264480497399694 0.0152670510631784 -0.0785865553670457 0.0117453278693272
-0.00579140058628162 0.0190145993117746 -0.0975294589639505 0.10117903700996
-0.00119502452993461 0.0100537680553502 -0.0211583914376024 0.162309472732561
-0.00721712116965154 0.00892039864915072 0.060294209508151 0.142674089298483
-0.00877964944842348 0.00942196605290256 0.102331227360017 0.0873427233618267
-0.0168755610898886 0.0119613540358894 0.122377670199968 0.0338949906321977
-0.0169355331145231 0.0120175385788911 0.122480545978205 -0.0111513289900476
-0.0217739520208476 0.00927532439323819 0.130972701431813 -0.0297349208011426
-0.0235346164742054 -0.00553338758244125 0.128858815794966 -0.0187874681206558
-0.0162928093572225 -0.00949239778735964 0.11429950632658 -0.0111405146087635
-0.0159431495797943 -0.0187791098808406 0.129848736081092 -0.012427363686535
-0.0127668322601585 -0.0379169136582438 0.164045771050812 -0.0307564838385744
0.0137493497220807 -0.0359255913728147 0.189710270480604 -0.086145841491068
0.0587115446366713 -0.0370160827996339 0.135252601541762 -0.0200732549946718
0.0237098209451731 -0.0361607645213164 0.00959415567942633 -0.0525888338545684
0.0111709853889426 -0.0196932136048115 -0.0791726423394627 0.0103739454114943
0.00512387024909318 -0.0251324613154035 -0.103109168638705 0.0954089519901065
-0.0136415300870336 -0.0346428707866761 -0.0315562822622156 0.152764767155504
-0.0365536237904432 -0.0258142658289849 0.0443518812269222 0.140253279687189
-0.0466444112762055 -0.0104768001139022 0.0888254330153764 0.0912561464233895
-0.0607115970902802 -0.00327343017931302 0.108261469335922 0.0368623474001144
-0.0611992984575355 -0.00107037716633433 0.105829106324891 -0.0135114921537117
-0.072046381604458 -0.0130811578223875 0.112353914607583 -0.0433385853574295
-0.0688418483078417 -0.0501356979204864 0.117769708658081 -0.0416735381042266
-0.0383755184067798 -0.0719027754629643 0.115720329334294 -0.0319303849125158
0.0016490771102328 -0.0885891089969835 0.126886678326195 -0.0184834823825697
0.0430258824306793 -0.0953677645032495 0.143338534183758 -0.0235168887517124
0.079098442704323 -0.0750563493074479 0.15875095851843 -0.0704292028671341
0.113097163387512 -0.0372634682883772 0.101233207338903 -0.0114714739735907
0.0848131467293596 -0.0590400602591172 -0.0139884255849809 -0.0504117079931633
0.0541256792693895 -0.058131767715927 -0.089919790974121 0.00612943689913253
0.0164243008639987 -0.0736077133010163 -0.109176276694155 0.0874708765735187
-0.0256798049097335 -0.0798518819273999 -0.0417367775325937 0.135138720474762
-0.0632746952455124 -0.0592091322938885 0.0229649093614376 0.124935300644423
-0.0786446587059404 -0.0299179578202291 0.0622823443269657 0.0865763169547638
-0.0952233241946166 -0.0176466998356445 0.0784331480850841 0.034790244631932
-0.0951312807099706 -0.0136948170268391 0.0725797618994617 -0.0170994767076172
-0.111515615901497 -0.0296613445079331 0.0785495105509304 -0.0560907506904368
-0.107004978933377 -0.0821280939043208 0.0925080030426249 -0.0683405167984978
-0.064193370596414 -0.118494088727262 0.108752530748662 -0.0592806458333448
0.00856877789161211 -0.146990360581869 0.123710683946296 -0.0262119353248352
0.0856315386726979 -0.142844139093682 0.121811329011721 -0.00807299571698022
0.128637636730531 -0.102889051310367 0.111838896340009 -0.0409930618062553
0.151273717248787 -0.0356951824030602 0.0445123524889644 -0.00207378604467027
0.133753904044721 -0.0788082122301357 -0.0519060815020343 -0.0459098176063623
0.0897893139139388 -0.0985627497811743 -0.106261488369289 0.00163812312340687
0.0201891969215919 -0.119638904038842 -0.113228159935376 0.0740142406976994
-0.0411327236966224 -0.116238096457775 -0.0527856224541668 0.106738838024658
-0.08529435246624 -0.0834320294843618 -0.00552968720887158 0.100599408473023
-0.101123771238195 -0.0437822144491023 0.0271961893518286 0.0735128020825368
-0.115915955310035 -0.0299632779094424 0.038123869787157 0.0274130085466562
-0.113596240849504 -0.0261998058788502 0.0300801918624625 -0.0224935807784199
-0.132023733047535 -0.045606639764598 0.0353098466841311 -0.0663633934259521
-0.126069677984712 -0.103826936597326 0.0572940409465977 -0.0912178995507118
-0.0768476688220576 -0.14690609441629 0.0957745313941478 -0.0832582814576383
0.0167236806836496 -0.181420123869307 0.117192715091479 -0.0304528820561503
0.115686128571785 -0.166069872931515 0.0983133504702717 0.0149570970026718
0.159923806871431 -0.111561048548147 0.0550435159668425 -0.00592827439486455
0.163673082906132 -0.0325892626895673 -0.0258800577783735 0.0122622055207156
0.157455924648703 -0.0910649409809294 -0.09501877647793 -0.0305465393386022
0.104939637618451 -0.125362681985238 -0.120242594530694 0.000622587259593389
0.0151873243875965 -0.14822173614161 -0.112986410759927 0.0538909769650133
-0.0545929330900108 -0.132743600587211 -0.0678268215784219 0.0690602644876347
-0.0972220153804537 -0.0914296806938719 -0.0403262658853007 0.0705423054087101
-0.108357093659523 -0.0483895493021693 -0.0146615381335832 0.0558983233774908
-0.118485839521917 -0.0376433842775014 -0.00608949137832981 0.0145756512898634
-0.1143993026328 -0.0370884032371336 -0.0155958745423531 -0.0309314927205999
-0.129919505205912 -0.0602220729656166 -0.00627636606168208 -0.0762674173273462
-0.117916361603105 -0.116431269758028 0.0244151183587444 -0.109335201277783
-0.064891908783537 -0.155764691383027 0.0826769968612277 -0.10010536557263
0.0349237268415032 -0.183498039052081 0.106877909152694 -0.0297831784090138
0.136743525293423 -0.156485542035836 0.0719427699597005 0.0368182391802986
0.169398617761512 -0.0958153678708393 -0.00459786742061952 0.0236551705591423
0.146674590784957 -0.0250313803562507 -0.094359801747895 0.0337324269483325
0.148198991336342 -0.0865763314588896 -0.13245294116232 -0.00327820709189153
0.0970641581485145 -0.126382674884433 -0.128714319066521 0.00621065915692664
0.00546302336942729 -0.143850171369138 -0.107406678629776 0.0326240595775167
-0.0575203922061501 -0.121294605488989 -0.0869231857865947 0.0326395198421012
-0.0917758404698949 -0.0828889042887244 -0.0773698940151517 0.0434139831193456
-0.0992985586296801 -0.04495947428228 -0.0564678198977792 0.0378854796931128
-0.104134303876886 -0.0394860490763453 -0.0491492003380582 -0.000885498429798318
-0.0977767836544815 -0.0439081274820683 -0.0557913297024666 -0.0445352557269479
-0.106928128292727 -0.0679320861308131 -0.0392375610316813 -0.0893752065943667
-0.085992275172316 -0.115268321935222 0.00186517703716478 -0.125606902099053
-0.0321373557422231 -0.142604785620829 0.0739727663404419 -0.109203586644378
0.058348610418948 -0.154016633854634 0.0939727402505312 -0.0262671664446617
0.141982942681881 -0.116818966208244 0.0429329699557421 0.0506823532783676
0.156162558002915 -0.0618867374845044 -0.0600836228307779 0.0401898492138379
0.104319442613187 -0.0115358035432313 -0.148560547657906 0.059544625485823
0.112164280672475 -0.0614882111586894 -0.154071046890792 0.0283732154647231
0.0720952609466758 -0.0977993907745955 -0.128469938287661 0.0132114678738595
-0.000582115301248345 -0.106342697408834 -0.101363141551213 0.0144354339514208
-0.044835421724816 -0.0860375840465331 -0.104267701021726 0.00654479668116713
-0.0658363793220884 -0.0600126380628395 -0.107832523451827 0.026852876634494
-0.07206054525422 -0.0350621050283392 -0.0917058541148451 0.0251118787323156
-0.0748076310107076 -0.0341904473390041 -0.083203743014335 -0.0151045803090552
-0.0682625062439634 -0.0423842113612635 -0.0853675358942678 -0.0605935564359217
-0.0701459169101641 -0.0636379782814241 -0.0583113601921615 -0.106175094666128
-0.0442927794758511 -0.0958614293884963 -0.00618253138502088 -0.139531494892629
0.0017664327574271 -0.110785819579392 0.0719415177523466 -0.11367417528085
0.0732742007260323 -0.104131925425938 0.0810427503404548 -0.0242776523511581
0.12641721480177 -0.0627758809215496 0.0156856805849452 0.0495089630922043
0.12071940525197 -0.0208748865735211 -0.103511707044336 0.0409708398224197
0.0467974202561096 0.012195036334501 -0.178411947593488 0.0804716913177062
0.0626068663569877 -0.0184979426060972 -0.156332003844952 0.0507631304377752
0.0416855006173481 -0.0471666122573086 -0.125812504134373 0.0198316091571965
0.00228579442065467 -0.0494613351193916 -0.0990080868396076 0.00660959482473452
-0.015605186289104 -0.0380554314329797 -0.116691138857259 -0.000626508343407076
-0.0246725622064997 -0.0325382573577858 -0.123941971258512 0.0233152022193874
-0.0315519053502379 -0.0231050874910535 -0.113039842013329 0.0174329467188108
-0.0347601875265256 -0.0245715577674151 -0.103494004809299 -0.0268207382957756
-0.0320328884867611 -0.031650956509177 -0.100336861634822 -0.0760713172431784
-0.0302233144367176 -0.0442893579026104 -0.0623128587808662 -0.122058716680038
-0.00964248033269878 -0.0600265461053664 -0.0025661361803343 -0.148897574994181
0.0199175604257622 -0.0660349331041519 0.0744221455406479 -0.112981151564291
0.0658790052224612 -0.0517809956474531 0.0729572443831052 -0.0271574484833406
0.0879855695946585 -0.0118538427514071 -0.00194508544283295 0.0361785924064466
0.0669863094149951 0.0146819841780286 -0.129585722892536 0.0285377202116164
-0.00298930216063576 -0.0285763467976672 0.137420093678742 -0.0370357127472536
-0.0336673875051202 -0.00815598857664295 0.0103347144294722 -0.058702719793309
-0.0248925900081883 0.0154964593269919 -0.0765339315593907 0.0138210646268005
-0.00453709785102787 0.0181722023114812 -0.0896180611201142 0.101984512051894
-0.000908394680227286 0.00952235984241646 -0.012200983163665 0.158025335260936
-0.00607962543253157 0.00917583983468639 0.0651327989069187 0.13559999642337
-0.00865693921857792 0.0102444288992641 0.101751381069989 0.0791438752651033
-0.0155368128107147 0.0127375259842179 0.120706055361219 0.0267782126961523
-0.0160981800028469 0.0125005359387731 0.11805521435939 -0.0174269717596753
-0.0205100435554023 0.00964522978714016 0.125388938370554 -0.0357740935206782
-0.0235841428252328 -0.00400732799979229 0.124241312585925 -0.0244779681972032
-0.0161488354631597 -0.00885232136596572 0.110769029067769 -0.0144932093190112
-0.0169544492036289 -0.0179011050902386 0.126783548103337 -0.0162521032238898
-0.0144040232872508 -0.0354756956132109 0.157508612239028 -0.0366537130107847
0.0126028568723677 -0.0354224391835108 0.178706588363969 -0.0912034498027649
0.0556558787673598 -0.0382106577491798 0.129310332287621 -0.0262786632341097
0.0212731635095938 -0.0363748268691029 0.00475282433645746 -0.0514068326008819
0.010013543995732 -0.0199400691617926 -0.0770426398084884 0.0123592759094507
0.00343079950670015 -0.0243512772031454 -0.0952663947805993 0.0963886309194654
-0.0150437834151609 -0.0330891716388147 -0.0235600406065012 0.148911437687256
-0.0365619047178148 -0.0226115254349512 0.0493866120155586 0.133533592535436
-0.0463243386750404 -0.0073242060416418 0.0891286794078746 0.0839623210388495
-0.0591223937259214 0.000290818643512331 0.106903791964206 0.0305307713984833
-0.0594328587352917 0.00192994484059613 0.101027650163904 -0.0183882624733835
-0.0705053860839424 -0.00909854217580164 0.106985399985243 -0.047448920880089
-0.0696418604225559 -0.0452647586773465 0.113390445372885 -0.0468063214735343
-0.0407834515545227 -0.068269356842254 0.110084136125971 -0.0352313236557783
-0.00242458129707888 -0.0862086778586172 0.123947977120321 -0.0223745965744334
0.0369682267811874 -0.0943739330231286 0.138221980563523 -0.0288218256139654
0.0737275618474798 -0.0750607451136253 0.149254743793792 -0.0744499044058929
0.109027229774565 -0.0414756483643883 0.0964955748200932 -0.0162211083685838
0.0785782786737258 -0.0612624450600171 -0.0167628394775189 -0.0480588463232781
0.0503997635163124 -0.0588895506379441 -0.0876671261128844 0.00792396198114123
0.0125735179515651 -0.0715269033105358 -0.102149887858611 0.0890105757597136
-0.0287436696733166 -0.0758795033534116 -0.0340877288699897 0.13204793238173
-0.0646453382823587 -0.0535881513811261 0.0274541932232795 0.120612941437332
-0.0784803608492169 -0.0248608817045479 0.0643738148189644 0.0805051292316667
-0.0935804517388981 -0.0123089320150696 0.077325746090052 0.0304214991414614
-0.0936293041286804 -0.00919228232061192 0.0680972359422089 -0.0194781064531501
-0.109478277597537 -0.0236736469128732 0.0729021283820613 -0.0579963838655364
-0.108712006011469 -0.0742240247834549 0.08625565546946 -0.0713148471317478
-0.0679058017680369 -0.111977348202652 0.102072104760531 -0.0617071673923364
0.000811619338758981 -0.143357585252144 0.120625470074869 -0.0295151923998743
0.0753360524517169 -0.142943930981817 0.117414753375487 -0.0122166194183891
0.12063611726872 -0.104567555659556 0.105613999715094 -0.0442796094095708
0.146270860978663 -0.0415078391190947 0.0420807544853665 -0.00369679065862566
0.12543899847717 -0.0835454550800076 -0.053540918424962 -0.0426159841191447
0.0828058892090618 -0.0993061677717428 -0.103950285560636 0.00321751500831252
0.0139715610426561 -0.117449904900049 -0.106529507904241 0.0764183754291031
-0.0460030863016183 -0.110568734911502 -0.0468253170377375 0.105338421442169
-0.0878352975816243 -0.0754213486384938 -0.00157191178739113 0.0980307923966654
-0.100296844077789 -0.0374896237860193 0.0295501463564642 0.0691171121166761
-0.113638381069878 -0.0226197181444146 0.0380304917682791 0.0247289373896179
-0.11143698277762 -0.0199875850027747 0.0268185948207189 -0.0224070150469906
-0.129931068438579 -0.0375368922719811 0.0303159026553361 -0.0655192048063872
-0.128039295123027 -0.0940816185104397 0.0517070462484838 -0.0922137978358702
-0.0816479966365118 -0.138547664291687 0.0890622510111492 -0.0841868055072051
0.00654024704962235 -0.177405843241833 0.113642410940905 -0.03388787062328
0.103320158188058 -0.167220345290667 0.0960707110619104 0.0107971825906356
0.150253646825464 -0.114015018781038 0.0528755843881193 -0.00868645987368719
0.158841775589115 -0.0388232333674446 -0.0246440870808783 0.0135688944695231
0.147788719421636 -0.0961307607582861 -0.0943398817230778 -0.0251281945896457
0.0968482704390305 -0.126964213181608 -0.118262846294589 0.00310615789617681
0.0073549838803728 -0.14398016234933 -0.106621452640135 0.056623381101827
-0.0601856496867311 -0.125193232772726 -0.0636710541865585 0.0690901060852598
-0.0995586148107244 -0.0834843964945779 -0.0368508736910784 0.0711170975717722
-0.108340641168353 -0.0425962768883529 -0.0115340935324342 0.0538504560269508
-0.116686961288656 -0.0298978555386685 -0.00579906282779848 0.0145849669582213
-0.112402303290463 -0.0312049524877536 -0.0174292079140834 -0.0287714481715511
-0.128955187632269 -0.0511871552533179 -0.0108450017989214 -0.0734089661307046
-0.120812605237312 -0.106438822952045 0.018210207182879 -0.107368167634331
-0.0698838358443739 -0.147563688001832 0.0751518307137131 -0.10009131900947
0.0243316492175601 -0.179182176468115 0.102996123217069 -0.0321868628461151
0.123761773707384 -0.158405951074144 0.0714246398054152 0.0343368951623244
0.160143992823358 -0.0993824446311126 -0.00307369350773326 0.0229830598009635
0.142292866698557 -0.0313523168173644 -0.0907253096057917 0.0372494472818591
0.13824561519493 -0.0912170339772203 -0.128961183093785 0.00331176699344656
0.0886077031846939 -0.127830189716766 -0.124318024056286 0.00877366000465595
-0.00162808259410704 -0.13973795738807 -0.102977766043584 0.0348213446681208
-0.0623071183857395 -0.114135867253243 -0.0839613283505992 0.034335908690707
-0.0935341109378551 -0.0748236436144354 -0.0731766391349338 0.0466733366269708
-0.098459916245319 -0.0393502743634164 -0.0522808245112441 0.0392313028899256
-0.102503953211573 -0.0329297224814782 -0.0477088128878328 0.00254121336027305
-0.0966478921106216 -0.0384697137086892 -0.0572375371732575 -0.0394980745159102
-0.106912668108974 -0.0605777054697463 -0.0433313913319928 -0.0843932086817262
-0.0894817664617097 -0.10708365867357 -0.00479806197481917 -0.121906486536141
-0.037463691041313 -0.13701540994345 0.0660450814062183 -0.109041089113389
0.0482065914536362 -0.151579003850182 0.0908620739079894 -0.0281652214459026
0.131730600097121 -0.120465880418214 0.0437299400906376 0.0485913408019372
0.148619227180178 -0.0660534309810967 -0.0559868678556136 0.0412881542988827
0.102053523022221 -0.0153324428031269 -0.141511164888616 0.0642861363396005
0.105138218186612 -0.0649317264687697 -0.148089989675417 0.0338089842625209
0.0650299961957044 -0.0980046332970766 -0.124490269576226 0.0165881007533253
-0.00588829776018469 -0.102818159628661 -0.0979930625670495 0.0174020320052178
-0.0475796595347146 -0.0805543035511788 -0.10245533564535 0.010199141034006
-0.0674129103118211 -0.0547939380326905 -0.103677532623625 0.0314418306058021
-0.0720088125435415 -0.031036614634558 -0.0874941433104904 0.027967712468595
-0.0740410592507839 -0.0294176443257674 -0.0814683007919729 -0.0100998005252211
-0.068381925396169 -0.0380671115919387 -0.0867548189003743 -0.0538423049027371
-0.0710024826223325 -0.0582269140176127 -0.0614658695309724 -0.0992149345840833
-0.0473880699986406 -0.0905352252084363 -0.0132462760690474 -0.135166731364677
-0.00283622215438475 -0.107303122931855 0.0634886305824479 -0.112309570662832
0.0656721954912077 -0.104217620059414 0.0780443505046308 -0.0258951339628028
0.119077109541533 -0.066865033807675 0.0175531188589224 0.0484216134353597
0.11611896480228 -0.0247923249866721 -0.0975921708889074 0.0439408505061712
0.0467890754180005 0.0102733922497305 -0.169468010069048 0.0858180914016634
0.0594747106801082 -0.020645816050047 -0.148766308200265 0.0560700001871703
0.0378737266672098 -0.047499376112008 -0.121447382216834 0.0228770863956241
-0.000685229165419153 -0.0476564797341243 -0.09613361861627 0.00930198431489339
-0.0173566134674902 -0.0352397114905037 -0.114664539995495 0.00426448670170848
-0.026134270735761 -0.0304091168849495 -0.119241979346519 0.0280442789433721
-0.0318979887414388 -0.0217100690162763 -0.107921378988974 0.0217367828567192
-0.0343812626077393 -0.0218595338421242 -0.102510074365046 -0.0207496220297689
-0.032133862899047 -0.0286987838587509 -0.102259796707537 -0.0684715257298945
-0.031091094874298 -0.0406796208747202 -0.0659890809990688 -0.114553639783455
-0.0120981056159698 -0.0580024924118955 -0.00910706011692451 -0.14427009009756
0.0163799618316719 -0.0644014936906269 0.0662609975225493 -0.112603276546007
0.0611994955337955 -0.0526717631662236 0.0699809780732869 -0.0280484965551404
0.0848161098868493 -0.0155946506540003 9.5822770634647E-05 0.0365130105086269
0.0654006982755018 0.0119956273414132 -0.122241850494508 0.033090342327154
0.00993554205284721 -0.0272815146632268 0.133335053581745 0.0214458257671777
-0.0256396025414276 -0.0206505856038284 0.0308726781034383 -0.0472551931036349
-0.0280417909274641 0.00308832899362165 -0.0729872443734249 -0.0176679224684754
-0.0107041172843728 0.0136220955776585 -0.121051643868006 0.0556458464857254
-0.0037472453305222 0.00625674470418586 -0.0736920785762824 0.134882774433754
-0.00929772176606972 0.00500410075621088 0.00388590720723041 0.145572981555888
-0.012346881365307 0.00553722670403986 0.058870402674613 0.110917147667627
-0.0190472080496864 0.00508184772365254 0.0961860790919274 0.070592374541402
-0.0186716346266838 0.00412365988571522 0.110795540963774 0.0303718781439597
-0.0220047195355682 -0.000517771267870114 0.125643447454801 0.0164677994405954
-0.0195051048743535 -0.0144606609208873 0.119610822943593 0.02785723436664
-0.0104404644862393 -0.0154876944992798 0.103782769112301 0.0325244077121087
-0.00785903373582013 -0.0244284788847002 0.119001245930387 0.0363747373501094
0.00127788216124159 -0.0383963085257277 0.155639985508672 0.0272189364044694
0.0265915361447859 -0.0286283008978223 0.195442720173341 -0.00999884254492279
0.0680086180394307 -0.0103583799793865 0.119693435089514 0.022025476008931
0.0338524909322595 -0.0230538414392034 0.0214877370568607 -0.0457568214901866
0.0171142295873827 -0.013846241648338 -0.0750618414037591 -0.0221549199680798
0.0138685329791815 -0.0198108430483788 -0.125618456517616 0.0477557531904545
0.00081077127440736 -0.0363510446702914 -0.0823399743096617 0.122668066693216
-0.0233702239666904 -0.0349999865560561 -0.0107102653472421 0.13822469281901
-0.038102639114066 -0.0244877237371342 0.0450472976912542 0.109953553516788
-0.0530528469047158 -0.0220582080867594 0.0824093626801014 0.0691251440052065
-0.0537488486651174 -0.021908520074816 0.0956049569825194 0.0217913570493145
-0.0595991319974292 -0.0357021827325326 0.113817416936686 -0.00174522225518882
-0.0460458294134303 -0.0678933525945634 0.118092799565389 0.00263886325223303
-0.0103313423703223 -0.0777390254033561 0.111986542405808 0.0136858906857117
0.0295815742421895 -0.0818744697963406 0.120204666290511 0.0303513527298895
0.0681152661464642 -0.0731364581305808 0.138756918359831 0.0277146242775311
0.096090497735622 -0.043442133003568 0.163815879204268 -0.00294483482824668
0.117991800185976 0.0105527566412957 0.0851671372144775 0.0125653000812486
0.094512258763306 -0.0207650292648572 5.67277853698508E-05 -0.0552254749087492
0.0692339192192794 -0.0320342044303522 -0.0856035146935775 -0.0343056054689821
0.0409778895824132 -0.0574360527978925 -0.131584799795917 0.0368468455704617
0.00560580385953389 -0.079608177998476 -0.0881177091258746 0.103867116467774
-0.0359856957753703 -0.0728664331931049 -0.0273506748945938 0.118292951854139
-0.0592681232943544 -0.0526407956069636 0.0237832178008153 0.0969359261508972
-0.0794836625897665 -0.0467040077760365 0.0570246513828777 0.0576820669407103
-0.0796065852352887 -0.0442965889253764 0.0678221658357954 0.00824973572402255
-0.0893303842121929 -0.0629416569861859 0.0870726316297592 -0.0255234603494442
-0.0703673016769523 -0.108100783586412 0.103643323138359 -0.0306238459152121
-0.0188362310772794 -0.127304892259707 0.11602164834104 -0.0144419773113467
0.0536171315744334 -0.133012449988459 0.12112868575514 0.0218429540729703
0.119895103944872 -0.102783782391934 0.116109568310848 0.0362647716153531
0.148169204158749 -0.0526454507749643 0.113563555797842 0.00995155011249883
0.151607218813432 0.0266400729324645 0.0307605255160037 -0.00210565566788815
0.144414641236341 -0.020910953255267 -0.0349207527980644 -0.0667305250236031
0.114827314426579 -0.0544614112175372 -0.100232523189931 -0.0475728677390105
0.0609374228978327 -0.0960379137246848 -0.132851814182238 0.0220822973976174
0.00489256551126775 -0.115599076709563 -0.0901953989573805 0.0744628488548268
-0.0474285305614683 -0.101258541438908 -0.0453069877711698 0.0875530421706593
-0.0740809346035803 -0.0724030896587419 -0.00309471483652425 0.0730540815188097
-0.0935498998732695 -0.0634362322808256 0.0244400814865705 0.0375295054336294
-0.0921618252135297 -0.0614694022462809 0.0317492246915666 -0.0108348282558995
-0.102566756644299 -0.0825444305133068 0.0523125638844449 -0.0490358516743297
-0.0814509790732249 -0.132704596897948 0.0803947390292326 -0.0622378919500568
-0.0212931121892674 -0.156008384386465 0.113210761247007 -0.0410833659673115
0.0709830930478161 -0.161215971970346 0.117602036264427 0.0151989257113373
0.153264994619503 -0.114734037408477 0.0900203676241985 0.0505216926700269
0.177673155314265 -0.0494111803923203 0.0528845848315972 0.0221048178184218
0.161991132800906 0.0343688420547938 -0.0358063353153632 -0.0143411321178852
0.168891369604917 -0.0226536018137576 -0.0787641404757759 -0.0689658148990073
0.137451718171196 -0.0731329067821992 -0.114296648211642 -0.0539974209390679
0.0661179224390326 -0.122161330095895 -0.126994717781548 0.00484781921395797
-0.0013439303165182 -0.134108489236896 -0.0921436320988216 0.035666924286885
-0.0549009744642526 -0.112366541013291 -0.0666535766543278 0.0495515102890148
-0.0789386777048349 -0.0794155030407637 -0.033351910695785 0.0434700617036435
-0.093114751683807 -0.0717654833255163 -0.0112902307250125 0.0114373081015961
-0.0888308681459741 -0.0709317044311207 -0.0051208826503916 -0.0337755975483654
-0.0966220757025967 -0.0934951363179476 0.0189636871782372 -0.0716057788197514
-0.0705608558129662 -0.140588681728562 0.0575300853063787 -0.0894126027321221
-0.0077612858925214 -0.159462900542096 0.107127573242885 -0.060670282316528
0.087811607963071 -0.156871121898852 0.107542158796635 0.0135992132426887
0.16823472438018 -0.0992090137605877 0.0589383175019274 0.0630218418226981
0.180521283371136 -0.032092640265065 -0.00975020334500712 0.0281867057612636
0.143672622831934 0.0344754281981593 -0.102738959578854 -0.0178121465198008
0.159480671648808 -0.0216901000377371 -0.120043972816112 -0.0566807269329563
0.130489810942713 -0.0768186207000511 -0.122963379812271 -0.0514285450046452
0.0562605534260959 -0.121248126120723 -0.114594504477747 -0.0129352759828847
-0.00774772476226972 -0.124855401660612 -0.0957969839283455 -0.0032295020184131
-0.0525982243810143 -0.10277223350528 -0.0890726559103286 0.0135697108933194
-0.0714062418443371 -0.0735183541703457 -0.0641582995168332 0.0139488981231852
-0.0793973160819358 -0.0688833626461252 -0.0433977820792667 -0.016249300531216
-0.0724113308398408 -0.0715693340715498 -0.0359580372597584 -0.0586126835933696
-0.0740224597145545 -0.0927815535048249 -0.00480849858140002 -0.094065195334261
-0.0416993659112715 -0.129122262666836 0.0436326489530358 -0.11078277989069
0.0168954068573778 -0.137750068056109 0.102467705815322 -0.0716190365613208
0.0997862741011273 -0.12174144122659 0.0943258110068055 0.0128850743653644
0.16162131759974 -0.0616321526307514 0.0276394515528622 0.0662123295954795
0.158054975836172 -0.00522709010899416 -0.0651200972866461 0.0227414911102788
0.0995066852608885 0.0311894319977943 -0.155950423421039 -0.0104082048398556
0.118845168380428 -0.0125954844562145 -0.147946627044033 -0.034781525794032
0.0973012647060376 -0.0609039602217365 -0.123705748387962 -0.0422768910963144
0.0371858311182272 -0.0907578854724952 -0.101378525031836 -0.0266297711888972
-0.00872762548185395 -0.0887350536322238 -0.101035288419022 -0.0319478785608127
-0.0375487551869519 -0.0747552722338646 -0.108924947304914 -0.0120064802833389
-0.0510153840819084 -0.0554695931476181 -0.0897095429069687 -0.00964377197152009
-0.0547923908621029 -0.0545361019182129 -0.0692662816620535 -0.0405776546251717
-0.0466041504866281 -0.0600308708424511 -0.0563248232065804 -0.0822137778686899
-0.042868396605674 -0.0776226491530288 -0.0151593868689764 -0.113923054939324
-0.0109848859624566 -0.0989920089029108 0.0422799256255648 -0.124915252731016
0.0365239086142864 -0.0976274377754514 0.102453459237147 -0.0750720919990488
0.0981233621680374 -0.0719580253411579 0.0808998994870653 0.0101721568063188
0.131409166487703 -0.0171031049181088 0.00170945657371948 0.0552839961770225
0.112447337158429 0.0204540790560724 -0.104344209001847 0.00625075141918808
0.0382443619283087 0.0305746119249799 -0.184506590061278 0.00311226202630714
0.0603857734544404 0.00652163926827125 -0.154683786974982 -0.013475809039018
0.0519251518919358 -0.0262459333032976 -0.121168523786696 -0.0324639125728941
0.0192565015766089 -0.040650205655627 -0.0930747471489808 -0.0327262466802445
0.000141488012077939 -0.0372393687023003 -0.107122508824559 -0.042601883879729
-0.0107056791133151 -0.0366338278424127 -0.119242571230211 -0.0219294752838034
-0.019466998055158 -0.031774654687593 -0.105920994550673 -0.0236436108409351
-0.0224852042238359 -0.0323821410310523 -0.0836189901037091 -0.0585499837489266
-0.0177761417929904 -0.0374178441786651 -0.0640353456411782 -0.100319387246968
-0.0136475152642453 -0.0469676480908792 -0.0134961243813341 -0.128733575455267
0.00895825467860209 -0.0566977484079706 0.0491208221460813 -0.130932798117885
0.0382425941283267 -0.0526243487067696 0.104715090117581 -0.0728400240146639
0.0748132470411871 -0.0271335767777123 0.0743069949163342 0.00446447713645012
0.0814862490932301 0.0169121864623963 -0.0115683003754599 0.0377684790689248
0.0530008592157195 0.0350320411761289 -0.122629097148462 -0.0153554368972165
0.00929366965167242 -0.027137052975609 0.131313032034143 0.0182842289790642
-0.0256157462311341 -0.0198238757056751 0.0279042995646143 -0.0471710933208479
-0.0277201482380782 0.00314025775451853 -0.0723901940112169 -0.016734185639682
-0.0103743663498217 0.0137051787873241 -0.118404496936708 0.0564188700718442
-0.00351208116189439 0.00609336967971652 -0.0697589711483806 0.134535174819008
-0.00898427423551731 0.0050867573127427 0.00726124831444618 0.143223616910721
-0.0123620382109884 0.00571348736460933 0.0593717752131603 0.107485615389052
-0.0190237357619714 0.00611488928371443 0.0970422173233776 0.0667038652329711
-0.0190643327078942 0.00418251403194812 0.109738548955154 0.0276331633589896
-0.0216826434912531 -0.000726409987729301 0.124304316838104 0.0130829135625168
-0.0196464092268528 -0.0143110304913508 0.119335058348386 0.0251960505189325
-0.00974806684027794 -0.015239013333374 0.103147021894981 0.0319044750958052
-0.00856825843841524 -0.0244064462122488 0.119032738984048 0.0351329664548861
0.000624292158025454 -0.0369370219513305 0.153519507724407 0.0239705398990223
0.0270516831280428 -0.0279883910327328 0.191133390222945 -0.0120642540013498
0.0672666379052793 -0.0116535804142584 0.117374215575417 0.0192345949169662
0.0326077399392658 -0.0232426480098556 0.0195258255416066 -0.0458510459240366
0.017126540384149 -0.0142187360469108 -0.0749672409340342 -0.0218069155222531
0.0131303483382771 -0.0199015924052343 -0.123767158599395 0.0485909473332276
-0.000405785417522183 -0.0360266600103017 -0.0793034988625924 0.122344861237637
-0.0244328976914542 -0.0337181001971474 -0.00790024367056088 0.136374400443452
-0.0385955440789673 -0.0236240222997059 0.0456941344488167 0.106938239199486
-0.0536596695968942 -0.0202576280302562 0.082927294095066 0.0659945351504764
-0.0537267339617775 -0.0211257501440124 0.0940519927097072 0.0198476789667361
-0.0599744606178817 -0.0341449631570839 0.111706953659938 -0.00524201730658957
-0.0475408170931633 -0.0661776500417025 0.116782053517044 -0.000260440109583881
-0.011584732322355 -0.0768402205594448 0.110706311395444 0.0126956319472924
0.0277389259954743 -0.0816456260575697 0.120199805952601 0.0286176494565045
0.0649458207652678 -0.0728550466775246 0.136021696050565 0.0257696789393999
0.0945249367015433 -0.0433394314536526 0.160036636320231 -0.00523993981898987
0.116929876850643 0.00721117275549487 0.0831585912532372 0.01099420969291
0.0919102870559869 -0.0233655612740662 -0.00203486749802921 -0.0548592106123032
0.0672775952282922 -0.0338824833126614 -0.085143079145471 -0.0341877243607576
0.0392644411426797 -0.0571561969867215 -0.128322714617402 0.0381326994079528
0.00335770945609069 -0.0777926617240839 -0.0845368470004224 0.103156011421419
-0.0370854858847374 -0.0704109606353098 -0.0250037329352893 0.116877544877786
-0.0606757597211864 -0.0508862727048422 0.0246360158231237 0.0943565503889615
-0.0793575209950183 -0.0438599449801104 0.0576970812303253 0.0547907875114157
-0.0798662794896138 -0.0427907147740189 0.0661872828240251 0.00660324943093685
-0.0895551380524981 -0.059990532842984 0.0848021777917563 -0.02718829211562
-0.0728957476304172 -0.104961705693756 0.10166483602034 -0.0328801285175578
-0.021225496407469 -0.12521974888445 0.113543946091346 -0.0152560374591074
0.0496411721448969 -0.132397684375822 0.120402309457549 0.0204002036685242
0.115597303757832 -0.104455445602706 0.114368915002735 0.0346079351337366
0.146380380363364 -0.0535365309313294 0.111266977216282 0.0074754718963863
0.151184583914697 0.023137556586755 0.029556202492193 -0.00230299840609794
0.141319908619 -0.0237863322727142 -0.0364141319194886 -0.0648589119375002
0.11223697051554 -0.0570461675930066 -0.100705896795774 -0.0469052258213823
0.0585141476284749 -0.095885116193907 -0.130774579684452 0.0238449467506471
0.000895613758375134 -0.113891664170443 -0.0875960464320202 0.0742874456591656
-0.0496448109835578 -0.0979083828148472 -0.0436340359010387 0.0875341057254302
-0.0754390946643115 -0.0702865821768031 -0.00157627181621757 0.071745422811324
-0.0932950237655612 -0.0605679971894385 0.0243300858674044 0.0364507172643262
-0.0921572948958522 -0.0590749549965555 0.0300751654083839 -0.0108306508576959
-0.103784210176698 -0.0791668309857698 0.0494698052419906 -0.0494442807766382
-0.0840669778660002 -0.128781623587945 0.0780608731978315 -0.0636121962020228
-0.0247623110648006 -0.153685164722481 0.10975955817774 -0.0417044777638177
0.0662447431336925 -0.160764414846464 0.116563952664644 0.0146309337605452
0.148266238526598 -0.116432207739052 0.0890877544788411 0.0487429809379669
0.174956290693799 -0.0509646406467804 0.0526166224439143 0.0203955938490769
0.161181026012801 0.0308274973621637 -0.0364225056490984 -0.0129827167074281
0.165721970498259 -0.0265848886718224 -0.0791024410676287 -0.0667594211856174
0.135162276537404 -0.0756714047989112 -0.114812614821952 -0.0534141031777909
0.0630427742203592 -0.122061997894076 -0.125279899083923 0.00597884097928118
-0.00509686998825341 -0.131923631024752 -0.0914832893687509 0.0357127242134195
-0.0575102262337589 -0.10946241722146 -0.0652580293106001 0.0503859934443876
-0.079885188948058 -0.0769928708732595 -0.0321658341119882 0.043038282216177
-0.0933695771697118 -0.0678525957637548 -0.0115728489874436 0.0118845446577089
-0.0893330873221112 -0.0690286730800859 -0.00718147586419744 -0.0321228919966689
-0.0975823078803567 -0.0897278038456287 0.0165750409764438 -0.0705925303293899
-0.0735086742848199 -0.136863115026054 0.0545802898534745 -0.0901570353955351
-0.0108799969495832 -0.156816307503025 0.103659601684151 -0.0616492111483862
0.0820407812690631 -0.156757639741662 0.107034377746854 0.0128084930505962
0.163071960854266 -0.102041864433898 0.059103020401635 0.0626416249744416
0.177943428554277 -0.0341346151037133 -0.00939432291042335 0.0276290704049332
0.143265989599644 0.0311945042520806 -0.10244599328959 -0.0157886861054653
0.15593170699146 -0.0252924996242273 -0.11945276967896 -0.0536937921848354
0.127441808104976 -0.0786702053881564 -0.122924369320153 -0.0503554527238581
0.0527844342689113 -0.120482516853328 -0.112849161137816 -0.0121444601102793
-0.0108995040824574 -0.122536572896667 -0.0953385555432262 -0.00282084314234492
-0.0547120822234859 -0.0999151537955289 -0.0886813283701845 0.0151690781291713
-0.0731671385170305 -0.0709700433587888 -0.0625944973760753 0.014195214817759
-0.0798819187126443 -0.0650962327972188 -0.0441861744716309 -0.0147947935670655
-0.0724863694182882 -0.0691538384272998 -0.0383847328061221 -0.0562512454916231
-0.0750095611657967 -0.0897543782745546 -0.00715433488193421 -0.0924075012933016
-0.0450351470730488 -0.126437877483935 0.0404498178460062 -0.110597886143232
0.0139781407591408 -0.135737013016279 0.0994846689188776 -0.0722802029313127
0.095201860587994 -0.122195265850991 0.0936112085413364 0.0121610699457741
0.157092058076177 -0.0642265501089147 0.0284011940223638 0.0656741004272186
0.155370119200122 -0.00678149639046029 -0.0636899396932574 0.0233019587691668
0.0995135866445692 0.0290455685151526 -0.154368469518836 -0.00754166195297456
0.116214084261921 -0.0151539852432843 -0.145405142913601 -0.0319757527662522
0.0941891297831413 -0.061675831748598 -0.123218297699607 -0.0412081387206692
0.0348342957433917 -0.0901014512759719 -0.100344629199309 -0.0261106698303619
-0.0109060266126689 -0.0865094973839301 -0.101755749568246 -0.0307445812275418
-0.0392567956175642 -0.0726197222987653 -0.107862786320822 -0.00879424705652222
-0.0519468124357615 -0.0536542713472016 -0.0885801645991556 -0.00829351530571513
-0.054960748557481 -0.0517325272580747 -0.0696528434280394 -0.0385754696913193
-0.0476398175615618 -0.0584486346594928 -0.0582690650931315 -0.0790609840554216
-0.0440557226890795 -0.0749147319511875 -0.0174012831729678 -0.112168885803061
-0.0130682522658167 -0.0973349276241169 0.0387754938779222 -0.124070102711614
0.0340770187035023 -0.0965141715666812 0.0984633491787654 -0.0760370743080249
0.0942597154648912 -0.0728457634571352 0.0807219240917936 0.0100328099024466
0.12878645733716 -0.0192414349146677 0.00335361984655089 0.0563308121342941
0.11159562878439 0.0189283223420811 -0.101647402931491 0.00751648719336948
0.038996034008002 0.0293183631201395 -0.182395714366855 0.00537650927217556
0.059409836951794 0.00523479922371922 -0.151816753445891 -0.0112507440393394
0.050083414650418 -0.0269123556981596 -0.119709787875381 -0.0313092812732569
0.0178510249406023 -0.03995806164601 -0.0927554254486465 -0.0322208169345443
-0.000939713677721402 -0.0360489348827567 -0.107881729905723 -0.0407553656115189
-0.0117125126768058 -0.0360339769510643 -0.118100824778964 -0.0187269019844372
-0.0202954448920161 -0.0309883838759632 -0.104095888530783 -0.0212103825799167
-0.0224749061052089 -0.0312022897720552 -0.0852618858082164 -0.0557514000909806
-0.0185913087976046 -0.0362509866554687 -0.0655928160714561 -0.096774987226035
-0.0144356579864267 -0.0455879687041359 -0.0156809333400088 -0.126313358490833
0.00801394578511273 -0.0557565836200331 0.0456919986024734 -0.130153704188673
0.0365151334837149 -0.052570396758788 0.101563199793099 -0.0735587589981664
0.073176509528541 -0.0280477340049583 0.0728209218489763 0.00489870136297708
0.0804969241690801 0.0152416434024189 -0.00996517682033417 0.0384253953144131
0.0535442230515479 0.0341801172239804 -0.120133248285995 -0.0136474287584548
0.00882301131045026 -0.0272542479939574 0.130001846568407 0.013871334719703
-0.0262672506713231 -0.0185894624917295 0.0250641182456882 -0.0474602961467463
-0.027671805193028 0.00387505718441799 -0.0730065069850602 -0.0157300757234671
-0.0096027310131968 0.0139897945804579 -0.116852147050842 0.058574001445521
-0.0036611115494664 0.00607940132009835 -0.0646060009568342 0.135016755074863
-0.00884632857288923 0.00548752621460907 0.012378666915881 0.141809711673462
-0.0122049574480804 0.00666585334311971 0.0616833435983364 0.105005834159898
-0.0190389591510435 0.006349810438761 0.098688942862055 0.063298019476182
-0.0187080449323419 0.00468472200572113 0.109976061905536 0.0234748046473853
-0.022214605234478 -0.000463085967025666 0.124308328771852 0.00767415500165317
-0.0204964368028481 -0.0134333941578105 0.120392905694934 0.0209254452760349
-0.0104511990305491 -0.014843752315846 0.104546718854117 0.030992497300599
-0.00864969012217158 -0.0240349733566453 0.12087019426859 0.0317044343534085
-0.000388965512383806 -0.036332798383849 0.152619379304318 0.0200864701734835
0.0266492329049998 -0.0286994425060313 0.188435668010482 -0.0169265559058971
0.0669049053176945 -0.013279700418799 0.1168030300597 0.0157309467542292
0.0312085423265244 -0.0242772728547228 0.0171977048713499 -0.0454991056146716
0.016760995385509 -0.0155367842071357 -0.0753931997195218 -0.021574581148424
0.0128315274532394 -0.0198847004269715 -0.121631358480306 0.051116191085815
-0.00215657048046724 -0.0359383334796331 -0.0754235872856692 0.123605642394981
-0.0253908591292589 -0.0326352036488257 -0.00386294393846177 0.135220956467137
-0.0404210200346188 -0.021868187129435 0.0482841684234036 0.104395853773629
-0.0536809942220333 -0.0183333323431625 0.0851487259523469 0.0626657991536187
-0.0549481264097293 -0.0195219681535859 0.0942387706609543 0.0168712798385083
-0.0611947513473386 -0.0324229337205418 0.110919672913 -0.00892295337139727
-0.0500249456540106 -0.0642806103715643 0.116616546492246 -0.0034392309283166
-0.0143360633121792 -0.0764781269246878 0.110506388839455 0.0106337703954187
0.0246679803385441 -0.0827505499577067 0.121599684659025 0.0257421629503587
0.0624774757440192 -0.0744906113807227 0.135790899232511 0.02193309774424
0.0942232995531414 -0.04522596161516 0.158161577851037 -0.00881987302552222
0.117563370248249 0.00418008037977149 0.0820527554155868 0.00861610217258719
0.0903805877674947 -0.0257235097346701 -0.00432541460240183 -0.0536845526860903
0.0666628684320733 -0.0359785077103197 -0.0868701087350436 -0.0331668893478191
0.0374950109311922 -0.0581517600036576 -0.127105449812645 0.0408587558180705
3.76385303395271E-05 -0.0777870874750489 -0.0818124609382683 0.103736519044415
-0.0403439799309581 -0.0684163965884875 -0.0212727230664169 0.117246282663773
-0.062578870691985 -0.0481639192751728 0.0272769173849626 0.0928920973331961
-0.080781157493565 -0.0406491153776266 0.0589175974245138 0.0532197587918113
-0.0810541701422429 -0.0402758446745462 0.0658255700667277 0.00529182933732812
-0.0920044771397058 -0.0571920528273191 0.0825844062249602 -0.0300110840910002
-0.0771782511098088 -0.101837582616492 0.100337257716524 -0.0358446434738828
-0.0251163462373499 -0.124452959556307 0.112172244816408 -0.016874741873398
0.0448388349379751 -0.13351323785141 0.121549026794963 0.0184651064143274
0.111576687358451 -0.107070089675423 0.113977164216351 0.0326199572399539
0.144597768313252 -0.0564347847699502 0.110903511145414 0.00508190350668477
0.151966834969627 0.0180717014794811 0.0290462147112071 -0.00285072624199697
0.139145291283002 -0.0290003352003791 -0.0388391997035459 -0.0635911005250876
0.109923765429255 -0.0609943272157548 -0.102516020015583 -0.0462898962717835
0.0551001946450978 -0.0974315500300107 -0.129045336799391 0.0263016762338417
-0.00316040281284496 -0.113259344651504 -0.0861215088633104 0.0748240668171145
-0.05361966724997 -0.0954875454459872 -0.0409735091294971 0.08832086787389
-0.0781069804107539 -0.0670033696931702 -3.27346000156392E-05 0.0714510434431936
-0.0949388742807818 -0.0568488730458786 0.025204903458458 0.0358208625641675
-0.0946571829845664 -0.0566587314973978 0.02882228836183 -0.0109329333730476
-0.106355274111036 -0.0752736655765909 0.0472081475440958 -0.0510346748294559
-0.0892931057624571 -0.125519858178479 0.0755488546219611 -0.066112260292472
-0.0296036989142919 -0.15260823917458 0.107901718878712 -0.0438707666143697
0.0596808330392007 -0.162594972734641 0.118073630425732 0.0129941163348766
0.143516411540719 -0.121571193000292 0.0898733120589555 0.0482335263449566
0.173423682702501 -0.0550670647603982 0.0520852873838027 0.0194441914616614
0.162346537522262 0.0251355590505277 -0.0371888750582906 -0.011902004983695
0.162853585040936 -0.0317322211150963 -0.0809767399203793 -0.063570144274264
0.132637685792918 -0.0801886300711403 -0.116818422733374 -0.0522805436242564
0.058921233253736 -0.123289138762131 -0.124394257399391 0.00781982471810908
-0.00992502476175167 -0.130815223249668 -0.0909892607634631 0.0371694210876132
-0.0619164459919256 -0.106249488786636 -0.0636372514299746 0.0528553779143843
-0.0829504290280882 -0.0739866019276786 -0.0310511344941175 0.0437743056449151
-0.0956738566159971 -0.0640260325127093 -0.0109591721916295 0.0122710829622557
-0.091822158312081 -0.066417554550059 -0.00934405325489151 -0.0314229181622668
-0.100433543707965 -0.0861803099778628 0.013306096551105 -0.0710856020405834
-0.0791637737771345 -0.133441222647438 0.0509943229393699 -0.0915839702013587
-0.0160585936367171 -0.15644389459521 0.100451520258968 -0.0631350385344182
0.0759852274819434 -0.159043751978427 0.107481692960163 0.0116948292916931
0.159368006225281 -0.106813054243279 0.0612156547010224 0.06169598119837
0.176916915487404 -0.0377387064599264 -0.00870850854962658 0.0279250501251562
0.144436861202636 0.0265990906282389 -0.10216984666705 -0.0121098295141026
0.153271141940523 -0.0301114246161202 -0.12020241076865 -0.0508069369236271
0.123944870690216 -0.0831976353347007 -0.124733185813395 -0.0488795195365886
0.0485847753830132 -0.12137869179263 -0.113040802552302 -0.0105641812321252
-0.0156260974881148 -0.121089216453682 -0.0966364133870166 -0.00111363871998357
-0.05849783235053 -0.0968951101016603 -0.0884537958744925 0.0187348924862987
-0.0754455551018859 -0.0680273649504726 -0.0623235434956901 0.0158068800736458
-0.0820893821611079 -0.0620044235365332 -0.0443983898684572 -0.0133765582039917
-0.0750407925862917 -0.0671914635128238 -0.0406083753998158 -0.0536611074917383
-0.0779850357306928 -0.0862359846434208 -0.0108256651504166 -0.0914285524904601
-0.0495517886093215 -0.123338569271665 0.0364667691849334 -0.111905714858208
0.0096844343750502 -0.135971658988144 0.0959556372489261 -0.0745144453442087
0.0902592943578823 -0.124809098356516 0.0943772463701977 0.0115814710420007
0.153933092795101 -0.0689226087370294 0.0312044573776152 0.0660499139004241
0.155359935072725 -0.00999707330235397 -0.0619566065293135 0.0243944571624399
0.100672169781181 0.0257022364842294 -0.15416215375945 -0.00345284767043647
0.114721854560736 -0.0190398661420528 -0.145198899053198 -0.0280429586600206
0.0923246219462932 -0.0648527575754371 -0.124558605135873 -0.0390275271821446
0.0315487161848841 -0.0907670165213549 -0.100397606763781 -0.0251679786168391
-0.0138119866881508 -0.0850073366854076 -0.103868697611548 -0.029365915431135
-0.041667195560464 -0.07069698421303 -0.108398090566529 -0.00525545858263112
-0.0543875748626634 -0.0515845181344919 -0.089153851023539 -0.00543014896988456
-0.0562926062601361 -0.0493374990116169 -0.0714100578293025 -0.0359327536882553
-0.0491515855347349 -0.0569618735485416 -0.0608605303691966 -0.0756308058114862
-0.0462286123138497 -0.0722601698179498 -0.0212775387708178 -0.110556275533964
-0.0166236165092571 -0.0959316116280896 0.0342058942710042 -0.125339545267164
0.0311496914843575 -0.0971636177491565 0.0959945954340473 -0.078067563388735
0.0906582193755023 -0.0753586157110182 0.0807840748874925 0.0093923079933971
0.127170889875988 -0.0231755260037996 0.00539723736106749 0.0569010818436895
0.111818293409073 0.0168404744214447 -0.100582835615395 0.0095842515309153
0.0401306690915309 0.0277463211715133 -0.181421771481246 0.0100152568269871
0.0590235748330028 0.00374207542366537 -0.1508501964962 -0.00772770819568335
0.0490233759924963 -0.0284258710483983 -0.120053117474777 -0.0285407463357127
0.0164201986615303 -0.0403163355450141 -0.0934314597368996 -0.0313343189310877
-0.00207618872930359 -0.0353061673158033 -0.109728460384713 -0.0379506959962077
-0.0129833681839826 -0.0351150200241 -0.118882710236613 -0.0142559848011265
-0.0221600340915046 -0.0299580287997638 -0.104645400604756 -0.0178115842140574
-0.023033236101644 -0.0294563267876228 -0.0868854288225937 -0.0522286608211174
-0.0196865625449219 -0.0356092511755725 -0.069532037192271 -0.0940182717058147
-0.0158076858793132 -0.0444499414861789 -0.0194442296195947 -0.124741088209666
0.00593788649461127 -0.055594446264028 0.0412207585845335 -0.130401298338402
0.0347033320885987 -0.0530277675960397 0.0983845824697011 -0.0753894232915558
0.0713939689720044 -0.0296969599041227 0.0728452563025446 0.00397083561782215
0.0811147641375986 0.0131194020800323 -0.00863730708308142 0.0391542872659433
0.0535942777410371 0.0327980471856845 -0.118837490255572 -0.0098493030852895
0.007664080198036 -0.0271749785936941 0.128149700473688 0.00743789739981623
-0.0265837192727399 -0.0169917723746249 0.0228495875940583 -0.0479532084204902
-0.0266038065014011 0.00468696162955865 -0.0728711182680934 -0.013193202152848
-0.00858599055164722 0.0143737300505187 -0.112556849518505 0.0624988439803249
-0.00362230482433044 0.0056839156677212 -0.0577698081017429 0.136346610519286
-0.00834868426870906 0.00567442009824249 0.0187387138583728 0.138020632641943
-0.012267236844275 0.00749899739775107 0.0655796625617854 0.101233568750583
-0.0188640508183185 0.00719133563995903 0.100945990245407 0.0561682592143131
-0.0186408183846659 0.00536916879345663 0.109394281951928 0.0174591631844555
-0.0213423418723031 0.000369052535519804 0.122723963755736 0.00134424340463638
-0.0211579319709406 -0.0124089506991257 0.119524529292525 0.0151503098596537
-0.0108642582867335 -0.0145673877505864 0.104771693325838 0.0269695940348649
-0.0106121884134686 -0.0233406274110599 0.121179713616994 0.026584016658432
-0.0018470445033084 -0.0350077801448019 0.150953220749985 0.013129321309996
0.0257880543899471 -0.0297768942677041 0.18420609521378 -0.0244132398417715
0.0656816064868144 -0.0163761734051686 0.115010195264908 0.0103261121187791
0.0293329846681815 -0.0261233518923894 0.0139093412897765 -0.0455451016355092
0.0156073605289587 -0.0165159227853372 -0.0760885860530571 -0.0184280468805339
0.0118382213133935 -0.0202759522674484 -0.118002268148839 0.054704388144285
-0.00371451050908963 -0.0351967296519558 -0.0684511196033968 0.124398884431787
-0.0270578582895615 -0.0303960708795138 0.00276176195870464 0.132708685691512
-0.0410917653559042 -0.0189777310466144 0.0521970639930353 0.100668353527017
-0.0540028267406643 -0.0145258249803121 0.0867128086336836 0.0575417702536385
-0.0554716562698298 -0.0165384114292394 0.0947701205427511 0.0119784700825843
-0.0615980413247381 -0.0293334883922762 0.108250128060147 -0.0147491236451561
-0.0536200294610246 -0.0607481251968186 0.114850610146193 -0.00966638400458395
-0.0175047536019479 -0.0753643612827125 0.110286032876087 0.00711037314899653
0.0201684604844583 -0.0826228574125828 0.121553228955589 0.0206105729357094
0.0580659279686054 -0.076370550159969 0.13391840223902 0.016998955386356
0.0911602733951566 -0.049149821754146 0.154561672137778 -0.0152875148661204
0.116325146586204 -0.00240177570858777 0.0810755312010759 0.00514634772086854
0.0870642586453643 -0.0302298599767192 -0.00734320068846525 -0.0526202653010632
0.0636588045495595 -0.0400429049375302 -0.0879278710172886 -0.0308396475773681
0.034085247646269 -0.0591940939249298 -0.123990595787456 0.0450019485038709
-0.00431418494059175 -0.0759553202133228 -0.0761223193138304 0.105705907699867
-0.0436028629902753 -0.0644653663332619 -0.0160608943724219 0.115951339780216
-0.0646239756992875 -0.0440465467555601 0.0308257026560864 0.0901203001592183
-0.0819588624232318 -0.0353753184567738 0.061112007380924 0.048918593022072
-0.0831969501068036 -0.0356649621422956 0.0651865026838027 0.00186845996130621
-0.0936348914865288 -0.0520490586554567 0.079813471617353 -0.0334105114835302
-0.0823348236473577 -0.0962642094380878 0.0979238222763278 -0.041136984978873
-0.0315116677691131 -0.121663937412722 0.110007974219667 -0.0209378319934458
0.0368535680637309 -0.134111193575979 0.122174234434981 0.0137873083058795
0.104261856961123 -0.11176159998385 0.11399710455615 0.0281477117779362
0.140464625528367 -0.0615091829378716 0.109092558890862 -0.000140222571423887
0.15116535334909 0.0102331880622503 0.0277638044282034 -0.00324844026555929
0.13517137596097 -0.0348080626406141 -0.041116731823199 -0.0601342136910808
0.105259939481393 -0.0665320373877461 -0.103607911601517 -0.0421291936267823
0.0495341593845245 -0.0987457628949746 -0.126600668507121 0.0301070162787637
-0.0095074208642554 -0.111049536119553 -0.082609827824169 0.077055204975668
-0.0584754556903306 -0.0907203649638263 -0.0366689150037086 0.089184669674712
-0.0815218248523332 -0.0618219486773871 0.00303351358747091 0.0702530237056519
-0.0971417560482256 -0.0504247797590875 0.0272789474752062 0.0337530568826494
-0.0972585868211586 -0.0512610029992585 0.0275272074990124 -0.0117819056743348
-0.109404030913133 -0.068391122760337 0.0436983559114652 -0.0525328568961989
-0.0956139863438476 -0.118442662751137 0.0711663778725799 -0.0694097664722189
-0.0373029634641122 -0.149171138112228 0.104098784167442 -0.0477333134862513
0.050111689483902 -0.163050323854255 0.117689914156712 0.00841394242121596
0.13477179075637 -0.12724637048319 0.0905129493814529 0.0448220234306344
0.169260507812292 -0.0611678491249609 0.0517592486815175 0.0166542798898213
0.161480565955778 0.0167422867770728 -0.0374591782657941 -0.00926107748271452
0.158077427284591 -0.039220010972008 -0.0825559669755415 -0.0584579002000622
0.1259677247948 -0.0865446558399568 -0.117777457826352 -0.0478464416200008
0.0513231308058049 -0.124361994737232 -0.122408153432269 0.0119363847792733
-0.0175251383769165 -0.12783824399519 -0.0895050769838637 0.0398968607912157
-0.0667694330606298 -0.101125749625192 -0.0610711612579364 0.055469005495865
-0.0862730334457755 -0.0686409028411225 -0.0289777675453146 0.0439690041971587
-0.0977340934858626 -0.0580095831529749 -0.0101614455865155 0.0123547737943468
-0.0944710016263025 -0.0614220814759355 -0.0101004071490616 -0.0294427027097582
-0.104127888377449 -0.0798247931648728 0.00888666420172551 -0.0701271339601874
-0.0854644794203118 -0.126700871459173 0.0460705424560659 -0.0932760547228272
-0.0245081364443417 -0.153294100435849 0.0962234434818799 -0.066228645032783
0.0666651195152647 -0.160201743856324 0.108176479544085 0.00772373982184895
0.150723902027691 -0.113732605245723 0.0630001327783345 0.0592522242408637
0.173347545452477 -0.0444669888449012 -0.00659765225738692 0.0280044245594499
0.144190742768723 0.0188138975038872 -0.101695000839398 -0.00750791812722992
0.148919468055977 -0.036979370318856 -0.120193047373435 -0.0444698769922021
0.11806061864154 -0.0884421847750912 -0.125225184214735 -0.0438551815871979
0.0419700126983232 -0.122194501440155 -0.111498639085524 -0.0068859285363074
-0.0217871381215441 -0.118060034626627 -0.0971931362701157 0.0024317066073046
-0.063494966937356 -0.0921661509558504 -0.0865488475665105 0.0230188872712893
-0.079004254302344 -0.0630834167316505 -0.0612103530215573 0.0182559385418751
-0.0838454935441312 -0.0565202571303304 -0.0454196032434493 -0.0108618394850895
-0.0779008422777499 -0.0629225458589251 -0.043293917551576 -0.0502590264820048
-0.0808525143776949 -0.0806890062409767 -0.0157357812457664 -0.0891448387335398
-0.0562446348014444 -0.118402243315302 0.0302964544969456 -0.112320605088857
0.00259064266467853 -0.134094539884335 0.0905511628471903 -0.0772851389554251
0.0819353854786046 -0.127134427674321 0.0941492930109809 0.00822500568130656
0.147763012898805 -0.0754502150751359 0.0336383103390593 0.0649868952623379
0.153168346477335 -0.0162887273857297 -0.0596215812148956 0.0267853031675275
0.100871656569514 0.0195167905922763 -0.152250260161988 0.00371309963922793
0.111060814336744 -0.0240552380861191 -0.144226330256109 -0.0223819538309439
0.0870644167826648 -0.0684643445762366 -0.124823857283457 -0.0336298611068178
0.0267746982664673 -0.0904647289823686 -0.10051208372652 -0.0218839599225755
-0.0181569267520601 -0.083108098256238 -0.105477124082699 -0.0248612808285347
-0.0454405383004538 -0.0663130323351483 -0.107572763192115 0.000347522162386739
-0.0566111389710653 -0.0483638394473227 -0.0886385983805888 -0.0017673281000032
-0.0572369950378603 -0.0453876888058766 -0.0727086033446112 -0.0316092542946961
-0.0515659485778018 -0.053799133717671 -0.064576311535605 -0.0706847865638743
-0.0488842719225528 -0.0685379350490339 -0.0260909444142608 -0.107337084323795
-0.0217243907824377 -0.0927552129407105 0.0274208159600839 -0.125375747121059
0.0256582218947349 -0.0970181428569321 0.0900872696434335 -0.0806538878573787
0.0854474111356985 -0.0781343978696296 0.0809973991285739 0.0071036317145709
0.1241215363205 -0.0290265068584116 0.00846639156941022 0.0568619456696483
0.111273991000866 0.0115515896551385 -0.0979536836177243 0.0143046374755136
0.0408194341597968 0.0253283915431528 -0.178744060762489 0.0179689060856838
0.0575682550485233 0.00110469898641676 -0.148146450886141 -0.00160456750446605
0.0460016816319733 -0.0298880819302272 -0.120590785603524 -0.0237418776760181
0.0143318169974882 -0.0397884050648865 -0.0938148936931897 -0.0282200311698979
-0.00349961993562502 -0.0341341088820619 -0.111477825157926 -0.0331352036544807
-0.0150959552458517 -0.0336299945664658 -0.118212526689702 -0.00781242381135949
-0.0232526929955083 -0.0288636720526384 -0.104287658092472 -0.0127850434683346
-0.0238338436587683 -0.0277066901118014 -0.0884678486109757 -0.0463226784551296
-0.0207669710751177 -0.0340280964255177 -0.0735772215956361 -0.088217841456253
-0.0171423940668503 -0.0421657478845525 -0.024548798388533 -0.12154452293053
0.00336174705846437 -0.0543797153606659 0.0342645087542146 -0.130774272954074
0.032022001569691 -0.0540478242881832 0.0928834615604798 -0.078728132588346
0.0686868719065063 -0.0324574179564013 0.0724063176179664 0.0020345492143042
0.0802884168535618 0.00946455261536231 -0.00592389773601701 0.0402376117026752
0.0544128327182073 0.0300836785633265 -0.116724154030688 -0.00470931585400987
0.00648893407210766 -0.0263089691727809 0.123097288283969 0.00168137610825703
-0.0263519957526423 -0.0150842261038573 0.0193979073812056 -0.0463207775525175
-0.0255340703000227 0.00565131620711892 -0.0708804136413838 -0.0104124573493801
-0.0069513721733517 0.0138085710272417 -0.105819521734412 0.0643442134741925
-0.0032678975373496 0.00562206843698661 -0.0495345944472898 0.132441909883947
-0.00771601874777858 0.00567407417895545 0.024737295917756 0.130394955294149
-0.0113526506572135 0.00774991495686295 0.0669162946695488 0.0942148746621337
-0.0179578199515186 0.00830645601153876 0.0990838710618414 0.0496809089919759
-0.0181838901360744 0.00587304973112261 0.105861000324962 0.011253350341725
-0.021255254489225 0.00112653373965118 0.117199545499114 -0.00479560578649394
-0.0208361992893563 -0.0112134977871342 0.116077389364882 0.00863241357621029
-0.0110386430192669 -0.0137734769104697 0.10259883470394 0.0229059497560474
-0.0113226631051965 -0.0223033622576052 0.118132693882333 0.020462501443484
-0.0030385035986943 -0.0334417286561176 0.144917593104352 0.00664595610051168
0.0239009676190412 -0.0295052866190965 0.17486172161782 -0.0306419395496114
0.0626447964126535 -0.0190429741583864 0.110635621608943 0.00486981370435898
0.026443959681184 -0.025674839147661 0.011096585935459 -0.0442022153133648
0.0134452323498686 -0.0171518998721404 -0.0743884165592974 -0.0160421740986066
0.0108168981743203 -0.0201246268423474 -0.111102598513328 0.0570671078541503
-0.00596728788702963 -0.0328536493987719 -0.0599532527612411 0.122198164577448
-0.0274941437731333 -0.0272908963123371 0.00880721074136899 0.126780025429959
-0.0400808691363124 -0.0160817684049516 0.0545331841162128 0.0943730936012714
-0.0530448348687462 -0.0116305512908934 0.0860362926189313 0.050813927692834
-0.0548397485036973 -0.0130873353177271 0.090946883472537 0.00725337873164419
-0.0610543258669634 -0.0251217018666637 0.102799004446115 -0.0193975529217296
-0.054886394936691 -0.0553639374793326 0.110274547562531 -0.0151148525605487
-0.0209020159693089 -0.0709976364605214 0.106444643152001 0.00297954325367097
0.0144839655109819 -0.0805037549832757 0.118744962548539 0.0154563159952952
0.0518217499208938 -0.0757852893253436 0.128448392845385 0.0116311405484748
0.0859434026978045 -0.0503716655294541 0.147335789241831 -0.0209486615009306
0.111785401476834 -0.00783594998421856 0.0776217643147521 0.00173844296095202
0.0814179932384074 -0.0329066760924892 -0.0093052451892824 -0.0495030132370073
0.0585131852158758 -0.0419476206243164 -0.0867499546651461 -0.0269009369148359
0.0300437480281569 -0.0586429697004796 -0.11688619775786 0.0472396544150782
-0.00840617219442942 -0.0720525728322578 -0.068280538563427 0.104675138923001
-0.0454156908801825 -0.0594983957700351 -0.0102606824888301 0.112279712147588
-0.0653420055925671 -0.0386318408878572 0.0338251190758994 0.0852307902744985
-0.0807770336968332 -0.0297057193546953 0.0615313817778024 0.0442645436553403
-0.0818579302225774 -0.0306330778928035 0.0619004134906823 -0.000886930978683362
-0.0927584346130481 -0.0451951226237952 0.0740033945624224 -0.0358472462922981
-0.0845662217402688 -0.0874422746977094 0.0914260989557878 -0.0437305064859258
-0.0363356311508667 -0.115451928100524 0.105165711177794 -0.0240107453810023
0.0283156038618451 -0.130614480981626 0.118617731755279 0.00871031433039095
0.0940551284172118 -0.111827986793166 0.110603985580179 0.0233304393657797
0.133165010979189 -0.0650162428695552 0.103766506299696 -0.00412723904887213
0.145817387594761 0.00256010733102168 0.0269197881817298 -0.00421409612859549
0.126717164036316 -0.0401843913787504 -0.0414921192618823 -0.0560731456363362
0.0972157982818301 -0.0695024120658044 -0.102499765201823 -0.0377148026686379
0.0425481164936295 -0.0974903440554325 -0.119982320398852 0.0341274204395303
-0.0151231240923413 -0.105762456616246 -0.0767973704434359 0.0770283558900117
-0.0611377878866403 -0.0834439731621934 -0.031623651994018 0.0872366691196415
-0.0816713158279048 -0.0546741479430707 0.00618238513841053 0.066932746090852
-0.0958530883066669 -0.0434077831669542 0.0275662279166243 0.0310930155570059
-0.0963462487302469 -0.0447768380176389 0.0258799621025601 -0.0117563404136165
-0.108370572509914 -0.0607932087985136 0.0389267308143037 -0.0522061282129653
-0.098208720022323 -0.108408260721282 0.0646465413310029 -0.0703493041436688
-0.0432541714910935 -0.140998742361458 0.0975752946654411 -0.0488355410658606
0.0389958213549074 -0.159022657690497 0.114104099376423 0.00381037904466684
0.123187630202046 -0.128206097614438 0.0893662903086886 0.0396732857092842
0.160529994760698 -0.0653414283084393 0.0506072254227724 0.0144807803785486
0.156863357760739 0.00800737327869076 -0.0360081212062221 -0.00685805430212729
0.148696312120835 -0.0455556778694712 -0.0812900011101051 -0.0517674823016763
0.11638893424535 -0.0895432994617132 -0.116753109791644 -0.042174956699373
0.043676982442358 -0.122068231195845 -0.116967380795755 0.0155914572625458
-0.0234347149548488 -0.121246602941776 -0.0856642150119904 0.0415115992558052
-0.0698192672914666 -0.0925969757420677 -0.0570594228566684 0.0564505769756336
-0.0870339871061364 -0.0609747031258748 -0.0255265789337099 0.0433098401921558
-0.096749447099371 -0.0507766285655806 -0.00939207192810666 0.0126942002697722
-0.0947179128319136 -0.0543352877893445 -0.0116766409953176 -0.0264755194715508
-0.103793203164558 -0.0710712932499187 0.00483061038544105 -0.0674584066753529
-0.0890971817048628 -0.116883179633294 0.0388047673047641 -0.092285776419026
-0.0311757534234729 -0.145851640003373 0.0889535244399016 -0.067081279506793
0.055316442567156 -0.156666046782424 0.105010954163152 0.00376835582872785
0.138945291237751 -0.115934598518979 0.0633926215988446 0.0555210216510226
0.164952079969795 -0.0489531691342273 -0.00507621818374334 0.0274928883594694
0.139789717972185 0.0111558440165485 -0.0978099844934097 -0.00201465926296945
0.140370433886067 -0.042312815599653 -0.116981381653775 -0.0367654983106225
0.108430035126277 -0.0909680668635072 -0.123182993999297 -0.0373212279902194
0.0338452995026108 -0.119043353428631 -0.10775916666593 -0.00366396621940632
-0.0270465133261919 -0.111397801212522 -0.0950235020867171 0.00590658682919651
-0.0657793309158524 -0.0842444097165594 -0.0824425827717121 0.0266769553587289
-0.0794231423378208 -0.0561356785961684 -0.058045955481359 0.0205857076466264
-0.0828088990190624 -0.0497080828566489 -0.0438585625165106 -0.00824714235471027
-0.0780519019730629 -0.0561287221786908 -0.0436934047533341 -0.0450868092545096
-0.0818751963111454 -0.073335477302952 -0.0194563075060863 -0.0848138369197345
-0.0603985296649193 -0.110640539145669 0.0230297187801699 -0.109558078969234
-0.00451147746045838 -0.128972779778584 0.0836954822834741 -0.0777790052412002
0.0723120388694107 -0.125198298804199 0.0919376197600809 0.00552480893654732
0.137358055343012 -0.0795657114519033 0.0358346747334424 0.0617268784601637
0.146962572321229 -0.0216899265154087 -0.0559006270468701 0.0284866168636706
0.0978608790158794 0.0142925837516681 -0.146375054316156 0.0104633058053999
0.104709684951866 -0.027575234580096 -0.137970416143503 -0.0148133900526094
0.0798751072792467 -0.0699372049913135 -0.122461479513964 -0.0280124196892122
0.0207655547430275 -0.088166815442799 -0.0975080623163548 -0.0183949658525115
-0.0213608201916435 -0.0782383095120747 -0.104124910215972 -0.019363933213383
-0.0473212953525417 -0.0607560509599578 -0.10349363712278 0.0060510324940602
-0.0567932240571843 -0.0430123252783919 -0.0851423352570947 0.00248186075194732
-0.0571026621711812 -0.0402839216453082 -0.0716512818696037 -0.0268027604871995
-0.0519088608983171 -0.0486332857009276 -0.0658434204246433 -0.0644028141059665
-0.049970593294773 -0.0627801437350158 -0.0305058988058572 -0.1019484582443
-0.0251162932380745 -0.0877987423628517 0.0206699231676417 -0.121441902166358
0.0201563886543608 -0.0936989420660335 0.0829941535155406 -0.0810327994326897
0.0771085924431557 -0.0780708903204288 0.0783197798225818 0.00478962883937089
0.116855539125682 -0.0333523498078472 0.0115823695827798 0.0551361997128559
0.107599615189345 0.00667182832482801 -0.0932519669039515 0.0176759719339536
0.0407654722423431 0.022103110803421 -0.170970386716882 0.0244981513835263
0.0547229090453828 -0.00131127762713247 -0.141575319509122 0.00394022023219818
0.0426073923988445 -0.031393115250401 -0.116567329333298 -0.0180492248402033
0.0112897362870359 -0.0386727677365366 -0.092022571432868 -0.0245447398522429
-0.0052537787251517 -0.032187962749366 -0.110021653808342 -0.0268277203132429
-0.0160337582110042 -0.0312137391793193 -0.113819398662722 -0.00206292207282636
-0.0239608107762036 -0.0254328831503006 -0.100990230584217 -0.007261536003244
-0.0233190183772112 -0.0252512465569636 -0.0881312953172812 -0.0403190121836893
-0.0211900946527367 -0.031638156574014 -0.0748818141976659 -0.0803304030154665
-0.0181625166093902 -0.0390803083827617 -0.0295718293077357 -0.115858601577017
0.00115741697729503 -0.0521612196853193 0.0271088629323149 -0.127099112830024
0.0279301445685393 -0.0527966483999927 0.0861920408711704 -0.079615316170475
0.0635686055384565 -0.0340576686094607 0.0698845261150326 -6.9599796742965E-05
0.0772703954874238 0.00456879545492962 -0.00276121984169322 0.0390495976366774
0.0538846318072427 0.0269701835426164 -0.111554456070979 0.000869903573116579
0.00375619648096472 -0.0265614944593851 0.115550212842264 -0.00932485863056364
-0.0262773068310908 -0.0113577601970571 0.0137879184454531 -0.0455440398097381
-0.0241695758013843 0.00825432076652788 -0.0669651322661655 -0.00232014089022074
-0.00536937372578842 0.0135236908473729 -0.0912804479658307 0.0727961295244834
-0.00305740914375105 0.00539745697588159 -0.0297188067936512 0.129822347427621
-0.00645408422216084 0.00624423776584096 0.0377363210451626 0.119466429748705
-0.00917990138669058 0.00933311576506007 0.073951566120922 0.0825077505102119
-0.0159004771005671 0.00966342907225537 0.09850475105486 0.034672233490517
-0.0170400752700218 0.00746011068509678 0.100058524187566 -0.000427727268397813
-0.0199927263178118 0.00268007681771596 0.108562765396417 -0.0183399420918453
-0.0220805218632809 -0.00833358695364267 0.10967755479298 -0.003984009508235
-0.0122270101146217 -0.0126783568882469 0.100009592761041 0.0113946563220155
-0.0135439957110212 -0.0198797789516098 0.112887279936176 0.00633783822857753
-0.00689222948826 -0.0314782943210314 0.13452115752868 -0.0103076864769753
0.0190765439117136 -0.0316681441724755 0.161816797439015 -0.0481927601367846
0.0584088569115517 -0.0264371295821704 0.0990478493307984 -0.00451747708787722
0.0216841255607913 -0.0267205256576556 0.00539471969328598 -0.0413290396839689
0.0100516483318167 -0.017192404572003 -0.0727428252669568 -0.00719880161710839
0.00761758739181221 -0.0194586896298429 -0.0982727418413814 0.0677828398627613
-0.00999986028572059 -0.0302483352650418 -0.0423553010762873 0.122319364479685
-0.0286964769655537 -0.0222587925918518 0.0215053657129114 0.119080365651399
-0.0387487395176671 -0.0100590957989623 0.0616126806151534 0.0848735446640402
-0.0507591519639464 -0.00444929305971861 0.0863125673341605 0.0367233095365764
-0.0532377091198381 -0.00642188302864758 0.0844662902746447 -0.00267331080018632
-0.0601812925224179 -0.0167595950606648 0.0917423359572528 -0.0296606887669953
-0.0582969007639205 -0.0448401218148104 0.100508895602559 -0.0249075791898445
-0.027996130389654 -0.0646357623285256 0.0998598293401458 -0.00795287899356326
0.00267770874450439 -0.0766706983853023 0.111918849957961 -0.000216074636593097
0.0384099968623977 -0.0766909649617398 0.121771428245715 -0.00754148664292095
0.072564882552028 -0.0583146399395103 0.137999475198493 -0.0363706244868923
0.10675354892627 -0.0219080378035589 0.063876001309349 -0.00405873038985598
0.071889269228523 -0.0389732992954515 -0.0165277564366408 -0.044077301339701
0.0489756562792165 -0.0456356312569023 -0.0879802212302919 -0.0148609548398071
0.0219036882719917 -0.0570502223774585 -0.106158225551556 0.0601223182826487
-0.0165239959891956 -0.065894095479304 -0.0534662960037163 0.108406055690511
-0.0486423535731411 -0.0497288132835699 0.00171751331699577 0.10898960541501
-0.0642468417832663 -0.0281755599475224 0.0399956204227368 0.0790446680481903
-0.0785094844370675 -0.0183867880830819 0.0620426312539698 0.033804216566185
-0.0811115297410336 -0.0192404596358856 0.0563542418075054 -0.00660857232519689
-0.091292860331205 -0.0312769106763647 0.0621717955867997 -0.0411613203276192
-0.089702946955014 -0.0715909898355819 0.0783816209312308 -0.0494127008274356
-0.0477236375135107 -0.103368671471978 0.0940284959184327 -0.0334072419983482
0.00933503396113351 -0.124314232308292 0.109978509195233 -0.00819419414343443
0.0728084920397506 -0.113804414673705 0.106719290804173 0.00348481455570236
0.114531038432887 -0.0760444639825897 0.101266162441515 -0.0163619349967473
0.140822610266912 -0.0167105799812982 0.0122229301094022 -0.0038680602605659
0.113459608262589 -0.0503969526886766 -0.0489760122321333 -0.0457688916306504
0.0819881329639112 -0.0754773763080037 -0.106156105872993 -0.0223167826163282
0.0294373618699344 -0.0945210830309813 -0.111657041969536 0.0481898165685759
-0.0262181944654597 -0.0966142756866933 -0.065209496878571 0.0849200920824402
-0.0657362948222039 -0.0703883790355963 -0.0211527266643796 0.089376473908353
-0.0819824256118664 -0.0408202351442047 0.0110115911218688 0.0650977556757168
-0.0941851237483115 -0.0293188687444685 0.0292121352268716 0.0255736511468266
-0.095505218839866 -0.0307650357869632 0.0210753114212373 -0.012222769942581
-0.107980274629758 -0.0433374548406126 0.0268431928973014 -0.0513615424708996
-0.105064648450683 -0.0878320345851086 0.0496462931792086 -0.0716158858480578
-0.0569271138721018 -0.126260882222193 0.0833265334019936 -0.056449224938183
0.0156219113806531 -0.152219048885079 0.105757423510801 -0.0117956568019766
0.0976896250842982 -0.131893117503429 0.0898277458962601 0.0203269008443054
0.139532856490841 -0.0796148788991897 0.0543894306067798 0.00693102196036572
0.15164410923269 -0.0117296399770307 -0.0473955407469036 -0.000397087495413816
0.133647450455761 -0.0570803150974929 -0.0859276616602611 -0.0379442719492729
0.0976990744682457 -0.0962208332867064 -0.120826865470746 -0.0238456682121242
0.02842959836941 -0.117745456483631 -0.111568282914733 0.0313482406009991
-0.0351031446612446 -0.110458521520041 -0.0781954093979809 0.0539615330296756
-0.0749839419824559 -0.0781344101926378 -0.0484817138739577 0.0643117843705271
-0.0878110511812948 -0.0465736410898483 -0.0221591230093524 0.0467091491740661
-0.0959233769417375 -0.0362582297025898 -0.0076345152751069 0.0129037414455158
-0.0955765282419178 -0.0398956285897499 -0.0162153051185884 -0.0226290386142465
-0.104549881773152 -0.0535377241493927 -0.00635026920499493 -0.0628402014881152
-0.0976416675451868 -0.0969876914746427 0.0232092420510708 -0.0889560796229954
-0.0458372779686869 -0.131489296556958 0.072696767227279 -0.0732927368583777
0.0305159945413675 -0.15204784649344 0.0970558219895374 -0.0117925320505556
0.113211405806002 -0.122572023642782 0.0687807212906024 0.0379386937423893
0.146237342736627 -0.0644159732925359 0.00308500604939925 0.0253293480796547
0.135136619598861 -0.00641860409266667 -0.103770699074904 0.010178371248333
0.126290178358847 -0.0535727723643898 -0.117432234744909 -0.0193224671295361
0.090560739974339 -0.0966023571969895 -0.126277453122545 -0.0188694327780939
0.0196106649963339 -0.113923206585158 -0.105570524651947 0.012289057434633
-0.0372574767153906 -0.100453527970131 -0.0912654124756122 0.0213856082634442
-0.0704328360449376 -0.0707703918500575 -0.075677355586954 0.0388357833175595
-0.0799436478090095 -0.0430716774732157 -0.0556870365638449 0.0278960228477334
-0.0830560343531712 -0.0368133771579028 -0.0432412090643471 -0.00203528958364397
-0.08028312291134 -0.0434117201359709 -0.0479215020214549 -0.0361183596332276
-0.084095336186232 -0.0571713125362229 -0.030927796437086 -0.0761316450187373
-0.0693231298009349 -0.0941088605904059 0.00646490858017939 -0.10365825416396
-0.0192990823389832 -0.118266655716828 0.0670926005495486 -0.0830328878284624
0.0501994788459951 -0.12463870828233 0.085896761594303 -0.00849087368537286
0.117095730659848 -0.0884036904615661 0.0451756646699961 0.0480631355391167
0.132659809527275 -0.0364675600320931 -0.0451565527855049 0.0328228122232806
0.0954867829170437 0.00234941753405443 -0.14482061891894 0.0254856806680688
0.0944652080254838 -0.0360186807003242 -0.13429475380402 0.00218246571212895
0.0662672696645867 -0.073286769670699 -0.122173849195323 -0.010381690851425
0.0103569286379218 -0.0838033198929515 -0.096813282938891 -0.0041298295479321
-0.0281446370658489 -0.0704122991965434 -0.103020001143717 -0.00235421542096095
-0.0508006783693875 -0.0511510280359646 -0.0977195124043921 0.0207313495294387
-0.0582562895286264 -0.0328228398486078 -0.083325240474187 0.0137026096971049
-0.0572442592681391 -0.031253237312298 -0.0708057162720112 -0.0160500803367003
-0.0545055821878207 -0.0388001142353414 -0.0702674456422527 -0.051546973264727
-0.053169660009575 -0.0511151286337163 -0.0424502639428476 -0.0913466783745389
-0.0348424791883538 -0.0769513867957982 0.00314984687467967 -0.115766016512399
0.00667748552892464 -0.0889246042217666 0.0672034637107614 -0.0866520714810246
0.0611697618105368 -0.081890197325215 0.0748002310059322 -0.00680939790424814
0.10389632785172 -0.0439191665951337 0.0212365594035394 0.0462512083557072
0.0998367898975836 -0.0054287358079159 -0.0825027377431881 0.027536573058544
0.0409934742777986 0.0168590074954425 -0.161622088534119 0.040221084519232
0.0502636762933579 -0.00616124153497088 -0.133870935147031 0.0189276951456585
0.0356331566652165 -0.0330406509164213 -0.113894784130316 -0.00356431951990069
0.0064907022709224 -0.0366630976100325 -0.0913081155832276 -0.0128026943166865
-0.00760409634635703 -0.0294557288819084 -0.108521943390659 -0.0107611499307263
-0.0186555553109532 -0.0269465044401757 -0.107732694594414 0.012225878161904
-0.0253039394780337 -0.0206680078735337 -0.0983889951105404 0.00509519394877442
-0.0243885162236521 -0.0206364449654567 -0.0864278364692032 -0.0271666810136775
-0.0232098009588628 -0.0262884059156074 -0.0802740201582779 -0.0660494555470567
-0.0210010873829583 -0.0329427774358134 -0.0423823321849707 -0.104764231596957
-0.00560538312215412 -0.0478238520313658 0.00996078239913331 -0.122035909365802
0.0189897149944025 -0.0520454130310567 0.0721695888752165 -0.0852209537748348
0.0538081437908265 -0.0390250752734044 0.0672332258350339 -0.00913160600656921
0.0715674316168989 -0.00398687920741961 0.00608252340573102 0.0355917684269548
0.0526817076149279 0.0194933001656772 -0.102878760948779 0.0131818295636508
0.00441264620102668 -0.0250217604423106 0.108898285853925 -0.00752166033776546
-0.0241943028580496 -0.0108605667575393 0.0144219430761836 -0.0430183924427916
-0.0232445936485196 0.00762005433474582 -0.0640387511622648 -0.00420701209826463
-0.00516484649090756 0.0125967130799779 -0.0880928823179708 0.0666835486355823
-0.00311635874484103 0.00541483558460166 -0.0297920722229822 0.121876503128333
-0.00626902787313263 0.00559060493224985 0.0327238026015364 0.113510574026289
-0.00915558227694895 0.00906849187373281 0.068933230775563 0.0793497694342762
-0.0149264735916609 0.00922460560984185 0.0922313300882098 0.0339901943609803
-0.016380472302692 0.00653143985884344 0.0943458024627602 0.000816380749510623
-0.0194270688776679 0.00207562649199211 0.102546104651659 -0.0158847102569789
-0.0204769365607084 -0.00805935960669635 0.10468168641129 -0.00221892668499935
-0.0110502922313607 -0.0124718752298016 0.0956543185923193 0.0132508700817282
-0.0125190197556355 -0.0187390612384872 0.10698133291058 0.00817161434886301
-0.00544993546337995 -0.0301673729861707 0.126715317531382 -0.00661309037689034
0.018740474553091 -0.0299008361060801 0.153328802823751 -0.0414774505344378
0.0560407630346385 -0.0243557360678687 0.093961235022158 -0.00202662413858665
0.0205277955866007 -0.024855210528526 0.00635289849642993 -0.0390913509862279
0.00895797791675968 -0.0163947023032344 -0.0696251979689445 -0.00843974601663378
0.00784276578509909 -0.0187392001822009 -0.0946723483879538 0.0614879828041725
-0.00905863337539767 -0.0282524670837378 -0.0419305135664048 0.115222104558298
-0.0269169962194862 -0.020774808358709 0.0180712052314898 0.112911146816311
-0.036791700390482 -0.00969858164175934 0.056802586476226 0.0813371864631933
-0.048327120935532 -0.00449842019574325 0.0811313250369479 0.0358460772226538
-0.050676975976521 -0.00670726466558369 0.0802632464481232 -0.000861602617235607
-0.0576564478170116 -0.0169389016403651 0.0872084937356216 -0.0265437090033394
-0.0550388676930062 -0.0430599536836518 0.0957678712506317 -0.0223340944728914
-0.0254821557193729 -0.0613749917336372 0.0953101301981937 -0.00534368119520124
0.00365575888559682 -0.0726409687626226 0.106693108186235 0.00226383706687676
0.0383466399712354 -0.07161244870124 0.11486514644189 -0.00335936847167102
0.0704981087333254 -0.0535443988606855 0.131217721038705 -0.0305671250074928
0.101538487673045 -0.0191496227853743 0.0616784454451691 -0.00212335049249853
0.0678103456327801 -0.0354995418756111 -0.0136412358707797 -0.0414848773718269
0.0458492126416709 -0.042151871003561 -0.0836097328765616 -0.0166621009056387
0.0211409575597089 -0.053791200235261 -0.10172232554372 0.0534423871843063
-0.0148131332240719 -0.0618338856653699 -0.0531205617725699 0.101209654375954
-0.0455152588152089 -0.046711383636137 -2.62883083368078E-05 0.102766362382067
-0.0599283940312195 -0.0270684553906883 0.037069405369243 0.0749965929076657
-0.0745740253143406 -0.0181260723821124 0.058304286593219 0.0326120788345756
-0.0769318801490491 -0.0190446047162594 0.0537256232751019 -0.00492112328857653
-0.0867988418390035 -0.0310952978397361 0.0592675437689394 -0.0381598610954665
-0.0851052986154262 -0.067989526773662 0.0747892267635812 -0.0460781031979228
-0.0435398637707102 -0.0983547254696505 0.0897506005929928 -0.0295809788832962
0.0102537219559269 -0.117126899304525 0.105382867303237 -0.00464862064678696
0.0707983972128752 -0.106414144113287 0.101622035638363 0.00676478104233886
0.110197562349522 -0.0696205242339014 0.0961926173050828 -0.0128368597005941
0.133540329628329 -0.0132835020403438 0.0129926476576384 -0.00360118179855569
0.107166713761317 -0.0460123537998135 -0.0443872667970302 -0.0436513028459955
0.0774041388667383 -0.069968429497559 -0.100859207711935 -0.0240072604476164
0.0289318475710505 -0.08938944352048 -0.106993830981922 0.0430227885189355
-0.0238741940110963 -0.0908599132976284 -0.0639722879555929 0.0796366983125639
-0.0617827113307871 -0.0664252848899805 -0.0212852418691333 0.0850529720500259
-0.0766984815582515 -0.0398625668805975 0.00981623816785493 0.0614476490344298
-0.0894407128998289 -0.0290727276526689 0.0270147381205803 0.0244958587222008
-0.0910101716366764 -0.0300576868795847 0.0204389338706953 -0.0111205679272132
-0.101769768168316 -0.0420329191469283 0.0260262521733844 -0.0484844134792191
-0.0996693790632536 -0.0838760064382561 0.0475946896107426 -0.0674001633263333
-0.0523905657201886 -0.120183184013461 0.080298530743925 -0.0510693217953512
0.0164704893838734 -0.143225008338705 0.101106108895977 -0.0090701476499303
0.0939691420647464 -0.123225593895864 0.085354386118019 0.022321093590094
0.134240751321111 -0.0723627706596871 0.051575927122016 0.00775335785676299
0.143502886737271 -0.00906894607112483 -0.0444888972422779 -0.000541084852552977
0.126510648198951 -0.0522661709716627 -0.0794116289062954 -0.0370018477651057
0.0924905836683151 -0.0899414912837916 -0.114694537000417 -0.0252223196034785
0.0277374117078217 -0.111054245921487 -0.106776224884077 0.025877398358118
-0.0320284584475546 -0.104456090101801 -0.0760033740927471 0.0492597130075069
-0.0704458994702234 -0.0739938571613979 -0.0468552486139849 0.0609219335771266
-0.0831494323978694 -0.0443658154582788 -0.02157080564064 0.0442968982555991
-0.0906151526533592 -0.035204373782742 -0.00813738499569287 0.0120762655043019
-0.0907064006528204 -0.0387410994572813 -0.0146635750943594 -0.0214563344753161
-0.098466365250558 -0.0510830595574877 -0.00535178288250811 -0.0588193575901458
-0.0915821907293232 -0.0919580567989755 0.0224215908652892 -0.0840731729785401
-0.0426315319432845 -0.124457984530251 0.0703963637555115 -0.0671998962921986
0.0309957395737253 -0.142372640757386 0.0934853609957715 -0.00830120276259286
0.108980158022797 -0.114547812639944 0.0648879038516008 0.0381058462451569
0.140130712081323 -0.0579452403766024 0.00254298118968155 0.0244128171479489
0.128560015536354 -0.00409264853119254 -0.0984334627290226 0.00743931602390465
0.119979549174075 -0.0479864804001708 -0.11054069930499 -0.0208640128661505
0.086551104578878 -0.0901353192690481 -0.119474885849347 -0.0205701161763772
0.0194469783025515 -0.107464375105571 -0.100477978231538 0.00803747246268336
-0.0339111764512067 -0.0953322482905154 -0.0882921030250706 0.0185183312487414
-0.066000724954736 -0.0675924799161581 -0.0726657828574077 0.0363242182114616
-0.07566000917827 -0.0410923792017449 -0.0531964344983767 0.0258910093185006
-0.0782526406868242 -0.0359906431503313 -0.0410301308270059 -0.00252595506507356
-0.0762101415448358 -0.0418937958420931 -0.0450211417076234 -0.034383567420824
-0.0789636693197188 -0.0550630838671794 -0.0286099514592854 -0.0726186607298938
-0.065016741832074 -0.0891691409757596 0.00728802829861365 -0.0986099282306077
-0.017426097563049 -0.111971350136975 0.0645346934757707 -0.0772278355762219
0.0489308897361478 -0.116857953180822 0.0827556532293681 -0.00515237319896749
0.111739071260562 -0.0822139750209912 0.0424009894470699 0.0469481522679985
0.126748565571878 -0.0324939885250862 -0.0429230317585182 0.0301306481476436
0.0896538100422427 0.00361392415401093 -0.137131908794455 0.0221451167139762
0.0894807271971764 -0.0321882299993631 -0.125957914326288 -0.000559956341646741
0.0631634810057457 -0.0682921509191792 -0.116102295240045 -0.0131148906942812
0.0107876502930408 -0.078579548450506 -0.0926438507087605 -0.0071662645121348
-0.0258180154893499 -0.0668563079891678 -0.0985819507853234 -0.00358022465746863
-0.047174521501124 -0.0487864415299899 -0.0923487775396724 0.018816014542751
-0.0544520264476117 -0.0312502658549225 -0.0788595279579297 0.0116446248482071
-0.0537093568217011 -0.0302664123715688 -0.0675307685222781 -0.0156643383075055
-0.0510423969607637 -0.0375955311170021 -0.0655749694931478 -0.0492942425124029
-0.0497472169764363 -0.049010418855241 -0.0389350759576451 -0.0868566752656705
-0.0315479020405272 -0.0732466800503639 0.00446400242019233 -0.109603612235923
0.00728196412855138 -0.0837188797287825 0.0650550770263727 -0.080542286889211
0.0585701627414943 -0.0758852024780925 0.0720891642501795 -0.00418271119787836
0.0981518146813407 -0.0397116628234412 0.0202414975817439 0.0448758413816434
0.0948295566904088 -0.00347492806634437 -0.0780587181041307 0.0242253525077886
0.0385156165573884 0.016315589605918 -0.154087102587659 0.0344135992995914
0.0474551737925971 -0.00499051593137711 -0.126079128125392 0.0146312714548262
0.0337068979485595 -0.0303636690969211 -0.108090934424982 -0.00633991095467326
0.00640735303470026 -0.0339812093979042 -0.0875921999857961 -0.0150282426938282
-0.0070659751426464 -0.0279342305423658 -0.103494035179442 -0.0117193115360287
-0.0177541808354109 -0.0253261372003343 -0.102143257620247 0.0107694162798089
-0.0243198417258191 -0.0191110062623384 -0.093033473329664 0.00342120715540411
-0.022325441118831 -0.019781551794876 -0.0822506875467606 -0.0261211689969464
-0.0215373695958877 -0.0253528830827942 -0.0748951643292526 -0.0625609028947167
-0.0191242930424813 -0.0310346226381359 -0.0384693177819887 -0.0994100298199017
-0.00474700895592405 -0.0450853205646655 0.0112701589052523 -0.115032732445645
0.0186293720011553 -0.0482708581065906 0.0695240661564154 -0.0786320487412342
0.051449524308747 -0.035770814849581 0.064415462698127 -0.00620339442089844
0.0676224289386776 -0.00303476417517062 0.00602491819564723 0.0339041785362186
0.0496405236253673 0.0191396471486841 -0.0974712381456328 0.0108369028306974
0.00528897798976757 -0.0244980945402596 0.106851243052897 -0.00240404401921259
-0.022506930799375 -0.0114881702347957 0.0160347282948273 -0.042049497523205
-0.0230612141380861 0.00610227075384734 -0.0620156205970774 -0.00760340757560911
-0.00560892654025857 0.0115283581534227 -0.0896517063609541 0.0604329116560981
-0.00308280242538864 0.00474386699043925 -0.0346208957016964 0.116591939498961
-0.00672114109272518 0.0052327748301345 0.0277419422426687 0.111561372054009
-0.00901118045492911 0.00768626804287496 0.0639585553851904 0.0797031075626748
-0.0152772184127584 0.00875161783082309 0.089038699895204 0.0368250509602771
-0.0164623127360679 0.0054477269254231 0.0924164509896404 0.00518241468443048
-0.0197546682382292 0.00122298305997214 0.100409636569429 -0.0112468170026697
-0.0201064664259494 -0.00864303601743767 0.102135120762796 0.00224195693442978
-0.010165819548555 -0.012611251624608 0.0931273214471409 0.0182201574643252
-0.0116958003960307 -0.0188785343759855 0.104312727936716 0.0137627696356402
-0.0038225814589487 -0.0295617594180697 0.123840370164586 0.000189791977311736
0.0201004792046708 -0.0291938882510275 0.151001144648533 -0.0324515440065233
0.0558368499078062 -0.0218006635208483 0.0922334127161417 0.0017622224475507
0.021056608097311 -0.0229247428851486 0.00853299245824534 -0.0382682683739057
0.00856122626913183 -0.0155052301118274 -0.0679108241886739 -0.0124090481851212
0.00805296645787387 -0.0180911136740561 -0.095386671877164 0.0550176208800502
-0.00798223837592436 -0.0278154704212929 -0.0455976124845723 0.109003616575269
-0.0254909770560143 -0.0214257026397804 0.0130978232226589 0.110336855254408
-0.0353808847668684 -0.0107025340787508 0.0521475414697228 0.0811606719904661
-0.0475199062866143 -0.00603099582700184 0.0779913818740397 0.0381901887785272
-0.0502864319510846 -0.0084766072570454 0.0783651484567665 0.00235724077659976
-0.0553826692110449 -0.0189290538865317 0.0856937161262103 -0.0223841723143918
-0.0521380444405035 -0.0440238882950655 0.0944460440132654 -0.0184682313104201
-0.0226149828968532 -0.0611937959174384 0.0936922893085726 -0.00039767904036827
0.00621871599907111 -0.0704438079151644 0.104493957487879 0.00762730799331528
0.039772770916426 -0.0683543920214677 0.111878254621653 0.003156478438806
0.0719390561436749 -0.0494664911709559 0.129756500901991 -0.0232607070951348
0.100258116748666 -0.0148135584199835 0.0601555167409303 0.000486250430741206
0.0672258199746992 -0.0314313217016881 -0.0107434546066958 -0.0415665583781406
0.0457440444327789 -0.0389879968754867 -0.0807514440244359 -0.0212505817035796
0.0227011935816644 -0.0513398162831051 -0.102165657688277 0.0472487981151065
-0.0121241533474051 -0.0605661957423293 -0.0561560321781726 0.0957913969255399
-0.0429966666779473 -0.0469641662575694 -0.00410990961140068 0.100388110294376
-0.0579296229183303 -0.0283614698280827 0.0328175765903451 0.0746730968400875
-0.0718597838420041 -0.019751504460171 0.055308227438144 0.0341798850408236
-0.0751195884197757 -0.0219057556889214 0.0534089952481117 -0.00226833290029346
-0.0842768114336192 -0.0336539469982991 0.0592724475960994 -0.034387492970631
-0.0806569040297685 -0.0688646689230142 0.0752094635514085 -0.0422899210182726
-0.0391458194808364 -0.0974080294891847 0.0898888679982308 -0.0243886867227035
0.014324474606146 -0.113608455821215 0.104114556826795 0.000539771598698039
0.0735309552424032 -0.100874271920513 0.0985756391763497 0.0124790663432214
0.111579810488089 -0.0626377152312306 0.0945398030801958 -0.00797561826777919
0.130885001734945 -0.00806064334115287 0.0133549977733745 -0.00249836411202353
0.10649009743183 -0.0397548420167807 -0.0400954652535794 -0.0444662226728284
0.0778287762347142 -0.0650523049873174 -0.0980869576675414 -0.028192378138307
0.0307272417555365 -0.0859117250517841 -0.106739676529226 0.0359241492243293
-0.0200940118862902 -0.0890024412623413 -0.0663007188354636 0.0742326329190281
-0.057712970305429 -0.0663376002042837 -0.0238308979529052 0.0821051736915379
-0.0739819835788202 -0.0410059043507516 0.00745866316527664 0.0612797397592576
-0.0865089882985221 -0.0309458130754851 0.0257288463207473 0.0245728886716517
-0.0890160738157524 -0.0325584443304031 0.0204980331472887 -0.00998170268045565
-0.0977150040551565 -0.0447759935729699 0.0273739017928042 -0.0455964522100285
-0.0944572152544831 -0.0847434558785701 0.0491428592050203 -0.0637600247526594
-0.0472988966841431 -0.118867097850725 0.0805314564941083 -0.0459576553428025
0.0215472211881382 -0.138312744806343 0.100323738593728 -0.00379544225830004
0.0964212708195711 -0.116217394313601 0.0828112817728485 0.0266763559886438
0.13452488029204 -0.0648185846507055 0.0501862312118398 0.0101254942590224
0.140554436599023 -0.00310597400926388 -0.0420470996980681 -0.00288716640785143
0.125369455563775 -0.044954905610156 -0.0748857656140909 -0.0390093038372765
0.0931677762778385 -0.0832712603027612 -0.111261066599298 -0.0307639303021627
0.0310378332127232 -0.107184748277512 -0.106020915253222 0.0196522817858614
-0.0274427805786356 -0.102064016158699 -0.0769147155059263 0.0446747559774867
-0.0659860401930946 -0.0742229677836164 -0.0479730772585725 0.0579241904038925
-0.0795365263539491 -0.0461347430554133 -0.0226953534951644 0.0421888914605593
-0.0873300274302379 -0.0370635593813313 -0.00820875619466346 0.0108587945188477
-0.0876692872811143 -0.0405381096515511 -0.0132999298515351 -0.0204714268860349
-0.0941254027257103 -0.0535238013278849 -0.00343130168016991 -0.0573150866608258
-0.0869162962169465 -0.0921894711252051 0.0247135010563482 -0.0809782471601966
-0.0373052784903728 -0.123076226980494 0.0717368032258291 -0.0619369177145013
0.0353912014195189 -0.137197494348358 0.0926791990017742 -0.00312206501184961
0.110445107355709 -0.107261640393717 0.0629286626356659 0.0409277086631545
0.140008066067644 -0.0504395864616779 0.00199660054159955 0.0238141613651078
0.124891296311532 0.0011624836639877 -0.0956652926874892 0.0037434642029838
0.118381573325895 -0.0417503764871044 -0.104937362558973 -0.0247800631888529
0.0872114540512647 -0.0838614207686565 -0.116280405469105 -0.025784274804501
0.0233362540316323 -0.104574275927002 -0.098921908652862 0.00204263850636602
-0.0296245329030879 -0.0937741231603622 -0.0884373500691085 0.0145992616840715
-0.0622491551438028 -0.0674965715164489 -0.0717664267224853 0.0330904629072007
-0.0723503167540977 -0.0422699451634682 -0.0530625541623688 0.023543784115615
-0.0743526650377753 -0.0378234525991926 -0.0405442949035514 -0.00373070439936365
-0.0730008381468533 -0.0429304961288126 -0.042615863906494 -0.0346344263421189
-0.075103342366407 -0.0565063620566745 -0.0253016938803028 -0.0713212811008252
-0.0609304631752238 -0.0889704487763966 0.0104270751045705 -0.09604597458454
-0.0129521596154794 -0.109113130963444 0.0663567842846709 -0.0718702146003671
0.051749029918813 -0.110841717019374 0.0820306883709218 -0.00048709943156727
0.112085421720738 -0.0749677069390916 0.0401458708519237 0.0482963540676833
0.125539487361065 -0.0257261646882679 -0.0429785740806782 0.0274445179954318
0.0881257811709822 0.00696564730873787 -0.134568983269042 0.0148115324048869
0.0883404049165182 -0.027418660469303 -0.121973122645236 -0.00574080264048162
0.0634503519410629 -0.0634356035255803 -0.112352404213632 -0.0184684499566754
0.0132721249453356 -0.0760492309604411 -0.0904360159515546 -0.0130909015720452
-0.0224891506603837 -0.0654206609247265 -0.0968899128620615 -0.00767301568839251
-0.0444344039177664 -0.0489423112622229 -0.0906661820744663 0.0142170195408176
-0.0524096996425221 -0.0321488333148218 -0.077114067790064 0.00819325967223953
-0.0514126831135926 -0.0315954831700585 -0.065625556240022 -0.0176620093689553
-0.0491604682982262 -0.0384284235875432 -0.0620173766801911 -0.0493950523650532
-0.0462034198409648 -0.048967424816623 -0.034804295704369 -0.0862297338064256
-0.0286948667438316 -0.0724565186867295 0.00821807095452117 -0.106104045628173
0.0107543617689049 -0.0810307578253351 0.0667533644605401 -0.0751737502370199
0.0604645972662416 -0.0707015806263462 0.071507033485979 0.000149186909625645
0.0971012896651339 -0.0346113585898049 0.0186131889253162 0.0453337877270322
0.0930238123024815 0.000836683119519661 -0.0768453099270086 0.0205293565657433
0.0363353598908084 0.0175520577770712 -0.151513317689234 0.0265807151729808
0.0463529729561945 -0.00250922603705312 -0.123076781057856 0.00791386968734692
0.0333267640966441 -0.0281818310993093 -0.105113515886885 -0.0110518751293876
0.00750182355386876 -0.0326617422810071 -0.0852724768597035 -0.0197666233302892
-0.00601521908822843 -0.0271176725573721 -0.102179469642001 -0.0147598144435358
-0.0162226486713943 -0.0252333317220272 -0.0996403183801577 0.00616513312603304
-0.0227603923129863 -0.0190968686111882 -0.0916670293259987 0.000285745566934437
-0.0206303975282647 -0.0205285994340607 -0.0800154715126161 -0.0282019120231335
-0.0203553141483658 -0.0254442469219554 -0.0706174939236313 -0.063085330974947
-0.0170503999131829 -0.0310394934471939 -0.0336091100747986 -0.0982769202764018
-0.0033688969811296 -0.0440309834291845 0.0150287480025792 -0.111715238182018
0.0198045719474245 -0.0464664407669628 0.0710519568963107 -0.073551675711869
0.0512404977199376 -0.0320862682188106 0.0639311955879309 -0.00247480493523953
0.0656189725496769 -0.000329836619757247 0.00454240864552775 0.0337015007252801
0.0473668071913768 0.0207472764690667 -0.0954410872303949 0.00612486831570541
0.00720149385686242 -0.0247077651259438 0.108393066665484 0.00242294172594307
-0.0225986718594656 -0.0126467091349354 0.0184207793359864 -0.0425169840809821
-0.0239899238855081 0.005594874417296 -0.0630146441432825 -0.0115598982146054
-0.00604451524528543 0.0110401384343895 -0.094948190207749 0.0575636823648868
-0.00317495526199115 0.00413264156141097 -0.0399662179318982 0.116003347971674
-0.0071755422428932 0.00510975843171367 0.0234451858701522 0.114699110979525
-0.00948977354274954 0.00772923269945702 0.0620806913695465 0.0843814199252324
-0.0157700857501365 0.00878331165129089 0.0896268002757287 0.0405367010397895
-0.0176192787113865 0.00489042740557439 0.0935083433669399 0.00959345511555739
-0.0204682736434711 0.000275966096998317 0.102080124848478 -0.00673769961112995
-0.0198427163749904 -0.0095185749334923 0.104792960809391 0.0061581291571488
-0.00999414581210571 -0.0137315010566175 0.0949923773207318 0.0233694303144315
-0.0111782787891799 -0.0197617806017968 0.105272547566851 0.018537468384415
-0.00245253038255966 -0.0303420648911408 0.125854359462108 0.00739507776879838
0.0220295732306667 -0.0294219433206099 0.155238712434904 -0.0247835260033644
0.0575968535922745 -0.0200603710189758 0.0941496179442012 0.00603975814058132
0.0221292306849979 -0.022042738637111 0.0108256730814554 -0.0390959118383209
0.00920602371752386 -0.0148751617635486 -0.0689354790335951 -0.0165309920172577
0.00868342570203903 -0.0181157268803545 -0.10024761994143 0.0512465111108147
-0.00663775181755565 -0.0283901068529549 -0.0512108229707758 0.108571246173449
-0.0253010189438933 -0.0221968876441518 0.00889551755292323 0.112756852334061
-0.0356881469069029 -0.0115806352943309 0.0496003572997779 0.0848531682213928
-0.0477974691947145 -0.00776974450469665 0.0773120063048147 0.0413040380271902
-0.051116523402289 -0.010586007394004 0.080114654785155 0.00624245219086935
-0.0565263054847876 -0.0215052247945827 0.0868704164960179 -0.0187749533548141
-0.05140277585878 -0.046189183354614 0.0967927244067731 -0.0151074016826832
-0.0207842403313292 -0.062937739536242 0.0964518322764075 0.0049470211191787
0.00928651488075838 -0.0707631351318549 0.106377136297636 0.0128325024989781
0.0435949976679318 -0.0674069153573573 0.113965058289657 0.00898520229483819
0.0753920118475453 -0.0471538846998537 0.132865959843947 -0.0167632979964824
0.102514477450591 -0.0108851441371609 0.0619987719771638 0.00340747133353851
0.0693956632846285 -0.0286048728186463 -0.0079728941179774 -0.0430785550412884
0.0474534937250456 -0.0368295380700322 -0.0823171995704124 -0.0257500432934379
0.0244732981219584 -0.0515462508215081 -0.106809803444435 0.0428627588037328
-0.0104957013869902 -0.0622144354427604 -0.061236948590481 0.0944793214313934
-0.0415307874158849 -0.0492093050352937 -0.00796800640911045 0.102161910495728
-0.0583922114174126 -0.0306268476914294 0.0306595200178876 0.0770375995351925
-0.072588638805383 -0.0227853891124493 0.054803198794634 0.0363598849104895
-0.0767499834321008 -0.0244985147682331 0.0543142162362105 0.000355535199391505
-0.0844880160345391 -0.0374447649873674 0.0612370773270813 -0.0321043566250375
-0.0795355588642892 -0.072603089550325 0.0774722357333341 -0.0402093036116478
-0.036346049919527 -0.100736863658096 0.0926982745346264 -0.0191319360458224
0.0187600954444714 -0.114524727638646 0.106703828171484 0.0060967501144146
0.0784170315267073 -0.0996675166620506 0.100226879901126 0.0181771157146046
0.116488928868771 -0.0590001190451876 0.0969150941811113 -0.00264576568600369
0.133615940755863 -0.00276846159390297 0.0146987148871118 -0.00175755132505441
0.108902991520956 -0.0356917222558336 -0.0375190851842395 -0.0473006659061725
0.0805820751130797 -0.0626109046497523 -0.0989284702729676 -0.034430588228007
0.0351305636791247 -0.0858160201793145 -0.110758828096149 0.0304225300736473
-0.016538463477068 -0.0908915206907867 -0.0713100714397003 0.0718418417599206
-0.0566180462456485 -0.0691240233142054 -0.02772339509588 0.0823910687074469
-0.0741326626621672 -0.0435741063989851 0.00510080635585942 0.0615956692999118
-0.0868876840359114 -0.0340577410423226 0.0246913028938547 0.0260881098742838
-0.0895644767211484 -0.0364370500760098 0.0216980227615653 -0.00853375307499373
-0.0988880024033441 -0.0495275591175678 0.0290530940755598 -0.0448508550123098
-0.0933788894027204 -0.0894969722868774 0.051902204950073 -0.0633364447837778
-0.0437014957189063 -0.122440918453212 0.084696601111829 -0.0425581617676808
0.0268376027991642 -0.139703448189702 0.103488746203208 0.00135839823021499
0.102860744425596 -0.114610043419866 0.0842045900074227 0.0317068837259254
0.140748327594951 -0.0593694676322224 0.0512740629606981 0.0131363314204413
0.143382492889298 0.00308736890473298 -0.041671577982887 -0.00440037853062704
0.128638391219823 -0.0404054960307122 -0.0722892008963701 -0.0432236930026926
0.0978099200311932 -0.0805209157426553 -0.111874097030194 -0.0367799115131589
0.0353042119819132 -0.10778453328263 -0.109199248954831 0.0136560884844855
-0.024480118497464 -0.10477438334812 -0.0810880697366938 0.0421578091103137
-0.0645414623728144 -0.0773483155124603 -0.0505566299148437 0.0571983823282859
-0.0794453688946171 -0.0490802919830109 -0.0245835556641439 0.0418148259278331
-0.0874830906530663 -0.0406212542327189 -0.00955725042552783 0.0114360457960368
-0.0888710820874354 -0.044707617569077 -0.0126407895636832 -0.0210582455090529
-0.094536649426563 -0.0581274715347935 -0.00134484992172525 -0.057843682831767
-0.0852491870743154 -0.0963284297817317 0.0285095410398377 -0.0818534624671919
-0.0333470134919341 -0.125946436636411 0.0760679336102233 -0.0590976198761639
0.0410590402541666 -0.137904212854901 0.0960223887687169 0.00220466144109856
0.116862227125865 -0.104540355598202 0.0630285553631639 0.0455358949077346
0.145357702355227 -0.0450470259311608 0.00140386190564609 0.0247167437167591
0.127393449661362 0.00645243475560529 -0.0965380126706408 -0.000637217697431448
0.122054125981583 -0.036998698354172 -0.10397954422909 -0.0300369975400483
0.091102362099449 -0.0813446215525732 -0.117236143221539 -0.0323579360121221
0.0276086329263184 -0.104705656929427 -0.101430635876303 -0.00359198101797445
-0.0269375291256687 -0.0958699618589374 -0.0912603743477845 0.0115914529371622
-0.0606633205023078 -0.070312935392464 -0.0740303122812861 0.0308313470238435
-0.0718652453128284 -0.0452991831581644 -0.0545278253872876 0.0215311580673674
-0.0748037000906035 -0.0406490100216999 -0.0413742023412061 -0.00558544181584199
-0.0733739993952315 -0.0467754185415575 -0.0416675680324606 -0.0361989439863455
-0.074641457709557 -0.0596045102863624 -0.0232584863886317 -0.0733986709659548
-0.0587820865108366 -0.092324758845821 0.0143836333933691 -0.0970949807924614
-0.009025602787108 -0.111399086133341 0.0712491747984337 -0.0697409737183398
0.0569061072755604 -0.110136525915261 0.0848514765102393 0.00347248850170221
0.116762554572645 -0.0720620402268071 0.039128552990646 0.0518321448418248
0.12911855475846 -0.0206295926860807 -0.0443730425529675 0.027220287840413
0.0891263892346573 0.0108695437576049 -0.137725081459579 0.00879463818903576
0.090973471150803 -0.0234148478776915 -0.123056579962989 -0.0121410546370622
0.0667560583150094 -0.0614354659759914 -0.113851545871468 -0.0245500145006887
0.0164812853466852 -0.0761057721403845 -0.0922982798508367 -0.0183913076743901
-0.0204556182953189 -0.0672390804635594 -0.0994530796494195 -0.0118542337766242
-0.0435112502870449 -0.0511698147000527 -0.0927733424127571 0.0114175934872835
-0.0516100027782829 -0.0343960170567687 -0.0793606520531036 0.00547613706141857
-0.0506203343602991 -0.0342737582139052 -0.0669757784946306 -0.0201637305434999
-0.0488426150100336 -0.0410913604596059 -0.0615184149200131 -0.0520971566418506
-0.0446632952553243 -0.0517062357174371 -0.0324311090157559 -0.0883096597388165
-0.0263005034181182 -0.073878391154487 0.0129426563153639 -0.107779008227634
0.0132578010838377 -0.081569957284843 0.0715990962672965 -0.0727943859652504
0.0637887595011044 -0.0684967708293091 0.0742728391884785 0.00428994443060754
0.0998056357579197 -0.0311283441869611 0.018065622083602 0.0474378959548857
0.0949151125696252 0.00494303824192615 -0.0785548365741361 0.0175300874850057
0.0365211303818067 0.0191427440602387 -0.15629947009493 0.0195757784013386
0.0470428264690122 -0.00051031916836938 -0.125185034051409 0.00215246984963425
0.0345269307568642 -0.0267154355943426 -0.106450149034633 -0.0167032878162804
0.00929143880738441 -0.0329040108553274 -0.0869324431444603 -0.0250821869359236
-0.00445060984625942 -0.0276398293168803 -0.103902135200487 -0.0194415120804735
-0.015699554535483 -0.026476751557125 -0.102046262688647 0.00246750717160523
-0.0220195481102006 -0.0200295962249905 -0.0932288976470494 -0.0031877409222006
-0.0201870353039491 -0.0218067722092721 -0.080413781361109 -0.0313470557932301
-0.0194717307135382 -0.0268284251283412 -0.0694092160870441 -0.0668719374975427
-0.0154873194641894 -0.0322141224272993 -0.0305932833416542 -0.100654779222485
-0.00165423910979485 -0.0446776211696028 0.0198426236495316 -0.112402087277048
0.0218221536200226 -0.0457115931831728 0.0750461435832001 -0.0712629919025299
0.0532845730148907 -0.0300822254108864 0.0655741041651783 0.00143617423791097
0.0668321624098769 0.00254216452400909 0.00405403221904297 0.0345747739603911
0.0470110863834941 0.0233529560883706 -0.0966670705986965 0.00214431325102603
0.00836704327817284 -0.0265491388440651 0.114713268327994 0.00469453636949538
-0.0228958536787385 -0.013408394840196 0.0200440403368096 -0.0454239577662033
-0.0251910984920123 0.00535951454789738 -0.0674426627928906 -0.0145841225506489
-0.00720116871897587 0.0113023187034071 -0.102447181046954 0.0586230933720231
-0.00390867998485197 0.00404031284506499 -0.0441820596768781 0.120883910548079
-0.00781201260189745 0.00528307778980047 0.0226097037087261 0.120448803630525
-0.010424457737073 0.00785253001635343 0.0642658656210878 0.0895004914031013
-0.0168463784188174 0.00878329932079341 0.0937187976750701 0.0441838311511464
-0.0195028117805668 0.00523895953457057 0.09895616341047 0.0111354508942533
-0.0220598094807703 -0.000684947251906557 0.107801818545669 -0.00578765633214417
-0.0209192125486808 -0.0101412833882332 0.109908165124236 0.00865334752904244
-0.01007796824639 -0.0152649854251978 0.100508404161997 0.0269652443787541
-0.0112253256466183 -0.0208455874829566 0.111052390647848 0.022153451549196
-0.00249957280530795 -0.031820243983837 0.132132762374376 0.0112659415959701
0.0241127380343476 -0.0306985117246483 0.164322316893122 -0.0217377211265304
0.0616294419239939 -0.020531057450743 0.0994492104732446 0.00814237805980898
0.0236188656038978 -0.0229435762020724 0.0129845302559601 -0.0415922692059831
0.00915587793072557 -0.0149829830232329 -0.0731522643827271 -0.0192352724571699
0.00933963414801765 -0.0188127856184241 -0.107176200843861 0.0516033919932805
-0.00707212423638425 -0.0304432798678085 -0.0565084943396529 0.112295727886353
-0.0264215211401168 -0.0233560423576662 0.00728270003550667 0.118486224770707
-0.037311749811336 -0.0122695210935478 0.0511766286693468 0.0896725394157993
-0.0503119673677077 -0.00854012269911923 0.0807121972249953 0.0447740180998103
-0.0545422011792441 -0.0118014848070808 0.0846485156508814 0.00796799638720617
-0.0603007641676194 -0.0230559828311494 0.0923183739848751 -0.0178995647983546
-0.0538015520799172 -0.0487904319843035 0.10201165175039 -0.0147391154852412
-0.0207042101861319 -0.0673116973415779 0.102372246325999 0.00827219825054942
0.0108210899256202 -0.074343932750869 0.112161920351242 0.0164377814879532
0.0470349218615997 -0.0706343045902923 0.120288544848161 0.0137639667794745
0.0810282900576132 -0.0483618789822508 0.140664077556665 -0.0138628363251518
0.108129387673555 -0.010018680453545 0.0661811703758627 0.0050088213479038
0.0732651596346462 -0.0288433448166257 -0.00629478995795584 -0.0460733412039658
0.0498284917593081 -0.0378474958015063 -0.0868908805852485 -0.029607067184812
0.0267693585483219 -0.0536478443541661 -0.113860704296545 0.0425422174026432
-0.00989604889365895 -0.0650293853399324 -0.0665719532920022 0.0974450033650486
-0.0436234251808378 -0.0514452969781321 -0.00962940560239027 0.107201259968715
-0.0608855829455806 -0.032583396553454 0.0312475972741864 0.0815924535816263
-0.0765861528822676 -0.0246938937999797 0.0578451267257414 0.0386506576226398
-0.0815188667843447 -0.027028614480391 0.0577072535034244 0.00158967796169772
-0.0894747375022982 -0.0405141329063012 0.0650348918981142 -0.0326379745347471
-0.0832377051973687 -0.0768715345546041 0.0817219716446025 -0.0414840820078393
-0.0368772355699406 -0.106395272522138 0.0991131046828654 -0.0177520633587787
0.0213697412790362 -0.120149125898706 0.113076531518658 0.00875197129502314
0.0842024664220632 -0.104179671157941 0.106070693077066 0.022225307872571
0.124454880422389 -0.0601736111945697 0.10246547734112 -0.000336853183656096
0.141064290215584 -0.0011182574648236 0.0162597840866642 -0.00167923659552793
0.115273111734598 -0.0355159929181183 -0.0370029714206895 -0.0509724023811541
0.0847870502874376 -0.0638078176378906 -0.103714643502696 -0.0393737684507827
0.0375612292452728 -0.0897293792914943 -0.118309236502056 0.0288499894646256
-0.0166551391291317 -0.0953062497898818 -0.0763445664544963 0.0740168153099144
-0.0590282750987006 -0.0728681527245578 -0.0300708615840587 0.0870822548447252
-0.0776137643711142 -0.0468230760239057 0.00480680931698694 0.065102299796471
-0.0913811720274331 -0.0366509953534562 0.025465962185869 0.0279428786816485
-0.0951254151434038 -0.0395935434082376 0.023051217417982 -0.0083284621485271
-0.104247172443631 -0.0531884863418711 0.0311897568961512 -0.0463253511277641
-0.0974765715676679 -0.09439870683649 0.0549583885105089 -0.065351329200805
-0.0447784160418143 -0.129211687486517 0.0902881325048807 -0.0421468711187677
0.0301270155681451 -0.146488403258367 0.109884588175951 0.00388433412384755
0.109123592995205 -0.118962328669978 0.0885137482553487 0.0363838805744701
0.14958973255677 -0.0603899375775386 0.0546963990604678 0.0156231711483602
0.150621984137743 0.0049609796138871 -0.0431315275630033 -0.00531674456682719
0.136264485473171 -0.0396203119993557 -0.0736806143658729 -0.0470643275706403
0.10305301393099 -0.0826817244359329 -0.117998611790413 -0.0421925020448078
0.0384932622020618 -0.112469359790964 -0.116424797269042 0.0114338335604444
-0.0242854194821728 -0.109895980998266 -0.0871706798538305 0.0425021426083339
-0.0678026439740317 -0.0813675296705394 -0.0540599489172256 0.0596415632497865
-0.0827789311556244 -0.0518480284210886 -0.0264777934431373 0.0434306741542684
-0.0921530207139161 -0.0437415383032375 -0.0102269570364528 0.0117102206547201
-0.0933242974345354 -0.0472874620186574 -0.0129412596487406 -0.0218470685844755
-0.0997430536476788 -0.061600469123151 -0.000522750257122783 -0.0609253294949862
-0.0895833147152006 -0.101673623845169 0.030260548948757 -0.0858315809587744
-0.0336580997848956 -0.132858362615965 0.0813430589761475 -0.0606726710067009
0.0443935537644671 -0.14338316104994 0.102364836100534 0.00442646251550959
0.124195072704556 -0.108155410315884 0.0666536874694401 0.0497679142833513
0.154185622534261 -0.0448356403779272 0.00176919080174263 0.0265029861889215
0.134179554469205 0.00858166059887217 -0.101326322566845 -0.00302650736484664
0.128762620232657 -0.0368295197870236 -0.10747661488812 -0.0339915869501059
0.0965456546014394 -0.0835226742018837 -0.122951511701102 -0.0361866758926791
0.0302825077022184 -0.10926039510827 -0.107989942321266 -0.00744227133215623
-0.0269588126822805 -0.100991686886149 -0.0972698226748186 0.00983043137737432
-0.0635802587099131 -0.0743313458081885 -0.0785585165732694 0.0314716267745846
-0.0752646114145085 -0.0478972819322391 -0.058087971411409 0.0216209993071316
-0.0783921668386495 -0.0440748428114385 -0.0444467110351651 -0.00584660472442628
-0.0772560578276319 -0.0495688177090632 -0.0438803028783839 -0.0377815203862084
-0.077950587880568 -0.0632041333695478 -0.0238179720784856 -0.0766922000502694
-0.0611093903019501 -0.0968396147102103 0.0151879700742906 -0.10193741782866
-0.00873081805892009 -0.116721535003969 0.0765116016019719 -0.0711695978360992
0.0613174219329386 -0.114136515173398 0.0912737793427787 0.00639328883187436
0.124231399507487 -0.0738693962547791 0.0414791740570758 0.0559414104370402
0.136993874262042 -0.0190591919229366 -0.0472545143300568 0.0272265908126544
0.0936221527979505 0.0130209576179599 -0.144635995958102 0.00667392539734578
0.0958742948642893 -0.0230644457707765 -0.127328109717051 -0.0155463945438858
0.0702403734290015 -0.0631029679453424 -0.119248098963346 -0.027436603929768
0.0184769031997576 -0.0795865302310342 -0.0984044509279559 -0.0222716770949408
-0.0206736270526135 -0.0707189446854421 -0.105445634048714 -0.0133663251218799
-0.0459877901521718 -0.054315599502426 -0.0985411171808039 0.0106039439910197
-0.0537171933261045 -0.0360949599146126 -0.0841685736279964 0.00483338805270624
-0.0533821546420284 -0.036323852069178 -0.0707440886647627 -0.022022864182825
-0.050563623670034 -0.0430556964947843 -0.0641935846394232 -0.0561218567970933
-0.0467674023793724 -0.0545785079875325 -0.0329095665273715 -0.0934953754318362
-0.0266855979104025 -0.0777893563707689 0.0144582831454711 -0.113232061756092
0.0155650411683474 -0.08452472943951 0.0763028629303488 -0.0746723333129347
0.0681191231424707 -0.070748845558294 0.0793961574400915 0.00656997486556295
0.105851054664868 -0.0308861958732768 0.0185125934720471 0.0502726129333696
0.0999927062045692 0.00712331375330204 -0.0832555799218328 0.0176531927947727
0.0381420563908677 0.0214389392197256 -0.165301323754482 0.0169806883226555
0.049596978675447 0.000154140677646015 -0.131080108697701 -0.000850774596310446
0.036032215797228 -0.0270695194599613 -0.111907507504378 -0.0198545811259281
0.0104354385274667 -0.0337073904539857 -0.0929192898517403 -0.0291651933808008
-0.00434349622954701 -0.0291973569097204 -0.109735754376306 -0.0217562056874564
-0.0166356584527849 -0.0273783015754762 -0.107615399450363 0.00108329638194286
-0.0226438671447488 -0.0215337718369734 -0.0983513198188354 -0.00484211552307858
-0.0206106128977527 -0.023240847828906 -0.0852237637447365 -0.033735866463851
-0.0206057045670273 -0.0282416446468809 -0.0718331302796255 -0.0706703422351426
-0.0153944315737799 -0.0338655587822288 -0.0302086406266101 -0.105769807275882
-0.00119371307711917 -0.0469370483043645 0.022897174947402 -0.117747573318554
0.02404557321408 -0.0477618129419784 0.0805720580197251 -0.0727776846758868
0.056414755929155 -0.0302539500557735 0.0701381729431188 0.00400591616483524
0.0699667476711952 0.00400979973634699 0.00391174692334359 0.0369811900465207
0.0489900750260446 0.0249726710759711 -0.101282763322713 0.000984478358284696
0.00412266915677392 -0.0290644716498424 0.124233374349506 -0.0112017955525168
-0.0257743615104938 -0.0108012812441906 0.0154211783349752 -0.0522755169124758
-0.0250926789372699 0.00938694506635702 -0.0728784962362621 -0.00693946292012903
-0.00610612291522997 0.0110869955535238 -0.0980628864727601 0.0786172449393624
-0.00550175883303261 0.00359052326181823 -0.0267841280036955 0.134165600448787
-0.00811787828666031 0.00583960494600066 0.042599841569873 0.122905486330232
-0.00966979374352532 0.00980394172331452 0.0839861493996389 0.0846929563049836
-0.0170114675865411 0.0124963377842095 0.105195582220755 0.0317172665128109
-0.0195653750692065 0.00923576459153657 0.106691735007549 -0.00253845918325104
-0.0238294098688688 0.00370578262953065 0.112762838299103 -0.0216111239310712
-0.023915777961505 -0.00645428666706106 0.117448774952824 -0.00624835495283504
-0.0132959722371723 -0.0153409745870707 0.111237480651526 0.0155750267593154
-0.0149078877145865 -0.0196246518825204 0.120622724175717 0.0077683674352152
-0.00729006468073807 -0.0325747089329865 0.139712097886012 -0.00607959619839392
0.0196931758418189 -0.0363871607781392 0.171144724029343 -0.0452350866205681
0.0617883765888293 -0.0320988801869167 0.104689849632219 -0.00210919775751543
0.022729027948536 -0.0271362073216605 0.00682810216422476 -0.0456056384855535
0.00847114630764606 -0.0170928243900983 -0.0814587236843948 -0.00899226573254202
0.00723269425206607 -0.0225857704644014 -0.105571694069893 0.073630352334638
-0.0131933027777443 -0.0316320747284428 -0.0399347494256384 0.128439620322604
-0.0321131521033928 -0.021208933533998 0.0278208517870615 0.12484565891001
-0.0416697222157383 -0.00782333574566687 0.0711474922851992 0.0881004672134428
-0.0547294672755649 -0.000764236305974283 0.0923452318131205 0.0346435661862459
-0.059324695081255 -0.00288010140929878 0.0907037995974736 -0.00402069375143894
-0.0666738079534242 -0.0142863410120084 0.0941274759375609 -0.0322491926228862
-0.0637022670595939 -0.0419636989542287 0.105670881027208 -0.0284459573184711
-0.0318331554978879 -0.0673475333973064 0.110335833608686 -0.00435998018768336
-0.000264831327412945 -0.0785597703910122 0.120687979079419 0.00106730573412127
0.0376681212735257 -0.0799562191956252 0.126975301519764 -0.00330735850943452
0.0761645414211097 -0.0629117886734217 0.147880681107893 -0.0338890748785213
0.114492031817123 -0.0290225881417053 0.0656012810377346 0.00156396679667218
0.0739674131687502 -0.0399702012196985 -0.015622174474662 -0.0450727359787931
0.04795570445044 -0.0464266247900088 -0.0991907567312366 -0.0150615016021818
0.0209718891292711 -0.0612637925196071 -0.114399959226067 0.0660169554216145
-0.0210954870588402 -0.0674003547026423 -0.0535756002951702 0.11641240906455
-0.0541039134775523 -0.0482206201249137 0.00852264341775025 0.116979571576725
-0.0692947595982025 -0.0253874317370027 0.0484913121174806 0.082402752979731
-0.0845444896278295 -0.0137589500194256 0.0666343906425479 0.0319179779904411
-0.0897223611659278 -0.0147315181256722 0.0618406131218208 -0.00681228102154474
-0.100153844699019 -0.0278894454192336 0.0627923393564566 -0.0426611131829724
-0.0984223164585858 -0.0654804194136261 0.0806897655685831 -0.0540787909842831
-0.0542506169129641 -0.105246013641126 0.102778745894414 -0.0306740908911782
0.0034745845914113 -0.127735700077227 0.119342388787229 -0.00559929000436082
0.0715977643492713 -0.119927414332575 0.112658849158189 0.0075348985484417
0.120153973869751 -0.0806274782056342 0.109441452337024 -0.0143691070378405
0.150845785858 -0.0243855195028873 0.00882131884920686 0.00343878894580051
0.117835693778257 -0.053756337151104 -0.0493766025650748 -0.0449153544401397
0.0815511581624125 -0.0797370027724864 -0.119834563730787 -0.0198687067610171
0.0277434918760572 -0.100543051299268 -0.121507974534186 0.0545303736698934
-0.031997838350802 -0.0978814888395983 -0.0676793826389797 0.0946627254869359
-0.0727645396186726 -0.0675249053883212 -0.0146753689106881 0.0993547009133471
-0.0881010332737952 -0.037904165517867 0.0179212914151918 0.0711142487483894
-0.101779294084619 -0.0245846935601964 0.0313576133710601 0.0249018349432855
-0.106214501631131 -0.0260442648352475 0.0231823909086299 -0.0117625556825302
-0.116851494794602 -0.0393068120676812 0.0255565850377901 -0.0522946134647065
-0.115553408338507 -0.0815122705456208 0.0490276147800039 -0.0753939754102345
-0.0656738481803831 -0.127673432333201 0.0898956243079677 -0.0549854561691234
0.00857601126276848 -0.155854083922192 0.115770329328433 -0.0103896746791198
0.0958755249103175 -0.139425918617395 0.0967480085604882 0.0236157198260289
0.147332077236694 -0.0848397496616411 0.0610059490013962 0.00858314809583493
0.16257704697862 -0.0207027949581306 -0.056074222953514 0.00969617154688165
0.13949678692263 -0.0613413548682996 -0.0886112302686189 -0.0347487574034935
0.097598406771931 -0.101964476565571 -0.135230390124101 -0.0191751013401924
0.0258789170104047 -0.124461239880951 -0.122265654924874 0.0366122040864891
-0.041442727903143 -0.112315503262901 -0.0834092163477162 0.0647310049212134
-0.0827247335772299 -0.0754279884271477 -0.0438021433624258 0.0747633425781072
-0.094961487799216 -0.0425566624097653 -0.0196444822070065 0.0534713250850648
-0.103451034821295 -0.0320916397745649 -0.00881109492760998 0.0141699920738433
-0.105364983203197 -0.0349918486018151 -0.016894313558289 -0.020848770267357
-0.112976235926783 -0.0495312422733535 -0.010444753822122 -0.0619310935254131
-0.107719261890058 -0.0906930391579747 0.0195082378950646 -0.0928015537510155
-0.0547198126836758 -0.132460220889537 0.0767366515638052 -0.0726301135174605
0.0240088901255884 -0.155086386670896 0.107595719991598 -0.00963293240427302
0.112058066218764 -0.130513358674076 0.0752319320497199 0.0405145422393829
0.154240329158718 -0.0691092950004884 0.0066429849692488 0.0272101462810415
0.146394809959255 -0.0143076223356545 -0.116989122641486 0.0205858465182908
0.132503070823775 -0.0575519832321553 -0.121158441558809 -0.0157272736662504
0.0908766192182614 -0.102301502982422 -0.139416944167411 -0.0128658451481046
0.0176617282600968 -0.11995674309513 -0.117051852611257 0.0153551221287056
-0.042358718287343 -0.103196425992914 -0.0998701127384328 0.0321132252997186
-0.077477666585023 -0.0685890557962189 -0.0745493960014393 0.0489080126524225
-0.0859176993417118 -0.0396915144059126 -0.0569603414350043 0.0356534335920582
-0.0888123338326201 -0.0348366588358524 -0.0474108820472775 0.00112866734154897
-0.08804626307336 -0.0399912367453839 -0.0522434816824673 -0.0325186321578987
-0.0900980642208653 -0.0543939565346088 -0.0369336832198209 -0.0752599645767981
-0.0773587779344794 -0.0897792665434751 0.00106241610431201 -0.108195001687055
-0.0255089070477897 -0.119291619752654 0.0694920254257151 -0.0838771708238256
0.0460509811044404 -0.127173637272686 0.0963679076959671 -0.00650049355298386
0.117252043122489 -0.0951409258005276 0.0511515103942663 0.0504234413849694
0.140039580120893 -0.040064050826912 -0.0448551881679897 0.0357277449111851
0.103753144133864 -0.00317166240593085 -0.160281271128095 0.0352349939560799
0.0991539950081162 -0.0387735307248534 -0.139269269107204 0.00577806301030747
0.0662902983679396 -0.0772816113736282 -0.133237995742747 -0.00597476218310934
0.00984780535067859 -0.0869692005096409 -0.109255326425822 -0.00395677738935173
-0.0306345867807597 -0.0723965003374697 -0.113058508261879 0.00707444148088487
-0.0552554435328558 -0.0501502617987329 -0.0995132512207216 0.0290290193070743
-0.0616691862005532 -0.0306146701723288 -0.0882799734959014 0.0212794210180664
-0.0610762992131063 -0.0312667489051321 -0.0773941775073536 -0.0112102291660858
-0.0590479944165748 -0.0383723896596663 -0.0764521522371122 -0.0483564332624545
-0.0556776850898672 -0.0500620396680734 -0.0491047690492287 -0.0921650312643045
-0.0390104774980975 -0.0753637320406775 -0.00175032890045761 -0.120173395913239
0.00431532234994151 -0.0900486197140372 0.068920811105564 -0.0884784396094647
0.0596700582356429 -0.083110577839107 0.0837645537147324 -0.00429811831381694
0.105246519676657 -0.0481779755753359 0.0267883671103125 0.0482970775107855
0.105090281756031 -0.00751722909523913 -0.0850216281179607 0.0301506659998585
0.0454041708012883 0.0144507626476746 -0.17650475366081 0.0457780776255379
0.0541075140853465 -0.00761425848980064 -0.140291057711765 0.0192784028229251
0.0355276811434481 -0.0335791650877172 -0.12319950264074 -0.00215349286872863
0.00737210903816671 -0.0371358993563955 -0.10380301877521 -0.014308832701569
-0.00763874531163585 -0.0303917097074612 -0.119671121116836 -0.0029108786339913
-0.0211990055360218 -0.0270408950963437 -0.112620064319261 0.0190504631132988
-0.0263102418300932 -0.0197557484375558 -0.10622729554195 0.0125381900897583
-0.0238995187046205 -0.0223183966599372 -0.0943596526402599 -0.0216378133922711
-0.0242515772240509 -0.0272444436830344 -0.0872123642851357 -0.0626082095430074
-0.0194800981973723 -0.0330327243152989 -0.04856518941136 -0.106613899862952
-0.00707740523128457 -0.0474057172042275 0.00656807653471882 -0.126391895287505
0.0178940437043385 -0.052225390829192 0.0744840462285482 -0.0885411346633917
0.0535529971920941 -0.0392357422858431 0.0751538321786987 -0.00599376816470062
0.0730734156513094 -0.00624964510647722 0.0101360793059781 0.0368128109501705
0.0548319618432507 0.0189366436127303 -0.107153042825975 0.0147781385760657
0.00231249001967118 -0.0309310267146658 0.127190594827804 -0.0215826343382093
-0.0268883155842732 -0.00950885599705817 0.0108143082846847 -0.0555037286433119
-0.0248035043838956 0.0116690951318375 -0.0764841496987369 -0.00155009409129107
-0.00482473178998854 0.0113434551918705 -0.0953852632101579 0.0880998028124684
-0.0057199022879676 0.0034723815484511 -0.0182167896562095 0.138676377163202
-0.00786628322028213 0.00702864208218687 0.0536378745661282 0.122035356661844
-0.009538743044815 0.0103493733399033 0.0932258723500212 0.0799954051471353
-0.0164545813578437 0.0141590055156735 0.111047541515846 0.0234580904247088
-0.0197166542078563 0.0116989427592292 0.11003076798955 -0.011389516328908
-0.0249484923257935 0.005883365705398 0.113542673908245 -0.0308670721077132
-0.0247253635124129 -0.00448684729721887 0.120817496602262 -0.0154070202554864
-0.0147485843188285 -0.0148752721494778 0.116540502002963 0.00755408504000507
-0.0166038982074159 -0.0194136217406296 0.124479244686623 -0.000859310103290736
-0.0102735390651647 -0.0329978666553851 0.143180097173645 -0.0153179541679877
0.0178361019437588 -0.0387189762337202 0.171736391530054 -0.0582158422197124
0.0609951076279221 -0.0380743451158665 0.108312422316576 -0.0106627895103498
0.0209322200824648 -0.0289612960593426 0.0039198924059591 -0.047602695041243
0.00753592424037452 -0.0175629259260396 -0.0851706410849662 -0.00464519825499095
0.00541661108331908 -0.0234857084132265 -0.10294492273691 0.0833980738411139
-0.0164274765774358 -0.0316982248335024 -0.0321443638909528 0.133841279186077
-0.0342627143761072 -0.0187488691280409 0.0382352123497615 0.125098009016325
-0.0433347401879117 -0.00521866345957831 0.0798643202447496 0.0843961395129141
-0.0560660042954461 0.00388470948302769 0.0976160883006721 0.0280483043548437
-0.0616763295223784 0.00189538217922549 0.0935160256393683 -0.0110757973157813
-0.0699914800958504 -0.00960297192219764 0.0938063965106473 -0.0397499092775891
-0.0686619194786836 -0.0371234935507846 0.105763086032647 -0.0373998566923481
-0.0383700624065098 -0.0663210804768649 0.113298237964578 -0.0126066489442728
-0.0060500849422123 -0.0807720481637913 0.124293191889025 -0.00756005844573223
0.0323727063322 -0.0845029241252104 0.130816736137764 -0.0118134187996592
0.0742304934422798 -0.0698347866011832 0.149729914451365 -0.0450054571773874
0.114689596374223 -0.0390666229314209 0.0684944995574687 -0.0042953407329788
0.0725388216784166 -0.0462283761769214 -0.0185870580370354 -0.0467589988063211
0.0454882047032173 -0.0505771294555187 -0.103611064222671 -0.00860830030100277
0.0162673671668833 -0.0645255584226733 -0.113307439112318 0.0763538119153866
-0.0272601392239298 -0.0672588703590135 -0.0467638550742638 0.122770190148579
-0.0589082753393088 -0.0440411070119924 0.0182271814083757 0.11904330707116
-0.0729103500538839 -0.0197572136089174 0.0564050033874564 0.0805804582549409
-0.0877583386838348 -0.00662261936158883 0.0711043611674635 0.0273797981897335
-0.0938007501120841 -0.00742770149328436 0.063225815344652 -0.0113953178845593
-0.105259129228557 -0.0200050283119529 0.0612743398473717 -0.048150859467173
-0.10565495905619 -0.0585703451882369 0.0775401075159555 -0.0616309762613497
-0.0640096892448304 -0.103531977230825 0.103684543340655 -0.0386230377644373
-0.00651349259910384 -0.131189771475493 0.12290591597271 -0.0155054456692458
0.0638610957277314 -0.128106790381365 0.117290489580308 -3.30960755044992E-05
0.117856861114912 -0.0919481174245992 0.112043385322747 -0.0228163666416327
0.152345053268972 -0.0374545494924059 0.0107110135679942 0.00254042013005413
0.116205928672421 -0.0633356707224608 -0.052197251214683 -0.0435706161711585
0.0771570508707193 -0.0865827808503399 -0.124984108468982 -0.0123563887434294
0.0202920227149005 -0.104885614842804 -0.121817763968962 0.0640963166658241
-0.0406736067656301 -0.0974014401392869 -0.0630018115553979 0.101988887812183
-0.0799130322551486 -0.0627188621016651 -0.00709981618861423 0.102962855600805
-0.0931156422454427 -0.0310210075400899 0.0236710353867584 0.070832405725352
-0.106035105798336 -0.016327081318766 0.0342124581957555 0.023290569411087
-0.111099519137148 -0.0168212415779534 0.0239328435900913 -0.0134055875587547
-0.123712788438509 -0.0303439563447415 0.02194059330298 -0.0546747742518428
-0.125284270577557 -0.0730333424597174 0.043331081590563 -0.0811122313948516
-0.0775783436171481 -0.125142082727057 0.0884913964364229 -0.0626931403325862
-0.00365589211460608 -0.159759255411891 0.119263245678458 -0.0197233255315178
0.0863855592285936 -0.15043888385256 0.101568285283161 0.0175063096885816
0.144633417775529 -0.0978791674247704 0.0639603860235221 0.00386608675960217
0.165409131617504 -0.0342868937888907 -0.0556965452431594 0.013751699883198
0.138312694730043 -0.0736924951607398 -0.0915710072018746 -0.0295396759912714
0.0925470054117269 -0.111513202621127 -0.140474384824261 -0.0102180087420245
0.0163211532945875 -0.128575080775193 -0.124120229281506 0.0466705531474808
-0.0520442766616716 -0.111289465730063 -0.0811481751143178 0.0725317823734499
-0.0909445207841209 -0.0694776588485941 -0.0388307695092934 0.0799296854986803
-0.100581706855741 -0.0350691951360568 -0.0161137819501571 0.0561312213923577
-0.108420881757276 -0.0236226802856255 -0.00795940640186707 0.0153186648045575
-0.111153764409012 -0.0261663819750475 -0.0191480083702548 -0.0190048022857066
-0.120251391792493 -0.0407053207728998 -0.0151584314394066 -0.0612981299086952
-0.118020506516776 -0.0829812778382935 0.0114603306244934 -0.0959031836004546
-0.0670751658218412 -0.130986265288722 0.0738688435669946 -0.0799938214130584
0.0124954721575859 -0.159888174253541 0.111124992080798 -0.0179481099618764
0.104057822178246 -0.142433271977732 0.0817707223578759 0.0359339198990163
0.153100529230029 -0.0829837041317417 0.00960791971850713 0.0278175739839373
0.148686310256015 -0.0261179787311891 -0.117908600022219 0.0299049149065273
0.131180865668182 -0.0692990380816238 -0.124226391814359 -0.00803523017500746
0.0849054970325083 -0.110904095823291 -0.144615568611051 -0.00301164439964696
0.00842709334038443 -0.123743888113706 -0.120240350315391 0.023889116760201
-0.0518202351798098 -0.101767676408381 -0.10049542764384 0.0406893420398759
-0.0850640100916655 -0.0632502635912843 -0.0730505063590114 0.0560401625878314
-0.0915753350849969 -0.0329978377727088 -0.0562799427916182 0.0412761312437342
-0.0938153446316653 -0.0280531362304816 -0.0480085761233486 0.00600918036076211
-0.0933060049017233 -0.0329605078428991 -0.0555091559580959 -0.0281976347790254
-0.0966410748036741 -0.0482890852084809 -0.04371145366075 -0.0737740664965306
-0.0869621959152785 -0.0845396199925908 -0.00779297431050546 -0.10976632903836
-0.0361644050445465 -0.119789637131789 0.0649009207636079 -0.0907400052768439
0.0366270540891882 -0.133191365745225 0.100463049417179 -0.0144435835201107
0.112043159699163 -0.107122660294384 0.0571780055185056 0.0479511923527911
0.140218433855099 -0.0517827377965769 -0.0430264803555487 0.0396294004258663
0.106027867611744 -0.0116246133149424 -0.161865069777617 0.0474470179303787
0.0987775351502002 -0.0480209407372672 -0.141573919426168 0.0146472060606411
0.0617772788676167 -0.083509477386633 -0.137415566994015 0.00332796749598777
0.00319422361414782 -0.0895418820664221 -0.113331714002176 0.00442118602061478
-0.0373802475335678 -0.0712173891736149 -0.115525358253393 0.01644326173047
-0.0617556199768923 -0.0462265206310984 -0.100084997948663 0.0376277515371984
-0.0653655028081163 -0.0259054995144877 -0.0891122831057945 0.0287584948083459
-0.0648371271882079 -0.0265844320019956 -0.0803259301330105 -0.00477853157586719
-0.0634129735242968 -0.0334754707641066 -0.0824080205770655 -0.0422759953593451
-0.0608205945415892 -0.0462125995800828 -0.0576708017710702 -0.0894937392308145
-0.0457634147738738 -0.0731747861125991 -0.0119319201852045 -0.12221875121974
-0.00323441190762915 -0.0921050383195713 0.0641962685877438 -0.095733235460491
0.0544623440879508 -0.0893739348772967 0.0873709108397088 -0.0104388288344665
0.102861644358043 -0.057489089729834 0.0320933321599493 0.0471294707030543
0.106916103475713 -0.0157026877494201 -0.0841555812352406 0.0377690364391218
0.0480271350083574 0.0110092319303013 -0.178268265127173 0.059807547728155
0.0548311884139296 -0.0117395221955685 -0.142531057127266 0.0289215469887002
0.0332295561558767 -0.0367437499542917 -0.126666924563441 0.00668394129570307
0.00427623201404531 -0.0380560195967576 -0.109117768334726 -0.00687844036826912
-0.00998761436003573 -0.0308101570358797 -0.12317155762726 0.00707354453424749
-0.0241714194713393 -0.0252196744903697 -0.115185361382836 0.0281817371980329
-0.0288124623853115 -0.0177716382400352 -0.108833623847719 0.0222355656480848
-0.0263868149989517 -0.0214706713321907 -0.0989001019294541 -0.0133908394137985
-0.0266069053612539 -0.0255538855257281 -0.0941171106977545 -0.0557151321121009
-0.0231639097583742 -0.0323301495333261 -0.0578054504102289 -0.104808946894207
-0.0110224139831889 -0.0474952608549053 -0.00324501929091862 -0.129954876946379
0.0144468945440368 -0.0543184912814021 0.069479314551473 -0.0955168542819884
0.0521834811781993 -0.043821428314807 0.07778352035629 -0.011293436037691
0.0741977235454398 -0.0121731331261489 0.0142401044346996 0.0372836194666423
0.0575731231638676 0.0147837761846158 -0.107771932207444 0.0236942709059537
-0.000453992275710046 -0.0307410201649938 0.122990349725298 -0.030410769050425
-0.0264742808719048 -0.00732072013294075 0.00650595713912051 -0.0549310033239754
-0.0230269407009763 0.0132831942085449 -0.0756595348515728 0.00336300826058408
-0.00441023038648534 0.0115808704498681 -0.0865981245318087 0.0926887375468415
-0.00560176212655341 0.00394503840872193 -0.00784981875007324 0.135651642390385
-0.00709410831662032 0.00762213326888221 0.0613314709277012 0.114505764324155
-0.00817685984652819 0.011111787969502 0.0971602559684567 0.070983027470524
-0.0146744063741605 0.0148866345027341 0.110503104414763 0.0147215692956011
-0.0185722329717006 0.013270700814494 0.106958703318779 -0.0195789022640328
-0.02418022573165 0.00756067285672521 0.108386319233449 -0.0378473354649463
-0.0246318725981582 -0.00320122965366501 0.116999808737295 -0.0239430524932478
-0.015673114666367 -0.0134784548543245 0.1153106003888 7.92205696793726E-05
-0.0177173400794396 -0.0178633531872181 0.121408530286145 -0.00882375782548974
-0.0118887509258076 -0.0307308420631557 0.138412082946946 -0.0241419207484741
0.0147138276592608 -0.0396843563394621 0.16389363414337 -0.0680884692495851
0.0565335789049967 -0.0411029560235883 0.106084084359378 -0.0192120227537589
0.0187059127029106 -0.0300089396246441 0.000489209612132756 -0.047499193612373
0.00635776587202063 -0.0171602838767473 -0.0839930739999179 0.00146402983900791
0.0037559750206399 -0.0233850057775077 -0.0950864807524866 0.0887760319797371
-0.0187291209136036 -0.0292886405593548 -0.022177781204549 0.132426730495605
-0.0349006963244225 -0.0155454048934648 0.046690420283676 0.119161809948276
-0.0423751043794041 -0.00105700211999748 0.0841707523266783 0.0761739138169235
-0.0541622895902005 0.00854762337408804 0.0976468398956911 0.0193517603972533
-0.0603056106864555 0.00710386170032281 0.0911220920285698 -0.0177833126244691
-0.069432128849939 -0.00339459207717222 0.0887786392363399 -0.0451905955393933
-0.069572851581255 -0.0309720843877614 0.100602153858231 -0.0443200129048532
-0.0425383866044787 -0.0622458379627694 0.110886401805635 -0.0195118913688081
-0.0120172154205379 -0.0783975519374324 0.121207594640115 -0.0160633637952301
0.0251702404465859 -0.084660998518222 0.127492744492932 -0.0199183861404455
0.0678521501356973 -0.0736644541653574 0.14342246094975 -0.0537751193702548
0.108586651452965 -0.0468506213017802 0.0678350598627633 -0.0102047144981254
0.0675228641988722 -0.0502533944059348 -0.0206711448722683 -0.0453957338550485
0.0405192617241324 -0.0520268454951848 -0.102529753195113 -0.00227953847240742
0.0111940385631431 -0.0637111626430799 -0.106335952752707 0.0823827875998301
-0.031874015445232 -0.062976325456031 -0.0374774580251544 0.122375158777652
-0.0602493815565011 -0.0377266643034532 0.0265719536870874 0.114159901790016
-0.0720221097469589 -0.0135237905751933 0.0609920209188178 0.0746386032389211
-0.0855696139967619 0.000334217578427859 0.0716764090648253 0.0212806210199001
-0.0920210777755365 0.00121933597301929 0.0610600002551431 -0.0160390070219353
-0.104584253362829 -0.0110381186776636 0.056339422428146 -0.0505824478826873
-0.108053730523163 -0.0485543253381139 0.0710310854630349 -0.0650979722231117
-0.0703366582115934 -0.0956921796183751 0.0996210487341352 -0.0451134030956674
-0.0162593540819308 -0.127316398936448 0.120180897700311 -0.023632552878707
0.0521600694997409 -0.12937091140622 0.115772252354074 -0.00800501293728489
0.109039747146261 -0.0987051390710523 0.108453030954436 -0.030161892493087
0.14560075800529 -0.0483686768689022 0.0115445816883056 0.000988683188708623
0.108065442925745 -0.0702191959095697 -0.053059366419894 -0.0399335178507187
0.0693860285877432 -0.0891475652186218 -0.123258372127244 -0.00384335398662862
0.011964958567965 -0.103321111990873 -0.115255598537537 0.0717462906412634
-0.0473593899324725 -0.0916274015679545 -0.0546794258425275 0.104052958287358
-0.082252706983031 -0.0535930039472819 0.000579632382352414 0.100444086121403
-0.0929985234203109 -0.0223485054486914 0.0284269066529863 0.0667545346985859
-0.104651307672577 -0.00775762134704214 0.03509279069445 0.02024441216828
-0.109988457069437 -0.00685123011796308 0.0222804039547198 -0.0146196739456932
-0.122955855529935 -0.0191160544486271 0.0179404618654466 -0.0541025586078997
-0.127440355286144 -0.0606721660833363 0.0358052133248424 -0.0815442105303309
-0.0852343011814616 -0.115542534634165 0.0827611190813487 -0.0665121952249194
-0.0153842187462161 -0.155050758081686 0.116109350745596 -0.0279067171967294
0.0727166795239689 -0.152821464210988 0.10166624397618 0.0105580418552426
0.134771041404027 -0.105926157823425 0.0627310521814314 -0.000922047013024729
0.158716647946028 -0.0461192824014744 -0.0525747438904619 0.0166521363577641
0.128673111900033 -0.0820661044593885 -0.0895483949516751 -0.0245168168218685
0.0818117120851288 -0.114263950326535 -0.13830197657999 -0.000616917288058446
0.00594927433812054 -0.126721672146153 -0.118700055929847 0.0535057851805365
-0.0586604700894153 -0.103975529114476 -0.0750006300010912 0.0764553200105641
-0.0938512695096343 -0.0596785805907887 -0.0317784271233296 0.0804669513679836
-0.100558745697431 -0.0259304837311072 -0.0112391174577674 0.055632529399242
-0.107867716157178 -0.0148844000615438 -0.00676037292975019 0.0160646796174743
-0.110693186379943 -0.0164102634570874 -0.0190538050117988 -0.0163214404964487
-0.120617397636436 -0.0293975816979918 -0.0195042201487715 -0.0582728785369816
-0.121711308265274 -0.0702291634254092 0.00357755140671378 -0.0940545653527984
-0.0746901811309992 -0.122013382358881 0.0669245397056 -0.0823822675558445
0.000256399019686728 -0.155738652182835 0.108470040809687 -0.0262025216971934
0.0895765737151148 -0.146556845000626 0.0837623266918531 0.0297146540375474
0.143741720003517 -0.0920400605374377 0.0119917406219764 0.0260175385252528
0.142995164712716 -0.0370890672446828 -0.112101025657912 0.0369592659319319
0.122870314785439 -0.0764243774920705 -0.120406339391326 -0.0014982552896277
0.0750687391889923 -0.113317300857388 -0.141027677236401 0.00635057733425552
-0.000954876189925066 -0.12080803579689 -0.116332203844397 0.0317407292137891
-0.0581211756263541 -0.094999151924186 -0.0953510403932974 0.0476578246699856
-0.0873252897539122 -0.0539176909501815 -0.0668151261302497 0.0605632964539377
-0.0915683951062139 -0.0247076435766699 -0.0519167589662481 0.0445663179132445
-0.0934208366406258 -0.0196559369437036 -0.0469654258501252 0.0099630742725733
-0.0940428936891533 -0.0248041277938836 -0.0565739357193207 -0.0220761749441986
-0.0982330546398152 -0.0387829588601665 -0.0478812971175207 -0.0675531237708907
-0.0910338167115215 -0.0747166572302973 -0.016544548031116 -0.105602228282288
-0.0441936696732447 -0.113086365805954 0.0573276202486652 -0.0929156074919127
0.0266065994289943 -0.131826834813957 0.0980530679939444 -0.0206347154393867
0.100129523861542 -0.11222287211805 0.0600902087631147 0.0428365994252911
0.132698416291214 -0.0606769807620018 -0.0382327901305237 0.0421952500126281
0.102592094822157 -0.0189828333138062 -0.154131008983318 0.0573207063780437
0.0930503357216283 -0.0535853056779739 -0.136122641843498 0.0223591583714015
0.0541051763061841 -0.0844390163226142 -0.133631667635227 0.0122514490170062
-0.003470653237908 -0.0868284332389017 -0.111512463457745 0.0117048366482177
-0.0416147912606983 -0.0665101873979327 -0.112169719598955 0.0250761490660614
-0.0632719278353163 -0.039284226160248 -0.0949825427425728 0.0444518304612535
-0.066020911295165 -0.0196815889306889 -0.0851280199069468 0.0359036791052407
-0.0652941682528845 -0.0206426018676014 -0.0783771943207976 0.00254485185791541
-0.0642708104830661 -0.0273975614558739 -0.0832272029898804 -0.0336956904144553
-0.0626960390760887 -0.040800117884613 -0.0630326165429658 -0.0825228506825768
-0.050560186511981 -0.0667015643691188 -0.0210272360385162 -0.117923653978507
-0.00957501494966898 -0.0891844786472578 0.0560406441094465 -0.0971195006163744
0.0466327229215427 -0.0898072824002438 0.0859462915018135 -0.0163633251415092
0.0952477191171806 -0.0630662150112008 0.0352871897450994 0.0438727332709261
0.102845985345304 -0.0230615178127879 -0.0791277601030297 0.0428489465679286
0.0472171568383556 0.00690510819317393 -0.170410378457054 0.0713898196290309
0.0519621092362923 -0.0156010050510086 -0.13661766192517 0.0369989453083164
0.0301663663420194 -0.0372593329725694 -0.122712860480576 0.0144429519719848
0.00166405649926877 -0.0373269203950998 -0.108143580360512 0.00117604289735535
-0.0117770159109654 -0.0293878330981174 -0.120789988155401 0.0160191589025771
-0.025477644943525 -0.0220505135071941 -0.110138066451422 0.0364175048533902
-0.0292694764543108 -0.0148599963849424 -0.104185747641614 0.0301752637679686
-0.0270061301254274 -0.0187054428230673 -0.0977507371373473 -0.00581430355524306
-0.0275394928511933 -0.0227808626108192 -0.0963251612248702 -0.0460578332396953
-0.0236460516269073 -0.0298132194206356 -0.0645358145452766 -0.0972482144729407
-0.0148402654828458 -0.0452153362407647 -0.0132536648012219 -0.125329406118878
0.00997281926355426 -0.054152531643663 0.0614925674465304 -0.0975603036232192
0.0476754605376464 -0.0460681248402205 0.0762600186907976 -0.0161241980082414
0.070686190961163 -0.0172698168428354 0.0170358976528552 0.0348354335831114
0.0564830953982481 0.0107044889796378 -0.103607816043935 0.0312762803715852
-0.00132957649045179 -0.0294097622272159 0.116258200907612 -0.0342996914604672
-0.0249815553002869 -0.00601891312115341 0.00448728694964707 -0.0536368140487612
-0.0208173223638561 0.0131859724257366 -0.0722709346228745 0.00548370147731467
-0.00366049395329663 0.0107913803269623 -0.0799542117161778 0.0921798435451337
-0.00603000133581703 0.00388489192506151 -0.0031977864601809 0.128945970262309
-0.00667520264103538 0.00774423496997721 0.0627773797858507 0.105978521232366
-0.00735610331143806 0.0108829153750352 0.0957464285155203 0.0643884008337686
-0.0132354170368494 0.0146302582974734 0.106067657533662 0.00977981745374029
-0.0176648365376037 0.0134516854672093 0.101258015601739 -0.0227465390441076
-0.0232510144428129 0.00890377523542129 0.101772873073442 -0.0397574805943102
-0.0235645533379932 -0.00222127442251592 0.110265719140532 -0.0265992481740699
-0.0154208102687769 -0.0126355812579623 0.109991297739084 -0.00402084370903037
-0.0174753317480283 -0.0163747088344994 0.114864938420271 -0.0120491226826603
-0.0123366257589648 -0.0286053129474657 0.131499767751642 -0.0265521969126058
0.0130612560205751 -0.0383501395296145 0.154830999757843 -0.0694246182332995
0.0514753866038778 -0.0416704687443651 0.101318216248822 -0.0227429445278198
0.0165642996020141 -0.0289408675381876 -0.00105664678898072 -0.0462567860871516
0.00582736865117793 -0.0163442745984417 -0.0809255309105693 0.00363288992433603
0.00258239679473225 -0.0226128476172756 -0.0881413923835891 0.0874481742200896
-0.019065992852273 -0.0266444372526511 -0.0173363275254302 0.126258078053856
-0.0336415283475939 -0.0134702963462497 0.0488956953869415 0.111126871460261
-0.0400959070976808 0.000639387017361273 0.0833270314167397 0.0689114403408981
-0.0511820783241756 0.0100526553407179 0.0935885396662781 0.0150161486745221
-0.0571460497620184 0.00991724424703987 0.0866473250511054 -0.0205090713563148
-0.0661219830489698 -0.000365576659698392 0.0830675994029792 -0.0456854491124628
-0.0676074472866415 -0.0269540664904578 0.0932958207945777 -0.0452680783156305
-0.0425671506975478 -0.0576728786846808 0.105692813638072 -0.0222746764160731
-0.0143496386599489 -0.0736211835495338 0.114919580328357 -0.0187516189743679
0.0214223714362407 -0.0811328261597407 0.121271138370741 -0.0225429946186918
0.0620829686560473 -0.0721508257515326 0.135028238304305 -0.0559116923007021
0.100763194703737 -0.0487543031752448 0.0652419627210925 -0.0126236382995021
0.0623896096974576 -0.0504309953118369 -0.0202093476570965 -0.0436499068407447
0.037338735651553 -0.0504297226625243 -0.0983845044348046 0.000629566042302359
0.00818860629103274 -0.0608174293460898 -0.0986974231038824 0.0817524872051009
-0.0328422950237613 -0.0582285628181167 -0.0321115317125008 0.117619795317054
-0.0589108386215661 -0.0326122798294107 0.0298959236426907 0.10670860007999
-0.0685093759218572 -0.00995026003363973 0.0611749611003126 0.0680081051508011
-0.0819628803977534 0.00364821887525699 0.0695784131492061 0.0176329009341099
-0.0882232546459934 0.00474679116456072 0.0583199941931678 -0.0172275530486136
-0.100410423655388 -0.00604798024185515 0.0521720083528026 -0.0500411497565603
-0.104273734504767 -0.0420403587242687 0.0652201617450324 -0.064209079624271
-0.0704545228217036 -0.0888416931306574 0.094176536473567 -0.0453255535532754
-0.0194236370989132 -0.119475691278395 0.114148783164373 -0.0266705065577772
0.0450014312388515 -0.124286796857936 0.110118137814877 -0.0105730700227594
0.100971227344364 -0.0974189184388599 0.102833000355581 -0.032390087769489
0.135870253574922 -0.0512363331898116 0.0119698219474996 -0.000762161632612456
0.100821194733968 -0.06981949507627 -0.050518636239947 -0.0380106604934735
0.0629518369080069 -0.0867585257558156 -0.118160827327254 0.000282687648776066
0.00776800688749567 -0.098214770142912 -0.107115348683108 0.0720960634389392
-0.0489916922403534 -0.0847622062449163 -0.0489789786374507 0.101243146165591
-0.0801488091041436 -0.0468782955534354 0.00458625279083412 0.0950043168518079
-0.0893608295777636 -0.0173835333738083 0.0296870757633906 0.0624256705358499
-0.100340517809044 -0.00282068151043215 0.0346520525106014 0.0179006810197972
-0.105289053650296 -0.00195234604491656 0.0212523306945777 -0.0146477106603259
-0.118778332049333 -0.0128529590152757 0.0152610267661177 -0.0513413714504919
-0.12323321832417 -0.0519488759856241 0.0302160307757352 -0.0780602020998467
-0.0851929874775587 -0.106244149845264 0.0773779223373528 -0.0652739302751565
-0.0199572790549692 -0.145942677977189 0.11083646680239 -0.0306708525102721
0.0633326887764127 -0.1475666178496 0.0983933431002516 0.00645821099788003
0.124987642990754 -0.105965663146799 0.0609706468071559 -0.0032686132222658
0.148328658741538 -0.0502093313645042 -0.0486728705496952 0.0164462657158437
0.119313094752332 -0.0820689008727342 -0.084824433163292 -0.0227916717315877
0.0739749479598509 -0.110817669208429 -0.131335112579091 0.00371134491845285
0.00114199043562031 -0.120671731040499 -0.112216044633056 0.0550730720461007
-0.0602561351661703 -0.0960765196449817 -0.0690056236724643 0.0757532323632855
-0.0908761524511679 -0.051966866556661 -0.0275604591683897 0.0781081767386613
-0.0968135937170426 -0.020305558426965 -0.00906225244014869 0.0534565709675404
-0.10304375343595 -0.00928169593827715 -0.00640874469159154 0.0157805810257432
-0.10628015800421 -0.0106326598806996 -0.0182421390549654 -0.0140320153870479
-0.116137940811293 -0.022418585119235 -0.0201479338977476 -0.0540297862492626
-0.118350216985571 -0.0613975690904987 -0.00090620834036697 -0.0882439554318758
-0.0756392400061358 -0.11275298247123 0.0620148771136621 -0.0801630189105439
-0.00565329660543548 -0.148209569596754 0.103579437827227 -0.0285288218750242
0.0796625794415404 -0.141901013352347 0.0813496743585881 0.025276050236054
0.13382250745413 -0.0924826639071124 0.0128370483084143 0.0238585151390112
0.134078351536073 -0.0405256699435009 -0.104944176854065 0.037787940429454
0.113691081979827 -0.0775013036506015 -0.113584822343732 0.000846045928154131
0.0674599501999092 -0.109993386827088 -0.134653523507617 0.00986624009274922
-0.00510949107015623 -0.11460495246395 -0.110262201535984 0.0335729632642341
-0.0588284600551054 -0.0877035685430037 -0.0892555290360566 0.0492468556729733
-0.0850419514012054 -0.0466219654725346 -0.061395613281791 0.0599352016761081
-0.0876547442797291 -0.0191983004352547 -0.0480081119142843 0.044683281133754
-0.0903879368636954 -0.0149642484852725 -0.0443177951871233 0.0114411631887707
-0.0903241074754806 -0.0188376337009295 -0.0538146586012282 -0.0185861209636396
-0.0953145748378941 -0.0323734167094796 -0.047726812683322 -0.0618036936575534
-0.0892270469634639 -0.0666710284419656 -0.0201323861648778 -0.0988066320349954
-0.045830646005268 -0.105833394529883 0.0526333287108158 -0.0895391463981006
0.0200265584231379 -0.125473751462658 0.0936231751854723 -0.0232184078642524
0.0906941997314851 -0.10946165282814 0.0600898283640735 0.0383647985850249
0.1248619743389 -0.0622701294790559 -0.0346262144086998 0.0409596840205683
0.0963050998667539 -0.0224927873542342 -0.144851643591739 0.0596406887253629
0.0865350492201043 -0.0543611219145257 -0.128637045654157 0.0242361544119956
0.048528065419003 -0.0815453545818206 -0.126385923603444 0.0157216883034603
-0.00626599787444391 -0.082638734449043 -0.106436397788481 0.0146571974283184
-0.0418954108295002 -0.0620134208368849 -0.106210644113219 0.0289262082417512
-0.0611784379573221 -0.0341791437781464 -0.0891263078895886 0.0459190421413154
-0.0636053611262352 -0.0159390948742339 -0.0802111111689676 0.0375787828999865
-0.0627756317691685 -0.0174538419424343 -0.0752560117374044 0.00552593528075244
-0.062034530149201 -0.023378545525742 -0.0800750195911346 -0.0279475582101801
-0.0610200802392624 -0.035867880948417 -0.0622290751203293 -0.0755107403672765
-0.0502228351497551 -0.0607736743313179 -0.0248169892528323 -0.1101932093277
-0.012823207943232 -0.0839466246708974 0.050282064069027 -0.0939358938101522
0.0415682536900001 -0.0864530740314408 0.0822389277361649 -0.0186114515763281
0.0875056798661139 -0.0632621381666587 0.0363062017161305 0.0405011439906131
0.0971257847439156 -0.0257048117228594 -0.0735523849496725 0.0429497906778353
0.0448927476402698 0.0046224253298222 -0.159599016566723 0.0733310160132296
0.0491395475067346 -0.0167993571772664 -0.129538959470592 0.0383505209166539
0.0272260891944649 -0.0361709376516775 -0.116412563353981 0.0170756197047481
0.000555940067192651 -0.0356353477619474 -0.103643797904824 0.00422184319405398
-0.0123422711662459 -0.0271657373039005 -0.113690082174727 0.0197153581239445
-0.0245686075375202 -0.0192057936364277 -0.103749988938382 0.039197357090037
-0.028687969823939 -0.0122715998991079 -0.0984603587876276 0.0332611225806442
-0.0265736327935845 -0.0171984314871723 -0.093507901577806 -0.00047886497547461
-0.0268545718761193 -0.0199033598339461 -0.092934328451587 -0.0391165995490184
-0.0237860099506812 -0.0275589989735216 -0.0647493522170175 -0.0894837251143316
-0.015697757176786 -0.0418750063983001 -0.0167514854390092 -0.118442241585979
0.00733834506734607 -0.0518213915643128 0.0556083154236411 -0.0947063493464595
0.0440567565391599 -0.0445342189654199 0.072868070466562 -0.0177066338566842
0.0660910158528242 -0.0186841488909963 0.0179254304135465 0.0331037139737529
0.0538883265282871 0.00845480566102838 -0.097344671440147 0.0335105575378263
-0.00169917287639225 -0.0289212592378206 0.112781890706299 -0.0334094151949438
-0.0238611836949252 -0.00670666610813337 0.00373588197256202 -0.0518173952220368
-0.0197174532613297 0.0119596741279176 -0.0708899495003203 0.00458557165905197
-0.00401147848214741 0.0103394759052037 -0.0781083586497892 0.0883001798713975
-0.00586133211392558 0.00379125332812483 -0.00448692165306336 0.123675565614624
-0.00651070344713122 0.00635687667393815 0.0602818102973043 0.101719384249105
-0.00734180527480445 0.0102980285560651 0.092520711081318 0.0607859938208748
-0.0128753932500368 0.0137400295072695 0.102762903788884 0.00895023907581717
-0.0166897895429556 0.0136784696760376 0.0978151197118653 -0.0219672641301261
-0.0221632347140014 0.00848550407274671 0.0984473017866004 -0.0380163470738084
-0.0231597880458581 -0.00245432496702431 0.107104201706838 -0.0255699133970365
-0.0150982333921542 -0.0126190847876023 0.107260000637796 -0.00310923811629205
-0.0164979660492334 -0.0157932450826879 0.111228887301448 -0.0106443800383809
-0.011036541207612 -0.0277027114711766 0.127223536802555 -0.0239667530579111
0.0126429038232586 -0.03728619946957 0.149466222422627 -0.0659233067496908
0.0498166874237536 -0.0407894728942917 0.0980618093346301 -0.0226075348214712
0.0160311778806527 -0.0279037085508581 -0.000782996153587167 -0.0460262546448224
0.00567341642624678 -0.015800122422139 -0.0783414700648606 0.00282513511695741
0.00235155133396164 -0.0217566551418781 -0.0859015194450298 0.0839457027553052
-0.0187959051689608 -0.0254586225306008 -0.0175945907286606 0.121464283382553
-0.0324000554582325 -0.0126336199357822 0.0470981985801137 0.106569572951311
-0.0387846884808108 0.000399923854936613 0.0805240209234827 0.0661207364091615
-0.0496528146315895 0.00935301406780209 0.0914880183167548 0.0139734623860261
-0.0554925133512817 0.0102793117235598 0.0839014948870374 -0.0198139393553753
-0.0644934675493579 0.000557879050457147 0.0807059570576472 -0.0436569010643371
-0.065257005841119 -0.0258141606050164 0.0912188364058151 -0.0429462709749553
-0.0410506474432027 -0.0559801692472217 0.102655777670393 -0.02092801501948
-0.0130818458907672 -0.0710554313529858 0.111710877078932 -0.0177360032685136
0.0210676394922032 -0.0777930710472013 0.117684232855318 -0.0199427956230632
0.0609590380431711 -0.0700105600086248 0.131641815201191 -0.0534447508972718
0.0967528818333648 -0.0467409391852087 0.063598278008096 -0.0141771318222887
0.0596845535234179 -0.048335261448752 -0.0185045332486685 -0.0436232327046226
0.036496096663279 -0.0481015041733364 -0.0953521061652618 -7.93759064578319E-05
0.00804664488222584 -0.0584315814281967 -0.0958115126756088 0.0788972345697719
-0.0324003463953095 -0.0561705453492509 -0.0316968266980839 0.112589906995962
-0.0559343860628291 -0.0314673667635522 0.0283946885087422 0.102571717221136
-0.0663489257747283 -0.00926632024047586 0.0593949822623367 0.0652053858114226
-0.0790473990815271 0.00400378748696225 0.06732684570418 0.0166211695368023
-0.0850923691680121 0.00523456622213361 0.0566528568412589 -0.0166474589938577
-0.0974044419398244 -0.00491713504715263 0.0512159501728623 -0.0473528344824938
-0.101061407392049 -0.0398270187930099 0.0624742454679218 -0.0602666924354429
-0.068184220541396 -0.0857772496196629 0.092012842166441 -0.0432328609582421
-0.0184771460102724 -0.114858907842171 0.111095127575056 -0.0252314658720997
0.0434592732401619 -0.119676055167247 0.107710280252508 -0.00981181587797963
0.0984071757353222 -0.0938885393112181 0.100403695876518 -0.0309862635662853
0.130337371941341 -0.0493718417818849 0.0122451685218582 -0.00186211310878881
0.096925245491857 -0.0675079062898606 -0.0477429911229164 -0.0389096171597397
0.060670026689361 -0.0829883080786051 -0.114386965071114 -0.00137747334819123
0.00689872653918059 -0.0950284028633871 -0.104416348122846 0.0682628255490877
-0.0474644563102577 -0.0811204621963467 -0.0472292937598192 0.0975936114810087
-0.0769231308411576 -0.0444492106802519 0.00417505615188533 0.0915297132961582
-0.0859040329015079 -0.0162172172857413 0.0283712495477621 0.0596869547737967
-0.0969466501191992 -0.00189560304143202 0.0334889759094528 0.0171258739103621
-0.102147033823721 -0.000669403802673412 0.0211172021959391 -0.0140806130263943
-0.114730287481204 -0.0113090554137052 0.0155362759095705 -0.0491147400140457
-0.119350503207284 -0.0492097925237166 0.0293726937569648 -0.0737555998365978
-0.0821716961305618 -0.102230701984173 0.0757603285143695 -0.0626474023149907
-0.0193660057048637 -0.140319922998594 0.108098529707686 -0.0293785313786919
0.0609544884775302 -0.141472278335812 0.096217095941909 0.0065547279038066
0.122359933466678 -0.101726312726361 0.0595871261281411 -0.00348308196684868
0.142718290727258 -0.0482097315853443 -0.0469900832611436 0.0147896387207682
0.115014800981552 -0.0786744287849745 -0.0804509604261502 -0.0238392845318072
0.0716345547764612 -0.106032759879385 -0.127722290439571 0.00164935922330978
0.00117340383453662 -0.115619393368145 -0.108808215322071 0.0519443794304707
-0.0582566183258477 -0.0925621712017254 -0.0672424865513307 0.0730694904973274
-0.0877436131183274 -0.0487707801229507 -0.0255028750171293 0.0753809731976044
-0.0927368958057347 -0.0189716716082576 -0.00878416792250002 0.0515810855238698
-0.09965230083906 -0.00857091343143512 -0.00576512412671928 0.0154420640329051
-0.102637943468467 -0.00988360164030236 -0.016980278007132 -0.0134744095237475
-0.11269403051473 -0.0208507408444918 -0.0189299684416121 -0.0515406514202515
-0.114231806041359 -0.0580517779901752 -0.000262372021905257 -0.0839874112970037
-0.0733094713355774 -0.108176907645636 0.0609322935628311 -0.0772793272386963
-0.00474187720955173 -0.14236593355786 0.101320153969706 -0.0273799956224708
0.0767250996559128 -0.13663550703682 0.08018160374603 0.024422751739501
0.129703142192017 -0.0888876439687164 0.0127182825808117 0.0229044041373037
0.128786448484 -0.0397862964299193 -0.101213267400052 0.0357810519374789
0.109434167318131 -0.0742160919464413 -0.108762325504092 -0.000959519745916402
0.0651746900880564 -0.104990368189435 -0.129818292661604 0.00832488694341821
-0.00518055931041269 -0.110247159172725 -0.107511184721888 0.0317494036192044
-0.057199311477254 -0.0841059720879783 -0.0864194677258348 0.0469344157696104
-0.0818865510834288 -0.0439167022570604 -0.0589356470602588 0.0576044214274553
-0.0844381146532381 -0.0177449988510995 -0.0460350889482079 0.0439724208769817
-0.0874251323471378 -0.0139582304122966 -0.0434275839152747 0.0116349091907953
-0.087085121351848 -0.0177983168921624 -0.0517921360451821 -0.0171845372325674
-0.0916772199567902 -0.0308601989485729 -0.0451692579950372 -0.0593380329696261
-0.0868207445983223 -0.0628384954263923 -0.019688276041721 -0.0941974197607633
-0.0441594165839381 -0.101650281692774 0.0507352011948909 -0.0855708345616393
0.0204090879232657 -0.119932876711826 0.091883900930102 -0.0218720998069687
0.0871428482280642 -0.104774225287051 0.0583903353282466 0.0369335772243295
0.121080486866531 -0.0595936848639809 -0.033413938737281 0.0388987285970082
0.0925767561151345 -0.0216539287759537 -0.139321065682441 0.0560952648356059
0.083571232174535 -0.0515708761449513 -0.123965950623975 0.0209343518116049
0.0475848955923234 -0.0777883953029722 -0.123198925791739 0.0135853068653251
-0.00636533845282048 -0.0793107531722217 -0.103176351377032 0.0131809345056713
-0.0405580725465546 -0.0595362469521029 -0.102260220243896 0.0273975989484332
-0.0588685864258615 -0.0317909518010633 -0.0861304228624636 0.0445225464646661
-0.0610874049934738 -0.0149165844640884 -0.0774060089401708 0.036742727591366
-0.060994268041945 -0.016715918353672 -0.0729265008967509 0.00653033265857917
-0.0595208817865499 -0.0219900011084474 -0.0767226756463625 -0.0261566719748548
-0.0587549611710795 -0.0343249924886161 -0.0600020865537515 -0.0720577652722873
-0.0483605889297322 -0.0580423755346974 -0.0233579520059909 -0.105386667786523
-0.0117384592050645 -0.0806429899249404 0.0495110068083873 -0.0899418565295702
0.0407058800765851 -0.0824462715786736 0.0809407209565699 -0.0175592599077453
0.0843000343026702 -0.0600668449510637 0.0357786514657298 0.0387358764775912
0.093414539849727 -0.0234872082164002 -0.0714184435467703 0.0417147785824325
0.0434139190724925 0.00454243053704784 -0.155445342424644 0.0693615426647698
0.0474259749262898 -0.0155896637075918 -0.125317192268664 0.0343492694515253
0.0263138543506801 -0.0342928925690293 -0.112437028503524 0.0155795222089384
0.000594292691595163 -0.0348609560602027 -0.100607755851172 0.00366236444941106
-0.0115056039276133 -0.0267097604154594 -0.110018736197971 0.0191265765716028
-0.0238866130342726 -0.0174287781985361 -0.100603217644718 0.0375291895896618
-0.0274010353447597 -0.012140660382388 -0.0952448073345973 0.0327359011822394
-0.0257834443301942 -0.016655159026091 -0.0911135517776633 0.000347648529222198
-0.0256788532154789 -0.0197462484974282 -0.0890885764962819 -0.0369738755368443
-0.0224547915398262 -0.0265883655600473 -0.0620711347561829 -0.0859029321022354
-0.0153796435275971 -0.0401477818963721 -0.0160924765028083 -0.113418879658222
0.0071337456460515 -0.0499570093604315 0.0541246403501954 -0.0909458068841912
0.0422659572565096 -0.0423908546013848 0.0714558985084525 -0.0167780717810899
0.0632140299160533 -0.0173395059476926 0.0177729283244008 0.0315553252473748
0.0519512991927116 0.00857108015197696 -0.093790459785264 0.0320021371186951
0.00142242670600308 -0.0288042283826015 0.118738643326362 -0.0180541200735164
-0.0223254960187079 -0.0102180556874143 0.0118160506144932 -0.0524329736671768
-0.0214038979363647 0.00824523875589394 -0.0706144872113409 -0.00719411205232811
-0.005944161725228 0.00861397691422585 -0.0888015422826403 0.0753527992895669
-0.0077546766802147 0.00259489232188458 -0.0224902400508133 0.120455379932104
-0.00696326111719818 0.00467786070914786 0.0450783583798027 0.10771942013196
-0.00844282685221304 0.0084743085818383 0.0840277351788699 0.0719444137797722
-0.0145303210262177 0.011374059182475 0.100141044203436 0.0242216804733865
-0.0181641152459841 0.00979794877532303 0.101763007560442 -0.00624468703792539
-0.022570116271819 0.00414674483100774 0.103733192514508 -0.0205261016466724
-0.021481585105747 -0.00739072401042163 0.110400057964008 -0.0067278666281325
-0.0126187101790939 -0.0166723989007187 0.108578694315237 0.0152434624379195
-0.0126591488259623 -0.0201247903728207 0.111171843200665 0.00916144531862724
-0.00613886828674949 -0.030080187599198 0.129408302888694 -0.00134971078693261
0.0184946459439633 -0.0363241611379654 0.161713213942798 -0.0384597756655412
0.053556691945982 -0.0334645534299276 0.101499909363796 -0.00542547983321806
0.0203191997906337 -0.0251294125524755 0.00716249565887123 -0.0449845377277721
0.00886490284051255 -0.0146745854911388 -0.0782309557691026 -0.00747904903350227
0.00592520156261855 -0.0214180833537568 -0.0959526811747495 0.0712461943900184
-0.0150108005165242 -0.027618070585328 -0.0338998214293996 0.116548781028537
-0.0299452267853446 -0.0178667417600417 0.0327745039811362 0.111066530053324
-0.0379571046547282 -0.00627846538441596 0.0723471797467615 0.0759371081255588
-0.0502658484250657 0.00162320252022419 0.088153785704135 0.027888553166659
-0.0549675455197792 0.000906530692072248 0.0869213562091255 -0.00569301138837012
-0.06328884140374 -0.0100419555832702 0.0871932330989238 -0.0280773969821966
-0.0589605577271436 -0.036885491497506 0.0966259055791657 -0.0258122139235745
-0.030936097784445 -0.0625877421913768 0.106270095122742 -0.00234464920560792
-0.000750744137370465 -0.0732785480144749 0.111986674020677 0.00263036907682495
0.03364280856554 -0.073656848929955 0.118107901595221 0.000836470724526148
0.0718123298559034 -0.0602861548123221 0.140223868277746 -0.0297122984857717
0.101059620488743 -0.0332215308050786 0.0645319754499969 0.00190124199853217
0.0660671439032596 -0.0381905170193101 -0.0113925745202744 -0.0439771746350004
0.0434599346147877 -0.0416660169443714 -0.0933549339727689 -0.0109019566716956
0.0169884872277205 -0.0555966481000599 -0.103919436703048 0.0661530733199702
-0.022162592280249 -0.0588855402865622 -0.0450668697515208 0.108049430544771
-0.0499469955684626 -0.0395427752206088 0.016556726581751 0.104544765004169
-0.0635764665274012 -0.0194537523060821 0.0513244280422106 0.0729856999837821
-0.0782774614063532 -0.00851224779597252 0.0635897345754854 0.0267889014537909
-0.08345553574897 -0.00823064997599387 0.0597879926882534 -0.00723323453754228
-0.0944717867540022 -0.019977910792246 0.0586586440175143 -0.0364840411697905
-0.0919193846230487 -0.0553570914779796 0.0711745209909653 -0.0474742342973364
-0.0533066131991343 -0.096152104328572 0.0991282424711338 -0.0257588568473222
0.00104725863834933 -0.117252741666846 0.112566060487369 -0.00544870616915079
0.0631233376520774 -0.110807027620778 0.104828703515585 0.00891568743133304
0.112661196502374 -0.0766751334161006 0.104498654264178 -0.0142384339541481
0.134789297441462 -0.0314212025469957 0.0114502627945604 0.00867833740673055
0.105075422843508 -0.0510197023722061 -0.0406216773983774 -0.0411401093249167
0.0729227728857654 -0.0720050518362286 -0.111560062022808 -0.012330518268152
0.0223896929373442 -0.0914286697025634 -0.110133484159061 0.0566212051347638
-0.033499812503732 -0.0860734023596598 -0.0578242902963113 0.091490746458519
-0.0676149294268193 -0.0551206355146435 -0.004560549631251 0.0902995000796053
-0.0821626490155342 -0.0287118389451019 0.022095975409949 0.0636672380631315
-0.0955245353043206 -0.0168089353332159 0.0301446186734098 0.0221141582148638
-0.0989001257520498 -0.0162514665958001 0.0233544154299944 -0.00958615603379214
-0.110593098803643 -0.0288552782607748 0.0231771739635396 -0.0435988927973481
-0.108373207214997 -0.0668326102790404 0.0402008118690676 -0.0651860716267708
-0.0643727185866266 -0.115006227740075 0.0866385626952159 -0.047405182565413
0.00389823766554255 -0.141612178105578 0.110054474812164 -0.00956338324711052
0.0833070646532759 -0.129106056806613 0.0903127001740271 0.0220993107595418
0.137716661157241 -0.0799332036434466 0.0583446102985809 0.00617364465441606
0.146387332030647 -0.0286064892188693 -0.0501651407203347 0.0182651207986126
0.125238247679582 -0.0596879455149918 -0.0762394571171257 -0.0301234354989843
0.0870679413982236 -0.0930312003098835 -0.124330932575107 -0.00997274149915817
0.019787278413691 -0.113282386185788 -0.110957788854426 0.0408256072642281
-0.0418651129515257 -0.0988094438387056 -0.0725465925414665 0.0653442523879596
-0.077339864427114 -0.0606375457895849 -0.031980637111561 0.0695771370645091
-0.0887266936733571 -0.032426388867166 -0.0137487161462405 0.0506641512754428
-0.0973576522297646 -0.023815278694896 -0.00802733106818948 0.0140158567868145
-0.0988034330799337 -0.0248531696837709 -0.0147226427047092 -0.0148157003722552
-0.107086107579743 -0.0370055913294621 -0.0101022670288258 -0.0517421680022111
-0.10249241654072 -0.074234649859428 0.0123037107062039 -0.0797272790882691
-0.054633975494625 -0.11915147877172 0.0734241914351769 -0.0641270532908571
0.0181714625911622 -0.14052219942956 0.103407655121274 -0.00945486979608591
0.0976666742401408 -0.12059400107214 0.0709442327185177 0.0369174534679785
0.142881805130159 -0.0652983995947764 0.00752922834097619 0.0244276772052648
0.132356694353004 -0.0211085005916272 -0.107058223011618 0.0303039596379927
0.119163442531382 -0.0554508367169857 -0.107879457944501 -0.0119621581646127
0.0806252420208985 -0.0925114969858544 -0.126998557889176 -0.00419049081674302
0.0129637521095787 -0.108767834485198 -0.106488937515309 0.0202778279585199
-0.0422413777695773 -0.0912644581916658 -0.088071649179463 0.0371264519781765
-0.072302326535057 -0.0546684027754018 -0.0628602351221567 0.047934249194903
-0.080436394528686 -0.0295649014649037 -0.0494349751204534 0.0379430671781897
-0.0839565547128659 -0.0269916533011426 -0.0447799648038231 0.00510457426152723
-0.0827839997712824 -0.0300498793137226 -0.0482245958934411 -0.0235820203627402
-0.0852620440555126 -0.0433229334065883 -0.0356660765306038 -0.063418114739151
-0.0745738741717401 -0.074441671580221 -0.00471798757871479 -0.0929617754314942
-0.0277768406057399 -0.107147808018141 0.0650659809674785 -0.0749650225956448
0.0392945885935506 -0.115308471969617 0.093329906060528 -0.00617178931129914
0.102460395418177 -0.0887026162182012 0.049041037642175 0.0446607312746001
0.128889566684745 -0.036931821101114 -0.0413015103793145 0.0326859573782114
0.0941750298357502 -0.00872885401408703 -0.148427835611743 0.0422171097434006
0.0900385066675679 -0.0378512987236341 -0.126072627559862 0.00654158486236306
0.0585022370318687 -0.0692737587262639 -0.121085192275807 0.000366161589374516
0.00686391417372392 -0.0786734904915721 -0.101112485514543 0.00179149100745455
-0.0303107514484959 -0.0648570918364303 -0.101725978519678 0.0142738674159605
-0.0516870599322534 -0.0389106217356109 -0.0885013177232277 0.0312012488103213
-0.0582597005027264 -0.0232413910367493 -0.0803621718764284 0.0276557682426102
-0.0577788273791461 -0.0255943871267174 -0.0740549774877909 -0.00456279061352128
-0.055430672705554 -0.0303251206190452 -0.0718720085873571 -0.036611847616181
-0.0526243684440469 -0.04204794101487 -0.0479885446606085 -0.079086020150562
-0.0385692986748892 -0.0635473081607564 -0.00722299436966252 -0.105669788693688
0.000299480762621853 -0.0815108007778695 0.0639087272312652 -0.0798069172054466
0.0536798485475904 -0.0749933734856192 0.0822558084714159 -0.00414863239238612
0.0923027892188997 -0.0449658976096397 0.0266218947320791 0.0425050597004809
0.0958671734757167 -0.00586905161096731 -0.0787716112265366 0.0291791479344556
0.0423261646016908 0.00969915796494177 -0.166319161061555 0.0497641609687256
0.0490585321709493 -0.00900489651541301 -0.130474920936657 0.0186293166506877
0.0316120017493121 -0.0292146785672723 -0.11322520327233 0.00137752069956408
0.00601655957174712 -0.0338269795439452 -0.099043448864324 -0.00936043859406798
-0.00743061204209292 -0.0285164652212778 -0.110449786279301 0.00431448448697104
-0.0194730286337359 -0.0199980124771561 -0.104301048656845 0.0231183222895467
-0.0251949568591479 -0.0148987113919759 -0.0980654577139542 0.0205706848263258
-0.0236733640735209 -0.0206186902371417 -0.0897189666406144 -0.0125158317490086
-0.0223781003442469 -0.0229835545021442 -0.0820756896074748 -0.0494172181256168
-0.0187391803515672 -0.0290810802441003 -0.0483054759279667 -0.0932757904172576
-0.00959792016606406 -0.0415401587034593 0.00132739059613577 -0.113519278033159
0.0140174509276986 -0.048214444952835 0.0688751982309098 -0.0800899806135083
0.048889280554816 -0.0355198797433454 0.0730344881801357 -0.00493913745031225
0.0649851566646548 -0.0065622127964311 0.011265589771362 0.0325577737594147
0.0492154495321189 0.0188306839816154 -0.0997089845547613 0.0157178514786265
0.00145328987437692 -0.0296768724289183 0.121680246058328 -0.0198825060246404
-0.023048286304564 -0.0108183347498182 0.0120431981549026 -0.0546962561454992
-0.0216426040658284 0.00778067872684268 -0.0729463617586588 -0.00780527084047185
-0.00607603689419605 0.00893807820885519 -0.0914699572534413 0.0774151769716957
-0.00819119711627356 0.002951758165472 -0.0232699605521257 0.123010740063805
-0.00766027285426966 0.0048479712098864 0.0460318670938912 0.108747909332714
-0.00868002466974824 0.00859165901321472 0.0863162454602733 0.0721213488538029
-0.0149495151093864 0.0114352447519101 0.103656362258786 0.0241440309472201
-0.018720997581515 0.0105687235327559 0.104764530646143 -0.00692620504319767
-0.0237586782766972 0.00479689364857506 0.107030341964249 -0.0215230992811954
-0.0220909747510711 -0.00772436577743867 0.113375694567195 -0.00712815524636526
-0.0133971881186427 -0.0172031103651747 0.111753340157625 0.0163528028388499
-0.0130132720108661 -0.0211343793774032 0.11414357794789 0.0102278864703432
-0.00602841944595616 -0.0310169377460666 0.132913620417157 4.72306170728602E-05
0.0189632803858087 -0.0381511656863702 0.166299625389611 -0.0391756322352664
0.0543332908410887 -0.0341882146113661 0.104184277622624 -0.00760745979701684
0.0205144866526906 -0.0257717753548522 0.00736249840820062 -0.047184612416532
0.00881183360854466 -0.014981153209387 -0.0802624573888548 -0.00849163234063982
0.00551714295234233 -0.0217234004958701 -0.0976499705547665 0.0732826161664059
-0.0156441972293403 -0.0277925744160419 -0.0355748448846747 0.120071086275537
-0.0304523358849016 -0.017636091527818 0.033232171495824 0.112473010982235
-0.0386718016400892 -0.00587632959586217 0.0746288730030711 0.0767366645247036
-0.0515385000381202 0.00206424451543711 0.0906930248437001 0.0272508719718555
-0.0568519631609509 0.00118446854649486 0.0899723646893907 -0.00666412840965547
-0.0643937030545284 -0.00937205425198065 0.0899006286044596 -0.0290385237935659
-0.0608010310528974 -0.037526159899432 0.0992154255246408 -0.0260961667431909
-0.0325464714541234 -0.0645629532889552 0.110028269336971 -0.00193159191818127
-0.000861736951127981 -0.07557564697389 0.115387768786568 0.00230274279877913
0.0344669940423804 -0.0757460132927541 0.121697845605769 0.00117056894356638
0.0743818133039713 -0.0622766630543699 0.144756421538946 -0.0310420585052839
0.10287003065924 -0.0346506642557389 0.0662117095837624 0.00030558736684352
0.0674839343961998 -0.0390629290323303 -0.0106275019478421 -0.0466210642370748
0.0443695830703319 -0.0424506541843032 -0.096915887381188 -0.0118715220671002
0.0172179204820825 -0.0572584878554868 -0.106599573692431 0.0673165805646834
-0.0236311397751109 -0.0599662965679408 -0.0468741296452149 0.110247271719127
-0.0512308466119881 -0.0396471495758127 0.0169138682851975 0.105939362146365
-0.0653328458673993 -0.0191332130663665 0.0529926285576593 0.0733844350007904
-0.0805235697193556 -0.00803538470028331 0.0659310230673079 0.0260702437401486
-0.0860987716461753 -0.0071857003068447 0.062170300148224 -0.0076034851774973
-0.0975386117178767 -0.0193798023666759 0.0604995663790972 -0.0370504332736274
-0.0943892534131367 -0.0561870146832012 0.0733669621999226 -0.0474881999883967
-0.0545671355446768 -0.0981137189744224 0.103028408356813 -0.0257977706741696
0.000760240397988043 -0.119766894344809 0.116141325682315 -0.00578339968753179
0.064030875561172 -0.113127874677171 0.108831985810218 0.00922504116071884
0.116630756686957 -0.0789724760069365 0.107538999217175 -0.0149606208255221
0.137446863616537 -0.0323097596937345 0.0115738433154817 0.00735632192987128
0.107198919571189 -0.0525504140483413 -0.0411545833859112 -0.0445066329955107
0.0747685022821245 -0.0734092114792605 -0.115230177415599 -0.0132646175482921
0.0223936199286862 -0.0933674145527607 -0.113102427904877 0.0577134688559542
-0.0347068661054619 -0.0873812397891671 -0.0594821735527923 0.0929366922434942
-0.0691326889072121 -0.0552784276815135 -0.00448985261770775 0.0913483299000923
-0.0841225589928072 -0.028733870792322 0.0231316986543598 0.0646803530330927
-0.0973686021342836 -0.0161535215824085 0.0312785222922391 0.0224479377137443
-0.101997981469568 -0.015486748616813 0.0246193532816129 -0.010342677126903
-0.114351981903676 -0.0270849915100625 0.024932644461547 -0.0438034043667688
-0.111992353155557 -0.0674027727888912 0.0411055169441552 -0.0654205839538564
-0.0664196278640017 -0.117036796303222 0.0893069248766137 -0.0486126393447058
0.00432276326085271 -0.144905947118861 0.113830267530448 -0.0104352497033575
0.0840953594531946 -0.132269915357523 0.093233558879639 0.0225749004316028
0.141786379782398 -0.0823974694823633 0.0599346371760476 0.00547555129379277
0.148980890423746 -0.029232288023389 -0.0504728673026211 0.0173290528669563
0.127527718097858 -0.0617030486398158 -0.077462063410204 -0.0330574786244202
0.0895205156787896 -0.0951269830864303 -0.127719881763388 -0.0108262147618882
0.0199293783257378 -0.115389997378387 -0.114395920944126 0.0409532149397465
-0.044507948100814 -0.100438053475459 -0.0747666207377713 0.0663079666316594
-0.0791655883851743 -0.0608014079387237 -0.0325715783053989 0.070459989469156
-0.090669204503432 -0.0318865134503872 -0.0131172394004776 0.0519505859468911
-0.0998967101370524 -0.0230190470257582 -0.0080463709131094 0.0152864150631945
-0.101222413482744 -0.0243198825966204 -0.0148629435478224 -0.0146252531383714
-0.109877168888098 -0.0361738427370007 -0.0100486049351601 -0.0522835706470306
-0.105345507694703 -0.0744517905066143 0.0123384705841659 -0.080834359799498
-0.0568045392992906 -0.121231194548201 0.075906891232013 -0.0651901070321217
0.0187962637609725 -0.144067950307532 0.107835235826131 -0.0102535175959904
0.0993174040119128 -0.123494143630728 0.0737250344673315 0.0371208868152879
0.147461871704183 -0.0673244053261495 0.00730194406498635 0.0241702930864893
0.134417079808046 -0.0220359986883562 -0.109756698091223 0.0303777839564402
0.121710372631087 -0.0578077962133061 -0.109600988085943 -0.0128371962369754
0.0826418716584264 -0.0946311992306276 -0.129955762077185 -0.00464077416475768
0.0126136559279882 -0.110927920135233 -0.109899584188991 0.020562094571706
-0.0437828665297513 -0.0930178026371306 -0.0897597720278925 0.0373762614511447
-0.0738709192195351 -0.0549553193912772 -0.0634229538149511 0.0492276228223766
-0.082564720919697 -0.0297801909345403 -0.0507543539323767 0.0394455884124213
-0.0864957441478879 -0.0267884125487175 -0.0460762333024399 0.00613585579178665
-0.0852851096561201 -0.0300142346249902 -0.0492661295427905 -0.0238428205220311
-0.0879319552956776 -0.0429146430421726 -0.0362181341835437 -0.064058601653007
-0.0772723910777721 -0.0749245887146297 -0.00487252105143732 -0.094213363478317
-0.0284988891736478 -0.109355800106961 0.0671186397561591 -0.0759787720918438
0.0408766912366571 -0.117947454608014 0.0969348679056103 -0.00696675718470201
0.104747956211079 -0.0899842025742284 0.050909602748343 0.0454594509446812
0.132836977758747 -0.038620838773563 -0.0422818444988327 0.0334556651298568
0.0966356695700084 -0.00956157588511415 -0.153120089376613 0.0428695617457366
0.0922367413367809 -0.0392208424023413 -0.129072100358788 0.00612127749409375
0.06020036053723 -0.0704784546004358 -0.124058495455555 -0.00020358511878892
0.00690953354229559 -0.0801393942834646 -0.104429332090779 0.00111487432229245
-0.0315273858432515 -0.0660976605699321 -0.104347439323333 0.0150712735381926
-0.0527612519849678 -0.0390106288318864 -0.0907582683616768 0.0321464643299259
-0.0597932987984801 -0.0230157410535798 -0.0820745736937673 0.0291523686594903
-0.0597088479604633 -0.0259363395709675 -0.075127929222296 -0.00377824389317785
-0.0567613739175906 -0.0308810414856688 -0.0734940059704079 -0.0362930966552879
-0.0546047775462625 -0.0421219509545148 -0.0490522220509086 -0.0804093501198095
-0.0403969563055525 -0.0643660554015205 -0.00758722037850815 -0.107033137173133
-0.000119202183085994 -0.0832132361081393 0.065629002624295 -0.0813973779596441
0.0549805116322798 -0.0768712071482135 0.0856549845159704 -0.0034523942404004
0.0941646835573197 -0.0460843413470939 0.0278883764657781 0.0428533985659913
0.0988409744280385 -0.00617494274857281 -0.0805512555151615 0.0302101724019036
0.0431121223320548 0.0101543252660481 -0.170652108581681 0.0512498499807848
0.0503330991532956 -0.00903928886623046 -0.134133752807477 0.0185876396228661
0.0324941419857208 -0.0295649989353658 -0.115897467473659 0.000313771614163226
0.0061919925575345 -0.0344195126408131 -0.102017930284126 -0.0104231889888091
-0.00754774550317803 -0.028956813701886 -0.112829456348672 0.0045319574673294
-0.019698858575853 -0.0196219918571746 -0.106640226964852 0.0237714108050228
-0.0255247164217647 -0.0143835723670212 -0.101064425183517 0.0224238975792807
-0.0243226232073803 -0.0214712568021728 -0.0923503732093012 -0.0119197323266489
-0.022476847722482 -0.0237761310478018 -0.0847367401733515 -0.0493826911555211
-0.0194098415640835 -0.0300139598195787 -0.0494701482015751 -0.0946816948640878
-0.0100923956748765 -0.0418186138717613 0.00151381719849511 -0.115588846161836
0.0139436086427202 -0.0485770907106213 0.0707500292842395 -0.0821866203923252
0.050422121045684 -0.0365176927468198 0.0759058642030777 -0.00399063963074411
0.0662533436664808 -0.00619919087670913 0.0122773748397301 0.0337446332295214
0.0509313638983533 0.0199522938617474 -0.10223553852319 0.0171685385568536
-0.000572237229573573 -0.0307726423033908 0.124245815484199 -0.0266863525719854
-0.0243880309832295 -0.0105066122549042 0.0103179015007463 -0.0578873176665931
-0.0225051159383869 0.00868797453704495 -0.0759003723399904 -0.00681246822320382
-0.00576454176775151 0.00901590525089687 -0.0914089341594096 0.0830336777075297
-0.00836251977468855 0.00379409119459778 -0.0199094667331776 0.127189033114885
-0.00833485239051869 0.00520882945599382 0.0510743643210733 0.108957455984253
-0.00866568537063206 0.00889801471766652 0.0923336453224593 0.0696238406693777
-0.0148022837494471 0.0123048109981177 0.108422375367234 0.0194863724572726
-0.0185456868015155 0.0118194824887546 0.108427788984642 -0.0123828447241349
-0.0240337706503585 0.00645861981043887 0.109463483055604 -0.0267018762651475
-0.0232518877507281 -0.00733304936538084 0.11663766775336 -0.0120173153453417
-0.0143542261056043 -0.016893315387481 0.116703820238225 0.0126626504146702
-0.0140781712305168 -0.0210174229667149 0.117954232650022 0.00623172095109484
-0.00701719362118194 -0.0316958769107731 0.136585247633463 -0.00375335317486954
0.0185201532854288 -0.040247626927347 0.170240756331237 -0.0463274606916771
0.054120049234906 -0.0373933121140612 0.106869529020837 -0.0129105925921858
0.0198563006715094 -0.0272942715900477 0.00630826100089546 -0.0506213834276634
0.00835800300098548 -0.0161464580275446 -0.0837610854941528 -0.00678044837758119
0.00468153962342762 -0.0222552842253468 -0.0983389046723298 0.0781319001952581
-0.0180158678035937 -0.0275081200992648 -0.0324421296090695 0.12407565867038
-0.0318882995000619 -0.0168644074928365 0.0384585980369181 0.11251559651223
-0.0401451989860684 -0.00417040935343535 0.0798266963987752 0.0745493277386766
-0.0532562898553471 0.00451468081380528 0.0956244917273403 0.0228700328513671
-0.0586195503703322 0.00408884256301074 0.0930518055350114 -0.0114479911521839
-0.0673071999240441 -0.00655535599905507 0.0919912431145768 -0.0334379361150845
-0.0648825228543128 -0.0359673823188732 0.10179275543314 -0.030490996625502
-0.0362242525079744 -0.0653213993881784 0.114203591534486 -0.00576446412310424
-0.00362101003673692 -0.0775106892040627 0.118990797227841 -0.00151719161289538
0.0333236955520555 -0.0790052484426913 0.125402687843938 -0.00268754988784421
0.0745171683186322 -0.0676676601321731 0.148146015448792 -0.0368695058112003
0.104016113521072 -0.0386357496750765 0.0689274935531004 -0.00405974468623893
0.0674047594495845 -0.0427506236012235 -0.0127902456415234 -0.0493830460732119
0.0443498949630474 -0.0451106367429438 -0.100300785055013 -0.00964939683535944
0.0150648094013943 -0.059050370417368 -0.107430347264865 0.073314099363317
-0.0269989461697099 -0.0594501424139209 -0.0450717009370969 0.115056194471299
-0.053906610567765 -0.0382585294122988 0.0213866267439906 0.107247170609351
-0.0676646093067399 -0.017016424331107 0.0572084209833617 0.0725232312089907
-0.0836677841640331 -0.00445155363572611 0.0692349132634091 0.0236320435327248
-0.0889200735039693 -0.00322987650578938 0.0638885601304272 -0.0111140105771664
-0.101272968251721 -0.0147591753553211 0.0613337550357944 -0.0407087556879113
-0.0996436269546693 -0.0531181099787883 0.0737174740548506 -0.0505289257676931
-0.0602028897120203 -0.0990355026670781 0.105270739103512 -0.0301861943248884
-0.00376394952244101 -0.123026968780807 0.120474671165903 -0.010780085355701
0.0618722113757915 -0.118866550910634 0.112545335625597 0.00555920715351041
0.11749424593004 -0.0877098365875835 0.109930106584455 -0.0201827387873461
0.139352337802396 -0.0379331257586899 0.0128284118475388 0.00614243916575047
0.107734785452905 -0.0583304736010788 -0.0428594183665068 -0.0456910903662127
0.0746183534920565 -0.0780673019301919 -0.119261340485222 -0.0105137906696407
0.0189001566606634 -0.0965996857973948 -0.114957930174658 0.0628395885319551
-0.0397221218907493 -0.0873293692187027 -0.0580161325661731 0.0970459537227683
-0.0729021275321125 -0.0531943479246124 -0.00105828323369629 0.0934038272387727
-0.0871606624534129 -0.0255727443631638 0.0264423243959757 0.0647699081241153
-0.101465266037042 -0.0118088941813117 0.0335127542185874 0.0212236087766579
-0.106086655768643 -0.0114672108869289 0.0253090561104749 -0.0111160507077903
-0.118864448977626 -0.0217875904568232 0.0242536302381033 -0.0460137848019111
-0.118348392247153 -0.0633859026801733 0.0400114901054081 -0.0680061881386128
-0.073863319041919 -0.117203607136597 0.0915278068631554 -0.0530934252765529
-0.00101186883291902 -0.148569619731199 0.117845730599136 -0.0156654554462202
0.0820053057449631 -0.139159180892035 0.0970875974642423 0.0191859229338727
0.143668266006025 -0.0910689223957082 0.0611262924880941 0.00205135306192062
0.151218727133239 -0.0357900218424631 -0.0516882259875624 0.018381420207858
0.128352275545245 -0.0680251814237853 -0.0794910840222208 -0.0331607476886108
0.0884862190107957 -0.101119552685483 -0.132214534229085 -0.00689409306784608
0.0152084792459023 -0.119380815990872 -0.116561617812027 0.0460952489454941
-0.0500786870842589 -0.100773771680543 -0.0734662022642049 0.0709262399642495
-0.0825971317993526 -0.0587726872369904 -0.0309358764510859 0.0732217634114561
-0.0947209532579673 -0.028819482755468 -0.0114885248552567 0.0534486017361828
-0.103981596877782 -0.0189507573168265 -0.00759941313554812 0.0163778114448569
-0.10576035819065 -0.0202531939814036 -0.0154722584252307 -0.0145110445897264
-0.115124586476438 -0.0312720320451167 -0.01192460275522 -0.0529145978167825
-0.111465185626009 -0.0710991422684514 0.0102056490575852 -0.081694893046699
-0.0640623163001641 -0.121356022404848 0.0762137304364659 -0.0696314803442641
0.0140819158734718 -0.148431618194372 0.110802032826004 -0.0155750078809489
0.0971237117831343 -0.131167673406532 0.0776005811986369 0.0349382937116105
0.149389879826761 -0.0758104600764286 0.00848086719092702 0.0236361102570546
0.137241444485128 -0.0281139563550622 -0.111655935808205 0.0351119611146635
0.122004786475427 -0.0640132599779948 -0.112731423939903 -0.0119411186978544
0.0817784637784499 -0.100596123077293 -0.135185781818505 -0.000782079804033157
0.00843517411410374 -0.11458217204238 -0.112788053038253 0.0246923748799677
-0.0496372802171712 -0.0928083687620957 -0.0915459847545439 0.0416261808117478
-0.0771661288210227 -0.052457259227422 -0.0638301681152469 0.0524591100435437
-0.0856990581746176 -0.0264988798158498 -0.0501005211624413 0.0433426978140042
-0.0905067405197869 -0.0236565428489402 -0.046259507889255 0.00908020311689177
-0.0888281910463543 -0.0270690560456638 -0.0517618327098272 -0.0215277996306704
-0.0926191061532439 -0.0394027071339693 -0.0393648985211489 -0.0640924346540723
-0.0822426396371524 -0.0723156716887732 -0.00859834199606179 -0.0951747652231527
-0.0341805783634456 -0.11046739568298 0.0665028002156198 -0.0806738149614838
0.0373561553921209 -0.122889719870077 0.101068361814728 -0.0115380225732604
0.103699986158496 -0.0970686685679531 0.054030564687431 0.0440239436463625
0.135066722503 -0.0449719006883441 -0.0422323983170227 0.0361087869171334
0.0986728656608419 -0.0137062688453307 -0.155216148579688 0.0498040280199218
0.0929971216573796 -0.0445146315651801 -0.13304077899534 0.0101102924806349
0.0597206896481399 -0.0743632057723033 -0.128521002157291 0.00370625911347349
0.00367855177946489 -0.0825256417556941 -0.107730150098788 0.00446193352125744
-0.0349220346509035 -0.0663669967641673 -0.106967191260509 0.0187017485532093
-0.0554188516306187 -0.0372895976712772 -0.0920218747072309 0.0372824577037787
-0.0620024887448837 -0.0202381444570466 -0.08308715604577 0.0338279378448994
-0.0631431536970275 -0.0241064543629488 -0.0778299828644719 0.00138948718401075
-0.0597591962388424 -0.0291227104921742 -0.0767588595673742 -0.0327655383954966
-0.0578255393247408 -0.0402163888569713 -0.0531460965005983 -0.0794972817343969
-0.0438887597577318 -0.0632149495101491 -0.0116172811500784 -0.108395951127702
-0.00463520773179185 -0.0847943169287882 0.065241151298522 -0.0857654276979946
0.0539668283457952 -0.0813479036842898 0.0891513035729886 -0.00778475484362382
0.0945299003751676 -0.0507528187608239 0.0302072345583212 0.0429227167246637
0.101811181991738 -0.0101780474095316 -0.0814241338257099 0.0346384678023318
0.0444144163744663 0.00794064014499862 -0.174328517363758 0.059830554320212
0.050630137078806 -0.0117028773197197 -0.137366098410961 0.0230835000523569
0.0328869628873244 -0.0317820601900288 -0.119145560900997 0.00414126235759059
0.00482709647184174 -0.0352455534310282 -0.10565200372532 -0.00703376194619777
-0.00921932235568358 -0.0293899016826347 -0.115790693922078 0.00908658945628252
-0.0205416658411113 -0.0188226498078192 -0.108900106111484 0.0293389926930067
-0.0270572375077334 -0.0132106402869942 -0.102480419278425 0.0281728599851996
-0.026429893328319 -0.0211150949719089 -0.0955581484509192 -0.00747579005183273
-0.0242950893211782 -0.0236737636076112 -0.0885958279423904 -0.0460428993166026
-0.0212348813542328 -0.0303118987944814 -0.0544056270346903 -0.0948233373154462
-0.0115483760411389 -0.0423773436959158 -0.00293848656603696 -0.117638964514855
0.012416049166807 -0.0502972203910117 0.0695293932669709 -0.0862917703369512
0.0508033622468026 -0.0391093730994006 0.0796361040563099 -0.00761037572470356
0.0675831223333247 -0.00852346372993878 0.0133743260606601 0.0333382687853522
0.0525967078268874 0.0183795038677114 -0.104050256560055 0.0219130482186143
-0.00270503574209747 -0.0308700494415079 0.121448916147699 -0.0357593653292479
-0.0252821095910109 -0.00894576043051569 0.00656662732698189 -0.059638473429264
-0.0217703164908405 0.0103604272063966 -0.0766639643065579 -0.00246087261259665
-0.00524383007263166 0.009833204660667 -0.0865355190656835 0.0881404883350632
-0.00874735441472146 0.00478444793470857 -0.0126599384092724 0.128043127687128
-0.0082079394114337 0.00597896996598885 0.0566024212450195 0.103709267939948
-0.00757070354673723 0.00966103629053972 0.096425367775508 0.0618435606500405
-0.0141196790755344 0.0133853085059651 0.110120128116571 0.0106566749681847
-0.0175839813291994 0.0134794283681928 0.107770078742445 -0.0198240171897086
-0.0233012461582418 0.00803072868469866 0.107756688852933 -0.0332569496248648
-0.0242400317792091 -0.00565804376947997 0.116334347447675 -0.0188495675053841
-0.0155486459519704 -0.0165783344240242 0.117874143125554 0.00560990567882468
-0.0152324843897404 -0.0198435531852606 0.117322647968624 -0.000253640058400622
-0.00843981548076091 -0.0309602559748029 0.13677817319398 -0.0109672974877426
0.0159207022838764 -0.0415675412646361 0.167840004117289 -0.0566543665907429
0.0514824726319908 -0.0404587028827984 0.104914455385491 -0.0215640900347549
0.0175463331856596 -0.0280712600479787 0.00339138954400822 -0.0525627013136609
0.00773084910365239 -0.0165669172332614 -0.084817525475045 -0.00217257765185172
0.00335050715102435 -0.0223450015414421 -0.0936850631339616 0.0839519782551616
-0.0195359346936989 -0.0255178488218816 -0.0257834311260012 0.125075712557806
-0.0325781999238841 -0.0142305394211947 0.0443865934451869 0.108483758321687
-0.0399802627644703 -0.00171057520618623 0.0842147255076618 0.0679840184981218
-0.0527670100175192 0.00813585384043621 0.0974906783304398 0.0158891446344652
-0.0581612334709924 0.0085292687371531 0.0925423561126492 -0.0183700608630117
-0.0674289615546592 -0.00138459748730396 0.0903327615600293 -0.0395890406797498
-0.0671836441667449 -0.0313994082039199 0.100071287812252 -0.0354906769379215
-0.0398564962902757 -0.0621579604798281 0.11444988095288 -0.0128778697154825
-0.00793704664279843 -0.0770646245553969 0.119067216855665 -0.0094424238601861
0.0289017098893899 -0.0810037995333507 0.125427933075461 -0.00976276241673782
0.0705725833921314 -0.0725497647020146 0.145354267450938 -0.046857079476354
0.100159016240044 -0.0446123910522597 0.0679474029298603 -0.0096851499311071
0.0641462781383226 -0.0462908474221562 -0.0154406032118758 -0.050849304336167
0.0418469950137928 -0.0483034680006923 -0.101419075205361 -0.00403862471542083
0.0110988960298049 -0.0595956147492026 -0.103589605653141 0.0787564656943781
-0.0311712543464154 -0.0570137958986529 -0.0379134509420287 0.117167867856542
-0.0560462663386132 -0.0339226127459697 0.0275189161559777 0.104751138402454
-0.0684718307390131 -0.0118826827015146 0.0616615292484287 0.0675158221226695
-0.0841542894660483 0.00233240272066063 0.0714105905515151 0.0186756635810091
-0.0892434881415713 0.00358314054171306 0.0636750108534519 -0.0157506598794755
-0.101465816753756 -0.00719546796664844 0.0592224845665046 -0.0452359866653344
-0.103592836045556 -0.0460078507949877 0.0709588986499172 -0.0543360212417862
-0.0665884914222379 -0.0943655599688695 0.103730128780119 -0.0367017919869338
-0.0105436980622152 -0.12281577555915 0.119217897262643 -0.019015273952127
0.0545654633565641 -0.122595094177547 0.112512720755398 -0.00169918824146173
0.111899027020009 -0.0952384930028528 0.108477189523845 -0.0282088373417019
0.136045453141411 -0.0469598325714649 0.0130544153452296 0.00377162839990702
0.103282104660693 -0.0642750659104549 -0.0460021766541256 -0.0459501866008471
0.0702723915543334 -0.0821759753258866 -0.119843144727832 -0.0041407394817735
0.0121967629307784 -0.0975853060164259 -0.111204987705642 0.0694085194022471
-0.0452605508707232 -0.0836582794793541 -0.0526124818696918 0.0998371238363623
-0.0754362784518353 -0.0477987296097273 0.00415928841118712 0.0923880891216053
-0.0883949975062656 -0.0187002218281444 0.0301624129281359 0.0616437513472681
-0.102058792001716 -0.00474610695744925 0.0353404310060814 0.0190696414153119
-0.106279923421956 -0.00351905159295577 0.0250127623537259 -0.0132312038524782
-0.119092239660156 -0.0131426017541339 0.0224968194370231 -0.0480595847497821
-0.122432393721752 -0.054963744372156 0.0364380336044488 -0.0685857639737248
-0.0815424021355896 -0.111740784828509 0.0885076884760228 -0.0575322345390614
-0.0103170906155995 -0.148718780052131 0.116321626772814 -0.0238617456702907
0.0730806789860001 -0.14383606318764 0.0980620292138403 0.0129601039657867
0.137118575375308 -0.101232595641016 0.0610223130907784 -0.00174197006469339
0.148523509259818 -0.0445679886816195 -0.050135176056128 0.020590603181527
0.122922541022471 -0.0757667507296074 -0.0809985190873071 -0.0304681454964039
0.0826408904228399 -0.106061239595138 -0.132913130224541 0.000492746240794356
0.00717975058976197 -0.119673020696821 -0.113693216800773 0.0519310179389602
-0.0562184270607759 -0.0964659815842671 -0.0699250380484792 0.0747839587492667
-0.0856265070725008 -0.0523132098629255 -0.0260997059000302 0.0742365416420023
-0.0954185173646721 -0.0212576117758906 -0.00774634213699316 0.0538165520628272
-0.105375895468017 -0.0113245725310854 -0.00615263448510406 0.0171368925056301
-0.106147641056374 -0.0124600090198682 -0.015872095307944 -0.0130578509576451
-0.11655199564777 -0.021746365108115 -0.0139536365784294 -0.0524520797567636
-0.115464933646444 -0.0621216641597854 0.0055299232154548 -0.0802973616867369
-0.0717396727789204 -0.115971685066473 0.0720989342394478 -0.0741315096393357
0.00492682616548161 -0.149116624120235 0.110670041114172 -0.0233821458743861
0.0885982627881043 -0.136263133265775 0.0794034925870971 0.0292871710237952
0.144421173731952 -0.0861594503255425 0.00927154927690836 0.0232657969874088
0.134290739898874 -0.0360937411130761 -0.109004137289637 0.0405843295389106
0.117711747578014 -0.0718795808368924 -0.112195582806012 -0.00692664021219887
0.0760051423343921 -0.105585762447785 -0.134674489506933 0.00682143078487206
0.000522294425697069 -0.114124505405528 -0.111659073509319 0.0304356834929043
-0.0557499472601235 -0.0885949519828045 -0.0892976302229076 0.04656861359263
-0.0796167177482967 -0.0468894356733521 -0.0606838720094633 0.0559671842233879
-0.0866531481742016 -0.0196632627544402 -0.0475638796584547 0.0457654705616529
-0.0919586920407663 -0.0167459367467045 -0.0452601799351128 0.0128786023256723
-0.0904086215742173 -0.0209564629094824 -0.0520876129966096 -0.0169899629408313
-0.0941523321468404 -0.0318388966007098 -0.0426154329264104 -0.0615198757775709
-0.086555650827459 -0.0662001847654739 -0.0140121957556972 -0.0928627426441306
-0.0418736203877536 -0.107280220516891 0.0624622130884741 -0.0840963041371936
0.0302660799665743 -0.124634062920648 0.100721706108919 -0.0187187522496481
0.0970206192743103 -0.102822447950842 0.0566928688339223 0.0400728163419237
0.132548144264757 -0.0535115859707222 -0.0397465485212671 0.0378908121075352
0.0965737286258919 -0.0197242959130346 -0.151888705720095 0.0592925969141115
0.0890528671021325 -0.0502660483888829 -0.131113422922356 0.0168605856760115
0.0555641496390744 -0.0782390474061255 -0.128063640457782 0.0111478843789653
-0.00164156111563438 -0.0818621327456589 -0.107976805232769 0.0102224029385098
-0.0397230251777997 -0.0633160065057707 -0.105271989643093 0.0247783729953856
-0.0569547145982924 -0.0331943811607384 -0.0894646549799656 0.0429095805499016
-0.0626004950414136 -0.0152810360783041 -0.080311115088021 0.0394778553380294
-0.064767121044111 -0.0197344284432569 -0.077833383853577 0.00717782090153611
-0.0617575035302183 -0.024857748351653 -0.0786007779117244 -0.0268124598103097
-0.0601409455532319 -0.0354796211104942 -0.0579367489593186 -0.0756041044215746
-0.0475081691020145 -0.05943968186714 -0.0181166389090294 -0.106167477025415
-0.00920963504617336 -0.0837233987474174 0.0600017217244433 -0.0894483308179767
0.0493671429479569 -0.0837415134382 0.0894645267008873 -0.0142255011855576
0.0913396459363458 -0.0560155419986905 0.0325258943234836 0.0406541452848662
0.101022568611229 -0.0166562472901713 -0.0787676127410659 0.03944744470063
0.0444379741446216 0.00569760669730446 -0.170634766124254 0.0701133380359104
0.0496122866447148 -0.0149672656956439 -0.135843354009478 0.0310180094169786
0.031400490001083 -0.0331229099498604 -0.119932377450504 0.0108321685816515
0.00204455802394192 -0.0351089761366841 -0.106678366267387 -0.000877838314827665
-0.0113879174758575 -0.0287736322163811 -0.114569606559987 0.0151092698178708
-0.0207674009409436 -0.0172681241168013 -0.107175728910686 0.036521004575595
-0.0273634554283063 -0.0110211927205617 -0.100528020246884 0.035158850484103
-0.02845018388122 -0.0190856442717862 -0.0969334023416704 0.000501327099451927
-0.0256034296923175 -0.021297126854363 -0.0910848460161972 -0.0391430821786065
-0.0229829109400243 -0.0283231447239501 -0.0602330209124388 -0.0900848114240215
-0.014284924049051 -0.0409925231859016 -0.00982446994608261 -0.115828080148056
0.00846190512772278 -0.0506958049441019 0.0648120832550289 -0.0904316488001545
0.0485434239480389 -0.0419041874538621 0.0797225710477581 -0.0126855853730084
0.0665759765920699 -0.0127154797280483 0.0157542605618753 0.0328951924696786
0.0537993438013494 0.015046671330582 -0.101927906640547 0.0295083606683829
-0.00422230496245278 -0.0292069930373448 0.113548843781983 -0.0419281944630761
-0.024140393403107 -0.00668227870526181 0.00294649176719559 -0.0588032290480715
-0.0205219769765029 0.011079135966482 -0.0743237447097807 0.000928125371202444
-0.00473201125160617 0.0091487197800994 -0.0784421904651781 0.0889684895383029
-0.00756725165170099 0.00533992467187341 -0.00589949887614009 0.122749950477073
-0.00774672621734825 0.00606973546916042 0.0583941605085694 0.0963994722821792
-0.00714669560050691 0.00903527659232952 0.0951106468775534 0.05355781086576
-0.0132317505662694 0.0139784871818623 0.105988787322669 0.00306423835026517
-0.0158245424002524 0.0142123224045974 0.10255090260782 -0.0258937384406244
-0.0217447742666297 0.00915689689302957 0.10222680806734 -0.0384482716043507
-0.0235436835675064 -0.00425632071835054 0.111148622312208 -0.0241778872578916
-0.0155790830999503 -0.0149495552150837 0.113775659897981 -0.000694714621019454
-0.0154854683744788 -0.0180720139829438 0.112539403538372 -0.00576400079021476
-0.00898779259372999 -0.0291948054371307 0.13138284927883 -0.0165191206340136
0.0129718737687768 -0.0409043473192042 0.158006220046021 -0.0622769777399737
0.0465130614917578 -0.0413505788487065 0.0993916590799695 -0.0271755332597318
0.0156047680272344 -0.0275197107924655 0.000123118025379681 -0.0522484536823202
0.00637698428583949 -0.0157396314824694 -0.0816521360785606 0.00149920381076254
0.00225091650408595 -0.0213697197472209 -0.0861058908769894 0.0851556918976834
-0.0198828475045425 -0.0229258248999383 -0.0180803915549705 0.121229075345445
-0.0324678351040645 -0.0117701609606726 0.047407204000002 0.100721597095692
-0.038616544959079 0.000469606185184015 0.0841460742759606 0.0593948269888077
-0.0503258467626763 0.0114347115881112 0.0951137562687818 0.00819792511864792
-0.0551243578278964 0.0115909673135382 0.0881512440367361 -0.0233398928489614
-0.0646029592744725 0.00297729075515472 0.0849219591030544 -0.0433285103828372
-0.0665726622205309 -0.0260139315494434 0.0945496191978055 -0.0394905560846231
-0.0418374902378306 -0.0572043987538081 0.109075525716248 -0.0179959973350747
-0.0116486317678406 -0.0735975294384419 0.113135412380454 -0.014586648196583
0.0237119343775653 -0.0791666282977795 0.119761294915527 -0.0149700375216487
0.0638162302331208 -0.073758579706146 0.137195271515438 -0.0526221248731673
0.093737717234624 -0.0480938973672501 0.0640265513153063 -0.0143680319591518
0.0590893870756213 -0.0473642322464306 -0.0174737191619387 -0.0497285568551447
0.0377535420752728 -0.0475518863442235 -0.0982225241204565 0.000818762754717024
0.00747726914136126 -0.0572167534266436 -0.0957788617201825 0.0808697421143556
-0.0328718624005054 -0.0523050625022966 -0.0308692956174729 0.113457771336631
-0.0551905885513412 -0.0290405552049067 0.0307378160579581 0.0974821207089733
-0.0662297510238999 -0.00786920899746869 0.0630794692010132 0.060612110987841
-0.0804002337392883 0.00685014328796812 0.0698847928466427 0.0130884246045776
-0.0854703537935205 0.00842923770099007 0.0601069392680234 -0.0190092119150998
-0.0976496009142448 -7.20748663353494E-06 0.0555868763322288 -0.0465788126103824
-0.102226562430771 -0.0378242570522184 0.0660830622598221 -0.0551178327354818
-0.0694876667611179 -0.0866337933722572 0.0983040932328947 -0.0407341153287105
-0.0165843650467139 -0.117168772713084 0.113727848118867 -0.0246647062504695
0.046195377619348 -0.120015264559838 0.107441808453987 -0.00683931339005102
0.102536230632135 -0.0977661831427082 0.101892984633261 -0.0323665980380508
0.126924300078137 -0.0515349200012483 0.0127243314257293 0.00146561625410981
0.0950896247273957 -0.0667942152169276 -0.0460853806164768 -0.044247549269002
0.0627977448540673 -0.0824537742452476 -0.116423118366196 0.00194073111230743
0.00662821221305543 -0.0931487430246167 -0.10382337033274 0.0715221608112633
-0.0479292604085305 -0.0766688423316952 -0.0460665940310895 0.0984926806528662
-0.0745953233293354 -0.041569331012427 0.0086703031394385 0.0869395461004769
-0.0851165455817573 -0.0133245433969472 0.0323004627880338 0.0569061947328333
-0.0983606314797822 0.00199102706632608 0.0350574299227463 0.0152358172516691
-0.102412629740578 0.0029098855877126 0.0234056445463739 -0.0143299256702274
-0.115093612461676 -0.00456748766776392 0.0188648987460727 -0.0478854525661915
-0.120268363061098 -0.0445049624954523 0.0323116806807605 -0.0671446358724191
-0.0843103476917592 -0.10210624505449 0.0822162747798257 -0.0607351266183714
-0.0177334768567352 -0.142336776338004 0.110630155767002 -0.0295678819068918
0.0629020000514464 -0.142167504104649 0.0946830692520699 0.0075522418622861
0.126394740658203 -0.104920364620319 0.0576406483909097 -0.00533812433310197
0.139572859609312 -0.0506859162370766 -0.0468707510227762 0.0212815882958202
0.113294840771277 -0.0788588900013346 -0.0786173547328083 -0.0274090195691547
0.0739800569597217 -0.105768311707839 -0.127553552784129 0.00696334987464168
0.000214402462584902 -0.113762311750486 -0.106759243108979 0.0555423594241707
-0.0593662739358733 -0.0888669997165089 -0.0640314380669813 0.0745521475267714
-0.0843168890050223 -0.0452600915166701 -0.0215521381242503 0.0721406549242985
-0.0918858921424993 -0.0149115770140331 -0.00476286053118227 0.0517040436278695
-0.101339449053145 -0.0041891485675771 -0.00490679326021496 0.0169808322044523
-0.103086464396713 -0.00511046162233663 -0.0150483916149806 -0.0114140617275609
-0.112317040362661 -0.0133386319099809 -0.0161369925971129 -0.0495643266489717
-0.114359101233065 -0.0519154782083998 0.00168542918051108 -0.0764622419412381
-0.0750665351805055 -0.107037855614212 0.0665778711237088 -0.0745279829673597
-0.00309504082704723 -0.143138582084626 0.10506324692774 -0.029667574927867
0.0780331495526637 -0.135844413468824 0.0771251421456216 0.0241124477178237
0.13405582747472 -0.0909725378383128 0.00922723502253117 0.0211503085358038
0.126570855734272 -0.0410570739741209 -0.102201112276995 0.0437595557933398
0.108578962333536 -0.0745511529650129 -0.108263782906459 -0.0025829667093335
0.0673855419446723 -0.105123524658513 -0.128515174484609 0.0137645164078053
-0.00566409352823512 -0.108640496137711 -0.1063468400825 0.0336379924039763
-0.0583431775408312 -0.081791502130366 -0.0834563594424996 0.0486032096348192
-0.0784272939871272 -0.0406658318532825 -0.0547886864316755 0.0569114893919763
-0.0835815849243653 -0.0139422895527765 -0.0424777669996215 0.0463746009162628
-0.089754768703116 -0.010375132152338 -0.043203484741793 0.0153844027221177
-0.0873323141761761 -0.014562864296643 -0.0504331086015881 -0.0134176493087842
-0.0916275321966052 -0.0238863818372972 -0.0433457904768394 -0.0561059753114854
-0.0861876433264151 -0.0576056606966153 -0.017628099594948 -0.0870511311507528
-0.0459738161749504 -0.0999446085567776 0.0562072589443283 -0.083334378392731
0.022793293159366 -0.121072830898136 0.0965584866445496 -0.024018931639376
0.0877565957263832 -0.103151927415228 0.0558079333489633 0.0352636057658463
0.124029224372801 -0.0590584691273429 -0.0366981264341824 0.0387282122933273
0.0914711206159492 -0.0233819611046513 -0.141803278218888 0.0644885602495083
0.0820573873733129 -0.0527723102723699 -0.124668805100783 0.021272229248096
0.0497897463392187 -0.0775483120646881 -0.121767939739684 0.0168400353067955
-0.00649805815334253 -0.0782540698654178 -0.103756111989508 0.0144632569117568
-0.0418105072393973 -0.0578548803244384 -0.100532092403227 0.0284434914243481
-0.0558046159149835 -0.0287588355706482 -0.0836704947510137 0.0460157990609915
-0.0600023704917323 -0.0113959067259739 -0.0748499331129132 0.0424862805922967
-0.0639511822647844 -0.014696403301442 -0.0739860724932789 0.0120871516826331
-0.060633521085401 -0.0201266307229012 -0.0760575261293248 -0.0205565054220523
-0.0593434979468172 -0.030181647934399 -0.0591955118367051 -0.068568216895677
-0.0487519345654374 -0.0537879479985986 -0.0225952331678549 -0.0997484679117489
-0.0134076012545465 -0.0787092112287736 0.0535174633378443 -0.0887055404091867
0.0431487161138321 -0.0834820038883528 0.0857628012266874 -0.0193099993149275
0.0844510455353365 -0.0582730964693185 0.0334686347870038 0.0368628153473812
0.0955679261885833 -0.0213173424439599 -0.0731178879957078 0.042513217690168
0.0423956432027806 0.00308507445993445 -0.160047493594093 0.0766226103710404
0.0461439153994007 -0.0170867140844083 -0.128836384040231 0.0363272417065735
0.0286558301823153 -0.0332706407735086 -0.114014326342441 0.0162009515082681
0.000433148091782151 -0.0334858754879494 -0.102671947380761 0.00331222314177193
-0.0128658804485597 -0.0267594180487181 -0.109785303778605 0.020437956485482
-0.0202339391517276 -0.0149083488320165 -0.100394192280042 0.0411019804342092
-0.0263286577131941 -0.00923310172014647 -0.0941222381684531 0.0398408715767226
-0.0282305228898568 -0.016588840722687 -0.0922334201515761 0.00729727960070384
-0.0258349309670429 -0.0199333434453913 -0.0885228459370016 -0.0312205871180073
-0.0233035619042564 -0.0257176108231271 -0.062229807870931 -0.0828382969098655
-0.0157525576558299 -0.0375946081329679 -0.014973252697573 -0.109645324769663
0.00549441937426776 -0.0485895173740747 0.0581216889743642 -0.0887991808949599
0.0449593936007523 -0.0430433586319753 0.077137217857475 -0.0163792409133851
0.0631837381749569 -0.0152446124920272 0.0163479798498245 0.0306291615693412
0.0524370227105241 0.0119835945970405 -0.0953367425976975 0.0343424034121488
-0.000463329704447734 -0.0267108085847184 0.110351432261581 -0.0285631540577123
-0.0208809531908642 -0.0092059943425566 0.00835682462450301 -0.0570000703204147
-0.0201293886599098 0.00760850042281737 -0.0701610038521589 -0.00930137035547227
-0.00562495224134808 0.00789530557044617 -0.0824448208587339 0.0718452615739135
-0.00843858753311722 0.003729235411655 -0.0197212601962654 0.111667572168712
-0.00906841072446573 0.00458180414446597 0.0426342791164765 0.0949162449950628
-0.00798215147591604 0.00683061845614697 0.0828597149429617 0.0589391237765011
-0.0140200333334015 0.0114189920207259 0.0996291140318457 0.0137951014748975
-0.0168169830457586 0.0106267521255775 0.101066668690849 -0.0132510609451886
-0.021622071005083 0.00573097372154267 0.102340626637675 -0.0243637671604539
-0.022626320194814 -0.0072593770335053 0.109657129709082 -0.00939909582723714
-0.0146358839028061 -0.0172403785290776 0.109808803230448 0.012919937053239
-0.0134127597368313 -0.0201360872680024 0.108102255421311 0.00991754336668754
-0.00545886131502977 -0.0294905179373616 0.127684019944727 0.00143604009356878
0.0162017270834713 -0.037865369191691 0.161019870729562 -0.0405077817881683
0.0473251867717439 -0.0318963982639569 0.0976373663171087 -0.0143185480101126
0.0177822438256906 -0.0226247075734587 0.00694687410861218 -0.0503184591982178
0.00824577030788061 -0.013240824698932 -0.0752531459858787 -0.00896613338627638
0.00508339779514839 -0.0199184561968119 -0.08762570504001 0.0680392973973969
-0.0154071822156254 -0.0240558357871286 -0.0301159716865553 0.108350300212624
-0.0291794520367222 -0.015358513829143 0.032349861466423 0.0963045885053266
-0.0364733870614768 -0.0046894643192477 0.0717581699720686 0.0634822562318701
-0.0492761237152596 0.00469875805103047 0.0879741324885251 0.0182444400040934
-0.0535560687824058 0.00426736006240898 0.0873331576454401 -0.0122710150803065
-0.0611385031063486 -0.00482272308511318 0.087103748855262 -0.0313148346943239
-0.0603397061892399 -0.0325107940444394 0.0969120630100301 -0.02420682448557
-0.0340863169756507 -0.0599216438467678 0.108499602888396 -0.00278725620201984
-0.00406512025524053 -0.0724529728491343 0.109066289366523 0.0023532391136954
0.0307709569819192 -0.0725805054106889 0.115396242199921 0.00369663394158056
0.0687689771646414 -0.0640401935332093 0.137974040016382 -0.0310198605738488
0.0910706240483986 -0.0329369908833812 0.0655917955551019 -0.00293092564986872
0.0597288565784531 -0.035391393955958 -0.00726040073501626 -0.049432920655588
0.0412504884259642 -0.0387485854134038 -0.0878513380208027 -0.0104676769894617
0.0150450470102308 -0.05207395475822 -0.0941624267036278 0.0626182268776048
-0.0227940629964899 -0.0530836289608056 -0.0390223745169813 0.0997392017393626
-0.0477188382854521 -0.0345042029184794 0.0180211838369462 0.0908871494757578
-0.0608855369271831 -0.0160128771101029 0.052612119175588 0.0615690128994871
-0.0768714044414508 -0.00251197406712064 0.0635861840645048 0.0197932047721568
-0.0821412185120306 -0.00152798143493487 0.0604933359039243 -0.0110040138509166
-0.0919334966405236 -0.0113131210801464 0.0605903459890946 -0.0369195891139573
-0.0927315993975388 -0.0470475995940849 0.0731930309013497 -0.04127964448099
-0.0569662969009095 -0.0898711823925625 0.101392527728236 -0.0241042886014519
-0.00409428523939983 -0.113821977462308 0.110273995943386 -0.00581168824859961
0.0568616851776204 -0.109287973043084 0.101810476013535 0.0113947549821796
0.107997872111045 -0.0825299043367022 0.100038964443006 -0.0141913405806191
0.122489119428257 -0.0316143229382869 0.017790039190349 0.00783058973285863
0.0950758382561328 -0.0481338782017439 -0.0323807601551067 -0.045492022183831
0.0687638417896992 -0.0677504071932502 -0.10208263574884 -0.00993233541744459
0.0190697155143784 -0.0854913520527889 -0.098917981359899 0.0538452625757775
-0.0335751289501192 -0.0778628995948964 -0.0497492514542568 0.0836372697971338
-0.0638285990928242 -0.0480024014731467 -0.00119751956497503 0.0777955127301743
-0.077949036913319 -0.0224119596876766 0.0248977217452431 0.0551554266267439
-0.0938148360592368 -0.00889666239036009 0.0311763044353292 0.0187976706478252
-0.0969156178544338 -0.00860040472587196 0.0260841525229374 -0.00995516361703229
-0.107058459374595 -0.0165566906483755 0.027061146621047 -0.0418962327428636
-0.108234880244392 -0.0554685217078006 0.0433229013249879 -0.0561634781292355
-0.0685962965693045 -0.106238760816931 0.0884134473983133 -0.0450492902425001
-0.00163281015437463 -0.137095497138504 0.108222901680162 -0.0111725120721469
0.0748997673137667 -0.127421512497446 0.086668700071979 0.0246694739619419
0.131381023910706 -0.0864423234040364 0.0535055053424878 0.00810618441341638
0.133299211181311 -0.0293126210299061 -0.0385953579802281 0.0210201203137911
0.113664932708229 -0.0567559107994242 -0.0642399715422801 -0.0335258415272281
0.0820814772360698 -0.0876891160374123 -0.111133476511767 -0.00624162753540456
0.0160105790339968 -0.105186384225666 -0.0994521918686677 0.0381737321447978
-0.0422127418767539 -0.0904078405365285 -0.0630231156063464 0.0601020632671244
-0.0718383448197618 -0.05315224553363 -0.0273430155491194 0.0606421971621345
-0.0837913005318715 -0.0243702033811093 -0.00899160912938665 0.0467874648288515
-0.0959076538930626 -0.0153445305188385 -0.00611568703785561 0.0160011402653751
-0.0964037478495297 -0.0165825563780707 -0.0116549228159391 -0.0108928648488666
-0.103479677193055 -0.0243499193799987 -0.00648901055859149 -0.0464956016527802
-0.101437492789192 -0.0614539231985943 0.0154758491086007 -0.068503290595986
-0.0595047741980816 -0.108968575676607 0.0750291103700151 -0.0601481679072845
0.011674464086767 -0.136787634530543 0.102401723058685 -0.0112890459390142
0.0883474340653543 -0.119549068515118 0.0675019841765876 0.0380297799210198
0.138061446575522 -0.0720373282207436 0.00309250826485259 0.0280218922911991
0.120520864754627 -0.0224829258790149 -0.0927108339233881 0.0353627793545803
0.108241275637764 -0.0537334295243723 -0.0939571054091862 -0.0133618635209589
0.0759956667270997 -0.0876832851194208 -0.113012898697179 -0.000921704396888618
0.0102294153761984 -0.100928177136864 -0.0965039415421984 0.0182782205709842
-0.0423615409316779 -0.0841069195673115 -0.0788384346713093 0.0333197873723042
-0.0666243265212893 -0.0475193905881593 -0.0565311422981336 0.0431961424351853
-0.0758296470128571 -0.0222981733345205 -0.0435763968909416 0.0383968861417536
-0.0839410757553369 -0.0197148883634906 -0.0425967257023991 0.0105919210809894
-0.081055451775398 -0.0231322137399824 -0.0444338041458305 -0.0168940039011004
-0.0824372321230629 -0.0324439526744542 -0.0323723735193556 -0.0562262619098444
-0.0746706978865169 -0.062638789370324 -0.00333624047147237 -0.080782953982877
-0.0334420639052425 -0.0982430083041963 0.0654903471120164 -0.0702786037865627
0.0336426880247875 -0.112861411497137 0.0931531592713542 -0.00874868052809021
0.0937820020603905 -0.0879540997742436 0.0454128842121457 0.0447209163530754
0.125054201885806 -0.0428732256652912 -0.043043883495782 0.0385117292243018
0.0856899245382611 -0.010736676170719 -0.133894178859933 0.0491561067597512
0.0815047697316702 -0.037528269680592 -0.113588682323251 0.00764975729358152
0.0560712938270293 -0.064970668620644 -0.109377986303463 0.00263615133968263
0.00485580150084758 -0.07272940969927 -0.0928497342971949 0.000803252157090002
-0.0307188344589054 -0.0595902185746495 -0.0928022548442396 0.0137731440289475
-0.0465932237528345 -0.0339306012531343 -0.0820992672690889 0.0311572529214808
-0.0542607532195678 -0.0174534431719361 -0.0734197930679986 0.0317921616868307
-0.0591299555821302 -0.0207603796860912 -0.0710403517622354 0.00436474521636
-0.0545105149998796 -0.0259174083401431 -0.0679441382266483 -0.0265776457842321
-0.0514265131629915 -0.0343047245056758 -0.0463571506356961 -0.0697253251624903
-0.0395623553998739 -0.0550163987483148 -0.00768422611681511 -0.0937571829418602
-0.00476338958912192 -0.0746364664485486 0.0624151890530144 -0.0755713872020009
0.0488288626151644 -0.0751748933707425 0.0820868771678492 -0.00600786043087537
0.0862785239197188 -0.045752177157805 0.0233998779294208 0.0421234188486903
0.0941345362416961 -0.00985502503739823 -0.0785743698114613 0.035689241010885
0.038110197337434 0.00765077856827522 -0.154805130421967 0.0558566692962302
0.0446573903724447 -0.00952950354865599 -0.120442807281401 0.0214538962369722
0.0310529014865362 -0.0271318162944068 -0.104001491234225 0.00284433673853554
0.00510564640582065 -0.0309473994279203 -0.0931796574091607 -0.0092568376263164
-0.00831164602440419 -0.0266373570622688 -0.102137002403927 0.00591324557143733
-0.0156206348632338 -0.0171956341726015 -0.0975628810799899 0.0265036637242437
-0.0228081750321613 -0.0113101775192464 -0.091418163584579 0.0283806655218636
-0.0256357094912888 -0.0184879125619644 -0.0876615080813838 -0.00268891813613859
-0.0219271083669229 -0.0214655655125228 -0.0797313378227424 -0.0382612157651871
-0.0187918893585226 -0.0264218430709505 -0.0485177475124068 -0.0832266231499344
-0.0105805751366182 -0.0364335777295269 -0.00113628587173369 -0.103342721097163
0.00999019253961628 -0.0439523654391796 0.0660233732874499 -0.0766969613439507
0.0463117882463794 -0.03655970447832 0.0741748378869789 -0.00556755993053144
0.0609411779378281 -0.00763048409327226 0.00947349048327677 0.0319794039658883
0.0493863193676435 0.017321019474942 -0.0977490406318475 0.0231749942728491
3.45370678567275E-05 -0.025696576797604 0.106206630526324 -0.0257281026687847
-0.0199275137699571 -0.00945265854977614 0.00840063644533286 -0.0549227827302656
-0.0193373688863646 0.00660680377290996 -0.0680845782247447 -0.0117359216997627
-0.00585226627137979 0.00736844711934383 -0.0817179966941946 0.0669827754325176
-0.00812785163718674 0.00398381268092646 -0.0221660186060591 0.10695226598258
-0.00887366499805372 0.00448754048819522 0.0380007305783758 0.0907029484083994
-0.0084728784996355 0.00606843968963865 0.077789166625506 0.0572024801592653
-0.0138212112108031 0.010427048303412 0.0957603420611107 0.0138915191967302
-0.0162141295848639 0.0102922886013649 0.0978196004758265 -0.0122258191183049
-0.0213292527020246 0.00526570719609512 0.0989220070972446 -0.0220864631788147
-0.0218013815179709 -0.00728985014636672 0.106028033990789 -0.00642645316810502
-0.0136044483767017 -0.0168435243383705 0.105786146044684 0.0156782526112382
-0.0127547550517179 -0.0201978025798371 0.103480548341364 0.0125647687899431
-0.0042005068055898 -0.0283579704158407 0.123056783726617 0.00526908386649344
0.0161466803601831 -0.036614242044399 0.155691729794296 -0.0351980155929003
0.0465388158907194 -0.029013267104938 0.0936418746055521 -0.0123583359758226
0.017329005630684 -0.0216234507003296 0.00667849385602648 -0.0497762550676315
0.00856995921879611 -0.0125447984430497 -0.0727029975182388 -0.0107401366695295
0.00456099989877329 -0.0188445941020069 -0.086221935479652 0.0628905255975346
-0.0140088399582797 -0.0231573238957773 -0.0319096284404109 0.102810035173468
-0.0279512488095032 -0.0147500789782658 0.028431039428167 0.0926506673985034
-0.0353624423969723 -0.00537928910480808 0.0673841608971825 0.0615737627487359
-0.0473446840681472 0.00395617671722209 0.0845668534387665 0.0178026565017339
-0.0515510465644029 0.00372176966659778 0.0843166395796753 -0.0108635154732962
-0.0587282725811556 -0.00510461533615742 0.0845603307708289 -0.0285088495683443
-0.0573811479691743 -0.0318647770484473 0.094057110536421 -0.0209257996291325
-0.0317357078995539 -0.0587138814883984 0.104505178174125 0.000354687087675305
-0.00219217537503855 -0.0697053914901309 0.105077171739816 0.0051664801047723
0.0318635074398424 -0.0693529620974351 0.111653864257063 0.00637946775117866
0.0673405353678601 -0.060244477219157 0.132817556713566 -0.0271677367691543
0.0878910733096276 -0.028641060584428 0.0629399116847749 -0.00286531900375733
0.0584134856595498 -0.032271361242484 -0.00632385459883462 -0.0492481413568266
0.0406357306407185 -0.0361099674396675 -0.0846750708382269 -0.0119193398373162
0.0155738915536393 -0.0492516756618336 -0.0926400372791752 0.0578726629544342
-0.0210468048153552 -0.0508203926458327 -0.0404507951938426 0.0948278643538676
-0.045455666186419 -0.0335448299416835 0.0153729611217667 0.0868008725938049
-0.0582418630812563 -0.0160658599284766 0.048933495927562 0.0594358049287771
-0.0743577822361593 -0.00348161175496371 0.0618542321481284 0.0188797522973659
-0.0787105395146688 -0.00266952755041967 0.059004990396503 -0.00968436485440972
-0.087854298871405 -0.0117671477242593 0.0595466751157543 -0.0346435685169525
-0.0882381073898231 -0.0464047635786991 0.0722930115093745 -0.0380186364328354
-0.0526229008972183 -0.0870191003403626 0.0989949344845758 -0.0214558922755869
-0.0017208961574849 -0.109961362159355 0.105896993243088 -0.00283831854966301
0.0573471582751037 -0.103756436824333 0.0982031814967659 0.0134885769581816
0.105619131209557 -0.0778084511265126 0.0965317104506415 -0.0112744730522057
0.11810700968237 -0.0273323509272883 0.01674041804705 0.00677704262192856
0.092101674974686 -0.0439502446098178 -0.0303240942638012 -0.0464441667320066
0.0679232612259478 -0.0637786942477486 -0.0972381170017466 -0.012718707520517
0.0196115653294231 -0.0809969361135197 -0.0966404205961185 0.0482103351590663
-0.031050309732321 -0.074763800135625 -0.050369140881988 0.0788777171506959
-0.0602151708942423 -0.0469523550311673 -0.00288316991858494 0.0748790283234532
-0.0745991753928802 -0.0229483782640302 0.0228157903043057 0.0531339247706207
-0.0899111542821654 -0.00993763769640341 0.0297906534403922 0.0175931838291482
-0.0932114369214801 -0.00989095013764418 0.0257191670259151 -0.00902916294155816
-0.101893419728992 -0.0170928935239098 0.0271101828120092 -0.0398466534772477
-0.103392642495752 -0.0538625003172927 0.0442217490600349 -0.0526684205985728
-0.0638967424114563 -0.102540262879062 0.0872877487445563 -0.040993508441584
0.0010215473462801 -0.132239187669418 0.10373441333093 -0.0083058894124722
0.0747209609699547 -0.121955938085141 0.0826549356788147 0.0258691948784202
0.128136018836324 -0.0808353324106874 0.0504610045727788 0.00945873406881439
0.128314506329415 -0.0249105262481637 -0.0379718680443597 0.0178484600081826
0.110041820370824 -0.0517450779831571 -0.0606359961556641 -0.0350870250499562
0.0812189585369916 -0.0831355336568944 -0.106662171904807 -0.00916751245408339
0.0174720586493591 -0.100136278013783 -0.0970006265221405 0.0332982945246348
-0.0388875704111143 -0.0870357213970629 -0.0628848107586652 0.0559403794767452
-0.06816761352557 -0.0517848074784963 -0.0276879455946536 0.0569077150434518
-0.0798729961820355 -0.0248521396062656 -0.00989547747271833 0.0445402298266804
-0.0924657179746093 -0.0157030843808921 -0.00606224515347941 0.0149743091001973
-0.0923602326795101 -0.0172119712181445 -0.010668618744874 -0.0109557499247667
-0.0981163715581899 -0.0245132697667254 -0.00485630139160017 -0.0454964741615531
-0.0967563796440177 -0.0593483997214762 0.0173292203078792 -0.0646568100370033
-0.0553186782248823 -0.105161018893813 0.0740961211493089 -0.0567326771302719
0.0133165876964552 -0.131256975598041 0.0986990460197522 -0.00917127293881733
0.0869353557247506 -0.113256026401531 0.0640592905031265 0.0380071748707572
0.133370929764084 -0.0665507787670868 0.00216313748449742 0.0274875615172546
0.115751682844325 -0.0185786134390326 -0.0899165900605346 0.0314391376515034
0.105020294045166 -0.0491988588686797 -0.0895970059240616 -0.0158631197110295
0.0756181954143484 -0.0827775502290179 -0.108664798314094 -0.00402824483799528
0.0117134185839962 -0.0962561213152585 -0.0937278394464444 0.0148027885932486
-0.0393153635022411 -0.0804619941408875 -0.0771676445086313 0.0299237137398846
-0.0627441973254795 -0.0469214844391811 -0.0554828901180343 0.0399304714348783
-0.0726216347246108 -0.0226192160792279 -0.0428454033668833 0.0366233945080424
-0.0809084970337663 -0.0193433178294595 -0.0403067195786992 0.0101860158064529
-0.0777610869864506 -0.0236146154433313 -0.0427226399961361 -0.0163019639221362
-0.078545143843288 -0.0314882086293146 -0.0293048556793284 -0.0547270862474932
-0.0707317185627029 -0.0606884885203829 -2.70894020822465E-05 -0.0771060578986648
-0.0297204727066129 -0.0947112824075599 0.0646383894612012 -0.0662775416046164
0.0341422295076202 -0.107914019730984 0.0896785002282969 -0.00669311854916538
0.0924695256601535 -0.0827623885711417 0.0420611270953539 0.0441586316168004
0.121003755768803 -0.0381624056191647 -0.042289719200483 0.0359081882077308
0.0826165804861486 -0.00789201538649469 -0.129537053232381 0.0439415274829958
0.0789546909970372 -0.0338695754142045 -0.1087493203744 0.00363047569869719
0.0559987836294517 -0.061478367688783 -0.104394364886918 -6.84985562518104E-07
0.0062520549386072 -0.0696115244504244 -0.0908361024291836 -0.00256795502034492
-0.0285785783506195 -0.0575296813765547 -0.0907341746787841 0.0105687497933439
-0.0438049084477663 -0.0336096458466663 -0.0795225302714456 0.0282801939332809
-0.0516090849342759 -0.0172325221027827 -0.0708526174261864 0.0296398031290734
-0.0567270927817219 -0.0203028369802257 -0.0682667645175693 0.00378292342980581
-0.0525688894067063 -0.0252803934842037 -0.0643438078061532 -0.026315932859767
-0.0481644987610562 -0.0331411035189496 -0.0427623193737928 -0.0674603520000677
-0.0365345465154013 -0.0526957033921993 -0.00408971982038136 -0.0895014147224178
-0.00307023980935659 -0.0714342892709636 0.0616411940239061 -0.0712681185502655
0.0487008955651285 -0.0714489785523984 0.0795558724522148 -0.00423189717546176
0.0837741297701382 -0.041909647587903 0.0209656896000295 0.0411067129973677
0.09080516709218 -0.00758948497307618 -0.0759588444790421 0.0332399622965032
0.0361407503380988 0.00885371133457291 -0.149654042704264 0.0500238380372094
0.0425839424149153 -0.00834960605879068 -0.116803485135236 0.0172633249503479
0.0304330856774563 -0.0251640783859656 -0.0996508242877771 -0.000133295363043052
0.00558439925079692 -0.0293678505663671 -0.090731759156293 -0.0124398617800635
-0.0076566713880573 -0.0254803467928434 -0.0992461607630471 0.00250231481326501
-0.0144572236482005 -0.0172410656160629 -0.0944528029197658 0.023874073609508
-0.0210253490773474 -0.0109870337785795 -0.0884461761907841 0.0263263409884875
-0.0244303031825367 -0.0181936901471378 -0.0839446778668754 -0.0027647759708929
-0.0206273964638619 -0.0216791121188142 -0.0757751646096111 -0.0376567860758727
-0.0169286152765893 -0.0252324550212444 -0.0450174127591973 -0.0803275563050546
-0.0094485625781119 -0.0347991105082153 0.00200512059789669 -0.0986461309394715
0.0105079604924184 -0.041662131812431 0.0656381313095811 -0.0719082436232653
0.0454154216106488 -0.0347090709964504 0.0716180150876922 -0.00347117975812436
0.0596207142308387 -0.0056773996471572 0.00804799309372997 0.0317734048380547
0.0469943709629943 0.0177416925727564 -0.0940596608357556 0.0206450052739461
0.00046627464923232 -0.0252158936852103 0.105918395677583 -0.0233186091802759
-0.0192637434081301 -0.00976429197988116 0.00919064796350437 -0.0558411181317742
-0.0194599958556282 0.00613404298664181 -0.067541564286197 -0.0148572772955863
-0.00575027237002452 0.00671799427692117 -0.0836145477032887 0.064014099785805
-0.00796018561690076 0.00360169392930238 -0.0259250566042772 0.105247186060136
-0.00867447051834067 0.00452398748686675 0.033460715772428 0.0914200677752846
-0.00944410164325828 0.00565278197123627 0.0756470413439869 0.0592649230963552
-0.0142714843399488 0.00994917955341422 0.09553656508779 0.0148396797786579
-0.0161162569484037 0.00993291073488508 0.0980664866700401 -0.00911418336682664
-0.0213341408693335 0.00472939572145731 0.0997791134105019 -0.0186558577562018
-0.0220934975952653 -0.00762717077474656 0.106879560186379 -0.0027858331617145
-0.012882442504277 -0.017554355912475 0.105553420130159 0.0199961485379199
-0.0114200162082317 -0.0202724388644185 0.102620106501074 0.017385319907266
-0.00266376708671669 -0.0289706212458789 0.123291849607281 0.0105650497071223
0.017406265718028 -0.0362007042302332 0.157072924109388 -0.0303197400965706
0.0473650964339058 -0.0274179356968062 0.0929489460999605 -0.0103546204044831
0.0184935431874753 -0.02045544977929 0.00832558049411005 -0.050645149750107
0.00916267877762314 -0.0121558604773486 -0.0722309728644069 -0.0144424177104531
0.00549141698143835 -0.018952580348501 -0.0887495905965514 0.0594131186140097
-0.0133143631533045 -0.0236123561154699 -0.0362274155263684 0.102073787269416
-0.027495988566464 -0.0153054962271505 0.0239010383823353 0.0929459224603136
-0.0358078016322579 -0.00666503946003549 0.0650503767071509 0.0625650569979686
-0.0477643652666437 0.00256936811804745 0.08412047320734 0.0185405506702171
-0.0514435096046076 0.00202414913493363 0.084989391987246 -0.00893851195614784
-0.0584967743414872 -0.00693604618016467 0.0860800423236539 -0.0258815008030171
-0.0566247974678388 -0.0335216739904091 0.0958397823806084 -0.018034596805511
-0.0293137281730985 -0.0596669838658328 0.105649702165761 0.00456368667341651
-0.000106669786978874 -0.0699288831608896 0.104051892100842 0.00952031916502828
0.0348343359929198 -0.0685634152142863 0.111602749439213 0.0117635028011811
0.0691108098346349 -0.0586268300748172 0.133537257035381 -0.0222018781140441
0.0886612605555156 -0.0257301792684098 0.0620280890533668 -0.00190493256455851
0.058829875535737 -0.0295091542835474 -0.00483432272319436 -0.0514586099210124
0.0421351332808332 -0.0348405388457515 -0.0836543820719338 -0.0163354083193738
0.0171374458266135 -0.0485825184941293 -0.0950656538188604 0.0540427495826163
-0.0194154745929784 -0.0512800386184071 -0.0440030340536778 0.0929080147611704
-0.0437815203087906 -0.0343880011217928 0.0112337494337797 0.0865470337087546
-0.0583498858129073 -0.0179826182912429 0.0468509764921524 0.0609044419467664
-0.0743840040666694 -0.00508278218800587 0.0608643866777961 0.0198840476103941
-0.0784565350603216 -0.00488355939321333 0.0597181296804122 -0.00838547596194137
-0.0872273322071495 -0.0140024458341955 0.0603063465247907 -0.033685757428201
-0.0866325404104356 -0.0480837284220478 0.0738708251073815 -0.0356535014754365
-0.0496263992410615 -0.0890104378378655 0.0994856629127408 -0.0171130695065237
0.00217144674131891 -0.10993826182399 0.105383335375207 0.00127716709633017
0.0609767397198526 -0.102321665061211 0.0971075690961217 0.0189337098205092
0.108038240838889 -0.0739848784721602 0.0955284132767282 -0.00782859642442188
0.11842480937833 -0.0232326146412592 0.0162642281186978 0.00626247187275514
0.0937496491145119 -0.0402484139480968 -0.0287646975193857 -0.0495670016516042
0.0705820803156116 -0.0614753971976323 -0.0965293684854086 -0.0168943912202165
0.0227717646859747 -0.0801673387802821 -0.0988025025280768 0.0441667797103069
-0.0283445172517261 -0.0755932226644388 -0.0541043827862755 0.0762361702319896
-0.0583931136097356 -0.0481977366198852 -0.00620845734223498 0.0731212732039849
-0.0742361487088302 -0.0255793121423304 0.0208652326658333 0.0535424819131856
-0.0900370327047959 -0.0117385649934687 0.0295411204200752 0.0181043048109114
-0.0931300335550856 -0.012253748096604 0.026005755692954 -0.0087543442588074
-0.101321450569771 -0.0196605181642934 0.0285753948244987 -0.0394045004066293
-0.101522976149131 -0.0562880873184183 0.0469200470047771 -0.0510845310171171
-0.0601513703674334 -0.103512812430409 0.0890118095915714 -0.0380950739204522
0.0051407891794449 -0.132215774142065 0.104380704439622 -0.00440600621702038
0.0786416897904793 -0.118906899123237 0.0812491703146384 0.0297219205002117
0.12993977171825 -0.077004103214119 0.04953811414627 0.0109737855302258
0.128420427352318 -0.0200217530675135 -0.0384935272645762 0.0155331647547493
0.111511949290424 -0.0476976529831148 -0.0584189899626424 -0.0390617830699333
0.0838257545253029 -0.0803218326281206 -0.105199512704836 -0.0142596390983767
0.0209202028543993 -0.0991620911148142 -0.0986558535557596 0.0290398200133455
-0.0364688323301401 -0.0878597412864961 -0.0659527006797675 0.0527058842268843
-0.0653460709626112 -0.0538275851305131 -0.0300471433240991 0.0556677305771698
-0.0789144744961938 -0.0270513417623118 -0.0109397333112257 0.0432305582456248
-0.0920369849685241 -0.0171671015792404 -0.00634545658637414 0.0148823685122538
-0.0923007648906693 -0.0197059881657026 -0.00966331164837684 -0.0107881436483634
-0.0967826230759254 -0.0268768392767843 -0.00321720140272968 -0.046049315279842
-0.0943951268920204 -0.0609162622544291 0.0208445136226612 -0.0638257521598667
-0.051603025178628 -0.105734158988677 0.0762198134589815 -0.0534888538362063
0.0182819868253157 -0.130784070271144 0.0982685737734734 -0.00589033974417584
0.0910540098640978 -0.110404043226325 0.0621190062003087 0.0410149219397678
0.135092564625415 -0.06220763444642 0.000338904591984693 0.0280407025368435
0.115789821057521 -0.014455574072805 -0.0903583428277032 0.0275010825419523
0.106142263687461 -0.0448417196201707 -0.0884947502228853 -0.0203434080063042
0.0787373896612116 -0.0805638897305832 -0.106977574517005 -0.00848300865170654
0.015056456889087 -0.0949737780226528 -0.0946729834308913 0.0100495954661844
-0.0368418263010371 -0.081253961589516 -0.0795432631566371 0.0261798197375935
-0.0610148058916716 -0.0486413637639032 -0.0566000542416393 0.0376572399410393
-0.0711997334509427 -0.0244737766336236 -0.0435955547421671 0.0344653671070957
-0.0798277950864525 -0.021313429755674 -0.0408112823744621 0.0088445884753902
-0.0774344038465688 -0.0257365305940285 -0.0409188924965835 -0.0173129619152913
-0.0761850436043958 -0.033433558478553 -0.0275071857841776 -0.0551104710987118
-0.0679584396099592 -0.0617034332849306 0.00388182420838538 -0.0766901913202023
-0.026506903574472 -0.0945770671222872 0.0673693068175983 -0.0635235595052401
0.0379096979423309 -0.107470932825139 0.089843752446089 -0.00396812759897656
0.0944692545272348 -0.079274350374926 0.0395847865975702 0.0465383023788719
0.12185211916515 -0.0344543027439537 -0.0436232488299683 0.0356312024354402
0.0825138860772115 -0.00499637756167907 -0.131042551804632 0.0379268379347401
0.0798922613026054 -0.0308221262781435 -0.10836635666008 -0.000931843541815464
0.0581001582658792 -0.0594875068989139 -0.103402269071136 -0.00464601007186604
0.00867246982863668 -0.068728196651434 -0.0907977161312452 -0.00676939560589228
-0.02694244265769 -0.0573078548163366 -0.0913615452228748 0.00677411680787191
-0.0423990774525005 -0.0353143315225497 -0.0799797340380807 0.0255228392423237
-0.0507531896570797 -0.0185720016958223 -0.0712318214543072 0.0279021338535361
-0.0565840701123974 -0.021661097663932 -0.0679448630406331 0.002774292036087
-0.0513410837209749 -0.0270820083816791 -0.0633201906185963 -0.0274960160556503
-0.0463088507552029 -0.0342647546128457 -0.0408452410226835 -0.0686148682288954
-0.0348302249701142 -0.0534767300183379 4.88517954061389E-05 -0.0891051098977209
-0.000945923992927605 -0.070703570590033 0.0648879121947603 -0.0683725520399096
0.0509369057774537 -0.0697602025874154 0.0799980420873327 -0.00172412148713716
0.0852239223993041 -0.0388202068444347 0.019382924555465 0.0426985654819391
0.0903194336771781 -0.00431928641674883 -0.0767209602096638 0.0316103213849278
0.036188834500272 0.0103219388163496 -0.151307791740673 0.0448124168494396
0.0423426730701754 -0.00642854826850925 -0.115615739655869 0.0130467103162856
0.0317808725559941 -0.0246276667752658 -0.0991662602528257 -0.00398273673200573
0.00674321095058123 -0.0281546553144443 -0.0907702097781968 -0.0163530876802697
-0.00692162421605841 -0.0251850367964041 -0.100210622662806 -0.00134651394604471
-0.013543420521198 -0.0175502197910921 -0.0956599804757036 0.0204795408725193
-0.0205369242113783 -0.0117162333657018 -0.0886050256642091 0.023598549649773
-0.0241965415759632 -0.018307121897922 -0.0835481147386766 -0.00409779777530093
-0.0206518967781064 -0.0220558052151798 -0.073227320708431 -0.0389806902718159
-0.0158803104144668 -0.0254084322703647 -0.0414113273680584 -0.08085003913605
-0.00826330383756011 -0.0344363814623878 0.00622891782753749 -0.0968925929959162
0.0116171954063406 -0.040902893859777 0.0679616058027938 -0.0689019598118382
0.0461658057412114 -0.0331007479336996 0.0720040928927977 -0.00133752102654294
0.0592494864413639 -0.00345476313571254 0.00647241119253335 0.0324448210273537
0.0464254969945509 0.0193547737490578 -0.0938876452411116 0.0187127445524979
