TRXV5
3
4
4
9
string Extension=J
integer IsArchMeasurement=1
integer IsSpherical=1
string Generator=SPM
string GeneratorVersion=1.3.1 Dev
double ArchRadius=0.449999988079071
integer FrequencyAxisIndex=0
integer AzimuthAxisIndex=1
integer ElevationAxisIndex=2
Frequency
5 136 690000000 960000000 LIN
Azimuth
7 8 0 2.74889357189107 LIN
Elevation
7 15 -2.74889357189107 2.74889357189107 LIN
Polar H Real Part
13
Polar H Imaginary Part
14
Polar V Real Part
13
Polar V Imaginary Part
14
Polar H Magnitude (dB)
12 0xC0000002 0 1
Polar H Phase
7 0xC0000003 0 1
Polar V Magnitude (dB)
12 0xC0000002 2 3
Polar V Phase
7 0xC0000003 2 3
-0.0858993530273438 -0.0644912719726562 0.259963989257813 -0.0743865966796875
-0.101234436035156 -0.0408554077148437 0.166946411132813 -0.0732421875
-0.10205078125 0.0303726196289062 -0.00496196746826173 -0.0173549652099609
-0.0508499145507812 0.0705490112304688 -0.0552902221679687 0.101051330566406
-0.00601577758789063 0.0573501586914063 -0.02734375 0.18109130859375
0.02825927734375 0.0474967956542969 0.0706787109375 0.272781372070313
0.0483589172363281 0.0420646667480469 0.1796875 0.292877197265625
0.0358810424804688 0.0406570434570313 0.216812133789063 0.2640380859375
0.0481910705566406 0.0383262634277344 0.187179565429688 0.24749755859375
0.0437355041503906 0.060821533203125 0.11077880859375 0.228622436523438
0.0225677490234375 0.079681396484375 0.0660247802734375 0.139274597167969
-0.0142288208007813 0.10076904296875 0.0641555786132813 0.0537109375
-0.0835952758789063 0.065277099609375 0.157150268554688 0.0028533935546875
-0.0945510864257812 0.00617218017578126 0.36444091796875 0.00787353515625
-0.0670127868652344 -0.000175476074218759 0.50555419921875 0.173187255859375
-0.252716064453125 -0.0938262939453124 0.221893310546875 -0.077178955078125
-0.26385498046875 -0.0529937744140624 0.151443481445312 -0.0715484619140625
-0.24407958984375 0.0503082275390625 0.0135746002197265 -0.0327224731445313
-0.174224853515625 0.139678955078125 -0.0528450012207031 0.0696144104003906
-0.078338623046875 0.1622314453125 -0.043670654296875 0.147918701171875
0.0195770263671875 0.189483642578125 0.0450592041015625 0.254379272460938
0.0893707275390625 0.17071533203125 0.145126342773437 0.2650146484375
0.0718994140625 0.157669067382813 0.18609619140625 0.230743408203125
0.08697509765625 0.164352416992188 0.162506103515625 0.21270751953125
0.06158447265625 0.188446044921875 0.0978240966796875 0.198486328125
-0.0028839111328125 0.19140625 0.052459716796875 0.10516357421875
-0.073150634765625 0.202102661132813 0.0576972961425781 0.0218315124511719
-0.187362670898438 0.132583618164062 0.170120239257813 -0.0336151123046875
-0.237640380859375 0.03594970703125 0.3482666015625 -0.012451171875
-0.233901977539062 -3.05175781249967E-05 0.4710693359375 0.1549072265625
-0.384857177734375 -0.11114501953125 0.132232666015625 -0.08935546875
-0.393218994140625 -0.060943603515625 0.099609375 -0.071136474609375
-0.357421875 0.0633850097656249 0.0258026123046875 -0.0403671264648437
-0.278533935546875 0.188690185546875 -0.0385932922363281 0.0310592651367188
-0.146530151367187 0.242752075195313 -0.045928955078125 0.092071533203125
0.000915527343749984 0.305694580078125 0.0183258056640625 0.19451904296875
0.113632202148438 0.275604248046875 0.0908203125 0.194046020507813
0.0966033935546875 0.251693725585937 0.1263427734375 0.162033081054688
0.117630004882812 0.265853881835938 0.110015869140625 0.149078369140625
0.078704833984375 0.291900634765625 0.0659942626953125 0.141159057617188
-0.0179443359375 0.283203125 0.0285758972167969 0.0583763122558594
-0.11322021484375 0.286865234375 0.0440826416015625 -0.0100784301757812
-0.2630615234375 0.19512939453125 0.16375732421875 -0.058837890625
-0.345733642578125 0.07373046875 0.2926025390625 -0.01593017578125
-0.365081787109375 0.0109252929687499 0.38079833984375 0.1331787109375
-0.458984375 -0.101409912109375 0.00291442871093746 -0.104949951171875
-0.46478271484375 -0.0467529296875 0.0160064697265625 -0.0681266784667969
-0.413330078125 0.082916259765625 0.0246925354003906 -0.0418357849121094
-0.332672119140625 0.2181396484375 -0.0199298858642578 -0.0133876800537109
-0.185546875 0.28778076171875 -0.0387191772460938 0.0193595886230469
-0.016143798828125 0.374237060546875 -0.00863647460937501 0.101089477539063
0.12091064453125 0.33740234375 0.02349853515625 0.0918731689453125
0.107025146484375 0.308380126953125 0.0453147888183594 0.0698432922363281
0.1298828125 0.328826904296875 0.0362586975097656 0.0658760070800781
0.083831787109375 0.355194091796875 0.0185089111328125 0.0646820068359375
-0.03326416015625 0.338348388671875 -0.00448417663574219 0.00200939178466799
-0.14044189453125 0.334320068359375 0.0251731872558594 -0.0395240783691406
-0.306854248046875 0.22967529296875 0.139732360839844 -0.0662765502929687
-0.40545654296875 0.0972900390625001 0.204421997070312 0.00119018554687501
-0.4393310546875 0.0184326171875001 0.250320434570313 0.117584228515625
-0.459320068359375 -0.073150634765625 -0.14715576171875 -0.117767333984375
-0.456939697265625 -0.0172119140625001 -0.0845108032226563 -0.0621414184570312
-0.394012451171875 0.097412109375 0.00680541992187497 -0.038665771484375
-0.320037841796875 0.21575927734375 -0.00716018676757814 -0.0578994750976562
-0.184539794921875 0.284088134765625 -0.0314826965332031 -0.0586166381835937
-0.0223388671875 0.378326416015625 -0.038421630859375 -0.00851058959960935
0.110992431640625 0.3436279296875 -0.0482177734375 -0.0241165161132812
0.09979248046875 0.318328857421875 -0.0423622131347656 -0.0326995849609375
0.118896484375 0.34552001953125 -0.0438880920410156 -0.0275306701660156
0.06689453125 0.36627197265625 -0.0345802307128906 -0.0230884552001953
-0.05316162109375 0.3406982421875 -0.038787841796875 -0.0572090148925781
-0.160369873046875 0.3282470703125 0.00587844848632812 -0.0651702880859375
-0.31341552734375 0.216278076171875 0.103813171386719 -0.0596847534179687
-0.4058837890625 0.091888427734375 0.0985946655273437 0.0309906005859375
-0.44708251953125 0.0180664062500001 0.099151611328125 0.101303100585937
-0.387939453125 -0.027191162109375 -0.28912353515625 -0.122344970703125
-0.370880126953125 0.0146484375 -0.182662963867188 -0.0515899658203125
-0.302581787109375 0.0943908691406249 -0.0255985260009766 -0.032135009765625
-0.24810791015625 0.171951293945312 -0.00842285156250001 -0.0928955078125
-0.149703979492187 0.2291259765625 -0.0315475463867188 -0.123603820800781
-0.02490234375 0.32061767578125 -0.0689926147460938 -0.111282348632812
0.08416748046875 0.2987060546875 -0.11553955078125 -0.131881713867187
0.078887939453125 0.280044555664063 -0.123085021972656 -0.129707336425781
0.08837890625 0.31048583984375 -0.1143798828125 -0.119941711425781
0.03179931640625 0.320892333984375 -0.0774688720703125 -0.113151550292969
-0.075836181640625 0.287689208984375 -0.059173583984375 -0.114433288574219
-0.163360595703125 0.262588500976563 -0.00566101074218752 -0.0862045288085937
-0.276458740234375 0.157379150390625 0.064483642578125 -0.0456657409667969
-0.344573974609375 0.0601806640625 -0.00775146484375002 0.0570945739746094
-0.3870849609375 0.01226806640625 -0.0475387573242188 0.0809097290039062
-0.253005981445313 0.0152740478515625 -0.402984619140625 -0.11639404296875
-0.224212646484375 0.0299224853515625 -0.260482788085938 -0.036407470703125
-0.170074462890625 0.0622406005859375 -0.063934326171875 -0.0176162719726563
-0.146514892578125 0.0947723388671875 -0.020111083984375 -0.107406616210938
-0.0988693237304688 0.135612487792969 -0.036834716796875 -0.160140991210938
-0.0278472900390625 0.21441650390625 -0.0970306396484375 -0.188217163085937
0.0440673828125 0.20843505859375 -0.169036865234375 -0.214935302734375
0.04534912109375 0.200698852539063 -0.18487548828125 -0.207870483398437
0.043060302734375 0.229339599609375 -0.161773681640625 -0.199981689453125
-0.00674438476562498 0.226394653320312 -0.0966796875 -0.192657470703125
-0.0837554931640625 0.187149047851563 -0.057220458984375 -0.160186767578125
-0.137054443359375 0.156661987304688 -0.00396728515625 -0.101356506347656
-0.192855834960938 0.07745361328125 0.0291423797607422 -0.03338623046875
-0.230484008789063 0.024200439453125 -0.0984344482421875 0.0673751831054688
-0.26800537109375 0.00956726074218748 -0.167816162109375 0.055816650390625
-0.0809707641601563 0.0462417602539062 -0.470550537109375 -0.1026611328125
-0.0515556335449219 0.0197601318359375 -0.3089599609375 -0.0162353515625001
-0.0304546356201172 0.0064849853515625 -0.098236083984375 0.00812530517578124
-0.0437545776367187 -0.000530242919921883 -0.0329208374023437 -0.0963973999023438
-0.0492401123046875 0.0235023498535156 -0.0417022705078125 -0.165634155273438
-0.0366897583007813 0.0823593139648437 -0.115982055664063 -0.22802734375
-0.00606536865234375 0.0903701782226563 -0.201202392578125 -0.261734008789063
0.00501251220703124 0.0914382934570313 -0.220291137695313 -0.254959106445313
-0.00445556640625001 0.111541748046875 -0.180999755859375 -0.253509521484375
-0.0310821533203125 0.0956192016601563 -0.0901336669921875 -0.246917724609375
-0.0607376098632812 0.0624732971191406 -0.036285400390625 -0.184478759765625
-0.0696601867675781 0.0382766723632813 0.00874328613281249 -0.10528564453125
-0.0684814453125 0.010345458984375 -0.00048637390136719 -0.0224418640136719
-0.0774993896484375 0.0083465576171875 -0.16058349609375 0.061431884765625
-0.11126708984375 0.0207748413085938 -0.245437622070312 0.0296478271484375
-0.093719482421875 -0.0573348999023437 0.2706298828125 -0.103271484375
-0.10662841796875 -0.0335540771484375 0.17236328125 -0.0936737060546875
-0.101165771484375 0.0387039184570313 -0.00389862060546876 -0.0183258056640625
-0.0458984375 0.07574462890625 -0.0452194213867187 0.111686706542969
-0.00150680541992187 0.0593376159667969 -0.00979614257812499 0.192703247070313
0.0323562622070313 0.0450325012207031 0.102294921875 0.276580810546875
0.0525474548339844 0.0377769470214844 0.2198486328125 0.28509521484375
0.040252685546875 0.0378074645996094 0.256118774414063 0.251724243164063
0.0529518127441406 0.0334815979003906 0.223388671875 0.239410400390625
0.051177978515625 0.0573387145996094 0.13909912109375 0.22918701171875
0.0314865112304688 0.0789871215820313 0.082550048828125 0.140838623046875
-0.00244140625 0.103988647460938 0.0713119506835937 0.0513763427734375
-0.0776138305664063 0.0756149291992187 0.162399291992188 -0.01202392578125
-0.0958099365234375 0.0172653198242188 0.37823486328125 -0.03082275390625
-0.06622314453125 0.00794982910156251 0.541595458984375 0.129241943359375
-0.2711181640625 -0.0712127685546875 0.231292724609375 -0.100845336914063
-0.27691650390625 -0.0300445556640625 0.156845092773438 -0.08966064453125
-0.246932983398438 0.074188232421875 0.0137710571289062 -0.03656005859375
-0.167144775390625 0.160247802734375 -0.0461578369140625 0.0790786743164063
-0.0663299560546875 0.175506591796875 -0.02935791015625 0.159454345703125
0.0389404296875 0.19268798828125 0.075531005859375 0.25897216796875
0.109542846679688 0.167160034179688 0.181381225585938 0.26007080078125
0.0918121337890625 0.156326293945312 0.221298217773438 0.21917724609375
0.108795166015625 0.16046142578125 0.19451904296875 0.20513916015625
0.0839385986328125 0.188522338867188 0.1248779296875 0.19854736328125
0.0164337158203125 0.199188232421875 0.0666351318359375 0.107490539550781
-0.0538177490234375 0.217239379882813 0.0623779296875 0.0197029113769531
-0.17987060546875 0.155654907226563 0.172943115234375 -0.0515594482421875
-0.24395751953125 0.0614166259765625 0.360687255859375 -0.048919677734375
-0.241439819335938 0.0248260498046875 0.504241943359375 0.114013671875
-0.4111328125 -0.07470703125 0.136970520019531 -0.104446411132812
-0.4134521484375 -0.022613525390625 0.102577209472656 -0.0825424194335938
-0.364288330078125 0.0985717773437501 0.0252227783203125 -0.0455894470214844
-0.27154541015625 0.223358154296875 -0.0349464416503906 0.0374717712402344
-0.128555297851562 0.267486572265625 -0.0349044799804688 0.101737976074219
0.032440185546875 0.3153076171875 0.043609619140625 0.198883056640625
0.14739990234375 0.272262573242187 0.11798095703125 0.192062377929688
0.128952026367188 0.252395629882813 0.150985717773438 0.155197143554688
0.152862548828125 0.264495849609375 0.134033203125 0.1434326171875
0.113494873046875 0.295684814453125 0.08782958984375 0.1417236328125
0.01025390625 0.297882080078125 0.0383453369140625 0.0605354309082031
-0.08770751953125 0.311126708984375 0.0457878112792969 -0.0114860534667969
-0.253311157226563 0.2275390625 0.163436889648437 -0.0771026611328125
-0.3544921875 0.110137939453125 0.301971435546875 -0.0465087890625
-0.3797607421875 0.048614501953125 0.40826416015625 0.103118896484375
-0.489471435546875 -0.060028076171875 0.000213623046874967 -0.106819152832031
-0.4869384765625 -0.00173950195312503 0.0152511596679687 -0.0700340270996094
-0.421722412109375 0.12530517578125 0.023529052734375 -0.0471000671386719
-0.32696533203125 0.2607421875 -0.020132064819336 -0.0098438262939453
-0.164947509765625 0.319610595703125 -0.0342540740966797 0.0249004364013672
0.02386474609375 0.3892822265625 0.00717926025390625 0.104484558105469
0.1622314453125 0.3363037109375 0.0369338989257813 0.0931472778320313
0.146575927734375 0.310577392578125 0.0571479797363281 0.0677719116210938
0.1741943359375 0.32989501953125 0.0482139587402344 0.0641098022460938
0.126129150390625 0.362274169921875 0.0303840637207031 0.0661888122558594
0.000610351562499996 0.35791015625 -0.000755786895751953 0.00547170639038088
-0.112335205078125 0.366424560546875 0.0239830017089844 -0.03973388671875
-0.29583740234375 0.26739501953125 0.137344360351562 -0.0838088989257812
-0.414581298828125 0.140380859375 0.21240234375 -0.018585205078125
-0.4578857421875 0.0635070800781251 0.270431518554687 0.100692749023437
-0.48895263671875 -0.030548095703125 -0.158111572265625 -0.105484008789063
-0.480682373046875 0.027923583984375 -0.090301513671875 -0.0524673461914063
-0.402313232421875 0.13873291015625 0.00451278686523435 -0.0418281555175781
-0.314788818359375 0.259246826171875 -0.011627197265625 -0.0574150085449219
-0.164794921875 0.3175048828125 -0.0342750549316406 -0.057586669921875
0.017364501953125 0.3948974609375 -0.0342769622802734 -0.00696754455566403
0.152679443359375 0.345367431640625 -0.0501136779785156 -0.019256591796875
0.14129638671875 0.32281494140625 -0.0454063415527344 -0.0291786193847656
0.164764404296875 0.34844970703125 -0.045135498046875 -0.0246772766113281
0.1102294921875 0.37640380859375 -0.0338973999023437 -0.0204658508300781
-0.020660400390625 0.36322021484375 -0.0419425964355469 -0.0535926818847656
-0.132354736328125 0.362335205078125 0.00147247314453124 -0.065216064453125
-0.3038330078125 0.255828857421875 0.100921630859375 -0.0729827880859375
-0.416778564453125 0.134002685546875 0.105384826660156 0.0235824584960938
-0.468231201171875 0.0642089843749999 0.111343383789062 0.0987472534179688
-0.409149169921875 0.00750732421874996 -0.307159423828125 -0.0964965820312501
-0.387939453125 0.051422119140625 -0.192947387695313 -0.0324859619140625
-0.3092041015625 0.12811279296875 -0.0291576385498047 -0.0314502716064453
-0.244415283203125 0.207656860351563 -0.0165023803710938 -0.0941009521484375
-0.13427734375 0.256820678710938 -0.0411224365234375 -0.125656127929687
0.00918579101562502 0.335968017578125 -0.0778045654296875 -0.111167907714844
0.1219482421875 0.29974365234375 -0.132354736328125 -0.124351501464844
0.115753173828125 0.28509521484375 -0.140426635742188 -0.120643615722656
0.1295166015625 0.3162841796875 -0.1287841796875 -0.113540649414062
0.069671630859375 0.332122802734375 -0.08837890625 -0.110115051269531
-0.048095703125 0.31005859375 -0.0695724487304688 -0.111320495605469
-0.142852783203125 0.294830322265625 -0.0125045776367188 -0.0868988037109375
-0.272857666015625 0.190948486328125 0.0612640380859375 -0.0553207397460937
-0.35809326171875 0.0953369140625 -0.00370025634765628 0.0629348754882813
-0.406951904296875 0.0511779785156251 -0.0440521240234375 0.0923080444335938
-0.264724731445313 0.03802490234375 -0.42626953125 -0.080596923828125
-0.234405517578125 0.051971435546875 -0.274261474609375 -0.00947570800781254
-0.1744384765625 0.081298828125 -0.0679206848144531 -0.0125236511230469
-0.1466064453125 0.11700439453125 -0.0300521850585938 -0.109481811523437
-0.09075927734375 0.1541748046875 -0.051361083984375 -0.164566040039062
-0.00454711914062501 0.226974487304688 -0.1163330078125 -0.188140869140625
0.0711669921875 0.211380004882813 -0.198196411132813 -0.205245971679688
0.073333740234375 0.205551147460938 -0.214569091796875 -0.19512939453125
0.073455810546875 0.236007690429687 -0.188690185546875 -0.191055297851562
0.019805908203125 0.238052368164063 -0.117645263671875 -0.191238403320312
-0.0668792724609375 0.2066650390625 -0.0723419189453125 -0.159271240234375
-0.12652587890625 0.181686401367188 -0.0128936767578125 -0.103172302246094
-0.193923950195313 0.100616455078125 0.0243072509765625 -0.0381813049316406
-0.2418212890625 0.0472564697265625 -0.0976409912109375 0.082855224609375
-0.283966064453125 0.03692626953125 -0.173553466796875 0.0772857666015625
-0.0817947387695313 0.0522384643554688 -0.49676513671875 -0.061187744140625
-0.0554122924804688 0.0234260559082031 -0.3231201171875 0.0155029296874999
-0.0341072082519531 0.00993156433105468 -0.100616455078125 0.0174407958984375
-0.0485038757324219 0.00596237182617187 -0.0433197021484375 -0.0981674194335938
-0.0507850646972656 0.0327568054199219 -0.0583038330078125 -0.171417236328125
-0.0278701782226562 0.0915145874023438 -0.142608642578125 -0.228424072265625
0.00594329833984376 0.094329833984375 -0.238815307617188 -0.250091552734375
0.01861572265625 0.0957717895507813 -0.257431030273438 -0.239242553710937
0.0111312866210938 0.118209838867188 -0.215362548828125 -0.244430541992188
-0.0194625854492187 0.10491943359375 -0.118896484375 -0.248214721679688
-0.0553207397460937 0.0738906860351563 -0.0548248291015625 -0.187255859375
-0.0684280395507812 0.0509185791015625 -0.00144195556640625 -0.108688354492188
-0.0712356567382813 0.0194854736328125 -0.005950927734375 -0.0235805511474609
-0.0844650268554688 0.0163421630859375 -0.16448974609375 0.0825958251953125
-0.118301391601563 0.0324859619140625 -0.25726318359375 0.056854248046875
-0.0970306396484375 -0.0478973388671875 0.268936157226563 -0.129653930664063
-0.107368469238281 -0.0247421264648437 0.170242309570313 -0.112335205078125
-0.0962371826171875 0.0447311401367188 -0.00317573547363282 -0.0198783874511719
-0.0392837524414062 0.077545166015625 -0.0333175659179688 0.116439819335938
0.00291061401367188 0.0580711364746094 0.0092010498046875 0.195037841796875
0.0355377197265625 0.0409965515136719 0.129852294921875 0.268203735351562
0.0548896789550781 0.0328330993652344 0.250839233398438 0.264297485351563
0.0430107116699219 0.0331001281738281 0.2843017578125 0.225341796875
0.0555572509765625 0.0267486572265625 0.251220703125 0.218673706054688
0.0568275451660156 0.0509300231933594 0.16326904296875 0.219879150390625
0.0391693115234375 0.0756759643554688 0.0959548950195313 0.135704040527344
0.00848388671874999 0.101699829101563 0.07611083984375 0.0464401245117188
-0.0688934326171875 0.0821762084960938 0.160934448242188 -0.026519775390625
-0.0926055908203125 0.0273666381835938 0.37713623046875 -0.06805419921875
-0.0622940063476562 0.0152511596679687 0.5531005859375 0.07861328125
-0.278213500976563 -0.045135498046875 0.230316162109375 -0.122756958007813
-0.2789306640625 -0.00473022460937497 0.154342651367187 -0.104995727539063
-0.239898681640625 0.0934600830078125 0.012298583984375 -0.0388069152832031
-0.153549194335938 0.175521850585937 -0.0368804931640625 0.0851669311523438
-0.051025390625 0.181655883789063 -0.011688232421875 0.163665771484375
0.0569305419921875 0.188018798828125 0.102752685546875 0.252349853515625
0.125411987304688 0.156356811523438 0.210113525390625 0.242691040039063
0.10748291015625 0.148162841796875 0.245956420898438 0.196563720703125
0.125244140625 0.150192260742188 0.21875 0.186111450195313
0.103683471679688 0.180999755859375 0.147171020507813 0.1888427734375
0.03558349609375 0.199203491210938 0.0787429809570313 0.103828430175781
-0.032318115234375 0.222396850585938 0.0650520324707031 0.0167579650878906
-0.165481567382812 0.171371459960938 0.167388916015625 -0.067138671875
-0.239227294921875 0.0853271484374999 0.35650634765625 -0.0841064453125
-0.238632202148437 0.04925537109375 0.51470947265625 0.068084716796875
-0.421173095703125 -0.03558349609375 0.1351318359375 -0.116035461425781
-0.41485595703125 0.014556884765625 0.100830078125 -0.0915298461914063
-0.35552978515625 0.1297607421875 0.0227127075195312 -0.0493011474609375
-0.25311279296875 0.2491455078125 -0.0292625427246094 0.0424652099609375
-0.104888916015625 0.280731201171875 -0.0222396850585938 0.106269836425781
0.06341552734375 0.310699462890625 0.0673980712890625 0.194183349609375
0.173568725585938 0.2568359375 0.140151977539063 0.181488037109375
0.156143188476563 0.240737915039063 0.169448852539063 0.139205932617188
0.181854248046875 0.25048828125 0.151382446289063 0.130569458007813
0.144378662109375 0.285430908203125 0.105445861816406 0.134635925292969
0.03900146484375 0.2999267578125 0.0473098754882813 0.0594749450683594
-0.057952880859375 0.322540283203125 0.0465888977050781 -0.01214599609375
-0.232894897460938 0.250534057617187 0.155593872070312 -0.0930633544921875
-0.347320556640625 0.144775390625 0.298858642578125 -0.07470703125
-0.376007080078125 0.086517333984375 0.418731689453125 0.068603515625
-0.50140380859375 -0.0146484375 -0.00239562988281254 -0.105903625488281
-0.49066162109375 0.041412353515625 0.0134086608886718 -0.0701065063476563
-0.412811279296875 0.162200927734375 0.020355224609375 -0.0500297546386719
-0.304351806640625 0.293182373046875 -0.0188083648681641 -0.00600433349609373
-0.1363525390625 0.338592529296875 -0.0275459289550781 0.0281009674072266
0.0615234375 0.385986328125 0.0223312377929688 0.101837158203125
0.19580078125 0.319610595703125 0.050018310546875 0.0900115966796875
0.180694580078125 0.298309326171875 0.0661811828613281 0.0616645812988281
0.21075439453125 0.31439208984375 0.0579071044921875 0.0589485168457032
0.16387939453125 0.35162353515625 0.0416717529296875 0.0636100769042969
0.034576416015625 0.3621826171875 0.00383090972900391 0.00727653503417971
-0.077880859375 0.381683349609375 0.0229644775390625 -0.0390739440917969
-0.27288818359375 0.2945556640625 0.128486633300781 -0.0976104736328125
-0.406585693359375 0.178619384765625 0.2113037109375 -0.037322998046875
-0.4564208984375 0.109619140625 0.280441284179687 0.079010009765625
-0.498016357421875 0.0154113769531251 -0.16156005859375 -0.089630126953125
-0.48199462890625 0.0733032226562501 -0.0919342041015625 -0.041839599609375
-0.392303466796875 0.175628662109375 0.00174713134765622 -0.0422248840332031
-0.293914794921875 0.2916259765625 -0.0154342651367188 -0.0545501708984375
-0.1370849609375 0.336669921875 -0.0353584289550781 -0.0550765991210937
0.0557861328125 0.394439697265625 -0.0294551849365234 -0.00649070739746091
0.187744140625 0.329376220703125 -0.0495834350585937 -0.0139732360839844
0.17633056640625 0.310028076171875 -0.0464630126953125 -0.0245895385742187
0.20452880859375 0.33447265625 -0.0462989807128906 -0.0211181640625
0.149871826171875 0.36822509765625 -0.0313777923583984 -0.0177860260009765
0.01507568359375 0.370697021484375 -0.0428810119628906 -0.0487632751464844
-0.097412109375 0.380584716796875 -0.00159072875976563 -0.0632095336914062
-0.283721923828125 0.28411865234375 0.0923309326171875 -0.0833892822265625
-0.41015625 0.17266845703125 0.107353210449219 0.0161056518554688
-0.468109130859375 0.1107177734375 0.119926452636719 0.0926055908203125
-0.41534423828125 0.04400634765625 -0.312744140625 -0.067138671875
-0.3890380859375 0.0882568359375 -0.194747924804688 -0.0114593505859375
-0.301605224609375 0.1563720703125 -0.0313796997070313 -0.0285072326660156
-0.228805541992187 0.235733032226563 -0.0238113403320313 -0.0914154052734375
-0.112350463867187 0.27459716796875 -0.0491867065429688 -0.1236572265625
0.042999267578125 0.337249755859375 -0.0841140747070313 -0.107566833496094
0.15301513671875 0.287811279296875 -0.143035888671875 -0.111846923828125
0.148666381835938 0.27545166015625 -0.151931762695313 -0.107147216796875
0.16656494140625 0.30560302734375 -0.139869689941406 -0.101783752441406
0.1063232421875 0.329132080078125 -0.0959320068359375 -0.103591918945312
-0.017913818359375 0.319580078125 -0.0759353637695313 -0.104415893554687
-0.1142578125 0.31427001953125 -0.0183563232421875 -0.0838165283203125
-0.25750732421875 0.216522216796875 0.0536956787109375 -0.0616874694824219
-0.356048583984375 0.12811279296875 0.00149536132812498 0.0661125183105469
-0.407867431640625 0.0917663574218749 -0.0376663208007813 0.100791931152344
-0.266891479492187 0.059844970703125 -0.430877685546875 -0.041107177734375
-0.234954833984375 0.073333740234375 -0.275314331054688 0.01861572265625
-0.171035766601563 0.0986785888671875 -0.0679893493652344 -0.00614547729492187
-0.138816833496094 0.135017395019531 -0.0396804809570313 -0.106254577636719
-0.07763671875 0.167724609375 -0.0647125244140625 -0.162826538085938
0.0186309814453125 0.230499267578125 -0.131622314453125 -0.18121337890625
0.09429931640625 0.204345703125 -0.217926025390625 -0.186080932617188
0.0977325439453125 0.199737548828125 -0.233688354492188 -0.173446655273438
0.102157592773438 0.231002807617187 -0.208465576171875 -0.173965454101562
0.045928955078125 0.239028930664063 -0.135360717773438 -0.18206787109375
-0.0462493896484375 0.216949462890625 -0.0852813720703125 -0.153167724609375
-0.1082763671875 0.198837280273438 -0.0203475952148438 -0.100257873535156
-0.186599731445312 0.120285034179688 0.0178680419921875 -0.040618896484375
-0.243911743164063 0.0696868896484375 -0.092376708984375 0.0955352783203125
-0.286651611328125 0.064544677734375 -0.169586181640625 0.0973968505859375
-0.0807113647460938 0.0563583374023437 -0.500732421875 -0.01568603515625
-0.0580520629882813 0.0276832580566406 -0.323394775390625 0.0473937988281251
-0.0363616943359375 0.0136146545410156 -0.098388671875 0.0258560180664063
-0.0505714416503906 0.0133056640625 -0.0520782470703125 -0.0960922241210937
-0.0489349365234375 0.0405387878417969 -0.073333740234375 -0.169891357421875
-0.0176467895507812 0.0966033935546875 -0.164535522460938 -0.219268798828125
0.0174636840820313 0.09381103515625 -0.264678955078125 -0.227508544921875
0.0313339233398438 0.0944900512695313 -0.282440185546875 -0.212921142578125
0.0268020629882813 0.118797302246094 -0.24066162109375 -0.224319458007812
-0.00619506835937499 0.109199523925781 -0.142288208007813 -0.2393798828125
-0.0474319458007813 0.081787109375 -0.0706787109375 -0.183258056640625
-0.0626792907714844 0.0615768432617188 -0.0104446411132812 -0.107933044433594
-0.0699844360351563 0.0279884338378906 -0.0111236572265625 -0.0221233367919922
-0.0875778198242188 0.0248184204101562 -0.160507202148437 0.101730346679688
-0.120506286621094 0.0443344116210937 -0.257766723632813 0.0841217041015625
-0.0959091186523438 -0.039703369140625 0.264373779296875 -0.147354125976563
-0.105186462402344 -0.01898193359375 0.165725708007813 -0.125244140625
-0.0917892456054688 0.0471572875976563 -0.00176429748535157 -0.0214328765869141
-0.0355148315429687 0.0763778686523438 -0.022491455078125 0.117279052734375
0.0047149658203125 0.0560455322265625 0.02301025390625 0.193161010742188
0.0365333557128906 0.0364990234375 0.147171020507813 0.257125854492188
0.0552597045898438 0.0291824340820313 0.26837158203125 0.24261474609375
0.04302978515625 0.0299072265625 0.298492431640625 0.20098876953125
0.0557708740234375 0.0218658447265625 0.265121459960937 0.198577880859375
0.0591506958007813 0.0457115173339844 0.178787231445312 0.208526611328125
0.043701171875 0.0715255737304688 0.104194641113281 0.131034851074219
0.0157699584960938 0.0981216430664063 0.0781631469726563 0.0430908203125
-0.0612564086914062 0.08441162109375 0.157012939453125 -0.0358734130859375
-0.0872879028320313 0.034423828125 0.3658447265625 -0.095123291015625
-0.0564498901367187 0.0191421508789063 0.550079345703125 0.0433349609375
-0.276046752929688 -0.0249176025390625 0.226821899414062 -0.136245727539062
-0.273712158203125 0.0127716064453125 0.150863647460937 -0.115249633789062
-0.230560302734375 0.10406494140625 0.0119285583496094 -0.04010009765625
-0.141372680664063 0.181228637695313 -0.0276336669921875 0.0868606567382813
-0.03955078125 0.182266235351563 0.00180053710937498 0.162750244140625
0.0670166015625 0.180389404296875 0.121688842773438 0.2425537109375
0.133132934570313 0.144943237304688 0.227218627929688 0.224365234375
0.116371154785156 0.138778686523438 0.25885009765625 0.1748046875
0.13525390625 0.139183044433594 0.231536865234375 0.168441772460937
0.114517211914063 0.171554565429688 0.161575317382813 0.178558349609375
0.0489044189453125 0.195266723632813 0.0864944458007813 0.10009765625
-0.016510009765625 0.22216796875 0.0665130615234375 0.0151901245117188
-0.152130126953125 0.179367065429687 0.160125732421875 -0.0770111083984375
-0.231216430664062 0.10003662109375 0.34783935546875 -0.107086181640625
-0.22991943359375 0.0651092529296875 0.512908935546875 0.036773681640625
-0.419219970703125 -0.00497436523437506 0.133659362792969 -0.122932434082031
-0.408416748046875 0.0418701171875 0.0983428955078125 -0.0967941284179688
-0.343658447265625 0.14801025390625 0.0210227966308593 -0.05096435546875
-0.234405517578125 0.262619018554688 -0.0230216979980469 0.0456390380859375
-0.08697509765625 0.28448486328125 -0.0112991333007813 0.10650634765625
0.0823974609375 0.301055908203125 0.0833587646484375 0.185516357421875
0.188568115234375 0.241378784179688 0.154525756835937 0.169189453125
0.171875 0.227096557617188 0.178848266601563 0.124267578125
0.198959350585937 0.234329223632812 0.161041259765625 0.117904663085938
0.163299560546875 0.272994995117188 0.117416381835938 0.126724243164063
0.058563232421875 0.29608154296875 0.0538673400878906 0.0578384399414063
-0.03515625 0.3233642578125 0.0478248596191406 -0.0123786926269531
-0.215652465820313 0.2615966796875 0.145584106445312 -0.101791381835937
-0.336944580078125 0.164581298828125 0.29083251953125 -0.09326171875
-0.364959716796875 0.1112060546875 0.417449951171875 0.043853759765625
-0.4979248046875 0.0205993652343751 -0.00232696533203128 -0.102729797363281
-0.481903076171875 0.074188232421875 0.0137443542480468 -0.0683746337890625
-0.398223876953125 0.183624267578125 0.0187110900878906 -0.050628662109375
-0.282989501953125 0.312103271484375 -0.0160503387451172 -0.00254535675048826
-0.1136474609375 0.3448486328125 -0.0211048126220703 0.0293560028076172
0.086639404296875 0.37615966796875 0.03375244140625 0.0965042114257813
0.214599609375 0.30059814453125 0.0588760375976563 0.0858154296875
0.201629638671875 0.281951904296875 0.0719757080078125 0.0551376342773438
0.23370361328125 0.29638671875 0.0630455017089844 0.0535316467285156
0.188232421875 0.337371826171875 0.050018310546875 0.0598716735839844
0.059356689453125 0.358917236328125 0.00832271575927735 0.00819540023803713
-0.05035400390625 0.384613037109375 0.0231170654296875 -0.0373344421386718
-0.253326416015625 0.308074951171875 0.118728637695312 -0.104454040527344
-0.395477294921875 0.202728271484375 0.206619262695312 -0.049407958984375
-0.444915771484375 0.1396484375 0.28228759765625 0.06329345703125
-0.495361328125 0.0474548339843749 -0.158676147460938 -0.076507568359375
-0.474365234375 0.1041259765625 -0.0895462036132813 -0.0326766967773438
-0.380401611328125 0.197509765625 0.000465393066406229 -0.0415191650390625
-0.273681640625 0.31097412109375 -0.0164031982421875 -0.0500297546386719
-0.113861083984375 0.344970703125 -0.0346183776855469 -0.0530433654785156
0.082275390625 0.386962890625 -0.0256175994873047 -0.0078163146972656
0.208526611328125 0.312042236328125 -0.04638671875 -0.0103340148925781
0.20025634765625 0.29486083984375 -0.0460662841796875 -0.0210113525390625
0.231109619140625 0.3167724609375 -0.0455703735351562 -0.0177497863769531
0.17669677734375 0.35565185546875 -0.0287723541259766 -0.0172023773193359
0.04034423828125 0.368255615234375 -0.0409164428710938 -0.0448226928710937
-0.07012939453125 0.38555908203125 -0.00267791748046876 -0.0594558715820312
-0.26507568359375 0.29827880859375 0.083221435546875 -0.0888824462890625
-0.40185546875 0.196868896484375 0.107757568359375 0.0105972290039063
-0.457489013671875 0.143157958984375 0.123771667480469 0.0874404907226563
-0.413665771484375 0.070404052734375 -0.30810546875 -0.0445556640625
-0.383819580078125 0.112884521484375 -0.190231323242188 0.00521850585937497
-0.292083740234375 0.174072265625 -0.0314311981201172 -0.0247783660888672
-0.213226318359375 0.252288818359375 -0.0278472900390625 -0.0872344970703125
-0.093170166015625 0.28314208984375 -0.0541915893554688 -0.120956420898437
0.06640625 0.332275390625 -0.0874862670898438 -0.104339599609375
0.172393798828125 0.273605346679688 -0.146697998046875 -0.100067138671875
0.16943359375 0.262252807617188 -0.15557861328125 -0.0941619873046875
0.1912841796875 0.29095458984375 -0.1444091796875 -0.0912628173828125
0.130126953125 0.31927490234375 -0.0996932983398437 -0.0973281860351563
0.00476074218749998 0.320648193359375 -0.0779876708984375 -0.0983200073242187
-0.090576171875 0.32275390625 -0.0201797485351563 -0.080078125
-0.24359130859375 0.231338500976563 0.0462913513183594 -0.0643844604492187
-0.35040283203125 0.150909423828125 0.00511932373046873 0.0675735473632813
-0.4017333984375 0.120452880859375 -0.0322799682617188 0.105278015136719
-0.265960693359375 0.074554443359375 -0.4256591796875 -0.012054443359375
-0.2337646484375 0.0874786376953125 -0.269332885742188 0.0399322509765625
-0.166412353515625 0.108749389648437 -0.0669898986816406 -0.000511169433593733
-0.130584716796875 0.146453857421875 -0.0452957153320313 -0.101638793945312
-0.067138671875 0.175094604492187 -0.0728912353515625 -0.1593017578125
0.0355072021484375 0.229049682617188 -0.14105224609375 -0.173782348632812
0.1080322265625 0.195083618164063 -0.227783203125 -0.167984008789062
0.113937377929688 0.190292358398438 -0.242828369140625 -0.15362548828125
0.1220703125 0.2213134765625 -0.217758178710938 -0.157196044921875
0.0658416748046875 0.234725952148437 -0.144882202148438 -0.172256469726562
-0.0294952392578125 0.220855712890625 -0.09112548828125 -0.14605712890625
-0.0919647216796875 0.20751953125 -0.0247344970703125 -0.097015380859375
-0.178924560546875 0.131515502929688 0.0122451782226562 -0.041290283203125
-0.242507934570313 0.085601806640625 -0.0863265991210938 0.103691101074219
-0.28369140625 0.0848388671875 -0.164627075195313 0.110427856445313
-0.0809097290039062 0.058074951171875 -0.494842529296875 0.0153808593749999
-0.0607566833496094 0.0299644470214844 -0.3157958984375 0.0703735351562499
-0.0378074645996094 0.0166015625 -0.0942459106445313 0.0324325561523438
-0.0507545471191406 0.0189666748046875 -0.057647705078125 -0.0923919677734375
-0.0461616516113281 0.047576904296875 -0.08349609375 -0.165664672851563
-0.00885772705078126 0.09912109375 -0.177322387695312 -0.208526611328125
0.0252609252929688 0.0916748046875 -0.278106689453125 -0.206344604492188
0.0407028198242188 0.09063720703125 -0.29376220703125 -0.188690185546875
0.0390243530273438 0.116165161132813 -0.254714965820312 -0.2039794921875
0.00427246093750001 0.109291076660156 -0.157958984375 -0.22802734375
-0.0402984619140625 0.0861663818359375 -0.0808563232421875 -0.177230834960937
-0.0563621520996094 0.0682411193847656 -0.0171585083007813 -0.105598449707031
-0.0687637329101563 0.0340805053710937 -0.0157546997070313 -0.0200843811035156
-0.0895767211914062 0.0318984985351563 -0.154159545898438 0.11474609375
-0.120132446289062 0.05322265625 -0.253128051757813 0.1025390625
-0.0928497314453125 -0.035125732421875 0.264877319335938 -0.158340454101563
-0.103607177734375 -0.0169448852539062 0.1654052734375 -0.134613037109375
-0.0895309448242188 0.04681396484375 -0.000419616699218754 -0.0230159759521484
-0.0334701538085937 0.0760879516601563 -0.0149002075195312 0.117851257324219
0.00526046752929688 0.0552291870117187 0.0318450927734375 0.193206787109375
0.0357131958007813 0.0340347290039063 0.15826416015625 0.25286865234375
0.055511474609375 0.026702880859375 0.279541015625 0.23089599609375
0.0429725646972656 0.0279731750488281 0.307525634765625 0.1864013671875
0.055145263671875 0.018280029296875 0.275146484375 0.187606811523438
0.0606460571289063 0.0421524047851563 0.18975830078125 0.203750610351562
0.0467605590820313 0.0687828063964844 0.110313415527344 0.129188537597656
0.01971435546875 0.0950698852539062 0.079498291015625 0.0423965454101563
-0.0567626953125 0.0858154296875 0.155181884765625 -0.0404510498046875
-0.0838546752929688 0.0380096435546875 0.36077880859375 -0.110321044921875
-0.0524711608886719 0.0204849243164062 0.550811767578125 0.02301025390625
-0.275100708007813 -0.0131988525390625 0.228683471679687 -0.144851684570313
-0.271484375 0.0212554931640625 0.150833129882812 -0.122283935546875
-0.227188110351562 0.108657836914063 0.0123481750488281 -0.042266845703125
-0.135787963867188 0.18597412109375 -0.0211181640625 0.088409423828125
-0.035400390625 0.182769775390625 0.01043701171875 0.163284301757813
0.0727691650390625 0.176605224609375 0.133712768554687 0.2371826171875
0.138053894042969 0.138839721679688 0.239944458007813 0.214263916015625
0.121826171875 0.133644104003906 0.267135620117188 0.161956787109375
0.141082763671875 0.132644653320313 0.240692138671875 0.15863037109375
0.12261962890625 0.166427612304688 0.172943115234375 0.17340087890625
0.0562744140625 0.193695068359375 0.0925979614257813 0.0986785888671875
-0.00749206542968748 0.222442626953125 0.0678520202636719 0.0153160095214844
-0.146499633789063 0.183441162109375 0.155685424804687 -0.0819854736328125
-0.228500366210938 0.109359741210937 0.341278076171875 -0.1209716796875
-0.226547241210938 0.073486328125 0.514007568359375 0.01959228515625
-0.4183349609375 0.0116271972656251 0.136398315429687 -0.127700805664063
-0.4075927734375 0.055816650390625 0.100120544433594 -0.100418090820313
-0.34039306640625 0.15594482421875 0.02117919921875 -0.0517005920410156
-0.226348876953125 0.27166748046875 -0.0180282592773438 0.0473594665527344
-0.077667236328125 0.288055419921875 -0.00367736816406251 0.106307983398438
0.09228515625 0.297149658203125 0.093994140625 0.1810302734375
0.196929931640625 0.233184814453125 0.16448974609375 0.162261962890625
0.182464599609375 0.220077514648437 0.185104370117188 0.115020751953125
0.210662841796875 0.22613525390625 0.16796875 0.11138916015625
0.175674438476562 0.26715087890625 0.126472473144531 0.122222900390625
0.070648193359375 0.2965087890625 0.0591773986816406 0.0573158264160156
-0.021759033203125 0.327056884765625 0.0499229431152344 -0.0117645263671875
-0.208099365234375 0.268020629882813 0.140098571777344 -0.106292724609375
-0.33477783203125 0.1778564453125 0.287078857421875 -0.10406494140625
-0.36163330078125 0.1251220703125 0.419952392578125 0.031097412109375
-0.49884033203125 0.041107177734375 0.00115203857421871 -0.101669311523437
-0.481719970703125 0.0917663574218749 0.0154266357421875 -0.0672721862792969
-0.393829345703125 0.195037841796875 0.0191230773925781 -0.0504875183105469
-0.272705078125 0.323822021484375 -0.0125818252563477 -0.000185012817382794
-0.102142333984375 0.351287841796875 -0.0158061981201172 0.0300693511962891
0.100189208984375 0.3721923828125 0.0415496826171875 0.0926971435546875
0.226165771484375 0.292327880859375 0.0657882690429688 0.0826644897460938
0.214813232421875 0.273773193359375 0.075653076171875 0.0511703491210938
0.24932861328125 0.286590576171875 0.0668220520019531 0.0510330200195313
0.20489501953125 0.331756591796875 0.0555000305175781 0.0566596984863282
0.0738525390625 0.36004638671875 0.012293815612793 0.00869750976562502
-0.035308837890625 0.38970947265625 0.0244636535644531 -0.036224365234375
-0.24560546875 0.317291259765625 0.111724853515625 -0.108818054199219
-0.393646240234375 0.218719482421875 0.205123901367188 -0.05621337890625
-0.44158935546875 0.15728759765625 0.284454345703125 0.056732177734375
-0.49786376953125 0.0675048828124999 -0.154586791992188 -0.069244384765625
-0.474884033203125 0.121551513671875 -0.0868072509765625 -0.0263595581054688
-0.377410888671875 0.210174560546875 0.00042724609374998 -0.0401763916015625
-0.263763427734375 0.326873779296875 -0.0148277282714844 -0.0476760864257812
-0.10235595703125 0.35272216796875 -0.03265380859375 -0.0525665283203125
0.097900390625 0.384124755859375 -0.021881103515625 -0.0102767944335937
0.221771240234375 0.303131103515625 -0.0432319641113281 -0.00846481323242187
0.21563720703125 0.287017822265625 -0.0448455810546875 -0.0183258056640625
0.248077392578125 0.307861328125 -0.0450592041015625 -0.0162734985351562
0.194610595703125 0.350311279296875 -0.02618408203125 -0.0176239013671875
0.055877685546875 0.37164306640625 -0.0385665893554688 -0.0434455871582031
-0.0540771484375 0.392791748046875 -0.00145721435546875 -0.0583686828613281
-0.25762939453125 0.307342529296875 0.0769729614257812 -0.0907974243164062
-0.401031494140625 0.2139892578125 0.107933044433594 0.00978088378906252
-0.454925537109375 0.161285400390625 0.127220153808594 0.0867691040039063
-0.417572021484375 0.0853881835937501 -0.304351806640625 -0.032196044921875
-0.38543701171875 0.127593994140625 -0.186676025390625 0.015167236328125
-0.290863037109375 0.18365478515625 -0.0309104919433594 -0.0228195190429687
-0.205642700195313 0.264404296875 -0.0292205810546875 -0.0846099853515625
-0.083892822265625 0.291229248046875 -0.0556488037109375 -0.120643615722656
0.080963134765625 0.332550048828125 -0.088623046875 -0.104881286621094
0.184112548828125 0.266754150390625 -0.147491455078125 -0.0947113037109375
0.184326171875 0.255599975585937 -0.158050537109375 -0.086700439453125
0.207244873046875 0.283782958984375 -0.14727783203125 -0.0847625732421875
0.147674560546875 0.316253662109375 -0.101730346679687 -0.0952224731445312
0.01776123046875 0.324676513671875 -0.0783843994140625 -0.096405029296875
-0.076019287109375 0.329803466796875 -0.0205764770507813 -0.0779571533203125
-0.23797607421875 0.24066162109375 0.0406570434570312 -0.06549072265625
-0.352020263671875 0.165435791015625 0.00787353515624998 0.0710220336914063
-0.39990234375 0.13751220703125 -0.02978515625 0.110549926757813
-0.269821166992188 0.0838165283203125 -0.422088623046875 0.00366210937499992
-0.236541748046875 0.096710205078125 -0.265625 0.0532989501953125
-0.166732788085937 0.115386962890625 -0.0651626586914063 0.00268554687500001
-0.127151489257813 0.155349731445312 -0.0480728149414063 -0.0994491577148437
-0.0608062744140625 0.182601928710938 -0.0777740478515625 -0.1591796875
0.046966552734375 0.230499267578125 -0.14654541015625 -0.172103881835937
0.118148803710938 0.191925048828125 -0.23211669921875 -0.159454345703125
0.124832153320313 0.184844970703125 -0.248245239257813 -0.14154052734375
0.135467529296875 0.217025756835938 -0.2244873046875 -0.14703369140625
0.0785675048828125 0.233856201171875 -0.151702880859375 -0.167861938476562
-0.019805908203125 0.224960327148437 -0.0940399169921875 -0.143753051757812
-0.0827484130859375 0.214874267578125 -0.0268096923828125 -0.095977783203125
-0.176376342773438 0.138946533203125 0.00757598876953124 -0.0405235290527344
-0.246124267578125 0.0968780517578125 -0.0829315185546875 0.110443115234375
-0.283905029296875 0.097198486328125 -0.163070678710938 0.1197509765625
-0.0841903686523437 0.0594940185546875 -0.492279052734375 0.03326416015625
-0.0650711059570313 0.0324516296386719 -0.31280517578125 0.084136962890625
-0.0397567749023437 0.018402099609375 -0.0922927856445313 0.0356979370117187
-0.0521278381347656 0.0236358642578125 -0.061492919921875 -0.0911102294921875
-0.0451850891113281 0.0523681640625 -0.0904083251953125 -0.165969848632812
-0.00295257568359374 0.102691650390625 -0.186630249023438 -0.20458984375
0.03033447265625 0.0911865234375 -0.286163330078125 -0.19464111328125
0.0470504760742188 0.0887298583984375 -0.301055908203125 -0.174713134765625
0.0477752685546875 0.114784240722656 -0.26385498046875 -0.192825317382813
0.0111007690429688 0.111358642578125 -0.167938232421875 -0.222991943359375
-0.0352783203125 0.0905685424804688 -0.0861663818359375 -0.175460815429688
-0.0518112182617188 0.07342529296875 -0.0198898315429688 -0.104438781738281
-0.0690460205078125 0.03790283203125 -0.0197257995605469 -0.0175018310546875
-0.093231201171875 0.0370025634765625 -0.151718139648438 0.124496459960937
-0.121726989746094 0.059814453125 -0.252883911132813 0.11383056640625
-0.091644287109375 -0.0332565307617188 0.274490356445313 -0.173416137695313
-0.1048583984375 -0.016448974609375 0.16937255859375 -0.146133422851563
-0.0906295776367188 0.0480194091796875 0.000530242919921867 -0.0255393981933594
-0.033172607421875 0.0775680541992188 -0.00915527343749999 0.120010375976562
0.00471115112304687 0.0546951293945313 0.0396881103515625 0.197616577148438
0.0346088409423828 0.0325965881347656 0.172698974609375 0.255691528320313
0.0559577941894531 0.02532958984375 0.297088623046875 0.226531982421875
0.0438652038574219 0.0276412963867188 0.322906494140625 0.1783447265625
0.0558280944824219 0.0161056518554688 0.2904052734375 0.18310546875
0.0630607604980469 0.040435791015625 0.204177856445313 0.205047607421875
0.0504074096679688 0.0686111450195313 0.118637084960938 0.132369995117188
0.02325439453125 0.0950393676757813 0.0831451416015625 0.0439071655273438
-0.0546417236328125 0.089508056640625 0.157135009765625 -0.0454254150390625
-0.0825347900390625 0.0428237915039063 0.3656005859375 -0.126251220703125
-0.0496749877929688 0.02178955078125 0.56536865234375 0.009521484375
-0.279678344726563 -0.00375366210937498 0.237060546875 -0.157440185546875
-0.276809692382813 0.0286865234375 0.156295776367187 -0.131759643554688
-0.231689453125 0.114303588867188 0.0142898559570312 -0.0449638366699219
-0.135452270507812 0.193679809570313 -0.0155563354492188 0.0907135009765625
-0.0337982177734375 0.188385009765625 0.0181121826171875 0.16680908203125
0.0770263671875 0.177688598632813 0.148300170898438 0.239410400390625
0.144607543945313 0.137924194335938 0.25567626953125 0.210784912109375
0.129867553710938 0.133712768554688 0.281646728515625 0.156494140625
0.14923095703125 0.130966186523438 0.253982543945313 0.154983520507813
0.132247924804688 0.166397094726563 0.18670654296875 0.173171997070313
0.06494140625 0.199142456054688 0.100654602050781 0.100822448730469
-3.05175781249746E-05 0.229248046875 0.0722732543945313 0.0167617797851563
-0.145843505859375 0.193450927734375 0.156814575195313 -0.087738037109375
-0.232315063476563 0.120513916015625 0.348358154296875 -0.135894775390625
-0.228424072265625 0.0826568603515625 0.5284423828125 0.00753784179687501
-0.428558349609375 0.025390625 0.14453125 -0.1348876953125
-0.417236328125 0.0686950683593751 0.104148864746094 -0.105667114257813
-0.347900390625 0.16656494140625 0.022918701171875 -0.05413818359375
-0.225860595703125 0.28643798828125 -0.013671875 0.0499839782714844
-0.073211669921875 0.2999267578125 0.00358581542968751 0.108558654785156
0.102386474609375 0.3013916015625 0.106857299804688 0.181320190429688
0.209030151367188 0.232574462890625 0.178619384765625 0.16033935546875
0.196060180664062 0.221343994140625 0.195632934570313 0.11053466796875
0.225326538085938 0.224960327148437 0.17755126953125 0.108505249023438
0.191680908203125 0.26934814453125 0.137657165527344 0.120712280273438
0.08270263671875 0.30474853515625 0.0660743713378906 0.0588150024414063
-0.011566162109375 0.3387451171875 0.0534439086914063 -0.0109481811523437
-0.20904541015625 0.282012939453125 0.138084411621094 -0.112319946289063
-0.341400146484375 0.1954345703125 0.292205810546875 -0.114776611328125
-0.36724853515625 0.14068603515625 0.4322509765625 0.023040771484375
-0.51171875 0.0582885742187499 0.00634765624999997 -0.103622436523438
-0.493560791015625 0.110321044921875 0.0184898376464843 -0.0676956176757813
-0.405181884765625 0.208770751953125 0.0207481384277343 -0.0524826049804687
-0.272247314453125 0.3447265625 -0.00920963287353517 0.0015382766723633
-0.09649658203125 0.36639404296875 -0.0117874145507813 0.0295753479003906
0.114227294921875 0.380126953125 0.0499267578125 0.0908966064453125
0.24127197265625 0.292449951171875 0.0751724243164063 0.0813827514648438
0.232162475585937 0.275863647460938 0.0812454223632813 0.0498809814453125
0.268951416015625 0.287567138671875 0.0727386474609375 0.0509490966796875
0.224639892578125 0.33587646484375 0.062347412109375 0.0554618835449219
0.088958740234375 0.371429443359375 0.0169906616210938 0.00891876220703127
-0.022705078125 0.40606689453125 0.0273170471191406 -0.0365104675292968
-0.24761962890625 0.333343505859375 0.108711242675781 -0.113136291503906
-0.404327392578125 0.239471435546875 0.209945678710937 -0.0626068115234375
-0.45001220703125 0.17724609375 0.2952880859375 0.0540771484375
-0.514312744140625 0.0866088867187499 -0.153839111328125 -0.0654449462890625
-0.488372802734375 0.141357421875 -0.0858993530273438 -0.0215225219726562
-0.387725830078125 0.225128173828125 0.0018653869628906 -0.0397491455078125
-0.26263427734375 0.345947265625 -0.0133285522460938 -0.0464439392089844
-0.09539794921875 0.37005615234375 -0.0312957763671875 -0.0553932189941406
0.11456298828125 0.39459228515625 -0.0194377899169922 -0.013702392578125
0.238037109375 0.30499267578125 -0.0412635803222656 -0.00805664062499999
0.23309326171875 0.2884521484375 -0.045135498046875 -0.0181007385253906
0.2698974609375 0.307403564453125 -0.0453033447265625 -0.0132522583007812
0.2152099609375 0.3543701171875 -0.0255908966064453 -0.0187110900878906
0.07061767578125 0.384368896484375 -0.0379753112792969 -0.0443344116210937
-0.041839599609375 0.409454345703125 0.000457763671874992 -0.0586891174316406
-0.26019287109375 0.3238525390625 0.0731353759765625 -0.094451904296875
-0.41357421875 0.235198974609375 0.112190246582031 0.00828552246093752
-0.46600341796875 0.181640625 0.133018493652344 0.0899658203125
-0.430328369140625 0.101165771484375 -0.307861328125 -0.0238037109375
-0.398223876953125 0.1439208984375 -0.188858032226563 0.025054931640625
-0.299591064453125 0.198394775390625 -0.0298633575439453 -0.0205955505371094
-0.20562744140625 0.2833251953125 -0.0296630859375 -0.0834274291992187
-0.07684326171875 0.30712890625 -0.0583114624023438 -0.124008178710937
0.095733642578125 0.341094970703125 -0.0919265747070313 -0.109146118164062
0.198440551757813 0.269744873046875 -0.15240478515625 -0.0929718017578125
0.200485229492188 0.25640869140625 -0.1640625 -0.0820159912109375
0.2281494140625 0.283935546875 -0.153106689453125 -0.0813140869140625
0.1656494140625 0.32196044921875 -0.106826782226562 -0.0959854125976563
0.0306396484375 0.337432861328125 -0.0803680419921875 -0.0983657836914062
-0.066650390625 0.344573974609375 -0.020599365234375 -0.0789794921875
-0.242156982421875 0.254425048828125 0.0362968444824219 -0.0669670104980469
-0.364044189453125 0.183319091796875 0.0103759765625 0.0752334594726563
-0.410919189453125 0.155029296875 -0.02777099609375 0.117591857910156
-0.280929565429688 0.09564208984375 -0.4300537109375 0.01629638671875
-0.246551513671875 0.109268188476563 -0.269546508789063 0.066070556640625
-0.1732177734375 0.12451171875 -0.0656013488769531 0.00667190551757814
-0.128555297851563 0.167999267578125 -0.0511245727539063 -0.0996551513671875
-0.056365966796875 0.194671630859375 -0.083831787109375 -0.163177490234375
0.05877685546875 0.239120483398437 -0.156509399414062 -0.17547607421875
0.128692626953125 0.19384765625 -0.243621826171875 -0.155929565429687
0.137420654296875 0.187103271484375 -0.258209228515625 -0.135772705078125
0.151275634765625 0.218612670898438 -0.234771728515625 -0.142242431640625
0.092071533203125 0.239593505859375 -0.160781860351562 -0.168960571289063
-0.0120697021484375 0.235610961914063 -0.0993194580078125 -0.14630126953125
-0.07611083984375 0.226776123046875 -0.0281829833984375 -0.0968017578125
-0.179885864257812 0.149673461914063 0.00334930419921874 -0.0395736694335938
-0.255813598632813 0.110321044921875 -0.0819473266601563 0.119873046875
-0.29254150390625 0.1109619140625 -0.166046142578125 0.131317138671875
-0.0905914306640625 0.0624008178710938 -0.503173828125 0.047271728515625
-0.0720367431640625 0.0362930297851563 -0.3189697265625 0.097930908203125
-0.0443344116210938 0.0214042663574219 -0.0920333862304688 0.0398712158203125
-0.0555496215820313 0.0289115905761719 -0.0659027099609375 -0.0914459228515625
-0.0444412231445313 0.0598716735839844 -0.09759521484375 -0.169540405273438
0.00411224365234374 0.108192443847656 -0.199417114257813 -0.207015991210938
0.036224365234375 0.0940933227539063 -0.301666259765625 -0.189727783203125
0.0532302856445313 0.0887908935546875 -0.314300537109375 -0.16748046875
0.05718994140625 0.11669921875 -0.277053833007813 -0.186874389648437
0.0184707641601563 0.115211486816406 -0.181427001953125 -0.223434448242187
-0.0324172973632813 0.0958786010742188 -0.093963623046875 -0.1783447265625
-0.0483245849609375 0.0799713134765625 -0.0232772827148438 -0.106117248535156
-0.0717926025390625 0.0436325073242188 -0.0233879089355469 -0.0149593353271484
-0.1002197265625 0.0444869995117187 -0.152923583984375 0.136932373046875
-0.126731872558594 0.0668716430664063 -0.261245727539063 0.127471923828125
-0.0935440063476563 -0.0321044921875 0.286590576171875 -0.197998046875
-0.10833740234375 -0.0160675048828125 0.174331665039063 -0.164718627929688
-0.0933456420898437 0.0509796142578125 0.00059318542480468 -0.0295906066894531
-0.032440185546875 0.0809326171875 -0.00181579589843752 0.124397277832031
0.00470733642578126 0.0569725036621094 0.0522308349609375 0.20538330078125
0.0347576141357422 0.0317974090576172 0.19659423828125 0.261428833007812
0.0584297180175781 0.0229606628417969 0.32513427734375 0.22198486328125
0.0466957092285156 0.026947021484375 0.348876953125 0.169219970703125
0.057220458984375 0.0127944946289063 0.315826416015625 0.1776123046875
0.0675201416015625 0.0376777648925781 0.2269287109375 0.207015991210938
0.0566024780273438 0.0684165954589844 0.132705688476563 0.13677978515625
0.0286788940429688 0.0972976684570313 0.0896759033203125 0.0442047119140625
-0.0520477294921875 0.095916748046875 0.16229248046875 -0.05377197265625
-0.08203125 0.048980712890625 0.376953125 -0.15338134765625
-0.0485572814941406 0.0238151550292969 0.59539794921875 -0.01605224609375
-0.29034423828125 0.00860595703125006 0.250595092773438 -0.17718505859375
-0.288787841796875 0.04193115234375 0.162521362304687 -0.14654541015625
-0.240432739257813 0.126495361328125 0.0141792297363281 -0.0493202209472656
-0.13446044921875 0.209365844726563 -0.00839233398437501 0.0950546264648438
-0.0283966064453125 0.199874877929687 0.0290679931640625 0.17376708984375
0.08660888671875 0.18255615234375 0.171127319335938 0.243057250976563
0.157363891601563 0.137954711914063 0.28253173828125 0.20635986328125
0.14361572265625 0.134796142578125 0.303619384765625 0.148468017578125
0.163803100585938 0.128982543945313 0.27685546875 0.14996337890625
0.147705078125 0.168212890625 0.207489013671875 0.173446655273438
0.0789337158203125 0.207122802734375 0.113479614257812 0.103828430175781
0.010772705078125 0.240798950195313 0.0792083740234375 0.01617431640625
-0.145660400390625 0.20941162109375 0.158920288085938 -0.097991943359375
-0.2391357421875 0.13983154296875 0.35748291015625 -0.160797119140625
-0.235336303710938 0.0975799560546875 0.558349609375 -0.013885498046875
-0.447479248046875 0.048309326171875 0.153945922851562 -0.148727416992188
-0.43560791015625 0.0914916992187501 0.110137939453125 -0.11553955078125
-0.36224365234375 0.187286376953125 0.024261474609375 -0.0590171813964844
-0.224884033203125 0.3128662109375 -0.00682449340820313 0.0528335571289063
-0.06536865234375 0.32000732421875 0.0112991333007812 0.111862182617188
0.120208740234375 0.312591552734375 0.12469482421875 0.182464599609375
0.229843139648438 0.235015869140625 0.198837280273438 0.157730102539063
0.218536376953125 0.22344970703125 0.212615966796875 0.105499267578125
0.249923706054688 0.22412109375 0.194595336914063 0.105728149414063
0.217422485351562 0.2734375 0.153640747070313 0.119491577148438
0.103057861328125 0.3189697265625 0.075592041015625 0.0591506958007813
0.005279541015625 0.3585205078125 0.0586929321289063 -0.0122489929199219
-0.2099609375 0.30694580078125 0.137496948242187 -0.1224365234375
-0.353271484375 0.223175048828125 0.30072021484375 -0.135284423828125
-0.380645751953125 0.166046142578125 0.45843505859375 0.00802612304687501
-0.536224365234375 0.08660888671875 0.0110092163085937 -0.109199523925781
-0.517913818359375 0.1407470703125 0.0219573974609375 -0.0698699951171875
-0.4219970703125 0.23773193359375 0.0221176147460937 -0.0559921264648437
-0.27215576171875 0.37652587890625 -0.00419116020202638 0.00342631340026858
-0.0855712890625 0.393310546875 -0.00701713562011719 0.0289783477783203
0.139556884765625 0.395751953125 0.0608444213867188 0.0890960693359375
0.26739501953125 0.296661376953125 0.086761474609375 0.0804672241210938
0.260894775390625 0.278854370117188 0.0893478393554688 0.048553466796875
0.300811767578125 0.288177490234375 0.080657958984375 0.0507278442382813
0.255279541015625 0.34246826171875 0.0705795288085938 0.0539703369140625
0.11273193359375 0.390411376953125 0.0214595794677734 0.00844383239746096
-0.00305175781250002 0.4310302734375 0.0308265686035156 -0.0379295349121093
-0.250091552734375 0.363433837890625 0.106498718261719 -0.122093200683594
-0.419342041015625 0.273834228515625 0.21759033203125 -0.07501220703125
-0.466796875 0.208343505859375 0.315338134765625 0.047607421875
-0.53857421875 0.116424560546875 -0.156524658203125 -0.06146240234375
-0.51025390625 0.173736572265625 -0.0866851806640625 -0.0152664184570313
-0.404144287109375 0.2537841796875 0.00457763671874998 -0.0413322448730469
-0.263214111328125 0.37994384765625 -0.011383056640625 -0.0468177795410156
-0.082977294921875 0.398040771484375 -0.0324745178222656 -0.0596961975097656
0.1397705078125 0.41058349609375 -0.0179309844970703 -0.0184364318847656
0.26611328125 0.311065673828125 -0.0395278930664062 -0.00857925415039061
0.263427734375 0.29241943359375 -0.0459938049316406 -0.0156784057617187
0.302642822265625 0.309844970703125 -0.0460205078125 -0.0112380981445312
0.247528076171875 0.362762451171875 -0.0266761779785156 -0.0196685791015625
0.094635009765625 0.404693603515625 -0.0391616821289062 -0.0454864501953125
-0.02325439453125 0.4366455078125 0.000579833984374994 -0.0611228942871093
-0.26385498046875 0.355224609375 0.069610595703125 -0.100898742675781
-0.42962646484375 0.27105712890625 0.118873596191406 0.00558471679687502
-0.482757568359375 0.21405029296875 0.145858764648437 0.0926666259765625
-0.450775146484375 0.128204345703125 -0.3177490234375 -0.0103149414062499
-0.417999267578125 0.174652099609375 -0.194000244140625 0.03863525390625
-0.31402587890625 0.2235107421875 -0.0290641784667969 -0.0184097290039062
-0.20574951171875 0.3125 -0.03131103515625 -0.0855941772460937
-0.066192626953125 0.331756591796875 -0.065032958984375 -0.13140869140625
0.12042236328125 0.35693359375 -0.100112915039063 -0.114151000976562
0.224365234375 0.274993896484375 -0.161865234375 -0.09112548828125
0.22686767578125 0.259963989257813 -0.17352294921875 -0.0769500732421875
0.259185791015625 0.2864990234375 -0.163604736328125 -0.0759124755859375
0.19500732421875 0.332183837890625 -0.116325378417969 -0.0971145629882812
0.050628662109375 0.3575439453125 -0.08819580078125 -0.100265502929687
-0.051605224609375 0.36962890625 -0.0229568481445313 -0.0822982788085937
-0.246490478515625 0.28167724609375 0.0325050354003906 -0.069580078125
-0.3804931640625 0.21502685546875 0.0151748657226562 0.0820770263671875
-0.42803955078125 0.1845703125 -0.0239334106445313 0.130081176757813
-0.297027587890625 0.113525390625 -0.447021484375 0.037628173828125
-0.260665893554688 0.130294799804688 -0.278793334960938 0.0852508544921875
-0.183181762695312 0.14007568359375 -0.0652084350585938 0.0112495422363281
-0.129928588867188 0.188064575195313 -0.0558395385742188 -0.101600646972656
-0.0498199462890625 0.212371826171875 -0.0944976806640625 -0.170578002929688
0.0771484375 0.250885009765625 -0.17266845703125 -0.180953979492188
0.14794921875 0.199310302734375 -0.262725830078125 -0.152191162109375
0.15692138671875 0.188934326171875 -0.275955200195313 -0.127838134765625
0.175445556640625 0.2208251953125 -0.25311279296875 -0.135589599609375
0.113906860351563 0.24932861328125 -0.178924560546875 -0.1702880859375
0.000198364257812521 0.2515869140625 -0.110946655273438 -0.150421142578125
-0.066802978515625 0.245391845703125 -0.033172607421875 -0.101150512695312
-0.185272216796875 0.168365478515625 -0.000717163085937513 -0.0394172668457031
-0.269790649414063 0.132675170898438 -0.08062744140625 0.133682250976562
-0.30615234375 0.1329345703125 -0.170425415039063 0.149429321289063
-0.0986328125 0.0707168579101563 -0.5260009765625 0.0715637207031251
-0.079925537109375 0.0441436767578125 -0.33001708984375 0.120758056640625
-0.0499038696289063 0.0256423950195312 -0.09332275390625 0.0474166870117187
-0.0594100952148437 0.0365180969238281 -0.073333740234375 -0.0932769775390625
-0.0430526733398438 0.0689926147460938 -0.1119384765625 -0.175506591796875
0.0137710571289063 0.116607666015625 -0.222549438476563 -0.210418701171875
0.0453109741210938 0.0980606079101563 -0.32733154296875 -0.184539794921875
0.0630416870117188 0.0909347534179688 -0.33740234375 -0.158172607421875
0.0701522827148438 0.118484497070313 -0.30078125 -0.180572509765625
0.02886962890625 0.12213134765625 -0.203338623046875 -0.225906372070313
-0.0274124145507813 0.10516357421875 -0.107574462890625 -0.18365478515625
-0.0451431274414063 0.0894699096679688 -0.0290069580078125 -0.110542297363281
-0.0748138427734375 0.0522232055664062 -0.0279102325439453 -0.0117778778076172
-0.107505798339844 0.0561676025390625 -0.155258178710937 0.15582275390625
-0.133834838867188 0.0787124633789063 -0.27239990234375 0.149551391601563
-0.0960159301757813 -0.029632568359375 0.291900634765625 -0.236602783203125
-0.113761901855469 -0.0125656127929687 0.17529296875 -0.191986083984375
-0.0955047607421875 0.0580596923828125 -0.0013885498046875 -0.0340862274169922
-0.0283432006835938 0.0846939086914063 0.009674072265625 0.128684997558594
0.00679397583007812 0.0587234497070313 0.0737762451171875 0.21221923828125
0.0349388122558594 0.0308570861816406 0.231948852539062 0.261016845703125
0.060516357421875 0.0192108154296875 0.36358642578125 0.20452880859375
0.0504302978515625 0.0247840881347656 0.38092041015625 0.14794921875
0.0589752197265625 0.0081634521484375 0.349365234375 0.1607666015625
0.0727386474609375 0.0316314697265625 0.2591552734375 0.1998291015625
0.0658302307128906 0.0666999816894531 0.153045654296875 0.135513305664063
0.0379714965820313 0.09814453125 0.0993499755859375 0.0416107177734375
-0.0449600219726563 0.104537963867188 0.166427612304688 -0.0677642822265625
-0.0793228149414062 0.0580215454101563 0.381103515625 -0.193145751953125
-0.0466384887695312 0.0284919738769531 0.6258544921875 -0.0616455078125
-0.301788330078125 0.030975341796875 0.257965087890625 -0.210647583007812
-0.299224853515625 0.064239501953125 0.16534423828125 -0.170074462890625
-0.247100830078125 0.149124145507812 0.0134811401367187 -0.0555686950683594
-0.126022338867187 0.229827880859375 0.00145721435546874 0.0986709594726563
-0.016082763671875 0.214126586914062 0.0471343994140625 0.178878784179688
0.103164672851563 0.185714721679688 0.203811645507813 0.239456176757813
0.174163818359375 0.133407592773437 0.317840576171875 0.191558837890625
0.162445068359375 0.130645751953125 0.333221435546875 0.12945556640625
0.182968139648438 0.1224365234375 0.30645751953125 0.1361083984375
0.1702880859375 0.162994384765625 0.235122680664063 0.167022705078125
0.10015869140625 0.212066650390625 0.131187438964844 0.101203918457031
0.031463623046875 0.252655029296875 0.0877456665039063 0.0132369995117188
-0.137496948242187 0.23272705078125 0.157943725585938 -0.114227294921875
-0.240402221679688 0.168624877929687 0.362060546875 -0.20001220703125
-0.238037109375 0.122344970703125 0.58697509765625 -0.05853271484375
-0.46575927734375 0.085113525390625 0.160552978515625 -0.170989990234375
-0.449462890625 0.131317138671875 0.112403869628906 -0.129852294921875
-0.372100830078125 0.22406005859375 0.023406982421875 -0.0661392211914062
-0.213836669921875 0.34765625 0.00179672241210937 0.0552864074707031
-0.045257568359375 0.344635009765625 0.0243072509765625 0.1136474609375
0.149871826171875 0.320068359375 0.150772094726563 0.178558349609375
0.260513305664063 0.229202270507813 0.226638793945313 0.146194458007813
0.250076293945313 0.217437744140625 0.234573364257813 0.09375
0.282928466796875 0.214874267578125 0.215774536132813 0.0953216552734375
0.25311279296875 0.270050048828125 0.175140380859375 0.114151000976563
0.13653564453125 0.33050537109375 0.0882644653320313 0.0570144653320313
0.03607177734375 0.379150390625 0.0643196105957031 -0.0154838562011719
-0.19964599609375 0.34234619140625 0.132881164550781 -0.137382507324219
-0.35748291015625 0.2674560546875 0.305633544921875 -0.16754150390625
-0.388641357421875 0.2059326171875 0.4879150390625 -0.0252685546875
-0.558135986328125 0.134613037109375 0.0126953125 -0.117378234863281
-0.534637451171875 0.19097900390625 0.0247039794921875 -0.0743408203125
-0.43475341796875 0.283477783203125 0.0237350463867187 -0.0620384216308594
-0.258270263671875 0.421539306640625 0.000852108001708968 0.00358438491821292
-0.059326171875 0.4244384765625 -0.00234413146972657 0.0276222229003906
0.178924560546875 0.40728759765625 0.0747528076171875 0.08392333984375
0.306182861328125 0.292388916015625 0.1021728515625 0.0747451782226563
0.301025390625 0.27197265625 0.10113525390625 0.0435409545898438
0.343536376953125 0.27630615234375 0.0926284790039063 0.0472869873046875
0.302276611328125 0.33892822265625 0.0812225341796875 0.0504302978515625
0.153717041015625 0.40631103515625 0.0267658233642578 0.00657844543457034
0.03271484375 0.45697021484375 0.0332527160644531 -0.0420417785644531
-0.23895263671875 0.4049072265625 0.100021362304687 -0.13433837890625
-0.423919677734375 0.32659912109375 0.224105834960938 -0.0952301025390625
-0.47705078125 0.25982666015625 0.337921142578125 0.028076171875
-0.55975341796875 0.1663818359375 -0.160812377929688 -0.0540313720703125
-0.528289794921875 0.229705810546875 -0.0862884521484375 -0.00630950927734373
-0.41290283203125 0.302032470703125 0.0060157775878906 -0.0433540344238281
-0.24853515625 0.42724609375 -0.0106163024902344 -0.0476341247558593
-0.056304931640625 0.43084716796875 -0.0367965698242188 -0.0641326904296875
0.18170166015625 0.4227294921875 -0.0175533294677734 -0.0231494903564453
0.3074951171875 0.3077392578125 -0.0401496887207031 -0.00727081298828123
0.30535888671875 0.2861328125 -0.0472679138183594 -0.0125961303710937
0.350616455078125 0.299163818359375 -0.0462379455566406 -0.00750732421874997
0.2972412109375 0.363616943359375 -0.0293159484863281 -0.0179595947265625
0.136199951171875 0.424072265625 -0.0423622131347656 -0.0467300415039062
0.01397705078125 0.46588134765625 -0.000682830810546871 -0.0642204284667968
-0.254119873046875 0.399200439453125 0.0622177124023437 -0.108345031738281
-0.4359130859375 0.325042724609375 0.127052307128906 -0.00216674804687498
-0.49395751953125 0.266632080078125 0.163253784179687 0.0905914306640625
-0.4718017578125 0.173431396484375 -0.329864501953125 0.0136718750000001
-0.4305419921875 0.224609375 -0.196334838867188 0.0608367919921875
-0.320037841796875 0.263153076171875 -0.027425765991211 -0.0168476104736328
-0.193084716796875 0.35235595703125 -0.0345001220703125 -0.0872421264648437
-0.043121337890625 0.362518310546875 -0.0778274536132812 -0.137031555175781
0.159637451171875 0.369659423828125 -0.114669799804687 -0.117721557617187
0.262115478515625 0.27294921875 -0.175933837890625 -0.08416748046875
0.26495361328125 0.255523681640625 -0.186676025390625 -0.0676727294921875
0.302093505859375 0.2791748046875 -0.176239013671875 -0.0655975341796874
0.238677978515625 0.33477783203125 -0.130088806152344 -0.0931320190429688
0.085845947265625 0.376983642578125 -0.0993118286132813 -0.100776672363281
-0.0218505859375 0.399383544921875 -0.0280990600585938 -0.085906982421875
-0.2427978515625 0.3206787109375 0.02581787109375 -0.0725173950195312
-0.388641357421875 0.263763427734375 0.02386474609375 0.0877761840820313
-0.43914794921875 0.2320556640625 -0.0152435302734375 0.143295288085938
-0.309478759765625 0.14471435546875 -0.464111328125 0.0737609863281251
-0.269790649414063 0.162353515625 -0.283447265625 0.116973876953125
-0.188812255859375 0.167129516601563 -0.0634956359863281 0.0167388916015625
-0.124740600585938 0.214462280273437 -0.0645599365234375 -0.102951049804687
-0.0341339111328125 0.233108520507813 -0.114181518554687 -0.175216674804687
0.107101440429687 0.259017944335938 -0.198501586914062 -0.179855346679688
0.176101684570313 0.19879150390625 -0.288299560546875 -0.14093017578125
0.1856689453125 0.186614990234375 -0.299041748046875 -0.111846923828125
0.209182739257813 0.216720581054688 -0.27557373046875 -0.121688842773438
0.145782470703125 0.253372192382813 -0.203140258789063 -0.164688110351562
0.02410888671875 0.268997192382813 -0.128692626953125 -0.150726318359375
-0.0471343994140625 0.267715454101563 -0.0418472290039063 -0.103416442871094
-0.186416625976563 0.19512939453125 -0.00677490234375001 -0.0382270812988281
-0.279052734375 0.167587280273438 -0.0722808837890625 0.150527954101563
-0.31536865234375 0.16668701171875 -0.168991088867188 0.174880981445313
-0.103729248046875 0.0835494995117188 -0.546600341796875 0.115692138671875
-0.0859375 0.0565032958984375 -0.337188720703125 0.15765380859375
-0.054931640625 0.0339622497558594 -0.0912857055664063 0.0577163696289063
-0.0617904663085938 0.0481834411621094 -0.0837020874023438 -0.0940399169921875
-0.039703369140625 0.0801162719726563 -0.13360595703125 -0.1798095703125
0.0284881591796875 0.124092102050781 -0.25469970703125 -0.20574951171875
0.0587615966796875 0.10223388671875 -0.3612060546875 -0.167327880859375
0.077178955078125 0.08929443359375 -0.366668701171875 -0.1380615234375
0.0888442993164063 0.117782592773438 -0.3309326171875 -0.16412353515625
0.0447006225585937 0.12713623046875 -0.235137939453125 -0.220230102539062
-0.0183334350585937 0.115219116210937 -0.128875732421875 -0.185501098632812
-0.0370330810546875 0.100906372070313 -0.040771484375 -0.112907409667969
-0.0758895874023437 0.0638809204101563 -0.0324859619140625 -0.00725746154785156
-0.113914489746094 0.0734481811523437 -0.150924682617187 0.180648803710938
-0.138465881347656 0.0962142944335938 -0.277618408203125 0.184371948242188
-0.0975341796875 -0.024627685546875 0.280181884765625 -0.278411865234375
-0.118057250976562 -0.00470733642578126 0.160980224609375 -0.221725463867188
-0.0948638916015625 0.065521240234375 -0.00426101684570313 -0.0372543334960937
-0.023040771484375 0.0873336791992188 0.02490234375 0.130195617675781
0.0100517272949219 0.0601768493652344 0.099151611328125 0.2091064453125
0.0355262756347656 0.0301322937011719 0.270614624023438 0.240036010742188
0.0609779357910156 0.0138664245605469 0.39508056640625 0.169189453125
0.0520591735839844 0.0194969177246094 0.40655517578125 0.109649658203125
0.0574111938476563 0.00160598754882813 0.377197265625 0.12799072265625
0.0752029418945313 0.0231475830078125 0.289794921875 0.178375244140625
0.07470703125 0.0577316284179688 0.175033569335938 0.125030517578125
0.0487899780273438 0.0948410034179688 0.107490539550781 0.0347900390625
-0.0342941284179688 0.111747741699219 0.162109375 -0.0873565673828125
-0.0713119506835938 0.067352294921875 0.367645263671875 -0.24139404296875
-0.0429306030273438 0.032501220703125 0.6351318359375 -0.12841796875
-0.304901123046875 0.062408447265625 0.247879028320312 -0.248703002929688
-0.299652099609375 0.094818115234375 0.156173706054687 -0.197235107421875
-0.240463256835937 0.177078247070313 0.00960922241210937 -0.0602493286132812
-0.10797119140625 0.249038696289063 0.0168075561523437 0.101211547851563
0.00204467773437499 0.221633911132813 0.0697174072265625 0.177825927734375
0.122390747070313 0.181640625 0.238250732421875 0.21990966796875
0.190933227539062 0.119857788085938 0.34869384765625 0.160064697265625
0.181198120117188 0.116455078125 0.356231689453125 0.09466552734375
0.200668334960938 0.104415893554688 0.33319091796875 0.10687255859375
0.191482543945313 0.148300170898437 0.264190673828125 0.146240234375
0.127670288085938 0.206161499023438 0.150131225585938 0.0900115966796875
0.061004638671875 0.2568359375 0.0923919677734375 0.00323486328125002
-0.117538452148437 0.253463745117188 0.147430419921875 -0.129425048828125
-0.227310180664063 0.199813842773438 0.351287841796875 -0.243988037109375
-0.231124877929688 0.150314331054687 0.599609375 -0.11883544921875
-0.46856689453125 0.13470458984375 0.154434204101562 -0.19757080078125
-0.44732666015625 0.181854248046875 0.108047485351562 -0.147552490234375
-0.363189697265625 0.269012451171875 0.0211105346679687 -0.0712051391601562
-0.184539794921875 0.38079833984375 0.0122604370117187 0.0541954040527344
-0.011260986328125 0.3612060546875 0.0380401611328125 0.113479614257813
0.186492919921875 0.315460205078125 0.174652099609375 0.161376953125
0.291290283203125 0.209869384765625 0.252731323242188 0.121322631835938
0.282318115234375 0.196075439453125 0.251724243164062 0.069000244140625
0.313812255859375 0.187774658203125 0.236785888671875 0.0745849609375
0.29107666015625 0.248321533203125 0.194625854492188 0.0985870361328125
0.17822265625 0.325286865234375 0.100555419921875 0.0486068725585938
0.0797119140625 0.38763427734375 0.0689773559570313 -0.0225105285644531
-0.170806884765625 0.37396240234375 0.119308471679687 -0.152008056640625
-0.340576171875 0.3173828125 0.295166015625 -0.2037353515625
-0.373992919921875 0.253936767578125 0.4990234375 -0.075836181640625
-0.5616455078125 0.194488525390625 0.00938415527343747 -0.127120971679687
-0.528564453125 0.253570556640625 0.023345947265625 -0.0792312622070312
-0.422576904296875 0.335693359375 0.0203666687011718 -0.0672683715820312
-0.2230224609375 0.463409423828125 0.00611019134521483 0.00161743164062503
-0.0157470703125 0.4461669921875 0.00227165222167969 0.024801254272461
0.226409912109375 0.40087890625 0.0874786376953125 0.0728683471679688
0.346893310546875 0.26849365234375 0.115859985351563 0.0607223510742188
0.34149169921875 0.24688720703125 0.110694885253906 0.0333099365234375
0.386962890625 0.245849609375 0.104011535644531 0.0391769409179688
0.350250244140625 0.314910888671875 0.0917434692382813 0.0429840087890625
0.204010009765625 0.4056396484375 0.0329227447509766 0.00286865234375002
0.085418701171875 0.469024658203125 0.0322532653808594 -0.0467605590820312
-0.207061767578125 0.445770263671875 0.085968017578125 -0.144149780273437
-0.404388427734375 0.38482666015625 0.220016479492187 -0.121002197265625
-0.4603271484375 0.318572998046875 0.3543701171875 -0.00314331054687498
-0.5625 0.22930908203125 -0.161911010742188 -0.0409698486328125
-0.519073486328125 0.29443359375 -0.0810546875 0.00354766845703127
-0.4033203125 0.358154296875 0.00376510620117185 -0.04791259765625
-0.211395263671875 0.471343994140625 -0.00983810424804689 -0.049102783203125
-0.00973510742187503 0.45281982421875 -0.0436668395996094 -0.0652351379394531
0.235595703125 0.41748046875 -0.0210857391357422 -0.0281429290771484
0.352142333984375 0.284820556640625 -0.0398712158203125 -0.00809097290039061
0.347747802734375 0.26080322265625 -0.0450553894042969 -0.00975418090820312
0.39520263671875 0.265869140625 -0.0430488586425781 -0.00225448608398436
0.347320556640625 0.3404541015625 -0.0296955108642578 -0.0181751251220703
0.189239501953125 0.425811767578125 -0.0454025268554687 -0.0448760986328125
0.06573486328125 0.482818603515625 -0.00463485717773436 -0.0672073364257812
-0.224517822265625 0.440460205078125 0.0500717163085937 -0.114891052246094
-0.417999267578125 0.386260986328125 0.13067626953125 -0.0139999389648437
-0.4813232421875 0.330047607421875 0.18017578125 0.0786590576171875
-0.47216796875 0.229217529296875 -0.32879638671875 0.04669189453125
-0.42218017578125 0.279449462890625 -0.18865966796875 0.0894927978515625
-0.31005859375 0.3101806640625 -0.023834228515625 -0.0160026550292969
-0.16253662109375 0.3900146484375 -0.0393218994140625 -0.08721923828125
-0.00335693359375001 0.38116455078125 -0.0957107543945313 -0.136817932128906
0.2071533203125 0.36260986328125 -0.129859924316406 -0.11419677734375
0.30291748046875 0.25274658203125 -0.188095092773438 -0.070343017578125
0.30364990234375 0.233642578125 -0.195663452148438 -0.0515899658203124
0.343963623046875 0.25244140625 -0.18475341796875 -0.04901123046875
0.2872314453125 0.3192138671875 -0.142868041992187 -0.0808563232421875
0.130950927734375 0.384246826171875 -0.112442016601562 -0.0952377319335937
0.024566650390625 0.413421630859375 -0.0358200073242188 -0.0868453979492187
-0.2200927734375 0.360382080078125 0.0173873901367187 -0.0734329223632812
-0.377899169921875 0.31842041015625 0.0359039306640625 0.0914306640625
-0.4283447265625 0.28985595703125 0.00270080566406248 0.15362548828125
-0.310302734375 0.18292236328125 -0.462432861328125 0.1236572265625
-0.264053344726563 0.201126098632813 -0.2745361328125 0.153289794921875
-0.182815551757812 0.194976806640625 -0.0587348937988281 0.0228614807128906
-0.106658935546875 0.242279052734375 -0.0743255615234375 -0.100563049316406
-0.010162353515625 0.250335693359375 -0.137008666992187 -0.171417236328125
0.142120361328125 0.256484985351563 -0.223892211914062 -0.16766357421875
0.207168579101563 0.186553955078125 -0.311309814453125 -0.1153564453125
0.213668823242187 0.169876098632812 -0.3157958984375 -0.083648681640625
0.243408203125 0.197952270507813 -0.293182373046875 -0.0941162109375
0.18316650390625 0.244476318359375 -0.225967407226563 -0.146148681640625
0.057861328125 0.275558471679688 -0.149765014648438 -0.140869140625
-0.0162353515625 0.282684326171875 -0.0528335571289062 -0.104019165039062
-0.1729736328125 0.2255859375 -0.0130958557128906 -0.0336971282958984
-0.273849487304687 0.207489013671875 -0.056549072265625 0.166046142578125
-0.3084716796875 0.209259033203125 -0.154525756835938 0.202377319335938
-0.102188110351563 0.0981826782226562 -0.547637939453125 0.17431640625
-0.0867080688476563 0.0712356567382812 -0.327239990234375 0.20086669921875
-0.0556221008300781 0.0434989929199219 -0.0844573974609375 0.0677642822265625
-0.0590133666992187 0.0620956420898438 -0.0960540771484375 -0.0871429443359375
-0.0312576293945313 0.0899734497070313 -0.159927368164063 -0.171630859375
0.0474166870117187 0.123588562011719 -0.2877197265625 -0.18609619140625
0.0760040283203125 0.0992507934570313 -0.388427734375 -0.132171630859375
0.0918502807617187 0.08306884765625 -0.389984130859375 -0.104034423828125
0.108604431152344 0.109420776367188 -0.354400634765625 -0.133392333984375
0.0649490356445313 0.124244689941406 -0.264602661132813 -0.199203491210938
-0.00408935546875 0.122711181640625 -0.15185546875 -0.176834106445313
-0.0253143310546875 0.108024597167969 -0.0511627197265625 -0.113349914550781
-0.0729598999023437 0.0784072875976563 -0.0361137390136719 -0.000946044921875002
-0.112762451171875 0.0927047729492188 -0.13421630859375 0.205230712890625
-0.134918212890625 0.117271423339844 -0.267669677734375 0.221771240234375
-0.0970687866210938 -0.0181198120117187 0.251495361328125 -0.31170654296875
-0.116851806640625 0.00217437744140625 0.137939453125 -0.241485595703125
-0.0894699096679688 0.0706100463867188 -0.00767517089843751 -0.0380592346191406
-0.0159988403320313 0.0862655639648438 0.0389556884765625 0.122001647949219
0.0126380920410156 0.0583915710449219 0.121063232421875 0.196380615234375
0.033660888671875 0.0271816253662109 0.2958984375 0.208099365234375
0.0591049194335937 0.00957489013671875 0.41156005859375 0.12493896484375
0.0508804321289063 0.0143814086914063 0.413787841796875 0.066162109375
0.0541114807128906 -0.00413894653320313 0.389495849609375 0.087860107421875
0.0750579833984375 0.0131301879882813 0.3106689453125 0.1480712890625
0.079254150390625 0.0495376586914063 0.188735961914063 0.107223510742188
0.058349609375 0.0862197875976562 0.110992431640625 0.0254364013671875
-0.0208206176757813 0.111976623535156 0.151504516601563 -0.100051879882813
-0.0616073608398437 0.0728988647460937 0.337890625 -0.276153564453125
-0.0343360900878906 0.0347995758056641 0.61688232421875 -0.1910400390625
-0.295989990234375 0.0869140625 0.227890014648437 -0.278900146484375
-0.28759765625 0.120880126953125 0.138412475585937 -0.214920043945313
-0.226806640625 0.197311401367188 0.00524902343749999 -0.063201904296875
-0.08331298828125 0.256515502929688 0.0280685424804687 0.0932846069335938
0.022857666015625 0.222946166992188 0.0881500244140625 0.166763305664063
0.136825561523438 0.170623779296875 0.261062622070313 0.19134521484375
0.199798583984375 0.100677490234375 0.364471435546875 0.11920166015625
0.190475463867187 0.095794677734375 0.36358642578125 0.056549072265625
0.206497192382813 0.08160400390625 0.344696044921875 0.07025146484375
0.205078125 0.1260986328125 0.2791748046875 0.117874145507813
0.149063110351563 0.192840576171875 0.16033935546875 0.0757598876953125
0.086181640625 0.248336791992188 0.0952301025390625 -0.00373840332031248
-0.0918731689453125 0.265472412109375 0.132949829101563 -0.141250610351562
-0.206314086914063 0.224395751953125 0.320068359375 -0.277679443359375
-0.210174560546875 0.171478271484375 0.58331298828125 -0.17706298828125
-0.453857421875 0.178466796875 0.140304565429687 -0.218475341796875
-0.4267578125 0.22357177734375 0.0989990234375 -0.161041259765625
-0.3408203125 0.301727294921875 0.0158767700195312 -0.0771331787109375
-0.147186279296875 0.3970947265625 0.0216217041015625 0.0501251220703125
0.023101806640625 0.362762451171875 0.0519866943359375 0.10394287109375
0.21612548828125 0.295806884765625 0.193145751953125 0.137313842773438
0.309844970703125 0.18035888671875 0.263229370117187 0.0909881591796875
0.300933837890625 0.1636962890625 0.259185791015625 0.041259765625
0.333038330078125 0.15399169921875 0.247848510742188 0.0495147705078125
0.31610107421875 0.21575927734375 0.2064208984375 0.07794189453125
0.2130126953125 0.3089599609375 0.108299255371094 0.0377120971679688
0.119537353515625 0.378143310546875 0.0678672790527344 -0.0290489196777344
-0.13531494140625 0.392791748046875 0.103012084960937 -0.158096313476562
-0.30902099609375 0.35198974609375 0.272491455078125 -0.231414794921875
-0.3460693359375 0.290283203125 0.4932861328125 -0.124267578125
-0.541656494140625 0.250823974609375 0.00527954101562496 -0.13177490234375
-0.498992919921875 0.3076171875 0.0250320434570312 -0.082611083984375
-0.393280029296875 0.379241943359375 0.0176239013671875 -0.0730667114257812
-0.17596435546875 0.4859619140625 0.0120735168457031 -0.00126743316650388
0.028594970703125 0.450408935546875 0.00591278076171875 0.0207920074462891
0.26641845703125 0.375946044921875 0.0956497192382813 0.0557327270507813
0.3741455078125 0.2340087890625 0.1239013671875 0.0452804565429688
0.3663330078125 0.20892333984375 0.116355895996094 0.0189971923828125
0.411376953125 0.201873779296875 0.112083435058594 0.0264205932617188
0.382843017578125 0.277313232421875 0.0977706909179688 0.0325088500976563
0.24853515625 0.38470458984375 0.0352249145507813 -0.00213623046874998
0.134918212890625 0.4600830078125 0.0308876037597656 -0.0500411987304687
-0.1644287109375 0.46807861328125 0.069000244140625 -0.146621704101562
-0.366363525390625 0.43023681640625 0.206817626953125 -0.141159057617187
-0.425933837890625 0.36358642578125 0.3558349609375 -0.037353515625
-0.54095458984375 0.287109375 -0.155593872070313 -0.0301055908203125
-0.4879150390625 0.348052978515625 -0.0711135864257813 0.0118865966796875
-0.370452880859375 0.3995361328125 0.00379562377929686 -0.0517692565917968
-0.163604736328125 0.49481201171875 -0.00908279418945313 -0.0509147644042968
0.037200927734375 0.45867919921875 -0.0491409301757813 -0.0642471313476562
0.279266357421875 0.392791748046875 -0.0227851867675781 -0.0318813323974609
0.38134765625 0.247772216796875 -0.0374298095703125 -0.00731658935546874
0.376861572265625 0.2210693359375 -0.043365478515625 -0.00668334960937499
0.425384521484375 0.22198486328125 -0.040374755859375 -0.000324249267578115
0.384521484375 0.30230712890625 -0.0295276641845703 -0.0141735076904297
0.23553466796875 0.407867431640625 -0.0480690002441406 -0.041900634765625
0.1177978515625 0.4737548828125 -0.00915145874023436 -0.0679130554199218
-0.1812744140625 0.466552734375 0.0362396240234375 -0.113037109375
-0.381591796875 0.431884765625 0.130813598632812 -0.0261154174804687
-0.445465087890625 0.376617431640625 0.190643310546875 0.063507080078125
-0.45269775390625 0.277374267578125 -0.314666748046875 0.072601318359375
-0.392120361328125 0.3265380859375 -0.169509887695313 0.105377197265625
-0.2825927734375 0.345947265625 -0.0230255126953125 -0.0162868499755859
-0.122406005859375 0.410888671875 -0.0446395874023438 -0.0841064453125
0.037384033203125 0.385986328125 -0.108116149902344 -0.128440856933594
0.248046875 0.34027099609375 -0.141815185546875 -0.104141235351562
0.331146240234375 0.221954345703125 -0.192855834960937 -0.0540771484375
0.330413818359375 0.1983642578125 -0.19677734375 -0.0316619873046874
0.37347412109375 0.211151123046875 -0.184967041015625 -0.0305938720703125
0.322113037109375 0.2860107421875 -0.150039672851562 -0.0666503906249999
0.17425537109375 0.370697021484375 -0.118888854980469 -0.084625244140625
0.069000244140625 0.413818359375 -0.0428695678710938 -0.0829544067382812
-0.1854248046875 0.3839111328125 0.00693893432617186 -0.0700645446777343
-0.34637451171875 0.3621826171875 0.046905517578125 0.0873794555664063
-0.39801025390625 0.33001708984375 0.0204010009765625 0.154769897460938
-0.293212890625 0.21539306640625 -0.44354248046875 0.164947509765625
-0.244598388671875 0.23162841796875 -0.249496459960938 0.18170166015625
-0.16680908203125 0.218673706054688 -0.0536918640136719 0.0266456604003906
-0.080841064453125 0.258636474609375 -0.0799560546875 -0.0932388305664063
0.0205535888671875 0.253997802734375 -0.1551513671875 -0.158462524414063
0.17303466796875 0.240615844726563 -0.242416381835938 -0.145721435546875
0.229156494140625 0.16534423828125 -0.3204345703125 -0.083038330078125
0.233551025390625 0.146438598632813 -0.320770263671875 -0.051055908203125
0.26611328125 0.168655395507813 -0.2987060546875 -0.06524658203125
0.211715698242188 0.223556518554687 -0.24005126953125 -0.12261962890625
0.08953857421875 0.27227783203125 -0.161468505859375 -0.127349853515625
0.01556396484375 0.2855224609375 -0.06195068359375 -0.0985488891601562
-0.151580810546875 0.24591064453125 -0.017446517944336 -0.0291614532470703
-0.253341674804688 0.241714477539063 -0.0391082763671875 0.17236328125
-0.288970947265625 0.2408447265625 -0.132034301757813 0.219573974609375
-0.0987701416015625 0.1104736328125 -0.52386474609375 0.22589111328125
-0.08160400390625 0.0844573974609375 -0.2991943359375 0.234283447265625
-0.0556678771972656 0.0544662475585938 -0.0746078491210937 0.0723724365234375
-0.0540084838867187 0.0745162963867188 -0.103469848632812 -0.0788497924804688
-0.0181961059570313 0.0972976684570313 -0.177749633789063 -0.156723022460937
0.0647430419921875 0.1180419921875 -0.306549072265625 -0.155914306640625
0.0901641845703125 0.0889663696289063 -0.40228271484375 -0.0908508300781249
0.103271484375 0.0722503662109375 -0.3961181640625 -0.0621337890625001
0.123214721679688 0.0945510864257813 -0.36651611328125 -0.0956115722656251
0.0828018188476562 0.116775512695313 -0.284637451171875 -0.1712646484375
0.0132064819335937 0.124885559082031 -0.17034912109375 -0.159866333007813
-0.00941467285156249 0.112411499023438 -0.063201904296875 -0.10601806640625
-0.0638885498046875 0.0900039672851562 -0.0362434387207031 0.00673294067382813
-0.104148864746094 0.111068725585937 -0.111526489257813 0.220718383789062
-0.125259399414063 0.132476806640625 -0.245529174804688 0.251495361328125
-0.0944747924804688 -0.0135955810546875 0.224517822265625 -0.32781982421875
-0.115158081054688 0.00621795654296876 0.116989135742187 -0.250823974609375
-0.0847396850585937 0.0726852416992188 -0.00976943969726563 -0.0400238037109375
-0.013397216796875 0.0826873779296875 0.0482330322265625 0.113075256347656
0.0130538940429688 0.0558853149414063 0.134674072265625 0.18096923828125
0.0316848754882813 0.0265254974365234 0.306793212890625 0.179290771484375
0.0546836853027344 0.0074462890625 0.41217041015625 0.088775634765625
0.0483818054199219 0.0115394592285156 0.40985107421875 0.0318603515625
0.0488815307617188 -0.00684356689453125 0.38922119140625 0.0556640625
0.0716400146484375 0.00649261474609375 0.31719970703125 0.121246337890625
0.0805435180664063 0.0393905639648438 0.194168090820313 0.091644287109375
0.0625076293945313 0.0777740478515625 0.11138916015625 0.0180740356445313
-0.0104217529296875 0.109146118164063 0.14105224609375 -0.106887817382813
-0.05126953125 0.0739822387695312 0.30694580078125 -0.294769287109375
-0.0273838043212891 0.0341434478759766 0.58648681640625 -0.23028564453125
-0.282073974609375 0.104736328125 0.20538330078125 -0.294830322265625
-0.271316528320313 0.134872436523438 0.122024536132812 -0.224868774414062
-0.211380004882813 0.208404541015625 0.000823974609374984 -0.0658721923828125
-0.0663909912109375 0.255294799804688 0.0368194580078125 0.0856552124023438
0.03594970703125 0.217483520507813 0.100265502929688 0.153274536132813
0.14410400390625 0.1591796875 0.271560668945313 0.16162109375
0.20147705078125 0.0855712890625 0.3665771484375 0.085540771484375
0.1922607421875 0.07989501953125 0.361663818359375 0.027008056640625
0.2064208984375 0.065216064453125 0.344970703125 0.041229248046875
0.208892822265625 0.106643676757813 0.286376953125 0.09423828125
0.1611328125 0.176177978515625 0.166229248046875 0.0621185302734375
0.10321044921875 0.234771728515625 0.0947647094726563 -0.00933074951171874
-0.07012939453125 0.267257690429688 0.120101928710938 -0.144439697265625
-0.184188842773438 0.23443603515625 0.289520263671875 -0.294464111328125
-0.190170288085937 0.181533813476563 0.55999755859375 -0.215423583984375
-0.431396484375 0.208160400390625 0.126068115234375 -0.229446411132812
-0.397308349609375 0.248077392578125 0.0901184082031249 -0.169464111328125
-0.316680908203125 0.3221435546875 0.0108184814453125 -0.0802001953125
-0.116546630859375 0.399749755859375 0.0283355712890625 0.0424156188964844
0.048492431640625 0.355804443359375 0.0589675903320313 0.0937957763671875
0.232574462890625 0.276641845703125 0.199966430664063 0.11273193359375
0.3173828125 0.155029296875 0.26611328125 0.0651702880859375
0.307342529296875 0.1373291015625 0.25872802734375 0.0182037353515625
0.33734130859375 0.124298095703125 0.249557495117188 0.02655029296875
0.326385498046875 0.1861572265625 0.211334228515625 0.059661865234375
0.234832763671875 0.285797119140625 0.112823486328125 0.0276031494140625
0.1461181640625 0.36151123046875 0.0665473937988281 -0.0331954956054687
-0.1048583984375 0.396484375 0.0886383056640625 -0.156982421875
-0.2757568359375 0.3712158203125 0.248260498046875 -0.2467041015625
-0.315704345703125 0.307769775390625 0.473907470703125 -0.155853271484375
-0.513946533203125 0.286468505859375 0.00262451171874997 -0.136062622070313
-0.46307373046875 0.336334228515625 0.0256500244140625 -0.0864105224609375
-0.362518310546875 0.4033203125 0.0136795043945312 -0.0759124755859375
-0.136993408203125 0.4920654296875 0.0163688659667969 -0.00692558288574216
0.06317138671875 0.441436767578125 0.00815200805664063 0.0161285400390625
0.291046142578125 0.34912109375 0.0976181030273438 0.040496826171875
0.38714599609375 0.20062255859375 0.125289916992188 0.0305633544921875
0.37750244140625 0.17401123046875 0.117897033691406 0.00752258300781251
0.418701171875 0.1654052734375 0.116035461425781 0.0141983032226563
0.39874267578125 0.23968505859375 0.101799011230469 0.0240936279296875
0.2763671875 0.359405517578125 0.0375785827636719 -0.00599670410156248
0.169097900390625 0.441741943359375 0.0289688110351563 -0.052001953125
-0.127960205078125 0.473876953125 0.056427001953125 -0.14312744140625
-0.32861328125 0.454559326171875 0.192413330078125 -0.153106689453125
-0.389495849609375 0.38623046875 0.34918212890625 -0.061798095703125
-0.51226806640625 0.32391357421875 -0.147079467773438 -0.0244293212890625
-0.44989013671875 0.379425048828125 -0.0597152709960938 0.0143890380859375
-0.339141845703125 0.42572021484375 0.00231170654296872 -0.0535697937011718
-0.122222900390625 0.502288818359375 -0.00816726684570314 -0.0526466369628906
0.073272705078125 0.45086669921875 -0.0529060363769531 -0.062225341796875
0.305023193359375 0.362884521484375 -0.0255317687988281 -0.0353736877441406
0.396484375 0.213470458984375 -0.0358047485351562 -0.00828552246093748
0.389068603515625 0.184967041015625 -0.0406532287597656 -0.00531387329101561
0.43621826171875 0.1829833984375 -0.035247802734375 0.000110626220703142
0.40447998046875 0.263519287109375 -0.0269241333007812 -0.0129280090332031
0.265777587890625 0.383758544921875 -0.0472526550292969 -0.0392532348632812
0.15509033203125 0.4578857421875 -0.0116310119628906 -0.0663719177246093
-0.14752197265625 0.47540283203125 0.027587890625 -0.10791015625
-0.342926025390625 0.45831298828125 0.127098083496094 -0.033905029296875
-0.40679931640625 0.402496337890625 0.194290161132812 0.0490264892578125
-0.427032470703125 0.308074951171875 -0.295501708984375 0.089447021484375
-0.360107421875 0.350738525390625 -0.14886474609375 0.114044189453125
-0.2569580078125 0.3653564453125 -0.0219516754150391 -0.0169582366943359
-0.086944580078125 0.418975830078125 -0.0453567504882813 -0.0813369750976562
0.0697021484375 0.380523681640625 -0.115585327148437 -0.119888305664063
0.272186279296875 0.314361572265625 -0.148651123046875 -0.0953521728515625
0.346221923828125 0.19085693359375 -0.1922607421875 -0.040435791015625
0.3428955078125 0.166534423828125 -0.192001342773437 -0.0179443359375
0.385528564453125 0.174896240234375 -0.18011474609375 -0.018951416015625
0.342864990234375 0.251983642578125 -0.148971557617187 -0.0540008544921875
0.205047607421875 0.35162353515625 -0.121017456054688 -0.0753402709960937
0.101837158203125 0.40142822265625 -0.0462265014648437 -0.07904052734375
-0.155914306640625 0.3953857421875 0.00231933593749999 -0.0638809204101562
-0.313873291015625 0.386566162109375 0.05377197265625 0.0826263427734375
-0.367523193359375 0.355010986328125 0.0340118408203125 0.151229858398438
-0.27764892578125 0.2371826171875 -0.415740966796875 0.18853759765625
-0.22296142578125 0.249786376953125 -0.222763061523438 0.19659423828125
-0.152053833007812 0.234115600585938 -0.0486869812011719 0.0279960632324219
-0.0578155517578125 0.266220092773438 -0.0830230712890625 -0.08660888671875
0.04302978515625 0.253036499023437 -0.165390014648438 -0.144561767578125
0.192596435546875 0.221755981445312 -0.250717163085938 -0.126327514648438
0.24310302734375 0.14227294921875 -0.31939697265625 -0.057403564453125
0.243896484375 0.122207641601563 -0.31500244140625 -0.0277099609374999
0.27691650390625 0.1409912109375 -0.29473876953125 -0.042999267578125
0.229812622070313 0.200027465820313 -0.242050170898437 -0.10052490234375
0.11328125 0.261978149414063 -0.166259765625 -0.113601684570313
0.0404510498046875 0.279510498046875 -0.0665206909179688 -0.0916748046875
-0.131057739257812 0.256973266601563 -0.0188198089599609 -0.0226497650146484
-0.231277465820313 0.263031005859375 -0.0229339599609375 0.172988891601563
-0.266067504882812 0.260147094726563 -0.111801147460938 0.22760009765625
-0.0928878784179688 0.1180419921875 -0.491729736328125 0.256195068359375
-0.0762786865234375 0.0926513671875 -0.270965576171875 0.251663208007812
-0.0532608032226563 0.0617713928222656 -0.0655136108398438 0.0745620727539062
-0.0450286865234375 0.0824737548828125 -0.106437683105469 -0.0705337524414062
-0.00693511962890626 0.102027893066406 -0.188751220703125 -0.14013671875
0.0761947631835938 0.109619140625 -0.3140869140625 -0.128387451171875
0.100357055664063 0.0785369873046875 -0.400238037109375 -0.057586669921875
0.109878540039063 0.0609664916992188 -0.391143798828125 -0.0315856933593751
0.1307373046875 0.0791473388671875 -0.363922119140625 -0.066497802734375
0.0943756103515625 0.10595703125 -0.29168701171875 -0.144256591796875
0.0254669189453125 0.122932434082031 -0.178070068359375 -0.143234252929688
0.00252532958984374 0.111976623535156 -0.0693435668945312 -0.0987625122070313
-0.056060791015625 0.097198486328125 -0.0345592498779297 0.0134696960449219
-0.0938262939453125 0.1239013671875 -0.0913848876953125 0.226531982421875
-0.115554809570313 0.142669677734375 -0.222885131835937 0.267532348632813
-0.0916900634765625 -0.0123291015625 0.206207275390625 -0.337554931640625
-0.11456298828125 0.00690460205078126 0.102615356445313 -0.2574462890625
-0.0833282470703125 0.0728302001953125 -0.0121994018554688 -0.0415420532226563
-0.0141220092773438 0.0804443359375 0.0517730712890625 0.105194091796875
0.0113449096679688 0.0555496215820313 0.14239501953125 0.169540405273438
0.0295639038085937 0.027862548828125 0.312713623046875 0.1572265625
0.0513954162597656 0.0074462890625 0.411376953125 0.06414794921875
0.0455513000488281 0.0106048583984375 0.4056396484375 0.01025390625
0.0445785522460938 -0.00701522827148438 0.389892578125 0.034576416015625
0.0677719116210938 0.00240325927734375 0.32421875 0.103424072265625
0.0798721313476563 0.032379150390625 0.198837280273438 0.0818939208984375
0.063873291015625 0.0708084106445313 0.11181640625 0.0151824951171875
-0.00295257568359375 0.105934143066406 0.134468078613281 -0.110519409179687
-0.0434036254882813 0.0729293823242187 0.2838134765625 -0.304962158203125
-0.0219345092773438 0.0313072204589844 0.566650390625 -0.25323486328125
-0.272171020507813 0.114776611328125 0.1907958984375 -0.3046875
-0.261749267578125 0.14178466796875 0.112472534179688 -0.232421875
-0.20343017578125 0.213470458984375 -0.00188064575195314 -0.0689697265625
-0.05657958984375 0.254318237304688 0.041046142578125 0.077117919921875
0.043243408203125 0.21484375 0.10638427734375 0.142059326171875
0.148223876953125 0.152328491210938 0.275741577148438 0.140243530273438
0.201950073242188 0.0765380859375 0.3658447265625 0.0625
0.192718505859375 0.069854736328125 0.359100341796875 0.00616455078125
0.205810546875 0.055694580078125 0.346343994140625 0.021728515625
0.210800170898437 0.093597412109375 0.2923583984375 0.078033447265625
0.168960571289063 0.164352416992187 0.170318603515625 0.0527191162109375
0.112960815429687 0.225143432617188 0.0951156616210938 -0.0121307373046875
-0.055328369140625 0.267532348632813 0.112319946289063 -0.144180297851562
-0.168228149414062 0.24066162109375 0.269012451171875 -0.303863525390625
-0.176666259765625 0.185256958007813 0.542694091796875 -0.23736572265625
-0.41558837890625 0.226043701171875 0.118484497070312 -0.238357543945313
-0.380645751953125 0.260498046875 0.0858917236328125 -0.1761474609375
-0.302703857421875 0.333648681640625 0.00796508789062499 -0.0833816528320312
-0.097930908203125 0.40130615234375 0.0322761535644531 0.0353813171386719
0.065155029296875 0.350982666015625 0.062347412109375 0.0855865478515625
0.24285888671875 0.263214111328125 0.201766967773438 0.0950164794921875
0.32147216796875 0.13800048828125 0.266494750976563 0.0464019775390625
0.311492919921875 0.118865966796875 0.259353637695312 0.00300598144531251
0.339569091796875 0.105255126953125 0.251571655273438 0.0108489990234375
0.3328857421875 0.165863037109375 0.216781616210938 0.0472259521484375
0.248489379882813 0.270751953125 0.115959167480469 0.0205841064453125
0.1641845703125 0.350311279296875 0.0667724609375 -0.0356292724609375
-0.085601806640625 0.400177001953125 0.0813751220703125 -0.153350830078125
-0.2537841796875 0.38238525390625 0.232040405273438 -0.253677368164063
-0.2952880859375 0.316802978515625 0.463531494140625 -0.1739501953125
-0.494842529296875 0.3094482421875 0.00213623046874996 -0.141616821289063
-0.440887451171875 0.353973388671875 0.0282974243164062 -0.0910720825195312
-0.344573974609375 0.41961669921875 0.0111770629882812 -0.0790557861328125
-0.11138916015625 0.49627685546875 0.0192718505859375 -0.0124549865722656
0.085205078125 0.4356689453125 0.00891780853271485 0.0111713409423828
0.30584716796875 0.332275390625 0.095977783203125 0.0286102294921875
0.395263671875 0.179351806640625 0.12591552734375 0.019195556640625
0.38299560546875 0.151458740234375 0.119537353515625 -0.00154876708984374
0.423126220703125 0.139495849609375 0.118331909179688 0.00395202636718751
0.409393310546875 0.215362548828125 0.106246948242188 0.0170745849609375
0.29461669921875 0.341400146484375 0.0394325256347656 -0.0102577209472656
0.1912841796875 0.43023681640625 0.0293121337890625 -0.0533180236816406
-0.105804443359375 0.47906494140625 0.0511245727539062 -0.137962341308594
-0.30267333984375 0.46868896484375 0.182907104492188 -0.15899658203125
-0.3660888671875 0.399383544921875 0.34490966796875 -0.0771484375
-0.493072509765625 0.34674072265625 -0.139778137207031 -0.0244903564453125
-0.42364501953125 0.39764404296875 -0.0498924255371094 0.0125389099121094
-0.319244384765625 0.44189453125 0.00228500366210936 -0.0561332702636719
-0.09552001953125 0.50653076171875 -0.00597763061523438 -0.05584716796875
0.098236083984375 0.445068359375 -0.0548973083496094 -0.0624923706054687
0.32232666015625 0.343841552734375 -0.0291290283203125 -0.0389785766601562
0.40570068359375 0.189422607421875 -0.0350666046142578 -0.0103168487548828
0.396759033203125 0.16046142578125 -0.0372543334960937 -0.00633621215820311
0.443115234375 0.155120849609375 -0.0323753356933593 -0.00230789184570312
0.417510986328125 0.236785888671875 -0.0239391326904297 -0.0125980377197265
0.287933349609375 0.367095947265625 -0.0467720031738281 -0.0391349792480469
0.17877197265625 0.44573974609375 -0.0118675231933594 -0.0662918090820312
-0.124908447265625 0.48388671875 0.0241546630859375 -0.102020263671875
-0.318145751953125 0.475860595703125 0.124473571777344 -0.03912353515625
-0.38336181640625 0.4171142578125 0.19830322265625 0.0395660400390625
-0.41204833984375 0.329559326171875 -0.280746459960938 0.094696044921875
-0.339569091796875 0.36834716796875 -0.132728576660156 0.116775512695313
-0.241485595703125 0.381500244140625 -0.0189342498779297 -0.0189361572265625
-0.06280517578125 0.424072265625 -0.0441436767578125 -0.081329345703125
0.09429931640625 0.3758544921875 -0.120590209960937 -0.115043640136719
0.288665771484375 0.296112060546875 -0.154037475585937 -0.0903778076171875
0.356842041015625 0.1683349609375 -0.191131591796875 -0.032501220703125
0.35028076171875 0.144134521484375 -0.18798828125 -0.010986328125
0.39312744140625 0.149322509765625 -0.176162719726562 -0.013214111328125
0.35662841796875 0.2286376953125 -0.14764404296875 -0.0473175048828125
0.22540283203125 0.339019775390625 -0.121673583984375 -0.070465087890625
0.123748779296875 0.393218994140625 -0.04705810546875 -0.0773773193359375
-0.136688232421875 0.40496826171875 0.000556945800781241 -0.0583038330078125
-0.292144775390625 0.405029296875 0.0594100952148437 0.0801620483398438
-0.34625244140625 0.3699951171875 0.0437774658203125 0.148941040039063
-0.267776489257813 0.251983642578125 -0.397064208984375 0.199951171875
-0.21014404296875 0.261306762695313 -0.202911376953125 0.202621459960937
-0.142852783203125 0.245208740234375 -0.0434455871582031 0.0272331237792969
-0.040771484375 0.272567749023437 -0.0828857421875 -0.0835113525390625
0.061492919921875 0.2510986328125 -0.171798706054688 -0.135406494140625
0.2056884765625 0.208724975585938 -0.255233764648438 -0.11395263671875
0.252670288085938 0.124710083007813 -0.318206787109375 -0.04168701171875
0.251556396484375 0.10528564453125 -0.31072998046875 -0.0130004882812499
0.284332275390625 0.12054443359375 -0.29205322265625 -0.029937744140625
0.242507934570313 0.182586669921875 -0.242874145507813 -0.087738037109375
0.130264282226562 0.254776000976563 -0.168914794921875 -0.105072021484375
0.0576629638671875 0.275619506835938 -0.0684280395507813 -0.0887680053710938
-0.11688232421875 0.266311645507813 -0.0186271667480469 -0.0172786712646484
-0.21649169921875 0.2784423828125 -0.0119476318359375 0.173431396484375
-0.253067016601563 0.272872924804688 -0.0982818603515625 0.231414794921875
-0.0908203125 0.1246337890625 -0.469390869140625 0.270599365234375
-0.0737228393554688 0.0990676879882813 -0.249618530273437 0.2603759765625
-0.0529594421386719 0.0685272216796875 -0.0594024658203125 0.0741500854492188
-0.0380859375 0.0896759033203125 -0.107391357421875 -0.0658721923828125
0.00311279296875001 0.103935241699219 -0.194488525390625 -0.12921142578125
0.0844802856445313 0.102890014648438 -0.318145751953125 -0.111175537109375
0.108055114746094 0.0696258544921875 -0.39825439453125 -0.035980224609375
0.114906311035156 0.0522689819335938 -0.3858642578125 -0.0115356445312499
0.136665344238281 0.0674667358398438 -0.36163330078125 -0.0493774414062501
0.103500366210938 0.097076416015625 -0.294281005859375 -0.127044677734375
0.0368194580078125 0.120635986328125 -0.182205200195312 -0.133102416992188
0.0121688842773437 0.11126708984375 -0.072265625 -0.0945968627929688
-0.0485305786132813 0.103958129882812 -0.0324211120605469 0.0185489654541016
-0.0859451293945313 0.134132385253906 -0.077056884765625 0.229644775390625
-0.109619140625 0.1502685546875 -0.207550048828125 0.277618408203125
-0.090423583984375 -0.0128402709960937 0.1953125 -0.352386474609375
-0.117202758789063 0.00791931152343751 0.0916748046875 -0.268157958984375
-0.084381103515625 0.0743255615234375 -0.0146827697753906 -0.044464111328125
-0.0152206420898437 0.0805892944335938 0.0555038452148438 0.100822448730469
0.0091400146484375 0.0574798583984375 0.150192260742188 0.162704467773438
0.0287284851074219 0.0300483703613281 0.322479248046875 0.140960693359375
0.0502510070800781 0.0089111328125 0.41754150390625 0.04388427734375
0.044464111328125 0.0110130310058594 0.41107177734375 -0.00921630859375
0.0419540405273438 -0.006561279296875 0.39849853515625 0.0164794921875
0.0653152465820313 -0.00081634521484375 0.335205078125 0.0906982421875
0.0795059204101562 0.0264434814453125 0.20709228515625 0.075469970703125
0.0660285949707031 0.0666580200195313 0.115638732910156 0.01336669921875
0.00382232666015624 0.104141235351563 0.132011413574219 -0.114601135253906
-0.0376739501953125 0.0710372924804688 0.26898193359375 -0.317535400390625
-0.0180072784423828 0.0284194946289062 0.561309814453125 -0.2752685546875
-0.268508911132813 0.125579833984375 0.1832275390625 -0.319915771484375
-0.259933471679688 0.150070190429687 0.105850219726562 -0.244873046875
-0.20135498046875 0.223953247070313 -0.00521850585937501 -0.0732192993164063
-0.0501861572265625 0.25860595703125 0.0448532104492188 0.0716171264648438
0.050018310546875 0.217575073242187 0.112777709960937 0.136138916015625
0.15509033203125 0.151092529296875 0.2830810546875 0.12493896484375
0.207290649414063 0.071136474609375 0.37249755859375 0.043182373046875
0.196441650390625 0.0632476806640625 0.364227294921875 -0.01171875
0.208602905273438 0.047882080078125 0.354583740234375 0.00360107421875
0.215896606445313 0.0848846435546875 0.303375244140625 0.065277099609375
0.1781005859375 0.157150268554688 0.177566528320313 0.0457611083984375
0.124053955078125 0.222259521484375 0.09881591796875 -0.014068603515625
-0.0438232421875 0.273452758789063 0.1094970703125 -0.146316528320313
-0.15728759765625 0.249526977539063 0.256072998046875 -0.315887451171875
-0.168731689453125 0.191177368164063 0.539947509765625 -0.259613037109375
-0.40960693359375 0.24578857421875 0.114730834960938 -0.25201416015625
-0.374969482421875 0.275390625 0.0835723876953125 -0.188461303710937
-0.2974853515625 0.352294921875 0.00534057617187498 -0.0884170532226562
-0.08502197265625 0.410003662109375 0.0358238220214844 0.0294227600097657
0.07977294921875 0.3543701171875 0.0668869018554687 0.0800552368164063
0.256378173828125 0.25750732421875 0.205307006835938 0.08160400390625
0.332611083984375 0.126220703125 0.27142333984375 0.031280517578125
0.319854736328125 0.10693359375 0.264755249023438 -0.011627197265625
0.348724365234375 0.09149169921875 0.25762939453125 -0.00367736816406249
0.344940185546875 0.151763916015625 0.226425170898438 0.035919189453125
0.26568603515625 0.262069702148437 0.121665954589844 0.0145111083984375
0.181365966796875 0.34674072265625 0.0693130493164063 -0.0382766723632812
-0.070037841796875 0.411407470703125 0.080108642578125 -0.1536865234375
-0.23858642578125 0.39959716796875 0.223419189453125 -0.264495849609375
-0.2845458984375 0.330352783203125 0.463836669921875 -0.1944580078125
-0.4876708984375 0.334197998046875 0.00202941894531249 -0.15093994140625
-0.429901123046875 0.37469482421875 0.0310821533203125 -0.0994796752929687
-0.336029052734375 0.443359375 0.00944519042968749 -0.0840072631835937
-0.091400146484375 0.509063720703125 0.0220012664794922 -0.0192680358886718
0.107330322265625 0.439910888671875 0.00917816162109376 0.00727939605712893
0.323455810546875 0.323486328125 0.09539794921875 0.0197296142578125
0.409271240234375 0.162689208984375 0.128936767578125 0.00941467285156251
0.3951416015625 0.134307861328125 0.12371826171875 -0.0106658935546875
0.436492919921875 0.12054443359375 0.122451782226563 -0.00566101074218749
0.426300048828125 0.196563720703125 0.1123046875 0.0105819702148438
0.317474365234375 0.333526611328125 0.0427017211914063 -0.0142822265625
0.214324951171875 0.42816162109375 0.0302352905273438 -0.0555915832519531
-0.0870056152343749 0.49554443359375 0.0498275756835937 -0.136093139648438
-0.286285400390625 0.49151611328125 0.178909301757812 -0.167221069335937
-0.354156494140625 0.4169921875 0.349212646484375 -0.090240478515625
-0.4864501953125 0.375091552734375 -0.136482238769531 -0.0276412963867187
-0.413818359375 0.4205322265625 -0.04278564453125 0.00881195068359377
-0.30950927734375 0.46661376953125 0.00177001953124998 -0.0599632263183593
-0.071441650390625 0.520843505859375 -0.00448989868164063 -0.060943603515625
0.12286376953125 0.44879150390625 -0.0589752197265625 -0.0641517639160156
0.34344482421875 0.333526611328125 -0.0344314575195312 -0.0430030822753906
0.424102783203125 0.170989990234375 -0.0354156494140625 -0.0129814147949219
0.411376953125 0.141876220703125 -0.0344867706298828 -0.00878143310546874
0.457611083984375 0.13446044921875 -0.0303459167480468 -0.00522804260253905
0.436309814453125 0.21820068359375 -0.0206661224365234 -0.0142841339111328
0.312347412109375 0.360107421875 -0.0464668273925781 -0.0405120849609375
0.20269775390625 0.446533203125 -0.01220703125 -0.0681610107421875
-0.1068115234375 0.501190185546875 0.0237197875976562 -0.0991973876953125
-0.300537109375 0.50164794921875 0.126594543457031 -0.0433273315429687
-0.373382568359375 0.4376220703125 0.205535888671875 0.0334014892578125
-0.406219482421875 0.354888916015625 -0.2750244140625 0.0989227294921876
-0.329986572265625 0.389434814453125 -0.121192932128906 0.118057250976563
-0.2322998046875 0.405670166015625 -0.0170364379882813 -0.0207176208496094
-0.0416259765625 0.436798095703125 -0.044281005859375 -0.085357666015625
0.117279052734375 0.378936767578125 -0.127227783203125 -0.113433837890625
0.30914306640625 0.285736083984375 -0.162490844726562 -0.087677001953125
0.373138427734375 0.15087890625 -0.19384765625 -0.0277099609375
0.363006591796875 0.126190185546875 -0.188186645507813 -0.00604248046874996
0.4078369140625 0.1300048828125 -0.17816162109375 -0.009674072265625
0.375640869140625 0.211151123046875 -0.148345947265625 -0.0432281494140625
0.24859619140625 0.33319091796875 -0.123809814453125 -0.0688934326171875
0.147125244140625 0.394073486328125 -0.0493698120117187 -0.077972412109375
-0.120941162109375 0.422454833984375 0.00160598754882811 -0.0541229248046875
-0.278106689453125 0.42950439453125 0.0650711059570312 0.079620361328125
-0.338531494140625 0.38861083984375 0.0535125732421875 0.149993896484375
-0.266006469726563 0.270538330078125 -0.389801025390625 0.2095947265625
-0.204376220703125 0.277587890625 -0.189788818359375 0.209030151367188
-0.137283325195312 0.26226806640625 -0.0392417907714844 0.0263862609863281
-0.02557373046875 0.284088134765625 -0.08428955078125 -0.0848541259765625
0.0794525146484375 0.255157470703125 -0.179794311523437 -0.130661010742188
0.22113037109375 0.200592041015625 -0.265625 -0.105239868164062
0.26611328125 0.111251831054688 -0.3223876953125 -0.0294189453125
0.262481689453125 0.0915374755859375 -0.31256103515625 -0.00189208984374995
0.29632568359375 0.104156494140625 -0.295928955078125 -0.0213623046875
0.258102416992188 0.169891357421875 -0.247177124023438 -0.0791625976562499
0.148971557617187 0.252914428710937 -0.173919677734375 -0.10101318359375
0.0752105712890625 0.277328491210938 -0.0718841552734375 -0.0888595581054687
-0.106201171875 0.280929565429688 -0.0168962478637695 -0.0127172470092773
-0.206329345703125 0.29913330078125 -0.0023040771484375 0.17694091796875
-0.2471923828125 0.290435791015625 -0.088836669921875 0.2393798828125
-0.09100341796875 0.134063720703125 -0.462890625 0.28643798828125
-0.0735702514648437 0.108055114746094 -0.235885620117188 0.270584106445313
-0.05328369140625 0.0778427124023438 -0.053741455078125 0.0743331909179688
-0.0315780639648438 0.0982284545898438 -0.109344482421875 -0.0641708374023438
0.0135726928710938 0.108314514160156 -0.203567504882813 -0.122512817382813
0.0938491821289063 0.0988311767578125 -0.3282470703125 -0.09759521484375
0.116851806640625 0.06170654296875 -0.403045654296875 -0.0180053710937501
0.12200927734375 0.0437164306640625 -0.390106201171875 0.00451660156250003
0.14410400390625 0.0565948486328125 -0.367889404296875 -0.0350341796874999
0.113334655761719 0.0895462036132813 -0.302093505859375 -0.115081787109375
0.0485000610351562 0.12078857421875 -0.18865966796875 -0.1273193359375
0.02239990234375 0.112220764160156 -0.0764617919921875 -0.0931472778320312
-0.0419082641601563 0.111724853515625 -0.0303802490234375 0.0235843658447266
-0.0795135498046875 0.146835327148438 -0.0656280517578125 0.2379150390625
-0.107147216796875 0.161605834960938 -0.198883056640625 0.29205322265625
-0.09088134765625 -0.0126266479492188 0.182098388671875 -0.37640380859375
-0.121467590332031 0.00951385498046873 0.0773925781249999 -0.2852783203125
-0.0868072509765625 0.0783615112304688 -0.0199546813964844 -0.0475959777832031
-0.0166473388671875 0.0828781127929688 0.06060791015625 0.09765625
0.00878906250000001 0.0611038208007813 0.163681030273438 0.15643310546875
0.0288429260253906 0.0328121185302734 0.339599609375 0.12213134765625
0.0507049560546875 0.0102996826171875 0.4310302734375 0.017425537109375
0.0444297790527344 0.0120010375976563 0.422607421875 -0.03515625
0.0394935607910156 -0.00593185424804688 0.4139404296875 -0.009185791015625
0.06353759765625 -0.0040740966796875 0.3551025390625 0.071624755859375
0.080657958984375 0.0200729370117188 0.221221923828125 0.0668792724609375
0.0695381164550781 0.0622444152832031 0.122550964355469 0.00940704345703125
0.012054443359375 0.103256225585937 0.129997253417969 -0.124008178710938
-0.0320587158203125 0.0706939697265625 0.255859375 -0.341094970703125
-0.0138931274414062 0.0256557464599609 0.5623779296875 -0.3115234375
-0.266571044921875 0.142059326171875 0.17364501953125 -0.34466552734375
-0.258941650390625 0.1654052734375 0.094818115234375 -0.26348876953125
-0.198532104492188 0.241775512695313 -0.010528564453125 -0.0776214599609375
-0.041534423828125 0.269683837890625 0.0493545532226562 0.0670204162597656
0.0617828369140625 0.22344970703125 0.123359680175781 0.130043029785156
0.16619873046875 0.148773193359375 0.29583740234375 0.10699462890625
0.217559814453125 0.063690185546875 0.38409423828125 0.01763916015625
0.205184936523438 0.053985595703125 0.37542724609375 -0.037078857421875
0.217071533203125 0.0384521484375 0.3673095703125 -0.02117919921875
0.2257080078125 0.0734405517578125 0.32220458984375 0.045135498046875
0.192031860351563 0.14935302734375 0.189849853515625 0.0363616943359375
0.140335083007813 0.22088623046875 0.104316711425781 -0.018951416015625
-0.02783203125 0.2841796875 0.10687255859375 -0.15411376953125
-0.145309448242188 0.265594482421875 0.2440185546875 -0.33819580078125
-0.161895751953125 0.203033447265625 0.542816162109375 -0.29510498046875
-0.4073486328125 0.276641845703125 0.108505249023438 -0.272354125976563
-0.36956787109375 0.30303955078125 0.0784454345703125 -0.205764770507813
-0.29010009765625 0.38140869140625 0.000190734863281239 -0.094818115234375
-0.064727783203125 0.42901611328125 0.0392494201660156 0.0224113464355469
0.102569580078125 0.36248779296875 0.0720138549804688 0.0744781494140625
0.278717041015625 0.251190185546875 0.212509155273438 0.0663909912109375
0.350860595703125 0.11114501953125 0.280624389648437 0.0101165771484375
0.335357666015625 0.08941650390625 0.2735595703125 -0.033203125
0.36492919921875 0.071929931640625 0.26702880859375 -0.0241546630859375
0.36431884765625 0.1331787109375 0.240646362304688 0.02008056640625
0.29010009765625 0.25347900390625 0.129753112792969 0.00567626953125002
0.20880126953125 0.347015380859375 0.0734405517578125 -0.0437164306640625
-0.04644775390625 0.431243896484375 0.0772705078125 -0.15948486328125
-0.221221923828125 0.427703857421875 0.214019775390625 -0.283203125
-0.274688720703125 0.35369873046875 0.47161865234375 -0.224700927734375
-0.48333740234375 0.3758544921875 -0.000961303710937545 -0.163864135742187
-0.42132568359375 0.410491943359375 0.0309295654296875 -0.11236572265625
-0.32415771484375 0.481475830078125 0.00556182861328122 -0.09088134765625
-0.0629577636718751 0.5308837890625 0.0240097045898437 -0.0273246765136718
0.1387939453125 0.44818115234375 0.0092906951904297 0.00292301177978518
0.354583740234375 0.313812255859375 0.09552001953125 0.00994873046875002
0.43328857421875 0.140960693359375 0.133506774902344 -0.00312042236328124
0.415924072265625 0.111602783203125 0.129440307617188 -0.0241012573242187
0.45947265625 0.094451904296875 0.127304077148438 -0.0185699462890625
0.4525146484375 0.17327880859375 0.121421813964844 -0.000198364257812489
0.350982666015625 0.324005126953125 0.0460357666015625 -0.0203056335449219
0.248443603515625 0.429107666015625 0.0319328308105469 -0.0608787536621093
-0.05938720703125 0.52130126953125 0.0486221313476563 -0.138763427734375
-0.26513671875 0.527191162109375 0.175735473632813 -0.18084716796875
-0.342498779296875 0.4498291015625 0.35931396484375 -0.112213134765625
-0.481475830078125 0.41949462890625 -0.13702392578125 -0.0307846069335938
-0.40167236328125 0.45953369140625 -0.03662109375 0.00370025634765628
-0.295745849609375 0.50738525390625 0.000228881835937481 -0.0655860900878906
-0.0400390625 0.543975830078125 -0.00487518310546876 -0.0690383911132812
0.158050537109375 0.456878662109375 -0.0647163391113281 -0.0662918090820312
0.37652587890625 0.32415771484375 -0.0409431457519531 -0.0455093383789062
0.449432373046875 0.1466064453125 -0.0361518859863281 -0.0154685974121094
0.4332275390625 0.116973876953125 -0.0339641571044922 -0.0121860504150391
0.482818603515625 0.1063232421875 -0.0308609008789062 -0.00821495056152343
0.46630859375 0.1947021484375 -0.0178394317626953 -0.0166206359863281
0.3497314453125 0.35211181640625 -0.0485572814941406 -0.042144775390625
0.240234375 0.44873046875 -0.0140304565429687 -0.0717239379882812
-0.079498291015625 0.528839111328125 0.0241012573242188 -0.09930419921875
-0.278778076171875 0.5396728515625 0.1298828125 -0.0506439208984375
-0.3631591796875 0.472747802734375 0.218048095703125 0.0223388671875
-0.401702880859375 0.39508056640625 -0.273788452148438 0.10784912109375
-0.318023681640625 0.424072265625 -0.111679077148438 0.122016906738281
-0.219024658203125 0.4423828125 -0.0157756805419922 -0.0244388580322265
-0.011962890625 0.4593505859375 -0.0471649169921875 -0.0907211303710937
0.150238037109375 0.384521484375 -0.137664794921875 -0.11138916015625
0.339996337890625 0.27520751953125 -0.174484252929688 -0.0825042724609375
0.397186279296875 0.128204345703125 -0.200027465820312 -0.0206146240234375
0.38458251953125 0.102630615234375 -0.191558837890625 0.000869750976562493
0.430450439453125 0.103363037109375 -0.18365478515625 -0.00332641601562497
0.4041748046875 0.190155029296875 -0.152511596679687 -0.03814697265625
0.2830810546875 0.328948974609375 -0.131378173828125 -0.0665740966796875
0.179534912109375 0.39910888671875 -0.0540618896484375 -0.0801239013671875
-0.09893798828125 0.44976806640625 0.00286483764648437 -0.0522613525390625
-0.259735107421875 0.467132568359375 0.0740737915039062 0.0791473388671875
-0.32891845703125 0.423919677734375 0.066864013671875 0.15155029296875
-0.262054443359375 0.301361083984375 -0.386962890625 0.229736328125
-0.197113037109375 0.303497314453125 -0.177413940429688 0.221481323242188
-0.128936767578125 0.2886962890625 -0.0361061096191406 0.0249671936035156
-0.00396728515624997 0.299285888671875 -0.088836669921875 -0.0867996215820312
0.104476928710938 0.259429931640625 -0.193923950195313 -0.125808715820312
0.24432373046875 0.191909790039062 -0.28131103515625 -0.092742919921875
0.285064697265625 0.092803955078125 -0.3331298828125 -0.012237548828125
0.2786865234375 0.073272705078125 -0.320098876953125 0.0137939453125
0.314605712890625 0.084197998046875 -0.3060302734375 -0.00640869140624995
0.280654907226563 0.1549072265625 -0.257369995117188 -0.068023681640625
0.176010131835938 0.250091552734375 -0.184555053710938 -0.095458984375
0.098968505859375 0.28204345703125 -0.0782852172851562 -0.088653564453125
-0.090484619140625 0.301666259765625 -0.0146331787109375 -0.00828075408935545
-0.19232177734375 0.327850341796875 0.0105438232421875 0.183425903320313
-0.239471435546875 0.318634033203125 -0.075897216796875 0.25311279296875
-0.091522216796875 0.148162841796875 -0.45916748046875 0.314544677734375
-0.07293701171875 0.120658874511719 -0.22283935546875 0.289794921875
-0.0529403686523438 0.0910873413085938 -0.0485992431640625 0.0752029418945313
-0.0227279663085938 0.108108520507813 -0.115867614746094 -0.0632171630859375
0.0266876220703125 0.112030029296875 -0.2181396484375 -0.114227294921875
0.106826782226563 0.0946807861328125 -0.344451904296875 -0.08062744140625
0.1280517578125 0.0515518188476563 -0.41619873046875 0.00537109375000005
0.131500244140625 0.0330734252929688 -0.399688720703125 0.02642822265625
0.154876708984375 0.04486083984375 -0.380645751953125 -0.0140075683593749
0.126686096191406 0.0802383422851563 -0.317291259765625 -0.0999755859375
0.0629730224609375 0.119964599609375 -0.201614379882812 -0.120635986328125
0.034637451171875 0.113945007324219 -0.0840377807617187 -0.0919570922851563
-0.0330429077148438 0.123306274414063 -0.0269088745117188 0.0296993255615234
-0.0701751708984375 0.163345336914063 -0.0509185791015625 0.250747680664063
-0.101119995117188 0.178863525390625 -0.187225341796875 0.31463623046875
-0.0910720825195313 -0.0113372802734375 0.156768798828125 -0.405487060546875
-0.126434326171875 0.0146331787109375 0.053253173828125 -0.302398681640625
-0.0866546630859375 0.0848388671875 -0.0272026062011719 -0.0486221313476562
-0.0160903930664062 0.0865631103515625 0.0683517456054688 0.09320068359375
0.00932693481445312 0.0660324096679687 0.180130004882812 0.143829345703125
0.0289802551269531 0.035858154296875 0.3564453125 0.0921630859375
0.0517463684082031 0.0106086730957031 0.443023681640625 -0.02227783203125
0.0448036193847656 0.01220703125 0.430206298828125 -0.0750732421875
0.0378952026367188 -0.00562667846679688 0.426025390625 -0.0491943359375
0.0607414245605469 -0.00860595703125 0.3748779296875 0.038848876953125
0.0804367065429688 0.0118865966796875 0.237380981445312 0.049468994140625
0.0738372802734375 0.055755615234375 0.130264282226563 0.001190185546875
0.0225601196289063 0.0998382568359375 0.123313903808594 -0.136581420898438
-0.0247879028320313 0.0701065063476563 0.228729248046875 -0.367919921875
-0.00979804992675781 0.0223407745361328 0.550567626953125 -0.363983154296875
-0.258041381835938 0.165069580078125 0.151519775390625 -0.374542236328125
-0.253570556640625 0.187042236328125 0.07403564453125 -0.2847900390625
-0.188339233398437 0.26568603515625 -0.0192108154296875 -0.0812911987304687
-0.023956298828125 0.28131103515625 0.0552978515625 0.0605049133300781
0.0802154541015625 0.227462768554687 0.136032104492187 0.119590759277344
0.182525634765625 0.142227172851563 0.30938720703125 0.07965087890625
0.227554321289063 0.0480194091796875 0.394744873046875 -0.01922607421875
0.21337890625 0.039825439453125 0.382415771484375 -0.076171875
0.224822998046875 0.02191162109375 0.376922607421875 -0.059326171875
0.235885620117188 0.0549468994140625 0.3394775390625 0.014007568359375
0.209243774414063 0.135467529296875 0.202713012695313 0.0191497802734375
0.16314697265625 0.212615966796875 0.110198974609375 -0.0281829833984375
-0.001983642578125 0.292236328125 0.09954833984375 -0.164382934570312
-0.123748779296875 0.282196044921875 0.219970703125 -0.364532470703125
-0.147048950195313 0.219146728515625 0.536163330078125 -0.34759521484375
-0.391937255859375 0.31805419921875 0.091705322265625 -0.297576904296875
-0.353363037109375 0.3397216796875 0.0637969970703125 -0.2257080078125
-0.269683837890625 0.419769287109375 -0.00886535644531252 -0.100357055664062
-0.03167724609375 0.4464111328125 0.0423622131347656 0.013824462890625
0.13671875 0.3653564453125 0.0789794921875 0.06640625
0.308197021484375 0.236053466796875 0.219284057617188 0.04541015625
0.370147705078125 0.082763671875 0.28759765625 -0.018890380859375
0.350921630859375 0.062103271484375 0.277877807617188 -0.064422607421875
0.380950927734375 0.041534423828125 0.273193359375 -0.0540924072265625
0.385955810546875 0.10125732421875 0.254623413085937 -0.00601196289062499
0.322418212890625 0.233154296875 0.137947082519531 -0.00818634033203124
0.246368408203125 0.337982177734375 0.0757827758789063 -0.052032470703125
-0.00848388671874996 0.44854736328125 0.0706329345703125 -0.16729736328125
-0.187896728515625 0.459930419921875 0.195587158203125 -0.30584716796875
-0.251617431640625 0.3863525390625 0.470062255859375 -0.2706298828125
-0.46160888671875 0.42913818359375 -0.0114898681640625 -0.17791748046875
-0.396759033203125 0.45562744140625 0.0255508422851562 -0.127311706542969
-0.295013427734375 0.529998779296875 -0.00147247314453128 -0.0970458984375
-0.018585205078125 0.552459716796875 0.0231170654296875 -0.0369415283203125
0.18389892578125 0.449798583984375 0.00805425643920899 -0.00209808349609372
0.392852783203125 0.293487548828125 0.094879150390625 -0.00205230712890623
0.458343505859375 0.10479736328125 0.1357421875 -0.0203323364257812
0.4366455078125 0.073760986328125 0.13165283203125 -0.0427322387695312
0.481414794921875 0.053924560546875 0.130470275878906 -0.0353622436523437
0.481353759765625 0.1339111328125 0.129287719726563 -0.0164794921875
0.39422607421875 0.300872802734375 0.04864501953125 -0.0283126831054687
0.29718017578125 0.419830322265625 0.0307121276855469 -0.0672073364257812
-0.0136108398437499 0.5450439453125 0.0438995361328125 -0.144317626953125
-0.22430419921875 0.567138671875 0.167037963867188 -0.199478149414063
-0.314056396484375 0.492645263671875 0.364288330078125 -0.14569091796875
-0.458343505859375 0.477020263671875 -0.140213012695313 -0.0302886962890625
-0.373626708984375 0.506744384765625 -0.0327072143554688 -0.00181770324707028
-0.261383056640625 0.558013916015625 -0.00311279296875002 -0.0715255737304687
0.00958251953125005 0.56683349609375 -0.009002685546875 -0.077972412109375
0.20928955078125 0.455535888671875 -0.0731277465820312 -0.0659408569335937
0.4176025390625 0.29803466796875 -0.0493927001953125 -0.0460433959960937
0.477294921875 0.10699462890625 -0.0385971069335937 -0.01812744140625
0.455413818359375 0.0772705078125 -0.0345458984375 -0.0158176422119141
0.50628662109375 0.06103515625 -0.0326347351074218 -0.0105552673339844
0.499908447265625 0.153045654296875 -0.0159759521484375 -0.020639419555664
0.39703369140625 0.32965087890625 -0.0510025024414062 -0.0430793762207031
0.29083251953125 0.441497802734375 -0.0181961059570312 -0.0751419067382812
-0.0323486328125 0.5562744140625 0.0221023559570313 -0.102035522460937
-0.23846435546875 0.58465576171875 0.131805419921875 -0.06207275390625
-0.33233642578125 0.52032470703125 0.231307983398437 0.00390625000000003
-0.381256103515625 0.447662353515625 -0.270034790039063 0.124038696289063
-0.289337158203125 0.46826171875 -0.098663330078125 0.126914978027344
-0.18646240234375 0.48455810546875 -0.0154476165771484 -0.0283374786376953
0.033355712890625 0.477081298828125 -0.053924560546875 -0.095550537109375
0.19512939453125 0.382171630859375 -0.152114868164063 -0.104766845703125
0.377532958984375 0.250457763671875 -0.18865966796875 -0.0715484619140625
0.422607421875 0.090423583984375 -0.207183837890625 -0.00717163085937503
0.4052734375 0.066162109375 -0.195571899414062 0.012603759765625
0.454071044921875 0.063201904296875 -0.189620971679687 0.00933837890625004
0.436248779296875 0.153533935546875 -0.156417846679687 -0.0292816162109375
0.32733154296875 0.311737060546875 -0.139457702636719 -0.0609283447265625
0.225067138671875 0.393890380859375 -0.0614013671875 -0.0803604125976562
-0.05865478515625 0.477386474609375 0.00416183471679687 -0.0519447326660156
-0.223388671875 0.507720947265625 0.0862350463867187 0.0755233764648438
-0.301605224609375 0.468505859375 0.0856475830078125 0.150360107421875
-0.24609375 0.33935546875 -0.378570556640625 0.261199951171875
-0.177093505859375 0.33544921875 -0.157440185546875 0.23614501953125
-0.10699462890625 0.319732666015625 -0.0321407318115234 0.0242424011230469
0.028533935546875 0.313385009765625 -0.09771728515625 -0.0864334106445313
0.137924194335937 0.256912231445313 -0.210678100585938 -0.113510131835937
0.272918701171875 0.173019409179688 -0.29815673828125 -0.0712890625
0.3040771484375 0.064117431640625 -0.342498779296875 0.0138854980468749
0.29388427734375 0.04425048828125 -0.326446533203125 0.0385437011718749
0.333343505859375 0.0517578125 -0.3157958984375 0.0190429687500001
0.30645751953125 0.126953125 -0.268203735351563 -0.048736572265625
0.209564208984375 0.239105224609375 -0.197738647460937 -0.0837860107421875
0.131942749023437 0.279693603515625 -0.0879364013671875 -0.0862350463867188
-0.062103271484375 0.323760986328125 -0.0110349655151367 -0.00487804412841795
-0.165557861328125 0.361175537109375 0.02996826171875 0.188125610351563
-0.219482421875 0.353515625 -0.053741455078125 0.268539428710938
-0.08563232421875 0.167388916015625 -0.4468994140625 0.354827880859375
-0.0669097900390625 0.137420654296875 -0.2000732421875 0.31170654296875
-0.047149658203125 0.108116149902344 -0.0417709350585937 0.0762481689453125
-0.00887298583984376 0.117843627929687 -0.124000549316406 -0.0586776733398438
0.0440139770507813 0.112876892089844 -0.236236572265625 -0.098724365234375
0.122482299804688 0.085723876953125 -0.362060546875 -0.05126953125
0.138832092285156 0.0362319946289063 -0.4254150390625 0.042266845703125
0.13970947265625 0.017059326171875 -0.406768798828125 0.06201171875
0.1644287109375 0.0259246826171875 -0.39373779296875 0.01904296875
0.140655517578125 0.065521240234375 -0.332489013671875 -0.072967529296875
0.0816116333007813 0.115127563476563 -0.217803955078125 -0.106430053710937
0.0509185791015625 0.112632751464844 -0.0934829711914063 -0.0873947143554688
-0.0180587768554688 0.133872985839844 -0.0213813781738281 0.0352935791015625
-0.0532379150390625 0.1812744140625 -0.0280609130859375 0.263336181640625
-0.0892791748046875 0.1993408203125 -0.16522216796875 0.342803955078125
-0.0904922485351563 -0.0100631713867188 0.115447998046875 -0.424835205078125
-0.129371643066406 0.0217971801757812 0.0181884765625 -0.30987548828125
-0.08392333984375 0.09100341796875 -0.0348129272460938 -0.0465774536132812
-0.0136642456054688 0.0900726318359375 0.07513427734375 0.084869384765625
0.0122299194335937 0.0699958801269531 0.19281005859375 0.122634887695312
0.0306129455566406 0.0389671325683594 0.362274169921875 0.05218505859375
0.0522727966308594 0.0106849670410156 0.43621826171875 -0.07000732421875
0.0444717407226563 0.0115318298339844 0.419708251953125 -0.12274169921875
0.0356063842773438 -0.00481033325195313 0.420501708984375 -0.0986328125
0.0557365417480469 -0.0127525329589844 0.38140869140625 -0.00506591796875
0.076751708984375 0.00225067138671875 0.247161865234375 0.023895263671875
0.0764389038085937 0.0456619262695312 0.134010314941406 -0.0110626220703125
0.0333938598632813 0.0914154052734375 0.1090087890625 -0.1466064453125
-0.0164070129394531 0.0662269592285156 0.187713623046875 -0.385986328125
-0.00563907623291015 0.0173492431640625 0.514801025390625 -0.416717529296875
-0.238143920898438 0.18603515625 0.114044189453125 -0.39617919921875
-0.236175537109375 0.207382202148438 0.042633056640625 -0.297027587890625
-0.16650390625 0.28436279296875 -0.0295562744140625 -0.0810928344726562
0.000427246093749989 0.28448486328125 0.0589332580566406 0.0513496398925782
0.100814819335938 0.222274780273438 0.145584106445313 0.101760864257813
0.195510864257813 0.128005981445313 0.313201904296875 0.044677734375
0.231552124023437 0.027313232421875 0.388641357421875 -0.06427001953125
0.216278076171875 0.019256591796875 0.372406005859375 -0.12017822265625
0.225784301757813 0.0003204345703125 0.37030029296875 -0.10418701171875
0.238265991210938 0.02996826171875 0.344146728515625 -0.02752685546875
0.220809936523438 0.111801147460938 0.209335327148437 -0.00457763671874999
0.184249877929688 0.19384765625 0.111244201660156 -0.0399932861328125
0.02978515625 0.288970947265625 0.085845947265625 -0.172119140625
-0.0928955078125 0.292327880859375 0.18121337890625 -0.382781982421875
-0.12347412109375 0.229965209960937 0.50250244140625 -0.401763916015625
-0.35504150390625 0.35595703125 0.06268310546875 -0.315216064453125
-0.31927490234375 0.370849609375 0.0394439697265625 -0.239059448242187
-0.229095458984375 0.44976806640625 -0.0196685791015625 -0.101539611816406
0.010894775390625 0.4508056640625 0.0424613952636719 0.00360488891601565
0.17327880859375 0.352447509765625 0.0826950073242188 0.0540847778320313
0.332061767578125 0.20684814453125 0.219558715820313 0.0196685791015625
0.37677001953125 0.0443115234375 0.282989501953125 -0.0540771484375
0.355682373046875 0.024993896484375 0.269256591796875 -0.1002197265625
0.384613037109375 0.00079345703125 0.267410278320313 -0.0886993408203125
0.395477294921875 0.058441162109375 0.25701904296875 -0.04010009765625
0.34759521484375 0.197479248046875 0.140365600585938 -0.0269241333007812
0.28240966796875 0.311126708984375 0.0747528076171875 -0.0618743896484375
0.04034423828125 0.448577880859375 0.0582122802734375 -0.172500610351562
-0.13824462890625 0.47833251953125 0.16534423828125 -0.322998046875
-0.211273193359375 0.4088134765625 0.446807861328125 -0.320098876953125
-0.414825439453125 0.47674560546875 -0.0284881591796875 -0.187057495117187
-0.349090576171875 0.494598388671875 0.0126876831054687 -0.138374328613281
-0.24005126953125 0.56573486328125 -0.0107574462890625 -0.100898742675781
0.03912353515625 0.555389404296875 0.0198173522949219 -0.0459976196289062
0.232757568359375 0.42950439453125 0.00580310821533205 -0.00703382492065427
0.4228515625 0.25335693359375 0.0906524658203125 -0.0146942138671875
0.467926025390625 0.05462646484375 0.131401062011719 -0.0402984619140625
0.44256591796875 0.027557373046875 0.125778198242188 -0.0638656616210938
0.4869384765625 -0.000885009765625 0.126434326171875 -0.0543441772460938
0.4959716796875 0.078338623046875 0.131156921386719 -0.037261962890625
0.428955078125 0.258636474609375 0.04827880859375 -0.0384254455566406
0.34332275390625 0.38671875 0.0269851684570313 -0.0738067626953125
0.0453491210937499 0.54962158203125 0.0349884033203125 -0.147384643554687
-0.1636962890625 0.59356689453125 0.1492919921875 -0.214874267578125
-0.26318359375 0.524017333984375 0.354736328125 -0.185302734375
-0.406707763671875 0.528076171875 -0.142135620117188 -0.026580810546875
-0.319366455078125 0.54827880859375 -0.030416488647461 -0.0079383850097656
-0.20086669921875 0.59429931640625 -0.00868988037109376 -0.0758590698242187
0.0726318359375001 0.56756591796875 -0.0160903930664062 -0.0841293334960937
0.26055908203125 0.432159423828125 -0.08154296875 -0.062255859375
0.4515380859375 0.251983642578125 -0.0570602416992187 -0.0435829162597656
0.487396240234375 0.051361083984375 -0.0419731140136718 -0.0199394226074219
0.46234130859375 0.025146484375 -0.0376052856445312 -0.0197181701660156
0.51348876953125 0.00140380859375 -0.0338611602783203 -0.0114250183105469
0.516845703125 0.094390869140625 -0.0150489807128906 -0.0255107879638672
0.436798095703125 0.28515625 -0.0546226501464843 -0.042572021484375
0.3399658203125 0.408905029296875 -0.0242691040039062 -0.0770187377929687
0.0299072265625 0.5643310546875 0.0180816650390625 -0.103752136230469
-0.1768798828125 0.61566162109375 0.128692626953125 -0.0758132934570312
-0.27960205078125 0.556732177734375 0.237136840820312 -0.02154541015625
-0.333465576171875 0.494476318359375 -0.2569580078125 0.141143798828125
-0.240081787109375 0.503997802734375 -0.0821075439453125 0.128135681152344
-0.133209228515625 0.517181396484375 -0.0161514282226563 -0.0323543548583984
0.089202880859375 0.477081298828125 -0.0628585815429688 -0.0973892211914062
0.241119384765625 0.359130859375 -0.164306640625 -0.0911865234374999
0.406951904296875 0.207672119140625 -0.198013305664062 -0.0532379150390624
0.4315185546875 0.039703369140625 -0.208023071289062 0.00962829589843753
0.411865234375 0.017791748046875 -0.194183349609375 0.026397705078125
0.461517333984375 0.008270263671875 -0.188735961914062 0.0267333984375
0.454864501953125 0.100433349609375 -0.156845092773437 -0.017578125
0.366119384765625 0.273773193359375 -0.14556884765625 -0.04931640625
0.27227783203125 0.369171142578125 -0.068756103515625 -0.0770339965820312
-0.00491333007812498 0.488739013671875 0.00452041625976563 -0.0518646240234375
-0.168304443359375 0.537811279296875 0.0968780517578125 0.0660018920898438
-0.253173828125 0.5032958984375 0.105621337890625 0.140884399414063
-0.212921142578125 0.373199462890625 -0.351715087890625 0.290252685546875
-0.141937255859375 0.3612060546875 -0.130035400390625 0.2449951171875
-0.070831298828125 0.343414306640625 -0.0274238586425781 0.0210895538330078
0.068084716796875 0.314727783203125 -0.105804443359375 -0.082244873046875
0.171600341796875 0.24066162109375 -0.223678588867188 -0.092498779296875
0.295684814453125 0.140167236328125 -0.3070068359375 -0.040252685546875
0.311981201171875 0.024658203125 -0.340576171875 0.0470581054687501
0.298797607421875 0.00799560546875 -0.3218994140625 0.068572998046875
0.338775634765625 0.009918212890625 -0.313690185546875 0.0507202148437501
0.322540283203125 0.087371826171875 -0.27020263671875 -0.0223846435546875
0.241241455078125 0.213531494140625 -0.206573486328125 -0.0656280517578125
0.167434692382813 0.264068603515625 -0.096160888671875 -0.0785751342773438
-0.02264404296875 0.334808349609375 -0.00627470016479492 -0.00306653976440428
-0.123504638671875 0.3851318359375 0.052825927734375 0.184967041015625
-0.181884765625 0.3817138671875 -0.0234527587890625 0.274734497070313
-0.0710296630859375 0.184249877929688 -0.412506103515625 0.39337158203125
-0.0530242919921875 0.15252685546875 -0.164581298828125 0.32598876953125
-0.0341796875 0.123291015625 -0.033111572265625 0.0739059448242188
0.00984954833984376 0.123626708984375 -0.13165283203125 -0.0495758056640625
0.0621566772460937 0.107276916503906 -0.2479248046875 -0.073699951171875
0.136085510253906 0.0684967041015625 -0.367462158203125 -0.012603759765625
0.14495849609375 0.0150146484375 -0.419342041015625 0.085662841796875
0.141983032226563 -0.0031280517578125 -0.39886474609375 0.10302734375
0.167999267578125 0.0019989013671875 -0.3909912109375 0.06085205078125
0.1502685546875 0.0438385009765625 -0.337982177734375 -0.038238525390625
0.0989532470703125 0.10260009765625 -0.227981567382813 -0.0836944580078125
0.0685577392578125 0.104698181152344 -0.102203369140625 -0.0777587890625
0.00225830078125001 0.138862609863281 -0.0130157470703125 0.0392303466796875
-0.0285186767578125 0.193130493164062 0.00291442871093752 0.266326904296875
-0.06732177734375 0.216110229492188 -0.128387451171875 0.36285400390625
-0.0889739990234375 -0.00994110107421875 0.073089599609375 -0.42559814453125
-0.129035949707031 0.0272979736328125 -0.014556884765625 -0.3026123046875
-0.0806121826171875 0.0935821533203125 -0.0398406982421875 -0.04156494140625
-0.0120162963867188 0.0909652709960938 0.0775833129882813 0.0739669799804688
0.0149612426757812 0.072845458984375 0.195037841796875 0.0988311767578125
0.0321769714355469 0.0417213439941406 0.351409912109375 0.01507568359375
0.0519790649414063 0.0108795166015625 0.413543701171875 -0.109161376953125
0.0442276000976562 0.0113143920898437 0.391845703125 -0.1590576171875
0.0323314666748047 -0.00285720825195313 0.396697998046875 -0.13885498046875
0.0482826232910156 -0.0146026611328125 0.369842529296875 -0.04437255859375
0.0693359375 -0.0048675537109375 0.245651245117188 -0.0017852783203125
0.0744247436523437 0.0356903076171875 0.132896423339844 -0.0221710205078125
0.039764404296875 0.0789566040039063 0.093048095703125 -0.148895263671875
-0.00943374633789062 0.0593223571777344 0.14300537109375 -0.386138916015625
-0.00254917144775391 0.0111589431762695 0.459808349609375 -0.445556640625
-0.212417602539063 0.19525146484375 0.075347900390625 -0.400054931640625
-0.21417236328125 0.215911865234375 0.01068115234375 -0.295257568359375
-0.140472412109375 0.291168212890625 -0.037628173828125 -0.0768890380859375
0.0207672119140625 0.278076171875 0.0597877502441406 0.0405158996582031
0.115020751953125 0.21075439453125 0.14715576171875 0.081756591796875
0.200698852539063 0.111465454101563 0.302825927734375 0.011505126953125
0.226394653320313 0.00927734375 0.367095947265625 -0.10162353515625
0.2098388671875 0.0015716552734375 0.346221923828125 -0.155426025390625
0.217758178710938 -0.01788330078125 0.3480224609375 -0.140899658203125
0.230484008789063 0.0067901611328125 0.331634521484375 -0.065521240234375
0.222381591796875 0.086151123046875 0.20587158203125 -0.0286712646484375
0.194854736328125 0.168685913085938 0.108863830566406 -0.0501327514648437
0.0562286376953125 0.273178100585938 0.0703125 -0.172012329101563
-0.06121826171875 0.2884521484375 0.141357421875 -0.3831787109375
-0.0968780517578125 0.229217529296875 0.45245361328125 -0.43280029296875
-0.308929443359375 0.373504638671875 0.032135009765625 -0.31988525390625
-0.276702880859375 0.3824462890625 0.0148468017578125 -0.24090576171875
-0.18292236328125 0.460205078125 -0.0295867919921875 -0.0996170043945312
0.049072265625 0.43798828125 0.0395278930664063 -0.00603866577148435
0.198760986328125 0.3277587890625 0.0826416015625 0.0404891967773438
0.340789794921875 0.1728515625 0.209548950195313 -0.00419616699218749
0.36859130859375 0.009246826171875 0.265243530273438 -0.083282470703125
0.345458984375 -0.00787353515625 0.2476806640625 -0.127578735351562
0.371917724609375 -0.0355224609375 0.249710083007813 -0.116790771484375
0.38629150390625 0.017791748046875 0.247299194335938 -0.07049560546875
0.355560302734375 0.1573486328125 0.137046813964844 -0.04473876953125
0.303070068359375 0.273406982421875 0.071014404296875 -0.0692062377929687
0.08251953125 0.4302978515625 0.0457305908203125 -0.17083740234375
-0.088348388671875 0.476470947265625 0.132659912109375 -0.325653076171875
-0.166046142578125 0.411590576171875 0.407196044921875 -0.35223388671875
-0.35516357421875 0.5 -0.0437774658203125 -0.188888549804687
-0.292694091796875 0.508819580078125 -0.000854492187500032 -0.143325805664063
-0.17999267578125 0.575927734375 -0.019561767578125 -0.10137939453125
0.08917236328125 0.536895751953125 0.0138931274414063 -0.0542869567871093
0.263763427734375 0.394287109375 0.00232219696044924 -0.011383056640625
0.435394287109375 0.206298828125 0.0820999145507813 -0.0260543823242187
0.4571533203125 0.0074462890625 0.120147705078125 -0.0565567016601562
0.429962158203125 -0.015869140625 0.112602233886719 -0.0802764892578125
0.4708251953125 -0.0484619140625 0.116493225097656 -0.070343017578125
0.48797607421875 0.0255126953125 0.125251770019531 -0.0566787719726563
0.442779541015625 0.206817626953125 0.0448951721191407 -0.0476036071777344
0.3719482421875 0.341888427734375 0.0223541259765625 -0.0776138305664062
0.096710205078125 0.529449462890625 0.02679443359375 -0.146102905273438
-0.10107421875 0.5938720703125 0.128082275390625 -0.2213134765625
-0.20538330078125 0.53143310546875 0.332061767578125 -0.214996337890625
-0.34466552734375 0.552093505859375 -0.140045166015625 -0.0237884521484375
-0.256927490234375 0.56097412109375 -0.029052734375 -0.0141162872314453
-0.1370849609375 0.60321044921875 -0.0144805908203125 -0.0781021118164062
0.125213623046875 0.545745849609375 -0.023284912109375 -0.0880279541015625
0.293365478515625 0.39129638671875 -0.0863265991210937 -0.0557098388671875
0.4638671875 0.199493408203125 -0.0623855590820312 -0.0395088195800781
0.47637939453125 0.00140380859375 -0.0447044372558594 -0.0205955505371094
0.4483642578125 -0.021331787109375 -0.0405693054199218 -0.0215415954589844
0.49658203125 -0.05072021484375 -0.0345592498779297 -0.0129051208496094
0.510772705078125 0.036041259765625 -0.0152797698974609 -0.0305290222167969
0.45562744140625 0.23223876953125 -0.0562973022460937 -0.0413169860839844
0.37274169921875 0.363494873046875 -0.0295181274414062 -0.076171875
0.08349609375 0.548583984375 0.01397705078125 -0.102630615234375
-0.111083984375 0.61566162109375 0.121299743652344 -0.0855255126953125
-0.21893310546875 0.56689453125 0.232666015625 -0.04559326171875
-0.276641845703125 0.51580810546875 -0.236404418945313 0.150405883789063
-0.18450927734375 0.515228271484375 -0.0649642944335938 0.122520446777344
-0.074951171875 0.5234375 -0.0170936584472656 -0.0361175537109375
0.136688232421875 0.45703125 -0.0701751708984375 -0.0963058471679687
0.272552490234375 0.322113037109375 -0.1685791015625 -0.0758209228515625
0.41741943359375 0.159942626953125 -0.198776245117187 -0.0350494384765625
0.422088623046875 -0.008087158203125 -0.202102661132812 0.023773193359375
0.399322509765625 -0.025054931640625 -0.187835693359375 0.0385589599609375
0.44683837890625 -0.04248046875 -0.180465698242187 0.0405731201171875
0.4508056640625 0.047027587890625 -0.1519775390625 -0.00807189941406247
0.386199951171875 0.22625732421875 -0.14605712890625 -0.0387420654296875
0.303497314453125 0.3309326171875 -0.0738906860351562 -0.0713882446289063
0.045867919921875 0.47882080078125 0.005035400390625 -0.0512542724609375
-0.108062744140625 0.5428466796875 0.104057312011719 0.0543289184570313
-0.19793701171875 0.516632080078125 0.119125366210938 0.124351501464844
-0.171875 0.38958740234375 -0.315093994140625 0.3052978515625
-0.102203369140625 0.370208740234375 -0.099884033203125 0.241180419921875
-0.031158447265625 0.350799560546875 -0.0241584777832031 0.0158195495605469
0.10308837890625 0.30145263671875 -0.111610412597656 -0.0762405395507813
0.194992065429688 0.21392822265625 -0.226272583007813 -0.0692901611328125
0.3038330078125 0.10357666015625 -0.30194091796875 -0.01055908203125
0.30450439453125 -0.0115966796875 -0.32635498046875 0.07373046875
0.289794921875 -0.0252685546875 -0.306396484375 0.09307861328125
0.328887939453125 -0.03009033203125 -0.299102783203125 0.07745361328125
0.32208251953125 0.045928955078125 -0.261993408203125 -0.000167846679687544
0.258712768554688 0.178848266601563 -0.206573486328125 -0.0464019775390625
0.192230224609375 0.237594604492188 -0.100990295410156 -0.0688095092773437
0.014923095703125 0.3302001953125 -0.00183725357055664 -0.00255465507507322
-0.0787353515625 0.391143798828125 0.07196044921875 0.17376708984375
-0.13897705078125 0.392730712890625 0.00645446777343751 0.267532348632813
-0.0535888671875 0.19403076171875 -0.36700439453125 0.4122314453125
-0.0366973876953125 0.161392211914063 -0.12823486328125 0.324005126953125
-0.0173416137695312 0.133018493652344 -0.0261039733886719 0.0674896240234375
0.0279922485351563 0.121566772460938 -0.133758544921875 -0.0400924682617187
0.07684326171875 0.0957412719726562 -0.248123168945313 -0.04730224609375
0.143096923828125 0.04998779296875 -0.35809326171875 0.022613525390625
0.142257690429687 -0.00537109375 -0.398529052734375 0.120941162109375
0.137458801269531 -0.0223236083984375 -0.376495361328125 0.135009765625
0.162384033203125 -0.02105712890625 -0.37158203125 0.0956420898437499
0.151412963867188 0.0210418701171875 -0.328582763671875 -0.00588989257812493
0.110092163085937 0.0842208862304687 -0.228302001953125 -0.0596466064453125
0.080963134765625 0.0916976928710938 -0.105758666992188 -0.0657119750976563
0.0221099853515625 0.13671875 -0.00484085083007812 0.039520263671875
-0.00379943847656249 0.195953369140625 0.0313720703125 0.257659912109375
-0.0419464111328125 0.2220458984375 -0.088531494140625 0.36614990234375
-0.0874786376953125 -0.01318359375 0.043365478515625 -0.415252685546875
-0.129524230957031 0.029266357421875 -0.03631591796875 -0.290008544921875
-0.08056640625 0.0944747924804687 -0.0424957275390625 -0.0371971130371094
-0.0128173828125 0.0921478271484375 0.075897216796875 0.065582275390625
0.0158767700195313 0.07623291015625 0.189132690429687 0.0807037353515625
0.03363037109375 0.0457839965820313 0.33282470703125 -0.00891113281249999
0.0513763427734375 0.0135078430175781 0.38690185546875 -0.13031005859375
0.0430145263671875 0.0131683349609375 0.362945556640625 -0.177978515625
0.0304088592529297 0.000881195068359375 0.368408203125 -0.16107177734375
0.0410575866699219 -0.0122146606445313 0.35137939453125 -0.07000732421875
0.0607681274414063 -0.00798416137695313 0.238433837890625 -0.02044677734375
0.0687522888183594 0.0274429321289063 0.129920959472656 -0.0295257568359375
0.0405082702636719 0.0661544799804688 0.081298828125 -0.144851684570312
-0.00578689575195312 0.0495567321777344 0.11151123046875 -0.371124267578125
-0.0012519359588623 0.00333309173583984 0.41534423828125 -0.450592041015625
-0.19134521484375 0.191635131835938 0.04644775390625 -0.393646240234375
-0.197494506835938 0.2149658203125 -0.01043701171875 -0.2864990234375
-0.12335205078125 0.28851318359375 -0.042449951171875 -0.0726089477539063
0.0311126708984375 0.268569946289063 0.0565109252929687 0.0320777893066406
0.12078857421875 0.1998291015625 0.141586303710937 0.06695556640625
0.199554443359375 0.10052490234375 0.28515625 -0.00973510742187499
0.218215942382812 -0.0010223388671875 0.341796875 -0.121673583984375
0.199813842773438 -0.00775146484375 0.317108154296875 -0.172760009765625
0.206146240234375 -0.027313232421875 0.32159423828125 -0.161163330078125
0.216949462890625 -0.005828857421875 0.31341552734375 -0.090362548828125
0.214950561523438 0.067535400390625 0.19842529296875 -0.04486083984375
0.194503784179687 0.147506713867187 0.105087280273438 -0.0564422607421875
0.0692596435546875 0.254043579101563 0.0608673095703125 -0.16741943359375
-0.0399627685546875 0.275665283203125 0.11102294921875 -0.37030029296875
-0.07757568359375 0.219833374023438 0.409698486328125 -0.440185546875
-0.2716064453125 0.3704833984375 0.0107421874999999 -0.31634521484375
-0.245147705078125 0.379302978515625 -0.00335693359375002 -0.23773193359375
-0.148773193359375 0.455474853515625 -0.0356369018554688 -0.096923828125
0.070587158203125 0.418853759765625 0.0345630645751953 -0.0140247344970703
0.208892822265625 0.304931640625 0.0770111083984375 0.0309371948242188
0.337860107421875 0.147979736328125 0.194793701171875 -0.019775390625
0.353515625 -0.011688232421875 0.24481201171875 -0.0999755859375
0.328948974609375 -0.027313232421875 0.225753784179688 -0.141677856445313
0.35321044921875 -0.057342529296875 0.229751586914063 -0.132415771484375
0.3680419921875 -0.00811767578125 0.231979370117188 -0.0915069580078125
0.350311279296875 0.125152587890625 0.130760192871094 -0.057281494140625
0.3074951171875 0.240631103515625 0.0666427612304688 -0.074066162109375
0.10650634765625 0.404998779296875 0.0387115478515625 -0.166183471679687
-0.052947998046875 0.45941162109375 0.109466552734375 -0.317626953125
-0.132415771484375 0.4029541015625 0.3726806640625 -0.3646240234375
-0.306732177734375 0.49853515625 -0.0547637939453125 -0.188491821289062
-0.24871826171875 0.503143310546875 -0.0106201171875 -0.145645141601562
-0.1346435546875 0.5672607421875 -0.0259780883789062 -0.100654602050781
0.118316650390625 0.5106201171875 0.00722885131835939 -0.0602951049804687
0.2772216796875 0.3621826171875 -0.00196743011474608 -0.0148468017578125
0.43115234375 0.171142578125 0.0723724365234375 -0.0324935913085937
0.437347412109375 -0.022369384765625 0.107200622558594 -0.06683349609375
0.408538818359375 -0.0430908203125 0.0983123779296875 -0.089569091796875
0.44635009765625 -0.0791015625 0.105453491210938 -0.0801467895507813
0.4676513671875 -0.01055908203125 0.116622924804688 -0.0713272094726563
0.438140869140625 0.16644287109375 0.0407981872558594 -0.0549468994140625
0.37933349609375 0.30389404296875 0.018768310546875 -0.0795440673828125
0.127685546875 0.503021240234375 0.0228424072265625 -0.142501831054687
-0.0567626953125 0.5753173828125 0.112640380859375 -0.219146728515625
-0.16387939453125 0.5213623046875 0.30999755859375 -0.230712890625
-0.29180908203125 0.553009033203125 -0.13623046875 -0.0252532958984375
-0.209991455078125 0.553619384765625 -0.0289020538330078 -0.0215358734130859
-0.0867309570312501 0.5936279296875 -0.0185928344726563 -0.0807495117187499
0.159271240234375 0.51654052734375 -0.0301742553710938 -0.0914154052734375
0.3070068359375 0.35491943359375 -0.088104248046875 -0.0518951416015625
0.4591064453125 0.15936279296875 -0.0663299560546875 -0.0367622375488281
0.455169677734375 -0.03204345703125 -0.0478134155273437 -0.0224761962890625
0.42645263671875 -0.05072021484375 -0.0441551208496093 -0.023773193359375
0.471923828125 -0.08404541015625 -0.0346851348876953 -0.0147762298583984
0.491485595703125 -0.0045166015625 -0.0164947509765625 -0.0369148254394531
0.454193115234375 0.189361572265625 -0.0569496154785156 -0.04205322265625
0.383636474609375 0.323394775390625 -0.03167724609375 -0.0749969482421875
0.118194580078125 0.52239990234375 0.0129776000976563 -0.101043701171875
-0.0632934570312499 0.60137939453125 0.114669799804688 -0.0904846191406249
-0.174560546875 0.556610107421875 0.224960327148437 -0.0628662109375
-0.2298583984375 0.51751708984375 -0.218521118164063 0.147964477539063
-0.14141845703125 0.50860595703125 -0.0535430908203125 0.111228942871094
-0.031005859375 0.51458740234375 -0.0185661315917969 -0.0413665771484375
0.1663818359375 0.43060302734375 -0.0750885009765625 -0.095306396484375
0.284393310546875 0.2879638671875 -0.16754150390625 -0.064849853515625
0.41302490234375 0.12261962890625 -0.194625854492187 -0.02288818359375
0.402557373046875 -0.03900146484375 -0.19500732421875 0.0312347412109375
0.379608154296875 -0.05316162109375 -0.180831909179687 0.043853759765625
0.423583984375 -0.076324462890625 -0.170364379882813 0.04608154296875
0.435333251953125 0.0079345703125 -0.145309448242188 -0.00511169433593747
0.38873291015625 0.18658447265625 -0.143295288085938 -0.0321807861328125
0.315582275390625 0.295379638671875 -0.0748825073242187 -0.06707763671875
0.07879638671875 0.457977294921875 0.00710678100585937 -0.0513076782226562
-0.064453125 0.532440185546875 0.1063232421875 0.044097900390625
-0.156005859375 0.509796142578125 0.125480651855469 0.108100891113281
-0.13897705078125 0.39166259765625 -0.28656005859375 0.3033447265625
-0.07098388671875 0.3681640625 -0.0798492431640625 0.227813720703125
0.00146484375000003 0.347869873046875 -0.0230922698974609 0.00883102416992189
0.126617431640625 0.28448486328125 -0.112823486328125 -0.0724639892578125
0.204635620117188 0.188278198242188 -0.22149658203125 -0.0538330078125
0.30145263671875 0.074554443359375 -0.290557861328125 0.00741577148437503
0.290618896484375 -0.037322998046875 -0.309417724609375 0.088348388671875
0.275146484375 -0.0483245849609375 -0.28900146484375 0.104705810546875
0.3109130859375 -0.057373046875 -0.280807495117188 0.0907440185546875
0.311798095703125 0.014862060546875 -0.249481201171875 0.0114288330078125
0.264297485351563 0.149154663085938 -0.20166015625 -0.0345611572265625
0.20391845703125 0.211700439453125 -0.100921630859375 -0.0615921020507812
0.0421142578125 0.31829833984375 0.00310730934143067 -0.00376582145690916
-0.043853759765625 0.385894775390625 0.0829620361328125 0.16070556640625
-0.10595703125 0.3896484375 0.0259246826171875 0.254135131835938
-0.039276123046875 0.198028564453125 -0.330718994140625 0.411956787109375
-0.0233154296875 0.16522216796875 -0.10205078125 0.310821533203125
-0.00112915039062501 0.138259887695313 -0.0236930847167969 0.0592803955078125
0.0419158935546875 0.117599487304688 -0.133926391601563 -0.0335159301757812
0.0851974487304688 0.0839767456054688 -0.241729736328125 -0.02886962890625
0.143814086914063 0.034027099609375 -0.34149169921875 0.045166015625
0.136024475097656 -0.0214080810546875 -0.37408447265625 0.14068603515625
0.129386901855469 -0.0359649658203125 -0.3519287109375 0.151611328125
0.152450561523438 -0.0381927490234375 -0.347686767578125 0.114349365234375
0.14599609375 0.0023345947265625 -0.312164306640625 0.0133056640625
0.114768981933594 0.0675125122070313 -0.22137451171875 -0.0437774658203125
0.0883865356445313 0.0780487060546875 -0.104385375976563 -0.0566482543945312
0.0374679565429688 0.131256103515625 0.00202560424804688 0.0376968383789063
0.0164031982421875 0.193649291992187 0.04937744140625 0.244979858398438
-0.0227508544921875 0.221832275390625 -0.05865478515625 0.357177734375
-0.0884780883789063 -0.0187835693359375 0.024810791015625 -0.407440185546875
-0.133460998535156 0.0296554565429688 -0.049224853515625 -0.279556274414063
-0.0845413208007812 0.0956497192382813 -0.0448112487792969 -0.0335922241210937
-0.0157928466796875 0.0956954956054688 0.0735321044921875 0.0604934692382813
0.0172653198242187 0.080718994140625 0.181869506835938 0.0708770751953125
0.036163330078125 0.0511398315429687 0.318450927734375 -0.020965576171875
0.0531425476074219 0.0177154541015625 0.367431640625 -0.14129638671875
0.0423355102539063 0.0164947509765625 0.342132568359375 -0.187164306640625
0.0300788879394531 0.00598907470703125 0.348175048828125 -0.17254638671875
0.0356864929199219 -0.00853347778320312 0.337188720703125 -0.085540771484375
0.0526466369628906 -0.0085296630859375 0.233734130859375 -0.032867431640625
0.0624771118164063 0.0227508544921875 0.129127502441406 -0.0341796875
0.0379791259765625 0.0557098388671875 0.0753631591796875 -0.139877319335938
-0.00536346435546875 0.0397453308105469 0.093994140625 -0.356658935546875
-0.00158023834228516 -0.00473737716674805 0.388763427734375 -0.446563720703125
-0.180160522460938 0.184616088867187 0.028656005859375 -0.389129638671875
-0.190673828125 0.21051025390625 -0.0250396728515625 -0.279708862304687
-0.11572265625 0.28668212890625 -0.0457572937011719 -0.0700302124023437
0.03472900390625 0.2650146484375 0.05230712890625 0.0257530212402344
0.123245239257813 0.195877075195313 0.134986877441406 0.0571441650390625
0.19940185546875 0.096038818359375 0.27044677734375 -0.021392822265625
0.212875366210938 -0.004425048828125 0.32293701171875 -0.13299560546875
0.194107055664063 -0.01141357421875 0.297454833984375 -0.182891845703125
0.198104858398437 -0.0313262939453125 0.302398681640625 -0.173187255859375
0.207305908203125 -0.0125579833984375 0.299896240234375 -0.10711669921875
0.206619262695313 0.057464599609375 0.193191528320312 -0.05706787109375
0.191497802734375 0.133560180664063 0.103981018066406 -0.061248779296875
0.0762939453125 0.238784790039062 0.0570526123046875 -0.16259765625
-0.0270843505859375 0.263259887695313 0.095306396484375 -0.360015869140625
-0.0667266845703125 0.209640502929688 0.38604736328125 -0.4425048828125
-0.249603271484375 0.362396240234375 -0.003570556640625 -0.316070556640625
-0.22711181640625 0.371795654296875 -0.015289306640625 -0.236129760742187
-0.131011962890625 0.449066162109375 -0.0401992797851563 -0.09619140625
0.081329345703125 0.407684326171875 0.0291023254394531 -0.0199871063232422
0.212615966796875 0.2919921875 0.0710830688476563 0.0235519409179688
0.33477783203125 0.134429931640625 0.181915283203125 -0.0290069580078125
0.3431396484375 -0.02239990234375 0.22845458984375 -0.109878540039063
0.31732177734375 -0.0367431640625 0.207870483398438 -0.150314331054688
0.338775634765625 -0.06866455078125 0.21514892578125 -0.143539428710938
0.354583740234375 -0.0238037109375 0.2205810546875 -0.106109619140625
0.34295654296875 0.106536865234375 0.125701904296875 -0.06787109375
0.30694580078125 0.219940185546875 0.0659637451171875 -0.0781707763671875
0.118743896484375 0.38787841796875 0.0379180908203125 -0.162353515625
-0.030548095703125 0.446746826171875 0.09814453125 -0.311553955078125
-0.11285400390625 0.390869140625 0.352447509765625 -0.370330810546875
-0.27716064453125 0.492523193359375 -0.0620880126953125 -0.19146728515625
-0.224609375 0.491943359375 -0.018646240234375 -0.1488037109375
-0.108673095703125 0.558807373046875 -0.0307846069335937 -0.102180480957031
0.135162353515625 0.491546630859375 0.000541687011718753 -0.0662841796875
0.28204345703125 0.342559814453125 -0.0068378448486328 -0.0188865661621094
0.426361083984375 0.148773193359375 0.0632553100585938 -0.0373191833496094
0.4224853515625 -0.038421630859375 0.0962448120117188 -0.073211669921875
0.393707275390625 -0.0572509765625 0.0870895385742188 -0.0955123901367188
0.430084228515625 -0.09619140625 0.0972747802734375 -0.087738037109375
0.450958251953125 -0.032440185546875 0.109016418457031 -0.0833969116210938
0.43414306640625 0.142578125 0.0370216369628907 -0.0619964599609375
0.38226318359375 0.277130126953125 0.0175323486328125 -0.0821609497070312
0.14605712890625 0.48272705078125 0.02410888671875 -0.140914916992187
-0.03045654296875 0.56243896484375 0.105148315429688 -0.217727661132812
-0.1380615234375 0.509033203125 0.29638671875 -0.2396240234375
-0.260284423828125 0.548187255859375 -0.135848999023438 -0.0311508178710937
-0.180023193359375 0.544219970703125 -0.0302658081054688 -0.02960205078125
-0.054443359375 0.5836181640625 -0.0228195190429688 -0.0844573974609375
0.178619384765625 0.49591064453125 -0.036346435546875 -0.0959548950195312
0.312591552734375 0.33087158203125 -0.0905914306640625 -0.0512466430664062
0.454132080078125 0.134613037109375 -0.0694389343261719 -0.0361061096191406
0.4383544921875 -0.0521240234375 -0.0524139404296875 -0.024322509765625
0.41064453125 -0.069183349609375 -0.0481414794921875 -0.0262870788574219
0.452392578125 -0.1058349609375 -0.0355720520019531 -0.0183258056640625
0.474151611328125 -0.029815673828125 -0.0188064575195312 -0.0441780090332031
0.45068359375 0.160797119140625 -0.058135986328125 -0.045440673828125
0.3876953125 0.2967529296875 -0.0327606201171875 -0.0756149291992187
0.13873291015625 0.50518798828125 0.014923095703125 -0.101203918457031
-0.032470703125 0.59063720703125 0.112525939941406 -0.09454345703125
-0.14520263671875 0.547271728515625 0.219818115234375 -0.075164794921875
-0.20037841796875 0.515960693359375 -0.209579467773438 0.141387939453125
-0.11419677734375 0.50079345703125 -0.0483627319335937 0.0992431640625
-0.000305175781250032 0.507171630859375 -0.0216102600097656 -0.0471839904785156
0.186431884765625 0.411651611328125 -0.0793380737304688 -0.0981292724609375
0.290435791015625 0.26446533203125 -0.1668701171875 -0.0598602294921875
0.408294677734375 0.095947265625 -0.19219970703125 -0.017303466796875
0.38751220703125 -0.05938720703125 -0.191619873046875 0.034088134765625
0.364349365234375 -0.071014404296875 -0.176620483398437 0.0452728271484375
0.405975341796875 -0.09710693359375 -0.164352416992187 0.0470123291015625
0.42181396484375 -0.017669677734375 -0.141860961914062 -0.00721740722656248
0.3883056640625 0.1588134765625 -0.141876220703125 -0.030792236328125
0.322906494140625 0.27032470703125 -0.075439453125 -0.06536865234375
0.1002197265625 0.445098876953125 0.00995254516601563 -0.0531730651855468
-0.034942626953125 0.52581787109375 0.108940124511719 0.0353775024414063
-0.12896728515625 0.503753662109375 0.13031005859375 0.0950241088867188
-0.117706298828125 0.394073486328125 -0.270782470703125 0.295440673828125
-0.051666259765625 0.36541748046875 -0.0692596435546875 0.214508056640625
0.026458740234375 0.345611572265625 -0.0243568420410156 0.0015697479248047
0.142913818359375 0.2716064453125 -0.11602783203125 -0.072540283203125
0.211273193359375 0.170761108398438 -0.217758178710938 -0.044921875
0.29815673828125 0.05316162109375 -0.282470703125 0.017974853515625
0.278900146484375 -0.05548095703125 -0.29876708984375 0.095062255859375
0.262969970703125 -0.0635833740234375 -0.2781982421875 0.110092163085938
0.296112060546875 -0.076202392578125 -0.268524169921875 0.0954437255859375
0.30145263671875 -0.008148193359375 -0.241287231445312 0.0156402587890625
0.265350341796875 0.126571655273438 -0.197433471679687 -0.0285491943359375
0.210968017578125 0.192977905273438 -0.0997543334960937 -0.0577392578125
0.060882568359375 0.308929443359375 0.00749588012695313 -0.00581216812133787
-0.0186767578125 0.3818359375 0.0910186767578125 0.149749755859375
-0.08367919921875 0.387054443359375 0.03778076171875 0.242919921875
-0.0293426513671875 0.20355224609375 -0.310333251953125 0.40594482421875
-0.013275146484375 0.169296264648438 -0.088592529296875 0.297698974609375
0.0130462646484375 0.14202880859375 -0.0246353149414062 0.05120849609375
0.0546112060546875 0.113578796386719 -0.135025024414063 -0.03125
0.0909957885742188 0.07452392578125 -0.23651123046875 -0.0184478759765625
0.144149780273438 0.0206146240234375 -0.330108642578125 0.058929443359375
0.13006591796875 -0.0334396362304688 -0.35870361328125 0.15020751953125
0.12310791015625 -0.0467758178710938 -0.33551025390625 0.159149169921875
0.143463134765625 -0.05096435546875 -0.33148193359375 0.12298583984375
0.14068603515625 -0.0124053955078125 -0.30072021484375 0.022064208984375
0.117240905761719 0.0535964965820313 -0.216278076171875 -0.0345458984375
0.094085693359375 0.06658935546875 -0.102638244628906 -0.0515975952148437
0.050933837890625 0.125717163085938 0.007843017578125 0.0354804992675781
0.0330963134765625 0.192031860351563 0.0622100830078125 0.234146118164063
-0.00794982910156248 0.222320556640625 -0.040618896484375 0.34893798828125
-0.0933990478515625 -0.02569580078125 0.01019287109375 -0.40789794921875
-0.141845703125 0.0313262939453125 -0.0608062744140625 -0.275833129882813
-0.0911102294921875 0.101898193359375 -0.0472183227539063 -0.0312576293945313
-0.018707275390625 0.103073120117187 0.0719451904296875 0.0579986572265625
0.0190811157226563 0.0884780883789063 0.179092407226563 0.0656890869140625
0.0409469604492188 0.05792236328125 0.310577392578125 -0.029937744140625
0.0567703247070313 0.0226593017578125 0.35821533203125 -0.151702880859375
0.044647216796875 0.0213623046875 0.3311767578125 -0.196685791015625
0.0312595367431641 0.0118675231933594 0.33746337890625 -0.18475341796875
0.0324459075927734 -0.00278091430664063 0.33184814453125 -0.099334716796875
0.0451393127441406 -0.0070343017578125 0.233612060546875 -0.0451812744140625
0.0558090209960937 0.01959228515625 0.132476806640625 -0.0388946533203125
0.0340995788574219 0.0468940734863281 0.0734481811523437 -0.137397766113281
-0.00800323486328125 0.0305747985839844 0.083343505859375 -0.3507080078125
-0.00267410278320313 -0.0134286880493164 0.377349853515625 -0.450958251953125
-0.1768798828125 0.178756713867187 0.013427734375 -0.394378662109375
-0.19171142578125 0.211105346679687 -0.037506103515625 -0.280166625976563
-0.113494873046875 0.292266845703125 -0.0500411987304688 -0.0692481994628906
0.038116455078125 0.26873779296875 0.04840087890625 0.0214195251464844
0.128311157226563 0.198638916015625 0.130470275878906 0.0517120361328125
0.204376220703125 0.0956573486328125 0.26190185546875 -0.029693603515625
0.214004516601562 -0.0058746337890625 0.3123779296875 -0.143402099609375
0.193588256835938 -0.012603759765625 0.284637451171875 -0.193023681640625
0.196990966796875 -0.03192138671875 0.29193115234375 -0.18572998046875
0.202377319335938 -0.0157470703125 0.2930908203125 -0.12274169921875
0.202285766601562 0.050506591796875 0.191390991210937 -0.069488525390625
0.190414428710938 0.124908447265625 0.106048583984375 -0.0671844482421875
0.079803466796875 0.229446411132813 0.0578460693359375 -0.161605834960937
-0.0193328857421875 0.255157470703125 0.087860107421875 -0.356597900390625
-0.0601806640625 0.201873779296875 0.37335205078125 -0.451019287109375
-0.236724853515625 0.360382080078125 -0.015838623046875 -0.32330322265625
-0.220367431640625 0.371551513671875 -0.0273590087890625 -0.239776611328125
-0.11968994140625 0.45196533203125 -0.0456314086914062 -0.0977935791015625
0.091094970703125 0.40667724609375 0.0226783752441406 -0.0262489318847656
0.218658447265625 0.288818359375 0.0651359558105469 0.018402099609375
0.34033203125 0.12677001953125 0.1734619140625 -0.035369873046875
0.340789794921875 -0.0301513671875 0.218032836914063 -0.11907958984375
0.313323974609375 -0.044097900390625 0.1973876953125 -0.158950805664062
0.333953857421875 -0.077178955078125 0.20538330078125 -0.154327392578125
0.34771728515625 -0.035247802734375 0.213714599609375 -0.121902465820313
0.342071533203125 0.09283447265625 0.123039245605469 -0.0789947509765625
0.310089111328125 0.206329345703125 0.0673141479492188 -0.0842132568359375
0.129119873046875 0.378448486328125 0.0399017333984375 -0.1636962890625
-0.0152587890625 0.440765380859375 0.09197998046875 -0.311370849609375
-0.100372314453125 0.385162353515625 0.3447265625 -0.382843017578125
-0.258270263671875 0.49456787109375 -0.0718536376953125 -0.199951171875
-0.208953857421875 0.492431640625 -0.0274658203125 -0.155914306640625
-0.08746337890625 0.56097412109375 -0.0369796752929688 -0.106391906738281
0.1502685546875 0.487274169921875 -0.00713348388671873 -0.0736846923828125
0.290283203125 0.333343505859375 -0.0129928588867187 -0.0222530364990234
0.4307861328125 0.13568115234375 0.0554428100585938 -0.0415229797363281
0.418548583984375 -0.051605224609375 0.0878372192382813 -0.0792312622070313
0.3887939453125 -0.069549560546875 0.0782241821289063 -0.101844787597656
0.42315673828125 -0.11138916015625 0.0897064208984375 -0.0968246459960938
0.44525146484375 -0.051116943359375 0.102645874023438 -0.09613037109375
0.435302734375 0.123046875 0.0335617065429688 -0.07086181640625
0.389190673828125 0.261199951171875 0.0169830322265625 -0.0873260498046875
0.163177490234375 0.47576904296875 0.0262451171875 -0.14404296875
-0.00692749023437502 0.559661865234375 0.102005004882813 -0.222076416015625
-0.12139892578125 0.506317138671875 0.292510986328125 -0.25341796875
-0.237030029296875 0.5552978515625 -0.14068603515625 -0.03955078125
-0.160491943359375 0.546417236328125 -0.0349273681640625 -0.0388717651367187
-0.029052734375 0.58428955078125 -0.0286788940429688 -0.0901107788085937
0.198150634765625 0.48663330078125 -0.044189453125 -0.103302001953125
0.322265625 0.317718505859375 -0.0969619750976562 -0.0526123046875
0.456451416015625 0.115814208984375 -0.075469970703125 -0.0370407104492187
0.43182373046875 -0.06878662109375 -0.0575523376464843 -0.0273094177246094
0.405029296875 -0.0841064453125 -0.0538215637207031 -0.0294151306152344
0.44427490234375 -0.1251220703125 -0.0387649536132812 -0.0238761901855469
0.46905517578125 -0.05291748046875 -0.024169921875 -0.0529670715332031
0.456024169921875 0.140380859375 -0.0618667602539062 -0.0498313903808594
0.397857666015625 0.277862548828125 -0.0347137451171875 -0.0790328979492187
0.159698486328125 0.498992919921875 0.018157958984375 -0.105598449707031
-0.00817871093750006 0.59075927734375 0.113319396972656 -0.102302551269531
-0.126678466796875 0.547210693359375 0.219772338867187 -0.0886688232421875
-0.17962646484375 0.523529052734375 -0.208419799804688 0.135482788085938
-0.0933227539062499 0.504302978515625 -0.0477676391601563 0.0894775390625
0.028533935546875 0.50811767578125 -0.026580810546875 -0.0544052124023437
0.207611083984375 0.40234375 -0.086669921875 -0.104011535644531
0.299591064453125 0.250335693359375 -0.171234130859375 -0.058319091796875
0.41070556640625 0.076904296875 -0.194686889648437 -0.0128936767578125
0.38043212890625 -0.077484130859375 -0.193511962890625 0.036285400390625
0.357513427734375 -0.087646484375 -0.178298950195312 0.0471649169921875
0.39617919921875 -0.11627197265625 -0.16387939453125 0.0461883544921875
0.41558837890625 -0.040802001953125 -0.1444091796875 -0.01080322265625
0.393341064453125 0.138641357421875 -0.144485473632812 -0.0310821533203125
0.334320068359375 0.254547119140625 -0.0769882202148437 -0.0665206909179687
0.12139892578125 0.44061279296875 0.0142097473144531 -0.0578880310058593
-0.00860595703124996 0.526123046875 0.113044738769531 0.0275421142578125
-0.110595703125 0.50555419921875 0.134918212890625 0.0837249755859375
-0.10186767578125 0.4029541015625 -0.2640380859375 0.293701171875
-0.03436279296875 0.37017822265625 -0.0646820068359375 0.204986572265625
0.05010986328125 0.34771728515625 -0.0292873382568359 -0.00548744201660154
0.161605834960938 0.264480590820313 -0.122543334960938 -0.07452392578125
0.22021484375 0.157806396484375 -0.2203369140625 -0.039947509765625
0.3011474609375 0.035400390625 -0.281463623046875 0.02587890625
0.272979736328125 -0.071136474609375 -0.2958984375 0.10272216796875
0.25665283203125 -0.0784759521484375 -0.274978637695313 0.115325927734375
0.288482666015625 -0.0924072265625 -0.264404296875 0.100082397460938
0.2957763671875 -0.02801513671875 -0.240936279296875 0.016387939453125
0.27093505859375 0.108718872070313 -0.1986083984375 -0.0251007080078125
0.220870971679688 0.17852783203125 -0.101272583007813 -0.0565872192382812
0.079925537109375 0.305267333984375 0.0122890472412109 -0.0100908279418945
0.00491333007812496 0.383392333984375 0.098968505859375 0.142379760742188
-0.065948486328125 0.39111328125 0.04742431640625 0.236373901367188
-0.0198211669921875 0.213775634765625 -0.30120849609375 0.4073486328125
-0.00343322753906251 0.177291870117188 -0.08172607421875 0.28948974609375
0.0287322998046875 0.146484375 -0.0287284851074219 0.045745849609375
0.0681304931640625 0.110366821289062 -0.141082763671875 -0.02996826171875
0.098388671875 0.0662841796875 -0.237655639648438 -0.010345458984375
0.146560668945313 0.008026123046875 -0.32574462890625 0.0698852539062501
0.126861572265625 -0.0453109741210938 -0.35205078125 0.161041259765625
0.117652893066406 -0.0575180053710938 -0.329833984375 0.16741943359375
0.136322021484375 -0.0634841918945313 -0.32452392578125 0.13031005859375
0.136695861816406 -0.026885986328125 -0.297393798828125 0.0283203124999999
0.120170593261719 0.0411758422851563 -0.215194702148438 -0.028839111328125
0.0998992919921875 0.0557403564453125 -0.102378845214844 -0.049072265625
0.0646209716796875 0.122512817382812 0.0141620635986328 0.0328826904296875
0.0513916015625 0.193344116210937 0.0742034912109375 0.227813720703125
0.00511169433593748 0.226181030273438 -0.026092529296875 0.347198486328125
-0.102745056152344 -0.03265380859375 -0.01116943359375 -0.415771484375
-0.15423583984375 0.037841796875 -0.078582763671875 -0.275253295898438
-0.097747802734375 0.113533020019531 -0.0508689880371094 -0.0286064147949219
-0.01971435546875 0.11541748046875 0.0723114013671875 0.0564956665039063
0.0247650146484375 0.0987472534179687 0.179855346679688 0.0596923828125
0.0500106811523438 0.0651893615722656 0.3082275390625 -0.042938232421875
0.0647010803222656 0.026885986328125 0.352813720703125 -0.169189453125
0.0497589111328125 0.026092529296875 0.322662353515625 -0.214752197265625
0.0352325439453125 0.0183486938476563 0.329193115234375 -0.203765869140625
0.0310192108154297 0.003692626953125 0.32958984375 -0.119964599609375
0.0384712219238281 -0.00489044189453125 0.235549926757813 -0.0619659423828125
0.0501213073730469 0.0174522399902344 0.137008666992188 -0.0475845336914063
0.0286827087402344 0.0387763977050781 0.0735626220703125 -0.138359069824219
-0.0128898620605469 0.0218524932861328 0.070220947265625 -0.35064697265625
-0.00598907470703125 -0.02435302734375 0.36700439453125 -0.468597412109375
-0.175918579101562 0.179168701171875 -0.00802612304687498 -0.405059814453125
-0.194686889648438 0.219619750976562 -0.0560302734375 -0.28277587890625
-0.109222412109375 0.30499267578125 -0.0563735961914063 -0.0691604614257813
0.0464019775390625 0.278823852539063 0.0446014404296875 0.0177497863769531
0.139068603515625 0.203460693359375 0.127891540527344 0.0465774536132813
0.216888427734375 0.09393310546875 0.257095336914063 -0.04058837890625
0.221145629882813 -0.01031494140625 0.304473876953125 -0.159942626953125
0.19769287109375 -0.0157470703125 0.275314331054688 -0.209396362304688
0.1988525390625 -0.03607177734375 0.28173828125 -0.20526123046875
0.200485229492188 -0.0201568603515625 0.28753662109375 -0.14453125
0.201309204101563 0.0446624755859375 0.19085693359375 -0.0866546630859375
0.192001342773437 0.1165771484375 0.109489440917969 -0.0777969360351562
0.0869293212890625 0.221832275390625 0.0575103759765625 -0.165863037109375
-0.01080322265625 0.25048828125 0.07568359375 -0.3602294921875
-0.0539093017578125 0.1973876953125 0.3642578125 -0.473907470703125
-0.227020263671875 0.367431640625 -0.03753662109375 -0.33551025390625
-0.213653564453125 0.382781982421875 -0.0447235107421875 -0.2457275390625
-0.104827880859375 0.46527099609375 -0.05499267578125 -0.0995101928710937
0.108856201171875 0.4132080078125 0.0147628784179688 -0.0321178436279297
0.235260009765625 0.287353515625 0.0592575073242188 0.0135383605957031
0.35284423828125 0.11529541015625 0.165420532226563 -0.04376220703125
0.3455810546875 -0.042999267578125 0.208892822265625 -0.132492065429688
0.3167724609375 -0.055419921875 0.186477661132813 -0.1744384765625
0.33428955078125 -0.091217041015625 0.195159912109375 -0.171676635742187
0.34674072265625 -0.050994873046875 0.20599365234375 -0.14263916015625
0.346435546875 0.078643798828125 0.118743896484375 -0.0943756103515625
0.320220947265625 0.19390869140625 0.0676956176757813 -0.0943222045898437
0.147918701171875 0.373504638671875 0.0410614013671875 -0.170822143554687
0.00552368164062499 0.44244384765625 0.0838623046875 -0.319549560546875
-0.085174560546875 0.38714599609375 0.336181640625 -0.408355712890625
-0.238372802734375 0.5062255859375 -0.089263916015625 -0.211044311523437
-0.192108154296875 0.5037841796875 -0.0416412353515625 -0.164459228515625
-0.06134033203125 0.572021484375 -0.0474700927734375 -0.110366821289062
0.176177978515625 0.487518310546875 -0.0187606811523437 -0.0809402465820312
0.30902099609375 0.32586669921875 -0.0212516784667969 -0.025665283203125
0.444244384765625 0.116424560546875 0.0461540222167969 -0.046112060546875
0.4207763671875 -0.07122802734375 0.0777511596679688 -0.0879745483398438
0.389984130859375 -0.087493896484375 0.0684967041015625 -0.111175537109375
0.419097900390625 -0.1324462890625 0.0813674926757813 -0.108322143554688
0.443603515625 -0.07550048828125 0.0939178466796875 -0.111869812011719
0.445037841796875 0.1005859375 0.0273513793945313 -0.0816650390625
0.40533447265625 0.244842529296875 0.0157852172851563 -0.0955657958984375
0.18865966796875 0.47235107421875 0.0274200439453125 -0.153106689453125
0.02313232421875 0.56463623046875 0.098114013671875 -0.233428955078125
-0.100616455078125 0.513671875 0.287841796875 -0.278106689453125
-0.21221923828125 0.57073974609375 -0.151199340820313 -0.046661376953125
-0.13568115234375 0.556884765625 -0.0436782836914063 -0.0486335754394531
0.00640869140624996 0.59197998046875 -0.0374374389648438 -0.09735107421875
0.22833251953125 0.480560302734375 -0.0574722290039062 -0.110580444335937
0.342193603515625 0.30389404296875 -0.106422424316406 -0.0534210205078125
0.4686279296875 0.09173583984375 -0.0838088989257812 -0.035614013671875
0.431060791015625 -0.092498779296875 -0.0660438537597656 -0.0278053283691406
0.403228759765625 -0.10595703125 -0.0612106323242187 -0.0318107604980469
0.440093994140625 -0.149627685546875 -0.0455856323242187 -0.028228759765625
0.466827392578125 -0.082611083984375 -0.0324821472167969 -0.0620994567871094
0.468170166015625 0.113525390625 -0.0692825317382812 -0.05517578125
0.4183349609375 0.2608642578125 -0.0386886596679687 -0.0841751098632812
0.190460205078125 0.498046875 0.019775390625 -0.115119934082031
0.0265502929687499 0.59716796875 0.113082885742187 -0.113655090332031
-0.103302001953125 0.55938720703125 0.220748901367188 -0.10833740234375
-0.15179443359375 0.542266845703125 -0.21173095703125 0.134368896484375
-0.06536865234375 0.5159912109375 -0.0489044189453125 0.0815277099609375
0.06500244140625 0.513153076171875 -0.0343780517578125 -0.0618362426757812
0.238067626953125 0.392730712890625 -0.100746154785156 -0.108528137207031
0.317535400390625 0.234130859375 -0.180465698242187 -0.0549468994140625
0.419586181640625 0.050323486328125 -0.201904296875 -0.00646972656249998
0.377197265625 -0.100830078125 -0.199066162109375 0.04266357421875
0.354522705078125 -0.110443115234375 -0.181747436523438 0.0513458251953125
0.390289306640625 -0.1435546875 -0.167510986328125 0.0488128662109375
0.413238525390625 -0.07098388671875 -0.152679443359375 -0.0126190185546875
0.407196044921875 0.1126708984375 -0.152053833007813 -0.029693603515625
0.3543701171875 0.235809326171875 -0.0816879272460937 -0.0679397583007812
0.153045654296875 0.439178466796875 0.0161705017089844 -0.0658454895019531
0.02520751953125 0.534912109375 0.119102478027344 0.0164108276367188
-0.085357666015625 0.519256591796875 0.142135620117188 0.070404052734375
-0.078369140625 0.42138671875 -0.260009765625 0.2999267578125
-0.01043701171875 0.3819580078125 -0.06024169921875 0.1998291015625
0.08013916015625 0.35101318359375 -0.0356407165527344 -0.0115852355957031
0.187118530273438 0.2559814453125 -0.13525390625 -0.0755157470703125
0.234359741210937 0.142852783203125 -0.2283935546875 -0.0318756103515625
0.3067626953125 0.01287841796875 -0.28607177734375 0.038055419921875
0.268341064453125 -0.09295654296875 -0.29779052734375 0.11492919921875
0.252288818359375 -0.0978851318359375 -0.275482177734375 0.12615966796875
0.280471801757813 -0.115631103515625 -0.26495361328125 0.10791015625
0.292510986328125 -0.0518798828125 -0.246383666992187 0.021820068359375
0.279541015625 0.0870361328125 -0.205093383789062 -0.01959228515625
0.235870361328125 0.162399291992188 -0.105186462402344 -0.0560302734375
0.1051025390625 0.302642822265625 0.0167360305786133 -0.0162239074707031
0.035369873046875 0.3896484375 0.109832763671875 0.133811950683594
-0.043853759765625 0.403350830078125 0.0616455078125 0.23089599609375
-0.00582885742187498 0.228439331054688 -0.293487548828125 0.42083740234375
0.011444091796875 0.187957763671875 -0.07342529296875 0.28961181640625
0.0473175048828125 0.15167236328125 -0.0346755981445312 0.0419845581054688
0.085205078125 0.106559753417969 -0.150772094726563 -0.0263824462890625
0.108200073242188 0.0570755004882813 -0.243453979492188 0.00119018554687503
0.150146484375 -0.0078887939453125 -0.326202392578125 0.08612060546875
0.122184753417969 -0.060577392578125 -0.348480224609375 0.178680419921875
0.112274169921875 -0.0714111328125 -0.325469970703125 0.1826171875
0.128524780273437 -0.0787582397460937 -0.3228759765625 0.14337158203125
0.131683349609375 -0.0438385009765625 -0.299652099609375 0.03851318359375
0.123931884765625 0.0250930786132813 -0.218765258789063 -0.0214996337890625
0.106704711914063 0.04180908203125 -0.10443115234375 -0.0465164184570313
0.0816802978515625 0.116996765136719 0.0202541351318359 0.0290489196777344
0.07476806640625 0.194442749023438 0.09014892578125 0.22210693359375
0.0231170654296875 0.234466552734375 -0.00628662109375 0.350341796875
-0.117500305175781 -0.0358428955078125 -0.045654296875 -0.419891357421875
-0.166458129882813 0.050689697265625 -0.102279663085937 -0.269195556640625
-0.0999603271484375 0.130355834960937 -0.0551414489746094 -0.0238304138183594
-0.0153274536132813 0.129875183105469 0.07318115234375 0.0537185668945313
0.0354385375976563 0.108230590820313 0.18157958984375 0.0507659912109375
0.0634613037109375 0.0704116821289063 0.304168701171875 -0.060516357421875
0.0756607055664063 0.029571533203125 0.341766357421875 -0.19354248046875
0.0579338073730469 0.0299110412597656 0.30706787109375 -0.236602783203125
0.0421905517578125 0.0236015319824219 0.314849853515625 -0.228240966796875
0.0320415496826172 0.0108604431152344 0.3216552734375 -0.148345947265625
0.0320911407470703 0.000402450561523438 0.233612060546875 -0.0854644775390625
0.0426826477050781 0.0168800354003906 0.1397705078125 -0.0611419677734375
0.0213432312011719 0.0307407379150391 0.0706329345703125 -0.14129638671875
-0.0207004547119141 0.0130977630615234 0.051422119140625 -0.350311279296875
-0.013702392578125 -0.0352249145507813 0.34661865234375 -0.493316650390625
-0.174240112304688 0.181671142578125 -0.04364013671875 -0.412994384765625
-0.194290161132813 0.234771728515625 -0.08245849609375 -0.28094482421875
-0.09619140625 0.323028564453125 -0.0659523010253906 -0.0661544799804687
0.063812255859375 0.288116455078125 0.0397987365722656 0.0139427185058594
0.1568603515625 0.20513916015625 0.125930786132813 0.03955078125
0.232101440429688 0.0855560302734375 0.249710083007813 -0.0560760498046875
0.228790283203125 -0.0197296142578125 0.290863037109375 -0.182373046875
0.202346801757812 -0.0232391357421875 0.256851196289063 -0.230606079101563
0.201446533203125 -0.044586181640625 0.264907836914063 -0.229110717773437
0.199569702148438 -0.02813720703125 0.274978637695313 -0.172622680664063
0.2005615234375 0.0352935791015625 0.184066772460938 -0.108963012695313
0.195343017578125 0.105148315429688 0.109085083007813 -0.0920028686523438
0.0957794189453125 0.212539672851563 0.055145263671875 -0.173187255859375
0.00112915039062499 0.244369506835938 0.057342529296875 -0.365264892578125
-0.04522705078125 0.192001342773437 0.3408203125 -0.505950927734375
-0.2086181640625 0.37646484375 -0.070587158203125 -0.344940185546875
-0.199249267578125 0.39666748046875 -0.071014404296875 -0.247756958007812
-0.07818603515625 0.479949951171875 -0.06744384765625 -0.0987777709960937
0.13641357421875 0.41534423828125 0.00339508056640625 -0.0367851257324219
0.258544921875 0.280914306640625 0.052276611328125 0.00942993164062502
0.369354248046875 0.095367431640625 0.155563354492188 -0.0538177490234375
0.349700927734375 -0.062713623046875 0.193801879882813 -0.148590087890625
0.31829833984375 -0.074493408203125 0.168731689453125 -0.190887451171875
0.33203125 -0.112396240234375 0.1781005859375 -0.191680908203125
0.3438720703125 -0.072662353515625 0.190658569335938 -0.167205810546875
0.35113525390625 0.05621337890625 0.109031677246094 -0.112754821777344
0.333648681640625 0.172698974609375 0.0643692016601563 -0.10791015625
0.1712646484375 0.3616943359375 0.0371246337890625 -0.180740356445313
0.03436279296875 0.4384765625 0.068084716796875 -0.330108642578125
-0.06268310546875 0.387481689453125 0.315582275390625 -0.44146728515625
-0.206756591796875 0.52020263671875 -0.115310668945312 -0.218048095703125
-0.16351318359375 0.51666259765625 -0.063079833984375 -0.169448852539062
-0.02227783203125 0.58099365234375 -0.0618057250976562 -0.112556457519531
0.211151123046875 0.48089599609375 -0.0349578857421875 -0.08563232421875
0.33441162109375 0.309112548828125 -0.0327796936035156 -0.0261554718017578
0.456787109375 0.086761474609375 0.0345802307128907 -0.0492820739746094
0.419708251953125 -0.10015869140625 0.0645294189453125 -0.0955657958984375
0.3870849609375 -0.1142578125 0.05364990234375 -0.121040344238281
0.412933349609375 -0.161865234375 0.06707763671875 -0.120864868164063
0.437469482421875 -0.108856201171875 0.078460693359375 -0.129173278808594
0.4547119140625 0.06878662109375 0.0160675048828125 -0.0931396484375
0.426177978515625 0.216033935546875 0.00971221923828128 -0.106376647949219
0.222686767578125 0.462005615234375 0.0237274169921875 -0.165145874023437
0.064208984375 0.562744140625 0.0868377685546875 -0.247268676757812
-0.0676574707031249 0.519775390625 0.27313232421875 -0.310577392578125
-0.1700439453125 0.58782958984375 -0.166976928710938 -0.0492095947265625
-0.09771728515625 0.56884765625 -0.0554618835449219 -0.0547561645507812
0.052490234375 0.59332275390625 -0.0517349243164062 -0.101905822753906
0.26776123046875 0.466278076171875 -0.0769195556640625 -0.114227294921875
0.367523193359375 0.281341552734375 -0.119132995605469 -0.048828125
0.477569580078125 0.055267333984375 -0.0957794189453125 -0.0311279296875
0.425872802734375 -0.124786376953125 -0.0763626098632812 -0.0263214111328125
0.39666748046875 -0.136932373046875 -0.0709609985351562 -0.0325469970703125
0.429168701171875 -0.18548583984375 -0.0553512573242187 -0.0316619873046875
0.45880126953125 -0.121337890625 -0.0458984375 -0.0699539184570313
0.47991943359375 0.074981689453125 -0.0808639526367187 -0.0573654174804688
0.443878173828125 0.228424072265625 -0.0452804565429687 -0.0894393920898438
0.230255126953125 0.48681640625 0.016571044921875 -0.127204895019531
0.0763549804687501 0.597900390625 0.108039855957031 -0.130149841308594
-0.0628662109374999 0.570068359375 0.216110229492187 -0.136398315429687
-0.110076904296875 0.561279296875 -0.214523315429688 0.137863159179688
-0.024627685546875 0.525634765625 -0.05133056640625 0.0748214721679688
0.112640380859375 0.5096435546875 -0.0471343994140625 -0.0674819946289062
0.2757568359375 0.373016357421875 -0.119621276855469 -0.10986328125
0.338165283203125 0.20770263671875 -0.192337036132812 -0.0452728271484375
0.424774169921875 0.012847900390625 -0.2093505859375 0.00613403320312497
0.368560791015625 -0.13336181640625 -0.2039794921875 0.0543365478515625
0.344451904296875 -0.141204833984375 -0.185516357421875 0.0604095458984375
0.37689208984375 -0.177398681640625 -0.171585083007812 0.05584716796875
0.403900146484375 -0.107757568359375 -0.161911010742187 -0.00987243652343751
0.41754150390625 0.076446533203125 -0.161636352539062 -0.0249176025390625
0.376190185546875 0.205780029296875 -0.08868408203125 -0.0692520141601562
0.193389892578125 0.43035888671875 0.0155181884765625 -0.0765228271484375
0.0736083984375 0.534881591796875 0.122901916503906 -0.000160217285156217
-0.0458068847656251 0.53045654296875 0.148773193359375 0.051116943359375
-0.0411376953125 0.438323974609375 -0.250579833984375 0.310760498046875
0.02508544921875 0.39105224609375 -0.05352783203125 0.194686889648438
0.1197509765625 0.34820556640625 -0.0443801879882812 -0.0163040161132812
0.216659545898438 0.237014770507813 -0.1513671875 -0.0713348388671875
0.249465942382813 0.119476318359375 -0.236892700195312 -0.01751708984375
0.30877685546875 -0.019317626953125 -0.2880859375 0.0581054687500001
0.258590698242188 -0.119186401367188 -0.295257568359375 0.134735107421875
0.241302490234375 -0.123092651367188 -0.272689819335938 0.14239501953125
0.266708374023438 -0.142913818359375 -0.263687133789063 0.123321533203125
0.28228759765625 -0.082794189453125 -0.252197265625 0.033599853515625
0.286956787109375 0.057373046875 -0.211288452148437 -0.00856018066406248
0.251556396484375 0.137435913085938 -0.110755920410156 -0.0531463623046875
0.1370849609375 0.29180908203125 0.0186901092529297 -0.0250434875488281
0.076995849609375 0.38861083984375 0.122451782226563 0.119308471679688
-0.00781250000000001 0.412933349609375 0.0786895751953125 0.220504760742188
0.019012451171875 0.242721557617188 -0.274322509765625 0.440093994140625
0.034088134765625 0.1966552734375 -0.060211181640625 0.289794921875
0.072784423828125 0.15142822265625 -0.0405158996582031 0.0404510498046875
0.104454040527344 0.0954513549804687 -0.1619873046875 -0.016754150390625
0.117561340332031 0.0415115356445313 -0.247848510742187 0.0199890136718749
0.150863647460937 -0.02911376953125 -0.322021484375 0.110076904296875
0.113166809082031 -0.0783615112304688 -0.338653564453125 0.203094482421875
0.101043701171875 -0.08721923828125 -0.316680908203125 0.204376220703125
0.114578247070313 -0.0954971313476563 -0.31658935546875 0.16448974609375
0.120063781738281 -0.0627670288085938 -0.30120849609375 0.05596923828125
0.12384033203125 0.0050506591796875 -0.22247314453125 -0.00859069824218754
0.112373352050781 0.0236740112304688 -0.107337951660156 -0.0424346923828125
0.101570129394531 0.104232788085938 0.0266475677490234 0.0212764739990234
0.1048583984375 0.188491821289062 0.110061645507813 0.211563110351563
0.0505828857421875 0.239532470703125 0.019989013671875 0.349090576171875
-0.134101867675781 -0.0334854125976562 -0.083770751953125 -0.4085693359375
-0.174819946289063 0.069976806640625 -0.126358032226563 -0.25244140625
-0.09588623046875 0.14886474609375 -0.0584564208984375 -0.0168380737304688
-0.0047760009765625 0.1444091796875 0.074066162109375 0.0501327514648438
0.0510177612304688 0.114631652832031 0.180313110351562 0.0393524169921875
0.0788345336914063 0.07122802734375 0.29254150390625 -0.078857421875
0.0883102416992188 0.0267868041992188 0.321136474609375 -0.21575927734375
0.0675888061523438 0.029876708984375 0.281341552734375 -0.256072998046875
0.0512237548828125 0.0266571044921875 0.287872314453125 -0.250091552734375
0.0358810424804688 0.0182876586914063 0.3013916015625 -0.1759033203125
0.0279655456542969 0.00768661499023438 0.222442626953125 -0.109634399414063
0.0347347259521484 0.0186920166015625 0.137428283691406 -0.0759811401367188
0.0100193023681641 0.0251026153564453 0.0667266845703125 -0.142913818359375
-0.0329437255859375 0.00651931762695313 0.03094482421875 -0.341278076171875
-0.025177001953125 -0.0453033447265625 0.310699462890625 -0.511962890625
-0.171310424804688 0.184524536132813 -0.085845947265625 -0.407257080078125
-0.186767578125 0.25128173828125 -0.111679077148438 -0.268295288085938
-0.077056884765625 0.335235595703125 -0.07391357421875 -0.05877685546875
0.086273193359375 0.29180908203125 0.0338516235351563 0.0123786926269531
0.177108764648438 0.200729370117188 0.121353149414063 0.0318374633789063
0.245269775390625 0.0718841552734375 0.235519409179688 -0.0703887939453125
0.233795166015625 -0.033905029296875 0.267196655273438 -0.20166015625
0.204696655273438 -0.034515380859375 0.229049682617188 -0.247390747070313
0.201385498046875 -0.0540771484375 0.235977172851563 -0.249069213867188
0.195068359375 -0.0363616943359375 0.249526977539063 -0.199234008789063
0.1962890625 0.026702880859375 0.16876220703125 -0.130355834960938
0.194259643554688 0.0913238525390625 0.102981567382813 -0.1065673828125
0.101974487304688 0.197174072265625 0.047882080078125 -0.179107666015625
0.0110626220703125 0.232269287109375 0.032989501953125 -0.363006591796875
-0.0380401611328125 0.1820068359375 0.300506591796875 -0.531646728515625
-0.1856689453125 0.379058837890625 -0.109161376953125 -0.33978271484375
-0.175384521484375 0.407562255859375 -0.099334716796875 -0.2391357421875
-0.04437255859375 0.48419189453125 -0.08111572265625 -0.0930252075195312
0.16802978515625 0.406951904296875 -0.00979232788085937 -0.0364151000976562
0.28082275390625 0.263824462890625 0.0434532165527344 0.00702285766601564
0.3782958984375 0.067596435546875 0.14080810546875 -0.061798095703125
0.345672607421875 -0.087249755859375 0.171722412109375 -0.161727905273438
0.312103271484375 -0.096435546875 0.14324951171875 -0.2021484375
0.322265625 -0.133758544921875 0.150680541992188 -0.206939697265625
0.33013916015625 -0.0955810546875 0.164657592773438 -0.187850952148438
0.34747314453125 0.031097412109375 0.0926666259765625 -0.129341125488281
0.338531494140625 0.1448974609375 0.0568923950195313 -0.121353149414062
0.192413330078125 0.339599609375 0.028778076171875 -0.1910400390625
0.06402587890625 0.420928955078125 0.045989990234375 -0.335205078125
-0.0369873046875 0.37933349609375 0.27734375 -0.46923828125
-0.1646728515625 0.5233154296875 -0.146072387695312 -0.21453857421875
-0.12615966796875 0.521514892578125 -0.0869140625 -0.165908813476562
0.0234985351562499 0.5732421875 -0.0778732299804687 -0.108757019042969
0.2470703125 0.459747314453125 -0.0530548095703125 -0.0841827392578125
0.355987548828125 0.28173828125 -0.044891357421875 -0.0229911804199218
0.45928955078125 0.04803466796875 0.0201148986816407 -0.0480499267578125
0.407867431640625 -0.13079833984375 0.0459747314453125 -0.0996780395507813
0.373046875 -0.14306640625 0.034210205078125 -0.126792907714844
0.393524169921875 -0.1943359375 0.046417236328125 -0.128898620605469
0.41705322265625 -0.143157958984375 0.0557708740234375 -0.141952514648438
0.45166015625 0.029693603515625 -0.00125885009765622 -0.101127624511719
0.436981201171875 0.177032470703125 -0.000946044921874972 -0.115760803222656
0.254638671875 0.432159423828125 0.013916015625 -0.175933837890625
0.108612060546875 0.54522705078125 0.0679779052734375 -0.258697509765625
-0.026641845703125 0.51318359375 0.243621826171875 -0.340850830078125
-0.11883544921875 0.5897216796875 -0.184097290039063 -0.0454254150390625
-0.049072265625 0.565185546875 -0.0701980590820313 -0.0571098327636719
0.10369873046875 0.576904296875 -0.0684051513671875 -0.101470947265625
0.303680419921875 0.433563232421875 -0.0993576049804688 -0.111099243164062
0.38372802734375 0.243499755859375 -0.131454467773437 -0.039947509765625
0.473968505859375 0.011199951171875 -0.105422973632812 -0.0220489501953125
0.40740966796875 -0.157135009765625 -0.086517333984375 -0.0209503173828125
0.377288818359375 -0.16790771484375 -0.0819473266601562 -0.0303497314453125
0.402679443359375 -0.2191162109375 -0.0665245056152344 -0.0311393737792969
0.435516357421875 -0.160797119140625 -0.0632247924804687 -0.0722732543945313
0.4765625 0.030303955078125 -0.0932998657226562 -0.056060791015625
0.456939697265625 0.184844970703125 -0.0554122924804687 -0.0932235717773437
0.270782470703125 0.458587646484375 0.00756072998046876 -0.139030456542969
0.12811279296875 0.58026123046875 0.095947265625 -0.146209716796875
-0.0164794921875001 0.5657958984375 0.19873046875 -0.164077758789062
-0.053955078125 0.5643310546875 -0.213882446289063 0.141952514648438
0.02520751953125 0.51861572265625 -0.0562629699707031 0.0680465698242188
0.16192626953125 0.488250732421875 -0.0606803894042969 -0.0684585571289062
0.307098388671875 0.336456298828125 -0.139686584472656 -0.102210998535156
0.3499755859375 0.171173095703125 -0.201522827148437 -0.030181884765625
0.416778564453125 -0.03057861328125 -0.212814331054688 0.0228118896484375
0.34716796875 -0.165313720703125 -0.204437255859375 0.067718505859375
0.3226318359375 -0.169219970703125 -0.185836791992187 0.0709686279296875
0.35015869140625 -0.2080078125 -0.17327880859375 0.064910888671875
0.37908935546875 -0.146148681640625 -0.171493530273437 -0.00314331054687498
0.4141845703125 0.032928466796875 -0.1700439453125 -0.0146331787109375
0.39007568359375 0.163299560546875 -0.0952987670898437 -0.0670242309570313
0.232208251953125 0.401641845703125 0.00912475585937502 -0.088287353515625
0.126708984375 0.51702880859375 0.119911193847656 -0.0184326171875
0.00378417968749995 0.52679443359375 0.14825439453125 0.0271148681640625
0.00637817382812501 0.44122314453125 -0.234100341796875 0.316741943359375
0.066680908203125 0.385986328125 -0.046295166015625 0.187042236328125
0.160614013671875 0.3282470703125 -0.05548095703125 -0.0175628662109375
0.24139404296875 0.204833984375 -0.16693115234375 -0.059814453125
0.2568359375 0.0894775390625 -0.2401123046875 0.00244140625
0.29766845703125 -0.055206298828125 -0.2821044921875 0.0801391601562501
0.2366943359375 -0.144195556640625 -0.28436279296875 0.154541015625
0.219161987304688 -0.145538330078125 -0.262542724609375 0.159561157226562
0.240097045898437 -0.167312622070312 -0.256805419921875 0.13873291015625
0.259963989257813 -0.112197875976562 -0.253128051757813 0.0487823486328125
0.282501220703125 0.0223388671875 -0.214431762695313 0.00502014160156248
0.259307861328125 0.10400390625 -0.115089416503906 -0.0484390258789062
0.167770385742187 0.268386840820313 0.0185775756835938 -0.0364418029785156
0.12078857421875 0.3704833984375 0.129692077636719 0.0992965698242188
0.03424072265625 0.4078369140625 0.0930633544921875 0.202316284179688
0.0505828857421875 0.247589111328125 -0.24664306640625 0.44976806640625
0.0627593994140625 0.197799682617188 -0.0443115234375 0.2840576171875
0.0992584228515625 0.142318725585938 -0.0474357604980469 0.0400047302246094
0.120582580566406 0.076751708984375 -0.170059204101563 -0.00183105468749999
0.123580932617188 0.0218048095703125 -0.243667602539062 0.0429534912109375
0.142532348632813 -0.0529632568359375 -0.307373046875 0.135589599609375
0.0960464477539063 -0.0937881469726563 -0.317138671875 0.2269287109375
0.0823211669921875 -0.100608825683594 -0.297576904296875 0.22552490234375
0.0929946899414063 -0.108566284179688 -0.30181884765625 0.1834716796875
0.100898742675781 -0.0786514282226562 -0.294921875 0.07586669921875
0.115951538085937 -0.0158309936523438 -0.221389770507813 0.00651550292968745
0.111000061035156 0.00179290771484375 -0.108818054199219 -0.037353515625
0.118850708007813 0.0832061767578125 0.0304241180419922 0.0115795135498047
0.133743286132813 0.17041015625 0.126785278320313 0.190704345703125
0.08154296875 0.23431396484375 0.050079345703125 0.3365478515625
-0.15093994140625 -0.027069091796875 -0.11346435546875 -0.381744384765625
-0.176620483398438 0.090728759765625 -0.142196655273438 -0.22711181640625
-0.0867156982421875 0.165374755859375 -0.0587730407714844 -0.00990295410156249
0.00868225097656252 0.154159545898438 0.0736541748046875 0.0473480224609375
0.066986083984375 0.117088317871094 0.174041748046875 0.0297698974609375
0.0956192016601563 0.0659942626953125 0.276779174804688 -0.0916290283203125
0.100349426269531 0.0215835571289063 0.29400634765625 -0.2279052734375
0.0778579711914063 0.0273666381835938 0.252655029296875 -0.263076782226563
0.0621376037597656 0.0283470153808594 0.256561279296875 -0.257843017578125
0.0421028137207031 0.0236053466796875 0.274749755859375 -0.191635131835937
0.0254650115966797 0.0181941986083984 0.201995849609375 -0.127685546875
0.0256309509277344 0.0244655609130859 0.129814147949219 -0.0898590087890625
-0.00295066833496094 0.0218009948730469 0.063812255859375 -0.143295288085938
-0.0473213195800781 0.00328063964843749 0.0167236328125 -0.32501220703125
-0.0421562194824219 -0.0501060485839844 0.273773193359375 -0.515045166015625
-0.171005249023438 0.18572998046875 -0.12078857421875 -0.381317138671875
-0.176040649414063 0.26275634765625 -0.133316040039063 -0.244293212890625
-0.055084228515625 0.33941650390625 -0.07965087890625 -0.0472564697265625
0.105010986328125 0.286956787109375 0.0274658203125 0.0116996765136719
0.196487426757812 0.188766479492187 0.113128662109375 0.0272903442382813
0.251571655273438 0.0540924072265625 0.21868896484375 -0.075592041015625
0.233322143554688 -0.046112060546875 0.240264892578125 -0.210235595703125
0.204208374023438 -0.043975830078125 0.198410034179688 -0.25311279296875
0.198486328125 -0.0620269775390625 0.203811645507812 -0.255020141601562
0.189483642578125 -0.0392303466796875 0.217910766601563 -0.212753295898438
0.188720703125 0.02099609375 0.147064208984375 -0.146224975585938
0.185150146484375 0.07940673828125 0.0924758911132813 -0.118751525878906
0.09808349609375 0.18023681640625 0.04254150390625 -0.182418823242187
0.0128631591796875 0.217666625976562 0.01654052734375 -0.35296630859375
-0.0347900390625 0.168136596679688 0.258392333984375 -0.538299560546875
-0.163360595703125 0.37115478515625 -0.143096923828125 -0.321044921875
-0.153656005859375 0.405731201171875 -0.120071411132812 -0.219085693359375
-0.013336181640625 0.4755859375 -0.0915985107421875 -0.0843353271484375
0.189544677734375 0.389801025390625 -0.0211162567138672 -0.0322685241699219
0.292724609375 0.242919921875 0.0327930450439453 0.0085582733154297
0.376922607421875 0.039825439453125 0.123222351074219 -0.06097412109375
0.335479736328125 -0.10638427734375 0.146743774414063 -0.16473388671875
0.298248291015625 -0.111236572265625 0.114181518554688 -0.205337524414063
0.3052978515625 -0.14794921875 0.12237548828125 -0.20977783203125
0.31085205078125 -0.110748291015625 0.133697509765625 -0.197402954101563
0.33477783203125 0.011505126953125 0.0707168579101563 -0.137397766113281
0.33123779296875 0.11773681640625 0.0437850952148438 -0.132156372070313
0.198638916015625 0.311248779296875 0.0189971923828125 -0.197616577148437
0.081695556640625 0.39471435546875 0.02459716796875 -0.33038330078125
-0.01983642578125 0.3594970703125 0.233978271484375 -0.480438232421875
-0.127899169921875 0.50994873046875 -0.17572021484375 -0.201034545898437
-0.0936889648437501 0.507904052734375 -0.107177734375 -0.152847290039062
0.059295654296875 0.55120849609375 -0.092315673828125 -0.0989456176757812
0.27093505859375 0.42694091796875 -0.0708160400390625 -0.0758056640625
0.363037109375 0.2484130859375 -0.0555000305175781 -0.0143203735351562
0.44781494140625 0.0146484375 0.0065269470214844 -0.0425987243652344
0.387237548828125 -0.153106689453125 0.028778076171875 -0.0966720581054688
0.350128173828125 -0.1611328125 0.0127410888671875 -0.124183654785156
0.365692138671875 -0.2132568359375 0.0244522094726563 -0.127944946289063
0.3883056640625 -0.16546630859375 0.0294189453125 -0.145401000976563
0.43597412109375 -0.00146484375 -0.0184326171875 -0.102851867675781
0.431304931640625 0.139495849609375 -0.0123825073242187 -0.1214599609375
0.271392822265625 0.396453857421875 0.00108337402343752 -0.184219360351562
0.13671875 0.51116943359375 0.046844482421875 -0.262664794921875
0.00320434570312503 0.490509033203125 0.204193115234375 -0.356658935546875
-0.071044921875 0.57244873046875 -0.200332641601562 -0.0377349853515625
-0.00973510742187504 0.544036865234375 -0.0869369506835937 -0.0543594360351562
0.1409912109375 0.5428466796875 -0.0845413208007813 -0.0962905883789062
0.323028564453125 0.39044189453125 -0.117034912109375 -0.0999069213867187
0.384857177734375 0.207550048828125 -0.140716552734375 -0.0269927978515625
0.45391845703125 -0.0264892578125 -0.111663818359375 -0.00973510742187501
0.37799072265625 -0.181304931640625 -0.09515380859375 -0.0130767822265625
0.3463134765625 -0.18743896484375 -0.0917739868164062 -0.0246963500976562
0.369781494140625 -0.23785400390625 -0.0781173706054687 -0.0278244018554688
0.4012451171875 -0.1859130859375 -0.0799102783203125 -0.0708160400390625
0.45904541015625 -0.007110595703125 -0.104095458984375 -0.0510330200195312
0.45306396484375 0.141998291015625 -0.0649108886718749 -0.0921707153320312
0.293609619140625 0.41748046875 -0.00537109374999999 -0.14892578125
0.167266845703125 0.54583740234375 0.078704833984375 -0.156219482421875
0.02301025390625 0.537933349609375 0.173431396484375 -0.182083129882813
-0.0072021484375 0.5445556640625 -0.216552734375 0.142822265625
0.06494140625 0.4957275390625 -0.063720703125 0.0612106323242188
0.19647216796875 0.45147705078125 -0.0766372680664062 -0.0663604736328125
0.322357177734375 0.291168212890625 -0.156753540039062 -0.0891876220703124
0.347015380859375 0.131011962890625 -0.2034912109375 -0.012176513671875
0.393157958984375 -0.06494140625 -0.208938598632812 0.037109375
0.313201904296875 -0.185546875 -0.201507568359375 0.079742431640625
0.290374755859375 -0.186737060546875 -0.185394287109375 0.078857421875
0.31378173828125 -0.225372314453125 -0.170700073242188 0.0728302001953125
0.342041015625 -0.169647216796875 -0.178878784179687 0.00624084472656245
0.39605712890625 -0.00543212890625 -0.17449951171875 -0.00337219238281247
0.384918212890625 0.12353515625 -0.102394104003906 -0.0644989013671875
0.254608154296875 0.3631591796875 -0.00125122070312498 -0.0983123779296875
0.16436767578125 0.482269287109375 0.109260559082031 -0.0373992919921875
0.044403076171875 0.5052490234375 0.135391235351563 0.00407409667968753
0.050567626953125 0.427825927734375 -0.22021484375 0.316009521484375
0.10418701171875 0.363922119140625 -0.04510498046875 0.175216674804688
0.18975830078125 0.297515869140625 -0.0680465698242187 -0.0175018310546875
0.25128173828125 0.167678833007813 -0.174911499023437 -0.0435333251953125
0.250839233398438 0.056365966796875 -0.236663818359375 0.0224456787109376
0.276077270507813 -0.08392333984375 -0.269439697265625 0.097412109375
0.206924438476563 -0.1605224609375 -0.268844604492188 0.167877197265625
0.190048217773438 -0.158340454101563 -0.248123168945313 0.169876098632813
0.20855712890625 -0.179840087890625 -0.243148803710937 0.149124145507813
0.229324340820313 -0.128768920898438 -0.248687744140625 0.06158447265625
0.267013549804688 -0.0091094970703125 -0.212417602539062 0.0189056396484375
0.253799438476562 0.0711212158203125 -0.119049072265625 -0.0431747436523438
0.186187744140625 0.235397338867188 0.0125389099121094 -0.0463905334472656
0.154144287109375 0.33868408203125 0.128692626953125 0.0774383544921875
0.070953369140625 0.387359619140625 0.09771728515625 0.17803955078125
0.0831298828125 0.240585327148438 -0.21533203125 0.446533203125
0.08758544921875 0.188095092773438 -0.0352020263671875 0.27099609375
0.118988037109375 0.124382019042969 -0.0544509887695313 0.0409698486328125
0.128616333007812 0.0539703369140625 -0.173919677734375 0.013519287109375
0.119834899902344 0.00206756591796875 -0.233047485351563 0.061370849609375
0.126983642578125 -0.072662353515625 -0.28485107421875 0.15191650390625
0.0745697021484375 -0.104080200195313 -0.291168212890625 0.2379150390625
0.0611724853515625 -0.104606628417969 -0.275527954101563 0.23663330078125
0.0675888061523438 -0.112457275390625 -0.28192138671875 0.1939697265625
0.0779190063476563 -0.0868377685546875 -0.28338623046875 0.0897521972656251
0.101242065429687 -0.0341720581054687 -0.215225219726563 0.0175018310546875
0.102012634277344 -0.019317626953125 -0.108489990234375 -0.0332489013671875
0.127174377441406 0.058929443359375 0.0303363800048828 0.000762939453125004
0.154556274414062 0.143447875976563 0.133331298828125 0.166519165039063
0.10858154296875 0.21771240234375 0.070709228515625 0.312744140625
-0.165618896484375 -0.018890380859375 -0.127716064453125 -0.353302001953125
-0.175704956054687 0.110031127929687 -0.147003173828125 -0.202362060546875
-0.0775146484375 0.180130004882813 -0.0558891296386719 -0.00056457519531249
0.0249481201171875 0.161468505859375 0.0732879638671875 0.0474166870117188
0.0834121704101563 0.116081237792969 0.16796875 0.026519775390625
0.110931396484375 0.0601730346679688 0.261276245117188 -0.0930938720703125
0.111968994140625 0.0128860473632813 0.271652221679688 -0.228347778320313
0.0881271362304688 0.0235137939453125 0.229171752929688 -0.260009765625
0.0743865966796875 0.0252151489257812 0.233001708984375 -0.255691528320313
0.0508537292480469 0.0284957885742188 0.249465942382812 -0.197845458984375
0.0277538299560547 0.0293598175048828 0.1839599609375 -0.136032104492188
0.0205936431884766 0.0329875946044922 0.122520446777344 -0.0972747802734375
-0.0188083648681641 0.0258636474609375 0.0641021728515625 -0.143646240234375
-0.0639839172363281 0.00577926635742189 0.015106201171875 -0.30963134765625
-0.0599021911621094 -0.0540390014648437 0.250762939453125 -0.50775146484375
-0.172821044921875 0.183380126953125 -0.14068603515625 -0.353118896484375
-0.170028686523438 0.271774291992188 -0.142242431640625 -0.220550537109375
-0.04180908203125 0.3428955078125 -0.081390380859375 -0.0392608642578125
0.121917724609375 0.284515380859375 0.0222396850585938 0.0169544219970703
0.204971313476563 0.180206298828125 0.103828430175781 0.0281829833984375
0.259445190429688 0.0402984619140625 0.202301025390625 -0.07623291015625
0.2349853515625 -0.058258056640625 0.216552734375 -0.20623779296875
0.204513549804688 -0.0499725341796875 0.173171997070313 -0.248001098632813
0.199127197265625 -0.0653839111328125 0.177337646484375 -0.251235961914063
0.184646606445313 -0.0397796630859375 0.191162109375 -0.215606689453125
0.181564331054688 0.0227203369140625 0.125167846679687 -0.150802612304688
0.175247192382813 0.0763092041015625 0.0804672241210938 -0.128753662109375
0.0873260498046875 0.171157836914062 0.0372161865234375 -0.185577392578125
0.005767822265625 0.205322265625 0.00759887695312501 -0.342498779296875
-0.04449462890625 0.153244018554688 0.22760009765625 -0.53289794921875
-0.155975341796875 0.360595703125 -0.16656494140625 -0.29510498046875
-0.141571044921875 0.404815673828125 -0.13580322265625 -0.199020385742187
0.00170898437499998 0.467376708984375 -0.09735107421875 -0.0704879760742187
0.203216552734375 0.373748779296875 -0.0313911437988281 -0.0243740081787109
0.299468994140625 0.22418212890625 0.0235652923583985 0.013427734375
0.37115478515625 0.021942138671875 0.109580993652344 -0.0564041137695313
0.324310302734375 -0.11700439453125 0.125640869140625 -0.158035278320313
0.28857421875 -0.117218017578125 0.091644287109375 -0.19830322265625
0.293792724609375 -0.153076171875 0.09698486328125 -0.205062866210938
0.29571533203125 -0.11358642578125 0.10614013671875 -0.197860717773437
0.322784423828125 0.003509521484375 0.0494308471679688 -0.139846801757813
0.31787109375 0.10321044921875 0.0299758911132813 -0.138740539550781
0.193267822265625 0.29058837890625 0.00892639160156252 -0.202072143554687
0.08203125 0.37384033203125 0.0113525390625 -0.325286865234375
-0.01617431640625 0.33587646484375 0.200531005859375 -0.480255126953125
-0.109771728515625 0.4884033203125 -0.19549560546875 -0.182464599609375
-0.076751708984375 0.493621826171875 -0.123023986816406 -0.139663696289062
0.076324462890625 0.5291748046875 -0.101913452148437 -0.09100341796875
0.27764892578125 0.400543212890625 -0.0848007202148437 -0.0646591186523437
0.359405517578125 0.227325439453125 -0.0651092529296875 -0.00553512573242185
0.432952880859375 -0.0064697265625 -0.00341606140136716 -0.0334110260009766
0.368316650390625 -0.162322998046875 0.0132369995117188 -0.0893020629882813
0.330352783203125 -0.16888427734375 -0.00473022460937497 -0.117477416992188
0.343719482421875 -0.21856689453125 0.00598144531250003 -0.12335205078125
0.361297607421875 -0.172088623046875 0.00578308105468753 -0.1436767578125
0.4163818359375 -0.01837158203125 -0.036041259765625 -0.100982666015625
0.416595458984375 0.114837646484375 -0.0260696411132812 -0.126266479492188
0.271697998046875 0.3685302734375 -0.010284423828125 -0.1907958984375
0.147125244140625 0.4822998046875 0.0316925048828125 -0.26214599609375
0.015045166015625 0.463348388671875 0.173736572265625 -0.362579345703125
-0.0444641113281249 0.543243408203125 -0.216140747070313 -0.0300750732421874
0.010498046875 0.51702880859375 -0.100845336914063 -0.0494842529296875
0.157501220703125 0.5093994140625 -0.0974655151367188 -0.0878524780273437
0.322296142578125 0.357177734375 -0.132011413574219 -0.0866775512695312
0.3736572265625 0.18267822265625 -0.146209716796875 -0.0146484375
0.430419921875 -0.047576904296875 -0.115333557128906 0.000282287597656241
0.352508544921875 -0.189849853515625 -0.101951599121094 -0.00457000732421874
0.3214111328125 -0.193634033203125 -0.101699829101562 -0.01715087890625
0.339141845703125 -0.24462890625 -0.0883712768554687 -0.0215377807617188
0.368896484375 -0.19464111328125 -0.095733642578125 -0.0641098022460938
0.43408203125 -0.02947998046875 -0.116241455078125 -0.0443496704101562
0.437347412109375 0.110626220703125 -0.0764007568359375 -0.0961380004882813
0.29730224609375 0.3841552734375 -0.017913818359375 -0.154434204101562
0.183807373046875 0.507904052734375 0.0629425048828125 -0.16241455078125
0.042449951171875 0.5115966796875 0.147079467773437 -0.194839477539062
0.026947021484375 0.517486572265625 -0.221588134765625 0.143310546875
0.089447021484375 0.4635009765625 -0.0744476318359375 0.0570602416992188
0.212432861328125 0.413421630859375 -0.0902099609375 -0.061767578125
0.31842041015625 0.255615234375 -0.1685791015625 -0.0741424560546875
0.331512451171875 0.1070556640625 -0.204452514648438 0.00114440917968746
0.36358642578125 -0.084320068359375 -0.205001831054687 0.0487060546875
0.28607177734375 -0.191192626953125 -0.19757080078125 0.0866241455078125
0.263351440429688 -0.190689086914062 -0.184707641601562 0.0852813720703125
0.2825927734375 -0.2286376953125 -0.17236328125 0.0784454345703125
0.3099365234375 -0.177032470703125 -0.184616088867187 0.0136871337890625
0.372711181640625 -0.027191162109375 -0.17742919921875 0.00331115722656246
0.37030029296875 0.09228515625 -0.110336303710937 -0.063873291015625
0.262176513671875 0.3271484375 -0.0122604370117187 -0.104476928710938
0.184844970703125 0.4462890625 0.0961990356445313 -0.0470046997070312
0.066497802734375 0.475341796875 0.119705200195312 -0.0118026733398437
0.0814208984375 0.40484619140625 -0.216400146484375 0.308868408203125
0.12591552734375 0.340789794921875 -0.0511016845703125 0.16387939453125
0.203689575195312 0.26519775390625 -0.0802536010742187 -0.0136489868164062
0.249954223632813 0.1361083984375 -0.18304443359375 -0.0300445556640625
0.238143920898438 0.0332794189453125 -0.228851318359375 0.0357513427734375
0.248703002929688 -0.100006103515625 -0.2574462890625 0.10528564453125
0.179168701171875 -0.164459228515625 -0.2568359375 0.172286987304688
0.16461181640625 -0.158660888671875 -0.240081787109375 0.173843383789063
0.179550170898438 -0.178558349609375 -0.236709594726563 0.154098510742188
0.1982421875 -0.134262084960938 -0.246353149414063 0.0696258544921875
0.243377685546875 -0.02606201171875 -0.210540771484375 0.027191162109375
0.239105224609375 0.045440673828125 -0.12176513671875 -0.04144287109375
0.191864013671875 0.2044677734375 0.00341796875000002 -0.0548057556152344
0.17193603515625 0.303955078125 0.119644165039063 0.0612258911132813
0.096160888671875 0.362518310546875 0.0933837890625 0.158493041992188
0.109161376953125 0.228729248046875 -0.202239990234375 0.437591552734375
0.107894897460937 0.174606323242187 -0.0347442626953125 0.256256103515625
0.135269165039063 0.10455322265625 -0.063262939453125 0.0443344116210938
0.130325317382813 0.032135009765625 -0.173919677734375 0.02850341796875
0.1116943359375 -0.01629638671875 -0.219802856445313 0.0740966796875
0.106147766113281 -0.08465576171875 -0.265579223632813 0.158126831054687
0.05181884765625 -0.105606079101562 -0.271514892578125 0.241134643554688
0.040283203125 -0.104156494140625 -0.25787353515625 0.236618041992188
0.045806884765625 -0.10968017578125 -0.266525268554688 0.197616577148437
0.0544281005859375 -0.0862579345703125 -0.272384643554688 0.09625244140625
0.08233642578125 -0.0445098876953125 -0.207778930664063 0.0256805419921875
0.0874557495117188 -0.035614013671875 -0.109413146972656 -0.0319442749023438
0.126510620117188 0.0336151123046875 0.0253219604492188 -0.00997352600097656
0.166839599609375 0.114486694335938 0.131912231445313 0.145263671875
0.12933349609375 0.19830322265625 0.07623291015625 0.288238525390625
-0.183670043945313 -0.00546264648437497 -0.132080078125 -0.3297119140625
-0.174087524414062 0.131851196289063 -0.143783569335938 -0.18377685546875
-0.06573486328125 0.194686889648437 -0.0529212951660156 0.00501251220703125
0.04150390625 0.168991088867188 0.0742721557617188 0.0487594604492188
0.100822448730469 0.114295959472656 0.164764404296875 0.02734375
0.126548767089844 0.0506210327148438 0.254058837890625 -0.09210205078125
0.123481750488281 0.00260162353515625 0.260040283203125 -0.225860595703125
0.099029541015625 0.0175628662109375 0.2164306640625 -0.255035400390625
0.0875167846679688 0.0213546752929688 0.21807861328125 -0.2513427734375
0.0620994567871094 0.0316925048828125 0.232162475585938 -0.198745727539063
0.0338897705078125 0.039703369140625 0.168167114257813 -0.141098022460938
0.0174789428710937 0.0449333190917969 0.117073059082031 -0.105369567871094
-0.0332813262939453 0.0347194671630859 0.0674285888671875 -0.1480712890625
-0.081939697265625 0.0127792358398438 0.020416259765625 -0.30352783203125
-0.0797882080078125 -0.05279541015625 0.24224853515625 -0.50555419921875
-0.184768676757813 0.1883544921875 -0.15191650390625 -0.3289794921875
-0.167266845703125 0.284942626953125 -0.14459228515625 -0.198867797851562
-0.030792236328125 0.35260009765625 -0.0826416015625 -0.030548095703125
0.136810302734375 0.28509521484375 0.0184612274169922 0.0220947265625
0.218048095703125 0.174591064453125 0.0985260009765625 0.03302001953125
0.266937255859375 0.0291595458984375 0.19476318359375 -0.0693359375
0.2408447265625 -0.0673980712890625 0.203338623046875 -0.200775146484375
0.207672119140625 -0.0551300048828125 0.157485961914063 -0.24072265625
0.204620361328125 -0.06915283203125 0.159744262695313 -0.244384765625
0.187088012695313 -0.0379180908203125 0.169784545898437 -0.214385986328125
0.182464599609375 0.0281982421875 0.10736083984375 -0.153076171875
0.168182373046875 0.081085205078125 0.071319580078125 -0.13629150390625
0.0738525390625 0.170944213867188 0.034393310546875 -0.192123413085938
-0.00767517089843749 0.202621459960938 0.00558471679687498 -0.33740234375
-0.0594024658203125 0.14801025390625 0.209136962890625 -0.530853271484375
-0.160919189453125 0.354644775390625 -0.183441162109375 -0.27239990234375
-0.1373291015625 0.408111572265625 -0.143218994140625 -0.180450439453125
0.011077880859375 0.466094970703125 -0.1025390625 -0.062255859375
0.212860107421875 0.368255615234375 -0.0394668579101562 -0.0150413513183593
0.305267333984375 0.2164306640625 0.0152473449707031 0.0232830047607422
0.371002197265625 0.01007080078125 0.101570129394531 -0.0459365844726562
0.323486328125 -0.126861572265625 0.112640380859375 -0.149566650390625
0.2857666015625 -0.121429443359375 0.074615478515625 -0.189117431640625
0.29022216796875 -0.156585693359375 0.0806884765625 -0.196701049804688
0.2889404296875 -0.112945556640625 0.0838165283203125 -0.194107055664062
0.31591796875 0.0018310546875 0.0309524536132813 -0.139259338378906
0.3082275390625 0.09967041015625 0.01641845703125 -0.14593505859375
0.1827392578125 0.28314208984375 0.000854492187500003 -0.21026611328125
0.075469970703125 0.361785888671875 0.00296020507812501 -0.324981689453125
-0.025787353515625 0.32379150390625 0.17645263671875 -0.481414794921875
-0.106414794921875 0.473785400390625 -0.214004516601563 -0.16436767578125
-0.0704345703125 0.482635498046875 -0.135475158691406 -0.125152587890625
0.08197021484375 0.517120361328125 -0.111953735351562 -0.0806884765625
0.279815673828125 0.38775634765625 -0.0964736938476562 -0.0523452758789062
0.357513427734375 0.217315673828125 -0.0732345581054687 0.00659179687500002
0.424468994140625 -0.0185546875 -0.00996398925781248 -0.0210762023925781
0.357177734375 -0.16864013671875 0.00215148925781253 -0.0793685913085938
0.31964111328125 -0.17108154296875 -0.0203933715820312 -0.107772827148438
0.333221435546875 -0.22003173828125 -0.00920867919921872 -0.114753723144531
0.3472900390625 -0.172760009765625 -0.0146026611328125 -0.137138366699219
0.403900146484375 -0.02496337890625 -0.0523452758789062 -0.0961837768554688
0.40545654296875 0.104736328125 -0.0406036376953125 -0.130691528320312
0.26611328125 0.353546142578125 -0.0235443115234375 -0.1976318359375
0.146697998046875 0.462982177734375 0.018096923828125 -0.263870239257812
0.014007568359375 0.44659423828125 0.1478271484375 -0.365264892578125
-0.032867431640625 0.523284912109375 -0.234222412109375 -0.0178070068359374
0.01947021484375 0.4989013671875 -0.116851806640625 -0.0419998168945312
0.1610107421875 0.488311767578125 -0.11138916015625 -0.0802536010742187
0.31951904296875 0.336181640625 -0.145462036132812 -0.0720367431640625
0.364654541015625 0.16845703125 -0.152603149414062 -0.000976562499999981
0.4124755859375 -0.056793212890625 -0.1197509765625 0.0122299194335937
0.33734130859375 -0.192291259765625 -0.108909606933594 0.00476074218749999
0.30560302734375 -0.19403076171875 -0.112533569335938 -0.00922393798828128
0.322174072265625 -0.244873046875 -0.09820556640625 -0.0137557983398438
0.346771240234375 -0.196563720703125 -0.112564086914062 -0.0564117431640625
0.417938232421875 -0.040374755859375 -0.128799438476562 -0.0379791259765625
0.42486572265625 0.0947265625 -0.0895309448242187 -0.0975112915039063
0.2965087890625 0.363800048828125 -0.0325927734375 -0.159927368164062
0.188812255859375 0.48486328125 0.0482330322265625 -0.166610717773438
0.049224853515625 0.492462158203125 0.122695922851562 -0.201766967773437
0.046051025390625 0.49395751953125 -0.235549926757813 0.148300170898438
0.102020263671875 0.44097900390625 -0.0912246704101562 0.0567703247070313
0.217010498046875 0.38421630859375 -0.105567932128906 -0.0553665161132812
0.311676025390625 0.2308349609375 -0.180740356445312 -0.059051513671875
0.31646728515625 0.092193603515625 -0.206878662109375 0.012603759765625
0.34136962890625 -0.092437744140625 -0.204803466796875 0.058135986328125
0.265670776367188 -0.191329956054687 -0.198410034179687 0.0935211181640625
0.243789672851562 -0.18804931640625 -0.188568115234375 0.091033935546875
0.26068115234375 -0.225830078125 -0.177459716796875 0.0842437744140625
0.285400390625 -0.1763916015625 -0.194778442382812 0.0211181640625
0.352508544921875 -0.03839111328125 -0.184661865234375 0.0107879638671875
0.355438232421875 0.07379150390625 -0.121139526367187 -0.0627059936523438
0.26129150390625 0.30426025390625 -0.025604248046875 -0.1097412109375
0.1934814453125 0.41815185546875 0.082305908203125 -0.0546112060546875
0.07958984375 0.454864501953125 0.100173950195313 -0.020904541015625
0.103118896484375 0.385345458984375 -0.222564697265625 0.30743408203125
0.140594482421875 0.3192138671875 -0.06463623046875 0.159164428710938
0.211151123046875 0.23748779296875 -0.0935134887695312 -0.00774383544921874
0.24267578125 0.112045288085938 -0.19110107421875 -0.015533447265625
0.2236328125 0.01904296875 -0.225189208984375 0.04547119140625
0.2257080078125 -0.107086181640625 -0.249649047851563 0.109970092773438
0.157058715820312 -0.16180419921875 -0.251571655273438 0.176254272460938
0.143890380859375 -0.155029296875 -0.2374267578125 0.177658081054687
0.157546997070313 -0.17279052734375 -0.235565185546875 0.158355712890625
0.175582885742188 -0.13037109375 -0.25006103515625 0.0758361816406249
0.2235107421875 -0.0348052978515625 -0.212326049804688 0.03375244140625
0.222381591796875 0.0300445556640625 -0.129295349121094 -0.0406341552734375
0.189620971679688 0.1796875 -0.00773620605468748 -0.0604286193847656
0.18023681640625 0.275680541992188 0.10870361328125 0.0503463745117188
0.11004638671875 0.342315673828125 0.0816192626953125 0.144805908203125
0.130905151367188 0.215484619140625 -0.20068359375 0.43377685546875
0.12481689453125 0.160797119140625 -0.0435943603515625 0.250198364257813
0.1456298828125 0.084197998046875 -0.0741043090820312 0.05096435546875
0.128486633300781 0.012481689453125 -0.17462158203125 0.0431060791015625
0.101387023925781 -0.029266357421875 -0.21075439453125 0.0830841064453125
0.0870895385742188 -0.090850830078125 -0.254623413085938 0.159759521484375
0.0323257446289063 -0.102554321289063 -0.261383056640625 0.239974975585938
0.0227890014648438 -0.098602294921875 -0.249221801757813 0.236434936523438
0.0270919799804687 -0.100692749023437 -0.260177612304688 0.198989868164062
0.0344619750976563 -0.0807647705078125 -0.269927978515625 0.1004638671875
0.0631561279296875 -0.0493125915527344 -0.20562744140625 0.029296875
0.0700111389160156 -0.0465812683105469 -0.113174438476563 -0.0323410034179688
0.122055053710938 0.0116043090820313 0.0183792114257813 -0.0185947418212891
0.172119140625 0.0880584716796875 0.124931335449219 0.130851745605469
0.143081665039063 0.179275512695313 0.0737457275390625 0.270751953125
-0.200912475585938 0.014007568359375 -0.1314697265625 -0.31390380859375
-0.169052124023437 0.156356811523438 -0.139999389648437 -0.169815063476563
-0.0505523681640625 0.212417602539063 -0.0491142272949219 0.010528564453125
0.0625 0.175155639648438 0.07843017578125 0.0505447387695313
0.12066650390625 0.109725952148438 0.166641235351563 0.027862548828125
0.142623901367187 0.0363311767578125 0.254684448242188 -0.0938568115234375
0.134956359863281 -0.0129547119140625 0.2562255859375 -0.228240966796875
0.110679626464844 0.00751495361328125 0.209609985351563 -0.254608154296875
0.101234436035156 0.0123443603515625 0.211151123046875 -0.251190185546875
0.0760955810546875 0.0306320190429688 0.220962524414062 -0.202041625976562
0.0446891784667969 0.0495109558105469 0.156082153320313 -0.146163940429688
0.0195732116699219 0.0588874816894531 0.11181640625 -0.115669250488281
-0.0457115173339844 0.0488471984863281 0.0700836181640625 -0.15850830078125
-0.0999374389648438 0.0269393920898438 0.025665283203125 -0.30731201171875
-0.101654052734375 -0.0450439453125 0.237091064453125 -0.516693115234375
-0.19830322265625 0.202682495117188 -0.1588134765625 -0.309295654296875
-0.1612548828125 0.30584716796875 -0.145187377929687 -0.18389892578125
-0.015472412109375 0.36761474609375 -0.0833053588867188 -0.0225448608398437
0.15728759765625 0.2879638671875 0.0181026458740235 0.0298347473144531
0.236831665039063 0.168106079101563 0.0972213745117188 0.039886474609375
0.280105590820313 0.0131683349609375 0.193511962890625 -0.06494140625
0.248779296875 -0.084197998046875 0.196868896484375 -0.1973876953125
0.21697998046875 -0.0655059814453125 0.147171020507813 -0.236709594726562
0.214157104492187 -0.0790863037109375 0.1485595703125 -0.240737915039063
0.195388793945313 -0.038604736328125 0.15301513671875 -0.2139892578125
0.190277099609375 0.0333709716796875 0.09124755859375 -0.154586791992188
0.168136596679688 0.0893402099609375 0.060089111328125 -0.145034790039063
0.0630340576171875 0.180252075195313 0.0292205810546875 -0.203460693359375
-0.021331787109375 0.210067749023438 0.002716064453125 -0.3427734375
-0.078155517578125 0.1510009765625 0.194915771484375 -0.540191650390625
-0.168609619140625 0.361663818359375 -0.197158813476563 -0.25
-0.133026123046875 0.421844482421875 -0.149795532226563 -0.162948608398437
0.023895263671875 0.476531982421875 -0.1087646484375 -0.0514984130859375
0.230224609375 0.368865966796875 -0.04534912109375 -0.00333404541015623
0.319183349609375 0.21038818359375 0.0111541748046875 0.0354461669921875
0.379241943359375 -0.00482177734375 0.0994338989257813 -0.0356826782226563
0.32708740234375 -0.141143798828125 0.105545043945313 -0.1417236328125
0.289306640625 -0.13043212890625 0.0621490478515625 -0.181121826171875
0.29443359375 -0.16558837890625 0.0670928955078125 -0.189910888671875
0.29034423828125 -0.1160888671875 0.0641326904296875 -0.18963623046875
0.319488525390625 0.0018310546875 0.0127639770507813 -0.136474609375
0.30810546875 0.101806640625 0.000579833984375015 -0.152008056640625
0.177001953125 0.2864990234375 -0.012481689453125 -0.220565795898437
0.069549560546875 0.364654541015625 -0.00668334960937497 -0.330535888671875
-0.037078857421875 0.3232421875 0.1549072265625 -0.48956298828125
-0.106109619140625 0.47174072265625 -0.232345581054687 -0.141494750976563
-0.0668334960937499 0.486907958984375 -0.146835327148438 -0.108673095703125
0.08917236328125 0.519073486328125 -0.122276306152344 -0.069305419921875
0.289337158203125 0.384735107421875 -0.1065673828125 -0.0371017456054687
0.36395263671875 0.2119140625 -0.07965087890625 0.02178955078125
0.42474365234375 -0.0308837890625 -0.0131120681762695 -0.00797557830810547
0.356231689453125 -0.1787109375 -0.00589752197265622 -0.0679473876953125
0.3182373046875 -0.177459716796875 -0.0325927734375 -0.0969619750976563
0.329925537109375 -0.226531982421875 -0.0223464965820312 -0.105567932128906
0.341461181640625 -0.176849365234375 -0.0346755981445312 -0.128334045410156
0.403045654296875 -0.0316162109375 -0.069427490234375 -0.089599609375
0.40582275390625 0.097808837890625 -0.0590667724609375 -0.133255004882813
0.266326904296875 0.35009765625 -0.041351318359375 -0.20556640625
0.14825439453125 0.459228515625 0.00291442871093749 -0.26934814453125
0.00985717773437504 0.441619873046875 0.12322998046875 -0.37188720703125
-0.024139404296875 0.51336669921875 -0.253768920898438 0.0020599365234375
0.025299072265625 0.490447998046875 -0.133102416992188 -0.0289154052734375
0.165008544921875 0.47760009765625 -0.126136779785156 -0.0687637329101562
0.3204345703125 0.32635498046875 -0.158035278320312 -0.05499267578125
0.3626708984375 0.161895751953125 -0.159149169921875 0.0142822265625
0.404876708984375 -0.064971923828125 -0.123153686523437 0.025482177734375
0.329010009765625 -0.1976318359375 -0.115798950195313 0.0170745849609375
0.298309326171875 -0.196868896484375 -0.122650146484375 0.00361633300781247
0.313812255859375 -0.247833251953125 -0.10968017578125 -0.00250244140625001
0.334320068359375 -0.1973876953125 -0.129768371582031 -0.0445938110351563
0.41241455078125 -0.049774169921875 -0.14263916015625 -0.0273895263671875
0.4197998046875 0.083221435546875 -0.107093811035156 -0.0956344604492188
0.297698974609375 0.352569580078125 -0.0519866943359375 -0.165451049804687
0.193756103515625 0.473541259765625 0.0320892333984375 -0.17071533203125
0.051666259765625 0.4830322265625 0.0990447998046875 -0.207138061523437
0.05999755859375 0.47991943359375 -0.253677368164063 0.163848876953125
0.110931396484375 0.42498779296875 -0.109390258789062 0.0660934448242188
0.2191162109375 0.36627197265625 -0.121879577636719 -0.0436630249023437
0.30712890625 0.21429443359375 -0.192306518554688 -0.0416717529296875
0.307342529296875 0.08428955078125 -0.21038818359375 0.027374267578125
0.325836181640625 -0.09814453125 -0.20672607421875 0.06878662109375
0.251846313476563 -0.190750122070313 -0.203750610351562 0.104812622070312
0.231613159179688 -0.18658447265625 -0.196014404296875 0.102584838867187
0.248260498046875 -0.225051879882813 -0.184768676757812 0.0957489013671875
0.27032470703125 -0.17578125 -0.20703125 0.035186767578125
0.340667724609375 -0.046783447265625 -0.195297241210937 0.0227203369140625
0.346221923828125 0.0606689453125 -0.135177612304687 -0.0591354370117187
0.261627197265625 0.287994384765625 -0.0429229736328125 -0.113174438476563
0.2008056640625 0.39990234375 0.067596435546875 -0.0585670471191406
0.088592529296875 0.440765380859375 0.0809326171875 -0.0262908935546875
0.1236572265625 0.369415283203125 -0.235931396484375 0.317474365234375
0.1531982421875 0.3017578125 -0.0817108154296875 0.164443969726563
0.215805053710938 0.215164184570313 -0.108840942382812 0.00358581542968751
0.236434936523438 0.093017578125 -0.1986083984375 0.00183105468750001
0.211578369140625 0.00823974609375 -0.224411010742188 0.0569000244140625
0.206817626953125 -0.111618041992188 -0.248458862304687 0.118392944335937
0.1405029296875 -0.157562255859375 -0.252883911132812 0.184051513671875
0.129196166992188 -0.149749755859375 -0.240005493164063 0.18743896484375
0.142745971679688 -0.166458129882813 -0.239120483398438 0.168472290039062
0.157867431640625 -0.124649047851563 -0.25732421875 0.0876007080078125
0.206405639648437 -0.03912353515625 -0.218231201171875 0.0433349609375
0.207550048828125 0.019500732421875 -0.140480041503906 -0.0371170043945313
0.18609619140625 0.160232543945313 -0.0205726623535156 -0.0647544860839844
0.185226440429688 0.251678466796875 0.0974578857421875 0.0440826416015625
0.121795654296875 0.325103759765625 0.0681228637695313 0.138702392578125
0.153121948242188 0.200592041015625 -0.204559326171875 0.442169189453125
0.14056396484375 0.145675659179688 -0.05438232421875 0.254653930664063
0.153335571289063 0.062286376953125 -0.0843734741210938 0.0634841918945313
0.123626708984375 -0.00597381591796875 -0.17572021484375 0.059967041015625
0.0899200439453125 -0.0407333374023438 -0.203872680664063 0.0910797119140625
0.068206787109375 -0.0941314697265625 -0.248931884765625 0.163742065429687
0.0146484375 -0.0954055786132813 -0.258132934570313 0.244476318359375
0.00682830810546874 -0.0897369384765625 -0.247039794921875 0.242630004882813
0.0110702514648438 -0.0902252197265625 -0.261520385742187 0.206100463867188
0.0178146362304687 -0.0714569091796875 -0.2730712890625 0.108184814453125
0.0439910888671875 -0.0483589172363281 -0.209014892578125 0.0337677001953125
0.0513534545898437 -0.0527725219726562 -0.121299743652344 -0.0311279296875
0.113670349121094 -0.009185791015625 0.00958633422851563 -0.0248260498046875
0.174423217773438 0.061279296875 0.118003845214844 0.1209716796875
0.156906127929688 0.15960693359375 0.0681610107421875 0.262664794921875
-0.214492797851562 0.0430145263671875 -0.132537841796875 -0.3033447265625
-0.15570068359375 0.184890747070313 -0.135513305664063 -0.159439086914063
-0.0270843505859375 0.228729248046875 -0.0445175170898438 0.0153083801269531
0.090972900390625 0.17620849609375 0.0858306884765625 0.0494308471679688
0.142868041992188 0.098297119140625 0.172195434570313 0.0254364013671875
0.157333374023438 0.0141754150390625 0.259368896484375 -0.10198974609375
0.143447875976563 -0.0361480712890625 0.252670288085938 -0.239547729492188
0.121131896972656 -0.0084075927734375 0.203399658203125 -0.262344360351563
0.114158630371094 -0.0031280517578125 0.204330444335938 -0.257522583007813
0.0911102294921875 0.0242156982421875 0.2091064453125 -0.209304809570313
0.0611953735351562 0.0549468994140625 0.142791748046875 -0.152969360351562
0.0274429321289063 0.0724258422851563 0.104316711425781 -0.127830505371094
-0.0534324645996094 0.0694808959960938 0.0672607421875 -0.173614501953125
-0.113929748535156 0.0492706298828125 0.02392578125 -0.320343017578125
-0.124336242675781 -0.03021240234375 0.22705078125 -0.53948974609375
-0.207046508789063 0.22894287109375 -0.166839599609375 -0.292236328125
-0.146942138671875 0.333648681640625 -0.146347045898438 -0.169097900390625
0.01055908203125 0.384307861328125 -0.0832977294921875 -0.0128555297851562
0.18780517578125 0.28692626953125 0.0211029052734375 0.0363578796386719
0.260833740234375 0.155075073242188 0.10064697265625 0.0464096069335938
0.2935791015625 -0.012451171875 0.197677612304688 -0.06475830078125
0.254989624023438 -0.109619140625 0.193038940429688 -0.200775146484375
0.224685668945313 -0.083892822265625 0.136734008789063 -0.235916137695313
0.224197387695312 -0.098175048828125 0.137939453125 -0.240432739257813
0.20745849609375 -0.048095703125 0.135711669921875 -0.215576171875
0.204071044921875 0.0333404541015625 0.073486328125 -0.15643310546875
0.176116943359375 0.0960845947265625 0.0447998046875 -0.154251098632813
0.0600433349609375 0.195220947265625 0.01641845703125 -0.216995239257813
-0.0284881591796875 0.228744506835938 -0.00860595703124998 -0.354095458984375
-0.0947723388671875 0.164993286132813 0.173583984375 -0.559906005859375
-0.1717529296875 0.3828125 -0.209030151367188 -0.225296020507812
-0.119781494140625 0.445159912109375 -0.154739379882812 -0.144210815429688
0.046539306640625 0.49261474609375 -0.113723754882813 -0.0382766723632812
0.258941650390625 0.366668701171875 -0.0473670959472656 0.0109024047851563
0.341796875 0.198944091796875 0.0126800537109375 0.0497779846191406
0.389739990234375 -0.02935791015625 0.102958679199219 -0.0279159545898438
0.32989501953125 -0.164886474609375 0.100784301757813 -0.137046813964844
0.293731689453125 -0.14874267578125 0.0512237548828125 -0.173614501953125
0.29913330078125 -0.186187744140625 0.0545654296875 -0.184417724609375
0.29571533203125 -0.12774658203125 0.0438690185546875 -0.183944702148438
0.329833984375 -0.00628662109375 -0.00689697265624998 -0.131172180175781
0.316558837890625 0.099639892578125 -0.020416259765625 -0.156356811523438
0.18109130859375 0.296173095703125 -0.0321044921875 -0.230148315429687
0.07073974609375 0.375762939453125 -0.02581787109375 -0.33917236328125
-0.0452880859375 0.334747314453125 0.126220703125 -0.504180908203125
-0.102569580078125 0.48187255859375 -0.248138427734375 -0.112442016601562
-0.05560302734375 0.5010986328125 -0.156936645507813 -0.0876922607421875
0.1075439453125 0.52764892578125 -0.132881164550781 -0.053375244140625
0.3096923828125 0.379913330078125 -0.113746643066406 -0.0171356201171875
0.380767822265625 0.200469970703125 -0.081695556640625 0.0412750244140625
0.42962646484375 -0.0498046875 -0.0118932723999023 0.00635337829589844
0.35626220703125 -0.199462890625 -0.0102272033691406 -0.0558967590332031
0.317657470703125 -0.191558837890625 -0.043182373046875 -0.0839462280273438
0.329254150390625 -0.24639892578125 -0.0344085693359375 -0.0932998657226563
0.339691162109375 -0.189239501953125 -0.0543441772460937 -0.115638732910156
0.4078369140625 -0.045135498046875 -0.0882110595703125 -0.077301025390625
0.411712646484375 0.0870361328125 -0.08154296875 -0.130424499511719
0.275604248046875 0.351715087890625 -0.065673828125 -0.2105712890625
0.159210205078125 0.463714599609375 -0.0182952880859375 -0.274459838867187
0.0101318359375 0.447998046875 0.093109130859375 -0.38037109375
-0.014373779296875 0.51239013671875 -0.270919799804688 0.0329742431640625
0.0368041992187501 0.492523193359375 -0.1474609375 -0.00840759277343746
0.178192138671875 0.476898193359375 -0.140495300292969 -0.050506591796875
0.331146240234375 0.3172607421875 -0.16876220703125 -0.03192138671875
0.369354248046875 0.154205322265625 -0.162933349609375 0.035614013671875
0.40234375 -0.079345703125 -0.123985290527344 0.042572021484375
0.32342529296875 -0.209930419921875 -0.120529174804688 0.0338287353515625
0.293212890625 -0.2061767578125 -0.131881713867187 0.0208969116210937
0.30780029296875 -0.260986328125 -0.118637084960938 0.0144882202148437
0.327484130859375 -0.20709228515625 -0.145706176757812 -0.025665283203125
0.4117431640625 -0.06378173828125 -0.157211303710937 -0.0102386474609375
0.42266845703125 0.06805419921875 -0.127754211425781 -0.08782958984375
0.307525634765625 0.34649658203125 -0.075958251953125 -0.16595458984375
0.207366943359375 0.468841552734375 0.0126800537109375 -0.173233032226562
0.05950927734375 0.483917236328125 0.0713043212890625 -0.209945678710937
0.07769775390625 0.46832275390625 -0.268112182617187 0.193023681640625
0.122833251953125 0.4158935546875 -0.125617980957031 0.0849990844726563
0.227508544921875 0.3526611328125 -0.137947082519531 -0.0253143310546875
0.306793212890625 0.199859619140625 -0.202468872070312 -0.017547607421875
0.30377197265625 0.075958251953125 -0.213180541992187 0.0463714599609375
0.31524658203125 -0.106414794921875 -0.207672119140625 0.085113525390625
0.24139404296875 -0.195297241210938 -0.20733642578125 0.12359619140625
0.221969604492188 -0.189224243164062 -0.201614379882813 0.12249755859375
0.238006591796875 -0.22991943359375 -0.191131591796875 0.11431884765625
0.258651733398438 -0.17791748046875 -0.218597412109375 0.05615234375
0.33331298828125 -0.0576171875 -0.20501708984375 0.0414581298828125
0.341339111328125 0.047332763671875 -0.15386962890625 -0.0482177734375
0.267425537109375 0.275436401367188 -0.06329345703125 -0.112060546875
0.2122802734375 0.385406494140625 0.0525131225585938 -0.0602493286132812
0.1009521484375 0.4329833984375 0.0603294372558594 -0.0259056091308593
0.14556884765625 0.351287841796875 -0.243194580078125 0.34527587890625
0.1671142578125 0.284332275390625 -0.09503173828125 0.180755615234375
0.220718383789062 0.19329833984375 -0.121368408203125 0.0219879150390625
0.230743408203125 0.074981689453125 -0.204025268554687 0.025238037109375
0.1998291015625 -0.0004425048828125 -0.222686767578125 0.0727386474609375
0.189163208007813 -0.114501953125 -0.24737548828125 0.131881713867188
0.1260986328125 -0.152999877929688 -0.25372314453125 0.202072143554688
0.117034912109375 -0.14422607421875 -0.242050170898437 0.206192016601563
0.130691528320313 -0.161727905273438 -0.242034912109375 0.188064575195313
0.14483642578125 -0.119369506835937 -0.264602661132813 0.1077880859375
0.193603515625 -0.0421905517578125 -0.225372314453125 0.059661865234375
0.195220947265625 0.011566162109375 -0.154266357421875 -0.0277099609375
0.183135986328125 0.1441650390625 -0.0370750427246094 -0.0647239685058594
0.190841674804688 0.229690551757813 0.0868148803710938 0.0409164428710938
0.13525390625 0.3089599609375 0.0562362670898438 0.139739990234375
0.175704956054687 0.179000854492187 -0.2027587890625 0.465118408203125
0.15509033203125 0.126266479492188 -0.061126708984375 0.270217895507812
0.157882690429688 0.038116455078125 -0.0908966064453125 0.0819244384765625
0.11492919921875 -0.025054931640625 -0.174102783203125 0.0803985595703125
0.0764236450195313 -0.0499114990234375 -0.196243286132813 0.102630615234375
0.0478134155273438 -0.093109130859375 -0.243270874023438 0.1732177734375
-0.00183105468749999 -0.084869384765625 -0.25439453125 0.258010864257812
-0.00592041015625 -0.077850341796875 -0.244064331054688 0.258346557617188
-0.00136566162109374 -0.075653076171875 -0.2607421875 0.222381591796875
0.00468826293945313 -0.0579566955566406 -0.276519775390625 0.123580932617188
0.0262298583984375 -0.0431900024414063 -0.2144775390625 0.0445404052734375
0.03131103515625 -0.0545272827148438 -0.132362365722656 -0.0251922607421875
0.100929260253906 -0.0282135009765625 -0.00253295898437499 -0.0285243988037109
0.172378540039063 0.032745361328125 0.111671447753906 0.11444091796875
0.168502807617188 0.136459350585938 0.0646820068359375 0.260086059570313
-0.217117309570313 0.078826904296875 -0.1357421875 -0.2918701171875
-0.12847900390625 0.209854125976563 -0.131057739257813 -0.150680541992188
0.00541687011718751 0.23748779296875 -0.0379219055175781 0.0194435119628906
0.12017822265625 0.165237426757813 0.0940475463867188 0.0444183349609375
0.162155151367188 0.0763397216796875 0.178176879882813 0.0178985595703125
0.162979125976563 -0.0158233642578125 0.258056640625 -0.116958618164062
0.141708374023438 -0.0634918212890625 0.241851806640625 -0.254440307617188
0.124931335449219 -0.0302963256835937 0.1912841796875 -0.272537231445313
0.121109008789062 -0.0251083374023437 0.191619873046875 -0.266342163085938
0.103767395019531 0.0104904174804688 0.193389892578125 -0.21697998046875
0.0794677734375 0.0521392822265625 0.125473022460938 -0.158599853515625
0.0418930053710937 0.082794189453125 0.0900115966796875 -0.14068603515625
-0.0522384643554688 0.0932540893554688 0.0563201904296875 -0.18975830078125
-0.118057250976563 0.0781784057617187 0.01220703125 -0.333770751953125
-0.140655517578125 -0.00529479980468749 0.1976318359375 -0.56494140625
-0.201507568359375 0.2628173828125 -0.171249389648438 -0.271560668945313
-0.116943359375 0.358154296875 -0.143630981445313 -0.15423583984375
0.048919677734375 0.39312744140625 -0.0799407958984375 -0.00203704833984374
0.222747802734375 0.271881103515625 0.0279083251953125 0.0410232543945313
0.2823486328125 0.128814697265625 0.108451843261719 0.0492019653320313
0.297821044921875 -0.04754638671875 0.200714111328125 -0.0706939697265625
0.250381469726563 -0.142837524414063 0.184844970703125 -0.207199096679688
0.224411010742188 -0.110610961914063 0.124664306640625 -0.237152099609375
0.225799560546875 -0.125732421875 0.124374389648437 -0.240921020507812
0.214279174804688 -0.0665283203125 0.116561889648437 -0.214019775390625
0.219589233398438 0.0231781005859375 0.0540924072265625 -0.153427124023438
0.189483642578125 0.096771240234375 0.0240631103515625 -0.159469604492188
0.06707763671875 0.2122802734375 -0.0046539306640625 -0.227218627929688
-0.02386474609375 0.250808715820312 -0.030487060546875 -0.362396240234375
-0.102706909179687 0.18798828125 0.1341552734375 -0.57489013671875
-0.159912109375 0.4073486328125 -0.2154541015625 -0.194717407226562
-0.088775634765625 0.4652099609375 -0.154891967773438 -0.123275756835937
0.084564208984375 0.499786376953125 -0.114395141601562 -0.020782470703125
0.293365478515625 0.350372314453125 -0.0437278747558593 0.0256576538085938
0.36395263671875 0.173736572265625 0.0196151733398438 0.0623435974121094
0.392425537109375 -0.06561279296875 0.108680725097656 -0.0239334106445313
0.3223876953125 -0.197296142578125 0.0966110229492188 -0.133674621582031
0.28985595703125 -0.1749267578125 0.0398712158203125 -0.165206909179688
0.293487548828125 -0.215087890625 0.04193115234375 -0.176223754882813
0.296173095703125 -0.148651123046875 0.02410888671875 -0.173095703125
0.340240478515625 -0.02447509765625 -0.0253143310546875 -0.119804382324219
0.32763671875 0.08843994140625 -0.0441741943359375 -0.15277099609375
0.1956787109375 0.30218505859375 -0.05987548828125 -0.232711791992187
0.085052490234375 0.38775634765625 -0.05267333984375 -0.34161376953125
-0.04290771484375 0.351959228515625 0.08526611328125 -0.51116943359375
-0.086395263671875 0.495208740234375 -0.254257202148438 -0.074859619140625
-0.030487060546875 0.51251220703125 -0.160324096679688 -0.0618133544921875
0.139434814453125 0.530029296875 -0.137748718261719 -0.0310516357421875
0.337921142578125 0.365081787109375 -0.113235473632812 0.00589752197265629
0.3984375 0.17999267578125 -0.0755538940429687 0.0619430541992188
0.42803955078125 -0.080841064453125 -0.00521469116210935 0.0194816589355469
0.34588623046875 -0.225738525390625 -0.0113639831542969 -0.0437774658203125
0.309967041015625 -0.2139892578125 -0.0505828857421875 -0.0674400329589844
0.3182373046875 -0.2718505859375 -0.04229736328125 -0.077301025390625
0.33172607421875 -0.207611083984375 -0.0700225830078125 -0.0953140258789063
0.410614013671875 -0.069427490234375 -0.102455139160156 -0.0578689575195312
0.41839599609375 0.067901611328125 -0.104995727539063 -0.118675231933594
0.29437255859375 0.345977783203125 -0.0951080322265624 -0.205398559570313
0.180419921875 0.464019775390625 -0.0462188720703125 -0.27191162109375
0.02191162109375 0.45660400390625 0.054107666015625 -0.380645751953125
0.00448608398437504 0.511688232421875 -0.2750244140625 0.073211669921875
0.057464599609375 0.491119384765625 -0.153793334960938 0.020111083984375
0.19830322265625 0.470794677734375 -0.14892578125 -0.0253448486328124
0.347259521484375 0.301605224609375 -0.170578002929687 -0.0035552978515625
0.376861572265625 0.138641357421875 -0.158706665039062 0.060150146484375
0.39599609375 -0.100372314453125 -0.117568969726562 0.0616912841796875
0.31256103515625 -0.227264404296875 -0.118072509765625 0.0534820556640625
0.2822265625 -0.22021484375 -0.1337890625 0.0430374145507812
0.293609619140625 -0.279693603515625 -0.12109375 0.0360336303710937
0.314056396484375 -0.222137451171875 -0.154632568359375 0.000259399414062463
0.406280517578125 -0.086517333984375 -0.16522216796875 0.0147705078125
0.423583984375 0.04620361328125 -0.147415161132813 -0.070404052734375
0.32440185546875 0.330596923828125 -0.102645874023438 -0.15625
0.2294921875 0.45684814453125 -0.010528564453125 -0.1690673828125
0.078277587890625 0.48248291015625 0.0403594970703125 -0.205642700195312
0.0989379882812501 0.45343017578125 -0.267242431640625 0.232192993164063
0.138824462890625 0.40106201171875 -0.132057189941406 0.111763000488281
0.236358642578125 0.335693359375 -0.146453857421875 0.00148010253906249
0.308441162109375 0.1826171875 -0.203628540039062 0.0128326416015625
0.300445556640625 0.064453125 -0.2086181640625 0.070343017578125
0.30291748046875 -0.11663818359375 -0.2017822265625 0.105865478515625
0.228546142578125 -0.200820922851563 -0.201736450195312 0.146484375
0.211105346679688 -0.19354248046875 -0.197906494140625 0.147964477539063
0.224716186523437 -0.237197875976563 -0.18792724609375 0.140045166015625
0.245590209960937 -0.183563232421875 -0.221527099609375 0.085205078125
0.324066162109375 -0.072113037109375 -0.207763671875 0.0677337646484375
0.335113525390625 0.030487060546875 -0.167556762695312 -0.0286712646484375
0.275238037109375 0.257186889648438 -0.0849685668945313 -0.102424621582031
0.227752685546875 0.36456298828125 0.03662109375 -0.0565528869628906
0.118255615234375 0.421234130859375 0.0402107238769531 -0.0191650390625
0.166168212890625 0.326263427734375 -0.23382568359375 0.378570556640625
0.180389404296875 0.260696411132813 -0.0981597900390624 0.205459594726563
0.222625732421875 0.168289184570313 -0.126686096191406 0.0475845336914062
0.2208251953125 0.056854248046875 -0.200942993164063 0.0532684326171875
0.187881469726562 -0.0087890625 -0.214141845703125 0.09161376953125
0.171463012695313 -0.114959716796875 -0.24005126953125 0.14996337890625
0.113128662109375 -0.147293090820313 -0.244827270507812 0.22503662109375
0.106544494628906 -0.1380615234375 -0.233261108398438 0.230056762695313
0.119476318359375 -0.15625 -0.234390258789062 0.213546752929688
0.133842468261719 -0.113807678222656 -0.263107299804688 0.135910034179688
0.18115234375 -0.0439453125 -0.226119995117188 0.08331298828125
0.18212890625 0.0046844482421875 -0.165802001953125 -0.00932312011718753
0.177322387695313 0.126602172851563 -0.0538139343261719 -0.0582122802734375
0.194122314453125 0.203887939453125 0.0774307250976563 0.0411376953125
0.148468017578125 0.287322998046875 0.04791259765625 0.144790649414063
0.192291259765625 0.14813232421875 -0.184112548828125 0.493072509765625
0.165451049804688 0.100723266601563 -0.056793212890625 0.290069580078125
0.15478515625 0.0106048583984375 -0.0887832641601562 0.103630065917969
0.10009765625 -0.0409088134765625 -0.163558959960938 0.102264404296875
0.0585212707519531 -0.0550346374511719 -0.184066772460938 0.114791870117187
0.0284805297851562 -0.085784912109375 -0.233169555664063 0.185562133789062
-0.014068603515625 -0.0683975219726563 -0.243209838867187 0.27593994140625
-0.0151824951171875 -0.0617942810058594 -0.231979370117187 0.277618408203125
-0.00847625732421875 -0.0581626892089844 -0.253128051757813 0.244644165039063
-0.00366973876953125 -0.0412826538085938 -0.273696899414063 0.146453857421875
0.0115585327148437 -0.0314254760742188 -0.216476440429687 0.062042236328125
0.011199951171875 -0.0488166809082031 -0.141464233398438 -0.012481689453125
0.0816268920898438 -0.0430450439453125 -0.0154476165771484 -0.0280532836914063
0.16107177734375 0.003692626953125 0.106163024902344 0.10931396484375
0.174530029296875 0.10699462890625 0.0657196044921875 0.260574340820313
-0.204376220703125 0.112350463867188 -0.13531494140625 -0.280288696289063
-0.093902587890625 0.221908569335938 -0.123977661132813 -0.143814086914062
0.0394744873046875 0.231658935546875 -0.0299453735351562 0.02032470703125
0.143035888671875 0.142532348632813 0.099853515625 0.034881591796875
0.171356201171875 0.04815673828125 0.180755615234375 0.00732421875
0.156402587890625 -0.0455169677734375 0.250213623046875 -0.133041381835938
0.128318786621094 -0.0885467529296875 0.224609375 -0.266891479492188
0.118827819824219 -0.0516433715820313 0.173721313476563 -0.27789306640625
0.118331909179688 -0.0486984252929688 0.1737060546875 -0.27166748046875
0.109443664550781 -0.00760650634765625 0.173187255859375 -0.218948364257813
0.0947265625 0.0422897338867188 0.106414794921875 -0.158050537109375
0.0584487915039063 0.0847015380859375 0.071075439453125 -0.146896362304688
-0.0408554077148438 0.113044738769531 0.0387725830078125 -0.199676513671875
-0.109764099121094 0.105735778808594 -0.00656127929687504 -0.34075927734375
-0.145263671875 0.0237274169921875 0.1551513671875 -0.57757568359375
-0.180633544921875 0.29083251953125 -0.169036865234375 -0.249923706054687
-0.07659912109375 0.367645263671875 -0.136566162109375 -0.140701293945312
0.088592529296875 0.384185791015625 -0.0720748901367188 0.00709533691406253
0.249710083007813 0.242584228515625 0.0366401672363281 0.0415725708007813
0.292572021484375 0.09490966796875 0.116676330566406 0.0470504760742188
0.28631591796875 -0.083709716796875 0.2003173828125 -0.0800628662109375
0.232162475585937 -0.171539306640625 0.173858642578125 -0.212478637695313
0.213302612304688 -0.13519287109375 0.110382080078125 -0.234619140625
0.215255737304687 -0.1531982421875 0.109390258789063 -0.23785400390625
0.213134765625 -0.0879364013671875 0.0970306396484375 -0.206146240234375
0.22894287109375 0.005889892578125 0.0360107421875 -0.144378662109375
0.202056884765625 0.0909271240234375 0.0022125244140625 -0.1558837890625
0.0816650390625 0.222885131835938 -0.0284576416015625 -0.226654052734375
-0.0084228515625 0.267745971679687 -0.055694580078125 -0.360137939453125
-0.0987701416015625 0.210418701171875 0.09014892578125 -0.57635498046875
-0.13653564453125 0.42620849609375 -0.209930419921875 -0.1654052734375
-0.05023193359375 0.470428466796875 -0.146987915039063 -0.103668212890625
0.12579345703125 0.490570068359375 -0.10797119140625 -0.0045700073242187
0.320343017578125 0.3194580078125 -0.0340080261230469 0.03680419921875
0.374603271484375 0.138763427734375 0.0317306518554688 0.0704116821289063
0.37884521484375 -0.100921630859375 0.115097045898438 -0.0245513916015625
0.301177978515625 -0.22528076171875 0.0928192138671875 -0.13067626953125
0.273941040039063 -0.19775390625 0.0313873291015625 -0.154266357421875
0.276138305664063 -0.241500854492187 0.0328216552734375 -0.16485595703125
0.28533935546875 -0.170318603515625 0.00953674316406253 -0.156753540039063
0.3404541015625 -0.048431396484375 -0.0386276245117187 -0.102279663085938
0.33447265625 0.071807861328125 -0.0653076171875 -0.1397705078125
0.212371826171875 0.29937744140625 -0.0863800048828125 -0.222244262695313
0.106964111328125 0.392059326171875 -0.081329345703125 -0.332305908203125
-0.03082275390625 0.365447998046875 0.039703369140625 -0.501495361328125
-0.06378173828125 0.49981689453125 -0.244369506835937 -0.038116455078125
0.00354003906250003 0.511810302734375 -0.152450561523438 -0.0373077392578124
0.171417236328125 0.518890380859375 -0.132858276367188 -0.00789642333984372
0.360107421875 0.336578369140625 -0.103179931640625 0.026031494140625
0.40643310546875 0.15081787109375 -0.061798095703125 0.0779876708984375
0.414642333984375 -0.112640380859375 0.00554275512695315 0.0276203155517578
0.324432373046875 -0.24957275390625 -0.00736618041992186 -0.0326499938964844
0.29241943359375 -0.233001708984375 -0.05120849609375 -0.0500907897949219
0.295745849609375 -0.2943115234375 -0.0441246032714844 -0.0602684020996094
0.31585693359375 -0.227935791015625 -0.0773391723632813 -0.0722427368164063
0.403045654296875 -0.095306396484375 -0.107879638671875 -0.0340118408203125
0.418670654296875 0.042633056640625 -0.121910095214844 -0.0986099243164063
0.30987548828125 0.330841064453125 -0.119918823242187 -0.188217163085937
0.204742431640625 0.45318603515625 -0.071136474609375 -0.25830078125
0.040283203125 0.45916748046875 0.01519775390625 -0.366302490234375
0.025787353515625 0.501190185546875 -0.260696411132813 0.112014770507813
0.080169677734375 0.4810791015625 -0.145736694335938 0.0477752685546875
0.21807861328125 0.455291748046875 -0.145523071289063 0.00143432617187505
0.3568115234375 0.278472900390625 -0.161331176757812 0.023223876953125
0.378997802734375 0.11737060546875 -0.144439697265625 0.0811767578125
0.381072998046875 -0.121185302734375 -0.104583740234375 0.0760269165039062
0.29351806640625 -0.2410888671875 -0.108413696289062 0.0702438354492188
0.266326904296875 -0.231109619140625 -0.126556396484375 0.0638198852539063
0.271759033203125 -0.293426513671875 -0.113685607910156 0.0564193725585937
0.29608154296875 -0.23358154296875 -0.15277099609375 0.027862548828125
0.393798828125 -0.109649658203125 -0.16156005859375 0.0408935546875
0.416748046875 0.022308349609375 -0.157989501953125 -0.0456390380859375
0.335418701171875 0.308929443359375 -0.122688293457031 -0.136650085449219
0.249847412109375 0.436553955078125 -0.0300140380859375 -0.15625
0.096588134765625 0.4715576171875 0.012786865234375 -0.189376831054688
0.115753173828125 0.430145263671875 -0.248809814453125 0.267608642578125
0.15179443359375 0.380767822265625 -0.124458312988281 0.139106750488281
0.24102783203125 0.315185546875 -0.143035888671875 0.0293121337890625
0.3048095703125 0.1651611328125 -0.193161010742187 0.040802001953125
0.294189453125 0.053497314453125 -0.194198608398437 0.0908355712890625
0.2862548828125 -0.124114990234375 -0.186965942382813 0.122787475585937
0.213241577148438 -0.204025268554688 -0.186492919921875 0.166656494140625
0.198135375976563 -0.195465087890625 -0.184295654296875 0.169723510742188
0.207611083984375 -0.24090576171875 -0.173477172851563 0.161422729492188
0.229644775390625 -0.18707275390625 -0.210769653320312 0.113555908203125
0.309814453125 -0.085296630859375 -0.198379516601563 0.0938720703125
0.32464599609375 0.014556884765625 -0.172409057617187 -0.00424194335937502
0.27752685546875 0.23486328125 -0.100975036621094 -0.0846176147460938
0.236572265625 0.3409423828125 0.0233497619628906 -0.0475082397460937
0.13397216796875 0.40191650390625 0.0245914459228516 -0.0058326721191406
0.177337646484375 0.294708251953125 -0.2095947265625 0.4078369140625
0.18487548828125 0.234359741210938 -0.0882568359375 0.228530883789063
0.215667724609375 0.143417358398438 -0.1204833984375 0.0722198486328125
0.20660400390625 0.0422821044921875 -0.186752319335938 0.07781982421875
0.174331665039063 -0.012451171875 -0.199127197265625 0.106689453125
0.15435791015625 -0.11083984375 -0.224868774414063 0.164840698242187
0.102317810058594 -0.138214111328125 -0.226089477539063 0.243576049804688
0.0982513427734375 -0.129852294921875 -0.21435546875 0.249710083007813
0.110198974609375 -0.148727416992188 -0.215774536132812 0.234786987304688
0.124557495117188 -0.107254028320313 -0.249664306640625 0.161331176757812
0.169815063476562 -0.0434112548828125 -0.215713500976563 0.105941772460937
0.168975830078125 0.002105712890625 -0.167831420898438 0.0122528076171875
0.167755126953125 0.11187744140625 -0.0665130615234375 -0.0456428527832031
0.188934326171875 0.179092407226563 0.0694236755371094 0.0440177917480469
0.154525756835938 0.261795043945313 0.04315185546875 0.15277099609375
0.196533203125 0.113311767578125 -0.152496337890625 0.510284423828125
0.164581298828125 0.073699951171875 -0.04168701171875 0.3056640625
0.141708374023438 -0.0130767822265625 -0.0770950317382812 0.122200012207031
0.0808639526367188 -0.0506210327148438 -0.144332885742188 0.119583129882812
0.0412826538085938 -0.0527496337890625 -0.167312622070312 0.122039794921875
0.013671875 -0.0722808837890625 -0.2171630859375 0.194473266601562
-0.0183906555175781 -0.0496101379394531 -0.222625732421875 0.289215087890625
-0.01690673828125 -0.0449485778808594 -0.2113037109375 0.292510986328125
-0.008270263671875 -0.0397109985351563 -0.234100341796875 0.263427734375
-0.00462532043457031 -0.0239543914794922 -0.260040283203125 0.166854858398438
0.00326442718505859 -0.0164070129394531 -0.20928955078125 0.0802154541015625
-0.00398635864257813 -0.0363883972167969 -0.144500732421875 0.00376892089843753
0.0585556030273438 -0.0500068664550781 -0.0267753601074219 -0.0220584869384766
0.140281677246094 -0.0182647705078125 0.100479125976563 0.105918884277344
0.169036865234375 0.0770721435546875 0.0686187744140625 0.258651733398438
-0.183212280273438 0.134521484375 -0.130218505859375 -0.272689819335938
-0.0626983642578125 0.218246459960938 -0.115676879882813 -0.142227172851562
0.0643157958984375 0.215591430664062 -0.0228042602539062 0.0180377960205078
0.15399169921875 0.116439819335938 0.101470947265625 0.0246124267578125
0.169113159179688 0.0224151611328125 0.178512573242188 -0.001953125
0.140365600585938 -0.0682601928710938 0.237747192382813 -0.142974853515625
0.109672546386719 -0.104286193847656 0.205947875976563 -0.27105712890625
0.107078552246094 -0.0666961669921875 0.157440185546875 -0.276718139648437
0.107818603515625 -0.0667877197265625 0.1588134765625 -0.269500732421875
0.107917785644531 -0.0241546630859375 0.156417846679688 -0.214004516601563
0.103713989257813 0.0289230346679688 0.0906219482421875 -0.150634765625
0.0731277465820313 0.0815887451171875 0.0539093017578125 -0.14544677734375
-0.0252685546875 0.126136779785156 0.022064208984375 -0.201919555664063
-0.0940322875976563 0.12548828125 -0.023956298828125 -0.340087890625
-0.139213562011719 0.0491409301757813 0.1199951171875 -0.57244873046875
-0.1566162109375 0.30572509765625 -0.15887451171875 -0.235076904296875
-0.042755126953125 0.361358642578125 -0.125228881835938 -0.133529663085937
0.118011474609375 0.36346435546875 -0.062591552734375 0.0109939575195313
0.260971069335938 0.209732055664062 0.0433921813964844 0.0389366149902344
0.28948974609375 0.0643310546875 0.122428894042969 0.0438156127929688
0.26544189453125 -0.10906982421875 0.19677734375 -0.0872650146484375
0.207473754882813 -0.188919067382813 0.16339111328125 -0.212631225585938
0.19622802734375 -0.150497436523438 0.101165771484375 -0.22674560546875
0.196640014648438 -0.171768188476562 0.0992889404296875 -0.23028564453125
0.20501708984375 -0.104644775390625 0.0843048095703125 -0.193710327148438
0.230941772460938 -0.011444091796875 0.0243911743164063 -0.130317687988281
0.21051025390625 0.08154296875 -0.0137176513671875 -0.145767211914063
0.0965728759765625 0.227493286132813 -0.0468292236328125 -0.218490600585937
0.00898742675781247 0.2769775390625 -0.07318115234375 -0.34954833984375
-0.0893402099609375 0.228225708007813 0.052642822265625 -0.5587158203125
-0.11151123046875 0.432098388671875 -0.193572998046875 -0.144302368164062
-0.01806640625 0.460662841796875 -0.132987976074219 -0.091522216796875
0.1541748046875 0.469879150390625 -0.0968399047851563 0.00585937500000002
0.3323974609375 0.286041259765625 -0.0223655700683594 0.0417327880859375
0.372161865234375 0.10882568359375 0.0443115234375 0.0726394653320313
0.3563232421875 -0.12652587890625 0.120399475097656 -0.0271453857421875
0.275283813476563 -0.241973876953125 0.0908660888671875 -0.127479553222656
0.254180908203125 -0.212051391601563 0.02874755859375 -0.142730712890625
0.252609252929688 -0.25775146484375 0.02923583984375 -0.15301513671875
0.270462036132813 -0.184494018554688 0.00294494628906253 -0.138221740722656
0.334381103515625 -0.06768798828125 -0.0440292358398437 -0.083831787109375
0.335418701171875 0.055938720703125 -0.078216552734375 -0.122283935546875
0.224639892578125 0.292877197265625 -0.1036376953125 -0.205551147460937
0.12548828125 0.388214111328125 -0.09881591796875 -0.31494140625
-0.017333984375 0.37078857421875 0.00689697265624997 -0.478668212890625
-0.043792724609375 0.496002197265625 -0.223495483398438 -0.013763427734375
0.02886962890625 0.4986572265625 -0.136322021484375 -0.0208206176757812
0.19403076171875 0.5 -0.121147155761719 0.00794982910156253
0.367523193359375 0.306243896484375 -0.0887603759765625 0.0385055541992188
0.404052734375 0.125457763671875 -0.0452651977539062 0.08648681640625
0.392730712890625 -0.131988525390625 0.0177402496337891 0.0304527282714844
0.300537109375 -0.261871337890625 -0.000848770141601547 -0.0253238677978516
0.273635864257813 -0.241409301757813 -0.0461158752441406 -0.0359077453613281
0.27081298828125 -0.304962158203125 -0.0396499633789062 -0.0468292236328125
0.295928955078125 -0.23687744140625 -0.0750656127929687 -0.0508651733398438
0.389312744140625 -0.113922119140625 -0.104576110839844 -0.0135498046875
0.41070556640625 0.02374267578125 -0.128448486328125 -0.0758743286132813
0.317535400390625 0.31488037109375 -0.13397216796875 -0.166168212890625
0.219146728515625 0.4385986328125 -0.086181640625 -0.23974609375
0.0533447265625 0.453369140625 -0.01080322265625 -0.3408203125
0.039337158203125 0.486602783203125 -0.236618041992187 0.137405395507813
0.094085693359375 0.46435546875 -0.129859924316406 0.066802978515625
0.22943115234375 0.436737060546875 -0.133659362792969 0.021759033203125
0.357391357421875 0.256072998046875 -0.1444091796875 0.0410003662109375
0.374267578125 0.100341796875 -0.126220703125 0.0933914184570312
0.36187744140625 -0.132293701171875 -0.0886154174804687 0.0833206176757813
0.274093627929687 -0.247650146484375 -0.0945510864257812 0.080108642578125
0.250411987304688 -0.234603881835938 -0.113983154296875 0.078399658203125
0.24969482421875 -0.297882080078125 -0.101699829101562 0.069732666015625
0.275894165039063 -0.238128662109375 -0.141876220703125 0.0483551025390625
0.375213623046875 -0.12347412109375 -0.151504516601563 0.060577392578125
0.4033203125 0.004974365234375 -0.157546997070312 -0.022430419921875
0.3369140625 0.289764404296875 -0.132522583007812 -0.114059448242187
0.2591552734375 0.4141845703125 -0.0404739379882812 -0.139076232910156
0.106781005859375 0.457672119140625 -0.00445556640625001 -0.16766357421875
0.120635986328125 0.406219482421875 -0.222259521484375 0.289306640625
0.155487060546875 0.359954833984375 -0.108840942382812 0.157806396484375
0.23828125 0.297515869140625 -0.130851745605469 0.05035400390625
0.295806884765625 0.150970458984375 -0.174331665039062 0.0601959228515625
0.28533935546875 0.04693603515625 -0.17559814453125 0.1024169921875
0.270736694335937 -0.1246337890625 -0.1689453125 0.131179809570313
0.200790405273438 -0.201141357421875 -0.168167114257812 0.17718505859375
0.187301635742188 -0.192520141601563 -0.165481567382813 0.181732177734375
0.192581176757813 -0.238449096679687 -0.154373168945313 0.174179077148437
0.215347290039063 -0.184722900390625 -0.193710327148438 0.131988525390625
0.294464111328125 -0.091339111328125 -0.182876586914062 0.11151123046875
0.310333251953125 0.004364013671875 -0.168106079101562 0.0167694091796875
0.271636962890625 0.218338012695313 -0.107833862304688 -0.06536865234375
0.23663330078125 0.31683349609375 0.0161628723144531 -0.0360145568847656
0.137359619140625 0.383209228515625 0.016240119934082 0.0102338790893555
0.1756591796875 0.265106201171875 -0.1796875 0.4210205078125
0.180465698242188 0.21124267578125 -0.0732421875 0.243255615234375
0.202346801757813 0.126983642578125 -0.10693359375 0.0903091430664063
0.190673828125 0.036102294921875 -0.166976928710938 0.0926513671875
0.161941528320313 -0.0098114013671875 -0.182083129882812 0.11370849609375
0.142486572265625 -0.102020263671875 -0.207916259765625 0.170669555664063
0.097198486328125 -0.127906799316406 -0.205947875976563 0.251556396484375
0.0950546264648438 -0.120643615722656 -0.192474365234375 0.259002685546875
0.105812072753906 -0.140060424804688 -0.19354248046875 0.24554443359375
0.119300842285156 -0.0979080200195313 -0.229415893554688 0.177154541015625
0.160797119140625 -0.0393829345703125 -0.199539184570313 0.12127685546875
0.15753173828125 0.0043487548828125 -0.16217041015625 0.030303955078125
0.154266357421875 0.103530883789063 -0.0724105834960937 -0.0313796997070312
0.176345825195313 0.160659790039063 0.0644378662109375 0.0493583679199219
0.149581909179688 0.238861083984375 0.0413818359375 0.16015625
0.188858032226563 0.083587646484375 -0.1214599609375 0.513153076171875
0.156326293945313 0.0518798828125 -0.025146484375 0.313873291015625
0.123390197753906 -0.0276565551757813 -0.0619354248046875 0.133506774902344
0.0626068115234375 -0.051116943359375 -0.123802185058594 0.127120971679688
0.0284614562988281 -0.0457115173339844 -0.151153564453125 0.121810913085938
0.00696182250976563 -0.0559539794921875 -0.202178955078125 0.195968627929687
-0.0160446166992188 -0.0331172943115234 -0.20269775390625 0.29327392578125
-0.0122394561767578 -0.0306415557861328 -0.189453125 0.296539306640625
-0.00207710266113281 -0.0250434875488281 -0.212554931640625 0.271026611328125
-0.000270843505859376 -0.00931930541992188 -0.242507934570313 0.178131103515625
0.00204551219940186 -0.00141215324401855 -0.198028564453125 0.0919189453125
-0.0121803283691406 -0.0216121673583984 -0.141021728515625 0.017822265625
0.0381813049316406 -0.0474128723144531 -0.0340518951416016 -0.0136623382568359
0.11639404296875 -0.0298538208007813 0.0946426391601563 0.105636596679688
0.155197143554687 0.054351806640625 0.0693206787109375 0.257614135742188
-0.163482666015625 0.147384643554688 -0.122604370117188 -0.272537231445313
-0.0398712158203125 0.208572387695313 -0.108810424804687 -0.14599609375
0.07916259765625 0.198776245117188 -0.0184574127197266 0.0148849487304688
0.155838012695313 0.094757080078125 0.101150512695313 0.0165634155273438
0.162200927734375 0.003204345703125 0.176544189453125 -0.008056640625
0.123580932617188 -0.0813446044921875 0.228317260742187 -0.147354125976562
0.0916824340820313 -0.112442016601563 0.194931030273438 -0.27044677734375
0.095703125 -0.0753250122070313 0.148849487304688 -0.273101806640625
0.0957717895507813 -0.0783538818359375 0.150863647460938 -0.265151977539063
0.103042602539063 -0.0369186401367188 0.148223876953125 -0.20574951171875
0.108230590820312 0.0167694091796875 0.0823211669921875 -0.141220092773438
0.08404541015625 0.07684326171875 0.04168701171875 -0.140777587890625
-0.010528564453125 0.133056640625 0.010040283203125 -0.200927734375
-0.0771560668945313 0.137229919433594 -0.034698486328125 -0.3385009765625
-0.130134582519531 0.0670166015625 0.0972900390624999 -0.56396484375
-0.13690185546875 0.31243896484375 -0.14654541015625 -0.230575561523437
-0.019439697265625 0.348419189453125 -0.114471435546875 -0.134742736816406
0.13482666015625 0.343902587890625 -0.054229736328125 0.0112380981445313
0.262344360351563 0.184219360351562 0.0482559204101563 0.0345726013183594
0.280914306640625 0.043548583984375 0.126792907714844 0.0395431518554688
0.244400024414063 -0.123977661132813 0.194671630859375 -0.0912017822265625
0.185653686523438 -0.197021484375 0.157806396484375 -0.211578369140625
0.181976318359375 -0.158920288085938 0.0966949462890625 -0.220367431640625
0.180374145507813 -0.182693481445313 0.0958251953125 -0.22296142578125
0.19561767578125 -0.115753173828125 0.0802764892578125 -0.181259155273438
0.230087280273438 -0.0239105224609375 0.0196685791015625 -0.116752624511719
0.215805053710938 0.0745849609375 -0.0227813720703125 -0.134872436523438
0.108749389648437 0.23016357421875 -0.0572509765625 -0.210037231445312
0.024749755859375 0.281768798828125 -0.084381103515625 -0.3408203125
-0.079132080078125 0.23992919921875 0.034210205078125 -0.542388916015625
-0.094635009765625 0.433380126953125 -0.176025390625 -0.1358642578125
0.00234985351562503 0.448394775390625 -0.1187744140625 -0.0887298583984375
0.169952392578125 0.450469970703125 -0.0855560302734375 0.0112762451171875
0.333343505859375 0.260528564453125 -0.0125198364257812 0.0425910949707031
0.364471435546875 0.088348388671875 0.05487060546875 0.072509765625
0.335418701171875 -0.139434814453125 0.125221252441406 -0.0302886962890625
0.253860473632813 -0.2486572265625 0.0920791625976563 -0.125167846679688
0.239517211914063 -0.21820068359375 0.0309295654296875 -0.134262084960938
0.233795166015625 -0.265151977539063 0.0312652587890625 -0.144195556640625
0.25738525390625 -0.192611694335937 0.00372314453125003 -0.123001098632813
0.32666015625 -0.08074951171875 -0.0433235168457031 -0.068389892578125
0.33416748046875 0.046905517578125 -0.08294677734375 -0.106178283691406
0.233612060546875 0.289154052734375 -0.112106323242187 -0.190414428710937
0.1383056640625 0.384368896484375 -0.107391357421875 -0.30096435546875
-0.00970458984375002 0.376953125 -0.00891113281250003 -0.456085205078125
-0.03314208984375 0.4913330078125 -0.201690673828125 -0.00280761718749997
0.04180908203125 0.48773193359375 -0.120262145996094 -0.014373779296875
0.205474853515625 0.484466552734375 -0.108024597167969 0.0173187255859375
0.368560791015625 0.286407470703125 -0.07476806640625 0.0441131591796875
0.398223876953125 0.10986328125 -0.0308914184570312 0.0896148681640625
0.37579345703125 -0.14154052734375 0.0283832550048828 0.0294609069824219
0.28216552734375 -0.266326904296875 0.00645256042480471 -0.0223579406738281
0.259872436523438 -0.244552612304688 -0.0384407043457031 -0.0270767211914063
0.251953125 -0.308563232421875 -0.0322647094726562 -0.0383262634277344
0.281021118164063 -0.2408447265625 -0.0678596496582031 -0.0358619689941406
0.376373291015625 -0.124755859375 -0.09783935546875 0.00157928466796872
0.401580810546875 0.01483154296875 -0.127677917480469 -0.0582504272460938
0.320953369140625 0.30450439453125 -0.13861083984375 -0.147491455078125
0.22845458984375 0.42724609375 -0.0924072265625 -0.222900390625
0.05950927734375 0.451507568359375 -0.022857666015625 -0.317108154296875
0.042388916015625 0.476654052734375 -0.212936401367188 0.149581909179688
0.098541259765625 0.451690673828125 -0.113136291503906 0.0764541625976563
0.23065185546875 0.425689697265625 -0.119537353515625 0.0338516235351563
0.35443115234375 0.24371337890625 -0.128494262695312 0.0498504638671875
0.368621826171875 0.0933837890625 -0.110305786132812 0.09869384765625
0.349334716796875 -0.13482666015625 -0.0746536254882812 0.084686279296875
0.260833740234375 -0.247894287109375 -0.0822525024414062 0.0841140747070313
0.240341186523438 -0.234237670898438 -0.102264404296875 0.0863723754882812
0.23602294921875 -0.297119140625 -0.0891952514648437 0.0774765014648438
0.26312255859375 -0.237319946289063 -0.129188537597656 0.0618972778320312
0.362884521484375 -0.12969970703125 -0.138992309570312 0.0736465454101562
0.391937255859375 -0.003662109375 -0.152679443359375 -0.00534057617187501
0.3349609375 0.278472900390625 -0.133834838867187 -0.09564208984375
0.25982666015625 0.399688720703125 -0.0441360473632812 -0.124504089355469
0.108428955078125 0.44879150390625 -0.0113983154296875 -0.146270751953125
0.11761474609375 0.39080810546875 -0.199005126953125 0.299652099609375
0.150360107421875 0.3465576171875 -0.0937652587890625 0.169281005859375
0.229705810546875 0.288726806640625 -0.117111206054687 0.0631866455078125
0.2869873046875 0.145538330078125 -0.157073974609375 0.0694122314453125
0.279342651367188 0.0470428466796875 -0.160568237304688 0.10650634765625
0.262786865234375 -0.120407104492188 -0.155059814453125 0.133377075195313
0.194625854492188 -0.196945190429688 -0.153228759765625 0.181304931640625
0.183059692382813 -0.1878662109375 -0.150604248046875 0.188034057617188
0.18450927734375 -0.234375 -0.1387939453125 0.179428100585937
0.207229614257813 -0.17999267578125 -0.178085327148437 0.141387939453125
0.28375244140625 -0.091339111328125 -0.167587280273438 0.121307373046875
0.299835205078125 0.002197265625 -0.159912109375 0.0326385498046875
0.2635498046875 0.2095947265625 -0.108055114746094 -0.0492019653320312
0.229705810546875 0.303375244140625 0.0141658782958985 -0.0250701904296875
0.13397216796875 0.370849609375 0.0131416320800781 0.0258827209472656
0.165878295898437 0.24639892578125 -0.15826416015625 0.42822265625
0.170440673828125 0.19732666015625 -0.0586395263671875 0.252593994140625
0.187759399414063 0.120574951171875 -0.0933074951171875 0.100914001464844
0.178131103515625 0.0369415283203125 -0.149490356445313 0.099212646484375
0.154830932617187 -0.0039215087890625 -0.168838500976562 0.114700317382813
0.138771057128906 -0.0913619995117188 -0.195220947265625 0.171295166015625
0.0978012084960938 -0.118812561035156 -0.190673828125 0.254348754882813
0.096710205078125 -0.112564086914062 -0.176727294921875 0.261917114257813
0.106491088867187 -0.132232666015625 -0.17724609375 0.248397827148438
0.119285583496094 -0.090484619140625 -0.213363647460937 0.183914184570313
0.15704345703125 -0.0330657958984375 -0.185455322265625 0.12872314453125
0.150924682617188 0.0098114013671875 -0.153564453125 0.04248046875
0.142807006835938 0.102264404296875 -0.0737228393554688 -0.0188827514648437
0.161865234375 0.151901245117188 0.0619087219238281 0.0562858581542969
0.138900756835937 0.22479248046875 0.040557861328125 0.169036865234375
0.1756591796875 0.0640716552734375 -0.100494384765625 0.5137939453125
0.144393920898438 0.038360595703125 -0.01190185546875 0.319061279296875
0.105636596679687 -0.033935546875 -0.0481109619140625 0.139297485351563
0.04901123046875 -0.047149658203125 -0.107139587402344 0.128303527832031
0.0207939147949219 -0.0362548828125 -0.140640258789062 0.117691040039063
0.00660324096679687 -0.0415725708007813 -0.19268798828125 0.193710327148438
-0.00833511352539063 -0.0213279724121094 -0.189208984375 0.2923583984375
-0.00498580932617187 -0.0208644866943359 -0.175750732421875 0.295379638671875
0.00789737701416015 -0.0159196853637695 -0.196640014648438 0.273468017578125
0.00781869888305664 0.000852108001708984 -0.228134155273438 0.183547973632813
0.00530147552490234 0.0110912322998047 -0.18731689453125 0.09796142578125
-0.0145549774169922 -0.00857257843017578 -0.135360717773438 0.0275192260742187
0.02276611328125 -0.0406913757324219 -0.0381660461425781 -0.00470352172851563
0.0952835083007813 -0.0322418212890625 0.0900497436523438 0.108673095703125
0.137985229492187 0.0423507690429688 0.0677490234375 0.258941650390625
-0.148178100585938 0.156005859375 -0.118820190429688 -0.279815673828125
-0.0262908935546875 0.199966430664063 -0.1060791015625 -0.154830932617188
0.088775634765625 0.185531616210938 -0.0148916244506836 0.01123046875
0.1561279296875 0.079803466796875 0.101150512695313 0.010986328125
0.156234741210938 -0.009552001953125 0.177322387695312 -0.0129547119140625
0.10919189453125 -0.0902252197265625 0.225387573242188 -0.151412963867188
0.0774688720703125 -0.117240905761719 0.1907958984375 -0.273818969726562
0.0865097045898437 -0.0815887451171875 0.146453857421875 -0.274154663085938
0.0851974487304688 -0.0868072509765625 0.14947509765625 -0.265792846679688
0.0983734130859375 -0.0460052490234375 0.146942138671875 -0.200515747070312
0.111083984375 0.00606536865234375 0.0794525146484375 -0.134201049804688
0.0937042236328125 0.0721359252929688 0.0347900390625 -0.137115478515625
0.00344085693359376 0.138572692871094 0.00161743164062501 -0.202072143554688
-0.063079833984375 0.146194458007813 -0.043212890625 -0.342498779296875
-0.121391296386719 0.08038330078125 0.08660888671875 -0.56365966796875
-0.122222900390625 0.320465087890625 -0.138565063476563 -0.235366821289062
-0.005401611328125 0.3404541015625 -0.108551025390625 -0.141525268554688
0.145904541015625 0.332305908203125 -0.0484390258789062 0.00988006591796878
0.263092041015625 0.167938232421875 0.051971435546875 0.031036376953125
0.2760009765625 0.03009033203125 0.132713317871094 0.0369949340820313
0.230377197265625 -0.132293701171875 0.19598388671875 -0.0957489013671875
0.170867919921875 -0.203292846679688 0.157806396484375 -0.214401245117187
0.173019409179688 -0.16534423828125 0.0985260009765625 -0.218719482421875
0.168731689453125 -0.191146850585938 0.0973968505859375 -0.221359252929687
0.19024658203125 -0.1248779296875 0.0819549560546875 -0.173141479492188
0.232040405273438 -0.0351409912109375 0.0198211669921875 -0.107627868652344
0.22430419921875 0.069610595703125 -0.0279083251953125 -0.126945495605469
0.122406005859375 0.235092163085937 -0.064300537109375 -0.205429077148437
0.038970947265625 0.289093017578125 -0.09112548828125 -0.3397216796875
-0.0703887939453125 0.2537841796875 0.025390625 -0.53594970703125
-0.084625244140625 0.44097900390625 -0.163253784179688 -0.1368408203125
0.014556884765625 0.442413330078125 -0.108955383300781 -0.0926895141601562
0.18157958984375 0.442352294921875 -0.0763320922851563 0.012451171875
0.335418701171875 0.246063232421875 -0.00462722778320311 0.0414009094238281
0.36151123046875 0.078155517578125 0.0645523071289063 0.0718536376953125
0.32342529296875 -0.147796630859375 0.13140869140625 -0.03399658203125
0.241104125976563 -0.255340576171875 0.095977783203125 -0.126655578613281
0.231887817382813 -0.224349975585938 0.0355453491210938 -0.13031005859375
0.222763061523438 -0.273239135742188 0.03582763671875 -0.140609741210938
0.251419067382812 -0.199966430664062 0.00837707519531251 -0.113716125488281
0.32550048828125 -0.09033203125 -0.0399894714355469 -0.057281494140625
0.338592529296875 0.04119873046875 -0.0842514038085938 -0.0952301025390625
0.2447509765625 0.291717529296875 -0.116989135742187 -0.180679321289063
0.151214599609375 0.3885498046875 -0.11260986328125 -0.294036865234375
-0.00222778320312499 0.38775634765625 -0.01556396484375 -0.442169189453125
-0.029052734375 0.495452880859375 -0.185897827148438 0.000930786132812564
0.048370361328125 0.48309326171875 -0.107414245605469 -0.0137939453125
0.2139892578125 0.4820556640625 -0.097198486328125 0.0220184326171875
0.370452880859375 0.2769775390625 -0.0637741088867187 0.0464248657226563
0.399139404296875 0.102691650390625 -0.018829345703125 0.0909652709960937
0.368865966796875 -0.14715576171875 0.0374221801757813 0.0270919799804687
0.273223876953125 -0.27056884765625 0.0135326385498047 -0.0218601226806641
0.255645751953125 -0.249282836914063 -0.0316791534423828 -0.0219573974609375
0.2421875 -0.315032958984375 -0.0246925354003906 -0.0338268280029297
0.275009155273438 -0.244873046875 -0.0604934692382812 -0.0259361267089844
0.373626708984375 -0.132110595703125 -0.0911026000976562 0.0126113891601562
0.402923583984375 0.009124755859375 -0.125648498535156 -0.0450057983398437
0.329376220703125 0.304718017578125 -0.140495300292969 -0.135025024414062
0.23638916015625 0.42645263671875 -0.094146728515625 -0.214065551757813
0.064208984375 0.458343505859375 -0.0264892578125 -0.301666259765625
0.041656494140625 0.47711181640625 -0.196502685546875 0.156982421875
0.0995483398437499 0.448760986328125 -0.100334167480469 0.0813522338867188
0.23480224609375 0.426422119140625 -0.108406066894531 0.0411605834960938
0.3555908203125 0.239501953125 -0.115798950195312 0.0542526245117187
0.370697021484375 0.090728759765625 -0.098846435546875 0.101173400878906
0.346343994140625 -0.137481689453125 -0.064605712890625 0.0838241577148438
0.25701904296875 -0.249755859375 -0.0736160278320312 0.086090087890625
0.239761352539063 -0.236114501953125 -0.0935821533203125 0.0914535522460937
0.2301025390625 -0.300537109375 -0.0797653198242187 0.0810394287109375
0.258621215820313 -0.237579345703125 -0.11865234375 0.0707168579101562
0.3575439453125 -0.1324462890625 -0.129501342773438 0.0830154418945312
0.390411376953125 -0.00634765625 -0.147308349609375 0.00721740722656248
0.3365478515625 0.27667236328125 -0.133293151855469 -0.0823287963867187
0.263397216796875 0.39581298828125 -0.0438079833984375 -0.114578247070312
0.1087646484375 0.452789306640625 -0.012176513671875 -0.130226135253906
0.11151123046875 0.3861083984375 -0.182403564453125 0.309173583984375
0.145721435546875 0.34295654296875 -0.0813140869140625 0.177932739257813
0.2265625 0.290313720703125 -0.105239868164062 0.0716781616210938
0.284515380859375 0.1468505859375 -0.144454956054687 0.0743865966796875
0.281402587890625 0.051300048828125 -0.15020751953125 0.108749389648438
0.263565063476563 -0.11785888671875 -0.1470947265625 0.133956909179687
0.196044921875 -0.196075439453125 -0.144454956054688 0.184158325195313
0.185928344726563 -0.186965942382813 -0.141098022460937 0.19287109375
0.1837158203125 -0.234085083007813 -0.128433227539063 0.183059692382813
0.206878662109375 -0.177780151367188 -0.166946411132813 0.148483276367187
0.2816162109375 -0.0899658203125 -0.157318115234375 0.1287841796875
0.29742431640625 0.003662109375 -0.15325927734375 0.042999267578125
0.261138916015625 0.210494995117188 -0.106666564941406 -0.0368881225585937
0.22637939453125 0.299346923828125 0.015812873840332 -0.0161342620849609
0.1287841796875 0.368316650390625 0.0138740539550781 0.0404930114746094
0.156112670898438 0.237655639648438 -0.143829345703125 0.435516357421875
0.161788940429687 0.192352294921875 -0.046875 0.263153076171875
0.177871704101563 0.121597290039063 -0.0821990966796875 0.108604431152344
0.172348022460938 0.0410614013671875 -0.136756896972656 0.102935791015625
0.154281616210938 0.0032806396484375 -0.160964965820312 0.114227294921875
0.141616821289063 -0.0835418701171875 -0.188949584960937 0.172164916992188
0.103996276855469 -0.114555358886719 -0.183120727539063 0.25787353515625
0.102302551269531 -0.109184265136719 -0.16766357421875 0.265853881835938
0.111190795898438 -0.130157470703125 -0.16668701171875 0.252365112304688
0.123947143554687 -0.0857925415039063 -0.203399658203125 0.1888427734375
0.158233642578125 -0.0272369384765625 -0.176025390625 0.134078979492188
0.149642944335938 0.0159149169921875 -0.148651123046875 0.05108642578125
0.13568115234375 0.106620788574219 -0.073577880859375 -0.00878143310546875
0.1522216796875 0.151214599609375 0.0628776550292969 0.0639915466308594
0.129241943359375 0.221481323242188 0.041473388671875 0.180999755859375
0.16436767578125 0.052764892578125 -0.0874938964843749 0.5185546875
0.134757995605469 0.0313491821289062 -0.000457763671875018 0.3270263671875
0.09246826171875 -0.0351028442382813 -0.037506103515625 0.143905639648438
0.040679931640625 -0.0416145324707031 -0.0957260131835938 0.12835693359375
0.0178680419921875 -0.0276889801025391 -0.136131286621094 0.113410949707031
0.0106906890869141 -0.0313186645507813 -0.188995361328125 0.19342041015625
0.000536918640136718 -0.0138111114501953 -0.1839599609375 0.29486083984375
0.00309562683105469 -0.0145292282104492 -0.169219970703125 0.2978515625
0.0178260803222656 -0.0106525421142578 -0.18902587890625 0.276641845703125
0.0173358917236328 0.00679683685302734 -0.221481323242188 0.1864013671875
0.0106849670410156 0.02056884765625 -0.181625366210938 0.102325439453125
-0.013972282409668 0.00226593017578125 -0.132118225097656 0.0341033935546875
0.0125160217285156 -0.0324306488037109 -0.0400657653808594 0.00334548950195313
0.08001708984375 -0.02996826171875 0.0886001586914063 0.114974975585938
0.124092102050781 0.037109375 0.0676116943359375 0.267059326171875
-0.1357421875 0.166244506835938 -0.12359619140625 -0.2928466796875
-0.0146942138671875 0.195159912109375 -0.111129760742187 -0.165878295898438
0.0991668701171875 0.176803588867188 -0.0128078460693359 0.00784397125244142
0.158279418945312 0.0662384033203125 0.101776123046875 0.00430297851562501
0.151809692382812 -0.0224456787109375 0.18121337890625 -0.01953125
0.0966644287109375 -0.098297119140625 0.225128173828125 -0.161087036132813
0.0642471313476562 -0.121841430664063 0.18646240234375 -0.285400390625
0.0781631469726563 -0.0881500244140625 0.145172119140625 -0.2822265625
0.0756301879882813 -0.0949554443359375 0.149826049804688 -0.273773193359375
0.09429931640625 -0.0553436279296875 0.14849853515625 -0.202911376953125
0.11431884765625 -0.00450897216796875 0.0787811279296875 -0.131614685058594
0.104499816894531 0.0665512084960938 0.0289154052734375 -0.1368408203125
0.0182037353515625 0.144424438476563 -0.00892639160156251 -0.207550048828125
-0.0482330322265625 0.155258178710938 -0.057647705078125 -0.35223388671875
-0.112281799316406 0.0935745239257813 0.07122802734375 -0.57672119140625
-0.108551025390625 0.33367919921875 -0.138290405273437 -0.245315551757812
0.00863647460937501 0.338592529296875 -0.109268188476562 -0.151351928710937
0.160919189453125 0.326385498046875 -0.0438804626464844 0.00854492187500002
0.268798828125 0.153961181640625 0.056488037109375 0.0269699096679688
0.276092529296875 0.016815185546875 0.140838623046875 0.0323028564453125
0.21929931640625 -0.143661499023438 0.199798583984375 -0.104705810546875
0.158447265625 -0.212371826171875 0.158187866210938 -0.223861694335937
0.165802001953125 -0.175949096679688 0.099761962890625 -0.224136352539063
0.158447265625 -0.202560424804688 0.0988922119140625 -0.226547241210938
0.1868896484375 -0.136428833007813 0.084381103515625 -0.172271728515625
0.236358642578125 -0.0480499267578125 0.0207366943359375 -0.101852416992188
0.236831665039062 0.06231689453125 -0.0326385498046875 -0.121856689453125
0.14111328125 0.241546630859375 -0.0742340087890625 -0.2049560546875
0.0577392578125 0.298675537109375 -0.103851318359375 -0.344390869140625
-0.0597991943359375 0.270950317382813 0.0120239257812499 -0.541107177734375
-0.071380615234375 0.455810546875 -0.158172607421875 -0.141159057617187
0.02783203125 0.444610595703125 -0.105567932128906 -0.0992584228515625
0.20037841796875 0.442169189453125 -0.0703506469726562 0.0133132934570313
0.345245361328125 0.2344970703125 0.00253677368164065 0.0399551391601563
0.368133544921875 0.065155029296875 0.0753555297851563 0.0698394775390625
0.31756591796875 -0.1611328125 0.138870239257813 -0.0412368774414063
0.231826782226563 -0.267181396484375 0.098968505859375 -0.133331298828125
0.227294921875 -0.236831665039063 0.0394363403320312 -0.131828308105469
0.212371826171875 -0.287628173828125 0.03961181640625 -0.142471313476563
0.247589111328125 -0.212127685546875 0.0129318237304688 -0.108940124511719
0.328887939453125 -0.105316162109375 -0.0368309020996093 -0.0494308471679688
0.350189208984375 0.031707763671875 -0.0869140625 -0.0866241455078125
0.264984130859375 0.294708251953125 -0.123672485351562 -0.174850463867188
0.170684814453125 0.395233154296875 -0.122314453125 -0.29376220703125
0.010223388671875 0.404571533203125 -0.024749755859375 -0.443206787109375
-0.01812744140625 0.510986328125 -0.176559448242188 0.00276184082031254
0.0606689453125 0.489898681640625 -0.100631713867187 -0.0155715942382812
0.23284912109375 0.486083984375 -0.0894699096679687 0.0258636474609375
0.3837890625 0.269073486328125 -0.0550498962402344 0.0483856201171875
0.409271240234375 0.09375 -0.00703430175781248 0.092498779296875
0.3668212890625 -0.159912109375 0.046173095703125 0.0222244262695312
0.2674560546875 -0.28387451171875 0.0190181732177735 -0.0241165161132813
0.253707885742188 -0.261642456054687 -0.0260772705078125 -0.0190658569335938
0.23431396484375 -0.3272705078125 -0.0192584991455078 -0.0325946807861328
0.2713623046875 -0.25701904296875 -0.0539665222167969 -0.0191307067871094
0.375579833984375 -0.14599609375 -0.084808349609375 0.0220947265625
0.412506103515625 -0.001922607421875 -0.124710083007812 -0.0344467163085938
0.347503662109375 0.30609130859375 -0.144668579101562 -0.125732421875
0.255218505859375 0.430023193359375 -0.0992889404296875 -0.209487915039062
0.0753173828125 0.473876953125 -0.0313720703125 -0.29486083984375
0.048095703125 0.487457275390625 -0.183670043945313 0.166046142578125
0.10760498046875 0.456512451171875 -0.08966064453125 0.0858688354492188
0.2493896484375 0.433868408203125 -0.0999374389648437 0.0483169555664063
0.366851806640625 0.236480712890625 -0.105903625488281 0.0597610473632813
0.383392333984375 0.087371826171875 -0.0881729125976562 0.104927062988281
0.34967041015625 -0.14605712890625 -0.0567779541015625 0.0832901000976562
0.256622314453125 -0.261260986328125 -0.0672073364257812 0.0896530151367187
0.240798950195313 -0.246856689453125 -0.086273193359375 0.0983505249023437
0.224639892578125 -0.313323974609375 -0.0726242065429687 0.0858383178710938
0.257736206054687 -0.24639892578125 -0.111000061035156 0.0792160034179687
0.360809326171875 -0.143768310546875 -0.121604919433594 0.092681884765625
0.39703369140625 -0.013671875 -0.143829345703125 0.01861572265625
0.350067138671875 0.277496337890625 -0.13433837890625 -0.0712356567382812
0.27752685546875 0.39849853515625 -0.0442123413085937 -0.108856201171875
0.11712646484375 0.463165283203125 -0.0125732421875 -0.11871337890625
0.112152099609375 0.39300537109375 -0.167633056640625 0.32342529296875
0.149261474609375 0.348419189453125 -0.0682830810546875 0.187881469726563
0.234100341796875 0.299346923828125 -0.095947265625 0.0804519653320313
0.2911376953125 0.148468017578125 -0.134635925292969 0.0811309814453125
0.291168212890625 0.051300048828125 -0.14276123046875 0.1129150390625
0.26904296875 -0.121963500976563 -0.141189575195312 0.137039184570313
0.199325561523438 -0.203689575195313 -0.137832641601563 0.1917724609375
0.189712524414063 -0.19439697265625 -0.133819580078125 0.20220947265625
0.184463500976562 -0.24273681640625 -0.120086669921875 0.191085815429687
0.20953369140625 -0.182693481445313 -0.159011840820313 0.158493041992187
0.285858154296875 -0.094573974609375 -0.149185180664062 0.137664794921875
0.302581787109375 0.001312255859375 -0.148757934570312 0.054046630859375
0.268051147460938 0.213653564453125 -0.10601806640625 -0.026611328125
0.232696533203125 0.3017578125 0.0193653106689453 -0.00965309143066404
0.132080078125 0.37652587890625 0.018524169921875 0.0544242858886719
0.153579711914063 0.2359619140625 -0.12786865234375 0.45379638671875
0.1593017578125 0.192352294921875 -0.032989501953125 0.275833129882813
0.176437377929688 0.125015258789063 -0.0718994140625 0.117431640625
0.172592163085938 0.044830322265625 -0.127777099609375 0.109085083007813
0.159896850585938 0.00762939453125 -0.156753540039063 0.117202758789062
0.147567749023438 -0.0819244384765625 -0.185699462890625 0.177215576171875
0.110946655273438 -0.117111206054688 -0.176498413085938 0.267623901367188
0.108894348144531 -0.11151123046875 -0.161117553710938 0.276443481445313
0.116645812988281 -0.132888793945312 -0.158966064453125 0.26190185546875
0.130020141601563 -0.0861587524414063 -0.197540283203125 0.19873046875
0.164566040039063 -0.0256805419921875 -0.16961669921875 0.141921997070313
0.153793334960938 0.0200653076171875 -0.14434814453125 0.0612335205078125
0.135429382324219 0.112960815429688 -0.0725555419921875 0.00125885009765627
0.149551391601562 0.153839111328125 0.068023681640625 0.0708847045898438
0.125396728515625 0.224365234375 0.048797607421875 0.195663452148438
0.15704345703125 0.0445556640625 -0.07122802734375 0.534454345703125
0.1285400390625 0.0264968872070313 0.014556884765625 0.340301513671875
0.0828170776367188 -0.0349273681640625 -0.026397705078125 0.150177001953125
0.0346908569335938 -0.0371017456054688 -0.0867080688476562 0.131340026855469
0.0168418884277344 -0.0206680297851563 -0.134902954101563 0.114097595214844
0.0155563354492188 -0.0243988037109375 -0.188400268554687 0.19873046875
0.00959968566894531 -0.00997161865234375 -0.179901123046875 0.305755615234375
0.0118446350097656 -0.0115394592285156 -0.163330078125 0.308135986328125
0.0281162261962891 -0.00895500183105469 -0.182891845703125 0.28741455078125
0.0264625549316406 0.0105552673339844 -0.219009399414062 0.195785522460938
0.0178890228271484 0.0277500152587891 -0.178848266601563 0.109085083007812
-0.0116300582885742 0.0123424530029297 -0.130508422851563 0.0419845581054687
0.00505256652832031 -0.0241355895996094 -0.04083251953125 0.0117835998535156
0.0685234069824219 -0.02679443359375 0.0931549072265625 0.1226806640625
0.114303588867188 0.0350189208984375 0.0738983154296875 0.281036376953125
-0.119659423828125 0.1790771484375 -0.139190673828125 -0.304443359375
-0.00123596191406249 0.191421508789063 -0.123794555664062 -0.173431396484375
0.111862182617188 0.166152954101563 -0.011082649230957 0.00517845153808595
0.16064453125 0.05126953125 0.102836608886719 -0.0048828125
0.147003173828125 -0.036590576171875 0.1846923828125 -0.0307769775390625
0.08221435546875 -0.105804443359375 0.221847534179688 -0.175811767578125
0.049346923828125 -0.126197814941406 0.176666259765625 -0.30316162109375
0.068939208984375 -0.0958099365234375 0.1368408203125 -0.2977294921875
0.064056396484375 -0.102897644042969 0.14337158203125 -0.28973388671875
0.0892333984375 -0.0650863647460938 0.14715576171875 -0.211593627929688
0.116355895996094 -0.0175857543945312 0.0770492553710938 -0.132545471191406
0.115921020507812 0.0583343505859375 0.0206069946289063 -0.137687683105469
0.0369415283203125 0.147048950195313 -0.0242767333984375 -0.212600708007813
-0.02960205078125 0.163360595703125 -0.080780029296875 -0.3607177734375
-0.10186767578125 0.107383728027344 0.04150390625 -0.594482421875
-0.08709716796875 0.350616455078125 -0.148391723632812 -0.254150390625
0.028533935546875 0.33880615234375 -0.11798095703125 -0.15899658203125
0.183868408203125 0.318359375 -0.0406837463378906 0.0075950622558594
0.279190063476563 0.136322021484375 0.0600852966308594 0.0210075378417969
0.278778076171875 -0.00128173828125 0.150039672851563 0.0236358642578125
0.206375122070313 -0.15863037109375 0.201995849609375 -0.119216918945313
0.1417236328125 -0.22479248046875 0.152389526367188 -0.238845825195313
0.155181884765625 -0.191055297851563 0.0950469970703126 -0.23468017578125
0.144302368164062 -0.218276977539063 0.0950927734375 -0.237762451171875
0.180419921875 -0.152236938476563 0.0847320556640625 -0.176300048828125
0.238922119140625 -0.066986083984375 0.02117919921875 -0.0986175537109375
0.250762939453125 0.0489654541015625 -0.0387344360351562 -0.118133544921875
0.1671142578125 0.242233276367188 -0.0874786376953125 -0.203704833984375
0.085235595703125 0.30523681640625 -0.125396728515625 -0.3472900390625
-0.040985107421875 0.28814697265625 -0.0138549804687501 -0.5506591796875
-0.0465087890625 0.4752197265625 -0.159759521484375 -0.144638061523437
0.0509033203125 0.44970703125 -0.108451843261719 -0.1044921875
0.2301025390625 0.439697265625 -0.0651893615722656 0.0151023864746094
0.36260986328125 0.21722412109375 0.0097007751464844 0.0381698608398438
0.378082275390625 0.046051025390625 0.0876083374023438 0.0655593872070313
0.30859375 -0.180511474609375 0.1444091796875 -0.053955078125
0.216400146484375 -0.285247802734375 0.0990753173828125 -0.142959594726563
0.217117309570313 -0.2559814453125 0.0395431518554688 -0.136131286621094
0.1968994140625 -0.306549072265625 0.03936767578125 -0.148666381835938
0.239852905273438 -0.231842041015625 0.0152206420898438 -0.108512878417969
0.331512451171875 -0.127655029296875 -0.0333976745605468 -0.0423011779785156
0.36456298828125 0.01318359375 -0.0897369384765625 -0.0777816772460937
0.29498291015625 0.29144287109375 -0.134506225585938 -0.168228149414062
0.20440673828125 0.397430419921875 -0.139190673828125 -0.292694091796875
0.034576416015625 0.42315673828125 -0.044830322265625 -0.44439697265625
0.00540161132812495 0.530242919921875 -0.169586181640625 0.00747680664062505
0.086090087890625 0.498748779296875 -0.0965728759765625 -0.0162811279296875
0.265838623046875 0.48748779296875 -0.0823593139648437 0.03106689453125
0.405181884765625 0.2540283203125 -0.0459060668945312 0.0502166748046875
0.4254150390625 0.07586669921875 0.00603485107421877 0.0928573608398438
0.363677978515625 -0.181793212890625 0.0537033081054688 0.0155487060546875
0.25640869140625 -0.3050537109375 0.0232048034667969 -0.0275115966796875
0.24609375 -0.28289794921875 -0.0207939147949219 -0.016387939453125
0.21881103515625 -0.348785400390625 -0.0148639678955078 -0.032613754272461
0.26275634765625 -0.275726318359375 -0.0480690002441406 -0.0133705139160157
0.37664794921875 -0.16998291015625 -0.0775985717773437 0.0313262939453125
0.424957275390625 -0.02252197265625 -0.123786926269531 -0.0225296020507813
0.37677001953125 0.2998046875 -0.150787353515625 -0.114883422851562
0.28778076171875 0.429046630859375 -0.109405517578125 -0.206039428710938
0.1019287109375 0.490936279296875 -0.041717529296875 -0.290283203125
0.0670166015625 0.503875732421875 -0.1680908203125 0.178253173828125
0.1278076171875 0.464996337890625 -0.0788497924804687 0.0908660888671875
0.276947021484375 0.4376220703125 -0.0905532836914062 0.0569076538085938
0.38897705078125 0.227020263671875 -0.0965423583984375 0.0654144287109375
0.4019775390625 0.072845458984375 -0.0765304565429687 0.109672546386719
0.35162353515625 -0.166015625 -0.0486907958984375 0.0833282470703125
0.249420166015625 -0.28228759765625 -0.059234619140625 0.09375
0.236724853515625 -0.267044067382813 -0.0775985717773437 0.106925964355469
0.214691162109375 -0.332275390625 -0.0636520385742187 0.0915603637695312
0.252914428710938 -0.264694213867187 -0.102249145507812 0.0887985229492188
0.363372802734375 -0.163970947265625 -0.111129760742187 0.10394287109375
0.40673828125 -0.03179931640625 -0.139625549316406 0.0318222045898438
0.375762939453125 0.269622802734375 -0.135940551757812 -0.0591888427734375
0.30419921875 0.395263671875 -0.0463104248046875 -0.104217529296875
0.1400146484375 0.477935791015625 -0.01324462890625 -0.109756469726562
0.12530517578125 0.40179443359375 -0.145660400390625 0.341766357421875
0.161102294921875 0.353424072265625 -0.0516815185546875 0.1978759765625
0.251983642578125 0.301727294921875 -0.0846710205078125 0.0910568237304688
0.306304931640625 0.14306640625 -0.123832702636719 0.0896377563476563
0.3067626953125 0.043182373046875 -0.1337890625 0.120307922363281
0.273727416992187 -0.1357421875 -0.1337890625 0.142791748046875
0.198226928710938 -0.219833374023437 -0.127410888671875 0.20361328125
0.189849853515625 -0.208969116210938 -0.122024536132812 0.216278076171875
0.179489135742188 -0.2576904296875 -0.108596801757813 0.201568603515625
0.20892333984375 -0.195556640625 -0.148727416992187 0.171096801757813
0.29034423828125 -0.1082763671875 -0.138671875 0.149871826171875
0.310546875 -0.009796142578125 -0.143234252929687 0.06756591796875
0.2830810546875 0.210540771484375 -0.104171752929687 -0.0151824951171875
0.24871826171875 0.301361083984375 0.0240020751953125 -0.00553894042968748
0.1466064453125 0.384765625 0.0275726318359375 0.0664634704589844
0.158096313476562 0.23486328125 -0.09942626953125 0.473114013671875
0.164749145507813 0.191909790039063 -0.011260986328125 0.2886962890625
0.181076049804688 0.127365112304688 -0.0593719482421875 0.127555847167969
0.17755126953125 0.0445404052734375 -0.116645812988281 0.116966247558594
0.167816162109375 0.006805419921875 -0.1507568359375 0.124465942382813
0.153274536132813 -0.0871734619140625 -0.1802978515625 0.187149047851563
0.114776611328125 -0.125465393066406 -0.16534423828125 0.283447265625
0.113525390625 -0.119697570800781 -0.147308349609375 0.292816162109375
0.119232177734375 -0.1424560546875 -0.145462036132812 0.276214599609375
0.135398864746094 -0.0932769775390625 -0.187835693359375 0.21380615234375
0.172286987304688 -0.0299835205078125 -0.161346435546875 0.153823852539063
0.1602783203125 0.019500732421875 -0.138786315917969 0.0734939575195313
0.140625 0.116867065429688 -0.070404052734375 0.011322021484375
0.15350341796875 0.154693603515625 0.0770187377929688 0.0754623413085938
0.130279541015625 0.228515625 0.063568115234375 0.209259033203125
0.151565551757813 0.035858154296875 -0.0404663085937499 0.55322265625
0.125091552734375 0.02056884765625 0.039947509765625 0.35235595703125
0.0753097534179688 -0.0350265502929688 -0.0123748779296875 0.157394409179688
0.0302257537841797 -0.0330352783203125 -0.0751953125 0.135765075683594
0.0174407958984375 -0.0148019790649414 -0.132095336914063 0.11865234375
0.0216808319091797 -0.0201797485351563 -0.184814453125 0.209915161132813
0.0179653167724609 -0.0096282958984375 -0.167877197265625 0.323516845703125
0.0200691223144531 -0.0113067626953125 -0.15093994140625 0.325225830078125
0.0376319885253906 -0.0102386474609375 -0.170806884765625 0.30389404296875
0.0362701416015625 0.0110740661621094 -0.212844848632812 0.2117919921875
0.0271568298339844 0.0325450897216797 -0.174026489257813 0.12078857421875
-0.00748252868652344 0.0204677581787109 -0.128257751464844 0.0531539916992187
-0.00084686279296875 -0.0151395797729492 -0.0394477844238281 0.0208930969238281
0.059295654296875 -0.0233306884765625 0.103218078613281 0.128067016601562
0.107048034667969 0.0329971313476563 0.0904541015625 0.2938232421875
-0.097503662109375 0.18878173828125 -0.16253662109375 -0.3052978515625
0.0145263671875 0.18463134765625 -0.140914916992187 -0.173171997070313
0.124771118164063 0.150848388671875 -0.0100069046020508 0.0015707015991211
0.160476684570313 0.03271484375 0.100700378417969 -0.0154190063476562
0.138435363769531 -0.0515975952148437 0.1837158203125 -0.0459442138671875
0.0648193359375 -0.111053466796875 0.210693359375 -0.19390869140625
0.0320587158203125 -0.127220153808594 0.1551513671875 -0.319610595703125
0.0560379028320312 -0.100662231445313 0.11767578125 -0.31182861328125
0.0490875244140625 -0.108024597167969 0.12518310546875 -0.30462646484375
0.07989501953125 -0.0749435424804688 0.137924194335938 -0.22296142578125
0.11358642578125 -0.032623291015625 0.0713119506835938 -0.134201049804688
0.125198364257813 0.045135498046875 0.00980377197265626 -0.136299133300781
0.05712890625 0.143692016601562 -0.0446319580078125 -0.212203979492188
-0.00679016113281249 0.165481567382812 -0.1134033203125 -0.359344482421875
-0.0863113403320313 0.119941711425781 -0.00433349609375001 -0.60150146484375
-0.05377197265625 0.361297607421875 -0.164642333984375 -0.253524780273438
0.0545654296875 0.33233642578125 -0.131790161132813 -0.159423828125
0.209625244140625 0.2996826171875 -0.0374069213867187 0.00754928588867189
0.285369873046875 0.11090087890625 0.0628471374511719 0.0132789611816406
0.275238037109375 -0.025665283203125 0.155670166015625 0.010223388671875
0.186691284179688 -0.1739501953125 0.196029663085938 -0.13848876953125
0.117843627929687 -0.233535766601563 0.136962890625 -0.253952026367187
0.136367797851563 -0.203689575195313 0.0827178955078125 -0.244155883789063
0.121780395507813 -0.231033325195312 0.0826568603515625 -0.249221801757813
0.166336059570313 -0.16912841796875 0.0785064697265625 -0.181808471679687
0.234527587890625 -0.0912933349609375 0.019439697265625 -0.09564208984375
0.260894775390625 0.0262298583984375 -0.0465469360351562 -0.111618041992187
0.196075439453125 0.230712890625 -0.105072021484375 -0.197219848632812
0.118438720703125 0.300506591796875 -0.154815673828125 -0.34100341796875
-0.012664794921875 0.299346923828125 -0.052886962890625 -0.55224609375
-0.00765991210937498 0.48626708984375 -0.164749145507813 -0.141921997070313
0.0846252441406249 0.445220947265625 -0.114997863769531 -0.105171203613281
0.267913818359375 0.422332763671875 -0.0591926574707031 0.0180931091308594
0.377655029296875 0.18756103515625 0.0163669586181641 0.0343093872070313
0.382232666015625 0.015045166015625 0.0996170043945313 0.0556640625
0.290863037109375 -0.203582763671875 0.143630981445313 -0.0697021484375
0.189239501953125 -0.301910400390625 0.0921630859375 -0.154464721679688
0.19659423828125 -0.274978637695313 0.034881591796875 -0.140335083007813
0.169830322265625 -0.32427978515625 0.0332794189453125 -0.15399169921875
0.220962524414063 -0.25213623046875 0.0146713256835938 -0.108085632324219
0.322967529296875 -0.1573486328125 -0.0301589965820312 -0.0358467102050781
0.371307373046875 -0.015838623046875 -0.09228515625 -0.0668182373046875
0.326751708984375 0.272308349609375 -0.146621704101562 -0.155746459960937
0.242767333984375 0.383758544921875 -0.161773681640625 -0.283203125
0.071502685546875 0.43115234375 -0.073699951171875 -0.440216064453125
0.044677734375 0.540069580078125 -0.160995483398438 0.01422119140625
0.121246337890625 0.496612548828125 -0.0935897827148437 -0.01507568359375
0.306488037109375 0.4735107421875 -0.0727920532226562 0.036651611328125
0.426239013671875 0.2247314453125 -0.0354080200195312 0.0512771606445313
0.436859130859375 0.044281005859375 0.0207443237304688 0.0889205932617187
0.349365234375 -0.209228515625 0.058441162109375 0.00542449951171874
0.231048583984375 -0.326019287109375 0.0255165100097656 -0.0320968627929688
0.22613525390625 -0.3050537109375 -0.0167961120605469 -0.0148153305053711
0.191650390625 -0.36810302734375 -0.0126972198486328 -0.033111572265625
0.24298095703125 -0.297821044921875 -0.0424652099609375 -0.00836944580078127
0.36602783203125 -0.200653076171875 -0.0683670043945312 0.0405426025390625
0.428009033203125 -0.05450439453125 -0.120521545410156 -0.00913238525390626
0.40716552734375 0.27325439453125 -0.155960083007812 -0.100494384765625
0.32550048828125 0.41168212890625 -0.122634887695312 -0.196548461914063
0.14044189453125 0.494781494140625 -0.05804443359375 -0.281951904296875
0.101715087890625 0.50982666015625 -0.146743774414063 0.18865966796875
0.158447265625 0.462982177734375 -0.0654144287109375 0.0949478149414063
0.31524658203125 0.426361083984375 -0.07757568359375 0.0653839111328125
0.40753173828125 0.20159912109375 -0.0830078125 0.0709457397460938
0.415191650390625 0.04547119140625 -0.0612869262695312 0.112327575683594
0.34381103515625 -0.192718505859375 -0.0403518676757812 0.0815505981445312
0.23016357421875 -0.30291748046875 -0.048126220703125 0.0969772338867187
0.22039794921875 -0.287567138671875 -0.0648651123046875 0.114494323730469
0.189697265625 -0.350189208984375 -0.0528335571289062 0.0963592529296875
0.235107421875 -0.283721923828125 -0.0901641845703125 0.0976333618164062
0.3541259765625 -0.19189453125 -0.09686279296875 0.114334106445312
0.40966796875 -0.060546875 -0.131271362304687 0.0464401245117188
0.40167236328125 0.246429443359375 -0.1361083984375 -0.045562744140625
0.335845947265625 0.377410888671875 -0.0497055053710938 -0.098175048828125
0.1741943359375 0.478118896484375 -0.0138702392578125 -0.101028442382812
0.14794921875 0.399444580078125 -0.111785888671875 0.3546142578125
0.1837158203125 0.350555419921875 -0.0289764404296875 0.204574584960938
0.2774658203125 0.29376220703125 -0.0690078735351562 0.100074768066406
0.319793701171875 0.12591552734375 -0.108528137207031 0.0972137451171875
0.318023681640625 0.024078369140625 -0.120536804199219 0.127365112304688
0.269683837890625 -0.155303955078125 -0.123397827148438 0.14935302734375
0.185684204101562 -0.237197875976562 -0.109054565429687 0.213180541992188
0.179855346679688 -0.226150512695313 -0.101806640625 0.227630615234375
0.164337158203125 -0.273605346679688 -0.0892333984375 0.211166381835937
0.198760986328125 -0.211273193359375 -0.1317138671875 0.183837890625
0.287506103515625 -0.129058837890625 -0.122360229492187 0.161056518554688
0.314239501953125 -0.02886962890625 -0.132072448730469 0.081390380859375
0.30194091796875 0.1962890625 -0.100257873535156 -0.00270843505859375
0.270233154296875 0.2869873046875 0.0290794372558594 -0.00329780578613279
0.17095947265625 0.384033203125 0.0395660400390625 0.073974609375
0.166122436523438 0.22857666015625 -0.056427001953125 0.485992431640625
0.17303466796875 0.185806274414063 0.018524169921875 0.29486083984375
0.18927001953125 0.122970581054687 -0.0413360595703125 0.135047912597656
0.181930541992188 0.0382843017578125 -0.0999526977539063 0.123527526855469
0.174163818359375 -0.0017547607421875 -0.14031982421875 0.132820129394531
0.154159545898438 -0.0965423583984375 -0.169036865234375 0.19793701171875
0.111412048339844 -0.136306762695313 -0.14312744140625 0.298736572265625
0.111679077148437 -0.129531860351563 -0.123321533203125 0.307159423828125
0.114791870117188 -0.153579711914063 -0.123016357421875 0.29022216796875
0.134452819824219 -0.103530883789063 -0.169998168945313 0.229766845703125
0.176803588867188 -0.0407257080078125 -0.14678955078125 0.166732788085938
0.166122436523438 0.013031005859375 -0.128929138183594 0.0865097045898437
0.1490478515625 0.115188598632813 -0.0648612976074219 0.0217208862304687
0.160980224609375 0.150222778320313 0.0874557495117188 0.0745010375976563
0.140792846679688 0.2274169921875 0.08526611328125 0.214523315429688
0.145004272460938 0.025665283203125 0.00527954101562504 0.561981201171875
0.120635986328125 0.013427734375 0.0740051269531251 0.355133056640625
0.0676460266113281 -0.0355491638183594 0.00660705566406249 0.160018920898438
0.0264911651611328 -0.0286483764648437 -0.0592575073242188 0.138542175292969
0.0185737609863281 -0.0110359191894531 -0.125030517578125 0.12518310546875
0.0269241333007813 -0.0188388824462891 -0.172988891601563 0.222366333007813
0.0249385833740234 -0.0118350982666016 -0.144439697265625 0.3397216796875
0.0263595581054688 -0.0134201049804688 -0.126190185546875 0.3397216796875
0.0446891784667969 -0.0148277282714844 -0.14801025390625 0.3201904296875
0.0447425842285156 0.0079193115234375 -0.197677612304687 0.229598999023438
0.037322998046875 0.0334091186523437 -0.163955688476563 0.133804321289063
-0.0012969970703125 0.0273818969726563 -0.121551513671875 0.0653839111328125
-0.00416135787963867 -0.00563383102416992 -0.0351390838623047 0.02972412109375
0.0516166687011719 -0.0197334289550781 0.116081237792969 0.126777648925781
0.101646423339844 0.0308151245117188 0.11572265625 0.29803466796875
-0.07220458984375 0.190231323242188 -0.18280029296875 -0.29248046875
0.02813720703125 0.172210693359375 -0.154876708984375 -0.162918090820313
0.131492614746094 0.130859375 -0.00927352905273436 -0.00135612487792968
0.1536865234375 0.0154876708984375 0.0938873291015625 -0.024566650390625
0.124404907226562 -0.0630264282226562 0.175338745117188 -0.0595855712890625
0.0465621948242188 -0.110137939453125 0.190322875976563 -0.204742431640625
0.0154953002929688 -0.121414184570313 0.12689208984375 -0.324920654296875
0.0423355102539062 -0.100639343261719 0.092071533203125 -0.314300537109375
0.03363037109375 -0.107421875 0.10064697265625 -0.30938720703125
0.06787109375 -0.080596923828125 0.12249755859375 -0.227432250976563
0.105514526367188 -0.044830322265625 0.0631790161132813 -0.133064270019531
0.12811279296875 0.0294723510742187 -0.0013580322265625 -0.131065368652344
0.074249267578125 0.132125854492188 -0.0645294189453125 -0.202285766601562
0.01483154296875 0.15850830078125 -0.14410400390625 -0.3426513671875
-0.067352294921875 0.125335693359375 -0.0529174804687501 -0.58624267578125
-0.0172119140625 0.356964111328125 -0.178329467773438 -0.243118286132812
0.07708740234375 0.315338134765625 -0.142425537109375 -0.152435302734375
0.226806640625 0.271759033203125 -0.0331707000732422 0.00651741027832032
0.28228759765625 0.08282470703125 0.0628623962402344 0.00477981567382813
0.261611938476562 -0.0481414794921875 0.154998779296875 -0.0050201416015625
0.161712646484375 -0.18011474609375 0.18096923828125 -0.151657104492188
0.0904998779296875 -0.232696533203125 0.115814208984375 -0.261077880859375
0.113845825195313 -0.208831787109375 0.064697265625 -0.246353149414063
0.0947418212890625 -0.233779907226563 0.06475830078125 -0.251663208007813
0.14532470703125 -0.178665161132813 0.068756103515625 -0.1832275390625
0.219940185546875 -0.110458374023438 0.01690673828125 -0.091156005859375
0.259552001953125 0.0027313232421875 -0.0515594482421875 -0.102104187011719
0.21649169921875 0.20819091796875 -0.119064331054688 -0.182693481445313
0.146530151367188 0.280899047851563 -0.17999267578125 -0.320587158203125
0.017730712890625 0.297393798828125 -0.0933837890625 -0.53173828125
0.034210205078125 0.477813720703125 -0.167160034179688 -0.134292602539062
0.11529541015625 0.427215576171875 -0.119438171386719 -0.100265502929687
0.294036865234375 0.388519287109375 -0.0507583618164062 0.0194015502929688
0.3795166015625 0.151702880859375 0.0218868255615235 0.0286293029785156
0.3724365234375 -0.016387939453125 0.105690002441406 0.0426559448242188
0.262527465820312 -0.21771240234375 0.135551452636719 -0.08319091796875
0.157135009765625 -0.30584716796875 0.079803466796875 -0.1614990234375
0.1688232421875 -0.283355712890625 0.0277328491210938 -0.140312194824219
0.13580322265625 -0.328643798828125 0.024658203125 -0.154464721679688
0.193466186523437 -0.26300048828125 0.012664794921875 -0.106239318847656
0.30157470703125 -0.18084716796875 -0.0259075164794922 -0.0292034149169922
0.363311767578125 -0.046295166015625 -0.0908966064453125 -0.0550384521484375
0.3463134765625 0.239990234375 -0.15301513671875 -0.138565063476562
0.27142333984375 0.35382080078125 -0.179046630859375 -0.261947631835938
0.10772705078125 0.421295166015625 -0.10162353515625 -0.418701171875
0.085845947265625 0.5281982421875 -0.148956298828125 0.0186309814453125
0.153350830078125 0.47796630859375 -0.0892105102539062 -0.0130233764648437
0.338958740234375 0.43853759765625 -0.0605926513671875 0.040008544921875
0.4322509765625 0.186248779296875 -0.0246658325195312 0.0483016967773438
0.43157958984375 0.0074462890625 0.0327606201171875 0.080169677734375
0.32330322265625 -0.229248046875 0.0584869384765625 -0.00465774536132814
0.197662353515625 -0.336212158203125 0.0248031616210938 -0.0362625122070313
0.197174072265625 -0.315460205078125 -0.011758804321289 -0.0133752822875977
0.155548095703125 -0.37359619140625 -0.0105457305908203 -0.0326175689697266
0.212066650390625 -0.30810546875 -0.03619384765625 -0.00438308715820315
0.34149169921875 -0.225189208984375 -0.0567970275878906 0.0466232299804687
0.41583251953125 -0.087188720703125 -0.112327575683594 0.00266265869140627
0.423004150390625 0.236907958984375 -0.155517578125 -0.0838470458984375
0.35089111328125 0.373504638671875 -0.13201904296875 -0.18060302734375
0.177398681640625 0.47943115234375 -0.071502685546875 -0.26507568359375
0.134368896484375 0.497650146484375 -0.120590209960937 0.190444946289063
0.1878662109375 0.446075439453125 -0.0515213012695312 0.0943374633789063
0.343017578125 0.398284912109375 -0.0612373352050781 0.06903076171875
0.4149169921875 0.167633056640625 -0.06768798828125 0.0710601806640625
0.413665771484375 0.011627197265625 -0.0454864501953125 0.1087646484375
0.32098388671875 -0.2120361328125 -0.032318115234375 0.0778656005859375
0.2005615234375 -0.314300537109375 -0.0371322631835937 0.0960159301757812
0.1953125 -0.299407958984375 -0.049041748046875 0.116714477539062
0.15704345703125 -0.3572998046875 -0.0401992797851562 0.0971450805664062
0.2083740234375 -0.2933349609375 -0.0749969482421875 0.1024169921875
0.33172607421875 -0.21429443359375 -0.0800247192382812 0.119758605957031
0.395904541015625 -0.090240478515625 -0.117927551269531 0.05712890625
0.413055419921875 0.211029052734375 -0.130561828613281 -0.0314712524414062
0.355255126953125 0.3409423828125 -0.0520782470703125 -0.0901870727539062
0.206756591796875 0.460601806640625 -0.013519287109375 -0.0912704467773437
0.169281005859375 0.3868408203125 -0.07452392578125 0.352264404296875
0.201873779296875 0.33392333984375 -0.00549316406249999 0.201156616210938
0.295562744140625 0.27362060546875 -0.0499801635742187 0.103569030761719
0.323974609375 0.103118896484375 -0.0903854370117188 0.0986099243164063
0.31805419921875 0.000457763671875 -0.103759765625 0.129173278808594
0.255111694335937 -0.171585083007812 -0.109771728515625 0.151077270507812
0.16510009765625 -0.247817993164063 -0.0880126953125 0.21551513671875
0.161865234375 -0.237045288085937 -0.0777587890625 0.231124877929687
0.140060424804688 -0.280929565429688 -0.06707763671875 0.211639404296875
0.18011474609375 -0.22088623046875 -0.110397338867187 0.189559936523437
0.273025512695313 -0.1474609375 -0.101303100585938 0.1658935546875
0.30706787109375 -0.0491943359375 -0.115814208984375 0.090576171875
0.310272216796875 0.17291259765625 -0.0925216674804688 0.00678253173828128
0.28485107421875 0.26202392578125 0.0330371856689453 -0.00355148315429686
0.1937255859375 0.3695068359375 0.0518112182617188 0.0754318237304688
0.172409057617188 0.2154541015625 -0.011077880859375 0.477447509765625
0.178176879882812 0.1737060546875 0.048492431640625 0.287261962890625
0.193878173828125 0.112762451171875 -0.0212249755859375 0.1356201171875
0.18212890625 0.028778076171875 -0.0807037353515625 0.123954772949219
0.17449951171875 -0.01153564453125 -0.125938415527344 0.136177062988281
0.148162841796875 -0.104904174804688 -0.15203857421875 0.20428466796875
0.1024169921875 -0.1436767578125 -0.11505126953125 0.302154541015625
0.104156494140625 -0.13751220703125 -0.0936279296875 0.310302734375
0.104949951171875 -0.161026000976563 -0.0943603515625 0.292083740234375
0.127449035644531 -0.1112060546875 -0.145843505859375 0.237457275390625
0.174270629882813 -0.0519256591796875 -0.126373291015625 0.172714233398438
0.166976928710938 0.0042877197265625 -0.114028930664062 0.095703125
0.154525756835938 0.106903076171875 -0.056243896484375 0.0286064147949219
0.16436767578125 0.139846801757813 0.0961151123046875 0.0684814453125
0.1494140625 0.2178955078125 0.10589599609375 0.209182739257813
0.135475158691406 0.016387939453125 0.05267333984375 0.548248291015625
0.113395690917969 0.0067596435546875 0.10687255859375 0.342498779296875
0.0601005554199219 -0.0338973999023437 0.025238037109375 0.155548095703125
0.0241203308105469 -0.0248813629150391 -0.0425643920898437 0.135337829589844
0.0199775695800781 -0.00788497924804688 -0.114173889160156 0.127479553222656
0.0307102203369141 -0.0189495086669922 -0.154983520507813 0.228988647460937
0.0295181274414063 -0.0154705047607422 -0.11468505859375 0.34375
0.0302619934082031 -0.0167770385742187 -0.095489501953125 0.3426513671875
0.0484771728515625 -0.0207405090332031 -0.11767578125 0.3243408203125
0.0502471923828125 0.0031890869140625 -0.174346923828125 0.239791870117188
0.0451889038085938 0.0303916931152344 -0.148193359375 0.14276123046875
0.00574493408203125 0.0312690734863281 -0.110275268554687 0.074859619140625
-0.00423049926757812 0.00353837013244629 -0.0279636383056641 0.0351314544677734
0.0449256896972656 -0.0147476196289062 0.126762390136719 0.118705749511719
0.09478759765625 0.0285720825195313 0.1396484375 0.28948974609375
-0.05242919921875 0.182601928710937 -0.191192626953125 -0.277297973632813
0.034637451171875 0.157958984375 -0.160568237304687 -0.15118408203125
0.129913330078125 0.112602233886719 -0.00915908813476561 -0.00349330902099609
0.142486572265625 0.0036773681640625 0.0862808227539063 -0.029541015625
0.11029052734375 -0.068206787109375 0.164535522460938 -0.066497802734375
0.0323257446289062 -0.102912902832031 0.171676635742188 -0.205734252929688
0.00372314453124999 -0.111679077148437 0.10369873046875 -0.31842041015625
0.0320892333984375 -0.0965347290039063 0.072998046875 -0.3079833984375
0.0219879150390625 -0.102630615234375 0.081146240234375 -0.303985595703125
0.0568771362304688 -0.08087158203125 0.109832763671875 -0.224868774414063
0.095458984375 -0.0512466430664063 0.0572509765625 -0.1282958984375
0.125228881835937 0.0168533325195313 -0.008209228515625 -0.123176574707031
0.0824356079101563 0.118537902832031 -0.07562255859375 -0.1885986328125
0.028656005859375 0.146713256835938 -0.159515380859375 -0.31890869140625
-0.0513992309570313 0.124320983886719 -0.08184814453125 -0.556671142578125
0.00799560546875002 0.34234619140625 -0.182220458984375 -0.231475830078125
0.08941650390625 0.293670654296875 -0.146636962890625 -0.142593383789062
0.229965209960938 0.24359130859375 -0.0293083190917969 0.00475311279296876
0.268783569335938 0.061737060546875 0.0595550537109375 -0.00109100341796875
0.243865966796875 -0.060882568359375 0.149627685546875 -0.0152740478515625
0.139190673828125 -0.176834106445313 0.165771484375 -0.156265258789063
0.070068359375 -0.222808837890625 0.09716796875 -0.2579345703125
0.095672607421875 -0.204376220703125 0.05157470703125 -0.240768432617188
0.073822021484375 -0.227066040039063 0.0514678955078125 -0.245742797851563
0.126129150390625 -0.178497314453125 0.061859130859375 -0.17901611328125
0.201950073242188 -0.120010375976563 0.016693115234375 -0.0858154296875
0.25115966796875 -0.01470947265625 -0.0524368286132812 -0.0926055908203125
0.223358154296875 0.185379028320313 -0.12445068359375 -0.16650390625
0.15948486328125 0.257431030273437 -0.189910888671875 -0.296600341796875
0.03875732421875 0.286651611328125 -0.115264892578125 -0.5008544921875
0.0623779296875 0.458831787109375 -0.163665771484375 -0.127883911132812
0.13128662109375 0.401641845703125 -0.120002746582031 -0.0950317382812499
0.30364990234375 0.354644775390625 -0.0425682067871093 0.0182456970214844
0.36767578125 0.123809814453125 0.0243492126464844 0.0221958160400391
0.35406494140625 -0.03631591796875 0.106422424316406 0.0305862426757812
0.235214233398438 -0.219390869140625 0.125556945800781 -0.09002685546875
0.129608154296875 -0.29803466796875 0.069183349609375 -0.161239624023438
0.145034790039063 -0.280059814453125 0.0236358642578125 -0.137260437011719
0.108367919921875 -0.320159912109375 0.018798828125 -0.151199340820313
0.168960571289062 -0.261093139648438 0.0119247436523438 -0.10198974609375
0.27667236328125 -0.190628051757812 -0.0200309753417969 -0.0254611968994141
0.347503662109375 -0.0657958984375 -0.0859527587890625 -0.0464553833007812
0.34906005859375 0.209991455078125 -0.152481079101562 -0.123214721679688
0.281219482421875 0.32025146484375 -0.184921264648438 -0.240249633789062
0.130462646484375 0.402374267578125 -0.11480712890625 -0.392974853515625
0.113006591796875 0.506622314453125 -0.136917114257813 0.0188217163085938
0.17132568359375 0.4520263671875 -0.0835189819335937 -0.0128250122070312
0.35009765625 0.40338134765625 -0.0486602783203125 0.0386619567871094
0.422027587890625 0.155487060546875 -0.0164985656738281 0.0427322387695313
0.415618896484375 -0.017242431640625 0.0395622253417969 0.0697517395019531
0.295654296875 -0.234832763671875 0.0550270080566406 -0.0114326477050781
0.16815185546875 -0.330169677734375 0.0231361389160156 -0.0392189025878907
0.172271728515625 -0.313385009765625 -0.0076923370361328 -0.0131587982177735
0.126556396484375 -0.365631103515625 -0.00835037231445312 -0.0327949523925781
0.1861572265625 -0.3056640625 -0.0297470092773437 -0.00223541259765627
0.31365966796875 -0.23388671875 -0.0457344055175781 0.0488471984863281
0.39453125 -0.106689453125 -0.102310180664062 0.00955963134765626
0.421142578125 0.2039794921875 -0.150100708007812 -0.0706939697265625
0.3572998046875 0.337615966796875 -0.133255004882813 -0.164901733398437
0.19830322265625 0.4552001953125 -0.076324462890625 -0.246505737304687
0.154998779296875 0.4761962890625 -0.0999603271484375 0.183609008789063
0.201751708984375 0.420806884765625 -0.0399169921875 0.0892181396484375
0.355316162109375 0.36767578125 -0.0460472106933593 0.0672950744628907
0.407684326171875 0.140899658203125 -0.0550918579101562 0.0662765502929688
0.40032958984375 -0.010345458984375 -0.034088134765625 0.101966857910156
0.298004150390625 -0.21978759765625 -0.0283432006835937 0.071990966796875
0.175079345703125 -0.310882568359375 -0.0289688110351563 0.0914764404296875
0.172576904296875 -0.297882080078125 -0.03594970703125 0.114463806152344
0.130615234375 -0.350494384765625 -0.0298919677734375 0.092987060546875
0.18414306640625 -0.290435791015625 -0.0621566772460938 0.102020263671875
0.305816650390625 -0.22247314453125 -0.0640335083007812 0.118743896484375
0.3765869140625 -0.10638427734375 -0.103996276855469 0.0608444213867188
0.407684326171875 0.18377685546875 -0.122299194335937 -0.022735595703125
0.358367919921875 0.307647705078125 -0.0511093139648437 -0.08251953125
0.222808837890625 0.436492919921875 -0.0110549926757812 -0.0829696655273437
0.17913818359375 0.36859130859375 -0.04718017578125 0.33770751953125
0.20867919921875 0.314056396484375 0.0110015869140625 0.19085693359375
0.300872802734375 0.252777099609375 -0.0326461791992187 0.100173950195313
0.317962646484375 0.085601806640625 -0.0751571655273437 0.0940322875976563
0.309295654296875 -0.015350341796875 -0.0905838012695312 0.12432861328125
0.238601684570313 -0.177520751953125 -0.0991973876953125 0.1473388671875
0.145782470703125 -0.24700927734375 -0.0715179443359375 0.210006713867187
0.14593505859375 -0.237014770507812 -0.057952880859375 0.225128173828125
0.121139526367188 -0.2781982421875 -0.0504608154296875 0.205398559570312
0.162841796875 -0.219680786132813 -0.0925445556640625 0.187271118164063
0.25592041015625 -0.15509033203125 -0.083526611328125 0.163742065429688
0.293487548828125 -0.061187744140625 -0.100677490234375 0.0926895141601563
0.30731201171875 0.15301513671875 -0.0833892822265625 0.01171875
0.28253173828125 0.238250732421875 0.0352859497070313 -0.00478363037109374
0.203582763671875 0.350433349609375 0.06005859375 0.0735092163085938
0.17120361328125 0.202926635742188 0.01678466796875 0.456085205078125
0.176605224609375 0.16278076171875 0.067352294921875 0.271713256835937
0.192657470703125 0.104110717773438 -0.00495147705078124 0.12939453125
0.178451538085937 0.02252197265625 -0.06591796875 0.118194580078125
0.170913696289062 -0.01800537109375 -0.113578796386719 0.132911682128906
0.141220092773438 -0.107711791992187 -0.137847900390625 0.20166015625
0.093231201171875 -0.1451416015625 -0.093719482421875 0.296112060546875
0.0966262817382813 -0.139518737792969 -0.070037841796875 0.302032470703125
0.094696044921875 -0.1614990234375 -0.072601318359375 0.2838134765625
0.119468688964844 -0.113861083984375 -0.124496459960937 0.235107421875
0.167755126953125 -0.0588836669921875 -0.10858154296875 0.171218872070312
0.163711547851563 -0.002166748046875 -0.0992050170898437 0.0975189208984375
0.1551513671875 0.100601196289063 -0.0482444763183594 0.0310554504394531
0.16241455078125 0.130279541015625 0.0994110107421875 0.0615692138671875
0.151138305664063 0.207809448242187 0.117904663085938 0.199813842773438
0.123336791992188 0.0118179321289063 0.0821533203125001 0.521514892578125
0.105354309082031 0.003936767578125 0.1263427734375 0.32244873046875
0.0541572570800781 -0.0301170349121094 0.0391845703125 0.14599609375
0.0224113464355469 -0.0203113555908203 -0.02996826171875 0.127052307128906
0.0212974548339844 -0.00516700744628906 -0.105133056640625 0.125114440917969
0.0330371856689453 -0.0195980072021484 -0.139862060546875 0.22686767578125
0.0317192077636719 -0.0190410614013672 -0.09161376953125 0.3358154296875
0.0330886840820313 -0.0202445983886719 -0.071563720703125 0.33380126953125
0.0500526428222656 -0.0256729125976563 -0.093841552734375 0.317535400390625
0.0525016784667969 -0.0018157958984375 -0.154052734375 0.239028930664063
0.0506477355957031 0.0261726379394531 -0.13287353515625 0.143829345703125
0.0121746063232422 0.0322628021240234 -0.097747802734375 0.0782852172851562
-0.00181293487548828 0.0107526779174805 -0.0213241577148438 0.0369529724121094
0.0399398803710937 -0.00918960571289062 0.131324768066406 0.108795166015625
0.0873565673828125 0.0284423828125 0.15252685546875 0.274993896484375
-0.039947509765625 0.173294067382812 -0.19195556640625 -0.267440795898438
0.036102294921875 0.14715576171875 -0.161651611328125 -0.14349365234375
0.124977111816406 0.101226806640625 -0.00967025756835937 -0.0060586929321289
0.131759643554688 -0.00180816650390625 0.079437255859375 -0.0309906005859375
0.0988845825195313 -0.06878662109375 0.156036376953125 -0.0687408447265625
0.0235824584960937 -0.0949859619140625 0.1600341796875 -0.200729370117188
-0.001800537109375 -0.102310180664063 0.09124755859375 -0.3089599609375
0.0258026123046875 -0.091888427734375 0.06298828125 -0.2994384765625
0.0146865844726562 -0.0970382690429688 0.071441650390625 -0.295745849609375
0.0494232177734375 -0.078765869140625 0.103836059570313 -0.219863891601563
0.0877761840820313 -0.0534515380859375 0.0560379028320313 -0.123161315917969
0.121681213378906 0.00921630859375 -0.010498046875 -0.116256713867188
0.0858230590820313 0.107734680175781 -0.080780029296875 -0.177154541015625
0.0359268188476563 0.13519287109375 -0.164154052734375 -0.30084228515625
-0.0406112670898437 0.120758056640625 -0.09490966796875 -0.53076171875
0.021453857421875 0.327239990234375 -0.1807861328125 -0.224349975585937
0.09197998046875 0.27752685546875 -0.146987915039063 -0.13702392578125
0.226043701171875 0.225128173828125 -0.0261211395263672 0.00220489501953127
0.25482177734375 0.0513153076171875 0.0562896728515625 -0.00475692749023437
0.229263305664063 -0.0660858154296875 0.144622802734375 -0.02081298828125
0.124725341796875 -0.169036865234375 0.15521240234375 -0.15496826171875
0.0576171875 -0.211212158203125 0.08660888671875 -0.252517700195313
0.084747314453125 -0.197555541992188 0.0457305908203125 -0.234481811523437
0.061309814453125 -0.21771240234375 0.0455169677734375 -0.239913940429688
0.113784790039063 -0.1734619140625 0.0594024658203125 -0.174240112304687
0.188644409179688 -0.1220703125 0.0185012817382813 -0.082061767578125
0.242279052734375 -0.0230865478515625 -0.05078125 -0.0865554809570313
0.223312377929687 0.16925048828125 -0.124771118164062 -0.155792236328125
0.163253784179688 0.238494873046875 -0.191375732421875 -0.278030395507813
0.0498046875 0.276016235351562 -0.121063232421875 -0.4774169921875
0.075103759765625 0.440338134765625 -0.157913208007813 -0.126327514648437
0.13580322265625 0.380615234375 -0.118331909179687 -0.0926284790039062
0.301727294921875 0.33050537109375 -0.0361747741699218 0.0152664184570313
0.353179931640625 0.1082763671875 0.0253353118896485 0.0166339874267578
0.33770751953125 -0.044921875 0.104927062988281 0.022796630859375
0.21722412109375 -0.213470458984375 0.118064880371094 -0.0920944213867188
0.11376953125 -0.28570556640625 0.0627899169921875 -0.1591796875
0.130569458007812 -0.2724609375 0.0222702026367188 -0.134239196777344
0.092437744140625 -0.309051513671875 0.0171356201171875 -0.148117065429688
0.15301513671875 -0.2537841796875 0.0138702392578125 -0.0983352661132813
0.25982666015625 -0.191650390625 -0.0140819549560547 -0.0223522186279297
0.33447265625 -0.07403564453125 -0.0801773071289062 -0.0416412353515625
0.34429931640625 0.190643310546875 -0.148483276367188 -0.113693237304687
0.280792236328125 0.2969970703125 -0.183120727539063 -0.22491455078125
0.1396484375 0.387115478515625 -0.116058349609375 -0.37237548828125
0.123382568359375 0.48773193359375 -0.127700805664063 0.0143051147460938
0.174652099609375 0.43084716796875 -0.079498291015625 -0.0146713256835937
0.351318359375 0.3804931640625 -0.0387191772460937 0.0352210998535156
0.40911865234375 0.137939453125 -0.0118408203125 0.0360527038574219
0.399200439453125 -0.027801513671875 0.0423965454101563 0.0609169006347656
0.275665283203125 -0.231063842773438 0.0517997741699219 -0.0149154663085938
0.1512451171875 -0.319244384765625 0.0220375061035156 -0.0404891967773438
0.15704345703125 -0.30645751953125 -0.00374317169189452 -0.0138339996337891
0.109832763671875 -0.354095458984375 -0.00601196289062499 -0.0332450866699219
0.16961669921875 -0.295166015625 -0.0235519409179687 -0.00135803222656252
0.29498291015625 -0.233184814453125 -0.0366020202636718 0.0484886169433594
0.3787841796875 -0.112396240234375 -0.0935592651367187 0.0118942260742188
0.412353515625 0.185577392578125 -0.143768310546875 -0.0636901855468749
0.351470947265625 0.31243896484375 -0.130844116210938 -0.154037475585937
0.20452880859375 0.436920166015625 -0.0740814208984375 -0.232452392578125
0.16156005859375 0.458099365234375 -0.0868072509765625 0.173980712890625
0.203216552734375 0.4034423828125 -0.0326919555664062 0.083831787109375
0.3546142578125 0.34661865234375 -0.0339813232421875 0.0632057189941406
0.396087646484375 0.125823974609375 -0.0469436645507812 0.0593528747558594
0.388641357421875 -0.022186279296875 -0.0281906127929687 0.0937042236328125
0.280731201171875 -0.218490600585937 -0.0269432067871094 0.0676383972167969
0.159271240234375 -0.303192138671875 -0.0242843627929687 0.08709716796875
0.159271240234375 -0.29302978515625 -0.02752685546875 0.1099853515625
0.11407470703125 -0.340362548828125 -0.0236358642578125 0.0883712768554687
0.1688232421875 -0.28216552734375 -0.0527267456054687 0.0996627807617188
0.289306640625 -0.2227783203125 -0.0525588989257812 0.115562438964844
0.3604736328125 -0.1103515625 -0.0933990478515625 0.0602798461914063
0.4002685546875 0.1678466796875 -0.114418029785156 -0.0190887451171875
0.35101318359375 0.2877197265625 -0.0480422973632812 -0.0778274536132813
0.225616455078125 0.41986083984375 -0.00715637207031248 -0.0760040283203125
0.1796875 0.355010986328125 -0.031890869140625 0.3226318359375
0.207305908203125 0.30255126953125 0.020660400390625 0.180801391601563
0.2998046875 0.239532470703125 -0.0208587646484375 0.0945358276367188
0.31097412109375 0.07659912109375 -0.0652084350585937 0.0871429443359375
0.301361083984375 -0.022705078125 -0.0828704833984375 0.117805480957031
0.227127075195312 -0.176498413085938 -0.092926025390625 0.1427001953125
0.13372802734375 -0.241744995117188 -0.0623626708984375 0.203231811523437
0.135986328125 -0.233840942382813 -0.0455474853515625 0.21759033203125
0.109970092773438 -0.270767211914063 -0.040924072265625 0.197219848632812
0.1513671875 -0.2147216796875 -0.080841064453125 0.182098388671875
0.243240356445313 -0.156509399414063 -0.0719146728515625 0.158294677734375
0.283233642578125 -0.06494140625 -0.0901107788085937 0.0907058715820313
0.300689697265625 0.14312744140625 -0.0763702392578125 0.0131301879882813
0.2760009765625 0.223480224609375 0.0372314453125 -0.00486373901367186
0.20263671875 0.338348388671875 0.0655593872070313 0.0727462768554688
0.1654052734375 0.195755004882813 0.032684326171875 0.435302734375
0.172332763671875 0.156753540039062 0.077178955078125 0.25830078125
0.189987182617188 0.0997161865234375 0.00615692138671877 0.121910095214844
0.174560546875 0.020172119140625 -0.0562667846679687 0.109481811523437
0.168075561523438 -0.0204925537109375 -0.106788635253906 0.127540588378906
0.136001586914063 -0.107635498046875 -0.129623413085937 0.1968994140625
0.0875396728515625 -0.143447875976563 -0.08099365234375 0.28704833984375
0.0925140380859375 -0.139434814453125 -0.056640625 0.292327880859375
0.0889129638671875 -0.15985107421875 -0.0606689453125 0.274398803710938
0.114341735839844 -0.112777709960938 -0.111892700195312 0.22882080078125
0.16259765625 -0.0614776611328125 -0.096588134765625 0.166549682617188
0.16064453125 -0.0047760009765625 -0.0889434814453125 0.0956954956054688
0.1531982421875 0.0969390869140625 -0.0420761108398437 0.0311126708984375
0.157455444335938 0.125411987304688 0.100532531738281 0.056732177734375
0.1480712890625 0.201797485351563 0.123123168945313 0.192184448242188
0.113304138183594 0.01177978515625 0.095306396484375 0.497833251953125
0.0990982055664062 0.00415802001953125 0.13433837890625 0.305328369140625
0.0508880615234375 -0.0263862609863281 0.0463104248046875 0.136558532714844
0.0229167938232422 -0.0165138244628906 -0.0231399536132813 0.117591857910156
0.0236358642578125 -0.00292015075683594 -0.100250244140625 0.120590209960938
0.0353622436523438 -0.0194129943847656 -0.131927490234375 0.221923828125
0.0327396392822266 -0.0219497680664063 -0.0789794921875 0.3258056640625
0.0350608825683594 -0.0225582122802734 -0.05865478515625 0.32305908203125
0.0512123107910156 -0.0287513732910156 -0.0797119140625 0.3074951171875
0.0537948608398437 -0.005218505859375 -0.140960693359375 0.23406982421875
0.0533294677734375 0.0228500366210938 -0.12213134765625 0.140884399414063
0.0168190002441406 0.0326290130615234 -0.08892822265625 0.0779495239257813
0.00080394744873047 0.0160007476806641 -0.0165481567382812 0.0368728637695312
0.0375099182128906 -0.00363922119140625 0.131553649902344 0.10247802734375
0.0815353393554688 0.0307388305664063 0.156784057617187 0.264541625976562
-0.0330657958984375 0.16717529296875 -0.192047119140625 -0.266815185546875
0.03570556640625 0.140869140625 -0.16314697265625 -0.141250610351562
0.120986938476563 0.0947189331054688 -0.00987243652343749 -0.00766754150390624
0.12469482421875 -0.00353240966796875 0.07568359375 -0.0316543579101563
0.0914154052734375 -0.068511962890625 0.152374267578125 -0.0699005126953125
0.0189743041992188 -0.0892562866210938 0.155853271484375 -0.198211669921875
-0.004180908203125 -0.0954971313476563 0.085540771484375 -0.305450439453125
0.0224456787109375 -0.08837890625 0.058868408203125 -0.296295166015625
0.0104293823242188 -0.0932388305664063 0.0689697265625 -0.293548583984375
0.045440673828125 -0.0769577026367188 0.102874755859375 -0.218338012695313
0.0831375122070313 -0.0544357299804687 0.0567855834960938 -0.120635986328125
0.119979858398437 0.00475311279296875 -0.0116195678710937 -0.112518310546875
0.0871658325195313 0.101593017578125 -0.0830535888671875 -0.1708984375
0.0394134521484375 0.127853393554688 -0.1671142578125 -0.291290283203125
-0.0336837768554688 0.1181640625 -0.096771240234375 -0.519134521484375
0.028839111328125 0.319091796875 -0.179946899414062 -0.226242065429687
0.091766357421875 0.26861572265625 -0.147720336914062 -0.135482788085938
0.223342895507812 0.2154541015625 -0.0238838195800781 -0.000434875488281238
0.246658325195313 0.046905517578125 0.0546417236328125 -0.00715255737304687
0.220779418945313 -0.0667724609375 0.141647338867188 -0.024261474609375
0.11712646484375 -0.162124633789063 0.15118408203125 -0.153823852539063
0.052764892578125 -0.20257568359375 0.0819244384765625 -0.24981689453125
0.07952880859375 -0.19305419921875 0.0449981689453125 -0.232772827148438
0.0549774169921875 -0.21234130859375 0.04388427734375 -0.238845825195313
0.108596801757813 -0.17022705078125 0.0609130859375 -0.17303466796875
0.181961059570313 -0.122406005859375 0.0219345092773438 -0.0792465209960938
0.238296508789063 -0.027862548828125 -0.0493240356445312 -0.083587646484375
0.223419189453125 0.16192626953125 -0.124496459960937 -0.150146484375
0.163726806640625 0.228668212890625 -0.191619873046875 -0.269134521484375
0.0562286376953125 0.271896362304688 -0.122100830078125 -0.46734619140625
0.08209228515625 0.43170166015625 -0.155364990234375 -0.1302490234375
0.136199951171875 0.373046875 -0.117439270019531 -0.0937423706054687
0.300750732421875 0.32073974609375 -0.0309810638427734 0.0115394592285156
0.34442138671875 0.10260009765625 0.0254440307617188 0.0119113922119141
0.329833984375 -0.048431396484375 0.104194641113281 0.0177001953125
0.208648681640625 -0.207565307617188 0.114349365234375 -0.093017578125
0.106842041015625 -0.27734375 0.0599365234375 -0.158615112304688
0.125442504882813 -0.268524169921875 0.0233230590820313 -0.133758544921875
0.084716796875 -0.30242919921875 0.017364501953125 -0.148101806640625
0.146469116210938 -0.248443603515625 0.0175704956054688 -0.0977401733398438
0.251739501953125 -0.190338134765625 -0.00833511352539061 -0.0214271545410156
0.3284912109375 -0.077392578125 -0.0768051147460937 -0.0401611328125
0.342681884765625 0.18267822265625 -0.14593505859375 -0.109237670898438
0.278594970703125 0.286956787109375 -0.181594848632812 -0.217147827148438
0.144195556640625 0.381622314453125 -0.11322021484375 -0.363739013671875
0.128448486328125 0.48046875 -0.122795104980469 0.00815582275390626
0.175323486328125 0.422119140625 -0.0772476196289063 -0.0176773071289062
0.35186767578125 0.36846923828125 -0.0311050415039062 0.0309886932373047
0.401763916015625 0.131591796875 -0.0093574523925781 0.0308284759521484
0.392730712890625 -0.032745361328125 0.0437545776367188 0.0554656982421875
0.267822265625 -0.225830078125 0.0499229431152344 -0.0174522399902344
0.14263916015625 -0.311279296875 0.0214653015136719 -0.0412101745605469
0.15142822265625 -0.30267333984375 0.000290870666503917 -0.0144987106323242
0.102874755859375 -0.3465576171875 -0.00420761108398437 -0.0347557067871094
0.16265869140625 -0.289398193359375 -0.0184650421142578 -0.00184631347656251
0.286834716796875 -0.232818603515625 -0.0297050476074219 0.0475082397460937
0.372528076171875 -0.114044189453125 -0.0878448486328125 0.01190185546875
0.408172607421875 0.17864990234375 -0.140129089355469 -0.0606307983398438
0.347442626953125 0.301849365234375 -0.1279296875 -0.149154663085938
0.20806884765625 0.43115234375 -0.0703887939453125 -0.225067138671875
0.16290283203125 0.45458984375 -0.08050537109375 0.165679931640625
0.2027587890625 0.398834228515625 -0.0286331176757812 0.0787734985351563
0.356689453125 0.33795166015625 -0.0250663757324219 0.0582008361816407
0.391204833984375 0.119476318359375 -0.0431175231933594 0.0534133911132813
0.38397216796875 -0.02752685546875 -0.0258255004882812 0.0883712768554687
0.273452758789063 -0.215469360351563 -0.0271720886230469 0.064697265625
0.15179443359375 -0.296844482421875 -0.0222015380859375 0.0851287841796875
0.154937744140625 -0.29022216796875 -0.0218048095703125 0.107589721679687
0.108642578125 -0.33355712890625 -0.0210037231445312 0.0854415893554687
0.16375732421875 -0.276519775390625 -0.0471878051757813 0.0975112915039062
0.280441284179688 -0.2208251953125 -0.04498291015625 0.112625122070312
0.35491943359375 -0.111724853515625 -0.0876617431640625 0.0587539672851563
0.396026611328125 0.162353515625 -0.110237121582031 -0.01788330078125
0.34490966796875 0.277191162109375 -0.0455245971679687 -0.0752792358398437
0.2269287109375 0.41522216796875 -0.00225830078124999 -0.0723037719726562
0.177886962890625 0.35211181640625 -0.02545166015625 0.3128662109375
0.20556640625 0.29937744140625 0.0253753662109375 0.175048828125
0.299957275390625 0.236328125 -0.0111541748046875 0.0895462036132813
0.308502197265625 0.073516845703125 -0.0606765747070312 0.0807723999023438
0.29986572265625 -0.02557373046875 -0.0794754028320313 0.113510131835938
0.222885131835937 -0.175048828125 -0.092315673828125 0.139907836914063
0.1298828125 -0.23870849609375 -0.0577850341796875 0.19940185546875
0.13360595703125 -0.232894897460938 -0.03887939453125 0.213653564453125
0.105377197265625 -0.267318725585938 -0.0362396240234375 0.193130493164062
0.148086547851562 -0.2113037109375 -0.0743865966796875 0.1793212890625
0.238388061523438 -0.1556396484375 -0.0644378662109375 0.154388427734375
0.2796630859375 -0.0652313232421875 -0.083740234375 0.0880050659179688
0.297882080078125 0.140655517578125 -0.072845458984375 0.01312255859375
0.269989013671875 0.219100952148438 0.038818359375 -0.00488662719726561
0.203460693359375 0.33642578125 0.0700531005859375 0.0738983154296875
0.160675048828125 0.1954345703125 0.039886474609375 0.4266357421875
0.169403076171875 0.1563720703125 0.082763671875 0.251495361328125
0.19000244140625 0.0995635986328125 0.0140151977539063 0.116195678710938
0.173843383789063 0.020355224609375 -0.0517120361328125 0.103462219238281
0.168838500976563 -0.020782470703125 -0.104560852050781 0.12384033203125
0.135955810546875 -0.106529235839844 -0.12774658203125 0.194351196289063
0.085784912109375 -0.142669677734375 -0.075714111328125 0.283233642578125
0.09210205078125 -0.139778137207031 -0.049957275390625 0.28790283203125
0.087921142578125 -0.159271240234375 -0.0555419921875 0.26953125
0.113761901855469 -0.112213134765625 -0.105300903320313 0.225830078125
0.1612548828125 -0.0627899169921875 -0.090545654296875 0.162628173828125
0.160751342773438 -0.004913330078125 -0.0833358764648437 0.0937347412109375
0.153457641601562 0.09808349609375 -0.0386123657226562 0.0300865173339844
0.15423583984375 0.1256103515625 0.101394653320313 0.0553359985351563
0.146133422851563 0.202896118164063 0.127975463867187 0.191635131835938
0.10650634765625 0.014617919921875 0.1007080078125 0.48736572265625
0.0954742431640625 0.00595855712890625 0.138946533203125 0.2974853515625
0.0493698120117188 -0.0231132507324219 0.0516433715820313 0.130645751953125
0.0237827301025391 -0.0145549774169922 -0.0199203491210938 0.111976623535156
0.0259380340576172 -0.000650405883789063 -0.0995101928710938 0.118377685546875
0.0383224487304688 -0.0195846557617188 -0.130203247070313 0.219573974609375
0.0340709686279297 -0.0235519409179688 -0.073516845703125 0.322052001953125
0.0373268127441406 -0.0250816345214844 -0.053009033203125 0.318115234375
0.0530204772949219 -0.0319671630859375 -0.075164794921875 0.303863525390625
0.0554389953613281 -0.00759124755859375 -0.13531494140625 0.231658935546875
0.0555610656738281 0.0202255249023438 -0.117134094238281 0.138229370117187
0.0205345153808594 0.0323238372802734 -0.0841217041015625 0.0775985717773438
0.004119873046875 0.0205802917480469 -0.0138740539550781 0.0367317199707031
0.036590576171875 0.001861572265625 0.132080078125 0.100051879882813
0.0778427124023438 0.0352935791015625 0.160064697265625 0.262054443359375
-0.026947021484375 0.165023803710938 -0.199127197265625 -0.270950317382813
0.0364608764648438 0.138214111328125 -0.168258666992188 -0.140426635742188
0.120750427246094 0.091552734375 -0.0106420516967773 -0.00998115539550781
0.121360778808594 -0.0053558349609375 0.0736465454101563 -0.03338623046875
0.0872421264648438 -0.0693359375 0.151824951171875 -0.07275390625
0.0152206420898438 -0.0855636596679688 0.1551513671875 -0.201492309570312
-0.00614929199218751 -0.0917205810546875 0.0809326171875 -0.30914306640625
0.02001953125 -0.087799072265625 0.0548095703125 -0.300811767578125
0.00653839111328125 -0.0914154052734375 0.0655517578125 -0.299560546875
0.0427780151367188 -0.0772552490234375 0.10357666015625 -0.222702026367188
0.0815200805664063 -0.0560379028320313 0.0585403442382813 -0.120773315429688
0.121383666992188 0.00017547607421875 -0.0131759643554687 -0.111900329589844
0.09130859375 0.097808837890625 -0.08746337890625 -0.16864013671875
0.0429000854492188 0.124092102050781 -0.17352294921875 -0.2891845703125
-0.0274658203125 0.11859130859375 -0.10565185546875 -0.52008056640625
0.037628173828125 0.318695068359375 -0.185577392578125 -0.231094360351563
0.09393310546875 0.26715087890625 -0.15264892578125 -0.136978149414062
0.226333618164063 0.212112426757813 -0.0221366882324219 -0.00304222106933593
0.245269775390625 0.0438690185546875 0.0535163879394531 -0.00997543334960937
0.218185424804687 -0.0709686279296875 0.142227172851563 -0.0288543701171875
0.113006591796875 -0.159835815429688 0.149887084960937 -0.15777587890625
0.0490570068359375 -0.200149536132813 0.0784454345703125 -0.253204345703125
0.07586669921875 -0.194976806640625 0.04327392578125 -0.236602783203125
0.0492401123046875 -0.2125244140625 0.0413970947265625 -0.243988037109375
0.104736328125 -0.171463012695312 0.0633544921875 -0.176055908203125
0.180038452148438 -0.125961303710937 0.025238037109375 -0.0796051025390625
0.240997314453125 -0.0336151123046875 -0.0499801635742187 -0.0829849243164063
0.22918701171875 0.1578369140625 -0.12835693359375 -0.147659301757813
0.168563842773438 0.224533081054688 -0.19757080078125 -0.2669677734375
0.0650787353515625 0.273818969726563 -0.127777099609375 -0.467620849609375
0.092620849609375 0.433624267578125 -0.158798217773437 -0.135879516601563
0.140655517578125 0.3721923828125 -0.120140075683594 -0.0960311889648437
0.30743408203125 0.31610107421875 -0.02667236328125 0.00769424438476564
0.345489501953125 0.0989990234375 0.0263385772705078 0.0085906982421875
0.32952880859375 -0.05487060546875 0.105735778808594 0.013092041015625
0.205123901367187 -0.208084106445312 0.114013671875 -0.0965957641601563
0.10211181640625 -0.27655029296875 0.0577392578125 -0.161758422851563
0.121597290039062 -0.271957397460938 0.0246734619140625 -0.136878967285156
0.078582763671875 -0.303558349609375 0.0161895751953125 -0.152084350585938
0.143035888671875 -0.249969482421875 0.02032470703125 -0.0999069213867188
0.250198364257813 -0.195510864257813 -0.00373077392578123 -0.0215034484863281
0.330474853515625 -0.083770751953125 -0.0756149291992188 -0.03936767578125
0.349639892578125 0.17816162109375 -0.14837646484375 -0.106399536132812
0.283721923828125 0.2828369140625 -0.185150146484375 -0.2149658203125
0.155364990234375 0.385284423828125 -0.116180419921875 -0.361907958984375
0.13775634765625 0.485626220703125 -0.122489929199219 0.00326538085937504
0.18182373046875 0.424530029296875 -0.0773544311523437 -0.0207443237304687
0.362762451171875 0.365234375 -0.0242137908935547 0.0267677307128907
0.405517578125 0.1268310546875 -0.00739288330078122 0.0264759063720703
0.395263671875 -0.039520263671875 0.0456428527832031 0.0512504577636719
0.2652587890625 -0.229019165039063 0.0494842529296875 -0.0198478698730469
0.1387939453125 -0.31207275390625 0.0219802856445313 -0.043701171875
0.148956298828125 -0.30755615234375 0.00368976593017579 -0.0164918899536133
0.09735107421875 -0.350494384765625 -0.00342178344726562 -0.0366325378417969
0.160552978515625 -0.291290283203125 -0.0147085189819336 -0.0023021697998047
0.28350830078125 -0.2374267578125 -0.0239334106445312 0.0473747253417969
0.37469482421875 -0.12127685546875 -0.0859451293945312 0.0123672485351562
0.416717529296875 0.17437744140625 -0.140701293945313 -0.05841064453125
0.350982666015625 0.29803466796875 -0.129379272460937 -0.146652221679687
0.2183837890625 0.4364013671875 -0.06964111328125 -0.22332763671875
0.171783447265625 0.45892333984375 -0.07666015625 0.162521362304688
0.209716796875 0.4007568359375 -0.0255050659179687 0.0766983032226563
0.3681640625 0.33477783203125 -0.0166740417480468 0.0537528991699219
0.398773193359375 0.11688232421875 -0.0400848388671875 0.0499992370605469
0.389190673828125 -0.03314208984375 -0.02349853515625 0.0858840942382813
0.27313232421875 -0.219100952148438 -0.0274085998535156 0.0641708374023437
0.147705078125 -0.299468994140625 -0.020263671875 0.084930419921875
0.15301513671875 -0.29656982421875 -0.0165328979492187 0.106918334960937
0.104156494140625 -0.337310791015625 -0.0188980102539062 0.0854949951171875
0.161529541015625 -0.278564453125 -0.0422439575195312 0.098419189453125
0.279449462890625 -0.22686767578125 -0.0392227172851562 0.112258911132812
0.357513427734375 -0.116851806640625 -0.0840682983398437 0.0588226318359375
0.40252685546875 0.1595458984375 -0.110099792480469 -0.0156021118164063
0.347747802734375 0.275543212890625 -0.045135498046875 -0.07415771484375
0.2373046875 0.4212646484375 0.00119781494140627 -0.0697784423828125
0.183685302734375 0.356964111328125 -0.017974853515625 0.311767578125
0.210968017578125 0.3017578125 0.0315399169921875 0.173110961914063
0.310272216796875 0.2342529296875 -0.00286865234374999 0.084747314453125
0.313629150390625 0.07086181640625 -0.0570602416992187 0.0767364501953125
0.30548095703125 -0.031036376953125 -0.0778045654296875 0.112442016601563
0.224655151367188 -0.178482055664063 -0.0923919677734375 0.141815185546875
0.127593994140625 -0.242050170898438 -0.053314208984375 0.201385498046875
0.132431030273438 -0.239212036132812 -0.032318115234375 0.214523315429687
0.102813720703125 -0.2716064453125 -0.0325469970703125 0.19439697265625
0.14794921875 -0.213302612304687 -0.069427490234375 0.181304931640625
0.238510131835937 -0.160354614257812 -0.058349609375 0.153900146484375
0.283538818359375 -0.069427490234375 -0.0801620483398437 0.088409423828125
0.304901123046875 0.140655517578125 -0.0716323852539062 0.014190673828125
0.273040771484375 0.218643188476562 0.0409889221191406 -0.00542068481445311
0.20965576171875 0.34197998046875 0.0769119262695313 0.0766143798828125
0.162246704101563 0.199630737304687 0.048980712890625 0.425811767578125
0.171585083007813 0.1588134765625 0.0911865234375 0.25006103515625
0.1944580078125 0.0999908447265625 0.021484375 0.111946105957031
0.177017211914062 0.0192413330078125 -0.0484619140625 0.0998611450195312
0.172943115234375 -0.0230255126953125 -0.103591918945313 0.124443054199219
0.138221740722656 -0.109764099121094 -0.127471923828125 0.197677612304688
0.08575439453125 -0.145782470703125 -0.07061767578125 0.2861328125
0.092529296875 -0.144729614257813 -0.0430908203125 0.289337158203125
0.0880126953125 -0.163604736328125 -0.0500946044921875 0.27203369140625
0.11505126953125 -0.114601135253906 -0.101470947265625 0.228347778320313
0.163070678710937 -0.0665435791015625 -0.08599853515625 0.16278076171875
0.1651611328125 -0.0066070556640625 -0.079742431640625 0.0938491821289063
0.158782958984375 0.10076904296875 -0.0373268127441406 0.0310707092285156
0.155853271484375 0.127670288085938 0.10479736328125 0.0541000366210938
0.149169921875 0.207962036132812 0.135574340820313 0.193496704101563
0.104080200195312 0.0169677734375 0.11102294921875 0.48748779296875
0.0949325561523438 0.00691986083984375 0.148773193359375 0.29547119140625
0.0494041442871094 -0.0216941833496094 0.0572357177734375 0.125923156738281
0.0251903533935547 -0.0131702423095703 -0.0173263549804688 0.108367919921875
0.0286083221435547 0.000518798828125 -0.100288391113281 0.119743347167969
0.0414505004882813 -0.0202865600585938 -0.13031005859375 0.223709106445313
0.0353584289550781 -0.0260124206542969 -0.068634033203125 0.32623291015625
0.0386619567871094 -0.0284767150878906 -0.046417236328125 0.320831298828125
0.0552749633789063 -0.0359077453613281 -0.06915283203125 0.3077392578125
0.0579452514648438 -0.0103912353515625 -0.132034301757813 0.235443115234375
0.0588455200195312 0.0182456970214844 -0.114341735839844 0.139198303222656
0.0248622894287109 0.033172607421875 -0.0806655883789063 0.0782089233398438
0.007232666015625 0.0242195129394531 -0.01165771484375 0.0375404357910156
0.0366783142089844 0.00595474243164063 0.135887145996094 0.0992202758789063
0.0773696899414063 0.0395584106445312 0.168167114257812 0.265289306640625
-0.0178070068359375 0.164718627929687 -0.216262817382813 -0.271957397460938
0.0406646728515625 0.136932373046875 -0.178741455078125 -0.13739013671875
0.123725891113281 0.0869979858398438 -0.0115299224853516 -0.0109272003173828
0.120292663574219 -0.0091400146484375 0.0717315673828125 -0.0362930297851563
0.0820770263671875 -0.0725021362304688 0.15069580078125 -0.079986572265625
0.00986480712890624 -0.08294677734375 0.151321411132812 -0.209320068359375
-0.00981140136718749 -0.0891494750976563 0.069488525390625 -0.31689453125
0.0159759521484375 -0.0880279541015625 0.04376220703125 -0.308563232421875
0.000762939453124992 -0.09027099609375 0.05511474609375 -0.30963134765625
0.0392227172851563 -0.0789031982421875 0.10003662109375 -0.232269287109375
0.0789794921875 -0.0607376098632813 0.0579757690429688 -0.123878479003906
0.123077392578125 -0.00733184814453125 -0.0180206298828125 -0.111373901367188
0.0970382690429688 0.0933685302734375 -0.096710205078125 -0.165664672851563
0.0492706298828125 0.120803833007813 -0.187744140625 -0.285125732421875
-0.0195388793945312 0.120033264160156 -0.12725830078125 -0.524322509765625
0.053192138671875 0.320343017578125 -0.199737548828125 -0.233779907226562
0.103958129882812 0.265792846679688 -0.161849975585938 -0.134994506835937
0.236862182617188 0.2042236328125 -0.0207557678222656 -0.00599098205566405
0.247589111328125 0.036102294921875 0.0527877807617188 -0.0135002136230469
0.216461181640625 -0.0796051025390625 0.142898559570313 -0.035614013671875
0.10687255859375 -0.162399291992188 0.14703369140625 -0.166030883789062
0.042205810546875 -0.20025634765625 0.0697479248046875 -0.26141357421875
0.0688629150390625 -0.198883056640625 0.0350341796875 -0.24420166015625
0.039337158203125 -0.21490478515625 0.0330657958984375 -0.252838134765625
0.0996246337890625 -0.176742553710938 0.061004638671875 -0.183395385742188
0.17694091796875 -0.1346435546875 0.0269088745117188 -0.0812606811523438
0.244125366210938 -0.0449066162109375 -0.0530624389648437 -0.0819854736328125
0.24151611328125 0.15020751953125 -0.136444091796875 -0.142471313476562
0.179550170898438 0.2197265625 -0.210723876953125 -0.261199951171875
0.0806884765625 0.277053833007813 -0.145416259765625 -0.46893310546875
0.113739013671875 0.4373779296875 -0.16845703125 -0.138565063476563
0.155609130859375 0.3721923828125 -0.127700805664063 -0.0960922241210937
0.32525634765625 0.307342529296875 -0.0228404998779297 0.00404167175292971
0.353118896484375 0.087890625 0.026693344116211 0.00476837158203126
0.332183837890625 -0.068756103515625 0.108016967773438 0.00664520263671875
0.199615478515625 -0.21484375 0.111915588378906 -0.10345458984375
0.0939178466796875 -0.279830932617188 0.0525360107421875 -0.167755126953125
0.112899780273438 -0.280731201171875 0.02142333984375 -0.142257690429688
0.06658935546875 -0.309844970703125 0.010955810546875 -0.157180786132813
0.135848999023437 -0.257293701171875 0.0211639404296875 -0.103584289550781
0.244857788085938 -0.208221435546875 0.000617980957031266 -0.0223503112792969
0.334869384765625 -0.0992431640625 -0.0771713256835937 -0.037567138671875
0.3643798828125 0.168182373046875 -0.1541748046875 -0.1005859375
0.2974853515625 0.27581787109375 -0.19464111328125 -0.208969116210937
0.175994873046875 0.387908935546875 -0.12841796875 -0.362823486328125
0.1629638671875 0.48968505859375 -0.124649047851562 0.00143432617187504
0.1995849609375 0.425201416015625 -0.0797042846679687 -0.0212860107421875
0.385040283203125 0.35662841796875 -0.0180187225341797 0.021474838256836
0.415771484375 0.113739013671875 -0.00596046447753904 0.0226612091064453
0.401031494140625 -0.05712890625 0.0494117736816407 0.0472488403320313
0.261688232421875 -0.239852905273437 0.04827880859375 -0.0237083435058594
0.130218505859375 -0.31890869140625 0.0209884643554688 -0.0465164184570313
0.14019775390625 -0.3193359375 0.00616073608398438 -0.0191154479980469
0.083038330078125 -0.356414794921875 -0.00416946411132812 -0.0385398864746094
0.15277099609375 -0.29913330078125 -0.0111417770385742 -0.00313854217529299
0.278274536132813 -0.252548217773438 -0.0176048278808594 0.0469207763671875
0.376495361328125 -0.13873291015625 -0.0850448608398437 0.0144577026367187
0.431549072265625 0.16253662109375 -0.14385986328125 -0.0522918701171875
0.367462158203125 0.28936767578125 -0.134902954101562 -0.142532348632812
0.242401123046875 0.4400634765625 -0.074951171875 -0.222625732421875
0.19305419921875 0.4649658203125 -0.0708465576171875 0.162521362304688
0.228607177734375 0.4024658203125 -0.0217361450195312 0.07525634765625
0.390777587890625 0.3262939453125 -0.00843429565429685 0.0480766296386719
0.4093017578125 0.103271484375 -0.0367622375488281 0.0471878051757813
0.396697998046875 -0.050567626953125 -0.0196304321289062 0.0850601196289063
0.270401000976563 -0.231643676757812 -0.0270195007324219 0.0652923583984375
0.139556884765625 -0.308319091796875 -0.0162429809570312 0.0859298706054687
0.144500732421875 -0.30902099609375 -0.0091552734375 0.107063293457031
0.09228515625 -0.347381591796875 -0.014129638671875 0.0867919921875
0.155029296875 -0.28704833984375 -0.0358963012695312 0.100479125976562
0.274993896484375 -0.240585327148438 -0.0309600830078125 0.113021850585937
0.359710693359375 -0.13348388671875 -0.0812225341796875 0.0616226196289063
0.416534423828125 0.149139404296875 -0.111244201660156 -0.0107269287109375
0.361785888671875 0.2685546875 -0.0464248657226562 -0.0723953247070313
0.25958251953125 0.4232177734375 0.00389862060546876 -0.0685501098632812
0.19976806640625 0.360931396484375 -0.00445556640625002 0.313934326171875
0.22528076171875 0.30340576171875 0.0414886474609375 0.172027587890625
0.327972412109375 0.2265625 0.00642395019531252 0.079345703125
0.322662353515625 0.060516357421875 -0.0530319213867187 0.0754623413085938
0.313018798828125 -0.044830322265625 -0.074798583984375 0.114860534667969
0.223831176757813 -0.1895751953125 -0.0906219482421875 0.147003173828125
0.12066650390625 -0.249893188476563 -0.046051025390625 0.206649780273438
0.127243041992188 -0.250213623046875 -0.021087646484375 0.217361450195312
0.0946197509765625 -0.280838012695313 -0.0239410400390625 0.198745727539062
0.144378662109375 -0.220779418945312 -0.0618438720703125 0.186614990234375
0.236358642578125 -0.171737670898437 -0.0504150390625 0.1556396484375
0.286956787109375 -0.0811767578125 -0.0755081176757812 0.0911331176757812
0.317138671875 0.1337890625 -0.0706329345703125 0.0178070068359375
0.28411865234375 0.214569091796875 0.0439338684082031 -0.00654602050781249
0.228424072265625 0.344696044921875 0.0862350463867188 0.0768508911132813
0.170120239257813 0.202499389648438 0.0675048828125 0.427703857421875
0.180313110351563 0.157867431640625 0.10552978515625 0.247665405273438
0.203384399414063 0.0959930419921875 0.0299530029296875 0.106986999511719
0.182388305664063 0.0138092041015625 -0.044219970703125 0.09881591796875
0.178207397460938 -0.0299072265625 -0.100921630859375 0.128875732421875
0.139739990234375 -0.117027282714844 -0.124114990234375 0.206100463867188
0.0824737548828125 -0.152236938476563 -0.05938720703125 0.293975830078125
0.0901947021484375 -0.152786254882813 -0.02886962890625 0.29443359375
0.0849151611328125 -0.172073364257813 -0.0387420654296875 0.279159545898438
0.1143798828125 -0.120712280273438 -0.09283447265625 0.235885620117187
0.163604736328125 -0.0743560791015625 -0.0792999267578125 0.166275024414062
0.169647216796875 -0.012908935546875 -0.0750274658203125 0.0971908569335937
0.167404174804688 0.0990753173828125 -0.0352706909179687 0.03369140625
0.1622314453125 0.1280517578125 0.110786437988281 0.0510787963867188
0.159744262695313 0.21112060546875 0.150115966796875 0.194046020507813
0.102691650390625 0.0175857543945313 0.132781982421875 0.489990234375
0.0957489013671875 0.00518035888671875 0.1650390625 0.29217529296875
0.0489234924316406 -0.0218658447265625 0.0652008056640625 0.121589660644531
0.0258293151855469 -0.0131816864013672 -0.0125045776367188 0.106544494628906
0.0319385528564453 0.000637054443359375 -0.0987396240234375 0.124092102050781
0.0446853637695313 -0.0235519409179688 -0.126022338867187 0.232833862304688
0.0369529724121094 -0.0295639038085938 -0.056549072265625 0.334197998046875
0.0402450561523438 -0.032440185546875 -0.03302001953125 0.32708740234375
0.0571975708007813 -0.0417633056640625 -0.05682373046875 0.316436767578125
0.0606422424316406 -0.0145416259765625 -0.125076293945313 0.2447509765625
0.0620536804199219 0.0146408081054687 -0.110183715820312 0.143951416015625
0.0297393798828125 0.0327281951904297 -0.076873779296875 0.0823516845703125
0.0117015838623047 0.0274314880371094 -0.00932693481445313 0.03912353515625
0.0387001037597656 0.00883102416992188 0.144256591796875 0.0966796875
0.0795440673828125 0.0421905517578125 0.185287475585938 0.265609741210938
-0.00686645507812501 0.16302490234375 -0.235977172851563 -0.263900756835938
0.0474853515625 0.132453918457031 -0.189224243164063 -0.127609252929687
0.127761840820313 0.07904052734375 -0.0121994018554687 -0.0124073028564453
0.117691040039062 -0.0154342651367188 0.0676498413085938 -0.0406455993652344
0.0749588012695313 -0.0764999389648438 0.145919799804688 -0.089141845703125
0.00402832031250001 -0.0792236328125 0.141326904296875 -0.2188720703125
-0.0147857666015625 -0.0852127075195313 0.051025390625 -0.3226318359375
0.00969696044921874 -0.0878219604492188 0.024566650390625 -0.3134765625
-0.00624847412109376 -0.0881195068359375 0.03546142578125 -0.3165283203125
0.0335464477539062 -0.08056640625 0.0885162353515625 -0.240921020507813
0.0747451782226563 -0.0654525756835937 0.0535202026367188 -0.126670837402344
0.122779846191406 -0.0164642333984375 -0.0245895385742188 -0.109115600585938
0.103233337402344 0.0859298706054688 -0.107177734375 -0.158370971679688
0.0566558837890625 0.115142822265625 -0.206100463867187 -0.272598266601563
-0.00955963134765626 0.120269775390625 -0.159912109375 -0.517974853515625
0.074981689453125 0.316009521484375 -0.2174072265625 -0.226730346679687
0.1181640625 0.2601318359375 -0.17218017578125 -0.127120971679687
0.249099731445312 0.190139770507812 -0.0197811126708984 -0.00871086120605468
0.248489379882813 0.0229644775390625 0.05084228515625 -0.01788330078125
0.2098388671875 -0.09259033203125 0.140884399414062 -0.045074462890625
0.0968017578125 -0.16448974609375 0.138473510742188 -0.175643920898437
0.0310516357421875 -0.200103759765625 0.0543670654296875 -0.267288208007812
0.0571136474609375 -0.2037353515625 0.0210723876953125 -0.248672485351563
0.025238037109375 -0.215438842773438 0.01788330078125 -0.2574462890625
0.0888824462890625 -0.181732177734375 0.0535736083984375 -0.189682006835938
0.16876220703125 -0.145431518554688 0.0262451171875 -0.0832290649414063
0.243148803710938 -0.061859130859375 -0.058258056640625 -0.0778121948242188
0.252731323242188 0.135879516601562 -0.145431518554687 -0.132766723632813
0.192779541015625 0.208328247070313 -0.226150512695313 -0.247879028320312
0.100723266601562 0.274307250976563 -0.17340087890625 -0.46124267578125
0.142852783203125 0.43170166015625 -0.17926025390625 -0.133880615234375
0.17669677734375 0.365386962890625 -0.135063171386719 -0.0911712646484375
0.34613037109375 0.287109375 -0.0197715759277344 -0.00139808654785154
0.35760498046875 0.06805419921875 0.0261859893798828 4.38690185546917E-05
0.32794189453125 -0.08984375 0.108642578125 -0.00170135498046876
0.187789916992187 -0.224227905273437 0.105499267578125 -0.110771179199219
0.07855224609375 -0.283203125 0.0430145263671875 -0.17291259765625
0.09710693359375 -0.28851318359375 0.0150146484375 -0.146560668945313
0.047149658203125 -0.312774658203125 0.00210571289062501 -0.160736083984375
0.121871948242188 -0.26422119140625 0.018402099609375 -0.107429504394531
0.232879638671875 -0.223388671875 0.00333213806152345 -0.0233879089355469
0.330841064453125 -0.12115478515625 -0.078857421875 -0.033050537109375
0.377777099609375 0.147613525390625 -0.159912109375 -0.089385986328125
0.314300537109375 0.25897216796875 -0.206100463867187 -0.197265625
0.204254150390625 0.38092041015625 -0.147705078125 -0.355316162109375
0.193939208984375 0.483551025390625 -0.126739501953125 0.0038986206054688
0.2254638671875 0.417388916015625 -0.0819168090820312 -0.0198593139648437
0.410400390625 0.3326416015625 -0.0124807357788086 0.0145883560180664
0.4246826171875 0.090606689453125 -0.00445556640624997 0.0189437866210938
0.400054931640625 -0.08270263671875 0.0524024963378906 0.0415000915527344
0.248825073242187 -0.25445556640625 0.0459556579589844 -0.0273056030273438
0.112548828125 -0.324676513671875 0.0185050964355469 -0.0488204956054688
0.121978759765625 -0.32965087890625 0.00705718994140626 -0.0222530364990235
0.062042236328125 -0.36279296875 -0.00555801391601562 -0.0393562316894531
0.13690185546875 -0.3082275390625 -0.00824356079101562 -0.00387954711914064
0.265335083007813 -0.268096923828125 -0.0110359191894531 0.0461959838867187
0.371673583984375 -0.161956787109375 -0.0828628540039062 0.019073486328125
0.446868896484375 0.139007568359375 -0.146026611328125 -0.0416107177734375
0.383148193359375 0.271270751953125 -0.141845703125 -0.134002685546875
0.272552490234375 0.43115234375 -0.0837860107421875 -0.217025756835938
0.223541259765625 0.458099365234375 -0.0614776611328125 0.162582397460938
0.25286865234375 0.39404296875 -0.0172348022460937 0.0745391845703125
0.414337158203125 0.30419921875 -0.00130462646484372 0.0407562255859375
0.417144775390625 0.0804443359375 -0.0334701538085937 0.0443916320800781
0.396453857421875 -0.07623291015625 -0.0139007568359375 0.0831146240234375
0.259689331054688 -0.248336791992188 -0.024749755859375 0.0668258666992187
0.1236572265625 -0.31640625 -0.0107498168945312 0.0861129760742187
0.12884521484375 -0.32073974609375 9.15527343750193E-05 0.105484008789063
0.07244873046875 -0.353759765625 -0.00738525390624999 0.0878524780273437
0.140167236328125 -0.29583740234375 -0.0273056030273437 0.102210998535156
0.261642456054688 -0.257492065429688 -0.0214004516601562 0.112342834472656
0.355743408203125 -0.1561279296875 -0.0763092041015625 0.0656051635742188
0.430267333984375 0.127105712890625 -0.110298156738281 -0.00255584716796872
0.377532958984375 0.250213623046875 -0.0482025146484375 -0.0698814392089843
0.289459228515625 0.41485595703125 0.00488281250000002 -0.0670852661132812
0.223388671875 0.35540771484375 0.0147705078125 0.311798095703125
0.2447509765625 0.29571533203125 0.052947998046875 0.167800903320313
0.345245361328125 0.209228515625 0.0151290893554688 0.0716934204101563
0.328857421875 0.0433349609375 -0.0477371215820312 0.07373046875
0.314117431640625 -0.065185546875 -0.067718505859375 0.117034912109375
0.215911865234375 -0.20391845703125 -0.08428955078125 0.152816772460938
0.108551025390625 -0.257827758789063 -0.0328826904296875 0.210037231445312
0.114151000976563 -0.26129150390625 -0.00628662109374999 0.216598510742187
0.07952880859375 -0.289093017578125 -0.0102386474609375 0.200927734375
0.133804321289063 -0.229644775390625 -0.0485992431640625 0.190383911132812
0.227645874023438 -0.185394287109375 -0.0394287109375 0.15692138671875
0.284912109375 -0.098907470703125 -0.069061279296875 0.0943756103515625
0.32965087890625 0.118377685546875 -0.0680160522460937 0.0233535766601562
0.296142578125 0.202178955078125 0.0461616516113281 -0.00938415527343749
0.251922607421875 0.3375244140625 0.0965423583984375 0.073760986328125
0.183074951171875 0.19793701171875 0.09405517578125 0.422943115234375
0.19036865234375 0.151321411132813 0.122100830078125 0.240509033203125
0.211441040039063 0.0858306884765625 0.0390090942382813 0.0994720458984375
0.184738159179688 0.00433349609375 -0.0377883911132812 0.09710693359375
0.18048095703125 -0.041595458984375 -0.0943756103515625 0.133674621582031
0.13623046875 -0.126419067382813 -0.115432739257812 0.215240478515625
0.0761260986328125 -0.158645629882813 -0.041656494140625 0.298431396484375
0.08306884765625 -0.161117553710938 -0.00976562500000001 0.29534912109375
0.075958251953125 -0.1800537109375 -0.019866943359375 0.28277587890625
0.109580993652344 -0.128036499023438 -0.0773773193359375 0.242767333984375
0.160781860351563 -0.084320068359375 -0.06884765625 0.168914794921875
0.171859741210938 -0.0234375 -0.0678558349609375 0.100700378417969
0.177719116210938 0.091705322265625 -0.032379150390625 0.0364227294921875
0.17022705078125 0.122634887695313 0.116531372070313 0.044921875
0.174118041992187 0.207794189453125 0.167205810546875 0.1873779296875
0.102798461914063 0.0161209106445312 0.163055419921875 0.48223876953125
0.0957794189453125 0.001678466796875 0.18524169921875 0.28131103515625
0.0474014282226563 -0.0232505798339844 0.0734024047851563 0.113639831542969
0.0258502960205078 -0.0137748718261719 -0.00623321533203124 0.10406494140625
0.0346260070800781 -0.00078582763671875 -0.0926742553710938 0.129852294921875
0.046661376953125 -0.0275726318359375 -0.114730834960937 0.242446899414063
0.0368499755859375 -0.0332984924316406 -0.0361328125 0.340423583984375
0.0398902893066406 -0.037200927734375 -0.012481689453125 0.329498291015625
0.0563583374023438 -0.0489425659179688 -0.035400390625 0.3214111328125
0.061309814453125 -0.0195465087890625 -0.110198974609375 0.254226684570313
0.0641365051269531 0.00983428955078125 -0.101776123046875 0.149856567382812
0.0340633392333984 0.0302448272705078 -0.070343017578125 0.0866928100585938
0.0169715881347656 0.0292263031005859 -0.00551605224609374 0.0404205322265625
0.0406379699707031 0.0106391906738281 0.152175903320313 0.088470458984375
0.0822906494140625 0.0424652099609375 0.205795288085938 0.25689697265625
0.00463867187500001 0.156265258789062 -0.250381469726563 -0.245376586914063
0.0531158447265625 0.125175476074219 -0.19378662109375 -0.113067626953125
0.128074645996094 0.0688247680664063 -0.0124883651733398 -0.0131015777587891
0.112457275390625 -0.0214462280273438 0.0621337890625 -0.0434494018554688
0.065643310546875 -0.077789306640625 0.135848999023438 -0.0951919555664063
-0.000991821289062494 -0.0737991333007812 0.126480102539063 -0.22222900390625
-0.018218994140625 -0.0793075561523438 0.028961181640625 -0.3187255859375
0.00363922119140626 -0.0847320556640625 0.003814697265625 -0.308380126953125
-0.0127029418945312 -0.0826492309570312 0.013153076171875 -0.312957763671875
0.0268020629882813 -0.0797119140625 0.073699951171875 -0.243240356445313
0.0682525634765625 -0.0684013366699219 0.047698974609375 -0.126785278320313
0.118873596191406 -0.0251693725585938 -0.0310821533203125 -0.103492736816406
0.10577392578125 0.0767822265625 -0.115631103515625 -0.145889282226563
0.0619583129882813 0.107154846191406 -0.217529296875 -0.251602172851563
0.000999450683593744 0.116950988769531 -0.187042236328125 -0.49365234375
0.094451904296875 0.301971435546875 -0.229141235351563 -0.21112060546875
0.129745483398438 0.24639892578125 -0.177627563476563 -0.114456176757812
0.2540283203125 0.169479370117188 -0.0188770294189453 -0.0118217468261719
0.242141723632813 0.0081939697265625 0.0466461181640625 -0.0221672058105469
0.197174072265625 -0.102005004882813 0.133720397949219 -0.0530014038085938
0.084075927734375 -0.16302490234375 0.12554931640625 -0.180160522460938
0.019805908203125 -0.19378662109375 0.03631591796875 -0.265228271484375
0.0434112548828125 -0.201461791992188 0.00561523437500001 -0.245986938476563
0.010223388671875 -0.209259033203125 0.000183105468749999 -0.254562377929688
0.0760955810546875 -0.18121337890625 0.0425872802734375 -0.191162109375
0.155548095703125 -0.15185546875 0.0243606567382813 -0.0836105346679688
0.234222412109375 -0.07708740234375 -0.061004638671875 -0.0712966918945313
0.256515502929688 0.117050170898438 -0.149459838867187 -0.118743896484375
0.199737548828125 0.190505981445313 -0.2347412109375 -0.226318359375
0.118499755859375 0.261444091796875 -0.196746826171875 -0.43768310546875
0.167236328125 0.4119873046875 -0.186141967773438 -0.123977661132812
0.19281005859375 0.34552001953125 -0.138824462890625 -0.0822219848632812
0.3553466796875 0.257537841796875 -0.0174474716186523 -0.00666618347167967
0.352386474609375 0.04583740234375 0.0241832733154297 -0.00389289855957031
0.313385009765625 -0.10809326171875 0.105308532714844 -0.0104904174804688
0.16949462890625 -0.227279663085938 0.0960693359375 -0.114715576171875
0.06048583984375 -0.279327392578125 0.031097412109375 -0.172576904296875
0.0772705078125 -0.287994384765625 0.00668334960937499 -0.146728515625
0.026153564453125 -0.305938720703125 -0.00750732421874998 -0.158203125
0.103271484375 -0.2642822265625 0.0137786865234375 -0.108146667480469
0.213821411132813 -0.231109619140625 0.00530433654785158 -0.0248565673828125
0.316864013671875 -0.13970947265625 -0.0778884887695312 -0.0267333984375
0.380706787109375 0.12139892578125 -0.15966796875 -0.0759429931640625
0.3214111328125 0.234130859375 -0.211883544921875 -0.17864990234375
0.226409912109375 0.362518310546875 -0.163299560546875 -0.3365478515625
0.222412109375 0.46173095703125 -0.125442504882813 0.00768280029296876
0.245269775390625 0.39581298828125 -0.0825271606445312 -0.0158843994140625
0.422332763671875 0.297821044921875 -0.00915336608886716 0.00732517242431643
0.41943359375 0.063873291015625 -0.00367641448974607 0.0150604248046875
0.385101318359375 -0.106842041015625 0.0535736083984375 0.0346717834472656
0.22802734375 -0.261810302734375 0.0418510437011719 -0.0297737121582031
0.09185791015625 -0.32293701171875 0.0152091979980469 -0.0501251220703125
0.099761962890625 -0.330902099609375 0.00697517395019532 -0.024932861328125
0.037506103515625 -0.356048583984375 -0.00658416748046875 -0.0389595031738281
0.1165771484375 -0.307952880859375 -0.00512218475341796 -0.00540113449096682
0.242477416992188 -0.277389526367188 -0.00444793701171874 0.0437088012695312
0.35308837890625 -0.181671142578125 -0.0785980224609375 0.0234527587890625
0.44744873046875 0.109405517578125 -0.142532348632812 -0.0305328369140625
0.390106201171875 0.24267578125 -0.144271850585937 -0.121490478515625
0.29669189453125 0.40667724609375 -0.090972900390625 -0.205078125
0.249267578125 0.4356689453125 -0.050872802734375 0.159530639648438
0.2711181640625 0.372344970703125 -0.0125961303710937 0.0717391967773438
0.4266357421875 0.270538330078125 0.0035667419433594 0.0312728881835938
0.413421630859375 0.05438232421875 -0.0301742553710937 0.0408859252929687
0.383514404296875 -0.1005859375 -0.00848388671874998 0.0791091918945313
0.239410400390625 -0.257369995117188 -0.0221824645996094 0.0668487548828125
0.103302001953125 -0.31591796875 -0.00450134277343749 0.0837326049804687
0.10699462890625 -0.32342529296875 0.00817871093750002 0.100364685058594
0.048370361328125 -0.3494873046875 0.000373840332031255 0.08544921875
0.120758056640625 -0.296478271484375 -0.0178909301757813 0.100540161132812
0.24053955078125 -0.265579223632813 -0.0117340087890625 0.108222961425781
0.33782958984375 -0.175201416015625 -0.0689888000488281 0.0675086975097656
0.430328369140625 0.098876953125 -0.10528564453125 0.00575256347656252
0.383087158203125 0.224853515625 -0.0484657287597656 -0.0650291442871094
0.3116455078125 0.39251708984375 0.00605010986328127 -0.0645713806152343
0.240875244140625 0.337493896484375 0.033355712890625 0.30047607421875
0.257247924804688 0.27630615234375 0.0628509521484375 0.158370971679688
0.353057861328125 0.183013916015625 0.0205421447753906 0.0615081787109375
0.325042724609375 0.02301025390625 -0.042144775390625 0.0707473754882813
0.304931640625 -0.08477783203125 -0.059295654296875 0.115486145019531
0.20013427734375 -0.213226318359375 -0.074859619140625 0.155548095703125
0.09185791015625 -0.258544921875 -0.0185546875 0.20654296875
0.096435546875 -0.264663696289063 0.00942993164062501 0.2095947265625
0.05963134765625 -0.287872314453125 0.00541687011718749 0.195968627929687
0.118072509765625 -0.232040405273438 -0.0338134765625 0.18817138671875
0.21148681640625 -0.195053100585938 -0.0268402099609375 0.152877807617188
0.27294921875 -0.114593505859375 -0.059967041015625 0.0955963134765625
0.332183837890625 0.0968017578125 -0.0625495910644531 0.0282669067382813
0.30157470703125 0.182098388671875 0.0468788146972656 -0.0123138427734375
0.26904296875 0.31878662109375 0.104255676269531 0.0670547485351563
0.190872192382812 0.1864013671875 0.11859130859375 0.406402587890625
0.194503784179688 0.138763427734375 0.135467529296875 0.225494384765625
0.212753295898437 0.0723876953125 0.0448150634765625 0.088958740234375
0.181442260742188 -0.005767822265625 -0.030487060546875 0.0931320190429688
0.176284790039063 -0.0520782470703125 -0.0839691162109375 0.134368896484375
0.127815246582031 -0.133804321289063 -0.101364135742187 0.2183837890625
0.065887451171875 -0.160324096679688 -0.021240234375 0.29449462890625
0.0726776123046875 -0.164993286132813 0.010498046875 0.2874755859375
0.0635528564453125 -0.182891845703125 0.00177001953125001 0.276657104492188
0.101348876953125 -0.132972717285156 -0.0594329833984375 0.242156982421875
0.152297973632812 -0.0923309326171875 -0.05621337890625 0.166702270507813
0.167861938476563 -0.0338897705078125 -0.0579833984375 0.1011962890625
0.18218994140625 0.0805206298828125 -0.0274314880371094 0.0382843017578125
0.174118041992188 0.11248779296875 0.118125915527344 0.0364227294921875
0.183990478515625 0.196807861328125 0.17913818359375 0.173416137695312
0.100204467773438 0.0134201049804688 0.189422607421875 0.457244873046875
0.0927886962890625 -0.002777099609375 0.19940185546875 0.26123046875
0.0446205139160156 -0.0229148864746094 0.077880859375 0.103439331054687
0.0248851776123047 -0.0141525268554688 0.000183105468750005 0.0985183715820313
0.0362052917480469 -0.00222015380859375 -0.0838088989257813 0.131278991699219
0.0457115173339844 -0.0314407348632813 -0.100067138671875 0.24578857421875
0.0352096557617188 -0.0364456176757813 -0.01312255859375 0.335601806640625
0.0378608703613281 -0.0405464172363281 0.00915527343750003 0.32159423828125
0.0525894165039063 -0.0543251037597656 -0.011474609375 0.315887451171875
0.0600547790527344 -0.0241203308105469 -0.0908050537109375 0.255569458007813
0.0644569396972656 0.00489044189453125 -0.0907440185546875 0.1510009765625
0.0368537902832031 0.0265617370605469 -0.061676025390625 0.0880966186523437
0.0219192504882813 0.0286502838134766 -0.00180435180664063 0.0402488708496094
0.0416374206542969 0.0110702514648438 0.155197143554688 0.07672119140625
0.0834579467773438 0.0403289794921875 0.220443725585937 0.240646362304687
0.0108642578125 0.147323608398437 -0.253067016601563 -0.229080200195312
0.0540542602539063 0.117927551269531 -0.19183349609375 -0.101959228515625
0.124374389648438 0.0605087280273438 -0.0128602981567383 -0.0147895812988281
0.10577392578125 -0.02410888671875 0.0560455322265625 -0.0435523986816406
0.0574798583984375 -0.0754776000976563 0.126510620117188 -0.0956649780273437
-0.00414276123046875 -0.0665779113769531 0.114120483398438 -0.219436645507813
-0.0194244384765625 -0.0733489990234375 0.01513671875 -0.308380126953125
-0.000411987304687506 -0.0804061889648437 -0.00891113281249998 -0.297454833984375
-0.0155487060546875 -0.0762863159179688 -0.000366210937499977 -0.302215576171875
0.0218505859375 -0.0772857666015625 0.0624542236328125 -0.23968505859375
0.0619430541992188 -0.0685539245605469 0.0439682006835937 -0.12335205078125
0.112968444824219 -0.0299224853515625 -0.033843994140625 -0.0968246459960938
0.104850769042969 0.0690383911132813 -0.11724853515625 -0.134071350097656
0.0633468627929687 0.098846435546875 -0.219345092773438 -0.231491088867187
0.00771331787109374 0.111167907714844 -0.199554443359375 -0.465423583984375
0.102874755859375 0.28497314453125 -0.231765747070313 -0.19732666015625
0.132278442382813 0.23260498046875 -0.175994873046875 -0.103805541992187
0.250595092773438 0.151748657226563 -0.0185909271240234 -0.0147857666015625
0.232650756835937 0.0001983642578125 0.0424728393554688 -0.0234565734863281
0.182998657226563 -0.105209350585937 0.125823974609375 -0.0562362670898438
0.0749053955078125 -0.156097412109375 0.114425659179688 -0.178573608398438
0.013092041015625 -0.184539794921875 0.024169921875 -0.257659912109375
0.033538818359375 -0.195816040039063 -0.00460815429687498 -0.238449096679688
0.0018768310546875 -0.199295043945312 -0.0101776123046875 -0.245986938476562
0.0660858154296875 -0.1768798828125 0.035888671875 -0.188125610351563
0.142807006835938 -0.15264892578125 0.0228347778320313 -0.082061767578125
0.223068237304688 -0.0841827392578125 -0.0609359741210938 -0.0657196044921875
0.252456665039063 0.103073120117188 -0.147613525390625 -0.107162475585938
0.199371337890625 0.175216674804688 -0.233718872070313 -0.208221435546875
0.12762451171875 0.246810913085938 -0.203582763671875 -0.412628173828125
0.1793212890625 0.38922119140625 -0.186874389648438 -0.114822387695312
0.197723388671875 0.326385498046875 -0.137870788574219 -0.0741653442382812
0.352630615234375 0.23284912109375 -0.0171842575073242 -0.0123567581176758
0.340179443359375 0.031707763671875 0.0220050811767578 -0.00722694396972656
0.296356201171875 -0.116058349609375 0.100379943847656 -0.0154037475585938
0.154830932617188 -0.2218017578125 0.0879974365234375 -0.114280700683594
0.049407958984375 -0.2684326171875 0.0224761962890625 -0.168548583984375
0.0633392333984375 -0.2811279296875 0.000762939453124988 -0.14324951171875
0.012725830078125 -0.292999267578125 -0.0128936767578125 -0.152877807617188
0.09014892578125 -0.257171630859375 0.0111770629882813 -0.107032775878906
0.19708251953125 -0.230361938476563 0.0075054168701172 -0.0253009796142578
0.299713134765625 -0.147369384765625 -0.0750579833984375 -0.0226669311523437
0.3740234375 0.10284423828125 -0.154556274414062 -0.0653839111328125
0.31732177734375 0.2139892578125 -0.208541870117188 -0.163330078125
0.235595703125 0.341094970703125 -0.166717529296875 -0.31622314453125
0.232879638671875 0.43621826171875 -0.12274169921875 0.0096435546875
0.250213623046875 0.371917724609375 -0.0801239013671875 -0.0130691528320312
0.419677734375 0.26885986328125 -0.00834941864013669 -0.000871181488037091
0.4061279296875 0.044891357421875 -0.00380802154541013 0.0115385055541992
0.3670654296875 -0.11907958984375 0.0526924133300781 0.0288772583007812
0.210205078125 -0.25885009765625 0.0381584167480469 -0.0294990539550781
0.07733154296875 -0.31329345703125 0.0122642517089844 -0.0497779846191406
0.083343505859375 -0.324951171875 0.00646018981933594 -0.026519775390625
0.023040771484375 -0.343048095703125 -0.006591796875 -0.0385169982910156
0.101165771484375 -0.29937744140625 -0.00338602066040038 -0.00688409805297853
0.222061157226563 -0.274337768554687 0.000286102294921888 0.0402755737304687
0.334197998046875 -0.1905517578125 -0.073822021484375 0.0250167846679687
0.438018798828125 0.088226318359375 -0.135414123535156 -0.0229415893554688
0.3848876953125 0.220855712890625 -0.141128540039063 -0.111557006835938
0.305755615234375 0.382720947265625 -0.0911102294921875 -0.19305419921875
0.2576904296875 0.4119873046875 -0.044525146484375 0.152481079101563
0.275238037109375 0.3504638671875 -0.00908660888671873 0.0679702758789063
0.422943115234375 0.242340087890625 0.0048637390136719 0.0220794677734375
0.400604248046875 0.0361328125 -0.0275192260742187 0.0364608764648438
0.366455078125 -0.11322021484375 -0.00552368164062498 0.0736846923828125
0.2220458984375 -0.256683349609375 -0.020233154296875 0.0664749145507812
0.088653564453125 -0.30712890625 -0.000907897949218745 0.0808258056640625
0.09033203125 -0.31787109375 0.0126419067382813 0.0936279296875
0.0328369140625 -0.33868408203125 0.00566864013671874 0.0811080932617187
0.105804443359375 -0.289306640625 -0.0111618041992187 0.0963821411132812
0.221038818359375 -0.263412475585938 -0.00482177734374999 0.101913452148437
0.31842041015625 -0.1824951171875 -0.0628242492675781 0.0667572021484375
0.421661376953125 0.07940673828125 -0.0981674194335937 0.0101776123046875
0.3753662109375 0.203338623046875 -0.0469207763671875 -0.061065673828125
0.318084716796875 0.367095947265625 0.0081443786621094 -0.0620574951171875
0.246429443359375 0.318359375 0.04364013671875 0.285858154296875
0.257858276367188 0.260040283203125 0.0671234130859375 0.1484375
0.34814453125 0.1632080078125 0.02178955078125 0.0524101257324219
0.314361572265625 0.010650634765625 -0.0380630493164062 0.0654220581054688
0.292388916015625 -0.09423828125 -0.0528335571289062 0.11077880859375
0.186172485351563 -0.213623046875 -0.0673980712890625 0.15435791015625
0.079925537109375 -0.252655029296875 -0.008880615234375 0.199310302734375
0.08349609375 -0.26080322265625 0.018280029296875 0.199447631835937
0.0462646484375 -0.280929565429688 0.01544189453125 0.187423706054688
0.106887817382813 -0.22772216796875 -0.0230560302734375 0.181381225585937
0.19635009765625 -0.195343017578125 -0.019256591796875 0.145492553710938
0.258621215820313 -0.120864868164063 -0.0526885986328125 0.09295654296875
0.327484130859375 0.081573486328125 -0.0565757751464843 0.0298652648925781
0.296234130859375 0.166961669921875 0.0463790893554688 -0.0142974853515625
0.273681640625 0.300750732421875 0.107551574707031 0.0603790283203125
0.1912841796875 0.175765991210937 0.13067626953125 0.38330078125
0.192825317382813 0.128814697265625 0.139816284179688 0.21038818359375
0.208251953125 0.0629425048828125 0.0457839965820313 0.0793380737304688
0.175933837890625 -0.0120391845703125 -0.0263595581054687 0.0875701904296875
0.169769287109375 -0.057647705078125 -0.0765762329101562 0.129951477050781
0.119461059570312 -0.134719848632813 -0.09088134765625 0.216018676757813
0.0580902099609375 -0.157760620117188 -0.00808715820312498 0.28509521484375
0.0639801025390625 -0.16424560546875 0.0217132568359375 0.274734497070313
0.054412841796875 -0.180770874023437 0.0146026611328125 0.264968872070313
0.09368896484375 -0.132156372070312 -0.0458221435546875 0.235076904296875
0.14422607421875 -0.0943603515625 -0.047119140625 0.160842895507813
0.161178588867188 -0.0396270751953125 -0.051025390625 0.0985870361328125
0.182022094726562 0.071502685546875 -0.0227394104003906 0.0382041931152344
0.171737670898438 0.10430908203125 0.116157531738281 0.0291213989257813
0.186737060546875 0.1861572265625 0.183273315429688 0.160232543945313
0.0969009399414063 0.01275634765625 0.19970703125 0.431854248046875
0.0886917114257813 -0.00432586669921875 0.20220947265625 0.24212646484375
0.041778564453125 -0.0213203430175781 0.0774002075195313 0.0938720703125
0.0241432189941406 -0.0131683349609375 0.00321197509765624 0.0918807983398438
0.0374183654785156 -0.00388717651367188 -0.0771713256835937 0.128181457519531
0.0445480346679687 -0.0340194702148438 -0.0889129638671875 0.241546630859375
0.0331535339355469 -0.037872314453125 0.00115966796875001 0.32501220703125
0.0355186462402344 -0.0428962707519531 0.02301025390625 0.30792236328125
0.0486259460449219 -0.0571861267089844 0.00296020507812503 0.303070068359375
0.0577621459960938 -0.0270195007324219 -0.076507568359375 0.250350952148438
0.0627937316894531 0.00127792358398438 -0.08184814453125 0.147537231445313
0.0376129150390625 0.0231666564941406 -0.0543136596679688 0.08624267578125
0.0250167846679688 0.0273590087890625 0.00102615356445312 0.0393180847167969
0.041900634765625 0.0117683410644531 0.153640747070313 0.067474365234375
0.0827102661132813 0.03961181640625 0.224227905273438 0.222946166992188
0.013092041015625 0.140327453613281 -0.250198364257813 -0.219757080078125
0.0534210205078125 0.112289428710938 -0.188018798828125 -0.096160888671875
0.120658874511719 0.0561904907226563 -0.0132532119750976 -0.0167913436889648
0.100921630859375 -0.0240707397460938 0.0524940490722656 -0.0424423217773438
0.0522613525390625 -0.0720367431640625 0.120552062988281 -0.0932846069335937
-0.00455093383789063 -0.0616073608398437 0.108795166015625 -0.215240478515625
-0.0190505981445313 -0.0689811706542969 0.00909423828124998 -0.300079345703125
-0.00188446044921875 -0.0770797729492188 -0.013671875 -0.2889404296875
-0.0164642333984375 -0.0711288452148438 -0.00659179687500003 -0.29400634765625
0.0191192626953125 -0.0740203857421875 0.058013916015625 -0.23565673828125
0.0585708618164063 -0.067535400390625 0.043853759765625 -0.120376586914062
0.108879089355469 -0.032470703125 -0.034027099609375 -0.0918960571289063
0.102828979492188 0.0649337768554688 -0.115882873535156 -0.126129150390625
0.0620193481445313 0.0938034057617188 -0.214508056640625 -0.220352172851562
0.0110549926757813 0.105720520019531 -0.19915771484375 -0.446319580078125
0.104415893554688 0.272598266601563 -0.229446411132813 -0.18963623046875
0.130126953125 0.223236083984375 -0.172775268554688 -0.0987854003906249
0.244384765625 0.14239501953125 -0.0191249847412109 -0.0191516876220703
0.224151611328125 -0.00262451171875 0.0388908386230469 -0.0239791870117188
0.173812866210938 -0.103622436523438 0.121017456054688 -0.0559539794921875
0.07080078125 -0.149032592773437 0.109512329101562 -0.174484252929688
0.0107421875 -0.177597045898438 0.0177764892578125 -0.251144409179688
0.0294342041015625 -0.190185546875 -0.00849914550781247 -0.232421875
-0.00120544433593751 -0.190628051757813 -0.0139312744140625 -0.239593505859375
0.061431884765625 -0.171035766601563 0.0329132080078125 -0.18634033203125
0.136703491210938 -0.14971923828125 0.0244903564453125 -0.0797576904296875
0.214569091796875 -0.0861358642578125 -0.0594367980957031 -0.0618515014648438
0.248336791992188 0.095794677734375 -0.143524169921875 -0.100540161132812
0.194290161132812 0.167129516601563 -0.228225708007813 -0.197067260742187
0.129592895507812 0.2376708984375 -0.20220947265625 -0.39642333984375
0.179290771484375 0.3740234375 -0.184967041015625 -0.110458374023437
0.195648193359375 0.315216064453125 -0.135429382324219 -0.071258544921875
0.345123291015625 0.21881103515625 -0.0176963806152344 -0.0181694030761719
0.329010009765625 0.02569580078125 0.0194587707519531 -0.00937271118164063
0.28387451171875 -0.116363525390625 0.0963973999023438 -0.0170516967773438
0.147064208984375 -0.214309692382813 0.0836029052734375 -0.111763000488281
0.045745849609375 -0.259918212890625 0.0183563232421875 -0.1646728515625
0.0571441650390625 -0.274810791015625 -0.00152587890625 -0.140655517578125
0.00741577148437503 -0.282958984375 -0.014617919921875 -0.149642944335938
0.084930419921875 -0.249542236328125 0.0108642578125 -0.106536865234375
0.187911987304688 -0.226150512695313 0.0101356506347656 -0.025909423828125
0.289093017578125 -0.14886474609375 -0.0727615356445312 -0.0210189819335938
0.366668701171875 0.094451904296875 -0.14837646484375 -0.0606842041015625
0.30889892578125 0.204010009765625 -0.202957153320313 -0.154953002929688
0.235931396484375 0.328338623046875 -0.163299560546875 -0.304046630859375
0.23321533203125 0.418548583984375 -0.120590209960937 0.0088882446289063
0.24664306640625 0.3585205078125 -0.0783309936523438 -0.0128097534179687
0.410400390625 0.253082275390625 -0.00918388366699216 -0.00769519805908201
0.39434814453125 0.037933349609375 -0.00465583801269529 0.00801610946655274
0.35345458984375 -0.122039794921875 0.0508842468261719 0.0257682800292969
0.200363159179687 -0.251922607421875 0.0360755920410156 -0.0286331176757813
0.071807861328125 -0.30364990234375 0.0109825134277344 -0.0490570068359375
0.076141357421875 -0.31787109375 0.00588989257812501 -0.0283584594726563
0.016998291015625 -0.331878662109375 -0.00600051879882812 -0.0386123657226563
0.0955810546875 -0.290924072265625 -0.00170135498046874 -0.00835561752319338
0.211318969726563 -0.270248413085938 0.00334548950195314 0.0370292663574219
0.32073974609375 -0.190093994140625 -0.0700721740722656 0.0246925354003906
0.430572509765625 0.079559326171875 -0.128677368164063 -0.0208358764648437
0.37457275390625 0.21051025390625 -0.136314392089844 -0.1065673828125
0.30499267578125 0.368011474609375 -0.0871124267578125 -0.185745239257812
0.256561279296875 0.39593505859375 -0.0412750244140625 0.146896362304688
0.27154541015625 0.337890625 -0.00730133056640624 0.0650825500488281
0.414794921875 0.22894287109375 0.00388622283935549 0.0145425796508789
0.389495849609375 0.02996826171875 -0.0266971588134765 0.0320663452148437
0.355010986328125 -0.11700439453125 -0.00463485717773436 0.0689544677734375
0.211883544921875 -0.251785278320313 -0.0194664001464844 0.0657501220703125
0.08306884765625 -0.299560546875 0.000450134277343761 0.0775527954101562
0.082916259765625 -0.311859130859375 0.0140228271484375 0.088714599609375
0.027008056640625 -0.328216552734375 0.0081939697265625 0.0769805908203125
0.100738525390625 -0.2813720703125 -0.00759124755859374 0.0921859741210938
0.210189819335938 -0.258743286132813 -0.00163269042968749 0.0968399047851562
0.306365966796875 -0.1805419921875 -0.0587806701660156 0.0644149780273437
0.414154052734375 0.072418212890625 -0.0914459228515625 0.0110626220703125
0.366973876953125 0.193634033203125 -0.0443496704101562 -0.059356689453125
0.31768798828125 0.355010986328125 0.011627197265625 -0.0605850219726562
0.244384765625 0.30706787109375 0.046142578125 0.27471923828125
0.25433349609375 0.251113891601563 0.0677490234375 0.141983032226563
0.340728759765625 0.154571533203125 0.0206832885742188 0.0451393127441406
0.306121826171875 0.005767822265625 -0.0362396240234375 0.0601730346679687
0.283294677734375 -0.096954345703125 -0.0498733520507813 0.105728149414063
0.178665161132813 -0.210418701171875 -0.0644683837890625 0.151779174804688
0.0752105712890625 -0.24664306640625 -0.005218505859375 0.193389892578125
0.0773162841796875 -0.256942749023438 0.021148681640625 0.191390991210937
0.0404510498046875 -0.27325439453125 0.01959228515625 0.179534912109375
0.101821899414063 -0.2220458984375 -0.0177154541015625 0.175430297851563
0.1881103515625 -0.19140625 -0.0154800415039062 0.139213562011719
0.249237060546875 -0.121078491210938 -0.0488128662109375 0.089324951171875
0.321441650390625 0.075531005859375 -0.0513191223144531 0.0298957824707031
0.289093017578125 0.160552978515625 0.0463027954101563 -0.0153846740722656
0.272674560546875 0.28973388671875 0.108612060546875 0.0566482543945313
0.188064575195313 0.169723510742188 0.131134033203125 0.367584228515625
0.18798828125 0.12408447265625 0.139236450195313 0.200698852539063
0.203826904296875 0.059600830078125 0.0442581176757813 0.0733718872070313
0.1710205078125 -0.013214111328125 -0.0248947143554687 0.0815963745117187
0.165863037109375 -0.0590972900390625 -0.0732574462890625 0.125038146972656
0.115188598632813 -0.132850646972656 -0.08636474609375 0.21240234375
0.0555267333984375 -0.154708862304688 -0.00250244140624997 0.27691650390625
0.0602569580078125 -0.16259765625 0.026031494140625 0.264358520507813
0.049591064453125 -0.177886962890625 0.019775390625 0.25445556640625
0.0911331176757813 -0.129829406738281 -0.039642333984375 0.2283935546875
0.138710021972656 -0.0936355590820313 -0.0434722900390625 0.155044555664062
0.156021118164063 -0.040771484375 -0.0463333129882812 0.0955352783203125
0.179885864257813 0.0666961669921875 -0.0195388793945313 0.0369606018066406
0.168792724609375 0.100997924804688 0.114425659179688 0.0260696411132813
0.185623168945313 0.180999755859375 0.18292236328125 0.152267456054688
0.09320068359375 0.0134429931640625 0.199127197265625 0.414306640625
0.08538818359375 -0.00415802001953125 0.200180053710937 0.231063842773438
0.0406455993652344 -0.0190467834472656 0.0756301879882813 0.0887069702148438
0.0235729217529297 -0.012115478515625 0.00366973876953126 0.0859756469726563
0.0383872985839844 -0.00475311279296875 -0.0744857788085938 0.123298645019531
0.0437736511230469 -0.0356941223144531 -0.0840301513671875 0.237548828125
0.0325546264648437 -0.0385284423828125 0.00799560546875003 0.315521240234375
0.0348968505859375 -0.0435676574707031 0.027069091796875 0.29803466796875
0.0458526611328125 -0.0588760375976562 0.00973510742187498 0.292327880859375
0.0562705993652344 -0.0281600952148438 -0.069305419921875 0.244644165039063
0.0619621276855469 0.000308990478515625 -0.0777130126953125 0.143020629882813
0.0378379821777344 0.0216293334960938 -0.050537109375 0.0835800170898437
0.0268764495849609 0.0258979797363281 0.00294876098632813 0.0382728576660156
0.0426292419433594 0.0130462646484375 0.150421142578125 0.06231689453125
0.08184814453125 0.0402374267578125 0.223236083984375 0.21331787109375
0.0133819580078125 0.136558532714844 -0.250289916992187 -0.219192504882813
0.0518722534179688 0.110359191894531 -0.187942504882813 -0.096343994140625
0.118217468261719 0.0542755126953125 -0.0145168304443359 -0.0193805694580078
0.098724365234375 -0.02374267578125 0.0498771667480469 -0.0416297912597656
0.0493621826171875 -0.0694427490234375 0.119773864746094 -0.0908660888671875
-0.00428771972656251 -0.0586013793945313 0.108871459960937 -0.21453857421875
-0.01812744140625 -0.0668106079101563 0.00604248046874998 -0.29718017578125
-0.00214385986328126 -0.0757217407226563 -0.015289306640625 -0.28680419921875
-0.0161514282226563 -0.0682792663574219 -0.00830078125000003 -0.29241943359375
0.0181121826171875 -0.0728302001953125 0.05706787109375 -0.235916137695313
0.056732177734375 -0.0673599243164063 0.0456466674804687 -0.119308471679688
0.107406616210938 -0.033721923828125 -0.0342559814453125 -0.0893783569335938
0.102577209472656 0.0642547607421875 -0.115806579589844 -0.123489379882813
0.061279296875 0.0915145874023438 -0.213165283203125 -0.216201782226563
0.01275634765625 0.1036376953125 -0.198089599609375 -0.44000244140625
0.104446411132812 0.268356323242188 -0.230010986328125 -0.188873291015625
0.128738403320313 0.22064208984375 -0.172561645507813 -0.0989837646484375
0.241256713867187 0.139190673828125 -0.0207004547119141 -0.0231266021728516
0.220062255859375 -0.003326416015625 0.0369834899902344 -0.0244789123535156
0.1693115234375 -0.102264404296875 0.119659423828125 -0.05548095703125
0.070526123046875 -0.144287109375 0.108871459960938 -0.173812866210938
0.0119171142578125 -0.174774169921875 0.016143798828125 -0.249679565429688
0.02825927734375 -0.188751220703125 -0.010009765625 -0.23162841796875
-0.0015411376953125 -0.186874389648437 -0.014801025390625 -0.238739013671875
0.0605316162109375 -0.16900634765625 0.0325927734375 -0.186904907226562
0.134750366210938 -0.14886474609375 0.0272140502929688 -0.08062744140625
0.21356201171875 -0.0878143310546875 -0.0594100952148437 -0.0606346130371094
0.247879028320312 0.094329833984375 -0.141265869140625 -0.0981903076171875
0.192291259765625 0.165328979492188 -0.225540161132812 -0.194793701171875
0.131362915039063 0.234664916992187 -0.19879150390625 -0.38958740234375
0.17950439453125 0.368621826171875 -0.186050415039063 -0.110198974609375
0.193389892578125 0.312469482421875 -0.135284423828125 -0.0715255737304687
0.3414306640625 0.2147216796875 -0.019540786743164 -0.0240898132324219
0.324981689453125 0.025726318359375 0.0174484252929688 -0.0113086700439453
0.279342651367188 -0.115646362304687 0.0956344604492188 -0.0175628662109375
0.145538330078125 -0.209991455078125 0.0829086303710938 -0.11083984375
0.04559326171875 -0.256500244140625 0.0165252685546875 -0.164047241210938
0.055023193359375 -0.273696899414063 -0.00247192382812501 -0.141250610351563
0.00692749023437499 -0.278915405273438 -0.014892578125 -0.149688720703125
0.08367919921875 -0.247238159179688 0.0116348266601563 -0.107902526855469
0.185760498046875 -0.224563598632813 0.0127029418945313 -0.0274085998535156
0.286224365234375 -0.14886474609375 -0.0715713500976562 -0.0206832885742188
0.367279052734375 0.092681884765625 -0.145645141601563 -0.06036376953125
0.3055419921875 0.202789306640625 -0.199813842773437 -0.153228759765625
0.2379150390625 0.325836181640625 -0.159149169921875 -0.29888916015625
0.23236083984375 0.41497802734375 -0.121017456054687 0.00717926025390626
0.245147705078125 0.3575439453125 -0.0780487060546875 -0.0139236450195312
0.40802001953125 0.249053955078125 -0.0111780166625976 -0.0141258239746094
0.389739990234375 0.0369873046875 -0.00592708587646482 0.00463676452636719
0.34844970703125 -0.1220703125 0.0501289367675781 0.0235137939453125
0.198806762695313 -0.248336791992187 0.0359458923339844 -0.0274162292480469
0.0718994140625 -0.300689697265625 0.00931930541992188 -0.0494766235351563
0.0736083984375 -0.318572998046875 0.00604438781738282 -0.0295391082763672
0.0147705078125 -0.328521728515625 -0.00512313842773437 -0.0404739379882813
0.094451904296875 -0.288238525390625 -0.000259399414062493 -0.0104074478149414
0.208465576171875 -0.267974853515625 0.0055370330810547 0.0345954895019531
0.317138671875 -0.190093994140625 -0.0692100524902344 0.0234718322753906
0.428955078125 0.078216552734375 -0.124809265136719 -0.0206527709960938
0.370819091796875 0.208648681640625 -0.133407592773437 -0.105827331542969
0.306060791015625 0.366424560546875 -0.0830230712890625 -0.183563232421875
0.25640869140625 0.393829345703125 -0.041748046875 0.143341064453125
0.270172119140625 0.337677001953125 -0.00653839111328123 0.0636978149414063
0.41302490234375 0.22503662109375 0.0019493103027344 0.00867366790771486
0.386077880859375 0.029815673828125 -0.0274410247802734 0.0281791687011719
0.351898193359375 -0.1175537109375 -0.00470352172851561 0.0664749145507812
0.210678100585938 -0.248977661132813 -0.0192298889160156 0.0662994384765625
0.082427978515625 -0.2967529296875 0.000686645507812512 0.0765380859375
0.081634521484375 -0.31268310546875 0.0142364501953125 0.086334228515625
0.025787353515625 -0.3258056640625 0.0102386474609375 0.0740814208984375
0.100723266601563 -0.278732299804687 -0.00565338134765625 0.0900421142578125
0.208465576171875 -0.256851196289063 -0.000434875488281231 0.0936355590820312
0.303375244140625 -0.179901123046875 -0.0578880310058594 0.0624961853027344
0.4140625 0.06964111328125 -0.0876541137695312 0.0098114013671875
0.364227294921875 0.19342041015625 -0.0424842834472656 -0.05987548828125
0.318450927734375 0.353515625 0.0154876708984375 -0.0606727600097656
0.242645263671875 0.306549072265625 0.046600341796875 0.270416259765625
0.252227783203125 0.251983642578125 0.0682525634765625 0.139503479003906
0.340057373046875 0.152069091796875 0.0191497802734375 0.0401420593261719
0.303985595703125 0.00506591796875 -0.0362014770507812 0.0562667846679687
0.282135009765625 -0.09893798828125 -0.0500946044921875 0.102348327636719
0.177780151367188 -0.209381103515625 -0.0639801025390625 0.152450561523438
0.0754852294921875 -0.245071411132813 -0.00415039062499998 0.191558837890625
0.0760040283203125 -0.25787353515625 0.0220794677734375 0.18792724609375
0.0390777587890625 -0.272109985351563 0.021087646484375 0.17559814453125
0.10223388671875 -0.219802856445313 -0.01580810546875 0.173187255859375
0.186721801757813 -0.189865112304688 -0.014862060546875 0.135604858398438
0.24713134765625 -0.120574951171875 -0.0478591918945312 0.0872116088867187
0.32196044921875 0.073760986328125 -0.0482292175292969 0.0283432006835938
0.286468505859375 0.160430908203125 0.046722412109375 -0.0166854858398437
0.273284912109375 0.289642333984375 0.111541748046875 0.05560302734375
0.18646240234375 0.170989990234375 0.131256103515625 0.36285400390625
0.187210083007813 0.125228881835938 0.139358520507813 0.198104858398437
0.203506469726562 0.060516357421875 0.0427818298339844 0.0699729919433594
0.1697998046875 -0.01251220703125 -0.0250320434570312 0.0777053833007813
0.166397094726563 -0.060546875 -0.0740966796875 0.121635437011719
0.115554809570313 -0.13372802734375 -0.08624267578125 0.2130126953125
0.0558624267578125 -0.154678344726563 0.000381469726562473 0.274688720703125
0.0598907470703125 -0.163726806640625 0.0275726318359375 0.260345458984375
0.04827880859375 -0.178329467773438 0.022003173828125 0.250228881835938
0.0909576416015625 -0.129737854003906 -0.0379180908203125 0.22589111328125
0.138023376464844 -0.093353271484375 -0.0430145263671875 0.15203857421875
0.15478515625 -0.040863037109375 -0.0450515747070312 0.09320068359375
0.181076049804688 0.0656280517578125 -0.0172920227050781 0.0360794067382813
0.168609619140625 0.102081298828125 0.113983154296875 0.0246505737304688
0.185760498046875 0.181793212890625 0.185684204101563 0.150283813476563
0.0918350219726563 0.0159149169921875 0.198333740234375 0.407379150390625
0.0841445922851563 -0.00279998779296875 0.199539184570313 0.227645874023438
0.0400276184082031 -0.0167236328125 0.07464599609375 0.0874252319335938
0.0237350463867188 -0.0107841491699219 0.00299072265625001 0.0825271606445312
0.0401077270507813 -0.00563430786132813 -0.0752334594726563 0.121231079101562
0.0448455810546875 -0.037017822265625 -0.0846710205078125 0.237594604492188
0.0331764221191406 -0.0397224426269531 0.00997924804687503 0.313385009765625
0.0349502563476563 -0.0451316833496094 0.02825927734375 0.294158935546875
0.0451507568359375 -0.0609512329101563 0.01177978515625 0.288055419921875
0.0569381713867187 -0.029022216796875 -0.066741943359375 0.243087768554688
0.0625572204589844 -0.00055694580078125 -0.0773162841796875 0.141372680664063
0.0383415222167969 0.02105712890625 -0.0480499267578125 0.0818023681640625
0.0286693572998047 0.025115966796875 0.004638671875 0.0377273559570313
0.0433769226074219 0.0142478942871094 0.149627685546875 0.0611724853515625
0.0829620361328125 0.04296875 0.223388671875 0.210922241210937
0.015167236328125 0.13653564453125 -0.259597778320312 -0.221435546875
0.053192138671875 0.110618591308594 -0.194122314453125 -0.0970611572265625
0.119674682617188 0.0527725219726563 -0.0171241760253906 -0.022552490234375
0.098541259765625 -0.0246047973632812 0.0480995178222656 -0.0423240661621094
0.047698974609375 -0.0693016052246094 0.121719360351562 -0.0928802490234375
-0.00429153442382813 -0.056549072265625 0.10906982421875 -0.220687866210938
-0.0179824829101563 -0.0668373107910156 0.00131225585937501 -0.30194091796875
-0.00359344482421874 -0.0761642456054688 -0.020477294921875 -0.291259765625
-0.0166130065917969 -0.0674095153808594 -0.01318359375 -0.2969970703125
0.0164260864257813 -0.0730133056640625 0.054901123046875 -0.243133544921875
0.0566368103027344 -0.0695381164550781 0.0483627319335938 -0.122322082519531
0.108406066894531 -0.03704833984375 -0.0362014770507813 -0.0892868041992188
0.1055908203125 0.0638275146484375 -0.118972778320313 -0.122367858886719
0.0627212524414063 0.0916213989257812 -0.218246459960937 -0.216796875
0.0153274536132813 0.103370666503906 -0.205596923828125 -0.443206787109375
0.109344482421875 0.270706176757813 -0.238479614257812 -0.190826416015625
0.132171630859375 0.222854614257813 -0.177825927734375 -0.0994262695312499
0.246185302734375 0.137252807617188 -0.0240936279296875 -0.0274925231933594
0.222732543945313 -0.005462646484375 0.0354194641113281 -0.0258255004882813
0.169265747070312 -0.103958129882813 0.121047973632813 -0.0573272705078125
0.0706634521484375 -0.144729614257813 0.109634399414063 -0.179183959960938
0.0115814208984375 -0.176284790039063 0.0111541748046875 -0.253829956054688
0.0255584716796875 -0.192489624023438 -0.0140380859375 -0.2357177734375
-0.00367736816406248 -0.1884765625 -0.0190582275390625 -0.244171142578125
0.05908203125 -0.171646118164062 0.0311126708984375 -0.193206787109375
0.134841918945313 -0.152999877929688 0.0298004150390625 -0.0833816528320313
0.215576171875 -0.0925750732421875 -0.0611801147460937 -0.0607070922851563
0.255523681640625 0.0927734375 -0.144729614257813 -0.0984039306640625
0.196640014648438 0.165542602539063 -0.230484008789062 -0.195098876953125
0.138885498046875 0.236923217773438 -0.204345703125 -0.3946533203125
0.1866455078125 0.37335205078125 -0.191787719726563 -0.111831665039062
0.200286865234375 0.31683349609375 -0.139053344726563 -0.0721588134765625
0.35015869140625 0.21307373046875 -0.0235042572021484 -0.0292720794677734
0.329559326171875 0.022186279296875 0.0158672332763672 -0.0131998062133789
0.280838012695313 -0.120452880859375 0.0971832275390625 -0.019866943359375
0.146942138671875 -0.211807250976562 0.084014892578125 -0.114036560058594
0.0443878173828125 -0.260467529296875 0.01336669921875 -0.167007446289063
0.051727294921875 -0.28125 -0.004730224609375 -0.14483642578125
0.00442504882812498 -0.282562255859375 -0.0171966552734375 -0.154708862304688
0.082916259765625 -0.251449584960938 0.0112686157226563 -0.112091064453125
0.185562133789063 -0.230331420898438 0.0150985717773438 -0.0297698974609375
0.289520263671875 -0.15655517578125 -0.07379150390625 -0.0207977294921875
0.377197265625 0.089447021484375 -0.147354125976562 -0.060638427734375
0.312774658203125 0.204071044921875 -0.203842163085937 -0.15362548828125
0.248992919921875 0.32830810546875 -0.162567138671875 -0.303009033203125
0.241058349609375 0.420562744140625 -0.124244689941406 0.00695800781250003
0.252593994140625 0.36279296875 -0.0796356201171875 -0.0145187377929687
0.418670654296875 0.24853515625 -0.0149364471435547 -0.0196361541748047
0.39593505859375 0.0323486328125 -0.0072369575500488 0.0015864372253418
0.352783203125 -0.12835693359375 0.0508880615234375 0.0215682983398437
0.20025634765625 -0.25262451171875 0.0367660522460938 -0.0282211303710938
0.071197509765625 -0.30609130859375 0.00870895385742188 -0.0501441955566407
0.069488525390625 -0.3265380859375 0.005401611328125 -0.0315971374511719
0.0103759765625 -0.33380126953125 -0.00524520874023437 -0.0432968139648438
0.0947265625 -0.2933349609375 0.000597000122070318 -0.0123138427734375
0.21002197265625 -0.274810791015625 0.00750923156738282 0.0327224731445312
0.3212890625 -0.19677734375 -0.0706558227539062 0.02423095703125
0.44091796875 0.073944091796875 -0.125007629394531 -0.0215682983398437
0.37884521484375 0.2103271484375 -0.135635375976562 -0.106742858886719
0.32061767578125 0.3699951171875 -0.082916259765625 -0.186721801757812
0.265289306640625 0.398895263671875 -0.0411529541015625 0.144744873046875
0.279510498046875 0.3419189453125 -0.00559616088867186 0.0635490417480469
0.423828125 0.22430419921875 -0.000873565673828099 0.00369405746459962
0.392822265625 0.0245361328125 -0.0290546417236328 0.0251388549804687
0.355560302734375 -0.12591552734375 -0.00478363037109372 0.0646553039550781
0.212631225585938 -0.254409790039063 -0.01873779296875 0.0687179565429687
0.0826416015625 -0.30316162109375 0.00186920166015625 0.0779342651367187
0.07781982421875 -0.32183837890625 0.016387939453125 0.0857162475585937
0.021240234375 -0.3323974609375 0.0115203857421875 0.0725936889648437
0.1007080078125 -0.284515380859375 -0.00347137451171875 0.0900192260742187
0.209716796875 -0.262939453125 0.00188446044921876 0.0924530029296875
0.30645751953125 -0.1868896484375 -0.0583267211914062 0.0630302429199219
0.424713134765625 0.064605712890625 -0.0871810913085937 0.0093841552734375
0.370849609375 0.19427490234375 -0.0427474975585937 -0.0613670349121093
0.331085205078125 0.35693359375 0.0188407897949219 -0.0622596740722656
0.250396728515625 0.311187744140625 0.0495758056640625 0.272628784179688
0.261703491210938 0.254837036132813 0.072662353515625 0.14093017578125
0.348388671875 0.15179443359375 0.0182342529296875 0.0372543334960938
0.309600830078125 0.0029296875 -0.0372428894042969 0.05401611328125
0.286865234375 -0.105438232421875 -0.0513916015625 0.102073669433594
0.180206298828125 -0.214736938476563 -0.0638275146484375 0.157135009765625
0.075469970703125 -0.251174926757812 0.000122070312499999 0.19500732421875
0.0730438232421875 -0.266036987304688 0.0259857177734375 0.189193725585937
0.035614013671875 -0.278732299804687 0.02471923828125 0.17572021484375
0.102890014648438 -0.225601196289063 -0.0125885009765625 0.176055908203125
0.187850952148438 -0.194931030273438 -0.0136642456054687 0.136466979980469
0.250396728515625 -0.125411987304688 -0.046905517578125 0.087646484375
0.33123779296875 0.0697021484375 -0.046966552734375 0.0274505615234375
0.293701171875 0.161376953125 0.048797607421875 -0.0186309814453125
0.28424072265625 0.292816162109375 0.118141174316406 0.05401611328125
0.191253662109375 0.174179077148438 0.1373291015625 0.36468505859375
0.192352294921875 0.127883911132813 0.14581298828125 0.198577880859375
0.208740234375 0.061553955078125 0.0438194274902344 0.0689048767089844
0.173049926757813 -0.0133514404296875 -0.0254058837890625 0.0760116577148438
0.169891357421875 -0.0650177001953125 -0.0755691528320313 0.122734069824219
0.117034912109375 -0.138145446777344 -0.0858001708984375 0.218841552734375
0.0564117431640625 -0.159225463867188 0.0052032470703125 0.278793334960938
0.058074951171875 -0.16973876953125 0.0318756103515625 0.263931274414063
0.0465087890625 -0.183944702148438 0.026611328125 0.25225830078125
0.0924072265625 -0.133506774902344 -0.03399658203125 0.2301025390625
0.140548706054688 -0.0972137451171875 -0.0423736572265625 0.153640747070313
0.157272338867188 -0.0431365966796875 -0.0442962646484375 0.0934677124023438
0.187362670898437 0.0643463134765625 -0.0149612426757812 0.0361518859863281
0.173019409179688 0.103286743164063 0.117149353027344 0.022796630859375
0.194000244140625 0.184951782226563 0.192947387695313 0.1497802734375
0.0932998657226562 0.0176239013671875 0.205078125 0.4095458984375
0.0850982666015625 -0.0021820068359375 0.20654296875 0.22882080078125
0.041351318359375 -0.0146369934082031 0.076812744140625 0.0871658325195313
0.0240459442138672 -0.0103302001953125 0.00369262695312499 0.081573486328125
0.0419845581054687 -0.0069427490234375 -0.0774078369140625 0.122474670410156
0.0453453063964844 -0.0396232604980469 -0.0848388671875 0.244659423828125
0.0341529846191406 -0.0419921875 0.0164794921875 0.318328857421875
0.0352325439453125 -0.0485382080078125 0.033111572265625 0.29791259765625
0.0441246032714844 -0.0646591186523437 0.0172119140625 0.291290283203125
0.0578079223632812 -0.0317001342773438 -0.0634613037109375 0.247634887695313
0.0639152526855469 -0.00183486938476563 -0.0773773193359375 0.14453125
0.0402984619140625 0.0206985473632813 -0.0471572875976562 0.0829696655273438
0.0312461853027344 0.025054931640625 0.00637817382812501 0.0375785827636719
0.0459976196289063 0.0154266357421875 0.15374755859375 0.0599365234375
0.0858230590820312 0.0447006225585937 0.23199462890625 0.2115478515625
0.0203857421875 0.137626647949219 -0.27716064453125 -0.217681884765625
0.05718994140625 0.110389709472656 -0.204574584960937 -0.092681884765625
0.123001098632813 0.04779052734375 -0.0209617614746094 -0.0242671966552734
0.0989761352539063 -0.02886962890625 0.0463676452636719 -0.0444259643554687
0.04473876953125 -0.0704421997070313 0.122314453125 -0.0991897583007813
-0.0057525634765625 -0.0556602478027344 0.1046142578125 -0.230804443359375
-0.0201873779296875 -0.0670280456542969 -0.011932373046875 -0.30889892578125
-0.007049560546875 -0.076934814453125 -0.033294677734375 -0.298065185546875
-0.0184211730957031 -0.0669517517089844 -0.02655029296875 -0.3052978515625
0.0136642456054688 -0.0746002197265625 0.046905517578125 -0.25384521484375
0.0547256469726563 -0.0733795166015625 0.0478744506835937 -0.128509521484375
0.109329223632813 -0.0434341430664062 -0.0403213500976562 -0.0886459350585937
0.1112060546875 0.0612640380859375 -0.126899719238281 -0.119148254394531
0.066986083984375 0.090606689453125 -0.230941772460938 -0.212753295898437
0.0201263427734375 0.10382080078125 -0.2249755859375 -0.445526123046875
0.121612548828125 0.27191162109375 -0.25250244140625 -0.187103271484375
0.143524169921875 0.223281860351562 -0.187347412109375 -0.096160888671875
0.25634765625 0.130020141601562 -0.0288257598876953 -0.0308628082275391
0.226516723632813 -0.0137786865234375 0.032979965209961 -0.0281085968017578
0.168289184570313 -0.111099243164063 0.123054504394531 -0.0630645751953125
0.068511962890625 -0.147613525390625 0.1068115234375 -0.18853759765625
0.0059356689453125 -0.180572509765625 0.000259399414062491 -0.260208129882813
0.01788330078125 -0.198577880859375 -0.024749755859375 -0.241195678710937
-0.01025390625 -0.191650390625 -0.0298614501953125 -0.250839233398438
0.054595947265625 -0.177398681640625 0.0246124267578125 -0.201583862304688
0.133071899414063 -0.1617431640625 0.0303802490234375 -0.0885467529296875
0.2176513671875 -0.104019165039063 -0.0657539367675781 -0.0587348937988281
0.267349243164063 0.084228515625 -0.151260375976562 -0.0952606201171875
0.206390380859375 0.1624755859375 -0.242706298828125 -0.191009521484375
0.152664184570313 0.236373901367188 -0.222900390625 -0.39617919921875
0.20465087890625 0.375640869140625 -0.202392578125 -0.109237670898438
0.2171630859375 0.316986083984375 -0.145782470703125 -0.0702056884765625
0.364837646484375 0.203948974609375 -0.0287322998046875 -0.0330829620361328
0.336944580078125 0.010406494140625 0.0130577087402344 -0.0162801742553711
0.28204345703125 -0.13330078125 0.098724365234375 -0.024627685546875
0.143661499023438 -0.220123291015625 0.0828628540039063 -0.120803833007813
0.0380401611328125 -0.267654418945313 0.00613403320312502 -0.170974731445313
0.041015625 -0.290985107421875 -0.01165771484375 -0.149383544921875
-0.00601196289062499 -0.289764404296875 -0.02423095703125 -0.159622192382813
0.076202392578125 -0.259750366210938 0.00753021240234375 -0.117668151855469
0.18218994140625 -0.24285888671875 0.0168533325195313 -0.0335063934326172
0.291534423828125 -0.171142578125 -0.0768280029296875 -0.0179595947265625
0.3924560546875 0.07562255859375 -0.15191650390625 -0.0580291748046875
0.3271484375 0.197998046875 -0.213058471679688 -0.150558471679687
0.269805908203125 0.32720947265625 -0.175201416015625 -0.304534912109375
0.261993408203125 0.42401123046875 -0.12835693359375 0.0102920532226563
0.274169921875 0.363555908203125 -0.0821685791015625 -0.0125808715820312
0.439697265625 0.236968994140625 -0.0194549560546875 -0.0238819122314453
0.40576171875 0.02008056640625 -0.0102109909057617 -0.00125885009765625
0.355987548828125 -0.144287109375 0.0522308349609375 0.0177879333496094
0.198043823242188 -0.263931274414063 0.0372581481933594 -0.0301780700683594
0.063232421875 -0.31634521484375 0.00645065307617188 -0.0516548156738281
0.057769775390625 -0.3388671875 0.00404548645019531 -0.0343685150146485
-0.00186157226562504 -0.342620849609375 -0.00766372680664063 -0.0468978881835938
0.0869140625 -0.303253173828125 0.00127601623535157 -0.0146417617797852
0.204376220703125 -0.289154052734375 0.0107841491699219 0.0304584503173828
0.321502685546875 -0.2144775390625 -0.0719985961914062 0.0262985229492188
0.458099365234375 0.057647705078125 -0.127655029296875 -0.0198974609375
0.394989013671875 0.201904296875 -0.141265869140625 -0.105697631835938
0.34423828125 0.367218017578125 -0.0885467529296874 -0.189376831054687
0.28765869140625 0.401641845703125 -0.037750244140625 0.147674560546875
0.300048828125 0.342742919921875 -0.00247955322265622 0.0641212463378907
0.44287109375 0.213836669921875 -0.0031929016113281 0.000150203704833997
0.40289306640625 0.01239013671875 -0.0304908752441406 0.0230236053466797
0.360565185546875 -0.143402099609375 -0.0035743713378906 0.0638618469238281
0.210372924804688 -0.26776123046875 -0.01617431640625 0.0717697143554687
0.075408935546875 -0.31414794921875 0.00510406494140625 0.0796432495117187
0.06561279296875 -0.334442138671875 0.0194549560546875 0.0856475830078125
0.00814819335937499 -0.34185791015625 0.0143814086914062 0.0714340209960937
0.094696044921875 -0.294708251953125 0.000762939453125015 0.0910568237304687
0.205337524414063 -0.276931762695313 0.00653839111328125 0.0925369262695312
0.307830810546875 -0.203033447265625 -0.0579643249511718 0.0658721923828125
0.440521240234375 0.04998779296875 -0.0868911743164062 0.00971221923828124
0.38665771484375 0.18756103515625 -0.04486083984375 -0.0626907348632812
0.357208251953125 0.35333251953125 0.0199775695800781 -0.066375732421875
0.267822265625 0.31317138671875 0.0605926513671875 0.27459716796875
0.278640747070313 0.255416870117188 0.0807037353515625 0.140655517578125
0.365264892578125 0.144500732421875 0.018606185913086 0.0346012115478516
0.317657470703125 -0.0079345703125 -0.0375175476074219 0.052703857421875
0.29052734375 -0.11956787109375 -0.0507965087890625 0.10400390625
0.178131103515625 -0.226318359375 -0.0594329833984375 0.164993286132812
0.070343017578125 -0.26104736328125 0.0080108642578125 0.19915771484375
0.063568115234375 -0.277786254882813 0.0334930419921875 0.1907958984375
0.02490234375 -0.288116455078125 0.0323944091796875 0.17626953125
0.0991363525390625 -0.23541259765625 -0.00428771972656247 0.17950439453125
0.18609619140625 -0.206710815429688 -0.00846099853515625 0.137496948242188
0.25164794921875 -0.137283325195313 -0.0451126098632812 0.090606689453125
0.34381103515625 0.057861328125 -0.0451240539550781 0.0278205871582031
0.306182861328125 0.156890869140625 0.0503349304199219 -0.0226478576660156
0.305145263671875 0.29071044921875 0.125732421875 0.0496902465820313
0.203109741210937 0.174468994140625 0.15362548828125 0.36767578125
0.202468872070313 0.12628173828125 0.158233642578125 0.197402954101563
0.218170166015625 0.0568695068359375 0.0467109680175781 0.0674285888671875
0.177627563476563 -0.0192718505859375 -0.0239715576171875 0.0755844116210938
0.173324584960938 -0.0745849609375 -0.075347900390625 0.126235961914063
0.116439819335938 -0.146347045898438 -0.08013916015625 0.229354858398437
0.0530853271484375 -0.166702270507813 0.017333984375 0.285125732421875
0.0531005859375 -0.178680419921875 0.0432891845703125 0.267105102539063
0.0393524169921875 -0.191696166992188 0.0379486083984375 0.254623413085938
0.0911865234375 -0.141860961914063 -0.024169921875 0.236328125
0.141067504882813 -0.103866577148438 -0.03851318359375 0.157913208007812
0.160140991210938 -0.0499725341796875 -0.0411605834960937 0.0963363647460938
0.1961669921875 0.0579376220703125 -0.0127334594726562 0.035858154296875
0.181304931640625 0.101242065429688 0.121604919433594 0.0180587768554688
0.207611083984375 0.183792114257813 0.205657958984375 0.144851684570313
0.09649658203125 0.0173492431640625 0.2252197265625 0.41033935546875
0.08685302734375 -0.003875732421875 0.221542358398438 0.225753784179688
0.0433883666992188 -0.0146217346191406 0.08270263671875 0.0862350463867188
0.0252914428710938 -0.0103549957275391 0.00586700439453125 0.0808792114257813
0.0436935424804688 -0.0102615356445313 -0.0779190063476562 0.127639770507813
0.0455093383789062 -0.043548583984375 -0.0782928466796875 0.256057739257812
0.0343894958496094 -0.04547119140625 0.030242919921875 0.32464599609375
0.0345306396484375 -0.0526618957519531 0.0458984375 0.302581787109375
0.0415000915527344 -0.0699615478515625 0.029632568359375 0.2962646484375
0.0598297119140625 -0.0359344482421875 -0.05426025390625 0.256271362304688
0.0664825439453125 -0.0050048828125 -0.0749359130859375 0.149978637695313
0.0425643920898438 0.0197296142578125 -0.0441055297851563 0.0850753784179687
0.0340671539306641 0.0239372253417969 0.00897216796875001 0.037384033203125
0.0485916137695313 0.0152549743652344 0.160369873046875 0.0552825927734375
0.091156005859375 0.0444107055664063 0.247024536132813 0.207611083984375
0.0282745361328125 0.135856628417969 -0.294830322265625 -0.204620361328125
0.0629959106445313 0.106781005859375 -0.213943481445313 -0.0811920166015625
0.125152587890625 0.0402069091796875 -0.0253772735595703 -0.0244598388671875
0.0972671508789062 -0.0343551635742187 0.0424575805664063 -0.0466804504394531
0.0400009155273438 -0.0717391967773438 0.118865966796875 -0.107093811035156
-0.00791168212890625 -0.0535659790039063 0.0928802490234375 -0.24176025390625
-0.0235519409179687 -0.0657539367675781 -0.031219482421875 -0.31121826171875
-0.0115966796875 -0.0767593383789063 -0.052642822265625 -0.2982177734375
-0.0222091674804687 -0.0654678344726563 -0.046112060546875 -0.30670166015625
0.00907135009765626 -0.075531005859375 0.030853271484375 -0.261306762695313
0.0501632690429688 -0.077880859375 0.0434722900390625 -0.133956909179688
0.107261657714844 -0.0514678955078125 -0.0457077026367188 -0.085205078125
0.117034912109375 0.0546035766601563 -0.135566711425781 -0.111412048339844
0.0724411010742188 0.0871200561523438 -0.24517822265625 -0.200515747070313
0.0274887084960938 0.101898193359375 -0.252593994140625 -0.435455322265625
0.138778686523438 0.2667236328125 -0.268310546875 -0.174819946289062
0.156494140625 0.2174072265625 -0.19677734375 -0.0860443115234375
0.265228271484375 0.114639282226563 -0.0344963073730469 -0.0312728881835937
0.22662353515625 -0.026123046875 0.0293407440185547 -0.0302982330322266
0.162002563476563 -0.120559692382813 0.1214599609375 -0.0713424682617188
0.061981201171875 -0.151138305664063 0.0975189208984375 -0.198379516601562
-0.00341796874999999 -0.182205200195313 -0.015594482421875 -0.261871337890625
0.00578308105468751 -0.202072143554688 -0.0405731201171875 -0.242645263671875
-0.02069091796875 -0.192764282226563 -0.0475921630859375 -0.252700805664062
0.045013427734375 -0.18170166015625 0.0120849609375 -0.206436157226563
0.123992919921875 -0.171340942382813 0.0279312133789063 -0.093505859375
0.2135009765625 -0.119338989257813 -0.0705795288085937 -0.0544662475585938
0.277267456054688 0.0680694580078125 -0.158538818359375 -0.087738037109375
0.217025756835938 0.1527099609375 -0.255523681640625 -0.178543090820312
0.170318603515625 0.2286376953125 -0.246490478515625 -0.386322021484375
0.22900390625 0.367431640625 -0.21240234375 -0.0987396240234375
0.236083984375 0.30853271484375 -0.152175903320312 -0.062896728515625
0.37982177734375 0.183074951171875 -0.0350170135498047 -0.0346908569335937
0.33905029296875 -0.007965087890625 0.00940895080566408 -0.0187644958496094
0.275955200195313 -0.150253295898438 0.0980148315429688 -0.0319290161132813
0.135147094726563 -0.228530883789063 0.077178955078125 -0.128257751464844
0.024078369140625 -0.272781372070313 -0.00428771972656252 -0.172683715820313
0.0224609375 -0.297119140625 -0.021636962890625 -0.150283813476563
-0.02294921875 -0.29180908203125 -0.0357513427734375 -0.16229248046875
0.062530517578125 -0.26678466796875 0.000938415527343758 -0.121391296386719
0.169876098632813 -0.256500244140625 0.01654052734375 -0.0377044677734375
0.28436279296875 -0.19091796875 -0.0799331665039063 -0.0132217407226563
0.403900146484375 0.051300048828125 -0.156661987304688 -0.051055908203125
0.340972900390625 0.1826171875 -0.2235107421875 -0.139999389648437
0.29541015625 0.313629150390625 -0.192626953125 -0.298431396484375
0.2916259765625 0.413909912109375 -0.130416870117187 0.016021728515625
0.297760009765625 0.35284423828125 -0.0834503173828125 -0.00955200195312497
0.45867919921875 0.21319580078125 -0.0239944458007812 -0.0265140533447265
0.409271240234375 -0.00335693359375 -0.0133438110351562 -0.0029439926147461
0.34967041015625 -0.168243408203125 0.0530662536621094 0.0128936767578125
0.186935424804688 -0.277542114257813 0.0364189147949219 -0.0334014892578125
0.047454833984375 -0.3240966796875 0.00350952148437501 -0.0521926879882813
0.036102294921875 -0.347381591796875 0.00136184692382813 -0.0360527038574219
-0.021881103515625 -0.346343994140625 -0.0122108459472656 -0.0491867065429688
0.071563720703125 -0.312103271484375 0.000704765319824222 -0.0163717269897461
0.19073486328125 -0.304656982421875 0.0138816833496094 0.0276832580566406
0.314178466796875 -0.2352294921875 -0.0723495483398438 0.0312652587890625
0.46923828125 0.0283203125 -0.129264831542969 -0.0152511596679688
0.410919189453125 0.184112548828125 -0.148361206054687 -0.09967041015625
0.373199462890625 0.350311279296875 -0.0984344482421874 -0.187728881835938
0.314727783203125 0.39208984375 -0.0303192138671875 0.149551391601563
0.3248291015625 0.33123779296875 0.00265884399414064 0.0631179809570313
0.46148681640625 0.190185546875 -0.00528001785278317 -0.00284862518310546
0.407928466796875 -0.009490966796875 -0.0318279266357422 0.0217552185058594
0.355865478515625 -0.1663818359375 -0.00162887573242185 0.0624961853027344
0.199493408203125 -0.2822265625 -0.01165771484375 0.0734329223632812
0.059478759765625 -0.3233642578125 0.0105514526367188 0.080108642578125
0.044952392578125 -0.343597412109375 0.0250473022460937 0.083404541015625
-0.01220703125 -0.3472900390625 0.0179176330566406 0.068603515625
0.08001708984375 -0.303680419921875 0.00785827636718752 0.090301513671875
0.191558837890625 -0.2919921875 0.0117416381835938 0.0907440185546875
0.299530029296875 -0.222625732421875 -0.0560264587402344 0.0693511962890625
0.450897216796875 0.021697998046875 -0.0866470336914062 0.0122222900390625
0.40264892578125 0.169921875 -0.047943115234375 -0.0624351501464844
0.384429931640625 0.337890625 0.0189437866210938 -0.0698623657226562
0.29034423828125 0.302886962890625 0.0769195556640625 0.272354125976563
0.296875 0.243255615234375 0.0917434692382813 0.135505676269531
0.38006591796875 0.12530517578125 0.0198249816894531 0.0314655303955078
0.320587158203125 -0.025848388671875 -0.0368804931640625 0.0512809753417969
0.287109375 -0.139068603515625 -0.0470657348632812 0.105690002441406
0.169235229492188 -0.240142822265625 -0.050201416015625 0.170867919921875
0.056915283203125 -0.269577026367187 0.021453857421875 0.2003173828125
0.04656982421875 -0.287017822265625 0.045440673828125 0.1893310546875
0.00765991210937498 -0.294219970703125 0.0428314208984375 0.173324584960938
0.088409423828125 -0.244186401367187 0.00743103027343752 0.180587768554687
0.176071166992188 -0.219619750976563 -0.000900268554687488 0.138336181640625
0.246963500976563 -0.153106689453125 -0.0410919189453125 0.0928726196289062
0.352783203125 0.03692626953125 -0.0435028076171875 0.0281639099121094
0.3184814453125 0.14239501953125 0.0500144958496094 -0.0269775390625
0.329315185546875 0.277862548828125 0.131889343261719 0.0405197143554688
0.2161865234375 0.167343139648438 0.175628662109375 0.3603515625
0.21307373046875 0.117752075195313 0.17291259765625 0.188735961914063
0.226333618164063 0.045928955078125 0.051361083984375 0.0635337829589844
0.1790771484375 -0.028533935546875 -0.0210647583007812 0.0744400024414062
0.171173095703125 -0.087005615234375 -0.0712127685546875 0.130439758300781
0.110366821289063 -0.156265258789063 -0.068115234375 0.238037109375
0.046112060546875 -0.17327880859375 0.03582763671875 0.285858154296875
0.04180908203125 -0.185089111328125 0.060211181640625 0.265121459960938
0.0266571044921875 -0.197189331054688 0.0536041259765625 0.25274658203125
0.085235595703125 -0.1492919921875 -0.00866699218749997 0.239822387695312
0.137367248535156 -0.113937377929688 -0.0300750732421875 0.161056518554688
0.158843994140625 -0.059478759765625 -0.0364608764648437 0.0983657836914063
0.203125 0.04571533203125 -0.00982284545898437 0.0350532531738281
0.1898193359375 0.092987060546875 0.123832702636719 0.00953674316406251
0.223098754882813 0.175552368164063 0.217498779296875 0.132720947265625
0.0987548828125 0.0139007568359375 0.250457763671875 0.398590087890625
0.0880355834960937 -0.00803375244140625 0.238525390625 0.21380615234375
0.0445747375488281 -0.0155715942382812 0.0889663696289063 0.0812759399414063
0.0256404876708984 -0.0111732482910156 0.00953674316406251 0.0785598754882813
0.044647216796875 -0.0137100219726563 -0.0734786987304688 0.13238525390625
0.0445137023925781 -0.0479660034179688 -0.065032958984375 0.265289306640625
0.0326347351074219 -0.0498847961425781 0.051483154296875 0.325225830078125
0.0319480895996094 -0.0568580627441406 0.065338134765625 0.301483154296875
0.03662109375 -0.0746002197265625 0.047576904296875 0.29522705078125
0.0584945678710938 -0.0413856506347656 -0.03741455078125 0.261505126953125
0.0673713684082031 -0.00901031494140625 -0.06768798828125 0.15618896484375
0.0446319580078125 0.0171394348144531 -0.03857421875 0.087432861328125
0.0366630554199219 0.0217323303222656 0.0119667053222656 0.03607177734375
0.051544189453125 0.0133094787597656 0.165298461914062 0.0454559326171875
0.0964584350585938 0.0418548583984375 0.2637939453125 0.194473266601563
0.0357131958007813 0.13116455078125 -0.303741455078125 -0.183563232421875
0.0665054321289062 0.100761413574219 -0.21728515625 -0.0667572021484375
0.123703002929688 0.0321884155273438 -0.0292911529541016 -0.0231781005859375
0.0925979614257813 -0.0390243530273438 0.0378379821777344 -0.0466499328613281
0.0345230102539063 -0.07110595703125 0.112380981445313 -0.112297058105469
-0.0102386474609375 -0.0504837036132813 0.077362060546875 -0.245712280273438
-0.026947021484375 -0.0628471374511719 -0.05047607421875 -0.3031005859375
-0.0166168212890625 -0.0745925903320313 -0.071258544921875 -0.2899169921875
-0.0246963500976563 -0.0632858276367187 -0.066192626953125 -0.300201416015625
0.0040740966796875 -0.0742034912109375 0.014068603515625 -0.2607421875
0.044189453125 -0.0798110961914063 0.0374679565429687 -0.13623046875
0.101829528808594 -0.058746337890625 -0.0496444702148438 -0.0789337158203125
0.119155883789062 0.0460052490234375 -0.140655517578125 -0.0995635986328125
0.0760879516601563 0.0806884765625 -0.252960205078125 -0.1820068359375
0.0334014892578125 0.0972442626953125 -0.27337646484375 -0.4107666015625
0.152801513671875 0.254806518554688 -0.2762451171875 -0.157455444335937
0.166305541992188 0.2047119140625 -0.200042724609375 -0.0733489990234375
0.266311645507812 0.0961151123046875 -0.0396614074707031 -0.0300445556640625
0.219650268554688 -0.0385284423828125 0.0249958038330078 -0.0312881469726563
0.151901245117188 -0.12664794921875 0.116142272949219 -0.0779800415039063
0.0543975830078125 -0.15045166015625 0.0846099853515625 -0.202926635742188
-0.0128631591796875 -0.179946899414063 -0.0317535400390625 -0.256607055664063
-0.00755310058593748 -0.198974609375 -0.055572509765625 -0.236297607421875
-0.0310516357421875 -0.188858032226563 -0.063873291015625 -0.246383666992188
0.0334014892578125 -0.181259155273438 -0.00149536132812502 -0.206558227539063
0.112152099609375 -0.177139282226562 0.0235519409179688 -0.0959930419921875
0.203445434570313 -0.131317138671875 -0.0727920532226562 -0.0481109619140625
0.278778076171875 0.049591064453125 -0.161575317382812 -0.0766448974609375
0.22265625 0.138748168945312 -0.261688232421875 -0.160415649414062
0.182540893554688 0.213699340820313 -0.26434326171875 -0.366668701171875
0.248626708984375 0.34893798828125 -0.216690063476562 -0.0858154296874999
0.251495361328125 0.29150390625 -0.155014038085937 -0.0538330078125
0.3853759765625 0.15655517578125 -0.0397491455078125 -0.0340423583984375
0.33209228515625 -0.0274658203125 0.00564002990722658 -0.0194969177246094
0.261566162109375 -0.162857055664063 0.0941696166992188 -0.0385284423828125
0.12200927734375 -0.231826782226563 0.0692596435546875 -0.132164001464844
0.0092315673828125 -0.271240234375 -0.0144195556640625 -0.169418334960938
0.00338745117187498 -0.29486083984375 -0.0312347412109375 -0.147567749023438
-0.040283203125 -0.28643798828125 -0.0475616455078125 -0.158172607421875
0.0472412109375 -0.266387939453125 -0.0070648193359375 -0.12164306640625
0.152206420898437 -0.263259887695313 0.0157241821289063 -0.0408134460449219
0.269195556640625 -0.20623779296875 -0.080230712890625 -0.0076141357421875
0.403533935546875 0.02398681640625 -0.158172607421875 -0.0428314208984375
0.34619140625 0.16082763671875 -0.227432250976562 -0.12628173828125
0.311767578125 0.290679931640625 -0.205780029296875 -0.282684326171875
0.3131103515625 0.391387939453125 -0.128631591796875 0.0228652954101563
0.315582275390625 0.330657958984375 -0.0826492309570312 -0.00596618652343747
0.464447021484375 0.18194580078125 -0.0283851623535156 -0.0276317596435547
0.401824951171875 -0.026092529296875 -0.0164880752563476 -0.00461673736572266
0.334625244140625 -0.185699462890625 0.051513671875 0.00828933715820311
0.1702880859375 -0.28302001953125 0.0340118408203125 -0.0360221862792969
0.029144287109375 -0.32403564453125 0.000469207763671878 -0.0516777038574219
0.01300048828125 -0.3458251953125 -0.00121688842773438 -0.036224365234375
-0.043212890625 -0.340362548828125 -0.0170211791992188 -0.0495223999023438
0.053802490234375 -0.311981201171875 0.000574111938476566 -0.0182819366455078
0.1702880859375 -0.3115234375 0.0156078338623047 0.0233993530273437
0.29522705078125 -0.250762939453125 -0.0710830688476562 0.0354385375976562
0.46588134765625 -0.0020751953125 -0.128936767578125 -0.0102386474609375
0.414825439453125 0.158966064453125 -0.151809692382813 -0.09112548828125
0.392608642578125 0.32269287109375 -0.105804443359375 -0.180465698242187
0.335113525390625 0.369110107421875 -0.0216217041015625 0.147994995117188
0.340850830078125 0.307952880859375 0.00718688964843752 0.0601119995117188
0.46832275390625 0.159820556640625 -0.00758123397827145 -0.00578260421752929
0.40057373046875 -0.03399658203125 -0.0333709716796875 0.0197639465332031
0.34075927734375 -0.18609619140625 6.4849853515646E-05 0.0600738525390625
0.1829833984375 -0.290740966796875 -0.00732421874999999 0.0726852416992188
0.040985107421875 -0.32489013671875 0.0164566040039063 0.0778427124023437
0.02093505859375 -0.343780517578125 0.0294342041015625 0.0792922973632812
-0.033721923828125 -0.3416748046875 0.01971435546875 0.0643997192382812
0.062042236328125 -0.304656982421875 0.013824462890625 0.086578369140625
0.172515869140625 -0.299102783203125 0.0168991088867188 0.0863876342773437
0.282928466796875 -0.2371826171875 -0.052032470703125 0.0719070434570312
0.447113037109375 -0.007781982421875 -0.0848236083984375 0.0140609741210937
0.405731201171875 0.145599365234375 -0.050994873046875 -0.0604324340820313
0.40142822265625 0.30914306640625 0.016265869140625 -0.071929931640625
0.305694580078125 0.28436279296875 0.0914459228515625 0.261978149414063
0.30914306640625 0.223236083984375 0.0997085571289063 0.125991821289063
0.38446044921875 0.09930419921875 0.0202598571777344 0.0269832611083984
0.315673828125 -0.04296875 -0.0356521606445312 0.0495872497558594
0.276107788085938 -0.155853271484375 -0.0431060791015625 0.106071472167969
0.154953002929688 -0.24822998046875 -0.0391998291015625 0.172332763671875
0.0422821044921875 -0.272262573242188 0.0343780517578125 0.194793701171875
0.02740478515625 -0.286956787109375 0.056060791015625 0.18133544921875
-0.011932373046875 -0.2901611328125 0.051300048828125 0.16650390625
0.07366943359375 -0.246688842773438 0.0195770263671875 0.175552368164062
0.162200927734375 -0.227066040039062 0.00736236572265626 0.134735107421875
0.234619140625 -0.165069580078125 -0.035614013671875 0.0938873291015625
0.3515625 0.01300048828125 -0.041168212890625 0.0272979736328125
0.322509765625 0.123565673828125 0.0476760864257813 -0.0312957763671875
0.343505859375 0.2547607421875 0.134506225585938 0.0299835205078125
0.224456787109375 0.15496826171875 0.193756103515625 0.3436279296875
0.21844482421875 0.105072021484375 0.182891845703125 0.173416137695312
0.228790283203125 0.0319366455078125 0.0545196533203125 0.0574913024902344
0.17535400390625 -0.0372314453125 -0.0182037353515625 0.071380615234375
0.164382934570313 -0.096649169921875 -0.065704345703125 0.132034301757813
0.101089477539062 -0.162246704101563 -0.052734375 0.240036010742187
0.0358734130859375 -0.176559448242188 0.0542144775390625 0.278396606445313
0.0296478271484375 -0.186813354492188 0.07525634765625 0.255844116210938
0.0137939453125 -0.196868896484375 0.0669403076171875 0.243392944335937
0.0760345458984375 -0.15362548828125 0.00726318359375002 0.235305786132813
0.12896728515625 -0.120468139648438 -0.0202178955078125 0.15960693359375
0.154373168945313 -0.0677642822265625 -0.0302047729492187 0.0979385375976563
0.204086303710938 0.0313568115234375 -0.00781631469726562 0.0323734283447266
0.192520141601563 0.08221435546875 0.122695922851562 0.000167846679687505
0.232666015625 0.160354614257813 0.223495483398438 0.116134643554688
0.0989456176757813 0.00991058349609375 0.269317626953125 0.37640380859375
0.0870819091796875 -0.012176513671875 0.248428344726563 0.194671630859375
0.0454063415527344 -0.0171470642089844 0.09344482421875 0.073333740234375
0.0251731872558594 -0.0117301940917969 0.0124282836914063 0.0738372802734375
0.044189453125 -0.0175819396972656 -0.0677413940429688 0.135223388671875
0.0417442321777344 -0.0517005920410156 -0.0481414794921875 0.267532348632813
0.0301284790039063 -0.0531005859375 0.0716552734375 0.316070556640625
0.0279045104980469 -0.0593795776367188 0.0826416015625 0.2911376953125
0.0307769775390625 -0.0765457153320313 0.065032958984375 0.286468505859375
0.0564041137695313 -0.0453414916992188 -0.019683837890625 0.2591552734375
0.0668487548828125 -0.0132484436035156 -0.058197021484375 0.158065795898438
0.0461540222167969 0.0143699645996094 -0.0326080322265625 0.0873870849609375
0.0383758544921875 0.0183906555175781 0.0141429901123047 0.0337963104248047
0.0526008605957031 0.0108604431152344 0.165771484375 0.03375244140625
0.09979248046875 0.0369186401367188 0.272384643554688 0.174819946289063
0.0398788452148438 0.125137329101563 -0.304595947265625 -0.165924072265625
0.0677566528320312 0.0944747924804688 -0.215118408203125 -0.054901123046875
0.119796752929688 0.0257186889648438 -0.0314769744873047 -0.0211639404296875
0.087249755859375 -0.0411911010742187 0.0345993041992188 -0.0461311340332031
0.0300369262695312 -0.0688400268554688 0.106033325195313 -0.114501953125
-0.0106201171875 -0.0470962524414063 0.0652923583984375 -0.2440185546875
-0.0285415649414062 -0.0595626831054687 -0.06243896484375 -0.2921142578125
-0.01922607421875 -0.0717697143554688 -0.081878662109375 -0.2777099609375
-0.0257072448730469 -0.0600166320800781 -0.078460693359375 -0.287689208984375
0.00115203857421876 -0.0713958740234375 0.00190734863281252 -0.254867553710937
0.038848876953125 -0.0803146362304688 0.0324859619140625 -0.136573791503906
0.0956802368164063 -0.0620803833007813 -0.05096435546875 -0.073333740234375
0.118782043457031 0.03887939453125 -0.139808654785156 -0.089202880859375
0.0771255493164063 0.0746383666992187 -0.253021240234375 -0.165557861328125
0.0371170043945313 0.0915374755859375 -0.2816162109375 -0.387725830078125
0.160018920898438 0.240142822265625 -0.276565551757813 -0.14154052734375
0.169586181640625 0.191818237304688 -0.198715209960938 -0.0631103515625
0.261764526367188 0.0822296142578125 -0.0418586730957031 -0.0285263061523437
0.210845947265625 -0.0453948974609375 0.0215568542480469 -0.0306186676025391
0.141845703125 -0.127731323242188 0.110366821289063 -0.0812911987304688
0.048828125 -0.146774291992187 0.0740203857421875 -0.2032470703125
-0.0194244384765625 -0.174163818359375 -0.0415191650390625 -0.248001098632813
-0.016876220703125 -0.19384765625 -0.0647125244140625 -0.226974487304688
-0.038543701171875 -0.181838989257813 -0.0748748779296875 -0.237350463867188
0.0254058837890625 -0.176788330078125 -0.010406494140625 -0.202621459960938
0.101486206054688 -0.177520751953125 0.0208816528320313 -0.0971221923828125
0.191802978515625 -0.136993408203125 -0.0731124877929687 -0.0419387817382812
0.274490356445313 0.0342254638671875 -0.16094970703125 -0.0681304931640625
0.22235107421875 0.126373291015625 -0.260482788085938 -0.145172119140625
0.187515258789063 0.19927978515625 -0.269989013671875 -0.34307861328125
0.257476806640625 0.328857421875 -0.215682983398438 -0.0746612548828125
0.255523681640625 0.273086547851563 -0.153121948242187 -0.04669189453125
0.381622314453125 0.13592529296875 -0.0428695678710937 -0.0336418151855469
0.32073974609375 -0.038970947265625 0.00202178955078127 -0.0196609497070313
0.248046875 -0.169174194335938 0.0900802612304688 -0.042510986328125
0.111343383789062 -0.230072021484375 0.0612106323242188 -0.132781982421875
-0.00169372558593751 -0.265274047851563 -0.0209808349609375 -0.164093017578125
-0.010406494140625 -0.287078857421875 -0.0375518798828125 -0.142349243164063
-0.0520172119140625 -0.27691650390625 -0.055328369140625 -0.15277099609375
0.0356292724609375 -0.261093139648438 -0.0120391845703125 -0.119865417480469
0.137283325195312 -0.263351440429688 0.0144004821777344 -0.0430946350097656
0.252914428710938 -0.212860107421875 -0.0791397094726562 -0.00155639648437502
0.394927978515625 0.003997802734375 -0.156814575195312 -0.0362396240234375
0.343017578125 0.145263671875 -0.226669311523437 -0.113845825195312
0.3172607421875 0.26812744140625 -0.210037231445312 -0.266464233398437
0.322509765625 0.368438720703125 -0.125076293945312 0.0267028808593751
0.321380615234375 0.30938720703125 -0.0811386108398437 -0.00385284423828122
0.459136962890625 0.15606689453125 -0.0318069458007812 -0.0279731750488281
0.390533447265625 -0.04083251953125 -0.0188274383544922 -0.00502395629882812
0.318939208984375 -0.194427490234375 0.0494728088378906 0.00489425659179686
0.15704345703125 -0.2828369140625 0.0314559936523438 -0.0371208190917969
0.015838623046875 -0.318206787109375 -0.000625610351562496 -0.0510292053222656
-0.00360107421874999 -0.3380126953125 -0.00347137451171875 -0.0362586975097656
-0.05712890625 -0.329254150390625 -0.0210456848144531 -0.0481796264648438
0.040069580078125 -0.30584716796875 -0.000417709350585936 -0.0193901062011719
0.153289794921875 -0.31097412109375 0.0165824890136719 0.0202865600585937
0.277923583984375 -0.256362915039063 -0.0685081481933593 0.0391120910644531
0.4537353515625 -0.025115966796875 -0.127182006835937 -0.00633239746093748
0.41015625 0.139739990234375 -0.151107788085938 -0.083221435546875
0.396331787109375 0.296875 -0.108688354492187 -0.171920776367187
0.343994140625 0.345977783203125 -0.0155487060546875 0.143402099609375
0.346038818359375 0.286529541015625 0.00942230224609377 0.0562057495117188
0.464874267578125 0.134124755859375 -0.00973320007324216 -0.00825309753417968
0.38824462890625 -0.047515869140625 -0.0345134735107422 0.0186214447021484
0.3248291015625 -0.195159912109375 0.000545501708984389 0.0573463439941406
0.168121337890625 -0.29193115234375 -0.00397491455078124 0.0711517333984375
0.027679443359375 -0.320281982421875 0.0204238891601563 0.073883056640625
0.00527954101562502 -0.336090087890625 0.0314712524414063 0.0742416381835937
-0.04913330078125 -0.330841064453125 0.0199661254882813 0.0607147216796875
0.04913330078125 -0.299407958984375 0.0179214477539063 0.0820159912109375
0.155914306640625 -0.298614501953125 0.0200729370117188 0.0812911987304687
0.265579223632813 -0.241912841796875 -0.0487518310546875 0.07330322265625
0.4351806640625 -0.0286865234375 -0.083587646484375 0.014923095703125
0.4017333984375 0.12725830078125 -0.0523681640625 -0.05841064453125
0.4056396484375 0.28350830078125 0.01409912109375 -0.07232666015625
0.311798095703125 0.26507568359375 0.0991668701171875 0.248992919921875
0.3118896484375 0.205596923828125 0.103317260742188 0.115982055664063
0.380401611328125 0.079193115234375 0.0197525024414063 0.0223426818847656
0.30596923828125 -0.0533447265625 -0.0354118347167969 0.0470314025878906
0.26220703125 -0.164260864257813 -0.0401382446289062 0.104118347167969
0.142059326171875 -0.249481201171875 -0.0308074951171875 0.170333862304687
0.0304107666015625 -0.269744873046875 0.043121337890625 0.18670654296875
0.01373291015625 -0.28216552734375 0.0619049072265625 0.172454833984375
-0.025238037109375 -0.281951904296875 0.0552520751953125 0.157791137695312
0.0625152587890625 -0.244293212890625 0.027435302734375 0.168746948242187
0.1494140625 -0.227981567382813 0.0124130249023438 0.129920959472656
0.222122192382813 -0.169815063476562 -0.0318527221679687 0.0931167602539062
0.343048095703125 -0.003631591796875 -0.0401344299316406 0.0259819030761719
0.319610595703125 0.10931396484375 0.0443687438964844 -0.034423828125
0.347137451171875 0.2332763671875 0.132514953613281 0.021881103515625
0.22637939453125 0.143844604492188 0.201904296875 0.322784423828125
0.218048095703125 0.0933685302734375 0.186355590820313 0.159454345703125
0.22576904296875 0.0221099853515625 0.055328369140625 0.0512771606445313
0.170257568359375 -0.0428466796875 -0.0174140930175781 0.0678825378417969
0.15692138671875 -0.102493286132813 -0.061126708984375 0.1319580078125
0.09320068359375 -0.164840698242188 -0.0412445068359375 0.238143920898437
0.0286102294921875 -0.175994873046875 0.065704345703125 0.26678466796875
0.0203399658203125 -0.185089111328125 0.0833282470703125 0.24322509765625
0.00390624999999999 -0.192855834960938 0.074432373046875 0.231765747070312
0.06884765625 -0.153457641601563 0.018280029296875 0.227020263671875
0.121650695800781 -0.122627258300781 -0.0135498046875 0.155776977539063
0.14788818359375 -0.071533203125 -0.0259475708007813 0.096160888671875
0.199996948242188 0.0208740234375 -0.00686645507812499 0.0302104949951172
0.191696166992188 0.0738067626953125 0.119178771972656 -0.00623321533203125
0.23504638671875 0.14666748046875 0.222793579101563 0.102447509765625
0.09765625 0.00742340087890625 0.276641845703125 0.353118896484375
0.0847930908203125 -0.0145034790039063 0.251144409179688 0.177169799804688
0.0452995300292969 -0.0185623168945313 0.0941619873046875 0.0660400390625
0.0253410339355469 -0.0114021301269531 0.0136566162109375 0.0696258544921875
0.0430374145507813 -0.0195846557617188 -0.0634307861328125 0.135353088378906
0.0385093688964844 -0.0542831420898438 -0.0361175537109375 0.264724731445312
0.0275611877441406 -0.0550155639648438 0.084320068359375 0.302978515625
0.0243682861328125 -0.0601539611816406 0.093353271484375 0.277313232421875
0.0260391235351563 -0.0761337280273437 0.07525634765625 0.273574829101563
0.0530548095703125 -0.0475807189941406 -0.00677490234375001 0.252410888671875
0.0651969909667969 -0.0163192749023438 -0.0503997802734375 0.1568603515625
0.0458793640136719 0.0119895935058594 -0.0279769897460937 0.085205078125
0.0388984680175781 0.0155410766601563 0.0153560638427734 0.0312442779541016
0.0527877807617188 0.009246826171875 0.161941528320313 0.0248870849609375
0.100273132324219 0.032958984375 0.272201538085938 0.157974243164063
0.0420303344726563 0.120353698730469 -0.30279541015625 -0.156005859375
0.0671234130859375 0.0911636352539063 -0.21258544921875 -0.0481109619140624
0.116798400878906 0.0228805541992187 -0.0326385498046875 -0.0197372436523438
0.08367919921875 -0.0413360595703125 0.032440185546875 -0.0442428588867188
0.0276679992675781 -0.0659446716308594 0.102485656738281 -0.115486145019531
-0.0099029541015625 -0.0438270568847656 0.0578765869140625 -0.2427978515625
-0.0288314819335938 -0.0568275451660156 -0.068817138671875 -0.284271240234375
-0.0217971801757813 -0.069549560546875 -0.0877532958984375 -0.268539428710938
-0.0263557434082031 -0.0581474304199219 -0.0846710205078125 -0.27960205078125
-0.000854492187499993 -0.0694007873535156 -0.00534057617187499 -0.250701904296875
0.0352783203125 -0.0795135498046875 0.0299835205078125 -0.136520385742188
0.0915451049804688 -0.064178466796875 -0.0509452819824219 -0.0689201354980469
0.117744445800781 0.034576416015625 -0.138641357421875 -0.0826950073242187
0.0766983032226563 0.07098388671875 -0.250564575195313 -0.155136108398438
0.0379180908203125 0.0877227783203125 -0.281524658203125 -0.37152099609375
0.163040161132812 0.231155395507812 -0.27459716796875 -0.132125854492188
0.16986083984375 0.1842041015625 -0.196304321289063 -0.056884765625
0.257492065429688 0.0740203857421875 -0.0439796447753906 -0.0275611877441406
0.204345703125 -0.0480499267578125 0.0192813873291016 -0.0296440124511719
0.134971618652344 -0.126655578613281 0.107208251953125 -0.083160400390625
0.046478271484375 -0.14404296875 0.0674591064453125 -0.202850341796875
-0.0228424072265625 -0.170211791992187 -0.047119140625 -0.241424560546875
-0.0221405029296875 -0.18975830078125 -0.0691680908203125 -0.2196044921875
-0.042022705078125 -0.1776123046875 -0.08099365234375 -0.2296142578125
0.021575927734375 -0.17352294921875 -0.01617431640625 -0.199325561523438
0.0947265625 -0.176651000976563 0.0188446044921875 -0.0982437133789063
0.184432983398438 -0.140151977539063 -0.0722274780273438 -0.0373611450195312
0.269912719726563 0.02545166015625 -0.1595458984375 -0.0618896484375
0.220306396484375 0.118942260742188 -0.258636474609375 -0.135894775390625
0.18865966796875 0.1890869140625 -0.27020263671875 -0.330902099609375
0.261749267578125 0.31561279296875 -0.212661743164062 -0.0688323974609375
0.257431030273438 0.260238647460938 -0.15155029296875 -0.042327880859375
0.376007080078125 0.121856689453125 -0.0456886291503906 -0.0333480834960938
0.312225341796875 -0.04351806640625 -0.000944137573242167 -0.0193252563476563
0.2386474609375 -0.170440673828125 0.0877456665039063 -0.0448150634765625
0.106674194335938 -0.22711181640625 0.0570220947265625 -0.133735656738281
-0.00762939453125001 -0.260665893554688 -0.024505615234375 -0.160858154296875
-0.019256591796875 -0.281768798828125 -0.0402755737304688 -0.138221740722656
-0.0579681396484375 -0.269851684570313 -0.060211181640625 -0.147628784179688
0.0298919677734375 -0.255859375 -0.0156784057617188 -0.118598937988281
0.128280639648438 -0.261459350585938 0.0137290954589844 -0.0453834533691406
0.243484497070313 -0.214874267578125 -0.0778427124023438 0.00184631347656249
0.38665771484375 -0.00726318359375 -0.155197143554687 -0.032745361328125
0.339263916015625 0.134552001953125 -0.224014282226562 -0.106658935546875
0.31787109375 0.254730224609375 -0.209304809570312 -0.256973266601563
0.3262939453125 0.354339599609375 -0.122428894042969 0.0281143188476563
0.323333740234375 0.2947998046875 -0.0792312622070312 -0.00251007080078122
0.45452880859375 0.14031982421875 -0.0342826843261719 -0.029245376586914
0.38018798828125 -0.046875 -0.0218677520751953 -0.00564193725585938
0.307373046875 -0.197967529296875 0.0480613708496094 0.00244140624999999
0.149200439453125 -0.281494140625 0.0298500061035156 -0.0380134582519531
0.00833129882812497 -0.3140869140625 -0.001251220703125 -0.0509719848632813
-0.0137939453125 -0.331573486328125 -0.0050811767578125 -0.03570556640625
-0.06524658203125 -0.320892333984375 -0.0244827270507813 -0.04656982421875
0.033355712890625 -0.300262451171875 -0.00104141235351562 -0.0209598541259766
0.142425537109375 -0.3082275390625 0.0167627334594727 0.0168218612670898
0.265487670898438 -0.2581787109375 -0.0670394897460937 0.0421066284179688
0.44439697265625 -0.037384033203125 -0.126792907714844 -0.00450134277343752
0.40692138671875 0.129119873046875 -0.150192260742187 -0.07928466796875
0.396636962890625 0.2803955078125 -0.108840942382812 -0.167648315429687
0.346771240234375 0.333282470703125 -0.0129241943359375 0.139396667480469
0.34649658203125 0.2720947265625 0.0110855102539063 0.0531044006347656
0.45941162109375 0.119476318359375 -0.0121040344238281 -0.0102977752685547
0.37939453125 -0.054046630859375 -0.0371284484863281 0.0178604125976563
0.314056396484375 -0.200531005859375 0.000610351562500025 0.055999755859375
0.159637451171875 -0.29144287109375 -0.00227355957031249 0.070159912109375
0.019195556640625 -0.31744384765625 0.0230445861816406 0.0700340270996094
-0.00485229492187503 -0.33062744140625 0.0320510864257813 0.0708084106445312
-0.056671142578125 -0.32244873046875 0.0188026428222656 0.0583305358886719
0.042877197265625 -0.294708251953125 0.0196380615234375 0.07794189453125
0.1468505859375 -0.29656982421875 0.0212783813476563 0.0777664184570312
0.255340576171875 -0.242843627929688 -0.046722412109375 0.0743408203125
0.42633056640625 -0.03961181640625 -0.0833969116210937 0.0146331787109375
0.39678955078125 0.117523193359375 -0.0531272888183593 -0.0572891235351562
0.405731201171875 0.26824951171875 0.0130767822265625 -0.0726852416992187
0.3133544921875 0.25341796875 0.10162353515625 0.240158081054688
0.31103515625 0.194610595703125 0.104026794433594 0.109039306640625
0.37762451171875 0.0677490234375 0.0181121826171875 0.0188922882080078
0.299468994140625 -0.057281494140625 -0.0370521545410156 0.0451507568359375
0.253646850585938 -0.1690673828125 -0.0388107299804687 0.103614807128906
0.134811401367188 -0.25006103515625 -0.0262908935546875 0.168670654296875
0.0237579345703125 -0.2681884765625 0.047332763671875 0.180023193359375
0.00555419921874999 -0.277999877929688 0.0640106201171875 0.1658935546875
-0.03240966796875 -0.276046752929688 0.05621337890625 0.15240478515625
0.057464599609375 -0.240814208984375 0.0311126708984375 0.1624755859375
0.141555786132813 -0.227493286132813 0.0143585205078125 0.125587463378906
0.214462280273438 -0.17095947265625 -0.0294189453125 0.0926895141601562
0.336151123046875 -0.01251220703125 -0.0401763916015625 0.0245361328125
0.316497802734375 0.10101318359375 0.0422210693359375 -0.0360527038574219
0.3458251953125 0.22027587890625 0.130752563476563 0.01727294921875
0.22625732421875 0.136825561523437 0.203216552734375 0.310302734375
0.216766357421875 0.0873870849609375 0.186935424804688 0.149139404296875
0.224456787109375 0.0154266357421875 0.0544815063476563 0.0471343994140625
0.16705322265625 -0.0445556640625 -0.0178070068359375 0.0650291442871094
0.152023315429687 -0.105453491210938 -0.0593032836914062 0.13165283203125
0.087890625 -0.165557861328125 -0.0343780517578125 0.236404418945312
0.02392578125 -0.175872802734375 0.0716094970703125 0.2576904296875
0.0152587890625 -0.182876586914062 0.08709716796875 0.234939575195313
-0.0016326904296875 -0.189239501953125 0.0778045654296875 0.224044799804687
0.064971923828125 -0.15283203125 0.023895263671875 0.220855712890625
0.117042541503906 -0.123725891113281 -0.0100860595703125 0.152496337890625
0.14385986328125 -0.073089599609375 -0.0230178833007812 0.0950164794921875
0.197036743164063 0.0147552490234375 -0.00705909729003905 0.0278530120849609
0.190322875976563 0.06915283203125 0.115524291992188 -0.0102920532226562
0.235519409179688 0.139022827148438 0.220626831054688 0.094024658203125
0.0960693359375 0.0068511962890625 0.276702880859375 0.338592529296875
0.0828323364257813 -0.015899658203125 0.249801635742188 0.165023803710938
0.0453987121582031 -0.0189781188964844 0.0937423706054687 0.0609054565429688
0.0251197814941406 -0.0109901428222656 0.0129318237304688 0.0660858154296875
0.0422286987304688 -0.0215911865234375 -0.0613632202148438 0.134773254394531
0.0366401672363281 -0.0552444458007812 -0.028564453125 0.262908935546875
0.0259132385253906 -0.0569915771484375 0.090423583984375 0.293853759765625
0.0229072570800781 -0.0608024597167969 0.0970916748046875 0.268264770507813
0.022735595703125 -0.0761337280273438 0.0799560546875 0.265457153320313
0.0513877868652344 -0.0492630004882812 1.82261006155231E-17 0.24627685546875
0.064727783203125 -0.0180091857910156 -0.0454864501953125 0.15545654296875
0.0461006164550781 0.0105514526367188 -0.0252227783203125 0.08343505859375
0.0384101867675781 0.0137443542480469 0.0144062042236328 0.0291595458984375
0.0530166625976563 0.00837326049804688 0.158493041992188 0.0194091796875
0.100639343261719 0.0309677124023438 0.269943237304688 0.147811889648438
0.0442123413085938 0.118537902832031 -0.305145263671875 -0.149505615234375
0.06732177734375 0.0898284912109375 -0.213027954101563 -0.0435943603515625
0.115821838378906 0.021331787109375 -0.0342502593994141 -0.0193767547607422
0.0823440551757813 -0.0420455932617188 0.0314598083496094 -0.0439033508300781
0.0263214111328125 -0.0642356872558594 0.101119995117187 -0.118545532226562
-0.00885772705078125 -0.0418701171875 0.052642822265625 -0.244979858398438
-0.0293045043945313 -0.0554695129394531 -0.07366943359375 -0.28125
-0.0229225158691406 -0.0680770874023438 -0.09228515625 -0.26483154296875
-0.0266685485839844 -0.057769775390625 -0.0903167724609375 -0.275848388671875
-0.00212478637695312 -0.0682029724121094 -0.0103607177734375 -0.250518798828125
0.0328903198242188 -0.0801849365234375 0.0286941528320313 -0.138473510742188
0.0896835327148438 -0.0659866333007812 -0.0508651733398438 -0.0661888122558594
0.118263244628906 0.0317611694335938 -0.138679504394531 -0.0779266357421875
0.07647705078125 0.0688247680664063 -0.251434326171875 -0.149810791015625
0.0388641357421875 0.0857467651367187 -0.283660888671875 -0.3641357421875
0.166534423828125 0.227005004882812 -0.276504516601563 -0.127120971679687
0.172088623046875 0.180419921875 -0.197097778320312 -0.0528106689453125
0.257003784179688 0.069000244140625 -0.0461311340332031 -0.0272750854492187
0.202194213867188 -0.0498046875 0.0169754028320313 -0.0291099548339844
0.1322021484375 -0.127037048339844 0.106147766113281 -0.0865325927734375
0.0468292236328125 -0.142822265625 0.06365966796875 -0.205184936523438
-0.0253143310546875 -0.168777465820313 -0.051788330078125 -0.239837646484375
-0.0268707275390625 -0.188247680664063 -0.07305908203125 -0.2169189453125
-0.045257568359375 -0.176544189453125 -0.085662841796875 -0.22637939453125
0.0196533203125 -0.172607421875 -0.02044677734375 -0.199539184570313
0.0907135009765625 -0.177886962890625 0.0175704956054688 -0.10028076171875
0.18133544921875 -0.143356323242188 -0.07232666015625 -0.03399658203125
0.269622802734375 0.0196990966796875 -0.1605224609375 -0.0587005615234375
0.221160888671875 0.115432739257813 -0.258804321289063 -0.130706787109375
0.191009521484375 0.184738159179688 -0.271575927734375 -0.325408935546875
0.266632080078125 0.310333251953125 -0.213897705078125 -0.0649566650390625
0.260986328125 0.2552490234375 -0.151840209960938 -0.03961181640625
0.3760986328125 0.11328125 -0.0483894348144531 -0.0343170166015625
0.309600830078125 -0.04705810546875 -0.00348854064941405 -0.0191440582275391
0.23443603515625 -0.172683715820313 0.086700439453125 -0.0473175048828125
0.104934692382813 -0.227188110351563 0.0541000366210938 -0.135185241699219
-0.0118408203125 -0.260269165039063 -0.027099609375 -0.160873413085938
-0.0257720947265625 -0.280532836914063 -0.0435791015625 -0.136955261230469
-0.0626068115234375 -0.268112182617188 -0.0645294189453125 -0.145034790039063
0.02642822265625 -0.255752563476563 -0.0180435180664062 -0.119461059570313
0.122650146484375 -0.263687133789063 0.0131416320800781 -0.0476799011230469
0.239456176757812 -0.218643188476562 -0.077545166015625 0.00576782226562498
0.38580322265625 -0.015472412109375 -0.15643310546875 -0.0298309326171875
0.339599609375 0.13018798828125 -0.224960327148437 -0.102691650390625
0.3214111328125 0.24774169921875 -0.2115478515625 -0.253372192382813
0.333343505859375 0.34649658203125 -0.122024536132812 0.0296249389648438
0.327606201171875 0.288482666015625 -0.0789718627929687 -0.00206756591796873
0.455352783203125 0.128936767578125 -0.0374183654785156 -0.0302696228027344
0.378143310546875 -0.05133056640625 -0.025125503540039 -0.00548553466796875
0.3018798828125 -0.202667236328125 0.0473136901855469 0.000675201416015613
0.146453857421875 -0.283355712890625 0.0289192199707031 -0.0384063720703125
0.00277709960937497 -0.31536865234375 -0.00147247314453124 -0.0523262023925781
-0.02105712890625 -0.33123779296875 -0.00586318969726563 -0.0361480712890625
-0.0711669921875 -0.319183349609375 -0.0268135070800781 -0.0454788208007813
0.030303955078125 -0.2999267578125 -0.00194549560546875 -0.0222644805908203
0.13702392578125 -0.310333251953125 0.016871452331543 0.0144720077514648
0.262374877929688 -0.262420654296875 -0.0656318664550781 0.04541015625
0.443115234375 -0.0458984375 -0.127861022949219 -0.00313568115234376
0.406524658203125 0.12353515625 -0.151351928710937 -0.076995849609375
0.399993896484375 0.271942138671875 -0.11016845703125 -0.165740966796875
0.3529052734375 0.325714111328125 -0.011322021484375 0.138175964355469
0.350250244140625 0.2650146484375 0.0120773315429688 0.0514488220214844
0.461944580078125 0.109039306640625 -0.0145044326782226 -0.0125770568847656
0.378326416015625 -0.05828857421875 -0.0398902893066406 0.0172042846679687
0.310272216796875 -0.206268310546875 0.000728607177734392 0.0552253723144531
0.1563720703125 -0.29400634765625 -0.000892639160156243 0.0703659057617187
0.01361083984375 -0.319671630859375 0.0245819091796875 0.0672035217285156
-0.01251220703125 -0.33074951171875 0.0325088500976563 0.0690765380859375
-0.06317138671875 -0.321380615234375 0.0180397033691406 0.0578651428222656
0.039276123046875 -0.295166015625 0.0208969116210938 0.075714111328125
0.14105224609375 -0.298736572265625 0.0216064453125 0.07562255859375
0.251663208007812 -0.245895385742187 -0.0453948974609375 0.076904296875
0.42413330078125 -0.048553466796875 -0.0849227905273437 0.014984130859375
0.398101806640625 0.112030029296875 -0.0549697875976562 -0.0571403503417969
0.41107177734375 0.2603759765625 0.0129241943359375 -0.073486328125
0.318084716796875 0.248748779296875 0.103973388671875 0.2362060546875
0.314178466796875 0.1898193359375 0.106193542480469 0.105308532714844
0.378021240234375 0.06005859375 0.0169858932495117 0.0161333084106445
0.298858642578125 -0.061248779296875 -0.0388107299804687 0.0445556640625
0.24981689453125 -0.173965454101563 -0.03778076171875 0.103981018066406
0.13177490234375 -0.253570556640625 -0.02239990234375 0.169723510742187
0.0178070068359375 -0.271286010742188 0.05145263671875 0.17608642578125
-0.00105285644531253 -0.278533935546875 0.0660552978515625 0.162994384765625
-0.0381317138671875 -0.27459716796875 0.057220458984375 0.150924682617187
0.0546112060546875 -0.242416381835938 0.034637451171875 0.159942626953125
0.137283325195313 -0.22991943359375 0.0162734985351563 0.12457275390625
0.212081909179688 -0.172698974609375 -0.0275115966796875 0.0943374633789062
0.334869384765625 -0.019744873046875 -0.041778564453125 0.0237159729003906
0.3182373046875 0.097076416015625 0.0402984619140625 -0.0380172729492187
0.350433349609375 0.214019775390625 0.130722045898438 0.0142059326171875
0.228958129882813 0.134002685546875 0.20587158203125 0.30401611328125
0.21783447265625 0.0833282470703125 0.188812255859375 0.143966674804688
0.22454833984375 0.010009765625 0.0540504455566406 0.0442161560058594
0.166549682617187 -0.045654296875 -0.0194778442382812 0.0635757446289063
0.149276733398438 -0.1090087890625 -0.0590133666992187 0.13330078125
0.0849761962890625 -0.168121337890625 -0.0296478271484375 0.238082885742188
0.0201263427734375 -0.178390502929687 0.076873779296875 0.2540283203125
0.011016845703125 -0.184036254882812 0.089935302734375 0.230560302734375
-0.0055694580078125 -0.188552856445313 0.0798797607421875 0.22125244140625
0.06329345703125 -0.154739379882813 0.028167724609375 0.2176513671875
0.115318298339844 -0.125961303710938 -0.007415771484375 0.151885986328125
0.143356323242188 -0.0749359130859375 -0.0214080810546875 0.0954437255859375
0.196624755859375 0.0108642578125 -0.0082721710205078 0.0268936157226563
0.192398071289063 0.06658935546875 0.113418579101563 -0.0133285522460937
0.2393798828125 0.134780883789063 0.221099853515625 0.08966064453125
0.0963821411132813 0.006683349609375 0.279052734375 0.330291748046875
0.0826339721679688 -0.0168991088867188 0.251724243164063 0.159210205078125
0.0457267761230469 -0.0198898315429688 0.0944442749023438 0.0583572387695313
0.0262508392333984 -0.0109672546386719 0.0121192932128906 0.0641632080078125
0.0417289733886719 -0.0233612060546875 -0.0610504150390625 0.137420654296875
0.0350990295410156 -0.0569267272949219 -0.0229034423828125 0.265289306640625
0.0246505737304688 -0.0594291687011719 0.0963134765625 0.28924560546875
0.0221328735351563 -0.0624122619628906 0.100189208984375 0.263656616210938
0.0208282470703125 -0.0765380859375 0.083404541015625 0.261032104492188
0.0508537292480469 -0.0513687133789063 0.00471496582031248 0.244247436523437
0.0645675659179688 -0.0196495056152344 -0.04241943359375 0.15582275390625
0.0469207763671875 0.0103073120117188 -0.0229949951171875 0.0833511352539063
0.0393753051757813 0.0129623413085938 0.0142078399658203 0.0282402038574219
0.0543479919433594 0.00813674926757813 0.15704345703125 0.015838623046875
0.103073120117188 0.0297470092773438 0.2706298828125 0.14337158203125
0.0483169555664063 0.117507934570313 -0.3126220703125 -0.142730712890625
0.0696868896484375 0.0889968872070313 -0.216781616210938 -0.0368194580078125
0.116905212402344 0.0186996459960938 -0.0362930297851563 -0.018890380859375
0.0814971923828125 -0.0443267822265625 0.0301551818847656 -0.0446701049804687
0.025177001953125 -0.0641555786132813 0.0991668701171875 -0.124771118164063
-0.00836181640625 -0.0410804748535156 0.045135498046875 -0.251541137695313
-0.0300407409667969 -0.0545692443847656 -0.0836944580078125 -0.280593872070313
-0.0264091491699219 -0.06768798828125 -0.10064697265625 -0.263397216796875
-0.0294570922851563 -0.0570907592773437 -0.0995941162109375 -0.2752685546875
-0.0035552978515625 -0.0687484741210937 -0.01898193359375 -0.253631591796875
0.02984619140625 -0.0813827514648438 0.025238037109375 -0.1429443359375
0.087860107421875 -0.070526123046875 -0.0524673461914063 -0.0639724731445312
0.120742797851562 0.0278472900390625 -0.141021728515625 -0.073028564453125
0.0781097412109375 0.0667724609375 -0.257308959960938 -0.142974853515625
0.0413742065429688 0.0851287841796875 -0.29443359375 -0.3607177734375
0.175872802734375 0.22344970703125 -0.282440185546875 -0.120819091796875
0.177947998046875 0.176651000976562 -0.200531005859375 -0.047882080078125
0.2608642578125 0.06182861328125 -0.049468994140625 -0.0271072387695313
0.201950073242188 -0.05462646484375 0.0151214599609375 -0.0300502777099609
0.130119323730469 -0.130638122558594 0.104682922363281 -0.0922393798828125
0.0450439453125 -0.144866943359375 0.0569915771484375 -0.210891723632813
-0.02960205078125 -0.17010498046875 -0.0604095458984375 -0.241058349609375
-0.033660888671875 -0.189773559570313 -0.0806121826171875 -0.216018676757813
-0.0515594482421875 -0.176971435546875 -0.0948333740234375 -0.225204467773437
0.015228271484375 -0.1746826171875 -0.0272216796875 -0.202194213867188
0.0855865478515625 -0.182693481445313 0.0154953002929688 -0.104759216308594
0.17913818359375 -0.151443481445313 -0.0728836059570313 -0.0296630859375
0.273773193359375 0.0110931396484375 -0.163665771484375 -0.0538330078125
0.226211547851563 0.111160278320313 -0.264724731445313 -0.124542236328125
0.19866943359375 0.1815185546875 -0.281524658203125 -0.3211669921875
0.280364990234375 0.305908203125 -0.217788696289062 -0.05975341796875
0.270172119140625 0.248687744140625 -0.154510498046875 -0.036285400390625
0.38287353515625 0.1031494140625 -0.0522918701171875 -0.03424072265625
0.31134033203125 -0.054290771484375 -0.00645828247070311 -0.0188961029052734
0.231948852539063 -0.1807861328125 0.0860671997070313 -0.0521240234375
0.101364135742188 -0.233001708984375 0.049530029296875 -0.139328002929688
-0.0194549560546875 -0.2640380859375 -0.0330352783203125 -0.16302490234375
-0.0362548828125 -0.283203125 -0.0483856201171875 -0.1365966796875
-0.0723419189453125 -0.269210815429688 -0.07037353515625 -0.143646240234375
0.02081298828125 -0.25927734375 -0.0226821899414063 -0.121025085449219
0.115692138671875 -0.270065307617188 0.0114517211914063 -0.05072021484375
0.237319946289062 -0.22900390625 -0.0770950317382812 0.0104141235351562
0.389923095703125 -0.028289794921875 -0.16064453125 -0.0254364013671875
0.348236083984375 0.123626708984375 -0.23028564453125 -0.0975036621093749
0.3326416015625 0.241302490234375 -0.218612670898437 -0.251205444335938
0.347564697265625 0.341400146484375 -0.122222900390625 0.0324783325195313
0.33837890625 0.280609130859375 -0.0800094604492187 -0.000869750976562479
0.46429443359375 0.115936279296875 -0.0415802001953125 -0.031463623046875
0.380950927734375 -0.060028076171875 -0.0283489227294922 -0.00511741638183594
0.299713134765625 -0.21240234375 0.0478973388671875 -0.00215911865234376
0.142303466796875 -0.291473388671875 0.0281639099121094 -0.0403404235839844
-0.00723266601562502 -0.320343017578125 -0.00403976440429688 -0.0549125671386719
-0.03326416015625 -0.3353271484375 -0.00775909423828125 -0.0364532470703125
-0.0821533203125 -0.32086181640625 -0.0299911499023438 -0.0436859130859375
0.0233154296875 -0.30438232421875 -0.00325202941894531 -0.02398681640625
0.128814697265625 -0.31829833984375 0.0168571472167969 0.0126247406005859
0.258758544921875 -0.27227783203125 -0.0642356872558593 0.0507240295410156
0.446044921875 -0.059967041015625 -0.13177490234375 0.000228881835937505
0.41534423828125 0.115142822265625 -0.155654907226562 -0.074188232421875
0.41436767578125 0.264312744140625 -0.114883422851562 -0.16534423828125
0.36749267578125 0.3194580078125 -0.00821685791015623 0.139068603515625
0.362640380859375 0.257720947265625 0.01422119140625 0.0503120422363281
0.4686279296875 0.09393310546875 -0.0173244476318359 -0.0146846771240234
0.382965087890625 -0.06732177734375 -0.0426254272460937 0.0176925659179688
0.307769775390625 -0.218048095703125 0.00140380859375002 0.0553131103515625
0.15069580078125 -0.303192138671875 0.00213623046875001 0.0719146728515625
0.00332641601562502 -0.326324462890625 0.0266952514648438 0.0646476745605469
-0.0240478515625 -0.33477783203125 0.0343818664550781 0.0686111450195312
-0.0738525390625 -0.322509765625 0.0185623168945312 0.0590171813964844
0.0330810546875 -0.300506591796875 0.0227584838867188 0.0748214721679688
0.13348388671875 -0.3072509765625 0.0234832763671875 0.07489013671875
0.249221801757813 -0.2562255859375 -0.0422286987304687 0.0811233520507812
0.427825927734375 -0.062347412109375 -0.08770751953125 0.01715087890625
0.405792236328125 0.10443115234375 -0.0582237243652344 -0.05712890625
0.4241943359375 0.251739501953125 0.011077880859375 -0.0752105712890625
0.3309326171875 0.24444580078125 0.110366821289063 0.234466552734375
0.322784423828125 0.182098388671875 0.110580444335938 0.102043151855469
0.384429931640625 0.048980712890625 0.0153932571411133 0.0140228271484375
0.301513671875 -0.06793212890625 -0.0405387878417968 0.0451431274414062
0.247756958007813 -0.1842041015625 -0.036376953125 0.106613159179687
0.126373291015625 -0.261734008789063 -0.0172576904296875 0.1741943359375
0.00933837890625002 -0.2774658203125 0.056671142578125 0.174026489257812
-0.010498046875 -0.282928466796875 0.070892333984375 0.161773681640625
-0.0467376708984375 -0.277130126953125 0.0608978271484375 0.150421142578125
0.0496063232421875 -0.24737548828125 0.0391998291015625 0.159530639648437
0.13287353515625 -0.236343383789063 0.0193634033203125 0.124725341796875
0.211044311523437 -0.1806640625 -0.02374267578125 0.0976333618164063
0.337982177734375 -0.0301513671875 -0.0440902709960937 0.0245704650878906
0.324951171875 0.0909423828125 0.0378189086914063 -0.0402107238769531
0.36328125 0.20733642578125 0.132026672363281 0.010406494140625
0.236801147460938 0.130477905273438 0.2149658203125 0.30010986328125
0.22296142578125 0.078216552734375 0.195388793945313 0.138153076171875
0.228118896484375 0.003387451171875 0.0550308227539063 0.0415496826171875
0.169631958007813 -0.04998779296875 -0.0197181701660156 0.0643348693847656
0.14764404296875 -0.11590576171875 -0.056304931640625 0.137245178222656
0.080963134765625 -0.174774169921875 -0.021881103515625 0.243057250976562
0.013946533203125 -0.184402465820313 0.084625244140625 0.251907348632813
0.0053558349609375 -0.188201904296875 0.096588134765625 0.229690551757813
-0.01141357421875 -0.191024780273438 0.08636474609375 0.221084594726563
0.0604400634765625 -0.1593017578125 0.0346221923828125 0.21832275390625
0.113601684570313 -0.130882263183594 -0.003387451171875 0.15386962890625
0.144241333007813 -0.07952880859375 -0.0180206298828125 0.0975112915039063
0.198944091796875 0.0048370361328125 -0.00990295410156249 0.0274295806884766
0.196990966796875 0.0625457763671875 0.1131591796875 -0.0174179077148437
0.247909545898437 0.129989624023438 0.225570678710938 0.0842132568359375
0.0986175537109375 0.0058441162109375 0.288116455078125 0.3255615234375
0.08221435546875 -0.0188446044921875 0.259246826171875 0.152023315429687
0.0463142395019531 -0.0215873718261719 0.0969772338867188 0.0547561645507813
0.0270729064941406 -0.0111064910888672 0.012420654296875 0.0640296936035156
0.0414352416992188 -0.0256538391113281 -0.0587310791015625 0.14251708984375
0.0331687927246094 -0.0599708557128906 -0.0140838623046875 0.2705078125
0.022186279296875 -0.0630378723144531 0.10528564453125 0.287445068359375
0.0200958251953125 -0.0650215148925781 0.1083984375 0.262161254882813
0.0188446044921875 -0.0787353515625 0.0913238525390625 0.260772705078125
0.0508537292480469 -0.0541725158691406 0.01275634765625 0.246383666992187
0.0652656555175781 -0.0223388671875 -0.03778076171875 0.159622192382813
0.049072265625 0.00877761840820312 -0.0202713012695313 0.0842361450195313
0.0403861999511719 0.0116539001464844 0.0137290954589844 0.0278091430664062
0.056396484375 0.00693893432617187 0.157974243164063 0.0116424560546875
0.106742858886719 0.0277481079101563 0.277725219726563 0.137939453125
0.105449891328067 -0.0904618426408275 -0.076232161053207 -0.35134623565926
0.0493834155789637 -0.115451595008061 -0.0985121798200893 -0.221512812437139
-0.0495425503043651 -0.106871178800423 -0.0197559390913396 -0.0208217453285204
-0.0971310085536591 -0.0335926181629404 0.0566079166081646 0.0306206639233243
-0.0716294757809892 0.0413686669826894 0.181162828020173 0.0244306533596788
-0.0344495241041901 0.055538405569618 0.252225992646487 -0.0750740031306844
-0.0269072954797145 0.071833902570121 0.242747691541957 -0.176388828841788
-0.0214479566340489 0.0792668389560497 0.20997613434549 -0.223480703383165
-0.0301443495339609 0.0791547984761935 0.218798614186547 -0.206974254460542
-0.0447887146668534 0.0608731099075046 0.212238079033769 -0.131395599874747
-0.0815490256457483 0.0411664983079058 0.151477769332393 -0.0368447959697344
-0.112044652925513 -0.0261309017534243 0.0281899409610338 -0.0603233247624619
-0.0609273060306791 -0.0919707637851972 -0.0300375376972917 -0.147213849102969
0.0168949805076127 -0.0890328504394118 -0.0179878770969417 -0.294752845626066
0.0610425104920482 -0.0591218040839139 0.0933842996131923 -0.445319433445418
0.118497855911464 -0.251321583223328 -0.103054528516267 -0.306107480531479
0.0485464766020335 -0.257850630374831 -0.108047034179653 -0.205604277753358
-0.0993981612341545 -0.250724520209671 -0.0447126047946738 -0.0102520645301561
-0.190748536937022 -0.131016582956943 0.0230082588568372 0.0565104073668064
-0.198441871166535 0.0122434657064063 0.162147579822218 0.0658972498079339
-0.148394022651881 0.0771347912082682 0.232564257419306 -0.0316606956602398
-0.131014951279509 0.131503919182075 0.226219124191615 -0.125157589491899
-0.105745257374197 0.160585201039707 0.18594733549993 -0.177324394649118
-0.119171397667145 0.165325125599316 0.186713081259492 -0.17242359097355
-0.141424076753585 0.111999574207963 0.17181394653285 -0.0997514554197503
-0.192809169937289 0.0679634961344754 0.114875176917609 -0.0117657822489574
-0.237163166908591 -0.0562084285113824 -0.0164318471383989 -0.0423847434157359
-0.180993727540785 -0.181311399119173 -0.0680478284008084 -0.143726361417272
-0.0380624578655385 -0.227491209626656 -0.0547939034558974 -0.289925113019551
0.0555948149410925 -0.229960938180792 0.0538536826515221 -0.421759369711738
0.119838980560321 -0.384942291825133 -0.136882207947532 -0.20935094687289
0.0429118211580155 -0.378043028659501 -0.117882512056049 -0.15183024802059
-0.137519002632291 -0.37552473244874 -0.0621967419879809 0.00559009153137012
-0.266160449021756 -0.226420612458017 -0.0115828130736608 0.0706042515037534
-0.30856035373789 -0.0278479842720262 0.119065521879554 0.0887523642575308
-0.249816493837819 0.0833059905133316 0.174084199016084 0.00881709064359541
-0.221649143956555 0.169328032229178 0.171013334579922 -0.0587978903915046
-0.174087135231098 0.217905239406978 0.134155046799853 -0.10400783897939
-0.185996119935565 0.231278518334984 0.130192541840873 -0.108877742995995
-0.21281968405293 0.157925163045082 0.112646402204162 -0.0473079877818022
-0.276703058557395 0.103002360556349 0.068262567373344 0.0234891278625378
-0.338762464638981 -0.0593802033656423 -0.0549006980879762 -0.0093553564678829
-0.290182254865179 -0.231422314394581 -0.0948304383206707 -0.114524007730013
-0.103013071152418 -0.328134183967418 -0.0738021801250772 -0.242996694319197
0.0315099220929521 -0.365470416597761 0.0246058260315819 -0.33959574659945
0.10013122705821 -0.468285606167055 -0.171382078614097 -0.0705559719110497
0.016104466527628 -0.457092338821647 -0.126727230359406 -0.0578922746014813
-0.176748865002774 -0.450403707470304 -0.0703826342223886 0.0342124420824372
-0.320177350207522 -0.28421751925454 -0.0422916450144716 0.0764636981402223
-0.379766977345545 -0.0577715981182933 0.0539109708918509 0.0932908489759987
-0.31706286677573 0.0808885929423747 0.0816763488700348 0.0449438938651376
-0.280789379559853 0.182508938751328 0.0847243066063263 0.0157681926364575
-0.21708602149655 0.243643991579522 0.0622052514416032 -0.0146383309593034
-0.223794705478645 0.262717502738056 0.060419049284333 -0.0257300820728202
-0.253052469599569 0.180819136532824 0.0439239300947473 0.0214655660100308
-0.321375398712793 0.123432997321273 0.0151867988065669 0.0666140162234129
-0.390845593959986 -0.0554454060468631 -0.0833303425362323 0.0304966571763522
-0.353417714744787 -0.248248867923107 -0.101449751069111 -0.0710314691606015
-0.1532803440419 -0.376325753933846 -0.0625262502002763 -0.163498046412902
0.00236700870547164 -0.443233194997103 0.0138455242117408 -0.211537027392736
0.0575335005093687 -0.481902368640865 -0.194656228058515 0.0917567986907722
-0.0280483798997529 -0.462303112680553 -0.125490964039852 0.0617920814608943
-0.201261871037102 -0.444541954786798 -0.0689927338975165 0.0699678295039532
-0.327466989208772 -0.280913022953428 -0.0675740302053341 0.0763376750161421
-0.38602629767917 -0.0643479512997209 -0.0248973344859499 0.0854713524029909
-0.327421187881521 0.0714586199496166 -0.0289524235008137 0.0757437479890215
-0.293274009076494 0.17000189876326 -0.0173267310868395 0.0889395054564228
-0.226508527831663 0.230161010090154 -0.0178991574339279 0.0771518570302684
-0.231858401039691 0.249176368907413 -0.0144220497582032 0.0630849939790751
-0.259471996036689 0.165344633062422 -0.0286603527002962 0.0921699807249778
-0.316185110621203 0.10951822910092 -0.0411188799856785 0.103314710129008
-0.371931511949733 -0.0578677305521921 -0.100650902412299 0.0623989267467084
-0.344411833173349 -0.236719345604989 -0.0891440772626218 -0.0272710088337043
-0.161697100545125 -0.364353792854831 -0.0275671179786365 -0.0705039609278337
-0.0192225815761618 -0.448177425730057 0.0198966268127372 -0.0611563456982963
0.00200655897097237 -0.421283672621221 -0.195929993496816 0.248427843781314
-0.0750611118703988 -0.384623741263179 -0.107595912094699 0.181726263422367
-0.192264016510208 -0.347669098551738 -0.0566669340780443 0.102258504916441
-0.270831280870958 -0.215468756211421 -0.0810907663682821 0.0713420890425958
-0.31458426168692 -0.0529917595111544 -0.0976177521938431 0.0698518516093202
-0.27691821476434 0.0540796876766151 -0.133178008287326 0.100173193531192
-0.255142392438565 0.133702586204052 -0.113819579666281 0.151502446987765
-0.202484763385376 0.18175612865619 -0.0946560244297401 0.156248318307978
-0.21026528765201 0.192159228101375 -0.0874044384791023 0.139265041352955
-0.232186012764592 0.114923100702111 -0.0984299332086057 0.142244569959622
-0.263376723321013 0.059464797628302 -0.0965328303500266 0.117227885134208
-0.285312777282939 -0.0738483654690477 -0.108756468851236 0.0733426241122098
-0.26134253322327 -0.201973522602898 -0.0674781444266803 0.00393395478734863
-0.128431893218171 -0.295688170023877 0.0149910833313433 0.0175967850419987
-0.0293262112162028 -0.38129798286061 0.0332526637146322 0.0857054176257969
-0.0505766415430188 -0.290938527716143 -0.170109098816987 0.372544995508137
-0.102481056741059 -0.238686573802377 -0.0702474719916823 0.276120646454015
-0.140052597268816 -0.193582080936649 -0.0336061706791943 0.124082407221752
-0.162697724810092 -0.116586316266595 -0.0754617640896849 0.0632147068555854
-0.19030094948802 -0.0349428179974358 -0.146097331258639 0.0524257294246943
-0.179290852238782 0.0255202283186038 -0.207632779333625 0.115722265079559
-0.177221349379044 0.0736935854295925 -0.187901124784693 0.194570151580209
-0.147593413520794 0.104567561619269 -0.156675466364695 0.21147804338597
-0.158704180486949 0.106296009848858 -0.151011550328972 0.188504686240575
-0.170760456308928 0.045458124042247 -0.159273396483761 0.158009195810359
-0.17305200255607 -0.000450284555451929 -0.143798583067673 0.0984287166180342
-0.156889133930141 -0.0799384964113469 -0.107618164388409 0.0586664714333103
-0.139800801557977 -0.136040231219281 -0.0429054358965179 0.0205692325384767
-0.0767848389738619 -0.185228881820702 0.0477732718873369 0.0906708837674379
-0.0359466867199965 -0.257742114166031 0.0444304967109003 0.208702557985781
-0.0851645587097794 -0.115147409639822 -0.122712413984177 0.442047790981122
-0.0968983176109283 -0.0621645167374727 -0.0172945037790384 0.333275148364353
-0.0559585775622097 -0.0284786277003254 0.00230003772409408 0.132732482121917
-0.031045890230019 -0.0218230822800517 -0.0516322710442075 0.0507128029736777
-0.0457997481814964 -0.0254303054125156 -0.16363989909925 0.0347273339384182
-0.0617258051592974 -0.0132757864409179 -0.241127517105396 0.121356043359126
-0.0746354831674049 -0.00105393788059964 -0.227655969455152 0.212892476555516
-0.0702527613678759 0.011991173268867 -0.193324921744715 0.234653091293052
-0.0795717277075195 0.0111930451752243 -0.197087985614708 0.202977454963513
-0.0810306054345642 -0.0170270850208631 -0.202039388781557 0.140522462382883
-0.0588485502980519 -0.0396955862503993 -0.170918065562491 0.0540415276431546
-0.0221698760901516 -0.0530043994236338 -0.0934579210531841 0.0285307653334709
-0.0217278705824557 -0.0374996688960788 -0.0203880775026628 0.0281171384637596
-0.0371327496087991 -0.0483391332128254 0.0631139004564629 0.142264568160775
-0.0467327461264604 -0.100869675416111 0.0501383826525399 0.289915198554224
0.0984912914451173 -0.0951336938793053 -0.0969651956943332 -0.345469265488562
0.0426224910575085 -0.117009562671303 -0.111266816375232 -0.21376164635221
-0.0552161045879419 -0.102905117699652 -0.0207106758130443 -0.0207256715241775
-0.097664272505424 -0.027742709789833 0.0576058794302115 0.0263408766169884
-0.0682812889041984 0.044368242700694 0.182679976646601 0.0111257647444207
-0.0314550279841892 0.0558848056547079 0.245791308585262 -0.0920332388239038
-0.0225818097238245 0.0722693507435563 0.229232681254239 -0.189391069368274
-0.0154920063611139 0.0794376799809224 0.192824268606605 -0.233673709223461
-0.0242808739603393 0.0804227060170336 0.204237594214394 -0.219360134440181
-0.0403807483360641 0.0623801270351509 0.202970415792756 -0.145023603761338
-0.0772203289471361 0.0460098764505276 0.149818932138656 -0.0468323245081152
-0.112949433745547 -0.0173784617136223 0.0235509545015042 -0.0596829904904421
-0.0671146912886938 -0.0875044287647237 -0.0386343861762838 -0.142775739683952
0.0122295692053541 -0.0887812753170988 -0.0343684143735575 -0.290480639089134
0.0571188328436345 -0.0623462415751079 0.0669758387901967 -0.446590436302839
0.10086780274137 -0.25733947085082 -0.119825014971636 -0.298276724765182
0.0336102432319581 -0.258066047572731 -0.119204824257251 -0.197500265805115
-0.11377367122978 -0.241674582087564 -0.0448366448658728 -0.00993423074691819
-0.196073862507235 -0.12001077830639 0.0248704404467027 0.0536345644555652
-0.195546826868482 0.0232568713507527 0.166203928825638 0.0537343013931029
-0.144282260298176 0.0845498556893471 0.229276705273271 -0.0470726688961192
-0.122479929011567 0.138970481179399 0.215656619570964 -0.138992379749623
-0.093933975750782 0.166122058218151 0.172439914787651 -0.186469690598271
-0.107435501547348 0.171493375815155 0.173469357392775 -0.182317197296724
-0.134711090142618 0.119113636584582 0.163828075008044 -0.111052649793889
-0.18697191499529 0.0800237009143774 0.114827780682791 -0.019461873733227
-0.239797650335461 -0.040179907330617 -0.0197028347348949 -0.0386142896656354
-0.191318779823776 -0.168731032484303 -0.0770749103895832 -0.138533781786684
-0.0500094756601884 -0.22493003268293 -0.0719919179771601 -0.284466552563893
0.0409695647712828 -0.232552813442739 0.0301624279312311 -0.42105348009644
0.0945634371017153 -0.390302353731464 -0.147868399423085 -0.199988424144469
0.0209380088325077 -0.377882661464328 -0.125310691315668 -0.143629268376283
-0.159853455645591 -0.362426064758316 -0.0615065856147675 0.00602622121201062
-0.277687346134271 -0.210825186915022 -0.00915545232050678 0.0690442761676728
-0.307476753855757 -0.00920920284027571 0.124410696641393 0.078762999866481
-0.246028828587636 0.0967090401864605 0.174017385073455 -0.00183922267746822
-0.210706620789058 0.182377082215626 0.16627895381829 -0.0709302370658376
-0.158953035971765 0.228251730008102 0.125460530637489 -0.111309873960117
-0.170107333704739 0.242209665462889 0.120949336810598 -0.116733093138987
-0.203500695665398 0.169055667864292 0.108835578985994 -0.0546515591267355
-0.269135990183149 0.119508406082959 0.0705141128150196 0.018072982142665
-0.341913195395525 -0.0373208879737065 -0.0559599319152064 -0.00306604738194896
-0.303051506869967 -0.213113893179007 -0.102476279655877 -0.108947434485842
-0.1220453580647 -0.321825632307202 -0.0880055420666275 -0.237011935005474
0.00834752491132837 -0.366628422297748 0.00543906355225368 -0.338221308548932
0.0693395449370142 -0.471185869831426 -0.173866050647365 -0.0604764113728779
-0.0102004879806092 -0.453105773703115 -0.127542822816834 -0.0501150046021819
-0.202976816205324 -0.43520579157874 -0.068006936285874 0.0344874442050728
-0.334209861065634 -0.265101118120468 -0.0393595728742365 0.0760734716204451
-0.380622078855527 -0.0336099737711969 0.0604808190557467 0.0876427797837495
-0.312179982058776 0.099101773348515 0.0845878174439449 0.039999202635951
-0.268602012471305 0.201074150915063 0.0858391509618512 0.00769512998476477
-0.199639993560519 0.256559476561634 0.0606389867640442 -0.0188444757832303
-0.205649492956938 0.275832479920921 0.0566895122096458 -0.029587921018442
-0.242785805070133 0.194661423063181 0.0451624306901949 0.018034834321193
-0.311062081905225 0.142995201953938 0.019822983717716 0.0635434201242771
-0.393224070958979 -0.0282548806522921 -0.0807887728529099 0.0380395570657657
-0.367241838928157 -0.223423161272654 -0.106943863029699 -0.0656619054307623
-0.174490600776801 -0.366281027708327 -0.0728753941320586 -0.159619295835967
-0.0252772519540356 -0.442626381799208 0.00167732030854643 -0.211268885200077
0.0277718948912473 -0.484856737364408 -0.187858855237726 0.101337599327543
-0.0554197112073106 -0.456647863658381 -0.118794393009286 0.0683519004343792
-0.226552461946763 -0.426827125566226 -0.0635224396415092 0.0699976345284666
-0.343601491266353 -0.262429353430641 -0.0640807161599767 0.0782202042663605
-0.387255216604754 -0.0404981394539265 -0.0189302544436226 0.0847096671266361
-0.323524844328729 0.0907574929347884 -0.0238621780576066 0.0781544271984871
-0.281092080450785 0.189884205311128 -0.0103209921917679 0.086433576772181
-0.210917018790497 0.245230580852403 -0.012643289897605 0.0763749085269776
-0.214698623766278 0.263415829215588 -0.0117812291272262 0.0635162704466796
-0.250190454019114 0.180141629828728 -0.0222774967476655 0.0928440761948853
-0.307070297432323 0.127633972466658 -0.0342246157592172 0.104504202914697
-0.375139165188054 -0.0354245888259189 -0.0960755828185446 0.0706707163738211
-0.357640075518026 -0.213522039500048 -0.0929383195386663 -0.0234248968753902
-0.182242968141935 -0.35320318055819 -0.032626529915497 -0.069859442319161
-0.0466637102982307 -0.444653435185083 0.0163054161705855 -0.0616577213471334
-0.0233744360126428 -0.420578536128821 -0.180112429611403 0.257606914114192
-0.0958873693069466 -0.377483604489265 -0.0942732173105006 0.185910991770887
-0.213352561804399 -0.33479358110408 -0.0498910795009282 0.102517962452188
-0.282362396538882 -0.200321914289811 -0.0778691223736664 0.073537814750613
-0.316789637963964 -0.0328494189302519 -0.0927166574661694 0.0744710952336003
-0.273677916363692 0.0708909567302939 -0.125886445802735 0.108970561134827
-0.246859271872259 0.1506721823189 -0.102526427444738 0.154867757954553
-0.189301896615919 0.194537914354166 -0.0842800194751881 0.159099858884082
-0.196799740703421 0.205079669419607 -0.0793627898955222 0.143842950741258
-0.226053953435664 0.128007335616029 -0.0886573838655982 0.147308388167354
-0.258130611005895 0.0750401293947629 -0.0890567401298076 0.122006853700399
-0.289639884563112 -0.0573664471257248 -0.10373282915917 0.0813153671484328
-0.271891774804354 -0.184949963685927 -0.0690062679995625 0.00646358175627017
-0.145309348441408 -0.287806899395138 0.014654544028246 0.0153095747958198
-0.0535350084931218 -0.378935472455366 0.0382017952140415 0.0840638522728931
-0.067539028218266 -0.288696449142131 -0.147925131766491 0.377645685866053
-0.115204715965168 -0.231160885496714 -0.0514619218793989 0.277450434693089
-0.151888895522215 -0.184521472130778 -0.025773151566923 0.123856477736317
-0.170026609929722 -0.107592685102856 -0.0721809851244407 0.0657912196909219
-0.191156240274674 -0.0225094718601199 -0.143079053730998 0.0610273671619657
-0.1782304620787 0.0372861087465431 -0.198655995061338 0.129902956018848
-0.171907636154552 0.0869220994494387 -0.173098552484707 0.202533518327984
-0.140342259315115 0.114809510380802 -0.141508681029484 0.217265845705429
-0.15062397205864 0.117029956221728 -0.138968829305523 0.195368653409832
-0.169488125148223 0.0561905602592369 -0.14866910237923 0.167305290620302
-0.172044017484158 0.0097610592968252 -0.136864637586566 0.106785436352379
-0.162197673785721 -0.0709695679081806 -0.102385553826521 0.0655412010433149
-0.147342544350844 -0.127117862928853 -0.0439705377409439 0.0220248318079959
-0.0878363146974209 -0.180041537743928 0.0513877052221437 0.0856190988006214
-0.0522215073722146 -0.255570169221398 0.0560758662832892 0.205135078619727
-0.0908346763218743 -0.111597126050111 -0.0972279321117614 0.444765231013571
-0.0988907917553795 -0.0563003797721969 0.004290367633056 0.329784231801213
-0.0573564116938457 -0.0250668400982429 0.0106367514970091 0.130759682142598
-0.0319934106640154 -0.020690452298647 -0.0489293693601849 0.0520015511159299
-0.0471504061302318 -0.0217855715426065 -0.16172409919989 0.0445205071219822
-0.0625192152731365 -0.00897519825052205 -0.232418864358133 0.13758972976762
-0.0747519540291382 0.005496699711662 -0.21181730973537 0.223854414814869
-0.0698439003887284 0.0173120856738261 -0.176727077748865 0.24280218271292
-0.0791272774467468 0.0174126389521753 -0.183753442721326 0.212564236741542
-0.0835552505111919 -0.0110848651055406 -0.19143787158843 0.152454988372678
-0.061943933163473 -0.0360135619529615 -0.166617089545368 0.0647448491580925
-0.0268646732143378 -0.0520149171626193 -0.0899957053806661 0.0341225587491839
-0.0247767453826098 -0.0361378809753203 -0.0201939212641959 0.0289760472100186
-0.0403420759763156 -0.0465878252965136 0.0700596238047779 0.136658929312013
-0.053150781710428 -0.098737209837577 0.0661893963790811 0.286038669843868
0.0900516727834803 -0.0968797248009872 -0.112408768168573 -0.331540943183286
0.0358854801632445 -0.1155358333063 -0.119869889596319 -0.202053576365916
-0.0585727449456867 -0.0963321786649996 -0.021732688784741 -0.0206609041770773
-0.0955671395488209 -0.0219451687905445 0.0573080816621999 0.0217114759129745
-0.0636388021846691 0.045480019715046 0.178550675939885 -0.000785177871163912
-0.0285724584466539 0.0550589229613694 0.233825825299037 -0.105176884650728
-0.0182160173997533 0.0711861225751545 0.211462051814303 -0.197121247894736
-0.0101777169647008 0.0782840860244352 0.17428164168859 -0.236173406435252
-0.0184998285056386 0.0795798015416459 0.185963648965415 -0.224257344952184
-0.0352599613871717 0.0625240701390521 0.188804244191792 -0.153006336152673
-0.0719187830708301 0.0494097992638772 0.144597011260257 -0.0542488491497514
-0.110693192127947 -0.00945266797856066 0.0194761532236143 -0.0572725845875745
-0.070002451265722 -0.0811829865518925 -0.0453776673958884 -0.135641749702568
0.00800324498865715 -0.0870927945103168 -0.0486204627434108 -0.278919784645437
0.0518530108855966 -0.0636979714963245 0.0440332599183888 -0.436874466472737
0.0837896356177409 -0.255003262538084 -0.131619003844381 -0.283559973798563
0.0196697840343809 -0.251824781809556 -0.126050907513934 -0.186154615389869
-0.122550753924175 -0.227576329174017 -0.0447857102223194 -0.00968152543110377
-0.196470920599068 -0.107502451826983 0.025412938299616 0.0493089349241622
-0.188367501919421 0.031853303615646 0.164982299948038 0.0409777686123622
-0.137543781342896 0.0885464756098304 0.220622723831022 -0.0597115577405255
-0.112075353805762 0.141707086930054 0.201629658722917 -0.148335588020965
-0.0810557013397534 0.166944175839256 0.156652102208277 -0.189656130016828
-0.0939455305297151 0.173335423329354 0.157200609014854 -0.186788670238221
-0.125329300253241 0.122829167903323 0.153554660394003 -0.118298578253881
-0.1766799879976 0.0881142436408226 0.111849394469691 -0.0267456352843088
-0.235896401103022 -0.0251653899015945 -0.0212871574088585 -0.0343078385740984
-0.196009513935291 -0.154227479419473 -0.0831938248569008 -0.13011007704863
-0.059989413647173 -0.217216076818921 -0.0842957698031096 -0.272034822623946
0.0272518716456069 -0.228515595829761 0.00816883076422988 -0.41120808198943
0.0695228244624173 -0.384349994714866 -0.153416450492207 -0.187639932122207
0.001408748294822 -0.368913214900385 -0.128518001186997 -0.133687896234698
-0.174223883729908 -0.342654031374873 -0.059853604061289 0.00614751433500491
-0.27996118505655 -0.192101943026161 -0.00777341609875626 0.0656716768550208
-0.298760773888806 0.00659121797441102 0.125815956567893 0.0670065581787197
-0.235545452262728 0.106266322023806 0.168942799106162 -0.0120898398389416
-0.195567954102368 0.189599065436283 0.157195894731848 -0.0796009510722311
-0.140610187271312 0.231583508124002 0.115409396768601 -0.114723548138334
-0.150642657357941 0.24530728722258 0.109510537103913 -0.120229264056083
-0.190274708807229 0.175544466988869 0.102675519077279 -0.0604919306173613
-0.254130638978664 0.131214161259052 0.0703790538542267 0.0123626198211984
-0.335946469168915 -0.0175141220067589 -0.0543912597242145 0.00205354341521897
-0.306344780829133 -0.190688281833073 -0.107444427848686 -0.100636840562452
-0.133670681901245 -0.309157810907654 -0.09857127313437 -0.226107636981536
-0.0115981508198529 -0.357851840671764 -0.0121076347239579 -0.329179601859923
0.0419148976746042 -0.464037795683662 -0.171868619688214 -0.0500781947083569
-0.0323482761984243 -0.438722591177327 -0.124341883175544 -0.0427845682852526
-0.221542430719295 -0.410417222934427 -0.0645237272685299 0.0336485743195185
-0.340569183047874 -0.244232348948608 -0.0369274739669384 0.07444431498156
-0.37225099036354 -0.0122580605881419 0.0642544701986252 0.078971195193391
-0.30068845205998 0.112720221113541 0.084514463833581 0.0341756885443965
-0.25081027977085 0.211361139085209 0.0837963972966435 0.000537787383692734
-0.178692267429909 0.261786867491713 0.0577188612593885 -0.0222537408176909
-0.183957602526299 0.28066649785679 0.0521588825659644 -0.0319068786090821
-0.22797949988418 0.202469441255662 0.0444132949674293 0.0149243914374789
-0.294634557195804 0.15538870730104 0.0232014904259857 0.0598447340640517
-0.386878174468215 -0.0075230684162233 -0.0765737888652376 0.0440774933030284
-0.369440880713235 -0.199043836389645 -0.11039011803884 -0.0588040011663251
-0.189414987379387 -0.348198923769102 -0.0805323583521914 -0.151145666510263
-0.0493885607435259 -0.42940095645059 -0.00909743847977219 -0.205280015687573
-0.00047185437245418 -0.47402156715601 -0.177021426035427 0.107847956177396
-0.0763340113688438 -0.441365097401308 -0.10964489982765 0.0715286915880821
-0.24432548251621 -0.402451245287056 -0.0587904161645335 0.0681615890399494
-0.346915801937258 -0.2413640030448 -0.0614075508745384 0.0767870494573897
-0.378622295531518 -0.0180853831032137 -0.013385371654567 0.080621999662465
-0.312449098312182 0.106015857714164 -0.0183364619898283 0.0775422985970453
-0.264210929056344 0.202332667214502 -0.00491769576811369 0.0820867971239616
-0.190672530874569 0.252114225622174 -0.00868900427453215 0.0739051850492524
-0.193979000550896 0.269372277625204 -0.0091894115753883 0.0622958345145952
-0.23596753354409 0.18979061182099 -0.0164766539866682 0.0915349186892814
-0.291317964136844 0.141141760676879 -0.0277547918882923 0.102538386918628
-0.368387345137027 -0.0147454235436498 -0.0894040345470813 0.0761091508732629
-0.359838618676179 -0.188860243836012 -0.0941202331554701 -0.0183026801502817
-0.195779596775672 -0.335639046614 -0.037084925722853 -0.0666961115081088
-0.0714612176031718 -0.431268971963991 0.0125503915221083 -0.0606766988557609
-0.046157925720009 -0.409108923788482 -0.161715385963841 0.258550069212281
-0.112467510949359 -0.362158594781913 -0.0793193494304973 0.184479145241204
-0.226366102189254 -0.312380311148544 -0.0428532224248286 0.0998914129111574
-0.286879434920333 -0.182323485899999 -0.0738703657934136 0.0741403079373664
-0.309405566060744 -0.0143176896949329 -0.0863418596401098 0.0765172138120591
-0.264670493296244 0.0844220894705698 -0.115846897722133 0.114051607089495
-0.232053959617247 0.163019316043766 -0.0905319978463618 0.153158315210007
-0.173031864167095 0.201604723843426 -0.0737286714219375 0.157329586666694
-0.179454101961581 0.212001177491483 -0.0702197546053351 0.143868112091438
-0.215127984457088 0.137470900071125 -0.0778907838534987 0.148044278117385
-0.247259951559272 0.0867356162900265 -0.080346542740662 0.123411465994455
-0.286928563082861 -0.0402856714160208 -0.0957518929097344 0.0860513847071969
-0.275196282856862 -0.165189177747406 -0.0694575566341782 0.00952059613546415
-0.156773038370054 -0.27368588155115 0.013551181853949 0.0132357226963963
-0.0719224827725423 -0.366498691317004 0.041188087224699 0.079915633195317
-0.0816837823462943 -0.279025769670224 -0.124191256745962 0.373594205594801
-0.12289450162878 -0.219287294855716 -0.0334821663079499 0.270309358320572
-0.157738491146795 -0.171292681894847 -0.0183970473727025 0.120084100408588
-0.171915709309941 -0.097384658494263 -0.0680828453004638 0.0659723045604992
-0.18713702225473 -0.0112850724313333 -0.135804788384582 0.0665600273104217
-0.172705639930661 0.0467130730503893 -0.185892541284524 0.138760982152083
-0.162781667893136 0.0964476435695545 -0.156494772904895 0.203529549757866
-0.129802582938958 0.121117647592307 -0.125821623002938 0.216934731518586
-0.140772355879376 0.122785225582547 -0.124635262412671 0.197566725776374
-0.163875608061459 0.0647979357701638 -0.134352626882811 0.1708523018287
-0.167307724331958 0.0189319670249646 -0.127152076490182 0.111724126681595
-0.162982675824636 -0.0614151345636216 -0.0952588115132576 0.0700504830124317
-0.150484068788221 -0.115798214898142 -0.0438125182467751 0.0235138249611029
-0.0952138147957443 -0.171585565285583 0.0532319712261779 0.0795162482183753
-0.0652878176999306 -0.246552530598134 0.0643690999287984 0.196946339319644
-0.0938019331394679 -0.105293766194753 -0.071192367450736 0.435145100036932
-0.0982685053730108 -0.0501496192174376 0.0220641916540387 0.319362040765191
-0.057438489881713 -0.0223389182383974 0.0174625838417487 0.125770190277737
-0.0335027501636607 -0.0190692915956365 -0.0451064552023773 0.0523173864814618
-0.0467493621231749 -0.0181854554849448 -0.156000653928872 0.0522906740384956
-0.0615512568056578 -0.00437740697454549 -0.218789837866538 0.147622610433695
-0.0729133515493981 0.0111833363698624 -0.192942765687082 0.227205161646809
-0.0677023241629448 0.0226108201225869 -0.159243686381036 0.243409003672617
-0.0761202385047207 0.022447209021787 -0.16664395854549 0.216003022453848
-0.0831255913373921 -0.00542919039697065 -0.176973012825189 0.159112740533434
-0.0628521083766864 -0.0315158078279471 -0.158082368840978 0.0732313403353603
-0.0298043697842708 -0.0498077689841322 -0.0847049798040242 0.0378737913889263
-0.0260825138401075 -0.0341754274649841 -0.0197670820134468 0.029566187065417
-0.0424020280122646 -0.04315593343543 0.0743486773014655 0.128405184345272
-0.0574876047929067 -0.0942003246371773 0.0784474980978766 0.27575724504717
0.0464114969094802 -0.12071392784088 -0.209477984394604 -0.262617357216118
-0.00971720544623556 -0.118659134425078 -0.171195752004206 -0.141005901103252
-0.0861971506078723 -0.067881201470899 -0.0205536284957759 -0.0149217152549333
-0.0933945770908364 0.0133586065664996 0.0615843004944603 -0.00445078508411711
-0.0412244541690369 0.0603718296629819 0.161232568105223 -0.063048501532258
-0.00592639462410285 0.0571538135155832 0.174988209114748 -0.176713278870573
0.00867887444914598 0.0699832419665199 0.123842070956674 -0.252975890470367
0.0170485452510026 0.0711733738654789 0.0768117734796612 -0.271171833820063
0.0101651470894954 0.0769686512710182 0.0941551054621888 -0.263789609965198
-0.012695693386337 0.0674588963592548 0.122577880680542 -0.201289199064693
-0.0479148676523816 0.0678816141034288 0.114007148844796 -0.100027750162068
-0.102617930801807 0.0280163131577471 0.00172770349007956 -0.0568439452664083
-0.0903866068628853 -0.050845629550561 -0.0831215014686997 -0.105308373657027
-0.0204065545689954 -0.0800098600814571 -0.132875528377712 -0.23784651967523
0.028559409473461 -0.0722587638408708 -0.0932101628454025 -0.407472393948598
-0.0148092517854752 -0.264819533302101 -0.206247490686035 -0.208555452052183
-0.0721250406885971 -0.237890826613866 -0.164968570631773 -0.122468984711535
-0.19000914451132 -0.164472724585335 -0.0302159331095719 0.000238739121796134
-0.21518065897883 -0.0277414465813141 0.0471006263023578 0.027535222996575
-0.158264105962015 0.0907135506427187 0.16430061766022 -0.0264254917351025
-0.0941863260822058 0.124087178489712 0.1784774182934 -0.134698522317989
-0.0547358914950041 0.167325781139708 0.133484694822825 -0.208852319168591
-0.0182998502046896 0.174291876599307 0.0744944757634634 -0.225614698704872
-0.0274156941801988 0.186203502238072 0.0789841054646684 -0.222028169895731
-0.0750673477092228 0.150953695911831 0.101958526608484 -0.160397998683394
-0.130236881893717 0.137085445084087 0.0943784106994875 -0.0663992282955223
-0.222610707408667 0.054450398169607 -0.025153057932487 -0.023269911006384
-0.227559847696476 -0.0766715301875186 -0.115348474852406 -0.0864608129852837
-0.124601649967773 -0.176445407179626 -0.163875178789124 -0.217650045451234
-0.0460802717572298 -0.217209391833328 -0.121457934256725 -0.370691604011705
-0.072077442264245 -0.380356171126514 -0.190338374845424 -0.111455948298352
-0.128826469567594 -0.337293735092025 -0.143895848358186 -0.0718050671301068
-0.27763637557833 -0.249706013548809 -0.0313476000370194 0.0185933396267927
-0.32143860246091 -0.0741611640302943 0.0274021567756895 0.0495872810495724
-0.266680863499328 0.105073396204239 0.140591965561412 0.00566450107983548
-0.177959061605636 0.173005232136048 0.148724497272989 -0.0781041769856717
-0.115948502086541 0.240571014687988 0.117877122358837 -0.134668150154902
-0.0509789859504897 0.25189726131986 0.0613756236210101 -0.146562666038329
-0.0543150680032255 0.270666070688143 0.0570638416302514 -0.146152655268256
-0.117950901491942 0.220676347107024 0.0750736623181672 -0.0936722131251535
-0.18661391971753 0.201086388341629 0.0700624593670348 -0.0196769837463812
-0.311721742312531 0.0938415159755693 -0.0411384538554756 0.0193665266427828
-0.34022583575864 -0.0741635750173458 -0.126916800964909 -0.050205863461771
-0.221554785731181 -0.236468097638085 -0.163843244540789 -0.169231244020561
-0.122785049182014 -0.325397071466926 -0.117366414357071 -0.286369412052704
-0.12665107439367 -0.443033161401358 -0.158734164796866 0.0213247230290848
-0.183941963218396 -0.390979401874562 -0.107045513429448 0.0102806189337439
-0.343718195847249 -0.295440211007942 -0.0211589002585914 0.0438034548473451
-0.394375003047376 -0.0983070848266919 0.00734374538498372 0.0646071891994642
-0.339046427780877 0.112986135441777 0.089277964260678 0.0338717899112759
-0.236274397140623 0.20166904647824 0.0879941285156932 -0.0097175828289372
-0.159764187043826 0.281074431888905 0.0803748951952225 -0.0390858038830036
-0.0755355722720977 0.293175271047418 0.0398250881490505 -0.0449087646056911
-0.073048331798614 0.313713608109811 0.0328687862534548 -0.0484830380842549
-0.143206141150864 0.258321280938243 0.0465806197374579 -0.00738183330186076
-0.215413436171307 0.237431203507291 0.0432553912830806 0.0379490640631241
-0.355901744592174 0.119553630784032 -0.0470577745418955 0.06337074643351
-0.400356784752114 -0.0608116281214946 -0.115537524890165 -0.00991449892087951
-0.285079459581262 -0.255104764690371 -0.12475445147807 -0.106072512226742
-0.1806206653786 -0.380408649887416 -0.0790208405362508 -0.173344937522492
-0.16787735566742 -0.439908348251636 -0.112179575189679 0.166189255158106
-0.223922117576364 -0.377464720417842 -0.0552855111772776 0.107987144906783
-0.362058867915802 -0.281348504730475 -0.00506502819140547 0.0720590733768282
-0.40152189627514 -0.0929719951530155 -0.014051634817304 0.0742089419011909
-0.348674752155977 0.111159140919495 0.0192805318285617 0.0603701693153561
-0.249219902973679 0.200036471611721 0.00994629502717439 0.0644204814096472
-0.175791819137182 0.278385735219343 0.0279201642609522 0.0650092657290141
-0.0889199391974813 0.287878920911734 0.0124878607406543 0.0629284120904104
-0.08570125020623 0.306667760565278 0.00843328723826095 0.056801059372157
-0.154999073917725 0.249296663670359 0.0160218680069404 0.0817632505965601
-0.217382849459228 0.222209566659211 0.0117916065289136 0.0938101587866769
-0.341550423626521 0.10676177073333 -0.0478290386590215 0.096511883939422
-0.386359778739018 -0.0560755283098588 -0.0887477137553844 0.0213467131387473
-0.28867280540666 -0.242555831824218 -0.0588187057528228 -0.0424496445455431
-0.201230795473895 -0.375842076526741 -0.0157778420486241 -0.0482966731052886
-0.184880374171144 -0.362850658484392 -0.0499844814092814 0.295885057203563
-0.229429380237492 -0.291964956503037 0.00656686228317309 0.198035237037485
-0.3131446087174 -0.206753595188464 0.0139009707073469 0.0958451794981352
-0.326040232347861 -0.0626270130316674 -0.0302229418001278 0.0785442124008753
-0.285370774144281 0.090690965470957 -0.0499054842468415 0.0835487341256592
-0.213684827254741 0.165932911682239 -0.0660441812098466 0.13168383036573
-0.159818580420342 0.23198087435279 -0.0256990415897201 0.16006184874576
-0.0897534782036459 0.23867229597252 -0.0171070587203362 0.160861470294433
-0.0920170145002687 0.250434962071923 -0.0192638882744045 0.150319793163717
-0.151860268779863 0.196189235883549 -0.0207901127793126 0.154409417372606
-0.19540350407152 0.15918297034341 -0.0284998269734796 0.131546429277007
-0.27518400766671 0.0561234418587829 -0.0521120735813416 0.107740517663251
-0.302507063412822 -0.0612402842954243 -0.0584992481597675 0.0378326220561695
-0.233026391008263 -0.198060959309902 0.0126145207074255 0.0131969573201716
-0.183362567306454 -0.316258538032238 0.0533066551733413 0.0691614631233352
-0.171542113046142 -0.229174611466813 0.017340642331216 0.385084729317087
-0.187788095348271 -0.157364201773219 0.0702300597072922 0.258011967944245
-0.202807905930952 -0.101194937242383 0.034630698579165 0.108315480920893
-0.191707794574669 -0.0270968528916395 -0.0337062538880864 0.0744723736507878
-0.173895327565763 0.053231927335263 -0.100330967864279 0.0965089949592618
-0.143355193739707 0.1013554308314 -0.121472817294609 0.181500569299975
-0.118658333681931 0.147398177866545 -0.0693338178920627 0.231637044685698
-0.0776353344558989 0.153310819632792 -0.043279761352477 0.232714995857885
-0.0865198857111636 0.157854628579063 -0.0500423545959625 0.21688539977933
-0.128046183621055 0.113680911853786 -0.0643427444649239 0.19506228344097
-0.146200899576888 0.0714042290589227 -0.0742569498628613 0.139132224121686
-0.169694289757826 -0.00253253081966093 -0.0596115455848896 0.0934257937008908
-0.173578992171373 -0.0568209089187982 -0.0320273044683609 0.039944343745314
-0.1438305867194 -0.125363295993509 0.0706839032757905 0.0591793397045109
-0.138837505934464 -0.208575004117915 0.112710782579868 0.165473882232784
-0.121062106680162 -0.0645254211270374 0.0782906267491269 0.420631960446356
-0.104650288519819 -0.0103611765493406 0.129200614634 0.280663556539706
-0.0598750580499717 -0.000574070541628723 0.0590739934849745 0.106140544626577
-0.0378458843531391 -0.00529057814293407 -0.0234350561342071 0.0600260447965357
-0.0490590096714768 0.000187815658598087 -0.124555112607452 0.0969510040160539
-0.0600199704107553 0.0186180411937759 -0.148360465389563 0.20546391794858
-0.0648091793207125 0.0380017873450433 -0.0957808894274803 0.269494789100487
-0.0539108783361976 0.0446948588178019 -0.0630081227574797 0.269640717822562
-0.0619432137579432 0.046567270192213 -0.0806572813755751 0.24796202409979
-0.0765617601773574 0.0236565309480686 -0.107587524717574 0.19976234196213
-0.0685224899803094 -0.00813503669899847 -0.116074960675819 0.117774097018916
-0.0436956977301154 -0.035186579882571 -0.062575530436493 0.0615328716357294
-0.0348290593014234 -0.022412325450923 -0.00941966995539533 0.0347420378875625
-0.0540623490649589 -0.0268185525491317 0.106665542944284 0.0953801577880838
-0.0841658820958374 -0.070845319505236 0.152666664613305 0.22979707010896
0.0427487453209909 -0.117384953577477 -0.208944472334594 -0.252345311384537
-0.0105542529595566 -0.115591623845764 -0.169769520370764 -0.134237270203301
-0.0843618114533866 -0.0646196878956637 -0.021775874765962 -0.015700126711517
-0.0911387872100476 0.014644582373265 0.0586581135801469 -0.00634551066276004
-0.0396684863463168 0.0587156079608436 0.155319326143218 -0.0665620129014277
-0.0056931626815335 0.0552157760834049 0.166037261786554 -0.176714849330078
0.00937827030750439 0.0676784658635189 0.115087717620684 -0.247774778362493
0.0181415145464328 0.0684717766639222 0.0696819046360058 -0.263969431673875
0.0118603364583751 0.0744234243981192 0.0863347456733207 -0.258159298222347
-0.0111032920142762 0.0651200747320608 0.11395220190308 -0.199729991612077
-0.0442769418903856 0.0672135662455068 0.109757492257696 -0.100635561474989
-0.0991412450800909 0.0297388200439291 0.00136472545306149 -0.0535590042487787
-0.0894633006038448 -0.0477217625512509 -0.0825813852892124 -0.100335574159909
-0.0212069108434523 -0.0777342752754636 -0.132636391617662 -0.228731262690254
0.0258829179134115 -0.0706004466629947 -0.096411939259951 -0.396128242244913
-0.0199292522225646 -0.257633663458886 -0.204685950268023 -0.199852332655255
-0.0734731992727079 -0.23047256468636 -0.162486046687372 -0.116826262250183
-0.187653745800852 -0.155873023608082 -0.0308324544713643 -0.000879944604247773
-0.210232370287229 -0.024036075439952 0.0438908918858579 0.0252319534435089
-0.153012314497704 0.0904035887491424 0.159265421828269 -0.0310513945345678
-0.0907331799500844 0.122824843679249 0.17033491739125 -0.135532760716688
-0.0505977588109989 0.164661829564047 0.124754879871028 -0.20581984729218
-0.0132856379562121 0.169655511627773 0.068335490910628 -0.219711888283716
-0.0221546651074457 0.181949356804096 0.0718205107734703 -0.216747054298839
-0.0717375829605812 0.148982653318831 0.0953930406393433 -0.159253493763166
-0.123481692799166 0.135475537532614 0.0906986767499722 -0.067752773377823
-0.216138035200724 0.0581529423430302 -0.0242705799488096 -0.0208673146866842
-0.224397340426634 -0.0701606638157315 -0.115085900374223 -0.0808560689807359
-0.124588659220654 -0.171076394237332 -0.163865882067338 -0.208871835451963
-0.0495656376388144 -0.211069062685829 -0.123210705624136 -0.359035031360655
-0.0786179296135926 -0.369451667922521 -0.186691000641424 -0.105175219270517
-0.131060175789352 -0.326395298062025 -0.140450573968951 -0.0687129986795251
-0.274626808170163 -0.237281736608506 -0.0317689277824842 0.0165050451756154
-0.315585842783489 -0.0683859009477325 0.0247001940199812 0.0479549138818522
-0.25836403381561 0.10667891675123 0.135836681458729 0.000547859789934804
-0.172370841564457 0.172798369307452 0.143236798435182 -0.0794455899279667
-0.108076034584506 0.238330452171173 0.110793593873729 -0.133962956037848
-0.0432215284985099 0.246863116101967 0.0568774995360137 -0.143298658265562
-0.0466799176132758 0.264634205698395 0.0518040674110503 -0.142592935227478
-0.112789304911926 0.218599478701542 0.070578501421091 -0.0929717819051149
-0.177842205301479 0.199431596961037 0.0677212626840987 -0.0215792149321964
-0.302647032221804 0.0983749499724068 -0.0391125244395846 0.0210723869916861
-0.333753444516358 -0.0656384697291035 -0.126731331786705 -0.0459781423202332
-0.221308279388812 -0.227650255893023 -0.163300068970634 -0.16158137799982
-0.126769516978247 -0.315412058217027 -0.118792521294048 -0.277707925831239
-0.133448283279142 -0.429609296066929 -0.153998805196263 0.0234112984923711
-0.185973243936845 -0.378284853612827 -0.10282065039109 0.0103956237772519
-0.33977381577561 -0.279502056516553 -0.0215428478575285 0.0405286775102341
-0.387611644064793 -0.0917538324600206 0.00488912222528794 0.0628578779538009
-0.328075473809788 0.11610889022123 0.0857501827331569 0.0283317372275448
-0.227336311463193 0.202381522432617 0.0857048023576918 -0.011651599948273
-0.149885250689219 0.278390293450449 0.0754453243706839 -0.0404630691025292
-0.0662847676497152 0.287234806681649 0.0372257427945096 -0.0444905747399936
-0.0633668198948869 0.307503258178656 0.0303768710954088 -0.0466614991945107
-0.136842295780654 0.255645505105947 0.0449457096948403 -0.00830816750516743
-0.204858914874781 0.234639551647084 0.0428257114060535 0.0354029768376973
-0.345112959399248 0.12479127963823 -0.0430126910027838 0.0642140524183064
-0.393106070228247 -0.0518826813987764 -0.11530032770155 -0.00665985004561582
-0.28328010176903 -0.246879168765964 -0.124675937895732 -0.10034999323131
-0.184695501098472 -0.36890186998765 -0.08009617882362 -0.167644236149669
-0.172723593182781 -0.424619151635499 -0.105893956242944 0.163502404751018
-0.22420795512041 -0.365321901408185 -0.0506684931151812 0.104541193840649
-0.357222803492823 -0.26620746677556 -0.00436945940233672 0.0679750966197392
-0.394829059490843 -0.0854775030484773 -0.0144875574776074 0.0727718762120965
-0.336504551055492 0.11429429795058 0.0187306747662194 0.0558297888408243
-0.241214598437789 0.202053666593684 0.0112173698753211 0.0625217421965772
-0.165504504572687 0.277010550972407 0.0267861762867993 0.0614256175795037
-0.0792174909351404 0.283908970717122 0.0124990014207784 0.0610690348602401
-0.0754756893930533 0.301485801582977 0.00888944074890586 0.0563019699394441
-0.148175916368359 0.248293376944108 0.0174930071053416 0.0795637312475872
-0.207946119600004 0.220414687263878 0.0132948308364483 0.0913882899024155
-0.332857704633073 0.110998363280935 -0.0437128658426897 0.0961329466080779
-0.379685351545482 -0.0471371883696104 -0.0882396513347534 0.0237523656322576
-0.285482699595355 -0.232446152907519 -0.059651882438159 -0.0396418631060088
-0.205732994209551 -0.363642482996377 -0.0162878243242201 -0.0463875795536384
-0.190081503757103 -0.351217873001604 -0.0440676999142062 0.288551122677774
-0.227716714361112 -0.281764157128014 0.0106358813225656 0.190559799150588
-0.3097765963763 -0.195279138081575 0.0145519829554344 0.0915470620961783
-0.320744026983722 -0.0563163726652441 -0.0296817110566199 0.0765947519328652
-0.276012410014909 0.0946169805809183 -0.0485828194289033 0.0804187649409746
-0.206639963200248 0.16769530950139 -0.0615484878145546 0.130493976979314
-0.15049716678171 0.231118267918533 -0.0236243291783467 0.154672431961638
-0.0809592274976667 0.236168509390515 -0.0145249369490925 0.156251709135067
-0.0838007314614113 0.247037374587895 -0.0156950945370182 0.147347032592959
-0.14595958768845 0.19599178014996 -0.0163986715681044 0.151101631851931
-0.187584275396389 0.158306958879755 -0.024417722905062 0.128992055108332
-0.26893489915636 0.0602929689560659 -0.0473440300469445 0.106237257765198
-0.297282315614566 -0.0534314330254802 -0.0584721709119752 0.0385933539221744
-0.23088522716161 -0.19029615494979 0.0109507016259206 0.0127695760645018
-0.186122832284575 -0.306364569787286 0.0538267389925976 0.0671944847004921
-0.173614289543997 -0.221240767177659 0.0226997015012417 0.374330063917998
-0.18474205245616 -0.150218611390364 0.0737455010074299 0.247863795348269
-0.200415303610095 -0.0946626068808132 0.0360039468149982 0.103864493224329
-0.188819139330481 -0.0230098470487969 -0.0320830204749555 0.0724201287461081
-0.168319390991632 0.0557131023238789 -0.0968802764621079 0.0952015846138202
-0.138643234964407 0.103253699102069 -0.114163615232566 0.179475779138517
-0.112356247770953 0.147783965427156 -0.0642601452243884 0.225004129437792
-0.0720412924937266 0.152310465385751 -0.0389448255418068 0.227189773484911
-0.0803334422100749 0.156599917619768 -0.0448285207689319 0.212114110995371
-0.123664554861527 0.114870854471463 -0.0582301966901997 0.191697768547762
-0.141421615644508 0.0721791329285081 -0.0690967810553136 0.137890632770291
-0.167200910248379 0.00113453600773737 -0.0552217319380963 0.092461278971511
-0.170881363566543 -0.0517249138743585 -0.0322142151243814 0.0404570621373169
-0.14278361117266 -0.12082937535588 0.0685137569361085 0.0567128833527919
-0.140691215387301 -0.201860384721505 0.113149618631938 0.160831744009308
-0.120259232583012 -0.0616251897875767 0.0828623706863443 0.406614845518195
-0.102365949654383 -0.00860964794368043 0.130768953006467 0.270057009114135
-0.0588139425692768 0.000442656513943571 0.0608268216521031 0.102059898322044
-0.0375548181350491 -0.00460070122182005 -0.0219607859660604 0.0583485204692372
-0.0474281512311858 0.000973522512570456 -0.120124469778918 0.0963266783971974
-0.0583403027909619 0.0201874127522821 -0.139394797250655 0.203959026126989
-0.0620212690582143 0.0394440344676948 -0.0882943863489147 0.262876578813712
-0.051447667755491 0.0460870173966023 -0.0573105500493998 0.262765574759133
-0.0593571712703933 0.0478806846430871 -0.0742393781344013 0.243038238618917
-0.0751804105015002 0.0261752452981799 -0.0997893573233297 0.197114058297726
-0.0673247362985636 -0.0060473122018754 -0.109775059958029 0.117480910116886
-0.0448492213004606 -0.0331253241492734 -0.0592686439055879 0.06051563073072
-0.0349241026877946 -0.0212982394745646 -0.00952938569798105 0.0355067823114348
-0.0531662099812062 -0.0250055128521197 0.104437927055774 0.0907065446436634
-0.0846404215200663 -0.0684027012043524 0.152863497410742 0.222808317600582
0.0407552100932635 -0.116551141509995 -0.211382704196595 -0.246928833208939
-0.0120442299493708 -0.114776102605392 -0.170983213818178 -0.130508436114141
-0.0846910229919801 -0.0632076592812746 -0.0224639554629647 -0.016338557562181
-0.0900852097416199 0.0151521567637236 0.0562261588832335 -0.00797348285278716
-0.0390374083371635 0.0588265325362797 0.151401467032752 -0.0700910691599719
-0.00585022538998976 0.0541467584682299 0.160430006434002 -0.179506499167356
0.0105158051335287 0.0672424162959228 0.109533622830504 -0.24717366105313
0.0196354420028838 0.0668723045941655 0.0657922561854781 -0.261845052278041
0.013364845231286 0.0725313822506815 0.0806252181404438 -0.257631671977688
-0.0102755975673797 0.0642455176943698 0.109635879161604 -0.200363271197905
-0.0422863360170785 0.0670971978727268 0.106654718229542 -0.102799076502691
-0.0970808843851872 0.0317878739781043 0.000569215948456408 -0.0514039129296548
-0.0901299651790196 -0.0449361296256247 -0.0829786217932521 -0.0967962398495716
-0.0219425546672521 -0.0770797186047176 -0.134597820529761 -0.224527668372863
0.0244978751113069 -0.0699436214226122 -0.101180408399417 -0.392689399393297
-0.0248265955894449 -0.254346516767761 -0.206041125386749 -0.19534691740701
-0.075711529268713 -0.22830281313203 -0.162775345068367 -0.114008600709582
-0.188008994077802 -0.150882183201361 -0.0320808225762319 -0.00234877270197753
-0.209135251077965 -0.0212264614464314 0.0415516130574125 0.0241883223017939
-0.150306020139347 0.091581429089736 0.155735484251504 -0.0352113607511581
-0.0898913861581179 0.123321652102966 0.166000514924811 -0.138869441551088
-0.0472092100765243 0.164642858287732 0.119107254248603 -0.205544109265502
-0.00937008569088075 0.16848714149561 0.0644287787041081 -0.218230571672612
-0.0180967931656144 0.180213832740563 0.0669353503745647 -0.215697465394497
-0.0701188948663999 0.14949899776101 0.0909382380525183 -0.159286959535341
-0.120117153461152 0.136144046788581 0.0889738232147 -0.0697048693438591
-0.21363955937994 0.0617168333156598 -0.0239302353016946 -0.0184095779803697
-0.224297791266948 -0.0658864440021015 -0.116136700221405 -0.0769559591862033
-0.126469791625741 -0.169323497473837 -0.166099224885454 -0.203491835686346
-0.0539409523153415 -0.208948326232467 -0.12779709030422 -0.354831273740858
-0.0862134547490516 -0.36506344891909 -0.186409525296775 -0.101079068163492
-0.133481713838634 -0.322239165941409 -0.139890898443329 -0.0666054043291183
-0.274491732226499 -0.229871536275177 -0.0329944502936374 0.0143782351971421
-0.31538000584557 -0.0633712790891585 0.0221580674408789 0.0469582356326392
-0.254678681908722 0.109654063014454 0.13274597060041 -0.00376226661157013
-0.169971324452363 0.175421136747749 0.140522508508966 -0.0821702216557583
-0.10316444955351 0.239179652044178 0.106299974300816 -0.134676669472074
-0.0369504432720691 0.245582555972701 0.0540490342108818 -0.142067556713219
-0.0397692129182637 0.263408091943962 0.0481048208549218 -0.141624187000079
-0.109855923846013 0.220138450554056 0.0675341029097452 -0.0933723555385968
-0.172775282362949 0.199878937424385 0.0668018803433208 -0.0224707848521033
-0.299662104988111 0.103169861089719 -0.0376816883260302 0.0230874127181272
-0.33380352749078 -0.058969175456349 -0.127957944131594 -0.0411934382478945
-0.223686236708762 -0.224026014803992 -0.165276255846447 -0.156581463662898
-0.132555634052608 -0.312614148224081 -0.122232954255844 -0.273834114860699
-0.141133642074393 -0.424760304812775 -0.152145378017341 0.0254080264238871
-0.187887482864263 -0.373320737870431 -0.101335695677431 0.00970948197400427
-0.340121875683258 -0.271597003037818 -0.0225799043186387 0.0377371440741503
-0.386958605439765 -0.0848497621319594 0.00312809550166575 0.0624383008761338
-0.323694308329684 0.120226316078521 0.0832623528745678 0.024874470405693
-0.224860815318121 0.206738602915144 0.0850225275583478 -0.0132985502135939
-0.143406136955957 0.280886003815964 0.0724568462498026 -0.0417637311836471
-0.0582697948847531 0.286482570597459 0.0358801614363666 -0.0438784162187575
-0.0562344219320028 0.305803379037329 0.0287977992338243 -0.0457036485311404
-0.133484931741073 0.258128734171554 0.0441999740826753 -0.00867544073022273
-0.19944344123389 0.235317586498961 0.042795737982808 0.0344580717348118
-0.342183468751921 0.129483602713511 -0.040915780417431 0.0656952671712886
-0.392388596544405 -0.0449034184319387 -0.116385943177958 -0.00297383676386428
-0.285605971366831 -0.241196724589136 -0.126209722294655 -0.0967058964285362
-0.191154589180507 -0.364304785855499 -0.0815637201074896 -0.165083774729948
-0.181805791762767 -0.418900726114923 -0.101994838837202 0.16346756086371
-0.227591482220152 -0.359473400537601 -0.0476799104560053 0.102628828406671
-0.358971531243805 -0.257533183641244 -0.00466804178795662 0.0656004968487285
-0.395240792304621 -0.0809953167354898 -0.0156888922028264 0.0726592027002631
-0.332676724872098 0.118627588066734 0.0172438025643177 0.0539380707733466
-0.237335923656118 0.206472796415761 0.0125071330839717 0.062092580227434
-0.158175594461497 0.279939185154541 0.026100076241514 0.0595552219002326
-0.0723755255086333 0.283334181138159 0.0124426900429895 0.0605735201685718
-0.0680124178269012 0.300677408333095 0.00939301640787673 0.0561498759542957
-0.144884845865844 0.250588216495336 0.0191485932282065 0.0791590898139729
-0.202536115542066 0.221435300473048 0.0150331591723968 0.0904287321908204
-0.329608250990545 0.116575320204978 -0.0406437886735691 0.0968790547024043
-0.378597000969372 -0.0396542551889922 -0.0893420366732494 0.0268762349744629
-0.288097639027223 -0.227725621982201 -0.0610127729951849 -0.0376608834457153
-0.211911054732821 -0.359107065134725 -0.0162155462511788 -0.0456192144621978
-0.196078211893592 -0.34475221931558 -0.0391788229555751 0.286963369352551
-0.230288168471337 -0.277412643872822 0.0145263092385206 0.186869742405267
-0.310774937528186 -0.188195379190035 0.0156973350048339 0.088946140045982
-0.321582592685824 -0.051994745396678 -0.0295742089634083 0.076489740978316
-0.27216048827734 0.0983781903467272 -0.048373311058834 0.0792782901186907
-0.203020311015319 0.171555471991597 -0.0582344159658662 0.131285033717678
-0.144556839367036 0.234564265075524 -0.0228057981081025 0.152826104469183
-0.075167803148786 0.23652073047374 -0.0131039003766961 0.154896733291905
-0.0773780688369881 0.247071740688436 -0.0130451752507782 0.146952429085308
-0.143406963807505 0.199132233489308 -0.0132156417989296 0.150366646619946
-0.183886807699379 0.159712894016905 -0.0213122283078259 0.128950125405075
-0.267813572823043 0.0648585665309159 -0.0446858703666542 0.106833723136192
-0.297304776945375 -0.0480595236932744 -0.0590695784142174 0.0415641891031621
-0.23268165054238 -0.186715106240879 0.00950604891811218 0.0137899926029849
-0.192561375159873 -0.30253059292489 0.0543873584145769 0.0670900224481468
-0.177107783674206 -0.216887090830324 0.0274719739531596 0.370595518198353
-0.186232101070814 -0.147162810619946 0.0775410502698612 0.242992670016382
-0.200672463333871 -0.0906965062808076 0.0376631861636597 0.101349071076785
-0.189010914942949 -0.0210214834945783 -0.0312371364299454 0.0723743828074023
-0.165274982472617 0.0572712461058685 -0.0959428592171069 0.0955002655610864
-0.13630269233493 0.106286201079151 -0.110142054183778 0.181320396845745
-0.108418973623965 0.150733157096079 -0.0615077929022281 0.223125726513229
-0.067327009624061 0.153305053429662 -0.036955645354738 0.225071589156499
-0.0764557222351294 0.158302094506779 -0.0409421497774977 0.21161876021755
-0.122181524017301 0.118202968571416 -0.0531458554355693 0.191289270338452
-0.13965738055292 0.0741341038622444 -0.06494538487509 0.137810571304387
-0.167032603312066 0.00422882730909959 -0.0524900410464307 0.0924178289169231
-0.171664044589902 -0.0482554054607405 -0.0323961384236398 0.0421809768781385
-0.143690724306672 -0.118162755218844 0.0674206350019731 0.0564125221492378
-0.144836641300447 -0.199368847254509 0.115779370086142 0.158899380236482
-0.121824258389592 -0.0599820207649776 0.0867845797343812 0.402529192223529
-0.101172162037294 -0.00736520521188694 0.134134919229529 0.264064747326263
-0.0584172294990329 0.00121191217773128 0.063090013764239 0.0996721861753036
-0.0378537195719795 -0.00462027339948834 -0.0199702451194859 0.0576187922461769
-0.0471734275196432 0.00146439885297376 -0.118908527197312 0.0983981514377921
-0.0574465154094287 0.0218590779467517 -0.135072596070086 0.205162812040929
-0.0604192864425306 0.0420902341850312 -0.0842802823121917 0.26111912570075
-0.0498925660714618 0.0480283566270347 -0.0544203035013084 0.261142453665246
-0.0577657213508136 0.0500575891381559 -0.0689603743024605 0.24196105729777
-0.0747984841592314 0.0287141923721753 -0.094662210646872 0.196883234576862
-0.0674584820153155 -0.00459107070058767 -0.105306628363611 0.118515022607067
-0.0458253880131347 -0.0318031892473375 -0.0568831928432714 0.0602606351578744
-0.0355338852087898 -0.0203741337598369 -0.00965415068402824 0.0368156707890863
-0.0536708120697956 -0.0243985881397557 0.104335298680688 0.0887749316003515
-0.0863043164626343 -0.0676132492027581 0.156598592922963 0.220453284328571
0.0372425915012959 -0.117707950308731 -0.218908097445471 -0.24180640099454
-0.0156014132154957 -0.114949019683806 -0.175533138780332 -0.124915120053316
-0.0863518932510969 -0.0607837558601651 -0.0247839380690585 -0.016680196494534
-0.0899860160290059 0.0179858394385484 0.0540293102742379 -0.00990630174328224
-0.0379812844734949 0.0598123744501953 0.148240289239122 -0.0758970206080903
-0.00558753689756949 0.0543341730257234 0.154527607426757 -0.185589055217712
0.0128315097286281 0.066237743161175 0.101879310304261 -0.25035624850578
0.0216979132355771 0.0654807478123772 0.0589743313987536 -0.26243092748309
0.0159246799026474 0.0712079392824938 0.0714702928046885 -0.259848951728026
-0.00849708814466605 0.0643511573482621 0.102149954788594 -0.204268754237489
-0.0400037539661896 0.0678099831848229 0.103961699768411 -0.106325086371305
-0.0956341221441247 0.0352272652378114 -0.000641512677330876 -0.049827741917445
-0.0920383024912364 -0.0422919515476394 -0.0859597417267629 -0.0931683129032395
-0.0239143163643562 -0.0768427423857101 -0.14085207070369 -0.220228552839242
0.0217683833752543 -0.0701922147335485 -0.111450413739117 -0.390155100440552
-0.0336728006543356 -0.253584244401225 -0.211964005348563 -0.189348301840944
-0.0820591774262058 -0.226918506225911 -0.166063626541025 -0.109038535945351
-0.192072301127069 -0.144814282649874 -0.0334951294952409 -0.00286233808162607
-0.211252462509239 -0.0159560507700808 0.0398519864846143 0.0234546097908678
-0.148352453316045 0.0955942554735685 0.152687207768495 -0.041314013867364
-0.0879433153526921 0.126813845039049 0.161758824737573 -0.145149452358883
-0.0420165107444628 0.167217973502119 0.112346775757759 -0.209067191297915
-0.00360777967742693 0.167995009326919 0.0586097920351941 -0.218390827814739
-0.011321476550893 0.180521081670836 0.0592156384281312 -0.217073636530367
-0.0661011409982242 0.152807256831695 0.0851855632615671 -0.162710972619932
-0.11615077480018 0.139359388655828 0.0863348577180109 -0.0728468715916525
-0.212217768092575 0.0690384958658426 -0.0241482052045299 -0.0160282539908853
-0.227779609872294 -0.0584622837463012 -0.11909659206054 -0.0720789512524008
-0.13245020415405 -0.166582360383057 -0.171826046849821 -0.197841057541802
-0.0612388098043511 -0.208349129563888 -0.138178985842747 -0.352447566884409
-0.0994774824914686 -0.360489689787929 -0.189321864044691 -0.095298127717494
-0.143292063024956 -0.318984356265658 -0.141553250477026 -0.0642771144916286
-0.280413384001062 -0.221612147943693 -0.0350495877823653 0.0134740683480968
-0.318196019543814 -0.0553407629357592 0.0209591948573197 0.047110282614925
-0.251892315061606 0.117257831512862 0.130263369776627 -0.00945178626712952
-0.166872301772252 0.181893324447384 0.137849072403837 -0.0873505767691563
-0.0955163580534021 0.243976716032259 0.101240139920558 -0.137851011376904
-0.0283993784508621 0.246860785177272 0.0502856977844233 -0.142246096615356
-0.0305499802774327 0.263867135804151 0.0430661582424548 -0.142229985019854
-0.104549719786434 0.225331340282077 0.0640048016660974 -0.0949492270761447
-0.166804033087158 0.204715218105733 0.0654356284820691 -0.0246142189086114
-0.298082060137429 0.113505843371764 -0.0359403216433664 0.0258050082172181
-0.33734885454439 -0.0484063962295532 -0.130460061086384 -0.0358645501212663
-0.231851344998604 -0.219814184474125 -0.170360066682829 -0.150875146944527
-0.144460952576803 -0.309381060542653 -0.130798569161637 -0.271044596835401
-0.156783890257932 -0.418177896738876 -0.150876540611374 0.0302352414373313
-0.200050289744971 -0.369719483743627 -0.100454744809717 0.011331712554988
-0.347755822849964 -0.259874072592485 -0.0230737433311753 0.0359211970720403
-0.391659532263398 -0.0751273228744103 0.00199226429547681 0.0632254339365664
-0.32127809536126 0.130040393010084 0.0819335924842786 0.0211245565150527
-0.220084975606732 0.215413668239552 0.0845333808931622 -0.015685253966869
-0.13392805677881 0.287812770080869 0.0702200813023585 -0.044279561102426
-0.0484025201116207 0.288893058147769 0.0345686110364678 -0.0439774617864198
-0.0448671208749764 0.3078506157505 0.0272154544495863 -0.0458364575895445
-0.126953858041898 0.264780006381468 0.0439824281248075 -0.00953658519714039
-0.192809300696579 0.24077015822537 0.043908527001399 0.03355530740601
-0.339240556024021 0.142041772237315 -0.0380137476356619 0.0680280517411197
-0.394831440743821 -0.0322974313610727 -0.118371916644115 0.00268017342736385
-0.294685113403605 -0.235921138271648 -0.129874647851724 -0.0910977285888393
-0.205114543768717 -0.360327908082882 -0.0868431911851015 -0.163041125469628
-0.196220894674215 -0.412883379532435 -0.0974615603039919 0.167243140859146
-0.237666938058201 -0.354908377499971 -0.0441299574947341 0.101914289502823
-0.366288633207284 -0.246830138545798 -0.00396436527504262 0.0635658471496379
-0.399867244982032 -0.0695905210739868 -0.0157175847664554 0.0742946486086423
-0.328688037077829 0.128955347172825 0.0165603547895024 0.0518028927665171
-0.232438809977436 0.216015947951423 0.0143815877629616 0.0622282712619859
-0.148797206768322 0.28750491028998 0.0260470467907925 0.0584289072987021
-0.061866181108982 0.286379236326176 0.0139767077642283 0.0608571976807989
-0.0569389622431531 0.303066431668679 0.0108390743589765 0.056728341849829
-0.138413887644151 0.259005617035323 0.0221289482954342 0.0789503137324546
-0.196481884825182 0.227283683642935 0.01834817740061 0.0903881292924272
-0.328402732079007 0.12838302361842 -0.0366573051738901 0.0993223501339379
-0.380683762178019 -0.0274596052428724 -0.0902778226628425 0.0319209025274742
-0.297500591721051 -0.221129261778194 -0.0633213784386372 -0.0336691626621233
-0.226927138838182 -0.355031089950915 -0.0174812204143373 -0.0446232260089846
-0.208314942479553 -0.338804627163645 -0.0311246399820689 0.287883707069247
-0.237607764897571 -0.271544828760828 0.020377865790401 0.184154308910498
-0.316525905541504 -0.17913555882961 0.0174585364402909 0.0865757769784776
-0.32584935997337 -0.0439136365648862 -0.0282169630457306 0.0778765920259169
-0.270234066620251 0.106011037457028 -0.0476397767299317 0.0804951784344851
-0.198929166222714 0.180294027250417 -0.053954966320319 0.133936947206336
-0.136089452933647 0.241458037079488 -0.0199424585670612 0.153554086460703
-0.0661067845568382 0.239562569282747 -0.0092245906101085 0.155406917987973
-0.0678708238063653 0.250571572743204 -0.00868734356286828 0.147673007995422
-0.138292599325013 0.207072552082049 -0.00699433322763893 0.151262862558389
-0.180734010230281 0.165447870399686 -0.0165067621663478 0.129956102325926
-0.26741127932925 0.0745117927790035 -0.0402491857716197 0.10832525353172
-0.29980772421269 -0.037816211976518 -0.0590384572385233 0.0454920026551608
-0.239398882762879 -0.181211170907508 0.00909324799841275 0.0151593932518455
-0.20571856000477 -0.296989279766804 0.0577789894628138 0.0660146273049976
-0.185545167243568 -0.211919841370297 0.0379042428034543 0.370151862865228
-0.190241792075398 -0.1425338215932 0.0856890934854454 0.239044983802892
-0.204455363693577 -0.085229643161434 0.0406529262002499 0.0994705913849796
-0.191386077630367 -0.0167321510343285 -0.0292174515512818 0.073302432065169
-0.164440055732097 0.0618933223480453 -0.0942365140871656 0.0987269847245578
-0.133641512484207 0.11212117062105 -0.103689199206637 0.18640112108351
-0.102721651473331 0.156397897671273 -0.0562654767800627 0.225171039932658
-0.0613057333215921 0.156878313201538 -0.0311234486977344 0.226258174663218
-0.0698808068076013 0.162289971139608 -0.0332855108756425 0.212862592356645
-0.119388488827972 0.124695404226996 -0.0458876809499482 0.193094007140986
-0.138425270186308 0.0784136122970123 -0.0598877531987423 0.140619352050342
-0.168046074746237 0.00998937512011755 -0.048757852727247 0.0936496593431451
-0.173758827651164 -0.0420480322630731 -0.0323983164185896 0.0453215924966648
-0.147989069334247 -0.115204741277722 0.0682952264698479 0.0550944239976162
-0.15402779626769 -0.195331515084747 0.122008354125943 0.156559072376009
-0.124337855695195 -0.0568857646443294 0.097018574731147 0.40019105717027
-0.101308639896577 -0.00423449454800222 0.142643591914465 0.258325787119399
-0.0588684242363521 0.00300062775956591 0.0666951969462339 0.0966333805113
-0.0384972136619684 -0.0041821714238519 -0.0175250550496037 0.0573490336850863
-0.0464594504037859 0.00237567088771174 -0.116342864026218 0.102685624668316
-0.0566951214732531 0.0244853800293083 -0.12815544355878 0.210277457125311
-0.0585278899959684 0.0453798704514287 -0.0774587875242424 0.262732761776469
-0.0477096163302125 0.0504830391065294 -0.0470820075475436 0.261694804109583
-0.0560906674752472 0.0532207748002989 -0.0615705123911431 0.244055044678852
-0.0747164499739268 0.0324087538716897 -0.0863650383440783 0.200295644467739
-0.0688829700736655 -0.00220303000445714 -0.100410142633111 0.122492421853981
-0.0480760914646383 -0.029846866459659 -0.0542932557135068 0.0619964159601429
-0.0367155216652775 -0.0189322365234441 -0.00930122031665881 0.0386635480669114
-0.0548107042343808 -0.0231526462626814 0.106399098618161 0.086294047147574
-0.0901409378246059 -0.0652848350290277 0.164853835049482 0.217110680060874
0.0316327566578665 -0.117845487319003 -0.228658411406781 -0.229855621070045
-0.020847639267074 -0.11396929184101 -0.179387791496281 -0.115423734473012
-0.0886436287146669 -0.0568566278954969 -0.0275300753248023 -0.0163015921110127
-0.0884145140640828 0.0219938609640751 0.0504505434425245 -0.0123268133072355
-0.0351978277077957 0.0613167856856146 0.141727244885804 -0.0833433064603781
-0.00454652910640457 0.0539237196499271 0.143320161372283 -0.193008353422252
0.0159167174173297 0.0655317414772027 0.0897831890161115 -0.252722164111762
0.0246843747702131 0.0635392642295093 0.0474943432549312 -0.261708793009113
0.0190952360892255 0.0692033853936654 0.0583011448128831 -0.260233767825351
-0.00547692574301229 0.0639948122574008 0.0909900617475346 -0.207164515216074
-0.0362952888081373 0.0683908328501699 0.0982719991456363 -0.109931477438122
-0.092392764435269 0.039185839926163 -0.00208962104959654 -0.0477313395452334
-0.0935652671171998 -0.0374116686935299 -0.0886353413883772 -0.0875589427249668
-0.027272994025521 -0.0753430302166271 -0.14899185117556 -0.211088847624488
0.0183437580528578 -0.0704434354823836 -0.128603981301825 -0.382071476818326
-0.0457665625606866 -0.248900735587494 -0.217730191516131 -0.178412363131231
-0.0918147826402842 -0.222203726191851 -0.169705368822738 -0.101240207055878
-0.19616679628672 -0.135264649811295 -0.0365591398131961 -0.00245686411664428
-0.211216959123418 -0.00699338077355728 0.0375934771966836 0.0229898157273033
-0.143493286256537 0.101508343319815 0.147076879873381 -0.0486081478529158
-0.0832056815927003 0.130827657570216 0.153120521307064 -0.152055182964354
-0.0331338660792632 0.168463060625672 0.101455265197277 -0.212698881933899
0.00474990877530238 0.166351578789126 0.0495257772435831 -0.218183389073875
-0.00199166649902792 0.178653826818143 0.0484493296543555 -0.217124953424666
-0.0594585453711487 0.155151372580625 0.0763663035260255 -0.16485806517175
-0.109005143472291 0.14265237146309 0.0823140642176778 -0.0759966482772645
-0.207552511165377 0.0788548543046531 -0.0236919298964333 -0.0129634050413732
-0.229532950751553 -0.0462579522918051 -0.121460683715679 -0.0645019510796307
-0.139191624003477 -0.160532703936044 -0.17881751764979 -0.187936607227029
-0.0713171000014539 -0.203963828717793 -0.154075384456791 -0.343883414560409
-0.116685660506329 -0.352874889259362 -0.191350169892845 -0.0856221731019115
-0.156389185662556 -0.311068629987081 -0.143158781619494 -0.057984436560166
-0.287401099119367 -0.206537626596564 -0.036383993527486 0.0132258558824375
-0.320169067451162 -0.0420655683256606 0.0197658749702575 0.0478220999514757
-0.24482376237391 0.12672382867637 0.126323733398219 -0.0156079448044043
-0.158481417215134 0.190273157046533 0.132051966241214 -0.0930461124456546
-0.0823337535567639 0.248246962480984 0.093128734385009 -0.141549235100807
-0.0157832198697239 0.245522099637754 0.0438412889459557 -0.142151365098793
-0.0168067836187012 0.262507709519966 0.0359542030398173 -0.141914792482709
-0.094083008004151 0.230573436304772 0.0590101541703742 -0.0960634161083527
-0.156968399393054 0.210168294218959 0.0646977848267876 -0.0275158803809854
-0.291609075403383 0.127454015680181 -0.0341323547578862 0.0290882264465437
-0.338141538026236 -0.0319762756628993 -0.132389844308663 -0.0272943996999709
-0.241137075657778 -0.208880884226008 -0.174895800017912 -0.140370816565722
-0.159160877435639 -0.30059234724056 -0.142929460314888 -0.263051513900776
-0.175739798142036 -0.408131462550175 -0.148004260135667 0.0374554659010212
-0.214582519484464 -0.358048841148973 -0.0983939628871659 0.013961958233687
-0.356395841607602 -0.242310848006759 -0.0234589995679408 0.0350140163254844
-0.394558776035793 -0.0591250477484189 0.00227494076443372 0.0644298929885298
-0.312484321562103 0.142383476405085 0.0791115278043879 0.0170270433365821
-0.20958966634485 0.225954925580233 0.0833845154594682 -0.0195291802151649
-0.118076941166367 0.293768152580478 0.0658849060943857 -0.047097712374674
-0.0330835923978026 0.288299278129611 0.0326044203032369 -0.0443928882515134
-0.0280580497119201 0.307089542477218 0.0248185525778912 -0.0452131555706514
-0.115035592272734 0.271554891656801 0.043294878983631 -0.0107447790754198
-0.180957596966321 0.246594461704257 0.0454460796799197 0.0317096228563999
-0.331693107648006 0.157753621242882 -0.0336707044617399 0.0706757111340745
-0.394584328437658 -0.0118852241362852 -0.118721971318161 0.0108084384878029
-0.305401380798099 -0.221237473060791 -0.132962980065839 -0.082909705417135
-0.22298430340226 -0.348577798956018 -0.0941785892427097 -0.157421465074049
-0.216112163662362 -0.40000698198394 -0.0885759640109039 0.169771893102457
-0.252039554052548 -0.341849843319627 -0.0392624211268933 0.100860929956205
-0.373938538595098 -0.227952812298261 -0.00281142899192152 0.0609410867734087
-0.402143892934671 -0.0528413531048956 -0.0140568822098132 0.0746135222154624
-0.321622585235354 0.142252157398094 0.016742525044151 0.0506694216500527
-0.221573053039223 0.227121160066552 0.0183056711145007 0.0618244927082296
-0.132220588630359 0.294457013475205 0.02676974233664 0.0562879196256715
-0.0466075924335966 0.28706049185165 0.0161558075339635 0.0603308237544121
-0.0408713104582958 0.303347884588332 0.0138530688243055 0.0566034660515655
-0.126041411417965 0.265643014324592 0.0263061676747318 0.078008986363153
-0.185982466448707 0.234309617892541 0.0230654630749214 0.0892711499269696
-0.321501503363778 0.143099144643399 -0.0315077284153321 0.100823941455201
-0.381085017194753 -0.00789899791831809 -0.0892602744921421 0.038632136105937
-0.306734430825875 -0.207662980151001 -0.0645134317902549 -0.0283172822017865
-0.244488478848692 -0.341258926450287 -0.0193956942754771 -0.0431623848166986
-0.224991497124965 -0.326593055021276 -0.0179141485165939 0.287379298524402
-0.247607281852491 -0.260366415845727 0.0281601686364864 0.180012210121967
-0.321603699930815 -0.16367520087837 0.0202796853276931 0.0834220153095569
-0.327933854043008 -0.0308432578392867 -0.0255914295603597 0.0789382183845658
-0.263430126850729 0.116491673676876 -0.0458004132331831 0.0821812847217749
-0.189976680729009 0.18966957834495 -0.046373245635216 0.136010506652656
-0.122307700548713 0.247985650251599 -0.0144160566273746 0.152821569849415
-0.0527701686664213 0.24163272979146 -0.00289307585827454 0.155376781718844
-0.0541970494101695 0.252149349663763 -0.00162518908644515 0.147706393655407
-0.128450682111894 0.214488688122098 0.00113936933313167 0.150794924561646
-0.172352509148179 0.171047832192232 -0.0101464990352087 0.13002299377764
-0.263056557110813 0.0862894894695078 -0.0346445279923288 0.109878294304874
-0.300367915861438 -0.0230154445396458 -0.0584732725407007 0.0505356759656308
-0.247530376650753 -0.170275535040608 0.00946250959380256 0.0164591914386748
-0.220772085221046 -0.28496840961836 0.0610394662377246 0.0632219857744666
-0.194816966563174 -0.202140226585366 0.0529179928395789 0.365330584061413
-0.19484861583619 -0.134211021417475 0.0949614439640032 0.232041165855622
-0.206247895454156 -0.0756702904365516 0.0445818031033497 0.0953342705507146
-0.192850685674093 -0.00934129238825732 -0.0257434684377145 0.0733648742428037
-0.16019011695329 0.0680236895558338 -0.0898468763817903 0.102867165778756
-0.127155410698967 0.118705102334167 -0.0939839782028667 0.190149313645819
-0.0932964847865586 0.161817227383015 -0.0472898489430029 0.225710969790398
-0.0527032476133524 0.158640560565102 -0.0218841290199755 0.226641485509573
-0.0605859988221172 0.164881791714229 -0.022967083635002 0.212810712346421
-0.113515053182335 0.131414154279353 -0.0345092211643319 0.193990080482022
-0.134895555999848 0.0840675872471103 -0.0516391124177029 0.142162748343492
-0.167780642975889 0.0183155985830268 -0.0434159016300986 0.0951199909541096
-0.17463234419451 -0.0330351068627683 -0.0315282452674237 0.0492566605726932
-0.153396142663449 -0.108267207905523 0.0697336781277954 0.0532263802938811
-0.163847986449985 -0.187081133777812 0.12868881173187 0.150441998773102
-0.126950077679269 -0.0510767378905138 0.113668043179947 0.392261546707176
-0.100113692236325 -0.000275502077530847 0.152436148218212 0.248671297393775
-0.0582076049730088 0.00535859692960052 0.0719129706643545 0.0914007598450908
-0.0391979244205706 -0.00278516382697831 -0.0141681062728924 0.0560666017808875
-0.0461126068195663 0.00345452817897245 -0.111298982091342 0.107300017266553
-0.0541682456670279 0.0275834550878396 -0.117467856278964 0.216048684550815
-0.0552663350427807 0.0487660133488577 -0.0663117438073183 0.264507475495855
-0.0441313566932608 0.0529600601898612 -0.0371391235328881 0.26223063450699
-0.0526998200132675 0.0566866997348077 -0.0484004670743604 0.24488212256669
-0.0727245045415209 0.0374432207169068 -0.0757943947089007 0.202424192454914
-0.0692761051028116 0.00168231174189176 -0.0927190024016515 0.125909247612582
-0.0497964513267265 -0.0269210195732256 -0.0506069186139761 0.0633524892551936
-0.0374542455494646 -0.0166499392489777 -0.00771084760840009 0.0410171954494731
-0.0561475930865913 -0.0209834898028709 0.108846296735512 0.0820014773224497
-0.0942768672881711 -0.0612922094394021 0.174485575183628 0.208069539636479
0.00389863767678707 -0.119379099430022 -0.247515332693144 -0.181327362571028
-0.0446181803732139 -0.105006342019076 -0.183769824653886 -0.0827450183407268
-0.0962020408225281 -0.0399496617947712 -0.0245385712810871 -0.0147998519617192
-0.0799955616243028 0.0358056767865821 0.0457425490522146 -0.0230932652499125
-0.0220372169119296 0.0609493241581584 0.119677598268655 -0.103709575587899
0.00352896440530514 0.0464083195589654 0.104305286358383 -0.206938666211805
0.0254553553231553 0.0572082698990311 0.046501662093746 -0.258591082171443
0.0298424691947339 0.0530644021092428 0.0096411231879778 -0.255970379034349
0.0264701558098695 0.0605631990895695 0.0223542559701275 -0.258098535288573
0.0015703061576315 0.0611089717169296 0.0619505248548939 -0.212923385371587
-0.0255230760130875 0.0694852787974151 0.0813069183721802 -0.120004946300003
-0.0836848203395338 0.0520827154041913 -0.00416330950223658 -0.0455286099916783
-0.0966954077366343 -0.0202416936020112 -0.0933786889955615 -0.0710568172775133
-0.037302011808841 -0.066075342629491 -0.171979071422368 -0.185529313720791
0.00556608454174908 -0.0689975037268704 -0.169424260123926 -0.352090574244963
-0.0925749865661974 -0.230434069122861 -0.22250673618959 -0.134002099275067
-0.130565427600915 -0.195612542480587 -0.166411122079283 -0.0723172905017054
-0.211629087097529 -0.0971039874649654 -0.0254711976055381 -0.00420962740392029
-0.202979145000256 0.0286109335356193 0.0434649242196761 0.00809587246763107
-0.118963942803353 0.116375416000618 0.129590842180583 -0.0763700099754686
-0.059971967024681 0.132702484491255 0.118768837873441 -0.172209967122966
-0.00462677077094541 0.166939778044735 0.0639242975334979 -0.225632871466369
0.0258929451709476 0.155106905021511 0.0157732456746278 -0.214936119542644
0.0232427770238705 0.170849328819542 0.0179115843283284 -0.215390432342404
-0.0363171593249454 0.1590123535772 0.0537327824388683 -0.171773613887836
-0.0841803868140397 0.151898577932353 0.0708135039406614 -0.0863751419279142
-0.189450418064731 0.109106248619732 -0.0189229473173759 -0.0102983033281409
-0.228082765354609 -0.0097301462451971 -0.120185532863913 -0.0433326402862752
-0.157911460340959 -0.133023088420972 -0.1993602082185 -0.154931172933896
-0.100061075971835 -0.186503295694654 -0.190921087130472 -0.308381770407686
-0.176459104123706 -0.317049939134703 -0.177711955232701 -0.0499469294540689
-0.205322046351664 -0.270338266721258 -0.129073470456814 -0.0368288876814826
-0.310370133022785 -0.150045054580126 -0.0180390487224062 0.00707743088274136
-0.314937838388426 0.0144826398098596 0.0356510468059959 0.0308122456497594
-0.212623446223309 0.156886376384206 0.113886051031165 -0.0453113729549942
-0.122334923767999 0.202306122122272 0.107166282060227 -0.115898609809889
-0.0383523837481311 0.255014960609418 0.0669666540012646 -0.159285785360899
0.0184167100687261 0.234285856042596 0.0195570522178309 -0.142119101470714
0.0238367341047361 0.254927759364537 0.0147414879017141 -0.141129064095124
-0.0580627858415032 0.23795512645094 0.0455860815501652 -0.104861563050249
-0.120046395383643 0.223241827765287 0.0595668568137498 -0.0380061339477112
-0.263208202054364 0.169407109562813 -0.0213049025552517 0.0296290366021314
-0.330151001061322 0.0204424524353817 -0.123624642424759 -0.00460664289106272
-0.263631149925541 -0.166249822032027 -0.190703546678486 -0.105834102445553
-0.198737749713844 -0.269102153739858 -0.172339626531076 -0.227864503780863
-0.242044599631313 -0.357613018732908 -0.114755995547039 0.0600295320318599
-0.267988530400021 -0.305428642437718 -0.0733223557740966 0.0241744357099044
-0.382876951970383 -0.174436789998788 0.000854724892556839 0.0238248671989807
-0.390370702687434 0.0114569466141756 0.0244209017959109 0.0464290158613836
-0.276224866634016 0.18336764095 0.0739809523151085 -0.0102393565399141
-0.166166957049775 0.246630200104204 0.071558490880506 -0.0404189877894896
-0.0643037072856761 0.306183739641458 0.0552428195784775 -0.0671674540987345
0.00830464992792329 0.278340773565145 0.020980643502628 -0.04732571572969
0.0208793582469382 0.30022497393147 0.0161460820886683 -0.0463998248644656
-0.0700778595289183 0.281904862111332 0.0413478164649887 -0.0203008118046662
-0.137440978564365 0.263055057468975 0.0490543487672298 0.0201772419685405
-0.29841127929032 0.205376675845186 -0.0150486038147025 0.0691840496067289
-0.382333755996609 0.0473582263014857 -0.104102273059517 0.0314850440405174
-0.326851585342491 -0.170813199283324 -0.14208472367283 -0.05314144249266
-0.267535612996976 -0.306168999302513 -0.114151743662114 -0.13030450249437
-0.275107743442608 -0.340690656131768 -0.0384576020052535 0.175863441195793
-0.297870322810469 -0.282967627471736 -0.00323919960132725 0.0966531241732023
-0.396303845355514 -0.156517487894687 0.0247779441636541 0.0436121648724721
-0.397697938495133 0.0194902949680434 0.0106654427531168 0.0574470297716059
-0.285970789676627 0.185628992787344 0.0188627973632885 0.0315683144071787
-0.177088482420391 0.252396237890975 0.0217933379171338 0.0464170314655052
-0.0775153820366686 0.311390405444695 0.0339795815270905 0.0383943018878172
-0.00283556648341566 0.28023536475658 0.0197311212703818 0.0548227162723971
0.00882653008213238 0.299374089600379 0.018961491157445 0.0529866483595904
-0.0808239108648799 0.278433504567886 0.0363896285758633 0.0675953899347158
-0.143935712484438 0.251120882859423 0.0348507824050579 0.0784368965873392
-0.290383179131635 0.190630966588847 -0.00930417159151727 0.0976183379405169
-0.367792687474201 0.0492130354448071 -0.0723660416931577 0.0553022413613091
-0.326309855515741 -0.158002236679269 -0.0685369753563732 -0.00889652415427736
-0.285612395891508 -0.298591725541511 -0.0285381547760607 -0.0279359760525189
-0.269458395596665 -0.268526879825018 0.0424521353345147 0.275589733082364
-0.277355375194481 -0.204542864811177 0.0690113530146089 0.160638450717641
-0.335619716319722 -0.103215087641254 0.0464305085876082 0.062767793962416
-0.3223718153654 0.0277469495425792 -0.0029087906277131 0.0648970789086609
-0.234694629739871 0.153351482149968 -0.0346971335469512 0.0738994479584642
-0.152037918730499 0.214077855089679 -0.0274563684857254 0.128988684134379
-0.0752344736450436 0.266498441123893 0.00925679083740642 0.138630102248659
-0.0147751544039475 0.239318516419374 0.0147999857572273 0.147833759463154
-0.0104609805631711 0.253854669330592 0.0160274020043135 0.141505030617551
-0.0893303412138286 0.229857196076078 0.021385925394861 0.142150570466569
-0.140062796192939 0.189991727263571 0.00847900540056449 0.122934851917157
-0.242405240453498 0.126309439708671 -0.0124742346201432 0.108064460730419
-0.290845795180115 0.0225076430249985 -0.0433371269261321 0.0623367099406929
-0.264463132191225 -0.130383418834655 0.00898023649980825 0.0242663744620831
-0.255323626350777 -0.248233349171399 0.062234778957834 0.0637885286979251
-0.217673988148746 -0.154784960845499 0.116139488924643 0.338065791783763
-0.203647647022027 -0.0929433472054676 0.133664135107108 0.200595085930284
-0.209168278588075 -0.0377213891992218 0.0648078201319267 0.0742062360775527
-0.188617796330973 0.0251956376546659 -0.00821941375697504 0.0644171062870322
-0.144856938360063 0.0926047530506092 -0.0731000022943 0.105124179608806
-0.103223850704903 0.138383240285869 -0.062744959892882 0.190227349710496
-0.0610290592756456 0.178579459123019 -0.0117604296847118 0.216757836198086
-0.0250219331656852 0.161969197036949 0.00747386291434366 0.218236672763543
-0.0300521243595405 0.171136395920972 0.00411430827595935 0.20754112101953
-0.0868914582303578 0.147410034297947 -0.00782781872398906 0.189038693829897
-0.116394478030719 0.101513489980263 -0.0299490382372541 0.141298083229523
-0.159892939431619 0.0450402654832961 -0.0257900011090181 0.0965693346045155
-0.171772407268492 -0.00631898510718294 -0.0203658533958398 0.0559446656458665
-0.164465447337834 -0.0847263703334009 0.0731044736625927 0.0490567010147913
-0.18614181417652 -0.161076763004031 0.139432460398561 0.136840232895442
-0.125116173746035 -0.021970848621286 0.169602794228146 0.353683460624378
-0.0895522332683807 0.0186619623361338 0.184592374734277 0.211088317892361
-0.0537364612773075 0.0153199683377276 0.0832710298143957 0.0730784404268955
-0.0394540596589983 0.0052674057602696 -0.00397080582058014 0.0520019031647563
-0.0454862087762513 0.0132061932107887 -0.0906662599342569 0.118505736253448
-0.0472112720805428 0.0408695246877633 -0.0787816734279096 0.221553700538931
-0.0437032359281853 0.0617206013243089 -0.0238220214501294 0.261597063853736
-0.0319810265562427 0.060668833021325 -0.000778059734342411 0.254533700704215
-0.0388002238519305 0.0657447473800032 -0.0167685239355249 0.241685522080098
-0.0616409170527888 0.0501975076624478 -0.0459019131273215 0.204163525736024
-0.0661189565428712 0.0132274857148101 -0.0720904945270753 0.132328704401917
-0.0523319011389119 -0.0174703982470601 -0.039523914880386 0.0676643819815559
-0.0378027065420973 -0.0107899537169088 -0.00173448638459488 0.0436972194412443
-0.0578921867350924 -0.0144827329390399 0.115657203639655 0.0689321404018479
-0.0999274932041187 -0.0488487157426825 0.192065912784907 0.183771052565617
0.000495380721601085 -0.114325460257807 -0.242188616492828 -0.16658630904442
-0.0454076380308123 -0.0991548090462397 -0.177961427108844 -0.0744709037611061
-0.0935065972988971 -0.035153429667406 -0.0255283471152208 -0.0139145073107241
-0.0758490856207802 0.0363610795836557 0.0418625339996338 -0.0220041054461661
-0.0194919458860443 0.0588027232762867 0.110213709752899 -0.102557278752385
0.00343171201378725 0.0450292627870056 0.0923634482659077 -0.201441136241071
0.0261079319509631 0.053031776298048 0.0368540840914216 -0.248704110846274
0.0301678987200395 0.0501143506199278 0.00412471154134677 -0.245725299316319
0.0266734141456975 0.0567068534572663 0.0146984597842801 -0.246845741363367
0.00283386468762861 0.0579300597945366 0.0527072606640745 -0.205536438830345
-0.0223420400876263 0.0670029668788343 0.0752781585816928 -0.117588576349056
-0.0783155479640189 0.0521357654731369 -0.00421159632948542 -0.041538867273019
-0.0933173176583446 -0.0168909289371944 -0.0910083938410511 -0.0653524060702881
-0.036999655266735 -0.062379194703842 -0.169038695893888 -0.173618155148114
0.00404728878795291 -0.0658500907608659 -0.171387796831377 -0.332406419884683
-0.0959563151580463 -0.217026361576694 -0.215758751066977 -0.121929681420207
-0.130352111299025 -0.183664822171818 -0.160781290727702 -0.0653992002484662
-0.205423610425741 -0.0871603169407939 -0.0268412572975089 -0.0037744577110903
-0.194903882472641 0.0324814513112011 0.0406525887343892 0.00887261500541285
-0.111531569588692 0.11411938894063 0.120084575887275 -0.0757504910203203
-0.0548221375914327 0.130283946651556 0.10781232879383 -0.169126190843061
0.00118681596537538 0.159570224468333 0.0534260420850406 -0.217241722935395
0.0291796172076211 0.147874849000864 0.0112237966605312 -0.206266817390617
0.0275756523238865 0.161652860762123 0.0115555995833353 -0.20597514353737
-0.0306681732155224 0.154133325939255 0.0461276648107302 -0.16527720552011
-0.0770975674737161 0.147248415844521 0.0661238767232169 -0.0843185080692443
-0.179130335810396 0.110242036864041 -0.0171213716654991 -0.00737358003137504
-0.219100602713736 -0.00309124892372945 -0.116495199657793 -0.0367693142268109
-0.155343655680718 -0.123769422892607 -0.194545177677365 -0.143932771653473
-0.101933293040352 -0.175137099799302 -0.192144325232046 -0.289850697279605
-0.179007386032534 -0.295928253440025 -0.170067796077016 -0.0431974184432478
-0.204691157500257 -0.253789741638918 -0.124555496650444 -0.0327342443319453
-0.300224289474371 -0.135999183234041 -0.0198092786443423 0.00692432889074069
-0.30411151820373 0.02200320403767 0.0331606439648676 0.030905217926374
-0.200688282699084 0.155662586705263 0.105958515854296 -0.0458428012416316
-0.112466963718198 0.1995029726721 0.0992348582815508 -0.114168699184046
-0.0273275598636219 0.245714676003221 0.057935381057033 -0.153935378685815
0.024502797010342 0.224060644572788 0.016565169382245 -0.135368227080089
0.0303906176250467 0.242651734209601 0.0106372136477775 -0.133894321990631
-0.0491440719820439 0.231410176426021 0.0411019426422118 -0.100791477950588
-0.11037274765453 0.217307404954792 0.0566902869887711 -0.0379692897639496
-0.248693674893631 0.171072247983315 -0.0184417964410266 0.0312284111707433
-0.316778592645256 0.0298032035009979 -0.118302522564805 0.00103988646074433
-0.258095125496677 -0.152996298373053 -0.184679325961599 -0.0964774909329119
-0.199555005633308 -0.251040483840783 -0.171605524176826 -0.21392833225812
-0.242388811374245 -0.332810152666872 -0.106681193261269 0.0601697658571693
-0.264456934040883 -0.285980234824519 -0.0696426086451611 0.0235523592251504
-0.370812457907409 -0.156452677282656 -0.00108949655380967 0.0218036825939952
-0.377185789401264 0.020797165222269 0.0234676344709802 0.0454487259789594
-0.261481179935936 0.183219688283098 0.0686618678499543 -0.0105344338137091
-0.153319919718686 0.243365452960131 0.0673636380348459 -0.0410114653554764
-0.0509293792180109 0.296546797594929 0.049369303647681 -0.0652080845304392
0.0165060604767271 0.266643804142983 0.0201073060222299 -0.0445696086511206
0.0292880934932193 0.285685283576819 0.0146493334586115 -0.0443935722851366
-0.0585502943282152 0.274213166961475 0.0395692587921618 -0.0200586221352995
-0.125811363811714 0.255929726446803 0.0484855453853162 0.0183989448381401
-0.280650965761127 0.207171141902922 -0.0117344225978166 0.0677841804923182
-0.364806538536708 0.056108910086087 -0.0990643784276247 0.0362814548632025
-0.320221678111431 -0.155453344674148 -0.137030657160828 -0.046280711658257
-0.2660082330571 -0.285025267535987 -0.11277481751429 -0.120653606150454
-0.274289862000003 -0.316961652594804 -0.0309071344747243 0.16940097146187
-0.292996765433972 -0.264597139819659 -0.000624932412792301 0.0909046853055187
-0.384716112390898 -0.140204028048184 0.022479648351198 0.0407044447124482
-0.385539954000218 0.0288646346117964 0.0110562765237881 0.0563502264325784
-0.270986541605444 0.185336895802826 0.0173248613769239 0.0312314665032306
-0.163016793401314 0.248667875061672 0.0229486328990694 0.044112422242493
-0.0626636126648047 0.301461795131874 0.0310126699841421 0.0363337718894313
0.00563447263486011 0.268754844289936 0.021137898939017 0.053349864812778
0.018462953602946 0.285387790970605 0.019988440604296 0.0510102232170713
-0.0691179602777857 0.271875263456304 0.0377749311562897 0.0644649106840266
-0.131909077280339 0.244960215866164 0.0365390884209003 0.0744512446288203
-0.273200428471618 0.192431392628343 -0.00553192853034859 0.0949094721345607
-0.350741697092108 0.0580110242830194 -0.0680747652037138 0.0581428127073152
-0.318853207416882 -0.142995045052841 -0.0652407997538785 -0.00572237899274681
-0.285402979789613 -0.276678832806067 -0.0281917814437304 -0.0252586469470084
-0.267829337003066 -0.248436112829192 0.048651358176828 0.262976699327309
-0.272489595931302 -0.190643840383984 0.0700906058028292 0.151347782396608
-0.324466616345922 -0.0909535531556693 0.0445249721390386 0.0583078156411951
-0.31213508592144 0.0357926364518406 -0.00158384593081384 0.0624301835236391
-0.222931390116196 0.1526721216614 -0.0326445936990485 0.0732560619049907
-0.139964477773745 0.210855901239924 -0.0215119412844054 0.124728825202157
-0.0616814561961708 0.258584580751419 0.0105036046568987 0.1334206261625
-0.00639870329393157 0.230032571007855 0.0181343315570585 0.142760707370897
-0.00191849153347808 0.242192341969294 0.0193290100710901 0.135634840964218
-0.0783632317871668 0.224781907182308 0.0261723426231487 0.135183788163339
-0.130176210033911 0.186154455292465 0.0122528795152174 0.117384875660305
-0.229204006594296 0.129666193141095 -0.00895700825456199 0.104449848253076
-0.277861963981327 0.030091723153127 -0.0394150125896483 0.0644490430216865
-0.258231750269626 -0.117671174899851 0.00961793031698981 0.0236109980693456
-0.253110122996894 -0.22818320933474 0.0616468855697727 0.0600287554308343
-0.213426773285847 -0.141476097422383 0.119787181277788 0.321467265340634
-0.198047210777512 -0.0852341579881564 0.133205419804171 0.188367727973059
-0.202172440218487 -0.0313196058443069 0.0634515408350667 0.0692149346864191
-0.183273145471132 0.029752655777454 -0.00607004438542496 0.061194155822871
-0.137542224910404 0.0920404045335405 -0.0674440033504848 0.103856681237462
-0.0948846700432144 0.13622110793319 -0.0536019879286322 0.184985628363682
-0.0517079417286661 0.173817465129972 -0.00668013292617962 0.209160365873423
-0.0188558729956991 0.15657116058829 0.0123184131144026 0.210215867529215
-0.0222954291980078 0.164399266324869 0.00914400624860916 0.197954238117674
-0.0784120513971452 0.145642021077434 -0.000805596773268546 0.180972491611405
-0.109804603856339 0.101145130929035 -0.0239594409831937 0.136118161126653
-0.151828682454033 0.0489985336394703 -0.0220146462626707 0.0928918073817193
-0.164265615306723 -0.000935583224331608 -0.0177792682504824 0.0572881532529091
-0.160862934036634 -0.0769166814496168 0.0714699776711898 0.0459740008784935
-0.184520135346876 -0.14786267581283 0.137706026512004 0.127540100471171
-0.121261158131015 -0.0174264458199378 0.17125167363105 0.334695041355126
-0.0849626615393532 0.0195670575856416 0.182446087829857 0.196742225321574
-0.0508047838894521 0.0153380866897782 0.0818879593074439 0.0664422986356079
-0.0385114295326334 0.00593955341191546 -0.00323730732778009 0.0481305281056122
-0.0437385619000073 0.0136066747861168 -0.0840436733140176 0.116383370711278
-0.0434226303306236 0.0398956484914714 -0.0689470522756358 0.21500103989463
-0.0389359541942202 0.0615622516641799 -0.016281200500757 0.251581198391739
-0.0282460262490297 0.0595510298818011 0.00476418547380948 0.245031996818314
-0.0342980022148771 0.0645823045760977 -0.00883795875175927 0.23103818670718
-0.0572887454991476 0.0512087308884914 -0.0371764105090612 0.195618736751602
-0.0632304901810195 0.0153592505220482 -0.0643998726687968 0.128329223181095
-0.0508822678678652 -0.0140799938955375 -0.0357713611801662 0.0656225770801018
-0.0363598526146321 -0.00947611275094682 0.000367894782533453 0.0441940508227335
-0.0569874202393468 -0.0120732576232832 0.11291128754582 0.0639665485936436
-0.0985578842674057 -0.0434612750349144 0.190047269915028 0.170904669639117
4.57724446812045E-05 -0.109742191400322 -0.234790884600232 -0.159859582926262
-0.044061431198721 -0.0951164112436906 -0.172351793572039 -0.0722819760576581
-0.0908422326728088 -0.0333798313401762 -0.0257777236407003 -0.0133172316041775
-0.0733230465852573 0.0354615878802554 0.0392396819476406 -0.0201249777338794
-0.0188078687954746 0.0563450146974416 0.104019253408899 -0.0987167989147446
0.00239003308812483 0.0446880098749977 0.0864452483761836 -0.195405807181692
0.0259617054424462 0.0504328113362791 0.0332707869969117 -0.23997594640481
0.0296996390124179 0.0481796811336238 0.00472424184831868 -0.238010864291798
0.0252755388420483 0.0540157343176035 0.0135846894005854 -0.237147511854524
0.00261680566939347 0.0556273515721945 0.0497505668966213 -0.198110927668521
-0.0212870223789835 0.0639825861335845 0.0725514212624695 -0.113725604735494
-0.0754745287512129 0.0504169242056631 -0.00307321166460737 -0.0385322585738139
-0.0907275629535082 -0.0150779125581713 -0.0869743857295865 -0.0630093359173622
-0.0349675834693468 -0.0606628204363537 -0.163307562991789 -0.167914693345416
0.00393651783329246 -0.0636465324493584 -0.166296448455026 -0.319937316392464
-0.0937584134613578 -0.208277931509682 -0.208311244859859 -0.117082346565952
-0.126543121242213 -0.177187103622664 -0.155574143778706 -0.0636383415127096
-0.198721574329878 -0.0836295782905452 -0.0277483093361573 -0.0037223366682876
-0.189815154641904 0.0327905094171691 0.0381866642524381 0.0105244061648755
-0.107819363986491 0.110268585291096 0.114117330624586 -0.0727252595164606
-0.0531398465108309 0.127958088810326 0.102331953057528 -0.163947424405238
0.00342948528578114 0.153788081456314 0.0495810213941803 -0.210093720305113
0.0291480650712853 0.142632071585531 0.0121728814024249 -0.199250214857927
0.0270033362890601 0.155214672340718 0.0108804546124983 -0.197229737896609
-0.0292188309472356 0.149444318380767 0.0440172793441693 -0.159153565370886
-0.0746188265971136 0.142196563627606 0.0637517716774105 -0.0815976189254118
-0.172620331270338 0.107422274849179 -0.0156440881486826 -0.00568160943415348
-0.212555080319813 -0.0012480643306865 -0.111822813252826 -0.0341665536863986
-0.150903537926983 -0.119904189563964 -0.187932905520304 -0.138727294239316
-0.0994255266094767 -0.168321848866903 -0.185629518830829 -0.278967371781794
-0.174318338792743 -0.282787068561801 -0.162726780954065 -0.0417520445397431
-0.198474940799615 -0.245346607754202 -0.120593015860959 -0.0330436682116475
-0.291140555603754 -0.131104083696929 -0.0215302740984069 0.0062992392695631
-0.29609810929863 0.0217449804897816 0.031637044850691 0.0323724624555356
-0.194503018779204 0.150831092445511 0.100059974052407 -0.0434222176595554
-0.109417236580674 0.195435551434677 0.0953983164069138 -0.111306960290278
-0.024065699139587 0.237059449389964 0.0535903543260626 -0.147960043313333
0.0251759391321134 0.216681912019012 0.0178733683430555 -0.131004323740884
0.0304507646129715 0.232990114642675 0.0103623392147723 -0.128580245705786
-0.046395260617455 0.225269168117959 0.0396425309581464 -0.0971847469529378
-0.106868331440829 0.210029914921051 0.0552539957142411 -0.0365147986401396
-0.240271067335687 0.166256224015723 -0.0166883800793302 0.0319661988969886
-0.305980193271864 0.0299689263829787 -0.113972327964545 0.0039782531537269
-0.251393051699336 -0.147416144976952 -0.178367815165826 -0.0930994289420051
-0.194351425683317 -0.241365539092016 -0.166656348325089 -0.205293747701301
-0.236241365926419 -0.31886964436707 -0.100983561624351 0.0580985140765505
-0.256455843012262 -0.276074029888002 -0.0671189640701852 0.0208299148976808
-0.358252494360621 -0.150675524357676 -0.00372880647496381 0.0209440265867152
-0.368373738455582 0.0216975747800279 0.0219885049541476 0.0456536289932137
-0.254141350712972 0.177647778134248 0.0648473801729194 -0.00859226769092722
-0.147890059660276 0.237578061718315 0.0656060057666734 -0.0397138224252822
-0.0454518610085497 0.28686976487477 0.0449606130521878 -0.0620938733220531
0.0181824675397609 0.258299470857677 0.0210896235189216 -0.0429246012149866
0.0299105044314933 0.274506654331738 0.0142104611218922 -0.0413364205426967
-0.0546061472316021 0.267191648573052 0.0389212574696763 -0.0193817581984974
-0.122110153271791 0.247751752363517 0.0476877146537365 0.0181831038705802
-0.271234168462151 0.202215269262978 -0.0105836921817861 0.0672478633496993
-0.352458194212472 0.0559359147561489 -0.0948516399005476 0.0380451421651931
-0.311718077745318 -0.149417665291144 -0.131910856288399 -0.0443023296784542
-0.259455206845479 -0.273684441168458 -0.109753936870528 -0.115356431819404
-0.267227766426874 -0.302961479474463 -0.0281477401022443 0.163057853586624
-0.285346351696705 -0.256634184261086 -0.000513275376889026 0.0869372323096107
-0.37169821586177 -0.135299429226332 0.0196180384559856 0.0388103865587158
-0.375621046307956 0.0297307873989268 0.00983230376343796 0.0553991380907392
-0.263321798673956 0.180397048213311 0.0159638796529425 0.0315837619105497
-0.157273764307361 0.242886660495934 0.0237077523758116 0.0425248105859166
-0.0565322334870473 0.292328081804576 0.028332574240722 0.0363651843506747
0.00727098653798578 0.260550978813027 0.0216132758628619 0.0519662536508342
0.020005857162917 0.274083104491788 0.0195039703011609 0.0499799828297928
-0.0641560199386387 0.265170323996016 0.0379182624298883 0.061487651351518
-0.128812224054351 0.237471358028333 0.036326736122343 0.0727540316411577
-0.263916576901422 0.188228573126842 -0.00447279699943895 0.0928278761220584
-0.339685891552563 0.0569199894708327 -0.0651094645945868 0.059741188772116
-0.310092450748195 -0.136443322278932 -0.062382553277451 -0.00495481221323214
-0.277889399186473 -0.264383197043842 -0.0275400670104179 -0.0234608675899238
-0.258361083354444 -0.237298477880395 0.048731382985398 0.252792740125925
-0.264034552434224 -0.184233830641293 0.0682877081436934 0.14526461152281
-0.314579739421646 -0.0879852765890151 0.0417036939035716 0.0557514816925989
-0.304856156128646 0.0367042207551347 -0.00178142957789442 0.0602686687657325
-0.217141392635846 0.149177956465406 -0.0316322267715045 0.071654208993151
-0.134165750976179 0.205863029493007 -0.0189517037065015 0.120880647583778
-0.055593485749798 0.251015371002995 0.00863833236602004 0.130195533136532
-0.00443165513503062 0.223102397770145 0.0186257686641443 0.138874393629242
1.04908659351276E-05 0.233505468707149 0.0194446183898362 0.131054873711674
-0.0737782064274638 0.21925983308411 0.0268228333317219 0.130125528351234
-0.126091223814651 0.181374619982249 0.0134700891420252 0.113863446137227
-0.220888862547759 0.127344048311715 -0.00811301302954524 0.101889620972279
-0.268234508957192 0.0302635233685673 -0.0365736403022856 0.0655902719312906
-0.251515902560271 -0.112864419034385 0.0101607105756491 0.0238914304878443
-0.246632894188199 -0.218866075529237 0.0597021235109313 0.0584350640743882
-0.207275380083643 -0.134403099083291 0.116583869993841 0.308903531985688
-0.192205214408949 -0.0831960803716565 0.12929778834998 0.181116568343185
-0.19627786117969 -0.0309690666017397 0.0609412773513165 0.0659205427603
-0.179146346698225 0.030142800380552 -0.00694859219018286 0.0584285854334271
-0.134201007278685 0.089775742936917 -0.0652805121562533 0.100824240205274
-0.091078394024864 0.132571194300754 -0.0499615381300411 0.178936151003779
-0.0472125486829986 0.169030825037889 -0.00641964375286755 0.202668682127632
-0.0168729200132144 0.152216657282518 0.0120385396723154 0.204152443720651
-0.0203464478898006 0.158140506096785 0.009354242922827 0.191809347201937
-0.0742283950137712 0.14268137434802 0.00134645027376168 0.174232738946188
-0.107165089185132 0.0986956243362877 -0.0216360205396629 0.131532459829034
-0.147094765463206 0.0484787982825261 -0.0207165679104391 0.089633234917911
-0.158876705776871 -0.000529416798306097 -0.016003076771764 0.0583354984504665
-0.157303617900663 -0.0730959490063895 0.069973574065979 0.0451557211773764
-0.179562951942112 -0.141136642294141 0.133875007892086 0.123551000509929
-0.118030238752937 -0.0166576203328553 0.164903413409304 0.322997626791647
-0.0824979790556071 0.0185905637992696 0.17668781262464 0.189021943699551
-0.0496889893669931 0.0141979661667269 0.0793867108414624 0.0633580042567419
-0.0378447843527865 0.00648032825837659 -0.00349132629246468 0.0444730678337073
-0.0428997113438908 0.0131873545556737 -0.0806960781038605 0.112328892105973
-0.0419022678416462 0.0385819740619531 -0.0648715488439817 0.208372165039964
-0.0362928516141157 0.0604313661833698 -0.0154901154854615 0.243772866587728
-0.0268895686823823 0.057950464136986 0.00376644737751647 0.238171868376185
-0.0319546526818797 0.0624300884366233 -0.00878751560830898 0.223306973741761
-0.0541160284186632 0.0509251560260366 -0.0342856093577825 0.188226086280094
-0.0619576041601649 0.0159335600378713 -0.0608768762869137 0.123382664607395
-0.0488283769836777 -0.0131884228629421 -0.034352601865191 0.0630122394284108
-0.0353687360796742 -0.00919571347765743 0.00165127643628689 0.0451946651749423
-0.055740541144804 -0.0112091648071349 0.109421466675652 0.0620206348087451
-0.0965628228319087 -0.0411124717833439 0.184735060811394 0.164945488179324
0.00141787542186035 -0.107835189258969 -0.229957464670876 -0.15988817540019
-0.0424918409800973 -0.0942348414000944 -0.169785881497648 -0.0733139204339873
-0.0894106398654385 -0.0336241952301227 -0.0266143140359394 -0.0137386118716971
-0.0736038876701409 0.0336426991185653 0.0377349541285653 -0.018235433849363
-0.0195215101729774 0.0553650178416431 0.101996258440346 -0.0965441474807296
0.00128204920405824 0.0449453374634851 0.0851660763096713 -0.192675466591659
0.0253499856887119 0.0491810785381399 0.033932263666353 -0.23602331014174
0.0294326440698789 0.0474152429091992 0.00844040098164663 -0.236049724099625
0.0244481437081573 0.0534673806046426 0.0164061588234904 -0.234218060950002
0.00187903465854477 0.0543576423500373 0.0501227321489764 -0.194696811115025
-0.021794737620276 0.0624627562024869 0.0730649766946168 -0.111265745996622
-0.0746466395571337 0.0487504426838416 -0.00104612446451102 -0.0367170810972783
-0.0890596895510515 -0.0151691746990033 -0.0852795067578824 -0.0630230080206858
-0.0336535249555713 -0.0605328079251098 -0.159469458631433 -0.168131530163558
0.00471704739915267 -0.0629477980546928 -0.16090707126832 -0.318898039212901
-0.0900600032514332 -0.204532096111429 -0.203330846632033 -0.118235792629726
-0.123454398899206 -0.175811542167607 -0.153142874301756 -0.0655334021222013
-0.19542747986957 -0.0845483199232947 -0.0294886297852949 -0.00361907075824227
-0.190300440103628 0.0300946081366576 0.0370058535385999 0.0126816835346637
-0.108677259379935 0.107774985337122 0.111755928543741 -0.0699781818146018
-0.0544963084095516 0.12783026116772 0.10087771830264 -0.161227653708275
0.00269949035043567 0.151293273961205 0.0489824978331035 -0.205202196130537
0.0283616052662687 0.141158331101784 0.0157946512058273 -0.19758575405709
0.0252130592418155 0.15312976591945 0.0128678605846288 -0.193941397538367
-0.0305941229942881 0.147725601693791 0.0451913243729955 -0.156376005625605
-0.0759612061311444 0.139388088130566 0.0644321231474164 -0.0797405356048581
-0.171702228485532 0.105015990237463 -0.0138908270961363 -0.00388170132217791
-0.209933482126654 -0.00297625029929912 -0.109856804857993 -0.0336125302601917
-0.147838937605023 -0.120149317037639 -0.183684698289829 -0.139810287859345
-0.0961886703483999 -0.167235618815717 -0.181501794096965 -0.276960384456481
-0.169748450890579 -0.278438180017663 -0.158627449662257 -0.0436081136870097
-0.193451677105285 -0.243941891541929 -0.118553350746188 -0.0355048139180515
-0.285928250602655 -0.132418460458216 -0.0233068324541645 0.00626703462378451
-0.296095701823913 0.0198069065854392 0.0305500218511621 0.0339233339239438
-0.195028250354852 0.147409794798933 0.0983234849904066 -0.0402835186059566
-0.109750740096359 0.194837374319539 0.0943202444461501 -0.109155819630413
-0.0239492379630407 0.233509942423894 0.0521755906660126 -0.143882016418018
0.0240016217919593 0.214643630549019 0.0207352814476518 -0.12993937143156
0.0282958623983949 0.229240724570295 0.0125493620964815 -0.125557901991417
-0.0472623444420754 0.22388740982476 0.0406898304488452 -0.0951480104390871
-0.108814580080517 0.206722800453514 0.0558664876876618 -0.0353860799096744
-0.239223193589808 0.163806904066365 -0.015632118737627 0.0330400886099804
-0.302634281577325 0.0272532228492925 -0.112221983727947 0.00408483286988675
-0.248349880257642 -0.148331299755821 -0.174772236272099 -0.0939252109865094
-0.189767065714449 -0.239570162671066 -0.162735296836985 -0.20383438685192
-0.229251054206795 -0.313894362837256 -0.0986694031190405 0.0547529861116032
-0.250541808670737 -0.275405604490646 -0.0662099168873741 0.0184804274052764
-0.35392790467781 -0.153771351594709 -0.00584258156816902 0.0206725043649899
-0.367388190428183 0.0198346018559093 0.0211210112943414 0.0467286206020995
-0.253707388283352 0.173811104969045 0.0632360551077489 -0.00644182268780527
-0.149581341200155 0.236753650006587 0.0658371975613559 -0.038578371393458
-0.0453709186459875 0.28260957645722 0.0423903280402568 -0.0586560380527865
0.0170871235965189 0.255869297359911 0.0231249594659666 -0.0421644753701745
0.0271418636713333 0.270212884587578 0.0155024538850201 -0.0398660468950907
-0.0559990360126116 0.265084124504232 0.039950286706744 -0.018668938731812
-0.124756218396992 0.244142121211209 0.0477506320672493 0.0187528139592695
-0.270031873593115 0.198686066541055 -0.00966958657666831 0.0685069962543481
-0.349195537213038 0.0526112404322855 -0.0928254921423751 0.0387373535179135
-0.307591718555948 -0.150095829688135 -0.129421792957504 -0.0451141004949112
-0.254731793073427 -0.27209435635833 -0.107504359551486 -0.114078014773459
-0.260844199607899 -0.298738862406266 -0.0277186059941276 0.159415334323109
-0.278792665698777 -0.257351341969509 -0.00153863693803017 0.0840266399610152
-0.365473992612334 -0.138684923039575 0.0168858826580002 0.0383281026833824
-0.374760744819 0.0273700952547344 0.0090253256260116 0.0555184120300419
-0.263053571381128 0.176076556936904 0.0147990552843617 0.0327361294167175
-0.15804408239983 0.240988760704122 0.0236168995567223 0.0421644363185994
-0.0560319473470054 0.28816199619291 0.0248927598392448 0.0377708339779102
0.00663696547381227 0.258193025497587 0.0224088516022237 0.0521226785083642
0.0174707953897605 0.270536854688626 0.0193274086794548 0.0500071093470437
-0.0646330086945597 0.262972012364178 0.0384256262006477 0.0607147231360945
-0.130264533761621 0.234549850904473 0.0365688489817968 0.0723026981304347
-0.262623888101163 0.185898806089377 -0.00424250005869334 0.0929822791507573
-0.334541893198349 0.0533823051568106 -0.0631298368365477 0.0608621690831276
-0.306552120716596 -0.137235197418904 -0.0612514660546365 -0.00476975633399923
-0.273414842654226 -0.263358060636779 -0.0268233641442547 -0.0224010166196523
-0.253684178867596 -0.234680199050033 0.0464484507442941 0.248917425924944
-0.258999443345118 -0.185868376095552 0.0659234583591903 0.142694225330862
-0.311074781766829 -0.0911768094524528 0.0393210880715545 0.0554230894581124
-0.304248977285034 0.0348143185177367 -0.00275190249520275 0.0598618503739754
-0.217203286247509 0.146327540895623 -0.0327197943498519 0.0714732823546676
-0.135653949128666 0.203858553044613 -0.0186876825074207 0.118775042097886
-0.0549542440293394 0.247824793305101 0.00553222308661542 0.13038051980749
-0.00526360715855985 0.221496493301873 0.0175946517937188 0.138019943678372
-0.00173727536441302 0.229367378557776 0.0180964560316153 0.130490395369307
-0.0737714583905795 0.217378544850967 0.026472398998369 0.128085858661763
-0.128035044219383 0.178582783134425 0.0131178052045046 0.112384875745759
-0.219699820719855 0.125313028101295 -0.00823963937126167 0.10118608150404
-0.265763128139933 0.0272207802335326 -0.0348975800274738 0.0675653178199009
-0.24857520450518 -0.112967775550225 0.0109521575356931 0.024205726430878
-0.24219508812164 -0.217009547042395 0.0589662470443482 0.0588963619782578
-0.203917801160805 -0.133288619743052 0.112053292351928 0.305379271870278
-0.189118543617802 -0.0843548963213648 0.126246598472206 0.178512947565565
-0.194743510533733 -0.0329832565653136 0.0587762903615801 0.0651321023924904
-0.178835769219751 0.0300523867667472 -0.00738345332324518 0.0562327632932264
-0.134059596402094 0.087654670266827 -0.0654242116799773 0.0994258077059786
-0.0913208105703694 0.13107817704337 -0.0493844782834753 0.176455180624465
-0.0457434150049706 0.167097708820335 -0.00959477982485555 0.201656856587265
-0.016929840998419 0.15116404830432 0.0100312796514307 0.203211078514006
-0.0206241904534 0.155841445876525 0.00715343354160653 0.189553494187982
-0.0737465681190216 0.141906526201801 0.000499398121324468 0.170403099296271
-0.107474593804066 0.097403430009211 -0.0219982644679063 0.129153566124225
-0.145563791153881 0.0476460544096736 -0.0209742692108124 0.0893625791127065
-0.15700511425698 -0.00192287885238832 -0.014328781292754 0.0601298246746938
-0.155111350952362 -0.0730519755948772 0.0689092917764134 0.0457056392168019
-0.177068809872321 -0.139860173083169 0.131721234190467 0.123597192926176
-0.116956292333501 -0.0172874997003788 0.158662933198961 0.319885927428902
-0.0817832837103483 0.0168497239589308 0.172776323158995 0.18764166362054
-0.0504617265222001 0.0130520946916782 0.0781477755067793 0.0624226508238939
-0.0374040064780393 0.00675664547551219 -0.0053361936894627 0.0422064157817978
-0.0430215923280664 0.0126733768556362 -0.0811795010605745 0.11043116899897
-0.0416398952168075 0.0379160365650337 -0.0649669071316732 0.205546967746584
-0.0348771934371298 0.0603735657225582 -0.0180211550361309 0.240465470174457
-0.026271330146983 0.0582145215991764 0.000610476960471344 0.236684122326441
-0.0313738027656526 0.0617278027172536 -0.0108026044423288 0.220704075027299
-0.0532391779529059 0.0511859241243687 -0.0345394205572478 0.184818796942919
-0.0617610183390293 0.0159382594423586 -0.0603083003124234 0.120715633687116
-0.0478984869849242 -0.0126721213461951 -0.0345412875905861 0.0622376877929981
-0.0348373642602104 -0.0094438323117333 0.00252895873520664 0.0467319898481137
-0.0556622199538818 -0.01070640661823 0.108312411695422 0.0629021173825223
-0.0959244192224464 -0.0407227608353445 0.181212908643475 0.164697178285097
0.00188798458374205 -0.109505440453166 -0.232516186472259 -0.16213596021754
-0.0427428295373045 -0.0953831337850988 -0.172656347733458 -0.0749865161679529
-0.090841547000813 -0.0341550954738604 -0.0283515339170122 -0.0135671522007887
-0.0753749488463841 0.0347650698087817 0.0371654310537609 -0.0170866240264755
-0.0205676868834245 0.0558864638167457 0.101858929122874 -0.0971057553588308
0.00116566968410669 0.0469095276398613 0.084336605357192 -0.195119842211694
0.025360508218498 0.0492252881348838 0.0343354906740547 -0.238346995740801
0.0302049694369308 0.0474548470213991 0.0106198593581435 -0.241030968339508
0.0247566630348641 0.0542092333990644 0.0178454302066706 -0.237612544457942
0.00145669498889677 0.0550946227584441 0.0520409179152727 -0.1964949021654
-0.0224319278335163 0.0628923975002768 0.075166333575222 -0.112610221051922
-0.0761797295355399 0.0492536251096657 0.000573240082060568 -0.0356936080476873
-0.0902104141930545 -0.0159042800542127 -0.0861639844855438 -0.0639977957524263
-0.0333680042316511 -0.0626467885947844 -0.162295230400002 -0.170864618989932
0.00559003984808383 -0.0642587476263264 -0.163762940887766 -0.324069223721483
-0.0906131366098542 -0.207057055283852 -0.205026460040583 -0.120376952512822
-0.124310578407502 -0.178583301899028 -0.15617694827854 -0.0678855631272007
-0.198317313943807 -0.0866775644716303 -0.0314265215019123 -0.00363986447929343
-0.194655301662907 0.0310431446591972 0.0370562127060951 0.0147261191701459
-0.111381561782508 0.109205071646869 0.112345332664878 -0.0695256602201232
-0.0560596231382178 0.131919847233375 0.101952369358527 -0.163603113723016
0.00318232581576603 0.152776067823246 0.0489072006332295 -0.206466198894843
0.0295127570509346 0.143421259136106 0.018054462119053 -0.201830912487632
0.0249267461752109 0.155519429152869 0.0147316786327483 -0.196741728962423
-0.0316649744483746 0.150549938996614 0.0461586990690664 -0.158155321719602
-0.0784687478853531 0.141470418739935 0.066657149014142 -0.0808166859355764
-0.175098822686818 0.106414638943445 -0.0124279118602788 -0.00217661080765578
-0.21313877939819 -0.00326716627031018 -0.111289220395288 -0.0338671811179157
-0.150324329350306 -0.123264473000521 -0.18689019673764 -0.142855285201201
-0.0974007252930046 -0.169805455900346 -0.183565930983602 -0.281207560244462
-0.17092573378741 -0.28111496052366 -0.159443252185552 -0.0453916504743464
-0.195599869148657 -0.248506163470633 -0.120983197629997 -0.0375279258979296
-0.290239138438587 -0.135724704314622 -0.0256036854227398 0.00694867716263582
-0.303162815326431 0.0205480577978345 0.0309050839301628 0.0362984746669944
-0.200362826257649 0.150024975850248 0.0990161883240183 -0.0390027555285141
-0.112869812809154 0.200126257777174 0.0958139931392201 -0.110528122070945
-0.0230444137268629 0.2363450266084 0.0509657351631884 -0.144082351477922
0.0256303997630859 0.218489685595245 0.0234800394103175 -0.132828214350231
0.0275373811625205 0.232294453415888 0.0140651718650213 -0.12689093696947
-0.0484419079004232 0.227678676748218 0.0421547346581005 -0.0959324281755977
-0.111863395706957 0.209970514978559 0.0577882849890047 -0.035190575367957
-0.243466916782166 0.167119489706355 -0.0143252408182002 0.0354403178971851
-0.308133396317779 0.0270905390479909 -0.112901032720259 0.00559126403505148
-0.252297691590565 -0.15157137758595 -0.177602733242065 -0.0960993838909522
-0.19275758324953 -0.242846911123639 -0.165077630366725 -0.205939019982877
-0.231159876533047 -0.317538014799966 -0.0989853425481103 0.0538296107406095
-0.254120755255799 -0.281091734150348 -0.0672053507640397 0.0163312794112376
-0.359181715766929 -0.158360719987846 -0.00791311411890656 0.021528456437667
-0.375989978794439 0.0209252615776229 0.0211369711800427 0.0486834081719558
-0.260076806834098 0.176871205682847 0.0633829483840023 -0.0048033047927249
-0.15187377029011 0.243020556668741 0.0674031739178133 -0.0391553020759151
-0.0445160221461508 0.286837614692468 0.0413724056601451 -0.0567732369827078
0.0186187583667897 0.260836588283155 0.0253323437608163 -0.043567445733694
0.0271042340109397 0.274390477656969 0.016737876460927 -0.0397437851416725
-0.0570028616904912 0.270450207244084 0.0411575414204501 -0.0185468080999985
-0.128824221402403 0.248334441171178 0.0497814448199444 0.0194858228361169
-0.275420777103047 0.202673336662631 -0.00843889800254512 0.0711998222297277
-0.354858794128833 0.0534443071711798 -0.0931394789003043 0.0414571208080442
-0.311962816790715 -0.152459059123206 -0.130837336361185 -0.0465723003196621
-0.258314596534695 -0.275031507623941 -0.108822359327949 -0.114833450127383
-0.262689876804914 -0.302469491931401 -0.0273847630487628 0.159735290163498
-0.281415575000841 -0.261852409232864 -0.00145957159365112 0.083279622120143
-0.374392436028882 -0.143474135313833 0.0162007735435001 0.0395226078518428
-0.383528410055369 0.0287017114710941 0.00868210540662512 0.0569432802617543
-0.269231674816355 0.17920396615201 0.0141697894848655 0.0348374883387634
-0.161536807419865 0.247720297881543 0.0253668348046142 0.0425527814253917
-0.0553267063942988 0.292240276178584 0.0236982066565537 0.0415339140951586
0.00818755106778006 0.26298156099195 0.0238071045367231 0.0527547881680859
0.0172224122272843 0.274005992619941 0.0204318520355333 0.0520919765231307
-0.0649721250342916 0.268829269674221 0.0392040755022861 0.0611437917241137
-0.134801867799682 0.237859941373627 0.0380782878735071 0.0740108729875752
-0.266980254440981 0.189367952270727 -0.00314280834341184 0.0959876401715972
-0.341308215080698 0.0538026485814423 -0.0621546307105304 0.0645148973602798
-0.311748100753178 -0.139223174966755 -0.0617748777308868 -0.00531416672578874
-0.277099216239578 -0.266651511919314 -0.02688286115045 -0.0216712372656728
-0.256118123444234 -0.236322946333588 0.0469017798901223 0.25074646717167
-0.262840432656138 -0.190131135737011 0.0671027179598955 0.143150672058216
-0.317170527168895 -0.0941731499221288 0.0388635767632557 0.0564475174170794
-0.311472467404629 0.0361292435499061 -0.00305496176089574 0.0607193081789586
-0.222569767761614 0.14868174430015 -0.0331875537459941 0.0736294955415648
-0.138304171699044 0.209201418354992 -0.0178525641398052 0.120504556203957
-0.0540104431509884 0.251398307584344 0.00388049991585864 0.134632609852654
-0.00360815204426257 0.225845007398744 0.0182032296463165 0.140499548218341
-0.00152673163750099 0.233121447819115 0.0185510194508491 0.133284865865336
-0.0740086832543064 0.222397470234066 0.027799339894886 0.128606600287861
-0.131142242993992 0.182061205678075 0.0141539460987022 0.114335455888728
-0.22281512175841 0.127592376722538 -0.00757010236024642 0.104117679928636
-0.270352403283311 0.0271196835902201 -0.0336167169067885 0.0707468322032687
-0.252610266349893 -0.114176627424574 0.0114327639332102 0.0245349027711956
-0.246550310959691 -0.219915629714326 0.0594139356508977 0.0611126903133206
-0.206533645551948 -0.134384371039034 0.112519754401491 0.309215526288232
-0.192441186364109 -0.0868327484914441 0.127769024627558 0.181038722852087
-0.19892641446783 -0.0347365546840537 0.0590701743638134 0.0658890447391449
-0.183276869491883 0.0305250262494922 -0.00876543001674681 0.0568978649791027
-0.137009905458122 0.0890514544152178 -0.0674311947525683 0.100791926565039
-0.0935106027906201 0.133756998427132 -0.0492602235017976 0.178445621597716
-0.044492628463347 0.16951630878275 -0.0114263457095435 0.205473147822495
-0.0156918372043122 0.154510036282752 0.00958243545397023 0.206945591890684
-0.0209696463389193 0.158467417278296 0.00700863120806272 0.193072991469933
-0.0736999815868455 0.14519797622852 0.00113723498689833 0.171769845979939
-0.110217014855201 0.0996092043095026 -0.0216226301201207 0.13140199925822
-0.147750362235855 0.0487125158026424 -0.0212538096358604 0.0913844134834649
-0.15988713976166 -0.00231037029663146 -0.0126302448915301 0.06333825541461
-0.15778321453007 -0.0734269027438513 0.0707991731105049 0.0464003882899055
-0.180630071064619 -0.14150168449018 0.133437117645328 0.126399669383251
-0.119052005247901 -0.0169494796395738 0.159074142687496 0.324474488503288
-0.083199860429176 0.0165019677948252 0.174890220283862 0.190497613336937
-0.0521755911727532 0.0132665788487515 0.0791619900339644 0.0621792675445557
-0.0385067088733952 0.00735188589060167 -0.00636667305872952 0.0413513630965367
-0.0438424547462217 0.0127095581047506 -0.0828356705954038 0.111787243448209
-0.0425190476451521 0.0384000158687315 -0.0657035025697734 0.208148815790405
-0.0337208171263188 0.0614461015525911 -0.0199681540804218 0.244589624075264
-0.0262731063305602 0.060017240952304 -0.000207767780657208 0.241801439149867
-0.0314616302841081 0.0628821035104918 -0.0121979287445203 0.223777371460824
-0.0528599816379238 0.0530727230486419 -0.0347594839337309 0.186227054211809
-0.0630624599268727 0.0171007308512023 -0.0610964161240051 0.122195338746443
-0.0486593619123676 -0.0125509189901095 -0.0345321950143597 0.0628324797856729
-0.03592158342944 -0.0099757287083287 0.0047302340678799 0.0491551527690851
-0.0567173450578217 -0.0101895170127936 0.110404154317757 0.0639736567801011
-0.0977556136465273 -0.0405992913463205 0.183750654141855 0.167727122761613
-0.0140912165229423 -0.107103144828681 -0.238370393287802 -0.150731393291663
-0.0560582778283666 -0.0888991916888583 -0.176249393250636 -0.0664436588805413
-0.0960242694697581 -0.0230268055704175 -0.026811193563429 -0.0191613059058689
-0.0721673518221836 0.0439107154751277 0.0347331335323444 -0.0257944557072395
-0.0153001015564627 0.0564768304064473 0.0910813450358519 -0.107046608156301
0.00405575500184152 0.0456572813168894 0.0671275410371448 -0.204331122740032
0.0298031617908455 0.0447975750589892 0.0103854855161822 -0.245707422926809
0.0331276486744074 0.0439671009765625 -0.00953345158767329 -0.248075134851479
0.030407986789763 0.0518740838275487 -1.01328897017515E-06 -0.249520821074991
0.00691633088643798 0.0570312673971603 0.0385012168074556 -0.211134576397809
-0.0152159415810837 0.0662565384500262 0.0701749493661603 -0.125649490689439
-0.0715240931454286 0.0587670026886558 0.00108787656089716 -0.0399302986512733
-0.0923082066857499 -0.00824369310388517 -0.0917983673157697 -0.0605340114835461
-0.0351252682506091 -0.0647808682955679 -0.184959941321678 -0.16326168744496
0.0056958213402933 -0.0702258094666236 -0.192264249840733 -0.32428905871156
-0.117069147124047 -0.192629530966385 -0.199255714382514 -0.117084316207165
-0.146739460384995 -0.163011390843073 -0.153327675171011 -0.0655404115563556
-0.211005549068592 -0.0634991524498096 -0.0237561472095346 -0.0166777724801733
-0.193186134239537 0.0567507323930407 0.0394872977208147 -0.00386397290101968
-0.101477665469043 0.119814297773831 0.100692856101653 -0.0857115125342069
-0.0452139698566213 0.137520563156412 0.083843255743493 -0.177151638846582
0.0203404643793566 0.154288727683398 0.0237929808291385 -0.220136457596013
0.0409328552681568 0.140748122794252 0.000309514420220267 -0.207762973133155
0.0417403478724677 0.154617610791327 0.000736126926083175 -0.206234481589323
-0.0162868630445444 0.157846905118054 0.0362223078367608 -0.172015844382233
-0.0652221832022417 0.151354939074914 0.0639876808898354 -0.0928324959773478
-0.167212576233725 0.127777655497545 -0.00817880549593014 -0.00719321503071172
-0.217200704492554 0.0151364442357853 -0.109954121674908 -0.0281655863848595
-0.163053597333351 -0.117906706749359 -0.204539903419439 -0.124940678564595
-0.111822890057306 -0.17313679408948 -0.209720546649764 -0.26823043968357
-0.203518587106273 -0.257553747832056 -0.142665774953475 -0.0495498078626774
-0.224850073694401 -0.226086984007775 -0.110204606578154 -0.0425778013741504
-0.310098348418164 -0.102880357760966 -0.0124663453896768 -0.0145817047424489
-0.303628870938961 0.0600187323114787 0.0386200956414558 0.0101235401489001
-0.186627196465264 0.170615321465769 0.087297095193555 -0.0595228837972046
-0.0964009184616666 0.212531803266678 0.0792776277501783 -0.126705713412512
0.00450550850783019 0.242365151547562 0.0282428349195424 -0.161019106168503
0.0437574936363725 0.217416264491601 0.0104620266484473 -0.137012557639007
0.0528384741422209 0.232671861385103 0.00554004063077499 -0.133421692095723
-0.0258857950568773 0.23810494859249 0.0359710506518604 -0.108673197839094
-0.0930741701750553 0.224497176481546 0.0577581057368261 -0.0466164548386136
-0.231302778456951 0.19642089617525 -0.0063957282124401 0.0304763787554419
-0.31277981071667 0.0555171702100326 -0.104150679575094 0.0118241662042882
-0.27330196483501 -0.138153664880386 -0.186479005299381 -0.071802626997608
-0.218527720690026 -0.24222781318362 -0.183617002510942 -0.183456864196044
-0.267059103618731 -0.285396319865123 -0.0723531964006973 0.0438999233195692
-0.285570018235144 -0.253004180105727 -0.0501932730322656 0.00497043133309223
-0.381383139595948 -0.117671814622008 0.00959655648459811 -0.00721355141050899
-0.377978815693167 0.0694254991781893 0.0310868911070068 0.0171558644793334
-0.244258833841553 0.204947636923893 0.051644427831502 -0.0256490899415894
-0.13150690698731 0.260689433801822 0.0543994168005665 -0.0543986860628906
-0.00998723340738068 0.296600402989686 0.0236325967181836 -0.0751529525187487
0.0408868230832334 0.261142465568289 0.0194465223188636 -0.0452913533527109
0.0567006947211585 0.274832850487106 0.0156165400133718 -0.0426955095925523
-0.0303629646687411 0.282298291344002 0.0413570224685001 -0.0289061070236135
-0.106915646355271 0.264498617883377 0.0538124682357809 0.0104514550034298
-0.259681148939759 0.23621486533486 0.00333967222153266 0.065871134864235
-0.36002859974586 0.086897055564934 -0.0776686885458383 0.0464434669072336
-0.338619689038657 -0.132884786378058 -0.130259851605632 -0.0205972838655883
-0.290988517428928 -0.269877872432909 -0.116980567361315 -0.0876465414912995
-0.29343825668761 -0.268103219774687 0.00500480082788615 0.145504465750898
-0.310956866295593 -0.232576399658511 0.0211223653553217 0.0670655154103002
-0.39400961370607 -0.101683631608818 0.0345126894519324 0.00795886956548376
-0.384079419737357 0.078259307776242 0.0182166472078856 0.0251361914844383
-0.253676715253997 0.209548895771821 0.00463699459679489 0.0171808278356247
-0.13994108741461 0.266811707997309 0.0174139623633848 0.0316502305544103
-0.0201846943358184 0.304689944287957 0.013822357202966 0.0258097518461914
0.0313026563354699 0.265183223306164 0.0260505925230155 0.0539926312499338
0.0469960638780271 0.275663703020203 0.0265412061143674 0.0525215740808622
-0.0393090075149148 0.280848504513701 0.0456487424699927 0.0550049820748156
-0.114598370197281 0.255030594873875 0.0453080909358449 0.0680545012379319
-0.253594532490542 0.221322877844017 0.0111682411591563 0.0922378860799678
-0.345167250199984 0.0867435377354548 -0.0430495018728473 0.0686492751799826
-0.336379347495784 -0.117867439387499 -0.0530567546056671 0.0164913036867947
-0.312508535802901 -0.257278978643829 -0.0246382545839542 0.00463974066638856
-0.277534279819377 -0.20481810756027 0.0805221547578877 0.234926049062091
-0.281401940245099 -0.162480474463728 0.0905258302084102 0.124623277425724
-0.331788416139747 -0.05795810557403 0.0544438925254263 0.0271455232631535
-0.311116333420779 0.0764173487840523 0.00371831868809731 0.0350045273642401
-0.209266092676972 0.174438350561762 -0.0387122284075725 0.0631429958281562
-0.119737900264556 0.226684612107374 -0.0176514684626323 0.115704479470646
-0.0229277780674565 0.264093842329189 0.00409411372230468 0.123880385272987
0.0170739260373338 0.228611784222927 0.0282267980591678 0.144550774818627
0.0231152831648128 0.23616585420394 0.0311641984495699 0.137820293240204
-0.0526137819638194 0.234898379463179 0.0388179207645016 0.12708945690511
-0.116717842192746 0.197268154920124 0.0244210891279063 0.113632008586206
-0.215058434816712 0.154071780080591 0.00616250792807559 0.102969119311888
-0.275252059175765 0.0534003774896339 -0.015531440894629 0.0744247158560875
-0.273659466666816 -0.095541979274633 0.0242028288190363 0.0394663852952735
-0.278038004298171 -0.209293947674289 0.071502470301806 0.0821709901681277
-0.216376721900565 -0.109348303518911 0.142605058451559 0.293979563603399
-0.198575271282024 -0.067408123466688 0.148869477770746 0.163285171027425
-0.205331003804196 -0.0116767719128957 0.0701160978226704 0.0449048861947606
-0.181243692677069 0.0546552873070205 -0.00449537738947027 0.0414929861178171
-0.129400496941343 0.105779987050886 -0.0664636544030264 0.0985983504726266
-0.0805620509257128 0.147415012649385 -0.0430312179922986 0.179252055978543
-0.0232055067653363 0.179632926495439 -0.00173232310252009 0.201857331455954
-0.00100470996631425 0.158355050000231 0.0252898743620712 0.212872477647419
-0.00435074675491368 0.163462919192881 0.0232642334533422 0.200664296684061
-0.0605411419587414 0.15555946024905 0.0152983063570324 0.176079428209058
-0.10380607317293 0.111751822705293 -0.0110807659325682 0.135075144053839
-0.14656193489912 0.0651563715268937 -0.0102776299445334 0.0939604565492229
-0.164512752876677 0.0126258530367449 0.00138405496886813 0.0669763286231899
-0.172005124519069 -0.0604804468924917 0.0849064740487577 0.0519537959167375
-0.203845820419443 -0.131583379809976 0.152074474205098 0.138365300116629
-0.115288416043184 -0.00265857880249893 0.181928355885436 0.313270930001529
-0.077251604106857 0.0243147584761446 0.191370503588634 0.176036240748905
-0.0504197457356664 0.0192851354470011 0.0846944298496904 0.0507592128032373
-0.0371591561648688 0.0123319211340173 -0.00494225197590082 0.0376373820801615
-0.0425702023432405 0.0194299068450977 -0.0770951355126134 0.116849395001389
-0.0377935215794447 0.0458768949453072 -0.052414918858021 0.2143335013867
-0.0252405915741995 0.0689947862276826 -0.0020849619756061 0.246672286459146
-0.018931427921241 0.0641597527801777 0.0189865582707575 0.249037570030363
-0.024770303708709 0.067670468584707 0.00546044716130452 0.234691733190174
-0.0494722946406247 0.0587795832901324 -0.021398456893997 0.195412740859197
-0.0633598833723176 0.0233170603270481 -0.0531619806007431 0.130941904296297
-0.0511192714681369 -0.00860376729613472 -0.0292881057168909 0.0683639876079859
-0.0390123323632252 -0.00665556589706841 0.0130081602560547 0.0525589163920354
-0.061682659306129 -0.00352822158344634 0.124765412436116 0.0609089102360908
-0.109129687785684 -0.0317418157257205 0.205833791286544 0.169103447977703
-0.0203317529794225 -0.108592917162094 -0.248348096303976 -0.14000636944192
-0.0612854957610573 -0.086808591165407 -0.182787458907853 -0.0578011097587007
-0.0989961947285743 -0.0180209528517945 -0.0286500746338463 -0.0181718676570006
-0.0714170064370238 0.0497811733540999 0.0331488529400572 -0.0269795330942604
-0.013033213773771 0.0587693716118975 0.0849829550989495 -0.112212077410052
0.00666103386028074 0.046910335368079 0.0558244806438178 -0.210083970572454
0.0324976287884368 0.0437011027768938 -0.00211125447405741 -0.248655476412552
0.0362533392401035 0.041917446218676 -0.0225267703004638 -0.253016958870237
0.03362079473952 0.0505602568185094 -0.0128154271125673 -0.253533008705556
0.00963192411544536 0.0575698855703195 0.0292419896248749 -0.215294622297049
-0.0124654807869497 0.068343329262291 0.0660185786824646 -0.131224571694068
-0.0697493540772731 0.0635849152547473 0.00135789727575436 -0.040099650013406
-0.0939114415328603 -0.00366480815671347 -0.0961036258355397 -0.0564468893837134
-0.0395504329105627 -0.0647219002684173 -0.197704310801485 -0.155605579022842
0.00220902434217762 -0.0723082805128888 -0.212797026906892 -0.318898746334048
-0.12843207283525 -0.18867964980993 -0.206730055393441 -0.108964262292418
-0.157750839039647 -0.157843942993498 -0.159826305754896 -0.0587174031993137
-0.218347250556145 -0.0527582510659314 -0.0256764674470936 -0.0157704308849976
-0.193362570851514 0.069915486332772 0.0401536979558745 -0.00435910859481309
-0.0974243913056037 0.128331298569798 0.0967275044949579 -0.0906326577884529
-0.0374643624285384 0.143794713242112 0.0750364791258915 -0.184151813800288
0.0295497587425594 0.154510977340373 0.0133993739005297 -0.222036253880692
0.0505995659570676 0.140513650526888 -0.00987533787001424 -0.213703157078904
0.0506382184771787 0.15473870430578 -0.00960836440920169 -0.209981222415009
-0.00857692779226626 0.161925986899029 0.0287266907054129 -0.176550905392577
-0.0591396716714506 0.15787077397084 0.0621969403445648 -0.097764383744674
-0.163096074409466 0.139716604417339 -0.00641329047524019 -0.00527822513648342
-0.22073857595156 0.0273630587354879 -0.113158890395475 -0.0219599710317978
-0.17307574602474 -0.112032639653834 -0.215351466505541 -0.115242757918813
-0.122716602006209 -0.170243659455572 -0.227347570771048 -0.260147874630185
-0.219657835860184 -0.248722652395233 -0.146303861666056 -0.0441998195970519
-0.239760012090144 -0.217182859012412 -0.115648888720687 -0.0380398633063705
-0.32171163986776 -0.0875198739579028 -0.0140196132795786 -0.0141853115577468
-0.306266844214877 0.0795344393801042 0.0388374822837147 0.00978415160732963
-0.180630578501438 0.183866686901736 0.084427194189655 -0.0632030473724018
-0.084435709925041 0.223821515714167 0.0737175496276715 -0.133191532716239
0.018279876557617 0.245566274004523 0.020824681504045 -0.161626328017539
0.0584501898713512 0.217899557332345 0.00397238054483424 -0.141744076117835
0.0668393378885989 0.233796074698492 -0.000155141195023935 -0.135789689282138
-0.0130868417248538 0.244676945060882 0.0319927531421419 -0.11171386633683
-0.0844523798469978 0.233489648924741 0.0584697820083007 -0.0502012108890247
-0.225050145213746 0.213708975469737 -0.00222478521074267 0.0322823320989864
-0.31585638751581 0.073726304332132 -0.104318370607381 0.0187599242636965
-0.285250503835553 -0.125533350925708 -0.194011124742292 -0.062450149733392
-0.235839398244748 -0.234081857660897 -0.195956768437873 -0.175658064022029
-0.284044659935221 -0.27420403539847 -0.0704922433519004 0.046518762219448
-0.302685033015502 -0.24289419141716 -0.0518221417106014 0.00611986808981749
-0.394369605372726 -0.0984682001194131 0.00819564589233145 -0.00789463621978481
-0.382041818234063 0.0937109831714416 0.0318024980280328 0.0167459988127933
-0.23808435728801 0.222100242923174 0.0511673440002887 -0.0273399865877307
-0.118558094815747 0.274945294133278 0.0527719490933365 -0.0585102983235804
0.00664225504618309 0.301356152857576 0.0207492011119133 -0.0735308029833236
0.0582347992911079 0.26196743858249 0.0181789147120823 -0.048476292603548
0.0729862464978052 0.276866143968705 0.0151678002409816 -0.0442975589314038
-0.0146726587585909 0.290143698668875 0.0409881658445157 -0.031441637904425
-0.0965423791005361 0.275472890397882 0.057322773398667 0.00794609024672224
-0.251851978952604 0.255645724781328 0.00921689517769084 0.0681970408544902
-0.362001663199367 0.107935545329809 -0.0745430760409291 0.0533314586432212
-0.351775282536159 -0.116993649993442 -0.134137650726143 -0.0137501212328227
-0.312311928844846 -0.257999847207996 -0.122819187002451 -0.0809069779679247
-0.310623993461701 -0.254508867626049 0.0124561220314512 0.145724772200835
-0.326912844801803 -0.220452352533283 0.0237275464553024 0.064797638160218
-0.407960453730018 -0.0811281047905045 0.0347591903037455 0.00591560812326578
-0.388638156371865 0.103098333054176 0.0189254937036442 0.0248234478386823
-0.247621639333761 0.22685133486357 0.00627749059288774 0.0186316666712062
-0.126669391520229 0.28154812717277 0.0205399346639602 0.0302031241078837
-0.00255258463070542 0.309351734393931 0.0159172681823954 0.0297863051856084
0.0489183570777197 0.266934778172511 0.0294742142543507 0.0520117832846892
0.0633506030450388 0.277864569849086 0.0311959895331766 0.051969227806518
-0.0234913038407466 0.289169299677906 0.0500626865943499 0.0531131906981968
-0.10424155833756 0.266479525677743 0.0517933941313157 0.0671302240524556
-0.245732518154167 0.240024434215274 0.0186305536498663 0.0943232169037529
-0.347275469523736 0.107343492517521 -0.0381736708661536 0.0734105546992178
-0.348199460957124 -0.101826926246448 -0.0531930291693792 0.0195667753066722
-0.332145386843536 -0.244240179435097 -0.0239208152755427 0.0072374455531576
-0.29169067187901 -0.190513597093542 0.0933282396768515 0.232631534010779
-0.29493892949667 -0.151003486782039 0.0975918857616158 0.119856587507268
-0.342231309974697 -0.0408869631766963 0.056443116744579 0.024218825940323
-0.31317754980309 0.0964309695439689 0.00445907377373717 0.0351736187947002
-0.204180455735364 0.188548559887393 -0.0360024458066394 0.0668939184455653
-0.108384505379822 0.238797066250395 -0.0112371411475874 0.11678062036621
-0.00738688861962441 0.267871307055667 0.0109147400429984 0.129323827152345
0.0320867789424349 0.231374515665513 0.0360888872883822 0.145196119082834
0.0379134269245541 0.239070499164315 0.0392824545994486 0.137792708228097
-0.0388885876880048 0.243028344327888 0.0472640953016757 0.12625761271169
-0.108962595188139 0.208206715737691 0.0331204053909532 0.114049015100932
-0.21056516307756 0.168874384840123 0.0142769077298071 0.105581563086789
-0.277305318383181 0.0690462020280792 -0.00891998731431707 0.077496184812379
-0.283011894523284 -0.0822579782622538 0.0266002481757808 0.0380349420218186
-0.295225010432305 -0.196846418012842 0.0773168685363435 0.0801505828040241
-0.224424871847822 -0.0972577656014654 0.157977231537252 0.289382402591521
-0.205413367095028 -0.0583593753231624 0.159159510081029 0.155700710440917
-0.210366880907107 -0.000821693453127455 0.0728244320355716 0.0409759855789602
-0.181858416289209 0.0661632406516595 -0.00383680252087921 0.0416357298508006
-0.126437518831656 0.114260778241519 -0.0627058185612347 0.104175469752486
-0.0730796132875155 0.155282424349571 -0.0328305014598632 0.183626703883967
-0.0117041356279973 0.183176689573228 0.00824019614519902 0.207945850324705
0.0090875646726715 0.160949052423159 0.0369809841215145 0.21588008878804
0.00536908909132966 0.166571406108281 0.0352114464792654 0.202965145720121
-0.0519762458257282 0.162195268458936 0.024633315824999 0.177204440687648
-0.0996820658672203 0.120549068368972 -0.00268456187328059 0.13797807638924
-0.145388429278639 0.0744284731602072 -0.00373547041377602 0.0966710280903875
-0.167368372085047 0.0222461824257445 0.008232969275941 0.0689256311910557
-0.177698241863161 -0.0517288463683813 0.089338979627014 0.0478852048399877
-0.21506629703934 -0.121018118940089 0.161986957517365 0.132378610543506
-0.116941666946729 0.00450244652308345 0.198578854180866 0.307841127684711
-0.0768652654844548 0.0282496959344587 0.202650468734733 0.167057751262464
-0.050556748024501 0.0228529559656521 0.0879943365551504 0.0460729705582706
-0.0368272261086096 0.0147701475881694 -0.0047031291392703 0.0372801182502387
-0.0428589985388699 0.0215103663625335 -0.0725591641019121 0.121808399350801
-0.0357811737898151 0.0484726138139522 -0.041878143619276 0.219376342926061
-0.0205990742920074 0.0709789984871942 0.0110298005614066 0.251965521200907
-0.0147744744641413 0.0665190463914353 0.0325065605804344 0.253451830208155
-0.020364669136012 0.0707618031520853 0.0188520846259337 0.238424498978865
-0.0454282415795012 0.0629558978709379 -0.0117118524413776 0.198718998974468
-0.0632801480732778 0.0278647302983415 -0.0466141662363073 0.135787653566453
-0.0519880614605844 -0.00552046714970047 -0.0248868053793614 0.07104700341634
-0.0405457322344632 -0.0043739200225451 0.0184354794553216 0.0531751374778265
-0.0624342098488131 0.00061960585646957 0.130309812433605 0.054206939298342
-0.114060729453405 -0.0250118530031233 0.218810357428953 0.16058456530952
-0.0275255647579368 -0.106034120039119 -0.250965091975093 -0.123099001679352
-0.0658932145346951 -0.0816704140567849 -0.183921276441059 -0.0455510295997727
-0.0993220893427772 -0.0109276509958821 -0.0299229747142536 -0.0165837578434236
-0.0674491458953211 0.0551411535290266 0.0306986234859154 -0.027322924767965
-0.00958506891390648 0.0594573113955504 0.0764065826007475 -0.114059070890014
0.00980053628570229 0.0470736466404195 0.0409267573146781 -0.209373718240342
0.033715418239897 0.0406950948139636 -0.0157452025199917 -0.243921822616408
0.0383890654706232 0.0387330054159332 -0.0373428055830088 -0.249429290598935
0.0357692295447294 0.047871072820118 -0.0277132843258495 -0.249699993081063
0.0119197729910752 0.0560324842614563 0.0162908444249981 -0.214032022565877
-0.00923514977593954 0.0681149698505616 0.0585448442928106 -0.134058275295252
-0.0650851385586513 0.0671045380714662 0.000495358720471473 -0.0387851935143469
-0.0927318477769179 0.00221022204334076 -0.0983632408990297 -0.0490711522523703
-0.0429592417006403 -0.0624761915804782 -0.204711954317545 -0.140229793492273
-0.00229444736816958 -0.0717739405240499 -0.228454632659371 -0.300206407546959
-0.138200299086933 -0.177615960822356 -0.208631962301477 -0.0956016259388769
-0.164903138015594 -0.146009727943118 -0.16186072384225 -0.0483167357164195
-0.219656564718352 -0.0379366207166013 -0.0270785672439294 -0.0140934837117588
-0.187215199566814 0.0831354865688811 0.0389583328291849 -0.00517523493543924
-0.0884322357506402 0.13315657963168 0.0902101695644312 -0.0931565101773844
-0.0270726424995415 0.145840773000935 0.0621208370238578 -0.185849054373371
0.0384301677868623 0.150292758486895 0.0012237100999849 -0.217339872932028
0.0586153295419011 0.134070307398442 -0.0226356841751806 -0.211118023483222
0.0597752494853607 0.149917007941714 -0.0210631389275879 -0.206682357022571
0.00116819671089012 0.161102159792428 0.0187456775274718 -0.174969035572781
-0.0498669026043497 0.160068747538018 0.0570197273942026 -0.100515060725757
-0.152779411492735 0.148618125661418 -0.00412228836094325 -0.00369578614124812
-0.216817184573506 0.0402251170535357 -0.112964619347822 -0.0133018141337473
-0.177814729650206 -0.100662346103919 -0.219986124032836 -0.100348197187363
-0.132236474151713 -0.16102685133634 -0.239983636283982 -0.241358882259514
-0.230286098984867 -0.230591293365593 -0.146028377323453 -0.0363341097315601
-0.249484103844059 -0.199823169753519 -0.117085860113839 -0.0321915052440992
-0.324057772961732 -0.0650968184061688 -0.015063417698797 -0.013288807622458
-0.297936181669835 0.100098032810829 0.0387220364202629 0.00811015705350294
-0.168302627251592 0.193521715688906 0.0808708085685684 -0.0651446562771001
-0.0684775062900531 0.22794079561851 0.0648225671677721 -0.136182002226427
0.0338450452243105 0.240205421406931 0.0126705345058408 -0.157178882901354
0.0718538534790562 0.210247393612311 -0.00429443308981958 -0.14164085563571
0.0810171704540908 0.226694476604082 -0.00740509184841958 -0.134069111083774
0.00216631060828538 0.243484205743228 0.02590761175021 -0.112435258688297
-0.0707000586075177 0.23752182366396 0.0571457427429869 -0.0538261085407275
-0.20826240114925 0.226211535171273 0.00285843234312272 0.0330564612116654
-0.307419111548972 0.0920678495562299 -0.101225580282858 0.0265130354899058
-0.289985482764989 -0.107413556274734 -0.195951752435764 -0.0490041601366479
-0.248272791617107 -0.217056028170446 -0.203625588641022 -0.158794786936592
-0.295383132685924 -0.250531384734255 -0.0664369070611945 0.0482002174783056
-0.313292151179717 -0.221016229073876 -0.0523993767131762 0.00755072173691836
-0.398484262061066 -0.0719146336086386 0.0075220375078154 -0.00889059864595507
-0.371879537623634 0.118072938074328 0.0318177531141933 0.0157359432067614
-0.222719110377783 0.234876471425205 0.0498905603975934 -0.0282330128960526
-0.0979495346817681 0.280675132138263 0.0493578483878541 -0.0621930562899771
0.0261668586976809 0.295786843755373 0.0184841042687904 -0.0696511162728043
0.0750243887909265 0.253864085153262 0.0149438482322253 -0.050155537306776
0.0900415014030188 0.267992730476727 0.0132754828460774 -0.0447855538965599
0.00473202958626646 0.288379257411358 0.0395160810972879 -0.0340702169585657
-0.0798082719464895 0.279675858111675 0.0598224533348845 0.00390871720808941
-0.231987224737185 0.269016304574316 0.0167036383869668 0.0671972585856679
-0.351302296980588 0.130329915408419 -0.068762914936141 0.058261042695498
-0.355035505648251 -0.0947403320678696 -0.133701484853182 -0.00496445121297041
-0.324152133002463 -0.234493918628846 -0.125626771803332 -0.0706484006946787
-0.319152597681837 -0.229911474145182 0.0202868575196561 0.140999781351669
-0.33601304562997 -0.198168658042611 0.0254732383595493 0.0602894802977019
-0.409217406115563 -0.0547308951434348 0.0336636332093141 0.00300359971563706
-0.378412318703739 0.12790150316045 0.0198450080661547 0.024136643734672
-0.232191185288181 0.239713921061911 0.00818403757475976 0.0191914045934067
-0.105950837699881 0.288024312339816 0.0232057990717864 0.0272100582115031
0.0181057291598681 0.30427664481725 0.019653807072993 0.0322892826595761
0.06641361020606 0.258909406150498 0.0322824262150541 0.0488354713623369
0.0807587496916223 0.269729391023699 0.0351218696292961 0.0485829886201064
-0.0043540961995098 0.287609149298496 0.0532774214398777 0.0487481510537552
-0.0876957757822205 0.270760498831297 0.0578383624672783 0.0629438135688703
-0.227892975908101 0.252976134665168 0.027319655714601 0.0925013377087386
-0.336820454340167 0.127879184523557 -0.0310020775191565 0.0753457129186981
-0.350161619679709 -0.0789571369926754 -0.0512751304490184 0.0232038627845929
-0.344940420769744 -0.218828377315061 -0.0225784798892779 0.0103107605645271
-0.296764981845594 -0.168409611075248 0.104233874173594 0.222809041469962
-0.299720836593609 -0.132497169517362 0.10120146463924 0.110307148092
-0.341221064220905 -0.0190440849789437 0.0563122171443152 0.0197421930674481
-0.303984681321448 0.116309229439172 0.00546077765289915 0.0341992643551544
-0.192071541980663 0.198767300566836 -0.0304495433306902 0.0686737097073433
-0.0912072448054805 0.244174119337044 -0.00329069415251082 0.114138481627356
0.0105201509378311 0.263849319452743 0.019806710714303 0.13042833913828
0.0472746017737597 0.224931028915381 0.0447278275687983 0.140222699810507
0.0530827662965095 0.233469460656065 0.0484967931216281 0.132597767207346
-0.0225244310215714 0.242665431148768 0.0544781257997596 0.121202338230585
-0.0961061265495077 0.214324667495849 0.0417338243983284 0.109816997232282
-0.1972780426522 0.180183527134303 0.0227991499502926 0.10352953153266
-0.270182176979109 0.0864212544466929 -0.00181910700782418 0.0777291194900855
-0.284270239767815 -0.0635245453064212 0.0288887879613444 0.0361482916971287
-0.304000983895986 -0.173352368031385 0.0819867919837621 0.0748829112328765
-0.225113248035378 -0.0814170163304717 0.17119923070411 0.27599050516184
-0.205780545523488 -0.0459283613800786 0.164673685316278 0.142616260533848
-0.208561919671427 0.0122452059582473 0.0736371468428888 0.0351599607775955
-0.175952207635732 0.0774190767431606 -0.00255165445713076 0.0402188476381685
-0.119575804630717 0.120671131670856 -0.0559787893347553 0.105626800462071
-0.0626533900144924 0.158917547350539 -0.0216346429160094 0.181771909962318
0.000453518743461973 0.180309175881586 0.0219186749522593 0.206854493293273
0.02065056294513 0.157266463268143 0.0498694903819928 0.211090580694095
0.0170263699440965 0.164059983704151 0.0471780455842343 0.196986873008798
-0.0398743195451683 0.163622542455955 0.0357215084072233 0.172313930870294
-0.0920188517967968 0.126184291762088 0.00720798667531971 0.136190658850352
-0.138743395927854 0.0824569128085646 0.00406169491133149 0.0956247087055755
-0.163931285795939 0.0323898114804924 0.0143387592928769 0.0676879739873005
-0.17782616755265 -0.0396670107889265 0.090981061998784 0.0409647587016073
-0.220688301113075 -0.104261790460111 0.168325432175773 0.12126570112231
-0.114308008797663 0.01261057270952 0.211443822173711 0.292847724097279
-0.0738793624664124 0.032243148485157 0.209293745873139 0.150751267678852
-0.0489178372664594 0.0259045922724118 0.0890520302497253 0.0387161585572098
-0.0359410719200535 0.0167968881157048 -0.00396290770537843 0.0358230437179938
-0.0418423649433178 0.0227672592702497 -0.0654464132132454 0.123992191862072
-0.0324822026892462 0.0502768701047287 -0.0280338712960471 0.218721180010607
-0.0148140369016359 0.0710816413722451 0.0255244173116923 0.24959290178322
-0.00965027886135325 0.0663862261793178 0.0472262706152908 0.24947030219205
-0.0148458790843591 0.071317777258776 0.0334816006302338 0.233473112166101
-0.0403737987102567 0.0653450355681398 0.000924095357676731 0.19601354597087
-0.0612541835305623 0.0322410966501813 -0.0363649343221868 0.136105399466888
-0.0521494218199446 -0.00265130797000119 -0.0190168853359228 0.0717122409463254
-0.0404917633028332 -0.00109407332661882 0.0242531414023449 0.051147607664199
-0.0611831123311513 0.00476379095917305 0.132244979005375 0.045086557369649
-0.114740583026967 -0.0162298178487794 0.22570290185033 0.145226879282314
-0.0314936867859783 -0.10104858214797 -0.245093191452152 -0.109256688607789
-0.0673581544412314 -0.075340679744005 -0.178410947676352 -0.0358118644963046
-0.097521410203016 -0.00558646713885981 -0.030439939090284 -0.0149361111503061
-0.0621468102773942 0.0567241404747472 0.0275439929091096 -0.0263734317256337
-0.00683443110987883 0.0586839338645678 0.0691997926490012 -0.110642068414117
0.0119357805097258 0.0457167933201045 0.0301493442877518 -0.202817506531269
0.0341591776353423 0.0380149948590773 -0.0241145587607738 -0.234698279888359
0.0381656044506297 0.035176596047177 -0.0453267779960711 -0.240015269954353
0.0363760010454539 0.0446837355663471 -0.0368780092643053 -0.239380297786178
0.0132757756584903 0.0540055568960916 0.00788835909229702 -0.207103213380508
-0.00639933592387331 0.0661254234154302 0.052457914162811 -0.132554657515168
-0.0599052220325057 0.0674138786062877 0.00111701974388423 -0.0369976198101186
-0.0897684287010294 0.00592156237126037 -0.0971919918220387 -0.0420125893489044
-0.0449615330853786 -0.0591292159124376 -0.203429482893522 -0.125425534735408
-0.00547408434155771 -0.0700592432490261 -0.233300370801432 -0.279050562421106
-0.140227275249303 -0.164306647332828 -0.203782000333513 -0.0849202536758759
-0.164930683613796 -0.133217498521413 -0.15850803778693 -0.0400440312186343
-0.214350106487708 -0.0265749909250573 -0.0272855045951276 -0.0128252262081745
-0.17634441464511 0.0899681936620795 0.0373354749045959 -0.00546267342966426
-0.0808101090850066 0.13330566644171 0.0838469047593254 -0.0916167027305733
-0.0187412447413381 0.142902143490959 0.0515581126985739 -0.181757419869983
0.043301772695591 0.142649083484902 -0.00576027716635841 -0.208350879501932
0.062809123167393 0.126108327716913 -0.0300326659313946 -0.203871296430964
0.0640248382450962 0.141871937226372 -0.0284202906841254 -0.198506963606289
0.00812470773611297 0.156516118089533 0.011946974564015 -0.170159079155392
-0.0426052429261652 0.157376383088572 0.0531337914828379 -0.100686882634728
-0.141006368089667 0.15063887567428 -0.0017850494543523 -0.00302296851362182
-0.207770127782852 0.0475810765131314 -0.109380075645936 -0.00684463351074787
-0.176059658359871 -0.0907948595900407 -0.216916333653455 -0.0860523777113191
-0.135085291424088 -0.150031302526366 -0.240239543469005 -0.221162057071654
-0.230782838740019 -0.211635785418634 -0.140592537296375 -0.0304053739086116
-0.248800032443191 -0.182800222929655 -0.116200875256506 -0.0264296919886584
-0.316471318993688 -0.0480204116748946 -0.0161445827366033 -0.0130314739927911
-0.283548040869937 0.111491595119444 0.0379343758280853 0.00780126857251078
-0.155880753715422 0.195454540073669 0.0767478161686612 -0.0643974451699552
-0.0544767902717184 0.224346569194029 0.0570318729360177 -0.13461441893994
0.0430691579113152 0.229605724222117 0.00909075742851661 -0.150270826952813
0.0789015556153599 0.198200443430111 -0.0101568630889089 -0.137222138046816
0.0884915867337484 0.215296484642243 -0.0123342475314635 -0.129856513631574
0.0125934075371889 0.235731189327561 0.0213772427060476 -0.109689577207233
-0.0591841579239337 0.23352435242826 0.055599334547621 -0.0550512899162774
-0.191230089580442 0.228429004482509 0.00697981480449354 0.0323931063322064
-0.294792040559601 0.102040248476266 -0.0953709157200647 0.0315534934628193
-0.285715200028233 -0.0922229427065044 -0.19163884825087 -0.0383188584298889
-0.249333028071036 -0.197906132810236 -0.2013929408789 -0.143305520814681
-0.292681174127888 -0.229201870624352 -0.0619745840977457 0.0478749208886895
-0.310940915635517 -0.201257074414174 -0.051992821026293 0.00857454120247114
-0.389203899644705 -0.0514517241209537 0.00596393288852479 -0.00915692861171175
-0.355203526640876 0.132511729259821 0.0313113460125873 0.0147533114823784
-0.206922573568496 0.236940692261677 0.0488087511968773 -0.028114037665321
-0.0811173360788454 0.277049893851843 0.0454935503071435 -0.0636335087349904
0.0386108852465286 0.283469481319918 0.0183038430144788 -0.065127988064773
0.0845621188577062 0.24041332647818 0.0119345685710717 -0.0500821469265093
0.0997489975702692 0.254480877726525 0.01160433557233 -0.044448083876185
0.0172374055331917 0.279175050496583 0.0385084280948638 -0.0346453567791096
-0.0663453148590716 0.275668100509269 0.0610805616173383 0.000101590596468333
-0.212476522703349 0.271275202704068 0.0226069034220181 0.0643650502299933
-0.334903256070202 0.139814362075906 -0.0627373030920321 0.0608091126745956
-0.346307101765083 -0.0756248401611325 -0.129323039874552 0.00161716459025095
-0.325313940113028 -0.2114008761033 -0.123041056017193 -0.0613612657060499
-0.314933915007541 -0.207314851321032 0.0249325231291728 0.133812633664555
-0.331648230634844 -0.179403126450525 0.0245190583453783 0.0562922721562975
-0.399836426871648 -0.0345970020921228 0.0319759672899234 0.000667219679685878
-0.360686180827884 0.142079756118991 0.0196255910168219 0.0229902832770907
-0.216417689038007 0.24210627268182 0.0102014068955601 0.0187982623695031
-0.0889993287146656 0.284244216158606 0.0238679303263568 0.0233514812965232
0.031266395198072 0.292471775656062 0.0238047257404203 0.0332080640647159
0.0762189875514824 0.245534528331128 0.0329754644299666 0.0451693847328919
0.0909258345629794 0.256879942485742 0.0363148191575939 0.0447573560694641
0.00958642146944052 0.277899586246263 0.0548386549575472 0.0442170427685619
-0.0738237963646405 0.267395780170947 0.0619777526751401 0.0572913276057955
-0.208319075834394 0.255647652603194 0.0332886615919171 0.0881625493153136
-0.320644897787703 0.139056129624573 -0.0245114050305188 0.0750124966779079
-0.342218765390344 -0.0609822491666156 -0.0485869683874444 0.025175493610718
-0.341398286991969 -0.194372736968114 -0.0202455567820399 0.01173473664557
-0.290181879757228 -0.149259366387928 0.108097683544025 0.210052983730782
-0.294803584189114 -0.116648255734504 0.100669005171929 0.101592783476439
-0.331697719917608 -0.00375066994356556 0.0546701634275671 0.0159519186446606
-0.28992166679341 0.126455287747558 0.00639570059254807 0.0331473991276626
-0.179027464496572 0.20093059718881 -0.0256745165265979 0.0670273349591909
-0.0767122795584741 0.24106518123742 0.00205290850586402 0.108299576623682
0.0222716480266982 0.25321219943536 0.0272086445013967 0.127917615447322
0.0564144648618912 0.213879469903481 0.048271757238509 0.133871139261035
0.0626135355388599 0.22281541366399 0.0525775990108007 0.12534856215521
-0.00998167951939661 0.235046317189815 0.058252593926882 0.114140266650153
-0.0846005194047875 0.212252071798213 0.0475513083427648 0.103548643556185
-0.182434101381546 0.183261141338048 0.0291938039627778 0.0985311374742834
-0.257878980888411 0.0955658283915202 0.00400048378879085 0.0753447462587716
-0.276282867916973 -0.0491736035713459 0.0290805567663108 0.0335997522897712
-0.301478246197689 -0.152976985311974 0.0826904398225951 0.0699692137769886
-0.218373242935791 -0.0680094206103583 0.174953387647141 0.259757902808985
-0.200666608860451 -0.0367031528924845 0.162980209182701 0.130032748350167
-0.201465958297938 0.0214439925715865 0.072078115528781 0.0297392485245864
-0.167271235786247 0.0829612324761348 -0.00186137294663591 0.0390725797341974
-0.112017322336218 0.121487422070354 -0.0495294932642194 0.104037133947216
-0.0531130311175264 0.157291352014568 -0.012828190948622 0.174988709464723
0.00935344643990296 0.173949943194076 0.0309998508540891 0.201394693132351
0.027863245989427 0.15007918215784 0.0564302560575946 0.202012437778436
0.0249023011386781 0.157653709336932 0.0545392256713127 0.188145409190039
-0.0299177857804551 0.159948739869301 0.0419159425766723 0.1641967167463
-0.0834643539238086 0.127019512513268 0.0145826142341773 0.129940870096177
-0.130444337367837 0.0861597105050129 0.00980039193018174 0.0922137799139032
-0.157208586298816 0.0395927173953279 0.0192285418883925 0.0645196720595579
-0.173202004027287 -0.0304422366250946 0.0894805974492379 0.0352765396729259
-0.217494544553925 -0.0888005375075401 0.16780183694952 0.109899127260871
-0.107879472512507 0.0180931941480254 0.214337922232673 0.275182838011197
-0.0699152752509388 0.0337544181807547 0.206744708306278 0.136089361354292
-0.0458081422795124 0.0271016151487243 0.0868777257689974 0.0327404584799788
-0.0340363349247844 0.0173032498374304 -0.00394033901369182 0.0340827923927912
-0.0403347670388046 0.0231956113411613 -0.0591441537207158 0.121099739331611
-0.0292958546566384 0.0501930150474355 -0.0181041013101799 0.211734511934376
-0.0102666083626787 0.0685947123122393 0.0348921687496655 0.241234199160823
-0.00591506304790891 0.0641358016995578 0.0556535631434655 0.239214204733229
-0.0102545022916247 0.0692059626866506 0.0418642822947461 0.223377531603725
-0.0349602246225874 0.0653373510015737 0.00922948068394366 0.188366143238975
-0.057871837611368 0.0345511240178655 -0.0281337680421562 0.132392053007644
-0.0505875401517318 -0.000340443258794532 -0.0142572208966367 0.0694314339088826
-0.0390791555744679 0.00117621788594606 0.02791852737499 0.0480128805613116
-0.0587318629865309 0.00751879494467859 0.12957297781074 0.0369661751305804
-0.111224404552174 -0.00893324923036402 0.223532104181275 0.129697363930259
-0.033814522768673 -0.0968905930100799 -0.236362775712341 -0.102522881059318
-0.0664206729422645 -0.07142387926009 -0.173375122506016 -0.0318708494800738
-0.0947772977799629 -0.0022505516275286 -0.0306368974662662 -0.0147748550488717
-0.0583934252692877 0.0569795558062016 0.0260595750968461 -0.0243280980391377
-0.00503164755841916 0.0576566263964386 0.0656683931639659 -0.106811528200312
0.0128387244753015 0.0444580456261141 0.0247186661220689 -0.195156413149813
0.0331615060414114 0.0361186884469879 -0.0265885839680492 -0.227102243604303
0.0371703051519514 0.0326293667055144 -0.0475012036939623 -0.232691262508018
0.0355567382017867 0.042670318047282 -0.0388100483107114 -0.231717351026286
0.0127829021819835 0.0526635284965545 0.00478472440971212 -0.200688970592759
-0.00558722882568272 0.0641565667276578 0.0494997204787002 -0.130263570824861
-0.0562783102718618 0.0660240777330828 0.0024886998947255 -0.0355989375973015
-0.0869730543545432 0.00643546811700479 -0.094490092063878 -0.0377571592378787
-0.0443795537991902 -0.0579303114393552 -0.199055955166811 -0.116768603427862
-0.00679796209282699 -0.0686069139026343 -0.22767787396433 -0.26482509022104
-0.138340921469435 -0.155725266459958 -0.197206826077 -0.0799088881986269
-0.16158966281933 -0.126521264647774 -0.155124000532523 -0.0360872558261294
-0.20825233027556 -0.0193782194132452 -0.0275424621522825 -0.0130331305311292
-0.168817138278428 0.0915463032192928 0.0364409960496476 -0.00488169696366609
-0.0758669608032822 0.131765108461044 0.0812981436140599 -0.0890523492148972
-0.0139776299258618 0.13963985845925 0.0465364009576276 -0.176908953142169
0.0447894821543258 0.137108889333391 -0.00664097431116623 -0.201851134150135
0.0631616754520473 0.119873312079716 -0.0321433491363084 -0.198149692787243
0.0648339006681567 0.136017982907956 -0.0301459394607868 -0.192362831673001
0.0103879750192664 0.151978844406439 0.00978447430477694 -0.165170385453927
-0.0397459047523034 0.154470504561403 0.0513495435878839 -0.0994935869184117
-0.133719132610504 0.148905103848002 0.000705507521405356 -0.00252020974407321
-0.201308515918243 0.049648259930754 -0.105495683354858 -0.0030586364205515
-0.172527626355635 -0.0857720247498005 -0.211722450296103 -0.0783947783515919
-0.133714598708047 -0.143107607617883 -0.234842502909714 -0.208790936635352
-0.225478496144429 -0.199622044959406 -0.135897128243364 -0.029017653235267
-0.243765745266942 -0.172754920021213 -0.113902056355102 -0.0237704809977345
-0.308249188012261 -0.0392770270674119 -0.0168260500632982 -0.0129159759012863
-0.272590911887965 0.115105888558282 0.0371157791508425 0.00775093525826031
-0.147850633073397 0.193444587804061 0.0751832459271412 -0.0630554226330653
-0.0468005725819702 0.21938720125188 0.0527064864989883 -0.132236315839363
0.0458753711471268 0.221096089141413 0.00968035770126757 -0.144618886476826
0.0805589962544815 0.189315088588083 -0.0120499838855902 -0.133506806639346
0.0905529887955326 0.206175931695839 -0.0130514403434914 -0.125753398233365
0.0167766915815361 0.229113241154205 0.0203812144723527 -0.107104447801734
-0.0543114525645117 0.229331271882997 0.0552579282068576 -0.0559810725254435
-0.181001352278281 0.225050888994055 0.0103066764450486 0.0310103016864514
-0.284180047588626 0.104123938534771 -0.0909148541057668 0.0333759937966316
-0.278542475196818 -0.0844175633868283 -0.186440105176326 -0.0325942343518491
-0.245730148000215 -0.18675384761503 -0.196012085972927 -0.134067229623417
-0.284404581596751 -0.21488383742805 -0.0590627036859258 0.0455415033252546
-0.303843162625425 -0.189979961660529 -0.0522246462789459 0.0087120278493982
-0.378348451974745 -0.0414000132805753 0.00457757446494871 -0.0104814719496572
-0.341663908746053 0.137066687782034 0.0308984362621342 0.0145735045023474
-0.19751496443055 0.234671838997797 0.0490657986488836 -0.0281265734636304
-0.071430598452589 0.270814746933746 0.0429908704841738 -0.0639930759888902
0.0432201564112404 0.273113135250366 0.0206141528406021 -0.0624482117180146
0.0864631482824876 0.229548111363113 0.010729805321087 -0.0489570628641778
0.10227245312516 0.243260652734604 0.0112428988564701 -0.0437274978966839
0.0226305718420321 0.269726639969099 0.0377261530580421 -0.034756651572735
-0.0595960352929812 0.270100959282231 0.0617806186164162 -0.00321829386534758
-0.20036960068432 0.267406089165283 0.0258280838279024 0.0614461380947728
-0.323223103962606 0.142043216978167 -0.0577667595805479 0.0610747547865965
-0.336957200672604 -0.0692724051043442 -0.125807266997917 0.00470471103679327
-0.319365570409432 -0.197984778466121 -0.118708444734568 -0.0561300337115645
-0.304236152915379 -0.194432647773748 0.0253583465680416 0.128082146214991
-0.324290436642696 -0.168156573018547 0.0228956104766045 0.0535071517875596
-0.38837033748709 -0.0249673698687067 0.0300465123694247 -0.000963320907555699
-0.347269191911138 0.145970752028222 0.0192247169849182 0.0222987268112277
-0.207379571332299 0.240266885009615 0.012052233333474 0.0172433171425945
-0.0793091645077978 0.278034644602423 0.0235949836586167 0.0198374079295099
0.0364243173532773 0.282004052737876 0.0276893191637377 0.0331504193156164
0.0791782192006125 0.234786473382798 0.0319663983317885 0.043098139585046
0.0937951637467769 0.245606167411556 0.0360855095823961 0.0420532847501935
0.0153500140161511 0.269239349651942 0.0547320896342814 0.0411109607004549
-0.0674362951316775 0.262475079259644 0.0632489911261443 0.0522821451516901
-0.196583000920209 0.251678388464379 0.0367262231065471 0.0841074605655784
-0.308271305520717 0.140450952307566 -0.0202136305654894 0.0734646886356584
-0.332305456303848 -0.0537569533952129 -0.0469051836096837 0.0255017477000625
-0.335378773330131 -0.179953455252038 -0.0183030374855304 0.0130568692747242
-0.279916324882618 -0.13909577895545 0.106695154858099 0.201519408485277
-0.287101178306981 -0.108889938102581 0.0971526188844063 0.0962162635727296
-0.322086539384261 0.0032769376056627 0.0518526462239003 0.0138048321624096
-0.279375314350723 0.129130839737336 0.00579180052741324 0.0325321183100716
-0.171521848862342 0.199598921195187 -0.0231950643069869 0.0643782498889102
-0.0688912639682343 0.236220942337986 0.00341838326414785 0.103252137059138
0.0272218246965983 0.24384053726489 0.031926428118575 0.1253415593412
0.0595082713292092 0.204588946279141 0.048302363239814 0.129423951496343
0.0657494453496059 0.213850252571085 0.0528543140679098 0.120191808026383
-0.00400699972832235 0.228269290905244 0.0594131231671948 0.108459625359221
-0.0783562829281354 0.209136789711693 0.0499521986742884 0.0977468502542537
-0.172970649032848 0.181927859488812 0.0328311760527798 0.0941786619487961
-0.248460640644486 0.0977687340725046 0.0075476564178971 0.0729196952216667
-0.268479790769068 -0.0428991262221257 0.0286180072874964 0.0322533945446143
-0.294686983995714 -0.140075483296652 0.0817090671509231 0.0665881771748326
-0.209520846933298 -0.0625357131056923 0.170877008543201 0.249838821057175
-0.194799082234913 -0.0333098247187661 0.157669932345441 0.122591308848934
-0.195325971769074 0.0248617619530649 0.0693185006468532 0.026416394018951
-0.161542198239252 0.0842222122140872 -0.00245633972984763 0.0378485339908681
-0.10840813566297 0.120623595385455 -0.0465573331340823 0.100120310573208
-0.0483268102089792 0.153394390415923 -0.0100607983056102 0.168118952845965
0.0126997885526783 0.167309496449132 0.0359220385645661 0.195780954213538
0.0300368351418597 0.144076991148935 0.0576880963742127 0.195906888363236
0.0278547394936057 0.151253984655625 0.0554776191924403 0.180704711735561
-0.0250763029299516 0.155270344628588 0.0436874074337678 0.156972408991232
-0.0784560907217543 0.126210806847278 0.0182994955762821 0.12421208307495
-0.123975211001828 0.0860779804715676 0.0130194155288617 0.0879452538153635
-0.151517259317138 0.0416312990282873 0.0220803159106323 0.0617978775665336
-0.167361437032635 -0.0262562933977295 0.0871148600588926 0.0315729986045823
-0.212361744819194 -0.0799402416322298 0.163918301782422 0.103536557309798
-0.102272140734519 0.0193668843995706 0.209687523473179 0.263633937731845
-0.0667107994809627 0.0335526997457741 0.200769437906598 0.127309417969208
-0.0438412979372569 0.0267464207408098 0.0834366659156768 0.029518373270016
-0.0334490474214584 0.0169119174299126 -0.00524742811112055 0.0324344227922365
-0.0402557376467913 0.0234775539064678 -0.0567704023393856 0.117697571760407
-0.0278663463781134 0.0489822381190668 -0.0144170965566699 0.204466977084836
-0.00826190065287659 0.0661284854103219 0.0382260731250627 0.235061445494684
-0.00354520135945548 0.0621947636849986 0.0580435620379822 0.23223661196668
-0.00798867687505782 0.0667167998049073 0.0439128025473294 0.215953678525498
-0.031546450026097 0.0633104460085019 0.0116574070580044 0.181295660507218
-0.0551921889710538 0.0355607861769963 -0.0240018947983156 0.127327656190005
-0.048944298969534 0.00058475920352911 -0.0114602335023918 0.0667709186842468
-0.0376715198049217 0.0026262965665427 0.0299774212183519 0.0450901112261545
-0.0562446185651207 0.00856894475128507 0.125259182646393 0.0327197577998935
-0.107779279051315 -0.0048313677812656 0.217066799064534 0.122119379571567
-0.0506007557323835 -0.0841599900396997 -0.253512836131913 -0.0645477721550849
-0.0765110651831036 -0.0522261715562547 -0.178960353266345 -0.00361054350652507
-0.0891308593665882 0.0180422629216315 -0.0386314621426829 -0.0148286307029529
-0.0419289842468683 0.0656290123994281 0.0154491087779065 -0.030369798710257
0.006089809242641 0.054371984512806 0.0421048933694272 -0.114088547080578
0.0189469763161731 0.0397276421307176 -0.0133699408187694 -0.193291618509807
0.0370439714292233 0.0263327137900976 -0.067709149362785 -0.214150198135194
0.0396757291140659 0.0236615352877906 -0.0895321668012849 -0.218620259764932
0.0406246088456478 0.0324569013336294 -0.0831244881868662 -0.222403970275859
0.0220254202066496 0.0467039679627699 -0.035237722206022 -0.203017087190551
0.00655544711263311 0.0601393271815252 0.0224283450425022 -0.140646271740618
-0.0411564794260757 0.0727704853092041 -0.00359153101816993 -0.0380243910922368
-0.0815860304948384 0.0209285618540903 -0.0999468263064164 -0.0214653104225262
-0.0551891664199073 -0.0510499315090541 -0.217477091022496 -0.0709630865604534
-0.0222135770099744 -0.0706409646905224 -0.272482591390413 -0.214968263082751
-0.157136694141635 -0.120207940806551 -0.211567324147662 -0.0572095424681525
-0.17685709512672 -0.0853903255948923 -0.1623156259413 -0.0166563699487215
-0.198917081080635 0.0247306602219449 -0.040378845002483 -0.022090764116341
-0.138096190394642 0.121811633562315 0.0232705139901207 -0.0200462819206597
-0.0467808214164157 0.13905023777995 0.0541273078795531 -0.100465055431278
0.0117831886112994 0.135349486883951 0.00594042036312235 -0.178462126056568
0.0687739246696168 0.118585846223028 -0.0502988339164825 -0.189855129297635
0.0798430581342567 0.102067189628594 -0.0689655827328698 -0.187437565505581
0.0857399376002004 0.115409981826512 -0.0666479322408012 -0.187189542321252
0.0377327121082292 0.142288168117198 -0.0251308696787411 -0.170490277313823
-0.00954657143085997 0.15182807924511 0.0296705810680935 -0.11182894221785
-0.0995712986218118 0.165115570262435 0.000585380897372889 -0.00752236601409098
-0.181811134273075 0.0830675059261197 -0.103964274009291 0.010074356051064
-0.184702797784831 -0.0519420734796544 -0.216529344765744 -0.0337648298508886
-0.159700751865205 -0.117423686697403 -0.259841459824653 -0.159511102744783
-0.24419971419928 -0.146085912926301 -0.142798475114047 -0.0230500504267808
-0.263194778621462 -0.114706174088773 -0.120078941789477 -0.0166495296831785
-0.296734417033545 0.0259404800554146 -0.0332393574480957 -0.0313011169049472
-0.230075514173378 0.166038224459898 0.0206712942770342 -0.0152493409554981
-0.103183305044297 0.211731621015134 0.0463870903907089 -0.0752863619594343
-0.00402935412846674 0.217013896318527 0.0151337030375292 -0.135200875180894
0.0882458389750364 0.196917075078251 -0.0297662681858438 -0.135493007650963
0.1089333861963 0.164808999354539 -0.0376234526980133 -0.127646908357568
0.123012722258118 0.177495581708626 -0.0376671559447565 -0.125966452061925
0.058426278566276 0.215403264869658 -0.00455175598209615 -0.115795350658479
-0.0105512372859821 0.225854521034357 0.0415888340984955 -0.0704892660444355
-0.130456280899203 0.24723048662608 0.015896626841576 0.021858793815917
-0.250257039824807 0.151594218815139 -0.0835568677565118 0.0395488009236327
-0.286423978027606 -0.0291968920212854 -0.177019390971511 0.00319889806907842
-0.277353732963488 -0.135927309146475 -0.200946333759413 -0.0936642036405393
-0.302002711002928 -0.149470798523303 -0.0530771167110028 0.0344758221873065
-0.324740440703746 -0.120960932185069 -0.0530881181783147 0.000891611718473656
-0.363195070646597 0.0374578234572934 -0.0155868447114325 -0.037884628726977
-0.290021441046106 0.200913749664818 0.0112311782056632 -0.0116568354584448
-0.142631051902501 0.261646146855281 0.0225405495723979 -0.0362717754355254
-0.0174060632059492 0.271420940736185 0.0145972943939631 -0.0663373044583725
0.0965475137720429 0.247347790558997 -0.00790941048042482 -0.0561581408940121
0.121585654007263 0.202829820070138 2.59938229044009E-06 -0.0490309047703541
0.140895869270109 0.211211309744276 0.00155799632455111 -0.0500056802735788
0.0716764481982225 0.253931569650838 0.0259308157436671 -0.0478848536470074
-0.00875054706456982 0.265828305145596 0.0579295682881468 -0.0194145063258597
-0.140695542410092 0.2918172357402 0.0364795343093782 0.0474078388519401
-0.278704004592077 0.19499794508612 -0.0457759344704601 0.0575289922886603
-0.339359845538422 -0.00123118464650784 -0.106479955843589 0.024922963163609
-0.349491636360836 -0.130436265494064 -0.105237159905909 -0.0328001465075152
-0.316247016072136 -0.12751282179001 0.045409743873553 0.102585103137494
-0.338114004435899 -0.0966380019737858 0.0290365068474927 0.0320399523230232
-0.369018912000049 0.0544050739846863 0.010340491434209 -0.0328808429986648
-0.294920006170976 0.210903577935591 -1.28798138407979E-05 -0.00211586229714347
-0.150265018893499 0.269490006663401 -0.00655327182887031 0.0151249557675494
-0.0230853160111643 0.279417134908968 0.0101426668729865 0.0194454929599675
0.0925826869783591 0.257373061087469 0.0151451909588034 0.0357139806320981
0.116106128607131 0.208964842972397 0.0380018904714886 0.0372087546382383
0.133993328711034 0.215040433776095 0.0423844774544117 0.0303058334570906
0.0648571983633418 0.255456675399796 0.058514747168322 0.0238094806287657
-0.0168139351762368 0.260763776586773 0.0709093810432264 0.0344982227567626
-0.141022921723251 0.276854125422782 0.0519695425946736 0.0678767638534391
-0.265618612718591 0.191523605038649 -0.00549545431180021 0.0621646363838871
-0.331130254395086 0.0141977202627886 -0.024250675001583 0.0282408777637541
-0.361085686861936 -0.108623115330836 0.00705143152271823 0.0149785657648355
-0.283353110610815 -0.0803678536331786 0.139786301897529 0.164369121517406
-0.291066501094264 -0.0489767887460233 0.109994922540818 0.0637544871348448
-0.301832036990605 0.0671321533248753 0.0365461844968059 -0.0171630544060194
-0.235519625985456 0.181407365331978 -0.00772752547881859 0.0142729212522365
-0.125081847361325 0.224581489650847 -0.0295905732657975 0.0682454013921368
-0.0200473323906018 0.237659503568753 0.00799902551021641 0.104825517172666
0.0768385628253257 0.224549613038484 0.0382523721713219 0.123504045475687
0.0927097269861513 0.184556831229652 0.0706368192860198 0.118610264250152
0.102039986365131 0.190400909864945 0.0744729390388073 0.104842002465571
0.0380946017133996 0.220064888840043 0.0772138446721554 0.0905885935188071
-0.0364241196197441 0.212843481747041 0.0676497887744494 0.0822177438101291
-0.13111230609391 0.205933647300295 0.0509231214624753 0.079375886947713
-0.216646136251619 0.140024108467691 0.0229103921169067 0.0584778987005847
-0.266928223826121 0.0126972939593282 0.0486933427981005 0.0197497697692166
-0.312096712457393 -0.0749227780335865 0.113045783199621 0.0484842619753248
-0.203738390395641 -0.0202166649134876 0.21362870851205 0.20668562976052
-0.189041591054681 0.00417408882514427 0.175915231333202 0.0839521657823614
-0.178465704934402 0.061481236163921 0.0611749097085925 0.00166760494828425
-0.134059342134459 0.113474147401078 -0.00837990143423684 0.0284473965283449
-0.0798264724346008 0.137431213604426 -0.0394760245317203 0.107817415992466
-0.0150425945799184 0.155688084588247 0.0117803824687664 0.170116102262073
0.0484266038106636 0.155015434750915 0.0591675492145224 0.189399477789525
0.0544570717959183 0.131724456238735 0.0921961846718436 0.181672201226915
0.0549289769763522 0.138547175644198 0.0886666180499074 0.165722590505573
0.00527185694371035 0.153973704030984 0.0728417059469423 0.143728486523239
-0.0515594088596638 0.134664751703571 0.042296314648373 0.115862086350064
-0.103130271767049 0.105906986437528 0.0315734570485267 0.0802307690730249
-0.135237084936762 0.0688707106663866 0.0364890361219588 0.0489758790932895
-0.165734343847205 0.00975379191996644 0.101236624372152 0.00919167134991101
-0.218867772380651 -0.0324529057317814 0.194474366881448 0.0688395189930094
-0.0899250929137139 0.0369106276891632 0.256090311516548 0.223106083266182
-0.0554963269598358 0.0426027405031392 0.221015170627369 0.0884365121105166
-0.0358460888899092 0.033151283212461 0.0831991793692757 0.0115391239486378
-0.0280370452283098 0.0228004917376521 -0.00343561404459317 0.0314190248853018
-0.0336941471935724 0.0319429349017475 -0.0385182478558852 0.12667506890597
-0.0149447624750472 0.0527417938940958 0.0195820295381794 0.204822660560942
0.00817691195374081 0.0641164923430929 0.0745284773395952 0.224370187854237
0.00862727619633743 0.0603859178403555 0.0999926010919707 0.216334102060652
0.00536587714191091 0.0663437087849219 0.0848898777282325 0.20442894187784
-0.0184010142858993 0.0681720665289651 0.0477199887725594 0.175951347316648
-0.0457752246364132 0.0449033849502043 0.00229270149734799 0.128825473215909
-0.0475453366830838 0.00984821724465261 0.0040903598442587 0.0666584058082282
-0.0349301121728551 0.0108494385165072 0.0409456319949026 0.0358270584480956
-0.0508085982308177 0.0210320384004583 0.132435804796394 0.00307411246604867
-0.102344755334724 0.0203967961884096 0.242456139495741 0.0761734145199207
-0.0527893528557287 -0.082821090419816 -0.255722530152065 -0.0638391878626407
-0.0773458371427742 -0.0510275225137959 -0.18010519398737 -0.000690006060107325
-0.0885877733476989 0.0212040941956832 -0.0414417872327687 -0.0146787129255679
-0.0399916055808886 0.0676549103017851 0.0150808499336376 -0.0301001853631941
0.00783665965657206 0.0552172268974766 0.0420617973147595 -0.114557275323614
0.0208408298375714 0.0404613042609006 -0.0166399207403822 -0.193388304510439
0.0375366874140274 0.025508017852763 -0.071488547298538 -0.215451030183051
0.0397619230832058 0.0228320869586879 -0.093967278044241 -0.220761925559859
0.0415448665592692 0.0319705994897179 -0.086190795484138 -0.224266087783545
0.022277070047114 0.0474497363544661 -0.0373316654221017 -0.204579364145725
0.00714296247108382 0.0609159988927656 0.0213505967816494 -0.143301473565204
-0.0408004366638291 0.0739123741628115 -0.00221504807891833 -0.0389583618010819
-0.0826025163258446 0.0221621316957176 -0.100747736220669 -0.0194072586305411
-0.0572684716727141 -0.051059929780754 -0.219005772449461 -0.0677531980730136
-0.0243597818202523 -0.0710329514710072 -0.275857393055791 -0.213032331499204
-0.159021977677232 -0.117838094138506 -0.212844793438284 -0.0566859490785382
-0.178404835845007 -0.0832944433126825 -0.164342651863793 -0.013905880445045
-0.199368614224176 0.0301708171057518 -0.0429801383947575 -0.021608573038229
-0.135979322182019 0.126190710532701 0.0229620054423132 -0.0199730463504022
-0.0440382305303973 0.142064554176656 0.0543468715607934 -0.102494410248718
0.0152335818254302 0.136168153359101 0.00254468436924213 -0.17981286199426
0.0708394004771992 0.118238461596469 -0.0521216521165355 -0.191884075338662
0.0813365160398564 0.101278201174702 -0.0719310813773084 -0.189005036404249
0.0889981477143407 0.114548571202593 -0.0695745381055541 -0.18837223265652
0.0400407901726218 0.14452084642585 -0.0266987796653998 -0.172208974598581
-0.00741980795523545 0.154112860987704 0.0292272420662751 -0.115080590078519
-0.097221924789233 0.168693957618595 0.00259627837942817 -0.0086756882136148
-0.18335440094726 0.0871458639037143 -0.103454389723649 0.0131812277290511
-0.187968146181605 -0.050384206318708 -0.217495166229947 -0.0288058173300435
-0.164134694868593 -0.115025687368196 -0.262357259744887 -0.156312157437492
-0.246010047763044 -0.143482016125023 -0.143446849176014 -0.0232007929714461
-0.266378232168195 -0.111954540865287 -0.122480154082373 -0.0146944813732768
-0.298154622411348 0.0327225368246309 -0.0361242601220511 -0.0316794585561067
-0.227995285363944 0.173161063281884 0.020606260956319 -0.0147116946674374
-0.10027825506385 0.217366716894861 0.0470409810373638 -0.0781464602363053
0.000569411467202969 0.219351349796495 0.012321967109966 -0.137719859493237
0.0919158425856456 0.197274511097806 -0.0295654046651175 -0.138120216603592
0.11178252703527 0.163774116176423 -0.0399600328173096 -0.128986537441956
0.127229227056874 0.176389487033139 -0.0393088028731642 -0.127127213573576
0.0625893812024126 0.217603462910179 -0.00544106099386948 -0.117618584647904
-0.00673285166673431 0.229115930970438 0.0418030529108731 -0.0743414137821783
-0.127612106289619 0.251900393624787 0.0184089596065381 0.0199672111005913
-0.251538347123938 0.157253608220983 -0.0818018901429615 0.0421213993278392
-0.290670588569632 -0.0252400686510975 -0.177821996405935 0.00763572631500317
-0.282510402808223 -0.131483458690382 -0.201314139480586 -0.0907517839007457
-0.30291589529315 -0.147198727104822 -0.0528288986928458 0.0338196780996898
-0.327962494474799 -0.117351414537379 -0.0546979386080624 0.00246254169830357
-0.364788788207845 0.0450112883534493 -0.0182315791803265 -0.0380734490053556
-0.288488883920346 0.209778762549134 0.0111980317797904 -0.0117649817259704
-0.139492347931343 0.268566286365525 0.0226952823853556 -0.0383806530391822
-0.0112494400764091 0.273644808119958 0.0125605228691061 -0.0683637485657687
0.101501484689424 0.246982667742307 -0.00574176535551918 -0.0578934950594042
0.125643442196221 0.20100372003423 -0.000309811848596649 -0.049303685385239
0.146516655035869 0.209300728204312 0.00103554761930609 -0.0511688626906228
0.0770054345587332 0.255579462997299 0.0266683956539443 -0.0496774955474832
-0.00370141761320256 0.270058257768898 0.0593383365174457 -0.0239301881029478
-0.13663574626667 0.297449363440215 0.0397204070291519 0.045025796171253
-0.278484874477378 0.202522327968893 -0.0432534652194344 0.0585862257666224
-0.343387901340355 0.00413055644530377 -0.106198627384749 0.0279406416483071
-0.354371564636658 -0.12359200597203 -0.104459576020748 -0.0312652083869641
-0.317052814556483 -0.124747330334497 0.0471981186381722 0.101518624637687
-0.34271968627933 -0.0935528757372543 0.0287583385534836 0.0320741312947306
-0.37091296982765 0.0608100356696556 0.00747684359387348 -0.0334520063506109
-0.2940952632072 0.218912968941862 -0.000329310578363333 -0.00161000444808758
-0.148537510436627 0.277803518216123 -0.00655427837051788 0.0136820726687725
-0.0175348040445698 0.283169387008002 0.00899887647979123 0.0181203469724383
0.0981987936565173 0.256646109568174 0.0189825534292001 0.0347252007732224
0.120084308543734 0.207656152499537 0.0396236317073474 0.0375370240315348
0.139463787605785 0.213516221872415 0.0433963494553355 0.0295124750338558
0.0708065896708565 0.25652799523675 0.0595548448411303 0.0221488882247332
-0.012227283643381 0.265315745754291 0.0731500009494339 0.0300532079638243
-0.136639187735601 0.282532357595569 0.0552497316498298 0.0648239027220683
-0.265662073548948 0.199407692589462 -0.00207812353530863 0.0626265758530146
-0.33406630396188 0.0192564207930675 -0.0240109005188859 0.0293415150581272
-0.365082809475348 -0.100791230184488 0.00886400310514547 0.0158970981389187
-0.283142072463204 -0.0786538571172363 0.142658173666112 0.163963004670579
-0.294970057603444 -0.0463068032767555 0.110858185615373 0.0631910037193905
-0.303859489574245 0.0733400001892017 0.0349785770166672 -0.0179914983005475
-0.23464036189094 0.188302664649139 -0.00839366680155926 0.015094188862538
-0.123501184246297 0.230852568634687 -0.0294354230717829 0.0683267542234623
-0.0156575914438107 0.241323582196038 0.00811504764203287 0.104036877039054
0.0817147532534149 0.223131842422597 0.0430338139301112 0.123492611927305
0.0957713694529497 0.183709350533979 0.073478427498322 0.119698113558693
0.106503155427149 0.188930047539143 0.0764494434844195 0.104887817176577
0.042838633062906 0.220827362279239 0.0794072134537741 0.0895457847776463
-0.0327628465105847 0.216880393019532 0.0706851046429978 0.078950890798262
-0.128215018918709 0.210393774296541 0.0540624524344933 0.0766840117466718
-0.215546369577379 0.146036914446382 0.0258532768310752 0.057880666693091
-0.268318299808896 0.0169144854349438 0.0484905867061463 0.0192324348410442
-0.315039261451448 -0.0679740333135231 0.115204128658929 0.0479138900417114
-0.203566774947864 -0.0193058960186485 0.218071200489078 0.207338216323282
-0.191016087990373 0.00630228986634709 0.177481174703347 0.0831337869121993
-0.179220115250492 0.0649948066422026 0.0605283520794015 0.00074367544406479
-0.133712447983211 0.117533039308154 -0.00935619084325584 0.0290827579892175
-0.07944665887775 0.141820644386897 -0.0396867313052731 0.109117539136214
-0.0127877366167576 0.157594325925242 0.0125237932670355 0.170547781226507
0.0512006194970097 0.154489210360017 0.0648771987417295 0.190991671648631
0.0575800822219207 0.131490514650635 0.0968753850459129 0.183214909155521
0.0581546890672108 0.138196511655389 0.0920509659758036 0.166186858646957
0.00830215874023981 0.155355662746199 0.0756376463070518 0.142786360672539
-0.049457930626206 0.137658941175896 0.0449343801923677 0.113703790404792
-0.102256035004256 0.108850739330372 0.0344184089005301 0.0782445614236637
-0.134629898890751 0.0724188461785116 0.0391675860361267 0.047705688758274
-0.166296016464548 0.0121933190725167 0.101338410121237 0.0074913402453951
-0.219702213571429 -0.0270787902355831 0.197035266812851 0.067232152176409
-0.0887370177763196 0.0370457481825839 0.26063275611547 0.222664520334677
-0.0553134408754177 0.0427639042579721 0.22294741200569 0.0856826916318363
-0.0360698838522284 0.033734728193085 0.0827829802844089 0.0100395914790396
-0.02799702767457 0.023853876924242 -0.00477030719367643 0.0318254500612341
-0.0345524993056003 0.0331637952445057 -0.0392945263696015 0.128561919932612
-0.0145825316349654 0.0535708912846158 0.0215069078290417 0.206121104659515
0.00949412542654099 0.0640869650018486 0.079495207954391 0.225950787564762
0.0101354538552041 0.0601672866991705 0.104653189537677 0.219296733550874
0.00694635924016829 0.0661814709471039 0.0885978784182417 0.205622327499914
-0.0173852239225702 0.0684356609299605 0.0507985346632132 0.176478017775332
-0.045266611784482 0.046469148177387 0.00426296128315127 0.128612606581445
-0.0480626101459731 0.0106277278322273 0.00563075317096947 0.0659174824526562
-0.0347020477603198 0.0115287030938545 0.0433058252212301 0.0347483885946982
-0.050436574718277 0.0224303476657933 0.132924171469405 0.000664635499703879
-0.101875222343406 0.023573900856349 0.245473647106755 0.0741118563547515
-0.0568007387008087 -0.0801837158744258 -0.260077383575846 -0.0560214351556182
-0.0794878778323338 -0.0475157117961346 -0.182367165669532 0.00721368147921783
-0.0872741625988295 0.0265083073021924 -0.0439150791237245 -0.012378794680542
-0.0366422286366195 0.0708777925793618 0.0134952460932476 -0.0297255227514377
0.0113748699923431 0.0554278245774108 0.0382797618363347 -0.117747891687066
0.0240009146803333 0.0396795864750451 -0.0247062922666162 -0.194035374422711
0.0385000132160736 0.024273963461024 -0.0813295797104711 -0.215155447316768
0.0409603578616849 0.0211857815744319 -0.104095234899002 -0.221332551802366
0.0433679900019651 0.0308825726456535 -0.096001431932189 -0.22462065989287
0.0249241449297052 0.0483160537770789 -0.0457767045067006 -0.206070107559464
0.00966022263356455 0.0617148276409764 0.0165806355002085 -0.147045918816491
-0.0378280964588261 0.0765959972088671 -0.00273034347916597 -0.0400256133635572
-0.0832421490365938 0.0258837117174823 -0.101294042156282 -0.0141802631366842
-0.0609199183554363 -0.0498255638960262 -0.221963617275371 -0.0572093194997665
-0.0284981428179687 -0.0705481256887949 -0.286791440772287 -0.204312298546719
-0.164281925701756 -0.111887977865151 -0.216928257158926 -0.0507067399124248
-0.182825657716449 -0.0763876773883861 -0.166667057616124 -0.00647726909785311
-0.198911359072232 0.040954285604862 -0.0462286174009749 -0.0197573582859125
-0.130253351972143 0.134437973714291 0.022174519202062 -0.0203031924209551
-0.0379343799291153 0.146430968687284 0.0512272382099416 -0.106557895726128
0.0225123495493742 0.136967976977384 -0.00570966393806562 -0.181608752336907
0.0765519095736077 0.11589685088562 -0.0597023554626836 -0.193874263687263
0.0862863641823453 0.0980765823861409 -0.0811079762172262 -0.190112851013944
0.0947712946495626 0.111447189119257 -0.0773926173268785 -0.189583500275455
0.0470141065381986 0.14510528205766 -0.032762214587622 -0.173691601429037
-0.000945919211649838 0.158107432165381 0.02573782726856 -0.119655623315643
-0.090989646856844 0.175148090350637 0.00377831036846163 -0.0103594805958186
-0.18229440134226 0.0962441173682996 -0.10289062377515 0.0185599441435208
-0.193627211761862 -0.0429593722272916 -0.219804654437954 -0.0187083045529798
-0.171596139188199 -0.108476082539783 -0.269911655823782 -0.14772989784639
-0.252884268349445 -0.134627304001328 -0.145605406495195 -0.0194674954559493
-0.273079176490529 -0.101031171496433 -0.124592870953844 -0.00922097341465542
-0.298144642020674 0.0484913189508889 -0.0404741769954793 -0.0299327254791712
-0.22124925004324 0.185991542832266 0.0198680946295162 -0.015394044301906
-0.0917595416404615 0.225674628007863 0.0446914915697851 -0.0815244854424375
0.0122981437261534 0.222246520459785 0.00495574801363088 -0.140121600924707
0.10163614581313 0.19490740484782 -0.033725357362153 -0.140416625525947
0.119202403364734 0.15990433946764 -0.0448943827272829 -0.130316525673697
0.136602403517683 0.171329542768319 -0.0451528566199353 -0.128139092664862
0.0735605117513241 0.218185871952034 -0.00938547777020794 -0.120040177578367
0.00386913003580674 0.233971460865152 0.0396243744756199 -0.0803005894802707
-0.117325075336384 0.261401584444889 0.0209075094405962 0.0177747476214304
-0.247511260238856 0.170947448977259 -0.0789072785501666 0.0464409517238818
-0.296089183965092 -0.0135903494872567 -0.178104234554836 0.0165392545695784
-0.291760055899935 -0.118946282070475 -0.205213200584622 -0.0839587698358647
-0.309888995320104 -0.137265350088226 -0.0519246906318905 0.0345963847654431
-0.336005147212488 -0.104755614625979 -0.0559897412775952 0.00534534714071899
-0.366530551851724 0.0635089208800767 -0.0225726767378925 -0.0372460651059337
-0.281374543643932 0.226282793914834 0.0103218968184045 -0.0115999963060566
-0.129227212431443 0.280898428252805 0.0214868064187972 -0.0411452018862501
0.00174647162155504 0.277713688838463 0.00759056287688086 -0.0709007133076855
0.113137410599763 0.245030148978601 -0.00584949585076035 -0.0604715757441456
0.134874963342475 0.197160655148953 -0.00172974912412966 -0.0505542043750193
0.157212333281517 0.203800595304925 -0.00122375440122991 -0.0522261084814205
0.0896864545807629 0.256798940239356 0.0257122757720273 -0.0528967637966147
0.00840635189988994 0.275492238554445 0.05962941840268 -0.0306434525744452
-0.124629765135612 0.30732685243518 0.043563288313152 0.0414684605297721
-0.273937215444414 0.219118002036467 -0.0387283807617355 0.0614111089432582
-0.347727182847311 0.0192714390465142 -0.105368022661897 0.0336471537049497
-0.364069136563131 -0.107252139863773 -0.105088743217541 -0.0269340709448071
-0.323095750264158 -0.114832428154262 0.0519850362802974 0.0999634784404433
-0.349618943003336 -0.081156657862993 0.029503323344176 0.0315743368167684
-0.37227502117798 0.0811018515457559 0.00395499707777838 -0.0344147909083676
-0.287521055113677 0.236597466599186 -0.00088231824081399 -0.000647856138048401
-0.137929911309659 0.289763928527212 -0.00657073474552861 0.012892706874012
-0.00350157468702447 0.287623315701357 0.00760551818234916 0.016756195328779
0.109961696946221 0.254784530586477 0.0231533991108751 0.0324782148375286
0.129872216948053 0.204087771912707 0.0425722081164436 0.0366456741984287
0.150435075336389 0.208033892114144 0.0448759898630089 0.0276285089394905
0.0838264871347275 0.256836414242903 0.0621810184729376 0.0188534270559059
0.000366354238366492 0.270556553671094 0.0755737765151464 0.0233361337126031
-0.125099896849405 0.292275065189207 0.0596957848910312 0.0605926086046225
-0.259570736068656 0.214302970623856 0.00262677324257196 0.0625523644400809
-0.337082579203703 0.0339546829148229 -0.022905877724197 0.0315981148555507
-0.371232854526563 -0.0830949689378949 0.0112962642247637 0.0156448463248315
-0.287527596440815 -0.0702556788580633 0.151038650520086 0.159867520962892
-0.300289496845025 -0.0352360978120602 0.114145413300222 0.0591652846073797
-0.304093041235068 0.0884660601611308 0.0325589847353989 -0.0198807417320393
-0.228963873216052 0.201978272206164 -0.00860955243258549 0.0162826405607719
-0.115373086256442 0.242270936325523 -0.0283347831250663 0.0697403119313453
-0.00478325730102706 0.244759818786052 0.0103135323726881 0.104642552330698
0.0925335144746373 0.221425162704671 0.0513929571586204 0.121760998577829
0.104837897509081 0.180588158129269 0.0809753349168227 0.118498842155497
0.116067791973385 0.184850789298599 0.081501383534511 0.102876806909246
0.0539713707876787 0.221788034111039 0.0847764245960802 0.0859430193040234
-0.0226740982397367 0.221698870649586 0.0752017369107536 0.0735860839764137
-0.120042535607633 0.218662720706001 0.0586987511460822 0.0732011148218616
-0.211274244189088 0.158169574539766 0.0310891464628366 0.0560466793765408
-0.271110769733858 0.0288757190396453 0.0499627527780539 0.0176702664547506
-0.31939059025503 -0.0529155859029369 0.119467091079234 0.0440558213162011
-0.205036188816212 -0.0135735731108457 0.228910481325434 0.20151741554606
-0.192587951210288 0.0132232034873315 0.182258771724625 0.0763149947466541
-0.179440696778316 0.0743567792621879 0.0598258030807868 -0.00194356880461359
-0.130867813426664 0.125322915106692 -0.00931220176756554 0.0304471103032801
-0.0755048878344831 0.1486081426738 -0.0372093689530876 0.112378045825038
-0.00579847707228639 0.160470120594427 0.0181527715387893 0.171578450029677
0.0590447179875928 0.152776915900372 0.0758227300377116 0.190320038437768
0.0636664022267956 0.129506044885864 0.106936419613239 0.182480301558326
0.0650365457001009 0.136494184612937 0.100209910097162 0.164497279642142
0.0160243000287464 0.156367326491692 0.0825274542113708 0.140268986120439
-0.0430419109721219 0.141997464180726 0.0506894340513454 0.110034677865829
-0.0979906909267823 0.114399239148507 0.0387226918451325 0.0752816244514112
-0.132902537525871 0.079822889021788 0.0433067042979566 0.0449304030300265
-0.166643744580883 0.0193377293425185 0.101318080567766 0.00351340922955926
-0.22200959447151 -0.0162073045316683 0.201758295092021 0.0606914280760216
-0.0871633284742544 0.0393133949673173 0.272202604656038 0.21652571159384
-0.0543953893750473 0.0454446309294409 0.227660436402223 0.0772640224259007
-0.0360734823318704 0.035547168327615 0.0833257209532907 0.00633661148844607
-0.0284012947097079 0.0252392504789371 -0.00457562233792468 0.0330221045563497
-0.0348689985118779 0.0358098181551565 -0.0361490149555821 0.133071873159857
-0.0130477597728906 0.0551568059691672 0.0294830147079415 0.208343457373008
0.01242054247988 0.0634370492860944 0.0913421630968578 0.226688351194983
0.0127515853103789 0.060342940771692 0.116330786886837 0.219166463951302
0.010156400420321 0.0659232561579857 0.0979225306258679 0.204712759551115
-0.0138501670433821 0.0700243843618464 0.0585846174634567 0.175319878752888
-0.0431627516970664 0.0495283738628959 0.00988507039263438 0.12800493065827
-0.0486431235139951 0.0131863459595791 0.00946189357253673 0.0652068276247815
-0.0341946299610035 0.013784444636162 0.0467421873518086 0.0312199596745849
-0.0494342078428293 0.0241976594490483 0.133031111149714 -0.00486377510758756
-0.100177822447187 0.0288435057823212 0.250111317624336 0.065817466640088
-0.0610478441182618 -0.074126763413458 -0.258929719197922 -0.0410279008056142
-0.0798955958705954 -0.04209125797656 -0.178988236337188 0.0192364259150129
-0.0822961613412748 0.0325369089729321 -0.0466021953138992 -0.0085103559284634
-0.0304381343414026 0.0723749003475372 0.0112522936623715 -0.0287418666974088
0.0160464794884908 0.0539888593201878 0.0314172443928464 -0.118529640905766
0.0271747586091403 0.0376574883248047 -0.0363486919705518 -0.18889927302974
0.0396169667391892 0.0219654652403808 -0.0937662804989496 -0.207755063235695
0.0412991930333272 0.0183514395074429 -0.117181653804178 -0.213385761547214
0.0449889078299007 0.0272363596397454 -0.108351363700682 -0.21631496939454
0.0270902065118405 0.0465639647658184 -0.0572686310517152 -0.200963891814884
0.0132961710577658 0.0604892453579251 0.0071320314733703 -0.147174202894827
-0.0328676072898511 0.077945922321792 -0.00389882036879966 -0.0401319530119102
-0.0809476891437693 0.0307927695453795 -0.100230579918886 -0.00700886269975361
-0.0640563602936001 -0.0449901272605791 -0.220210381762389 -0.0425147733148975
-0.033149361358553 -0.0671568095622763 -0.293214660316555 -0.184933938743517
-0.168078320229224 -0.0996982431708591 -0.216302821235199 -0.0390851642664026
-0.183087918139664 -0.0639908014518351 -0.164628944517999 0.00464331420021637
-0.190683255340831 0.0537698249740967 -0.0485374330982456 -0.015575303943881
-0.117971659219818 0.141484560252067 0.0205170018945283 -0.0204836681945229
-0.0272250554298516 0.147474738196302 0.0443955545676742 -0.109100993304959
0.0324427629449431 0.133372804698728 -0.0175596552054739 -0.177935293799771
0.0826299349414373 0.109717247397172 -0.0705389338086849 -0.188494958811795
0.0900548830270345 0.0908159360855584 -0.0914688903123391 -0.184687787498346
0.100560366335727 0.102932337095476 -0.088171545219357 -0.182449543574106
0.056382085496122 0.141122953948181 -0.0429387114082802 -0.170228302298506
0.00950190147963961 0.156214753149553 0.0180546169978468 -0.122221724435527
-0.0778802196822746 0.178582240932663 0.00428921251734029 -0.0112803217094174
-0.174388383782893 0.107249094206681 -0.0983389284504776 0.0251919506685604
-0.193806541528765 -0.0305465447395946 -0.215610375903204 -0.00460363857656385
-0.175998946746232 -0.0944852200554011 -0.273007745059601 -0.13001722647911
-0.255220060362836 -0.117694566936497 -0.144613988984961 -0.0127280845568265
-0.274040620377251 -0.0836859522896883 -0.123271440925967 -0.000848995593194899
-0.28829474145804 0.0680498628191779 -0.0439719450705465 -0.0262286187166827
-0.204682356585831 0.198658638624669 0.0185905225365813 -0.0155395466818799
-0.074544447074947 0.229738332583279 0.0385917481689926 -0.0841571158089624
0.0272084397774357 0.217299075937861 -0.00555984747920305 -0.13853183370921
0.111918061051774 0.185703834784899 -0.040882355781655 -0.138119236346711
0.126996443934725 0.149869546445026 -0.0525675743650224 -0.126865959124416
0.145762390208146 0.159298022099641 -0.0522172449027371 -0.124374261604479
0.0871991365776954 0.211261471596058 -0.0155420746878747 -0.119324993617562
0.019104121378955 0.231950598073385 0.034530714879019 -0.0847651420953857
-0.0987349032844204 0.264815656521782 0.0225549280398464 0.0143833715185574
-0.23416616988284 0.185379478568653 -0.072576349600637 0.0506201077186999
-0.293090187943344 0.0055424397168845 -0.173129966128047 0.0278411625503155
-0.294416195189398 -0.0962980255827533 -0.205863524777225 -0.0708143282840683
-0.311405692561015 -0.118389749602919 -0.0488638980627249 0.0350717449959577
-0.336748384810461 -0.0838140152268887 -0.0546246108741488 0.00871101951939737
-0.355237287065318 0.0881966803267179 -0.0264004178868422 -0.0351456787300891
-0.261922162209111 0.242474215177419 0.00927624366591274 -0.0109864167424695
-0.108495132251673 0.287448501618545 0.0181213002790558 -0.0431690169966663
0.0204909843001721 0.273404301643421 0.000567783819407444 -0.0709843877219986
0.126790663399223 0.23393134430484 -0.00836430006476417 -0.0615079830264053
0.144712858018313 0.18538383666887 -0.00426809879645548 -0.0507934602551698
0.167802655006825 0.189209618600873 -0.00442007494504299 -0.0517703567225361
0.105893077962777 0.247903745279396 0.0228161269443251 -0.0553319829580259
0.0270646825435978 0.272243208682957 0.0566216518581217 -0.0373564819327534
-0.10289043009725 0.311198151112696 0.04555600184854 0.0364301448288441
-0.256263553632718 0.233993747699636 -0.0319164008912058 0.0620489157310774
-0.341527168355285 0.0416334464958635 -0.100469709122231 0.0403495748108652
-0.36369012526175 -0.0800304442553373 -0.103056169029712 -0.0204462355411006
-0.32326782827779 -0.0962315443987988 0.0573336155240883 0.0931901443616217
-0.349896515476739 -0.0591163651660928 0.0307586757840457 0.0293863139282018
-0.360714980501955 0.10371647231865 -2.46784661642059E-05 -0.0336015814505531
-0.267139802130657 0.252827749882057 -0.00103312912125667 8.52210681639309E-05
-0.116874466575867 0.296924615776037 -0.0068822640562526 0.0125614478955596
0.0151296878875853 0.28420355023087 0.00602670603536007 0.0156144216935968
0.124505887360346 0.243595025078172 0.0268117923199345 0.0289284385943639
0.139826148583646 0.192495220501639 0.0455377665699088 0.0328752852278413
0.16125855845905 0.193745076179328 0.0459126641214757 0.0247305608532396
0.0992771648217401 0.24827122372591 0.0627373902978389 0.0128806109032698
0.0181603902453168 0.267613587042818 0.0754184678275237 0.0148834846378662
-0.103673656630772 0.296203174973557 0.0628076163012276 0.0536050426893036
-0.241655938636724 0.229010728612554 0.00840670101328827 0.0605054646103483
-0.329945569910107 0.0550936862146526 -0.0199243490452091 0.0328728999760355
-0.370021794194782 -0.0551316032861006 0.0138684397515983 0.0146944471351221
-0.285626929725116 -0.054455119838634 0.158279209171144 0.147683000553541
-0.297443696126275 -0.0170733205700013 0.115371985375894 0.0510730513615365
-0.294537259749916 0.107403466967402 0.03020805714925 -0.0207526706182866
-0.212432878051996 0.215200423513331 -0.00780032657155785 0.0171516479974439
-0.0986061351364677 0.248430063383663 -0.0248284028765288 0.0702860895257537
0.0110976533626594 0.242185488549206 0.0142992344633503 0.102607459948027
0.104885724194785 0.212017446626742 0.0601519187336894 0.115317474725752
0.113875991957604 0.170650591364219 0.0884515588649255 0.111731164820154
0.126362434495196 0.173603742730825 0.0867568407171574 0.096757054200736
0.0683474524559014 0.214875534659311 0.0884821068093816 0.077440716124693
-0.00748481555778268 0.220774295534998 0.0782064834231933 0.0642916545825832
-0.103940470565198 0.223223385215361 0.0626920522571458 0.066443121183073
-0.196779985428308 0.170283256594798 0.0359961513679209 0.0516498045560348
-0.26449197405299 0.0455909016126686 0.0503710846918675 0.0144142119997267
-0.315931341809863 -0.0294987572480724 0.121458724128205 0.0360358594109729
-0.20160824392358 -0.00367942212559196 0.236599671140044 0.184736184669633
-0.18909368979922 0.0243916229783271 0.183028308358294 0.064188606896968
-0.172589617495368 0.0850736247706485 0.0581796210296271 -0.00526823278689539
-0.121112745030719 0.132682273610467 -0.00729417773311537 0.0310321499530377
-0.0655988271141608 0.153618537070185 -0.0314041297903516 0.113752709039417
0.00415531196975764 0.158658367771356 0.0267408459180899 0.168812893317731
0.0673057784275735 0.146257179910891 0.0881829271312038 0.182592172796892
0.0701663374216525 0.123601474209005 0.11849596365815 0.174073642211345
0.0725475556559458 0.129037060646294 0.108690205749608 0.156477331211961
0.0259380135795875 0.152860583452805 0.0899490729280831 0.131670221747233
-0.0330366009561608 0.143493667254455 0.0564519911627005 0.102783709054098
-0.0889464257501767 0.11879853551324 0.0429550058695068 0.0699555988390634
-0.124993284773109 0.0874571662281511 0.0472428923378867 0.0402048308815098
-0.1624829676553 0.0292243234664426 0.0994692787235209 -0.00260496509540901
-0.217244167020272 -0.00018251662242515 0.203166956990492 0.0480989683278933
-0.0828591226013189 0.0425419023636034 0.280536934669048 0.198108867505416
-0.0509557208650445 0.0476770399007762 0.227607307058449 0.0615670271431774
-0.0338043373373217 0.0381884755310605 0.0816130908097421 0.00115469608419537
-0.0269321156808618 0.0269909501154839 -0.00413228977855376 0.0333516736885812
-0.0329202960311457 0.0385558013598095 -0.0289832850901777 0.135444093692328
-0.00980664603639484 0.0553910699517733 0.0410169826333949 0.203846257325869
0.0164456996375787 0.0611462395049758 0.10570545126832 0.217595319495054
0.0161453711468119 0.0585953164239968 0.130140835276965 0.20993748252096
0.0142880395113889 0.0640035230243861 0.109726085891112 0.196097189281403
-0.00882395214436358 0.0696665872613152 0.0681535009172422 0.168943524252097
-0.0390530974168191 0.0517734271687261 0.0168914279683976 0.123646034846916
-0.0469442184725791 0.0162989849066731 0.0136952281626657 0.0615628657359574
-0.0323706768269973 0.0159854606252955 0.0496530356410603 0.0260885877034403
-0.0468672532423767 0.0263889664209059 0.129634207953492 -0.0127369261857199
-0.0954184200560944 0.0351229788106627 0.250331949772786 0.0508213206413008
-0.0612665748673138 -0.0658409722076854 -0.246482466544224 -0.028152747629413
-0.0768251125733029 -0.0363165887693721 -0.16821393990701 0.0278563735528447
-0.0746498203200363 0.0348944990626771 -0.0460218563680302 -0.00494357491470637
-0.0234610150142007 0.0701072215341103 0.00939107266645168 -0.026885272743387
0.0183222841652667 0.0497682026679924 0.0238368599796552 -0.113251559792286
0.0286894545681583 0.0338626368358183 -0.0436221579656983 -0.176652607932802
0.0383374514910226 0.0190525744629503 -0.100155896415372 -0.193030848505966
0.0397535916184773 0.0151400393687828 -0.122731739406406 -0.198847404623912
0.0434956259780398 0.0231795035718648 -0.114137057817136 -0.201048988427056
0.028269670686864 0.0435297507518874 -0.0641669495406436 -0.18884749640151
0.016337482928715 0.057280354713335 -0.000126792354783051 -0.141706914590679
-0.027075815733076 0.0755988529904073 -0.00469809554197902 -0.0389836339982744
-0.0761088423407925 0.0336807075034499 -0.0938526564910634 -0.00132900627242685
-0.0634017257139279 -0.0394956116627522 -0.208985658686134 -0.0291092370980301
-0.0351618625661977 -0.0611053546326916 -0.286714255638026 -0.161818983438966
-0.1632251756204 -0.086003635878189 -0.206242278203901 -0.0291210535895419
-0.17583522979203 -0.0519973414654093 -0.154794308767745 0.0128829717910068
-0.175892743185975 0.0612258045503801 -0.0489579901938306 -0.0109116356448987
-0.103043281691851 0.140706477706791 0.018236912292163 -0.01959759037395
-0.0169784198015855 0.141726009119652 0.0365070623692909 -0.105674753200968
0.0386149509939426 0.124249056158323 -0.0268377207301116 -0.167785503173962
0.0842117315655959 0.0999966443306176 -0.076653974796218 -0.176586079071106
0.0901212856044166 0.0817891931122925 -0.0967438106760579 -0.172379420155681
0.100631390599917 0.0919516433259727 -0.0931397005170402 -0.169793997229538
0.061055761731326 0.132157177130059 -0.0481475731438024 -0.161088533211873
0.0172957554107957 0.148823495708156 0.0110586480037622 -0.118891840462936
-0.0652044790054955 0.173976334298445 0.00398531009972607 -0.0121530738080934
-0.160446471954407 0.111661517810006 -0.0908202368288225 0.0290291303868196
-0.185917884512989 -0.0187704514121797 -0.203193641947783 0.00687667624373106
-0.171191221927093 -0.0793433764199827 -0.263937652344001 -0.110405484847305
-0.247678648095453 -0.0997562475590312 -0.13674061555452 -0.00762216630320203
-0.262569239128868 -0.0660757674413138 -0.116445449840936 0.00587969658637166
-0.268466458413571 0.0802042551511572 -0.0447276936301773 -0.0214603510598235
-0.182223710436768 0.199279580884945 0.0168571525190118 -0.0145120831794862
-0.0578617121586116 0.223823942171546 0.0318431283681963 -0.0825193790172566
0.0380971073576771 0.205216328512646 -0.014201300112439 -0.130994008832055
0.115862485942216 0.170213291095098 -0.045761365531965 -0.130678827331306
0.127526929307844 0.135903100320778 -0.0562905705234226 -0.119518482467008
0.146112432574704 0.142431670011362 -0.0557816832302607 -0.116331497072586
0.0942552448119514 0.196756958079655 -0.0200658158818972 -0.114107182323921
0.0299958387036312 0.220259332973828 0.028072754675995 -0.085065597577457
-0.0795357332706978 0.25677576241221 0.0225530160684301 0.0113488021336135
-0.213045201664811 0.189331444841133 -0.0647456184352653 0.0518730964348503
-0.277976303292607 0.02094781191904 -0.161453874022008 0.0348586235522309
-0.281831949696995 -0.0741417976386757 -0.197190385206161 -0.0576021451665459
-0.29987456622792 -0.09851543755798 -0.0447060755855623 0.0333255913989518
-0.322812741482259 -0.0628719514824431 -0.0515962147573618 0.0111298383778829
-0.330006741908855 0.101743113136181 -0.028737314703695 -0.0305318664365568
-0.23469884460733 0.244517554843296 0.00864311140575647 -0.00984930633114363
-0.0873465445008495 0.280676027212622 0.0144494692583342 -0.0425783539527043
0.034375427712911 0.25873687753608 -0.00532692995217666 -0.0667472400300787
0.132719865131352 0.215093912876906 -0.0099398815955957 -0.0603187559756971
0.146363568989351 0.168726606950922 -0.00648959662642585 -0.0490208924643668
0.168997929052621 0.169766215416588 -0.00676791822339401 -0.0491398165513908
0.114134326440986 0.230152451731981 0.0192218982651867 -0.0555156809543797
0.0402907901392551 0.258498173984729 0.0509607836076514 -0.0419321655526106
-0.0803535845694694 0.300600309056251 0.04545801421429 0.0305553240384576
-0.231191820765514 0.23728527725337 -0.0249593478435908 0.0596484018177127
-0.321237601714657 0.0571594424640134 -0.0921671862285976 0.0432081800863341
-0.346823567356183 -0.0543741918068826 -0.0968340480556258 -0.0146329219050579
-0.310593754059056 -0.0778021742445761 0.0588352716264021 0.0839524247042012
-0.33423806207072 -0.0398056663607825 0.0303239881504969 0.0258038085243037
-0.336215200290048 0.117852863175416 -0.00236067053084334 -0.0310758173413198
-0.238985930443784 0.255067906380788 -0.000991739512541043 0.000655839835457599
-0.0945634702016589 0.291109287710416 -0.00688185391260423 0.0120369016010477
0.0298455623591867 0.269364924772436 0.00436243531206074 0.0150937873750832
0.130423177558605 0.22374564871391 0.0282102513108603 0.0241955888100609
0.14225818348541 0.175718705124048 0.0457965529982613 0.0285138707411513
0.162498715384819 0.173669513712383 0.0452187938681964 0.0210260341458837
0.107487072960368 0.2303496178053 0.0608049203197776 0.00753118135588147
0.0323644993367954 0.254756947676334 0.0717255135346634 0.00664594780665956
-0.0820151375596304 0.286488419632657 0.0624527347734021 0.0460529252271586
-0.216204426727354 0.231086696277005 0.012834839808939 0.0549796251732232
-0.309548001666474 0.0698171473838675 -0.0164763080066292 0.0325719911649758
-0.3506966444013 -0.0305829825019756 0.0152576483566363 0.0131676193174368
-0.27359761747877 -0.0397008771035919 0.157297892547054 0.131449669469661
-0.283625577408758 -0.00304287524085099 0.111181535121734 0.0426446384740513
-0.273977635853896 0.118224110115628 0.0264765856047 -0.0210052969862026
-0.190401467367112 0.216016449820114 -0.00624820752650927 0.0169348229429612
-0.0800948179867075 0.243208402107217 -0.0207842783816545 0.0681555042772237
0.0232785045919699 0.230116598141834 0.0173164709308877 0.0967599101873661
0.10999568811776 0.194758667717989 0.0649039929007376 0.104997109814052
0.116452974990061 0.156593047133994 0.090962524575955 0.101599986969861
0.128770125434994 0.156338774146211 0.0870982867853165 0.0879462924136157
0.0761884413313495 0.200190304760377 0.0879409206051812 0.0674165302061032
0.00426702210068686 0.210629752742132 0.0761948628579958 0.0535486878801725
-0.0866218257463749 0.217070529681559 0.0623998736397705 0.0579851646054333
-0.17673577500193 0.172773433843054 0.0380565143377738 0.0449441422142154
-0.247341950416524 0.0570586558166489 0.048631017402491 0.0113340148578484
-0.298326367513646 -0.00970313078763043 0.11811456693735 0.0283384040539685
-0.191325915520361 0.00377322646390627 0.233825090250863 0.163921655641052
-0.178478776733493 0.0316481844946316 0.176060230652757 0.0514663961162823
-0.159557130599038 0.0908249282661815 0.0540407184396396 -0.00811004824657491
-0.108333497202975 0.133427638631316 -0.00566775571991669 0.029749185755077
-0.0535998091539507 0.151235876797878 -0.0252225300845432 0.110121768909418
0.0120147223992293 0.151570086674688 0.0326242337699742 0.159682464276245
0.0713527191869223 0.134326847950542 0.0939928168479258 0.168182463761376
0.072796541440847 0.113916858963801 0.122634486787328 0.159931717372325
0.0756947875008292 0.117917871931312 0.111570078476092 0.143052617903149
0.0333352777707782 0.14357178491555 0.0919214310887563 0.119365824620085
-0.023333864829913 0.138432436930055 0.0579697623860939 0.0921804298590447
-0.0784039432156266 0.117307233503227 0.0444838556435742 0.0626004763403786
-0.112732159794423 0.0899656272956386 0.0480816687959655 0.0335117355205597
-0.152308871666007 0.035634790532831 0.0937393360558085 -0.00706493711784826
-0.203825419416618 0.0116724441546191 0.195697734084184 0.0362833912371689
-0.0767168123275796 0.0424135950032115 0.275811014718636 0.175660414656833
-0.0461706758875341 0.0473434531762201 0.218158097831356 0.047026157447585
-0.030616697449471 0.0384452344507473 0.0764738979771769 -0.00330873475584604
-0.0246564068897205 0.0273241119816766 -0.00307508422111473 0.0324308513427024
-0.0294070294018645 0.0396030123453505 -0.0214070950868438 0.130912036671403
-0.00657396097851878 0.0538184469270067 0.0486373088610141 0.192622919164362
0.0184660805608038 0.0561667346703996 0.112163143221816 0.201291543719638
0.0186764535517808 0.0546386452047965 0.135595573635982 0.193941996651077
0.0170707707206858 0.0597581488775232 0.114345330875549 0.181412607956757
-0.0043581971623256 0.0664216653092961 0.0729379381166539 0.155872258669296
-0.0341982113752801 0.0516184532509373 0.0222019668718825 0.115103433509369
-0.0435564350804457 0.0180349295224215 0.016120638924393 0.0556741864497381
-0.0287353138942915 0.0166528657477307 0.0487477116573024 0.0203386534401439
-0.0429394490006077 0.0271798363522626 0.121516275100173 -0.0181064717454197
-0.0871980976376479 0.0381393817510094 0.240024817120658 0.037220528155491
-0.0667976827760933 -0.0496209549862201 -0.2342657942665 0.00684330245538886
-0.0742715076922293 -0.0207916499048403 -0.154828719883274 0.0505083771833043
-0.0628104165416593 0.0409210564220818 -0.0500950801908563 0.00496911054369313
-0.011184547410594 0.0655041273990449 0.000802531619833739 -0.0216903104614266
0.021315531758719 0.0414231154938039 0.00687232742883952 -0.106460222160837
0.0289542407667886 0.0278518365017836 -0.0643603116650707 -0.157925346077889
0.0356735085621803 0.0137735008807941 -0.119399027946545 -0.168552061637034
0.0363030642055396 0.00967587104332407 -0.142879615482945 -0.170204880608507
0.0415313560401355 0.0168117823600611 -0.13792516251176 -0.173636340574564
0.0305677619385339 0.036998238748484 -0.0896589348650107 -0.168847027509511
0.0200854472317938 0.0503374040416242 -0.0219808921020707 -0.133211772568418
-0.0166322321119614 0.073307960692323 -0.00899445503058544 -0.037617788270967
-0.0675120796573904 0.0389497851828655 -0.0875035329006412 0.0123138395511634
-0.0660607853724452 -0.0298806600211776 -0.193183855231296 0.00349887926254719
-0.0440240240209951 -0.0539015040439556 -0.284613506228451 -0.113445006645567
-0.161311193739178 -0.0582190656778903 -0.201896507947535 -0.00193983990156743
-0.166216234669416 -0.0240579467899806 -0.148460375174029 0.0329925756393337
-0.150494181840496 0.0772234294768253 -0.0606611721047984 -0.000968970906629055
-0.0729302079452942 0.140139610261602 0.00311798442870828 -0.0151826936892759
0.00100476594448655 0.129823687270489 0.0157440648031328 -0.094963053664139
0.0488651328799181 0.110139900369603 -0.0476692852603376 -0.147608044175006
0.0879717385195076 0.0814629617722745 -0.0951488539790917 -0.15211855592839
0.0901241050816908 0.0662377867358727 -0.114816188675056 -0.148440904213451
0.102427399445064 0.0733900785929669 -0.114431917988265 -0.148265098582335
0.0721306326924581 0.115059991038322 -0.0730063402203258 -0.145044686167691
0.0306624963965467 0.135585859986814 -0.00847607292329008 -0.115632227798964
-0.039828607993685 0.169344573021866 0.00267674454495194 -0.0165605289947106
-0.136496896362257 0.119540552224298 -0.0813403599829947 0.0397783895532432
-0.176402041850985 0.00557587982900448 -0.182522886330203 0.0338674362795639
-0.171347736941017 -0.0546246598606411 -0.256480486757972 -0.070486573032225
-0.238145460003123 -0.0634063232406105 -0.138895225843599 0.00575063450655285
-0.24685425220941 -0.0270527620552496 -0.117299380477652 0.0186944981909179
-0.231769875536449 0.105734104315442 -0.0650767800425295 -0.0115717842161768
-0.136497035698279 0.204572255229599 -0.00431957592268944 -0.0103891127604332
-0.0254538680857814 0.210661343225667 0.0118406952966746 -0.0680624058554988
0.0586411115938072 0.184951146309542 -0.0313420780841274 -0.111348489225282
0.126468321071812 0.141372472808198 -0.0602043022311871 -0.10991326013491
0.131121613357064 0.111788186493734 -0.0698645420346429 -0.103773952180374
0.150834772911534 0.114008618850335 -0.0732911625453354 -0.102745750043634
0.111886955320563 0.171614180659423 -0.0416484651976528 -0.105595859624593
0.0506656715513862 0.200790015441402 0.0118948162979417 -0.0872487755214916
-0.0429256788482337 0.249418832872031 0.023351705694505 0.000832060555036184
-0.175933252364293 0.197086331347997 -0.0546779782355555 0.0566228536194292
-0.255547867772213 0.0539031808774709 -0.138914421451891 0.0512573869882527
-0.273126639631832 -0.0368953226898647 -0.186834177035451 -0.0305570936452003
-0.284863102175821 -0.0574828407428846 -0.0498076610079701 0.0294724351928831
-0.301583950264291 -0.0177461913759673 -0.0584338519736525 0.0129920633553752
-0.285368359623029 0.133340254380211 -0.0559209934739881 -0.0218857232076757
-0.177240814483696 0.252762722685775 -0.0170163848103332 -0.00443515080366871
-0.0441254842536997 0.266570464932948 -0.00149746646082743 -0.0244669523878462
0.0629265675508847 0.235105662039155 -0.0143163962000499 -0.0499172029876914
0.14778649967508 0.180243178590308 -0.0167370417582094 -0.0455633560061464
0.152348040249248 0.14006171069157 -0.0132261047726576 -0.0443707128899283
0.175384268308423 0.136147183357562 -0.0179498684842769 -0.0465215230712882
0.134473469476972 0.199979918565863 0.00352800710413879 -0.0559398246505992
0.0639283978791607 0.235179642362475 0.0389182312671834 -0.0504562433305554
-0.0383877599826603 0.290267461230117 0.0463283533803289 0.0142208672632098
-0.185363269283932 0.242650106934056 -0.0181595266841268 0.0569017480488407
-0.29072196451301 0.0927538963728212 -0.0744985794650775 0.048086793364353
-0.328398428911491 -0.0103062242882066 -0.0886601303805804 -0.00457573059098373
-0.290046478918382 -0.0390482210086465 0.0529963042617698 0.0621263210122988
-0.308295378115604 0.00400999605726189 0.0195898811080419 0.015344693709385
-0.290539973264481 0.148373433703789 -0.0321884871579378 -0.0260857716868355
-0.180390213480674 0.263161565076087 -0.0248098813277112 0.00687580102921185
-0.0485011924186956 0.278410046501581 -0.0133863164937911 0.0302259018472288
0.0605521871809801 0.245670239967697 0.00565079135568478 0.0265633005225899
0.14812955567983 0.188106225195149 0.0306328204882151 0.0293429473897833
0.150352142460755 0.1474127950709 0.0463613118142642 0.0218533500648846
0.170961716930327 0.140435911111726 0.0409833679404223 0.0125922421706532
0.129117045796955 0.200845688431128 0.0518756518482667 -0.00349223484455813
0.0564862175121115 0.231902038036088 0.0650247806394708 -0.00876960567587549
-0.0415270417822909 0.276938058879077 0.0637261024636794 0.0257983973839399
-0.173013086191626 0.23602991898725 0.0164649016093131 0.0468438681299231
-0.275886792933075 0.102892652783516 -0.00716833675838445 0.0257193187846124
-0.327667045421837 0.0111459748535725 0.0184069283243817 0.00656043067681405
-0.249931743901342 -0.00943235181480212 0.152791776703534 0.0927659530688445
-0.257043412348547 0.0298481651278311 0.0993828185091994 0.0203498437923015
-0.232584568082375 0.140614133121374 0.00107494028322775 -0.020142482295649
-0.141780919354323 0.221737519300282 -0.0236143897459121 0.022096508739401
-0.040405764241859 0.23450474893575 -0.0173967024031171 0.0824247762137556
0.0504536783735068 0.210390778335396 0.0291623019037423 0.0999858903177429
0.126033432172322 0.163589726149429 0.0755869294397929 0.10048801370518
0.125294581491 0.132100751438421 0.0994498567434167 0.0843153845783312
0.137924128728988 0.128409932944634 0.0916184576560973 0.0692096777533284
0.0968992580112624 0.176635215985611 0.0874699708621973 0.0487490332329172
0.0267636477926231 0.194634348964066 0.0770272989084845 0.0351909896875178
-0.0533631589187872 0.212672362918058 0.0655949343465572 0.0381301322223978
-0.142215816432901 0.177522716326859 0.0390423557754252 0.0334116888412202
-0.21932052251658 0.0832078862059765 0.0483664675849658 -0.00184172806184402
-0.27422698371378 0.0242293407897244 0.114707397097496 0.00812340693924418
-0.16927446702131 0.0215845102757282 0.232310065284024 0.115419092018027
-0.157124495018213 0.0469329347215973 0.164411401000425 0.0209563301698188
-0.133287936450534 0.101106244063943 0.0367082631267991 -0.0124483945210751
-0.0791910734263542 0.136035306297099 -0.0138154342590778 0.0325616642492493
-0.0276868810805188 0.146477674220925 -0.0126183213292687 0.117073959203926
0.0311369698379925 0.138560925229795 0.0525064485384065 0.153260379514826
0.0832663348191512 0.113020423015836 0.112355209591731 0.153622067781508
0.0807928731988088 0.0974037344823632 0.137539158401048 0.134373310443254
0.0851837492916263 0.0989641490380946 0.123634531569968 0.118363036116868
0.0497333075708532 0.129284204296239 0.100076339766435 0.0966109800801437
-0.00684908757178966 0.131369876081042 0.0661631253918502 0.0744144363002173
-0.057845708896589 0.119784394539978 0.0498514903899099 0.0465574063630467
-0.0926775368213914 0.0944910130318401 0.0477413589041993 0.0213605632813996
-0.134027244551243 0.0515673942221584 0.0861647183710732 -0.0235614642550979
-0.183901691854746 0.0328478498606245 0.186234252750964 0.00735067059001522
-0.0595184985698442 0.0448833315974486 0.277949272821628 0.122247222592263
-0.0344386598277001 0.0448858091380338 0.207231047782591 0.0124081427018272
-0.0227219025517348 0.0382937018251428 0.0672662715171812 -0.0125964525355986
-0.0180845370969948 0.0285864759589149 -0.00160969593828685 0.031582755518931
-0.0190710820791383 0.0420620183175464 -0.00408949359000301 0.129686789393024
0.00314144667451456 0.0504064640473862 0.0717485386245494 0.177553655301061
0.0254961589888398 0.0479870195011126 0.133488919095275 0.179612562879924
0.0246403112653162 0.0483238708216298 0.154391267741818 0.163675759697493
0.0244745090650775 0.0524005473842369 0.133457140451005 0.15408902264278
0.00527443689753867 0.0625511878167829 0.0901289624491989 0.134153498302806
-0.0254014125562248 0.0522840795851022 0.0366344709743142 0.102582951887799
-0.0384695448764201 0.0230697571166263 0.0231547279726792 0.047156352193725
-0.0239774792673332 0.0184538300641149 0.0482067225585926 0.00942898221159412
-0.0344192064761014 0.0300097524453626 0.108357413625591 -0.0354153063430778
-0.0726937115052498 0.0443069936117372 0.226572456413978 0.00317145133014801
-0.0619202601535156 -0.0474193791514637 -0.222555222961494 -0.00252349672380194
-0.0694434496499938 -0.0221936082823482 -0.146675376340487 0.0437469609562175
-0.0596105247896079 0.0369072943340571 -0.0484635602103283 0.00499874940554684
-0.0116203674714066 0.0612574342320481 0.00204698965434052 -0.0190870468210153
0.0193410445616563 0.0396286740340111 0.0100223235932922 -0.100601415887799
0.0274711357019319 0.0265749942061223 -0.0569896018487738 -0.150696274655286
0.0340062585013958 0.0140465895932557 -0.109950426904776 -0.163775682104027
0.0341982095136191 0.0104854751351439 -0.132881419469829 -0.166799236740708
0.038872709004632 0.0170693232010392 -0.126426605723165 -0.170159339122283
0.0285894944811668 0.036463388374753 -0.0808001872449332 -0.164002521123936
0.0175021128090857 0.04852431807591 -0.0172279665749505 -0.128470429108574
-0.0182381794556732 0.0695187466878592 -0.00648446072850406 -0.0369212837630298
-0.0658020149105907 0.0358624165189222 -0.0816211607031669 0.00947461759119413
-0.0622243770986824 -0.030257746967031 -0.183045337925101 -0.0024611301914269
-0.0402876401688698 -0.0522423048315195 -0.266969936230319 -0.116082374673525
-0.151529347447192 -0.0590728151530783 -0.192107385401636 -0.0107307841675477
-0.15663464727916 -0.0278483453427272 -0.140533357786567 0.0277600185764764
-0.143830069415261 0.0695428634258042 -0.058434900106829 -0.000425307653243169
-0.0717919067875731 0.130943147477841 0.0040381525596771 -0.0129578724692971
-0.00140487627971452 0.123840016505862 0.0184147454746861 -0.0897907549179083
0.0446773156677482 0.105283051170522 -0.0418453331146433 -0.140861634024898
0.0817765928841185 0.0799810525424845 -0.0867791237822218 -0.148206843994682
0.0837136975067844 0.0657145255357131 -0.106737389705188 -0.145708189317424
0.0953111027463302 0.0720010872962529 -0.105491332177688 -0.145340080225705
0.0663618463823889 0.112263360730225 -0.0655436544144759 -0.141443058050154
0.0262027153830914 0.130268537014545 -0.00559280073681112 -0.111817323189901
-0.0428899466500018 0.160054109565709 0.00409341626421761 -0.016168252583896
-0.132619496222227 0.111369752813889 -0.0766744817685022 0.0349502233191356
-0.167355630592334 0.000299996519201541 -0.17301341993867 0.0268910195949223
-0.160326530990464 -0.0563635771304797 -0.241332046344997 -0.0744503889686687
-0.224339738627581 -0.0667977094049363 -0.132928466034817 -0.000895156592486189
-0.234038626429108 -0.0330542730602529 -0.111087823449771 0.0146037922576782
-0.221416297612897 0.094874298476892 -0.0618207964265901 -0.0110110175100981
-0.132621115160964 0.191587137769871 -0.00335576912680876 -0.00931186473041536
-0.0280227920309901 0.199997880984996 0.0137630986466912 -0.064775383434909
0.0521776639093365 0.176934041038747 -0.0277968627716307 -0.105461370849419
0.117343600661448 0.137353085987345 -0.0539348057485475 -0.107223676257335
0.121752087607346 0.110005794048077 -0.0644603193233683 -0.102415449689784
0.139656836031044 0.111544100548715 -0.0670568501599553 -0.100264980293719
0.102446295518213 0.166680994558362 -0.0366216659285983 -0.103437154078792
0.0439193825339648 0.192902111343011 0.0122534692192007 -0.0849861516157957
-0.0473612515513848 0.236043704461084 0.0226803263475593 0.000398654988993598
-0.171628771733046 0.184089004346641 -0.0523243641106689 0.0507030277291845
-0.243794042032434 0.043955820804728 -0.13238854471177 0.045414404340582
-0.256489272717218 -0.0416838852863426 -0.175534263046308 -0.0349206970784556
-0.268964405810371 -0.0627956895538847 -0.0496946407512208 0.0240029370016265
-0.286280493126879 -0.0256770603614629 -0.0557377712975192 0.01052484957298
-0.273359931408423 0.119783229670716 -0.0530693260729246 -0.0213954197375422
-0.172735251709824 0.236519391241896 -0.0150189256556488 -0.00383877644019075
-0.0472251455506931 0.253688177036893 9.1359808059449E-05 -0.0233669387223829
0.0544987662583828 0.22547569082986 -0.013189360036561 -0.0460833161455359
0.135973193697476 0.174151949246824 -0.0142477276224898 -0.0453001516000045
0.14141064528431 0.137403524578904 -0.0112616656029498 -0.0437245699466777
0.162327537307735 0.132657841102391 -0.0156592446929295 -0.0452096041673427
0.123714357127726 0.193839241243536 0.00445902201253947 -0.0554187554743552
0.0559623373973715 0.225814191874698 0.0366626377986579 -0.0495721457821014
-0.0433026800151543 0.275048977333099 0.043897137496401 0.0135023410036988
-0.181756828291334 0.227155698375809 -0.0177486931011187 0.051866950039817
-0.27789535112033 0.0810101991590567 -0.0712315425901263 0.0432991325713221
-0.308771776956404 -0.0188127965104961 -0.0833368616268665 -0.0073321191245248
-0.275151526497121 -0.0462486764227966 0.0474396236799954 0.0590433369316645
-0.294631867088462 -0.00576643144742515 0.0176163220076811 0.0147905175236508
-0.277097388524811 0.134922404432015 -0.0306012687904347 -0.0248573560820356
-0.176638025062529 0.247545341320925 -0.0233954076168258 0.00619316578458886
-0.0519200742122018 0.264820476792298 -0.0137813633643559 0.0285885149759945
0.051913322147681 0.235887108998718 0.00375120666079445 0.0266414474685806
0.135815537475985 0.18212833304423 0.0293205168710188 0.0269351999170841
0.13934718988261 0.143803895117925 0.0443291644547246 0.0206796107727481
0.157943177779597 0.136937110100363 0.0394906292600051 0.0125672685883703
0.118794710380654 0.194320261308371 0.0488551795267344 -0.0039026918795039
0.0488777690767893 0.222679271099412 0.0603344272998342 -0.00877606600357058
-0.0460493540800553 0.26214578456739 0.059881406629317 0.0253564098060533
-0.168679217281413 0.220832734978934 0.0149213659369222 0.0428808244660947
-0.26396293076588 0.0911311015231123 -0.00715050211567338 0.0241348123726212
-0.307959461126597 0.00283822982641497 0.0185071623495941 0.00606573867923457
-0.238646041118639 -0.0173045648643254 0.141353425747455 0.0923442155714505
-0.246075443429655 0.0198702497149585 0.092824317991856 0.0217666652786911
-0.223882347348369 0.128308813277009 0.000729779672327426 -0.0192799338452656
-0.139337027333342 0.208792329876421 -0.0231325281534334 0.0209227174372277
-0.0431092717508026 0.223299358698143 -0.0191240502456373 0.0780777258848484
0.0433098915542681 0.202280890774948 0.023984505521068 0.0970984823982872
0.114840343209219 0.158441237020567 0.0706303053720485 0.0962474551535181
0.115739818400631 0.128653241888781 0.0936280941146844 0.0815663579749522
0.126643977606586 0.124388113868072 0.0859911150385751 0.0685150132135955
0.0872734546593942 0.170363346513836 0.0811737530572147 0.0471556304784714
0.0217633838062796 0.186638215854359 0.0706454337517168 0.0333523288760384
-0.0561747004292711 0.201031145502195 0.0613418318557172 0.0368590040667204
-0.13869600007003 0.165434306911367 0.0362238419399485 0.030481425200051
-0.210334018811435 0.0731086904910247 0.0459092531858635 -0.000776617490414965
-0.258484279829042 0.015983388536414 0.109395062769209 0.0111926325523458
-0.162221068047966 0.0144204579917312 0.216528918223072 0.116348146030968
-0.151573524400665 0.039800660992371 0.154529485950786 0.0243821089669167
-0.128706775722339 0.0939097926627278 0.0341873519691472 -0.0112783664773296
-0.0782119605934757 0.128424486815153 -0.0139844263155644 0.0307882227072826
-0.0287273553952084 0.140583069554422 -0.0159356554906138 0.111763101582382
0.0266096292614639 0.133931080121406 0.0453260042692759 0.148072361682392
0.0755952299053937 0.109181726588597 0.103606897797071 0.14751812618399
0.0749354543579166 0.0947190612994017 0.1288442827178 0.130800446510549
0.077648509304958 0.0955822241319384 0.11486269505702 0.115949830617704
0.0439838862079297 0.123962138694871 0.0919994823212334 0.0932768431366774
-0.00901399202342037 0.125027273232529 0.059938646073889 0.0709657438959379
-0.0582876995845764 0.112237701586066 0.0456327814809602 0.0448037619964375
-0.089476519048404 0.0873846465455184 0.0442518173487208 0.0191565007896295
-0.127929660934028 0.045541929174757 0.0823070236535169 -0.0202927254986945
-0.172590589649149 0.0265395942043896 0.177876668094218 0.0122214660620618
-0.0586706533686389 0.0397162874142093 0.260540436116978 0.125031327766884
-0.0341791333060676 0.0415976270019392 0.195661597488838 0.0180641839894961
-0.022469731741954 0.036523268556118 0.0639876432761282 -0.0103555846304147
-0.0177334949264884 0.0270656956898457 -0.00320201341244985 0.030346713175028
-0.0189201549671512 0.0400039799823812 -0.00784989616396919 0.124191640691942
0.00143764810351152 0.0486153905805099 0.0631969612916403 0.171660146618472
0.022593591234312 0.0457779992375938 0.123771955967462 0.174221565501818
0.0227196189303786 0.0465293560731866 0.144463570427628 0.160036491321633
0.0218403078699909 0.0500051205861941 0.12388720190692 0.150068894438427
0.00383306079717113 0.059265868826924 0.0817505688901563 0.129498781056366
-0.0250667958413344 0.049245739348574 0.0314934394971527 0.0973251953542136
-0.0366704724367811 0.0206987526274263 0.0201616911382889 0.0438888069378343
-0.0228858792714428 0.0168194307890899 0.0457328500279336 0.00848333281544264
-0.0339032770271642 0.0274223575345581 0.103823659895268 -0.0307015650479341
-0.0687396632750711 0.0397601677525133 0.215654679036126 0.0102420043781851
-0.0581543169386826 -0.0487457509454898 -0.219503670464728 -0.0158481350306744
-0.0670861470393742 -0.0257493803677711 -0.14552727473571 0.036642810893354
-0.0598360430552395 0.0334593906773319 -0.048518233638878 0.00465063151255538
-0.0137202357882192 0.0595851240314902 0.0037015615253319 -0.0177293730989674
0.0174168073569655 0.0396263398068955 0.0154448765883685 -0.0992960567674481
0.0262584411695801 0.0269742446952637 -0.0488751187045896 -0.151138074434633
0.0331945447342757 0.0154428645288035 -0.101864645955708 -0.167168591836524
0.0331043803623094 0.0120340532611292 -0.125898279577766 -0.171971254935287
0.0369238513396385 0.0187212950055674 -0.117556767482893 -0.174538792889059
0.0265741259330922 0.0381196873594714 -0.0722198456019224 -0.166952008151748
0.0151409876579583 0.0487664904577947 -0.0110293413227854 -0.128455910579518
-0.021266315630024 0.0681785513871941 -0.00362842385913461 -0.0374796042398723
-0.0674353543037082 0.0332512952143522 -0.0801032729036857 0.00531491978190479
-0.0602626558736159 -0.0329296436151108 -0.178795101152107 -0.0107320793178182
-0.037880653048109 -0.0535064216274938 -0.258000686387777 -0.128014995316501
-0.146610636583941 -0.0646705282728443 -0.189977887627091 -0.0217434935012466
-0.153641318229971 -0.0353992118160105 -0.138269064841414 0.0202748701285854
-0.144330526931081 0.0626634969937759 -0.0576178232263776 -0.00155118289180458
-0.0752164567967012 0.126268654566693 0.0052834205395373 -0.0118484805454747
-0.00612460100421855 0.122632967641781 0.0227623475035008 -0.0890232126910954
0.0399975466921239 0.105592027540308 -0.034846754832547 -0.139960692216631
0.0772213725384101 0.0822038382382734 -0.0788138860087231 -0.151152140106243
0.0800683148459675 0.0687117608185969 -0.100805210098585 -0.150011182200495
0.0898959049859179 0.0753814970566623 -0.0984211358350854 -0.149441040847232
0.0613318814346729 0.114734626082653 -0.0584597425270286 -0.145262506775105
0.0202612293761085 0.130482394164718 -0.00101498044722268 -0.112071177824257
-0.049763377667047 0.156552499447191 0.00650423193194246 -0.016544599214289
-0.136820750958989 0.104789117340421 -0.0759121312729154 0.0306048857508117
-0.165261603643589 -0.00788102535631071 -0.171148909769669 0.0189643440705793
-0.155300648652973 -0.0626320687244725 -0.233640174051232 -0.0860989132667398
-0.218563050545686 -0.0759744176810266 -0.132288400714152 -0.00997976680678273
-0.229422398007274 -0.0437559592495936 -0.109535515029285 0.00866131705064467
-0.221464602612102 0.08493270115352 -0.0610058394304498 -0.0118868220141098
-0.137956763591104 0.183563033643512 -0.00211904082733167 -0.00805224092183124
-0.0352716194578947 0.197711446248021 0.0165513854328568 -0.0635325195565083
0.0448018329103106 0.176934253490033 -0.022638125714772 -0.10439046118442
0.109233249237312 0.140688342210048 -0.0484357270605266 -0.10971119339756
0.115363380056238 0.114675944268142 -0.0597368707238546 -0.105333645316171
0.131650143177705 0.116358319154212 -0.061520483127169 -0.102488589649087
0.0943071400034868 0.169955316702738 -0.0318518740089896 -0.105737004843168
0.035296773918514 0.194130961572841 0.0150131533846298 -0.0853274608731107
-0.05737213324163 0.230827051100511 0.0232486610388928 0.000502308601793081
-0.177725802938152 0.175487401999021 -0.0526642448333037 0.0469081354680232
-0.242930869917821 0.0318048139350618 -0.132192610009311 0.0392975238526559
-0.25011172851128 -0.0528548056082466 -0.170617432022701 -0.0432107070037508
-0.262853338330775 -0.0750998079226713 -0.0515027083346294 0.0197751133913374
-0.281959023082924 -0.0400014777801623 -0.0557757093933882 0.00766532300608244
-0.274018066735504 0.107118367542526 -0.0518085400877567 -0.0226021534433941
-0.17984033499033 0.226849242442851 -0.0137990460314299 -0.00395931291944013
-0.0562883158969101 0.250143500264645 0.00123130734776864 -0.0233052696155775
0.0452667842053274 0.225562216720529 -0.0114133313235632 -0.0452064347327168
0.126683105027045 0.177788386548515 -0.0115586217121925 -0.0468888784461638
0.133445500167057 0.142783072265188 -0.00919043838375162 -0.0446931427993615
0.1532851534734 0.137908645812335 -0.0126408597437037 -0.0459037058735289
0.114215509795376 0.197571067033831 0.00700812433132416 -0.056326393634309
0.0464297131761912 0.227002821470119 0.0368744854290466 -0.0496624111281029
-0.0558898770910158 0.269150419432524 0.0436430467559561 0.0146491525463033
-0.189573796817335 0.217241573713603 -0.0188610629023236 0.0491672921418688
-0.277389849289362 0.0668756434126925 -0.0717782249519398 0.0394441883648943
-0.301843443785592 -0.0323996238131981 -0.0803788439581608 -0.0114309253490764
-0.270200266002124 -0.059059244101692 0.0419301846358731 0.0586728412549332
-0.29101627246377 -0.0206613561968678 0.0164036185603793 0.0151424159338203
-0.279041232871125 0.121737243580981 -0.0296871600104925 -0.0251849251139789
-0.184508253475678 0.237335527727932 -0.0228647726247425 0.00536073945330408
-0.0609709268004992 0.261054738223742 -0.0147431780092495 0.0275934047596694
0.0425186356359487 0.235874104478321 0.00199879165984434 0.0278713537676453
0.125967691180844 0.185413970066719 0.0284090922633489 0.0265913134759898
0.131007109001651 0.148732704649623 0.0439345134333331 0.0215283258585938
0.148277776380344 0.1422013581841 0.0396101407419506 0.0141380906047873
0.108619372429449 0.197784157246543 0.0484345994731345 -0.00342270456319354
0.0393340395240658 0.223195270647089 0.0579146087505191 -0.00828020012945139
-0.0576567899397227 0.257234839777076 0.0584897614760506 0.027211003070437
-0.175954745264736 0.211198303824067 0.0133310401112702 0.041479093090064
-0.263772922785719 0.0776090687791754 -0.00766750013088265 0.0232197985900247
-0.301551581707869 -0.0114820252988002 0.0191332638999505 0.00686366942012248
-0.235447331938998 -0.0293415026630488 0.13410982232132 0.0974295864382943
-0.245245949800301 0.00753614711134658 0.0899897661531171 0.0256192117661579
-0.226745673168144 0.117592759080823 0.000718247523278211 -0.0188852458594787
-0.14597352073189 0.200843951996733 -0.0237314757346756 0.0194992123238782
-0.0513154675952186 0.220353571873059 -0.022638645050269 0.07675228318474
0.0349273921584243 0.202647749641436 0.0194163462825402 0.0984559447471572
0.106183610796076 0.161138520039717 0.0664867991563589 0.096811466167783
0.109216042248651 0.132685978803765 0.0900719961046921 0.0843981675413205
0.118624958996018 0.1279391927148 0.0827221695276588 0.0714316836981359
0.0793406796284539 0.172317392735973 0.0775763291921812 0.0485469270573909
0.0139846543485696 0.186034506931431 0.0657034683499418 0.034206066773676
-0.0644220453191818 0.195983461314906 0.0580804624357332 0.0384722733687471
-0.143376737769746 0.157286659966671 0.0342612020866735 0.030118182494196
-0.209662060690263 0.0627308924487755 0.0455831544400614 0.00161756347399588
-0.253379075269324 0.00366613639929313 0.108566409112933 0.0162663569194287
-0.161824127118437 0.00598974243595931 0.208236453495819 0.126227241685289
-0.152250100800394 0.0316902682037899 0.150713118180401 0.0315427882876056
-0.131202862541899 0.0877541171807989 0.0337241870239501 -0.0099157864292347
-0.0825380207696558 0.123767774325193 -0.0158135261252583 0.0296181652531364
-0.0343778412174538 0.138681678569588 -0.0210960995354962 0.11066116428341
0.0210589245119134 0.134177089252483 0.0378284047906492 0.149657768100393
0.0694796451839567 0.111066986524138 0.0971573077519777 0.149968267178903
0.0699065108651998 0.0972266173876161 0.12356961444175 0.134659261968281
0.0719949686335404 0.0975465129539587 0.109523687481423 0.119780439292445
0.0386231424121071 0.124684349867299 0.0859922087102316 0.0958705633739407
-0.0134858537492704 0.123595668737757 0.053754172012322 0.0711608536369389
-0.062061763354999 0.10815653980661 0.0424962785587108 0.0449734003974302
-0.0916329634332948 0.0820354453771926 0.0427601148001977 0.019629783795013
-0.12808509150019 0.0387961204812519 0.0815320381938923 -0.0160085082503592
-0.169962140081324 0.0175135118196995 0.175770182583605 0.0206467347903798
-0.0606642353216766 0.0354818191018151 0.25201375346731 0.136961744973686
-0.0362960703549124 0.0390990139522377 0.191049719369888 0.0274196142960887
-0.0235875463325759 0.035754609499076 0.0623197355288338 -0.00836351779567626
-0.0187691267077465 0.0269244772669964 -0.00529395067071161 0.0303613251043241
-0.0202694976085181 0.0393957938093245 -0.013681800730855 0.123988424366529
-0.000611623827866242 0.048614068749917 0.0545423791329014 0.173788241199972
0.0191980069847265 0.0461447806884192 0.115610445911309 0.177293990667319
0.0206957061779461 0.0468286680163217 0.137116419495223 0.164841123802847
0.019284341373929 0.0499923820391493 0.116291263398386 0.154076733161102
0.000859674846435818 0.0584479891862924 0.0745317406544821 0.131248498955399
-0.0262513604127594 0.0482793140418715 0.0254084682406481 0.0961418811813805
-0.0376405324453668 0.0187506319983905 0.0170201796683787 0.0435970849259257
-0.022918231302085 0.0150810751855062 0.0446041225160581 0.00868687368110843
-0.0343487587983092 0.0256966975144515 0.103088511226851 -0.0255572112364366
-0.0688165548322332 0.0356794739667316 0.213296987333924 0.0213636094200088
-0.0571690129246035 -0.0509591598856978 -0.225803712867969 -0.0272060184921278
-0.0684267751603727 -0.0293300906517499 -0.149326488909024 0.0320203470206081
-0.0622939057087427 0.0322196122739828 -0.0496308688123685 0.00448473370972039
-0.0156471915128498 0.0605048861843627 0.00498011434353257 -0.0168528988281643
0.0170565577069517 0.041297761985379 0.0194726758564958 -0.102190411100036
0.0265347969941493 0.0277523883879807 -0.0443063891254929 -0.156921685298388
0.0338076251715427 0.0173898419867253 -0.0988996709758598 -0.175433265890565
0.0336136213290449 0.0136537717056426 -0.125806787574955 -0.182446733897742
0.0370399149157486 0.0210259275162247 -0.115300627346048 -0.185418927937866
0.0264375217013883 0.0410388818200308 -0.0682047580290277 -0.176208190304167
0.0137555243099304 0.0510535658245379 -0.00581637124782676 -0.133410941200978
-0.024880398098513 0.0700174898795222 -0.000832845723568183 -0.0395602285109288
-0.0709062420033493 0.0327769433102885 -0.0809828107413387 0.00274960323956351
-0.0611521708389005 -0.0373604772252942 -0.182556740321234 -0.0174963251367697
-0.0374028198525849 -0.0566451145789246 -0.260618755885874 -0.142156679835663
-0.147644585332841 -0.0712917806711726 -0.195602779894532 -0.0325799665334739
-0.157655403686333 -0.0427457466163313 -0.141812133865976 0.0154001089607632
-0.149212224715771 0.059560996144322 -0.0591972973306084 -0.00207195628299311
-0.0807670725527055 0.127140551045193 0.00677176832208007 -0.0110706680776535
-0.00977099965181127 0.126602854826618 0.0269589573216696 -0.0912703534131615
0.0383052187598615 0.109805521515078 -0.0305316727729489 -0.144759773304057
0.0768442399739039 0.0871467788326345 -0.0762621855819959 -0.159523102208498
0.0795715914059454 0.0739350745746177 -0.100045504152732 -0.159566221688675
0.0889999691976437 0.0809659078637823 -0.0959443009548428 -0.158376269737644
0.0592490271508836 0.121421869103425 -0.0551302220076702 -0.153296059559225
0.0166585471647296 0.135869895589505 0.00280254860339951 -0.117009482916001
-0.0574546731757976 0.159814276274782 0.00823209356485594 -0.0176700528130967
-0.144996280903246 0.104524801320233 -0.0780223330336546 0.0281862561803925
-0.170595326719692 -0.015688427701988 -0.175297225414922 0.0130677774179573
-0.157443662414616 -0.0708658493301346 -0.23701622582462 -0.0970475584583453
-0.221409914469907 -0.0861060721483413 -0.137466677811172 -0.0176684058628438
-0.236057113569332 -0.0545084788848025 -0.112355338288166 0.0047171588794625
-0.229499311212794 0.0799708801950342 -0.0628903576205859 -0.013716774232469
-0.147000596058281 0.184509224478645 -0.00116105550917647 -0.00777776378019946
-0.042430357816499 0.203469782947132 0.020147269534988 -0.0657137192513081
0.0411211194167966 0.183850254216439 -0.0194726735191558 -0.107101544961403
0.107769802553624 0.148459433646515 -0.0451970415812099 -0.116186986329532
0.115067820531337 0.122668992113933 -0.0590315108865568 -0.112082763492898
0.130429311584355 0.124188706167797 -0.0598263051498883 -0.109365575615522
0.0922278972452261 0.179360296513172 -0.0292908428688337 -0.112016295993086
0.0302136755875727 0.201420698308814 0.0175666262163047 -0.0891897551948157
-0.0682250335187455 0.236477972689632 0.0254350684851144 0.00115589025223888
-0.189260508314402 0.175840576303732 -0.0549539978457449 0.0454995385780084
-0.250916095155261 0.0229222041303305 -0.136338103977469 0.0353463965952984
-0.254567406937651 -0.0636851800489094 -0.173356169838028 -0.0517316028156869
-0.267101115855675 -0.087548895504059 -0.0552825051113556 0.0163952602307575
-0.290245728703309 -0.0520534694182746 -0.0568910583936476 0.00529851187557227
-0.284496249046418 0.101556456340709 -0.053329344151446 -0.0240879517026592
-0.191030975899372 0.228040790698479 -0.0133555744255483 -0.00411108036472194
-0.0649440507467328 0.257066807202391 0.00227525831765051 -0.024504961543561
0.0401275411855781 0.233985618832972 -0.0102165755659873 -0.0455846642394059
0.123891611076636 0.18740384499999 -0.00970903163171823 -0.050368061910343
0.132955666090349 0.152014747681889 -0.008050182577969 -0.0478210257704967
0.151627731321588 0.147265867201609 -0.0109459182815219 -0.0483832910365025
0.111164142562832 0.207922266022401 0.00814264920621221 -0.0598660315300673
0.040885860329539 0.235421600912675 0.0376483630715141 -0.051711592751403
-0.0674330370255165 0.276448583080986 0.045076950982793 0.0160269974495763
-0.201985192847871 0.218540832726571 -0.0208396279616607 0.0486372049999308
-0.287658582862807 0.0581953363561882 -0.0745773059693832 0.0382552735254372
-0.307653119472684 -0.0445012251949504 -0.0810997046071569 -0.0158135688691043
-0.276245364314369 -0.0713469708604782 0.0401241899975887 0.0612629816281907
-0.300588089744843 -0.0328429932635726 0.0160725642900169 0.0155846069577719
-0.290572368691825 0.116234958665264 -0.0304950258832917 -0.026976431086938
-0.196788865895701 0.238621691773862 -0.0228753723395319 0.00503553981838489
-0.0706379751504675 0.268484192108721 -0.0157981569028059 0.0276475880387976
0.0362951863684058 0.245768929175173 0.00107941037849783 0.0301815840594051
0.122366845695089 0.195122376477053 0.0290996907934436 0.0263879997448639
0.130339873699 0.157726078987999 0.0447518017792975 0.0223162956098747
0.145997336168636 0.151235975287185 0.0414202329792595 0.0153617593484922
0.105329733884405 0.207972567505065 0.0489899315894033 -0.0036852727493367
0.0334472614779617 0.231527063833103 0.0576711414206297 -0.00807823078487655
-0.069003166178706 0.262231905085637 0.0595637349437428 0.0296686654948581
-0.187866826918458 0.211682072534937 0.0124743773063136 0.0412287369713544
-0.273997986538109 0.0698234529789304 -0.00797882079036014 0.0238191106471707
-0.307650272607022 -0.0237529546134155 0.0204070836587998 0.00723080147273702
-0.242187383833786 -0.0401840421556025 0.133775701920812 0.105511063258372
-0.254308162273144 -0.00231827369988925 0.0908609907966487 0.0301812985369731
-0.236540517509753 0.114154486397078 0.000550385336635337 -0.0191858684759956
-0.156753633372751 0.202931913452498 -0.0247937839866447 0.0190364696875119
-0.0593944525077746 0.22653249019097 -0.0258503261442482 0.0785742574648343
0.0297661940432506 0.210727676994341 0.0161639781805976 0.103829612406727
0.102763202845914 0.169793216443142 0.0661951928648934 0.100304028007677
0.108085190417965 0.140752419161432 0.0911933213708283 0.0889348702505151
0.116167289538668 0.135974706649641 0.0844944779052281 0.0764439968478496
0.0758621031352774 0.180319456001185 0.0772969382534747 0.0518716981576688
0.00848343353688619 0.192665390628397 0.0644748097282676 0.0359870583461923
-0.0741315429421519 0.199738792531129 0.0587071858009548 0.0412493707572301
-0.152398387231276 0.156724747498497 0.0338812382402398 0.0305323026464334
-0.217780891297939 0.0563664627812661 0.0471010325687558 0.00298805005057773
-0.258494466147081 -0.00633524797545847 0.112395510654702 0.0208934141480828
-0.16827217874346 -0.00164345544821481 0.209445808074762 0.138376725281482
-0.159053103297784 0.0264690926197717 0.152813123218638 0.0387639610945016
-0.137228400995386 0.0866297343922072 0.0338169075786765 -0.00871043807330528
-0.0887355546840815 0.125244035610751 -0.0175180564605132 0.030165792039424
-0.0397115053733196 0.142244061799917 -0.0259209714410428 0.114115338850032
0.0171492453571738 0.139872192100313 0.0333668691805921 0.15738916057084
0.0669886456673361 0.116934881079584 0.0952174787662025 0.157343548898131
0.0690583266887575 0.102282123481767 0.12392815762075 0.142593947150236
0.0700058064498523 0.10244543911318 0.10952201292714 0.127804555696979
0.03534902598133 0.129796237695558 0.0843820531643186 0.100702218082629
-0.0181998825843511 0.127624641595375 0.0508780536983376 0.0742854092140202
-0.068303946597564 0.109495491519703 0.0417781891242009 0.0474492866527862
-0.0960984462038048 0.0811389878557741 0.0432036515833652 0.0199316479313269
-0.132659684087109 0.0349098632660741 0.0842479134614931 -0.0136609617029509
-0.174172046442421 0.0114108446353438 0.181164801529939 0.0293618414715142
-0.0649849097532606 0.033710190253677 0.255313892520756 0.153319697836182
-0.0392722265950558 0.0386016428826774 0.194097643271872 0.0362745463410796
-0.0253294808383959 0.0368554873547775 0.0631118895954677 -0.00611092985700944
-0.020166478115563 0.0271997738429106 -0.00757250732384894 0.0315654706457041
-0.0220413188283087 0.0402520564171149 -0.0186926953597525 0.129174200400748
-0.0020771066404327 0.0507290706688292 0.0496441691679575 0.182533980071979
0.0176537319021037 0.0483793121939293 0.113037708929523 0.186879266012136
0.0197432820839347 0.0487848409332666 0.138043965431758 0.174782816562255
0.018201029330647 0.0517214252149697 0.115413392569378 0.163338975251313
-0.000581750741535903 0.060006770566215 0.0717092493375377 0.138085806156569
-0.0283801890184397 0.0488602735255496 0.0211829990839085 0.0995904057661485
-0.0397817113786922 0.0180850075869462 0.0154980295481068 0.0445750121985345
-0.0235556341771998 0.014316573571444 0.0450709285508597 0.00919071353172177
-0.0358507898950385 0.0252340086119725 0.106432410089411 -0.0227265329329644
-0.0710609567713747 0.0337625315080742 0.220010643456077 0.0308150498535795
-0.0596220495890702 -0.0531024006042409 -0.239722870889001 -0.0316125225183581
-0.0727070223879722 -0.0312660853812167 -0.156247026977668 0.0328774893081193
-0.0651396180291755 0.0341256495282712 -0.0524451840023637 0.0070454857317268
-0.016225489812798 0.0635139473143066 0.00611935619929481 -0.0161956442809975
0.0182702701139966 0.0439638436520401 0.0207833349207065 -0.108552334841049
0.028231588049746 0.0288838097940451 -0.0464445223935019 -0.165897418438926
0.0361920702531965 0.0178811418815585 -0.105009965818558 -0.185618842030594
0.0352693144451701 0.0146467901111699 -0.135459512434171 -0.193181148528031
0.0393321882108994 0.0225618532083273 -0.123564458648387 -0.197412920857582
0.0284247413365757 0.0441324272657167 -0.0720613427459686 -0.187479567969436
0.014476377753112 0.0540988110945743 -0.00587904320405384 -0.14224244934709
-0.0264126860133725 0.0741556417597037 0.00032097082584185 -0.0425193936899749
-0.0755501366768685 0.0355186168102889 -0.0840004069609453 0.00295062955268825
-0.0656940962545069 -0.0397496832729891 -0.190477923517475 -0.0186320237442574
-0.0403565897165579 -0.0597609258234907 -0.274763378104635 -0.150689972157463
-0.155044330098744 -0.0744301739823091 -0.208078292287055 -0.0372004379991716
-0.166835701538566 -0.0455243649205718 -0.148332005454838 0.0153439076052933
-0.156373043769393 0.0636844858152737 -0.0627592210545035 -0.000719241642385438
-0.0840471849332177 0.134414210686772 0.00830392253469473 -0.0105018190237724
-0.00930699106977267 0.133820274939925 0.0289629200038837 -0.0972919014592002
0.0409494811620508 0.115489216147515 -0.031817160240608 -0.15239282538979
0.0812864067831368 0.0917553295261153 -0.0807809266621566 -0.169211714751959
0.08452062705602 0.0784574784891369 -0.107983819780857 -0.169089916104065
0.0936265373803691 0.0854506238637586 -0.102398664790407 -0.168572644539486
0.0635832794531006 0.128761850429634 -0.0587526803395512 -0.163930891490611
0.0181878057087113 0.143738618053382 0.00258083264045754 -0.125427277030098
-0.0609471287771282 0.169808278250863 0.01024909485511 -0.0192013161517507
-0.152748692222157 0.112175701501691 -0.0808768510835286 0.0296520799072256
-0.180589016113964 -0.0168205809699994 -0.183715274669178 0.0144316538312922
-0.166356676319297 -0.0746954308411528 -0.250038442338491 -0.103391338366051
-0.233721942677727 -0.0905789316691358 -0.146519746365922 -0.0205126117255674
-0.250032591713252 -0.0576959680818306 -0.117617400710996 0.00437942053892725
-0.23997673856063 0.0857226404987513 -0.0663393970898687 -0.0127127085852534
-0.153205212471719 0.194843814492007 -0.000144542766122299 -0.00748392620222394
-0.0418442693084907 0.215404641713013 0.021576415166738 -0.0700021130301814
0.044999213444906 0.19374684608207 -0.0201375241912041 -0.112372864871393
0.113797410714888 0.155990776099461 -0.0480006172928381 -0.12401830357366
0.122010346721957 0.129571877161347 -0.0638046197281689 -0.11929754685251
0.137588732541295 0.131996621434244 -0.0628630685432938 -0.116724238328132
0.0988424608441656 0.190056378409333 -0.0316858687859447 -0.120606616190912
0.0329749279452034 0.21315847438604 0.0169161505985249 -0.0959326031756316
-0.0724911106904716 0.250713859695118 0.0280937131356444 0.000437373747203871
-0.198813023435927 0.18745210117201 -0.0567643168329665 0.0470498679224784
-0.266176196337991 0.0240892446523191 -0.142152287836928 0.0379377780576267
-0.268167968254183 -0.0672194143529338 -0.182033994568033 -0.0550788835873037
-0.282170435836651 -0.0927265393005766 -0.0598556465287238 0.0158765255959518
-0.307605067648126 -0.0556928593509157 -0.0597113834743467 0.00503003481153378
-0.297954447848173 0.108529758892017 -0.0570108741708334 -0.0243203752503373
-0.199343142807325 0.241296862424344 -0.0127631529906693 -0.0041183809724874
-0.0658054124779306 0.272537603389486 0.00331135374992932 -0.0268722241128705
0.0443958693367545 0.2474650820903 -0.010476269719992 -0.0470525759252449
0.131133013484652 0.197102049790965 -0.0096225898802375 -0.0554257181958463
0.141372202716892 0.160335162583957 -0.00921237372417963 -0.0520379503083775
0.159016140357318 0.155582714662899 -0.010618049037457 -0.0525086123004854
0.11869733718639 0.220674878777251 0.00800665628302228 -0.065128224256753
0.0439248981810351 0.249048824356391 0.0383028692805535 -0.0562807940444321
-0.0715037954783336 0.292865180943909 0.0492723450214122 0.0164811857174029
-0.211874887947157 0.231927448733978 -0.0215589348822316 0.049884883114491
-0.303252537072291 0.0612361676712741 -0.0776631788763512 0.0404126234127907
-0.323810527554421 -0.0467565920756859 -0.084379471425258 -0.0170100202200971
-0.291703772394154 -0.076575806345508 0.0413442557697443 0.0645652473062148
-0.318829801341903 -0.0347565687612692 0.0165826029746057 0.0165742243046371
-0.304990137711765 0.124212331969564 -0.0334495057115434 -0.02801741216949
-0.205690824855821 0.252648810449907 -0.0235964904486544 0.00555882181548378
-0.0716097408583572 0.285557008175232 -0.0160504317342008 0.0290059748972486
0.0405446960425118 0.259658390030907 0.00171643516187741 0.0333211176429681
0.128792385579914 0.205806837723926 0.0315038084477233 0.0259785196728565
0.138574376732337 0.16660238398363 0.0477464845671963 0.0219929797141145
0.153367709010814 0.159160961724611 0.0448699663171865 0.0159049577611318
0.11249028948213 0.220067279257208 0.0506641118165546 -0.00559717216164312
0.0368065959653846 0.244992498419627 0.0587386400313306 -0.0100288693778815
-0.0722786664071574 0.278070091655426 0.063167169738833 0.0301664695233042
-0.19619289791941 0.224461414870858 0.0121313749906527 0.0420936121760159
-0.288239431887677 0.0727402087888269 -0.00848546031781304 0.0249473387563364
-0.323168169025963 -0.0245484173812822 0.0229143016931771 0.00758666842712539
-0.256531429800996 -0.043401560642898 0.140677378456073 0.112087567666629
-0.269953045055884 -0.00269789158001851 0.0955516586441745 0.0319374635019003
-0.24900033506875 0.121277201753233 -0.000647442413448626 -0.0205652155383188
-0.163439758931161 0.214302345424379 -0.0257682264827208 0.0199613575650421
-0.0606701066031968 0.240582373079558 -0.027118329631245 0.083320275595583
0.0331486036584777 0.223179052713224 0.017096369097135 0.111011795791972
0.108478439062437 0.179134241280048 0.0705398373728867 0.104029467595559
0.115156395732176 0.148098698049594 0.0976204146715748 0.0923245886204732
0.121555606152825 0.143564278252995 0.0905143285739889 0.0804107344368998
0.0809774013762567 0.190758437641403 0.0810865063664113 0.0533392372878944
0.0100480995923414 0.203622676100707 0.0660461021895529 0.036981677882436
-0.0787005761902293 0.21118595378657 0.0621488022591577 0.0431345433512971
-0.15967603939284 0.165879865609125 0.0355625423549281 0.030814570759627
-0.228978422985049 0.0581654566710883 0.0490502017744233 0.00371853735687073
-0.271585589578884 -0.00669261423660545 0.12008782687718 0.0224675778076687
-0.1789706356732 -0.0021931341740875 0.221455067224894 0.147618624388831
-0.169223151017911 0.0278505706354342 0.160660628391056 0.0420162374926544
-0.144257942813642 0.0925919037091073 0.0343682801163955 -0.00952977174689893
-0.0934010613718481 0.132777030509101 -0.0184571661903999 0.0314363719710793
-0.0408264725908361 0.151477256223908 -0.0274617132498995 0.121731341119427
0.019362104028489 0.148049138859328 0.0353902765403941 0.168336117827927
0.0698908438249366 0.123574146435205 0.101745445726333 0.164661681630392
0.0733705849424162 0.107228205877426 0.132960679657632 0.148916843486467
0.0734228640414069 0.107808466252589 0.117671645316123 0.134818386268062
0.0382245493608804 0.13678846128244 0.0886263866601282 0.105723717706601
-0.0181568268064103 0.134786347562391 0.0518638388337417 0.0773039045443716
-0.0725225074255985 0.115322942715147 0.0436519987041321 0.0497596515565864
-0.10067761195321 0.0857040950159072 0.0450934452602631 0.0195347636652521
-0.13925051390944 0.0363824491185308 0.0879879664724345 -0.0141015729935283
-0.182132150180262 0.0112616394485098 0.19250357238272 0.0311061718088709
-0.0699745075640145 0.0355606811266334 0.270870056477398 0.162727413687615
-0.0416492772622739 0.0409721202886459 0.204446507179029 0.0395196229488327
-0.0263077559328743 0.0390173049912701 0.0650208513722012 -0.00642508632668768
-0.0207079855302249 0.0285162155331995 -0.00869041137425594 0.0333460268457279
-0.0230948287119316 0.0429355423279859 -0.0195800936572601 0.138251164026195
-0.0017530104105635 0.0539988347372915 0.0524938270258884 0.194941308768653
0.0182057050162633 0.0506459935032938 0.120871540435549 0.196970078650461
0.0215201454549825 0.0508732178217078 0.148126737230119 0.183848745559341
0.0186254713371722 0.0543470576450815 0.122889531210767 0.173005177322054
-0.000579780189439317 0.0631838851006864 0.0755934033418745 0.145390428665444
-0.0295237176260832 0.0519392063710462 0.0207529609565733 0.105223190101218
-0.0419049942358961 0.0190866168709864 0.0156550593268854 0.0463391322498001
-0.0245319204078115 0.0145949822022911 0.0473098916409848 0.00793142387987486
-0.0375084415087397 0.0264715973302741 0.111260385726188 -0.0236750065108236
-0.0741609400592194 0.0348406362944637 0.233380335254554 0.0336169379465256
-0.0529480090836012 -0.0610770814862352 -0.240942717355877 -0.0816774833819214
-0.0677152352956869 -0.0429961681110899 -0.167386222755365 0.00463705616165792
-0.0720663989620512 0.0221980863155679 -0.0584842773692634 0.00171784758124925
-0.0266834596037294 0.0605411187140442 0.00721947165307976 -0.0109900620719188
0.00843593736079769 0.0466599126437294 0.0416443239764489 -0.106799280693839
0.0217051530413074 0.0334834992926753 -0.0187693800364461 -0.17922421017492
0.0330956436245354 0.0234513361480616 -0.0774950438544275 -0.210901673950673
0.0311875513959393 0.0218511993879531 -0.108443760669318 -0.225446035467408
0.0359230002855708 0.0309229049126208 -0.0965613871543151 -0.228694067715592
0.020380599825306 0.0503000789259486 -0.0439479021793853 -0.209462098927707
0.00294653881378938 0.0583610721464673 0.0189083714809525 -0.151393275297696
-0.0418173902274931 0.0720541190999568 0.00889041275044498 -0.0492494193795587
-0.0868816618738534 0.0197511064689372 -0.0842665299571664 -0.0124817723759605
-0.0631838884517244 -0.057631101738849 -0.186926560514991 -0.0513709565264104
-0.0342958857306426 -0.0737323911520239 -0.252940878931768 -0.206813629566112
-0.145194303043504 -0.102750571088831 -0.21170540776747 -0.0828353433037686
-0.160597879589827 -0.0750226658823892 -0.159192680525828 -0.0126710077012964
-0.169424668919191 0.0348587829174049 -0.0736606754649177 -0.00654619986921477
-0.107207992852767 0.11962705777666 0.00223785460410578 -0.00199751890586179
-0.0353143659000708 0.133795942936453 0.0474214730494349 -0.088783940364656
0.0192610954761788 0.125236239944835 -0.00571421370503398 -0.160425712188561
0.0658026108442761 0.107913299339732 -0.0544565873102757 -0.18791260578596
0.068903672261192 0.0982440252917001 -0.08348044549528 -0.195804741747444
0.0789096709941561 0.106726695339795 -0.0806134833991433 -0.195708864577714
0.0411293839897685 0.146248289656432 -0.0369532983506009 -0.183960460476581
-0.0129838209114033 0.153028854799796 0.0243234989521266 -0.136279871549497
-0.0963452767564687 0.165286888004702 0.0157826761796525 -0.0294126633948269
-0.184693114223313 0.0823941073491472 -0.0830984023245592 0.0141709214733963
-0.187779811118676 -0.0575897556668825 -0.18049997424518 -0.0164123234094269
-0.164589416294427 -0.116758633216104 -0.231205719527822 -0.148806556467828
-0.220255136033852 -0.135638397718795 -0.154773914739507 -0.0559144111218106
-0.242561374098494 -0.103577533245689 -0.128911909900308 -0.0192126274345323
-0.257967501233618 0.0408831677638625 -0.0809565522221708 -0.018419482775767
-0.186939064509555 0.168876937819223 -0.0119233694023802 0.00152828338989851
-0.0840587889728309 0.210586894209547 0.0347055426531697 -0.0578102724900838
0.00833519740246336 0.206881644187072 -0.0010436546708209 -0.114481525004745
0.0871334696182919 0.179888344619353 -0.0297175825053048 -0.133123160834481
0.0969845896609646 0.15924995012866 -0.0457559196166009 -0.136077503469136
0.114343276854401 0.162716619372239 -0.0493259137463031 -0.134308673733125
0.0653299831565395 0.216375627242913 -0.0183040560399228 -0.134912166533814
-0.0124684731088744 0.228657738730488 0.0326970055807739 -0.106413710404492
-0.123286569619768 0.247978469962841 0.0301667933476938 -0.0109998152225073
-0.247876261994821 0.150903899521255 -0.0599229952853396 0.0341020395135914
-0.283331576140047 -0.0317428883085838 -0.139483105771629 0.0134466925123854
-0.273240547677858 -0.130389848989009 -0.164615100539494 -0.0832454024943896
-0.268185119489897 -0.148760631594804 -0.075252021815874 -0.00220139425340586
-0.300988550673599 -0.112163880720749 -0.07181387756036 -0.00845274929017027
-0.32115580653779 0.0524936859545435 -0.0733632882280724 -0.0283616202111402
-0.242578042406506 0.207070461578078 -0.0309069346750983 0.0041105916849181
-0.117934921856014 0.265782411096823 0.0073660561481706 -0.012054296111598
-0.00177713982342604 0.262651701179583 -0.00231346153275004 -0.0434133582343344
0.096776639701573 0.225344926877485 -0.00133622421928222 -0.0530578916158978
0.110363238051781 0.195286801167166 -0.000249127559088022 -0.0566997195863435
0.131390831516252 0.191689155078037 -0.00595542979211912 -0.05834351947916
0.080464153501623 0.251695526021219 0.0124996417873602 -0.0704904447559778
-0.00822465948146567 0.268738722576756 0.046597375385235 -0.0627565214391744
-0.130074814598365 0.291897211037667 0.0472390842110364 0.00659116696517346
-0.270222556134398 0.19440492425691 -0.0235041117239179 0.0419068340052744
-0.32837436108626 -0.00101183188822539 -0.0722252726232357 0.025890617123281
-0.333851687306026 -0.120714455129679 -0.0678804458630782 -0.0241353841834836
-0.279325318238735 -0.135674970822611 0.0187124399220447 0.0666857689647644
-0.31603221605744 -0.0953697541213229 0.00448543881625824 0.018346748010379
-0.331032746905827 0.0661466614032326 -0.0491589277846063 -0.0261508388378312
-0.250032959303499 0.217837177116323 -0.0445446096500389 0.0122097996418377
-0.126152940525655 0.276646831412195 -0.0225801074754591 0.042817305336404
-0.00730562022770982 0.27517128778442 -0.00403035304282586 0.0427416959035516
0.0929002174846966 0.234051640514246 0.026932935800064 0.0392988089848683
0.106569133455899 0.200725127784531 0.0460296287781285 0.0307430818149879
0.125002524626685 0.194357416355432 0.0406859433651686 0.0223699243578529
0.0737574508661876 0.249762895705216 0.046646870113182 -0.000571191569014985
-0.0146341341438672 0.263381123997247 0.0599393789506839 -0.0112204063695885
-0.129204963477401 0.276381808864499 0.0594955284759363 0.0246228406080788
-0.25206980474017 0.189704813219788 0.0121873988025729 0.0397275399638882
-0.314355055036137 0.0143177208676982 0.000684790821695593 0.0225159362231225
-0.336725265901862 -0.0971525756186204 0.0389599683033292 0.0218395108185375
-0.249133990572552 -0.0961962711160201 0.113198352296201 0.13589942986098
-0.272174436143046 -0.0546281984532017 0.0841960631347197 0.0492670304682781
-0.274326443813778 0.074421114110276 -0.0142897786547549 -0.0133331018797099
-0.202361646336039 0.187211733810648 -0.0461547000396361 0.0255940340024061
-0.105209308588301 0.234659393255292 -0.0437326234999111 0.0958342901326664
-0.00707407805146245 0.237425806005199 -0.00146736846891218 0.125934121554191
0.0771102473012288 0.203496123596945 0.0544529617814014 0.127373853063015
0.0869405747886962 0.176594339085959 0.0854299428998167 0.112860053463691
0.0958466783901431 0.171556446316568 0.0783643056014856 0.0979903313971307
0.0472270196976145 0.213480377983626 0.0689781458318987 0.0660567954358968
-0.0336740141745508 0.214498994609042 0.0598708829673571 0.0405274483549624
-0.121587825914522 0.206197066050857 0.0573930769296809 0.0408672930444082
-0.200601658736691 0.137222472758706 0.0362529109468338 0.0327662214473191
-0.248645406424705 0.0128594061847523 0.0599298837017752 0.0108371850472046
-0.284274716907089 -0.0665276246974674 0.134184647403281 0.0541827848962092
-0.176696348349778 -0.0399431030783025 0.191977784493924 0.189662250329481
-0.175055054098417 -0.00623146161406044 0.152253684701868 0.0726708101882553
-0.163308245190189 0.0649609619476242 0.0261807305605197 0.00207402892505644
-0.11592145961034 0.117792444101844 -0.0350830605791458 0.0354544241092609
-0.0674277849159871 0.147981243256244 -0.0504426348852656 0.130899307658956
-0.00594318636585194 0.158502506165024 0.00754357201427755 0.186789537650714
0.0484263347424928 0.140360349579582 0.0772728232157849 0.194335743632221
0.0537572224438785 0.12636094141036 0.112317060282761 0.178619004149146
0.0528686006943885 0.125469237545867 0.0987605542908579 0.159699077464885
0.0129243975170605 0.149243660290208 0.0701258003372087 0.123077103724913
-0.0479125897202404 0.137305481549889 0.0394203866398595 0.0836298974578461
-0.0973786790759278 0.106951610012801 0.0377164832021907 0.050224971016715
-0.122462792678725 0.0666286570511097 0.0460200036635683 0.0245205652901719
-0.149569708223782 0.00856737078999435 0.0980181697672236 0.000124812105879755
-0.192489388949219 -0.0286232498341614 0.203574584269666 0.0747780497700083
-0.0720783481139906 0.019473614353962 0.243195525980264 0.217494493773617
-0.0480857156847859 0.030354404233825 0.201653057076128 0.0783608534216548
-0.0327522447239568 0.0337957904242544 0.0638258647577038 0.0069854346487583
-0.0252829394376913 0.0252554011239802 -0.0180816242401909 0.0347928686059331
-0.0289848930323508 0.0405310389967941 -0.0452223842803077 0.144347241769681
-0.00967947919289545 0.0566815755887517 0.0210713379826674 0.215491185909505
0.00957023520161981 0.0563147577762694 0.0919640312105184 0.229096450954725
0.0125424963565432 0.0571378895740836 0.122357563961168 0.217115003267079
0.00790384791100326 0.0593938039626237 0.099459486431613 0.201625942475067
-0.0123967006067378 0.0662375101319253 0.0518689764376534 0.163392385247293
-0.041814927709038 0.0487018922252195 0.00347804945111608 0.11019907804579
-0.0477777388549089 0.0122145421956879 0.00918864112989608 0.0481514451623531
-0.0282822784008877 0.00949066208752349 0.0480034131712137 0.0147366494744438
-0.0420116684855844 0.0202232351829891 0.11890720422016 -0.00544665808958295
-0.0829223848264511 0.0199839125315976 0.239999680476233 0.0820440375230275
-0.056373918126257 -0.0573459313331353 -0.249680466347593 -0.0681675249205242
-0.0714345892482721 -0.0386386616220257 -0.166945950918526 0.0143147045882342
-0.0700198902189365 0.0272140609538572 -0.0579798376388462 0.00750114422205893
-0.0225187730060542 0.0624253085123365 0.00806860500610908 -0.00965857857635405
0.0122274115108658 0.0464224861850925 0.0346278316597249 -0.110508148640303
0.0245422106286752 0.0310356200670259 -0.0304779719477677 -0.179203902521695
0.0354867205696289 0.0209680607624509 -0.0927470287133636 -0.207616026101524
0.0329900862589793 0.019644615846786 -0.125796165125879 -0.218906304043326
0.0381975461797102 0.0289333826837557 -0.114046532317811 -0.224348705236816
0.0246490975441591 0.0502527956537312 -0.0590871473734319 -0.209960732781511
0.00700783203828044 0.0585058290446162 0.00873401431003946 -0.155190686818416
-0.0371374217024871 0.0762667649658245 0.00729195717269145 -0.0509662845157106
-0.0866083146009104 0.026746703488375 -0.0844881824911318 -0.00649728370469645
-0.0690996767624569 -0.0546671463825388 -0.188931121464191 -0.039158835285244
-0.0404347873414621 -0.0717514707175278 -0.269305173810152 -0.191832593453378
-0.15243360214614 -0.0930431602486594 -0.220140085779575 -0.0720948684522716
-0.167086830985288 -0.0643508565788093 -0.160168387850555 -0.00396952624700114
-0.166553546685857 0.0466851483980496 -0.0742800494522169 0.000371379599941178
-0.0991995836833736 0.1276823172002 0.00375744796204215 -0.0014035874075202
-0.0249966418677067 0.136673345276551 0.0413777242869585 -0.0937177282437222
0.0285136930460811 0.123967871182559 -0.0164328174407326 -0.161223763693243
0.0739213219965212 0.103110984881317 -0.0688732055354681 -0.186810708138942
0.076541636450475 0.0940012998389241 -0.0991942603792639 -0.191993029908058
0.0867820292231448 0.102839393929431 -0.0956331209547438 -0.192240782745064
0.0519259537070701 0.145133585735848 -0.0510553091139647 -0.184863683941149
-0.00259778919746204 0.155456224304044 0.0151277208171214 -0.140824802561943
-0.086145381728571 0.173941483259357 0.015115879511646 -0.0318288431955142
-0.179614336953332 0.0966876731333434 -0.0817992965971352 0.0192635585466566
-0.193496666155077 -0.0458450179852354 -0.180715793919536 -0.00453640785284993
-0.173856783932457 -0.106023080824173 -0.24135111988692 -0.13455402956891
-0.23007274412207 -0.121710126986477 -0.161417970744967 -0.0472136824674882
-0.251503257554689 -0.087686658092158 -0.129781212572989 -0.0120072664311398
-0.254968770603381 0.0593076593236881 -0.0826830807619423 -0.0112685258602846
-0.174914079790775 0.182469278826547 -0.0107316824013389 0.00316544650276501
-0.0674279481792423 0.21822576276497 0.0307056980123893 -0.0616658255698034
0.0235760685869244 0.207050619764411 -0.00843014050902988 -0.115145593907562
0.100172590544789 0.1745148062397 -0.0390743115227454 -0.134166442981706
0.108797651369396 0.153946505832958 -0.0571698392460536 -0.134612260807605
0.125766924580104 0.155811664261744 -0.0594497601760791 -0.133335887239697
0.0815491457387673 0.213993273364694 -0.0289050176276302 -0.136353358365692
0.00397335895166679 0.231395172971264 0.0242819081049854 -0.111414587774963
-0.107548038364448 0.259070794415434 0.0307388712969003 -0.0139156824039745
-0.238110655892027 0.169568229471238 -0.0569595285301698 0.0379374876968128
-0.287735700265614 -0.0140798186824113 -0.137635255683498 0.0234657181262303
-0.282713870251531 -0.112120955360927 -0.170019542091758 -0.0727331440461303
-0.279596180087 -0.131601448161014 -0.0771800212833547 0.00175695787329166
-0.311253184113625 -0.0927882821524102 -0.072377997974346 -0.00436702170153134
-0.317775108204679 0.0756290597234164 -0.0759009661892432 -0.0216409954415273
-0.227162000585063 0.225378322812023 -0.0295041071687281 0.00658660718935297
-0.0976786368171606 0.275751025063262 0.00697828988150084 -0.013864608057178
0.0173190807430978 0.263767731994992 -0.00461535267184333 -0.0428913165217936
0.112909661344563 0.219798304229349 -0.00515909039294134 -0.0556282750719642
0.125085745121113 0.188611799705757 -0.00539183879530305 -0.0578443371624333
0.145023310276045 0.183674482118126 -0.00957928147925144 -0.0594742892934942
0.0986632046943399 0.248419694021808 0.00658490177284937 -0.0735022887742581
0.0103004653074152 0.271742861046355 0.0406334527217592 -0.0683715497886916
-0.111278104128162 0.303898892970783 0.0494917055150435 0.00248608076038237
-0.257566748792787 0.214688585461671 -0.0208986785855247 0.0428726856508075
-0.330653312942486 0.0199598801373165 -0.0698792638216394 0.0315200083829435
-0.342608173461235 -0.0988611221929003 -0.0684187827545236 -0.0197513765409177
-0.290241745958896 -0.11807630524446 0.0224311879505328 0.0652710088568217
-0.32496977768852 -0.0753598848143099 0.00538618813119793 0.0175568042194069
-0.326563277992853 0.090059918245005 -0.0525364599692147 -0.0222502000758786
-0.23587142960186 0.236204629579618 -0.042998822640294 0.0152507113692366
-0.105746180631757 0.288527022426081 -0.0194698236619594 0.0435081755617319
0.0132775106326941 0.277717842726728 -0.000583274331884597 0.0445107404367273
0.109837746055107 0.229536388879898 0.0297899614318585 0.0355923076550754
0.12182468421167 0.194605136009081 0.0477700256693837 0.0265565526989705
0.138307638877133 0.187459662606505 0.0434307369161218 0.0180380195898208
0.0923595919304419 0.246844498138881 0.0456884378407673 -0.00515027863237934
0.00325395654327347 0.2664992780682 0.0573615023839715 -0.0165600555976342
-0.11100418037749 0.288372562423666 0.0628111537613302 0.0197011221986221
-0.239670939003868 0.208173332193328 0.0147536763146729 0.0383132336869104
-0.314956267894891 0.0340435267138528 0.00192075904248377 0.022917697708729
-0.343504747269447 -0.0748565178333041 0.0423539188407283 0.0192483489710246
-0.256817762903203 -0.0806908523504074 0.122635884330047 0.129509248644354
-0.278319831510295 -0.0370293348801896 0.0874685260341109 0.0445777062979308
-0.269614494520156 0.0945736267119521 -0.0163337727334218 -0.0117288405919332
-0.189288210331959 0.202856554815547 -0.0448807631393358 0.0280363857165965
-0.0882054104159063 0.243697998968219 -0.0372638139831286 0.0990801652632946
0.0108125835911171 0.239852886210455 0.00794859342380817 0.128150242914162
0.0911696574081579 0.200134638030002 0.063391809117633 0.122346240799992
0.100234602777516 0.172061898827907 0.0943202287322841 0.105815488495165
0.107509266695166 0.166043552357793 0.0864528860801622 0.0918936954106145
0.0623186035628894 0.212123945077328 0.0729644377978352 0.06094920966327
-0.0187494494359211 0.219080262457126 0.060684623585249 0.0356989614175005
-0.108658614128622 0.216402803956229 0.0613389290517781 0.036507149587805
-0.191479649780584 0.151426325286001 0.0384549940362592 0.0295709437974521
-0.248131578011109 0.0287220387120966 0.0603657429158366 0.00705947351342931
-0.288471636444609 -0.04803583176348 0.140318645124438 0.0459752766036592
-0.180973129471634 -0.0278058523778276 0.207331650424194 0.178686104238032
-0.177101145237678 0.00517364700157194 0.157989054441983 0.063715552958725
-0.158779884365273 0.0770462866821934 0.0246630342679486 0.000912055900069281
-0.108363304593024 0.126292679226289 -0.0338930641887109 0.0378322739079063
-0.0567128892453362 0.154196382783396 -0.041733904888304 0.135766754722128
0.00562992092112837 0.160055105279271 0.0211433397118358 0.1892294590828
0.0581931772833834 0.138329848217669 0.0910933690265044 0.189189750284542
0.0627177577122694 0.123116180306593 0.126610341828368 0.170506813730675
0.0616196238500938 0.123001000667815 0.111605830688081 0.153411194952634
0.023706404553739 0.149429866069919 0.0780652334198599 0.118833680904917
-0.0380585337561403 0.14169094678897 0.0432652927886531 0.080531606555726
-0.0908384709457535 0.11509372206333 0.0415959810648206 0.0471828274103801
-0.117664110635129 0.0749372010504372 0.0471536980827081 0.0201869201733958
-0.149286806647263 0.0177216255810245 0.0976056616776329 -0.00631006833242736
-0.194506605982651 -0.016021009471479 0.21120366671858 0.0621575995436434
-0.0719405096429328 0.0242964857150856 0.260971087069554 0.203684227434996
-0.0464329933870154 0.0335518386108621 0.207749432145471 0.0667806350107607
-0.0298573687750392 0.0369267344424942 0.0631544131982295 0.00317273972786242
-0.0234725172409222 0.0270166127109942 -0.0170138181528054 0.0360294242763537
-0.0266247088673041 0.0431495582420337 -0.0353286399464171 0.149687610039501
-0.00551423213697825 0.0583737748116359 0.0365775487949423 0.217194580149361
0.0126160042159534 0.0568617074051726 0.109087310862532 0.225182993506789
0.016682045438225 0.0561502091397453 0.139657372937541 0.20969905544092
0.011860319924094 0.0594873423460895 0.11593030564529 0.195187097838977
-0.00786901400531284 0.0670749373976586 0.0634520920219173 0.160970292580681
-0.0383713906911901 0.0521587113998153 0.00955972380932865 0.11111673539445
-0.047235532299215 0.0156307850403498 0.0124334481694687 0.0466798198061766
-0.0272698887273877 0.0112209554586374 0.0488617035119138 0.00965472588713883
-0.0398917285419855 0.022674808867032 0.117777208998071 -0.0127435754160144
-0.0812127125172725 0.0248352563938897 0.248433950634873 0.0674229501653628
-0.0564339509249706 -0.052432026662047 -0.247915646388127 -0.0571899570270215
-0.0712455702173986 -0.0343901425302084 -0.16097916585058 0.019793813539195
-0.0661348035981917 0.029767804578796 -0.0554227087018931 0.010983806855704
-0.0182041972702975 0.06163506804404 0.00821239791617151 -0.00876688270058767
0.0149358189732999 0.0436097958508614 0.0279996598000931 -0.108670699080826
0.0255223196559464 0.0279664365696401 -0.0382882597748833 -0.172687041685486
0.0350722323923278 0.0179641105922725 -0.100682416916089 -0.197795258924086
0.0333842720120067 0.0175457339784272 -0.134939818637295 -0.206223169060533
0.0389127127728044 0.0262437659862695 -0.123626225084507 -0.212683933400049
0.0269756654954366 0.0479939441497972 -0.068383610872532 -0.203099632986084
0.00934804440422068 0.0569383214678319 0.00196545732612745 -0.153111529006168
-0.0324738937171575 0.0764702923741595 0.00580188759442051 -0.0513606383872488
-0.0827684164215182 0.0314738677770785 -0.0811798869125931 -0.00251167629921619
-0.0711171399664653 -0.0499996638361087 -0.18358661082864 -0.0291950704077688
-0.0430407328385506 -0.067087399045634 -0.27043648867769 -0.174518825020975
-0.151291766370692 -0.083072514386671 -0.219048614256916 -0.060856408757748
-0.16570582642424 -0.0540655604835441 -0.155214518898895 0.00252497126329502
-0.157793119841776 0.0534371817044115 -0.0711046695468339 0.00532708612685418
-0.088368547930761 0.128532670579932 0.00480025465152465 -0.000844471970084749
-0.0164173261575352 0.134204013684323 0.0357817550203081 -0.0933664615327256
0.0343948583884928 0.117941824568885 -0.0234995822432747 -0.156047221145844
0.0769620413266008 0.0964879473457125 -0.0771268827583839 -0.179674729094259
0.0793215664397939 0.0873274810305031 -0.107315182052608 -0.181290212973506
0.0893743039366841 0.0954662620932732 -0.103926350613731 -0.18282376382653
0.0582379382716137 0.138740082936336 -0.0595212845305552 -0.178532787737533
0.00538861297010899 0.151317845861443 0.00643548293803735 -0.139951228875991
-0.0748850984576092 0.174465489223792 0.0155320994403554 -0.0328382808456467
-0.169120868970262 0.103872517143061 -0.0775782822289638 0.0227638215119135
-0.191940829653585 -0.0364428135635314 -0.17395673403963 0.00470312109322533
-0.174137974535824 -0.0943066888874214 -0.240427925748015 -0.120221076498422
-0.228542273405921 -0.10733420657981 -0.161397321029812 -0.0400514994427088
-0.248049910418502 -0.0726970859246317 -0.127046738018848 -0.00692541255396463
-0.242429721021108 0.0703885803098798 -0.08084740656482 -0.00566248833283031
-0.159585336150275 0.185679994956004 -0.00919958986056196 0.00385313951550406
-0.0526997354772397 0.21543179012028 0.026812984086232 -0.0621200615042507
0.0342208712906661 0.199812170519164 -0.0135126864978341 -0.111115942523352
0.10600547533007 0.164075463920942 -0.0452258365872213 -0.130266928470733
0.114043347330978 0.143493331633774 -0.0631668398469461 -0.128470995688664
0.129863137903049 0.145753187582321 -0.0650895098859133 -0.127667837996899
0.0908426465710803 0.204365176383962 -0.0367029614066325 -0.13244195317028
0.0148663946453428 0.225495451168685 0.016666064668048 -0.111190909003008
-0.0920411829013005 0.258561765715814 0.0313062508505191 -0.0166426087234984
-0.222301718872151 0.177556276717498 -0.0530529130404304 0.0388531031334676
-0.281324061047686 -0.00085384460773166 -0.131216485397287 0.0298174154391575
-0.279042452542085 -0.0954157993967397 -0.16780812697907 -0.0628802874777957
-0.277079144202339 -0.114499921270737 -0.0766410295261501 0.00437747262940916
-0.306787110815219 -0.0750895665565112 -0.0711943032244445 -0.00156610416430852
-0.302310980703257 0.089585318602803 -0.0748776876742459 -0.0154287079754916
-0.207802016013334 0.229291821321652 -0.027714456909367 0.00794975985483181
-0.0793571323286833 0.27308424214717 0.00611307009303559 -0.0152342024197003
0.0312867801086174 0.255311506337948 -0.00635883596732503 -0.0412372196773388
0.12017188778016 0.208242339818022 -0.00871309147696426 -0.056218469811002
0.131119501448546 0.17634797114855 -0.00904133031172299 -0.0566057008283121
0.149758054195906 0.171960403926778 -0.0128530179089041 -0.0586715748207594
0.108636765975095 0.237092180858597 0.00144591445736089 -0.0728030463059531
0.0242688358019779 0.264193460310217 0.033754213906438 -0.0699683112055802
-0.0937317080281712 0.302335323250151 0.049911413872595 -0.00116896892284074
-0.23751547727014 0.221499195968231 -0.0182002888921412 0.0418577019863317
-0.320586215725113 0.0336113689758309 -0.0652437653888897 0.0343669872217717
-0.335961274470685 -0.0790990069797372 -0.0657291362977731 -0.0161583480609298
-0.287371748575865 -0.10159989286035 0.0242453158724038 0.0620982314175082
-0.319704016509867 -0.0571019240680126 0.00550967120275286 0.0165304252954533
-0.311398437612654 0.104331502122133 -0.0527333424631023 -0.0173202165181264
-0.215551075575225 0.241335342732121 -0.0412456525543606 0.0165682562866354
-0.0857649160853097 0.285766105431948 -0.0171667864752468 0.0425836540636665
0.0283311367243637 0.269353485435801 0.00195800807422562 0.0437489229800305
0.117570599103467 0.217981184656933 0.0302132202892295 0.0309721534969044
0.127704834005002 0.182995783066263 0.0473498979638264 0.0218408722012504
0.143601457070821 0.174879637161239 0.0423533539645382 0.0145013448234438
0.102493111110899 0.235455825630668 0.0425837464298702 -0.0076982738876499
0.0170180370573141 0.259686535851337 0.0519284107132604 -0.0198961085096464
-0.0937878203029934 0.286916667238924 0.063474895566626 0.0147738527563601
-0.220416679819424 0.213930825573606 0.0155469641342517 0.0351783347083095
-0.304217594260158 0.046777891753789 0.0030020562180465 0.0227314271958421
-0.335333507585719 -0.0562397638470669 0.0436694318556304 0.0167146561908111
-0.254017062699451 -0.0660587716265569 0.125254151169389 0.120133236239119
-0.272600849817834 -0.0231562909845001 0.0869225596504963 0.0390754904019743
-0.255774548919943 0.10488381246442 -0.0173272465400492 -0.00891372367866679
-0.172971313559242 0.206099780854824 -0.0429539781831775 0.0291743069493635
-0.0718916768451375 0.241512526062274 -0.0315897890203205 0.0974493381885581
0.0233838893412317 0.232854424496236 0.0147397491948439 0.125264447818859
0.0981350130123438 0.19077554786666 0.0670797903557209 0.114714409709568
0.105544744733886 0.161586631298535 0.0968232950143662 0.0976689413755809
0.112310825583698 0.156993805640695 0.0891629834662628 0.0835760123040112
0.0714443449580768 0.203011206683748 0.0730171481679877 0.0553304834284105
-0.00685249788049507 0.214241269745189 0.0581507571038354 0.0313372066444125
-0.0948803511745167 0.216615801735671 0.0620548005874243 0.0312689088010107
-0.177146470383716 0.156066310295197 0.0374644215543269 0.0256326225965367
-0.239394803325227 0.0380685707362415 0.058244158935211 0.00443719421810752
-0.280403281145255 -0.0332859794504093 0.140098150146362 0.037796000397477
-0.177351749024072 -0.0187042273305217 0.211080608638298 0.164024802876396
-0.172034831971877 0.0129628231305951 0.15606142634816 0.0552832992566592
-0.148893902312404 0.0827384142682559 0.0227833766559793 0.0010203232502037
-0.0985685423504903 0.128458317908987 -0.0321297151902646 0.0379758973311102
-0.0465048959843579 0.152602243338163 -0.0340617564511878 0.134414507007078
0.0146967063881054 0.156049324420439 0.0301943809369094 0.184614405416674
0.0634296640375724 0.132464012337463 0.0984551926379628 0.179062647877446
0.0671332050561768 0.116530954313372 0.132101686999921 0.159098945615944
0.0653720289504313 0.116453327087362 0.116705856078323 0.142849561404472
0.0305010345783615 0.14435742481337 0.0811560671864017 0.111935897111867
-0.0298314458427588 0.140166642210338 0.0438784996142069 0.0764890222524162
-0.0830114273289016 0.116616460361622 0.0429049513230291 0.0430356677197369
-0.110025808826713 0.0776924398360062 0.0458679162238664 0.0159001578743215
-0.14346884136606 0.0238796844716095 0.0938817743759292 -0.00996675303050065
-0.187863800886951 -0.0064889013658242 0.209680384686141 0.0508362437827155
-0.069373933920931 0.0277905254023735 0.264950615991801 0.185534210450626
-0.0435110629670353 0.0346381703590038 0.204469886437329 0.0559854198187404
-0.0263702173402959 0.037487362841903 0.0598789620579922 0.00102118448461722
-0.0213501381961403 0.02714376428285 -0.0162968418351346 0.0362738713811302
-0.0235267000381862 0.0431301807790607 -0.0272319879501884 0.148744008854687
-0.00175978114327845 0.0569406133440781 0.0467919299413384 0.211402966279752
0.0152557995726538 0.0548580411932764 0.117555356886564 0.213763609196839
0.0184832306254809 0.0534856614146177 0.147130109551995 0.195627560855835
0.014294512862453 0.0570109972777399 0.122498264165567 0.183729500056544
-0.00451184507131602 0.06541718200458 0.069051731028154 0.154211586374182
-0.0343622552142467 0.0526151329422201 0.0130949434817743 0.108266685997588
-0.0454595893238822 0.0174044327701951 0.0134868495479185 0.044501986700495
-0.0259828083014406 0.0117653830301988 0.0469285951231408 0.00567700016340795
-0.0372513871790466 0.0235016443258955 0.112275088919537 -0.0171849120358831
-0.0774812107402873 0.0272739283572703 0.246065463385641 0.0545911178090558
-0.0540800158780638 -0.0498870933322351 -0.243354078314201 -0.0528358393630338
-0.0690926611185162 -0.0317193658148438 -0.155827913180696 0.0205169174275409
-0.0630867214056559 0.0296997795092085 -0.0524609773160979 0.0127060966468646
-0.0162384782350668 0.0594115663712925 0.00896888797006373 -0.00764834554208078
0.0157355247048668 0.0419271570185361 0.0251848688008396 -0.105408474889466
0.0248250555248961 0.02584957941491 -0.0402656112465401 -0.166942382361828
0.0341640461843963 0.0161993770812845 -0.10112169083861 -0.18999580443023
0.0324682623750094 0.0164090675879281 -0.135438507040663 -0.19680393707862
0.0382846743940369 0.025004524913667 -0.123974000867378 -0.204639885650312
0.027836270085562 0.046603613016489 -0.070087961892001 -0.196674642360102
0.00966812158315317 0.055125412534477 -0.000696974995612014 -0.149954580921336
-0.0298849795486537 0.0750030588767621 0.0054235994593414 -0.0510560488498576
-0.079167730191266 0.0322283204620785 -0.0775672885281734 -0.00125765109571919
-0.0706815037489912 -0.0472889280626132 -0.175969698431782 -0.027353006132367
-0.0431851917583455 -0.0638194914300775 -0.264506354316244 -0.164759596030053
-0.146462996568199 -0.0783692662721542 -0.215322057180285 -0.0569594226848984
-0.160709562679669 -0.0502304089758899 -0.15055740670877 0.00299371261878367
-0.150031534112287 0.0544675687369673 -0.0680294532543278 0.00775735690938337
-0.0821619767095909 0.125412074279169 0.00564773886751793 -0.000293197193932842
-0.0125357391702413 0.129605654753514 0.0328041514036427 -0.0908895225069923
0.0351429720800571 0.112682550139769 -0.0257703108686335 -0.150048078756053
0.0758007140819261 0.0917933330286917 -0.0782690546235048 -0.173587092607995
0.0782358623132192 0.0830900087226177 -0.108094199148024 -0.173458481425311
0.088269177326074 0.0915016255345018 -0.104839371930599 -0.17635880779238
0.0599956063708505 0.133856449667171 -0.0623278281854828 -0.173476862542806
0.00729031120042413 0.146859104935683 0.00327347095607374 -0.137073635225147
-0.0702616446236905 0.170953311308607 0.0151616635085063 -0.0331746560759758
-0.161153776568287 0.103130112378534 -0.0742196451855394 0.0230694411026726
-0.187357303780706 -0.0333417124805182 -0.166635077677683 0.00679936648945802
-0.169399935756464 -0.0880522976572231 -0.234251917254013 -0.113925548318126
-0.221623639675001 -0.100722518804604 -0.157513597526569 -0.0374543658680793
-0.241522644040942 -0.0663737954197041 -0.122978611209147 -0.00607245530299087
-0.231078923573444 0.0718868329910639 -0.0775370140092408 -0.00252044977446975
-0.14958403937457 0.181326090046714 -0.00819725197889197 0.00440147304049507
-0.0458133007278344 0.208842927366705 0.0251847489111772 -0.0617367775170773
0.0372050435881253 0.191745093546576 -0.0145561131589987 -0.107356694072019
0.105081303892206 0.157232479720563 -0.0473887010584136 -0.126969675785604
0.112679564908183 0.136663412951186 -0.064528441064942 -0.123050510724364
0.128218697618724 0.13937032343039 -0.0661027735132737 -0.123564832988196
0.092029460936997 0.196895975049172 -0.0387572218455568 -0.12835597498733
0.0185211006797756 0.218882742242969 0.0124504788712995 -0.109760091032138
-0.0848586596198257 0.252643718077938 0.0309132806117646 -0.0177366353556765
-0.210801923933396 0.175553628761626 -0.0505737630718174 0.0380260066589947
-0.273253335415048 0.00205013872987744 -0.124742421520134 0.0303925283492546
-0.270272406373341 -0.0885078808552164 -0.162427644332145 -0.0588999347812761
-0.269315988340091 -0.107675755860984 -0.0750393375251595 0.0046088973419145
-0.298071126728804 -0.0684690898162089 -0.0693398605810312 -0.00111588543627687
-0.288771821727028 0.0912476681525382 -0.0728335010119024 -0.0120882901327266
-0.196356233345841 0.224917562808542 -0.0258235840738554 0.00810184118535293
-0.0704805287956435 0.26498145810835 0.00544843029988296 -0.0160619186321175
0.035496207149026 0.246435393407614 -0.0064547557778829 -0.0394344224053617
0.119891813122888 0.19932955478991 -0.0108117833057086 -0.0559601532794334
0.129564966630881 0.168555473171271 -0.0105748533659572 -0.0552694124389385
0.147480931868436 0.164114149995776 -0.013963816283737 -0.0576102889920822
0.110785419059751 0.227410090277547 -0.00154052486355809 -0.0710909733447548
0.0278372964861795 0.255975677767154 0.0288792575593131 -0.0693556589824432
-0.0853614260144812 0.29590814850639 0.0496912125884353 -0.00329067989681247
-0.225459097021778 0.217799253089309 -0.017174982415845 0.0405420016425967
-0.310476383537758 0.035885016278069 -0.0620713633064978 0.0343437505105422
-0.324339350211168 -0.0720158891496093 -0.0625647904169247 -0.0152617682887052
-0.279274599709303 -0.0943195955241231 0.0237832719887324 0.0595089878181634
-0.310125237156891 -0.0512856249369001 0.00488065293777613 0.0152030409779214
-0.298181016091262 0.105365004530289 -0.0512853034622917 -0.0145682650671438
-0.204033246869181 0.235894515043282 -0.0398473641679491 0.0165334326122394
-0.0771111173316422 0.277904681468817 -0.0161022681901881 0.0406279432151532
0.0327183122795736 0.259854677493848 0.00322489119075333 0.0424455027558688
0.117624725388678 0.209413566532165 0.0289327128151387 0.0278389434568802
0.126664408576853 0.17476299465201 0.0453535964598283 0.0200488168534085
0.141008630586132 0.167698487057427 0.0412469866103686 0.0117265665951672
0.10342583972559 0.226753135277528 0.0399128791170705 -0.00884619222824282
0.0207643433333433 0.251626252800018 0.0471623451236762 -0.0209720809991492
-0.0860389333878309 0.279925266915242 0.0621319035851727 0.0122152448859453
-0.20886966894478 0.209946823148861 0.0148328821307236 0.03318414347774
-0.29374264728839 0.0481367460018386 0.00375545122690825 0.0226883052214861
-0.322578523886883 -0.0499601722445852 0.0441486377738017 0.0152945763330287
-0.246874811962633 -0.060420564008112 0.123395543914376 0.113581922309744
-0.264657652337239 -0.0191169609727553 0.0838965810795767 0.0373120985270489
-0.244332278733598 0.105970279113475 -0.0179785446304907 -0.00702101888167878
-0.163795991979693 0.201516854226685 -0.0418660709674972 0.0284872775102212
-0.064485720103938 0.235167053368068 -0.0292612083877896 0.0942483510927654
0.0276576595278874 0.225334809837825 0.016640531894778 0.121740773492042
0.0984700216640466 0.184299010405735 0.0664039739099657 0.108619564016499
0.10448929129945 0.154547064860386 0.0948693362089052 0.0919651165537941
0.111233321141912 0.149910273307178 0.0873853585403221 0.0784619118943759
0.0727824868549023 0.195609211947551 0.0696401667702141 0.052528331263366
-0.00291245380148015 0.207634509130158 0.0544745618197667 0.0288342806523065
-0.0884229481121671 0.212393484037499 0.0611598371534014 0.0281356435162241
-0.167946073466935 0.152750687522171 0.0358172830329365 0.0237253809910408
-0.230488447888001 0.0382704759370262 0.056072403563314 0.00428718123999602
-0.27042735161222 -0.0292440579977025 0.138369208132867 0.0349218550961919
-0.172353070881359 -0.0156193830022342 0.20686038181342 0.155947867738218
-0.167068631515735 0.0146091840482536 0.151237246637816 0.0521911735884877
-0.141942568267137 0.0824651957146987 0.0208875797461191 0.0019136812960024
-0.0928306756572268 0.125192205977917 -0.031845287838457 0.0373516111065331
-0.0423109193362804 0.148852212686685 -0.0312319519729868 0.130724822899417
0.017848103025111 0.150947971761208 0.0331310612467744 0.178753289228679
0.0635089644449061 0.128106343718665 0.0978198848248077 0.171369708035787
0.0661769889394009 0.111383440889761 0.130364743133899 0.150254364511633
0.0651411843654885 0.111977123491838 0.115356213406727 0.135060140096539
0.0321141201390561 0.139379307598483 0.0794895431248207 0.107326909159028
-0.0259705494729589 0.136418154672751 0.0417920921385136 0.0735416689809918
-0.0783732239402392 0.115196072201736 0.042135054742106 0.0397527898699182
-0.104581621394592 0.0759297234994941 0.0432243202697339 0.0141558715024291
-0.137933325094757 0.0235050747058753 0.088715871102421 -0.00985295052117552
-0.180925504850785 -0.0045184299056284 0.205265029261853 0.0461114968319566
-0.0670076377069403 0.0279531777110954 0.260566698411475 0.176191431001269
-0.0413586357385032 0.0339005826846063 0.198548882836683 0.0525143282644903
-0.0242553275675082 0.0367271564552915 0.0564830072301583 0.00177018837341234
-0.0202515982192155 0.0264460748518987 -0.0163866801608061 0.0355045511761676
-0.0220004305468438 0.0424506120662566 -0.0239223096968717 0.144876799440909
-0.00020090357446983 0.0555372949936975 0.0497269169417596 0.204986603170994
0.0159357219898778 0.0532958778405869 0.117980583751439 0.204893050892271
0.018618209442757 0.0515353414714896 0.146364945934407 0.186311925516412
0.0151028295234224 0.0553993757565776 0.122262987353115 0.174800336595662
-0.00313489029672719 0.0635891300954207 0.0694612450227759 0.148128391301292
-0.0317849498795814 0.0516021564272334 0.01343496833468 0.104831636667956
-0.0437680179374362 0.0178647659418488 0.01361989540687 0.0422578554556172
-0.025158613424902 0.0112055639425244 0.0442707220033759 0.00340446211999437
-0.0353276900745116 0.0223695179537643 0.106910643496793 -0.0170010160040692
-0.0739257854271621 0.0268853928832469 0.240179826246037 0.0499952043666526
-0.0526906597297301 -0.0498259923271263 -0.242160779281141 -0.054529058905751
-0.0683740662800144 -0.0319709236051707 -0.155163502195345 0.0177953792080196
-0.0618307406116358 0.0286968658037297 -0.0510580607548496 0.013239235556013
-0.0155408964461366 0.0582664550120342 0.0100423068276367 -0.00655250607969484
0.0156878885848722 0.0410942740341051 0.0260686140961862 -0.103921474310085
0.0240631965385545 0.0250859478422735 -0.0384398709220805 -0.165214517904129
0.0335897564981047 0.0158790513522869 -0.0997479921316852 -0.189040711383953
0.0324095171344588 0.0162861379618551 -0.133956095267132 -0.19541673461203
0.0381421068853093 0.0249258834272112 -0.122824283308269 -0.203950236591275
0.0277422692983909 0.0464308573474324 -0.0694070666133283 -0.196716312808918
0.00899678540572012 0.0551610599399529 -4.95316841873254E-05 -0.150322674535776
-0.0301934904619193 0.0748158713883892 0.00629972502917237 -0.0515932647600513
-0.0780601515550119 0.0319092997484718 -0.0755434375681961 -0.00170020847263651
-0.0706654056926218 -0.0472415814985941 -0.171975352518519 -0.0290631929292163
-0.0427264967462653 -0.0628875040056867 -0.260545975147975 -0.165397033688275
-0.143645300176514 -0.0786091726266464 -0.214006608218158 -0.059250038313704
-0.158430596051775 -0.0505304895551293 -0.149385727055711 0.000880776516231706
-0.147621422731689 0.0526182243224748 -0.0667175960645194 0.00795005527403978
-0.0808040608296609 0.123012121802322 0.0060261682666795 0.000397477978178242
-0.0117169165593885 0.127510278805336 0.0329859912328542 -0.0903282208564548
0.0341752782681294 0.110623396433537 -0.0244240324911572 -0.149024647091143
0.0743817127348936 0.0902795804547677 -0.0778847143913629 -0.172622754139328
0.0770747118699558 0.0824625137517472 -0.107573213562741 -0.172195998092453
0.087187464538096 0.0909031067299008 -0.104060666916998 -0.175961377333716
0.0595848174793889 0.13368437484568 -0.0616770192112768 -0.173110547429479
0.00699071561436567 0.14596675736186 0.00286142479743064 -0.137288430767212
-0.0701855814676531 0.169979119145154 0.016127875884899 -0.0341722211627375
-0.158698722697597 0.101016090731758 -0.072958341463848 0.0219121521340404
-0.18680449601038 -0.0345523774640711 -0.16264691162382 0.00488952764796145
-0.166714185053323 -0.0880543861691555 -0.229880692984442 -0.114396794446637
-0.218047326981698 -0.10128606304123 -0.157285400263506 -0.0390020148199827
-0.238257974190422 -0.0676103350527981 -0.122671506117245 -0.00776883773365924
-0.226991594698929 0.0694733080593679 -0.0759479104213682 -0.00175325647887706
-0.147238447585579 0.177822723454674 -0.00770650300894052 0.00429225537305715
-0.044199657394709 0.20594208756741 0.0246109424380283 -0.0619698046360807
0.0356250897436362 0.188869669173402 -0.0141184902135731 -0.106413130065272
0.102926697574728 0.155748039875767 -0.0477696772863537 -0.126837675433858
0.110589737979261 0.135669012301438 -0.0641059259627204 -0.121978436037822
0.126078224752734 0.138340500512923 -0.0664028340819773 -0.123097093780537
0.091423687622118 0.19551955542443 -0.0388205514965789 -0.12807266280187
0.017361683995777 0.216796845503758 0.0103730629405145 -0.109705044131721
-0.0848997150520282 0.25085861952892 0.0317322740447476 -0.0189803578625221
-0.208565869241209 0.171513444888278 -0.0505469880802187 0.0372989287178585
-0.2709446284092 -0.00124079280582253 -0.121955148213176 0.0289044051409652
-0.265416099571483 -0.0887908427746159 -0.159168434772125 -0.0603067792640855
-0.265159316886164 -0.108620502075755 -0.0752428974867843 0.00355233709610046
-0.293798068700034 -0.0702994571021686 -0.0692513613373134 -0.00239228281136105
-0.284184209383443 0.0880080869940739 -0.0712665715847375 -0.011033773549772
-0.194014030971539 0.220458543983345 -0.025524780192838 0.00787549010349342
-0.0691769782818946 0.261439441969847 0.0049264644168804 -0.0169717892526356
0.0347316854792056 0.243163481091441 -0.00619880575413388 -0.0390007777973378
0.11729852500095 0.198198434121252 -0.0116518665072587 -0.0570114391818491
0.127323636409894 0.167399384510153 -0.0111685299502718 -0.0546017143193744
0.145094491383944 0.163260554882069 -0.0148226959950411 -0.0580794872900911
0.108886766302579 0.226920464686169 -0.00253975827492149 -0.0709456751835138
0.0263327250703395 0.253592322033879 0.0263406139927791 -0.0690446732472998
-0.0863198864758004 0.293193148451046 0.0501489848727506 -0.00471295703501328
-0.222876534493207 0.213092188759845 -0.0181170125588142 0.0397901677208139
-0.308391574349329 0.0319261390746223 -0.0601286957342972 0.0339972341741654
-0.318519115367643 -0.073920919282723 -0.0605763394352496 -0.0163471799884826
-0.275803136995542 -0.0959333844044385 0.0228476390690963 0.0578608743840142
-0.307070667654474 -0.0532655390392773 0.00445867381580963 0.0153207690280431
-0.293469566263865 0.102444243767085 -0.0504452083935606 -0.0127094520648098
-0.201392839733467 0.231816928733863 -0.0396240926982013 0.0159684485888173
-0.0762216588638103 0.274044405432692 -0.0166054889789165 0.0385093883124347
0.0317851197632342 0.256992775416899 0.0029494012490338 0.042329792667275
0.115034619379289 0.208490830429206 0.0267955823590413 0.0260570158739277
0.123809971334793 0.173412651002382 0.0442185793931082 0.0195721488647408
0.138807153865936 0.166416326305346 0.039980839084896 0.0111769458740053
0.102286144145637 0.22559469705491 0.0382095469184251 -0.00865086438884352
0.0194789019289885 0.249492081153195 0.0442233431481223 -0.0206166221989049
-0.0867940697418846 0.277954315857739 0.062513592189984 0.0108944852014698
-0.207181440486579 0.205065641907238 0.0135170417449833 0.0326739565141747
-0.291457521880886 0.0440044460163027 0.00377753503388051 0.0227019407347885
-0.317358189094411 -0.0522725697830476 0.0453207850488743 0.0146290935319838
-0.244009728974626 -0.0622423346453456 0.121359056267823 0.112868718339208
-0.261721158110991 -0.0214075155888986 0.0825703463203561 0.0374861026281614
-0.240700818878969 0.102959947188056 -0.017759747561355 -0.0057675923982813
-0.162228740244789 0.198392632200932 -0.0426454370543453 0.0277471083410637
-0.0640276612799324 0.232482982092317 -0.0302464098245902 0.0922779516805705
0.0272473287679727 0.222753395990728 0.0160719520840695 0.120880855352246
0.0965244684863194 0.18381705008582 0.0642495326533176 0.106665844721624
0.10254032449982 0.153548942843105 0.0931347292501465 0.0906832142672992
0.108881244375764 0.149125503336664 0.0857114143321812 0.0772658354910247
0.071334246200166 0.194721042024654 0.068201971534607 0.0523432930375704
-0.00327158343273674 0.2060618748567 0.0514209571726889 0.0296126430098905
-0.0880444376404121 0.210370152746742 0.0603742957888958 0.0267335957737638
-0.166295216096395 0.14876539007933 0.0338411647369468 0.0231238705109252
-0.22867399588019 0.0351009163986148 0.0550034431127127 0.00521754831776064
-0.265217339507637 -0.0311480409872616 0.138013017033681 0.0348812002599251
-0.170731029568556 -0.0163679167695047 0.205123966215729 0.154826654960871
-0.165415820608196 0.0124863086423026 0.14987631552606 0.0534235706589002
-0.139860462696557 0.0805379703394015 0.0199917259311494 0.00379273885532619
-0.0921740570891448 0.123200984957878 -0.0330058773411321 0.0367943614959719
-0.0419552601104331 0.147116839771383 -0.0322551396944129 0.129698216079056
0.0175698473910603 0.149369965928276 0.0326593610870596 0.177889747928684
0.0620849490402142 0.12783051288528 0.0955740165419106 0.169394899235953
0.0648387064420923 0.111207900316621 0.12821534062532 0.148525840278994
0.0640379657550367 0.111568170277192 0.1135672721529 0.133261502637927
0.031604711973889 0.137873342568953 0.0779433103948073 0.10696056927256
-0.0256455777235103 0.135297761306341 0.0385538042539928 0.0734563045324688
-0.0782873209964322 0.113531144164271 0.0414033142993362 0.0388609264398551
-0.103493533835867 0.0739142752683458 0.0414340270323528 0.0131221224899118
-0.13666819737318 0.0208219089756304 0.0876108235951212 -0.00812988583948232
-0.17782188553572 -0.00658481176666093 0.204140724951139 0.0475414811760254
-0.0664225633533803 0.0277679007051473 0.257931317106988 0.175823424624043
-0.0413937681643244 0.0330285407231876 0.196440912531218 0.0543199204604672
-0.0230226525309611 0.03596054414793 0.0543372868647485 0.00332017926821449
-0.0196817658442312 0.0254703495907376 -0.0176617416195913 0.0359330773932839
-0.0220488456496622 0.0418659729412716 -0.0246560900204381 0.144390258359426
0.000292344714683026 0.0549612097649479 0.0488149864718744 0.204214138115499
0.0158409535330361 0.053988564845256 0.116097425479178 0.203550223721852
0.0177351932798995 0.0515038402893361 0.144440306617179 0.184119647978475
0.0141692972099137 0.0549942307049767 0.120865580140396 0.173261405884847
-0.00273161666995052 0.0627842188198424 0.0673538630034824 0.147371123237635
-0.0312237991272798 0.0513670782139877 0.0118904262065938 0.104249188159132
-0.0432186745616866 0.0176132407109605 0.0124939583556085 0.0405838085387301
-0.0248850757269728 0.0106970916634182 0.0427454954747511 0.00307569297690941
-0.0346756060406443 0.0207272980668374 0.105048427298461 -0.0152493372521906
-0.0728831740107617 0.0254214410163117 0.239039879747095 0.0508436386859363
-0.0655161979056693 -0.0220180073403716 -0.252836572256321 0.0502223182309771
-0.0726134674965051 -0.000499189010351818 -0.137702391447261 0.0845165746544811
-0.0445118423277457 0.0511688792433576 -0.0396055116772124 0.0374810444809878
0.00989472336502102 0.0586335978110718 0.0095203642173512 -0.00788434869215656
0.0298998390975026 0.0317335836032667 -0.0197949215886942 -0.106467401821782
0.0312741453142086 0.0139002870989266 -0.106629422289272 -0.134813663236671
0.0369100830351014 -0.000234586864115998 -0.173853658150162 -0.131166238449427
0.0377342591912753 0.00345110549520362 -0.209879247163895 -0.120958530348962
0.0467410655697822 0.00663310807990276 -0.20481936229315 -0.133378468864434
0.0456889525194826 0.0314379028321095 -0.151371929728573 -0.149100324546712
0.0313083482043767 0.0484639650159658 -0.0679000469761744 -0.138673796297235
0.00428673067143548 0.0812260994488807 -0.0222763826728835 -0.0505578220518311
-0.0603450486703182 0.0622874729417055 -0.0711251135055864 0.0269612517246723
-0.0895673805746133 -0.013516909040638 -0.1672850102736 0.0394719702342272
-0.0714433539083601 -0.040216278712296 -0.308104058392088 -0.0466892160360386
-0.16191126716469 -0.0131819534814731 -0.232171622913414 0.0378166642182204
-0.162746359871896 0.0183441252192719 -0.140973480226085 0.0688196378959958
-0.113013873370606 0.107331032766832 -0.0557983540442002 0.0440123590711727
-0.0225331993747961 0.142480212953431 0.00876275347751597 0.00455414170991061
0.0408458600098816 0.121313378696192 -0.0051922382103138 -0.0955489254805608
0.0762496162980455 0.08892446048955 -0.0842859453671442 -0.124851764334658
0.105292185066653 0.0521813088670497 -0.14420994101457 -0.124034491953611
0.10733916648753 0.0477417861062747 -0.175090033523514 -0.110363259477945
0.119910268065094 0.0481230685058013 -0.175180280818927 -0.114401116077155
0.112628541172709 0.0998319607304827 -0.13634667786754 -0.129054443045923
0.0679302465145493 0.135566289243432 -0.0647794111581474 -0.126537685288018
0.00845960151686611 0.186518896424392 -0.0131934616130555 -0.0382091818596317
-0.107692796546461 0.162168056020207 -0.0620662177276263 0.0455089571124753
-0.192758016610671 0.0478487098869864 -0.144900330346249 0.0614624786242925
-0.200300064847615 -0.00753932600188453 -0.254779957358886 -0.0184987175324091
-0.24071361550576 -0.00646265674236592 -0.173000041509114 0.0348758257896368
-0.242851408315191 0.0343309397119083 -0.120674130656071 0.0510803704752887
-0.179020373184593 0.154212958828502 -0.0694185677457779 0.042858658217225
-0.0594355976696579 0.219492041314536 -0.00243325442164626 0.0188117783151779
0.0434435843448168 0.206064160061977 0.00219616050077934 -0.0629526669859179
0.111467293855101 0.159367755064488 -0.0545009592050448 -0.0890020668199907
0.158808596678171 0.100679231653291 -0.094827129861459 -0.0937357838843123
0.16029812139164 0.0841234723189953 -0.113875298317286 -0.0823630341781658
0.176069509393029 0.0765870052680065 -0.117633221725493 -0.0820535834073999
0.168749622201325 0.144755466276737 -0.0968277219140459 -0.0955749197821197
0.108339452064708 0.197974817829863 -0.049603115320406 -0.102796374858892
0.0300975490358026 0.267164562658663 0.00179090561366412 -0.0292971678794695
-0.124384097384841 0.249696715469137 -0.0387574558149514 0.048297273652699
-0.25709077014865 0.11585878435257 -0.0991913951353047 0.062815377983304
-0.29330686696713 0.0366796671265666 -0.163817535361519 -0.00468192199577265
-0.28775956498422 0.00377967364136884 -0.079244304139588 0.0407645298392404
-0.295939227272297 0.0542292092019626 -0.0696114605012887 0.0348493171968932
-0.223986976041226 0.193840829483673 -0.0695119127414774 0.0357269368328417
-0.084560639221281 0.276040595814026 -0.0181859000309888 0.0330093103801084
0.044646529492426 0.266357624307059 0.00491153191748325 -0.011450434798775
0.133702799960753 0.210204627620103 -0.0168947297247355 -0.029818775182587
0.189687551493158 0.133550989527551 -0.0297746531480584 -0.0433092771696009
0.188668298633995 0.106581995365675 -0.0347236384909178 -0.0438644409418869
0.203782524997209 0.0927353720334028 -0.0415381033505961 -0.044166155225844
0.198158512178039 0.166409577726849 -0.0380524175345167 -0.0579064031628379
0.133069892178563 0.229422098696813 -0.0190822993920027 -0.0710588322738908
0.048100677884782 0.307120115900433 0.0215572283862264 -0.0226719894181531
-0.120337178462335 0.294874879650619 -0.0101087839243385 0.036708831766367
-0.276794330202814 0.162128128981218 -0.0424048269291985 0.0401966566723061
-0.335324374135293 0.0754708935709577 -0.0536647247512796 -0.00836131367051137
-0.293002870471635 0.0180957089470341 0.0349147248287155 0.05147729429536
-0.302651647377766 0.0729853168626644 0.00644677457231282 0.020070447422999
-0.227880906554049 0.210842502894858 -0.0507454668046016 0.0258364665157215
-0.0868798161227611 0.291227788038655 -0.0281909709397804 0.0472270279608609
0.0442005099386018 0.280717425323719 0.00989165880022952 0.0495821555498346
0.137553450326587 0.223402046202125 0.0278684615619058 0.0413582249146102
0.192819611382939 0.144413661881031 0.0425058394246102 0.0173902854349982
0.188064271890295 0.113580708689061 0.0488585625033106 0.000427302942897329
0.199419885002881 0.0985606244220792 0.0390504115528075 -0.00473484121063273
0.191513326419953 0.168363639005964 0.0268236955813905 -0.0182356832215522
0.125068771047492 0.22803747185805 0.0181598219796545 -0.0339129947139098
0.0419107760190068 0.293430113430676 0.0400413354529433 -0.0141668453376961
-0.107962030750165 0.280394065572529 0.0157300870512521 0.0173538532726613
-0.254643276645369 0.166412572572582 0.0113545157910613 0.0042100478827653
-0.322974147102729 0.0940423780860952 0.0566070413470905 -0.0240752507123767
-0.2511281384735 0.0348848088198667 0.151918925929229 0.0606384509778025
-0.250135617615832 0.0836308128200857 0.0900806676609483 0.0060892218451638
-0.180126665467396 0.190742755203946 -0.0171385960378539 0.0163659310907557
-0.0650234909456535 0.244952232969374 -0.0259496586113507 0.057344216331231
0.0381265617763589 0.237504747565806 0.0201446662333807 0.104422833416516
0.120063102049545 0.193500998080932 0.073523955657654 0.107789518760067
0.165343279092745 0.12943958385805 0.111418208656169 0.0751628176837188
0.159203057304555 0.103944242336199 0.125144014895908 0.0444161592638788
0.163999286310791 0.0950629044085184 0.110876215011692 0.0355932958347693
0.150173620138729 0.152301695882223 0.0819656162195638 0.0233914791757192
0.0850377044211795 0.196446233249657 0.0482555620020858 0.00775267373597782
0.0103418684257408 0.2319030815067 0.0496722063579688 -0.00126346662248291
-0.0937984255649212 0.210542494237781 0.0324259999782758 0.00121298795023479
-0.199035904886915 0.129981747850291 0.0513454668695124 -0.0291913790872191
-0.264158337293131 0.0903041496741317 0.149777184996133 -0.0413419364544304
-0.165625412341566 0.0472915736498041 0.250399501110846 0.0635009027809431
-0.148856535755022 0.0751794058366881 0.16086202342247 -0.010668117768699
-0.0962558865081176 0.129443908965571 0.0216141299009495 0.0040353061954046
-0.0326661744499938 0.148331953721183 -0.0137337701189891 0.056394465854055
0.0234185167692538 0.150928553392709 0.0317419211085592 0.137733524257307
0.0803969228018617 0.129125449557693 0.111703828047193 0.15228483123155
0.110823723557673 0.0923632052225642 0.166715586124524 0.118222967375502
0.106190106848987 0.0781056494377051 0.183383140106261 0.0813411500697848
0.106292691962623 0.0784069609525373 0.161635276545985 0.0742164756857707
0.0883580425247198 0.116869066641822 0.115545766528437 0.0673524849564805
0.0338535490285269 0.138662961442962 0.059898632129529 0.0518160958636675
-0.0222442601047517 0.139235197108266 0.0436450658212205 0.0153868911784127
-0.0658606580293072 0.113186512783377 0.0384460164943456 -0.00957131451392353
-0.118281584788447 0.0777431032171383 0.075943303861922 -0.0500227333851678
-0.169219384375583 0.0740547068234522 0.214418258696066 -0.0528904315978524
-0.0516821086604995 0.0463559642438308 0.312622961921078 0.057999681550435
-0.0270230162272486 0.0437227194901663 0.205519127359544 -0.0331330285812031
-0.00672027772969744 0.0412575091780644 0.0526317274099893 -0.017096226296807
-0.00715384837574022 0.0311033513743739 -0.00150004175003459 0.0432823031151096
-0.00137568647482467 0.04638641930236 0.0421460877528277 0.145630296839917
0.0249012539184623 0.0491152791474904 0.136499842787761 0.167454465167674
0.037023696505841 0.0439415888171992 0.198435779768687 0.139441993560519
0.0372818693658625 0.0407638551755196 0.214194682360106 0.106752818219908
0.0362960332526359 0.0463318421134635 0.186738181581942 0.106237179123199
0.0243592549713547 0.0601955131806973 0.126053148628994 0.106936109796335
-0.00639393825423088 0.061845257242049 0.0529458520774426 0.090375550864723
-0.032019505409878 0.0358291017873819 0.0258906823635329 0.0285576389404234
-0.0187380401255441 0.0212987017928932 0.038050780843016 -0.017519150137125
-0.0225012852063789 0.0336453727989161 0.0894403818263299 -0.0583846761269359
-0.05545375674827 0.0571687684657931 0.244707643890682 -0.057707573589607
-0.0679011111201227 -0.0211058932078374 -0.262202997157729 0.058453160852148
-0.0746338203615171 0.00125580460395435 -0.141427004430451 0.0910469217501597
-0.0448932857946416 0.0532809148635897 -0.0389429783208651 0.0394044087540078
0.0114706995588673 0.0595429384081017 0.010872121043898 -0.00822314479216576
0.0325447529068747 0.0314248408491769 -0.0228766302534238 -0.110664134955624
0.031918320854283 0.0137802697093885 -0.113486446600961 -0.136866373263546
0.0376052430625833 -0.00129511529487192 -0.183365539821695 -0.131610891163546
0.0393737164877619 0.00217033304057566 -0.219923570773789 -0.118950021712361
0.0486132534335346 0.00515035814250591 -0.216267487457347 -0.131756817182592
0.0489967087911699 0.0314831834377062 -0.162052724615023 -0.151118160126717
0.0335568506493801 0.0497091204591145 -0.0752411697982125 -0.142798973358456
0.00705636596209883 0.0841001848259116 -0.0246620946842535 -0.0525759381830301
-0.0604111563921087 0.0657400418935932 -0.0718610256059 0.0289005103874026
-0.0935137700596 -0.0108577403887162 -0.171257816542445 0.0420062765448255
-0.0745360929813664 -0.0387723237747808 -0.319706953855311 -0.0412432977153058
-0.167019851409419 -0.00990216787738579 -0.241004985108782 0.0445798075626453
-0.167532310444764 0.0229132271964072 -0.145158419422322 0.0743592030249608
-0.113079489590416 0.113295745444971 -0.0555571344541138 0.0463939861614908
-0.0189966489323655 0.146731540870218 0.0103611721214609 0.00451013580614306
0.0464452233582727 0.123296251368584 -0.00860035031600854 -0.0986854428011953
0.0811705628688981 0.0894189022753339 -0.090277330610004 -0.127377094117895
0.10981101423734 0.0510129183722141 -0.154206533090531 -0.124861958385838
0.112082735149838 0.0465291158270214 -0.184473634879187 -0.108603844242904
0.125540677671522 0.0461493966609295 -0.185718474859205 -0.11314104113237
0.119970386794669 0.10005236274408 -0.145357055420455 -0.129748820242082
0.0738998456415623 0.13905937519332 -0.0725124620847058 -0.130107687072229
0.0144415559787631 0.1935194100222 -0.0147009701277245 -0.0408301382232931
-0.107428134663058 0.169303861294394 -0.0619956470126639 0.0485972727431413
-0.199286900724886 0.0546285116707711 -0.147218713889538 0.0647147741977242
-0.205756028335339 -0.00268306140292053 -0.263788683560684 -0.0142749916402724
-0.248282275134905 -0.00034044768631849 -0.179838642822961 0.039454524799038
-0.249584688909319 0.0410234154791101 -0.124565111635722 0.0549835516988018
-0.179405224753076 0.162898667552698 -0.069054904524779 0.046170116099011
-0.0557131405700106 0.226541227278971 -0.00136179472059301 0.018946388057705
0.0512505768391058 0.210092836885259 -0.00122796316351378 -0.0656717911999442
0.119152547056074 0.161666791638043 -0.0585245771081171 -0.0907932468838958
0.166466738973946 0.0999757246277246 -0.102269078445641 -0.0943439420261734
0.168077424903516 0.0828221059389144 -0.120221169784421 -0.0818164185952879
0.183734743894816 0.0743073523440172 -0.125179380770976 -0.0812143634251164
0.179600190613541 0.145108585240951 -0.10435358921049 -0.0966758148318862
0.117574847381066 0.202860262547867 -0.0557864361352063 -0.104339331316618
0.038653228675712 0.277018230815334 0.00154889199298236 -0.0323320897211343
-0.122449007055868 0.259646514911713 -0.0381871077407426 0.0514062396385861
-0.264645711975508 0.125538616471022 -0.100324077339568 0.0662118475443375
-0.300655991888986 0.0442798638043476 -0.169548414264105 -0.00216701922270273
-0.296644114041646 0.0104430870830637 -0.0828113324849124 0.0432655185498723
-0.30482514988999 0.0625052054391532 -0.0720219192256792 0.0373418038282622
-0.224748241581431 0.20468579859764 -0.0694132095679234 0.0384498035833815
-0.0802015147249327 0.28652826385376 -0.0174987512414348 0.0342600779649574
0.0542568416504063 0.272950280502549 0.00287463250781754 -0.0132394497374246
0.143848365797069 0.213354689265675 -0.0184397689149218 -0.0303522079192791
0.200309038412796 0.133888085872328 -0.0339350884226406 -0.0435596452840969
0.198183514850376 0.105826184160311 -0.037243260345606 -0.0440494090376373
0.212550340744039 0.0902425772508757 -0.0449466107119483 -0.0441826607613553
0.210813518312804 0.16653808324362 -0.0423009733282914 -0.058708328921657
0.143623880225272 0.23378204697739 -0.0238762636372213 -0.0718730049237068
0.0584161978012788 0.316980257877848 0.0215588570638473 -0.0263299136435316
-0.116983449034646 0.306350721845572 -0.00943732696489358 0.038703875708269
-0.283119377578282 0.173671463817782 -0.0421792482905271 0.0417946153394729
-0.343078748574357 0.0847742284192135 -0.0547013247902221 -0.00949271983715485
-0.302324848432049 0.0257297932512189 0.0359091035889286 0.0512449039611744
-0.311156106346299 0.0821002660356346 0.00642557427892969 0.0209931178310593
-0.22850310634988 0.222372879310049 -0.0509000256111546 0.0279129856196881
-0.0823753959572718 0.301051651605963 -0.0280005543189478 0.0497838152601966
0.053722084285714 0.288378245294483 0.0103507603498303 0.0503873491107671
0.148442905164613 0.226436415649288 0.0291574111908357 0.0423109119753168
0.203359730723512 0.144775806158406 0.0425734112445603 0.0169672196943242
0.197944392803835 0.113594533218259 0.049727657130181 -0.000946768892955729
0.207408074386655 0.0970456080083895 0.0395728894740802 -0.00594103500940594
0.2032371849928 0.169338293950142 0.0258924076404784 -0.0196717147887112
0.136289971806434 0.232725032231086 0.0158328735606543 -0.0338629106363277
0.0511637631931014 0.303251401206346 0.0406190100371286 -0.0178346974298603
-0.10516404980567 0.291010252994948 0.0160834952053596 0.0184404286405025
-0.259930060778888 0.17735624412733 0.0120052986422605 0.00438979389448886
-0.330075675680796 0.103425557668611 0.0588494451632683 -0.0283129823112887
-0.25876066894736 0.0425785189574797 0.157688415550285 0.0577481836115447
-0.257493075672921 0.0920505122020353 0.0928547817008946 0.00450011965450785
-0.179858844117461 0.200312812333053 -0.0163166615171006 0.0180911288702505
-0.0608411091405986 0.253685186884102 -0.0256757452505175 0.0603870042186085
0.0460331412447456 0.24433948090721 0.0221356638165493 0.107641419514919
0.129411064735321 0.196252463586259 0.0788592686051447 0.110134513839278
0.175378423845993 0.129716889851403 0.116179577666134 0.0749337581501876
0.167672178589924 0.10379691794193 0.130552505389186 0.0423515409802667
0.171464973668593 0.0941407049579275 0.114621002997533 0.0335848959173317
0.159897173770768 0.153463247806842 0.0845121542261932 0.0224300802043516
0.0939721597389019 0.20118108151317 0.048368666111978 0.00861583508186009
0.0174870395247078 0.240710157919647 0.0503245408005149 -0.00419129472868797
-0.0914923124214634 0.218812977162975 0.0326151540390486 0.00065467840898457
-0.203327932903462 0.138474050424867 0.0524653985535645 -0.0308974689475998
-0.269288512658489 0.0992523675179085 0.154965012090075 -0.0483390903459319
-0.170082776587822 0.0525439447570979 0.259564465495302 0.0581758158069217
-0.152731303838219 0.0810522840657851 0.165459033738416 -0.0142320232065534
-0.0952566009651185 0.135713294482769 0.0232501326353132 0.00451438644511745
-0.0298872907758423 0.154120064150692 -0.0136065467659676 0.0596131599959553
0.0280975344037182 0.155205903212846 0.0367000430190972 0.141786722224261
0.0869994491828549 0.131137651760181 0.120104047089425 0.154986620132573
0.118139885975993 0.0929367888173057 0.175038422257231 0.118259853565791
0.112042586043436 0.0786694848620497 0.191380020092306 0.0786247639715322
0.111914412638513 0.0785391330802686 0.168399129294746 0.0717040480136703
0.0952060434850025 0.11813962423511 0.120788897676513 0.0669672543237
0.0399866194131711 0.142638808031618 0.0625790565333839 0.0534445202020023
-0.0182950373157838 0.144787648980576 0.0446581455937657 0.0134543032805871
-0.0653733284783532 0.118565975751336 0.0379617215962681 -0.0110721247427666
-0.121039583697104 0.0819852505229579 0.077193204389919 -0.0525423726004179
-0.172287174660382 0.0805448974967462 0.221597390669302 -0.061593253014673
-0.0518330670737127 0.0494055327404819 0.324197625030864 0.0501063822979129
-0.0277932326377687 0.0458798395392974 0.21128902768746 -0.0390244716450296
-0.00551410125739508 0.0419617404575085 0.054470442704031 -0.0173199142074205
-0.00681807781683142 0.0319698116123612 -0.00135494077148449 0.0458582762379
-0.000228061493062889 0.0480452259386733 0.047515073281488 0.150681764914279
0.0273358480224288 0.0496022336270437 0.146570385122748 0.17043524189927
0.0403048837222689 0.0448513973820966 0.209303714355053 0.139140003459969
0.0396173249236074 0.0419713040429442 0.223841956778699 0.103469315860742
0.0387687880298925 0.0475387157985849 0.195431489676645 0.104223985538042
0.0272395498576777 0.0619059165414941 0.133131960030419 0.106883216323498
-0.00445104508078539 0.0639519438762739 0.0568471290709036 0.0930781744573551
-0.0319661687305748 0.0382235647120348 0.0261406285490713 0.0278363003239011
-0.0186687706261018 0.0223796613380745 0.0369785931944782 -0.0195019404547081
-0.0225936601080899 0.034801817883482 0.0905682323530938 -0.0612493410844524
-0.0560080765581953 0.0597624948751184 0.252669519852598 -0.0667905688529975
-0.0696464605348965 -0.0176438752971144 -0.266203304627669 0.0747203001745947
-0.0755729366981673 0.00497716790730921 -0.139560794078287 0.0997688416206844
-0.0423185050962397 0.0569998406685075 -0.0366988235348988 0.0416213640108392
0.0152651636428266 0.0595693414979584 0.0114293878773655 -0.00905899416128385
0.0351333332052754 0.0293902353408049 -0.0304238907074733 -0.110981951862214
0.0332470622229063 0.0123263597065292 -0.123231246433876 -0.133264285262798
0.0378883873839721 -0.00354350039684746 -0.195402467555586 -0.123317132210069
0.0401121559477316 -0.000410593996552715 -0.231838840128064 -0.108743951343342
0.0504261857684212 0.00252049460079859 -0.228547170833267 -0.12232686009167
0.0521796224046601 0.0290121570663614 -0.174999095913359 -0.145555179062537
0.0370558611905302 0.0495773765759494 -0.0853383259992341 -0.142613477012292
0.01231655833684 0.085633528130238 -0.0279669967040381 -0.053027682116582
-0.0584447272709136 0.0697406132012022 -0.0705543263616861 0.032790743964493
-0.0960203901227861 -0.00521031418853123 -0.171500073699756 0.0492043663615478
-0.0771933313197326 -0.0350622544033746 -0.328266776216179 -0.0250268142116188
-0.17037047146696 -0.000956517018821242 -0.245256889851535 0.0588716908216474
-0.168670771437362 0.0319098717695937 -0.144344952946757 0.0832585868392396
-0.108211796493146 0.120575397511816 -0.0531229268246921 0.0491429288654693
-0.0111071240807127 0.149508976827091 0.0117639696862639 0.00364018259655678
0.0545680007545754 0.121516549813214 -0.0151990450092893 -0.100282345698558
0.0874470485268171 0.0870724868470251 -0.099186603262945 -0.125012986324305
0.1144788334049 0.0456083896464724 -0.165457325417074 -0.118121851203858
0.117201471149781 0.0411852659157182 -0.194656006579156 -0.0997955889545363
0.130590544003965 0.0398139417900946 -0.197134408122812 -0.103461930661561
0.128838281718044 0.0951045527052526 -0.157018519467944 -0.124984838131335
0.0830282118701496 0.138530346637455 -0.0826185697666181 -0.128489747036534
0.0261027248508741 0.196619341901444 -0.017035210447957 -0.0417775049864699
-0.0999176536771752 0.177495880884659 -0.0598905195778377 0.0523006889082004
-0.200725489326995 0.067182632465546 -0.146256818116102 0.0720253844156088
-0.209060849077835 0.00802711063853935 -0.269484979883646 -0.00138249727993647
-0.252475514964792 0.0129219101321399 -0.182899901226095 0.0497750132031658
-0.251718441070964 0.0546998606806779 -0.124347227914702 0.062760274376379
-0.172135746712962 0.174204933962198 -0.0668544247535944 0.0493416541631819
-0.0439879585085453 0.231742888101133 -0.000102168566928788 0.0195635062958904
0.0642386467990169 0.20977203935099 -0.00685116866489949 -0.0678063762893896
0.130718783791842 0.158766998510161 -0.0651869442007172 -0.0885475864158858
0.176022553629042 0.0926744722307895 -0.1117367092351 -0.08995113606914
0.176301411121764 0.0752569383676796 -0.127160990648978 -0.0765766464201111
0.191016212320904 0.0655067062250185 -0.132856950065473 -0.0750374838201449
0.19229950047791 0.138200099571455 -0.112774928804038 -0.0926108811189747
0.131252799867379 0.200659034460952 -0.0644749684914892 -0.102785458239841
0.056158607611677 0.280520323933176 -0.00099423738993434 -0.0347617614973333
-0.110460640112456 0.269814835457965 -0.0354044737023814 0.054647225421079
-0.263795299316232 0.142606793045318 -0.0980557207041766 0.071201853354861
-0.302262889345736 0.0606787283876813 -0.172132762726741 0.00499802120587807
-0.301294433925266 0.0272953043049855 -0.084266413540834 0.047798400064296
-0.307195212198138 0.0788030582960696 -0.0722843099672015 0.0419736233570732
-0.21599608813447 0.219206107965891 -0.0677603825830272 0.0425265996421751
-0.0655882581825861 0.2945649507065 -0.0158120686472211 0.0357318410681249
0.0702872725365446 0.273631812390688 0.000511031033705585 -0.0141360360425312
0.158249837241655 0.209142762936138 -0.0209524362092925 -0.0292213306855806
0.212207861761428 0.124985056669795 -0.0391954643887978 -0.0423746028892661
0.208236483003278 0.0976191468959709 -0.0411463060041262 -0.0430833407038206
0.220594511281662 0.0804904061384602 -0.0494928828543865 -0.0419372732371467
0.225377281139338 0.158338114894135 -0.0476221421875561 -0.0573667128870741
0.160014922987865 0.231142606369963 -0.0300481736446828 -0.070201990525372
0.0777674203944743 0.320146158394741 0.019961317405072 -0.02945708720039
-0.102784688295358 0.316739846622782 -0.00710665790133959 0.040605836031249
-0.280377491781334 0.192081942550916 -0.0403395224773625 0.0443018166541749
-0.343497773117211 0.103127343625886 -0.0561458854468098 -0.00835298418584534
-0.306885745088656 0.0431497980612184 0.037006921054446 0.0496070215291113
-0.313361650781559 0.100132552355245 0.00686739869039127 0.0211408182750189
-0.219189137275732 0.237003820035834 -0.0491171084505514 0.0311970494156834
-0.0667114720896082 0.309917282157938 -0.0261982491045379 0.0521936137030115
0.0706445417002119 0.289565780448606 0.0113334862438308 0.0506369915602498
0.164306044218016 0.223042264247201 0.0319224167858768 0.0423911914616613
0.216452835430704 0.136744649403239 0.0426693667806103 0.0156612844865179
0.208309099578687 0.105556423266467 0.050732542219236 -0.00392288585601007
0.21622121128279 0.0877264598590909 0.03875509344406 -0.00761719097374986
0.217776435790046 0.1600457455752 0.0241439431335185 -0.0209065177815694
0.151557127923087 0.229836468318696 0.0126467319366668 -0.0333832539597164
0.0698812234621134 0.30697837804824 0.0389915088330851 -0.0220760998229905
-0.0913292777814261 0.301031270424566 0.0173824899236724 0.0190609226685369
-0.257042419587808 0.193520092289897 0.0125170215354556 0.00334190039181422
-0.329313570024918 0.121941772794934 0.0588429904091721 -0.0338167823104432
-0.261032407718731 0.0568012656241372 0.161167522414079 0.0498577912839486
-0.257842349690456 0.106861138163394 0.0938772864739781 0.000207036237472734
-0.171442921939119 0.212502371696239 -0.0150642320308965 0.0194252726928851
-0.0481866380623897 0.261380496381565 -0.0237209096746589 0.0633066348847345
0.0604508950690733 0.246370985121996 0.0274071482022826 0.108163846375189
0.143368069912813 0.193199786899152 0.0864309065551703 0.108758873442907
0.186724563866969 0.122627488598533 0.121841986344027 0.0702992626062284
0.177032933595629 0.0978401623357683 0.134741982175762 0.0346934902288762
0.179483115218248 0.0867213332455007 0.117975784755869 0.0278447741974539
0.172640861938228 0.147430512357984 0.0863237227671299 0.0180377565682028
0.106867398941298 0.200188948454003 0.0489784992533223 0.00828418274048562
0.0325677766987521 0.2443033197793 0.0494995022200015 -0.00866229529993344
-0.081281048943608 0.227444026858291 0.0326262522265678 -0.000313270964213588
-0.201190332132922 0.151150650324125 0.0519024097741024 -0.0332903891075168
-0.267180434093775 0.113396983635172 0.155812166776811 -0.059463200486414
-0.170228083713269 0.0630729803442853 0.266134885468531 0.0441440585742575
-0.152087102053839 0.0908257224356783 0.166999175923724 -0.0230019896444945
-0.0889890727523117 0.14213626142775 0.0245482521564231 0.00431364355068648
-0.0220328978380228 0.158292043575456 -0.011212995851078 0.061922651792033
0.0372110882117163 0.156571466937166 0.0441684307254674 0.14262983413345
0.0958859568098824 0.128985723216425 0.132042931550864 0.15272002012691
0.126484014438775 0.0886366231163728 0.18495946884803 0.111146618767517
0.119138040498614 0.0754435598226167 0.199014449275766 0.0689006900070314
0.117987971654548 0.0743148265914494 0.17536990250523 0.0635567981013317
0.104306905284579 0.115058447601878 0.126243058609215 0.0610638031687913
0.0485992638392355 0.143149027803343 0.0660991092662685 0.0525836092489298
-0.00973638584638955 0.148942775624743 0.0446041491633833 0.00998272706202595
-0.0598555057286795 0.123964454895066 0.0367682788527877 -0.0125643455718465
-0.119845947864292 0.0893013673737097 0.0761955265239263 -0.0567212198252147
-0.171055237349135 0.0897067784889752 0.222941125904995 -0.0765217928553109
-0.0500851650726333 0.053356744704414 0.331721907130415 0.0326149450515798
-0.0259410552363187 0.0483342211826666 0.21332438748414 -0.0497775685554221
-0.00317490260306831 0.042249777789645 0.0553028173519654 -0.0191633334021294
-0.00496666242396962 0.0328786021227357 0.000981897744134276 0.0473442716308394
0.002162585278221 0.0498334037045738 0.0576589183754505 0.150995869388605
0.0305757603410755 0.0494252451456936 0.159768636731147 0.166807383691636
0.044321185689381 0.043453987321964 0.221833191775087 0.129641851424961
0.043189320139664 0.0416308946641871 0.233772202844444 0.0921667786388648
0.0418604829793132 0.0468429081540478 0.204560062524498 0.0944110870156722
0.0311431792859847 0.0615294002672172 0.141213957468124 0.101256094916731
-0.0010340046938729 0.0648506391166502 0.0630205051850641 0.0926246903055434
-0.0301386562533282 0.0412650891449191 0.026554752402275 0.0259144986769668
-0.0178022898988126 0.0242602658124342 0.0350569638175343 -0.0220559762336452
-0.0219882996603342 0.0362543813914153 0.0893435096529118 -0.0663555353842394
-0.05397388378567 0.0636738518869669 0.254832478754274 -0.0829008756429267
-0.0690491916350979 -0.0134557348894379 -0.259429324076316 0.0905030560719488
-0.074531315353789 0.00897622642433398 -0.132231681901485 0.10653117115001
-0.0384054937278526 0.0586170123842975 -0.033214829214736 0.0423306848643324
0.0185209932927932 0.0573271458389724 0.0125653586773611 -0.00971736913439391
0.036618228313121 0.0260210978539069 -0.0371475994173198 -0.107404392981401
0.0333323162955759 0.00998027904067966 -0.130323724271185 -0.124715528958475
0.0365640783952021 -0.00602895896846936 -0.201262775652045 -0.109756396006567
0.0395790203656912 -0.00342226629733654 -0.235464610672 -0.0927876577517874
0.0503077574129074 -0.00113464068015064 -0.233494052656128 -0.106238238093897
0.0544076240346321 0.0252202420904236 -0.182848324103968 -0.133578626182564
0.0400053718038382 0.0473984864506045 -0.0943851796392003 -0.136629109835679
0.0174708937427495 0.0838807143019687 -0.0304050211134632 -0.0515255524877473
-0.0533717298973515 0.0716785655702622 -0.0669525439435476 0.0353309409586845
-0.0950948427119774 0.000712939384821826 -0.166737427107012 0.0562192583058696
-0.0773053939252423 -0.0298867703937225 -0.32609364427644 -0.00555978287018929
-0.166804338805577 0.00983540516857546 -0.240269345838465 0.0724103876513517
-0.164238141114031 0.0407765195453868 -0.137833739325844 0.0903918051642985
-0.0978363021157984 0.125179478894297 -0.048888547846381 0.0508450829674692
-0.00217409978963375 0.147240327626197 0.0125123467444396 0.00327511078165991
0.0614664007533506 0.115391034237125 -0.0226741305323 -0.0970836622527405
0.0922654709711316 0.0808486486740974 -0.106005693636953 -0.116998868949799
0.115463100380078 0.0385533310051847 -0.172183833185374 -0.105946502844711
0.118318405373459 0.0330802949951383 -0.198638437326026 -0.0864389517410254
0.131558828309506 0.0313190255925807 -0.201213565087547 -0.0902118481336301
0.133908188149941 0.085897965244903 -0.164164769318801 -0.113724381655949
0.0914880377882886 0.132090031310563 -0.0914849435781727 -0.121858974059746
0.0382470728440012 0.192907543226688 -0.0193363783862482 -0.0418890958926516
-0.0889584775101358 0.180662881720548 -0.0544681236425274 0.0549839184428598
-0.194990080729016 0.0785992165113881 -0.139785094010459 0.0771171299893287
-0.204580771684181 0.0197076886191214 -0.266211679448516 0.0131940959045266
-0.247001614815532 0.027826028333014 -0.179621217929655 0.0601261983246947
-0.244822476530336 0.0682115316146308 -0.119810334842003 0.0694783675146407
-0.157498713212258 0.180933947620399 -0.0621386536652599 0.0519316999703267
-0.0292755222575893 0.230760368719948 0.00185243640245423 0.0191406553434091
0.0767391962654867 0.201700364199158 -0.0120755944219734 -0.065860186507122
0.1389785735464 0.148369717971705 -0.0700908636376931 -0.0833348566115239
0.179363643993692 0.0804016464346719 -0.117086929622506 -0.0807619201309057
0.179326134205367 0.0637965882006871 -0.131137550772347 -0.0682131122548891
0.192377068629365 0.0531223781298168 -0.136559668790706 -0.0649386041153584
0.199832892727884 0.123810323079792 -0.118692598983066 -0.0848508112569914
0.142207984180315 0.190864137656689 -0.0717725033409325 -0.0966285713616027
0.0733212057109114 0.274206546100568 -0.00328791712252328 -0.0362779570254802
-0.0944411457305026 0.272052419364869 -0.0303156185272931 0.0562461629861248
-0.252947689403688 0.156324768721463 -0.0928460404162975 0.0742833394886906
-0.29333099990231 0.0763254264682145 -0.169916297097265 0.0136182612620274
-0.294985263783741 0.0449610212952261 -0.0827744806659533 0.0524849056104671
-0.29844565069061 0.0953720145650699 -0.0694391941803159 0.045713653391393
-0.198180158661714 0.227881631641657 -0.063496131766812 0.0449910378477005
-0.0466699831530589 0.293303747298546 -0.0130332693668248 0.0357394606133439
0.0860584089184143 0.264233386566503 -0.00215312326917157 -0.0140553872300541
0.17002503954521 0.196430144831573 -0.0221490038282203 -0.0269462818867607
0.21746875236981 0.110494898741235 -0.0427227506182309 -0.0378877782867473
0.212270079846234 0.084222781511514 -0.0436018201221915 -0.0403891526950972
0.222469523222931 0.0661724278207292 -0.0519320683062984 -0.0377306801678863
0.233419570001997 0.141781600922133 -0.0522473285385072 -0.0537309958439846
0.172426181796706 0.219233330928731 -0.0355395908718865 -0.0657347733544624
0.0975379113683835 0.311758153852101 0.0167516619430124 -0.032297298836495
-0.0829099412824848 0.31875358171808 -0.00379303517954016 0.0409348752418371
-0.266544350679375 0.205498867387773 -0.0372752534032722 0.0451050571120693
-0.330502052175007 0.120785798518815 -0.0559112210973424 -0.00756701727621201
-0.298881614814741 0.0609701310701922 0.03706315961619 0.04658103669173
-0.303779793033813 0.116902809298876 0.00730014815670761 0.0205820487293954
-0.200681948191227 0.245350982263913 -0.0457887194590371 0.0332721616037244
-0.0481465819230202 0.309118236299545 -0.0222498257798313 0.0529686404268082
0.0873028718274576 0.280475579658651 0.0126605719793164 0.0484957131122416
0.176168712593852 0.210306033440875 0.0346905666833621 0.040889131847087
0.222643126476873 0.121750136275933 0.0418351517026864 0.0137177288177429
0.212606480388448 0.092477741745326 0.0494029424275079 -0.00759577138644081
0.218331837350597 0.0740640371739738 0.0373570114492213 -0.00954567597908883
0.225008295122959 0.144914450833095 0.0213033802646601 -0.0221121134144478
0.164102030621657 0.218515220559142 0.0097017709697497 -0.0315396410458421
0.089046934267022 0.298709883246791 0.0357367396193087 -0.0260731923224054
-0.0729766152752307 0.301809770510188 0.018567513127838 0.0182983154549178
-0.243131735717885 0.205495835982177 0.0129123286012547 0.00279621598875775
-0.31571128342342 0.137681500677793 0.0558966641013243 -0.0393389312682022
-0.253670086387299 0.0724935951893163 0.159775453661663 0.039212014977725
-0.248927011683443 0.12034440124808 0.092228554532793 -0.00488819619653902
-0.155534094015343 0.218392101466314 -0.0128132205223295 0.0203011321791062
-0.0322709606838907 0.260162160307263 -0.019688952078255 0.0640492878193194
0.0747397388668472 0.239806046697536 0.0323550335628015 0.104961398920046
0.153886514545755 0.182063128589977 0.0930858858319917 0.103119552058804
0.193100368045503 0.109980915928518 0.123882967291189 0.0633612766929973
0.181483819959917 0.0866964130419816 0.134957724443655 0.0259429428791576
0.181537818664921 0.0755657512495874 0.117141664687513 0.0204693172133238
0.180405311459506 0.134988378448201 0.0852484711647043 0.0129839096627705
0.118299105206257 0.191137761882828 0.0478804464726521 0.00677568837691321
0.0480157366924431 0.239561752009918 0.0468451093392073 -0.0129076238361766
-0.0669981970721028 0.228740355854592 0.0317249035023856 -0.000934434309324245
-0.19002695604891 0.160207281838392 0.0493568706349972 -0.0351340286207992
-0.255990851595399 0.126986024452275 0.150161082824451 -0.0701396337287166
-0.163809619904662 0.0729325199783491 0.263608037559899 0.0278528060214115
-0.145802434504381 0.0986790655557883 0.163886268661686 -0.0319150804583674
-0.0790410065797185 0.144451190011578 0.0254233658980135 0.00287645635427548
-0.0127844621903443 0.157322503422684 -0.00818681798919644 0.0624278386388568
0.0461985284469761 0.153250651574186 0.0518697054218901 0.138252066724696
0.102854945463621 0.121753123482905 0.140995337610167 0.143445869813967
0.131148276131543 0.0797973511092343 0.189717990211009 0.0992760631642634
0.122697808962096 0.0680399009314229 0.200875660518411 0.0547609066703466
0.120417144438869 0.0670643257586165 0.176348233328367 0.0514566427763517
0.110671580277423 0.106837083442441 0.127772418064452 0.0532302238419778
0.0570770251373424 0.138472749590819 0.0679544439286776 0.0494447841273805
-0.000138981441510295 0.147729658244172 0.0427790709204769 0.00611686687920893
-0.0513702336505356 0.125591839538741 0.0348430631836019 -0.014070659045124
-0.113925185545155 0.0945815841822528 0.0718793301729951 -0.0591274008073656
-0.162554766544479 0.0981768715968011 0.216374693975225 -0.0905819658560743
-0.0461692760118562 0.0559448326710056 0.328075643513299 0.0124266648312997
-0.0230858979909963 0.0495845719622984 0.206829965642707 -0.0612623475570314
-0.000506667656065336 0.0413363900959094 0.0540543589541845 -0.0211944713574175
-0.00305224883364352 0.0324288880548754 0.00260406982657094 0.04753524949217
0.00477129659395846 0.0499579850030149 0.0661195247745063 0.145849653398733
0.0331610844583528 0.0470172987724046 0.169286299251936 0.1551542054075
0.0468014530241633 0.0404750861864994 0.227321154868918 0.114742390553325
0.0458832539276353 0.0396328268507598 0.236503298782113 0.0757132085259513
0.0442381924538011 0.0442596942091818 0.207082744074343 0.0802372728586929
0.0344769463034471 0.0590722436551004 0.145505514784055 0.0909452223109622
0.00356147218144523 0.0642882906693324 0.0680475274285639 0.0882029823230901
-0.026823459411615 0.0426477588459339 0.0258450996235068 0.0236375224971404
-0.0157180022019252 0.0248388176799077 0.031843380978923 -0.0233646330144769
-0.0203066325610583 0.0364355207690238 0.0848460769820696 -0.0692889094522407
-0.0491737837381386 0.0660372689272438 0.247579307320948 -0.0989620655348188
-0.066119722600908 -0.0100807653243127 -0.247980160378329 0.0973055602240071
-0.0708597672754234 0.0108602161188738 -0.123834428807062 0.107680470262389
-0.0337378463299451 0.0580798944463277 -0.0303403650042323 0.0417255736491919
0.0199541253044635 0.0540720928894273 0.0127897638511439 -0.00994933223776326
0.0364916844054678 0.0224586120796049 -0.0400069114887483 -0.10112230077211
0.0327457789531484 0.00824311905067924 -0.130926646447408 -0.115112925446054
0.0347433413791883 -0.00695673785577175 -0.199628594024702 -0.0971251587915536
0.0377573243067439 -0.00555999736341732 -0.231305755637598 -0.0789077939040081
0.048454899671889 -0.00378093006779657 -0.229966633804792 -0.0918998856729399
0.0543652014589395 0.0219093449989233 -0.182701747859519 -0.122040594789223
0.0408416484771848 0.0445152152692859 -0.0979855212311565 -0.128888968336101
0.0205478080851482 0.0802648205716782 -0.0310765949603631 -0.0492079672918709
-0.0491169825220646 0.07077110424411 -0.0619414111509784 0.0358917403258993
-0.091804372285255 0.00477828213267432 -0.159175559117708 0.0584289282510186
-0.0750008932787133 -0.0263421288115212 -0.314574340107913 0.00750528767290373
-0.159204074462203 0.0159102911667083 -0.229954524103907 0.0803205416986948
-0.156147545678334 0.0451932999592364 -0.13017970089458 0.0925283255712672
-0.0881716292513648 0.123270701932609 -0.0447023634707548 0.050112139376892
0.00360809357121746 0.141352847777542 0.0132534405284085 0.00214551279503246
0.0641412041624415 0.107900129804167 -0.0261709803722931 -0.0923024262353881
0.0921645189988212 0.0740668498157768 -0.107052683756162 -0.108252407263762
0.112960895735101 0.0323586025657829 -0.17142085984288 -0.0943180801682948
0.115386746222685 0.0273543000845261 -0.195047141459533 -0.0756166066212996
0.12841348970427 0.0244697537124536 -0.198051453163862 -0.0781796795087475
0.133862866043107 0.0769858107467498 -0.164289566690762 -0.103314449563247
0.0937955641860026 0.12479168775328 -0.094074495852476 -0.11350361905257
0.0450061293762054 0.184589336215621 -0.0203373718774809 -0.0413506732151772
-0.0797371582169445 0.17709930426421 -0.0490390339869129 0.0547590659367761
-0.185331675160113 0.0834651212882144 -0.132620598154283 0.0777825398176548
-0.195291174367914 0.0261341482070738 -0.25654780073168 0.0220959489325463
-0.235705504523798 0.0369921454842251 -0.172728342681081 0.0651750575082391
-0.23341143828669 0.0744543759255869 -0.113269681284428 0.0712587179387304
-0.143271210398248 0.17876528254882 -0.0578107434712848 0.05150736077222
-0.0191384656147624 0.221849450334801 0.00294014702834459 0.0172718697986317
0.0819546259516363 0.18994063961106 -0.0152660434032934 -0.0627518363143004
0.140456312687368 0.137266026502279 -0.0707372746910823 -0.0769693533359614
0.175967072462321 0.0709106974726639 -0.117565816979105 -0.0723055486145041
0.175748072432532 0.0544881833226693 -0.129239638693817 -0.0604213903100717
0.187564979360835 0.0435135981849587 -0.13435430398172 -0.0569463991268247
0.198536190582669 0.11139248752714 -0.119256457631344 -0.0765048115236552
0.145383941509266 0.179400842632583 -0.0746355823469282 -0.0896802564828455
0.0822340510354875 0.26153600080379 -0.00560806348934813 -0.0362302808056639
-0.0809851077322618 0.265861710384638 -0.0257770012547413 0.055008137900959
-0.238833829998697 0.160429458068905 -0.0863530644014676 0.0734758664394707
-0.279052050072266 0.0839195712215573 -0.16357758674567 0.0180004711212626
-0.280927971495739 0.0550075181974273 -0.0797065403762787 0.0541707020235276
-0.284530025727192 0.103117380001727 -0.0656251471272941 0.0472031329696828
-0.180695858766289 0.22458919455406 -0.059466345093124 0.04453677917321
-0.0342307081119966 0.28319452681749 -0.0113224136147244 0.0345715471269674
0.0937432092054897 0.249830688551502 -0.00434515148699241 -0.0134323300983824
0.172292866970888 0.183057913200937 -0.0220673961563768 -0.0244953797424209
0.214860258857981 0.0984137497894831 -0.0438484908053257 -0.0335036683701527
0.208765161048214 0.0729696156733691 -0.0441938880462876 -0.037770261962643
0.216322867903949 0.0556387514824234 -0.0518843509016982 -0.0338450663626021
0.231197661601891 0.1270790815449 -0.0535593407464367 -0.0492519209862832
0.17531284215548 0.204943926559967 -0.0379185124867225 -0.0604565639525706
0.107928581416713 0.296639822496079 0.0134078564776704 -0.0338710448524154
-0.0688148521588179 0.30945434931039 -0.000463378729740922 0.0396865205446586
-0.249923429654798 0.207932014432805 -0.0339066714133907 0.0444896992445812
-0.312577906488286 0.127063378264358 -0.0547059920092211 -0.00690424669399144
-0.283969829443289 0.0706226505871274 0.0352519158608831 0.0440011539257797
-0.289021466446316 0.123445723493053 0.00758466927404472 0.0201660219134402
-0.182755638320564 0.242269756541991 -0.0426870325458828 0.0328917251108647
-0.0347433453734911 0.299477485778238 -0.0196752150497219 0.0516612941967911
0.0951955336814195 0.266688937642266 0.0124093873949073 0.0464664660532671
0.179679032736925 0.196108496430019 0.036199333683574 0.0385300320878583
0.220182056471748 0.108459480991185 0.0401629475911993 0.0130287126332576
0.209792784700669 0.0809648859743747 0.0469041418680504 -0.0103821131018396
0.212799731784954 0.0633118316699629 0.0353751955014206 -0.0105354673209158
0.224399997221537 0.130170000460013 0.0181996091030719 -0.0214112487774142
0.167490646012153 0.204405519313602 0.00702266250746515 -0.0291795517445454
0.0989339201391284 0.284833194798163 0.0321626036578351 -0.0280917165284781
-0.0588613023154 0.293506525411398 0.0195030982715207 0.0172037464801023
-0.227476420662958 0.206849660496023 0.0130214441922986 0.00260781688625749
-0.297980503544834 0.142938947856193 0.0515929675292997 -0.0420393421914871
-0.240521032907365 0.0795959994556099 0.153477333650023 0.03191968180857
-0.23652284396087 0.125140694594685 0.0884490710212952 -0.00805321199459363
-0.141218312255155 0.214780727567398 -0.0109718984902473 0.0193823967860518
-0.0213797040653674 0.25131516339512 -0.0170363013681906 0.0625188019193341
0.081443377114451 0.228668883764275 0.034151932455696 0.0995603007721032
0.156412937262429 0.170169274217485 0.0951365604094109 0.0960411081783587
0.191500125824069 0.0982016568011524 0.122072741069232 0.0568341320890092
0.179722869740665 0.0768192088347258 0.130486125274311 0.0187043920254741
0.177990603005981 0.0662875046857789 0.11323854340456 0.014880702976984
0.179302156986423 0.122259223116192 0.0818115150871942 0.00981317959991204
0.122542081671877 0.179722794743627 0.0458304005436792 0.0064315634001499
0.0570109573294266 0.229272160218937 0.0426161570928894 -0.0153048757668095
-0.0555748193997295 0.222102495866474 0.0304814279767002 -0.0012275474593499
-0.178465961449517 0.161402587286713 0.0469320402380385 -0.0353066277922391
-0.241080640388636 0.129867089321054 0.141819796491819 -0.0750664713523231
-0.154366877489621 0.0770426803343939 0.253236354566692 0.0171761197934256
-0.137153949243576 0.100772480148909 0.156974652108473 -0.0367458437835172
-0.0703829096112075 0.141062876344068 0.0248772138185862 0.00197401067696949
-0.00662521151271426 0.151862568837003 -0.00640670493121373 0.0609044065033697
0.0510575333530049 0.14687021591062 0.0550640294700182 0.1310828062085
0.104587192627436 0.113699374119422 0.143122423886239 0.132927676735426
0.13023332315984 0.0714009092577213 0.187353400611997 0.0882322690171217
0.122364105175178 0.0618009750334242 0.195263798963857 0.0442665337207514
0.11870234761128 0.0609907369304056 0.171384591416866 0.0424168288913541
0.11122502934101 0.0985683979584695 0.125337209617305 0.0465479189004865
0.0611097609089146 0.130793365445704 0.0668704101505944 0.0458881967268929
0.00664584837827504 0.142639172132458 0.0395041704200073 0.00347659419816926
-0.0447829229401831 0.122862227131916 0.0321625095956011 -0.013740556009924
-0.106723766744952 0.0950401969925453 0.067843050479896 -0.0587560628425647
-0.152520625857679 0.100309150794096 0.205131594819771 -0.0968665585848254
-0.0419918393591262 0.0557708605938157 0.315346328612451 -0.00031078645821032
-0.0208264033615163 0.049178347442672 0.197854638041348 -0.0668359062706845
0.000796946461248767 0.0388930542391364 0.0518900441528097 -0.0219420070626307
-0.00171517962209045 0.0317086778468585 0.00377438863165376 0.0464783718572635
0.0068315287468163 0.0488512923706414 0.0700037409894982 0.137752430166249
0.0343276770416668 0.0442707693100272 0.170816518301398 0.142857440405838
0.0473553744777711 0.0367406866815553 0.225386507083807 0.101305142199267
0.0465042594375189 0.0364898002929097 0.230616939041743 0.0630463910450339
0.0444174670996079 0.0419844434086795 0.202927483323201 0.0678899314129744
0.0357490197424269 0.0551693087716982 0.144032445905796 0.0820525045859121
0.00609338934965967 0.0614863340046716 0.069170998855897 0.0824890494350629
-0.0233446749471656 0.0422193543169761 0.0239729852796949 0.0213625699529875
-0.0135159889020516 0.0251308373489617 0.0280396853330748 -0.0232224726596954
-0.0190121279758131 0.036096327183536 0.0799267673825057 -0.0692785139620273
-0.0451464185642099 0.0656166237479381 0.234661933174528 -0.105852603998116
-0.0610800351734308 -0.012366502498097 -0.245700568528604 0.0841730773457487
-0.0675281039318912 0.0059894449678704 -0.123073081467965 0.101134937250314
-0.0348215633928062 0.0545609217514425 -0.027930894183163 0.0399614080450594
0.0161524118531759 0.052193839114772 0.0158300017455193 -0.00861261058735697
0.0330042995799851 0.0234429541049912 -0.0329893291889495 -0.0982912376213781
0.0308104873099924 0.0102163908979213 -0.120960439029248 -0.114716333019177
0.031984414975121 -0.00633233323069445 -0.189132782181492 -0.100148672981121
0.036483336298199 -0.00427774388334066 -0.220412587200829 -0.0810524110121015
0.0458782885366223 -0.00366712795040831 -0.219764124761236 -0.0936387113135609
0.0514468317871488 0.0223239962114033 -0.174429533470209 -0.120793562752326
0.0380397867271252 0.0447759021979236 -0.0922618312233585 -0.125303872999072
0.0164628825918741 0.0774581628273843 -0.0291625290195497 -0.0458976473743342
-0.0519693808958975 0.0675991494013038 -0.0627744430153846 0.0301924192457243
-0.0916142168743376 0.00307567986527147 -0.156048450104555 0.0440670907924886
-0.0740108082535051 -0.025196046933741 -0.300490524476196 -0.012354333763018
-0.154131910092838 0.00772221658931306 -0.227865431343398 0.0724222747427172
-0.152206238955865 0.0347209949671736 -0.127860852547267 0.0876557562944514
-0.0906918582569298 0.113838802195518 -0.0399107940807908 0.0485101447991689
-0.00337638723041002 0.134397023130754 0.0178909447839759 0.00598511812520742
0.0550010064700679 0.106009569060069 -0.0166963253573324 -0.0881585173368254
0.0858174554744336 0.0762658574021589 -0.0955531656363948 -0.107762292882543
0.10696630830787 0.0355882832647879 -0.160102471598217 -0.0966183607538081
0.112236727985903 0.0313948713819203 -0.18564147226122 -0.0762685653071001
0.122281982073559 0.0275104482696446 -0.188966176183607 -0.0780240463764271
0.128249654690026 0.0785755598236074 -0.157211598134124 -0.100709698603761
0.0876784538699428 0.126098367424556 -0.090941283549154 -0.107260833721582
0.0371348208955154 0.178792553331593 -0.0225100929033478 -0.0334068317921581
-0.0859511209409313 0.169772526547729 -0.054567144335686 0.0494068027748258
-0.185311399120868 0.0756303681950365 -0.133520755404602 0.0617754877847307
-0.190521567843274 0.0217797145583369 -0.248551886313957 0.00162719916374504
-0.22991094952998 0.0230841577218133 -0.172933861363666 0.0644551824058789
-0.228638576085229 0.0587312456426421 -0.109164997711865 0.0697957092247304
-0.147201928266173 0.164542407023379 -0.0502947112804403 0.0511110721494145
-0.0293982783756137 0.210077849838852 0.00960923260536229 0.022841156754277
0.0682031607021893 0.185393676413801 -0.00477509590022626 -0.0578779827470385
0.130194749066934 0.139352553745057 -0.0592251913005961 -0.0768677301869653
0.166349374843799 0.0759069763378461 -0.10707875717934 -0.0734375865481258
0.170726474987297 0.0614486791459619 -0.121217019745904 -0.0612946650598981
0.179817768495184 0.0489737686369049 -0.12857698477624 -0.0557156018262036
0.190834199015874 0.113904261680216 -0.114409957576151 -0.0719778571852408
0.137123505354959 0.181213119089306 -0.0740426526029504 -0.079997205720194
0.0711681334311608 0.253760799650104 -0.00954347506528754 -0.0249874191504889
-0.0900925254214584 0.25562216024091 -0.0349178850256356 0.0532609323201368
-0.238822436294627 0.148540414521843 -0.0917252424191591 0.0594208985381003
-0.271354732685336 0.0750508802191538 -0.161575799922872 -0.000338090695096027
-0.275907736152314 0.0370515643557627 -0.0827854553959191 0.059869327391071
-0.28050283164429 0.0828069195592073 -0.0611601340368457 0.0502286790358834
-0.18666066997049 0.206311097547378 -0.0492261152685827 0.0466845654020299
-0.0463085049398984 0.267714480342315 -0.00390453140824757 0.0414014601433227
0.077441000971719 0.244237361357475 0.00689045333725786 -0.00960047631880957
0.159365825039181 0.184575789513042 -0.0128403662646275 -0.0254845858109203
0.202892967307648 0.104359186155879 -0.0354182509150782 -0.0346683327356311
0.202763526487125 0.0820194369925616 -0.0398267823874772 -0.0370645810369755
0.208960979212871 0.0623941796129052 -0.0492954220662274 -0.0312184402964597
0.223347699136507 0.130291194190108 -0.0517232257104722 -0.0429990840708903
0.165443159925914 0.20814874902645 -0.0398286028644479 -0.0493428538200456
0.0949377142321649 0.288834565931653 0.0074110471066454 -0.0191973131953855
-0.0792832006550382 0.298899236701851 -0.0115212999214889 0.0407688075336179
-0.251681461082469 0.193976343948078 -0.0411085125751112 0.0345642947926069
-0.303854600916558 0.115226401527275 -0.0580165473547672 -0.0191062147398271
-0.28122818419791 0.0506878114172814 0.0288847871434577 0.0566292686720504
-0.287468527841706 0.101895867992646 0.0108633134217635 0.0280047540863808
-0.190127288466803 0.223726070419466 -0.0319646475412515 0.0368763618512174
-0.0475410171737668 0.282963101373758 -0.0126354405390509 0.0575145085831077
0.078284594432752 0.259837849985515 0.0213336840837962 0.048033879932232
0.165607656786866 0.196531079467247 0.04097648313874 0.0368095860861916
0.209365378120205 0.114677797219552 0.0449522302705008 0.0127180032416542
0.203618187011048 0.0901350873789329 0.046406517076507 -0.0083632615290478
0.205404962625243 0.0702678200874637 0.0342711300015579 -0.00618756578069763
0.216653978866898 0.133897827133213 0.0172764350054739 -0.0147039124864131
0.157719054834964 0.20691357531784 0.00270058492886267 -0.0179685779063775
0.0874042089562378 0.276293291647899 0.0245303816860092 -0.0134764469721484
-0.0681691386572926 0.282915303447243 0.00925873518571695 0.0209479166929942
-0.228652656301408 0.192734867408379 0.00623235116667041 -0.00244519433362519
-0.288963765560928 0.130112041487877 0.0453508707028641 -0.0463260301273928
-0.239686487898419 0.0613229377117812 0.144616753063241 0.0488368632414934
-0.238217278216549 0.106895431146746 0.0905587881562327 0.00352249004589263
-0.148880147889005 0.199226623730107 -0.00200161153368686 0.0236970827353129
-0.0327900074413195 0.238783685273091 -0.0119980444213671 0.0669169860233898
0.0677078340400073 0.222396561593132 0.0384744438314277 0.0991615196677685
0.144606963332693 0.170094767464791 0.0947196156710004 0.0934543270293728
0.182192907417571 0.104644162268419 0.121731364653998 0.0577588603883928
0.174840908208821 0.0847270499551903 0.1266401971801 0.020957831035439
0.172407755980693 0.0723652088240532 0.108403666427081 0.0200752533072033
0.173616954342961 0.124299435180271 0.0772684358215771 0.0159831749143993
0.11489859957149 0.180761835158054 0.039647131989739 0.0147748328328607
0.0490361999635621 0.221805639586766 0.0341286861085456 -0.00416416374942859
-0.0618230674390386 0.213665300634489 0.0219284830029594 0.00281960805198697
-0.179189614821741 0.149917257707824 0.0419838149614532 -0.0355521860897378
-0.233576076719157 0.118582365045376 0.133940823048385 -0.0717384207913564
-0.156757720611175 0.0634014617875319 0.24218265501515 0.0358869613284259
-0.140802091739446 0.0889633509364444 0.156562838623254 -0.0242727701119456
-0.0767613218790529 0.131578612325992 0.029884152996575 0.00614306549833597
-0.013206271199635 0.144116058730654 -0.00405399010100931 0.063240513971207
0.0427183280519685 0.142755268766821 0.0544696204283432 0.129041521078812
0.0976024217817329 0.113304703381871 0.137483263798538 0.130364638082398
0.125094389586064 0.0762538919486484 0.182834213781606 0.089845495856175
0.119183362281633 0.0673111330992116 0.187727298292423 0.0471000483073001
0.115299876953728 0.0650078836165398 0.164156465192281 0.0469123331062714
0.107302288932911 0.0997925758152365 0.118781273344912 0.05099103088061
0.0568787040537767 0.130487470059592 0.059834803778726 0.0507064134670105
0.0031878210553255 0.13679617865594 0.0314704068561368 0.00983677901361857
-0.0470534346693211 0.117263195149385 0.026275510790879 -0.0104769680121217
-0.106567094066165 0.0881317684615663 0.0652486504854765 -0.0550860986094783
-0.147644305750357 0.0908275325727873 0.197473519299775 -0.0866805959823735
-0.0464031800620268 0.0489453480254174 0.304374794837038 0.0179925312995637
-0.0247370521039737 0.0456999505500105 0.194424895590551 -0.0547791638068332
-0.00245394252812884 0.0369873889038772 0.0529011784125568 -0.0184962877421792
-0.00263977513257371 0.0296245286458738 0.00210874384632457 0.0464971480941262
0.00548941515803277 0.0463836277531136 0.0643976075026021 0.135321931367888
0.0316824352159213 0.0429768722033413 0.160739073285792 0.141426988508314
0.0464464781163191 0.0386262201719508 0.217139432616254 0.104096842566908
0.0454977154909732 0.0388405520001706 0.220598317023077 0.065509066960502
0.0439862989580494 0.0439507062666343 0.193438427169965 0.0708000111721225
0.0347710144860344 0.0555147252387584 0.136288241594154 0.0834926695676024
0.00475008434101789 0.0605605736633347 0.0625569071691627 0.0825691573809801
-0.0229518358339765 0.0396548015530683 0.0184822696791604 0.0222843539631686
-0.0128915865674086 0.0232694424274911 0.0254882332541489 -0.0202711124507161
-0.0189928315406033 0.0332649391077871 0.0791966851705722 -0.0621666270368303
-0.0434613566062575 0.0600594708722086 0.228125539920917 -0.090369842665279
-0.0592458432791353 -0.0132456199856965 -0.243653395777612 0.0811217915650361
-0.0667964450513732 0.00486726860319887 -0.122700889323273 0.0983522128375881
-0.0344622658883899 0.0531688695235517 -0.0280983212798626 0.0382142754883755
0.0155652372710268 0.0515246509687921 0.0175592536655343 -0.00881965520972705
0.0318814285262778 0.0226428651269386 -0.0317426094130463 -0.0966876746621835
0.0297498138543049 0.0100230033800941 -0.118964816376127 -0.113723225525736
0.0312394926267777 -0.00568888684888993 -0.18742381369624 -0.099792933562545
0.0355185960956386 -0.00437897136687202 -0.217266142383413 -0.0812759587192924
0.044867805496894 -0.00423139905792166 -0.21711206222174 -0.0938671180272634
0.0515358067815292 0.0222287770090245 -0.17240539171619 -0.121178510853963
0.0376895315325724 0.0448986943814469 -0.0908600319847254 -0.125015705153272
0.0157148325876658 0.0770271078612054 -0.0280388537353839 -0.0466876972537787
-0.0525954311786399 0.0661533991612381 -0.0612349558139469 0.0282805730985387
-0.0904438394728499 0.00215076041191365 -0.155446756203525 0.0398320075518471
-0.0724808807283858 -0.0261364312449877 -0.296425811949648 -0.0152384959736204
-0.150396189083411 0.00567615774602372 -0.226681080167428 0.0696288490920394
-0.150488367408236 0.0318548061970302 -0.126714507056046 0.0843507743758726
-0.0895943629512087 0.110679029268398 -0.0400602734731498 0.0469707491132019
-0.00441751181974432 0.131857919219076 0.0185812468031324 0.00550255798241159
0.0531076340696588 0.104474675894906 -0.0158818675297036 -0.0865355663746379
0.0843217495330738 0.0754129138718315 -0.0938586574398465 -0.106984505915814
0.104888102205861 0.0359936589146228 -0.158010584206911 -0.0956188308027706
0.110716524174484 0.0317604870874949 -0.18278023342626 -0.0768158010523008
0.120666814482073 0.0277261978997149 -0.186485724187987 -0.0786916454013917
0.127193265105342 0.0783541623861745 -0.155425520583749 -0.100379792746209
0.0859527180850771 0.125814717541552 -0.089491932510132 -0.106497091208009
0.0356719905089454 0.177322991200535 -0.0220610399109467 -0.0350832537509774
-0.0872905323101487 0.166730824098255 -0.052939351565063 0.0474222680908097
-0.184366484782738 0.0728711627582728 -0.132692993320762 0.0577205760226461
-0.187544982096284 0.0185691470926458 -0.245535462508631 -0.00187974233287829
-0.224710261113267 0.0203952746145051 -0.172209766663928 0.0618110259515434
-0.226438253531953 0.0546967375855237 -0.109043883373695 0.0674822887169519
-0.145283875608272 0.158636688196287 -0.0510918928497135 0.0491001914633208
-0.030855626494384 0.206447507824658 0.00943341237513089 0.0226231196507798
0.0655290963516096 0.18311789246095 -0.00510530783740611 -0.0567233650970343
0.127503001450728 0.138238230928417 -0.0582222896470153 -0.076674351807515
0.164074780395966 0.0763617620611252 -0.1053316244926 -0.0722522537266439
0.16845709222153 0.0625162689143613 -0.120519125595407 -0.061319235998569
0.177286968326573 0.04993791792802 -0.126487305799326 -0.0557514282459852
0.188443765244093 0.113173194443944 -0.113217489397021 -0.0720980765340773
0.134123730097023 0.181115132661664 -0.0729224115108396 -0.0791371139504615
0.0684059352211833 0.251857059047989 -0.0101115269318064 -0.0267035823719596
-0.0924608413132969 0.251125728060841 -0.0335613708320823 0.0510858754233058
-0.238718855542861 0.143779699298204 -0.0908774380289565 0.0567404728185654
-0.266846666507632 0.0689103213668014 -0.160085420852443 -0.00313158058634277
-0.270320013754802 0.033480565616015 -0.0841096739859827 0.0586403928789738
-0.27807830136568 0.077508489794092 -0.0617207115141232 0.0486316493139807
-0.184984369823763 0.199233008133565 -0.04984258535883 0.0442886747313316
-0.0483758007103206 0.263389627391504 -0.00437551791603391 0.0402207899810028
0.0734116844832096 0.241043453636691 0.0053140238362445 -0.0090635886963781
0.156237303159127 0.182715939861231 -0.0123991429083736 -0.0257126094881335
0.200137245870809 0.104575340291514 -0.034609747715911 -0.0336439843500323
0.200122410156644 0.0827678315869615 -0.0400340471989835 -0.0375000157294422
0.205143390095929 0.0645796967590104 -0.0486335090396655 -0.0310626325546532
0.219847214843612 0.13041731852014 -0.0518780544335499 -0.0427596701530461
0.162139286998118 0.207226454808365 -0.0392607503385863 -0.0480151563315037
0.0919357680923768 0.286246815511807 0.00618301172773226 -0.0206109954810997
-0.0820591573870434 0.293467891090979 -0.0102781205696462 0.0397274517494688
-0.250896703983683 0.188047025157165 -0.0407885873588978 0.0331416278638779
-0.300249418873601 0.107665852497699 -0.0579345983206101 -0.0206106799239338
-0.275264532694679 0.0461621966127187 0.0263284634698871 0.0567247119973376
-0.285324066418614 0.0972557517843498 0.0100650557854399 0.0273885254884043
-0.188971164217631 0.215938835023588 -0.0328781685777286 0.034893301915713
-0.0500795029484803 0.278358393688392 -0.0133705934896551 0.0565664537550436
0.0748800736255973 0.257169474620551 0.0186805560816799 0.0472939237258647
0.163042359138338 0.195045424165669 0.0409123925391736 0.0361080681737627
0.206208291292501 0.115294281997011 0.0445707056691119 0.0135067759759121
0.201808789194158 0.0911121637685996 0.0453298512355312 -0.00869518149280164
0.202321146851069 0.0727180802598365 0.0332150608358978 -0.00615357376801846
0.213222146759029 0.133547491058402 0.016158045344668 -0.0136062419404638
0.154467626540164 0.20631544048216 0.00200821771875471 -0.0164888169431361
0.0849731911273693 0.27389704635798 0.0223664823351426 -0.014783629318053
-0.0703005192905573 0.27776546619531 0.00983020026566286 0.0208145728197718
-0.229139537645104 0.187237112670615 0.00655673769457325 -0.00244069442098725
-0.286029147666076 0.123116532472329 0.0447601229201035 -0.0466098360333449
-0.235448107568414 0.057684196887225 0.140044882995055 0.0510720875774024
-0.236045700848629 0.102406068824972 0.0894388697305537 0.00422411636836284
-0.14855528519576 0.193047480904537 -0.00272575364101119 0.022835480286782
-0.0352558244224425 0.235382276335712 -0.0134323845484839 0.0665393256146356
0.0646210787917025 0.220568766184898 0.0354361045139863 0.0978983421195837
0.142450374580776 0.16898680406096 0.0933714696890711 0.092595823172384
0.179814510087798 0.104294111809862 0.120771045812867 0.0579555619662363
0.173027439213719 0.0861654524773523 0.123509838072798 0.0215283375081446
0.169577370533264 0.074514013280339 0.106954146288953 0.0202956722236626
0.170113816887827 0.124746008751615 0.0755818247926151 0.0174415165415866
0.112370805242903 0.179902819340557 0.0386648765404351 0.0164969546091134
0.0475819856108109 0.21913116376126 0.0317296135996837 -0.00413674866061537
-0.0629473956656025 0.209811766500314 0.0223953822970285 0.00309621999628489
-0.179090248279633 0.145601598418806 0.0421411387821362 -0.0337929118819103
-0.231407881075171 0.112914303886322 0.132795273145673 -0.0706132176782212
-0.154048351113357 0.060627494825284 0.237049013719127 0.0391495938421631
-0.140231043202411 0.0862200853279641 0.154190084661652 -0.0222026494477822
-0.0770859876827509 0.12816524056559 0.0295944204221215 0.00631190949995129
-0.015039268558472 0.141938400491103 -0.00563657359031683 0.0628709091672379
0.0413829599375156 0.141776465519614 0.0514165908710538 0.127580318899329
0.0961030528663965 0.112972730979283 0.135604066619555 0.129835949618456
0.123662002094821 0.0758687887195352 0.180867208133043 0.0898365510652796
0.11824164091229 0.0673695321050166 0.184114554918616 0.047399632024922
0.1133587622774 0.0663660861384921 0.160796862755567 0.0469831195572002
0.105222715843844 0.0996931575715383 0.116462221332289 0.0512939463910111
0.0548645006474056 0.129278146482125 0.0585387887976893 0.0508545127663177
0.00301851742992197 0.134592974935897 0.0290771964421746 0.0100126781872523
-0.0469384153965927 0.114745118391626 0.0254780977913012 -0.00917987311127802
-0.107009960541139 0.0855005899192005 0.0654168596071128 -0.0528534613965284
-0.145750334517569 0.0869334670477703 0.195124603981591 -0.0856854130596694
-0.0454524156591957 0.0475397436362729 0.298223617435161 0.0210454369351115
-0.0244444594912751 0.0450204028824964 0.192686030334332 -0.0513284833648694
-0.00269003636460382 0.0361151086903526 0.0525599492601329 -0.0169507265535762
-0.00345304790988265 0.028631090014501 0.000621889774885353 0.046796048329767
0.00541334896163712 0.0464493807443865 0.0615212237015255 0.133773787040756
0.0313149440495072 0.0428406307554809 0.159057096523466 0.140543168837741
0.0458949966813682 0.0381475327371331 0.214554387331594 0.103559646717634
0.0451231124690296 0.0388761484426044 0.2168396484875 0.0665739841527051
0.0433006981397008 0.04451666663354 0.189643234466234 0.0718901908997536
0.0338840792064032 0.0552715737594495 0.133942680452769 0.0833419101681396
0.00410593219014165 0.0596978804882272 0.061109452338459 0.0821341065630015
-0.0230223430522647 0.0389738898899057 0.0163991972545873 0.0222991311536079
-0.0124884988947707 0.0221951450839854 0.024316664520844 -0.0191588794435217
-0.0195224505065617 0.0330068166580705 0.0791550344610679 -0.0600977732770949
-0.0430357787464624 0.0588340808706063 0.226576357430623 -0.0882110290901206
-0.0593091396615912 -0.0141978478634717 -0.247629705271337 0.0798166689920277
-0.0683221254235408 0.00404794184256982 -0.125342705328052 0.0985936273815574
-0.034630187613511 0.053035127344724 -0.0285174978042761 0.0385285715888504
0.0153915567280128 0.0525271054893481 0.0186353416408336 -0.00904152876370236
0.0315564692342627 0.0228591010600498 -0.0307991845103543 -0.0970120732116348
0.03008974318833 0.0104231019829144 -0.12005553890805 -0.115397386617154
0.0314719159523868 -0.00559144498182657 -0.190168086909456 -0.10144475984123
0.0353760978769316 -0.00412915022662843 -0.219687505963448 -0.0834263182254218
0.0452449027308618 -0.0043315838344208 -0.219235336365406 -0.0969230433789668
0.0526502253654686 0.0224873884213108 -0.175040073617642 -0.124352675608588
0.0379884306454809 0.0460977100571291 -0.0921496305548774 -0.128208233417102
0.0157137304752367 0.0788428291431676 -0.0278190940681051 -0.0490928347220808
-0.0544938800923387 0.0668242192826462 -0.0620125880555383 0.0268311229637861
-0.0917447927854409 0.00130022518614778 -0.158293231459249 0.0370809599382638
-0.0734917289047229 -0.0274808408075367 -0.300734397184153 -0.0177334124733612
-0.150768444573103 0.00407437972578088 -0.23132487569465 0.0685192428020138
-0.15313353867709 0.03032190828248 -0.129633050710729 0.0840000788865608
-0.090064775098797 0.109614639246291 -0.0412471079300614 0.0463033069673026
-0.00540218406816446 0.133517262119169 0.0198289141518306 0.005630675116541
0.0524472315074554 0.10549908018335 -0.0156893757717065 -0.0868729786428108
0.0851677220588572 0.0769231558545384 -0.0947960757435397 -0.108662982725782
0.106118550843145 0.0374443805829961 -0.160125740341819 -0.0971077750971157
0.111744890814658 0.0333351502728994 -0.185363102251653 -0.0787906550018704
0.122106987788165 0.0288766098318793 -0.188982884127068 -0.0805244495139955
0.129026579767653 0.0799295907166624 -0.158486392285254 -0.103571104926804
0.0863283272728273 0.128833470972116 -0.0911234033528634 -0.108664675211305
0.0351931299213665 0.180226855275851 -0.0224712770981228 -0.0377494018843025
-0.0904232563909795 0.168725089714132 -0.0529766075184499 0.0461570751979555
-0.187909348290721 0.0720682617370475 -0.135793200954432 0.0559013987883174
-0.189966230501022 0.0161082236535468 -0.249350833325383 -0.00381851195491608
-0.225814797577701 0.0176968695327811 -0.17617628008 0.0610974038927014
-0.229902900158272 0.05235637059111 -0.111810910057857 0.0671025506194221
-0.146900455350276 0.157719671432541 -0.0525682183575186 0.0481153193635713
-0.0331893928017617 0.208050507678659 0.00969635846416537 0.0223835119756338
0.0646113676164139 0.185376391576675 -0.00557290448199856 -0.0574383662620214
0.129221577087725 0.141025941109661 -0.0579508938880416 -0.0779930620336317
0.166697905600105 0.0785277074526054 -0.106043417817897 -0.07311316293169
0.170610613553887 0.064631347947006 -0.122571032399532 -0.0636035222826732
0.178653017876193 0.0528509061240365 -0.127956303349462 -0.0576388305765922
0.191276765637531 0.116422967520258 -0.11546892127275 -0.0731468321563013
0.134743754545978 0.185652554980156 -0.0741805768870095 -0.0799543827325318
0.0682697311412208 0.255794588845378 -0.0116022481673839 -0.028839666435737
-0.0961727955754937 0.254304111240932 -0.0332453049551524 0.0502588413768681
-0.244272775718234 0.143472451355075 -0.0928789185509177 0.0551949288724272
-0.271057780200613 0.0662312998927636 -0.162455205205884 -0.00531931734012076
-0.271744130045545 0.030146242604138 -0.0873423618857645 0.0586479753358548
-0.28333173311974 0.0751225265145722 -0.0635631646906864 0.048009737819556
-0.187920957418001 0.198222993780221 -0.0518434388591023 0.0434201452034137
-0.0515779961461281 0.265986579128632 -0.00484226744669921 0.040565837746223
0.0720493816959193 0.244369958604697 0.00377485052434464 -0.00887463505294991
0.158239394158429 0.18630741563295 -0.0124611528164532 -0.0263892056820532
0.202625500341091 0.107393570111922 -0.0341541526329634 -0.0334677496189303
0.202833282919467 0.085426011716712 -0.0414700747867192 -0.0385341932575614
0.207505763671579 0.0678707216934958 -0.0495188395742567 -0.0321530409885016
0.222935282497001 0.133751214664712 -0.0540324967897737 -0.043224616963888
0.162496597418283 0.212844426064612 -0.0399504813024295 -0.0482026294165324
0.0919391490000379 0.290892145522386 0.00452318877217787 -0.0223924448055506
-0.0864590233209874 0.296501716196136 -0.00968934431107488 0.0393636674737972
-0.257901416491674 0.188284176924223 -0.0411826564076443 0.0324541275151512
-0.304432984413638 0.104962791634458 -0.0586253894336238 -0.0232923334578202
-0.277779134202105 0.0431494086704742 0.0241617248163292 0.0581540197145626
-0.290305111371635 0.0948288736726295 0.00907408563828548 0.0272152919953534
-0.192613368758207 0.215260232189874 -0.0345391284076227 0.0340885885118943
-0.0534163465869414 0.281860722956334 -0.0142155395216978 0.0574634500429372
0.0735596773548881 0.261369752665322 0.0163480026106857 0.0481491668780621
0.164679405200936 0.199316958346744 0.0410294211963415 0.0366127352144958
0.209101191127585 0.118157536171672 0.0461264679228517 0.014048674374012
0.205171541761006 0.0941651903880057 0.0440651137834955 -0.00867399792892208
0.204684481098377 0.0767201572377141 0.0335809330695419 -0.00582441208577263
0.215747363179204 0.137343318680056 0.0154341984460116 -0.0132604610401434
0.155665012335136 0.211419266612409 0.00218337130282863 -0.0159151123780772
0.0847094758418821 0.277520961904189 0.0206198417327839 -0.0156947491825897
-0.0742336964358001 0.280940678952545 0.0106051801192981 0.0205411084578912
-0.235509893519349 0.187410417402559 0.00670430025429838 -0.00217963936837411
-0.290449486389469 0.120089964964753 0.0457527364748976 -0.0486004400909817
-0.23770613695486 0.0553299944381447 0.139843565400077 0.0537814807562514
-0.241431109475921 0.100963356958621 0.0893222132707526 0.00511028423432587
-0.151866820135153 0.192985334385481 -0.00397275724296601 0.0226429238841679
-0.0382322118751252 0.237880223405053 -0.0144610617620158 0.0678948405992108
0.0642561464012218 0.224796515317467 0.033118937122518 0.0997336508741712
0.14392648636855 0.172860776610598 0.0942873946851537 0.09367429245994
0.182450213781831 0.106946070806109 0.123190211353906 0.0589383135842691
0.176286772353187 0.0884468366140155 0.123946640076594 0.0221484493304791
0.171859680630023 0.0780835729671892 0.107709755621686 0.0217000883036386
0.172791048130113 0.127877381032657 0.0761595430011027 0.0183400306238085
0.112989857841007 0.184314567721679 0.0388507211354517 0.0179339188920765
0.0468332021703182 0.222044011770742 0.0298807367547072 -0.00456802152665297
-0.0654671026590711 0.211437802543751 0.0229488785062036 0.00342647527823664
-0.18410299665994 0.145886191204147 0.043736597034522 -0.0335914545764424
-0.234562152940208 0.110413087435948 0.134483059575457 -0.0724492621324852
-0.155467720723867 0.0590903398603917 0.237915152127452 0.0429516380374937
-0.143048851432766 0.0859600133588063 0.156672145581109 -0.0209307160064567
-0.0792187031408446 0.128196374540746 0.0293585039271292 0.0067746183869863
-0.0166071969312856 0.143897255294902 -0.0069034727396069 0.0648419619348735
0.0410643454606624 0.144823743036638 0.0493737663419113 0.129948342212229
0.0974314169745622 0.115055454324243 0.13731916319329 0.131393268571618
0.125705016934589 0.077403705863553 0.183884567654932 0.090800989310894
0.120625472180894 0.069743440964432 0.185373510455095 0.0487762223387388
0.115019877278458 0.0691694612656391 0.162659786022699 0.0490769575943333
0.106292534834083 0.102215365253073 0.117686739401007 0.0529151326277863
0.0548460744362291 0.132166092612079 0.0590254757906429 0.0531302288568087
0.00256355052534909 0.136436670882659 0.0273920240017443 0.0103908983972839
-0.0479648030151775 0.115218228830738 0.0259209157291718 -0.00848773757586769
-0.110525313180112 0.0861695398332459 0.0675413986601809 -0.0525285987348133
-0.147800405558439 0.0861847598886946 0.198911676172992 -0.0863804976534421
-0.0458542480087342 0.0479488146357552 0.300334579148473 0.0249060543082853
-0.0247984964073057 0.0451115719254888 0.195534078646642 -0.0500062216817176
-0.00319126217012593 0.0363486098791133 0.0535740028361002 -0.0162275286725152
-0.00443338704130623 0.0287126292556039 -0.000265879004114842 0.0486234111362377
0.00577131051552908 0.0473659284775679 0.0609011641465876 0.136684183109678
0.0318417572267212 0.0435742307878763 0.161249121622796 0.14301445701231
0.0465331524182824 0.0393898234609736 0.218421360333928 0.10508859602498
0.0466982833455475 0.0401445856818894 0.218561245322288 0.0682908556556236
0.0446457982618482 0.0460631857297702 0.191501526970581 0.0737062443706902
0.0337085748561586 0.0567036793824882 0.135636123661724 0.0854410692778701
0.00434253417789923 0.0604423145275282 0.0610951333482338 0.0843063638464204
-0.02324447937535 0.0390509997573846 0.0146885452037671 0.0230247899089489
-0.0121280109573957 0.022403606899161 0.0238662491581442 -0.0191131160737546
-0.0205463175242198 0.033536442582133 0.0813772189415326 -0.0591515828613804
-0.0436392595850232 0.0587153386190451 0.230305674371388 -0.0893637158725914
-0.0606763898108124 -0.0147092126756671 -0.255051927954163 0.0853043630016143
-0.0707573545504715 0.00447787564705442 -0.128410731494868 0.102805472144726
-0.0343032759291302 0.0547469538559822 -0.0290326351499882 0.0395104599603562
0.0166492307813606 0.0544037964836357 0.0204989835415585 -0.0101907839013785
0.0323212794699904 0.0228541845585641 -0.0321245065918606 -0.0994006944326895
0.0309875542060847 0.01052933540163 -0.125456645010468 -0.116727539909563
0.031815408069402 -0.00563049595391346 -0.198416323230509 -0.100749471011287
0.0362403957093782 -0.00518098033898051 -0.228189048942894 -0.0825161203886866
0.0461839947949592 -0.00583778513405818 -0.228956136448579 -0.096851304899803
0.0552356128987166 0.0217257420407522 -0.183607967564352 -0.126813559335968
0.040084181481244 0.0481510951038374 -0.0969073055985643 -0.131905704646283
0.0176095797355381 0.0813635422667239 -0.0292076866548093 -0.0512360297992892
-0.0556784352227795 0.069919650321909 -0.06243815050972 0.0267621691705105
-0.0946911073436212 0.00258717640656997 -0.164309116730029 0.0377762908095066
-0.075855648103063 -0.0274995497227374 -0.309859490758634 -0.0153317240582131
-0.153914469654233 0.00498456853780789 -0.237619827831396 0.0730129688892947
-0.158028259750916 0.0327958829281673 -0.133322867504261 0.0882546667134376
-0.0904616639613098 0.112494747450362 -0.04266360860757 0.0475171220478507
-0.00372301400714092 0.137691977663763 0.0214036150387505 0.00498398941853971
0.0554585042044597 0.107743504880921 -0.0172736104632398 -0.0889999314383388
0.0893517401654546 0.0781146727123034 -0.0991253159316235 -0.110465989586376
0.110392897947449 0.0371370978802603 -0.166599741000176 -0.0965580812311088
0.116230772017356 0.0327870947768428 -0.193023179296335 -0.0790368223778174
0.125434778331309 0.0283755093939598 -0.196103554048335 -0.0810566322230849
0.134948595681163 0.0803424475497488 -0.166071798593321 -0.104754789966147
0.0911978820880204 0.132512554494765 -0.0963283777470973 -0.111386683798774
0.0394062597664058 0.18644052868191 -0.0245447189067445 -0.0398479547424963
-0.0925716070235731 0.175531817960375 -0.0525884096371234 0.0466450451968612
-0.194189907151213 0.0766177029950418 -0.140309190641357 0.0571101432790603
-0.195834616240906 0.0179003309930494 -0.256943697005627 -0.0020882340542775
-0.230320281282914 0.0196149997853354 -0.181952189482915 0.064939733922923
-0.23744047150773 0.0562357656276655 -0.115136116832996 0.0698435768760538
-0.148216800315264 0.161789461434223 -0.0546608315464897 0.0495473207180068
-0.0307051975518128 0.215294131605987 0.0104668763324089 0.0228368245404244
0.0687306977803766 0.189912910303863 -0.00695995063943272 -0.0584122036981674
0.135516860590254 0.143299486871082 -0.0615605279059008 -0.0796713412923368
0.173082031062718 0.0786502370352003 -0.11037629942357 -0.0734668466111276
0.177574528618053 0.0642293065996478 -0.128113914943777 -0.0637432002677414
0.185002468940445 0.0528639052120469 -0.132975826961184 -0.0572051895167197
0.199753045631006 0.117061099340915 -0.121936342182853 -0.0741475125591883
0.141818556580418 0.190909754334406 -0.0782638971060046 -0.0813779394789924
0.0747296799177988 0.263865524466965 -0.013974787198033 -0.0310136202683702
-0.0972196397133565 0.263862415443311 -0.0321222944035368 0.051070386684388
-0.251739689366257 0.150908199404239 -0.0951225896026808 0.0568287633178801
-0.278699873013731 0.0692125542792598 -0.168471060491655 -0.00459861094071356
-0.277482451203498 0.0337085330711387 -0.0904826261126316 0.0619282266588543
-0.291639079586436 0.0801481756157597 -0.0661084188867445 0.0501284240418814
-0.19007016962518 0.203918959156788 -0.054272847501431 0.0449858702345829
-0.0500368033897484 0.274130306166349 -0.00397053570005796 0.0417448098898133
0.0775337913920481 0.250949569679195 0.00205248710426859 -0.00920763832695611
0.166509168287413 0.189956527116782 -0.0133112685416774 -0.0276083646350587
0.211351923543905 0.107869785887203 -0.0354915423959399 -0.0341581748219209
0.211481640570075 0.0860313897819068 -0.044589631655811 -0.0395320090265842
0.214978311356224 0.0686098320968534 -0.0517303086680801 -0.0323533436606007
0.232367927533774 0.135141982168689 -0.0571719361923204 -0.0430500092818899
0.171293318212308 0.219091613475881 -0.0420480632279538 -0.0484481903404181
0.0995534130497901 0.299443691980416 0.0023229918321555 -0.0246212583104412
-0.08575206662604 0.307563879539464 -0.00837394329727209 0.0393827087886244
-0.265576185766374 0.197099796500005 -0.0418044999512415 0.0328952396960661
-0.312441445599402 0.10907811183667 -0.0611882286673438 -0.0239997081973112
-0.2832976678895 0.0462439710940702 0.0235020098171628 0.0607652708360478
-0.300403655748071 0.100470671545065 0.00931748793675665 0.0285807826588486
-0.196327162806516 0.221245091566894 -0.036117025932351 0.0356741005988924
-0.0524552221477395 0.291214278620387 -0.0143837990668358 0.0598085986000669
0.0789902523216332 0.269329648482666 0.0152006214272727 0.0498404138750974
0.17311013188654 0.202947094875912 0.0424507527561337 0.0365511147383044
0.218216361226456 0.118951541843804 0.0487353403635891 0.0135895290420948
0.214164905578667 0.0945431555289108 0.0443009384915616 -0.00969925417619331
0.212205686636505 0.0782622803409914 0.0343174830362729 -0.00610207628374872
0.225036453208382 0.138890644565987 0.0147136912682492 -0.0136828209186933
0.16377357596411 0.218014650656672 0.00182233487964199 -0.0154412038154727
0.0923908016627253 0.285258290426273 0.0186287183955072 -0.0168538082581889
-0.0738050365070894 0.290149778981477 0.0120598966341846 0.0208071241319356
-0.242536776130767 0.19596322883327 0.0077320862313154 -0.00228311997541515
-0.297780438037314 0.124613217437122 0.0455849233724588 -0.0521624623414957
-0.242706794431253 0.0590396189240019 0.143200287617936 0.0554477317206276
-0.248466313119205 0.106345699411098 0.0918496621320768 0.00448590809111786
-0.154248088414205 0.199081964733044 -0.0044462823721146 0.0232130214848102
-0.0371444159837809 0.245664082206215 -0.0141399498742493 0.0705494050251536
0.0685937781280505 0.23157275884073 0.032750777912131 0.10267932580301
0.152136896222877 0.176236750251214 0.0983705147214737 0.0951664838071852
0.190725536132382 0.10730865280506 0.129081697250831 0.0581071487327169
0.18448142469935 0.0886809776981188 0.126704432508477 0.0207330482499408
0.178748360796974 0.0798850605140934 0.111134028234311 0.0211053549612439
0.179887488915565 0.129833477753608 0.078326565081739 0.0187594068027362
0.118795735658319 0.189489995461712 0.0403296398264631 0.0189871763199947
0.0523926419819265 0.227171489552826 0.0287173699178812 -0.00486496797215924
-0.065273732638123 0.218790861251257 0.0243205397889516 0.00315712766948886
-0.189775667689 0.152623458590821 0.0456491994285819 -0.0345339451742389
-0.239900373364684 0.114800488494612 0.137564029900527 -0.0778410706428805
-0.158774798294298 0.0623951609114675 0.244426845838298 0.0426812991383615
-0.147206819807442 0.0900530309750682 0.160432913178346 -0.0229347906942108
-0.0800129870060681 0.13208946673429 0.0299180540781944 0.00745959926325664
-0.0158349013031461 0.148396983486345 -0.00666531231018116 0.067836169622698
0.0442529707878836 0.149353809915582 0.0508574763744467 0.13393247309562
0.102749518051125 0.11674491527268 0.143150652674578 0.133531346203112
0.131248893067783 0.0779007318231239 0.192723594309152 0.0898864929692558
0.126484080137355 0.0699268189417733 0.19089126277979 0.0472589437288133
0.120626535626707 0.0705032510396454 0.168195081991343 0.0486287631403604
0.111393951932465 0.103780666840511 0.121553156767551 0.0534068584652716
0.0588316221205374 0.135956747315369 0.0613468003324597 0.0547694125686912
0.00471955549403982 0.139510939233936 0.0262608615840005 0.0108022063875155
-0.0478473058742112 0.118868054202048 0.0265001912506226 -0.00882609769439332
-0.113486091170061 0.090074746249897 0.0701735763770826 -0.0540732730600405
-0.151134346954726 0.0897163624462679 0.203588913257849 -0.0937120762411499
-0.0466550074116026 0.0496970348040469 0.308201126106056 0.0236971736848672
-0.0247782220236628 0.0467196349588867 0.200744797025318 -0.0531750685005699
-0.00263764558196366 0.037260028598713 0.0551482054559521 -0.0165277625582224
-0.00464847078329586 0.0293679707905735 0.000232236006431229 0.0517547385734929
0.00689102205554954 0.0491379418578456 0.0635165157708268 0.14037776697524
0.0340001730307144 0.0444452282900512 0.168836625301598 0.145430176599853
0.0492816208961398 0.0395098411126213 0.227487186056516 0.103683084529323
0.0492719443649685 0.0407738267850325 0.225435711935987 0.0663601937188536
0.0475170889880078 0.047632641320968 0.198169917576708 0.0726308135471521
0.0360883744124448 0.0582482918143157 0.140955739365788 0.0863471710219566
0.0050562306802525 0.0619965298510028 0.0643252711626112 0.0870129956253229
-0.0237423528760684 0.0400390755835216 0.0135937253456134 0.0238999672982438
-0.011760371132562 0.0226117397612467 0.0233237789432573 -0.0187721894512157
-0.0214037845126048 0.0353151244221179 0.0843694981052956 -0.0612874127719983
-0.0442464895703317 0.0608290110189064 0.236398834572522 -0.0963728950380579
-0.0621865725924469 -0.0132701246078072 -0.258750745425562 0.0976846743076966
-0.0731794921854651 0.00736612579857193 -0.126864404630836 0.110580043825015
-0.0328247816151455 0.057163491891083 -0.0275061114556423 0.0414839595675331
0.0202446396911374 0.055537130461015 0.0214755548515525 -0.0125512306817282
0.0337912853680927 0.0218061107350562 -0.036215623049523 -0.100620097940511
0.0323883294745801 0.00933131002471969 -0.133696906730804 -0.114198733129467
0.0325421356541313 -0.00723343486976423 -0.208389203681143 -0.0928482149969571
0.0363018284419778 -0.00672415665896316 -0.238231980370571 -0.0745409971347065
0.0464879416211084 -0.0085936484331926 -0.239469442638292 -0.0893812007275881
0.058082547520175 0.0194608827850109 -0.195859727643871 -0.122078404215525
0.0435912077850642 0.0482986169710063 -0.106315155903588 -0.132580166919181
0.0216679755110537 0.0835506744974604 -0.0321839640701828 -0.0527818776974623
-0.0552416617889795 0.0748944836094855 -0.0619732352778141 0.0281495590855651
-0.0979745329587016 0.00694507894738973 -0.168230855297407 0.0437868736835324
-0.0791468326059292 -0.0255714695136441 -0.318633915572726 -0.00209686550827879
-0.15662920559561 0.0107531279204984 -0.242145041494102 0.0843289956129393
-0.161675966521863 0.0395307020625133 -0.133321588647542 0.0956737820415486
-0.0878470026102772 0.117896326004119 -0.0423145739094067 0.0499477072544826
0.00245839073518045 0.14181282706785 0.0227353142779272 0.00359480205713346
0.0609516143664615 0.108226880898989 -0.0215824750930121 -0.0909475573787968
0.0953654806194729 0.0765257818301504 -0.106734655695862 -0.108940853293323
0.115193487262625 0.0336499667985311 -0.174914257093737 -0.0908855455623583
0.120660394638468 0.0284867145847807 -0.201848322569466 -0.0721514030354165
0.129819756476132 0.0237604974436199 -0.205154048918727 -0.0742936404805416
0.143044518822776 0.0762643385665686 -0.176996269719631 -0.100143371336501
0.10033891077613 0.133968655542899 -0.10485710694506 -0.11075915553924
0.0487708742166242 0.190094626725049 -0.0277260535550484 -0.0413440948989965
-0.0880596042594582 0.184740669617431 -0.0508695542687867 0.0477098177395407
-0.197606834680987 0.086695531881338 -0.142634662369868 0.0631712560040641
-0.200575497725825 0.0254466333154861 -0.264197661078156 0.00824400254977816
-0.233699408390634 0.0278827389167171 -0.185343899454747 0.0746519861821383
-0.241889474550533 0.066669307294414 -0.116169801274543 0.0762550004705681
-0.144742164693523 0.169490475471426 -0.0546182105223067 0.0530080280098284
-0.0228536776382189 0.221769632505847 0.0124467619956074 0.0223501021141377
0.0784145588354734 0.191986809006038 -0.0105757194935666 -0.0594400053281917
0.146254479231253 0.141410059009883 -0.0667671439762539 -0.0791559585130801
0.181602915026613 0.0728024150990404 -0.115931852071288 -0.0699404197641312
0.185717159290192 0.058188632141512 -0.134939244040778 -0.0595574076254673
0.192443807791833 0.0473228193786822 -0.13936890345758 -0.0533194769386054
0.211261497288986 0.110960572097318 -0.12981348681782 -0.0706528535772106
0.154533912174938 0.192539908728981 -0.0844486249986344 -0.0804772199336691
0.0885965001768425 0.267854726058441 -0.0174456437210943 -0.0321805268198868
-0.0899548359079943 0.275632924565955 -0.0299649730336976 0.0518658232245385
-0.254365100044572 0.165610252030409 -0.0959377054863771 0.0617223581136329
-0.283671687125723 0.0811218718578643 -0.173075109780261 0.0010667400078737
-0.282165324960386 0.0437054842872968 -0.0917507928539808 0.0684104337324725
-0.297732218808045 0.0934024017509046 -0.0668508123347288 0.0543048555633791
-0.18653279208455 0.213812070966532 -0.0546319642453415 0.0481479979873601
-0.040241584339271 0.283515425968778 -0.00226762688384347 0.0430532557553358
0.089583060627485 0.255333932434359 -0.000243191480218313 -0.00904392297787683
0.17979467301364 0.187584280560528 -0.0153468502675339 -0.0275310429350696
0.222527796730023 0.101756197611962 -0.0370713347568637 -0.0337301621994781
0.222343567421121 0.0785959674986536 -0.048869993017635 -0.038602810115655
0.224262329084626 0.0631837312001947 -0.0542779182482397 -0.0307511574954449
0.245500820112724 0.128346240670883 -0.0617899554185444 -0.0413223715973798
0.186149486406391 0.220278366697331 -0.0461264575372747 -0.0477194029575763
0.115306518646448 0.303372897361635 -0.00132919795027411 -0.0254758328071791
-0.0772021223082504 0.31955488990097 -0.00568117216979675 0.0395250575670895
-0.267365297323965 0.213257600184476 -0.0414592905855945 0.0351734297014538
-0.317067970186127 0.122440847979286 -0.0640944120559604 -0.0239090425684134
-0.288084880963598 0.0573034241031976 0.0251771413571818 0.0626034151412757
-0.306091011357521 0.114783339475521 0.00967561437796755 0.0291709240668013
-0.192062907321956 0.232787640549168 -0.0363021201312509 0.0380342646701681
-0.0429322861402965 0.301118213806579 -0.0120834407237358 0.0620848927753935
0.0928611236729417 0.274461305318649 0.0154832536523092 0.051869812713096
0.187463309100254 0.201118725212716 0.0447401159690199 0.0357623397288363
0.229563638840414 0.112054204278577 0.0513986013793806 0.0108010130606507
0.225561740347194 0.0878064649049924 0.0441143405149286 -0.0121163289079293
0.222270451327346 0.0721865638223298 0.0352664824130665 -0.00701337388754077
0.237830168207737 0.132738563129942 0.0140880178436437 -0.0135041773070766
0.178074865545516 0.219201999843924 0.0011916730694768 -0.0151233412264758
0.10694306480723 0.289407339657965 0.0159222205254269 -0.0181656305526859
-0.0649684158425309 0.301040789319987 0.0144477408684691 0.0200136023739122
-0.242983915533791 0.211270528301598 0.00883660054142617 -0.00291209214180665
-0.300176310216212 0.137984589833546 0.0440948952812687 -0.0568105613422988
-0.24556211914378 0.0686037288217031 0.147584808138482 0.0525345919996421
-0.252379520868539 0.119165109698833 0.09405203614709 0.001530957236886
-0.150372341207575 0.208507890423233 -0.00413540568781732 0.0248073266914298
-0.0285666043138074 0.254163632142258 -0.011668296435155 0.0736947718778557
0.0806235937672214 0.236502823150196 0.0356185975279595 0.105390706484298
0.164253209684805 0.174185113755045 0.104885022556914 0.0938455113299274
0.200946609428041 0.101870816095321 0.135577565342817 0.052728417190445
0.194614274526889 0.0832439706394788 0.12992258539846 0.0153098307335447
0.187985592224263 0.0760662958146862 0.115445963045665 0.0173312792926062
0.191061787970479 0.125451912492893 0.0808397717343406 0.0165302658775968
0.131466958613049 0.191412974346564 0.041896702094462 0.0193761582892707
0.0641653050393087 0.231507216210813 0.0267591287287512 -0.00581501336898105
-0.0586149629943596 0.226851033020353 0.0256197690831135 0.00252942283924176
-0.189503543433265 0.164567940652081 0.0465772304908058 -0.0374221596113445
-0.241381906099572 0.126055849953601 0.137354521283235 -0.0872306870097276
-0.159638069956546 0.0696378593345849 0.251309874221688 0.0359830078620957
-0.148396975974268 0.0985329760505487 0.163802296642878 -0.0291966556109536
-0.0767931082025583 0.138366256897094 0.0312534098264987 0.00681036785935302
-0.0107729618880039 0.153083881848508 -0.00455628066297129 0.070976397057544
0.0521540999204029 0.152546516723255 0.0555855478211631 0.13757583020268
0.111524139720899 0.115151053010547 0.153197436449094 0.130736810565709
0.138759327452326 0.0738571707864025 0.202041996452906 0.0823591344610142
0.134321709664309 0.066512687402125 0.197035077641105 0.0402492500097151
0.128479241834535 0.0685518352916608 0.174484833495185 0.0428870270556306
0.118950899144922 0.102157814897698 0.127704529819718 0.0499925771352455
0.0669147474851807 0.137502314473199 0.0654495648376409 0.0546156669569414
0.0108342040632226 0.142640956347644 0.0253788873446491 0.0106537702978795
-0.0441854081427467 0.123277766790601 0.0264798936505843 -0.0094749050695705
-0.113951128422635 0.0974604378841257 0.0708315879857222 -0.0580557235195078
-0.151409040482458 0.0974740475411571 0.204456454229432 -0.106469731847045
-0.0451769193567073 0.0527394464672776 0.316991335289035 0.0137547044275164
-0.0233168987591925 0.0490544408006186 0.204258160350415 -0.0614103314260066
-0.00102619461939283 0.0378811060656805 0.0565293529520139 -0.0181867859272757
-0.00413864314989657 0.0296811470004823 0.00229700767517402 0.0544754968384714
0.00948395491410254 0.0505489249139096 0.0702644110764403 0.142685152267518
0.0367115196501437 0.0437742793214214 0.180195627632675 0.141600209269593
0.0520259318745308 0.0382422055848139 0.238894558556496 0.0955501796663323
0.0532365811110222 0.0396447179870273 0.233897868304613 0.0584467315828206
0.0515431243823289 0.0474306691859394 0.206609097283493 0.066523086037535
0.0393102851765298 0.0583865845599768 0.148648253912314 0.0827858045817561
0.00776745532084686 0.063336509053686 0.0698158416641004 0.0870227391876361
-0.022853653438727 0.0413285698391611 0.0139180794581756 0.0250310689671497
-0.0106511675001758 0.0230302125797079 0.022485477661165 -0.0192407652118029
-0.0205534691601208 0.0376759480821234 0.0844204908409857 -0.0658505213768335
-0.042545955008734 0.0636814983723446 0.23805861283801 -0.111341324486083
-0.0470973397916247 -0.0384074115338879 -0.280178057098427 -0.0270021510994962
-0.0680560168082159 -0.025878413391651 -0.162506852200635 0.0449983819873586
-0.054450446228711 0.0367978820213114 -0.0406691487479977 0.0237893789674767
-0.00609841806485152 0.0588534141639629 0.0283766633236999 -0.00319847972248994
0.0194368078764074 0.0358655047847299 0.0140642049914218 -0.108538291424222
0.0240415270128495 0.0242763604200937 -0.0687816816092002 -0.162903720697984
0.0305213759886181 0.00725621294601867 -0.145515842662678 -0.17528710542308
0.034733753708794 0.0100716079435085 -0.180943137143995 -0.169993039975313
0.0435283578515542 0.0127924887614113 -0.176922639959591 -0.183673900844417
0.0428221322916895 0.0420118047092914 -0.123394937157642 -0.193644482559529
0.0178530291335867 0.0633899791277696 -0.0394019450979057 -0.164777680793652
-0.0172651768407697 0.0839144628438056 -0.00610244968921472 -0.0610190206972344
-0.0847449925311643 0.043538317114007 -0.0697373004159171 -0.00513182180984265
-0.0939903206807298 -0.0360252461649425 -0.173162206885877 -0.0420360194711926
-0.0608247447852344 -0.0572464363604064 -0.284596718489899 -0.154995496586174
-0.142453849957023 -0.059374373426551 -0.259590468724512 -0.0288197821645778
-0.163033776074887 -0.0357010707712941 -0.158839757547944 0.0290228270525064
-0.130525333851624 0.0671423261139555 -0.0557325435131791 0.0260407866819705
-0.0592077664487259 0.128679969214468 0.0246347666814331 0.012448511046717
0.00548661572834808 0.125551659113745 0.0263518427198977 -0.0932813492863368
0.0520758014716353 0.112327205568894 -0.0451851656531624 -0.148672027066571
0.0883166780124614 0.0808435522307419 -0.116494115353034 -0.159705349126509
0.0973118473668017 0.080708866584082 -0.148850127265849 -0.152332518011571
0.104866314225905 0.0788838209333532 -0.152606895078917 -0.154806113557692
0.0966587840211034 0.129897489177495 -0.117145542115426 -0.164331253813831
0.0322821152966608 0.167202996726867 -0.0488102965282745 -0.141611381042476
-0.0394220898921184 0.191638638482728 -0.00942697991825272 -0.0457974571333079
-0.164323520078703 0.127550726906645 -0.0715668347997614 0.0181116694158605
-0.219975429648752 -0.00863486649110379 -0.158436552196301 -0.0163002018752129
-0.19272075933118 -0.0649951120055417 -0.240105296477721 -0.121646067002551
-0.220335851575939 -0.0792252503925126 -0.202701475755559 -0.00979134902985504
-0.247725512139293 -0.0473300359611183 -0.133074718888291 0.0197314321497666
-0.204877817799942 0.0870614912946943 -0.0659445633678264 0.0231615032752142
-0.116937294742019 0.188544027972862 0.00826261813524993 0.0267350405846071
-0.0164216262939513 0.208655541248851 0.025538415605759 -0.060331853572089
0.0707602308034648 0.192542466077248 -0.021633739753571 -0.105798146777041
0.132296759478554 0.146068242835962 -0.0716053183417777 -0.116007357318802
0.144040040915829 0.13717630258923 -0.0936449584045672 -0.112513534102291
0.151881100642197 0.127214589602379 -0.103202240587079 -0.106663086907799
0.143652106791358 0.191356490891298 -0.087946328258738 -0.115801289425683
0.057148563705583 0.24457132753233 -0.045160449466475 -0.102472935681895
-0.0379610390126674 0.278098598158207 -0.0062430917944308 -0.0301061809036924
-0.206574501035344 0.208481677031995 -0.0560376888774752 0.032317900029006
-0.305109196566869 0.0370251492206968 -0.116085369349435 0.00183966745586849
-0.292103842998879 -0.0525019329373185 -0.153899379606592 -0.0866312784334159
-0.27142122839602 -0.0882070380695528 -0.11481543879229 0.0288869490430859
-0.311860983069158 -0.0479434539793935 -0.0763248988242011 0.0220208738943274
-0.26306574605066 0.108349383658247 -0.0620463819235187 0.0202761488312755
-0.159657118117207 0.236109958047589 -0.0120118351395695 0.039139353368547
-0.0337327519808168 0.270299940627881 0.0151188147206424 -0.0104433219543941
0.080955813568558 0.248963009503294 0.00284602485471089 -0.0374929926975518
0.157349478951242 0.190089470477647 -0.0157732816979977 -0.0493090017489704
0.168820294281634 0.17293398805003 -0.0258183934537972 -0.0566440435091368
0.17526122506902 0.156186102617868 -0.0358554206026263 -0.0499628524850841
0.167907127871939 0.221708018319431 -0.0399293400008274 -0.0592259385500439
0.0741356995158933 0.283323777489554 -0.0251157392072846 -0.0542467736813007
-0.0280431802201583 0.321308690908695 0.0039878875180128 -0.0150859421246067
-0.214487898377665 0.253674435640828 -0.0295012979692496 0.0336338155557287
-0.337024698980965 0.0746400124214626 -0.0550454667905737 0.0035056523188265
-0.33940405363952 -0.0305300890150895 -0.0446950185810467 -0.0584163946229495
-0.284191204366216 -0.0796177184545865 -0.00504999272684502 0.0769824288958967
-0.329093496879098 -0.0324549544900995 0.00500193751777408 0.0338701270254454
-0.278287845319696 0.12292731980041 -0.0401477754526446 0.0194175701766435
-0.169832914129902 0.250366024860646 -0.0292464733119324 0.052560089043123
-0.0395731334493398 0.288004039761102 0.00237901342444796 0.05140120187121
0.0822744677361861 0.264779006517961 0.0284714813847445 0.0464641817023891
0.160325102883457 0.202661620378024 0.0436776314658339 0.0299339970204497
0.16830171053403 0.181968580034526 0.045024451676128 0.00728000791652804
0.16957953555878 0.163812895038735 0.0347461800582496 0.00998138679285823
0.158814575421733 0.223142335525913 0.0159044717104083 -0.00189187276795444
0.0671430561796226 0.278646818906468 0.0028990058319654 -0.00443122093225073
-0.029094000714994 0.30502136040737 0.0159346769745122 -0.000634024038934396
-0.193846246449349 0.242562736759518 -0.00250185607495566 0.0249683853181099
-0.313501129366187 0.0831597535933716 0.00764950993120327 -0.00673739120205328
-0.330820490442934 -0.00993455839373378 0.0688675982801087 -0.0363898652425471
-0.252812961744259 -0.0511096820189383 0.110815312513186 0.122646575385895
-0.284825643225931 -0.00565461666962952 0.0930502960697197 0.0456333406225259
-0.230578546093986 0.1202445594707 -0.00633347878618187 0.0216617909814653
-0.137511304457051 0.214554663299127 -0.0358976205321405 0.063487549871536
-0.0321090942620474 0.248296068926721 -0.00456221980641828 0.109782278473082
0.073845834053331 0.229083589909808 0.0562935773116686 0.126614135954579
0.140278996195194 0.181138512922876 0.100797933557231 0.104998138225477
0.143043018715642 0.163991723483019 0.110708159628936 0.0696291644162702
0.138595679476074 0.151879753591327 0.0964214378243673 0.0666016943588493
0.120864561971675 0.196186368295626 0.0636960513919671 0.0530835075888255
0.0372178882369718 0.23312341581817 0.0256747170718603 0.0423517880238957
-0.0426681641326082 0.233903832777384 0.0203784875056673 0.0131715465126198
-0.154161147158976 0.178078062052409 0.0165631522965054 0.0141339497733481
-0.24448961307963 0.0644906261085744 0.0589686891767102 -0.0185890833213697
-0.272910263398337 0.00618816314504856 0.16726202546102 -0.0186607042849321
-0.177061831930235 -0.0125058810102973 0.212956624440474 0.152021790405257
-0.181354405782649 0.0222249453942246 0.167073584394557 0.0478585093588541
-0.13198397522918 0.0898921743886186 0.0309061633876637 0.0202838174046879
-0.0766896346300626 0.131793116581112 -0.0313944340677361 0.0640987508428542
-0.0197757199826925 0.159448435554725 -0.00428062943751534 0.148234489296068
0.0514063420687325 0.152718303421232 0.0819009698705633 0.18365652190811
0.0963189904735878 0.128411288921888 0.146895308175824 0.161791421565174
0.0952180435814546 0.12146573382477 0.159818539495424 0.121027194374101
0.0877789094778046 0.11764558713976 0.138471667971462 0.114419480540531
0.0656652472852215 0.14333218715135 0.0916062521885057 0.101610419543567
0.0015830140239174 0.154844869642857 0.0318329097329598 0.0824131210596834
-0.0516002091773957 0.131637134482947 0.0128842943991316 0.0243073036202929
-0.0947931451213092 0.090789518798081 0.0249796254704477 0.00455888988199104
-0.145097820088463 0.0369759646673865 0.0910733922171068 -0.0232898782527665
-0.178465700117794 0.0202770757945866 0.235668672748376 -0.00283082029378583
-0.0666632661662337 0.0236861083747102 0.282233479420525 0.158256335139452
-0.0457722004074742 0.0324540896533313 0.214349794431605 0.0351053425916091
-0.0184148716110445 0.033429822695927 0.0603354179998932 0.00935618213472383
-0.0172125077210698 0.0234441587324381 -0.0221431650618238 0.0515021113905555
-0.0122413336140645 0.0476555716631714 0.00131237269569393 0.161159265391209
0.0153830190661065 0.0543800604750766 0.100195352820802 0.207754064606389
0.032817788407184 0.0578614834672242 0.173576739574312 0.189839894980942
0.0328718110221813 0.0601809975924004 0.184114863722956 0.153031016774996
0.0283456859161781 0.0652715050844902 0.156057612874486 0.148628119196304
0.012373504153223 0.070001720002931 0.0970438431701158 0.138729614126037
-0.0194249965961061 0.0611851052817541 0.0235013677603563 0.109941743812321
-0.0379395143356415 0.0272765561663735 -0.00170244750918592 0.0288493322842923
-0.0190912076962221 0.0154183152226105 0.026955974671633 -0.00660000175895422
-0.034253518628625 0.0244993994813981 0.107283158031889 -0.0208994021094775
-0.0658586162515409 0.0376773203082942 0.267834814111475 0.0114626713732017
-0.0480990889141561 -0.0355723668822796 -0.277872907732805 -0.0142230269305248
-0.0690149049141723 -0.0222206010692659 -0.157867598417235 0.0518293327532864
-0.0512014546842332 0.0383105430768828 -0.0385999050260099 0.0243023351940983
-0.00218332736430362 0.0586867468321135 0.028246860967759 -0.00458587092446291
0.020759199184308 0.0343920179155742 0.00964197267528135 -0.107882975968145
0.0245983889381831 0.0228581958094843 -0.0759721249247147 -0.156971194526081
0.0301365988300791 0.00611477343273041 -0.151510837380743 -0.164796430073645
0.0339478757289867 0.00835999643104826 -0.185643653338232 -0.15757736209109
0.042411522374146 0.0100673691054107 -0.182971687319132 -0.172268542799904
0.0450245278358499 0.0392896077315432 -0.131963867759623 -0.185218762435051
0.0210987135532548 0.0626170200888555 -0.0473859865267807 -0.162467317207236
-0.0131141223797732 0.083730738289946 -0.00826976888131321 -0.0608443571547899
-0.0822227104948477 0.0473171283824359 -0.0674510723365556 -0.0036228854614676
-0.0949815769035603 -0.0317365243671497 -0.172089234172295 -0.034735520546463
-0.0633137737123569 -0.0536467961248808 -0.286082153773051 -0.138583941303336
-0.141339625967097 -0.0519467200055558 -0.256431891805585 -0.0162839312957433
-0.162441025761115 -0.0279271462935648 -0.154594197193182 0.0349317713620887
-0.124195885199064 0.0698766306549718 -0.053734955289701 0.0268589385970473
-0.0510987262563753 0.129268539738027 0.0251162211149685 0.0102193443439373
0.0113212514965334 0.12300831348015 0.0216386118780704 -0.0932828203112115
0.0572451095190557 0.107644013029588 -0.0518306768187112 -0.143647876282943
0.0907155395274916 0.075086018909975 -0.121928358243866 -0.151022034416457
0.0991097667195497 0.0740160578623649 -0.15404002524067 -0.14187204161169
0.106719966559298 0.0724514810548614 -0.157587467636018 -0.145150716582185
0.102254807075434 0.122989042124999 -0.125151640543315 -0.155611038624444
0.0400893434376443 0.164159595335453 -0.05627746596797 -0.138066284035669
-0.0299843601141019 0.190944363648545 -0.0123515462882632 -0.0459783547208701
-0.156526527813326 0.133702613162649 -0.0675164400172949 0.0193651662751686
-0.217865283577326 0.00156661240633948 -0.157040979228584 -0.00950188422598081
-0.192787170233723 -0.0563739796188664 -0.240279455395784 -0.109011496927579
-0.218309782970052 -0.0683857478156037 -0.200596391905202 -0.000394048598912895
-0.246715292729569 -0.035635554226327 -0.129644259117973 0.0253569690185211
-0.196855812507429 0.0930749410519588 -0.0641509430256706 0.025250511502493
-0.105589696772922 0.191094764015035 0.0102401007248962 0.0253507651072499
-0.00562901593732145 0.205833911624761 0.0216053884316194 -0.0607664386374636
0.0794315381749047 0.185613206311173 -0.0266070922171671 -0.102963324719366
0.137209913679992 0.136783840471453 -0.0754724039095915 -0.110642709572694
0.148956095995418 0.127974366694668 -0.0982333277701787 -0.105560831731215
0.155404284290791 0.119045282160528 -0.105519724320364 -0.100359329450451
0.150937549690777 0.181667379258504 -0.0938056893018242 -0.109474925278664
0.0686815448727869 0.240245782641628 -0.0509561206178461 -0.0990173797916145
-0.0230166850080722 0.27633647882567 -0.00878937424158968 -0.0303425526779532
-0.194820774583725 0.215135196268074 -0.051519068283932 0.032345659330628
-0.30061970025599 0.0502755984437277 -0.113776048366235 0.00694067944738782
-0.288911190146736 -0.0403343595418511 -0.154815694921667 -0.0792302046611487
-0.267865158761722 -0.0756336892767575 -0.11268594321091 0.0334295104984745
-0.309570027735446 -0.0337046549622267 -0.0745784476770467 0.0256863375369571
-0.253775427759477 0.11636705168648 -0.0600261098530247 0.0223546306948634
-0.146348502679331 0.239360678534798 -0.00975311733399984 0.0390389558292732
-0.0208371435296703 0.268267986358522 0.012882440085636 -0.0108093600524168
0.0917644517327086 0.240945787379569 0.000557322464411631 -0.0363803456189415
0.164435896293922 0.178752463588609 -0.0170518043545335 -0.0477573304407165
0.175663840668775 0.161704979966025 -0.0288804634236314 -0.0540704650247403
0.179755490362745 0.145797146677401 -0.0372481358672588 -0.0471787910062889
0.176170020173852 0.210646571953203 -0.043190705509878 -0.0562360860777132
0.0875139820490107 0.277756960687245 -0.0282639099674712 -0.0518998863217336
-0.0121074686974978 0.317432874875318 0.00136835090459197 -0.0158788958180709
-0.200034929938692 0.260175494554484 -0.0261535563910396 0.0327505382764185
-0.33002010931273 0.08752488664602 -0.0536414459968535 0.00600826838735231
-0.335321597307264 -0.0162230588616084 -0.0460659173766113 -0.0566987568938906
-0.280847204874902 -0.0663213073477388 -0.00275203471983975 0.0763209567674574
-0.326978855816387 -0.0181432201389986 0.0059106552668718 0.033488776215242
-0.267988066629694 0.130704903839963 -0.0385629199332093 0.0206647355961195
-0.156006640892806 0.254577825523307 -0.0258478907486413 0.0530747617399452
-0.0249984791815716 0.286251515129644 0.00265179858442087 0.051059639232508
0.094654021318271 0.255721077387173 0.0300925514342787 0.0447227529644978
0.168060074519847 0.191611996258679 0.0450543001069813 0.0265003667045954
0.17582298939414 0.170816214747182 0.0439221209939423 0.00511705011383765
0.175926794323908 0.153736345760255 0.0348169424588024 0.00826073932947294
0.168075616575905 0.2119987428747 0.0151611017538849 -0.00171883091273278
0.0813963977283984 0.273174148325506 0.00193872795540058 -0.00391525716204564
-0.0137469916654565 0.301517753818044 0.0134180490534526 -0.00145188379908494
-0.180108458793055 0.247925387844325 1.13151843434492E-05 0.0241313729723158
-0.306938043026341 0.0951949715229075 0.00852822484436804 -0.0062572957732109
-0.325416586556977 0.00394496229365091 0.0657733987636088 -0.0406611870941906
-0.249105165628629 -0.0406511899035612 0.113645572385229 0.116585936073335
-0.281363257009027 0.00672954087219029 0.093513631326927 0.0412061377781278
-0.220664387740783 0.1267803906677 -0.00467981698200185 0.0212526450390807
-0.125676315405813 0.217806860100243 -0.0321182077462485 0.0641519831547377
-0.0194681467090443 0.24681783417117 -0.00237955490505665 0.109096825648399
0.0842778100807139 0.221078050945064 0.0613496002517643 0.122484714467211
0.147085908489737 0.17063438257016 0.105394811738381 0.0973559832368815
0.149988849386372 0.154104037089867 0.11100844370754 0.0631230678622791
0.14458182945153 0.143377880710059 0.0978693775576688 0.0611061699930086
0.128584877082244 0.187482349505421 0.0651239290723292 0.0497752548648426
0.0490708785126334 0.228281509928004 0.0263877943858822 0.041478792711268
-0.0302671879228386 0.231567449610618 0.0189447929647499 0.0123344354689508
-0.143828782653329 0.1817272313796 0.0175187800082087 0.0135735745962553
-0.239091592172485 0.0737946904453629 0.0578089887387859 -0.0202403760974135
-0.267362348024365 0.0173412974913223 0.16283905175285 -0.0279260337857479
-0.172898813770762 -0.00528840457444809 0.215368542598706 0.14131747397738
-0.17786147272259 0.0289848485009769 0.166420878988715 0.0400597165413783
-0.125093132746035 0.0931599359873934 0.0315763435663477 0.019595707049525
-0.0703916241989511 0.132620150571021 -0.0275247649573026 0.0647418419724113
-0.011335052326993 0.158707305596681 0.000558967295460562 0.147607032221779
0.0582014227647766 0.146717640633227 0.0895668461700438 0.177540389847146
0.101058921910183 0.12090712709674 0.152770386093823 0.150826643477163
0.100742774986562 0.114454739593385 0.161476267908903 0.111101288129578
0.093436041708388 0.112558852991407 0.141883337608208 0.105715555457625
0.0722502947200792 0.138389274998481 0.0948323934551424 0.0961773188198391
0.0102170966214173 0.152586821069374 0.0348730120495764 0.0804031564268085
-0.0440817159079099 0.1312706376889 0.0121403911356443 0.0242353583347239
-0.08844785023719 0.0933789836442608 0.0242564979457999 0.00354841818570928
-0.141522157586957 0.0436906115908243 0.0890872747428459 -0.0263721976001991
-0.173553416883546 0.0274307936472453 0.231135503706025 -0.0157664538518086
-0.0636565038868948 0.0259611963068052 0.283576787199393 0.143157701051475
-0.0429427305782761 0.0332649200691107 0.212496484447863 0.0253317258245933
-0.0157737319132643 0.0328697388673684 0.0607037723512 0.00737291162809232
-0.016670080204171 0.0236285962487765 -0.0192386976594812 0.0529942487050801
-0.00994672908322521 0.0480964082294755 0.00836439219688031 0.160088070076686
0.0175343672208348 0.0517845290121834 0.109038626115514 0.200040657826046
0.0354648766429908 0.0545222451214664 0.179911577960723 0.177552525019076
0.0360918821326641 0.0578497569340054 0.187684482562698 0.141945530800753
0.0321516241426607 0.0634866848066048 0.160925959029568 0.138656814698058
0.0154349360492718 0.0685117863135761 0.102910727560236 0.131120023647224
-0.0161140948602405 0.0607105523506854 0.0285421962116486 0.108011455665981
-0.0362461570397124 0.0277242034501914 -0.00176512917927808 0.029387406501785
-0.0177587538595998 0.0152437776308322 0.0254451394112941 -0.00652327637540976
-0.0326703427279455 0.0254276679629579 0.10492787580429 -0.0249689364534024
-0.0621824228755769 0.0395926463732588 0.262849080365189 -0.00250960712699777
-0.047807121623858 -0.0334407368937821 -0.272050351206496 -0.00567922008495214
-0.0691883915326483 -0.0192249813312002 -0.15218690055279 0.0543497179386329
-0.0490489433760125 0.0388227137173306 -0.037582312122645 0.0240544596975065
0.000764204043495531 0.0577612578134505 0.0281301094812763 -0.00616499258033529
0.0209509799192587 0.032519624114123 0.00666024278113635 -0.105863854905739
0.0252915086685863 0.0215184137729322 -0.0788479385574252 -0.150676903771453
0.0295564719137211 0.00516288233475365 -0.153071510538964 -0.155200489170007
0.0328242530649048 0.00698437427006515 -0.185811360530529 -0.148231154802376
0.0409675628515551 0.00800745119227339 -0.184877176874159 -0.162703925396218
0.0454543535425159 0.0365488549753467 -0.137132019745974 -0.177168763942608
0.0230568317311484 0.0613886350821051 -0.0526431467899085 -0.157965289515207
-0.0102432086814585 0.0828153935949116 -0.00987479063453698 -0.0600777370831021
-0.0799081768348784 0.0491252410131611 -0.0650533723829954 -0.00331320371452956
-0.0938830897897276 -0.0283357329529146 -0.170223427222241 -0.0303458567007314
-0.0638514690627704 -0.0507028097949089 -0.282095675329797 -0.126705679441054
-0.13833840738733 -0.0474557605274677 -0.251953788002106 -0.00879252142145302
-0.160123432177957 -0.0221257655002785 -0.15078082839043 0.0383210797653094
-0.118937846067711 0.070919594583451 -0.0517003282979721 0.0265111753147913
-0.0450071818890956 0.127820068922309 0.0255457994202711 0.00909639480798093
0.0151688815340961 0.1201747409077 0.018027341342175 -0.0915861611074553
0.0598679631359582 0.103096939805252 -0.0551969192642084 -0.138618958232564
0.09095987198814 0.0701931605044833 -0.123702188271487 -0.143215967985041
0.0993416789951833 0.0693280652386787 -0.154482162999511 -0.134029370226246
0.106068058601127 0.0673575807924218 -0.158728855824204 -0.136931833250363
0.10383125662771 0.11708888908361 -0.128746040027553 -0.148525482152345
0.0455932660645105 0.160630767436443 -0.0606020042493959 -0.133502399576368
-0.0231738537612309 0.188186869617678 -0.0138479959638844 -0.0451692906498044
-0.150053272505012 0.135921405820792 -0.0640200770149147 0.0186497229594153
-0.214194729946603 0.007803479837257 -0.153209404337672 -0.00545975760860523
-0.190163953249338 -0.0501402452739503 -0.237106899561789 -0.100151776264866
-0.213247754816794 -0.0622965846138154 -0.19704191035384 0.00518684988320079
-0.243144930554982 -0.0278526606626489 -0.126513565639629 0.0282410793678452
-0.189210513838568 0.0941320357920494 -0.0621696834513304 0.0254446825925176
-0.0966237934703102 0.189178699382936 0.0112246822640968 0.024173639972398
0.000862521551945615 0.201804784075579 0.0182434779734754 -0.0598738495296639
0.0836216274759798 0.178254378957502 -0.0292362185883712 -0.0991040511874393
0.138474161945342 0.128891787343107 -0.0765335559727069 -0.105850633443527
0.149965304372665 0.120140211799342 -0.0994313636828334 -0.100521269185713
0.155679218003574 0.11205914333414 -0.105596124991008 -0.0953611775668089
0.15353981954766 0.17246369932009 -0.096621830519832 -0.103858763068359
0.0754343956735436 0.234033545890426 -0.0533913799657225 -0.0953589838443847
-0.014418726503831 0.270675567005261 -0.0109088112872431 -0.0303872631969865
-0.1847384943601 0.216661769953794 -0.0484375822871596 0.0312270489449114
-0.294544305756252 0.0570816307859177 -0.110919226128341 0.00949680568061881
-0.283856627190758 -0.0317369341828475 -0.153297505367852 -0.0748617369096339
-0.261930818393465 -0.0676670270502934 -0.110173769284375 0.0362870086442295
-0.304203636390327 -0.0249760433594546 -0.0724489102301018 0.0274772942825
-0.244211908295616 0.117468338830679 -0.0580324956293098 0.0228189653279046
-0.135425557048927 0.237974646526086 -0.00758452662079323 0.0383173337144324
-0.011080328522189 0.262929868973406 0.0105099213241106 -0.01031092401044
0.0980510808365033 0.232081247069976 -0.00102175040677011 -0.034928965793491
0.165843718140139 0.169008132965196 -0.017876256599895 -0.0469475863267814
0.177401715497287 0.152185956207273 -0.030541637127005 -0.0520461401386367
0.18058698936008 0.13860718404863 -0.037231208603795 -0.0452930681469544
0.179381600283778 0.200900810890835 -0.0450879868566213 -0.0526630630362631
0.0954989766518645 0.270768188917295 -0.0300839142143078 -0.0493315249762224
-0.00226304670044582 0.311407519049915 -0.000283165228693816 -0.015701601848258
-0.189190865662113 0.2601595036547 -0.0231164477576426 0.031107578474834
-0.323024767276531 0.0951194458706492 -0.0516458562832312 0.0075725726018343
-0.32747835067672 -0.00813550213541026 -0.0471351314784428 -0.0559595144635287
-0.274031069368884 -0.0592506106729445 -0.00155249901769162 0.076317016478959
-0.321330636825856 -0.0093732220124775 0.00662578982595921 0.0331200765636912
-0.258198129266592 0.133043052393014 -0.0371777732194478 0.0208521311604988
-0.145563069153671 0.253320704438527 -0.023817919113513 0.0526923015233357
-0.0159203914643265 0.281313141211607 0.00160876541833139 0.0509109642213041
0.100285776863845 0.246415973471755 0.0305351841759613 0.0440735986114663
0.170502742341576 0.181085845145389 0.0455729338649184 0.0236097501971634
0.177873541622318 0.161160762875179 0.0422439332587551 0.00395707357298457
0.177407000438615 0.14620358108624 0.0349672110848487 0.00707149475130962
0.170873541103761 0.202621824170312 0.0139958647043756 -0.00134022012587472
0.0895061866811903 0.266008314180803 0.00125197340872555 -0.00274184217355411
-0.00407381297037377 0.294771729128307 0.0112484585519904 -0.00116625115553642
-0.169718498536485 0.247519861819086 0.00159694569471806 0.0228197548551339
-0.299157686592415 0.101456572822137 0.00895664754064793 -0.00600373085723612
-0.317724863163624 0.0120385549102373 0.0626780605229442 -0.043519461610668
-0.242703105600655 -0.0345485797863896 0.113254947147569 0.111906120107578
-0.275781784728741 0.0136294599795433 0.0923423531009848 0.0381296878166429
-0.212378338420045 0.127547396981048 -0.00347940769453333 0.0207860315765287
-0.116870831028625 0.216041589377434 -0.0297427991454178 0.0640550774191613
-0.010948506352977 0.242309191284406 -0.00117107541982555 0.108186548747189
0.089355182231586 0.213442756170199 0.0638604414614389 0.118565964676924
0.148671858195584 0.161206194586056 0.106075626124023 0.0910270651125425
0.15232889191247 0.145107927754848 0.108866393743488 0.0589224782293013
0.146953835880949 0.136443349594635 0.0978610839346797 0.0565166327006096
0.131723281894906 0.17973671564396 0.0645335749093852 0.0476891344740598
0.0563748281686431 0.222153825862993 0.0267469792131366 0.0411552436771321
-0.0221798800801504 0.227193428140981 0.0171496833119662 0.0125136035861029
-0.135326575563106 0.182149768612666 0.0182887128616194 0.0125549140471797
-0.232861061945213 0.0793347042102431 0.0572075018040648 -0.0208613085089688
-0.260637788894704 0.0230582487529138 0.15738880181311 -0.0338236503724991
-0.16775360496425 -0.00140181612647768 0.213281503916165 0.132764460603418
-0.173780589461662 0.0329655487136951 0.16437876896906 0.0345561337564563
-0.119836442405328 0.0928867781210323 0.0319108861058381 0.0180129697700421
-0.065937600559632 0.132056827891457 -0.0253890489943719 0.0648563284622394
-0.00643060343109352 0.155853860821277 0.00322209330241172 0.146002441949268
0.0615105038969827 0.141163836257304 0.0935412824948039 0.171318670650337
0.102733242321874 0.114226854675452 0.154702244516104 0.141855809995669
0.103113061210266 0.107977794198439 0.160231348101261 0.103951926702867
0.0962518302821684 0.107355813164195 0.141762875485594 0.0994072225542251
0.0748797937864531 0.133382862889248 0.0960279542584653 0.0910136422387036
0.0157657462528188 0.148889374985873 0.0370005604245394 0.0784349437974197
-0.0387996270294604 0.128705824706156 0.0106731420126217 0.0238838962273244
-0.0831897866600963 0.0933597151262333 0.0239284714249126 0.0032430474381642
-0.13768211196783 0.0468391223970106 0.0868053202210915 -0.0282112224086402
-0.167638929465831 0.0306810432275241 0.224137174772138 -0.0241970794478344
-0.0605670847935759 0.0268278999070897 0.279659371181843 0.133252270189473
-0.0411578377017322 0.0325252404107722 0.208165689026203 0.0194784512056282
-0.0144199038613791 0.031425005732924 0.060025983962248 0.00648009400642499
-0.0163581287249696 0.0233049097251025 -0.0173934164634302 0.0533586048845023
-0.00788520929579412 0.0472613983102417 0.0117074576220574 0.15786208564057
0.0187106251635706 0.0496883458964882 0.113402076732465 0.193158224823825
0.0362053718617347 0.0518187698663848 0.181512079371729 0.167057097958456
0.0378894799983303 0.0551667827121439 0.186506802558881 0.133162720765204
0.0348258910952971 0.0609365375289531 0.161266049446634 0.130255431547694
0.0172098853412229 0.0669873185783783 0.104654623068909 0.124983994615809
-0.0138986606811961 0.059091060441849 0.031625005046279 0.104982302938307
-0.0350344523005134 0.0275706179676301 -0.00221667703114672 0.0296844676932404
-0.0162628025214254 0.0148668143040863 0.023978144646365 -0.00597404174799309
-0.0309429258234621 0.0260765741969973 0.102276952233544 -0.0275787497693026
-0.0592094294656777 0.0403587445378114 0.255552539361062 -0.0120519581271368
-0.047040568633135 -0.03216778663841 -0.268374116494083 -0.00171235654474398
-0.068702686392969 -0.0169677176854363 -0.149481034009639 0.056369516161688
-0.0473105129097129 0.0390134852171728 -0.0371308969496212 0.0237008937615457
0.00282928216973713 0.0567932340166532 0.028336539056363 -0.00695608031508284
0.0218405825102057 0.0320759072198446 0.00547306028843058 -0.105202552766137
0.0251873484206491 0.0210550609401904 -0.0805119996084461 -0.146289123301628
0.028889705676815 0.00461053322390283 -0.153219033521802 -0.148953566284504
0.0321110462165936 0.00645780023021499 -0.18443164175358 -0.143270817452014
0.0393893370310743 0.00735609732952406 -0.184709805516016 -0.15681798865079
0.0458003858920029 0.0344837024881888 -0.139688642123291 -0.172197806701485
0.0245661100715412 0.0606889887469368 -0.0558246227550316 -0.155706746788846
-0.00853871581070109 0.0828722483941561 -0.0108232529210881 -0.0603744694612927
-0.0784401705899357 0.0503639886091004 -0.0633353763669907 -0.0045192887503128
-0.0938537424474692 -0.026315486830414 -0.168182270537 -0.0278918082880297
-0.0645029806729287 -0.0483402469931482 -0.27825707672101 -0.120099795451155
-0.135533320975282 -0.0453971316843496 -0.248869990986342 -0.00449491152553919
-0.157960692227447 -0.0188337415424965 -0.147892314924505 0.0402603200488592
-0.115550208286265 0.0699370814232507 -0.0516380432755894 0.0265495110579436
-0.0409400070287004 0.125664923694712 0.0257941723619191 0.00787725296722606
0.017684175311202 0.118021066056773 0.0160999713640005 -0.0909506693521548
0.0610813976370586 0.100114184698788 -0.0575939400967807 -0.135087723801414
0.0914650378995851 0.06692832959162 -0.123985100260467 -0.138421215068471
0.0990229952287553 0.0662998122412319 -0.153907202786703 -0.129759344010952
0.104884134602118 0.0647173141415851 -0.158601006662685 -0.132086790332754
0.104934469729816 0.112428635652141 -0.130673025364825 -0.143260425464491
0.0486645499271127 0.158937207304112 -0.0633545953281227 -0.131073873227365
-0.0189723089232366 0.186082414576329 -0.0149540827541155 -0.0452620471979874
-0.146284111993493 0.137243802994952 -0.0619414963060077 0.0169694874370041
-0.212064651783119 0.0109866100283283 -0.151213579498754 -0.00337734094917372
-0.188588908328116 -0.0464333596425468 -0.234517422539652 -0.0954412955362115
-0.208646256371468 -0.0589933340932315 -0.194567290583897 0.00836427676553771
-0.239603874191103 -0.0230752125840961 -0.124652951556909 0.030044306766889
-0.184514855600105 0.0937284852008395 -0.0614368320453621 0.0254809506243463
-0.0907648192144221 0.187384937886705 0.0119376623372593 0.0231160523994425
0.0046417601600694 0.198780890949221 0.015518839145211 -0.0590256205938814
0.0867084832952794 0.173664084872486 -0.0309936214518861 -0.0967502249522969
0.138863161792552 0.123275586187549 -0.0768647349132222 -0.102581660266626
0.149856329435783 0.115254854811 -0.0995861252851783 -0.0970279245514818
0.155214799327522 0.108101423224546 -0.105891781387478 -0.0925927522330095
0.154779897071097 0.166512360739388 -0.0983164618539828 -0.0996318968611002
0.0799012944918656 0.230549695746147 -0.0560345462838151 -0.0924703516661143
-0.00926773709480675 0.267556077975666 -0.0121122787684508 -0.0298640074883152
-0.179135428046377 0.216798182299606 -0.0460880659113099 0.029420611674008
-0.290745374716566 0.0605392517645878 -0.108195968874592 0.010786322832785
-0.280275187600745 -0.0276313686764754 -0.152093147659754 -0.0725530410237238
-0.257109343801131 -0.0653073742234988 -0.108886648783965 0.0380298820508059
-0.301170917840917 -0.0198019434618566 -0.071025974365761 0.0285639930279421
-0.238785175942924 0.117238153721556 -0.0576249204847693 0.0222238793253193
-0.12923744158545 0.235876757911292 -0.00678078996463273 0.0375734611416114
-0.00589705562146722 0.259291394591228 0.00797524053698749 -0.00935571005777572
0.100487484359858 0.22606448370448 -0.00162733848805832 -0.0333999152126375
0.166267291307236 0.162373847505528 -0.017866086539508 -0.0462193551712166
0.177723427793531 0.146313875819114 -0.0315108036927711 -0.0503508021947618
0.180540962383061 0.133416480824448 -0.0370107422505842 -0.0450061025961753
0.180737326388164 0.19480507158039 -0.0467183333135485 -0.0499125755147836
0.100182535642875 0.266356004270306 -0.0315075074952618 -0.0472047047660473
0.0033998068887628 0.306770499821865 -0.00192579506517918 -0.0148121815324222
-0.18221747358447 0.259806614038425 -0.0212664256828075 0.0294530147919593
-0.318615383700274 0.0985012259246713 -0.0494869238652678 0.00816081700461893
-0.323002821663051 -0.00358680366594558 -0.0476307684350973 -0.0560585666193269
-0.268842926227567 -0.0566294911053213 -0.00139849409923609 0.0757303550671659
-0.317888197790392 -0.00529187639627332 0.00712572578112773 0.0331928378986496
-0.252730031567811 0.13223633357671 -0.0362004304573809 0.0206589615449811
-0.138305287247787 0.251533520567058 -0.0222072907142049 0.0520907386966672
-0.0100002496194786 0.278279549606187 -0.000104120081722786 0.0514971083000438
0.103982069076107 0.24019684953974 0.03108444162984 0.0438948272969616
0.171155663923318 0.174850291687648 0.045938338119485 0.021765108726939
0.179124032033975 0.154481771638861 0.0404228991002973 0.00355606788611162
0.178181241077323 0.141425208257129 0.0349320092081338 0.00536043513938723
0.172263859117884 0.196808862203082 0.0131634546610815 -0.000558819706725755
0.0944030651871826 0.261900141302865 0.00072774969576565 -0.00112057726307461
0.00122390993092488 0.289966546107975 0.0100193817397713 -0.000558029688229291
-0.163168986622315 0.247190526282201 0.00237267115842482 0.0212479489386242
-0.294855278021471 0.10513805945321 0.00950036158258199 -0.00611847736460941
-0.312987905139044 0.0154170714181443 0.0602211838882496 -0.0455779414645035
-0.237972506361745 -0.0319676841692974 0.112327232105707 0.109585130907911
-0.272536675600791 0.0168672223638358 0.0914999009200456 0.0368133062554879
-0.208072320748578 0.127060157099962 -0.00312022697711962 0.0203921164507743
-0.111451932534282 0.214772243382574 -0.028150067264443 0.0632222614222489
-0.0059308345679844 0.239738095886282 -0.00178561948110036 0.108745482753702
0.0918159410347753 0.208013424002721 0.0652904110865873 0.116747400757478
0.150066399531757 0.155037195518325 0.106711566985004 0.0870613202529612
0.153506771499819 0.139613430907554 0.107310438818375 0.0568093954474802
0.148073460031613 0.131424673747341 0.0976424255355661 0.0542058452014814
0.133596065380873 0.174410506879007 0.0645755184945144 0.0465904042594072
0.0607857938054224 0.218554574845395 0.0272902734567006 0.0414841356105765
-0.0177762096109403 0.223159048720947 0.0153410702859183 0.0132166886085844
-0.130199046537572 0.18133046980062 0.0185334343159595 0.0121162215847345
-0.229103689545472 0.0815749148729297 0.0562729932306856 -0.020830735154181
-0.254934127674066 0.0258736788269102 0.153152828004602 -0.0375731894291608
-0.164227159049501 -0.000208202735337193 0.211321478153396 0.128914911425926
-0.171261816836003 0.0338244856806543 0.16248358699077 0.0322558640054354
-0.116915346651358 0.0911827286310962 0.0320545319477298 0.0170047248501717
-0.0630514765628113 0.130601526643301 -0.0240969861351645 0.0649922422096099
-0.00263422825906533 0.153955278766041 0.00466331103767329 0.145619818045478
0.0627046195217206 0.137237299629176 0.0959538243995147 0.167495459284156
0.103099269379761 0.110038030711843 0.15521290738021 0.135850398728548
0.104320750816575 0.104004496066737 0.158440763221653 0.100390500311503
0.0978704875338199 0.103703715867771 0.141604953215923 0.0950347439438548
0.0767182296249097 0.130237477402971 0.0964222685595059 0.0878902563437149
0.0184028879207368 0.14607833866539 0.037903778426717 0.0776834927499185
-0.0368471547463775 0.126509854381445 0.0101955080492931 0.0244825509602062
-0.0800404795135684 0.092443995414011 0.0237620279033147 0.00372476875607525
-0.135403333914001 0.0484262623753631 0.0856612087636164 -0.0290346150004387
-0.163883635594286 0.032428487402648 0.21854286178371 -0.0286613229674561
-0.0588001444944656 0.0265916036474183 0.27655678477548 0.12895633934046
-0.0400980329204626 0.0319469857122815 0.2057925089459 0.0169017752104849
-0.0133157208590222 0.0300430165654167 0.0598642842197681 0.00555644226521587
-0.0168595144323526 0.0228176426072304 -0.01632117135214 0.053639183012456
-0.00679881596893733 0.046679262886195 0.0137656165456458 0.156876634786662
0.0189398989079853 0.047872879940395 0.116371243474394 0.187984701173952
0.0363961307094552 0.0501212401351677 0.182024053470684 0.160033209265534
0.0389717765066102 0.0533610670151749 0.184516621526603 0.128312074694622
0.0361757712565648 0.0591246324142489 0.160777157205611 0.125195072559089
0.0187197931875275 0.0663044177216554 0.105634371051222 0.120485934786429
-0.0128211725771795 0.0579893463114366 0.0336613532294158 0.103662052284502
-0.0344492733415271 0.0269554089800426 -0.00256523834033432 0.0299698258786554
-0.0154361240753358 0.0138561353444004 0.0230498821083838 -0.00471744349361626
-0.0305134765400518 0.0263369926912046 0.100447054092875 -0.0281339119449907
-0.0569159414328018 0.0396085418300161 0.249687904647935 -0.0168623030038475
-0.0467567225841464 -0.0313248930504 -0.267507192424347 0.00224254242339753
-0.0685143337573227 -0.0148481573180241 -0.147029756032218 0.058477890753879
-0.0459346920083762 0.0392345930731653 -0.0377232601334396 0.0236734420416494
0.00464093122668585 0.0561544940247265 0.0284766974546274 -0.00771062187565374
0.0224258571419273 0.0311121551498774 0.00366653613813782 -0.104871680753614
0.026002905762965 0.0204004827674864 -0.0829372995689607 -0.144203531677248
0.0287675192520249 0.0039348415372094 -0.15509940318433 -0.145290087256742
0.0315349011287977 0.00577673001248825 -0.185620679586907 -0.139986885434544
0.0383471320735489 0.006800338704978 -0.186229309866198 -0.152844720976642
0.0465428149533226 0.0330403378666692 -0.143299747548648 -0.168211522536753
0.0259602032653535 0.0610153420986282 -0.0597710187737169 -0.154874665623214
-0.00669011434446345 0.0828175594869892 -0.0114816108524797 -0.0607917290839594
-0.0775073747628443 0.0521642029282979 -0.0623630658083815 -0.00582039508304976
-0.0946888427618155 -0.024668785402101 -0.167523504952574 -0.0264096357760873
-0.0652090392815643 -0.0463827498686195 -0.277701551987527 -0.115477130701352
-0.134722426219094 -0.0440492796386929 -0.247682141829347 -0.00053080597617159
-0.157752551601967 -0.0163021128496775 -0.147195017199073 0.0429664622738322
-0.113292698237758 0.0708413147784644 -0.0517006326078917 0.0257503347780115
-0.037155311283454 0.125205923521109 0.0257295141847981 0.00731071699506732
0.0202092731321555 0.117131086965915 0.0135101625907708 -0.0904384332543051
0.0632231013092172 0.097722708447297 -0.0598171263947341 -0.132253652719887
0.0918030060752965 0.06459794872546 -0.125809299775605 -0.135047569973395
0.0995854414268997 0.0640081913285215 -0.155056686284647 -0.126853849821038
0.105272665912203 0.0631122308449574 -0.160244679222902 -0.12966351738343
0.106399182416392 0.110079940959572 -0.134053530730843 -0.139604977562762
0.0523323645887019 0.157955606341731 -0.0664279164529656 -0.12920460513672
-0.0149634481914541 0.185865933187384 -0.0159404545341829 -0.0452853765936927
-0.143568497489574 0.139422209794319 -0.0607688862940765 0.0152103978282666
-0.212486766425022 0.0142389630948596 -0.149974729241038 -0.00217499942779169
-0.188045418284859 -0.0430776851054895 -0.233723758055494 -0.0928834493817457
-0.206847848246382 -0.0576370462966649 -0.193701038035316 0.0114180986911752
-0.239268423057531 -0.0198921780143504 -0.123221140751935 0.0320495383958617
-0.182438206056803 0.093955031833016 -0.0621362478803646 0.0251201046846593
-0.0862364107044279 0.18680945217902 0.0120404689183243 0.0224363360462889
0.00892677669433987 0.197121665932894 0.0131259073129991 -0.0581751745839505
0.0890706785749759 0.170893913497391 -0.0322435861484723 -0.0942660132294116
0.139194473547782 0.120140503416446 -0.0781816394782635 -0.101379428139657
0.151738361464895 0.111924235294039 -0.101305713537112 -0.0949139912305614
0.156078903468778 0.104657239387729 -0.106795623438459 -0.0904665741382512
0.157285443824506 0.162768682970641 -0.100843290704331 -0.0955815988047553
0.0848967219023238 0.228838566755681 -0.0578695029008201 -0.0905143679617771
-0.00464147719598231 0.26692720958658 -0.0134845728780609 -0.0295245975260574
-0.175568960430064 0.219462675810754 -0.0452688025462853 0.0276381037822042
-0.290731197954689 0.064557904454753 -0.107087880338254 0.0120640274253256
-0.279483020228375 -0.0236049412550359 -0.152105767755082 -0.070890018059122
-0.254863495203074 -0.063639467699079 -0.108621971533066 0.0402185021038214
-0.300337080572597 -0.0158424365178167 -0.0707792957540373 0.0303800250400355
-0.236374963116321 0.117477251925279 -0.05769256280677 0.0221844055693038
-0.124273675315872 0.235952670717715 -0.00592972856726889 0.0368973236895288
-0.00135219837011315 0.257868856637655 0.00588271284977793 -0.00799627588647587
0.104526185909354 0.222520989982977 -0.00220991477551054 -0.0322433010062878
0.167775647345878 0.158198482469869 -0.0184324558185772 -0.0464417824478648
0.17977424985882 0.142360549675447 -0.0326372188219673 -0.0493558131115527
0.182572448858203 0.130547768480552 -0.0382098314691197 -0.0442451425824387
0.18317720846405 0.190182674458777 -0.0484760993343355 -0.0473437183973216
0.105758520997117 0.264223903995068 -0.0331975796288502 -0.0455463914642905
0.00913844321021021 0.305045007200533 -0.00351369564436567 -0.0137775447335042
-0.178040527514742 0.262315477929624 -0.020275263210401 0.0277128604528287
-0.317581065537577 0.102115644126799 -0.0487707720786994 0.00882802166869793
-0.321109690744919 -0.000324105039930558 -0.0493291445224824 -0.056674696091409
-0.267034308884949 -0.0548689883684596 -0.00099895380421343 0.0765377622647229
-0.318017345251091 -0.000652166567421937 0.00738502919244793 0.0337645616720806
-0.25022301035707 0.133240047868927 -0.0361338165463378 0.0199646641888592
-0.133732413187906 0.252011800126106 -0.0215387672371915 0.0522099309156906
-0.00518028579189884 0.277381288904686 -0.00163964999293257 0.053310815126754
0.106561894117147 0.236887612764685 0.0320278915179864 0.044115317914054
0.173101011006718 0.169997977458274 0.0464564935046148 0.0199946875914772
0.181698448937262 0.150181718340091 0.0398481629236698 0.00387397306640958
0.180234168257663 0.137781049730784 0.0352942253733022 0.00440853572247982
0.175622868608911 0.192843001527372 0.0121469194907709 0.00106527486847081
0.0996997245444823 0.259328478998689 0.000303076185431639 0.000159898019432262
0.00680952033574489 0.288891043485016 0.00790591418921522 0.00052277391984041
-0.158577746209847 0.247871446163326 0.00364808188229211 0.0205268660951119
-0.294163602116027 0.10893840145175 0.0103881167346065 -0.00552776240723036
-0.310229214504799 0.0187039606551959 0.0578828788173368 -0.0473322219927464
-0.236176592970098 -0.0306822839645452 0.1122182547025 0.108903750116267
-0.27274306059014 0.0201951813912203 0.092019266167718 0.0353069301316516
-0.205427700984204 0.127001674032325 -0.00316888395597887 0.0194951924767436
-0.108117438386829 0.215659381817702 -0.0271252498231673 0.0635792650193188
-0.00206758391817947 0.238946904120745 -0.00217376936956826 0.110286023428988
0.0945077621626234 0.20457149755539 0.0672167985333785 0.11585721987888
0.150916368135178 0.150638132674919 0.108248921459674 0.0834257359351149
0.156545165981539 0.134976746618301 0.10690783659201 0.0559830120119625
0.15063005486536 0.128000272852922 0.0982525303148512 0.0515039127773561
0.136879515666868 0.17205310707256 0.0642758892797988 0.0457517009628627
0.0656580432195012 0.216314027169864 0.0274752113766056 0.0421882644962252
-0.0136625516692009 0.22186011198899 0.0143005079016279 0.0140481549307487
-0.126202003808341 0.182091536843833 0.0192207900510001 0.0116934034108062
-0.228786217527743 0.0849362177692606 0.0567236171527729 -0.0218092962548881
-0.251410309327456 0.0282726975392224 0.150087341081623 -0.0408826616561001
-0.162563347333457 0.000197200282788193 0.210854151855178 0.127018874665027
-0.170831522349477 0.0359139083387476 0.161936226085534 0.0305087486544604
-0.115644294554632 0.0909088853374133 0.0324088102687661 0.0163744555774151
-0.0610867036884849 0.131014058181398 -0.0231795677180464 0.0652417493520264
0.000180797432163318 0.153208381515499 0.00517091783019709 0.147027537072191
0.0647058711657536 0.135015648398911 0.0997045445997603 0.166087079626172
0.104129199709306 0.106988998437224 0.157206486747988 0.131149870013308
0.106209148256559 0.101179196921948 0.158018683203244 0.0988306971924433
0.10016126129006 0.101259694675006 0.142226162049331 0.0922094626076589
0.0789118419616551 0.12873342925988 0.0974841964968607 0.0863439903031676
0.0214008855483684 0.144977416490251 0.0395727297044213 0.0778876560600472
-0.0342654041241337 0.125646897318151 0.00859920442741046 0.0254804528971993
-0.0775625988712033 0.0929275866808083 0.0237291790978255 0.00473528222814349
-0.135091930952873 0.0503672226425897 0.0854149807645007 -0.0299002611172269
-0.161457270832739 0.0331441090729766 0.214980592920186 -0.0331044954461203
-0.0576425206186 0.0268347823727824 0.276426293831849 0.125212308178565
-0.0401986077977585 0.0312457298338065 0.204972612013574 0.0140433579172548
-0.0134913604837685 0.0290237587486356 0.060521134786218 0.00493746418664133
-0.017099663901654 0.0231211551640726 -0.0155237950966889 0.0543727407660512
-0.00639349552219438 0.0463823989554859 0.0160487967849287 0.157440602849811
0.0186206024871216 0.0475149531059288 0.119640865943083 0.186029001035017
0.0373095193590527 0.0485639882181676 0.183802041114264 0.155088503085675
0.0401689937650832 0.0516333728108127 0.185147672341124 0.125552542556431
0.0381057070580431 0.0579834933005562 0.16213519350601 0.122530521592301
0.020534125699101 0.0657898212215521 0.106843307510783 0.117861953138561
-0.0120528072646401 0.0575967672474981 0.0357255081080426 0.102520090558954
-0.034221616176261 0.0267355122264632 -0.00300516053340544 0.0312560817028318
-0.0143916202040442 0.0132422297462714 0.0226378557608671 -0.00368624142975873
-0.0296443642102449 0.026099045181157 0.0992139771336325 -0.0290055399274835
-0.0552376406379744 0.0390727600744917 0.247249844463623 -0.0216437077477047
-0.0359672700809838 -0.0422164966816159 -0.263800710803818 -0.0486517024986645
-0.0619461765034722 -0.0281644551575249 -0.1551709135844 0.0279398125909823
-0.0507716353359015 0.0292014373377426 -0.0429406423529028 0.0135113345789679
-0.00515905067204397 0.0540695168198005 0.0286234219965133 -0.0029894256014434
0.0168147693700351 0.0358352732081739 0.0227714501131899 -0.102983803722552
0.022508256033354 0.0263535844999633 -0.0545521594722936 -0.157858100982416
0.0265152884899693 0.0104768976077331 -0.123699584491373 -0.173853671398525
0.0299322103691217 0.0125042222389282 -0.152394176240109 -0.17418690815112
0.0362642358185903 0.015139915636103 -0.152508257182362 -0.186421491938262
0.0384245172786597 0.0411674054139892 -0.105142601362537 -0.190831511209859
0.0139359325199512 0.0656089722402531 -0.0276877382875877 -0.161462510674293
-0.0239918632554342 0.0793066338600212 0.00157487521472412 -0.0604615970754619
-0.0885987448917248 0.0343577774432995 -0.0628430286883387 -0.0183288635313913
-0.0887280680472146 -0.0424758521404496 -0.162801588731513 -0.0624190881207527
-0.0542273054825072 -0.0581485593674217 -0.253887489761583 -0.17775150459873
-0.116951085554807 -0.0719201209070068 -0.245280663163089 -0.0480856274710735
-0.147484795927996 -0.0454616139660922 -0.15064703838341 0.0092164718199888
-0.121642365184998 0.0454908727229558 -0.0582389053596428 0.0109439320664039
-0.0580403107406864 0.111024019461979 0.0215436398917673 0.0107366710411757
-0.00206984019197211 0.117236039691771 0.0290653671509178 -0.0879234090403752
0.0432449789350627 0.108211428434053 -0.0356838117557807 -0.141857858615315
0.0765280796659163 0.0802418517061705 -0.097048362059542 -0.157650559512969
0.0859976649611991 0.0832996741586977 -0.125964673366907 -0.154978410846589
0.0894559941679043 0.0837369946250185 -0.13100595063326 -0.157707204025109
0.0815384968876441 0.12814771506822 -0.102128876442072 -0.159265422649551
0.0192748897625033 0.1657254623443 -0.0389302193120778 -0.133680444598253
-0.0549363219252529 0.175928732221299 -0.00669424161039756 -0.0423233312723569
-0.17350029773009 0.105695767978174 -0.0672575924368147 0.00530645404432219
-0.21247549512019 -0.0304257835039171 -0.151667967182408 -0.0363085587817595
-0.175160189361512 -0.080944706896968 -0.215791268484968 -0.145390290956658
-0.183305574782423 -0.0997000590100261 -0.195658347428613 -0.0261894229544191
-0.225312645261918 -0.0638702468986459 -0.12495188117098 0.000223658004359856
-0.192210892063297 0.0538776500872379 -0.0682184745686423 0.0056087821006168
-0.116112798871865 0.159921114464374 0.00415176528503126 0.0220289364626089
-0.0285073225397016 0.192568743981738 0.0217789907216173 -0.0574118654155874
0.0542976119281494 0.183123051589405 -0.0181098089267336 -0.099630562652217
0.112812271192963 0.142748680854166 -0.0565801478502019 -0.114187740290027
0.128325703448744 0.140513034578571 -0.0794193520071137 -0.113240379111803
0.130215386348933 0.134908339069067 -0.0868792529418491 -0.108912375817352
0.119948785905607 0.190149610633714 -0.078097167588295 -0.109360393347228
0.0361189870686024 0.242023369640218 -0.037154437960202 -0.0912631611053333
-0.0615423752049341 0.256419253967847 -0.00688782659823934 -0.0232946923619978
-0.222488920706673 0.176391196676426 -0.0551352098280804 0.0239136735610039
-0.299548318622451 0.00212315385120438 -0.112948404964917 -0.0141099224393735
-0.26755203934653 -0.0828994346105579 -0.139440861502904 -0.105652877761264
-0.229142067214356 -0.114630496427184 -0.1175940649504 0.0179949657041562
-0.285681431989078 -0.0713571773052796 -0.0722860421697409 0.00610352193053179
-0.249488198532371 0.0658267215421938 -0.0641028128813255 0.00168441276235439
-0.161686466109553 0.199279600223717 -0.0172065757734846 0.0319420202045486
-0.0502055165025841 0.248667404846355 0.00502735439416167 -0.0101727754961612
0.058672029365005 0.235505863982079 -0.00135950223338495 -0.0329797723203868
0.133590446346592 0.184915639672429 -0.00901404310852948 -0.0480436053487936
0.150457106195556 0.175515617673759 -0.0228100034562089 -0.0547241382515313
0.151031985296808 0.164886020299259 -0.0286008144542707 -0.0500894536778286
0.140114143864747 0.221654424919017 -0.0366328487252163 -0.0506718763222216
0.0497239710319083 0.281307830098015 -0.0212249397109665 -0.0410343939411964
-0.0568891679531949 0.295198270564644 -0.000954839963614222 -0.00492360880026984
-0.233915797524998 0.217927414398695 -0.0305227044262453 0.0309812687435532
-0.334677513632962 0.032333377806045 -0.0543458590384234 -0.00413491267883903
-0.313752453257519 -0.0687437513289767 -0.039006179764589 -0.0680816584096671
-0.244216749143354 -0.107271573560204 -0.0191583566924869 0.0737768045400057
-0.306506266679222 -0.0592611639010464 0.00315321466576706 0.0233337792773657
-0.266454685504911 0.0788811534007036 -0.0421769192542001 0.00341244561014105
-0.174009773679337 0.213307568861348 -0.0357721751434362 0.0438164889100091
-0.0579852870609842 0.265448444275072 -0.0132731480990351 0.0485576666278739
0.0579696830822642 0.249119178124031 0.0172175243066778 0.0487599583460836
0.136103475230749 0.196791632579467 0.0408265476231623 0.0303513139578761
0.150105899141736 0.183761168723007 0.037363630642634 0.0117006611067087
0.147364505387964 0.171620590989073 0.0322721898617742 0.0127102126024602
0.132634383051367 0.221909925980615 0.0123144320109209 0.0088189072841297
0.0446347094127675 0.27395107581316 0.00232742244264344 0.0101573049635574
-0.0548873790392548 0.278602988787401 0.00779137800697981 0.0117690673085205
-0.211808325550102 0.208521906271127 -0.00479936443132135 0.0284942276435118
-0.312118067509349 0.0441847984721181 0.00776185488037332 -0.00679726393982375
-0.307628512838149 -0.0487985755971574 0.0662275527010677 -0.0353219202465549
-0.22125147858605 -0.0769693056890828 0.0862508962865546 0.127819211582577
-0.267383268160841 -0.0296868536806505 0.0847473028890154 0.0427148985606096
-0.223237685292078 0.0816110263925486 -0.00971540140621442 0.0108845022068001
-0.143429578199799 0.182891318627503 -0.0432588612238017 0.0546753475270924
-0.047700754656884 0.228778213484598 -0.0245523638018231 0.105364673465275
0.0509596063191479 0.215786552903058 0.0392107815098406 0.12684283326264
0.118859973210168 0.173718390999251 0.0892656403357723 0.105325256983547
0.128225182987556 0.163378595984298 0.0913354724402616 0.0762513515237523
0.121243615954556 0.155755142128394 0.0846323780164426 0.0707873573153127
0.0992545922694281 0.193384396670359 0.0541066347709897 0.0617356221238725
0.0203359978864219 0.224182091415892 0.0207641785077291 0.055332232183399
-0.0604256986712561 0.209275609851763 0.00921157032503807 0.0247706954095257
-0.164173446473052 0.149985010867448 0.0131664860430076 0.0209670796068689
-0.242141148136212 0.0341434011762763 0.0575868980172941 -0.0123640082360943
-0.251885006334531 -0.0270045083487925 0.158186375854374 -0.00898385744308387
-0.158046098343564 -0.031060019928118 0.180743939089832 0.164404391358342
-0.173874514201408 0.00406837007491493 0.153131088293976 0.0535073443590198
-0.129925423596777 0.0649646433120859 0.0260671658753573 0.0179387341252255
-0.0835525341201313 0.111740897162998 -0.0379269619959492 0.0588812540167733
-0.0302225759347797 0.146263474550772 -0.0232136366621488 0.144264999717334
0.0350516198824058 0.141346282234106 0.0624748614263821 0.182213710128474
0.0817074866187673 0.122282123723446 0.127577556533484 0.161250228393861
0.0854271101985148 0.120173819211841 0.133764529181195 0.12808042910263
0.0766121738621422 0.118745423325337 0.119476241774122 0.11886976919087
0.0516342892386102 0.140235603546686 0.0767895631889878 0.106152090272364
-0.00865021082929246 0.145356243600902 0.0237707475252313 0.0886109647241154
-0.0594118668487294 0.112554390962575 0.00145468334299071 0.0319640000695928
-0.096290780576781 0.0724626022751033 0.0207463563689205 0.0131200509965357
-0.142482463255032 0.0197140172371208 0.0891089687562134 -0.0136658104859557
-0.164702330378741 -0.00351286841818869 0.221829067880515 0.0131205719191179
-0.063760696672568 0.0152777453674877 0.246221556391797 0.175453204925862
-0.0470040263836304 0.0242546084607338 0.197343220310889 0.0498876117519489
-0.0191251263998778 0.024784200608475 0.0574288580617523 0.016247411873348
-0.0215608091057812 0.0175233601464877 -0.026208956742098 0.0503667303822586
-0.0164239211896062 0.0415794978597328 -0.0140115875285484 0.157584654479737
0.00720521511918934 0.0479667447114498 0.0816303541628438 0.205661524322321
0.0275772040076292 0.0526080628464998 0.149948788181127 0.190543147237452
0.0296268992496875 0.0585341811772959 0.154793922172685 0.15990493647336
0.025184674079027 0.0635593873398472 0.133173756371735 0.15207710511075
0.00718242209174476 0.0672613569007277 0.0799196385369978 0.136374526599873
-0.0238652444272041 0.0533056807639906 0.0144249070987401 0.109541458607184
-0.039409776786652 0.0179445378864289 -0.0121355921881969 0.0312459683549479
-0.0165026193009276 0.00877414582216516 0.0224135133537952 0.00262044353628138
-0.0341985010621794 0.0185218826070731 0.10454455776946 -0.00931304516795624
-0.0624648971194607 0.0252224596718675 0.252010584126476 0.0315478236927325
-0.035712831139812 -0.0412604702801403 -0.262037445901094 -0.0430255137614193
-0.0618700667335094 -0.0261095122188059 -0.15254522968475 0.0311612986893679
-0.0491065132523629 0.0298319311899243 -0.0432157513017707 0.0146828692503849
-0.00265923512059992 0.0537397499582352 0.0284770945418968 -0.00329172516667972
0.0178162555410366 0.0349511769243942 0.0198759823797447 -0.102795336900015
0.0231838271027235 0.0252545802512461 -0.0579826924033835 -0.154300910708128
0.0264617816780907 0.00971363280558969 -0.126654740025675 -0.168350695333977
0.0295917655392443 0.0119062592961998 -0.154361625708851 -0.169716108060312
0.0355004280657196 0.0144618208827317 -0.155293080831219 -0.181798815583884
0.0390423475211578 0.0398132270653092 -0.110046157507749 -0.185904858498195
0.0157362742460768 0.0654517633344896 -0.0323419849199909 -0.159491451863229
-0.0217230680483895 0.0794127815869278 0.000131202901771643 -0.0612020564893351
-0.0873079815933196 0.0368026236852651 -0.0624166676948682 -0.0194169024327518
-0.0893671959947437 -0.0399339226165649 -0.162406534109341 -0.0602677185394646
-0.054364884886535 -0.0552590243902198 -0.254196354113702 -0.171291042594134
-0.115594819003932 -0.0695963612079202 -0.243678093479022 -0.0428512776912865
-0.146911772247377 -0.0412429779532514 -0.148865184283158 0.0122663358158841
-0.118850699095215 0.0465387719953368 -0.0591332628326641 0.0111094384086022
-0.0537194293801842 0.11054163238096 0.0216027525654482 0.0103924041510621
0.00121764706349035 0.115972886196306 0.0253385090708214 -0.0873115912382388
0.0456875098711955 0.105775916922841 -0.0390120910580222 -0.139005558152915
0.0768826461250881 0.0777532090489104 -0.0993967069886819 -0.153709106965832
0.0868984959166404 0.0807454174163635 -0.128074495938984 -0.151839488898083
0.0902296835280968 0.0816257484220077 -0.133256779146819 -0.154030864936814
0.08396496798805 0.124860377431983 -0.105741767283508 -0.154724893683581
0.0237870922101062 0.16509034500107 -0.0421905190633175 -0.131888714094946
-0.0496945370047982 0.176464611805933 -0.00816939251760621 -0.0424275501872418
-0.169955623406871 0.108650584975162 -0.0662372828782925 0.00456322886528145
-0.21216219259914 -0.0257662632804162 -0.150854409116073 -0.0339172091129512
-0.173940418650692 -0.0768866980318438 -0.216561325398878 -0.140511977718838
-0.181882240104187 -0.0971133701648705 -0.194704571323117 -0.0221923294135761
-0.224998416254563 -0.0593415208206119 -0.123758368527978 0.00319311679438721
-0.188962761961547 0.055730601142971 -0.0690380862586509 0.00604313972649238
-0.110929939744627 0.160208787799653 0.00416812964389051 0.0219359997127535
-0.0230294056161117 0.190950422104256 0.0190640239659588 -0.0559444414180104
0.0579023720640181 0.178980822145968 -0.0202460287319884 -0.0974345916379419
0.114579910420202 0.138742656784749 -0.0596060546422991 -0.112235213931101
0.130526052976293 0.136094975544767 -0.0818601035607023 -0.11104532628515
0.13252329314472 0.131256296139398 -0.0896556342108617 -0.106870866072053
0.123338466103994 0.185205432641366 -0.0809924695525749 -0.104951872866546
0.0421918340043835 0.240317275452156 -0.0398617949451131 -0.0898283745043527
-0.0548182035444173 0.255372547449208 -0.00856459648146325 -0.0228918399017976
-0.217557719714107 0.180309339987992 -0.053763798800533 0.0226960639808117
-0.298656553411965 0.00814517772839945 -0.111480007945267 -0.0122945498190985
-0.265975247079981 -0.0759524363419511 -0.140747647777172 -0.103480375078915
-0.227321527554678 -0.111162450111323 -0.11659217484892 0.0207747888096151
-0.285252742471743 -0.0646293226477267 -0.0715045132428769 0.00823710387310508
-0.245781578014686 0.0685276965891557 -0.0646486579859443 0.00174053225624314
-0.155139055015758 0.200054243800434 -0.0168646654926407 0.0321534307951502
-0.0435221930254999 0.246808755905277 0.00292514361811004 -0.00822394100755475
0.0634009299609508 0.231711902714385 -0.00245010399791001 -0.0316258675162977
0.135915886998271 0.179120397326617 -0.0100763657786944 -0.048219608329289
0.153374871027105 0.169803748460241 -0.0239985887310884 -0.053453633521863
0.153772843000724 0.160312465010698 -0.0302533854678821 -0.0492670847351134
0.143920965942734 0.215955994987 -0.0382818588711877 -0.0475012290040773
0.0566479169637461 0.278914942236001 -0.0224029426223733 -0.0392684440980829
-0.0502138565784872 0.29415611194949 -0.00184211837003303 -0.00423188955512075
-0.228094559321879 0.220979595393187 -0.0293426151238265 0.0298864803273818
-0.332793382843099 0.038763412009572 -0.053342161500285 -0.00354382482503466
-0.311521978774416 -0.0632193233437447 -0.0412684286072878 -0.0678518605656576
-0.242757818327818 -0.10413362578556 -0.0183587688729122 0.0747454592285087
-0.306336206330573 -0.0527316338336244 0.00358508586817053 0.0238317477614001
-0.263538982648108 0.0813923709900954 -0.0435295792931468 0.00308941816568084
-0.167729374947219 0.213042658545079 -0.0352320056027671 0.0439655737787856
-0.0512262594670569 0.264453503189002 -0.0144988593566358 0.0509991184504072
0.0628218176837877 0.245241726714131 0.0183982815244555 0.0494303310505783
0.138685971745811 0.19098341806793 0.041558371382417 0.0273505039540985
0.153674064256019 0.177948989814478 0.0367713937148975 0.011955759300018
0.149991568471729 0.166546305646164 0.0316185011906652 0.0113146832397672
0.136724185712873 0.217650225324386 0.0117729846125904 0.00988081560060586
0.0517417244739886 0.271385713221162 0.0022702009101533 0.0112840711286076
-0.0484394279959554 0.277174074398635 0.00655775173435271 0.0125722108253228
-0.205494602540332 0.211215484460325 -0.00376040777638258 0.0275155540018955
-0.309583209935017 0.049826735976139 0.00785797456428574 -0.00663284728490874
-0.304363304846925 -0.0430917624922474 0.0635478635382228 -0.0374409886377652
-0.219248418360185 -0.0735624411381326 0.087379024651143 0.126229036105156
-0.267067897837038 -0.0245208693870537 0.0845145821568385 0.0413242772730881
-0.22031150349111 0.0837422224780862 -0.0111345711573793 0.0100744770488457
-0.138747340636968 0.183697762253475 -0.0420650914944581 0.0555414758545932
-0.0425370590234462 0.227986829266875 -0.0235037879430144 0.10828496346814
0.0550220466460078 0.212604412269474 0.0420924253709388 0.125577799705999
0.121309125450299 0.169059161413249 0.0907562977700648 0.100143189833571
0.131410836394081 0.158600532945224 0.0920940783399137 0.0742081245460516
0.123459315641909 0.151257939152057 0.085086210138222 0.0686314458852725
0.103083826802146 0.189918019886747 0.0546234443983978 0.0611595581130377
0.0259112857434232 0.222383678304142 0.021625704651506 0.0551630989063776
-0.0549801548892791 0.208028838884668 0.00916089847915443 0.0260828992335313
-0.158565096477438 0.15164125737817 0.0138995564888427 0.021261329689611
-0.239416137593225 0.0383063289199422 0.0570337727513092 -0.0128184845241495
-0.248896372931539 -0.0229069040647038 0.154430638259936 -0.0129168758048391
-0.155624949875832 -0.0293922627779751 0.181306180879081 0.161667578184281
-0.172579152318546 0.00716986250495447 0.152337874001061 0.0506577259423576
-0.127859329278912 0.0654401399882744 0.0253639531182197 0.0164924500757158
-0.0812765641404393 0.11200376042802 -0.0368960273648982 0.0592598328511769
-0.0269302286095361 0.145265325236204 -0.0215349477604487 0.145781550699126
0.0371478120893207 0.139373537689434 0.0668546859123377 0.179602808316762
0.083064824435392 0.11843728600273 0.130869284118892 0.154781811227036
0.0874979677978632 0.116673136723308 0.134290590219767 0.125207529669648
0.0791226615351929 0.11535630902257 0.120380312048111 0.115429667055089
0.0551081524489861 0.137542550361128 0.0781388360086104 0.104058963110053
-0.00524076757123158 0.144156135720763 0.0262440198596953 0.0881946123980734
-0.0569573192739565 0.112582310541024 0.000865226596883301 0.0327691562604447
-0.0932883137124905 0.0728254686343916 0.0209941903640552 0.0130484348505113
-0.140274728635521 0.0223022565066355 0.0874556440915128 -0.0146952675305673
-0.16202640574938 -0.000794025397524038 0.21815953026433 0.00764347374929792
-0.0621572176799427 0.0158155639354425 0.245743391684013 0.171389850565367
-0.0467395305772534 0.0249019805630986 0.19617416078776 0.0461090079809595
-0.0189868212325626 0.0242260687678032 0.0569071499922268 0.0148002610792058
-0.0219959934601236 0.0177003540148738 -0.025583576326074 0.0506346595452455
-0.0162891325668895 0.0416787420495933 -0.010758131078783 0.158405636082856
0.00746352024439362 0.0470884924779256 0.0862186964883988 0.201962256827179
0.0283681666504422 0.0518911538450512 0.152554333509723 0.184114911234407
0.0309187892584085 0.0570371134608038 0.156351039180428 0.156682179947355
0.0271491286385829 0.0616306836428929 0.134668675509424 0.147353230818729
0.00963158959421772 0.0669729715363404 0.0824372278596937 0.133252006557178
-0.022891076897128 0.0530369369138741 0.0170723094691948 0.108240823770381
-0.0390199534126977 0.0181597862656142 -0.012305632009757 0.0322989712804764
-0.0158914705245284 0.00790526533364611 0.022349910783784 0.003351809332422
-0.0332242050006481 0.0189465325913329 0.102984138186776 -0.0103987040233722
-0.0614723634908123 0.0252389402022992 0.248540406666513 0.025645033875827
-0.0357460208789057 -0.0406096371329288 -0.259809185576372 -0.0401739934711409
-0.0610335194311935 -0.0248610007488342 -0.150538421712877 0.0324076420474936
-0.047041425921452 0.030260167801528 -0.0437212018310258 0.0150182134113393
-0.000936136327940453 0.0525738913860313 0.0285741501715289 -0.00357828356323979
0.0188115437977579 0.0339620962930454 0.0181720947556726 -0.102276070852709
0.0244974003497148 0.0248868423079923 -0.0590917897951936 -0.151274694383959
0.0265731001496215 0.00968039602843927 -0.127881249816158 -0.164537576776408
0.0290147969750522 0.0116847238881715 -0.155906860029139 -0.16776130541425
0.0351091233758198 0.0140877801600372 -0.156617839498503 -0.178603028693117
0.0392648163637219 0.0384904135501835 -0.112221767207601 -0.182305820926393
0.0172819110232082 0.0648648809269115 -0.0352893033508799 -0.158085906928803
-0.0193567886750595 0.0795843193344185 -0.000608399646205313 -0.0616056948478786
-0.0864513495743511 0.0384123630516874 -0.0622956432913393 -0.0204994426112772
-0.0893319003983152 -0.0385153806168633 -0.161080949795098 -0.0592629480487243
-0.0529957886942356 -0.0529366421270826 -0.252297578447198 -0.167413996927737
-0.11434543683786 -0.0690661080326471 -0.241986218026269 -0.0404103964430098
-0.145503702239443 -0.0392524895019016 -0.146871276187967 0.0141547640218552
-0.115637315413586 0.0465579821914631 -0.0601946697141809 0.0119439368290471
-0.0505670473328394 0.109447784989083 0.0220478582646163 0.0107105382598001
0.00355368475479883 0.114185925995454 0.023779004446037 -0.0852491346030645
0.0474356237302227 0.103911417875769 -0.0405485818409215 -0.136218118622258
0.077474863030941 0.0755857214916548 -0.101088785660213 -0.151129401045367
0.0870928491671144 0.07884414964119 -0.128864437187146 -0.149374833817376
0.090199792998124 0.0798784308411961 -0.134086596851053 -0.150865753495817
0.0848945279787908 0.12189295393418 -0.107663313928949 -0.150677868561251
0.0267920624577976 0.163952225673986 -0.0449025801370986 -0.130180823345959
-0.046512769396464 0.176075914440311 -0.00860908527294782 -0.0426401783640019
-0.166895520306856 0.109847274701116 -0.0663776857094488 0.00375086849810182
-0.211672140379036 -0.0226663851886692 -0.148964665140459 -0.0332019465062192
-0.171910216141351 -0.0734880438448484 -0.215620357703105 -0.137409019544394
-0.179560518634908 -0.0953644404610018 -0.192754696658332 -0.0190490275732016
-0.22376336775083 -0.0558856712659144 -0.122292979005868 0.00548376322527194
-0.185586509175879 0.05590022482094 -0.0704361071850092 0.00676965655011561
-0.107365855797333 0.158889531379687 0.00487633990734384 0.0221544044416727
-0.0203888189287213 0.18833985382837 0.0170923937629182 -0.0539883470761031
0.0601410084180502 0.177112687932039 -0.0209609124216451 -0.0952720495843249
0.114595935472731 0.135067761875428 -0.0598096213366959 -0.111025374751032
0.131112053956169 0.133111221866432 -0.0826460114751032 -0.10897315353782
0.132851770966597 0.128946658817318 -0.0898880277891792 -0.104817736819003
0.125121957730292 0.181650011503089 -0.0823938430073835 -0.101454235633468
0.0464385085384019 0.239151965145412 -0.0416324492553567 -0.0878860083320092
-0.0513837606885447 0.254443864855897 -0.00942925795810321 -0.0225116929467881
-0.213889460110283 0.180944332881335 -0.0527556429361213 0.0215692025530698
-0.297495123661673 0.0110777067074354 -0.110228068640825 -0.0117113718371414
-0.262937675583783 -0.0735616867884149 -0.141156020754668 -0.101394464382466
-0.224771671112885 -0.110197838429099 -0.114933250257892 0.0226824893084187
-0.284046267073549 -0.0611041617056767 -0.0703220300363113 0.00960102782385027
-0.242374413143088 0.068700497163311 -0.0665399444260266 0.00199903338146469
-0.151305979673884 0.198357016733073 -0.0160395910501413 0.0323277469020651
-0.0400507293904331 0.24497292323087 0.00146513898052186 -0.00582305183669547
0.0656831871699653 0.22888609258835 -0.00207757668854339 -0.0300586992165299
0.136292571726182 0.17557495609717 -0.0109998051153309 -0.0488593536506573
0.154716344852195 0.165673688490195 -0.0251868960021119 -0.0520209047793196
0.154263248431031 0.157182887389382 -0.031179647803112 -0.048546508344115
0.145556640456589 0.212567569815351 -0.0392487025918493 -0.0448806312997328
0.061325584667012 0.276308178488392 -0.0234646880616789 -0.0376880797888495
-0.0448808144980567 0.293215207676591 -0.00299987852865738 -0.00292655167363063
-0.22340377057124 0.221296084328751 -0.0288025019220028 0.0291764594465689
-0.330696755639059 0.0423126795875309 -0.0522002768167572 -0.00342889437903459
-0.306941105230855 -0.059891943585437 -0.0424950566072499 -0.067409559250822
-0.239226453478325 -0.102608238704052 -0.0173230115129608 0.0757764545826944
-0.304861686692862 -0.04935657206543 0.00394820179635187 0.0248198513389169
-0.259975620795635 0.0817072319181936 -0.0454008985655032 0.00298091723003996
-0.1646467256781 0.212528861269603 -0.0340873112964851 0.0445404121983807
-0.0475759379760938 0.26237727681383 -0.0151233106692956 0.0539771216067041
0.0647845722224731 0.242386969867589 0.0189404946461349 0.0494840172586936
0.139011724596336 0.18722646089935 0.0415107755964239 0.0249312502011606
0.154758494698059 0.173653751118917 0.0359654767489783 0.0124178875594765
0.150988531346766 0.16278942858888 0.0310621235079346 0.0108270835153305
0.13883047523931 0.213544870112336 0.011275870693494 0.011423215530876
0.0556717387203229 0.268922900701862 0.00243894820862879 0.0122340558412113
-0.0438372596025881 0.275388482182151 0.00565920697215562 0.0138163686591487
-0.200873030057848 0.210515527274599 -0.00328960341651728 0.0270100999294759
-0.307841428574447 0.0529732278040827 0.00818412626876633 -0.0062403378742761
-0.29975209593517 -0.0411556462519085 0.0611228928731531 -0.0385269869959396
-0.215863404847835 -0.0728845655913943 0.0872026719807122 0.126266852317032
-0.266625116499178 -0.020886979482924 0.0841655320714988 0.0411812668067403
-0.218266775474267 0.0840514366164843 -0.0120579815743348 0.0093162524016199
-0.135811585321845 0.182735909221884 -0.0415691763348303 0.0555951737344781
-0.0401251763378531 0.226448819201221 -0.0232365266348261 0.109786168682122
0.0562105383054799 0.209436734055168 0.0438532622231134 0.124834575175985
0.120868365173543 0.165206793980488 0.090668920175683 0.096044045796828
0.132524737776859 0.154783060736785 0.0921438724190705 0.073519235366463
0.124522471726814 0.148194180148689 0.0845764274806322 0.0664661663644396
0.104653777538868 0.186179724462274 0.0543325656523753 0.0611984830497908
0.0292989512697095 0.220003258937452 0.0220336748438833 0.0549176711277139
-0.0518696558225506 0.206256559333921 0.00817407189292469 0.0273287722575302
-0.154928611825343 0.151139205670622 0.0146628137151462 0.0205425728037471
-0.237580142868562 0.0410797219097364 0.0570188222404015 -0.0124333493826314
-0.24501742091267 -0.0209149843972855 0.151251016110966 -0.0152598336458274
-0.153163943497428 -0.0288640069376709 0.180034910361617 0.159743615635816
-0.172441086561151 0.00963142706166731 0.151721489554851 0.0489786258198319
-0.126950966173856 0.0653411287720083 0.0243724825951301 0.015974874612792
-0.0795578673944338 0.111542859812797 -0.0365139520249659 0.0586346761403232
-0.0253485747498722 0.145102616009595 -0.0199388871952586 0.147163127136947
0.0378360946475461 0.137850131746091 0.0691719275512047 0.177539537896126
0.0830900695713259 0.116195246203502 0.130484826928466 0.150051503338592
0.0890332289964969 0.113180864852964 0.134424778720437 0.123780768727986
0.080274785114999 0.113434917068684 0.120559442237382 0.113176285815846
0.0569974363549107 0.135717275541662 0.0786737256168398 0.101929930513949
-0.00263735186888436 0.142814771012098 0.0272402748592649 0.0871779613650318
-0.0553333912749232 0.111654571406517 0.000720413876686452 0.0334577183833337
-0.0905834630295451 0.0719634649834838 0.0209076186629688 0.0133239819001461
-0.139308642492558 0.023481253542567 0.0866717827333387 -0.0145507452817306
-0.159947081467082 -0.000309556868253315 0.21414307946039 0.00518073313803558
-0.0607163904065839 0.0157040593025593 0.243932080963078 0.167963623135969
-0.0466654154460749 0.025052990558885 0.193878280595451 0.043854947063517
-0.0190502678031894 0.0235251671736679 0.0565772865340463 0.0139831244005958
-0.0225353815561685 0.0178839462248255 -0.0254782119412926 0.0508260169776039
-0.0154020084016292 0.0417759247125804 -0.00879128245612482 0.158628972340879
0.00726661494553191 0.0471296625492087 0.0884532224229774 0.19870448415981
0.0279843931725263 0.0508955934178468 0.152985066426078 0.179073214652667
0.0321045431462669 0.0560653516107886 0.156499067308145 0.15429394874795
0.0279506560435786 0.060429423233708 0.134499462458286 0.144892227613292
0.0104632686331422 0.0658745728022942 0.0832503569541839 0.130247647629256
-0.0223619456265199 0.0522727795247032 0.0186866278609429 0.10645415033607
-0.0387678586790879 0.018374809140194 -0.0124379470800629 0.0330361950116479
-0.015277615152397 0.00712425013736036 0.0226272461679864 0.00375061986305989
-0.0326899083402457 0.0189200013406488 0.102221810899152 -0.0102783216025837
-0.0608289742864729 0.0247718347924027 0.245160853106913 0.0216854640174802
-0.0355256719649986 -0.040555712680299 -0.259001368554745 -0.0399630624932413
-0.0601440403853493 -0.0242950124117561 -0.149695633002928 0.0329977724871894
-0.0459698634521405 0.0295443830103678 -0.0441887921687112 0.0155273311783713
0.00045929113793967 0.0517798113499246 0.0289851924192982 -0.00306355615502568
0.019048936699098 0.0332890070526356 0.0174622012781909 -0.102236054270589
0.0251345696184708 0.0245245948847107 -0.0604860281925314 -0.15038891906281
0.0264771520126008 0.00969709205886556 -0.128147725882218 -0.162693779466181
0.0287190053132936 0.0116334649383478 -0.156485679072928 -0.167377978170887
0.0348176589248868 0.0142803674927115 -0.157297955557776 -0.177871319074651
0.0392341579002064 0.0380605591689133 -0.113832924149408 -0.181258913792083
0.0187047564641079 0.0654541706015855 -0.0367680768100436 -0.15816261644155
-0.0183763781860287 0.0798623291899963 -0.000863949566731203 -0.0620659593257963
-0.0864309673825888 0.0389309113752391 -0.0622506322237299 -0.0221686905856444
-0.0899737307540689 -0.0378302927234056 -0.161145739684154 -0.0604587580416299
-0.0519040976669706 -0.0523956779199422 -0.251407259044114 -0.167549094779397
-0.113579593542784 -0.0695459525237705 -0.240264658305074 -0.0400083653787764
-0.145036429633079 -0.0385433167992246 -0.146121964810535 0.014972702610265
-0.114586072992262 0.0446462481575032 -0.0616434533650164 0.0126026462570711
-0.0493372775059664 0.108216923979633 0.0225513804000182 0.0109713799279123
0.00432206061660328 0.112985632207044 0.023123120764365 -0.0848365111742632
0.0484774610099712 0.103126669866269 -0.0408908509604176 -0.135699825146292
0.0776293821245158 0.0753723104625528 -0.10114571721374 -0.149785943760081
0.0868034851613414 0.0785240451457679 -0.129807871861203 -0.149396872691161
0.0906049688694309 0.0795971208611966 -0.135381221531031 -0.150933448361097
0.0848599062324271 0.121314043378665 -0.108919375310535 -0.148829142006373
0.0285061701649368 0.164419521584379 -0.0466374733283637 -0.129859643428026
-0.0455244253942285 0.175875524384427 -0.0093551225660327 -0.0427336287783642
-0.167333171633579 0.110472349140486 -0.0659521769073248 0.00164082139149437
-0.212831042417159 -0.0220503187896218 -0.148655801216351 -0.0346682651137554
-0.170162681032048 -0.073158358929343 -0.216015050047507 -0.137892636492705
-0.178608609171618 -0.0970639386521243 -0.191705479865952 -0.0187984342422133
-0.223768306257508 -0.0550275638506731 -0.121402469969682 0.00587319994027303
-0.184446393701527 0.053714920426195 -0.0724128335185621 0.00657241033529709
-0.105664661562939 0.157862109783138 0.00552382772382568 0.0223980203647399
-0.0191300796850602 0.187912030269874 0.016545851581517 -0.0523364788404659
0.0611301324508041 0.175849346350469 -0.0212936365632718 -0.0942856601588485
0.114700517605579 0.134482653103884 -0.0608373817309644 -0.111244683962676
0.131528246445554 0.132351470102037 -0.0835814368370386 -0.108958973068887
0.133058386672876 0.128576245717619 -0.0915482759671733 -0.105238717669363
0.12491307204011 0.181504794376533 -0.0831569914289578 -0.0993277901157605
0.0485686731623376 0.239624688545491 -0.0426617602627973 -0.0869279665143028
-0.0492064162666515 0.254405443197281 -0.0100975956241143 -0.0223234489328799
-0.21310301818303 0.181254396827673 -0.0531631901733496 0.020213961466626
-0.298629570873231 0.0115019715708207 -0.109474180373807 -0.0121381181496715
-0.260404282796979 -0.0735844695853723 -0.141987173309846 -0.102196084551737
-0.222407238376419 -0.112812975581411 -0.114527793042755 0.0233259610362309
-0.284626811869427 -0.0602432580047284 -0.0700548762919792 0.0106577220738921
-0.242389117890611 0.0667619234692103 -0.0686399680498567 0.00206083324326597
-0.150437972043373 0.197591105546184 -0.0161991094113338 0.0327681097559393
-0.0393744953529416 0.244412302955854 0.000468221842496793 -0.00311719424187289
0.0667894992175338 0.228416888085332 -0.00139044453351701 -0.0292386874305526
0.135767080858976 0.174862233831239 -0.0112363516036308 -0.0500467659810584
0.155045020561513 0.165333943401391 -0.0248584476306116 -0.0514444205353299
0.15459485445525 0.156992304050711 -0.0318776079440141 -0.0486635105861865
0.145999121773894 0.211754041765805 -0.0395863277292074 -0.0429641913392528
0.0632629596324762 0.276894909548293 -0.023975637793992 -0.0368788092966902
-0.0439607805040163 0.292421595141817 -0.00355028523875946 -0.00270147524616887
-0.222223966928377 0.221742717434758 -0.0285555864121914 0.0280258586150856
-0.332424938707873 0.0425911424886067 -0.0513528092086153 -0.00320122805978623
-0.30521055156936 -0.0608634940663567 -0.0439271535698005 -0.0681646319292805
-0.237031098432139 -0.105575594013733 -0.0168745869096372 0.0762783704630012
-0.306404076806543 -0.0481412021532373 0.00493294395676437 0.0258884416881809
-0.260566952050391 0.07972955933324 -0.047366929051084 0.00313447562702582
-0.164647618305813 0.21192302874779 -0.0342320293014277 0.0445559756016945
-0.0467712522932337 0.262913980601094 -0.0155361789560923 0.0563876348808087
0.0650713798378629 0.243009813945645 0.0200734486779252 0.0504331621891476
0.138330627418589 0.18689283488347 0.0406394083639377 0.0230042697055811
0.155569956872024 0.172470973967758 0.0366171085406874 0.0128529451138764
0.15129533864401 0.163152014755395 0.030191087045104 0.0109583158677204
0.139233537651415 0.21324765729856 0.0112267460694553 0.0129268519572452
0.0583035244802132 0.269501776151261 0.00243551200284468 0.0127639788253405
-0.0432711678904574 0.274452506898609 0.00466632204903665 0.0150099555825823
-0.200205580999043 0.210161372395884 -0.00245335970563478 0.0261581614660294
-0.308697263284246 0.0533128211574262 0.00944460880977575 -0.00573828960118826
-0.298031392954941 -0.0416556805215916 0.0595744344367766 -0.0396134840879495
-0.213874836669491 -0.0753385879502566 0.0871616110385784 0.127703533105143
-0.267620047924905 -0.02013418290706 0.0847911335097816 0.0419214201482441
-0.217886700191627 0.0829258072233603 -0.0138339351826387 0.00945652880941399
-0.136118021230003 0.18258701443818 -0.0420615222957465 0.0556802851786873
-0.0389815650969973 0.227045940084838 -0.024055032758345 0.113156831121634
0.0561875996507836 0.210211980524549 0.0448510284731916 0.125142259021051
0.120651246449594 0.164623701101354 0.0901092181571632 0.093720508523453
0.132788464645309 0.154028641257239 0.0920848126173037 0.074300869025792
0.125140080851898 0.147556418947402 0.084551790639616 0.0664551803039706
0.105534139253393 0.18652821294836 0.0543993008759471 0.0616311928253976
0.031369046930063 0.220206984250202 0.022418578775069 0.0554550501619988
-0.051526242071207 0.206275426754739 0.00742969192894903 0.0277104459501306
-0.153592241678605 0.150096885857337 0.0148547246405305 0.0207958340107054
-0.237778319092408 0.0410720275951122 0.0570985001120265 -0.0113516753066776
-0.242808369671496 -0.0220673128240349 0.149432611257168 -0.0159435973981586
-0.151956770754482 -0.030680583865589 0.179725078681673 0.160973705365927
-0.173390592799726 0.00984121229403334 0.151582138640089 0.0500428652776117
-0.12711543019281 0.0644555852210513 0.0231701392675479 0.016069725482131
-0.080290941759727 0.111938584840958 -0.037150421437596 0.059214229012505
-0.0249597117817128 0.145571667787632 -0.0199416044022829 0.148908509678983
0.0368911032059527 0.138497896457518 0.0700465215566633 0.17717977592096
0.0824281951752805 0.115596969899738 0.129167090543197 0.148169236610142
0.0893146008702495 0.112803551506581 0.134552842501081 0.12414460679391
0.0808040349936435 0.112494408546168 0.120061097335425 0.112669423640872
0.0577922187081558 0.134865325809857 0.0789895641409897 0.101645875302886
-0.00192697301240388 0.142469120822897 0.0276564006929999 0.0872149711554683
-0.0555316324229376 0.11114920153018 -2.48167538786625E-05 0.0348086920004731
-0.0896711972132681 0.0710367775924704 0.021592662286539 0.0136136878667667
-0.139553035039825 0.0237635840666918 0.0867487486649381 -0.0134662202340749
-0.15891619706447 -0.00114911584847179 0.212297304440052 0.00437371874826665
-0.059313402784545 0.0148532355648582 0.242761631077233 0.170020376113872
-0.0469426096976735 0.0252295231483587 0.193493539497488 0.0446695058224394
-0.019663911595926 0.0233961622860234 0.056255529062404 0.0143768406625488
-0.0234228506366879 0.0183248975559112 -0.0262658094675557 0.0512510510097601
-0.0155038951272969 0.0423115655950093 -0.00910785482640986 0.159952642598546
0.00679944079561393 0.0476072398830311 0.0896377584941637 0.198457234457001
0.0278594970991702 0.0507514276154475 0.152306015062744 0.176992447697124
0.0326564184710755 0.05493854330908 0.156628071730637 0.154404371865079
0.0289015549150793 0.0602496521350278 0.13471432698247 0.144275825448849
0.0116428194605528 0.0655874661215417 0.0828801752831138 0.12958200258526
-0.0224366277233919 0.0525181809954327 0.0197965719810818 0.106096345800253
-0.0394534241755831 0.0186800258964072 -0.012708543880374 0.0339032508634318
-0.0149068952018975 0.0059980656125739 0.022667932823018 0.0051981171303049
-0.0328589400115323 0.0189250638272066 0.101668743195424 -0.00991205189406294
-0.0613594978103553 0.0243986831980336 0.242937056994008 0.0208477926248955
-0.036250284210558 -0.0410715298313224 -0.261993500304914 -0.0414092368806412
-0.0613221609836873 -0.0243064518804873 -0.1512425396659 0.0339461603166382
-0.0460819550434161 0.0293152055643345 -0.0457110421935515 0.0163178962526299
0.0015085170233147 0.0519841599580709 0.0307828177506133 -0.00370435088091123
0.0200758294509442 0.0331582457796869 0.0172612689759666 -0.103948736498692
0.0267854523385137 0.0241199519710328 -0.061760130108719 -0.151865657738162
0.027661235567238 0.00962864252042747 -0.130027059072396 -0.164386197219257
0.0291176991933629 0.0123680913417828 -0.160199433463333 -0.170422924411096
0.0351760915099682 0.0143770215494558 -0.161269856499954 -0.180495901905272
0.0403291309033791 0.0376934183906106 -0.116626086871119 -0.182819753974661
0.0205800169401338 0.0668988466474842 -0.0386932524237313 -0.160959387365663
-0.0174685657015617 0.0817754427726179 -0.000775153927531055 -0.064121369317819
-0.0879759191816107 0.0403535535245501 -0.063681953803616 -0.0240912623383616
-0.0916556627154277 -0.0380914240244395 -0.163881225715746 -0.0632459357470052
-0.0517574542789005 -0.0524645668343589 -0.255086350297963 -0.170170864115169
-0.114552035236807 -0.0719591688152179 -0.243994349986947 -0.0412178554649744
-0.147121610397639 -0.0388664322210197 -0.147912154836969 0.0161701744144867
-0.115884052627654 0.0445981848628619 -0.0638478023273825 0.0135147910782515
-0.0489443019514056 0.109007596148545 0.0239253712705283 0.011454989786081
0.00534177319770414 0.114598791078504 0.0233130455416746 -0.0856096560632016
0.050614842315095 0.104067638533499 -0.0418201942100607 -0.136279721162344
0.078696616365918 0.0767052631584775 -0.103236262717298 -0.152209917183361
0.0891222239729616 0.0793492341871231 -0.132675211649714 -0.151299818588366
0.0917058351533898 0.0811394784525534 -0.138815479808049 -0.153480512645273
0.0865761195049474 0.123234019847407 -0.111801163286216 -0.15002793686243
0.0309857112976131 0.167662909157876 -0.0487217875379953 -0.131660690419317
-0.0450734533124716 0.179195272147883 -0.00988915686659727 -0.0434490171659227
-0.170452208211105 0.113216256015099 -0.0670908802596784 0.00027085259933912
-0.217510122700154 -0.022482636368364 -0.150634178024718 -0.0365111542833019
-0.171169079562146 -0.074892946683072 -0.21950194175436 -0.140082474128495
-0.179938619159124 -0.100873108882381 -0.194589644901229 -0.0188547858256444
-0.227860666220783 -0.0553196035867921 -0.122663807243814 0.00670544543010098
-0.187627137366369 0.0531777842840976 -0.0752880689126616 0.00730479575925016
-0.106270286171165 0.158831363455215 0.0065890770627287 0.0226702115947376
-0.0186695065498961 0.190965350586066 0.0159203265122217 -0.051426283392833
0.0629510681710806 0.179007735004898 -0.0215437943473374 -0.0948039064555584
0.116401167812858 0.136398874506607 -0.0623928098603699 -0.113563851416508
0.134238944923585 0.134024527037646 -0.0851137365864874 -0.110963605464806
0.135024240366314 0.131144452701258 -0.093289326108441 -0.10693673651099
0.127765615748762 0.184354238659184 -0.0851804116161597 -0.0999283256946194
0.0519219024046237 0.243866068793672 -0.044885602256909 -0.0882320903614649
-0.0491787113856358 0.258917664564709 -0.0105914445453918 -0.0221832212850509
-0.217488058610709 0.184656430905841 -0.0533823634706789 0.0192798437124554
-0.305937318757886 0.0116699767828713 -0.111410550836907 -0.0134984507234409
-0.262894057415198 -0.0760149016392403 -0.145312895179386 -0.104521565561113
-0.225012245555951 -0.117032507193934 -0.115812773333927 0.0239445772149317
-0.289346385585589 -0.0607490091417504 -0.069505528635119 0.0115917046160428
-0.246556123846301 0.0660862685032515 -0.0717351201098503 0.00260887697543088
-0.152583969625211 0.200673731754545 -0.0155421919611146 0.0336344961048652
-0.0390865805201254 0.248979377020086 0.000331794702512608 -0.00159209851458907
0.0681525274265233 0.232593091192189 -0.00113446419675658 -0.0285100150481366
0.137892998265814 0.17805566664653 -0.0126056564587716 -0.0521682006083074
0.15803761692505 0.167564276411362 -0.0256871160919114 -0.0524303644308072
0.15769661259084 0.159706435813761 -0.0333811052870707 -0.0495544167545361
0.149669555907015 0.216223063471639 -0.0400174754422617 -0.0418659283462271
0.0669488116430601 0.282782650695813 -0.0251087673181303 -0.0368103707108303
-0.0435835746916138 0.297890576820034 -0.0044174451800841 -0.00177888478983602
-0.226095080788206 0.225881298697524 -0.0289761997070295 0.0272801719155472
-0.340223140534265 0.0432503285419299 -0.0514450004198182 -0.00347381295377109
-0.307369218420012 -0.0628754275254721 -0.0459620952211799 -0.0695845758555034
-0.239400394404142 -0.110409614104221 -0.0165187713472857 0.0787206920214391
-0.312266588400739 -0.0484707007318717 0.0062279360387264 0.0268223962644317
-0.265252904422443 0.0796960847041708 -0.0501012854422359 0.00316265712920615
-0.167202221139483 0.21521395482548 -0.0343799540415163 0.0457833618977547
-0.046564091564298 0.267861799570051 -0.0162302123785021 0.0595116860002025
0.0667743983518341 0.247545002361982 0.021606964148977 0.0519270953415553
0.140050828894639 0.189349709994874 0.0405372051977344 0.0214874548900861
0.15879872047064 0.175333009999951 0.0369502600392828 0.0132454168009756
0.154813559095887 0.165540728453542 0.0307402178119278 0.010943066100519
0.143034220646495 0.216895505826428 0.0117103918589228 0.014334176104546
0.0613419020919801 0.274930876944703 0.00187899537124353 0.0140721281815388
-0.0425174944056717 0.279267157644939 0.00428760976940046 0.0164146232641467
-0.202820646479018 0.213836087734544 -0.00245399513229441 0.0263790136648045
-0.315921137331516 0.0539144425862912 0.0105772128109246 -0.00504888813089072
-0.30094447007133 -0.0442539397780795 0.0589895600418747 -0.0403820099703422
-0.216670672966451 -0.0793985485575112 0.0892095727157587 0.131414427827567
-0.272896726376993 -0.0198842363802617 0.087778528150315 0.0432487780672891
-0.222451995246509 0.0831846619012242 -0.0155991365938481 0.00985102941301811
-0.139587702046928 0.185933537494756 -0.0430541454347275 0.0571063266064287
-0.0388655421653651 0.231161707129345 -0.0241735505092521 0.116951461701738
0.0579389356213618 0.21512131677057 0.0467467162661421 0.127806986525842
0.122162612830398 0.16712973414607 0.0903839264482288 0.093153822729255
0.135402690715154 0.155074239166575 0.0938521405052488 0.0766785451782421
0.127422630322878 0.149419591125258 0.0856440854442035 0.0673806809723997
0.108362817921024 0.189527948367968 0.0560429595659034 0.0634747061144122
0.0332107795632935 0.224253761834404 0.0227725516231178 0.0565953943379019
-0.0514298633377096 0.20935692688175 0.00673057947315118 0.0291094870072045
-0.155871114147847 0.151778515167602 0.015574770085097 0.0210952221036863
-0.243400481692731 0.0417625601245178 0.0588891879981544 -0.0110067164884414
-0.245677299213722 -0.0234502147274058 0.149779483862559 -0.0166944975895313
-0.153107588399589 -0.0330082793939534 0.182206287075331 0.165162807527355
-0.176643765976052 0.0107873093192403 0.15485440943637 0.0511674358967735
-0.12996100797963 0.0647739538756757 0.0222170513090176 0.0167482327257655
-0.0819926492253516 0.113972771462702 -0.0383902178154454 0.0607246318779171
-0.0249894106350989 0.149029930605821 -0.0203544715528286 0.154301148391675
0.0379549012027436 0.142354218721945 0.0727495345245671 0.180361631233718
0.0833819766972652 0.117907107500476 0.130738394792483 0.148167751114847
0.0912949824854401 0.113929328406511 0.137541616092282 0.126222775213935
0.082816569985218 0.113826235208047 0.121970263179767 0.114483181107778
0.0599724063020953 0.13759380552183 0.0803971323322936 0.103375860005048
-0.00134325518843644 0.14475227654775 0.0287232095374645 0.0886619453251734
-0.0558949568129301 0.112732940778203 -0.00049029450559736 0.0363960989088621
-0.0912274636102653 0.0705700990388109 0.0226734454234316 0.014574874581485
-0.141935883071958 0.0238361445931365 0.0888713828021358 -0.0129305607555706
-0.161099918055818 -0.00187143046990595 0.214122789118595 0.00334111650343943
-0.0594488349637028 0.0141022322537264 0.246671519627721 0.174869096372886
-0.0483363865189446 0.025700905503404 0.197496999671154 0.0455544636260193
-0.0198472868035219 0.0235346854671923 0.0570769424290115 0.0146672701423368
-0.0246871979228301 0.0191242032007828 -0.0273968616869987 0.0526400496438253
-0.0159384153371819 0.0441565217576358 -0.00827770871380733 0.163532530946992
0.00638083742639611 0.0491918586895703 0.0918469496184339 0.201427755626336
0.0275004203293778 0.051886356422413 0.154534352752854 0.178651939159203
0.0333227395547449 0.0560585568870368 0.159501667057907 0.15795060612325
0.0298482882423611 0.0608675733648091 0.136702223435316 0.146804011027143
0.0121155926010605 0.0666039326564845 0.0845086088886465 0.130943684519283
-0.0231714356778532 0.053533158639815 0.0208456091012277 0.107390546476621
-0.0409484081293115 0.0186392768803002 -0.0136102437846037 0.0356484632907905
-0.0149276436620739 0.00506905026517551 0.0235129135034499 0.00654674297397731
-0.0334126106072955 0.0189398786027657 0.103646283735383 -0.00898701663137513
-0.0631426885923194 0.0244228809244473 0.24594498699958 0.0205256522370456
-0.0552869473802916 -0.0130283952206645 -0.241727965690055 0.13197986002714
-0.0634159053189565 0.0167112091912891 -0.104160851151017 0.123091233245623
-0.0205842063516358 0.0505214354050218 -0.0271876277188449 0.0443865666353985
0.0314240044893441 0.0394847444574264 0.0257793302753747 -0.0219608525802892
0.0355286966387383 0.0144590997795466 -0.0501327867971878 -0.0946568715248335
0.0359939176370573 0.00301140417948506 -0.143678266459873 -0.0833969775527723
0.0275544998547596 -0.00797037857202197 -0.2103386689304 -0.0516011888721088
0.0307701609447147 -0.00752305349073217 -0.237860340050654 -0.0385685307518157
0.0360697928534299 -0.00975548681989757 -0.247098057172183 -0.0454290701115683
0.0559655808475107 0.006200931838864 -0.211367908577551 -0.0762999355949063
0.0596378047537669 0.041478795436432 -0.133580378160158 -0.106516101420555
0.0365950887588792 0.0792608237227016 -0.0421746266746635 -0.0532969597332871
-0.0495994590603051 0.0929234002254358 -0.0681850820286118 0.0191131483057795
-0.103788523890375 0.0293472495431348 -0.176045013362239 0.0520417061004259
-0.080556126762854 -0.0135075071263582 -0.318455210344589 0.0252192250371144
-0.13880434469944 0.00592894762705314 -0.227166424137774 0.126139704606986
-0.141654247214473 0.0552406825604483 -0.115141893020813 0.107986387500574
-0.0689086786413552 0.104059208030323 -0.0456468115592411 0.0570770753822299
0.0239957370281344 0.115227437720019 0.0304356032754647 -0.00223354903174514
0.0724859183989674 0.0894861312495152 -0.0318386321369506 -0.0816326817878522
0.104337192485967 0.0540262766707802 -0.116153237967904 -0.081993953253508
0.109608920581359 0.0145333111152669 -0.179762926049113 -0.0592035757531631
0.122475726404333 0.00945078572185009 -0.20480134078706 -0.0407146602089288
0.125316179821201 0.00946530715860776 -0.211808499277721 -0.0356820101299915
0.149510493221243 0.0468335082461503 -0.186628086886475 -0.051943997959535
0.133889744249228 0.118912740900507 -0.122460227918832 -0.0769294121197623
0.0753826994896996 0.178352548825864 -0.0358497196516255 -0.0317497029865002
-0.0723308735774334 0.208739051973157 -0.0544706049606933 0.0398259513067767
-0.199446382957428 0.125493473484607 -0.149142996499666 0.0619186467431267
-0.195240847221119 0.0458895480746811 -0.266475312492306 0.0220310172293298
-0.211217093805181 0.0184250754198997 -0.17479085296073 0.118264652126928
-0.216273621986352 0.0891491138972866 -0.10263873071536 0.0869470207226731
-0.122891424568352 0.15395912461481 -0.060368220967865 0.062321523793911
0.00650155829953975 0.188970994170472 0.0243063397096799 0.0220095136351528
0.0986021046414177 0.165547928307883 -0.0145654572403367 -0.0490372334752447
0.160279384467853 0.106523046379625 -0.0722343219227763 -0.059120079840132
0.177607547898015 0.0397809822120959 -0.120848051043491 -0.0540706187621393
0.194286933978373 0.0251346182566254 -0.140085088951623 -0.0367323363092632
0.193823466261626 0.0235468665275404 -0.145986232367948 -0.0265802101723393
0.222515073478984 0.0707970423500709 -0.133654633720169 -0.0270971605795475
0.200648750160231 0.169607972407613 -0.0905141477444799 -0.0450588520380336
0.122173789702235 0.248469518930703 -0.0227247745946929 -0.0139150971998666
-0.0651777487767676 0.301076618864984 -0.0308610668480548 0.0457937077166573
-0.250927668699616 0.211714169514241 -0.101585762451956 0.0517493892099013
-0.272484045273342 0.105227198191705 -0.180344427752549 -0.000588266500546255
-0.258399781252093 0.0299611495656795 -0.0839585110135841 0.108441625945804
-0.269602670334805 0.12116156434265 -0.058484956532337 0.0594481562583559
-0.164357879503308 0.19917604133321 -0.0611511924935407 0.0589659022658822
-0.0074310792576129 0.250291832809388 0.0130764710528208 0.047829130585106
0.117244528463119 0.225309977376327 0.00516358329637901 0.00380231729428135
0.197924513676482 0.147231288079772 -0.0131586302282211 -0.01650838847303
0.2201834281756 0.0593534043380403 -0.0407779778182307 -0.035271490659914
0.234834870647237 0.0373027787130279 -0.0545634984840308 -0.0262684501228369
0.231449171590769 0.0331028707400976 -0.0608858072913863 -0.0170571122278343
0.261421619816982 0.083164050827345 -0.0599190099377043 -0.00803725046443515
0.238035089665106 0.191473018545517 -0.0418132577826159 -0.0162124835086859
0.15151194736852 0.277198716950603 -0.00427123580900719 -0.00124359704748983
-0.0464450387809373 0.341392375515059 -0.00525642150829836 0.035988135779455
-0.258136221343397 0.259725734751172 -0.0466701525680985 0.0202740943347669
-0.301991067966752 0.146486697890957 -0.0748280881798608 -0.0392067897027112
-0.265771926818923 0.043686953647682 0.03202624102292 0.092451577194705
-0.280482397206335 0.14315661157588 0.0127585245867585 0.0255485144889327
-0.171485188233396 0.222057882930123 -0.043147208097645 0.0474100026102154
-0.0106303563618194 0.271381984112648 0.00515285106383144 0.0708823919392277
0.122741310285883 0.245118557803992 0.0299659898359393 0.064160939578598
0.205623746479382 0.160319676565592 0.0557586153319839 0.034926220102932
0.229144180260002 0.0671427043575299 0.0492235930167538 -0.00840676979022864
0.239878445843721 0.0434959003015789 0.0381890531628117 -0.0124646073887852
0.233084159373213 0.0398902058407568 0.0296481780913186 -0.00810592631879136
0.257435349547111 0.0884203220153666 0.0190440960824746 0.00515478632103442
0.228650657991634 0.188859477799733 0.0121297040890076 0.00752851262246356
0.140133718957802 0.261468227132601 0.0142329076288415 0.00891760187636649
-0.0338952282711293 0.314852128691394 0.0158570099739917 0.0188649054686418
-0.230542800608916 0.252056810720802 0.00284771863314333 -0.0213568389282405
-0.281368391422035 0.158251842107454 0.0298599673465931 -0.083542771925271
-0.227142488076905 0.0556085202867854 0.152110758658422 0.067386265521895
-0.232147950939901 0.142708269914759 0.0906547083009207 -0.0118837485102533
-0.134111171678859 0.199998574863685 -0.00906139717351488 0.0303791139964447
-0.00467381347589205 0.232184031605961 0.00428859908808438 0.0843818000795639
0.107550746859417 0.211231572070585 0.0586563445898234 0.115212485126768
0.178686878644128 0.139569815632396 0.12337202492959 0.0791911976175834
0.200953777107879 0.0602376808981276 0.135725691998836 0.0189440205002593
0.209063064749303 0.0424983008609452 0.124087452591736 0.003263841932473
0.20161963446508 0.043523798549088 0.110510750643448 0.00244977321271812
0.211577443171667 0.0869444861203987 0.0855303290307822 0.0176559780988457
0.17229563638826 0.164736130238159 0.0562118078821867 0.029753593440987
0.0885427352400668 0.208056855414041 0.0247257524979291 0.0185100635788204
-0.0335873869744549 0.231031844440209 0.0276364277539985 0.00446990835367903
-0.176336813200518 0.193854125107874 0.0403382619464105 -0.0557128273748596
-0.22072738140329 0.140224247174812 0.117996194649444 -0.12124925322617
-0.147210283271482 0.0582218547077014 0.251538416629046 0.0326184940526422
-0.136308352233425 0.111397280415964 0.153608960952223 -0.0489921468114726
-0.0676938194508722 0.12974365742309 0.0279536348016196 0.0074783170287502
-0.000318871224330385 0.141219085722872 0.00860138079059617 0.0817344615531302
0.069781665431693 0.135833348422371 0.0834517640481675 0.140842895221027
0.118200545476639 0.0921853644006101 0.175176126596173 0.104112016745778
0.139678948899526 0.0435413900813821 0.202617515778384 0.0385618414994492
0.147322127441514 0.0359246763301665 0.191730009886608 0.0178294009374175
0.142559215481999 0.0417775083636307 0.170563477177988 0.0170220455094493
0.137596974469262 0.07492095056824 0.130523095819038 0.0338331025701942
0.0925143651214334 0.122110639522019 0.0809065892225595 0.052573534083475
0.0236435969561843 0.129905917557295 0.023284896564615 0.0301524032072767
-0.0318927378540948 0.118899157557993 0.0291510968728695 -0.00404550561129255
-0.102966674326515 0.112151847381887 0.0639363754024873 -0.0727909367719511
-0.134463688477909 0.103224876015623 0.181382999391505 -0.143016644118939
-0.0403018418916397 0.0446105562147626 0.311757808011181 -0.00542535537539692
-0.0231571317669283 0.0485820709559673 0.188229121974693 -0.0830632466191962
-0.00192518547412082 0.030929103375913 0.0565850227930556 -0.0210309986511063
-0.00852819739522784 0.0308866740526246 0.0107836433091023 0.0635194030396762
0.0143186528068196 0.0451436250308807 0.0959943718121212 0.14023481987137
0.0357911328368435 0.0364613560433576 0.201645865100907 0.106793677737323
0.054595613225725 0.0241162279695696 0.240355585100523 0.0482809516293731
0.0628180578999871 0.0248582128634389 0.229586605669021 0.0292288252186602
0.0645922061773365 0.0307664512043553 0.204168759632804 0.0335156498231008
0.0537441276010491 0.0462078747790677 0.151598037494633 0.0536600194222594
0.0151797906831985 0.0602438705193963 0.0855209437541668 0.0731914134389774
-0.0225977253132033 0.0422194292504587 0.0117988147800041 0.0385381814060466
-0.00997591321540869 0.0132026700447075 0.0244717925389071 -0.0100928421308437
-0.0155800633915132 0.0368452796531846 0.0788233230104952 -0.0761972416058491
-0.033518707324049 0.0625554331884587 0.214824293983153 -0.14664358987962
-0.0574729736307389 -0.0109422608769925 -0.245085468367784 0.145930865272784
-0.0644534924506083 0.0200270264072348 -0.10207056505537 0.13179406911189
-0.0197511158630035 0.0521161369292298 -0.0270222687798836 0.0477680159579033
0.0337782947529557 0.0385502842577122 0.0261814527380483 -0.0247197492949024
0.0368360329733544 0.0129711335915638 -0.0557919177744159 -0.0964696675039633
0.0370286194346391 0.000629086949046006 -0.15162017599906 -0.0794605131872329
0.028299173907765 -0.0097240982815028 -0.218489929163412 -0.0436816190430358
0.0314927625163708 -0.00980991947831121 -0.249509784443987 -0.0293541253982924
0.0365350977883153 -0.0114176481887731 -0.257413187204755 -0.0346101827866348
0.0584143488937701 0.00351734319853719 -0.2223132388164 -0.0692876982271572
0.0644343305674541 0.0392712557803503 -0.14393976143563 -0.103788586200902
0.0421769997987728 0.0797981379584091 -0.0456464932709255 -0.053946905854052
-0.0465552262698168 0.0991449837529021 -0.0714573099968925 0.0211380235100925
-0.105674648177529 0.0359521585852007 -0.181175486717313 0.0608983824064555
-0.0834709409419114 -0.0120322991426003 -0.328384329733306 0.0389983046239737
-0.144262881456594 0.0102230512909848 -0.229967744626693 0.139731892097373
-0.14402929957146 0.0636941712369525 -0.113824597222316 0.115896281240163
-0.0679707647675294 0.109560449514343 -0.0451951730272468 0.0617734532533526
0.0295533554456781 0.116657750890621 0.0322081443030393 -0.00488887747174546
0.0791062411389687 0.0885758276735145 -0.036090578618614 -0.083025822034559
0.110334711335649 0.0502298977356043 -0.12321507308795 -0.0794160847309561
0.113747760832435 0.00925247347124167 -0.188770602286172 -0.0530579837367162
0.127331829467602 0.00428632996280364 -0.214241918582687 -0.0336158187984801
0.129807994049637 0.00480139145092244 -0.221582140295361 -0.0281133840499604
0.156693402373902 0.0415941892489477 -0.194973797403635 -0.0452861826579484
0.144941027590564 0.116326595552605 -0.130944063167903 -0.0735217703006784
0.0863969626369865 0.181374570156727 -0.038462273883336 -0.0311710742893342
-0.0656682108887699 0.220074290886711 -0.0563041663733364 0.0425471442797751
-0.201332606939873 0.139766393401603 -0.151741045908904 0.0699436808166401
-0.200255763437207 0.0538254865598337 -0.275016150530044 0.0343280757093706
-0.219239940938633 0.0258783280898169 -0.174852618112516 0.128827129487144
-0.219688793450476 0.101762959000297 -0.10155518278479 0.0927959738792452
-0.122871742057679 0.162997138842457 -0.0611002322905704 0.0689289520726722
0.0143308559672085 0.194855885195454 0.026915734577772 0.020584399751357
0.10977128464252 0.166823049014698 -0.0167842254934317 -0.0486325726306229
0.171681377321789 0.102873408852222 -0.0760994772858303 -0.0583839690721446
0.185055020730904 0.0334007827516753 -0.12853056386559 -0.0503268948936218
0.202336910929084 0.0176287601318339 -0.147148781302848 -0.0327827989448265
0.201950433682357 0.016181477528467 -0.15276522898287 -0.0206094896136291
0.234445552865332 0.0641716512630314 -0.138357934671872 -0.0216350736645118
0.216811425308527 0.165880312720378 -0.0965110683600561 -0.0418204715934201
0.137470314480325 0.251908556397518 -0.0239126778076684 -0.0130927527213628
-0.0548634176460432 0.314448477680454 -0.0315465214222346 0.0476131325714384
-0.251929766183378 0.232204847901473 -0.102677238659007 0.0568603109630452
-0.278090529076298 0.117503574406343 -0.186733415209733 0.00803699279975187
-0.26779410832804 0.038772149127893 -0.0820262240192685 0.114624062080076
-0.274485929160068 0.137329201579708 -0.0571336558078604 0.0625381060830459
-0.1640367220425 0.212086862423884 -0.062031747876864 0.0660390386018424
0.0023303880025725 0.259201596672974 0.0164689488765411 0.0478049988672305
0.132248772624693 0.227661326045301 0.00631308868256804 0.00490994878341303
0.21226825705404 0.143374320497755 -0.0128503108781339 -0.0170707618743719
0.230268183372816 0.0523462418156993 -0.046120511209975 -0.0350603627029335
0.244902501541107 0.0287135761763428 -0.0581111898037893 -0.0257584996329222
0.240900214361646 0.0236377726262644 -0.0643278880884775 -0.014567453315828
0.275125477654974 0.0744741252714082 -0.0605774883746415 -0.00533756070841168
0.256149221675794 0.187412356523293 -0.044342291487689 -0.0142205678270487
0.168985853419339 0.28026602551309 -0.00430583484898387 0.000216130551673181
-0.0337328556527676 0.355903311183386 -0.00408632630219923 0.0366551381665423
-0.258033529990509 0.282550033972334 -0.04658712589244 0.0214917586734335
-0.306065957906594 0.161087375224964 -0.0803729718116672 -0.0368446330503734
-0.275806272956928 0.0531365656114043 0.0379035207723888 0.0935020237668221
-0.285460377082833 0.160844146029547 0.0153153751713826 0.024359263529884
-0.170825457111166 0.236388312266425 -0.0436347472146451 0.0532930921150041
9.56667324869299E-05 0.281643663438329 0.00889601145019589 0.0728324093535548
0.138766471677347 0.249313567042542 0.0351372361372528 0.0669221923971186
0.221756014617631 0.157254307400084 0.0609467262652099 0.0331072981823446
0.240257688663443 0.0601914003377176 0.048234525862919 -0.0104415276981875
0.250370852357708 0.034471204483455 0.038668798755427 -0.0141641443398564
0.24363860345817 0.0307152438494336 0.0301093672444597 -0.00950167005472102
0.270721471300111 0.079764124863237 0.0214302297419064 0.00442076152879997
0.245928975024402 0.184553529993674 0.0135366704454013 0.00827771834666147
0.156769584536464 0.264106854589566 0.0150881498280428 0.00965817532329618
-0.0215238424233204 0.327059900955859 0.0170934635919969 0.018289380387437
-0.228664900592466 0.272780021193903 0.00377431548193492 -0.0235083428843561
-0.284685726047762 0.173087067577334 0.0255006866427837 -0.0866683761339049
-0.235630200968818 0.0645565135066267 0.161770796838217 0.0635157906776778
-0.235410499047443 0.158699433160814 0.0944666383871031 -0.01782818847545
-0.132343092344398 0.212481406679229 -0.0089706780384901 0.0334182866987251
0.00454531759893368 0.240653607757819 0.00900494373053715 0.0870193907037954
0.121790290871772 0.213954212262965 0.0669068171555054 0.118621536067211
0.192738443740128 0.137252603560022 0.13221586248871 0.0761784555344309
0.211238857650897 0.054436749132247 0.13791529514538 0.0135818986403533
0.218204211030319 0.0343039414936964 0.129022239933351 -0.00174460049030932
0.210649067570118 0.0358469896963557 0.114735484433085 -0.00113986780042031
0.223834685253553 0.0797506984522002 0.0907295996777618 0.0147424703318839
0.186827444205583 0.162628058219334 0.0597715057000208 0.0286737296815622
0.100085206136547 0.211366269553965 0.0270556230514421 0.0198413956279706
-0.0258472952767413 0.239298190351601 0.0296770569048134 0.00277448104223973
-0.175285462128397 0.209513576039301 0.0403849283651344 -0.0599188546504087
-0.222659645897186 0.152345219058017 0.115304206614081 -0.128695515301975
-0.151236409610736 0.0646910568435931 0.263373787278036 0.0239639695913961
-0.136936947212153 0.122029017044496 0.157666467584922 -0.0582413045407847
-0.0658062862597708 0.137298444245989 0.0294822168971543 0.00815638530157678
0.0055584962396797 0.146277660213972 0.0129462003853181 0.0847129050980789
0.0789644313741208 0.137967451507217 0.0937513326359489 0.144228473716104
0.127459805013035 0.0913327601472836 0.186722160085283 0.10029035536896
0.14672938749073 0.0397301205215082 0.209311981158231 0.0317598761498521
0.15371949012216 0.0306231646433376 0.199209465687541 0.0101323032003505
0.148622363083662 0.036505027611308 0.178059624366957 0.0106896014577199
0.146655157030293 0.0706126020658262 0.136695641442844 0.0297136585750427
0.101141695272273 0.121774094847016 0.086072315659816 0.0508381983999353
0.0293181265685575 0.133829497709125 0.0254739642973359 0.0317045700136333
-0.0284164028142542 0.123415673381575 0.0314858943112944 -0.00544877753704296
-0.102118638046876 0.121210544976945 0.0645654039177427 -0.0788554598929787
-0.133536741714353 0.111544530234922 0.178898125920281 -0.154561700833097
-0.0406503220773903 0.0467824700432092 0.32283451627702 -0.0166961455462002
-0.0220592611648587 0.0511411432676508 0.191153047076875 -0.0942243564558844
-0.000971773976722709 0.0314499562638608 0.0576617062428657 -0.0236917287943103
-0.00745192650284996 0.0327786600812565 0.0142282909722759 0.0665168538220623
0.0171117365605735 0.0465556257736235 0.107770124466537 0.142181513123636
0.0390931163065681 0.0371004521355841 0.213517337864573 0.10130343203325
0.0577359147619265 0.0233061439564915 0.249257909032986 0.040018153988671
0.067101540039208 0.0227973160562303 0.239680977674903 0.0205980397048432
0.0681545220573554 0.028421468115561 0.212773765646296 0.026580372406753
0.0577187647317084 0.0448446190682349 0.159212436688154 0.0487638915548837
0.0184132525329539 0.0618817774550018 0.0914056496668809 0.0709556585414952
-0.0217532332286055 0.0448910723613085 0.0139611270043521 0.0398084047794176
-0.0108086955236134 0.0127615223538786 0.0265912355279727 -0.0114189869951479
-0.0143219497072976 0.0387504427803625 0.0786639229112759 -0.0827208792323682
-0.0319588982134005 0.0661030042054992 0.214233958013372 -0.160554351984138
-0.058546806772753 -0.00729793856166454 -0.239862427969236 0.163652401876757
-0.0641645738578031 0.0243341292354612 -0.093922993932812 0.140040537682705
-0.0174805179855665 0.0537696619295794 -0.0243364496415373 0.0503745921307689
0.0364705091917211 0.0361391964341972 0.0247670028964251 -0.0283137386415192
0.0377137725193087 0.00982851077084623 -0.0629981263100978 -0.0942776663913251
0.0375382629222536 -0.00303890126298439 -0.157885808312522 -0.0703599879764786
0.0277286718230666 -0.0123307112332757 -0.22400480243732 -0.0304881143601628
0.0316856492617437 -0.011655064432251 -0.255214326969259 -0.0137532937757932
0.0360740786277488 -0.0134635878658011 -0.26446738480949 -0.0189885773653223
0.059343707756616 -0.000250462180499275 -0.229439823546846 -0.0546558244449721
0.0683871747324408 0.0347688502026578 -0.15357912070367 -0.0947688713909416
0.0485788680681504 0.0778161339024568 -0.0503287673774953 -0.0522349050493866
-0.0404127201856797 0.104473743730876 -0.0733902540060964 0.0255366989817102
-0.105164779151296 0.0438714256100781 -0.181110793924808 0.0740428502427217
-0.0848513857137091 -0.00823517609321261 -0.328925245446294 0.0601070157001806
-0.146425886314187 0.0188843786453783 -0.224819136394578 0.155382013673002
-0.141488666004935 0.0739388601462996 -0.106846810374676 0.124639217511269
-0.0634399946605538 0.114423939970723 -0.0422200698341295 0.0665622860310996
0.0368790074588725 0.115650227590408 0.0321881018238657 -0.00832663690240698
0.0851511483567474 0.0838580889020473 -0.0420985880058164 -0.0815112252291995
0.115324672930503 0.0422968637196791 -0.128809501597051 -0.072582373675804
0.115544708049928 0.00236129682631805 -0.194554297216621 -0.0410051365235953
0.129065441581345 -0.00398970330234192 -0.220200226872661 -0.0200097513810443
0.13179737422203 -0.00290388994735144 -0.22691104487041 -0.0130715118630462
0.161529913645536 0.031866257860666 -0.200105677144997 -0.032233097597321
0.155592462515392 0.107860012046874 -0.137985129083372 -0.0652786718470064
0.10023240596266 0.177791286802608 -0.0411089334796444 -0.0293717804105134
-0.0525971577877958 0.228132597401423 -0.0558846092070251 0.0457858160726499
-0.195890223023026 0.15597944840183 -0.150737392292475 0.0798338775903813
-0.199514941664816 0.0648615930460052 -0.276094703114689 0.0527253993393669
-0.222297862423193 0.0381356347643227 -0.16967484878171 0.140938776907009
-0.216588903546154 0.117644094399691 -0.0963730406485101 0.0994853579794417
-0.116029045026454 0.172640749364524 -0.058198849732776 0.0754906916784743
0.0264498680193114 0.196031396343522 0.0288804123122596 0.0175795866213197
0.122394005664161 0.161403813379182 -0.0195335210700819 -0.0479548609722766
0.181049863079722 0.0923626503215536 -0.0796481981005719 -0.0539458652347845
0.189403605529135 0.0223024840383841 -0.134695758855327 -0.0423376892308125
0.20652888556418 0.00467618810894248 -0.151927327001767 -0.0237610178135942
0.205555936094825 0.00408909839611621 -0.156647705053986 -0.01015526143895
0.242757215335009 0.0495778566880316 -0.140016309971465 -0.0119785493678148
0.232065619703265 0.153329342159993 -0.100697190083155 -0.0348358574307982
0.156496668035547 0.245956950268243 -0.0250018007228794 -0.0115358145227378
-0.0353507482549507 0.323629597277976 -0.0303912616503988 0.0496481804686929
-0.241258207491529 0.253446319962599 -0.100715771984665 0.0639614269587244
-0.274238643136863 0.134499894676142 -0.188948447925769 0.0205882080572821
-0.271702380034344 0.0544275328538382 -0.0754230878000802 0.120131341495224
-0.270197938371395 0.157977846499848 -0.0530660282914995 0.0651891690638757
-0.154639971625497 0.224664655248108 -0.0593265098865574 0.072659497490847
0.0183461207145797 0.262580173727514 0.0201921449252133 0.0458182671675432
0.149355126582403 0.22263652511153 0.00774539194746578 0.00537167150861414
0.225880484306266 0.130796860465165 -0.0127257400781908 -0.0166447488406163
0.236696225070826 0.0385912115863172 -0.0506774618705101 -0.0316274533328659
0.250630858195244 0.0125415853239818 -0.0613271841745462 -0.022620245504195
0.246221411205203 0.00946891007170577 -0.0656254320881175 -0.0104842572962997
0.284761150663592 0.0569452610488318 -0.0603705501646898 -0.00124690894202489
0.273877349771927 0.172645013782212 -0.0455402153455942 -0.0103482278235325
0.190320715488444 0.273413283494676 -0.00319178730112741 0.00108197595241389
-0.0122133606632533 0.363622897848179 -0.00246645762421802 0.0364385131157063
-0.244621459668188 0.306567247227507 -0.0451852196153421 0.0233856065104316
-0.300356630753375 0.180564630802415 -0.0847754589196451 -0.0309291209530375
-0.27960216875051 0.0691864712319695 0.0452309051574334 0.0916628928628843
-0.280161987117077 0.182729579977912 0.0176391196807263 0.0215401008374759
-0.160287838727691 0.250548936596241 -0.0410938342566432 0.0585794690292059
0.0180999629395733 0.285875742493592 0.0141159407209298 0.0719673281786639
0.157495047221889 0.243488087222438 0.0413495914572171 0.0666291531911131
0.236654906300787 0.145811356078799 0.0655807241366996 0.0293507531521899
0.247708220717455 0.0462153556251606 0.0455087748459017 -0.01342993551836
0.25665496329379 0.0187008731975296 0.0385037717311812 -0.0176097981549619
0.24912996424809 0.0161521132676478 0.0307895296709651 -0.0110601736157546
0.280944176837166 0.0628332638625371 0.0227343131081687 0.00335731061665153
0.263128288163638 0.171135154122183 0.0143084978007465 0.00853259611885638
0.175770647566101 0.258005784961558 0.0173327669925722 0.00979403139042413
-0.00211634396773498 0.33317487994429 0.0187350622455898 0.0166006325457231
-0.21527563679403 0.294639089165469 0.0028515989532561 -0.0256861777365312
-0.277990766476704 0.191174489889747 0.0192518688560315 -0.0877075857619102
-0.237530874285946 0.0782420727860311 0.168779480249607 0.0529383958708692
-0.228771054199624 0.17724457288312 0.0950335836905459 -0.0256123893737131
-0.1223927188446 0.222934459633197 -0.00661442485969453 0.0370437302739172
0.0200932547691984 0.244194963245934 0.0146979908092342 0.0877815618144496
0.13809852596273 0.210293983659666 0.0776158116559655 0.117627162494345
0.206581543240501 0.126750618695864 0.140478056756256 0.0681618036190547
0.21826090509404 0.0427772691366294 0.138749674154903 0.00619650259345002
0.2237974760614 0.0212116573105901 0.131189545315522 -0.00983819439702438
0.215379858319118 0.0233116260810352 0.117184710967535 -0.00878834511751607
0.232890502807745 0.0656077301319377 0.0937224275494245 0.00804155233941593
0.200441214630089 0.152844137828013 0.0631898904721939 0.0257723359087312
0.11544018505217 0.207289695104826 0.0294074065907973 0.0198311793137343
-0.0118089552298836 0.243666335164484 0.0313163864345382 4.80752549476073E-05
-0.165162737141977 0.225589371085723 0.0386182991654457 -0.0646100014632377
-0.215395435295342 0.166650003571919 0.106427180403273 -0.136765688742088
-0.151471694394703 0.0737652591686267 0.26980858180909 0.00739858650315856
-0.131333287189725 0.132610567344275 0.156075580080804 -0.0704878175854339
-0.0590626079647453 0.142429774785961 0.0307640596158965 0.00813309856740598
0.0150567370611999 0.148896783150242 0.0194332461043443 0.0854548366024096
0.0897128203841194 0.135019489221962 0.105674635886553 0.140987078508404
0.137107533151151 0.0849761006203963 0.1967652122729 0.0886998060350777
0.151591899605121 0.0319677036503982 0.212133570960375 0.0196490110275662
0.158153097876766 0.0214132935432396 0.203329088930195 -0.00224205068710808
0.153443034639617 0.0273802008032816 0.181198230615462 -0.000186260633620389
0.153491364048143 0.0613570696980623 0.141373868325817 0.0209123266084298
0.110460706004808 0.117391101350628 0.0903644432045388 0.046099293132876
0.0383735354371951 0.133674663366261 0.0286601709968384 0.0320455169372043
-0.0219564822702254 0.125944379109229 0.0328875303978507 -0.00885059487867006
-0.0959446732216485 0.130305364493817 0.0612872615588677 -0.0853323396568367
-0.128439492496545 0.120719784122771 0.1692664728559 -0.166707948842891
-0.039802000036837 0.0491490638528651 0.328012577796485 -0.0372254444794201
-0.0193918587258591 0.0538806279618431 0.187380589378812 -0.107564904555544
0.000574143851950217 0.0314965297744702 0.0579655054050193 -0.0265728898563426
-0.00567967903638099 0.0340085809497482 0.0195594765501919 0.0673871599238672
0.0210195887555282 0.0462186300458238 0.119704816397361 0.138202710531956
0.0430436165173501 0.0358873358903252 0.223550459077038 0.088502033865003
0.0601662260634183 0.0201388082210232 0.254420995012676 0.0247033625551552
0.0693869114111078 0.0187411443939796 0.24521514154868 0.0062611749327865
0.0711402203899558 0.0239952003955884 0.21791985151982 0.0142316687236194
0.0614576988306888 0.0415258204552932 0.164137435681089 0.0388781787221376
0.0228979554189687 0.0624091173642561 0.0971896110971534 0.0658017124713829
-0.0199103507084365 0.0473322528452977 0.0170453032354705 0.0403993702689993
-0.0111540051010153 0.0133841586903193 0.0279294697049775 -0.0139788767446683
-0.0123057255047147 0.040751462171563 0.0755667320834313 -0.0898913394023501
-0.0273466516618491 0.069068204929207 0.205096227750767 -0.174541726446453
-0.0582247125013292 -0.0038275240344092 -0.226094724334952 0.176106234091478
-0.0614370186251917 0.0281458201274878 -0.0823447619802865 0.143603057143071
-0.0148286736385997 0.0539048942867327 -0.0205644637100562 0.0522225360216555
0.0377276060554143 0.0326015673891518 0.0223474407560817 -0.0302536570074528
0.0370927901734637 0.0072992236640349 -0.068434162343974 -0.08877245940947
0.0358060797112128 -0.00638884598169541 -0.159910174534464 -0.0594793635938061
0.0256192950910559 -0.0142223183579818 -0.221334083147008 -0.0150842537323332
0.0299090990557461 -0.01344194966655 -0.253804682351557 0.00273163668601551
0.0345378165090237 -0.0149513815464192 -0.262236269577275 -0.000905931276941
0.0583909111222466 -0.0042928382514941 -0.230254039464463 -0.0386932424915942
0.0702665915716697 0.0287999316809966 -0.157633758472262 -0.0825651391856006
0.0536373852617517 0.0731663947258762 -0.052625018482358 -0.0490296467085001
-0.0329876093376347 0.105879482822607 -0.0728507382751864 0.0295271705970177
-0.100703592355733 0.0503245642443715 -0.174729628790491 0.0846094286510505
-0.0844881082589006 -0.00447328297612347 -0.319281726584331 0.0789180060326816
-0.144367949749522 0.0266846835948941 -0.212422151245577 0.166588678926277
-0.135125966978637 0.0825510737632143 -0.0965160517283793 0.128645235913353
-0.0570441715508831 0.116993892679383 -0.0380241204063718 0.0701535832825049
0.0434444327503644 0.110899852093426 0.0310704564073808 -0.0120297547365838
0.0894714070268473 0.0771517308339094 -0.0466568547795342 -0.0773769811686747
0.115773636571806 0.0329648365651644 -0.131049643687397 -0.0634056517558466
0.113783301635562 -0.00498426014495518 -0.194970815160128 -0.0275618676639914
0.126832147440917 -0.012281931555975 -0.220351793462664 -0.00564025190496378
0.12969526250515 -0.0105149026447239 -0.225170771169857 0.00166446147883127
0.162008464630889 0.0208862409762328 -0.199043488000878 -0.0181296721034531
0.161075662308475 0.0950725242142996 -0.139903464467835 -0.0545481005198765
0.110367431347374 0.168725766569776 -0.042008650250743 -0.0267634257962479
-0.0376449531449682 0.229124683391008 -0.0542231505016323 0.0481984274403712
-0.182815618710656 0.168091567717951 -0.143750456540515 0.0889300145354138
-0.193136792644877 0.074319810635473 -0.26794266306142 0.0690465537656447
-0.219160116154155 0.0501457688232415 -0.158543495971946 0.148270359173884
-0.206118152233169 0.130304697371761 -0.0878650944913204 0.102526749214578
-0.105441753925222 0.177375036638077 -0.0528604026212117 0.0803128829789481
0.0382841153425555 0.191322800983356 0.0289734273959393 0.0135506978867089
0.131698222051592 0.150889231367908 -0.021602863746725 -0.0453000372064773
0.185447610936548 0.0778494021061732 -0.0814398290487804 -0.0485118354966321
0.188426726415569 0.0104824782091348 -0.136674411779121 -0.0323600659271167
0.204027928020532 -0.00860526909034732 -0.152605526192006 -0.0144673386863302
0.203694897062159 -0.00857618389395098 -0.155392826121586 -0.000121792606607084
0.242859256414413 0.0328094904145049 -0.138090020740523 -0.00339318265755092
0.240352762651412 0.135804193187477 -0.101715755850448 -0.0271084699145694
0.17092481558588 0.23257249134615 -0.0242157818819418 -0.00952991863703746
-0.0150504761997128 0.322905405074364 -0.0277157503126323 0.0500944038002526
-0.221980760851161 0.268145920680982 -0.0953347043347087 0.0684014613975166
-0.263759250104202 0.146789518938457 -0.184546213310754 0.0327367811323941
-0.268294838456948 0.069773574491414 -0.0667049461868858 0.121836201669842
-0.256980573645623 0.173856084323781 -0.0479881690950202 0.0651156317381549
-0.140990527754146 0.23167856507133 -0.0539064348849562 0.0781668478488646
0.0346016391134887 0.257944863962855 0.02251346211417 0.0421343109875119
0.162616723566359 0.209877497086521 0.00882569938564761 0.00561163239785187
0.23270744913196 0.113822229203948 -0.0125790773882969 -0.0165773891413989
0.236563775944174 0.0244438226684541 -0.0539520794614256 -0.0267684974752414
0.248503037700551 -0.00372541402500978 -0.0621794819552831 -0.0188849093859563
0.244096911970404 -0.00557978432755944 -0.0649506148649545 -0.00625322776809483
0.2859323336945 0.0378073210475217 -0.0582392600003676 0.00231138386377127
0.283497055749836 0.151836607460093 -0.0455835647862107 -0.00624907037641527
0.206239754269102 0.257440750741672 -0.0022689972716493 0.00169278412837744
0.0116340251300472 0.36028830330905 -0.000675851698335802 0.035075005605799
-0.221840862817544 0.320563237966897 -0.0424882095761429 0.0250401686481433
-0.286129591490534 0.193679945356151 -0.0860774064816896 -0.023923002883051
-0.275046074797832 0.0847954074307025 0.0504053972425336 0.086029247391695
-0.264013066214854 0.200278623289748 0.0184703736714142 0.0181712116893959
-0.144615083443533 0.256581731853558 -0.035928829199565 0.0629251899877485
0.0352018154579619 0.28181278487465 0.0181211899944966 0.068890751441101
0.17263017556417 0.230338673613996 0.0462299840019152 0.0644492304308341
0.244889328519954 0.127874775703077 0.0680076603902905 0.0234184355969472
0.248309158782387 0.0308003244045548 0.042258933421739 -0.0142373495037287
0.255234467405033 0.00224593975134214 0.0366540530348149 -0.0198627335292092
0.24719420623241 0.00103964513795776 0.0300224624317333 -0.0130348307881401
0.282528985848533 0.0431268901264459 0.0244858221397747 0.0008017669650056
0.271975532376613 0.151663895568221 0.01461117228729 0.00852226100383665
0.190058895570972 0.242959309100729 0.0189154967882801 0.00920756251613255
0.0187734869352465 0.329578196262132 0.0201478216792575 0.0133840067625593
-0.193859597956202 0.306072521753838 0.00224711151911061 -0.0272410975445603
-0.262525059665511 0.202736982163175 0.0126761484564014 -0.0862317214878117
-0.231954175254881 0.0910325665587565 0.17095256863878 0.041382870369731
-0.215114524276769 0.190814977771599 0.0913861240668727 -0.0330481463383892
-0.109420133479176 0.227589986607153 -0.00409760494176823 0.0387759993390107
0.0349845796552116 0.240519767775467 0.0197331376668158 0.0845673667534736
0.151212663571714 0.198536654847454 0.0854644519011663 0.112514863246933
0.213513921447845 0.111894925515665 0.144146824021846 0.0579211647683372
0.218717974204631 0.0293718895176578 0.135137419361417 -0.00140435116763052
0.223421342232044 0.00616277790305771 0.129235265126072 -0.0186103737710873
0.214163336203066 0.00900026090052276 0.115418838845212 -0.0160043663046233
0.234577537879713 0.049792299017359 0.0942185901403429 0.00165349199541106
0.208559763476954 0.137455582467404 0.0640792801504473 0.0219521530821347
0.126789650693174 0.196860114729988 0.0317653982442967 0.0188419395431184
0.00364448270577618 0.241267387454248 0.0314092347189057 -0.00416560271423893
-0.147850791750696 0.234566817336478 0.0339319765787281 -0.067911442934376
-0.202570259392252 0.174724279293276 0.0957061927061868 -0.138909569881441
-0.146867800809221 0.081353051601807 0.267607772198672 -0.00964431150054931
-0.121026679898776 0.140861255368877 0.148548596764149 -0.0802486968309013
-0.0506406498583819 0.144265105834626 0.0317471274257219 0.00745452333728804
0.0238995572065251 0.145837667604629 0.024615932648447 0.0828145919094809
0.098585893114864 0.127593243310178 0.115795208394723 0.134598451991906
0.142205593609955 0.0753749855641783 0.200812950990438 0.0746564767605075
0.152744631308375 0.0222074234714052 0.209495153627586 0.00693249596641899
0.158355001095213 0.0107902249520834 0.201459795933881 -0.0154582795536651
0.153187325593483 0.0170007279910701 0.179409441563514 -0.0116156260569306
0.156058288390849 0.0497575581752927 0.141203692419527 0.0112360788210823
0.117453379331817 0.108112185744812 0.0924181777779106 0.0401444687104433
0.0460544434841784 0.129398615779829 0.0314388476377723 0.0301071552212042
-0.0145758792016534 0.12523454940505 0.0328628288674888 -0.0123306803672122
-0.0863731142664976 0.135711075596368 0.0551514548139862 -0.0889516830011654
-0.118758623123412 0.1251796972371 0.155306435923953 -0.171699854565541
-0.0368004063395817 0.0505147890637809 0.321767730331628 -0.056415285097395
-0.0157746197062145 0.0548829228276512 0.177330364205459 -0.117630972491596
0.00213479873880035 0.0305078073106851 0.0565059286577208 -0.0295341583070897
-0.00354865004403122 0.0340687802580132 0.024468814808601 0.0662306251127646
0.0244828285691598 0.0443272064691571 0.128719004770763 0.129845840692934
0.0458640769422589 0.0332821736357221 0.226936144849378 0.0726648461944981
0.0615122153827057 0.0167361951754867 0.251935679289772 0.00942025724968404
0.070341066279257 0.0137915447399705 0.244073789196682 -0.00966319490589214
0.0721374306729277 0.0189938243505609 0.216512684156324 -0.000611759689029586
0.0631658078110214 0.0366931917707036 0.163596739833995 0.0274480569919243
0.0265474736971018 0.0603777336959041 0.0996619884894378 0.0586385322391247
-0.0169240299216609 0.0486689901867026 0.0199749659298262 0.0393097788361386
-0.0112129746536203 0.0137075026675173 0.0278097145969572 -0.0167920100548103
-0.00936932737925864 0.0415184941663365 0.0683366384409369 -0.0943128854361392
-0.0224549120311404 0.0698987097434243 0.189615616019089 -0.182770211831378
-0.0564842179248649 -0.00153487443411691 -0.211325155172479 0.180235576205904
-0.0586199438642072 0.0300672748074087 -0.0715783863009796 0.141507288998204
-0.0122083393338398 0.0530726087461875 -0.0179172493576628 0.0522770894386362
0.0379826078815204 0.029520431994192 0.0197856104345541 -0.031683276118501
0.0357427099986176 0.00500127462292505 -0.0708284597222931 -0.0819552341817323
0.0331913247854633 -0.0085684757483057 -0.157417750636509 -0.0500426035974703
0.0238482426016783 -0.0147041762430095 -0.214312611219797 -0.00467043554010931
0.0281713385235149 -0.0136850709304438 -0.246398050416119 0.0142096093010711
0.0321479166585199 -0.0154018226945037 -0.254082362646559 0.011811153287711
0.0558523898953206 -0.00681637372857843 -0.224808392057924 -0.0271122938680851
0.069261758781642 0.0239491646607483 -0.157099776720882 -0.0725320765090538
0.0552875346127679 0.0676834842549749 -0.0535606627897466 -0.0460581001370885
-0.0267926275151263 0.104497843995692 -0.0707282112435514 0.0323927899990334
-0.0947630495474916 0.0530564405821814 -0.165262415664359 0.0904777189302088
-0.0822111384217676 -0.001227354733518 -0.304319125149027 0.0892892149947248
-0.13928854344322 0.032158226703233 -0.197734093452027 0.170323671822815
-0.126567744288802 0.0860942594748056 -0.0861784239266879 0.127632764171133
-0.0512031126693516 0.115842779088165 -0.0330776762233648 0.0709188507256324
0.046152758972661 0.104967378579796 0.0287003835336061 -0.0139811847144946
0.0897122848099202 0.0701071936706028 -0.0490781732581151 -0.0725349909828906
0.113744625831251 0.0259650230852585 -0.129755371718093 -0.0555309894252867
0.109955167603232 -0.00967197257556557 -0.189564064145214 -0.0175629541108252
0.122462083984512 -0.0177315806743724 -0.214209223178423 0.00415108172142838
0.124873520594885 -0.0152021091299411 -0.217886130694388 0.0125060166520474
0.15761146514165 0.0128661021818456 -0.192759218207566 -0.00839239378978471
0.161598841195742 0.0848628914418675 -0.138124498634511 -0.0451050823253945
0.114696384399054 0.158491813642614 -0.0414672206814582 -0.0247845267722659
-0.0259877942320036 0.224873447057944 -0.0525233622243645 0.048969746379084
-0.169910129088281 0.172313241075477 -0.135501966734061 0.0916990609730003
-0.184622773235518 0.0783602952021037 -0.255704705535661 0.0778742184480107
-0.21172406326751 0.058262293252954 -0.147165303808942 0.14919049346032
-0.193429947470211 0.136162763233613 -0.0808292276858908 0.101323976337401
-0.0961615909715932 0.176496668457602 -0.0472115948578864 0.0820107722279874
0.0446588903179609 0.182934739343023 0.027950089136957 0.0104769613810805
0.13414963890412 0.139986373885088 -0.0227935314997407 -0.04218613122858
0.183203438561839 0.0662476760982807 -0.0802181831041852 -0.0440959820502028
0.183218623989836 0.00242537255045666 -0.134173213599633 -0.023764719075314
0.197445962214825 -0.0176378396975155 -0.149410184335824 -0.00697870341196383
0.196529265316813 -0.0163079537648576 -0.150636846078759 0.00696516328471523
0.237080713384286 0.021010294926224 -0.132877010475195 0.00311953175525288
0.24020411057502 0.120163241669965 -0.0994746786902053 -0.0205958057228868
0.176390469731382 0.21817194571192 -0.0227480066854047 -0.00819434470236166
5.12070047602202E-05 0.314611578673392 -0.0255525270498589 0.0487835452800201
-0.202808868089935 0.271589621559919 -0.088905700541769 0.0696959421080467
-0.249744023696573 0.151282007528284 -0.176970729926 0.0395454909274172
-0.259378678832449 0.0784308350546455 -0.0595727079815582 0.119793016515871
-0.240320823301765 0.181234073026105 -0.0440758730149438 0.0634731309809946
-0.1288930988456 0.231092820209642 -0.0478140617498706 0.08054669208403
0.0435346430649144 0.248364695153179 0.0223000536324967 0.0379913330016972
0.167744386137891 0.195924687490288 0.00974274778507879 0.0058009439312833
0.231553164190954 0.099275986133159 -0.011597941829515 -0.0168981143530741
0.230548838474938 0.0134775804918659 -0.0540031400672621 -0.0222898260544672
0.241150506704505 -0.0144296114327517 -0.0623083383737634 -0.0157279002691466
0.23657205374804 -0.0152831917341959 -0.0632747647870332 -0.00316626550187149
0.279725356061486 0.0232795363489191 -0.0552149374528415 0.00407887789755223
0.283226903547308 0.134470968269638 -0.0440837951774707 -0.00235255611449869
0.210599640607031 0.239805250022967 -0.00112262764458293 0.00175955109787215
0.0273914256936468 0.349737555688276 0.00019014948614164 0.0327898400138713
-0.200103027373625 0.322642038848945 -0.0396507406547292 0.0237938589437962
-0.269693286938547 0.197537931989269 -0.0837994930051452 -0.0186674591423641
-0.265686007338398 0.0936989472113287 0.0529910467599446 0.0796088389055764
-0.246803044166555 0.206924435521476 0.0179738919486208 0.0147734819883456
-0.132013635926622 0.256442604596168 -0.0312233769838419 0.0648288488584302
0.0454593588133426 0.271379307089721 0.0196177998039443 0.0644593478559834
0.17799850731505 0.215381246856616 0.0499141013457457 0.0614227371824686
0.244712566962973 0.112306919931025 0.0681149232621135 0.0185353243347898
0.242658937645879 0.0197879502185667 0.0396487505623106 -0.0142925357711365
0.247374043995937 -0.00985856500587425 0.0338770144304523 -0.0212567812759805
0.240168303342749 -0.00911547305571809 0.0289263489352751 -0.0145209633229793
0.276010660036727 0.0283312201642302 0.0249097359043765 -0.000829180071345657
0.272593503807121 0.13353189816186 0.0154545745526995 0.00800629389062756
0.194605640243276 0.226705693205773 0.0201917989079986 0.00899170874449719
0.0333807714792759 0.319466946932975 0.019438929088804 0.0104056899878631
-0.173398179943247 0.307615004708239 0.00140570150478136 -0.0283049847279554
-0.246649848488666 0.204820318607127 0.00791156044442621 -0.0828547877674623
-0.22391260861186 0.0987377632737896 0.167622770401871 0.0312254060113253
-0.199524085688584 0.19561266875711 0.0859574385217105 -0.0368333830309963
-0.0978617940137743 0.225873315847813 -0.000921649355348554 0.0397378370508139
0.0435375591345167 0.231843890770151 0.0224953508522904 0.0803120221824139
0.156443646131946 0.18543515958292 0.0900432814987124 0.106057501786299
0.213724804547185 0.0983895748622842 0.143792091709394 0.0481127657397638
0.214229075775746 0.01891592313207 0.130539487571442 -0.00570867209981033
0.216929742494315 -0.0035755688245839 0.124782473992637 -0.0240621808249818
0.209044628228996 0.000294837048659373 0.111723727214501 -0.021341206270623
0.229786142056824 0.036913311105815 0.0921331727675811 -0.00355201029893436
0.209591651264663 0.123339150006933 0.0638029193400835 0.0194271849160375
0.131408040781628 0.185801567228617 0.0331085644951355 0.0169447363229131
0.0130134911086595 0.233742896647782 0.0306131796931415 -0.00677322838119669
-0.132029686879954 0.235320565620191 0.0303393410525259 -0.0693164406307327
-0.188640027892685 0.175953451193953 0.085502963023034 -0.137149883087576
-0.141247289307554 0.0852387198709541 0.258705952990418 -0.020981986272757
-0.110880848390146 0.141949721560782 0.138882821832666 -0.0839302536119218
-0.0444080154541158 0.142477023098754 0.0321913896022066 0.00652104938800424
0.0291381285818805 0.14063769852286 0.0276341460688542 0.0789656080543107
0.10204379439936 0.119151551247754 0.120110346151258 0.125874041448508
0.142209429852011 0.0661131567474352 0.199308318749596 0.0623523921992043
0.150017245551937 0.0152638314328712 0.202792056346325 -0.00100245723060936
0.154218018928113 0.00281416993565311 0.195439356401659 -0.0235024457326922
0.149537392435155 0.00964905719883885 0.173785889025983 -0.0196504173248229
0.153298003343713 0.04050133570309 0.13754761292301 0.00371139576516758
0.119675873953045 0.0996750778325915 0.0910004374929293 0.0346267284691997
0.0498162854316237 0.123789966316864 0.0327796308683106 0.0290565876133268
-0.00930414751359394 0.121784388745253 0.0317933632403718 -0.0147832497635118
-0.0765557341100892 0.136231511360007 0.0488980919234795 -0.0900544875196805
-0.109309799601861 0.124821257999208 0.141694717787866 -0.171493886087487
-0.0345667058634182 0.0503219816298459 0.309378399301364 -0.0678071779045964
-0.0123880085098944 0.0542028917344021 0.165601906695389 -0.120739093594269
0.00259324702096074 0.029398970043656 0.0545339406079327 -0.0311942912557451
-0.00218517042192139 0.0332964370651459 0.0273648577520406 0.0635272633423244
0.0265978369710046 0.0418741526122825 0.13293155264946 0.120243393487787
0.0470213882294519 0.0302309305410791 0.224547589080903 0.0600048047789215
0.0607461481719612 0.0135765226182542 0.244765885115139 -0.00140845152825336
0.0690104580456722 0.00944793731486166 0.237081719584869 -0.0197622680702744
0.0705444296423865 0.01478173346384 0.209982268014315 -0.00998738625273401
0.062597415772993 0.0319958754514994 0.159178686006819 0.0188064915259821
0.0292218219694001 0.0576217012784666 0.0988304379923125 0.0521459307715122
-0.0143240847616588 0.0487594026822869 0.0215029967217642 0.0382990567989123
-0.0111700459381345 0.0140698326977424 0.0272094575301879 -0.019049898314214
-0.00702903166489307 0.041129838024781 0.0615992771276215 -0.094855768403636
-0.0178316375811007 0.0681800200890752 0.173903221764092 -0.183358861909736
-0.0501741850706746 -0.0258026923517064 -0.259270910775141 0.0811877382498961
-0.0633557208984233 0.00165818688793189 -0.116961081180409 0.100846225779489
-0.0333651725602153 0.0421439858584453 -0.0338677022532432 0.0421714770723938
0.0201784844479834 0.0409346612536973 0.0326393583325504 -0.0227372530099564
0.0292031274364122 0.0199386793594801 -0.0300094940680225 -0.103705363654401
0.0326451771356658 0.00487025459943022 -0.118047056130027 -0.108984347791062
0.0262024881157827 -0.00384838877825692 -0.187403713821342 -0.0904225169084902
0.0299119510341364 -0.00126597047671626 -0.225636050164064 -0.0849337681178513
0.0333641099980853 0.00054884687753821 -0.230472864727271 -0.0887852312279008
0.0510720841821234 0.0165121937693858 -0.188819453883023 -0.111868965582646
0.051865104036756 0.0480072435755231 -0.109209256882677 -0.125763650803135
0.0233760887134138 0.0813973035992865 -0.0298472388647273 -0.0618828468550367
-0.0631193497934792 0.0871340727410113 -0.0786863018920217 0.00028120860119992
-0.105245380341088 0.0165506810097232 -0.18666290344071 0.0132154560311083
-0.0785441540134583 -0.0298085673834644 -0.303939412582831 -0.0459461676201554
-0.141048088667659 -0.0323963183697002 -0.237984258178977 0.0856788290643244
-0.146607959615504 0.0215486817677067 -0.123008960513787 0.0851574898307313
-0.0944780278818422 0.0813102099631153 -0.0517197581688019 0.0559716848692496
-0.0037196096339483 0.109570625851688 0.0386259973828148 -0.00312573674146536
0.0497289988100069 0.099187121487132 -0.00945750168952441 -0.0867742068483084
0.0891859842448648 0.0678194404815847 -0.0880041031700341 -0.104522139796744
0.0997382484294798 0.0350777233205554 -0.159804734405895 -0.0921070496288592
0.115740678416187 0.0326420915656874 -0.193036557596434 -0.0813993830385671
0.115923521041076 0.0363773818134703 -0.19817548976422 -0.0733587704972715
0.13546787055111 0.0725112926316153 -0.166946307901918 -0.0817578369207206
0.112160265657893 0.137868520495208 -0.102962828765108 -0.0932531423113802
0.0421234698524974 0.185080405536648 -0.0274769135827643 -0.0358771200065019
-0.106831128606498 0.19736451515362 -0.0706801700164323 0.0237126165346154
-0.215261012655165 0.0963439152937388 -0.166063747961721 0.023923447766269
-0.200670515869115 0.00532642597381287 -0.259059882133324 -0.0427509937773284
-0.218769870630509 -0.0412235029185163 -0.180177710740094 0.0951122157215666
-0.225881614820612 0.0382879161001746 -0.105660526862094 0.0678688236114736
-0.160307810437934 0.116618810228252 -0.0646869913808915 0.0642320664005663
-0.0383594745874477 0.176969226968628 0.0321843912268272 0.0201230071586835
0.0608574732981699 0.178048766048194 0.00589569980559189 -0.0507404125028362
0.134608221458609 0.131500212178192 -0.045789955381539 -0.0758605054862316
0.159606164831271 0.0746707949075704 -0.107760535018857 -0.0759540000161513
0.182923786355217 0.061831007990642 -0.131531638255419 -0.0660233752590707
0.181004209120754 0.0632621060287909 -0.135318325496808 -0.0504612956242972
0.203978076695847 0.109352579317333 -0.118152147050325 -0.0460758613894348
0.170486184584451 0.198745070090771 -0.0785858831720042 -0.0548135620005336
0.0739058186068885 0.261656653984444 -0.0179237298679387 -0.0129982196260587
-0.115437369478608 0.288859949069288 -0.0487157199069771 0.0342634241728934
-0.280910804673351 0.174436972006008 -0.120761306241653 0.0203037485531977
-0.28452215395685 0.0473414130599898 -0.17619057745325 -0.0495558025284265
-0.271084123520426 -0.0438168976041008 -0.0868397938258565 0.107969011647788
-0.286908917305692 0.057373596856524 -0.055807294488146 0.0516939064648632
-0.2122668331175 0.152137333277302 -0.0611117562373568 0.0644311965325548
-0.0661257184845903 0.233567136495749 0.0201162957247312 0.0445028834195612
0.0660551173929481 0.240755475197553 0.0188679568179364 0.00510174836099613
0.163829093825466 0.179395049272527 0.0065760398893403 -0.0251354002437449
0.197499207253566 0.104618587304856 -0.0365994608096218 -0.0422807334767138
0.2211029533578 0.0813756547303344 -0.0502444687169493 -0.0395596042424277
0.216759061363148 0.0795117332121316 -0.0532489799308 -0.0243190044490378
0.240760660965553 0.126648801437674 -0.048800492442306 -0.014248206728128
0.204169285335648 0.227227107940787 -0.0358429240404762 -0.0167137270284958
0.0971103135385398 0.295519745354353 -0.00208922500734514 0.00652866125353695
-0.104279668338213 0.33012548254079 -0.0196695541024806 0.0312203306653689
-0.296535320648381 0.219659312366558 -0.061274965877675 -0.000774550710544678
-0.317840633919917 0.0804161168885923 -0.0724794205164956 -0.0658090592831673
-0.284224820720398 -0.032852223066235 0.030554113613115 0.118468390375039
-0.303190265947315 0.0774723298893564 0.0198500438125455 0.0336111693472072
-0.224929615530292 0.172253128688732 -0.0378527190163203 0.0581820552760882
-0.0746208048866266 0.254659802577977 0.00849292327542781 0.0672303047473491
0.0676089371071705 0.262038571594084 0.0342107239106411 0.0702493085056688
0.170624688466729 0.196728208933886 0.0639640763571595 0.0379124059011804
0.205674560186217 0.114626124921776 0.043688540753112 0.00180496667572934
0.225096421676656 0.0887631886188837 0.0375644180095854 -0.00608970731990844
0.218787417595206 0.0858511096874704 0.032507971931624 0.00242342585832954
0.235996346380446 0.1291037187479 0.0246711349685419 0.0132028709539535
0.195001249746257 0.221840534168069 0.0122196222638473 0.0166960637497761
0.087771668729386 0.277211442386572 0.0139144247747842 0.0212269178241097
-0.0872178338527119 0.303680282539346 0.00720594515395234 0.0186809330923808
-0.266294558518964 0.215409705768341 -0.00371161202183918 -0.0308433469406983
-0.298113681185273 0.0948620256354928 0.0343698902138975 -0.0846172250408787
-0.247820089870881 -0.011075047082051 0.152075064196655 0.11630625277622
-0.257169634904718 0.0879928022554086 0.100862746695816 0.0128783284075951
-0.182282000547158 0.159359899021645 -0.00195036632373857 0.044190186385939
-0.0597796726900178 0.219436539678528 0.00248645836696198 0.0824018325211027
0.0607389619210358 0.226158337747035 0.0501836586065521 0.126315573508057
0.148166070234772 0.172115898130954 0.11777638426511 0.0953326608448252
0.180769287211831 0.103228962792655 0.120905642945246 0.0465545847365897
0.196324674382937 0.0822093185711371 0.119366311875919 0.0274853115209472
0.186959927803827 0.0810807622046034 0.1085478687021 0.0283426683147004
0.191848169493129 0.118590621642252 0.0843646873046251 0.0367609848727077
0.143338466010884 0.188019669643139 0.0498865466737805 0.0446139796369892
0.0464308531858305 0.216435587825736 0.0218109890751595 0.0328045084186987
-0.0738942230904254 0.217278032268591 0.025980015286964 0.00651623978527147
-0.203268197587259 0.164116722165618 0.0419937528142905 -0.0546492613529904
-0.233739987168751 0.0881698527498961 0.125115155160048 -0.0982111127639638
-0.166165001381888 0.0137023713254218 0.251253524955325 0.0988150517416296
-0.157622009421056 0.0780883594240275 0.16399566877805 -0.0112871602451977
-0.0989045464955823 0.107459339712096 0.0358104200924151 0.0239931379713344
-0.0340836913017699 0.134471277661127 0.00250968837121779 0.0830367911298348
0.0403738538575987 0.145007926453965 0.064659983592351 0.157370234909772
0.0985912736747737 0.115596230226881 0.158298479120795 0.131826317203481
0.125964009997609 0.0736912184286126 0.182492897312325 0.0797336087368914
0.137342316612428 0.0633871772187992 0.183163402444923 0.056543270207323
0.130599790560084 0.0661808831589183 0.162543129625367 0.0535164315992301
0.121655586720612 0.0924273872178889 0.121248084373363 0.0602107945003849
0.070748589997555 0.133019169370245 0.0673572478963946 0.0684665615154353
-0.00235470439143109 0.129581385763012 0.0168151881778267 0.0414348792339169
-0.0539639966202705 0.106863624834164 0.0325123055002671 -0.0010547796182074
-0.117615907720024 0.0939217990274053 0.071381094763599 -0.0645320302771075
-0.142142532530301 0.0707884174555216 0.188776133235719 -0.102164527387543
-0.0537983535536874 0.0293659080159479 0.310056070503544 0.0675163825955758
-0.0339463546983891 0.0423211413458378 0.198229790501792 -0.0391072401710553
-0.00999163221243292 0.0267308908120834 0.0640166001723453 -0.00525296700043009
-0.0157833546864236 0.0280836345679314 0.0016424312662714 0.068775476990556
0.00546183812972564 0.0458399009202043 0.0737130543285589 0.160432630826954
0.0293020421101559 0.0454669070848138 0.17781761083038 0.141786946063501
0.0485194456902346 0.0369814731679885 0.218337389275671 0.0966102571518303
0.0584133860731498 0.0354125466726328 0.219517351535808 0.0759932491483171
0.0585859637536842 0.0389605311654177 0.190760549715236 0.0752109825868124
0.0442751162024399 0.051019102072628 0.133976950806842 0.0810205882034718
0.0058508169286129 0.0617874005089496 0.0665417407041775 0.0855660203442985
-0.0313090832231524 0.0386865692913922 0.00350466427478023 0.0435095060417483
-0.0153747626726489 0.00739101460616108 0.0319947019419433 -0.00705314852610199
-0.0208332013723933 0.0333868524061764 0.0891689249201255 -0.0613895577409416
-0.0380938927806028 0.0520661451737322 0.223207733744859 -0.0945431196938323
-0.0497494138182114 -0.0246654557289695 -0.253733738019344 0.0838022327953223
-0.0623311573755689 0.00248030812926627 -0.112821559079205 0.0999526266416868
-0.0329773772599395 0.0422503014500471 -0.0330216597753293 0.0429861189505287
0.0211765907211776 0.0395522695962733 0.0320100693277681 -0.0239478443707561
0.0289408686410437 0.0197311101580413 -0.0316137659700143 -0.100971520264544
0.0311988877820864 0.00389617396449901 -0.118904258510974 -0.105073945195869
0.0254737359851655 -0.00463110013724776 -0.186406592697199 -0.0860723060310263
0.0289673745293953 -0.00113281562615718 -0.225171798461786 -0.0796966538315481
0.0325998752439901 0.000548564006884418 -0.22931363289408 -0.0837028028839287
0.0505077416313467 0.0152436888747946 -0.189476691867231 -0.106944164277073
0.0528947058932606 0.0463321451705422 -0.111063660480125 -0.122197063594413
0.0248944556908451 0.0795658940592284 -0.0297742789149304 -0.0619551095276128
-0.0603027092163718 0.0877935805462723 -0.0793972609118915 0.00116855593302242
-0.103997009543555 0.0181348421830331 -0.183939418844144 0.0158611841898989
-0.079235168913892 -0.0291645229002332 -0.298821619074915 -0.0424856246707567
-0.140085406238136 -0.0301133331141017 -0.232881728079994 0.0870027239896021
-0.14410211580714 0.0246424188154295 -0.119250447886114 0.0847179841221123
-0.0934709041196435 0.0825581644486132 -0.049747833851221 0.0577611805736599
-0.00173319082229715 0.108013706524148 0.0376708356420538 -0.00416680980374516
0.0513886453732442 0.0968291486262314 -0.0110959781566835 -0.0848631978582706
0.089438165343692 0.0644868717631558 -0.0888293763153703 -0.101089692254891
0.0985507750112371 0.0332789427375281 -0.159293960860619 -0.0882107098430197
0.114905777943227 0.0303456804824154 -0.193857207295156 -0.0771458196474842
0.115767250247394 0.0358535033723192 -0.19751059709213 -0.0689837757530215
0.134993157765926 0.0695404592306335 -0.166499524939858 -0.077617203957635
0.114496062134079 0.133833815553751 -0.104016669734998 -0.0895838309099625
0.0448354241755047 0.18251409705 -0.02721657724029 -0.0364632079554384
-0.101918409076294 0.198205555922688 -0.0707988267241503 0.022947765120017
-0.21110794263744 0.0998444870552316 -0.16302566166201 0.025475481896299
-0.198717929142293 0.00593376409930258 -0.25518589393516 -0.0390028805246047
-0.217927005693131 -0.0376087327684633 -0.176127953553003 0.0947389613774948
-0.222576333826244 0.0424646591725421 -0.102436428058015 0.0671529534651129
-0.158296359428163 0.118480602707661 -0.0624263493167267 0.0662441774364303
-0.0354940019405414 0.175576019671714 0.0317621979795277 0.0182826589043796
0.0636602652825136 0.174866522039848 0.00554242362507946 -0.0489353748800588
0.136031437819026 0.126607748331546 -0.0461073862892849 -0.0743790370409126
0.159762207712289 0.0724518016714012 -0.107581115468649 -0.0725299826036369
0.182240306432446 0.0587152209987739 -0.132079508826889 -0.0633909497643521
0.180806354589155 0.0614004346002363 -0.135228743662206 -0.0475420873339623
0.203387445016479 0.104983001098813 -0.116417554049553 -0.0437974096062899
0.174250484940516 0.193518715956503 -0.0782993128418297 -0.0515317165781417
0.0779444647922224 0.258052234369803 -0.0167821502687382 -0.0127985773991049
-0.110154620384882 0.288596149170683 -0.0483969847140709 0.0333519905942925
-0.274729590345581 0.178404023805784 -0.118134077601161 0.0212176817903622
-0.282209558130664 0.0479608612871127 -0.174394196787506 -0.0465929271465151
-0.270863008738644 -0.0387841729153232 -0.0838033019206155 0.106681272277278
-0.282495858665225 0.0630661178940288 -0.0542916016093195 0.0504908282851046
-0.209473008193597 0.154371754788697 -0.0587881791802162 0.066732916226552
-0.0624971222538118 0.23256970684728 0.0197051076531535 0.0417247012327157
0.0709660826708801 0.237623088767327 0.0205909338996856 0.00589349499463813
0.166453578139244 0.174283143259678 0.00694570062829684 -0.0257604991418374
0.197813142399534 0.101170461771173 -0.0377990180050548 -0.0405852017019355
0.220992093662831 0.0775363166928339 -0.0511700484674101 -0.0385188206690274
0.216880040532671 0.0767804922762616 -0.0533722648761321 -0.0240246586287208
0.241496437822852 0.121704122098898 -0.0475311957989898 -0.0130470461981049
0.2080471800942 0.221139607326134 -0.0355280930226871 -0.0147606279868312
0.100489114230739 0.291427632224649 -0.000916693295417717 0.00633821113006497
-0.0979924374915051 0.330127702246186 -0.0191365681101903 0.029256615341713
-0.288978472036396 0.225296703519788 -0.0600322256386138 -0.00149029383315018
-0.31414616774991 0.08240872307923 -0.0722639698401296 -0.0634739577985104
-0.283177749017105 -0.0285008187979959 0.0323992006085248 0.114715050367407
-0.29856816230302 0.0823966201724318 0.0200961053670961 0.0319551403250054
-0.22255634816432 0.174858193718049 -0.0353460417406198 0.0599807061189925
-0.0706862725345958 0.254209310462338 0.00840837050957702 0.0648522963400045
0.0728634495647444 0.258152057331606 0.0363248020390904 0.0703295027357985
0.173238910687687 0.190908904567133 0.0655223508710887 0.0354078911638079
0.20657039666315 0.111170542886154 0.0428010892661538 0.00223941929474128
0.22559165928639 0.0842431561220026 0.0370972150982902 -0.00694017045737028
0.218293235800186 0.082713030695725 0.0328837878779319 0.00124151177228607
0.236707521551998 0.124249610494339 0.0256432232007978 0.0114361587152911
0.198798224187787 0.216114078063746 0.0126544239442955 0.0173272639294199
0.0916738499368333 0.273346840605607 0.0157876444729028 0.0210687805451536
-0.0822179347134499 0.302214789777482 0.00786068542699415 0.0161457987617442
-0.259753501823809 0.219460961351541 -0.00339791799192001 -0.0320968838937618
-0.294049931657962 0.0955327974793896 0.0324244707834757 -0.0829074376000045
-0.247021551055394 -0.00739432607403377 0.151591995200382 0.112380848013888
-0.252752452613663 0.0918441059724716 0.0995074581184413 0.0104541637026434
-0.179748741886278 0.161499344654884 0.000255241808414924 0.0453885435699797
-0.0562437938559538 0.219370441643953 0.0028049194847827 0.0807673771604859
0.0647208056469698 0.22302003950667 0.0536466329226794 0.126236573056034
0.150846708391746 0.167657883895543 0.119786171991732 0.0909845954603846
0.181868978379135 0.100011191875349 0.119494768870931 0.0452432619298355
0.195826149823529 0.0776549615805863 0.119206962880029 0.025168674089698
0.186928156252746 0.0781213668723765 0.108075948796592 0.0257643415402038
0.192519131167799 0.113477814921107 0.0848336356103353 0.0341385719786809
0.146181423762716 0.183805032612467 0.0505695454066406 0.044646240710028
0.0491721375453541 0.213686924460294 0.0234128518806677 0.0327357218271712
-0.0699216642108893 0.216760520581594 0.0261411208274368 0.00413190001261535
-0.197648477303499 0.166350219052656 0.0406645786578208 -0.0565231314273701
-0.229985492411359 0.0886395757825759 0.12130707966524 -0.0976078775605387
-0.16552484477762 0.0163250134453789 0.249892709247396 0.0947666685357837
-0.153581412046402 0.080620557267672 0.161516826512693 -0.0137264077783206
-0.098084912739738 0.10754884664962 0.037538029277856 0.0243922079263465
-0.0324291975414693 0.134242130958596 0.00249093946883117 0.0816305171477984
0.0427507946978677 0.142845987354485 0.0689455779588438 0.155935441617726
0.100758068677974 0.112539877201579 0.160001464430745 0.126525637406944
0.12665794551682 0.0720273258201611 0.181192931677307 0.0771594037821385
0.137569190049352 0.060346526391675 0.182800471383439 0.0528163412540953
0.130842033500202 0.0639352275815358 0.16215820035034 0.0498847398234714
0.122566899754298 0.0892331255766548 0.121149612220754 0.0562192755362117
0.0733789734375299 0.130611977110427 0.0678098965688923 0.0670960345660086
-0.000297547364534333 0.129060248922328 0.0181203828462172 0.0413562584433787
-0.0518413305676663 0.106459326786203 0.0331789935521776 -0.00354562921039105
-0.113790571439623 0.0950318498744478 0.069021725605374 -0.0656038328279111
-0.1390620664753 0.0702468244246747 0.184536442093091 -0.102124091854325
-0.0532534717645957 0.0300545703905318 0.307421675147371 0.064203982162842
-0.0324286061195972 0.0427123187694778 0.194061906748173 -0.0400517091887838
-0.0102688251372585 0.0260645286402089 0.0640332195786654 -0.00650011693262894
-0.0159402655616804 0.0283435174836959 0.00263138168907585 0.068371447836851
0.0063989873248863 0.0450259251935507 0.0770444360721959 0.157638710833279
0.0306722775786474 0.044564996326858 0.178631709971954 0.137198469873063
0.0494884444886556 0.0361151729086273 0.217153972145322 0.0924429701994612
0.0591640903347154 0.0338519938204479 0.219778571832463 0.0718105584350833
0.0583869025675712 0.0376526919855923 0.190412321845781 0.0718164614051074
0.0447158684774976 0.0492275587950886 0.133575759738849 0.0774558027460312
0.00707031938773977 0.0619530633597749 0.0668742444164687 0.0835779295030468
-0.0302709354955455 0.0395696032824249 0.00466765030750622 0.0443058610212205
-0.0164027778081417 0.00739582394764014 0.0322367154649307 -0.0088858861645124
-0.0194895831016459 0.0331844759872426 0.0858746371174445 -0.0622055539234618
-0.0365208703709482 0.0521157226917869 0.218147389245902 -0.0953172140271417
-0.0501839612013103 -0.0237102795770695 -0.251413810819602 0.0884143274638806
-0.0626823573090178 0.00484317345604426 -0.108430901216111 0.101105534735646
-0.0321790408069161 0.0440312148158916 -0.0312277813096147 0.0454954250551751
0.0222534016124826 0.0382240200570264 0.0309458329719485 -0.0252634772810172
0.0297701734191996 0.0185955488124964 -0.0348130695346084 -0.0997355418239906
0.031160784636166 0.00277335796913221 -0.121882303187745 -0.100909227581948
0.0247565506057685 -0.00519968294327791 -0.187774316335201 -0.0806875179650455
0.0289741856646377 -0.00132586821094503 -0.228806414276519 -0.0732249811522597
0.0324698057843495 0.000648189459993787 -0.2323159258385 -0.0766143651832167
0.0509265660514916 0.0143441334695781 -0.192005350214151 -0.101116520383285
0.0544929239603043 0.0443347242469965 -0.114512155501898 -0.118566116595913
0.027434686040477 0.0781792961044136 -0.0320447176741569 -0.0624804371683163
-0.0576309352365555 0.0899009788219089 -0.0807956383552446 0.00349601820396296
-0.103603338906961 0.020838273661881 -0.182250603009926 0.0206366298281763
-0.0810465194157759 -0.0276233759424869 -0.299392637832868 -0.0362093035938717
-0.141113005231415 -0.0264631659700334 -0.23022889000006 0.0913086654759353
-0.142982773839262 0.0290408237329415 -0.115748477853098 0.0860351659484269
-0.0918542856562866 0.0860585659733988 -0.0477745600470221 0.0605960768449928
0.000743371514877606 0.107580476013729 0.0368237410960821 -0.0063585807229043
0.0549820511891567 0.0955782895346734 -0.0130427688625818 -0.0839145307165887
0.0908593017683392 0.0612353571921603 -0.090871431637464 -0.0985123848596383
0.0998176854789154 0.0306607824707797 -0.161803148514986 -0.0828581581276828
0.116148890655499 0.027813240918021 -0.196846009071806 -0.0716922998961746
0.117159755768614 0.0337931803284497 -0.199443731142165 -0.0635862598719581
0.137165399478552 0.0657006712280711 -0.168253871977364 -0.0730375298175779
0.119362739377291 0.129701524664544 -0.106389190277201 -0.0860492224715005
0.049877704843495 0.18096254793732 -0.0280984506883517 -0.0362656783900577
-0.0968026497223436 0.201292859034346 -0.0717620426969285 0.0246202905310995
-0.2086509391309 0.10631585204608 -0.161165359139396 0.0297749586908156
-0.199735765155034 0.00960158713452045 -0.255464657987594 -0.033425657422162
-0.220056084096546 -0.0314395587422017 -0.172868948915677 0.0975253000459042
-0.220376113645876 0.0490068755854381 -0.10028623547835 0.0677706071378966
-0.156112653042243 0.124455968528298 -0.0597689839896383 0.0699347788153602
-0.0309716919087536 0.176187462915112 0.0313902694530941 0.0161707902827239
0.0696572397455546 0.173511576726208 0.0050742034675543 -0.0479564635554577
0.140437527324324 0.121857827211899 -0.0474570721967352 -0.0736970289705874
0.162012778430903 0.0679539188163894 -0.109682802098591 -0.0689891757282152
0.184118096308774 0.0538112157550958 -0.135214802732652 -0.0599460061879604
0.183680220010727 0.057963762858071 -0.136659235921647 -0.0447003243727024
0.208134450698092 0.0992960836546793 -0.117030160771588 -0.040846337191794
0.181816457838786 0.188463696263897 -0.0797908902601834 -0.0484782235410393
0.0850500773811708 0.256267333014026 -0.0166475670030677 -0.0131532159860146
-0.101976174674727 0.292706286097905 -0.0486262397233833 0.0338745416080012
-0.269598504000022 0.187613009392391 -0.11684763646277 0.0227987351166963
-0.281893575285602 0.0539742897774868 -0.175203314699963 -0.042864703294654
-0.273348807525571 -0.031960405645274 -0.0811860095344969 0.106946939030542
-0.279275465769454 0.0716605609033955 -0.052522670984084 0.0493104827469598
-0.206938887919017 0.161441224889753 -0.0550643858630515 0.0699867203518195
-0.056816901492973 0.235162690330576 0.0199485444300931 0.0400072582596064
0.078563674424392 0.235179217480742 0.0217062613816947 0.00666756716467035
0.172587229583084 0.16889290754356 0.00749809454887687 -0.0268347078392141
0.201593583972185 0.0960163998898548 -0.0385706178663231 -0.0388871395127258
0.223407956622007 0.0717509402228251 -0.0531825857392023 -0.0371915585878692
0.220243975542455 0.0723243236844503 -0.0541870412151814 -0.0228930891476417
0.245918192533233 0.114966429280916 -0.0468241514593965 -0.0128671007303783
0.216411547241832 0.215560723944949 -0.0351907473516582 -0.0126708012052299
0.109446750216943 0.289259486876238 0.000714965147634767 0.00611381474646283
-0.0891058836372786 0.333721367835051 -0.0184542938732319 0.0281166093110435
-0.283039409587607 0.234284311877104 -0.0598504201066154 -0.00152768580198044
-0.313700164100095 0.0872437826081287 -0.0736821290935706 -0.061125316238752
-0.285916768596842 -0.020529441173347 0.0355811395185025 0.112563439005977
-0.295642200495361 0.0915287206246063 0.0208553802181495 0.0296524119485761
-0.219837282186385 0.182436075408791 -0.0322198231823482 0.0618382480118118
-0.0651411539524795 0.257093842643883 0.00876892610815595 0.0636033102559338
0.0809108226019821 0.256201601386879 0.0404264989834409 0.0706090145517132
0.180053611034872 0.184766416264734 0.0677905529509391 0.0320606674799094
0.21079535088683 0.106454381742177 0.0423858170910771 0.0022846844215983
0.228599637753294 0.0786217604097805 0.0366454126861696 -0.00800844170571373
0.221964885153557 0.0780181261056017 0.0327312365472225 -0.000730189043675157
0.241370370281235 0.117449917053085 0.0262790726917804 0.00979760590611858
0.206973138756675 0.210908785034986 0.0142712179142703 0.0179666153505656
0.0994122996136646 0.271678055722151 0.017530102302343 0.020238608027569
-0.0730648702476771 0.305133793650053 0.00813783552838812 0.0140004316052325
-0.25275208469227 0.227270848995503 -0.00434166452899338 -0.0340880556960743
-0.293259170548861 0.100384637996584 0.0301532968229765 -0.083237536089135
-0.248465152923613 -0.000490437352966652 0.154988319654378 0.108382321193247
-0.249410509128588 0.0997204341515483 0.0993249779305315 0.00742421954626218
-0.177455923228388 0.167182297974152 0.0035393567214729 0.0461685947345314
-0.0515544212898529 0.222205202127182 0.00396175745503108 0.0802678545375419
0.0720419753332764 0.221467875356591 0.0588922520093539 0.12620263717662
0.157131891393294 0.162797026122372 0.123822539788873 0.086312449004014
0.186510965343682 0.0955865318944978 0.120330786453243 0.0430333044282053
0.198652112064122 0.0726378923944702 0.120319874580894 0.0220126595822431
0.190771404304744 0.0746736185971464 0.109234742873651 0.0220378686163223
0.196635777118955 0.108130149131151 0.0861405424985276 0.0308169880946718
0.152878150599202 0.179719344259173 0.0527077969142599 0.0437381948144871
0.0553560536403762 0.21306137979395 0.0254714634875116 0.032272257009086
-0.0643000002486747 0.21828237925963 0.0262622528111653 0.000871045596324651
-0.192039218600931 0.172899247768689 0.0387474955411116 -0.0588539283254764
-0.227950995032766 0.0922960046646331 0.118715956981752 -0.0990308010557698
-0.165897846429914 0.0210385214401807 0.251758703740219 0.0886611913599054
-0.151065174423297 0.0845837629016863 0.160609367066622 -0.0176310388350965
-0.0962250837318331 0.111001445814804 0.0389374979079767 0.0235069872551231
-0.0289562365342317 0.135865515308828 0.00373230842188477 0.0819517900793886
0.0471837115846743 0.141991539084484 0.0749714116796428 0.15508085941713
0.105410017660971 0.109449814453728 0.164588613707702 0.12103578923872
0.129988923500228 0.0689317440278071 0.183443513137128 0.0736400909633382
0.140071375126042 0.056106343950323 0.185382945986956 0.0478866212545777
0.133435741921164 0.0601139557636936 0.16412984414803 0.0450784168846532
0.125872478859305 0.0852082618021784 0.122790186315495 0.0523817824366714
0.0777677810743751 0.128727971572364 0.0705405683411436 0.0654272815839589
0.0030939976284559 0.129613524029563 0.0202104244956352 0.0411853203203763
-0.0490141975151424 0.107625437458628 0.0330198843893783 -0.00648408542585455
-0.110192643521628 0.0987330213069986 0.0662267789317129 -0.0678936470081991
-0.137184446972391 0.0719643147848072 0.181085702878031 -0.104553235679888
-0.0529282365300206 0.0318139909786247 0.308850223071289 0.0578884350681738
-0.0307677263687344 0.0436583598609549 0.193005455311024 -0.044204742889024
-0.00998190975652226 0.0258783520755159 0.0644394730864568 -0.00810111845542291
-0.0159882729412208 0.0293874832289383 0.00387914199990549 0.0686581531848953
0.00767421179638466 0.0455742091946515 0.0829007790226954 0.155781353866712
0.0324833477126668 0.0441096598092898 0.18350587557309 0.131438562579238
0.0511157443384426 0.0351326412571388 0.220297611870796 0.0875891709196931
0.0605134379244951 0.0318149370898795 0.222625909722817 0.0659678723397999
0.0599523428782849 0.0352804514026613 0.192600791597374 0.0659584192305373
0.0463439974795377 0.0477041901148236 0.135406731232242 0.0731558588021127
0.0086527560743467 0.0616029664794086 0.0693919979203989 0.0812801403046909
-0.029412895784553 0.0408304053406576 0.00593988294908685 0.0441160612312134
-0.0160692340433661 0.00752563626611654 0.0324408726765407 -0.0120306653746039
-0.0184286584858986 0.0340580997415047 0.0834169836859194 -0.0648622413307779
-0.0340724809763117 0.0520548334648513 0.214051569734689 -0.0987964865967647
-0.0507074717807888 -0.0218475337256117 -0.244558834662307 0.0972191720079479
-0.0611527376786002 0.00744097505321428 -0.102337293671221 0.102880785596664
-0.0300822426567113 0.0458130642735822 -0.0283270635914764 0.0474447045995407
0.0237713170511947 0.0363055856536761 0.0298720473402796 -0.0269464600693101
0.0307737093964108 0.01691974647892 -0.03933788561764 -0.0968481309570927
0.0303917249609855 0.000691558873769465 -0.12483305423456 -0.0935203215872471
0.0236442632651028 -0.00630452904138602 -0.189689142647843 -0.0721870208649883
0.0285894934148542 -0.00231901441636374 -0.230831065752666 -0.0622288109953166
0.0320899167295704 -0.000454752442851498 -0.234296461741904 -0.0646590145885768
0.0513764618763175 0.0118195506081391 -0.19475319151912 -0.091096762154765
0.0564511511875358 0.0409913932095893 -0.119409682765254 -0.112324433023062
0.0310318196758669 0.0757723264614567 -0.0350033646836083 -0.0615142351344914
-0.0528847385478692 0.0922604263714587 -0.0808251658965616 0.00743168615814473
-0.101820207583556 0.0257373774457527 -0.178964885798205 0.0282023497025015
-0.0823167291208742 -0.024483044974601 -0.296979845927006 -0.0242822652523314
-0.141475000386546 -0.0199890346593922 -0.223082865821547 0.0991565533223087
-0.139726357128662 0.0360198092325307 -0.11045892690662 0.0877996441944127
-0.0873499550636848 0.0910157694912594 -0.0430361741011111 0.0638512704245028
0.00589346791206071 0.106328713850357 0.036085439842991 -0.00893771640425379
0.0591591223668459 0.0912752234177621 -0.0165981169632891 -0.0820868282699279
0.0928987246287775 0.0557022704477794 -0.0946147585113075 -0.0934934011623495
0.100653991874619 0.0257762122328638 -0.163449010425582 -0.074787285285726
0.116595501479054 0.0224925402106612 -0.199590606201281 -0.0623182427151139
0.118532467938175 0.0293790007666807 -0.201505029939339 -0.0536755698305546
0.139391652353395 0.0594500604855811 -0.169666658040754 -0.0642312853476285
0.12595052197892 0.122640998495376 -0.110105428744262 -0.0796701781106466
0.0582368290086538 0.177516787568328 -0.0290586458527672 -0.0360033904444031
-0.0861277392895781 0.205007204417816 -0.0707505122860844 0.0273265400610793
-0.202188942223024 0.114907054720568 -0.15814116259633 0.0352760669168844
-0.198647048456056 0.0178230365732436 -0.253251018488728 -0.0227791376061068
-0.220558197450127 -0.0216240938401299 -0.167384660688091 0.102709893371166
-0.21492253403007 0.0591521400631769 -0.0954515680944202 0.0694311630501879
-0.14961040882002 0.131755853077442 -0.0545896199675183 0.0728071056670818
-0.022802402473464 0.176249571225894 0.0306023947050749 0.0135402104320601
0.078212677969967 0.167861965110661 0.00379916056315946 -0.0473159617868417
0.145173573649358 0.113260201334054 -0.0498237738617441 -0.0712162296481934
0.164176287807869 0.060293272242877 -0.111875829397194 -0.0632345561856567
0.186147111309794 0.0447111392538578 -0.138209850676595 -0.0533329777739269
0.185951458422617 0.049850590890441 -0.138199989050169 -0.0379232942921454
0.210912226156125 0.0891636526301986 -0.117695392388054 -0.0355200289251073
0.190407004459754 0.178006125498602 -0.0810510117042166 -0.0432190390161029
0.0964784870200508 0.251037139492213 -0.0165220807086698 -0.0134558162426717
-0.0880126012577326 0.296078731427632 -0.0475269449441472 0.0343700104146296
-0.258984263568683 0.199062008554387 -0.114292915817671 0.0262820440559924
-0.278844210405006 0.0638264249722946 -0.174750176669649 -0.0349045559906652
-0.273457673075385 -0.0190929188472908 -0.0757782314669676 0.107942298005883
-0.272517045316508 0.0843245377509658 -0.0499265301430659 0.0487829450806687
-0.199188956054767 0.171566725538286 -0.0502929058955645 0.0728916133083969
-0.0458022963172603 0.236565198017097 0.020123266805506 0.0384575015433629
0.0895675080537597 0.2289257939009 0.0237254766448804 0.0061256070659191
0.180079667052699 0.158192230224212 0.00688557182063891 -0.0283510793147808
0.206133896912816 0.0860255307251689 -0.0402959250973227 -0.0359877543654276
0.225887413019154 0.0610451883443584 -0.0554536357314033 -0.0344351869984196
0.223374811653628 0.0631577965119544 -0.0551011634640352 -0.0204524844209811
0.249920328978762 0.103062312887231 -0.04627236414421 -0.0110926336015467
0.226419340636021 0.203240074478449 -0.0348146059056149 -0.00970795638201116
0.121885837606395 0.282736879369889 0.00191147322220915 0.00508518185894113
-0.0723330344637348 0.336251773282354 -0.0183257349344005 0.0271976348534355
-0.269024157590183 0.246513396230525 -0.0588890840203233 -0.000971907841267396
-0.308562356381356 0.0980451091477814 -0.0749239632192311 -0.0575944036263382
-0.285547693754088 -0.00738027041486364 0.0400693405020391 0.108625575020401
-0.287485230424565 0.104683249104627 0.0218064967259266 0.0268674124729176
-0.210880915343213 0.192933679197441 -0.0274521880451366 0.0635183303762899
-0.0531187754176402 0.25938579400096 0.0103276322917867 0.0626076123253192
0.0932288423566692 0.250194647605367 0.045250448302654 0.0691236218915841
0.188382945168164 0.174485601102912 0.0696262391701422 0.0271314770449895
0.216173604796712 0.0957503931839421 0.0420408083342829 0.000827837493917071
0.231362160122472 0.0675260120211145 0.0353726906019484 -0.00966326593558712
0.225004992061262 0.0686024028057395 0.0323468964131793 -0.00351162722806707
0.245674606282044 0.1050731276503 0.0272360003359317 0.0079730146379852
0.217063096091106 0.199098611718389 0.0158186426008387 0.0180131950059435
0.112431318867431 0.266277049794811 0.0195734445306802 0.0188387401465471
-0.0582124956946821 0.306594415830125 0.00765926022531355 0.0118607211338168
-0.23921000331943 0.237957271375232 -0.00606133029250831 -0.0355196866271414
-0.286659140779023 0.110015534798458 0.0270081472016273 -0.0828928998928864
-0.247152750076057 0.0109839406655996 0.157998879586572 0.0995435549257421
-0.241822372724671 0.109702701446169 0.0991064972296125 0.00199497427695548
-0.169300867056166 0.175594451170338 0.0063759682529756 0.0459402864638627
-0.0416940318483018 0.223261181288477 0.00641907319640903 0.0793326738791747
0.0821965548195347 0.216379281860193 0.0668413626274071 0.122521374589639
0.164969852302435 0.153413218108976 0.127333701800179 0.0787148944832526
0.190962673656501 0.0866022446017391 0.12182321074467 0.0381034975850513
0.201169674184809 0.0627875527531568 0.120177248464319 0.016790185091321
0.193260709796127 0.0655548226028167 0.109216727683269 0.0161755047793557
0.200749632689538 0.0978205639704543 0.0873267726919593 0.0253767752404461
0.160993708125411 0.17033135646385 0.0551240095258496 0.0411677607612052
0.0650399173894211 0.209505229356639 0.0279834783391788 0.0303782890447622
-0.0532384380851754 0.21990037504737 0.0252824806940921 -0.00210775105367303
-0.181236003951065 0.180643635318721 0.0353615170184662 -0.0617257174301749
-0.222646244249881 0.0990825011732885 0.113208587612316 -0.102000037453415
-0.164241919153022 0.0277923064283405 0.254139484768279 0.0775777599731389
-0.145193296655577 0.0912444197130706 0.158665630167536 -0.0245965467714375
-0.0908314836926011 0.115133460222352 0.0413206571272571 0.0217642939752221
-0.0232775522053875 0.136624847576478 0.00732071641582677 0.081886735997648
0.0537882838817091 0.138749287649098 0.0834076062106943 0.150801666208256
0.110011983381148 0.103161758643271 0.169378407427893 0.111246895072923
0.133548376784693 0.0626963134172217 0.185131971808381 0.065464979843241
0.141795809611701 0.0493298318367898 0.186692252651394 0.0385424636798131
0.135476683690659 0.0540579223824494 0.165200614760585 0.0368708834650342
0.128384938969151 0.0784299185509917 0.123716339938513 0.0459683195438547
0.084249763099113 0.123871937698336 0.0736732902955153 0.0619483065146343
0.00952079298754252 0.129630964592189 0.0230821134383476 0.040442888247853
-0.0437931524327229 0.108617447334011 0.0317888202030037 -0.00993831254202503
-0.103937099251838 0.102708177367594 0.0620147876860392 -0.0712047784771426
-0.132675450398648 0.0753122689868116 0.174072805023654 -0.109236589415589
-0.0512540478023024 0.0335761918644321 0.309182723461164 0.0451235730392833
-0.0281807530820687 0.0443257838864103 0.189052768020932 -0.0504991292624215
-0.0095734289036065 0.0260962482703923 0.0641448759106304 -0.0110367995485942
-0.0141692609050386 0.0304277750271573 0.00727581913857919 0.0686104086866769
0.00969192708252983 0.0448609078137772 0.0910687125955502 0.150885528415007
0.0347832828711059 0.0422102492166426 0.18817308871224 0.120802283635063
0.0535571490489801 0.0327904629321474 0.223241442657473 0.0777970410434388
0.061704342159156 0.0284787451972447 0.225090466444674 0.0551794417802666
0.0611619865347897 0.0321288659036432 0.194546722770358 0.0562670951300313
0.0477366342474041 0.0440969317086673 0.137315180586144 0.0658313002735108
0.0118438019134834 0.0614079400508983 0.0728788242848864 0.077069811100521
-0.0268476629590167 0.0426599392580674 0.00885173372774092 0.0442952671968408
-0.0158891350307125 0.00817020270921995 0.0312146785310788 -0.0151271015563355
-0.0157512263567957 0.0349092266800534 0.0788603600577254 -0.0671462743435332
-0.0309211690884319 0.0526796872157276 0.207566395202235 -0.105504954238919
-0.0498698255841564 -0.0188901155003669 -0.231482890915597 0.103067038574698
-0.0585436718156179 0.0108016420805843 -0.0940352228989386 0.10177357295393
-0.0261936587772283 0.0460158372114125 -0.0244880761485013 0.0472859639352284
0.0242526002999643 0.0334707856549944 0.0273825201220185 -0.0277220130512861
0.0305639661328808 0.0145082716739657 -0.0424600834255802 -0.0910958686508608
0.0287547866336439 -0.000765786416675436 -0.123965224912953 -0.0844534846547386
0.0220802405940821 -0.00688757310321769 -0.185805413384216 -0.0616371997978999
0.0281002326582106 -0.00299358700632796 -0.226800108466414 -0.0491828136268228
0.0311495645789017 -0.00105347292454836 -0.229074663962331 -0.0518100065711077
0.0499542743085366 0.00969291229775102 -0.191875949310972 -0.0790184380810839
0.057130608423682 0.0363308386027187 -0.121231616056676 -0.10291725244173
0.0332583694579934 0.0712549001721264 -0.036721758551376 -0.059057284430061
-0.0462505495244162 0.0921273395347642 -0.0792017327643033 0.0115000907278541
-0.0975090199277086 0.0293240716608409 -0.17057465655047 0.0345258555994893
-0.080985149513118 -0.0200695075322065 -0.286572905113383 -0.0120690440027407
-0.137253037962412 -0.0134331732671308 -0.212148210660999 0.102779247912679
-0.132503804491326 0.041028607450524 -0.102506001464078 0.0877275913034641
-0.079507708727903 0.0923057932499295 -0.0379686640125766 0.0639513229413138
0.00995990471827522 0.10143397671134 0.0341218775808603 -0.0106697257295377
0.0618479857165353 0.0848264351248314 -0.0194119087840507 -0.0778091426660622
0.0918082236815125 0.0485691459768347 -0.0949185444868986 -0.0851206984433532
0.0978555047512712 0.0204423281288326 -0.161541053961368 -0.0648710221603654
0.113919057519307 0.0166894623963157 -0.196905941518843 -0.050418289265106
0.11663702748383 0.0239758898580158 -0.197208271851602 -0.0424029071709109
0.137749612802428 0.051126138506037 -0.166575615570047 -0.0545077203519429
0.12822933280495 0.111367613228387 -0.109681757100989 -0.0716005044360674
0.0645740750183836 0.16852816102682 -0.0302932986062326 -0.034792579960632
-0.0736507186079474 0.202623298637198 -0.0685016378483251 0.0290339781181296
-0.190227119933432 0.120705364676728 -0.150197306115837 0.0392579361761
-0.192535434039431 0.0249474485358174 -0.244558891104469 -0.0127826043550903
-0.21383224904661 -0.0113278136423231 -0.157709494752971 0.103162979833121
-0.20388961177938 0.0669716148921052 -0.089506217517057 0.0685520028525335
-0.1380676879695 0.134937761435656 -0.0483535095588895 0.073511836619632
-0.0139554818763278 0.171083473229075 0.0297196244525732 0.0112401403201452
0.0841322821902777 0.157535953509629 0.00264428977812533 -0.0455180489112499
0.145443204449754 0.10157485731912 -0.050488152275344 -0.0674410206077473
0.16233483570457 0.0503664796573127 -0.111025158829775 -0.0555899752118656
0.182299552702324 0.0349775141706754 -0.137011012485495 -0.0443091956766006
0.183309295038774 0.0412835453499696 -0.135237825291922 -0.0304890327378841
0.208726064721596 0.0764055964507424 -0.114252085261061 -0.029851342811409
0.193617662112464 0.162342569306338 -0.0797997528830458 -0.037485618552296
0.105209098196695 0.238405351943284 -0.0161907490414654 -0.0133010695381927
-0.0707472628781021 0.290408054884259 -0.0454780242269581 0.0344173189920899
-0.240026984004013 0.20348489482899 -0.109077313687693 0.0289850793440285
-0.26824739371176 0.0724348309918242 -0.169278929217032 -0.02714525485098
-0.265908645687808 -0.0063801517646295 -0.0693834637984488 0.104739734452123
-0.258365303297595 0.0936843188540815 -0.0463964039418099 0.0473085756329376
-0.184223021817058 0.175943352650513 -0.0436742366644996 0.072946557367706
-0.0339756030902783 0.230793004748355 0.0201316112033583 0.0355696635476906
0.0989029607231886 0.21653676737203 0.024782431794889 0.00519962584909078
0.181918789639815 0.143097497090414 0.00578498173062472 -0.0289850673606109
0.204186472023766 0.0741566324309929 -0.0410526585680193 -0.0331173349535558
0.222039616022181 0.0487263104991558 -0.0559496965627139 -0.0303466269454693
0.220000793386803 0.0518799255787675 -0.0550005857461311 -0.0179426558327018
0.246863873502399 0.0878239900495125 -0.0448958645475962 -0.0098452752556239
0.230113486346803 0.184439845938571 -0.0333061945535364 -0.00684734587538397
0.132335182873675 0.267956274435977 0.00261134671743373 0.00350276130958256
-0.0541297058383703 0.327829257270988 -0.0177713548823012 0.025831322945051
-0.247978076893712 0.250399077907879 -0.0572302501109866 -0.000185965095733562
-0.295692241983762 0.106636930097016 -0.0747290823259511 -0.0522740614793759
-0.276666554885206 0.00551252418098972 0.0426103158353511 0.101212088039314
-0.272102804818141 0.113900964566634 0.0222608652598288 0.0231750986362474
-0.195418747706634 0.19659665537642 -0.0221924754950562 0.0629407139629016
-0.0395252407157515 0.253678161799507 0.0117118499209164 0.0592867761019183
0.102751282905746 0.237715662649225 0.0490291757926056 0.0645866281225713
0.190811410877504 0.158847407559438 0.0690334124009074 0.0214050834706161
0.214085212704608 0.0828545376011483 0.0408130802943449 -0.000752264870272633
0.227190686457039 0.054826622113596 0.0329918218383054 -0.0103212441882682
0.222500805828784 0.0564347129666562 0.0305796057837335 -0.00479818446239235
0.243371375403175 0.0901653663906323 0.0269845779169853 0.00548510303642267
0.220298371062392 0.181517362015885 0.0175370238983036 0.0174180065050781
0.12115597681416 0.252715915912552 0.0206317928751835 0.0163290106243727
-0.042231916033357 0.299310662734771 0.007138291565038 0.00914637428664771
-0.219500412150464 0.240871358419032 -0.00757365460812637 -0.0354911644038656
-0.273900182912407 0.116859902462619 0.0223664393958274 -0.0805530680885909
-0.239248811751222 0.0213208136447879 0.156555131633112 0.0883933517097367
-0.227569445606192 0.117071360942235 0.0957361203073302 -0.00325328076290444
-0.156626767298017 0.178113712170577 0.00989883807920921 0.0444668516910771
-0.029444841670289 0.218590172091744 0.00842329385163933 0.0762275455504691
0.0899385726041563 0.205072045833038 0.0720045067230837 0.11536648289225
0.166936556941945 0.139758367223495 0.126844977125892 0.0687101383570012
0.18980527172946 0.0745347133830728 0.119785009646869 0.0318473736380003
0.198412170661423 0.0517852211479395 0.117199574129999 0.0103931838357963
0.191221299630804 0.0548299624161004 0.106421194070131 0.01039220336763
0.19863282809362 0.0847595151778819 0.0852855310820949 0.0204573624838933
0.164468797920659 0.157053571965203 0.0563605172291486 0.0380704708959557
0.0737983950559304 0.200063969949245 0.0297202982487906 0.028083806331221
-0.0415853493367394 0.214314306628306 0.0230295469900892 -0.00554258955189814
-0.166051157434934 0.182376476127281 0.0306327661206942 -0.0617386119604501
-0.211585452270182 0.103312409363582 0.105278410002794 -0.102108094597595
-0.157364288048563 0.0339115460908873 0.248955825670009 0.0641929125232166
-0.135603655596451 0.0940519313361893 0.152489644818747 -0.030419092491371
-0.0836228087320116 0.115756988615593 0.0420307749837882 0.0186800784101454
-0.0159728965730271 0.133879387471386 0.00973083966973982 0.0787352920941087
0.0587002063491656 0.131415847776135 0.0896974243976842 0.141781494717824
0.111677257062127 0.0941413652178398 0.168972243454771 0.0981986645817154
0.13342048949174 0.0542059616446452 0.182798051373874 0.0552158227259423
0.139644714437614 0.0408160125623119 0.183065165307923 0.029469581352604
0.134029907729957 0.0460591521568513 0.161074186544919 0.0279801685249552
0.127776967338436 0.0690770915839601 0.121283713773638 0.0379724310052063
0.0875398068070301 0.115622434827408 0.0744302975566176 0.056676238959062
0.0149606047732231 0.125133645909989 0.0247369977231182 0.0377112210709792
-0.0375768099460703 0.106545094300886 0.0296673018748984 -0.0130086588919821
-0.0949125179420825 0.103912658749163 0.0556754410104789 -0.071432714412075
-0.125274411385009 0.0772600841310693 0.164062471297498 -0.111537883469786
-0.0478441876434964 0.0346410684592499 0.30166939161342 0.0321610001504914
-0.0247903244793449 0.0437263563412375 0.18107413638666 -0.055732034677214
-0.00838049729476341 0.0254563939020073 0.0618446855899272 -0.0136183407463283
-0.0125539098579185 0.0306946531533388 0.00992250763149272 0.0664468714269366
0.011558005695776 0.0427767395986487 0.0962747301267842 0.141575124969924
0.0361903184233869 0.0388015440021177 0.187417309644793 0.107514904143835
0.0540291316443223 0.0289458329898383 0.219185261119834 0.065458357046057
0.0609095118047213 0.0244794083458881 0.221038688259744 0.0423971044291584
0.0605371448525683 0.0280980450545068 0.19086769931629 0.0459057039034092
0.0481150070942282 0.0400588760757424 0.134543489165161 0.0572768130249003
0.0144949237041514 0.0590624149760684 0.0738428885905322 0.0710196141534345
-0.0237982158385996 0.0431553025949877 0.01090822166401 0.0425539888031088
-0.0155002586907895 0.00887824425891374 0.0294715897258468 -0.01775671246241
-0.0134404127140822 0.0340051440498497 0.0717082954638365 -0.0680974507348866
-0.0277035610961696 0.0507730694629032 0.194849437635834 -0.108346943788834
-0.0515427930209256 -0.0108621626295275 -0.20351097736215 0.122618200721042
-0.0545511672540052 0.0165443575858132 -0.0752808286651551 0.10499521271355
-0.0193034970902725 0.0469820822240646 -0.0156272946592721 0.046362964368515
0.0256010922843155 0.0283518306266439 0.0218541602312416 -0.0316912347532267
0.0304326121584641 0.00941347190863496 -0.0522271175858528 -0.0815382133750534
0.0258080725132143 -0.0034445697796737 -0.127083282033568 -0.0664650238152942
0.0182669687102709 -0.00828027073885372 -0.184661361818137 -0.0386598018139951
0.0260032825259757 -0.0054946952768812 -0.218988330126563 -0.0199348458828842
0.0297744415042931 -0.0032556320432713 -0.221181345835936 -0.0241403209748924
0.0484650781503024 0.00453419838325762 -0.188073601949734 -0.0521560448705182
0.0577703789032355 0.0276607070737498 -0.124537888683178 -0.0848653864881019
0.0384124888076713 0.0628438345180033 -0.0398074030811589 -0.0525685992718989
-0.0311265986282183 0.0925027319751173 -0.0725885176675904 0.0228348679419243
-0.085144587821485 0.0394820077600383 -0.15909504750088 0.054886832022236
-0.0774967229942178 -0.00555750326757194 -0.275697003470971 0.0180464239482104
-0.1355419931778 0.00538529402192885 -0.177032032437691 0.117510049450104
-0.120199019858322 0.0526526901941937 -0.0829053867819093 0.0911093054823875
-0.0638858656949017 0.0962890514443913 -0.0237669997181779 0.0618287330826561
0.0196788081016454 0.0940379090241099 0.0310834626010484 -0.0182121129834148
0.0675615326859236 0.0722686540850462 -0.0282465603800014 -0.0757800142475419
0.0909223450745808 0.0358956303933158 -0.0992661475648039 -0.0743850169559392
0.0928558938925918 0.0095271537205996 -0.160002225018342 -0.0473402281587755
0.109240982078023 0.00311220697344067 -0.191237615186232 -0.0246411155777625
0.113245019034887 0.0103645700305212 -0.188766975030972 -0.0189491692228614
0.134964261045425 0.0324506508771225 -0.159031716451533 -0.0338366884904302
0.133106401958075 0.0893203384521505 -0.108079640056923 -0.0577808661747793
0.0777544981118712 0.150020060182038 -0.0274888159481618 -0.0299488335489268
-0.0429147544519267 0.198367926948705 -0.0585732593298131 0.0410638248256233
-0.159825602532448 0.133948870459769 -0.140898024793449 0.0629799170165296
-0.175201450471904 0.0478496461017775 -0.239137911751141 0.0143155265886466
-0.208979171518569 0.0168086705672974 -0.1204035154874 0.111106261146641
-0.184366214234257 0.0841281383179649 -0.0712015146207968 0.0706776495595133
-0.114682359468167 0.143629549675295 -0.0287807751712007 0.0703747671446481
0.00389848394427281 0.162032878265657 0.0321780018526865 0.00139234957740748
0.0959406153351079 0.13828445763767 -0.00196869259254023 -0.0508413507089842
0.146746165917386 0.0796549033439481 -0.0552332132236802 -0.0652177355996422
0.156779230251089 0.0312224683698157 -0.110326867073875 -0.0455704485075124
0.175663489300722 0.0126037968510054 -0.134027803891919 -0.0262314515655243
0.17851626190641 0.0188204919242466 -0.128633835568018 -0.015477693265729
0.204076123590891 0.0484072443169229 -0.106507397543693 -0.0176987161652322
0.200867387564808 0.128555611186847 -0.0737485334052537 -0.0301608950794974
0.124325449724044 0.210973295852666 -0.00962802346328506 -0.0107876200719753
-0.0290869618248134 0.27920855597063 -0.0343025803359371 0.0451343401162152
-0.197421908018305 0.215908762810667 -0.103800854052991 0.051934312113717
-0.239626680964465 0.0992196564350686 -0.172375549388572 -0.00636205492912299
-0.258070902459789 0.027528976632516 -0.0322223526701545 0.101643063303147
-0.232978276190786 0.114866301019844 -0.0308515372501018 0.04450770501518
-0.15407851813536 0.187200915755725 -0.0225444267047252 0.0677202064115571
-0.00966299844340582 0.220588242670855 0.0279948889493946 0.0240013735622182
0.116012302532033 0.192655845302192 0.0262453765525828 -0.0083432156950499
0.185599998223274 0.114451406834834 0.00255013345216187 -0.0379558472012242
0.199376821271838 0.0479412235420376 -0.0396520096173891 -0.0327254823484007
0.214808355150322 0.0215378233192935 -0.0555775375543018 -0.0220992456529996
0.214893555905526 0.0237252084018827 -0.0507269711242781 -0.0130114940936537
0.24096933111652 0.0541307369815204 -0.0379870509741864 -0.00785018178902542
0.237689337931548 0.145155658755665 -0.0253152811197446 -0.00669634888514685
0.152132366551023 0.235532030309692 0.0120877819211045 0.00285819649829701
-0.00922584837193995 0.313039947403199 -0.00767917145171498 0.0338176851022911
-0.200421605570932 0.259217967780359 -0.0579675295098027 0.0211492974020303
-0.261542884285975 0.133449038874524 -0.0860643487475396 -0.0395266158082216
-0.267065124601966 0.0399964773343757 0.0740751461585915 0.0849208815388774
-0.243975685988974 0.135603451064461 0.0314234761539957 0.0135987341820032
-0.162670198613801 0.208999653230054 -0.00243021448440868 0.0545144610094741
-0.0128052703249054 0.243137575529366 0.0237722631456394 0.0477430186271319
0.121348244162336 0.21276897830627 0.0575445135158359 0.044587920292806
0.19670782958984 0.12846581655734 0.0682280047478546 0.00182393066495163
0.210239884971036 0.0551799635340535 0.0430368770573663 -0.0108950130305424
0.221078879948268 0.0266032673340121 0.0310249224966552 -0.0138775357861149
0.217185384964422 0.0282251876127052 0.03128916940933 -0.0100058484313635
0.237048698646551 0.0564618697476951 0.0317190904281081 -0.00155958220443389
0.227552445217703 0.142877339746791 0.025376259633757 0.0106050400842373
0.140258484613758 0.222309717288612 0.0300906824071781 0.0135012912740202
-0.00204230839894169 0.284006994298115 0.0136143841492191 0.0138486179703223
-0.175332893778342 0.245987787441375 -0.0147236070986818 -0.0187321661963279
-0.240490191249334 0.138754879071241 0.00398828309041468 -0.0760361778403783
-0.228095486969567 0.0504006643627396 0.177416269343737 0.0599994608822041
-0.202138631578142 0.132909541776588 0.0966827877088397 -0.0197617744851652
-0.128113554555056 0.185749560708302 0.0237080394312859 0.0336498310550999
-0.0075526804663707 0.209063406536184 0.0222136893236545 0.0651047227664456
0.106285391150965 0.183801271125564 0.0856283648260178 0.0906200195205904
0.172741122641653 0.113214928509083 0.128607505009624 0.0412628757237893
0.186842715881344 0.0506724405984906 0.122108368800325 0.0121827793274617
0.192649888374957 0.0264553773852258 0.112317481822405 -0.00368922848128456
0.187240642636513 0.0291963306042851 0.104698169661573 -0.00342357023401195
0.194310622220013 0.0556381782133053 0.0874055002890177 0.0063148274752288
0.172319786851828 0.126499248210914 0.0630664310359329 0.0269502813449767
0.090381902352724 0.178057920771029 0.0379196732308404 0.0242901246108219
-0.0129405546565665 0.204812094488069 0.0250183720420445 -0.00364128783014896
-0.133063949415746 0.185916986478656 0.0187529867957857 -0.0510232755477607
-0.184414789114007 0.117509155130347 0.0821188101625339 -0.105178302272673
-0.146654108938319 0.0513710607029077 0.255653335456125 0.0279170979952388
-0.117257675858606 0.101601003647657 0.145479005335811 -0.0492771597865401
-0.0663329955142064 0.118529511407423 0.0475968620976813 0.00783665511913394
-0.00258516940969833 0.128079159677356 0.0222868590075075 0.0700242107681799
0.0685708749524964 0.11820628243731 0.104458754676737 0.116867350266335
0.115513970773868 0.0762758942483487 0.172071545445923 0.0682292715996086
0.131803459242965 0.0365226596905135 0.184546488382606 0.0298038913782648
0.136762731160565 0.023121236346062 0.1770913743626 0.00612134487194899
0.131503058684661 0.0270583004704926 0.157716801456701 0.00764183594830163
0.125922909391269 0.0493424770737446 0.121689889038341 0.0202585898869969
0.0947280353338794 0.0969156185394052 0.0804636001626268 0.043192606275126
0.0283690256819371 0.114847789987865 0.0323254386980318 0.0344602961333293
-0.0224103368742761 0.10323130732685 0.0274781345735172 -0.0137128673057853
-0.0762513153675433 0.105018663322664 0.0422993512350735 -0.0668089247036469
-0.107539992538529 0.0827660880147734 0.139508390847815 -0.12083464076417
-0.040229679448449 0.0383823129982138 0.292725701901248 -0.00639019681582866
-0.0182113785561347 0.0428077501981439 0.166134226388927 -0.073749636949045
-0.0054602261710728 0.0245943527662767 0.0584797166804734 -0.0209548511405021
-0.00870545988585583 0.0302675416752484 0.0195109853658887 0.0614005859034188
0.0152164508937328 0.0397663244038731 0.109345332495734 0.119856197237221
0.0386533194274028 0.032492976205608 0.189563590160289 0.0788624973059465
0.0554793596612074 0.0211780827368585 0.219416726384373 0.0369219150665221
0.0599941675382793 0.0159144821847786 0.21407501285048 0.0139596096589543
0.0595660230975988 0.0185836050452872 0.186679787774949 0.0211668931397297
0.0481031518684629 0.031238573016121 0.134451277495537 0.0381003272526877
0.0202106911028214 0.0532598868864352 0.0795051388803075 0.0587975859938697
-0.0171771987729322 0.0426308502324539 0.0168223670672037 0.0405278437304552
-0.0146065299548353 0.00967781776406683 0.0246893782187946 -0.0203771844307919
-0.00910082466011159 0.0318575542442301 0.0597284039585515 -0.0700340313284784
-0.0204918129013638 0.0471215490975111 0.17217738322911 -0.121273477545119
-0.0494116663796963 -0.0115493482255456 -0.196515247326227 0.111391109044826
-0.052008008951907 0.0150044549574187 -0.0736157554296114 0.09751528150403
-0.0185195075769583 0.0441195953939725 -0.0147665294274017 0.0438631598443481
0.0238561337432505 0.0271180682048732 0.02081590221452 -0.0303587127406552
0.0287502517652283 0.00884514514960684 -0.0484365394101603 -0.0779948362918066
0.0242877805995014 -0.00277173261832046 -0.11959243414234 -0.0650156067618063
0.0169616037912058 -0.00704269275198747 -0.175484939847965 -0.0405612899444063
0.0248845369775246 -0.0048804296188774 -0.209175334641648 -0.0224111220062642
0.02926652619341 -0.00188395127365689 -0.210897736649806 -0.0259452149736448
0.0463133719180986 0.00481236574081478 -0.178457699744951 -0.0530036193802005
0.0548956017777821 0.0261304431417566 -0.117970385887321 -0.0821046240340215
0.0358043830311646 0.0601294435438758 -0.0379313980880209 -0.0512248866819869
-0.0307965513232243 0.0877710343047051 -0.0701449310244146 0.0212954965858057
-0.0817733203066788 0.0368604443130005 -0.151902687490187 0.0486936896424502
-0.0742886636599171 -0.00632123954725593 -0.262626919021777 0.0106955012885581
-0.129310492438611 0.00315200531782078 -0.172680993816054 0.10733537342878
-0.114509541418869 0.0481103436288038 -0.0815445926311422 0.0838385360372182
-0.0615820253686522 0.0908505630230975 -0.0222920376834056 0.058792579385934
0.0172224652640019 0.08939521701292 0.0294987517874771 -0.017346240103393
0.0631961767322819 0.0688361558936671 -0.0249896025606544 -0.0716993229739984
0.0857062172544477 0.0349028495531184 -0.0934363020414139 -0.072411336687193
0.0882571337082019 0.0103509035233862 -0.152407685899944 -0.0476079005509239
0.105106826318415 0.00459513763142856 -0.182151728166963 -0.0257372287253111
0.109076951057535 0.0118964729960281 -0.180494385831258 -0.0208006974064864
0.128934640629216 0.0331734615069366 -0.151119394511356 -0.0346222564682986
0.126081221395125 0.0861004680046621 -0.101876956116177 -0.0556995544088702
0.0726480870764456 0.143810713868321 -0.0263776275251222 -0.0294984221027427
-0.0439715227996361 0.188511802625973 -0.0575077054983076 0.0384316155384061
-0.155147973616395 0.125449970056575 -0.135292097754276 0.0565813704847717
-0.16922121255418 0.0419600692567704 -0.228192886854716 0.00743464317023254
-0.20027426258585 0.0127226003733152 -0.117928734407131 0.102172008892133
-0.17630989582579 0.0772149210031989 -0.0701425627868123 0.0641167818200519
-0.110524772444868 0.135145885989987 -0.0279031054943905 0.0669859088903993
0.00131786300535537 0.154436246366312 0.0295505213143422 0.00174756202949382
0.0897506160622342 0.132368607036237 -0.000641028021906313 -0.0481311563551337
0.138676580074465 0.0768960233397207 -0.0515658164939859 -0.0642327974875869
0.149188774763332 0.0317067261565764 -0.104984464015213 -0.0445226435323207
0.168288523613101 0.0144040544061974 -0.12836723050774 -0.0261113658005807
0.171381473594589 0.0212574859975839 -0.123099198410185 -0.0166886861579106
0.194904914661686 0.0487284254233903 -0.10100329654787 -0.0188093994180901
0.190643789347462 0.124224074038056 -0.0694786245131681 -0.0288696307691165
0.116126192213277 0.202706752803263 -0.00900076386670937 -0.011807992859783
-0.0310383428292278 0.266451378782353 -0.0346631220999509 0.0417953584428771
-0.191970970154732 0.202908182017525 -0.100137782483544 0.0464945754235019
-0.231188977790159 0.0898138785035289 -0.164787221307321 -0.00933941460086565
-0.247207934884308 0.0227198874746461 -0.0344018095618054 0.094914473146176
-0.223090106533954 0.105999287562408 -0.0317272803068205 0.0400779329000911
-0.14863587347354 0.176440405435646 -0.021413128045874 0.064212175892948
-0.0122021607454092 0.210061956612979 0.0251591178252908 0.0236461130415996
0.108769254621961 0.184036439513311 0.0265825732114698 -0.00773010971060217
0.175737596527848 0.110595100986636 0.0028566220212422 -0.0377590187813717
0.190463419657757 0.048612560639608 -0.0374021981135555 -0.0310887022125167
0.205922267163036 0.0223780634417056 -0.0535145345230775 -0.021214672840351
0.206255951923275 0.0261427699185015 -0.0484839432855495 -0.0130656949109625
0.230356451897423 0.055221591629621 -0.0359821861764928 -0.00798186489496495
0.22638059697763 0.140540737453086 -0.0231038632777902 -0.00624842422730701
0.142970742412884 0.226802854784725 0.011650564629761 0.00189063737792653
-0.0134990826704539 0.297953666852385 -0.00912291518411966 0.0310889413997045
-0.194806787238725 0.244170576948162 -0.056250404489572 0.0175740580228117
-0.252800946163731 0.121304313314309 -0.0817669185355206 -0.0394131644127385
-0.255692476519648 0.0335055615235428 0.0673956576587002 0.0815547682707611
-0.234056520149814 0.124628923922204 0.0281941710923842 0.0112743752006275
-0.157332368173072 0.196733506812006 -0.00233725741597688 0.0516482022203757
-0.0158222928072797 0.232176723616258 0.0206461360768718 0.0460695486691022
0.113092293654622 0.20356745461923 0.0554576293273456 0.0426028024217361
0.186207856108771 0.124129967976633 0.0645046928183074 0.00126698579220123
0.2013747847311 0.0552374023704498 0.040471802624688 -0.00909903345608996
0.211531479408392 0.0276076257091909 0.0300080198198339 -0.0118505355680648
0.20883029059704 0.0294760818336607 0.0298146779004834 -0.00872175624000564
0.226236713915153 0.056870111221722 0.0299303280748652 -0.00171507654954944
0.217473788050449 0.13814166475676 0.0249491160143252 0.0106616659221387
0.132349488535638 0.214005850484424 0.0291940131653556 0.0123681460540508
-0.00703463058271874 0.270525726856814 0.0108918177097321 0.0125964088805133
-0.171189041721041 0.232165469164133 -0.0145940484708859 -0.0190717132556751
-0.232791073806771 0.126117690973428 0.0050249467627727 -0.0720836196171237
-0.218786631641928 0.0436452222459317 0.167472695455695 0.0600567995681927
-0.194285254459265 0.122974160361309 0.0917684740765478 -0.0182377440970885
-0.125294288803994 0.175720938184523 0.0234992144549615 0.0317566780887348
-0.0103725123048592 0.2000194665218 0.0191871034047263 0.063238925863248
0.0989303472871404 0.176663234577138 0.0820740619942422 0.0876709079334511
0.163119936506878 0.109767768652372 0.121605576491359 0.0401661111413404
0.178561249669354 0.0497078376469386 0.11612002455988 0.0139136144019176
0.185171847493687 0.0277333070858461 0.108274851332628 -0.00174524774763002
0.179469566253025 0.0308002856494497 0.0997522557745451 -0.00169938724774773
0.184852521916459 0.0557124473005626 0.0831909667055281 0.00704903829801264
0.164029409288673 0.122668805496179 0.0612065825206881 0.0266032512449483
0.0846583189781362 0.170869284618553 0.0365960725529056 0.0232542510317609
-0.0148474486854603 0.194507666920948 0.022024279306399 -0.00427516419905413
-0.129354269491136 0.175075436782558 0.0179052854215661 -0.0489157324493098
-0.179414238475211 0.107642312977661 0.0805735228694314 -0.0977518193747639
-0.140907586470757 0.0462983915857751 0.243058981796004 0.0310901122885151
-0.113107006839609 0.0942638966875909 0.139032303761752 -0.0453113398431204
-0.0652820763796217 0.111935930224756 0.0457815163676205 0.00829293260698426
-0.00472891859732488 0.122498852557784 0.0196010196957837 0.0678763535563085
0.0640815597774298 0.113840938809425 0.0993798828733825 0.11214607492037
0.109583242540793 0.0744852223761169 0.162184057266376 0.0665585188199303
0.126465444648295 0.0358009944987173 0.17565356942209 0.0311935509175384
0.130446594351807 0.023702826409669 0.169332646475958 0.00886515742248401
0.125614499058581 0.0278653198302585 0.150716849543386 0.00969099174431987
0.119317152529908 0.0488534599958524 0.11567722188885 0.0215362341114939
0.0899239592507433 0.093378177470588 0.0770145355461361 0.0425087081572572
0.0258172040570428 0.109837308783429 0.0306693392868924 0.03272725126208
-0.0233637764761484 0.0975760099983673 0.0248416053191987 -0.0139034349780192
-0.0747030674749745 0.0986281294943423 0.0407683391838271 -0.0628518444217851
-0.104376353392813 0.0758473440343347 0.135432922984483 -0.110869993709413
-0.0386524533795208 0.0355463787866099 0.280013388436607 -8.56830116760742E-05
-0.0174860273219377 0.0399767961176848 0.160196246765925 -0.067313117707209
-0.0061599772069743 0.0236371276075905 0.0567328150705958 -0.019585539854189
-0.00899221037679574 0.0288404401089621 0.0172630543990057 0.0592344508007904
0.0140705806655871 0.038234364267942 0.104271673324097 0.114941121069203
0.0367023236369389 0.0316789384867382 0.180147686945265 0.0773529252936948
0.053275740124899 0.020046132909695 0.209238211834618 0.0381844241440247
0.0577375853709178 0.0164780611940387 0.204809120473636 0.0164352823704063
0.0564671895723353 0.0186226058424068 0.178143192212419 0.023365783358739
0.0449340743097612 0.0301993989363903 0.127485338245398 0.0383638033193826
0.0185636663667403 0.0511542914104977 0.0748975032821051 0.0570183331575082
-0.0163279698629272 0.0406418537872027 0.0159800212765041 0.0392667594018721
-0.0140167890921137 0.00874248001414748 0.0230887202334115 -0.0199640163195853
-0.00911870862513077 0.0300573524711361 0.0576627865489713 -0.0649857410247543
-0.0203813582802654 0.0436317673593257 0.166290773981836 -0.110984381849725
-0.0479972412371154 -0.0127395682944934 -0.199233703002641 0.0997838287082244
-0.0511405327906868 0.0128953087672329 -0.0772156923942958 0.09185517345315
-0.0193999549737961 0.0427394822236214 -0.0162670190786767 0.0425069744668807
0.0221380275308004 0.0272365633506381 0.0215590165656388 -0.0296706761990417
0.0273701661821849 0.00998204459991683 -0.044974975476475 -0.0776644891041589
0.0235670217398794 -0.00220987036479511 -0.114796672546907 -0.0690920785663803
0.0168507215416066 -0.00571044023780603 -0.170948455502385 -0.0463863572568749
0.0250796710862075 -0.00414730897605919 -0.205646631379441 -0.0292392385470761
0.0292181926264557 -0.000551701091744357 -0.206400657994192 -0.0335841424372173
0.0455547204067279 0.00674904529965671 -0.173554284561753 -0.0584845163981888
0.0533210962165651 0.0270542908467282 -0.113336351941324 -0.0846820736478867
0.0321895912236 0.0598684399933621 -0.0360008433640166 -0.0525313610588198
-0.0329781121732238 0.0853143234649649 -0.0700081393121313 0.0185798109723987
-0.0819307478349119 0.0333485601574691 -0.150829335661572 0.0403323645342926
-0.0730456183996945 -0.00979198369971534 -0.258862610059413 -0.00192474036595149
-0.127715372595945 -0.00201143054187304 -0.175237703653061 0.0972669066379379
-0.113758224907076 0.0423581007275032 -0.0842843323755081 0.0774318966588755
-0.0632717304395156 0.0866444989832091 -0.023916262165017 0.057026313142156
0.013735744530384 0.0881731292268212 0.0291131628380955 -0.0156375172780766
0.0593663998533813 0.0696381597234604 -0.0222287119784624 -0.0705738377488946
0.0824829415905248 0.0370504221941794 -0.0888640371305274 -0.0754526325950265
0.0869072469129701 0.0143259900732971 -0.148219391880626 -0.0519721499393488
0.10332050134637 0.00802576418890697 -0.179026771233561 -0.0318738924665647
0.107677165811462 0.0161391476698408 -0.177236922092942 -0.0276797053404985
0.125845540797197 0.0377836207788417 -0.147449795003949 -0.0402115302962089
0.121298838900462 0.08822819408181 -0.0974007118348979 -0.0581522148474061
0.0661170703338819 0.143742177412444 -0.0251611699165359 -0.031019654967653
-0.0499244061322501 0.183891958469817 -0.0588267997208724 0.0358472450342375
-0.157531558144165 0.117046260557537 -0.135545430399229 0.0480149329700498
-0.169074155844527 0.033532719009177 -0.225280675463929 -0.00304594644108099
-0.197488379053805 0.00476275783013536 -0.12192199664147 0.0945570219803269
-0.175308881591395 0.0684915260478991 -0.0732312513812864 0.0591147021920986
-0.112437891453439 0.128580579452065 -0.0294507017266365 0.0648636390278333
-0.00454269571774132 0.151263983516376 0.027955270375156 0.00342267020252658
0.0833727182935462 0.132636244237299 0.001302654455642 -0.0469849652340666
0.133490747316924 0.0794098528359843 -0.0487504114658952 -0.0651880854759495
0.146664778756358 0.0366013050847154 -0.101996008165922 -0.047330996399041
0.166183440578657 0.0200427428370957 -0.125774603121915 -0.0292313308241208
0.169545793289151 0.0274146004586487 -0.121337531828633 -0.0208345943834303
0.190640088947795 0.0553607250601702 -0.098676587119082 -0.0226299084706794
0.183221360894318 0.127790469786484 -0.0665780966726955 -0.0300692833769215
0.107591276050242 0.203617056987143 -0.00895422706723082 -0.0127900392199211
-0.0415749951753509 0.260436615548462 -0.0370749786779336 0.0398729042533489
-0.196749897824127 0.192230736633534 -0.101721686377591 0.0403120075585045
-0.232807858730754 0.0771196528343995 -0.161792132126647 -0.0171379938706453
-0.244083047507227 0.0121679242481727 -0.0400474635664518 0.0906003304558788
-0.222296476254115 0.0944596521608986 -0.0348193097671966 0.0364801561554838
-0.152219720820534 0.167498251464139 -0.0227344757321783 0.0626272087260793
-0.0194086687171347 0.206600846449255 0.0226952796674452 0.0245910614676015
0.100150472321867 0.1849404515001 0.0268678662087164 -0.00671717693450521
0.16898729054243 0.11393917607624 0.00380448954272231 -0.0378992865222641
0.186314101806043 0.0544314408238178 -0.0361547183631849 -0.0317619995568148
0.203049643569796 0.0302817632364652 -0.052069527340397 -0.0219283211763631
0.203756460875142 0.0335882296713301 -0.0482070090501544 -0.0143913989551983
0.225565333519571 0.0627002676832637 -0.0355712869436529 -0.00964343120093521
0.218564181310151 0.145082716075334 -0.0219455049525842 -0.00601678648539471
0.133009482662987 0.228373591483823 0.0113187571620374 0.00220880090804677
-0.0242374334136223 0.292755707064489 -0.0124182186341107 0.0296010685884416
-0.200919528349625 0.232480078854409 -0.0569032436132865 0.014016272490175
-0.25562125857347 0.106764579983403 -0.07915716115062 -0.0417532521014015
-0.252831183417762 0.0221702896142203 0.0607957785770181 0.0820859868565035
-0.234528189089446 0.111968384128337 0.025357698936456 0.010736825966222
-0.161771286750054 0.187056583527726 -0.00280906526756106 0.0502625695084043
-0.0240127557472234 0.228427838801795 0.0173013312309119 0.0467290898886999
0.104930395138013 0.204245662723734 0.0539586199119922 0.0434300496618924
0.179499568048592 0.127921095051465 0.0627506785549125 0.00265524921793098
0.197154566937531 0.0611993927040395 0.0396578145663117 -0.00695842791900365
0.20871005728056 0.0352031572503449 0.0300454968147083 -0.0102125434396595
0.205961802552094 0.0371264841813305 0.0295802511121148 -0.00663402611623958
0.221456115866133 0.0639134164814666 0.0290486578124752 -0.000836730439280984
0.20951478898248 0.14290932156934 0.0257042908287347 0.0126979081915713
0.122795136739458 0.214534076293174 0.0288432454323865 0.0127137480695419
-0.0165854614545732 0.2654965110337 0.008465331379333 0.0121810422263573
-0.177080736266164 0.222177596259885 -0.0148204327083116 -0.0203698649573986
-0.235689226867358 0.113002693258108 0.00781729130002994 -0.0704699393181748
-0.21716213945692 0.0338124561470554 0.16094349451816 0.0657927557231165
-0.195439102414064 0.112363732562492 0.0897467052039328 -0.0157848432870061
-0.12955382000117 0.167524534745899 0.0227155215449502 0.0314700317073451
-0.0176651261600314 0.196965068137231 0.0155062826258122 0.0637664207427213
0.0912598124428406 0.177290085675207 0.0777558638706317 0.0882884979995308
0.156648090074647 0.1133663952306 0.117855912029606 0.0434445333693637
0.174835062843238 0.0546690749082004 0.113150356939467 0.018801662317388
0.182035981749372 0.0341843622975625 0.107084048059701 0.00296145692006594
0.176724219148728 0.0366356512382223 0.0986243328881816 0.00245349513043743
0.180116809512883 0.0614570506296918 0.0818868277345276 0.0101398768158892
0.15785292250383 0.12584945041808 0.0598725538690049 0.0285460016287058
0.0780677993549223 0.17076110873964 0.0358227300368042 0.0235546007350333
-0.0227024090534991 0.189846776157622 0.0200420197452709 -0.00395423740921687
-0.134441635120423 0.166823836353706 0.0185787548764059 -0.0476294837058905
-0.181754886424605 0.0967688103182483 0.0835182296722049 -0.0926823073515849
-0.140852588603372 0.039483048971014 0.238000615418539 0.0415825035948738
-0.114626704709906 0.0876832736486087 0.13791746520433 -0.0392898356898109
-0.0684168971193019 0.107399706861529 0.0451889863568988 0.00911915491370267
-0.00968574181059198 0.120813207654215 0.0161601020207769 0.0684807129184666
0.0592189401691528 0.114198207292813 0.0948261897308063 0.113493900896143
0.105472736040806 0.0769069668295728 0.157053884620257 0.0716322932480135
0.12353740437158 0.0398837026444542 0.171925846475574 0.0375783581487103
0.128189370689195 0.0279214618833366 0.167291763518006 0.015277540783634
0.122744581258668 0.0321025150107834 0.148213782999147 0.0153261683996845
0.115139865392567 0.0515956258522837 0.11247776283356 0.0253232868204319
0.0854747275525572 0.0948581801700461 0.0748201906357292 0.0447804764525596
0.021685270326755 0.10846585445171 0.0296214230262714 0.0338694861523133
-0.0271924929791362 0.0944578692495105 0.0235210948265502 -0.0134827115886426
-0.0774905870796541 0.0934443577251065 0.0426947226328557 -0.0599898908697865
-0.106968294901051 0.0687167491897084 0.138451881488321 -0.102146625605309
-0.0391307593859254 0.032453447890814 0.276814151494051 0.012894324950264
-0.0189188681914789 0.0380461322231655 0.160772528024503 -0.0592364476732856
-0.00699421028100882 0.0234464692072857 0.0571008942527253 -0.0178527965443954
-0.0101626856015064 0.0286720106360431 0.0145268974368109 0.0594135075257074
0.0123421788330249 0.0384548822402398 0.0981580098100191 0.116277273576629
0.0353102870553473 0.0328610013422996 0.173931429262705 0.082933462972431
0.0518683110913573 0.0214065856872939 0.204535783702112 0.0461469146102034
0.0562387029283637 0.0177540801647306 0.202214004855641 0.0243874320701518
0.0547975728814361 0.0203290068270134 0.175419421463965 0.0302839804498912
0.0425720305166811 0.0318990719765421 0.123493635981498 0.0428216603680113
0.017037231074499 0.0512952161961783 0.0712685121516513 0.0586867106985993
-0.0174937350192134 0.0397353634482877 0.0147415966897525 0.039001555464328
-0.0148814656283898 0.00815604020345053 0.0227092554605995 -0.0195431682551325
-0.0105312201042332 0.0286423701927623 0.0587388233819218 -0.0604379384822551
-0.0219909109116178 0.0409145736392123 0.168555483686268 -0.100524436450702
-0.048756955613741 -0.0148642336375223 -0.209741666975959 0.0926054523118945
-0.052808859437292 0.0113930618148303 -0.0828432082482702 0.0895730928629204
-0.0211292362357844 0.0430127531755761 -0.0173701802014818 0.0433369364421965
0.0218716195758064 0.0285032594236496 0.0230032497532632 -0.0299326812096679
0.0271505416832119 0.0108689359035636 -0.0430484600735595 -0.0799479698645606
0.0237901319099418 -0.00163641570862408 -0.114558764934873 -0.0749057482972889
0.0173144913838625 -0.0047442095900595 -0.173611121155369 -0.054183576295743
0.0257301554433756 -0.00297165423777681 -0.210175049951485 -0.0375408141255264
0.030716531607231 0.00152533459523267 -0.210876617275023 -0.0427908211944742
0.0472334892976268 0.00869242156992708 -0.175805198640463 -0.0669792881038513
0.0533198666165702 0.0291395810436596 -0.112604803171228 -0.0899886268273198
0.0308767730699848 0.0628864877377712 -0.0355949433895786 -0.05565612516519
-0.0365114517517085 0.0859636079873966 -0.0725342180961658 0.0166717831167712
-0.0849119042013334 0.0312962342518867 -0.156290886306098 0.0338213093926074
-0.0752438355454031 -0.0128627101651562 -0.264958229803953 -0.0148453009185748
-0.130526990983349 -0.00699314007786379 -0.185142716088117 0.090799283137839
-0.117229161298739 0.0388665086968572 -0.090719146484582 0.0746452097258164
-0.0670920666675307 0.0857007568000781 -0.0258702182633799 0.0578349659528263
0.0105339147600855 0.0902736365808233 0.0300314753822361 -0.0150546975438736
0.0583389500624872 0.0725954326098102 -0.0193077217884503 -0.0723845585055055
0.0828657334263875 0.0398992041359471 -0.0881559216071114 -0.0810269565020218
0.0883405616568665 0.0175818531787103 -0.150596516193568 -0.0589934621480403
0.105745655660688 0.0122054961967828 -0.183423469226719 -0.0393719940150057
0.110730556650788 0.0215005453259646 -0.180993776408691 -0.0347126628267703
0.128110922168454 0.0434605628189832 -0.149585966828406 -0.0469792202472166
0.120912560308593 0.0940425874882 -0.0984004134677887 -0.0619553166567159
0.0624969471370212 0.149320612552487 -0.0254141316272974 -0.0335361633676373
-0.0578855137919638 0.186321749273927 -0.0627729972936817 0.0340498194467
-0.166170515479103 0.114175641858899 -0.141643979328778 0.042399555293586
-0.175464648823393 0.0265876360233218 -0.230722855851924 -0.0137287153598839
-0.202474819700692 -0.0031067774665035 -0.130842802859352 0.0903566329869339
-0.180815274821307 0.0623983705182685 -0.0793055658169236 0.056132090801182
-0.119499774080026 0.126348627326209 -0.0320647536806406 0.0652918661900012
-0.00959152717881161 0.154327168730937 0.0278799471188593 0.00446536926846675
0.0808677298029933 0.137999446362063 0.00401712610055904 -0.0476064308687344
0.133192865249694 0.0857272914887703 -0.0478617668299514 -0.0699123974935791
0.149687218948448 0.0427867117088995 -0.103445697954197 -0.0518341146101086
0.170089888214492 0.0265530181213943 -0.128272292337812 -0.0343182343101325
0.174162346012231 0.0347994348598948 -0.123813156448223 -0.0259189635080648
0.194212263040966 0.0640216098565467 -0.100680249391515 -0.0271645654135432
0.184149508577127 0.137515102367407 -0.0661642683262427 -0.0321212578744133
0.102205707101598 0.211670642705237 -0.00855245929829901 -0.0136719893529175
-0.0512566815083813 0.266059897626081 -0.0410608267374108 0.0389077974355893
-0.209213474506261 0.19047936778108 -0.106285679047738 0.0355834478029035
-0.243539618800261 0.0684571609869337 -0.165831664452928 -0.0248973582090704
-0.250958731853621 0.00265655946647438 -0.0468947197766584 0.0906456907304325
-0.230748520013372 0.0873113096555074 -0.0394805212427009 0.0339598721850448
-0.161475456987133 0.165158176602563 -0.0248286499162333 0.0628128814976888
-0.0275288418534262 0.210365841467044 0.0212984713864733 0.0265476479607925
0.0968103009299565 0.192092411091635 0.028311317324326 -0.00559554647546274
0.169756286315858 0.122865344386211 0.00463045648068635 -0.0393708895921192
0.190023878303141 0.0621625277004725 -0.0370110423362077 -0.0328603697717273
0.20823110076948 0.0378622555484343 -0.0530328113085023 -0.0237138122282598
0.209252180040382 0.0422084957882213 -0.0488314517031614 -0.0160452165001486
0.229883000369501 0.0726134112346283 -0.0359082162519915 -0.0119400451946706
0.219530192424526 0.155808341715615 -0.0206637747116748 -0.00613404397851552
0.128854340575476 0.238154357029501 0.0116527135330523 0.00201332175038692
-0.0358711662767539 0.298432755978789 -0.0154599094286343 0.0292141966568911
-0.215319001392237 0.230615588683024 -0.0605649970359943 0.0107598163164499
-0.267910640007615 0.0984473410478902 -0.0796029431325216 -0.0464141350621445
-0.261037637650065 0.012782489262785 0.0580660780569675 0.0868657018237718
-0.244183518627204 0.104961585925844 0.0239010335287699 0.0102603102580638
-0.17260961691541 0.185382557897241 -0.00464185541025932 0.0504826440402214
-0.0330705015742656 0.233652818535678 0.0153488601915175 0.0490791857479563
0.100413374186477 0.212227188483197 0.0542189374648114 0.0463718708343408
0.178769838932054 0.136786663231649 0.0636469228377145 0.00421020402009894
0.20071710513991 0.0694099599338946 0.0400264146156504 -0.00447212140345968
0.213523941341189 0.0431120028965093 0.0313340565613032 -0.00854507133080194
0.21114081792277 0.0456920388360667 0.0308747524480763 -0.00553205133724222
0.225543994779383 0.0735067564381827 0.0305797974074959 0.00013996195929464
0.211319833094894 0.152282550201217 0.0269528204916499 0.0146929165623652
0.11909402605818 0.224219460290172 0.0292186771995455 0.0141928111853047
-0.0269920160433528 0.270768882226254 0.00590608999166463 0.0117635572698779
-0.190097268512872 0.220273262433678 -0.0153028154034657 -0.0221163583550858
-0.248265069925466 0.105417918563391 0.0105652983150227 -0.0713785869871303
-0.223851102103223 0.0252201829262176 0.161120534087353 0.0744854565441225
-0.204602909879538 0.106760864648145 0.0908147139698116 -0.0137561987717366
-0.139299267610267 0.166348900984295 0.0226078676210957 0.0329404986139908
-0.0254809358224771 0.20138631842779 0.0127390294030877 0.0667231345900084
0.0873567484661562 0.185009127968777 0.0776234456304892 0.0932117695428331
0.156767385569127 0.121387287712517 0.118830738685453 0.0479516712430825
0.178423455849662 0.0626627967229821 0.115698264588906 0.0243449855262846
0.186490123915346 0.0410662076718154 0.110407189073811 0.00763760592821596
0.180556702677528 0.0437387462277147 0.101595747739994 0.00676575002565415
0.182737285003829 0.0691563405298182 0.0830983920215416 0.0130848965967766
0.158309181112777 0.133787882280715 0.0615810151639931 0.0319378604036796
0.0736811377807971 0.177083742875583 0.03615196457595 0.0255719024756946
-0.0304766454358391 0.193060590291847 0.0187691301666755 -0.00393072642386065
-0.143981659406116 0.165125813067407 0.0201330962698944 -0.0486375132509122
-0.191795894352849 0.0904423956540598 0.089127301964487 -0.0903475811666915
-0.145880405190191 0.0335569111145601 0.242395613772964 0.0527038372569154
-0.121186391376468 0.084207485649538 0.141911983845228 -0.0349663533789728
-0.0743685499469039 0.107261671248485 0.0465034144739503 0.0107306067192224
-0.0145677542489867 0.123636136881866 0.013698552323974 0.0717543637162906
0.0563318509896173 0.11897894976178 0.0931275039444941 0.119318314059007
0.105392854961092 0.0829253436774196 0.158389654310407 0.0783377216409291
0.126081700841831 0.0445257521228135 0.175179367800693 0.0455685396102405
0.131352864355788 0.0334429647792245 0.171992382070201 0.0216570441917806
0.125526348573624 0.037430267267956 0.151919118399909 0.0225274183501601
0.116003004068409 0.0572778104584703 0.114055123485544 0.0304898832411657
0.0848480530704083 0.100056447470012 0.0750438617876148 0.0486816844946496
0.0182265969966793 0.111799393006138 0.0292689082028396 0.0357194893238933
-0.0321838368927681 0.0948625184691525 0.0233831477154277 -0.013710299442331
-0.0821938012725568 0.0923013249698371 0.0447085808672143 -0.0593462604661876
-0.113300040860046 0.0654283037948945 0.146333077042426 -0.0978599002968684
-0.0410798515783058 0.0313103737721788 0.283759140191367 0.0252190001725479
-0.020515266168445 0.0375823966183331 0.167015693262783 -0.0537043413247558
-0.0077929589281411 0.0231833540867214 0.059635260661031 -0.0163909960745937
-0.012209529214233 0.0289725684813985 0.012947934464506 0.0624879758935244
0.0115833575004429 0.0391924387424429 0.0962157122169392 0.122553872188202
0.0351363418913133 0.0347328924782976 0.17540269713996 0.0912629431221499
0.053150467746608 0.0231419473129493 0.20905498299081 0.0557210679774364
0.0576375793859331 0.0204527902965402 0.207758375391076 0.0322767485316797
0.0554703664058315 0.0224307962181693 0.179239935715383 0.0375423422146498
0.0420180922342208 0.0338223138850066 0.124583902948337 0.0487780231427091
0.0159338209825357 0.053535426391686 0.0708117477354771 0.0623684669732025
-0.0193261676370907 0.0395457033324275 0.0142757192104393 0.0406407057494639
-0.0157167171371316 0.00750519913712473 0.0226809529403083 -0.0201317220589084
-0.0113069244715285 0.028735531406548 0.0631781111713389 -0.0584220683285011
-0.0241545012476132 0.0408343712684204 0.177510869286977 -0.0941241256269709
-0.0517491252914932 -0.0156923661848987 -0.224358982668458 0.0945669662274361
-0.0555205577653357 0.0119968529575977 -0.0892886875709425 0.0927604875173153
-0.0223960332394352 0.0450480800256459 -0.0184660026341485 0.0462989839790343
0.0228836963040918 0.0299067963205502 0.0241185877592809 -0.0315331275591548
0.0287540297974833 0.0117309115095448 -0.0446112823820993 -0.0845155096986097
0.0244701167088856 -0.00174240043640512 -0.120337294810333 -0.0807535198830907
0.0184663718855688 -0.0047315496089211 -0.18332260012712 -0.060259439029224
0.0274746957732048 -0.00288585888921729 -0.2234184766481 -0.0418367397589188
0.0330558428463424 0.00211898310080407 -0.22366077079195 -0.0471628264794043
0.0507084890387798 0.00924243601802867 -0.185756127672514 -0.0729018208395438
0.0559205724300801 0.0301770822848639 -0.118353777116671 -0.0967200829501378
0.0316495195836747 0.0668680520316119 -0.038099096693312 -0.0597800885713757
-0.0396100181298911 0.0907858648425566 -0.0778227467642011 0.0169442796738117
-0.0907766156462935 0.0323311957980642 -0.165885774187666 0.0327054432333798
-0.0795514009318957 -0.0145368450890475 -0.281739873688277 -0.0211784842525494
-0.138735163073032 -0.00892216058860369 -0.199086011798013 0.0925338121598453
-0.124073954996301 0.0396607025891507 -0.0980380339947375 0.0767581695498679
-0.0710731791372718 0.0895736213080769 -0.0276059711227618 0.0616141629627109
0.0104300798284048 0.0949782624624979 0.0308253055359006 -0.0154592835202952
0.0613404578355009 0.0768869110954429 -0.0197536942855463 -0.0757778402489901
0.0866629576633481 0.0425466144110338 -0.0928531826530384 -0.0870103963661301
0.0938700983473641 0.0196319121830376 -0.15876223960376 -0.0639273375658216
0.112659100717953 0.0137576369535718 -0.194597992959533 -0.042344626910355
0.118461420375119 0.0239084863209012 -0.192239531600332 -0.0386553788020259
0.13688176628757 0.0474288821300331 -0.158107511509104 -0.0521439751921754
0.127792716310557 0.0993528760668658 -0.102321824621867 -0.0659528816643988
0.0646545721718656 0.158858982278542 -0.0273044230077329 -0.0360261627350037
-0.063111384106088 0.196368022920911 -0.0680162403037709 0.0357061119205479
-0.177176840156852 0.119651934873179 -0.150984868866002 0.041626395251793
-0.187472466248202 0.0256527619788801 -0.246221115296134 -0.0191558738301773
-0.214744628716707 -0.00513486391477301 -0.142015775886951 0.0933781709527073
-0.191642331821666 0.0639287312269879 -0.085994138533915 0.0567232244031442
-0.126879132805521 0.132451790544833 -0.0330572679894536 0.0693291582159132
-0.0113969950659727 0.162654904514279 0.0283918767314865 0.00523487295053889
0.085036998978655 0.1463898420212 0.005212028408967 -0.0498862319165163
0.140744696175927 0.0905017364340396 -0.0509429886823101 -0.0749233069392836
0.158770699384345 0.0461558192495415 -0.109664160959837 -0.0555491045505183
0.181060636989173 0.0291716114218792 -0.136397240183666 -0.0370444998035695
0.186152231466933 0.0382627370486657 -0.131737255790424 -0.0284730804641622
0.206842772643196 0.0698549398247369 -0.106279379895455 -0.0297979671617279
0.194691828769869 0.145906850607465 -0.0687700043931791 -0.0336122163798345
0.106685971212066 0.225184196924079 -0.00986730523987068 -0.0156480782084759
-0.0575229027003148 0.280536735350148 -0.0454411491119929 0.0408211828869451
-0.223924196960753 0.199418639434375 -0.113732750964628 0.034669066874797
-0.260237295912703 0.0690022077216421 -0.17673196983683 -0.0296130162044887
-0.265854179586676 0.000546431762448094 -0.0524508634669434 0.0950248244904726
-0.244111287325968 0.0888680239589208 -0.0446762336057395 0.034376329751168
-0.172441622852949 0.172202905511195 -0.0262831642803822 0.066366076685304
-0.0305426460473034 0.222621769569377 0.0217402100906698 0.0287409666943084
0.100865257644511 0.203188617487535 0.0304906586482105 -0.0056764047973723
0.178204536865264 0.129936961476557 0.00424746557952694 -0.0429882994131209
0.201954679356721 0.0668199963881091 -0.0390789921196069 -0.0340673158966607
0.221661160789707 0.0413067520673801 -0.0560693388447392 -0.0248068180767969
0.223311258599847 0.0465540467720987 -0.0520527623808901 -0.0175510200334893
0.244324361465619 0.0786459791793946 -0.0380224550522054 -0.0129918004383267
0.232628915725857 0.164860657375604 -0.0205479104782671 -0.00561530200475976
0.134814985993993 0.25276608252271 0.0118156566118724 0.00115342128583685
-0.0409605530516803 0.315381618541474 -0.0185007116869239 0.0309208130491641
-0.230380584792924 0.24301919594325 -0.0653783227108856 0.00928283427461868
-0.287208135921598 0.0999926073373407 -0.084908737752787 -0.0504194752740892
-0.276707667218268 0.010542471396333 0.0582810682680509 0.0924415040656697
-0.259164214416771 0.108219351402145 0.0223361571643013 0.00981189336665912
-0.184625358643756 0.193663801255566 -0.00456788120632442 0.0533479196410444
-0.0371123545977521 0.247050731076528 0.0147390648933359 0.0531909767525121
0.105096759073412 0.225488525587441 0.0580490789791455 0.0493645582538559
0.188421168923066 0.145327094937452 0.0669687663207948 0.00382537555796098
0.213064049722693 0.0740949426908477 0.0421555390265919 -0.00360559915804486
0.227246478089451 0.0468017135261209 0.0338971655730753 -0.00875907760432646
0.224915604706002 0.0498697543204847 0.0328524632549499 -0.00522947884293929
0.239912269826123 0.0793113279277166 0.0322389751864662 5.78574355276584E-05
0.223510602925796 0.161965826972053 0.0300283083350276 0.015897860923601
0.124566398071717 0.237708922334239 0.0305413023349776 0.0147313606642511
-0.0312973423976573 0.285695165378825 0.00381049235503648 0.0121215649051751
-0.203053164790186 0.233179208188935 -0.0174137342339113 -0.0246296469382991
-0.266028227656206 0.10760926235019 0.0113981079913705 -0.0750659305166018
-0.237838374436549 0.0233977304922863 0.169477279328964 0.0811046654850905
-0.217867592724543 0.110078617044767 0.094730041145679 -0.0144658201020268
-0.149763148976681 0.173964366620605 0.0237567056686461 0.0339108649921984
-0.0295034202358365 0.213483076909731 0.0128438642831726 0.0727793017635712
0.0911029744136788 0.195951560815436 0.0820735059561655 0.0991147374467554
0.165790483204895 0.129725524218369 0.125130873971424 0.0509567531952797
0.189684291351182 0.0671139159610537 0.122758763618174 0.0277439686796899
0.198119099146529 0.0447257272703615 0.118063554119515 0.00934585093425871
0.192229500430801 0.0477972578374593 0.108597794180606 0.00797346229232091
0.194005589289211 0.0747188142406055 0.0879411909496949 0.014086684295425
0.167168949652571 0.141591429526592 0.0663027778592372 0.0346873068934663
0.0764569689238738 0.187702163598168 0.0381713905829872 0.0269474667402471
-0.0345279848318698 0.203468932935205 0.017916288753539 -0.00417390905692624
-0.153886624230717 0.173778177319451 0.0213548342820347 -0.0513562112701093
-0.206272709559178 0.092884226145847 0.09579023626969 -0.093851797618188
-0.154805813064779 0.033393920557961 0.25687675594765 0.0606572189108621
-0.128983670346956 0.086898353739301 0.149162730903985 -0.0359794037261825
-0.080178317341182 0.111667367203448 0.0495079061078456 0.0111350206507877
-0.0166982782907735 0.131259269739962 0.0135077831790847 0.0772414619535866
0.0584630928341274 0.126317099618948 0.0978117821046324 0.126368103364262
0.111599509558297 0.0888422864850529 0.167513394029257 0.0843588473236693
0.133114549906718 0.0480185310257197 0.186175488487998 0.0508728087106567
0.139659167332253 0.0356275918242457 0.183689734622446 0.024355968682098
0.13360259275904 0.0398735873605835 0.16253975467098 0.0248416385032712
0.122423962207622 0.0620743466767272 0.120714442247223 0.0335108103761663
0.089660028404788 0.106408364203001 0.0801287087265093 0.0521091960305849
0.0186617969022267 0.117594524167463 0.0310441405491852 0.0377843512650342
-0.0355466973218194 0.100034787055636 0.0225998648911369 -0.0147435038838725
-0.0888439732554605 0.0966893748238908 0.0478025843098449 -0.0622202760146777
-0.121530308283956 0.066975710620982 0.156555903590854 -0.100761227903037
-0.0444867836554369 0.0320505538068533 0.302523924631192 0.0313298904614546
-0.0224247719521451 0.0388559849631829 0.177769206116565 -0.0546686421431311
-0.00875259656578457 0.024051820950224 0.0636255870954082 -0.0170242611679143
-0.0136591888211014 0.0307556554358289 0.0134163581510757 0.0675358803968972
0.0117725120404595 0.0415530075869931 0.101465096920591 0.130097949641085
0.0380943841401586 0.0371679619001418 0.185745177282596 0.0989462078645291
0.0562704241607174 0.0247250643940453 0.222214799451975 0.0616149332661746
0.0608367444683911 0.0215657915958152 0.220787301584902 0.036261657347497
0.0585663600047236 0.0246857259884438 0.191078541902222 0.0419617560747098
0.0439036565005159 0.0370964631169544 0.131681597917235 0.0529876814401191
0.0171424969971759 0.0568958496754691 0.0744448619471728 0.06655255762906
-0.0205995540798749 0.0422131804531775 0.014391066389739 0.0431185851609487
-0.0171605148198419 0.00722568782846946 0.0229876226567804 -0.0211817022117647
-0.0124266690927936 0.0301438323650666 0.0670563838171258 -0.0605235534873296
-0.0262440066284926 0.0422526322237433 0.19002953490577 -0.0967083503507238
-0.0574708665779149 -0.0104278690384701 -0.221006562965572 0.135655721661526
-0.057389570209264 0.019167714465801 -0.0777562324560502 0.110314546069487
-0.0165959347235966 0.0506491597932015 -0.0116528028415717 0.0497564888625635
0.0285480785045056 0.0285832699913538 0.018279063311543 -0.0392534387324769
0.0337004144577041 0.00797144509215971 -0.0633549559887678 -0.0808243256622086
0.0261838809043861 -0.00534978505269348 -0.142295515265547 -0.0661720749085104
0.0194062601833583 -0.00772663684122453 -0.208523485230214 -0.0327372217334022
0.029807019052355 -0.0085994650708096 -0.242500204201734 -0.00822194092358812
0.0363288626897169 -0.00410620316367821 -0.246212279269381 -0.0153084492257496
0.0561759707680762 0.000208736498978268 -0.207661058759523 -0.0487017659461426
0.064290579871343 0.0216690331758153 -0.141434626789581 -0.0848493491978818
0.0434965637271347 0.0655969548940572 -0.050257125633831 -0.0592096513678
-0.0264869075864864 0.100666953715384 -0.0786907981866009 0.0304036593103622
-0.0885151506592761 0.0472964175222038 -0.169605482239889 0.0603977772668334
-0.0839247138822575 -0.00119702766427616 -0.303607063524416 0.0175036469412877
-0.149677524703088 0.0122779861288236 -0.189896883353038 0.123274646323071
-0.125937539498353 0.0587259788927055 -0.0888611695581861 0.0919984894957852
-0.0615608520283688 0.104990790173156 -0.0173087254473221 0.0636485031665296
0.0249702991681974 0.0982653966772127 0.0284745433780116 -0.0264240391604016
0.0770273689297074 0.071321576541112 -0.0371224734934932 -0.0798374274700546
0.0987623490387557 0.0314110416287222 -0.117397861483753 -0.07847967280259
0.10238195519127 0.00652717614854097 -0.184097195289513 -0.0425629124810888
0.122136805448999 -0.00418624724464853 -0.212651809585932 -0.0133652278161423
0.129536183004437 0.00471629421214863 -0.211323176722831 -0.0107242634462741
0.151915727807138 0.0270338494577182 -0.175585250979622 -0.0315639306729
0.150198515342105 0.0824931698130777 -0.119339450250983 -0.0559890324878732
0.0910394941173479 0.156688672636628 -0.0345957638889767 -0.0377064891148065
-0.0338674138039404 0.214953002061364 -0.0639792382919481 0.0476659016794614
-0.165572148246153 0.151462363409337 -0.150597693441239 0.0697656429471246
-0.190517942305162 0.0560007217449374 -0.266071861562987 0.0147976329848475
-0.230867982149942 0.0299496821599471 -0.123940424191562 0.110094703855288
-0.194013556358555 0.0941662289049798 -0.0787852807881014 0.0667323396922436
-0.113981941695992 0.157820305689292 -0.0206685719681261 0.0685461878801273
0.010965573973971 0.173401831071267 0.0298237293099491 -0.00735718276560283
0.111127673658762 0.140072194902537 -0.00819103292593181 -0.0599876068580393
0.161901738214449 0.0741080979029973 -0.0742605395363378 -0.0744655576720909
0.175078985370584 0.0254693926807171 -0.130986542550251 -0.0428482629373933
0.196305824452842 0.0015416767465973 -0.150961845841688 -0.0167637350987088
0.202722904067171 0.00953314257232499 -0.1453218817156 -0.00948736784337912
0.229175929485128 0.0396655228723677 -0.117177302274159 -0.0173566360346193
0.226448314899527 0.120155251891864 -0.0787342384432065 -0.0279575062065035
0.145095870221361 0.219957555056253 -0.0129489548223315 -0.0201060865450082
-0.0150316644563611 0.301646551996158 -0.0384431428626665 0.0484837045324479
-0.201716627454051 0.24119207283508 -0.111464450781312 0.0587522840380814
-0.260983463844377 0.111907214432174 -0.194376675855858 -0.00473061510186958
-0.286846896798694 0.0450606347323791 -0.0249912672881054 0.0936038473062056
-0.246727407831133 0.129409030008462 -0.0370945766844958 0.034130356998583
-0.15676387317622 0.207619401105858 -0.0119151808064189 0.0600703514065037
-0.000944103073274945 0.239403711526387 0.0273005435019177 0.0161062514710997
0.135628407971479 0.198976915304545 0.0252908428897156 -0.0210186344700367
0.208059936164866 0.109565134709902 -0.0127251479187774 -0.0518466142985871
0.223702079795936 0.0409348307191668 -0.052842523491575 -0.0331952040071126
0.24122242640515 0.00859520387013477 -0.0643284492621634 -0.01678596785204
0.243524097168242 0.0122796891012285 -0.058824989375484 -0.0105062825010724
0.269242935164141 0.0434192783894256 -0.0423060537497319 -0.0105974319407691
0.269691948631477 0.134635196588584 -0.02362401691128 -0.00664651750836814
0.178550818443092 0.244633190065475 0.0127041662870131 -0.00662018474359622
0.00830028248316271 0.335913000090977 -0.0114570370954314 0.0332455905559258
-0.202727276737448 0.288582388235787 -0.0630535268761509 0.0245681884526293
-0.284848819428436 0.147294977689269 -0.0996148394415545 -0.0393041533397838
-0.296875278113578 0.0593879036062389 0.0939329161059032 0.0705455513501598
-0.261279369462183 0.152444008238243 0.0303980931879396 -0.00451174203153662
-0.167053399757836 0.232662682689929 0.00845740235993199 0.0407523726445349
-0.00490474787323283 0.266166269934473 0.0252320318010367 0.0421771286735572
0.141719973667137 0.222067803226445 0.0632283871969979 0.0304792213555306
0.221567242916035 0.125061208010607 0.0609292881453559 -0.0131112660781299
0.23722756952754 0.0474154752511666 0.0402965551038634 -0.015629375648995
0.248100374244948 0.0140187689022855 0.0332014579073902 -0.013935458802006
0.246108015327791 0.015821199263908 0.0335703236334033 -0.0117397947606731
0.263763721494631 0.0458990062461961 0.0339754211337858 -0.00767977912640009
0.259638101611381 0.133106168540497 0.0336456393480449 0.00854300928826978
0.165363238260603 0.230197738092724 0.0351410229327415 0.00521767389797636
0.0133220546109942 0.302777719649278 0.00895908206676575 0.0100414599562705
-0.176533076260129 0.273544622553362 -0.0178908372344937 -0.0193215003062832
-0.262331930604798 0.152216413107098 -0.000556686813538038 -0.0798974840201605
-0.253897320865269 0.06774042795549 0.208439693063308 0.0418844793985635
-0.217158299781718 0.149315362695697 0.101935815978362 -0.0404052660691431
-0.132904945334984 0.207309750861636 0.0341466403329933 0.0174641023362665
-0.00196216113874358 0.230483645693501 0.0270654137690801 0.0645424163704679
0.122729811013954 0.194053045215438 0.0985513971119137 0.0800402317505668
0.194126977159162 0.111615784251772 0.131749239654645 0.0275272164633194
0.210198635329876 0.0433728934553019 0.132565028910725 0.00427569457139947
0.216995681493679 0.0171929357290688 0.124792013383032 -0.00907182936488393
0.210480131729585 0.0197893751930594 0.116753436675796 -0.00956306997693685
0.214845063941341 0.049009886242026 0.0956748896790487 -0.000612045395360856
0.196862969761475 0.121173084516925 0.0758842938459188 0.023487929529985
0.108283205355195 0.184858892844149 0.0453737242885629 0.0187075410378855
-0.00362026908326762 0.217135535355258 0.0197531225752398 -0.00904732419988295
-0.134109422622521 0.205250874096165 0.0174894019292087 -0.0542349900876487
-0.201641498930642 0.126833811221147 0.0867728433569802 -0.112516661934214
-0.163201880734999 0.0634813245754221 0.292589311477068 0.00908961646413157
-0.125378745706283 0.112368459415417 0.154968044706967 -0.0694492359541909
-0.0691916476459325 0.131018722296909 0.0556725564839738 -0.00565678513997407
-0.000775218939624185 0.141450866743499 0.0290517044236594 0.0734989349497488
0.0777654391022232 0.125342176739537 0.122194923178975 0.110070742372053
0.130352589216494 0.0767914159762661 0.184785764559777 0.0579719312739352
0.148188636840457 0.0318240527704405 0.206710557005905 0.0189337542343231
0.152900480315932 0.0171622554624833 0.196676743658043 -0.00368989299375971
0.146687342332214 0.021955115946571 0.176957470731514 -0.000331572679345111
0.137398904009911 0.0471313494903838 0.133410793818865 0.0146816875612474
0.110162607148145 0.0967549562700211 0.0927747468686235 0.0404857486289057
0.036717999304966 0.120036977012701 0.0404504583444766 0.033345211162488
-0.0213868781480511 0.109504890182391 0.0221132022431675 -0.0198581839353231
-0.0777795446271818 0.114835869939106 0.0431040139548729 -0.0703872426594237
-0.118002680635016 0.08709207828555 0.151836307702916 -0.128805077399352
-0.0443965092041749 0.0431712314238035 0.331145267117619 -0.0222712946338671
-0.0189932711482342 0.0461217783848572 0.180419685270713 -0.0883870317008942
-0.00693524566787767 0.0269682888515511 0.0643545295399321 -0.0300448086153925
-0.0104677131124972 0.0350277286669536 0.0271140363857648 0.0675299312200345
0.01611580397881 0.0430203586176741 0.129579548168992 0.117222463912345
0.0443003376262508 0.0341534921183797 0.211468500592712 0.0727334855601636
0.0629161260576095 0.0184841059268493 0.248407094879983 0.0254602614194365
0.0673267318159886 0.0143222641442933 0.237958194645017 0.00230287349233134
0.0651313167159046 0.0176708650102094 0.210690099327152 0.0137443805440662
0.0501818894375065 0.033409859051516 0.147702891489167 0.0353773039143934
0.0263920258517227 0.0570732201319034 0.0894501872386913 0.0577682964742863
-0.015549617962197 0.0470342647376341 0.0239269026579862 0.0426468621157588
-0.0175188784611663 0.010295419889093 0.0200516125899012 -0.0267007965158502
-0.00919366911093536 0.0332489589896397 0.0620421713835401 -0.0733500398846012
-0.0225414881391738 0.0466192066175554 0.189056701612561 -0.128712947604242
-0.0594604211160325 -0.00523509168064348 -0.218237944872157 0.156412866288357
-0.057019814183799 0.024550587984925 -0.0717849950167183 0.118184040605943
-0.0124137464592516 0.0526056606857719 -0.00701354558299933 0.0519892515278097
0.0319158429544897 0.0264895007691879 0.0146885422609734 -0.041854432726777
0.0355205124801299 0.00504101075050169 -0.0709026767968268 -0.0766880008405757
0.0259443253297125 -0.00754362093103256 -0.152146309053496 -0.0551576147779054
0.0189822409466027 -0.00963222113520572 -0.217830609075284 -0.0155601207626559
0.029928984519119 -0.0116482863483948 -0.251096570746249 0.0128262285766339
0.0375859314504397 -0.00746701252514231 -0.254975799178216 0.0058405947360444
0.0578701166750347 -0.00480497588863199 -0.21736302471861 -0.0320445501972469
0.0674955004322964 0.0160068377200696 -0.151987601658539 -0.0747607218175599
0.0495175385618893 0.0630427921146477 -0.0575569718972164 -0.0568438712401759
-0.0179416181314025 0.105888024028905 -0.0779771851357013 0.038150901160906
-0.0861513845097994 0.0562866154099143 -0.169724356911782 0.075065675995638
-0.086908355120268 0.00527833227276982 -0.312097848713109 0.041202107209221
-0.152600190074543 0.0261112839688716 -0.18760966758553 0.142605868794571
-0.123497463537324 0.0707049998252491 -0.0853885342097473 0.101175573961419
-0.053327365422686 0.111922344742002 -0.0111125688054472 0.0662341607858807
0.0341175813511876 0.0981236515118029 0.0262009361822505 -0.0289649504732836
0.0855175962505053 0.0657928744881534 -0.0441940281482958 -0.0782964065936165
0.103449939023856 0.0236450070219449 -0.127909304149869 -0.070761992776714
0.1060381232285 -0.00222706452497515 -0.193005238360682 -0.0267652320022704
0.125789383016541 -0.0150176147983835 -0.220320597137082 0.00538354456024066
0.135236109045997 -0.00612813182923617 -0.218935635745688 0.00701253089327062
0.159310549890218 0.0137440897874825 -0.183378502763462 -0.0178065391206927
0.160732902978716 0.0709566200222414 -0.127149450704296 -0.0471326909544253
0.106676569735101 0.152616246070118 -0.0400970765360627 -0.0362410858975494
-0.0163740368728322 0.22402001975952 -0.0623748565733205 0.0548173324365207
-0.156731590820051 0.169551527278489 -0.15031500016066 0.0835672473109102
-0.192408408271862 0.0729814916240737 -0.273619431594751 0.0368897814050267
-0.234503447222987 0.0503175438639402 -0.121001722156265 0.123166276018463
-0.19056372082068 0.112718146129567 -0.0777212794530259 0.0745922506079977
-0.103512624446415 0.170467222418018 -0.0140383197971689 0.0716998493972438
0.0262023013579068 0.176035640264856 0.0294680149961535 -0.00954136599531677
0.126688788598769 0.133831683300784 -0.0131744736451399 -0.0608839737818429
0.172421272981928 0.060914735529117 -0.0833852528525746 -0.0707518140556644
0.181999758560382 0.00978782996926817 -0.138797479709548 -0.0317371045665249
0.202993244166585 -0.0157219512902363 -0.156800663586529 -0.00326809351032602
0.210993295207021 -0.00816932582371611 -0.150671177640681 0.00312488691310551
0.239696198079939 0.0202491733731451 -0.121974165752904 -0.00814247351516901
0.243184644561858 0.10194905459727 -0.0819735680919706 -0.0225305947215047
0.16867815886517 0.212752229140481 -0.0154805251222829 -0.0202424944724362
0.010757288666 0.311271801264789 -0.0368727343658338 0.0535871929577052
-0.187060536054245 0.265930227902573 -0.110797359153746 0.0687058845164209
-0.260468284465216 0.136114155080841 -0.202171584784294 0.0115826121086688
-0.290008287482944 0.0718384133725371 -0.0203429896226425 0.0980918179825242
-0.242040659407825 0.152999059114123 -0.0384526972811832 0.0375215687460284
-0.142987385884369 0.225919591889645 -0.00699390915703738 0.0616179728415148
0.0197122430813732 0.245707556776032 0.0290985478377233 0.0143043336982216
0.15745687333121 0.191485326323712 0.0243328526838621 -0.0238683075059824
0.223498400781853 0.0932547457738015 -0.0183382479354165 -0.0524643546742614
0.233867120039516 0.0211992569291344 -0.0569421731680303 -0.0287420807644032
0.24984569144732 -0.0127973029436979 -0.0679616117445284 -0.0114868661909244
0.253252903097226 -0.00977340057415989 -0.0617273813226953 -0.00549780200420981
0.28198038492865 0.0202259952115475 -0.0444895248570339 -0.00794992663904129
0.289122215654133 0.11269239463609 -0.0227869015691551 -0.00538990179501169
0.20468350758911 0.234936036734397 0.012155269149678 -0.00830907527253541
0.037263882342908 0.343861796643391 -0.0109667113746002 0.0354757483862357
-0.182452301252022 0.314460449548883 -0.0648894506563739 0.0298553385144394
-0.281185681408963 0.175203794634309 -0.108289574477468 -0.0312102423605623
-0.300133550990024 0.0863534779731972 0.100500352292496 0.0646473769720595
-0.254670878951319 0.178004076344987 0.0272162684016184 -0.00672429382480429
-0.152608607552547 0.252772703068939 0.0126015030403429 0.0403481535335849
0.0186449189421275 0.274145625849323 0.0295445899101902 0.0409048237415035
0.166563599644247 0.215320811415769 0.0679759957915152 0.0256920992516137
0.238633599633339 0.108024984845606 0.0605373825315778 -0.0195350511625408
0.248085243804546 0.026503160524384 0.0407093056509268 -0.0185618038927047
0.257283257478175 -0.00790650494705212 0.0331917431924849 -0.0174217767751198
0.255661455901241 -0.00679924633026053 0.0340349446626173 -0.0149252311947539
0.276248323352979 0.0228359912653222 0.034427169697133 -0.0112961090856411
0.278784238848068 0.111444343063098 0.0373067857113554 0.00554195031416227
0.189943422315852 0.220774068873426 0.0364822527672537 0.00187139303470413
0.039449267633986 0.309977709024372 0.00756541002703434 0.0105657132610781
-0.156775410159087 0.296243113399119 -0.0223533663687176 -0.0183026021398962
-0.258626163948663 0.177362566999742 -0.00758715054356154 -0.0807004825062879
-0.25591117825578 0.0904769009764691 0.216511450559051 0.025825578159213
-0.210224934333801 0.170942885057204 0.0978966710779092 -0.0493093442150438
-0.1196277209715 0.223576515877443 0.0366373695453035 0.0142135461271747
0.0179181997039249 0.236851129611992 0.0326860045301696 0.0642085018622056
0.143074079711704 0.188580296577092 0.108343473246759 0.0725511219663331
0.209356773333629 0.0970770648819769 0.137624054844825 0.016667590243512
0.220643373604059 0.0250779401780406 0.137703349252312 -0.00698863812241371
0.225140336426301 -0.00255260545266382 0.128146851079777 -0.0206543299637801
0.219140255580438 0.00125924829472441 0.119176482201923 -0.0208320812643181
0.226073639379472 0.0303128501539363 0.0978993314916454 -0.00981867876021647
0.214110448645237 0.105446433996302 0.081454609904523 0.0164354064132975
0.126415971164703 0.179984836322128 0.0486880071709497 0.0145554006140312
0.0142428947187348 0.222765238080466 0.0172217675376859 -0.00995960242041136
-0.119471558117927 0.221899004581894 0.0117350951327272 -0.0565036690390347
-0.198025131615106 0.146452557807748 0.0797197380145184 -0.12156181957589
-0.163212411347037 0.0787908869117704 0.302286335198083 -0.0150793224382822
-0.120594407331611 0.125150868417882 0.152011011229441 -0.0828586432922951
-0.0606713494688249 0.140036061118491 0.056809900669407 -0.0108489622595842
0.0111958829788314 0.146043995442346 0.0363273673850543 0.0739140428721231
0.0909272167418707 0.122857602420514 0.135034552569678 0.101922972117776
0.141237351024079 0.0667259852950405 0.195325473680673 0.0432235768203813
0.155832101779422 0.0185619790042637 0.214571074504129 0.00166415823944516
0.159337952730802 0.00380280275044953 0.203092571130904 -0.0209596548240011
0.153384247846757 0.00923536484240458 0.182850955790694 -0.016848243529814
0.145626778286164 0.0359489904830305 0.138156506717036 0.00352710198888993
0.12251814797747 0.0890646401052747 0.099877452578955 0.0332070233827331
0.0478276858487936 0.120374447658857 0.0442663205078371 0.0297510843218392
-0.0130868172634148 0.113607773015611 0.0185392265358576 -0.0217465152866434
-0.0698298874408134 0.124332290100224 0.0371165868311418 -0.0756561988075729
-0.114914527642757 0.098561002417943 0.145203051158678 -0.143765879705469
-0.0425093204476634 0.0475594190648714 0.339695052678383 -0.0498381589256534
-0.0161234100194712 0.0479014348311246 0.177965356927338 -0.105096867970761
-0.00531881287822839 0.0280887339263023 0.0635724045366142 -0.0368984627452972
-0.00850050506020063 0.0372353993589313 0.0342524592044599 0.0678614515093725
0.0199013304834789 0.043509433073299 0.14260886622535 0.109106024666353
0.0492113057503239 0.0311732775280284 0.224376258703873 0.055811413350374
0.0666964827073318 0.0132360609939835 0.258565476085034 0.00344010706310211
0.0708151754676998 0.00870665126317757 0.246749774915227 -0.0187567530969593
0.0684111403339374 0.012037010591827 0.219055609517399 -0.00527485802913641
0.0547475875580079 0.0304138683408822 0.155203911812484 0.0237270384594774
0.0327431656108949 0.0562132681703658 0.0971464570406338 0.0515644841170556
-0.0122810718048309 0.0498175045496146 0.0277683573148299 0.0421357593126065
-0.0176126133533218 0.0119896190862771 0.0163267711998242 -0.0289493464503045
-0.00581753041546712 0.034894951265989 0.0579070016419971 -0.0797796794273286
-0.0195759071295101 0.0490738734352435 0.185334862450316 -0.146763879348408
-0.0582597528234452 0.000205353798829012 -0.203360980217743 0.169885808537198
-0.0529792443395666 0.0284874507425512 -0.0617842480451371 0.120103750323296
-0.00787056957361025 0.0519948015223298 -0.00188608986601428 0.0510064208694847
0.0332115980971549 0.0226951231546916 0.010066717068991 -0.041591336883679
0.0354970763771708 0.00164874140248236 -0.0746683849456337 -0.0686307172035311
0.0240096470983119 -0.0090771663994762 -0.153178170486027 -0.0413900630438209
0.0172830049303619 -0.0100634348571773 -0.214181906879728 0.0025672087735121
0.0282729307778581 -0.0134746041706904 -0.244911933124816 0.0331191706469696
0.0372096056955498 -0.0106924300856455 -0.248857291981995 0.0269668279690227
0.0561502747461904 -0.00995156549686735 -0.214427749964646 -0.0141151335171387
0.0658927764579238 0.00975155165492524 -0.154400736168074 -0.0604727567205541
0.0533721207862036 0.0572765768919859 -0.0616956056750772 -0.0508470972148174
-0.00846924229520544 0.104796351153457 -0.073328766120643 0.0435369367623776
-0.0790566528607152 0.0614427310849868 -0.159855576731798 0.085121661041738
-0.0845571727806959 0.0123954130807262 -0.302936617220524 0.064184240148596
-0.146198597326437 0.03798619401137 -0.174608418362656 0.153258170212635
-0.114324259114189 0.078425066444641 -0.0774459197228572 0.103977602751714
-0.043191282946708 0.112159171446267 -0.0049518603846571 0.0652305038743942
0.0408270846951548 0.0922615351700801 0.0224506753918135 -0.0301746692265013
0.0889395139550684 0.056154837134409 -0.049011537354257 -0.0725387691353242
0.102418843947411 0.0147851106131387 -0.130805581216899 -0.0585407388220327
0.103068774236871 -0.0107263637351549 -0.190597628727736 -0.0104104733541199
0.121922150675733 -0.024972345990522 -0.215357787566286 0.023688778037434
0.132734394826751 -0.017352539704714 -0.213465579345935 0.0247732246118317
0.157279581396391 -0.000265565151124241 -0.180404534031234 -0.00340620708357515
0.161962984047111 0.0553463632545229 -0.126336427456814 -0.0363360409213341
0.116654491985098 0.139969559903787 -0.0430927504789509 -0.0327496441958413
0.00218171284946363 0.219943271834822 -0.0576720182139869 0.0583427096764341
-0.138838813798738 0.178088269640073 -0.140783271805559 0.0922709019194598
-0.18263924460184 0.0858896771673982 -0.266085983994031 0.0566245185113189
-0.224443095604496 0.0684183819689389 -0.111289278017471 0.130624677824905
-0.175920854495704 0.12435151865737 -0.0724667531387937 0.0783317216491326
-0.0867711710347616 0.173562399847516 -0.00770720291718589 0.0702286803001557
0.0398374638489948 0.168918225962791 0.0277976670967072 -0.0109961880929642
0.13465677587741 0.118315335977415 -0.016923640627571 -0.0581141019854659
0.1728136939631 0.0451854958570613 -0.0876693193900024 -0.0622820144692944
0.178734983516575 -0.00568034013726451 -0.137865455000556 -0.0194007776016589
0.19775444117301 -0.0323445848911283 -0.154361287416051 0.0099218000452223
0.206945198133007 -0.0258429286973824 -0.147594617543428 0.0154199472070961
0.236289861520629 -0.000816135428211348 -0.12027685979286 0.00155849852439705
0.245202155773737 0.0784919544867777 -0.0798593779441757 -0.0156190272238242
0.181071354869744 0.193418478245267 -0.017816072059249 -0.0188301644979928
0.0352629944278711 0.302992631804119 -0.0335078723774343 0.0562683099790762
-0.159550539057295 0.274181488891922 -0.104827510816773 0.0747630966731679
-0.245124763290228 0.153601857154819 -0.197492134235692 0.0279206955281042
-0.276680914343051 0.0931917944554282 -0.0147213626284643 0.0974550511777382
-0.223378332672436 0.168154359148663 -0.037862292853485 0.0404475414894539
-0.121094281134629 0.230032532340679 -0.00161515151910552 0.060497352331861
0.0388498263607234 0.237366867636975 0.0287511847620252 0.0119597868731386
0.170045265168803 0.173178627447111 0.0227391790771162 -0.0261544108026649
0.225017652938738 0.0715001045119933 -0.0229654300544833 -0.0502795316980931
0.229997037498271 0.000611472038496207 -0.0573223977033912 -0.0226675303633243
0.243326646640293 -0.0342838150525207 -0.067265433172673 -0.00542551641792271
0.24782061111985 -0.0311023856071089 -0.0609209081743365 -0.000298321374375058
0.278184085866153 -0.00476436296733403 -0.0445066050023794 -0.00476507793498813
0.29146881333655 0.0848754148566448 -0.0209562345700023 -0.00404680738453402
0.218922982475198 0.21192848550245 0.0105916199817477 -0.00953763199669613
0.064153856062014 0.332150702764975 -0.00993946230469136 0.0365602773748952
-0.151999990800617 0.321009355995121 -0.0631399885206474 0.0341997799669812
-0.263618395932136 0.192133852116725 -0.10837623742185 -0.0206446841931979
-0.285709656734463 0.108456271878258 0.101369242713554 0.0560203299038011
-0.234197869605831 0.193495964230106 0.0232060037877189 -0.00763607821190697
-0.128285983502797 0.25751476648375 0.0156370243278861 0.0373287521885974
0.0400062906510561 0.266439349724225 0.0317496593798361 0.0378460785200284
0.180054308265706 0.195777947854497 0.0693557107603889 0.0185581736049059
0.241063030342956 0.084505097067012 0.0572553957723982 -0.0248875277118681
0.244551301366985 0.00423671577919376 0.0388380289530397 -0.0211744752442597
0.251520837862765 -0.0305198254316896 0.031045015817062 -0.0193787773291631
0.250007533064497 -0.0279704451381553 0.0320037158451907 -0.0182423109154543
0.272510435692989 -0.00114279306792456 0.0313361308676297 -0.0148439755174688
0.281882205384562 0.0846259573409338 0.0386559309837751 0.000674017516066308
0.202482850450454 0.198161134016728 0.0354643496281263 -0.00170897103831131
0.0630661819468196 0.298361849793921 0.00588111582927551 0.0105316275204531
-0.12877092493656 0.301898327549682 -0.0254744717675965 -0.0157553610385839
-0.240244950946826 0.193485404624419 -0.0142377828590977 -0.0768433184913438
-0.242175047342559 0.10852076986285 0.212824256413589 0.00870521400126767
-0.191511577478796 0.182120162746034 0.0890047315054669 -0.0553789859201049
-0.0996825636602516 0.226707257302805 0.0367018437214798 0.0105856298703353
0.0360874234743299 0.229987311377774 0.0367997928257549 0.0606973626863811
0.155391827129592 0.171705295433637 0.111667277787273 0.0615557811854284
0.212873754322387 0.0764587086941498 0.134881994173991 0.00371148384825396
0.217931317499168 0.00504972485536139 0.133748601411433 -0.018101588916331
0.219874866493506 -0.0217226011927579 0.123962794414109 -0.0312952612554684
0.214596068029197 -0.0173337886120168 0.115295928643926 -0.0303765619200142
0.223514723194247 0.00998734935971925 0.0941254752090371 -0.017869202729709
0.218251459777332 0.0829304127706602 0.0815846363136327 0.00831342633664186
0.138441642657354 0.164909583564074 0.0487875504125991 0.0106046276100007
0.0313251462529081 0.215679644220217 0.0135647421556239 -0.0102187996860957
-0.0977069687263358 0.226121400084844 0.0050604485610949 -0.0552095687112774
-0.183538610095388 0.158467434587831 0.0691813990433093 -0.123628321598846
-0.153049609927089 0.0892502036361969 0.294746017731287 -0.038315149815524
-0.107939217352188 0.131084047601187 0.141055998028173 -0.090868764381707
-0.0489709512376604 0.140453442421383 0.0541203393884515 -0.0154025171001896
0.0224829311984929 0.142270156310499 0.0414735034829318 0.0694650828487366
0.0991441489063199 0.112476161223704 0.139575007510953 0.0874573320084847
0.143408711307662 0.0533248254244004 0.194230730303555 0.0257658552608967
0.153860529508945 0.00485230538150552 0.210590958009169 -0.0166238162554228
0.156373479745348 -0.0105008286290393 0.197767620609655 -0.0377727771451594
0.150663596188623 -0.00412015933114265 0.177569544909687 -0.0317871886170498
0.14556204218489 0.0237182548681784 0.134982962806412 -0.00822415949717346
0.127166249604295 0.0747836888221885 0.101107313898061 0.0232165329555005
0.0565734205193533 0.113148116513515 0.0460962504113981 0.0256351112170783
-0.00460296147173951 0.111379517870877 0.0144664432111646 -0.0219228922009852
-0.057659747359714 0.126441585536479 0.0296277566484621 -0.0755815858464325
-0.105133374942162 0.104170850254751 0.13236790255 -0.150673034047742
-0.0384329603066003 0.0492533835725197 0.329449466827833 -0.0751792194777315
-0.0126949180637631 0.047521486620137 0.166386007364461 -0.115360996176867
-0.00299109371014609 0.0274664066819553 0.0588939044149651 -0.0411296911320419
-0.00506795570577626 0.0375248372768897 0.0393978937885848 0.0640156228214342
0.0229836137439025 0.0412354498789928 0.147724114386683 0.0939528027659182
0.05113172749438 0.0256346992370615 0.223896073345354 0.0353751529581725
0.0663813007332722 0.00643691475157393 0.253796284100938 -0.018228671884187
0.0700408872762459 0.00199471459510741 0.240868952159886 -0.0390306329318432
0.0675028722022665 0.00611078411233248 0.213779865057531 -0.02434514088633
0.0560783147993044 0.0259602541789633 0.153854445628785 0.0108152054486334
0.0371261745552062 0.0515845515052984 0.0988757574129591 0.041790481415561
-0.00695992678243722 0.0498259473028871 0.030651068242964 0.0383425213930993
-0.0169581113478777 0.0125450906101572 0.0123131340659796 -0.0289449676037288
-0.00319234917494279 0.0341078262344737 0.0495279627827639 -0.0815738448358894
-0.0150193761556596 0.0488769943808059 0.170257662741215 -0.156622782629595
-0.0547191009168661 0.00282386299918939 -0.188066910629581 0.169406843968442
-0.0486376991918463 0.0295696638485492 -0.0562002895834384 0.11511520165464
-0.00559724177286495 0.0501094274200809 0.000790204308095847 0.0479619673965243
0.032407670125006 0.0200171207168908 0.00720335756842885 -0.0403999232337249
0.0338794612321827 -0.000599545521595342 -0.0730986109117133 -0.0609710106573781
0.0219597873808498 -0.00906874438030243 -0.146981909461525 -0.0319357392665129
0.0160838470720069 -0.0100536611569862 -0.204630665559523 0.0114761927986473
0.0263784082173044 -0.0140033637757007 -0.231858472979892 0.0421466855805828
0.0355729481215356 -0.0118089705820935 -0.235664511767081 0.0362408594565286
0.0536403831700867 -0.0122485817241854 -0.204537570900084 -0.0049184259648479
0.0622280040568852 0.00669256792937968 -0.149023882346724 -0.0508781660947665
0.0528571257908836 0.0518647197537876 -0.0617681071660538 -0.0461539708622681
-0.00310125362361457 0.0990347738188095 -0.0680769899429652 0.0446761221302558
-0.0723954508842685 0.0611819448430455 -0.149274441084963 0.0856241909847411
-0.0800025834151652 0.0151241617794017 -0.28710518463418 0.071725805392094
-0.136346905590446 0.042133910135457 -0.162248497617851 0.153048984510396
-0.104376567762409 0.0786074970814958 -0.0716644054441232 0.101340312668225
-0.036765367972779 0.107368131773192 -0.00138529224936453 0.061051772706258
0.0420829173650307 0.0851268513543069 0.0202342450695432 -0.0291716541605371
0.0870241294377111 0.0489237516549175 -0.0486491890870794 -0.0663016129225685
0.0972875001106248 0.00960050714682984 -0.127041962132927 -0.0500719524032021
0.0972026156974642 -0.0145528581970327 -0.182156717022359 -0.00166992698889509
0.114869274616027 -0.0297142670219257 -0.204738040585621 0.0320434199101858
0.126366505504603 -0.0229527932895289 -0.202438490486358 0.0329806700107105
0.149964879958258 -0.00701175811000998 -0.171553460810864 0.0039313093324034
0.15549498935921 0.0454947829079353 -0.12085630766412 -0.0297299045185804
0.11603277042371 0.128005602429418 -0.0431002362407704 -0.0293517264281349
0.0118445336883325 0.207518160377699 -0.0536504904671192 0.0585426809844069
-0.123809414903757 0.174093345862222 -0.132259569418664 0.0916626800058656
-0.171764646777052 0.0893637066816308 -0.252873919581353 0.0645662871958241
-0.209016608618724 0.0743331964128299 -0.103205344631321 0.128265785026961
-0.161230893532987 0.124889457358098 -0.0684706699038932 0.0779378127699799
-0.0754589889723792 0.166805574261647 -0.0045243248401465 0.0668749302092623
0.0442673043515769 0.158132013071855 0.0251435452549012 -0.011810160267027
0.133117513837567 0.105991884415128 -0.0174514398852505 -0.0548417465546268
0.165751570380664 0.0346847854916503 -0.0866646033581385 -0.0556539366794004
0.168905516134125 -0.0134575043785821 -0.130686917502571 -0.0120227021327913
0.186741726371398 -0.0401182683951588 -0.145994479037423 0.0165927498566977
0.196729994901506 -0.0346392951955633 -0.140312650333348 0.0213865917063497
0.225203643894061 -0.0116603327823289 -0.114551100969631 0.00555242265716052
0.236653586863995 0.0634655838719057 -0.0758316997151081 -0.0123005549062124
0.179787255286709 0.175708883498206 -0.0183938604337753 -0.0172058795718117
0.0463058908641161 0.285515677247759 -0.0308996500596188 0.055655410643312
-0.139763347682818 0.266549617236127 -0.0984733634587729 0.0754861129076034
-0.228077181497487 0.155170863692084 -0.188134018837023 0.0351121834733446
-0.257594172364134 0.100201172091727 -0.0123380869536039 0.0939353411468044
-0.20444487749811 0.167612897484127 -0.0376384761926981 0.0410616623028598
-0.105929311198044 0.222745586770265 0.00101670389230946 0.0567691096416963
0.0472059361382182 0.223178504467388 0.0274210171262364 0.0105095353122116
0.168870043996167 0.156041653255095 0.0209531927310179 -0.0266379120432946
0.216851050118094 0.0571519300388977 -0.0248881868889261 -0.0473574476627808
0.218317791101723 -0.0103776874945835 -0.0557859381973271 -0.0190436321880425
0.230227538018503 -0.0440682860356375 -0.0639232339751798 -0.00185193515581581
0.235491325945564 -0.0413833106484276 -0.0581793169850382 0.00223988217050239
0.265471452349429 -0.0173982082022291 -0.0433039526337413 -0.00364861027130829
0.280834111726677 0.0664101302814393 -0.0184679296248842 -0.00435376087577403
0.215734903876369 0.191864424967865 0.00927140240048321 -0.00982803280209794
0.0743763779430495 0.311617678007734 -0.0100710218410507 0.0364719802206651
-0.130153807338837 0.310665756377475 -0.0605418171036072 0.0356258056792582
-0.244933991693795 0.192990334829609 -0.105489851573709 -0.0139538623764074
-0.265686409643386 0.114490611612695 0.0969597463390766 0.0496597779266708
-0.214536426807448 0.192379455067916 0.0185919725141854 -0.00675882675579218
-0.111815932189723 0.248329423249926 0.0159751396825684 0.0343834382709993
0.0492339968673275 0.250614150858861 0.0307413452163003 0.0352863663500982
0.179709331823261 0.177420385656851 0.066353988788806 0.0141092806568058
0.233003821349523 0.0683412255580344 0.051982099132498 -0.0273688093867651
0.232805297809944 -0.00805678092366043 0.0361055161714399 -0.02225652616825
0.238273482956462 -0.0407785572424971 0.0289787943850241 -0.0201422986361093
0.237703608772501 -0.0388371434346137 0.029958278397081 -0.0186866629386023
0.259796370125715 -0.0141905552424794 0.0286245655840205 -0.0159414617847085
0.271462066301053 0.0659872746350701 0.0380512896477451 -0.00236213193089429
0.201379446308196 0.18030012429953 0.0334516511633643 -0.00328048735101645
0.0720385115933735 0.279517796701621 0.00401694288172783 0.0113186600921908
-0.108881430567335 0.291678427329698 -0.0260962910535001 -0.0125470955964456
-0.221840429022504 0.192984432417963 -0.0174946477089637 -0.0706154559565287
-0.22542667003972 0.112952274835277 0.202090142996143 -0.000240281431863981
-0.175399392848305 0.179908178268437 0.0808291243942661 -0.0542244557062795
-0.0857192092323962 0.218314760826906 0.0352552415580784 0.00832443111740072
0.0438900641334478 0.217384009460416 0.0373909315867762 0.0561261956349813
0.155270666617875 0.156597638479159 0.108607593133539 0.053263744894724
0.205089231314046 0.0626658754141595 0.127875824195704 -0.003558938661566
0.207112797530219 -0.00532613092196324 0.127009479237393 -0.023586554686521
0.209252423317957 -0.0310553834900379 0.117576864299958 -0.0354024035637039
0.204277848627541 -0.0269328240493857 0.108562898251878 -0.0347168993018952
0.213923285223761 1.32459724410286E-05 0.0879819548430846 -0.0210878443710117
0.211037068723554 0.0680871418926405 0.0791137381178332 0.00282178475972226
0.137739144119339 0.149849014933532 0.0467996185400163 0.00709597735265072
0.0376282228706396 0.202985027098782 0.0106468848568742 -0.00873073002213569
-0.0826529244804416 0.217553951705637 0.00127811601128919 -0.0513144018586611
-0.169527120005158 0.156888471851508 0.0610122155430992 -0.118690630895934
-0.142123007432146 0.0907184882995559 0.278521204200538 -0.0486022023739302
-0.0980217595946606 0.127915289692924 0.130013122035245 -0.0911972061835777
-0.0412632028941166 0.134784716858562 0.0508107732009909 -0.017131551815397
0.027150324238103 0.134639646373524 0.0425989128599303 0.0643547905488974
0.0995046551604944 0.102667021032047 0.135882709238464 0.0763383969606972
0.139325446402464 0.0432510149438866 0.185092003618624 0.0143399377910516
0.1468935511703 -0.00290221102228733 0.200269010377035 -0.0256049398715566
0.148627295018442 -0.0175172497663761 0.187371437151928 -0.045321086066095
0.143066543411323 -0.0101059838172292 0.167819388598526 -0.0389510277674106
0.139428901532358 0.0164316961375018 0.127731378433384 -0.0134588462929613
0.124133957010017 0.0647909430855879 0.0973370517058723 0.0171687587953218
0.0582002335542423 0.10503839184592 0.0452561904979246 0.0224362670771435
-0.000534621151561426 0.105688409295461 0.0109178969363752 -0.0201331387581642
-0.0486696661834238 0.121610842071969 0.0244772174271885 -0.0713361239429678
-0.0968173371422117 0.102310243297508 0.120345602330569 -0.147572329504688
-0.0348419723805048 0.0477297509719423 0.311510746775444 -0.0852359207972531
-0.010626812185008 0.0451256392265405 0.155342303652851 -0.115213582099522
-0.00231514110166603 0.0255570681244551 0.0539864836268786 -0.0411034509373095
-0.00308070560948928 0.0364492779658298 0.0400334860443354 0.0591340625316982
0.0238767014797079 0.0379831363135524 0.143770548814673 0.083415126159416
0.0497182595915249 0.0213532404684144 0.214558008281119 0.0237067861629609
0.0636306008625324 0.00226797427614956 0.241401803104881 -0.0292307115014698
0.0665679683577452 -0.00161358271869569 0.228270113641242 -0.0486952170808678
0.0642773716704626 0.003497196023668 0.202955382499156 -0.0330308485833818
0.0544298391851634 0.022464291630862 0.145505154808602 0.00392102436015384
0.0379493428889608 0.0462330041296751 0.0958900775953408 0.0349704288663936
-0.00425225721032598 0.0475762495721178 0.0313049901215985 0.0353690666839836
-0.0163916333071599 0.0129626824854383 0.00898299408106781 -0.028037379426597
-0.00158894418237465 0.0322629540538253 0.044089233257719 -0.0785309448532273
-0.0131251128013933 0.0460408758070166 0.157684190857972 -0.155481873515082
-0.0516847667565684 0.00303352119057191 -0.183213437523848 0.163773907293042
-0.0458517494766217 0.0284133733151228 -0.0555479973426018 0.110238924623334
-0.00491028911167849 0.0481419588173433 0.00061481133089236 0.0457231110702193
0.0307665304601412 0.0185962009781272 0.00664111076408511 -0.0381695546307848
0.0325822593153279 -0.00115801538136146 -0.0692576280953129 -0.0579913334486959
0.0212891211218781 -0.00820331864740005 -0.142187004998131 -0.0299674886495743
0.0147865705905135 -0.0091119922859707 -0.197570828494048 0.0117975598715278
0.0259560838837377 -0.0135150141777387 -0.224568814772185 0.0419969060763396
0.0346736804921713 -0.0123559314900333 -0.227388530909942 0.0364124239134432
0.0515039887846453 -0.0126223464929126 -0.197350966666307 -0.00429561886056773
0.059376855548318 0.00617802581034985 -0.143532644321969 -0.0484910991699485
0.050674866497431 0.0504226193776141 -0.0602612296794313 -0.0441842832714725
-0.00243193143965037 0.0958006858452452 -0.0655723660761061 0.0432409978577445
-0.069479973632628 0.0592438973028216 -0.14461847294107 0.0810328776416604
-0.0770407187539772 0.0150091802067418 -0.278289901358354 0.0690918911151832
-0.129879157652332 0.0412214269960952 -0.157898647453544 0.148154778453426
-0.100004162757546 0.0754875389490766 -0.0712208071280322 0.0975039670984998
-0.0347662149349251 0.103528665464435 -0.000946792247727209 0.05817838360187
0.0408697343935018 0.0814351944899669 0.0186653635880477 -0.0283335844217486
0.0840334563870947 0.0454187476462896 -0.0461607276645523 -0.0632832166270043
0.0930812805977524 0.00880894960247572 -0.123236123979729 -0.0477424303684865
0.0933658980000878 -0.0141102731340846 -0.175876070614869 -2.33559789515163E-05
0.110611926303347 -0.0291762432045137 -0.198146702892484 0.032384399289026
0.122475129357209 -0.0234235742642961 -0.195620780473052 0.0327754870210318
0.144490422632395 -0.00791830450730346 -0.165785819193727 0.00409391655544534
0.149225037497833 0.042974510749299 -0.115851922420047 -0.0281098751920833
0.111481921068226 0.122884614736234 -0.0419206724065656 -0.0281582217714337
0.0111092151994051 0.200088128328419 -0.0525263860601172 0.0571958802250864
-0.118636256773871 0.167380696876307 -0.128254064526388 0.087924171368433
-0.166604700225578 0.0862961490041354 -0.244539800492296 0.0633693379436091
-0.200010117776322 0.0726877570704493 -0.101002210056907 0.12456839814715
-0.153993528839957 0.119979629846766 -0.0692124734110344 0.075822082427175
-0.0723363251176805 0.159847064497347 -0.0043167978023165 0.0632553983974631
0.0434503208422165 0.151191731387902 0.0234082049919026 -0.0110851730102443
0.128446087064093 0.100556659202519 -0.0168245473519631 -0.0531706758698568
0.159049929710307 0.0318115120756862 -0.083974872638958 -0.0533452859994519
0.162844150965692 -0.0141375062629772 -0.127159412584411 -0.0109069344307701
0.180232092104979 -0.0406166348016334 -0.141687185297569 0.0168878280989275
0.189920641141858 -0.0349528562158106 -0.135313888763369 0.0215175264605134
0.218150344218433 -0.0125259228274107 -0.111765715553226 0.00550201116612263
0.227897559966981 0.0592947212797153 -0.071926600051933 -0.0126768394313902
0.173294462040808 0.16848725775627 -0.0183208469255802 -0.0172600586622567
0.0450611904185046 0.274119532194664 -0.0309895296776998 0.0542807535642526
-0.133866572407165 0.256784831002339 -0.0969183424008535 0.0726899736305287
-0.222138978502426 0.149699739707119 -0.18216185111125 0.0355742726373878
-0.247004017384941 0.0969042663816702 -0.0132275701855413 0.0910836820602145
-0.195563988213588 0.161561546134541 -0.038770489902094 0.0407293403952704
-0.101834298660264 0.213592092899224 0.00129486403509916 0.0536765472128917
0.0458596842274639 0.214753928418648 0.0256660584892068 0.0101747305161174
0.162867478864172 0.148124351011218 0.0197055075162867 -0.0257970910870377
0.207532687545861 0.0532500597847072 -0.0252103662915058 -0.0461318064568098
0.210071797044459 -0.0117867782855828 -0.0533374336819724 -0.0178029662540256
0.222073045508226 -0.0447535756117729 -0.0622207674554862 -0.00169069645577512
0.22740840509084 -0.0418083062276188 -0.0564239006458337 0.00254615870879136
0.256173894509038 -0.0193937922179523 -0.0428908090949766 -0.00337694758736608
0.270823855765664 0.0610392635971185 -0.0166326351118561 -0.00586922932109833
0.208994730182998 0.183481322035568 0.00798048126916335 -0.0101663827856248
0.0713517461420227 0.299512343273823 -0.0111401741161209 0.0367608520518616
-0.12386956256405 0.298517600346835 -0.0600196131993774 0.0353483770388713
-0.237997776858433 0.186513924002548 -0.101526048493957 -0.011769591919561
-0.255029386998671 0.11031154173493 0.0925334426906551 0.0482887668567602
-0.205371861387199 0.184624482586923 0.015864050194025 -0.00490022133928176
-0.108672500627027 0.239091399927097 0.0158224303776565 0.0318638236434839
0.0481347698928926 0.241233560139958 0.0291528407157868 0.0342687147738423
0.173821531724442 0.169070933832381 0.0629847314525942 0.0128852411044209
0.223566181592076 0.0635623290452036 0.0488417990512355 -0.0272095584643699
0.223538901574141 -0.00914050831495051 0.0351811649364826 -0.0213828161512021
0.229464597002351 -0.0416293987397576 0.0285655673273041 -0.0197095813968034
0.229153869250905 -0.0391476977734472 0.0281509704407834 -0.0185308572689819
0.25089951369133 -0.0160273561081787 0.0262984110945195 -0.0153693409415773
0.261061561067339 0.0601357925422027 0.0377718096496917 -0.00456467238176778
0.193701937499831 0.172102787429181 0.031832117820586 -0.00368778440339471
0.0692124215196055 0.268728230267356 0.00210730192558641 0.0126609396302155
-0.102871789766867 0.279723086241012 -0.0268655858674427 -0.0113072002898519
-0.215520467691624 0.186015987094804 -0.0162110024253778 -0.0664067644265986
-0.216662897312263 0.108119545654045 0.193798489810705 -7.33611338695053E-05
-0.168478410593497 0.17327965723134 0.0767418500828567 -0.050468843190752
-0.0841586300265103 0.209879644293427 0.0338326061157661 0.00719272306735656
0.0430509619004491 0.209652390690162 0.0354791708841676 0.0546331531518323
0.150300115202289 0.15019040920837 0.103480776800305 0.0500002633396461
0.197531913692818 0.057945087975731 0.12165990196144 -0.00476807140419392
0.19937027854002 -0.00693810861552985 0.122685887591735 -0.0235663209931992
0.20185801565624 -0.0323819019518268 0.11328930701796 -0.0352358268544022
0.196953867949545 -0.0272403891547224 0.104806335309525 -0.0342147691475931
0.206444284593298 -0.00258049294936418 0.0834798461417883 -0.021233920280807
0.203247991494488 0.0628198038621634 0.0765483434282346 0.000730683793490806
0.133618320476075 0.14375053944844 0.0452046093946171 0.00614629694288006
0.03648089582964 0.19475487787884 0.00857914197013205 -0.00681577978406669
-0.0784643699899439 0.209140216645666 0.000278820303458392 -0.0475876156755938
-0.164197666398973 0.151093971723421 0.0591667904424669 -0.113259833861974
-0.137205553678863 0.0866301431612569 0.268729683357903 -0.0467645985817136
-0.0946158525602115 0.122726354691492 0.124711292336964 -0.0866106473724578
-0.0409158989625549 0.129444616496716 0.0487123666144463 -0.0168415499776714
0.0268043286743785 0.130460951455782 0.0409553689175962 0.0617805887883136
0.0957854578205837 0.098973031221614 0.130744637657502 0.0723959912105669
0.13374340723902 0.040338674389892 0.177489088622971 0.0119395788202088
0.141431423803024 -0.00444964773140897 0.193221863220434 -0.0265019785404247
0.143692875992924 -0.0181093713387166 0.181642415515552 -0.0454574556497847
0.138378448878101 -0.0106026627891519 0.162264260322209 -0.0391030171786003
0.135185160354679 0.0144576343231815 0.122218518611339 -0.0135299670821167
0.119997731224308 0.0602556960529816 0.0937102747499889 0.0146884535093847
0.056474175298349 0.100836245920208 0.044221585166318 0.0207281316865462
-0.00135976928692764 0.101597913775766 0.00911347233953261 -0.0182447498765917
-0.0465384764147379 0.116549846411647 0.0232995957784955 -0.0672923270300795
-0.0941006773682019 0.0982025046975792 0.117096948344248 -0.141568063987044
-0.0337351914553144 0.0450326581075154 0.300860557773885 -0.0839844008954428
-0.0107480214174539 0.0431319438316216 0.149772184551171 -0.110638333981376
-0.0031010934495986 0.0242818856361669 0.0525533623234665 -0.0396319581987701
-0.0026818701835155 0.0355186381060591 0.0392599506801022 0.0569087139483478
0.0229680538919919 0.0371490667403132 0.138038303348173 0.0797427673711708
0.0480725443754972 0.0195373615026946 0.206397264293703 0.0205378812414595
0.0614432555596289 0.0012829797865674 0.232157357218352 -0.0297926662713031
0.0644232721637371 -0.00217680487498091 0.220887355895315 -0.049094614910065
0.0617384632113634 0.0031507252691022 0.195505008693708 -0.0342738319359703
0.0531370789551535 0.0218430078607208 0.140810232222588 0.00350519121997462
0.0373248098133522 0.0441335909862393 0.0922569583570924 0.0327663149576173
-0.00368570853066906 0.0460241000767367 0.0306780767371519 0.0333198073749234
-0.0162925539653495 0.0130032049963455 0.00728819801219863 -0.0259533013578126
-0.00137118388832209 0.0309394850703891 0.0425050209445751 -0.074749259496708
-0.0128769210254599 0.0438341250927161 0.152751592137435 -0.149874397265389
-0.0500275746013083 -0.00457591649943052 -0.203501058295104 0.133774341535555
-0.048960720563567 0.0206907215079157 -0.0723281237528051 0.0986289183274176
-0.0115422526280284 0.0464205248201963 -0.00727189847247263 0.0427839138424312
0.0268034474179259 0.0228887711753672 0.00988976855883677 -0.0365549475153717
0.0320252136039327 0.00347821591351668 -0.0602596011796567 -0.0656228010892931
0.0227147774066685 -0.00361550958956808 -0.136847941849686 -0.0482452359209782
0.0161348305383477 -0.00489685781011207 -0.198091851906637 -0.0128984833322232
0.0263935375018805 -0.00811334416223869 -0.227985882685832 0.00728054490308358
0.0346668665747367 -0.00463029310437257 -0.230770226554908 0.000483786138798368
0.0501684474157918 -0.00326005155961666 -0.193947872512569 -0.0360797815376628
0.0546690620039184 0.0166543807302173 -0.133884082783472 -0.071196368431889
0.0400317441338899 0.0574367898915965 -0.0531864623794391 -0.0544372388338881
-0.0164797830018251 0.0936107183444436 -0.0694622147223365 0.0311145421619559
-0.0764943834388495 0.048205917454282 -0.153910483949059 0.0560279290465016
-0.0784486248918178 0.0057167358826358 -0.289128674100453 0.0222135080024498
-0.131466831783422 0.0224328096914014 -0.175969863268528 0.115979593523151
-0.108005714847187 0.0579715091969019 -0.0870625283895684 0.0806057581531658
-0.049304575504919 0.095032954501786 -0.0131325023790395 0.051467400571386
0.0259773558208485 0.0854024212224179 0.0182448095321421 -0.02696772465535
0.0741118851582738 0.056514970057593 -0.0400687150412378 -0.0688744355398719
0.0899634756161066 0.0233361137836602 -0.118971422996331 -0.061073417064782
0.0941865211800033 0.00205581546345746 -0.176099467599047 -0.0234026454043606
0.112424093207458 -0.01073027678637 -0.199226992932274 0.00181582929159834
0.12224305789863 -0.00208813837367872 -0.198685409741464 0.00181117479151144
0.140675329391996 0.0149003800712555 -0.16480115198871 -0.0254369572305709
0.1365292525953 0.0661632578863662 -0.109080573052523 -0.0493934785189946
0.0873623141028723 0.138863941980613 -0.0382593783201291 -0.0373647647041341
-0.0190651156055944 0.197018902360099 -0.0581140168259674 0.0468122385742793
-0.142233986747513 0.145663077165389 -0.13618802837059 0.0661949816498329
-0.178003088321134 0.0599408065045023 -0.253067473575467 0.0230193522285777
-0.203571582501534 0.0437639693352269 -0.11575477588077 0.0944488884336332
-0.168268166173924 0.0929875116751492 -0.0818895719862757 0.0562311096599464
-0.0946752281755521 0.144730478806415 -0.0180408697802202 0.0521540500887248
0.0172621129303358 0.153073301868428 0.0185662042557267 -0.012802363625433
0.107988010979995 0.116623388784921 -0.016280414183684 -0.056252193542484
0.150349826460063 0.0553938518345063 -0.0831242191325414 -0.0615705160440543
0.162366139191209 0.0120547948123454 -0.128248004651678 -0.0277449698720136
0.18312873921167 -0.011209474519834 -0.141557679902648 -0.00442345477968106
0.190055511182623 -0.00339602881460373 -0.137172905050184 -0.000672552242789322
0.213199352784033 0.0203991259877676 -0.111136858406501 -0.0167379645529608
0.210189612388056 0.0931084245489112 -0.0684213260167251 -0.0293119452563696
0.140304896114535 0.192780393612988 -0.0171589842609589 -0.0241119462279541
0.00131165987062042 0.274047101677907 -0.0361520726264535 0.0465529437066581
-0.171063125252658 0.229135282138603 -0.100231041797255 0.0568004217789321
-0.243210882760208 0.111769274943958 -0.185469498317504 0.00673141591750203
-0.253987249566126 0.0611107641296835 -0.0242565681158222 0.0697703260802385
-0.215657890116891 0.126947189793649 -0.0470129836687282 0.0234460250531477
-0.131702739115845 0.192112394030225 -0.0134126054210826 0.0397283728889278
0.00989627611393723 0.214937473789318 0.0160633354434268 0.00618993281680057
0.133848333534219 0.168681079325598 0.0139475634309409 -0.0269880175645361
0.193816753262024 0.0825468343004368 -0.0284674560150677 -0.0450236587929119
0.209300170575385 0.0207410284783531 -0.055741078205806 -0.025631578541133
0.224943886361646 -0.00960298586843302 -0.0600100034138977 -0.0102782584888867
0.227571122114485 -0.00546752538347163 -0.0560653787817938 -0.00771178773781172
0.251966253080143 0.0201484880770162 -0.0427454915257593 -0.0150499988409441
0.251464823918398 0.100529204275441 -0.0150986551607546 -0.0146265841196648
0.17325207389312 0.212956389155566 0.00806893259583501 -0.0132075261134341
0.0239979269432616 0.302467196741943 -0.0133214189530813 0.0320557675572804
-0.1683478718125 0.270478613490349 -0.0573223320716883 0.0258766738590445
-0.265188154476379 0.144345917500233 -0.0958408927176271 -0.0263379194202074
-0.264157459737432 0.0737417647361208 0.0856777296857493 0.0394826094947664
-0.228793113467562 0.149133928859587 0.0119649169102614 -0.0149787826305744
-0.142741634255108 0.21645398205484 0.00199230601594338 0.0196019011086474
0.00762909360179367 0.242451504921515 0.0153554911941102 0.0287542809368723
0.139680204323037 0.192022046368404 0.0497965215138535 0.0157772388906722
0.207127800471316 0.0954179465538849 0.0408126231330481 -0.016210501017663
0.222866375727417 0.025495771346448 0.0325396678677429 -0.0177445085003132
0.23275651791507 -0.0058854177283518 0.0316470928841412 -0.0151949597091278
0.229028549078591 -0.00336991660967501 0.0312259065146614 -0.016221076616838
0.247032848157477 0.0217103177791905 0.0272829572502054 -0.0161360844844914
0.24350422537977 0.0970311489206409 0.0382946608339491 -0.00508331521483748
0.160979458410252 0.198773942082547 0.0310319024635742 -0.00358533558918799
0.0259600307948858 0.271298370878336 0.00270367378284031 0.0112800046864332
-0.14524218118221 0.254430834814601 -0.0177427361764381 -0.0139427097462173
-0.244165289679376 0.145555985450882 -0.00127648540813852 -0.0668959561277005
-0.227516017121663 0.0768083866307192 0.192674129156725 0.00807316112536332
-0.191791759913685 0.143886045283433 0.0799314983352565 -0.0499069804842937
-0.114942004266686 0.192066193003041 0.0253253331724884 -0.000639332545076499
0.0073608715550467 0.210983679297411 0.0208859791679865 0.0507945701612382
0.120793262753377 0.170156381551269 0.085540320669813 0.0588656710649726
0.182819979343816 0.0854700075737835 0.111265517992679 0.0153990075593651
0.198627347921144 0.022896031152388 0.120285827448276 -0.00929354640734233
0.204481807286988 -0.00181128320831618 0.118319344246766 -0.0176748027389601
0.196789414855272 0.00307203481614091 0.108330609987017 -0.0197756657051587
0.201961745362429 0.0283992371075102 0.0853002590380842 -0.0117747082868115
0.187369087133491 0.0897446936203317 0.0759054120535054 0.00767982623453213
0.106932361559946 0.160742614851166 0.0431264768943278 0.00968894883436315
0.00429737940153098 0.193943782010198 0.0108813219310187 -0.00626275018048075
-0.110600193321077 0.189621463551852 0.0130295917130636 -0.045762287583535
-0.188139744164341 0.118900078307811 0.0817463052349519 -0.10188964874194
-0.146979508257653 0.066768127310038 0.271568926205173 -0.0224895524505331
-0.112333953018276 0.105945570469587 0.134251720229856 -0.0748516126824624
-0.0613667654481087 0.119891947905611 0.0460925634935347 -0.0170389287677483
0.00454216369426214 0.131484679022179 0.027569777952151 0.0621042385525316
0.0761085699433131 0.112007412453864 0.111276509494353 0.086526800158121
0.123313450597698 0.0584774392834645 0.167117217191706 0.0388024667003624
0.141322338117477 0.016106891533238 0.191346301886969 -0.00266744162237616
0.144863384183235 0.00335617735834585 0.186274734605599 -0.0179287718297946
0.137340240611246 0.00902032755765734 0.16681200680578 -0.01551700588015
0.13000293329868 0.0337497656393557 0.122665440100186 0.0035801945187197
0.107614228655943 0.0755051212831633 0.0904687051409266 0.0254594327185643
0.0399142238522617 0.106732121944535 0.0404112197442261 0.0250458136966476
-0.0179342809924709 0.0978236929220553 0.0120569929831239 -0.0165412553572557
-0.0647323144930772 0.104736735564094 0.0364660989013561 -0.0614642320565258
-0.110638310916659 0.0774660154560257 0.142995618698274 -0.120967686223671
-0.0409569123216643 0.0392468516073283 0.307989126205656 -0.0461109232160498
-0.0181481736585001 0.0412061263818067 0.164527531920672 -0.0905883701663882
-0.00766613779931736 0.023141428963047 0.0564633190285582 -0.0330865641427337
-0.00868130460383864 0.0346542321689819 0.0299228733189228 0.0598440087678571
0.015950970893585 0.0407476304730744 0.12260382877104 0.095748308047415
0.0425683547947506 0.0251212069081768 0.198699367870393 0.049543256882562
0.0611610119213157 0.00914332745837303 0.232873520513704 -0.000383507401992045
0.0645027297768147 0.00661058696219356 0.226019186917435 -0.0148124553534269
0.061251303445739 0.0109083452601074 0.199104336987766 -0.00522994723746882
0.0491909610744182 0.0284631659531543 0.138365879665096 0.0238904459322988
0.0301017861312947 0.0470201901304536 0.0857737284950694 0.0453320806627485
-0.0104500597597316 0.0440584846158556 0.0259792625366861 0.0364751528785588
-0.0191527830209823 0.00986365841456702 0.0108443330348498 -0.0236484768740056
-0.00672463178659812 0.0285480232111272 0.0551089707731092 -0.0656788055008788
-0.0214836608753573 0.0374548841130326 0.179838077198701 -0.124605367307939
-0.0498780463101718 -0.00442156809462387 -0.210036740392857 0.138310940028353
-0.0488183378855059 0.0207863046095222 -0.0760115979031717 0.101682456263865
-0.0113920459439455 0.0478456443317704 -0.00779840100769749 0.0436962890907393
0.0271404453799817 0.0231175425632934 0.0103104509401038 -0.0375386847873103
0.033044569921198 0.00286163361002125 -0.0606082072857648 -0.0664125767119665
0.0231583060004959 -0.00336983916206749 -0.139341051005799 -0.047482750272832
0.0167009300094131 -0.00437731694516302 -0.202891821921625 -0.0117738900745855
0.02704756741359 -0.00876860947440707 -0.234387731489313 0.00972470173358102
0.0357379593916236 -0.00558140974618998 -0.236547266845258 0.00154503897833085
0.0512863833266091 -0.00437336676367694 -0.198712513465406 -0.0371206920927972
0.055506625006576 0.0169788909483367 -0.13648518806992 -0.0724456930724538
0.040705507899295 0.0583930764508902 -0.0552266372014613 -0.0556151986462421
-0.0163638357878276 0.0952724321304178 -0.071151012984604 0.031864413959276
-0.0782054933487037 0.0490908674253031 -0.158284810179017 0.0561355417201958
-0.0805253204514097 0.00644081913903592 -0.296870755754757 0.0230019770760282
-0.132987395280405 0.022394323180056 -0.18210540034504 0.12010848291001
-0.109088296025042 0.0583176724407464 -0.0915210039694123 0.0838542954951964
-0.0499472568975414 0.0966370579865682 -0.0132438331019707 0.0525662713067445
0.0267502307527045 0.0862874752806215 0.0177725195179029 -0.027149496215187
0.0755988775960045 0.0562274437642402 -0.0401253890187797 -0.0698341229916038
0.091610995046211 0.0234820215732656 -0.121331079972298 -0.0611735372668635
0.0958501492481633 0.00158228210342943 -0.180766524273901 -0.0218752074743276
0.115572880036871 -0.01152181985476 -0.20520910984037 0.003426143135894
0.125524137055982 -0.00354445687774193 -0.204152703722188 0.00262440361918617
0.144523105803775 0.0138858664456553 -0.16989525894415 -0.0252758279445167
0.139518219820975 0.0665772249522262 -0.111355350227354 -0.0512170688148273
0.0892910518966219 0.141303571990527 -0.0397004604437435 -0.0385847476716757
-0.0196590617210624 0.201686228484001 -0.0594744708352246 0.0488834897878066
-0.144978451434524 0.148065161495106 -0.140358458174628 0.0673038732946975
-0.182960269170304 0.0619242696207345 -0.260595538688821 0.0249543340846508
-0.207330286202799 0.0443200804157028 -0.1204346638418 0.098307118297887
-0.17044968344404 0.0945240365285899 -0.0859489854672666 0.0598457427211689
-0.0970386418757672 0.147080883038554 -0.0180726247240245 0.0530544451737952
0.0180571786471108 0.155553144712159 0.0185127513169805 -0.0119551966774919
0.11020997902965 0.117014097154107 -0.0159488657786157 -0.0573337760756469
0.152878512557546 0.0549920332012672 -0.0856174969096509 -0.0616111693975372
0.165913949688564 0.0114847121092004 -0.131219529573851 -0.0267022431778383
0.187527474252384 -0.0135280677426915 -0.145606508887959 -0.00347906047301569
0.195036641255956 -0.00539388909185808 -0.141104251295251 0.000563338135649672
0.219175066962154 0.019052919528735 -0.115327670375181 -0.0166533499484
0.215055388671356 0.0933144144349736 -0.0693407990506573 -0.0306003718762773
0.143760566218591 0.196613085878372 -0.0179325889982823 -0.0251760928976648
0.00161913046821765 0.280129601236202 -0.0388478216505423 0.0497833789234941
-0.174576221500658 0.23365076220711 -0.10419829156767 0.0585728792320669
-0.250321651250025 0.115526255591697 -0.189174874763624 0.00953120047323959
-0.257280364799965 0.0621534960373382 -0.0264645885880579 0.0724914362608196
-0.219078862299081 0.12946610501044 -0.0509439363542497 0.0257539668123839
-0.135006234572404 0.195668917067142 -0.013641611659213 0.0400626801930073
0.0108560085525585 0.218873118445131 0.0154687268610519 0.00729872607908515
0.137357395881366 0.170341325399369 0.0138550499828902 -0.026862891047543
0.197443662975705 0.0830256927125671 -0.0302350130156844 -0.0458337825929873
0.213783717566145 0.0198081666196365 -0.056871503622029 -0.0250580065493123
0.230837971076795 -0.0120373058143136 -0.0616488361474341 -0.0101998129203901
0.233710704953153 -0.00743096515297401 -0.0579298658426533 -0.00756615331939065
0.258923356112657 0.0176735144811056 -0.0450114503599551 -0.0155445251044552
0.25767575882928 0.100218500301757 -0.0142624981272088 -0.0171463870370827
0.177871490836629 0.216147397211147 0.00777767454749428 -0.0141834143514355
0.0234239630865716 0.308226402881062 -0.015504626283254 0.0349528638578801
-0.171131015659057 0.276524081638963 -0.0598469058898989 0.027881128980696
-0.272622339289474 0.148782303472633 -0.0973690721524321 -0.0246316697747027
-0.269000832861905 0.0747721974698742 0.0860998080282008 0.0412049747557626
-0.232860556171721 0.1518811441424 0.0112016260038563 -0.0129385244466268
-0.14640153287507 0.220971028577367 0.00296539369577277 0.0189554337963191
0.00915931148007087 0.247918906528986 0.0151292167062417 0.0301437010894861
0.144367874567949 0.194402694423962 0.0503223265332127 0.0168260553787736
0.211271788129118 0.0958504124460053 0.0404209767497178 -0.0172045047409946
0.22806549879922 0.0236881048713796 0.0326852892469504 -0.0180903031768342
0.238201331112392 -0.00856321439641498 0.0324195151809637 -0.016271841822017
0.235252170207448 -0.00488972512268039 0.0309346912213834 -0.016606639371105
0.25326814811068 0.0191090535018485 0.0265769770580479 -0.0166121774777505
0.249339948285108 0.0968009891600503 0.0390545994514561 -0.0075035512939596
0.165417206794721 0.201952662045574 0.0311499701958785 -0.00405039856177041
0.0256218953975635 0.276731071685723 0.00106998442449308 0.0139727017195504
-0.147974703716563 0.259809123756989 -0.0192740922213593 -0.0124240647980644
-0.250841313705931 0.149850688778114 -0.000602307768600459 -0.0664920034248385
-0.231058577589921 0.0775398854663919 0.195690035647622 0.00777017298600383
-0.196059959666365 0.147001579995903 0.0808114824353183 -0.0499081422057444
-0.11846587263967 0.196028050950106 0.0255689899091561 -0.00171518674586579
0.00851082249634555 0.216291418081558 0.020435090640933 0.0527027017718463
0.124089344140865 0.172663976341551 0.0866346125284987 0.0605805326043166
0.185995233096167 0.0856895067978571 0.112635841700602 0.0144086679717306
0.202523903788979 0.0215340270233795 0.121955704751313 -0.0100592029804445
0.209307705077532 -0.00363243422671268 0.120980220099375 -0.0200345156764199
0.201881237339012 0.00182708629241378 0.111215905250634 -0.021776509419135
0.207105895598327 0.0267369361027625 0.0861269658326494 -0.0121637383312195
0.192107793397996 0.0891246486912748 0.0775831615580934 0.00503087917915723
0.110001587970326 0.163989903730169 0.0435863805218666 0.00932542322250356
0.00371771208826242 0.198088066715201 0.00975031359575015 -0.00434179307404027
-0.112114660955957 0.193490345073137 0.0128787694789367 -0.0447292285379403
-0.193751553120749 0.121852562560717 0.0844974306422037 -0.102747169173119
-0.150444693196665 0.0666861350486091 0.277109198016715 -0.0240327029285967
-0.115461835178406 0.108137867476214 0.137283972551887 -0.0757194627231047
-0.0638486024670134 0.122595363150574 0.0470533923192724 -0.0177872888561919
0.0050129068350401 0.135138526349016 0.0284300552590155 0.0637892222151803
0.0783459494998772 0.114550509295981 0.113366293450695 0.0883336346936644
0.12534995656649 0.058755496321745 0.169473308771036 0.0379740543446962
0.14387781920103 0.0149472746975392 0.1949311099461 -0.0042180718109098
0.148698728715382 0.00196882778765428 0.190958715261458 -0.0208030044008732
0.141505819870878 0.00856186990078102 0.170939169413148 -0.017674235092413
0.133669978777004 0.0326268615027242 0.12444868212375 0.00319838563282163
0.110326472696009 0.0755510224631493 0.0922588315567272 0.0241437603920288
0.0411342356544383 0.108591999340552 0.0410102185267534 0.0254369334886699
-0.0189154360626846 0.100251730059647 0.0105686289409424 -0.0148756262588641
-0.0654149198788764 0.106355684338111 0.0377943780488846 -0.0615986913657979
-0.113713571836498 0.0791134664147666 0.147539196227606 -0.123459370547664
-0.0429853123972374 0.0399985096954776 0.315566702950587 -0.0484803252999535
-0.0194398139681136 0.042041445090679 0.16886394642214 -0.0926537751012675
-0.00954904517912093 0.0232603645355013 0.0582164481806259 -0.0343796470331192
-0.00841146061758972 0.0363162159614564 0.0312391202559792 0.0613849459470993
0.0165919807816986 0.0420725970534657 0.125277845459652 0.0982337010346989
0.0433779728023198 0.0250411945643498 0.202219327306812 0.048978618210873
0.0623205975582041 0.00828535357509522 0.238000623006441 -0.00289315845613281
0.0661618084186276 0.00609914800741871 0.231681136447913 -0.0181208476829969
0.0630800294107162 0.0109561246105553 0.203940045210997 -0.00733619995485814
0.0512998434406133 0.0294008104878076 0.141800219154559 0.0241861714421945
0.0309715398234506 0.0475290237132192 0.0872220980837763 0.0455669445834034
-0.0102530128921714 0.044950360652458 0.0262506531246605 0.0377377642323444
-0.0199754918334792 0.0100879946451992 0.00968267393885418 -0.0232835415889967
-0.00702849405880218 0.0289667145796132 0.0571343384809473 -0.0660056105868972
-0.0228071180711945 0.0372339338756526 0.184246735195143 -0.127886981123102
-0.0503284262658677 -0.00260731097846614 -0.211614058418335 0.15180451153806
-0.0484790337916312 0.0225489424891757 -0.0757709169672026 0.108312095700565
-0.00878449767237148 0.0488612476257199 -0.00629211673495105 0.0454919457406039
0.0281799175486683 0.0218651464184024 0.00872862879817964 -0.0382798150110753
0.0340468598010802 0.000288073776022282 -0.0634930961829323 -0.0658950063115779
0.0241835963785832 -0.00446900441342046 -0.143872538266383 -0.0418060350251078
0.0167781437656173 -0.0049276139064778 -0.208548081272315 -0.00260730840743034
0.0273285569586141 -0.0099496906457179 -0.241477365589583 0.020289004938357
0.0369401714723863 -0.00743188041098408 -0.243102856945395 0.0121601847853261
0.0523468518381621 -0.00733240843177136 -0.206652073108947 -0.0301306276537716
0.0575204003311145 0.0149183687857934 -0.143180885525177 -0.0691742053190884
0.0441660097756091 0.0592185066825961 -0.0593157134600704 -0.0546944674368756
-0.0132298872399367 0.0980648900508333 -0.071994381344057 0.0363103847798895
-0.0779974591418993 0.0527333292894639 -0.161104287357665 0.0618116260976758
-0.0825552825434219 0.0101468122325194 -0.30500009709818 0.0361328227446026
-0.134002257289317 0.0275513348755716 -0.184033034642459 0.131490815724083
-0.108822462227048 0.063605713334456 -0.0921248171163348 0.0910585555332534
-0.0475308738982377 0.100549178411607 -0.0118230700564709 0.0545349299950774
0.0305190604912347 0.0868783783728643 0.0174976908017515 -0.0279690319825332
0.0795095288013632 0.0531466294398023 -0.0425722973912019 -0.0700569090837229
0.0949443730788531 0.0198524744665876 -0.126748061323977 -0.056818798740016
0.0984336779932493 -0.00155096070895497 -0.186164019552937 -0.0141317381243462
0.118706351591196 -0.0170234156674848 -0.212088531233019 0.0131664799966326
0.129093353828674 -0.00907043312042217 -0.209551635611749 0.0122747990022248
0.148978404797475 0.0076390001697459 -0.175445451856164 -0.0194961959400767
0.145698162127969 0.0628250531033009 -0.116214707472099 -0.0489659549657536
0.0967136840685615 0.141988153226241 -0.0431660764875034 -0.0376931796116215
-0.0125749857716696 0.207006003583424 -0.0599577788894689 0.0538822158083326
-0.143899095248094 0.157298592338008 -0.143425402653612 0.0737298294480147
-0.186564896526987 0.0713666613082204 -0.26684217995821 0.0371176538262006
-0.20929791973913 0.051933121840931 -0.121159772077683 0.107003537989654
-0.170631773224003 0.101912230793365 -0.0876824231964465 0.0664560952083113
-0.0942555988231279 0.153707055739594 -0.0165693007687163 0.0549417717529155
0.0247047099350923 0.158365378663999 0.0181855973975169 -0.0123606300222613
0.117528397263872 0.113945384518263 -0.0173051881599643 -0.0575779511443612
0.157959208180006 0.0500134823627973 -0.0907627688257469 -0.0586893996067377
0.170335368059376 0.00486586052076268 -0.134995156845554 -0.0213265865416267
0.192577743760059 -0.0221031170836692 -0.15059997086622 0.00327491645863892
0.200969489587292 -0.0142708961359163 -0.145549943134407 0.00663459052010693
0.226056245770402 0.00866031812706816 -0.120745413342406 -0.0120649226460889
0.224165684437607 0.0868171323972959 -0.0721053185504384 -0.0306828294406589
0.155238144910009 0.195902500647977 -0.0200132826036787 -0.0247473719715507
0.0114678268659341 0.287092399470475 -0.0386321632586623 0.0541905264535037
-0.170590658917762 0.246195829683259 -0.105264417540134 0.0650887535986229
-0.25492628258878 0.128952215370466 -0.193228089958317 0.0194070589914115
-0.26083111185939 0.0718814813988447 -0.0263103405464152 0.0761425492188012
-0.218970411680503 0.140214231811169 -0.0529678082959636 0.0306293986303002
-0.131618860739607 0.205014380637043 -0.0125274191940404 0.0410517293074234
0.0199192990092623 0.22390294120954 0.0157553603666755 0.00802783038184977
0.146616235879982 0.167775212187527 0.0140020540166259 -0.0279456139016392
0.204587649715638 0.0763671140140265 -0.0335754263132312 -0.0450787759043998
0.219169501990607 0.0109499217303957 -0.0592000688181096 -0.0227516597020556
0.236704679786016 -0.0231909423142278 -0.0646391591825982 -0.00838301863861825
0.240175877926242 -0.0181314963652855 -0.0597446859448958 -0.0048614973693397
0.266508812910633 0.00543108217942593 -0.0484182994362078 -0.0133771807522246
0.268699288788571 0.0911792608034469 -0.0154451084669239 -0.0188060963427781
0.190297343179709 0.214164821302481 0.00700006983016655 -0.0150271785808953
0.0351948571085642 0.316025780841877 -0.0156215618701866 0.0393196208878548
-0.16542941896036 0.289382376929101 -0.0602504142956349 0.0326474300388765
-0.276017981743391 0.163674441898327 -0.0995593712254039 -0.0188355485677331
-0.272140178575724 0.0851590460524722 0.0881521110838101 0.0404029850382467
-0.233705244601415 0.163965201781894 0.00932135738026807 -0.0120866019991099
-0.143901062206243 0.231675775255861 0.00363129907717713 0.0185468295345693
0.0190603696176773 0.253564196739096 0.0166500769225528 0.0315653288520074
0.155357641844827 0.192772368871904 0.052761001370937 0.0159608318082778
0.218937639239894 0.0884987296307778 0.0391847606500693 -0.019101116914885
0.23401529179496 0.0142677114634916 0.0325664099814683 -0.0198348876789261
0.2444319934735 -0.0196551152991977 0.0320880256677789 -0.0187572624262404
0.242428690239938 -0.0161649393921321 0.0314998262355288 -0.0190484816434803
0.261611290821189 0.00699624938284096 0.0256500152833909 -0.0177826819844263
0.259766530189528 0.0875439647826037 0.0398110783426646 -0.011584377965868
0.177964517643833 0.200022816218431 0.0315697519299349 -0.00541642423936308
0.0359153222944466 0.283345784274838 0.000709644779757681 0.0171228539501237
-0.141465636799976 0.271426126441566 -0.0197678629888059 -0.0104699729908499
-0.253258127275352 0.163949545954305 -0.00118891589975961 -0.0656872181354145
-0.235193982202511 0.0870813035488536 0.200016392991186 0.00106814265503214
-0.196159337709298 0.157307607404023 0.0803703340354511 -0.0522884800839714
-0.11621663581657 0.205709993980646 0.0262458551679568 -0.00351580531075258
0.0179558952424276 0.221874054973534 0.0231952920594847 0.0536529367308774
0.134263611091403 0.172008172776413 0.091465044888421 0.059351347147392
0.192824859367278 0.0799771593592971 0.114385899341332 0.00995963745529399
0.20860003699504 0.0130373437140775 0.124539304429401 -0.0154758964009485
0.21481049086033 -0.0132580423259472 0.123606173296974 -0.0269699814943114
0.208550363676177 -0.00718569567127601 0.113113096355033 -0.0277712202282264
0.214132839338348 0.0168996443492178 0.087640714747091 -0.0155265856188786
0.20037376023653 0.0823470074824575 0.0791943844492628 0.000450183199856036
0.119405998581727 0.162615754097317 0.0451340952380842 0.00768409721922194
0.0104648344675642 0.202986494458119 0.00850858794847229 -0.00173435828317634
-0.107875782916472 0.201583228860348 0.0120931788220776 -0.0443242738875181
-0.195017289484639 0.132654527992318 0.084520105338486 -0.107359405921863
-0.152373359752213 0.0731962779732088 0.282887438940287 -0.0352132086687884
-0.115203472933281 0.115850266490641 0.138629192254039 -0.0825006873221959
-0.0628117381586557 0.128535824270251 0.0477818797068725 -0.0210647307042625
0.0108449835524976 0.138633373413507 0.0315665149844899 0.0655662999429548
0.085029010516054 0.114586753578196 0.119359618118887 0.0875695683238932
0.130050319794938 0.0553461085308106 0.173931952843965 0.0315776959149342
0.14841291997859 0.00914458985001437 0.199268872355447 -0.013028583818136
0.15328609837195 -0.00457079028943887 0.195716587273929 -0.030613994909696
0.145924752695291 0.00295612683485799 0.17470402881111 -0.026541291395062
0.138302288923497 0.0274656892982365 0.128220205955227 -0.00149620451857834
0.115652677815436 0.0717791781662952 0.0952304707423743 0.0203817846340427
0.0467057515325286 0.10969563994009 0.0428129927601912 0.0239541190072895
-0.0164491477126204 0.103867776102966 0.00939363873691546 -0.014149588933192
-0.063166897125322 0.111138717806816 0.0373028693118682 -0.0619519484759443
-0.114705596834297 0.0855958531440321 0.148447644839583 -0.132317903329564
-0.0431947023892359 0.0423256182207346 0.321941719559883 -0.0633269587128039
-0.019096394137379 0.044344720884014 0.171213842434904 -0.102325120714355
-0.00987292296063965 0.0243606369890104 0.0589869140508438 -0.0379705275593571
-0.00691773042514269 0.0377479525964086 0.0344411214011755 0.0624429980021492
0.0190719350508007 0.0431291390489636 0.131863155632243 0.096279705436818
0.0449175937999853 0.0245325968155602 0.208252234754588 0.0411433663573039
0.0643941990874882 0.00502331403789402 0.243857906805368 -0.0134790654782846
0.068451943339845 0.00361269786453145 0.238090515646122 -0.0304696478183733
0.0652951395516482 0.00884249164754598 0.209383582860475 -0.0174551397748375
0.0538140247188034 0.0279382612467443 0.147124400470958 0.0188696887324805
0.0337969476647595 0.0468870339283829 0.0913762546919929 0.042478953338859
-0.00783536397919919 0.0463583415259327 0.0288647413787743 0.036815004412722
-0.0211367330983091 0.0117831504517013 0.00786597675256543 -0.0235149097228817
-0.0064975769244736 0.029677186428601 0.0569428331664107 -0.0683536352759431
-0.0222530052315777 0.0386573920993878 0.186330659114438 -0.139197026945143
-0.0497615982092314 -0.000272780622578236 -0.202779460916861 0.165140240471823
-0.046466069625239 0.0242300889912741 -0.0702059329028126 0.113612007824697
-0.00516562485257511 0.0486271301932156 -0.00380199157477224 0.0461163504851016
0.0289682876674404 0.019943158765916 0.00643402657350985 -0.037973870075752
0.0331091920768332 -0.00277740862891399 -0.0662436779207001 -0.0617821187521133
0.0243554275865197 -0.00600931973903167 -0.144537379825885 -0.0315463804070645
0.0164128300907163 -0.00513783386646299 -0.208360389905159 0.0117705035675336
0.0268384839182002 -0.0118372184453342 -0.240875997608863 0.0371580753194415
0.0366747320861732 -0.0103553289489284 -0.24248895606322 0.0285749029195824
0.0516043186935722 -0.0106354550115022 -0.208400013083749 -0.0170924328377353
0.0581900615533216 0.0118397416352644 -0.14637708364492 -0.0601084376079966
0.0476197342725857 0.0561753369424157 -0.0629274133007417 -0.0510511865922805
-0.00717770926570033 0.0974746001944451 -0.06919670941165 0.0408844970434418
-0.075284506238259 0.0569616474124991 -0.15881355701649 0.070717444968702
-0.0815794780176659 0.0149940040111344 -0.303560387817254 0.0554601609937749
-0.131333472198642 0.0343165799220274 -0.176062547326492 0.143609740493738
-0.103905753058001 0.0685915186867398 -0.0870677233673266 0.0981768618639229
-0.0412032141231299 0.101744512919975 -0.0088833503339172 0.05517986874183
0.0353412874146513 0.0843389798014 0.0155106414666581 -0.0285424682129033
0.0814175159055222 0.0463987921563779 -0.0458189120556479 -0.0671048847810204
0.0956710323065286 0.0134806717884754 -0.129528427278647 -0.0479456978057002
0.0980685823898821 -0.0081648078962883 -0.186003514277058 -0.00169620137177768
0.117074240800795 -0.0246236062520129 -0.212211363595202 0.0276500423080977
0.128999792422749 -0.0181935799166567 -0.209279675819462 0.0267052805612039
0.149006975369929 -0.00268018039365897 -0.177426131335164 -0.00771909049750776
0.148939207209854 0.0534153984626562 -0.118631052313206 -0.042174366584622
0.1052319053568 0.135274338554585 -0.045897484344103 -0.0348898153465601
-0.00105364498192987 0.20673947994513 -0.0572598308038331 0.0586502208638121
-0.134165271804681 0.164631386463829 -0.139437173096557 0.0822445660610165
-0.182850327666501 0.0829969488810051 -0.263941791068675 0.0544940326322585
-0.204822777200563 0.0631953708803421 -0.116266459126611 0.115290053422814
-0.162995897797811 0.111149259439138 -0.0849905712479363 0.0735645203337381
-0.0846282923318425 0.157275262880396 -0.0129292700789702 0.0550148957294515
0.0341032306730341 0.155388185534771 0.0176370712004739 -0.0125998057103013
0.123598825547498 0.104978580180897 -0.0197674315764221 -0.0561558018916849
0.159766167990345 0.0390972396269473 -0.0938726767527436 -0.0518242177765001
0.169586137023875 -0.00632321199801061 -0.135492992200836 -0.0118813436340975
0.18994315527372 -0.0341514272277649 -0.150907308305181 0.0137626878835526
0.200508970591812 -0.0276478105852387 -0.145165052717661 0.0162093973219874
0.225962395440277 -0.00648644881169206 -0.121615397604542 -0.00398394627900163
0.229076891882522 0.0714707681381701 -0.0744490973378499 -0.0273993263942933
0.166519593539725 0.185938186519211 -0.0217275522426218 -0.0236318782215573
0.0277549208142236 0.284970175351774 -0.0347492782803831 0.0593947155997174
-0.15572717994374 0.255374624653857 -0.101762190888621 0.0711300356164275
-0.24669554922339 0.145280331356228 -0.190688502060333 0.0326572625095993
-0.254923033048427 0.0857446817679254 -0.0230184512426892 0.0785923044005648
-0.209421119846523 0.151453968456753 -0.0518669673789006 0.0366754827392161
-0.120343161068399 0.2115685302164 -0.00988996038296814 0.0412242780253018
0.0337599819166081 0.221142311300201 0.0165674780152581 0.00766592323456237
0.155497410562811 0.15680027179763 0.0127909844454224 -0.0283692681679521
0.207598823637564 0.0625224299231495 -0.0370167435198901 -0.0422233014996262
0.21914843648588 -0.00300831673823041 -0.0603747522389902 -0.0175949140731507
0.234247639272463 -0.0387950386914706 -0.0658466994467047 -0.00385313627716527
0.239197278791505 -0.034339538967073 -0.060400109305569 -0.000919253497416872
0.26584557867537 -0.0133177190428141 -0.0501334145009053 -0.00948516519571847
0.272963053538623 0.0726985564246962 -0.0171987621468509 -0.0196631572188856
0.203088452119976 0.202234586580871 0.00568304636656952 -0.0154698689471508
0.0534833994511899 0.312680633377225 -0.0136285805410674 0.0431143201915896
-0.148328281434246 0.29839773053816 -0.0582249471847317 0.0373318771312599
-0.266014199032192 0.181095633663264 -0.0977858886000902 -0.0108768133368511
-0.26600281835413 0.099900539348524 0.0893705923319428 0.0356910785582537
-0.222914623154642 0.176573820721619 0.00755130422744807 -0.0102635003536727
-0.130663475924709 0.239673145958593 0.00431629987220911 0.017350299553461
0.0347694592727263 0.250729763258575 0.0183008665962665 0.0315453324026413
0.166350269675812 0.1817169619275 0.0537895435048147 0.0131616073890393
0.222608197551072 0.0747035778981811 0.0365816302048346 -0.0208222393935897
0.233378031282989 -0.00129304397906254 0.0311864432372265 -0.0209005929814779
0.242858213501149 -0.0360517962977901 0.0300129291715527 -0.0208778622929382
0.241474908271015 -0.0317906833014966 0.0300717081653253 -0.0208355872539988
0.26044717891454 -0.0113530730157539 0.023829950542334 -0.0184981021146155
0.263847769100414 0.0691865046756395 0.037796668751076 -0.0154112144148929
0.189463847409634 0.187994193756866 0.0307223037577192 -0.00735834543931776
0.0524622144008381 0.280104820449235 0.00142345388268576 0.0200620103801369
-0.124798306012849 0.279366235835517 -0.0199110661242129 -0.00691979472482887
-0.243371277172681 0.180277746514583 -0.00247496257492826 -0.064478414335489
-0.2290325561723 0.0992643465617951 0.197436094922751 -0.0101698780120824
-0.186367713650402 0.16852687539232 0.0767805064566681 -0.055852971229382
-0.104811003910279 0.212141169991611 0.0251777220554564 -0.00641982685003876
0.0318580203140569 0.219851078959355 0.0261469329993423 0.0535919279485861
0.144540720481662 0.162678013590081 0.094534002198426 0.0539517248819269
0.196073546943797 0.0684040617074011 0.112637092202231 0.00317700386718362
0.20783714727457 -0.000995276244164217 0.122466463056215 -0.0233001482883412
0.213291773453425 -0.0275502109500881 0.121365084759958 -0.0351728871529887
0.207730134621767 -0.020752186160748 0.111105659060628 -0.0356022454062431
0.214040614296772 0.00150039992588901 0.0852125491709965 -0.0202091750603406
0.203895209073056 0.0678660076843634 0.0779779960757784 -0.00570432122948918
0.129318428928927 0.154025924048255 0.0450762068787862 0.00427452824221117
0.0219094834465747 0.201923261444842 0.0076691924957517 0.000399231490987381
-0.095463773830326 0.207375102774749 0.0105985987441599 -0.0429579890510272
-0.186392786571341 0.144574077279837 0.079573919544016 -0.111734138843495
-0.148012631096457 0.0812862618963722 0.279244034661273 -0.0515474449577547
-0.10843428910666 0.12217413997851 0.132549511477558 -0.0903715662360359
-0.0563456804563223 0.132483907361029 0.0463925604566416 -0.025312421582593
0.0197693682716706 0.137593815688947 0.0354384669281697 0.0640753590613357
0.0923068238326206 0.109532559767147 0.124721801875012 0.080965383987185
0.132049687517826 0.0472525439344648 0.173438514263455 0.0206503806565287
0.147617295357646 -0.00102837573243232 0.197585318520354 -0.025117354267676
0.152737882240431 -0.0145891295534078 0.193147711550729 -0.045124355517159
0.146482069688564 -0.00637457877929966 0.172429961111322 -0.03923612767575
0.140087337990739 0.0176969413106618 0.127383386924357 -0.00960830395639973
0.119593501206601 0.0628496022341239 0.0955071003655793 0.0127153456338559
0.0535412067509939 0.106073314555458 0.044130572406864 0.0209164917664192
-0.0104052229401481 0.105127005808549 0.00749731093992397 -0.0125630207474644
-0.0562508110633504 0.114372955592478 0.0345891536015104 -0.0627055767854865
-0.1100670178767 0.0916474490330674 0.141444374460377 -0.140907475699862
-0.0410767970601481 0.0440347512879041 0.317346973137332 -0.0823955688830509
-0.0169640423436631 0.0457474540733759 0.164913954325299 -0.112461353299396
-0.00934143060997005 0.0256708176049121 0.0562012552131918 -0.0421518929080779
-0.00358529938712919 0.0380451885189086 0.038240637461145 0.060691947422812
0.0224756632142975 0.0424111617975955 0.137609065862082 0.0888745448409547
0.0456738326514763 0.0214500392552986 0.208975706742288 0.0281145100963568
0.0636249228215278 0.000522109859248705 0.241484053362933 -0.0289100816355978
0.068419483138855 -0.00100275316246615 0.235893104972961 -0.0468326154547894
0.0662971879281874 0.00487134822229055 0.208570285078337 -0.0319945118905956
0.0561443662388731 0.0240764024447575 0.147301346302821 0.00838403664939449
0.0367405305933911 0.0441664272187767 0.0930580780562108 0.0357164907177331
-0.00493035087855814 0.0465818313057464 0.030811281723846 0.0346416919231585
-0.0203124291555645 0.0142579685807487 0.00574038464708832 -0.0227698844361209
-0.00431713637390997 0.0301292378194351 0.0538259488320782 -0.0712018931193053
-0.0208327752090205 0.0395598620611306 0.177756734030062 -0.150971249957539
-0.0471554793825668 0.00139334318985065 -0.186801938248679 0.170130435495882
-0.043041975761818 0.02531501338217 -0.0623192633221733 0.113990965236214
-0.00226366948278677 0.0461415506291856 -0.000920919722583593 0.0447867753341237
0.0288008796541508 0.0174691978265299 0.00426144801645717 -0.0372055515688327
0.0309164360936913 -0.00512300793193055 -0.0655386946958778 -0.0563383882503135
0.023342403284054 -0.00785791483598825 -0.139281092032952 -0.02236472825951
0.0160102760592138 -0.00539617115437324 -0.198890953753 0.0229989175795263
0.0251441099694695 -0.0127425037006894 -0.23066182154809 0.0500151487059477
0.0347559671453097 -0.0128878898934226 -0.231432122358649 0.0406404937100046
0.0485552353977339 -0.0134895807154067 -0.201591186752962 -0.00493566184316556
0.0562990589005832 0.00790778921807005 -0.144243163110442 -0.0500609100440902
0.0480822191961292 0.0515550192175686 -0.0630586754817647 -0.0451509333578866
-0.0028337976980916 0.0935492919614206 -0.0642526922069049 0.0424601543877122
-0.0702289413588129 0.0582029291979642 -0.149940217637752 0.0747573719240514
-0.077953509047198 0.0190359367517588 -0.288606864152698 0.0696657142214388
-0.123422481464975 0.0388016334974299 -0.162574963173835 0.148431604958719
-0.095873930394991 0.0697314582846804 -0.079820485680685 0.100549243189216
-0.0344257003434946 0.0989111156860708 -0.00535200627679448 0.0535588960368853
0.0379104730113469 0.0786065810851583 0.0138614072975734 -0.0279275282703501
0.0797828572329081 0.0399359637293731 -0.0458887272230876 -0.0626721914590903
0.0921834115550211 0.00754303325563138 -0.125332670559157 -0.0386962144448152
0.0937976596922934 -0.0122245357616112 -0.178197662129182 0.00911157226790947
0.111154644035226 -0.0301971657553317 -0.203597308819321 0.0392967616578964
0.123145006726419 -0.0251337115850643 -0.199137855396673 0.0372722851517691
0.142232131280869 -0.0112637916909894 -0.171342382312306 0.00268667147529059
0.145765713168772 0.0435000675611755 -0.116797982352095 -0.0347760236643083
0.106992256404025 0.124869229914764 -0.0459922838963448 -0.0309155047972401
0.00874026986906087 0.199053519310323 -0.0510987859633846 0.0605047900357347
-0.122108750627369 0.164356082790724 -0.130048737846619 0.0854688617575857
-0.171119046779132 0.0893255690947094 -0.249749122096757 0.0669780960404648
-0.193034244369637 0.0689946989061653 -0.106925961882694 0.118747037283359
-0.150165929337249 0.112998655934043 -0.0785473774247862 0.0768717665997833
-0.0735922799929203 0.154762678910258 -0.0102289911447644 0.0531376634054293
0.0402119987094919 0.146846949384504 0.0168287571453203 -0.012776046673456
0.122688116371954 0.0936550697744579 -0.0209710728206178 -0.0535604814235324
0.154614902698685 0.0289570209395427 -0.0925295801920392 -0.0443685710679814
0.162204409700182 -0.014669128113182 -0.130419213884553 -0.0034100484572289
0.180753633810577 -0.043536014376084 -0.145587581433139 0.0221052237548011
0.1912988345404 -0.038118617379996 -0.13790699501507 0.0245304726781929
0.21624302453099 -0.0196951135956897 -0.117417147810523 0.00303722295600603
0.223999333429687 0.0565881208844435 -0.0735165258262828 -0.0234970616927823
0.167680950548645 0.169904474333847 -0.0223158985869476 -0.0208260185642086
0.0394552449905444 0.273547302435588 -0.0300895448892058 0.0606593486174396
-0.138296954818931 0.252002584596993 -0.094073136779089 0.074160728850734
-0.230281908459706 0.152682344241228 -0.179377623011244 0.0420137206366045
-0.240347635330832 0.0928699434976846 -0.0192966007482755 0.0788615229525619
-0.19259163441155 0.154821614934081 -0.0491220930233669 0.0396731920218396
-0.105896703515052 0.208845808926626 -0.00765226555253218 0.0387761710163042
0.0431404911944529 0.209635257039825 0.0155940809083766 0.00683539550413338
0.156818196398399 0.141780465857362 0.0117905460647545 -0.0276003313120641
0.201110626430149 0.049392097883059 -0.0380479354265194 -0.0378005888896536
0.208676341866925 -0.0141846809736644 -0.0580307648070195 -0.012716059116676
0.223297266498838 -0.0501677449275711 -0.0643537259396785 0.000772741775934037
0.229088462629389 -0.0460906272165524 -0.0583306264620536 0.00281821180910955
0.25376854058506 -0.0287013018978785 -0.0491807365923119 -0.00544517128815783
0.265760277170643 0.0547207603532694 -0.0189470093742263 -0.0194059474462952
0.204594058200962 0.183432873326243 0.00406607775745113 -0.0141901478478289
0.0652723967226956 0.297968475453975 -0.00977620447317417 0.0449457575097423
-0.128752758446305 0.293832242267947 -0.0530053607845459 0.0400844441444948
-0.247071987443282 0.187619364548156 -0.0913737898053911 -0.00417074974167886
-0.250331214207659 0.107431417889598 0.0863247276657034 0.0316072757039439
-0.204582177921298 0.179880857428146 0.00654580485647624 -0.00858680597213944
-0.115137429999835 0.236870923283402 0.0044167425596603 0.0151493463859997
0.0459069127858392 0.238631775591663 0.0194397013074049 0.0299129577784667
0.16813522480095 0.165342379211814 0.0534855823337658 0.00994879616932474
0.216604087646987 0.0606301285832759 0.0329999465969135 -0.0216512797395864
0.223431937579834 -0.0133436414017646 0.028882683913611 -0.0211987930363911
0.230935829354303 -0.0482882161967985 0.0273197740949067 -0.0215538744029034
0.230755205335355 -0.0438833496532843 0.0275149121446552 -0.0216831895319648
0.248894966004348 -0.0264404746863331 0.021328330757566 -0.0181143308788429
0.255852759451161 0.0512934193422395 0.0344480594923604 -0.0183766055089706
0.190986444149868 0.169664040922032 0.0290090784598076 -0.00873583343741573
0.0633865856773667 0.267257792671436 0.00307977969250604 0.0222378817979952
-0.106383821690514 0.273648482856003 -0.018030933104746 -0.00398641641409352
-0.225412750270443 0.185474247053705 -0.00317207896683106 -0.0611348153567935
-0.215573297010601 0.105560523291144 0.188234562528439 -0.0184181694767739
-0.17058934700241 0.170494134524164 0.0699338430761677 -0.0559971778834945
-0.0914899261333441 0.209746198572013 0.023472016313154 -0.00882927842751241
0.041579190217942 0.209170510971697 0.0279158187604094 0.0505280933514044
0.147360621114685 0.149049903931801 0.094457324169186 0.0479444544333922
0.190843427777918 0.056007147465176 0.106654176648141 -0.00242842843514726
0.199138151675669 -0.0119541549891951 0.116053250806168 -0.0278883092350304
0.203653247898293 -0.038284889054025 0.114315881102553 -0.0415713221907905
0.199387997126551 -0.0318411094454737 0.10452129247692 -0.0407453582518967
0.204797316007218 -0.0111558388418046 0.0807771253464343 -0.0235026638391688
0.198181989196951 0.0534457810245144 0.0730613510366552 -0.0115482962766926
0.132195897616017 0.140112495843555 0.0433305585172221 0.00234462807526306
0.0308565670493786 0.193476589086983 0.00785955181960802 0.00240258378435217
-0.0814763741150008 0.203223352045251 0.00991205301595526 -0.0404955642190404
-0.172982421986998 0.148065090817622 0.0731573716213905 -0.111233614147048
-0.139178090003649 0.0848306568968689 0.265636223886307 -0.0631427479146671
-0.098441460864969 0.122820006024223 0.122771180092552 -0.0930762585430776
-0.0487219301226789 0.130556900997913 0.0422427759975335 -0.0273041627316546
0.0261386852682655 0.130885612358507 0.0373436548423015 0.0599029409247566
0.0947965463365259 0.100413483009694 0.12398124837396 0.0717448444084398
0.128558167328948 0.0391117210641245 0.16619529947164 0.0118544206485064
0.141466382209445 -0.00968524935003607 0.187503025325746 -0.0348220385569668
0.145749888034436 -0.0227676157159407 0.183841036085445 -0.0542207884961211
0.140172367304819 -0.0142465682103891 0.163188771598819 -0.0475435312030952
0.134879820183685 0.00866786448442764 0.121872063075851 -0.0155578200979611
0.117357187984438 0.0526949584703698 0.0905690137750881 0.00670943485346026
0.0571882939024261 0.0985497701395868 0.0428100803298881 0.0175991365521437
-0.00511499059900324 0.102181683472894 0.00647585878903205 -0.0105156166670748
-0.0485281645945884 0.112619341513454 0.0316482211398212 -0.0608810222203027
-0.101400575140926 0.0931165493799894 0.129876815529422 -0.142664780612963
-0.0383015078253254 0.0443854534497199 0.300446190199574 -0.0950850613029726
-0.0143549923310641 0.0451614157374822 0.152498972377757 -0.11697084845802
-0.00847311045267805 0.0259505626809911 0.051905637477496 -0.0438864456566872
-0.00172129995585457 0.0367269563528955 0.0399484697746038 0.0564441836540401
0.0236121555333439 0.0397921642102133 0.136469563174676 0.0790581478454241
0.0450357772921075 0.0190281773822853 0.200047605255623 0.0167045560409799
0.0604474182907322 -0.00338354916163911 0.229959220360506 -0.0410740964556317
0.0661662890802535 -0.0050028985188212 0.22479205000528 -0.0599931385342848
0.0640790705614252 0.00126534792766352 0.198252459085033 -0.0435525182313073
0.0552741581507513 0.0199236317468662 0.142159953732093 0.00050756560702125
0.0376238356187974 0.0398167266637277 0.0903503015865826 0.0292061151936025
-0.00160589128871161 0.0444985052799184 0.0308904349482148 0.0313355935328949
-0.0189562327011012 0.0152746251908323 0.00406022706243751 -0.0211065140559054
-0.00314936068622977 0.0292261792181103 0.0494172300247374 -0.0704590657338326
-0.018695924241239 0.0381410114282029 0.163891883246517 -0.154853652878937
-0.0426486923090657 -0.00527315482217946 -0.192958755151524 0.135487256695209
-0.042614119033195 0.0164369082721003 -0.0723547035292356 0.0997104460667196
-0.00801951951802038 0.0412585607056429 -0.00786127543463064 0.0425658970378737
0.0242164027629808 0.0203499967658137 0.00779974042207751 -0.0322509027271263
0.0291775657796374 -0.00103634740705971 -0.0538573187751886 -0.058349351346198
0.0240994256784673 -0.00516645830307477 -0.125182654048259 -0.0356945801389745
0.0164638675725793 -0.00197548955152821 -0.18831985345519 0.000457385538391636
0.0253315609897876 -0.00836821479940962 -0.223201469420754 0.0211375031217167
0.0351053460603828 -0.00707527988062393 -0.224857141919901 0.0119667103043341
0.0476178374559005 -0.00586000758326582 -0.192076842999405 -0.0287460965342876
0.0523870395883652 0.0155209399661804 -0.132505673075226 -0.0660245456170026
0.0394694052527089 0.0557935960794218 -0.0569721672464056 -0.0523340511185756
-0.0122772114506426 0.0882938771963023 -0.0653937906863435 0.0293686051918591
-0.0722280672415798 0.0466164626533764 -0.150666339876957 0.049934201055241
-0.0747851154353652 0.0101668116857061 -0.284118908815553 0.0312305952436052
-0.117884596877689 0.0187801612868632 -0.172785494572187 0.114392412879787
-0.0968362490115748 0.0502677786210235 -0.0907474563546107 0.0843195359169989
-0.0453044512119018 0.0854340507339681 -0.0166316995695876 0.0490890753788796
0.0231967220351953 0.0772630708786581 0.0126411751309661 -0.0227114598452488
0.0672280294046379 0.04774069394154 -0.037463366655861 -0.0608209853905283
0.0853117438244974 0.0184141129477939 -0.111220466496659 -0.045527974261277
0.0903224335973028 0.00111254384385732 -0.168298593288049 -0.0093943576658016
0.109067480253688 -0.0144274314259512 -0.195824797836418 0.0133158756420542
0.12032383747599 -0.00782301932770653 -0.195278295143281 0.0112175386303175
0.13642237638431 0.00731567729539574 -0.167070963174875 -0.0187891698201279
0.132679958423805 0.0603236084419492 -0.111103962359024 -0.0510736024131588
0.0867401398806425 0.132976901914865 -0.0441508581021013 -0.0385848127058506
-0.0141912531840804 0.18904098119812 -0.0544503184372027 0.0456879846012855
-0.134514024177322 0.141508898693902 -0.130587043028911 0.0581336900754289
-0.172035551856984 0.0669814760256021 -0.244195663310097 0.0293650841340817
-0.185150245399602 0.0386037659123976 -0.120746472553261 0.0886291790717452
-0.152132047579246 0.0822036370555006 -0.0907662718477763 0.0617443174424659
-0.0891460507162842 0.131298098642715 -0.0253331019950446 0.0469071398594949
0.0154461037877483 0.140977101459376 0.0105390168976378 -0.00867696494789871
0.0989404939141231 0.104178065939614 -0.0184306385064134 -0.0488659031456034
0.14004533426851 0.0471174976753286 -0.0806062816759268 -0.044746512345033
0.154436060931461 0.00683764918888446 -0.123142272147995 -0.0157957004122857
0.176744596419236 -0.0195575967756401 -0.139473461634663 0.00362212209229885
0.186092668399506 -0.0117605793534214 -0.136603669735777 0.00521619928128544
0.205942043541394 0.00819117795570994 -0.118332499467356 -0.0123471160671887
0.204447424576946 0.0815552075093075 -0.0750768984788278 -0.0366573972011387
0.138605643838975 0.182872510158391 -0.0250886241529686 -0.0271381015275889
0.00640583993770606 0.262941475137615 -0.0343548509335536 0.0466503697141458
-0.160413237043607 0.222463705288694 -0.0933653270679019 0.0488370274643664
-0.236929873650635 0.119999095302964 -0.171163771375166 0.00997911682301365
-0.23154591836793 0.054975384551381 -0.0393195133834158 0.059739459991368
-0.196765584302132 0.115307299252794 -0.062188406833434 0.0299088981644927
-0.125973920985153 0.177828458456718 -0.0254042950648856 0.0330410163268915
0.00948095305713195 0.19942814652255 0.00551596765620307 0.00906954532121633
0.123555264630961 0.15432293540553 0.00651826920436822 -0.0205878345525609
0.179674499295598 0.0725812709925323 -0.0316275448526305 -0.0308829485414349
0.198359322638125 0.0120309644239968 -0.0552804874087914 -0.016580743190673
0.217410047419421 -0.0204639343057617 -0.0602074983733408 -0.00800882074578975
0.222803564445603 -0.0153708185774695 -0.058588569531139 -0.00594224562802029
0.242016125546243 0.00346167021349368 -0.0530826558933967 -0.0130566911957516
0.243196851161479 0.0842379659216168 -0.0250406418716763 -0.0270488504991558
0.171645554484295 0.199030821009621 -0.000465084827016588 -0.0186563930809857
0.0287875242305275 0.290320865092073 -0.0139233070800666 0.033585585532915
-0.155650646603004 0.263032374867108 -0.0502102467958636 0.0191275575135674
-0.25805612566118 0.152125660689545 -0.0809941083226699 -0.0265114810599623
-0.24270442459861 0.0665111065401824 0.0621987323048951 0.0266805772961462
-0.210875136239577 0.136690228745461 -0.00660926773691678 -0.00894504084210407
-0.137840977058455 0.202027212961599 -0.0133183967917298 0.0119525099168771
0.00733440301513221 0.226705034971495 0.00461997632000447 0.0308505801969713
0.131404949395832 0.17874512194689 0.0389791611658709 0.0193281252446604
0.191279068535566 0.0855272633261472 0.031349272909746 -0.0069865136663488
0.211189295550638 0.0140677322903536 0.0265445501080104 -0.0144759751512849
0.225129794499335 -0.0177391171961499 0.028376618289257 -0.0189917891367801
0.223706357676736 -0.0131021738495409 0.025603257003737 -0.01973737288508
0.236548862374708 0.00436272691996669 0.01560139411227 -0.0164934073677287
0.234728422035096 0.0795227763908651 0.0255118728161138 -0.0193759773504229
0.159907750631045 0.184720586970399 0.0225944889197191 -0.00961053742621521
0.0291506969611488 0.260271960584262 0.00152908134365468 0.0145962724434091
-0.133118455379188 0.246916229019248 -0.0116447929804895 -0.0173519414555571
-0.236629530833012 0.151466507742513 0.0107253917262849 -0.0714577536778608
-0.211017951461216 0.0692077624481322 0.163149289774872 -0.00691354462824288
-0.179208401088635 0.133859564667826 0.0589864002391546 -0.0462487257341354
-0.113683247844067 0.181155420755321 0.00906227150645028 -0.00717196501578485
0.00799313838448306 0.199755201873485 0.0115063399475107 0.0508271898863316
0.114632788283493 0.16099804011018 0.0739357508870702 0.0581825421672785
0.168369894138028 0.078519745996522 0.0971762441964888 0.0180253543596955
0.187892577966393 0.0121554973907199 0.109086258000656 -0.0120553938547039
0.198528644232211 -0.0125814843557035 0.112309903923773 -0.0276234076246115
0.191625035939985 -0.00621311457857422 0.100892518681737 -0.0287638266608054
0.193083331750004 0.0137371360526745 0.0731137892964599 -0.0151099620545496
0.179207770944961 0.0738215063548654 0.0631295002139299 -0.00691016873399749
0.107151648443942 0.148862939947599 0.0372235348178196 0.00335784455761968
0.00658860880351949 0.187532211811076 0.00858441758512036 -0.000634085020252406
-0.100621801861298 0.182932864093656 0.018590038744755 -0.0458875003222362
-0.183798942802647 0.121665617800973 0.0890388308618768 -0.108511882124009
-0.138641663793061 0.0599389081064592 0.241878518785421 -0.0358334131257213
-0.106418504530627 0.0997815281291864 0.115804255456501 -0.0738229009584187
-0.0634350036001191 0.11474315549283 0.033890965056479 -0.0216834298948293
0.00476172777390786 0.12491129520928 0.0223564556662539 0.0602443689427908
0.0728494003234902 0.108270495726401 0.101185988138189 0.0830942498519411
0.11246241141839 0.0553552286836854 0.151822325389554 0.0349877060098877
0.133370134441252 0.00740404157295427 0.177240717421752 -0.0108880008639431
0.141541238687399 -0.00485747219871686 0.178993334574033 -0.0315654781353502
0.134553577110648 0.00277217474344 0.158423265823784 -0.0284735904430324
0.125042594380334 0.0239977168479855 0.113281233653728 -0.00294929883560268
0.103044100567567 0.063644054055981 0.0811526986592629 0.0133632173741527
0.0417583321664857 0.0993448887787654 0.03753207628265 0.0192581731007989
-0.0168911785329727 0.0968312424883278 0.00918826680939312 -0.0105126885622704
-0.0595627305289351 0.100799531143938 0.0404452677573754 -0.058813246590666
-0.109589562335608 0.0776524001002893 0.145698949056245 -0.129337448615864
-0.0408069177652356 0.0360288453810036 0.283063737455208 -0.0567003812708349
-0.0190104453137062 0.0402962601105813 0.152459610971433 -0.0922401884622835
-0.0118844180567442 0.023754045579905 0.0513294259521379 -0.0349676782607622
-0.00700501369481844 0.0335419025493742 0.029067593355957 0.0569131317340318
0.0164016834407602 0.0408518255356678 0.114823689014844 0.089637599131475
0.0369678040667204 0.0247741239228732 0.183715365751083 0.0394586367661778
0.0559955700452991 0.00294556991451621 0.217982960419565 -0.0131408749150716
0.0636202638430257 0.00232692440479118 0.218186735729968 -0.0322732998272322
0.0597214539487106 0.00823321150987212 0.192022421060491 -0.0201616676253661
0.0483198359253352 0.0250523212649309 0.133305432918566 0.0155142619108831
0.029642013341261 0.0414153648217698 0.0810213451738449 0.0363636140958327
-0.00721817411871095 0.041432315295195 0.0259746258813383 0.0322091740840639
-0.0194493497918568 0.0125021102120742 0.00657312704051956 -0.0187534000048418
-0.00699277275223317 0.027161561079399 0.0564424803147117 -0.0624125308246541
-0.0245535770720631 0.0347146422209544 0.176927603165069 -0.133404295529046
-0.0408016400908587 -0.00666948541737847 -0.189356950464255 0.127035988342726
-0.0413952675317465 0.0142433709063869 -0.0722939167019907 0.0954500123772655
-0.0086627068572051 0.038949955873238 -0.00830656158982529 0.0411183106672123
0.0227677215272544 0.0200854725462713 0.00788407890659466 -0.0319455157504872
0.0275757975692735 -0.000365952635814329 -0.0498881433000335 -0.0577869820717792
0.0232381959315139 -0.00481102193641018 -0.118453653572712 -0.0365834956018801
0.0169402676821487 -0.00101792929041583 -0.181159479526008 -0.00293486828653808
0.0245200508244909 -0.00720356262656936 -0.217082991348702 0.0177192591023252
0.0337181945207093 -0.00621800942907405 -0.21867256682896 0.00729030773546824
0.0464004336020815 -0.00494325426890418 -0.185044873901727 -0.0313787985637076
0.0505347533539752 0.0165694206599727 -0.125797431492176 -0.0669011907754832
0.0368059593894733 0.055220406972102 -0.053992513377586 -0.0519089249512458
-0.0144493580158919 0.0845085456547914 -0.0636864233331441 0.0264496922569162
-0.0711184112239133 0.0436631924420938 -0.147634181408032 0.0433818908962644
-0.0716751741231681 0.00806408498223103 -0.275312523317707 0.0231478074951029
-0.113891111269113 0.0146091602167772 -0.170238942403424 0.107041455122531
-0.0944129458875107 0.0451426328726308 -0.0903553192001404 0.0805843937226579
-0.0453694881689621 0.0803002763955127 -0.0177388224488509 0.0464375429543246
0.0205905518819915 0.0743264129287767 0.0126233339076007 -0.0218729909752384
0.0636357293322691 0.0474352426200204 -0.0342974612126358 -0.0597762849346797
0.0814298187506279 0.0188241407121565 -0.105346696101869 -0.0462280384522263
0.0875088538563054 0.00302991086231513 -0.161836074228531 -0.0121879575602553
0.105804722988972 -0.011628469958018 -0.190663246721276 0.0106863252088376
0.116539446395938 -0.00544596996109621 -0.189318324662434 0.00727802077685127
0.130954719964396 0.0094352874179354 -0.160848248921764 -0.0210178149374777
0.126624028244567 0.0607434659660382 -0.106873408841313 -0.052512619114422
0.0802549103391206 0.130611095748037 -0.0416965606825548 -0.0383910784897653
-0.0191887285677734 0.182664879330671 -0.053231192993949 0.0436131061532308
-0.133932586523028 0.134103254126386 -0.12828758416369 0.0522259386438251
-0.168124266956271 0.0603873130691261 -0.235392858155431 0.022809362783373
-0.179235744708964 0.0319899058305936 -0.11929228427214 0.0838480032361067
-0.148359836814388 0.0749775448724955 -0.089136416314527 0.0586197221587694
-0.0892527883539541 0.123859933261357 -0.0256006925049454 0.0442116026349912
0.0112542969437425 0.135366688527811 0.0103244499951652 -0.00794230118527137
0.0922946072647628 0.10221001463454 -0.0155640132041507 -0.047973199415527
0.133708234571827 0.0483510014802481 -0.0766428183742638 -0.0447544654845217
0.149558387306785 0.00983876338488077 -0.117863771369409 -0.0170643718210332
0.171638715757051 -0.0155794578750476 -0.135253636200359 0.00207736449744734
0.180967255659618 -0.00777231197034483 -0.132503474087491 0.00268598851024423
0.198177011078643 0.0116711454889082 -0.114346903209165 -0.0133963937867317
0.195249117904308 0.0818700625734434 -0.0721698694998828 -0.0374799888260316
0.130267973032624 0.180048706204865 -0.0235559634378206 -0.0268667302719741
-0.00135287788890524 0.255259512251688 -0.0330977076911711 0.0457395134217341
-0.161179606899505 0.211879544155909 -0.0912161960775476 0.0442826528560063
-0.231338500331862 0.111365981302575 -0.163739017965094 0.00529896708273397
-0.225015958312895 0.0464431791636522 -0.0397461034680719 0.0569877737296524
-0.192331566193575 0.10472715184796 -0.0608748391297146 0.0282717498027643
-0.126544973627092 0.168132704794449 -0.0258254276083782 0.0302527300459747
0.00393895173444682 0.191982522103776 0.00479589402826922 0.00917213701840622
0.115561070623887 0.151911926402629 0.00768158831974105 -0.0197656460229081
0.170915487917417 0.0745525683300116 -0.0302568834674918 -0.0302604967835028
0.191494334767423 0.0161602521904177 -0.0527077374716618 -0.0166916841165991
0.211181125950891 -0.0159142975607507 -0.0587697595299478 -0.00803035316167123
0.216282048423824 -0.0112913867790063 -0.0567568375343309 -0.00699195430844063
0.233080553682484 0.00800211878996222 -0.0516421210721374 -0.0123601867546548
0.233302442653847 0.0849323770394495 -0.02487928440593 -0.0267648706244114
0.160451125082998 0.19643534623055 -0.000252282114355284 -0.0182087794346687
0.0197796743930235 0.281414595255927 -0.0124451333140726 0.0338173180344171
-0.15707552300179 0.251236855671824 -0.0480476505461951 0.0168558412383138
-0.25211304741327 0.14144581909278 -0.0752288031058163 -0.0278722087155673
-0.236273731940546 0.0569898600092941 0.058493957732641 0.0276494390753812
-0.206686655523744 0.126158810076119 -0.00704251559350415 -0.00805704330048898
-0.138607746655277 0.192442270185169 -0.0143817219682214 0.0103657496617207
0.0016002480299724 0.218669315600367 0.00347434159639927 0.0299681858650464
0.122337511307411 0.174866841130289 0.0387852551690727 0.0192590782523638
0.182624252337343 0.0878038556134956 0.0295263981652369 -0.00573250104363034
0.203392298842717 0.0180128498977547 0.0257428365000441 -0.0133704026333626
0.218725107329921 -0.0137492383158107 0.0274950348034815 -0.0179075568897443
0.217150603763329 -0.00906655525551678 0.0252887291110116 -0.0189924532493104
0.22765187574244 0.00817145851636609 0.0153838355065266 -0.0148257695713022
0.224452844990564 0.0795079138987841 0.023635380493324 -0.0187162804444515
0.15058302656152 0.180970444612962 0.0218786234561736 -0.00896667304530741
0.0215020622257518 0.252796654704555 0.00274036763236935 0.0160440308005373
-0.134303745531197 0.235983715742119 -0.00925993630162287 -0.0177184964847196
-0.232287994955998 0.140699345899469 0.0144053613093931 -0.06877997491252
-0.205837700559694 0.0607094986291262 0.156891440012187 -0.0017688202805649
-0.175919646841025 0.123852440773117 0.0571003505405184 -0.0420963366748368
-0.115486654299431 0.17310744993786 0.00770207726119784 -0.00755067595548848
0.00217526990272115 0.19227218728116 0.00980195802837362 0.0497060982639577
0.106849645867522 0.158069338982017 0.0709172010989767 0.058394686109096
0.160899667918912 0.0800930543931729 0.0925841400293519 0.0197808972089453
0.180899647806004 0.0156179166651761 0.104970470504604 -0.00908731947177607
0.192358217363715 -0.00883464628039042 0.109494929969062 -0.0251986881993344
0.186860659979282 -0.0026604625160054 0.0983888893186776 -0.026212221603629
0.185487930416441 0.0167828220175058 0.0713611682778224 -0.0125070147380137
0.170695259500415 0.0736949387771191 0.0601739107468067 -0.00568720792074849
0.0997831899144464 0.14519516261339 0.0355235506021854 0.00400236551106718
0.00157180816183454 0.181531287131506 0.00938335984012515 0.00104098244584438
-0.101667887491384 0.174469412605786 0.0200380903034854 -0.0432227420637993
-0.180290373504891 0.113634346092429 0.0897740749992503 -0.103738619778028
-0.13616159909447 0.0541122034549588 0.233614906895799 -0.0289589265861986
-0.105478087696095 0.0935219394610393 0.11366015685098 -0.0681924628630831
-0.06459330053507 0.109949360361547 0.0322582891713654 -0.020827216921628
0.00145596686292258 0.120567573035208 0.0202978511916856 0.0594717611371218
0.0686180594356449 0.105853189880944 0.0965089627268527 0.0825253213098627
0.108064566647166 0.0565705938806991 0.144061184443939 0.0378338016785547
0.127704727339118 0.0103153188768396 0.170673419205736 -0.00680567184325159
0.1370322675654 -0.00241508583021197 0.173442030577881 -0.0292244519689827
0.130262003483435 0.00531753984115408 0.153300392162363 -0.0251154891245133
0.119706420435257 0.0254793028630959 0.109550807223353 -0.000684540467669774
0.0979763201014193 0.0628382079180246 0.0768250834159447 0.0145949112766626
0.0383880134832306 0.0962953777898473 0.0353325878278401 0.0194066993159502
-0.018735973906607 0.0937298946059007 0.00910099464215827 -0.00805174944319869
-0.0601462493218569 0.0957231872597337 0.0417176505245845 -0.0555868142018042
-0.108301357260053 0.0720550155883644 0.144470842339142 -0.122029020508312
-0.04106752764909 0.0336948444837293 0.274270564537965 -0.0482372099568716
-0.0190552724436008 0.0389029678901305 0.148501300911459 -0.0861153132921765
-0.0126687360003747 0.0230374905242508 0.0497293905582302 -0.0333747452948194
-0.00749538191431466 0.0321885316159153 0.0269873016400364 0.0561155105625037
0.0155031281915246 0.0400532794721644 0.109147996914874 0.0891993736484682
0.0357082993155438 0.0257256865712228 0.175242607930738 0.0427682945695421
0.0535154807409985 0.00371184552047677 0.209863154790019 -0.00885597077668103
0.0613412516248626 0.00316781560573541 0.212181330875501 -0.0281158765937244
0.0583862771452861 0.00904503691166867 0.185464937859314 -0.0164209585568962
0.0464210101443252 0.0258476292194697 0.128256510123832 0.0176549295287581
0.0274585178296527 0.0402500325455663 0.0762419356637895 0.0368221125576328
-0.00746337261821942 0.0389929569335106 0.0242719579280707 0.0313471291600981
-0.0190992499541573 0.0127669695188606 0.00619826784344499 -0.0173818585879035
-0.00732507422782768 0.0253809857301624 0.0571886526392251 -0.0592211924366734
-0.0257619096043758 0.0320523761577527 0.173824350667457 -0.12583622804457
-0.0398452942999196 -0.00788465934163063 -0.195357020954511 0.120980870545492
-0.0422111926765027 0.0119313311100349 -0.0756193880963959 0.0940964625116313
-0.00995429239448264 0.0383434977331604 -0.00935110103096689 0.0413140587247232
0.0221239841590547 0.0202985218084934 0.00839480143072156 -0.0317122605069928
0.0274499188210711 0.000661376845382295 -0.0479489628353699 -0.0607696769790825
0.0235031652690803 -0.00422194044902391 -0.116610814751789 -0.0412318084756836
0.0173012606055328 -1.36966115376253E-05 -0.180971351088498 -0.00815916950299413
0.0255637318777426 -0.00630846125828654 -0.21889006369141 0.0121511262023883
0.0334806990694574 -0.00516020486549433 -0.219782225037907 0.000109441752132636
0.0469072015251492 -0.00404609245794516 -0.185165719249574 -0.0373722995066781
0.0502837859284472 0.0181858571354298 -0.12421824042766 -0.0717262785660608
0.0345058352516672 0.0568265094912167 -0.0523987645160807 -0.0543992421276965
-0.0180501611995106 0.0842301817261644 -0.0646312592034319 0.0242704661388924
-0.0739385588717228 0.041370399328746 -0.151352870280842 0.0371588465035306
-0.0721095350330696 0.00575284196786861 -0.277248034443878 0.0139661181359102
-0.114335202092191 0.0101250679146791 -0.17478261293459 0.101480673925392
-0.0964233119279851 0.0409706385536382 -0.0933997634678581 0.0782532536863843
-0.0488505566207338 0.0781719950386692 -0.0190558125987242 0.0463987083716969
0.0174068276104451 0.0751296055613253 0.0135334643800462 -0.0213575448252526
0.0614842257964945 0.0495333336205293 -0.0318831457172767 -0.0613805281412054
0.0805343843779532 0.0218578213840762 -0.103101325821759 -0.0496568351670195
0.0887120666161733 0.00655722593950547 -0.16172372746532 -0.0168517108715463
0.106691703541645 -0.00837358873059333 -0.191991957913513 0.00654132937161897
0.117492141922631 -0.00198223035265952 -0.190139051899559 0.00120804860247055
0.131093331658029 0.0137181078655353 -0.161400937563745 -0.0264015956059761
0.125243786733159 0.0649179513644857 -0.105623270958956 -0.0563865223047517
0.0754973675526179 0.134346662608382 -0.0413226841376812 -0.0399891114119234
-0.026442505483269 0.182886532013158 -0.0543457680160045 0.0425018776524186
-0.140370628081978 0.130222125397242 -0.131198271448128 0.0471151094539439
-0.171223982507266 0.0547870079796904 -0.235406290416612 0.0149288431329328
-0.18081558290052 0.025276457039705 -0.123759785688163 0.0800579600249881
-0.151483541182006 0.0687589784965182 -0.0920636658367923 0.0571087513947923
-0.0951411188782914 0.12076626367576 -0.0278236001176877 0.0432565934914713
0.00631423039914856 0.135732054374931 0.0104473409929424 -0.00764346959139882
0.0889445836959952 0.105451372589448 -0.0138244813835741 -0.0487948567762507
0.131481798582539 0.0527569499112756 -0.074881144995824 -0.0472330422824653
0.150096822412346 0.015610981176956 -0.117814877575464 -0.0199219542877834
0.173759437510125 -0.00992166426536032 -0.136452896751736 -0.00108793810857974
0.182599074351232 -0.00290945509191065 -0.133076220128257 -0.000928607831263487
0.198488548881206 0.0172808126000127 -0.114353667130756 -0.0161785605160932
0.193398797762193 0.0881669783046978 -0.0723733800416304 -0.0405001778234391
0.123300542651675 0.185070150027707 -0.0226061100287479 -0.0280455131730796
-0.0105008519543349 0.256947184034248 -0.0336200907959479 0.0456734167872756
-0.170219503225845 0.207854656335514 -0.0932541763808592 0.0401513544280786
-0.23585189554201 0.10335744516034 -0.163166644921512 -0.000725325886323514
-0.226761688423078 0.0376027363565404 -0.0427731093685314 0.0566822683948218
-0.196775562216567 0.0973809024122704 -0.063152915105341 0.0278403720750411
-0.133928699313274 0.164537724307521 -0.0282366778039098 0.0287300225371677
-0.00331451228996912 0.192343031669416 0.00446763242588975 0.00943281723929034
0.110266084565832 0.156106100072103 0.00937281085934639 -0.020492955042985
0.168597291098908 0.0804789518624756 -0.0296588440394357 -0.0305859813207099
0.191631546689489 0.0225810529627253 -0.0522653511874233 -0.0181373967133442
0.21361943285571 -0.00922022322278602 -0.059198977438856 -0.00894892734555447
0.218801437947568 -0.00483646396799142 -0.0566464607998078 -0.00835528779866234
0.233730315075646 0.0146737722495216 -0.0509823162065406 -0.0132048115891222
0.231314371527371 0.0920088198369831 -0.0249566316881234 -0.0279230416788239
0.153865119602228 0.201896686874844 0.00011319191776039 -0.0182372680617075
0.00982054974762388 0.284500914399984 -0.0119475831344087 0.034543493555545
-0.167349496491476 0.246834471656318 -0.0482354098935205 0.0144063510005054
-0.258244157267527 0.132961294433462 -0.0723853276292476 -0.0314856845860385
-0.239239096979153 0.0480178860859446 0.0574786731274812 0.0306576179466966
-0.212350441693802 0.11797114654327 -0.00757602580826899 -0.00641288800150164
-0.147691682863715 0.188276273164858 -0.0162163376583015 0.00916437708023947
-0.00650519024948922 0.219720874920829 0.00221564939718231 0.0304493571409923
0.117306891951344 0.180183878360661 0.038999986437139 0.0199754162970483
0.180536202148912 0.0945933200817134 0.0293295182548374 -0.00403764216740736
0.203556447355499 0.0250291194402349 0.0262769982773265 -0.0124254004839178
0.220723384363874 -0.00732232051863312 0.0274946808801803 -0.0167144914330687
0.220172930462611 -0.00282548961704076 0.0256303779601917 -0.0184212309654305
0.227786487369365 0.015514873350062 0.0160417850817031 -0.0135646248046396
0.221770039418381 0.085837942170722 0.0232660568464839 -0.0177493003607002
0.143960431529694 0.186207257366242 0.0225969049856887 -0.00835496763892899
0.0123710637992072 0.255523208882419 0.0034116672816168 0.017874621670512
-0.143428124092365 0.232063239397001 -0.00765091759083535 -0.0184367813193694
-0.23831281741562 0.133320504073748 0.0186246202697882 -0.0697911696197641
-0.209282574820625 0.0524264149202616 0.156668069015647 0.00468293602127638
-0.181412826100819 0.117233556165298 0.0582614457632571 -0.0398982111179903
-0.122858328143479 0.169875071313223 0.00569179768571345 -0.00787510443039968
-0.00458207115967578 0.192749551882013 0.00789076623268117 0.050894261474115
0.101702258280162 0.162447043624475 0.0698611470265435 0.0611267465966458
0.158597877462616 0.0868597207764287 0.0917234099140266 0.0241540460589647
0.180907659252352 0.0222116272727354 0.105813624721297 -0.00562037545572019
0.194171983562336 -0.00281439537124922 0.10991419423926 -0.0227384548721894
0.188244486216035 0.0033168889997544 0.0992724609865796 -0.0238631608862199
0.184325857316234 0.0227422148582684 0.0720850364502836 -0.00904157138593898
0.168668260032562 0.0784609948219427 0.0592115708037517 -0.00342890434317636
0.0949555095500561 0.148563040932009 0.0356045437123271 0.00517381352163628
-0.0048739901354011 0.182769859954172 0.0103672465684215 0.00286942801465726
-0.108236173818994 0.171925192228902 0.0232182193697031 -0.0434148158701474
-0.185149151712838 0.107112606552503 0.0948933394658684 -0.101797835059355
-0.139482562553625 0.0486061473051397 0.235291463280523 -0.0200022239097003
-0.109124352797306 0.0898329658225537 0.115377461543861 -0.0635616698525103
-0.0702669662954352 0.108912551147713 0.0318315089485925 -0.0200209039369683
-0.00345768183271388 0.12095876983091 0.0188454304867304 0.0609300968629315
0.0653633119326852 0.109026135061883 0.0949910113253895 0.0864713064416543
0.106737061781432 0.0610872408514904 0.142671794132364 0.0433262565099435
0.127778833299076 0.0141345089226502 0.170506682770843 -0.00173013559309182
0.138375278662871 0.00180227280480084 0.174817357312898 -0.0246612581954249
0.131853116441174 0.0093134805450666 0.154168544438153 -0.0212343608540992
0.118651778364535 0.0296345928342834 0.110196428808888 0.00340775424399656
0.095682848225699 0.0654247410356915 0.0756916260111823 0.0171588353206463
0.0349725597722115 0.0968394089552898 0.0347413088391003 0.0199835206785612
-0.0214871984749394 0.0940696473950257 0.0100070219594196 -0.0068107339874575
-0.0634870363868184 0.0940051934441338 0.045932105676053 -0.055049753876723
-0.112128049677664 0.0679096243862441 0.149564038631831 -0.118866488280873
-0.0427627842396463 0.0319652922270646 0.276670997127308 -0.0383863595642795
-0.0210235927387792 0.0384745887624925 0.151535449486882 -0.0804039863121608
-0.0135873316481433 0.0234555835625453 0.0505031324992503 -0.0318317691058506
-0.00879545793544427 0.0321889565304406 0.0260803084395372 0.0579133801174079
0.0143217449761566 0.0404446055670808 0.107307920471434 0.0938209408997231
0.0350458619201931 0.0275288362975984 0.173957961852717 0.0500244431651554
0.0529971996145475 0.00578611650252882 0.21044280355708 -0.00189161942356772
0.0619428295024026 0.00463661744315122 0.213591677989238 -0.0231708952706926
0.0585191671392031 0.0111412340380786 0.186224655684243 -0.0117664963747564
0.0454510497585421 0.0276752683524291 0.128015912129351 0.0213275823350193
0.0266427578974128 0.0410588422563747 0.0745019036469 0.0397569339778687
-0.0092978102150449 0.0386441389577944 0.0232263543211666 0.0314720436246029
-0.0190507512397477 0.0124388307853384 0.00669097972756579 -0.0161045388998449
-0.00838628336011937 0.025589141912791 0.0611861398332443 -0.0568577916968291
-0.0277371183990919 0.0310916442804648 0.178630960976333 -0.120694982990638
