TRXV5
3
4
4
9
string Extension=J
integer IsArchMeasurement=1
integer IsSpherical=1
string Generator=SPM
string GeneratorVersion=1.3.1 Dev
double ArchRadius=0.449999988079071
integer FrequencyAxisIndex=0
integer AzimuthAxisIndex=1
integer ElevationAxisIndex=2
Frequency
5 136 690000000 960000000 LIN
Azimuth
7 8 0 2.74889357189107 LIN
Elevation
7 15 -2.74889357189107 2.74889357189107 LIN
Polar H Real Part
13
Polar H Imaginary Part
14
Polar V Real Part
13
Polar V Imaginary Part
14
Polar H Magnitude (dB)
12 0xC0000002 0 1
Polar H Phase
7 0xC0000003 0 1
Polar V Magnitude (dB)
12 0xC0000002 2 3
Polar V Phase
7 0xC0000003 2 3
0.0177021026611328 -0.00209808349609375 -0.196258544921875 -0.096405029296875
-0.0113887786865234 -0.0179214477539062 -0.0722885131835937 -0.0370254516601563
-0.0240745544433594 0.00431632995605469 0.056549072265625 -0.0393486022949219
-0.00684928894042969 0.0187129974365234 0.0997543334960937 -0.119392395019531
0.00696372985839844 0.010096549987793 0.069732666015625 -0.171112060546875
0.00462150573730469 0.00212478637695313 -0.002349853515625 -0.209930419921875
-0.00622177124023438 -0.0128307342529297 -0.0724639892578125 -0.19012451171875
-0.00882911682128906 -0.0100059509277344 -0.09967041015625 -0.130821228027344
-0.00882339477539063 -0.00936412811279297 -0.0973358154296875 -0.0795745849609375
0.000409126281738282 -0.0108966827392578 -0.0877609252929687 -0.0461654663085938
0.00265598297119141 -0.00289678573608398 -0.0969467163085938 -0.000976562499999986
-0.0127944946289063 0.00955867767333984 -0.0977630615234375 0.0253448486328125
-0.0302944183349609 -0.00875663757324219 -0.13165283203125 0.0445175170898438
-0.0126209259033203 -0.0321388244628906 -0.187408447265625 0.0843658447265625
-7.62939453124852E-06 -0.0212211608886719 -0.198394775390625 0.0937042236328125
0.108924865722656 0.0109024047851563 -0.16650390625 -0.100173950195313
0.0790786743164063 -0.0148162841796875 -0.0406112670898438 -0.0395622253417969
0.0515670776367188 -0.0107078552246094 0.0705108642578125 -0.0446929931640625
0.0545578002929688 -0.0166702270507813 0.110641479492188 -0.121940612792969
0.04473876953125 -0.0377883911132813 0.0767669677734375 -0.16900634765625
0.0139694213867188 -0.0642890930175781 0.00105285644531251 -0.207260131835938
-0.020843505859375 -0.074432373046875 -0.0657196044921875 -0.17657470703125
-0.0231704711914063 -0.0677337646484375 -0.0931854248046875 -0.11163330078125
-0.0283432006835938 -0.0716094970703125 -0.0922775268554688 -0.0593109130859375
-0.0112380981445312 -0.0781097412109375 -0.0875244140625 -0.0308303833007813
0.0155754089355469 -0.0656166076660156 -0.0950164794921875 0.0124359130859375
0.0212287902832031 -0.0486831665039063 -0.0931777954101563 0.0315704345703125
0.0281906127929688 -0.0434226989746094 -0.124946594238281 0.0517044067382813
0.0605125427246094 -0.0497817993164063 -0.164779663085938 0.086761474609375
0.0829925537109375 -0.030792236328125 -0.171417236328125 0.096923828125
0.183273315429687 0.0237274169921875 -0.108062744140625 -0.0978775024414062
0.161468505859375 -0.0073089599609375 0.00957870483398439 -0.0346927642822266
0.124435424804688 -0.0254135131835938 0.0916595458984375 -0.0453948974609375
0.112548828125 -0.0524139404296875 0.11956787109375 -0.116783142089844
0.078887939453125 -0.0836105346679688 0.078826904296875 -0.154296875
0.0210800170898437 -0.123603820800781 0.00462341308593748 -0.185806274414062
-0.0334548950195313 -0.125152587890625 -0.0507965087890625 -0.14190673828125
-0.0348434448242188 -0.113555908203125 -0.072540283203125 -0.0755844116210938
-0.0457992553710938 -0.121665954589844 -0.0713729858398438 -0.025390625
-0.0247039794921875 -0.133529663085938 -0.0753936767578125 -0.00112152099609377
0.0195770263671875 -0.119209289550781 -0.0840835571289063 0.0359725952148438
0.0450363159179687 -0.10308837890625 -0.0871200561523438 0.0431900024414063
0.0789108276367188 -0.0803298950195313 -0.116989135742188 0.0543594360351562
0.125030517578125 -0.0671920776367188 -0.129592895507813 0.0775527954101562
0.152816772460938 -0.0378875732421875 -0.118820190429687 0.094146728515625
0.229965209960938 0.031280517578125 -0.0333786010742187 -0.0922012329101563
0.22027587890625 -0.0045318603515625 0.0699615478515625 -0.0286140441894531
0.178878784179688 -0.0422210693359375 0.11322021484375 -0.0441436767578125
0.153076171875 -0.0863800048828125 0.123207092285156 -0.103195190429688
0.0982894897460938 -0.122566223144531 0.0761260986328125 -0.126907348632813
0.0204010009765625 -0.165939331054688 0.00721740722656251 -0.14544677734375
-0.0440673828125 -0.156265258789062 -0.0294189453125 -0.0906829833984375
-0.042724609375 -0.141189575195313 -0.0413475036621094 -0.0286903381347656
-0.0563507080078125 -0.153366088867187 -0.0384140014648438 0.0170249938964844
-0.0334930419921875 -0.168136596679687 -0.0524215698242188 0.036956787109375
0.0235137939453125 -0.156448364257812 -0.0669593811035156 0.0647354125976563
0.0626983642578125 -0.142898559570313 -0.0778274536132812 0.0559539794921875
0.11932373046875 -0.106063842773438 -0.10565185546875 0.0512466430664063
0.173477172851562 -0.0740203857421875 -0.0849838256835937 0.05718994140625
0.201065063476563 -0.03460693359375 -0.0497283935546875 0.0881805419921875
0.2386474609375 0.0299835205078125 0.0464324951171875 -0.0899429321289063
0.242965698242188 -0.007598876953125 0.128120422363281 -0.0312423706054688
0.199432373046875 -0.0573577880859375 0.128433227539063 -0.0450439453125
0.16375732421875 -0.109161376953125 0.121177673339844 -0.0825119018554687
0.0972442626953125 -0.143402099609375 0.0720596313476563 -0.0894546508789063
0.0111083984375 -0.18218994140625 0.0157699584960937 -0.0923614501953125
-0.0503692626953125 -0.161636352539063 -0.00150871276855469 -0.0323104858398438
-0.0457000732421875 -0.146636962890625 -0.00408744812011719 0.0231552124023437
-0.057586669921875 -0.162506103515625 -0.00257492065429687 0.0636482238769531
-0.031829833984375 -0.179885864257813 -0.0269622802734375 0.0792922973632812
0.0320892333984375 -0.16961669921875 -0.04852294921875 0.0941696166992188
0.0791778564453125 -0.158126831054688 -0.0677719116210938 0.0682487487792968
0.148223876953125 -0.109207153320313 -0.0899429321289062 0.0430526733398438
0.202163696289063 -0.06304931640625 -0.033477783203125 0.0337409973144531
0.219375610351563 -0.01837158203125 0.0283584594726563 0.083221435546875
0.2086181640625 0.0263519287109375 0.117271423339844 -0.093109130859375
0.224746704101563 -0.0091552734375 0.172286987304688 -0.041412353515625
0.183746337890625 -0.061126708984375 0.133979797363281 -0.047210693359375
0.144912719726563 -0.110137939453125 0.11297607421875 -0.058502197265625
0.0784225463867188 -0.138648986816406 0.06964111328125 -0.0494346618652344
-0.00331115722656249 -0.16815185546875 0.0289382934570313 -0.0365524291992188
-0.050506591796875 -0.141372680664063 0.0309562683105469 0.023193359375
-0.04150390625 -0.12872314453125 0.0335235595703125 0.0719833374023437
-0.050689697265625 -0.147323608398437 0.0298614501953125 0.109786987304687
-0.0213470458984375 -0.164505004882813 -0.00640869140624999 0.123062133789062
0.0428314208984375 -0.155380249023438 -0.0372390747070313 0.12255859375
0.09222412109375 -0.14447021484375 -0.0606002807617187 0.0799407958984375
0.158798217773438 -0.0860137939453125 -0.0700035095214844 0.035614013671875
0.201934814453125 -0.0345916748046875 0.0204315185546875 0.0176620483398437
0.203353881835938 0.0069732666015625 0.10382080078125 0.0880203247070313
0.14599609375 0.0231475830078125 0.168472290039063 -0.100433349609375
0.1741943359375 -0.0048065185546875 0.196334838867188 -0.0561676025390625
0.139549255371094 -0.0507888793945312 0.129241943359375 -0.0514450073242188
0.104583740234375 -0.0905685424804688 0.102615356445312 -0.03765869140625
0.0487213134765625 -0.109107971191406 0.0696754455566406 -0.0154533386230469
-0.0151214599609375 -0.124687194824219 0.0473518371582031 0.00938796997070312
-0.0415191650390625 -0.09844970703125 0.0614700317382812 0.0664291381835938
-0.0316619873046875 -0.0898971557617188 0.0650100708007813 0.10986328125
-0.036224365234375 -0.109626770019531 0.0518798828125 0.148941040039063
-0.00952911376953126 -0.124755859375 0.000579833984374988 0.161712646484375
0.0459671020507813 -0.118194580078125 -0.0368804931640625 0.146514892578125
0.0896072387695313 -0.107337951660156 -0.0594711303710938 0.0908966064453125
0.142929077148437 -0.049102783203125 -0.0525093078613281 0.0350227355957031
0.168167114257813 -0.0007476806640625 0.0658721923828125 0.0184783935546875
0.154708862304688 0.0299530029296875 0.166000366210937 0.101638793945312
0.0644874572753906 0.0223350524902344 0.191436767578125 -0.113372802734375
0.101310729980469 0.0040435791015625 0.19818115234375 -0.0764007568359375
0.0793914794921875 -0.0310287475585938 0.118896484375 -0.0575103759765625
0.0528030395507812 -0.0540657043457031 0.09423828125 -0.0242156982421875
0.0173149108886719 -0.06170654296875 0.0733871459960938 0.0030059814453125
-0.0215034484863281 -0.0623512268066406 0.0654945373535156 0.03790283203125
-0.0253677368164063 -0.041046142578125 0.0873260498046875 0.0900421142578125
-0.0185508728027344 -0.0372695922851563 0.0879287719726563 0.1312255859375
-0.0219306945800781 -0.0537605285644531 0.0627899169921875 0.175079345703125
-0.0067291259765625 -0.0678329467773438 -0.000106811523437481 0.189987182617188
0.0318145751953125 -0.0684089660644531 -0.0440826416015625 0.16387939453125
0.0626869201660156 -0.0612831115722656 -0.06414794921875 0.103713989257812
0.0985488891601563 -0.016357421875 -0.0432662963867188 0.0421867370605469
0.104896545410156 0.02032470703125 0.0924530029296875 0.0313339233398438
0.0808792114257813 0.0423126220703125 0.203201293945313 0.121200561523438
0.0207061767578125 -0.0035400390625 -0.210617065429688 -0.078887939453125
-0.0120525360107422 -0.0176315307617187 -0.0765457153320313 -0.02960205078125
-0.0232658386230469 0.00680351257324218 0.0555076599121094 -0.0475730895996094
-0.00425529479980469 0.0189971923828125 0.0910873413085938 -0.134719848632813
0.00808858871459961 0.00849199295043945 0.053680419921875 -0.185989379882813
0.00517416000366211 -0.000676155090332031 -0.0261383056640625 -0.216827392578125
-0.00745391845703125 -0.0147876739501953 -0.097869873046875 -0.185928344726562
-0.00910758972167969 -0.0113620758056641 -0.119110107421875 -0.120559692382813
-0.0090627670288086 -0.0101776123046875 -0.111465454101563 -0.0693206787109375
0.00018310546875 -0.0127038955688477 -0.0981674194335938 -0.0377731323242187
0.00415539741516113 -0.00379419326782227 -0.101913452148437 0.0106201171875
-0.0109453201293945 0.0119304656982422 -0.100486755371094 0.0361480712890625
-0.0320491790771484 -0.00400352478027344 -0.133537292480469 0.057830810546875
-0.0171775817871094 -0.0307579040527344 -0.185897827148437 0.107986450195313
-0.0016632080078125 -0.0205039978027344 -0.195510864257812 0.1229248046875
0.116416931152344 -0.00074005126953125 -0.179611206054688 -0.08447265625
0.0814208984375 -0.0251312255859375 -0.0441093444824219 -0.0349769592285156
0.0530204772949219 -0.0176734924316406 0.0705795288085938 -0.0529251098632813
0.0544624328613281 -0.0248603820800781 0.101959228515625 -0.138252258300781
0.041351318359375 -0.0457038879394531 0.06103515625 -0.18359375
0.00635528564453126 -0.0684814453125 -0.0224151611328125 -0.213333129882813
-0.030609130859375 -0.0753021240234375 -0.08856201171875 -0.172653198242187
-0.0317802429199219 -0.0680046081542969 -0.109725952148437 -0.101066589355469
-0.0373458862304687 -0.071502685546875 -0.103675842285156 -0.0482559204101563
-0.0197677612304688 -0.080535888671875 -0.0966339111328125 -0.0206527709960938
0.00915145874023437 -0.0700454711914063 -0.0988693237304687 0.02508544921875
0.0176811218261719 -0.0523033142089844 -0.0957183837890625 0.04266357421875
0.0240821838378906 -0.0462760925292969 -0.12554931640625 0.0655899047851563
0.0571250915527344 -0.0571784973144531 -0.162078857421875 0.109329223632813
0.083038330078125 -0.0401382446289062 -0.167800903320313 0.123992919921875
0.195205688476563 0.0029754638671875 -0.119422912597656 -0.088836669921875
0.166732788085937 -0.027496337890625 0.00852012634277345 -0.0345630645751953
0.126457214355469 -0.0409927368164063 0.0935134887695313 -0.0550155639648438
0.110710144042969 -0.0688400268554688 0.1126708984375 -0.133148193359375
0.0710678100585938 -0.0964813232421875 0.0652008056640625 -0.1676025390625
0.00662994384765626 -0.12945556640625 -0.0168609619140625 -0.19061279296875
-0.0496749877929688 -0.124755859375 -0.0690383911132812 -0.138420104980469
-0.0501556396484375 -0.113075256347656 -0.0837020874023438 -0.0659103393554687
-0.0624237060546875 -0.120048522949219 -0.077545166015625 -0.0147781372070312
-0.0416336059570313 -0.134941101074219 -0.0809707641601563 0.00896453857421875
0.00726318359375 -0.126441955566406 -0.0860443115234375 0.0484695434570313
0.0345306396484375 -0.111320495605469 -0.0876693725585937 0.0544586181640625
0.0715484619140625 -0.0898971557617188 -0.116409301757812 0.0693359375
0.1209716796875 -0.0823898315429687 -0.1265869140625 0.0963363647460937
0.154983520507813 -0.05645751953125 -0.114166259765625 0.115585327148437
0.242691040039063 0.004730224609375 -0.041259765625 -0.090484619140625
0.226531982421875 -0.0317840576171875 0.0717926025390625 -0.0343551635742188
0.180282592773438 -0.0641021728515625 0.116622924804688 -0.0546417236328125
0.147903442382813 -0.108413696289063 0.119705200195313 -0.119682312011719
0.0863113403320312 -0.138519287109375 0.0654983520507813 -0.139236450195312
0.000213623046874985 -0.1719970703125 -0.00898742675781249 -0.148345947265625
-0.06451416015625 -0.154037475585938 -0.040924072265625 -0.0886993408203125
-0.0622024536132812 -0.140289306640625 -0.0457191467285156 -0.0214500427246094
-0.0776519775390625 -0.150405883789063 -0.0388221740722656 0.0253753662109375
-0.0551910400390625 -0.169296264648438 -0.0534133911132812 0.0457725524902344
0.00535583496093749 -0.16473388671875 -0.0649490356445312 0.0763778686523438
0.0479888916015625 -0.155227661132813 -0.0771026611328125 0.0673294067382813
0.110572814941406 -0.122077941894531 -0.105369567871094 0.0659561157226562
0.171417236328125 -0.0968170166015625 -0.0828704833984375 0.0703048706054688
0.204849243164063 -0.0595703125 -0.0433349609375 0.101028442382813
0.250839233398438 0.0015411376953125 0.0412979125976563 -0.097503662109375
0.248992919921875 -0.0375213623046875 0.132148742675781 -0.04364013671875
0.199462890625 -0.0813751220703125 0.132225036621094 -0.0569229125976563
0.15594482421875 -0.13250732421875 0.119735717773438 -0.096710205078125
0.082855224609375 -0.159576416015625 0.0656967163085938 -0.0995635986328125
-0.0113525390625 -0.1866455078125 0.00527191162109375 -0.0943756103515625
-0.0715789794921875 -0.157928466796875 -0.00396156311035157 -0.0320873260498047
-0.06494140625 -0.144363403320313 -0.00109100341796876 0.0267829895019531
-0.0806427001953125 -0.158615112304688 0.00432968139648438 0.0685615539550781
-0.0561676025390625 -0.1802978515625 -0.021728515625 0.08758544921875
0.012298583984375 -0.178955078125 -0.0426483154296875 0.105079650878906
0.0623321533203125 -0.173629760742188 -0.0650482177734375 0.0795364379882812
0.139350891113281 -0.128875732421875 -0.089935302734375 0.0562896728515625
0.201126098632813 -0.088653564453125 -0.0325088500976562 0.0404586791992187
0.225082397460938 -0.0460662841796875 0.036651611328125 0.087738037109375
0.218841552734375 0.00115966796875 0.113685607910156 -0.108848571777344
0.229751586914063 -0.0365753173828125 0.177001953125 -0.058563232421875
0.182723999023438 -0.0831298828125 0.137001037597656 -0.0590667724609375
0.136123657226563 -0.131759643554688 0.11456298828125 -0.0709915161132813
0.0631866455078125 -0.152206420898438 0.0677528381347656 -0.0576629638671875
-0.0248565673828125 -0.16961669921875 0.0266227722167969 -0.0392036437988281
-0.069061279296875 -0.136978149414063 0.0353927612304687 0.0206527709960937
-0.0586318969726563 -0.125503540039063 0.0440521240234375 0.0707626342773437
-0.0710906982421875 -0.143524169921875 0.0434646606445312 0.111541748046875
-0.0439453125 -0.16546630859375 0.00474548339843749 0.129974365234375
0.024322509765625 -0.166152954101563 -0.0272750854492187 0.132728576660156
0.0767364501953125 -0.160491943359375 -0.0562591552734375 0.0902252197265625
0.153366088867188 -0.10736083984375 -0.0702552795410156 0.0470199584960937
0.204086303710938 -0.0595245361328125 0.0209465026855469 0.017059326171875
0.211624145507813 -0.0180816650390625 0.115013122558594 0.0829544067382813
0.153564453125 0.0054779052734375 0.164627075195313 -0.123306274414063
0.17791748046875 -0.02593994140625 0.199295043945313 -0.077789306640625
0.137825012207031 -0.0678939819335938 0.131507873535156 -0.06329345703125
0.096893310546875 -0.1064453125 0.10626220703125 -0.0473403930664063
0.0356597900390625 -0.117744445800781 0.0721282958984375 -0.0226974487304688
-0.0320587158203125 -0.123809814453125 0.0503158569335937 0.00594329833984374
-0.0547637939453125 -0.0932235717773438 0.0722885131835938 0.060394287109375
-0.0438461303710938 -0.0865402221679688 0.0810775756835938 0.105819702148438
-0.0508880615234375 -0.105964660644531 0.0714111328125 0.14825439453125
-0.026641845703125 -0.125816345214844 0.0183258056640625 0.16864013671875
0.0320587158203125 -0.127693176269531 -0.0236968994140625 0.156845092773437
0.0779342651367188 -0.121841430664063 -0.0526351928710938 0.101531982421875
0.140464782714844 -0.0663528442382813 -0.0516395568847656 0.0438117980957031
0.172393798828125 -0.02069091796875 0.0678329467773438 0.0110626220703125
0.163864135742188 0.010772705078125 0.179733276367188 0.0895233154296875
0.0687522888183594 0.0134162902832031 0.18743896484375 -0.140335083007813
0.104774475097656 -0.00907135009765625 0.198226928710937 -0.0990447998046875
0.0784683227539063 -0.0411605834960938 0.119537353515625 -0.069488525390625
0.0473594665527344 -0.0624885559082031 0.0979156494140625 -0.0334396362304688
0.00883865356445313 -0.0646209716796875 0.0782470703125 -0.00432586669921875
-0.0311737060546875 -0.0589523315429688 0.0731964111328125 0.031768798828125
-0.0312690734863281 -0.0357513427734375 0.101287841796875 0.080657958984375
-0.0233058929443359 -0.0337429046630859 0.107368469238281 0.123695373535156
-0.0292282104492188 -0.0501441955566406 0.0861663818359375 0.172409057617188
-0.0163116455078125 -0.0673065185546875 0.02093505859375 0.196792602539063
0.0229644775390625 -0.0736770629882813 -0.0288238525390625 0.175399780273438
0.0561294555664063 -0.0711441040039063 -0.056060791015625 0.114959716796875
0.0986709594726563 -0.0278854370117188 -0.0408859252929687 0.049163818359375
0.109748840332031 0.008270263671875 0.0963516235351563 0.0206222534179688
0.0883407592773438 0.0316925048828125 0.2203369140625 0.10455322265625
0.022369384765625 -0.00509071350097656 -0.215286254882813 -0.0573883056640625
-0.0128459930419922 -0.0172195434570313 -0.077178955078125 -0.0200653076171875
-0.0210628509521484 0.00890922546386718 0.0523910522460937 -0.0531234741210937
-0.00113868713378906 0.0183982849121094 0.076873779296875 -0.145278930664062
0.00936031341552734 0.00603580474853516 0.03460693359375 -0.192306518554688
0.00498390197753906 -0.00353527069091797 -0.049285888671875 -0.213851928710937
-0.00921154022216797 -0.0163717269897461 -0.1187744140625 -0.1728515625
-0.00968265533447266 -0.0126171112060547 -0.13226318359375 -0.104019165039063
-0.00928306579589844 -0.0108518600463867 -0.120231628417969 -0.0545196533203125
-0.000295639038085937 -0.0145721435546875 -0.104606628417969 -0.0264968872070313
0.00486993789672852 -0.00524234771728516 -0.102935791015625 0.0218353271484375
-0.00700473785400391 0.0141487121582031 -0.0988388061523438 0.0459365844726563
-0.0306644439697266 0.000751495361328122 -0.129768371582031 0.0690994262695313
-0.0203380584716797 -0.0277385711669922 -0.175155639648437 0.127288818359375
-0.00288581848144531 -0.0181312561035156 -0.182937622070313 0.147430419921875
0.118072509765625 -0.0135726928710937 -0.184356689453125 -0.0665740966796875
0.079498291015625 -0.035064697265625 -0.0448989868164062 -0.0283851623535156
0.0518836975097656 -0.0238075256347656 0.0677452087402344 -0.0597991943359375
0.0523452758789063 -0.0318489074707031 0.0889739990234375 -0.1488037109375
0.0357398986816406 -0.0513229370117187 0.04248046875 -0.1898193359375
-0.00201797485351562 -0.0697517395019531 -0.0451812744140625 -0.209442138671875
-0.0392379760742188 -0.0732040405273438 -0.107589721679688 -0.159713745117188
-0.0387191772460938 -0.0655860900878906 -0.119941711425781 -0.0846710205078125
-0.0450592041015625 -0.0681953430175781 -0.109489440917969 -0.0332412719726563
-0.0286331176757812 -0.0790634155273438 -0.102577209472656 -0.00889587402343749
0.00287628173828125 -0.071868896484375 -0.0986175537109375 0.0371322631835937
0.0132408142089844 -0.0538444519042969 -0.09344482421875 0.05242919921875
0.0203514099121094 -0.0470619201660156 -0.121086120605469 0.0782470703125
0.0507431030273438 -0.0614738464355469 -0.15081787109375 0.126754760742188
0.079071044921875 -0.047698974609375 -0.154464721679688 0.145950317382813
0.196731567382813 -0.0190887451171875 -0.124153137207031 -0.07568359375
0.1629638671875 -0.0471038818359375 0.00808715820312501 -0.0328598022460938
0.121978759765625 -0.0553131103515625 0.0911178588867188 -0.062774658203125
0.102394104003906 -0.0822601318359375 0.1014404296875 -0.144393920898437
0.05938720703125 -0.105003356933594 0.0484619140625 -0.173919677734375
-0.008270263671875 -0.129302978515625 -0.03656005859375 -0.18572998046875
-0.0635452270507813 -0.118446350097656 -0.0836868286132812 -0.12762451171875
-0.0627365112304687 -0.107933044433594 -0.089385986328125 -0.0522384643554687
-0.0755462646484375 -0.112937927246094 -0.0795059204101562 -0.00236511230468749
-0.0565261840820313 -0.130142211914063 -0.0831222534179688 0.0203018188476562
-0.00645446777343749 -0.127685546875 -0.0834732055664063 0.0600433349609375
0.0231399536132813 -0.115036010742187 -0.0849838256835937 0.0642242431640625
0.0625076293945313 -0.0954360961914062 -0.110916137695313 0.0816726684570312
0.111785888671875 -0.0939102172851562 -0.117485046386719 0.11065673828125
0.148361206054688 -0.0726318359375 -0.102043151855469 0.131988525390625
0.244064331054688 -0.02325439453125 -0.0464096069335937 -0.0867691040039063
0.222213745117187 -0.0570220947265625 0.0722732543945313 -0.04010009765625
0.173095703125 -0.0832061767578125 0.114608764648438 -0.0640716552734375
0.13519287109375 -0.125732421875 0.110267639160156 -0.130279541015625
0.0695953369140625 -0.148239135742188 0.0525665283203125 -0.144775390625
-0.0191192626953125 -0.16961669921875 -0.0247802734375 -0.1453857421875
-0.0808868408203125 -0.144882202148438 -0.04962158203125 -0.0816116333007813
-0.0773544311523438 -0.132026672363281 -0.0461540222167969 -0.0127983093261719
-0.095550537109375 -0.140312194824219 -0.0362777709960938 0.0331993103027344
-0.07513427734375 -0.161697387695313 -0.0516853332519531 0.0553016662597656
-0.01324462890625 -0.165267944335937 -0.0592727661132813 0.0861053466796875
0.030120849609375 -0.160430908203125 -0.0722808837890625 0.076385498046875
0.0977783203125 -0.131416320800781 -0.0994720458984375 0.0785598754882812
0.160079956054688 -0.112991333007813 -0.0765533447265625 0.0810089111328125
0.197906494140625 -0.0822906494140625 -0.0335464477539062 0.110618591308594
0.250564575195313 -0.02752685546875 0.0356063842773438 -0.10174560546875
0.242645263671875 -0.0654296875 0.131187438964844 -0.0543746948242188
0.190048217773437 -0.101806640625 0.131248474121094 -0.0671844482421875
0.140625 -0.150665283203125 0.113502502441406 -0.107017517089844
0.0638885498046875 -0.167861938476563 0.0570144653320313 -0.104644775390625
-0.0325164794921875 -0.182220458984375 -0.00414276123046876 -0.09210205078125
-0.0882568359375 -0.147079467773438 -0.00714683532714844 -0.0305900573730469
-0.080322265625 -0.13482666015625 0.00325584411621093 0.0293617248535156
-0.0992584228515625 -0.147872924804688 0.012298583984375 0.070831298828125
-0.0775909423828125 -0.171432495117187 -0.0145492553710937 0.0930252075195312
-0.009063720703125 -0.179916381835938 -0.0340347290039063 0.112358093261719
0.04150390625 -0.180145263671875 -0.0589218139648438 0.0873947143554687
0.124374389648438 -0.142257690429688 -0.0842742919921875 0.068756103515625
0.191390991210938 -0.109481811523438 -0.0294380187988281 0.0458335876464844
0.219879150390625 -0.0719451904296875 0.0445632934570313 0.0885696411132813
0.21807861328125 -0.0243988037109375 0.105239868164063 -0.121307373046875
0.223052978515625 -0.0622100830078125 0.173629760742188 -0.0758056640625
0.173110961914063 -0.101608276367188 0.135726928710938 -0.070556640625
0.121063232421875 -0.146865844726563 0.111465454101563 -0.0810470581054688
0.0447845458984375 -0.157913208007813 0.0636329650878906 -0.0635147094726563
-0.044158935546875 -0.163314819335938 0.0228652954101562 -0.0400581359863281
-0.0835952758789063 -0.12506103515625 0.0384559631347656 0.017059326171875
-0.0726547241210938 -0.116493225097656 0.0528831481933594 0.0674896240234375
-0.0876007080078125 -0.132896423339844 0.0562820434570312 0.107864379882812
-0.063446044921875 -0.15740966796875 0.016876220703125 0.131935119628906
0.00428771972656252 -0.168060302734375 -0.01495361328125 0.138229370117187
0.0570220947265625 -0.1689453125 -0.0487289428710938 0.0973892211914062
0.139976501464844 -0.122779846191406 -0.0657463073730469 0.0561141967773438
0.197067260742188 -0.0809783935546875 0.0214633941650391 0.0164546966552734
0.208724975585937 -0.0433197021484375 0.121994018554688 0.0750579833984375
0.152374267578125 -0.012786865234375 0.154144287109375 -0.1409912109375
0.172500610351562 -0.046905517578125 0.1934814453125 -0.097137451171875
0.130149841308594 -0.082794189453125 0.1292724609375 -0.0747299194335938
0.0842666625976563 -0.117057800292969 0.105331420898437 -0.0573348999023438
0.02154541015625 -0.120391845703125 0.0718231201171875 -0.0293655395507813
-0.045745849609375 -0.116645812988281 0.0521926879882812 0.00151062011718749
-0.0645294189453125 -0.0834884643554688 0.0795516967773438 0.0513839721679687
-0.05255126953125 -0.0791168212890625 0.0929412841796875 0.0954055786132813
-0.0636749267578125 -0.0967941284179688 0.0875396728515625 0.14080810546875
-0.042388916015625 -0.119392395019531 0.0344390869140625 0.167709350585938
0.0156631469726562 -0.130180358886719 -0.00823974609374999 0.16168212890625
0.0621871948242188 -0.130783081054688 -0.0438461303710937 0.108123779296875
0.132003784179688 -0.0816879272460938 -0.0476303100585938 0.050384521484375
0.169631958007813 -0.04010009765625 0.066314697265625 0.00518035888671875
0.164413452148438 -0.0087738037109375 0.187408447265625 0.07318115234375
0.0689468383789063 0.00416946411132813 0.174148559570313 -0.162246704101562
0.102302551269531 -0.0215530395507813 0.1898193359375 -0.11968994140625
0.0737533569335938 -0.0495071411132813 0.115280151367188 -0.0791778564453125
0.0397262573242188 -0.0678939819335937 0.0987319946289063 -0.0423583984375
0.000183105468749998 -0.06494140625 0.0799179077148437 -0.0117721557617188
-0.0380821228027344 -0.0521011352539063 0.0780181884765625 0.0242767333984375
-0.0340461730957031 -0.0297393798828125 0.111190795898437 0.0671539306640625
-0.0260467529296875 -0.0284309387207031 0.12091064453125 0.109512329101562
-0.0347175598144531 -0.0436172485351563 0.105239868164063 0.162216186523438
-0.0248451232910156 -0.0621757507324219 0.04132080078125 0.194961547851562
0.0137710571289063 -0.0755996704101563 -0.0113525390625 0.179306030273438
0.0470809936523437 -0.0768814086914063 -0.045074462890625 0.121788024902344
0.0942764282226563 -0.0380401611328125 -0.03680419921875 0.0538177490234375
0.109375 -0.00426483154296875 0.0952911376953125 0.00966644287109375
0.0909576416015625 0.0203094482421875 0.22882080078125 0.0828399658203125
0.0238685607910156 -0.00614356994628906 -0.213531494140625 -0.041717529296875
-0.012629508972168 -0.0163583755493164 -0.07513427734375 -0.0129547119140625
-0.0188999176025391 0.00967788696289062 0.0487098693847656 -0.0558128356933594
0.00146198272705078 0.0164279937744141 0.0652008056640625 -0.148788452148438
0.00963211059570313 0.00402545928955078 0.018768310546875 -0.192703247070313
0.00505781173706055 -0.00506782531738281 -0.0647735595703125 -0.206268310546875
-0.0113601684570312 -0.0177745819091797 -0.12994384765625 -0.158645629882813
-0.0102319717407227 -0.0139036178588867 -0.137435913085937 -0.0875473022460937
-0.00911331176757813 -0.0124025344848633 -0.124038696289062 -0.0414505004882813
-0.000436782836914063 -0.0159235000610352 -0.107872009277344 -0.0168685913085937
0.00598573684692383 -0.00652694702148438 -0.100990295410156 0.0308990478515625
-0.00424957275390625 0.0146903991699219 -0.0961532592773438 0.05242919921875
-0.0287837982177734 0.00431251525878906 -0.125511169433594 0.0761566162109375
-0.0225963592529297 -0.0245208740234375 -0.163742065429688 0.139129638671875
-0.00319671630859375 -0.0153779983520508 -0.168899536132813 0.162612915039062
0.116973876953125 -0.0230941772460938 -0.18218994140625 -0.052978515625
0.076202392578125 -0.0417861938476563 -0.0432701110839844 -0.0228996276855469
0.0502090454101563 -0.0279655456542969 0.0649604797363281 -0.0634880065917969
0.0492820739746094 -0.0374259948730469 0.07745361328125 -0.1531982421875
0.0307655334472656 -0.0540580749511719 0.0271759033203125 -0.190399169921875
-0.00763702392578125 -0.0693473815917969 -0.0606536865234375 -0.201736450195313
-0.0447807312011719 -0.0696983337402344 -0.117813110351563 -0.145828247070313
-0.0438232421875 -0.0624580383300781 -0.123054504394531 -0.0699081420898438
-0.0499420166015625 -0.0645866394042969 -0.111007690429687 -0.0209732055664062
-0.0334320068359375 -0.0763473510742187 -0.104049682617188 0.00197601318359373
-0.00182342529296876 -0.0714340209960938 -0.0961380004882813 0.0457382202148438
0.0100364685058594 -0.0531883239746094 -0.0907135009765625 0.0587158203125
0.0178146362304688 -0.0458450317382812 -0.115020751953125 0.084869384765625
0.0447921752929688 -0.0628242492675781 -0.139778137207031 0.137428283691406
0.07476806640625 -0.051727294921875 -0.140487670898438 0.159927368164063
0.193130493164063 -0.034881591796875 -0.123367309570313 -0.0660552978515625
0.156982421875 -0.0604095458984375 0.00946998596191408 -0.0313224792480469
0.116935729980469 -0.063690185546875 0.0886764526367188 -0.0673828125
0.0935287475585938 -0.0905532836914063 0.091461181640625 -0.14923095703125
0.0489578247070313 -0.108871459960938 0.0351409912109375 -0.174774169921875
-0.0190658569335938 -0.125556945800781 -0.050628662109375 -0.178054809570313
-0.0720748901367187 -0.1112060546875 -0.0913162231445313 -0.115859985351562
-0.0709152221679688 -0.101356506347656 -0.090576171875 -0.04052734375
-0.0846405029296875 -0.105201721191406 -0.0781784057617188 0.00698089599609374
-0.0665512084960938 -0.123214721679688 -0.0828933715820313 0.0301361083984375
-0.0161361694335938 -0.125289916992188 -0.0800018310546875 0.0681991577148437
0.0143661499023438 -0.114662170410156 -0.081451416015625 0.07086181640625
0.0550537109375 -0.0969467163085938 -0.104568481445312 0.089447021484375
0.102462768554687 -0.0998382568359375 -0.107292175292969 0.12005615234375
0.140525817871094 -0.0826034545898438 -0.0902862548828125 0.14312744140625
0.238311767578125 -0.0438232421875 -0.0482025146484375 -0.0829086303710937
0.2130126953125 -0.0751953125 0.0716171264648438 -0.0424270629882813
0.163925170898438 -0.0948333740234375 0.113052368164063 -0.0691680908203125
0.12261962890625 -0.135734558105469 0.102272033691406 -0.135810852050781
0.0552215576171875 -0.151138305664063 0.0416717529296875 -0.145462036132813
-0.032928466796875 -0.1636962890625 -0.0345458984375 -0.138046264648438
-0.0913467407226563 -0.1343994140625 -0.0537872314453125 -0.0745849609375
-0.0874786376953125 -0.123046875 -0.0445976257324219 -0.00572204589843751
-0.105873107910156 -0.128959655761719 -0.0322761535644531 0.038970947265625
-0.0879669189453125 -0.151519775390625 -0.048187255859375 0.0625
-0.0265350341796875 -0.162033081054688 -0.0545425415039062 0.0927200317382813
0.0158538818359375 -0.1595458984375 -0.068572998046875 0.082550048828125
0.0856399536132813 -0.135032653808594 -0.092681884765625 0.0863571166992188
0.148452758789063 -0.123519897460938 -0.0698013305664063 0.0879058837890625
0.188079833984375 -0.09722900390625 -0.0245208740234375 0.116920471191406
0.24407958984375 -0.048980712890625 0.0306243896484375 -0.103988647460938
0.231674194335938 -0.0850677490234375 0.128196716308594 -0.0613784790039063
0.17864990234375 -0.114944458007812 0.129127502441406 -0.07330322265625
0.126068115234375 -0.1605224609375 0.107887268066406 -0.113143920898438
0.047821044921875 -0.169754028320312 0.0503463745117188 -0.105880737304688
-0.046966552734375 -0.173660278320313 -0.00987243652343751 -0.0882034301757813
-0.0978927612304688 -0.135025024414063 -0.0083160400390625 -0.0278453826904297
-0.0907211303710938 -0.124916076660156 0.00786590576171874 0.030517578125
-0.110061645507813 -0.134040832519531 0.0179443359375 0.0720977783203125
-0.0910797119140625 -0.160858154296875 -0.00911712646484376 0.0966262817382812
-0.02490234375 -0.176513671875 -0.026824951171875 0.116539001464844
0.0248260498046875 -0.180419921875 -0.0536956787109375 0.0924148559570313
0.111968994140625 -0.148056030273438 -0.0784454345703125 0.0755233764648437
0.179244995117187 -0.1229248046875 -0.0263710021972656 0.0493316650390625
0.209793090820313 -0.089202880859375 0.0502243041992188 0.0890121459960937
0.211532592773437 -0.0440826416015625 0.0973663330078125 -0.1287841796875
0.212112426757812 -0.0806427001953125 0.16802978515625 -0.0862274169921875
0.161544799804687 -0.112747192382812 0.1337890625 -0.0769882202148438
0.1064453125 -0.154617309570313 0.107498168945313 -0.0872726440429688
0.0306396484375 -0.158416748046875 0.060455322265625 -0.0658760070800781
-0.0564727783203125 -0.153518676757813 0.0210838317871094 -0.0393333435058594
-0.091217041015625 -0.11328125 0.0403938293457031 0.0134963989257812
-0.080841064453125 -0.106277465820313 0.0593299865722656 0.0621414184570312
-0.0977096557617187 -0.11981201171875 0.0649566650390625 0.103424072265625
-0.0769500732421875 -0.146926879882813 0.0257720947265625 0.131477355957031
-0.0114898681640625 -0.16522216796875 -0.0052642822265625 0.139892578125
0.03985595703125 -0.171234130859375 -0.0423583984375 0.101394653320312
0.127311706542969 -0.131118774414062 -0.0607948303222656 0.0624160766601562
0.186737060546875 -0.0968170166015625 0.0206832885742188 0.0164413452148437
0.201187133789063 -0.0615081787109375 0.125350952148438 0.0687713623046875
0.1480712890625 -0.028106689453125 0.142730712890625 -0.153289794921875
0.164230346679688 -0.0607452392578125 0.185775756835938 -0.109817504882812
0.121177673339844 -0.0907974243164063 0.125205993652344 -0.0806121826171875
0.0725860595703125 -0.12261962890625 0.103988647460938 -0.0629501342773438
0.010101318359375 -0.119667053222656 0.0712966918945313 -0.0333938598632813
-0.0548248291015625 -0.107139587402344 0.053131103515625 -0.000587463378906257
-0.0685577392578125 -0.0735855102539063 0.0837020874023438 0.04327392578125
-0.0576019287109375 -0.0709228515625 0.100509643554688 0.0854110717773438
-0.0703353881835938 -0.0860748291015625 0.0977706909179688 0.130905151367188
-0.0524520874023438 -0.110794067382813 0.0470428466796875 0.16400146484375
0.00315093994140625 -0.12884521484375 0.00352478027343751 0.161544799804688
0.0485305786132813 -0.133888244628906 -0.0361251831054687 0.111526489257812
0.122444152832031 -0.0898971557617188 -0.043609619140625 0.054962158203125
0.16326904296875 -0.053863525390625 0.0634269714355469 0.000251770019531247
0.159896850585938 -0.0241241455078125 0.188568115234375 0.0616912841796875
0.0667381286621094 -0.00330734252929687 0.159759521484375 -0.175399780273437
0.0978164672851563 -0.0312347412109375 0.180038452148438 -0.13262939453125
0.0677909851074219 -0.05523681640625 0.111297607421875 -0.0845108032226563
0.0320281982421875 -0.07086181640625 0.0982131958007813 -0.048492431640625
-0.00625991821289062 -0.0631561279296875 0.0809097290039062 -0.0170822143554688
-0.0416259765625 -0.0453147888183594 0.0810699462890625 0.0174713134765625
-0.0344295501708984 -0.0235347747802734 0.115257263183594 0.05462646484375
-0.0269184112548828 -0.0237579345703125 0.128036499023437 0.0953750610351563
-0.0368499755859375 -0.0366249084472656 0.116912841796875 0.149215698242188
-0.0299720764160156 -0.0563545227050781 0.0561676025390625 0.189163208007813
0.00564575195312501 -0.0747833251953125 0.002655029296875 0.1796875
0.037872314453125 -0.0795974731445313 -0.0358657836914062 0.124099731445313
0.0889663696289063 -0.0442047119140625 -0.0331268310546875 0.0563926696777344
0.106277465820313 -0.0138015747070313 0.0918426513671875 0.00200653076171875
0.0894546508789063 0.0099639892578125 0.229904174804688 0.0662078857421875
0.0249538421630859 -0.00636482238769531 -0.211654663085938 -0.033233642578125
-0.0125141143798828 -0.0161418914794922 -0.0727386474609375 -0.00758361816406249
-0.0170860290527344 0.00989246368408203 0.048065185546875 -0.0583534240722656
0.00291919708251953 0.0150642395019531 0.0575714111328125 -0.151840209960938
0.0103654861450195 0.00251960754394531 0.00933837890625001 -0.193389892578125
0.00399875640869141 -0.00715351104736328 -0.075592041015625 -0.20245361328125
-0.0135097503662109 -0.0193157196044922 -0.137405395507812 -0.149093627929688
-0.0107507705688477 -0.0160970687866211 -0.1400146484375 -0.0767898559570313
-0.00931644439697266 -0.014317512512207 -0.12640380859375 -0.0312347412109375
-0.000524520874023439 -0.0190391540527344 -0.111175537109375 -0.00897979736328126
0.00705051422119141 -0.00838327407836914 -0.101463317871094 0.0364761352539062
-0.00066852569580078 0.0145835876464844 -0.096405029296875 0.0564117431640625
-0.0271625518798828 0.00698089599609375 -0.125236511230469 0.0800552368164063
-0.0237617492675781 -0.0213069915771484 -0.157470703125 0.1466064453125
-0.00241565704345703 -0.0128631591796875 -0.159393310546875 0.173843383789063
0.116676330566406 -0.0288238525390625 -0.180908203125 -0.04534912109375
0.0737380981445313 -0.0458221435546875 -0.0407600402832031 -0.0188713073730469
0.0487480163574219 -0.0310592651367188 0.0645828247070313 -0.0660896301269531
0.04705810546875 -0.0418510437011719 0.0711822509765625 -0.156402587890625
0.02764892578125 -0.0566635131835937 0.0181121826171875 -0.19061279296875
-0.0121498107910156 -0.0687713623046875 -0.070526123046875 -0.196380615234375
-0.0492897033691406 -0.0680274963378906 -0.123863220214844 -0.136611938476563
-0.0473747253417969 -0.0621604919433594 -0.124526977539062 -0.0590133666992187
-0.0526657104492187 -0.0630416870117188 -0.111503601074219 -0.0114059448242188
-0.0368881225585938 -0.0758743286132813 -0.106071472167969 0.0108795166015625
-0.00485229492187501 -0.0724411010742187 -0.095703125 0.0524444580078125
0.00931167602539062 -0.0536689758300781 -0.0905380249023438 0.063385009765625
0.0167312622070312 -0.0443992614746094 -0.113479614257813 0.0900497436523437
0.0414505004882813 -0.0630760192871094 -0.131866455078125 0.144943237304688
0.0727920532226563 -0.0531387329101563 -0.131072998046875 0.170974731445312
0.19091796875 -0.045684814453125 -0.12249755859375 -0.061798095703125
0.15264892578125 -0.0691375732421875 0.0123767852783203 -0.0301532745361328
0.112754821777344 -0.0693817138671875 0.0895767211914063 -0.0704269409179688
0.0883331298828125 -0.0968704223632813 0.0865020751953125 -0.15301513671875
0.04248046875 -0.111320495605469 0.0270843505859375 -0.1749267578125
-0.025970458984375 -0.123428344726563 -0.05926513671875 -0.172286987304688
-0.07763671875 -0.1065673828125 -0.0954132080078125 -0.108489990234375
-0.0766372680664063 -0.09747314453125 -0.0899276733398438 -0.0311660766601563
-0.089996337890625 -0.0997314453125 -0.0771942138671875 0.0150985717773437
-0.0727615356445313 -0.119155883789062 -0.0839309692382813 0.0387039184570312
-0.022796630859375 -0.124946594238281 -0.078094482421875 0.075286865234375
0.00919342041015626 -0.114784240722656 -0.0801849365234375 0.0757369995117187
0.0508499145507813 -0.0969619750976563 -0.101669311523438 0.09527587890625
0.0975570678710938 -0.103996276855469 -0.101112365722656 0.127105712890625
0.135734558105469 -0.08856201171875 -0.082122802734375 0.152008056640625
0.234939575195313 -0.0573883056640625 -0.0482101440429687 -0.0817794799804688
0.206741333007813 -0.0867919921875 0.0736541748046875 -0.0440597534179688
0.15899658203125 -0.102874755859375 0.114227294921875 -0.0733413696289063
0.113693237304688 -0.142333984375 0.09869384765625 -0.139595031738281
0.046112060546875 -0.153610229492187 0.036102294921875 -0.145660400390625
-0.0422210693359375 -0.158798217773438 -0.040008544921875 -0.133453369140625
-0.0976943969726562 -0.12738037109375 -0.0550422668457031 -0.0690078735351563
-0.0941390991210938 -0.116798400878906 -0.0416412353515625 0.000263214111328122
-0.113288879394531 -0.120887756347656 -0.0293846130371094 0.0434417724609375
-0.0958709716796875 -0.145721435546875 -0.047271728515625 0.0697593688964844
-0.0360870361328125 -0.159774780273438 -0.0515518188476563 0.0989456176757812
0.00833129882812499 -0.160369873046875 -0.0670166015625 0.0874862670898437
0.0786895751953125 -0.13739013671875 -0.0897598266601563 0.0925521850585938
0.14178466796875 -0.130569458007813 -0.0652618408203125 0.0937118530273438
0.181533813476563 -0.1068115234375 -0.0177230834960937 0.123489379882813
0.239730834960937 -0.06396484375 0.0284576416015625 -0.106475830078125
0.224395751953125 -0.0974578857421875 0.12890625 -0.0666046142578125
0.172637939453125 -0.122543334960938 0.130531311035156 -0.0767593383789063
0.11529541015625 -0.166946411132813 0.106109619140625 -0.117256164550781
0.0374298095703125 -0.171035766601563 0.0467147827148437 -0.107398986816406
-0.05560302734375 -0.16851806640625 -0.0129165649414062 -0.0848007202148438
-0.103538513183594 -0.127616882324219 -0.00762176513671876 -0.0257205963134766
-0.0970993041992188 -0.117546081542969 0.0123405456542969 0.0314216613769531
-0.117576599121094 -0.124824523925781 0.0225906372070312 0.0722732543945312
-0.1009521484375 -0.1524658203125 -0.00516510009765625 0.100532531738281
-0.0360107421875 -0.173934936523438 -0.0217132568359375 0.121170043945312
0.0133056640625 -0.18115234375 -0.051727294921875 0.0968399047851562
0.103317260742188 -0.1524658203125 -0.0746002197265625 0.0807266235351562
0.171981811523437 -0.132827758789062 -0.0244827270507812 0.0531158447265625
0.20343017578125 -0.102066040039063 0.0545501708984375 0.0913162231445313
0.206344604492188 -0.0572052001953125 0.0931015014648438 -0.135330200195313
0.205093383789062 -0.0930938720703125 0.16680908203125 -0.0931243896484375
0.155410766601563 -0.120498657226563 0.134666442871094 -0.0811004638671875
0.0959625244140625 -0.160202026367188 0.107940673828125 -0.0906829833984375
0.0208740234375 -0.158401489257813 0.0591926574707031 -0.0674324035644531
-0.064666748046875 -0.147293090820313 0.0205650329589844 -0.0381393432617188
-0.0948410034179687 -0.105033874511719 0.0425605773925781 0.011749267578125
-0.0850372314453125 -0.0992431640625 0.0635833740234375 0.0597000122070312
-0.104019165039063 -0.110015869140625 0.07086181640625 0.100120544433594
-0.0858688354492187 -0.139228820800781 0.03155517578125 0.13262939453125
-0.0226287841796875 -0.16302490234375 0.00123596191406251 0.1429443359375
0.028656005859375 -0.172225952148438 -0.0390777587890625 0.105430603027344
0.11968994140625 -0.137046813964844 -0.0570030212402344 0.0667724609375
0.180328369140625 -0.107528686523438 0.0205459594726563 0.0172233581542969
0.195388793945313 -0.0730438232421875 0.127159118652344 0.0673751831054688
0.14447021484375 -0.0376739501953125 0.135284423828125 -0.162017822265625
0.15838623046875 -0.070831298828125 0.181060791015625 -0.118072509765625
0.115119934082031 -0.0964736938476562 0.125686645507812 -0.0832061767578125
0.0648269653320312 -0.126083374023438 0.105194091796875 -0.0669403076171875
0.00255584716796875 -0.118736267089844 0.0728530883789063 -0.0367660522460938
-0.060638427734375 -0.100639343261719 0.05523681640625 -0.00254058837890626
-0.0708160400390625 -0.0663986206054688 0.08734130859375 0.03759765625
-0.0608749389648437 -0.0651321411132813 0.10491943359375 0.0788421630859375
-0.073699951171875 -0.078521728515625 0.104713439941406 0.124702453613281
-0.0595779418945312 -0.104034423828125 0.0549774169921875 0.162445068359375
-0.00572967529296876 -0.127372741699219 0.0110931396484375 0.16363525390625
0.0392227172851563 -0.135208129882813 -0.0322952270507813 0.114410400390625
0.116416931152344 -0.0954971313476563 -0.0408744812011719 0.057647705078125
0.159393310546875 -0.063720703125 0.0619354248046875 -0.00243377685546875
0.156600952148438 -0.0353546142578125 0.190261840820312 0.0564727783203125
0.0652656555175781 -0.00870513916015625 0.151138305664063 -0.185623168945313
0.0939483642578125 -0.0378036499023437 0.17462158203125 -0.140533447265625
0.0645866394042969 -0.0591659545898438 0.110603332519531 -0.0879745483398438
0.0270614624023438 -0.072998046875 0.100120544433594 -0.0523834228515625
-0.0117340087890625 -0.0618019104003906 0.0830230712890625 -0.0215301513671875
-0.0447616577148438 -0.0397911071777344 0.084197998046875 0.0128707885742188
-0.0344791412353516 -0.0186519622802734 0.118583679199219 0.0457992553710938
-0.0271148681640625 -0.0201129913330078 0.1331787109375 0.0853805541992188
-0.0376052856445313 -0.0311088562011719 0.124435424804688 0.140899658203125
-0.0341377258300781 -0.05157470703125 0.0653076171875 0.1854248046875
-8.39233398437487E-05 -0.07354736328125 0.0113067626953125 0.180145263671875
0.0318832397460938 -0.08111572265625 -0.0303268432617188 0.126884460449219
0.0851058959960937 -0.0486373901367187 -0.0314483642578125 0.0575981140136719
0.103492736816406 -0.0210113525390625 0.0896224975585938 -0.00223541259765625
0.08740234375 0.0031890869140625 0.229873657226563 0.0576629638671875
0.0272464752197266 -0.00623321533203125 -0.215866088867188 -0.0270233154296875
-0.0124750137329102 -0.0150928497314453 -0.0720596313476563 -0.00451660156249999
-0.0157556533813477 0.0104589462280273 0.0493927001953125 -0.0612869262695312
0.00420951843261719 0.0134181976318359 0.053375244140625 -0.158065795898438
0.0106039047241211 -0.000100135803222656 0.00080871582031251 -0.198532104492188
0.00368881225585938 -0.00936031341552735 -0.0876312255859375 -0.203414916992187
-0.0161495208740234 -0.0218181610107422 -0.146255493164063 -0.144332885742188
-0.0133495330810547 -0.0191268920898438 -0.145294189453125 -0.0689239501953125
-0.009765625 -0.0172967910766602 -0.131362915039062 -0.0221405029296875
-0.00126075744628906 -0.0207614898681641 -0.117462158203125 -0.000892639160156261
0.00789928436279297 -0.0101585388183594 -0.104362487792969 0.043182373046875
0.00204944610595703 0.0151252746582031 -0.098907470703125 0.0614852905273438
-0.0263023376464844 0.0101242065429687 -0.128807067871094 0.08563232421875
-0.0249614715576172 -0.0182380676269531 -0.15594482421875 0.15692138671875
-0.000620841979980468 -0.00993824005126953 -0.154525756835937 0.189163208007813
0.119132995605469 -0.0345001220703125 -0.1845703125 -0.0408782958984375
0.0733108520507813 -0.0516586303710938 -0.0386505126953125 -0.0171928405761719
0.0496978759765625 -0.03466796875 0.0664100646972656 -0.0689849853515625
0.046051025390625 -0.047119140625 0.067840576171875 -0.163360595703125
0.0250091552734375 -0.0606880187988281 0.0109100341796875 -0.195281982421875
-0.0156402587890625 -0.0707931518554688 -0.0804595947265625 -0.196121215820313
-0.0547065734863281 -0.0687332153320313 -0.131614685058594 -0.13116455078125
-0.0526542663574219 -0.0633468627929688 -0.127128601074219 -0.0509719848632813
-0.0576705932617188 -0.0641860961914062 -0.114776611328125 -0.00219726562500002
-0.0423126220703125 -0.0776290893554688 -0.11090087890625 0.0203094482421875
-0.00738525390625 -0.0753936767578125 -0.0985946655273438 0.06011962890625
0.00920867919921875 -0.0556526184082031 -0.0932693481445313 0.0700302124023437
0.0170669555664062 -0.0440711975097656 -0.114662170410156 0.0967636108398438
0.03936767578125 -0.0647811889648438 -0.129379272460937 0.155242919921875
0.0725631713867188 -0.055816650390625 -0.125503540039063 0.186431884765625
0.193862915039062 -0.0557098388671875 -0.124351501464844 -0.0591583251953125
0.152511596679688 -0.078948974609375 0.0157985687255859 -0.0298938751220703
0.114166259765625 -0.0769577026367188 0.0930862426757813 -0.0753326416015625
0.0845870971679687 -0.104843139648437 0.084930419921875 -0.159957885742188
0.037109375 -0.116127014160156 0.0215301513671875 -0.178665161132813
-0.032867431640625 -0.124893188476562 -0.067535400390625 -0.171295166015625
-0.0856094360351563 -0.105484008789063 -0.101127624511719 -0.103675842285156
-0.084625244140625 -0.0975723266601563 -0.08990478515625 -0.025360107421875
-0.09771728515625 -0.0982589721679688 -0.0780410766601562 0.02325439453125
-0.0808868408203125 -0.118782043457031 -0.0856475830078125 0.0485458374023438
-0.0292510986328125 -0.127487182617187 -0.0791854858398438 0.083648681640625
0.00496673583984374 -0.117835998535156 -0.082794189453125 0.0826568603515625
0.049407958984375 -0.100318908691406 -0.101509094238281 0.102767944335938
0.0942764282226563 -0.109580993652344 -0.097900390625 0.136528015136719
0.134574890136719 -0.09576416015625 -0.075164794921875 0.16534423828125
0.236831665039062 -0.071380615234375 -0.049407958984375 -0.0823211669921875
0.206558227539063 -0.10040283203125 0.0780715942382813 -0.0464019775390625
0.15850830078125 -0.112930297851563 0.119094848632813 -0.077667236328125
0.10784912109375 -0.152313232421875 0.0992889404296875 -0.147247314453125
0.0388641357421875 -0.15972900390625 0.03289794921875 -0.149337768554688
-0.050750732421875 -0.159698486328125 -0.0459136962890625 -0.131134033203125
-0.105186462402344 -0.125 -0.0581817626953125 -0.0653419494628906
-0.102523803710938 -0.115325927734375 -0.03961181640625 0.00429153442382813
-0.121910095214844 -0.11749267578125 -0.0276718139648437 0.0495872497558594
-0.106063842773438 -0.142547607421875 -0.045684814453125 0.0784378051757812
-0.0452117919921875 -0.162261962890625 -0.05023193359375 0.107284545898438
-0.000595092773437512 -0.163925170898438 -0.0676193237304687 0.0949478149414062
0.0760345458984375 -0.1427001953125 -0.0879135131835938 0.0998764038085938
0.138824462890625 -0.14068603515625 -0.0623931884765625 0.101669311523437
0.179351806640625 -0.116958618164063 -0.0108261108398437 0.133277893066406
0.240203857421875 -0.0778656005859375 0.0268630981445313 -0.112648010253906
0.222244262695312 -0.111862182617187 0.13275146484375 -0.0719528198242188
0.171585083007813 -0.132858276367188 0.136154174804688 -0.0828704833984375
0.108688354492188 -0.17633056640625 0.108169555664063 -0.124534606933594
0.0294647216796875 -0.176528930664063 0.0460205078125 -0.110786437988281
-0.0653839111328125 -0.166702270507813 -0.0148468017578125 -0.0821533203125
-0.110984802246094 -0.123222351074219 -0.00664710998535157 -0.0251350402832031
-0.105506896972656 -0.114715576171875 0.0170364379882812 0.0330448150634766
-0.126144409179688 -0.119781494140625 0.0275955200195313 0.0756607055664062
-0.11163330078125 -0.1478271484375 -0.00135040283203125 0.108238220214844
-0.047576904296875 -0.175674438476563 -0.0182647705078125 0.128990173339844
0.003692626953125 -0.185134887695313 -0.0507354736328125 0.104415893554687
0.0991668701171875 -0.16058349609375 -0.0727920532226563 0.0883712768554687
0.1685791015625 -0.145172119140625 -0.0221748352050781 0.0578193664550781
0.201400756835938 -0.115234375 0.0605621337890625 0.09716796875
0.206314086914063 -0.07025146484375 0.0909423828125 -0.144210815429688
0.202667236328125 -0.10546875 0.169235229492188 -0.1014404296875
0.15374755859375 -0.129318237304688 0.138778686523438 -0.0870285034179688
0.08978271484375 -0.16900634765625 0.111572265625 -0.0978851318359375
0.0125274658203125 -0.162429809570313 0.0611038208007812 -0.07098388671875
-0.0734405517578125 -0.143997192382813 0.0218162536621094 -0.0375289916992188
-0.101150512695313 -0.100028991699219 0.045562744140625 0.010467529296875
-0.0920333862304688 -0.0953598022460938 0.0700149536132813 0.0575904846191406
-0.110832214355469 -0.104103088378906 0.0776596069335937 0.100616455078125
-0.095947265625 -0.134658813476563 0.0385208129882812 0.137779235839844
-0.0334930419921875 -0.16455078125 0.00671386718749999 0.149765014648437
0.01873779296875 -0.17706298828125 -0.0370941162109375 0.11248779296875
0.115951538085938 -0.144989013671875 -0.0563430786132812 0.07232666015625
0.1778564453125 -0.120880126953125 0.0211849212646484 0.0186424255371094
0.194259643554688 -0.086669921875 0.13409423828125 0.0685882568359375
0.143157958984375 -0.047515869140625 0.133468627929687 -0.174407958984375
0.155990600585938 -0.0819854736328125 0.1827392578125 -0.128067016601563
0.113510131835938 -0.103912353515625 0.129379272460938 -0.090423583984375
0.057525634765625 -0.131950378417969 0.108802795410156 -0.0733413696289063
-0.00523376464843751 -0.120712280273438 0.0757293701171875 -0.0402984619140625
-0.06689453125 -0.0965194702148437 0.0589332580566406 -0.00417327880859376
-0.0740737915039062 -0.0621261596679688 0.091400146484375 0.0331192016601562
-0.0634994506835937 -0.0610466003417969 0.111900329589844 0.0738143920898437
-0.0785598754882813 -0.0731353759765625 0.113021850585938 0.122543334960937
-0.066986083984375 -0.0999603271484375 0.0638580322265625 0.165863037109375
-0.0156631469726563 -0.12890625 0.017913818359375 0.169387817382813
0.031005859375 -0.139488220214844 -0.0288238525390625 0.12054443359375
0.113533020019531 -0.103446960449219 -0.0398063659667969 0.062255859375
0.156936645507813 -0.0755157470703125 0.06146240234375 -0.00320053100585938
0.155792236328125 -0.0464935302734375 0.195724487304688 0.053619384765625
0.0641860961914063 -0.0142974853515625 0.14654541015625 -0.201080322265625
0.0921707153320313 -0.044952392578125 0.173233032226563 -0.152618408203125
0.0628509521484375 -0.0640182495117188 0.113304138183594 -0.0933685302734375
0.0227203369140625 -0.0768051147460938 0.105476379394531 -0.0584793090820313
-0.0163497924804688 -0.0620079040527344 0.0879058837890625 -0.0260391235351563
-0.0480422973632813 -0.0344734191894531 0.0889358520507813 0.00824737548828125
-0.0344505310058594 -0.0148258209228516 0.124320983886719 0.0384368896484375
-0.0269775390625 -0.01629638671875 0.139251708984375 0.0782623291015625
-0.0387458801269531 -0.0264015197753906 0.1328125 0.136093139648438
-0.0374031066894531 -0.0475616455078125 0.0755767822265625 0.18743896484375
-0.00572967529296875 -0.0734100341796875 0.0196380615234375 0.185379028320313
0.0264129638671875 -0.0837478637695313 -0.0275344848632812 0.1324462890625
0.0838088989257813 -0.0534210205078125 -0.03118896484375 0.0614128112792969
0.103172302246094 -0.0284271240234375 0.08782958984375 -0.00611114501953125
0.0869903564453125 -0.00386810302734375 0.236923217773438 0.052032470703125
0.031036376953125 -0.00577354431152344 -0.224868774414063 -0.018280029296875
-0.0125932693481445 -0.0148391723632813 -0.0726852416992188 0.000587463378906257
-0.0147380828857422 0.0110712051391602 0.0499763488769531 -0.0670852661132813
0.0064544677734375 0.0121889114379883 0.0473480224609375 -0.169174194335938
0.0113840103149414 -0.00296497344970703 -0.0111236572265625 -0.208358764648438
0.00342750549316406 -0.0127201080322266 -0.104568481445313 -0.206497192382813
-0.0204334259033203 -0.0239448547363281 -0.162307739257813 -0.139389038085937
-0.0167465209960937 -0.0228309631347656 -0.154006958007813 -0.059326171875
-0.0119342803955078 -0.0215702056884766 -0.139022827148437 -0.0105056762695313
-0.0019073486328125 -0.0248603820800781 -0.125801086425781 0.0100326538085938
0.00911712646484375 -0.0132045745849609 -0.109550476074219 0.0528793334960937
0.00623893737792969 0.0146045684814453 -0.103935241699219 0.0706634521484375
-0.0247669219970703 0.0141754150390625 -0.133522033691406 0.0974349975585938
-0.0271396636962891 -0.0147838592529297 -0.153549194335938 0.174697875976562
0.00101375579833984 -0.00750207901000977 -0.148269653320312 0.212493896484375
0.124382019042969 -0.0421905517578125 -0.192138671875 -0.0331878662109375
0.074371337890625 -0.0588912963867188 -0.0372085571289062 -0.0145454406738281
0.0509185791015625 -0.0399246215820312 0.0694808959960938 -0.0769195556640625
0.044677734375 -0.0536346435546875 0.0625152587890625 -0.175308227539063
0.0219764709472656 -0.067108154296875 -0.000350952148437518 -0.204635620117187
-0.0211868286132813 -0.0745468139648437 -0.09722900390625 -0.197830200195312
-0.0634880065917969 -0.069427490234375 -0.14483642578125 -0.125778198242187
-0.0613479614257812 -0.0651969909667969 -0.132545471191406 -0.0419158935546875
-0.0649185180664063 -0.0657081604003906 -0.119094848632813 0.0099945068359375
-0.0487594604492188 -0.0795211791992187 -0.116653442382812 0.0336837768554688
-0.0119400024414063 -0.0792694091796875 -0.101646423339844 0.0725555419921875
0.0082244873046875 -0.0588493347167969 -0.0972747802734375 0.0803451538085938
0.0166816711425781 -0.0453071594238281 -0.116561889648437 0.108444213867188
0.0372657775878906 -0.0674285888671875 -0.125213623046875 0.172607421875
0.0743179321289063 -0.0609588623046875 -0.1173095703125 0.20758056640625
0.198654174804688 -0.0708770751953125 -0.130599975585938 -0.0569686889648438
0.153884887695313 -0.0941162109375 0.0195789337158203 -0.0313987731933594
0.114837646484375 -0.0884170532226563 0.098114013671875 -0.0835037231445312
0.0802154541015625 -0.116729736328125 0.0814208984375 -0.1728515625
0.0306167602539062 -0.126358032226563 0.0128173828125 -0.187957763671875
-0.0427322387695313 -0.128265380859375 -0.0798797607421875 -0.172073364257813
-0.096923828125 -0.10467529296875 -0.110153198242188 -0.0998001098632813
-0.0960006713867188 -0.0967559814453125 -0.0920486450195313 -0.0171661376953125
-0.1090087890625 -0.0967788696289062 -0.0786514282226563 0.0342864990234375
-0.0920867919921875 -0.119125366210938 -0.0876007080078125 0.0630416870117188
-0.0384140014648438 -0.132125854492188 -0.0798797607421875 0.0971450805664063
-0.00145721435546875 -0.123893737792969 -0.0851364135742188 0.0940322875976562
0.0470962524414063 -0.105857849121094 -0.101493835449219 0.11480712890625
0.0915145874023438 -0.119117736816406 -0.092437744140625 0.151290893554688
0.1351318359375 -0.107498168945313 -0.066375732421875 0.183578491210938
0.241775512695313 -0.09002685546875 -0.053863525390625 -0.0860443115234375
0.208038330078125 -0.119781494140625 0.0831298828125 -0.0526580810546875
0.159133911132813 -0.128738403320313 0.125335693359375 -0.0876617431640625
0.102066040039062 -0.1676025390625 0.0992431640625 -0.160736083984375
0.028778076171875 -0.170013427734375 0.027496337890625 -0.157211303710938
-0.0634918212890625 -0.16241455078125 -0.054046630859375 -0.130508422851563
-0.118309020996094 -0.122909545898438 -0.0625801086425781 -0.0622787475585938
-0.115806579589844 -0.112937927246094 -0.0374794006347656 0.0087127685546875
-0.135154724121094 -0.113143920898438 -0.0235710144042969 0.0579643249511719
-0.1221923828125 -0.140243530273438 -0.0433120727539062 0.0917129516601562
-0.0596160888671875 -0.166152954101563 -0.046783447265625 0.120590209960938
-0.0104522705078125 -0.171295166015625 -0.0677642822265625 0.107254028320312
0.0713348388671875 -0.153549194335938 -0.0868911743164063 0.111862182617188
0.134552001953125 -0.156021118164063 -0.0578536987304687 0.112472534179687
0.179946899414063 -0.134490966796875 -0.00064086914062499 0.14605712890625
0.243484497070313 -0.0982818603515625 0.0238113403320313 -0.120964050292969
0.222518920898438 -0.132644653320313 0.139297485351562 -0.0823593139648438
0.170639038085938 -0.149398803710938 0.14337158203125 -0.092926025390625
0.101043701171875 -0.191970825195312 0.110908508300781 -0.137664794921875
0.0169525146484375 -0.185684204101563 0.0454483032226563 -0.117912292480469
-0.0798797607421875 -0.167739868164063 -0.0174331665039063 -0.0825424194335938
-0.123123168945312 -0.119941711425781 -0.00680923461914063 -0.0235958099365234
-0.1181640625 -0.110763549804688 0.0222988128662109 0.0351333618164062
-0.139312744140625 -0.113471984863281 0.034271240234375 0.0804672241210937
-0.128158569335937 -0.144058227539063 0.00581359863281248 0.118972778320312
-0.0634765625 -0.179046630859375 -0.0125579833984375 0.141021728515625
-0.0107574462890625 -0.194320678710937 -0.0489578247070313 0.116050720214844
0.0928802490234375 -0.173385620117188 -0.0711517333984375 0.0988311767578125
0.165374755859375 -0.1644287109375 -0.0194358825683594 0.0645713806152343
0.201263427734375 -0.1336669921875 0.071990966796875 0.103973388671875
0.208053588867188 -0.0884246826171875 0.0876007080078125 -0.15875244140625
0.201141357421875 -0.125274658203125 0.173507690429687 -0.114761352539063
0.151718139648438 -0.1448974609375 0.146224975585938 -0.097412109375
0.080963134765625 -0.181442260742188 0.115768432617188 -0.110328674316406
0.000457763671875017 -0.169326782226562 0.0631866455078125 -0.0777130126953125
-0.0863800048828125 -0.142257690429688 0.0236587524414062 -0.0383186340332031
-0.110893249511719 -0.0964126586914063 0.0504798889160156 0.00800704956054687
-0.101768493652344 -0.0910797119140625 0.0781631469726562 0.0551071166992187
-0.1220703125 -0.097747802734375 0.0879669189453125 0.101371765136719
-0.110427856445312 -0.129249572753906 0.049652099609375 0.146133422851562
-0.04876708984375 -0.16778564453125 0.0156707763671875 0.16009521484375
0.0046844482421875 -0.18524169921875 -0.03369140625 0.122909545898437
0.110931396484375 -0.159683227539063 -0.054779052734375 0.0813446044921875
0.175918579101563 -0.13970947265625 0.022430419921875 0.0206336975097656
0.194534301757813 -0.105361938476563 0.14556884765625 0.0692901611328125
0.143478393554688 -0.06036376953125 0.12799072265625 -0.192855834960938
0.1539306640625 -0.0972900390625 0.185165405273438 -0.144454956054688
0.11175537109375 -0.116081237792969 0.134590148925781 -0.0999374389648438
0.0497283935546875 -0.14178466796875 0.114479064941406 -0.0843048095703125
-0.01519775390625 -0.124656677246094 0.0806732177734375 -0.0472335815429688
-0.0766983032226563 -0.0922470092773437 0.06463623046875 -0.00801467895507813
-0.0802230834960938 -0.0569610595703125 0.098541259765625 0.0270538330078125
-0.0700569152832031 -0.0570487976074219 0.121795654296875 0.0679931640625
-0.08538818359375 -0.0659866333007812 0.125679016113281 0.120674133300781
-0.0769882202148438 -0.09490966796875 0.0780029296875 0.171401977539063
-0.0270462036132812 -0.131462097167969 0.0304412841796875 0.178802490234375
0.0192413330078125 -0.146469116210937 -0.02471923828125 0.130256652832031
0.11077880859375 -0.115180969238281 -0.0397796630859375 0.0681266784667969
0.156784057617188 -0.0919189453125 0.0621261596679688 -0.00570297241210938
0.156234741210938 -0.061187744140625 0.208740234375 0.0489501953125
0.063690185546875 -0.0204010009765625 0.139892578125 -0.221298217773438
0.0900802612304688 -0.0556793212890625 0.172454833984375 -0.169876098632813
0.0607528686523438 -0.072296142578125 0.117393493652344 -0.103912353515625
0.0162429809570312 -0.0818328857421875 0.111587524414063 -0.0688705444335938
-0.0241889953613281 -0.0624008178710938 0.093505859375 -0.0351104736328125
-0.0533714294433594 -0.0292701721191406 0.0969085693359375 0.00180816650390625
-0.0349216461181641 -0.0105724334716797 0.131996154785156 0.0288925170898438
-0.0278339385986328 -0.0135746002197266 0.149017333984375 0.069091796875
-0.0400962829589844 -0.0208854675292969 0.14593505859375 0.132766723632813
-0.0426673889160156 -0.0424728393554688 0.090667724609375 0.190887451171875
-0.012939453125 -0.0741958618164063 0.031951904296875 0.193878173828125
0.019683837890625 -0.0874252319335937 -0.0212249755859375 0.1422119140625
0.082275390625 -0.0613937377929688 -0.0311317443847656 0.0668983459472656
0.103195190429688 -0.0382232666015625 0.0886077880859375 -0.0116729736328125
0.087158203125 -0.0121078491210938 0.250015258789063 0.0434417724609375
0.0349807739257813 -0.00700950622558594 -0.23492431640625 0.000244140625000019
-0.0120401382446289 -0.0145425796508789 -0.07147216796875 0.00775146484375001
-0.0125713348388672 0.0125608444213867 0.0487823486328125 -0.07598876953125
0.00763320922851562 0.00904464721679688 0.0333709716796875 -0.182464599609375
0.0117340087890625 -0.00702571868896484 -0.0327301025390625 -0.216400146484375
0.00119209289550781 -0.0174198150634766 -0.12982177734375 -0.204696655273438
-0.0274658203125 -0.0263919830322266 -0.182296752929688 -0.127334594726562
-0.0232772827148437 -0.0253753662109375 -0.1630859375 -0.0439300537109375
-0.0159893035888672 -0.0263042449951172 -0.145553588867188 0.00683593749999997
-0.00473213195800781 -0.0280208587646484 -0.132514953613281 0.0279693603515625
0.00973606109619141 -0.016819953918457 -0.113059997558594 0.0692367553710938
0.0114669799804688 0.01300048828125 -0.106460571289063 0.0854263305664063
-0.0221157073974609 0.019927978515625 -0.134620666503906 0.114952087402344
-0.0279369354248047 -0.00980949401855469 -0.143478393554688 0.197891235351563
0.003509521484375 -0.00487518310546875 -0.131973266601563 0.240509033203125
0.127845764160156 -0.0548858642578125 -0.201705932617187 -0.01947021484375
0.071868896484375 -0.0692901611328125 -0.0354843139648438 -0.0119590759277344
0.0512123107910156 -0.04876708984375 0.0693511962890625 -0.0874481201171875
0.0405845642089844 -0.0631256103515625 0.0508270263671875 -0.190536499023438
0.0155410766601562 -0.0739593505859375 -0.019378662109375 -0.214401245117188
-0.0307540893554688 -0.0787811279296875 -0.12042236328125 -0.194610595703125
-0.0750732421875 -0.0681686401367187 -0.161712646484375 -0.114898681640625
-0.073089599609375 -0.0638580322265625 -0.139320373535156 -0.0277938842773438
-0.0762405395507813 -0.0643386840820313 -0.122215270996094 0.0278549194335937
-0.0593643188476563 -0.07965087890625 -0.119743347167969 0.0525894165039062
-0.019378662109375 -0.0838851928710937 -0.10260009765625 0.0900497436523437
0.0052032470703125 -0.0632095336914063 -0.0978622436523438 0.095367431640625
0.0161323547363281 -0.046905517578125 -0.115341186523437 0.125350952148438
0.032989501953125 -0.0715713500976563 -0.113296508789062 0.1925048828125
0.073455810546875 -0.067718505859375 -0.098724365234375 0.23345947265625
0.20208740234375 -0.094573974609375 -0.138900756835938 -0.0498428344726562
0.1512451171875 -0.114990234375 0.0223255157470703 -0.0347442626953125
0.112403869628906 -0.104339599609375 0.100257873535156 -0.0970687866210938
0.0714492797851563 -0.130828857421875 0.0720672607421875 -0.18914794921875
0.0183563232421875 -0.134910583496094 -0.00215148925781252 -0.196990966796875
-0.058319091796875 -0.130577087402344 -0.0979156494140625 -0.168609619140625
-0.112449645996094 -0.101150512695313 -0.122337341308594 -0.0903091430664063
-0.112716674804688 -0.092559814453125 -0.093536376953125 -0.00751495361328124
-0.124000549316406 -0.0916595458984375 -0.076873779296875 0.04852294921875
-0.109085083007812 -0.115127563476563 -0.0851898193359375 0.0820159912109375
-0.0533218383789063 -0.135108947753906 -0.0756912231445313 0.114906311035156
-0.0122528076171875 -0.128852844238281 -0.0834884643554687 0.111274719238281
0.04071044921875 -0.113624572753906 -0.0965805053710937 0.13043212890625
0.0833892822265625 -0.131202697753906 -0.08087158203125 0.168869018554688
0.130386352539063 -0.124252319335938 -0.047760009765625 0.204238891601563
0.242202758789063 -0.1175537109375 -0.0612716674804688 -0.0876541137695313
0.203277587890625 -0.147705078125 0.0875167846679688 -0.0626907348632813
0.154022216796875 -0.150009155273438 0.129768371582031 -0.10443115234375
0.0875396728515625 -0.185317993164062 0.093414306640625 -0.17779541015625
0.01141357421875 -0.180068969726563 0.0169525146484375 -0.166641235351563
-0.0826416015625 -0.163009643554688 -0.0660629272460938 -0.127906799316406
-0.135269165039063 -0.116355895996094 -0.0685081481933594 -0.0572280883789063
-0.133583068847656 -0.10552978515625 -0.0339508056640625 0.0146656036376953
-0.153228759765625 -0.103118896484375 -0.0173530578613281 0.0676231384277344
-0.141708374023438 -0.131698608398438 -0.0361175537109375 0.106803894042969
-0.08001708984375 -0.1676025390625 -0.0385055541992188 0.13702392578125
-0.029449462890625 -0.178253173828125 -0.0630722045898438 0.123313903808594
0.060211181640625 -0.166549682617188 -0.080596923828125 0.12762451171875
0.123931884765625 -0.175460815429688 -0.047576904296875 0.125572204589844
0.173660278320313 -0.158309936523438 0.0179901123046875 0.160415649414063
0.241897583007813 -0.126266479492188 0.0150985717773438 -0.132003784179688
0.215362548828125 -0.161514282226563 0.141494750976563 -0.099456787109375
0.163330078125 -0.174285888671875 0.147109985351563 -0.110382080078125
0.08380126953125 -0.209579467773437 0.108139038085937 -0.154586791992188
-0.00279235839843752 -0.194534301757813 0.0393447875976563 -0.127410888671875
-0.09967041015625 -0.163955688476562 -0.022552490234375 -0.0814132690429688
-0.139785766601563 -0.110908508300781 -0.00588607788085938 -0.0231914520263672
-0.134307861328125 -0.102890014648438 0.0298290252685547 0.0343246459960937
-0.156661987304688 -0.10089111328125 0.0451431274414063 0.083984375
-0.148727416992188 -0.134445190429687 0.0184402465820312 0.129737854003906
-0.0862579345703125 -0.1788330078125 0.00108337402343749 0.1541748046875
-0.0316009521484375 -0.20123291015625 -0.041473388671875 0.130645751953125
0.0797271728515625 -0.189926147460938 -0.0660247802734375 0.112236022949219
0.153472900390625 -0.188812255859375 -0.0123825073242188 0.07177734375
0.194580078125 -0.160385131835938 0.0894775390625 0.10809326171875
0.204605102539063 -0.114120483398438 0.0767822265625 -0.17822265625
0.193191528320313 -0.151687622070313 0.17413330078125 -0.136688232421875
0.144378662109375 -0.166152954101563 0.149627685546875 -0.115203857421875
0.06439208984375 -0.198699951171875 0.115776062011719 -0.125923156738281
-0.0179901123046875 -0.176010131835938 0.0626907348632813 -0.0877685546875
-0.103668212890625 -0.136322021484375 0.0260810852050781 -0.040313720703125
-0.123764038085937 -0.086639404296875 0.0555610656738281 0.00291061401367187
-0.115699768066406 -0.08233642578125 0.0893402099609375 0.05010986328125
-0.135810852050781 -0.0850067138671875 0.10223388671875 0.0993804931640625
-0.128669738769531 -0.119720458984375 0.067626953125 0.152603149414063
-0.0703125 -0.168075561523438 0.0324554443359375 0.170303344726563
-0.0156097412109375 -0.192428588867187 -0.0241241455078125 0.135452270507813
0.0990142822265625 -0.177337646484375 -0.04986572265625 0.0922317504882812
0.165603637695313 -0.165267944335938 0.0259246826171875 0.0210819244384766
0.18939208984375 -0.13104248046875 0.161041259765625 0.0633697509765625
0.141128540039063 -0.0794219970703125 0.115982055664063 -0.216033935546875
0.146270751953125 -0.119110107421875 0.18182373046875 -0.168731689453125
0.1043701171875 -0.133720397949219 0.137199401855469 -0.117935180664063
0.0350799560546875 -0.152481079101563 0.118003845214844 -0.100112915039063
-0.030670166015625 -0.126419067382813 0.0831146240234375 -0.0579986572265625
-0.088653564453125 -0.0842208862304687 0.0711669921875 -0.0155181884765625
-0.0883865356445313 -0.0486984252929688 0.106666564941406 0.0163116455078125
-0.076812744140625 -0.0501327514648438 0.134025573730469 0.0568084716796875
-0.0934524536132813 -0.0560150146484375 0.14288330078125 0.1146240234375
-0.0898666381835937 -0.0864486694335938 0.09893798828125 0.174560546875
-0.0446929931640625 -0.130348205566406 0.048492431640625 0.186660766601563
0.00244140625 -0.153823852539063 -0.0131683349609375 0.141204833984375
0.101570129394531 -0.13165283203125 -0.03448486328125 0.0773849487304687
0.149856567382813 -0.113616943359375 0.0629196166992188 -0.010711669921875
0.153182983398438 -0.081756591796875 0.223983764648438 0.0349273681640625
0.0609054565429688 -0.0293388366699219 0.121124267578125 -0.248580932617187
0.0842514038085938 -0.0683364868164063 0.164718627929688 -0.19378662109375
0.0546188354492188 -0.0828018188476562 0.116363525390625 -0.118408203125
0.00624847412109375 -0.0871429443359375 0.113945007324219 -0.0841064453125
-0.0352058410644531 -0.060821533203125 0.098358154296875 -0.0474014282226563
-0.0579414367675781 -0.0207862854003906 0.104049682617188 -0.0100631713867188
-0.0363082885742188 -0.00490951538085938 0.140289306640625 0.0135726928710937
-0.0301036834716797 -0.00811767578125 0.160369873046875 0.05511474609375
-0.0418052673339844 -0.0147514343261719 0.163909912109375 0.123306274414062
-0.0479164123535156 -0.0349807739257812 0.11212158203125 0.1925048828125
-0.0230789184570313 -0.0726394653320313 0.053009033203125 0.201583862304688
0.0103302001953125 -0.0913314819335938 -0.00920104980468751 0.151504516601563
0.077606201171875 -0.0723724365234375 -0.0285797119140625 0.0739212036132812
0.098968505859375 -0.0518798828125 0.08746337890625 -0.0202560424804688
0.0855178833007813 -0.0227584838867188 0.265090942382813 0.0244903564453125
0.040435791015625 -0.0095062255859375 -0.237762451171875 0.0231475830078125
-0.010960578918457 -0.0118026733398437 -0.0692977905273438 0.01617431640625
-0.00951671600341797 0.0127954483032227 0.0450592041015625 -0.0846023559570313
0.00899314880371094 0.00633907318115234 0.0124969482421875 -0.190536499023438
0.00916576385498047 -0.0114850997924805 -0.0594329833984375 -0.218276977539063
-0.00232696533203125 -0.0204696655273438 -0.159927368164062 -0.190597534179688
-0.0339221954345703 -0.0252933502197266 -0.200424194335938 -0.105300903320313
-0.0302562713623047 -0.0265407562255859 -0.168731689453125 -0.0228729248046875
-0.0214214324951172 -0.0280399322509766 -0.144912719726563 0.030029296875
-0.00820350646972657 -0.0332202911376953 -0.131126403808594 0.0495376586914062
0.00962448120117188 -0.0214424133300781 -0.109733581542969 0.0880355834960938
0.0162200927734375 0.009368896484375 -0.102005004882813 0.101692199707031
-0.0168952941894531 0.0249557495117188 -0.128349304199219 0.134292602539063
-0.0280780792236328 -0.00256729125976562 -0.123016357421875 0.216598510742188
0.00717353820800781 -0.00244808197021484 -0.0997467041015625 0.262725830078125
0.127243041992187 -0.0723419189453125 -0.20477294921875 -0.000473022460937465
0.067474365234375 -0.0796051025390625 -0.0326519012451172 -0.00880241394042969
0.0460128784179688 -0.0575027465820313 0.0648727416992188 -0.0989837646484375
0.0324859619140625 -0.07147216796875 0.031585693359375 -0.20147705078125
0.00424957275390625 -0.0804214477539063 -0.0440826416015625 -0.214019775390625
-0.0419845581054688 -0.07867431640625 -0.145050048828125 -0.178558349609375
-0.089508056640625 -0.0609130859375 -0.175048828125 -0.0955810546875
-0.084930419921875 -0.0560073852539063 -0.140106201171875 -0.00926208496093747
-0.0865249633789063 -0.0581207275390625 -0.11541748046875 0.04901123046875
-0.0708694458007813 -0.076995849609375 -0.113853454589844 0.0758056640625
-0.02911376953125 -0.085662841796875 -0.093963623046875 0.111190795898437
-0.000217437744140629 -0.066253662109375 -0.090972900390625 0.111846923828125
0.0132255554199219 -0.0469932556152344 -0.105087280273437 0.142715454101563
0.0257949829101563 -0.0730056762695313 -0.0909271240234375 0.210845947265625
0.0702972412109375 -0.0752639770507813 -0.0655975341796875 0.253585815429688
0.195877075195313 -0.11883544921875 -0.144546508789063 -0.0368804931640625
0.137245178222656 -0.135322570800781 0.0244407653808594 -0.0386009216308594
0.100982666015625 -0.122886657714844 0.0970001220703125 -0.111274719238281
0.055023193359375 -0.144577026367188 0.0536041259765625 -0.204513549804688
9.1552734374996E-05 -0.142044067382813 -0.023284912109375 -0.19866943359375
-0.0768585205078125 -0.126876831054688 -0.117294311523437 -0.155792236328125
-0.127670288085938 -0.0898208618164063 -0.130378723144531 -0.0722808837890625
-0.128372192382813 -0.0797042846679688 -0.0909423828125 0.00454711914062498
-0.140251159667969 -0.0781784057617188 -0.0671882629394531 0.0630645751953125
-0.124885559082031 -0.102714538574219 -0.0738449096679688 0.101470947265625
-0.0716629028320312 -0.1317138671875 -0.062530517578125 0.130508422851563
-0.0283889770507812 -0.131744384765625 -0.0735015869140625 0.126556396484375
0.0306396484375 -0.118400573730469 -0.0855712890625 0.147308349609375
0.067840576171875 -0.14007568359375 -0.059539794921875 0.183242797851563
0.118522644042969 -0.138877868652344 -0.01580810546875 0.219070434570313
0.231979370117188 -0.14923095703125 -0.0685501098632813 -0.084625244140625
0.185516357421875 -0.174697875976563 0.0877838134765625 -0.0750885009765625
0.13751220703125 -0.17352294921875 0.127784729003906 -0.123115539550781
0.064361572265625 -0.19903564453125 0.0770721435546875 -0.193634033203125
-0.013519287109375 -0.185638427734375 0.000976562500000009 -0.172866821289063
-0.105575561523438 -0.151641845703125 -0.0775985717773437 -0.1175537109375
-0.152923583984375 -0.10101318359375 -0.0725173950195313 -0.04620361328125
-0.15106201171875 -0.0895538330078125 -0.0288181304931641 0.0223102569580078
-0.16827392578125 -0.0840606689453125 -0.00621032714843751 0.0764999389648438
-0.15924072265625 -0.115402221679687 -0.0199813842773438 0.120285034179687
-0.102188110351562 -0.159393310546875 -0.0215911865234375 0.1497802734375
-0.053070068359375 -0.177459716796875 -0.0496597290039062 0.138160705566406
0.0412750244140625 -0.17572021484375 -0.0671539306640625 0.140716552734375
0.103240966796875 -0.192855834960938 -0.0305862426757812 0.137344360351563
0.154495239257813 -0.1793212890625 0.044677734375 0.166213989257813
0.227783203125 -0.158462524414063 0.0026397705078125 -0.136825561523438
0.191558837890625 -0.19183349609375 0.136695861816406 -0.119888305664063
0.143783569335938 -0.198318481445313 0.145172119140625 -0.12939453125
0.056365966796875 -0.222808837890625 0.0957794189453125 -0.170562744140625
-0.0295257568359375 -0.197402954101563 0.0284805297851562 -0.135566711425781
-0.122360229492187 -0.15338134765625 -0.0264816284179688 -0.0763702392578125
-0.154342651367188 -0.0939483642578125 -0.00592803955078126 -0.0206165313720703
-0.147872924804687 -0.0859375 0.0366401672363281 0.0319099426269531
-0.1707763671875 -0.082611083984375 0.0600738525390625 0.0845184326171875
-0.168807983398437 -0.113571166992188 0.0367507934570312 0.134452819824219
-0.112655639648438 -0.167678833007813 0.0217742919921875 0.162109375
-0.0590057373046875 -0.19744873046875 -0.027587890625 0.143783569335938
0.0565948486328125 -0.203277587890625 -0.0522842407226562 0.1240234375
0.130020141601563 -0.211746215820313 -0.00217437744140624 0.0776748657226562
0.173309326171875 -0.186477661132812 0.109642028808594 0.103813171386719
0.191116333007813 -0.143035888671875 0.0565948486328125 -0.1904296875
0.170074462890625 -0.177963256835938 0.163543701171875 -0.159286499023438
0.124404907226563 -0.185897827148438 0.145355224609375 -0.1348876953125
0.0380401611328125 -0.208770751953125 0.110092163085938 -0.1448974609375
-0.0415496826171875 -0.17218017578125 0.0581817626953125 -0.0982666015625
-0.121376037597656 -0.121284484863281 0.026641845703125 -0.0448150634765625
-0.137443542480469 -0.0681381225585938 0.059356689453125 -0.00264358520507813
-0.12554931640625 -0.0650100708007812 0.0967330932617187 0.03912353515625
-0.144149780273438 -0.0663604736328125 0.118743896484375 0.0918350219726563
-0.14501953125 -0.10040283203125 0.0898590087890625 0.150466918945313
-0.094940185546875 -0.157379150390625 0.05584716796875 0.174301147460938
-0.0436859130859375 -0.189971923828125 -0.00941467285156251 0.14544677734375
0.075927734375 -0.192413330078125 -0.03985595703125 0.10211181640625
0.14422607421875 -0.188873291015625 0.0290699005126953 0.0207538604736328
0.169692993164063 -0.157546997070313 0.174606323242188 0.0504913330078125
0.129020690917969 -0.0999755859375 0.0885772705078125 -0.234878540039062
0.128410339355469 -0.139678955078125 0.16668701171875 -0.1905517578125
0.0884246826171875 -0.149246215820313 0.13134765625 -0.135673522949219
0.0151824951171875 -0.157363891601563 0.112152099609375 -0.117454528808594
-0.05029296875 -0.121665954589844 0.0834121704101563 -0.0715560913085938
-0.0995101928710938 -0.0687942504882812 0.0744247436523437 -0.0251312255859375
-0.0933685302734375 -0.03265380859375 0.111381530761719 -0.000404357910156252
-0.0813751220703125 -0.040252685546875 0.142593383789062 0.039459228515625
-0.0975418090820313 -0.041717529296875 0.160171508789063 0.0986175537109375
-0.101158142089844 -0.069366455078125 0.121307373046875 0.167678833007813
-0.064422607421875 -0.121803283691406 0.0717620849609375 0.187896728515625
-0.0181884765625 -0.153793334960938 0.0054168701171875 0.150390625
0.0821685791015625 -0.1466064453125 -0.0296173095703125 0.0836334228515625
0.132583618164063 -0.136642456054688 0.0613822937011719 -0.0148391723632813
0.13909912109375 -0.103363037109375 0.234771728515625 0.010223388671875
0.0530052185058594 -0.0414810180664063 0.0879974365234375 -0.270980834960938
0.0736618041992188 -0.0816574096679688 0.143753051757813 -0.218551635742188
0.0438232421875 -0.0929641723632813 0.109085083007813 -0.132270812988281
-0.00851440429687499 -0.08837890625 0.110954284667969 -0.102432250976563
-0.046234130859375 -0.0547943115234375 0.0977783203125 -0.0617141723632813
-0.058807373046875 -0.00705337524414061 0.107337951660156 -0.0270156860351563
-0.0349922180175781 0.00247001647949219 0.142440795898438 -0.00714111328125
-0.0266952514648438 -0.00159454345703125 0.166152954101563 0.0313568115234375
-0.0391464233398438 -0.00642776489257813 0.179046630859375 0.1044921875
-0.0501289367675781 -0.0218315124511719 0.136825561523438 0.181411743164063
-0.033599853515625 -0.0651741027832031 0.07861328125 0.198577880859375
-0.00586700439453125 -0.090545654296875 0.00741577148437499 0.15899658203125
0.068206787109375 -0.08331298828125 -0.0232925415039062 0.0797805786132813
0.08856201171875 -0.0658798217773438 0.0826034545898438 -0.0302047729492188
0.0776443481445312 -0.0371932983398438 0.272384643554688 -0.0037689208984375
0.0456924438476563 -0.0140380859375 -0.228363037109375 0.0471954345703125
-0.009124755859375 -0.0127096176147461 -0.0589218139648437 0.0208473205566406
-0.00463485717773437 0.011408805847168 0.0370254516601563 -0.0914459228515625
0.0110607147216797 0.00168991088867187 -0.00738525390625001 -0.190628051757813
0.00641632080078125 -0.0146198272705078 -0.08453369140625 -0.20465087890625
-0.00913047790527344 -0.0249996185302734 -0.176513671875 -0.166839599609375
-0.0419425964355469 -0.0231056213378906 -0.205459594726563 -0.0775909423828125
-0.0373573303222656 -0.0241355895996094 -0.1640625 -0.0014190673828125
-0.0301342010498047 -0.0295124053955078 -0.1348876953125 0.0506591796875
-0.0134124755859375 -0.0359878540039063 -0.123764038085938 0.0694046020507813
0.00665092468261719 -0.026519775390625 -0.0986709594726563 0.103630065917969
0.0209999084472656 0.00324058532714844 -0.0912246704101563 0.114845275878906
-0.00881004333496094 0.0265541076660156 -0.114105224609375 0.147903442382813
-0.0234832763671875 0.00485420227050782 -0.09423828125 0.226409912109375
0.0117616653442383 -0.000840187072753906 -0.061798095703125 0.270736694335938
0.120315551757813 -0.084014892578125 -0.19818115234375 0.021240234375
0.0567474365234375 -0.0879287719726563 -0.0265178680419922 -0.00718498229980469
0.0413970947265625 -0.0634117126464844 0.0569534301757813 -0.107498168945313
0.0232467651367187 -0.0755996704101563 0.00895690917968748 -0.202316284179688
-0.0067596435546875 -0.0801010131835938 -0.068389892578125 -0.204635620117188
-0.0538253784179687 -0.0747756958007813 -0.159896850585938 -0.158523559570313
-0.097564697265625 -0.051483154296875 -0.179489135742188 -0.06976318359375
-0.09466552734375 -0.0478591918945312 -0.133987426757813 0.00851440429687502
-0.0962600708007813 -0.0505294799804688 -0.104049682617187 0.0648956298828125
-0.0785064697265625 -0.0699234008789063 -0.101470947265625 0.092376708984375
-0.0378646850585938 -0.0820541381835938 -0.0799636840820312 0.124656677246094
-0.00389099121093751 -0.068511962890625 -0.0787811279296875 0.125801086425781
0.0128707885742188 -0.046722412109375 -0.0887908935546875 0.154296875
0.0210494995117188 -0.070281982421875 -0.061859130859375 0.216064453125
0.0620269775390625 -0.079132080078125 -0.0284881591796875 0.258697509765625
0.178726196289063 -0.1395263671875 -0.142959594726563 -0.0213165283203125
0.118118286132813 -0.150238037109375 0.0268516540527344 -0.0433082580566406
0.0874557495117188 -0.133468627929688 0.0880813598632812 -0.123954772949219
0.035125732421875 -0.148330688476563 0.032562255859375 -0.206710815429688
-0.0199356079101563 -0.139213562011719 -0.044403076171875 -0.193161010742188
-0.0915069580078125 -0.115989685058594 -0.128044128417969 -0.136764526367188
-0.138442993164062 -0.0712814331054688 -0.1317138671875 -0.0555038452148438
-0.136932373046875 -0.0626296997070312 -0.0831451416015625 0.0177154541015625
-0.146453857421875 -0.06060791015625 -0.0526580810546875 0.0759353637695313
-0.135208129882813 -0.0868072509765625 -0.0577011108398438 0.113655090332031
-0.0844497680664063 -0.12115478515625 -0.044525146484375 0.143905639648437
-0.0404052734375 -0.126739501953125 -0.0579833984375 0.139396667480469
0.0190811157226562 -0.117324829101563 -0.06646728515625 0.15576171875
0.0525970458984375 -0.142501831054688 -0.0329437255859375 0.187744140625
0.101043701171875 -0.148101806640625 0.0178375244140625 0.220840454101562
0.207672119140625 -0.174224853515625 -0.0761642456054688 -0.0764007568359375
0.156326293945313 -0.192047119140625 0.0839462280273438 -0.08544921875
0.115432739257812 -0.185928344726563 0.11798095703125 -0.136947631835938
0.037139892578125 -0.203338623046875 0.057647705078125 -0.20086669921875
-0.0364990234375 -0.178268432617188 -0.01617431640625 -0.168258666992188
-0.120643615722656 -0.137489318847656 -0.0832901000976563 -0.105491638183594
-0.162445068359375 -0.0797119140625 -0.0704421997070313 -0.0369720458984375
-0.158462524414063 -0.067901611328125 -0.0200748443603516 0.0238990783691406
-0.173858642578125 -0.06085205078125 0.0100936889648437 0.0797119140625
-0.1700439453125 -0.0909881591796875 -0.00109100341796876 0.126678466796875
-0.119644165039063 -0.141616821289063 -0.0010223388671875 0.156463623046875
-0.07171630859375 -0.166244506835938 -0.0326690673828125 0.147430419921875
0.0208282470703125 -0.174423217773438 -0.04925537109375 0.1478271484375
0.076263427734375 -0.197540283203125 -0.0107345581054687 0.137588500976563
0.12969970703125 -0.192535400390625 0.0700531005859375 0.162490844726563
0.200759887695313 -0.181854248046875 -0.012664794921875 -0.136878967285156
0.16119384765625 -0.207962036132813 0.127105712890625 -0.131622314453125
0.118637084960938 -0.210311889648437 0.134872436523438 -0.146743774414063
0.02685546875 -0.22406005859375 0.0798492431640625 -0.18341064453125
-0.053375244140625 -0.18695068359375 0.0183639526367187 -0.136039733886719
-0.135505676269531 -0.131874084472656 -0.0278701782226563 -0.0728225708007813
-0.162429809570312 -0.0706634521484375 -0.00266456604003907 -0.0207881927490234
-0.156204223632813 -0.0627593994140625 0.0446510314941406 0.027618408203125
-0.174575805664063 -0.0566558837890625 0.0739288330078125 0.0780868530273437
-0.175094604492187 -0.08673095703125 0.0576553344726562 0.133438110351563
-0.12969970703125 -0.147567749023437 0.0429534912109375 0.162460327148438
-0.0831146240234375 -0.184539794921875 -0.00845336914062502 0.149765014648437
0.0310516357421875 -0.203018188476563 -0.0362319946289063 0.131065368652344
0.097869873046875 -0.219467163085938 0.00984954833984375 0.0778656005859375
0.145828247070313 -0.202377319335938 0.126846313476563 0.0958328247070312
0.16461181640625 -0.160903930664063 0.0331573486328125 -0.193801879882813
0.140304565429688 -0.191818237304688 0.146499633789063 -0.174957275390625
0.098602294921875 -0.1971435546875 0.134323120117188 -0.149658203125
0.0108489990234375 -0.205398559570312 0.0941162109375 -0.15740966796875
-0.06365966796875 -0.160598754882813 0.0506591796875 -0.105209350585938
-0.130760192871094 -0.0994110107421875 0.027374267578125 -0.0471916198730469
-0.138031005859375 -0.0493850708007812 0.0611381530761719 -0.0121269226074219
-0.128425598144531 -0.0470199584960937 0.102836608886719 0.0264892578125
-0.146621704101562 -0.043212890625 0.130599975585938 0.0781173706054688
-0.151657104492188 -0.07366943359375 0.108238220214844 0.139884948730469
-0.112266540527344 -0.136383056640625 0.0771026611328125 0.168228149414063
-0.0677337646484375 -0.177658081054688 0.010406494140625 0.14788818359375
0.048126220703125 -0.19549560546875 -0.0262298583984375 0.106971740722656
0.112457275390625 -0.201446533203125 0.0325679779052734 0.0201034545898437
0.1435546875 -0.17315673828125 0.183303833007813 0.034393310546875
0.109535217285156 -0.112663269042969 0.0561370849609375 -0.241485595703125
0.10186767578125 -0.148513793945313 0.14227294921875 -0.206939697265625
0.067169189453125 -0.155990600585938 0.120895385742188 -0.148056030273438
-0.0081634521484375 -0.155517578125 0.100921630859375 -0.131004333496094
-0.064727783203125 -0.109283447265625 0.0756149291992187 -0.0831069946289063
-0.103416442871094 -0.04901123046875 0.0744247436523438 -0.0357131958007813
-0.0913238525390625 -0.0198898315429688 0.109916687011719 -0.01312255859375
-0.08221435546875 -0.0245285034179687 0.144668579101562 0.0220489501953125
-0.09527587890625 -0.0238723754882812 0.168426513671875 0.081451416015625
-0.102752685546875 -0.0497207641601563 0.141143798828125 0.15191650390625
-0.0767440795898437 -0.105979919433594 0.0956268310546875 0.177581787109375
-0.038482666015625 -0.142593383789063 0.02081298828125 0.148529052734375
0.0599822998046875 -0.151901245117188 -0.018096923828125 0.0876922607421875
0.107040405273438 -0.146759033203125 0.0587387084960938 -0.020843505859375
0.1173095703125 -0.116539001464844 0.233016967773437 -0.0101318359375
0.0440826416015625 -0.04730224609375 0.051971435546875 -0.27484130859375
0.0544815063476562 -0.0880050659179688 0.116073608398438 -0.227188110351563
0.0276947021484375 -0.0952529907226563 0.09765625 -0.143936157226563
-0.0228729248046875 -0.0842056274414063 0.101455688476563 -0.116203308105469
-0.0535545349121094 -0.0416755676269531 0.09075927734375 -0.0782546997070313
-0.0560302734375 0.00709915161132812 0.103919982910156 -0.0433349609375
-0.0297737121582031 0.0113353729248047 0.136520385742188 -0.027252197265625
-0.0243682861328125 0.00389862060546874 0.1649169921875 0.010711669921875
-0.0349559783935547 0.00370407104492187 0.188247680664063 0.082733154296875
-0.0482902526855469 -0.0124778747558594 0.155868530273438 0.162490844726563
-0.0417366027832031 -0.0550155639648437 0.100799560546875 0.18841552734375
-0.0171279907226563 -0.0851516723632812 0.0267181396484375 0.155792236328125
0.0518112182617188 -0.087799072265625 -0.0149154663085938 0.0838775634765625
0.0722427368164063 -0.0732650756835938 0.0758056640625 -0.0354995727539063
0.0659141540527344 -0.0442886352539063 0.266098022460938 -0.02996826171875
0.0491447448730469 -0.0181045532226563 -0.214614868164063 0.0606842041015625
-0.00594425201416016 -0.0136318206787109 -0.0507431030273438 0.0217208862304687
-0.000161647796630859 0.00803470611572266 0.0298995971679687 -0.0952072143554687
0.0106601715087891 -0.00297737121582031 -0.0234375 -0.184127807617188
0.00303840637207031 -0.0182304382324219 -0.099822998046875 -0.188934326171875
-0.0159568786621094 -0.0271224975585938 -0.18359375 -0.143707275390625
-0.0471916198730469 -0.0199050903320312 -0.201950073242188 -0.0554046630859375
-0.0439262390136719 -0.0217819213867188 -0.154022216796875 0.01373291015625
-0.0373802185058594 -0.0295906066894531 -0.119979858398438 0.0636367797851562
-0.019622802734375 -0.0389060974121094 -0.110511779785156 0.0833511352539063
0.0049591064453125 -0.0302867889404297 -0.085113525390625 0.1134033203125
0.0228195190429688 -0.00239944458007813 -0.0803375244140625 0.121551513671875
-0.00127983093261719 0.0263385772705078 -0.100692749023438 0.154144287109375
-0.0165395736694336 0.0103120803833008 -0.07159423828125 0.223770141601563
0.0173797607421875 -0.00116729736328125 -0.0299530029296875 0.265396118164063
0.113449096679688 -0.0920944213867188 -0.186080932617188 0.0336151123046875
0.0489959716796875 -0.0911865234375 -0.0206069946289062 -0.00781250000000001
0.0364952087402344 -0.0679397583007813 0.050537109375 -0.111801147460938
0.0146408081054688 -0.0772781372070313 -0.00708007812499999 -0.196731567382813
-0.0166702270507813 -0.0777511596679688 -0.08245849609375 -0.189865112304687
-0.0622520446777344 -0.0688209533691406 -0.16424560546875 -0.135879516601563
-0.102470397949219 -0.0406951904296875 -0.173233032226562 -0.0497894287109375
-0.0990524291992188 -0.0370712280273438 -0.122573852539063 0.0208511352539062
-0.100593566894531 -0.0426483154296875 -0.0872573852539063 0.075592041015625
-0.084136962890625 -0.063323974609375 -0.0844955444335938 0.104179382324219
-0.0433502197265625 -0.079254150390625 -0.0641555786132813 0.132743835449219
-0.007232666015625 -0.0685577392578125 -0.0659027099609375 0.132614135742188
0.0131416320800781 -0.04498291015625 -0.0738067626953125 0.157501220703125
0.018157958984375 -0.0658416748046875 -0.038909912109375 0.2120361328125
0.0571975708007812 -0.0792465209960938 0.00297546386718753 0.2509765625
0.161651611328125 -0.149871826171875 -0.135536193847656 -0.0122604370117188
0.099090576171875 -0.155380249023438 0.0283126831054688 -0.0470848083496094
0.0723648071289063 -0.138496398925781 0.0804824829101563 -0.130584716796875
0.018707275390625 -0.14697265625 0.0167388916015625 -0.20465087890625
-0.0338363647460938 -0.132003784179688 -0.0558624267578125 -0.181228637695313
-0.100662231445312 -0.1031494140625 -0.128936767578125 -0.119369506835938
-0.142562866210938 -0.0554656982421875 -0.125312805175781 -0.03985595703125
-0.139228820800781 -0.0471038818359375 -0.0722808837890625 0.0249710083007813
-0.148101806640625 -0.0455322265625 -0.0363311767578125 0.0806427001953125
-0.138221740722656 -0.0726089477539063 -0.0399703979492188 0.120002746582031
-0.0918502807617187 -0.1103515625 -0.02764892578125 0.149124145507813
-0.0480117797851563 -0.119491577148437 -0.0432586669921875 0.14447021484375
0.0120315551757813 -0.113815307617187 -0.0505523681640625 0.158432006835937
0.040679931640625 -0.138084411621094 -0.0122528076171875 0.182418823242187
0.0853424072265625 -0.148269653320313 0.0453338623046875 0.212738037109375
0.183059692382812 -0.184661865234375 -0.0760345458984375 -0.0689239501953125
0.1302490234375 -0.197616577148437 0.0796890258789063 -0.0921707153320313
0.0941925048828125 -0.190093994140625 0.109756469726563 -0.145462036132813
0.0154266357421875 -0.198348999023438 0.04278564453125 -0.201263427734375
-0.0531768798828125 -0.1671142578125 -0.025299072265625 -0.161468505859375
-0.129196166992187 -0.119094848632813 -0.0818862915039063 -0.0938491821289062
-0.162811279296875 -0.059783935546875 -0.06451416015625 -0.0288352966308594
-0.158477783203125 -0.0487518310546875 -0.0119857788085938 0.0249538421630859
-0.172744750976563 -0.04229736328125 0.024078369140625 0.0783843994140625
-0.170257568359375 -0.0706939697265625 0.0162506103515625 0.127189636230469
-0.1273193359375 -0.12469482421875 0.017120361328125 0.156570434570313
-0.0832672119140625 -0.15283203125 -0.0169677734375 0.150711059570312
0.00686645507812499 -0.1678466796875 -0.0333099365234375 0.150039672851562
0.0556640625 -0.193496704101562 0.00603485107421875 0.133926391601563
0.106399536132813 -0.192626953125 0.0912322998046875 0.15338134765625
0.173538208007813 -0.192489624023438 -0.0220794677734375 -0.130928039550781
0.130752563476563 -0.212554931640625 0.117233276367188 -0.13885498046875
0.0942230224609375 -0.212432861328125 0.125045776367188 -0.15625
0.00389099121093752 -0.216171264648437 0.0660552978515625 -0.185943603515625
-0.07037353515625 -0.17120361328125 0.009918212890625 -0.134651184082031
-0.14007568359375 -0.111000061035156 -0.0264854431152344 -0.0685958862304688
-0.159774780273438 -0.0509185791015625 0.000690460205078117 -0.0202617645263672
-0.153152465820313 -0.0432586669921875 0.0498809814453125 0.0219306945800781
-0.168930053710938 -0.0352935791015625 0.084716796875 0.0718307495117188
-0.173904418945313 -0.063568115234375 0.0727767944335937 0.128028869628906
-0.137702941894531 -0.126594543457031 0.0602874755859375 0.157196044921875
-0.097259521484375 -0.166839599609375 0.00738525390624998 0.149749755859375
0.010467529296875 -0.196258544921875 -0.0225601196289063 0.130966186523437
0.070953369140625 -0.216949462890625 0.0204544067382813 0.0753402709960937
0.11798095703125 -0.204010009765625 0.138420104980469 0.08441162109375
0.139373779296875 -0.168930053710937 0.0159454345703125 -0.188552856445313
0.111587524414062 -0.193954467773438 0.129928588867188 -0.180953979492188
0.0758819580078125 -0.197357177734375 0.124862670898437 -0.158477783203125
-0.0107879638671875 -0.196121215820313 0.0823822021484375 -0.162948608398438
-0.077423095703125 -0.144622802734375 0.0428085327148437 -0.10894775390625
-0.131118774414063 -0.0790176391601563 0.0280685424804687 -0.0508193969726563
-0.133064270019531 -0.0315780639648438 0.0607109069824219 -0.0184822082519531
-0.124404907226563 -0.030120849609375 0.103302001953125 0.01544189453125
-0.139923095703125 -0.025360107421875 0.137153625488281 0.065765380859375
-0.147018432617188 -0.052642822265625 0.120620727539063 0.128738403320313
-0.120002746582031 -0.115928649902344 0.0927734375 0.158843994140625
-0.082855224609375 -0.160476684570313 0.02459716796875 0.1461181640625
0.026153564453125 -0.1898193359375 -0.015228271484375 0.107414245605469
0.0837249755859375 -0.20098876953125 0.0354995727539063 0.0181541442871094
0.116653442382813 -0.177398681640625 0.185623168945313 0.0211944580078125
0.0896148681640625 -0.117965698242188 0.03155517578125 -0.23529052734375
0.0774383544921875 -0.149642944335938 0.12139892578125 -0.210037231445313
0.04766845703125 -0.154891967773438 0.109649658203125 -0.154251098632813
-0.0246429443359375 -0.145736694335938 0.0905303955078125 -0.138778686523438
-0.0738677978515625 -0.0933761596679688 0.0687408447265625 -0.0906524658203125
-0.0990142822265625 -0.0330963134765625 0.072509765625 -0.0454788208007812
-0.08502197265625 -0.00682830810546876 0.104652404785156 -0.0253829956054688
-0.0767364501953125 -0.0122528076171875 0.140052795410156 0.0063629150390625
-0.088623046875 -0.0113906860351563 0.172225952148438 0.0637664794921875
-0.0992889404296875 -0.0333404541015625 0.15142822265625 0.13543701171875
-0.0834732055664063 -0.0887298583984375 0.109634399414063 0.163742065429688
-0.0533218383789063 -0.129005432128906 0.03558349609375 0.144638061523438
0.041107177734375 -0.148422241210938 -0.0098114013671875 0.0891342163085937
0.083465576171875 -0.148193359375 0.0542030334472656 -0.021881103515625
0.0960845947265625 -0.122337341308594 0.22735595703125 -0.0252685546875
0.0325889587402344 -0.0508575439453125 0.0223236083984375 -0.267074584960938
0.037689208984375 -0.0883712768554688 0.093048095703125 -0.227630615234375
0.0139617919921875 -0.094512939453125 0.0875396728515625 -0.148422241210938
-0.0326614379882812 -0.0759506225585938 0.09234619140625 -0.1239013671875
-0.0568313598632813 -0.0294456481933594 0.0821456909179688 -0.0889205932617188
-0.0495414733886719 0.0175323486328125 0.0974960327148438 -0.0563125610351562
-0.0222816467285156 0.0175304412841797 0.126007080078125 -0.0416412353515625
-0.0171661376953125 0.00860309600830078 0.156295776367188 -0.0046539306640625
-0.0263957977294922 0.00852203369140626 0.187881469726563 0.0631561279296875
-0.0422134399414063 -0.00252914428710937 0.164169311523437 0.142929077148437
-0.0442771911621094 -0.0424690246582031 0.114456176757813 0.173370361328125
-0.0253143310546875 -0.0759048461914063 0.0398101806640625 0.150543212890625
0.0387802124023438 -0.0862884521484375 -0.00835418701171875 0.084625244140625
0.0564498901367187 -0.0746231079101563 0.066802978515625 -0.0376052856445313
0.0527420043945313 -0.0479888916015625 0.2548828125 -0.0483856201171875
0.0534896850585937 -0.0235252380371094 -0.203887939453125 0.066009521484375
-0.00293636322021484 -0.0166501998901367 -0.0437469482421875 0.0189208984375
0.0019688606262207 0.00300526618957519 0.026092529296875 -0.0979461669921875
0.00927829742431641 -0.00881481170654297 -0.0331573486328125 -0.178329467773438
-0.000169754028320313 -0.0210170745849609 -0.10797119140625 -0.176300048828125
-0.0224323272705078 -0.0280723571777344 -0.185165405273437 -0.1263427734375
-0.05328369140625 -0.0166473388671875 -0.195953369140625 -0.0394134521484375
-0.0503349304199219 -0.01885986328125 -0.144149780273438 0.0234375
-0.0444221496582031 -0.0293197631835938 -0.106727600097656 0.0706939697265625
-0.0256156921386719 -0.0413131713867188 -0.0985946655273438 0.0925445556640625
0.00329208374023437 -0.0347652435302734 -0.0752716064453125 0.12017822265625
0.0247344970703125 -0.00895500183105469 -0.0722503662109375 0.126579284667969
0.00687599182128906 0.0255756378173828 -0.0910186767578125 0.158004760742188
-0.00807094573974609 0.0132074356079102 -0.0564422607421875 0.219512939453125
0.0238037109375 -0.00114059448242187 -0.00752258300781252 0.256576538085938
0.10882568359375 -0.0971298217773438 -0.175216674804687 0.038177490234375
0.0427703857421875 -0.0931549072265625 -0.0147895812988281 -0.0112113952636719
0.0317916870117188 -0.0718154907226563 0.0463104248046875 -0.116584777832031
0.00789642333984376 -0.0788650512695313 -0.0167694091796875 -0.192459106445313
-0.02325439453125 -0.0764617919921875 -0.08843994140625 -0.178665161132813
-0.068878173828125 -0.0644111633300781 -0.162918090820313 -0.120040893554687
-0.105758666992188 -0.0325851440429688 -0.165939331054688 -0.03729248046875
-0.102867126464844 -0.0296478271484375 -0.110763549804688 0.0276565551757813
-0.10479736328125 -0.0367202758789062 -0.073028564453125 0.080596923828125
-0.0871353149414063 -0.0595932006835938 -0.070526123046875 0.111183166503906
-0.0458831787109375 -0.0781173706054687 -0.0511016845703125 0.138458251953125
-0.00888061523437499 -0.0697212219238281 -0.0556793212890625 0.137031555175781
0.0158767700195313 -0.0439796447753906 -0.0639190673828125 0.159530639648438
0.0193710327148438 -0.06146240234375 -0.02337646484375 0.20635986328125
0.0558395385742188 -0.0781326293945313 0.0265350341796875 0.242630004882813
0.149337768554688 -0.1551513671875 -0.128448486328125 -0.00831604003906253
0.0853271484375 -0.15618896484375 0.030975341796875 -0.0522804260253906
0.0618743896484375 -0.140914916992187 0.075653076171875 -0.137420654296875
0.00724792480468751 -0.145034790039063 0.00801086425781248 -0.201904296875
-0.0441055297851563 -0.125129699707031 -0.0614471435546875 -0.172332763671875
-0.105873107910156 -0.093902587890625 -0.125106811523437 -0.106971740722656
-0.14300537109375 -0.04412841796875 -0.117324829101563 -0.0321197509765625
-0.139297485351563 -0.0352325439453125 -0.0613899230957031 0.0281181335449219
-0.148208618164063 -0.03570556640625 -0.0216827392578125 0.0823593139648438
-0.138938903808594 -0.0634002685546875 -0.0242156982421875 0.124153137207031
-0.0947036743164062 -0.103096008300781 -0.0128021240234375 0.151947021484375
-0.0518417358398438 -0.114906311035156 -0.031097412109375 0.148178100585938
0.0098114013671875 -0.110061645507813 -0.040283203125 0.158416748046875
0.0341262817382813 -0.133079528808594 0.00221252441406252 0.175735473632813
0.077545166015625 -0.144973754882813 0.0659637451171875 0.203048706054688
0.165267944335938 -0.1893310546875 -0.07440185546875 -0.0650558471679688
0.11065673828125 -0.197189331054688 0.0782928466796875 -0.0977325439453125
0.0788421630859375 -0.191558837890625 0.10491943359375 -0.153045654296875
0.00134277343750002 -0.192092895507813 0.0341949462890625 -0.2008056640625
-0.063629150390625 -0.155853271484375 -0.0298004150390625 -0.15631103515625
-0.131668090820313 -0.105918884277344 -0.0773544311523438 -0.0877685546875
-0.161407470703125 -0.0456390380859375 -0.0577354431152344 -0.0253524780273437
-0.155426025390625 -0.035247802734375 -0.00304603576660157 0.0241737365722656
-0.169265747070313 -0.0295257568359375 0.0370254516601563 0.0757369995117188
-0.167236328125 -0.056854248046875 0.0311126708984375 0.126548767089844
-0.130294799804688 -0.111923217773438 0.03167724609375 0.156524658203125
-0.088592529296875 -0.14208984375 -0.00476074218750002 0.152847290039062
-0.000671386718750013 -0.161911010742188 -0.022186279296875 0.149185180664063
0.04302978515625 -0.186630249023438 0.018157958984375 0.128898620605469
0.0915069580078125 -0.189971923828125 0.107009887695312 0.144271850585938
0.152740478515625 -0.194915771484375 -0.026458740234375 -0.126213073730469
0.10955810546875 -0.209136962890625 0.110458374023437 -0.144058227539063
0.07720947265625 -0.210601806640625 0.1202392578125 -0.163604736328125
-0.010833740234375 -0.206558227539063 0.05865478515625 -0.187713623046875
-0.078826904296875 -0.15789794921875 0.00623321533203123 -0.133529663085938
-0.139732360839844 -0.095733642578125 -0.0229034423828125 -0.0673103332519531
-0.154800415039063 -0.0369720458984375 0.00488281249999999 -0.0216560363769531
-0.147613525390625 -0.0297698974609375 0.054656982421875 0.0167732238769531
-0.162582397460938 -0.0225372314453125 0.0942153930664062 0.06549072265625
-0.168548583984375 -0.046783447265625 0.0856857299804687 0.123809814453125
-0.139427185058594 -0.109909057617188 0.07330322265625 0.153533935546875
-0.104644775390625 -0.152374267578125 0.0193023681640625 0.1492919921875
-0.00102233886718752 -0.187667846679688 -0.0122146606445313 0.130958557128906
0.05352783203125 -0.2103271484375 0.0282974243164062 0.07232666015625
0.098663330078125 -0.200454711914063 0.148269653320313 0.0760955810546875
0.11871337890625 -0.169815063476563 0.00511169433593753 -0.182846069335938
0.0897674560546875 -0.189666748046875 0.120758056640625 -0.182144165039063
0.059906005859375 -0.194671630859375 0.118972778320313 -0.164566040039062
-0.0242156982421875 -0.185165405273438 0.074981689453125 -0.166900634765625
-0.084014892578125 -0.129928588867188 0.0387802124023438 -0.111541748046875
-0.126853942871094 -0.064361572265625 0.0290794372558594 -0.0547752380371094
-0.125274658203125 -0.0196075439453125 0.0605583190917969 -0.0239410400390625
-0.116996765136719 -0.018646240234375 0.10400390625 0.0072784423828125
-0.131126403808594 -0.0131988525390625 0.142440795898438 0.0560150146484375
-0.1402587890625 -0.0368118286132812 0.129615783691406 0.120147705078125
-0.121047973632812 -0.0982284545898438 0.104339599609375 0.1522216796875
-0.0904693603515625 -0.144683837890625 0.0356903076171875 0.143753051757813
0.011505126953125 -0.18121337890625 -0.00715637207031251 0.107330322265625
0.0632171630859375 -0.195877075195313 0.03887939453125 0.0162086486816406
0.09686279296875 -0.175521850585937 0.18829345703125 0.0126190185546875
0.072113037109375 -0.118568420410156 0.016021728515625 -0.22686767578125
0.059661865234375 -0.145797729492188 0.108489990234375 -0.209121704101563
0.033294677734375 -0.151351928710938 0.104171752929688 -0.15899658203125
-0.0359268188476563 -0.134513854980469 0.0840606689453125 -0.144393920898438
-0.07708740234375 -0.079376220703125 0.0635452270507813 -0.0964202880859375
-0.0913009643554688 -0.0210952758789062 0.0701560974121094 -0.052947998046875
-0.0757369995117188 0.00159454345703124 0.099945068359375 -0.0330886840820313
-0.0688400268554688 -0.00436019897460938 0.136253356933594 -0.002471923828125
-0.0790863037109375 -0.00283050537109375 0.173675537109375 0.0522613525390625
-0.0908889770507813 -0.02099609375 0.157806396484375 0.123870849609375
-0.0834884643554688 -0.0727615356445313 0.119491577148437 0.154510498046875
-0.0603408813476562 -0.115631103515625 0.0445404052734375 0.141494750976562
0.0277099609375 -0.1424560546875 -0.00347900390624999 0.0895538330078125
0.0650177001953125 -0.145050048828125 0.0519599914550781 -0.0220298767089844
0.0782089233398438 -0.1209716796875 0.223617553710938 -0.0338287353515625
0.0209388732910156 -0.0506820678710938 0.00170898437500002 -0.256011962890625
0.0245895385742187 -0.0853271484375 0.0787200927734375 -0.222442626953125
0.00371551513671875 -0.0912399291992188 0.0818328857421875 -0.152389526367188
-0.0412712097167969 -0.0670280456542969 0.0848388671875 -0.13092041015625
-0.0568885803222656 -0.0179100036621094 0.07440185546875 -0.0963134765625
-0.0399246215820313 0.02490234375 0.0905380249023438 -0.066253662109375
-0.0130348205566406 0.0217094421386719 0.1158447265625 -0.0499343872070313
-0.0110864639282227 0.0112094879150391 0.148468017578125 -0.01434326171875
-0.0167455673217773 0.0120143890380859 0.186630249023438 0.0500030517578125
-0.0342159271240234 0.00467872619628906 0.168960571289063 0.130096435546875
-0.0425338745117188 -0.0322303771972656 0.122238159179687 0.162689208984375
-0.0296974182128906 -0.0659980773925781 0.048095703125 0.145675659179688
0.0284500122070312 -0.081634521484375 -0.00375366210937501 0.085479736328125
0.0430068969726562 -0.0716400146484375 0.0611534118652344 -0.0364952087402344
0.0405158996582031 -0.0484771728515625 0.245376586914063 -0.05731201171875
0.0598411560058594 -0.0289459228515625 -0.198699951171875 0.069976806640625
-0.000223159790039062 -0.0206470489501953 -0.0389785766601563 0.0152511596679687
0.00398397445678711 -0.00283432006835937 0.0222930908203125 -0.103759765625
0.00819492340087891 -0.0138311386108398 -0.0419464111328125 -0.17742919921875
-0.00485801696777344 -0.0243034362792969 -0.113372802734375 -0.168487548828125
-0.0305538177490234 -0.0284919738769531 -0.187774658203125 -0.113677978515625
-0.0596275329589844 -0.0134811401367188 -0.192535400390625 -0.029327392578125
-0.0571517944335938 -0.0154571533203125 -0.13641357421875 0.0298309326171875
-0.0529289245605469 -0.02874755859375 -0.0963058471679688 0.07696533203125
-0.03277587890625 -0.0441169738769531 -0.0891036987304688 0.100944519042969
0.000877380371093753 -0.0406227111816406 -0.0658416748046875 0.127479553222656
0.0261650085449219 -0.0162639617919922 -0.0662078857421875 0.132987976074219
0.0156650543212891 0.02313232421875 -0.085296630859375 0.1634521484375
0.00083446502685547 0.0142145156860352 -0.0461578369140625 0.217758178710938
0.0319271087646484 -0.0017852783203125 0.0108489990234375 0.250686645507813
0.108200073242187 -0.104324340820312 -0.169326782226563 0.0411834716796875
0.0396041870117187 -0.0970611572265625 -0.0103321075439453 -0.0168781280517578
0.0287322998046875 -0.077301025390625 0.0436630249023438 -0.124046325683594
0.00225067138671875 -0.0817108154296875 -0.0244140625 -0.192276000976563
-0.0296707153320313 -0.076171875 -0.0940093994140625 -0.172470092773438
-0.0766372680664063 -0.060943603515625 -0.162078857421875 -0.11065673828125
-0.110908508300781 -0.0258026123046875 -0.160079956054687 -0.0285797119140625
-0.107582092285156 -0.0227127075195313 -0.102287292480469 0.032257080078125
-0.111480712890625 -0.0318527221679687 -0.0589981079101563 0.08404541015625
-0.0936431884765625 -0.0587387084960937 -0.0573654174804688 0.118438720703125
-0.0494766235351562 -0.0798568725585937 -0.03875732421875 0.145126342773438
-0.009552001953125 -0.073333740234375 -0.047454833984375 0.143630981445313
0.0212287902832031 -0.0454597473144531 -0.0562896728515625 0.164276123046875
0.0234947204589844 -0.0599746704101563 -0.0117645263671875 0.203384399414063
0.0578994750976563 -0.0780868530273438 0.0464324951171875 0.23541259765625
0.142181396484375 -0.1607666015625 -0.124099731445312 -0.00612640380859376
0.0765228271484375 -0.1588134765625 0.0334587097167969 -0.0595855712890625
0.0536041259765625 -0.145767211914063 0.073944091796875 -0.146255493164063
-0.00219726562499999 -0.144973754882812 0.00048828125000001 -0.20361328125
-0.0515060424804687 -0.121109008789063 -0.06494140625 -0.16845703125
-0.112571716308594 -0.0869064331054687 -0.122146606445313 -0.101005554199219
-0.146331787109375 -0.0346832275390625 -0.110893249511719 -0.0271148681640625
-0.142288208007812 -0.0260467529296875 -0.0522499084472656 0.0294265747070312
-0.151275634765625 -0.0272216796875 -0.00704956054687502 0.082244873046875
-0.141616821289063 -0.0567169189453125 -0.0092010498046875 0.128952026367187
-0.0982513427734375 -0.0995864868164062 0.00108337402343748 0.15740966796875
-0.0550003051757812 -0.113746643066406 -0.02105712890625 0.153427124023438
0.010040283203125 -0.109870910644531 -0.031158447265625 0.162582397460938
0.0324630737304687 -0.130264282226563 0.0142059326171875 0.171493530273438
0.0731353759765625 -0.14398193359375 0.0855865478515625 0.196014404296875
0.153106689453125 -0.193130493164063 -0.0719680786132812 -0.0639724731445313
0.096527099609375 -0.197189331054688 0.0793914794921875 -0.105453491210938
0.0674285888671875 -0.194122314453125 0.102890014648438 -0.164077758789062
-0.0104827880859375 -0.189102172851562 0.028228759765625 -0.204940795898437
-0.072296142578125 -0.148452758789063 -0.032135009765625 -0.15557861328125
-0.13568115234375 -0.0965805053710938 -0.07354736328125 -0.0845947265625
-0.160873413085938 -0.0353546142578125 -0.0511665344238281 -0.0245323181152344
-0.154647827148438 -0.0244140625 0.00516700744628905 0.0227088928222656
-0.16778564453125 -0.0200347900390625 0.0509796142578125 0.07318115234375
-0.166976928710937 -0.0467376708984375 0.0459518432617187 0.128211975097656
-0.132545471191406 -0.103706359863281 0.0475311279296875 0.158523559570313
-0.0936813354492188 -0.135597229003906 0.0072479248046875 0.15643310546875
-0.00613403320312499 -0.158599853515625 -0.0127105712890625 0.15216064453125
0.034942626953125 -0.183319091796875 0.0296173095703125 0.125350952148438
0.08233642578125 -0.187576293945313 0.124496459960938 0.136978149414063
0.137237548828125 -0.19708251953125 -0.0285186767578125 -0.124259948730469
0.0941619873046875 -0.207351684570313 0.109756469726563 -0.150909423828125
0.0641632080078125 -0.210662841796875 0.118087768554688 -0.175033569335938
-0.0220794677734375 -0.200485229492188 0.053375244140625 -0.193511962890625
-0.0863494873046875 -0.147308349609375 0.00468444824218749 -0.1353759765625
-0.139595031738281 -0.0846939086914063 -0.0186500549316406 -0.0694084167480469
-0.1507568359375 -0.0265960693359375 0.00943756103515624 -0.0243415832519531
-0.143630981445313 -0.0191650390625 0.0609207153320313 0.0122871398925781
-0.157028198242188 -0.0120391845703125 0.105522155761719 0.0593719482421875
-0.163833618164063 -0.035369873046875 0.0989151000976562 0.121315002441406
-0.141464233398438 -0.09808349609375 0.088226318359375 0.152862548828125
-0.110000610351563 -0.142166137695313 0.031646728515625 0.152511596679688
-0.010894775390625 -0.18316650390625 -0.00283050537109375 0.132949829101562
0.039764404296875 -0.206451416015625 0.0359840393066406 0.0692710876464843
0.0864410400390625 -0.1983642578125 0.1607666015625 0.0687408447265625
0.102706909179687 -0.170211791992188 -0.000793457031249992 -0.179183959960938
0.073822021484375 -0.185546875 0.116851806640625 -0.186920166015625
0.0473175048828125 -0.193801879882813 0.11700439453125 -0.174575805664063
-0.0339813232421875 -0.176345825195312 0.0708770751953125 -0.173934936523438
-0.0886917114257812 -0.117881774902344 0.0359573364257813 -0.116065979003906
-0.122566223144531 -0.0535202026367188 0.0309066772460937 -0.0606613159179688
-0.118576049804687 -0.010467529296875 0.0619125366210937 -0.0292701721191406
-0.110694885253906 -0.00984191894531248 0.10711669921875 0.000480651855468749
-0.123191833496094 -0.00511932373046876 0.151046752929688 0.0476531982421875
-0.133232116699219 -0.0246200561523438 0.141830444335938 0.115249633789063
-0.121940612792969 -0.0854721069335937 0.11737060546875 0.148056030273438
-0.0968475341796875 -0.132797241210938 0.0467681884765625 0.144790649414063
0.00015258789062499 -0.176101684570313 0.000717163085937507 0.109268188476562
0.0481414794921875 -0.19171142578125 0.0425033569335938 0.0151481628417969
0.081817626953125 -0.174331665039062 0.195724487304688 0.00602722167968749
0.0578384399414063 -0.118026733398438 0.00495910644531251 -0.221389770507813
0.0449676513671875 -0.1416015625 0.102569580078125 -0.210174560546875
0.021331787109375 -0.149520874023438 0.10211181640625 -0.166793823242188
-0.0435867309570313 -0.125282287597656 0.080230712890625 -0.151626586914063
-0.07843017578125 -0.0672683715820313 0.0597610473632812 -0.103492736816406
-0.0838623046875 -0.0119247436523437 0.0681686401367188 -0.0618095397949219
-0.0662155151367188 0.00790405273437501 0.0968170166015625 -0.0401077270507812
-0.0610389709472656 0.00152206420898438 0.135498046875 -0.0102615356445312
-0.0700874328613281 0.00275039672851562 0.178695678710938 0.0421295166015625
-0.08319091796875 -0.0117874145507812 0.166213989257812 0.116012573242188
-0.0823211669921875 -0.0615921020507813 0.13043212890625 0.1492919921875
-0.0652923583984375 -0.104095458984375 0.0542144775390625 0.141448974609375
0.0164108276367188 -0.137161254882813 0.00260162353515626 0.0926742553710937
0.0501708984375 -0.141250610351562 0.0517196655273438 -0.0222625732421875
0.06414794921875 -0.11993408203125 0.225051879882813 -0.0413665771484375
0.010589599609375 -0.0490226745605469 -0.0121612548828125 -0.248443603515625
0.0127182006835937 -0.0820388793945312 0.0696258544921875 -0.222061157226563
-0.00693511962890626 -0.0886993408203125 0.0788421630859375 -0.158126831054687
-0.0465774536132813 -0.0578346252441406 0.0797042846679688 -0.139190673828125
-0.0562553405761719 -0.00669097900390624 0.068511962890625 -0.103874206542969
-0.0301990509033203 0.03143310546875 0.0839614868164063 -0.0760650634765625
-0.00292396545410156 0.0238189697265625 0.108299255371094 -0.0573577880859375
-0.00286865234375 0.0131244659423828 0.143096923828125 -0.0212249755859375
-0.00801181793212891 0.0137042999267578 0.18701171875 0.0402984619140625
-0.0257415771484375 0.0103416442871094 0.175140380859375 0.120819091796875
-0.0395774841308594 -0.0226593017578125 0.131195068359375 0.156005859375
-0.0328254699707031 -0.0574073791503906 0.0562286376953125 0.144577026367188
0.0207443237304688 -0.0768966674804688 0.000808715820312507 0.088470458984375
0.0322380065917969 -0.0675086975097656 0.0575981140136719 -0.0357856750488281
0.0293731689453125 -0.0465583801269531 0.24249267578125 -0.06475830078125
0.0667572021484375 -0.0374832153320313 -0.196487426757813 0.077545166015625
0.00237083435058594 -0.027313232421875 -0.0366058349609375 0.0110244750976563
0.00426101684570313 -0.0100116729736328 0.0168914794921875 -0.111717224121094
0.0043792724609375 -0.0203990936279297 -0.053466796875 -0.178680419921875
-0.0109119415283203 -0.0279178619384766 -0.123809814453125 -0.162017822265625
-0.0403861999511719 -0.0277824401855469 -0.19305419921875 -0.101638793945313
-0.0684967041015625 -0.00796127319335937 -0.191268920898437 -0.01763916015625
-0.0656623840332031 -0.0106773376464844 -0.130714416503906 0.0379486083984375
-0.0648880004882813 -0.0262718200683594 -0.0852127075195313 0.0831680297851562
-0.0427589416503906 -0.0467987060546875 -0.0779037475585938 0.111282348632812
-0.00444793701171875 -0.0477943420410156 -0.0548248291015625 0.138320922851563
0.0271263122558594 -0.0252799987792969 -0.0588226318359375 0.143508911132812
0.0251121520996094 0.0186824798583984 -0.0774078369140625 0.173309326171875
0.0123434066772461 0.0133543014526367 -0.0350341796875 0.219833374023437
0.0413093566894531 -0.0054931640625 0.0307464599609375 0.246337890625
0.107635498046875 -0.11346435546875 -0.166458129882813 0.0455780029296875
0.0355377197265625 -0.103813171386719 -0.00810432434082031 -0.0242652893066406
0.0235443115234375 -0.0854415893554688 0.03857421875 -0.134620666503906
-0.00578308105468749 -0.0863494873046875 -0.035247802734375 -0.1959228515625
-0.038848876953125 -0.0765151977539063 -0.10174560546875 -0.167938232421875
-0.0871505737304688 -0.0566864013671875 -0.1641845703125 -0.101699829101563
-0.118804931640625 -0.0166015625 -0.156646728515625 -0.021087646484375
-0.114952087402344 -0.0145263671875 -0.0935134887695313 0.0369720458984375
-0.120979309082031 -0.0251617431640625 -0.0454177856445313 0.0875473022460938
-0.103126525878906 -0.0558319091796875 -0.0418624877929688 0.126495361328125
-0.0564498901367188 -0.0829238891601562 -0.0240020751953125 0.154159545898438
-0.0123519897460938 -0.079559326171875 -0.0371246337890625 0.153045654296875
0.0266265869140625 -0.0496749877929688 -0.046875 0.171737670898438
0.029693603515625 -0.0612335205078125 0.00131225585937501 0.202484130859375
0.0620651245117188 -0.0812225341796875 0.06951904296875 0.229751586914063
0.135650634765625 -0.171417236328125 -0.1214599609375 -0.00469207763671875
0.0671234130859375 -0.164947509765625 0.0358352661132813 -0.0694923400878906
0.0435333251953125 -0.153152465820313 0.0689697265625 -0.159988403320313
-0.013946533203125 -0.1461181640625 -0.00914001464843751 -0.20947265625
-0.0626602172851563 -0.118080139160156 -0.07159423828125 -0.167861938476563
-0.122001647949219 -0.079132080078125 -0.122077941894531 -0.0974807739257812
-0.15106201171875 -0.0230865478515625 -0.105232238769531 -0.0236129760742188
-0.146148681640625 -0.0153045654296875 -0.0421562194824219 0.0297775268554688
-0.157440185546875 -0.018280029296875 0.00893402099609374 0.0816879272460938
-0.148330688476563 -0.0488128662109375 0.00913238525390624 0.133392333984375
-0.105125427246094 -0.0968856811523438 0.019805908203125 0.162979125976563
-0.0607757568359375 -0.114463806152344 -0.00704956054687499 0.161636352539063
0.00973510742187501 -0.112358093261719 -0.019561767578125 0.168197631835938
0.0310516357421875 -0.131179809570313 0.028350830078125 0.169158935546875
0.0710296630859375 -0.146392822265625 0.108383178710938 0.187728881835938
0.141708374023438 -0.201492309570313 -0.072540283203125 -0.0641021728515625
0.0836029052734375 -0.20208740234375 0.0801773071289063 -0.117439270019531
0.05450439453125 -0.199981689453125 0.0985260009765625 -0.17962646484375
-0.02374267578125 -0.1871337890625 0.0198822021484375 -0.213546752929687
-0.082611083984375 -0.141677856445312 -0.036651611328125 -0.157806396484375
-0.142257690429688 -0.086639404296875 -0.07135009765625 -0.0859375
-0.162322998046875 -0.0234375 -0.0462722778320313 -0.0255813598632812
-0.155731201171875 -0.012603759765625 0.0142288208007812 0.0188674926757812
-0.169189453125 -0.0087738037109375 0.0669746398925781 0.0681304931640625
-0.168792724609375 -0.0363616943359375 0.0660400390625 0.128410339355469
-0.138763427734375 -0.0951461791992188 0.0665283203125 0.160614013671875
-0.1011962890625 -0.1304931640625 0.0232391357421875 0.162521362304688
-0.0115203857421875 -0.157730102539063 0.000137329101562484 0.156524658203125
0.027008056640625 -0.182754516601563 0.04144287109375 0.121925354003906
0.073333740234375 -0.190231323242188 0.145050048828125 0.127288818359375
0.122787475585938 -0.20172119140625 -0.0314559936523438 -0.125358581542969
0.0784149169921875 -0.207748413085938 0.10809326171875 -0.16314697265625
0.0498199462890625 -0.215133666992187 0.114639282226562 -0.19134521484375
-0.0352325439453125 -0.196197509765625 0.0465240478515625 -0.20404052734375
-0.0938720703125 -0.137901306152344 0.000946044921875001 -0.14190673828125
-0.14227294921875 -0.07403564453125 -0.016448974609375 -0.0745773315429688
-0.14837646484375 -0.0162200927734375 0.0138893127441406 -0.0295200347900391
-0.140945434570313 -0.00856018066406252 0.0684318542480469 0.00553512573242187
-0.154388427734375 -0.0020294189453125 0.121131896972656 0.050323486328125
-0.161575317382813 -0.0231170654296875 0.118392944335938 0.117698669433594
-0.144851684570313 -0.085968017578125 0.107742309570312 0.151519775390625
-0.117759704589844 -0.132408142089844 0.0477142333984375 0.155715942382812
-0.02081298828125 -0.179702758789063 0.00888824462890624 0.136619567871094
0.026824951171875 -0.204376220703125 0.04547119140625 0.0659751892089844
0.07275390625 -0.2000732421875 0.1778564453125 0.0584259033203125
0.0873870849609375 -0.17193603515625 -0.00828552246093748 -0.179306030273438
0.058319091796875 -0.18414306640625 0.112960815429688 -0.198379516601562
0.033172607421875 -0.194046020507813 0.113632202148437 -0.189834594726563
-0.0456390380859375 -0.169540405273438 0.06549072265625 -0.185546875
-0.0935211181640625 -0.106498718261719 0.0323257446289063 -0.124046325683594
-0.119468688964844 -0.0443496704101563 0.0317306518554687 -0.0689125061035156
-0.111526489257813 -0.00259399414062499 0.0634307861328125 -0.037261962890625
-0.104721069335938 -0.0015411376953125 0.11175537109375 -0.00823211669921875
-0.116127014160156 0.00295257568359378 0.163238525390625 0.0352935791015625
-0.127410888671875 -0.0140914916992187 0.158706665039063 0.108383178710938
-0.122550964355469 -0.0727615356445312 0.135055541992188 0.144149780273438
-0.104011535644531 -0.120803833007813 0.0628204345703125 0.146514892578125
-0.011749267578125 -0.170867919921875 0.011444091796875 0.113197326660156
0.0321807861328125 -0.1888427734375 0.0478858947753906 0.0129776000976562
0.0660400390625 -0.174514770507813 0.207595825195313 -0.00492858886718751
0.0437850952148438 -0.116058349609375 -0.0064697265625 -0.219451904296875
0.0301742553710938 -0.137947082519531 0.096435546875 -0.217636108398438
0.00794982910156249 -0.147064208984375 0.0981903076171875 -0.179672241210937
-0.0521621704101562 -0.115715026855469 0.0749053955078125 -0.163681030273438
-0.0796737670898437 -0.054931640625 0.0546875 -0.112937927246094
-0.07659912109375 -0.00408172607421875 0.0654830932617188 -0.071746826171875
-0.0561180114746094 0.0126571655273437 0.0952072143554688 -0.0484161376953125
-0.052276611328125 0.00555419921875 0.136940002441406 -0.0196304321289063
-0.0604515075683594 0.00637435913085936 0.187408447265625 0.0291595458984375
-0.0743942260742188 -0.00360870361328126 0.18109130859375 0.107833862304688
-0.08074951171875 -0.0491714477539063 0.146591186523438 0.14410400390625
-0.0703659057617188 -0.0925140380859375 0.0681610107421875 0.141525268554688
0.005615234375 -0.132659912109375 0.0103683471679687 0.0958938598632812
0.0350189208984375 -0.137168884277344 0.05255126953125 -0.0238838195800781
0.0502090454101562 -0.1182861328125 0.231765747070313 -0.053192138671875
-5.72204589843701E-05 -0.0459823608398438 -0.02813720703125 -0.243759155273438
0.000434875488281254 -0.0780792236328125 0.06060791015625 -0.225570678710938
-0.01824951171875 -0.0850067138671875 0.073944091796875 -0.168685913085938
-0.05169677734375 -0.047393798828125 0.0745849609375 -0.151138305664063
-0.0534172058105469 0.00527954101562499 0.0609512329101562 -0.11468505859375
-0.0189132690429687 0.0365982055664063 0.076263427734375 -0.0858230590820313
0.00879287719726563 0.0240936279296875 0.101310729980469 -0.06512451171875
0.00706291198730469 0.0133447647094727 0.140495300292969 -0.0304794311523437
0.00290775299072266 0.0135183334350586 0.191818237304688 0.027587890625
-0.0148296356201172 0.013789176940918 0.18670654296875 0.112457275390625
-0.0344562530517578 -0.0141277313232422 0.145111083984375 0.149826049804688
-0.0350074768066406 -0.0481185913085937 0.0685577392578125 0.144561767578125
0.0136184692382813 -0.0720291137695312 0.00670623779296875 0.093780517578125
0.0213356018066406 -0.0625 0.0552330017089844 -0.0351715087890625
0.0184974670410156 -0.0434112548828125 0.24444580078125 -0.075958251953125
0.072479248046875 -0.0503921508789062 -0.193191528320312 0.0883636474609375
0.00216102600097656 -0.0348129272460937 -0.0358123779296875 0.00657272338867187
0.00258064270019531 -0.0184288024902344 0.00616455078125001 -0.120124816894531
-0.00206947326660156 -0.0265674591064453 -0.069915771484375 -0.177734375
-0.0197486877441406 -0.0302257537841797 -0.136917114257812 -0.152206420898438
-0.0521202087402344 -0.0232658386230469 -0.199569702148438 -0.0854034423828125
-0.0771560668945313 0.00262451171875 -0.189727783203125 -0.00219726562500001
-0.0744857788085938 -0.00128936767578124 -0.12255859375 0.0473403930664062
-0.0778274536132813 -0.0184097290039062 -0.0714950561523437 0.0894927978515625
-0.0560646057128906 -0.0455741882324219 -0.0613250732421875 0.121421813964844
-0.013092041015625 -0.0548973083496094 -0.0379638671875 0.147903442382813
0.0241889953613281 -0.036834716796875 -0.0460968017578125 0.1544189453125
0.0351943969726563 0.00992202758789063 -0.0644073486328125 0.184982299804688
0.0243625640869141 0.00837516784667969 -0.0192108154296875 0.2222900390625
0.0515556335449219 -0.0123977661132813 0.054290771484375 0.23785400390625
0.105255126953125 -0.127449035644531 -0.162643432617188 0.053741455078125
0.0278472900390625 -0.112136840820313 -0.00776481628417968 -0.0325241088867188
0.0144729614257812 -0.0934066772460938 0.027801513671875 -0.146408081054688
-0.017547607421875 -0.0896148681640625 -0.051666259765625 -0.19708251953125
-0.0513381958007812 -0.0739974975585938 -0.113998413085937 -0.162246704101563
-0.0987701416015625 -0.047821044921875 -0.167861938476563 -0.0908966064453125
-0.126327514648438 -0.00229644775390623 -0.152450561523438 -0.01116943359375
-0.121383666992188 -0.00109100341796876 -0.0835113525390625 0.0410232543945312
-0.131416320800781 -0.0126495361328125 -0.0281448364257813 0.0882797241210937
-0.114570617675781 -0.0488662719726563 -0.0212249755859375 0.132125854492188
-0.0670242309570313 -0.0848312377929688 -0.00286865234375001 0.160919189453125
-0.0187454223632813 -0.0866012573242188 -0.0198974609375 0.162033081054688
0.0308303833007813 -0.0578765869140625 -0.03143310546875 0.1796875
0.034942626953125 -0.0661544799804688 0.0191802978515625 0.200241088867188
0.0652084350585938 -0.0872116088867188 0.0953826904296875 0.217330932617187
0.125900268554688 -0.184326171875 -0.119476318359375 -0.00127410888671874
0.05322265625 -0.172149658203125 0.034271240234375 -0.082305908203125
0.0287017822265625 -0.160675048828125 0.0577545166015625 -0.176406860351562
-0.0297698974609375 -0.146713256835937 -0.025115966796875 -0.215133666992188
-0.075958251953125 -0.112159729003906 -0.0820159912109375 -0.166046142578125
-0.132064819335937 -0.0673141479492188 -0.123710632324219 -0.0918655395507813
-0.1561279296875 -0.00762939453125 -0.101272583007813 -0.0201568603515625
-0.150192260742188 -0.000717163085937494 -0.0318832397460938 0.0278892517089844
-0.16326904296875 -0.00315856933593754 0.0270614624023437 0.076141357421875
-0.155120849609375 -0.0383148193359375 0.033172607421875 0.134025573730469
-0.115097045898437 -0.0920791625976563 0.045257568359375 0.165115356445313
-0.0687942504882813 -0.11419677734375 0.0133056640625 0.167816162109375
0.00775146484375 -0.116294860839844 -0.00236511230468752 0.173126220703125
0.0283050537109375 -0.133499145507813 0.0449676513671875 0.163742065429688
0.0657806396484375 -0.151275634765625 0.134811401367188 0.172698974609375
0.125885009765625 -0.211349487304688 -0.0728988647460938 -0.0640182495117188
0.0660552978515625 -0.206222534179687 0.076202392578125 -0.134101867675781
0.03582763671875 -0.205291748046875 0.08746337890625 -0.199264526367188
-0.0408172607421875 -0.183990478515625 0.00500488281249998 -0.223068237304687
-0.09466552734375 -0.132301330566406 -0.0458526611328125 -0.161422729492188
-0.14898681640625 -0.0736846923828125 -0.0716552734375 -0.0874404907226563
-0.162582397460938 -0.00820922851562498 -0.0420036315917969 -0.0285835266113281
-0.1549072265625 0.00169372558593753 0.0239391326904297 0.0121097564697266
-0.170166015625 0.00630187988281252 0.0850448608398437 0.056304931640625
-0.170989990234375 -0.022003173828125 0.0909347534179687 0.122581481933594
-0.145172119140625 -0.084686279296875 0.0931854248046875 0.157608032226563
-0.109832763671875 -0.123016357421875 0.045501708984375 0.165191650390625
-0.0205078125 -0.157257080078125 0.017425537109375 0.159759521484375
0.0157470703125 -0.182342529296875 0.0561599731445312 0.115806579589844
0.0614471435546875 -0.191619873046875 0.168670654296875 0.110382080078125
0.1043701171875 -0.206939697265625 -0.0364456176757813 -0.126823425292969
0.059417724609375 -0.208023071289063 0.101806640625 -0.179946899414063
0.03009033203125 -0.216659545898438 0.102874755859375 -0.211288452148438
-0.0510406494140625 -0.189163208007813 0.03326416015625 -0.216461181640625
-0.102516174316406 -0.125633239746094 -0.00769042968750002 -0.148040771484375
-0.143966674804688 -0.0615234375 -0.01715087890625 -0.0812530517578125
-0.144287109375 -0.00392150878906251 0.0161628723144531 -0.037078857421875
-0.136734008789063 0.00400543212890624 0.0756988525390625 -0.00579833984375
-0.150283813476563 0.0109100341796875 0.135726928710938 0.0339126586914063
-0.158203125 -0.00895690917968748 0.142135620117188 0.1068115234375
-0.1475830078125 -0.0718231201171875 0.132614135742188 0.14398193359375
-0.125991821289063 -0.119247436523437 0.0697784423828125 0.154800415039063
-0.0338287353515625 -0.174118041992188 0.0261001586914063 0.138710021972656
0.00958251953125002 -0.201004028320313 0.0561790466308594 0.0602455139160156
0.0553436279296875 -0.199981689453125 0.19573974609375 0.039886474609375
0.0686492919921875 -0.17230224609375 -0.01788330078125 -0.179336547851563
0.039337158203125 -0.18035888671875 0.104110717773438 -0.21282958984375
0.0143890380859375 -0.192733764648438 0.103317260742188 -0.208511352539063
-0.05810546875 -0.159698486328125 0.053619384765625 -0.1983642578125
-0.0972137451171875 -0.0924301147460938 0.0245742797851562 -0.133552551269531
-0.115646362304687 -0.0333709716796875 0.0288543701171875 -0.0787429809570313
-0.102630615234375 0.0054473876953125 0.0634727478027344 -0.0474700927734375
-0.0968475341796875 0.00649261474609375 0.115776062011719 -0.0221099853515625
-0.107986450195313 0.0109024047851563 0.174362182617187 0.0162506103515625
-0.119842529296875 -0.00237274169921877 0.179244995117188 0.0938873291015625
-0.121963500976562 -0.0573959350585937 0.1575927734375 0.13262939453125
-0.11065673828125 -0.105537414550781 0.08355712890625 0.144134521484375
-0.0257110595703125 -0.16339111328125 0.025238037109375 0.114700317382812
0.013031005859375 -0.183197021484375 0.0534286499023437 0.00853729248046874
0.04766845703125 -0.172348022460938 0.219024658203125 -0.024261474609375
0.0273284912109375 -0.113021850585938 -0.0210723876953125 -0.21649169921875
0.013580322265625 -0.131538391113281 0.0848236083984375 -0.228530883789063
-0.00842285156250001 -0.142242431640625 0.0885162353515625 -0.194686889648438
-0.0604705810546875 -0.104240417480469 0.0641632080078125 -0.177520751953125
-0.078460693359375 -0.0400924682617188 0.0460586547851562 -0.123832702636719
-0.0664710998535156 0.00353240966796875 0.0591888427734375 -0.083709716796875
-0.0442085266113281 0.014495849609375 0.0903091430664063 -0.0591888427734375
-0.0421791076660156 0.0082855224609375 0.137138366699219 -0.0331039428710937
-0.0495185852050781 0.00836944580078126 0.19427490234375 0.0092010498046875
-0.0637474060058594 0.00305938720703124 0.198028564453125 0.0916595458984375
-0.0764846801757813 -0.0370712280273437 0.166671752929688 0.131729125976563
-0.0740203857421875 -0.0786285400390625 0.0856170654296875 0.138114929199219
-0.00642395019531249 -0.124809265136719 0.0221023559570313 0.0980911254882812
0.0181884765625 -0.130828857421875 0.0534782409667969 -0.0261039733886719
0.032989501953125 -0.114814758300781 0.237167358398438 -0.072052001953125
-0.0119094848632812 -0.039459228515625 -0.0484466552734375 -0.236495971679688
-0.0134048461914062 -0.0703201293945313 0.0465850830078125 -0.230453491210938
-0.0318222045898438 -0.0764389038085938 0.0634307861328125 -0.180557250976563
-0.0562095642089844 -0.0338478088378906 0.0626983642578125 -0.164291381835938
-0.0463218688964844 0.0184516906738281 0.0488739013671875 -0.125167846679688
-0.00501251220703125 0.0389900207519531 0.0644073486328125 -0.0970993041992188
0.0222873687744141 0.0196781158447266 0.0917587280273437 -0.0736770629882813
0.0187263488769531 0.0102214813232422 0.136276245117188 -0.0418243408203125
0.0155649185180664 0.00875186920166016 0.195953369140625 0.0098419189453125
-0.00191497802734375 0.0147075653076172 0.2003173828125 0.096343994140625
-0.0273113250732422 -0.005218505859375 0.162445068359375 0.138458251953125
-0.0343170166015625 -0.0372314453125 0.0846099853515625 0.141708374023438
0.00676727294921875 -0.0648269653320313 0.0162887573242187 0.0971755981445313
0.0106239318847656 -0.0537834167480469 0.0526161193847656 -0.0348281860351563
0.00695419311523438 -0.0367965698242188 0.244293212890625 -0.0936279296875
0.0740509033203125 -0.0665435791015625 -0.18377685546875 0.0995635986328125
-0.000480651855468746 -0.043609619140625 -0.0368309020996094 0.00210952758789062
-0.00206947326660156 -0.0262660980224609 -0.00907135009765626 -0.123329162597656
-0.0110321044921875 -0.0315380096435547 -0.087860107421875 -0.168838500976563
-0.0301952362060547 -0.0286636352539063 -0.148452758789063 -0.135528564453125
-0.0636177062988281 -0.0142097473144531 -0.200057983398437 -0.06396484375
-0.0828399658203125 0.0166473388671875 -0.182418823242188 0.01422119140625
-0.0802841186523438 0.0121231079101563 -0.11041259765625 0.0542373657226563
-0.0889892578125 -0.00492858886718749 -0.0546875 0.091339111328125
-0.0704727172851563 -0.0395355224609375 -0.0396499633789063 0.126213073730469
-0.0255279541015625 -0.0593185424804688 -0.015838623046875 0.151901245117188
0.0171699523925781 -0.0478248596191406 -0.0264129638671875 0.160903930664063
0.0421180725097656 -0.00375747680664063 -0.0456390380859375 0.190643310546875
0.0350799560546875 -0.00211715698242188 -0.001068115234375 0.217681884765625
0.0600166320800781 -0.0235862731933594 0.0783538818359375 0.220962524414063
0.097015380859375 -0.141647338867188 -0.153961181640625 0.0599822998046875
0.0164794921875 -0.1177978515625 -0.010772705078125 -0.0407791137695313
0.00145721435546875 -0.098541259765625 0.0102691650390625 -0.153579711914063
-0.0316162109375 -0.0882492065429687 -0.0707550048828125 -0.192001342773438
-0.0634689331054688 -0.0670089721679688 -0.124923706054688 -0.149887084960938
-0.109123229980469 -0.0332794189453125 -0.16815185546875 -0.0765380859375
-0.128334045410156 0.015411376953125 -0.145233154296875 -0.000823974609374989
-0.123703002929688 0.01593017578125 -0.071044921875 0.0415573120117188
-0.1376953125 0.00482177734374998 -0.00971984863281251 0.082275390625
-0.125396728515625 -0.0373306274414063 0.00378417968750001 0.130607604980469
-0.0790786743164062 -0.082305908203125 0.0229949951171875 0.15960693359375
-0.02789306640625 -0.0908889770507812 0.00222778320312501 0.164825439453125
0.0324668884277344 -0.0677680969238281 -0.0114898681640625 0.181854248046875
0.038360595703125 -0.0735549926757813 0.0370941162109375 0.19036865234375
0.0659103393554687 -0.094696044921875 0.119903564453125 0.194717407226563
0.109237670898437 -0.193984985351563 -0.114585876464844 0.00122833251953124
0.034637451171875 -0.174545288085938 0.0268783569335937 -0.0952072143554688
0.00946044921875002 -0.162704467773438 0.0384979248046875 -0.187332153320312
-0.0459747314453125 -0.140777587890625 -0.0449981689453125 -0.2144775390625
-0.0878753662109375 -0.0995407104492187 -0.0930938720703125 -0.159011840820312
-0.140007019042969 -0.0497894287109375 -0.124588012695313 -0.0848159790039062
-0.154449462890625 0.0118255615234375 -0.0950241088867188 -0.0173797607421875
-0.1475830078125 0.0178985595703125 -0.0207443237304688 0.0229511260986328
-0.163772583007813 0.0162353515625 0.0449447631835937 0.0634803771972656
-0.159347534179688 -0.02264404296875 0.0592117309570313 0.124053955078125
-0.123847961425781 -0.0829696655273438 0.071563720703125 0.157562255859375
-0.0786285400390625 -0.110580444335937 0.0382080078125 0.165542602539063
0.00307464599609375 -0.119354248046875 0.0191192626953125 0.171844482421875
0.0235137939453125 -0.135795593261719 0.06207275390625 0.151718139648438
0.0587158203125 -0.154037475585938 0.1573486328125 0.146331787109375
0.105148315429687 -0.216018676757813 -0.0734100341796875 -0.0627822875976563
0.044036865234375 -0.20416259765625 0.0654449462890625 -0.1494140625
0.0137939453125 -0.203628540039062 0.06610107421875 -0.2138671875
-0.0579071044921875 -0.174148559570313 -0.015380859375 -0.226470947265625
-0.104904174804687 -0.116340637207031 -0.057342529296875 -0.1590576171875
-0.152252197265625 -0.055511474609375 -0.07366943359375 -0.0874862670898438
-0.15765380859375 0.00885009765624997 -0.0382308959960938 -0.0322036743164062
-0.149169921875 0.0180816650390625 0.0315513610839844 0.000455856323242189
-0.16485595703125 0.0232696533203125 0.098724365234375 0.036773681640625
-0.16802978515625 -0.00506591796875001 0.115242004394531 0.107093811035156
-0.149459838867188 -0.0698394775390625 0.11962890625 0.143661499023438
-0.117225646972656 -0.111366271972656 0.07098388671875 0.158065795898438
-0.0293121337890625 -0.153244018554688 0.0389556884765625 0.155593872070312
0.00375366210937498 -0.17816162109375 0.0705337524414063 0.103134155273438
0.0467071533203125 -0.189422607421875 0.1864013671875 0.0827789306640625
0.0816192626953125 -0.205596923828125 -0.0425643920898437 -0.125663757324219
0.03759765625 -0.201324462890625 0.08660888671875 -0.1949462890625
0.00765991210937498 -0.210250854492188 0.0821380615234375 -0.227401733398438
-0.0657501220703125 -0.176483154296875 0.013580322265625 -0.223785400390625
-0.108024597167969 -0.108688354492188 -0.0193328857421875 -0.151275634765625
-0.141510009765625 -0.0463104248046875 -0.0212249755859375 -0.0869369506835938
-0.13604736328125 0.00820159912109375 0.0165634155273437 -0.0451164245605469
-0.127250671386719 0.0158538818359375 0.0794677734375 -0.0208358764648438
-0.140571594238281 0.0229721069335937 0.144821166992188 0.0102081298828125
-0.149185180664063 0.00564575195312497 0.161834716796875 0.085174560546875
-0.145751953125 -0.054718017578125 0.156295776367188 0.124954223632812
-0.129768371582031 -0.101737976074219 0.09442138671875 0.144912719726563
-0.046142578125 -0.16375732421875 0.0455322265625 0.134178161621094
-0.00776672363281251 -0.190750122070312 0.0660171508789063 0.0495223999023437
0.03564453125 -0.193801879882812 0.207061767578125 0.0132293701171875
0.0471649169921875 -0.166030883789063 -0.0298614501953125 -0.175445556640625
0.019805908203125 -0.169708251953125 0.087127685546875 -0.224273681640625
-0.00553894042968749 -0.182662963867188 0.083831787109375 -0.22320556640625
-0.0681915283203125 -0.143798828125 0.03533935546875 -0.208236694335937
-0.0962982177734375 -0.07586669921875 0.01153564453125 -0.140220642089844
-0.108207702636719 -0.0222702026367188 0.0213623046875 -0.0879592895507813
-0.0918197631835938 0.0108718872070313 0.0596809387207031 -0.0576820373535156
-0.085662841796875 0.0119476318359375 0.114402770996094 -0.0389251708984375
-0.096160888671875 0.016510009765625 0.178665161132813 -0.00921630859375
-0.107292175292969 0.00757598876953126 0.1943359375 0.06866455078125
-0.115554809570313 -0.0408706665039062 0.17755126953125 0.111740112304688
-0.111892700195313 -0.0862579345703125 0.104270935058594 0.132759094238281
-0.0396881103515625 -0.149871826171875 0.04205322265625 0.110702514648437
-0.00570678710937498 -0.1707763671875 0.0572738647460938 0.000873565673828115
0.027435302734375 -0.16351318359375 0.223403930664063 -0.0491790771484375
0.0104446411132813 -0.104515075683594 -0.036956787109375 -0.207855224609375
-0.00341796875 -0.118988037109375 0.0671234130859375 -0.23419189453125
-0.024658203125 -0.129608154296875 0.07135009765625 -0.206527709960937
-0.0649948120117188 -0.0875778198242187 0.0469970703125 -0.187728881835937
-0.0706329345703125 -0.0252609252929688 0.031036376953125 -0.130905151367188
-0.0541839599609375 0.00880050659179688 0.0474624633789063 -0.0927505493164063
-0.0313930511474609 0.0118961334228516 0.0814285278320313 -0.0691299438476563
-0.0303936004638672 0.00663757324218749 0.131614685058594 -0.0486984252929688
-0.0371513366699219 0.00750350952148437 0.194076538085938 -0.0152740478515625
-0.0496253967285156 0.00680923461914063 0.209793090820313 0.066680908203125
-0.0677375793457031 -0.0250358581542969 0.183059692382813 0.110153198242188
-0.0731582641601563 -0.0623245239257812 0.1051025390625 0.126518249511719
-0.0170516967773438 -0.111625671386719 0.0355911254882812 0.0958175659179688
0.0018157958984375 -0.117149353027344 0.0530128479003906 -0.0296287536621094
0.016448974609375 -0.104164123535156 0.234329223632813 -0.0942840576171875
-0.0223293304443359 -0.0292263031005859 -0.067138671875 -0.220611572265625
-0.0255126953125 -0.05682373046875 0.0286102294921875 -0.230117797851562
-0.0435409545898438 -0.0619316101074219 0.0477142333984375 -0.188491821289062
-0.0549354553222656 -0.0180015563964844 0.0452880859375 -0.174072265625
-0.0338459014892578 0.0295162200927734 0.030731201171875 -0.131118774414063
0.0111618041992187 0.0372962951660156 0.0472488403320312 -0.103843688964844
0.0340595245361328 0.010528564453125 0.0786972045898438 -0.07952880859375
0.02880859375 0.00232887268066406 0.127037048339844 -0.0534439086914062
0.0263175964355469 0.000368118286132813 0.192352294921875 -0.0115966796875
0.0114860534667969 0.0107936859130859 0.20947265625 0.0736236572265625
-0.0157890319824219 0.000537872314453122 0.177169799804687 0.1175537109375
-0.0299091339111328 -0.0254287719726563 0.100975036621094 0.130630493164063
0.00162887573242188 -0.0542564392089844 0.0287399291992188 0.0969390869140625
0.00234603881835937 -0.0416793823242188 0.0506668090820313 -0.0342216491699219
-0.00376510620117187 -0.0255661010742188 0.236785888671875 -0.113006591796875
0.0702667236328125 -0.0822296142578125 -0.1708984375 0.104873657226563
-0.00567245483398437 -0.05126953125 -0.0389060974121094 -0.0017242431640625
-0.00975608825683594 -0.0326328277587891 -0.0230941772460937 -0.120773315429687
-0.0219612121582031 -0.0330410003662109 -0.100616455078125 -0.15399169921875
-0.0400733947753906 -0.0242347717285156 -0.151519775390625 -0.11663818359375
-0.0710983276367188 -0.00167083740234375 -0.193206787109375 -0.0465545654296875
-0.0839309692382813 0.0317306518554688 -0.169662475585938 0.026275634765625
-0.0816650390625 0.0266876220703125 -0.0964279174804688 0.0562210083007813
-0.0944366455078125 0.01177978515625 -0.0384445190429688 0.0861053466796875
-0.081390380859375 -0.0285720825195313 -0.018951416015625 0.121818542480469
-0.0392875671386719 -0.05908203125 0.00518798828125 0.147308349609375
0.00665283203125 -0.0556907653808594 -0.0080413818359375 0.158416748046875
0.0443267822265625 -0.0191192626953125 -0.026947021484375 0.18902587890625
0.0421905517578125 -0.015960693359375 0.0132598876953125 0.206924438476563
0.0645866394042969 -0.0368461608886719 0.09161376953125 0.195724487304688
0.085052490234375 -0.150787353515625 -0.143997192382813 0.0614776611328125
0.00450897216796874 -0.119529724121094 -0.0170135498046875 -0.0479087829589844
-0.0113143920898438 -0.099395751953125 -0.00750732421875 -0.153488159179688
-0.0441818237304688 -0.0836715698242188 -0.085052490234375 -0.180160522460938
-0.0716094970703125 -0.0566177368164062 -0.129165649414063 -0.134788513183594
-0.113349914550781 -0.0163345336914063 -0.162567138671875 -0.0637359619140625
-0.124931335449219 0.0323257446289063 -0.134544372558594 0.0053253173828125
-0.120010375976563 0.0316085815429687 -0.0586814880371094 0.0372962951660156
-0.137031555175781 0.0233306884765625 0.00534439086914062 0.0699272155761719
-0.130470275878906 -0.0233993530273437 0.025543212890625 0.119255065917969
-0.090057373046875 -0.075897216796875 0.04608154296875 0.148513793945313
-0.0382308959960937 -0.0922012329101563 0.0225982666015625 0.158248901367187
0.03094482421875 -0.07806396484375 0.00735473632812501 0.17669677734375
0.0398635864257813 -0.0815505981445312 0.04998779296875 0.175033569335938
0.0649261474609375 -0.101646423339844 0.132369995117188 0.164260864257813
0.09161376953125 -0.196533203125 -0.108177185058594 0.00154876708984375
0.017852783203125 -0.170562744140625 0.016387939453125 -0.104194641113281
-0.00799560546874999 -0.157470703125 0.0170135498046875 -0.1900634765625
-0.0598220825195313 -0.129417419433594 -0.0621795654296875 -0.205947875976563
-0.0949554443359375 -0.0850296020507813 -0.0995941162109375 -0.148895263671875
-0.1405029296875 -0.031494140625 -0.121299743652344 -0.0787506103515625
-0.147308349609375 0.0279693603515625 -0.0883941650390625 -0.0174331665039063
-0.139854431152344 0.032928466796875 -0.0129060745239258 0.0129966735839844
-0.158203125 0.032562255859375 0.0558395385742187 0.0448188781738281
-0.157958984375 -0.00790405273437502 0.079925537109375 0.106048583984375
-0.129013061523438 -0.0715866088867187 0.094268798828125 0.140174865722656
-0.0850143432617188 -0.104278564453125 0.0593414306640625 0.15380859375
-0.00135040283203125 -0.121635437011719 0.0375213623046875 0.162322998046875
0.0194778442382812 -0.135467529296875 0.0727920532226563 0.134330749511719
0.051910400390625 -0.153076171875 0.167434692382812 0.114990234375
0.084716796875 -0.211135864257812 -0.0726470947265625 -0.0631637573242188
0.0261688232421875 -0.193832397460938 0.049774169921875 -0.158737182617188
-0.00547790527343752 -0.193557739257813 0.043182373046875 -0.218353271484375
-0.069854736328125 -0.158615112304688 -0.033111572265625 -0.221710205078125
-0.107833862304688 -0.0993728637695312 -0.0658111572265625 -0.15423583984375
-0.148605346679688 -0.0387420654296875 -0.0742645263671875 -0.0865554809570313
-0.147384643554687 0.0217437744140625 -0.03570556640625 -0.0363960266113281
-0.1380615234375 0.0292587280273438 0.0347805023193359 -0.0130424499511719
-0.154678344726563 0.0363922119140625 0.104667663574219 0.0136489868164063
-0.159271240234375 0.00799560546875001 0.131439208984375 0.082733154296875
-0.146530151367188 -0.0556182861328125 0.1387939453125 0.120559692382813
-0.11920166015625 -0.09857177734375 0.0911865234375 0.14288330078125
-0.0349578857421875 -0.146148681640625 0.0567626953125 0.143783569335938
-0.00497436523437501 -0.169158935546875 0.0784149169921875 0.0862884521484375
0.0354461669921875 -0.1812744140625 0.192657470703125 0.051910400390625
0.0620880126953125 -0.194869995117188 -0.04632568359375 -0.122764587402344
0.020233154296875 -0.186508178710938 0.068939208984375 -0.202774047851563
-0.00909423828124999 -0.19610595703125 0.05877685546875 -0.232589721679688
-0.073455810546875 -0.158493041992188 -0.00520324707031252 -0.222702026367188
-0.10589599609375 -0.0920333862304688 -0.0301666259765625 -0.149688720703125
-0.133872985839844 -0.0328216552734375 -0.0263824462890625 -0.0908737182617187
-0.123649597167969 0.0154876708984375 0.0140113830566406 -0.0529403686523438
-0.114570617675781 0.0219039916992187 0.0767059326171875 -0.03619384765625
-0.127639770507813 0.0304031372070312 0.145095825195313 -0.0149078369140625
-0.135337829589844 0.0150222778320313 0.173110961914063 0.0579071044921875
-0.137466430664063 -0.0403594970703125 0.170425415039063 0.0990142822265625
-0.126777648925781 -0.08416748046875 0.11151123046875 0.126869201660156
-0.0528411865234375 -0.148849487304688 0.0615310668945313 0.121932983398437
-0.0193939208984375 -0.175216674804688 0.0707550048828125 0.0366058349609375
0.0212249755859375 -0.17950439453125 0.208023071289062 -0.0139617919921875
0.0306243896484375 -0.151779174804688 -0.0368499755859375 -0.167678833007812
0.00607299804687498 -0.1513671875 0.068878173828125 -0.227783203125
-0.018951416015625 -0.165084838867188 0.0623321533203125 -0.227752685546875
-0.0704727172851562 -0.126731872558594 0.016632080078125 -0.20977783203125
-0.0888595581054687 -0.0616073608398437 -0.000907897949218761 -0.140556335449219
-0.0962066650390625 -0.0151596069335938 0.0123519897460938 -0.0926895141601563
-0.0789642333984375 0.010894775390625 0.0526313781738281 -0.0656204223632813
-0.072845458984375 0.012603759765625 0.107818603515625 -0.0535202026367188
-0.08294677734375 0.0176773071289063 0.17242431640625 -0.03338623046875
-0.0919952392578125 0.0113601684570313 0.199996948242188 0.041046142578125
-0.103492736816406 -0.0288162231445313 0.187393188476563 0.0853118896484375
-0.105735778808594 -0.0680160522460937 0.119010925292969 0.114158630371094
-0.0448455810546875 -0.132057189941406 0.0558090209960937 0.100570678710937
-0.018035888671875 -0.15087890625 0.0595016479492188 -0.00679016113281251
0.0124359130859375 -0.146484375 0.218719482421875 -0.072479248046875
-0.0014190673828125 -0.0885543823242188 -0.0459747314453125 -0.193634033203125
-0.0137557983398437 -0.0998611450195312 0.050018310546875 -0.232131958007813
-0.033660888671875 -0.110260009765625 0.052825927734375 -0.209396362304688
-0.062652587890625 -0.0701408386230469 0.0288543701171875 -0.189849853515625
-0.0586776733398437 -0.0155906677246094 0.0157546997070313 -0.132431030273438
-0.0405120849609375 0.00896453857421876 0.0337600708007812 -0.0966720581054688
-0.0206642150878906 0.00559425354003906 0.07073974609375 -0.0743484497070313
-0.0194873809814453 0.000841140747070313 0.120689392089844 -0.0608444213867187
-0.0261783599853516 0.00114250183105469 0.184738159179687 -0.0373077392578125
-0.0357742309570313 0.00406646728515624 0.211090087890625 0.0399169921875
-0.0540695190429688 -0.0166511535644531 0.1890869140625 0.0837249755859375
-0.0646858215332031 -0.0473175048828125 0.117057800292969 0.109199523925781
-0.0216522216796875 -0.0952987670898438 0.047210693359375 0.08917236328125
-0.0074920654296875 -0.0984725952148438 0.0525398254394531 -0.0324478149414063
0.00389862060546875 -0.086761474609375 0.223785400390625 -0.112045288085938
-0.0295276641845703 -0.0156822204589844 -0.077056884765625 -0.199264526367188
-0.0322647094726563 -0.0391273498535156 0.01397705078125 -0.221023559570312
-0.0477409362792969 -0.0426406860351562 0.03155517578125 -0.189208984375
-0.0479202270507813 -0.00326538085937501 0.026580810546875 -0.176162719726563
-0.0187263488769531 0.0351753234863281 0.013031005859375 -0.131065368652344
0.0251312255859375 0.0307178497314453 0.0304336547851563 -0.103225708007813
0.04241943359375 -0.00250625610351563 0.0646591186523438 -0.0798797607421875
0.0367507934570313 -0.00922012329101562 0.114974975585938 -0.06085205078125
0.0343894958496094 -0.0118751525878906 0.18115234375 -0.028839111328125
0.0232982635498047 0.00187873840332031 0.208755493164063 0.0491790771484375
-0.00219631195068359 0.00260233879089355 0.181793212890625 0.0939483642578125
-0.0208053588867188 -0.0159778594970703 0.111610412597656 0.115257263183594
0.000194549560546871 -0.0417747497558594 0.0399932861328125 0.092529296875
-0.00147056579589844 -0.0258598327636719 0.0482215881347656 -0.03302001953125
-0.00973987579345703 -0.01007080078125 0.221328735351562 -0.125625610351562
0.064666748046875 -0.0950851440429688 -0.16204833984375 0.1029052734375
-0.0122451782226563 -0.0578536987304687 -0.04278564453125 -0.00552368164062501
-0.0185127258300781 -0.0373611450195313 -0.033843994140625 -0.115516662597656
-0.0328483581542969 -0.03216552734375 -0.10595703125 -0.140182495117188
-0.0484390258789063 -0.0178642272949219 -0.147903442382813 -0.101577758789063
-0.0752334594726563 0.0112152099609375 -0.18255615234375 -0.0346527099609375
-0.0818023681640625 0.0445938110351563 -0.156280517578125 0.03118896484375
-0.080078125 0.0391082763671875 -0.085601806640625 0.0522003173828125
-0.0958480834960938 0.0271453857421875 -0.027252197265625 0.0761566162109375
-0.0891494750976563 -0.0174713134765625 -0.0040435791015625 0.111915588378906
-0.0514488220214844 -0.0559310913085937 0.0206375122070313 0.137245178222656
-0.00509643554687501 -0.061004638671875 0.0051116943359375 0.151763916015625
0.0424613952636719 -0.0337791442871094 -0.0150146484375 0.18310546875
0.0450592041015625 -0.0308036804199219 0.01898193359375 0.194931030273437
0.0674362182617188 -0.0500106811523438 0.092987060546875 0.17327880859375
0.0758209228515625 -0.156036376953125 -0.13568115234375 0.0564651489257812
-0.00428009033203125 -0.118919372558594 -0.0238075256347656 -0.0531387329101563
-0.0225372314453125 -0.0970458984375 -0.0193939208984375 -0.149078369140625
-0.0539321899414063 -0.0772323608398438 -0.0917510986328125 -0.16790771484375
-0.0769577026367188 -0.0459671020507812 -0.1278076171875 -0.123077392578125
-0.113273620605469 -0.00180816650390623 -0.154739379882813 -0.0578155517578125
-0.118560791015625 0.0454635620117188 -0.124061584472656 0.00511932373046877
-0.114166259765625 0.0436630249023437 -0.0506782531738281 0.0287513732910156
-0.134140014648438 0.0379180908203125 0.0131797790527344 0.0552711486816406
-0.132759094238281 -0.0109786987304687 0.03973388671875 0.103866577148438
-0.09771728515625 -0.069732666015625 0.0613174438476563 0.133438110351563
-0.0461654663085938 -0.0927047729492188 0.036346435546875 0.147491455078125
0.0280532836914063 -0.0869293212890625 0.0189666748046875 0.166732788085938
0.041290283203125 -0.0902633666992188 0.05377197265625 0.159591674804688
0.0654144287109375 -0.107589721679688 0.133308410644531 0.138252258300781
0.080291748046875 -0.19390869140625 -0.103485107421875 -0.00366210937500002
0.0074615478515625 -0.163803100585938 0.00620269775390626 -0.109931945800781
-0.019317626953125 -0.149337768554688 0.0019683837890625 -0.186843872070313
-0.06732177734375 -0.118438720703125 -0.07098388671875 -0.196487426757812
-0.0961837768554687 -0.0722274780273437 -0.100540161132813 -0.141372680664062
-0.136955261230469 -0.0166244506835937 -0.117507934570313 -0.0766372680664063
-0.138168334960938 0.0382232666015625 -0.0818405151367188 -0.021392822265625
-0.130661010742188 0.0417098999023437 -0.00893688201904298 0.000697135925292972
-0.149795532226563 0.0440216064453125 0.0598831176757812 0.0257186889648438
-0.153488159179688 0.0024871826171875 0.0903244018554687 0.08544921875
-0.129936218261719 -0.064178466796875 0.10760498046875 0.119880676269531
-0.0880889892578125 -0.0999374389648437 0.0724258422851563 0.139122009277344
-0.0030975341796875 -0.123252868652344 0.0484771728515625 0.150299072265625
0.0197525024414063 -0.135452270507813 0.0761489868164063 0.1177978515625
0.050079345703125 -0.150924682617188 0.166961669921875 0.0875396728515625
0.0723114013671875 -0.201812744140625 -0.0702857971191406 -0.0660858154296875
0.0161285400390625 -0.180908203125 0.0368499755859375 -0.16412353515625
-0.015625 -0.180160522460937 0.02606201171875 -0.217010498046875
-0.0738677978515625 -0.144561767578125 -0.0441741943359375 -0.214767456054688
-0.104446411132813 -0.0861282348632812 -0.0697174072265625 -0.149154663085938
-0.141464233398438 -0.02728271484375 -0.0733413696289063 -0.0882568359375
-0.136260986328125 0.0274200439453125 -0.0340194702148438 -0.0438308715820313
-0.126808166503906 0.034515380859375 0.0342979431152344 -0.0259647369384766
-0.142974853515625 0.0423126220703125 0.10357666015625 -0.0067901611328125
-0.149429321289063 0.0147857666015625 0.138137817382813 0.0590591430664063
-0.14141845703125 -0.0473785400390625 0.147659301757813 0.0979461669921875
-0.115737915039063 -0.0898666381835937 0.102760314941406 0.124664306640625
-0.0354080200195312 -0.139259338378906 0.0670394897460937 0.129806518554688
-0.00662231445312501 -0.1607666015625 0.08074951171875 0.0711441040039062
0.031097412109375 -0.1708984375 0.190475463867187 0.026123046875
0.051239013671875 -0.179855346679687 -0.0457534790039062 -0.122154235839844
0.0130462646484375 -0.169143676757813 0.055328369140625 -0.205474853515625
-0.01690673828125 -0.178985595703125 0.04205322265625 -0.231460571289063
-0.0730438232421875 -0.143280029296875 -0.0180206298828125 -0.21826171875
-0.0987167358398437 -0.0804977416992188 -0.0367584228515625 -0.147491455078125
-0.123939514160156 -0.0262527465820313 -0.029632568359375 -0.0937042236328125
-0.112586975097656 0.0165023803710937 0.0115852355957031 -0.0603256225585938
-0.102424621582031 0.0222396850585938 0.0719985961914063 -0.0492706298828125
-0.115570068359375 0.0308685302734375 0.138595581054687 -0.0346832275390625
-0.122329711914062 0.0168075561523438 0.175064086914062 0.032989501953125
-0.125762939453125 -0.0332794189453125 0.175796508789063 0.074798583984375
-0.118392944335937 -0.0738372802734375 0.120948791503906 0.107749938964844
-0.0510406494140625 -0.136184692382813 0.0708770751953125 0.107772827148438
-0.022003173828125 -0.159347534179688 0.0725173950195313 0.0248947143554687
0.0162811279296875 -0.163330078125 0.203170776367187 -0.0359344482421875
0.02227783203125 -0.133781433105469 -0.0372772216796875 -0.161087036132813
0.00118255615234374 -0.131240844726563 0.0571136474609375 -0.226242065429688
-0.0222625732421875 -0.14599609375 0.0473480224609375 -0.226455688476563
-0.0656661987304688 -0.111572265625 0.00325012207031251 -0.207305908203125
-0.0774078369140625 -0.0535812377929688 -0.010589599609375 -0.139022827148437
-0.0839767456054688 -0.014617919921875 0.00448608398437499 -0.0960845947265625
-0.0688514709472656 0.00551986694335936 0.0457382202148438 -0.0715408325195313
-0.0623626708984375 0.00702667236328125 0.0986175537109375 -0.06396484375
-0.0715179443359375 0.0121688842773438 0.162765502929688 -0.051727294921875
-0.0778427124023438 0.00887298583984376 0.19781494140625 0.0174407958984375
-0.0892410278320313 -0.0239639282226562 0.18817138671875 0.061126708984375
-0.0936431884765625 -0.05718994140625 0.125564575195313 0.095611572265625
-0.0432586669921875 -0.1156005859375 0.0642623901367188 0.0892105102539062
-0.0209426879882813 -0.130699157714844 0.0598793029785156 -0.0133323669433594
0.00659179687499999 -0.127662658691406 0.210891723632813 -0.088134765625
-0.00765991210937499 -0.0708694458007813 -0.04656982421875 -0.1806640625
-0.0162811279296875 -0.0796432495117188 0.0406494140625 -0.22601318359375
-0.034576416015625 -0.0908889770507813 0.03955078125 -0.208282470703125
-0.0541305541992187 -0.0570220947265625 0.0154266357421875 -0.188720703125
-0.0442619323730469 -0.010833740234375 0.00376129150390625 -0.129646301269531
-0.02764892578125 0.0034027099609375 0.023040771484375 -0.0962295532226563
-0.0131044387817383 -0.00529861450195312 0.0618820190429688 -0.07647705078125
-0.0117464065551758 -0.0084686279296875 0.109809875488281 -0.0676422119140625
-0.0177955627441406 -0.00904273986816406 0.172119140625 -0.0502777099609375
-0.0234298706054688 -0.00335884094238282 0.205352783203125 0.0182037353515625
-0.039276123046875 -0.0157012939453125 0.18768310546875 0.06231689453125
-0.0522994995117188 -0.0379104614257812 0.121589660644531 0.0932083129882813
-0.019195556640625 -0.0789031982421875 0.054595947265625 0.0805130004882813
-0.00920867919921875 -0.078125 0.0519447326660156 -0.03387451171875
-0.000762939453124996 -0.0679702758789063 0.21343994140625 -0.121536254882813
-0.0323085784912109 -0.000965118408203131 -0.0769805908203125 -0.180130004882813
-0.0330486297607422 -0.0213871002197266 0.00686645507812501 -0.210433959960938
-0.045440673828125 -0.0244178771972656 0.0209808349609375 -0.18609619140625
-0.0373344421386719 0.00791168212890626 0.012603759765625 -0.173385620117188
-0.00339889526367187 0.0359535217285156 7.62939453126166E-06 -0.125411987304688
0.0357742309570313 0.0203514099121094 0.0170974731445312 -0.0972671508789062
0.04638671875 -0.0163002014160156 0.053924560546875 -0.0751419067382813
0.0401878356933594 -0.0217666625976563 0.103302001953125 -0.0615081787109375
0.0378494262695313 -0.0257186889648437 0.16796875 -0.03851318359375
0.0318393707275391 -0.00910186767578125 0.201141357421875 0.0313262939453125
0.0108604431152344 -0.000956535339355469 0.178817749023438 0.074615478515625
-0.00893974304199219 -0.0109148025512695 0.115074157714844 0.100830078125
0.00432014465332031 -0.0293235778808594 0.047119140625 0.0867538452148438
4.48226928710928E-05 -0.00938701629638672 0.0486412048339844 -0.0298309326171875
-0.0105934143066406 0.00547027587890625 0.209732055664063 -0.129653930664063
0.0593490600585938 -0.108909606933594 -0.159637451171875 0.098541259765625
-0.0193824768066406 -0.0652236938476563 -0.0486640930175781 -0.00852966308593749
-0.0284652709960938 -0.0408477783203125 -0.0411300659179688 -0.110511779785156
-0.0436515808105469 -0.0299720764160156 -0.108291625976563 -0.129684448242188
-0.055908203125 -0.0107040405273438 -0.1434326171875 -0.0937042236328125
-0.0788192749023438 0.0240249633789062 -0.174407958984375 -0.030487060546875
-0.07952880859375 0.0572357177734375 -0.146759033203125 0.0303955078125
-0.078216552734375 0.0506057739257813 -0.080108642578125 0.046356201171875
-0.0958938598632813 0.0413970947265625 -0.0214767456054688 0.0659599304199219
-0.0959854125976563 -0.00598907470703124 0.00554656982421874 0.101776123046875
-0.0630569458007813 -0.0517807006835938 0.0310745239257812 0.128250122070313
-0.0164299011230469 -0.06494140625 0.014068603515625 0.146408081054688
0.0380744934082031 -0.0478591918945313 -0.008209228515625 0.179031372070312
0.0453948974609375 -0.0461349487304688 0.0186614990234375 0.18768310546875
0.0697097778320313 -0.0643463134765625 0.088958740234375 0.15765380859375
0.0699462890625 -0.16253662109375 -0.134727478027344 0.0496139526367187
-0.012786865234375 -0.120765686035156 -0.0310630798339844 -0.0584754943847656
-0.0315628051757812 -0.095733642578125 -0.0281219482421875 -0.146072387695313
-0.06231689453125 -0.0715255737304688 -0.09515380859375 -0.160247802734375
-0.0809860229492188 -0.037445068359375 -0.124946594238281 -0.118324279785156
-0.113555908203125 0.0109329223632812 -0.148605346679688 -0.056915283203125
-0.113998413085938 0.0565032958984375 -0.117790222167969 0.00064086914062501
-0.109733581542969 0.0528488159179688 -0.047332763671875 0.0182685852050781
-0.131095886230469 0.0497589111328125 0.016448974609375 0.04058837890625
-0.135528564453125 -0.000679016113281222 0.0485610961914062 0.0884323120117187
-0.105628967285156 -0.0653305053710937 0.0708541870117188 0.119552612304688
-0.0553817749023438 -0.0947113037109375 0.0458221435546875 0.138320922851563
0.0255966186523437 -0.0976028442382813 0.0259857177734375 0.1597900390625
0.0418777465820312 -0.10076904296875 0.05322265625 0.149856567382813
0.0683059692382813 -0.116096496582031 0.129585266113281 0.118843078613281
0.0740814208984375 -0.193359375 -0.10284423828125 -0.0119247436523438
0.00108337402343751 -0.158309936523438 -0.00321197509765626 -0.115676879882813
-0.027130126953125 -0.143264770507813 -0.00842285156249998 -0.185302734375
-0.07244873046875 -0.110435485839844 -0.075897216796875 -0.192031860351563
-0.0959548950195313 -0.0626449584960937 -0.100250244140625 -0.138130187988281
-0.133224487304688 -0.00634002685546872 -0.114784240722656 -0.0796585083007812
-0.131187438964844 0.0456466674804687 -0.0786895751953125 -0.0284652709960937
-0.124008178710938 0.0474700927734375 -0.00847816467285157 -0.010986328125
-0.144454956054688 0.051910400390625 0.0597457885742187 0.00852203369140625
-0.152542114257813 0.00970458984375 0.0969772338867187 0.0659408569335938
-0.132537841796875 -0.0599212646484375 0.115470886230469 0.101600646972656
-0.0910186767578125 -0.0993881225585937 0.0810089111328125 0.126312255859375
-0.00395202636718751 -0.128471374511719 0.0552597045898438 0.140090942382813
0.0212249755859375 -0.139511108398438 0.0750732421875 0.105056762695312
0.0529632568359375 -0.151702880859375 0.16357421875 0.066162109375
0.0689544677734375 -0.194229125976563 -0.0696563720703125 -0.0736465454101563
0.0123443603515625 -0.170852661132813 0.0268707275390625 -0.1689453125
-0.019744873046875 -0.169998168945313 0.014801025390625 -0.216278076171875
-0.0745697021484375 -0.135185241699219 -0.051239013671875 -0.212493896484375
-0.100631713867188 -0.07861328125 -0.07171630859375 -0.14849853515625
-0.135711669921875 -0.0200119018554687 -0.0746231079101563 -0.0932693481445313
-0.128692626953125 0.0304336547851562 -0.0343284606933594 -0.0520973205566406
-0.119293212890625 0.0359268188476563 0.0311698913574219 -0.0384750366210938
-0.136016845703125 0.0441513061523438 0.0998764038085937 -0.0246353149414062
-0.1436767578125 0.0170440673828125 0.141448974609375 0.0373992919921875
-0.137115478515625 -0.0446548461914063 0.152969360351563 0.077392578125
-0.112823486328125 -0.0868988037109375 0.110160827636719 0.109687805175781
-0.0330047607421875 -0.137962341308594 0.0735855102539063 0.118171691894531
-0.00395202636718749 -0.15655517578125 0.080169677734375 0.0582427978515625
0.033843994140625 -0.164535522460938 0.187026977539063 0.00555419921874999
0.0492401123046875 -0.16668701171875 -0.044586181640625 -0.126251220703125
0.0132293701171875 -0.15478515625 0.046630859375 -0.209182739257813
-0.016815185546875 -0.166671752929687 0.0313568115234375 -0.232574462890625
-0.0690155029296875 -0.1337890625 -0.0255126953125 -0.217361450195313
-0.09033203125 -0.07550048828125 -0.042022705078125 -0.147903442382812
-0.115631103515625 -0.02484130859375 -0.0335845947265625 -0.0984725952148438
-0.105110168457031 0.013214111328125 0.00817108154296874 -0.0678253173828125
-0.0949783325195313 0.018402099609375 0.066375732421875 -0.0604972839355469
-0.107658386230469 0.0274429321289063 0.131950378417969 -0.051177978515625
-0.113502502441406 0.0143890380859375 0.174728393554687 0.011199951171875
-0.1170654296875 -0.0322265625 0.177047729492188 0.0544586181640625
-0.109016418457031 -0.0692825317382813 0.125419616699219 0.0919647216796875
-0.0461578369140625 -0.12872314453125 0.0768585205078125 0.0961456298828125
-0.019073486328125 -0.148529052734375 0.0722885131835938 0.0143356323242187
0.0182037353515625 -0.150650024414063 0.19970703125 -0.0531463623046875
0.021270751953125 -0.117012023925781 -0.0347900390625 -0.160690307617188
0.00411987304687501 -0.115501403808594 0.0508270263671875 -0.22705078125
-0.0188827514648437 -0.131614685058594 0.0380096435546875 -0.22686767578125
-0.0573959350585937 -0.102882385253906 -0.00517272949218751 -0.207687377929688
-0.0665550231933594 -0.0508193969726563 -0.0173187255859375 -0.138664245605469
-0.0745468139648438 -0.0182952880859375 -0.00174713134765626 -0.098297119140625
-0.062469482421875 -0.00249481201171875 0.0403213500976562 -0.0765228271484375
-0.0558624267578125 -0.000904083251953126 0.0907821655273438 -0.0720443725585938
-0.0646514892578125 0.00353622436523438 0.153472900390625 -0.0646514892578125
-0.0681610107421875 0.00162887573242187 0.19378662109375 -0.0024261474609375
-0.0763626098632813 -0.0253524780273437 0.186996459960938 0.042510986328125
-0.0814208984375 -0.0523223876953125 0.129173278808594 0.0809783935546875
-0.0366058349609375 -0.103935241699219 0.069244384765625 0.0795211791992188
-0.016845703125 -0.115188598632812 0.0609703063964844 -0.0200958251953125
0.00872039794921876 -0.110649108886719 0.207290649414063 -0.100860595703125
-0.00794219970703125 -0.0543060302734375 -0.0416717529296875 -0.17425537109375
-0.0125656127929687 -0.0631561279296875 0.0378265380859375 -0.223907470703125
-0.0282058715820313 -0.0750732421875 0.0328369140625 -0.207733154296875
-0.043609619140625 -0.0489768981933594 0.00608825683593751 -0.189041137695313
-0.0309925079345703 -0.0110149383544922 -0.00399780273437501 -0.1275634765625
-0.0173959732055664 -0.00437641143798828 0.0151214599609375 -0.09527587890625
-0.00819015502929687 -0.0173521041870117 0.055816650390625 -0.0767135620117188
-0.00729560852050781 -0.0196456909179687 0.101547241210938 -0.0713653564453125
-0.0129623413085938 -0.0215129852294922 0.162887573242188 -0.0603790283203125
-0.014409065246582 -0.0130014419555664 0.199188232421875 0.0027618408203125
-0.0260143280029297 -0.0193157196044922 0.184402465820313 0.045623779296875
-0.0385055541992187 -0.0342941284179688 0.123748779296875 0.0806045532226563
-0.0116500854492188 -0.0670509338378906 0.059814453125 0.0726852416992188
-0.00428009033203124 -0.0608673095703125 0.0543746948242188 -0.0357208251953125
0.00104141235351563 -0.0502204895019531 0.209243774414063 -0.128372192382813
-0.0324630737304687 0.0141925811767578 -0.0704803466796875 -0.167449951171875
-0.0302944183349609 -0.00564765930175782 0.00651550292968749 -0.20526123046875
-0.0391616821289063 -0.00852584838867187 0.0155029296875 -0.185165405273438
-0.0245914459228516 0.0153141021728516 0.00259399414062499 -0.172531127929688
0.0103569030761719 0.0327110290527344 -0.00940704345703126 -0.120262145996094
0.0449256896972656 0.00942230224609375 0.0086212158203125 -0.0916748046875
0.0479202270507813 -0.0301704406738281 0.0486412048339844 -0.0701026916503906
0.0423583984375 -0.0348396301269531 0.095916748046875 -0.0601959228515625
0.0398712158203125 -0.0401992797851562 0.158111572265625 -0.0427398681640625
0.0380935668945313 -0.0219230651855469 0.194656372070313 0.018646240234375
0.02294921875 -0.00774383544921875 0.174758911132813 0.0620574951171875
0.00324440002441406 -0.0095367431640625 0.116493225097656 0.0907745361328125
0.0124015808105469 -0.0196609497070313 0.0523452758789063 0.0823822021484375
0.00567436218261719 0.00597286224365234 0.0516166687011719 -0.027801513671875
-0.0082244873046875 0.0209865570068359 0.2047119140625 -0.130645751953125
0.0539703369140625 -0.124740600585938 -0.163482666015625 0.0964508056640625
-0.0291061401367187 -0.0730209350585938 -0.0568084716796875 -0.0107460021972656
-0.040740966796875 -0.044189453125 -0.0478591918945312 -0.1083984375
-0.0565681457519531 -0.0262298583984375 -0.111175537109375 -0.1246337890625
-0.0642471313476563 -0.00205993652343751 -0.141998291015625 -0.0908660888671875
-0.0819854736328125 0.0392913818359375 -0.171768188476562 -0.029449462890625
-0.0768051147460938 0.0712356567382812 -0.143218994140625 0.02874755859375
-0.0762863159179687 0.0636062622070313 -0.077728271484375 0.040618896484375
-0.0963363647460937 0.05792236328125 -0.0197029113769531 0.0570297241210938
-0.103385925292969 0.00785064697265624 0.0130615234375 0.092559814453125
-0.0761947631835937 -0.0467758178710938 0.0397262573242187 0.120819091796875
-0.029083251953125 -0.0684089660644531 0.0212554931640625 0.143661499023438
0.0310401916503906 -0.0624275207519531 -0.00300598144531251 0.179428100585938
0.0444297790527344 -0.0633277893066406 0.0191497802734375 0.186294555664062
0.070831298828125 -0.0811386108398438 0.0840606689453125 0.149368286132813
0.0659942626953125 -0.1734619140625 -0.139419555664063 0.042694091796875
-0.0205154418945313 -0.124923706054687 -0.0410423278808594 -0.06292724609375
-0.0422210693359375 -0.09625244140625 -0.0367279052734375 -0.146255493164063
-0.072418212890625 -0.0660858154296875 -0.0996246337890625 -0.157546997070313
-0.0865325927734375 -0.0288543701171875 -0.125381469726563 -0.11785888671875
-0.114227294921875 0.0249099731445313 -0.147796630859375 -0.0593719482421875
-0.1099853515625 0.0677642822265625 -0.116455078125 -0.00538635253906248
-0.106849670410156 0.0632171630859375 -0.0482673645019531 0.00868225097656251
-0.129653930664062 0.0629043579101563 0.0162944793701172 0.0270957946777344
-0.140945434570313 0.0102691650390625 0.0538482666015625 0.074615478515625
-0.116401672363281 -0.0609817504882812 0.079681396484375 0.10687255859375
-0.0660171508789063 -0.0978851318359375 0.053680419921875 0.13134765625
0.02069091796875 -0.110954284667969 0.031402587890625 0.156692504882813
0.0419998168945312 -0.114913940429687 0.0524749755859375 0.144378662109375
0.0716552734375 -0.128684997558594 0.125465393066406 0.105003356933594
0.0721588134765625 -0.198028564453125 -0.106819152832031 -0.0214004516601562
-0.00349426269531249 -0.158599853515625 -0.0131072998046875 -0.123260498046875
-0.0340652465820313 -0.1405029296875 -0.0177154541015625 -0.18780517578125
-0.0784454345703125 -0.105117797851563 -0.0818634033203125 -0.191436767578125
-0.0979385375976562 -0.0560073852539063 -0.102821350097656 -0.140403747558594
-0.132194519042969 0.00302124023437501 -0.11688232421875 -0.0853652954101563
-0.126968383789062 0.052886962890625 -0.0805206298828125 -0.037628173828125
-0.120498657226562 0.0536422729492188 -0.0119743347167969 -0.023956298828125
-0.141693115234375 0.059661865234375 0.0572280883789062 -0.00855255126953124
-0.15478515625 0.016448974609375 0.101654052734375 0.0476226806640625
-0.138298034667969 -0.0568389892578125 0.122825622558594 0.0855789184570312
-0.0977554321289062 -0.10211181640625 0.089385986328125 0.11517333984375
-0.00591278076171876 -0.137954711914062 0.0618438720703125 0.132827758789063
0.023101806640625 -0.1485595703125 0.0742721557617188 0.0959091186523437
0.0579071044921875 -0.158859252929688 0.16070556640625 0.04827880859375
0.0686798095703125 -0.19281005859375 -0.0730514526367187 -0.084259033203125
0.0124359130859375 -0.166488647460938 0.0177001953125 -0.177947998046875
-0.0223236083984375 -0.16552734375 0.00534057617187499 -0.219879150390625
-0.0758209228515625 -0.131210327148438 -0.058380126953125 -0.215927124023438
-0.0993728637695312 -0.0745086669921875 -0.076416015625 -0.152145385742188
-0.132415771484375 -0.0152816772460938 -0.0786361694335938 -0.100784301757812
-0.125495910644531 0.0320968627929688 -0.0383567810058594 -0.0622329711914062
-0.115898132324219 0.0363388061523438 0.0264205932617187 -0.0524215698242188
-0.132949829101563 0.0460739135742187 0.095123291015625 -0.0430755615234375
-0.14276123046875 0.0183868408203125 0.143020629882813 0.0171661376953125
-0.13812255859375 -0.04443359375 0.158172607421875 0.058685302734375
-0.113441467285156 -0.0881195068359375 0.116401672363281 0.0958938598632813
-0.0314178466796875 -0.1422119140625 0.08001708984375 0.108184814453125
-0.000686645507812483 -0.1593017578125 0.0806732177734375 0.0471649169921875
0.0394744873046875 -0.164627075195313 0.185791015625 -0.01373291015625
0.0519561767578125 -0.158676147460938 -0.045257568359375 -0.134819030761719
0.0165863037109375 -0.146713256835938 0.03863525390625 -0.218017578125
-0.0131378173828125 -0.159576416015625 0.02197265625 -0.236923217773438
-0.0651779174804688 -0.130561828613281 -0.0335693359375 -0.222427368164063
-0.084686279296875 -0.0748672485351563 -0.0472259521484375 -0.151519775390625
-0.111091613769531 -0.026275634765625 -0.0392532348632813 -0.106193542480469
-0.102035522460938 0.00887298583984375 0.00311279296874999 -0.0774459838867188
-0.0922927856445312 0.01300048828125 0.060333251953125 -0.0722885131835938
-0.104782104492187 0.0232467651367188 0.125450134277344 -0.0680084228515625
-0.110267639160156 0.00996398925781251 0.173934936523438 -0.0080413818359375
-0.112197875976562 -0.0352249145507813 0.18011474609375 0.0356292724609375
-0.104194641113281 -0.0698776245117187 0.131721496582031 0.0771865844726563
-0.04052734375 -0.127105712890625 0.082672119140625 0.0853652954101562
-0.01361083984375 -0.143035888671875 0.0729141235351563 0.00398254394531249
0.024444580078125 -0.143753051757813 0.200408935546875 -0.07135009765625
0.02520751953125 -0.104576110839844 -0.0319976806640625 -0.1668701171875
0.0107803344726563 -0.104454040527344 0.0467987060546875 -0.235031127929688
-0.0113067626953125 -0.122734069824219 0.0313568115234375 -0.233642578125
-0.0488739013671875 -0.100082397460938 -0.013336181640625 -0.213043212890625
-0.0567283630371094 -0.0536231994628906 -0.0239715576171875 -0.14117431640625
-0.0682563781738281 -0.0250167846679688 -0.00806427001953125 -0.102828979492188
-0.0606460571289063 -0.0120353698730469 0.0356063842773437 -0.0832901000976562
-0.0536918640136719 -0.0108528137207031 0.0841445922851562 -0.0806045532226562
-0.0626754760742188 -0.00659942626953125 0.146011352539063 -0.07769775390625
-0.0622901916503906 -0.00781631469726563 0.191009521484375 -0.02069091796875
-0.0675468444824219 -0.0311622619628906 0.18731689453125 0.0256805419921875
-0.0701484680175781 -0.053253173828125 0.133163452148438 0.06817626953125
-0.0280914306640625 -0.0983657836914063 0.0752105712890625 0.0703887939453125
-0.00983428955078124 -0.103904724121094 0.0629806518554688 -0.0282478332519531
0.0144882202148438 -0.0984725952148438 0.208084106445312 -0.115097045898438
-0.00426864624023437 -0.0385665893554688 -0.0368194580078125 -0.175216674804688
-0.0059814453125 -0.0487480163574219 0.0375518798828125 -0.22882080078125
-0.0192909240722656 -0.0634346008300781 0.0285491943359375 -0.21392822265625
-0.0311393737792969 -0.0454788208007812 -0.00236511230468752 -0.192596435546875
-0.0188274383544922 -0.0150623321533203 -0.0110931396484375 -0.127891540527344
-0.0101842880249023 -0.0154886245727539 0.0087738037109375 -0.0954971313476563
-0.00719833374023438 -0.0301437377929687 0.0513076782226563 -0.0790252685546875
-0.00614356994628906 -0.0335178375244141 0.095794677734375 -0.0753936767578125
-0.0115280151367188 -0.0352592468261719 0.155807495117188 -0.06890869140625
-0.00915718078613282 -0.0263347625732422 0.1962890625 -0.01202392578125
-0.0150775909423828 -0.0275192260742188 0.183334350585937 0.032501220703125
-0.0261173248291016 -0.0346946716308594 0.127044677734375 0.0697021484375
-0.00149917602539062 -0.0578689575195313 0.0657119750976563 0.0666351318359375
0.00487518310546874 -0.0463409423828125 0.05731201171875 -0.0401268005371094
0.00704193115234375 -0.0349884033203125 0.211868286132813 -0.138076782226563
-0.0300827026367188 0.0300750732421875 -0.063507080078125 -0.163299560546875
-0.0248203277587891 0.00965499877929687 0.00892639160156252 -0.206558227539063
-0.0292015075683594 0.00498771667480469 0.010009765625 -0.189544677734375
-0.0114688873291016 0.0202293395996094 -0.00636291503906248 -0.174072265625
0.0237064361572266 0.0281448364257813 -0.0178604125976562 -0.116653442382813
0.052520751953125 -0.0037841796875 0.00211334228515626 -0.086029052734375
0.0479545593261719 -0.0452308654785156 0.0450325012207031 -0.0669822692871094
0.0420112609863281 -0.0494651794433594 0.0923919677734375 -0.06011962890625
0.0397186279296875 -0.0561294555664063 0.15301513671875 -0.04632568359375
0.0417823791503906 -0.0378570556640625 0.19085693359375 0.008636474609375
0.0339946746826172 -0.0172309875488281 0.172958374023437 0.05194091796875
0.0166559219360352 -0.0117006301879883 0.119331359863281 0.0835113525390625
0.0232448577880859 -0.0109710693359375 0.0584793090820312 0.0784912109375
0.0160541534423828 0.019989013671875 0.0563163757324219 -0.0279159545898437
-0.00297164916992187 0.0365829467773438 0.207046508789062 -0.134628295898438
0.042938232421875 -0.144744873046875 -0.17169189453125 0.10101318359375
-0.0435638427734375 -0.0812301635742188 -0.0672264099121094 -0.00977325439453125
-0.0557670593261719 -0.044586181640625 -0.057861328125 -0.105537414550781
-0.0703506469726563 -0.0180816650390625 -0.117889404296875 -0.118606567382812
-0.0720977783203125 0.0103759765625 -0.145553588867188 -0.086212158203125
-0.0822219848632812 0.0586471557617188 -0.172515869140625 -0.0251312255859375
-0.0710830688476563 0.0888137817382812 -0.142410278320313 0.0296630859375
-0.0722732543945313 0.0789413452148438 -0.079010009765625 0.0363845825195313
-0.0931625366210937 0.0774307250976563 -0.0197639465332031 0.0498466491699219
-0.109512329101563 0.0255508422851562 0.018646240234375 0.0839767456054688
-0.0910797119140625 -0.0378875732421875 0.049713134765625 0.112220764160156
-0.0467758178710938 -0.069488525390625 0.0308074951171875 0.1419677734375
0.0194931030273437 -0.0786972045898438 0.00549316406250002 0.182525634765625
0.0371246337890625 -0.0834732055664063 0.021240234375 0.1893310546875
0.0683441162109375 -0.102981567382813 0.0821380615234375 0.143966674804688
0.0570068359375 -0.190032958984375 -0.14984130859375 0.0398406982421875
-0.0332107543945313 -0.130294799804688 -0.0539817810058594 -0.0672073364257813
-0.0562973022460938 -0.0946578979492187 -0.0490570068359375 -0.148147583007813
-0.0845184326171875 -0.0584259033203125 -0.108901977539062 -0.156539916992188
-0.0928115844726563 -0.0178070068359375 -0.131179809570313 -0.118370056152344
-0.113945007324219 0.0411300659179687 -0.153152465820313 -0.0611114501953125
-0.104782104492187 0.082733154296875 -0.119743347167969 -0.01031494140625
-0.103790283203125 0.0762176513671875 -0.0529136657714844 0.000160217285156245
-0.127906799316406 0.0792770385742188 0.013636589050293 0.0136270523071289
-0.146377563476563 0.0257568359375 0.0588836669921875 0.0598602294921875
-0.130584716796875 -0.0530242919921875 0.0886383056640625 0.0931854248046875
-0.0810089111328125 -0.0998306274414063 0.0628662109375 0.124237060546875
0.0103759765625 -0.126945495605469 0.040283203125 0.154312133789063
0.0375213623046875 -0.134124755859375 0.054595947265625 0.141265869140625
0.0712890625 -0.148147583007813 0.123306274414063 0.0922927856445312
0.067474365234375 -0.20916748046875 -0.118301391601563 -0.0304031372070313
-0.0112762451171875 -0.161895751953125 -0.02850341796875 -0.132339477539063
-0.0442581176757813 -0.139251708984375 -0.031158447265625 -0.192062377929688
-0.0876998901367187 -0.0990447998046875 -0.093109130859375 -0.194778442382813
-0.102325439453125 -0.0480804443359375 -0.112045288085937 -0.14422607421875
-0.131202697753906 0.0157699584960938 -0.124565124511719 -0.0909271240234375
-0.123893737792969 0.063812255859375 -0.086761474609375 -0.04644775390625
-0.11798095703125 0.0622940063476563 -0.01849365234375 -0.0356864929199219
-0.140869140625 0.0716552734375 0.0515060424804687 -0.0263938903808594
-0.158447265625 0.027496337890625 0.104408264160156 0.0277938842773438
-0.1494140625 -0.051055908203125 0.129417419433594 0.0668182373046875
-0.108955383300781 -0.104293823242187 0.0976028442382812 0.103843688964844
-0.01263427734375 -0.150970458984375 0.0705413818359375 0.125541687011719
0.0196533203125 -0.163345336914063 0.075164794921875 0.0876388549804688
0.0601806640625 -0.172454833984375 0.1593017578125 0.0299072265625
0.068511962890625 -0.197052001953125 -0.082855224609375 -0.0966110229492188
0.00981140136718749 -0.166702270507813 0.00221252441406248 -0.190521240234375
-0.0264892578125 -0.164169311523438 -0.008514404296875 -0.2281494140625
-0.0802688598632812 -0.128196716308594 -0.07232666015625 -0.2216796875
-0.099395751953125 -0.0712509155273438 -0.0860748291015625 -0.158584594726563
-0.132034301757813 -0.00952911376953122 -0.0888214111328125 -0.108833312988281
-0.123519897460938 0.0361785888671875 -0.0463409423828125 -0.07281494140625
-0.114463806152344 0.03912353515625 0.0175285339355469 -0.0656166076660156
-0.132278442382813 0.0513687133789062 0.0874404907226563 -0.0623779296875
-0.1448974609375 0.023162841796875 0.143402099609375 -0.0062255859375
-0.142486572265625 -0.0430755615234375 0.163543701171875 0.0375518798828125
-0.118309020996094 -0.09075927734375 0.124664306640625 0.0806808471679688
-0.0343475341796875 -0.150527954101563 0.0875244140625 0.0972976684570312
0.000259399414062506 -0.166366577148438 0.08074951171875 0.0362091064453125
0.0447845458984375 -0.171112060546875 0.185211181640625 -0.0364532470703125
0.0559844970703125 -0.15740966796875 -0.0523529052734375 -0.149017333984375
0.0212554931640625 -0.143814086914063 0.0265960693359375 -0.231903076171875
-0.0113677978515625 -0.157363891601563 0.00920104980468749 -0.24749755859375
-0.0641937255859375 -0.130546569824219 -0.0478057861328125 -0.230194091796875
-0.0823898315429688 -0.0771713256835938 -0.058258056640625 -0.158401489257812
-0.110107421875 -0.0275726318359375 -0.0499496459960938 -0.113533020019531
-0.1029052734375 0.00570678710937499 -0.00514221191406251 -0.0883026123046875
-0.092620849609375 0.00988006591796877 0.0507278442382812 -0.0854949951171875
-0.106147766113281 0.0195159912109375 0.116897583007813 -0.0868911743164063
-0.109954833984375 0.00777435302734373 0.1717529296875 -0.0329437255859375
-0.111236572265625 -0.0378265380859375 0.182510375976563 0.0135650634765625
-0.102188110351563 -0.07244873046875 0.136642456054688 0.0608139038085937
-0.0381927490234375 -0.12933349609375 0.0902633666992188 0.0731964111328125
-0.00894165039062499 -0.142974853515625 0.0733566284179687 -0.00911712646484376
0.031097412109375 -0.14263916015625 0.200119018554688 -0.0951995849609375
0.0319747924804688 -0.0955352783203125 -0.0346527099609375 -0.178436279296875
0.0180740356445313 -0.0967941284179688 0.038726806640625 -0.248886108398438
-0.00410461425781249 -0.118637084960937 0.0198516845703125 -0.244964599609375
-0.042083740234375 -0.101287841796875 -0.0266876220703125 -0.220611572265625
-0.0499916076660156 -0.0594711303710938 -0.0344390869140625 -0.146026611328125
-0.066253662109375 -0.0331535339355469 -0.0180130004882812 -0.109161376953125
-0.0626335144042969 -0.0219039916992187 0.02783203125 -0.0919036865234375
-0.0553817749023438 -0.0206985473632812 0.0766220092773438 -0.0919265747070313
-0.0646705627441406 -0.0168075561523438 0.138008117675781 -0.0949935913085938
-0.061248779296875 -0.0173912048339844 0.188262939453125 -0.0423126220703125
-0.0623970031738281 -0.0386199951171875 0.188385009765625 0.0051727294921875
-0.0623626708984375 -0.0570106506347656 0.138259887695313 0.05157470703125
-0.0194091796875 -0.095916748046875 0.0821456909179688 0.0589981079101562
-0.000709533691406254 -0.0974273681640625 0.0642242431640625 -0.0395240783691406
0.0228042602539063 -0.0903167724609375 0.210098266601563 -0.13739013671875
0.00239372253417969 -0.0241909027099609 -0.0356292724609375 -0.1842041015625
0.00412368774414062 -0.0375442504882813 0.0332183837890625 -0.24127197265625
-0.00733947753906249 -0.055572509765625 0.0180511474609375 -0.224212646484375
-0.0193367004394531 -0.0457115173339844 -0.0147705078125 -0.200042724609375
-0.00816154479980469 -0.0225963592529297 -0.0214309692382812 -0.129264831542969
-0.00594520568847656 -0.0294322967529297 0.000556945800781255 -0.0971527099609375
-0.0101699829101563 -0.0455741882324219 0.0463027954101563 -0.0832901000976563
-0.00913238525390625 -0.04742431640625 0.0902862548828125 -0.0818023681640625
-0.0147438049316406 -0.051300048828125 0.1495361328125 -0.08062744140625
-0.0080413818359375 -0.0416374206542969 0.193572998046875 -0.0299224853515625
-0.006866455078125 -0.0388870239257813 0.184295654296875 0.01611328125
-0.013397216796875 -0.0398902893066406 0.132354736328125 0.0572357177734375
0.0110588073730469 -0.0536155700683594 0.0728530883789063 0.058563232421875
0.0172119140625 -0.035858154296875 0.0608139038085937 -0.0483245849609375
0.0165424346923828 -0.0208663940429687 0.213790893554688 -0.15594482421875
-0.0238533020019531 0.0474739074707031 -0.059112548828125 -0.165908813476563
-0.0152683258056641 0.0246868133544922 0.00813293457031248 -0.214401245117188
-0.0156135559082031 0.0163660049438477 0.001983642578125 -0.196823120117188
0.00461959838867188 0.0220794677734375 -0.0198211669921875 -0.177688598632813
0.0369949340820313 0.0203971862792969 -0.0279617309570312 -0.11383056640625
0.0592155456542969 -0.0205307006835938 -0.00402832031249999 -0.082427978515625
0.0452651977539063 -0.0630645751953125 0.0432701110839844 -0.0649185180664063
0.0386390686035156 -0.0674896240234375 0.0898208618164063 -0.060882568359375
0.0352935791015625 -0.075439453125 0.149505615234375 -0.053314208984375
0.0416069030761719 -0.0560684204101563 0.188186645507813 -0.0033111572265625
0.0435714721679688 -0.0314559936523438 0.174041748046875 0.0407562255859375
0.0302467346191406 -0.0188274383544922 0.125160217285156 0.0750198364257813
0.037933349609375 -0.0062713623046875 0.0668869018554688 0.0755844116210938
0.0307254791259766 0.0329837799072266 0.062347412109375 -0.0312957763671875
0.00808334350585937 0.0535011291503906 0.212661743164063 -0.146865844726563
0.0224609375 -0.163955688476562 -0.179168701171875 0.111587524414063
-0.0640335083007813 -0.0838088989257813 -0.0789566040039063 -0.00371551513671877
-0.0742568969726563 -0.0400848388671875 -0.0691299438476563 -0.0998764038085938
-0.0837936401367188 -0.00392150878906251 -0.127006530761719 -0.109840393066406
-0.0767822265625 0.027587890625 -0.151153564453125 -0.079620361328125
-0.07537841796875 0.0805206298828125 -0.175247192382813 -0.017791748046875
-0.0588912963867188 0.107208251953125 -0.142822265625 0.0330963134765625
-0.0626602172851563 0.0959930419921875 -0.0813522338867187 0.0356369018554688
-0.084564208984375 0.0989532470703125 -0.0214347839355469 0.0420951843261719
-0.110267639160156 0.0476226806640625 0.024566650390625 0.0740737915039062
-0.105560302734375 -0.0217971801757812 0.05902099609375 0.101066589355469
-0.0664634704589844 -0.0652923583984375 0.0429000854492187 0.13824462890625
0.000801086425781247 -0.0922622680664063 0.0194244384765625 0.184860229492188
0.0229568481445312 -0.103439331054688 0.0289459228515625 0.193572998046875
0.058013916015625 -0.12762451171875 0.083038330078125 0.139137268066406
0.0399627685546875 -0.208038330078125 -0.162216186523438 0.0428466796875
-0.0515289306640625 -0.132965087890625 -0.0713653564453125 -0.0672683715820313
-0.0731735229492188 -0.090606689453125 -0.064483642578125 -0.145278930664062
-0.0972061157226563 -0.0451507568359375 -0.121902465820313 -0.151229858398438
-0.0969467163085938 -0.00142669677734375 -0.140777587890625 -0.114852905273437
-0.1087646484375 0.0617599487304687 -0.160736083984375 -0.0584869384765625
-0.0943450927734375 0.0989532470703125 -0.126213073730469 -0.0111083984375
-0.0955276489257813 0.0925750732421875 -0.0602035522460938 -0.00616836547851563
-0.120079040527344 0.0997085571289063 0.00647544860839843 0.000523090362548834
-0.14825439453125 0.04705810546875 0.0604820251464844 0.0427055358886719
-0.144805908203125 -0.0387420654296875 0.0959854125976562 0.0756378173828125
-0.100502014160156 -0.0965805053710938 0.0735244750976563 0.113777160644531
-0.008026123046875 -0.141647338867188 0.0522918701171875 0.149749755859375
0.023590087890625 -0.15484619140625 0.0583114624023437 0.136978149414063
0.063079833984375 -0.171539306640625 0.120597839355469 0.0784149169921875
0.055816650390625 -0.22247314453125 -0.13421630859375 -0.034759521484375
-0.0255584716796875 -0.16436767578125 -0.0494918823242188 -0.13714599609375
-0.0579757690429687 -0.135971069335938 -0.050628662109375 -0.194549560546875
-0.0982589721679688 -0.0893936157226562 -0.1104736328125 -0.193557739257813
-0.106086730957031 -0.0365447998046875 -0.124969482421875 -0.144729614257812
-0.128623962402344 0.0313491821289063 -0.137718200683594 -0.0917434692382813
-0.1168212890625 0.0758819580078125 -0.0978469848632813 -0.0516510009765625
-0.113235473632812 0.0737075805664063 -0.0310325622558594 -0.0461540222167969
-0.135765075683594 0.0866928100585937 0.04071044921875 -0.0431785583496094
-0.160110473632813 0.0446319580078125 0.101531982421875 0.00489044189453125
-0.161346435546875 -0.0402679443359375 0.133674621582031 0.0435256958007813
-0.125846862792969 -0.100852966308594 0.105766296386719 0.0866928100585938
-0.02862548828125 -0.162933349609375 0.0806884765625 0.114791870117187
0.00947570800781251 -0.17987060546875 0.0763015747070313 0.07745361328125
0.055633544921875 -0.191085815429688 0.154144287109375 0.00746154785156249
0.064361572265625 -0.205520629882813 -0.100318908691406 -0.106170654296875
0.00382995605468749 -0.168991088867188 -0.020477294921875 -0.200469970703125
-0.0343780517578125 -0.163482666015625 -0.0299835205078125 -0.234237670898438
-0.0876922607421875 -0.122833251953125 -0.0928192138671875 -0.224151611328125
-0.102447509765625 -0.0660400390625 -0.102752685546875 -0.160797119140625
-0.131271362304688 -0.000762939453124995 -0.104118347167969 -0.112403869628906
-0.121650695800781 0.0428237915039062 -0.060638427734375 -0.0812606811523438
-0.113265991210938 0.04486083984375 0.00366210937499999 -0.0785598754882813
-0.131370544433594 0.059539794921875 0.0727157592773437 -0.0826950073242187
-0.145965576171875 0.0319061279296875 0.13702392578125 -0.0327835083007813
-0.150009155273437 -0.0372772216796875 0.163314819335938 0.010345458984375
-0.128379821777344 -0.0895843505859375 0.129524230957031 0.0599136352539062
-0.043487548828125 -0.157943725585938 0.0954208374023438 0.0820846557617187
-0.0051116943359375 -0.176055908203125 0.0789642333984375 0.02166748046875
0.0438385009765625 -0.18194580078125 0.177658081054688 -0.064544677734375
0.0581512451171875 -0.158309936523437 -0.0676116943359375 -0.161392211914063
0.022064208984375 -0.143875122070313 0.00518798828124998 -0.246536254882813
-0.011749267578125 -0.157791137695313 -0.0125274658203125 -0.256729125976563
-0.0663299560546875 -0.130912780761719 -0.0700531005859375 -0.235702514648438
-0.0832748413085938 -0.0781402587890625 -0.074798583984375 -0.161529541015625
-0.111625671386719 -0.0271835327148437 -0.0655670166015625 -0.118789672851562
-0.105842590332031 0.00568389892578126 -0.019195556640625 -0.0980300903320313
-0.0950469970703125 0.00839996337890627 0.0359573364257813 -0.0983734130859375
-0.108863830566406 0.0195388793945312 0.101226806640625 -0.10711669921875
-0.112091064453125 0.00704193115234374 0.162918090820312 -0.060394287109375
-0.1138916015625 -0.0397109985351563 0.17974853515625 -0.01324462890625
-0.103721618652344 -0.0747299194335938 0.140853881835938 0.03857421875
-0.0387115478515625 -0.133705139160156 0.0955276489257813 0.0570831298828125
-0.0071868896484375 -0.145156860351562 0.0701713562011719 -0.024566650390625
0.035003662109375 -0.145477294921875 0.193557739257812 -0.1251220703125
0.0404510498046875 -0.0901412963867188 -0.0457000732421875 -0.192230224609375
0.027008056640625 -0.0933380126953125 0.0204925537109375 -0.264434814453125
0.00325012207031251 -0.118301391601563 -0.000442504882812513 -0.255996704101563
-0.0380020141601563 -0.105239868164063 -0.0481719970703125 -0.226974487304688
-0.0470848083496094 -0.0660743713378906 -0.050048828125 -0.148681640625
-0.06787109375 -0.0419158935546875 -0.0307998657226562 -0.112251281738281
-0.0692710876464844 -0.029266357421875 0.0161361694335937 -0.0998992919921875
-0.0620880126953125 -0.0291671752929687 0.0640792846679688 -0.102790832519531
-0.0722503662109375 -0.0252532958984375 0.123748779296875 -0.113304138183594
-0.0648231506347656 -0.0265274047851562 0.178329467773438 -0.067657470703125
-0.060577392578125 -0.0481414794921875 0.183975219726563 -0.018951416015625
-0.0572280883789063 -0.063018798828125 0.140731811523438 0.031219482421875
-0.01190185546875 -0.0973052978515625 0.0878524780273438 0.0438461303710938
0.00912475585937499 -0.0938873291015625 0.0615348815917969 -0.0535850524902344
0.0320358276367187 -0.0849151611328125 0.204330444335938 -0.16717529296875
0.0140361785888672 -0.0114927291870117 -0.041259765625 -0.193862915039063
0.0168514251708984 -0.0285415649414063 0.01953125 -0.255233764648438
0.00662994384765625 -0.0519065856933594 1.52587890624936E-05 -0.234756469726562
-0.00777435302734375 -0.0497550964355469 -0.0351715087890625 -0.204757690429687
-0.000860214233398438 -0.0339717864990234 -0.0350875854492188 -0.128463745117188
-0.00625228881835937 -0.0453720092773438 -0.00974273681640625 -0.0970458984375
-0.0187301635742188 -0.0595169067382813 0.0391311645507813 -0.0881271362304688
-0.0181999206542969 -0.0628509521484375 0.0821914672851563 -0.090179443359375
-0.0253219604492187 -0.0664749145507813 0.139381408691406 -0.0947036743164063
-0.0126838684082031 -0.0580177307128906 0.184707641601563 -0.050506591796875
-0.00271606445312501 -0.05438232421875 0.180084228515625 -0.0040130615234375
-0.00368881225585938 -0.0500602722167969 0.135711669921875 0.0399932861328125
0.0252532958984375 -0.0535049438476563 0.0803909301757813 0.0468063354492188
0.0332717895507813 -0.0285987854003906 0.061187744140625 -0.0590591430664062
0.0311203002929687 -0.0107345581054688 0.211013793945313 -0.182113647460938
-0.0111808776855469 0.0654716491699219 -0.059600830078125 -0.168807983398438
-0.000610351562500002 0.0381965637207031 -0.000686645507812498 -0.223953247070313
0.00237274169921875 0.0253314971923828 -0.0135040283203125 -0.204269409179688
0.0226459503173828 0.0180397033691406 -0.0378265380859375 -0.1790771484375
0.0495986938476562 0.0072021484375 -0.0392608642578125 -0.108367919921875
0.0602989196777344 -0.0417060852050781 -0.00997924804687499 -0.076171875
0.035797119140625 -0.0817413330078125 0.0415115356445313 -0.0646591186523438
0.0273971557617187 -0.0855941772460938 0.0867233276367188 -0.0643310546875
0.0231781005859375 -0.0951309204101563 0.14495849609375 -0.062225341796875
0.0358505249023438 -0.076324462890625 0.18426513671875 -0.0190277099609375
0.0479202270507813 -0.0509796142578125 0.173370361328125 0.0251922607421875
0.04254150390625 -0.0310821533203125 0.130561828613281 0.0618667602539062
0.0556373596191406 -0.00707244873046875 0.0767974853515625 0.0671768188476563
0.0513839721679688 0.0406150817871094 0.0689544677734375 -0.03924560546875
0.0251235961914063 0.0675430297851563 0.21295166015625 -0.16644287109375
-0.00553894042968752 -0.176101684570313 -0.180496215820313 0.125534057617187
-0.08648681640625 -0.07861328125 -0.0884780883789063 0.00780487060546875
-0.0909881591796875 -0.0288925170898438 -0.078887939453125 -0.0893096923828125
-0.091949462890625 0.0164108276367188 -0.132530212402344 -0.0964279174804688
-0.0756378173828125 0.0475234985351563 -0.154220581054687 -0.068450927734375
-0.0601577758789062 0.1005859375 -0.17388916015625 -0.00793457031249996
-0.0387496948242188 0.121383666992188 -0.140388488769531 0.0381622314453125
-0.046295166015625 0.110519409179688 -0.0822677612304688 0.0358123779296875
-0.0667343139648437 0.119026184082031 -0.0240669250488281 0.0376396179199219
-0.10223388671875 0.0714263916015625 0.02667236328125 0.0622940063476563
-0.113380432128906 -0.000587463378906231 0.0657730102539062 0.0865402221679687
-0.0851058959960938 -0.0526580810546875 0.0537338256835937 0.128883361816406
-0.0231781005859375 -0.0979766845703125 0.03497314453125 0.1817626953125
7.28707676440249E-18 -0.119010925292969 0.0397186279296875 0.1932373046875
0.037261962890625 -0.149185180664063 0.0835647583007813 0.132217407226563
0.0145721435546875 -0.220321655273437 -0.173736572265625 0.0513763427734375
-0.0730514526367188 -0.128204345703125 -0.0890579223632813 -0.059967041015625
-0.089935302734375 -0.0782241821289063 -0.08026123046875 -0.136970520019531
-0.105392456054688 -0.0257415771484375 -0.134124755859375 -0.141326904296875
-0.0954055786132813 0.0166549682617188 -0.149932861328125 -0.105911254882813
-0.0953140258789062 0.0811309814453125 -0.167098999023437 -0.0511016845703125
-0.0770645141601562 0.113288879394531 -0.132537841796875 -0.00952911376953124
-0.0805740356445312 0.106132507324219 -0.0690498352050781 -0.00935363769531248
-0.104515075683594 0.118629455566406 -0.00490665435791016 -0.00915527343749999
-0.141845703125 0.0698394775390625 0.0560264587402344 0.0243988037109375
-0.153961181640625 -0.0172576904296875 0.0977935791015625 0.053924560546875
-0.1207275390625 -0.0859756469726563 0.0796661376953125 0.0980148315429688
-0.03155517578125 -0.148895263671875 0.064239501953125 0.139701843261719
0.0018310546875 -0.169815063476563 0.0630722045898438 0.131095886230469
0.044158935546875 -0.19189453125 0.11407470703125 0.0630416870117188
0.0374298095703125 -0.233306884765625 -0.152542114257813 -0.0319061279296875
-0.0422515869140625 -0.161148071289063 -0.0743331909179688 -0.135665893554688
-0.07073974609375 -0.12738037109375 -0.0721893310546875 -0.188720703125
-0.105194091796875 -0.0747146606445313 -0.129058837890625 -0.184402465820313
-0.105766296386719 -0.0213775634765625 -0.138763427734375 -0.137939453125
-0.1190185546875 0.0472030639648437 -0.151138305664063 -0.0879058837890625
-0.104873657226563 0.0864944458007813 -0.111282348632812 -0.0526504516601563
-0.103118896484375 0.0850372314453125 -0.0460739135742188 -0.0515975952148437
-0.124809265136719 0.101127624511719 0.0225868225097656 -0.0566635131835937
-0.154998779296875 0.06317138671875 0.0910873413085937 -0.0172119140625
-0.168487548828125 -0.0230255126953125 0.129508972167969 0.017852783203125
-0.140640258789062 -0.092071533203125 0.108039855957031 0.0651016235351562
-0.047943115234375 -0.169570922851563 0.0872879028320313 0.098358154296875
-0.00909423828124998 -0.192550659179687 0.074615478515625 0.0655136108398437
0.0422821044921875 -0.207748413085938 0.141311645507813 -0.014923095703125
0.0540924072265625 -0.21234130859375 -0.122322082519531 -0.10955810546875
-0.00579833984375002 -0.168624877929688 -0.0494842529296875 -0.202423095703125
-0.0438385009765625 -0.15972900390625 -0.05560302734375 -0.232208251953125
-0.0945816040039063 -0.11578369140625 -0.116531372070312 -0.218704223632813
-0.10479736328125 -0.0572052001953125 -0.1204833984375 -0.156280517578125
-0.127769470214844 0.00933837890625002 -0.1214599609375 -0.111183166503906
-0.11572265625 0.0503997802734375 -0.0774612426757813 -0.0841217041015625
-0.108818054199219 0.0519790649414063 -0.0160675048828125 -0.0846023559570313
-0.126602172851563 0.0688323974609375 0.0512542724609375 -0.0981903076171875
-0.143524169921875 0.0422515869140625 0.121551513671875 -0.0585403442382813
-0.154800415039063 -0.0267791748046875 0.153152465820313 -0.0179443359375
-0.1375732421875 -0.0838775634765625 0.12774658203125 0.0353775024414062
-0.0561370849609375 -0.161972045898438 0.0986480712890625 0.0626296997070313
-0.0158843994140625 -0.183517456054688 0.072509765625 0.00547790527343749
0.0366973876953125 -0.19384765625 0.160385131835938 -0.092041015625
0.0588226318359375 -0.16180419921875 -0.0893402099609375 -0.169158935546875
0.021514892578125 -0.144073486328125 -0.0241851806640625 -0.252716064453125
-0.0132904052734375 -0.157806396484375 -0.0390472412109375 -0.258575439453125
-0.0696640014648438 -0.131034851074219 -0.0955047607421875 -0.231826782226563
-0.0854263305664062 -0.0785446166992188 -0.0933074951171875 -0.157669067382813
-0.112091064453125 -0.0253219604492188 -0.0825881958007813 -0.11712646484375
-0.108078002929688 0.00683593750000002 -0.0374526977539063 -0.102821350097656
-0.0981903076171875 0.00885009765625 0.0165023803710938 -0.105667114257813
-0.111457824707031 0.0219955444335938 0.0780715942382813 -0.122901916503906
-0.113250732421875 0.00872039794921875 0.143463134765625 -0.0857086181640625
-0.117721557617188 -0.038848876953125 0.166366577148438 -0.0403289794921875
-0.107460021972656 -0.0747528076171875 0.135711669921875 0.0142745971679687
-0.0411453247070313 -0.136436462402344 0.0955963134765625 0.037445068359375
-0.007293701171875 -0.148239135742188 0.0613327026367187 -0.0406494140625
0.0375518798828125 -0.14923095703125 0.174606323242188 -0.155029296875
0.0497589111328125 -0.0866622924804688 -0.0656280517578125 -0.200942993164063
0.0368499755859375 -0.0929031372070313 -0.0055389404296875 -0.273651123046875
0.00994873046875 -0.120498657226563 -0.025848388671875 -0.259445190429688
-0.035430908203125 -0.110458374023438 -0.0734710693359375 -0.224960327148438
-0.048614501953125 -0.073699951171875 -0.0669097900390625 -0.144699096679688
-0.0730361938476563 -0.0484771728515625 -0.0461807250976563 -0.111831665039063
-0.0783767700195313 -0.0340347290039062 0.000732421874999985 -0.104377746582031
-0.0714340209960938 -0.035247802734375 0.0466232299804687 -0.110519409179687
-0.0818099975585938 -0.030487060546875 0.101737976074219 -0.125808715820313
-0.0725555419921875 -0.033477783203125 0.15826416015625 -0.0892486572265625
-0.0626296997070312 -0.0560340881347656 0.170028686523438 -0.043548583984375
-0.0551605224609375 -0.0706405639648438 0.135658264160156 0.0088043212890625
-0.00581359863281251 -0.101249694824219 0.0877914428710938 0.024444580078125
0.0184326171875 -0.0935516357421875 0.0537071228027344 -0.0676231384277344
0.0427780151367188 -0.0830307006835938 0.185150146484375 -0.196945190429688
0.0304737091064453 -0.00307655334472656 -0.053070068359375 -0.20208740234375
0.0316486358642578 -0.0229549407958984 -0.00033569335937502 -0.26422119140625
0.0210990905761719 -0.0524139404296875 -0.0224151611328125 -0.239608764648437
0.00197601318359375 -0.0596084594726563 -0.0576324462890625 -0.202255249023438
0.00313949584960937 -0.0479545593261719 -0.048736572265625 -0.123367309570313
-0.0134048461914062 -0.0602302551269531 -0.020721435546875 -0.09356689453125
-0.0334892272949219 -0.0702857971191406 0.0279006958007812 -0.090362548828125
-0.0324172973632813 -0.0734710693359375 0.0707626342773437 -0.09478759765625
-0.040496826171875 -0.0780792236328125 0.122001647949219 -0.107620239257813
-0.0248184204101562 -0.0718002319335938 0.167510986328125 -0.0703582763671875
-0.0043487548828125 -0.0697364807128906 0.169769287109375 -0.02374267578125
0.00229263305664063 -0.0630569458007812 0.132698059082031 0.0200347900390625
0.0379562377929687 -0.0603675842285156 0.0821762084960938 0.0308990478515625
0.0516014099121094 -0.0280303955078125 0.0576095581054687 -0.0730056762695313
0.0493125915527344 -0.00481033325195313 0.19683837890625 -0.20782470703125
0.00997161865234376 0.077911376953125 -0.063751220703125 -0.172134399414063
0.0188522338867187 0.0464553833007813 -0.014434814453125 -0.229949951171875
0.0233573913574219 0.026580810546875 -0.0327911376953125 -0.20526123046875
0.0391120910644531 0.0084228515625 -0.0571746826171875 -0.172561645507813
0.0575141906738281 -0.0108146667480469 -0.0498275756835937 -0.0986862182617188
0.0530967712402344 -0.0636253356933594 -0.014739990234375 -0.0686874389648438
0.0189132690429687 -0.0978012084960938 0.0397796630859375 -0.0642013549804688
0.0113143920898437 -0.101097106933594 0.0818023681640625 -0.0668792724609375
0.00296783447265625 -0.111213684082031 0.13763427734375 -0.0709228515625
0.0217514038085938 -0.095947265625 0.173828125 -0.0335693359375
0.0454635620117188 -0.0720062255859375 0.166610717773438 0.00906372070312499
0.0506629943847656 -0.0495376586914063 0.131072998046875 0.0458526611328125
0.0725326538085938 -0.0152435302734375 0.084014892578125 0.0540847778320313
0.0757064819335937 0.0402755737304688 0.0706710815429688 -0.0488662719726563
0.0476837158203125 0.0760040283203125 0.204742431640625 -0.1883544921875
-0.03570556640625 -0.178024291992188 -0.177139282226562 0.1412353515625
-0.107566833496094 -0.068206787109375 -0.093292236328125 0.0205307006835938
-0.104942321777344 -0.01116943359375 -0.0846481323242188 -0.0753097534179688
-0.0927810668945313 0.0388946533203125 -0.132820129394531 -0.0815277099609375
-0.064453125 0.0672454833984375 -0.15081787109375 -0.0587615966796875
-0.0394363403320312 0.113525390625 -0.1690673828125 0.000518798828125001
-0.0141067504882813 0.127571105957031 -0.138259887695313 0.0418701171875
-0.0246505737304687 0.119483947753906 -0.0831222534179688 0.036834716796875
-0.0451202392578125 0.129486083984375 -0.0298118591308594 0.0323104858398438
-0.08642578125 0.092132568359375 0.0258750915527344 0.0507240295410156
-0.114158630371094 0.0215530395507812 0.0639419555664063 0.0718154907226563
-0.0983352661132813 -0.0336990356445313 0.0597763061523437 0.118919372558594
-0.0482864379882812 -0.096282958984375 0.04901123046875 0.172866821289062
-0.0259323120117187 -0.126075744628906 0.0486602783203125 0.189346313476563
0.00968933105468749 -0.162368774414063 0.0804214477539063 0.126861572265625
-0.0130615234375 -0.221389770507812 -0.18072509765625 0.062744140625
-0.0919418334960937 -0.117706298828125 -0.10308837890625 -0.0468826293945313
-0.100212097167969 -0.0611343383789063 -0.0906906127929688 -0.124038696289062
-0.105804443359375 -0.00505065917968748 -0.139999389648437 -0.12725830078125
-0.0884552001953125 0.034393310546875 -0.154876708984375 -0.09637451171875
-0.0747528076171875 0.0948104858398437 -0.170562744140625 -0.0426483154296875
-0.056365966796875 0.119590759277344 -0.13751220703125 -0.00728607177734374
-0.0629425048828125 0.114356994628906 -0.0793991088867187 -0.00811004638671873
-0.083709716796875 0.129371643066406 -0.0175495147705078 -0.0148143768310547
-0.12786865234375 0.0897445678710938 0.047088623046875 0.0104713439941406
-0.154617309570313 0.00494384765625002 0.0898895263671875 0.035125732421875
-0.134132385253906 -0.0670623779296875 0.081329345703125 0.0824050903320313
-0.0567474365234375 -0.147735595703125 0.0704498291015625 0.125892639160156
-0.02325439453125 -0.177459716796875 0.0641708374023438 0.122047424316406
0.0207366943359375 -0.20574951171875 0.101318359375 0.0511550903320312
0.015106201171875 -0.235076904296875 -0.1693115234375 -0.023529052734375
-0.0570068359375 -0.152374267578125 -0.096221923828125 -0.123313903808594
-0.08245849609375 -0.11328125 -0.089080810546875 -0.178009033203125
-0.106407165527344 -0.0569534301757813 -0.14300537109375 -0.171310424804688
-0.0995330810546875 -0.00864410400390626 -0.14923095703125 -0.12872314453125
-0.1044921875 0.0596389770507813 -0.15966796875 -0.0785064697265625
-0.0895614624023438 0.092559814453125 -0.1224365234375 -0.0496749877929688
-0.090667724609375 0.0924835205078125 -0.0618515014648438 -0.0522346496582031
-0.108558654785156 0.111587524414063 0.00291824340820312 -0.0629959106445313
-0.143753051757813 0.0769195556640625 0.0722274780273438 -0.0337142944335937
-0.1690673828125 -0.00442504882812498 0.116165161132813 -0.00252532958984375
-0.151779174804687 -0.078125 0.102836608886719 0.0463790893554687
-0.068450927734375 -0.168106079101563 0.0870285034179688 0.0825881958007813
-0.028533935546875 -0.196060180664063 0.0693550109863281 0.0555915832519531
0.02447509765625 -0.218658447265625 0.12060546875 -0.0302505493164063
0.0428466796875 -0.215377807617188 -0.144683837890625 -0.105300903320313
-0.0158233642578125 -0.163009643554688 -0.0774078369140625 -0.194931030273437
-0.0511016845703125 -0.1519775390625 -0.0753631591796875 -0.222808837890625
-0.0974960327148437 -0.105171203613281 -0.133514404296875 -0.205276489257813
-0.103462219238281 -0.0485763549804687 -0.135879516601562 -0.144485473632813
-0.11993408203125 0.0180130004882812 -0.137115478515625 -0.102073669433594
-0.109474182128906 0.0527801513671875 -0.0946197509765625 -0.0804519653320313
-0.102005004882812 0.0564041137695312 -0.036376953125 -0.0847015380859375
-0.119071960449219 0.0736312866210938 0.026275634765625 -0.102714538574219
-0.139358520507813 0.05047607421875 0.0994949340820313 -0.0763778686523438
-0.157882690429688 -0.01812744140625 0.13336181640625 -0.0389328002929688
-0.144180297851563 -0.0751953125 0.11627197265625 0.0161819458007812
-0.069091796875 -0.160568237304688 0.094268798828125 0.043792724609375
-0.027496337890625 -0.187362670898438 0.0600852966308594 -0.00782394409179689
0.0311431884765625 -0.201522827148437 0.135177612304688 -0.110984802246094
0.057861328125 -0.164108276367188 -0.113845825195313 -0.168228149414063
0.0222320556640625 -0.143798828125 -0.05340576171875 -0.249298095703125
-0.0169830322265625 -0.156570434570312 -0.0643310546875 -0.252120971679688
-0.0724868774414062 -0.130332946777344 -0.116180419921875 -0.221145629882813
-0.0850143432617188 -0.0766983032226562 -0.110153198242187 -0.149185180664063
-0.112831115722656 -0.0211029052734375 -0.0993499755859375 -0.112030029296875
-0.110031127929687 0.00811004638671873 -0.0564041137695313 -0.0998077392578125
-0.100128173828125 0.0110244750976562 -0.00585937500000001 -0.106048583984375
-0.113380432128906 0.023681640625 0.0501632690429687 -0.127128601074219
-0.114845275878906 0.0113449096679687 0.118087768554688 -0.0995101928710938
-0.1209716796875 -0.0374679565429688 0.146377563476563 -0.06048583984375
-0.111076354980469 -0.0753097534179688 0.120277404785156 -0.005401611328125
-0.0434646606445313 -0.138328552246094 0.088714599609375 0.0174636840820312
-0.00691223144531248 -0.151321411132813 0.0478096008300781 -0.0530357360839844
0.038421630859375 -0.152786254882813 0.147369384765625 -0.175384521484375
0.0606002807617188 -0.0873641967773438 -0.0853424072265625 -0.206893920898438
0.042388916015625 -0.0933303833007813 -0.032470703125 -0.27301025390625
0.0166015625 -0.125381469726563 -0.050140380859375 -0.254913330078125
-0.0347824096679688 -0.117691040039063 -0.0955963134765625 -0.214797973632813
-0.0492782592773437 -0.0813064575195313 -0.0786666870117187 -0.13482666015625
-0.0797576904296875 -0.0551223754882812 -0.056915283203125 -0.105392456054687
-0.0897369384765625 -0.0346450805664062 -0.0150070190429688 -0.104103088378906
-0.0820541381835938 -0.0370712280273437 0.0285720825195312 -0.110076904296875
-0.0946884155273437 -0.0322036743164063 0.0783843994140625 -0.133934020996094
-0.0795822143554688 -0.0373458862304687 0.131538391113281 -0.103263854980469
-0.0669059753417969 -0.0641403198242188 0.150650024414063 -0.060394287109375
-0.0560150146484375 -0.0787887573242188 0.120071411132813 -0.00828552246093751
0.000816345214843759 -0.108566284179688 0.0808486938476563 0.00733947753906249
0.0285415649414063 -0.0966415405273438 0.0413436889648438 -0.079254150390625
0.0537109375 -0.0834274291992188 0.160400390625 -0.216781616210938
0.0489234924316406 -0.00069427490234375 -0.0685882568359375 -0.20599365234375
0.0487251281738281 -0.0242958068847656 -0.0225677490234375 -0.266983032226563
0.0342636108398438 -0.0594940185546875 -0.043487548828125 -0.23541259765625
0.00675201416015625 -0.0708084106445313 -0.0773773193359375 -0.191635131835937
0.00353622436523438 -0.0609703063964844 -0.0590057373046875 -0.114105224609375
-0.0234527587890625 -0.073211669921875 -0.0287551879882812 -0.0877838134765625
-0.0491409301757813 -0.0765151977539062 0.0177841186523437 -0.0885086059570313
-0.0499114990234375 -0.07781982421875 0.057037353515625 -0.0960617065429688
-0.0584030151367187 -0.0816116333007813 0.104385375976562 -0.107719421386719
-0.0397415161132813 -0.0809249877929687 0.144729614257812 -0.0800628662109375
-0.0126571655273438 -0.0842819213867187 0.152587890625 -0.0392913818359375
0.00434112548828126 -0.0793685913085938 0.12335205078125 0.00372314453124999
0.0487174987792969 -0.067718505859375 0.079193115234375 0.0133438110351562
0.0714874267578125 -0.03399658203125 0.047332763671875 -0.0816421508789063
0.0655326843261719 -0.0037689208984375 0.175445556640625 -0.226959228515625
0.0339126586914063 0.0844802856445313 -0.0691375732421875 -0.1724853515625
0.0396995544433594 0.0481491088867188 -0.0276947021484375 -0.231353759765625
0.0429878234863281 0.0223541259765625 -0.04962158203125 -0.199783325195313
0.0487289428710938 -0.00847625732421875 -0.0717010498046875 -0.160858154296875
0.0583343505859375 -0.0303077697753906 -0.055511474609375 -0.0847244262695313
0.0405502319335937 -0.08135986328125 -0.0180397033691406 -0.0605087280273438
-0.00244140625000001 -0.107749938964844 0.0366554260253906 -0.0628929138183594
-0.0112838745117188 -0.109298706054688 0.0779190063476563 -0.0692138671875
-0.02130126953125 -0.118377685546875 0.126998901367188 -0.074005126953125
-2.28881835937492E-05 -0.108154296875 0.157989501953125 -0.043426513671875
0.036224365234375 -0.0911102294921875 0.157211303710938 -0.00375366210937501
0.050262451171875 -0.0676994323730469 0.12640380859375 0.028839111328125
0.0856475830078125 -0.0286102294921875 0.0833358764648438 0.0404739379882813
0.0979537963867188 0.0316543579101563 0.0681991577148438 -0.0585784912109375
0.0724411010742188 0.0765533447265625 0.19189453125 -0.203842163085938
-0.0629730224609375 -0.175003051757813 -0.177154541015625 0.15191650390625
-0.121124267578125 -0.0530242919921875 -0.0963211059570313 0.0340499877929687
-0.109001159667969 0.00746154785156249 -0.0844345092773437 -0.0637741088867187
-0.0883560180664063 0.0577774047851563 -0.129219055175781 -0.07147216796875
-0.0543212890625 0.0798568725585938 -0.147308349609375 -0.05145263671875
-0.016326904296875 0.121368408203125 -0.163223266601563 0.00491333007812498
0.00623321533203124 0.127853393554688 -0.134231567382813 0.0424118041992187
-0.00524902343750001 0.120834350585937 -0.0859451293945313 0.037200927734375
-0.0203094482421875 0.13421630859375 -0.0350189208984375 0.0313072204589844
-0.0695877075195313 0.103111267089844 0.0202140808105469 0.041778564453125
-0.108711242675781 0.0434112548828125 0.0598487854003906 0.0580482482910156
-0.105880737304687 -0.01605224609375 0.0616912841796875 0.10784912109375
-0.0682144165039062 -0.0885086059570313 0.0558013916015625 0.162750244140625
-0.0513916015625 -0.124359130859375 0.053863525390625 0.184890747070312
-0.0141143798828125 -0.166854858398438 0.0766143798828125 0.124031066894531
-0.0365142822265625 -0.219589233398438 -0.1885986328125 0.0743865966796875
-0.103759765625 -0.103279113769531 -0.112655639648437 -0.03314208984375
-0.105812072753906 -0.0445022583007812 -0.096954345703125 -0.111778259277344
-0.103279113769531 0.0135726928710938 -0.142990112304688 -0.114730834960937
-0.07672119140625 0.0469741821289062 -0.15533447265625 -0.0875244140625
-0.0547866821289062 0.100006103515625 -0.170974731445312 -0.0362701416015625
-0.03680419921875 0.12060546875 -0.142303466796875 -0.00315856933593747
-0.0451812744140625 0.116630554199219 -0.0872726440429688 -0.00671386718749999
-0.0641632080078125 0.135223388671875 -0.0312213897705078 -0.0154705047607422
-0.111160278320313 0.101226806640625 0.0341415405273437 0.000993728637695319
-0.151214599609375 0.0248565673828125 0.0774612426757812 0.021636962890625
-0.142776489257813 -0.0504608154296875 0.0753402709960937 0.0699234008789063
-0.0771331787109375 -0.141036987304688 0.070831298828125 0.113212585449219
-0.04803466796875 -0.176437377929687 0.0603561401367187 0.116783142089844
-0.00108337402343748 -0.212936401367187 0.0885009765625 0.04669189453125
-0.000411987304687479 -0.235260009765625 -0.184814453125 -0.0143890380859375
-0.0663604736328125 -0.142898559570313 -0.113090515136719 -0.109352111816406
-0.085113525390625 -0.100715637207031 -0.0992431640625 -0.163955688476562
-0.106269836425781 -0.0431442260742188 -0.150283813476563 -0.158721923828125
-0.0917816162109375 0.00230407714843751 -0.155792236328125 -0.118515014648437
-0.0898056030273438 0.0640335083007812 -0.167129516601563 -0.071136474609375
-0.0750961303710938 0.0946731567382812 -0.133995056152344 -0.0451583862304688
-0.0777206420898438 0.09466552734375 -0.0762176513671875 -0.048126220703125
-0.0947341918945313 0.116691589355469 -0.0173454284667969 -0.0624160766601562
-0.131401062011719 0.08685302734375 0.0539627075195313 -0.043548583984375
-0.167449951171875 0.0104217529296875 0.097869873046875 -0.0166015625
-0.15997314453125 -0.0637969970703125 0.0904083251953125 0.0338058471679687
-0.08465576171875 -0.162841796875 0.0816421508789062 0.0666122436523437
-0.047149658203125 -0.19854736328125 0.0586891174316406 0.0475425720214844
0.00933837890625002 -0.226028442382813 0.100082397460938 -0.0393905639648438
0.0341033935546875 -0.217742919921875 -0.164566040039062 -0.098175048828125
-0.018310546875 -0.1595458984375 -0.0968170166015625 -0.182296752929688
-0.0518646240234375 -0.1448974609375 -0.09228515625 -0.210311889648437
-0.0983428955078125 -0.0968856811523437 -0.146881103515625 -0.192962646484375
-0.0981292724609375 -0.0436325073242188 -0.144485473632813 -0.134719848632813
-0.112060546875 0.01971435546875 -0.146469116210938 -0.0941009521484375
-0.103469848632813 0.0569000244140625 -0.109222412109375 -0.0752487182617188
-0.0985641479492188 0.0580520629882813 -0.0532302856445313 -0.0814895629882813
-0.112960815429687 0.07958984375 0.00223541259765625 -0.102867126464844
-0.132881164550781 0.058349609375 0.0742340087890625 -0.0816421508789063
-0.156951904296875 -0.00759887695312498 0.112419128417969 -0.0513458251953125
-0.150375366210938 -0.068695068359375 0.099822998046875 0.00147247314453125
-0.07818603515625 -0.160171508789062 0.0828018188476563 0.029052734375
-0.0371551513671875 -0.1898193359375 0.046600341796875 -0.0138092041015625
0.0230255126953125 -0.207275390625 0.110664367675781 -0.121055603027344
0.0589599609375 -0.16656494140625 -0.1348876953125 -0.164337158203125
0.02398681640625 -0.14508056640625 -0.0771636962890625 -0.23919677734375
-0.0142974853515625 -0.158355712890625 -0.0810546875 -0.240310668945312
-0.0744400024414063 -0.128028869628906 -0.13092041015625 -0.207992553710938
-0.0869522094726562 -0.0770645141601563 -0.119194030761719 -0.137954711914062
-0.112617492675781 -0.0225448608398438 -0.109443664550781 -0.103172302246094
-0.112403869628906 0.0103073120117187 -0.0717926025390625 -0.0945587158203125
-0.104011535644531 0.0117874145507813 -0.0219802856445313 -0.101898193359375
-0.116188049316406 0.0269012451171875 0.0269622802734375 -0.126747131347656
-0.116615295410156 0.0124664306640625 0.0913009643554687 -0.106338500976563
-0.122970581054688 -0.0368194580078125 0.120491027832031 -0.0709457397460938
-0.113517761230469 -0.0756072998046875 0.103736877441406 -0.018707275390625
-0.0471343994140625 -0.142257690429687 0.0757522583007813 0.00287628173828124
-0.0083770751953125 -0.15557861328125 0.0316886901855469 -0.060577392578125
0.0417327880859375 -0.159225463867188 0.119003295898437 -0.18731689453125
0.0703506469726562 -0.0918502807617187 -0.104690551757812 -0.202987670898438
0.0523757934570312 -0.0983734130859375 -0.05474853515625 -0.268447875976562
0.02105712890625 -0.131484985351563 -0.0673980712890625 -0.246353149414062
-0.0357894897460938 -0.124465942382813 -0.109832763671875 -0.202499389648438
-0.0534820556640625 -0.0872344970703125 -0.089141845703125 -0.12445068359375
-0.0884246826171875 -0.0580062866210937 -0.0691070556640625 -0.0977783203125
-0.0989837646484375 -0.0370101928710937 -0.0281295776367188 -0.0990524291992188
-0.0933456420898438 -0.0358657836914063 0.0124282836914063 -0.107208251953125
-0.104934692382813 -0.0309295654296875 0.056610107421875 -0.130500793457031
-0.0897369384765625 -0.0399856567382812 0.108474731445313 -0.106636047363281
-0.0756683349609375 -0.0704498291015625 0.127227783203125 -0.0686721801757812
-0.0584793090820313 -0.086883544921875 0.105636596679688 -0.0212554931640625
0.0037078857421875 -0.116119384765625 0.0678215026855469 -0.00552749633789063
0.0366134643554687 -0.105323791503906 0.0277023315429688 -0.0877609252929688
0.0650558471679688 -0.08953857421875 0.135025024414063 -0.228729248046875
0.0666885375976563 -0.00172805786132813 -0.0795135498046875 -0.207244873046875
0.0632781982421875 -0.0294723510742188 -0.0392608642578125 -0.265457153320313
0.0463905334472656 -0.0701828002929688 -0.05926513671875 -0.2275390625
0.00975036621093749 -0.084564208984375 -0.0896759033203125 -0.179244995117188
-0.003082275390625 -0.073455810546875 -0.0633392333984375 -0.101654052734375
-0.0382003784179687 -0.0806121826171875 -0.0327911376953125 -0.0810089111328125
-0.0659637451171875 -0.0790252685546875 0.0105819702148438 -0.0877227783203125
-0.0675888061523437 -0.0797500610351563 0.0456008911132812 -0.0950546264648438
-0.078857421875 -0.083251953125 0.088348388671875 -0.109886169433594
-0.055511474609375 -0.0861968994140625 0.126571655273438 -0.08367919921875
-0.0237503051757813 -0.096405029296875 0.134010314941406 -0.0445327758789063
-0.000328063964843741 -0.0944671630859375 0.109115600585938 -0.00722503662109376
0.0576705932617188 -0.0816650390625 0.0699195861816406 0.00201797485351562
0.0849533081054688 -0.0430908203125 0.040069580078125 -0.0907669067382812
0.0857696533203125 -0.0080718994140625 0.155014038085938 -0.24066162109375
0.055572509765625 0.084564208984375 -0.073577880859375 -0.175857543945313
0.0601997375488281 0.0438308715820313 -0.03973388671875 -0.231399536132813
0.0612525939941406 0.00942230224609375 -0.0619964599609375 -0.192306518554688
0.0563812255859375 -0.0258827209472656 -0.08148193359375 -0.146102905273437
0.054046630859375 -0.0466995239257813 -0.054901123046875 -0.0740585327148438
0.0233078002929687 -0.0931320190429687 -0.0149345397949219 -0.0543937683105469
-0.0221710205078125 -0.111885070800781 0.0357398986816406 -0.0616340637207031
-0.0325241088867188 -0.110389709472656 0.070892333984375 -0.06793212890625
-0.044464111328125 -0.119918823242188 0.114372253417969 -0.0766067504882813
-0.0188369750976562 -0.112655639648437 0.14385986328125 -0.046051025390625
0.0213241577148437 -0.105522155761719 0.142669677734375 -0.00772094726562501
0.04638671875 -0.0855941772460938 0.118186950683594 0.0177688598632812
0.097015380859375 -0.044158935546875 0.08123779296875 0.026397705078125
0.116973876953125 0.0189056396484375 0.0650367736816406 -0.0689888000488281
0.094085693359375 0.0712814331054688 0.17791748046875 -0.216766357421875
-0.0875244140625 -0.168548583984375 -0.178466796875 0.165924072265625
-0.134330749511719 -0.0359954833984375 -0.0963287353515625 0.0470046997070313
-0.113571166992188 0.0267333984375 -0.0828857421875 -0.0562515258789062
-0.0812759399414063 0.0765380859375 -0.12530517578125 -0.065673828125
-0.0409011840820313 0.090789794921875 -0.145233154296875 -0.048736572265625
0.00476837158203126 0.124092102050781 -0.16015625 0.00587463378906248
0.0254745483398438 0.126167297363281 -0.135856628417969 0.0420379638671875
0.0123672485351562 0.120620727539063 -0.0896453857421875 0.037750244140625
0.00038146972656249 0.136192321777344 -0.0428123474121094 0.0319747924804688
-0.0526962280273438 0.111724853515625 0.0127143859863281 0.0358619689941406
-0.101509094238281 0.0603179931640625 0.0530357360839844 0.0504226684570313
-0.109039306640625 0.00160217285156251 0.0615921020507813 0.100669860839844
-0.0855941772460937 -0.0781631469726563 0.059600830078125 0.156387329101563
-0.0748977661132813 -0.120384216308594 0.057647705078125 0.185134887695312
-0.03900146484375 -0.169586181640625 0.0725555419921875 0.1268310546875
-0.056976318359375 -0.215927124023438 -0.199050903320313 0.087677001953125
-0.11553955078125 -0.0893402099609375 -0.120582580566406 -0.0183029174804687
-0.108818054199219 -0.0285491943359375 -0.100189208984375 -0.102462768554688
-0.0959320068359375 0.0293502807617187 -0.144912719726563 -0.107574462890625
-0.0639457702636719 0.0560798645019531 -0.158050537109375 -0.083984375
-0.0367355346679688 0.102897644042969 -0.173721313476562 -0.0327301025390625
-0.020233154296875 0.119186401367188 -0.149627685546875 -0.000534057617187516
-0.0298919677734375 0.116737365722656 -0.0972366333007813 -0.00303649902343748
-0.0457992553710937 0.137290954589844 -0.0448341369628906 -0.0132179260253906
-0.0967483520507812 0.109519958496094 0.0217742919921875 -0.00393676757812499
-0.146331787109375 0.0404510498046875 0.0653343200683594 0.0131111145019531
-0.1475830078125 -0.0341033935546875 0.0687751770019531 0.0630035400390625
-0.0948104858398438 -0.133865356445313 0.069305419921875 0.104827880859375
-0.06982421875 -0.175888061523438 0.0567398071289062 0.115005493164063
-0.022552490234375 -0.21807861328125 0.077056884765625 0.0464553833007812
-0.0152740478515625 -0.23577880859375 -0.201431274414063 -0.00143432617187501
-0.0733489990234375 -0.134170532226563 -0.126289367675781 -0.0954055786132813
-0.0868988037109375 -0.0901947021484375 -0.107589721679687 -0.15478515625
-0.102287292480469 -0.0317153930664063 -0.157958984375 -0.150665283203125
-0.08380126953125 0.00829315185546876 -0.161651611328125 -0.111709594726563
-0.0764999389648438 0.0662918090820313 -0.1744384765625 -0.0655975341796875
-0.06524658203125 0.0943069458007813 -0.146209716796875 -0.03900146484375
-0.0680465698242188 0.0957794189453125 -0.0897674560546875 -0.0425033569335938
-0.0836029052734375 0.1190185546875 -0.0355796813964844 -0.0593643188476562
-0.122642517089844 0.0944747924804687 0.0357704162597656 -0.0470123291015625
-0.165664672851563 0.0223388671875 0.0805587768554687 -0.0244140625
-0.165435791015625 -0.052001953125 0.0785903930664062 0.0262298583984375
-0.0993194580078125 -0.159194946289063 0.0736083984375 0.0571136474609375
-0.0648040771484375 -0.200225830078125 0.0484848022460937 0.0438194274902344
-0.00653076171874999 -0.233795166015625 0.0818939208984375 -0.0416641235351563
0.0285491943359375 -0.22125244140625 -0.185699462890625 -0.087554931640625
-0.02215576171875 -0.157867431640625 -0.115814208984375 -0.169448852539063
-0.053314208984375 -0.142333984375 -0.103713989257813 -0.201736450195312
-0.0973052978515625 -0.0915298461914063 -0.15765380859375 -0.18402099609375
-0.0955810546875 -0.0410385131835937 -0.152008056640625 -0.1279296875
-0.106964111328125 0.0218429565429687 -0.156448364257813 -0.0862579345703125
-0.100212097167969 0.057373046875 -0.123680114746094 -0.0686111450195313
-0.0956802368164063 0.0595550537109375 -0.0689544677734375 -0.074554443359375
-0.10882568359375 0.0817718505859375 -0.0186614990234375 -0.0980682373046875
-0.129714965820313 0.0619964599609375 0.0520477294921875 -0.0841827392578125
-0.15911865234375 -0.000991821289062514 0.0921478271484375 -0.0572128295898437
-0.156097412109375 -0.0626983642578125 0.084716796875 -0.004852294921875
-0.08831787109375 -0.160171508789063 0.0699005126953125 0.0190544128417969
-0.0480499267578125 -0.193893432617188 0.0321102142333984 -0.0183296203613281
0.014984130859375 -0.216110229492188 0.086700439453125 -0.126213073730469
0.0631866455078125 -0.174057006835938 -0.1572265625 -0.159027099609375
0.0267791748046875 -0.148880004882813 -0.0968017578125 -0.230926513671875
-0.0134735107421875 -0.163497924804688 -0.094573974609375 -0.233261108398438
-0.0771560668945313 -0.130546569824219 -0.14385986328125 -0.199142456054688
-0.0894088745117188 -0.0789413452148438 -0.127250671386719 -0.129890441894531
-0.115936279296875 -0.022125244140625 -0.120803833007813 -0.0957565307617188
-0.11688232421875 0.0119781494140625 -0.0857086181640625 -0.0880050659179688
-0.109184265136719 0.0140380859375 -0.0374526977539063 -0.0956649780273438
-0.120941162109375 0.02996826171875 0.00679016113281248 -0.122024536132812
-0.121353149414063 0.01470947265625 0.0685577392578125 -0.106124877929687
-0.1300048828125 -0.036468505859375 0.100059509277344 -0.0742111206054688
-0.120018005371094 -0.077911376953125 0.0864639282226562 -0.0238723754882813
-0.05059814453125 -0.147674560546875 0.0613136291503906 -0.00545883178710938
-0.01025390625 -0.162078857421875 0.0163116455078125 -0.0654678344726563
0.0442352294921875 -0.168731689453125 0.095855712890625 -0.194656372070313
0.0822525024414063 -0.0986175537109375 -0.12384033203125 -0.202224731445312
0.0624771118164062 -0.106338500976563 -0.0743408203125 -0.265411376953125
0.0261077880859375 -0.142776489257813 -0.082916259765625 -0.240203857421875
-0.0395660400390625 -0.133842468261719 -0.12188720703125 -0.193923950195312
-0.0591812133789063 -0.095123291015625 -0.0950241088867188 -0.1173095703125
-0.0983963012695313 -0.0600128173828125 -0.0771484375 -0.0916366577148438
-0.111236572265625 -0.0345535278320312 -0.040008544921875 -0.0941314697265625
-0.105155944824219 -0.0344696044921875 -0.000495910644531254 -0.101974487304688
-0.117805480957031 -0.0279998779296875 0.0398483276367188 -0.125572204589844
-0.10137939453125 -0.0405349731445312 0.0884552001953125 -0.105155944824219
-0.08514404296875 -0.0771255493164063 0.108566284179688 -0.06951904296875
-0.0656204223632813 -0.0971145629882812 0.0882492065429688 -0.0267868041992188
0.00635528564453125 -0.127479553222656 0.0554580688476563 -0.0144386291503906
0.0443191528320312 -0.1156005859375 0.0130538940429688 -0.0938644409179688
0.076812744140625 -0.0989227294921875 0.1131591796875 -0.238082885742188
0.0849456787109375 -0.0079345703125 -0.0937957763671875 -0.210296630859375
0.0787734985351563 -0.038818359375 -0.0554351806640625 -0.265884399414063
0.05621337890625 -0.0832061767578125 -0.0731964111328125 -0.223495483398438
0.00811004638671875 -0.100959777832031 -0.0991973876953125 -0.170791625976563
-0.0100250244140625 -0.0870819091796875 -0.066802978515625 -0.0944137573242187
-0.0538330078125 -0.0870742797851563 -0.0359268188476562 -0.0758285522460938
-0.0838699340820313 -0.0786056518554687 0.00412750244140625 -0.0846405029296875
-0.0842514038085938 -0.0780258178710938 0.038238525390625 -0.091552734375
-0.0985870361328125 -0.0809860229492188 0.0757827758789063 -0.107292175292969
-0.0721817016601563 -0.0883102416992188 0.110519409179687 -0.0810928344726563
-0.0366668701171875 -0.108108520507812 0.119056701660156 -0.044708251953125
-0.007537841796875 -0.108551025390625 0.0949859619140625 -0.013275146484375
0.064605712890625 -0.0974273681640625 0.0599441528320313 -0.00698089599609376
0.0986480712890625 -0.0570907592773438 0.0293731689453125 -0.0996322631835938
0.104011535644531 -0.0181503295898438 0.138809204101563 -0.25054931640625
0.07818603515625 0.0800094604492188 -0.079681396484375 -0.180084228515625
0.0792770385742188 0.0371627807617188 -0.0496978759765625 -0.233428955078125
0.0750808715820313 -0.0048828125 -0.071929931640625 -0.187850952148438
0.0585174560546875 -0.0439796447753906 -0.0865936279296875 -0.136993408203125
0.0477066040039063 -0.0619087219238281 -0.052276611328125 -0.0657234191894531
0.00505828857421875 -0.1026611328125 -0.0120887756347656 -0.0511817932128906
-0.0428924560546875 -0.111549377441406 0.0355491638183594 -0.0605049133300781
-0.0522384643554688 -0.108390808105469 0.0679893493652344 -0.0673446655273438
-0.0674896240234375 -0.117424011230469 0.109901428222656 -0.075164794921875
-0.0386505126953125 -0.115493774414063 0.133979797363281 -0.0435867309570313
0.00628662109375001 -0.117889404296875 0.133155822753906 -0.00958251953125001
0.0379562377929687 -0.103599548339844 0.108322143554688 0.012420654296875
0.103996276855469 -0.0621795654296875 0.0758743286132812 0.017181396484375
0.13385009765625 0.00420379638671875 0.06103515625 -0.07940673828125
0.11505126953125 0.0634078979492188 0.168792724609375 -0.227630615234375
-0.112945556640625 -0.16046142578125 -0.180145263671875 0.185394287109375
-0.146560668945313 -0.01611328125 -0.0951309204101563 0.06207275390625
-0.115791320800781 0.0472488403320313 -0.0826568603515625 -0.049713134765625
-0.0706710815429688 0.0950164794921875 -0.1243896484375 -0.0616836547851563
-0.0251693725585937 0.100425720214844 -0.146728515625 -0.04736328125
0.0272369384765625 0.123062133789062 -0.161468505859375 0.00744628906250001
0.0462799072265625 0.121406555175781 -0.141082763671875 0.0455474853515625
0.0311737060546875 0.117515563964844 -0.09564208984375 0.0414199829101563
0.02227783203125 0.135223388671875 -0.0497474670410156 0.0353279113769531
-0.0345001220703125 0.118255615234375 0.00540161132812499 0.0332012176513672
-0.0914840698242188 0.0774917602539063 0.0467681884765625 0.045745849609375
-0.110130310058594 0.0207138061523437 0.0618362426757813 0.0968017578125
-0.103424072265625 -0.0651016235351562 0.0645904541015625 0.152297973632813
-0.0995254516601563 -0.112068176269531 0.0638885498046875 0.18865966796875
-0.06634521484375 -0.170730590820313 0.0734405517578125 0.1318359375
-0.0797119140625 -0.212692260742188 -0.209762573242187 0.10845947265625
-0.12603759765625 -0.0741806030273438 -0.126655578613281 -0.00185394287109374
-0.1103515625 -0.012451171875 -0.104743957519531 -0.0946044921875
-0.087554931640625 0.045074462890625 -0.149215698242188 -0.102264404296875
-0.0513381958007813 0.06353759765625 -0.163848876953125 -0.0797271728515625
-0.0175323486328125 0.103256225585938 -0.1805419921875 -0.0283203125
-0.0044403076171875 0.11663818359375 -0.160110473632813 0.00558471679687498
-0.0151443481445312 0.116752624511719 -0.108116149902344 0.00306701660156251
-0.028961181640625 0.139251708984375 -0.0579795837402344 -0.007904052734375
-0.0828704833984375 0.117485046386719 0.00833034515380859 -0.00534439086914062
-0.140312194824219 0.0571975708007812 0.0529594421386719 0.00907516479492188
-0.153076171875 -0.01654052734375 0.0635452270507812 0.0594253540039062
-0.113235473632813 -0.124725341796875 0.0671234130859375 0.0992965698242187
-0.0937652587890625 -0.172866821289062 0.055389404296875 0.117080688476563
-0.0463714599609375 -0.224136352539063 0.0675201416015625 0.0500373840332031
-0.0313720703125 -0.238174438476562 -0.220199584960937 0.0175170898437499
-0.0827789306640625 -0.125732421875 -0.1396484375 -0.0789108276367187
-0.0892181396484375 -0.0819473266601563 -0.117111206054688 -0.146331787109375
-0.0982208251953125 -0.02081298828125 -0.166854858398438 -0.142669677734375
-0.0760040283203125 0.013580322265625 -0.171615600585938 -0.106185913085937
-0.0646438598632812 0.0671730041503906 -0.185409545898438 -0.058258056640625
-0.0556716918945312 0.0935745239257813 -0.160873413085938 -0.0307464599609375
-0.0593032836914062 0.0965499877929687 -0.103767395019531 -0.034637451171875
-0.0730514526367188 0.122817993164063 -0.0533103942871094 -0.0530281066894531
-0.11419677734375 0.102180480957031 0.01873779296875 -0.046875
-0.16473388671875 0.036346435546875 0.0638160705566406 -0.0274505615234375
-0.173141479492188 -0.0387420654296875 0.0676078796386718 0.022918701171875
-0.117034912109375 -0.155426025390625 0.0654830932617187 0.0503768920898437
-0.084686279296875 -0.201339721679688 0.0394859313964844 0.044189453125
-0.024658203125 -0.243316650390625 0.0654144287109375 -0.0413742065429688
0.021148681640625 -0.229888916015625 -0.20989990234375 -0.0730743408203125
-0.0263214111328125 -0.15826416015625 -0.134170532226563 -0.156707763671875
-0.0558319091796875 -0.142974853515625 -0.117431640625 -0.194671630859375
-0.099395751953125 -0.0885086059570312 -0.171905517578125 -0.175445556640625
-0.0942153930664063 -0.0397567749023438 -0.163909912109375 -0.121429443359375
-0.103378295898438 0.0231399536132813 -0.170318603515625 -0.077789306640625
-0.0988540649414063 0.0592803955078125 -0.140365600585937 -0.0593643188476562
-0.0943603515625 0.0628585815429688 -0.0840835571289063 -0.065582275390625
-0.106910705566406 0.0867996215820312 -0.037841796875 -0.0908203125
-0.128280639648438 0.0684738159179687 0.032501220703125 -0.0823287963867187
-0.16326904296875 0.00759887695312501 0.0732040405273437 -0.0583724975585938
-0.1651611328125 -0.056488037109375 0.0694198608398438 -0.00769805908203125
-0.100616455078125 -0.162246704101563 0.0573768615722656 0.0123100280761719
-0.060882568359375 -0.199783325195313 0.0174617767333984 -0.0196113586425781
0.00498962402343749 -0.229202270507813 0.06475830078125 -0.129409790039063
0.0634765625 -0.186431884765625 -0.183029174804687 -0.150115966796875
0.0274658203125 -0.158248901367188 -0.118499755859375 -0.222259521484375
-0.0146636962890625 -0.173233032226562 -0.111312866210937 -0.227325439453125
-0.08380126953125 -0.134925842285156 -0.158737182617188 -0.190948486328125
-0.0943756103515625 -0.08197021484375 -0.137916564941406 -0.12310791015625
-0.122062683105469 -0.0210494995117188 -0.133262634277344 -0.0879592895507812
-0.12445068359375 0.015350341796875 -0.100570678710938 -0.0796127319335938
-0.115638732910156 0.0180435180664063 -0.0521163940429688 -0.0875167846679687
-0.128257751464844 0.0358505249023437 -0.0115509033203125 -0.115020751953125
-0.127517700195313 0.0186996459960937 0.0487213134765625 -0.103279113769531
-0.13897705078125 -0.0347671508789063 0.0814895629882812 -0.0741729736328125
-0.131217956542969 -0.0793075561523437 0.0696754455566406 -0.0258827209472656
-0.057891845703125 -0.156295776367188 0.0459556579589844 -0.0110588073730469
-0.0140380859375 -0.17327880859375 -0.000976562500000001 -0.0683059692382813
0.0444488525390625 -0.183380126953125 0.0711517333984375 -0.2021484375
0.0927276611328125 -0.113243103027344 -0.14794921875 -0.2001953125
0.0697097778320313 -0.12030029296875 -0.0958404541015625 -0.262557983398438
0.027130126953125 -0.15899658203125 -0.0999603271484375 -0.236679077148438
-0.047943115234375 -0.145355224609375 -0.135848999023438 -0.185714721679687
-0.0690460205078125 -0.102455139160156 -0.103294372558594 -0.111183166503906
-0.112098693847656 -0.0600662231445313 -0.0871124267578125 -0.086029052734375
-0.126457214355469 -0.0303115844726562 -0.0516891479492188 -0.088775634765625
-0.119110107421875 -0.029327392578125 -0.011749267578125 -0.0964279174804688
-0.1326904296875 -0.0213165283203125 0.02496337890625 -0.120674133300781
-0.115234375 -0.037750244140625 0.0710525512695312 -0.100669860839844
-0.100028991699219 -0.0810623168945313 0.092742919921875 -0.0686187744140625
-0.0774917602539063 -0.106735229492187 0.0727767944335938 -0.0284500122070313
0.00395202636718749 -0.142120361328125 0.0411911010742188 -0.0195999145507813
0.0489501953125 -0.13104248046875 -0.00344848632812501 -0.0996856689453125
0.0869827270507813 -0.114410400390625 0.0898590087890625 -0.2503662109375
0.103302001953125 -0.0213546752929688 -0.112579345703125 -0.214004516601563
0.0918502807617187 -0.0534439086914062 -0.0742034912109375 -0.2685546875
0.0626144409179688 -0.102928161621094 -0.0889739990234375 -0.220809936523438
0.00169372558593751 -0.116828918457031 -0.1102294921875 -0.16278076171875
-0.02191162109375 -0.0980224609375 -0.0697021484375 -0.0886383056640625
-0.071685791015625 -0.0902633666992188 -0.039825439453125 -0.0728836059570313
-0.10400390625 -0.0750350952148438 -0.00164794921875001 -0.0832366943359375
-0.103248596191406 -0.0735244750976563 0.0310897827148438 -0.0886306762695313
-0.118865966796875 -0.07525634765625 0.0664520263671875 -0.104713439941406
-0.0914077758789063 -0.0870513916015625 0.0988998413085938 -0.077117919921875
-0.0553131103515625 -0.1165771484375 0.108009338378906 -0.0437240600585938
-0.0202865600585937 -0.123619079589844 0.0822525024414063 -0.0150299072265625
0.0668487548828125 -0.118331909179687 0.0486564636230469 -0.0118827819824219
0.109649658203125 -0.076690673828125 0.0168609619140625 -0.107582092285156
0.121971130371094 -0.03271484375 0.121719360351563 -0.265426635742188
0.10137939453125 0.071533203125 -0.0907135009765625 -0.187088012695313
0.098297119140625 0.02581787109375 -0.0640716552734375 -0.239120483398438
0.087158203125 -0.0229415893554687 -0.0833587646484375 -0.185089111328125
0.0555534362792969 -0.0638504028320313 -0.0919723510742188 -0.12890625
0.0379486083984375 -0.0763320922851563 -0.0506401062011719 -0.0598945617675781
-0.0153656005859375 -0.108802795410156 -0.00851058959960937 -0.0498199462890625
-0.065155029296875 -0.109489440917969 0.0367507934570312 -0.0625267028808594
-0.0729827880859375 -0.104034423828125 0.0666542053222656 -0.0678787231445313
-0.0904083251953125 -0.112159729003906 0.106674194335938 -0.0760421752929688
-0.0608596801757812 -0.114875793457031 0.128463745117188 -0.0411911010742188
-0.0130844116210938 -0.128547668457031 0.128005981445313 -0.00928497314453126
0.0247039794921875 -0.12109375 0.100112915039063 0.00871276855468749
0.10809326171875 -0.0837249755859375 0.0705795288085938 0.00974273681640624
0.149185180664063 -0.016143798828125 0.0549468994140625 -0.0913467407226563
0.137977600097656 0.0505905151367188 0.159927368164063 -0.2449951171875
-0.140777587890625 -0.145904541015625 -0.174331665039062 0.212661743164063
-0.155593872070313 0.00964355468749997 -0.0901336669921875 0.080108642578125
-0.112358093261719 0.0707015991210938 -0.0825271606445313 -0.043182373046875
-0.0539398193359375 0.112861633300781 -0.12530517578125 -0.0566558837890625
-0.00553894042968749 0.107566833496094 -0.1517333984375 -0.042572021484375
0.0517807006835937 0.118354797363281 -0.165267944335938 0.0127716064453125
0.0669708251953125 0.112319946289062 -0.146514892578125 0.0534515380859375
0.0517120361328125 0.111778259277344 -0.101043701171875 0.0490264892578125
0.0454483032226563 0.130363464355469 -0.0564613342285156 0.0424308776855469
-0.0138168334960937 0.122222900390625 -0.00174903869628906 0.0337390899658203
-0.0767135620117187 0.0942306518554688 0.0412979125976562 0.0436782836914063
-0.107719421386719 0.0420989990234375 0.064453125 0.093017578125
-0.11981201171875 -0.0470657348632812 0.07177734375 0.148330688476562
-0.124588012695312 -0.0972671508789063 0.075836181640625 0.192306518554688
-0.0970306396484375 -0.165313720703125 0.0798797607421875 0.137939453125
-0.105804443359375 -0.205703735351563 -0.216323852539063 0.138519287109375
-0.135810852050781 -0.0550918579101562 -0.130729675292969 0.0186309814453125
-0.109977722167969 0.00585174560546875 -0.111061096191406 -0.0861892700195313
-0.075408935546875 0.0597686767578125 -0.15704345703125 -0.0938720703125
-0.0357170104980469 0.069122314453125 -0.173446655273438 -0.0718536376953125
0.00141143798828126 0.099517822265625 -0.189865112304687 -0.0192108154296875
0.0121536254882813 0.111244201660156 -0.172012329101562 0.018280029296875
0.000831604003906246 0.11395263671875 -0.118537902832031 0.0144500732421875
-0.00921630859375 0.139183044433594 -0.0700645446777344 0.00219345092773437
-0.0657196044921875 0.125076293945313 -0.00470304489135743 -0.00343942642211913
-0.131584167480469 0.0755691528320312 0.0418815612792969 0.00870132446289063
-0.156341552734375 0.00363159179687499 0.0590057373046875 0.05670166015625
-0.1336669921875 -0.111160278320313 0.0669631958007812 0.0946197509765625
-0.1214599609375 -0.164596557617188 0.0576248168945312 0.120536804199219
-0.077880859375 -0.226119995117188 0.0627212524414063 0.0552291870117187
-0.053070068359375 -0.240447998046875 -0.237030029296875 0.0466156005859375
-0.0918197631835937 -0.116607666015625 -0.152374267578125 -0.058349609375
-0.0926742553710937 -0.072662353515625 -0.128944396972656 -0.136940002441406
-0.0936355590820313 -0.0112228393554687 -0.1805419921875 -0.132919311523438
-0.0680389404296875 0.0173110961914063 -0.184890747070313 -0.0962371826171875
-0.0525550842285156 0.0664863586425781 -0.198867797851562 -0.0461883544921875
-0.0459365844726563 0.0942916870117187 -0.1763916015625 -0.0150299072265625
-0.0489273071289063 0.0985794067382812 -0.117538452148438 -0.0214920043945312
-0.0607986450195313 0.126861572265625 -0.0699081420898437 -0.0412521362304688
-0.103477478027344 0.1116943359375 0.00146484374999999 -0.0435371398925781
-0.16180419921875 0.0536346435546875 0.0485572814941406 -0.0270652770996094
-0.181045532226563 -0.0207672119140625 0.0575904846191406 0.0217208862304688
-0.1375732421875 -0.1474609375 0.0574951171875 0.0461578369140625
-0.11102294921875 -0.1986083984375 0.0319137573242187 0.0466194152832031
-0.050079345703125 -0.252166748046875 0.0499496459960937 -0.0388565063476563
0.00631713867187499 -0.24102783203125 -0.23394775390625 -0.0476837158203125
-0.0344085693359375 -0.160446166992188 -0.154434204101563 -0.138778686523437
-0.0624847412109375 -0.144699096679687 -0.134765625 -0.186080932617188
-0.104736328125 -0.0837020874023437 -0.188949584960938 -0.163406372070312
-0.0955047607421875 -0.0376663208007812 -0.178298950195313 -0.110549926757812
-0.101211547851563 0.02593994140625 -0.185043334960938 -0.0643310546875
-0.0975570678710938 0.0644454956054687 -0.157394409179688 -0.04388427734375
-0.0927047729492188 0.0682220458984375 -0.0995407104492188 -0.0528106689453125
-0.103683471679688 0.0955352783203125 -0.0568008422851563 -0.0803604125976562
-0.126068115234375 0.0788497924804687 0.0123367309570312 -0.0780563354492188
-0.167251586914063 0.020721435546875 0.055999755859375 -0.0566177368164063
-0.176773071289063 -0.04486083984375 0.0561676025390625 -0.0072174072265625
-0.118896484375 -0.161087036132812 0.0433845520019531 0.00957489013671874
-0.081085205078125 -0.204421997070313 0.00156402587890625 -0.0177326202392578
-0.0130767822265625 -0.243362426757813 0.0404815673828125 -0.130943298339844
0.05889892578125 -0.204269409179688 -0.212005615234375 -0.132492065429688
0.0225372314453125 -0.170166015625 -0.143783569335938 -0.209747314453125
-0.023956298828125 -0.185775756835937 -0.132553100585938 -0.21905517578125
-0.0961532592773438 -0.13812255859375 -0.17926025390625 -0.17889404296875
-0.104248046875 -0.0827713012695313 -0.151718139648438 -0.113433837890625
-0.129714965820313 -0.0161056518554688 -0.148605346679687 -0.0756378173828125
-0.132339477539063 0.02496337890625 -0.116470336914063 -0.066802978515625
-0.122604370117188 0.0269546508789063 -0.0659332275390625 -0.0761566162109375
-0.134307861328125 0.0477142333984375 -0.0303726196289063 -0.105461120605469
-0.134651184082031 0.028076171875 0.0299530029296875 -0.0977783203125
-0.150970458984375 -0.0269775390625 0.064056396484375 -0.071197509765625
-0.145614624023438 -0.0761260986328125 0.0547065734863281 -0.0241928100585938
-0.0720062255859375 -0.164169311523438 0.0301971435546875 -0.0131511688232422
-0.0257720947265625 -0.186187744140625 -0.0211105346679688 -0.0676116943359375
0.037017822265625 -0.202560424804687 0.0425872802734375 -0.208511352539063
0.0980072021484375 -0.134330749511719 -0.177902221679687 -0.190872192382813
0.07135009765625 -0.139701843261719 -0.1241455078125 -0.257415771484375
0.0213165283203125 -0.179611206054688 -0.1220703125 -0.230667114257812
-0.0640869140625 -0.156036376953125 -0.154830932617187 -0.175018310546875
-0.084320068359375 -0.107986450195312 -0.113243103027344 -0.102729797363281
-0.128562927246094 -0.0555191040039062 -0.0971450805664063 -0.0776748657226563
-0.142333984375 -0.0193328857421875 -0.0640182495117188 -0.0803375244140625
-0.133712768554688 -0.0186538696289062 -0.0226821899414063 -0.088592529296875
-0.148040771484375 -0.00769042968749997 0.00905609130859373 -0.114219665527344
-0.130485534667969 -0.0294036865234375 0.055908203125 -0.0961990356445313
-0.118896484375 -0.07977294921875 0.0784988403320312 -0.0657272338867188
-0.0955123901367187 -0.11212158203125 0.0579605102539063 -0.0266838073730469
-0.00506591796875001 -0.159271240234375 0.0255126953125 -0.0221672058105469
0.0467681884765625 -0.151153564453125 -0.024383544921875 -0.101814270019531
0.0913238525390625 -0.136940002441406 0.0612640380859375 -0.261260986328125
0.119178771972656 -0.040435791015625 -0.13909912109375 -0.212661743164063
0.102577209472656 -0.0741119384765625 -0.100494384765625 -0.269393920898438
0.0625076293945313 -0.126678466796875 -0.109375 -0.2158203125
-0.0131072998046875 -0.133293151855469 -0.124526977539063 -0.153274536132813
-0.0379257202148437 -0.107521057128906 -0.0743484497070312 -0.0823822021484375
-0.093475341796875 -0.0882797241210938 -0.045318603515625 -0.069427490234375
-0.12548828125 -0.0643386840820313 -0.00909423828125001 -0.080780029296875
-0.123916625976563 -0.0616073608398438 0.024688720703125 -0.0870742797851563
-0.141693115234375 -0.0613250732421875 0.0567169189453125 -0.1033935546875
-0.113380432128906 -0.07965087890625 0.0897903442382812 -0.074127197265625
-0.07806396484375 -0.12060546875 0.0987014770507812 -0.0422439575195313
-0.039703369140625 -0.13580322265625 0.070556640625 -0.0149612426757813
0.0619659423828125 -0.142333984375 0.0375900268554688 -0.0167961120605469
0.116157531738281 -0.102424621582031 -0.000732421874999989 -0.114669799804687
0.136085510253906 -0.0558547973632812 0.096893310546875 -0.28240966796875
0.1246337890625 0.055023193359375 -0.109176635742187 -0.191238403320313
0.114875793457031 0.0067596435546875 -0.08502197265625 -0.242935180664063
0.09381103515625 -0.0470123291015625 -0.09979248046875 -0.180709838867187
0.04644775390625 -0.083709716796875 -0.100051879882812 -0.120468139648438
0.0236587524414062 -0.0896224975585938 -0.0494232177734375 -0.05535888671875
-0.039306640625 -0.110389709472656 -0.00745010375976563 -0.0498504638671875
-0.089508056640625 -0.101943969726562 0.036102294921875 -0.0666007995605469
-0.095855712890625 -0.0945281982421875 0.0664443969726563 -0.070709228515625
-0.115936279296875 -0.099853515625 0.104148864746094 -0.0794525146484375
-0.0856399536132813 -0.108909606933594 0.125923156738281 -0.0405426025390625
-0.0380859375 -0.135208129882813 0.124031066894531 -0.00991058349609376
0.00479888916015625 -0.136322021484375 0.0928573608398438 0.00635528564453124
0.106246948242188 -0.110221862792969 0.0638999938964844 0.00344085693359374
0.1607666015625 -0.043426513671875 0.0439300537109375 -0.102767944335938
0.159408569335938 0.0302734375 0.14447021484375 -0.26751708984375
-0.1668701171875 -0.120819091796875 -0.155227661132813 0.241653442382813
-0.154891967773437 0.0399169921875 -0.0776519775390625 0.0971298217773438
-0.100669860839844 0.0952987670898437 -0.0818634033203125 -0.0355758666992188
-0.0297622680664062 0.125373840332031 -0.126998901367188 -0.0491867065429687
0.0179443359375 0.10772705078125 -0.15618896484375 -0.033905029296875
0.0748977661132812 0.103935241699219 -0.167312622070313 0.022796630859375
0.0862045288085938 0.0950546264648438 -0.147933959960937 0.0665740966796875
0.0710220336914063 0.0982208251953125 -0.103706359863281 0.060791015625
0.0696792602539063 0.117050170898437 -0.0585670471191406 0.0522537231445313
0.01019287109375 0.120140075683594 -0.00751113891601562 0.0359306335449219
-0.0552902221679688 0.106201171875 0.03680419921875 0.0426063537597656
-0.0980606079101562 0.06298828125 0.0684280395507813 0.0874786376953125
-0.130661010742188 -0.0218505859375 0.08111572265625 0.141220092773438
-0.146560668945313 -0.0724029541015625 0.0934600830078125 0.189605712890625
-0.12835693359375 -0.148193359375 0.09136962890625 0.139259338378906
-0.134109497070313 -0.188919067382812 -0.209274291992188 0.175445556640625
-0.140251159667969 -0.0304641723632812 -0.127403259277344 0.0423202514648437
-0.103401184082031 0.0252151489257813 -0.116851806640625 -0.0735855102539063
-0.0577545166015625 0.0716400146484375 -0.164047241210938 -0.080718994140625
-0.0179214477539063 0.0703277587890625 -0.182388305664063 -0.0577850341796875
0.0206756591796875 0.0900039672851563 -0.196807861328125 -0.00334167480468751
0.028717041015625 0.101119995117188 -0.178817749023438 0.0380096435546875
0.0183563232421875 0.106101989746094 -0.125251770019531 0.031097412109375
0.0125503540039062 0.132415771484375 -0.0786514282226563 0.0174026489257812
-0.0451736450195312 0.128211975097656 -0.0160236358642578 0.00301647186279297
-0.115547180175781 0.09228515625 0.0321903228759765 0.0108089447021484
-0.152862548828125 0.0272216796875 0.0560302734375 0.0545997619628906
-0.151290893554688 -0.0891876220703125 0.0665435791015625 0.0890121459960937
-0.1484375 -0.144760131835938 0.0630722045898437 0.121025085449219
-0.113052368164062 -0.21649169921875 0.0609550476074219 0.0597343444824219
-0.0803070068359375 -0.234893798828125 -0.2420654296875 0.0862884521484375
-0.100639343261719 -0.102752685546875 -0.159255981445312 -0.031585693359375
-0.09417724609375 -0.0604934692382812 -0.141357421875 -0.121292114257813
-0.0858383178710938 -0.000282287597656269 -0.1932373046875 -0.113754272460938
-0.0583267211914063 0.019866943359375 -0.196685791015625 -0.0782623291015625
-0.0405960083007812 0.0633010864257813 -0.208908081054687 -0.0253753662109375
-0.0353546142578125 0.0919189453125 -0.186538696289062 0.00822448730468748
-0.0376739501953125 0.0975875854492188 -0.128013610839844 -0.00163269042968751
-0.0448760986328125 0.128349304199219 -0.0832672119140625 -0.0233688354492187
-0.0889892578125 0.119468688964844 -0.0142841339111328 -0.0344715118408203
-0.152816772460937 0.0716552734375 0.0343742370605469 -0.0230751037597656
-0.183425903320313 0.00137329101562503 0.0498199462890625 0.0223426818847656
-0.157745361328125 -0.1304931640625 0.0491981506347656 0.043304443359375
-0.139328002929687 -0.18597412109375 0.02593994140625 0.0505905151367187
-0.0844268798828125 -0.2513427734375 0.0351448059082031 -0.0336074829101563
-0.0162200927734375 -0.247833251953125 -0.250808715820313 -0.01031494140625
-0.0459747314453125 -0.158645629882813 -0.170867919921875 -0.112274169921875
-0.0735931396484375 -0.1422119140625 -0.152267456054687 -0.16888427734375
-0.108840942382813 -0.075775146484375 -0.20635986328125 -0.142654418945313
-0.0962905883789063 -0.0338973999023437 -0.19171142578125 -0.091949462890625
-0.09808349609375 0.0300064086914063 -0.197067260742188 -0.04266357421875
-0.0945587158203125 0.0709991455078125 -0.168991088867188 -0.01995849609375
-0.0881195068359375 0.0747909545898437 -0.110504150390625 -0.0335845947265625
-0.0961074829101563 0.104927062988281 -0.0732421875 -0.0614166259765625
-0.118972778320312 0.0897216796875 -0.00536346435546875 -0.067291259765625
-0.167190551757812 0.0378570556640625 0.0392112731933594 -0.0511436462402344
-0.185394287109375 -0.0266876220703125 0.0437545776367187 -0.00329208374023438
-0.13970947265625 -0.152801513671875 0.0300941467285156 0.00985717773437499
-0.105728149414063 -0.200332641601562 -0.0132484436035156 -0.0108804702758789
-0.0407257080078125 -0.251739501953125 0.0147171020507812 -0.126068115234375
0.0439453125 -0.2215576171875 -0.237380981445312 -0.1007080078125
0.011199951171875 -0.1806640625 -0.16876220703125 -0.186538696289063
-0.0401458740234375 -0.194427490234375 -0.15496826171875 -0.202560424804687
-0.1116943359375 -0.13482666015625 -0.197845458984375 -0.158294677734375
-0.114959716796875 -0.0787506103515625 -0.165008544921875 -0.0957794189453125
-0.136154174804688 -0.00672149658203125 -0.159957885742188 -0.0565185546875
-0.137069702148438 0.0388641357421875 -0.1290283203125 -0.04656982421875
-0.125724792480469 0.0403366088867187 -0.0775985717773438 -0.0600051879882812
-0.135604858398438 0.0635147094726563 -0.0466232299804688 -0.0902023315429687
-0.137252807617188 0.0426559448242187 0.0121917724609375 -0.0868911743164063
-0.160980224609375 -0.0126190185546875 0.0476303100585937 -0.0654754638671875
-0.160491943359375 -0.065155029296875 0.0405082702636719 -0.01861572265625
-0.091064453125 -0.166152954101563 0.0136909484863281 -0.0106687545776367
-0.04498291015625 -0.19439697265625 -0.0419654846191406 -0.0602684020996094
0.0190277099609375 -0.219207763671875 0.0086822509765625 -0.206253051757812
0.09375 -0.158676147460938 -0.20758056640625 -0.167800903320313
0.064422607421875 -0.160263061523438 -0.154525756835938 -0.240249633789062
0.00439453124999998 -0.198272705078125 -0.146957397460938 -0.21563720703125
-0.0855560302734375 -0.158798217773438 -0.172683715820313 -0.156143188476562
-0.102798461914063 -0.106239318847656 -0.123542785644531 -0.0892868041992188
-0.143814086914062 -0.0428466796875 -0.107284545898438 -0.0641021728515625
-0.154953002929688 3.05175781249853E-05 -0.0752639770507813 -0.0673980712890625
-0.144805908203125 -0.00119018554687501 -0.032745361328125 -0.0781402587890625
-0.158477783203125 0.0132904052734375 -0.0061187744140625 -0.103988647460937
-0.142425537109375 -0.0137481689453125 0.0411148071289063 -0.0878677368164063
-0.138496398925781 -0.0697555541992188 0.0648765563964844 -0.0607452392578125
-0.117118835449219 -0.109596252441406 0.0450096130371094 -0.0209884643554688
-0.0227813720703125 -0.173370361328125 0.00941658020019531 -0.0196018218994141
0.0351104736328125 -0.17138671875 -0.0478363037109375 -0.0964813232421875
0.0853271484375 -0.161331176757813 0.02362060546875 -0.265655517578125
0.126548767089844 -0.0674209594726562 -0.168380737304688 -0.199234008789062
0.102684020996094 -0.0993499755859375 -0.13189697265625 -0.259109497070313
0.0510406494140625 -0.151580810546875 -0.132583618164063 -0.202850341796875
-0.034515380859375 -0.14398193359375 -0.138168334960938 -0.13726806640625
-0.058746337890625 -0.110977172851563 -0.0798492431640625 -0.0733261108398438
-0.1156005859375 -0.0767364501953125 -0.05126953125 -0.0632514953613281
-0.144775390625 -0.043853759765625 -0.01690673828125 -0.0766448974609375
-0.140625 -0.042816162109375 0.017791748046875 -0.083160400390625
-0.15948486328125 -0.0383148193359375 0.045989990234375 -0.0999755859375
-0.132667541503906 -0.0637588500976563 0.08062744140625 -0.0703353881835938
-0.10479736328125 -0.11474609375 0.090057373046875 -0.0402755737304688
-0.0665359497070312 -0.140403747558594 0.0594520568847656 -0.0122604370117188
0.04632568359375 -0.165359497070313 0.0241851806640625 -0.0173625946044922
0.111770629882813 -0.132003784179688 -0.0224685668945312 -0.115707397460938
0.141845703125 -0.084991455078125 0.061279296875 -0.29400634765625
0.1427001953125 0.0298919677734375 -0.132797241210938 -0.186386108398438
0.125076293945312 -0.0192718505859375 -0.111709594726563 -0.239044189453125
0.0921173095703125 -0.0743560791015625 -0.117477416992188 -0.168853759765625
0.0297927856445312 -0.100898742675781 -0.107337951660156 -0.108146667480469
0.00371551513671874 -0.0989303588867187 -0.048095703125 -0.0507278442382813
-0.0647125244140625 -0.104171752929687 -0.00830841064453126 -0.0508651733398438
-0.113021850585938 -0.0843429565429687 0.032440185546875 -0.0712661743164063
-0.116630554199219 -0.0760269165039063 0.0635910034179687 -0.0752334594726563
-0.138694763183594 -0.077056884765625 0.098876953125 -0.084228515625
-0.109092712402344 -0.0929794311523438 0.123268127441406 -0.0431594848632813
-0.06732177734375 -0.132278442382813 0.121124267578125 -0.0129623413085938
-0.02239990234375 -0.144317626953125 0.0858612060546875 0.00498962402343749
0.0931167602539063 -0.137924194335938 0.0559196472167969 -0.00255584716796876
0.161941528320313 -0.0777130126953125 0.0266342163085938 -0.112548828125
0.174362182617188 -0.000152587890625 0.11572265625 -0.288482666015625
-0.181610107421875 -0.0877227783203125 -0.124847412109375 0.261367797851562
-0.142486572265625 0.0684967041015625 -0.0590744018554688 0.107894897460937
-0.0801925659179687 0.113136291503906 -0.0783843994140625 -0.0276718139648437
-0.00191497802734374 0.127304077148438 -0.125045776367188 -0.0406646728515625
0.0391464233398438 0.0989227294921875 -0.156494140625 -0.0223236083984375
0.0910720825195313 0.0815963745117188 -0.165008544921875 0.0339202880859375
0.0984268188476563 0.0723114013671875 -0.143295288085938 0.0801849365234375
0.0837631225585937 0.0777740478515625 -0.099884033203125 0.0718765258789063
0.0868606567382813 0.094940185546875 -0.0557746887207031 0.0621147155761719
0.0314102172851563 0.109153747558594 -0.0111045837402344 0.0400009155273438
-0.031158447265625 0.109489440917969 0.0334854125976563 0.0418930053710938
-0.0802688598632813 0.0791168212890625 0.0693435668945313 0.0796966552734375
-0.131256103515625 0.00602722167968747 0.0876312255859375 0.129905700683594
-0.1561279296875 -0.0410614013671875 0.109420776367188 0.179458618164063
-0.151962280273438 -0.120941162109375 0.103042602539063 0.133415222167969
-0.154953002929688 -0.161666870117187 -0.186935424804687 0.206527709960938
-0.135124206542969 -0.00565338134765627 -0.115341186523438 0.0636138916015625
-0.0902328491210938 0.0409469604492187 -0.117355346679688 -0.0587387084960937
-0.0365524291992188 0.0755081176757813 -0.165771484375 -0.063873291015625
-0.00107192993164062 0.0641975402832031 -0.184524536132812 -0.0400848388671875
0.0347671508789063 0.074249267578125 -0.196380615234375 0.015045166015625
0.040069580078125 0.0850296020507813 -0.175796508789063 0.0595550537109375
0.0310134887695312 0.0922317504882813 -0.124000549316406 0.04986572265625
0.030120849609375 0.118179321289063 -0.0800399780273438 0.0340118408203125
-0.02410888671875 0.123924255371094 -0.0236530303955078 0.0122661590576172
-0.0944366455078125 0.101669311523438 0.0241832733154297 0.0146389007568359
-0.141082763671875 0.048614501953125 0.0527114868164062 0.0524940490722656
-0.159439086914063 -0.06201171875 0.0644302368164062 0.0833663940429688
-0.167190551757813 -0.115692138671875 0.068389892578125 0.117965698242188
-0.142837524414062 -0.19384765625 0.0615692138671875 0.062896728515625
-0.104324340820312 -0.21856689453125 -0.2301025390625 0.124954223632813
-0.104194641113281 -0.0848617553710938 -0.155471801757813 -0.00280761718750004
-0.0925216674804688 -0.0486373901367188 -0.14727783203125 -0.1014404296875
-0.0748443603515625 0.00658416748046874 -0.19927978515625 -0.090911865234375
-0.0489273071289063 0.018890380859375 -0.200454711914062 -0.055999755859375
-0.0303459167480469 0.0564308166503906 -0.209869384765625 -0.00140380859374998
-0.0253982543945313 0.0866012573242188 -0.186065673828125 0.03533935546875
-0.02667236328125 0.0926895141601563 -0.128448486328125 0.020416259765625
-0.0284881591796875 0.123924255371094 -0.088958740234375 -0.00240325927734375
-0.0709152221679688 0.121795654296875 -0.025299072265625 -0.0214080810546875
-0.137435913085938 0.085968017578125 0.0228862762451172 -0.0151863098144531
-0.177444458007813 0.024444580078125 0.0418624877929687 0.0259284973144531
-0.170700073242188 -0.106430053710937 0.0406875610351562 0.0430183410644531
-0.160385131835938 -0.162765502929687 0.0220222473144531 0.0558242797851563
-0.116775512695312 -0.236846923828125 0.0226707458496094 -0.02386474609375
-0.0417022705078125 -0.244384765625 -0.250198364257813 0.0323944091796875
-0.058502197265625 -0.151473999023438 -0.1771240234375 -0.0799407958984375
-0.084075927734375 -0.1358642578125 -0.163848876953125 -0.145248413085938
-0.110397338867188 -0.0661849975585938 -0.21490478515625 -0.11474609375
-0.0957870483398438 -0.029266357421875 -0.197341918945312 -0.0673370361328125
-0.0933609008789063 0.03271484375 -0.199752807617187 -0.0167999267578125
-0.0871429443359375 0.076141357421875 -0.170684814453125 0.00759887695312504
-0.0806503295898438 0.0794219970703125 -0.114021301269531 -0.0113677978515625
-0.0836334228515625 0.110755920410156 -0.0814285278320313 -0.0387802124023438
-0.107032775878906 0.0988311767578125 -0.0189247131347656 -0.0521621704101562
-0.15948486328125 0.054473876953125 0.0254478454589844 -0.0402755737304688
-0.185653686523438 -0.00500488281249999 0.0338382720947266 0.00400352478027344
-0.155517578125 -0.135955810546875 0.0173730850219726 0.0142383575439453
-0.128662109375 -0.186798095703125 -0.0243721008300781 0.000804901123046861
-0.0707244873046875 -0.2464599609375 -0.00817108154296876 -0.112335205078125
0.022216796875 -0.230926513671875 -0.247589111328125 -0.0603942871093751
-0.00503540039062502 -0.185562133789063 -0.1842041015625 -0.154556274414063
-0.0599517822265625 -0.195297241210938 -0.17059326171875 -0.17718505859375
-0.125068664550781 -0.124687194824219 -0.208038330078125 -0.129150390625
-0.123779296875 -0.0702362060546875 -0.170303344726563 -0.073577880859375
-0.138145446777344 0.00595855712890624 -0.164382934570313 -0.0332794189453125
-0.134300231933594 0.05487060546875 -0.132965087890625 -0.0223236083984375
-0.122932434082031 0.0543670654296875 -0.08251953125 -0.041168212890625
-0.129249572753906 0.079345703125 -0.05706787109375 -0.0697402954101563
-0.133316040039062 0.0574722290039063 -0.00074005126953126 -0.0715713500976563
-0.16357421875 0.00512695312499999 0.0345535278320313 -0.0539169311523438
-0.170028686523438 -0.0476531982421875 0.0295791625976562 -0.00942230224609375
-0.110549926757812 -0.15997314453125 -0.000296354293823249 -0.00281453132629395
-0.0664520263671875 -0.19317626953125 -0.0593414306640625 -0.0454063415527344
-0.00526428222656249 -0.2271728515625 -0.023040771484375 -0.192306518554688
0.079010009765625 -0.178604125976563 -0.226791381835938 -0.133285522460937
0.048370361328125 -0.175491333007813 -0.177658081054687 -0.211578369140625
-0.0205078125 -0.207962036132812 -0.164749145507812 -0.190383911132813
-0.107498168945312 -0.153213500976563 -0.182388305664062 -0.129989624023438
-0.119094848632813 -0.0973587036132813 -0.127449035644531 -0.0721054077148438
-0.152923583984375 -0.0248260498046875 -0.111610412597656 -0.0471115112304688
-0.15838623046875 0.023162841796875 -0.0808181762695313 -0.0502395629882812
-0.147323608398437 0.0203094482421875 -0.0384750366210938 -0.0649452209472656
-0.159439086914063 0.0372772216796875 -0.0164566040039063 -0.0889511108398438
-0.147674560546875 0.00616455078125001 0.0304794311523437 -0.076263427734375
-0.15142822265625 -0.051971435546875 0.0535812377929687 -0.0518951416015625
-0.135269165039062 -0.0967636108398438 0.0344524383544922 -0.0125293731689453
-0.0451507568359375 -0.178115844726563 -0.00394248962402344 -0.0118188858032227
0.0156707763671875 -0.184600830078125 -0.068389892578125 -0.0830459594726563
0.0685882568359375 -0.180877685546875 -0.013824462890625 -0.254867553710938
0.122932434082031 -0.0947113037109375 -0.19085693359375 -0.174270629882813
0.0939254760742188 -0.122390747070313 -0.159088134765625 -0.2369384765625
0.0308837890625 -0.169937133789063 -0.149383544921875 -0.180679321289063
-0.059234619140625 -0.144638061523438 -0.1451416015625 -0.116363525390625
-0.0790176391601563 -0.106101989746094 -0.0811920166015625 -0.062774658203125
-0.131401062011719 -0.0581817626953125 -0.0547943115234375 -0.0545005798339844
-0.154678344726563 -0.0185394287109375 -0.0235557556152344 -0.0693244934082031
-0.1475830078125 -0.0177764892578125 0.01141357421875 -0.0780029296875
-0.16705322265625 -0.00955200195312501 0.0363845825195312 -0.094268798828125
-0.144607543945313 -0.040924072265625 0.0730133056640625 -0.0645294189453125
-0.1260986328125 -0.0983734130859375 0.0826339721679687 -0.0361404418945313
-0.0912399291992188 -0.132675170898438 0.0510368347167969 -0.00695037841796876
0.022735595703125 -0.179595947265625 0.0122146606445313 -0.0131101608276367
0.0947265625 -0.157150268554688 -0.0443191528320313 -0.107780456542969
0.134078979492188 -0.114494323730469 0.0225830078125 -0.291748046875
0.149490356445313 -0.001068115234375 -0.152618408203125 -0.171524047851563
0.12469482421875 -0.0472488403320312 -0.135055541992188 -0.223068237304688
0.079437255859375 -0.0987472534179688 -0.129638671875 -0.150390625
0.00728607177734375 -0.109268188476562 -0.110153198242188 -0.0930938720703125
-0.0180435180664063 -0.099761962890625 -0.0458869934082031 -0.0460281372070313
-0.0851058959960937 -0.0878982543945313 -0.00930404663085938 -0.0508918762207031
-0.127792358398438 -0.0588226318359375 0.0267562866210937 -0.073486328125
-0.128089904785156 -0.0508575439453125 0.0587158203125 -0.0785064697265625
-0.150680541992188 -0.0475006103515625 0.0908889770507812 -0.0876235961914063
-0.124732971191406 -0.0691680908203125 0.1190185546875 -0.0447616577148438
-0.0930709838867187 -0.117881774902344 0.116142272949219 -0.0149612426757813
-0.050384521484375 -0.140525817871094 0.0793685913085938 0.00468444824218749
0.070159912109375 -0.157760620117188 0.0464057922363281 -0.00459289550781251
0.149749755859375 -0.109573364257813 0.00661468505859377 -0.114738464355469
0.176101684570313 -0.0341949462890625 0.07867431640625 -0.29705810546875
-0.183349609375 -0.054901123046875 -0.0924835205078125 0.267120361328125
-0.122634887695313 0.0876083374023437 -0.0393524169921875 0.111289978027344
-0.0574722290039062 0.121902465820313 -0.0727996826171875 -0.02215576171875
0.0207977294921875 0.120246887207031 -0.120529174804688 -0.0346298217773438
0.0540084838867187 0.0847625732421875 -0.152297973632813 -0.0128936767578125
0.0970535278320313 0.0587539672851563 -0.158782958984375 0.04168701171875
0.100425720214844 0.0497512817382813 -0.134490966796875 0.0887603759765625
0.08758544921875 0.056976318359375 -0.09326171875 0.080657958984375
0.0936431884765625 0.0708160400390625 -0.0511627197265625 0.0693130493164063
0.0454483032226562 0.0928573608398438 -0.0131263732910156 0.0441246032714844
-0.0100631713867188 0.10394287109375 0.0297088623046875 0.042205810546875
-0.0610504150390625 0.0864944458007813 0.0670166015625 0.073150634765625
-0.122611999511719 0.0291061401367188 0.0887603759765625 0.118179321289063
-0.154342651367187 -0.011810302734375 0.11871337890625 0.164688110351563
-0.1619873046875 -0.0908355712890625 0.109413146972656 0.124839782714844
-0.163467407226563 -0.132827758789062 -0.158233642578125 0.224594116210938
-0.121955871582031 0.0137710571289062 -0.0979537963867188 0.0771484375
-0.0740585327148438 0.0507888793945313 -0.113204956054688 -0.0462417602539062
-0.0176162719726563 0.0725173950195313 -0.1622314453125 -0.0501708984375
0.0109672546386719 0.0537872314453125 -0.1802978515625 -0.02484130859375
0.0416374206542969 0.056671142578125 -0.189544677734375 0.029754638671875
0.0455970764160156 0.0690345764160156 -0.1666259765625 0.0760345458984375
0.0375137329101563 0.0769424438476563 -0.11700439453125 0.0637054443359375
0.0398635864257813 0.100723266601563 -0.07550048828125 0.0481185913085938
-0.00771331787109374 0.112960815429687 -0.0269985198974609 0.0220756530761719
-0.0740432739257813 0.102485656738281 0.0195693969726562 0.0205192565917969
-0.124153137207031 0.0617141723632813 0.0489883422851563 0.0520973205566406
-0.156890869140625 -0.0367584228515625 0.0604400634765625 0.0785064697265625
-0.172088623046875 -0.085968017578125 0.0722274780273438 0.114181518554687
-0.160293579101563 -0.16522216796875 0.0613822937011719 0.0641098022460937
-0.119461059570313 -0.19720458984375 -0.208633422851562 0.152862548828125
-0.100761413574219 -0.0694961547851563 -0.143173217773438 0.0195465087890625
-0.086761474609375 -0.0377731323242187 -0.145401000976563 -0.0822601318359375
-0.0632209777832031 0.00958633422851563 -0.195343017578125 -0.0697784423828125
-0.0412025451660156 0.0149650573730469 -0.195846557617188 -0.0364837646484375
-0.0242042541503906 0.047119140625 -0.2027587890625 0.018585205078125
-0.0183258056640625 0.0789794921875 -0.176620483398438 0.056304931640625
-0.01910400390625 0.0848236083984375 -0.1224365234375 0.0383529663085938
-0.0167236328125 0.115371704101563 -0.086181640625 0.0167999267578125
-0.0553817749023437 0.1173095703125 -0.0301856994628906 -0.00703811645507812
-0.119766235351563 0.0923614501953125 0.0162992477416992 -0.00462913513183593
-0.164459228515625 0.040985107421875 0.0367355346679687 0.0304756164550781
-0.173187255859375 -0.082916259765625 0.0329627990722656 0.0455169677734375
-0.170883178710938 -0.136627197265625 0.0202789306640625 0.0617141723632813
-0.137420654296875 -0.213882446289063 0.0155048370361328 -0.0127439498901367
-0.0609130859375 -0.23248291015625 -0.23681640625 0.0667572021484375
-0.064453125 -0.141265869140625 -0.17120361328125 -0.0518341064453125
-0.0894546508789062 -0.126480102539063 -0.165756225585938 -0.121414184570313
-0.107421875 -0.0576324462890625 -0.212265014648438 -0.089385986328125
-0.0924911499023438 -0.0263748168945313 -0.192947387695313 -0.046142578125
-0.0882797241210937 0.0336380004882813 -0.193267822265625 0.00494384765625004
-0.0798492431640625 0.0792694091796875 -0.163177490234375 0.0304412841796875
-0.0725021362304687 0.0806045532226563 -0.109420776367188 0.007232666015625
-0.0722274780273437 0.111381530761719 -0.0806732177734375 -0.0177383422851562
-0.09405517578125 0.101593017578125 -0.02410888671875 -0.0351486206054687
-0.147003173828125 0.0656585693359375 0.0183048248291016 -0.0275001525878906
-0.178634643554687 0.0125579833984375 0.0274925231933594 0.0127582550048828
-0.162704467773438 -0.116989135742188 0.00779342651367187 0.0223770141601562
-0.142288208007813 -0.1678466796875 -0.0310535430908203 0.0137004852294922
-0.0925750732421875 -0.233123779296875 -0.0231704711914063 -0.094085693359375
0.00128173828125001 -0.231521606445312 -0.243545532226563 -0.0231323242187501
-0.0193634033203125 -0.182968139648438 -0.186691284179688 -0.123199462890625
-0.0755615234375 -0.189178466796875 -0.174118041992188 -0.151092529296875
-0.132331848144531 -0.112434387207031 -0.20654296875 -0.102859497070313
-0.127685546875 -0.0610122680664062 -0.1666259765625 -0.053466796875
-0.135513305664062 0.0158767700195313 -0.159454345703125 -0.0127716064453125
-0.127334594726562 0.0667953491210938 -0.128097534179688 -0.0013580322265625
-0.1158447265625 0.06414794921875 -0.0797042846679688 -0.0241851806640625
-0.119194030761719 0.0903472900390625 -0.0590286254882813 -0.04937744140625
-0.125274658203125 0.0681228637695313 -0.00708770751953126 -0.05511474609375
-0.15924072265625 0.020660400390625 0.0275611877441406 -0.0409698486328125
-0.171295166015625 -0.030548095703125 0.0239124298095703 0.00203323364257812
-0.123458862304687 -0.1485595703125 -0.0102224349975586 0.00796031951904296
-0.084259033203125 -0.185333251953125 -0.0689811706542969 -0.0271377563476563
-0.0264739990234375 -0.22442626953125 -0.04522705078125 -0.17010498046875
0.0608367919921875 -0.1905517578125 -0.230148315429688 -0.0985107421875
0.030364990234375 -0.18267822265625 -0.187728881835937 -0.180343627929688
-0.0419769287109375 -0.207977294921875 -0.17071533203125 -0.163970947265625
-0.123321533203125 -0.140853881835938 -0.181854248046875 -0.105178833007813
-0.128837585449219 -0.0849838256835938 -0.124908447265625 -0.0569992065429688
-0.154190063476563 -0.00721740722656248 -0.109596252441406 -0.0313873291015625
-0.153427124023438 0.0431060791015625 -0.0797653198242188 -0.0349807739257812
-0.142410278320313 0.0376129150390625 -0.0391769409179688 -0.0521812438964844
-0.151824951171875 0.0567626953125 -0.0205154418945313 -0.0733108520507813
-0.144454956054688 0.023590087890625 0.0252342224121094 -0.0627975463867188
-0.15631103515625 -0.033355712890625 0.0472526550292969 -0.0412178039550781
-0.146469116210938 -0.08087158203125 0.0289421081542969 -0.00188827514648438
-0.0644378662109375 -0.175186157226562 -0.0132045745849609 -0.000416755676269541
-0.00502014160156249 -0.188827514648438 -0.081268310546875 -0.064727783203125
0.050140380859375 -0.1905517578125 -0.041229248046875 -0.233901977539063
0.110702514648437 -0.116455078125 -0.200424194335937 -0.145309448242188
0.0776214599609375 -0.1385498046875 -0.172927856445313 -0.208953857421875
0.00802612304687499 -0.177947998046875 -0.155487060546875 -0.156341552734375
-0.078826904296875 -0.137611389160156 -0.143966674804688 -0.0968170166015625
-0.0944442749023438 -0.095458984375 -0.0782394409179688 -0.0536041259765625
-0.138992309570313 -0.0375289916992188 -0.0551338195800781 -0.0465621948242188
-0.153640747070313 0.00614929199218751 -0.026397705078125 -0.0616035461425781
-0.146759033203125 0.00462341308593752 0.00839996337890624 -0.0722503662109375
-0.162994384765625 0.016326904296875 0.0302047729492187 -0.0852737426757812
-0.146316528320313 -0.0188446044921875 0.06878662109375 -0.0573272705078125
-0.137962341308594 -0.0779571533203125 0.0765914916992187 -0.0301589965820313
-0.109336853027344 -0.118270874023438 0.0453910827636719 0.000644683837890618
-0.00117492675781251 -0.183639526367188 0.00264072418212891 -0.00613641738891603
0.0728759765625 -0.172225952148438 -0.0599517822265625 -0.0942840576171875
0.119468688964844 -0.135543823242187 -0.00857543945312498 -0.276168823242188
0.145339965820313 -0.0288238525390625 -0.162750244140625 -0.151473999023438
0.115219116210938 -0.0702133178710937 -0.149658203125 -0.202301025390625
0.060821533203125 -0.114486694335938 -0.133163452148438 -0.130531311035156
-0.0125656127929688 -0.109703063964844 -0.106880187988281 -0.0802154541015625
-0.03564453125 -0.09381103515625 -0.0420989990234375 -0.0433387756347656
-0.0965042114257813 -0.0678253173828125 -0.0101356506347656 -0.0506973266601563
-0.131355285644531 -0.0335311889648438 0.0214920043945312 -0.0741500854492188
-0.12939453125 -0.0273971557617187 0.0536880493164062 -0.079071044921875
-0.149978637695313 -0.0198211669921875 0.0836334228515625 -0.0868911743164063
-0.129180908203125 -0.04522705078125 0.114883422851562 -0.0454254150390625
-0.109214782714844 -0.0971755981445313 0.111114501953125 -0.0157928466796875
-0.0723648071289062 -0.128395080566406 0.0734634399414063 0.00637054443359374
0.044708251953125 -0.166549682617187 0.0373954772949219 -0.00451660156250001
0.129371643066406 -0.131904602050781 -0.0112686157226562 -0.109329223632813
0.166473388671875 -0.0628204345703125 0.046356201171875 -0.29132080078125
-0.177261352539063 -0.0287933349609375 -0.06695556640625 0.265045166015625
-0.102676391601562 0.0982284545898438 -0.0238494873046875 0.109199523925781
-0.0372085571289062 0.124237060546875 -0.066925048828125 -0.0199394226074219
0.0369949340820313 0.108512878417969 -0.115791320800781 -0.0314712524414062
0.0619850158691406 0.0698585510253906 -0.147415161132813 -0.00776672363281251
0.096466064453125 0.0391921997070313 -0.152847290039063 0.0453948974609375
0.0974960327148438 0.03118896484375 -0.127235412597656 0.0936279296875
0.0859222412109375 0.0402755737304688 -0.0873565673828125 0.0854568481445313
0.092987060546875 0.0510406494140625 -0.0457382202148437 0.0736770629882813
0.0516586303710938 0.0768508911132813 -0.0137252807617187 0.0482139587402344
0.0045166015625 0.0939407348632813 0.0270729064941406 0.0436973571777344
-0.0443496704101562 0.0878982543945313 0.0638465881347656 0.0691299438476563
-0.109970092773438 0.044891357421875 0.0866317749023438 0.109588623046875
-0.14666748046875 0.010284423828125 0.121826171875 0.153274536132813
-0.163528442382813 -0.0655364990234375 0.112281799316406 0.117080688476563
-0.162841796875 -0.10821533203125 -0.132537841796875 0.232925415039063
-0.106956481933594 0.025421142578125 -0.0822296142578125 0.083892822265625
-0.0589103698730469 0.0546798706054687 -0.106559753417969 -0.0381622314453125
-0.00342178344726563 0.0650482177734375 -0.155197143554687 -0.0410919189453125
0.0173873901367187 0.0432853698730469 -0.17364501953125 -0.0150299072265625
0.0422706604003906 0.0413589477539063 -0.181442260742188 0.03900146484375
0.045440673828125 0.054718017578125 -0.1561279296875 0.0861968994140625
0.0384368896484375 0.0634727478027344 -0.109306335449219 0.073028564453125
0.04351806640625 0.0847625732421875 -0.0695610046386719 0.0580825805664063
0.0012969970703125 0.100845336914063 -0.02740478515625 0.0308017730712891
-0.0579605102539063 0.097747802734375 0.0160789489746094 0.0264492034912109
-0.108177185058594 0.0683670043945313 0.0451889038085937 0.053497314453125
-0.148971557617188 -0.0185089111328125 0.0550765991210937 0.077423095703125
-0.169189453125 -0.0623931884765625 0.0734100341796875 0.111343383789063
-0.1668701171875 -0.14007568359375 0.0612297058105469 0.0662422180175781
-0.125686645507812 -0.177383422851563 -0.185623168945313 0.170364379882813
-0.0937576293945312 -0.0579986572265625 -0.128349304199219 0.0344467163085938
-0.0784378051757812 -0.0319366455078125 -0.139686584472656 -0.0686187744140625
-0.0534896850585938 0.00819396972656249 -0.1878662109375 -0.055755615234375
-0.0364570617675781 0.0090789794921875 -0.188247680664063 -0.0238189697265625
-0.0216102600097656 0.0381240844726563 -0.193603515625 0.0311431884765625
-0.0153045654296875 0.07098388671875 -0.165740966796875 0.0708160400390625
-0.0159454345703125 0.0769577026367188 -0.114044189453125 0.0510940551757813
-0.0109939575195312 0.105094909667969 -0.07958984375 0.0306396484375
-0.0447998046875 0.11053466796875 -0.0304336547851563 0.00550270080566406
-0.105209350585938 0.0923004150390625 0.0138835906982422 0.00458145141601563
-0.15032958984375 0.050140380859375 0.0327606201171875 0.0363197326660156
-0.169830322265625 -0.0649871826171875 0.0263328552246094 0.05096435546875
-0.172683715820313 -0.114517211914063 0.0188674926757812 0.0669822692871094
-0.147872924804688 -0.192596435546875 0.0118227005004883 -0.00207710266113282
-0.072479248046875 -0.220947265625 -0.2181396484375 0.0906829833984375
-0.0666961669921875 -0.132835388183594 -0.160736083984375 -0.031005859375
-0.0906906127929688 -0.118324279785156 -0.160675048828125 -0.103271484375
-0.103591918945313 -0.0523300170898438 -0.20465087890625 -0.07147216796875
-0.091033935546875 -0.0256271362304688 -0.18499755859375 -0.0316619873046875
-0.0849456787109375 0.033172607421875 -0.183837890625 0.019927978515625
-0.0736618041992187 0.0780792236328125 -0.151504516601563 0.0462188720703125
-0.06756591796875 0.0798492431640625 -0.101051330566406 0.0213088989257812
-0.0637893676757812 0.10931396484375 -0.0753936767578125 -0.00215911865234376
-0.0844955444335938 0.100807189941406 -0.0243396759033203 -0.0205230712890625
-0.136367797851563 0.0709228515625 0.0159683227539062 -0.0158071517944336
-0.169952392578125 0.0233612060546875 0.0248908996582031 0.0217494964599609
-0.164825439453125 -0.10235595703125 0.00164031982421874 0.0316600799560547
-0.148483276367187 -0.151336669921875 -0.0330944061279297 0.0264453887939453
-0.106277465820312 -0.218978881835937 -0.03082275390625 -0.0765457153320313
-0.013946533203125 -0.227996826171875 -0.231796264648438 0.00410461425781254
-0.0294189453125 -0.17913818359375 -0.181304931640625 -0.0982513427734375
-0.0873870849609375 -0.181610107421875 -0.171890258789063 -0.130538940429687
-0.135261535644531 -0.101509094238281 -0.199005126953125 -0.083770751953125
-0.129280090332031 -0.054443359375 -0.159912109375 -0.0403289794921875
-0.132301330566406 0.0236358642578125 -0.151229858398438 0.00198364257812501
-0.119972229003906 0.0749130249023438 -0.119369506835938 0.0125808715820313
-0.110076904296875 0.0700531005859375 -0.0740127563476563 -0.0118484497070313
-0.11004638671875 0.0960617065429688 -0.0550003051757813 -0.0330924987792969
-0.116844177246094 0.0739898681640625 -0.00668716430664063 -0.0410270690917969
-0.15277099609375 0.030914306640625 0.0261611938476562 -0.0281810760498047
-0.1690673828125 -0.01806640625 0.0220108032226562 0.0131378173828125
-0.131301879882813 -0.13818359375 -0.0158367156982422 0.0196533203125
-0.0955657958984375 -0.176589965820313 -0.0732269287109375 -0.0103759765625
-0.041748046875 -0.219589233398437 -0.0564727783203125 -0.148651123046875
0.044830322265625 -0.196060180664062 -0.225357055664063 -0.0706939697265625
0.016204833984375 -0.184494018554688 -0.187332153320312 -0.153839111328125
-0.058929443359375 -0.203521728515625 -0.168731689453125 -0.143203735351562
-0.132392883300781 -0.128677368164063 -0.175399780273438 -0.0879058837890625
-0.134651184082031 -0.0742263793945313 -0.119697570800781 -0.04693603515625
-0.1517333984375 0.00637817382812497 -0.104362487792969 -0.0202484130859375
-0.145416259765625 0.0571441650390625 -0.0750350952148438 -0.0225601196289063
-0.135368347167969 0.04986572265625 -0.0361900329589844 -0.0431747436523438
-0.141876220703125 0.070098876953125 -0.0186691284179688 -0.0597190856933594
-0.1383056640625 0.0359878540039063 0.024810791015625 -0.0511856079101563
-0.156158447265625 -0.0187835693359375 0.0463981628417969 -0.0305824279785156
-0.150222778320313 -0.066925048828125 0.0274581909179687 0.00863075256347656
-0.0781860351562499 -0.170059204101562 -0.0185928344726563 0.0106544494628906
-0.021697998046875 -0.188385009765625 -0.0868453979492188 -0.0472946166992188
0.034210205078125 -0.195648193359375 -0.0569915771484375 -0.212677001953125
0.0971755981445313 -0.130859375 -0.200820922851563 -0.12237548828125
0.0631256103515625 -0.148834228515625 -0.177947998046875 -0.185592651367188
-0.01202392578125 -0.180679321289063 -0.15386962890625 -0.137603759765625
-0.0922698974609375 -0.127784729003906 -0.13861083984375 -0.0830612182617188
-0.104034423828125 -0.0848159790039063 -0.0744476318359375 -0.0483016967773438
-0.1395263671875 -0.0204086303710938 -0.0534477233886719 -0.0401535034179687
-0.147994995117188 0.025177001953125 -0.026336669921875 -0.0541191101074219
-0.14105224609375 0.021026611328125 0.00733947753906249 -0.0666770935058594
-0.154388427734375 0.0350341796875 0.0290069580078125 -0.0770797729492188
-0.142837524414063 -0.00163269042968749 0.0668601989746093 -0.050201416015625
-0.142715454101563 -0.0601043701171875 0.0749969482421875 -0.0234756469726563
-0.120285034179688 -0.104072570800781 0.0434722900390625 0.00787353515624999
-0.0205841064453125 -0.18310546875 -0.00308680534362793 0.00216245651245116
0.0529937744140625 -0.18017578125 -0.0692901611328125 -0.0803985595703125
0.103759765625 -0.148880004882813 -0.0283203125 -0.258255004882813
0.135711669921875 -0.0499267578125 -0.16583251953125 -0.135116577148437
0.102027893066406 -0.0864105224609375 -0.1556396484375 -0.184219360351562
0.0424118041992188 -0.123825073242188 -0.131080627441406 -0.116065979003906
-0.0300445556640625 -0.105758666992187 -0.101188659667969 -0.0710372924804687
-0.04815673828125 -0.0858154296875 -0.038055419921875 -0.0427322387695313
-0.101921081542969 -0.0507125854492187 -0.0110092163085938 -0.0504226684570313
-0.128410339355469 -0.0125732421875 0.0181198120117187 -0.0733642578125
-0.125587463378906 -0.00924682617187501 0.04974365234375 -0.0800628662109375
-0.144149780273438 0.00161743164062498 0.0787124633789062 -0.0847702026367188
-0.127815246582031 -0.025787353515625 0.112380981445313 -0.044036865234375
-0.116714477539062 -0.0782699584960938 0.108283996582031 -0.013916015625
-0.085723876953125 -0.113853454589844 0.0706253051757812 0.0102005004882812
0.0234832763671875 -0.168441772460938 0.0306110382080078 -0.00144195556640626
0.108489990234375 -0.146072387695313 -0.0240478515625 -0.101104736328125
0.15325927734375 -0.083404541015625 0.023040771484375 -0.279998779296875
-0.170440673828125 -0.00976562500000001 -0.0488433837890625 0.263717651367188
-0.086578369140625 0.10321044921875 -0.0120010375976563 0.106422424316406
-0.0203704833984375 0.1234130859375 -0.0631141662597656 -0.0198707580566406
0.04888916015625 0.098602294921875 -0.113677978515625 -0.03094482421875
0.0668869018554688 0.0586395263671875 -0.144577026367188 -0.005401611328125
0.094329833984375 0.0244522094726563 -0.150054931640625 0.0471038818359375
0.0930023193359375 0.017364501953125 -0.122306823730469 0.0971221923828125
0.0826568603515625 0.0281448364257813 -0.082977294921875 0.0894393920898437
0.089508056640625 0.0361862182617188 -0.0420761108398437 0.0772857666015625
0.0544815063476563 0.0639572143554688 -0.0139427185058594 0.0524368286132813
0.01361083984375 0.085113525390625 0.024993896484375 0.0458869934082031
-0.0311813354492187 0.0872268676757812 0.0611610412597656 0.0688400268554687
-0.0989761352539062 0.0556411743164063 0.083953857421875 0.106605529785156
-0.137771606445313 0.02642822265625 0.124099731445312 0.146316528320313
-0.16290283203125 -0.0453948974609375 0.113937377929687 0.113235473632812
-0.160568237304688 -0.0904998779296875 -0.112930297851563 0.237899780273438
-0.0947647094726563 0.0315704345703125 -0.0687408447265625 0.0878143310546875
-0.04620361328125 0.0553855895996094 -0.101585388183594 -0.033538818359375
0.00666427612304688 0.0574836730957031 -0.151107788085938 -0.0356292724609375
0.0213050842285156 0.0332908630371094 -0.168563842773438 -0.00952148437499999
0.0409774780273438 0.0293922424316406 -0.177261352539062 0.0449066162109375
0.0429534912109375 0.0445785522460938 -0.149398803710938 0.0940093994140625
0.0372657775878906 0.0543861389160156 -0.103073120117187 0.0808639526367188
0.0429840087890625 0.0730972290039063 -0.0641708374023438 0.0653152465820312
0.005767822265625 0.0907516479492188 -0.0262184143066406 0.038330078125
-0.04803466796875 0.0927734375 0.0158634185791016 0.0327739715576172
-0.0961380004882813 0.0708465576171875 0.0432472229003906 0.0569801330566406
-0.141647338867188 -0.00590515136718749 0.051513671875 0.0799636840820313
-0.1650390625 -0.0447540283203125 0.0748138427734375 0.11126708984375
-0.169937133789062 -0.121429443359375 0.06231689453125 0.0686531066894531
-0.129043579101562 -0.163436889648438 -0.166229248046875 0.182693481445312
-0.0881118774414063 -0.052001953125 -0.115592956542969 0.0439682006835937
-0.0719833374023438 -0.0293807983398438 -0.134086608886719 -0.0604400634765625
-0.0465278625488281 0.00491714477539063 -0.181884765625 -0.0465240478515625
-0.0344429016113281 0.003692626953125 -0.182510375976563 -0.0149688720703125
-0.0218181610107422 0.0313739776611328 -0.187347412109375 0.04071044921875
-0.014739990234375 0.0652732849121094 -0.15673828125 0.08038330078125
-0.0146102905273437 0.0716552734375 -0.106971740722656 0.05999755859375
-0.00827026367187499 0.0978546142578125 -0.0726242065429688 0.0410232543945313
-0.039215087890625 0.104591369628906 -0.0284042358398438 0.0153083801269531
-0.095672607421875 0.0912857055664063 0.0140504837036133 0.0137157440185547
-0.141357421875 0.0552520751953125 0.0318717956542969 0.04351806640625
-0.166488647460938 -0.0529937744140625 0.0224876403808594 0.05743408203125
-0.172943115234375 -0.0986785888671875 0.0190200805664062 0.0736160278320313
-0.154739379882812 -0.177230834960938 0.0111522674560547 0.00676441192626952
-0.08074951171875 -0.212005615234375 -0.202194213867188 0.10791015625
-0.0669479370117188 -0.127838134765625 -0.150543212890625 -0.0158538818359375
-0.0919113159179688 -0.114860534667969 -0.155990600585937 -0.09234619140625
-0.100517272949219 -0.0500411987304687 -0.198272705078125 -0.060028076171875
-0.0906143188476563 -0.0256195068359375 -0.179489135742188 -0.022369384765625
-0.083465576171875 0.03216552734375 -0.176559448242188 0.030364990234375
-0.0704879760742188 0.0788955688476562 -0.142913818359375 0.0571441650390625
-0.0650634765625 0.0788497924804688 -0.0946044921875 0.0301284790039063
-0.0584564208984375 0.108039855957031 -0.0688858032226563 0.0100555419921875
-0.0780410766601563 0.100013732910156 -0.0215110778808594 -0.00965309143066406
-0.128875732421875 0.0735626220703125 0.0171918869018555 -0.00594711303710937
-0.163833618164063 0.0308837890625 0.0250053405761719 0.0307731628417969
-0.165725708007813 -0.09161376953125 -0.00191497802734376 0.04229736328125
-0.152725219726563 -0.13946533203125 -0.0341873168945313 0.0382881164550781
-0.114669799804688 -0.208938598632813 -0.0338973999023438 -0.0628433227539063
-0.026153564453125 -0.2254638671875 -0.219863891601562 0.0244140625
-0.036102294921875 -0.177383422851563 -0.17431640625 -0.0801849365234375
-0.09490966796875 -0.177688598632812 -0.167251586914063 -0.117645263671875
-0.137580871582031 -0.0948410034179688 -0.193222045898438 -0.0711669921874999
-0.131484985351563 -0.0493698120117187 -0.154510498046875 -0.0319976806640625
-0.129837036132813 0.0289077758789062 -0.14459228515625 0.0117034912109375
-0.114433288574219 0.0812606811523437 -0.111740112304688 0.0229415893554687
-0.105766296386719 0.0746307373046875 -0.0681266784667969 -0.00363922119140625
-0.102874755859375 0.100662231445313 -0.0495262145996094 -0.0220985412597656
-0.110893249511719 0.078277587890625 -0.00343513488769532 -0.0299320220947266
-0.149261474609375 0.0377349853515625 0.027902603149414 -0.0184574127197266
-0.167556762695313 -0.00878906250000003 0.0228786468505859 0.0226459503173828
-0.137939453125 -0.131416320800781 -0.0180416107177734 0.0318794250488281
-0.103713989257813 -0.17022705078125 -0.0741424560546875 0.00400543212890623
-0.0531768798828125 -0.216873168945313 -0.0627593994140625 -0.132217407226563
0.0313720703125 -0.20068359375 -0.219146728515625 -0.0506744384765625
0.00514221191406252 -0.187042236328125 -0.185287475585937 -0.13458251953125
-0.0730743408203125 -0.201507568359375 -0.166046142578125 -0.1292724609375
-0.139457702636719 -0.119705200195313 -0.169036865234375 -0.0768280029296875
-0.140487670898438 -0.0665206909179688 -0.115066528320313 -0.04046630859375
-0.150146484375 0.017242431640625 -0.100196838378906 -0.0124588012695312
-0.139213562011719 0.0684127807617187 -0.0700225830078125 -0.0145301818847656
-0.130607604980469 0.0591049194335938 -0.0322341918945313 -0.0364837646484375
-0.135116577148438 0.08001708984375 -0.0146408081054688 -0.0509185791015625
-0.1339111328125 0.0450897216796875 0.0284576416015625 -0.042449951171875
-0.1558837890625 -0.0071258544921875 0.0482711791992187 -0.02227783203125
-0.154190063476563 -0.0560760498046875 0.0288734436035156 0.0177974700927734
-0.0904083251953125 -0.166000366210937 -0.0214748382568359 0.0217208862304687
-0.03515625 -0.189163208007813 -0.0905990600585938 -0.0324020385742188
0.0210723876953125 -0.200164794921875 -0.066802978515625 -0.196136474609375
0.0850982666015625 -0.142074584960938 -0.19927978515625 -0.105422973632813
0.05035400390625 -0.156051635742188 -0.178985595703125 -0.168991088867188
-0.02825927734375 -0.18194580078125 -0.15087890625 -0.12445068359375
-0.103805541992187 -0.11956787109375 -0.132949829101563 -0.0748825073242188
-0.111679077148438 -0.0756759643554688 -0.0713043212890625 -0.0458450317382813
-0.138961791992188 -0.00664520263671876 -0.0512161254882813 -0.0355949401855469
-0.14202880859375 0.039886474609375 -0.0242919921875 -0.0498771667480469
-0.136337280273438 0.0332565307617188 0.00869750976562499 -0.0642280578613281
-0.147506713867187 0.0489349365234375 0.0303726196289062 -0.0717239379882813
-0.13934326171875 0.0117111206054688 0.0703811645507812 -0.04522705078125
-0.145156860351563 -0.0458221435546875 0.0764312744140625 -0.0181961059570313
-0.127822875976563 -0.0921783447265625 0.0441551208496094 0.0151481628417969
-0.0363006591796875 -0.18212890625 -0.00644493103027344 0.0105485916137695
0.0361785888671875 -0.185302734375 -0.0754318237304688 -0.0685882568359375
0.0914306640625 -0.160400390625 -0.041259765625 -0.244659423828125
0.126113891601563 -0.0652923583984375 -0.167709350585938 -0.122833251953125
0.0913543701171875 -0.098480224609375 -0.159942626953125 -0.17193603515625
0.0267181396484375 -0.129196166992188 -0.128372192382813 -0.106468200683594
-0.04229736328125 -0.100814819335938 -0.0960617065429688 -0.0675125122070312
-0.0579833984375 -0.0783920288085938 -0.0356025695800781 -0.044677734375
-0.103668212890625 -0.036468505859375 -0.0114097595214844 -0.0506782531738281
-0.123519897460938 0.00310516357421875 0.0157546997070312 -0.07354736328125
-0.120864868164063 0.00511932373046873 0.0479812622070312 -0.0804290771484375
-0.136520385742188 0.01788330078125 0.0774459838867187 -0.084136962890625
-0.124794006347656 -0.0105209350585937 0.113677978515625 -0.043243408203125
-0.120735168457031 -0.0627593994140625 0.108810424804687 -0.0119781494140625
-0.0956954956054687 -0.101966857910156 0.0692977905273437 0.0146827697753906
0.00553894042968749 -0.169357299804688 0.0253028869628906 0.00260543823242186
0.0904083251953125 -0.155303955078125 -0.033294677734375 -0.0938262939453125
0.14166259765625 -0.098297119140625 0.008331298828125 -0.27197265625
-0.165069580078125 0.00772094726562499 -0.030731201171875 0.2652587890625
-0.0718536376953125 0.10882568359375 -0.00103759765625001 0.10382080078125
-0.004791259765625 0.123054504394531 -0.0617218017578125 -0.0201606750488281
0.0594635009765625 0.0889129638671875 -0.114677429199219 -0.029815673828125
0.0710983276367188 0.0476608276367188 -0.144699096679688 -0.00135803222656248
0.0915298461914063 0.011077880859375 -0.15087890625 0.0514678955078125
0.0887069702148438 0.0057220458984375 -0.120040893554688 0.103485107421875
0.0801544189453125 0.017578125 -0.0790481567382813 0.0958404541015625
0.0866851806640625 0.0230484008789063 -0.0379714965820313 0.0817108154296875
0.0569725036621094 0.0532341003417969 -0.0128974914550781 0.0573387145996094
0.0213088989257812 0.07733154296875 0.0253982543945312 0.050262451171875
-0.0197067260742187 0.085906982421875 0.0610733032226563 0.069793701171875
-0.0879135131835938 0.0659255981445312 0.08447265625 0.105369567871094
-0.128936767578125 0.0424423217773438 0.128677368164063 0.141464233398438
-0.162384033203125 -0.0267486572265625 0.117843627929688 0.109931945800781
-0.160263061523438 -0.0754241943359375 -0.0938262939453125 0.246536254882813
-0.0841217041015625 0.0364456176757812 -0.0566864013671875 0.0914382934570313
-0.0350341796875 0.0557136535644531 -0.0991668701171875 -0.029998779296875
0.0145797729492188 0.0501747131347656 -0.15032958984375 -0.0312957763671875
0.0237216949462891 0.0250911712646484 -0.1676025390625 -0.00360107421875
0.0385093688964844 0.0195426940917969 -0.174850463867188 0.052276611328125
0.0410194396972656 0.03643798828125 -0.143585205078125 0.10394287109375
0.0358352661132813 0.0467948913574219 -0.097503662109375 0.089019775390625
0.0421943664550781 0.0639190673828125 -0.0577011108398437 0.0732955932617188
0.00946807861328124 0.0834121704101563 -0.0249099731445313 0.0457878112792969
-0.0406341552734375 0.089385986328125 0.0170669555664062 0.0385780334472656
-0.0865936279296875 0.0736770629882812 0.0439071655273438 0.0619163513183594
-0.1358642578125 0.00525665283203127 0.0511093139648437 0.0835800170898438
-0.162094116210938 -0.02850341796875 0.078369140625 0.112579345703125
-0.17437744140625 -0.104278564453125 0.0654983520507812 0.0724945068359375
-0.13421630859375 -0.152801513671875 -0.149276733398438 0.197189331054688
-0.0828704833984375 -0.04779052734375 -0.104690551757813 0.0531082153320313
-0.0679779052734375 -0.0282363891601563 -0.131538391113281 -0.05364990234375
-0.0416984558105469 0.00155258178710938 -0.180084228515625 -0.039093017578125
-0.0339851379394531 -0.00164031982421875 -0.180343627929687 -0.00708007812499999
-0.0235843658447266 0.0264225006103516 -0.183319091796875 0.050018310546875
-0.0147132873535156 0.0623779296875 -0.1495361328125 0.0918121337890625
-0.0148124694824219 0.0690650939941406 -0.101043701171875 0.0690460205078125
-0.00690460205078124 0.0941314697265625 -0.0668601989746094 0.0500411987304688
-0.0345001220703125 0.101280212402344 -0.0253391265869141 0.0239753723144531
-0.0893173217773437 0.0919036865234375 0.0162391662597656 0.0209751129150391
-0.134185791015625 0.061248779296875 0.0337104797363281 0.050079345703125
-0.16571044921875 -0.042205810546875 0.0214576721191406 0.0653152465820313
-0.175064086914063 -0.0847015380859375 0.0216751098632812 0.0808029174804688
-0.163818359375 -0.164505004882812 0.0111732482910156 0.0153207778930664
-0.090179443359375 -0.20623779296875 -0.18798828125 0.124969482421875
-0.0696487426757812 -0.125755310058594 -0.142166137695313 -0.00369262695312501
-0.0953369140625 -0.112129211425781 -0.154067993164062 -0.083709716796875
-0.100845336914063 -0.0483169555664063 -0.196517944335937 -0.05084228515625
-0.09332275390625 -0.0258560180664062 -0.176361083984375 -0.0138092041015625
-0.084320068359375 0.0329513549804688 -0.171630859375 0.041595458984375
-0.0677108764648437 0.0813827514648438 -0.134429931640625 0.0680313110351563
-0.0634765625 0.081512451171875 -0.0885391235351563 0.0387191772460938
-0.0546417236328125 0.109123229980469 -0.062652587890625 0.0194740295410156
-0.0734329223632812 0.10107421875 -0.0180244445800781 -0.000543594360351557
-0.124183654785156 0.0780715942382813 0.0205574035644531 0.00207710266113282
-0.160415649414063 0.038177490234375 0.0279464721679687 0.0389328002929688
-0.170028686523437 -0.083526611328125 -0.00245285034179689 0.0539093017578125
-0.159652709960938 -0.1295166015625 -0.0326919555664063 0.0499916076660156
-0.126937866210938 -0.20196533203125 -0.0372581481933594 -0.0508003234863281
-0.0386505126953125 -0.225799560546875 -0.209976196289062 0.0438079833984374
-0.044097900390625 -0.177642822265625 -0.170150756835938 -0.0655364990234375
-0.10614013671875 -0.174606323242188 -0.166290283203125 -0.107254028320313
-0.142562866210938 -0.0886688232421875 -0.190536499023438 -0.0610809326171875
-0.136749267578125 -0.0441665649414062 -0.152450561523438 -0.0243072509765625
-0.129264831542969 0.0354232788085938 -0.140281677246094 0.0216064453125
-0.109443664550781 0.0884323120117188 -0.10455322265625 0.0326690673828125
-0.10284423828125 0.0813064575195313 -0.0633544921875 0.00319671630859376
-0.0973663330078125 0.107086181640625 -0.0434989929199219 -0.0137786865234375
-0.10693359375 0.0842437744140625 0.00157737731933593 -0.0220890045166016
-0.14727783203125 0.0458831787109375 0.0318622589111328 -0.0108413696289062
-0.168548583984375 0.00111389160156252 0.0267486572265625 0.0315265655517578
-0.14764404296875 -0.12493896484375 -0.0183868408203125 0.044036865234375
-0.115692138671875 -0.16510009765625 -0.0747909545898438 0.0184478759765625
-0.0663299560546875 -0.216079711914063 -0.0690078735351562 -0.119178771972656
0.0171661376953125 -0.207260131835938 -0.214599609375 -0.03228759765625
-0.00711059570312501 -0.191070556640625 -0.185028076171875 -0.119674682617187
-0.0893096923828125 -0.2005615234375 -0.165969848632813 -0.119155883789063
-0.149063110351562 -0.110824584960937 -0.16729736328125 -0.0677337646484375
-0.14739990234375 -0.05841064453125 -0.114265441894531 -0.0357284545898437
-0.14984130859375 0.0282440185546875 -0.096405029296875 -0.005126953125
-0.133270263671875 0.0799331665039063 -0.0656051635742188 -0.0086212158203125
-0.12664794921875 0.0699462890625 -0.0297298431396484 -0.0327739715576172
-0.1279296875 0.0906219482421875 -0.0109901428222656 -0.0448951721191406
-0.13018798828125 0.05523681640625 0.0333747863769531 -0.0367698669433594
-0.156478881835938 0.0037689208984375 0.0525779724121094 -0.0168838500976563
-0.15960693359375 -0.045074462890625 0.0327625274658203 0.0256404876708984
-0.104293823242188 -0.162872314453125 -0.0220603942871094 0.0329360961914063
-0.050323486328125 -0.189956665039063 -0.0933380126953125 -0.01806640625
0.00746154785156252 -0.206985473632813 -0.0761260986328125 -0.183425903320312
0.0726318359375 -0.153350830078125 -0.200515747070312 -0.0894927978515625
0.03680419921875 -0.1646728515625 -0.183853149414063 -0.155105590820313
-0.0457611083984375 -0.183837890625 -0.150924682617188 -0.116165161132812
-0.115447998046875 -0.111846923828125 -0.130935668945313 -0.0694808959960938
-0.120742797851563 -0.066802978515625 -0.0699081420898438 -0.0447120666503906
-0.139755249023438 0.00670623779296874 -0.0501823425292969 -0.033111572265625
-0.136474609375 0.0540847778320313 -0.0235061645507812 -0.0474739074707031
-0.131820678710938 0.046539306640625 0.00947570800781249 -0.063568115234375
-0.140357971191406 0.06292724609375 0.0322418212890625 -0.0693397521972656
-0.135581970214844 0.0247955322265625 0.0745391845703125 -0.0431365966796875
-0.148101806640625 -0.0323486328125 0.080657958984375 -0.01513671875
-0.136093139648438 -0.0807266235351563 0.0475234985351562 0.0217971801757813
-0.0530242919921875 -0.181640625 -0.00818634033203126 0.0181980133056641
0.018798828125 -0.191436767578125 -0.0809402465820313 -0.0568618774414063
0.077362060546875 -0.172332763671875 -0.0548248291015625 -0.235931396484375
0.117454528808594 -0.0797653198242188 -0.171890258789063 -0.11309814453125
0.0794754028320312 -0.109733581542969 -0.166412353515625 -0.161544799804688
0.0106430053710937 -0.134468078613281 -0.127197265625 -0.101020812988281
-0.054656982421875 -0.0955963134765625 -0.0945053100585938 -0.0661773681640625
-0.0670928955078125 -0.0707550048828125 -0.0356674194335938 -0.047393798828125
-0.105819702148438 -0.0231781005859375 -0.0125236511230469 -0.0518035888671875
-0.119377136230469 0.0177993774414062 0.0134811401367188 -0.0751419067382813
-0.117240905761719 0.0185928344726563 0.0457687377929687 -0.0834884643554688
-0.130165100097656 0.0321426391601563 0.0772933959960938 -0.0863723754882813
-0.121711730957031 0.00286102294921873 0.116744995117188 -0.0451583862304688
-0.123985290527344 -0.04864501953125 0.111412048339844 -0.0113754272460938
-0.104667663574219 -0.0902633666992188 0.07122802734375 0.0174942016601562
-0.0117034912109375 -0.170166015625 0.0223503112792969 0.0068988800048828
0.07366943359375 -0.164047241210938 -0.0418701171875 -0.0872802734375
0.130287170410156 -0.114532470703125 -0.00807189941406249 -0.269119262695313
-0.158218383789063 0.02667236328125 -0.008056640625 0.267547607421875
-0.0561981201171875 0.1134033203125 0.0108108520507812 0.100830078125
0.0120315551757812 0.120796203613281 -0.0616722106933594 -0.0189018249511719
0.070037841796875 0.0775909423828125 -0.11737060546875 -0.0259857177734375
0.07537841796875 0.0360946655273438 -0.146530151367188 0.00505065917968751
0.0876922607421875 -0.0017547607421875 -0.151473999023438 0.0593719482421875
0.0835647583007813 -0.00542449951171875 -0.114944458007812 0.112953186035156
0.0766677856445313 0.00731658935546875 -0.0736236572265625 0.103561401367188
0.0823440551757813 0.0116653442382813 -0.031951904296875 0.086944580078125
0.0583305358886719 0.0424423217773438 -0.0101966857910156 0.0624618530273438
0.0287094116210938 0.0699539184570313 0.0279617309570313 0.0532264709472656
-0.00762939453125001 0.083648681640625 0.0642776489257813 0.0704727172851562
-0.0760116577148438 0.0750579833984375 0.0883712768554688 0.104057312011719
-0.118759155273438 0.0574951171875 0.137275695800781 0.134880065917969
-0.160858154296875 -0.00701904296875003 0.124649047851562 0.106033325195313
-0.16070556640625 -0.05841064453125 -0.06988525390625 0.255630493164063
-0.0742721557617188 0.0414962768554687 -0.0432815551757813 0.0952072143554688
-0.0239906311035156 0.0551185607910156 -0.09808349609375 -0.0253524780273438
0.0222740173339844 0.0419921875 -0.150970458984375 -0.02362060546875
0.0247268676757813 0.0160579681396484 -0.167312622070312 0.005523681640625
0.0351829528808594 0.0104751586914062 -0.17327880859375 0.0630340576171875
0.0388298034667969 0.0290107727050781 -0.1363525390625 0.115951538085938
0.034637451171875 0.0407142639160156 -0.090545654296875 0.0992965698242188
0.0414695739746094 0.0562858581542969 -0.0512161254882813 0.0808868408203125
0.013458251953125 0.0772628784179688 -0.0203819274902344 0.0530662536621094
-0.0325241088867187 0.0868301391601563 0.0205039978027344 0.043609619140625
-0.0770339965820313 0.076934814453125 0.047943115234375 0.0651168823242188
-0.130111694335937 0.017364501953125 0.0546493530273438 0.0872802734375
-0.158172607421875 -0.01177978515625 0.086212158203125 0.112998962402344
-0.17974853515625 -0.0854644775390625 0.0712509155273438 0.0746078491210938
-0.140869140625 -0.140228271484375 -0.127151489257812 0.211685180664063
-0.0806732177734375 -0.0436630249023438 -0.0922012329101563 0.0616836547851562
-0.0642013549804687 -0.0266342163085938 -0.131057739257813 -0.0458221435546875
-0.0386314392089844 -0.001983642578125 -0.18023681640625 -0.0280914306640625
-0.0358428955078125 -0.00496673583984375 -0.179183959960938 0.00363159179687502
-0.0257530212402344 0.0227108001708984 -0.178817749023438 0.06292724609375
-0.0136222839355469 0.0605354309082031 -0.139923095703125 0.105064392089844
-0.0139083862304688 0.0679244995117188 -0.0931015014648437 0.0791549682617188
-0.00350952148437501 0.0919876098632813 -0.0595054626464844 0.0594825744628906
-0.0287628173828125 0.099365234375 -0.0209941864013672 0.0325775146484375
-0.0821151733398438 0.094207763671875 0.0207004547119141 0.0261898040771484
-0.127525329589844 0.0687637329101563 0.03912353515625 0.0559654235839844
-0.166793823242188 -0.0290069580078125 0.0246047973632812 0.07501220703125
-0.177688598632813 -0.068328857421875 0.028411865234375 0.0878829956054687
-0.17449951171875 -0.149093627929688 0.0135536193847656 0.0230979919433594
-0.103851318359375 -0.200149536132812 -0.17059326171875 0.144271850585938
-0.0748748779296875 -0.123138427734375 -0.132835388183594 0.00983428955078122
-0.101203918457031 -0.108314514160156 -0.154037475585938 -0.073394775390625
-0.1026611328125 -0.0450820922851563 -0.195510864257813 -0.037445068359375
-0.0972671508789063 -0.0228729248046875 -0.174942016601562 -0.00259399414062501
-0.0849456787109375 0.0363311767578125 -0.165985107421875 0.0547637939453125
-0.0634307861328125 0.0849533081054688 -0.125457763671875 0.0804824829101563
-0.0599822998046875 0.08544921875 -0.081207275390625 0.0478439331054687
-0.0487060546875 0.111915588378906 -0.0556411743164063 0.0284347534179688
-0.06787109375 0.104393005371094 -0.0127658843994141 0.00681591033935547
-0.119270324707031 0.0847930908203125 0.0258083343505859 0.00768852233886719
-0.157211303710938 0.0495452880859375 0.0337104797363281 0.0460929870605469
-0.176589965820313 -0.070892333984375 0.000354766845703108 0.0652847290039063
-0.168487548828125 -0.116012573242187 -0.0284881591796875 0.0624008178710938
-0.141998291015625 -0.192276000976563 -0.0389556884765625 -0.0385818481445313
-0.0561370849609375 -0.226272583007813 -0.199066162109375 0.0648803710937499
-0.05682373046875 -0.178054809570313 -0.166000366210937 -0.0493927001953125
-0.120529174804688 -0.169464111328125 -0.168212890625 -0.0960540771484376
-0.149551391601563 -0.079803466796875 -0.190292358398438 -0.049041748046875
-0.142562866210938 -0.0360870361328125 -0.151443481445313 -0.0144805908203125
-0.128791809082031 0.044891357421875 -0.134429931640625 0.0329208374023437
-0.102851867675781 0.0976486206054688 -0.0971908569335938 0.0423049926757812
-0.097503662109375 0.089996337890625 -0.0586814880371094 0.00938796997070314
-0.0894927978515625 0.115501403808594 -0.0380325317382813 -0.00733947753906249
-0.101028442382813 0.0919570922851563 0.00628662109374999 -0.01654052734375
-0.14483642578125 0.056915283203125 0.0374908447265625 -0.00724411010742187
-0.169525146484375 0.0136566162109375 0.0335044860839844 0.0378379821777344
-0.159835815429688 -0.115066528320313 -0.0152435302734375 0.05633544921875
-0.129135131835938 -0.157546997070312 -0.0724945068359375 0.034271240234375
-0.084930419921875 -0.21441650390625 -0.0763778686523438 -0.105194091796875
-0.000656127929687482 -0.213546752929687 -0.210067749023438 -0.0123138427734375
-0.0233001708984375 -0.194412231445313 -0.186935424804688 -0.102157592773438
-0.10894775390625 -0.196136474609375 -0.168365478515625 -0.108062744140625
-0.159347534179688 -0.0995635986328125 -0.167816162109375 -0.0570831298828125
-0.155746459960938 -0.0464019775390625 -0.114219665527344 -0.0289459228515625
-0.148117065429687 0.042449951171875 -0.0927505493164063 0.00295257568359373
-0.124839782714844 0.093597412109375 -0.0610809326171875 -0.00216674804687499
-0.12066650390625 0.082122802734375 -0.027313232421875 -0.0294647216796875
-0.118598937988281 0.10302734375 -0.00751113891601563 -0.0415725708007813
-0.125320434570313 0.0666275024414062 0.0380744934082031 -0.0352897644042969
-0.156906127929688 0.017822265625 0.0583992004394531 -0.0151748657226563
-0.164932250976563 -0.0312042236328125 0.0391998291015625 0.0311775207519531
-0.121917724609375 -0.157028198242188 -0.0196304321289063 0.0441970825195312
-0.0688934326171875 -0.18756103515625 -0.094451904296875 -0.00251007080078126
-0.0114898681640625 -0.212539672851562 -0.08868408203125 -0.171112060546875
0.0571441650390625 -0.164794921875 -0.202194213867188 -0.0716552734375
0.02020263671875 -0.171890258789063 -0.190170288085937 -0.138259887695313
-0.0666351318359375 -0.18212890625 -0.15350341796875 -0.106292724609375
-0.128532409667969 -0.100837707519531 -0.131813049316406 -0.0626373291015625
-0.130424499511719 -0.0543746948242188 -0.071807861328125 -0.0418853759765625
-0.138473510742188 0.0227127075195313 -0.0497474670410156 -0.0296859741210938
-0.128273010253906 0.0701141357421875 -0.02362060546875 -0.0453262329101562
-0.126045227050781 0.0609130859375 0.00803756713867187 -0.063995361328125
-0.13153076171875 0.0775833129882813 0.0332450866699219 -0.0700187683105469
-0.131179809570313 0.0387344360351562 0.0788497924804687 -0.04522705078125
-0.1507568359375 -0.0169525146484375 0.0852432250976562 -0.0156097412109375
-0.144241333007813 -0.0670013427734375 0.0526809692382812 0.0252037048339844
-0.0740509033203125 -0.178207397460938 -0.00774192810058594 0.0271453857421875
-0.00201416015624998 -0.195098876953125 -0.0863265991210938 -0.0439605712890625
0.0599212646484375 -0.183990478515625 -0.0720672607421875 -0.227310180664063
0.105522155761719 -0.0955734252929687 -0.177459716796875 -0.099639892578125
0.06463623046875 -0.120506286621094 -0.176437377929688 -0.14862060546875
-0.00827789306640626 -0.1370849609375 -0.129753112792969 -0.0938949584960938
-0.0670623779296875 -0.0875778198242187 -0.0956802368164063 -0.0633926391601562
-0.0763702392578125 -0.0617446899414062 -0.0380058288574219 -0.0483932495117188
-0.1060791015625 -0.00848388671875001 -0.0149612426757813 -0.0526542663574219
-0.113037109375 0.0337142944335938 0.00996398925781249 -0.0775146484375
-0.111953735351563 0.0320510864257812 0.0420913696289063 -0.0884933471679688
-0.122299194335938 0.0474166870117188 0.0759201049804687 -0.0914306640625
-0.117431640625 0.0175399780273438 0.119842529296875 -0.0509185791015625
-0.126823425292969 -0.0332489013671875 0.114601135253906 -0.0153045654296875
-0.113235473632813 -0.0768585205078125 0.0750503540039062 0.018768310546875
-0.03179931640625 -0.169036865234375 0.0208797454833984 0.0111293792724609
0.05316162109375 -0.172149658203125 -0.0507888793945313 -0.0793838500976563
0.11614990234375 -0.130279541015625 -0.0291595458984375 -0.265640258789063
-0.146560668945313 0.0461578369140625 0.0204010009765625 0.262969970703125
-0.038604736328125 0.114524841308594 0.0235519409179687 0.0952224731445313
0.0300827026367187 0.113662719726563 -0.0615615844726563 -0.0158042907714844
0.0781478881835938 0.0633773803710938 -0.118400573730469 -0.0187149047851562
0.0760498046875 0.0224838256835938 -0.144973754882813 0.014739990234375
0.0802001953125 -0.0146255493164063 -0.147598266601563 0.0705108642578125
0.0761642456054688 -0.0166397094726563 -0.104591369628906 0.122871398925781
0.0712051391601563 -0.00270843505859375 -0.0631256103515625 0.110496520996094
0.0755538940429687 0.0006256103515625 -0.0231857299804688 0.0907745361328125
0.0572776794433594 0.031219482421875 -0.00484466552734375 0.0661277770996094
0.0351943969726563 0.0599479675292969 0.032073974609375 0.0536270141601563
0.00399780273437501 0.0792083740234375 0.0690193176269531 0.0679244995117188
-0.0598678588867187 0.08221435546875 0.0944366455078125 0.0989151000976563
-0.103523254394531 0.0711288452148438 0.145538330078125 0.122512817382813
-0.154327392578125 0.0149078369140625 0.132080078125 0.0962448120117187
-0.157394409179688 -0.0394287109375 -0.039520263671875 0.258834838867187
-0.063140869140625 0.0452537536621094 -0.0280075073242188 0.0954666137695313
-0.0126113891601562 0.0517539978027344 -0.0962142944335938 -0.018035888671875
0.0277500152587891 0.0322914123535156 -0.149368286132813 -0.0125732421875
0.024444580078125 0.00800323486328125 -0.164306640625 0.018096923828125
0.0301551818847656 0.0026092529296875 -0.166702270507813 0.0768280029296875
0.0357894897460938 0.0215911865234375 -0.122688293457031 0.127731323242188
0.0329036712646484 0.0342674255371094 -0.0782241821289062 0.108314514160156
0.0408287048339844 0.049041748046875 -0.0404815673828125 0.087158203125
0.0168266296386719 0.0701408386230469 -0.013458251953125 0.0590553283691406
-0.0244293212890625 0.0831375122070313 0.0260581970214844 0.0460548400878906
-0.065582275390625 0.07977294921875 0.0543403625488281 0.0658035278320313
-0.120880126953125 0.030426025390625 0.060638427734375 0.08856201171875
-0.150726318359375 0.00611877441406248 0.0952682495117187 0.108726501464844
-0.181716918945312 -0.0623016357421875 0.0776138305664062 0.0725631713867188
-0.147689819335938 -0.123489379882812 -0.0979461669921875 0.222518920898437
-0.0777587890625 -0.0380859375 -0.0772933959960937 0.0688705444335938
-0.0619659423828125 -0.02435302734375 -0.129287719726563 -0.0349655151367188
-0.0367431640625 -0.00416946411132813 -0.177536010742187 -0.013580322265625
-0.0375518798828125 -0.00685882568359375 -0.174072265625 0.017852783203125
-0.0278396606445313 0.0212440490722656 -0.169662475585938 0.0777740478515625
-0.0113029479980469 0.0585556030273438 -0.125411987304687 0.117660522460938
-0.0114173889160156 0.06683349609375 -0.0815811157226563 0.088623046875
0.000640869140625003 0.0892333984375 -0.0489349365234375 0.0672454833984375
-0.0215530395507813 0.0979690551757812 -0.0140724182128906 0.0390663146972656
-0.0723114013671875 0.0972442626953125 0.0263843536376953 0.0291957855224609
-0.116989135742188 0.077239990234375 0.04632568359375 0.0585861206054688
-0.163223266601563 -0.0123748779296875 0.0315628051757813 0.0805206298828125
-0.176605224609375 -0.04852294921875 0.0374603271484375 0.0913314819335938
-0.183807373046875 -0.127273559570313 0.0176677703857422 0.0288944244384766
-0.118560791015625 -0.187469482421875 -0.146148681640625 0.161651611328125
-0.0817337036132812 -0.117164611816406 -0.121406555175781 0.0220870971679687
-0.108154296875 -0.100296020507813 -0.154129028320313 -0.0600738525390625
-0.104911804199219 -0.0391311645507812 -0.192550659179688 -0.021514892578125
-0.100807189941406 -0.016845703125 -0.169998168945313 0.011932373046875
-0.0827484130859375 0.0413589477539062 -0.155380249023438 0.069091796875
-0.0562591552734375 0.0888900756835937 -0.111892700195312 0.0922317504882813
-0.0538558959960938 0.08941650390625 -0.071868896484375 0.0557403564453125
-0.0395278930664062 0.114471435546875 -0.0465469360351563 0.0360794067382813
-0.058349609375 0.107376098632813 -0.00646495819091797 0.0126371383666992
-0.110275268554688 0.0933914184570312 0.0313892364501953 0.0103435516357422
-0.1500244140625 0.0617218017578125 0.0417060852050781 0.0495758056640625
-0.180404663085938 -0.0540313720703125 0.00903320312499999 0.07421875
-0.174560546875 -0.0976409912109375 -0.0194854736328125 0.07293701171875
-0.157470703125 -0.176300048828125 -0.0395011901855469 -0.02655029296875
-0.0763092041015625 -0.2197265625 -0.180694580078125 0.0853729248046875
-0.071807861328125 -0.17218017578125 -0.159210205078125 -0.0315704345703125
-0.136245727539063 -0.15789794921875 -0.168853759765625 -0.08099365234375
-0.154891967773437 -0.066253662109375 -0.188491821289063 -0.0324554443359375
-0.146896362304688 -0.0229644775390625 -0.148345947265625 -0.00152587890624999
-0.12335205078125 0.0563430786132813 -0.125732421875 0.044891357421875
-0.0914840698242187 0.106399536132813 -0.0862884521484375 0.0513839721679688
-0.0883331298828125 0.0992431640625 -0.0523719787597656 0.0156669616699219
-0.0774383544921875 0.122634887695313 -0.0316791534423828 -0.00087547302246093
-0.0914459228515625 0.0993881225585938 0.0114841461181641 -0.0133438110351562
-0.137962341308594 0.0694656372070313 0.0426063537597656 -0.00606155395507812
-0.166717529296875 0.029205322265625 0.0415077209472656 0.0410919189453125
-0.170150756835938 -0.099365234375 -0.00717544555664063 0.0675201416015625
-0.1431884765625 -0.1429443359375 -0.0655097961425781 0.0485992431640625
-0.105377197265625 -0.205841064453125 -0.0821685791015625 -0.0886917114257813
-0.0230560302734375 -0.213546752929688 -0.200668334960937 0.01068115234375
-0.043365478515625 -0.192276000976562 -0.185317993164063 -0.080963134765625
-0.129989624023438 -0.184112548828125 -0.169830322265625 -0.0927886962890625
-0.16845703125 -0.0819549560546875 -0.166351318359375 -0.04345703125
-0.160568237304688 -0.029022216796875 -0.112937927246094 -0.0195693969726562
-0.140975952148437 0.0576324462890625 -0.0868606567382813 0.0119552612304687
-0.111427307128906 0.105674743652344 -0.0558815002441406 0.0038604736328125
-0.109909057617188 0.0942611694335937 -0.0254592895507813 -0.0268135070800781
-0.104804992675781 0.114982604980469 -0.004730224609375 -0.0388259887695312
-0.115165710449219 0.07891845703125 0.0414543151855469 -0.0354347229003906
-0.152847290039063 0.0347137451171875 0.0629081726074219 -0.0161781311035156
-0.16607666015625 -0.0134429931640625 0.0462493896484375 0.0337448120117188
-0.139022827148437 -0.142868041992188 -0.0131416320800781 0.054595947265625
-0.089202880859375 -0.179336547851563 -0.0908355712890625 0.014434814453125
-0.03472900390625 -0.211669921875 -0.101348876953125 -0.153335571289063
0.035400390625 -0.172348022460938 -0.199508666992188 -0.0501708984375
-0.000274658203124998 -0.174301147460938 -0.194412231445312 -0.11602783203125
-0.0899505615234375 -0.17327880859375 -0.155807495117188 -0.0925140380859375
-0.139434814453125 -0.0841445922851562 -0.131881713867188 -0.0528182983398438
-0.136497497558594 -0.0380783081054688 -0.0733413696289063 -0.03741455078125
-0.132362365722656 0.03924560546875 -0.0485000610351563 -0.0247879028320312
-0.115028381347656 0.0845489501953125 -0.0238914489746094 -0.0428085327148437
-0.114944458007813 0.0752716064453125 0.00494003295898437 -0.0647201538085938
-0.117721557617188 0.0913009643554687 0.0323486328125 -0.07098388671875
-0.122703552246094 0.0524520874023437 0.0805282592773437 -0.0501022338867187
-0.148727416992188 0.00160217285156252 0.0892257690429687 -0.0196990966796875
-0.149368286132813 -0.048675537109375 0.0584068298339844 0.025604248046875
-0.09539794921875 -0.167755126953125 -0.00497055053710938 0.03521728515625
-0.0259857177734375 -0.19268798828125 -0.0885391235351563 -0.0281143188476562
0.0365142822265625 -0.191207885742188 -0.090728759765625 -0.212158203125
0.089324951171875 -0.10784912109375 -0.180435180664063 -0.0819549560546875
0.0464248657226563 -0.12823486328125 -0.184371948242187 -0.129074096679688
-0.0283432006835938 -0.134254455566406 -0.13189697265625 -0.0831298828125
-0.0785446166992187 -0.0758895874023438 -0.0978851318359375 -0.0582122802734375
-0.0840682983398438 -0.0485687255859375 -0.0414047241210937 -0.0485076904296875
-0.102188110351562 0.00706481933593748 -0.0185470581054688 -0.0522232055664063
-0.1025390625 0.0479660034179688 0.00331878662109375 -0.0780181884765625
-0.102546691894531 0.0462646484375 0.0350799560546875 -0.092437744140625
-0.109886169433594 0.0611724853515625 0.0704727172851563 -0.0965805053710938
-0.108818054199219 0.031707763671875 0.119033813476562 -0.0602645874023437
-0.126205444335937 -0.0151748657226563 0.116676330566406 -0.0222930908203125
-0.11956787109375 -0.0594635009765625 0.078338623046875 0.0167388916015625
-0.0540313720703125 -0.160995483398438 0.0206813812255859 0.0151634216308594
0.02874755859375 -0.1744384765625 -0.0599021911621094 -0.0681991577148438
0.0958709716796875 -0.1431884765625 -0.0542144775390625 -0.256484985351563
-0.128692626953125 0.0612106323242187 0.0460205078125 0.247665405273438
-0.0214385986328125 0.110343933105469 0.03350830078125 0.08489990234375
0.0436782836914063 0.100654602050781 -0.0591506958007812 -0.0121574401855469
0.0808563232421875 0.0467147827148438 -0.115562438964844 -0.0106887817382812
0.0728988647460938 0.0101394653320313 -0.138877868652344 0.024322509765625
0.0695037841796875 -0.024078369140625 -0.138778686523438 0.0796890258789062
0.064971923828125 -0.0249443054199219 -0.0903167724609375 0.127937316894531
0.0627479553222656 -0.0104217529296875 -0.0502548217773437 0.113128662109375
0.0660324096679688 -0.0080413818359375 -0.0134811401367187 0.0905075073242187
0.053680419921875 0.0207481384277344 0.000942230224609383 0.0672378540039063
0.0376205444335938 0.0488357543945313 0.0354728698730469 0.0528640747070313
0.0136795043945313 0.071258544921875 0.0723953247070313 0.0627593994140625
-0.0431289672851563 0.0830535888671875 0.0976409912109375 0.089935302734375
-0.0852203369140625 0.0777359008789062 0.149215698242188 0.106704711914062
-0.140342712402344 0.0337600708007813 0.134223937988281 0.0830307006835937
-0.14813232421875 -0.02081298828125 -0.00906372070312499 0.250396728515625
-0.0512542724609375 0.0458564758300781 -0.0128097534179688 0.091033935546875
-0.00287628173828125 0.0453262329101563 -0.0914306640625 -0.0107269287109375
0.0300884246826172 0.0218219757080078 -0.143508911132813 -0.00134277343750001
0.0211009979248047 0.000637054443359375 -0.155364990234375 0.0292816162109375
0.0232982635498047 -0.00347328186035156 -0.153732299804687 0.08819580078125
0.0310935974121094 0.0159797668457031 -0.105415344238281 0.134185791015625
0.0294322967529297 0.0286960601806641 -0.06353759765625 0.112197875976563
0.038116455078125 0.0419273376464844 -0.028167724609375 0.0889053344726563
0.0186424255371094 0.0620155334472656 -0.00597763061523438 0.0613288879394531
-0.0166091918945312 0.0774612426757813 0.0309486389160156 0.0458183288574219
-0.0535354614257812 0.07855224609375 0.0594635009765625 0.0630760192871094
-0.107559204101562 0.0391082763671875 0.0663528442382813 0.085693359375
-0.136703491210938 0.0209808349609375 0.101692199707031 0.0996932983398438
-0.174392700195313 -0.038726806640625 0.0819091796875 0.0676116943359375
-0.147796630859375 -0.103118896484375 -0.0657958984375 0.221725463867187
-0.0735702514648438 -0.0322647094726563 -0.0608367919921875 0.0709457397460938
-0.05804443359375 -0.0219230651855469 -0.12335205078125 -0.024627685546875
-0.0349178314208984 -0.00655555725097656 -0.1685791015625 0.000518798828125001
-0.0396156311035156 -0.00716400146484376 -0.164352416992187 0.0305023193359375
-0.0289306640625 0.0203723907470703 -0.153915405273437 0.0892486572265625
-0.0093536376953125 0.055511474609375 -0.106948852539063 0.124397277832031
-0.00838088989257813 0.0640869140625 -0.0665817260742188 0.0936050415039062
0.00537872314453125 0.0846786499023438 -0.0366134643554688 0.0705795288085938
-0.0146408081054687 0.0926666259765625 -0.00646591186523437 0.0416755676269531
-0.0615005493164062 0.0958938598632813 0.0315055847167969 0.0291900634765625
-0.103965759277344 0.08197021484375 0.0527381896972656 0.0576057434082031
-0.154129028320313 0.00230407714843752 0.0396270751953125 0.0815353393554688
-0.168624877929688 -0.0298614501953125 0.0467453002929687 0.0901260375976563
-0.1845703125 -0.102981567382812 0.021575927734375 0.0329074859619141
-0.128662109375 -0.169021606445313 -0.115631103515625 0.168746948242187
-0.0862884521484375 -0.107139587402344 -0.105186462402344 0.0319900512695312
-0.111122131347656 -0.0890350341796875 -0.148483276367187 -0.0453948974609375
-0.103294372558594 -0.03204345703125 -0.182937622070313 -0.00524902343749999
-0.100563049316406 -0.00910949707031249 -0.159637451171875 0.02508544921875
-0.0788040161132813 0.0455169677734375 -0.139633178710938 0.0792694091796875
-0.0470962524414063 0.0889663696289063 -0.0945663452148438 0.0979080200195313
-0.0454864501953125 0.0904388427734375 -0.0600090026855469 0.060760498046875
-0.0296478271484375 0.113090515136719 -0.03619384765625 0.0403099060058594
-0.0479049682617188 0.106338500976563 0.000168800354003904 0.0150213241577149
-0.0973663330078125 0.0970611572265625 0.0360908508300781 0.01031494140625
-0.137336730957031 0.0713577270507813 0.049346923828125 0.0492744445800781
-0.176849365234375 -0.03521728515625 0.0184707641601562 0.0785675048828125
-0.173233032226562 -0.076141357421875 -0.00798034667968751 0.0782012939453125
-0.16583251953125 -0.153045654296875 -0.036407470703125 -0.0142822265625
-0.0937957763671875 -0.203948974609375 -0.155746459960938 0.099700927734375
-0.0833892822265625 -0.16009521484375 -0.145553588867188 -0.015045166015625
-0.145645141601563 -0.14068603515625 -0.164169311523438 -0.064239501953125
-0.1539306640625 -0.0506439208984375 -0.179290771484375 -0.015869140625
-0.144790649414063 -0.00872802734375 -0.139350891113281 0.00981903076171873
-0.114189147949219 0.064483642578125 -0.112144470214844 0.0544586181640625
-0.0770111083984375 0.109970092773438 -0.0734786987304688 0.0568695068359375
-0.0753631591796875 0.1033935546875 -0.0450057983398438 0.0194206237792969
-0.0621109008789063 0.125038146972656 -0.0247955322265625 0.0023937225341797
-0.078125 0.102798461914063 0.0160360336303711 -0.012171745300293
-0.125495910644531 0.0788497924804688 0.0466957092285156 -0.00688171386718749
-0.156448364257812 0.0429840087890625 0.0487937927246094 0.0406951904296875
-0.173416137695313 -0.0795135498046875 0.00295257568359375 0.0729598999023438
-0.149978637695312 -0.12322998046875 -0.0543708801269531 0.0597686767578125
-0.120040893554687 -0.187911987304688 -0.0827713012695313 -0.0705947875976563
-0.044708251953125 -0.2047119140625 -0.181671142578125 0.029571533203125
-0.0616912841796875 -0.181610107421875 -0.1771240234375 -0.05975341796875
-0.145187377929688 -0.164016723632812 -0.166122436523438 -0.075286865234375
-0.1693115234375 -0.0611724853515625 -0.159393310546875 -0.0288848876953125
-0.158111572265625 -0.0114593505859375 -0.107444763183594 -0.0103225708007813
-0.128677368164063 0.0693435668945312 -0.078887939453125 0.0190048217773437
-0.0933609008789062 0.112251281738281 -0.0486984252929688 0.00805282592773438
-0.0943145751953125 0.102066040039063 -0.0233955383300781 -0.0241317749023437
-0.08770751953125 0.12017822265625 -0.00291442871093751 -0.035858154296875
-0.100875854492188 0.0860443115234375 0.0432090759277344 -0.0369071960449219
-0.142745971679688 0.048797607421875 0.0651817321777344 -0.0188751220703125
-0.160675048828125 0.00379943847656248 0.0527229309082031 0.0329055786132812
-0.149368286132813 -0.122390747070313 -0.00396728515625001 0.0606765747070313
-0.104446411132812 -0.162734985351563 -0.082733154296875 0.0288925170898437
-0.056427001953125 -0.201553344726563 -0.107719421386719 -0.131027221679687
0.0137786865234375 -0.17071533203125 -0.188507080078125 -0.029296875
-0.0206298828125 -0.167816162109375 -0.189987182617188 -0.0920867919921875
-0.107254028320313 -0.155990600585938 -0.153167724609375 -0.077423095703125
-0.1422119140625 -0.064117431640625 -0.128456115722656 -0.0413055419921875
-0.135269165039062 -0.0196762084960938 -0.0722579956054688 -0.0310287475585937
-0.12030029296875 0.0529861450195312 -0.0464515686035156 -0.0196418762207031
-0.0968551635742188 0.0936279296875 -0.0237350463867188 -0.0395469665527344
-0.0998077392578125 0.0839080810546875 0.00186920166015624 -0.0633583068847656
-0.0997772216796875 0.0995941162109375 0.0286407470703125 -0.0713043212890625
-0.108314514160156 0.0626373291015625 0.078521728515625 -0.0547561645507812
-0.140335083007813 0.0180892944335938 0.0893173217773437 -0.025360107421875
-0.146636962890625 -0.029449462890625 0.063262939453125 0.0238494873046875
-0.1107177734375 -0.149383544921875 0.00106811523437499 0.0407752990722656
-0.0478363037109375 -0.181106567382813 -0.0857315063476563 -0.0130462646484375
0.0120697021484375 -0.188751220703125 -0.104751586914063 -0.18939208984375
0.0699539184570313 -0.114143371582031 -0.175430297851562 -0.062286376953125
0.0266189575195312 -0.127937316894531 -0.184005737304688 -0.106277465820312
-0.0460052490234375 -0.123680114746094 -0.130096435546875 -0.071380615234375
-0.0843658447265625 -0.0605010986328125 -0.0976791381835938 -0.0507659912109375
-0.0863113403320313 -0.033966064453125 -0.0437545776367188 -0.0455360412597656
-0.0934982299804688 0.0203399658203125 -0.02178955078125 -0.0496101379394531
-0.0872726440429688 0.05810546875 -0.00246429443359376 -0.0762710571289063
-0.088836669921875 0.0558624267578125 0.0261154174804688 -0.0930709838867188
-0.0935745239257813 0.0702667236328125 0.06182861328125 -0.099365234375
-0.0963058471679688 0.0422592163085938 0.11297607421875 -0.0686874389648438
-0.118934631347656 0.000930786132812482 0.114715576171875 -0.0297622680664063
-0.118949890136719 -0.0408096313476562 0.0792999267578125 0.0129776000976562
-0.071044921875 -0.14520263671875 0.0211315155029297 0.0178279876708984
0.00523376464843749 -0.16827392578125 -0.0631866455078125 -0.0545387268066406
0.071502685546875 -0.147750854492188 -0.075164794921875 -0.2362060546875
-0.109748840332031 0.0677947998046875 0.061248779296875 0.226577758789062
-0.00810241699218751 0.101699829101563 0.0381698608398438 0.0741653442382813
0.050262451171875 0.0864715576171875 -0.0552024841308594 -0.0097198486328125
0.07867431640625 0.0331954956054688 -0.110313415527344 -0.00529479980468752
0.0663414001464844 0.00112533569335937 -0.130790710449219 0.0288848876953125
0.0582847595214844 -0.0284576416015625 -0.128173828125 0.0834197998046875
0.054168701171875 -0.0280685424804688 -0.077423095703125 0.127098083496094
0.0540695190429688 -0.0145111083984375 -0.0398178100585937 0.110588073730469
0.0566368103027344 -0.011932373046875 -0.0066680908203125 0.0870361328125
0.0470771789550781 0.0139198303222656 0.00589752197265626 0.0662689208984375
0.037109375 0.0392532348632813 0.0372276306152344 0.0507469177246094
0.019256591796875 0.061614990234375 0.0724411010742188 0.0575408935546875
-0.0296249389648438 0.0779571533203125 0.096893310546875 0.0814437866210937
-0.068359375 0.0779800415039063 0.145263671875 0.093017578125
-0.123847961425781 0.044464111328125 0.130241394042969 0.0724105834960938
-0.134162902832031 -0.00897216796875001 0.0124664306640625 0.233673095703125
-0.0402641296386719 0.0432243347167969 -0.00228118896484375 0.0829849243164063
0.00271224975585937 0.0370635986328125 -0.0844345092773438 -0.00714874267578123
0.0291595458984375 0.0131855010986328 -0.133934020996094 0.00537872314453127
0.0170087814331055 -0.00428962707519531 -0.144607543945313 0.034698486328125
0.0162649154663086 -0.00639152526855469 -0.14007568359375 0.0912857055664063
0.0250759124755859 0.0120449066162109 -0.0893630981445313 0.132972717285156
0.0261898040771484 0.0248641967773438 -0.0508575439453125 0.110496520996094
0.0339088439941406 0.0369224548339844 -0.0189132690429687 0.0866546630859375
0.0173988342285156 0.0546226501464844 0.000156402587890621 0.060791015625
-0.0118560791015625 0.0701980590820312 0.0335731506347656 0.0438613891601563
-0.04345703125 0.0734939575195312 0.0619621276855469 0.0592689514160156
-0.0941238403320313 0.0422515869140625 0.0690383911132813 0.0810089111328125
-0.120796203613281 0.0280609130859375 0.102638244628906 0.0902252197265625
-0.161270141601563 -0.0218963623046875 0.08270263671875 0.062652587890625
-0.140823364257813 -0.08685302734375 -0.0406494140625 0.21148681640625
-0.0673027038574219 -0.0282058715820313 -0.0461616516113281 0.0679702758789063
-0.0535507202148437 -0.021942138671875 -0.114311218261719 -0.0166473388671875
-0.0330295562744141 -0.00856781005859375 -0.156173706054688 0.009033203125
-0.0406150817871094 -0.00737380981445313 -0.151092529296875 0.036102294921875
-0.0306911468505859 0.0189838409423828 -0.138870239257812 0.09246826171875
-0.00885391235351562 0.0518150329589844 -0.0895843505859375 0.123428344726563
-0.00657272338867187 0.0608329772949219 -0.0540237426757813 0.09234619140625
0.00730895996093749 0.0787506103515625 -0.0264091491699219 0.0699043273925781
-0.0112380981445313 0.0858535766601563 0.000297546386718748 0.0425224304199219
-0.053009033203125 0.0913238525390625 0.0348300933837891 0.0286960601806641
-0.0916595458984375 0.0809860229492188 0.0569381713867187 0.0545120239257813
-0.14208984375 0.0115814208984375 0.0453872680664062 0.0808486938476563
-0.155502319335938 -0.01611328125 0.0524826049804688 0.0860748291015625
-0.177032470703125 -0.0825958251953125 0.0250091552734375 0.0346488952636719
-0.129730224609375 -0.14984130859375 -0.089599609375 0.165054321289062
-0.0854949951171875 -0.0972900390625 -0.08941650390625 0.0350112915039062
-0.109718322753906 -0.0796661376953125 -0.138839721679688 -0.0357284545898437
-0.09881591796875 -0.0267868041992188 -0.169326782226563 0.004669189453125
-0.097564697265625 -0.00393676757812502 -0.146499633789063 0.03167724609375
-0.0740814208984375 0.04669189453125 -0.123512268066406 0.0820693969726562
-0.04083251953125 0.0858993530273438 -0.0786361694335937 0.0971527099609375
-0.0386581420898437 0.0885391235351563 -0.0494880676269531 0.0606765747070313
-0.0220794677734375 0.108367919921875 -0.0273208618164062 0.04046630859375
-0.0401611328125 0.101593017578125 0.00553703308105468 0.0154542922973633
-0.0860977172851562 0.09625244140625 0.0387115478515625 0.00914382934570313
-0.124069213867188 0.0748062133789062 0.0537986755371094 0.0467567443847656
-0.167007446289063 -0.02203369140625 0.0264129638671875 0.0792770385742188
-0.165283203125 -0.06103515625 0.00122070312499999 0.0794448852539063
-0.164718627929688 -0.132583618164063 -0.0318622589111328 -0.00552749633789063
-0.101516723632813 -0.185577392578125 -0.13128662109375 0.103355407714844
-0.0889892578125 -0.146835327148438 -0.129425048828125 -0.00610351562499998
-0.146820068359375 -0.123733520507812 -0.154693603515625 -0.0523681640625
-0.148330688476563 -0.03900146484375 -0.166030883789063 -0.00584411621093753
-0.137702941894531 0.00135803222656247 -0.127555847167969 0.0167312622070312
-0.103439331054687 0.0677337646484375 -0.098480224609375 0.05670166015625
-0.064208984375 0.107711791992188 -0.0611534118652344 0.0568199157714844
-0.0647125244140625 0.10296630859375 -0.0378227233886719 0.0206298828125
-0.0503768920898438 0.121788024902344 -0.0186920166015625 0.00407600402832032
-0.0668411254882812 0.100448608398437 0.0195960998535156 -0.0121364593505859
-0.113105773925781 0.0824203491210938 0.0482826232910156 -0.00796508789062499
-0.14410400390625 0.050567626953125 0.0536880493164062 0.0386734008789063
-0.1688232421875 -0.0631103515625 0.0118865966796875 0.0749664306640625
-0.148513793945312 -0.105712890625 -0.0427169799804687 0.0648193359375
-0.125885009765625 -0.1690673828125 -0.0784072875976563 -0.0553054809570313
-0.058563232421875 -0.189987182617187 -0.16058349609375 0.0394134521484375
-0.0715484619140625 -0.167465209960938 -0.161758422851563 -0.0452728271484375
-0.149765014648437 -0.143692016601563 -0.157455444335938 -0.0625762939453125
-0.1632080078125 -0.045562744140625 -0.149154663085938 -0.0182342529296875
-0.150650024414062 0.0020294189453125 -0.0996322631835938 -0.00390625
-0.114227294921875 0.0743560791015625 -0.069122314453125 0.0214767456054688
-0.0773696899414062 0.111892700195312 -0.0413894653320313 0.00917816162109375
-0.0803375244140625 0.102394104003906 -0.0208091735839844 -0.021881103515625
-0.071502685546875 0.118804931640625 -0.000398635864257816 -0.0341682434082031
-0.087493896484375 0.0870895385742188 0.0433311462402344 -0.0375328063964844
-0.129280090332031 0.055816650390625 0.0650863647460937 -0.0210113525390625
-0.149993896484375 0.015289306640625 0.0568695068359375 0.0304336547851562
-0.150070190429687 -0.1041259765625 0.00410079956054687 0.0632553100585938
-0.109878540039063 -0.145187377929688 -0.0713729858398438 0.0378646850585937
-0.0692291259765625 -0.18658447265625 -0.105857849121094 -0.110725402832031
-0.00300598144531249 -0.162841796875 -0.17181396484375 -0.0157318115234375
-0.03448486328125 -0.156875610351563 -0.178329467773438 -0.07464599609375
-0.115348815917969 -0.138557434082031 -0.145095825195313 -0.064910888671875
-0.138580322265625 -0.0480499267578125 -0.120765686035156 -0.0322647094726563
-0.129104614257813 -0.00560760498046876 -0.068878173828125 -0.0262908935546875
-0.106292724609375 0.0593109130859375 -0.0419883728027344 -0.0169563293457031
-0.0803604125976563 0.0949859619140625 -0.0219917297363281 -0.0370368957519531
-0.084564208984375 0.0860061645507812 -0.000843048095703127 -0.0603370666503906
-0.0828323364257812 0.100143432617188 0.0262489318847656 -0.0691680908203125
-0.0943069458007812 0.0660781860351563 0.0748214721679687 -0.0572891235351562
-0.128250122070313 0.02880859375 0.0869216918945313 -0.0289688110351562
-0.138748168945313 -0.0151443481445312 0.0646247863769531 0.0213050842285156
-0.11639404296875 -0.129806518554688 0.00615692138671874 0.0438652038574219
-0.060333251953125 -0.16510009765625 -0.07855224609375 -0.00152587890625001
-0.0057830810546875 -0.179229736328125 -0.1080322265625 -0.1663818359375
0.0520095825195312 -0.113311767578125 -0.164505004882812 -0.049468994140625
0.0115966796875 -0.122428894042969 -0.17547607421875 -0.0881195068359375
-0.0560760498046875 -0.110710144042969 -0.123847961425781 -0.062286376953125
-0.0841827392578125 -0.04718017578125 -0.0942459106445313 -0.0446243286132813
-0.0832595825195313 -0.0218276977539062 -0.0444984436035156 -0.0420684814453125
-0.0823516845703125 0.028472900390625 -0.0224990844726563 -0.0461387634277344
-0.0725936889648438 0.0613479614257812 -0.00642395019531251 -0.0725936889648438
-0.0749435424804687 0.0595703125 0.0190811157226563 -0.0896453857421875
-0.0774612426757813 0.0727157592773437 0.054229736328125 -0.097808837890625
-0.0826263427734375 0.0462646484375 0.105583190917969 -0.0723190307617187
-0.108238220214844 0.0120849609375 0.109367370605469 -0.0341567993164063
-0.112602233886719 -0.0274581909179687 0.0787734985351563 0.00992584228515625
-0.0793533325195312 -0.127883911132813 0.0220069885253906 0.0201606750488281
-0.01141357421875 -0.155548095703125 -0.0626411437988281 -0.0421371459960938
0.05145263671875 -0.143798828125 -0.086212158203125 -0.212905883789063
-0.0941238403320312 0.0685958862304688 0.0677642822265625 0.20843505859375
-0.000701904296875005 0.0934219360351563 0.0400047302246094 0.0645484924316406
0.0529937744140625 0.0741729736328125 -0.0516471862792969 -0.00927352905273437
0.0741653442382813 0.023345947265625 -0.105209350585938 -0.00354003906249998
0.0601882934570312 -0.004241943359375 -0.124099731445313 0.0294876098632812
0.0489578247070313 -0.0295143127441406 -0.120826721191406 0.0840072631835937
0.04498291015625 -0.0282936096191406 -0.0686569213867188 0.123565673828125
0.0468597412109375 -0.0155220031738281 -0.0327682495117188 0.106636047363281
0.0484962463378906 -0.0129051208496094 -0.0025787353515625 0.0834121704101562
0.0408134460449219 0.00947952270507812 0.00799560546875 0.0645256042480469
0.0344505310058594 0.0321159362792969 0.0374259948730469 0.0492973327636719
0.0210037231445312 0.0536270141601563 0.0705490112304688 0.0541458129882813
-0.020904541015625 0.0722274780273437 0.0932693481445313 0.0756607055664063
-0.0564117431640625 0.0743484497070313 0.139198303222656 0.0843353271484375
-0.108985900878906 0.0488357543945312 0.124176025390625 0.0666275024414062
-0.120765686035156 -0.00292205810546873 0.0243988037109375 0.21697998046875
-0.0326766967773438 0.0386505126953125 0.00382232666015624 0.0752182006835938
0.00575828552246094 0.0296955108642578 -0.078216552734375 -0.00563812255859373
0.0268592834472656 0.00588035583496094 -0.12548828125 0.00760650634765624
0.0127344131469727 -0.0076446533203125 -0.135421752929688 0.0357666015625
0.0103826522827148 -0.00728893280029297 -0.129608154296875 0.0911483764648438
0.0191402435302734 0.00973701477050781 -0.07855224609375 0.128997802734375
0.0216350555419922 0.0225315093994141 -0.0427017211914063 0.106559753417969
0.0299243927001953 0.0335445404052734 -0.01318359375 0.083465576171875
0.014801025390625 0.0494880676269531 0.00415802001953125 0.0598335266113281
-0.0107536315917969 0.0635185241699219 0.0351905822753906 0.0434150695800781
-0.0380096435546875 0.0673713684082031 0.0623779296875 0.0567359924316406
-0.084075927734375 0.0408782958984375 0.0694503784179688 0.07745361328125
-0.107887268066406 0.029571533203125 0.101051330566406 0.0844955444335938
-0.148040771484375 -0.013275146484375 0.08087158203125 0.0598678588867188
-0.131980895996094 -0.0764923095703125 -0.0249481201171875 0.199264526367188
-0.0617332458496094 -0.0273208618164063 -0.0357627868652344 0.0629348754882813
-0.0504379272460938 -0.0227394104003906 -0.105735778808594 -0.0144119262695313
-0.0326633453369141 -0.0112094879150391 -0.144912719726563 0.011871337890625
-0.0412368774414062 -0.00777816772460938 -0.140403747558594 0.0372390747070312
-0.0322971343994141 0.0188407897949219 -0.126693725585937 0.0912704467773437
-0.00981903076171875 0.0486946105957031 -0.0782394409179688 0.118705749511719
-0.00708770751953125 0.0578346252441406 -0.045745849609375 0.0893020629882813
0.0070037841796875 0.0745391845703125 -0.0193557739257812 0.0676841735839844
-0.0102996826171875 0.0800857543945313 0.00424575805664063 0.0417060852050781
-0.0478973388671875 0.0857467651367188 0.036529541015625 0.0279312133789063
-0.0829086303710938 0.0774307250976563 0.0588951110839844 0.0528182983398438
-0.131080627441406 0.0140838623046875 0.0486068725585937 0.0785903930664063
-0.143310546875 -0.0112762451171875 0.0554733276367187 0.0827407836914063
-0.166061401367188 -0.070892333984375 0.0275421142578125 0.0361747741699219
-0.125663757324219 -0.136871337890625 -0.07049560546875 0.157241821289063
-0.0816116333007813 -0.0912322998046875 -0.0760345458984375 0.0336151123046875
-0.1055908203125 -0.0745697021484375 -0.129135131835938 -0.030853271484375
-0.0947341918945313 -0.0249862670898437 -0.15667724609375 0.00846862792968749
-0.0943374633789063 -0.00173187255859377 -0.135322570800781 0.0329132080078125
-0.0700950622558594 0.0461311340332031 -0.111358642578125 0.0804367065429688
-0.0366897583007813 0.0818252563476563 -0.0677032470703125 0.0933151245117188
-0.0350723266601563 0.0847854614257813 -0.0417327880859375 0.0584983825683594
-0.017608642578125 0.102706909179688 -0.0204963684082031 0.0396614074707031
-0.0356597900390625 0.095733642578125 0.00948524475097656 0.0155811309814453
-0.0788955688476562 0.0925674438476563 0.04095458984375 0.00882339477539063
-0.114418029785156 0.0735397338867187 0.0570907592773437 0.0456199645996094
-0.157241821289063 -0.015777587890625 0.0321121215820313 0.0784835815429688
-0.155532836914063 -0.0521240234375 0.00826263427734374 0.0784835815429688
-0.158279418945313 -0.118743896484375 -0.0268611907958984 0.000484466552734372
-0.102874755859375 -0.172821044921875 -0.111968994140625 0.100349426269531
-0.0885467529296875 -0.136909484863281 -0.115081787109375 -0.00311279296875
-0.143783569335938 -0.112335205078125 -0.144973754882813 -0.0457916259765625
-0.140853881835938 -0.0322113037109375 -0.15411376953125 -0.00149536132812499
-0.132011413574219 0.00649261474609374 -0.118186950683594 0.0186080932617187
-0.095855712890625 0.0674591064453125 -0.0874862670898438 0.0557174682617187
-0.0560226440429687 0.103271484375 -0.052764892578125 0.05438232421875
-0.0573806762695313 0.09954833984375 -0.0323905944824219 0.0201587677001953
-0.0422439575195313 0.116142272949219 -0.0133237838745117 0.00456523895263673
-0.0597915649414062 0.0958938598632813 0.0219020843505859 -0.0121746063232422
-0.103706359863281 0.0815277099609375 0.0491409301757812 -0.00937652587890624
-0.134071350097656 0.0531997680664062 0.056854248046875 0.0369033813476563
-0.161911010742187 -0.0532379150390625 0.0186233520507812 0.0748367309570313
-0.143081665039063 -0.0942230224609375 -0.0329780578613281 0.0667076110839844
-0.125656127929687 -0.154983520507813 -0.0721969604492188 -0.0443572998046875
-0.0642852783203125 -0.177597045898437 -0.142440795898438 0.040802001953125
-0.0748443603515625 -0.15576171875 -0.147048950195313 -0.038330078125
-0.149017333984375 -0.129425048828125 -0.147171020507813 -0.05615234375
-0.1553955078125 -0.035858154296875 -0.138359069824219 -0.0138320922851563
-0.142333984375 0.00881958007812499 -0.0929336547851563 -0.00173187255859375
-0.104072570800781 0.074493408203125 -0.0615501403808594 0.0210456848144531
-0.066558837890625 0.107597351074219 -0.0358047485351563 0.00846481323242187
-0.07110595703125 0.0996475219726563 -0.018280029296875 -0.0209980010986328
-0.0610504150390625 0.114044189453125 0.00214195251464844 -0.0330162048339844
-0.0785140991210937 0.0841598510742188 0.0438041687011719 -0.0380172729492187
-0.119125366210938 0.0580062866210937 0.0648078918457031 -0.0222892761230469
-0.140182495117188 0.0205307006835938 0.0589866638183594 0.0290985107421875
-0.146942138671875 -0.091339111328125 0.0103263854980469 0.0636672973632813
-0.110374450683594 -0.131797790527344 -0.0615768432617188 0.0420455932617187
-0.074554443359375 -0.173736572265625 -0.100532531738281 -0.0964202880859375
-0.012786865234375 -0.153854370117188 -0.156143188476562 -0.0107269287109375
-0.0415191650390625 -0.146728515625 -0.164657592773438 -0.06475830078125
-0.117813110351562 -0.1236572265625 -0.137184143066406 -0.0592498779296875
-0.13275146484375 -0.037384033203125 -0.113624572753906 -0.0284881591796875
-0.121574401855469 0.00235748291015624 -0.0645751953125 -0.023895263671875
-0.0951080322265625 0.0608291625976563 -0.0373725891113281 -0.0157814025878906
-0.0682373046875 0.091583251953125 -0.0203514099121094 -0.0355644226074219
-0.07342529296875 0.0848617553710938 -0.0014190673828125 -0.0581436157226562
-0.0708541870117188 0.0972137451171875 0.0254058837890625 -0.0673255920410156
-0.0838775634765625 0.0652542114257813 0.0720901489257813 -0.0581588745117187
-0.11767578125 0.033294677734375 0.0847091674804687 -0.0299758911132812
-0.130271911621094 -0.00751495361328123 0.0662498474121093 0.0197830200195312
-0.116294860839844 -0.115615844726562 0.0105705261230469 0.0451469421386719
-0.06561279296875 -0.151397705078125 -0.0710983276367188 0.00534820556640624
-0.015869140625 -0.168411254882813 -0.10516357421875 -0.148849487304688
0.0396957397460938 -0.109169006347656 -0.152679443359375 -0.042724609375
0.001953125 -0.114891052246094 -0.164779663085937 -0.07763671875
-0.061431884765625 -0.0996627807617188 -0.117057800292969 -0.0570526123046875
-0.0814132690429688 -0.0375137329101562 -0.0900344848632813 -0.041229248046875
-0.0788650512695313 -0.0139312744140625 -0.0435867309570313 -0.0398178100585938
-0.0727691650390625 0.0311737060546875 -0.0213279724121094 -0.0443687438964844
-0.0607337951660156 0.0601272583007813 -0.00799942016601564 -0.0695457458496094
-0.0641288757324219 0.0593643188476562 0.0151443481445313 -0.08673095703125
-0.06585693359375 0.0705337524414062 0.0495681762695312 -0.0951766967773438
-0.0724868774414063 0.0464401245117187 0.09967041015625 -0.07318115234375
-0.0980911254882813 0.0174560546875 0.1044921875 -0.0357818603515625
-0.105384826660156 -0.0186920166015625 0.0772628784179688 0.0086822509765625
-0.0815658569335938 -0.113525390625 0.0232696533203125 0.0224800109863281
-0.0202178955078125 -0.143539428710938 -0.0595550537109375 -0.0334663391113281
0.0385284423828125 -0.137176513671875 -0.08734130859375 -0.194564819335938
-0.0835342407226563 0.0680007934570313 0.07037353515625 0.196456909179687
0.00360107421874999 0.0866928100585938 0.0401763916015625 0.0581741333007813
0.0535011291503906 0.0654182434082031 -0.0492630004882812 -0.00981903076171875
0.0702018737792969 0.0166397094726563 -0.102325439453125 -0.00323486328125
0.0552597045898438 -0.00791168212890625 -0.120933532714844 0.0289688110351562
0.0418777465820313 -0.0293235778808594 -0.117172241210937 0.0831069946289062
0.0382843017578125 -0.0275650024414063 -0.06439208984375 0.120613098144531
0.0417594909667969 -0.0156135559082031 -0.02923583984375 0.10430908203125
0.0432357788085938 -0.0124969482421875 -0.00125885009765625 0.081695556640625
0.0357398986816406 0.00809478759765625 0.00935745239257813 0.0645866394042969
0.0307731628417969 0.0276947021484375 0.0378646850585938 0.0494270324707031
0.0216178894042969 0.0479049682617188 0.0691642761230469 0.0531120300292969
-0.01580810546875 0.0665817260742188 0.089874267578125 0.0732650756835938
-0.0485687255859375 0.0708999633789062 0.1343994140625 0.0804672241210938
-0.0987777709960938 0.0502853393554688 0.1201171875 0.0654983520507813
-0.11102294921875 -0.000701904296874976 0.0307769775390625 0.2054443359375
-0.0279827117919922 0.0346317291259766 0.0078582763671875 0.068572998046875
0.00662994384765625 0.0240707397460938 -0.074005126953125 -0.00603485107421875
0.0245170593261719 0.000621795654296875 -0.120429992675781 0.00753021240234377
0.00910758972167969 -0.0100984573364258 -0.130722045898438 0.0345077514648437
0.00523996353149414 -0.00684738159179687 -0.124244689941406 0.0899810791015625
0.014531135559082 0.00981712341308594 -0.072418212890625 0.125587463378906
0.0185565948486328 0.021514892578125 -0.0376205444335937 0.103607177734375
0.0262107849121094 0.032562255859375 -0.00963592529296874 0.0815658569335938
0.0113906860351562 0.0464286804199219 0.00634384155273437 0.0594100952148437
-0.0109176635742188 0.0587730407714844 0.0369377136230469 0.0432548522949219
-0.0351409912109375 0.0629119873046875 0.063018798828125 0.0557136535644531
-0.077392578125 0.0387115478515625 0.0689239501953125 0.0761489868164063
-0.0991973876953125 0.0287094116210937 0.0997390747070313 0.082061767578125
-0.1380615234375 -0.009246826171875 0.0798416137695312 0.0600433349609375
-0.124763488769531 -0.0715179443359375 -0.0149993896484375 0.189071655273438
-0.05645751953125 -0.028289794921875 -0.0289535522460938 0.0583457946777344
-0.0482673645019531 -0.0249710083007813 -0.100410461425781 -0.0142440795898438
-0.0324764251708984 -0.0148658752441406 -0.138397216796875 0.0115509033203125
-0.0428848266601563 -0.00893783569335938 -0.134811401367188 0.0366287231445312
-0.0342903137207031 0.0178565979003906 -0.119911193847656 0.0892562866210937
-0.01171875 0.0472488403320313 -0.0711822509765625 0.114501953125
-0.00848007202148438 0.0560150146484375 -0.0407485961914062 0.0868988037109375
0.00559234619140626 0.0718841552734375 -0.0152435302734375 0.0662002563476562
-0.011505126953125 0.0762557983398438 0.00771331787109375 0.0413131713867188
-0.0460968017578125 0.08172607421875 0.0384330749511719 0.0282516479492188
-0.0784149169921875 0.073883056640625 0.060699462890625 0.0520439147949219
-0.124664306640625 0.0140457153320313 0.051025390625 0.0779800415039063
-0.134872436523438 -0.00937652587890627 0.0573043823242187 0.0815353393554687
-0.15789794921875 -0.06475830078125 0.0298423767089844 0.0384445190429687
-0.121490478515625 -0.130134582519531 -0.0594635009765625 0.150100708007813
-0.0787811279296875 -0.0888595581054688 -0.067230224609375 0.0303688049316406
-0.103706359863281 -0.072174072265625 -0.122734069824219 -0.0296630859375
-0.0916748046875 -0.024871826171875 -0.1485595703125 0.00903320312500001
-0.0930328369140625 -0.00102996826171875 -0.128860473632813 0.0320281982421875
-0.0690994262695312 0.0451622009277344 -0.104400634765625 0.07794189453125
-0.0357208251953125 0.0790481567382813 -0.0610580444335937 0.0892791748046875
-0.0335235595703125 0.0826644897460938 -0.0376091003417969 0.0567398071289063
-0.0161209106445313 0.0999069213867187 -0.0157394409179688 0.0382957458496094
-0.0350494384765625 0.092071533203125 0.0124368667602539 0.0154590606689453
-0.0749893188476563 0.089263916015625 0.0423011779785156 0.00878143310546876
-0.109107971191406 0.0715713500976563 0.0591888427734375 0.0447578430175781
-0.151504516601562 -0.01312255859375 0.03668212890625 0.0778656005859375
-0.147903442382813 -0.04876708984375 0.013153076171875 0.0785293579101563
-0.153289794921875 -0.11187744140625 -0.0224971771240234 0.00504684448242187
-0.102371215820313 -0.16448974609375 -0.0988235473632813 0.0963592529296875
-0.087005615234375 -0.131790161132812 -0.104454040527344 -0.00396728515625
-0.141921997070313 -0.106369018554688 -0.137710571289063 -0.0440444946289063
-0.13604736328125 -0.0294876098632813 -0.145675659179688 -0.000305175781249989
-0.127517700195313 0.00870513916015627 -0.112556457519531 0.0179672241210938
-0.0914688110351563 0.066162109375 -0.0809860229492187 0.0532913208007813
-0.0523300170898437 0.0998458862304687 -0.0470199584960938 0.0514640808105469
-0.05389404296875 0.09735107421875 -0.0292224884033203 0.0191154479980469
-0.0383987426757813 0.11279296875 -0.00953292846679688 0.00371551513671876
-0.0569305419921875 0.0927276611328125 0.0242862701416016 -0.0125656127929687
-0.0984878540039063 0.0797653198242187 0.0506210327148437 -0.00909423828124999
-0.128334045410156 0.0531082153320313 0.0599327087402344 0.0366325378417969
-0.156982421875 -0.048431396484375 0.0240859985351562 0.0750885009765625
-0.139152526855469 -0.088775634765625 -0.0262603759765625 0.0678520202636719
-0.123703002929688 -0.147247314453125 -0.0665702819824219 -0.0376701354980469
-0.0670166015625 -0.17034912109375 -0.129837036132813 0.0391921997070312
-0.0760040283203125 -0.149215698242188 -0.135856628417969 -0.0358810424804688
-0.148056030273438 -0.1207275390625 -0.140853881835938 -0.0534820556640625
-0.150039672851563 -0.0305633544921875 -0.131462097167969 -0.0125656127929687
-0.136833190917969 0.0133285522460937 -0.0878143310546875 -0.00152587890624999
-0.0974502563476563 0.0738601684570313 -0.0558204650878906 0.0193672180175781
-0.0605621337890625 0.103645324707031 -0.0322322845458984 0.00734138488769532
-0.0645370483398437 0.0975418090820313 -0.0167999267578125 -0.0211467742919922
-0.0555572509765625 0.110939025878906 0.004364013671875 -0.0330181121826172
-0.0734329223632813 0.0816650390625 0.0453033447265625 -0.0387458801269531
-0.112617492675781 0.0586013793945313 0.0651779174804688 -0.0223808288574219
-0.13427734375 0.0232925415039062 0.0619850158691406 0.0285682678222656
-0.1441650390625 -0.08441162109375 0.01580810546875 0.0641899108886719
-0.109458923339844 -0.124588012695313 -0.0548324584960938 0.0446853637695312
-0.076263427734375 -0.166259765625 -0.0947494506835938 -0.08770751953125
-0.0184326171875 -0.148590087890625 -0.145370483398438 -0.0102996826171875
-0.0457534790039063 -0.140556335449219 -0.154541015625 -0.06109619140625
-0.118194580078125 -0.114433288574219 -0.130577087402344 -0.0570220947265625
-0.127769470214844 -0.0306243896484375 -0.108482360839844 -0.0266647338867187
-0.116561889648437 0.00707244873046873 -0.0619354248046875 -0.0234375
-0.0882568359375 0.0611648559570312 -0.0345401763916016 -0.0166759490966797
-0.060150146484375 0.0888519287109375 -0.0186958312988281 -0.0356178283691406
-0.066558837890625 0.0831222534179688 -0.00197219848632812 -0.0575752258300781
-0.0637130737304688 0.0941238403320312 0.0255813598632812 -0.0667533874511719
-0.0776748657226562 0.0636672973632813 0.0716323852539063 -0.0583343505859375
-0.110572814941406 0.03546142578125 0.0839080810546875 -0.0304031372070312
-0.124420166015625 -0.00338745117187503 0.0672950744628906 0.0195732116699219
-0.115432739257813 -0.107460021972656 0.0147895812988281 0.0461311340332031
-0.06744384765625 -0.142959594726563 -0.0653610229492188 0.0100173950195312
-0.021514892578125 -0.161544799804688 -0.101730346679688 -0.138900756835938
0.0324630737304688 -0.105995178222656 -0.143356323242187 -0.0410308837890625
-0.00402832031249999 -0.10955810546875 -0.155975341796875 -0.0733184814453125
-0.0643157958984375 -0.0919570922851563 -0.112335205078125 -0.0560226440429687
-0.0790557861328125 -0.031646728515625 -0.0866851806640625 -0.0402297973632812
-0.0747299194335938 -0.00881195068359374 -0.0428009033203125 -0.0395698547363281
-0.0664215087890625 0.0321502685546875 -0.0208168029785156 -0.0436553955078125
-0.0526924133300781 0.0587196350097656 -0.0082855224609375 -0.0677909851074219
-0.0571670532226563 0.0582618713378906 0.0126495361328125 -0.08477783203125
-0.0583419799804687 0.0683174133300781 0.0471572875976562 -0.0938873291015625
-0.0652122497558594 0.0450820922851563 0.0971450805664063 -0.0740585327148438
-0.0911102294921875 0.0198440551757812 0.102363586425781 -0.0359268188476563
-0.0998687744140625 -0.0135879516601562 0.0769882202148438 0.00849151611328125
-0.0816726684570313 -0.104507446289063 0.0239849090576172 0.0244026184082031
-0.02508544921875 -0.135452270507813 -0.0556716918945312 -0.0279617309570312
0.0306015014648438 -0.131759643554688 -0.0865936279296875 -0.1827392578125
-0.0754165649414063 0.06768798828125 0.074676513671875 0.188796997070313
0.00769805908203125 0.082366943359375 0.0410842895507813 0.0533256530761719
0.0546684265136719 0.05950927734375 -0.0482292175292969 -0.0107192993164063
0.0674934387207031 0.0113601684570313 -0.102020263671875 -0.00244140624999999
0.0511512756347656 -0.0103569030761719 -0.120437622070313 0.0301895141601563
0.0369796752929688 -0.0292434692382813 -0.115608215332031 0.0852127075195312
0.0333385467529297 -0.0263538360595703 -0.0611572265625 0.12109375
0.0379180908203125 -0.0159378051757813 -0.0259552001953125 0.104423522949219
0.0395965576171875 -0.012451171875 0.000778198242187495 0.0815505981445313
0.0326328277587891 0.00679588317871094 0.0117645263671875 0.0658531188964844
0.0290813446044922 0.0245895385742188 0.0397987365722656 0.0498199462890625
0.0218734741210938 0.0437240600585938 0.0699806213378906 0.05224609375
-0.0119895935058594 0.0637626647949219 0.0892562866210937 0.0728607177734375
-0.0427780151367187 0.0682945251464844 0.132621765136719 0.0786285400390625
-0.0917205810546875 0.0520553588867188 0.119453430175781 0.0649337768554688
-0.105094909667969 0.000816345214843761 0.0374908447265625 0.198959350585937
-0.0243625640869141 0.0313663482666016 0.011016845703125 0.0641136169433594
0.00766754150390625 0.0189151763916016 -0.0718917846679688 -0.00682830810546874
0.0220680236816406 -0.00411224365234375 -0.118110656738281 0.00780487060546876
0.00607872009277344 -0.0125017166137695 -0.128791809082031 0.0352401733398438
0.00117063522338867 -0.00695562362670898 -0.121025085449219 0.0912933349609375
0.0111980438232422 0.0105504989624023 -0.0682601928710937 0.125587463378906
0.0155200958251953 0.0216293334960938 -0.0335617065429687 0.102996826171875
0.0241680145263672 0.0324611663818359 -0.00618743896484375 0.0816650390625
0.009552001953125 0.0453681945800781 0.00938796997070313 0.0605049133300781
-0.0116653442382812 0.0564231872558594 0.0389289855957031 0.0435333251953125
-0.0334854125976563 0.0605049133300781 0.0654983520507813 0.0559120178222656
-0.0733718872070313 0.0372161865234375 0.0703353881835938 0.07623291015625
-0.0939712524414063 0.0285873413085938 0.100936889648438 0.0808792114257813
-0.132179260253906 -0.0062255859375 0.0812225341796875 0.0608673095703125
-0.1204833984375 -0.068267822265625 -0.00630187988281251 0.183853149414062
-0.0542945861816406 -0.0297813415527344 -0.0243148803710938 0.0541267395019531
-0.0483665466308594 -0.0274467468261719 -0.097747802734375 -0.0140380859375
-0.0332279205322266 -0.0174808502197266 -0.134552001953125 0.0119781494140625
-0.0446128845214844 -0.00915145874023438 -0.1317138671875 0.036773681640625
-0.0366668701171875 0.0185966491699219 -0.116012573242188 0.089447021484375
-0.0135383605957031 0.046875 -0.0662612915039063 0.114051818847656
-0.00922012329101562 0.0560302734375 -0.0362472534179688 0.0863265991210938
0.00582122802734375 0.0711212158203125 -0.0113754272460938 0.0656013488769531
-0.0121002197265625 0.0752105712890625 0.0104484558105469 0.0418052673339844
-0.04498291015625 0.0798187255859375 0.0408744812011719 0.0278854370117188
-0.0762710571289063 0.0728759765625 0.0642242431640625 0.0523757934570313
-0.121360778808594 0.0150909423828125 0.0543365478515625 0.0789031982421875
-0.130264282226563 -0.00820159912109377 0.0608291625976562 0.0818634033203125
-0.154251098632812 -0.0609588623046875 0.0328216552734375 0.040802001953125
-0.120697021484375 -0.126380920410156 -0.04974365234375 0.145675659179688
-0.0774765014648437 -0.08831787109375 -0.0603294372558594 0.0281333923339844
-0.104042053222656 -0.0713882446289063 -0.120361328125 -0.0285873413085938
-0.092041015625 -0.0251617431640625 -0.143936157226563 0.00990295410156249
-0.093658447265625 -5.3405761718752E-05 -0.125442504882812 0.032501220703125
-0.0693550109863281 0.0456504821777344 -0.099853515625 0.0779571533203125
-0.0348968505859375 0.07843017578125 -0.0566558837890625 0.0883026123046875
-0.032867431640625 0.0831527709960937 -0.0337600708007813 0.05645751953125
-0.0154495239257812 0.0990753173828125 -0.012298583984375 0.0382537841796875
-0.033905029296875 0.091156005859375 0.0153417587280273 0.0152425765991211
-0.0727920532226563 0.0887451171875 0.04449462890625 0.00843811035156251
-0.106330871582031 0.0719451904296875 0.063507080078125 0.0448112487792969
-0.149368286132813 -0.011260986328125 0.0412826538085937 0.0787734985351563
-0.145767211914063 -0.045684814453125 0.0182113647460937 0.0794525146484375
-0.1527099609375 -0.10772705078125 -0.0182132720947266 0.00901412963867187
-0.104171752929688 -0.160568237304688 -0.0887374877929687 0.0941848754882812
-0.0883712768554688 -0.129837036132813 -0.097564697265625 -0.00463104248046877
-0.144012451171875 -0.1021728515625 -0.134628295898438 -0.0424652099609375
-0.135551452636719 -0.0276565551757813 -0.141647338867188 0.00122070312499997
-0.127067565917969 0.01202392578125 -0.109138488769531 0.018310546875
-0.0897369384765625 0.06695556640625 -0.0767898559570313 0.05224609375
-0.0497360229492187 0.0988998413085938 -0.0432052612304688 0.0499153137207031
-0.051055908203125 0.0978240966796875 -0.0267047882080078 0.0189094543457031
-0.035675048828125 0.112106323242188 -0.00648117065429688 0.0035691261291504
-0.0549545288085938 0.0923004150390625 0.0266437530517578 -0.0133781433105469
-0.0955352783203125 0.0808792114257813 0.052703857421875 -0.0104789733886719
-0.125297546386719 0.0545654296875 0.0634727478027344 0.0359878540039063
-0.156463623046875 -0.044769287109375 0.0297088623046875 0.0758132934570313
-0.138084411621094 -0.08514404296875 -0.0205764770507813 0.0699005126953125
-0.1256103515625 -0.143936157226563 -0.0628814697265625 -0.0327911376953125
-0.0716552734375 -0.167465209960938 -0.121078491210938 0.0387039184570312
-0.0794677734375 -0.146881103515625 -0.129386901855469 -0.0353622436523438
-0.150619506835937 -0.11480712890625 -0.138877868652344 -0.051727294921875
-0.14788818359375 -0.0271148681640625 -0.127609252929688 -0.011505126953125
-0.135116577148438 0.017364501953125 -0.085693359375 -0.00159454345703126
-0.0942916870117187 0.0742416381835938 -0.0522994995117188 0.0184669494628906
-0.0558624267578125 0.102439880371094 -0.0295295715332031 0.00587463378906251
-0.060882568359375 0.097869873046875 -0.0159225463867188 -0.0212268829345703
-0.05078125 0.109825134277344 0.00637626647949218 -0.0340309143066406
-0.0702133178710938 0.0810699462890625 0.0463485717773437 -0.0403480529785156
-0.108245849609375 0.06072998046875 0.0668792724609375 -0.0241050720214844
-0.131759643554688 0.0264968872070312 0.0656204223632812 0.0282363891601563
-0.144668579101563 -0.079315185546875 0.0207748413085937 0.0652923583984375
-0.111305236816406 -0.120323181152344 -0.0491981506347656 0.0477142333984375
-0.0807037353515625 -0.163192749023438 -0.0923080444335937 -0.0815963745117188
-0.02459716796875 -0.145889282226563 -0.139198303222656 -0.0103073120117187
-0.0499343872070313 -0.136856079101563 -0.148422241210938 -0.05889892578125
-0.122482299804687 -0.108001708984375 -0.128578186035156 -0.0556716918945313
-0.126197814941406 -0.0255889892578125 -0.106094360351563 -0.0265731811523437
-0.114303588867188 0.0118026733398438 -0.0607223510742188 -0.0233993530273437
-0.08331298828125 0.0620651245117187 -0.0323467254638672 -0.017913818359375
-0.0546875 0.0878982543945313 -0.0177192687988281 -0.0361366271972656
-0.0610809326171875 0.0829620361328125 -0.00190734863281251 -0.0570182800292969
-0.0580978393554688 0.0930938720703125 0.0262031555175781 -0.0676116943359375
-0.07366943359375 0.0632095336914063 0.072052001953125 -0.0607147216796875
-0.105812072753906 0.0377883911132813 0.0851058959960937 -0.0320053100585938
-0.121353149414063 0.000625610351562477 0.0698051452636719 0.0191001892089844
-0.11688232421875 -0.101150512695313 0.0188331604003906 0.0480232238769531
-0.0714492797851563 -0.138633728027344 -0.0620269775390625 0.0136184692382812
-0.0275726318359375 -0.159622192382813 -0.100868225097656 -0.132080078125
0.025360107421875 -0.104866027832031 -0.1395263671875 -0.0412521362304688
-0.00969696044921876 -0.107162475585938 -0.151718139648438 -0.070465087890625
-0.0683059692382813 -0.0859603881835937 -0.110969543457031 -0.0553970336914063
-0.0777740478515625 -0.02679443359375 -0.0865020751953125 -0.0398483276367188
-0.0726699829101563 -0.00414276123046874 -0.042938232421875 -0.0391349792480469
-0.0617218017578125 0.0334320068359375 -0.0201492309570313 -0.0445899963378906
-0.0466766357421875 0.0577507019042969 -0.00973129272460938 -0.067962646484375
-0.0516548156738281 0.0576972961425781 0.01092529296875 -0.08404541015625
-0.0526008605957031 0.0671348571777344 0.04638671875 -0.0948944091796875
-0.060272216796875 0.0450935363769531 0.0967330932617188 -0.0755996704101563
-0.0860977172851563 0.0228958129882812 0.102493286132812 -0.0367202758789063
-0.0966415405273438 -0.00980377197265627 0.0790786743164063 0.00876617431640625
-0.083831787109375 -0.0983963012695313 0.0269069671630859 0.0263595581054687
-0.0299301147460938 -0.130836486816406 -0.0542984008789063 -0.0233230590820313
0.0237655639648437 -0.129844665527344 -0.08807373046875 -0.175445556640625
-0.0679435729980469 0.0697288513183594 0.0821533203125 0.182098388671875
0.0126113891601562 0.077880859375 0.042327880859375 0.0488433837890625
0.0564842224121094 0.0527458190917969 -0.0480995178222656 -0.0109710693359375
0.0652999877929688 0.00531387329101563 -0.102317810058594 0.000442504882812509
0.0479393005371094 -0.0140190124511719 -0.119682312011719 0.0344619750976562
0.0324897766113281 -0.0295066833496094 -0.113304138183594 0.0901565551757813
0.0288238525390625 -0.0262031555175781 -0.055633544921875 0.123703002929687
0.0346126556396484 -0.0165958404541016 -0.0203857421875 0.105422973632812
0.0367050170898438 -0.0129013061523438 0.00475311279296876 0.0830459594726563
0.0297946929931641 0.00627517700195313 0.0152511596679688 0.0669326782226563
0.0272846221923828 0.0220241546630859 0.04296875 0.0495071411132812
0.0230369567871094 0.0401611328125 0.0727157592773438 0.0511474609375
-0.00757217407226562 0.0611686706542969 0.0909652709960938 0.0711669921875
-0.0368270874023438 0.0674972534179687 0.134849548339844 0.0748214721679687
-0.0844573974609375 0.0557479858398438 0.121025085449219 0.0632553100585938
-0.100540161132813 0.0035858154296875 0.047760009765625 0.193084716796875
-0.0209274291992188 0.0288105010986328 0.0145606994628906 0.05975341796875
0.00823783874511719 0.0145149230957031 -0.0709304809570313 -0.00598907470703124
0.0196685791015625 -0.00829124450683594 -0.116920471191406 0.0106887817382812
0.00264072418212891 -0.0137491226196289 -0.127281188964844 0.0389404296875
-0.00223493576049805 -0.00620222091674805 -0.118019104003906 0.0952072143554688
0.00787925720214844 0.0108461380004883 -0.0615234375 0.12738037109375
0.0136127471923828 0.0215702056884766 -0.0277633666992187 0.10455322265625
0.0233879089355469 0.032073974609375 -0.000846862792968756 0.0825958251953125
0.00854873657226562 0.0451126098632813 0.0135841369628906 0.0609474182128906
-0.0116386413574219 0.0550880432128906 0.0427436828613281 0.0433921813964844
-0.0311927795410156 0.0593032836914063 0.0688896179199219 0.0547256469726563
-0.0701141357421875 0.038299560546875 0.0738754272460938 0.0756378173828125
-0.0893020629882813 0.0298919677734375 0.10455322265625 0.0784378051757812
-0.128471374511719 -0.000747680664062499 0.0851287841796875 0.0606918334960938
-0.120452880859375 -0.0648193359375 0.00500488281249997 0.179901123046875
-0.053314208984375 -0.0303916931152344 -0.018585205078125 0.0513114929199219
-0.0494918823242188 -0.0291938781738281 -0.0969772338867188 -0.0120010375976562
-0.036346435546875 -0.0190315246582031 -0.132255554199219 0.0153274536132813
-0.0477790832519531 -0.00859069824218749 -0.129631042480469 0.0403823852539062
-0.0387496948242188 0.0201988220214844 -0.111213684082031 0.0931167602539063
-0.0140228271484375 0.0478324890136719 -0.0597076416015625 0.115608215332031
-0.00918197631835938 0.0571517944335938 -0.0313186645507813 0.087310791015625
0.00692749023437499 0.0716171264648438 -0.00652313232421876 0.0665740966796875
-0.0113754272460938 0.0750198364257813 0.0145149230957031 0.0420341491699219
-0.0434341430664062 0.0804824829101562 0.0442314147949219 0.0268592834472656
-0.0735092163085938 0.073974609375 0.069244384765625 0.0509986877441406
-0.119400024414063 0.0177078247070312 0.0597915649414062 0.0781173706054688
-0.127761840820313 -0.00500488281250002 0.0659866333007812 0.0806198120117188
-0.154052734375 -0.055267333984375 0.0373725891113281 0.0424652099609375
-0.123382568359375 -0.122085571289063 -0.0374603271484375 0.144241333007813
-0.0797500610351563 -0.087371826171875 -0.0546417236328125 0.0267601013183594
-0.10711669921875 -0.0691375732421875 -0.119255065917969 -0.0260772705078125
-0.0940322875976562 -0.0239105224609375 -0.141525268554688 0.014129638671875
-0.0952987670898438 0.00373077392578126 -0.122795104980469 0.035430908203125
-0.0688514709472656 0.0485954284667969 -0.0949325561523437 0.0800933837890625
-0.033782958984375 0.0798797607421875 -0.0510330200195313 0.0888595581054688
-0.0303421020507813 0.08465576171875 -0.0295906066894531 0.057342529296875
-0.0112991333007812 0.0996170043945313 -0.0077972412109375 0.03851318359375
-0.0319366455078125 0.0918350219726562 0.0184974670410156 0.0145397186279297
-0.0700759887695313 0.0908966064453125 0.0476875305175781 0.00715637207031251
-0.103561401367188 0.0749969482421875 0.0689277648925781 0.0433578491210938
-0.149093627929688 -0.00619506835937498 0.0477828979492188 0.0790557861328125
-0.145599365234375 -0.0416717529296875 0.0244979858398437 0.0803298950195312
-0.155120849609375 -0.102188110351563 -0.0144128799438477 0.0128297805786133
-0.11090087890625 -0.155792236328125 -0.07916259765625 0.0938491821289062
-0.09344482421875 -0.12713623046875 -0.0923233032226563 -0.00404357910156249
-0.148239135742188 -0.0961761474609375 -0.134269714355469 -0.0382003784179688
-0.135871887207031 -0.022979736328125 -0.138359069824219 0.00457000732421872
-0.127670288085938 0.0175933837890625 -0.106681823730469 0.02142333984375
-0.0869293212890625 0.070098876953125 -0.0719757080078125 0.0529632568359375
-0.0454330444335938 0.100173950195313 -0.0391769409179688 0.0500335693359375
-0.0465621948242188 0.0993118286132813 -0.0245304107666016 0.0190715789794922
-0.030548095703125 0.113189697265625 -0.00349092483520508 0.00262451171875001
-0.0515899658203125 0.0934906005859375 0.0287590026855469 -0.0152587890625
-0.0919342041015625 0.0839920043945313 0.0547561645507812 -0.0118827819824219
-0.122550964355469 0.05975341796875 0.0691413879394531 0.0339546203613281
-0.158096313476563 -0.0386199951171875 0.0359268188476563 0.07568359375
-0.140296936035156 -0.0807418823242188 -0.01409912109375 0.07232666015625
-0.130805969238281 -0.138275146484375 -0.0602378845214844 -0.0274276733398438
-0.07989501953125 -0.163833618164063 -0.113441467285156 0.0396652221679688
-0.0864715576171875 -0.143417358398438 -0.125518798828125 -0.0328903198242188
-0.156539916992188 -0.107223510742187 -0.138298034667969 -0.0468521118164063
-0.148056030273438 -0.0198822021484375 -0.125892639160156 -0.00825500488281251
-0.133544921875 0.0242080688476563 -0.0841522216796875 0.000335693359375014
-0.0894851684570312 0.0776596069335938 -0.0496406555175781 0.0176887512207031
-0.050140380859375 0.102851867675781 -0.0278167724609375 0.0053558349609375
-0.0558624267578125 0.0998153686523438 -0.016082763671875 -0.0209236145019531
-0.0452499389648438 0.111152648925781 0.00734519958496093 -0.03509521484375
-0.0660552978515625 0.0823898315429688 0.0474319458007812 -0.0433197021484375
-0.1046142578125 0.0645751953125 0.0679931640625 -0.0262641906738281
-0.129783630371094 0.032562255859375 0.0704345703125 0.025482177734375
-0.148300170898438 -0.072418212890625 0.0269355773925781 0.0656204223632813
-0.11578369140625 -0.114799499511719 -0.0437774658203125 0.0506553649902344
-0.0885467529296875 -0.15911865234375 -0.092132568359375 -0.0750503540039063
-0.033660888671875 -0.144287109375 -0.134269714355469 -0.00803375244140626
-0.0577163696289062 -0.133583068847656 -0.146041870117187 -0.0555877685546875
-0.128044128417969 -0.0997467041015625 -0.129325866699219 -0.0516815185546875
-0.125495910644531 -0.0186996459960938 -0.105308532714844 -0.0236434936523437
-0.111686706542969 0.0182571411132812 -0.0613212585449219 -0.0219764709472656
-0.0786666870117188 0.0647659301757813 -0.0312232971191406 -0.0182056427001953
-0.0486679077148438 0.0874710083007812 -0.0184211730957031 -0.0367431640625
-0.0556411743164063 0.0846405029296875 -0.00456619262695312 -0.0572624206542969
-0.0516815185546875 0.0944595336914063 0.0246696472167969 -0.0701065063476563
-0.0689620971679688 0.0643463134765625 0.0714492797851563 -0.0648956298828125
-0.101760864257813 0.0417633056640625 0.08563232421875 -0.0352706909179688
-0.119552612304688 0.00695037841796876 0.07379150390625 0.0171737670898438
-0.121376037597656 -0.09417724609375 0.0239028930664062 0.0486030578613281
-0.0779190063476563 -0.13275146484375 -0.0578880310058594 0.0177726745605469
-0.0362548828125 -0.157012939453125 -0.103858947753906 -0.125473022460938
0.0177841186523437 -0.104545593261719 -0.138130187988281 -0.0389022827148438
-0.0164031982421875 -0.104995727539063 -0.151321411132813 -0.0666961669921875
-0.0733108520507813 -0.0795364379882813 -0.112228393554688 -0.0524368286132813
-0.0770950317382813 -0.0205459594726562 -0.087554931640625 -0.037384033203125
-0.0708770751953125 0.000999450683593742 -0.0447883605957031 -0.0388450622558594
-0.0576286315917969 0.0358505249023438 -0.0208473205566406 -0.0452156066894531
-0.04144287109375 0.0573234558105469 -0.0122146606445312 -0.0684280395507813
-0.045867919921875 0.0583457946777344 0.00708770751953124 -0.084869384765625
-0.0465736389160156 0.0683746337890625 0.04302978515625 -0.0978927612304688
-0.0562515258789063 0.0458221435546875 0.0946884155273438 -0.0803985595703125
-0.0819625854492188 0.0267791748046875 0.102790832519531 -0.040740966796875
-0.09417724609375 -0.00405120849609374 0.0813980102539062 0.006317138671875
-0.087799072265625 -0.0916824340820312 0.0303001403808594 0.0267353057861328
-0.0368499755859375 -0.1260986328125 -0.0535354614257812 -0.0183448791503906
0.0157852172851562 -0.129730224609375 -0.094512939453125 -0.169464111328125
-0.0582962036132812 0.071502685546875 0.0920867919921875 0.1712646484375
0.018402099609375 0.0734024047851563 0.0440559387207031 0.0429306030273438
0.0582618713378906 0.0447502136230469 -0.0478172302246094 -0.0101127624511719
0.061981201171875 -0.00119781494140625 -0.101425170898437 0.00534820556640627
0.0434532165527344 -0.0178184509277344 -0.117477416992187 0.0401763916015625
0.0273761749267578 -0.0299835205078125 -0.107681274414063 0.0958709716796875
0.0244007110595703 -0.0252189636230469 -0.047393798828125 0.125717163085938
0.0308399200439453 -0.0174503326416016 -0.0132217407226562 0.106056213378906
0.0332660675048828 -0.013336181640625 0.0107345581054687 0.082763671875
0.0273838043212891 0.00520515441894531 0.0195426940917969 0.0662612915039063
0.0255279541015625 0.0191154479980469 0.0464706420898438 0.0474281311035156
0.0239524841308594 0.0355339050292969 0.0746841430664063 0.0476455688476563
-0.0018310546875 0.0576591491699219 0.0929794311523438 0.0672225952148438
-0.029876708984375 0.0660133361816406 0.136558532714844 0.0681533813476563
-0.0755081176757813 0.0591888427734375 0.123443603515625 0.0585403442382813
-0.0949325561523438 0.00811004638671874 0.0601959228515625 0.183990478515625
-0.0172996520996094 0.0259208679199219 0.0193138122558594 0.0546951293945312
0.00815677642822266 0.00993251800537109 -0.0695381164550781 -0.003570556640625
0.0160608291625977 -0.0123796463012695 -0.114601135253906 0.0161590576171875
-0.00114059448242188 -0.0147562026977539 -0.123710632324219 0.0449066162109375
-0.00571775436401367 -0.00513267517089844 -0.110763549804688 0.100425720214844
0.00602245330810547 0.0119485855102539 -0.052734375 0.1290283203125
0.0127906799316406 0.02166748046875 -0.0194931030273438 0.104209899902344
0.0230827331542969 0.0311546325683594 0.00568389892578125 0.082183837890625
0.00882339477539062 0.0444297790527344 0.0184059143066406 0.0605888366699219
-0.00979995727539063 0.0542106628417969 0.0463066101074219 0.0408668518066406
-0.0281448364257813 0.0584831237792969 0.07318115234375 0.051116943359375
-0.06585693359375 0.0393409729003906 0.0781173706054688 0.0722579956054688
-0.0837478637695312 0.031585693359375 0.108627319335938 0.0729598999023437
-0.123100280761719 0.00579071044921874 0.089019775390625 0.0574264526367187
-0.119216918945313 -0.0575942993164062 0.0195770263671875 0.173095703125
-0.0530204772949219 -0.0302619934082031 -0.0130119323730469 0.0482292175292969
-0.0514335632324219 -0.0287246704101563 -0.0947952270507813 -0.00801086425781251
-0.038787841796875 -0.0192070007324219 -0.128372192382813 0.021575927734375
-0.0504913330078125 -0.00635528564453126 -0.124603271484375 0.0459213256835938
-0.0396499633789063 0.023101806640625 -0.103813171386719 0.097320556640625
-0.0130615234375 0.0492820739746094 -0.051239013671875 0.116836547851563
-0.00752639770507812 0.0581207275390625 -0.023681640625 0.0873947143554687
0.01019287109375 0.0707244873046875 0.000183105468749999 0.0660171508789063
-0.00882720947265624 0.074951171875 0.018768310546875 0.0408439636230469
-0.0399856567382813 0.081085205078125 0.0474090576171875 0.0248908996582031
-0.0682144165039063 0.0760726928710938 0.073638916015625 0.0460357666015625
-0.116188049316406 0.02301025390625 0.0659103393554687 0.0757980346679688
-0.124244689941406 -2.28881835937664E-05 0.0723495483398437 0.0770721435546875
-0.153182983398438 -0.0459442138671875 0.0414199829101562 0.0420150756835937
-0.127731323242187 -0.113685607910156 -0.0240707397460938 0.139976501464844
-0.0826797485351563 -0.08416748046875 -0.0490036010742188 0.0262718200683594
-0.110542297363281 -0.0633468627929688 -0.117218017578125 -0.019439697265625
-0.0950164794921875 -0.0200576782226562 -0.137130737304688 0.019866943359375
-0.0957183837890625 0.00926971435546876 -0.118293762207031 0.0406646728515625
-0.0670928955078125 0.05194091796875 -0.0877914428710937 0.0828018188476563
-0.0293426513671875 0.08111572265625 -0.0433120727539063 0.0891494750976563
-0.0263214111328125 0.0860671997070313 -0.0247116088867188 0.057403564453125
-0.00568389892578124 0.0994491577148438 -0.0028076171875 0.0374679565429688
-0.0270843505859375 0.0923233032226563 0.0212287902832031 0.0130977630615234
-0.0651016235351563 0.09307861328125 0.0496292114257813 0.00424957275390626
-0.0980453491210938 0.0797958374023438 0.0735855102539063 0.038909912109375
-0.147384643554688 0.00173950195312503 0.054168701171875 0.0763168334960938
-0.144775390625 -0.0344696044921875 0.0324859619140625 0.07904052734375
-0.158233642578125 -0.091766357421875 -0.0103178024291992 0.0153741836547851
-0.118728637695313 -0.147811889648438 -0.0670394897460938 0.0927810668945312
-0.099517822265625 -0.1219482421875 -0.0874404907226563 -0.0024566650390625
-0.152603149414063 -0.08624267578125 -0.133010864257813 -0.0305633544921875
-0.135696411132812 -0.0157928466796875 -0.135322570800781 0.0106201171875
-0.124977111816406 0.0255661010742187 -0.102584838867188 0.0260696411132813
-0.0827407836914062 0.0742034912109375 -0.0666961669921875 0.0541343688964844
-0.0396652221679687 0.1004638671875 -0.0341033935546875 0.0496444702148438
-0.0401153564453125 0.101150512695312 -0.0218696594238281 0.0196437835693359
-0.0230178833007812 0.113052368164063 -0.00129425525665283 0.00169050693511964
-0.0463790893554687 0.0946502685546875 0.0299339294433594 -0.0173454284667969
-0.0860061645507813 0.0877609252929688 0.0557975769042969 -0.0152053833007812
-0.117759704589844 0.0662994384765625 0.0733718872070312 0.02972412109375
-0.159072875976563 -0.0292510986328125 0.0436172485351563 0.0731353759765625
-0.143173217773438 -0.0718536376953125 -0.00653076171875001 0.0727386474609375
-0.138420104980469 -0.129447937011719 -0.0581626892089844 -0.0212478637695313
-0.0903472900390625 -0.156600952148438 -0.104705810546875 0.0418319702148437
-0.09429931640625 -0.136360168457031 -0.121055603027344 -0.0292129516601563
-0.161422729492187 -0.0941619873046875 -0.13726806640625 -0.0387725830078125
-0.146591186523437 -0.0107879638671875 -0.122673034667969 -0.00225067138671874
-0.129638671875 0.0330123901367188 -0.0817489624023438 0.00389862060546875
-0.0834121704101562 0.0816650390625 -0.0458221435546875 0.0179290771484375
-0.0426406860351563 0.10345458984375 -0.0255889892578125 0.00503349304199219
-0.0476837158203125 0.101860046386719 -0.0156364440917969 -0.0203742980957031
-0.036224365234375 0.111625671386719 0.00722885131835938 -0.0365791320800781
-0.0607757568359375 0.0846786499023437 0.045928955078125 -0.0469741821289063
-0.0987167358398437 0.0692596435546875 0.0678977966308594 -0.030731201171875
-0.125328063964844 0.0398635864257813 0.0744857788085937 0.0213088989257813
-0.150390625 -0.062042236328125 0.0336685180664063 0.0636329650878906
-0.121574401855469 -0.10589599609375 -0.0371055603027344 0.05364990234375
-0.09820556640625 -0.15191650390625 -0.0923385620117188 -0.06658935546875
-0.0440216064453125 -0.139839172363281 -0.128593444824219 -0.00373840332031251
-0.0669174194335938 -0.127609252929688 -0.143417358398437 -0.0491180419921875
-0.13275146484375 -0.0878677368164063 -0.129005432128906 -0.0441970825195312
-0.123794555664063 -0.00946807861328125 -0.103591918945313 -0.018585205078125
-0.107635498046875 0.0266647338867188 -0.0607719421386719 -0.0196952819824219
-0.0721359252929687 0.0682601928710938 -0.0304584503173828 -0.0182552337646484
-0.0410308837890625 0.0879135131835938 -0.0194587707519531 -0.0367012023925781
-0.04803466796875 0.0860977172851563 -0.0071563720703125 -0.0565834045410156
-0.0430145263671875 0.0949935913085938 0.0212249755859375 -0.072021484375
-0.0631141662597656 0.0668144226074219 0.0682411193847656 -0.0701141357421875
-0.0955734252929687 0.0469894409179688 0.0844573974609375 -0.0400848388671875
-0.115852355957031 0.0148468017578125 0.0766830444335937 0.0127182006835938
-0.125442504882813 -0.0837631225585937 0.0287818908691406 0.0472030639648438
-0.0854263305664062 -0.125419616699219 -0.0533180236816406 0.0226707458496094
-0.0474395751953125 -0.151840209960938 -0.107559204101562 -0.11541748046875
0.008026123046875 -0.103225708007813 -0.136184692382813 -0.033447265625
-0.0249252319335937 -0.100074768066406 -0.150436401367188 -0.0592498779296875
-0.0777740478515625 -0.0708999633789063 -0.11328125 -0.0469436645507812
-0.0755157470703125 -0.0133743286132813 -0.0882110595703125 -0.0335540771484375
-0.0678176879882813 0.00686264038085937 -0.0465660095214844 -0.0364418029785156
-0.0525131225585938 0.0383415222167969 -0.022796630859375 -0.0445976257324219
-0.0349960327148438 0.0573158264160156 -0.0160675048828125 -0.0677337646484375
-0.0395584106445313 0.0592308044433594 0.0013275146484375 -0.0839309692382812
-0.0391502380371094 0.0684585571289063 0.036712646484375 -0.0998001098632812
-0.0504570007324219 0.0473213195800781 0.0896072387695313 -0.0864105224609375
-0.0759963989257813 0.0313491821289062 0.100814819335937 -0.0460205078125
-0.0911102294921875 0.00291442871093751 0.0826873779296875 0.00232696533203125
-0.09185791015625 -0.0819473266601563 0.0330562591552734 0.0263118743896484
-0.045257568359375 -0.119331359863281 -0.0520439147949219 -0.0127639770507812
0.00470733642578126 -0.126884460449219 -0.101531982421875 -0.158203125
-0.0479812622070312 0.0698509216308594 0.0977020263671875 0.156326293945313
0.0226593017578125 0.0660438537597656 0.0438117980957031 0.0363960266113281
0.0574264526367188 0.0364189147949219 -0.046478271484375 -0.00854110717773437
0.0567665100097656 -0.00674819946289062 -0.0969314575195312 0.00971221923828125
0.0382270812988281 -0.0200920104980469 -0.111175537109375 0.0451126098632812
0.0220661163330078 -0.0285549163818359 -0.098388671875 0.098968505859375
0.0200939178466797 -0.0233173370361328 -0.0376968383789063 0.123756408691406
0.0273532867431641 -0.0170536041259766 -0.00542449951171876 0.101791381835938
0.0293960571289063 -0.0136680603027344 0.016387939453125 0.0792770385742188
0.0248737335205078 0.00434112548828125 0.02392578125 0.0638618469238281
0.0238590240478516 0.0160026550292969 0.0479888916015625 0.043487548828125
0.0241241455078125 0.0304412841796875 0.0750885009765625 0.0428009033203125
0.00220489501953125 0.0531082153320313 0.0926895141601563 0.0618057250976562
-0.0229034423828125 0.0626907348632813 0.134590148925781 0.058624267578125
-0.0657768249511719 0.0601348876953125 0.121833801269531 0.0511322021484375
-0.0869598388671875 0.01190185546875 0.0697784423828125 0.169586181640625
-0.0142021179199219 0.0225925445556641 0.0212287902832031 0.0486412048339844
0.00760173797607422 0.00622034072875977 -0.066253662109375 -0.0013275146484375
0.0119857788085938 -0.014984130859375 -0.108131408691406 0.02044677734375
-0.00487232208251953 -0.0146198272705078 -0.116294860839844 0.0489349365234375
-0.00795221328735352 -0.00270366668701172 -0.100837707519531 0.102653503417969
0.00441169738769531 0.0132541656494141 -0.0423507690429687 0.126579284667969
0.0121555328369141 0.0214729309082031 -0.0114669799804688 0.100738525390625
0.0225334167480469 0.0294227600097656 0.0118637084960937 0.0786819458007813
0.00974655151367188 0.0427970886230469 0.0228919982910156 0.0580558776855469
-0.00857162475585938 0.0521011352539063 0.0480766296386719 0.0368843078613281
-0.0242500305175781 0.0559425354003906 0.074615478515625 0.0455245971679687
-0.0603294372558594 0.0391120910644531 0.0800552368164063 0.067230224609375
-0.0771865844726563 0.033203125 0.109451293945313 0.0649795532226563
-0.115135192871094 0.0118255615234375 0.0899734497070313 0.0522994995117188
-0.115219116210938 -0.0496139526367187 0.0316619873046875 0.160415649414063
-0.0520133972167969 -0.0293006896972656 -0.00822067260742188 0.0433158874511719
-0.0518569946289063 -0.0273590087890625 -0.0900955200195313 -0.00369262695312499
-0.040130615234375 -0.0189666748046875 -0.120750427246094 0.0258712768554687
-0.0510902404785156 -0.00345230102539063 -0.116615295410156 0.0495223999023437
-0.0386772155761719 0.0254135131835937 -0.0937042236328125 0.0985031127929688
-0.0118560791015625 0.0493354797363281 -0.041259765625 0.113746643066406
-0.00469207763671874 0.0573196411132813 -0.01654052734375 0.0846633911132813
0.0128631591796875 0.0679779052734375 0.00629425048828126 0.0630149841308594
-0.00580596923828125 0.0727920532226563 0.0219345092773437 0.038360595703125
-0.0349349975585937 0.080108642578125 0.0488929748535156 0.0211906433105469
-0.061798095703125 0.0763168334960937 0.0759124755859375 0.040802001953125
-0.109779357910156 0.0271453857421875 0.0690078735351563 0.0698966979980469
-0.118049621582031 0.00506591796874999 0.07598876953125 0.071075439453125
-0.14752197265625 -0.0362091064453125 0.045318603515625 0.0401763916015625
-0.127899169921875 -0.101936340332031 -0.01116943359375 0.131141662597656
-0.0840682983398438 -0.0783233642578125 -0.0425453186035156 0.0236358642578125
-0.111236572265625 -0.0557632446289063 -0.1123046875 -0.0130767822265625
-0.0935821533203125 -0.0155715942382812 -0.128341674804687 0.0248794555664063
-0.0926132202148438 0.014404296875 -0.110198974609375 0.0441055297851562
-0.0626602172851563 0.0543899536132812 -0.07818603515625 0.0823745727539063
-0.0244903564453125 0.08026123046875 -0.0354537963867188 0.0867462158203125
-0.0208053588867188 0.085357666015625 -0.0189895629882813 0.0561485290527344
-0.000183105468750007 0.0962295532226562 0.00146484375 0.0354156494140625
-0.0219650268554688 0.0902252197265625 0.0232524871826172 0.0108222961425781
-0.057891845703125 0.092926025390625 0.0498809814453125 0.000560760498046881
-0.0895233154296875 0.0820465087890625 0.0759429931640625 0.0327835083007813
-0.141845703125 0.00914001464843752 0.058868408203125 0.0706710815429688
-0.140625 -0.0260772705078125 0.0382461547851562 0.0745315551757813
-0.157089233398438 -0.0798492431640625 -0.00598716735839845 0.0174503326416016
-0.123184204101562 -0.135162353515625 -0.0546340942382813 0.087860107421875
-0.102951049804687 -0.112586975097656 -0.0801162719726563 -0.000846862792968756
-0.152252197265625 -0.0737762451171875 -0.127433776855469 -0.0223312377929687
-0.131622314453125 -0.00791168212890627 -0.127250671386719 0.0166244506835937
-0.119049072265625 0.0324478149414063 -0.0958404541015625 0.0290374755859375
-0.07525634765625 0.0761184692382813 -0.0591278076171875 0.0537834167480469
-0.0321578979492187 0.0986251831054688 -0.0285568237304688 0.0481910705566406
-0.03289794921875 0.100166320800781 -0.0183086395263672 0.0196361541748047
-0.0145034790039063 0.1102294921875 0.000649571418762206 0.000348865985870368
-0.0397567749023438 0.0935821533203125 0.0291919708251953 -0.0197601318359375
-0.0777359008789063 0.0891494750976563 0.0550079345703125 -0.018218994140625
-0.108711242675781 0.0701446533203125 0.0753707885742188 0.023529052734375
-0.155197143554688 -0.01904296875 0.0483512878417969 0.0682830810546875
-0.1419677734375 -0.0614013671875 0.00185394287109375 0.0711517333984375
-0.141159057617188 -0.116607666015625 -0.05364990234375 -0.0152740478515625
-0.097625732421875 -0.144317626953125 -0.0938796997070313 0.0421905517578125
-0.0996246337890625 -0.125724792480469 -0.114631652832031 -0.0244598388671875
-0.161224365234375 -0.0791473388671875 -0.132232666015625 -0.0301666259765625
-0.140571594238281 -0.00135040283203125 -0.116180419921875 0.00321197509765622
-0.121818542480469 0.0403976440429688 -0.0775909423828125 0.00697326660156252
-0.0746078491210937 0.0828094482421875 -0.041534423828125 0.0172882080078125
-0.0346908569335937 0.100997924804688 -0.0232353210449219 0.00483894348144532
-0.039520263671875 0.100616455078125 -0.0152778625488281 -0.0189933776855469
-0.0273971557617188 0.108688354492188 0.00569534301757813 -0.0372886657714844
-0.0533599853515625 0.0844573974609375 0.0427131652832031 -0.0485153198242187
-0.08984375 0.0721206665039062 0.0655403137207031 -0.0338935852050781
-0.117042541503906 0.04644775390625 0.0756683349609375 0.0159225463867188
-0.148941040039063 -0.050140380859375 0.0385017395019531 0.0592994689941406
-0.12335205078125 -0.094451904296875 -0.0292434692382813 0.0550460815429687
-0.104766845703125 -0.139938354492188 -0.0899734497070313 -0.0567092895507812
-0.0533065795898437 -0.129783630371094 -0.120780944824219 5.34057617187167E-05
-0.0732345581054687 -0.117744445800781 -0.137420654296875 -0.042022705078125
-0.133369445800781 -0.0736770629882813 -0.125595092773438 -0.0352325439453125
-0.118217468261719 -0.00050354003906251 -0.0997467041015625 -0.0133285522460937
-0.100349426269531 0.0333938598632813 -0.0590858459472656 -0.0163726806640625
-0.063934326171875 0.069671630859375 -0.0292377471923828 -0.01800537109375
-0.0330810546875 0.0851821899414063 -0.0205078125 -0.0352287292480469
-0.0398941040039063 0.0852508544921875 -0.0100631713867188 -0.0538368225097656
-0.0341339111328125 0.0930633544921875 0.01666259765625 -0.0711593627929687
-0.0558547973632813 0.0667877197265625 0.062255859375 -0.0721435546875
-0.087615966796875 0.0506362915039063 0.08099365234375 -0.0438308715820313
-0.108772277832031 0.02117919921875 0.0768661499023438 0.0079345703125
-0.125518798828125 -0.0715408325195312 0.0321502685546875 0.0440139770507812
-0.0903472900390625 -0.113151550292969 -0.0474624633789063 0.0262794494628906
-0.0565948486328125 -0.14276123046875 -0.107620239257813 -0.101852416992188
-0.000968933105468749 -0.0977706909179688 -0.130622863769531 -0.0277328491210938
-0.0317611694335938 -0.0930328369140625 -0.146011352539063 -0.050384521484375
-0.0793304443359375 -0.059844970703125 -0.11029052734375 -0.0394973754882813
-0.0716018676757813 -0.00698089599609376 -0.0858917236328125 -0.028076171875
-0.0628471374511719 0.0120315551757812 -0.0468673706054688 -0.0330924987792969
-0.0461006164550781 0.0395774841308594 -0.0239486694335938 -0.04315185546875
-0.0281257629394531 0.0547027587890625 -0.01898193359375 -0.0648193359375
-0.0326309204101562 0.0578422546386719 -0.00409698486328124 -0.0802688598632813
-0.0318183898925781 0.0665321350097656 0.0290145874023438 -0.0988388061523437
-0.0443000793457031 0.0469474792480469 0.0815963745117188 -0.0894546508789062
-0.0685615539550781 0.0338249206542969 0.0958099365234375 -0.0504837036132813
-0.0844802856445313 0.00928497314453126 0.0814437866210938 -0.002166748046875
-0.0928955078125 -0.0706100463867188 0.0345878601074219 0.0246086120605469
-0.0511932373046875 -0.109230041503906 -0.0489158630371094 -0.00719833374023439
-0.00494384765624999 -0.120765686035156 -0.105422973632813 -0.1431884765625
-0.0396080017089844 0.0662498474121094 0.0976104736328125 0.142379760742188
0.0234298706054688 0.0588340759277344 0.0415229797363281 0.0314064025878906
0.0540885925292969 0.0297966003417969 -0.044036865234375 -0.00838088989257812
0.0508804321289063 -0.00983810424804688 -0.0916824340820313 0.0115890502929687
0.0330410003662109 -0.0208854675292969 -0.10418701171875 0.04559326171875
0.0180225372314453 -0.0259075164794922 -0.0906448364257813 0.0979766845703125
0.0168914794921875 -0.0206756591796875 -0.0313186645507812 0.118919372558594
0.0236873626708984 -0.0159740447998047 -0.00118255615234375 0.09625244140625
0.0259456634521484 -0.0133743286132812 0.0192337036132813 0.0754165649414063
0.0223159790039063 0.00383949279785156 0.0261383056640625 0.0608253479003906
0.0214767456054688 0.0144939422607422 0.0477256774902344 0.0401458740234375
0.0227928161621094 0.0267066955566406 0.0727386474609375 0.0390777587890625
0.0045166015625 0.0477485656738281 0.0899124145507813 0.0573654174804688
-0.0189743041992187 0.057708740234375 0.129173278808594 0.052337646484375
-0.0571746826171875 0.0580825805664063 0.117279052734375 0.04669189453125
-0.0786895751953125 0.01287841796875 0.0725860595703125 0.154510498046875
-0.0122623443603516 0.0188484191894531 0.0218162536621094 0.0427818298339844
0.00560188293457031 0.00217390060424805 -0.0622634887695313 -0.000366210937500009
0.00846099853515625 -0.016016960144043 -0.101806640625 0.0213088989257813
-0.00776863098144531 -0.0134181976318359 -0.108421325683594 0.048675537109375
-0.00986766815185547 -0.00115108489990235 -0.09161376953125 0.100418090820313
0.00329971313476563 0.0138921737670898 -0.0346832275390625 0.120735168457031
0.0107402801513672 0.0214176177978516 -0.0066986083984375 0.095947265625
0.0212364196777344 0.0283317565917969 0.0159378051757812 0.0736846923828125
0.00896835327148438 0.0408668518066406 0.0251998901367188 0.05450439453125
-0.00838088989257812 0.0496902465820313 0.048065185546875 0.0336532592773438
-0.0222282409667969 0.0526237487792969 0.0736007690429688 0.041015625
-0.0554580688476563 0.0370216369628906 0.0787734985351563 0.0624618530273438
-0.0706787109375 0.031829833984375 0.107345581054688 0.0587615966796875
-0.105995178222656 0.0139236450195313 0.0888442993164063 0.0482635498046875
-0.108566284179688 -0.0439376831054687 0.0370941162109375 0.1475830078125
-0.0493545532226562 -0.0289192199707031 -0.00523757934570312 0.038421630859375
-0.0513038635253906 -0.0258903503417969 -0.08441162109375 -0.001251220703125
-0.0409164428710938 -0.0177421569824219 -0.112533569335938 0.0269088745117187
-0.050384521484375 -0.00147247314453126 -0.108558654785156 0.0491180419921875
-0.0373382568359375 0.0266304016113281 -0.0846328735351563 0.0948562622070313
-0.0107688903808594 0.0486564636230469 -0.0340576171875 0.108299255371094
-0.00371551513671875 0.0559959411621094 -0.010772705078125 0.080169677734375
0.0139274597167969 0.0641746520996094 0.00966262817382812 0.0589218139648438
-0.00382232666015624 0.0699615478515625 0.0240516662597656 0.0361099243164063
-0.0316619873046875 0.0764923095703125 0.0483551025390625 0.0186386108398438
-0.0564422607421875 0.0728530883789063 0.0750274658203125 0.0366897583007813
-0.103752136230469 0.0280075073242187 0.0689735412597656 0.0654449462890625
-0.110618591308594 0.00732421875000001 0.076080322265625 0.065399169921875
-0.139518737792969 -0.0299301147460937 0.0465240478515625 0.0387840270996094
-0.123130798339844 -0.09295654296875 -0.00302886962890626 0.120079040527344
-0.08221435546875 -0.073822021484375 -0.0377349853515625 0.0204811096191406
-0.107284545898438 -0.049957275390625 -0.104759216308594 -0.0090789794921875
-0.0904006958007813 -0.0125885009765625 -0.119606018066406 0.026275634765625
-0.0885162353515625 0.0170211791992188 -0.102226257324219 0.0435791015625
-0.0587654113769531 0.0544052124023438 -0.070404052734375 0.0789337158203125
-0.0215911865234375 0.077056884765625 -0.02874755859375 0.08203125
-0.0168914794921875 0.082794189453125 -0.0146331787109375 0.0534019470214844
0.0031585693359375 0.0911712646484375 0.004119873046875 0.0325736999511719
-0.018798828125 0.0867462158203125 0.0236968994140625 0.00949287414550782
-0.0527801513671875 0.08978271484375 0.0487518310546875 -0.00100326538085937
-0.082122802734375 0.08038330078125 0.075469970703125 0.0281982421875
-0.134735107421875 0.0124969482421875 0.0603828430175781 0.0657691955566406
-0.133552551269531 -0.0212020874023437 0.0410957336425781 0.0694694519042969
-0.15118408203125 -0.0709381103515625 -0.00214576721191407 0.0182590484619141
-0.121124267578125 -0.123298645019531 -0.04522705078125 0.080596923828125
-0.101493835449219 -0.103965759277344 -0.073089599609375 -0.00191497802734375
-0.14776611328125 -0.0645751953125 -0.119270324707031 -0.0176162719726563
-0.125053405761719 -0.00390625000000001 -0.117996215820313 0.0179367065429687
-0.111793518066406 0.0347442626953125 -0.08929443359375 0.0288848876953125
-0.0691757202148438 0.074737548828125 -0.05267333984375 0.050445556640625
-0.0275955200195313 0.094329833984375 -0.0240745544433594 0.0446891784667969
-0.0274887084960937 0.096923828125 -0.0155830383300781 0.0187397003173828
-0.00954437255859375 0.1046142578125 0.00177979469299316 -0.00087380409240722
-0.0346908569335938 0.090118408203125 0.0284214019775391 -0.0203571319580078
-0.0707550048828125 0.0868453979492188 0.0530891418457031 -0.0196037292480469
-0.100471496582031 0.0700759887695312 0.0749969482421875 0.0196914672851563
-0.148025512695313 -0.01202392578125 0.0503997802734375 0.06353759765625
-0.136398315429688 -0.053863525390625 0.0064849853515625 0.067718505859375
-0.13818359375 -0.105865478515625 -0.0486793518066406 -0.0111427307128906
-0.0983200073242188 -0.131889343261719 -0.0847244262695313 0.03826904296875
-0.0993881225585938 -0.115852355957031 -0.106498718261719 -0.0229415893554687
-0.155776977539063 -0.0679168701171875 -0.12384033203125 -0.0245895385742188
-0.132156372070313 0.00395965576171873 -0.108627319335938 0.00571441650390624
-0.113189697265625 0.0429763793945313 -0.0725250244140625 0.00767517089843751
-0.0673828125 0.0808029174804688 -0.0378875732421875 0.0157737731933594
-0.0287399291992187 0.0957717895507813 -0.0211868286132813 0.00393295288085938
-0.0330581665039063 0.0966033935546875 -0.0149078369140625 -0.0175533294677734
-0.0207901000976563 0.103111267089844 0.0050201416015625 -0.0359687805175781
-0.0476150512695313 0.0817337036132813 0.0399513244628906 -0.04888916015625
-0.082183837890625 0.0711212158203125 0.0629730224609375 -0.0353202819824219
-0.108634948730469 0.0475692749023438 0.074798583984375 0.01190185546875
-0.143218994140625 -0.0415802001953125 0.0404472351074219 0.0559730529785156
-0.119964599609375 -0.08502197265625 -0.0231552124023438 0.0537376403808594
-0.105827331542969 -0.128105163574219 -0.0844345092773438 -0.0482025146484375
-0.0570220947265625 -0.119880676269531 -0.11236572265625 0.000396728515624986
-0.0746612548828125 -0.108322143554688 -0.129417419433594 -0.0376663208007812
-0.128433227539063 -0.062774658203125 -0.117835998535156 -0.0302963256835937
-0.110488891601563 0.00440216064453124 -0.093902587890625 -0.0103607177734375
-0.0924453735351563 0.0353775024414063 -0.05621337890625 -0.0141105651855469
-0.0568618774414063 0.0670318603515625 -0.0275592803955078 -0.0185184478759766
-0.0273361206054687 0.0807571411132812 -0.0197257995605469 -0.0342540740966797
-0.0336227416992188 0.08154296875 -0.0103530883789063 -0.0506935119628906
-0.0280685424804687 0.0875778198242188 0.0138969421386719 -0.0688858032226563
-0.0506668090820313 0.0642318725585938 0.0570831298828125 -0.0720367431640625
-0.0799636840820312 0.0501785278320313 0.0768966674804688 -0.0449142456054688
-0.100746154785156 0.0245132446289062 0.07525634765625 0.00514984130859375
-0.121833801269531 -0.0619049072265625 0.0340194702148437 0.0412406921386719
-0.0895233154296875 -0.103279113769531 -0.0416412353515625 0.0276412963867187
-0.0606307983398437 -0.131660461425781 -0.103004455566406 -0.0902328491210938
-0.00681304931640625 -0.0900497436523438 -0.123558044433594 -0.0251083374023437
-0.0343704223632813 -0.0851898193359375 -0.138046264648438 -0.0445556640625
-0.0771865844726562 -0.0510330200195313 -0.104705810546875 -0.0347747802734375
-0.0665779113769531 -0.00241088867187501 -0.0820236206054688 -0.0250244140625
-0.0577049255371094 0.0138282775878906 -0.0455894470214844 -0.0305900573730469
-0.04083251953125 0.0389938354492188 -0.0240249633789063 -0.041748046875
-0.0235519409179687 0.051513671875 -0.020904541015625 -0.061859130859375
-0.027618408203125 0.0546379089355469 -0.00621032714843751 -0.0752639770507813
-0.0258598327636719 0.0628166198730469 0.0239105224609375 -0.0948486328125
-0.0392837524414063 0.0447769165039063 0.0745391845703125 -0.0885238647460938
-0.0619544982910156 0.0335311889648437 0.0899658203125 -0.0503616333007813
-0.0779571533203125 0.0119705200195313 0.0789108276367188 -0.00399017333984375
-0.08966064453125 -0.0614700317382813 0.0346660614013672 0.0231266021728516
-0.0535430908203125 -0.0990982055664062 -0.0447349548339844 -0.00299453735351563
-0.0111770629882812 -0.112892150878906 -0.103309631347656 -0.129203796386719
-0.0338249206542969 0.0613479614257813 0.0937728881835938 0.132598876953125
0.0228118896484375 0.0536117553710937 0.0389022827148437 0.0293235778808594
0.0504264831542969 0.0253868103027344 -0.0423851013183594 -0.00884246826171874
0.0460166931152344 -0.0113677978515625 -0.0879592895507812 0.0108413696289062
0.0289878845214844 -0.0198993682861328 -0.0995330810546875 0.0438003540039063
0.0153541564941406 -0.0229892730712891 -0.08587646484375 0.094970703125
0.0151767730712891 -0.0177192687988281 -0.0279006958007812 0.114212036132813
0.0219459533691406 -0.01422119140625 4.57763671874987E-05 0.0924072265625
0.0239734649658203 -0.0115699768066406 0.0200881958007813 0.07171630859375
0.0199241638183594 0.00448989868164063 0.0258407592773438 0.0590171813964844
0.0186214447021484 0.0135784149169922 0.0461997985839844 0.038421630859375
0.020751953125 0.0237388610839844 0.0708084106445313 0.0377426147460938
0.00492095947265625 0.0433769226074219 0.0869216918945313 0.0557479858398438
-0.0165596008300781 0.0535736083984375 0.123565673828125 0.0505523681640625
-0.0511665344238281 0.055084228515625 0.113105773925781 0.0466537475585938
-0.0722885131835938 0.0107879638671875 0.0709991455078125 0.144302368164063
-0.0115480422973633 0.0151844024658203 0.0209503173828125 0.0389328002929688
0.00355625152587891 -9.72747802734375E-05 -0.0587425231933594 -0.00126266479492187
0.00566577911376953 -0.0169858932495117 -0.0965728759765625 0.019378662109375
-0.00943565368652344 -0.0123157501220703 -0.103240966796875 0.0462493896484375
-0.010859489440918 0.00111293792724609 -0.0867919921875 0.0962295532226563
0.00240802764892578 0.0154600143432617 -0.0311965942382813 0.115440368652344
0.00954627990722656 0.0216808319091797 -0.0045166015625 0.090789794921875
0.0196762084960938 0.0274124145507812 0.0168571472167969 0.0699691772460937
0.00754165649414062 0.0396080017089844 0.0258102416992188 0.0526351928710938
-0.009063720703125 0.0473060607910156 0.0469131469726563 0.0322074890136719
-0.0217132568359375 0.0492630004882813 0.0715713500976563 0.0395050048828125
-0.0526771545410156 0.0339431762695312 0.0767364501953125 0.060791015625
-0.0664329528808594 0.0288581848144531 0.103507995605469 0.0560684204101563
-0.0991134643554688 0.013427734375 0.0866165161132813 0.0475311279296875
-0.102012634277344 -0.0426254272460938 0.0380477905273438 0.136512756347656
-0.0472068786621094 -0.0297431945800781 -0.00387573242187501 0.0339584350585938
-0.0501174926757813 -0.0263099670410156 -0.079437255859375 -0.00196075439453127
-0.0414962768554688 -0.0180625915527344 -0.106597900390625 0.02490234375
-0.0500984191894531 -0.000385284423828115 -0.103294372558594 0.0459442138671875
-0.03704833984375 0.026580810546875 -0.0795059204101563 0.0901641845703125
-0.0103797912597656 0.0479164123535156 -0.029815673828125 0.103134155273438
-0.00336456298828125 0.0549049377441406 -0.00849914550781249 0.0764999389648438
0.0132598876953125 0.0622062683105469 0.01116943359375 0.0557289123535156
-0.00438308715820312 0.0669517517089844 0.0246620178222656 0.0344085693359375
-0.0311660766601562 0.0734481811523438 0.04766845703125 0.0170745849609375
-0.0539016723632813 0.069061279296875 0.0731964111328125 0.0341567993164063
-0.0992965698242188 0.0268173217773437 0.0682373046875 0.0633392333984375
-0.10565185546875 0.0056915283203125 0.0749282836914063 0.0625534057617188
-0.131980895996094 -0.0284576416015625 0.0467109680175781 0.0377235412597656
-0.116989135742188 -0.0882797241210938 0.000305175781249992 0.11004638671875
-0.0789031982421875 -0.0713348388671875 -0.0338611602783203 0.0165863037109375
-0.103950500488281 -0.0479202270507813 -0.0983352661132812 -0.00873565673828127
-0.0875701904296875 -0.0125198364257813 -0.113021850585938 0.0239944458007813
-0.0855941772460938 0.0178909301757812 -0.09686279296875 0.041015625
-0.0565338134765625 0.0528907775878906 -0.0658950805664063 0.0742340087890625
-0.0202560424804688 0.0745620727539063 -0.0261764526367187 0.0767745971679688
-0.015777587890625 0.080352783203125 -0.0120391845703125 0.0500259399414063
0.003936767578125 0.0876617431640625 0.00543594360351563 0.0305461883544922
-0.0180816650390625 0.0831451416015625 0.0243682861328125 0.00846099853515626
-0.050323486328125 0.086822509765625 0.0479049682617188 -0.00177001953124999
-0.0784683227539063 0.076629638671875 0.0742263793945313 0.026275634765625
-0.129165649414063 0.0128402709960938 0.0601844787597656 0.0635910034179688
-0.127410888671875 -0.0198516845703125 0.0422286987304688 0.0673446655273438
-0.1444091796875 -0.0670013427734375 0.000471115112304679 0.0190010070800781
-0.116317749023438 -0.11639404296875 -0.0403594970703125 0.0733489990234375
-0.0980300903320312 -0.0997695922851563 -0.068023681640625 -0.0042076110839844
-0.141494750976563 -0.0600433349609375 -0.111740112304688 -0.0165176391601562
-0.120262145996094 -0.00254058837890625 -0.1112060546875 0.0168075561523437
-0.106819152832031 0.0351104736328125 -0.0842056274414063 0.02642822265625
-0.0656890869140625 0.0721969604492188 -0.0495872497558594 0.04644775390625
-0.0255355834960937 0.0904617309570313 -0.0217704772949219 0.041534423828125
-0.0247802734375 0.0934371948242187 -0.0138826370239258 0.017059326171875
-0.00803375244140624 0.0996551513671875 0.00253391265869141 -0.000807285308837885
-0.03289794921875 0.0865249633789062 0.0276947021484375 -0.0202522277832031
-0.0669403076171875 0.083587646484375 0.0518341064453125 -0.0196418762207031
-0.0948562622070313 0.0674514770507813 0.073883056640625 0.0180511474609375
-0.142593383789063 -0.010467529296875 0.0502052307128906 0.0612831115722656
-0.130905151367188 -0.0505142211914063 0.00889205932617186 0.0648689270019531
-0.134208679199219 -0.0998992919921875 -0.0438079833984375 -0.00838088989257814
-0.0960235595703125 -0.124053955078125 -0.0776138305664063 0.033050537109375
-0.0968399047851563 -0.109207153320313 -0.0995407104492188 -0.024261474609375
-0.149032592773438 -0.06170654296875 -0.116584777832031 -0.02264404296875
-0.126007080078125 0.00483703613281251 -0.102149963378906 0.00411987304687501
-0.107048034667969 0.04290771484375 -0.068359375 0.0066070556640625
-0.0631027221679688 0.0772705078125 -0.0355224609375 0.0128860473632813
-0.0259628295898437 0.0911636352539063 -0.0194129943847656 0.00200462341308594
-0.0297698974609375 0.092926025390625 -0.0128259658813477 -0.017338752746582
-0.0183563232421875 0.0981903076171875 0.00483131408691407 -0.0349941253662109
-0.0445327758789062 0.0775070190429688 0.0381622314453125 -0.0482597351074219
-0.077880859375 0.0679779052734375 0.0613136291503906 -0.0351104736328125
-0.102363586425781 0.0467529296875 0.0732955932617188 0.0105438232421875
-0.138076782226563 -0.0373153686523437 0.0405464172363281 0.0532760620117188
-0.115440368652344 -0.0795516967773438 -0.0197372436523438 0.0519599914550781
-0.103340148925781 -0.121414184570313 -0.0789947509765625 -0.0444183349609375
-0.0567398071289063 -0.111854553222656 -0.105079650878906 -0.00314331054687499
-0.0729827880859375 -0.101333618164063 -0.122039794921875 -0.037872314453125
-0.123115539550781 -0.056396484375 -0.110694885253906 -0.0281982421875
-0.104377746582031 0.0061492919921875 -0.0887680053710938 -0.0104904174804688
-0.0870132446289062 0.0360641479492188 -0.0530204772949219 -0.0139236450195312
-0.0527839660644531 0.0640182495117187 -0.0260353088378906 -0.0195121765136719
-0.0244979858398438 0.0758132934570313 -0.0193557739257813 -0.0334358215332031
-0.0306015014648437 0.0777130126953125 -0.0100975036621094 -0.0481376647949219
-0.0246810913085938 0.0826797485351562 0.0126991271972656 -0.0662269592285156
-0.047454833984375 0.0607833862304688 0.0542182922363281 -0.0699234008789063
-0.0747909545898438 0.047882080078125 0.074615478515625 -0.0439300537109375
-0.094818115234375 0.024566650390625 0.0736541748046875 0.00388336181640625
-0.11663818359375 -0.05670166015625 0.0337944030761719 0.0402259826660156
-0.0869903564453125 -0.0958786010742187 -0.0375709533691406 0.0276679992675781
-0.0606613159179687 -0.124320983886719 -0.096954345703125 -0.0833892822265625
-0.00948333740234375 -0.0841903686523438 -0.116897583007813 -0.0258331298828125
-0.0348587036132812 -0.0792465209960938 -0.130470275878906 -0.0436630249023438
-0.0737533569335938 -0.0461502075195313 -0.099212646484375 -0.0332183837890625
-0.0615005493164063 -0.00146102905273438 -0.0782928466796875 -0.0238876342773438
-0.0535430908203125 0.014739990234375 -0.0435256958007813 -0.0294342041015625
-0.0372772216796875 0.0371246337890625 -0.0230979919433594 -0.0416374206542969
-0.0209808349609375 0.0479011535644531 -0.0209312438964844 -0.0592041015625
-0.0247383117675781 0.0520591735839844 -0.00620269775390625 -0.07196044921875
-0.0227394104003906 0.0583763122558594 0.021881103515625 -0.090545654296875
-0.0359077453613281 0.0413932800292969 0.0704727172851563 -0.0861129760742188
-0.0565986633300781 0.0314292907714844 0.0872039794921875 -0.0496978759765625
-0.0723495483398438 0.0121994018554687 0.0767059326171875 -0.003936767578125
-0.0856094360351562 -0.0556869506835938 0.0341815948486328 0.0229339599609375
-0.0518951416015625 -0.091766357421875 -0.0411605834960937 -0.00130462646484376
-0.0134124755859375 -0.105628967285156 -0.0980987548828125 -0.1202392578125
-0.0309524536132813 0.0576629638671875 0.0900344848632813 0.128738403320313
0.0220947265625 0.05078125 0.0371017456054687 0.0275802612304688
0.04766845703125 0.0237579345703125 -0.0412139892578125 -0.0105133056640625
0.0422897338867188 -0.0118751525878906 -0.085845947265625 0.00875854492187499
0.0266380310058594 -0.0193119049072266 -0.0987548828125 0.040863037109375
0.0140037536621094 -0.0205459594726562 -0.08453369140625 0.0922317504882813
0.0142297744750977 -0.0157909393310547 -0.0267105102539063 0.110809326171875
0.0204029083251953 -0.0130195617675781 0.000442504882812507 0.09014892578125
0.0225276947021484 -0.0103034973144531 0.0199317932128906 0.0702667236328125
0.0186920166015625 0.00571823120117188 0.0256423950195312 0.0586814880371094
0.0166845321655273 0.0135107040405273 0.0453605651855469 0.0386924743652344
0.0185546875 0.0220184326171875 0.0693092346191406 0.0377769470214844
0.00452804565429687 0.0399551391601563 0.0847930908203125 0.05657958984375
-0.0159492492675781 0.0498695373535156 0.119941711425781 0.0505828857421875
-0.0480842590332031 0.0527534484863281 0.111053466796875 0.0478363037109375
-0.0680274963378906 0.00798797607421875 0.0686416625976563 0.138397216796875
-0.0117101669311523 0.0122718811035156 0.0205955505371094 0.0368843078613281
0.00174713134765625 -0.00199794769287109 -0.0572929382324219 -0.00318527221679688
0.00306892395019531 -0.0177764892578125 -0.0938491821289063 0.0175018310546875
-0.0110740661621094 -0.0119991302490234 -0.102127075195313 0.0428543090820313
-0.0116767883300781 0.00240135192871094 -0.0857696533203125 0.0934066772460937
0.00141811370849609 0.0164041519165039 -0.029754638671875 0.112014770507812
0.00864219665527344 0.0224666595458984 -0.00399017333984375 0.0880813598632813
0.0181846618652344 0.0281600952148438 0.0175323486328125 0.0687446594238281
0.00616073608398437 0.0394401550292969 0.0259323120117188 0.0520401000976563
-0.0102386474609375 0.046234130859375 0.0459365844726563 0.0320281982421875
-0.0220603942871094 0.0469970703125 0.071075439453125 0.0391006469726563
-0.0519180297851563 0.0312957763671875 0.0753402709960938 0.06146240234375
-0.0648765563964844 0.0262718200683594 0.101173400878906 0.0562973022460938
-0.0950775146484375 0.0114364624023437 0.0853195190429688 0.0487213134765625
-0.0971450805664063 -0.0437469482421875 0.0379638671875 0.129791259765625
-0.0459251403808594 -0.0315971374511719 -0.00346565246582032 0.0311965942382812
-0.0506591796875 -0.0279464721679688 -0.0763397216796875 -0.00331115722656251
-0.0421714782714844 -0.019378662109375 -0.104034423828125 0.021942138671875
-0.0501060485839844 -0.000267028808593743 -0.101455688476563 0.0428695678710937
-0.0370445251464844 0.0270309448242188 -0.0782852172851562 0.086669921875
-0.0109405517578125 0.0478782653808594 -0.029022216796875 0.0997467041015625
-0.004058837890625 0.0550346374511719 -0.00799560546875 0.0737152099609375
0.0120201110839844 0.0616455078125 0.0123558044433594 0.0538520812988281
-0.00539779663085937 0.0660743713378906 0.0250129699707031 0.0336265563964844
-0.0317306518554688 0.0717926025390625 0.0470962524414063 0.0172576904296875
-0.0538978576660156 0.0667915344238281 0.0733566284179688 0.033782958984375
-0.0976791381835938 0.0243988037109375 0.0676345825195313 0.0637588500976563
-0.102142333984375 0.00363922119140624 0.074554443359375 0.0619583129882813
-0.128463745117188 -0.028900146484375 0.0473480224609375 0.038818359375
-0.112716674804687 -0.0876541137695313 0.00145721435546874 0.10418701171875
-0.0771865844726563 -0.072509765625 -0.0320110321044922 0.0136241912841797
-0.102241516113281 -0.048004150390625 -0.0940704345703125 -0.0104522705078125
-0.0863876342773438 -0.0139389038085938 -0.109275817871094 0.0215225219726563
-0.0848312377929688 0.0172576904296875 -0.0949325561523438 0.0377883911132813
-0.0565147399902344 0.0519256591796875 -0.0650100708007813 0.0702667236328125
-0.0205230712890625 0.0737152099609375 -0.0248947143554688 0.0736160278320313
-0.0155105590820313 0.0793304443359375 -0.0107841491699219 0.0484848022460938
0.0035247802734375 0.0855865478515625 0.00640869140625 0.0294475555419922
-0.0190200805664063 0.0815658569335937 0.0247688293457031 0.00843620300292969
-0.0502777099609375 0.0845870971679688 0.04815673828125 -0.00178909301757812
-0.0771636962890625 0.0739288330078125 0.0749282836914063 0.0261764526367188
-0.127243041992188 0.01141357421875 0.0601959228515625 0.0636405944824219
-0.124008178710937 -0.0215377807617187 0.0426368713378906 0.0655288696289063
-0.141036987304688 -0.0667266845703125 0.00211715698242187 0.0197334289550781
-0.112686157226563 -0.114822387695312 -0.0378952026367188 0.0669784545898437
-0.096435546875 -0.09918212890625 -0.0651741027832031 -0.00755691528320312
-0.138473510742187 -0.0593795776367188 -0.106689453125 -0.0175247192382812
-0.117477416992188 -0.00390625 -0.1080322265625 0.0143203735351563
-0.104713439941406 0.0339202880859375 -0.0825653076171875 0.0241317749023438
-0.0652122497558594 0.07012939453125 -0.0487823486328125 0.0429954528808594
-0.0259170532226562 0.0882949829101563 -0.0205726623535156 0.0390510559082031
-0.0244598388671875 0.0923385620117188 -0.012120246887207 0.0160703659057617
-0.0078582763671875 0.0971908569335938 0.00408816337585449 -0.00185656547546386
-0.033111572265625 0.084136962890625 0.0280189514160156 -0.0206127166748047
-0.0661697387695313 0.0813446044921875 0.0519142150878906 -0.019561767578125
-0.0937347412109375 0.0656661987304688 0.0739288330078125 0.0174484252929688
-0.140243530273438 -0.010772705078125 0.0500259399414062 0.06060791015625
-0.127799987792969 -0.051055908203125 0.0106277465820312 0.0635032653808594
-0.131103515625 -0.0987167358398438 -0.0408210754394531 -0.00726318359375001
-0.09307861328125 -0.12127685546875 -0.0745697021484375 0.027801513671875
-0.0949935913085937 -0.107498168945313 -0.0957717895507813 -0.0266647338867187
-0.145904541015625 -0.059967041015625 -0.111152648925781 -0.024169921875
-0.122703552246094 0.00409698486328123 -0.0989532470703125 0.00247955322265625
-0.104606628417969 0.0419235229492188 -0.0668373107910156 0.00533676147460939
-0.0623397827148437 0.07513427734375 -0.0348567962646484 0.0100650787353516
-0.0256881713867187 0.0886001586914063 -0.0187244415283203 0.000648498535156259
-0.0287399291992188 0.0909881591796875 -0.0119171142578125 -0.0172958374023437
-0.0178451538085937 0.0957717895507812 0.0059814453125 -0.0346946716308594
-0.0446929931640625 0.075439453125 0.0381202697753906 -0.0475654602050781
-0.07574462890625 0.0657882690429688 0.0609970092773437 -0.0343093872070312
-0.0997848510742187 0.0452651977539063 0.0736160278320313 0.010589599609375
-0.134902954101563 -0.0366592407226562 0.0409622192382812 0.0532379150390625
-0.11279296875 -0.07794189453125 -0.0170783996582031 0.0512046813964844
-0.101348876953125 -0.118080139160156 -0.0748825073242188 -0.0423736572265625
-0.0557022094726563 -0.108512878417969 -0.101593017578125 -0.00691223144531252
-0.0723648071289062 -0.0978469848632813 -0.117599487304688 -0.040771484375
-0.119880676269531 -0.054443359375 -0.105842590332031 -0.029998779296875
-0.100799560546875 0.00543212890625 -0.0856704711914063 -0.0115509033203125
-0.0840072631835938 0.0349273681640625 -0.0513381958007813 -0.0156097412109375
-0.0508842468261719 0.0621910095214844 -0.0256385803222656 -0.0207710266113281
-0.0239334106445312 0.0732955932617188 -0.0183792114257813 -0.0343017578125
-0.0292739868164062 0.075927734375 -0.00894546508789063 -0.0475616455078125
-0.023834228515625 0.0803298950195313 0.0129547119140625 -0.0653419494628906
-0.0464897155761719 0.0588798522949219 0.0539817810058594 -0.0694427490234375
-0.0728607177734375 0.0454864501953125 0.0739822387695312 -0.04278564453125
-0.0914306640625 0.022857666015625 0.0735015869140625 0.0044403076171875
-0.113288879394531 -0.053985595703125 0.0340728759765625 0.0399932861328125
-0.0840911865234375 -0.0932540893554688 -0.0351142883300781 0.0277843475341797
-0.0600204467773438 -0.119758605957031 -0.0925979614257813 -0.0803909301757812
-0.00952148437500001 -0.0804367065429688 -0.113716125488281 -0.0288162231445312
-0.0343017578125 -0.0753402709960938 -0.126548767089844 -0.0460739135742188
-0.0714111328125 -0.04345703125 -0.0957412719726563 -0.0346298217773438
-0.0591011047363281 -0.000919342041015616 -0.0764312744140625 -0.024749755859375
-0.0511207580566406 0.0144767761230469 -0.0423851013183594 -0.0300102233886719
-0.035369873046875 0.0355987548828125 -0.0224342346191406 -0.0421485900878906
-0.0198402404785156 0.0457534790039063 -0.0197067260742187 -0.0588111877441406
-0.023162841796875 0.0499229431152344 -0.0059356689453125 -0.0699920654296875
-0.0212593078613281 0.0560646057128906 0.0217666625976563 -0.0886459350585937
-0.0352134704589844 0.0395584106445313 0.06939697265625 -0.084381103515625
-0.0543899536132812 0.030303955078125 0.0865097045898438 -0.0478134155273438
-0.0688858032226563 0.0116004943847656 0.0765304565429688 -0.00302886962890625
-0.0829315185546875 -0.0528717041015625 0.0342674255371094 0.0236110687255859
-0.0509796142578125 -0.0884323120117188 -0.0383338928222656 -0.000198364257812509
-0.0141372680664063 -0.101730346679688 -0.0946578979492187 -0.115516662597656
-0.0283889770507813 0.0556106567382812 0.0904159545898437 0.127540588378906
0.02215576171875 0.0492210388183594 0.0372810363769531 0.0269126892089844
0.045928955078125 0.0215950012207031 -0.0417442321777344 -0.0120582580566406
0.039947509765625 -0.0126991271972656 -0.0868148803710938 0.00745391845703123
0.0248699188232422 -0.0184078216552734 -0.100082397460937 0.040863037109375
0.0131778717041016 -0.0189723968505859 -0.0855560302734375 0.0932998657226563
0.0138635635375977 -0.0149602890014648 -0.0266265869140625 0.110847473144531
0.0197010040283203 -0.0122280120849609 0.00122833251953125 0.0902099609375
0.0214729309082031 -0.00945663452148438 0.0212936401367188 0.0706787109375
0.0175857543945312 0.00617218017578125 0.0266342163085938 0.0598106384277344
0.015528678894043 0.014068603515625 0.0460243225097656 0.0393524169921875
0.0177078247070313 0.0212154388427734 0.0703506469726562 0.0385894775390625
0.00406265258789062 0.0383148193359375 0.0858078002929688 0.0582199096679688
-0.0158195495605469 0.048492431640625 0.120567321777344 0.0518112182617187
-0.045806884765625 0.0519180297851562 0.112167358398438 0.0499954223632813
-0.0661582946777344 0.00607299804687501 0.0697784423828125 0.136268615722656
-0.0115413665771484 0.010279655456543 0.0211372375488281 0.0354843139648438
0.000285148620605469 -0.0033867359161377 -0.056976318359375 -0.00420761108398439
0.000295639038085938 -0.0186080932617188 -0.0943984985351563 0.015716552734375
-0.0130090713500977 -0.0117607116699219 -0.103385925292969 0.0423507690429688
-0.0129823684692383 0.00315666198730469 -0.0860671997070312 0.0937042236328125
0.00115394592285156 0.0175695419311523 -0.029205322265625 0.111618041992188
0.00811004638671875 0.0234889984130859 -0.00271606445312499 0.0877456665039063
0.0174732208251953 0.0290451049804687 0.0184249877929688 0.0688667297363281
0.00520706176757813 0.0403289794921875 0.0268440246582031 0.0530853271484375
-0.0109214782714844 0.0469398498535156 0.0474090576171875 0.0323104858398438
-0.0232963562011719 0.0462493896484375 0.0726852416992187 0.0391616821289062
-0.0528984069824219 0.0301666259765625 0.0771102905273438 0.0627670288085938
-0.0642280578613281 0.0248756408691406 0.102348327636719 0.0567703247070313
-0.09393310546875 0.0109710693359375 0.087432861328125 0.0506362915039063
-0.0958023071289063 -0.0459136962890625 0.0394363403320312 0.126976013183594
-0.046661376953125 -0.0340080261230469 -0.00249481201171875 0.0288543701171875
-0.0520515441894531 -0.0292701721191406 -0.0752944946289063 -0.00520324707031252
-0.0442047119140625 -0.0200233459472656 -0.103492736816406 0.0209274291992187
-0.0521774291992188 0.000293731689453131 -0.102500915527344 0.0419387817382813
-0.0383796691894531 0.0280647277832031 -0.0793991088867188 0.0858917236328125
-0.0111579895019531 0.0488967895507813 -0.0277862548828125 0.0981979370117188
-0.004058837890625 0.0561790466308594 -0.00677490234375001 0.0731201171875
0.011505126953125 0.0622787475585937 0.0134506225585937 0.0536422729492188
-0.00625991821289062 0.0671272277832031 0.0261421203613281 0.0342350006103516
-0.0326461791992188 0.0727691650390625 0.0483589172363281 0.0176887512207031
-0.0546875 0.0667343139648438 0.0756607055664063 0.0345611572265625
-0.0986709594726562 0.0241775512695312 0.0691680908203125 0.0652656555175781
-0.102851867675781 0.00218200683593752 0.0756988525390625 0.0617904663085938
-0.128280639648438 -0.0297622680664063 0.049468994140625 0.0402565002441406
-0.111968994140625 -0.0887603759765625 0.00345611572265624 0.10052490234375
-0.0779953002929687 -0.074615478515625 -0.0311450958251953 0.01129150390625
-0.104110717773438 -0.0491409301757812 -0.0932388305664063 -0.0118255615234375
-0.087982177734375 -0.0142898559570312 -0.108810424804688 0.0201873779296875
-0.0861434936523438 0.0175399780273437 -0.0958175659179687 0.0365219116210938
-0.0573310852050781 0.0527801513671875 -0.0652046203613281 0.0692634582519531
-0.0211868286132813 0.0742721557617188 -0.023681640625 0.0722732543945312
-0.015167236328125 0.080902099609375 -0.00971984863281251 0.0476303100585938
0.00316619873046874 0.0863723754882812 0.00800323486328125 0.0286407470703125
-0.0197982788085938 0.0823440551757813 0.0252437591552734 0.00772857666015626
-0.0508346557617187 0.0858383178710938 0.0493965148925781 -0.00152587890624999
-0.0774307250976563 0.0741119384765625 0.0768585205078125 0.0258407592773438
-0.128646850585938 0.0115509033203125 0.0619621276855469 0.0654678344726563
-0.125091552734375 -0.0223922729492188 0.044769287109375 0.0661354064941406
-0.141876220703125 -0.067108154296875 0.00486755371093749 0.0212287902832031
-0.112831115722656 -0.114852905273438 -0.0361404418945313 0.0630874633789062
-0.0976181030273437 -0.100349426269531 -0.0638961791992188 -0.0107536315917969
-0.139503479003906 -0.0591659545898438 -0.105316162109375 -0.0188369750976562
-0.118431091308594 -0.00397491455078126 -0.106834411621094 0.0132904052734375
-0.105735778808594 0.0347518920898438 -0.0830307006835938 0.0229568481445312
-0.0658493041992188 0.0709686279296875 -0.049041748046875 0.0414199829101563
-0.025665283203125 0.088409423828125 -0.020050048828125 0.037384033203125
-0.0238418579101563 0.0935211181640625 -0.0114412307739258 0.0156126022338867
-0.0075531005859375 0.0977783203125 0.00501680374145508 -0.00240373611450195
-0.0336151123046875 0.0849227905273438 0.0288486480712891 -0.0210609436035156
-0.0667877197265625 0.082305908203125 0.0527076721191406 -0.0197257995605469
-0.0936355590820312 0.06561279296875 0.0762557983398437 0.0173110961914063
-0.1417236328125 -0.00996398925781249 0.0526695251464844 0.061859130859375
-0.12884521484375 -0.0508575439453125 0.0126228332519531 0.0641593933105469
-0.132896423339844 -0.0985488891601563 -0.0391426086425781 -0.00629425048828126
-0.09417724609375 -0.12115478515625 -0.0733718872070313 0.0239105224609375
-0.0973129272460937 -0.108123779296875 -0.0947265625 -0.029327392578125
-0.146331787109375 -0.059722900390625 -0.109245300292969 -0.025421142578125
-0.122657775878906 0.00451660156250001 -0.0975723266601563 0.00148773193359377
-0.104400634765625 0.0428695678710937 -0.0670814514160156 0.00411605834960937
-0.061981201171875 0.0753936767578125 -0.0347385406494141 0.00853919982910157
-0.0254669189453125 0.0884170532226562 -0.0188674926757813 -0.00116157531738281
-0.0281524658203125 0.0914459228515625 -0.0110263824462891 -0.0180416107177734
-0.0173110961914063 0.0952301025390625 0.00572586059570313 -0.0352363586425781
-0.0445556640625 0.0754241943359375 0.0384902954101563 -0.0488471984863281
-0.0758209228515625 0.06597900390625 0.0621795654296875 -0.0345382690429687
-0.0996551513671875 0.0450897216796875 0.0754776000976563 0.0102005004882813
-0.136276245117188 -0.0353012084960937 0.0424156188964844 0.0541152954101563
-0.113578796386719 -0.0774154663085938 -0.0151824951171875 0.0512046813964844
-0.103675842285156 -0.117881774902344 -0.0731353759765625 -0.0410995483398437
-0.05743408203125 -0.107803344726562 -0.1011962890625 -0.00999450683593752
-0.0733413696289063 -0.0972213745117188 -0.116996765136719 -0.0424957275390625
-0.120536804199219 -0.0528030395507813 -0.104560852050781 -0.0311737060546875
-0.099853515625 0.00583648681640624 -0.085174560546875 -0.0125732421875
-0.0838699340820313 0.0357742309570312 -0.051666259765625 -0.0163345336914063
-0.0504913330078125 0.061981201171875 -0.0257720947265625 -0.0227012634277344
-0.0234527587890625 0.0726852416992188 -0.018890380859375 -0.0355148315429688
-0.0278701782226563 0.0755386352539063 -0.0087127685546875 -0.0475845336914062
-0.0229263305664062 0.0801773071289063 0.0128173828125 -0.0653800964355469
-0.0465431213378906 0.0585594177246094 0.0535850524902344 -0.0702590942382813
-0.0721054077148438 0.0453720092773438 0.075164794921875 -0.0433197021484375
-0.0903396606445312 0.0234527587890625 0.075927734375 0.00431060791015625
-0.114181518554687 -0.0525741577148438 0.0355682373046875 0.0414581298828125
-0.0853042602539063 -0.0917205810546875 -0.0333881378173828 0.0284900665283203
-0.0616836547851563 -0.120018005371094 -0.091888427734375 -0.0789794921875
-0.0107574462890625 -0.0788345336914063 -0.113922119140625 -0.0318145751953125
-0.03570556640625 -0.0745162963867188 -0.126617431640625 -0.0479507446289063
-0.0713729858398438 -0.0414276123046875 -0.0953369140625 -0.035888671875
-0.0580635070800781 -0.000186920166015634 -0.0762786865234375 -0.0253677368164063
-0.0506477355957031 0.0153312683105469 -0.0429916381835938 -0.0302696228027344
-0.0349159240722656 0.0353775024414063 -0.0228347778320312 -0.0434455871582031
-0.0189018249511719 0.0448074340820313 -0.0214385986328125 -0.0597114562988281
-0.0226936340332031 0.049041748046875 -0.00627517700195313 -0.0691795349121094
-0.0208969116210937 0.0550460815429687 0.0216140747070313 -0.0884628295898437
-0.0349884033203125 0.0385513305664063 0.0689010620117188 -0.085723876953125
-0.0534553527832031 0.0285720825195312 0.087554931640625 -0.0482864379882813
-0.0673484802246094 0.0112991333007812 0.0781784057617188 -0.002532958984375
-0.0823822021484375 -0.0512542724609375 0.035369873046875 0.0249595642089844
-0.0514068603515625 -0.0864639282226563 -0.0379791259765625 0.00108718872070312
-0.0159225463867188 -0.100517272949219 -0.0935134887695312 -0.114089965820313
-0.0259170532226563 0.0547828674316406 0.0943450927734375 0.12493896484375
0.0235557556152344 0.0469436645507812 0.0386772155761719 0.0253372192382813
0.0453109741210937 0.0197639465332031 -0.04315185546875 -0.0122299194335937
0.0371208190917969 -0.0141410827636719 -0.0879364013671875 0.00853729248046875
0.02288818359375 -0.018707275390625 -0.101783752441406 0.0428314208984375
0.0122432708740234 -0.0182476043701172 -0.0846099853515625 0.0969772338867187
0.0136680603027344 -0.0141735076904297 -0.0235061645507813 0.112861633300781
0.0185394287109375 -0.0122528076171875 0.00424194335937501 0.0907363891601563
0.0211467742919922 -0.00936698913574219 0.0241622924804688 0.0713958740234375
0.0172739028930664 0.00694465637207031 0.0289421081542969 0.0612716674804688
0.0149374008178711 0.0141582489013672 0.048370361328125 0.0393028259277344
0.0170497894287109 0.0202980041503906 0.072540283203125 0.0376358032226563
0.00476837158203125 0.0367507934570312 0.0887985229492188 0.058319091796875
-0.0147933959960938 0.0478782653808594 0.123085021972656 0.0505218505859375
-0.0433807373046875 0.0527000427246094 0.11553955078125 0.0496673583984375
-0.0653266906738281 0.00534439086914061 0.0744247436523438 0.133804321289063
-0.0120115280151367 0.00876331329345703 0.0224895477294922 0.0339622497558594
-0.00139188766479492 -0.00445318222045898 -0.057647705078125 -0.00432586669921875
-0.00297355651855469 -0.0193691253662109 -0.0951690673828125 0.016876220703125
-0.0154294967651367 -0.0111522674560547 -0.105194091796875 0.0445938110351563
-0.0140972137451172 0.00520801544189453 -0.085418701171875 0.0969314575195313
0.00150108337402344 0.0187721252441406 -0.0259017944335938 0.113090515136719
0.00826072692871094 0.0244522094726563 0.000411987304687496 0.0887985229492188
0.0178871154785156 0.0294742584228516 0.0215644836425781 0.0685195922851563
0.00538253784179688 0.0413398742675781 0.0296249389648437 0.0538444519042969
-0.0111198425292969 0.048126220703125 0.0491142272949219 0.0322265625
-0.0237274169921875 0.0468673706054688 0.0756454467773438 0.0383453369140625
-0.0534439086914063 0.0306015014648437 0.0803451538085938 0.0626678466796875
-0.0644645690917969 0.0249443054199219 0.105514526367187 0.0554733276367188
-0.0936508178710937 0.0122604370117188 0.0913162231445312 0.0500335693359375
-0.0966796875 -0.0454788208007813 0.0441741943359375 0.124710083007813
-0.0487213134765625 -0.035614013671875 -0.000711441040039063 0.0274200439453125
-0.0548439025878906 -0.0289268493652344 -0.0755996704101563 -0.00424957275390624
-0.0476951599121094 -0.0196266174316406 -0.104202270507812 0.0221481323242188
-0.0545921325683594 0.00154495239257812 -0.103950500488281 0.0436248779296875
-0.0393486022949219 0.0302619934082031 -0.0784072875976563 0.0886001586914062
-0.0111083984375 0.0505409240722656 -0.0252227783203125 0.0989151000976563
-0.00241470336914063 0.0579414367675781 -0.00371551513671875 0.0740127563476563
0.0133705139160156 0.0635147094726563 0.0161781311035156 0.0539093017578125
-0.00584030151367187 0.0688743591308594 0.0284042358398438 0.0343971252441406
-0.0322418212890625 0.0751113891601563 0.0495758056640625 0.0169486999511719
-0.0542869567871094 0.0682830810546875 0.0793838500976563 0.0324478149414063
-0.100364685058594 0.025909423828125 0.0734786987304688 0.0654144287109375
-0.103858947753906 0.00369262695312501 0.0792465209960938 0.0616302490234375
-0.130096435546875 -0.0272598266601562 0.0530891418457031 0.0409011840820313
-0.114570617675781 -0.0888290405273437 0.00733947753906249 0.0985565185546875
-0.08172607421875 -0.074798583984375 -0.0301628112792969 0.009368896484375
-0.107551574707031 -0.0472259521484375 -0.0925750732421875 -0.0110626220703125
-0.0911788940429688 -0.0129318237304687 -0.108909606933594 0.021453857421875
-0.0882949829101563 0.02056884765625 -0.09625244140625 0.038177490234375
-0.0579910278320313 0.0556526184082031 -0.064453125 0.070526123046875
-0.0199127197265625 0.0760116577148437 -0.021728515625 0.0727157592773437
-0.0124588012695313 0.0830001831054688 -0.00763702392578125 0.0480575561523438
0.00601196289062499 0.0880508422851563 0.0100135803222656 0.0285205841064453
-0.0180587768554688 0.0845870971679688 0.0269775390625 0.00706672668457032
-0.0498428344726563 0.08807373046875 0.0509910583496094 -0.00253295898437499
-0.077423095703125 0.0767135620117188 0.0808944702148438 0.0236434936523438
-0.131538391113281 0.0152130126953125 0.0665321350097656 0.065216064453125
-0.12744140625 -0.0204620361328125 0.0484695434570312 0.0662918090820313
-0.14581298828125 -0.0647125244140625 0.0068988800048828 0.02215576171875
-0.11712646484375 -0.114570617675781 -0.03411865234375 0.0612220764160156
-0.102638244628906 -0.100059509277344 -0.063690185546875 -0.011627197265625
-0.143814086914063 -0.0559844970703125 -0.105072021484375 -0.0179901123046875
-0.120384216308594 -0.00129699707031248 -0.106788635253906 0.0147628784179688
-0.106483459472656 0.0382156372070313 -0.0835494995117187 0.024322509765625
-0.0659103393554688 0.0735015869140625 -0.0489387512207031 0.0417213439941406
-0.02374267578125 0.0906448364257813 -0.0192222595214844 0.0366096496582031
-0.0206527709960938 0.095458984375 -0.0105562210083008 0.0155677795410156
-0.00438690185546874 0.0991897583007813 0.00580120086669922 -0.00292491912841796
-0.0326309204101563 0.087158203125 0.0296497344970703 -0.0228557586669922
-0.0656890869140625 0.0850830078125 0.0543708801269531 -0.0218429565429687
-0.09368896484375 0.068817138671875 0.0799179077148438 0.0151214599609375
-0.14495849609375 -0.00543212890624999 0.05633544921875 0.0622787475585938
-0.131965637207031 -0.049224853515625 0.0158920288085937 0.0650558471679688
-0.137931823730469 -0.0962371826171875 -0.0376701354980469 -0.00370407104492189
-0.0984954833984375 -0.12042236328125 -0.0730819702148438 0.0227737426757813
-0.10247802734375 -0.106704711914063 -0.0959091186523438 -0.0300750732421875
-0.15045166015625 -0.055267333984375 -0.109489440917969 -0.024993896484375
-0.12384033203125 0.00800323486328128 -0.098388671875 0.00241851806640626
-0.104339599609375 0.0468902587890625 -0.0676651000976563 0.00489044189453127
-0.061279296875 0.0782546997070313 -0.0354804992675781 0.007537841796875
-0.0236968994140625 0.0896835327148438 -0.0188865661621094 -0.00217247009277343
-0.0247650146484375 0.093658447265625 -0.0111236572265625 -0.0181961059570312
-0.0139617919921875 0.096649169921875 0.006011962890625 -0.0363922119140625
-0.043914794921875 0.077728271484375 0.0378189086914063 -0.0506820678710937
-0.075103759765625 0.0690536499023438 0.0631599426269531 -0.0371665954589844
-0.099609375 0.0481643676757813 0.0791473388671875 0.00788879394531251
-0.139457702636719 -0.0309677124023437 0.0458602905273437 0.0544319152832031
-0.117843627929688 -0.075347900390625 -0.0124740600585938 0.0528907775878906
-0.109405517578125 -0.11627197265625 -0.0737075805664062 -0.0380401611328125
-0.0614242553710937 -0.106796264648438 -0.101776123046875 -0.0111618041992188
-0.0785446166992188 -0.096466064453125 -0.11895751953125 -0.0425796508789063
-0.123565673828125 -0.0492095947265625 -0.105415344238281 -0.0307693481445312
-0.10076904296875 0.00894165039062501 -0.085906982421875 -0.0116500854492188
-0.0829849243164063 0.0392608642578125 -0.0525588989257813 -0.0159339904785156
-0.0494117736816406 0.0639991760253906 -0.027313232421875 -0.0241317749023437
-0.0218124389648437 0.0733108520507813 -0.0206832885742187 -0.0364151000976562
-0.0256423950195313 0.0776138305664063 -0.00992202758789063 -0.048370361328125
-0.020477294921875 0.080596923828125 0.0117454528808594 -0.0662612915039063
-0.0461044311523437 0.0593490600585938 0.0526885986328125 -0.0738983154296875
-0.0718536376953125 0.0474014282226563 0.0758819580078125 -0.0468292236328125
-0.0904159545898438 0.0253753662109375 0.0790023803710938 0.00229644775390625
-0.116798400878906 -0.0491714477539063 0.03839111328125 0.0414695739746094
-0.089263916015625 -0.0903472900390625 -0.0315189361572266 0.030191421508789
-0.0671539306640625 -0.118110656738281 -0.0936813354492187 -0.0759658813476563
-0.01409912109375 -0.0783538818359375 -0.116752624511719 -0.0320892333984375
-0.0391006469726562 -0.0728225708007813 -0.128898620605469 -0.0467529296875
-0.0732192993164063 -0.03857421875 -0.0965805053710938 -0.0356521606445312
-0.0574569702148438 0.00125885009765624 -0.0775833129882813 -0.0247344970703125
-0.0495872497558594 0.0175399780273438 -0.0443649291992188 -0.0300674438476562
-0.0332374572753906 0.0365066528320313 -0.0252342224121094 -0.0451889038085938
-0.0177230834960938 0.0440902709960937 -0.0239753723144531 -0.0604438781738281
-0.0199203491210938 0.0496788024902344 -0.00806427001953125 -0.0703277587890625
-0.0184822082519531 0.0552749633789063 0.0185775756835938 -0.0903549194335938
-0.0341072082519531 0.0388412475585937 0.067138671875 -0.0887298583984375
-0.0527877807617187 0.0297775268554688 0.0886459350585938 -0.0507125854492188
-0.0661354064941406 0.01312255859375 0.080596923828125 -0.00473785400390625
-0.0836029052734375 -0.04833984375 0.0371170043945312 0.0255775451660156
-0.05389404296875 -0.0844879150390625 -0.0365486145019531 0.00325393676757813
-0.0197525024414062 -0.09991455078125 -0.0964202880859375 -0.111282348632813
-0.0212821960449219 0.0535087585449219 0.100311279296875 0.118598937988281
0.0253639221191406 0.0443878173828125 0.0398788452148438 0.022796630859375
0.0448760986328125 0.0167503356933594 -0.0440826416015625 -0.0117988586425781
0.0341129302978516 -0.0156326293945313 -0.0883941650390625 0.0116729736328125
0.020782470703125 -0.0196247100830078 -0.101249694824219 0.0475082397460938
0.0120182037353516 -0.0172662734985352 -0.080902099609375 0.101730346679688
0.0128059387207031 -0.0133323669433594 -0.0180511474609375 0.113876342773438
0.0174236297607422 -0.0124673843383789 0.00917816162109374 0.0905380249023438
0.0199909210205078 -0.00946998596191406 0.0284347534179687 0.070526123046875
0.0167179107666016 0.00660514831542969 0.0335350036621094 0.06097412109375
0.0142126083374023 0.0141925811767578 0.050750732421875 0.0383758544921875
0.0163516998291016 0.0189571380615234 0.07470703125 0.0349655151367188
0.00565719604492187 0.0351982116699219 0.0920028686523438 0.0545806884765625
-0.0124282836914063 0.0468864440917969 0.126358032226563 0.0456695556640625
-0.0391120910644531 0.0530815124511719 0.119293212890625 0.046478271484375
-0.0640373229980469 0.00562286376953124 0.08099365234375 0.127540588378906
-0.0122213363647461 0.00720119476318359 0.0239982604980469 0.0308437347412109
-0.00322198867797852 -0.00514841079711914 -0.0574455261230469 -0.00302124023437501
-0.00610542297363281 -0.0194110870361328 -0.0944900512695312 0.0198822021484375
-0.0174245834350586 -0.00964832305908203 -0.10369873046875 0.0490798950195313
-0.0144329071044922 0.00711345672607422 -0.0817794799804688 0.101081848144531
0.00174903869628906 0.0198917388916016 -0.0206527709960937 0.1134033203125
0.008819580078125 0.024810791015625 0.0053253173828125 0.0884017944335937
0.0186614990234375 0.0292472839355469 0.0263023376464844 0.0673751831054687
0.00680923461914062 0.0421371459960938 0.0338592529296875 0.0529556274414062
-0.00977325439453125 0.0495376586914062 0.0517387390136719 0.0305709838867188
-0.0226097106933594 0.0476303100585938 0.0784530639648438 0.0351181030273438
-0.0528411865234375 0.0324974060058594 0.0846633911132813 0.0603485107421875
-0.0629692077636719 0.0263519287109375 0.108879089355469 0.0513687133789063
-0.0917510986328125 0.0154266357421875 0.095306396484375 0.0475234985351563
-0.098114013671875 -0.0435409545898438 0.0506515502929687 0.119155883789063
-0.0509567260742187 -0.0352287292480469 0.00123023986816406 0.0251827239990234
-0.058013916015625 -0.0269966125488281 -0.0752334594726563 -0.00308990478515625
-0.0510940551757813 -0.0179977416992188 -0.102775573730469 0.0252532958984375
-0.0563392639160156 0.00530624389648437 -0.102256774902344 0.0477218627929687
-0.0390167236328125 0.0331039428710938 -0.0748977661132812 0.0918731689453125
-0.0089874267578125 0.0522613525390625 -0.0202865600585937 0.0991744995117188
-0.000282287597656246 0.0590896606445313 0.000617980957031248 0.0732421875
0.0159492492675781 0.0635604858398438 0.020263671875 0.0523796081542969
-0.00289154052734375 0.070404052734375 0.0314044952392578 0.0332202911376953
-0.029083251953125 0.0770263671875 0.0513687133789062 0.0148124694824219
-0.052215576171875 0.0711898803710937 0.0824966430664062 0.028564453125
-0.100296020507813 0.03076171875 0.0784149169921875 0.0629806518554688
-0.10369873046875 0.00697326660156251 0.0839309692382813 0.0582809448242188
-0.131156921386719 -0.0219879150390625 0.0564384460449219 0.0394325256347656
-0.118820190429688 -0.0848236083984375 0.0127792358398437 0.094085693359375
-0.0867996215820313 -0.0726089477539062 -0.0286293029785156 0.00829887390136718
-0.111129760742187 -0.0426483154296875 -0.0920944213867188 -0.00848388671875002
-0.0934295654296875 -0.00907135009765623 -0.10723876953125 0.0251617431640625
-0.0883255004882813 0.02508544921875 -0.095245361328125 0.0418930053710938
-0.0569725036621094 0.05908203125 -0.06219482421875 0.0729522705078125
-0.0165481567382812 0.0779037475585938 -0.01788330078125 0.0718994140625
-0.00835418701171874 0.0843658447265625 -0.00413894653320313 0.0472259521484375
0.00994873046874999 0.0880279541015625 0.0125751495361328 0.0275039672851563
-0.015106201171875 0.0864791870117188 0.028472900390625 0.00577735900878907
-0.0460357666015625 0.0916519165039062 0.0521430969238281 -0.00508499145507812
-0.0747146606445313 0.0809249877929688 0.083740234375 0.0195465087890625
-0.132057189941406 0.0220184326171875 0.0706024169921875 0.0632705688476563
-0.12890625 -0.0160140991210937 0.0533561706542969 0.0642471313476562
-0.149261474609375 -0.0581512451171875 0.00986289978027343 0.0230598449707031
-0.122573852539062 -0.10986328125 -0.0297660827636719 0.0586128234863281
-0.108268737792969 -0.0960464477539063 -0.0635414123535156 -0.0114784240722656
-0.147796630859375 -0.049163818359375 -0.10455322265625 -0.014801025390625
-0.121238708496094 0.00379943847656251 -0.105461120605469 0.0179824829101563
-0.10528564453125 0.0439987182617188 -0.0825424194335937 0.0273513793945313
-0.062835693359375 0.0771408081054688 -0.0474815368652344 0.0425338745117187
-0.0203399658203125 0.0921630859375 -0.0176773071289063 0.0356330871582031
-0.0155105590820313 0.0969772338867188 -0.00898456573486328 0.0153083801269531
0.000503540039062503 0.0995407104492188 0.00660324096679687 -0.00359582901000976
-0.0291061401367188 0.08953857421875 0.02880859375 -0.0245742797851562
-0.0623092651367187 0.0887832641601563 0.0546989440917969 -0.0249176025390625
-0.0909042358398438 0.0731964111328125 0.0825958251953125 0.0102386474609375
-0.145782470703125 0.00152587890624999 0.0612869262695313 0.060791015625
-0.134796142578125 -0.0437469482421875 0.0208320617675781 0.0641212463378906
-0.142822265625 -0.0891265869140625 -0.0361442565917969 -0.00115203857421875
-0.105224609375 -0.115959167480469 -0.0709991455078125 0.022308349609375
-0.108200073242188 -0.101982116699219 -0.0967178344726563 -0.0280838012695312
-0.153610229492188 -0.0474090576171875 -0.109245300292969 -0.0217742919921875
-0.123603820800781 0.0130996704101563 -0.0966033935546875 0.00624084472656252
-0.101913452148438 0.0520477294921875 -0.0672836303710938 0.00667572021484377
-0.0579299926757812 0.0812530517578125 -0.0356063842773438 0.00749588012695313
-0.0204238891601563 0.0909500122070312 -0.0190143585205078 -0.00269889831542968
-0.0196990966796875 0.0947494506835938 -0.0111331939697266 -0.0178375244140625
-0.00907897949218749 0.097076416015625 0.0051116943359375 -0.0367546081542969
-0.0408477783203125 0.0799713134765625 0.0357398986816406 -0.0532302856445312
-0.0725326538085938 0.0723953247070312 0.0626602172851563 -0.0410118103027344
-0.0978164672851563 0.0526046752929687 0.0812606811523438 0.00356292724609375
-0.141265869140625 -0.023468017578125 0.0504112243652344 0.05316162109375
-0.1217041015625 -0.0698928833007813 -0.00851058959960938 0.0541458129882812
-0.115463256835938 -0.110427856445312 -0.0732040405273438 -0.0337982177734375
-0.0671463012695313 -0.103042602539063 -0.101921081542969 -0.00955963134765624
-0.0839920043945313 -0.0916824340820313 -0.120460510253906 -0.03961181640625
-0.1259765625 -0.0415496826171875 -0.10565185546875 -0.027587890625
-0.0994186401367188 0.0136032104492188 -0.0860519409179688 -0.00945281982421876
-0.080810546875 0.0435028076171875 -0.0536727905273438 -0.0143661499023437
-0.046234130859375 0.0661468505859375 -0.0293502807617188 -0.0242481231689453
-0.01837158203125 0.0737228393554688 -0.0230445861816406 -0.0365409851074219
-0.0207977294921875 0.0781097412109375 -0.0120201110839844 -0.0478553771972656
-0.0154647827148438 0.0809860229492187 0.0090789794921875 -0.0672798156738281
-0.0435447692871094 0.0614662170410156 0.0490188598632813 -0.0758819580078125
-0.0696258544921875 0.0500526428222656 0.0754470825195313 -0.0507278442382813
-0.0885543823242188 0.0289306640625 0.0805892944335938 -0.0022125244140625
-0.119110107421875 -0.042449951171875 0.0413017272949219 0.0408668518066406
-0.0934066772460938 -0.085113525390625 -0.02886962890625 0.0322723388671875
-0.074188232421875 -0.113876342773437 -0.0955123901367188 -0.0702590942382813
-0.0181655883789063 -0.0767059326171875 -0.118461608886719 -0.0296859741210938
-0.0428428649902344 -0.069549560546875 -0.131385803222656 -0.0422515869140625
-0.0746688842773438 -0.0337905883789063 -0.0984878540039062 -0.032623291015625
-0.0565719604492188 0.00402832031249999 -0.0786056518554688 -0.0222244262695312
-0.0478401184082031 0.0203781127929688 -0.0457420349121094 -0.028533935546875
-0.0312118530273438 0.0378227233886719 -0.0281448364257812 -0.0452842712402344
-0.015380859375 0.0441741943359375 -0.0274085998535156 -0.0599021911621094
-0.0173454284667969 0.0502204895019531 -0.01165771484375 -0.0696563720703125
-0.0149383544921875 0.0552902221679688 0.0149688720703125 -0.0910797119140625
-0.0323677062988281 0.0398597717285156 0.0630874633789063 -0.0923385620117188
-0.0511283874511719 0.0316276550292969 0.0879364013671875 -0.0555267333984375
-0.0649528503417969 0.0154228210449219 0.08135986328125 -0.008270263671875
-0.0853271484375 -0.0427093505859375 0.0390701293945313 0.0246925354003906
-0.0580520629882813 -0.0802230834960938 -0.0356254577636719 0.00601959228515624
-0.0255355834960938 -0.0970916748046875 -0.100349426269531 -0.104972839355469
-0.0172882080078125 0.0509147644042969 0.102775573730469 0.1097412109375
0.0267562866210938 0.0407562255859375 0.039947509765625 0.019378662109375
0.0437088012695313 0.0142936706542969 -0.0444412231445313 -0.0104179382324219
0.0307331085205078 -0.0162353515625 -0.08673095703125 0.014373779296875
0.0181121826171875 -0.0189113616943359 -0.09820556640625 0.0510406494140625
0.0105266571044922 -0.0166711807250977 -0.0748214721679687 0.104057312011719
0.0120792388916016 -0.012822151184082 -0.0116958618164062 0.112068176269531
0.0157918930053711 -0.0119352340698242 0.0135345458984375 0.087310791015625
0.0182132720947266 -0.00924110412597656 0.0316581726074219 0.067230224609375
0.0163459777832031 0.006500244140625 0.0366134643554687 0.05889892578125
0.0142230987548828 0.0137233734130859 0.0518569946289063 0.0353965759277344
0.0158958435058594 0.0175685882568359 0.0750961303710938 0.0311279296875
0.0065155029296875 0.0333404541015625 0.0930404663085938 0.0503082275390625
-0.009552001953125 0.0454063415527344 0.125511169433594 0.0402297973632813
-0.0339698791503906 0.0521087646484375 0.120040893554688 0.0413284301757813
-0.061370849609375 0.00634384155273438 0.0851287841796875 0.11859130859375
-0.0119781494140625 0.00578784942626953 0.0252552032470703 0.0274715423583984
-0.00486469268798828 -0.00615024566650391 -0.0563697814941406 -0.00172805786132813
-0.00900077819824219 -0.018341064453125 -0.0917510986328125 0.0224609375
-0.0187492370605469 -0.00788688659667969 -0.100936889648438 0.0522384643554688
-0.0144128799438477 0.00869560241699219 -0.075531005859375 0.102890014648438
0.00236701965332031 0.0209255218505859 -0.0139389038085938 0.111251831054688
0.0102672576904297 0.0249614715576172 0.0102691650390625 0.0850982666015625
0.0197029113769531 0.0287685394287109 0.0299415588378906 0.0644607543945313
0.00843429565429688 0.0417976379394531 0.0371856689453125 0.0504341125488281
-0.00783538818359376 0.0499420166015625 0.0529251098632813 0.0281791687011719
-0.0209541320800781 0.0479240417480469 0.0793609619140625 0.0303421020507813
-0.0512962341308594 0.0332412719726563 0.0873031616210938 0.0556564331054687
-0.0611152648925781 0.0275917053222656 0.109886169433594 0.0453643798828125
-0.0880966186523437 0.0183258056640625 0.0968780517578125 0.042724609375
-0.097381591796875 -0.04046630859375 0.0555953979492187 0.11077880859375
-0.052490234375 -0.0335426330566406 0.00245285034179687 0.0221900939941406
-0.0592689514160156 -0.025146484375 -0.0726470947265625 -0.000381469726562517
-0.0522537231445312 -0.0149993896484375 -0.0991439819335938 0.0276412963867188
-0.0557327270507813 0.00835037231445312 -0.0988922119140625 0.0508270263671875
-0.0376777648925781 0.0357513427734375 -0.0690155029296875 0.0930252075195313
-0.00701904296875 0.0526351928710938 -0.0146713256835938 0.0966033935546875
0.00311660766601562 0.0589561462402344 0.00493621826171875 0.0705490112304688
0.018707275390625 0.0622291564941406 0.0234184265136719 0.0498390197753906
0.000133514404296869 0.0694351196289063 0.0339927673339844 0.0311508178710938
-0.025299072265625 0.0777511596679688 0.0524864196777344 0.0123443603515625
-0.0487060546875 0.0720062255859375 0.0830764770507813 0.023406982421875
-0.0972824096679688 0.0346221923828125 0.0815963745117188 0.0592498779296875
-0.102195739746094 0.0105438232421875 0.08599853515625 0.0530853271484375
-0.128532409667969 -0.0160903930664063 0.059051513671875 0.036865234375
-0.120597839355469 -0.0793991088867188 0.0177154541015625 0.08770751953125
-0.088836669921875 -0.0680618286132813 -0.0273380279541016 0.007415771484375
-0.112060546875 -0.03680419921875 -0.0892715454101563 -0.00559234619140624
-0.0935897827148438 -0.00458526611328125 -0.103401184082031 0.0275726318359375
-0.0858993530273438 0.0295486450195313 -0.0918960571289063 0.044647216796875
-0.0533485412597656 0.0612602233886719 -0.057342529296875 0.073272705078125
-0.0130691528320313 0.0781631469726563 -0.014556884765625 0.0702667236328125
-0.00400543212890625 0.0840682983398438 -0.00111770629882812 0.0459365844726563
0.0142440795898437 0.0861129760742188 0.0156803131103516 0.0258197784423828
-0.011199951171875 0.0858306884765625 0.0289802551269531 0.00386428833007813
-0.0412826538085938 0.0922317504882813 0.0516853332519531 -0.00751113891601562
-0.0699462890625 0.0823974609375 0.08404541015625 0.0143203735351563
-0.128524780273437 0.0284194946289062 0.0740585327148437 0.0591964721679687
-0.127487182617188 -0.0102081298828125 0.0564765930175781 0.0600433349609375
-0.148895263671875 -0.0500946044921875 0.0128517150878906 0.0230484008789062
-0.125602722167969 -0.102859497070313 -0.0259361267089844 0.0550308227539063
-0.111946105957031 -0.088897705078125 -0.06243896484375 -0.0106086730957031
-0.1474609375 -0.04010009765625 -0.101570129394531 -0.0115432739257813
-0.118721008300781 0.00974273681640626 -0.101020812988281 0.0206298828125
-0.101493835449219 0.048797607421875 -0.0792694091796875 0.030181884765625
-0.0584640502929688 0.0791091918945313 -0.0444984436035156 0.0430183410644531
-0.0155105590820312 0.0915679931640625 -0.0158767700195313 0.0342464447021484
-0.0098876953125 0.09564208984375 -0.00702762603759766 0.0142364501953125
0.00549316406250001 0.0977935791015625 0.0074925422668457 -0.00451469421386718
-0.0244827270507812 0.0893325805664063 0.0276393890380859 -0.0253753662109375
-0.057220458984375 0.0902938842773437 0.0534133911132813 -0.0272789001464844
-0.0855178833007813 0.0758285522460937 0.0832290649414063 0.00562286376953125
-0.143218994140625 0.0100250244140625 0.0650138854980469 0.0567817687988281
-0.134864807128906 -0.0365447998046875 0.02471923828125 0.0625343322753906
-0.145111083984375 -0.0804443359375 -0.0337486267089844 0.00146675109863281
-0.109382629394531 -0.108489990234375 -0.0679359436035156 0.0214691162109375
-0.112075805664062 -0.0943450927734375 -0.0953445434570312 -0.0250091552734375
-0.152801513671875 -0.037384033203125 -0.106460571289063 -0.0172882080078125
-0.120338439941406 0.0189361572265625 -0.0941238403320313 0.00917816162109375
-0.0970458984375 0.0568008422851562 -0.0649986267089844 0.00928878784179687
-0.0531005859375 0.08245849609375 -0.0348892211914063 0.0082550048828125
-0.01519775390625 0.0898208618164063 -0.0192070007324219 -0.00292396545410156
-0.0135726928710938 0.0936737060546875 -0.0112190246582031 -0.0179729461669922
-0.00333404541015626 0.0950927734375 0.00439834594726562 -0.0366401672363281
-0.0363693237304688 0.0804901123046875 0.0322685241699219 -0.0544471740722656
-0.0672760009765625 0.0742034912109375 0.0604705810546875 -0.0432662963867187
-0.0931243896484375 0.055999755859375 0.0815048217773438 -0.000976562499999997
-0.139892578125 -0.0150527954101563 0.0534858703613281 0.0506629943847656
-0.122940063476563 -0.062896728515625 -0.00402832031250001 0.0532798767089844
-0.11944580078125 -0.101806640625 -0.0717391967773438 -0.028411865234375
-0.0718994140625 -0.0978546142578125 -0.1007080078125 -0.00765228271484375
-0.087371826171875 -0.0845718383789062 -0.119613647460938 -0.0347824096679688
-0.125480651855469 -0.0328903198242188 -0.104118347167969 -0.023681640625
-0.0955657958984375 0.017974853515625 -0.0840988159179688 -0.00598907470703126
-0.0760726928710938 0.046722412109375 -0.05267333984375 -0.0117950439453125
-0.0415267944335938 0.0671195983886719 -0.0304527282714844 -0.0236034393310547
-0.0146102905273438 0.0725631713867188 -0.0250587463378906 -0.0356178283691406
-0.0152969360351563 0.076812744140625 -0.0133628845214844 -0.0463752746582031
-0.0110549926757813 0.0790557861328125 0.00618362426757812 -0.066619873046875
-0.0395965576171875 0.0621757507324219 0.044219970703125 -0.0774078369140625
-0.0656700134277344 0.0522422790527344 0.0723648071289063 -0.05340576171875
-0.084930419921875 0.0318756103515625 0.0804061889648438 -0.00588226318359375
-0.118019104003906 -0.03472900390625 0.0439834594726562 0.0386886596679688
-0.095458984375 -0.0777130126953125 -0.0255622863769531 0.0338821411132812
-0.0785980224609375 -0.106651306152344 -0.0948486328125 -0.063079833984375
-0.0220870971679688 -0.0733566284179688 -0.117744445800781 -0.0256423950195313
-0.0460853576660156 -0.0647010803222656 -0.130821228027344 -0.0369110107421875
-0.0741500854492188 -0.027740478515625 -0.0975189208984375 -0.0288925170898438
-0.0549201965332031 0.00648880004882813 -0.0781173706054688 -0.018798828125
-0.04498291015625 0.0222053527832031 -0.0460548400878906 -0.0261383056640625
-0.0278968811035156 0.0380020141601563 -0.0304794311523437 -0.0442008972167969
-0.0133705139160156 0.0434837341308594 -0.0304107666015625 -0.0579452514648438
-0.0133476257324219 0.0489311218261719 -0.0142021179199219 -0.0673103332519531
-0.0119209289550781 0.0535392761230469 0.0104293823242188 -0.0896682739257813
-0.02996826171875 0.0400619506835938 0.0569229125976563 -0.0937423706054687
-0.0479660034179688 0.0321693420410156 0.08447265625 -0.0592117309570312
-0.0622100830078125 0.0174217224121094 0.0805282592773438 -0.0118942260742187
-0.0842742919921875 -0.0366592407226563 0.0404167175292969 0.0235137939453125
-0.0602569580078125 -0.074462890625 -0.0331592559814453 0.00913047790527343
-0.030426025390625 -0.0923080444335938 -0.101600646972656 -0.0970611572265625
-0.0147132873535156 0.0473403930664063 0.102806091308594 0.101112365722656
0.026580810546875 0.0373687744140625 0.038970947265625 0.0163536071777344
0.0418624877929688 0.0110206604003906 -0.0439224243164063 -0.00998687744140624
0.0276508331298828 -0.0160484313964844 -0.0842208862304688 0.0149765014648437
0.0162982940673828 -0.0187149047851562 -0.0947036743164063 0.0526504516601562
0.00941848754882813 -0.0158014297485352 -0.0698394775390625 0.103897094726563
0.0110940933227539 -0.0122098922729492 -0.00810241699218749 0.108261108398438
0.0149736404418945 -0.0113000869750977 0.016571044921875 0.0834274291992188
0.0173683166503906 -0.00846290588378906 0.0337295532226562 0.0639762878417969
0.0158300399780273 0.00673961639404297 0.0381584167480469 0.0564956665039062
0.013606071472168 0.0134563446044922 0.0521736145019531 0.0330238342285156
0.0147886276245117 0.0168828964233398 0.0741958618164063 0.0280380249023437
0.00652503967285156 0.0306758880615234 0.0919570922851563 0.0467147827148438
-0.00838851928710938 0.0429725646972656 0.122932434082031 0.03570556640625
-0.0300636291503906 0.0502433776855469 0.11749267578125 0.0376510620117187
-0.0589714050292969 0.00593185424804688 0.0858154296875 0.1099853515625
-0.0122718811035156 0.00410556793212891 0.0254421234130859 0.0248317718505859
-0.00584840774536133 -0.00609683990478516 -0.0546836853027344 -0.00104522705078126
-0.010772705078125 -0.0170488357543945 -0.0890731811523438 0.0230712890625
-0.0191802978515625 -0.00611686706542969 -0.0971221923828125 0.053131103515625
-0.0137186050415039 0.00985622406005859 -0.07037353515625 0.1024169921875
0.00321006774902344 0.021026611328125 -0.0101165771484375 0.107391357421875
0.0104484558105469 0.0245018005371094 0.0132369995117188 0.0808181762695313
0.0196380615234375 0.0280532836914062 0.0322151184082031 0.061004638671875
0.00890350341796875 0.0411720275878906 0.0387763977050781 0.0481605529785156
-0.00659561157226562 0.0491447448730469 0.0530319213867188 0.0259056091308594
-0.0200691223144531 0.0469741821289063 0.0789566040039062 0.0272750854492188
-0.0494117736816406 0.0333900451660156 0.0871810913085938 0.0522384643554688
-0.0588607788085937 0.0270614624023437 0.108108520507813 0.0408935546875
-0.0834808349609375 0.0195846557617187 0.096160888671875 0.0397720336914063
-0.0960006713867188 -0.0379562377929688 0.0567703247070313 0.10296630859375
-0.0526237487792969 -0.0326118469238281 0.00312995910644531 0.0191078186035156
-0.0592727661132812 -0.0223808288574219 -0.0705795288085938 0.000350952148437506
-0.0526618957519531 -0.0130882263183594 -0.0950164794921875 0.028411865234375
-0.0548439025878906 0.0107879638671875 -0.0949783325195313 0.051727294921875
-0.0358390808105469 0.03643798828125 -0.064697265625 0.0919876098632813
-0.00497817993164062 0.0522117614746094 -0.0111465454101563 0.0932998657226563
0.00502395629882813 0.05755615234375 0.00804519653320313 0.0668678283691406
0.0205535888671875 0.0607376098632812 0.0257530212402344 0.0466117858886719
0.00194549560546875 0.0679969787597656 0.0346813201904297 0.0288448333740234
-0.022613525390625 0.0771942138671875 0.0524368286132813 0.0106658935546875
-0.045379638671875 0.0712356567382813 0.0827560424804688 0.0200042724609375
-0.093902587890625 0.0367660522460937 0.0826797485351562 0.0553359985351562
-0.099639892578125 0.0126571655273437 0.0858612060546875 0.0486984252929688
-0.12493896484375 -0.01226806640625 0.0597076416015625 0.0343704223632813
-0.119865417480469 -0.074432373046875 0.0195541381835937 0.080841064453125
-0.089263916015625 -0.0646438598632812 -0.0257110595703125 0.00564575195312499
-0.110923767089844 -0.03216552734375 -0.08575439453125 -0.00452423095703125
-0.0915069580078125 -0.00190734863281251 -0.098358154296875 0.02838134765625
-0.0831375122070312 0.0318984985351563 -0.087982177734375 0.0451278686523438
-0.0504837036132813 0.062469482421875 -0.0532302856445313 0.0719146728515625
-0.01031494140625 0.0767288208007812 -0.0114364624023438 0.0671157836914063
-0.000183105468750009 0.0817031860351563 0.00103759765625 0.0430450439453125
0.0168914794921875 0.083404541015625 0.016326904296875 0.0237197875976563
-0.00848388671874999 0.0839080810546875 0.0292701721191406 0.00319862365722657
-0.0374679565429687 0.0913925170898438 0.0511283874511719 -0.00866317749023437
-0.0654754638671875 0.082244873046875 0.0840072631835937 0.0104141235351563
-0.124343872070313 0.0321197509765625 0.0759506225585937 0.055267333984375
-0.124458312988281 -0.0067138671875 0.0583152770996094 0.0564422607421875
-0.145416259765625 -0.044281005859375 0.0144367218017578 0.0229721069335937
-0.126258850097656 -0.0962600708007812 -0.0237464904785156 0.0502471923828125
-0.112342834472656 -0.0829544067382813 -0.0598602294921875 -0.0107002258300781
-0.14532470703125 -0.0335540771484375 -0.0975494384765625 -0.0100250244140625
-0.115882873535156 0.0120925903320313 -0.0961990356445313 0.0217437744140625
-0.096893310546875 0.0511322021484375 -0.076202392578125 0.0303192138671875
-0.0540847778320313 0.0789413452148437 -0.0422859191894531 0.0420684814453125
-0.0124130249023438 0.0895538330078125 -0.0146961212158203 0.0326004028320313
-0.00601196289062501 0.0935745239257813 -0.00571823120117188 0.0136137008666992
0.00891876220703125 0.0947113037109375 0.00784587860107422 -0.00503778457641601
-0.0211257934570313 0.0875244140625 0.0262928009033203 -0.0259552001953125
-0.0531387329101562 0.0900726318359375 0.0519256591796875 -0.0283889770507812
-0.081390380859375 0.0761871337890625 0.0821075439453125 0.001800537109375
-0.138847351074219 0.0147018432617187 0.0670623779296875 0.0536346435546875
-0.131973266601563 -0.0318145751953125 0.027496337890625 0.0591812133789063
-0.143157958984375 -0.072998046875 -0.0306205749511719 0.0034637451171875
-0.110595703125 -0.101409912109375 -0.0652961730957031 0.0193328857421875
-0.112594604492187 -0.0872116088867188 -0.0927963256835938 -0.0232772827148438
-0.149444580078125 -0.030029296875 -0.103118896484375 -0.0155181884765625
-0.115997314453125 0.0218124389648438 -0.0894699096679688 0.0103988647460938
-0.092071533203125 0.0585556030273437 -0.0625762939453125 0.0101814270019531
-0.0485610961914062 0.0816726684570313 -0.0340251922607422 0.00747871398925781
-0.0118637084960937 0.0882034301757812 -0.01959228515625 -0.00322341918945312
-0.00992584228515625 0.0909957885742188 -0.0109443664550781 -0.0178070068359375
-9.91821289062414E-05 0.0921630859375 0.00363922119140625 -0.0363998413085937
-0.032806396484375 0.0791473388671875 0.0298385620117187 -0.0536994934082031
-0.0631561279296875 0.0743942260742187 0.0581779479980469 -0.0442390441894531
-0.0884017944335938 0.0564346313476562 0.0803604125976563 -0.00438690185546875
-0.135841369628906 -0.00915527343749997 0.0552978515625 0.0477027893066406
-0.121147155761719 -0.05712890625 -0.00110626220703126 0.0521278381347656
-0.119400024414063 -0.094146728515625 -0.0680007934570313 -0.0239830017089844
-0.0735549926757813 -0.0914688110351563 -0.0978927612304687 -0.00707244873046877
-0.0882949829101562 -0.0780487060546875 -0.116531372070312 -0.0314788818359375
-0.122367858886719 -0.0263442993164062 -0.100860595703125 -0.021240234375
-0.0915679931640625 0.0200347900390625 -0.0805587768554688 -0.00444030761718749
-0.07110595703125 0.047943115234375 -0.0510406494140625 -0.0113410949707031
-0.0380325317382813 0.0664749145507813 -0.0304107666015625 -0.0231685638427734
-0.0121231079101562 0.070770263671875 -0.0258922576904297 -0.0343647003173828
-0.0121612548828125 0.0744400024414063 -0.0139694213867188 -0.0449104309082031
-0.00777435302734375 0.076202392578125 0.0041351318359375 -0.0648994445800781
-0.0367317199707031 0.0611839294433594 0.039794921875 -0.0767059326171875
-0.0622673034667969 0.0519180297851563 0.0694770812988281 -0.0546684265136719
-0.0812225341796875 0.0333099365234375 0.0793685913085938 -0.008941650390625
-0.114776611328125 -0.029083251953125 0.045135498046875 0.0371742248535156
-0.0949859619140625 -0.0719223022460938 -0.0219593048095703 0.0336189270019531
-0.0799102783203125 -0.100112915039063 -0.0923004150390625 -0.0571670532226563
-0.0243301391601563 -0.0693893432617188 -0.1158447265625 -0.0234756469726563
-0.0471649169921875 -0.0594253540039063 -0.127647399902344 -0.0328369140625
-0.0719757080078125 -0.0228195190429687 -0.0948944091796875 -0.0261077880859375
-0.05145263671875 0.008026123046875 -0.0760726928710938 -0.016815185546875
-0.0422439575195313 0.0235061645507812 -0.0451583862304688 -0.0248947143554687
-0.0253562927246094 0.0376472473144531 -0.0316581726074219 -0.0428352355957031
-0.0116195678710938 0.0413780212402344 -0.03216552734375 -0.0546760559082031
-0.0111351013183594 0.0468368530273438 -0.015838623046875 -0.0643997192382813
-0.00915908813476562 0.0507850646972656 0.00731658935546874 -0.0870437622070313
-0.0272903442382813 0.0389595031738281 0.0519485473632812 -0.0918121337890625
-0.0453529357910156 0.031982421875 0.0812225341796875 -0.05999755859375
-0.0587806701660156 0.0179214477539063 0.0792465209960938 -0.0137100219726562
-0.081939697265625 -0.0319747924804688 0.0412406921386719 0.0225372314453125
-0.0608367919921875 -0.068450927734375 -0.0305194854736328 0.0100860595703125
-0.0329513549804688 -0.0869293212890625 -0.0999984741210938 -0.0884552001953125
-0.0133285522460938 0.044158935546875 0.100807189941406 0.0957870483398438
0.0257072448730469 0.0346145629882813 0.0383682250976563 0.0146369934082031
0.0399246215820313 0.00976181030273438 -0.0434074401855469 -0.0103416442871094
0.0251026153564453 -0.0156002044677734 -0.083221435546875 0.0150375366210938
0.0147800445556641 -0.0178070068359375 -0.09295654296875 0.052398681640625
0.00911808013916016 -0.0144500732421875 -0.0672683715820312 0.102882385253906
0.0106678009033203 -0.0114831924438477 -0.00572967529296875 0.1053466796875
0.0138235092163086 -0.0105867385864258 0.0175247192382812 0.0804443359375
0.0165367126464844 -0.00760746002197266 0.0335845947265625 0.0621719360351563
0.0156087875366211 0.00730419158935547 0.0394859313964844 0.0547332763671875
0.0133790969848633 0.0132102966308594 0.0514450073242188 0.0321731567382813
0.0137538909912109 0.0159397125244141 0.0731658935546875 0.0270462036132813
0.00584602355957031 0.0291519165039063 0.090484619140625 0.0451431274414063
-0.00775146484375 0.0411109924316406 0.120315551757812 0.0337066650390625
-0.0272140502929687 0.0480422973632813 0.116592407226562 0.0365676879882813
-0.0573005676269531 0.00391387939453125 0.0845870971679688 0.103797912597656
-0.0125970840454102 0.00224781036376953 0.0250053405761719 0.0220432281494141
-0.00742769241333008 -0.00680828094482422 -0.053070068359375 -0.00168228149414063
-0.0125350952148437 -0.0162639617919922 -0.0869827270507813 0.022430419921875
-0.0205135345458984 -0.00529670715332032 -0.095062255859375 0.0531158447265625
-0.0138139724731445 0.0106945037841797 -0.0676422119140625 0.101219177246094
0.00337791442871094 0.0213260650634766 -0.00804901123046874 0.104026794433594
0.0103874206542969 0.0249080657958984 0.0143890380859375 0.0778961181640625
0.0197963714599609 0.0282058715820313 0.0330696105957031 0.0584182739257813
0.0090789794921875 0.0407676696777344 0.0394935607910156 0.0464401245117188
-0.00588607788085937 0.0486564636230469 0.0528488159179688 0.0248374938964844
-0.0197296142578125 0.0457763671875 0.0779876708984375 0.0255966186523438
-0.0481681823730469 0.0327606201171875 0.0865936279296875 0.0504226684570313
-0.0573234558105469 0.0262107849121094 0.106727600097656 0.0387115478515625
-0.0804824829101562 0.0186233520507812 0.0955047607421875 0.0384368896484375
-0.0941543579101562 -0.0377883911132813 0.056488037109375 0.0962982177734375
-0.0528678894042969 -0.0324058532714844 0.00422096252441406 0.0174627304077148
-0.0599746704101562 -0.0213623046875 -0.0682334899902344 -0.000331878662109366
-0.053009033203125 -0.0117683410644531 -0.0918731689453125 0.0274429321289063
-0.0543937683105469 0.0116462707519531 -0.0924606323242187 0.0514297485351562
-0.0349693298339844 0.0374069213867188 -0.0617218017578125 0.0904617309570313
-0.00447463989257813 0.0521011352539063 -0.00956726074218751 0.0904388427734375
0.00609970092773438 0.0568428039550781 0.00915145874023438 0.0640182495117188
0.0208320617675781 0.0594139099121094 0.0262298583984375 0.0441856384277344
0.00249862670898437 0.0668411254882813 0.0354995727539063 0.0278739929199219
-0.0208511352539063 0.0761566162109375 0.0523910522460938 0.00932312011718751
-0.04443359375 0.0704269409179688 0.081756591796875 0.01763916015625
-0.0918502807617188 0.037322998046875 0.0829010009765625 0.0531463623046875
-0.0964431762695313 0.0127105712890625 0.0852203369140625 0.0468521118164063
-0.121040344238281 -0.01141357421875 0.0598526000976562 0.033538818359375
-0.118202209472656 -0.0723724365234375 0.02020263671875 0.0753936767578125
-0.0888748168945313 -0.0622940063476562 -0.0243663787841797 0.00368690490722656
-0.109321594238281 -0.0298080444335938 -0.0828781127929688 -0.00486755371093748
-0.0905838012695313 -0.00100708007812499 -0.0953140258789063 0.0275802612304688
-0.0810470581054688 0.0330581665039063 -0.0854644775390625 0.0448379516601563
-0.0487403869628906 0.0619392395019531 -0.0511856079101563 0.0699691772460938
-0.00894927978515626 0.0763931274414063 -0.0107803344726563 0.0645828247070313
0.00119781494140625 0.0803985595703125 0.002105712890625 0.040802001953125
0.0181121826171875 0.0818328857421875 0.0175590515136719 0.0214328765869141
-0.00724792480468751 0.0829010009765625 0.0293617248535156 0.00239753723144532
-0.0354843139648437 0.0899581909179688 0.0510025024414063 -0.00934600830078124
-0.063568115234375 0.0809097290039063 0.0829086303710938 0.00797271728515626
-0.121063232421875 0.033477783203125 0.0770950317382812 0.0533523559570312
-0.122230529785156 -0.0054473876953125 0.0583724975585938 0.0542945861816406
-0.142440795898438 -0.0407562255859375 0.0162277221679687 0.0225429534912109
-0.124900817871094 -0.0925140380859375 -0.0223922729492188 0.046234130859375
-0.111961364746094 -0.0794296264648438 -0.0579566955566406 -0.0114212036132813
-0.1424560546875 -0.030426025390625 -0.0941314697265625 -0.00969696044921877
-0.11358642578125 0.0131759643554688 -0.093109130859375 0.0210037231445312
-0.09393310546875 0.0520782470703125 -0.0736007690429688 0.0296783447265625
-0.052398681640625 0.0790939331054687 -0.0409812927246094 0.0401802062988281
-0.0111846923828125 0.0889434814453125 -0.0140876770019531 0.0310325622558594
-0.00379943847656251 0.0918731689453125 -0.00469684600830078 0.0122528076171875
0.01031494140625 0.0921707153320313 0.00859928131103516 -0.00629138946533203
-0.0203628540039062 0.0863571166992188 0.025787353515625 -0.0257244110107422
-0.05047607421875 0.088836669921875 0.051239013671875 -0.0287895202636719
-0.0783157348632813 0.075347900390625 0.08160400390625 0.000122070312500005
-0.135574340820313 0.0169601440429688 0.067657470703125 0.0518913269042969
-0.130058288574219 -0.0294036865234375 0.0293846130371094 0.0579681396484375
-0.140884399414063 -0.0689849853515625 -0.0283908843994141 0.00459289550781249
-0.109649658203125 -0.0975494384765625 -0.0641021728515625 0.0166015625
-0.111770629882813 -0.082244873046875 -0.0902862548828125 -0.0233612060546875
-0.146316528320313 -0.0266876220703125 -0.0991058349609375 -0.0157546997070312
-0.112472534179688 0.0225372314453125 -0.0864181518554687 0.00939941406249999
-0.0888137817382813 0.0589141845703125 -0.0605583190917969 0.00963973999023438
-0.046051025390625 0.0812149047851563 -0.0336875915527344 0.00632286071777344
-0.0105667114257813 0.0867233276367188 -0.0198974609375 -0.00344657897949218
-0.00776672363281251 0.089385986328125 -0.0107631683349609 -0.0177078247070312
0.00154113769531251 0.0893783569335938 0.0036773681640625 -0.0360832214355469
-0.0316085815429688 0.07818603515625 0.0288276672363281 -0.0527114868164062
-0.0609817504882813 0.0737075805664062 0.0573692321777344 -0.044586181640625
-0.0859603881835938 0.0558929443359375 0.0797576904296875 -0.00632476806640625
-0.132164001464844 -0.00644683837890625 0.0561981201171875 0.0465850830078125
-0.119171142578125 -0.0532379150390625 0.00113677978515624 0.0509605407714844
-0.118080139160156 -0.0897369384765625 -0.06512451171875 -0.0223503112792969
-0.0735855102539063 -0.0878372192382813 -0.09619140625 -0.00782012939453127
-0.0879974365234375 -0.073577880859375 -0.113502502441406 -0.0306549072265625
-0.119094848632813 -0.0225677490234375 -0.0978851318359375 -0.020904541015625
-0.0886077880859375 0.0205764770507813 -0.078216552734375 -0.00449371337890625
-0.068267822265625 0.0488853454589844 -0.0494117736816406 -0.010986328125
-0.03570556640625 0.0652389526367188 -0.0306892395019531 -0.0240936279296875
-0.0105209350585937 0.0690536499023438 -0.0266361236572266 -0.0332908630371094
-0.0101699829101563 0.0723190307617188 -0.0138092041015625 -0.0438995361328125
-0.0062713623046875 0.0733566284179688 0.00393295288085937 -0.06390380859375
-0.0357666015625 0.0599136352539063 0.0384674072265625 -0.0749740600585937
-0.05975341796875 0.0513038635253906 0.0678558349609375 -0.0550918579101562
-0.0785675048828125 0.0324859619140625 0.0786819458007813 -0.0104904174804688
-0.111412048339844 -0.0258255004882812 0.0461845397949219 0.0364418029785156
-0.0939865112304688 -0.0682907104492188 -0.0195827484130859 0.0338420867919922
-0.0797042846679688 -0.0957107543945312 -0.0892562866210937 -0.0533294677734375
-0.0252189636230469 -0.0665016174316406 -0.113677978515625 -0.0235671997070313
-0.0471420288085937 -0.0560073852539063 -0.125007629394531 -0.0314178466796875
-0.0696678161621094 -0.0201950073242188 -0.0929336547851563 -0.0258026123046875
-0.049407958984375 0.0084381103515625 -0.07415771484375 -0.01544189453125
-0.0395584106445312 0.0236740112304687 -0.0436897277832031 -0.0249214172363281
-0.0232429504394531 0.037109375 -0.0325965881347656 -0.0424461364746094
-0.0111541748046875 0.0409278869628906 -0.0329704284667969 -0.0530433654785156
-0.00967025756835937 0.0450592041015625 -0.01568603515625 -0.0626487731933594
-0.00830078125 0.0490493774414063 0.00621795654296876 -0.08514404296875
-0.0269889831542969 0.0380058288574219 0.0497283935546875 -0.0904541015625
-0.0436210632324219 0.0309028625488281 0.0784225463867188 -0.0607757568359375
-0.0567703247070313 0.0172157287597656 0.0784454345703125 -0.0152206420898437
-0.0788726806640625 -0.02923583984375 0.0415306091308594 0.0227203369140625
-0.0597152709960937 -0.0654563903808594 -0.0283641815185547 0.0110073089599609
-0.033172607421875 -0.08306884765625 -0.0970306396484375 -0.0841522216796875
-0.0126380920410156 0.0419197082519531 0.100479125976562 0.09320068359375
0.0256500244140625 0.0327033996582031 0.0382270812988281 0.0133628845214844
0.0387458801269531 0.00842666625976562 -0.0435028076171875 -0.0106391906738281
0.0235424041748047 -0.0145149230957031 -0.0828475952148437 0.0146408081054688
0.0137214660644531 -0.0172204971313477 -0.0930328369140625 0.0535659790039062
0.00896549224853516 -0.0139217376708984 -0.0657958984375 0.103607177734375
0.0106420516967773 -0.0110769271850586 -0.00452423095703125 0.104095458984375
0.0138301849365234 -0.010472297668457 0.017913818359375 0.0792465209960938
0.0164871215820313 -0.00717926025390625 0.0348396301269531 0.0612258911132813
0.0155239105224609 0.00789642333984375 0.0407600402832031 0.0545616149902344
0.0130672454833984 0.0140066146850586 0.0522232055664063 0.0317573547363281
0.0124893188476563 0.0158967971801758 0.0728607177734375 0.027008056640625
0.00506973266601562 0.0284137725830078 0.0905914306640625 0.0452651977539062
-0.00718307495117187 0.0402641296386719 0.119903564453125 0.0332183837890625
-0.026031494140625 0.0462226867675781 0.116981506347656 0.0369949340820313
-0.0570755004882813 0.00252532958984375 0.0845413208007813 0.100250244140625
-0.0130815505981445 0.000869750976562498 0.0255069732666016 0.0203952789306641
-0.00852441787719726 -0.00684261322021484 -0.0533599853515625 -0.00249481201171874
-0.0139036178588867 -0.0155057907104492 -0.0864944458007813 0.0221633911132812
-0.0208530426025391 -0.00425910949707031 -0.0953521728515625 0.0535049438476563
-0.0135574340820313 0.0117673873901367 -0.0666732788085938 0.101203918457031
0.00365447998046875 0.0217857360839844 -0.00714111328124999 0.102806091308594
0.0109367370605469 0.0252151489257813 0.0155715942382812 0.0764083862304688
0.0201244354248047 0.0288333892822266 0.0334053039550781 0.0574226379394531
0.00919342041015625 0.0414314270019531 0.0408515930175781 0.0463218688964844
-0.005615234375 0.0489921569824219 0.0535850524902344 0.0243186950683594
-0.0199089050292969 0.0459938049316406 0.0780792236328125 0.024749755859375
-0.0486526489257813 0.0330162048339844 0.0872116088867188 0.0502243041992188
-0.0564651489257813 0.0257797241210938 0.106735229492188 0.0383377075195313
-0.0787811279296875 0.0179519653320312 0.0960464477539063 0.0386428833007813
-0.0938873291015625 -0.0379638671875 0.0562667846679688 0.0927886962890625
-0.0535507202148437 -0.0331764221191406 0.00457096099853515 0.0155534744262695
-0.0608749389648438 -0.0212173461914063 -0.0673675537109375 -0.00127410888671874
-0.0542449951171875 -0.0113182067871094 -0.0914459228515625 0.0269012451171875
-0.0548362731933594 0.012420654296875 -0.0929336547851562 0.0512542724609375
-0.034881591796875 0.0381355285644531 -0.0605697631835938 0.090423583984375
-0.00391006469726562 0.0527915954589844 -0.0088958740234375 0.0889816284179688
0.00726318359375 0.0570907592773437 0.0100440979003906 0.0624313354492188
0.0217475891113281 0.0596771240234375 0.0277900695800781 0.04290771484375
0.00280380249023438 0.0671234130859375 0.0366706848144531 0.0273208618164063
-0.0201873779296875 0.0768508911132813 0.0530204772949219 0.00928878784179688
-0.0441818237304687 0.0704193115234375 0.0822677612304687 0.0165176391601563
-0.0912704467773438 0.037841796875 0.0844573974609375 0.0526275634765625
-0.096710205078125 0.0120620727539062 0.0859146118164063 0.0456695556640625
-0.120155334472656 -0.0106201171875 0.061309814453125 0.0340461730957031
-0.119010925292969 -0.0718917846679687 0.019989013671875 0.071441650390625
-0.0897598266601563 -0.0612258911132813 -0.0243072509765625 0.00171852111816406
-0.109603881835938 -0.0282135009765625 -0.0814437866210938 -0.00555419921875001
-0.0908889770507813 -1.52587890624948E-05 -0.0937881469726563 0.0262298583984375
-0.0811080932617188 0.034515380859375 -0.0852890014648437 0.0442047119140625
-0.0482177734375 0.06268310546875 -0.050689697265625 0.0694847106933594
-0.00823974609375 0.0769195556640625 -0.010498046875 0.0635490417480469
0.0018310546875 0.080474853515625 0.00319290161132812 0.0390853881835938
0.0190353393554688 0.081024169921875 0.0182914733886719 0.0201549530029297
-0.00677490234375001 0.0830841064453125 0.0303840637207031 0.00271034240722657
-0.0344314575195312 0.0908050537109375 0.0513725280761719 -0.0100936889648437
-0.063385009765625 0.0811386108398438 0.0834503173828125 0.00626373291015625
-0.120475769042969 0.034332275390625 0.0788421630859375 0.0526962280273438
-0.1220703125 -0.00514984130859376 0.0596961975097656 0.0539741516113281
-0.141860961914063 -0.0403289794921875 0.0180377960205078 0.0233612060546875
-0.126014709472656 -0.091552734375 -0.0220489501953125 0.0429573059082031
-0.112541198730469 -0.0780487060546875 -0.0571365356445313 -0.0132789611816406
-0.142608642578125 -0.02801513671875 -0.0925216674804688 -0.010986328125
-0.1131591796875 0.0139236450195312 -0.09149169921875 0.0200119018554688
-0.0927963256835938 0.0531692504882812 -0.0737152099609375 0.029266357421875
-0.0512542724609375 0.0796127319335937 -0.0406074523925781 0.0391845703125
-0.0102386474609375 0.0893096923828125 -0.0142230987548828 0.0306129455566406
-0.00244903564453126 0.0913314819335937 -0.00432586669921875 0.0114355087280274
0.01177978515625 0.0913009643554688 0.00923442840576172 -0.00747680664062499
-0.0197525024414063 0.0864181518554688 0.0261554718017578 -0.0256843566894531
-0.0490036010742188 0.0896453857421875 0.0523872375488281 -0.0290756225585937
-0.0780410766601562 0.0756607055664063 0.0823822021484375 -0.0023651123046875
-0.1346435546875 0.0184249877929687 0.0694198608398437 0.0510749816894531
-0.130134582519531 -0.028106689453125 0.0307769775390625 0.0570068359375
-0.140914916992188 -0.0675811767578125 -0.0263481140136719 0.00524139404296875
-0.111061096191406 -0.095672607421875 -0.0634498596191406 0.0143280029296875
-0.112556457519531 -0.0807113647460938 -0.0888824462890625 -0.02423095703125
-0.145263671875 -0.02398681640625 -0.098052978515625 -0.0163192749023437
-0.111946105957031 0.0226058959960937 -0.0852127075195312 0.00859069824218748
-0.0871353149414063 0.059600830078125 -0.0603981018066406 0.0088653564453125
-0.0451812744140625 0.0813140869140625 -0.0338840484619141 0.00558853149414062
-0.00956726074218749 0.086639404296875 -0.0198574066162109 -0.00348854064941405
-0.00628662109375001 0.0884552001953125 -0.00987815856933594 -0.0181980133056641
0.00262451171875 0.0883026123046875 0.00386428833007812 -0.0369071960449219
-0.0314102172851563 0.0779037475585938 0.0290374755859375 -0.0529022216796875
-0.0604095458984375 0.0743560791015625 0.0578422546386719 -0.045379638671875
-0.0848617553710938 0.0561447143554688 0.080535888671875 -0.0081634521484375
-0.131591796875 -0.0047454833984375 0.0581626892089844 0.0460739135742188
-0.119056701660156 -0.0519943237304688 0.00328063964843749 0.0512924194335938
-0.11834716796875 -0.0878982543945313 -0.06317138671875 -0.0206069946289063
-0.0750808715820313 -0.085479736328125 -0.0960311889648438 -0.00978851318359374
-0.0883407592773437 -0.0712509155273438 -0.112678527832031 -0.0311050415039063
-0.117652893066406 -0.0200729370117187 -0.0964736938476563 -0.0218429565429687
-0.0876312255859375 0.0212173461914063 -0.0771484375 -0.0052947998046875
-0.0664939880371094 0.0492935180664063 -0.0491790771484375 -0.0115203857421875
-0.0345001220703125 0.0655746459960938 -0.0313148498535156 -0.0246772766113281
-0.00955963134765625 0.0690765380859375 -0.0271415710449219 -0.0334396362304687
-0.00896453857421875 0.071685791015625 -0.0141258239746094 -0.0439491271972656
-0.00524902343749999 0.0725250244140625 0.00382614135742187 -0.0637969970703125
-0.0349388122558594 0.0601043701171875 0.0374069213867188 -0.07470703125
-0.0593299865722656 0.051422119140625 0.0678520202636719 -0.0561676025390625
-0.0779190063476563 0.0322494506835937 0.079071044921875 -0.0115127563476562
-0.110244750976563 -0.024566650390625 0.0476799011230469 0.0363349914550781
-0.0930404663085937 -0.0663070678710938 -0.0176734924316406 0.0344696044921875
-0.079742431640625 -0.0937042236328125 -0.0874481201171875 -0.0514373779296875
-0.0266990661621094 -0.0648078918457031 -0.11370849609375 -0.0239105224609375
-0.0470924377441406 -0.0539398193359375 -0.123931884765625 -0.0319442749023437
-0.0687637329101563 -0.0181541442871094 -0.0921478271484375 -0.0260391235351562
-0.048065185546875 0.00893402099609375 -0.0732040405273437 -0.0162200927734375
-0.0385093688964844 0.0240707397460938 -0.0439682006835938 -0.0251693725585937
-0.0220298767089844 0.0364532470703125 -0.0332832336425781 -0.04315185546875
-0.0102691650390625 0.0403785705566406 -0.0339736938476562 -0.0523719787597656
-0.00870513916015625 0.0441322326660156 -0.0153770446777344 -0.0621871948242188
-0.0076141357421875 0.0476913452148437 0.00578308105468749 -0.084442138671875
-0.026824951171875 0.0380439758300781 0.048553466796875 -0.0899658203125
-0.0429878234863281 0.0313453674316406 0.0791854858398438 -0.061492919921875
-0.0559768676757813 0.0165939331054688 0.078704833984375 -0.0156402587890625
-0.0777359008789063 -0.02777099609375 0.0431594848632812 0.0231590270996094
-0.0590858459472656 -0.0627593994140625 -0.0271492004394531 0.0120067596435547
-0.0340728759765625 -0.081390380859375 -0.0953292846679688 -0.0819549560546875
-0.0119552612304687 0.0409355163574219 0.101570129394531 0.0907745361328125
0.0257492065429688 0.0309772491455078 0.0385284423828125 0.0112953186035156
0.0378570556640625 0.00749588012695312 -0.0447349548339844 -0.0109329223632812
0.0224437713623047 -0.0145626068115234 -0.0843887329101563 0.0163345336914062
0.0124597549438477 -0.016972541809082 -0.0937118530273438 0.0562362670898437
0.00890827178955078 -0.0136737823486328 -0.064422607421875 0.107032775878906
0.010716438293457 -0.0104379653930664 -0.002593994140625 0.104515075683594
0.0137310028076172 -0.00964832305908203 0.0200424194335937 0.0791244506835938
0.0163259506225586 -0.00671768188476563 0.0366439819335938 0.0614547729492187
0.0157718658447266 0.00867176055908203 0.0436019897460938 0.055145263671875
0.0130672454833984 0.0140151977539062 0.0535964965820313 0.0313911437988281
0.0119342803955078 0.0160713195800781 0.074554443359375 0.0263519287109375
0.00489425659179688 0.0279045104980469 0.092620849609375 0.04437255859375
-0.00672149658203125 0.0394515991210938 0.121238708496094 0.0315399169921875
-0.0245628356933594 0.0458106994628906 0.119186401367188 0.0366668701171875
-0.057464599609375 0.00258255004882812 0.0858917236328125 0.0978012084960938
-0.0139636993408203 -4.19616699218765E-05 0.0258846282958984 0.0186939239501953
-0.00998020172119141 -0.00752925872802734 -0.0539283752441406 -0.00229644775390624
-0.0160636901855469 -0.0144853591918945 -0.0873565673828125 0.0233383178710938
-0.0226554870605469 -0.00310134887695312 -0.0955810546875 0.0567398071289063
-0.0141468048095703 0.0128183364868164 -0.0650482177734375 0.10394287109375
0.00435447692871094 0.0230331420898438 -0.00518798828125 0.103424072265625
0.0115509033203125 0.0258445739746094 0.0168685913085937 0.075836181640625
0.0208511352539063 0.0291900634765625 0.0358619689941406 0.0566177368164063
0.00989913940429688 0.0419807434082031 0.0432205200195313 0.04559326171875
-0.00481033325195312 0.0502662658691406 0.0551910400390625 0.023773193359375
-0.0206642150878906 0.0473518371582031 0.0798492431640625 0.0232696533203125
-0.0488739013671875 0.0338821411132813 0.0903396606445313 0.049835205078125
-0.0573463439941406 0.0260505676269531 0.10894775390625 0.0368194580078125
-0.0787811279296875 0.01849365234375 0.0991287231445313 0.0384521484375
-0.0962677001953125 -0.0374374389648437 0.0579833984375 0.0900115966796875
-0.0556144714355469 -0.0330085754394531 0.00425624847412109 0.0139780044555664
-0.0629463195800781 -0.0202713012695312 -0.0674285888671875 -0.00107955932617186
-0.0561676025390625 -0.0100593566894531 -0.0916900634765625 0.0273666381835938
-0.056060791015625 0.0146293640136719 -0.0932388305664063 0.0537338256835937
-0.03448486328125 0.040130615234375 -0.0597457885742187 0.0924911499023438
-0.002532958984375 0.0541610717773437 -0.00687408447265624 0.0894546508789062
0.00870132446289063 0.0578536987304687 0.0112266540527344 0.0614891052246094
0.023529052734375 0.0598335266113281 0.0295639038085938 0.0414009094238281
0.00390243530273438 0.06878662109375 0.0387153625488281 0.0269317626953125
-0.0186691284179688 0.0783538818359375 0.0548362731933594 0.00780868530273438
-0.0440750122070313 0.0725173950195312 0.0842819213867188 0.0146942138671875
-0.0921859741210938 0.0402603149414063 0.0876388549804688 0.0515975952148438
-0.0981674194335938 0.0132598876953125 0.0882415771484375 0.0443801879882812
-0.121810913085937 -0.00975799560546874 0.0632400512695313 0.0343513488769531
-0.122459411621094 -0.070831298828125 0.0211334228515625 0.0693168640136719
-0.0924835205078125 -0.0609512329101562 -0.0236892700195313 0.00015068054199218
-0.112281799316406 -0.026031494140625 -0.081298828125 -0.00514984130859374
-0.092864990234375 0.00131988525390623 -0.0940628051757812 0.0271759033203125
-0.0819854736328125 0.0369949340820313 -0.0849685668945313 0.0461349487304687
-0.0475616455078125 0.0656166076660156 -0.0501174926757812 0.0705032348632813
-0.00644683837890626 0.0788116455078125 -0.00934982299804688 0.0632858276367188
0.00455474853515625 0.0816192626953125 0.00400543212890625 0.0383491516113281
0.0214462280273437 0.0814132690429688 0.0193653106689453 0.0192584991455078
-0.00523376464843749 0.0850448608398438 0.03179931640625 0.00137138366699219
-0.0328521728515625 0.0932464599609375 0.0528450012207031 -0.0113868713378906
-0.0629959106445313 0.0838699340820313 0.0855789184570312 0.0037689208984375
-0.121681213378906 0.0376510620117188 0.08221435546875 0.05181884765625
-0.123878479003906 -0.00363159179687502 0.0620994567871094 0.0522956848144531
-0.144378662109375 -0.038665771484375 0.0200042724609375 0.0243148803710937
-0.130096435546875 -0.089508056640625 -0.0223045349121094 0.0413589477539062
-0.115966796875 -0.0756607055664063 -0.0578765869140625 -0.0145263671875
-0.144302368164063 -0.024383544921875 -0.092803955078125 -0.0112075805664063
-0.114547729492188 0.0161895751953125 -0.0918502807617188 0.02069091796875
-0.0926589965820313 0.0562896728515625 -0.073577880859375 0.0303802490234375
-0.0504226684570312 0.08197021484375 -0.0407867431640625 0.0391387939453125
-0.0076751708984375 0.0910186767578125 -0.0136852264404297 0.0302257537841797
7.62939453125002E-05 0.0927505493164063 -0.00325870513916016 0.0103282928466797
0.01416015625 0.0920867919921875 0.00954437255859375 -0.00842857360839843
-0.0180816650390625 0.0887908935546875 0.02703857421875 -0.0265064239501953
-0.04766845703125 0.0923233032226563 0.0530281066894531 -0.03131103515625
-0.0775985717773437 0.0779266357421875 0.0841064453125 -0.00493621826171874
-0.135757446289063 0.0220413208007812 0.0732192993164063 0.0507431030273438
-0.132438659667969 -0.026519775390625 0.0332679748535156 0.0564537048339844
-0.1441650390625 -0.0650634765625 -0.0246524810791016 0.00665664672851562
-0.115196228027344 -0.0936203002929688 -0.0644798278808594 0.0134086608886719
-0.115386962890625 -0.0779800415039062 -0.0908050537109375 -0.0252609252929687
-0.146896362304688 -0.019989013671875 -0.09832763671875 -0.0159072875976563
-0.112434387207031 0.0249252319335938 -0.08502197265625 0.00880432128906252
-0.0865325927734375 0.0622024536132813 -0.0608367919921875 0.00975799560546875
-0.0437850952148438 0.083282470703125 -0.0347881317138672 0.00457191467285156
-0.00733184814453125 0.0881881713867188 -0.0211219787597656 -0.00376319885253906
-0.00380706787109375 0.0894546508789063 -0.0103759765625 -0.0192413330078125
0.00525665283203125 0.0886306762695312 0.00396347045898438 -0.037841796875
-0.0302200317382813 0.0801849365234375 0.0279464721679688 -0.0544319152832031
-0.0587921142578125 0.0765457153320313 0.0581626892089844 -0.0479316711425781
-0.085174560546875 0.0580520629882812 0.0815582275390625 -0.010589599609375
-0.132957458496094 -0.00154113769531249 0.06146240234375 0.0458526611328125
-0.121574401855469 -0.0499267578125 0.00538635253906249 0.0511856079101563
-0.121345520019531 -0.08563232421875 -0.0627899169921875 -0.0186195373535156
-0.0787429809570312 -0.0838699340820313 -0.097412109375 -0.0104827880859375
-0.0906524658203125 -0.0684814453125 -0.1142578125 -0.03106689453125
-0.117889404296875 -0.016815185546875 -0.0973892211914063 -0.0211944580078125
-0.0879592895507813 0.0227584838867187 -0.0780181884765625 -0.00495910644531251
-0.0653648376464844 0.051025390625 -0.0504226684570313 -0.0118293762207031
-0.0327606201171875 0.0665435791015625 -0.0331172943115234 -0.0249137878417969
-0.00829315185546876 0.0703125 -0.0287666320800781 -0.032989501953125
-0.007080078125 0.0720291137695313 -0.0145988464355469 -0.0442848205566406
-0.00402069091796875 0.0730667114257813 0.0028228759765625 -0.0647659301757812
-0.0345993041992188 0.0617904663085938 0.037017822265625 -0.0761871337890625
-0.0587539672851562 0.0535812377929688 0.0682182312011719 -0.0591468811035156
-0.0783767700195313 0.03375244140625 0.080108642578125 -0.0137710571289062
-0.111412048339844 -0.0213623046875 0.0504226684570312 0.0368080139160156
-0.0952377319335937 -0.064727783203125 -0.0157432556152344 0.0349044799804687
-0.0833511352539063 -0.091400146484375 -0.08746337890625 -0.0497589111328125
-0.0287399291992188 -0.0638236999511719 -0.115829467773438 -0.0238037109375
-0.0484123229980469 -0.0519638061523437 -0.125732421875 -0.0309295654296875
-0.0683937072753906 -0.0158805847167969 -0.0937042236328125 -0.02557373046875
-0.0481681823730469 0.00938034057617187 -0.0743408203125 -0.0161361694335938
-0.0374107360839844 0.0247955322265625 -0.0455169677734375 -0.0258750915527344
-0.0211715698242188 0.0369644165039063 -0.0354347229003906 -0.0433158874511719
-0.00951766967773437 0.0403671264648438 -0.0359268188476563 -0.0521278381347656
-0.00748062133789063 0.0441551208496094 -0.0172080993652344 -0.0626220703125
-0.00696563720703125 0.047576904296875 0.00434112548828125 -0.0849990844726563
-0.0265274047851563 0.0387115478515625 0.0472793579101562 -0.0921707153320313
-0.0427627563476562 0.0318145751953125 0.0789871215820313 -0.0642623901367188
-0.056060791015625 0.0171775817871094 0.0797042846679688 -0.0178909301757813
-0.0777664184570313 -0.0259780883789063 0.044708251953125 0.0234146118164062
-0.0606575012207031 -0.0608978271484375 -0.0247821807861328 0.01348876953125
-0.0359725952148438 -0.080230712890625 -0.0968170166015625 -0.0796432495117188
0.0252479609832275 -0.0193518875743848 -0.0229009808998295 0.131968272175598
0.00384449107688402 -0.0395165840508812 0.00154975026182437 0.0413040843124102
-0.01117943749973 -0.0351107788875328 -0.0197354082960064 -0.0412832302577553
-0.0195163071400189 -0.0113275781862212 -0.0563108220943833 -0.0615516109551186
-0.0120068447311018 -0.00372625779177046 -0.103696768079709 -0.0523418610404814
-0.00710825175602708 -0.00801349110304253 -0.123425198492161 -0.00675570288261993
-0.0140275013748282 -0.0105238918110695 -0.0995778396478797 0.0362487412242211
-0.0173344307072864 -0.00893000977950063 -0.06520019227673 0.057670042410825
-0.0157949441605454 -0.015634888119412 -0.0424063125793497 0.0620392589404218
-0.00665712017108303 -0.0204011513027903 -0.0281394378649922 0.0642061911427142
-0.000189928497062303 -0.0211018521710843 -0.00622791170747704 0.0653743620481156
0.00312403368843913 -0.0212470747023603 0.00926859298922843 0.0813764654271281
0.009963079374015 -0.0273096925699316 0.0117959420502557 0.099766248164966
0.0266063560547474 -0.0198619556715095 0.0311112912904658 0.116148333709693
0.039557807961813 -0.00439203454499915 0.0440475838697717 0.108962324336378
0.0204066422633391 0.0369440675343133 -0.0286476432141893 0.119093933218339
0.00607491734383688 0.0118542238186977 -0.00128600116065386 0.0304245709026084
0.00578856010464725 0.0126368679153911 -0.0228742662241585 -0.0545211483682689
0.00723906445383311 0.0213290162862903 -0.0581718317619275 -0.070722312671153
0.0243326185566431 0.011215770216139 -0.105633820536694 -0.060386846891696
0.0275722036728724 -0.00728894620483085 -0.12327440515305 -0.0143439593070976
0.0188762415894465 -0.0225317138249972 -0.101619824253426 0.028659191443574
0.00958016135433375 -0.0302308776750986 -0.0668670213639847 0.0519330753661272
0.0117483507045611 -0.0399863653997735 -0.0415989578735865 0.0563855766842619
0.0236325381592139 -0.0375435761220079 -0.0229459561768945 0.0557717061275394
0.0381507486472681 -0.0326738406005011 0.000909556136705154 0.0574726495976174
0.0497024798386847 -0.0127894456758641 0.0160649279984559 0.0771556425756508
0.0529288985114118 0.0033046605339829 0.0105452898737058 0.0965291008828012
0.0472452181855653 0.0257519705035379 0.0268189715386372 0.106536698691671
0.0468365157451296 0.0508723943697667 0.0366880033749149 0.0972002329404231
0.0124201504538128 0.089449880303481 -0.0290375994676133 0.0890861704049882
0.00763764340374713 0.0664217067043485 0.00400290415838831 0.00574057409071063
0.0271667956141772 0.0629694876497158 -0.0225937465185295 -0.0765017268410127
0.039568863716487 0.0528854614440043 -0.0602726025732115 -0.0830122592732334
0.0615107651421663 0.02311320060236 -0.102916448372633 -0.0652116527109343
0.0608005762927039 -0.00760831871374289 -0.112313638831638 -0.019847163168487
0.0505929769960084 -0.0321621617039723 -0.0913681236442091 0.0171233824290399
0.0355583577630705 -0.0477074123044479 -0.0585170407130537 0.0375615437227666
0.036696354156752 -0.0588974328335462 -0.032452897591317 0.0416928546617614
0.0491138711731871 -0.0490391452619378 -0.0105057421088979 0.0388283951936134
0.0678152011196852 -0.04073856217074 0.0146461575013867 0.0452864229908391
0.0851666230051098 -0.00769702274627509 0.0271928763092253 0.0715454575460955
0.0882671872440366 0.0270491237713425 0.0101072497724698 0.092133663407609
0.063308092880198 0.0633441276270639 0.0148671369231574 0.0923140491606498
0.0483015104167641 0.0973361061213721 0.0241347013055329 0.0709264499284939
0.00503366768222803 0.129164487381783 -0.0252431739461921 0.0451192272259412
0.0119935754177035 0.114523499546421 0.0117148414593692 -0.0298539782142727
0.0528387686902954 0.107568464313724 -0.0185072524972852 -0.102488484493503
0.0757541631828437 0.0760299295484884 -0.0590561059221478 -0.0962673185256116
0.0957549040759409 0.0261153777151458 -0.0941131905467265 -0.0665284243122061
0.0869230153410622 -0.0112397738785152 -0.090916764433351 -0.0249974639446377
0.0742958815415196 -0.0407250936509981 -0.0697803777019229 0.00251230174262453
0.0552680345233711 -0.0583840196245004 -0.041199929490591 0.0186860554378379
0.0562854177044824 -0.068124242466306 -0.0172642600246918 0.0205611583661052
0.0684920247444881 -0.050681948420637 0.00747203920615775 0.0179814510489462
0.0883248364238677 -0.0393296313927246 0.032290466533265 0.0306700303038104
0.106301071042438 0.00199124771111469 0.0385295279784192 0.0633937538695703
0.108187704097548 0.0480206635156745 0.00936214829827464 0.0859983312328896
0.0677131412036342 0.0926743074799126 -0.00148276367033471 0.074515432823358
0.0404502228984762 0.129484175209386 0.00883245215636978 0.0346732481899496
-0.00134613306680472 0.14761150461516 -0.0228116794757874 -0.00677101459043933
0.0190687313901417 0.142773643201209 0.0134399365046355 -0.070321384376749
0.0746613769857003 0.132940372304982 -0.0163391883158271 -0.123659392299044
0.10282610785476 0.0845716761578173 -0.0529089868907126 -0.104617690538353
0.116515986337127 0.0216481911122153 -0.0749653219828312 -0.0672763430753961
0.0995920891729879 -0.0166712803248492 -0.0613777846843317 -0.0322393894571756
0.086038777442845 -0.0437343159163035 -0.0417095682245254 -0.0153144630970497
0.0665161822908431 -0.0604151197231368 -0.0186097349649751 -0.00301742718736773
0.0695709882119424 -0.0656498648920292 0.00396007796946648 -0.00156313528101376
0.0804212668106169 -0.0415579260831217 0.0301157992508944 -0.00141640304840483
0.0970238782317443 -0.0269964713115166 0.0520874132786834 0.0198640492255988
0.110505253495998 0.0189921392121159 0.048958015387014 0.0566667331070095
0.108243636103278 0.0689620808451459 0.00762716945955992 0.0778280819082567
0.05756512432861 0.111812336984349 -0.0169419495208828 0.0543013285245249
0.0221360027387512 0.142567342231083 -0.00470482194716803 -0.00662462618809272
-0.00656478098057973 0.139822512310177 -0.0237776834683786 -0.0558693046452203
0.0207476014388941 0.143569453918059 0.00811595139602751 -0.106017148406241
0.0804600304706804 0.131591686423315 -0.0152725537882716 -0.13255145835
0.108398792344716 0.0772458859798247 -0.0418574922085587 -0.10543526832523
0.114531767038656 0.0141613585702636 -0.0492157596682217 -0.0662241716358535
0.0950404406517385 -0.0191593521131914 -0.0283206595766549 -0.0418122585015421
0.0835768384987255 -0.040499775179472 -0.0113907078859205 -0.0337918127186784
0.0666831254312411 -0.053472604310742 0.00639474392353941 -0.0235431860930389
0.0721424685008254 -0.0535971729219378 0.0298570086363536 -0.019783904881022
0.0822605699673351 -0.0244669979544872 0.0561376907128742 -0.0132948444224151
0.093417230942277 -0.00649639961538192 0.0729744552645476 0.0164140150700671
0.0977725046993845 0.0380241244572396 0.0558943278271954 0.0539469427662737
0.0908386224511258 0.084253184994752 0.00680312371330837 0.067113250155918
0.0351293800256255 0.118267534747264 -0.0260503727802735 0.0303640969422813
-0.0022861368972566 0.136625410328616 -0.0100790466880875 -0.0489074628519395
-0.0134742693708347 0.107077700786117 -0.0273119762400193 -0.0932216881284129
0.0154550527521358 0.117066400384142 -0.00364521832375732 -0.12823473881064
0.0660120598589887 0.105990792149267 -0.0143004309370003 -0.128154868138804
0.0884020151493247 0.0584081890498145 -0.0284420632796853 -0.098392482708453
0.0895937152360324 0.00972373756806506 -0.0226191652098545 -0.0648946433154024
0.0738181918144781 -0.0137848459336741 0.000730491526238381 -0.0508933034798391
0.0683183415247813 -0.028371193580361 0.0150322748167222 -0.0493560226006782
0.057257556505703 -0.0379183802108787 0.0303128387310334 -0.0394368461933733
0.0625620323893735 -0.0346087079824278 0.0558096641935199 -0.0308872444411743
0.0698418928172457 -0.00752220640091799 0.0807537630013961 -0.0150146375223428
0.0752065121625746 0.00928759244278806 0.0898560123088551 0.02352998308117
0.0724820487688894 0.0472337554224318 0.0597881119683146 0.054813276491591
0.0625663094092273 0.0848350390407493 0.00789667708342402 0.0560839578022434
0.00966097470199796 0.107210903529332 -0.0248411538397996 0.0069709940614785
-0.0243873283032745 0.111003972047039 -0.00508509977823234 -0.084851062874246
-0.0211928139025189 0.0571771651886915 -0.0334070594334241 -0.112351384279456
0.0030110467745696 0.0714564997571714 -0.0182520372982085 -0.134398633448438
0.0369266898877279 0.0648824904758268 -0.0138542682155665 -0.116161886836291
0.0484279941151104 0.0343993552601964 -0.0188918627131455 -0.0891544009839812
0.0492558798710805 0.0100429648389848 -0.00407054214888163 -0.0627088022830401
0.0439459025590681 -0.00209844386447016 0.0196322712223973 -0.0575631629242847
0.0429823498233492 -0.00999017563559534 0.0332248840117959 -0.0591141319957164
0.0383394489704981 -0.0178629064226498 0.0484695806628129 -0.0485413299448543
0.0419157005229369 -0.0156381044872534 0.0774665725211143 -0.0358048293217268
0.0459936913468874 0.00200635551657185 0.0999461163485952 -0.00978545963693542
0.0480132524688171 0.0124310175405478 0.100903258610973 0.0343806283141462
0.0443295918301249 0.0386951819659542 0.0615920968032927 0.0571925637436645
0.0352432220349185 0.0668624202545554 0.0134931649301118 0.0473490756459693
-0.00802242874484917 0.0796482061702729 -0.0145391774477064 -0.0105957605070212
-0.037818698551735 0.0705126353361726 0.00754271419918771 -0.111383055802474
0.0237089261137022 -0.019364447510217 -0.015304170777392 0.130300133841318
0.00226411535579834 -0.0374211915180799 0.00543785255505633 0.0398571218048664
-0.0122820585712137 -0.0334569842088177 -0.0210905991538835 -0.0407853891970238
-0.0188191005285695 -0.0102240328436794 -0.0593417299563114 -0.0597737875964141
-0.0108466622253178 -0.00287400635911877 -0.106794672237354 -0.0470824092952528
-0.00716809318798914 -0.00809490315338979 -0.123555925687923 0.000803270493890461
-0.0143970453624071 -0.00983696016696811 -0.0968239961631444 0.041277454141415
-0.0171319254326298 -0.00806485026436784 -0.0618297128955649 0.0600389189564499
-0.0163969888471125 -0.0147250128750417 -0.0388360554174484 0.0645326759082852
-0.00745998246041689 -0.0206169768268994 -0.024401327027144 0.0660687084925805
-0.000572825062205947 -0.0209563334544707 -0.00199618333875702 0.0655545009901986
0.00267624069017057 -0.0209940331588199 0.0133441213005166 0.0809009081765717
0.0088669865876054 -0.0272291643509883 0.0167205178604736 0.0989368667744348
0.025157811196561 -0.0202642247233431 0.0360422392881141 0.113455214118854
0.0378662366614939 -0.00611936342076192 0.0488906495798542 0.107257445043726
0.0217006670443698 0.0367652511457773 -0.0207089932354394 0.118106496938766
0.00656502400050285 0.0130130258782421 0.00208672535642925 0.0293151564908226
0.0070435477131412 0.0134649045590068 -0.0250626956366659 -0.0530162766929303
0.00990167216892683 0.0217630028855632 -0.0616884584830977 -0.0682330154156192
0.0256793336235338 0.0101469563975737 -0.108715425823072 -0.0542814184672016
0.0280572259289483 -0.00918134156888927 -0.12345407253272 -0.00736064598797094
0.018110553602059 -0.0237548053116751 -0.0988549785062773 0.0334053474870587
0.00815124629595902 -0.0311679044763191 -0.0626448962916359 0.0539482188405572
0.00934447255544363 -0.0409225895484583 -0.0371293551497351 0.0583983633307294
0.0217700616956189 -0.0389642856595511 -0.0191207190985593 0.0571813339386045
0.0362813958097071 -0.0342974757997991 0.00429317755708787 0.0576831517991724
0.0492234387391757 -0.0157401835651984 0.0200383220149817 0.0765787158610224
0.0528923753968859 0.000781584633768184 0.0153781691152984 0.095881413644711
0.0477274332372766 0.024073099971772 0.0321535524096057 0.104551557496325
0.0481642133804341 0.0486711601397523 0.0413325605829691 0.0962421985151621
0.0167893684946965 0.0894790207669636 -0.0228823462847558 0.0883856108598925
0.0111493341793658 0.0668658469859355 0.00582709944940037 0.00433317806829615
0.0313912422459965 0.0624062703315136 -0.025297074705812 -0.075322714105894
0.0436561992385686 0.0516854590116022 -0.06293561053747 -0.0805713603572537
0.063354173777537 0.019865140640231 -0.106113123484993 -0.0594218487783978
0.0609347023990003 -0.0109916912815049 -0.112851476757039 -0.0136429107180558
0.0490323501544386 -0.0355894518414555 -0.0887485189528706 0.0217332056197676
0.0326083313747439 -0.0500400765390647 -0.0549809055860463 0.039693178134555
0.0326539738850272 -0.0607152285888409 -0.0291356132150014 0.0430436069624763
0.0467092282804333 -0.0514492190045162 -0.00749656612246859 0.0392220075118567
0.0656145119699282 -0.0444216897000911 0.0173072862370464 0.044485926726322
0.0852660172877602 -0.0120699505313787 0.0313746702440861 0.0693122503904147
0.0892410065506501 0.0222984496613957 0.0155683026580604 0.0922538980212391
0.0660318321721842 0.0607085707889844 0.02045824816089 0.0912548724458724
0.052399550494795 0.0944737469946304 0.0273598021601689 0.0711032666559446
0.0123187947571871 0.129127332607389 -0.0211842466852595 0.0439538434690059
0.0183446467043822 0.113389710553629 0.0117472402773462 -0.0314355538158175
0.0589449464903363 0.104203734778547 -0.0220082854499525 -0.101534309672517
0.0804077562944338 0.0722244977144171 -0.062132117556341 -0.0931018939460239
0.09715128242067 0.0205975703941619 -0.0968848576430292 -0.0615478358585344
0.0865555271496549 -0.0169011858872661 -0.0915691200297744 -0.0201908496127975
0.0719170468918644 -0.0449757834973127 -0.0686707270829069 0.00577181442001783
0.051379905347696 -0.0616376820503597 -0.0393124117777413 0.0199043280231928
0.052361069264791 -0.0709999679032286 -0.0149559635828775 0.0211381687833565
0.0658975076226479 -0.0544021977396919 0.00903432969858823 0.0178066509416885
0.0857800395112128 -0.0444188077892266 0.0344286427784994 0.0290805767388365
0.106855706330489 -0.00377575627667162 0.0424473671757494 0.0613183276982907
0.110526418402315 0.0417699586653813 0.0148379885728629 0.0859041169614065
0.0721296329745015 0.0889914573893321 0.00377510205349114 0.0749033782126156
0.0470877222364006 0.126586916634717 0.0108048013661039 0.0352437317372463
0.0080408161635753 0.147409437355956 -0.0215983864332665 -0.00754835225582589
0.0269842029184217 0.141320497710668 0.0115858427193894 -0.0719025769456069
0.0815123712431297 0.127824218509752 -0.0208368642456709 -0.121653593718751
0.107190627444767 0.079186020374992 -0.0563373720813002 -0.101723934193606
0.116904521340529 0.0150708484064088 -0.0779080237980234 -0.0629783577180753
0.0982961102439449 -0.0221298459186002 -0.0624064018075824 -0.0295856830400759
0.0832322071301539 -0.0491191810405671 -0.0416821323920011 -0.0129296728179077
0.0623891814264411 -0.064068865035069 -0.017814923839643 -0.00289412548778013
0.0651057295854255 -0.0693114827551858 0.00513905886762183 -0.00136198109086536
0.0784627967140726 -0.0453968060712314 0.0303404375578925 -0.00278975622789519
0.0955501990228044 -0.032173299820906 0.0538778277841349 0.0170031332554715
0.111944302845479 0.0127733414319811 0.0525186142178278 0.0536631121894984
0.111623994823784 0.0624863484021758 0.0134628637043289 0.0778049262170088
0.0631505624083139 0.108520156834608 -0.0127165677983917 0.0551212570910846
0.0301345541069447 0.141206976779315 -0.00437429567817671 -0.00498132634667229
0.00241852675026399 0.139882201649896 -0.0252196005035829 -0.0565391778713911
0.0290473000282552 0.141109253410622 0.0036251895567439 -0.106727540316006
0.086904821368034 0.125687920256837 -0.0202507189202386 -0.130915344268849
0.112088853030819 0.0716954895630559 -0.0451197246282831 -0.102935114861234
0.11425763762719 0.00762137774252361 -0.0521639907056794 -0.0635630468619946
0.0931207496063916 -0.0245291944246883 -0.0306013663410366 -0.0409120822255016
0.0802701358446404 -0.045233874596827 -0.0134054826761769 -0.032993916881341
0.0632535392825793 -0.0570285678500725 0.00566091566246412 -0.0242645759845024
0.0678740052316835 -0.0572291369993259 0.028963132327174 -0.0212206571665868
0.0807174973883488 -0.0291586199460162 0.0557466972435222 -0.0166777859651114
0.092115611870998 -0.0122054194821874 0.0739170215450209 0.0124937222758879
0.100036583312074 0.0328354171265901 0.0593777395214655 0.0503236422610471
0.0945958388917851 0.0784433348686843 0.0119786613940217 0.0676346623032362
0.041589396380837 0.115516943361227 -0.0232860505560721 0.0322416964844013
0.00566649285748671 0.135501085099441 -0.011922654609536 -0.0464785567244629
-0.00623922777165353 0.107175531501212 -0.0310833685604199 -0.0936406646488417
0.0219565354304383 0.114107672945979 -0.00958483947788757 -0.128300194411028
0.0713623352452443 0.10060151106114 -0.0195791218852286 -0.127065774738847
0.0899221131081856 0.0533604102441934 -0.0319895518910396 -0.0966252382737745
0.0889503210173774 0.004150452742485 -0.0256158870805113 -0.0634589025127445
0.07271819308388 -0.0174557446975766 -0.00147513896376738 -0.0522757772067298
0.0659771696914569 -0.0327087983772125 0.012070460661045 -0.049874459589194
0.0542604336926771 -0.0405475567681064 0.0282901513980824 -0.0405789543082289
0.0602468454935594 -0.037929010130906 0.0544160679578954 -0.0338965642164809
0.0696850241888845 -0.0116319276749111 0.0798030374066133 -0.0195130252154189
0.0748866569042599 0.00483204924428872 0.0909069621442841 0.0181407109951975
0.0750347961015446 0.0434448048410815 0.0633485813353655 0.0511013092384516
0.0665690857614228 0.0808585224314385 0.0123114129487858 0.0567233390245228
0.0154378122451642 0.105428677086235 -0.0236890988198997 0.00924124194822554
-0.0172837859208768 0.111243198037285 -0.00922744409520985 -0.0827547410394811
-0.0167572941414977 0.0580593406356483 -0.0383411916476311 -0.111252764329175
0.00693592208538137 0.069850391184785 -0.0242533027078497 -0.133047384125589
0.0401907753272186 0.0612083965063033 -0.0191622900943005 -0.115219622828126
0.0489368545552007 0.0316213266002368 -0.022466296215698 -0.0875309096767173
0.0491467003486601 0.0070732054649344 -0.00697802771017267 -0.06253030252695
0.0428949116726317 -0.00494622307979886 0.0161178980752519 -0.0593381825745457
0.0416975040571271 -0.0124998206404543 0.0289377564108493 -0.0606327953762249
0.0366510180374748 -0.0197129800130113 0.0452020187162998 -0.0511497222166716
0.0404080930196099 -0.0175874655959648 0.0751544384468387 -0.0392841762576483
0.0464890583732195 -0.000418643596139789 0.0983444106960799 -0.0156612568442911
0.0482559861503236 0.010180244103045 0.10264888636112 0.0285323153120017
0.0457305962173252 0.0364736806950182 0.0647665226495635 0.0537037868300712
0.0377819362861453 0.0634214685039463 0.0161292162998074 0.0476180018619422
-0.00310666037998029 0.07879131875721 -0.0149503419518808 -0.00892292717778588
-0.0322686857763456 0.0716369106518017 0.00180880331792035 -0.109825158407444
0.0212949859843794 -0.0194340933702958 -0.00764604567115428 0.125754309054831
0.000234100026073564 -0.0349300402619037 0.00775171184876984 0.0372894239504407
-0.0131071136766796 -0.0304790285861389 -0.022166952895643 -0.0395660299351881
-0.0174328772379222 -0.009042081925398 -0.0603960988281619 -0.0560248307240994
-0.00947327286224982 -0.00242773067140255 -0.106743658492054 -0.0401827496929197
-0.00705492294445184 -0.00807489528660926 -0.120183660522742 0.00691706832847835
-0.0141585735730878 -0.00914330651573175 -0.0918391872020083 0.0440958601672248
-0.0166985516997784 -0.00708231034497497 -0.0569526427519983 0.0608847467615362
-0.0163957540238146 -0.0135280856917602 -0.0343654887402223 0.0643867218445322
-0.00845541593882332 -0.0196049461828214 -0.0198584049172033 0.066037408583462
-0.00176182155849829 -0.0206668400950143 0.000525588378750484 0.0639757890068176
0.00264422173752395 -0.0203847069320516 0.0167659568983259 0.0784976115951188
0.0073663791811318 -0.0259370498383918 0.0201386593756077 0.0955866085494214
0.0229624038768415 -0.0197422097397656 0.039995964903822 0.10873296050435
0.0359745155318535 -0.00691287067479995 0.0523618591397967 0.103470829142747
0.0223624731960613 0.0358488472903913 -0.0134756545395161 0.113629870644339
0.0067454685012588 0.0139579088988604 0.00482775492235009 0.0271146424746941
0.00851948855264772 0.0136767238046617 -0.0259722041106224 -0.0513477954050535
0.0118321954828192 0.0211899322355215 -0.0616696798207619 -0.0649269553642257
0.0268909624669131 0.00847000790272433 -0.108314561299561 -0.0477687980671444
0.027301092374162 -0.0104907265589886 -0.119918147785104 -0.000803931540851384
0.0170109840992249 -0.024731782716119 -0.0941352940316756 0.0365276863700911
0.00631720787305406 -0.03048390651428 -0.0577431588745478 0.0547159187555164
0.00755317198967204 -0.0401125852154905 -0.0326595924046713 0.0588776382288887
0.0195131293488154 -0.0391159260171615 -0.015491953864923 0.0573142039444047
0.0340832097267699 -0.0357192871878545 0.00692828708842611 0.0563182717397829
0.0477309998107015 -0.0168566632416994 0.0235992316246067 0.0736702074224874
0.0521287943625666 -0.00135429624579488 0.0202708295584807 0.0932281354827141
0.047523726161866 0.0220220803706298 0.0356103902571773 0.099811378847457
0.0487712850925759 0.0452707715536053 0.0444035661617645 0.092852701461301
0.0208535360375421 0.0871053994630362 -0.0166972261848218 0.0842340378097144
0.0138901145364339 0.0654403452973127 0.00739346092629122 0.00248069845090105
0.0336391859490682 0.0595376105346476 -0.0261311743814002 -0.0723587390170802
0.0456819795367013 0.0486815247282867 -0.0639503929848215 -0.0766093600600339
0.063819635811543 0.0155861113396806 -0.105851481759127 -0.0525517988446445
0.0597944444732076 -0.0141015240283515 -0.109889255444117 -0.00825723406272019
0.0460522764355741 -0.0378649295100645 -0.0843440900759629 0.0248084135625219
0.0290642355216159 -0.0503658198755666 -0.0508252884550161 0.0404458552409281
0.0288351468918185 -0.0614409714750711 -0.0256092559016696 0.0434478619657813
0.0430510221805967 -0.0525939249366436 -0.00499790236179921 0.0394378508886887
0.0613470103432137 -0.046891641410646 0.0194257999880618 0.0433472016761508
0.0831215060956429 -0.0156078941621531 0.0341302833330362 0.0661006552080592
0.0876500452640801 0.0174541647653745 0.0202683278709779 0.0895112804425005
0.0671023561304937 0.0568550565163751 0.0241409941270549 0.0878632389744561
0.0550876801202358 0.0900500231042839 0.0304974912980347 0.0691485009977693
0.0185758030283078 0.125507777396922 -0.0175649746560431 0.0412547330281672
0.0233922040643828 0.110682049902158 0.0115299559474408 -0.03183460555597
0.0626784884184754 0.0988281269238005 -0.0248888187283851 -0.0974012921114036
0.0826417042101429 0.067700957386726 -0.0632736239872425 -0.0888065228633321
0.096268388868592 0.0156275640833125 -0.0965416896081198 -0.0553912032908134
0.0844524004152951 -0.0207304081540495 -0.0898386273464783 -0.0157621324940304
0.0679103845247207 -0.0481520121675143 -0.0653885387049238 0.00881397487921843
0.0465412733596985 -0.0623211064258785 -0.0365353391734501 0.0205867131298366
0.0464997510857849 -0.0723776681763861 -0.012583362856253 0.0212871446620707
0.0619503863485916 -0.0560552728866528 0.0101331856541955 0.0174142897281256
0.0809115055742775 -0.0477373884924376 0.0355716293322722 0.0272026611539317
0.104735071716107 -0.0086837674462647 0.0450034208233149 0.0568301211949675
0.109138787957077 0.0351869220897433 0.019746904873632 0.0837651863732175
0.0743845070081413 0.0839916172366002 0.00758208362722255 0.073284990486344
0.0512835868313257 0.121443401848895 0.0127829926459575 0.0355295618898926
0.0159203643351703 0.143607700960259 -0.0198085064932468 -0.00904310921253852
0.0326743359404242 0.135939217589897 0.00927452205592814 -0.0711785062435297
0.0858192002605345 0.119755114739796 -0.0243310075092613 -0.117725010126409
0.10888761527216 0.072617854137094 -0.0576925763478097 -0.0972231202601698
0.114484508957159 0.00865028294514108 -0.0778555561219319 -0.0576359166564709
0.095055250780961 -0.0267659427282226 -0.0615929787582663 -0.0264669276941872
0.0779486878673452 -0.0521803554335762 -0.0402142776597396 -0.0109331102458249
0.0572065923231576 -0.0655063668441367 -0.0168281543582303 -0.00251160134541007
0.0589077218826613 -0.0707655743938798 0.00584576238369561 -0.00179205452800255
0.0745566438725761 -0.0489005115702338 0.0300163348191298 -0.00396807634157701
0.0907463347385647 -0.0361597450556531 0.0541017377407367 0.0137212365735008
0.110351092321201 0.00741968900792662 0.0545153706535007 0.0493537002948676
0.111745878751402 0.0554258749813165 0.0179907323235689 0.0757943932383047
0.0669893208107167 0.103068486268361 -0.00884094960024523 0.0548124960812599
0.0364021242017925 0.13610299119009 -0.00408449673236179 -0.00353844843702432
0.0104971646464381 0.136057075734151 -0.0261617001492614 -0.0557669424582109
0.0356594534845043 0.135880413134852 -0.000260101375310914 -0.104726840206815
0.0911027415113955 0.116601120535447 -0.0245889337310226 -0.126712568871697
0.112396350914646 0.0643780093984922 -0.0471730224252292 -0.0981607085174774
0.110840609403237 0.00171795867391903 -0.0533179596010988 -0.0593477327777614
0.0895302533238907 -0.0283006267082802 -0.0310249762748163 -0.039438504075787
0.0757204346038388 -0.0482221832701322 -0.0146384794537467 -0.031228892461355
0.0580289104584713 -0.0585708400229924 0.00507427313944169 -0.0240567506514993
0.062631318384525 -0.0591762440555956 0.0279045939782773 -0.0220733365018194
0.0779577943273009 -0.032489125060311 0.0535928615976004 -0.0188694205983544
0.0892509031189866 -0.0163049336806225 0.0732027554459719 0.0083372911429948
0.0992020520210883 0.0274304632334833 0.0610472821204876 0.0458497937820596
0.0958560280671785 0.0711621423533727 0.0155500333562865 0.0658227657346858
0.0461368247188545 0.110083035978576 -0.0202914948864479 0.033133712277948
0.0125971538471416 0.132044387927725 -0.0131768292138889 -0.0434357754100573
0.000565888532325913 0.105031317544521 -0.0334013634970005 -0.0913413585348407
0.0269508183142338 0.109634074215545 -0.0144845709702308 -0.124765525501601
0.0741524021173624 0.0930588817523609 -0.0239118276637187 -0.123154182854389
0.0900740152776122 0.0475707151583637 -0.0342114328789516 -0.0930931643936816
0.0858921317875423 -0.000293575141711797 -0.0271362067955634 -0.0604748933137846
0.0694814290588845 -0.020932822514494 -0.00430108303073531 -0.0513668606798893
0.0619823439603342 -0.0345381434875841 0.00900506914334797 -0.049018401102956
0.0506701898987083 -0.0425042441780492 0.0260411687064851 -0.0410593889316366
0.0559289784019641 -0.0394384324733615 0.0521579806360003 -0.0356073072823404
0.0677239864440398 -0.0146385358373182 0.0768225138844736 -0.0225344538340138
0.073273160713731 0.00178002678225261 0.0905023135263875 0.0126362960632574
0.0748240241957201 0.0392376194963129 0.0645363290413615 0.0468599066250951
0.0678382275612021 0.0747721256501685 0.0149728864216681 0.0557687852559058
0.0206187395329132 0.101101297578867 -0.0217649012055351 0.0108117712767312
-0.0106996699871169 0.109031810582589 -0.0121020489641367 -0.0789256984271764
-0.0117518837048287 0.0570963116829588 -0.041598241634744 -0.108625511207778
0.0110639478653127 0.0661248254792119 -0.0297342634093175 -0.129366379068922
0.0415978595467291 0.0559754761499329 -0.0234179545575098 -0.111127333495633
0.0491073261387588 0.0285018244441387 -0.025117778390594 -0.0844918991402464
0.0475277419110934 0.00474798602265098 -0.00938079141672688 -0.0611770983921537
0.0411267261413331 -0.00639566820124235 0.0125174990874954 -0.0594690211432936
0.0395853740283658 -0.0144548007865652 0.0247408778606217 -0.0603950092550542
0.0340629728486607 -0.0203130727562055 0.0421656224202268 -0.0513902999673304
0.0379377868053047 -0.0183794675689309 0.0715317558017559 -0.0415863688542611
0.0450271643092308 -0.00217675314788295 0.0953663158335387 -0.0195320922102147
0.046854300957506 0.00826031655008927 0.102046947894242 0.0220047461861571
0.0459039732994293 0.0337534181977969 0.0659489143444512 0.0499102479380858
0.0393002938370719 0.0592186809495587 0.0184591476928929 0.0463176554385533
0.000232673699969533 0.0756905564837056 -0.0142989452914555 -0.00688291500775829
-0.0278788566622608 0.0703747333198905 -0.00317854683396786 -0.105243951231343
0.0142217258407471 -0.0232111318666763 0.0330225970020747 0.116513730509902
-0.0104887156228072 -0.030572182307391 0.0210567613973352 0.0310247944660757
-0.0219345041855929 -0.0231686777946815 -0.0310107668107209 -0.030404392880133
-0.0183597207084155 -0.00208601767632623 -0.0730637420089673 -0.0338035874720966
-0.00936554690144756 0.000296733907820753 -0.110487179174958 -0.00356165824975216
-0.0100926232870574 -0.0052591029441255 -0.106178979742117 0.0458348896199637
-0.0165874571824524 -0.00373199746847149 -0.0684137631685395 0.0703861462937138
-0.0168943047461153 -0.000911995596021428 -0.0311367130332898 0.0728590897177519
-0.0191647798335576 -0.00712305968240696 -0.00951926305383676 0.0694818461140693
-0.013747279127486 -0.0159312682248455 0.00368726601506823 0.0670505771376337
-0.00760275839366115 -0.0181550859431105 0.0213766656312907 0.0584463277296651
-0.00333269445063619 -0.0193434653993145 0.0394697110381011 0.0665075789201293
-0.000348841599579132 -0.0258580227789339 0.0483479710359053 0.0816908018194672
0.0142877995185349 -0.0250876865065041 0.0686643270646015 0.0868807021095078
0.0293598112809494 -0.0172519792595284 0.0770686092548735 0.0789052715870431
0.033932172864046 0.0273279602743432 0.0225888280336896 0.106920614697334
0.0119245227708683 0.011694797954325 0.0127927307071273 0.0218526952301532
0.0127276195554884 0.00984952054918043 -0.0405980344638333 -0.0397711962611772
0.0184439499541516 0.0143439336902283 -0.0789841692873055 -0.0406855202551176
0.0270794001650592 -0.00170996701728814 -0.115263411615771 -0.00823074127043281
0.0204853356621426 -0.0188656369390735 -0.109217472554595 0.0395235195364998
0.0067217426344817 -0.0281878527707132 -0.0730584914953346 0.0654196865639268
-0.00395001265287787 -0.0295759103061444 -0.0335905688968724 0.0675373814558639
-0.00604288535238337 -0.03874628234018 -0.00986698621265479 0.0635624129553346
0.00527659244034172 -0.0420880572516081 0.00496815656649218 0.0574981897177349
0.0193116850793708 -0.0431276278894875 0.0244978331805473 0.0501293061435874
0.0388135489096777 -0.0309703720381113 0.043667782639576 0.0599259266895997
0.0473324933872898 -0.0172622795755897 0.0471944875757723 0.0783493386195399
0.0504991767049356 0.00500415719154583 0.0631888493523599 0.0797478738829564
0.0578453345346694 0.027298681085483 0.0686761438795332 0.0701087443427069
0.0495414106331933 0.0749354382726459 0.00869678937202334 0.0795414763920553
0.0359245705384828 0.0561973858276702 0.00541514950659219 -0.00241306969797328
0.051451812318228 0.0428496567924671 -0.0504226230580494 -0.0585285476429009
0.0598821425832462 0.0274437457280708 -0.0857357980302669 -0.0496153469962265
0.0629534240050623 -0.0069976472172346 -0.1152112608581 -0.0128699335542904
0.048327840126272 -0.0327080420987789 -0.10288093603814 0.0309317734647496
0.0296711710375521 -0.050273970265595 -0.0690244526576291 0.0521383001092017
0.0097737204334629 -0.0540487711565939 -0.0313620141618114 0.0532546892336657
0.00605101100157344 -0.0642461351966036 -0.00800627138546975 0.0469826068941406
0.0227278485488736 -0.0618771714848493 0.00892264874887828 0.0392754670577238
0.0402006239232428 -0.0620493667476557 0.0313147982820769 0.0349953509274114
0.0710413046273041 -0.0408240073241675 0.0499833643587892 0.049826083777901
0.0856500430913178 -0.0116908103023018 0.045923688053077 0.0743639403269143
0.079433979997598 0.0304467600391463 0.0494706841205848 0.0711776929268114
0.0783257320375967 0.0663740699473443 0.049819571994134 0.0516992293652554
0.0610410703332701 0.111009867521747 -0.00657583481769225 0.0383944510452505
0.0601411693965277 0.0946839883530744 -0.00439499451899069 -0.037040916428558
0.090461644319248 0.0684256598131307 -0.0589488395202158 -0.0806061284832927
0.0988526741996225 0.0321631609590802 -0.0901870294101508 -0.0597563271441766
0.0915338153484575 -0.0185448427349168 -0.107791175392512 -0.0166300728430506
0.0684731650323768 -0.0465632404759236 -0.0870871276369653 0.0177929679736294
0.0463142783657589 -0.0669848434496334 -0.0577959420617577 0.0320388089015065
0.021367190546445 -0.0704388210653624 -0.0243143209385003 0.0305607492270079
0.0187517358305882 -0.0798581453088595 -0.00298320329185413 0.0234682941945328
0.0384584918738658 -0.0712747722267346 0.0149359740569842 0.0143424779794053
0.0576145355178316 -0.0688516701895503 0.0407630900584321 0.0153423433642857
0.0924977688027785 -0.0415230900137518 0.057189962719265 0.0382945717334335
0.110755468922147 -0.00221503482632219 0.0438381763447204 0.0684785343479098
0.0949749360440811 0.0524535050313961 0.0304380354042193 0.0622549015265344
0.0851303086056967 0.0965632749335533 0.0248933235503863 0.026173144642194
0.0648800150454075 0.128388969660565 -0.0255673557724472 -0.0070772486034792
0.0777719373100867 0.113240786730249 -0.0201357801821764 -0.0720567780125099
0.118317527902171 0.0795354074967107 -0.0671136428748389 -0.0982898298141979
0.124149836559798 0.0272371812868896 -0.0885240055965977 -0.0676857811212485
0.105691246089757 -0.0299317319384181 -0.0912350937782989 -0.0234567377628187
0.0769418544429916 -0.0558789760433829 -0.064642558189302 -0.00110919018278997
0.0540196513608988 -0.0745572472323194 -0.0420321227655981 0.00561533660984555
0.0300369451980301 -0.0766400188732696 -0.0147149890176206 0.00358979582482069
0.0299559508239905 -0.0826555208288743 0.00613120000646917 -0.00325363275800184
0.0525085537503212 -0.0686799550710179 0.0256687455739135 -0.0113617156456859
0.0704095553420257 -0.0619072174935594 0.0525978740209854 -0.00281376608439752
0.103280954200753 -0.0288735208763378 0.0625632794679195 0.028300736890367
0.118860435564682 0.014665771880238 0.0400781899401852 0.061632331661633
0.0949078593850569 0.0722300736277041 0.0103350823609539 0.0506180528454792
0.0754304511788351 0.114253349961142 -0.000807526024438387 -0.00424409392281123
0.057264266385648 0.12263504567322 -0.0455106672996533 -0.0482872262889477
0.0786785502281512 0.111699459930884 -0.0399713767410349 -0.0996391252316167
0.12184980981991 0.0746438868683201 -0.0699610071235675 -0.105769262971021
0.123690430623128 0.018568859699069 -0.078788329281233 -0.0711482409639135
0.0999288848392655 -0.0350654549083644 -0.0681597901027489 -0.0332358666509906
0.0714144702043152 -0.0548696692918235 -0.0413559251075426 -0.0229876942187888
0.0532802754519453 -0.0703445726747808 -0.0248262800173369 -0.0215840278324251
0.0329921465084342 -0.0705374754932874 -0.00238888946713024 -0.0225621668669048
0.0369632758859933 -0.0732190725290477 0.0196605431145202 -0.0288829490777659
0.0598211052748533 -0.0549537328995983 0.0419642034215082 -0.0321420877980256
0.0749849678024345 -0.0430445404303213 0.0682736281419085 -0.014332181731787
0.0996504941184544 -0.006645558637328 0.0677547933188423 0.0222294106627391
0.109444544687811 0.0337380117859291 0.0352118004118174 0.0530609252420224
0.0780195359812958 0.085392300001899 -0.00608707620455439 0.03462956487741
0.0530910609711992 0.117631362753168 -0.0209480896535203 -0.0370670781254975
0.0365213023274464 0.0968528165481058 -0.0625258963549668 -0.0775669411688438
0.0616990342972521 0.0896696456135684 -0.0578003545541485 -0.112321112118556
0.0985372945487467 0.0583997665255499 -0.0665589928966746 -0.10322562367192
0.0973486030299252 0.0113319632487945 -0.0643957193150674 -0.0713453029088492
0.0768982500163698 -0.0291248247806139 -0.0445944740658919 -0.0439962042613669
0.0558215342342103 -0.0413056427591071 -0.020799719664173 -0.0440158808528374
0.0448664175075835 -0.0525177068955049 -0.00913701839494006 -0.0459085753493571
0.0316769869991245 -0.0537299575694963 0.0106552522563099 -0.0446535109418827
0.0371702363479136 -0.0532587224819956 0.0361367926244721 -0.0479272532191092
0.0568320687561006 -0.0348949455836543 0.0622498839390776 -0.0441946609156579
0.0668190921131713 -0.0216775926606393 0.0845761853796597 -0.0170183473077058
0.0810643674787871 0.0121805912833655 0.0717050290079557 0.02209792848253
0.0847199708962746 0.0458032505107997 0.0319092500866406 0.0439317982223489
0.0512120772099783 0.0851275137919635 -0.0141549851891656 0.0152890722707537
0.0242665044640805 0.104220484141312 -0.0307343777272046 -0.0683914957314187
0.00817412152690608 0.0566088159844027 -0.0737856874334565 -0.0889672911542551
0.0317232804816657 0.0559674931604933 -0.0710207061148705 -0.111192372028671
0.0555569072286468 0.0360419079303642 -0.060550938143189 -0.0940283717602029
0.0532419911473703 0.00819848447945607 -0.0516476833577211 -0.0685334110047782
0.0434793539590414 -0.012179635035905 -0.0288145877530945 -0.052101079344027
0.0345482536361611 -0.0196464744413555 -0.00875980669294441 -0.0573512477036983
0.0315802275851069 -0.0264912917998037 0.00112154295445551 -0.0625446727217188
0.0241736153747667 -0.0293280935081212 0.0207239196858141 -0.0591810588442509
0.0281519918187266 -0.0283252101395267 0.0519129190730707 -0.0597585261611204
0.0396435935381897 -0.0162720713437382 0.0799651870692216 -0.0468756568794765
0.0446347914644407 -0.00677923276531877 0.0981072942324139 -0.0119839430037549
0.0528021987600594 0.0165683727074017 0.0743493226647461 0.0244626810360738
0.0533967544512394 0.0409976826909221 0.0317518159788127 0.0355910744787209
0.0242902799117017 0.068095884187444 -0.0135152933370373 -0.00192382693548208
-0.00281421033845784 0.0736751427907469 -0.0312767147299803 -0.0943080491351419
0.0130303956028939 -0.0224775121323257 0.0337069631482409 0.112020639574816
-0.00999197063837635 -0.0291426488185027 0.0209509157566159 0.0285542593953981
-0.0204977848679802 -0.021234800287831 -0.0301776207646635 -0.0301526082464231
-0.0170899031982054 -0.00257166631561417 -0.0718285645659335 -0.0324860469532412
-0.00847537189859308 -0.000383282805522089 -0.10772462021132 -0.00192001144532002
-0.0095197221378216 -0.00514237292527927 -0.102555602776118 0.0462084376423802
-0.0161085286861992 -0.00349923051099269 -0.0653285745757356 0.0687072915374572
-0.0163411171947082 -0.00043737944819399 -0.0298086848789535 0.0704587879523716
-0.0183904039305941 -0.00659614857912864 -0.00833164145400766 0.0678280555805696
-0.0135396909061148 -0.0152256950605304 0.00517041547262168 0.0656449157289654
-0.00752969803338311 -0.018352638348337 0.0217079801947385 0.0569209496232686
-0.00275923710563771 -0.0191026590615353 0.0394638912131116 0.0642810564754441
-0.000359890561562754 -0.0246936791775096 0.0477642810808044 0.0791710888317781
0.0140481327843978 -0.023868991244901 0.0673139343996617 0.0838648858547501
0.0274781104306562 -0.0165606445913699 0.0762397364558723 0.0774774375915838
0.0336888993714524 0.0263833839578697 0.0226457148656781 0.101774941148617
0.0124160839001097 0.0125646916496078 0.0130361792737674 0.0194314242147389
0.0131169738702229 0.0101441031483574 -0.0396150331283805 -0.0390920797624585
0.0198888674778953 0.0136615519838387 -0.0774437576681126 -0.0396464369211687
0.0273987166679622 -0.00281078726458397 -0.112530856203293 -0.0068526217605363
0.0200820462069143 -0.0192767294627778 -0.105493353731841 0.0398549360587425
0.0060926219046973 -0.027838602586792 -0.0698212984294921 0.0640973661824615
-0.00373178459485417 -0.0287523956810839 -0.031744683937063 0.0656221706213558
-0.00716621053357779 -0.0377599175709245 -0.00816447493682335 0.0619313657700414
0.00478769014389656 -0.0410141647492773 0.00665676070297872 0.0564527617515889
0.0176016873063914 -0.0421111231844591 0.0251911075773774 0.0487400992977207
0.037959854282793 -0.0310575507973404 0.043652432866942 0.0580173844431695
0.0459391527430511 -0.0171948115287077 0.0474344463237222 0.0761783908946204
0.0494928146034591 0.00524084693969196 0.0624373873584633 0.0765330643844053
0.0562784338860606 0.0264471714774902 0.0679098574565136 0.0687863521911814
0.0499305824829025 0.0727297198390197 0.00979295913102055 0.0744179827939078
0.036143267587848 0.0560079742650485 0.00577381503348703 -0.0038711686286063
0.0515220507191026 0.0418639278550856 -0.0492136416705828 -0.0577438834066616
0.0596435272611961 0.026425511796671 -0.0834265834615784 -0.0483865128681255
0.061672437661834 -0.0084464837349815 -0.112163252956344 -0.0107606219053195
0.0471982119852537 -0.033000964182541 -0.0996068565154322 0.0306516204423663
0.0281630098504408 -0.0501277967857989 -0.0663980693297435 0.0509484751977172
0.00880388942642794 -0.0527977919611397 -0.0294097878295204 0.0509617025260437
0.00466396428790635 -0.0625604094196079 -0.00615725029838161 0.0458062761901103
0.0215438093236612 -0.0614399074565392 0.00981001439989739 0.0378209678149348
0.0385041204739043 -0.0609905745431545 0.0314606398274486 0.0337855817283732
0.068936720243149 -0.0412927148890999 0.0501572955701412 0.0482655915694936
0.0835366873653907 -0.0125661878742493 0.0469862311779789 0.0718093022082997
0.0782508814846407 0.0295471823114677 0.0491877206872937 0.0687964192827668
0.0768872058524581 0.0642726754268658 0.0497194685028411 0.0507229681364626
0.0615070697530778 0.10762891343261 -0.0059330992309606 0.0356051654476752
0.0599184460296978 0.0917644118149794 -0.00332390603498211 -0.0368290275770819
0.0891802366372668 0.0657420519760202 -0.0577179069154556 -0.0788483167679809
0.0975886710242019 0.0302386275508732 -0.0878840576400582 -0.0587395110313532
0.0893143876005534 -0.0193461346879507 -0.104719260325758 -0.0142762763520305
0.0665390797543128 -0.0470567704138578 -0.0843114224352594 0.017734471182989
0.0440363319654743 -0.0667255969757597 -0.0554277159608258 0.0307032207288467
0.0195939992236043 -0.0690449254641004 -0.0229713388357873 0.0288513189830277
0.0166033111222179 -0.0777675310512516 -0.00193021702681938 0.0221409922686184
0.0368544468609512 -0.0708418217419522 0.015929908994986 0.0135513951010498
0.0544593200589136 -0.0682745487872001 0.0404233576063946 0.0145408278775143
0.090064177840922 -0.042038960116212 0.0564834145191867 0.036392619499774
0.107954528113577 -0.00407737116970324 0.0450583213971549 0.0659765142869218
0.0940160638039013 0.0506795750090742 0.0310343332013367 0.0599137362510791
0.0841440183497801 0.0931017579751607 0.0251050555008354 0.0261619072636097
0.0657771996392605 0.123662835044314 -0.0246209008972418 -0.00871025210722688
0.0772112059449012 0.110148900063039 -0.0195537694234441 -0.0712943065450388
0.115884699816852 0.0753345638287072 -0.0650169069678177 -0.0957215078846083
0.122021426996414 0.0255707653237673 -0.0856503215645888 -0.0662398529361897
0.102402125132331 -0.0309117435932151 -0.0883679867901728 -0.0216883783401107
0.0744155578043679 -0.0553720172068701 -0.0631012817336471 -0.00124383220587046
0.0514635765076726 -0.0738770217300183 -0.0397966613664245 0.00565004609667433
0.0273010898364032 -0.0749895469164215 -0.0140368437971707 0.00345632713907714
0.0272489154600308 -0.0805279777983835 0.00691487976544208 -0.00399963363719044
0.0506274955361084 -0.0681156644983656 0.0253133928578972 -0.0115020252297511
0.0675011927773857 -0.0612371081046721 0.0516514002754961 -0.00415818130049379
0.100666385391346 -0.0296653125660269 0.0618651791221104 0.0263815822293135
0.116297460579085 0.0123390018460408 0.0407279398566659 0.0592961637181069
0.0937332747360132 0.0692884878539626 0.0114950502721469 0.0492258312981761
0.0757769959081327 0.110763630434826 -0.000173007946185212 -0.00346744327100929
0.0582246519477706 0.118566925248958 -0.0444103064079647 -0.0483352483326647
0.0784302980230165 0.107555535443684 -0.0388780050000083 -0.0971064439333544
0.119101050742038 0.0705930361082654 -0.0683801413595727 -0.103195261238365
0.120916023761071 0.0170304271793258 -0.0766065817484549 -0.0701829492495504
0.0963467272384856 -0.0354405245570729 -0.0664078713045961 -0.0321238808149618
0.0686471099694795 -0.0549922739405584 -0.0405254302557203 -0.0227214838962854
0.0502548927763465 -0.06952422541689 -0.0238271210336087 -0.0209075715093926
0.0303702404706605 -0.0688944941655596 -0.00197349622752529 -0.0221425792224997
0.0345265154860342 -0.0710376805482873 0.0190276961016078 -0.0286233759915988
0.0582327199238336 -0.0548164516263086 0.0410352575952207 -0.0321016265968508
0.0722020008171764 -0.042937801407794 0.0662156208418937 -0.0158728079363116
0.0978626558365454 -0.00780737073151409 0.0666970514907387 0.0204768419953818
0.106404800558034 0.0313400965348676 0.0359658132711592 0.0516623897439139
0.076902532177755 0.0819846714555321 -0.00426232791496215 0.0338830348059431
0.0539483093751397 0.113985094482554 -0.0200270543970737 -0.0354921859701363
0.0379736704598089 0.0930540593678366 -0.06169973187332 -0.0763743925663182
0.0617978617288584 0.0863490410076734 -0.0575549296423347 -0.110421572238046
0.0953381820385995 0.0547455474687909 -0.0654716093488714 -0.100473422643981
0.0943949276293676 0.0097250636758492 -0.0624623004365629 -0.0699638921208037
0.0732939901416586 -0.028904001501672 -0.0433401469471094 -0.0429669350344454
0.053606465714274 -0.0416093363608638 -0.0209510458252157 -0.0431655109290811
0.0425386397289007 -0.0517410796177691 -0.0095803775411646 -0.04469323298684
0.02921774296462 -0.0522485909359678 0.0100163917976919 -0.0435994781978876
0.0352537242124576 -0.0519423496370375 0.0354234911573059 -0.047112068435218
0.054809994884164 -0.0351055813874563 0.0599009172431873 -0.0439010368214221
0.0642143775640393 -0.0219321146825365 0.0821893930037199 -0.0180681308663988
0.0800083089589468 0.0110366528594891 0.0706774218473628 0.0207823177244996
0.0825509690767781 0.043079322695998 0.0325910423202321 0.0430816794844323
0.0508281520606749 0.0820404013325245 -0.0128095220544602 0.0156160381358431
0.0259523464809569 0.100798192793175 -0.0297420015027326 -0.0659517906059122
0.00963128638976878 0.0542865823228799 -0.0729747194557077 -0.0875659262214994
0.0310228594305509 0.0532932282258285 -0.070247274488085 -0.107993424039675
0.0536923614485796 0.0339100789035531 -0.0596584624183638 -0.0910597060599242
0.0515660737392221 0.00753322212298821 -0.0505857989078023 -0.0669613092515166
0.0415588912253272 -0.0125749230634365 -0.0280860067886129 -0.0505343025511997
0.0331386697174672 -0.0191575034276995 -0.00917500376336209 -0.0564952719275321
0.0302971614496779 -0.0262845812753665 0.00034867187592356 -0.0602498738608202
0.0225717110159381 -0.0282700428847962 0.0202819556125735 -0.0583657056817401
0.0263233676015885 -0.0275797677898633 0.0498504193497856 -0.0593589105786039
0.0382700226535815 -0.0170504495009027 0.0769027063440756 -0.0467206863529521
0.043745019859435 -0.00734590123355411 0.0954271979320339 -0.0130735314518457
0.0520231559185166 0.0159371829403334 0.073549189941352 0.0233567394866052
0.0517771310118423 0.0392670165724986 0.0324935925687499 0.0349323872395206
0.0242795594599087 0.0652337123584115 -0.0122327325176623 -0.000955819812058662
-0.00134564932054683 0.0713000858075722 -0.0307176859913578 -0.0903447558861197
0.0124747422828101 -0.0215413173726601 0.0344335154477551 0.109361118509139
-0.00988881476602904 -0.0272662860016315 0.0214549278610922 0.0267856351328994
-0.0199919384666629 -0.0201857147894086 -0.0303774347984428 -0.0304389309353648
-0.0160532885672696 -0.00282614477406418 -0.0719789840643748 -0.0323828719051751
-0.00722764330276511 -0.00111400989425086 -0.106892388458906 -0.00033861516639897
-0.00958644800328149 -0.00529023163130811 -0.100869424746715 0.0477224862543107
-0.0161065702572705 -0.00319642696713482 -0.0647505507240665 0.0689849873215389
-0.0159504919497118 -0.000749802460315851 -0.0293544144405992 0.0693323469456159
-0.0178424150749544 -0.00655701948637923 -0.0067576608296101 0.0676041234395818
-0.0138601369875569 -0.0153157078667509 0.00649708672135807 0.0653057299291612
-0.00766235283655101 -0.0181892611155391 0.0220778441791688 0.0570200844728856
-0.0023986964937903 -0.0191994365709262 0.0400656784162206 0.0634123643387254
-0.000649531847237064 -0.0244020508105617 0.0480216261339863 0.0786169781292052
0.0141845662005479 -0.0230624214663843 0.0664790272951732 0.0832350056979441
0.026933985820812 -0.0158212935979528 0.0767338644961564 0.0777469813199274
0.0334688090485401 0.0268059471936777 0.0231902804484637 0.09861754843962
0.0133036225208717 0.0135465516370358 0.0137573361017921 0.0176872022688104
0.0139991089951656 0.0108705200838396 -0.038771715889141 -0.0391380132922719
0.0204119849053249 0.0135761178590847 -0.0764256388001934 -0.039258385852299
0.0277102651964089 -0.00378520410692196 -0.111173001592499 -0.00563365124526793
0.0198017488426088 -0.0199164563796649 -0.103847956941989 0.0407500271149392
0.00576865435643139 -0.0282182029173383 -0.0686803662019318 0.0637021219027219
-0.00421039195368277 -0.0285557248364183 -0.0318469074399732 0.0644668933780762
-0.00739258427255694 -0.0372743366909956 -0.00639333039703543 0.0611012468852305
0.00409946483825562 -0.0409235403443626 0.00797265391935771 0.0562527695275751
0.0173383430437885 -0.0424912675743734 0.0252866912166096 0.0487102520632648
0.0377952768151083 -0.0315530876699557 0.0443065180492343 0.0572777065753271
0.0454683915677007 -0.0173797581495193 0.0481403516896407 0.0753632874928784
0.0495496711475099 0.00596153944899824 0.0623331203114253 0.0763085628540857
0.0556556713413395 0.0259582207509872 0.0687918223249065 0.069225184076259
0.0506876924104839 0.0718617692555917 0.0100600921924821 0.0712006896736292
0.0367711502336994 0.0559631721907795 0.00635911844750264 -0.00530003387403524
0.0513934746336622 0.0412851798680938 -0.04816553420972 -0.0569034680997693
0.0605969976133794 0.0254486938630435 -0.0827933046790578 -0.0479790132549255
0.061995716477165 -0.00968500435783442 -0.110987450935647 -0.0101310479844108
0.0470387190890055 -0.0338669296091846 -0.097710512449064 0.0308885418789571
0.0267688411017195 -0.0500318537301963 -0.0646417299334389 0.0503059049288927
0.00759494576637684 -0.0526254323765816 -0.0289089657409471 0.0497359182445878
0.00361615359337543 -0.0619909407317637 -0.00485706915156661 0.0450739076182442
0.0209419974702323 -0.0614839931395362 0.0110153754574045 0.0372749132196916
0.0370696879400626 -0.0614966418265142 0.0323841493787879 0.0331894677705401
0.0681490627638817 -0.0419552079880026 0.0505566872634326 0.0472850301395367
0.0832891196827897 -0.013256440747159 0.0478886849457376 0.0708194042332344
0.0787447215729151 0.0291087378719961 0.0494742292482185 0.0678517080515
0.0773177197685018 0.0631503318955162 0.0509371499380727 0.0511905074623149
0.0623675108890503 0.106291050977803 -0.00484701772036404 0.0332697837786648
0.0603162107953709 0.0906946726256169 -0.0035678107715198 -0.037717676325178
0.0893143864029406 0.0639390763784114 -0.056988113181332 -0.0786182469391662
0.098232435143937 0.0289895094796584 -0.0863989361045649 -0.0587390867500683
0.088601564916184 -0.0206467728572619 -0.102682521804589 -0.0139041282308069
0.0658729641135929 -0.0481646872898524 -0.0831477019920804 0.0176622130681614
0.0424582445273073 -0.0669252352431539 -0.0539953026362446 0.0304798346792207
0.0185469453424271 -0.068778153779068 -0.0230406868020423 0.0280792893037883
0.0146295608086869 -0.0770694694134598 -0.000334017235284373 0.021711987954774
0.0361431331760299 -0.0708426340505606 0.0168343270054465 0.0130477625077767
0.0528903457357651 -0.0683937047578138 0.0406737444187408 0.0138447027825873
0.0895047794754126 -0.0431596697280276 0.0570187862350306 0.0359680207044693
0.107536540600559 -0.00480935382627258 0.0465689339262294 0.0648871244267137
0.094370928517287 0.0500307948313267 0.0320448702328987 0.0590048544629735
0.0851916858602217 0.0918815976755585 0.0260828430422558 0.0265649935432408
0.0672624129611267 0.121430031268385 -0.0242384156000937 -0.0107580628402671
0.0777573504536567 0.108702285638145 -0.0197193136111976 -0.0716083656088949
0.115414708150308 0.0729894479553612 -0.064096603174914 -0.0950535029990934
0.120930880812436 0.0240682013973986 -0.0842086466985134 -0.0658069095532109
0.1011475990462 -0.0319708427319924 -0.0866294969474919 -0.0209875735114271
0.0733132851629243 -0.0560179310936603 -0.0623149158495662 -0.00108221432407646
0.0496823466839781 -0.0741999053321402 -0.0388142654362817 0.00556012263340346
0.0256220132630202 -0.0742069926911946 -0.0134144837171493 0.00217120720834341
0.0254196862818077 -0.0797430739577733 0.00730232190802887 -0.00437811969775423
0.0496547356693219 -0.068424560267976 0.0259599138870117 -0.0122805945366131
0.0663571421706974 -0.0613867728569363 0.0519823875616283 -0.00507002488386132
0.0993499621906777 -0.0305607865905246 0.0623297083623062 0.0259643138136833
0.11485585312911 0.0109192266047158 0.0427093267365687 0.0588196553939098
0.093743416108494 0.0683409823295241 0.0127015349965011 0.0484775696861439
0.0769858617957271 0.108849687149676 0.000573355935354119 -0.00222504387993611
0.0601345129852021 0.116116722496773 -0.0452530449787486 -0.0498821174561065
0.0790487955960949 0.105399339608577 -0.0395157835836118 -0.0965789414146713
0.117702180598201 0.0683098615578378 -0.0672013035635766 -0.101984303642111
0.120213290111248 0.0153321273514901 -0.0758910015463564 -0.0700175281692872
0.0945599797974917 -0.0359763854781777 -0.064739348329047 -0.0313501666251924
0.067298874212206 -0.0549051241043036 -0.0398776448731763 -0.0233106521731856
0.0482702343913115 -0.0698989875534669 -0.0236641893983398 -0.0211155015306815
0.0289615073671172 -0.0680445926422789 -0.00180117964427337 -0.0231892698662464
0.0324950599844429 -0.0707064944140219 0.0193220454629836 -0.0289856338016467
0.0571054500931909 -0.0551562793515508 0.0406564688096245 -0.0326742396315368
0.0712506667511207 -0.0433942545938558 0.0663056101650484 -0.016680795078299
0.0968572142898245 -0.00860969755369831 0.0675589635389197 0.0202892257269768
0.10614063239578 0.030064878412767 0.0374553127985493 0.0507597543906515
0.0773244263713604 0.080526963477843 -0.00347067012693799 0.0333252108529551
0.0554633562906188 0.112425831295358 -0.0194621938871067 -0.0340779139341816
0.0391875412167265 0.0907184505468875 -0.0616672333372074 -0.0772733218604396
0.0618258988332384 0.0841339345258864 -0.0574894040825165 -0.109033142235182
0.0940552439035953 0.0528791022933079 -0.0652863975154457 -0.0997434702647906
0.0940023096718958 0.00955380312743409 -0.0619959280222006 -0.0701136994063094
0.0718225084558764 -0.0292613120757403 -0.0428622405423017 -0.0424614522176333
0.0522138920784158 -0.0412371209431305 -0.0212084439238248 -0.0432691000083675
0.0412580951147041 -0.0520905101407828 -0.00938201101137829 -0.0442230146562919
0.0279355611434899 -0.0516746414730607 0.0103270477149306 -0.0441664011354309
0.0337524805963776 -0.0517925956826309 0.0349162241903259 -0.0471434267560207
0.0541578851048901 -0.0359836814081664 0.0590746863390245 -0.044219550158267
0.0637540681469993 -0.0214167535756926 0.0820144778272065 -0.019246312226216
0.0789647001494863 0.00994999727848375 0.0706397574797689 0.0196893996135189
0.0817413825968625 0.0418468347566079 0.0338666191666093 0.0425842411364474
0.0511936269282026 0.0807556066034358 -0.0121896707659813 0.015628516631704
0.0277719711747125 0.0993120090003673 -0.0293381531646099 -0.0643893911466719
0.010493250808046 0.0526478264958101 -0.0728156301008324 -0.0875543896724286
0.0309948143823711 0.0519952592364485 -0.0704557776931898 -0.107078097682645
0.0529666129765487 0.0324024323803394 -0.0598377804124732 -0.0903577712030565
0.0507647457603346 0.00688334449405259 -0.0505625582233584 -0.066491280832648
0.0397377622167352 -0.0124614615324178 -0.0276915373523998 -0.0504744211187239
0.0318354101240731 -0.0194051391417267 -0.00957673528656436 -0.0566606778812274
0.0287591819199698 -0.0261511398295542 -0.000175453031620028 -0.0597860780228345
0.0213247699335019 -0.0280040515694671 0.0197325226632127 -0.0574772734940728
0.0259377485782344 -0.0273029691557964 0.0488540103394539 -0.0592063721723963
0.0378294714243423 -0.0166967702681616 0.0759884244124165 -0.047226258742294
0.0430754119601083 -0.0072604565091145 0.0946362128175716 -0.0146930460678071
0.051106490660636 0.0155727948556114 0.0735360528996751 0.0226204514237756
0.0509215633486857 0.0377606793072245 0.0331586451116081 0.0347392094940935
0.0246515829587781 0.0634473833767857 -0.0116666344517495 -0.00110006540003648
0.000321466987295942 0.0700902162130398 -0.0309601163059821 -0.0887988783830155
0.0112820410445324 -0.0209614642135727 0.0365675076935878 0.10687732730427
-0.00942693912270746 -0.0264518742402186 0.0224195112189318 0.0249933493723084
-0.0196507875430363 -0.0190776026544267 -0.0309807439102633 -0.0303563653568065
-0.0149246233948985 -0.00325135477891236 -0.0728610824012371 -0.0314120987789539
-0.00693257775236515 -0.00214387573549832 -0.107180060112775 0.00235971930453426
-0.00962617255787164 -0.0052943403288689 -0.0997134261069066 0.0501903008466847
-0.0159890019339362 -0.0032560536707716 -0.06303498297796 0.0700886238219187
-0.0158680307853638 -0.000410049463085532 -0.0283455725873495 0.0697764020682284
-0.0186373843327763 -0.00616063260398728 -0.00413907827013082 0.0681351296772253
-0.0144196164824623 -0.0149573390441494 0.00855380169961454 0.0655172179667424
-0.00791368981076655 -0.0183027137020053 0.0234993763331374 0.0570328207976327
-0.0024432123993328 -0.0194141265905008 0.0418901232970609 0.0628378819896825
-0.000946149324475312 -0.0240550834954036 0.0500956024922781 0.0777024715385585
0.0138129890636617 -0.0230102980125729 0.0683109027336293 0.081962622631581
0.0255392290076701 -0.0167684742145114 0.0792738811905166 0.0772643446736474
0.0344843198630349 0.0267638430826235 0.0252807283787007 0.0961803624602071
0.0143377741552044 0.0140959278908839 0.0141713584543931 0.0157199970235878
0.0147230716672412 0.0108392417395581 -0.0390616964092259 -0.0391257048736037
0.0221784692557285 0.0126691627220351 -0.0766537750370704 -0.0387284532832845
0.0284724101575666 -0.00574929386006707 -0.1116704604164 -0.00298832923795067
0.0195264464977708 -0.0208705007269319 -0.103006394703215 0.0431824658571502
0.0052126283277359 -0.0284284788939981 -0.0667940375774434 0.0650557984728511
-0.00485137004647754 -0.0285134761660718 -0.0299162187889283 0.0647450774791198
-0.00851834567371463 -0.0371750636304127 -0.00459419129964809 0.0609105295370743
0.00329917004470512 -0.0418049465451811 0.00991535153747713 0.0557902415731058
0.016051740053367 -0.043322523523112 0.0275030946574955 0.0479722560585952
0.0374506577149422 -0.0327408661041183 0.0459235860411539 0.0558605893249653
0.0451324593914629 -0.0185222475239172 0.050378394031481 0.0740114644769588
0.0502999867120804 0.00485267810598351 0.0638467706739652 0.0745468868636252
0.0558611027100748 0.02490507839134 0.0714976178006507 0.0691223764208062
0.052946323996606 0.0715669410327869 0.0117684112506696 0.0690366116307601
0.0390579409152926 0.0561803041197614 0.00637924318059976 -0.00671287776163894
0.0532914694517384 0.0401310082051341 -0.0481022048397866 -0.056969072428918
0.0621087197391044 0.0241581939613592 -0.0826596863606519 -0.0479603938985319
0.062289823231125 -0.0116807457101168 -0.110540781805917 -0.00712783922954762
0.0467981979856697 -0.0360353137937011 -0.0975029547593566 0.032947403103662
0.0253610441090396 -0.0517241051509842 -0.063090833575837 0.0515570380558622
0.00634776326912482 -0.0526715517101672 -0.0280208232269428 0.0493512720790236
0.00156106262807615 -0.0623139193010138 -0.00366520837802739 0.0442359845577521
0.0191434273454876 -0.062220894018666 0.0129558691908388 0.0368395370321945
0.0353659212161625 -0.062270456585869 0.0336628130708394 0.0323608909670913
0.068110101149016 -0.0442582524806717 0.0524012876171027 0.0459491787332162
0.0824134359069199 -0.0153253775617974 0.0508625349764968 0.0699244606618748
0.0799558000038083 0.0277836819321625 0.0510684589875475 0.0669274000581555
0.0786628636369267 0.0617936685574989 0.0529252070297013 0.0510706765443766
0.0654461561997198 0.104672319126899 -0.00472880683282646 0.0310212952880358
0.0632562457310571 0.0900851844835719 -0.00415712915387728 -0.0390113689452731
0.090841317750328 0.0620240169917236 -0.0570327484194574 -0.0780864513970194
0.0998283858387971 0.0271370695784478 -0.0865368764118712 -0.057908598021095
0.0884653688569616 -0.023357842806971 -0.102611577037309 -0.0119529735142665
0.0649965286235522 -0.0499989740932583 -0.0821176798306372 0.0191089491740295
0.0403710906183547 -0.0690690727543076 -0.0524955175872199 0.0310845532891527
0.0163359422587185 -0.0690146831544677 -0.0218656212493669 0.0277291643228954
0.0120918265841836 -0.0773106866317141 0.000305953520663176 0.0208529683154376
0.0342538081237842 -0.0731646422911359 0.0178287141672105 0.0123092786982996
0.0515278911534715 -0.0693867131543734 0.0417372521973464 0.0120213798671736
0.0885579602055676 -0.0455764975391304 0.0583431020795376 0.0341453587207772
0.10713249606683 -0.00815842784758284 0.0492954083396806 0.0641373947112442
0.0966802797922868 0.0477476397011274 0.0337345133297603 0.0579448749635244
0.0879522221359971 0.0898193299459451 0.0278174464101779 0.0272082491260624
0.0710561221302398 0.119525503165929 -0.0242432909754497 -0.0122733168158986
0.0807509280445467 0.106959054089912 -0.0202184941903547 -0.0723483726745109
0.116816218170817 0.0703306606488454 -0.0646298985218948 -0.0945188448606234
0.122997959249385 0.0217567130848273 -0.0849191368825041 -0.0663565776133725
0.100256325853534 -0.0345506453110306 -0.0864452558800122 -0.0199831500232418
0.071750231055004 -0.0585583544684993 -0.0618328740212091 -0.000902076305164821
0.0468482913766998 -0.075601474312079 -0.0383597573301712 0.00593968380217229
0.0232076155154035 -0.0746373194529456 -0.0131738602888456 0.00174435750657733
0.0226781345946906 -0.0803852057068914 0.00708945584150977 -0.00508021699466421
0.0481088248209111 -0.0704585597320568 0.0260749245490294 -0.0129320505277007
0.0642392826825905 -0.0632562454567434 0.0523263958011191 -0.00624476638713254
0.099765170669256 -0.0336871057474191 0.0637547015374667 0.0237904025860536
0.115572049449592 0.00772354174867585 0.0449860719316446 0.0575581463873931
0.0960321008829216 0.0662398196148648 0.0142214544264101 0.047885750837561
0.0803179478767509 0.107201252349431 0.00166470953941055 -0.00149443327970034
0.0636532267267704 0.113977801429357 -0.0458703947658955 -0.05040359032855
0.0814134942024463 0.103864553483901 -0.0407449124733967 -0.0962627418582946
0.118779136018598 0.0648430020510297 -0.0684886254950795 -0.101222504067766
0.120631737346155 0.0133987859132431 -0.0763872740586151 -0.0699123638782847
0.0933788610882493 -0.038584199384221 -0.0647492888860404 -0.0305071076756283
0.0656536594977717 -0.0568668975453788 -0.0402688502486417 -0.022886051911789
0.0461460981548016 -0.0711184436483415 -0.0236861043350977 -0.0206310778567466
0.0266500839939625 -0.0687616092454262 -0.00202560872925054 -0.0234997319824759
0.0300637886954811 -0.0710403930775226 0.0192635013908108 -0.0298685017828225
0.0557825680813927 -0.0574827950480899 0.0401961185296386 -0.0339609544197002
0.0700192851080733 -0.0449371874670619 0.0659909178334602 -0.018316659264461
0.097241235855629 -0.0116098007151163 0.0687462999882229 0.0183063314267492
0.106743472344233 0.0270475314265149 0.0401995289678888 0.0498210286473075
0.0796302802020397 0.0789545747423652 -0.00179749249915478 0.0336028116897765
0.0589209474207699 0.110577683777144 -0.018835828367959 -0.0324998318908723
0.0425344254914884 0.0891487444580362 -0.0638417412710383 -0.0772909351249697
0.0635083552436938 0.082531735987992 -0.059862052739284 -0.108585042725634
0.0946998457853781 0.0501721092875358 -0.0663166922926808 -0.098529269648829
0.0933540310190199 0.00811869186503947 -0.0627922675689889 -0.0696194550180533
0.0699588441479862 -0.0307900373761481 -0.0431233257448838 -0.0423277141282704
0.0509897909914366 -0.0425374849495686 -0.0222568824333354 -0.0438797018624801
0.039059803782248 -0.0531557794175405 -0.0100276849011751 -0.04337702132527
0.0256249487777258 -0.0523132573360302 0.00959250634666732 -0.044357324940899
0.0321425238145873 -0.0521546992264853 0.0344150413496822 -0.0483416034996727
0.0533531310616228 -0.0377316177949584 0.0580612086297319 -0.0454447398811389
0.0630771465833008 -0.0232049140941091 0.0817574882945909 -0.021123452708856
0.0800818746048181 0.00788921916990216 0.0722251314007967 0.0188408116242814
0.0826291567834546 0.0396639871976656 0.0361330870981422 0.0416912370342697
0.0533751584311273 0.0788806605224929 -0.0106565506667709 0.0158947503635908
0.0308630798906918 0.0982909140264542 -0.030958650754975 -0.0630395715948237
0.01296627013675 0.051203758496153 -0.075562957563274 -0.0877544499548091
0.032522132564571 0.0504049698716696 -0.0732362801991501 -0.105703444606826
0.0521828547550192 0.0306125326555161 -0.0611201562335559 -0.0892394728313094
0.0500720240103865 0.00677424257525884 -0.0510089743428521 -0.0662403211607736
0.038900911710552 -0.0132502213423261 -0.0288397827049674 -0.0503943975943799
0.0312382837145234 -0.019628619471917 -0.0114743883438523 -0.0574486395654076
0.0271128147944359 -0.0264355662636072 -0.00131560142435068 -0.0593644943814646
0.0204976116941306 -0.0282863659773763 0.0190049330801457 -0.0576283724732026
0.0248894790762323 -0.0274745981142228 0.0485327879012314 -0.0604062121736585
0.0378142126924794 -0.0181184381955779 0.074332024413049 -0.0491019590210533
0.042456997244295 -0.00814034518493406 0.0944298161558905 -0.016631615898738
0.0518789672334569 0.0142443469704417 0.0747267675753389 0.0215020203494347
0.0513351978099174 0.0369343157206296 0.0354179606867359 0.0339225004903297
0.0255080207545709 0.0630549721919604 -0.011127604204724 9.11043126987963E-05
0.00228731452970094 0.0696302228724115 -0.0321588659060215 -0.0871338806924378
0.0104268913700078 -0.0205035359813759 0.0402107991796385 0.103431485946493
-0.00966248642538856 -0.0243572801141284 0.0228564287693077 0.0230643717132491
-0.0189849383510892 -0.0178773887951521 -0.0313153922005364 -0.0295988232647453
-0.014794133921298 -0.00274897812323583 -0.0731531733494026 -0.0293867402179995
-0.00638525134199703 -0.00239467457108998 -0.106001239921064 0.00611899270211894
-0.00962933008300217 -0.00528885380192095 -0.0963227754830967 0.0540645545934092
-0.0159248110517761 -0.00291194640971804 -0.0600726335479719 0.0723963504046618
-0.0152014071137645 -0.000128826304153247 -0.0256555475077446 0.0701732246089088
-0.0181345277171387 -0.0051880606409606 -0.0013356622181643 0.0675595618976077
-0.0146951935528036 -0.0139261379951681 0.0115761364289111 0.0650950405529462
-0.00868950089786434 -0.0180647984998785 0.0258607661544349 0.056116668680385
-0.0027343583014147 -0.0200358271846465 0.0437613367426206 0.0603296784297936
-0.00146373726245323 -0.0233290266314378 0.0524126757931934 0.0753070983868752
0.0131701983764667 -0.0230836004991337 0.0701064828012374 0.0792613120979765
0.024272143145218 -0.0171549636673096 0.0824429318871419 0.0750150317442821
0.035212246742913 0.025365690049794 0.0287128527973139 0.0928078873741746
0.0154180444699701 0.0143559449253092 0.0147189077653252 0.0143523383176459
0.0161235135537985 0.0100877686172469 -0.0399770309189621 -0.0385346659107458
0.0230759346767326 0.0113171500902871 -0.0776373104020766 -0.0364228335180686
0.0283429072379563 -0.00736005189847946 -0.110099979460759 0.0014985343344743
0.0191047903548933 -0.0220850487087175 -0.100155160836853 0.0471002626201025
0.00422206512506891 -0.0289644622305642 -0.0642363859835382 0.0662286318296742
-0.00553584391178936 -0.0288531911461079 -0.0279315131366137 0.0653991351964131
-0.010282028627428 -0.036539139196522 -0.00114696163642083 0.0605600350321264
0.00138033969414333 -0.0417545849144496 0.0130856668472004 0.055121043044771
0.0147498467165849 -0.0431396754852424 0.0294780198705233 0.0473764864212488
0.0360981767075873 -0.0345633104678396 0.048115528449649 0.0540662716690422
0.0441497672914286 -0.0196574420364108 0.0530946735595456 0.0719764574012862
0.0505604129906962 0.00291050077343752 0.0654686570410381 0.0717396079046783
0.0562832618583209 0.0228800223302071 0.0741902406660498 0.0667456929466089
0.0559880460253868 0.068295667827891 0.0133218178539174 0.0667684461817243
0.0418021693652528 0.0549182791626396 0.00607791052163102 -0.00830321361863743
0.0549501472131202 0.0380507202218369 -0.0489527028603392 -0.0554654929966427
0.064284898724442 0.0214663774277135 -0.0834115801481191 -0.0462902798277363
0.0617424026439875 -0.0148889567099713 -0.109284103905378 -0.00331244627973522
0.0448602320615881 -0.0382002584927513 -0.0949466151133741 0.036211259364513
0.0225758615236093 -0.052388881617311 -0.0600737283842141 0.0535711884041859
0.00404749671859263 -0.0525330356570444 -0.0260496455044183 0.0496631101082377
-0.00153001324468832 -0.0618378859059502 -0.000864755530340414 0.0434679717230223
0.0162553983092289 -0.0629919202681961 0.0149202520264637 0.0360047723236078
0.0327394475732972 -0.0631422439401344 0.0353299129585179 0.030784184797778
0.0660305672791296 -0.0469911940882835 0.0543417853437148 0.0434071668642862
0.0822860563632606 -0.0182812177598172 0.0536420407222121 0.0670285535809682
0.0809835471514573 0.024745181902487 0.0533960494904878 0.0643345460833646
0.0808263034209372 0.0584205746144432 0.0557478896249389 0.0494862245076968
0.0701016370270854 0.101083051850397 -0.00367497729037009 0.0289855637964833
0.0664314411471984 0.0877479021705268 -0.0047639422304375 -0.0396189038022461
0.0926200261940524 0.0585718743611984 -0.0582653110564279 -0.0765220508658584
0.101282112140571 0.0230580169535296 -0.0876020924760676 -0.0558122036155703
0.0872374171132227 -0.026751736483783 -0.101317664121475 -0.00833491898904356
0.0623565314109591 -0.0525585157786206 -0.0808231847323849 0.0219604805087322
0.0365674739700514 -0.0704114286328167 -0.0505383583230623 0.032505051134304
0.01286399535599 -0.0690690496356831 -0.0209883238780426 0.0273938488527988
0.00874561296148983 -0.0766740749295143 0.00154281444594022 0.0199398280631249
0.0309762940739782 -0.0740490625156175 0.0181952917529973 0.0110697221587979
0.0480852337811893 -0.0711315243846437 0.042608231118688 0.0105895926268344
0.0871302284338698 -0.0499218813220567 0.0599435594818993 0.0313633594841647
0.105780812866796 -0.0123099643637038 0.0521891862969589 0.060802317694639
0.0985447622139575 0.0443050466741495 0.0356454992490879 0.0563516989053799
0.091280685446891 0.0850385294279483 0.029386937800209 0.0268122778854579
0.0762261342154691 0.115281994942065 -0.0251288696009967 -0.0130468179830918
0.0837770217861055 0.103155032350216 -0.0221608022802249 -0.0711554357391212
0.118093977252947 0.0650772398785806 -0.0665085081711939 -0.0919816841117437
0.12348295287874 0.0173951987106767 -0.0858515845127135 -0.0637063548545466
0.0974930383548867 -0.038166513033253 -0.0850019279750468 -0.0166754229601783
0.068780144424378 -0.0610585429210812 -0.061608693813433 0.000817642137928004
0.0429129335956374 -0.0776729286023016 -0.0374087241680314 0.00684013257631333
0.0196271813856536 -0.0743149442861924 -0.013138108863837 0.00138100370227362
0.0186213978335582 -0.0801356088341068 0.00764408109990605 -0.00579229362417978
0.0449776447398877 -0.0726230715941951 0.025336454860736 -0.0142298209072635
0.0610307571555554 -0.0648128920401008 0.0522458216791768 -0.00823973328818786
0.0981758004189374 -0.0379430645603993 0.0647416992788505 0.0210614995498156
0.114876090280342 0.00288504219791793 0.0482803833884074 0.0549108736338204
0.0987784926414831 0.0618472422534161 0.0166299663348971 0.0467349066820259
0.0844843302862398 0.102917419556959 0.00291212315450434 -0.000802031201095165
0.068295870255106 0.109461014318369 -0.0477709889582084 -0.0497633721449444
0.0852920149949643 0.0992945405106634 -0.0436101189753534 -0.0953892131194495
0.120139237684785 0.0599845877035517 -0.0706976505676017 -0.0987507191744563
0.120417665314172 0.00890805130914742 -0.0775934759076201 -0.0675432315111461
0.0904571884169089 -0.0416189307881851 -0.0645342126825486 -0.0282139217315518
0.0629188442874193 -0.0591191688903631 -0.0416351642577872 -0.0223977140175492
0.0421673726820711 -0.0728494774519041 -0.0234118312394817 -0.0198149715759747
0.0233876981811389 -0.0692342954434673 -0.00332216162039808 -0.0237496806358069
0.0265543543488523 -0.07137622809161 0.018004563852268 -0.0304426776449828
0.0529584003415765 -0.060147288182205 0.0386794231377176 -0.0352987182107447
0.0678778453314529 -0.0471937293107481 0.0652516586568444 -0.0209808256889634
0.0969999044590208 -0.0155588005612875 0.0691218732362597 0.0150784723969357
0.10669239059702 0.0221912812051434 0.0428512683019021 0.0475129011392992
0.0823696612496371 0.0751858302582054 -0.000194612217926509 0.0331670535540749
0.0634294276779689 0.107476322628666 -0.0194148338980033 -0.0311283990160985
0.0463996019501367 0.0859149549374949 -0.0664768535250413 -0.0760135179893351
0.0664799104430567 0.0785667102157749 -0.0635855410712906 -0.105840450259049
0.0946127998978037 0.04577922995514 -0.0683492463028166 -0.0958002505680636
0.0932197334115775 0.00480836389583639 -0.0643879640952132 -0.0676801057580685
0.0680068806671421 -0.0327026133329281 -0.0429245269773657 -0.0410262704041309
0.0487246398006925 -0.0440921833884238 -0.0242358891534873 -0.0437411774130084
0.0361947839504929 -0.0546402768138803 -0.0114054590154453 -0.0433434612625303
0.0234985618602482 -0.0520825990034525 0.00775105810468455 -0.0445319928604411
0.0288091369724865 -0.0525414139513806 0.0323738222157004 -0.0494412588357445
0.0514629883701317 -0.0406481703000307 0.0555913351031333 -0.0474329382375695
0.0613537311228662 -0.0256101382769579 0.0798436382326251 -0.0244594368761422
0.0798864427985132 0.0043898003106056 0.0728282551674727 0.0159536146401814
0.0831014487722589 0.0361124355630077 0.0382973663571731 0.0401530930169019
0.0555249553824004 0.0758968795142885 -0.00938711494258207 0.0159578580821463
0.0349099263396169 0.0956934209457616 -0.0323520874505144 -0.060543206643463
0.015015362080751 0.0493320414275622 -0.0788940187390456 -0.0853588844189201
0.0333028810208965 0.0483893236831478 -0.0762154751482077 -0.102442725439683
0.0521574166584672 0.0286107302310665 -0.062881429141031 -0.0866436173274623
0.0501859375395609 0.00502850016275415 -0.0531258579450473 -0.0646296761465701
0.0377304507714904 -0.0141358222466198 -0.0302654595445401 -0.0492603603577061
0.0295567291074144 -0.0203469108930216 -0.0136682379189901 -0.0567404521486378
0.0260851216616115 -0.0273589220493326 -0.00333741903672243 -0.058768712729419
0.0193502335604508 -0.0282865342236279 0.0168800179115166 -0.0582143961995892
0.0231083938081563 -0.0276770102388667 0.0454794906207372 -0.0614872454023824
0.0367168186929261 -0.019668590319016 0.0717474125229529 -0.0518209659462453
0.0418223827360589 -0.0103227489416929 0.0931301385016584 -0.0200800686320962
0.0522354723614093 0.0119564637079661 0.0755388611601689 0.0188505745170872
0.0511255993687514 0.0339306771043819 0.0370807166933846 0.032882111663487
0.0278410042261124 0.0605553501937192 -0.0100991498292721 0.000532626683540123
0.0053884803692744 0.0679522187975887 -0.0353952049723964 -0.08445885778998
0.00842825224908704 -0.0197426386703425 0.0521369385911341 0.0931428450733009
-0.0114298741633833 -0.0215324102290142 0.0257583551764701 0.0178790608952153
-0.0211427237384736 -0.0143715638156881 -0.0329246811462711 -0.0254301509733544
-0.0154087997672574 -0.000770343930590014 -0.0742631830912009 -0.0196826303665692
-0.00881008485922168 -0.00139600629186032 -0.100829266254747 0.0210869890702158
-0.0111990376139278 -0.00163803668456664 -0.0841526900539102 0.0654759761175416
-0.0162389723436512 0.00132892154473159 -0.0470055772179929 0.0775663926531785
-0.0135733857884309 0.00250701082830883 -0.0160390024792944 0.0706750444175513
-0.0179981753219845 -0.00212122280195227 0.00723570387191051 0.0649775037884275
-0.0155841075086004 -0.0118674633059668 0.0196789956605513 0.0621255452216646
-0.0102027942580862 -0.016727374308197 0.0316082371253477 0.0517834201435069
-0.00493871405394997 -0.0203772636625607 0.0489839479883245 0.0542395399632
-0.00335127454153912 -0.0229859958841803 0.0588584636654947 0.0676642351456774
0.00983134081506479 -0.0252064446889969 0.0761653852251727 0.0693012463347918
0.0211096830015884 -0.0199956556776448 0.0871705723180073 0.0638756725209589
0.0396061132338813 0.0201716721182774 0.0373112665436669 0.0841721476590322
0.0184888728688444 0.0118257311053844 0.0150878186289766 0.0107563204454979
0.0171226929221339 0.00747910451140288 -0.0441966499326799 -0.0314649148118417
0.0235058330859251 0.00679345569126737 -0.0810318695898831 -0.0249504244780444
0.0239223795259402 -0.0108909926687715 -0.105697510473393 0.0180242355533762
0.0134396169613765 -0.0223682851886087 -0.0885578999955181 0.0598164798657626
-0.000992511029026998 -0.0279650079095732 -0.0517602485421281 0.0744066308892518
-0.00892016252237741 -0.0256909763389766 -0.0180839755742206 0.065498627746713
-0.0145437442989113 -0.0340648949853019 0.00624373425565232 0.0580677351713698
-0.00384925857298224 -0.0415881187140037 0.0195993046441612 0.0529954323868966
0.00788275833005077 -0.044203319916684 0.034058358290671 0.0426827072497089
0.0308850946787039 -0.0401923518415624 0.0520695149340854 0.0474791468496323
0.0413313741260223 -0.0263478911863899 0.0589872693421605 0.0637583569278293
0.0498608561024589 -0.00479857461720416 0.0715392060093143 0.0613281189562548
0.0578769061462727 0.0147299684503279 0.0791931568636312 0.055398685117075
0.0655685000097763 0.0579320792772707 0.0175637489505777 0.0608669661024784
0.0494743885199756 0.0460259471989337 0.00190856356905141 -0.00910525155245595
0.0581528059669862 0.0279142198289036 -0.0578963124491386 -0.0459406751108715
0.0642848722834835 0.0102161867870594 -0.08980339057677 -0.0315715891478918
0.0549782998718775 -0.0227640645024582 -0.10532151452394 0.0145766009294846
0.0356282106834085 -0.0415219889727352 -0.0842293455752726 0.0495305706183248
0.0134460677024422 -0.0539497533619361 -0.0507575763984975 0.0612902802770069
-0.00255273846162897 -0.0498081173998203 -0.0185044145563619 0.0505086367100116
-0.00986532279203501 -0.0589092570735454 0.00471009629353058 0.0417992068606595
0.00696142610658353 -0.064342247868565 0.0193976907565148 0.0340594873273493
0.0227236205020133 -0.0656140751283155 0.0380832011059669 0.0268281447107844
0.0579511166762876 -0.0573514068661646 0.055749958473655 0.0369673771284451
0.0768441558109165 -0.0303582380382601 0.0581333268588591 0.0585352563975069
0.0823534322122969 0.0119768801101436 0.0592998095284543 0.0543708637803486
0.0863516875090532 0.045724759789417 0.0597528399352948 0.0398681645309318
0.0845815324821611 0.0857450158652115 -0.00568841563572936 0.0270665910504228
0.0778046628606871 0.0722556175375719 -0.0150488795864996 -0.0366719289698596
0.0971030846043931 0.0409016495395939 -0.0711530538104317 -0.0624305082572537
0.099593223372871 0.00541189094637575 -0.0963559360573846 -0.0388245050647585
0.0770561377004184 -0.0380625190897177 -0.0981550460970444 0.00995667329648432
0.0509954635415154 -0.0580598733295902 -0.0729262262804527 0.034150836872295
0.0237593784738453 -0.0735138403107228 -0.0441996940842211 0.0415246481246261
0.00344613332093658 -0.067049393646397 -0.0161990276335608 0.029060679367877
-0.00347258983048054 -0.0755693094411766 0.0044401970292803 0.0186283017852472
0.0191626328447312 -0.0774248639438683 0.0197446516147933 0.0102058680498714
0.0362322936428323 -0.0755644140686519 0.0428604580639324 0.00634470478691663
0.0774715630786947 -0.0623352887966059 0.0602562750452884 0.0247697878361984
0.101225374566051 -0.0277066320882374 0.0559755646551983 0.05244538800892
0.101393159277812 0.0283475665764884 0.0419681027736657 0.0483858349171118
0.100043869655054 0.0708977408692227 0.03327103702175 0.0197381591418944
0.0915800053996454 0.0973886336102417 -0.0324345789533759 -0.010423711866801
0.0965385289459669 0.0838691080784439 -0.0372885146833613 -0.064736518285032
0.122181915354203 0.0434263455329152 -0.0816202523115706 -0.0754997488561061
0.120345025321008 -0.00430367441699834 -0.0958792904026585 -0.0451312092290553
0.0863986094037093 -0.0509693864866958 -0.0838454642213684 -0.00058817438192419
0.0554374169011013 -0.0675756314483333 -0.0575967916835996 0.012129031068387
0.028688172401902 -0.0823491762325607 -0.0348723111822747 0.0147271569541117
0.00832027792077394 -0.07344902409364 -0.0113653299310099 0.0032144712505571
0.00530757497711211 -0.0801467920626958 0.00748053274311315 -0.00672126378830777
0.0319803042578076 -0.078469704106707 0.023329864428101 -0.0155465451363135
0.0497471504890265 -0.0715373168169691 0.0495684607298666 -0.0130032304564664
0.0901691974069581 -0.0526487448561894 0.0629363507640671 0.0143173012675023
0.111241142905614 -0.0145374342720739 0.0510346161120944 0.0460745771029319
0.104398047852935 0.0458602970258243 0.0219868796076956 0.0404675617764736
0.0959597388687562 0.0888377245208501 0.00480825013403658 -0.00399824599465832
0.0824775389373792 0.0923879469442043 -0.0591182202323378 -0.0430458192643824
0.0955292274264589 0.0792259307029255 -0.0610810172015322 -0.0839927404777665
0.122505109738352 0.0379677071636456 -0.0870371065704158 -0.0807650223739413
0.116261115650736 -0.0115593237555305 -0.0877121250389502 -0.0500863271792427
0.0791523720439088 -0.0529298318781155 -0.0646260603883851 -0.0154325507796719
0.050248628158895 -0.0657681002739787 -0.0414949991058038 -0.0131434671386767
0.028375974862892 -0.0778512945640321 -0.0254548875343357 -0.0133468900712775
0.012619110649183 -0.0691697889329313 -0.00506776908703499 -0.0224094324260081
0.0145429095168586 -0.073113727918363 0.014422746827887 -0.0317321659018802
0.0422411321521245 -0.0678356546462472 0.0328041074062238 -0.0375336742239972
0.0582069426352568 -0.0556220225571898 0.0604433906614745 -0.026622574447229
0.0920394505613802 -0.0310692432617136 0.0669791918826661 0.00790699804263532
0.106430964431794 0.00577196745884076 0.0454756463062534 0.0393332814455217
0.0904233263409925 0.0610798668340436 0.00534271918127921 0.0293558797243453
0.0762585295343126 0.0957549776502889 -0.0193954151450967 -0.0306663808785193
0.0569327808314935 0.0732780224060621 -0.0789453198778228 -0.0647648881658655
0.0735183537843324 0.0629290698888201 -0.0803531161365197 -0.0912374433789314
0.0959047735606037 0.0282191152432398 -0.0825587158394715 -0.079012486325623
0.0891420434117572 -0.0111540097057436 -0.0741357396898316 -0.0532941313505269
0.0586363326718957 -0.0413601972125232 -0.0466174940734992 -0.0309393727036504
0.038953723479211 -0.0492461742697659 -0.0285923514065297 -0.0370130842334196
0.025434539283382 -0.0593288766784453 -0.0171629087073434 -0.0383526815932857
0.0147074136553442 -0.0531372642921576 0.00231354461382061 -0.0436791975865273
0.0195629821149609 -0.0558241846841518 0.0254616883621133 -0.0517457652245929
0.0428760536029228 -0.047995986166307 0.0481242949042638 -0.0520805482599462
0.0552028914640308 -0.0342030031185396 0.0741197910465742 -0.0318980342275587
0.0792492608622893 -0.0086894503299138 0.0710301596141036 0.00680049108086713
0.0847723133501845 0.0224760143240206 0.0410506034790617 0.0323859714972631
0.0641000239205048 0.065159457599869 -0.00578828548240757 0.0144164947137792
0.046297232191683 0.0882267505867128 -0.0348816010789176 -0.0566336978352527
0.0203997957521995 0.0437276163083867 -0.089283966853381 -0.0725451788803568
0.0370777833174352 0.0390179210639573 -0.0906498111676326 -0.0870874292033921
0.0525381042637915 0.0183720192078426 -0.0751360029262369 -0.0729468833132947
0.0475831255095267 -0.00364017191256289 -0.0621838816350908 -0.0531872491156922
0.0327811244255244 -0.0192696495150035 -0.0358529410799033 -0.0426747900078112
0.0242247131493938 -0.0243419367998505 -0.0215729009836571 -0.0523205834598862
0.0203550687961731 -0.0319572040944401 -0.0122855246982007 -0.0544709503288971
0.0141633509889547 -0.0301334461576086 0.00931724316781841 -0.0578944721626266
0.0178672164133597 -0.0313672507727971 0.0370258073585848 -0.06471830656971
0.0320507633471274 -0.0256858055084625 0.0632657224953812 -0.0580217217584424
0.0387809046008057 -0.0159890355733435 0.0877078351071321 -0.0299678399436422
0.0526793510839323 0.00269329005466513 0.0742865927382738 0.0100148450830573
0.0539012240397955 0.0255295611764247 0.0396219478216561 0.0264590487149877
0.034170117888286 0.0542670752039447 -0.00821533363480929 0.000881266266775067
0.0134989026585501 0.0654976372401603 -0.0410947799553538 -0.0780048619477768
0.00751384015039488 -0.0184972876782645 0.0516560137822849 0.0875319297009073
-0.01046495275654 -0.0208098944949394 0.0243896930325955 0.0159109418551327
-0.0194430660533521 -0.0129417455049076 -0.0323865358399009 -0.0244238235716251
-0.0141731604775017 -0.00098040099191741 -0.0719514776709353 -0.0178806675388328
-0.00821432419969225 -0.00202543814006729 -0.0969256350215514 0.0219789694776328
-0.010675274831891 -0.00162662833242081 -0.0793229676088856 0.0646841191194184
-0.0152773787995967 0.00180542631554469 -0.0432925723994645 0.0756195816056311
-0.0128456250123114 0.00207905989459552 -0.0144669025326195 0.0684051293101318
-0.016669474112123 -0.00194650686795981 0.00871247095965368 0.0622635496675839
-0.0153810099190763 -0.0112944569709141 0.0207874209899946 0.0595533361355564
-0.0106395565696322 -0.0157073056093299 0.0312620040526959 0.0493184932732039
-0.00512839780880336 -0.0192384704742029 0.048101136658553 0.050953807168886
-0.00331376051022149 -0.0221576909420797 0.0582011420029017 0.0646722110039969
0.00871818287763575 -0.0243850472081786 0.0741880052422885 0.0661185287670114
0.0193755138386512 -0.0195336404012374 0.0852753489720105 0.0604050561652565
0.038393316578707 0.0187338197537363 0.0367966278641333 0.0794642965239242
0.0187769514378659 0.011348491693724 0.0145469286574549 0.00996591391860512
0.0174612848455366 0.00698185554613986 -0.0433104987365384 -0.0305375399020293
0.0235513655926348 0.00495650620673936 -0.0787773724537199 -0.0236305928374679
0.0232595365612194 -0.0120651840084647 -0.101586512588072 0.0188144184090371
0.0125081931288927 -0.0218468788631625 -0.083197224309586 0.0594842328402366
-0.00165746448843944 -0.0271392955210319 -0.0478329841748141 0.0722454986927831
-0.00888962300327789 -0.0247203632945089 -0.0166624651734014 0.0629842883186593
-0.0145692614443308 -0.0318756654156808 0.00770883035437619 0.0550568918451143
-0.00498157483654606 -0.0401743194324155 0.0204151167018173 0.0500075243707399
0.00694948381507681 -0.0428232527035189 0.0336430386093835 0.0404047255738765
0.0289395124730921 -0.0394342893171931 0.0506878765906588 0.0442139961251229
0.0396093812757564 -0.0258914674301587 0.0579038200796799 0.0598447196553271
0.0481923994670461 -0.00529337956582481 0.0698029053155228 0.0578404672746891
0.055714485687473 0.0130428896030189 0.0779628579175028 0.0519702935100772
0.064731834306032 0.0539823643183613 0.0169572563672952 0.0571504222813559
0.0495235097014192 0.0434048292130614 0.00184920299875085 -0.00912118763684178
0.0567402733270167 0.0257921245561481 -0.0561480351589666 -0.0437077027269095
0.0624017935607275 0.00778580139771949 -0.0870158234935596 -0.0303380559492612
0.0524597788823015 -0.024187736631016 -0.100839354700715 0.0150419438225102
0.0342397509906886 -0.041573099292557 -0.07996720001861 0.0488720106731038
0.0113121448740699 -0.0521774279865296 -0.0471934419720832 0.0594695496128823
-0.00322115022880009 -0.0482884672953313 -0.0175434810489229 0.0484742112344369
-0.0107120357177507 -0.0563585943716221 0.00560552044519476 0.0390598212770748
0.00504778936839028 -0.0623287462688973 0.0192396319913463 0.0324775437927484
0.0201753585661215 -0.0632526330395045 0.0374727031974959 0.0245997598454168
0.0544350268213858 -0.0565596600931245 0.0544037592894293 0.0342571262763711
0.0736986957177265 -0.0308379430179433 0.0570373861835533 0.0548966302511435
0.0796923460998781 0.00970550072721602 0.0575756476039563 0.0513554881464759
0.0835672885970699 0.0422237456636059 0.0594301454025734 0.0371085855480088
0.0832434173531835 0.0796667907825843 -0.00583903824440682 0.0250188624612641
0.076984606620799 0.0684445710248368 -0.0147849316158666 -0.0359147672764967
0.0944731811335588 0.0380753892694072 -0.068583492119651 -0.0597512305122987
0.0973974389837614 0.00295572710149495 -0.0929537897556153 -0.0371197499011644
0.0739410343883643 -0.0388868616033816 -0.0933449883335641 0.00984908085622806
0.0476583604343267 -0.0575764132832497 -0.0694612199759545 0.0342012832976223
0.020806116493984 -0.0712730929126261 -0.0409185939424593 0.0395962213793966
0.00172127479036787 -0.0643904694805416 -0.0153456451904749 0.0272740232655991
-0.00468234105259425 -0.0723311537178648 0.00470201247247203 0.017194785075072
0.0164514284138402 -0.0754915327936793 0.019285436948952 0.00923823771752417
0.0327352848785073 -0.0729827084106153 0.0414393508976042 0.00498928842978302
0.0736312057354546 -0.0621917035503758 0.0586581836896689 0.0223393477392109
0.0968460782386951 -0.0290079069296585 0.0549210852253081 0.0483690286164563
0.0987006718080207 0.0249019029901354 0.0406226173020681 0.0457027570235899
0.0977831301240738 0.0654928514000069 0.0331358227029512 0.0181412355548847
0.0900109470236606 0.0905299427034351 -0.0325930698696607 -0.0104990350634348
0.0949769495424268 0.0781807052012461 -0.0372186414346914 -0.0617507752458081
0.118197943954376 0.0397773048392885 -0.0792028474366578 -0.0723028888966078
0.116642742185773 -0.00659102949316468 -0.0928551046962611 -0.0437972487067035
0.0824847555004584 -0.050699084508136 -0.0795733352497546 -0.00022637237614691
0.0521566767802187 -0.0667891483073772 -0.0549165186808237 0.0119762953082506
0.0250073018772108 -0.0799499548559657 -0.0327482981599946 0.0141361902191611
0.00678577876388753 -0.0707381058232173 -0.0114843775451265 0.00219449405040651
0.00409224126333226 -0.0763960303822156 0.00686414256012523 -0.0073027711889958
0.0289931701661734 -0.0766822255872198 0.0222949407918764 -0.0150161763487087
0.0465642272050316 -0.070125912558279 0.0469074461193856 -0.0142759564624538
0.0857872144766555 -0.053504563236621 0.0613385175836601 0.0121088854262431
0.106793688301496 -0.0164385663756634 0.0504193929228837 0.0425344350891566
0.101796809962764 0.0419710562754713 0.022368753577342 0.0380578761935785
0.0943666425010289 0.0821910513807545 0.00517329282092423 -0.00365791784085589
0.0813814937206653 0.0857654503067387 -0.0583543324679502 -0.0411431467303902
0.0938683775042352 0.0741379807255288 -0.0599895003248562 -0.0798672085371244
0.118001090251513 0.0339466869326709 -0.083691524610147 -0.077017001695968
0.112407556520033 -0.0134029419845998 -0.0850557654793056 -0.0482134356755303
0.0751004285658702 -0.0524578689547585 -0.0619853276647527 -0.0140603799077952
0.0468410333937079 -0.0639775584319482 -0.0402835709858304 -0.0125510608541173
0.0250506404844748 -0.0753583874291187 -0.0241508772845522 -0.0127118882544694
0.0107606165249808 -0.0659408812243902 -0.00555239754006962 -0.0220746551979605
0.0119951430863149 -0.0700591447952566 0.0131985546368329 -0.0309851611839844
0.0388831889844975 -0.0660705192146789 0.030799712668615 -0.0366861791964217
0.0548875381300184 -0.0548453677625181 0.057686280821502 -0.0273817815250513
0.0880237470611211 -0.0321794593546254 0.0654457070434589 0.00593592519158818
0.101216179279798 0.00296760515729135 0.045220886689428 0.0367902229949231
0.0882184598095358 0.0563243425292023 0.00571710103088693 0.0277010937559225
0.0752555223304048 0.0891574478120503 -0.018680239429688 -0.0287158813961651
0.056507547335978 0.067826321191667 -0.0778249576985425 -0.0618750265531729
0.0718936484642289 0.0585665144095636 -0.0780524197439098 -0.0869277956213968
0.092097904168259 0.0255280614769837 -0.0806003734761683 -0.0754144700635558
0.0857722532715886 -0.0126264983199433 -0.0726316318925532 -0.0503506355891479
0.0559223452430226 -0.0407289029788737 -0.0451219220376942 -0.0299210167548979
0.0359699439692461 -0.0481060232878978 -0.0286053390754433 -0.0353669680256532
0.0226275581665721 -0.0575421952117447 -0.0171081865550914 -0.0365033650125725
0.0131819409073254 -0.0512675534881863 0.00141388107309816 -0.0424219944402479
0.0173874475509011 -0.0530400863597775 0.0237063406971824 -0.0501670114087777
0.0403757269147469 -0.0477751865769229 0.0444421760240849 -0.0504708259017797
0.0526938305917642 -0.0337712528586573 0.070956823943234 -0.0327206694983465
0.0755796106131171 -0.0102871705793546 0.0691783472181341 0.00520837310794699
0.0812482508224415 0.0197518429494862 0.0401118286476456 0.0298482303637159
0.0630295983278133 0.0610286856898711 -0.00504690267394137 0.0140743864713273
0.0465303134597577 0.0827802455361812 -0.034508813093777 -0.0527950411109108
0.0206137717609098 0.0404996218897859 -0.0879195575875436 -0.0684008629704109
0.0356985548315258 0.0364550926901078 -0.0888613354048972 -0.0823821539164948
0.0495459574246559 0.0170423742193013 -0.0726980353399403 -0.0687717076322249
0.0457513856368565 -0.00431776010913858 -0.0609956196271757 -0.0502445589868032
0.0309001164087548 -0.0186538514171951 -0.0352181416169907 -0.0413951881151865
0.0226216431879404 -0.023149964758504 -0.0216627697105986 -0.0502564808061828
0.0188217448904893 -0.0303939706819975 -0.0127944117247784 -0.0526406619961803
0.0125629781095662 -0.0288083343287435 0.00782848197683114 -0.0560862323827215
0.0163188698705719 -0.0295424994710076 0.0342338431225756 -0.0630117222879498
0.0294928035236234 -0.0255345541023711 0.0598904679577422 -0.0564169989062642
0.0367846465492828 -0.0163864496341421 0.0832343718796598 -0.0306788974701191
0.0502688185879399 0.00147464099985153 0.0722153127583726 0.00789598416828185
0.0516874493039196 0.0236384849469384 0.039078890265247 0.0245983197902414
0.0337363713630102 0.0506811827896559 -0.0079493577914925 0.00145477692462547
0.0144053728182996 0.0613380371704574 -0.0410544490047928 -0.0730259368096129
0.00713381125224916 -0.0172715417555648 0.0491632565098197 0.0842926981564612
-0.00942138613245096 -0.020027174972848 0.0235751806673412 0.0158152651750811
-0.0181327595577269 -0.0132536138047074 -0.0317493729159755 -0.0246733986225055
-0.0135337349941848 -0.00138749556317652 -0.0707466435878375 -0.0185365516265434
-0.00813495539712502 -0.00282150763117751 -0.093961364351162 0.0209213996363139
-0.0104118560224903 -0.00218015654017431 -0.0759464969767547 0.0624224146606455
-0.0144847153677683 0.00147356937870039 -0.0422399263760224 0.0729926441631969
-0.0121548469520547 0.00143639346805271 -0.015030262294618 0.0664415054938757
-0.0158861473334156 -0.00218857414632065 0.00793880587106409 0.0598174713326206
-0.0146244477068687 -0.0109153253353729 0.0198418598295975 0.0578891827897275
-0.00986183324872597 -0.0155835965927708 0.0304217482456136 0.0479841029830849
-0.00467261867178803 -0.0190549623615003 0.0455984170053416 0.0498513691778099
-0.00228527772787045 -0.0218949475431538 0.0556660191083257 0.0632018598092395
0.00858695587471799 -0.0233257694874041 0.0714248195200955 0.0649648024513043
0.018047633305772 -0.0179611785571693 0.0830656714527655 0.0597117299086327
0.0373813176018426 0.0183408599565657 0.0346666550185331 0.0762066541037868
0.0189547383806883 0.0111803897957784 0.0135923048420073 0.00906296028679549
0.0179418050359636 0.00642592874938962 -0.0414277028502922 -0.0308635413588214
0.023917440139235 0.00446598612822311 -0.0772993470477952 -0.024462648755832
0.0223656670114581 -0.0122516492014653 -0.0985618269295404 0.0173415065521137
0.0128062302807125 -0.0224849676137533 -0.0808233065208887 0.0566541517113485
-0.00146789042318356 -0.0260261341707588 -0.0464186577210815 0.0694459575246245
-0.00807436458068903 -0.0244128353372117 -0.0174797805000945 0.0613059175047067
-0.0134064339430004 -0.0309091984356903 0.00652973667586558 0.052793987429441
-0.00463012798872548 -0.0387286007396392 0.0197809278292514 0.0486955353037035
0.00661065561286978 -0.0413739713737326 0.0325320426407818 0.0390634242530105
0.0280615696008517 -0.038786571173947 0.0485627972451504 0.0430144734680402
0.0388032156219374 -0.0250966869104315 0.0556428574535279 0.0587566857615806
0.0466380895863371 -0.00486329413604003 0.0670202053020806 0.0568663269952413
0.0535623024943655 0.0130632485687445 0.0759176089312114 0.0511070382779032
0.0622953662225515 0.051802371845434 0.015434830644593 0.0543866714321062
0.0481224380271324 0.0423406078415799 0.00136396195970023 -0.00947503481423652
0.0559268847506917 0.0253869547673694 -0.053558299001518 -0.0441279573845082
0.0617399289730931 0.0072783560467248 -0.084333003746604 -0.0311915319432879
0.0514260357818223 -0.0234026762217674 -0.0976523222413894 0.0136953719465477
0.0332139901986029 -0.0405925235626535 -0.0775953839820872 0.0473398196155703
0.0113393096130471 -0.0506326708216199 -0.0453467029461022 0.0569790414880157
-0.00300412768965153 -0.0473206488150936 -0.0179672861521108 0.0469492359888558
-0.0102722708205104 -0.0545312405438633 0.00481707352094277 0.0375501839693796
0.0052499967601723 -0.0607604022095484 0.0191361763452392 0.0313094368195317
0.0200159717848871 -0.0615207693785814 0.0359742370350009 0.0238141172098379
0.0534285941220993 -0.0551551124303653 0.0527553619342064 0.0333695728973756
0.0715608799025632 -0.029475222664613 0.055484518869197 0.053227000639586
0.0771173060416627 0.00970877462340809 0.0554058894252344 0.050491537113451
0.0805261155173701 0.0413882280650445 0.0579006781399721 0.0370716574202999
0.0799100781513901 0.0766135711773996 -0.00681618671162921 0.0230159531475231
0.0747212615670512 0.0663987211723667 -0.014205997144291 -0.0351203514620939
0.092057899910085 0.0370997076516848 -0.0654113247483676 -0.0599864552418254
0.0958798182649291 0.00309022932463206 -0.0904115099139731 -0.0378898936039162
0.0724988481497559 -0.0377320563643967 -0.0905654959483413 0.00866778253852868
0.0469057009554212 -0.056465043757277 -0.0676017072499093 0.0317845930264201
0.0198315885049387 -0.0690383319063676 -0.0393527101698508 0.0374911549608751
0.00226561861358403 -0.0626222628858555 -0.0161775414512149 0.0260497404625563
-0.0045576944529462 -0.0692846589626093 0.00497453483703279 0.0158455766775885
0.0159214571522707 -0.0735428750200581 0.018621301746153 0.00882249564910523
0.0327661295620013 -0.0705469742087747 0.0405070092470349 0.00456526383993651
0.0718639643701059 -0.0608170822959078 0.0562668577927846 0.0216906126793593
0.0941900691636815 -0.0276600207105991 0.0531729670326349 0.0469993375230152
0.0958916872167837 0.0239289681332177 0.0395834751140612 0.043890110822961
0.0944897129069759 0.0634713129358362 0.0325849705757635 0.018163436249776
0.0869740997741107 0.0867262965507717 -0.0321880626083973 -0.0110778144792919
0.0919894715708955 0.0762409040793562 -0.0354798702522534 -0.0604426455407037
0.114425614004733 0.0393691825785219 -0.0753007794503105 -0.0713529701015008
0.11424309957328 -0.006867717607893 -0.0903647274979694 -0.0436463113050206
0.0803493321653518 -0.0492481761140096 -0.0764439313485884 -0.00103613803756867
0.0509189994502625 -0.0643891644170864 -0.0539783162512831 0.0104629864807379
0.0234884599496791 -0.07735154887728 -0.0312698910466349 0.0130366543825326
0.00690784332948845 -0.0687014206453166 -0.0116251083058216 0.00177604461395153
0.00382304777245897 -0.073627114054459 0.00649793708670205 -0.00775340776372631
0.0277529671299508 -0.0745213053651162 0.0212798212875229 -0.01495575390314
0.0450166677245657 -0.0677730717019708 0.0463504813158412 -0.0137119866964284
0.0831403723881427 -0.0519458640307547 0.0600456529910492 0.0115934157916631
0.103683626918161 -0.015891438305487 0.0487911450413781 0.0411594861602485
0.0986354306199158 0.0402494283133145 0.0212033200803808 0.0367672636422495
0.0912479734564441 0.0797225176232143 0.0057435477540442 -0.00322713016128933
0.0784020446317766 0.0821163374950501 -0.0568724473600958 -0.0405271543830015
0.0909277435940137 0.0722837113189726 -0.058261490483022 -0.0778721274776965
0.113997948800548 0.033920418003769 -0.0801182939583682 -0.0761382878101406
0.109830603627177 -0.0128698246119394 -0.08273941320716 -0.0481291988760568
0.0728873740376233 -0.0504184733030676 -0.0596756029746098 -0.0152245864731188
0.0460472521499479 -0.0620627977821379 -0.0392658407751549 -0.0130558259371028
0.0235720110079651 -0.0729410218098863 -0.0229543413897051 -0.0132108908717053
0.0107229736868562 -0.0640628211005716 -0.00541080422220674 -0.021599048441624
0.0120180618578739 -0.0675434635576786 0.013125385091496 -0.0303467828728747
0.037402209203234 -0.0646086878073856 0.029737221188638 -0.0356796879304653
0.0532921964183297 -0.0530820809354497 0.0558071756281211 -0.0266789460932867
0.0850418561140241 -0.031823174758146 0.0637462902296002 0.00585821662984313
0.0981078473804407 0.0033984910338052 0.0435414321362165 0.0348239402945941
0.0854793208471154 0.0542404377393477 0.00552665754036316 0.0267826999681225
0.0728096588490367 0.0857075227502236 -0.0174852468102265 -0.0274163433756269
0.0544406910782045 0.0648980672191995 -0.0756700333694717 -0.0612950107224387
0.0695811951095291 0.0570814172884408 -0.0751112505413578 -0.0846939529915806
0.0888879998234253 0.0252927145826096 -0.0772027240157507 -0.074199142828234
0.0837529283437193 -0.0122113216766032 -0.07047378100055 -0.0499418467268
0.0540734379110157 -0.0391484927253744 -0.04335629741809 -0.030315273134383
0.0350904354627759 -0.0461729493980521 -0.0283335783714325 -0.0348983202467226
0.0212662341640632 -0.0554079661136097 -0.0159623881133672 -0.0359331562764029
0.0129829156453085 -0.0492508672695679 0.00155662104368045 -0.0417306200581046
0.0171204644096351 -0.0506049853115076 0.023522120907687 -0.0490010759291135
0.0384233389364539 -0.0458017831931017 0.0434460466419318 -0.0487129806010089
0.050962090766534 -0.0328827194894159 0.0689994706430767 -0.0313216586830936
0.0733451809044995 -0.0104118825007754 0.0671677713418236 0.00507567491338474
0.0781088858825424 0.0196849488322899 0.0394959025725442 0.0287806372268986
0.0608052446530455 0.0587629035554682 -0.00460047694974094 0.0139892656329208
0.0447237127046342 0.0793548017750637 -0.0326078046679492 -0.050969687557374
0.0198628195305872 0.0383013945096346 -0.0854173656185194 -0.0670258090896007
0.0346805486630678 0.0348767502909241 -0.0854362088677563 -0.0799479737204837
0.0476731555684699 0.0166285054529548 -0.0701036408211262 -0.0681524136226104
0.0451123551444844 -0.00381426478326655 -0.0592564846388925 -0.0498926353439358
0.0298723733179014 -0.0179746870099758 -0.0337188588126634 -0.0409173775601445
0.0218919316622309 -0.0218348840885653 -0.0216452822336526 -0.0492302329281373
0.0173823403735089 -0.0293397987512826 -0.0118996057293392 -0.0505802256149749
0.0123074795998461 -0.0279756615669602 0.00779167128069002 -0.0546045583028542
0.0156513247149344 -0.0285091936541692 0.0336557318665958 -0.0606306631567636
0.0286883237724068 -0.0249216234346694 0.0575808462091031 -0.0541887854390595
0.0357111005756143 -0.015805512250072 0.0814252906597869 -0.0292205611899383
0.0485754687165971 0.00109116739815882 0.0701758041849437 0.00831945320642436
0.0493080935881617 0.0229978505401626 0.0378263665482236 0.0237972623540386
0.0320280230863346 0.0488020739256122 -0.00758451736363517 0.00141244817252662
0.013980602666627 0.0588663845859742 -0.0390896956808291 -0.0703830102820628
0.00713855881958959 -0.0163263854451083 0.0469879638327057 0.0832999658529707
-0.00832413776299944 -0.0201395404684967 0.0229816508999884 0.0156559910878347
-0.016671630956023 -0.0136100680216727 -0.0314057007900028 -0.025471933776347
-0.0129241575090782 -0.0026372337286544 -0.0707820639823132 -0.0200383271103514
-0.00785324139985211 -0.00353837577422574 -0.0936408582255164 0.0190183127649957
-0.00999652901777315 -0.00275270395588734 -0.0761809275107471 0.0600427738375095
-0.0141237109432591 0.00122017452471262 -0.0432181236124389 0.0716373126604306
-0.0123065266446791 0.00124764805815319 -0.015499571439779 0.066146778847277
-0.0151127655699844 -0.0025210681086067 0.00684708484229579 0.0594444951446001
-0.0147978616557228 -0.011083717783287 0.0192909984704872 0.0576959293150468
-0.00971308406667139 -0.0155789286739764 0.0291083822219346 0.0483940142064438
-0.00395033656206264 -0.018975767001862 0.0440731686160913 0.0500541851755153
-0.00123113091644473 -0.0213825895340425 0.054056897840597 0.0644078227313177
0.00898522644469956 -0.0226020159654683 0.0693495545163304 0.0657505610818415
0.017970987428281 -0.0170773131671225 0.0816810761417383 0.0611782471057704
0.0364384245185273 0.0190526635404303 0.0327732245436105 0.0749635995177938
0.0197220810007994 0.0109640135856039 0.0130181134411459 0.00902532321083865
0.0186597908637608 0.00675971706492962 -0.0405694015593004 -0.0321590322823393
0.0246141100471412 0.00397731728821375 -0.0769293082062568 -0.0264694271155705
0.0227680990870763 -0.0124726634521927 -0.0981677008165233 0.0150680513451823
0.0131127088851396 -0.0225514179206035 -0.0803057163874734 0.054986473607458
-0.00127157938899648 -0.0260560758079869 -0.0467237215780428 0.0676238685475749
-0.00772187842287962 -0.0248612028067175 -0.0188533529569085 0.0605515973407552
-0.0131631238299918 -0.0310025179563307 0.00548113509378453 0.0522219748331611
-0.00433112206899155 -0.039018007423116 0.0192149058377527 0.048529558869158
0.00745441561320491 -0.0409648158656255 0.0314418022647889 0.0393950543824329
0.0290645032430703 -0.0385181351312159 0.0470043248045708 0.0436788742268806
0.0392658012645973 -0.0244352108490743 0.0540074817032804 0.059093611732558
0.046516621217918 -0.00384064839734754 0.0652251874420302 0.0579089437634073
0.0526350394897171 0.0142764224098069 0.0746661029880212 0.052661935660007
0.0610694400298849 0.0525665068564874 0.0136997025947699 0.0533412353105937
0.0475447438688011 0.0428992884392128 0.00182715655622935 -0.00965932888327073
0.0558792743077881 0.0263447521072442 -0.05197820293594 -0.0457332871807157
0.0627332766841747 0.00708328430540259 -0.084410983009598 -0.0332761470646203
0.0517123396198774 -0.0234913330811732 -0.096740039814309 0.010934835661722
0.0336126566202371 -0.0408944329512652 -0.0774090609747315 0.0450073370499939
0.0113480951178883 -0.050192039473988 -0.0451571173052153 0.0551338813809136
-0.00228696418816858 -0.0469390183697173 -0.0192349908778567 0.0460811248328489
-0.00905388990355622 -0.0536896724184482 0.0042129526209485 0.0367594064958453
0.00577704886957865 -0.0604464297876754 0.0188543851168795 0.030948681086607
0.0208881977471686 -0.060514284993521 0.035295016671435 0.0243110893503109
0.0535555888205008 -0.0541174826888306 0.0516726402986078 0.0337274048352815
0.0720688772685224 -0.0281661322750148 0.0542906281480399 0.0536728473289173
0.0768853798408992 0.010509043066825 0.0540935812913258 0.0511700260963992
0.0788746256154885 0.0419481060545366 0.0574642619256663 0.0378545730204615
0.0782741299703624 0.0766708744648175 -0.00752149468991915 0.0221874710111154
0.0732669578941759 0.0671959501459311 -0.0128521009655937 -0.0354424029775255
0.0909423178898877 0.0384727910191199 -0.0636083979112922 -0.0615458783769331
0.0961804034084199 0.00326912540622319 -0.0899622631348532 -0.0404194746691134
0.0725492178277412 -0.036749387255371 -0.090210675432996 0.00580857832414718
0.0475340544224062 -0.0558076155892857 -0.0674006816462641 0.0296347501671408
0.020288079425415 -0.0679735716848927 -0.0386648959289708 0.0356601064306983
0.0029322163854853 -0.0624043081497181 -0.0168138454671327 0.0256432937170902
-0.00327208137718734 -0.0686910759201035 0.00395194039609759 0.0155604326258585
0.0165445601848423 -0.0726734253495777 0.0186145298740706 0.00898708537701411
0.0338305253314442 -0.0699694430823603 0.03962424224651 0.0048325300411979
0.0720132699925929 -0.0595414619285048 0.0557084231292034 0.0223935930388453
0.0935388267429515 -0.0261411829469692 0.0519402211019135 0.0474539837438887
0.0949820588113383 0.0253714192447376 0.0380777761589899 0.0447305790595558
0.0922417250834511 0.0643849665295443 0.0326784402325275 0.0190665864828524
0.0848247634925404 0.0866075153229054 -0.0325460379409247 -0.0121667461294368
0.0899909368035498 0.0767557640395842 -0.033812678497016 -0.0607429292028611
0.113591746966502 0.0410998180103019 -0.073199940538436 -0.0732782051179924
0.114521312854842 -0.00583945246267318 -0.0895410113177474 -0.0463314234217572
0.0805042592973548 -0.0475843817618765 -0.0762630189727309 -0.00347658160510328
0.0518714965366939 -0.0640508887985958 -0.0539760434980827 0.00937782523566605
0.0237093438107184 -0.0757906349935113 -0.0301699194020857 0.0111448514902386
0.00755211461564415 -0.0678194395633445 -0.0123507560382708 0.00139587477500398
0.00542083508992792 -0.0721630588706723 0.00659685703822236 -0.00808359999768815
0.0278777259984212 -0.0740409859604271 0.021284366898209 -0.0140431222975244
0.0464382777052401 -0.0664590644627084 0.045862541097646 -0.0131732945536791
0.0833544637628491 -0.05053450526839 0.0592890009426156 0.0121401120404922
0.102719697509466 -0.0141781048195905 0.0478311620097914 0.0409456182703211
0.0974058978382156 0.0412929469200912 0.0205199949622773 0.037046723972387
0.0892323421918515 0.0800597002126029 0.00610336304464439 -0.0023324021229162
0.0763691405853711 0.0822565423547273 -0.0562092868546937 -0.0421238642584455
0.0886510382371525 0.0727680323073622 -0.0555950724110456 -0.0786696385879143
0.112696878001211 0.0358872036823105 -0.0774627346154496 -0.0775958914701803
0.109676478435303 -0.0115427009488619 -0.081824081629784 -0.0501429064437985
0.073184115755566 -0.0486498027351893 -0.0591467174877768 -0.0176632078499701
0.0467533828675738 -0.0609419025244931 -0.0397099207453015 -0.01412473215179
0.0238917870246703 -0.0715885429304007 -0.0220356577115954 -0.014288368663637
0.0111149882237916 -0.0632668546828021 -0.0057322799061671 -0.0219935670511759
0.0133859679612171 -0.0658602718471011 0.0131436268245312 -0.0306620368549438
0.0374015331011006 -0.0637778576135538 0.0296637652160766 -0.034230856624571
0.0540985945610453 -0.0514489947872824 0.0558856970812425 -0.025853657264408
0.0852621734720839 -0.0307115244507361 0.0628051522827993 0.00655280432633105
0.096848979105427 0.00500196546970342 0.0429240508333658 0.0345003164004545
0.083829269978151 0.0548239692350229 0.00481057624205331 0.0269467717428218
0.0709147661969413 0.0857892545307683 -0.0168184690051186 -0.0268775539870894
0.052744752627717 0.0641456707171149 -0.0739318863819426 -0.0624377729140455
0.0677539119219587 0.0570108310693035 -0.0733738793011393 -0.0849855928351693
0.0877056770538179 0.0269321142018088 -0.0747512975293786 -0.0752614694751106
0.0834281527683171 -0.0107036503090645 -0.0693379666219207 -0.051855333572841
0.0541399197492378 -0.0375076345661819 -0.0427354320532859 -0.0315102682656162
0.0358409964024409 -0.0451773628421777 -0.0278396650970915 -0.0355522102268373
0.0213681605447891 -0.0542315388595648 -0.0146472230923544 -0.0364058075743031
0.0136931131387648 -0.0490872883994797 0.00179742243558117 -0.0415816574128196
0.0180098484297787 -0.0497062683834133 0.0239888939736138 -0.04869048925535
0.0385799889651905 -0.0450904729427838 0.0437316372808969 -0.0470783253384866
0.0515447573649819 -0.0319165023532207 0.0687295427203577 -0.0299289534406592
0.0728645555200169 -0.0089593339569087 0.0664353162746373 0.00628683211631317
0.0770959800517026 0.0208698491083083 0.0382644384953122 0.0291077420563949
0.0589155732843613 0.0588939175085017 -0.00503997113181868 0.0137048778658772
0.0434159831478239 0.0788997575540609 -0.0310433683997428 -0.0504655381290446
0.0191535388296019 0.0375239113650918 -0.0841380725801598 -0.0681541239520557
0.0331761890708506 0.0349763531535029 -0.0833967970518322 -0.0808515271303921
0.04693460580629 0.0176830188098814 -0.0683190560423075 -0.069260749826631
0.044560114354133 -0.00309801005484794 -0.0584271727080899 -0.0507725046479075
0.0296781738898164 -0.0167719235031065 -0.0331464578909743 -0.0413962162058829
0.0227489954544827 -0.0211189797288946 -0.0212907466690417 -0.0499547000375841
0.017918075663851 -0.0284924018309533 -0.010621078958522 -0.050840421571431
0.0129720677393956 -0.0273607807607433 0.00897058767859732 -0.0541627330543673
0.0159110448229393 -0.0276216304600191 0.034555982911758 -0.0600751577803421
0.0281693258978922 -0.0242939709201097 0.0576511772067685 -0.0524257914613184
0.0356899979400724 -0.0148077860320532 0.0805124106567261 -0.027927364157504
0.0483634253800929 0.002112286719804 0.0699601765296038 0.00950310932095747
0.0482556717446765 0.023844407078876 0.0370892990752104 0.0239593223653871
0.0307584095340434 0.0479085656053065 -0.00759455819953334 0.0013487992608507
0.0134532365721427 0.0580184793776069 -0.0371278879648817 -0.0698389223194945
0.00757584534381328 -0.0154941632916433 0.0470367491874691 0.0845882869506677
-0.00780402862811896 -0.0200758697366202 0.0237273350219312 0.0153878597106117
-0.0160599690548308 -0.0146898240641475 -0.0324955390787279 -0.0269951227989755
-0.0125021934161531 -0.00345548894270229 -0.072578816265562 -0.0209874064958117
-0.00813580942691456 -0.00426187716760566 -0.0958497354697542 0.0185472176971249
-0.00979579738114219 -0.00376115102638125 -0.077669173162612 0.0604512729842295
-0.0141751892617569 0.00116297390526299 -0.0442865569000281 0.0723818049410232
-0.0121268686566177 0.000476527188806593 -0.0174303687004725 0.0677784521277279
-0.0153196113273519 -0.00296287757758693 0.00651586258525246 0.0603751934017433
-0.0146144356776363 -0.0113346174616038 0.0196375651050578 0.0589469122216218
-0.0100841543382271 -0.0163630313845327 0.029064995597136 0.0498248393963737
-0.00355631921854709 -0.0202986449270796 0.0434336387193036 0.0517800432663252
-0.000792806239684645 -0.0220845138902952 0.0542448031795216 0.0665969848055028
0.00944001427559886 -0.02252839236185 0.0698071930624145 0.0681124349832741
0.0184366279794045 -0.0162587850418577 0.0828635920464632 0.0638534722931572
0.0369662188227466 0.0202182463156706 0.0319149736836231 0.07581009630395
0.0202027027570631 0.011772491481199 0.0136813006690326 0.00854814000324216
0.0192816927692497 0.00664234403353996 -0.0413644466657007 -0.0343582303539081
0.0256402861824642 0.00379466246529944 -0.0788640070093441 -0.0282367547874751
0.0237252985228166 -0.0132008791985843 -0.100445828295035 0.014213290799843
0.0137428176189666 -0.023575433253905 -0.0821298886496166 0.0549392898118378
-0.000809405193856277 -0.0265016928407479 -0.0481086535334776 0.0674008535916931
-0.00760248455855154 -0.0256092164907819 -0.0200556410282003 0.0617665620267705
-0.0128400163032783 -0.0317052686410334 0.0047528922997483 0.0530358758461632
-0.00412839633508789 -0.0396559439912782 0.0196408099544206 0.0493861950040113
0.00779412232560629 -0.0414464873384532 0.0317173447593087 0.0410770388151706
0.0301738272332651 -0.039019319740149 0.0471807031979166 0.0447561173486338
0.0405121380861124 -0.0250077997128992 0.0546351881148693 0.0617213389183524
0.0471848076331736 -0.00317666630391604 0.066379356830127 0.0603136563348633
0.0533489501652719 0.0158477114897925 0.0762211569288438 0.0546275792680749
0.0614418495792285 0.0542119840774023 0.0133202253784824 0.0534243129527677
0.0484866309035143 0.0443460853905405 0.00239804516181891 -0.0106110319660133
0.0571562373585102 0.0272746249273816 -0.0528812763608325 -0.0478973500984448
0.0651281764002268 0.00756864597262646 -0.0863083095006302 -0.0357531112404019
0.0534904921227952 -0.0241049954432226 -0.0993839579163453 0.00939136284523906
0.0350762347251464 -0.0422394935736784 -0.0792854061604536 0.0445533589561635
0.0115601435544281 -0.0509600369585133 -0.0457923404349061 0.054607952569133
-0.00230605774911907 -0.0481476365248572 -0.0204787658739696 0.0471005349755255
-0.00867152264656304 -0.0552013046856327 0.00356529135434634 0.0372124110939386
0.00601020811236702 -0.0620747691436284 0.0192783415620443 0.0317928449357257
0.0221316635711214 -0.0615453994356495 0.0357098578645821 0.0247041777915581
0.0552122238608876 -0.0549752764491427 0.0520580323262617 0.0344567711336567
0.0739547776965791 -0.0282227859897136 0.0545678077541848 0.0552202695198405
0.0783671290581774 0.0116265900513871 0.0545888628246978 0.052775475549564
0.080013195236384 0.0438588099221522 0.0585619981498805 0.0393134354031304
0.0789155796465515 0.0779875303240423 -0.00884885704268137 0.0217494244288652
0.074746845871529 0.0691813587391345 -0.0127782925203435 -0.0366242675068936
0.093085309658412 0.0405226787889841 -0.0641934627963718 -0.0649219601678941
0.0993906415116197 0.00343309401057203 -0.0922881567570079 -0.0432232914996927
0.0750402082544095 -0.0372052951547694 -0.0920024590129178 0.00423937633632951
0.0495455001297375 -0.0577409280945919 -0.0695258907237311 0.0291322061564497
0.0206758183624234 -0.0688137896480431 -0.0394108192033883 0.0346366833578254
0.00289683944447053 -0.0636517022003748 -0.0183115423631498 0.0257329626261974
-0.00290446854456957 -0.0698003981183464 0.00373943588350025 0.0155423397577649
0.0169288435870011 -0.074400306844575 0.0190453760724768 0.009454485591567
0.0353030320982708 -0.071201201752363 0.0403559653273565 0.00461875528842604
0.0739418513032819 -0.0605258966286353 0.0564162340082667 0.0228583517571714
0.0956074664658056 -0.025831234210817 0.0528710162602471 0.0493342168102767
0.0963071228517826 0.0267362704092909 0.0385280571037889 0.0462815968482317
0.0939178905339372 0.0660525236737912 0.0336293854356111 0.0201020804988926
0.0852168553363711 0.0886277015216519 -0.0333444733385487 -0.0134120199048119
0.0910112583159685 0.0792115392167333 -0.0333460201755726 -0.0625399221888892
0.115816960640673 0.0430232448232588 -0.0736478779797162 -0.0771151759888958
0.118039063584947 -0.00548459542411605 -0.0908594783372271 -0.0490702898852668
0.0831369861314798 -0.0478219603252876 -0.0779330844364884 -0.0058369029596674
0.0533146912446139 -0.0651958860593047 -0.0553132715671117 0.00805578035455329
0.0244843994330319 -0.0768271389546369 -0.030277369591194 0.00944546367320205
0.0080685664770945 -0.0694124297963825 -0.0130337566392944 0.00116375530490492
0.00581469263542932 -0.0734669779716743 0.00648484644575702 -0.00849490231366635
0.0290888895414392 -0.0754748186984171 0.0222860345335369 -0.0144784558467201
0.047693741119975 -0.0677179787041199 0.0468384736450334 -0.013462932901379
0.0859955525298659 -0.051336380631184 0.0606164998385604 0.0121710900493487
0.104799522796511 -0.0134837535620039 0.0484319934756963 0.0425236272463606
0.0990334668577002 0.0426460967509866 0.020312247351723 0.0386519242622284
0.0902308657050123 0.0821603732625836 0.00667277560141627 -0.00266148460381674
0.0767794432966909 0.0834252696144207 -0.057592983167435 -0.0437617950072157
0.0896275959999657 0.0746078129647483 -0.0556075993414129 -0.0808353862483752
0.115121496418531 0.0376823149285807 -0.0780643094496258 -0.0811964869429176
0.112872818982935 -0.010977608913634 -0.0833348854223193 -0.0527662950490387
0.0756139075760835 -0.0490366735829598 -0.0603275812580927 -0.0193580910913963
0.0485739796080677 -0.0618746100593003 -0.0409944807995347 -0.0155133241801192
0.0239304461804445 -0.0719486977642473 -0.0217054150002721 -0.0157441628030248
0.0112268090497943 -0.0645847962676621 -0.00604129715787807 -0.0229529719046977
0.0144363610506713 -0.0667937262313627 0.0137523853377467 -0.031569862660902
0.0382517608083815 -0.0649157519672995 0.0310317199982869 -0.034648472951794
0.0554786418893007 -0.0522143233459627 0.0574210914446371 -0.0260424790521822
0.0872385117584905 -0.0310797129150748 0.0643755115794821 0.00689851024522899
0.0987892079552467 0.00587429160046274 0.0431896280430872 0.0358894169174711
0.0848955643725399 0.0560230176496427 0.0044996261786343 0.0273728063160889
0.0719131219979857 0.0877723695925607 -0.0166034499488788 -0.0274280098736035
0.0535882655891311 0.0651473152575982 -0.0751381533976971 -0.0646383109042413
0.0684321025022291 0.0584606972920438 -0.0737578432632861 -0.0875371275687596
0.089172894615187 0.0284277023268696 -0.0753718847398815 -0.0785842137778072
0.0858066652750036 -0.0104970859703341 -0.0703600582000432 -0.0533204111164109
0.0554814183210968 -0.0375793465108889 -0.0435463501924037 -0.033653308107039
0.0374848130953337 -0.0458709421549746 -0.0289607970131428 -0.0375077119736355
0.0215714250162319 -0.0552821405810268 -0.0141805150465835 -0.038023402827499
0.0138450297203278 -0.0499826156992998 0.00258183102573039 -0.0427237764861412
0.0188624230967807 -0.049806030856396 0.0249172409015526 -0.0498862728776634
0.0395314645391368 -0.0459740365998661 0.0452055858172982 -0.0473542842489697
0.0527870566063659 -0.0317658241417773 0.0705132018112457 -0.0304803093014614
0.0746200398444857 -0.00920121065370418 0.0680092171764101 0.00677756565136323
0.0783633440837481 0.0220295646724748 0.0387502495381214 0.0299115145869706
0.0591995155623075 0.0598382689153633 -0.00546608562474375 0.0140792453073914
0.0435546908562733 0.0801896249543001 -0.0311107010647954 -0.0517385283574235
0.0192979604060389 0.0379945554019522 -0.0848861114699329 -0.0714488254994804
0.0334850066218758 0.0357487438965304 -0.0842201434603605 -0.0831267826472264
0.0480268751807284 0.0186723006646867 -0.0691375605411698 -0.0720181293444954
0.0452096721314662 -0.00288774002522366 -0.0593477641416583 -0.0519727092820576
0.0297808824449407 -0.0167834506442492 -0.0335859881221406 -0.042921265981295
0.0233988593526928 -0.0212642136916516 -0.022148537203017 -0.0514345997304391
0.0174823070304573 -0.0283824818421799 -0.0099374474726808 -0.0520408480988298
0.0130376926050867 -0.0278613121315973 0.00943726302643052 -0.0556841261527978
0.0167932404141482 -0.0274492687826934 0.036438397397875 -0.060968725505748
0.0289945576231257 -0.0247241113185062 0.059621079635829 -0.0527472481577601
0.0363608709329175 -0.0144997008501494 0.0827740170993445 -0.0274045649472733
0.0494968727276362 0.00257174769324343 0.0716841202144586 0.0102884544608941
0.0485104662440323 0.0246034295529061 0.0374395557176582 0.0248977086093676
0.0303942753884485 0.0490429393018765 -0.00792059519235305 0.00128461718152042
0.0131093071401771 0.0586601973040316 -0.0368604956265254 -0.0712167433252783
0.00739231471968292 -0.0157684661197765 0.0532052203415542 0.0840931188623431
-0.00944935396917541 -0.0197753075998683 0.0271047830887735 0.0135111489724051
-0.0180615887458328 -0.0125727111142307 -0.0337506852315517 -0.0270488293525629
-0.0138994077809022 -0.00186813649267724 -0.0761176595706499 -0.018256630440222
-0.0102632810979509 -0.00265903677423409 -0.0968908807152208 0.0251211977859954
-0.0102594532036797 -0.00126772471562561 -0.0744339718894973 0.0665852826042056
-0.0138521281728127 0.00333481462502373 -0.0393752315771908 0.0766627456862865
-0.0120870699378036 0.00159029140525265 -0.0128996893451397 0.0711827886312622
-0.0160736419122893 -0.00162385228631014 0.0110330838167599 0.0627943755476895
-0.0163972218534472 -0.0105451705011502 0.0258367218072655 0.0608560225729704
-0.0121940308349108 -0.0154410404949037 0.0343308122333787 0.0507916753997024
-0.0065256965018844 -0.0204126494625057 0.0502362990783802 0.0525542118147172
-0.00407559594190091 -0.0223320700683539 0.0627220123364373 0.0681812729252445
0.00623248750574117 -0.0227251397540268 0.0775073564960325 0.0681165014375574
0.0167479083864498 -0.0166370305450975 0.0893567551683862 0.063165752519512
0.0406339266526087 0.0169635511848902 0.0345448172642581 0.0778696655247227
0.0220759938358891 0.0101428692588387 0.0142306518744556 0.00843942697320753
0.0204054071016469 0.00517263681422122 -0.0458165565816354 -0.0313675687630321
0.0256746977445696 3.66101564498646E-05 -0.0840453824709807 -0.0218357541585832
0.0214563369426122 -0.0148878623245308 -0.101174451015776 0.0229037448469853
0.0115256864579185 -0.0240563045595268 -0.0788588409883759 0.0622530199263397
-0.00365679434382689 -0.026361648719704 -0.0430313152335753 0.0734505428725916
-0.00939455357109938 -0.0252729148088037 -0.0158682584031336 0.0651608646644303
-0.0160826583436791 -0.0313335969656936 0.00875210361344905 0.0553879969975541
-0.00863602768161497 -0.0400546754831691 0.024906859134164 0.0515200411638794
0.00350879813823822 -0.042737940374665 0.0368990662004589 0.0414023361401811
0.0258527384339692 -0.0427231602745758 0.0524484084300149 0.0459511251682389
0.0384529915568922 -0.0282782682072919 0.0610088637357764 0.0627842455654996
0.0474790710799868 -0.00591560205807342 0.071816302430123 0.0583339753085438
0.0561308826700691 0.0140742228069477 0.0807793482680207 0.0505912096530648
0.0684156745221361 0.0480456234046121 0.0115031717392335 0.0575231961970167
0.0531386692852706 0.0401785852745568 -0.000853573443927418 -0.00844285297244914
0.0606940129623512 0.0216465046885954 -0.0603224987753968 -0.0422211650133435
0.0659393009407034 -0.000547697970950254 -0.0935285296787374 -0.0265993581029548
0.050390375818215 -0.0285472913084137 -0.0995008264969585 0.0199650495856856
0.0319262199374225 -0.0449710647024156 -0.0762401124391876 0.05266185346639
0.00633821544887029 -0.0529562445128134 -0.0407723761105088 0.0616310970779445
-0.0055438317182587 -0.0488497143147401 -0.016995307751862 0.049788949550485
-0.014428205243173 -0.0551697100291429 0.00634995916600152 0.0384740378643297
-0.000352778236460293 -0.0640635776843063 0.0237282058008568 0.0329836489939577
0.0163542580334293 -0.0642953076066602 0.0398842856674773 0.0244485570562364
0.0501456327436594 -0.0617234476571465 0.0571281177961691 0.0359032513256988
0.0723716897868154 -0.0355546725727313 0.0591908479968298 0.0566402535846739
0.0815529688628776 0.00632062052554779 0.0580519528305892 0.0494945088142182
0.0873013678575024 0.0414383788417627 0.0611598278121471 0.0333836534854546
0.0871605915049072 0.0704123146928251 -0.0146517304101118 0.0270482916459003
0.0814798632607868 0.0624749628905469 -0.019598156683767 -0.0328599327648908
0.0987028936592312 0.0310960333293156 -0.074451429555645 -0.0550223109116493
0.0996829253058266 -0.00835802591670403 -0.100014288040016 -0.0305367367339553
0.0707918988005658 -0.044444583008781 -0.0914870946578591 0.0148886054720419
0.0444982706397127 -0.062264450838829 -0.0664854445194936 0.0373344592700717
0.0130524737100665 -0.0723574133135925 -0.0344280446130083 0.0413356130705394
-0.00150935043945581 -0.0646192221677603 -0.0160042501797246 0.0275094218703511
-0.00944776116863239 -0.0705106592427968 0.00449059536696955 0.0157756942380384
0.00992084813542426 -0.0783740576694752 0.0216893471350146 0.0100558012892827
0.029045770060257 -0.0754051454574552 0.0434840615254758 0.00407941247081828
0.0692108421553892 -0.068936468168765 0.0605355086987621 0.0229628925953486
0.0952986388737681 -0.0350066850495058 0.0553361873933561 0.0500311815010675
0.101991988432299 0.0206632350709521 0.0398974357559472 0.0423266720015209
0.10329172011333 0.0635239269691314 0.0340141702833853 0.0119606994823908
0.0947694389534946 0.0793606416278021 -0.0427251449979181 -0.00705767689698932
0.098991120814508 0.070695556736014 -0.0428597439334431 -0.0576145505194012
0.12142246479238 0.0312609681007874 -0.0853675859182707 -0.0655997986105586
0.117787106830672 -0.0194662713700812 -0.0993707023066025 -0.0353955623263948
0.0786759335084632 -0.0559238022353137 -0.0771956120539998 0.00419452007759514
0.0484149562291026 -0.070492510431263 -0.0530862084988256 0.0147666088277355
0.016189527258144 -0.0810830447094028 -0.0268055233780463 0.0158713666690603
0.00243695502207082 -0.0708257183207152 -0.0125207959317593 0.00189560097947841
-0.00118477364130891 -0.0755520310377043 0.00594200674425543 -0.00976824226291567
0.0214912223239003 -0.0797420756128525 0.0228358321007492 -0.0149351953492408
0.042402752562919 -0.0723650149596131 0.0483260747293113 -0.0161766853803062
0.081639256366782 -0.0607971740351424 0.0631173319358687 0.0119865830400054
0.105942585277865 -0.0230201999704733 0.0498444292644682 0.0425501126165367
0.105600074299914 0.0359619944494362 0.0202787540519312 0.0346553852395201
0.101067248559806 0.0798570726803893 0.00556627609929338 -0.0106309882099267
0.0851720800322038 0.0755084813313095 -0.0684698949363425 -0.0375929719651899
0.0965731355181759 0.0665558129407738 -0.0664776054698538 -0.0746872180458503
0.119669028924087 0.0256236185476888 -0.0899388262952768 -0.0697109190879638
0.111772223889588 -0.0246326459713261 -0.0901596068685157 -0.0391034106682005
0.0701676840951136 -0.056680698220694 -0.0599496187706122 -0.0114955719633839
0.0432418485534585 -0.0671312332150111 -0.040568675663162 -0.0108935407763422
0.0160263311001136 -0.0763722151067977 -0.0204157692892011 -0.0113157138836109
0.00655503237434089 -0.0663046242194431 -0.00750387901956514 -0.0238680699410212
0.00770135764222485 -0.0691358540180249 0.0120555273312317 -0.0343769971756054
0.032170266933079 -0.0696723316336382 0.0305528715484474 -0.0367543937516315
0.0520901812853781 -0.0578121606976872 0.0584669877904399 -0.0303913758969991
0.0857985489724438 -0.0396282685791109 0.0667302161059363 0.00473859276780936
0.101901901635803 -0.00218857320391323 0.0433379544147403 0.0355775903270287
0.0926979747107603 0.0513580213921118 0.00375266853282612 0.0237922067812233
0.0825478616075716 0.0871916511491764 -0.0183140071216356 -0.0346802792956896
0.059247642401668 0.0599375122946152 -0.0862822449111221 -0.0593535925729351
0.0729571254462057 0.0521010584015893 -0.0851115173465819 -0.0820204254221642
0.093063279919215 0.0196027718757039 -0.0860297984009349 -0.0689858418609397
0.0837465030471746 -0.0207883375133017 -0.0765507637297079 -0.0428733039413252
0.0514939756933712 -0.0427629230652379 -0.0444752488689974 -0.028308500582299
0.03366950893673 -0.0495160409124879 -0.0303041421502797 -0.0346792590511803
0.015283053736187 -0.0584503875068357 -0.0149400869046493 -0.034858255935292
0.00961507275149655 -0.0514599308179955 -0.000520479737568778 -0.045283950728335
0.0141466069187701 -0.0524301261266354 0.0222181977223163 -0.0542877244677888
0.0353017219381125 -0.0507523012993108 0.0442465540001415 -0.0513893146941976
0.0509071879615174 -0.0360289485187741 0.0718460355879379 -0.0360191072780672
0.074737137833404 -0.0161031112996871 0.0705889329623824 0.00408712068278315
0.0820598562314086 0.0159860569038031 0.0393098192987019 0.0282950120854358
0.0663692079691805 0.0573702209396852 -0.00608226861210931 0.010496135699262
0.0524920750075648 0.0807543683613492 -0.0345457085970391 -0.05804413661302
0.0222615402410995 0.0367713716769568 -0.0943375092189716 -0.067796583342359
0.0353949068799138 0.0330082881616332 -0.0933375620375936 -0.0780688897872758
0.0486537406702059 0.0142486982213776 -0.0771332752669784 -0.0656840018432377
0.0442868782401628 -0.00826998063563406 -0.0649447278684293 -0.0457166540444044
0.0274376445477201 -0.0191304608465132 -0.0366913526697903 -0.04060721139612
0.0211968610871713 -0.0233502552380854 -0.025635074845495 -0.0499591600081626
0.0142164614513671 -0.0312539920093373 -0.0131702782085527 -0.0506965503779257
0.0106310225409806 -0.0294364029532299 0.00559373533387772 -0.0586445508398772
0.0146053114562055 -0.0294672725964539 0.0333380767570635 -0.0669477201835452
0.0272649806270346 -0.0268958921091544 0.0587916831725303 -0.0579059837426065
0.0358030313801553 -0.0169494534598035 0.0852473109163558 -0.0342177711136229
0.0499814219950122 -0.00188698631932978 0.0752858698264847 0.00664653399041305
0.0518300780874782 0.0219940616846158 0.0392154468584712 0.0228347358545321
0.0350480826964615 0.0483180463196981 -0.00884395193750583 -0.00125557140414561
0.0194619477691998 0.0599342704441841 -0.0407479979370376 -0.0757625178620279
0.00711152796685843 -0.0155333790569206 0.0569386915310708 0.081807261098045
-0.00965825027342684 -0.0193110994659501 0.0279269077802151 0.0113636648039625
-0.0186133688858973 -0.0125048664504991 -0.0367513094002287 -0.0268744260875595
-0.0141449861056376 -0.00212096563164706 -0.0790310649656231 -0.0150430172619713
-0.0101237344255249 -0.00250099876817138 -0.0979154808330505 0.0298219815572561
-0.010732574844285 -0.00148360478370716 -0.0725953680594894 0.0711219928005979
-0.0138185515365004 0.00375614884759984 -0.0369968137444675 0.0802710179520935
-0.0120241657985899 0.0017731304895143 -0.0097371436458556 0.0743460389291043
-0.0164672719832664 -0.00118584289344977 0.0143301823609949 0.0639434306094449
-0.0175706257374157 -0.00945641386621251 0.0296955540338276 0.0611157998102824
-0.0134838737946552 -0.0150404687764705 0.0373875763309653 0.0512319082759372
-0.00784638873785346 -0.0207557609757434 0.0531224415431995 0.0523640908590223
-0.00490060515033927 -0.0223440247363707 0.0670709251152995 0.0668555642695609
0.00588041436673069 -0.0230078751381726 0.0823903236295977 0.0667856359608957
0.0160600857272834 -0.0176281075283118 0.0941034631353871 0.0608609642245891
0.0423572107568988 0.0157287882820499 0.0388035633384266 0.0770474153748964
0.0238187516052559 0.00978458438853694 0.015500339081697 0.00742641188453571
0.0219834236080597 0.00360881116488713 -0.0492425632136255 -0.0302857884794889
0.0269768332867648 -0.00192611645129949 -0.088123791594117 -0.0189904299734742
0.0213432160256941 -0.0172233317786567 -0.102640929365166 0.0276592838151929
0.0105540720022297 -0.0258377364694891 -0.0779563075352087 0.0668194236402639
-0.00487754033993092 -0.0267292229023505 -0.0404417172873752 0.0767039689475338
-0.0110234490621612 -0.0256619020965893 -0.0135147938507601 0.0677511003987441
-0.0178492094702565 -0.0311225883841279 0.0119227181973597 0.0557188933463973
-0.0105176540223421 -0.0408149884854676 0.0284395357632437 0.0510474847380653
0.00188221499637687 -0.0437135831139197 0.0394137541091304 0.0406453903235536
0.0243410373797642 -0.0455903380158662 0.0562061027823583 0.0449577512271823
0.0376860766784728 -0.0309965027736321 0.0658097937287082 0.061069171105462
0.0488721778655519 -0.00777859481348261 0.0757475934062261 0.0562836484703898
0.0580309135593794 0.0122375446472517 0.085435977216098 0.0480510329688315
0.0720788557982622 0.045637998664055 0.0135985448164411 0.0573307504992278
0.0575386375173352 0.0391159173268326 -0.000516488679734612 -0.00922906637749944
0.0642225200572884 0.0190297557134703 -0.064109644780358 -0.0410447444326075
0.0679669654096076 -0.00500358618489977 -0.0974933635840341 -0.0227475181926523
0.0502488424361531 -0.0324387427979164 -0.101534651497579 0.0239036702752658
0.0298184174498394 -0.0479217018949536 -0.0750603524994073 0.0567365335436703
0.0037228934911176 -0.0542218723647164 -0.0390997904056655 0.0635964210129562
-0.00879855020279834 -0.0495022933572009 -0.015824635574214 0.0523926605938415
-0.0173265181931911 -0.0556847227955472 0.00810518858420475 0.038967714330582
-0.0035578981801603 -0.0656188995656679 0.0258797383585797 0.0327887756048529
0.0138380625194751 -0.0660427405018763 0.0421318547321862 0.0230393580138289
0.048282164476612 -0.0660676518796327 0.0599688625051825 0.0336453564563095
0.0721522237121755 -0.0395914600986996 0.0635843429413733 0.0553630017694266
0.0844327126185237 0.00296860955070094 0.0619885828668727 0.0481816580368094
0.0912304123729127 0.0385583862154118 0.0647519540393484 0.0308702769642307
0.0924523387859208 0.0673206739815218 -0.0141507605847256 0.0275697805678621
0.0871843542351901 0.0604002777083501 -0.020925031507899 -0.0338098685297489
0.102794244303561 0.0273070134920927 -0.0790262717432728 -0.0545248570343606
0.102676011471157 -0.0141436267359003 -0.104079332247465 -0.0268790726153361
0.0704331689638238 -0.0495180533812825 -0.0934126945242813 0.0189187018883541
0.0423028765026334 -0.0667313004705255 -0.0663001345878482 0.0404104799888056
0.00925655608600793 -0.0744884766970403 -0.03351659208618 0.0427136394250763
-0.00529473431315156 -0.0661844758064879 -0.0152705461288924 0.0295484045086763
-0.0133041049849819 -0.0715741533484864 0.00508580452678121 0.0153864098372633
0.00549534494975941 -0.0807848059001422 0.0228566596349109 0.00881645916859732
0.0265747366210883 -0.0778831528229193 0.04454908282187 0.00186409292498715
0.0671329113111381 -0.074559612730761 0.0626866277279719 0.0202170743297015
0.0960896684872849 -0.0403149241765599 0.059404486426237 0.04846737902657
0.105643764531191 0.0161409360911578 0.0431380054301153 0.0415536481193789
0.108773704345451 0.0601786051870338 0.036294453520093 0.01131203049574
0.09998646168792 0.0759414290570952 -0.0442105558667495 -0.00566206228160742
0.104932448135651 0.0674389065695047 -0.0456794511890492 -0.0575437554741778
0.126411389792641 0.0258086341333743 -0.0901685931193708 -0.0640470454639146
0.120258998000934 -0.0257682136653318 -0.103495228449529 -0.0315358769579874
0.077771023581754 -0.061374764695318 -0.0793180281818503 0.00691651847504385
0.0457596689261075 -0.075432583601006 -0.0541413387314762 0.0170461356432733
0.0120595970092465 -0.0828663483060607 -0.0270774328905849 0.0156714218639261
-0.00141130307159018 -0.0721883580560282 -0.0131193488348574 0.0026042981395921
-0.00532809229214748 -0.0767265491891199 0.00533681464643857 -0.0104434105733114
0.0176999433276041 -0.0831013710354278 0.0232925454199938 -0.0166269989524731
0.0399054055376294 -0.0759872898712536 0.0488739491346537 -0.0193202754673565
0.0808868053305673 -0.0666311813362096 0.0652011317107933 0.00858078585274261
0.107614812392222 -0.0282481064846001 0.0536267311485175 0.0411800207656593
0.11072559845475 0.0318965421088072 0.0230572605317836 0.03448053733013
0.107722564411873 0.0762131914162185 0.00514514798699808 -0.0105478412041946
0.0900592629131435 0.0721270930716723 -0.0717567320579753 -0.0354687493205255
0.101379648763153 0.0626594547513297 -0.0707946619555249 -0.0730383213875713
0.124252746052705 0.0205678975712615 -0.0947352378333184 -0.067949346391588
0.113649207558151 -0.0308092916316705 -0.0945637786335408 -0.0367452617023357
0.069431690333691 -0.0606763940192166 -0.0623857865482075 -0.00973956139555519
0.0408480480500518 -0.0711840864352831 -0.0422654993100615 -0.00973771192407835
0.0125655339338418 -0.0779036222982862 -0.0215316216952925 -0.0123596847378907
0.00257889723355301 -0.0676134083195416 -0.00909045645113584 -0.0238916156775918
0.0045364291432556 -0.0708689720503243 0.0103657156091411 -0.0363018243965743
0.029123994830739 -0.0731193500969089 0.0300574343850673 -0.0392513806741591
0.0507022589128066 -0.061411066346913 0.0584354603410904 -0.0346534117486857
0.0858201955060993 -0.0453491825476276 0.0683535920793587 0.00138656314065277
0.103887508646752 -0.007547143972589 0.0466308721237366 0.0339033820067339
0.0968507551646009 0.0479219363070304 0.00550229349145229 0.0246283200723869
0.0892571253513728 0.0841673919172116 -0.0204337037065787 -0.0342988543990488
0.062849655234438 0.0573732311284105 -0.0911554064211813 -0.0570800922500175
0.0771771216104192 0.0493707569313558 -0.0901226818206878 -0.0800152263175297
0.0954796125929871 0.0157970515684579 -0.0902250162454418 -0.0673184114481778
0.0856288326403693 -0.0256641650635761 -0.0809092906511137 -0.0405718958280598
0.0505217407777892 -0.04579574871892 -0.0472310462813533 -0.0277370964637079
0.0315201334403925 -0.052600509044176 -0.0335855295638233 -0.0338880980350788
0.0125571102446153 -0.0596854834092584 -0.0170332187489523 -0.036391853731216
0.00694862477061441 -0.0522468046830594 -0.0024789977046043 -0.0461749375109673
0.0120117655056198 -0.0544755758304583 0.020012014774263 -0.0569045822318946
0.0335203960451389 -0.0536499849401359 0.0430915904226091 -0.0545446952308135
0.0506401123894283 -0.0391018771879803 0.0717217566075585 -0.0404197860249304
0.0758571229041517 -0.0205968461081412 0.0725784350839867 -6.50592757057409E-06
0.0842578533873819 0.0125589558472576 0.041698212813364 0.0272084684574706
0.0700022328922659 0.0553900199634443 -0.00561982834806219 0.011437711004183
0.0581591779219073 0.0792048094366929 -0.0376404237448807 -0.0569435543111472
0.0240653059671815 0.0355616151166598 -0.0999438775930193 -0.0649371583013535
0.0370950736044823 0.0317836689455254 -0.098892519936697 -0.0755394542926674
0.0507144383036336 0.0121589573116457 -0.0824517628506164 -0.0642466416755193
0.044979041652878 -0.0103340047226057 -0.0684715854700338 -0.043996781415232
0.0271867928743425 -0.0207085410748699 -0.0397269572886516 -0.0400069915353264
0.0210517367598626 -0.024834756570454 -0.0293205766981216 -0.050338161302158
0.0126705679540845 -0.0326246470280825 -0.0152767931025964 -0.0518857910677897
0.00890751503352166 -0.0300418558913199 0.00335167693169707 -0.0603048629280632
0.0132752073460214 -0.0306789333174537 0.0309435875607478 -0.0704060704067901
0.0259520224409621 -0.029083596217969 0.0582810200744114 -0.0623717825788785
0.0361761585932533 -0.0190412303008121 0.0860076492343836 -0.0393650047660601
0.050856731925311 -0.00433224292169152 0.0774239009091237 0.00301888904459421
0.0535394379161634 0.0200862028317357 0.041357089669634 0.0216334283595991
0.0376799121948398 0.0479700793550937 -0.00865740251097578 0.000271196465024025
0.0228142499646356 0.0600672102869048 -0.0450424641095596 -0.0747754474581047
0.00673080409825582 -0.0151630152341831 0.0603594535236883 0.0774143180518225
-0.0100489805233101 -0.0184156638358763 0.0285621068559776 0.00893688100879188
-0.0189175032478488 -0.0117842873679669 -0.0381764346058412 -0.0251977869462849
-0.0144187952362792 -0.00208584924436871 -0.0795236622647094 -0.0106915431585652
-0.0106308876510378 -0.00258954121132277 -0.0956881518928498 0.0355787616409385
-0.0109226514503375 -0.00102427768184768 -0.0681065304012137 0.0742048789726442
-0.0125647255248507 0.00457505065187281 -0.0322390945584964 0.0814271984897242
-0.0119634136866985 0.00263646212517264 -0.00598119237201495 0.0743282886173238
-0.0163197925679374 -0.000366564069491291 0.018048534208255 0.0626977720136899
-0.0173235581360985 -0.00810738903361126 0.0332463889542839 0.0585775300774962
-0.0138406149567126 -0.0138315910607472 0.0403419491214799 0.0488742273976238
-0.00912268491457019 -0.0205686338590223 0.0555909345332581 0.0492298726112767
-0.00616466883384945 -0.0216980162982402 0.0716028248473376 0.0625271696221519
0.00462926746319986 -0.0226011443091805 0.085480835065832 0.0619109515241987
0.0149144240559087 -0.0171282447958487 0.0978120301736651 0.0558721706181421
0.0433163850596447 0.0135420271270532 0.0414122206940187 0.073449507420761
0.0247085344930118 0.00836597817778251 0.0158020219776817 0.00536206453864663
0.0226296388876339 0.00228793678485013 -0.0505725062153529 -0.0282187161666558
0.0265827685942516 -0.00432877168617309 -0.0887665538887232 -0.0138987493877687
0.0201821184094305 -0.0186341606319561 -0.100645884490102 0.0329358740154691
0.00850899171728845 -0.0270195099629614 -0.0734038288638892 0.0704794382531802
-0.00581202036172316 -0.026309336160424 -0.0362302438429575 0.0774261187240913
-0.0124982441888636 -0.0244871767440751 -0.00934762619591437 0.0684010031782647
-0.0199597123154851 -0.0301796781984822 0.014846836633275 0.0551781107768478
-0.0126681278559173 -0.0400325021130188 0.031335429427321 0.0487126873969569
-0.000492024117180512 -0.0435648732924063 0.041563758687999 0.0382119255543242
0.0212664234972453 -0.0471656566703958 0.058460001098093 0.0415154656370712
0.0357277662697081 -0.0326034596592825 0.0695819572982694 0.0575364435915438
0.0486087438594046 -0.00986381711395464 0.0785815948728926 0.0515496217584298
0.0584020823319026 0.00939694659763852 0.0882112662697266 0.0433595791386987
0.074225227386173 0.0414611871713044 0.0163729019718326 0.0558916671441458
0.0594982994527039 0.0355373604976099 -0.000529436709732492 -0.00999125553315057
0.0660115104702666 0.0150002408139272 -0.066280322249128 -0.038049316085962
0.0676589677034552 -0.0100177867153899 -0.0983854183454818 -0.0177486084277047
0.0487994428373978 -0.0359696764761118 -0.100058426928175 0.029139890436345
0.0264319310289531 -0.0503165121260229 -0.0716133169705167 0.0599862808112852
0.000674547802566287 -0.0540606043015671 -0.0357911006223291 0.0639747395703578
-0.0116626887776889 -0.0480354519903251 -0.0124319858546104 0.0532859748625463
-0.0209244935074345 -0.054629995675156 0.00993905097737314 0.0380137960557676
-0.00791192036726711 -0.0649608897213168 0.028137600495592 0.030380178952369
0.010015626578489 -0.0669892820810998 0.0426064298069448 0.0204196638060817
0.0439034451614262 -0.0693524340149193 0.0614122616545558 0.0300885932585767
0.0694342986501313 -0.0434869980294042 0.0671542245196754 0.0504537400767994
0.0840269437403458 -0.00111541104199891 0.0642491279002791 0.0444004945072205
0.0927526521024889 0.0333301780749293 0.0666233598651333 0.0272487832236798
0.0951941031132785 0.0616948988109776 -0.0128260473984276 0.0278214553635947
0.0900345677862941 0.0550430310789929 -0.0212799230811793 -0.0325177859218687
0.104856455643967 0.020758456123382 -0.0817963108837175 -0.0503715047707684
0.101638670865553 -0.0215211382211225 -0.105382336092462 -0.0218266537219648
0.0675797554334893 -0.0535052008345706 -0.0921072804737645 0.0226182181909805
0.0376893520035294 -0.0691552697715837 -0.0638434766752525 0.0436962708046715
0.00543895918037403 -0.0740728355496177 -0.0316663812807155 0.0424193443749403
-0.00912358244720989 -0.0647620438936322 -0.0138280303917514 0.0302267864752424
-0.017982221450014 -0.0706165106882989 0.00596865024516217 0.0149338231942017
0.000769812867240751 -0.0802628799646297 0.0233704618491004 0.00735153950227399
0.0220235911176932 -0.0793941123502117 0.0441129337201451 -0.00107564908321974
0.0618284785774717 -0.0787721673710635 0.0638571328412022 0.0166657008777722
0.0930848033648393 -0.0457768412592499 0.0623634255775801 0.044658109690279
0.106210887779842 0.00997214008510471 0.0455166979735621 0.0391051569889738
0.111615934971772 0.0533280538672447 0.0368117487797363 0.00897064602347075
0.103376010386816 0.0694017763061601 -0.0439698441566873 -0.00374177691302106
0.108284044021789 0.0617570024035562 -0.0476971068426821 -0.0548797154863794
0.127828706656513 0.0178141621764116 -0.0942053331807423 -0.0589484198264256
0.118479930661726 -0.0339456434487317 -0.104452492482167 -0.0263871742590547
0.0742706250272361 -0.0657864305423596 -0.0785320434091942 0.0106430589370642
0.041189709021814 -0.0781501808134684 -0.0532978457717113 0.0201815496719494
0.00733052051391926 -0.0824698839676281 -0.0266803277626876 0.0150741969750448
-0.00600190644677141 -0.0710830500909173 -0.013235532321343 0.00336834889086371
-0.00997930498867082 -0.0760682869241896 0.00450121938572477 -0.0107344095620177
0.0124715017524003 -0.0840116899722354 0.0220258973471299 -0.0183275400330591
0.035917555266357 -0.0779635816800938 0.0470541125651007 -0.022177829453574
0.0762260571360532 -0.0718661268111404 0.0653445950517388 0.00458328685417988
0.105118166350523 -0.0345203672059161 0.0558998525462371 0.0376806077192541
0.111558429747925 0.0256958058972398 0.0247552677337847 0.0329619089113025
0.11186059410315 0.0693462135412418 0.00524320406404734 -0.0105616590553985
0.0933917363773691 0.0659796397943169 -0.0732810469647666 -0.031937623576038
0.104671871170948 0.0567638871652188 -0.0735959398256489 -0.0692867496994802
0.124818179136411 0.0131888414098858 -0.0980369083218502 -0.0631593107178602
0.111105187815672 -0.0383645381480922 -0.0956117790441589 -0.0312996279500044
0.0660760748312566 -0.0642011728185287 -0.0630620330554338 -0.00718884564281727
0.0361271602141264 -0.0734150083010392 -0.0434638526161371 -0.00679855051833924
0.00737360576520173 -0.0772545754601623 -0.0223105509716515 -0.013314946259652
-0.00144266842603024 -0.0667967195247005 -0.0101317542130483 -0.0231252647050899
-0.000329542156524207 -0.0707883226615964 0.00783298249372805 -0.03640799276437
0.0237940330897207 -0.0744665336061025 0.028104610072859 -0.0412731686332251
0.0470048959547361 -0.0643325629181729 0.0550623932739989 -0.0379280611632794
0.082990672987453 -0.0506569298613959 0.0678493719994047 -0.00301550592388491
0.102914256442006 -0.0134161486126471 0.0485743995136044 0.0309821228455701
0.0986792440891294 0.0425384262206824 0.00659150520809722 0.0241458077618233
0.0938821083042426 0.0778980889406091 -0.0222342604140453 -0.032437299432528
0.0654498133810669 0.0529623197189018 -0.0930217350026988 -0.0524528444776075
0.0790310704412117 0.0455486883097194 -0.092919135251336 -0.0742676481366595
0.095968331942454 0.00959051682315014 -0.0939700601261399 -0.062384101784685
0.0832669471709973 -0.0302797188238024 -0.082187627508308 -0.0363189009522899
0.0478370077480261 -0.0481145014908319 -0.0490803024509877 -0.0255105460888192
0.0289711426265966 -0.0543008177372593 -0.0354741127726972 -0.0322718318836109
0.00894656458367044 -0.0593123425431894 -0.0194840421721097 -0.036569067039009
0.00336776275814783 -0.0524716395039477 -0.00578137938347332 -0.0459835228194458
0.0083284489716278 -0.0550915668801525 0.0168627944532774 -0.0576923563647446
0.0299341983806567 -0.0553382330256543 0.0401989279022592 -0.0573322427323334
0.0484744722027212 -0.0420956713063597 0.0693339742783211 -0.0452898648930889
0.0745070439306053 -0.0254187051978347 0.0726405092371772 -0.00424590494652503
0.0841518498160726 0.00760316576262046 0.0430001656210256 0.0248082926583636
0.072289794204374 0.0512790920544686 -0.00486094646700182 0.0123042626145152
0.0628989575175777 0.0749619980587554 -0.0401899925810689 -0.0539542949195825
0.0258883307983376 0.0334535258884326 -0.102888429086207 -0.0597266171591282
0.0385483040619906 0.0298266893524535 -0.101510297060479 -0.0693693726457138
0.0507856903340352 0.00913177796492012 -0.0853626576790867 -0.0595176578143677
0.0443963603384727 -0.0129077086237714 -0.0706439172162061 -0.0396284667372584
0.0262983380035883 -0.0212995657973567 -0.0421004421240485 -0.0381670960876221
0.0193935644773873 -0.025797614172308 -0.0322738766984418 -0.048069752371701
0.0105519196216939 -0.0320875951289852 -0.0185290191165194 -0.0515947210719716
0.00704402775813996 -0.0302090640001186 8.87799242543384E-05 -0.0607112240452702
0.0108651622293618 -0.0313461400297783 0.0262164849970531 -0.0715079436939727
0.0236153639181268 -0.0297200621668645 0.0551628194323872 -0.0648607317515774
0.0345104873285937 -0.0208168692724251 0.0827874671360825 -0.0444496847699392
0.0498991666914143 -0.00764928550462304 0.0773331046738834 -0.00129416228196984
0.0540598534811363 0.0166723179979851 0.0423292871252994 0.0194273227277218
0.0396960918822327 0.0450590722745734 -0.00869230433920853 0.00125454912127976
0.026129469734722 0.05711423724659 -0.048954112506887 -0.0706428700236495
0.00678153214794654 -0.0143946358014535 0.060705369895434 0.0721955981389454
-0.00974170586885832 -0.0172635788262921 0.0280183196320807 0.00665918822881223
-0.0184034311534725 -0.011116188379046 -0.0383196375930776 -0.0228062757234201
-0.0140156023750204 -0.00194604239845766 -0.078276097291423 -0.00698166937026144
-0.0110110612946794 -0.00293325503663221 -0.0917472757497828 0.0382796579862729
-0.010531587297509 -0.000737821886891556 -0.0630290053534947 0.0745945993596896
-0.0119544146393068 0.00472375684880823 -0.028158293824304 0.0802867061287882
-0.0114618090465179 0.00290736982441882 -0.00196305321690336 0.0728203069762052
-0.0161093669954774 -2.14453567079292E-05 0.0200447797919993 0.0602669284630587
-0.0173976156942181 -0.00742162855095926 0.0348750239408257 0.0550006678043555
-0.0143725270105049 -0.0130220758473586 0.0408502508023772 0.0465075894140063
-0.00985998814921055 -0.0202446314394836 0.0558177686611714 0.045906927259317
-0.00680176312330648 -0.0209804358915531 0.0715082300972647 0.0578706879431481
0.00443423619766667 -0.0219424805466936 0.0850875286529329 0.0565301092813716
0.0136285228676125 -0.0166263810231808 0.0974696307026 0.0504355629900238
0.0431059443001327 0.0118131506685279 0.0422803206482138 0.0697021382984061
0.0248318496076526 0.00741007656017672 0.0157276387790323 0.00409344730913502
0.0226521810448656 0.000667406636727955 -0.0506736253843784 -0.0257142182932741
0.0262166164724547 -0.0061802035058085 -0.0873895405867015 -0.0105644120615251
0.0186934165403549 -0.0199065079732534 -0.0969262661220266 0.0352230148195016
0.00652774303927754 -0.0271777477774473 -0.0686853983008764 0.0708894529125328
-0.00626872588416568 -0.024970446166323 -0.0326562573513939 0.0759346384079271
-0.0133936627502295 -0.0232473832649006 -0.00617524347947424 0.0673065290436003
-0.0207114040169383 -0.0285238625422545 0.0164964188631071 0.0525833476468949
-0.0141320656296323 -0.0386501779697072 0.0326536347405946 0.0456944416238394
-0.00201017514231226 -0.04232148014833 0.0419625873490399 0.036209447200558
0.0181719681711163 -0.0471008153024724 0.0580990747884038 0.0384128731706605
0.0339753003962903 -0.0332746555137026 0.0705418946559466 0.052691327802977
0.0473999450564766 -0.011730683570944 0.0788707569238952 0.0472156331594401
0.0570038117835205 0.00685181357537379 0.0875295068081002 0.03886883742994
0.0736345897394986 0.0372500177259561 0.0172385193454501 0.0530836089453451
0.0599292487103273 0.0325933537409372 -0.000324357709562897 -0.0112319260198249
0.0652617469715287 0.011312598989143 -0.0659436236059108 -0.0347010859449144
0.0655846491160752 -0.0135178346027447 -0.097137125337212 -0.0141094594026607
0.0455343848855595 -0.0374751660533116 -0.0965264266014866 0.0319034133265203
0.0230976231489584 -0.050841584860645 -0.0677460934611322 0.0614254924022389
-0.00181634169385651 -0.0523133793709708 -0.033257794867927 0.063011427652658
-0.013469069675547 -0.0461845581616653 -0.00974239546956745 0.0526858507687301
-0.0227127053348579 -0.0518837815352796 0.0112633600119514 0.0363094544305766
-0.0104530725176978 -0.0628961178630101 0.0287488310140217 0.0278172543592647
0.00698915417645426 -0.0657029512876566 0.0424244975416924 0.0186158892354519
0.0399066022702073 -0.0694769832727349 0.0605548418847721 0.0268009654790508
0.0664248459789941 -0.0447647931690148 0.0681308842506972 0.0467069799988708
0.0818692193508877 -0.00442956699307009 0.064757569369535 0.0406313356035203
0.0917512217675743 0.0289250881310958 0.0661824540452794 0.0239861087408321
0.0947856430659139 0.0557579214999377 -0.0117414366273227 0.0270432676909851
0.0901859962533979 0.0506991510921238 -0.0216126807718887 -0.0322205210612299
0.103648918646944 0.0157412968189998 -0.081757042730221 -0.0464367502313757
0.0985405952239517 -0.0254775532570772 -0.103925096211984 -0.0175330785653164
0.0640606455686549 -0.055201672523189 -0.0891599884967931 0.0252519234161514
0.03340103295882 -0.0693714626532411 -0.0609771251393741 0.0445790771388264
0.00216142711712872 -0.0722981099905047 -0.0303059474563112 0.0410097404819705
-0.0117691999778653 -0.062126911884577 -0.0120148338071924 0.0298254583329625
-0.0207161190279796 -0.0676564990265382 0.00626129369718879 0.0149426971466368
-0.00315146790814117 -0.0779152419996571 0.0235243255834952 0.00554807619694503
0.0185641266690904 -0.0781860795783142 0.0419194025948781 -0.00299595700060262
0.0566995682276035 -0.0797991287255826 0.0623817105501932 0.0134982348846331
0.0889542775221232 -0.0481028672205908 0.0631660417864613 0.0402168138730191
0.104185329722661 0.00583229469721325 0.0461662119878104 0.0365907834612624
0.110937079105401 0.0471572413569352 0.036580936265807 0.00764167841860851
0.10227693551997 0.0635133911151842 -0.0428011973255371 -0.00288754174004818
0.107846427184293 0.0556778067846195 -0.0481061033195745 -0.0524499435622441
0.125449162195294 0.0124072280877447 -0.0937442585500949 -0.054454816945419
0.113508988507943 -0.0384011390520787 -0.103206871259592 -0.0216537194889715
0.0696269604763194 -0.0665974159653911 -0.0767925997856254 0.0124187737390874
0.035821450573186 -0.0780602188971337 -0.0510697180446609 0.0214193518958637
0.00389724362781428 -0.0798087703856145 -0.0265228530027433 0.0139818536012024
-0.00876125445822016 -0.0682807268600255 -0.0126966292461452 0.00395503869506552
-0.0135619645846807 -0.0732429624089612 0.00387587709073963 -0.0104021382861903
0.00786162028299151 -0.0814503775661358 0.0214009337226889 -0.0188977112096878
0.0320575043279886 -0.0777002350023294 0.0445299124715253 -0.0234339055473966
0.0706795654849782 -0.0741987503113048 0.0637083301248915 0.00177687888835482
0.101202657404352 -0.0380845961400656 0.0560035613982696 0.0343149041145906
0.109415842616405 0.0207023892083068 0.0257823084572296 0.0314462875110705
0.111994216291767 0.0625297113848715 0.00518905171654301 -0.0106414227936781
0.0924514084250654 0.0597752662949096 -0.0720204487115975 -0.028833458937866
0.103766640750309 0.0513327891721352 -0.0733494270452732 -0.0647111918504798
0.122070022432279 0.00724411586631174 -0.098047032250943 -0.0580381414085145
0.106667734299528 -0.0421717776440805 -0.0945655151070293 -0.0265160988797597
0.0623415169296256 -0.0654054358561974 -0.062287059593221 -0.00513630098558622
0.0320499986770566 -0.0732427874095599 -0.042570991766461 -0.00527365697726641
0.00469691851344347 -0.0745833861806159 -0.0237820300092938 -0.0129876468384306
-0.00486941136021743 -0.0638741385638173 -0.0108710959709713 -0.0224115225729117
-0.00369928276207278 -0.0684291088726253 0.00629817387560616 -0.0360497592746282
0.0201080201745081 -0.0733007385973476 0.0257982378111359 -0.0414913029233855
0.043549065780652 -0.064521846144139 0.0518047851388911 -0.0393085214515203
0.0775671323044697 -0.0535163010083102 0.0664125096257109 -0.00524084696311623
0.0992019386202309 -0.0171468999729074 0.0488495704437459 0.027767797226277
0.0976073596411681 0.0375343166220899 0.00762710790933459 0.0237862280489779
0.0946096260022755 0.071199559177273 -0.022112540877901 -0.0305683615991132
0.0651547049098905 0.0483318042738566 -0.0927128214594008 -0.0484524479602645
0.0784040729366961 0.0408574028047354 -0.0922258116661484 -0.0687020207276226
0.0936907138663756 0.00554893917664113 -0.0939427005235542 -0.0580844063520421
0.0799160113737137 -0.0329154323431184 -0.0811488133560707 -0.0327121642328995
0.0450684074487157 -0.0485300558199485 -0.0488216406233774 -0.0233087269033213
0.0253056068080867 -0.0539033921968359 -0.0357777273397934 -0.0300906536525436
0.005636990416768 -0.0570095309063457 -0.0204692581447254 -0.0365350999257819
0.000662492056918761 -0.0503405513912314 -0.00706489270233842 -0.0443444056919141
0.00577896436553322 -0.0531804786426497 0.0133423409834318 -0.0572141068172295
0.0260445405471019 -0.0543236106784676 0.0374634277649948 -0.0575535138978831
0.0452339172240863 -0.0430509556028244 0.065316594211782 -0.046622699479379
0.0706421491672684 -0.0280209116998084 0.070643814046789 -0.00680222932705484
0.0825536828435822 0.0040105467859355 0.0436351303373774 0.0224535268069891
0.0725850083029535 0.047200017815364 -0.00389600415207524 0.0126186735584858
0.0640168987787718 0.069358072139056 -0.0407552163338092 -0.050029813284776
0.0263094471962867 0.0306351683111724 -0.10225147287581 -0.0555052891346913
0.038269110653993 0.0276562963195867 -0.101340233081617 -0.0638039576247194
0.0500102507141263 0.00705564961291379 -0.0853758917028602 -0.0547993240557841
0.0422825399687038 -0.0139914523047249 -0.0696518290109005 -0.0357227384731364
0.024663377464029 -0.021560625844163 -0.0420938062667846 -0.0357997047617895
0.0176339945092701 -0.0256412815996268 -0.0339113779573538 -0.0455655678203851
0.0085677303184322 -0.0311598505184797 -0.0198701685080016 -0.0510940887190955
0.00510671430935717 -0.0291402258977717 -0.00255704471771739 -0.0590427382028829
0.00921703016056682 -0.0306171675929324 0.022611475888024 -0.0709100943329544
0.0215659542779098 -0.0301819784649623 0.0507806917667473 -0.0657820643623117
0.0329110403332304 -0.0215618394932069 0.0789506733281841 -0.0468102661743857
0.0478238294175274 -0.00970013105566847 0.0752790964458202 -0.00468274667666811
0.0531201609396482 0.0140711645614948 0.0420762863098297 0.0177212781180675
0.0398785301833546 0.0425940547877213 -0.00815088689560016 0.00189558710737257
0.0277592686092248 0.0539341834551271 -0.0496007234734107 -0.0656892688070239
0.00690045262784737 -0.0134454708517042 0.0597129494989652 0.0692294575796828
-0.00950341673903869 -0.0168713837472499 0.02685104318923 0.00543679719085844
-0.01753084260102 -0.0110615826802322 -0.038643037863454 -0.0215707467657798
-0.0142646856292559 -0.00213042316821293 -0.0764384438191731 -0.0055524350525593
-0.0117420780849993 -0.00262035901157063 -0.0888901082819552 0.0381573982262606
-0.010959473879488 -0.000748540674293922 -0.060115453860803 0.073255572739267
-0.0113966851455102 0.00473730975685071 -0.0264619441764289 0.0790119005109457
-0.0106570420505656 0.00289918422260583 -0.000811424918074389 0.0717092634580056
-0.0151555814142435 1.18140478122276E-05 0.0204467796820756 0.0584216536179481
-0.0166784205958168 -0.00740625354333229 0.0350735292265587 0.0538817636096129
-0.0143012648530551 -0.0125085377928059 0.041038619134834 0.0452047177052681
-0.0104153482133273 -0.0200555143763766 0.0554681039281898 0.044571225590441
-0.00687241676454706 -0.0201306200626243 0.0713321146334228 0.0554429852516336
0.0041919292422415 -0.0210963526165629 0.0836970452155794 0.0541449437761476
0.0127042287395646 -0.015436910681394 0.0964268173350032 0.0479957432994526
0.0425277068988845 0.0109001290537728 0.0416253452950621 0.0666153387616166
0.0253700419826405 0.0070638584869498 0.0151432547598941 0.00248690350322732
0.0225405290110563 -0.000214435754671301 -0.0500248228481254 -0.023717190968509
0.025121378047043 -0.00726876078408457 -0.0854199938556295 -0.00864548976286771
0.0174194570293962 -0.0199036055643472 -0.09416403690517 0.0356865654430463
0.00537826699591237 -0.0264065820141384 -0.0657470963331808 0.0698818473129739
-0.00693816579128371 -0.0248804073902355 -0.0310728861197138 0.0750726946701287
-0.013433221397117 -0.0226964130401535 -0.00517006868161119 0.0666045967960209
-0.0207683247725631 -0.0272420940606732 0.0168491788942094 0.0511326857457713
-0.0143017399112218 -0.037151815061089 0.0326573800719147 0.0437707998305255
-0.00287168953917492 -0.0417633120095007 0.0416011540068772 0.0350874801552634
0.0168368630009516 -0.0466555023755752 0.0573392896205736 0.0371578153654136
0.0324453641057525 -0.0328150546627331 0.0701680664518994 0.049714477820987
0.0464250427003998 -0.0118961591860955 0.0771208151072342 0.0449316406410443
0.0556443825328515 0.00678251719612485 0.0864407902064055 0.0368244719536652
0.0717353337501963 0.0349970259652742 0.0171416261211244 0.051141278425404
0.0595190116207663 0.0309327731669428 -0.000584320402749745 -0.0113147100078697
0.0648994093590633 0.00944626302203883 -0.06559786180702 -0.0328956073222988
0.0637425097403484 -0.0151490148975957 -0.0952595194258128 -0.0122605928860037
0.0437243211119388 -0.0381400498206133 -0.0938611557918262 0.0321534634507117
0.0209815573227971 -0.0503902937415094 -0.0649824089561819 0.0604603474730086
-0.00212341989814142 -0.0507810546398822 -0.0321009869737545 0.061038228319008
-0.0138251638903887 -0.0447520225790933 -0.00911627019076357 0.0516671774757131
-0.0230112978693916 -0.0502003648089915 0.0115265656436128 0.0357653679495055
-0.011558814513332 -0.0611342964202891 0.0285750646229863 0.0265437241761224
0.0059028167636068 -0.0642757664917816 0.0418231122656123 0.0177546120828167
0.0365046869257209 -0.0684848168963021 0.0600067603683265 0.0256231443128747
0.0640951717476378 -0.0450957111204817 0.0670545115758714 0.0442087078718786
0.0801918362309458 -0.00545038068805064 0.0640032546082059 0.0387664502276468
0.0896388752406848 0.0267214424621296 0.0652849766264948 0.0231601788841952
0.0930542198046216 0.0527651853301089 -0.01161776023534 0.0260650419578477
0.0891576084667243 0.0476327780156831 -0.021086067804799 -0.0319058044148508
0.1016232737781 0.0128004248245382 -0.0805153346528932 -0.044178512619499
0.095741736282733 -0.0278820713038091 -0.101798228131343 -0.0156041443347051
0.0619135762480506 -0.0556207227126624 -0.0869461389984781 0.0259048650338298
0.0308853048928134 -0.0686817409657875 -0.0587033775679578 0.0448355690921338
0.000791428248927568 -0.0698313862784741 -0.0301024981520484 0.0397232770721386
-0.0131261840655453 -0.0598313103536362 -0.0114709366453248 0.0295850620269649
-0.0210811092526354 -0.0653591114389651 0.00630699306642031 0.0142813477668731
-0.00473306408765422 -0.075829648563977 0.0230259400143768 0.00478214392305316
0.0162793883859112 -0.0771707700727404 0.0412796351438671 -0.0035087807345116
0.0534340129719953 -0.0797055857271675 0.0614559815783004 0.0126972946628405
0.0860892426983863 -0.0486437831238351 0.0623405051176049 0.037904720129304
0.101811233987546 0.00360145403823249 0.0453349752312468 0.0347667247405475
0.109382696329576 0.0438347592710288 0.0361868815110159 0.00708579489256201
0.100131233029378 0.0596307895339395 -0.0422046932969273 -0.00222524334471871
0.10680664187475 0.0531422200375993 -0.0469163022099627 -0.051249880793855
0.123394948543511 0.00968198708456726 -0.0924863854244469 -0.0522232589446474
0.110407644034095 -0.0403177477152988 -0.100666205262399 -0.0199547836426199
0.0671832055624525 -0.0670793320319197 -0.0749854279047303 0.0132351537524261
0.0333889223306462 -0.0772112929552498 -0.0500816914856669 0.0218382748362077
0.00184443149515043 -0.077688320409216 -0.0271185156865028 0.0129862603911504
-0.0100098193420082 -0.0662166058915736 -0.0120719005370498 0.00418376155536298
-0.0143572941266554 -0.0706547380657864 0.00342721073037448 -0.0103723546431855
0.00601858605608727 -0.0797196924836822 0.0205275176529971 -0.0191648924830277
0.0297889549406902 -0.0767853035030553 0.0425810200108099 -0.0232110253204087
0.0674761969240728 -0.0738284871829547 0.0619870544006436 0.000648158000684861
0.0981409543709969 -0.0397245754654015 0.0556953981052555 0.032240958770758
0.107421116253239 0.0181798391576321 0.0259812808158669 0.0307990441721179
0.110032730847539 0.0585092952733676 0.00542534949580515 -0.00962300638074497
0.0906729965226569 0.0568041029644001 -0.0705814922645469 -0.0278997473588721
0.102574748017798 0.0488313833971822 -0.0722029113742877 -0.0629749781193462
0.119707603771334 0.00487457324719125 -0.0967284041230177 -0.0553897185269541
0.103641836493163 -0.0435114941315588 -0.0925276998328176 -0.0246450927554233
0.0595863729427674 -0.065244120250564 -0.0611216216463735 -0.00420486050464464
0.0295806492078665 -0.072171033940454 -0.0416560470691175 -0.00450461076242583
0.00254218681513764 -0.072575084716625 -0.0238019925123151 -0.0135302389220708
-0.0055955837154135 -0.0621626363442787 -0.0105424007666029 -0.0212913576482663
-0.00508749192009212 -0.0664659284503781 0.00586061234897153 -0.0347740877118004
0.017756807649479 -0.0717681053908515 0.0247340517370051 -0.0408733198034535
0.041394137848492 -0.0642948113592314 0.0496327919838474 -0.0393806559871756
0.0744084613911597 -0.0540076353130611 0.0647284722542465 -0.00630772279599021
0.0965435653622447 -0.0190024782793563 0.0480387245490732 0.0261815636192857
0.0962474051121649 0.0345793014746362 0.00842908712871934 0.0235265601276528
0.0937238704624662 0.0672442749771712 -0.0218770202618789 -0.0290850029325841
0.0641763209291302 0.045335123012635 -0.0908258080315968 -0.0461450852383049
0.0778047327429353 0.0381651010507144 -0.090857181379034 -0.0660969438702868
0.0914650540628626 0.00363238866730382 -0.0927055911495813 -0.0549664730548226
0.0771130514295811 -0.0338430182150299 -0.0794457523350421 -0.0302017414365186
0.0437035844401481 -0.0479691948621676 -0.0481271268277981 -0.0219793388478342
0.0237166726494423 -0.0530845653322552 -0.0360665674874893 -0.0286090458276065
0.00493985769694074 -0.055259135124321 -0.0216673683840461 -0.0363260326071494
-0.00035510877039245 -0.0487670753645348 -0.00750291049037785 -0.0435050976193594
0.00481068092227435 -0.0515472932810047 0.0120638294966727 -0.0560109084218317
0.0242235626248086 -0.0533380231718318 0.035668394225322 -0.0566800627010442
0.0435042401654014 -0.0432446622844973 0.0625090963328517 -0.0467262597353379
0.0683117486238354 -0.0288038821521177 0.0690351475303581 -0.00774650837557453
0.0799400409613288 0.00231130289925964 0.0429421207398366 0.0214223647655067
0.0708152695406918 0.0446376474367563 -0.00309081577350054 0.0126948748843946
0.0635702700195434 0.065793243938277 -0.0400794349152375 -0.0475196630304978
0.0259584238336111 0.0289840681533688 -0.0999351596362501 -0.053280128562762
0.0375066228541644 0.0263562327038513 -0.099271736684572 -0.0605237646315591
0.0484884360905551 0.0060942698861642 -0.0842283061917719 -0.0520546537934515
0.0410560101916677 -0.0140689785445866 -0.0681230046184987 -0.0337936922504593
0.0239798442481929 -0.0212347136630004 -0.0416358688374415 -0.0341192151328977
0.0167117552302535 -0.0253285743551464 -0.0344997610829217 -0.0438679944556983
0.00774785203188245 -0.0297763066744925 -0.0203675994087547 -0.0506985107314074
0.00426035010293297 -0.0279161800384384 -0.00282574061342107 -0.057346150071689
0.00846330440682429 -0.0291604124900672 0.0208848792870708 -0.0701779582616067
0.0198273259443343 -0.0292405368815425 0.0491158835868309 -0.0645768943879847
0.0315586433422797 -0.0212012623609817 0.0761090833869586 -0.046826968098284
0.0467684361692841 -0.0103550108631016 0.0742535597460007 -0.00518635262542466
0.0516179052976712 0.013249839949902 0.0412288246906147 0.0167459263541193
0.0391425443060631 0.0406546306431792 -0.00778049154292507 0.00298465327659604
0.0282443156365025 0.0511928102599063 -0.0489196009447796 -0.0627414094291037
0.00463404656623512 -0.0141307846781784 0.0740328003660442 0.0584181204128397
-0.0117782546321995 -0.0146676328505589 0.0282857292999272 -0.000752259606241581
-0.0188674876492799 -0.00728561079496576 -0.0423327857332062 -0.0153950261978105
-0.014576829141952 0.0014615507572719 -0.0779097583613046 0.00811666954126602
-0.0119594325075686 0.00109784830502509 -0.0811594084990047 0.0543943133074322
-0.0101997843169553 0.00179321205074365 -0.0462868992947854 0.0830769811015359
-0.00913923291155313 0.00725389357552804 -0.0120629506640632 0.0820747228394566
-0.00965445054230282 0.00441384099988578 0.0130096139482313 0.0706398044093746
-0.0144724316866988 0.00334192922611857 0.0321049645860596 0.0547600150820453
-0.0171943469064461 -0.00328999249208648 0.0468445006097809 0.0462122507232288
-0.0152966485135211 -0.00861796378922929 0.051185460228737 0.036731616499238
-0.0139083389063433 -0.0158109364745401 0.0653228272707406 0.0333785871808382
-0.00996459728267925 -0.0166070897537521 0.0836139805524211 0.0404570434565356
0.000445111762707431 -0.0197626878286357 0.0950958222055467 0.0379822111818007
0.0105686448520046 -0.0161228524831838 0.105225646143925 0.0312704557122626
0.041836334194299 0.00314303620563025 0.0558263784270719 0.0619047886361443
0.0260349722328171 0.00118259020494278 0.0161190108047124 0.000431284919671546
0.0212694735176721 -0.00559190882320546 -0.0532226380309493 -0.0127462416316222
0.0207006939868299 -0.0119540754949199 -0.0857203593015722 0.00891287156003594
0.0117624931960284 -0.0211852324752807 -0.0851487187725156 0.0534020110715906
0.000769457223496686 -0.0261104957331832 -0.0508804883078128 0.0807426413685961
-0.0114165456221407 -0.0217140793529444 -0.0154680378590203 0.0784669676156195
-0.0164139144435195 -0.0191589620619505 0.00795615845427175 0.0664531872112052
-0.0246985574270531 -0.0219127473807045 0.0269914047353794 0.0484638788522061
-0.0205236626560855 -0.0326667816810495 0.0429035925378624 0.037911058933192
-0.00967451953045047 -0.0385180869842672 0.0494643297215985 0.0268925991555447
0.00706252017346107 -0.0463486468255422 0.0663615960398374 0.0264630503498251
0.0251176225018156 -0.0364949399297328 0.0814760489207576 0.0372279427896134
0.0428753927094336 -0.019387198806446 0.0850848139971313 0.0311363734629692
0.0566405751540067 -0.00292415117156989 0.0910099058804245 0.0219786549003956
0.0735576765444694 0.0201581735270889 0.0284741087015561 0.0533517982030038
0.0628783450765691 0.0177811449628399 -0.00228445912827168 -0.00912062214694768
0.0628224363917923 -0.00437600812185731 -0.0689732667296635 -0.0157412282284834
0.0558636007461974 -0.0280560613004896 -0.0940745095609598 0.00989079855954327
0.033383063365696 -0.0438316305182684 -0.0833289966949855 0.050377028598895
0.010702648620583 -0.0516962912686112 -0.0499470700114701 0.0711692836395639
-0.0122775366876835 -0.0476143041073193 -0.017364372870526 0.064550506423755
-0.0209452956493131 -0.0401460483341581 0.00154466120592974 0.052400835875593
-0.0310252189055012 -0.0434755198161998 0.0190880003578284 0.0347675255991798
-0.0222431417872114 -0.0564373466447334 0.0351726455956119 0.0217297436639726
-0.00529355175583811 -0.0618291272359315 0.0459830497977121 0.00974849043338795
0.0223812377963388 -0.0717852419713158 0.0667036419822599 0.0145330980022865
0.0528308857627231 -0.0538333613155227 0.077639395696331 0.0333721659255429
0.0773167534620395 -0.0202330501535357 0.0689351479735235 0.0280999141462251
0.0937354589609571 0.00930345126357996 0.0649131529338741 0.0124269872640666
0.0954730879857563 0.0325041344608404 -0.00529413471759018 0.0349452334926829
0.0942629630904843 0.0280099938405575 -0.0264919850876104 -0.0241565521554521
0.0981240645127043 -0.00857498513873945 -0.0847121629803966 -0.0214400723676767
0.0829818992090201 -0.0462480444117951 -0.0988517393384237 0.00961281093516168
0.0476032526542259 -0.064609073873001 -0.0765856465082916 0.0427205382098826
0.0163043633694501 -0.0709568643553047 -0.0456939873941653 0.0540870428720734
-0.0136424755693155 -0.0658997754450325 -0.0183451565273677 0.0430521828533475
-0.0231711035465713 -0.0548826728150615 -0.00507654089544656 0.0311580512323672
-0.0324949522325346 -0.0576352019192702 0.00979558001644842 0.0143186967151078
-0.0186567695048089 -0.0719465658946094 0.0252846677560344 0.00109005977522105
0.00224953188975154 -0.076177593487677 0.0417107952617584 -0.0103792034615218
0.0364624180713643 -0.0848280555316045 0.0657563557460261 0.00213520644791963
0.0730149722328281 -0.0615867221524685 0.0718300683030112 0.0290458550028957
0.0998406063143946 -0.0158468623912804 0.0488174079692155 0.0282939015983894
0.11619550052106 0.0214244893972231 0.0310299669202061 0.00186728398576959
0.103988994372491 0.037711780703539 -0.0418071425749699 0.0120773098019754
0.111342433466292 0.0295550126347837 -0.0555227944384502 -0.0375272404428132
0.117788346076226 -0.0162064066131491 -0.0967965145461995 -0.0257193473046621
0.094481185055701 -0.0610000472768299 -0.0978263117337745 0.00583447288228222
0.0506332766143927 -0.0765317489642013 -0.0657847039526079 0.0276657239082027
0.016914430275279 -0.0798760723574028 -0.041043664583716 0.0296176043009723
-0.014027245987062 -0.0737917992229091 -0.019258887280321 0.0157758005212033
-0.0214895983700472 -0.0612630424251442 -0.0107591981007766 0.0061863071377137
-0.0268996144362424 -0.0648681055228832 0.0021845074129697 -0.00949343379045245
-0.0089898133023436 -0.077817754203519 0.0182538995292445 -0.0218338953205329
0.0155099294999032 -0.0785702539407573 0.0389665356384581 -0.0313507404782382
0.0510040540176859 -0.0826619527573415 0.0637762154639631 -0.00980326728140234
0.0859932607907902 -0.0551003300791175 0.062961025810547 0.0247031661845711
0.107754276349654 -0.00333682236039909 0.0271521495801872 0.0280596726353817
0.119339290543833 0.0346358367550357 -0.00332305126538537 -0.00965780074897194
0.0947488472902163 0.0365728805125356 -0.0758846858519678 -0.00835683734762019
0.106811665464137 0.0265550580101253 -0.0831975057328209 -0.0446561539083449
0.113430913345019 -0.0195880789388631 -0.101010626742524 -0.0288046203297845
0.0874752306656107 -0.0624342046319478 -0.0901031023941384 -0.00125188628871929
0.0441231564410782 -0.0733101673703789 -0.0552500170226009 0.00752642175061903
0.0143129525468621 -0.0744968376450234 -0.0381031791991745 0.00199026648529482
-0.0122313856212942 -0.0686993123104406 -0.0218254542608746 -0.0111033256422368
-0.0163102827278747 -0.0585219576150684 -0.0144518306552722 -0.0199259019317475
-0.0170544747115377 -0.0623068285516205 -0.00116419864359831 -0.03457489617561
0.00331981751536342 -0.0725381786699817 0.0175461332199592 -0.0441623789110516
0.0281525765977934 -0.0689973724867355 0.0425656206107719 -0.0480645299916655
0.0618303093739654 -0.0653068434882229 0.0642183164594332 -0.0170831070232273
0.0880786471232355 -0.0356889977748496 0.0539452308420586 0.0211311868249276
0.099702417106227 0.0146556293400877 0.00841486740216118 0.0238362225078659
0.104388222356776 0.0459536239461544 -0.0333951086392223 -0.0243864806935335
0.0678252552710951 0.0303279904379607 -0.100695245380145 -0.0248744756600114
0.0803580886398742 0.0218997137286795 -0.103208819592139 -0.045800311861014
0.0864188552174006 -0.0150094508510095 -0.0983480137610259 -0.0306191896305554
0.0650034356810986 -0.0477139694247254 -0.0794008891286847 -0.0111260084861297
0.0319576434602192 -0.0541648799771381 -0.0477914758123984 -0.0126765489229265
0.0119719554177704 -0.0553060359004126 -0.0379960492785823 -0.0223976765762901
-0.00718497932642105 -0.0532026487415608 -0.0247404508765548 -0.0332580574644144
-0.0090991283913145 -0.0467339461332128 -0.015259765131499 -0.0415233846800255
-0.00576595134537257 -0.050409065130234 0.00190727929849314 -0.0573732034233378
0.0133979062110347 -0.0559315072701765 0.0248374618536876 -0.0631252079379872
0.0342925098615015 -0.0491817651090874 0.0534632951058736 -0.0582061511053245
0.0602287869225357 -0.0394628424506568 0.0676397409100676 -0.0207047407813662
0.0763754036947816 -0.0123574680745999 0.046708888913587 0.0160536167291334
0.0769354132926992 0.0290597294014454 -0.00441056022134918 0.0149930910176729
0.0751239298230029 0.0499815555449166 -0.0538029983196055 -0.0404733421094169
0.0288349598922991 0.0219222705012179 -0.111751910571502 -0.0322847547665181
0.0400813202059315 0.0185925015836414 -0.111719290125715 -0.0401634353829102
0.0461874916786954 -0.00350424799430538 -0.0916738539637706 -0.0327997768221345
0.034896814467198 -0.0218612556055247 -0.0714501840954471 -0.0184160919693966
0.018913372222209 -0.0241940672336247 -0.0456220944852463 -0.0261774832206413
0.0108663958357361 -0.0271679433750357 -0.0406374948224522 -0.0376387243772395
0.000837832600343503 -0.0300990431214496 -0.027736765815837 -0.0459564490069445
-0.000928754009492813 -0.0273782136182324 -0.0139485010530381 -0.056269111176785
0.00285049468685603 -0.0299366174994677 0.00771377202383229 -0.0727361480963586
0.014203596962261 -0.0321100416324558 0.0369585350807145 -0.0742657325059122
0.0274366294263581 -0.0262075303440237 0.0668037381592157 -0.0615939064378225
0.0428884295789682 -0.0175350948107842 0.073383368200066 -0.0192875724311515
0.0513419311405213 0.0030202114595765 0.0439039112986368 0.0104391332357645
0.0455380557689083 0.0316176466019084 -0.00953098672569407 0.00456481072062754
0.0368254192175853 0.0427305697024557 -0.0632688525449248 -0.0537667652063716
0.00509266829161258 -0.0145797576435497 0.0756946098867331 0.0580367978021079
-0.0114943268305535 -0.0151511481310425 0.0281575336053107 -0.00162752470515973
-0.0191778176779751 -0.00759786184017129 -0.0431370436567245 -0.0147524444831012
-0.0154996620846247 0.00130854180677117 -0.0786938491624429 0.00957915660923012
-0.0124305941415037 0.00110035027651756 -0.0818339627451135 0.0563939791244059
-0.0101429940602867 0.00196727903715716 -0.0459355813362783 0.0849105898009165
-0.00938542002308231 0.00683106827924484 -0.0108157802080469 0.0839622542310479
-0.00984466176705194 0.00477165664909669 0.014345543055151 0.072408273171459
-0.0143603981408361 0.00322318111623484 0.0332209580153656 0.0553114411013896
-0.0174803556487692 -0.00337954577803143 0.0482124227932704 0.0463399817730695
-0.0153392174562812 -0.00854284086113314 0.0526690627970782 0.0369341970416115
-0.0145346877608975 -0.0153823384915556 0.0672756254533503 0.0330021492089655
-0.00999476426307722 -0.0168325049919194 0.0852932820320745 0.0397379798601776
0.000766860444301258 -0.0199244158798752 0.0968931667691971 0.0372491652146284
0.0103523990681359 -0.0159427157519542 0.107496639733131 0.0303577737038652
0.0428026548795505 0.00195064317365178 0.0573534503518749 0.0620365243529828
0.0265338458433237 0.000630988969510627 0.0163388075387054 -0.000646375749257673
0.0214330527207618 -0.00666029602088323 -0.0540192684153095 -0.0116502546653336
0.0202504373164566 -0.0128559330644021 -0.0866627847908501 0.0107712517155748
0.0110755270120392 -0.0223836147739617 -0.0858504371703288 0.0556743653022961
-0.000104712902386083 -0.0267591318482333 -0.0502963284102888 0.0826384502640773
-0.0119368222409268 -0.0223563782564534 -0.014494941514608 0.0799226178878647
-0.0171217496930797 -0.0194003341815789 0.00950948715061292 0.0678416628034777
-0.0257363649868198 -0.0219633314966545 0.028255160510552 0.0491216710373888
-0.0219539005342675 -0.0330641196569677 0.0439108592794704 0.0376548121887493
-0.0105119870294272 -0.0390953600068669 0.051048226475194 0.0266537975009235
0.00566905238531119 -0.0473237000828766 0.0683189188094467 0.0259028624876822
0.025292092092966 -0.0375946392845926 0.0827206095212742 0.0364591609115533
0.0439763041078506 -0.0206710217235453 0.0868212952468728 0.0300904814616861
0.0573651114111275 -0.00363233479916182 0.09276844898197 0.0212771836153437
0.0745764216693965 0.0189938014577746 0.0291574944256595 0.0534762014722923
0.0643802650011784 0.0166612333200802 -0.00241103017857204 -0.0099153500919571
0.0636180895734183 -0.00683925084172151 -0.0695694303170611 -0.0142605544535415
0.0556591708553147 -0.0297386224110305 -0.0947829316279584 0.0117350410117132
0.0328616594793657 -0.0458018265401434 -0.084467929329215 0.0526751920377039
0.00959021602435612 -0.0527474809138262 -0.0498214408961775 0.0732512803985522
-0.0133440195829619 -0.0480344783938709 -0.0171669852152017 0.0658400901163596
-0.0218602435461937 -0.039834002569601 0.00274235639330596 0.0531562507033784
-0.0326981375941419 -0.0427645394357292 0.0197706140830475 0.0348623420279076
-0.0236938507790751 -0.057118412524851 0.0359512979050567 0.0215476470299289
-0.00635869894467533 -0.0631872788325938 0.0470252140424322 0.00997582715098322
0.0206762167950408 -0.0734370035228458 0.0681196616152359 0.0139107744746439
0.0529239603843757 -0.0561744883033444 0.0795484199884383 0.0323250498518392
0.0788721790767057 -0.0219325851439115 0.0702124212477262 0.0277717350396214
0.0958592652786204 0.00728291674277996 0.0656113583277773 0.0115789563358257
0.0974070730277557 0.0321476713667513 -0.00491666145663412 0.0350159211162536
0.0964015896222706 0.0262644606304977 -0.0271351380454993 -0.0241352341092542
0.099996785783433 -0.0114866363663459 -0.0862567584636836 -0.0195418248804824
0.0833862339484131 -0.049482028894849 -0.0998090528247428 0.0115137140981994
0.0466127289171167 -0.0668507582016008 -0.0768400568964253 0.0444346629956699
0.0146679125993748 -0.0728147880998399 -0.0454431032741612 0.0561117701233724
-0.0149185993948374 -0.066879606441746 -0.0186700211531431 0.0440846073455607
-0.0242685788708806 -0.0547409644866748 -0.00450718593766936 0.0319178822562444
-0.0338474244346137 -0.0578311538922863 0.0101225168432188 0.0142734980740401
-0.0205601910099655 -0.0726154020136513 0.026023304970409 0.000382655789711975
0.00117622755837514 -0.0772833120717247 0.0419039613867408 -0.0114611921823355
0.0349491091053166 -0.0864985732654985 0.0668876019726971 0.000856445024156049
0.0730484289983668 -0.0643599088842188 0.0735112045185897 0.0280489749978165
0.101046060700277 -0.0180246149736285 0.0501640365460993 0.0281129061176038
0.118049049024524 0.0192787836052105 0.0319350738256806 0.00182693349490412
0.105729069083385 0.0368156724811791 -0.0425250268423614 0.0129524261578706
0.113704169089771 0.0278673534053125 -0.0565772974380719 -0.0377603502904711
0.118916950528606 -0.0190409449690714 -0.0976809987489251 -0.0245498376616021
0.0946708963701217 -0.0642174916102524 -0.0984826874802693 0.00733720840628203
0.0500421067575471 -0.0791550738613997 -0.0663742944431145 0.0291755666528209
0.0153161849054504 -0.0813135970573802 -0.0407434234608806 0.030765476046215
-0.0157520637928378 -0.0745645295110295 -0.0207397231711907 0.0165926746110588
-0.0224955147454092 -0.0612988096465256 -0.0106870784313559 0.00585544083904252
-0.0283254369650736 -0.065021947258858 0.00213555971629264 -0.00990359451014874
-0.0110455316477462 -0.0784964789934011 0.0178596054023608 -0.0225853768634306
0.013819712101018 -0.0808733602987011 0.0383111463086647 -0.0319386261005771
0.0493246008892047 -0.0846442631860451 0.0649445184255087 -0.0108842986515169
0.0860667921179609 -0.0577748060920701 0.064538196304822 0.0238581980299306
0.109302862887214 -0.00569902573056195 0.028535701576298 0.028381985051284
0.121514486538154 0.0324786724956626 -0.00332935421021502 -0.00950789723804847
0.0959161044474191 0.0356119539980516 -0.0775249807600959 -0.00805344819539711
0.108216557065773 0.0248761628536467 -0.0853008987427666 -0.0444294553192567
0.114396685859003 -0.0226010558535447 -0.102697995737036 -0.0269220470568402
0.0872674896311917 -0.0651681473278863 -0.0907541764921999 -0.000194341085286215
0.0431727136344369 -0.0757644729658488 -0.0558027307585806 0.00864716514303439
0.0128068300017563 -0.0760594073857437 -0.0383516664555931 0.00274911070006022
-0.0139463774245529 -0.0697990691731354 -0.0240338875251876 -0.0111702340520467
-0.0179834392679888 -0.0584861688250977 -0.0153417932413772 -0.0199060225591742
-0.018497610590429 -0.0624676636133926 -0.00169900212711909 -0.0353922063321217
0.00208452635799533 -0.0733249331965779 0.0171742399668086 -0.0458190982631175
0.0274848804571564 -0.0712316709160401 0.0416161255604384 -0.0490098090997432
0.0608962262440977 -0.0673260501113601 0.0651187611669589 -0.0186429658659847
0.0889693645906984 -0.0379357372865994 0.0547690818733703 0.0204322230495612
0.101215953636514 0.0129208213845206 0.00954220731555013 0.0239700887825237
0.106960468444219 0.04399766793886 -0.0336169634256127 -0.0240929461561479
0.0683479446012297 0.0297062239242994 -0.102818551326076 -0.0245204901411611
0.0819245157813945 0.0206732981798937 -0.105198137490857 -0.0449135308017692
0.0877954368233614 -0.017132003739043 -0.100057268431109 -0.0302057871398974
0.0651515957611331 -0.050012809075115 -0.0800731635890435 -0.00998093442010747
0.0316272162980452 -0.0554711669181957 -0.0484735565027131 -0.0125174283213289
0.0112089579048941 -0.0564409850160035 -0.0386950985917604 -0.022379213485898
-0.00812512095355077 -0.0536995218475906 -0.0267762513771027 -0.033715652398799
-0.009798960401766 -0.046143126886965 -0.0165027330604571 -0.0425035328089645
-0.0065441905108051 -0.0503031364706147 0.000462595994477304 -0.0580119208269128
0.0122921947275616 -0.0568019445217483 0.0245957409073655 -0.0649216074650307
0.0339271572141806 -0.0512713799010469 0.05252990620394 -0.0598271861699924
0.0600444633196449 -0.0414741787112189 0.0685320598538656 -0.0217538002089709
0.0772244125266716 -0.0141931442473494 0.0478216385473306 0.0153332249501276
0.078598078691458 0.0277436715044721 -0.00450746647991124 0.0153239538463462
0.0766892894990849 0.0483911975086953 -0.0545642020903507 -0.0396828478954084
0.0288436255805242 0.0215473033596421 -0.113877108269946 -0.0317244430579145
0.041097734569907 0.0178463390598855 -0.113570394817848 -0.0390067348736713
0.0468267315675254 -0.00468822226378137 -0.0932697464940585 -0.0314732417397843
0.0355507487271452 -0.0225963250052424 -0.072191299297499 -0.0175603492437553
0.0191075046489424 -0.0249555939732324 -0.0462420235063834 -0.0264095217029056
0.0104712955688321 -0.0277302010629886 -0.0415945369508691 -0.0371587709767488
0.000824006992561154 -0.0303386071919397 -0.0297580911238623 -0.0473108103410069
-0.00149145817662452 -0.0276451746475425 -0.0153715454338961 -0.0574619793957662
0.00201300610133596 -0.0303960065577375 0.00618772220339249 -0.0739819989587802
0.0133400856538681 -0.0327263481324742 0.0360322033938236 -0.0760053347534005
0.0273352281895951 -0.0273737637099466 0.0660528252514182 -0.063774536050224
0.0427169547809638 -0.0184734588637047 0.0739666619824629 -0.0200754410772889
0.0517885923559129 0.00234399482304879 0.0447899935566756 0.0102657878133288
0.0465464905269538 0.0311208348054644 -0.00902967191834013 0.00537763386090753
0.0380310526723424 0.0419809797380558 -0.0641779840523167 -0.0536439494577689
0.00464118747335738 -0.014569186992346 0.0789166314619036 0.0556089767758877
-0.0124536098820618 -0.014827394502174 0.0284496713265539 -0.0029240619501969
-0.020413996561273 -0.00745745000496034 -0.0435550360656054 -0.0124686567478242
-0.0156826554281762 0.00149574480253563 -0.0794470285625034 0.0130564054593447
-0.0132159700614952 0.00224433157193479 -0.0809045620661578 0.0604766966542437
-0.0106628058184489 0.00198375124661936 -0.0428632140466602 0.0876500269502124
-0.00872782008534101 0.00678929621521923 -0.00696597755866687 0.0855112454474745
-0.00953808763197348 0.00500508168639876 0.0181450559359236 0.0734210112363652
-0.0144106893959318 0.00419414433692081 0.036679942368091 0.0547500869690296
-0.0177506043006483 -0.00256113477449536 0.0514215374096237 0.0452062590603184
-0.0161899702621582 -0.00806463655926588 0.0554016080317667 0.0355795307181881
-0.0158402823512526 -0.014727108588135 0.0702531717586504 0.0303979933428398
-0.0105364376902112 -0.0169837775792371 0.0888828688179307 0.036270745711426
-2.83558141231056E-05 -0.0203680433572495 0.0996383455913826 0.0331506712740032
0.0103634761640154 -0.0163054553933583 0.111049924134054 0.0266010451058679
0.0433430624046507 -0.000143649845651347 0.0601184106833327 0.0599349287424842
0.0268137141732273 -0.00091180057583483 0.0162392750196254 -0.00191838167646461
0.0211863164979717 -0.00881371968479092 -0.054834396377036 -0.00905477234094743
0.0200894228331082 -0.0149283499640582 -0.0871862673239232 0.0148014753558652
0.0101362293076415 -0.0236652083692521 -0.0847778875146292 0.0604504255562663
-0.0021073449591287 -0.0275922522420612 -0.0473025652886999 0.0861091328361126
-0.0130499201670345 -0.0225327307386219 -0.0114345779454409 0.0823965349889202
-0.0180183763445822 -0.0189890420127882 0.0131885757278491 0.0688754606712687
-0.0268449364243923 -0.0208464024096756 0.0312577453526979 0.0485528732508132
-0.0236412077708245 -0.0324830031259047 0.0464360722617116 0.0364504511323408
-0.0121245007823517 -0.0394356479270359 0.053167665116851 0.0251681833458423
0.00373351172486701 -0.0481875463565431 0.0707357308411253 0.0230013050249632
0.0240860503774284 -0.0391393600230344 0.0861635584670254 0.0326836887368674
0.0439772824067597 -0.0227795449064201 0.08909575900297 0.0269728363235359
0.0588517669285588 -0.00675027232278112 0.0952799595790317 0.0177907086885534
0.0761009249078523 0.0160982830412003 0.031372695731634 0.0533011440880595
0.0663863199881937 0.0140115100288566 -0.0026610389546189 -0.0103837160506579
0.0635229986848235 -0.0108206124765998 -0.0706539042851832 -0.0112071633198221
0.0547153707463264 -0.0337206454812021 -0.0956331772401268 0.0156643900667548
0.0311890338058125 -0.0483438223324277 -0.0831474784156704 0.057432589277555
0.00677044618254158 -0.0544598816650985 -0.0467845595540821 0.0764486809135951
-0.0159183379739868 -0.048857698008347 -0.015447295551254 0.068081892601092
-0.0241955970087693 -0.0401070202142 0.0054100383953132 0.0540544357003625
-0.0353959005261584 -0.042177036521308 0.0217597318307342 0.0348583928081504
-0.0274963535230327 -0.0563467552013479 0.0375440167896377 0.0201633138195263
-0.00990789790913554 -0.0646492861988187 0.0483433353901639 0.00848882229913943
0.0171593221496187 -0.0755461185875482 0.0707387020350414 0.0114227824174457
0.0512167620293301 -0.0599354448178136 0.0819572235853198 0.0286685592030237
0.0791975649026782 -0.0263381237873398 0.0728210781041286 0.0249388411617804
0.0979153290555158 0.00300125062624916 0.067773094761362 0.00923379331181147
0.0996258337279965 0.0283018740864879 -0.00393709872395369 0.0359308724195957
0.0990472387160251 0.0222077395099823 -0.0286825790624848 -0.0241115063092004
0.100497880905486 -0.0175792146459807 -0.0871636328165983 -0.0161874906482093
0.0821421681853135 -0.0550609568414157 -0.100934005536974 0.015834738352304
0.0441874700328444 -0.0713215020969698 -0.0763712625875627 0.0493657417703254
0.0110264784686488 -0.0747770686094732 -0.0435520830412712 0.0590569330269213
-0.0180657799460758 -0.0672931237653479 -0.0179738993686055 0.0459941441943394
-0.0264083265059782 -0.0546418357691766 -0.0031003270912395 0.0328815374714846
-0.0376193997489432 -0.0564441856900286 0.0111497406382861 0.0144491461269904
-0.0247621832525107 -0.0731944104187048 0.0265586264461837 -0.000638379700290911
-0.00275086800378829 -0.0795261315276398 0.0417498906545825 -0.0126836567630863
0.0305076081701256 -0.0905458114733386 0.0684886583550528 -0.00209815476565774
0.0717026096147001 -0.0697488662078899 0.0757854864393162 0.0250707047529391
0.101961464335865 -0.0231612312698244 0.0529566670762152 0.0268037588050325
0.121168436339536 0.0131332640589927 0.0326741068305862 0.00070832872538923
0.10840676306319 0.0326655014392356 -0.0429043810633369 0.0146997560110269
0.116466449908914 0.0226788387908466 -0.0596293293637003 -0.0355229539762162
0.120028690039623 -0.0258721158617839 -0.0995725145241321 -0.0197374726595051
0.0931848757043186 -0.0709343303829735 -0.0999845963546682 0.0114611270097408
0.0465329548493719 -0.083944769818681 -0.0665196084794299 0.0328721077707707
0.0115403619194185 -0.083859535921541 -0.0397046825770972 0.032935086348586
-0.0192086208501108 -0.0749820528268098 -0.0216361917841018 0.0177837824113237
-0.0258178029474163 -0.0609684789114491 -0.0106154236616583 0.0067008730643928
-0.0324978926547935 -0.0639480598312818 0.00164266311313872 -0.01002648840242
-0.0153148074358338 -0.0791980705793896 0.0171544889979968 -0.0240016548789878
0.00987898277846948 -0.0831887274546994 0.0376002281276564 -0.033098573842397
0.046263974509541 -0.0882346499417486 0.0656443866724396 -0.0145650745122597
0.085265470594599 -0.0635659605889436 0.0660792748473433 0.0218430850657201
0.111033374971405 -0.0109903567997211 0.0309703490646556 0.0278057910627858
0.125342173226253 0.0259682065676693 -0.00376208400173486 -0.00937776988414856
0.0982598043880049 0.0317298206487291 -0.0788929723959607 -0.00480387797431059
0.11146368666444 0.0198737329141197 -0.088676731144096 -0.0417108140235535
0.114826663995345 -0.0290150067006387 -0.105291650868355 -0.0228971730187372
0.0854933233846074 -0.071332598264251 -0.0920662262333487 0.00400300037632648
0.0406178635808333 -0.0797685234314494 -0.0563543604273613 0.0111223444093548
0.00939415678750172 -0.077920771244514 -0.0391929267367767 0.00438474180323165
-0.0169385761729854 -0.0699571281349409 -0.0260385194608232 -0.00987118178825473
-0.0205820551895521 -0.0581012828854304 -0.0162714859649498 -0.0200274449920242
-0.021573068867763 -0.0623162128960359 -0.00336006836869519 -0.0359855509853022
-0.00194787665293208 -0.0743498461298874 0.0151501562582947 -0.0473931761341469
0.0245825267513593 -0.0738250417437261 0.0405634347666436 -0.0513910851381379
0.058074493132387 -0.071803456335997 0.0654410586194801 -0.0218781666854067
0.0884823754008779 -0.0434706601926293 0.0569582751171158 0.0180857148074165
0.103298381675682 0.00802685312886208 0.0110233301081386 0.0246947378870504
0.109981059971783 0.0381644121071862 -0.0350279472787784 -0.0226444499675232
0.0704593791083807 0.0268295317055906 -0.105601601892293 -0.020884811156305
0.0841750033229349 0.0167187293920023 -0.108338242237072 -0.0403471384296848
0.0877513220739102 -0.0219083944000128 -0.102451170954143 -0.0254941675149009
0.0639353542937242 -0.054311455958507 -0.0815800337063124 -0.00674457687261416
0.0299882067713444 -0.0584351201574907 -0.0502871331974465 -0.0107926328743073
0.00829486246649264 -0.0576753388909819 -0.0404475533268391 -0.0211051600471126
-0.0107488556462198 -0.0539000791829914 -0.0297963106735017 -0.0330262678068069
-0.0118764640792931 -0.0460878248552556 -0.0187922983190481 -0.0428529154358716
-0.00879679704338029 -0.0507296698694433 -0.0021304940534847 -0.0594779072078389
0.0100014214467946 -0.0584318306159526 0.0216537687987654 -0.0665044390165691
0.0319894987062702 -0.0538865340176612 0.0503055184373759 -0.062823011278683
0.0585419454095929 -0.044891041448197 0.0691130310774884 -0.0249775441427893
0.0777287784935879 -0.0177407377983624 0.0489760574433052 0.0133456969362663
0.0811169232608731 0.0245005862531648 -0.00255389641663919 0.0168940904693783
0.0796535588203935 0.0444814683562369 -0.0571624748080613 -0.0379431087230765
0.0301362439163118 0.0205432382924747 -0.117852759589462 -0.0281622423854598
0.0424726494392349 0.0159596866472944 -0.116502363704686 -0.0345863282334338
0.0476979318315975 -0.00674279053912174 -0.095938836382195 -0.0276675403023179
0.0352063688715494 -0.024528826301359 -0.0737505582945319 -0.0150703214952011
0.0182298112024817 -0.0260298626521786 -0.0485659739970505 -0.0243945439158983
0.00972054625028064 -0.028920028747529 -0.0445340242142042 -0.0359713181416666
-0.000458069879503016 -0.0305178802316065 -0.0333740163989528 -0.0473803977646903
-0.00258693306467747 -0.0273471268595692 -0.0187780734133052 -0.0582888605537239
0.000966631818630461 -0.0307192508892346 0.00300812608328424 -0.0763325073876634
0.0121486642539272 -0.0334379930972168 0.033277572762741 -0.0790295348637177
0.0264216506951793 -0.0291883396436736 0.0645187266161862 -0.0676289428044161
0.0425895505764914 -0.0208330689158936 0.0745918318391338 -0.0246684355287598
0.05263248014165 -0.000365263510326151 0.0456317433009732 0.00850813130423647
0.048234372854846 0.0295675176610592 -0.00808136808175548 0.00660233749443777
0.0407536620199603 0.0401422897640938 -0.0671841256261272 -0.0512213553183817
0.00376166292935848 -0.0155457767691196 0.0812304366890023 0.0500123691349584
-0.012957189373718 -0.0142053708423734 0.0278935657747674 -0.00489840014357603
-0.0207261340727646 -0.00593170712443792 -0.0435931363021985 -0.0099367271832254
-0.0154586434938523 0.00280239888284237 -0.0772713221498012 0.0179783654670325
-0.0132419283298557 0.00308460379049958 -0.0762170530847344 0.0654380839689585
-0.0106713302054693 0.00296292290653112 -0.0371162070756821 0.0894859663559206
-0.00822301103931736 0.00651124013460594 -0.000850774611236416 0.0852188633812429
-0.00911448782877019 0.00514339012919878 0.0233550315347535 0.0713126318087738
-0.0142185709470295 0.00495100526973586 0.0404007893494752 0.0526586761476369
-0.0174100693366254 -0.00144064334655741 0.0538778968345957 0.0412178204617219
-0.0165010161811994 -0.00718625845186971 0.0574962643086541 0.0315410965493975
-0.0162564045063299 -0.0131889133478303 0.0712001988847696 0.0255636071029142
-0.0116860750616817 -0.0157929148346107 0.0896002561804681 0.0299498476797211
-0.00102352445141968 -0.0203022975922084 0.100423432337406 0.027131528734352
0.00944179120107163 -0.0164678448108846 0.111208318246355 0.019864112505752
0.0427552363215556 -0.00267430770088399 0.0628420865988232 0.0557229738837783
0.0265850500836292 -0.00290431080572525 0.0159476273122723 -0.00330581876963871
0.0199780042168706 -0.0104420547619255 -0.0541849558433611 -0.00567764440923605
0.0181317543100589 -0.0162163910369041 -0.0850290888824357 0.0195319468739566
0.00775845878567925 -0.0240448745897463 -0.0802467707726837 0.0654241901431087
-0.00410075140402615 -0.0269241995679927 -0.041251022992879 0.0880538338043345
-0.0147179259288257 -0.0223346798821043 -0.00612878182909212 0.082586935276769
-0.0192068355473506 -0.0182141950966602 0.0174193545644333 0.0675359470508584
-0.0280704448274529 -0.0187843516873275 0.0342491405888326 0.0467756224639392
-0.0253344725706392 -0.0304821471569207 0.0482468866826715 0.0328363497155671
-0.015024287249941 -0.0383472292588278 0.0550125006236594 0.021894865518581
-0.000123119357671495 -0.0477393254972348 0.0713907553717469 0.0181740828680728
0.0218344677051966 -0.040830433853974 0.0864525586326144 0.0268634958242008
0.0422897308663196 -0.0259977978459134 0.0899019075857124 0.0212928406351146
0.0576845653935856 -0.0107777159968726 0.0954471808619153 0.0121952456302518
0.0762330429814428 0.0114781460685537 0.0346589503394495 0.0499862166378084
0.0665429229502161 0.00906007131178057 -0.00370933863262804 -0.0105513717369893
0.0625273494615304 -0.015191627523406 -0.0698685158960241 -0.00669880048030102
0.0516402797534478 -0.0376003184074237 -0.09328312396906 0.0215738686134335
0.0268585706015812 -0.050503434101111 -0.0786198394025735 0.0623198386342767
0.0020677921585075 -0.0541163684441877 -0.0412001746035796 0.0786971981887128
-0.0195107496745811 -0.0473173393019875 -0.0111915439555609 0.0686265696724883
-0.026241207365871 -0.0380896304393116 0.00927901321684597 0.0535932210406885
-0.0374092283187983 -0.0385913954110652 0.0239185580334012 0.033491401896169
-0.0309891666458351 -0.0542702212420129 0.0384261784628977 0.0177847149093591
-0.0141478493255845 -0.0631355856162165 0.0486716336808137 0.00559375246152517
0.0115742392705666 -0.0754486472542615 0.0707522214671424 0.00627014645818258
0.0474673638085498 -0.062635055342398 0.0826669690552042 0.0225293206348899
0.0767401462024325 -0.0317129897579431 0.07402364268024 0.0202009384789147
0.0966024642798386 -0.00431902695216902 0.0680388884280714 0.00540835704441385
0.0995097312911783 0.021171336806817 -0.00153023076933708 0.0358258743370623
0.0999073268607776 0.0152990063207206 -0.0301021808848075 -0.022611625864355
0.0975771924994623 -0.0247620090957837 -0.0859685403565188 -0.0104198607360642
0.0767566284905254 -0.0603390994748011 -0.0980844361799156 0.0216906608718234
0.0388553241963567 -0.0740079667278443 -0.0722887904273372 0.0534142578828007
0.00557836804462866 -0.0748768481004843 -0.0387310917913771 0.0606409121914993
-0.0229019732931015 -0.0653667525732715 -0.0157261046655104 0.0470014416086788
-0.0300078153094854 -0.0524217422036463 -0.00121650056788214 0.032512827357993
-0.0408674584312325 -0.0529053267998822 0.0121682734505654 0.0133731508757214
-0.0299257406602412 -0.0704354111088992 0.0256922703183727 -0.00219943640639907
-0.00841857115519884 -0.0790323867763416 0.0407931904364897 -0.0142536970049723
0.0242680394206953 -0.0912472346022636 0.0676440922029316 -0.00692504196031679
0.0658336768721006 -0.0740941376974286 0.075858522259701 0.0195408108038598
0.0995146671151923 -0.0304539905367049 0.0538906316494606 0.0232296613428262
0.12034359149102 0.00384686304934836 0.0325712805170825 -0.00113976598539777
0.108505895094367 0.0253874459244483 -0.0417509176585626 0.0176740465695547
0.116745882616464 0.0148027447233059 -0.0608922564368355 -0.0318550342813659
0.116540604000063 -0.0346631970013104 -0.0993760438802793 -0.0132630384493372
0.0870554995058042 -0.0766688159370939 -0.0971463907373206 0.0172560426126632
0.0404475349353076 -0.0866877065490857 -0.0633757378840312 0.0365681973106807
0.00523388855451067 -0.0836906766984518 -0.037065105241707 0.034959298587093
-0.0236877116340063 -0.0726367223314273 -0.0212828737550469 0.019685911904566
-0.0290020063108238 -0.0586546545478213 -0.0103995982139091 0.00734488269813482
-0.0358035939399452 -0.0601307817880993 0.00112991441822822 -0.0101404774178128
-0.0211351693245514 -0.0769214512969389 0.0155888290437326 -0.0249585444066566
0.00398414560190649 -0.0831626783087048 0.0354883485695499 -0.0346039856355693
0.038553131932945 -0.0908958728297913 0.0643478524714891 -0.0187287579242887
0.0798986119239433 -0.0689851002795452 0.0673226920019998 0.0169071864855105
0.108775961419264 -0.0185955270126579 0.0328735328847939 0.0256560135205783
0.124674841026118 0.0159035667642525 -0.00409571325596896 -0.00836451008584876
0.0991086985788264 0.0250729182493524 -0.0792468927593203 0.000358770283581354
0.111356051099319 0.0119497665964962 -0.0897480037090942 -0.0353707333125729
0.111853277432893 -0.0370070665030661 -0.104749687609198 -0.0157663818564839
0.0798269658373846 -0.0768692826197811 -0.0905483348102081 0.00913778946060139
0.0350507009628673 -0.0822527321710978 -0.0553233735839191 0.0144414539269952
0.00359626804812852 -0.0779777584610132 -0.0380402285790137 0.00676163897678472
-0.0217639770296284 -0.0674380686804399 -0.0272320196740861 -0.00813280620336019
-0.0238616876153168 -0.0556594649083958 -0.0180902942971963 -0.0188046585208646
-0.0256987250990583 -0.0597954493534987 -0.00592072434990183 -0.035654016388625
-0.00703601499003473 -0.0735205860442926 0.0118765399697792 -0.0476225815857711
0.0185363118816195 -0.0753058905113881 0.0360989621613853 -0.0524941209024507
0.0522097583970334 -0.0745985231083224 0.0638281139717985 -0.0267183047060665
0.084380848427252 -0.0493028309111514 0.0570954788730948 0.0141281024702261
0.102769867458583 0.000883002022070106 0.0134781555911282 0.024251193321709
0.111038205814674 0.0294342764314507 -0.0359249228686088 -0.0198708857395193
0.0708678650754927 0.0222935952462992 -0.106303504796901 -0.0138091233681665
0.083834866431327 0.0111852009860112 -0.109301791048073 -0.0337037569622123
0.08601352928055 -0.0273791254242929 -0.102356570389506 -0.0186547428366185
0.0597542138791552 -0.0584038573282406 -0.0811548689159863 -0.00183215844242963
0.0258311549335255 -0.0602050782046695 -0.0502489999516104 -0.0081419877686991
0.0044381389092142 -0.0579468288839603 -0.0419602984413194 -0.0180656147361382
-0.0139524295127237 -0.0523946140705755 -0.0332453048486082 -0.0312181827505825
-0.0143011716120805 -0.0446380189340385 -0.0217110071584329 -0.0413404221611847
-0.0123554313796519 -0.0485303434522505 -0.00557060846841959 -0.0582077184237934
0.00555323480827902 -0.0577198994133808 0.0168688352281623 -0.0674142695054486
0.0277988701067139 -0.0554487045425086 0.0453350975569833 -0.0649948210112174
0.0543260204593875 -0.0483485599032217 0.0667741208564954 -0.029564309365732
0.0755821023930605 -0.0237098420918185 0.0489674679037452 0.010264383521062
0.0815255019240399 0.0188625760297087 -0.00076383189394988 0.0170531895816247
0.0814710302917139 0.0377282790250046 -0.0584143418736206 -0.0334647760954692
0.0306033621037765 0.0183283571297003 -0.118837205620545 -0.020609695392936
0.0431102533936503 0.0130068099654167 -0.116976904047157 -0.026468623419522
0.0467446041737847 -0.0105706481027717 -0.0962260124080709 -0.021072110019527
0.0331573968478414 -0.0270617501775215 -0.0734429541815088 -0.0108346618581857
0.0165867375802706 -0.0273547350526834 -0.0500119937950387 -0.0218404671804479
0.00770921138243224 -0.0292269642869846 -0.0466220758924575 -0.032950267409476
-0.00272469788152817 -0.0295212210820658 -0.036803246748451 -0.0447150980830533
-0.00429558330401638 -0.0264218514684116 -0.0225231440867289 -0.057031539110518
-0.00142799265721696 -0.0297184738120727 -0.0024389612489821 -0.0753549011510562
0.00957105151367606 -0.0338065067529971 0.0273320710203061 -0.0806178956231935
0.0241541000491346 -0.0309279917383706 0.0588488380898994 -0.0709507487390744
0.0402441140310083 -0.0234931419464448 0.0723038517534258 -0.0294600143487315
0.0522545130390453 -0.00364991654401712 0.0463113002984276 0.005798717600727
0.0495844387345284 0.0262766059895553 -0.00675248668456993 0.007127953854966
0.0427950430738729 0.0362138171868716 -0.0692405289593613 -0.0462603142740326
0.00301232369559463 -0.0152056442294358 0.0794877861358405 0.0431735924773243
-0.0131345147144249 -0.0131940237706992 0.0257864002115689 -0.00703542948132514
-0.0203602399034289 -0.00473913978971259 -0.0408968964515931 -0.0072362595369187
-0.0151537981535283 0.00325600731510483 -0.0725117630759374 0.0207403397521476
-0.0123098793948978 0.00385736186986664 -0.0688571044600526 0.066150004157719
-0.010259565040897 0.00334964955535251 -0.0304963547704268 0.0871041350876161
-0.0076931478434368 0.00605672285341711 0.00426470290647498 0.0809911923619404
-0.00848972396401161 0.00519816789225442 0.026701591079016 0.0673397535491939
-0.0129171513758344 0.00514561680582623 0.0416314213345758 0.0483580512330341
-0.0167000975116143 -0.000596231558285737 0.0531679549129709 0.0363483040587579
-0.0161008066916949 -0.00564953342672775 0.0567349994384249 0.0271002378966089
-0.0164690748243883 -0.0115678970184328 0.0688282331779798 0.0202058259624559
-0.0113749443472493 -0.0144727400314915 0.0863547413698249 0.0237194367269231
-0.001687974137024 -0.019209999982632 0.0966288541591096 0.0205695824876071
0.00791448489666473 -0.0159312818248843 0.107641341347387 0.0134230293894968
0.0404299478762993 -0.00488521826806362 0.062397375469991 0.0497002076693961
0.0253913903387673 -0.00418218752052693 0.0149130658961038 -0.00426968798266954
0.0179353309781402 -0.0114306483760019 -0.05121562490272 -0.00307206157160502
0.0159037477354061 -0.0169796147941203 -0.0799223082562142 0.0232364177643415
0.00606446197665309 -0.0233216208632372 -0.0725991577595576 0.0667155068170654
-0.0059556936392673 -0.0255517995960559 -0.0344691031941152 0.0856822171385913
-0.0154660007807335 -0.0203166646831623 -0.00138340690695557 0.0786613505506763
-0.018922655133878 -0.0161799002821396 0.0206680865344702 0.0636860095404504
-0.0275488361456244 -0.0162685153830847 0.0350598643966195 0.0422925481779368
-0.0259750195792948 -0.0275955654640259 0.0476487723302539 0.0287815019651295
-0.0164985825293612 -0.0355670874020676 0.0534607523256355 0.0182556179941737
-0.00267155206357672 -0.0450826399438706 0.0691403400318588 0.0129516035319818
0.0184432103440239 -0.0401276645037107 0.0839353951759134 0.0201101010418487
0.0390204308263858 -0.027219237448095 0.0867743411679242 0.01554643559622
0.0539621788804993 -0.0134033511825167 0.0917072400617925 0.00685439957420151
0.0729161311765544 0.00678590384291623 0.0347739283142483 0.0462330116349831
0.0640343710957767 0.00476815747299302 -0.00461110749834924 -0.00965050041147378
0.0578352757300369 -0.0188770319816916 -0.0658577079089749 -0.00318733189300984
0.0465344210236868 -0.0389473705774981 -0.0877089832922818 0.0251221239623602
0.0227181600448249 -0.0498702125670432 -0.0712563757759171 0.0633415479484105
-0.00131551643110541 -0.051566985737444 -0.0350082832040695 0.0765009485308003
-0.0207702378799542 -0.0443616412740917 -0.00684957525083711 0.0665715043900555
-0.027290730909057 -0.035063599919392 0.0117672530316416 0.0511802127956989
-0.0376345271767769 -0.0342145696079898 0.0252869912283255 0.0302358416141704
-0.0323578123543108 -0.0499090993778376 0.0372348633943567 0.0146910162439035
-0.0169009134608171 -0.0590966120666282 0.0473563224780044 0.00293707666468324
0.00654526863715652 -0.0721555074025343 0.0680993294858191 0.0017234889322362
0.0411552115688953 -0.0626769097587824 0.0798553844057087 0.0169470523415849
0.0712854098820614 -0.0347555993493087 0.0712491723023162 0.0157506968128129
0.0909633201308769 -0.0097863831843708 0.0651578371894228 0.0020277906181674
0.0960212595604638 0.0154902035764969 0.000332153084876591 0.0341824691829845
0.0957393260378046 0.00920263709334911 -0.0293985046863257 -0.0200362713201415
0.0915201334506155 -0.0296929103521389 -0.0823625676155662 -0.00568983739058844
0.0690998903045734 -0.0622626831113434 -0.0921799990160163 0.0255980269066056
0.0323549883351484 -0.0732181359609685 -0.0658193121326058 0.0545623098766933
0.000510254792688373 -0.0717679832023668 -0.0334959193724407 0.0591390209540754
-0.0253246583246546 -0.0609740083737527 -0.0128184414148185 0.0459483261862362
-0.0310212919202663 -0.0486906586017385 0.00079578870550518 0.031473163631837
-0.0413963086864849 -0.048083644851091 0.0126283164926151 0.0121931027685866
-0.0323743037617747 -0.0654714385484102 0.0241621257458845 -0.00351491163994861
-0.0126233502326447 -0.0747867520363152 0.0386379769740174 -0.015327087372685
0.0172641489404621 -0.0879714851071159 0.0643955017819964 -0.0110728870448629
0.05893202562496 -0.0746048519322413 0.0732633513602897 0.0136994985703635
0.0929146867317625 -0.0348417510340197 0.0527935691320463 0.0192723023671007
0.113666747135609 -0.00394037043227777 0.0313230732509492 -0.00232755863961297
0.104299993997998 0.0185500688597746 -0.0388776797301021 0.0190947707160869
0.112186683653823 0.00720271438091443 -0.0594471217303541 -0.0270870818738452
0.108028418759148 -0.040523255228007 -0.0945887688435708 -0.00768258923247956
0.0777475717913292 -0.0786734014384443 -0.09135863779057 0.0213157430792079
0.0334387805176089 -0.0854521529663087 -0.0582551624205616 0.0382578757714131
-0.000164384810749709 -0.0802464729368009 -0.0330727469689742 0.0349198102940693
-0.0268339854400163 -0.0678404935529179 -0.0202415062502928 0.020082559349421
-0.0306934533028677 -0.0539864480277197 -0.00998044043741518 0.00724750626726883
-0.0375043627275974 -0.0551700850020655 0.000646755641068337 -0.00986950782133283
-0.0242957086734758 -0.0718314971162724 0.0134674267423101 -0.024135565735793
-0.00147277185161857 -0.0799339957782527 0.0314604865943769 -0.0342552921485018
0.0313331876756549 -0.0879823811516216 0.0607065996588963 -0.0220343555946783
0.0722224131843888 -0.0705211859670401 0.0646412390263598 0.0123244029921195
0.102221384225717 -0.0240428159033597 0.0333575885473422 0.0227028019689898
0.11888274218859 0.00726306930430373 -0.00427177729112469 -0.00765821860947816
0.095770260713477 0.0186863069565026 -0.0753051977621919 0.00429062141328943
0.106468094863686 0.00541296658470244 -0.0863984870121478 -0.0288993207597873
0.103492272906138 -0.041893020536772 -0.0997572884256587 -0.00990522845119932
0.0712090715633753 -0.0779278629138768 -0.0856619720205508 0.0129225856676416
0.0286059038418726 -0.0807507798035536 -0.05215380667771 0.016258016407109
-0.00114685378175596 -0.074738702145795 -0.0358747652804375 0.00786761651754321
-0.0237628282905 -0.0627329581087887 -0.0273522956438755 -0.00644178979196487
-0.0254479515815112 -0.0515556879861252 -0.0184870519570658 -0.0170965413672687
-0.0277354185249483 -0.0545430207604946 -0.0072457096234751 -0.0335876149839968
-0.0110501442096051 -0.0694420441815077 0.0082584126964197 -0.046016985767966
0.013229134586943 -0.0728029963487815 0.0319278364538735 -0.0513246133445282
0.0449226405490223 -0.0738741406447622 0.0595781015470695 -0.0292139371769083
0.077401406593729 -0.0520052412269485 0.0551049477459565 0.0105257293527644
0.0975869403662424 -0.00452148864773242 0.0147615776955399 0.0219204368248766
0.105992485313102 0.0210177919636153 -0.0346766644367167 -0.016531534977586
0.0686986411324274 0.0173677569974392 -0.102306374680608 -0.00765042137873605
0.0801199106358976 0.00570106611957992 -0.105071700415994 -0.0256322788911335
0.0797191437730975 -0.0318095209481155 -0.0979221087183614 -0.0122326060999643
0.0533381092118314 -0.0592956574247508 -0.0772290944890615 0.00245148544815164
0.0215468071982518 -0.0587747318294767 -0.0478964125753513 -0.00529594096879088
0.0010553706662832 -0.0552825628313532 -0.0404879486807314 -0.0156591186479093
-0.0155913313006222 -0.0488223191277702 -0.0344608724451656 -0.028065108716418
-0.0161312014311045 -0.0414354867395854 -0.0236715834397123 -0.0385017211417608
-0.0143361762260314 -0.0455074078321163 -0.00933489576701439 -0.0557700164422639
0.00165898486132469 -0.0548980162445562 0.0124782487191925 -0.0649995488875371
0.0234404536746462 -0.054280948193156 0.0400204052722947 -0.0641644371772236
0.0486208282920067 -0.048710817750843 0.0624884987350223 -0.0323550230123867
0.0701577431769651 -0.0268285800011387 0.0474321418409 0.00758590034027944
0.0781462695563008 0.0137035597649143 0.000988449077727986 0.0158470985051822
0.078943559414704 0.0307100467675481 -0.0569372315254918 -0.0285130409418955
0.0304702143593164 0.0154111201376082 -0.11407672764751 -0.0137610003841711
0.0414266103644943 0.00926467209496304 -0.111867351880906 -0.0187004896587543
0.0437839539416837 -0.0124200625480753 -0.0923887322090678 -0.015256487867299
0.0301808626039808 -0.0277948048628147 -0.0710216212919495 -0.0068542387470938
0.0148256758713168 -0.0274315084982188 -0.0486633654640597 -0.0188043620212968
0.00579388247705857 -0.0284074010747188 -0.0467108654377761 -0.0289620766887589
-0.00409591209196959 -0.027989832420551 -0.0382762650725876 -0.0406713881916141
-0.00506263894281314 -0.0249289297427503 -0.0251585561660402 -0.0535646697566656
-0.00250183578670741 -0.0283026021101918 -0.00635860351339877 -0.0717252984714317
0.00724232140955526 -0.0325236858883568 0.0221971882458122 -0.0779636809903755
0.0215331375289808 -0.0308338500879847 0.0520875246769907 -0.0704915318140994
0.036723510042202 -0.0241361654434742 0.067213874635588 -0.0321051305293967
0.0489029549411329 -0.00655275211345349 0.0439588473691796 0.00332724239034804
0.047922109046459 0.0221229229426708 -0.00533400968696131 0.00701080545023287
0.042405418760822 0.0311649515938508 -0.0684346711208405 -0.0394976159482102
0.00301187769721812 -0.0146775975303554 0.07954695714064 0.0265169455950691
-0.0134204024831728 -0.0108532980899819 0.0226727981427385 -0.0117274287848898
-0.0196133714852767 -0.00121624644378576 -0.0405941935922615 -0.00207936091947863
-0.0132604381867243 0.00692781548964802 -0.0652996011461709 0.0292660280272314
-0.00947121311882164 0.00669756202115709 -0.0557156559047727 0.0722927042568665
-0.00855270148830509 0.00527224647367855 -0.0164383058016723 0.086055355787867
-0.00587709495073954 0.00619536668359969 0.0147773928216869 0.0765815460407001
-0.00676016648964376 0.00548425149165729 0.0348064388430131 0.0589327281837381
-0.0107664858367076 0.00594567883471373 0.0466822571833958 0.0389505689650116
-0.0152213723482595 0.00162395642171826 0.0563338461942304 0.0251888212542131
-0.0147713509331192 -0.00377956373597614 0.0573645970910262 0.0161948021441339
-0.0157005880457801 -0.00824630016273875 0.0674400182603708 0.00846224539552486
-0.0106038042092974 -0.0115791555961466 0.0837061518398276 0.00847251478564411
-0.00278566727375111 -0.0170333327701777 0.0924168151969107 0.0045841874175124
0.0075005880726492 -0.0156847502349672 0.101276117932592 -0.00167130561546971
0.0379354692069767 -0.0087083332601527 0.0672358361121788 0.0360009475219091
0.0228572707532214 -0.0077434258706511 0.0140233021011549 -0.0065471047812719
0.0143142671470696 -0.0118043249762172 -0.0460048911798658 0.00376161569423193
0.0118031702166467 -0.0158456691942488 -0.0697435655433259 0.0324959018728075
0.00287078266058762 -0.0202780227773028 -0.0575806610984243 0.0716219954377433
-0.00789722212640862 -0.0220994682226774 -0.0201494020545818 0.084133225758992
-0.0158771961716025 -0.016918130431855 0.00951540276739191 0.0735561408069086
-0.0188116307444588 -0.0130576991677973 0.0289025459209258 0.0561908872828961
-0.026867331718678 -0.0120312229262579 0.0408938090496358 0.0346720893208281
-0.0271394899002086 -0.0226789595229603 0.0503184549288347 0.0194438123616672
-0.0184018721956379 -0.0312058877933223 0.0537659958063023 0.00873454811851351
-0.0071990996721941 -0.040645061722358 0.0664926212169527 0.00202999198987241
0.0131141075247551 -0.039009068024743 0.0814734852375875 0.00588632500323154
0.0333634282625748 -0.0298934868351001 0.0821713400224678 0.00219052631598136
0.0501116103312979 -0.0189253307864336 0.0859718008317063 -0.00509215730577859
0.0687956783717039 -0.0015715996543558 0.0427060016939928 0.0376375788025559
0.0589291965293113 -0.00355703858879266 -0.00260245198020935 -0.00874310185797236
0.0493346921986718 -0.0234873350321714 -0.0573196641173917 0.00608883930404075
0.0358742033525451 -0.039926693993732 -0.0739438084860181 0.0356054602947569
0.0149398895312034 -0.0469605027706328 -0.0559621027785068 0.0670121125317563
-0.00692174967781139 -0.0470086741147625 -0.0218948726673448 0.074522671115021
-0.0245868024202779 -0.0382254078214369 0.00236931871354843 0.0613083085963679
-0.0284322392485286 -0.0295390239399062 0.018561978401472 0.0459212446591991
-0.0387904414232296 -0.0274476476391098 0.0296510765704862 0.0249269756136105
-0.0363962447795272 -0.0420851877292027 0.0388567301128177 0.00788496970766097
-0.0216853935295717 -0.0531907948591248 0.044910440174725 -0.0042764437094901
-0.00160948262763409 -0.0676440126206743 0.0631202193931613 -0.00800582635524998
0.0311440419764149 -0.0623377070484261 0.0777281766981579 0.00336297713583932
0.0620061817184719 -0.0405070532917392 0.0680519056336933 0.0049215448255114
0.0845527699643664 -0.0202385102052891 0.0606272705399379 -0.00581163521733546
0.0898539293962232 0.00382478057978762 0.00943957964516636 0.0325644597887279
0.0878001310807136 -0.003386710635224 -0.0270500542565722 -0.013445493931061
0.0776914568279044 -0.0369901751895067 -0.0699195206115902 0.00598955434255177
0.0529448705741579 -0.0642389183301318 -0.075895877054188 0.0361226253479418
0.0204137625749744 -0.0693404259177523 -0.0504898970891157 0.0565740336709206
-0.00809002093931906 -0.0659473273983323 -0.0224841289291719 0.0570685616819632
-0.031316496544128 -0.0527856485572168 -0.00582450396486781 0.0423563330315438
-0.0342764683962894 -0.0415276797955317 0.00550694427245659 0.0287143650235828
-0.0439149452704281 -0.0389449165804313 0.0149253542857416 0.00978300276858295
-0.0379546654833803 -0.0565901461827292 0.0240925024250675 -0.00698230488167674
-0.0200831632753485 -0.068224360568574 0.0339803954881808 -0.0198520519439713
0.00599138968478945 -0.0837336200015177 0.0583473012504847 -0.0187985872738953
0.0459104375666991 -0.0747879717763216 0.071852244401743 0.00160715719195177
0.081785057574141 -0.0436231918607589 0.0518425056604712 0.0117022419222278
0.105694329009299 -0.0169349882893295 0.0286317587398639 -0.00480349029053711
0.0972547080681956 0.00619629698292845 -0.0280893663657206 0.0245764927736752
0.102043118062828 -0.00686419528302672 -0.054840182271641 -0.0153846543172873
0.0914530415585791 -0.0489881751081241 -0.0804727888293172 0.00582865666678284
0.0586609286522043 -0.0799980062111706 -0.0747045881766222 0.0314766156132211
0.0194654898169558 -0.0815986574956068 -0.045709062591511 0.0385161130157316
-0.0100342119926425 -0.0735593975607614 -0.0259988297004901 0.0336062877012471
-0.0334661351704951 -0.058357576317427 -0.0158600057390036 0.0184979242438037
-0.0344237406777488 -0.0465417071074653 -0.00834457808820142 0.00784322538305074
-0.0412685207155751 -0.0459506206226981 0.0001510150625688 -0.00918675087501887
-0.0322724587665176 -0.0642375502556572 0.0103263319241704 -0.0246213969626389
-0.0100995081712175 -0.0743299901306857 0.024957086350011 -0.0361761905342113
0.0188176841626147 -0.0865831341414141 0.0526591456859692 -0.0279908124728765
0.0580855106559307 -0.0724477949151982 0.0637557476701659 0.00188203244689234
0.0908215416621407 -0.0353030306180108 0.0335626554075311 0.0180168500776763
0.11061860086713 -0.00710535419084283 -0.00439853812627207 -0.00510278961278602
0.0882966874087271 0.00743551567888922 -0.0644803444680234 0.0169709167151387
0.0963934669422484 -0.00781349103715252 -0.0807585955340792 -0.0125110920012814
0.0872398100333492 -0.0499658124546692 -0.0860582490724738 0.0049106230614328
0.0530903852984307 -0.0789286862327101 -0.0708405216980442 0.0227619350914475
0.0155861909706656 -0.0768198515062877 -0.0437574139019316 0.0173399179553041
-0.0101458219341601 -0.0682273147683127 -0.032402691229644 0.00878062808481899
-0.0303914735086015 -0.0542905032894139 -0.0271894372189467 -0.00461117849046869
-0.0296048489345423 -0.0446881346871151 -0.020262381677288 -0.0138352213955011
-0.0326363001669651 -0.0464408969513368 -0.010524249858962 -0.0306545683798558
-0.0192156675347692 -0.0632469783224396 0.00257872808264029 -0.0437333309143725
0.00440344088666967 -0.0694674511319501 0.0217684179541001 -0.0523963603570235
0.0330097327813452 -0.0741479254352996 0.0504849540369176 -0.0350392712150752
0.0651012124728576 -0.0564167890674583 0.0546098422393951 0.00211311811284685
0.0887614742701387 -0.0167267202872656 0.0162390713274349 0.0203149763648692
0.100247720389729 0.00684932494720048 -0.0349666046131697 -0.00973064449989269
0.0630444216236054 0.00927423209180063 -0.0924431274616546 0.00982809698740858
0.0727918940406438 -0.00349241544189378 -0.0982183056722184 -0.00674910716928113
0.0665024410331659 -0.0377089025542627 -0.0868014037414186 0.00257494760949648
0.0397414476549295 -0.05972024590618 -0.0659988940993262 0.0114374121950248
0.0114306785513871 -0.0562676513810887 -0.0444015054130118 -0.00190125407720178
-0.00609111892696701 -0.0507889529444262 -0.0405569576272794 -0.0113647610845969
-0.0212503466466407 -0.0421859553967718 -0.0367001018205411 -0.0236732646783917
-0.0196874547730181 -0.036251351688388 -0.0281494616011538 -0.0332367349611343
-0.0189098863335598 -0.0398881808150612 -0.0162964995024982 -0.0504867438274133
-0.00598643106883023 -0.0515526611307554 0.00269797953538444 -0.0620599611253851
0.0152787454334942 -0.0537807404797061 0.027073739166167 -0.0655231778340582
0.0397601036232197 -0.0519211776030639 0.0521213040589322 -0.0378721254465224
0.0613025523653557 -0.0324096147583944 0.0462064807633614 0.000159725168586938
0.0736979600995712 0.00279140425587146 0.00230995033620196 0.0154827151621739
0.0754344224605199 0.0188331793556012 -0.0568205428439436 -0.0180031297742446
0.0278578074057902 0.0122184024627632 -0.106664272128333 0.00610706616395869
0.037923715791634 0.00491755653784515 -0.105139743813262 0.000408444465351388
0.0370813365757039 -0.0156345409852808 -0.0846191017561362 -0.00061775243785021
0.0231135354609319 -0.0280393684573312 -0.0639242004363291 0.00367967107782438
0.00932214601849726 -0.026037645361461 -0.0475703699710342 -0.0122607836997076
0.00156421506901728 -0.0264815620074002 -0.0478393659550152 -0.0221526536424988
-0.00753645048447152 -0.0245617898642909 -0.0424527607582662 -0.0343883519528066
-0.00778436110329269 -0.0224703861863035 -0.0314127509627438 -0.0468995764573104
-0.00612328421546317 -0.0257539350360801 -0.0168901699019794 -0.066161732675492
0.00240068261416154 -0.0310725092039914 0.0087329081480252 -0.0766115551998452
0.016394832829344 -0.031074673859814 0.0373756345228802 -0.0736983276238259
0.0319788006786042 -0.0274245984800337 0.0570593616063144 -0.0390476354893904
0.0442302717210307 -0.0107689103844101 0.0423018434598723 -0.00289775369213849
0.0470742544774048 0.0143933015266614 -0.00433523146816858 0.00816460280638399
0.0417994088454592 0.0234448704175415 -0.0682915708840185 -0.0271299130470499
0.00341555485071575 -0.0141379081037588 0.0746565509127516 0.0270661816571839
-0.0124997500086705 -0.0109249844030046 0.0214748474156662 -0.0110561378222675
-0.018633147698025 -0.001446323526225 -0.0376255597134075 -0.00345472679299315
-0.0130890875386938 0.00602276368411191 -0.0631067156447886 0.0261782517068761
-0.00970503532332204 0.00642398155326469 -0.0546704287979244 0.0672855850695011
-0.00852344633568187 0.00467503518020794 -0.0184636739436735 0.0811642431946666
-0.00616853650892037 0.00561891479098827 0.0125899622828726 0.0725485367104117
-0.00674909578109256 0.00495615392176671 0.0324061806485093 0.057311228658533
-0.0102772403153405 0.005408680290043 0.0438461930719028 0.0383397644647616
-0.0143322540483985 0.000927832355044051 0.053126559250369 0.025947019638051
-0.01424688925273 -0.00367570094846142 0.0544130578448107 0.0175892658746441
-0.014538898115575 -0.00806696684624778 0.0630725347773683 0.0100570952926518
-0.0100177181118588 -0.0115320702017734 0.0794640287033946 0.0098729769196662
-0.00206508923475804 -0.0161051594308809 0.0875384927583461 0.00632254763863387
0.00727664359155278 -0.0143397861827343 0.0967910604031051 0.00148558232142338
0.0362317543041737 -0.00779493636169767 0.0630343908181234 0.0361229186430303
0.0218813232538932 -0.00649880067026179 0.0131963292854218 -0.00657343800592187
0.0135642534899221 -0.0110243676651248 -0.0431754526035987 0.00207407555699658
0.0111322674885596 -0.0148982982386001 -0.0663765395931582 0.029031740146031
0.00328256470927751 -0.0195043124659165 -0.0565024566851667 0.0670462683835299
-0.00730271279799379 -0.021423328954999 -0.0211393639434981 0.0794269571946322
-0.0154450056197289 -0.0168168751715077 0.00739802736841208 0.0703497296783687
-0.0177973476933961 -0.0130379743819463 0.0263893810541024 0.054425729585592
-0.0249465505887093 -0.0120506927050627 0.0380901890056982 0.0342216089711119
-0.0251816457874719 -0.0221414291841996 0.0475532846588906 0.0199888586183765
-0.0172064780867975 -0.0303167642625507 0.0507609248807578 0.00986490923511944
-0.00633601017418237 -0.0387642039965332 0.0626290200327837 0.00338722196972565
0.0137183684958997 -0.0370687060294926 0.0768589523717348 0.00705919727208544
0.0320965295397729 -0.0273397868933357 0.077766139527655 0.00431539848675769
0.0475483938204389 -0.0164130706216199 0.082566747046789 -0.00249949752562974
0.0651757285788504 0.000288109774946582 0.0399371851745554 0.0370850240348997
0.0559234022609355 -0.00217702334420363 -0.00246607828743298 -0.00892827859505763
0.0466828602265708 -0.0214297818457318 -0.0539023087855209 0.00372831864348671
0.0341668079088547 -0.0375037111131891 -0.0709096502862067 0.0318409497033483
0.0144363618690213 -0.0450940797352464 -0.0541790933521904 0.0622475143640317
-0.00625029274956252 -0.0446161129211491 -0.0223329284843871 0.0699472560410904
-0.0227136606083777 -0.036828100781166 0.000890698976804506 0.058745588217542
-0.0267732587720392 -0.0291945090101961 0.0171555389220792 0.0444237398966576
-0.0358669646807381 -0.0266986614804098 0.0274855698217918 0.0243748660945522
-0.033404009977787 -0.040646704526114 0.036849827186974 0.00863109076226306
-0.0199324276257608 -0.0513934612296412 0.0433489634310507 -0.00212688727771795
-0.000262478785452805 -0.0641491849406664 0.0602805545799987 -0.0066592696415986
0.0312857153988992 -0.0586254084292162 0.0737802597432124 0.00508459988281386
0.0594529343400848 -0.037260669116235 0.064936039851899 0.00671724030391816
0.0801048387011486 -0.0168517957006011 0.0580684952108975 -0.0034484038572113
0.0852807162758914 0.00613320980359165 0.0090493204369594 0.0314183245801983
0.0836006888594526 -0.00135056491839988 -0.0246484975172697 -0.0139997905896738
0.0744375494058873 -0.0339815139186761 -0.0660525863476451 0.00350547843504212
0.0510517868224665 -0.0605863280840459 -0.0730865509644647 0.031807373232983
0.0198649930168676 -0.0660388887096016 -0.0497663216935772 0.0518898819210754
-0.00687411525733485 -0.0625646352852298 -0.0231241590313867 0.0529698541701336
-0.0286190711678973 -0.050693630309725 -0.00693425643460146 0.0406958370207609
-0.0314148614978181 -0.0398976078657767 0.00462823434180863 0.0275665459403981
-0.0402002341359837 -0.0380232163640445 0.0138561192922331 0.00974628022519274
-0.0352613670477087 -0.0544418241174024 0.0230296062330307 -0.00583520328908065
-0.0177929633595068 -0.0654231590902525 0.0334149928216861 -0.0175199585996395
0.00736820541649331 -0.0792074258155386 0.0554789305647145 -0.0168188547237232
0.0450083295876818 -0.0704679855299908 0.0681008798198435 0.00284695181433503
0.0781985693273081 -0.0396128458227377 0.0494063968632615 0.0119195011533466
0.0994848396515865 -0.0137875842225982 0.02788408861321 -0.00370801999320275
0.0921233107563847 0.00837652028384421 -0.0269063818378983 0.0228488249823499
0.0972988135271362 -0.00433322622978807 -0.051541024440404 -0.0166035587449173
0.0875351025597986 -0.0447646741236912 -0.0760154121687899 0.00273662586917538
0.0566977168171353 -0.0752322678493275 -0.071751442636974 0.0277918482635203
0.0195166118041941 -0.0775131845031028 -0.0444034704880933 0.0353236348061767
-0.00852729332315303 -0.0703563824123269 -0.0256309558280304 0.0307101259702186
-0.0305553568196415 -0.0559878279889807 -0.0163723232219709 0.0178126918879639
-0.0315861831460094 -0.0452535508851371 -0.00811403808774435 0.00725173926590586
-0.0378668210125135 -0.0445070966412207 0.000178057727361937 -0.00832384742530217
-0.0291430811234131 -0.0615762961473915 0.0103784883449038 -0.023045702838874
-0.0080382599146457 -0.0707936172924119 0.0249620725823526 -0.033607047835005
0.0195743050248583 -0.0812707547491326 0.0503799152255233 -0.0257373881452274
0.0565701867591105 -0.068347205879286 0.0607540864443402 0.00316401126940238
0.0869592740311309 -0.0315374337543247 0.0319291054005695 0.0177996196819252
0.104540329595828 -0.00438537166016745 -0.0036923142045661 -0.00452702440719341
0.0835152244447327 0.00919115016311422 -0.0612363290472481 0.0144317496966784
0.0920759517532272 -0.0056456688951671 -0.0756734092459906 -0.0137006940080058
0.0831338800504792 -0.0454758037105304 -0.0812782204332641 0.00232923581239041
0.0513890187412594 -0.0740740200148296 -0.067045084539695 0.0192298976466969
0.0158182377015833 -0.0728706305384762 -0.0417461637886552 0.0152736837227214
-0.00884071065542364 -0.0654353063680892 -0.0313350229316423 0.00719988241276678
-0.0273565790342259 -0.0523362670380026 -0.0266296538638892 -0.00444244733382919
-0.0265847834693295 -0.043178420268018 -0.0190856453587771 -0.0137207748755941
-0.0292768233541712 -0.0445715130069774 -0.00977386932704356 -0.0294386706754205
-0.0170761953069381 -0.0604458910127009 0.0030298398218847 -0.0414136911330555
0.0051994964271241 -0.0661047167507925 0.0220493769943485 -0.048821875508327
0.0329780990122877 -0.0698429195287902 0.0486605408585518 -0.0322357692083291
0.0628180592391796 -0.0522471030707478 0.0518457990257006 0.00335526811524474
0.0844293113364489 -0.0140344678136975 0.0158143179237797 0.0190605676133803
0.0941204029655198 0.00800476085700004 -0.0326006940449324 -0.00976006245804484
0.0595498107264115 0.0103246776127907 -0.0877096102890021 0.00722059888484356
0.069413635975041 -0.00191556246836363 -0.0924470551629109 -0.00922253358834898
0.0638639502927738 -0.0344545478613156 -0.0816180559126198 6.69120059637732E-06
0.0384996290043191 -0.0561188873869179 -0.0628451416122836 0.00896872950840463
0.0122310449026876 -0.0534941400120837 -0.0419600855436222 -0.00324312040139589
-0.00505839576489553 -0.0486351396112479 -0.0387668159973397 -0.0123651189975732
-0.0188936036524837 -0.0401224598725703 -0.0352589310660318 -0.0227646011831865
-0.0177555788375419 -0.0351454959965818 -0.026706818014896 -0.0321734718384425
-0.0172283709814482 -0.0384208458194301 -0.0145848830570108 -0.0484741354886704
-0.00455268271221967 -0.0491335908811969 0.00391157169763234 -0.0591593857777118
0.0156173250318732 -0.0508170663912543 0.0275671726194628 -0.0611470239785718
0.0387898623683683 -0.0483299967083962 0.0510672585538612 -0.0349364540083747
0.058326298789958 -0.0294531359549802 0.0444155421373976 0.00158046254547008
0.0694825150140444 0.0045434080607309 0.00256821940276873 0.0148287838080408
0.0709652164468468 0.0186796184136565 -0.0533879564505294 -0.0179901101938178
0.0262178497394565 0.0117443427703258 -0.101555619879161 0.00259853828241353
0.0358255743133805 0.0053021424107265 -0.0991134032444586 -0.00235386394395463
0.0354763603425216 -0.0143972202898902 -0.080197267011495 -0.00246652533108338
0.0224652504554294 -0.0263786662354829 -0.0607298875870395 0.00114765015297882
0.00958586012869691 -0.0249305077864888 -0.044582596277527 -0.0129676320368608
0.00220281328297537 -0.0255244507960806 -0.045130043856384 -0.0220437288067774
-0.00670799839947819 -0.0232586284084621 -0.040673939182724 -0.0334393065678676
-0.00711193978177683 -0.0211205494747613 -0.0298929986359873 -0.0453356227814255
-0.00526651753228364 -0.0239887813423108 -0.0143622169948401 -0.0638263372024401
0.00325257615376923 -0.0289674979948069 0.010544726060994 -0.0723622797402466
0.0159588444153739 -0.0293160661265536 0.0371425648288562 -0.0687246233951452
0.0307744370360808 -0.0247612812906375 0.055493112983344 -0.0356268710984239
0.0420661972787445 -0.00944745280373348 0.0403089192613288 -0.00126575031894383
0.0448035202584751 0.014966303588882 -0.00342455451739993 0.00747988273819312
0.0385585522392773 0.023167480532918 -0.0639049137192862 -0.0273489587061956
0.003501074791296 -0.0141389606740594 0.0726635612079381 0.0303326961126378
-0.0116932706304968 -0.0116295850482605 0.0214093326899116 -0.0106150689211252
-0.0184593937815552 -0.00190245535890656 -0.03692426504446 -0.00552986166812229
-0.013390598746526 0.00554950099053804 -0.0630762921319637 0.02241194259469
-0.00966961109037555 0.00591142106855109 -0.0567989602131834 0.0645993344330967
-0.00841020192687369 0.00466210331011243 -0.0215951590790614 0.0794355614410907
-0.00620840144218194 0.00512551035883528 0.00953095356306667 0.0723066611364784
-0.00680715835409229 0.00431515156436035 0.0303950335984322 0.0580775738901424
-0.0103841837878595 0.00410914319896257 0.042086113300898 0.04006974197166
-0.0142255181064444 0.000378732679549291 0.0521721906258056 0.0276933865227703
-0.0135918256844507 -0.003743862182236 0.0532167815235616 0.0191344670867092
-0.0137780462876074 -0.00866958419655728 0.0614906385952643 0.0129021497616268
-0.0091950096374087 -0.0122008534717086 0.0771501122731955 0.0129302871258321
-0.00119771674299821 -0.0158655603503139 0.0855330037098226 0.0110422400147574
0.00836826189498274 -0.013497513567837 0.0960977088831182 0.00602691122545928
0.0354968877550202 -0.00620402978599398 0.0600926068417774 0.0386045337241522
0.0225581749929253 -0.00580682729082606 0.013162488357822 -0.00636974555567802
0.0134315069782919 -0.0103722483089781 -0.0424645709144552 -0.00103148291900776
0.0112699435115838 -0.0140054748980612 -0.0672009000597476 0.0253921891917828
0.00357912959406028 -0.0192381841676541 -0.0587082117004984 0.0635948209146593
-0.00706320021545673 -0.0210851788187022 -0.0243949741119943 0.0768246802502432
-0.0147761132686215 -0.01718083107406 0.0045773051482831 0.0699432237489907
-0.0171661496372336 -0.0141133586538962 0.0245145471279125 0.0554593274135845
-0.0238774340540394 -0.0130907849701172 0.0362930373329273 0.0358538495520003
-0.0241735069254641 -0.0230946807439908 0.0460079602123769 0.0214819432918375
-0.0158669494720213 -0.0304724947076397 0.0496915352418127 0.0120451322504538
-0.00368561987047442 -0.0386578117335317 0.060725193712681 0.00587501467648485
0.0149576155853689 -0.0361934145402405 0.0753467750491957 0.0102746116223013
0.0328798900359355 -0.0255774509487403 0.0770063555232544 0.00744220108132306
0.0476430375228183 -0.0142328084066313 0.0816488627088223 0.00225193266796181
0.0642449056195498 0.00238437972740973 0.038156802094648 0.0383330905809268
0.055673609158503 0.000349598021385543 -0.00239077941424518 -0.00920536398324405
0.0466860106242729 -0.0197680342635035 -0.0529843552713432 0.0008305470306455
0.0352961156734801 -0.0361820908107974 -0.0709418979290703 0.0274590434760772
0.0156179261731948 -0.0438671711904284 -0.056278492253508 0.0589236612624589
-0.00458035529570883 -0.0448200642757817 -0.0252383067209988 0.0677479697508029
-0.0214094416568362 -0.0368938646023272 -0.00172885308172537 0.0585653322560838
-0.025023950895618 -0.0297862437257885 0.0152051423370609 0.0442168283470381
-0.0339828045279012 -0.0280219972504617 0.026504181376302 0.0255687265735388
-0.0318339984160078 -0.0417236013608214 0.0365285584926262 0.0103349621768797
-0.017548896624944 -0.0514220756765036 0.043160109548515 -0.000472874094762845
0.00269025266244773 -0.0631186825978065 0.0586249626043871 -0.00417115741094884
0.0328767123005642 -0.0571111574708087 0.0727942599115329 0.00772228687685446
0.0601224438427206 -0.0341221086890939 0.0639977530131247 0.00916846490987719
0.0791793239288965 -0.0133058680341018 0.0578932336006287 -0.00047152718667014
0.084060586539157 0.00918058300213537 0.00794857922266962 0.0311514872883359
0.0826151988012421 0.00215455289328449 -0.0239981864556946 -0.0149659141494678
0.0740136996103845 -0.0311184840373079 -0.0645466216069673 -0.000155756681097529
0.0526040929836093 -0.0577423525466286 -0.0732166276658751 0.0278332067841085
0.0220398528688548 -0.0646376211943421 -0.0514637902165576 0.0490178322042611
-0.00493994596185666 -0.0624503684832459 -0.0249217397662045 0.0510726741808849
-0.0264510711700995 -0.0510940880281942 -0.00868993443920092 0.0405692000986067
-0.0298346768105494 -0.0412928494793622 0.00371447211118809 0.0277558232984095
-0.038306984228395 -0.0390111559294643 0.0137711078969059 0.0101158833136488
-0.0327843494920159 -0.0550411486466378 0.0231540811827358 -0.00456488261860001
-0.0154869006119489 -0.0654495844668544 0.0344126276206562 -0.0155831193154139
0.0104222706532443 -0.0776609425764856 0.0550668345874985 -0.0146029500104884
0.0467747177425235 -0.068291299015258 0.067106574125498 0.00651597853535507
0.0785628706724347 -0.0357214351259751 0.0480255025319128 0.0143147405899979
0.0986178846695926 -0.00945488364680558 0.0279967892625451 -0.0022058349494317
0.0906373880919071 0.0118312933527281 -0.0270999728976215 0.0211032279857495
0.0961166827575063 -0.000161004410829817 -0.049037304418088 -0.0186279755371491
0.0873151605646952 -0.0411524323651535 -0.0742370197201801 -0.00061146788609977
0.0583222735189697 -0.0724302703743102 -0.0715718606234705 0.0237806838420212
0.0221267451039817 -0.0760478451094097 -0.0457402892046773 0.0329247106368123
-0.00627013231123927 -0.0700409129894291 -0.0268914133476049 0.028631057149257
-0.0277233882004306 -0.0564484309040639 -0.0174702910394456 0.0168423129504741
-0.029036446161279 -0.0459698194247544 -0.00863029668594894 0.00724696686502872
-0.0351080804790574 -0.045288822622881 0.000721843087492288 -0.00863615180568078
-0.0266604676522801 -0.0617386841340059 0.0116883351412087 -0.0216660798099609
-0.00571861719560284 -0.0706531040109733 0.0263187467743706 -0.0316017137032178
0.0222548668157075 -0.0795234125280634 0.0511145505354118 -0.023685138801967
0.0580284477194845 -0.0656278077975329 0.0599573113412539 0.0060897030953154
0.0870446711712692 -0.0270527047561836 0.031295844837514 0.0187011814803767
0.102264870040323 -0.000329529232836065 -0.00324255826738223 -0.00421548765850242
0.0824222326769771 0.0127318572351244 -0.060867079358459 0.0111612430566234
0.0908444477276756 -0.00159864464740222 -0.0731133057723618 -0.0178602232995204
0.0835960578115773 -0.0420107270588468 -0.0799032181176205 -0.00224081497278986
0.053338498259309 -0.0716677273818834 -0.0671925722651796 0.0157552231759797
0.0181147956753967 -0.0717339698287031 -0.0421309156972564 0.0127389633769822
-0.00649276471940765 -0.0643677154974603 -0.0318068141305098 0.0051507462340108
-0.0250034450537434 -0.0522955731603012 -0.0267583711718246 -0.00517167454404275
-0.0245500779302779 -0.0439691486362022 -0.0192992172108379 -0.0139939696855442
-0.0269508473951471 -0.0451737131599562 -0.00904699844009113 -0.0295426815654077
-0.0144763047800488 -0.0597841675134139 0.00519536513213836 -0.0408278884319654
0.00708650415904923 -0.0653484007158103 0.0239953592435609 -0.0471884289923322
0.0354753745781825 -0.0680299824385938 0.0490361943097812 -0.0299876938838353
0.0635046450033285 -0.0491546862445997 0.0513173131552216 0.0055113493372029
0.0839757790142691 -0.0102075425792215 0.0153296077691522 0.0192294956823546
0.0920568905197974 0.0115429972974004 -0.0311968129384973 -0.0104290735500596
0.0584748454062526 0.0123870722165166 -0.0870736601741342 0.00225876694145466
0.0681985579101652 0.000971813245813632 -0.0897373674800124 -0.013876504785042
0.0640008917780226 -0.031464219107182 -0.0798293075979125 -0.00382328771492245
0.0400616346111954 -0.0545979108240672 -0.0621395208403748 0.00649281533041484
0.0134971878869609 -0.0531285333194141 -0.0411482140332786 -0.00532202746999254
-0.00340244888607574 -0.048401257101758 -0.0382249734564098 -0.0141644997383961
-0.0167645484225137 -0.0405999470071883 -0.035006741755026 -0.0241159702675237
-0.015872175348871 -0.0351363787146752 -0.0257800725778688 -0.0329164558242121
-0.015371502731403 -0.0379351104559105 -0.012633347422363 -0.0480735283871167
-0.00232335738213383 -0.0478688305220443 0.00607039568734101 -0.0582091475448396
0.017019824167106 -0.0498391663201975 0.0292785042896002 -0.0585120068317048
0.0403645695876108 -0.0458219304287049 0.0516235027732596 -0.0325159651245794
0.0585592390534771 -0.0265146755775711 0.0442068391275636 0.00358170921502058
0.0682889290143098 0.00722930794389796 0.00259644897581656 0.014567279684784
0.0683039659277073 0.0212302968086755 -0.0517349647412247 -0.0197640563971109
0.0249058761288534 0.0127226534973866 -0.100275605040415 -0.00245411378844845
0.0351091451659132 0.00657649958865678 -0.0967427176641696 -0.00700857736217251
0.0350242810179293 -0.0129393552076952 -0.0783768076012426 -0.00599667394047501
0.0230788648300237 -0.0264026722479856 -0.0594441669508685 -0.00178275849894966
0.00995332877732786 -0.0243806054074862 -0.0439001060693837 -0.0152003610984151
0.00260592165175879 -0.0249191102164613 -0.0439788903448166 -0.0243926460006116
-0.00532420336124873 -0.0231190217707004 -0.0395596507511006 -0.0350079882503162
-0.0058530323691512 -0.0206966815078492 -0.0284289598676685 -0.0457430382179983
-0.00443689930784933 -0.0241330016402063 -0.0122725638519756 -0.0635617392961436
0.00459742929642583 -0.0285979856891409 0.0130175451753261 -0.0713281297219141
0.0165203121158999 -0.0283276191275322 0.0402044360440045 -0.0659906266565922
0.0315561650454071 -0.0229456653053344 0.0561360790945311 -0.0332080132384816
0.0411574268480559 -0.00747858379785643 0.0406410400159039 0.000759243102756965
0.0430979889478988 0.0164280870514377 -0.00355209835333189 0.00739263036495098
0.0366431981984057 0.0237536021290837 -0.0616598248067971 -0.0295984047802567
0.00361489433090327 -0.0144584332119306 0.073610678711573 0.0331778817900535
-0.0116011120817243 -0.0118633973974781 0.0220760213332192 -0.010293641480856
-0.0188049909926575 -0.0029665768824037 -0.037651414247594 -0.00815923946458485
-0.0137191584407783 0.00539798715280495 -0.065906385570715 0.0202220525006835
-0.0102737648469086 0.00573055806844551 -0.0609965796953456 0.0644886617814354
-0.0092010535624926 0.00453614985578868 -0.0250406804780633 0.0809041506059005
-0.00687267701433768 0.0047009942430816 0.00773533867299607 0.0742569776417079
-0.00744293851457268 0.00359874975396947 0.0298413883393047 0.0610618562031097
-0.0112730312137882 0.00381580533498247 0.0428913428671572 0.0431067305506241
-0.0146242989635677 -0.000332668848565182 0.0529660724867427 0.0301461857488664
-0.0138942589243727 -0.0045393437898946 0.0541352581240111 0.0215051533489459
-0.0137208620440784 -0.00931727228363816 0.0627321108078157 0.0153630210125854
-0.00903962763913744 -0.0130400277711646 0.0790333901298278 0.0164000242378086
-0.000392230610309214 -0.0161365029127969 0.0876147851772793 0.0138569384483026
0.00896961962747069 -0.013276340248616 0.0988163824190196 0.00985686802002961
0.0365748283811568 -0.00551610730498476 0.0611284279645073 0.0416261311084304
0.0229414031018285 -0.00509129946668238 0.0134123893816577 -0.00653034705775625
0.0142816418130549 -0.0102150799856225 -0.0435230706156055 -0.00363768800149828
0.0117231203565811 -0.0148645132392441 -0.0697419853697616 0.0227691181426912
0.00395196583894063 -0.0201538860200527 -0.0627939313757648 0.0631880788897475
-0.00659606830075437 -0.0220793850506918 -0.0280778931152233 0.0783592839521041
-0.0149447516821785 -0.0185880502212362 0.00268161881500406 0.0719223514652036
-0.0174932685834593 -0.0153055160879378 0.0241936222128564 0.057673333313555
-0.0241455101863034 -0.0147153857756609 0.0370525976327952 0.0387659595259363
-0.0240268123036257 -0.0242731963352646 0.0470483643254039 0.0237737281198535
-0.0150105118382031 -0.0317964953465319 0.0509941578216619 0.0143143556720839
-0.00283704132669596 -0.0401409719371085 0.0622171704066666 0.00859633726849585
0.0162660337038064 -0.037236182261436 0.0771673346431949 0.0134017117183472
0.0349337466744818 -0.0247912049681277 0.0786430356461286 0.0102138738048174
0.0493104719722673 -0.0127732321814041 0.0844809682516287 0.00512083714591805
0.0653752090348574 0.00514948876698224 0.0381536999478465 0.0405576713004079
0.0571448745994344 0.00164653397759494 -0.00187287859514477 -0.0102600420477293
0.0483915601364715 -0.018989209459512 -0.0541132601302772 -0.00190069297871258
0.0369879512263639 -0.0358582569398097 -0.0738990785605796 0.0252639203451582
0.016972077881992 -0.0453398610663562 -0.060280149449402 0.0588819610844884
-0.00376745818483567 -0.0460609964170604 -0.0286549584195579 0.0685023023417775
-0.0207103488582287 -0.0389925504235673 -0.00383450416727925 0.0598030634114318
-0.0252120958682552 -0.0320097342307289 0.0143332644330828 0.0465159481419231
-0.0340337860842748 -0.0299577448642449 0.0268221441422636 0.0274598694014535
-0.031170180628423 -0.0442325520087758 0.0374753614188241 0.0122060783423845
-0.016901151976254 -0.053312784226516 0.044964198253771 0.00156644077519677
0.00467859394740129 -0.065210602043229 0.0604241165854423 -0.00124370343861429
0.035435922756878 -0.0581095818630492 0.0743252957981352 0.0103110856210214
0.0628849213035464 -0.0331533284648088 0.0656799387156258 0.0112344965676897
0.0815788642205035 -0.0108979820837677 0.0599095158093039 0.00194572320828971
0.0856206111827795 0.0122292772102568 0.00784479981910397 0.0323173497677723
0.0851088708684794 0.00511128928267524 -0.0232951933487999 -0.0166898581564755
0.0764996223201665 -0.0295885968584896 -0.0654873092877555 -0.00330727672729132
0.0551572820707957 -0.0580090696693024 -0.076115031630818 0.0252679722863942
0.0243158341030667 -0.0667801576442355 -0.0549794109473811 0.048742012966127
-0.0033281309496781 -0.0644868686104301 -0.0278248066920691 0.051294344492375
-0.0254322720093236 -0.0531862759200727 -0.0108167745831235 0.0412643743991141
-0.0287724844906419 -0.0438043479510696 0.00220418273002348 0.0287461471517783
-0.0379927731935389 -0.0411785304363269 0.0136014547777216 0.0113480888660433
-0.0320663777177935 -0.0577979696649087 0.0243683597057022 -0.0034273052995545
-0.0138536504907328 -0.0677196287349278 0.0362331301531211 -0.0146427303552617
0.0137593198912336 -0.0798578396017162 0.0567609445460791 -0.0134086192459179
0.0498062562271853 -0.068992631336844 0.0691975612591516 0.00841729637618538
0.0817879314009963 -0.0339138309208235 0.0496537270506149 0.0159123905552076
0.100558018745208 -0.00666021915011606 0.028894451398741 -0.000583134983069192
0.0923965043339172 0.0152595650644386 -0.0281080338746055 0.0202885202326498
0.0991210679029221 0.00285178251567368 -0.0493382286265349 -0.0214474802432858
0.0902362339367117 -0.0395045003152334 -0.0756010757789466 -0.00416778256301973
0.0618507345897169 -0.0731149269070342 -0.0741282387147159 0.0215122396353591
0.0239204318943508 -0.0778957963577443 -0.0483057900208475 0.0318930103500894
-0.00474166630704622 -0.0720965286241463 -0.0291001892552844 0.0281700399535261
-0.0267536251420078 -0.0589421032816907 -0.019371240950037 0.0181008282593934
-0.0289546208503726 -0.048608630745042 -0.00920831545422378 0.00735968876699142
-0.034652442276891 -0.0474511430264811 0.000981539878973089 -0.0088715163535769
-0.0253440197962856 -0.0641244388450982 0.0129437322538035 -0.0217621768114971
-0.0041338808989737 -0.0727987180989907 0.0285061088328696 -0.0310547952573173
0.0260886963384834 -0.0807313058441185 0.0528529488484601 -0.0225608483577442
0.0611777067876313 -0.065532197936904 0.0618594779421887 0.00805111512439342
0.0899209612282971 -0.0246145564017094 0.0323676947744784 0.0200322597430114
0.104759532102753 0.0031534791827484 -0.00288094430396473 -0.00418373507157234
0.0842706041251302 0.0158408686595738 -0.062461297395967 0.00874097090842602
0.0935957293971382 0.00134177453214703 -0.0736740294850155 -0.0218479806956449
0.0865783396071509 -0.0405823889236178 -0.0809594132086767 -0.00531610921064446
0.0568791916904537 -0.0726955026474714 -0.0696291788180205 0.0135913334314579
0.0201637062162697 -0.0735579987592901 -0.0443265730844472 0.0116024223843137
-0.00520730145334445 -0.0669404972415509 -0.0332171174384982 0.00385051813502857
-0.0240027104465242 -0.0544632147152955 -0.0283484985547887 -0.00561811297005035
-0.0239757273266907 -0.045896720656701 -0.019537065043015 -0.0147023778295571
-0.0258464742928299 -0.0473077094523098 -0.0081983692893802 -0.0301689010928886
-0.0132093271142006 -0.0616780931099253 0.00680282773706973 -0.0416711364354889
0.0094213900706703 -0.0668880746629694 0.0268278688968226 -0.0471063122587339
0.0386172372843681 -0.0682473355050265 0.0516532671211566 -0.0289685914841399
0.066086975218305 -0.0488689205659444 0.0530749569326911 0.00756600667456746
0.0863475946442306 -0.00744417928274823 0.0155494597298491 0.0202831949047293
0.0929488036120805 0.0150468778574657 -0.031218526074922 -0.0111980221828573
0.059590996543753 0.0146997561779938 -0.0892041191084438 -0.00183497541891061
0.0698931175001291 0.00240247429603415 -0.0907768779671424 -0.0179347365114209
0.0661823859417881 -0.0306122158385037 -0.0811163228328308 -0.00759658878228514
0.0427978242196032 -0.055056715773674 -0.0639074226321527 0.00367018460073892
0.0154412698546599 -0.0542902451543682 -0.0425743569099851 -0.00781075807233047
-0.00209141160396663 -0.0501334292161787 -0.0385486041725255 -0.0163732039904459
-0.0156770233419837 -0.0418117338387952 -0.0353959967279527 -0.0258571959007422
-0.0151148989852699 -0.0364197897098728 -0.0258867941558955 -0.0345021481188419
-0.0137356238953983 -0.0396764069611403 -0.0121390326066665 -0.0503736037316392
-0.000498770570427496 -0.0500404368815757 0.00870531820988059 -0.059415988927511
0.018953182690906 -0.0505646935453955 0.0328316119012737 -0.058693209257665
0.0429304370581759 -0.0460231789860305 0.0539637314237916 -0.0322736450373812
0.0605348554506369 -0.0252684259113586 0.0459043372349848 0.00528469852891198
0.0697993573721791 0.00976708048511521 0.00251797592912995 0.0152687869674593
0.0690267897988431 0.0238054162957445 -0.0521859812256882 -0.0219653758694673
0.0249820126315161 0.0132968161894519 -0.103021583431396 -0.00739288335504766
0.0357712364414708 0.00776370653792774 -0.0977344643968712 -0.0111968851634997
0.0361324782963388 -0.0123348528669102 -0.0798338275239405 -0.00928134467578559
0.0241416569070556 -0.0259583834424842 -0.0606617966814907 -0.00427717293371873
0.0113548233415922 -0.0251756733358756 -0.0449666181879482 -0.0183507790897618
0.00333428070096121 -0.0255823964614907 -0.0452247620115953 -0.0266159590780206
-0.00446522682622297 -0.0238170104684145 -0.0400997107647351 -0.0368463617539059
-0.00530533065386044 -0.0211587911693199 -0.0285693521276598 -0.0482512254971032
-0.00355207058047089 -0.0245424602050171 -0.0104639507371058 -0.0652116295400792
0.0055130906203349 -0.0291046796390019 0.0158768747349481 -0.0725994643911397
0.0178813509926258 -0.0287330840073376 0.0435398380107872 -0.0657063094043491
0.0329459744280418 -0.0228155251010251 0.0588453367357581 -0.0318670671477665
0.0423249203537272 -0.00604286472194761 0.0421133565907878 0.00257729926949214
0.0435529893052067 0.0185596361582704 -0.00365645646109693 0.00771977761632667
0.0364734165378853 0.0246231435340594 -0.0622385424265906 -0.0324888936392749
0.00327050488606226 -0.0151632439808521 0.0771548302391771 0.0351515371455053
-0.0120751144452854 -0.0125472107634773 0.0230199136923766 -0.0111437565228397
-0.0199880245947204 -0.00287250435535703 -0.0401406482607523 -0.00928941134364033
-0.014388603515966 0.0056660092945074 -0.0695577100600322 0.0208265060408557
-0.0107348400084431 0.00584757843558753 -0.0641559909078601 0.0682457142961249
-0.00986555060389887 0.00493761218518657 -0.0262097577296774 0.0855291496602709
-0.00764806336157428 0.0045301033071121 0.00889692602787218 0.0783593688731343
-0.00775066385043508 0.00388642750809476 0.032518342776052 0.0640431557361337
-0.0115295964122614 0.00332389850121016 0.0461319340105095 0.0452354838142557
-0.0153511794411429 -0.000736321785994605 0.0556051026356547 0.031764166713612
-0.0144715450987912 -0.00470803159535066 0.0567125976683189 0.0229594849587427
-0.0150263026946754 -0.00975427378748833 0.0652521900899804 0.0168563200996407
-0.00969775126263321 -0.0141111984272617 0.0822532084269355 0.0167363746404855
-0.000443403221334282 -0.0166734475768088 0.0920304286659606 0.0146498390491757
0.0097553156210978 -0.0138271692457493 0.104368872427747 0.0111802946061567
0.0378731258639163 -0.00545329721652948 0.0650993031169524 0.0435468247125897
0.0244678521170975 -0.00558845393122296 0.014141154052081 -0.00713306705761318
0.0151375524275811 -0.0111581358382855 -0.0458348672132517 -0.00423019841697231
0.0121507537978132 -0.0156562752156576 -0.0737440156959343 0.0241319813901365
0.00407004332099694 -0.021439401875626 -0.0661134017521409 0.0672941589892515
-0.00740995740686069 -0.0226891336819764 -0.0294481306235366 0.0828060758348553
-0.0158929366356606 -0.0196253162036648 0.00273153842819126 0.0757147132575428
-0.0183995894486193 -0.01640445107617 0.0263271988411845 0.0612782548848284
-0.0255504009923035 -0.0155473856392474 0.0396115976532124 0.0405735257200287
-0.025895152448287 -0.0260066089387749 0.0503089743020403 0.025280298783438
-0.0159470775344229 -0.0335340765472843 0.0535838859971728 0.0155011278834745
-0.00274496675096901 -0.042170591554613 0.0651351335085315 0.00908098494120289
0.0165902772767258 -0.0396307978190271 0.0807878075790375 0.0136626407616233
0.0370669208213584 -0.0261375231789976 0.0824671085347325 0.0102658196991914
0.0519627875875068 -0.013548347434247 0.0894696969545242 0.00550288701299159
0.0687545887009728 0.00513700545438164 0.0411481955482313 0.0423094830359787
0.0607030465421968 0.00182500474950697 -0.00144624081073545 -0.0106999206577495
0.0507906565431254 -0.0204308182778526 -0.0565540554572825 -0.00258377681174491
0.0377205164684766 -0.0386367468949942 -0.0777128884101771 0.0264795612210589
0.0170472221231388 -0.0481199925214657 -0.0638320469538444 0.0624137839845408
-0.00467774475776241 -0.0486044201030447 -0.0304796827604107 0.0719634539915193
-0.0223567833763856 -0.0412311837231423 -0.00379138174260383 0.0638607225179745
-0.0265641756466004 -0.033987473640913 0.0160595523764771 0.0493517479108979
-0.0356071750690503 -0.0314129288377163 0.0285839447213628 0.0292251955167691
-0.0333145178090637 -0.046749502679093 0.0397403482137136 0.0128765577865413
-0.0180687202351219 -0.0563335341848818 0.0475493916935715 0.00166823128957112
0.00493478740656218 -0.0684101684095738 0.0636543033193796 -0.00194107961184545
0.0366364640794717 -0.0616790887488308 0.0779987841250987 0.0111201768358278
0.0662323349547838 -0.0347095696586269 0.0692983990468479 0.0113926149349638
0.0859140102989854 -0.0119418799176119 0.0637986561755447 0.00202112269084007
0.0899343922412627 0.0130755426700483 0.00873617275043301 0.033488538955134
0.0899696025336516 0.00483802143377617 -0.0239551936516507 -0.0183903929548275
0.080157185115078 -0.0318479916920672 -0.0686907047530975 -0.00428024778265969
0.0569136708970879 -0.0617949328587887 -0.0798750765299504 0.0263922679634695
0.0243179211418555 -0.0705386965454438 -0.05830407271105 0.0515591204560064
-0.00436413901561081 -0.067735554959807 -0.0295568369164543 0.053460368617313
-0.0271786579698505 -0.0566906337982253 -0.0115106198935021 0.043940020270423
-0.0310000858592549 -0.0461239899421663 0.00344405476747093 0.0309200228385299
-0.0397795604635732 -0.0434878387855589 0.0145399055365732 0.0118320219411575
-0.0342054364468854 -0.0608895913479909 0.0263453294942547 -0.00356940919026785
-0.0152486756564979 -0.0714734287295369 0.0383833253617307 -0.0150364910074624
0.0137493872753078 -0.0839969168111203 0.0595346967769405 -0.0138805708727212
0.0512991501096028 -0.0732707210942864 0.0732588718444488 0.00872031450897593
0.0857524361645643 -0.0361456741324143 0.0523703205865197 0.0161210863742218
0.105967489679871 -0.00716645283485613 0.0312089386563153 -0.00029271272204743
0.0972569398537814 0.0159417857595595 -0.0288076882661042 0.0210874206215163
0.104770176017417 0.0024319909492909 -0.051680138991355 -0.0232804540704303
0.0946546281694751 -0.0425282957700619 -0.0791143733100115 -0.00502473917009991
0.0642806307363715 -0.0772402846160411 -0.0779787222424692 0.0226569599430603
0.0243489800178697 -0.0826007600370494 -0.051344520565001 0.0338955662641435
-0.00585263014021665 -0.0758999331459769 -0.0311775681646458 0.0291623769331165
-0.0288424782909914 -0.0620959596358446 -0.0210147260654036 0.018913195745454
-0.0306156900694898 -0.0511025808651501 -0.0099125790269511 0.00844517702408616
-0.0363328678403355 -0.0500197361404362 0.00137389661145698 -0.00894956490931718
-0.0270836319988708 -0.0674090126383113 0.0140755898443156 -0.0228129685159658
-0.0046805193164286 -0.076737395971504 0.0305626368806336 -0.0327830273846983
0.0270281069665738 -0.086040434824602 0.0555053039454437 -0.0240322941456415
0.0638100934686226 -0.0697143316419497 0.0651114665886527 0.00832929760766179
0.0944149139490509 -0.0260594818014528 0.0345871342784494 0.0205216708033882
0.109496347628049 0.00243759577797059 -0.00270315510917874 -0.00420686963279167
0.0880367135245669 0.0156058446602259 -0.0656017539839684 0.0085198513615335
0.0985002703082138 0.000731207935456794 -0.0771403508806425 -0.0230356913341321
0.0903673718474233 -0.0436670772579833 -0.0843595550712865 -0.00619943404482988
0.0587670116026531 -0.0768131578648881 -0.0725241616603605 0.0138069908854145
0.0205142745971841 -0.0780286536585822 -0.0466844318526039 0.0120317995669247
-0.00630717183235673 -0.0704911834094694 -0.0359298404937013 0.00420731506595626
-0.025285125115863 -0.0574295029461723 -0.0301023889675008 -0.00548812120292956
-0.0253237551912073 -0.0481961233194199 -0.0210786529254612 -0.0147949293095237
-0.0273356539289004 -0.050004161660717 -0.0092262039986336 -0.0316203623266288
-0.014175088777218 -0.0653765045623572 0.00768538762748642 -0.0432662328416615
0.0091748249155167 -0.070396400596317 0.02877675252459 -0.0491406324188145
0.0403552322929256 -0.0724952148463904 0.0538171758128618 -0.030592174628367
0.0693586859435547 -0.051559063808258 0.0564568252238015 0.00747498497114425
0.0909180358868211 -0.00790858444336134 0.0168815311760727 0.0210110088975263
0.0976836616026461 0.0147215581335545 -0.0327828245966152 -0.0116127978527748
0.062779714989364 0.0150287626782596 -0.0939610670082662 -0.00176594991187592
0.0737958338733085 0.0025519125455702 -0.0947796067285408 -0.0196396332273612
0.0690311101423512 -0.0323479298140153 -0.084918761708422 -0.0085567531183405
0.0438201368947195 -0.0584305543523399 -0.0670988791611549 0.0032873071610655
0.0153244222063827 -0.0575227157914876 -0.0453711071644773 -0.00830544318327629
-0.0029142660678791 -0.0527380915012671 -0.0416962464294877 -0.0173119084001937
-0.0168813449938191 -0.0441438664723173 -0.0381111328121648 -0.0262042016879261
-0.016299260259716 -0.0382519089391607 -0.0280715324358261 -0.0353457696125114
-0.0150310687978424 -0.0419310210882945 -0.0131305801976058 -0.0529952134372979
-0.00132961471365592 -0.052078254021419 0.00908691070949043 -0.0625245059755474
0.0192066971669293 -0.0536760737146925 0.0344598800119775 -0.0617842669517052
0.0447875577355513 -0.0485912155570114 0.0566228105060514 -0.0337730954113074
0.0631215415980407 -0.0270948261547134 0.0487871801984245 0.00577583638372635
0.0735592340175899 0.0100728788203121 0.00317221973103706 0.0156402151183393
0.0715535259078464 0.024245404630781 -0.0547025979945053 -0.0220574430575696
0.0265023062970588 0.0137764098242117 -0.109605929438498 -0.00823762908839876
0.0376331350538722 0.00764960606210816 -0.102603448393147 -0.0128454747257848
0.0378011603304929 -0.0137508875821307 -0.0833026399047649 -0.0103974970948823
0.0249473596559242 -0.0283974657472427 -0.0639586173631482 -0.00441820076497942
0.011395445616911 -0.0267542562381379 -0.0476865756388034 -0.0196083622798297
0.00337920932474392 -0.0272283328589796 -0.0479419188084685 -0.0282981549794821
-0.00510162294232982 -0.0249580501526394 -0.0432057462923475 -0.0384826041368511
-0.00589121943181611 -0.0223040218694787 -0.0305404406057022 -0.0500304534106422
-0.00370956492515858 -0.0257352617032875 -0.0118616335675858 -0.0689583020267095
0.00577562005323444 -0.0303776866857025 0.0163676536734336 -0.0771428987478629
0.0185842385568611 -0.0303383628402736 0.0456406226241575 -0.0691470660111692
0.034556975587325 -0.0240909292998235 0.0622016171410855 -0.033419195069145
0.0440084213006345 -0.00665284603624931 0.0444264427395535 0.00250535397010502
0.0459003695632801 0.0192259399169421 -0.00343034459677821 0.00794412651159001
0.037697122532359 0.025254478925934 -0.065902286847494 -0.0332906555619053
0.00762815904806584 -0.0153947674561472 0.0725367594069499 0.0493275878095143
-0.00988344579836718 -0.0155348929962252 0.024831616683585 -0.00825782637256469
-0.0198576357318496 -0.00633235471933134 -0.0402386434561891 -0.0174597331545608
-0.0155548207805373 0.00438332168131921 -0.0766656510464409 0.00857704294206659
-0.0107675063806671 0.00517834791735472 -0.0786644069687057 0.0604368189494038
-0.0102096915182617 0.0039076171041496 -0.0424349788935839 0.0842678271127914
-0.00874349334788858 0.00308834442842686 -0.0045934731835333 0.0830733845245544
-0.00836904218950118 0.00212200813912938 0.0235816409743561 0.0727606943590074
-0.012902537651324 0.00103745328735216 0.0413908127634185 0.0556594674564228
-0.0156326200692297 -0.00375069575140585 0.0535346299872776 0.042213586289727
-0.0131159667166513 -0.00739309752596145 0.0558255790088644 0.0339337852905935
-0.0122102000302886 -0.012058015929191 0.0650525687774748 0.0295082724029979
-0.00635310904522366 -0.0158758871314733 0.0821540945831415 0.0317752195893971
0.00487057626501435 -0.0164220118548197 0.0906229591055392 0.031901261252067
0.0148066268177796 -0.0127060604304769 0.10515907682434 0.0330885820824394
0.0407753749196484 0.00171553585407633 0.0593411757556323 0.0561901604449019
0.0261439443128682 -0.00165859113676879 0.0165872066546785 -0.00572665994244941
0.0168384616768861 -0.00794567671732173 -0.0456069521203326 -0.0139082009267541
0.0147996004490421 -0.0123284742191163 -0.0794794118393518 0.010789911131613
0.00897853362062554 -0.019738636088208 -0.0800949741093202 0.0576088529520379
-0.00279091659287624 -0.0237699484126604 -0.0453831012470599 0.0803131615624312
-0.0129702908728893 -0.0229400821771771 -0.0102405630952622 0.0789824689208604
-0.0152152416100964 -0.0211795425181346 0.0171184229836084 0.0680476403685276
-0.0229630101479961 -0.0215881610473593 0.0359290163490256 0.0496285994086806
-0.0212015559471725 -0.0321665830430198 0.0493244255254063 0.0354486723861449
-0.00905666095317829 -0.038028147654502 0.0535432487500465 0.0267311002085953
0.00590289400932774 -0.0436283912494558 0.0661191466346526 0.0237056620577646
0.026449765542679 -0.0365337572234323 0.0800276351217794 0.0286976051229857
0.0447545565035124 -0.018644563142327 0.0803555418031041 0.0266639198117379
0.0590788014738548 -0.00306672489941668 0.0888853305586516 0.0234777619483834
0.0693663158862396 0.0189991730488364 0.0371130600266398 0.0514450592290816
0.0612000268618372 0.0129705383622982 0.00229087501833471 -0.0115569809866337
0.0539610281845427 -0.0102348036638566 -0.0545539648217033 -0.014806230905033
0.0442586319731377 -0.0307582140458384 -0.0825287136255703 0.0109879266450589
0.0270803901565989 -0.044492661895391 -0.076492375975527 0.0509275829772778
0.00466381788657027 -0.0499025661071028 -0.0441327559091572 0.0680341485287633
-0.0152775914625669 -0.0459638298209704 -0.0145964101639222 0.0645320569529623
-0.0202000044937911 -0.0407083819911951 0.00861570314388556 0.0544613368484768
-0.0302532292066917 -0.0399063970417124 0.0263829866832502 0.0356350792540539
-0.0251512368494444 -0.0552659634855885 0.0406664724989417 0.0206852667037754
-0.00569919997225009 -0.0621293762331182 0.049884383212764 0.0122889721064198
0.0187395329514148 -0.0699258818347958 0.0662322759201662 0.0132253433783716
0.0514026680097791 -0.0550807205123274 0.0775933591164017 0.0257458791314569
0.0770981077346076 -0.0216139807487126 0.0652481241880519 0.0252326660312183
0.0942488446577843 0.00553539579000652 0.0608058605504533 0.0136824417078726
0.0887740832912642 0.0305702936577865 0.00619166636626185 0.0364976932359398
0.08990005954614 0.0214973550061281 -0.018388488095014 -0.0232815084086706
0.0858263683387457 -0.0162633289601677 -0.0639534238972455 -0.0186289858398774
0.0675853658453877 -0.0505857239588878 -0.0826463098237833 0.01096675477413
0.0380741688279424 -0.0661069471825447 -0.0684410705726991 0.038778209422127
0.00830069048446551 -0.0696649801250514 -0.040388622811117 0.048615817482902
-0.01730197769218 -0.0625630167684734 -0.0194925106723183 0.0422110108910626
-0.0220936995765853 -0.0537219766318247 -0.00184506839847419 0.0330213087670666
-0.0322267870669972 -0.0525192689891802 0.014493366196708 0.01563409296444
-0.0234798636668674 -0.0696499850116037 0.0299114868394635 0.00149548884736527
-0.000244157066908341 -0.0775304671634572 0.0430200992503571 -0.00598384418097104
0.0312231028500936 -0.084652036022313 0.0642115572690949 0.0016694928528332
0.0696468481976372 -0.0643283897768828 0.0719745351714163 0.022987951517792
0.0969738713023274 -0.0184037857468912 0.0472869331342304 0.0271902477484083
0.11396442038209 0.014548782106893 0.0269914288589963 0.00383382957847445
0.0949330006377313 0.0361282561374711 -0.0288499816406465 0.0166353261512555
0.104081699443329 0.0224903452024475 -0.0449375356161406 -0.0327341915753444
0.102384329039381 -0.0234595787760202 -0.0734056389719083 -0.0224233950420948
0.0770614092837038 -0.0654804492719516 -0.0786449083448104 0.00580507398523364
0.0403426916887695 -0.07808091978507 -0.0588280296242778 0.0213444895314046
0.00795642458756917 -0.0782679570298689 -0.0374105189682187 0.0227041054124483
-0.0180957763261434 -0.0679274740039712 -0.0245544146862261 0.0148318325985082
-0.0206303139795511 -0.0588326916318256 -0.0115805119957806 0.00752743835760064
-0.0273893552802304 -0.0584634547841279 0.00401999448784583 -0.00848571898598806
-0.0151016138914451 -0.0755521903459249 0.0209906512904335 -0.0202121193167035
0.0117261054236732 -0.0807714193329584 0.0371853185891546 -0.0255110836583386
0.045276035278646 -0.0843703476684017 0.0605522564793488 -0.00954192441216533
0.0811851594330142 -0.0577167780098932 0.0645269897434286 0.0213733241436491
0.103274676808862 -0.00697964895783689 0.0276205568133942 0.0279429364752784
0.115550770999931 0.0256508911268447 -0.00730782770404618 -0.00710288628729027
0.085431374559647 0.0342657979258498 -0.0648305089577619 -0.00281578121172082
0.0981731940442871 0.0199588774990606 -0.0712011897580187 -0.0376259194475492
0.0982184380253521 -0.0257052110660002 -0.0787243027475893 -0.0240174914962955
0.0715068933893233 -0.0655087703951945 -0.0722573811505574 -0.00172181446977087
0.0350362547481904 -0.0745520404835144 -0.0505560318716712 -0.00046433716065471
0.00666774824513275 -0.073055805152 -0.0379268048722383 -0.00419670811687042
-0.0156226967543091 -0.0634263841084222 -0.0302678570100336 -0.0122296232785497
-0.0160598439118351 -0.0549475507427243 -0.019992814071449 -0.0187300246240887
-0.0179713502130993 -0.0566868993377154 -0.00326770720834355 -0.034002196379592
-0.00190648629851196 -0.0705000385797811 0.0168625183410673 -0.0428151986744683
0.0250021727660429 -0.0713762230191907 0.0377167271615091 -0.0430257374675795
0.0557789343971822 -0.0677762723914859 0.0600024799717904 -0.0171499453430247
0.083264129679767 -0.0378866223995448 0.0549050710180359 0.0183338452570444
0.0956407310027371 0.010808375843378 0.00991592854001391 0.0247703107610442
0.100109842340185 0.0364113760355256 -0.0357658098796706 -0.0212437343661454
0.0589176573198539 0.0286279600215265 -0.0932464730507098 -0.0191929619199948
0.0729100058602027 0.0177649192646593 -0.0912627074864522 -0.0375430416058543
0.0748884251917768 -0.0183933337555119 -0.0811026801743586 -0.0258431354190188
0.0534463874167789 -0.0504652315796775 -0.0655813581609032 -0.010734022496571
0.0258228311218252 -0.0550789855169882 -0.0462337782958167 -0.0200445134839166
0.00675768722883594 -0.0543484419615089 -0.0407864571598806 -0.0267814659352799
-0.00901184162860613 -0.0484587565467965 -0.0357693090024406 -0.0348064124939909
-0.00851146529381948 -0.0433223160485673 -0.0234788886497806 -0.0418085584676806
-0.00685467100583478 -0.0458463627152284 -0.00354958274978008 -0.0567753544382857
0.00829864656845596 -0.0541626164667679 0.021490137092345 -0.0625527452847202
0.032092656192266 -0.0515095054694576 0.0456960504541497 -0.0557488210795049
0.0565117443759652 -0.0425099616999093 0.0628432010087867 -0.020801406371642
0.0712124245715497 -0.013490751868905 0.0482642021945381 0.0145432036977949
0.073625304583995 0.0255896895110979 -0.00241858063091028 0.0161168528029962
0.070474655046955 0.0402798228587728 -0.0548517331426081 -0.0368035859013456
0.0226116660671375 0.0206092958614799 -0.108766974616129 -0.0282840885418272
0.0352316815035371 0.0165672851923782 -0.101460629287584 -0.0310634593479954
0.0397073243553923 -0.00548695431714246 -0.0807209998384246 -0.0258957900979978
0.0289174948246505 -0.0232853177899138 -0.063163735922459 -0.0175580719230008
0.0160828052922113 -0.0244897283760854 -0.0459933767483706 -0.0305449599003743
0.00788695469709106 -0.0273898019745842 -0.0452097221908844 -0.0384628801132284
-0.000489388114308672 -0.0262102313956798 -0.0386657255879632 -0.0479624326314924
-0.00134421559768404 -0.0242785631646606 -0.0240087802438712 -0.0575875302779005
0.00130401095537877 -0.0268316682916619 0.00013957285149341 -0.0731288775259308
0.0121303249915207 -0.0306095110592162 0.0304229320587759 -0.0764494677513285
0.0260669207855278 -0.0278973216034305 0.0587253713335013 -0.0621686232172437
0.0406094224450736 -0.0187220465074045 0.0683261488673828 -0.0210830371136194
0.0472552917455767 0.00348719372734432 0.0443040182789618 0.0102424911853299
0.043754415129525 0.0291003136693891 -0.00641438235902144 0.00636528400945728
0.0332314414329109 0.0341846639943503 -0.0622247567926085 -0.0490964655588166
0.0060117348518922 -0.015539886407536 0.0758799914411109 0.0449342508458724
-0.0104917265234315 -0.0151635994120767 0.0236569705808986 -0.0106036397547934
-0.0203091076307577 -0.00508872590730887 -0.0420725499056646 -0.0156939416983918
-0.0158478358876221 0.00544350541382019 -0.0766655458415623 0.0135002609641011
-0.0106451078418616 0.00599225824141389 -0.0746532867751963 0.0663629909121966
-0.00937918675535745 0.00495574378885682 -0.0369727611110948 0.0876364077348652
-0.00909282933592971 0.00361356909974278 0.0009964242277495 0.0834016900812058
-0.00854166264190863 0.00219369632988562 0.029524181042615 0.070718096937909
-0.0126557993581872 0.00137229023681006 0.0459535680419243 0.0528607769001322
-0.0156189566706475 -0.00269623012248274 0.0569950992362809 0.0391859996819363
-0.0138026771792548 -0.00661954493711236 0.0580480803676398 0.0308036914243278
-0.0133480068242152 -0.0115530465979369 0.0673474992374295 0.0261067251689191
-0.00711644298704516 -0.0160127952476863 0.0839480903368145 0.0264666637665117
0.0040216007101464 -0.0167444447552295 0.0923683245693571 0.0266231229849025
0.0139891260973584 -0.0137287157580804 0.107947097269624 0.0265088974276855
0.0410041256751813 -0.00116294608703448 0.0637614962902267 0.0521614744334846
0.0264493975195731 -0.00336608193623258 0.0160929559229121 -0.00685203803587089
0.0162325095026075 -0.00927354021809581 -0.0464098584051224 -0.0121783509950841
0.0136427430038359 -0.0136693263923997 -0.078857132577266 0.0150461568030231
0.00710858171105046 -0.0204624931795014 -0.0763701192653822 0.0633935686164965
-0.00408933090914552 -0.023775445446181 -0.0401097672871953 0.0838459355619044
-0.0152816411826876 -0.0223132297135465 -0.00456799353345653 0.0798720616387043
-0.0169254720463503 -0.020515931230174 0.0226908934224066 0.0669580799083404
-0.0247216363882778 -0.0202130339092282 0.0400355782118237 0.0476337379462555
-0.0236550444606013 -0.0307000493287046 0.0524312499186577 0.0321398252901792
-0.0112235681487798 -0.0380300661264389 0.0558302340401181 0.023662366164278
0.00304362215747297 -0.0441697170894569 0.0674209280022765 0.0196009501093484
0.0237339750530439 -0.0387916716052422 0.0818448510269502 0.0232921858877595
0.0440873852619218 -0.0213290086445006 0.0821706899712621 0.0208949651950801
0.0589108873611118 -0.0073236909976197 0.0907990827761503 0.0180980798818777
0.070549658096657 0.0144747326964768 0.0404810685139549 0.0483665821139766
0.0621624559766609 0.00848521494302085 0.000781982452623503 -0.0124008405066588
0.0529160930808372 -0.014179798648914 -0.0551753598164843 -0.0121503343923784
0.0420428917634485 -0.0337621675014082 -0.0812074172767229 0.0164705628479582
0.0233578067154885 -0.0467177045850765 -0.0733907940804634 0.0563797350297087
0.000811971344929555 -0.0499794167611379 -0.0399917180084111 0.0711696421486288
-0.0192085758827561 -0.0456142834561439 -0.0105476418730304 0.0660898224865338
-0.0233892233307845 -0.0399608373793081 0.0129290070974453 0.0539415997428985
-0.0333630762655767 -0.038346104459228 0.0301955453863507 0.0341242617618652
-0.0292647455475668 -0.0532498345481667 0.0427914855781934 0.0181585083548088
-0.00990372291832332 -0.0623529981439682 0.0510498393983282 0.00924593935624436
0.0145421291141889 -0.0719204720340672 0.0668533660287115 0.00912101502937524
0.0474140179217228 -0.0592812731881006 0.0793037792029289 0.019953263755973
0.0756231288647136 -0.0266176359951721 0.0669113649361148 0.0207880587143319
0.0944781111571406 -0.00135214392238161 0.0628702509350726 0.00984999913496655
0.0906567053992046 0.0252712932413151 0.00921013082151794 0.0353465661839733
0.0916964917663286 0.0150150579625365 -0.0201975314876735 -0.0226049381880224
0.0845827873196694 -0.0222836602498284 -0.0652833720040443 -0.0152644761060667
0.0636467166733689 -0.0553622811837641 -0.0821945770950997 0.0156383689122915
0.0326964685603811 -0.0694707495271698 -0.0660494746852097 0.0448254107801949
0.00293547174288808 -0.0703939521468784 -0.0379884529909418 0.0513235034868427
-0.022197073360945 -0.0613355642235719 -0.0166428526490185 0.0441611650017998
-0.0258724880783325 -0.0530764786889767 0.000973321431434752 0.0332275576236661
-0.035692423120221 -0.050762371158071 0.0161349831010753 0.0145838841593213
-0.0286648243818542 -0.0688675141443253 0.0309093659277988 -0.000164781498052004
-0.00512848385369859 -0.0780325002604779 0.0435759867542237 -0.00823978316219178
0.0251433720900342 -0.0874307569528877 0.0642346773589551 -0.00265787344378193
0.0652596124419976 -0.0691376346390749 0.0739085480740502 0.0177486707137299
0.0960843138252828 -0.0252753571750729 0.0487987591250606 0.0234766998888286
0.114505643065252 0.00666824154073095 0.0278380325365862 0.00269821261224346
0.0977096185055769 0.0295966562709923 -0.0279196766874015 0.0181960008015919
0.10606546887365 0.0151417318683799 -0.0470124016582451 -0.0306288009332075
0.100672454303854 -0.0313045147445367 -0.0746148633740006 -0.0184122569043629
0.0725240503555055 -0.0714184128504584 -0.078395984017962 0.0106066825214438
0.0339371085401509 -0.0813983777510879 -0.057758298963858 0.0253445185876027
0.00237112787528793 -0.0796076672785811 -0.0368230929489881 0.0252590446478956
-0.0227762161677057 -0.0673879717845596 -0.0240389695202182 0.0172141915678897
-0.0248101283137329 -0.0577368216151624 -0.0108941942626504 0.00880071603812049
-0.0313355213104575 -0.0576469337355248 0.00390080996528695 -0.00857133688960771
-0.0204384825656135 -0.0748789067045861 0.0193066611235387 -0.0219251891643423
0.00630646882548595 -0.0820440942093403 0.0363764777669696 -0.0275165475188695
0.0388494814810791 -0.0879071393922106 0.0600957018657985 -0.0131730719480074
0.0765483154307723 -0.0636817488601516 0.0664538623347476 0.0161604449244688
0.103613339207898 -0.014051821556671 0.0293156982816975 0.0257511672815124
0.116963455034795 0.0172876386063454 -0.00773495747168905 -0.0065028544602848
0.0877151081981242 0.0283720632688125 -0.0650447894306256 0.000976378503998909
0.100027742647322 0.0130971429031236 -0.073971215525398 -0.0342841741689208
0.0961786790192066 -0.033030129500961 -0.0804494428184387 -0.0196612508450625
0.0667685288539025 -0.0714989929068869 -0.0719371488788618 0.00258089358981812
0.0292685769277235 -0.0774219203374908 -0.0506865208015635 0.00319686231595982
0.00118706421293836 -0.0739530199667496 -0.0391508294721687 -0.0018956631623508
-0.0200010224752417 -0.0627110044988809 -0.031892586691633 -0.00995096473718083
-0.0199728277006445 -0.0541940111418262 -0.0202824362153994 -0.0169039277989687
-0.0219514363072163 -0.0559579114683098 -0.00476601418339127 -0.0335163117337969
-0.00735456889902474 -0.0702868006077483 0.0136973317810224 -0.0442136685452596
0.0198772532334902 -0.0739733767396642 0.0355563349890915 -0.0447341495745198
0.0510436010503449 -0.0724252334161501 0.0587010394787332 -0.0215568693284482
0.0797247448100641 -0.0440559903939117 0.0573486641218798 0.0144677977346279
0.0970339141498532 0.00439861169660899 0.0116727837912384 0.0237749627873667
0.101673215337289 0.0288905544846379 -0.0375215340484549 -0.0183209138370966
0.0613321932082831 0.0249662902271398 -0.0951912078276775 -0.0136929685273484
0.0740066035143312 0.0124775449537633 -0.0936331567123071 -0.0319169606295272
0.0731128965832972 -0.0242832246243572 -0.082182130150613 -0.0212496580832578
0.0492501145635335 -0.0545814046270856 -0.0659136120656226 -0.00708078725350451
0.0216630605817588 -0.0573462778008193 -0.0473861916008704 -0.0170537352339674
0.00219107390769481 -0.0547191006869158 -0.0433536379082299 -0.0243590825065561
-0.0127262868999808 -0.0477050610521506 -0.0389911368613794 -0.0323069068062427
-0.0116042928418088 -0.042506478280986 -0.0265028001270165 -0.0396636110336861
-0.00989650332000262 -0.0451240872328485 -0.00836357828111664 -0.0566243372858799
0.00504360893145418 -0.0553191461069392 0.0171687566567112 -0.0644237242334743
0.0284884289201976 -0.0544028149040617 0.0426061722923703 -0.0588260573950601
0.0531486650994909 -0.0466623708891148 0.0614848413047764 -0.0253062885021801
0.0697528551178723 -0.018351834394516 0.0494236481927528 0.0113949913122487
0.0756471409948066 0.0206765476605013 -0.00101759185303882 0.0158318319788168
0.0727917305371013 0.0347404270948405 -0.0581435115427994 -0.0326588543639366
0.0239502242570144 0.018973878407047 -0.111880167227168 -0.0217807339067327
0.0365257215965102 0.0135299658240286 -0.103323964297068 -0.0263858431681253
0.0389768057010065 -0.00852860746771457 -0.0818503892668212 -0.0215985835484081
0.0265944797848382 -0.0254233215627614 -0.0635214902393153 -0.0134024011098132
0.0145198956051941 -0.0261318442940445 -0.0493099570673137 -0.0274613934504089
0.00571787716958973 -0.0274969099923306 -0.048431683201512 -0.0356792567071204
-0.00260562829083627 -0.0269845797319133 -0.0426435513147951 -0.0454886666089672
-0.00275450395938375 -0.0239829142538627 -0.0281424574401871 -0.0553021659325235
-0.000342846254773248 -0.0266776279983619 -0.00523035176310694 -0.0732297385135591
0.0101149901421494 -0.0312759043952626 0.0255127890051502 -0.0789376730435504
0.0240359095582513 -0.0299697569444845 0.0549704389578833 -0.06637146507364
0.039612770082889 -0.0214606040580274 0.0672449498584206 -0.0259095096213214
0.0472302289651894 0.000425639305416513 0.0457881930179147 0.00769600895494086
0.0452557004034854 0.0262754360823813 -0.00555291019882299 0.00675832351342657
0.0350576859423613 0.031477255179316 -0.0658762668801469 -0.0446048956227414
0.00508418091532393 -0.0153529005173644 0.0754758897452898 0.0397725999594521
-0.0107477277797659 -0.0140474070494906 0.0224732237333516 -0.0113247043188399
-0.0197894153415867 -0.00392541252430326 -0.0419867534204161 -0.0136487891996778
-0.0146813832422449 0.00595242571003632 -0.0737171242809422 0.016262761291614
-0.00984040396557788 0.00631996590931464 -0.0694837844318829 0.068017277380767
-0.00892135537685554 0.00475205488291381 -0.0318146367907097 0.0872982100317903
-0.00878309263603777 0.00381228990414936 0.00522649204696433 0.0806926187613818
-0.00825757369949693 0.00209731469016408 0.0323070889183255 0.0669200453247656
-0.0127206921453318 0.00208534595335268 0.0482393961858667 0.0486874743255663
-0.0150776556668675 -0.00218305488837966 0.0570343304011679 0.0352509739614273
-0.0131506844037738 -0.00566758567829834 0.0578603086907962 0.0273633151171829
-0.0133910452279844 -0.0102746811125855 0.0666341139667329 0.0226677805788184
-0.00786347860204181 -0.0150700211571861 0.0821458415430251 0.0218784579526148
0.00358546654789832 -0.0167783586209447 0.0894713351638661 0.0217885517351888
0.0130733581765459 -0.0138619915642131 0.106279812803804 0.0212399304104103
0.0392872893589074 -0.00238373472073806 0.0645815593709358 0.0474283104582879
0.0253419361935278 -0.00516354225761377 0.0152157239210488 -0.00790516508383026
0.0151409365158676 -0.0100085240342619 -0.0455688194406261 -0.0101095698905767
0.0121307433849488 -0.0137244005851709 -0.0760613506723129 0.018154147832743
0.00566806161372823 -0.0205941359987148 -0.0703300499958575 0.0652356218830436
-0.00559221988564219 -0.0225263353458931 -0.0349246911756194 0.0835791960727961
-0.0159330783900674 -0.0209658637462003 -0.000336328480901096 0.077956203741716
-0.0176381278011178 -0.0193028762763506 0.0264327333296898 0.0637256612099355
-0.025292326954168 -0.0186778280123213 0.0421106978646976 0.0439827764161622
-0.0243343029535792 -0.0287127802481395 0.0525606471080665 0.0284890683429753
-0.0122355797028119 -0.0357650048783627 0.0558962740928742 0.0201863960526424
0.000394160141752508 -0.0426538552807044 0.0664566547919897 0.0161831475819736
0.0209231647328309 -0.0388884841827132 0.0798690929912645 0.0186206494821952
0.0423298743634688 -0.0233073926048001 0.0796196201514501 0.0168089743382833
0.0565978998978986 -0.00975978062363972 0.0892936216999819 0.013877104925537
0.0689586752642879 0.0109136239868991 0.0421093642884011 0.0447169311394206
0.0612548405227239 0.00484048583203866 0.00103284128816743 -0.0123467162120036
0.0506167862397113 -0.016595987576394 -0.054146471801462 -0.0100700028381913
0.0382208360099164 -0.0351132209794618 -0.0780076787746294 0.0192493146880874
0.0197570318381943 -0.0468009311551203 -0.0682859911474577 0.0586374040808556
-0.00177350235013425 -0.0488795872233085 -0.0354677535951178 0.0710704906263064
-0.0210324539670392 -0.0430130569890363 -0.00709509494949295 0.0650117727309828
-0.024724174066218 -0.0379814062679038 0.0156760576457179 0.0518193486985522
-0.0340893290716336 -0.0354654327668397 0.0313460476865439 0.031143239559731
-0.0313582503508081 -0.0506951176661104 0.0429394770057262 0.0158337504420656
-0.0129422558390192 -0.0599983997218779 0.0498546612078416 0.00714408918119724
0.0103785154468269 -0.0703012720872963 0.0648679616398189 0.00584189960099393
0.0426471128132862 -0.0599930660780232 0.077486835387531 0.0155129623927548
0.0725552983607909 -0.029458650252813 0.0656580750960061 0.0168894024289547
0.0906855401795536 -0.00579663152865627 0.0617084211166845 0.00716138907772556
0.0886869828772215 0.0203169975264685 0.0112087706993645 0.0330428002549155
0.0895003379103774 0.00994714656729592 -0.0203758252616172 -0.021760122238129
0.0798952453412106 -0.0261503678795073 -0.0639557857824072 -0.0132360512946639
0.0584963902758788 -0.057345071232742 -0.0785673041058026 0.0182952163087075
0.0275389114084292 -0.0687252495211906 -0.0621231768347007 0.0464001133539556
-0.000688633692529563 -0.0681743281365589 -0.0343586524948352 0.0517498343944542
-0.0251496497585478 -0.0584688709053907 -0.0137174909756681 0.0439978898427291
-0.0279596642288125 -0.050119231211353 0.00296370062156133 0.0328613986056663
-0.0372668699871127 -0.0477982434683548 0.0172253618048149 0.0133826092215303
-0.0313284979513457 -0.0652473429369583 0.0301303291840388 -0.00176884125896335
-0.00919602686052277 -0.0756225665455766 0.0420399831817758 -0.0100522959450528
0.0198930710720448 -0.0864448622237912 0.0617265330892202 -0.00557573501247731
0.0589320726158581 -0.0703562053294821 0.0724681140708867 0.0131685195070154
0.0926733916414665 -0.0289678761925736 0.0482347203302442 0.0203464160961293
0.111038785358725 0.000765694402985478 0.027001861056958 0.00137177152249124
0.0959376709606378 0.0239571587091196 -0.0261622678482568 0.0177975162951378
0.1034135184482 0.0091739605856137 -0.0467327511445261 -0.0286128268330398
0.0953702641636736 -0.0355440127502534 -0.073027362664336 -0.0153273359396865
0.0655741939035893 -0.0726506942544178 -0.0747239755456329 0.0134886032565647
0.0281685554263163 -0.0810339146472431 -0.0543593137731515 0.0280411656061011
-0.00223403454944553 -0.0769662097691902 -0.0347047152007882 0.0264989263189972
-0.0262304788021654 -0.0644103377577975 -0.022794317538478 0.0184432425659277
-0.0271722095903923 -0.0549862029580197 -0.0096802567524407 0.00925252549960949
-0.0331685753123457 -0.0538658532475226 0.00353932849137861 -0.00829756228745706
-0.0236528357534909 -0.0710392264651874 0.0179135982483795 -0.0224851941199665
0.0015279781958885 -0.0801569229280459 0.0347080155801384 -0.0279931813308617
0.0333869136579235 -0.0875402774791767 0.0573379225096974 -0.0156637625671466
0.0703931748908695 -0.0652624430214539 0.0652048155164942 0.0127879072675626
0.0998669859412603 -0.0181691574984701 0.0299288123356494 0.0235066563722612
0.112904628008972 0.0108257108746115 -0.00758463641426248 -0.0050484194259258
0.0862762655603889 0.0233463025394598 -0.0631905631105553 0.00348895454554495
0.0975011402087619 0.00767630691955603 -0.0728658110938544 -0.0304793738465586
0.0910846971511639 -0.0369897420655564 -0.0785703445206466 -0.0159295510980574
0.0602184699884188 -0.0720598792750166 -0.0692927825587888 0.00523993965721379
0.0237737636716635 -0.0767593448660511 -0.0491549973301553 0.0057842188206933
-0.00319787714566053 -0.07192271654906 -0.0383243995979732 -0.000136276296372389
-0.0227739618780964 -0.0598552367341906 -0.0313996992288175 -0.00706879442023837
-0.02182156568615 -0.0512806618850093 -0.0206567073352414 -0.0149209181171348
-0.0242525365864124 -0.0527161870507646 -0.00617182712626829 -0.0320165488347839
-0.0105688147778966 -0.06768857317341 0.0116385342940129 -0.0438086766591989
0.0150695837713531 -0.0728390095486438 0.0329981961057126 -0.045089631460334
0.0460360243267977 -0.0733826492204331 0.0551941486717824 -0.0230029002104168
0.0746901806362291 -0.0463037033861027 0.0560879719384155 0.0110257100315681
0.0938509210355119 -0.00071215714574244 0.0124061514318279 0.0222825471846579
0.0991279655715144 0.0227081571255625 -0.0372519293378317 -0.0160682089231581
0.0603015616045698 0.020397969382818 -0.0932702237644095 -0.00928276932621091
0.0722049372326082 0.00834676008417179 -0.0916779306115464 -0.027881726951999
0.0691146218319665 -0.0274514853601788 -0.0800554964210295 -0.0170714718936195
0.0444377444430371 -0.0551531985745231 -0.0641425909895181 -0.00396198463263282
0.0179081660113805 -0.0564415274220176 -0.0471630373383982 -0.0142396607626007
-0.000836979347233578 -0.0534466838063694 -0.0440116436052548 -0.0213813169928739
-0.0150441680369153 -0.0460063987167706 -0.0396234454147775 -0.028936420300958
-0.0134378321531441 -0.0404955439699943 -0.0279231965565143 -0.0362296424621989
-0.0121057038102885 -0.043428929289664 -0.0104141558207385 -0.0541815033784158
0.0022076901040672 -0.053752289619819 0.013297085067248 -0.0636175520212631
0.0238900565468951 -0.0543910265599748 0.0395422588328503 -0.05839942365435
0.0491238712840528 -0.0478576066026872 0.0584236539671088 -0.0271344287230677
0.0661852410247046 -0.0210985302107109 0.0483825254400004 0.00844784652364528
0.0744584037476139 0.0162544394615236 -3.87231341740137E-05 0.0156260847045966
0.0708075742222539 0.0300138861976928 -0.0569564218823176 -0.0281036945213384
0.0238273868668125 0.0169665030063691 -0.110553089889884 -0.0161709469178236
0.0358080724536156 0.0112138220789151 -0.101273464622693 -0.0206030067215207
0.0372558432432189 -0.0102924454073736 -0.0799310595025408 -0.0166768858410153
0.0243149165107112 -0.0263107364532727 -0.0619150448865834 -0.0108685762831151
0.0120584023183219 -0.0260552469348184 -0.0489648015393127 -0.0248052264746914
0.00404133800835641 -0.0272725273466783 -0.0496917528513049 -0.032187781184139
-0.00374450024301206 -0.0256134361383605 -0.0444453023145933 -0.0416015872119748
-0.00368936504371887 -0.023020990178334 -0.0305558928574758 -0.0517233608577509
-0.00178789402127157 -0.0257686150567813 -0.00933469106086313 -0.070427812879602
0.00871598449407105 -0.0307611617833391 0.0205588476204939 -0.0782883154354199
0.0214606479509305 -0.0303273224116075 0.0501833299953111 -0.0665068517207312
0.0373132281236952 -0.022853122945175 0.0639322180161873 -0.0284967657524167
0.0452886983178379 -0.00178947304650115 0.0445468363725323 0.00521749926306392
0.0446452938032742 0.0228770382151055 -0.00471664712267325 0.00701599291729929
0.0347649671134175 0.0281598040253805 -0.0661126159131723 -0.0394525696854803
0.00500566523489117 -0.0144272959466486 0.0736514833851081 0.0367582602102975
-0.0103347158896209 -0.0134688761689396 0.0213508072535472 -0.0111033932303009
-0.0183539031755159 -0.00322068432710574 -0.0411165424990093 -0.0133274431357624
-0.0139569249273685 0.00608339875049884 -0.0710765566425023 0.0161815370323
-0.00936246892226629 0.00623551864450967 -0.0654104787254296 0.0665124280291231
-0.00833809118662606 0.00528795434095911 -0.0292419453683518 0.0850856630377241
-0.00901718934834981 0.0040260985090526 0.00628671492859134 0.0776828854432986
-0.00798327037008216 0.00180778865572364 0.0329695059566646 0.0635113549112517
-0.0121510624262193 0.00215398664444848 0.0478932010908356 0.0462950912948764
-0.0149518507403186 -0.00228400225007692 0.055712341343229 0.0336823065844612
-0.0126400715576166 -0.0055809834852009 0.0558671057287195 0.0261079904446727
-0.0131826575001587 -0.00979476266298612 0.064124798602005 0.021253627422956
-0.00779506898551417 -0.0143264711510227 0.0784257142507873 0.0199231982849491
0.0036845656648304 -0.0164067156706531 0.086420605876181 0.0199482340075206
0.0125579476474165 -0.013286424994444 0.103111273402736 0.019708865994721
0.0378211261563331 -0.00248272907399275 0.0631474510064167 0.0442345073397624
0.0249169345913841 -0.00511313522095641 0.0141706539269912 -0.00739838929490189
0.0141201790374523 -0.0102315589939706 -0.0447833418769417 -0.00945769286861351
0.0111179816116014 -0.013676302497941 -0.0735135179484789 0.0180628836330669
0.00477773634580894 -0.0200439091425485 -0.0670957727251433 0.0640821982361952
-0.00550125247807724 -0.0217882368311986 -0.0323819772706465 0.0808959164447141
-0.0157293973793579 -0.0197333995380156 0.000480748003509569 0.0751533008647563
-0.0173940899631802 -0.0186248045863523 0.0263526176678994 0.0603376342709836
-0.0247885740395303 -0.0177304321290741 0.0425753470226281 0.0412741756283968
-0.0238711175610971 -0.0281377652563527 0.0512751894599929 0.027228836021303
-0.0125391742133823 -0.0349132892645505 0.0543965571355849 0.0197099887557323
0.000327324547732833 -0.0416136899662984 0.0640279012079852 0.0151023976024584
0.0195502177999461 -0.0375877256384304 0.0770496552811837 0.0164845098608481
0.0406041942270525 -0.0227290285977691 0.0766379577657042 0.0156954732419379
0.0543346178636072 -0.0100210041071128 0.0866329286584053 0.0122680357374079
0.066327175411249 0.0100280583649877 0.0413157199169371 0.0415766524785896
0.0589764467936439 0.00397338717211462 0.000509814487746592 -0.0117902304185995
0.048233029971304 -0.0170171325961962 -0.0520011688441522 -0.00958632508202413
0.0359945980137672 -0.0345926992891159 -0.0752273901381849 0.018842848064656
0.017570384730559 -0.0452691287789562 -0.0644844700481056 0.057661137116835
-0.00282171924794776 -0.0468726321680285 -0.03327420860599 0.0690202275732351
-0.0210995019399017 -0.0408320544462908 -0.00549924962731329 0.0628997420841144
-0.0242951925525541 -0.0361864857344301 0.0163211857966735 0.0490944082761646
-0.0337178688425509 -0.0340247758088404 0.0312754160655949 0.0300387796892851
-0.0306215397479334 -0.0486012810450676 0.0419273985152425 0.0142276989671502
-0.0130964586873735 -0.0576332735068353 0.0493884014567314 0.00595040202060011
0.0089879759949279 -0.0683879711909604 0.0620470440749904 0.00541108244854391
0.0399189794431097 -0.0580745339138512 0.0749033188547225 0.0134421195823018
0.0700963762255809 -0.0289140452553589 0.0624501551841614 0.015138596220777
0.0872932267594644 -0.00672977758011636 0.0596501099679202 0.00646708125722074
0.0860874997202872 0.0185043338342976 0.0110335308947187 0.0313198554814658
0.0866900316945337 0.00853751851125361 -0.0193362264261912 -0.0206894800688972
0.0763427548546178 -0.0265953768696957 -0.0611707113633773 -0.0125966170229984
0.0547231939790686 -0.0558574091263507 -0.0749343913052976 0.0181045324485889
0.0248540747572251 -0.0669845547640868 -0.0590455325288239 0.0465208131265279
-0.0022027847802002 -0.0656790044500978 -0.0325596969999654 0.0504610394702146
-0.0250382884904464 -0.0559706400384487 -0.0128239053683685 0.0429748656966352
-0.0278537135094176 -0.0479338564654459 0.00392932145124778 0.0309492101199857
-0.0364196147071925 -0.0452661427069322 0.0173450374114377 0.0124591499517657
-0.0313813818173977 -0.0625505023632107 0.0296283109916421 -0.00250849687042535
-0.00974401882187692 -0.0726662835962926 0.0413247512698906 -0.0102758400015128
0.0181124180662854 -0.0838072155356246 0.0585739348315441 -0.00600674437960743
0.0554244628505672 -0.0684448957473622 0.0697350764949166 0.0116625722162717
0.0887462332422329 -0.0287334683820233 0.0463686332371681 0.0187893848316268
0.106286982134825 -0.000788228685301611 0.0264949738092201 0.00114613446817098
0.0927823766421305 0.0221856070368568 -0.0250775712863158 0.0175403737132112
0.100035195814319 0.00773884206473809 -0.0454465980173776 -0.0269350155382509
0.0908030047438799 -0.0356304777652007 -0.0700122314716373 -0.0147031427220851
0.0619123747885247 -0.0709763446404921 -0.0715744876369904 0.0131831519123383
0.0257395998568812 -0.0786187278739816 -0.0526750862350156 0.0275208887908678
-0.00359551570796261 -0.0737095333621659 -0.0338276727563549 0.0257476636960263
-0.0261038406608362 -0.0617198299773355 -0.0217160058513215 0.0181986034354597
-0.0271445348066407 -0.0522822193016331 -0.00919993038161485 0.00839823418701936
-0.0329631887609429 -0.0516866760875316 0.00392741694069599 -0.00848269061216751
-0.0240797294367831 -0.0686666892911393 0.0176311177388751 -0.0216306370294616
0.00021382134802511 -0.0777035361886687 0.0338854983437543 -0.0273839176177322
0.0302445549706129 -0.0848240108476532 0.0549220093012254 -0.015805991699936
0.0664514375836714 -0.0639531974871647 0.0626196649913261 0.0110690254803267
0.0961785520359895 -0.0186696137969262 0.0292115951175356 0.0218734392013149
0.108331103517261 0.00885542089078585 -0.00654967520292488 -0.00465062842281459
0.0834711719900908 0.0211655994461699 -0.0613287915116301 0.00324860811337831
0.0940214862933939 0.00587896036534373 -0.070051772317267 -0.0293021000794118
0.0866226919199056 -0.0367946159646802 -0.0753978940332517 -0.0155768203966998
0.0564260218502138 -0.0707963009106311 -0.0662932214154649 0.00551282938550672
0.0215214675816458 -0.0746412240923818 -0.047642444949858 0.00607255590494602
-0.00458714379015284 -0.0691869455302829 -0.0378283516057343 0.000807215793383719
-0.0227294940937863 -0.057304262098106 -0.0314324270911147 -0.006440688412672
-0.0216771796426937 -0.0493260785299236 -0.0201187508204622 -0.0139125885521321
-0.0239007136440061 -0.0504581695060662 -0.00665495196661449 -0.0306884397363906
-0.0114755156901976 -0.0655210808396039 0.0107313808922472 -0.0425198089501649
0.0130710663047121 -0.0704856348635444 0.0318483927539796 -0.0442137749912362
0.0425858236725658 -0.0713457557672732 0.0530377999554094 -0.023088221045303
0.0705036613355719 -0.0455191692906627 0.0541446965903199 0.00970071450079614
0.0906659917272725 -0.0013170704428759 0.0125056183126796 0.0210752128122031
0.0948211614176378 0.0203059931096887 -0.0358894796387884 -0.0145042523823305
0.0585387341090869 0.0187384387126015 -0.0907081713723411 -0.00836631378346695
0.0695257973348858 0.00707848723097759 -0.0891313518262744 -0.0264974333721445
0.0657554461184202 -0.0277228020295678 -0.0769904078243703 -0.0169446635277631
0.0414509100401519 -0.0541377029037897 -0.0608340750053445 -0.00352494873314224
0.015878431088936 -0.0551269964964929 -0.0457686904094495 -0.0131520682345241
-0.00207705230851455 -0.0515704724738738 -0.0431789450762635 -0.0202140625775288
-0.0151269343184267 -0.0438689508109727 -0.0388044766919026 -0.0269974072820281
-0.0133975409036821 -0.0387105703616186 -0.0272223388108639 -0.034501282504955
-0.0124458515347639 -0.0411960684295188 -0.010729742146293 -0.0522443751245267
0.00144927313614056 -0.0515744184227954 0.0117813595735781 -0.0617733894127751
0.0222608149588641 -0.0533363999082006 0.03770842880487 -0.0571373511549051
0.0462314255932464 -0.047311761915987 0.0561509138197003 -0.0269695667446838
0.0634489313123718 -0.021297906063981 0.0472437096877273 0.0076787802480036
0.0718717336994661 0.0148211886392321 0.000706354381703584 0.0150986435863911
0.0681518503452088 0.0275106225426461 -0.0555690209636725 -0.0261811703138936
0.0233326149694934 0.0154779028843848 -0.107187119089421 -0.0143002173262848
0.0347097564386521 0.0103437512824384 -0.0979252749433746 -0.0200444535895767
0.0352889894252561 -0.0107224612158589 -0.076977193718107 -0.0161865247967017
0.022683156576149 -0.0253560530492401 -0.0593424890476759 -0.00956813280161251
0.0110305867305863 -0.0252717179878873 -0.0479844514964816 -0.0231641025390618
0.00315420144458712 -0.0260641875650927 -0.0486565162783137 -0.0303151936013694
-0.00380465467792221 -0.0245917742351909 -0.0438768311195864 -0.0390850027262803
-0.00366686996170101 -0.0220828134309437 -0.030286833221436 -0.0491048993736523
-0.00213666946039666 -0.024914906399189 -0.0100747095901461 -0.0680917423351514
0.00761470003892914 -0.0294307274214368 0.0183111608848766 -0.0757324813815683
0.0202102318649747 -0.0296877410548668 0.0479771899536498 -0.0651296920767609
0.0352318827157796 -0.0225671483634776 0.0616773169578774 -0.0283848931776475
0.0435484214453235 -0.00207827326129157 0.043260134507935 0.00447103205321155
0.0430250588259848 0.0215955799157993 -0.00397469529054058 0.00699267304004779
0.0332017093910413 0.0259138343541249 -0.0645850000368774 -0.0374507551806651
0.00481368284522731 -0.0137721351472512 0.0721460230982333 0.0369874692264972
-0.00990057195803682 -0.0133548694899561 0.0213673281163369 -0.0110742574858776
-0.0180549076681378 -0.00369861782012468 -0.0412949629725747 -0.0141031182021669
-0.013682305530878 0.00571428239817926 -0.0712079618593759 0.0147522290257222
-0.00927804482774647 0.00567239552289893 -0.0652289337124796 0.0653456446707641
-0.00801726605276002 0.00497780279329515 -0.0295032563042802 0.084085410592488
-0.00879090812012251 0.00403989608598386 0.00562027504881249 0.0766539090480739
-0.00839085688715997 0.00130730316737751 0.0325093215325504 0.0629961857884641
-0.012179334857416 0.00166519087775238 0.0477295342557357 0.0450881303177304
-0.0141867581444307 -0.00282397641069578 0.0549305462279433 0.0335370431488879
-0.0121511939508192 -0.00554427822133735 0.0551001867386952 0.0264251775316065
-0.0128578212021821 -0.00961797617443639 0.0629065212114198 0.0217972452885685
-0.00765078180337672 -0.0140169068658986 0.0769333138097883 0.0203496865767179
0.00406180030484466 -0.0161680693253302 0.0836272222908616 0.0217393968456441
0.0124697715817875 -0.0132560303422154 0.102120099749263 0.0206619623450505
0.0378733656240901 -0.00166124917309301 0.0620512161283213 0.0441593111883887
0.0248165026248144 -0.00501029819443252 0.0140991112937334 -0.0070345517874467
0.0140818190245726 -0.00974587013069581 -0.0444305008964888 -0.0104744604839838
0.0110782355382017 -0.0131121686627256 -0.0726660022863177 0.0163471479175684
0.00467257435507662 -0.0200137161817996 -0.0663817278706992 0.0623115578614972
-0.00518998722705273 -0.0214605763623859 -0.0328101741386614 0.0795562794036697
-0.0155027553957194 -0.0198072527257569 0.000601503689584067 0.0742732637083234
-0.0173311116493518 -0.0185875575916235 0.026113290461613 0.0596675063581694
-0.0243931978837556 -0.0175084852774677 0.0417655638378493 0.040910525208902
-0.0235330870869468 -0.0281264496439911 0.0510066291157927 0.0271450462842887
-0.0116694085342625 -0.0346336519213989 0.0538833512395408 0.020037550941356
0.000539070553189938 -0.0409924259422037 0.0626745860719971 0.0157941587650912
0.0192267133081505 -0.0369969404385492 0.0756044631990382 0.0171264068555689
0.0406120054755897 -0.0221262848155299 0.0743204381718502 0.0163533622299449
0.0534700102213523 -0.00937271173776615 0.086129907928098 0.0135863559803658
0.0656421803225982 0.0109368194616437 0.0404389616855448 0.0408290124667549
0.0586058374631573 0.00442532728353867 0.000729969954512494 -0.0120174205588665
0.0472478985936121 -0.0165170310405501 -0.0516356745918667 -0.0109152823745705
0.0358104804429613 -0.033327322559783 -0.0743955401304317 0.0174368857986309
0.0175620446295082 -0.0444495403747326 -0.064018738542129 0.0563248975059697
-0.00233850588625121 -0.0462053813607364 -0.0333392253915828 0.0683715550227048
-0.0209059472046679 -0.0406513621300201 -0.00541345069892238 0.062433955989054
-0.0242221828827399 -0.0360775411512505 0.0161812558796941 0.0482598111470114
-0.0327988357433322 -0.0338678473646204 0.0313330886889649 0.02928412323425
-0.0299719753453642 -0.0478107194849981 0.0418128925284798 0.0145713915253265
-0.0122582480228926 -0.0571172775871628 0.0494668646916737 0.00658727523768076
0.00924545064280966 -0.0669999560612928 0.0613304211426035 0.00637285087394033
0.0400328992641155 -0.0568003090226202 0.0730669883894024 0.0138128379072529
0.0695489782533532 -0.0277787847902362 0.0612395120917126 0.0154475517580563
0.0855519279339018 -0.00534940151067773 0.0591570193393998 0.007161264662326
0.0847859156196176 0.0190291760136942 0.0108805571734864 0.0306227897685966
0.0854651184432064 0.00910538065757643 -0.0192458368732033 -0.020992771072076
0.0751756058933511 -0.0255053356422045 -0.0605723060327415 -0.0139013680462761
0.0537602584390498 -0.0544491936310878 -0.0744877808546811 0.0160251320640003
0.0248535046181309 -0.0661052338570869 -0.0582269412948745 0.0448875746574615
-0.00197436171099239 -0.0650309265533441 -0.0329591186643483 0.049477098130062
-0.0243742194282631 -0.0550276642785791 -0.0126144750262872 0.0427307925809661
-0.0274177153535198 -0.0477530571900387 0.00418115036097919 0.0300293593241072
-0.035807852773074 -0.0447758881602163 0.0178051996252713 0.0119267251634463
-0.0304070667848008 -0.0621372204210416 0.0291088896700234 -0.00209762283024481
-0.00924182127293838 -0.0719839531531945 0.0415391574144532 -0.00979320549458728
0.0182833082592011 -0.0824905590152729 0.0580308496434964 -0.00493847721965232
0.0547998986790303 -0.0669226360374129 0.0686011906280828 0.0117417423707679
0.0880394309049212 -0.0270306147524738 0.0454781564992489 0.0188738669012407
0.103979136733892 0.000159324290918013 0.0261503033071294 0.00173115924645863
0.0919264733946338 0.0220532537956072 -0.0248295895610953 0.0156562224962939
0.0984955551675095 0.00786800103784492 -0.0439059964853687 -0.0277925927997335
0.0895497109047747 -0.0343846376093668 -0.0689013512488358 -0.0164947690689047
0.0606385790081309 -0.069487007431447 -0.0710043323706096 0.0115896015290026
0.0250436622234534 -0.0769482509597623 -0.0518818314472783 0.0267951818540922
-0.0033064532209522 -0.0729445688005671 -0.0339100823916964 0.025566491125701
-0.0253546003683527 -0.0609312773579326 -0.0212512206827427 0.0185732278413534
-0.0263826176817734 -0.0522839365377062 -0.00872355288436599 0.00817599232766964
-0.0322823157453512 -0.051006389783633 0.00444596162978513 -0.0085394116550572
-0.0234207522992258 -0.0678766076197058 0.0176317101441772 -0.0215349609041843
0.000515584800129929 -0.0764741318988071 0.0342809593038302 -0.026976149236148
0.0308568404388976 -0.0836325959232294 0.0537683801129126 -0.0152944709433334
0.065839594445507 -0.062249354765716 0.0617588565764159 0.0108602406239366
0.095505331748124 -0.017569733340896 0.0283141865127913 0.0213648783314344
0.105931172816909 0.00988705999971344 -0.00682616288695694 -0.00411388620769419
0.0821310390395503 0.0216674301216094 -0.0605440852176077 0.00223138050119177
0.0923388659814978 0.00641743936964154 -0.0688989992558955 -0.0299182454652855
0.0852224555637422 -0.0358950106823756 -0.0736111472618628 -0.0173673170643224
0.0556468945789665 -0.06940127209597 -0.0652221943966298 0.00389715173961412
0.0210499941958064 -0.0731586977198328 -0.0464422230133941 0.00590172849583781
-0.00430087206448487 -0.0682212736143911 -0.0375581078230864 2.1510642761377E-05
-0.0222964767522366 -0.0565509839545107 -0.0305667569429467 -0.00622034078215803
-0.020946232274721 -0.0485858889356216 -0.0197737315457389 -0.0139831975531782
-0.0234500156942249 -0.0495094682011585 -0.00573328454095056 -0.0308791489597046
-0.0106919970937539 -0.06472016241957 0.0107407903155664 -0.0425091779460248
0.0132745013539894 -0.0694617837995374 0.0324530428447833 -0.0433519792948039
0.0423427520714244 -0.0702771831818444 0.0522415128931525 -0.0219747540588506
0.0696231847422757 -0.0441351684907448 0.0537566790878444 0.0100499353920324
0.0898198626408896 -0.00065477567990414 0.0120730505617639 0.0203719619959525
0.0926405684271788 0.0206241655178452 -0.0355546882477344 -0.0141700792276272
0.0580245935126639 0.0188115544634633 -0.0893809079165554 -0.00925669711395576
0.0688418642199835 0.00725796380738741 -0.0873931624989921 -0.0277168898192921
0.0648357044676572 -0.027336599075747 -0.0758833662875905 -0.0179107308322506
0.0409222444344274 -0.0527460612553228 -0.0600034079612673 -0.00492569781942517
0.0157043113958786 -0.0540049314776802 -0.0456109607496579 -0.0131785197304564
-0.00191234455528955 -0.0509798130929147 -0.043001638954659 -0.0200930189947543
-0.0145229341413224 -0.043627382457087 -0.0389841178317888 -0.0263162828337248
-0.0125864071134092 -0.0378536015765602 -0.0268142388957888 -0.0341291321564557
-0.0120541715906534 -0.0406743063700367 -0.0102308898951627 -0.0515483492194961
0.00166740365747782 -0.0515520194437662 0.0122554315337171 -0.0609344585012549
0.0219988031254688 -0.0519240686908943 0.0383384218638356 -0.0559859035990885
0.0456308176238265 -0.0463691561706897 0.0550352826909943 -0.0261982528130332
0.0626010522307035 -0.0199763962150651 0.0466402452807775 0.00777318142947561
0.0705721016238363 0.015136591755393 0.000428838496521277 0.0148574655627982
0.0661389272421658 0.0273646517534763 -0.0550639115432777 -0.0258497293711531
0.0231203093609792 0.0152780994620043 -0.106185247478313 -0.015922625003964
0.033602644018579 0.0106109517074177 -0.0959799933186024 -0.0206563885457225
0.0346843451290948 -0.0103332634236511 -0.0752907217497553 -0.0171698141578524
0.0222014790281921 -0.0248927748306002 -0.0586367859255455 -0.0103165823478025
0.0112838046695712 -0.0250630241801246 -0.0476196772467057 -0.0239645167338673
0.00286729473648011 -0.0258842470425965 -0.0482367793343222 -0.0306550319388405
-0.00382764729083074 -0.0243606917400924 -0.0444005360674656 -0.0390976364541273
-0.00329034085648269 -0.0214575103325093 -0.0300591652236528 -0.048316496322905
-0.00173507165389188 -0.0243331547060341 -0.0093816146859355 -0.0675102716806419
0.00794297906520777 -0.0294510078810405 0.0186524324635032 -0.0745634635813733
0.0195162582469996 -0.0290772378946245 0.0484421754256806 -0.0634761398214136
0.0342630017273156 -0.0220967993516512 0.0608273215700979 -0.027183131235761
0.0427081602581227 -0.00157805625773064 0.0428075154484761 0.00534292937967574
0.0416386723536816 0.021307200363425 -0.00364877990148089 0.00681363188916253
0.032123909269998 0.0257583184534055 -0.0632443422175621 -0.0367238059963033
-0.00103951661556675 -0.0156953018111732 0.0823813442692362 0.00398266457313186
-0.0147680101396179 -0.00879377086455493 0.0140844152590969 -0.0188878604494931
-0.017611246090166 0.00414056175635291 -0.0440887846917518 0.00479849843138459
-0.00907202436779131 0.0115995302056041 -0.0603961925327478 0.0446189437799237
-0.0042774370841203 0.00879082029490902 -0.0309608713905682 0.0884559874480284
-0.00466011860162107 0.00746932494164628 0.00918442323277152 0.0902585399041372
-0.00653595194971466 0.00755476317391978 0.0382039334482021 0.0688880291770981
-0.00741692815094945 0.00431289014682028 0.0573628966953735 0.0433618513503101
-0.0107368229351524 0.00684144531626922 0.064225947573966 0.0202879966310755
-0.014481496829948 0.00325246424381724 0.0654497583597927 0.00678140433380403
-0.0132674978648559 -0.000749796336551247 0.0621891016981123 0.000346153730549754
-0.0145335098357177 -0.00312860979858104 0.0676909105114198 -0.00707392084068256
-0.0121526069721238 -0.0097300444915903 0.078400399627249 -0.0139810760526653
-0.00181971549070261 -0.0172311378772313 0.0866695654441629 -0.0137992250687348
0.00673648378969986 -0.0176152299185282 0.10449202440378 -0.0222716085669472
0.0340717029891242 -0.0174403591555992 0.0764064382975177 0.0136872462220594
0.020462762845711 -0.0148407765140109 0.00966676202882346 -0.0140270975086164
0.00922299381848437 -0.0142989354374081 -0.0458665290531727 0.00791890852596402
0.00583508223196722 -0.0153980675876586 -0.0607329367752705 0.0448719938470385
-0.00254283681571935 -0.0200151169665418 -0.0343528331481777 0.0860445606432586
-0.0131772633764625 -0.0182294987423691 0.00388277712745035 0.0877987751367831
-0.0223066508805 -0.0115164892256051 0.0312158769510294 0.0684683911214897
-0.0243178926590507 -0.0110731430623552 0.0502560555711939 0.0428403814737957
-0.0297598794446746 -0.00608933642115594 0.0571451321805909 0.0182415357463907
-0.033747577031179 -0.0164147013936582 0.0592631275077773 0.00171065742723856
-0.025299203299719 -0.0277016859207879 0.0596346307457903 -0.00545735187846914
-0.0159167400283994 -0.0382651804588805 0.0671055492225821 -0.0129329017191984
0.00365727095859047 -0.0421764918359429 0.077238583916595 -0.0158115446415995
0.0299582320025836 -0.0377937509287975 0.0760469578119789 -0.0131567484430196
0.0469380591000104 -0.0325231866088169 0.0858423952047568 -0.020147366208637
0.065246674687841 -0.01650799680253 0.0568514091525355 0.0189345935308312
0.0551660630868026 -0.0194440522900278 -0.00376412690090303 -0.0132882573314757
0.0369765668170726 -0.0331849785551703 -0.0523890529029609 0.00841888052871665
0.0196337824402349 -0.0434813728107093 -0.0618561628184443 0.0451939043642742
-0.00110278355843066 -0.0475654820189242 -0.0353751121703192 0.077913410502879
-0.0208614395847554 -0.0416676549445439 -0.00228145488254741 0.0765701281512292
-0.0361375996404238 -0.0285938967817064 0.0200172472404277 0.0590197362499771
-0.0378125529254064 -0.0247901810093403 0.0360434944362179 0.0363374804961797
-0.044655984535991 -0.0180489017665776 0.0421223053719461 0.0114936358937563
-0.0486513203724829 -0.0328568694969009 0.0454933294012712 -0.00648567231352809
-0.0356896803071506 -0.0493340443411744 0.0510335914916969 -0.0159061510645563
-0.0194876274903326 -0.0656764961875417 0.0639856719260474 -0.0220755583236571
0.0139850612979954 -0.069561566206053 0.0748946624678157 -0.0170852037859811
0.0542289025113517 -0.0552803986832868 0.0641658929721861 -0.00712594712379407
0.079291664996573 -0.0434746018721056 0.0577411634917684 -0.0127558657477857
0.0863080027223101 -0.0155797512192395 0.0253252116275791 0.0205705545921371
0.0820546357288775 -0.0251943549890481 -0.0260172075533596 -0.0144468268474624
0.0591954373871388 -0.0524734100106648 -0.0621553334631442 0.00820172950826842
0.0272643222976878 -0.0700232081390571 -0.0620574445144518 0.0423986062646459
-0.00361509645348507 -0.0696413104910018 -0.0355179355456428 0.0644296398343405
-0.0280939799297775 -0.0589187912313969 -0.0106089052678186 0.0586215195954745
-0.0455407317202042 -0.0406752702319928 0.00508884629144653 0.043285791149485
-0.0457842897691562 -0.0342406459798109 0.0165855217171733 0.0251875131393156
-0.0520966633912542 -0.0271487746148114 0.0220823280767985 0.00156398410285436
-0.054866154856731 -0.0453963592527751 0.0268322734907404 -0.017184686187932
-0.0390722593689593 -0.064462774040413 0.0373589760977735 -0.0283164670689353
-0.0177422548859263 -0.0845527202267778 0.057231593868343 -0.0304476588338636
0.0241652459046843 -0.085095685635794 0.0709353292129958 -0.0171397238709613
0.0715016771209102 -0.0632773777230378 0.051066531468557 0.00274944439632411
0.0982038457576408 -0.0466046673637761 0.0242879059902014 -0.00336002737778706
0.0940141122838188 -0.0149895717090954 -0.0138788416061116 0.0216115759439278
0.0939376307263914 -0.0310078546559994 -0.0517260290160653 -0.0101579188938122
0.0688328017433262 -0.0659540298515181 -0.0702996390103767 0.00917552810013868
0.0274683850777554 -0.0859568989167903 -0.0607738113181554 0.0361069172037694
-0.00770473620866027 -0.0802534085901287 -0.0383223110588436 0.0449829018746521
-0.0333895402266012 -0.0657634096795036 -0.0219496218060572 0.0367299749452853
-0.0489989109909132 -0.0458059920721064 -0.0134199225033609 0.0248449345975992
-0.0460465919008513 -0.0386196024586093 -0.00430726772219983 0.010914226553828
-0.0505155882984799 -0.0340394675356909 0.000706267760812069 -0.0108253122080422
-0.0506650074026492 -0.0540069368408412 0.00813730014946949 -0.0298423601134039
-0.0320194968773722 -0.0729513141144577 0.0239633593377406 -0.0403176436614506
-0.00686375615950287 -0.0909248623256845 0.0493371985813907 -0.0370959797323357
0.0363714562234323 -0.0855725659130984 0.0644163649087615 -0.0142102766009862
0.0821566692862458 -0.0568523875311473 0.0355772813522166 0.0128331135475966
0.104142690297913 -0.0384717871328104 -0.00964401772684738 0.00485874024594418
0.0855815953366278 -0.0112738869982377 -0.053430094650286 0.0243047501209294
0.0879628399904718 -0.0294535658800125 -0.0756961886575749 -0.00138472384706594
0.0642605158235309 -0.0659196808791928 -0.0753986071011851 0.0100879053124681
0.0221860617667648 -0.0840361111642599 -0.0595144979673191 0.0265995089524827
-0.0103496112346488 -0.0749986194597453 -0.0430085522141362 0.0234971687677968
-0.0322944631926197 -0.0608258462517346 -0.0366214091123062 0.0154933074691968
-0.0439589147011259 -0.0429076528193985 -0.0327130151545679 0.00623980306956832
-0.039772239932743 -0.0374251528563527 -0.0242200760762106 -0.00483235391079733
-0.0423457087897962 -0.0368324780516325 -0.0182203647584403 -0.0267370525149383
-0.0372385915495306 -0.0561609395284505 -0.00744476417206116 -0.0450703823352789
-0.0174811241129487 -0.0715705653635386 0.0148005150486712 -0.0545303187114875
0.00900444402696905 -0.0835071676210683 0.0449845348470554 -0.0421297100995987
0.0475501623109584 -0.0704794591978983 0.0554688272367852 -0.0112550743248321
0.0836720352657366 -0.038750268003353 0.0197822758991629 0.0183952555890333
0.0965576400823111 -0.022260547408755 -0.0409129692021925 0.00692368132886755
0.061602877762764 -0.00387493934047318 -0.0857200397132178 0.02625548225415
0.0667435080030485 -0.0193350198545428 -0.0918228421974353 0.00979093776289137
0.0490936179245595 -0.0491765414280066 -0.077132220137517 0.0115144740426023
0.0160291025996639 -0.0629732724251733 -0.0578304437670542 0.0171356455482333
-0.00765046311042705 -0.0554392742668295 -0.0492507513582148 0.00531674525676377
-0.0230664661065764 -0.0455571264543222 -0.0495441293710175 -0.0010749427014693
-0.0311414982983842 -0.0341831530305311 -0.0491920642337071 -0.00849279348598295
-0.0270834194125418 -0.0308568615094412 -0.0397440983778826 -0.0202033842841753
-0.0278624032770865 -0.0333012926526923 -0.0315225593998926 -0.0438017666402426
-0.0202902714162862 -0.0492190894407091 -0.0142450723974724 -0.0623977546692473
-0.0013987359491523 -0.0588314914265794 0.0141454991000765 -0.0673723051217844
0.0225095077867945 -0.0624859250630773 0.0442035365461341 -0.0460120478346961
0.0506865534356706 -0.0446789456872477 0.0475562978372343 -0.0100605179049964
0.0725448933720379 -0.0159100761826316 0.00578577434438113 0.0169549520005735
0.0743457034826342 -0.00347782239696139 -0.064051386307913 0.00219064611160039
0.0281117863787032 0.00631758450365378 -0.104674277725703 0.0290782747254805
0.0358279484417279 -0.00251213158878661 -0.09787342722149 0.0202685633258862
0.0279955343218293 -0.0221038355018636 -0.0762102050489024 0.0135638959484269
0.0101366663774058 -0.0307225387899376 -0.0585107716144959 0.0127234081668338
9.56989676856161E-06 -0.0266161214656633 -0.0549302794996036 -0.00198309014255937
-0.0083005941516261 -0.0248754483394405 -0.0586286841000911 -0.00746033051211525
-0.0135905830722349 -0.0203526191213798 -0.0585596904006734 -0.0170344273387815
-0.0108482694412544 -0.0187230367842544 -0.0487997524533173 -0.0315740043089773
-0.0113878167045514 -0.0217224107021696 -0.0379717951510528 -0.0579070755751751
-0.00510666569241237 -0.0308274071219495 -0.0150134541815666 -0.0772124094558567
0.00612926280213047 -0.0358942563618588 0.0185890880885801 -0.0788112468335551
0.023366743599089 -0.035180759179874 0.0472051173358669 -0.0494285958253695
0.0403988660547679 -0.018740622090032 0.0420661920923891 -0.0117044395757557
0.0481198655921774 0.0023356370484836 -0.00149323883393891 0.0102319200055068
0.0408487108775421 0.00966926635374636 -0.075786655418935 -0.00539459012858633
-0.00143877325732248 -0.0163113342003032 0.0849627943380935 0.00177473263754397
-0.0152289467524397 -0.00885745942994367 0.0139703835901059 -0.019797570756564
-0.0181191575309173 0.00452376612514015 -0.0457282434007779 0.00616464043409587
-0.00882227114578178 0.0117012199679616 -0.0619998217880092 0.0470598115808114
-0.00473592516475794 0.00923675770693493 -0.030225581878724 0.0915274463158422
-0.00460383729706532 0.00743585624559331 0.0117923276356093 0.0930353200054057
-0.0061965589131147 0.00781162700058562 0.0407941677270513 0.0703965735799571
-0.00785830922009011 0.00461502964905856 0.0599847137132123 0.0433042196780379
-0.0110221297678349 0.00768992758716945 0.0666895135907064 0.0187932002901104
-0.0148087175731741 0.00360748548356186 0.0679687965045943 0.0058857154548001
-0.0130573290944246 -0.000671356202429466 0.0644616227076993 -0.000761068595191173
-0.0145934456947261 -0.00274220622802337 0.069613338362584 -0.00853777516003375
-0.0125435461836494 -0.0095817383861829 0.0801123246514087 -0.0155878385642706
-0.00195509097751693 -0.0176564252666491 0.0886488468623453 -0.0153408260800827
0.00663527417076447 -0.0180867400823132 0.108053205872578 -0.0249256804634472
0.0350358815113076 -0.0185890175636566 0.0795603093967505 0.0118407026868386
0.0209365362782332 -0.0156431225825456 0.00970791457529357 -0.014792468459088
0.0090720557874867 -0.0151161791505272 -0.0474443273606217 0.00874776804309001
0.00535415012117373 -0.0160437211134255 -0.0626569913993585 0.0471884448250568
-0.00310844091192369 -0.0204476608112363 -0.0334807894414703 0.0892089618564778
-0.0141801457775581 -0.0183359398799979 0.00606381412794176 0.089834554522378
-0.0235131542646444 -0.0111074924396596 0.0342349845280335 0.0692130884674109
-0.0256686979543829 -0.0108655180455599 0.0528903693804168 0.0428934292044743
-0.0312154136061181 -0.00593890085604146 0.0596360388981471 0.0167881503485329
-0.0355133030974876 -0.0166190492032179 0.0615400061607088 -4.99799552174178E-05
-0.0264671237794535 -0.0285041538925412 0.0618981401302679 -0.00709049594162515
-0.0169149942915942 -0.0390475993658088 0.0687261971248498 -0.0146151689769071
0.00287624068523779 -0.0432493807593151 0.0788117711906594 -0.0180564466394109
0.0303730977741172 -0.0397748351462667 0.0785752792229042 -0.0149073614258714
0.047811587620392 -0.0343666279403949 0.0887422561504297 -0.0222614517981263
0.0666935607305883 -0.0186470641158244 0.0587758033726865 0.0172632191935279
0.0564481637613598 -0.02123450940453 -0.00446442574871307 -0.0143581264403829
0.0370835479598189 -0.0350656147213789 -0.0544984880488994 0.00934542706680566
0.0188889017980236 -0.0452723011352249 -0.0634102118642836 0.0471772494313549
-0.00283168627060589 -0.0489350811316104 -0.0344311980529848 0.080977160853458
-0.022468318097863 -0.042226003813154 -0.000643976802965572 0.0787264959175236
-0.0378029526015593 -0.0288461266901856 0.0228176553416507 0.0598083288478816
-0.0399567579742316 -0.0245994291895848 0.0383925313405187 0.0365617140211851
-0.0466890534699853 -0.0170854160280454 0.0439733030435343 0.0102976047983345
-0.0514738711214631 -0.032839150719265 0.0473882152889615 -0.00822840352002192
-0.0381109183174206 -0.0499641453462509 0.0525346431403096 -0.0180635944947699
-0.0214450862669988 -0.068055448082323 0.0650711936556394 -0.0235919090396528
0.0134860117610865 -0.071781523128531 0.0762626205952881 -0.0192871368985891
0.0550235318405026 -0.0586598286572133 0.0658007977062168 -0.00848457547891918
0.0805511082950967 -0.0461343801293608 0.0595829057352244 -0.0141424789535608
0.0891843180982206 -0.0180643349099048 0.0263558634137717 0.0199401951083144
0.0840840147285716 -0.0280505685556572 -0.0264880300192633 -0.0150900720543966
0.0594805681475036 -0.0555146168919666 -0.0640439960841844 0.00873030430155319
0.0264949087396261 -0.0725428441962995 -0.0633830022057524 0.0443092892660875
-0.00555000999062766 -0.0714933010999712 -0.0354831334790458 0.0671300862924739
-0.0309159820891757 -0.0602757341600603 -0.00931443628725471 0.0606707304761181
-0.0481009795231635 -0.0407556009803818 0.00628361136934285 0.0443899076999382
-0.0479831013384661 -0.0342419009070415 0.017802917632374 0.0252760813777342
-0.054176030929936 -0.0268464091298715 0.022768867465719 0.000372635383945897
-0.0581014819251546 -0.0454757079494487 0.027953881830476 -0.0183364275909644
-0.0420224199710356 -0.0654826278673977 0.038653059031757 -0.0301150468722568
-0.0205121173520374 -0.0868834210560556 0.0582696042675637 -0.0321256334713069
0.0230864126174184 -0.088182203649534 0.0722592260595757 -0.0193596704456194
0.0726829204532825 -0.0664688399941961 0.0522092057747841 0.002054008122477
0.100247966779244 -0.0496014041559193 0.0252615287854061 -0.00367821367368568
0.0968044295071513 -0.0179594558418888 -0.0140950057322192 0.0222515404863347
0.0959923996854213 -0.0337093960469762 -0.053666742789052 -0.0103320385901305
0.0683599698325688 -0.0692381649291909 -0.0728526931662089 0.00971474579141295
0.0259871809713064 -0.0892392451900738 -0.0626446090167981 0.0374368099564741
-0.0106252904251789 -0.0824663970843315 -0.0383230932341909 0.0464345183179235
-0.0363724905356676 -0.0666408795222064 -0.0216943553377539 0.0381503900855617
-0.0515838093103197 -0.0454439854040098 -0.0137415694259958 0.02576589516817
-0.0485076952945136 -0.0393869638699673 -0.00419620978699069 0.0106658654514243
-0.0531001502138387 -0.0342602112679567 0.000811743939112647 -0.012017370210336
-0.0542423504436947 -0.0544681847309969 0.00782481419195397 -0.0309442242343942
-0.0350077845826638 -0.0746212725968318 0.0241254985260786 -0.0432803576430156
-0.0101769011785468 -0.0938402368531203 0.0505999259022522 -0.0391445237454143
0.0359450526227172 -0.0888941275232185 0.0653519022607455 -0.0168753758714006
0.0836821874342864 -0.0607788869854991 0.0371776034271036 0.0123882466085965
0.106326411837036 -0.0412763102164663 -0.00998116823128454 0.00555983203540946
0.0879123481175279 -0.0138751211158324 -0.0546250577116895 0.0258733997473133
0.0899857059832485 -0.0326824507525908 -0.0782159787316227 -0.000708000598578653
0.0642720054834746 -0.0689377685532137 -0.078326823716994 0.0109898507787405
0.0209683392502704 -0.0869349687909835 -0.0605850611321187 0.0273724398532568
-0.0125765985339466 -0.0767561272982678 -0.0436488639085706 0.0245251956680399
-0.0350784076030365 -0.061491497543583 -0.0372420536082091 0.0166424010966839
-0.0469928364898125 -0.0427173260930513 -0.034061602174614 0.0074050826662923
-0.0418611550465626 -0.0380807333352856 -0.0254477823136013 -0.00479887326060126
-0.0443809735181023 -0.0369657719156176 -0.0196852667086522 -0.0274819382484438
-0.0405517326190222 -0.0570831290033708 -0.008409886752418 -0.0465022497626846
-0.0199554078836872 -0.073169043002109 0.0148496996239298 -0.0569297588377303
0.00730425481040195 -0.0860802473018227 0.045572654587844 -0.0446735259205085
0.0477631590121948 -0.0729569084290105 0.0572454721661675 -0.0135549224824532
0.0858439107434624 -0.0415578822651692 0.0210071513014673 0.0181314253521221
0.0978448037617035 -0.0241208788035473 -0.0418205125795424 0.00857204059674696
0.0636377355867818 -0.00622466606613549 -0.0888266507847111 0.028811226635318
0.0689897670227669 -0.0215082981916647 -0.095008664274987 0.0113011985997056
0.0489850862264364 -0.0518255240607744 -0.0796347689045752 0.0124121901134571
0.0144919484651599 -0.0656504360389581 -0.0595097894813661 0.0182331184907092
-0.00926391740607982 -0.0569174793919132 -0.0508318480381933 0.00659444903859326
-0.0250552401275548 -0.0459752951569721 -0.0517655948773074 0.000218143627849856
-0.0333595958558424 -0.034225507258443 -0.0506499242995845 -0.00746889215746394
-0.0282892558184578 -0.0310972413290555 -0.0416497689296117 -0.0195635428369646
-0.029354542535906 -0.0332216082048942 -0.0333044688219141 -0.0442693430402656
-0.0223297965475142 -0.0498680998489016 -0.0164739717363032 -0.063941268516148
-0.00309898434788155 -0.0601940594105425 0.0136113414371932 -0.0707677434481091
0.0215983373368677 -0.0647310347184619 0.0447790951384119 -0.0484476193395791
0.0513768000995371 -0.0472586665685806 0.0489137329675699 -0.0116514892982682
0.0743046353663925 -0.0174013645402573 0.00618472168105792 0.0165080680127215
0.0757714174465303 -0.00510053653536118 -0.0660604873637945 0.00457046701892126
0.0287138103130147 0.00546617938938973 -0.108151140042342 0.0319934527364177
0.0371232430234392 -0.00338599805741935 -0.100499158991094 0.0223708827029908
0.0279622099332215 -0.023247639862288 -0.0784519941740319 0.0149175500710385
0.00905877309817365 -0.0315937934378389 -0.0602638290445859 0.014085972321626
-0.000701343903682194 -0.0274155104479601 -0.0570702702280591 -0.00155403968475514
-0.00928330258555943 -0.0249530775283721 -0.060898573922581 -0.00648113315438341
-0.0147064318128089 -0.0207327630061703 -0.0610443960435365 -0.0159720225811739
-0.0120910464719787 -0.0191637333703964 -0.0514306873339832 -0.0310432628251498
-0.0120712763939665 -0.0221017884174279 -0.0409110824181334 -0.0589603250438692
-0.00629561284703292 -0.0318970271236359 -0.0170343585457513 -0.0791218105776713
0.00522406928390877 -0.0369824215813472 0.0175924279587883 -0.0824601660163892
0.0229914314552607 -0.0370985311248593 0.0476223735210432 -0.0518545356171118
0.0414165378813967 -0.020282190294476 0.0434732464326792 -0.0127866043666177
0.0495947434011145 0.00108614993977075 -0.00158059549494486 0.0101489851716313
0.0420492327870383 0.00971268790027911 -0.0786382220992933 -0.00440148909217814
-0.00210625029653656 -0.0158626970640213 0.086535103873778 -0.0032929990149747
-0.0159715487097754 -0.00851594791818741 0.0134060350923292 -0.0213354544731362
-0.017840179721429 0.00569962161079702 -0.0465760525775542 0.00824833607679899
-0.00833928208788593 0.0123242728490278 -0.061195329960075 0.050975867320259
-0.00441859532128532 0.00968503998643159 -0.0258842732431456 0.0946079892584205
-0.00459138634314274 0.00768288882514102 0.0168361105181419 0.0942203345125201
-0.00608862637232118 0.00862276665613587 0.045498010723172 0.0694363188197471
-0.00795250777848206 0.00547565147420384 0.0637233248517755 0.0402373571611944
-0.0109786785512153 0.00797365830488422 0.0688748666514186 0.0147402690238764
-0.0149501248916931 0.00460471769985945 0.0699313616089773 0.0016264884263233
-0.013713881193081 1.51129691344613E-05 0.0662999555603155 -0.00361586923462173
-0.0148805005667517 -0.00234603828454875 0.0703905992375961 -0.0126666375610691
-0.0127538284028001 -0.00876097864535531 0.0800427315343163 -0.0191203258532833
-0.00282118229096813 -0.0178756699647529 0.0892628720562387 -0.019011108364379
0.0062504835848986 -0.0181350913676914 0.109403523613311 -0.0310691533904149
0.0349377928532212 -0.0206435539643516 0.0814408198290034 0.00712400189870662
0.0204140921391866 -0.017233901914685 0.00914272803635891 -0.0157447154678022
0.00834530141607245 -0.0159400854889935 -0.0477375256773845 0.0113764660780237
0.00453851372263711 -0.0165150018133988 -0.0617717823260481 0.0510876684443194
-0.00465223205896866 -0.0204853969107704 -0.0294182120958349 0.0920989661690241
-0.0155490767861274 -0.0182666860538303 0.0108665942974119 0.0912017804397385
-0.0247899371652687 -0.00983287649553702 0.0385347971362035 0.0684870620026345
-0.0273335738731414 -0.00971464961369852 0.0563199603940875 0.0402093117406819
-0.0321925013837312 -0.00411178250076511 0.0613012420789394 0.0128924764979863
-0.037421353376334 -0.0146442452398289 0.0633457011726147 -0.00295904424892391
-0.028408559814431 -0.0275648069559319 0.0630964403098233 -0.0105860349112453
-0.0191106033066773 -0.0382078869597073 0.0693215502199549 -0.0182315865373543
0.00103011194362303 -0.043880569966955 0.0785899926450862 -0.0218235674501154
0.0291422559398929 -0.0423180845708884 0.0786628785255807 -0.0180802756218899
0.0469103160060322 -0.0369243234854897 0.0900091000301494 -0.0272243432440381
0.067455372954576 -0.0223836111230332 0.060234407320083 0.0138516464181777
0.0560840732021853 -0.0247303147246713 -0.00536738633461842 -0.015129156058103
0.0354807431582357 -0.0375811063180618 -0.055053973382727 0.0118368718729952
0.0167167764056233 -0.047026565963531 -0.0626091279738565 0.0506266098346698
-0.00578112703519545 -0.0495948798669166 -0.030762173502237 0.0838225577893777
-0.0257350018225739 -0.0421003078940257 0.00352965977050283 0.0803402996578706
-0.0403927606900141 -0.0264920046128919 0.0263461758558742 0.0594339062933522
-0.0425267360418443 -0.0228333744371049 0.0407261307793068 0.0343893745449471
-0.0484021588483775 -0.0152038060892321 0.0455500519021171 0.00705446381945416
-0.0547597737429642 -0.030290858046671 0.0481522000043495 -0.0107206675580133
-0.0413662311571578 -0.0491924384703816 0.0531384761331216 -0.0213546399644649
-0.0254103439907541 -0.0682433281477453 0.0649521318593417 -0.0271594920939042
0.010140807754555 -0.0734804991134415 0.0762058326855165 -0.0240087041835643
0.0537346695400885 -0.0627107346452389 0.0666416195646787 -0.0114449323683682
0.0792956567214273 -0.0506369030340551 0.060922693097429 -0.0172744357767028
0.0901772903875788 -0.0233713675226762 0.0274360907584789 0.0184323520935646
0.0841478585400484 -0.0326697799609685 -0.0279551643498894 -0.0144758782438851
0.0569426131631158 -0.0588968919588365 -0.0651540485107528 0.0117159998716635
0.0233480120831229 -0.0748122571684321 -0.0627497816066231 0.0475706761895086
-0.00993611839288166 -0.0724731502920504 -0.032158338657044 0.0695550678410445
-0.0351340267639549 -0.0588739342993624 -0.00625071105521717 0.0618925087264714
-0.0514855015106232 -0.0389397138084825 0.00889615085944703 0.0447552338222919
-0.0511640324941128 -0.0323896427388825 0.0193792670323216 0.0245478510507891
-0.0565914284438223 -0.0246964411500552 0.0234047674809822 -0.00151655481676896
-0.0623121203717844 -0.043259678185746 0.0276729282587241 -0.0204509531814592
-0.0463633250994453 -0.0647243053465951 0.0384431106450395 -0.0336287962662626
-0.0262040377585146 -0.0873476545138508 0.0575241610143844 -0.0357189149604644
0.0196587581673194 -0.0907398696463828 0.0715942869199401 -0.0238372645825499
0.0715428159067848 -0.0716856804479596 0.0533571088195791 -0.000620921994631784
0.0992662241016094 -0.0551055811789851 0.0261126993432831 -0.00442460717190482
0.0971154537130239 -0.0232652442386664 -0.0133809326368188 0.0231344267021906
0.0960967151715824 -0.0394280730747277 -0.0546757763525604 -0.00835753625086966
0.0655405216070989 -0.0740593541035179 -0.0741564546701307 0.012360075059064
0.0216455570060244 -0.0914676213497637 -0.062056347901976 0.0398654149705477
-0.0154095717806026 -0.083211210382453 -0.0362909208016595 0.0491888175859403
-0.0409409747811239 -0.0659384732867801 -0.0203913163748934 0.0401434486917924
-0.055537535048771 -0.043784875860221 -0.0120194339230754 0.0268107989032498
-0.0520667288043665 -0.0373940311099668 -0.00422993293532252 0.0111929710105079
-0.0558116852123138 -0.0316587582284143 -0.000148355390511624 -0.0132111886903703
-0.0585416533038063 -0.0525682281736033 0.00674627468062571 -0.0323529345780512
-0.0400619622647899 -0.0738828432767961 0.0232134285771401 -0.0458363110482583
-0.0158753130156096 -0.0947964730211084 0.049446520128829 -0.0417138855064242
0.0322767850368692 -0.0919372449348082 0.0652516545190934 -0.0210157139472049
0.082626986771333 -0.0659024363276483 0.0382802413272156 0.0104549612801406
0.105944547274624 -0.0466250653120742 -0.00895986099450105 0.00671142238708166
0.0884051389922432 -0.0193348029269092 -0.054915653351385 0.0285287054697238
0.0903904007945817 -0.037661060624669 -0.0795939516308626 0.00268874436122359
0.0612347064256948 -0.0731640495983648 -0.0791011123752893 0.0146500047924731
0.016816476036528 -0.0886224511050467 -0.0607991525440686 0.0306058076099995
-0.0169852135971434 -0.0774953991858771 -0.0431757977695404 0.0272060630948309
-0.039303468536334 -0.0604353101501049 -0.0370301137976539 0.0185278028705617
-0.0501972840365974 -0.0411436807337243 -0.0338989380034174 0.0094062955182998
-0.0448092348495724 -0.036641848865249 -0.0257564491841776 -0.0032884068243031
-0.0468942871161608 -0.0349360264728855 -0.021558515236239 -0.0274902532382445
-0.044872111441061 -0.0557955231572984 -0.0105675006349957 -0.0471443549088769
-0.0237978291622309 -0.0735393336144908 0.0126371948646018 -0.059093026520147
0.00174259636561815 -0.0879063899390556 0.0443056397307828 -0.0468061379885739
0.0447500964926736 -0.0766922632122664 0.0570508390317135 -0.0174253448226751
0.0855575568361381 -0.0468269850679223 0.0221430235272682 0.0175425939630692
0.0980052007056856 -0.0290607303008217 -0.0416938000128573 0.0112656185849879
0.0640098868545384 -0.0101010111021768 -0.0892776672833852 0.033426881360086
0.068385090541294 -0.0253275383281757 -0.0962088160714375 0.0160817377956396
0.0466988331006833 -0.055135792652811 -0.0804308132841501 0.01606756465402
0.0113278885385336 -0.0669035820936418 -0.0598974892263221 0.0210473504019835
-0.0129825928555693 -0.056987303092605 -0.0512691736357078 0.0091297182250016
-0.0283756557301542 -0.0453952088995241 -0.0530487108010385 0.00261271221853822
-0.0362485361021838 -0.0327070562248351 -0.0524581172265841 -0.00479999093202966
-0.0306887010529343 -0.0304577613953839 -0.0433172219762141 -0.0176195953961707
-0.030895886678339 -0.0326690671900126 -0.0369039126283419 -0.0437190425254686
-0.0258950065706 -0.0496703464524305 -0.0197829512316364 -0.0639623003267044
-0.00678388139259183 -0.0610465455914574 0.010083880358952 -0.0729399800042697
0.0182585312405164 -0.066858652933269 0.043326939427621 -0.0511824396235537
0.0498390080328519 -0.0508079795277773 0.0489557221549147 -0.0147285313268153
0.0749522715130937 -0.0218396197612413 0.00746541256351885 0.0168863427732801
0.0761181861785763 -0.00892142526791842 -0.066958913467017 0.00871594018761861
0.029431250820332 0.00360192302986594 -0.109397622828286 0.0380066280663958
0.0374502541192124 -0.0055344272122794 -0.101573625246181 0.0280499873911765
0.0265768602784049 -0.0251969161374094 -0.0788615851005445 0.0182345533817167
0.00749573498249528 -0.0320235460727503 -0.0608678169797613 0.0168401010190907
-0.00256926505410452 -0.0278268290114373 -0.0584295600530792 0.00140364447132207
-0.0107066004144323 -0.0249432648041431 -0.0627918613721474 -0.00380104648759963
-0.0156850349668427 -0.0200647229919927 -0.0637216843216667 -0.0128305710297008
-0.0131001622090156 -0.0190207449669261 -0.0539584388829917 -0.0286586268261641
-0.0133914844927928 -0.0215654764352852 -0.0448408314698501 -0.0579571682570557
-0.00830002508642166 -0.0318355617611294 -0.0214628134660049 -0.079424782817727
0.00324839804088833 -0.0375484524074535 0.0141720702188324 -0.0852107564880586
0.0213531874493737 -0.0381255902215129 0.0462422242005029 -0.054898423755983
0.0410599168490651 -0.0229162805812511 0.0435774771186938 -0.0153262968981612
0.0504995609916897 -0.00068862186739429 -0.00082056921908588 0.0100300809767611
0.0426495258490682 0.00773269001248673 -0.080203568190018 0.000585815368060729
-0.00269437777295633 -0.0154510966629195 0.0854069627383524 -0.00868451877902901
-0.0165116323169654 -0.0073978613548861 0.01170417178473 -0.0216691625120485
-0.0175987477219639 0.00637412016295789 -0.045706033343328 0.0104799270519198
-0.00726389623394677 0.0131708919732147 -0.0578560647182953 0.0536152463485638
-0.00386561313820552 0.0100634950975953 -0.0202346714945991 0.0944597825958315
-0.00424568021488649 0.00782559931973218 0.0226653435485285 0.0914799739670174
-0.00569156933427 0.00907228283945556 0.0494372132247635 0.0657996985152278
-0.00780668375544977 0.00583256956074139 0.0654050268019928 0.0353964220874898
-0.0103292664291724 0.00850055781993573 0.0693825586240795 0.0102726258934321
-0.0149323399792954 0.00558018861583333 0.0696776140379023 -0.00256719498701386
-0.0133217999276632 0.000528051812364967 0.0653693238728373 -0.00740945112038068
-0.014723454109637 -0.00128014128068544 0.0686368345481767 -0.0158339053933332
-0.0132859955957244 -0.00800244946216086 0.077199815799961 -0.0231320315845751
-0.00410130359451665 -0.017922276620117 0.0873683570473708 -0.0231967461527423
0.00553979975872247 -0.0184318528287714 0.107199284095467 -0.0371131942355954
0.0334675600325205 -0.022041702384853 0.0808477171924334 0.00205869489228128
0.0192056400631981 -0.0179426332038281 0.00822778761147343 -0.0167350850165785
0.0068178531559009 -0.0164608598883878 -0.0472888417743486 0.0132736858782043
0.00389426297907838 -0.0164799757838907 -0.0587547988009866 0.0537361897788977
-0.00616730744834788 -0.0197255737787288 -0.023393072977623 0.0922357554016904
-0.0165866715834744 -0.0170699369641467 0.0167656233252901 0.0894107931827131
-0.0247992693875615 -0.00804060847071161 0.0424091981618896 0.0654206858492287
-0.0278928375042189 -0.00769455218167579 0.0579643433231685 0.0358650592173067
-0.0319695527682663 -0.00217020285564586 0.0614055057066566 0.00852710242024756
-0.0383116318290586 -0.0124190006088657 0.0627414824676285 -0.00690823522555068
-0.0296303257542782 -0.026173867109802 0.0622822299390672 -0.0138157002182719
-0.0213793180077006 -0.0371023978675363 0.0677590694282806 -0.0214432120452412
-0.00115460190289001 -0.0433251157258969 0.0752907164929752 -0.026349421712202
0.0266214133775277 -0.0436753128132203 0.0766181925613128 -0.0219951745359333
0.04476732459345 -0.0387394164186048 0.0883402953960329 -0.0321636426663472
0.0654977844152699 -0.0258559895600403 0.0604447729334211 0.00969146856169815
0.0540454912390052 -0.0276398499559395 -0.00573196921846319 -0.015124514515716
0.0322072193613868 -0.0391118011746864 -0.0544250744526356 0.0141225653123056
0.0138386191728083 -0.0473232893862647 -0.0591702667558939 0.0530908949245182
-0.00895294206450586 -0.0475709222220231 -0.0256060193668953 0.0843228077130577
-0.0283474756020642 -0.0397890011274557 0.00844025498504667 0.0783798303375066
-0.0416068281737413 -0.0240022665977367 0.0300100403368413 0.0574149907084104
-0.0438115931778075 -0.019772132813591 0.0424745764829204 0.0310177912494235
-0.0484085036800102 -0.012243554642478 0.0451794651607636 0.00372894717500794
-0.0561875208438092 -0.0268555689273263 0.0475859563884619 -0.0144058815637837
-0.043601272834066 -0.0466555972581457 0.0515606918118309 -0.0248377290722049
-0.0293129299861361 -0.0657568403804096 0.062527878273509 -0.0300219560871489
0.00602404347905329 -0.0730687018986929 0.0735231137775603 -0.0280568517149588
0.0493514661060198 -0.0652801213471257 0.0650553200371402 -0.0147787097376652
0.0750290891597908 -0.0541896326172246 0.0597394038349557 -0.02060898076531
0.0872171070107603 -0.0283043758820489 0.0278515801331948 0.0160576370363923
0.0810851362377612 -0.0370530684066408 -0.028115258449745 -0.0131856994806946
0.0519988866862222 -0.0615971983653954 -0.064079752523476 0.0145717767137347
0.0183281391194617 -0.0751485649686274 -0.0596224448948803 0.0496129436181757
-0.0148801695043449 -0.0702457918129109 -0.0274883250968458 0.0700295212499817
-0.0385070528717169 -0.0562704351231741 -0.00264122493733836 0.0614548723203134
-0.0528154288459378 -0.0347371005375637 0.0114116053664327 0.0436486389042634
-0.0528253302661987 -0.0293264094992725 0.0205950481881685 0.02283024676217
-0.0573007663777582 -0.0206815660617945 0.0228875482931832 -0.00372984983208438
-0.0646948926051547 -0.0383033031403131 0.0269592188070427 -0.0223723270259421
-0.049985297691219 -0.0613895327765504 0.0361858076690954 -0.0361155215252586
-0.0312430259689835 -0.0849939892295226 0.0551273537697793 -0.0380960104399752
0.0138197265476516 -0.0905012994979563 0.0688853020536977 -0.0280626714808762
0.066300878354204 -0.0750631738029569 0.0527184631921935 -0.00344881193325033
0.0943321511918969 -0.0595086017665006 0.0262436411269911 -0.00617157383303674
0.0947361326358988 -0.0288689780691424 -0.0122635484801587 0.0227830083039344
0.0925901134503512 -0.0443310733008573 -0.0546887735954993 -0.0054947451329477
0.059996865724429 -0.0764718740736132 -0.0725471338975194 0.01594490573766
0.0161023430085949 -0.0915922027236613 -0.0593290872378336 0.042712328111416
-0.0204907775812389 -0.0804386865321415 -0.0325030026050077 0.0502702878210742
-0.0448777833385732 -0.0624628118456929 -0.0178079195708445 0.0400802911813426
-0.0573497194427372 -0.0392745520331178 -0.0103686856226107 0.0270993765205508
-0.0540646891975278 -0.0341435313195556 -0.00295578107975086 0.011298192494832
-0.0572914531813676 -0.028088630714777 -0.00111731574106491 -0.013158637524784
-0.0616712447465715 -0.0477645669803359 0.00482067535955791 -0.0329116375072952
-0.0442031163287651 -0.0707461047784457 0.0205834211614003 -0.0471380885230721
-0.021417407469909 -0.0923414132626221 0.0466012515478254 -0.0438001098514153
0.0264625453575801 -0.0924714582443944 0.0628979248354547 -0.0249270461930859
0.0776481453076299 -0.0701452408306786 0.0385924293343685 0.00811248496850148
0.101256958280481 -0.0522151549003863 -0.00800554795601768 0.00735888938910347
0.085886504616634 -0.0247672168593692 -0.0528500763128156 0.0308526636881627
0.0866183480637501 -0.0425248665839154 -0.0781784141350268 0.0070579013774404
0.0556661118717267 -0.0753017464716551 -0.0776724237524339 0.0178707542124702
0.0107386306224946 -0.0883497263792245 -0.0583045040873187 0.0329725760076855
-0.0219082777365999 -0.0751410378918311 -0.0411279525018267 0.029071039535927
-0.042865745167516 -0.057078257311942 -0.0363055322777498 0.0200042684126037
-0.0523424613701525 -0.0373438794745758 -0.0330073002241266 0.0117105612317046
-0.0467549955069212 -0.0338315300387993 -0.0254056219945912 -0.00170325350664486
-0.0481524428621225 -0.0319796365774449 -0.0229942619386622 -0.0263352314258059
-0.0479625968998195 -0.0521825650909183 -0.0135294103772127 -0.046082845742703
-0.0287624234300736 -0.071005643810708 0.00906746488511845 -0.0599776472985127
-0.00335741397218746 -0.086747843636435 0.0413440170418325 -0.0483015934819666
0.0398176566909323 -0.078686415488935 0.0550981656459478 -0.0208244646611608
0.0816685194380528 -0.0507931271123261 0.0229178260811517 0.0157486077077908
0.0945865587409349 -0.0338971429436233 -0.0400655946892384 0.0142283510430985
0.0625035786348958 -0.0136735616300942 -0.0866000701117377 0.0383423764040131
0.0660347175539587 -0.0291878290199275 -0.0943636163814384 0.020463003724493
0.0424472370744075 -0.0565599806567629 -0.0787014261411226 0.019937166974224
0.00641934764557987 -0.0659659376152068 -0.058052260549892 0.0235186765107566
-0.0163273402175813 -0.0554703297196028 -0.0500348951428344 0.0120013686934109
-0.0314553320800454 -0.0431066208691926 -0.0529363462932135 0.0055000077071714
-0.0379931464716946 -0.0300249324335285 -0.052258385035089 -0.00098248215968622
-0.0326622360522586 -0.0285214430634908 -0.0441663884713676 -0.0144112946931886
-0.032814663352813 -0.0298290823681745 -0.0391511759520027 -0.0410327956073387
-0.0286258514043789 -0.0471867066132186 -0.0233064028884829 -0.0621659271616196
-0.0101941215607662 -0.0594119255121835 0.00611461630301132 -0.0736189592858368
0.0134076433616166 -0.0672465867282251 0.0403208534047778 -0.0528058622904559
0.0462463785356748 -0.052495914564931 0.0477108671248671 -0.0177892738599035
0.072711435602133 -0.025682902994249 0.00869414080560815 0.0157483415266974
0.0740669930825286 -0.0129568956544178 -0.065050319127783 0.0128447550811921
0.0285109409634018 0.00148161043355727 -0.106569490800906 0.0442181905945019
0.0364828886955131 -0.0078869125859187 -0.0990297042793664 0.0333692843842812
0.0245591935240986 -0.0259462883163643 -0.0772282407727273 0.0222059424153752
0.00528614215327661 -0.0318708102970786 -0.0590852439448301 0.0193940049371199
-0.00444329910946802 -0.0275476065295374 -0.0576026047028754 0.0044249286247214
-0.0123258002054999 -0.02355658610318 -0.0631016311005087 0.000158974479521491
-0.0166015441955764 -0.0186930445093321 -0.0636546127680713 -0.00796347545758027
-0.013859241083409 -0.0181165452257706 -0.055371170884285 -0.024909275289033
-0.014227326234471 -0.020765663194837 -0.0478635740200546 -0.0543925257667297
-0.010146507375412 -0.0310493904466417 -0.0262187925825261 -0.0770764023433485
0.00126243328532451 -0.0365274432522389 0.00870948733631416 -0.0851916713173356
0.0185850980302103 -0.0387786098511333 0.0429629348267632 -0.0564660417156469
0.0388630619085972 -0.0248457331204757 0.0428185043832527 -0.0176034910047729
0.0495389780576568 -0.00366676239196387 -0.000532416625694178 0.01013802364135
0.041656455070611 0.00555293978121875 -0.0783752858693161 0.00578727419364174
-0.00313274052529407 -0.0145835050496674 0.0813253371052243 -0.0119406344909071
-0.0159328995592734 -0.0062029640502345 0.0107243789831186 -0.021650182148706
-0.0167859715371261 0.00662336860505019 -0.0441713771400512 0.011336988504187
-0.00633109178573972 0.0128843877593674 -0.054494736741086 0.0535965353507543
-0.00351854277917545 0.00999700991953628 -0.0154584793038517 0.0915434216927272
-0.00387754028825772 0.00803075257121763 0.0257342464522772 0.0873576278083215
-0.00480198084604718 0.00843701236548708 0.0502265983537455 0.0612684837189778
-0.00715331316634564 0.00621718936601262 0.0648478496371605 0.0308165427644927
-0.0101910006795966 0.00891228864019824 0.067173747765134 0.00721948809325032
-0.0144042889671828 0.00608089109644227 0.0678697690017486 -0.00525667713631259
-0.0126350682498342 0.000645648110277208 0.0635661357338957 -0.00914072263655654
-0.0139371291092474 -0.000744910345266287 0.0654825373598234 -0.0173128056904954
-0.0128159110350892 -0.00722289634802228 0.0732813983865346 -0.0243545482440897
-0.00464691659341733 -0.0171537789873735 0.0838073696919438 -0.0244565529042306
0.00487049900967027 -0.0174990649172458 0.102647069039021 -0.0401422138432466
0.0309080383923793 -0.0230343808095396 0.0772239822571767 -0.00235001031276312
0.0177336335699266 -0.018146950746698 0.00712748155791359 -0.0166165266058091
0.00563479594612808 -0.0157129013507563 -0.0452807182960276 0.0141981716562618
0.00275180069330074 -0.0160877610420916 -0.0548971838713484 0.0533524293145666
-0.00677001489969363 -0.018433905376348 -0.0192297291915385 0.0892656299308409
-0.017036489305879 -0.0153501542817357 0.0196214771794935 0.0852990005821254
-0.0246185176580657 -0.00692467269733579 0.044177964390297 0.0610457482691078
-0.0276546611477948 -0.00627769646103162 0.0577006168104415 0.032196429801587
-0.0312535977247828 -0.00058547001910597 0.0598881850924119 0.00508890220818184
-0.0375545793997213 -0.0104277273559423 0.060897512210851 -0.00957745806352371
-0.0301144869857341 -0.0243181440055547 0.0599080535246269 -0.0160119033973199
-0.0218365620755934 -0.0350785301347988 0.0643857309763827 -0.0230865561181668
-0.0027833332688233 -0.041784072733496 0.0711195025301144 -0.0270478396685902
0.0238534232361971 -0.0430233309039569 0.0735314232896668 -0.0234617510255763
0.0414155414822614 -0.0386521487775262 0.0841850740559461 -0.0345248326265564
0.0617983903360449 -0.0276358312669013 0.0581056455774473 0.006655098424676
0.0514620850755381 -0.0286517336116272 -0.00633696518633777 -0.014676457444777
0.0291466645574746 -0.0386286811999149 -0.0520845269473172 0.015369288419908
0.0118938872477923 -0.0455851710981445 -0.0557580364570664 0.0533463841367281
-0.0106596246020591 -0.0453657311151952 -0.0212607003477576 0.0816852133455855
-0.0293681321348742 -0.03685639758063 0.011015607924367 0.0753496827084134
-0.0415239374394259 -0.0211786847374592 0.031264199648008 0.0539024077418831
-0.043550699316078 -0.0174694657771531 0.0422658570018219 0.0281883463844623
-0.047596906648535 -0.00939956475299726 0.0436879592768122 0.00108383121664485
-0.0555039967915861 -0.0232772993522258 0.0457891255689357 -0.0156988011481244
-0.0441223839767406 -0.0433850866869214 0.0495334633880014 -0.0264634004230939
-0.0311766216443634 -0.0626984111856784 0.059714242879041 -0.0305055639998629
0.00327262146385596 -0.0703889721814012 0.0687288444023353 -0.0296858008599423
0.0456804115282148 -0.0647967192165127 0.0621538864785151 -0.016621775598887
0.0703511284986453 -0.0544071832104815 0.0574197712744208 -0.0221807086624448
0.0824815004372688 -0.0305771549541178 0.0274597441887919 0.0136288063865992
0.0769049795983661 -0.0389429653951927 -0.0274193482555732 -0.0123450805031261
0.047402847373622 -0.0606976085510109 -0.0614148980214199 0.0161798928155491
0.0149208818589995 -0.0724745896533728 -0.0561004611563833 0.0499234330769386
-0.0168487503288185 -0.0667018084055406 -0.0237060323258292 0.068133946871468
-0.0398432996565689 -0.0521623922087077 -0.000598019405779472 0.0588232676510472
-0.052722541931306 -0.0314020526921628 0.0128766379835059 0.0412521744266814
-0.0525612963570853 -0.0262235482285733 0.0210944398337812 0.0205222442736768
-0.0561327958791085 -0.017648283505794 0.0218403639460553 -0.00504293970471584
-0.0640912570629174 -0.0341375144556729 0.0250021222534164 -0.0227801363816299
-0.0507112105333155 -0.0576443724755869 0.0338270625589833 -0.0365387042977604
-0.0340104147827928 -0.0808723685945065 0.0521260162218303 -0.0383615654720131
0.00979368434534756 -0.0882141299906417 0.0643504239441506 -0.0292702759541232
0.0613095869883784 -0.0751326538519415 0.0505462957739012 -0.0050145416809722
0.0884631984054916 -0.0601695547454394 0.0261573930891327 -0.00682553930573764
0.0894429191331643 -0.0319381572186691 -0.0108595629963859 0.0220279732348841
0.0877147524926068 -0.0462042246180452 -0.0526108040296165 -0.00405618256846242
0.0540871754357529 -0.075383902905069 -0.0698623389094547 0.0174413063924693
0.0118796715857331 -0.0887515989997389 -0.0558507907671847 0.0427043440122282
-0.0230877495640127 -0.0768001837648186 -0.0295473427471443 0.0489669219068526
-0.0461340092910119 -0.058261931318491 -0.016002551400085 0.0393010070381411
-0.0569182466935369 -0.0351420021191506 -0.00926951136093359 0.0264009808948506
-0.0537900856425611 -0.0306935362082472 -0.00224854181050476 0.0111083007290779
-0.05607564833362 -0.0248272278161707 -0.00174107800629955 -0.0133329444126984
-0.0613113496759025 -0.0434569641053958 0.00395262127240975 -0.0318342319838195
-0.0453323062018139 -0.0663582409388275 0.0180197213599005 -0.0473602332893088
-0.025481000234492 -0.0886412832743418 0.0441803944092726 -0.043311102467392
0.0213864192732868 -0.0904305441630393 0.0587327152423647 -0.0263918456357054
0.0726115847558295 -0.0707367423846922 0.0372733954962898 0.0068332803423631
0.0951633889759508 -0.0534021502756422 -0.00674958471850554 0.00747969410527867
0.0809688938627388 -0.0271114792271476 -0.0501933802371988 0.031686397324662
0.0822590647897151 -0.0442089349539494 -0.0753344962406088 0.00894406753210252
0.0502129137931335 -0.0743035372088291 -0.0742627218334418 0.019985930928692
0.00733184616407754 -0.0853745757786372 -0.0551715774365505 0.0335906632263321
-0.0244606734234176 -0.0715627947114051 -0.038206767583939 0.0293598129053991
-0.0443482970329028 -0.0533179465866047 -0.0350330630229065 0.0206953797580737
-0.051955158238779 -0.033614911723896 -0.0316976240197377 0.0121136600284042
-0.0467666402951895 -0.0301956413616106 -0.0248667915094296 -0.000487800896239819
-0.0475212786514694 -0.028520359700442 -0.0230091808716827 -0.024579590311617
-0.0484015455952425 -0.0483422658993011 -0.0145861980772292 -0.0444042299746531
-0.0306293811631003 -0.0673383286610007 0.00627581921506328 -0.0590155135314886
-0.00746496458089623 -0.0830695563301061 0.0383259662467967 -0.0480376538922903
0.0352552692455335 -0.0769666518822373 0.0520580944791456 -0.0222266903364766
0.0770233220973303 -0.0523326180234144 0.0224087091584306 0.0139650287224395
0.089796792145256 -0.0359858315169186 -0.0376404410411694 0.0153623149619304
0.0589301062015142 -0.0160804082502067 -0.0818960123101616 0.0400956481078311
0.0624645076029232 -0.0305814787780185 -0.0899226943759916 0.0228834099026204
0.0381248562170789 -0.0558813284509115 -0.0753802749555673 0.0213711523590931
0.00382823644516568 -0.0638653950931022 -0.0547828905676772 0.0246092078645534
-0.0183011433415811 -0.0529094508223865 -0.0482649281211808 0.0130529612845337
-0.0318142070035283 -0.0400380623783904 -0.0514584244593411 0.00731113079909567
-0.0377895401701625 -0.0273103205120199 -0.050620854051701 0.000935967427123434
-0.0326383672328513 -0.0260290658179029 -0.0429475043350286 -0.012193825901926
-0.0325643628180805 -0.0277704269286902 -0.0394347965492672 -0.0381745192504271
-0.0297546077103224 -0.0442674262250938 -0.0248667185815316 -0.0593272364297425
-0.0130113009422949 -0.0567312356498793 0.0029311607584492 -0.0711991374185397
0.0102954533005027 -0.0654506855722144 0.0369612541584165 -0.0520721343025306
0.0428444309381157 -0.0527178908715316 0.0452375031673719 -0.0191765825978508
0.0690358501563962 -0.0271361402323846 0.00909068913647322 0.0146665109651039
0.0706092996706522 -0.0147940260039975 -0.0618667206261255 0.0154359549831479
0.0272559472250021 -1.40667124373436E-05 -0.100816317436335 0.0470863844422456
0.0345155675198782 -0.00920797998400969 -0.0937994678784736 0.0358874113427421
0.0225497343540841 -0.0259303051156513 -0.0744854388086671 0.0234120678325041
0.00371587399468059 -0.0306460094134099 -0.0561395973456566 0.0203569836506715
-0.00571657297537648 -0.0263455412902589 -0.0559319521717476 0.00659145045553636
-0.012905735804546 -0.0220408063604392 -0.061874089683997 0.00245404852717577
-0.0168354566872039 -0.0174075516360201 -0.062207552246239 -0.00493973219377632
-0.0141275415858584 -0.0171634433530382 -0.0540249509965418 -0.021373863226678
-0.0138352392325879 -0.0194938858371077 -0.0486835748682353 -0.0505007370077398
-0.0110111776632211 -0.0292526467951531 -0.0279434382225093 -0.0731456344664254
-0.000326465987884324 -0.0352940498235964 0.0050730940928868 -0.0829271235178076
0.016041717335879 -0.0378052906656779 0.0396117535085505 -0.0561291774906031
0.0365015811327358 -0.0254185906011051 0.0407180454997851 -0.0187569083871563
0.0475424682044099 -0.00513468944275647 0.000202305045425151 0.0093718773570867
0.0406935002406225 0.00397936571136417 -0.0753696491041589 0.00909166442948257
-0.00253460086310956 -0.0151946743702348 0.0781281081757171 -0.0078125348301447
-0.0154197997307351 -0.0069055163930858 0.0114768858569795 -0.0201381607643049
-0.0166548310549745 0.00617566453562459 -0.0425359861953971 0.0096209129960016
-0.0056695759057727 0.011944941442351 -0.0546150821116102 0.0497302222523343
-0.00276164715783794 0.00890790706229034 -0.0178977790586925 0.0868348499497848
-0.00348218652273004 0.00738639352880383 0.0219034457101188 0.0845150222479947
-0.00429276752639974 0.00883743448859327 0.0464910524986585 0.0607371517034204
-0.00784507092411513 0.0058837845500184 0.0611439708255969 0.0312057842710146
-0.00929416725756993 0.00839741690103613 0.0645430149718515 0.00764349634444691
-0.0141014880001641 0.00498886240603439 0.065668799084802 -0.00334247133158688
-0.0121463910401806 -0.000647828929586868 0.0611143902227011 -0.00701602653269028
-0.012272761984328 -0.00195422882197955 0.0633752036480951 -0.0143582717572059
-0.0109114730307646 -0.00775518347702505 0.0701288284552667 -0.0202518309923297
-0.00227993672462378 -0.0172317985031805 0.0814360344690735 -0.0189349742510046
0.0058368805551227 -0.0175641865919711 0.100914276557016 -0.0329071030871074
0.0314236793182646 -0.020755586852385 0.0740294880208516 -0.000154325179014889
0.018241629147479 -0.0163278084896365 0.0073651414686054 -0.0164510720265515
0.00669779723519488 -0.0141428069939192 -0.0445924079004272 0.0108378602724357
0.00429711639589981 -0.0144905207621551 -0.0560167111424294 0.0483774818196637
-0.00439284093041498 -0.0179794897082573 -0.0218910650450044 0.0833215207540158
-0.015634105190738 -0.0159508548469604 0.0151908219217294 0.0817427596574617
-0.0232286355013914 -0.00727263896616333 0.0405526010736473 0.0602215907258203
-0.0268789638233308 -0.00718173282664145 0.0548117082747633 0.0313766232941892
-0.0305668139992708 -0.00171268486670866 0.0576575462190822 0.00590856436607039
-0.0362841501956001 -0.0112045820549149 0.0591160429475083 -0.00866469757424172
-0.0285096268956534 -0.0254556031932403 0.0590901218325282 -0.0146454705388358
-0.0190083485006173 -0.0354220848555422 0.0628015973904954 -0.0209317830674292
0.000539971229847748 -0.0405822044707752 0.0697295750636322 -0.0232436226449472
0.0260124795041057 -0.0418187228843509 0.0725264150335744 -0.0183010083638817
0.0419746867072839 -0.0372843238476305 0.0841217769861636 -0.0275864373177461
0.0620047099935261 -0.0238668307199304 0.0556758587095458 0.00571007274367884
0.0511985633130481 -0.0243608287560573 -0.00632020751527922 -0.0161898528219204
0.0304733114359862 -0.0349851123202422 -0.0520009036708729 0.0108116973587094
0.0139140872943882 -0.0428109434965643 -0.0573681530901207 0.046922526365276
-0.00687721938737247 -0.0443186414340001 -0.0243989971195485 0.0756299692061233
-0.0263457650418962 -0.0368750813714782 0.00673586766643764 0.0719803775752344
-0.0388519298857575 -0.0219590012917724 0.0272754812506157 0.0529417048804019
-0.0424297042939848 -0.019081540390993 0.0394039637404846 0.0276109390573583
-0.0458705106549942 -0.0110245685488439 0.0414996531988527 0.0009746822948003
-0.0537449461916082 -0.024256983156246 0.0443917953696782 -0.0153991086864279
-0.0421210216637017 -0.0449712110587226 0.0493309326913555 -0.0258294668188989
-0.0271040846195448 -0.0619125905364034 0.0596790083668596 -0.0300948724746478
0.00714440809860194 -0.0687251635103809 0.0679255338560937 -0.025878131235613
0.0477399671281531 -0.0614687849704424 0.0623137769082552 -0.0117490927602208
0.0698963852299538 -0.0512197996816016 0.0584105295763943 -0.0165537884908587
0.0824603904936623 -0.0255295962154072 0.0254203320086361 0.0102648391738573
0.0765909452070471 -0.0328540394324269 -0.0271601321323835 -0.0155692878704839
0.0491117809083282 -0.0549616644826099 -0.0621514824615328 0.00989366426366166
0.0182388402615386 -0.0683195517870178 -0.0581784228748051 0.0427627758688568
-0.0122986642041675 -0.0649386392441051 -0.0279567113885176 0.0624082566068583
-0.0363562371150747 -0.0520743953992202 -0.00460335330284273 0.0559832393733296
-0.0499084927939108 -0.0321165470163889 0.009370034324684 0.0401121842780131
-0.0513544188255124 -0.0274558066498859 0.0190943512580634 0.0206996206130658
-0.0542456565797054 -0.0191748097896036 0.0210137203178951 -0.00500356271533047
-0.0622191739987119 -0.034966769444853 0.0248641094923319 -0.0233031429692193
-0.0481868929204967 -0.0588551174494302 0.035375470227934 -0.0366812477194325
-0.029375566784793 -0.0794164994082951 0.0530692465288222 -0.0381770213967199
0.0142249383842363 -0.0856485281548432 0.0647231913878253 -0.026297813680514
0.0629098231410457 -0.0705341991952952 0.0510834846785622 -0.00112532993152637
0.0871733840521938 -0.0563789595062169 0.0278396464009972 -0.00301818946530039
0.0892999295799252 -0.0253046939452013 -0.011490648782796 0.0157161043924867
0.0880365068323264 -0.0393337955544776 -0.0523499293358008 -0.00940918241448119
0.0569846755088811 -0.0686596177272499 -0.070192338817376 0.0108192078137631
0.0162108089038528 -0.0833125096612729 -0.0580549589060571 0.035439317035792
-0.0177296396789385 -0.0742595621236148 -0.0328868629857066 0.0446754354439894
-0.0421716295204897 -0.0572620154302384 -0.0191778123542016 0.0368117200346787
-0.0540557775762187 -0.036372131441675 -0.0116832208888668 0.0252537179958399
-0.0520283207250435 -0.0323931323388512 -0.00332064780745342 0.0100009648036473
-0.0537549062553658 -0.0264581165608134 -0.00164346945337344 -0.0138730013720898
-0.0594345849394215 -0.0441671993657411 0.00452379592128847 -0.032634384836462
-0.0429371266720011 -0.067161576499712 0.0204534004289304 -0.047664117972935
-0.0210099910433401 -0.0864913112068101 0.0459625168215477 -0.043420109753824
0.0251374269039119 -0.086963112344417 0.0589393799466802 -0.0236281711569976
0.0737574633930583 -0.0660103667275965 0.0374428181428681 0.0097119527790547
0.0931005786842467 -0.0496069719750854 -0.00450607119826043 0.00972256219952656
0.081508815054193 -0.0217393093257001 -0.0497124694864888 0.024181853138205
0.0828403328894105 -0.0376793735981709 -0.0740674954182419 0.00300826746454985
0.0532094195704822 -0.0677988869407618 -0.0751584386732239 0.0128824501302575
0.0112537521889158 -0.0808152161550801 -0.0567667879391999 0.0265652972404069
-0.0196073472965937 -0.0695347539211359 -0.0402454014538919 0.024955973717267
-0.040417023050225 -0.0527753031358349 -0.0358404024553787 0.0190313978914741
-0.049445875385193 -0.0344912596452246 -0.0326089096762961 0.0117528422923985
-0.0451591240062985 -0.0324341746576152 -0.0244344536257455 -0.00122028466871909
-0.0452747385254918 -0.0296960569507315 -0.0219014497184793 -0.0252139055495493
-0.0471041704861956 -0.0487163860554401 -0.0122622432643679 -0.0441673277751402
-0.0283008189649093 -0.0670726042612911 0.00997011790627046 -0.0581712827759177
-0.00432569379636418 -0.0813637001126509 0.0413604384161194 -0.0475285467401028
0.0373526681979845 -0.0740912923197676 0.052802599999054 -0.0193986756921027
0.0767324239624608 -0.0483304943839848 0.0228362870199608 0.0164730063855582
0.0868233207158099 -0.0327831680906253 -0.0342149526436173 0.0153397809033977
0.0589422552178331 -0.0116816134259246 -0.0812435583212173 0.0318412421488618
0.0632137919027444 -0.0255773541628787 -0.0882176538091405 0.0159011524020404
0.0405973949336385 -0.0508297472445771 -0.0752599114559258 0.0143538810202288
0.00708658045164039 -0.0602312980240428 -0.0554877190100042 0.0191303785611126
-0.014418064092074 -0.0510530682444253 -0.049034789701989 0.00983383032080364
-0.029236555316076 -0.0393105828925816 -0.051655456261489 0.00526274751791767
-0.035357304169814 -0.0278360820774934 -0.05046231376956 -0.000190803598070035
-0.0312582041516588 -0.0273455086717734 -0.0413398534591453 -0.0126187601995507
-0.0308149953416241 -0.0288563750541717 -0.0374533358803013 -0.038130072511397
-0.0286578527892679 -0.0445206537791728 -0.0222896498801435 -0.0582408041538891
-0.0110433523210957 -0.0569517314955206 0.00669643097409448 -0.0700212962466096
0.0114604092591097 -0.0629577560303911 0.0404819611293184 -0.0504196438134941
0.0437410556107535 -0.0494908293997924 0.0458974738531102 -0.0163735776620317
0.0676454692233237 -0.0243698867898404 0.00887065385305172 0.0165345350124647
0.068123569877848 -0.012267511354434 -0.0583169504150031 0.0140596957095731
0.0272857567307221 0.00245220688571283 -0.0996183802171655 0.0394223046075712
0.0351911351838858 -0.00638438094790221 -0.0919809653747142 0.0288744695951983
0.023306659637839 -0.0229621792880289 -0.0728956557627487 0.0177641166585386
0.00499283661179984 -0.0284775857222739 -0.0553946458410338 0.0155918407183905
-0.00417327645412847 -0.024482144572346 -0.0545938630861443 0.00369397207753033
-0.0118131168795637 -0.0210197338491371 -0.060131931224729 0.00125797896923514
-0.0154977286827263 -0.0173692422838611 -0.0608131475028717 -0.00592860412153164
-0.0133323930337401 -0.0181971262506114 -0.0516210841790463 -0.0215327716644288
-0.013093010715826 -0.0200325855847612 -0.0458371256559784 -0.0494864968264567
-0.0106144963657475 -0.0294055932076369 -0.0250960141697455 -0.071491209199995
0.000489466345779275 -0.0350468245452259 0.00857685566724799 -0.079550748580127
0.0173949775274966 -0.0370705430575768 0.0424680363666713 -0.0531810090286932
0.0367364755500629 -0.0234339125470412 0.0406981109477361 -0.0157117586114564
0.0460957861193758 -0.00329015569482527 3.5578798854165E-05 0.0105395441685401
0.038356579183737 0.00463385999790107 -0.0717818582258473 0.00630710110881901
-0.00236951721285378 -0.0143506592681789 0.0770057447122568 -0.00749973216356335
-0.0152009511630186 -0.00704755651881261 0.0112897879976287 -0.0199634800892717
-0.016423653465461 0.00616488775247801 -0.042097786145298 0.00846188693872807
-0.00576688262229086 0.0115842980164326 -0.0548608445051513 0.0480083026303317
-0.00254573298404649 0.00881410830068489 -0.0182507416022292 0.0843887166882727
-0.00304760900878839 0.00723527632368194 0.0209131066634023 0.0829430025058409
-0.00441222932513833 0.00795080139652832 0.045899840642644 0.0602435884173929
-0.00708164964694197 0.00574739024511608 0.0603075014764159 0.0303836519613875
-0.00938024952766153 0.00842354403730231 0.0635866506422318 0.00770819081686609
-0.0137351524424341 0.00534338165770723 0.0651231551876416 -0.00293584494451369
-0.0121249426051681 -0.000966701899949029 0.0608957567943395 -0.00612030282366127
-0.0116734267210888 -0.00215598765368315 0.0624188509857438 -0.0130555509102795
-0.0103226661320076 -0.00791385144601593 0.0691444223851304 -0.0180964171111683
-0.00233254542366367 -0.0168953385188362 0.0810241026164017 -0.0170324843470092
0.00669621038446504 -0.0169903498554198 0.100293143812102 -0.0317295062896663
0.0313573624110992 -0.0202669708314529 0.0724523731956678 0.000269926506312369
0.0182551431052287 -0.0162092913912098 0.00717199725794813 -0.0168114582511452
0.00615066789332377 -0.0139824437210632 -0.0444845843488965 0.00981491404208474
0.00484860172815757 -0.0148307560931001 -0.0561535223914904 0.046690470300462
-0.00421262944224531 -0.0174781637427802 -0.0229762087986208 0.0816772064655581
-0.0154296780247388 -0.0154791809116505 0.0144937791710913 0.0807409757807047
-0.022597933262631 -0.00758214868789417 0.039332321561432 0.0596011464851322
-0.026657530483635 -0.00731836467927139 0.0537133139943895 0.0306204739141415
-0.0294844600033902 -0.00204010030168328 0.0564136084756916 0.00560249839512741
-0.0357774297442647 -0.0111891297375442 0.0588641030361762 -0.00843661261577605
-0.027858900768166 -0.0255605999896036 0.0580455921483128 -0.014628675346177
-0.0182980105556626 -0.035155635856562 0.0619355629624951 -0.0196294226842999
0.000890051453577616 -0.040118309211068 0.0679965313014239 -0.0215885572573708
0.0264906083524321 -0.0406621225822737 0.0715355635913062 -0.0167323347632855
0.0420354319684006 -0.0359311829958904 0.08382549115773 -0.0265901946730427
0.0606589884740972 -0.0227015628404063 0.0544262430236736 0.0054116011158614
0.0509569222578015 -0.0237031566819984 -0.00569408526313337 -0.0164915253194238
0.029956823897845 -0.0335728779964805 -0.0516835624949956 0.00953168536752826
0.0143426392033809 -0.0419336255444185 -0.0573546421134704 0.0451933571102144
-0.00630612377813085 -0.0434765998969304 -0.0250496305575143 0.0739993726231731
-0.0260359353974846 -0.036512935820551 0.00607648246222376 0.0711583505062842
-0.0385603067888387 -0.0220119055898219 0.0267381992317876 0.0520092858135837
-0.0416231722889851 -0.0190789932137331 0.0386482821109411 0.0271305619413852
-0.0452077944418222 -0.011452183432279 0.0409348282948781 0.00135865174920973
-0.0532875628276231 -0.0239784457646188 0.0444101602036778 -0.0153831449892032
-0.0414353191161391 -0.0445692778135185 0.0488698662099794 -0.025205620237408
-0.0259334510418376 -0.0619603356666905 0.058914252275222 -0.0288254223559808
0.0081310679821284 -0.0675194999113518 0.0659611967977613 -0.0243017440082137
0.0476008787650828 -0.0604033464132752 0.0613610121917086 -0.010564692222708
0.069521989386924 -0.0498926460058719 0.0580013538269693 -0.0160811336229918
0.0804814164163962 -0.0241205304090681 0.0251469283768022 0.00953222197770648
0.0762303368113446 -0.0315181632412394 -0.0263639022871749 -0.0161240478043415
0.0483412326909142 -0.0530764114765783 -0.0611634463571709 0.00887832674123797
0.0179436669037413 -0.0670056771660309 -0.0584629845661822 0.0407219915890189
-0.0113800753878018 -0.0638255304899291 -0.0276001975265749 0.0605323853477124
-0.0354121578548223 -0.0511018646171382 -0.00517864446463268 0.0549440455971681
-0.0493653324315502 -0.0317208741500545 0.00923514550073147 0.0398864446724049
-0.0505175906847989 -0.0278788147138365 0.0185611191964868 0.0197944820450675
-0.0532122543695252 -0.0199546549741976 0.0202608402452247 -0.00505095213117648
-0.0606975552324977 -0.0350776489170754 0.0248056760254867 -0.0230646907566788
-0.0474734030572046 -0.058051368131092 0.035102353225285 -0.0366609317495233
-0.0287632352041125 -0.0786978635578893 0.0531445730609465 -0.036589442080334
0.0147015102309054 -0.0840620693936262 0.0635143404285735 -0.0247059847466561
0.0629503080532414 -0.0695458929916533 0.049925610033513 -0.000250044843814743
0.0861959177950027 -0.0547105203362974 0.0278701092566219 -0.00274226170921301
0.0873225049456401 -0.024725150842351 -0.011673577364771 0.0149969744205955
0.0867564085506166 -0.037437338196235 -0.0510701424590826 -0.0102778828803713
0.0562167225486235 -0.0666653945160686 -0.0693944826556729 0.00991899261472874
0.0167538714359836 -0.0819721463400895 -0.0579091678171305 0.0336421872142427
-0.0172280595519412 -0.0728917327154278 -0.0331476047378349 0.0428312511807546
-0.0408236931604625 -0.0565946760292871 -0.0196393678921845 0.0361817852907804
-0.0527375235851644 -0.0359724386419359 -0.0120245521935672 0.0249341050165857
-0.0513160629083965 -0.0322517774137653 -0.0035552726774938 0.00962476212711729
-0.0527568774063999 -0.0263872513315908 -0.00174986554859927 -0.013842271248766
-0.0580770112476913 -0.0436301902358384 0.00503914049965222 -0.0324870603089933
-0.0420212909618062 -0.0667766646338332 0.0205463242841966 -0.0468724696502398
-0.020901674928701 -0.0851593539946548 0.046398893239825 -0.0423569702873793
0.0255848179389717 -0.0858995615871347 0.057702956035161 -0.0226311423334484
0.0732792182296327 -0.0645774539654401 0.0371799308705755 0.0101190775850232
0.0920704572805511 -0.0474413813808662 -0.00378710761251298 0.00957169950212168
0.0797424204859674 -0.0205981836597094 -0.0492093045597806 0.0226440942937482
0.0818086052198 -0.0362475249287955 -0.0731465876166349 0.0017146554425631
0.0524701098097289 -0.0663180805344011 -0.0735205199161719 0.0111996267767408
0.0116189072973426 -0.0790514867227645 -0.0564154238995703 0.0248794408388281
-0.0185985894222864 -0.0682698327038081 -0.0402444937621477 0.024044722964502
-0.0397777485412003 -0.0519742322361794 -0.0365358607062863 0.0185269630755172
-0.0486383393781862 -0.0338096932670392 -0.0327733153955453 0.011462312357388
-0.0449090348684134 -0.0322810407331857 -0.0240030052322214 -0.00130981124181685
-0.0446804962324258 -0.0300246712702138 -0.0216852934316739 -0.0248326380931726
-0.0459036601286447 -0.0472777387772102 -0.011370794895237 -0.0440594798740818
-0.0275292306859684 -0.067127866273938 0.00996073335108427 -0.0578584086526688
-0.00441312296127505 -0.0797933682394834 0.0419141161002606 -0.0461619072941283
0.0375991951259405 -0.0722524021943559 0.0516109169066627 -0.0187720530234823
0.0764191750585515 -0.0469319782324737 0.0222547812758192 0.0166463659974892
0.0856594874211929 -0.0309292861471425 -0.0334200128494646 0.0151816449590262
0.0578759577552177 -0.0110747050849086 -0.0805280136576785 0.0304487683943702
0.062311954064666 -0.0248552617605441 -0.0870495559733028 0.0146987371916135
0.0404212933917041 -0.0497771331022124 -0.0739597472106158 0.0139607947840307
0.00728498329087285 -0.0587897630408199 -0.0550495887009885 0.0173646278261132
-0.0143214165186187 -0.0503159158221046 -0.0479392999007209 0.00865756642829702
-0.0287589804860864 -0.038890199618388 -0.0515025255559844 0.00568584834197905
-0.0355702581135046 -0.027653056193319 -0.0503001313910665 0.000526273849931612
-0.0308735983305734 -0.0274669910609738 -0.0406593686500952 -0.0125077710638645
-0.0303507408186775 -0.0285497662558844 -0.035933486040789 -0.0379289858885768
-0.0279607482647582 -0.0435108263989195 -0.0208755634465855 -0.0578622625525034
-0.011058941693735 -0.0560601386197509 0.00702611271931121 -0.0690132675480698
0.0114350025637509 -0.0617504316111576 0.0412736176421244 -0.0490807664584058
0.0432326994378604 -0.048284310524107 0.0452322202592165 -0.0152535256773388
0.0674102218943319 -0.0232173651577856 0.0083690039618736 0.0164106519548016
0.0667038063467896 -0.0111288154103184 -0.0573411113037423 0.0138484184644105
0.0264890802142448 0.00255994952744687 -0.0986034971257233 0.0375766568610403
0.0337889695755687 -0.00570942109053781 -0.0901473119142558 0.0274641751482907
0.0234257243130983 -0.0218715016594169 -0.0719943640718211 0.0164734794056118
0.00533090545166099 -0.0273519318836677 -0.0546515441743541 0.0147585893416109
-0.00409163645360812 -0.0242829155367305 -0.0540276829755422 0.00409890893542408
-0.011503775804132 -0.0207970102892746 -0.0601235709463553 0.000645295948195879
-0.0156966083219154 -0.0169442532424015 -0.0603186920107622 -0.00578033009254475
-0.0129456876909664 -0.0179135971572727 -0.0507466186606698 -0.0210140552746665
-0.0126085578159329 -0.0199280096306292 -0.0446489528473894 -0.0497184094935102
-0.0100301209564465 -0.0285938841516467 -0.0240327725628973 -0.0707000202659063
0.000598770151650419 -0.0342446653950945 0.00912452103412401 -0.07889028173064
0.0167590939443636 -0.0358918091753732 0.0427326638739269 -0.051304325870315
0.0362954911902823 -0.0228184616841762 0.0404509048121139 -0.0152365987329581
0.0455311844860744 -0.00255962866999316 -0.000212248548092534 0.0101146523693935
0.037248250507164 0.00476124468957657 -0.0705252481472582 0.0062772530559597
-0.00155971624121614 -0.014347706729696 0.0771849519894114 -0.00683600434527414
-0.0150396546014103 -0.00711395385158054 0.0118269561424414 -0.0204287296226788
-0.0164009259569354 0.00603704370222828 -0.0431355801121577 0.00810949806836006
-0.00583656801020038 0.0116214799453761 -0.0559658131853373 0.0483763091276563
-0.00251213124370364 0.00919152642384548 -0.0202132008369798 0.0844797165689123
-0.0035254383621317 0.00743063461632427 0.0208184642325773 0.0837792468941479
-0.00484424553757325 0.00798895950473075 0.0468244144549009 0.0610768841749326
-0.0075430005574211 0.00586232449334075 0.0604255285157653 0.0306419343516221
-0.00959032729093503 0.0086414783890373 0.0645882289078686 0.00756235748626984
-0.0140972994110122 0.00527676702585909 0.0663701148682272 -0.00283185134786965
-0.0121908569156007 -0.000916687389208783 0.0616856728394291 -0.00558642032547658
-0.0115863850581193 -0.00283614179288006 0.063028023762545 -0.012282650755098
-0.00996848110009153 -0.00809386734183729 0.0696128153757439 -0.0171412352120228
-0.00199747196426138 -0.0175558329363914 0.0819626990853081 -0.0155865281012706
0.00716810557188628 -0.0168933771804362 0.101785956605167 -0.0320211039611443
0.0321216279370336 -0.019743473113813 0.072795303592175 0.000566306448923566
0.0187435085929856 -0.0158643989172463 0.00830007259860036 -0.0166031076370349
0.00598252773031376 -0.0137345792456469 -0.0452110865348343 0.0091204185178935
0.00456545709935961 -0.0150718821617957 -0.0574777594119948 0.0464000289806988
-0.00403997142135502 -0.0179121885977273 -0.0237156989339364 0.0816928677327668
-0.0155592299376994 -0.0157873024629024 0.013803592440912 0.0813132319161651
-0.0231694542915636 -0.00787215286883382 0.0397977689447334 0.0600379024188212
-0.0271014029192356 -0.00757565109697207 0.0541578554828608 0.0311854835468784
-0.03026360345657 -0.0024658623469997 0.0567753355958858 0.00558169603053876
-0.0364171803099441 -0.0116421687953001 0.0599800641162748 -0.0082364837816984
-0.0282717857029617 -0.0264740123852691 0.0594077918970049 -0.0138323607871557
-0.0179165736690453 -0.0360952375684773 0.0631275299037381 -0.0185616940022145
0.00162401498281618 -0.040682081347972 0.0682092605427646 -0.0203792151010488
0.0267834154316986 -0.0413572372507997 0.0730949204010475 -0.0159518318347669
0.0428585017811585 -0.0361246648833136 0.0852634992302637 -0.0262299468745856
0.0612134084061873 -0.0222577974278934 0.0543122896578361 0.00546365828380698
0.0519357103789495 -0.0236054158785721 -0.0053894713339286 -0.0170809543415728
0.0302352818824332 -0.0331013018264662 -0.0518973100182231 0.00903191629958984
0.0145296906590755 -0.0425822847961047 -0.0592319399904189 0.0449741852070361
-0.00635744885990542 -0.0440409370503926 -0.0263610831658907 0.0743230702971369
-0.0265747943215861 -0.0364447371334817 0.00538476802172192 0.071821875788358
-0.0382589747390315 -0.0222702848773712 0.0264557443109876 0.052713869820495
-0.042878490867716 -0.0196041578867058 0.0392589299365688 0.027847680595688
-0.0452940393664893 -0.0120866757495752 0.0414610889272785 0.00078021486274845
-0.0537883410558494 -0.0243908540620141 0.045685806157423 -0.0156928060226648
-0.0418819438657384 -0.0460378257113874 0.0498317299353834 -0.0251996203083975
-0.0262469359074246 -0.0623005697499479 0.0601086871329521 -0.0276268859181434
0.00823329295408501 -0.0682938691869762 0.0664608318152102 -0.0234964776566574
0.0488275145213305 -0.0612041473016304 0.0617020018643474 -0.00960709975461679
0.0707533706702163 -0.04949471683137 0.0595260416007306 -0.0161363028229613
0.0814909307173061 -0.0229693765831337 0.024843639723202 0.00972493771203787
0.0773366132945882 -0.0313576553341256 -0.0260903230365461 -0.0166882604760905
0.0493369384656268 -0.0526384968539677 -0.0618536131163252 0.00809217274101906
0.0192300502667342 -0.0676490247040828 -0.0594653318436526 0.0402324392648914
-0.010883863898348 -0.0645719966021164 -0.0282314780233401 0.0608896887918222
-0.0359122800213245 -0.0518831540144415 -0.00574927308348509 0.055813544114109
-0.0496855982149552 -0.0322767013101319 0.00910272636921906 0.0398050277523241
-0.0513285541872927 -0.0283784735816251 0.0188930063570611 0.0198915638711148
-0.0536703150518613 -0.0203662951787214 0.0206589797724892 -0.00585958735321101
-0.0621633352705227 -0.0352718241711942 0.0260121097844526 -0.0237774207048603
-0.0475759346988297 -0.059808005843222 0.0356860851648949 -0.0367902327745147
-0.0289818702553645 -0.079965798380058 0.0546192148932581 -0.0362427310107774
0.0157422481611454 -0.084476187589286 0.0636085665613626 -0.0240934582072072
0.0646077489026741 -0.0699064946756985 0.0500627447792234 0.000274291609599645
0.0879422903468468 -0.0537474026915732 0.0283672594105641 -0.00210393655942415
0.0879012213929437 -0.0234296037869047 -0.0122580646153292 0.0147534155196497
0.0888818908661234 -0.0378143464806019 -0.0507747443337426 -0.0107754201158657
0.0568476408092161 -0.0664233716678019 -0.06970001191575 0.008958481823669
0.0170897422064245 -0.0821802658054197 -0.0591079201145657 0.0331296964995741
-0.0167060712127483 -0.0740184868688616 -0.0333491540544314 0.0424670022782755
-0.0414051713861345 -0.0574536350628287 -0.0203118644493505 0.0369039547003579
-0.0538946333345694 -0.0364361511416737 -0.0123202757014957 0.0258913153829979
-0.0522001010915575 -0.0328309155574577 -0.00312238664393762 0.0100599939049719
-0.0532157241769409 -0.0276407111927635 -0.00184625594791625 -0.014095871152471
-0.059098045103742 -0.0445458838341831 0.00553933367453295 -0.0329901104696384
-0.0420451250312803 -0.0681672112988179 0.0210183931836402 -0.047859465946952
-0.0204149168115977 -0.0864610868846779 0.0472434983093281 -0.0423992696171491
0.0265001970184842 -0.0865998198694039 0.0580984486580965 -0.022041088702687
0.0747718445282925 -0.0645957200005069 0.0372177493094552 0.0101960840822813
0.0934233517989704 -0.0469942495677903 -0.00388134218944934 0.00979190655764482
0.0791591042590227 -0.0197649507028387 -0.0505535351602676 0.022178280130022
0.0831873673635076 -0.0361957538155102 -0.0735334096244157 0.000561205261166601
0.0531573369894609 -0.0657528698351994 -0.0742786663010792 0.0103874121164822
0.012330788937252 -0.079776680266485 -0.0570218545317528 0.0246463691238607
-0.0188808948692471 -0.0696272999664789 -0.0398924124864319 0.0239275012164324
-0.0397843269550415 -0.0520770553053012 -0.0375294655415627 0.0188000306646417
-0.0487649264133836 -0.0343778257929934 -0.0336147147492524 0.0117146738153187
-0.0457987153906219 -0.032901309342064 -0.023894480392503 -0.00162124099365274
-0.0448767455968764 -0.0310112956505943 -0.0220835352465297 -0.0256915377513455
-0.0467577245524669 -0.0478955956825464 -0.0112766115881177 -0.0453561666083378
-0.0280019011779241 -0.0677988497852524 0.0106574791285737 -0.0589648982491761
-0.00423812446077585 -0.0806946401416784 0.0431478357648312 -0.0462226907217284
0.0382358254440624 -0.0727324246752029 0.0519317000825161 -0.018020651962366
0.0780866065132491 -0.0468049313571177 0.0219568588105967 0.0170737749575629
0.0868866499491511 -0.0304200898220059 -0.0340230670746085 0.015756638125845
0.0574795163670267 -0.0107935403732462 -0.0815458180297534 0.0299616674204188
0.063037066246732 -0.0247276191274847 -0.0878274343114802 0.0142513354526967
0.0406649332498779 -0.0490840968456375 -0.0745345545303674 0.0127698763142242
0.00768740852636305 -0.0596154205047382 -0.0558137479056528 0.0159258459770479
-0.0142862642336267 -0.0509512933667287 -0.0487328423816921 0.00776120132587587
-0.0293868208005625 -0.0390609435042334 -0.0520108894919017 0.00531580517034691
-0.0358710669081115 -0.0278834537554558 -0.0515986234853703 0.000710222726598054
-0.0318429410635818 -0.0279064616647381 -0.0410651135324852 -0.0125718420055925
-0.0303212552721979 -0.0294843977286064 -0.0371514215735182 -0.0383209634768094
-0.0279174607843554 -0.0436273666539309 -0.0214399550893777 -0.0588370248273155
-0.0106451250107757 -0.0566029192148018 0.0074767891583843 -0.0700553638503985
0.0114591548475848 -0.0626547287118221 0.0425989937396236 -0.0487758912434206
0.0438351960343775 -0.0484379852245193 0.045076283512098 -0.0150620963230039
0.0685095739346713 -0.0230934161042598 0.00837154497138547 0.0164108487295759
0.0669508717119974 -0.0111167990633198 -0.0576101487750127 0.0142015812418939
0.0261659631883815 0.00240228644794388 -0.0998158893683542 0.0375723417291902
0.0341228829810053 -0.00576868066315049 -0.0910350475791007 0.027123050504149
0.0232178613471839 -0.0219049730586458 -0.0725905193716242 0.0154332779850737
0.00561429161830932 -0.0274717481870037 -0.0552002751394637 0.013973813860199
-0.0043522673750702 -0.0246511478717184 -0.0550583161473296 0.00273951415230167
-0.0115845915121338 -0.0206773042642547 -0.0613522682186836 0.000697748798549255
-0.0156850003463547 -0.0168687323237138 -0.0613202643217738 -0.0049003619898606
-0.0132087347431397 -0.0183964910142333 -0.0510652539709434 -0.0214860075033067
-0.0128923998775685 -0.0204142073914437 -0.0447481510720101 -0.0494600451907836
-0.0103861878521375 -0.0287139599791221 -0.0244287504239272 -0.0714519200736911
0.000667084983822064 -0.0348514623833881 0.00958507591697606 -0.079567893277317
0.0172222203091906 -0.0360370188519323 0.0438575119981372 -0.0516457563759963
0.0364211501253544 -0.0227931680314267 0.0406669714185836 -0.0145589555315906
0.0459633255213564 -0.00247081150366139 -0.000267682483287693 0.0105039085023047
0.0373509083323848 0.00509810891745989 -0.0715732757723717 0.00661350303143176
-0.00152966357862815 -0.0146463157855057 0.0786664872040837 -0.00907040987538505
-0.0148681111360401 -0.00701460201778911 0.0115619943036164 -0.0217084999271701
-0.016967741804234 0.00625084402810433 -0.044837279590202 0.00887941518648276
-0.00586530987559141 0.0115561560339365 -0.0581025406219478 0.0507555930364568
-0.002211989313535 0.00909191826935829 -0.0199465230594909 0.0868730770630721
-0.00332619630569769 0.00718887933295736 0.0229371950392928 0.085589996034588
-0.00441058136998466 0.00809487832507193 0.0492367119308352 0.0610463697149981
-0.00794163580169891 0.00616171510490965 0.0629653919175496 0.0307086228387816
-0.00966277187964398 0.00850238167819914 0.066406481175313 0.00666212135655482
-0.0141842454422641 0.00553449965237104 0.0688616644727384 -0.00390256021804059
-0.0123601814599598 -0.00123471980375013 0.0635888754869904 -0.00619904283226596
-0.0114304418089797 -0.00277360263115381 0.064380218077968 -0.0127750575431948
-0.0098661273161851 -0.00787160496965985 0.0706458170242397 -0.016939010880728
-0.00192259749424046 -0.0181286022361472 0.0843043145130487 -0.0164926722194478
0.00741404268236097 -0.0177552575111633 0.104737448667787 -0.0338221629490731
0.0322327474981714 -0.0208424964987836 0.0741777781332146 -0.000376150596496283
0.0192699307119172 -0.017279341408085 0.00777490483019702 -0.0178457978015339
0.00608719738729022 -0.0137508961788655 -0.0462928851539515 0.00986937278188771
0.00459746078522737 -0.0159327282645856 -0.0592300505167018 0.0486645486011779
-0.00442780221548689 -0.0184798963730371 -0.0240236857628396 0.083875726218641
-0.0161032652858872 -0.0158086471496988 0.0157441026775112 0.0834147319748517
-0.0241958879956877 -0.00766495303649879 0.0416873874883167 0.0607949756876351
-0.028636944725176 -0.00732762535465761 0.055625390048042 0.0309016447932891
-0.0307378007696701 -0.00222054279703979 0.0586847211416212 0.00427066913567055
-0.0379180005739775 -0.011163771543583 0.0618551516432852 -0.00970560004216982
-0.029538317629892 -0.0272140998687997 0.0614806116254402 -0.0150291550660678
-0.0189154703344791 -0.0369821276276201 0.0649428219222818 -0.0196749668477776
0.0014711195253561 -0.0424037117448082 0.0692353296714947 -0.0211608981657193
0.0275131909787583 -0.0427747583851527 0.0742269259748438 -0.0166985855314994
0.0438218066444076 -0.0367705423692568 0.0872605923843496 -0.0287261502530033
0.0630533455591361 -0.0233655361544701 0.0559986010629886 0.00467938589147917
0.0536340354097611 -0.0247395991731401 -0.00550792126707974 -0.0181335908564554
0.0301779899710252 -0.0339679985082408 -0.0534553039786218 0.00980089091674681
0.0142079337486401 -0.0441345467090043 -0.0603434167247123 0.0462753473621989
-0.00710273482425285 -0.0450530345673877 -0.0262683111829015 0.0758206150395586
-0.0276358744619968 -0.03727938040979 0.0066299307050182 0.0734178541789103
-0.0404505614154797 -0.0218941282358195 0.0282392688736355 0.0532522869604486
-0.0443972473427412 -0.0192986333817961 0.0401070532151087 0.0272798129431011
-0.046895537113669 -0.0119994738088814 0.0419741123582049 -0.000172897852090434
-0.0559724180951789 -0.0243816563983899 0.0469481339269398 -0.0168865268006915
-0.0438611629119262 -0.0472358066541172 0.0511011384374676 -0.0266836330231228
-0.0279782796819351 -0.064030545858385 0.0618623441504956 -0.0288807960263888
0.00855974075252096 -0.0706978028695878 0.0674491443326024 -0.0242035809902586
0.0499382243650387 -0.0634223599451434 0.0634881855436894 -0.0103945469160811
0.0724745328417057 -0.0514650983918359 0.0611179998522563 -0.0173215562871731
0.083203343299934 -0.0245266546669494 0.0251000122788925 0.00864036530805546
0.0797467160029637 -0.0333574605449651 -0.0269245771062475 -0.0175648401319521
0.0498643940758336 -0.0538918739913581 -0.0632658788519533 0.00818771406769852
0.0184178982303235 -0.0700964392521621 -0.0609771545823518 0.0416081759549596
-0.0119315361273193 -0.0664810464325235 -0.0286884088482558 0.0619102167049432
-0.0378922254721039 -0.0523884158326515 -0.00527344218966515 0.0574101406747834
-0.0517016525331999 -0.0319282975475034 0.009187179192354 0.0407468660195703
-0.0539863182501259 -0.0279708224483294 0.0197802635625296 0.0198774760794954
-0.0554648812738335 -0.0208470879289165 0.02061973104118 -0.00626650632929715
-0.0641187107025371 -0.0352100662038188 0.0265706495143926 -0.0249248444381663
-0.0502232326889459 -0.0615726411353332 0.036469774187373 -0.038421379015487
-0.0310951886301025 -0.0815184367740743 0.0563216421533923 -0.0379127078236759
0.0152048413328716 -0.087567449605759 0.0637764414549667 -0.0247147509694703
0.0659122156058631 -0.073050860890209 0.051731507507813 -0.000263658815590152
0.0894744807786253 -0.0558487414418493 0.0299680584637749 -0.00245528682592292
0.089269654330173 -0.0246872411199979 -0.0126676963585919 0.0148352796171529
0.0912177537680641 -0.0398852525585653 -0.0518896612681921 -0.0110879492789041
0.0573185943134218 -0.0678950164667382 -0.0715051702365852 0.00881809503895662
0.0167886176636211 -0.0850961371808397 -0.0609268553744061 0.033903853687234
-0.0183241667370471 -0.0764125735570872 -0.0335214578805051 0.0432735985868853
-0.0437280171500882 -0.0582600523545114 -0.0205195696841685 0.0382944860860001
-0.055827064164306 -0.0366948753098414 -0.0127757647547258 0.0268708858653873
-0.0552070363506915 -0.0328790878070511 -0.00321328308123204 0.0104205352887093
-0.0551718187041221 -0.0279427167767606 -0.00234226737319191 -0.0151612886581786
-0.0614850008973993 -0.0445371293319051 0.00534585446193343 -0.0342592168909735
-0.0449016376167748 -0.0699653481638544 0.0213627608744071 -0.0500413764076139
-0.022551572391996 -0.0883098798992549 0.0490375617629295 -0.0436729792736287
0.0265319947832539 -0.0887466365336529 0.0589705617791825 -0.0230359008548603
0.0768994188334156 -0.0681273157131127 0.0380002858957506 0.0106395232950337
0.095167545680089 -0.0489830171186803 -0.00283939769170878 0.0105577429968987
0.0810776425045479 -0.0209114535038005 -0.0513865707099685 0.0225479922986697
0.0852264001284876 -0.0383078086992657 -0.0746664371931277 0.000861215584966279
0.0537985268305601 -0.0675243828493775 -0.0764490946452582 0.0109627022178904
0.011445975030678 -0.0822567988816025 -0.0588710156907006 0.0250425992777231
-0.0205592089725298 -0.0709437209643871 -0.0413109354601548 0.0238532975043454
-0.0424368616837271 -0.0527341391182682 -0.0382929035569 0.0201732922782507
-0.051061788467706 -0.0342652349958454 -0.0345834839233709 0.0131134851487421
-0.0478164667548136 -0.0330613708147532 -0.024676023027551 -0.000491598952185932
-0.0466245986538967 -0.0315116226885859 -0.0235083642002139 -0.0259778582207507
-0.0483188367325007 -0.0486754507053729 -0.0125196444068802 -0.0461813157692752
-0.0298690740623561 -0.0697905728419135 0.0104398388593567 -0.0606922302545213
-0.00579530967591991 -0.0824912922755435 0.0444808758910377 -0.0484242918090384
0.0387149097137222 -0.0753729122624478 0.0532177301967173 -0.0192547855372848
0.0794409639761467 -0.0493736643101377 0.0224302386754546 0.0168724842834875
0.0885243157384932 -0.0323238296092152 -0.0341769070308959 0.0168176019497287
0.0584952711728024 -0.0115554961142815 -0.0836645818006441 0.0311300925298668
0.0646731686994103 -0.0261555038965784 -0.0892055412758111 0.0152329226633316
0.0411849796731383 -0.0507834068269373 -0.0765319003523971 0.0132970293802602
0.00701860124907779 -0.0610579171471529 -0.0567916425156233 0.0168955932318802
-0.0159556440652 -0.052255102350519 -0.0494769750630524 0.008655030058596
-0.0306652840809433 -0.0394798961573696 -0.0540652481840407 0.00657984896496581
-0.0371827048339755 -0.0277530351558662 -0.0529939553379888 0.00199057036090228
-0.0336724917397584 -0.0284316290172654 -0.0422152670389841 -0.0119639979423914
-0.0318363374273469 -0.0295213007692883 -0.0389039177064848 -0.0384728320779007
-0.0296875521982355 -0.0439740970251457 -0.0226578790181515 -0.060113783008348
-0.0117966952520498 -0.0582229679158607 0.00681349561254651 -0.0724094649380217
0.0107280413733438 -0.0640527143936555 0.0432170491367565 -0.0506939663684899
0.0441856044348854 -0.0499755912238232 0.0460626206280771 -0.0162719762844679
0.0699764671950101 -0.0246488397754558 0.00863986889239828 0.0167345324639458
0.0684857086051234 -0.0121472053181182 -0.0588331826479094 0.0154690023019789
0.0263328601173395 0.0021876187992797 -0.102236967740144 0.0399279477223285
0.0348246056372276 -0.00646379289306196 -0.0928866256184199 0.027741244815342
0.0237581059080789 -0.0225931942948458 -0.0739729138110568 0.016211357414683
0.00520716060170054 -0.0286095681556307 -0.0562853438624935 0.0139725546190469
-0.00511065999544482 -0.0246956411437417 -0.0561548954779326 0.0024798531437351
-0.0125035920575144 -0.020409092751127 -0.0631076788242199 0.00161353531915643
-0.0161755583982003 -0.0172477574997321 -0.0634146286229611 -0.0031608760903775
-0.0140662471281723 -0.0187416397863659 -0.0526282439796074 -0.0207995444511512
-0.0132913505290646 -0.0213394769053217 -0.0465938678558593 -0.0498095277323462
-0.0107312696110239 -0.0294757034087998 -0.0258344543995125 -0.0729981981666735
0.000514398934976093 -0.0355017438335205 0.00906453181548964 -0.0816457251085411
0.0171288642463661 -0.0371575689436218 0.0452664216268351 -0.0538530662664524
0.0369480381029762 -0.0233831384326427 0.0421146818996083 -0.0155082380315108
0.0473962534403459 -0.00301249421388179 -0.000944395904664999 0.0112788753195086
0.0372166036656074 0.00526175227835579 -0.0728039931112386 0.00863875872508666
-0.0018573043199536 -0.0146792330370302 0.0797336660675145 -0.0119098250489436
-0.0151586085758271 -0.00673727666193513 0.011369158863632 -0.0227688836624106
-0.0167737827143056 0.00718961578529043 -0.0455241917335047 0.0107990103237362
-0.00548673763233165 0.0118635320422636 -0.0580405136784522 0.0544650677315281
-0.00167898138784565 0.00956052125697233 -0.0176088055721185 0.0898990227288888
-0.0025923931842103 0.00714226474041411 0.0272897713731087 0.0862978290521836
-0.00396429239591479 0.00867131498378734 0.053393677247379 0.0602277507794916
-0.00806736427393929 0.00647114339126258 0.0657266810345618 0.0281313618019174
-0.00992810907976704 0.00927959294719777 0.0685873532397707 0.00363849727393984
-0.0145062421011766 0.00635266679548394 0.0705233799156185 -0.00718145003888781
-0.013090278218714 -0.00137625787619107 0.0654843244204442 -0.00805380182045795
-0.011685622587602 -0.00201673503068063 0.0650180847844356 -0.015279334505041
-0.0104252994817082 -0.00771755754793515 0.0713403006285767 -0.0191690590822454
-0.00300667190327744 -0.0186941883424053 0.0855596683200243 -0.0197017636371608
0.00759196063098178 -0.0187827107030733 0.106154466232848 -0.039180548872602
0.0327701591847979 -0.0219507210984834 0.0757351828823818 -0.00422866935149353
0.0193270630843639 -0.0187324202532958 0.00788432303305223 -0.0189930652405337
0.00536853285503399 -0.0136599391390489 -0.0472150159378232 0.0119689892657705
0.00377154907667124 -0.0164595416794929 -0.0595078104216081 0.0524452358751719
-0.00492041754379797 -0.0187910513035507 -0.0213714563783265 0.0858147112326675
-0.0170647301507338 -0.0153752984220358 0.0195259019733591 0.0842575768706393
-0.0248130785898059 -0.00672405147853521 0.0455763115411204 0.0600117754111693
-0.0293850994524372 -0.00621722705115017 0.0582667172912544 0.0289070391014456
-0.0319173506466726 -0.000953389288855784 0.0601039620029531 0.00175283694604092
-0.0391730339812246 -0.00937693226743597 0.0635796723424576 -0.0127798719389276
-0.031597070093381 -0.0269984464329576 0.0626248679568788 -0.0173998480510152
-0.0205840141508197 -0.0373049425710846 0.0655709380595316 -0.0222480522353927
-2.62899548432582E-05 -0.043481234338368 0.0693832525173477 -0.0228094750453879
0.0268477871838827 -0.045398156014758 0.0755482631211487 -0.0191006997377595
0.0440252664965133 -0.0398204411399557 0.0887179268701606 -0.0330815908646974
0.0626477461522238 -0.0256565421740314 0.0569958998499441 0.00214601930546101
0.0541947643059756 -0.0280800045147302 -0.00596408612949522 -0.0185283016149099
0.0295606928280355 -0.0351944639541804 -0.0547013545946694 0.0116610829753064
0.0124907406796809 -0.0459155934145154 -0.0607513722797484 0.0492864554921671
-0.00912247396528665 -0.0457613034598342 -0.0240002383991797 0.0777478704987075
-0.0303307191101446 -0.0366722205578768 0.00936050973372072 0.0743782907553293
-0.0423001739886905 -0.0207567239253051 0.0304730945140542 0.0532896942117581
-0.0470195372792286 -0.0176758046598647 0.042463161142568 0.0255169796135916
-0.0487523863922292 -0.0102891944492091 0.043028267205851 -0.00233977673160953
-0.0585769187045416 -0.0221900382732958 0.0477017483621012 -0.0198156781862483
-0.0471199967690507 -0.0467547014411701 0.0517297226888013 -0.0293531324758102
-0.0314164659476066 -0.0643171133331755 0.0629890805077245 -0.0320738535519688
0.00551180441088722 -0.0727025755721515 0.0676646368859328 -0.0263836677156943
0.0491437153378342 -0.0674566919213608 0.064293199692827 -0.012528454835646
0.0719504042660043 -0.0553385986699313 0.0620932632922875 -0.0199298222634372
0.0832677537727536 -0.0280636059690425 0.0258142481389502 0.00749191694613536
0.0804362519742318 -0.0375647047695545 -0.0274737092646564 -0.017373805036177
0.0486179066183481 -0.0564270991045484 -0.0642901582764725 0.0105875876669544
0.01604351903996 -0.0723877252899499 -0.0614545545209886 0.0444670141636983
-0.0152876434303803 -0.0679953696956857 -0.0267061125809109 0.0640587739168327
-0.0411398582837712 -0.0516377900612494 -0.00286164569583349 0.0586001777076655
-0.0547614085156515 -0.0304352499563213 0.0109254728111164 0.0418554544457415
-0.0568287951004173 -0.0263054240718398 0.0208501745081536 0.0190642482228647
-0.0581742607270956 -0.0188836861290685 0.0204091446292347 -0.0073143231735826
-0.0673659162949432 -0.0330008007895486 0.0265603415358054 -0.0271249706289964
-0.0541756155483707 -0.0613904419201789 0.0358364043569348 -0.0413333317238239
-0.0350290683819326 -0.0822438210465079 0.0564033893596828 -0.0409360158858974
0.012134937853017 -0.0906218404337255 0.0637456113527801 -0.0272884786792795
0.0650365591545097 -0.0781541629216276 0.0523764157938455 -0.00234502587044469
0.089863929930375 -0.0608506660126519 0.0306237729286591 -0.00434916884464422
0.0900654615427112 -0.0286940268342407 -0.0132534698789329 0.0142989287131255
0.0920821514583333 -0.0447552711855912 -0.0529894612939695 -0.0101619035573769
0.0559414133185152 -0.0708719664175922 -0.0729663860862721 0.0115589792099046
0.0131040691589043 -0.087936615354021 -0.0611308124652976 0.0365874659884053
-0.0222407251490483 -0.0771323366879634 -0.0324928684955199 0.0446532581059607
-0.0474802523705072 -0.0570200360610595 -0.019313306090037 0.0395944562054485
-0.0589455950054772 -0.0344951869029931 -0.0125140625302571 0.0282080072983615
-0.0580325639488493 -0.0309771375421482 -0.00261852172087173 0.0104723571553514
-0.0579973429588224 -0.0264755766187883 -0.00349373903487349 -0.0154276053211761
-0.0650233178060793 -0.0426892728714812 0.00412319885433259 -0.0358563529834821
-0.0492269161444518 -0.0697890075315361 0.0195604001920354 -0.0519548492976554
-0.0271718835149613 -0.0892135062833416 0.0493899727022869 -0.0471300245460108
0.0232157465348228 -0.0923305873771171 0.0587850582973826 -0.0253245552733023
0.076100249153891 -0.072783926468183 0.0391589395784792 0.00934468463644345
0.0956066486331795 -0.053383348076496 -0.00231726178074281 0.0108727835453288
0.0815316228431325 -0.024458408174836 -0.0516021397436109 0.0248095507005504
0.0857235358252739 -0.0428182300935141 -0.075533564788716 0.00329926139122373
0.052042504827259 -0.0706384982153114 -0.0774714149237522 0.0137831088952011
0.00786811440627416 -0.0845914540781886 -0.0591163300320671 0.0269449586346342
-0.0240683846575429 -0.0718486995363303 -0.0406590774499436 0.0253894506072831
-0.0458217596260136 -0.0515464257577782 -0.0380785378541536 0.021640890941645
-0.0538783679704748 -0.0327011839220508 -0.0350102686124432 0.0158775247908132
-0.0509240807960451 -0.0315361635111004 -0.0254444329928844 -1.73442060262632E-05
-0.0494796979355566 -0.0304464549201862 -0.024929304171507 -0.026106293204071
-0.0519323840493186 -0.0474106376887029 -0.0144095602543687 -0.0473899192791076
-0.0339346740559385 -0.0702388157291139 0.00856579945400741 -0.0630030113650381
-0.00974454897745646 -0.0843309691201642 0.0445111632113539 -0.0511266978756347
0.0364093771471102 -0.0786481257506501 0.0523859095867819 -0.0214103544891846
0.0793851657435708 -0.0542562995683509 0.0236655326083505 0.0166984317955196
0.0888199446804241 -0.0362544113104624 -0.0338506717009708 0.0193197514950465
0.0588782288694702 -0.0136740397492715 -0.0846227290488438 0.0346921818138346
0.0645260189016921 -0.02924643867545 -0.0899466099304683 0.0189923924435592
0.0396969712540697 -0.052886816613468 -0.0775496569556848 0.0159404830525952
0.00452407193580989 -0.0626540379369178 -0.0579435797189573 0.0187308634297225
-0.0185938439773518 -0.0522914447146248 -0.0503759162358891 0.009976843717468
-0.0331753267834282 -0.0386280136804309 -0.0550918933231224 0.00940712288647095
-0.039333179112482 -0.0260792815249912 -0.0544866842864422 0.00573131107040121
-0.0355100931353303 -0.0273463490278636 -0.0434270468345794 -0.0104710996533467
-0.0340954031346676 -0.0295160329854154 -0.0417350790129958 -0.0377568658035267
-0.0322235056684635 -0.0439428668280437 -0.0255712618555725 -0.0608922811894159
-0.0150873063377233 -0.0587826405406506 0.00435182624267492 -0.0741249621600984
0.00833154930442582 -0.0654421928602457 0.0430530199895044 -0.0546999791305261
0.0433804139225734 -0.0531628951083767 0.0461868604554544 -0.0180262781395101
0.0709412002906912 -0.0282558992107306 0.00901149578136834 0.0173743375893352
0.0689533986761805 -0.0151146907338975 -0.0588345550282702 0.0193060224492256
0.026106018590599 0.00167670436821026 -0.103051157348848 0.044193915637757
0.0350463613442561 -0.00809295760520851 -0.0934807828357438 0.0320571697050647
0.0231204451353034 -0.0235418639685032 -0.0747612668618322 0.018739121756616
0.00431208561305384 -0.028827973593786 -0.0573474709216985 0.0159510959692489
-0.00632734087669221 -0.0248222468897882 -0.0572879666055423 0.00432610213658264
-0.0135607290835696 -0.0200251104174951 -0.0648805630927069 0.0048312055986089
-0.0174092027478699 -0.0169039066536413 -0.0646391174113975 -6.57145855884075E-05
-0.0154506936933953 -0.0183501387988578 -0.054878639986378 -0.0187279825026028
-0.0144563861555639 -0.0215816588590103 -0.0507276787627322 -0.0489386903556938
-0.0124694291460094 -0.0292658053144562 -0.0294173314696803 -0.0736778263803572
-0.00116022499084848 -0.0363566911029163 0.0057450290636061 -0.0840839842727507
0.0155378299640919 -0.038283319777207 0.0443908516682918 -0.0570915156140879
0.0369442747517812 -0.0253081203895715 0.0427002526116295 -0.0175085018811397
0.0478733980899908 -0.00487915656198262 -0.000139052214269546 0.0116265429749634
0.0382078007147455 0.00380854085234644 -0.0735252596360465 0.0127815955192515
0.00427492727362287 -0.0144342021578488 0.0775864709591347 0.0249129882019561
-0.011091833712292 -0.0130693677085025 0.0214335495816277 -0.0157875556360251
-0.0176691385284321 -0.000126314265697653 -0.0447726214240179 -0.0103703241530447
-0.00899578445438067 0.0075874804715582 -0.0764930750422 0.024337752127513
-0.00465602183049769 0.00651781108234311 -0.0554374135545727 0.0724412091977481
-0.00507872477779628 0.00487247762013684 -0.013972695603443 0.0892601923645919
-0.0071474718584094 0.00616380755466577 0.0213885187438899 0.0768852075588958
-0.00994225852569258 0.00218501956999562 0.0460275567923281 0.0535975152731004
-0.0116659449885995 0.00385516203735237 0.0593842137760397 0.0323796094651645
-0.0156174030261244 -0.000898851511639783 0.0666341264068842 0.0239813296942708
-0.0104436463571759 -0.00708654901042194 0.0621326990160775 0.0213538363326621
-0.00848696376039069 -0.00811247838843173 0.0646751883198743 0.0156346317281558
-0.00426829389350793 -0.011727923902501 0.0721239546811037 0.0154644285511366
0.00720974642636982 -0.0181341517774033 0.0863266987992387 0.022411263792353
0.0147589797643856 -0.0137367059946294 0.114250187754443 0.0153530138430624
0.0385398951235349 -0.0052081090489781 0.0698698520388403 0.0291895001149474
0.0262858012161173 -0.00821518378375948 0.0146943712983719 -0.0140943048330045
0.0119565614790197 -0.00952811481875867 -0.0476005047954405 -0.01027652928664
0.0113778167711648 -0.0131906066788159 -0.0779545247464725 0.0205974377454406
0.00476343658866547 -0.0199442924015153 -0.0589342345578479 0.0679911812636064
-0.0078925556808603 -0.0215632943237892 -0.0206440245270011 0.0844242399719579
-0.0192757670890063 -0.0163314086343279 0.0140158249676674 0.0740344367143566
-0.0237989791597252 -0.0189843083676635 0.0394938953221659 0.0507534205335511
-0.0278747101818792 -0.0151462339857574 0.0527924622667836 0.0263799424286333
-0.0311046864739654 -0.0259164563620361 0.0622549748981934 0.0151782698413052
-0.0160683076388997 -0.0390424174028188 0.0644858046440013 0.0110555525984035
-0.00176290849355947 -0.0436048435106877 0.0687603956320271 0.00884907855531144
0.0207243957512169 -0.0391450845044416 0.0730881621698401 0.0114080400530169
0.0456344468028113 -0.0295968364952069 0.0775934357394821 0.0196900985275454
0.0566890126198182 -0.016784107940294 0.0959452561344773 0.0134959473087359
0.0672061635647543 0.00419562481099013 0.049762424884297 0.0251938591449201
0.0613135166949246 -0.000808387380895778 0.00155251066700749 -0.0200376366625427
0.042769369588785 -0.0176545705569984 -0.0555434836140675 -0.0142233699637322
0.0317195114841915 -0.03559594563841 -0.0783873698763178 0.0164278664302132
0.0131488745598801 -0.0457231675729975 -0.0583018658495502 0.0591027848104478
-0.0104139860412805 -0.0466660741182678 -0.0249230351061494 0.0718856438098309
-0.0290671322928104 -0.036635316980598 0.0035964655216859 0.0617618445119912
-0.0350234290990113 -0.0373562347923761 0.0262038424720688 0.0409468448050567
-0.0396381433836755 -0.0308323504828032 0.0398812175901068 0.0159769846216106
-0.0431627216519855 -0.0454480562552187 0.0520982364927462 0.00172179649087506
-0.0221487799938366 -0.0640858697182947 0.0603401014074163 -0.00596216534790885
0.00036090713647452 -0.0715939759871491 0.0713042931477282 -0.00292357880440685
0.0389245111632565 -0.0627233208298388 0.0730734347636603 0.00691181297675376
0.0748293784034917 -0.0397879746822709 0.0652370668291824 0.0207850129372189
0.089195373350049 -0.0179614338749617 0.0655009338055437 0.0130315747454497
0.0876017695461654 0.0120601274126027 0.0191284038083765 0.0157350100488983
0.0897649952802449 0.00177821287408385 -0.0184539416600124 -0.0286437394979807
0.0695946766631856 -0.0284650450740532 -0.0645800084510513 -0.0195840933889816
0.0464276867745493 -0.0571841793990234 -0.0776900566564369 0.0116773640274626
0.0173837798615544 -0.0669881094995481 -0.0554518450558055 0.0453012404254916
-0.0141395926573634 -0.064699509630712 -0.030127946463353 0.052546400445632
-0.035868341228096 -0.0507902114396259 -0.00953404965828332 0.0432224691210674
-0.0401387665763261 -0.0489111635053185 0.0102209036028444 0.0257136731308486
-0.0438537469761397 -0.0425557417126648 0.0213320398827518 0.00149701128839696
-0.0470737640302203 -0.0589551501580216 0.0359900542539598 -0.0145332352577804
-0.0233498551535306 -0.0798440153671187 0.0515775624086867 -0.0237286551551191
0.00466429485543508 -0.0888611467339741 0.0707118722321032 -0.0140184310126063
0.0524011743372882 -0.0763137419458525 0.0713339660890207 0.00482068954605414
0.0939360082562406 -0.0411418496772563 0.0492273013905077 0.0250957926711033
0.107094150152722 -0.0148099926436005 0.0293255663962891 0.0128706156782449
0.0936162034987758 0.0149522989239045 -0.0196477115478904 0.00422021965249156
0.103546185787769 0.00087722527479512 -0.0458778762546603 -0.0339421905990838
0.0833677066835531 -0.0379912449528195 -0.0730800589158238 -0.0228809320246452
0.0504470214498981 -0.0721851217448082 -0.0734393135437363 0.00462972260053907
0.0154673413859489 -0.0787150297620224 -0.0528338421536215 0.0254878912411895
-0.0180456027468194 -0.0719686237288913 -0.0364630125256694 0.0283689585294345
-0.0381636748510875 -0.0567534579548058 -0.0246053148363569 0.0211788387564043
-0.0396581996082937 -0.054564677201444 -0.00701583168568612 0.0080131823680227
-0.0412908853195737 -0.0491749773073157 0.00347721422411481 -0.0157329318226656
-0.041027321596142 -0.0656861377060798 0.0200725879315521 -0.0314610417434105
-0.0150262405163996 -0.0852943130452668 0.0416654890252007 -0.0401078627083354
0.0145414822886063 -0.0926498534683706 0.0669003246009736 -0.022637732808817
0.0636697237389635 -0.0729538295553338 0.0655682800323397 0.00410801344636501
0.101003184460924 -0.0325308031456386 0.0317162823110657 0.0296152086671992
0.109245975261098 -0.00617315309793111 -0.00755377568885247 0.0107931573052697
0.0849087547355009 0.0147226032210123 -0.0585949894078212 -0.00372125329796078
0.0978081912802245 -0.000875473368937062 -0.071928851919158 -0.0316421138768035
0.0792974654288143 -0.0397409617929408 -0.0776917650302424 -0.0228816021358273
0.0446263126204949 -0.0713526997644596 -0.0676673449562543 -0.00264013574942862
0.0105744520495188 -0.0746982113439171 -0.0507379248316073 0.00403126946552368
-0.018356239856764 -0.0663073340648559 -0.0455085032028965 0.00374828737179043
-0.0352048353207195 -0.0524774804244816 -0.0391422057923556 -0.000693115145993784
-0.0325223245122726 -0.0509131217551226 -0.0229870377110622 -0.0106525000400425
-0.0315994259051251 -0.0490975455063276 -0.0114574081481066 -0.0343217731025948
-0.027283404761888 -0.0649019205464477 0.00787126230927137 -0.0490491543483453
-0.00143626539990087 -0.078690153164396 0.0369890186847224 -0.0544433345687736
0.0276329450679077 -0.0800944383185381 0.0646828529108254 -0.0280167727834452
0.0683775523908136 -0.0544583469128807 0.0580991385749972 0.00537738742243623
0.0956535250041126 -0.0136422762281775 0.0133390417426032 0.0286086912094447
0.0954530761327197 0.00637099399411634 -0.0391997924900903 0.00333886597498331
0.0596167711990993 0.0140863069229852 -0.0918754948183169 -0.00871771321996227
0.073104180692977 0.00210559438289903 -0.0907907529551362 -0.0238973806073917
0.0601966554177249 -0.0292416577137133 -0.0782086140314178 -0.021099223632225
0.0313922930887751 -0.053180689316771 -0.0618324383605053 -0.00967419014693085
0.00657531738473818 -0.0547015867487233 -0.0518606520941614 -0.0134726229269947
-0.0137283042384892 -0.0483543182998167 -0.0550273527851975 -0.0158317570622954
-0.024530096188132 -0.040197034354832 -0.0516638696556922 -0.0182768953016865
-0.020830600212265 -0.0411363506974885 -0.0343791191659445 -0.0277011903046919
-0.01859580899616 -0.0415641756660083 -0.0209815362934769 -0.0521157846789363
-0.0115018394309917 -0.0536739464838286 0.00373922796294261 -0.0660595432059643
0.011031728845463 -0.0597459320623801 0.0375717689338676 -0.0663827456376287
0.0354527348219043 -0.0552932332682373 0.0656013085717579 -0.0307327712125944
0.0628459727825564 -0.0288834817383412 0.0517840941559593 0.00559612420991593
0.076224552986251 0.006019713416009 -0.000678084024272098 0.0215118950232136
0.067879682127272 0.0169930563478693 -0.0618597123487348 -0.00870522103755496
0.0237420612231344 0.0139461129218031 -0.113592983574239 -0.00662968548997187
0.0364903775036008 0.00876110458894169 -0.0983305986323257 -0.0131970812721485
0.0319470977391175 -0.0101527338579953 -0.0763208657937299 -0.0169955245995376
0.0167020679534705 -0.0228115519793769 -0.0587519882653981 -0.0124754261106548
0.00534898030242909 -0.0240913480549015 -0.0551353731291169 -0.0221080364265445
-0.00325835470640066 -0.0231764494130488 -0.0616549601815334 -0.0244210465472511
-0.00944738806407092 -0.0221280741023989 -0.0591594718220777 -0.0281033539019535
-0.00624263145415821 -0.0241329425298921 -0.0409642809017149 -0.0406333333634636
-0.00420499627941019 -0.0254474478740178 -0.0240486588603662 -0.0646917621538477
0.000771461860697685 -0.0324446925282089 0.00601098496344208 -0.0781928497656057
0.0136232294253068 -0.033818078090169 0.0427760552863434 -0.0730074197099927
0.0299047662907757 -0.0282084178147963 0.067412041421715 -0.0320841010954974
0.0445936774918495 -0.00632826210595671 0.0468495867231634 0.0040435292381396
0.0455488182330795 0.0164745338368409 -0.00640378546432176 0.0115011911015198
0.0319542288614868 0.0202789224756021 -0.072282352422028 -0.0219568363571137
0.00438013891552061 -0.0143538725034143 0.076683507016279 0.0204474249068326
-0.0109867376679963 -0.0127316248102921 0.0206368794748817 -0.0163988641532642
-0.0169592421172416 0.000306008514215452 -0.0440467087366684 -0.00791371369948595
-0.00837140153328076 0.00768418303771872 -0.0736347113170494 0.0267767580172964
-0.00399502164194164 0.00670118325412971 -0.0515202531421032 0.0733881133604127
-0.00427673211058465 0.00495940696832302 -0.0093614979069128 0.0876581155944217
-0.00622230740397466 0.00599171561093348 0.0249821877905178 0.0744537948360285
-0.00947126947307712 0.00288169199894421 0.0479031224995627 0.0499019485269578
-0.0115919478165837 0.00441414979239124 0.0604578277991815 0.0287811042003203
-0.0153102729566804 -0.00026604115812288 0.0665900774230835 0.020031181218387
-0.0112449166543624 -0.00665940943099544 0.0623087284132499 0.0183242186484464
-0.00817826115028114 -0.00752246562470324 0.0635805510996315 0.0132988887122903
-0.0046089733518569 -0.0118565256733182 0.0705108747115299 0.0132228948888301
0.00588864461934572 -0.0183729505346135 0.0858611912651059 0.0195385962994719
0.0145513364547853 -0.013935271660058 0.112564088651248 0.0096829224370133
0.0377450321674699 -0.00715256131074407 0.0696120421853115 0.0249409185859829
0.0254129421109005 -0.00932413686433669 0.0147179202004183 -0.0150758398314633
0.0111618495844097 -0.00949232805117547 -0.047368818055224 -0.00830961353709201
0.0100442898540631 -0.0136141202302374 -0.0749043666615437 0.0235521576267066
0.00359287209276117 -0.0196942841113243 -0.0545822118408754 0.06904862779331
-0.00903973165133969 -0.0209961987902518 -0.0160728157610769 0.0833813122234512
-0.019512364083465 -0.0154989128491141 0.0172152735686856 0.0710380157286371
-0.0245649177184626 -0.0176783338756381 0.0411913054473747 0.0470078042936031
-0.0280689748426952 -0.0136269613994962 0.0531161284858873 0.0233781762239957
-0.0318792127774265 -0.0233568538413579 0.0628986228285103 0.0117625546027714
-0.0183270540856261 -0.0379744331449042 0.0638868341465821 0.00759240407750535
-0.00309287154802537 -0.0422396285662096 0.0682437496753046 0.00546836319797574
0.0185054228409919 -0.0393469403810437 0.0710328969557852 0.00888130045164262
0.0432847050440212 -0.0308906328147433 0.076278965064932 0.0163601196523303
0.0554640064234151 -0.0184779802042533 0.0942130017640112 0.00877127840753314
0.0665805200033258 0.00191897540963541 0.049483151678454 0.0221534296767311
0.0602079854942501 -0.00479806516585691 0.00148419013002035 -0.0202955660551658
0.041311480081152 -0.01912395861151 -0.0540763627510333 -0.0117973648682676
0.0293886932356414 -0.0358959386930648 -0.0762906943723357 0.0195019344284883
0.0107893814061962 -0.0454476389570745 -0.0545237655169826 0.0597436599202773
-0.0123370935885797 -0.044901116325396 -0.0213639182170391 0.071179872626433
-0.0303459897182946 -0.0342941379206617 0.00624615357656281 0.0599168753200377
-0.0365018987355762 -0.034347835525015 0.0276015275334938 0.0389053510925993
-0.0401835581705044 -0.0285671706759106 0.0393957188360521 0.0131338019744331
-0.0448042700473452 -0.0422809205510779 0.0508078035915298 -0.00138868177715141
-0.0255521826824834 -0.0622333146299512 0.0596446375857089 -0.00843779763049302
-0.00279769143729986 -0.0707836797409672 0.0694674489392758 -0.00538910787935777
0.0355886341432508 -0.0639851760236682 0.0713639481198995 0.00449394751320479
0.0720148649215598 -0.0421978668223142 0.0639190965162445 0.0175905373181663
0.0869390759430652 -0.0218489935107289 0.0643467737497954 0.0100550228095887
0.0856927125138458 0.00838584596675446 0.0191318779180228 0.0136896131319452
0.0887795683382962 -0.00223172220443063 -0.0189816334416492 -0.0286270016571216
0.0669824171035808 -0.0305400246230353 -0.0637399876129899 -0.0174452980301956
0.0427561838570635 -0.0584311441412455 -0.0757701135646528 0.0142691659678835
0.0131708694021782 -0.0670262588685767 -0.0524547929055178 0.0459788994292846
-0.0168081363319072 -0.0623325125659516 -0.0271037653679908 0.0523403745554912
-0.0378291394801728 -0.0482669071719695 -0.00737937668173392 0.042181519959783
-0.0421978835425383 -0.0461371597859674 0.0110094860858973 0.0251479951813128
-0.045383642140611 -0.0397539706529259 0.0213405486110441 -0.000153219977749444
-0.0487973536130493 -0.0555426047700027 0.035050689561251 -0.0164437945900997
-0.0272554415949196 -0.0776338555613489 0.0497772148887192 -0.0255920816535097
2.48002975796564E-05 -0.087894691916022 0.06863858978389 -0.0165305806703798
0.0479244996802174 -0.0770529813272432 0.069195397244747 0.00226837310310386
0.0908976714443054 -0.0448664451259491 0.0491594456276077 0.0224432636002988
0.104091180436801 -0.0196675546395981 0.029878656263543 0.0118672524323503
0.0918842564246254 0.0108613087800446 -0.0187599852326686 0.00442121405779842
0.101875275242489 -0.00394759423649136 -0.0454231700260445 -0.0316560656715592
0.0798089545567932 -0.0403509218341589 -0.072103732079829 -0.0196975995084138
0.0460817186025761 -0.0730580315386778 -0.0722348546563918 0.00740898636188536
0.0107327835632894 -0.0782014584882078 -0.0501262019531717 0.0269169039640344
-0.0209638782481798 -0.0690986971663102 -0.0347841514940021 0.0285970502655794
-0.0404124370336311 -0.0530004180341612 -0.0228877489100365 0.0216522158366092
-0.0417560287183745 -0.05103262648163 -0.00654435721796796 0.00790357613004981
-0.0425832504755554 -0.046345393359726 0.00254350687649329 -0.0161081268004819
-0.0435919589440071 -0.0625714462242767 0.0182204856263847 -0.0323640359863462
-0.0194050797589265 -0.0835696521971763 0.0397623019132294 -0.0416376551444337
0.009612697559219 -0.0909938201198029 0.0651384474466194 -0.0250590194113751
0.0584748194618477 -0.074315658223014 0.0640603853819468 0.00215648843584016
0.0984665655208874 -0.0362808165999655 0.031466935550459 0.026968898480916
0.106243326134939 -0.0107692705986509 -0.00620811718636378 0.0112442491493511
0.0828379140185963 0.0111605461223501 -0.0578036447752251 -0.00147506125512837
0.0955936858189406 -0.00490190788058739 -0.0708644470227873 -0.0285112344276992
0.0761059033425293 -0.0419526168309314 -0.0768179862520618 -0.0196373211224965
0.0408804526856295 -0.072050886343011 -0.0665527857596588 -0.00065311517389232
0.00640990138605736 -0.0741905127581597 -0.0497673673027686 0.00617337648290864
-0.0215585139379372 -0.0635409993849014 -0.0444997130452988 0.0055589529562642
-0.0369701671791852 -0.0490066671548063 -0.0385365615600116 0.00139767102288956
-0.0349200877421632 -0.0483934301575089 -0.0226120983528375 -0.00967985965987703
-0.0338622271802875 -0.0468228083545239 -0.0131053434564561 -0.0331674663205899
-0.0302353769039075 -0.0620848632343491 0.00622743591057009 -0.0491110672516628
-0.00538516485869017 -0.0773049893638553 0.0333364764759379 -0.055653519082265
0.0231040127448084 -0.0793284417283647 0.0631023180480939 -0.0303227515672798
0.064595217689766 -0.0565983121975249 0.0566554583113875 0.0027479529505895
0.0933144270292231 -0.0182386566445572 0.0141012566854705 0.0279996021275624
0.0930429086578425 0.0022050574098087 -0.037761926172183 0.00568108656682741
0.0584161360254927 0.0116586772558724 -0.091072524700206 -0.00481647259817051
0.0714772137542537 -0.00136406164434392 -0.0894140358396628 -0.0206216428945786
0.0580927613244387 -0.0316266964249552 -0.0768281597425418 -0.0178259854042192
0.0289325514374953 -0.0539311897743085 -0.0608446062055192 -0.00744037285575487
0.00374336168647168 -0.0538508399458483 -0.0511377144542673 -0.0118892049575534
-0.015284537449985 -0.0465381618152542 -0.0546462296258953 -0.012993939888483
-0.0260035823605247 -0.0377730728835593 -0.0511360725774437 -0.0146660234360732
-0.0229436560363669 -0.0388797270871441 -0.0347328948809044 -0.0255733587434336
-0.0204299760173199 -0.0396320488714809 -0.0229009718804491 -0.049863683843639
-0.0134949291325229 -0.0516716468845901 0.000868481683780188 -0.0653007200425122
0.00748749337239366 -0.0596792516400376 0.0343712690207793 -0.0666526652977797
0.0319129311674226 -0.0559838527030396 0.062909754354887 -0.0330762877020352
0.059999306883799 -0.0309917382120103 0.0498657185884962 0.00320982879995128
0.074751222197838 0.00204195226345198 0.000420755899094911 0.0215787982809762
0.0667749794389436 0.0133504390747978 -0.0605930025670199 -0.00471201912140053
0.0236654613728101 0.012682045698282 -0.111548577806089 -0.00250404929810163
0.0358000960071583 0.00638880941509733 -0.0964165879908937 -0.00918210895437215
0.0307534932926794 -0.0114030532417085 -0.0748969389202436 -0.014387662696686
0.015423325274613 -0.0230379367169337 -0.05817836406597 -0.0099898474149038
0.0039223845208766 -0.0237592119964084 -0.0546404181570021 -0.0198394906270128
-0.00419707899085402 -0.0220532791987898 -0.0617745650840732 -0.0214517357529762
-0.00995380046679971 -0.0211988893042097 -0.058830355119878 -0.0237679301444928
-0.00752372351362278 -0.022674244007711 -0.0414245395699562 -0.0373526726603931
-0.00576044093819991 -0.0249346094741749 -0.0265840367472691 -0.0627302347112323
-0.000992023027743958 -0.031177624112816 0.00220582038427116 -0.0769901773889972
0.0119174763201927 -0.0328117959699662 0.0386991255821305 -0.0737399593867995
0.028077027745847 -0.0288284803928276 0.0645758563114773 -0.0340089900467354
0.043449310754079 -0.00805922679819574 0.0463195081313623 0.00208260181629768
0.0447929294591624 0.0139593293902072 -0.00592575807609532 0.0122209741563823
0.0316058056959618 0.0186515452122127 -0.0707734783768792 -0.0173029910241865
0.00398782093045556 -0.0137843161420316 0.0748972775271119 0.0179290565265243
-0.0106558850765642 -0.0123839828706347 0.0201252477485984 -0.0173468217719534
-0.0164190735386975 0.000455198185236262 -0.0428671860740851 -0.00685455185622834
-0.00785714794694011 0.00789961642028761 -0.0715262067434875 0.0277494795331914
-0.0036685100703797 0.00651592552570958 -0.0487300482978777 0.0725299503573557
-0.00433447514874611 0.00468376884621789 -0.00653177314129419 0.0853202015805604
-0.00591572187028505 0.00584555659170108 0.026498152907555 0.070866983220523
-0.00944329250326155 0.00277510063916122 0.0480974488663558 0.0467733077418051
-0.0107018387408474 0.00451077286962141 0.0592601542641217 0.0259194165334254
-0.0150127244246046 0.000125570824341061 0.0659632939082606 0.0178681372201642
-0.010794609179975 -0.00668912110352923 0.0621892057223943 0.016593041232526
-0.0078594973824764 -0.00727362475772911 0.0623491747144619 0.0116878633046653
-0.00442220462950439 -0.0114441179142731 0.068485322751864 0.0121161398233385
0.00517209468485919 -0.0184963281325546 0.0835764348921062 0.0171697121492708
0.0138014055419016 -0.0139343635692147 0.10995925458956 0.00624456194693518
0.0366355365612431 -0.00761432450584165 0.0681173908396303 0.022193192785829
0.0244698157462754 -0.010626153506688 0.0149578841054699 -0.0154808421561273
0.0105949376033798 -0.00961137712704755 -0.0456918167925494 -0.00677755764926197
0.00922284802390703 -0.0134616197776999 -0.0726453709192193 0.0247197277225959
0.00287061209502434 -0.0194553308836396 -0.0514379029429941 0.0679901447832556
-0.00929984890309878 -0.0202378497158321 -0.0131469655650901 0.0810971515614669
-0.0196682132083361 -0.0147144095212913 0.0190306197367071 0.0682597170657586
-0.0249254764589358 -0.0160787522248753 0.0405560065862595 0.0446817918590761
-0.0275664048932982 -0.0124025166087344 0.0525795476569171 0.0208143371102627
-0.0320534442627542 -0.022098276095131 0.0618043771278274 0.00890220972364485
-0.0191949322477274 -0.0370295471023933 0.062785794144595 0.00588428730741319
-0.00407773653885673 -0.0411895448004953 0.0662381753093106 0.00390798479200142
0.0178052527716133 -0.0388604470303662 0.0686798515221346 0.00742855226212335
0.0416286616369327 -0.0316223930636155 0.0740522107450859 0.0143357578852136
0.0536256953473877 -0.0193976907311466 0.0920549787443881 0.00583597120610729
0.0642813987326287 0.000375565902713504 0.048430074292288 0.0197186740727649
0.0590186146029893 -0.00664038077641914 0.00161825537992625 -0.0206625801394041
0.0398462692710113 -0.0191660189825436 -0.0528779984888106 -0.0107357994159164
0.0271736354924661 -0.035975293322864 -0.0737544043317067 0.0209771879803186
0.00905597192952978 -0.0444697033578345 -0.0516477139701823 0.0593230802823905
-0.0137035977433168 -0.0431478950845733 -0.0188038774330411 0.0697470541967195
-0.0302280965436121 -0.0324834864007656 0.00767662549640166 0.0579518408202162
-0.0367600133521778 -0.0325116864117584 0.0282424162562792 0.036480905607279
-0.0399510695968912 -0.0267065012268604 0.0384388211945133 0.0114811912803739
-0.044827653578552 -0.0394606141711984 0.0501067950178309 -0.00306778721579756
-0.0268874226863978 -0.06036024785925 0.0580426132011077 -0.00943451820106617
-0.00475817941276256 -0.0687652916952365 0.0679583618355499 -0.00669792378720538
0.0329658263155077 -0.063185938745324 0.068629650565425 0.0034088732594007
0.0695962488006521 -0.0431922971510541 0.0622638640790381 0.0159390755516345
0.0841094171886308 -0.0229937982879084 0.0637724041502578 0.0078550118761786
0.0828330633056827 0.00651443550453657 0.0187885882693807 0.0119708643758392
0.0861303404446539 -0.00478827556736719 -0.0183466264185478 -0.0282194438464041
0.064786172308952 -0.0302080283150908 -0.0616349541927323 -0.0153500574902507
0.039488086783699 -0.0582771291090058 -0.0734460172858675 0.0155498325290365
0.0107263279051592 -0.0657991890966275 -0.0496146447488985 0.0458896791591633
-0.0181351426874405 -0.0597802810332021 -0.0247863844807692 0.0513200668604443
-0.0380257651776121 -0.0452006306873153 -0.00638620637159777 0.0416874440369525
-0.0424877005854788 -0.0431900960665677 0.0114509731604982 0.023911918835835
-0.0452440652397757 -0.0375180704443096 0.0201757468344978 -0.00043863226962581
-0.0492864055800846 -0.0519005422065753 0.0337413515987275 -0.0171582150750998
-0.0289842560444058 -0.0755804133903327 0.0484321524027581 -0.0265044443581997
-0.0024751566948536 -0.0856650672005965 0.0665243946414186 -0.0181330910174323
0.0449710742161128 -0.0765225837408539 0.0666539138189755 0.00125999510492121
0.0874218907126507 -0.0465675829954656 0.0476287035144252 0.0210282960303633
0.100846884447698 -0.0217107353024786 0.0298134388224629 0.0110962887216149
0.0892455418559954 0.00887382356668105 -0.0182315153633497 0.00389993083927448
0.0991138270461585 -0.00719413719343964 -0.044170242691169 -0.0309309656789809
0.0764844032301673 -0.0407367690812118 -0.069913015427117 -0.0176933275929272
0.042854220313471 -0.0725356705852016 -0.070328689604871 0.00884379877455698
0.00777278106481974 -0.0772160310748627 -0.0477298667615442 0.0266126008139298
-0.022423293668675 -0.0664318908904544 -0.0333766183637492 0.0284810635785538
-0.0403855257809565 -0.0502066970373565 -0.0216578136751923 0.0221110633913215
-0.0428045846919901 -0.0482239045777283 -0.00592244710595615 0.00794726138153244
-0.0430976657143906 -0.0440177913583877 0.00183555303677889 -0.0154900762175513
-0.0446879901341928 -0.0593372445149072 0.0168126859009606 -0.0326378250548251
-0.0222214879343782 -0.0808649113800472 0.0376566010653191 -0.0417830180655896
0.00636231159186286 -0.088889428326412 0.0635778868271213 -0.0266104501780265
0.0549860498858358 -0.074283004392815 0.0614231578764909 0.00098367563527228
0.0948869490739749 -0.0380538127815203 0.031291404503588 0.0257070509026031
0.102841825398837 -0.0131359643817597 -0.00501171968032021 0.0114549926465582
0.0801226358416885 0.00920828302658644 -0.0563780948475099 -0.000587111955339976
0.0929628330970872 -0.00720219707894392 -0.0688170417007704 -0.0266124670911115
0.0728455403498092 -0.0419779067096307 -0.0745738766659472 -0.0177432908023816
0.0373114474015118 -0.0711098903417406 -0.0652418340229127 0.000429442850814746
0.00380332171817605 -0.0724536045377233 -0.0477781040847012 0.00589307709466324
-0.0228311467036043 -0.060754900151872 -0.0435921013829236 0.00593950697508344
-0.037116863355364 -0.0464128805060786 -0.0373099536735361 0.00335053694069993
-0.0355495232625682 -0.045731600104557 -0.0220454302688894 -0.00879245018984732
-0.034786940332941 -0.0443036966496519 -0.0140398967803648 -0.0314896328302616
-0.0313958505038614 -0.0596194612664125 0.0041613067204131 -0.0479897490228399
-0.00816178970377176 -0.0751811880726874 0.0310830977645041 -0.0555200749286439
0.0196270893514214 -0.0775712971618527 0.0610678736816245 -0.0315023445635256
0.0607150189038211 -0.0571743698267394 0.0547815001562111 0.0018697544252653
0.0909609141832757 -0.0204607156672743 0.0143589535328292 0.0263648936157269
0.09018379106939 -0.000468020193831279 -0.0362286303530912 0.00707828306907792
0.0568252783917307 0.00964475474470886 -0.0885056874196559 -0.00292073564853187
0.0689540279083075 -0.00324308015342208 -0.0859730933775817 -0.0179643581169872
0.0552163987101497 -0.0313183798082721 -0.0749057662800096 -0.0160653885029441
0.0264202858457833 -0.0531621613672236 -0.0593044217045905 -0.00596563426993872
0.00154557458817045 -0.0526086708233331 -0.0498816138007136 -0.0109748761909319
-0.0165194504392523 -0.0441345616928569 -0.0536308552792798 -0.011459979386617
-0.0261325260508716 -0.0358895464445119 -0.0505290995978403 -0.012464871694626
-0.023366759716123 -0.0365156365367442 -0.0340223923372028 -0.0239555848061114
-0.0212731262931812 -0.0378928251121854 -0.0238284610856706 -0.0474028841701276
-0.0150346705748015 -0.0493137431802822 -0.000888059261221495 -0.0631666725045362
0.00536608586987244 -0.057720388284417 0.0311938453838558 -0.0657756706467463
0.0287371178579929 -0.0550633578265545 0.0606349234238623 -0.0339548221913352
0.0571710977245173 -0.0315694012514524 0.0485801309520057 0.0022971350051243
0.0727504688332132 -0.000508532148372003 0.000795880957054659 0.0211994498419645
0.0647964163793868 0.0113032356455559 -0.0583674464276227 -0.00241176734654493
0.0228161512429518 0.0119853116243285 -0.108119671095853 0.000480329236247905
0.0346758136709062 0.00551200142188929 -0.0930131710704133 -0.0072061854625574
0.0296258838617824 -0.0117119165885919 -0.0729140941993401 -0.0124713654752167
0.0143624135623334 -0.0222847442509633 -0.0564470723883975 -0.00864078741268723
0.00341058948550341 -0.0230057749708335 -0.05353325307241 -0.0184721521746105
-0.00465959215125157 -0.0207126485459911 -0.060612376010929 -0.0186654707377429
-0.0100002868910208 -0.0198636927111222 -0.0576627029911673 -0.0210451922185966
-0.00801843679301856 -0.0219324634798224 -0.0410917173246196 -0.0351510262164153
-0.00683976927689341 -0.0238702757700508 -0.0276565154353636 -0.059890064479606
-0.00207824256015754 -0.030172188593092 -0.000494147610116189 -0.074735534227191
0.0107102236951921 -0.0325191231988936 0.0353350728185212 -0.0729642704019507
0.0263339764016687 -0.0285041058460352 0.0625425533360498 -0.0348868672298491
0.041589293219177 -0.00905213731414921 0.0451172211166762 0.00078385845794679
0.0440032769977329 0.0127404923403746 -0.00531558983354989 0.0123954703798642
0.0306136775920829 0.0169999994692989 -0.0685183836097994 -0.0142823953933506
0.00412351493533747 -0.0141365566524636 0.0738148937779123 0.0162580320438421
-0.0109475909703482 -0.0126092788970308 0.0202188680288913 -0.017595220511425
-0.0160023947153307 0.000362031711209498 -0.0416710574038013 -0.00641953097172287
-0.00767129987415321 0.00741837849763289 -0.0696500692288336 0.0283762403903292
-0.00343165877167986 0.00589257964562828 -0.0471486675450333 0.0719790004858424
-0.00422641549163575 0.00409050465538179 -0.00519689975871527 0.0827953660019594
-0.00591366501283265 0.00553914590877587 0.0275811352485987 0.0690426342975517
-0.00908110176031229 0.00242106303692148 0.0474713630810602 0.0444556635040954
-0.0105077885836626 0.00430545576989008 0.0592953181303648 0.0239725946568252
-0.0141947265480233 0.000127038481415476 0.0657782922827309 0.0159565053330004
-0.0107223454260119 -0.00673500112916574 0.0610996093283866 0.0159715300752889
-0.0076062356539496 -0.00766690072424127 0.0609233134902928 0.0112183129995363
-0.00438872423669551 -0.0112572005415229 0.0667493930356141 0.0121516334053672
0.00521742084949763 -0.0181376560510232 0.0820936494963269 0.0162455527640466
0.0140208794898315 -0.0139548277512358 0.107055940400517 0.00466985779554352
0.0357203949220995 -0.00758773179257167 0.0665294472930143 0.0201803362289054
0.0240215893441936 -0.0112171174018389 0.0145264605137985 -0.0161742700451438
0.0102665690466536 -0.00955214958221714 -0.0443695266163843 -0.00650885124195381
0.0089687342956481 -0.0136318774303868 -0.0708303188493548 0.0251318649140415
0.00223342058083301 -0.0197174761241098 -0.0500190727547195 0.0671363271389828
-0.00956909227455356 -0.0198386551239541 -0.0113342626422811 0.0790297653847913
-0.0193155309447346 -0.0140693987947376 0.0199283814706825 0.0664184412945699
-0.0246653208780228 -0.0156657713643078 0.0408026751626449 0.0429225682790082
-0.02720610273994 -0.0120365943960262 0.0517414958164554 0.0194385503921041
-0.0312056074570992 -0.0214330766036207 0.0608321976993832 0.00793481623050715
-0.0197051055789002 -0.0364508084446077 0.0623071722550803 0.00495167073393337
-0.00468780533174199 -0.0408952831003367 0.0649847335465705 0.00342108420794542
0.0167812545905585 -0.0390412403678287 0.0666017384863037 0.0076462616971816
0.040270991853436 -0.0320804164885286 0.0730953612915635 0.0135052128492672
0.0526417376861041 -0.0197826756575554 0.0899904756455734 0.00453930362895995
0.0626892680093155 -0.000112165091487335 0.0475082981342314 0.0179663606900617
0.0575581697270338 -0.00729758415442675 0.00187484112357806 -0.0210202489179285
0.0386454628277171 -0.0189208896702467 -0.0512832611147554 -0.0101175032172576
0.0258963750492042 -0.0356452237270462 -0.0721360036049677 0.0211363520653049
0.00783349546684607 -0.0443563258748623 -0.0497361202782643 0.0577255018822564
-0.0137126840797527 -0.0421736363017305 -0.0174614940672906 0.0676568434957909
-0.0301314853329936 -0.0313990593154096 0.00849881467222376 0.0565885004988038
-0.0367051443564114 -0.0312063390770342 0.02778029798893 0.0352239433713378
-0.0394922914259354 -0.0260074222257504 0.0377905146600971 0.0109733709310935
-0.044764511600208 -0.037892113276209 0.0495176097356345 -0.00428668670321412
-0.0279312573425876 -0.0593727992536969 0.0570242350918206 -0.0104320007759709
-0.00547787634886284 -0.0679361795610747 0.0667725712634313 -0.00771938265509059
0.0316236879655972 -0.0627513366911356 0.0670507878976996 0.00394599509298311
0.0677453154949634 -0.0433735618461124 0.0612440809145172 0.0150339262802913
0.0821619466684518 -0.0238410021714979 0.062702550150822 0.00729910717529618
0.0810004968255201 0.00570956306175362 0.0183488347569181 0.0110793164223339
0.0846348869128497 -0.0059445112390013 -0.0180443135454423 -0.0285103641881256
0.0630318757501654 -0.0301578848107608 -0.0598274791549874 -0.0147735944417259
0.0378457469711965 -0.0572973962239114 -0.0718301411990698 0.0161827514343571
0.00898939544174945 -0.0646623127024132 -0.0476726743888389 0.0446583545842414
-0.0190773973330932 -0.0584018763937871 -0.023624346831971 0.0494538321455776
-0.0381825984724895 -0.0435457252122556 -0.00541773528709394 0.0406457318181584
-0.0430019510964928 -0.0418819198125283 0.0113100531371579 0.0230792123203855
-0.0451060523935878 -0.0360303304185755 0.0195504202805733 -0.0009514496123415
-0.0495981500074181 -0.050596501956761 0.0326924370249195 -0.018400919407101
-0.030271386538479 -0.0736876771751132 0.0475893913974095 -0.0268713706830976
-0.0039866581889428 -0.0841672012755837 0.0652636011009031 -0.0182859045969065
0.0427809548258677 -0.0759284544969068 0.0645807130781102 0.0013698987806855
0.0855028605918085 -0.0471991450449845 0.0468318068508099 0.0200729179787461
0.0984553204763921 -0.0224332959547777 0.029124211179711 0.0104182689120513
0.0868152171715829 0.0080028233085525 -0.0182338613750052 0.00383139560396565
0.0969949656698702 -0.00821079851030324 -0.0428607754807463 -0.0308401687896395
0.074938647054358 -0.0403020251117534 -0.0685835736142846 -0.0171225176491217
0.0408598614582055 -0.0714771215881768 -0.0686034943867292 0.00894430198495474
0.00635572257102168 -0.0753089683269038 -0.0464991733261451 0.0259470436847602
-0.0229766789622941 -0.0645920347204743 -0.0318519299767567 0.027839417802313
-0.0406090670772039 -0.0483116776955836 -0.021177403000723 0.0221445235490021
-0.0429373592632994 -0.0461756378681773 -0.00510669326537584 0.00775547906941594
-0.0430147450203715 -0.0423376702209548 0.00102770002590424 -0.0153823034838761
-0.0450017155482739 -0.057333993927124 0.0164861909249736 -0.0325546041464368
-0.023639636742707 -0.0790218125848233 0.0368771919585257 -0.0419939780008681
0.00480814743898425 -0.0872053610354855 0.0617387258707573 -0.0271911309952895
0.0528807931692296 -0.0739818053834184 0.0595128324032431 0.00103370825142951
0.0931097434802882 -0.0392350775734064 0.0302894580471737 0.0251771411922889
0.100591302074858 -0.0142343629994582 -0.0045645314361026 0.0118901596812897
0.078526481693266 0.00835250754626512 -0.0556781822500274 -0.000474839843202998
0.090890884987092 -0.00847214354302676 -0.0666868584939155 -0.0260780624487916
0.0708570010615194 -0.0418548810403897 -0.072732610532508 -0.0168370438879213
0.0352764047949691 -0.0702323023079196 -0.062936218780603 0.000815825182253194
0.00219765249080255 -0.0706655936511536 -0.0464079444736946 0.00539551655620157
-0.0229959897149668 -0.0590231223798101 -0.0425459711125418 0.00608126770391789
-0.0368854792249145 -0.0443722674996827 -0.0365864972803361 0.00410660727492874
-0.0364775129148495 -0.0440481233728471 -0.021463264814318 -0.0085143918904797
-0.0349831551837624 -0.0427167962728569 -0.0144974074630013 -0.0309868467636359
-0.0316353382737422 -0.0576499264491809 0.00365744039519811 -0.0474869801579016
-0.00980675433660182 -0.0732959972110157 0.0299095235915982 -0.0551517972533989
0.0177225828777362 -0.0761125718578005 0.0593470565408521 -0.0321452359406051
0.0584027912615844 -0.0568861651528472 0.0529180459105363 0.00121775126052211
0.0887026174271999 -0.021211575967023 0.0142276049281896 0.0261994954892125
0.0879889711818602 -0.00154050105793528 -0.0346482403415502 0.00783802901061868
0.055375948078262 0.00948149681201098 -0.0867276500123982 -0.0017437691400685
0.0674452042205484 -0.00401131029884405 -0.0841661366112785 -0.0175649502969672
0.0535278773393512 -0.0311100056297267 -0.073208948390345 -0.0148422578414108
0.0246545187352754 -0.0519024618954591 -0.0579430391299966 -0.00599911500119481
5.191813799243E-05 -0.0515829001334199 -0.0489797275322099 -0.0114962274097109
-0.0168553021785443 -0.0424963026015637 -0.0533293441533429 -0.0105161215396457
-0.0260967082428891 -0.0343076433224244 -0.0496615653490794 -0.0108893041978395
-0.0236332590156594 -0.0356951848698402 -0.0337190486912044 -0.0230004590111905
-0.0214611000319503 -0.0364510259233309 -0.023985728589608 -0.0463736148641671
-0.0155056620335064 -0.0483308259370427 -0.00183006658727745 -0.0618389975286322
0.0037077673365762 -0.056539961468557 0.0298665210731541 -0.0656004301847104
0.0272411524949924 -0.0535571962230068 0.0590680367230466 -0.0342974392044909
0.0551906388362853 -0.0318907233910909 0.0470760250050567 0.00152574595373656
0.0712767187950199 -0.00168453141274093 0.000672734423501642 0.02104618749152
0.0628855700861907 0.0103514032014258 -0.0561443646416401 -0.000980926825555231
0.0220921430436546 0.0113107691314323 -0.106078429001839 0.00160688181598768
0.0335143820038599 0.00504989592741073 -0.0905490665846337 -0.00655393487720288
0.0287715677168229 -0.0115862854674046 -0.0715361956113192 -0.0119716892230428
0.0138360600992541 -0.0224915036430607 -0.0551735129491443 -0.00820172988078011
0.0023158006006987 -0.0228092611345772 -0.0531630930398427 -0.0182941021047868
-0.00492169749108953 -0.0200642582552712 -0.0601721889348935 -0.0174285559023649
-0.0100054586599277 -0.0189390141508991 -0.0567456869669255 -0.019332466248002
-0.00840060463644541 -0.0212042799606616 -0.040710779142999 -0.0338488936330369
-0.0071008837400371 -0.0232950146756923 -0.0280133696325647 -0.0579637606163547
-0.00222226614469027 -0.0295156146824851 -0.00168777768952948 -0.0729419000874952
0.00992100730001675 -0.0314389787160036 0.0332563154130991 -0.0719924747981572
0.0253412310044133 -0.0279085922709126 0.0606943793442154 -0.0356129672522484
0.0404855550095358 -0.00927724233287315 0.0441167045340815 0.000303961788467376
0.0429761660430823 0.0118864695200035 -0.00520102818825419 0.0125209467838038
0.0295485886654819 0.0163236181528709 -0.0668277490830537 -0.0126062866550211
0.0038037399914065 -0.014028411367153 0.0721264017365277 0.0148759771148516
-0.0110534828003389 -0.0129882475113903 0.0195147569338159 -0.0184633264326902
-0.0156528720885382 0.000342477962383462 -0.0407619386096221 -0.00645046799996806
-0.00786042182691618 0.00715378581716524 -0.0684982929553484 0.0283277603638989
-0.00354831694153884 0.00576743991794605 -0.0461413860454163 0.071700192633592
-0.00409988008113095 0.00369386883366366 -0.00412026175603345 0.0822758640817847
-0.00560181341018964 0.00503671372340015 0.028253647190228 0.0674659716018068
-0.00877028040743658 0.00242244862115011 0.0482777524221701 0.0435245717643585
-0.0106160438053535 0.00366886096252044 0.0591903182007898 0.022562355323475
-0.0143292383140268 0.000472886462168397 0.0658271183908333 0.0152094463018909
-0.0112488385764722 -0.00690692964049614 0.0612011084148806 0.0157947458112516
-0.00771500658140364 -0.00773180316865631 0.0603530369524289 0.0111204910044352
-0.00441651640992413 -0.011761093294235 0.0658154584327872 0.0121742374636922
0.00471088916037905 -0.0182586662350664 0.0809395873805514 0.0157209795718235
0.0133697579014133 -0.0143833878770221 0.106066523023486 0.00289292182128998
0.0350375211101504 -0.00841165785226398 0.0661865929744385 0.0190092205715469
0.0233683632764872 -0.0117009589924303 0.0145423347586838 -0.016941209810639
0.0101839870037533 -0.00914230444044915 -0.0434601952046444 -0.00618991545905032
0.00845811423520059 -0.0136300399343979 -0.069530141658777 0.0254978696325848
0.00183745978757859 -0.0193460052961486 -0.0491287838345615 0.0668814355360701
-0.00974685705834266 -0.0199416153732468 -0.0104137869732685 0.078059306150811
-0.0192795551397933 -0.013338740896463 0.0206254084135331 0.0645845457535012
-0.0251096540763376 -0.0152125468394724 0.0409963788716224 0.0421586536805991
-0.0270601590090164 -0.0118636170401576 0.0515757338395408 0.0181968900324663
-0.0312683678639103 -0.0205772071462152 0.0612630957579018 0.00638896185370036
-0.0201986237148128 -0.0360223925361862 0.0619191114216606 0.00438654145056825
-0.00494172754882101 -0.0407823974056095 0.0641733119461956 0.00341470265821346
0.0162707792982063 -0.0391352292745979 0.0658270110415345 0.00820798217726241
0.0398229615201382 -0.0321260864026099 0.0722572197943386 0.0136001482266246
0.0519931637687396 -0.0207396463249521 0.0892837297359581 0.0031670262887437
0.0623971123537082 -0.000721264040891805 0.0474722200315959 0.017078968524764
0.0570753883420046 -0.00828114897050796 0.0023807492654176 -0.0217779633748159
0.0381523122998634 -0.0186337437761718 -0.0507416840759969 -0.00989693478252852
0.0250805361387851 -0.0355110315006009 -0.0709260573378416 0.0218562863028517
0.00690023681077879 -0.0441409081009211 -0.0487875796110865 0.0574664229945986
-0.0142777205497118 -0.0418700755731895 -0.0163787855471469 0.0663753434340659
-0.0303042895740246 -0.0307866199737288 0.00931273978393054 0.0551043230341783
-0.0370488630140065 -0.0297782153695964 0.0275691643274322 0.034135949305828
-0.039449885095822 -0.0255196023770228 0.0376028787321012 0.0100854144547921
-0.0446954333367629 -0.0377459357005081 0.0489026844848734 -0.00553415982564082
-0.0287120950930347 -0.058545334585051 0.0569615645945301 -0.0111061241251523
-0.00679648051367723 -0.0670872162750303 0.0656623612194712 -0.00749239265568827
0.0307971092091677 -0.0629380647299592 0.0653303968744368 0.00399607077502034
0.0669820981862509 -0.0439124534297005 0.0599154599677738 0.0149100741731676
0.0808765004691933 -0.024512856324483 0.062686100461755 0.00675522877263935
0.0802896004822677 0.00533962503841635 0.0180924266174487 0.0106190983343302
0.0837518817228565 -0.0075136355109084 -0.0173149474496044 -0.0287678459713984
0.0620890029733094 -0.0303911626474855 -0.0589818156943268 -0.0147081507275799
0.0366548506596334 -0.0566041460782031 -0.0704735919130032 0.01646789535913
0.00787261081803306 -0.0648454967926548 -0.0466275600668683 0.043979662029034
-0.0197129144898294 -0.0577684249471493 -0.022977109419797 0.0489489510889609
-0.0377399600393611 -0.0420173373231117 -0.00464373201429231 0.0408131455077863
-0.0435887095948162 -0.0404184730883534 0.011784810090425 0.0222826567688589
-0.0455739396619206 -0.0355991880393349 0.0191282522291903 -0.00147110789701566
-0.0495507283762248 -0.049110434980396 0.0326950859089034 -0.0190750005486032
-0.0315279461749808 -0.0727971336192731 0.0464260559576693 -0.0276943101546367
-0.00525754217828929 -0.0835670763195685 0.0649078099037986 -0.0188949384752329
0.0417072688072796 -0.0757210041051514 0.0638530282319741 0.00153005775878987
0.0841436987213673 -0.0477886444695961 0.0459559617275701 0.0198384305356051
0.0971820094121367 -0.0230952914999345 0.0298197131492294 0.0102812352101139
0.0859776820058618 0.00737900342242425 -0.0180589213473662 0.00371548780832306
0.0965177744308571 -0.00894002272796593 -0.0418873965827877 -0.0310260610027068
0.074285509701547 -0.0407175682841222 -0.0674570515715667 -0.0170980323026418
0.0390103055689452 -0.070961105024721 -0.067499751253308 0.00906507450377344
0.00464687304455127 -0.0750653101078488 -0.0451218990924292 0.0249275211165604
-0.0232934076375678 -0.0632361025303318 -0.0322279691097929 0.0276185363546781
-0.0405804015433012 -0.0467987696195162 -0.020420033113864 0.0222087983071409
-0.0434219283677161 -0.0447883925510422 -0.00560549907465393 0.00732425471092386
-0.0434388803667984 -0.0413500255453856 0.000602403126423438 -0.015570877701219
-0.0450960369599222 -0.055909727581745 0.0152103965894755 -0.0330477741363413
-0.0251978671424204 -0.0779880830398335 0.0354978816601334 -0.0426400041697331
0.00294180563645635 -0.0865362147675203 0.0611590265535734 -0.0276534903201408
0.0510666726649171 -0.0742322925959537 0.0580438578129856 0.00109324323044099
0.0920472850656549 -0.0401081436596791 0.0302111018364271 0.0247746128869611
0.098511011293424 -0.0154818326623841 -0.0039546475754011 0.0119620577193147
0.0771249921415126 0.00783882058212012 -0.0550289184018664 -0.000352881405139286
0.0901539241416195 -0.00985663645767947 -0.0658629567809041 -0.026476604814528
0.0701056928786172 -0.0419764848074112 -0.0717216462188331 -0.016433759111743
0.0339177021371826 -0.069515006286765 -0.0626519452593283 0.00077220713784898
0.000684973634694606 -0.0705173950987643 -0.0462736844332156 0.00424839554607368
-0.0237339184271686 -0.0581318640889311 -0.0427083036542212 0.00610320463654314
-0.0373826001792855 -0.0433546834029841 -0.036191543960575 0.00464786957697951
-0.0361399731030046 -0.0429131573293995 -0.0215960701975222 -0.00863517043421207
-0.0350874332646806 -0.0413759539600408 -0.0150877075291898 -0.0309442582819996
-0.032373209832144 -0.0566174512016494 0.00277319938956146 -0.0476411389710445
-0.0114655136755213 -0.0727705006393309 0.0293578638903565 -0.055546336154504
0.016363328942512 -0.0750478731811836 0.0587577957179214 -0.0327665071582712
0.0571894982163713 -0.0569397494726195 0.0523132568535413 0.0013634313871566
0.0876181577874934 -0.0223572885626447 0.0140206654514698 0.0260939923346328
0.0861981089791403 -0.00230196000435371 -0.0335720953372177 0.00874628335118442
0.0539610243491414 0.00898703434666269 -0.0861666688008869 -0.00133933257713389
0.0669993672637029 -0.00479377270378822 -0.0834211539283866 -0.0171220781947066
0.0527098325090297 -0.0308847322202978 -0.0722956723549961 -0.0149504841887968
0.0238674877304795 -0.0516472603187113 -0.0567888686277876 -0.00566434655809727
-0.0009177543784918 -0.0509270784183176 -0.048693726306348 -0.011301119407266
-0.0170559081214454 -0.0421478525792434 -0.0533959690208863 -0.00996282038985035
-0.0263810714086376 -0.0334186737050816 -0.0486443720352317 -0.00948622930853506
-0.0243527885302299 -0.0347171212689438 -0.0334997045030715 -0.0225251893381351
-0.0217664695499713 -0.0355471035213042 -0.0243044292685792 -0.0456781115926836
-0.0161545681519836 -0.0473847917051229 -0.00276374139993484 -0.0614121873882561
0.0025509659611542 -0.0553003113552504 0.0285696427211187 -0.0654768232354353
0.0259805984750511 -0.0532931786368304 0.0586349509602278 -0.0349497464694223
0.0543532716784649 -0.0323060655849832 0.0465046637481731 0.00140818871041385
0.070478881230281 -0.00235820949232454 0.00139453723662332 0.0209685659637886
0.0615314190028024 0.00982894652545529 -0.0546647698638792 -4.99445566162834E-05
0.0219202862582919 0.0112731360503624 -0.104692012398004 0.00270536673961404
0.0331804992510377 0.00447585775071522 -0.0892963424573269 -0.00691115017508254
0.02815335719916 -0.0119424736826692 -0.0704330961455168 -0.0116034394262117
0.0129183678191408 -0.0221015602595186 -0.0545724608906156 -0.00848737681155986
0.00218004976935339 -0.0224182161658931 -0.052476964697172 -0.018187746755449
-0.00423657027223885 -0.0201159309114826 -0.0602869254500159 -0.0164785161511638
-0.00967040539212755 -0.018334337822615 -0.0565385608914376 -0.0182164554875538
-0.00874048690180262 -0.020994573588229 -0.0403621528656483 -0.0329513414631811
-0.00741033332309369 -0.022647188068494 -0.0286328404947659 -0.0571891896418155
-0.00254844995715341 -0.0289444779305171 -0.00273095424843183 -0.072056255605823
0.00897487484977938 -0.0314757513576836 0.0325872269255859 -0.0721610747743157
0.0240751800073756 -0.0276942694607586 0.0601298397051997 -0.0361000577375772
0.0391327103131426 -0.0100977649973779 0.0430638207628312 0.000283791372651952
0.0420331043785092 0.0111138851142359 -0.00505789663416321 0.0130917457395826
0.0286269895662902 0.0160054630317488 -0.065944006718254 -0.0105236638419438
0.00642398866956687 -0.0119025287197258 0.0680012725594702 0.0284284973029914
-0.00825023158909161 -0.0140593408879824 0.0237613980532236 -0.0161864526566021
-0.0150151422226773 -0.00321504869019805 -0.0379859519155792 -0.0156622081166729
-0.00832941580757161 0.00450049040385731 -0.0720710788967899 0.0140953984601669
-0.00453362005885921 0.00326562300949627 -0.0590863791745843 0.060363328961669
-0.00472887585632375 0.0018059250669359 -0.0201538610416863 0.0791272192431821
-0.00643823032867652 0.00352055594855902 0.0144265983703277 0.0717096160575838
-0.00948870772226136 7.92758060492269E-05 0.0375843761399601 0.0518116290015893
-0.0106329826898299 0.001339071071389 0.0527807667959396 0.0337022458334757
-0.0138171804497892 -0.00256103560787433 0.0604218028455234 0.0278120100188746
-0.00922598338313523 -0.00889756102745519 0.0563033006890411 0.0279496806612005
-0.00521059476074633 -0.00955597287969595 0.0557820808070155 0.0241330729321827
-0.00131758769114027 -0.0127804438901204 0.0615458030162527 0.0261431777785878
0.00901372741058018 -0.0175290265212155 0.0770508851967371 0.0333894079603719
0.0160482298138611 -0.0117249729363094 0.105996589645351 0.0266413684443268
0.0346202711896336 -0.000307329515758135 0.0612377682009399 0.0312074636566087
0.0246003320095031 -0.00664433104678551 0.018200730707479 -0.014097708376919
0.0117803922490049 -0.007400616134648 -0.0397302497048593 -0.0150287581019825
0.0108588560387076 -0.0119955963008639 -0.0722556994238871 0.0109548560115764
0.00563332638065961 -0.0194413670827068 -0.0603422113187995 0.0555822398532886
-0.00539695927712541 -0.0221859786217177 -0.0255295719640012 0.0738652486856125
-0.0158862339163027 -0.0170762275914816 0.00673280635346656 0.0670980436087116
-0.0220533397526422 -0.0198070629518313 0.0311517800033018 0.0484676815347843
-0.0240548207523361 -0.0176552019416438 0.0463385992730254 0.0277460926420919
-0.0262671122737519 -0.0265745605365197 0.0574506047248367 0.017958515762548
-0.0126114157953643 -0.0397170504094372 0.05905164820002 0.0165214699665692
0.00473216071875187 -0.0409833581774581 0.0613408897202183 0.0160163899437867
0.0255971883583322 -0.0346190870760493 0.0624396970013331 0.0212729722415963
0.0464690593708595 -0.0233806909559391 0.0696155118625514 0.0288640878946239
0.0546829431960419 -0.00918872749907969 0.0888434005455102 0.0235648071055373
0.0589194102003264 0.0126407830695309 0.0434204718789447 0.0256672998516657
0.0561100303096836 0.00274766785346015 0.00626214781269182 -0.0200055980522659
0.0410225157662087 -0.0109486161614269 -0.0455146607828278 -0.0184606265241642
0.0305244827212362 -0.0292640926206805 -0.0726646372690289 0.00753766854961603
0.0150603689977313 -0.0418526306525456 -0.0586933428850035 0.047226615084115
-0.00583307486475891 -0.0435398776132683 -0.0283291344300221 0.0619275356253912
-0.0228766621617097 -0.0352791353697829 -0.00206722141311636 0.0559022654334605
-0.030915889861576 -0.0368378388486149 0.020533490575461 0.039013629882956
-0.0334404225427821 -0.0328981513163672 0.0341737624083275 0.0164811265455507
-0.0361412010874914 -0.0448941264077026 0.0487675303639537 0.00328444716286769
-0.0160466529580298 -0.0627530104644819 0.0569890269419245 -0.00145449160646485
0.00843230622416957 -0.0666473590154876 0.0653788485472506 0.00413701992184736
0.0452558834775523 -0.0550964959884265 0.0640233758279264 0.0161803577932844
0.0754183120605633 -0.0287212965036694 0.0575269071770981 0.028218488348188
0.0840719509667858 -0.00638267252685023 0.0614091713749386 0.0206047773976914
0.0749337301857584 0.0216544977758102 0.0169892812921364 0.0141595127474009
0.0819545772421962 0.00830368600469301 -0.0109266915184694 -0.0292067357409794
0.0661272538980393 -0.0170063580354211 -0.0526111842746584 -0.0239356984920826
0.0456366939909049 -0.0474997897493262 -0.0705702425041495 0.00230055004678941
0.0201974922139051 -0.0609901909285659 -0.0540728709226174 0.0344242603750842
-0.00746737078739979 -0.0595602541112199 -0.0313171037919402 0.0435947888694125
-0.0279304112219478 -0.0479952809169821 -0.0127891683724124 0.0381697923337711
-0.034975380823766 -0.0485258269461811 0.00729331669557703 0.0239204759880363
-0.0368146253802153 -0.0440167251896097 0.0184277999987039 0.00181166386607969
-0.0379763494266666 -0.0576968397254638 0.0350264718283563 -0.0133659179728606
-0.0155449317032381 -0.0774911126735313 0.050568264994003 -0.0200466158379279
0.0132556796069694 -0.0815500688309617 0.0669659174440031 -0.0075521780397076
0.0581280308888446 -0.0653087640831871 0.0629048502552052 0.0129205045565587
0.0932184537361304 -0.0286224120312923 0.0430960609053193 0.0295935922046614
0.0992227700153418 -0.00163736562411296 0.0281579398723609 0.0170373724198377
0.0805005846923465 0.024741257293469 -0.0174096348333935 0.000262819696598886
0.0944518902033581 0.00822609778553719 -0.0344770823719442 -0.0357175137685275
0.0799135919115986 -0.0249494203219985 -0.0593772165833432 -0.0277342151690419
0.0511237020696597 -0.0602369831894706 -0.066210609568385 -0.00415744661845321
0.0196878234503737 -0.071932306540455 -0.0489243892021451 0.0154487003417529
-0.0107056907798038 -0.0657931002876937 -0.0354807052392913 0.0206067451557185
-0.0300066196730496 -0.0526858842494325 -0.024633311238673 0.017221455963665
-0.03381063676083 -0.05243188897949 -0.00649741692500146 0.00549973086442667
-0.0335076572330343 -0.0491777095058999 0.00429982158203023 -0.0154534595989243
-0.0324897276942422 -0.0634234822283216 0.0214334001952163 -0.0305075092209157
-0.00878743844703352 -0.0810850667211236 0.0432283558237772 -0.0367985294660443
0.0211281054789582 -0.0823932467317213 0.0656620299116623 -0.017007793187707
0.0672674621988561 -0.0613329840083458 0.0587567607952542 0.0109759394616556
0.0984982855923044 -0.0195047524109008 0.0261058759526919 0.0319353892750155
0.0989406270974735 0.00647093867027604 -0.005838155582637 0.0107189521342963
0.0722932011155653 0.0223500469836021 -0.0526815556877604 -0.0107644184151303
0.0886158145718327 0.00664441420537021 -0.0590599127572519 -0.0360779377969068
0.0759171299216731 -0.0269762025670021 -0.0642704846697617 -0.0279265970810439
0.0454038376859217 -0.0597051009051808 -0.0590995756577739 -0.0108774737536424
0.0149989319972699 -0.0676362836918697 -0.0451786628875016 -0.00405345687270819
-0.0107151979316785 -0.0600916933346105 -0.0422554139513983 -0.00262329143282728
-0.027862595785929 -0.0485137353272789 -0.0363895073411141 -0.00291290861224852
-0.0280094266501226 -0.0491494079132499 -0.0186895043277487 -0.0127357444672364
-0.0251821777774698 -0.0478546898411294 -0.00796274130013532 -0.0334819273241952
-0.0197959850601796 -0.0604474504872756 0.0123258093706245 -0.046863957123126
0.0037949142993739 -0.0723329955249311 0.0395530947417247 -0.0508716801014266
0.031417435050013 -0.0684454240687229 0.0649608198928413 -0.022279154771011
0.0688058202313453 -0.0426972955002422 0.0522322096270346 0.0106856026789525
0.0902453251800047 -0.00317915110105667 0.00973761642323568 0.0299227583216664
0.0840849304660343 0.016713856353597 -0.0348237691312873 0.00139100357576422
0.0501665412706412 0.0185815275920312 -0.0830555668152255 -0.0175713701438179
0.0654355977928009 0.0069669852252017 -0.0770621851627964 -0.031286299711727
0.0575635288306635 -0.0205020573418402 -0.0654861437178883 -0.0268154760738336
0.0329840579536394 -0.0446213681799491 -0.0528519119966737 -0.0167049867056208
0.00972260181133892 -0.0488944768021614 -0.0455671399335822 -0.0204481600653132
-0.00728712466064333 -0.0433705755924481 -0.0497411474246569 -0.0204297192323425
-0.0189585215241337 -0.0364137738144749 -0.046376048944623 -0.0195815047187099
-0.017087597715285 -0.0386683810981529 -0.0277324641093179 -0.0291478059955959
-0.0138960808982573 -0.038694013930708 -0.0144167441535099 -0.0495441017685899
-0.0060320416832475 -0.0485027017627887 0.0100408120937329 -0.0602634445044589
0.0134850627082684 -0.0526082766290421 0.0414336039632722 -0.0596091474573071
0.0361458412944728 -0.045281542074104 0.0654160473049281 -0.024118464852464
0.0598923225781177 -0.0190786763385474 0.0467785982758641 0.0100270133432212
0.0687559552770246 0.01271107108995 -0.00280103320978929 0.022590866191357
0.0573804165801126 0.023063704594454 -0.0542039887278913 -0.0116471126821423
0.0189964526231217 0.0138336613478151 -0.102137499628201 -0.0173330720064713
0.0312860743525978 0.00960071796087165 -0.0855284447225616 -0.0226497228869652
0.0296942612070436 -0.00597030694618118 -0.0650802289240785 -0.0251504774486623
0.0170599442671467 -0.0188449205736848 -0.0502333644751611 -0.019605578048677
0.00641940949226736 -0.0202234182996956 -0.0477457855538565 -0.0277853879487179
7.17229355230926E-06 -0.0196316741122373 -0.0563023743446526 -0.0278680580912424
-0.00611763154331315 -0.0191203735555024 -0.052145912993852 -0.0291024317229763
-0.00464891974167519 -0.0217684133410015 -0.0326889619739443 -0.040311895340201
-0.00195453038676014 -0.0229094907421064 -0.0160374490188486 -0.0612896173794591
0.00287292205407249 -0.0281296128164183 0.012604530743868 -0.0700301898717121
0.015223647202492 -0.0276552751858652 0.0457440085410711 -0.063617292996983
0.0293663220672451 -0.0214860243685944 0.0670102476286366 -0.0233893442155336
0.0409521205458327 -0.000366373530740303 0.0435181860542603 0.00894741783753574
0.038308427141013 0.0200477622958743 -0.00724464481620031 0.0134104581195927
0.0237837434623007 0.0221153004901508 -0.0621776490880903 -0.0249648847274008
0.00582869424363531 -0.0119156245409336 0.067741942927286 0.0267539147522744
-0.00834083953823455 -0.0143305940255824 0.0240168627941824 -0.0167105900238682
-0.0146474573272026 -0.00278168887278802 -0.0368976549461946 -0.0151285975239044
-0.00831843383942764 0.00464219269374386 -0.0714945549646609 0.0148755128939466
-0.00437448061229993 0.00345434746239905 -0.0576337089939572 0.0604297649142917
-0.00495091269270351 0.0010145333002387 -0.0186733429110431 0.077814543073405
-0.00576715222957902 0.00328384615665952 0.0156923677793249 0.0696570478683899
-0.00931235104530746 -0.000451645286991477 0.0379374795090054 0.0508478091028041
-0.0102830692801051 0.000860565703148044 0.0526424686518458 0.0324548697438548
-0.0135994912824556 -0.0018104577341418 0.0603522985452291 0.0257399462420048
-0.00935323160336616 -0.00922184875951752 0.0561662323762444 0.0268324551053954
-0.00560289042343967 -0.00946541170497719 0.054731079267957 0.0234314536376037
-0.000947025081287439 -0.0125237243128661 0.0601494652968664 0.0260607280350722
0.00826676562275499 -0.0173898852162477 0.0761511647885563 0.032023487439086
0.015626516679961 -0.0114917639375636 0.104587031194768 0.0249717409631337
0.034274601252215 -0.00062194470611532 0.0607736733562137 0.0300343132627394
0.0236830882672949 -0.00712319355742069 0.0184605166458874 -0.0152280714038925
0.011742605636981 -0.00739471592554491 -0.039108450027505 -0.0151193977277645
0.0100518639837081 -0.0117389536086334 -0.0712119002594935 0.0116474585187944
0.0051972804719511 -0.0194044064519891 -0.0590711389748533 0.0553450020445438
-0.00629426079214039 -0.0218793564368625 -0.0237403749213233 0.0731091994666967
-0.0158965281782965 -0.0167637206906191 0.00843464761753154 0.06556342603501
-0.022139095440742 -0.0194632991540227 0.0314411690139823 0.0473030162422527
-0.0236877478346579 -0.0176333649250476 0.0464773672373672 0.0261688282874025
-0.0261942452304924 -0.0255652703245985 0.0574171554255056 0.0162646181820116
-0.0132975360643967 -0.03878155931911 0.0590413566374582 0.0152431192031796
0.00346406139277957 -0.0406938949902046 0.0605773431844288 0.0151735255341393
0.024838613925812 -0.0348303906134262 0.061503134794255 0.0216350698469073
0.0456650729748215 -0.0239785870395586 0.0683991283340521 0.0281952457701614
0.0534352391183733 -0.00986641415642079 0.0881637221182174 0.0219083336637139
0.0579579416570167 0.012180740462574 0.0434606691410111 0.0238800678558681
0.0553380905451934 0.00172063402423158 0.00697662532641211 -0.0210008371774654
0.0404076679209467 -0.011067222778098 -0.0443724106198471 -0.0186266165235662
0.0293677276917406 -0.0292779726973539 -0.0712509639295351 0.00744490347459702
0.0139240765797727 -0.0416044489977179 -0.057046949562951 0.047049042030953
-0.00649329852552189 -0.0434211292215581 -0.0275378946944041 0.0608297247963291
-0.0236579962819729 -0.0346216667363906 -0.00130529295818527 0.0548336014816532
-0.0314547016931198 -0.0361659934324924 0.0207226715683611 0.0377935003489824
-0.0332853723649044 -0.0321516259592926 0.0341064715099886 0.0155461319387483
-0.0363415055901219 -0.0438490088380408 0.0483744229581886 0.00170922734153811
-0.0175100229450186 -0.0625824433591622 0.0565110750364494 -0.00219619021886724
0.00716477212231878 -0.0660666639865489 0.0649668766049884 0.00354860575578697
0.0434093650777318 -0.0549711562114199 0.0629466958854631 0.0164282100285972
0.0744225877919223 -0.0297515183987437 0.0569089094466988 0.0273535195403088
0.0822926856022009 -0.00724278674318218 0.0612419894511155 0.0192262978530824
0.0740336773561328 0.0208913929156328 0.0166151044090018 0.0136599918532902
0.0812157526422003 0.00644713316536295 -0.010877254080945 -0.0297432698487816
0.0650741656474405 -0.0174998221685395 -0.0519019143825954 -0.0234363403142667
0.0441394164939499 -0.0471350703708634 -0.0701851369884323 0.00272576591383582
0.0187331959864236 -0.0607152851049784 -0.0528458831466776 0.0330993581731144
-0.00895812503413483 -0.0589552957967288 -0.030293564955713 0.0423404582972997
-0.0290640608409647 -0.0464279263999176 -0.0119240080599625 0.0377074881266027
-0.0354958016556672 -0.0474312020527365 0.00705411580947946 0.023304572654899
-0.0372516814008528 -0.0431708470258784 0.0184854140814171 0.0012846467298359
-0.0385604590227583 -0.0560269116521088 0.034583988845323 -0.0144405662395195
-0.0174365936173629 -0.0761933983005087 0.0494864220187412 -0.0207537070305199
0.0113595957597997 -0.0805553483918887 0.0658460562507321 -0.00865510297528723
0.0566534902105975 -0.065449963225305 0.0611306260410842 0.0124316090654733
0.0918043400407452 -0.0302243672723037 0.0419306230138419 0.0292226264498249
0.0970773948922645 -0.00292749204359846 0.0286108862731086 0.0162760815740277
0.0792470639231161 0.0233186346926097 -0.017183376120931 -0.000203157044535673
0.0934168909601736 0.00672576367876638 -0.0339989606617647 -0.0356661919551121
0.0783235794197054 -0.0250570970962593 -0.0583399733835013 -0.0264482390662459
0.0492149194515956 -0.0601469455319245 -0.0639739250284525 -0.00374318855459182
0.0174832572467 -0.0707715424401695 -0.0481470390568836 0.0148590033722797
-0.0113129384817291 -0.0649069311179038 -0.0347833793699206 0.0203850032833243
-0.0305990873136706 -0.0511029122851355 -0.024010435727638 0.0177428378098868
-0.0343302802818104 -0.0514725755446749 -0.00629075555675315 0.0050822029193423
-0.0341468115695427 -0.047729251827957 0.00371631912444467 -0.0156390120204889
-0.0329492687809674 -0.0620415129115742 0.020681003304261 -0.0309064874736627
-0.0103478759764939 -0.0800769172131221 0.0423149179456244 -0.0370191100617527
0.0196165856087252 -0.0816849232717334 0.0647674035801205 -0.0182137424752298
0.0649853365882639 -0.0616450856191919 0.0569692306041712 0.0111398083684912
0.0970459805418206 -0.0212224166948699 0.0255063340781164 0.0313699555437573
0.0970037301473657 0.00586913238761761 -0.00412392228968186 0.0113224360877334
0.0708257609279414 0.0218881171800404 -0.0522586684657805 -0.0108484733601645
0.0882490410296535 0.00537169306245429 -0.0581073657318887 -0.036236009029221
0.074740304226787 -0.0268409361227155 -0.0628256915265615 -0.0275481183396011
0.0439417404321627 -0.0594069935069184 -0.0572994089360419 -0.0107342138682707
0.01307785986032 -0.0667718518810672 -0.0450835340444141 -0.00463094631827614
-0.0119469923313878 -0.0590065584877852 -0.0423786318459506 -0.002195520342839
-0.0278663151602757 -0.0470527613828317 -0.0362613722474512 -0.00189966336656529
-0.0287924159791604 -0.0476615816264801 -0.0186498051653676 -0.0127354407149911
-0.0261078545930953 -0.0459334620982407 -0.00803095830209796 -0.0325738626073008
-0.0210080721456068 -0.0590435067961012 0.0115433022491517 -0.0469610468897274
0.00162230198634671 -0.0712801281913033 0.038061586884418 -0.0503493667409169
0.0295507724211635 -0.0676408935765659 0.0639828072427234 -0.0230777693844289
0.0667463187918692 -0.0430437295508974 0.0513149202322211 0.0105868705268086
0.0894500023729748 -0.00446765353155294 0.00955614287042304 0.0293571169873543
0.0824382174043785 0.015311431886556 -0.0335120563760572 0.00185141920158481
0.0495806947015735 0.0175814998724226 -0.0818982764492357 -0.0163824832576574
0.0648631753459609 0.00592601201399007 -0.0757042185095495 -0.0310231438003488
0.0559800525048505 -0.0204282176015918 -0.0647564145834675 -0.0264981517938331
0.0313033344823598 -0.0444951443087815 -0.0519246361986003 -0.0166650275004229
0.00905084300196696 -0.0480777245988624 -0.0448400188997938 -0.0207407399607865
-0.00782497717261188 -0.0429410432367453 -0.0505096249300421 -0.0196091172805108
-0.0190276566359892 -0.0353825402210579 -0.045590513894522 -0.0184697451743911
-0.0178240281198018 -0.0377093772079892 -0.0272060814176475 -0.0287582278048035
-0.0143317844393164 -0.0376157178441645 -0.0147118252491999 -0.0488523504595564
-0.00780142071499227 -0.047558861646218 0.00886035091825237 -0.0600561410234774
0.0121745604789693 -0.0523138398493679 0.0393283798310849 -0.0588606251715176
0.0344035561391185 -0.0449353483178032 0.0647101830792479 -0.0249972799042826
0.0587406505693295 -0.0198182623799075 0.0451458020947648 0.0101084921509717
0.0682835437327044 0.0115081797509552 -0.002089753360994 0.0223590595873596
0.0563951675316313 0.0221006206984683 -0.0531318977216997 -0.0104441965048972
0.0187564044205774 0.0134779358662106 -0.100651827963743 -0.0162776943071682
0.0312819127820752 0.00916487289217941 -0.0836175188079609 -0.0221956600600067
0.0293820770932951 -0.0066848323629069 -0.0642420272817295 -0.0244708460610438
0.0168173733530727 -0.0187794294556187 -0.0493364100868585 -0.0192015034649227
0.00616279006537602 -0.0202870831127142 -0.0481775219898646 -0.0281058545638164
-0.000117424274497364 -0.0196116875055552 -0.0568396812015686 -0.0264092455089465
-0.00596743429589383 -0.0185953232784173 -0.051917258308467 -0.0274560661895433
-0.00493409178646175 -0.0213067926693052 -0.032791196716302 -0.0402670862368991
-0.00301910935681248 -0.0223065581866494 -0.0169110590689873 -0.0601239463784824
0.0022434549019739 -0.0275729620031807 0.0114618894893668 -0.0693657044940444
0.0145212736372707 -0.0275926459424079 0.0445079017276564 -0.0637465376862784
0.0279722983777256 -0.0209518871104005 0.0663531219040314 -0.0245703040413966
0.0407083244301961 -0.00115519996790286 0.0423393894523834 0.00785440160848265
0.0383001260910749 0.0188862104609037 -0.00739126285622563 0.0136118511005916
0.0239082324040273 0.021829080272634 -0.0611165852207821 -0.0234438066693171
0.00634236960105684 -0.0117715592637794 0.0666838991387876 0.0265677323664933
-0.0087935121232931 -0.0140904957391532 0.0231392933742037 -0.0170392273112346
-0.0147078139680376 -0.0031861025108812 -0.036647839764812 -0.0155855361372299
-0.00813354139405422 0.00429148988763258 -0.0699444278475513 0.0145053858546149
-0.00433048955453633 0.00316456428543916 -0.0564347570370816 0.0607620091740252
-0.00508457407465032 0.00105224046317757 -0.0180309832708858 0.0770563520027802
-0.00606608939122888 0.0023185450348693 0.0158450769322173 0.0678968891381635
-0.00944147121047434 -0.000137148713404247 0.0380369216104536 0.0500116437825877
-0.0104195831042645 0.000921673646801411 0.0527445636550658 0.0313295998592728
-0.0133645169036601 -0.0021234818944516 0.0601518649763951 0.0252046135767017
-0.00949147631902523 -0.00928822020401404 0.0564103969681195 0.0270122146172434
-0.00504778006076623 -0.00973217554986388 0.0538343891771726 0.0235461503321612
-0.00103589700789785 -0.0124920209091083 0.0593297314984305 0.0264318767433281
0.00829634767782727 -0.0177943876477714 0.0750932084539895 0.0327830005755941
0.0157021747573819 -0.011790695402352 0.103512798741885 0.0242716504527834
0.0339325529917164 -0.000178187389589281 0.0597934055197842 0.029073485699904
0.0234293297693913 -0.00744247531364553 0.0186309148101627 -0.0161433351119345
0.0112511481915082 -0.00709391319603386 -0.0383146063982763 -0.0154011827743731
0.00981090115617834 -0.0121387147989857 -0.0701632417491158 0.010946950936315
0.00482645790811445 -0.0193188980885158 -0.0581460727005388 0.054571283049385
-0.00663430376654237 -0.0216932448959403 -0.0236367907858269 0.0718450438254087
-0.0159952822922235 -0.0168899788750105 0.00872923672438343 0.0645829569435667
-0.0220572662981027 -0.0191180680574686 0.0319809919883431 0.0467352448115152
-0.0237453745884663 -0.0169323514254018 0.0457957142796036 0.0259362128347356
-0.0265161581046895 -0.0251238458597727 0.0573144754180612 0.0155584917833726
-0.0131361030832739 -0.0382553472611308 0.0588934354225 0.0148650354916917
0.0033981000723413 -0.040418867865981 0.0598720370042324 0.0155233036524354
0.0248799648310037 -0.0347725426925422 0.0603572715025163 0.0220881743594151
0.045279024595118 -0.0236906266049954 0.0673298152029765 0.0278821159389107
0.052501280252567 -0.00974133126714306 0.0868148218755291 0.0213065072122672
0.0571846863978542 0.0122845419865566 0.0428209553891023 0.0235725971501459
0.0551161695685135 0.00100785294838362 0.00679172704969113 -0.0217776401862099
0.0399433506689209 -0.0107191090652111 -0.0431844730683397 -0.0192795003490387
0.0289109891968631 -0.029096865540742 -0.0699812259403666 0.00651869042271192
0.0133155169265232 -0.0408998907239752 -0.0562809571772491 0.0458191729051917
-0.00736826238853543 -0.0427678969526971 -0.0268346638599657 0.0592446445903858
-0.0231364429898633 -0.0344205701392626 -0.000699407523708149 0.0537028988880257
-0.0315800841272515 -0.0352018399772497 0.0207035050872054 0.0366247073395843
-0.0339040025048262 -0.0314438715156812 0.0339109931930348 0.0150303730758943
-0.035912131615225 -0.0425528880992295 0.0476823876180967 0.00124588584137072
-0.018003785158741 -0.0616359481028878 0.0562458948377423 -0.00244502855262834
0.00628193314344115 -0.0654224952554838 0.0641529833043961 0.00355038759043418
0.0430560605732698 -0.0550288195603957 0.0617398535604846 0.0171771238274715
0.0732290794777958 -0.0298658501685728 0.0557426740128906 0.0273945283911447
0.0810524951940347 -0.0074265529439634 0.0607811333860069 0.0187791975230562
0.0730879777010819 0.0208800016427626 0.0160800133156651 0.0127066882349121
0.0800726838602211 0.00629463656268816 -0.0105099198030357 -0.0306674766269381
0.0641754867538848 -0.0174879788841902 -0.0495550614145796 -0.0244795804332006
0.0437286179077619 -0.0472576837918333 -0.0686332906673167 0.00204808971682318
0.0177091398188108 -0.0599384596493132 -0.0521580689930838 0.03239294286508
-0.00902828927501527 -0.0583200690489228 -0.0300803306033687 0.0415558931034765
-0.0285957854760848 -0.0462217768748927 -0.0113600437240101 0.0373470879597902
-0.0358282231020876 -0.0462102847499457 0.00707828485617446 0.0219752326503881
-0.0368998485547982 -0.0419787285999899 0.0183443221213511 0.000782971811413303
-0.0387890909819305 -0.0550019120135551 0.0338450546450561 -0.0149048992908383
-0.0185451106428047 -0.0754956574491636 0.048951529292356 -0.0208218305636786
0.0102965749073786 -0.0797793913256948 0.0649958709355406 -0.00918519275728063
0.0556645650741813 -0.0657003041159378 0.0603300184224108 0.0132896530354111
0.091322707269929 -0.0302870524789695 0.0415092308188659 0.0294425748279846
0.0959313477276292 -0.00272728844590117 0.0283427850095857 0.0161446757017704
0.0776173550868832 0.0234978074243881 -0.0175113910994231 -0.000726850545550722
0.0922506785086529 0.0061719906936025 -0.03353205746416 -0.0366470201226847
0.0773953628752716 -0.0251326762245673 -0.0568280515104655 -0.0270849089477256
0.0482217667673996 -0.0594855375993538 -0.0634815533821719 -0.00445006491552615
0.0164822927721213 -0.0701366815113885 -0.0473433023426394 0.0136404289435039
-0.0115783309123495 -0.0641873603829378 -0.0350252447137096 0.0192404447829601
-0.0304184247532887 -0.050315111942606 -0.0233097453477944 0.0172893749391588
-0.0349520154429361 -0.0500672351393594 -0.00605271684512542 0.00482181584448549
-0.033973839736181 -0.0470951412156906 0.00335155748827801 -0.0157155434450309
-0.0332901029508865 -0.0605931415179112 0.0202366786927647 -0.0316847305437271
-0.0109631844519583 -0.078900096189563 0.0411561703403089 -0.0373059452409832
0.0184825450287345 -0.0802114149501301 0.0637502239535408 -0.0182150709413489
0.063913796062599 -0.0610392155064804 0.0562345220243307 0.0113226260887749
0.0962419839024112 -0.0212533821366805 0.0248954784916892 0.0310543596240842
0.095808687312897 0.00550618275148709 -0.00442242303254624 0.0108822755952328
0.0698090965805728 0.0217473189461933 -0.0515416571075746 -0.011059463737158
0.0872521453667674 0.00499727074295707 -0.0568410510646715 -0.0362815189752536
0.0736704705127796 -0.0276523163901695 -0.0615007138461571 -0.0271585454378458
0.0433112602438807 -0.0590435402391098 -0.0565955823620275 -0.0111158485543683
0.0122356971176047 -0.0661371071339313 -0.0444084493964145 -0.00559779848963546
-0.0124594257575509 -0.0582899485523784 -0.0424377984009782 -0.00196114444457051
-0.0277048857677884 -0.0459783645829966 -0.03575417402378 -0.00162755202489563
-0.0292032139407008 -0.0467714319925216 -0.0185221050332057 -0.0131315216623827
-0.0259035688081882 -0.0450615814016129 -0.00890568277647778 -0.032888670571034
-0.0213452317678359 -0.0580961874419744 0.0107802852575731 -0.0462013242275585
0.00102132140842171 -0.0704707734600537 0.0375376158559458 -0.0503381877528139
0.0282084666875788 -0.0671168359251512 0.063445811426433 -0.0233874832100564
0.0658677718413482 -0.0431461457239998 0.0497739045076343 0.00991002433355812
0.0880559318912514 -0.00474669040777751 0.00935469012050484 0.029401307201582
0.0806697981062593 0.0155083488165834 -0.0320140065410327 0.00235467991591524
0.048208122881246 0.0180503622436412 -0.0810800439166889 -0.0172054901395426
0.0641590946352753 0.00543791239219113 -0.0739406969194817 -0.0311030593956865
0.0555110979895252 -0.0205599863619831 -0.0631316293288041 -0.0260066923911681
0.0306988489764771 -0.0442181344282191 -0.0501427619090514 -0.0173197240503949
0.00802144543751923 -0.0480583140769497 -0.044411401929544 -0.0211338800497038
-0.00787805885473411 -0.0422177040141619 -0.0500452935097495 -0.0191664072906879
-0.0187829938926634 -0.0345890660727969 -0.0457977692899591 -0.0177553820742854
-0.0183618955983499 -0.0367876873021697 -0.0282438608790324 -0.028417048850654
-0.0140703480915676 -0.0366784179554289 -0.0152072424418205 -0.0485693394332464
-0.0074295263072888 -0.0465089792556823 0.00819624102187011 -0.0598443486388494
0.0114817311023248 -0.0509781786406726 0.039148831723001 -0.0593226858107429
0.0337383662831044 -0.0443807363945542 0.0636113954508589 -0.0254626247608386
0.0571105592168689 -0.0197333993027226 0.0440856589165721 0.0100884467702934
0.0672424296790273 0.0107808832664385 -0.00191562823920545 0.0222181187469762
0.0552650182278947 0.0220727630317079 -0.0517275523216433 -0.00984982151414134
0.0176325724121763 0.0136711745673734 -0.0997473518342008 -0.0162262877037564
0.0309183462751072 0.00897721289719617 -0.0831910895197082 -0.0221547572575547
0.0292940209618104 -0.0065295076828774 -0.0627743248384069 -0.0243525690397828
0.0167000470849429 -0.0183871134638843 -0.0479757711134609 -0.0190269186782316
0.00641069120953833 -0.0198611553763552 -0.0480533032709122 -0.0286992087349971
0.000241705347618549 -0.0186243587840623 -0.056266137667454 -0.0260879659541379
-0.00586582051273747 -0.0186003837983449 -0.0519284594503169 -0.0265821324068944
-0.00510500884808284 -0.0210621874175625 -0.0323761907881434 -0.0391002667609637
-0.00273363469042277 -0.0222461917318403 -0.0171044414125267 -0.0598077193212844
0.00201345166032999 -0.0271345032556956 0.0106679389527656 -0.0684993332704774
0.0143673881823524 -0.0269962524714326 0.0436099125680117 -0.0628659094297023
0.0276552743232029 -0.0208133921912148 0.0650483514631776 -0.0245818874564518
0.0392098915781261 -0.000886762305075642 0.041393502775292 0.00845532954110138
0.0373691563714154 0.0188359162882844 -0.00692059646179056 0.0133770408072676
0.0229845550645334 0.0221418806132444 -0.0601800941232331 -0.0217898860517558
0.0062295560862614 -0.0114526747975647 0.0671027868235209 0.026313669961321
-0.00895780303992344 -0.0139948440552766 0.0234941171120944 -0.0177934355436299
-0.014815021476905 -0.00297970083126713 -0.035857628135582 -0.0166344249468593
-0.0088051237149584 0.00424647615221202 -0.0696514133306323 0.0131523229622593
-0.00404293330612025 0.00305480564765538 -0.0568221546352051 0.0596422293482648
-0.00596498023012851 0.000688624866194995 -0.0187882542882815 0.0760700588939762
-0.00590588465724113 0.00259652510459101 0.0155749172159164 0.0669324347324258
-0.00952268686785155 -0.000331948586790697 0.0375911373380361 0.0496343240849993
-0.0106437338549523 0.000317754879845438 0.0527795942686348 0.0310616362574192
-0.0130523207404482 -0.00215320888098817 0.0602103294530393 0.0252050548583097
-0.00922699560179186 -0.00934001232716873 0.0566095894790552 0.0274119524351043
-0.00461302876978097 -0.00971961861948745 0.0529840107816322 0.0240095364055623
-0.000280640112390596 -0.0130415763507472 0.0582701534800997 0.0280546218387339
0.00884079030145732 -0.0173887812278023 0.0736907240691267 0.0339460411110714
0.015084169152764 -0.0114342533682436 0.102167255345025 0.0247198875737642
0.033971009889848 0.000136401475520346 0.0591347675188445 0.028809629017527
0.0230742299485902 -0.00750098457518896 0.0184067869604504 -0.0169981226391936
0.0110024507388935 -0.00697829576805041 -0.037477741578906 -0.0163851016531085
0.0095960865039243 -0.0116272625344735 -0.0701322618026682 0.0094333520719314
0.00416232267601486 -0.0197188151398777 -0.0584796856210909 0.0537127507360515
-0.00679547904377385 -0.0221843781959913 -0.0235793474213692 0.0712134750743029
-0.0157319383236626 -0.0175740532011145 0.0081503273544703 0.0637244607925068
-0.022855167038029 -0.0192005885416464 0.0315030530807726 0.0460765670073382
-0.0238480954850206 -0.0172148353508781 0.0457115415236126 0.0254287012365338
-0.0257032726613746 -0.0247433681960561 0.0571543046569014 0.0149830311209921
-0.0133014615348445 -0.0389349332317218 0.0594070475928692 0.014911873396475
0.00280146054913088 -0.0403879686201844 0.0592660923182901 0.0166384812572093
0.0253237189266859 -0.0344650005260243 0.0598475831874846 0.0235585266928046
0.0455659670346963 -0.0239798152851081 0.0659818926632702 0.0296602060756817
0.0521365468434141 -0.00910939259715385 0.0871149409483207 0.021555509140678
0.0567759989215319 0.0129574784478088 0.0420916156846642 0.0233502477786877
0.0543310027459748 0.0011148310065978 0.00714262990253517 -0.0226600170629118
0.0395832564495563 -0.0102534808338304 -0.0422199533938684 -0.0202391560684272
0.028865607793354 -0.0289074851621065 -0.0705176812952538 0.00548844825015861
0.0130959239911767 -0.0408784346318521 -0.0566350402776587 0.0447532937036789
-0.00740592688698707 -0.0426522647069807 -0.0275350585290602 0.0587557375718896
-0.0235504271972792 -0.0341732225755675 -0.00088956629715112 0.0533712739317924
-0.0317224467952442 -0.0349576526755455 0.0206822497042652 0.036287956228205
-0.0334654838516736 -0.0323540037558811 0.0336658823270132 0.0148150385211931
-0.0356627805931153 -0.0423646887098844 0.0473850561944105 0.000670306131223539
-0.0179677524826856 -0.0620028760676624 0.056294332597824 -0.00255481280916543
0.00655856478822311 -0.0658604764159256 0.0633178650213782 0.00384773824062884
0.0435355182671081 -0.0546472075135178 0.0608210771626051 0.017863922326351
0.0741443855592553 -0.0302410415948704 0.0549324318777355 0.0282047338136687
0.0797815065040962 -0.00680948193653993 0.060604266080966 0.0190476415046978
0.0723594210432422 0.0216530579664996 0.0159356884073064 0.0116247010793971
0.0804596295712834 0.00621086039053872 -0.00981009388280229 -0.0322738867751267
0.0644853931129823 -0.016767143029599 -0.0488227445527313 -0.0251725580777778
0.0432804383038624 -0.0466027509044323 -0.0685035012816571 0.000748288795906237
0.0177944810564023 -0.0600110983447984 -0.0522210378158552 0.0305983758107545
-0.00925146008570518 -0.0581901092185018 -0.0305771531103373 0.0415213793912736
-0.028224693468407 -0.0458155048431147 -0.0113573703265072 0.0368878900675456
-0.036026555925609 -0.0455775002194835 0.00731870087246712 0.0221130163336449
-0.0370907215189784 -0.0421950201432998 0.0183644028214949 0.000728206616314116
-0.038500724243662 -0.0550822015383483 0.0340983825795777 -0.0156385049151127
-0.0179677852247159 -0.0762156114428506 0.0491025408339429 -0.0205337552737272
0.0101915352461785 -0.079755219173827 0.0648703133756147 -0.0084063671941369
0.056065655788851 -0.0652808696231086 0.0595117792872826 0.014998731041079
0.092021096509672 -0.0300878824496752 0.0403896846723625 0.0296875605111249
0.0947316766753239 -0.00204992798588689 0.0285884344863871 0.0162907349870096
0.077356431289901 0.0249398982338164 -0.016894907750082 -0.0012196952555221
0.0927496394128302 0.00642242943473113 -0.0332442325423811 -0.038024007952899
0.077674441085816 -0.0241704970126075 -0.0555005795587259 -0.028205311664971
0.0481352616094694 -0.0586660473270635 -0.0632976231426344 -0.00582018666876616
0.0165812519569745 -0.0698178394510043 -0.0475230122066166 0.0125934811482849
-0.0115765565724395 -0.0642032096175832 -0.0355195997630544 0.0191423860181587
-0.029763415829465 -0.0500407285124158 -0.0236099604380394 0.0174520067495341
-0.034862978136044 -0.049294153346669 -0.0069545557472986 0.00423707850645725
-0.0339353219758115 -0.046903150764213 0.00316136369199385 -0.0156186010760218
-0.0330075309633612 -0.0601902988350132 0.0202931486988008 -0.0317946029258682
-0.0113704965060912 -0.0786673203329924 0.0411681102147608 -0.0367217593021169
0.0184126353363819 -0.0800474209497639 0.0638573430482875 -0.0183844742146609
0.0639795711972251 -0.0609843659269944 0.0551484578507136 0.0128295306413162
0.0961862594628317 -0.0212421469696273 0.0244138970609614 0.0315896028061022
0.0941781696739169 0.00625120034105936 -0.00350704235218785 0.0116053061088118
0.0686742858827166 0.0230479453618663 -0.0513827236711564 -0.011531460261946
0.0866728184278513 0.00518713375206497 -0.0561834817587344 -0.0378129617222227
0.0736757745066811 -0.0265865472025861 -0.0605924371771009 -0.028627663904825
0.0432382301746115 -0.0585595010231831 -0.0557305237720154 -0.0127539613254846
0.0129289341910629 -0.0653587258971869 -0.0446872342250944 -0.00667230191713696
-0.0120171506091801 -0.0584356024698524 -0.0431165153957975 -0.00292459093084327
-0.0271305097140697 -0.045795359744702 -0.0358312395538435 -0.00124279521771108
-0.0292089012665191 -0.0462649342146919 -0.0190264372810082 -0.0137442647062514
-0.0255238178881141 -0.0450597378315449 -0.00883741169155317 -0.032878374593067
-0.0213151471445625 -0.0575995527760298 0.0113939233253727 -0.0470994723387799
0.00102581384650248 -0.0696356549872412 0.0375456844509725 -0.0502782380136792
0.0284647377741926 -0.0663710026812533 0.063116300745768 -0.0238741769870213
0.0658293578302754 -0.0429766728443999 0.0489124544209392 0.011354645185262
0.0881065264181213 -0.00462660634016536 0.00836258896743498 0.0294495244577647
0.0797066873427275 0.0164681822267779 -0.032074999039575 0.0026344043712344
0.0470256801412871 0.0186958222715787 -0.0799269596531647 -0.0182667851445208
0.0640047605957328 0.00560235442565947 -0.073491680639645 -0.0323001236198235
0.0556045319461784 -0.019426212702537 -0.0619780640218848 -0.027535553319891
0.0304906205618639 -0.0435757284037707 -0.0500337151095821 -0.0186212977685451
0.00815844200152173 -0.0472755393120414 -0.0447703920031032 -0.0228005455136558
-0.00793905081559912 -0.0419526933343077 -0.0504930483922211 -0.0194841465103989
-0.0187018248854767 -0.0342828744580384 -0.0455629961570876 -0.0171165156879931
-0.0180089777716826 -0.0363726880233176 -0.027514955632249 -0.0289563609050311
-0.014478498889263 -0.0366945694920025 -0.0148557613929658 -0.0480246649682982
-0.00778391148465209 -0.0459521491212529 0.00810497081100296 -0.0595149872815555
0.0116158154620637 -0.0509176670372167 0.039163273495504 -0.0586774574479031
0.0334713106530922 -0.0437773754759395 0.0637004809178273 -0.0249455843414736
0.0573496183218665 -0.0189399731945731 0.0441399601439133 0.0107335421658078
0.0668398230705106 0.0112805906847179 -0.0025173429862231 0.0223675778050432
0.0543885473997948 0.0229121730549719 -0.0510383904830926 -0.00991674018991959
0.0170810974744658 0.0136125684113306 -0.0981867917671972 -0.0175051933471672
0.0306293557133439 0.00904027756680105 -0.0815816525808375 -0.0234977771218667
0.0292895665256947 -0.00558137321458517 -0.06189336580768 -0.0250195792202942
0.0163601124782143 -0.0181936020026801 -0.0474820774855978 -0.0201950504624683
0.00627303909611947 -0.019979864913743 -0.0483989370707239 -0.0290781611243408
0.000803349683437412 -0.0188141173485918 -0.0565243513908903 -0.0264063018060295
-0.00597105863372395 -0.0180895208059842 -0.0516591073507064 -0.0258261855141694
-0.00578251601081439 -0.0205129061832139 -0.0324248497543494 -0.0393138195557989
-0.00309442201109018 -0.0216397200858783 -0.0164325127365084 -0.0593673405067195
0.00200026247205652 -0.0268430849289576 0.0109414507049247 -0.0681535378144573
0.01428011673849 -0.0261980321722498 0.043237715033726 -0.0621533052303656
0.0275697503169754 -0.0207132018770845 0.0649762588670747 -0.0239594200869549
0.0394276120002852 -0.00110771679578821 0.0411394230287352 0.00854290423809917
0.03711685860365 0.0190986616586661 -0.00730064579873054 0.0140901427802496
0.0223229532325526 0.0223566775764949 -0.059402164682568 -0.0217765446645613
0.00664668911946153 -0.0116136352019423 0.0669989823188137 0.0271794094063728
-0.00933303909088637 -0.0141766632832812 0.0239132512133772 -0.0192194508281286
-0.0147026845626445 -0.00278756030109258 -0.0368219327957007 -0.0179530994901367
-0.00848933007482592 0.00411718974048811 -0.0718194586642292 0.0118626025071123
-0.00489790378382476 0.00328394485932845 -0.0584837042047067 0.0599687365508384
-0.00624886200719768 0.000912668166362609 -0.0191773229315711 0.077323867995685
-0.0063332052622904 0.00194513084882641 0.0156181550896362 0.0672745238125718
-0.00984283596749488 -0.000322723112875798 0.0391312769915773 0.0505130263321109
-0.0111343910943919 -0.000204257320001356 0.0534303517292273 0.0317750084277201
-0.0131909102577059 -0.00231629694786659 0.0613658335833025 0.0254339408872612
-0.00936670566477484 -0.00961679548511959 0.0575663415447721 0.0285844388002863
-0.00493290204072394 -0.00996755830770225 0.0541861493652553 0.0261706523617692
0.000230728206798606 -0.0133396172501554 0.0588562877715551 0.0298150152032674
0.00900291166510512 -0.0181313896904165 0.0751338647230155 0.0358074420108845
0.0150113688924637 -0.0111904951244054 0.104028471070583 0.0258104711499678
0.0341069674021622 0.00060941532650815 0.060199168425061 0.0296320184304756
0.0232114829323813 -0.00757048058132733 0.0186384080775746 -0.0177438791578173
0.0112353967228512 -0.00622413615543556 -0.0375547123932438 -0.0178723763634586
0.00980342264988539 -0.0118710534756063 -0.0717188318106052 0.00827823472418458
0.0042394467200354 -0.0197220635933767 -0.0604749972639842 0.0545412248187099
-0.00760506243890211 -0.022279430288477 -0.0243901430652144 0.0719007187990199
-0.016321525590629 -0.0180976646589421 0.00807372849215536 0.0645267091609704
-0.0234957519842971 -0.0193484345774174 0.0320481214615234 0.0467826904904125
-0.0248135364656326 -0.0178918718534981 0.0464980126223788 0.0253738584371059
-0.0261727506836376 -0.0259777226104167 0.0576492980126516 0.0156769818117697
-0.0139052892828657 -0.0398997387809407 0.0607769840217225 0.0161340259684255
0.0036817668553038 -0.0414238152417243 0.0599746613936511 0.0172970746527717
0.0261606813712181 -0.0350481580835005 0.0597516887182026 0.0251554582091632
0.0465536732126622 -0.024446283641249 0.0670936786175561 0.0314755089077892
0.0525980819593975 -0.00836557228982577 0.087741535849745 0.0224474143793145
0.0577509574725875 0.0140119236752466 0.0422241985917121 0.0240687186232711
0.0553949474068858 0.00169156316869105 0.00753708956062217 -0.0241803989738771
0.0403010800565869 -0.0101520022163528 -0.0423390755261595 -0.021397069683573
0.0290259998675381 -0.0286885011025545 -0.0714801973598944 0.00398304257564755
0.0130078693429807 -0.0416845301503693 -0.0579090770959113 0.0445554317476528
-0.00749682908978267 -0.0432936691830078 -0.0282159138001019 0.0597321316913359
-0.0235222515458563 -0.0351618745107199 -0.000733528855975958 0.0540048939412271
-0.0323200793112062 -0.0357314134943781 0.0208331214275708 0.0373525106224541
-0.0340063960217439 -0.0323868757037845 0.0341537061421287 0.0148684864364936
-0.0357279464352212 -0.0437136599834641 0.0484835742878747 0.000520942087954245
-0.0187329802820256 -0.0631864230761516 0.058165420623681 -0.00170933927330565
0.00678297017928717 -0.0666224608536801 0.0641583256501946 0.00472376441956768
0.0445694588517148 -0.0555580418083161 0.0615964579141084 0.019525922537008
0.0759123218097919 -0.0303577305334803 0.0550041199808544 0.0296746574653465
0.0808205468976437 -0.00573606423013532 0.0617709145222162 0.0198047812819003
0.073587870015737 0.0235200583578146 0.0156122726294387 0.0119067798910806
0.0813979285608073 0.0067557392220852 -0.00946427727780759 -0.0339080330571292
0.0658389035705939 -0.0160861547266895 -0.0484867802476158 -0.0269468300233665
0.043988827955689 -0.0466411720445445 -0.0692622591217143 -0.00115476309795392
0.0182174866265654 -0.0610687454915559 -0.0537924211142952 0.0303057117237232
-0.00934064739977801 -0.0590420877485638 -0.0318603466574383 0.0415983858824911
-0.0284059458659625 -0.0471947928459864 -0.012230137272008 0.0373770730893846
-0.0364837030840362 -0.046368526158933 0.00704567270810418 0.0219023255715065
-0.0378095270528923 -0.0433262283800012 0.0186959913475127 0.000215849943993708
-0.0390234189796573 -0.0562637641928425 0.0342918177237746 -0.0159515549722895
-0.0188577798664372 -0.0769626517055371 0.0499727689609451 -0.0208986804590215
0.0109102139218201 -0.081334992184192 0.0662772258953417 -0.0081765515179811
0.0574969106598266 -0.0660184650586868 0.0598010614811817 0.0160772553330256
0.0936230053362774 -0.030981580382919 0.0404805965871362 0.0306776409272103
0.0960346418536251 -0.00098268898243206 0.0293664734024499 0.0164084290231584
0.0780394740503563 0.0268555590815963 -0.0171232379636797 -0.00227735376980085
0.0941330711247287 0.00668729202802012 -0.0326690001736269 -0.0399656170875364
0.0794335540485223 -0.0235063771351689 -0.0551381094253393 -0.0302354645166406
0.0495197230830943 -0.0597422033806854 -0.0637139681559825 -0.00732565811059802
0.0167164145787377 -0.0711026712383269 -0.048737520397692 0.0114505121220362
-0.0113558085098848 -0.0655978138324159 -0.0364165361875895 0.018819017385028
-0.0298230919106291 -0.0514940300040721 -0.0242371311243932 0.0175853050763955
-0.0351927226903223 -0.0505123619804187 -0.00675250875886821 0.00406034734015844
-0.0345517682858378 -0.0476223064388552 0.00355937012969592 -0.0169403267602467
-0.0336317223543809 -0.0613770790339044 0.0204975722268863 -0.0325731131290794
-0.011879636409527 -0.0797882151324909 0.0426566661801374 -0.0376949864763985
0.0188261196501234 -0.0809876455741656 0.0651614957889782 -0.0178902534870536
0.0650505820307973 -0.061757733562699 0.0561077274409917 0.0137699204538077
0.0980015322145841 -0.0210766552223617 0.0236908460097242 0.0323830767733206
0.0951294318707365 0.00746954548802251 -0.00356964495944405 0.0115669002972233
0.0693464044844453 0.0247635388062831 -0.052117187600973 -0.013283654356349
0.0885084571280818 0.0055470057483511 -0.0572482170771471 -0.0398844038580789
0.0755239743432696 -0.0258732064122008 -0.0600942272660578 -0.0303170142989666
0.044285369570335 -0.0592843119462883 -0.0565262241391479 -0.0142932425253933
0.0124771765954004 -0.0670110375527713 -0.0455642644416536 -0.00849041024646366
-0.0117814665319215 -0.0596816339912669 -0.0440936399933946 -0.00293751408253241
-0.026968102918892 -0.046860210107663 -0.036064411042608 -0.000862479655422789
-0.0292075756059138 -0.0468604868019186 -0.0191630312093643 -0.0140245437135015
-0.0261690528664201 -0.0454499155502024 -0.00872241212527703 -0.0337729496875826
-0.0212784534209228 -0.0586048029466797 0.0113688358841233 -0.0480365293865164
0.000522703440582552 -0.0711532127299731 0.0385682013040376 -0.0510167385405302
0.0288291723434683 -0.0672023109245861 0.0640944952042513 -0.0238355712227377
0.0668271320906387 -0.0429915761235086 0.049908639359418 0.0130112220170653
0.0892712905994931 -0.00459362620714053 0.00825019931666171 0.030730475820257
0.0805717013193408 0.0174504839844978 -0.0318220525906362 0.00221265617075491
0.047593246356272 0.0198397887777159 -0.0812693185823802 -0.020112903866195
0.0647774230125957 0.00602780822574626 -0.0745728399215111 -0.0346901078529051
0.0564652505090621 -0.0198087284756099 -0.0624814400485884 -0.0293122037411254
0.0315912574320056 -0.04392462056001 -0.0499813305486863 -0.0195431576310469
0.00801106881019322 -0.0482346807923628 -0.0453416032712944 -0.0245487038699483
-0.00808104756783691 -0.043177892799315 -0.0516477613645594 -0.0195941540895005
-0.0183891520314777 -0.0348057280533138 -0.0457577780842085 -0.0175325421008906
-0.0184574148384196 -0.0362934234760142 -0.0280653932502155 -0.0303645525535219
-0.0138305329657311 -0.036714360613864 -0.0153060154154593 -0.0494043944281197
-0.00769824658083098 -0.0469318367013954 0.00917605651709271 -0.0607449861630616
0.0116535292904958 -0.0513775554502969 0.0399702880005529 -0.0593084471277794
0.0339454304754504 -0.0435066584034545 0.0650666756738899 -0.0252349802235857
0.057695469330304 -0.0191344485946506 0.0442124302474903 0.0115956082225886
0.0675833767168765 0.0118054398422373 -0.00302981831290927 0.02277572091139
0.0544968813341024 0.0241864692499376 -0.0506953813061815 -0.0100699776725205
0.0170816707418145 0.0146125457564618 -0.10001742467182 -0.0193127776168525
0.0308656950066459 0.00934992482317757 -0.0826175404573737 -0.0255878366883122
0.0295353006133762 -0.0058686322089778 -0.0627843595178269 -0.0266098803948136
0.0168228918934433 -0.0187375681591385 -0.0479751011080797 -0.0221408628892403
0.00646163055262157 -0.0200352188297291 -0.0489653699607141 -0.0308872460679002
0.000184218781431626 -0.0190601155497441 -0.0578873158770647 -0.0261733678565425
-0.00508546766967224 -0.0179478221274827 -0.0520024506758215 -0.0266610861607312
-0.00555305877044087 -0.0207856964543479 -0.0328302646796886 -0.0407400799665649
-0.00282961567178195 -0.0217494508697602 -0.0166337252282434 -0.0604224983148999
0.0023326106598144 -0.0269212921169523 0.0114194863472314 -0.0694863819338395
0.0147829783679997 -0.0257804779336036 0.0445300794918197 -0.0625922139983138
0.027730577925628 -0.0202494834312703 0.0660223676068893 -0.0242702576424923
0.0398701430184964 -0.00055848965382727 0.0415427717982425 0.00957813760542936
0.0374962970805186 0.0197468260137035 -0.00720177407515382 0.0136246900472002
0.0222970013454841 0.02321379742804 -0.0593301390864653 -0.0220268373679497
-0.000773062424963576 -0.0143702563237977 0.0708101799993145 -0.0200496243522953
-0.0157698105814734 -0.00594409800050357 0.00652765734438541 -0.0315399765108892
-0.0139200003149585 0.00662771946100009 -0.0422075979260949 0.00720726006160499
-0.00432477412106135 0.00839600730744144 -0.0517815344164443 0.0549938649090432
-0.00187812906512331 0.00516472980242206 -0.0107128700077384 0.0852997522073469
-0.00457600322283685 0.00432837311598171 0.0319354405436686 0.0746427849864464
-0.00396022218624583 0.00533337420758046 0.0549653601556937 0.0461067246136214
-0.00891789022658532 0.00628433675035642 0.0627688692789397 0.0173124426835785
-0.00883699660549561 0.00679152206454591 0.0634109611928023 -0.00775966007387482
-0.012341711165418 0.00616086004742571 0.0671640617962148 -0.0177498254281649
-0.0135695693928063 -0.00239733166055735 0.0658508972468224 -0.0126084705530349
-0.0103939374687906 -0.00660068505650446 0.0607571154351607 -0.0114482434883107
-0.00764600807073507 -0.0120504155010581 0.0676019444193088 -0.0117576030942688
-0.00324491914215196 -0.0213384792688502 0.0859092893973129 -0.0183523230075259
0.00693283671326045 -0.0186133886156857 0.103058814412215 -0.0453465436929745
0.0301273798462649 -0.0193082150298339 0.0672434289939361 -0.015590438277458
0.0143244706298405 -0.0196734945741809 0.00380776012926082 -0.0284017473900303
0.00533420173741999 -0.011907845678727 -0.042660114892154 0.00657373422097434
0.000910268779852054 -0.0145826954559583 -0.0545794357994945 0.051033438966398
-0.0078390618421896 -0.0182954615688861 -0.0163341394517143 0.0805365848900552
-0.019216801012581 -0.0138004617577811 0.0237481802526576 0.0736535388514641
-0.0241975106854889 -0.00449420589890481 0.0471806013492338 0.0481849251957857
-0.0314514284458662 -0.00176811885417985 0.0557197188955461 0.018221483048093
-0.0316302548703302 0.000355317089241529 0.0544931580706109 -0.00887466066285425
-0.037908043184997 -0.00489918964581232 0.0584701588568969 -0.0241009906501931
-0.0366588288841891 -0.0250051629555398 0.0600495297866845 -0.0242958803839108
-0.0227841237946291 -0.0375644023050903 0.0597388697005365 -0.0224154230382852
3.45210413093921E-05 -0.0481415370611551 0.0659645353386364 -0.0162548503617707
0.0241977632461548 -0.0511998125602458 0.0764231269888318 -0.0156657968810653
0.0400551374782248 -0.0404547699374213 0.0868774914243665 -0.0364997448863255
0.0576594635373515 -0.0210542264888543 0.0500917129861634 -0.0112581847488813
0.0453424602042278 -0.0310348148852919 -0.00770852749390258 -0.0270265215749352
0.0269758405444451 -0.03178094310929 -0.0477741678019337 0.00475985513745381
0.00690582968561741 -0.0396562059408192 -0.0577924358906255 0.0454736523700659
-0.0140097088433459 -0.041655879195853 -0.0211037318927661 0.0709722613784212
-0.0327210568334306 -0.0307882124891829 0.0122727276722706 0.065055187526562
-0.0404871339351142 -0.014128094420834 0.0322024247629887 0.045792749354725
-0.0490401737319638 -0.00873622513308759 0.0403188770695738 0.0170530491240444
-0.0489965038406783 -0.00608835895241945 0.0377034766767739 -0.01033004998818
-0.0575739665913371 -0.0135480792224833 0.0403028462580927 -0.0305146160968012
-0.0561104336595749 -0.0408295299168451 0.0455042642782066 -0.0375040203746027
-0.0359832206174765 -0.0607934106305014 0.0562616088028963 -0.0365924491274614
0.00278157950800127 -0.0771948160333202 0.0632223521405212 -0.0213431932797793
0.0450922780787425 -0.0752831721450561 0.0660777079576448 -0.00907954015163936
0.0662012007510039 -0.0571562747978563 0.0623194378058014 -0.0202263083951657
0.0757201622470063 -0.0218951728071205 0.0210457908809336 -0.00570387249679726
0.0699830885150549 -0.0417022754213219 -0.0266200757829054 -0.0247086602827666
0.0445316501147878 -0.0519065073341998 -0.0558702878095011 0.00277801462907677
0.00892013058664866 -0.0629912181030431 -0.0594312830572435 0.0390507579546501
-0.021586885057175 -0.0600723882841064 -0.0270898512112375 0.0563702082726586
-0.044016196264561 -0.0422838765569554 -0.00195488142320551 0.0521182073539746
-0.0520868806832244 -0.0210743871583865 0.012732247791625 0.0385806653937173
-0.0592026407891444 -0.0149850259780317 0.0195648184913636 0.0137138365752486
-0.0583545269387179 -0.0119154020097148 0.0160020196697606 -0.0119741628863481
-0.0682402191069274 -0.0221311236633874 0.0185324758924041 -0.0353005151137359
-0.0655774194031748 -0.0525646078098229 0.027758906371934 -0.0481940364007126
-0.0418063853901106 -0.0759385362784901 0.0492019386294323 -0.0472539232401445
0.00660710386524463 -0.0948988940920786 0.060005648677162 -0.0233011999590347
0.0593043929897732 -0.0870927361746787 0.0550215212958091 0.00301732403968244
0.0812820166344885 -0.0628777069305412 0.0334115987029081 -0.000898355374505987
0.0816865067916208 -0.021480350767032 -0.0151421432211358 0.00286422724615244
0.0800491302743084 -0.0488827619922881 -0.0497528014575767 -0.0155744124980764
0.0509455838096927 -0.0659122865685847 -0.0638299672228238 0.00390790112346113
0.00516327596396411 -0.0764457219425668 -0.0596864793979355 0.0296698528632078
-0.0284920700295804 -0.0676499235862201 -0.0347343405483857 0.0378345145643888
-0.0497574403245738 -0.0462861460606774 -0.0201104464319401 0.0371775228107442
-0.0555990073247972 -0.0232458442960403 -0.00887668505765661 0.0303213078766943
-0.0608801821782179 -0.0187411289206698 -0.00318826552199107 0.00754134655142
-0.0586830942182561 -0.0179872692910385 -0.00747372326587368 -0.0163694906605383
-0.0665232076306761 -0.0296874731372698 -0.00320645917480377 -0.0402637856129519
-0.0614839980222724 -0.059612064040204 0.0106088593448645 -0.057008294542198
-0.0350417882684693 -0.0804374464437522 0.0416641503526638 -0.0554432452124723
0.0163057832244793 -0.0954669985267247 0.0546973372217319 -0.0220606901012045
0.0696792970367175 -0.0822973160580679 0.0420114672941197 0.0146735353351754
0.0860525559962902 -0.0549626129741345 0.00250871112399407 0.015191575650602
0.0729347018329133 -0.0183018547360747 -0.0503597357860318 0.0155930026221824
0.0746873786535126 -0.0466888718122545 -0.0690438551064695 -0.000794661205527157
0.046450091563301 -0.0657925871710609 -0.0674667326377298 0.00655944573369822
0.00113694023450827 -0.073381069272201 -0.0570373259455104 0.0193131046517024
-0.0296809161360696 -0.0617172682788995 -0.044579706167065 0.0194303319307948
-0.0461224918557267 -0.041225422386083 -0.0397243989860105 0.0235868080575309
-0.0502037261053533 -0.0210472159719873 -0.0315214476340797 0.0218256359735217
-0.0533628947909155 -0.0197642311406875 -0.0244873784355649 0.000454225217552845
-0.0505881597356289 -0.0213975395660006 -0.0280611185074087 -0.0223023071348655
-0.0551799348657327 -0.0351918780115561 -0.0208039272182802 -0.0468433887859741
-0.0447654552488411 -0.0597252244609856 -0.00111382556804561 -0.0655445614169515
-0.0178383635170696 -0.0754463020000575 0.0375940516926953 -0.0593948151745931
0.0297226747003241 -0.0802899940380487 0.0486469198297001 -0.0195789793788582
0.0728269778483819 -0.0617523421489802 0.0264919025735919 0.0222378733098946
0.0793952936382735 -0.0369763014938205 -0.0274226166996569 0.0254231107980593
0.0513679893674966 -0.00981129842609621 -0.0788684963654287 0.0297764590674555
0.0560033312881923 -0.032347922055586 -0.0810364466134596 0.0148403648532163
0.0345435547652112 -0.0498753716426059 -0.0681940530687362 0.00975543259613895
-0.000650212544060001 -0.0538838470136688 -0.0544338241945093 0.0110085977440803
-0.02211783536343 -0.0437900188155831 -0.0541271341727925 0.00733664767407074
-0.0324460181988823 -0.0295987566344303 -0.0556126944341859 0.0151054985656259
-0.0361841803266274 -0.0171459248396411 -0.0493901541921746 0.0150325046807556
-0.0377639008668475 -0.0185764147581817 -0.0424121583147587 -0.00689742763818455
-0.0354630060239114 -0.0216581157088637 -0.0432166873376908 -0.0310997935963011
-0.0358713246031011 -0.0338700443648274 -0.0305227904773109 -0.0554953730924668
-0.022091453349228 -0.0506787687510974 -0.00478680991760663 -0.0732753887559296
0.00134570589804864 -0.0578887052398937 0.0372138064313617 -0.0609310772413373
0.0378946030060681 -0.0542901712115662 0.0427525689719549 -0.0175614338608082
0.0648067020077666 -0.0335075033220177 0.0121985463888595 0.0234545981684164
0.061301102210972 -0.0152935236301085 -0.0506029072536892 0.026791635244181
0.0221505322513005 0.00314802760553484 -0.0928695193667146 0.0437791912762456
0.0308802371223765 -0.0101315627241666 -0.0824874820519869 0.0284724171318243
0.0206188985652429 -0.0222252959543779 -0.0674312223703102 0.0139121695315441
0.00251933075111461 -0.0247354508075211 -0.0530351900468751 0.0084033099817041
-0.00675311743674543 -0.0192988890757588 -0.0601669797764487 0.00453170889373205
-0.0119369518255254 -0.0157440742747872 -0.0640954453128376 0.0144201202979108
-0.0155368147438493 -0.0115538753349231 -0.0595396236853482 0.0110043736466617
-0.0175408154667239 -0.0133887157703946 -0.0525516170417104 -0.0123842261761233
-0.0159329709750529 -0.0167756521015457 -0.0521853693445171 -0.0392375787720702
-0.0152792153871768 -0.0236318813069038 -0.03374520285917 -0.0645620522363578
-0.00460072139742768 -0.0320960111435542 -0.00333693284014379 -0.0785333574129202
0.0112781775973628 -0.0345480187092128 0.0390889435899608 -0.0616124724352074
0.0340415548188338 -0.0261032880786809 0.0394020814773575 -0.0174733686371441
0.0444207415941435 -0.00715834484855207 0.00246708511847898 0.0178455149686363
0.033902040139832 0.00520249917474035 -0.064505172562186 0.0204330732356325
-0.0013653873498725 -0.014747085813576 0.0731091667509284 -0.0237372241068527
-0.0169268615724822 -0.00547409883087945 0.00461540666938609 -0.0333391236542158
-0.0142064331014582 0.00763678228585088 -0.0445989722477386 0.0084424675766835
-0.00449976676838794 0.00948577133360451 -0.0521946582866988 0.059002703816486
-0.00178938722395685 0.00612021934888397 -0.0076096591185555 0.0892775955133193
-0.0043385526316528 0.00472856762734445 0.0357645466711814 0.0763441110799806
-0.00489416849118881 0.0056274159631821 0.0579819510449221 0.0445534642180251
-0.00913533811763517 0.00651893604825973 0.065863758633499 0.0146525095604877
-0.00931919892762325 0.00708501509913207 0.0653237123815108 -0.0107850785206285
-0.0130184419416284 0.00631483610273088 0.0688998885482452 -0.0211041705156291
-0.0143159708597035 -0.0023317435420081 0.0686634860592509 -0.0157997744765511
-0.0109457818664637 -0.00605495571172231 0.0633219867490813 -0.0135316162928992
-0.00816715207266014 -0.0125533841519627 0.0703375701088894 -0.012969477468621
-0.00480673304632502 -0.0217643802980762 0.0895168972393184 -0.0210695318570582
0.00693736516190509 -0.019793573607679 0.104944879867638 -0.0506485674868162
0.0304997904255502 -0.0209376889657386 0.0691953380782019 -0.019075732893477
0.0142219152719213 -0.0208018817860392 0.0026963953241605 -0.0298173169123919
0.00548570498533084 -0.0125955436809344 -0.0444016449310741 0.00765306183878031
0.000639110500925062 -0.0148748244125437 -0.0554322833968701 0.0544722779050082
-0.00899260815633959 -0.0183166300491755 -0.0145852945892457 0.0839879985919552
-0.0207719518280539 -0.0128685869272052 0.0274331724931282 0.0749573335223227
-0.0250256136816592 -0.00413690210955382 0.0501715651696225 0.047250009731919
-0.0328180185130101 9.20488845688567E-05 0.0583655939813884 0.0168896740493417
-0.0326873284476819 0.00153630664318346 0.0558427958268815 -0.0110906955628425
-0.0399647699723832 -0.00390965636556104 0.0591259287760727 -0.0277725297663463
-0.0396350584498847 -0.0245451368974402 0.0611674053570665 -0.0284142698107136
-0.0250804614088061 -0.038242741263093 0.0619832803863851 -0.0247642927632164
-0.00189345887480483 -0.0499280503492008 0.0686368360113128 -0.0180538348712045
0.0226947359462934 -0.0546617903036519 0.0793255546134552 -0.0189618940445643
0.0406859008683957 -0.0436029477033701 0.0887622594319546 -0.0414997216574189
0.0589137473407687 -0.0236173412907446 0.0510015298228243 -0.0135147178014168
0.0461328097591321 -0.0338642097706195 -0.0094311685451439 -0.0287983557267268
0.0275315331894696 -0.0333406324288238 -0.0495545578567107 0.00546608940335564
0.00572083118269266 -0.0415721486181485 -0.0586968078442738 0.0497530111369242
-0.0162339432829444 -0.0420784995716189 -0.0198468339702489 0.0746807575530994
-0.0355517496033556 -0.0302477451187833 0.0152048450374631 0.067009003807251
-0.0428798665402258 -0.0131998196722336 0.0351292555832943 0.0452581149994896
-0.0514095361451563 -0.00661002831116112 0.0422631086695206 0.0163714181849527
-0.0513841272633487 -0.00396956858567449 0.0381407214565568 -0.0117370229435742
-0.0607849464315708 -0.0123726634391882 0.0404272556482303 -0.0332917120097461
-0.0606892100216127 -0.0405810692480116 0.0469017393281985 -0.040886000765907
-0.0399653875685964 -0.0620137531657468 0.0570922445911775 -0.0388491677724087
-0.00092284847246503 -0.0807350346375184 0.0655135299962496 -0.0232270838255658
0.0434576530177614 -0.0803930928660509 0.0681677369421436 -0.0106015004978071
0.0664475859677516 -0.0609819651611212 0.0644591086246676 -0.0236772501852892
0.0786710571642858 -0.0248041729419627 0.0209536978460517 -0.00692908104126662
0.07104611413695 -0.0464339016858987 -0.0299756571175774 -0.0255639672520578
0.0447413513006256 -0.0556140750887621 -0.0582143648528938 0.00367934639107202
0.00638055574245746 -0.0657308412680728 -0.0604114097883379 0.0429769853603989
-0.0253279798029165 -0.0611178580526152 -0.0262893372623146 0.05916892783939
-0.0477018398669165 -0.0421953081975357 -0.000157778591520046 0.0543540695579206
-0.0546672479560583 -0.0196540572995927 0.0149929354145987 0.0400249816286466
-0.0622829983814927 -0.0126300531040739 0.0205534892325229 0.0134113309828916
-0.0614602603973708 -0.00992857211480853 0.0154660306764826 -0.0131490926274941
-0.0723026269312611 -0.0198445603503649 0.017004772431933 -0.0376181830022747
-0.0700790557310507 -0.0521721032250575 0.0270520355539835 -0.0513248268710433
-0.0467003213008068 -0.0766955575094744 0.0490261937398588 -0.0512247363951716
0.00310888795330331 -0.0992117669418342 0.0615243289221462 -0.0249807976905923
0.0583081245962752 -0.0933872546267347 0.0572480406739655 0.00147070875831528
0.0822189122537398 -0.0673366313038751 0.0346227456148786 -0.00320239812536881
0.0846563249426888 -0.0245013694686573 -0.015915265201565 0.00374800688480464
0.0814953794485526 -0.054375927675121 -0.0524783885044288 -0.0147812397158679
0.0505488547527315 -0.0706085711731732 -0.0662796913586515 0.00432081256704867
0.00283631794891618 -0.0796506371276761 -0.0616738610744356 0.0322728903385899
-0.0325278695357864 -0.0687780787231549 -0.0351986742405218 0.0404761908842325
-0.0535568689267887 -0.0459386515525681 -0.0203554678083945 0.0392252622088298
-0.0585376822680312 -0.0221889523011896 -0.00787109870832873 0.0314552262898646
-0.0638016841283484 -0.0165338754501273 -0.00334919835224139 0.00795297360377018
-0.0621565129926431 -0.0165121109814305 -0.00892538958026888 -0.0164950737153311
-0.0710482391958798 -0.0286279707402535 -0.00525350313414519 -0.0411547184222352
-0.0661673447420694 -0.0592698225042336 0.00900249248254685 -0.0598092416744412
-0.0397290082647159 -0.0824045379337791 0.0418646329863739 -0.0589445431969609
0.0130047247536616 -0.100106816229197 0.0561896934945235 -0.0240863677843179
0.068749256642785 -0.0879503616200055 0.0441493216551921 0.0141567728197056
0.0874890581789818 -0.0592142886937675 0.00301805654452004 0.0156089279062164
0.0753977477698019 -0.0207012930172869 -0.0521872859480241 0.0180601227270445
0.0756686120728916 -0.051573311882047 -0.0727102309142488 0.00140111526102498
0.0457463957093714 -0.0705172189289159 -0.0701708917706487 0.00764237686929177
-0.00158758287853047 -0.0760802630291486 -0.0595201575329914 0.0214112007446277
-0.033796260507674 -0.062513234344359 -0.0461648096152524 0.0220579673932912
-0.0500261233734209 -0.0408356639412291 -0.0404754622769763 0.0261240493161702
-0.0530858699159907 -0.0200321532506023 -0.0309022770539518 0.0236822534152525
-0.0559580742044003 -0.0183985960523317 -0.0264305558280749 0.00174312081385731
-0.0536579871239262 -0.0208178205304324 -0.0303111205934259 -0.0221054571063345
-0.0590590238274014 -0.0338279427173094 -0.0233540644198621 -0.0476342378743377
-0.0489826599200198 -0.0601781937169492 -0.00384624816884778 -0.0680221028605874
-0.021201182720659 -0.076848123638018 0.037103444329368 -0.063051487363172
0.0274608373701854 -0.0845040723039376 0.0497323537432688 -0.0216463976148216
0.0731751075197099 -0.066796267015359 0.0288136875874691 0.0230705413725512
0.0810088216285308 -0.0407243510003123 -0.0269347210378725 0.0271066289699795
0.0532433394470882 -0.0112911125298331 -0.0812228984871782 0.0335144870227655
0.0568920610513994 -0.0360419525866984 -0.0836491007938219 0.0183174333249911
0.034091871860162 -0.0525291415907541 -0.0706013688611386 0.0116908041308436
-0.00253645543710741 -0.0557545894589572 -0.0565460093158076 0.0125581620409015
-0.0251697402627613 -0.0443274836765106 -0.0565124606300421 0.00893749054142836
-0.0349925895706315 -0.0294634500079792 -0.0574020601889936 0.0185479294788643
-0.0383375068965669 -0.0161129009441902 -0.0501707821876784 0.0175636391837956
-0.0401217036171925 -0.0170177993700219 -0.0440694722330199 -0.00586951338056233
-0.0380583840065419 -0.0212062072179539 -0.046503647147858 -0.0311349512430953
-0.0386670418411106 -0.0331859086727493 -0.0341176567061246 -0.0565331725199608
-0.0249048149215498 -0.0511520776269853 -0.00755917100529296 -0.0756376773483126
-0.000839139303735515 -0.0602733878794513 0.0363230295940356 -0.0652023814832621
0.037493433770155 -0.0571929956048699 0.0443267818369003 -0.0189689111230746
0.0658156905816521 -0.037282596805533 0.0135538627630389 0.0242136504480185
0.062914284830759 -0.0171264281111179 -0.050681315035489 0.0290099140090003
0.0233787075119057 0.00335351516317049 -0.0960261071073597 0.0480423439940559
0.0311668157537315 -0.0113380135116277 -0.0853784640207807 0.0324993785113187
0.0198732802482427 -0.0242909931946262 -0.0702023409726778 0.0161120748397688
0.00113062972223838 -0.0254444096952949 -0.0557493633036289 0.00986197105851776
-0.00823723774601307 -0.0197068481335798 -0.0627976368798692 0.00647964392025133
-0.0122086174376617 -0.0163046900171723 -0.0663134362701547 0.0179632407348502
-0.0163811473687201 -0.0113225870013858 -0.060940783318307 0.0138029678726202
-0.0186287785863476 -0.0129582639130113 -0.0550255260327864 -0.0112553692767277
-0.0177956419608492 -0.0166527322081711 -0.0557490236624008 -0.0380936881685254
-0.0167783689359128 -0.0234726486511275 -0.0370279885349592 -0.0651975009368802
-0.00553934686680176 -0.0325590934260477 -0.0057699871623003 -0.0814542542583004
0.0106960704043725 -0.0361211715172506 0.0377298039504932 -0.0646713161129502
0.0344626733223208 -0.0277951982509058 0.04048726385677 -0.0195152034677042
0.045568819285668 -0.00855239213942507 0.00343669187890252 0.0185733670936371
0.03504883398211 0.00446921007289811 -0.0653661707967503 0.0241237346112774
-0.00189957857818584 -0.0150015237069977 0.0727923008854883 -0.0290734341425742
-0.0171081264565771 -0.00474088230259999 0.00207143892184942 -0.0350566539242804
-0.0135980326993493 0.00814144109453107 -0.0445204511289982 0.0108940879053974
-0.00389603974509192 0.00974910216039671 -0.0496709978585064 0.0630374940878446
-0.00155413871944411 0.00595628071609602 -0.00268174489495329 0.0911357321806008
-0.0039492367389811 0.00567722447523659 0.0411631203756411 0.0756763386380194
-0.00465726298024598 0.00620678905823451 0.061058716265784 0.0423688207908187
-0.00933948882180453 0.00755118150172831 0.0684706728169706 0.0107940535467889
-0.00902180245932786 0.00808754334889378 0.0657824732641212 -0.0155224464293485
-0.0120917868568275 0.0068309739994616 0.0691562234468253 -0.0262628780906695
-0.0145805054299263 -0.00136183886861438 0.0691753386140219 -0.0207500537708507
-0.011416516880204 -0.00556728738381029 0.0637417404816182 -0.016655043408984
-0.0100787100406597 -0.0123076705586662 0.0719743755438991 -0.0170648204159869
-0.00657863359140092 -0.0219490878194139 0.0904139162952555 -0.0269065191310566
0.00632845787261056 -0.0198554992463306 0.103371955777436 -0.0576262865799998
0.0304240254993541 -0.0228705047472776 0.0693231098354506 -0.023972156187802
0.012760278816748 -0.022324757164411 -0.000384996649943396 -0.0309967381275875
0.00495386532867843 -0.0130425740405175 -0.0447407442544345 0.00996596049613263
-4.50520339233337E-05 -0.0152921448124898 -0.0532626102185098 0.0595084771668078
-0.0107094893513767 -0.0184424106376304 -0.00971988185859984 0.0865133493467864
-0.0225114668123871 -0.0119512081740857 0.032151975125942 0.0742907822175712
-0.0262334024611432 -0.00250180921677821 0.0534812538311629 0.0451143806610639
-0.0339006200267631 0.00221347764534433 0.060123687159843 0.0132401434899942
-0.0335361854019851 0.00367805214111702 0.0559099380593098 -0.0149213698810826
-0.0408818647670189 -0.00159526183228248 0.0581793698405746 -0.0319193665947017
-0.0419798773991293 -0.0223225647873178 0.0615756702644625 -0.0325574671969731
-0.0280351793153987 -0.0374770692400402 0.0621012987292246 -0.0282562521665015
-0.00537612441663766 -0.051231892699213 0.0696941195283115 -0.0209992487133816
0.0199397544803127 -0.0566192551888223 0.0803934367218888 -0.0231806777901599
0.0387791269606068 -0.0464322550557991 0.0875638219743499 -0.0471064012107407
0.0590912659274032 -0.0274745748055256 0.0507840080185093 -0.0169536898743212
0.0445905835023278 -0.0377234967408511 -0.0123208230630625 -0.0290601904639772
0.0262145643035016 -0.0363898774604443 -0.0500313394827144 0.00805642385331939
0.00358813972028976 -0.0421793386181503 -0.0572392491469702 0.0542119094871872
-0.0196746971834216 -0.0418319243034854 -0.0159108416799507 0.0770206254069635
-0.0383124729804622 -0.0286362394529057 0.019413400001373 0.067589741546137
-0.0451266942557644 -0.0108486510305585 0.0386366274905095 0.0440382063481441
-0.0532721775735416 -0.00335274171730113 0.0437436864849768 0.0144770184976246
-0.0526410021597643 -0.00095689935965262 0.0380657635431329 -0.0144404946935541
-0.0628510192506793 -0.00843656144584364 0.0388826098098675 -0.0369891528011036
-0.0644971067167154 -0.0376443913704579 0.045503185140686 -0.0449994483070142
-0.0444607020257377 -0.0606434118892144 0.0556814725403216 -0.0420915496052028
-0.00604028579360903 -0.0830194726081357 0.066745692660253 -0.0260340367377109
0.0387150013300184 -0.084972184133808 0.069730555141744 -0.0139258340839082
0.0638513037259221 -0.0655076421295925 0.0640973269740853 -0.027791722455713
0.0795439191459195 -0.0295870519793129 0.0204462765073423 -0.00834633574236289
0.0690766880899809 -0.0519349565952431 -0.0321452783508375 -0.0241396650947132
0.0426564172237693 -0.0594105870843328 -0.0590815651596755 0.00565143911875775
0.00281595440007558 -0.0671792063759045 -0.0598785290517767 0.0466695525674026
-0.0300801987909902 -0.0604188135198757 -0.0236256568166221 0.062198473110822
-0.0515507243563561 -0.03960244485998 0.00234264710933871 0.0558118312910658
-0.0576489688464907 -0.0170247416850379 0.0178173940613174 0.0394398340633395
-0.0644380048157731 -0.00898782780524115 0.0217451807336938 0.0127656941565193
-0.0634677845288325 -0.0058357712737285 0.0142621616273115 -0.01465891154404
-0.0745260222090547 -0.0159697397594618 0.0148237858754391 -0.0391344115798692
-0.0756883070088533 -0.0480928325423296 0.0247034082641778 -0.054710151219173
-0.0529912464615858 -0.0749357601789659 0.0465053619558931 -0.0545942900872897
-0.00359542562422957 -0.100593053992599 0.0622431840639806 -0.0286644278795641
0.0537803208551761 -0.0992670074258029 0.0577595047076471 -0.00111570041631494
0.0797374321634009 -0.0728922661787864 0.0347596660879894 -0.00509780315937414
0.0857973386391101 -0.0302658896554175 -0.016650005575208 0.00438421539056733
0.0793734305986164 -0.0606190507691766 -0.0548934787506881 -0.0125289869220136
0.0477192322527916 -0.0751448275107894 -0.0668763218643882 0.00687995051067773
-0.0020732496958577 -0.0812160506552248 -0.0604936088963797 0.0361222136678785
-0.0382916668101756 -0.0681205690493773 -0.0345364056051252 0.0428849118742141
-0.0579289576459743 -0.0428920712829172 -0.0181391671565777 0.0413290938857952
-0.0613169956822275 -0.0188455654142675 -0.0056713994116075 0.0325646761894693
-0.0662955740039812 -0.0128669799423166 -0.0032238496014359 0.00844867314505198
-0.0639977739398646 -0.0126598584029952 -0.0104095100388804 -0.0160349165216228
-0.0745912053777435 -0.0235578472355701 -0.0085521588017739 -0.0418283937474703
-0.0716033227757882 -0.0557221710329582 0.00555886215107891 -0.062073280848078
-0.0454989541085918 -0.0806125444120123 0.038129900508824 -0.0623067540914573
0.00682848266132303 -0.102808988907488 0.0570004603874839 -0.0271120537070505
0.0647137004755607 -0.0941748364662728 0.0450918971204778 0.0124847391343866
0.0859751465317661 -0.0650156140369366 0.0044302603451993 0.0152343072684975
0.0767470874535329 -0.0252747245999359 -0.0528488692467091 0.0211031603101039
0.0737818698826062 -0.0570769016798884 -0.0737366446332559 0.00572972625373422
0.0427946568533939 -0.0740822386893741 -0.0711995075512707 0.0106673912567941
-0.00691511848978445 -0.0772141166733924 -0.0591626599853937 0.024534235095586
-0.0387161942713245 -0.061091190675711 -0.0463992426483569 0.0246746676592671
-0.0538033635702116 -0.0381804539018032 -0.0396582728520367 0.0292048364791804
-0.0553175238468604 -0.0172547823966753 -0.0298355989009151 0.0257143302518657
-0.0582316905290555 -0.0146297251965487 -0.0266844491505167 0.00354279323041358
-0.0557377719167832 -0.0173360069457717 -0.0328826222162418 -0.0208335224578121
-0.0618237619933253 -0.0305711978677984 -0.02741133082075 -0.0471626152181331
-0.0537894842566162 -0.0577117829614307 -0.00766748953294792 -0.0692818519983274
-0.0263828376670081 -0.0768647279195955 0.0333949031538408 -0.0666454384401385
0.0226450051616057 -0.087564207853678 0.0501443845577961 -0.0239419545649675
0.0697256176022404 -0.0729588521296139 0.0307388963370597 0.0223708851791564
0.0803790920569703 -0.0452857877363831 -0.0248201810808929 0.0289009427675814
0.0541475867082527 -0.014133549204209 -0.0809978224332089 0.0388384942475565
0.0556106698929209 -0.0402077732505362 -0.0846574498055201 0.023399133449399
0.0315155761103258 -0.0555880119435033 -0.0713762991819806 0.0148946380283819
-0.00628734166306675 -0.0564932823243095 -0.0575890751009209 0.0152810974384616
-0.028747569601191 -0.0432093961855616 -0.0579336182552728 0.0117981634407486
-0.0379026029161056 -0.0280465134713562 -0.0576444080552113 0.0225520170995612
-0.039963144939071 -0.0140724023937805 -0.0489893115476984 0.0207531541767066
-0.0422040473340844 -0.0145487345399989 -0.0460528165605153 -0.00275586992551224
-0.0392890504918733 -0.0190822443593695 -0.049913259550987 -0.0288971781524207
-0.0419162860990276 -0.0314331673060502 -0.0382429393585349 -0.0549530583867513
-0.0292815028821499 -0.0500696593540526 -0.0122041417711928 -0.0770938682749508
-0.00423356762760699 -0.0609881587893177 0.0330312825818449 -0.0680040946878473
0.0342159496153431 -0.0603243308277529 0.0442961830619051 -0.0211425723297368
0.0646525094928556 -0.0415182670489933 0.0152279224443287 0.023873772375
0.0635305082192392 -0.0209293201492289 -0.0497909396985492 0.0323484345826654
0.0242732912065783 0.00219342131750121 -0.0952031578308823 0.054434066042151
0.0305560209088515 -0.0134376121287391 -0.0851253349791196 0.0378149813839317
0.0190131454626274 -0.0254822740889358 -0.0706324585991594 0.0195842421776028
-0.000839039452206643 -0.0254973229423423 -0.0566122088776412 0.0123528178285162
-0.00955547605262022 -0.0192503311420076 -0.0640852749241854 0.0103493919227822
-0.0136548047788895 -0.0157480680887463 -0.065910069053945 0.0231034488744451
-0.0174632704502608 -0.0103444627478819 -0.0611273625237252 0.0184520248258747
-0.0197222575187766 -0.0113612518737184 -0.0571079744680278 -0.00753558898912847
-0.0186384426702925 -0.0152426991219128 -0.0587019402295815 -0.0354567123453107
-0.0181954164694863 -0.0228967049388854 -0.0415329147493792 -0.0635485123908962
-0.00788386393762185 -0.0331779932026413 -0.0103951780900405 -0.0827058294212002
0.00861686472232294 -0.0370541085290986 0.0345828812475997 -0.068426461579671
0.0333040308591054 -0.0303338047688196 0.0400464905095374 -0.0212855937501276
0.0457533248696651 -0.0112529181374755 0.0054290618468665 0.0192939090911462
0.0357042781380066 0.00282907639566077 -0.0641605851570229 0.0278070289939569
-0.00317892070633332 -0.0145171863032273 0.0703937044887999 -0.0337171708997805
-0.0174835457781291 -0.00327812641372702 -0.00106669694256114 -0.034864661127914
-0.012630418809801 0.00852330691833567 -0.0437033163385287 0.0131375831980959
-0.0031754375466446 0.0100257553203036 -0.0451627539387062 0.0651271034306703
-0.00103666542014984 0.00610189443374778 0.00287161278824563 0.090643303677577
-0.00383297387117169 0.00597467973489952 0.0453666769869187 0.0719337636212577
-0.00448898792990702 0.00665405771676951 0.0634310371889995 0.0372077363407021
-0.00873178070368474 0.0082512662606189 0.0683717119844327 0.00596824730895839
-0.00897677155631301 0.00842277653958458 0.0636383211176617 -0.019591787195695
-0.0120923698021615 0.00769404655960858 0.067156057272192 -0.030781504169021
-0.0151922454862221 -0.000518944051704175 0.0675101831826559 -0.0248076591828586
-0.0115472512499197 -0.0045629837958994 0.0626697531705161 -0.019412500707703
-0.0106563699712649 -0.0118277746624778 0.0714273888822281 -0.0199306679147922
-0.00804178724478706 -0.0206432728898255 0.088177770400921 -0.032004092527136
0.00494922980044552 -0.0200286390272624 0.0976779583936295 -0.0630137716296146
0.0284096014407607 -0.0246838300682036 0.0668516709855843 -0.0278613150605097
0.0113920270776287 -0.0224930894693794 -0.00315912523226284 -0.031774135131585
0.00450817077267777 -0.0136205012398353 -0.0441333141423107 0.0117752510323262
-0.00125115952467013 -0.0151967553584372 -0.049330230373891 0.061581281289961
-0.011595761979947 -0.017325237234994 -0.00415983800638287 0.0865325150909784
-0.0227524433051978 -0.00988875201231882 0.0359972242709408 0.0717701492274694
-0.0266152862534775 -0.000601412688462618 0.0553201592703388 0.0409521196451372
-0.0334135855333548 0.00448604213337058 0.0605661326818638 0.00955691233702916
-0.03362696248878 0.00595904763328864 0.0543924838924312 -0.0184454121867625
-0.0408629821461981 0.00127718718504279 0.0557305153022001 -0.0357851375240446
-0.0431805907085752 -0.0195130167787908 0.0586820751132089 -0.0363852389531711
-0.029766466185264 -0.0354514887613065 0.0596414047015591 -0.0314690047818108
-0.00860554088225883 -0.0509003022258116 0.0683332042473926 -0.0245385665575694
0.015816954934907 -0.0572651734057447 0.077843621390224 -0.0276729658544328
0.0357934787047876 -0.0480515353349904 0.0828341163704598 -0.0519999575101777
0.0576180351110012 -0.03081507780004 0.0486222599815289 -0.0199501010757286
0.0415186661470636 -0.0403611642985867 -0.0150381371466244 -0.028365099882843
0.024019058195747 -0.037398737573156 -0.049520839565062 0.00984828065966573
0.00072611416143544 -0.0422839916788585 -0.0535051577016557 0.0563764294410413
-0.0225137802388366 -0.039952378979176 -0.0111945847782805 0.0769952899411492
-0.0402001283860006 -0.0251427468960435 0.0232915441215535 0.0658723360254344
-0.0451027408874342 -0.00791017469645778 0.0404804786776876 0.0403428841396972
-0.052890259205591 -9.97381114073263E-05 0.0440635238751841 0.0115242624115473
-0.0519800439431787 0.00207255044786068 0.0363306981718093 -0.0165443347301376
-0.0630268241100446 -0.00466926258805885 0.035496770840282 -0.0391169919897166
-0.0667485296555714 -0.0329391130500075 0.0419402513478323 -0.0477914253994242
-0.0478156505262173 -0.0572979818327896 0.0529844979381269 -0.0451882149838532
-0.0108774455991051 -0.0818169637481938 0.0650629025979453 -0.0291854049293693
0.032454183419129 -0.0869314433451598 0.068532956067898 -0.0178488696614781
0.0596214072797843 -0.0683225385046269 0.0610234574786298 -0.0311715701017015
0.0775039891223956 -0.0342007172604082 0.0195226168710604 -0.00913406467131708
0.0646533524744254 -0.0557326915264108 -0.0332470481930452 -0.0219227823040351
0.0383207879532483 -0.0617738476560489 -0.0591570236511114 0.00743358592594799
-0.0015692630997741 -0.0666393853846904 -0.0567756644228397 0.04947893597566
-0.0334539796761292 -0.057454145763554 -0.0203816333774632 0.0626830717093707
-0.054070997550265 -0.0355036828043307 0.00551041005178883 0.0549610241520302
-0.0584848031210705 -0.0124927274712943 0.0207322762279726 0.037410636420727
-0.064410062466436 -0.00428252779170281 0.0220512498973903 0.011597499410277
-0.0632118841874564 -0.00257955726577514 0.0128856407967722 -0.0153329410348722
-0.0751620528050685 -0.0105655789549067 0.0119064796432296 -0.0397335051253298
-0.0785496394472757 -0.042414279918593 0.0208059685911897 -0.0557733425740598
-0.0570174971297819 -0.070492671028362 0.0432051144857173 -0.0564719549747117
-0.0104796196245881 -0.100511631343263 0.0607221858468078 -0.0309856520641054
0.046317456878928 -0.101824968662014 0.0578458449285538 -0.00397431348100699
0.0754101213095185 -0.0758954762741691 0.0341009216187832 -0.00791048657484955
0.0838386672857577 -0.0348661482908551 -0.0167507581078462 0.00529925444963357
0.0744941535141724 -0.0653575773475228 -0.0559856470510225 -0.00877804450416798
0.0426663568212139 -0.0781362728018795 -0.0662492813405084 0.00940648888617013
-0.00787046495892503 -0.0801299381981507 -0.0580750374864904 0.0394308992911332
-0.0426530123400516 -0.0647565778070001 -0.0321580356215902 0.0443635458368342
-0.060377587833266 -0.0386225782635196 -0.0163185227369364 0.0424548667709186
-0.0624771071127966 -0.0145686854284917 -0.00338654951261653 0.0316667362718111
-0.0661559865213114 -0.00797095831316933 -0.00267281748830329 0.00920457559929076
-0.0640597980686178 -0.00857772075700422 -0.0120241871009233 -0.0148610258859249
-0.0754023177141211 -0.0188126331155338 -0.0117021113160387 -0.0405439722925841
-0.0748232515385136 -0.0504228415331826 0.00133137394648923 -0.0622589034806641
-0.050099534519683 -0.0769441823153146 0.033744960469606 -0.0637462752806488
1.81815596558095E-06 -0.102478230684807 0.0548073181826585 -0.0290247870374857
0.0574326407809589 -0.0977925539746834 0.0462878432575504 0.0103668293563491
0.0811704995516314 -0.0691667108628608 0.00546131926992341 0.0148460322169303
0.0750320727913503 -0.0291662531862537 -0.0514442341456594 0.024163348743669
0.0693141280719787 -0.0614751034699157 -0.0734540813341712 0.00953913601435835
0.0377513111779307 -0.0762085278418775 -0.0705747019448521 0.0135459019402729
-0.0118883125004587 -0.0759903005699497 -0.057753526300219 0.0271622561800605
-0.0423957818353581 -0.0577575215141757 -0.0451920957497678 0.0267498833460233
-0.056197232773301 -0.0340440825632298 -0.0381936135581985 0.0325902082914849
-0.0562605446062726 -0.0137413042699905 -0.0266919870364963 0.0273136781769711
-0.0590059340431316 -0.0106003737512273 -0.0270942600497522 0.0051920633719991
-0.0558989712055255 -0.0144078726884056 -0.0345545055665497 -0.0188445573026913
-0.0635983410517765 -0.0260158337392273 -0.0301240400881394 -0.0447089924102978
-0.0571615459912289 -0.053388586997677 -0.0121671532219336 -0.0688974003166025
-0.0301675571819413 -0.0742579922670771 0.0289714465734943 -0.067893927834004
0.0166271407800773 -0.087798670556597 0.0487583570556497 -0.0252898264294149
0.0644290145928037 -0.0767119743743442 0.0319176922801284 0.0212819348398448
0.0769230644909714 -0.0486659508315064 -0.0222904155206759 0.0291143304317046
0.0535618393966023 -0.0173993114395233 -0.0783513151603222 0.0427895086958558
0.0518705662102354 -0.0434036443088369 -0.0821128075376053 0.0283489937410286
0.0275373967565928 -0.0571669520455748 -0.0702246788564672 0.0173576051797766
-0.0103195066674816 -0.0551568032720913 -0.0562945986289185 0.0175675536701858
-0.0311511048834555 -0.0399655582274711 -0.057325706337876 0.0152116588798393
-0.0395996004592903 -0.0248502832770773 -0.0560848515929171 0.0266659454071525
-0.0403217111143869 -0.0113891405253215 -0.046971567007989 0.0233355563134353
-0.0420347755260585 -0.0116128676545414 -0.0460410121825698 0.000269379757621629
-0.0400574709660695 -0.0162502816084236 -0.0517020773142192 -0.0243434814536753
-0.0430012898472558 -0.0282861224922422 -0.0417529739709231 -0.0523528612266251
-0.0318519646193028 -0.0479186775702039 -0.0171356889805097 -0.074971942316864
-0.00759966956979082 -0.0594897253310558 0.0278576014898324 -0.0698730356897927
0.0300755886904309 -0.0613667199597 0.0422241829223991 -0.0226393779730681
0.0610993610191335 -0.0455872591706665 0.0171041589310396 0.0238424668638445
0.0611666768069336 -0.0239894843471144 -0.0459241376941244 0.0347004997632774
0.0246275027999691 0.000490540525789107 -0.0915556415753595 0.0595575164375021
0.0296054202986488 -0.0149682011798451 -0.0809844755657884 0.0422031315128382
0.0168702582332807 -0.026414169521488 -0.0689213306223871 0.0227769995242367
-0.00279211184019897 -0.0245978499288426 -0.0558982174836832 0.0149406440112862
-0.0109382606116057 -0.0178329109567633 -0.0645117830345258 0.0137129624169637
-0.014919428060448 -0.0143837227020568 -0.0640525801815937 0.0268029101672696
-0.0178739547732462 -0.0089851452770117 -0.058438066044263 0.0219198499876697
-0.0197110985390588 -0.0101230679042053 -0.0580811307923029 -0.00405849174351295
-0.0193234443943858 -0.0143056783937323 -0.0610939341472441 -0.0310973141450328
-0.0196725990253478 -0.0209174498686112 -0.0453480729577068 -0.0604572731380588
-0.00937380901634203 -0.0322429390174677 -0.0155011031661372 -0.0804758234533787
0.00625596730211753 -0.0373280673227201 0.0300144601909565 -0.0698119100571995
0.0308184530991196 -0.0319760036830953 0.0387377888099308 -0.0225830416105188
0.0444554271140888 -0.0141547806961943 0.00636007112850812 0.0196995241474183
0.0353573073211903 0.000628182065143894 -0.0614147995091141 0.0310157002046414
-0.00369498084248269 -0.0141101776494106 0.0660683606780839 -0.0363456147584697
-0.0167362208396298 -0.00237965532068006 -0.00356593241981108 -0.0342113706614414
-0.0125723330901809 0.00841022056226106 -0.0425207114116501 0.0141198598950276
-0.00248896709840382 0.00956737445613746 -0.0411123188330423 0.0646734273681689
-0.00117262062989053 0.00553797760063231 0.00694127864364744 0.0881027276552344
-0.00327701291098235 0.00610278556811392 0.0470887675640867 0.0680703468018306
-0.00435022874964362 0.00668790720189089 0.0618470222778015 0.0336182608586505
-0.0081441114578786 0.00853092339638886 0.0661313849081256 0.00290642702568239
-0.00834053575822739 0.0082580162603356 0.0611976745019323 -0.0222979389902627
-0.0113718623983495 0.00750796447488857 0.0637025690715682 -0.0333203078831622
-0.0148373187728022 -2.88542852780343E-05 0.0650302809456494 -0.02765019374156
-0.0115186703853539 -0.00441137696987663 0.0606940873258816 -0.0206640164014165
-0.0109546530045264 -0.010877603549699 0.0691476643077677 -0.0216702558477975
-0.00883535923427043 -0.0195270240786561 0.0849085493914677 -0.0347609210558225
0.00473104607762572 -0.0194459894649501 0.0918065185553796 -0.0646857989602532
0.0270843884874128 -0.0253045553263686 0.0632426377182118 -0.0299561920507846
0.00973421803700888 -0.0226023328985269 -0.0053806351166956 -0.0300945444298789
0.0038911329227315 -0.0134577225007908 -0.0428992528207416 0.0124814409718906
-0.00161091369007586 -0.0145391631131778 -0.0448587393097717 0.0621132612223044
-0.0119174392514877 -0.016353534236743 -2.80938393684907E-05 0.0833575625514856
-0.0222974484823915 -0.00851840499170427 0.0381613359021187 0.0685619768117331
-0.0260644686978867 0.000694982076410301 0.0551601004124483 0.0371231389206068
-0.032309270541272 0.00628076440944495 0.0591797555008291 0.00611638350354738
-0.0322435796380829 0.00710383129451854 0.0513538027929179 -0.0201695399900566
-0.0397378225365223 0.00273809001916594 0.0519708716552242 -0.0376311325413563
-0.0435106163689007 -0.0170148075909538 0.0560059147027211 -0.0385829867969435
-0.0309699713689616 -0.0336905810029525 0.0567493807199058 -0.0322051285035153
-0.0106537600934562 -0.0486672874386238 0.0661373436841457 -0.0257225687514839
0.0126992502591704 -0.0560281456094717 0.0747681364258869 -0.0301268564632908
0.0333463942371687 -0.0474005011477638 0.0783817026347193 -0.053285065846679
0.0554952304369435 -0.0326389523169638 0.0463993188788592 -0.0217706013237318
0.0384540815549374 -0.0414972858552227 -0.0164554923087812 -0.0267520829138569
0.0221464203609666 -0.0376610393613743 -0.0488186371514011 0.010349807281321
-0.000868922115734559 -0.0406946726610314 -0.0496170341828742 0.057229075348737
-0.0234407984314779 -0.0379784899740013 -0.00768856616019715 0.0747588328013541
-0.0400659864246211 -0.0221578030752116 0.0246012267046069 0.0628928305751068
-0.0443368698277642 -0.00552879248939991 0.0414876574085959 0.0376978790444531
-0.051475807392787 0.00321985051975603 0.0430768391531922 0.00910833977753706
-0.0509320663843349 0.00432625959369203 0.0337187896521389 -0.0177061831384436
-0.0614240514081978 -0.00166023197822585 0.0327104213985859 -0.0391600461477678
-0.0664697442776516 -0.0286412355624159 0.0386815140230968 -0.0488015392284177
-0.04933704960765 -0.0531164299618559 0.0493702815626564 -0.0453850879637821
-0.0146806869121883 -0.0792928709054704 0.0628284884588573 -0.0302026281218778
0.027736992085963 -0.0861138069471831 0.0654993570945577 -0.0198109471023268
0.0556419127460825 -0.0686006215735057 0.0575350243602641 -0.0327112791400023
0.0744973105047814 -0.0368452646343147 0.0181739038967928 -0.0103420015163322
0.0601344692986996 -0.0575658475672037 -0.0346444994208024 -0.0201421799721345
0.0350383461251865 -0.0622027326610342 -0.0573246582981685 0.00856872854203084
-0.00470782082054012 -0.0648078219506071 -0.0534870699025035 0.0506482667846537
-0.0354293854829363 -0.0545836181293772 -0.0175082995194998 0.0612787625153718
-0.0544032490102765 -0.0311774690694598 0.00734294629260041 0.0534129653578905
-0.0568366603802692 -0.0102851927040591 0.0213300049572527 0.0346158780520819
-0.0630978660041455 -0.00082862142696417 0.0221205590616438 0.00998608100931428
-0.062133781396124 0.000503339348454158 0.0108723113495785 -0.0147950184094493
-0.0735536173049196 -0.00679395386896921 0.00902457475244588 -0.0383658211433139
-0.0786000044122859 -0.0376811633732656 0.0177777204605498 -0.0556543720896541
-0.0585952766428261 -0.0661731813886195 0.0394740873042333 -0.0562567019803744
-0.0146596969393615 -0.0963501216487704 0.0586569537204873 -0.0321048503305658
0.0396237569530689 -0.101829113056078 0.0563107442629654 -0.00557098740229262
0.0700237707254646 -0.0767517066119782 0.0320230284542732 -0.00861787746712757
0.080937777520607 -0.0374237409704269 -0.0156839667395154 0.00645686278970358
0.0689574209151115 -0.0673613469529533 -0.054999843110644 -0.00652116166966328
0.0380708683013519 -0.0778067480771751 -0.0650304642134945 0.0106646359107387
-0.0107536027981616 -0.0771276704151647 -0.0552850815915255 0.0397506101233879
-0.0442942148192412 -0.0605326326835324 -0.0297164680807468 0.0439869990451615
-0.0609239747278332 -0.0341406206316447 -0.0140270666818722 0.0423579861072501
-0.0611851017991984 -0.0114064404823961 -0.00165943519830619 0.0305214338553521
-0.0650049951962335 -0.00448215728985939 -0.00283101522860259 0.00878221511628387
-0.0628778017131456 -0.00567254230034572 -0.0130948911187567 -0.0135060797160411
-0.0743686597737205 -0.0150395886528407 -0.0135026499385939 -0.0390883226883435
-0.0757099430484735 -0.044736729946555 -0.00126375253884752 -0.0607579422230091
-0.0526404887626921 -0.0725411782964526 0.029878006300519 -0.0629855611126671
-0.00472595138117391 -0.0991077670056181 0.052989680247294 -0.0300387162034875
0.0510101794139212 -0.0975925320025046 0.0454961191648617 0.00913227378367729
0.0761735279971086 -0.0698262323408791 0.00590933500234386 0.013786056310569
0.0724917836759802 -0.0322490104040865 -0.0495225088634114 0.0261868255959733
0.0637167470795077 -0.063289901409065 -0.0707125251715246 0.0127652138923238
0.0336228213298027 -0.076093093017234 -0.0678898765466182 0.0141777994239211
-0.0142074789991055 -0.0729157863094373 -0.0556406498484014 0.0278870740303997
-0.0443188547696334 -0.0535294002790492 -0.0441297863859369 0.0272402604329256
-0.0563133690180033 -0.0300525351025165 -0.0358353694852233 0.0336950489143775
-0.0554551742408957 -0.0109290812043775 -0.024654986394211 0.027469182254344
-0.0570638471111622 -0.007056881751006 -0.0258885843721603 0.00653590421151976
-0.0550715355739202 -0.0109075683996336 -0.0351806091791404 -0.0154555989322882
-0.0627849486859773 -0.0220776399065532 -0.0315516462216947 -0.0415350996461618
-0.0581392213795791 -0.049322079190932 -0.0149533224395279 -0.0665205393650045
-0.0329322413065809 -0.0702129325384487 0.0246728488545132 -0.0664435651994476
0.012249758464628 -0.0858881294828597 0.0469299835820373 -0.0260652831959544
0.0588067549512477 -0.0773356003980377 0.0317031751440772 0.0200931930807247
0.0724966290751438 -0.0505428073452625 -0.0204919927606737 0.0297999647653377
0.0520464582653532 -0.0190790972488689 -0.0748199172723342 0.0454618948942474
0.0480510510081668 -0.0440818595632453 -0.0782362751225262 0.0303125156290409
0.0242496400547832 -0.0569622245343876 -0.0682367350110316 0.01900396843978
-0.0125587926120423 -0.0527158032149867 -0.0550097104832943 0.0189351335912175
-0.0319935905510485 -0.0372245794941021 -0.0560298112326911 0.0167145164889667
-0.0403053587560915 -0.0218686625802288 -0.0533708844955194 0.0284641279405205
-0.0398041881895496 -0.00968659582724642 -0.0442094560914702 0.0243733151633615
-0.041207941678709 -0.00890482741544431 -0.0448053177578051 0.00269703487861979
-0.0394992811489083 -0.0144169981388589 -0.051388151874463 -0.0209818026121969
-0.0426953377865899 -0.0248506460073038 -0.0426302191099398 -0.0483369563983068
-0.0335999141432743 -0.044712811409427 -0.0197940680882396 -0.073125623421103
-0.00996436620427521 -0.0576325380667021 0.0241584725570121 -0.0685508551387015
0.0259665056755804 -0.060824027584366 0.0406405121303644 -0.0234480755737704
0.0572636397749754 -0.0465537871703769 0.0177885050635297 0.0230258057785025
0.0585870864278858 -0.0251495253668685 -0.0432388580157307 0.0352803548279781
0.0247675183548426 -0.000165649687411252 -0.0870604817574057 0.0613656848196941
0.027401183166111 -0.0160471614839764 -0.077296251853584 0.0435627984502488
0.0147169748308369 -0.0263305482167796 -0.0661983878457742 0.0241566817087949
-0.00347212006633663 -0.0237523832922638 -0.0539307591286188 0.0160356604999136
-0.0112198951514982 -0.0166627655791172 -0.0630718081891101 0.016112363105914
-0.0150186365011927 -0.0130684492114579 -0.0610693913667411 0.0288722227684847
-0.0177474851309569 -0.0083153932985031 -0.0551310133766664 0.0237300697973275
-0.019740218627523 -0.00882404961560503 -0.0571806229214344 -0.000629107776608441
-0.0189873967903894 -0.0123658952532715 -0.0612784028517034 -0.0275123293521418
-0.0196651424279778 -0.0192364486092417 -0.0461382727852637 -0.0563383854616866
-0.0105733637883202 -0.030958431325208 -0.0186668797914817 -0.0781691771448838
0.00510060320940262 -0.0362621448491324 0.0261856435184663 -0.0688497414762983
0.0287363959191412 -0.0323555442994936 0.037323902623161 -0.0228736262287615
0.0428144618877928 -0.0152788067184199 0.00743066661903333 0.0193719802754456
0.0345200933468718 -0.000518702691156681 -0.0575010000484281 0.032661882461137
0.00302149401792786 -0.0145476214805878 0.0715916176079739 -0.00519641312616573
-0.0138073869239819 -0.00905401399395721 0.0093260186527127 -0.0306868036044626
-0.0143630378200947 0.00249854122919254 -0.0430465071827882 -0.00451361818532386
-0.00574398152652819 0.00724249357198417 -0.0631368943279397 0.0417379941968317
-0.002813083258984 0.00347786595227227 -0.0286555494151881 0.0810530931407633
-0.00551678581953558 0.00352396940876624 0.0145900916246505 0.0792633016443582
-0.00699293575263341 0.00412415176712314 0.041119274431829 0.0543368087949278
-0.0106358848877457 0.00449110705211656 0.0582172273915681 0.0284273689077467
-0.0104703125664441 0.00400187335984581 0.062724812111134 0.00432563679240287
-0.0133935658148715 0.00144360029593023 0.0703572869378556 -0.00484286315351937
-0.0137404308310066 -0.00676887065062882 0.0682552354229407 0.00165638097705178
-0.00830386816564306 -0.00940606840856868 0.0620187633403739 0.00664661861303857
-0.00551475165207797 -0.0156239776224675 0.0704321419863361 0.00879846422827058
-0.00030023406760528 -0.0215092112838994 0.0894117122505418 0.00152130066455562
0.0123716568649454 -0.016959964158597 0.108132202874243 -0.0198639980525983
0.0359904629637125 -0.0110846138611857 0.0646161593771527 -0.00458337396079195
0.018090474847732 -0.0157654208232945 0.00574576080508933 -0.0295892064727166
0.00901212087581758 -0.0102880971876801 -0.0447490939768659 -0.00763462517070782
0.00481895926977988 -0.0133096465179786 -0.0666194882442323 0.0369322153911437
-0.00406267000263034 -0.0198626562670089 -0.0350056843439827 0.0753294578473582
-0.0167369986438093 -0.0166605704468279 0.00582981272885253 0.0759980458000706
-0.0232866598454686 -0.00939996771787746 0.0333093507474791 0.0551765406064121
-0.0315604894458646 -0.00678560039929248 0.050426397247967 0.0293234691667602
-0.0315229707071226 -0.00676041053016784 0.0532094345484062 0.00163694099592426
-0.0363980379558944 -0.0134817775574212 0.0609729727379535 -0.0136781679203046
-0.0328447711103726 -0.0322570286441209 0.0643400172984817 -0.0124798345672852
-0.0151249821492073 -0.0418556882732932 0.063929628827655 -0.0055370019987982
0.00826903342445563 -0.0499529900036002 0.0705346048496037 0.00361669250574091
0.0326249205672232 -0.0470746049934662 0.0804851950094227 0.00268430581657995
0.0489288150397756 -0.0317847445118643 0.0917226655431367 -0.014340678836791
0.0651401601781838 -0.00506536355723909 0.0444913601879057 -0.00628115129638397
0.0505761332835936 -0.0199113223608679 -0.00670319230818915 -0.0328374154623315
0.0351009563140006 -0.0248878080586537 -0.0507720714569996 -0.0132839414041419
0.0159400614934013 -0.0360012274333296 -0.0700785174160394 0.0306245719287896
-0.00496922165608549 -0.0430419565273776 -0.0397223771980431 0.0640629585081503
-0.026567299136501 -0.0359159906229374 -0.00547764465109129 0.0667786413049591
-0.0366793162933766 -0.0224346847409459 0.0206835274031191 0.049703756227372
-0.0472501360477993 -0.0171131944963481 0.0347448058512608 0.025476790529177
-0.047632895148375 -0.0161445706302639 0.0363221734479101 -0.00275090941555141
-0.0546620839893242 -0.0243152887100224 0.0440352525142792 -0.0235673745219998
-0.049485888820283 -0.0511742007319669 0.0532600342884753 -0.0281881679790028
-0.0240454891667834 -0.0671171670131933 0.0623501874282314 -0.0204912041796975
0.016095029326696 -0.0790220963440228 0.0694726011745733 -0.00170050142075396
0.0562673764689864 -0.0684723710446255 0.0698845490351813 0.00887111281880566
0.0757939279745486 -0.042592664958371 0.0662752002111282 -0.00245442436639037
0.0844905064207122 -0.000215072228607562 0.0141010964242572 -0.00840887201005023
0.0765673296243846 -0.0250554140869054 -0.0254823172531231 -0.0354300568535379
0.0570703268258484 -0.0409505814231362 -0.0592836626016936 -0.0192466367476018
0.023261644243653 -0.0579771885351913 -0.0722401565470078 0.0227663383396081
-0.0091542967076063 -0.0625481432920214 -0.0438334868777141 0.0477082789400971
-0.0354327275703724 -0.0493931690890584 -0.0179354999990062 0.0516017717964358
-0.0465339576979109 -0.031170224862261 0.0038536821226192 0.0400145818159063
-0.056213141231505 -0.0253313219112271 0.0156940440156886 0.0182981122271438
-0.0555371380363235 -0.0235953315680806 0.0151387771605596 -0.0093227659149306
-0.0637623568692119 -0.0337834667022266 0.0231668735797326 -0.0322101926243602
-0.0574811904115726 -0.0634675269080575 0.0376828456468602 -0.0429394019557627
-0.0275337125117762 -0.0822663214783312 0.0575270395158011 -0.0352923167475514
0.0223289950646963 -0.0955600601403861 0.0664125700527233 -0.00461509342544614
0.072829523713439 -0.0780745816940008 0.0570598969397975 0.0180366805854897
0.0919611306578183 -0.0448664483133156 0.0350243646660388 0.0104207526411003
0.0903822685660032 0.00121759961780012 -0.0227583682929243 -0.00874124190849047
0.0884090547429244 -0.0296730327791805 -0.0497401220024497 -0.0321767609593023
0.0660000273801679 -0.0533873431431164 -0.0677168924222753 -0.0213121854014347
0.0229741605354141 -0.0712773846832288 -0.0703055618083002 0.0127352955583769
-0.0142032374494417 -0.0710046611056887 -0.0485096825756933 0.0278635066899843
-0.0401729254493741 -0.0544027801171352 -0.0326750924359225 0.033513225266437
-0.049742288243642 -0.0348287857693365 -0.015212420630733 0.026803967968117
-0.0564522845433748 -0.0292951524405901 -0.00560632857707491 0.00754604920922408
-0.0540253244001931 -0.0295199563860183 -0.00677583066088987 -0.0177377989727864
-0.0614711326531717 -0.040901597868204 0.00271282294889339 -0.0410784108830455
-0.0516881613211594 -0.0687056020663651 0.0220729521816105 -0.0546712088908946
-0.0198596041286213 -0.0850097428296829 0.0525240434450461 -0.0454867436390149
0.0317994268701469 -0.0933014486438917 0.0609377460492348 -0.00506511117900324
0.0819340968004622 -0.070726226171478 0.0418402312974699 0.0277867953447091
0.0943719170505023 -0.0354215737770756 0.00144532271736307 0.0196973076706611
0.0803708600696777 0.00294106242722992 -0.0594278787352223 -0.00354467739161811
0.0826686760222781 -0.0282937800962892 -0.0713168485636082 -0.0210881085563201
0.0609667140084531 -0.0536642770555746 -0.0724078292399836 -0.018597987480284
0.0175661135610185 -0.0693029624814977 -0.0661105386327869 0.002228206633054
-0.0163182840495076 -0.0649754899179026 -0.0543468506038758 0.007770302340366
-0.0375735371777058 -0.0490606093827978 -0.0479979935376996 0.0163862694989234
-0.0446149850506787 -0.0313951284170224 -0.0343812654049752 0.014466703744727
-0.0487156051666004 -0.0283040512806222 -0.0259860655001552 -0.004180976181019
-0.0449935600621715 -0.031118972631199 -0.0254384805716133 -0.0280408260649636
-0.0481203093340007 -0.0425285138925501 -0.0115820298319754 -0.0504353494133394
-0.0347478406520207 -0.0659601899662658 0.0132124488605366 -0.0654360843289988
-0.00344923243272025 -0.075674784018435 0.0491101857860638 -0.0502432514961316
0.0420123709506651 -0.075101367912479 0.0537430030460309 -0.00415478254851234
0.0812856852190384 -0.0488535761172378 0.0246850955075521 0.0329054514851636
0.0841079829143363 -0.0185643280025194 -0.0290110534361078 0.0220442039788693
0.0563021101691074 0.0059400920004661 -0.0883817765398711 0.00467662478393864
0.0610829574750556 -0.0187847398104577 -0.0841284022828703 -0.00737556640993286
0.0444937522691292 -0.0406925952322572 -0.0728596575619536 -0.0134998831686792
0.0109921775063419 -0.0504854654763043 -0.0603363397219394 -0.00617720837575908
-0.0126853270300297 -0.0454944991333411 -0.0597712482347673 -0.00766922001086052
-0.0264320755565719 -0.0356193003167035 -0.0608374584854874 0.00461812605782208
-0.0311422163145599 -0.0241671452299235 -0.0500290035781076 0.00361018538670803
-0.0332010806268633 -0.0239240513568148 -0.0416862262965457 -0.0153678230627611
-0.0300037072265518 -0.0281583826837483 -0.0378085151467346 -0.0392185494873603
-0.0296830010165278 -0.0377719496182213 -0.0181518051565639 -0.0617269605235054
-0.0142437629893181 -0.0527066267788589 0.0117998107650825 -0.0727159798969179
0.01253923228952 -0.0557674188576283 0.0495071616153047 -0.0511404644442144
0.0462167961696628 -0.0463222659322503 0.047065919263597 -0.00324232233328928
0.0682697037340937 -0.0215394416705069 0.00992242621458757 0.030368429922089
0.0623353139993022 -0.00109116895220545 -0.0516978752665272 0.017411616308527
0.0226285806416947 0.011258698688997 -0.102800161448678 0.0172188458150755
0.0312709812375921 -0.00250155625903457 -0.0870708992218037 0.00667208127585909
0.0237483727359446 -0.0170406354130865 -0.0705736750551523 -0.00700581173424007
0.00707237700905423 -0.0218732240809822 -0.0570256480028077 -0.00929010303994842
-0.00216011861899096 -0.0192205288656238 -0.0639231581265287 -0.0116228720824112
-0.00814827485951187 -0.0178490793202563 -0.0674452126035728 0.00157865571390168
-0.0123686751112545 -0.0149692312036181 -0.0595640087780471 -0.00114434772326312
-0.0140410163478368 -0.0152697091326481 -0.0503845545658344 -0.0227693736254808
-0.0123216276958314 -0.0188436654459429 -0.0432481730824703 -0.0479290637388518
-0.0109283666851506 -0.0240830340122351 -0.0187465308588289 -0.0690505618717557
0.000877483627082674 -0.031365752687263 0.0148806593404503 -0.0765287012009392
0.0174796028875368 -0.030863078914378 0.0511891036876366 -0.0501462896120781
0.037950470760131 -0.0192571582656328 0.0424803830988123 -0.00450744748158479
0.0444522950544646 0.00222017114804277 0.000215798469412102 0.0225004494856431
0.0309007964045756 0.0120527276137423 -0.0639851603177305 0.00812686962755432
0.00286151021998959 -0.0147366122382936 0.0703888384189607 -0.00692295696795916
-0.0136078039863896 -0.0085091413498213 0.00812639808816992 -0.0312148263938091
-0.013724428899232 0.00219054200888281 -0.0436719391016272 -0.00437302181138966
-0.0055715934004573 0.00752186714321925 -0.0621794110585999 0.0420851685355761
-0.00305440884256141 0.00366862085188623 -0.0269873311265849 0.0801339689481205
-0.00517029348191002 0.00365051961973309 0.0160311276237163 0.0777067832062575
-0.00668007117013409 0.00462807509829754 0.0414957025392843 0.0529255308507284
-0.010859547495547 0.00466216845244007 0.0576713920006037 0.0272231679919347
-0.0107940055118579 0.00405592013192622 0.0618180769483904 0.0031042556356686
-0.0132372977414591 0.0014901941009492 0.0689349791433124 -0.00648432991860049
-0.0135315361821941 -0.00631988640120475 0.0682955629834834 -0.000116069000933335
-0.00798954365222792 -0.00919377389233614 0.0610669259154082 0.0065496567885411
-0.0058840691028989 -0.0154198278621926 0.0706005379163282 0.00791090180962675
-0.000188503853091565 -0.0209802384679193 0.0880371558659007 0.000419909840011506
0.0131120332363651 -0.0165862859387024 0.106015874347073 -0.0212280709163083
0.0358861423810247 -0.0118208194832389 0.0633016011246244 -0.00521195850591152
0.0178342101403556 -0.015797387807203 0.00418970961576029 -0.0296392784404924
0.00916265557843298 -0.0109081630025605 -0.0445438356018167 -0.00790499378617266
0.0049410343338535 -0.013067884137102 -0.0653619822517969 0.0366701121915065
-0.0040632501634591 -0.0194810984502232 -0.0337744418072224 0.0740801610188492
-0.0169600098410088 -0.015736337988027 0.00696208395030772 0.0750699897023671
-0.0234874924399207 -0.00903619761714891 0.0336938733478327 0.0536098270475881
-0.0310625245892227 -0.00623275628990677 0.050154606476666 0.0277085310903088
-0.0317153730480653 -0.00634999927989232 0.0522421245808456 0.000899849240415584
-0.0366238809777982 -0.01257779481665 0.0601370148977633 -0.0151005993095534
-0.0334600118061377 -0.0314148680973123 0.063150030579896 -0.0130005564814582
-0.0155424314405305 -0.0415082662796174 0.0630852573835423 -0.00607967709642919
0.00736635199081141 -0.0496747254639664 0.0706771715264851 0.00322233990431189
0.0305403254276341 -0.0470231934328358 0.0797983375390464 0.00163246786649964
0.0482357914562891 -0.0321366562371389 0.0903507145981005 -0.0149769138514827
0.0641250895504253 -0.00663900228712348 0.0436270852540964 -0.0065979087201129
0.0493528506993422 -0.0209863947541841 -0.00686363137307531 -0.0324361524655792
0.0344136590944494 -0.0258185710585823 -0.0509726084051205 -0.0137264029761769
0.0157592963473906 -0.0357355741375262 -0.0687984373485787 0.030850853065471
-0.00603182424278515 -0.0425057891348871 -0.0382326661681893 0.0634953067458395
-0.0269798151733597 -0.034597510479333 -0.00428772844553635 0.0660503316961641
-0.0376411617061683 -0.0212861376289718 0.0213294422422449 0.048528010970317
-0.0469785125279148 -0.0159266262442411 0.034988584059992 0.024130667159947
-0.0477109059639096 -0.0152002438880751 0.036074674940601 -0.00363419377899862
-0.0549322673195069 -0.023615531178162 0.0426968064988991 -0.024140183973438
-0.0504048445551315 -0.0497909517069496 0.0516227683094547 -0.0294034833585079
-0.0250263127431442 -0.0664052404160373 0.061339867393201 -0.021022373578716
0.0139940850012473 -0.0784511712826453 0.0695623658084039 -0.00146400614940943
0.0549566778120191 -0.0687221675054282 0.0693451317764296 0.00789209305417896
0.0755040927762562 -0.0425533026008606 0.0647182545525885 -0.00338107572200698
0.0841770097335216 -0.00189177746885155 0.0140817958112206 -0.00868934304681637
0.0748000603131816 -0.026288254897855 -0.0266461973402549 -0.0347664793058906
0.0559279624505534 -0.0419887096237448 -0.0596343670243177 -0.0197733189605175
0.0217682063693031 -0.0576690093309193 -0.0708033821622112 0.0230276162682052
-0.0102665958647927 -0.0616173596096449 -0.0430426963956152 0.0477459217699562
-0.0361888263752382 -0.0477447791467017 -0.0168624523290651 0.0511406922997533
-0.0470575150631822 -0.0303324571044019 0.00442075203687158 0.0388681510845375
-0.0559795525124943 -0.023635207129934 0.0154737866911719 0.0173098481648031
-0.0551457552843206 -0.0230622402504865 0.0150282199343031 -0.00919231915418059
-0.0636235605191384 -0.0323752507362458 0.0218269741930536 -0.0322695132391029
-0.0583713729926918 -0.0618482134539776 0.036064417429227 -0.0429931908248085
-0.0286191705232447 -0.0810468423927594 0.0560728481940763 -0.0349007487991444
0.0200198688601365 -0.0950512701092867 0.0664607405448152 -0.00515729163062371
0.070223944479691 -0.0780182135793317 0.0567773208221712 0.0176289275201924
0.0901476028111003 -0.0449694599354801 0.0343478731557537 0.00954490511209014
0.0899012635235602 0.000164943548645978 -0.0229362786037145 -0.00808250250700877
0.0862570944242451 -0.0313538769626869 -0.0499076259252232 -0.0310357870430678
0.0647054638649362 -0.0543883010042881 -0.0678596491126029 -0.0212691229301473
0.021389811942267 -0.0709376249061905 -0.0695612087401055 0.0130944245241204
-0.015912012025761 -0.069750449417081 -0.0480332906969073 0.0281368995958422
-0.0413927450614575 -0.0523481732944751 -0.0316286565566793 0.0335830259506053
-0.0498815339831274 -0.0331504548394366 -0.0147996570529533 0.026542960308963
-0.0561967751876147 -0.0275709222251872 -0.00573546579482207 0.00759125053970615
-0.0541755867583342 -0.0283888890105078 -0.00764289899302442 -0.0173035084989398
-0.0612689964024878 -0.0385658473100086 0.0017145929148007 -0.0405762153842396
-0.0524773217304365 -0.0668033779481221 0.0206080066233144 -0.0550771223470905
-0.0211618428425074 -0.083982772509067 0.0509797719576793 -0.0449113358421142
0.0291881348390643 -0.0934659490554888 0.0602047459190357 -0.00531415586078362
0.0796046112825336 -0.0714465326508088 0.0417301172681839 0.0276220290769269
0.0929894374632479 -0.0355476627270299 0.00214272003398645 0.0189123337351341
0.080044269670213 0.00182465868494385 -0.0599710169627916 -0.00270400710080332
0.0807108314528808 -0.029339615530614 -0.0707282817891805 -0.0205091173263396
0.0591529477554699 -0.0543721964107668 -0.0721306051201766 -0.0185550243890089
0.0158768549520784 -0.0687482791013324 -0.0652478902116768 0.00248351245924188
-0.0175945794665104 -0.0636787345780778 -0.0541783137191325 0.00776336271405489
-0.0382467246667403 -0.0471504986805742 -0.0478135476108152 0.0175119306317269
-0.0452635719786778 -0.0306644683332821 -0.0333996882439113 0.0146783456663362
-0.0484804631698286 -0.027577037008361 -0.0258557261977839 -0.0037584865798882
-0.0450853493711626 -0.030498957171168 -0.0264302160157938 -0.0269450417760469
-0.0486653016971957 -0.0410529972510407 -0.0130609651487087 -0.0501753776382039
-0.0360021309693753 -0.063788030847998 0.0112482349242492 -0.0651154664955485
-0.00429036844137755 -0.0746975227877049 0.0471790599682568 -0.0503769185191652
0.0408341972128158 -0.0745589084029687 0.0534648215311235 -0.00345861478571179
0.0790463541111636 -0.0501566245877113 0.0253423992489011 0.0333983784031917
0.0833259503552447 -0.0192385994711138 -0.0278545693137655 0.0223547194230421
0.0559678748101544 0.00508674398977221 -0.087570147942331 0.00595850410025728
0.0599089261342435 -0.019307052650446 -0.0827060253349945 -0.00661476176652947
0.0437024854715362 -0.0409404703492073 -0.0718730645185758 -0.0135601240688374
0.00959618134023457 -0.049715048113424 -0.0597911972881129 -0.00612218593050878
-0.0133364872476681 -0.04475553778962 -0.0602180174291307 -0.00652425434181253
-0.0270656358850525 -0.0343901998366212 -0.0603784033375623 0.00596633836198365
-0.0317973037010005 -0.0235969450840993 -0.0496778287211595 0.00474674444853085
-0.0335674312222703 -0.0224605318691424 -0.0412691666399433 -0.0140023218614072
-0.0306408141325513 -0.027416557520663 -0.038898544798217 -0.0379768451629992
-0.0297908558948716 -0.0366119793165608 -0.019113576515753 -0.0597774232769357
-0.0152166237852221 -0.0511427556025128 0.00987129891266536 -0.0725035705686408
0.0115840868728995 -0.0554701180108087 0.0482345278968027 -0.0516623064348955
0.0449599532689471 -0.0466037232090659 0.0468777924239069 -0.00261231638604971
0.0671799246485315 -0.0218953499884873 0.0101918568483043 0.0303783771318309
0.0610413351259399 -0.00101799653175058 -0.0502451471990993 0.0174086683968682
0.0230549691246806 0.0103960579801435 -0.10148125373765 0.0179854316323278
0.0300799014762704 -0.00288905033619802 -0.0848756823136428 0.00718208658186811
0.0230660425851059 -0.0175013045887148 -0.0705133968512176 -0.00620192226745847
0.00595518333801345 -0.0215932663561164 -0.0569993568338627 -0.00873904312076671
-0.00264639697291919 -0.0181617851879173 -0.0640358394309265 -0.0100988402389289
-0.00866150800671824 -0.0172445115232014 -0.0663454712283433 0.00307948760909119
-0.0125518517711429 -0.0144356855969481 -0.0589499774701171 -0.000206629239756563
-0.0140602266000819 -0.0142730782118263 -0.050797275996307 -0.0214596561850071
-0.0126074111909828 -0.0182410523161811 -0.0442965695752082 -0.0463291046029378
-0.0109451756065111 -0.0231371907227616 -0.020183472227496 -0.0674080223187901
7.93796613487948E-05 -0.0310716270803696 0.0135126260184628 -0.0762580544192847
0.0170179326337581 -0.0308755287124846 0.0500627175927369 -0.050265675462028
0.0370660326677679 -0.0195253270532787 0.0423068596143349 -0.00415643514814325
0.043518398441151 0.00121852611680082 0.00161830407426469 0.0229837057777056
0.0308281305663079 0.0120690932226465 -0.0628630627960969 0.00891026618485662
0.00289154234403203 -0.0144608604136724 0.0696019598152784 -0.00897119380766284
-0.013833415875548 -0.00837947094183858 0.00643623617974514 -0.0306994510584633
-0.0139609377921742 0.00230909136487766 -0.0439505146502753 -0.00363674144597086
-0.00523989761453336 0.00731172820740129 -0.0611437889546314 0.0424326712048506
-0.00240590330130204 0.0034007396131789 -0.0251619522445633 0.0807046003376727
-0.00480209287732087 0.00383699069336656 0.0180789990731037 0.0767355127112078
-0.00680738787531067 0.00516441429986605 0.0422067732479877 0.0520567103197844
-0.0105324532390794 0.00518928801147262 0.0582692330352936 0.025664924591611
-0.010895876251863 0.00393445676441713 0.0617928924445927 0.000965999837774081
-0.0131069136604567 0.00166846908455155 0.0687998658363138 -0.00887118302011701
-0.013217921653743 -0.00623968668577068 0.068427677139492 -0.00164991083503894
-0.00820361724789788 -0.00946670488092499 0.0623871489430653 0.00619163239879923
-0.00647655110088716 -0.015117912240899 0.0710887683165516 0.00679850625174259
-0.000788607938947269 -0.0202300654868291 0.0878335039950024 -0.00178027086695758
0.0128279642936411 -0.0170947538337331 0.104966321409858 -0.0236347594179014
0.0356408570058132 -0.0124008411682958 0.0623808701101608 -0.00685257133873065
0.0169768078966763 -0.0164305224836784 0.00279024344614477 -0.029245049847792
0.00852748409649856 -0.0112814528229407 -0.0450733393076065 -0.00753080870050417
0.00443083056712758 -0.013379310594917 -0.0648724793145749 0.0382464543977498
-0.00512488115046828 -0.0195876613844246 -0.0319584226343444 0.0743730385825633
-0.0176554580700975 -0.0149667282974723 0.00814549509576093 0.0741092817090458
-0.0245446558980195 -0.00808827588249928 0.0345894778859582 0.0530284197393195
-0.0312734277852717 -0.00509547007596672 0.0506353946272652 0.025878753300276
-0.0318392373342582 -0.00580109956278075 0.0525124936722834 -0.000667156299015314
-0.036952785687482 -0.0116538292680125 0.0589299948351732 -0.016948913566758
-0.0346435079252739 -0.0307422737182366 0.0634181318138745 -0.0150009423105004
-0.0163563436986572 -0.0414341203049892 0.0631433392520499 -0.00648956179069485
0.00594322813933017 -0.0502638822442779 0.0710909578052235 0.00213063648245361
0.029655770498227 -0.0478756506467979 0.0790997315728322 0.000494070208707895
0.047704308297921 -0.0329248418022565 0.0896206996761395 -0.0168161398030204
0.0644054206295059 -0.00847877772275111 0.0430317147314573 -0.00786727250668558
0.0483814686654035 -0.0223483500999242 -0.00851691256658732 -0.0321223832186124
0.0338268576965107 -0.0267054194786684 -0.0516000233436513 -0.0135307023786527
0.0148615129719864 -0.0358772386050594 -0.0681537596761318 0.0318636466696873
-0.00775636860564605 -0.04191478756089 -0.0368702200829247 0.0641360829919715
-0.0287172513974096 -0.0331792806942846 -0.00307245338800189 0.0653759404535146
-0.038364882996978 -0.0202323066860052 0.0221658200604362 0.0473734442862769
-0.0475488435181293 -0.0145829264086361 0.0361053883977457 0.0229261071006671
-0.0478842769328331 -0.0140672441839237 0.0353244519829905 -0.00422808809498611
-0.0555041919022246 -0.0221000851212817 0.0419172616730575 -0.0251412839509172
-0.0527641947615314 -0.0480197031710993 0.0511644659956713 -0.0306645762126919
-0.0269640745488702 -0.0662487409107687 0.0601416603192483 -0.0220286459501694
0.0112706298561568 -0.0791068970220465 0.0699420434669526 -0.00327485001158909
0.0522199628799872 -0.0699051365198747 0.0691414708864 0.00695556619011944
0.0741096686139215 -0.0437035646461668 0.0650241648705917 -0.00457212711582241
0.0848312108836833 -0.00421795028970681 0.0134298271151996 -0.00930559940445996
0.074047331546342 -0.0287022433663386 -0.0274612922432632 -0.03408822400671
0.0544125483927809 -0.0437735909384484 -0.0609559659510374 -0.0190457392532409
0.0203161018262303 -0.0582957480134814 -0.0706717294197179 0.0240690729240669
-0.0125777938313444 -0.0609092580079204 -0.0418260050283822 0.0481864735468055
-0.0379481360732599 -0.046334064822869 -0.0158910608526636 0.0518996901095606
-0.0484868295464636 -0.0284155286798729 0.00549104203681918 0.038793466500888
-0.0568808024125861 -0.0213040981114055 0.0158731634883676 0.0174171072196688
-0.0560902441884107 -0.0218234834152704 0.0137803279945799 -0.00941310708084099
-0.0650697717853309 -0.0305187875580587 0.0208188936079118 -0.0326567658505855
-0.0608823623526424 -0.0593486884841331 0.0340807531316522 -0.0447626240362754
-0.0312470010796768 -0.079886455548651 0.055151908145059 -0.0357498635875958
0.016465444614149 -0.0951198079014585 0.0668399875658806 -0.00606676571871398
0.0673973786879513 -0.0805572987137202 0.057061473942103 0.0171933180043625
0.0895113163573905 -0.0467910592173614 0.0347452023764863 0.00855334991277383
0.0903522178550611 -0.0025294316568193 -0.0236356265198506 -0.00742391768855197
0.08486530038165 -0.0334519679476475 -0.0510390372693824 -0.029480407986842
0.0627811702669027 -0.056168727676086 -0.0688537811974119 -0.0209100504059993
0.0198726313867212 -0.0719855382142803 -0.0692182022559082 0.0139486444691467
-0.0184499405612807 -0.0694282706703112 -0.0483534437211707 0.0281623270763274
-0.042916167683189 -0.0506294948749628 -0.031151463502241 0.0348708025153177
-0.0513270359383862 -0.0315096678316121 -0.0136301093480602 0.0265372114124415
-0.0569155294808859 -0.0253545668625545 -0.00540568877505306 0.00821305264410034
-0.0552189360547779 -0.0270950795892618 -0.00840221536295183 -0.0163355770659219
-0.0624459443103293 -0.0367941054152391 4.13481074627667E-05 -0.0402047388133631
-0.0555986163084986 -0.0651024032724682 0.018982628981108 -0.0561531856769991
-0.0232935237563202 -0.0834670459157549 0.0492822362535422 -0.0457028369937641
0.0264354315969897 -0.0938664007755562 0.0607356042674097 -0.00539583686072984
0.0764704617936633 -0.0737219626600463 0.0425991826796862 0.027460217914197
0.0927206624945927 -0.037427909909146 0.00256476268026251 0.018809641781891
0.0805802919815446 -0.00066358657888672 -0.0596758556200572 -0.00123030970481269
0.0789879234036982 -0.0316687624965317 -0.0710966906510997 -0.0180399609013523
0.0578286288331172 -0.0562011483671247 -0.0737866867767938 -0.0179286693000978
0.0137291925241505 -0.068961566284558 -0.0652042297794277 0.00314864092850003
-0.0196238283506093 -0.06269350463804 -0.0547893403330236 0.00857244798004085
-0.0398820981153034 -0.0459498004361247 -0.0475385553405011 0.019111006444889
-0.0460554139207361 -0.0291835818065455 -0.0332229431558254 0.0147274242728024
-0.0493569870320255 -0.0255528771739124 -0.0261601132011781 -0.00245196605330709
-0.0462471229940916 -0.028706309602189 -0.0275370317455567 -0.0255731316298559
-0.0492505244856978 -0.0396748688163318 -0.0143180101470932 -0.0496235257874981
-0.0385155644070841 -0.0627398067961198 0.00934872442540302 -0.0650169375050641
-0.00663538119385601 -0.0742875422013276 0.0456428243571861 -0.0518183477535782
0.0383318384193509 -0.0756608294291294 0.053814014425062 -0.00394781921164372
0.0775423203682283 -0.0517005076602465 0.0266212042741693 0.032657708846388
0.0828695934397597 -0.0210111621670163 -0.0269862028795963 0.0227586436190319
0.0560012804542934 0.00336516947958981 -0.0875763213392225 0.00818542367661446
0.058467989975005 -0.0210460477481608 -0.0834390936687377 -0.00505553770983997
0.0422550805815455 -0.0419022678618579 -0.0730848154590032 -0.012226785726228
0.0087042703657902 -0.0500868708450008 -0.0602790891528512 -0.00551548969023894
-0.0150480999653007 -0.043494395215843 -0.0613100520047539 -0.00541582898372619
-0.0283236305374266 -0.0333230223784169 -0.0605044440310947 0.00835228561540165
-0.0325419364100199 -0.0226949137337828 -0.0496841955149519 0.00573331678288288
-0.0337526491922037 -0.0215315285355502 -0.0422734374879243 -0.0124285940431489
-0.0310078101412245 -0.0262052325256531 -0.0399977721072985 -0.0361024373957815
-0.0308357262241324 -0.0349008813045392 -0.0214643032068599 -0.0591880007775639
-0.016507865217122 -0.0508245604686353 0.00756794414972607 -0.0724986997585822
0.00982436309500531 -0.0556351784539856 0.0461929131975709 -0.0524068446208398
0.0431258536464357 -0.0474587355222852 0.0470236905709229 -0.00298074753002319
0.0663774033987718 -0.0238565706582766 0.0115572973928889 0.0304635075310702
0.061336999399442 -0.00237390317785453 -0.0497796257514192 0.0184006675514533
0.0232628491286315 0.0100513039080041 -0.100707005713209 0.0201871988903712
0.0300293432486196 -0.00362913319221185 -0.084576621959406 0.00846109894272131
0.0217766915730728 -0.0177331909740355 -0.070053572766335 -0.0054059859622086
0.00582073395470099 -0.0210490701673949 -0.0569473013759332 -0.00806595639692745
-0.00357117583378343 -0.0179046467914952 -0.065179180584884 -0.00894233457342815
-0.0089442097609168 -0.0168757029073619 -0.0666992494432789 0.00501368552592457
-0.013601004246479 -0.0134272870907676 -0.058676238775143 0.00185515350224846
-0.0136279209516552 -0.01302727172932 -0.0513274877030822 -0.0196103181992397
-0.0131276802691872 -0.0172482285026996 -0.0465424029574616 -0.0451959025607429
-0.0117007599162786 -0.0225209382240396 -0.0213043598412957 -0.0668398318776399
-0.000250271529411056 -0.0313580057732594 0.0116997230030242 -0.0763091532935968
0.015982158402733 -0.0312115038390588 0.0482393227942928 -0.0512711480934107
0.0361436772447658 -0.020718788507241 0.0424498129906471 -0.00427444791892815
0.0440025024337691 0.000466808576757334 0.00216821317715509 0.0230576219825272
0.0313050343053111 0.0118866272778754 -0.0621274966883001 0.00963215816912258
0.00244739418041118 -0.01458736219604 0.0678036637188463 -0.011712395574458
-0.0136963887780987 -0.00730833644483214 0.00475252873886376 -0.0305834457715143
-0.0139015326530847 0.00286159791588885 -0.0434886793326224 -0.00183476071190492
-0.00489849465865008 0.00748149460605941 -0.0591512597657178 0.0446857922678603
-0.00266507290276914 0.00375170244729169 -0.0212856939813501 0.080049814829998
-0.00502392916007271 0.00405921016085839 0.0211092236057572 0.0745344543286342
-0.00678710392203279 0.00508231893158342 0.0437044389117074 0.0498928548970683
-0.0101012002110058 0.00603373546363461 0.059398213175373 0.0221461174079387
-0.0104750712105494 0.00451973488012653 0.0607377767756587 -0.00161186664600086
-0.0129622815371215 0.00195306047912243 0.0675705267510854 -0.0120593657947385
-0.0142387935152799 -0.00488442321322516 0.0679958116152727 -0.00478761425370701
-0.00849178366773981 -0.00886656711135437 0.0624290686876764 0.00387457143707159
-0.00673731602294021 -0.015215490393485 0.0713125443447343 0.00376545779602433
-0.0014390540220058 -0.0198367620856855 0.0859673795740603 -0.00457002413178038
0.0122846148642435 -0.0169550175221172 0.102266929256493 -0.0268800887828625
0.0347447532818533 -0.0141735342990812 0.0612779871128666 -0.00958919552635722
0.0155176303202586 -0.0168937219603676 0.00112618136096864 -0.0290893113719573
0.00788565944880692 -0.0118492513071136 -0.0454645577525554 -0.00612916670509385
0.00362781912872767 -0.0131954857958957 -0.0629300076747152 0.0400037031438364
-0.00607231964529207 -0.0187652569999186 -0.0286506742432854 0.0745029314639479
-0.018180125683365 -0.0141766913767652 0.0117420738242675 0.0724456103473038
-0.0242453291036415 -0.00679900803912837 0.0366224214815478 0.0503458387389971
-0.0311565414260208 -0.00320163163508157 0.0515311276117367 0.023159977795462
-0.0321784264032013 -0.00410352051839884 0.0516958781308007 -0.00290268911273141
-0.0370898747863545 -0.0100639720122093 0.0572497288273611 -0.0193481916416577
-0.036072243737837 -0.0283486420114215 0.0621159876521287 -0.0180261077595088
-0.0186502605940619 -0.0408679440139395 0.0622724216687964 -0.00813469578968625
0.0030419220116013 -0.0496734249550347 0.0709921269502422 -0.000438139965217286
0.027078920400109 -0.0482712156489667 0.0783764587642783 -0.00239696656868494
0.0465095287085762 -0.0340264743663663 0.0871070005903418 -0.0197472640741849
0.0637186375362685 -0.011275581780397 0.041974972900136 -0.00925622875964205
0.046723578420945 -0.0242516573605947 -0.0098342399657563 -0.0310714390995379
0.032008187254749 -0.0288246902117812 -0.0521195312505446 -0.0118235256789894
0.0131974862059055 -0.0361777827695314 -0.0665479940091656 0.0341509917036263
-0.00978895830119405 -0.0408587229298936 -0.0346988939384857 0.0642957958383029
-0.029999981260188 -0.0311258411839497 0.000270085139440135 0.0651427046552637
-0.039283686115853 -0.0175837734811215 0.0238128035044682 0.0466154497040112
-0.0478233347635131 -0.0118510561320735 0.0365574932919823 0.0210313334087981
-0.0484634821834784 -0.0122188030082816 0.0346449803353416 -0.00517354054974051
-0.055846499474909 -0.0188002580140195 0.0403192374437394 -0.0273655075858337
-0.054780261780741 -0.0447710333638347 0.0489903093438626 -0.0327258767478111
-0.0303336576569089 -0.0642461061815461 0.0593233460373482 -0.0235191368030775
0.00747057763920531 -0.0794438014058669 0.0695933970719515 -0.00506500684006674
0.0479911126172391 -0.0720726526590666 0.0681324338227736 0.00482642951170653
0.0723750252713844 -0.046199995516812 0.0637718053053104 -0.00744150873490808
0.0837681844310287 -0.00872987634511799 0.0126996807804505 -0.00909149149502756
0.0706586267019285 -0.0318942487048026 -0.0285754020823355 -0.0317343820484405
0.0513207631180235 -0.046194424936049 -0.0611196783359035 -0.0173340439109597
0.0177678904238634 -0.0588154058827301 -0.069184089994186 0.0262330020026491
-0.0158367537887053 -0.0593919743344129 -0.0400408343800816 0.0492085050124848
-0.0399615255631869 -0.0436660736208021 -0.0134321342344533 0.0517979008507364
-0.049472268472241 -0.026022124705586 0.00685483654531897 0.0376391611520299
-0.0569285025900902 -0.0186031014804896 0.0165091372297735 0.0155098872354385
-0.056835943359922 -0.0188569777087061 0.0129418407626815 -0.00947175254059024
-0.0661728232969005 -0.0269956745026263 0.0184321206600763 -0.0336187624294533
-0.0637014244710449 -0.0555904061481386 0.0319721058231181 -0.0460487947213159
-0.0346677376069467 -0.0781410213941769 0.0532918820169839 -0.037049858275818
0.0120292546313362 -0.0951753669792139 0.0662659187497461 -0.00822111169712767
0.0631898064540252 -0.0830220901767946 0.0570981083476226 0.0157932625224345
0.0872329720061185 -0.0491123175906431 0.0347112251989907 0.00693626657647827
0.089440476964119 -0.00674044132874269 -0.0240059420166412 -0.00569599341256754
0.0825186262533785 -0.0371448711567569 -0.0513215023684226 -0.0267337519446778
0.05949133080639 -0.0588337023552465 -0.0697091177684552 -0.0184206627003786
0.0156409893221509 -0.071947700405449 -0.0684525116492612 0.0162038572360425
-0.021662248134966 -0.0669266840996421 -0.0472473264439839 0.0293964933653147
-0.0452657791335519 -0.047855528798935 -0.0300731831765188 0.0364382602602706
-0.0525700998376406 -0.0285752474419731 -0.0128555543633762 0.0274368094294096
-0.0576125509442418 -0.0224215178706865 -0.00555318492473039 0.00816024820786145
-0.0565786502295907 -0.0241740218191324 -0.00926272522049825 -0.0152561055146154
-0.0635200795158474 -0.0332177762454439 -0.00173140850008541 -0.0400590893599822
-0.0584495215580792 -0.061306145605934 0.0161719197571882 -0.0559835870167614
-0.0270824638631031 -0.0812692830628236 0.0461196366601359 -0.0464119227791366
0.021377039225342 -0.0939262758661362 0.0607240950101026 -0.0072177280359968
0.0724398811514909 -0.0761451686078763 0.0436998419652627 0.0259928511404952
0.0902363839924392 -0.0404387297498415 0.00348226245711219 0.0187925578909494
0.0800146681893132 -0.00446595508462369 -0.0591340811984841 0.00130241238374918
0.076525900637276 -0.0348787609079758 -0.0707433750054685 -0.0156454622682033
0.0542683286676762 -0.0593418323645363 -0.0739464223156219 -0.0150917713766276
0.0108895223689421 -0.0691477101409954 -0.0641759659493389 0.00453520927420196
-0.0230232078563683 -0.0609466866522087 -0.0549864873003415 0.0105230096439964
-0.0422074954311522 -0.0430866606756248 -0.0464848961551215 0.0212550988740157
-0.0478049452159581 -0.0264562420849808 -0.0328056307003524 0.016318296832359
-0.049712808781631 -0.0226514807025392 -0.0258295819589987 -0.00128542437871655
-0.0470207936378816 -0.0266270034343396 -0.028771132482794 -0.0235128402662932
-0.0512832380776196 -0.0369092853951851 -0.0167547522111605 -0.0478871475775208
-0.0409531700432288 -0.0598934481045877 0.00624401919291458 -0.0650448477119082
-0.0105023978537637 -0.0734088910806783 0.0430965497483982 -0.0518222835724762
0.0336770840245607 -0.0762196317599693 0.0540024764003518 -0.00556361121635331
0.0737762452713288 -0.0551333987367233 0.0277486750853625 0.0324080606237181
0.0816640012213363 -0.0237331370281787 -0.0261107869785968 0.0237470403702978
0.0560219291526417 0.000655244251776835 -0.0862889662101454 0.0115607806980278
0.0567632643209037 -0.0231951638795285 -0.0816176200208717 -0.00183956150172201
0.0394448123725287 -0.0439547018862218 -0.0733139716929681 -0.00971540332424901
0.00618170049873133 -0.0500892623316091 -0.0601932401591709 -0.00406759292413852
-0.0170828175094379 -0.0422616882765376 -0.061677415431659 -0.00367323470012939
-0.0295688920327559 -0.0313474506856945 -0.0597736169801418 0.0109318933706543
-0.0342779255128558 -0.0202332802312492 -0.0490324313307157 0.00812643755675649
-0.0342236439423709 -0.0193803835506528 -0.0426286900259623 -0.00990426184061294
-0.0319633907967746 -0.0244965923751077 -0.0414220725152933 -0.0336787443636598
-0.0317406821999924 -0.0329163165235513 -0.0235925357277924 -0.0576140860610831
-0.0190673885911579 -0.0491188490471059 0.00418015837932077 -0.0718837495011173
0.00711730888737361 -0.0549169240680646 0.0430145048850455 -0.053576210573761
0.040277063215067 -0.0485356398017144 0.0468333939490495 -0.00457524411815607
0.0645476544427873 -0.0264707903120321 0.0132838924508235 0.0310180230264735
0.0609248647146993 -0.00484352955039573 -0.0481072336358379 0.020328795784833
0.0232848597371466 0.00874095540213862 -0.099115427273884 0.0241058001265354
0.0290796793909315 -0.00477371186881587 -0.0831993275284391 0.0113153283796902
0.0211020241184967 -0.0188210496015305 -0.0703242288434256 -0.00304749795404295
0.00443107856449259 -0.021032364951619 -0.0572911249909588 -0.00652489050840505
-0.00437040143305516 -0.0174747864892069 -0.0657635054001261 -0.0059535175120031
-0.00969587958671517 -0.0162833381683569 -0.0656774238968811 0.00831458267123828
-0.0140237504106621 -0.0129916428084458 -0.0583005753693552 0.00389215799114892
-0.0140821964953947 -0.0129167957795492 -0.0524894328663859 -0.0170238280151884
-0.0137524755654368 -0.016819459051689 -0.0472164472344359 -0.0417083715069194
-0.0121875799384439 -0.0214979119025637 -0.0240728162571835 -0.0654255885092916
-0.00131428700478097 -0.030343325355485 0.0080450203260175 -0.0756449807762047
0.0150301216718232 -0.0320724715601157 0.0457282009001126 -0.0522965701090631
0.0348964603734934 -0.0211831533050781 0.0421744847071999 -0.00497689724859558
0.043140280155742 -0.00166226668396523 0.00395450515080097 0.0224993234257263
0.031541153577426 0.0100126808098841 -0.0602448760651725 0.0130136403129092
0.00193367626853854 -0.0141374494435603 0.065007118742621 -0.0141296078381545
-0.0139815868684107 -0.00668686114870163 0.00386439583105226 -0.0291315713109937
-0.0131329181341402 0.0034104192070347 -0.0423701238028422 -0.000623483357058024
-0.00391688595165234 0.00742294210088189 -0.0556475471691881 0.0447738224025585
-0.00229743627775646 0.00325451355753773 -0.0169037914475669 0.0782659874781714
-0.00473676479935132 0.00358642252883434 0.0235703948611685 0.0701933240957542
-0.00650595188325005 0.00582462714916468 0.0443974488633096 0.0466060419388085
-0.010089239051671 0.00603476429556997 0.0577251973201629 0.0187779441413101
-0.0101477043212634 0.00465958750991782 0.0584683836713121 -0.00423071084964128
-0.0128266139819779 0.00232262153312215 0.0640909280522104 -0.0146563303288741
-0.013900610000735 -0.00445361574420548 0.0656333290962931 -0.00765357352467089
-0.00919579312451822 -0.00802370854656041 0.0610209037943114 0.00216961901133659
-0.00695212991599589 -0.0142670836366148 0.0693548453147544 0.00131841133546186
-0.00176179569336255 -0.0191524749645931 0.0825108326534048 -0.00740270283529691
0.0116757242390132 -0.0170020848848312 0.0969828866874035 -0.0294562496619884
0.0332505083251659 -0.0149592056386258 0.0585579856862916 -0.0111403296518125
0.0141316540611224 -0.0168767054398024 0.000147897644537318 -0.0278970956284725
0.00671286187950463 -0.0120786609380082 -0.0443938607444122 -0.00445180409976845
0.00342263821392316 -0.012766518587615 -0.0590673403275477 0.040527417975549
-0.00699378163633659 -0.0175928236764088 -0.0241993407515369 0.0726896845637439
-0.0183116435068701 -0.0122829186095768 0.0143612766347578 0.0689404664671537
-0.0241115975067251 -0.00489603112277921 0.0369822580943122 0.0472907915060606
-0.0305900170779929 -0.00139099219767877 0.0504142703799954 0.0193437953849812
-0.031386755228654 -0.00241948371384136 0.0493894231937559 -0.00544472396377476
-0.0366351682483061 -0.00767916501309569 0.0543507884691543 -0.0211553148669282
-0.0362114784249268 -0.0253976184563943 0.0593221683044176 -0.0202785975629534
-0.0195366883492719 -0.0388724772400968 0.0601260051010198 -0.00983282134688094
0.000555249382095183 -0.0480105442145718 0.068776122932072 -0.00292707641679374
0.0241990597687757 -0.0476064395581013 0.0751087736084185 -0.0044474179519405
0.0436548231451479 -0.034853329986072 0.0825304265153253 -0.0222667447057539
0.060919296189755 -0.0135842449633574 0.0399946317051505 -0.0101674508747755
0.0430463912724992 -0.0249978291991554 -0.0108345532610562 -0.0291875381528928
0.0292544340625528 -0.0291094164621066 -0.0513917606709556 -0.0101391769632492
0.0108126736875937 -0.0355015078185686 -0.0627749864987292 0.0352795416635469
-0.0118714335333258 -0.0388422935999354 -0.0305181153515484 0.0633554060071207
-0.0306647827793488 -0.0283893587037369 0.00288937001512306 0.0624274272460136
-0.0390117132877115 -0.0148823319831867 0.0245280384080654 0.0435132466065074
-0.0469233082149136 -0.00890929743280087 0.036431457532466 0.0187492386851402
-0.0477802852895259 -0.0089684309188244 0.0329278077932473 -0.00669345100369509
-0.0552931899155619 -0.0155067220216548 0.0366720217991158 -0.027376389959132
-0.0558151499289053 -0.0400569223566953 0.045761037228902 -0.0341551872098711
-0.032088049013109 -0.0605978222942146 0.0560479128008452 -0.0238911726910617
0.00319539027821004 -0.076115519529402 0.0675480313312626 -0.00792325788968772
0.0433486489971362 -0.0712193545016201 0.0663706050392953 0.00237359086469483
0.0683948880124531 -0.0473953039336903 0.0609544672002989 -0.00909974950962449
0.0804980730077562 -0.0122186554100099 0.0114461186322197 -0.00877328551243389
0.0668748434048837 -0.0336408919164634 -0.0285460198393465 -0.0294934669854165
0.0472345793630528 -0.0472691403188194 -0.0604264121368585 -0.0148354386360617
0.0143539166022816 -0.0574039134082256 -0.0657896505586342 0.0271186562332247
-0.0183322969563296 -0.0558415890826443 -0.0374739319448225 0.0484074809900174
-0.0408199416614327 -0.0396838896302423 -0.0109934749197196 0.0510335369007123
-0.0490378877881786 -0.0223235184995532 0.0076898182712966 0.0364877362437899
-0.055975212913195 -0.0150669094987445 0.0169252583514651 0.0146783128420154
-0.0561357371352595 -0.0152421867063972 0.0123399091529517 -0.00908912823447576
-0.0647528287307375 -0.0231496807869778 0.0162684917110123 -0.0326692711532977
-0.0642802979765852 -0.0499478293031213 0.029127051458999 -0.0459516845508104
-0.0374806494646672 -0.0734152923228053 0.0495322196738352 -0.037686357547524
0.00651371923724219 -0.0919019421579811 0.06458594157515 -0.010537459602387
0.0568668719118162 -0.0825542427980943 0.0563999401375262 0.0136689633707001
0.0828342703922891 -0.0507722173137065 0.0333447570258646 0.00547424134733817
0.0865538868621035 -0.0105386228753811 -0.0228090906160204 -0.00459479235955088
0.0770783263210054 -0.0393774181295181 -0.0500911517188498 -0.0236159660264275
0.0543574126341794 -0.0599249233359317 -0.0686872445933428 -0.0153059581060657
0.0120823245163427 -0.0699062039745794 -0.0648771673204932 0.0170871866426365
-0.0242706884635393 -0.0629985276803607 -0.0453314680120957 0.0303026263737872
-0.0459791859306949 -0.0432677708612379 -0.0276523248583373 0.0364889316812252
-0.0522810704368453 -0.0250784974493354 -0.0118915570142879 0.0266445521652073
-0.0566910144222821 -0.018684640223627 -0.00489181068714538 0.00783048306243373
-0.0561853484318666 -0.0206463812698798 -0.00936962175167754 -0.013597366573872
-0.06294428468826 -0.0287268392757411 -0.00367691096803383 -0.0382800604441155
-0.0595109311632125 -0.0561431036608131 0.0131397217518931 -0.0552445019371732
-0.030244884333426 -0.077314273000676 0.0428905515782138 -0.0461104420051139
0.0160746120877901 -0.0912937705201262 0.0591772586886214 -0.00932120836645327
0.0656718778322848 -0.0769301068254453 0.0434769955112959 0.0241939294380178
0.0854649865439699 -0.0421033181762532 0.00412019535836983 0.0183403650026536
0.0774024752367233 -0.0079354090249838 -0.0569126731335034 0.00413025310356803
0.0714434537103533 -0.0370215274333284 -0.0687842649150494 -0.0118687937253158
0.049520027227794 -0.0590541393790176 -0.0722707159526496 -0.0119137204935866
0.00726088960462924 -0.0669276570074277 -0.06202477376236 0.00597698367716087
-0.0249117956737177 -0.0570959628983269 -0.0535528212573195 0.0120134891865137
-0.0431313950640176 -0.0390288143058648 -0.0441021754446275 0.0228738307592526
-0.0475582393477313 -0.023055668523255 -0.0304904470859718 0.0172940954789787
-0.0490961885361364 -0.0191874789154136 -0.0251007434736604 3.62019380876806E-05
-0.0477526071604315 -0.0236787208773555 -0.028292154985513 -0.0206965462560198
-0.0508759999662935 -0.0323807340922717 -0.0180605488085211 -0.0455167342169341
-0.0423794668471575 -0.0556120170699316 0.00248454292892266 -0.0633339588072414
-0.0132805571385243 -0.0701925585871109 0.039419255016873 -0.0515009659427056
0.0285390465519457 -0.0744928999954751 0.0523115732860374 -0.00670040235926725
0.0686685891870242 -0.0556136057200956 0.0289283665067152 0.0299956380668697
0.078530093373077 -0.0257124957215522 -0.0236599331258013 0.0237787568822297
0.053659235649759 -0.00193244534737359 -0.0824190955443221 0.0148380952322532
0.0533595415251733 -0.024625273926059 -0.0780027003996507 0.00165225535880143
0.0358562435064943 -0.0436821824913781 -0.0711874287591437 -0.00737400854962858
0.0035576341916461 -0.0480998466937501 -0.0583008739502952 -0.00245726342017401
-0.0179301296696322 -0.039286106192246 -0.0603933939042288 -0.0006914618052654
-0.0300126974521574 -0.0282697281221833 -0.0573399930108805 0.0131318924318226
-0.0340945482728725 -0.0185867258588481 -0.0465013486346209 0.00984983158243665
-0.0341806490897246 -0.016892430412824 -0.0419618492338768 -0.00800988643370975
-0.032031236197777 -0.0222186153371504 -0.041774423349719 -0.0295791298463221
-0.0325787848303861 -0.0300811207853533 -0.0253656658358469 -0.0539772514745046
-0.0204213194993794 -0.0466200455261191 0.000946027896312766 -0.0696298431090731
0.00457304590713271 -0.0530922881927148 0.0395811297738718 -0.0529705850077228
0.0362864174877357 -0.0480311560698916 0.0456941568854118 -0.00506745560798789
0.0608364255143055 -0.0282102864577994 0.0146256906160691 0.0292780793177845
0.0583958211183133 -0.00694258664500618 -0.0448809884062882 0.021747011058336
0.0231526620289509 0.0073049469110095 -0.0945120280452121 0.026696224692164
0.0279663526593528 -0.00535122423036727 -0.0796871075387414 0.0137976538655279
0.0193691642021745 -0.0188162475373936 -0.0675360934360197 -0.0011164915706804
0.00346403171292701 -0.0201439751324864 -0.0558745266550501 -0.00524808292031711
-0.00461674515068095 -0.0160523843320517 -0.0640894873232603 -0.00250804156605479
-0.0103756746178006 -0.0150367168133238 -0.062830599667591 0.0111964898961945
-0.0142607459022212 -0.0112567115261938 -0.0558598740936381 0.00624106380265277
-0.0140249958423575 -0.011177927316881 -0.0509158259949722 -0.0134394450796981
-0.0137282370530437 -0.0151393827920539 -0.0476669855162089 -0.0375438567845454
-0.0125140183940938 -0.0198957108102994 -0.0260861015630081 -0.0619838015477026
-0.00352851495792476 -0.0293267267600596 0.00403320899263088 -0.0734765155021419
0.0124991253411334 -0.0310621064857411 0.0421038452206783 -0.0520856595373686
0.0323160980353619 -0.0219259904424521 0.0411217834921102 -0.00680694053729105
0.0415204808623219 -0.00327477637943966 0.00519297148722487 0.0222366079643167
0.0300754433414831 0.00868816219494401 -0.0568350708797052 0.0146503168777194
0.000196975108816105 -0.0142316712237102 0.0597529804765915 -0.018618656177855
-0.0133739532524372 -0.00470034475335999 0.000316489954433824 -0.0279147495412994
-0.0127651846107678 0.00481058285379406 -0.0398422664642483 0.00375905557512839
-0.00320069314927877 0.00716452323905056 -0.0464934250340834 0.0489124606014986
-0.00229026150677474 0.00354732177814972 -0.00661536911800906 0.0752905181403346
-0.0038606521262832 0.00454430228174628 0.0300052078681421 0.0637453403834097
-0.00463744379600536 0.00552793512509309 0.0471976023876139 0.039338538751564
-0.0086274303580049 0.00708965439652518 0.0565637610388061 0.0108339619819135
-0.00976943107744252 0.00527281683220524 0.0538464511358169 -0.0102650345993688
-0.0121547974386745 0.00368590229368366 0.0579465501539711 -0.0209462318184014
-0.0142037009704312 -0.00295205792529434 0.0611248348555676 -0.0140840633805636
-0.00909221218324073 -0.00722044476070462 0.0583136445694797 -0.00412249015651104
-0.00914051892840572 -0.012440929430815 0.0655120080564778 -0.00624234576825944
-0.00413243484878414 -0.0181833527273103 0.0760819381237456 -0.0161613521326176
0.00843890413612886 -0.018594238468545 0.0890289517278489 -0.0381582388812828
0.030470865338338 -0.0187552925729964 0.0512983619541095 -0.0152009209080634
0.0113092084439136 -0.0173505656857663 -0.00320382072285028 -0.0251452626128733
0.00471245788044811 -0.0119137531808586 -0.0436333116797532 0.000670162566335437
0.00136927939831952 -0.0123878324930546 -0.0511515162493584 0.0454744647640446
-0.00867795305218178 -0.015558426224348 -0.0152289834450436 0.0723613159169551
-0.0180810807489804 -0.0097322877213756 0.0206029993405394 0.0644652254020409
-0.0224758953338358 -0.00213523072608916 0.0401174522188168 0.0414086746605886
-0.0289405302579099 0.00209016949769011 0.0496924682253464 0.0125409972705502
-0.0301654088714943 0.00145343656168358 0.0455964675694689 -0.00956559902907279
-0.0352124327151151 -0.00367394512170511 0.0475967399927186 -0.025863685694391
-0.0370507593491895 -0.0192352555258835 0.0529462877134732 -0.0245526239929561
-0.022794878858405 -0.0339168763637963 0.0555814532564939 -0.0153894835433546
-0.00563599993618233 -0.045184329671761 0.0639018103699427 -0.0110543247637877
0.0164251990220652 -0.0472009578956134 0.0698620371027537 -0.014990282890456
0.0361610347975032 -0.0381323257451665 0.0772150028568664 -0.0304973525307101
0.057533357131979 -0.0209761132053553 0.0318722639625285 -0.011616651158447
0.037872001403499 -0.027839935894773 -0.0147540988663214 -0.0256561619260251
0.0234741816742597 -0.030364526321986 -0.0514976044152149 -0.00312029329325927
0.00646320612042049 -0.0341360767160219 -0.0557797214541267 0.0416545571101077
-0.015497325931827 -0.0345652530937327 -0.0225287722073755 0.0652395598375671
-0.0310167006780037 -0.0227497686995821 0.00879717157267078 0.060220452236298
-0.0379200569113935 -0.00976060338722849 0.0275150663635939 0.0401232659115253
-0.044580433608476 -0.0028177267260228 0.0357007145991604 0.0130681355442985
-0.0463823790074876 -0.00324824407315954 0.0295285969136875 -0.00863043719017454
-0.0529707310245029 -0.00840630856951141 0.0303560195577943 -0.0293879544659095
-0.0564749117750855 -0.0306099849666686 0.0383391850320254 -0.0357071761222547
-0.0366800019972717 -0.0531776694049749 0.0494853335496082 -0.028684040705918
-0.00692396591557251 -0.0714987686720012 0.0616521804027456 -0.0160667464197495
0.0315173911138763 -0.0708967673326558 0.0627095825304425 -0.00803053107647057
0.057178373819626 -0.0523465176839675 0.0588040132474896 -0.0165299830542347
0.0760520733115288 -0.0214443813238707 0.00396271628740538 -0.00688042955562631
0.0586032648999507 -0.0378029209449324 -0.0322953321276717 -0.0231173126145036
0.0384057164024277 -0.0494946202172003 -0.0623525337768215 -0.00607866818474508
0.00790159467702473 -0.0548684177668963 -0.0598322525982442 0.035006065331649
-0.0231302502176631 -0.0502368893562839 -0.0306542564255926 0.052558328848866
-0.0423394380861067 -0.0322411266975323 -0.00525212163912255 0.0513592246871853
-0.0479696412077256 -0.0150502560875355 0.010944898587249 0.0347164593262272
-0.053916167162116 -0.00768368537256216 0.0174294444463637 0.0122172386429598
-0.055232987244116 -0.00782838456331837 0.00997279047622241 -0.00933591737187697
-0.0632929729970222 -0.013828781235248 0.0101493770306792 -0.0316293469086947
-0.0660665311637134 -0.0390125899402627 0.0207280325783647 -0.0444286570500595
-0.0428047416210547 -0.0643887679099506 0.041533694502587 -0.0405174107447993
-0.00564329647049681 -0.0862807456157928 0.0586527287699408 -0.0180978147211092
0.0427999842135798 -0.082751842985622 0.0544774207740879 0.00204435137395252
0.0703616072083278 -0.0569857407347484 0.0352339461481937 0.000678661259144273
0.0819983642983718 -0.0207295227320041 -0.0290498767560239 0.00037266232014508
0.0681432491243627 -0.0445091250872058 -0.0516681180036108 -0.015146409003088
0.0443576938817985 -0.0621244522996371 -0.0700411512203834 -0.00483073985505349
0.00439504350957867 -0.0669365184651104 -0.0615520393938879 0.0255062601152522
-0.0291492525603863 -0.0564523969705754 -0.0405195178941703 0.0365985451032648
-0.0476226010702362 -0.035614816341962 -0.0226056671517561 0.0403088800749402
-0.0518514515537964 -0.0169192091195728 -0.00958088828646073 0.0279255943494584
-0.0551426642644671 -0.0111393416336678 -0.0044951665497568 0.00830948762718968
-0.0554029261489536 -0.0133584062769596 -0.0114508153031863 -0.0108376924948281
-0.0621351655133966 -0.019557321001932 -0.00934293743068682 -0.0344446403267892
-0.0623298826161185 -0.0445711814880262 0.00430551659571695 -0.0524379590396188
-0.0372338777687771 -0.0681871642559942 0.0338494558941434 -0.0483395030394473
0.00333565972300898 -0.0869145005213308 0.0536086935656907 -0.0169044655096287
0.0518678035607081 -0.0783720432594539 0.0450247909663248 0.0130858503874712
0.0747263705515043 -0.0487608331333235 0.00833039124233788 0.0156593830727751
0.0728470317387201 -0.016775869235978 -0.0591777981294831 0.0113841856770017
0.0629615348574708 -0.0413013889864994 -0.0673421026472273 -0.00222199922732312
0.0395022189844236 -0.0605463138740093 -0.0725200410196737 -0.0014966343823422
7.9209330020641E-05 -0.0631577612899563 -0.05995985907463 0.0145175820712185
-0.0290861041329331 -0.0509962489926186 -0.0503198193473153 0.0203480812046172
-0.0444121814690588 -0.0314758624796905 -0.0393573741462294 0.0288779285828171
-0.0467995965819281 -0.0160915106627377 -0.028760960279762 0.0208802463881017
-0.0477963100300899 -0.0125406589994373 -0.0243405320962732 0.00299454307603667
-0.0471989951535721 -0.0165092521694971 -0.0291196541073743 -0.0158884403519241
-0.0505258054271286 -0.0239105948657357 -0.023854153353125 -0.0402290921031789
-0.0458176566914403 -0.0458733973740203 -0.00554764341120581 -0.0591952064258651
-0.0205738923545136 -0.0638625081968586 0.0303253713540985 -0.053307345227705
0.0173350601561536 -0.072339887280919 0.0482416283426906 -0.0135975224266555
0.0566811077417271 -0.0592868611131628 0.0322647323098572 0.0216232580493645
0.0688145104129401 -0.0321044123088254 -0.0172873161748508 0.0243780406795369
0.0514416907961004 -0.00829499636987118 -0.0811122962427373 0.0237947621632317
0.046995793491309 -0.0279422475438172 -0.0755863465899144 0.0108476453468496
0.0286651560438642 -0.0444910908737174 -0.0696232127942248 0.00276973873664669
-0.00145659319935968 -0.0450610593527404 -0.0568853888964365 0.00576926846726525
-0.0209382149088927 -0.0351631514703115 -0.058741860589833 0.00825281832497287
-0.0314296811004857 -0.0231096288353713 -0.0525965920437981 0.0205727650679472
-0.0336100361881063 -0.0126662647103063 -0.0445418853628749 0.0155194016267019
-0.0336675720074397 -0.0120217291108262 -0.0402303286482033 -0.00244840671895765
-0.0324335219490263 -0.0167918596736172 -0.0429681580018876 -0.0226083261793357
-0.0329326685674452 -0.0235012717238123 -0.0315099251923146 -0.0479962441472027
-0.0247782184619976 -0.0394923386645981 -0.00783398308574424 -0.0651004840011613
-0.00212462412473682 -0.0498070238465221 0.0306779719384425 -0.0555290237278658
0.0273646938711525 -0.0488177997715499 0.0425553923314733 -0.0112317259430786
0.0529869441705769 -0.0329272669188559 0.0187888218350968 0.0235781227033741
0.0538065326507363 -0.012326950681241 -0.0385742890533324 0.0248977943850549
0.0227120415861586 0.00453768398330598 -0.0881715820866496 0.0348488508121485
0.0254171671628016 -0.00756739912641109 -0.0734623222576417 0.0209981463498843
0.0156391155123037 -0.0189332763964571 -0.065521695265326 0.00676903495009987
0.00100899304336798 -0.019052533252078 -0.0546887467755695 0.00180010298534962
-0.00578366738790536 -0.0146669799341471 -0.0622832001694969 0.00529176715245217
-0.010977686728442 -0.0124063421193384 -0.0583806396591003 0.0180699550505998
-0.0149794102021529 -0.00883314736852282 -0.0538330647821364 0.0128260342911048
-0.0146794754650765 -0.0093677072939212 -0.0495819746875469 -0.006309340043082
-0.0147633146704983 -0.0128836109230945 -0.0491338454210131 -0.0293538951834171
-0.0134342313359221 -0.0166755264699315 -0.0326003431962908 -0.0549363987001819
-0.00600772358055647 -0.0261249544904314 -0.00416883284115341 -0.0696651581436779
0.00748505790227916 -0.0301122127597981 0.0346304100518064 -0.0547173622735154
0.0268573574280003 -0.0242291221847916 0.0384552100672933 -0.0110771112572208
0.0378355018570621 -0.00767601078724852 0.00972664108310886 0.0193379913816313
0.0291546081107541 0.00538672152970027 -0.0509901709205225 0.0196317987425377
0.000970125299180281 -0.0134300425050479 0.0566259948624492 -0.0168699299884191
-0.0125527704176931 -0.00472355604142778 0.00162167975390821 -0.0268252568897442
-0.0120794307567726 0.00433006376853618 -0.0385724803295971 0.00231529281588332
-0.00289852559040401 0.00651145418025959 -0.0458653389678775 0.0455878182658233
-0.00239607138680142 0.00299141615328218 -0.0077968263301525 0.0708615944060387
-0.00428062052372845 0.00423032989304341 0.0266918232916294 0.0608787610685837
-0.00458404825806407 0.005360350487983 0.043684593252165 0.0380249989731542
-0.00838574179918932 0.00626768444781761 0.0533382947061112 0.0106960505576234
-0.00988466102147066 0.00477282413537456 0.0516839093466822 -0.00888757301625892
-0.0116553082350466 0.00257593836219262 0.0552160955851378 -0.0189576415492641
-0.0133111101532909 -0.00259796033955682 0.058278225078232 -0.0120914174087973
-0.0084852944079764 -0.00730845617549887 0.0563576635053475 -0.00162598149583385
-0.0084868539572537 -0.0119858288745641 0.0625605802188445 -0.00412982639415647
-0.00339416713713813 -0.0174130389338383 0.0723722486739834 -0.0131024060140312
0.00908593009767745 -0.0174574603702803 0.0847896550194328 -0.0337620312159361
0.02900448325709 -0.0176817142444967 0.0489635934812641 -0.0132295441585687
0.0109743563581472 -0.0156769716225787 -0.0021321175061282 -0.0247626827950345
0.00432452487706992 -0.0110280092335023 -0.0419514868866017 -0.000734587461758618
0.00146667296677312 -0.0117378713944088 -0.0499611434380501 0.0418930449922278
-0.00821618870338549 -0.0150683234984498 -0.0152479335086068 0.0679361492865628
-0.0170565324631027 -0.00909546569907439 0.018422308463102 0.0616054315453256
-0.021039638717101 -0.00179476553196461 0.0374460811224412 0.0403177030098372
-0.0273112898059238 0.00166926280090112 0.047197781157908 0.0128367664987763
-0.029384949911213 0.000831290794125799 0.0437509278159179 -0.00809832257998799
-0.0340564257872969 -0.00420540700644659 0.0454639654427638 -0.0236449528429099
-0.0353913126091843 -0.0186534135551189 0.0509559878510695 -0.0226315785128764
-0.021117021946274 -0.0327365167821853 0.053716446718808 -0.012907885758534
-0.00460090696171169 -0.0431097430472559 0.0610796333281295 -0.00905205037229454
0.0163038870548839 -0.0443091824573988 0.0661390010847265 -0.0119798045911868
0.0354665784355674 -0.0354794514983254 0.0740735740623721 -0.0264929037511741
0.0549815542195655 -0.0192016401078298 0.0310487207916943 -0.0104539909087259
0.036008461034936 -0.0259649274972279 -0.0125408285403334 -0.0240732169762917
0.0228914653796788 -0.0281651346310314 -0.0490688105756651 -0.0048678953606338
0.00669540205328297 -0.0322480403864463 -0.054341488939482 0.0378644921042963
-0.0139919956659379 -0.0330435117900281 -0.0226705214610161 0.060734128992681
-0.0292845312407698 -0.0220987628054079 0.00774509180867141 0.0575274583734527
-0.0354920088266099 -0.00941462029308291 0.025560507305702 0.0386961497274929
-0.0429815372251065 -0.00333829061872321 0.03429923498025 0.0128151942968236
-0.0443557923595122 -0.00390454112143617 0.028359172150635 -0.00757833843263134
-0.0506446282751249 -0.0091730123478662 0.0290211455319003 -0.0275620581346348
-0.0537422098278012 -0.0298479281376857 0.0375132958063849 -0.0337208575377626
-0.0343529934851603 -0.0509525444936635 0.0481954459212956 -0.0257257779485467
-0.00531056268504354 -0.0680047994145414 0.0599840976088069 -0.0137145941491593
0.0310354466142552 -0.0671009797619786 0.0600157662173672 -0.00555658351000737
0.0551772020145251 -0.0485069622117984 0.0563839824767719 -0.0134271926615196
0.0728267169878548 -0.0190194210629418 0.00408331974245663 -0.00679633168550823
0.0562898426083935 -0.034634464055335 -0.0290359700685199 -0.0228679024412923
0.0366138622199833 -0.0459628710285094 -0.0592906320110535 -0.00751920137522964
0.0081446660120369 -0.0519438037140035 -0.058525736488583 0.0315078840647282
-0.0211330825821415 -0.0477564899191961 -0.0306036505425285 0.0492260400006718
-0.0397941030655743 -0.0309014370318821 -0.00579207083244996 0.0489045613468616
-0.0453364120252308 -0.0149718576973499 0.00981779783618734 0.0338552256461244
-0.0514441708627641 -0.00782132858422182 0.0158666153846401 0.0113004120781277
-0.0530623411683414 -0.00865992329628342 0.00940522529004244 -0.00830093712494251
-0.0603610473626991 -0.0139463018870441 0.00955800585168268 -0.0296735943747562
-0.0632202813927861 -0.0370896209464223 0.0207048859637193 -0.0424281977171667
-0.0404800481468638 -0.0617233230249899 0.0403623254611888 -0.0367806743697398
-0.0040210345414608 -0.0820094871353627 0.0564892029957401 -0.0153798558767929
0.041514401367208 -0.0778714731235797 0.0520026227803445 0.00381458948923642
0.0682854896467155 -0.0523329380960487 0.0334763900248707 0.00169933691248379
0.077997739727001 -0.0183798675826191 -0.0271180858929341 0.000106232584930323
0.0653820441173558 -0.040584782010551 -0.0486061128537934 -0.0158285909068534
0.0423614623061184 -0.0579744760785031 -0.0667348661827701 -0.00652091341283388
0.00501761617459434 -0.0631326501466358 -0.0599048280796237 0.0220437188492804
-0.0267581963647754 -0.0534620179331217 -0.0393833754725192 0.0333225473041988
-0.0449897206235651 -0.0342666059163227 -0.0219583503453564 0.0383154871102786
-0.0490349208280046 -0.0167123110452484 -0.00949291689779407 0.02654986646951
-0.052360106772642 -0.0110542320250644 -0.00380713904687918 0.00755351115330926
-0.052761638131927 -0.0130494065913769 -0.0104737911918953 -0.0103777924580294
-0.0589877991376844 -0.0192639140235616 -0.00883599917104817 -0.0325511752805956
-0.0587186548324566 -0.0427526896395257 0.00497884297376553 -0.049483953030849
-0.0345614230348495 -0.0651566028294695 0.0335606853961743 -0.0453816285826415
0.00411799263826677 -0.0823277026393408 0.0522299508224971 -0.0147651554020054
0.0504981228873599 -0.0737328614853602 0.0426173262627211 0.0143066131498977
0.0726207795404878 -0.0451816579475881 0.00843451015611518 0.0152016013896482
0.0701914456351875 -0.0148381551252267 -0.0564109928711497 0.010125034044802
0.0605185127716147 -0.0376060513186513 -0.0637494988136282 -0.00298581057933294
0.038107970957481 -0.0571583178366498 -0.0694034442586095 -0.00322591030406373
0.000901091423531248 -0.0602132312212296 -0.0576725214723758 0.0119738453869778
-0.0270711695003706 -0.0488287196461725 -0.0488675905913227 0.0181821212386645
-0.0419977171850069 -0.0303897402341179 -0.038037786143204 0.02739148361489
-0.0441493130093425 -0.0152715522759277 -0.0278700790853268 0.0196246580942378
-0.0457047024072946 -0.0125810113832509 -0.0229827638146818 0.00268290375283185
-0.0455121282889905 -0.0163068381907655 -0.0278854747035548 -0.0153182529984792
-0.0477599185298853 -0.0234947312220958 -0.0222864418070642 -0.0386466115195063
-0.0436007596849868 -0.0443134912380583 -0.00439240338655599 -0.0564434722245315
-0.0186790779024235 -0.0607474951306934 0.0296908788836662 -0.049824597036631
0.0174751868345981 -0.0682447836504245 0.0471566825038975 -0.0117892689614979
0.0546930486359133 -0.05515936370823 0.0305668967707591 0.0220050253474882
0.0670576801843855 -0.0294932267342853 -0.0169303483635789 0.0226611441746494
0.0491436860588361 -0.00641551676494702 -0.0774188461245393 0.0204423571478538
0.0451291357667732 -0.0254674649314388 -0.0713046408872506 0.00803200618569087
0.0275156204914751 -0.0416848261610863 -0.0673478060223475 0.000536663918898249
-0.000759630321241303 -0.0425636747913611 -0.0542759312105448 0.00345259283239672
-0.0193899832028301 -0.0334723591628613 -0.0567553527397824 0.00733505314587971
-0.0289222324779142 -0.0220034891729457 -0.05067941356088 0.0191991850041267
-0.031846715884349 -0.0122540310807991 -0.042950160845708 0.0143432622569384
-0.0313416700244573 -0.0120590230809782 -0.0385948907975164 -0.00269947711959451
-0.0306399629727215 -0.0165673324884546 -0.0404002227348358 -0.0225094782369715
-0.0309044401585954 -0.0230668268178462 -0.0288770189835054 -0.0457566937139238
-0.0226481349709973 -0.0384006689580911 -0.00636036399735598 -0.0621033599732267
-0.00182588795112305 -0.0474150256436629 0.0302879185840395 -0.0513968611503246
0.026621759404358 -0.0456331709026161 0.0411672322465044 -0.00955425835896815
0.0504844066455374 -0.0300484463931153 0.0180200971738813 0.0229203347092158
0.0512445057780283 -0.0107512875406453 -0.0371106163937067 0.0227786480819524
0.0210612033171855 0.00446802930649065 -0.0853333543925962 0.03083494922327
0.0243488565943 -0.00643815069490768 -0.0702954308939092 0.0181207940604
0.0149715091984525 -0.0179905403147401 -0.0622104048047867 0.00463847782369434
0.00162262763591821 -0.0179576742550824 -0.0528879717953332 4.62693325237929E-05
-0.00525298327555582 -0.0138627713554475 -0.0597721997292593 0.00436665453818416
-0.0106986396581391 -0.0120761205218594 -0.0558874779215955 0.0164463195511326
-0.013700970841155 -0.00845434791730682 -0.0512170343782539 0.0111414972848834
-0.0127629559492073 -0.00882454539849848 -0.0471479912940786 -0.00700272261188545
-0.0134492376382041 -0.0121069375036189 -0.0467658573741287 -0.0288180184427481
-0.01225683942426 -0.01586970408682 -0.0294654150282749 -0.0527733193326502
-0.00563327790999906 -0.0247527950712748 -0.00268629981656047 -0.0656210754813614
0.00820589493186777 -0.0284697258009714 0.033509643456367 -0.0510400131552357
0.0257534846985763 -0.0222549543019476 0.0372515135020966 -0.00937607579571519
0.0362305922555581 -0.0069597478227003 0.00845195778178714 0.018669953953765
0.0276070010592334 0.00555135504036063 -0.0490263748271045 0.0177176139355572
0.00167140617852044 -0.0129772650266303 0.0563672246030901 -0.0140050910301627
-0.0124844392643362 -0.00482161469102813 0.00295633660068543 -0.0263769733202135
-0.0118663458711701 0.0033189716891659 -0.037901196750206 -0.000555205863858646
-0.00333361465619046 0.00653416722814445 -0.0475035772151806 0.0419468525940792
-0.00244822365700288 0.00263239699601194 -0.0112159837363151 0.0690640039324661
-0.00407214783208662 0.00356499663143364 0.0237936859373298 0.0608295022783194
-0.00500328039328579 0.00554260459149698 0.0412631081631456 0.039669305143098
-0.00867555238798084 0.00582408460246083 0.0521039024895803 0.0124304272430811
-0.00974635906689187 0.00440260427126817 0.0507690057550514 -0.00605979227973167
-0.011794682141155 0.00175571010661292 0.0548527421515897 -0.0162233555875718
-0.0131000429290131 -0.00359339109404521 0.0583841792613737 -0.00893257469492537
-0.00819094475583624 -0.00743426057493717 0.055583898498762 0.000689059168599133
-0.00769356068054028 -0.0119922080328988 0.0614969780033733 -0.00110923445544375
-0.00272664203779005 -0.0168558411853907 0.0713080072680598 -0.00887496437155223
0.00964878911673189 -0.0172403557154825 0.0848272619970307 -0.0284438899544336
0.0294530944146879 -0.0158439379232148 0.0494280149353644 -0.0102004695315578
0.0114042191403605 -0.0149518341431747 -0.00078520089456662 -0.0242424929196251
0.00431990400971831 -0.0106927719649974 -0.041076067726047 -0.00366208672463612
0.00232624593727181 -0.0113383397450599 -0.051175999593889 0.0380496662415883
-0.00746039303809693 -0.015038218788084 -0.0184379933818933 0.0655219343807672
-0.0165029593138604 -0.00971023840708288 0.0149275331605516 0.0609888119476719
-0.0207020756219981 -0.00308746458887619 0.0346337116449177 0.0410747517650992
-0.0271662021470916 0.000776412414991246 0.0457139346415554 0.0141705677475022
-0.0291310188039128 -0.000772700753624373 0.0433383720023327 -0.00607349997597691
-0.0330791216085693 -0.00531668156118279 0.0452107373055078 -0.0213085239713357
-0.0341092557472329 -0.0195849398752933 0.0513029795849943 -0.0206632951104164
-0.0198211051699638 -0.032930973364999 0.0538790658641806 -0.00982210757934165
-0.00264476390663904 -0.0419980141688536 0.0608922073647995 -0.00554225543483709
0.0180403773267551 -0.0426673382779333 0.0657551849422264 -0.00750615014461094
0.0365753889035067 -0.0332113851148033 0.0743260962993753 -0.0220778580257051
0.0547736326886173 -0.0161228025064323 0.0318890367631306 -0.00849923386721404
0.0362956092307902 -0.0230416239334731 -0.0106493280723119 -0.0248808852896696
0.0225070044075195 -0.026257483387428 -0.0484494992798068 -0.00707882688635041
0.00745194432596323 -0.0312798355034996 -0.0555555349844077 0.0338604844881982
-0.0123879319494953 -0.0328819585479879 -0.0248107966257182 0.0582835122580855
-0.028112560891837 -0.0221084341669527 0.00496445295333531 0.0572807249489229
-0.034465063049387 -0.0103504126445306 0.0233290641675582 0.039354833368415
-0.0416369101480487 -0.00475686913988318 0.032781261620262 0.0142377771707362
-0.0435330300516543 -0.00516615542038533 0.0279886448952768 -0.00631564581296778
-0.0496966872864312 -0.0106540054725853 0.0299277047921113 -0.0255402510348949
-0.051817896989238 -0.0310649326625312 0.0380401288495731 -0.0314385713291378
-0.0317380641061767 -0.0510454280611375 0.0482495999905197 -0.0226250304847209
-0.00270928048168675 -0.0664183715360024 0.0597695633814783 -0.0100812289578643
0.033727669036547 -0.0640287929693406 0.0593406571298689 -0.00203623764587192
0.0573252051924431 -0.0449703676312981 0.0557286190483184 -0.00997242002739626
0.0722155404796272 -0.0157240627977601 0.00486839890003031 -0.0064084870662349
0.0564409359643013 -0.0315041805777935 -0.0268393451134127 -0.0234905709281657
0.0377333452490226 -0.0434174539065946 -0.0581160798130346 -0.0103799114399035
0.00953711402899863 -0.0505864358170677 -0.0590106848644833 0.0271594852340265
-0.0189137974286455 -0.0474655281154393 -0.0324282903853592 0.0466992020929455
-0.0374398873602924 -0.0317097785002868 -0.00784495010722254 0.0482106838504519
-0.0442224868013603 -0.0163505452330612 0.00795125506225528 0.0333126783013467
-0.0502867718289497 -0.00999582724855322 0.0154187163122863 0.0114739993517004
-0.0516899971961059 -0.0103310546094045 0.00998184937652725 -0.00701046889413107
-0.0580707517391937 -0.0160349725070933 0.0110419697995291 -0.0285843038466986
-0.0601570877720271 -0.0387336859875453 0.0217942267817311 -0.0408267500169184
-0.0375130382651334 -0.0625169539098283 0.0413941132981652 -0.0340181127911877
-0.000965870655551908 -0.0803580059106196 0.056715286978299 -0.0122494838260744
0.0443229523223312 -0.0743687142396244 0.0517709934866289 0.00682113172708098
0.0696818355731609 -0.0483000046898887 0.033018317021429 0.00311843295436379
0.0776879956145558 -0.0144498540467761 -0.0260352877911595 -0.00126603255174401
0.0651820023139529 -0.03682536361553 -0.0457109794111731 -0.0173738541982416
0.0436831694947715 -0.0547483806134195 -0.0656401684896143 -0.00995776822234722
0.00779899554853961 -0.0617005614581853 -0.0593694809566987 0.0188568265375556
-0.0245221516386035 -0.0533388974789235 -0.0412003491231726 0.0312348512087295
-0.042500694526121 -0.0345495928159763 -0.0230910342016294 0.0365436726069847
-0.0474053935615857 -0.0179751717852323 -0.0100589647331039 0.0260877405825909
-0.0507322996256341 -0.0128935891859719 -0.00471248470023327 0.00727979271354289
-0.0520433558989963 -0.0149599870525418 -0.00959192530936869 -0.0105749407981914
-0.0575254521820007 -0.0214547024037085 -0.00747715372039095 -0.0322830675351013
-0.0560118571767304 -0.0437006094593197 0.00650213201795914 -0.048971692166126
-0.0310089805179492 -0.0652533387741571 0.0349062948545375 -0.0423486212138046
0.00761933123233623 -0.0798023894397133 0.0525400135776735 -0.0114385419248059
0.0528376687918505 -0.0696497227322289 0.0417174585575176 0.016545663013854
0.0730679136626395 -0.040352766211255 0.00726595463842774 0.015399016498468
0.0689377313520696 -0.0116045238325575 -0.0553392831976603 0.00731908489643691
0.0610730829911254 -0.0344809955329784 -0.0613767431067871 -0.00680891297005516
0.0396218744692804 -0.0534197173903983 -0.0678062516176262 -0.00711645243534283
0.00328276228101916 -0.0580918593522427 -0.0571457231886237 0.00849640392195012
-0.0246161216944286 -0.0485431856908085 -0.0497841941772951 0.0163462815550286
-0.0397162154187143 -0.0308751635033504 -0.0379949740310694 0.0250262230912754
-0.0428719184855855 -0.0168077074718293 -0.0281360013624615 0.0181266247246006
-0.043969851058215 -0.0140357594205615 -0.0229043916268211 0.00226272250538364
-0.043416346275543 -0.0173412751321783 -0.0270143983381627 -0.0157694122461843
-0.046059132029035 -0.0248610796215524 -0.0201227869359547 -0.0380495477029187
-0.0408345072228566 -0.044224550430446 -0.00265800716056938 -0.0553037354559392
-0.0159403528952999 -0.0598960047706656 0.0314237505391532 -0.0469211365592137
0.0194356092553376 -0.0659195307529883 0.0474458742646532 -0.00864225543142153
0.0557350593990651 -0.0516707868015854 0.0301376313761364 0.023571672141886
0.066942877556805 -0.0259406767208849 -0.0177468391433742 0.0216833586430035
0.048499396057921 -0.00459419793289063 -0.0766339386678711 0.0166247978229226
0.0451877672835465 -0.0232389232494587 -0.0701057741922476 0.00498181062739148
0.0286475829171482 -0.0395026566668851 -0.0659717042266722 -0.00331037017083846
0.00115609003634279 -0.0417442235088236 -0.0542536104333099 -0.000300743141610763
-0.0177843137746681 -0.0332301022213233 -0.0567596018971511 0.00478929135819095
-0.0278683833287852 -0.0228474910331211 -0.0498146725348445 0.0169564248454481
-0.0306853427806748 -0.013289772821035 -0.0428793669858066 0.0123433514237127
-0.0304308627176236 -0.0132834849729756 -0.0378547397480043 -0.00408843881902625
-0.0297608081164625 -0.0173018357988272 -0.0388361357688717 -0.0235546504339521
-0.0293643490224349 -0.0236637928155169 -0.0262342512243261 -0.045922184470021
-0.0207377723852834 -0.0384804106151463 -0.00428427402681505 -0.0607087554213233
0.000422439702592129 -0.0459538997104967 0.0321506147988887 -0.0488192407838652
0.0279442320050972 -0.0434243674661639 0.041683504052782 -0.00649987507280959
0.050357814521544 -0.0271593828280853 0.0171899245642049 0.0236881643323733
0.0506653566556941 -0.00812804946755802 -0.0369925218833006 0.0203374928525973
0.0208754964389343 0.0054069858106467 -0.085456326244712 0.0259817377969042
0.0238497616869112 -0.00499471293423971 -0.0696354471261491 0.0138376055199279
0.0150622027008096 -0.0167795105731732 -0.061740017033148 0.0013158569552017
0.00227677049148868 -0.0171508142373309 -0.0524826692734964 -0.00352128040489328
-0.00411254084075386 -0.0137298632264942 -0.0595432612090362 0.00129974234365516
-0.0103797552080329 -0.0120338399564706 -0.0555008319950362 0.0140570515680848
-0.0129136233216814 -0.00848161668466989 -0.0505691057328726 0.00839637581686639
-0.0122525260978671 -0.00976935344525346 -0.0464896178249602 -0.00828650644171768
-0.0127416672087608 -0.0124426878390096 -0.0442916313391832 -0.0293691798969062
-0.010796650523328 -0.0159930657990613 -0.0260068669042713 -0.0529349406226445
-0.00457332903410668 -0.0246838093599672 0.000492184906066512 -0.0643639258112197
0.00902019897026591 -0.0271223966784186 0.0353963481528658 -0.0482023244448123
0.0260648023250985 -0.0201615966145743 0.0376976229032151 -0.00663814487433944
0.0360188709574404 -0.00508299820103957 0.0085499475871151 0.0191276323550095
0.0265094553940478 0.0064455183572017 -0.0481107165200311 0.0148873655715411
0.00236819802554866 -0.0136107281385503 0.0583886077250232 -0.0115192694382221
-0.0119297145490621 -0.00562727520082574 0.0044546267927928 -0.0276558843551645
-0.0127979877894374 0.00318532115809483 -0.0392358080472409 -0.00240609820919049
-0.00387944990242599 0.00612601179866013 -0.0510558175203959 0.0406034066655107
-0.00260962745630155 0.00321292345473838 -0.0149953787872957 0.0693012935784996
-0.00422422610418482 0.00352895073467773 0.0215033745556714 0.0627627121670943
-0.00551362403555036 0.00497295230892138 0.0405011246313524 0.0422399144693352
-0.00926754921951328 0.00605258478044567 0.0530306371039345 0.0155263281482669
-0.010281651512615 0.00413575115339336 0.0526616635148099 -0.00407524555547927
-0.0127424287088134 0.0018858023959641 0.056543827035438 -0.0141344689244637
-0.0135104979202452 -0.00383709622919383 0.0595991099125011 -0.00666491016165715
-0.008463246370277 -0.00855638890043004 0.0577141057296298 0.00397936567084207
-0.00741964604157491 -0.0122517254060043 0.0637349074197438 0.00234452651519334
-0.00186511591776782 -0.0177152640650053 0.0736532476745355 -0.00516281363786757
0.0105942809658825 -0.017198729031099 0.0878213416845205 -0.0243288984443734
0.0311408509462562 -0.0154320953668323 0.0508234646242177 -0.00867064771445856
0.0120910455506529 -0.0147212011714993 0.000439409493991084 -0.0253691658752883
0.00442330374103594 -0.0103537544541027 -0.0418887980185343 -0.00565309778383132
0.00212121926818364 -0.011622350404878 -0.0545351625175582 0.0368229538252781
-0.00686371449082085 -0.0154078623666673 -0.0212351744503922 0.0656179218905632
-0.0166626236144593 -0.0102753206213565 0.0129027671676634 0.0628439134477796
-0.0215126256626036 -0.00328013796862929 0.0341896785099264 0.0433791468352901
-0.0276719802846912 -0.000201772704576425 0.0462891639683213 0.0168531297323009
-0.0297855930962601 -0.0014673861101107 0.0445797408333647 -0.00413527298643398
-0.034215773685614 -0.0066118750524938 0.0469299034664268 -0.0196874706992352
-0.0340644373562315 -0.0219967191588763 0.0530786693064082 -0.0187927370786901
-0.0184321457143401 -0.0346364416008369 0.0557316101252886 -0.00722303444838771
-0.00119673832863119 -0.0427158254307446 0.0633203545855206 -0.00256562379660401
0.0206334401527779 -0.0428906776640752 0.0675442389978259 -0.00396813822005589
0.0392016400233089 -0.0324276660863913 0.0768881449983153 -0.0180529202937295
0.0562401916373145 -0.0142312008258068 0.032445670153506 -0.00743484682538464
0.0376133312639651 -0.0221887518921787 -0.00981723731171892 -0.0261003802212309
0.0239717253941181 -0.0257043230702339 -0.0495505937849035 -0.00979421915288406
0.00904391012671972 -0.0316086531647838 -0.0587758147813309 0.0319558211955225
-0.0113181176681937 -0.0335917726150469 -0.02835935253401 0.0578048673757931
-0.0279067025419534 -0.0233377433288403 0.00249759825293777 0.0581822426892718
-0.0348534010122867 -0.0122818987958733 0.0221109678869716 0.0404157839529064
-0.0424715993873484 -0.00598471375846881 0.0330913655121312 0.0157485368129038
-0.0453246544676958 -0.00704521486313561 0.0298940199371478 -0.00509161553022086
-0.0507479596463828 -0.0131332818986308 0.0308454319681185 -0.0242272950750233
-0.0516004506677917 -0.0332895469338912 0.0400102285663424 -0.0306662489315004
-0.0303352183779564 -0.0532754766299225 0.0513050618813365 -0.0205672840526293
-5.12987415626591E-05 -0.0682629953566263 0.0619037186901883 -0.00696832065770426
0.0365245339900557 -0.064195622195703 0.061450466984488 0.00121197383299374
0.0613873481692171 -0.0431293797910244 0.0576730925332763 -0.00764602752553236
0.0743618131584106 -0.0125409596443884 0.00633564810755531 -0.00623238361590019
0.0588884262702361 -0.0289616256125484 -0.0253930206167605 -0.025579753952098
0.0397612075954127 -0.0424083019239488 -0.0592059686263674 -0.0142510798436833
0.0115145463549996 -0.0513312785516154 -0.0620200162706476 0.024443229312422
-0.0173096390349566 -0.0488751168701105 -0.0355951271333277 0.0460748102122262
-0.0374663985637801 -0.0333965414532701 -0.0100933154942118 0.0491439453380518
-0.0447431271720547 -0.0178235602018605 0.00679773712318928 0.0342577478698421
-0.0510274550458196 -0.0111480727322242 0.0153351864738722 0.0125336979366518
-0.0524633222075099 -0.0123323647660041 0.0103300365242501 -0.00727206631729781
-0.0591838375335235 -0.0192698864509026 0.0121722549850619 -0.0284391685821946
-0.0601216420570119 -0.0414227057065654 0.0234967505729617 -0.0406311839447045
-0.0358847164732696 -0.0649057777498717 0.0440751293444411 -0.0328224615776575
0.00262036043317704 -0.0817294218030656 0.0599537644801331 -0.00967687985767154
0.0482905875238634 -0.0743962015791275 0.0527213975465066 0.00995500259328544
0.0737896112683122 -0.0457584773734277 0.0338657566882181 0.00524519110718401
0.079647143808873 -0.0114264802491587 -0.0261016985316994 -0.00269082079766616
0.0682677878281976 -0.0341076344969522 -0.0451246141026477 -0.0201268256368968
0.0460693348677508 -0.0537205338128409 -0.0665978571368455 -0.0139087624034863
0.00974971806959131 -0.0625713219018278 -0.0629383934912185 0.0155409719953514
-0.0226872064979098 -0.0553768577268976 -0.0437177158607325 0.0301610473890161
-0.0420754866471789 -0.0364259124143082 -0.0246641862836915 0.035991622936668
-0.047983823401243 -0.0200516591170302 -0.0114102283469562 0.0259694880208609
-0.0519039537633768 -0.0150477692889883 -0.00510570324229278 0.0073122802010783
-0.0528957523697857 -0.0170562495949267 -0.00982876894947447 -0.0111810439408794
-0.0572469911289815 -0.0241508502547986 -0.00591949446078224 -0.0329908788909844
-0.055898189141161 -0.0466997564113708 0.00827263949355409 -0.049588884978961
-0.0300734068307407 -0.0675901594760875 0.037542868544334 -0.0413093857846706
0.0113130114986552 -0.0810699267653165 0.055519548565368 -0.00877051490692028
0.0565487555942343 -0.0692554021283733 0.0420169045558744 0.0193427018972055
0.0775149663100162 -0.038553425789444 0.00687842414222984 0.0162628246120885
0.0713251988448211 -0.00896238299212404 -0.0566567271368366 0.00501658186407592
0.0638192683236077 -0.032002290392969 -0.0611685565878652 -0.00971884309937528
0.0420227271977306 -0.0529442471525748 -0.0693337220166556 -0.0109513161314689
0.00553543061959328 -0.059428930209336 -0.0597370442328395 0.00513537162746854
-0.0231045238529589 -0.0502838582648687 -0.0523782309302635 0.0144719204152736
-0.0393986991605723 -0.0334881848796094 -0.0400786489886239 0.0244351433546151
-0.0430439030087935 -0.0183566386856959 -0.0290633182779707 0.0175779307558026
-0.0443639792790109 -0.0162150145677155 -0.024018314605321 0.00119158612755451
-0.0443045158793324 -0.0196527351310858 -0.0269304209432596 -0.0167328346548465
-0.0461126769861953 -0.0272984643168311 -0.0191814329968423 -0.0390136526368985
-0.0404080179211556 -0.0468400118360765 -0.000255184903765806 -0.0565819073935283
-0.0137150116159601 -0.0611405329472753 0.0342914339191239 -0.0460438632826469
0.0232382534238338 -0.0656128196768711 0.0497902600048793 -0.00663315514778559
0.0590056742246118 -0.050413482368178 0.0296013272465074 0.0253268913413899
0.0700446845195001 -0.0231208383654458 -0.0184270506299222 0.0215313805560409
0.0496142205948545 -0.00202594471174992 -0.0784741999433805 0.013327513259936
0.0471773296992069 -0.0211510017524084 -0.0706220919029675 0.00134791205600096
0.0303432262798657 -0.0389528257601189 -0.0675248689575154 -0.0064199397125545
0.00279299569599652 -0.042229095351291 -0.0563159482731304 -0.00302628595316244
-0.0161655628470584 -0.0347800304488548 -0.0585157051713831 0.00260290331581053
-0.0275425349431005 -0.0240309011994627 -0.0522069017579273 0.0149408959230547
-0.0308581546024259 -0.0141508518461995 -0.0443760426042366 0.0110072287997808
-0.0302737935037174 -0.0149067153619249 -0.0388774207625345 -0.00542258242751135
-0.0292945026224729 -0.0188112112801132 -0.0387976024863158 -0.0248295966089548
-0.0287104945970641 -0.0249153505430469 -0.0251596856481712 -0.0478168480212291
-0.020198218477685 -0.0394372139898561 -0.00137150864525189 -0.0623789901755151
0.00279426602263714 -0.0467457785475888 0.0346577528570779 -0.0478476457487747
0.0306536947137015 -0.0424185846557363 0.0438629189924925 -0.00420574024541782
0.0527362470248419 -0.0255385505528999 0.0173674505264745 0.0249769307769977
0.052455906919468 -0.00592104999493046 -0.0386946251196125 0.0197989781648598
0.020939585982132 0.00644373115803458 -0.0885310573928574 0.0224185515613799
0.0244038166573138 -0.00451622780220771 -0.0716661581240696 0.0105106246870209
0.0158899080170949 -0.0160256821977144 -0.0625318724158885 -0.00167200052304868
0.00297462189744981 -0.0171380634111546 -0.0539094602218181 -0.00599047295591383
-0.00394860377633284 -0.0137744947551853 -0.0612221325168943 -0.000131891027077184
-0.00992067392287523 -0.0129080881404553 -0.0572958629473851 0.0117228161012771
-0.0131299624727916 -0.00891718389002523 -0.0523042417929541 0.00720686039118928
-0.0121226884131932 -0.0101872653867203 -0.047108653370589 -0.00983128095608813
-0.0122681948859778 -0.0130512654014301 -0.0439678924159184 -0.0315924798538643
-0.0106319923995604 -0.0169218612837998 -0.0249265897876458 -0.0549201248038525
-0.00354975571418842 -0.0253169866758339 0.00280482632262159 -0.0655955261791207
0.0102793659214738 -0.0275071084961043 0.038657002199877 -0.0471411886187269
0.0278353017600738 -0.0195266466772284 0.0392287280406818 -0.00393197445337454
0.0362222612620121 -0.00319915139451754 0.00828380596997839 0.0199562140316507
0.0279299357843329 0.00748681112346097 -0.0503262605662949 0.0130535938801519
0.00286638809072207 -0.0143262133379878 0.0623649759071513 -0.010686440698612
-0.0123504986029102 -0.00627110941556837 0.00477974578570634 -0.0295678996287106
-0.0134060321351017 0.00310797342300332 -0.0414419125359215 -0.00409014405147598
-0.00389009510195318 0.00591654129848888 -0.0554161002262472 0.0414473314221748
-0.00257282985760973 0.00280626754337835 -0.0168184473512394 0.0728342565339046
-0.00487710462417087 0.00349146909567777 0.021518651167621 0.0664898725360725
-0.00548570218246219 0.00532026284118961 0.042599202195645 0.0452296358046961
-0.0094288239944175 0.00635794162975702 0.055893152372324 0.0167355631907129
-0.0111712671111303 0.0042647032992681 0.0560248793799157 -0.00329680946633271
-0.0135674413740039 0.00162111386751367 0.0599583428878635 -0.0141939543968586
-0.014125020837987 -0.00482787603982358 0.0637433987858594 -0.00647569525809447
-0.00825035566361557 -0.00933230508060269 0.0611745796084474 0.00635942966941053
-0.0073492193096847 -0.0132582676629343 0.0671520773842368 0.00359560973323066
-0.00147674070270669 -0.0188670182010489 0.0780317185567836 -0.0031769081927611
0.0119320892890731 -0.0183832511457684 0.0939453504926853 -0.0229498790628534
0.0331446698960738 -0.0156344584879361 0.0543565979177311 -0.00799459482528033
0.0130484919466877 -0.0150536611564392 0.00144518273195636 -0.0266521730999196
0.00471963887263293 -0.010896251955324 -0.0446359927339138 -0.00718417408500824
0.00282249477586482 -0.0124046753535406 -0.0588517252247968 0.0375471346505224
-0.00720022522606338 -0.01613743793282 -0.0242454542181951 0.0682443374813384
-0.0174413800611372 -0.0109420977072567 0.0125587031737986 0.0665152331096007
-0.0221901581295232 -0.003458335486398 0.0348777431509477 0.0465404632695912
-0.0296468041994384 -0.000151215514798377 0.0484714144037102 0.0181652300878466
-0.0319776451048181 -0.00199479316907532 0.0470300536964356 -0.00348326994540786
-0.0365521169815677 -0.007979636751887 0.0503150046059248 -0.0193824747172568
-0.0364033712155065 -0.0230802966440683 0.0561904752128099 -0.0188128618683311
-0.0189992880504042 -0.0368393642968248 0.059218464880309 -0.0060039492909314
-0.00031515475449194 -0.0454820308676245 0.0665643429637592 -0.00110707353238227
0.0225724122118245 -0.0451248978910351 0.0719387868075667 -0.0024296894920682
0.0424487381747769 -0.0335871603147006 0.0816453558540152 -0.0176023228614454
0.0602214790034492 -0.0145521789663813 0.0354167042752401 -0.00743574866428601
0.0402895895763964 -0.0221163604017979 -0.0084811077762483 -0.0280878665062472
0.0253819294885337 -0.0259104351475955 -0.0524655432608536 -0.0121992169577589
0.0101546213999818 -0.0331695379576026 -0.0637109362284605 0.0317974155375471
-0.0117680937093998 -0.0355961383372352 -0.0315832573843358 0.0604762383842727
-0.0290477670482722 -0.0249101138283271 0.00199541147563652 0.0618865945892028
-0.0367918985815236 -0.0131229860161715 0.0229714300193104 0.0432715237411787
-0.0449204981280761 -0.00730336322231983 0.0346258035580815 0.0168095183664947
-0.0476374682569441 -0.00800056615129526 0.0313865405626153 -0.00478657122478138
-0.0539488366738347 -0.0144794079044301 0.033295811145043 -0.0248758708989251
-0.0545590767693717 -0.0357372639850548 0.0426717032836963 -0.0318429776067676
-0.0313069130326975 -0.0570109524048643 0.0549706615017474 -0.02026589162862
0.00128583848407715 -0.0713992530483007 0.0665172081172558 -0.006194163969102
0.0396911199400595 -0.0673067142739629 0.0649749957828516 0.00374752975173983
0.0657137667419102 -0.0447542495935312 0.0617564343536887 -0.00642838512775141
0.078854091327367 -0.0124886493943981 0.00692254169857879 -0.0070795006711021
0.0626926427712651 -0.0297031030064988 -0.0256415234072034 -0.0280629398725693
0.0426108526988034 -0.0432816892099446 -0.0624311177456117 -0.0167613022391731
0.0133177292432286 -0.053593429372711 -0.0665195589021032 0.0242149368808904
-0.0177015122487666 -0.0518821736868755 -0.0385675320873666 0.0473875468136251
-0.0390581007598798 -0.0355024755762331 -0.0110163553059066 0.0517066586941889
-0.0472497077166895 -0.0193011981101433 0.00646836586193951 0.0361370232226097
-0.0541909430336373 -0.0126840520057036 0.0157398778735866 0.013384967134054
-0.056202453841832 -0.013629049597468 0.0118975173551041 -0.00693606762728002
-0.0629472279746154 -0.0207953278385118 0.0131008240764053 -0.0298504268845985
-0.0634142491990254 -0.0438681226359006 0.0250323989521811 -0.0431010317949051
-0.0365863646613829 -0.0689485049763067 0.0478044322648634 -0.0328937865120641
0.00417752720604008 -0.086177045879651 0.0639524219325328 -0.00889217349132014
0.0522822537064093 -0.077626253896594 0.0560736352372073 0.0117566463904833
0.0795778961733834 -0.0469707648565825 0.036146108738554 0.00619441508364933
0.0854255256249474 -0.0109354383165245 -0.027037334917736 -0.00354378134479349
0.0724271648136898 -0.0351253879556236 -0.0462528187872336 -0.0225156949841752
0.0499438437390218 -0.0554009418131379 -0.0706178733873568 -0.0163789492713073
0.011055740710438 -0.0654233543214505 -0.0666346740725124 0.0141338424037959
-0.0232544167895592 -0.0586226650194803 -0.0473665708298049 0.031210620726434
-0.0442257785885798 -0.0388606700754566 -0.0266232063894131 0.038621284713759
-0.0502545560315792 -0.0214127254580809 -0.0120459275353986 0.0268792060026977
-0.0544807519644763 -0.0163775617986143 -0.00578931728409249 0.00741513155507472
-0.0558573206670675 -0.0185789385641238 -0.0093412644884435 -0.0111955794325519
-0.0610877056291581 -0.0256774764138922 -0.00578925344022892 -0.0346455301138661
-0.0589804413770532 -0.0496053649954066 0.00908347005271502 -0.0518839754685777
-0.030305001508567 -0.0714227830893279 0.0412518245067633 -0.04257659982237
0.0125726981741966 -0.0849282094327782 0.0596347814016401 -0.00840336757285671
0.0609670554282392 -0.0722596666817161 0.0447650022364197 0.0218744602969677
0.0827661996173868 -0.0392056806772481 0.0074019406019433 0.0173649354587093
0.075437698200717 -0.00833991069368696 -0.0593764306756706 0.00354409329749761
0.0674917947584113 -0.0326538219680918 -0.0639846221569986 -0.0112223634211781
0.0451829082468159 -0.0547735437855625 -0.0734144638525514 -0.0132522104301243
0.0067839385670267 -0.0626684899302868 -0.0636737095100715 0.00321350898791124
-0.0239427298585417 -0.0527566464079678 -0.0556233985817866 0.0143753699072765
-0.0414332974460964 -0.0352617914390515 -0.0425841716421449 0.0251551343419608
-0.0454984196473876 -0.0198918631175294 -0.0313421031185836 0.0173692600291628
-0.0470015343136137 -0.0173037973676268 -0.0257167718853228 0.00103437288652927
-0.0467102442612545 -0.021116263370732 -0.0284043544532292 -0.0177252769884279
-0.0481663544439265 -0.0288498299353316 -0.0196421776623955 -0.041763162779529
-0.0423038593291616 -0.0495970892392269 5.56066935844832E-05 -0.0593674708614778
-0.0135335292211926 -0.0650283860780255 0.0372559642133176 -0.0478203375661224
0.0252978339671354 -0.0690921795024519 0.053643324616726 -0.00559061480038454
0.063675747977703 -0.0525022147717147 0.0313539940278863 0.027591893184618
0.0750357521031881 -0.0231412889137945 -0.0199895810745277 0.0224066727387543
0.0526944470331562 -0.0020927927742818 -0.0834447078405282 0.0121441653945778
0.0503849917450187 -0.021035205449881 -0.0740251056062942 -0.000499552767971331
0.0324575258523452 -0.040278684822592 -0.0713823139762663 -0.00864588727240843
0.00431117224880782 -0.0445630188938967 -0.0600150587429358 -0.00541013810058658
-0.017166844256604 -0.0367304514603803 -0.0628199413264166 0.00220887045735139
-0.029599592008275 -0.0256151736931178 -0.0554713392905547 0.0152398100779317
-0.0324356394748479 -0.0152722700900111 -0.0471569870589026 0.0100397609292027
-0.0317227572971198 -0.0159581289316702 -0.0414080223899506 -0.00589132566091503
-0.0312204832650708 -0.0197884882855334 -0.0405357572645313 -0.0262436102440794
-0.0295756831176249 -0.0271320116638161 -0.0259101817927284 -0.0506596343250858
-0.0207049601925836 -0.0415625556770398 -0.000615995968182499 -0.0663826153255231
0.00361257713889968 -0.0489862379383644 0.0379338905792684 -0.0499285297498807
0.0330107722532622 -0.04410914300945 0.0470015869495951 -0.00322054511197983
0.0562190302118593 -0.0262971498273771 0.0183845375197045 0.0272881682745695
0.0562124436966042 -0.00542776141209993 -0.0412716862928537 0.0199762333539019
0.0221263125579432 0.00692917739446127 -0.0941978203413102 0.02200298959102
0.0255589278528699 -0.00403374444973287 -0.0752095671644417 0.00930090050938138
0.0170569890226253 -0.0164413399170771 -0.0666876430523735 -0.00332683842167098
0.00333750198406051 -0.0180130152047603 -0.0577984405057897 -0.00792742171169603
-0.00410163895954142 -0.0148774375887148 -0.0650283476723834 -0.00136361187229859
-0.0108592498221238 -0.0137023059518071 -0.0607015103543422 0.0117545629218121
-0.0133324394195912 -0.00924483590077802 -0.0554336650327422 0.0070059800055945
-0.0123480888510639 -0.0110768383471054 -0.0501219675766296 -0.0111331859730071
-0.0125853837710015 -0.0137070912950221 -0.0464591310100377 -0.0337219747607751
-0.0109239859186459 -0.0181094177932132 -0.0256649360256658 -0.058634516961991
-0.00346260780580075 -0.0267633834902913 0.00392663386957628 -0.0692246719165089
0.0112129565306406 -0.0287916263046085 0.041520265588756 -0.0491114340967502
0.0299196811185069 -0.0194243260119652 0.0422620339616855 -0.00434969352101544
0.0381764445683178 -0.00319887722172215 0.00826250660668956 0.0210125979583472
0.0289737448225145 0.00887873888916259 -0.0529262580963443 0.0132103164965001
0.000122169985988557 -0.0155136505906119 0.0661701418913197 -0.020485286313376
-0.013505913695156 -0.00515523471990545 0.000922566288498748 -0.0320317801718209
-0.013214574138989 0.0053193030004151 -0.0450997849857969 0.00124342850093952
-0.00396862637791858 0.00588482683693414 -0.0515697458610276 0.0534948136862876
-0.00383427224105102 0.00247503005521243 -0.00583158798642025 0.0791760228080027
-0.00481897867953262 0.004237979811291 0.032965714810529 0.0668896002475809
-0.00542030971274728 0.00611558588385451 0.0532746109076176 0.0413763534343692
-0.009726544008167 0.00802092450963312 0.0618445266677352 0.00882517155771943
-0.0115480038904958 0.00675019850064457 0.0596102881057219 -0.0114709734085482
-0.0143011258735615 0.00428954589807569 0.061638080711336 -0.0235876228124217
-0.0153972427996483 -0.00238343266400428 0.0668318673612848 -0.0156367219417802
-0.0101633133957657 -0.00922932155436687 0.0663804717715075 -0.00205450533573168
-0.0100071768790121 -0.0128751351157456 0.0718124142234704 -0.00497228771849203
-0.00492291979731143 -0.019368462399996 0.0816391619907391 -0.0133281261982653
0.00917436110253955 -0.0212381628820576 0.0971140907747103 -0.0367681367038176
0.0330119138949797 -0.0218515276478597 0.0556823280553575 -0.0145953493313776
0.0123363933564688 -0.0174749483072064 -0.00259186884915387 -0.0282014321555729
0.00394747626176806 -0.0115904902960157 -0.0491585516060725 -0.000659282717522926
0.00130671527877512 -0.0143737062320364 -0.0571030067749376 0.0502027492036464
-0.0111036745568024 -0.016616239284661 -0.0145563048749238 0.0764577935803267
-0.0202170630377416 -0.00923379899097767 0.0246723025233078 0.0690554702804621
-0.0243703240657673 -0.0010486753295716 0.0461644332436818 0.0441111860259695
-0.0312548376901549 0.00388651227957531 0.0542249086669021 0.0115610133502015
-0.0339715815912913 0.0032289983871547 0.0502728397456399 -0.0111006005619709
-0.0401894831989938 -0.00199002582929155 0.0496976120418049 -0.0277425261276189
-0.0410066740012186 -0.0176753446885055 0.0576995196947127 -0.0273988547986413
-0.0255163837062895 -0.0359321594475619 0.063317788610603 -0.0137774215074582
-0.0077492500927278 -0.0467562407104605 0.0708735336957937 -0.0100898424351935
0.0166303178309107 -0.0502812606372965 0.0745654825128413 -0.0121629156837891
0.0387508070559889 -0.0413223274242192 0.0849695082343486 -0.029389624857813
0.0623576908382249 -0.0249394536233046 0.0343939240042543 -0.00892977895328348
0.0397818548995492 -0.0289136944488357 -0.0139576920495117 -0.0271226507516564
0.0238432240959583 -0.0309915859698746 -0.0592158952504798 -0.0033419555619798
0.00630575660391867 -0.0371911021206869 -0.0626729195147012 0.045733200747539
-0.018280608366624 -0.0360719097067703 -0.0231678016509905 0.0705246677557607
-0.0342109953975216 -0.0222279148041667 0.0130944470553858 0.0658162235852981
-0.0406190556263209 -0.00848645047671931 0.0331595125222398 0.0432285135330212
-0.0485688695138943 -0.000783990172186579 0.0389937130087558 0.0125469178208384
-0.0516596374622808 -0.00106222312283842 0.0329346369534101 -0.00969795921530876
-0.0588069250502654 -0.00634483202981808 0.0315244761208787 -0.0307070333199068
-0.0618146743077142 -0.0282038499439468 0.0406820085542768 -0.0391123984944848
-0.0407265554630741 -0.05525732081394 0.0561996674399314 -0.0284634799801995
-0.0101326763540242 -0.0746168313096035 0.0686788708828674 -0.0152249114072049
0.0317043118113173 -0.0757984876722578 0.068401930238839 -0.00625590771951408
0.06219713609032 -0.0559016422893179 0.0656456534501406 -0.0154968654002758
0.0830068399313867 -0.0264452060764264 0.00224523968966201 -0.00255512667277639
0.0625695997115082 -0.0400406618310493 -0.0323942483571213 -0.0235549322255349
0.0396262087254659 -0.0518470609798352 -0.0710305029385311 -0.00461057533090691
0.00691593770452342 -0.0592302947078831 -0.0671844100210896 0.0391836707506323
-0.0266619121196405 -0.0522044415399695 -0.0327449339420555 0.0591663570146195
-0.0467983781040075 -0.0314477568249168 -0.00145499924110028 0.0580861878289539
-0.0521748174905624 -0.0135573650093649 0.0150277579367174 0.0386444594590388
-0.0585362112895008 -0.00515968194047084 0.0187095201810304 0.0118275542346984
-0.0618197971146255 -0.00521608044202942 0.0112749904218425 -0.00899438601760444
-0.0689093240215522 -0.0113805899004731 0.00960886011366405 -0.0321599921347979
-0.0726692983879148 -0.035647040028482 0.0208883811932832 -0.0487793599020424
-0.048862610141305 -0.0664686084881427 0.0470496820226374 -0.0404208200875821
-0.00949413247767249 -0.0893268421613772 0.0658270368792571 -0.0173292862274328
0.0428632946593041 -0.0886193598208345 0.0600763216061164 0.00413201898527298
0.0758785973023592 -0.060543931319298 0.039550287299073 0.00152196014638739
0.0899238921285661 -0.0263797386197265 -0.0338591293907195 0.00622243132023848
0.0728250119824757 -0.0471587432596799 -0.0540118989008532 -0.0143527279394995
0.0451372071069018 -0.0659009989338456 -0.0793483769116396 -0.00257963709850469
0.00303849118699372 -0.071288479900837 -0.0690106695562457 0.0296665419385658
-0.0328823048044092 -0.058639479059952 -0.0439360031508506 0.0430841918309719
-0.0525400998051238 -0.03487101538048 -0.0195992119440494 0.0462925985479541
-0.0560245903164765 -0.0152903486467895 -0.007559741380727 0.0319650765059447
-0.0603180157069222 -0.00892261388205187 -0.00422138832517083 0.00916935110217582
-0.0617831872659326 -0.0104513615271388 -0.0122059186697521 -0.00994162017543913
-0.0677585955973079 -0.0180891550198231 -0.0116500082603041 -0.0349963661160075
-0.0687639167230391 -0.0418716342934517 0.00266355920731373 -0.0556078894301354
-0.0423670274817347 -0.0705046798111611 0.0376137721388582 -0.0495321521292649
-0.000150491520142934 -0.090108651254932 0.061126048368454 -0.0167185061473006
0.0524961956524021 -0.0839895759207151 0.0495477142491396 0.015277578211072
0.0809649401362305 -0.0530717895333764 0.0108744896763163 0.0172358208967457
0.0801209624416036 -0.0217417008504813 -0.0675108813330211 0.0189124159935101
0.0681324239814464 -0.044375781096507 -0.0710442714746778 -0.000522284937016717
0.0408852115040829 -0.0641566010443533 -0.0816962991972839 0.00160412561884396
-0.0010961310976402 -0.0673879453394478 -0.0681922777929147 0.017607146690062
-0.0326080649895396 -0.0531451145709946 -0.0559135766633721 0.0267967654549243
-0.0490478535943719 -0.0310342357280963 -0.0386460280420515 0.0349941791751678
-0.0506898976231449 -0.0143420535569354 -0.0298219450979482 0.0257840229456446
-0.0524077219235292 -0.0115247313597376 -0.0264485649171501 0.00527622672029873
-0.0521285099239764 -0.0149476573506347 -0.0326874690031703 -0.0145958928658376
-0.0545427693462682 -0.0232808693771003 -0.0275400494349505 -0.0404567841831759
-0.0512159931735153 -0.0446663128929589 -0.00837667455687629 -0.0621078841577123
-0.0236222251767796 -0.0654417680647018 0.0324129078953484 -0.0547970320333048
0.0154120011895855 -0.075364041777095 0.0553252840897328 -0.0132078992201903
0.0580556843937803 -0.0638992309383627 0.0366960617497836 0.0237521817141433
0.0747357558640604 -0.0349729642964675 -0.017508546448069 0.0262515506483371
0.0567500868113415 -0.0116982023965821 -0.0907845881092204 0.0300567691359443
0.051056541280493 -0.0302176305202548 -0.0799428198784598 0.0121935766311397
0.0292712488618019 -0.0476108615750567 -0.0778010062571155 0.00541439030683437
-0.00156286706086488 -0.0479902365322869 -0.0651589218219087 0.00664213171010511
-0.0230332377291051 -0.037035587595487 -0.0653648505133638 0.014509057205241
-0.0341435737293327 -0.0229792759219896 -0.0545047752180521 0.0256007608300493
-0.0359976881973151 -0.0119216629104253 -0.0486152756542077 0.0204278818977512
-0.0358485218311554 -0.0125506781313219 -0.0443013683987898 0.000101430205156293
-0.0357563278085254 -0.0163982341103353 -0.0469475817937318 -0.0212305835166948
-0.0343171763744778 -0.0234319449714589 -0.0353679881009585 -0.0487579011916149
-0.0271428722449476 -0.0398167988458851 -0.0104059990126137 -0.0690293486655925
-0.00345560413271325 -0.0513024511396095 0.0325732375480308 -0.0578548887214307
0.0277467961621773 -0.0505263093752003 0.0492410595172029 -0.0104722507243624
0.0542293485707969 -0.035420458717852 0.0226600407032077 0.0244707105102634
0.0574970892065184 -0.0135425438541034 -0.0403588449757084 0.0272426386681449
0.0253798629948868 0.00253272602746919 -0.099566874933232 0.0395002111674736
0.0274751940829326 -0.00831612278473889 -0.0797778736555768 0.0210923315028018
0.0161592039486335 -0.0194785628112195 -0.0723526637300562 0.00854881206739734
0.00144342640945274 -0.0202217932813383 -0.0633323219398235 0.0019609160108326
-0.00620587943403234 -0.0156536824791432 -0.0693085590087574 0.0108022703346904
-0.0127999150856763 -0.0130097034899574 -0.0622370933958219 0.0224085955440035
-0.0155715843952402 -0.00838139185532948 -0.0583725440342917 0.0175895668244971
-0.014516686100637 -0.0102020120603448 -0.0547196160383576 -0.00426532270459962
-0.014648007464693 -0.0128858258258643 -0.0538148049476154 -0.0284168065625165
-0.0130429511162539 -0.0175242377171802 -0.0355971841962325 -0.057251488809581
-0.00675311768447986 -0.0265991097975892 -0.0058086163076787 -0.0732301566335694
0.00761538459089561 -0.0312008729122087 0.0370866254755075 -0.0575620210160861
0.0275134261964145 -0.0246291864708925 0.0447834074613678 -0.00970783657452981
0.0393315856249941 -0.00851877768320216 0.0122676832406303 0.0209295999706669
0.0314531506847827 0.004895973305676 -0.0547069086805711 0.0208674359322021
-0.000654906322018479 -0.0164694258977374 0.0667592315816217 -0.026356967235806
-0.0138904490174003 -0.00374237253167731 -0.00159112040152808 -0.0338773466354804
-0.0135418519281014 0.00678025628625177 -0.0468031678160152 0.00479680796261373
-0.00332065243504397 0.00600629498139505 -0.0496865776468755 0.0593388942846446
-0.00392113610696068 0.00267440168693007 -0.000758308472446777 0.0820686417793827
-0.00463326611073238 0.00510234238176664 0.0395543593508191 0.066216205864182
-0.00479263254009636 0.00624780459196285 0.0584240234832825 0.0383873689100213
-0.00901016347390954 0.00911599713850553 0.063898317468478 0.00446077744883854
-0.0114413367203 0.00811439369178578 0.0599915235335272 -0.0163573751111241
-0.0148706494802965 0.00525953271413608 0.0616071331231711 -0.0286459437402988
-0.0161714968971448 -0.000575003302857344 0.0673666744788221 -0.0211922077499755
-0.0115288054909234 -0.00864486867066905 0.0691388818043956 -0.00674779371138706
-0.0110738843807282 -0.0126004041935027 0.0736869129202385 -0.010526987291905
-0.00623615766682246 -0.0195433595083519 0.0831834922257262 -0.0194728683037958
0.00803789285196087 -0.0229477726052705 0.0972686804536492 -0.0449824194831122
0.0318592816901871 -0.0255055093828385 0.0571933102111741 -0.0196401995980582
0.0117888003444272 -0.0187662426362546 -0.00441791991642254 -0.0295779715195401
0.00328443227948115 -0.0124596223181394 -0.0514993392607721 0.00281453531018632
0.000324141656929702 -0.0143452758387081 -0.0545743733192713 0.0556853961644985
-0.0127756688747915 -0.0162880524144085 -0.00956096322756171 0.0801470497441252
-0.0218059825339464 -0.00779090679492675 0.0307362829908006 0.0686558752104616
-0.0253463696842617 0.000732074523811273 0.0508502710878674 0.0417492839404121
-0.0318722939049678 0.00673071668511544 0.0569472306521908 0.00736970793624403
-0.0357427750060463 0.00622388099405535 0.0507001456853119 -0.015037021132166
-0.0408463006780663 0.00156783629312476 0.0493972056546418 -0.0324161098166723
-0.0436994297517685 -0.0150399712439969 0.0568008710647155 -0.0325233284177432
-0.0293479596059817 -0.0351489605954169 0.0649835795979738 -0.0188929212921056
-0.0115321831405822 -0.0480012751536032 0.0723113529241743 -0.0159178301902537
0.0130441186243384 -0.0527684054207036 0.0768451788694124 -0.0174834867733231
0.0371281052921933 -0.0458072350722532 0.0857068722619701 -0.0360879039852944
0.0620986099435092 -0.0310630733359417 0.0349732937676597 -0.0120993525898129
0.0387998329022483 -0.0329864024201366 -0.0159702208544705 -0.0271581279665372
0.0219723980962316 -0.0335025483397752 -0.0615500615705614 0.00045429767500178
0.00321479056848026 -0.0383230623072853 -0.0615085562529029 0.0518618689051197
-0.0214507651975969 -0.0358243887840058 -0.0188956589278211 0.0745160512725689
-0.0372813685224219 -0.0195911909567972 0.0190239549730453 0.0664885168504317
-0.0424004394731242 -0.00452056123521582 0.0369381477155725 0.0412549619795341
-0.0500303493085035 0.0032270268629707 0.0415139270199356 0.00959948559324965
-0.0535844032667755 0.00391230249209384 0.0336914616285594 -0.0123735848436811
-0.0615373176584047 -0.00181658376764251 0.0294445458084272 -0.0340648595789238
-0.066113266745141 -0.0237406521178958 0.0387253930086535 -0.043087793299629
-0.0468617657836907 -0.0534618570281715 0.0567131826943683 -0.0331664454859644
-0.016514180748415 -0.0753874042204554 0.0708128139519138 -0.0211145489322784
0.0264210525793641 -0.0800277213973598 0.0701843541640737 -0.0111078715784583
0.059565987301717 -0.0626002383661526 0.0670009290935073 -0.0207484811543419
0.0835918153231413 -0.0346819783929922 0.00260595115992224 -0.0037015711937455
0.0613043514737127 -0.0463606309582465 -0.0350490016205086 -0.0226298171658892
0.0366079194761602 -0.0560064972997601 -0.073839846655052 2.73982481292486E-05
0.00220889076453085 -0.0611071501309166 -0.0666892427828807 0.0456233339665256
-0.0317601010763385 -0.051072429112239 -0.0291794152163144 0.0635644018383434
-0.050131814128676 -0.0282512638388939 0.00310559476216988 0.0591923441266276
-0.0548293668618853 -0.00972970956705629 0.017813146628442 0.038975731823364
-0.0607930299143232 -9.65715170838906E-07 0.0204472033273165 0.00990597069279647
-0.0643950424728041 0.000110025592947302 0.0112420226420734 -0.0102513830746961
-0.0721862664602038 -0.00589199381751238 0.00698969331870831 -0.0336476159237136
-0.077983621350595 -0.0302676883358623 0.0172545983808622 -0.0501473463038025
-0.0552875844515857 -0.0640107917707275 0.0458280279008802 -0.0444238035628126
-0.0165846793257002 -0.0914331687538391 0.066967468531553 -0.0233381213495578
0.0366363422253601 -0.0942087094225574 0.0628470261318744 -0.000113383728865084
0.0737852176424705 -0.0684383339567568 0.0418016824836181 -0.00113248326815108
0.0899027682515164 -0.0345037807407903 -0.0343075256736073 0.00899658611237885
0.0714496835768129 -0.0538615112470089 -0.0555005601521631 -0.0120450698891004
0.0415218452799136 -0.0707493570248619 -0.0821459276502842 0.00337356992328475
-0.00260083134284927 -0.0736495552775112 -0.0698074998236577 0.0356023363162018
-0.0387460774714591 -0.0575114703910823 -0.0428830181646293 0.0484770423652279
-0.0567849197682001 -0.030833481041262 -0.0167494837244728 0.0492385749669375
-0.0590140783810267 -0.0108736610295613 -0.00484599977305277 0.0336725044549001
-0.0626716167993938 -0.00376943721786917 -0.00358758648129939 0.0101065515308945
-0.0644902044322158 -0.00491703143838171 -0.0129770683364226 -0.00863108335901775
-0.0711475199955182 -0.0118623193963092 -0.014205163320621 -0.0345025872846356
-0.0739934642563855 -0.0362845961820261 -0.00201070065394949 -0.056854217296778
-0.0488848682695275 -0.0685857760251116 0.0347206585112339 -0.0536805627577673
-0.0070175239929856 -0.0922683130360754 0.062501081363298 -0.0217398883814062
0.0467662495668195 -0.0905058187362342 0.0529424590388172 0.012256209323315
0.079566041379556 -0.06066022712633 0.0129856831063601 0.0167497601172017
0.0809732048437091 -0.0288234504705195 -0.0675632740522072 0.0237300937791787
0.0663045751486973 -0.0512037489994222 -0.072481426311014 0.00392078127682664
0.0365385294399242 -0.0688523252412999 -0.0837712923998436 0.00728937379874045
-0.00633961671209573 -0.0686690948648107 -0.069171413614142 0.0232156057221113
-0.037655305718021 -0.0517827958944853 -0.0561385469985367 0.0318966360076497
-0.052931634689791 -0.0272952412926789 -0.0370573140687061 0.0393408240541768
-0.0530988330464521 -0.0103075397598007 -0.028893633075181 0.028995987518265
-0.0541414501607195 -0.0078201843310174 -0.0276311957187569 0.00833581183926838
-0.0552816901012757 -0.0107608712389086 -0.0347046748518811 -0.0111113349970535
-0.0578610547372802 -0.0193223902966121 -0.0316740078117468 -0.0388091679075316
-0.0561434325648521 -0.0411645301669894 -0.0140601664826768 -0.0632000962851524
-0.0294559386212349 -0.0655699861774146 0.0293644910295008 -0.0584723670265828
0.0104831272106141 -0.0780060023309969 0.0578522062436888 -0.0177642007798762
0.054514939935618 -0.0702178014495833 0.0399516621699492 0.0215040777855017
0.0747347200811661 -0.0415856309207351 -0.0160107294307544 0.0283001195564972
0.0579264851286371 -0.016502985299462 -0.0911020727994852 0.0373854520997274
0.0502412027551358 -0.034790461893914 -0.0809191280956248 0.017531736420093
0.0266499224062953 -0.0503761289555354 -0.0798590791508799 0.0102680649818393
-0.0054602940278299 -0.0487738865191931 -0.0674536673630668 0.0112912544638708
-0.0261912104592701 -0.0361210705156891 -0.0663844948948585 0.0202489972820404
-0.037740145299023 -0.0202071383095351 -0.0543896075669707 0.0309935139223788
-0.0378742343950645 -0.00881242400041344 -0.0485924843041291 0.0247457540067423
-0.0382263444126999 -0.00976661229464092 -0.0458645194584077 0.0044384006613203
-0.0381714570517509 -0.0135507127877194 -0.0502095753299949 -0.0173391229257651
-0.0372790564606301 -0.021419312119075 -0.0401117778769183 -0.0467156899176274
-0.0313454165208853 -0.0385435439380406 -0.016218671042261 -0.0697008100452692
-0.00780806676666756 -0.0521319587506954 0.0296968741303921 -0.0617218809704267
0.0243235446304287 -0.0536736110897807 0.0510976449331406 -0.0142343826265579
0.0527357799264339 -0.0406463254492547 0.0257079434843595 0.023891854684935
0.0581540903092482 -0.0185872857698391 -0.0396133154966581 0.0307472507351812
0.0261166301432219 0.000745165117855474 -0.0992736765894337 0.0476051379569063
0.0273963058901874 -0.0108290623474458 -0.0809699724655354 0.0270449945325274
0.0148248034233691 -0.0213226050002779 -0.073967516433394 0.0134522145055802
0.000410079717598459 -0.0207213753603154 -0.0662411986073371 0.00645198111760391
-0.00737134393534288 -0.0159368656692121 -0.0711039561712525 0.0159730910797975
-0.0147289129163665 -0.0117571359209266 -0.0627159789896268 0.0278611865881405
-0.0166455216884723 -0.00732198181761193 -0.0586342821367829 0.0232309235814822
-0.0159224537072882 -0.00966842080107347 -0.0563648140944325 0.000995951243989343
-0.0162964615420653 -0.0119705384574723 -0.058000261058439 -0.024204196958687
-0.0147598003115134 -0.0167323969598341 -0.0415190972041066 -0.0559480174164878
-0.00942410728880219 -0.0272784479060883 -0.0114575428352168 -0.0751875451155567
0.00604384241831219 -0.0320851413641753 0.0333289099815365 -0.0613075385176639
0.0266530323930287 -0.0274495142370663 0.046056081727975 -0.0135002859179526
0.0397586922104873 -0.0119866903452756 0.0146770612560827 0.0203457239415532
0.0325836004349387 0.00241034356827913 -0.0542558914354765 0.0262770635934615
-0.00197072279792006 -0.0164279427083897 0.0636861548127884 -0.031052430322487
-0.0139108112518089 -0.00324431773668407 -0.00413153172753758 -0.0330915454897085
-0.0125349301375759 0.00772645661168075 -0.0460601050350077 0.00746980979616154
-0.00301353714822521 0.00646025290583457 -0.0445831865295165 0.0614006346053318
-0.00404570419277053 0.00303866553886101 0.00515722530486377 0.0797241684457951
-0.00441580445377086 0.00513276485487053 0.043400285160284 0.0613251764741424
-0.00456852346117314 0.00749310755606046 0.0603928025319055 0.0332271647097769
-0.00782818560725573 0.00962446657020765 0.063399306667589 -0.000836201173876254
-0.0104068586025365 0.00879503411097969 0.0577930300351652 -0.0206053887532369
-0.0141456851127571 0.00622379658544206 0.0579439636707828 -0.032994864661471
-0.0161364130873227 0.000195159339322314 0.0650813366732802 -0.0259061412634329
-0.0123191096075459 -0.00762968279687553 0.0678729688638708 -0.0112727304721066
-0.0120427913734758 -0.011578946402563 0.0717625014281976 -0.0153211405017153
-0.00723995965496917 -0.0183879829169758 0.0804445051223463 -0.0242368891421391
0.00646345610829631 -0.0231083449686223 0.0923931294160646 -0.0502825975918151
0.0293817105027723 -0.0275833106846746 0.0552216783167734 -0.0231331677846838
0.00976094455707363 -0.0192374267110441 -0.00652875684829249 -0.0290724907719393
0.00250973917381072 -0.0117481143945624 -0.0506234121431816 0.00639783490302028
-0.000780122389932271 -0.0145161291349825 -0.0504332636183709 0.058683520510219
-0.0137152135132365 -0.0147645703685296 -0.00378210289490927 0.0783426657916572
-0.0214979617642002 -0.00542127415435688 0.034807534896621 0.0650056247793758
-0.0244772610958141 0.00271282368224596 0.0530959986251758 0.0370825518540266
-0.0302896009635739 0.00906572380871692 0.0563879801802794 0.00300534889026769
-0.0341759749601603 0.00892043351951834 0.04908130467405 -0.018571359216847
-0.0401842247001523 0.00474654172733706 0.0454800408317084 -0.0347284767566361
-0.0433787997388547 -0.0109754790726377 0.0533402140919718 -0.0358588710083709
-0.0311767711545107 -0.0320644638168303 0.0625160716062682 -0.0228330754361122
-0.0148622085102042 -0.0458149137045065 0.0703035840114582 -0.0204592410248438
0.00856353066552846 -0.0525033067560884 0.0747025669431915 -0.0220579287573725
0.0337070508155234 -0.0470457436375798 0.0820764215855496 -0.0417079235069449
0.0584445864120325 -0.0350416300822121 0.0336316760220712 -0.015393532326122
0.035862605225849 -0.0349534900589623 -0.0176245898082987 -0.0261061404406237
0.0189816811570347 -0.0338117957412123 -0.0607194165633168 0.00464652271908847
0.000462517040554854 -0.0377338606478159 -0.056722170142007 0.0550640146304605
-0.023585068809018 -0.0329708877246884 -0.0136981712835692 0.0734167012065894
-0.0375988079474802 -0.016239256907754 0.0228984054357543 0.0634376149066563
-0.0419442754086391 -0.00160655842920374 0.039288073061954 0.0380294013376243
-0.0487665948419732 0.00746775990550464 0.0413584587981663 0.00632720083036071
-0.0527209616520578 0.0083234047379671 0.0326438555601467 -0.0149743992637037
-0.0607137844590249 0.00326754437378446 0.0269872397747745 -0.0346908342192091
-0.0662792265450395 -0.0180410947773835 0.0347165171881914 -0.0451207620025894
-0.0497502131716436 -0.0484168097813449 0.0532748364549619 -0.03627812748356
-0.021450200388238 -0.0725221654417498 0.0682579659790142 -0.0255485908483643
0.0194194425891069 -0.0801500239616288 0.0683557868802055 -0.0155795785056397
0.0547774042556352 -0.0656971461324806 0.0644904306874097 -0.0249835165142401
0.0787941774579349 -0.0396009480764131 0.00321474538490721 -0.00449972820248837
0.0559971660597069 -0.0496428514976137 -0.0352737916917192 -0.0206257765538567
0.0322748996295561 -0.0568084968844006 -0.0725490691468103 0.00493011025542685
-0.0022440799696418 -0.0597363347410544 -0.0626615415652461 0.0494604450163695
-0.0348683303892329 -0.0468134518565673 -0.0243916768263767 0.064434120192137
-0.0510823274548771 -0.022803516142929 0.00781742797472863 0.0576997384755964
-0.0545590231536624 -0.00468317325171274 0.0197812369028246 0.0357625946213882
-0.0596086077942331 0.00465653544598033 0.0208803537430098 0.0083611390191307
-0.0627373335851585 0.00545962949747675 0.0104328320873737 -0.0104328207918164
-0.0716576346138929 0.000178876581876975 0.00480571138390687 -0.0328489668485011
-0.0780252268058624 -0.0234618376680468 0.0124102631941448 -0.0510328702824632
-0.0592568199428532 -0.057886119038931 0.0417526112882229 -0.0463780463109716
-0.0232613480430821 -0.0873514692292815 0.0651881306813452 -0.0279449490501542
0.0287814697978112 -0.0945581781811327 0.0621313435994642 -0.00436361803305557
0.0679115989134057 -0.0723066670437659 0.0409197271089144 -0.00455556248990213
0.0852750242785768 -0.0409862692047829 -0.03204031526333 0.0107792960572273
0.0657011592047639 -0.0581117849298309 -0.0542084676562789 -0.00837656024565316
0.0349859230009036 -0.07168324622661 -0.0798827347659114 0.00861239053039695
-0.0077753586413125 -0.0715619993764081 -0.0660429696043487 0.0394394799604841
-0.042243797309319 -0.05286303923541 -0.0384046379583848 0.0503225652732071
-0.0574758322546821 -0.0250004061108206 -0.012841918963985 0.0497229649449661
-0.0582182370286229 -0.00565492111981301 -0.00297397781721878 0.0335957284345392
-0.0619707921568837 0.000813339421939841 -0.00268188583116431 0.0100764711029603
-0.0638926210447336 0.000254069950386936 -0.0127758745192431 -0.00742386809833052
-0.0707590607171877 -0.00602300414908928 -0.016818578797301 -0.0318769180980466
-0.0749567829342041 -0.0299610901245825 -0.00674975381781731 -0.0548307029900958
-0.0531093316205215 -0.063145365146488 0.0306111775710978 -0.0550032823778293
-0.0133301479375069 -0.0891468833678739 0.0609052741650761 -0.0259772890989114
0.0388887950915292 -0.0916991717923347 0.0534975139676186 0.008170362618362
0.0741532897580058 -0.0649933008380476 0.01418996853362 0.0149957086281378
0.0771929827523241 -0.0343765188100698 -0.0644490350516894 0.0275334764692501
0.061194216134152 -0.0546129044641971 -0.0699979915118209 0.00769150153475009
0.0307618246173018 -0.0699676395285515 -0.0814502624535827 0.0132476745160142
-0.0111072321722732 -0.0667359343190326 -0.0662499408086161 0.0269248048712655
-0.0407434504252026 -0.047997473481564 -0.0522522296398408 0.0362547633030027
-0.0534342458721493 -0.0221508312083242 -0.033696437799012 0.0411726189606593
-0.0525179848004198 -0.00542734965145429 -0.0261766543978954 0.031168209287043
-0.0536739293818827 -0.00328217710717438 -0.02609577000417 0.0100612094973661
-0.054559731803488 -0.00599194441710995 -0.0340067503295867 -0.00850314924204972
-0.0583437439910602 -0.0136330182334091 -0.0331777921924043 -0.0352562600669578
-0.0575167143844735 -0.0350647309290825 -0.018475531903541 -0.0599128204861994
-0.0339502279941407 -0.0611425211930594 0.0251880748098096 -0.0590587615927256
0.00431745905916791 -0.0764763158643936 0.0559856248004973 -0.0216407924879406
0.047865427195584 -0.0724582111225794 0.0416298392549996 0.0179209100385052
0.0702948566714585 -0.0461903938840024 -0.0131772256703548 0.0287437205835727
0.0552805181941316 -0.0203161943118046 -0.0867724147591582 0.0428274105615584
0.0464330970432781 -0.0378062934519064 -0.077868976251303 0.022095506074361
0.0222247267244813 -0.0509654879831558 -0.0771855764950252 0.0157862294974766
-0.00889324962062398 -0.0473267293150723 -0.0661043506189615 0.015973453481224
-0.0283488512756726 -0.0330299510837797 -0.0640508928177228 0.024880007171459
-0.0381650727086054 -0.0163316048784552 -0.0507718117951959 0.0344690367345979
-0.0376740869740133 -0.00584851550805209 -0.0456768037126315 0.028427262353756
-0.037362390251624 -0.00683359501191068 -0.0447972728234759 0.00833489517642211
-0.0377705105018332 -0.0102036282289538 -0.0496291247950513 -0.0128084853411833
-0.0379176738605832 -0.0179049553036497 -0.0423244301165727 -0.0426112062746906
-0.0334197232171769 -0.0344489835442107 -0.0212349529849496 -0.0666017455392087
-0.0110121022270514 -0.0505556946588166 0.0251488456266674 -0.0620783521140179
0.0201925433104039 -0.0538899033378052 0.0496004993936138 -0.0182946664414851
0.0483462996688186 -0.0434233980981075 0.0274949176093245 0.0212263882290421
0.0560384882798377 -0.022000757341314 -0.0362601446567939 0.0327041712632339
0.0256038596422529 -0.000905738680153207 -0.0939177409433928 0.0537459156391944
0.0260202518180409 -0.0122789649798756 -0.0769255302192831 0.0307740584284674
0.0130165278102709 -0.0216806077930389 -0.0721798056423666 0.0174715594857799
-0.00144117916661971 -0.0198867926830759 -0.0643799105554487 0.0110721940129362
-0.00834361790978538 -0.0151229894591039 -0.0685881762806856 0.0217356555940745
-0.015066843579365 -0.010055012833634 -0.0597329861915754 0.0322990717195899
-0.0166250211960035 -0.00613967454890431 -0.0561688614520744 0.0270529573544534
-0.0160325313512573 -0.00842373469267567 -0.0550849465360785 0.00600219693133124
-0.0167731213687342 -0.010534037805905 -0.0582582538457356 -0.0182681256897134
-0.0151199472651713 -0.0154408224565948 -0.0443902715488029 -0.0510895298640592
-0.0113977616797457 -0.0252082317074619 -0.0172121014635473 -0.0719783098018191
0.00270915140723493 -0.0319180197029258 0.0283841058613233 -0.0616918942522438
0.0241510782516966 -0.027781239923522 0.0445476539092022 -0.0164272841466162
0.0378255050399557 -0.0149375016996324 0.016387554922591 0.0192654389824145
0.0317088879434455 0.000514995353673315 -0.0513254549645595 0.0294759292265154
-0.00291200804323208 -0.0157041730504481 0.0601216840942134 -0.0324015360627234
-0.0134207281149568 -0.00250378460315655 -0.00540234291648652 -0.0316079238283601
-0.0109414569953442 0.00768129594580274 -0.0445184138462824 0.00862401258988394
-0.00276368884806704 0.00589236192907374 -0.0410805667410993 0.0602090456510882
-0.00367795204396307 0.00323230948474399 0.00683728881335222 0.0755002047376284
-0.00416065419904543 0.00515635919472269 0.0439089691847888 0.0568824867399322
-0.00424427554529376 0.00696593281780195 0.0592991466148117 0.029251854226105
-0.00737705559351022 0.00950056529429192 0.0605068611141355 -0.00316986674151646
-0.0100172353414984 0.00926760840575674 0.0549889857108991 -0.0220874648664799
-0.0134759634074811 0.0072038619867665 0.0545126622376497 -0.0329934211671097
-0.0147700541933819 0.000882175339033168 0.0608899582150023 -0.0268744143551233
-0.0116202591789265 -0.00673871616898845 0.0651993855712504 -0.0130478591157711
-0.0115304062114231 -0.0108078609834352 0.0678874133472136 -0.0170382413793914
-0.00776797659478801 -0.0169167192060502 0.0760613964727725 -0.0253061745307469
0.00527774910811569 -0.02241562403295 0.08686978824377 -0.0504504027036228
0.0265730830269971 -0.0274666298998423 0.0517324628134813 -0.0247479221877028
0.00860304503896087 -0.0191548800271882 -0.00705828903846 -0.0281623378176721
0.00230309867166131 -0.0112026391905316 -0.0489718989601793 0.00728092092329882
-0.00139789605290845 -0.0137149007567254 -0.0465047525700111 0.0578594994566202
-0.0134249631705647 -0.0136652489990536 -0.00116453120234473 0.0747225807510197
-0.0205091204563536 -0.00433759153229199 0.0355699109477525 0.0608063230453563
-0.0232937945140574 0.00377308697130925 0.0521906148518191 0.0331041664118947
-0.0288144537818622 0.0098690916953877 0.0538366917885654 0.000287151392136442
-0.0324496407334041 0.0107286348691579 0.046685082140761 -0.0195005615795634
-0.0384068165506331 0.00591425691393135 0.0421686280721372 -0.0344980802965213
-0.0420659003536618 -0.00892845259608109 0.0496102318520287 -0.0357852117381013
-0.0310526435073204 -0.029588563723113 0.0599392027702337 -0.0237827933495688
-0.0157288534196461 -0.0428381138048684 0.0664324584000365 -0.0216163777549849
0.00686590027711791 -0.0500315168790566 0.0706608128151913 -0.0231381373677661
0.031029820059209 -0.0466829235057382 0.0772286567136742 -0.0418699336647411
0.0541431871421414 -0.0355645011770388 0.0323598275840108 -0.0165888315018428
0.0325738834347451 -0.0339836394266522 -0.0168660773472747 -0.0253485991306039
0.0172769574778657 -0.0328286614113232 -0.0582152268717757 0.00657219916883671
-0.00102754004809022 -0.0356394685171861 -0.0527592382256726 0.0545044555892003
-0.0244443566334233 -0.0302332303982191 -0.0105494039368279 0.0705173767154418
-0.0361198647921583 -0.0136434853558777 0.0245180142148269 0.0596862211753359
-0.0400136310448447 0.000225051218729 0.0385899166448586 0.0343143697854866
-0.0460850981002535 0.00894847274132611 0.0394472751819897 0.00415394955104743
-0.049452483320243 0.0107384638740702 0.0306567509480854 -0.0151949222014093
-0.0575510644235216 0.00575004453513157 0.0244160184462653 -0.0338273480295265
-0.06378478848974 -0.0141923654846847 0.0309618500219248 -0.0434662408048275
-0.0491036377108991 -0.0441452333071478 0.0507433417767008 -0.035777527138168
-0.0228155559820617 -0.0682770795572041 0.0649651755205176 -0.026634726750346
0.0156196903247283 -0.0768771888484424 0.0654364685676655 -0.0166373246975596
0.0497795137794822 -0.0643381039873082 0.060790656684525 -0.0259973974359137
0.073487873526254 -0.040867212077051 0.0030582675526823 -0.00419508125400387
0.0517906124109102 -0.0488250165968566 -0.0334187187901933 -0.0196263863217988
0.0283806102771553 -0.0549892380398109 -0.0689666276227701 0.00697605492883612
-0.00451743577737468 -0.0566900087962548 -0.05841481526336 0.0496682058003858
-0.0352390423180336 -0.0433542001731456 -0.021521743677636 0.0623230179484726
-0.0493529936428908 -0.0193919588195212 0.00881679058588411 0.0540859734612474
-0.0516459083609129 -0.00209324499147505 0.0205015446109294 0.0335868164290007
-0.0567127998916817 0.00683254186170851 0.0201582510595683 0.00719877575014531
-0.0595449015111049 0.00797119473282781 0.00982033679771173 -0.0104820311440691
-0.0682945505069287 0.00351368897093493 0.00321647803392506 -0.0313428463489166
-0.0751091036055321 -0.018747786515398 0.0104466162071364 -0.0484790073366426
-0.0582364662051085 -0.0530897343106133 0.0387063717952535 -0.0455965404665392
-0.0250709645133654 -0.0822517586601428 0.0616172686447505 -0.0288767089546301
0.0234659242551258 -0.09108687526052 0.0595566027641586 -0.00601659409843372
0.0622514419238191 -0.0714209089333119 0.0391677998079483 -0.0064504981963739
0.0795731174956074 -0.0420123503828723 -0.0296267680969606 0.0105676218688333
0.060567341486266 -0.0577759804606782 -0.0516852554071301 -0.00828777627425372
0.0310647315840123 -0.0693529049292839 -0.076360469747782 0.0103528449948427
-0.0098208292606873 -0.0674470035804033 -0.0622858586263523 0.0398363938221813
-0.0425353668872272 -0.0485992058514776 -0.0349204401080485 0.049473100035424
-0.0557273603861792 -0.0209967982593892 -0.010332446289055 0.0475860996922931
-0.0552448020506115 -0.00266337967464107 -0.00113497872813829 0.0317867635976332
-0.0583943796086797 0.00355388751887651 -0.00248116064385747 0.0099409492305226
-0.0606998537300633 0.00296669096499927 -0.0125575234062699 -0.00686207757760891
-0.0675605722975863 -0.00251542369591928 -0.0165147867739006 -0.0302055794487578
-0.0726712396130948 -0.0250231543620043 -0.00834573070317252 -0.0516617988211457
-0.0525671093519828 -0.0580797056952228 0.0281089336029583 -0.052595295227098
-0.0163058318030672 -0.0838300361821302 0.0584735212915766 -0.027737426849593
0.033163464361867 -0.0887759005231337 0.0518097672083801 0.00595521744900149
0.0680792266030497 -0.0649754664802803 0.0142154892713361 0.0133950621706098
0.0717130084328899 -0.0359430298955585 -0.0605382743028078 0.0282017078977606
0.0566875825827793 -0.0540941159870554 -0.0659559602178477 0.00827624161089345
0.0272590790296827 -0.0672084662449917 -0.0774643605378102 0.0149616918532225
-0.0129294691244233 -0.0631371083601233 -0.0632242354676789 0.0283617070691594
-0.0407355444765435 -0.043659496982578 -0.0487400183677708 0.0363313327132925
-0.0515553743380275 -0.0185225829807955 -0.030743202854321 0.0404890649145086
-0.0503692361161996 -0.00272245528385814 -0.0236928568191656 0.030623588962891
-0.0513192564829651 -0.000543853840041776 -0.0244278105648066 0.0108131422546097
-0.0522757918708235 -0.00320515089204438 -0.0325784329987498 -0.00619137932733069
-0.0565603730781952 -0.0106460247845117 -0.0330585213572361 -0.0321259023337194
-0.0562500857406275 -0.030643393054929 -0.0196963010994227 -0.0563372383579977
-0.0344004996634575 -0.0566461535069728 0.0225483110195442 -0.0571012475874006
0.00142675288676479 -0.0728678305724854 0.0530641113029338 -0.0228532882553523
0.0427660845321613 -0.0701946783853111 0.0406710940563345 0.0156194156097788
0.065118854801591 -0.046654790926017 -0.0113045727788995 0.0276758303356274
0.051652952570718 -0.0215193662855903 -0.0815049209955169 0.0432872754338794
0.0431058162397925 -0.0376383010191914 -0.0732922240772439 0.0224614886338222
0.0196061316699214 -0.0487959769192884 -0.0736082386897193 0.0170759830893966
-0.0101180941250681 -0.0446983323906151 -0.0627447254659562 0.0173372262962212
-0.0283791953249112 -0.0307475439808622 -0.0599740089245225 0.026260708304438
-0.0364490409053236 -0.0134194816755958 -0.0474878439910863 0.0347398466849691
-0.0360179643247843 -0.00342467814004517 -0.0422193322169964 0.0288007666399435
-0.0357969860516002 -0.00514135712889416 -0.0426927613387152 0.00998455509237165
-0.0367580013420133 -0.00813822484657772 -0.0481853180736901 -0.00965478936391759
-0.0368529996185742 -0.0156052743331538 -0.0415846723699615 -0.0393341847268207
-0.0331960693977097 -0.0308611105781651 -0.0225424827994742 -0.0622867770965093
-0.0128002376527903 -0.0471325050251 0.022341096301588 -0.05981444774264
0.0175374968185821 -0.0516643637916261 0.047871273878924 -0.0191341397549827
0.0441448239786959 -0.0425537696359912 0.0273552614765691 0.0196588077179157
0.0520468137332131 -0.0226418276505016 -0.0334237529211421 0.0323339467894433
0.0246956971763737 -0.00238930983307145 -0.0889482657127289 0.054246286581428
0.0243693878670498 -0.0124695208508268 -0.0728683922442215 0.0312477476421609
0.0118790401316102 -0.0205404563524885 -0.0673595120857025 0.0185429887276979
-0.00160649275348369 -0.0189836499013578 -0.0620208349406244 0.012524157691908
-0.00794780700230266 -0.0141201334715469 -0.0637087653934659 0.0229739847982928
-0.0142439687305933 -0.00809335433772073 -0.0555675908935777 0.0327618125665648
-0.0158828678006868 -0.00482570357247169 -0.0525777196908966 0.0286158148833356
-0.0154640856489954 -0.00744955539049026 -0.05234445838591 0.00802176116955577
-0.015947925923291 -0.00933142537406104 -0.0560351381789784 -0.0152865281402088
-0.0155198080618671 -0.0141362412613734 -0.0440210682809276 -0.0467899683347406
-0.0116206117264545 -0.0231800000122715 -0.0190716314579873 -0.0683062357000369
0.00182210376000344 -0.0302976414470677 0.0254958135200859 -0.0605960101591438
0.0221045140303327 -0.0274355200952019 0.0426894264522677 -0.0165224135035728
0.0351651242951919 -0.01524138789682 0.0164238388845808 0.0171390631079697
0.0297027991139596 -0.00056658080900761 -0.0481952444658701 0.0295163151391762
-0.00271720227717305 -0.0156312247526561 0.0578185509214554 -0.0319137909351198
-0.012780205002413 -0.00290915026398133 -0.00533565914638146 -0.0312895090811388
-0.0106138953654378 0.00675912035757351 -0.043027447666377 0.00780917535013636
-0.00332778222294399 0.00577470352698537 -0.0401762412181094 0.0583393081268447
-0.00370806234638254 0.00305692072149698 0.00630593392948667 0.0727122162819279
-0.00369785340693095 0.00457353147074654 0.0420748738316818 0.0543144938090295
-0.00404821749266654 0.00617462046000949 0.0568449404198117 0.0278571606748534
-0.007214133751112 0.00910915670555129 0.0584768251700883 -0.00311168712224572
-0.00941847710850167 0.00933565570485978 0.0537588925073088 -0.0212955965324704
-0.0132045308684194 0.00711999984981927 0.0528752786092945 -0.0317298788501199
-0.014543797184886 0.000546750067487685 0.0587290740481406 -0.0258018336494877
-0.0112644515562974 -0.00672930287960117 0.0639666835964513 -0.0122981486070692
-0.0110272374680715 -0.0103593843104551 0.0656015908712667 -0.0155044844238297
-0.00721688866376427 -0.0165700808406896 0.0740184887739604 -0.02364730702553
0.00532392879459393 -0.0218259272331043 0.0848497355185323 -0.0485515068855868
0.0255904220532753 -0.0265791328973774 0.0504113481587061 -0.0248744693638773
0.0084579100500794 -0.0182031429908505 -0.00650868179018978 -0.0276992260955851
0.00215633603130565 -0.0110892912980477 -0.0474760008660196 0.00694979843523454
-0.00175819470877622 -0.0136600523104748 -0.0451960241485194 0.0557697527980053
-0.0135990858704452 -0.0129170533366651 -0.00242034673618999 0.0720380822628278
-0.0198942109654601 -0.00421532316811388 0.0343884038440399 0.0584011297674415
-0.0222857990370293 0.00341704185244822 0.0504986450934347 0.0319432923420585
-0.0281324194855498 0.00978725318844688 0.0520117636272148 -0.000169154007179519
-0.0311939462484299 0.0107568375576908 0.0454257586214491 -0.0192080330823599
-0.0371495325949758 0.00600819168471459 0.0415245514255518 -0.0330684124251241
-0.0409225381441573 -0.00896094703358232 0.0481771519192728 -0.0344261886154898
-0.0300226006182335 -0.0285251708697987 0.0583630612757004 -0.0228357060457269
-0.0146120895744027 -0.0414250939366675 0.0649673652479221 -0.0201714633590416
0.00712005961339539 -0.0481912968351909 0.0686443666805418 -0.0216529298394406
0.0300936673995242 -0.0447461513129885 0.0754889262100195 -0.0401703758498378
0.0518356157153677 -0.0346174056800069 0.0318337426149645 -0.0164066173744343
0.0317275449949158 -0.0331276910375627 -0.0166137269752679 -0.0254979501536938
0.0171073141137088 -0.0314226468666996 -0.0568958510710382 0.0058186508794142
-0.000692937887049816 -0.0344670134351535 -0.0517081731609583 0.0523978801432652
-0.0237465397737719 -0.0291521617865353 -0.0116333495015334 0.0681295727328891
-0.0349492249131989 -0.0127362585679296 0.0237175265305519 0.0572515658427301
-0.0387150528760444 0.000394506120663176 0.038104763715242 0.0332196189588857
-0.0445386915179735 0.00884896994387135 0.0389717794785495 0.00404301934564576
-0.0481060463177008 0.0106007235439301 0.0299892455305684 -0.0147494350591814
-0.0564006228946247 0.00589990729115455 0.0243141797459155 -0.0325014267060551
-0.0619541394115981 -0.0137643062820752 0.0301682619666501 -0.0413405242139721
-0.0476227387099306 -0.043055095327858 0.0494396102299752 -0.0342637197864685
-0.0218071952090054 -0.0658488406906531 0.0635208620825629 -0.025736882207667
0.0152374787993371 -0.0738525295596127 0.0642243420909171 -0.0156016500742904
0.0489008454357474 -0.0624016244413049 0.0595133331607769 -0.0252253458619351
0.0701445599077026 -0.0393548519087625 0.00338849493028108 -0.00613136475919337
0.0503387125371444 -0.0470240353162417 -0.032529136840848 -0.0204794597382819
0.0278034939547485 -0.0528767584017417 -0.0671402291440521 0.00547612470648599
-0.00425746605410491 -0.0545502236325843 -0.0570423893665207 0.0474440131463177
-0.0338228545806729 -0.0418993090099213 -0.0214012961210449 0.0598305231839207
-0.047156220938861 -0.0183141757963982 0.00876406956227736 0.0526150494093097
-0.0501170985836405 -0.00143750244753883 0.0202243399742836 0.0322891344049202
-0.0552184494218401 0.00691581176353972 0.0197866158876393 0.00742363565397432
-0.0577174258408407 0.00823391816498911 0.0100389998329245 -0.0101061832017268
-0.0663894090713665 0.00363638918892026 0.00376506144824263 -0.0302759183945989
-0.0734176099053839 -0.0176817810302101 0.00966500570562149 -0.0461399937172862
-0.0570018865594197 -0.051938642049626 0.0379019073240534 -0.0441767896981416
-0.0239823231293109 -0.0792186904662702 0.0610550211723197 -0.0282768599257387
0.0233570173497105 -0.0871858379980008 0.0588446349364865 -0.00613016913486182
0.0612863511691558 -0.0688720779006917 0.0382560207168716 -0.00645947589272511
0.0765567990085859 -0.0400091760709722 -0.0287435932662368 0.0100192090671946
0.0581734609673043 -0.0555168622909393 -0.0494053752779517 -0.00889718890827379
0.0308083036708825 -0.0666116746822873 -0.074504440805404 0.00954366263197402
-0.00946471237416299 -0.0653343437175875 -0.0604842803652 0.0377093137617754
-0.0409754124837294 -0.0468157149975555 -0.034097275245402 0.0481991604510972
-0.0537822385106932 -0.0195995817910586 -0.00983711979398539 0.0454421421793929
-0.0537634117218258 -0.00257590608061051 -0.00109964691250129 0.0310697052798181
-0.0571028667667682 0.00355097815780358 -0.0022109278298688 0.00986408238666196
-0.0585472461700592 0.00287518056093854 -0.0114798399014153 -0.00643307679764898
-0.0655061790255287 -0.00211563059363322 -0.0156384204770364 -0.0286203506180533
-0.0701150060086028 -0.0231828121023068 -0.00804052333200737 -0.0491002933460389
-0.0512413899635619 -0.0555354123059764 0.0280135340885756 -0.0509036339295155
-0.0150345255506652 -0.0808952962086589 0.0568525521351059 -0.0266242178470336
0.0322489644214526 -0.0850073964003835 0.0509397758231184 0.00563954311793011
0.0667372524474543 -0.0619869322869696 0.01388367176005 0.0129617178617453
0.0692845857461692 -0.0343279957118239 -0.0576606457035029 0.0261249011565876
0.0545301555381635 -0.0523404464018298 -0.0634372347925691 0.00714861424556302
0.0271010234158044 -0.0648364311503623 -0.0755556947755252 0.0131314375913758
-0.0125892293581402 -0.0607359781603144 -0.0611534914144446 0.0267463254221704
-0.0393290905026713 -0.0418269397956214 -0.0469359621428492 0.0348884093003432
-0.0495672340945469 -0.0173914133225659 -0.0297325548500836 0.0391174306039734
-0.0482446467391449 -0.00300200002846275 -0.0227847009208663 0.0295932490120894
-0.0497382814207292 -0.00083502670974115 -0.0234663212262824 0.010276413405506
-0.0501828387503349 -0.00245055245503774 -0.0315652835132345 -0.00572141695462001
-0.054412488369282 -0.00986457976238309 -0.03104787637261 -0.0308177171811541
-0.0543283752985185 -0.0288605316446506 -0.0193054969248359 -0.0538366400555845
-0.0331019167703971 -0.0547167510820991 0.0220536110548256 -0.0550433723443901
0.00244560320340012 -0.0695500352640419 0.0527850093700623 -0.0223156111217607
0.040899214114717 -0.0673141595723735 0.0399605976076365 0.0150443470613412
0.0634473265812111 -0.0445004207292824 -0.0111002284582769 0.026110332974925
0.0503999562254631 -0.0210754289213275 -0.0788099244308825 0.0411433270250806
0.0415882991037786 -0.0357593608607747 -0.0706055038923065 0.0199427395991601
0.0195487402260036 -0.0467078388747307 -0.0715419626546042 0.0161793449910132
-0.00970080229191941 -0.0429879202651965 -0.0613199939761062 0.015721018243972
-0.0273803200341085 -0.0293261581239549 -0.0581345860758914 0.0252404454921634
-0.0356188571058656 -0.0123131879139077 -0.0457129111556078 0.0341640798623476
-0.0345931172970775 -0.00330248076860455 -0.0410320595525267 0.028276034820814
-0.035315200153025 -0.00462935830656064 -0.0408881732783609 0.0099852519554431
-0.0349717630900608 -0.00797146728079147 -0.0461371819463745 -0.00902598611760205
-0.0353659944456056 -0.0149920879766713 -0.0398708893077545 -0.0373622537638719
-0.0319368696316869 -0.0298650491919619 -0.0220013419923101 -0.059822890315802
-0.0122327755538197 -0.0457034369361388 0.0220781696870263 -0.0575145507418956
0.0176181665651675 -0.0494077263074604 0.0471428658702224 -0.0180023899519937
0.0429393274792825 -0.041054426019461 0.0266901786874439 0.0184636341944234
0.0507559385950333 -0.021733441845794 -0.0325285232677114 0.0318176856164825
0.0238687041078166 -0.00179575408646881 -0.0861672749985138 0.0517771860866192
0.0238645418982481 -0.0126085480508048 -0.0710607241478168 0.029713822778355
0.0112531664745621 -0.0191749495822737 -0.0655653204001338 0.017427349385795
-0.00105070369599289 -0.0181909328570158 -0.0603516884313724 0.012126829905898
-0.00789853822466311 -0.0135798340993802 -0.0629642952280589 0.0221506397731856
-0.0139456014401175 -0.00730506497112047 -0.0546886928949513 0.0318948628088671
-0.015714040008529 -0.00421693535356845 -0.051183853146424 0.0276425231824462
-0.0155383158327124 -0.00736449446429984 -0.0512870732076099 0.00834704401688821
-0.0151957324388465 -0.00949542357266094 -0.0537093755255104 -0.0140091031306646
-0.0144590875205571 -0.0140881580813914 -0.0420628531560228 -0.0445006991767497
-0.0111949423271128 -0.0222137785234917 -0.0183953673340186 -0.065097242717945
0.000997709245698552 -0.0291072183720419 0.0251199609603701 -0.0587106276869737
0.0220484213010955 -0.0260145753034499 0.0421013961728595 -0.0160570175388655
0.0339791425123665 -0.0145039882638276 0.015921629044435 0.0161289882870859
0.0285403495103315 -0.000178311022916476 -0.0463305598472943 0.0288134883580554
-0.000786323804576848 -0.0157240337085203 0.0630720941094877 -0.0233842667547565
-0.0120462353031691 -0.00435696041678613 -0.00030391259805657 -0.0326832402969092
-0.0112892647057889 0.00494290011378853 -0.04421117516147 0.000865288546344729
-0.00387161661097257 0.00479957340286596 -0.0475037323347756 0.0516746151087487
-0.00485625566267743 0.00230526840268579 -0.00476079125344538 0.0720808701508602
-0.00467184627592836 0.00377444235961586 0.0334521838081769 0.0588756717824698
-0.00489071702571004 0.00561792315242052 0.0532580861853286 0.0348255376852505
-0.00829206649845456 0.00746671723126818 0.0588080665502217 0.00561089077504392
-0.0104409893190488 0.00737071951101854 0.0570649228458095 -0.0127811642424793
-0.0136553526022266 0.00440437010607605 0.0578052694496532 -0.0221246748077306
-0.0146960594801295 -0.00277585890576863 0.0632430649391489 -0.0154221086297892
-0.0103093454495837 -0.0102601950029403 0.0659563853443539 -0.00166143530309647
-0.00881598131650401 -0.0133598142470679 0.0671209094879068 -0.00414797008564743
-0.00417371520193454 -0.0179000285062767 0.0774189554980151 -0.0100743252553052
0.00891078957145729 -0.0218021900279163 0.0938809184047191 -0.0333657705882398
0.0282029374165345 -0.0222943807198231 0.0546802433080314 -0.0160413408534634
0.0110558772343575 -0.016600089377233 -0.00185863290771633 -0.028391889396613
0.00454143651156219 -0.0104919901384473 -0.0481624789085194 -0.000353624963543663
0.000552783819307652 -0.0128559389701577 -0.0519092706643041 0.0487448605743654
-0.011389349044299 -0.0143638444594856 -0.011477184545924 0.0705785488270219
-0.018787875055105 -0.00770358557464262 0.026405880888788 0.0616693324810628
-0.022752429839514 -0.000634155495452439 0.0465389214849614 0.0383101227648241
-0.0291383422826414 0.00484050686101204 0.0517380959339327 0.0083656199660995
-0.031855513714867 0.00520763642812721 0.0486845534671523 -0.0114580028809788
-0.0375977685739045 3.51009691429577E-05 0.0469137981799595 -0.0250942584960498
-0.0382663246592181 -0.015857105983873 0.0530793065581366 -0.0248966149523784
-0.0247034913606061 -0.0343692100879249 0.0626716410741617 -0.0121040930051603
-0.00751404361163601 -0.0440356508064554 0.0672888007165204 -0.00918456580722141
0.0145027827613401 -0.0466483669889121 0.0711093704809579 -0.00949314648362376
0.0371780470920216 -0.0397216617367758 0.0825223009529507 -0.0271155369781949
0.0550579559163237 -0.0267160780419678 0.0342123907007473 -0.0078669875696624
0.0362672743921583 -0.0275211450066745 -0.0113634737072837 -0.027040840135729
0.0220470607573384 -0.0282567996572757 -0.0561506284417516 -0.00151559034492673
0.00499343025402512 -0.0341401424084094 -0.0570372880824786 0.0454725805492232
-0.0183440224969309 -0.0314936723826578 -0.0195091956217246 0.0657673945763465
-0.0320808222243409 -0.0177384823488363 0.0166977257711951 0.0592937318495411
-0.0378459597666536 -0.00580066605701126 0.0342826605253724 0.0378237707417787
-0.0451715672923372 0.00138455157308676 0.0379010326633691 0.0095935308920695
-0.0485503271522065 0.00258802684484935 0.0319229936765436 -0.00965036605735506
-0.0562284413169325 -0.00366757606734505 0.02978519442925 -0.0268058845979045
-0.0584337715239548 -0.023425080194809 0.0366100605166016 -0.034983172054834
-0.0397548905936977 -0.0508581552909409 0.0559851093654108 -0.0244751759921545
-0.0100765910373108 -0.0685988969653439 0.0667944623922267 -0.0142055306882855
0.0275414702909081 -0.0703306472555464 0.0648493611910123 -0.00410328028740485
0.0588327733775302 -0.0533654448383051 0.0636647928305274 -0.0151381362535644
0.0747593084239805 -0.0292050850274447 0.00432045793397422 0.000183859706302828
0.0566586357907321 -0.0385907834841389 -0.0278392527949035 -0.0225203925831082
0.0357781610200172 -0.0472584499332935 -0.0658963876202964 -0.000920419905786916
0.00482831464172753 -0.0540933426028888 -0.0611557244979014 0.0405458385828211
-0.0261170516086297 -0.0457357736123092 -0.0277141796879235 0.0570492263228786
-0.0433885845970374 -0.0250344132376839 0.00354722844760845 0.0522495308780197
-0.0491427760389496 -0.00927262125334396 0.0164086977284221 0.0349767680471713
-0.0556193265748737 -0.00126877385737198 0.0183512479226232 0.00986913703224338
-0.0579549137886693 -0.000762946249360828 0.011776748521536 -0.00763461266985341
-0.0657965550054731 -0.00670603916319227 0.00914571344041186 -0.0277460541902887
-0.0679761454595469 -0.0288814145822565 0.0170208640360949 -0.0423135408116661
-0.0474777535102508 -0.0602954378860457 0.0462599294194691 -0.0366188759339545
-0.0106142387378912 -0.0822329971587687 0.0640932719803189 -0.0167724870510019
0.0373153928505918 -0.0825924935762014 0.0570984808327621 0.00424161951771722
0.0723519066604423 -0.0576986877810828 0.0384330074838138 -6.26924442908174E-05
0.0808614881958824 -0.0295234839132212 -0.0296879679177386 0.0111024568470021
0.0657666895354573 -0.0455363573091026 -0.047566920341193 -0.0133288979935449
0.0403182229127832 -0.060607009707331 -0.0728285904650835 0.00209622888919308
0.00130575535059703 -0.0654224096667159 -0.0629175669915241 0.0307549441447201
-0.0325291318282064 -0.0520455574655648 -0.0380205862332114 0.0434187392829271
-0.048505555919925 -0.0264347273994813 -0.0141191444675082 0.042851475218301
-0.0525027965319444 -0.0107651475459947 -0.00441327727837685 0.0306102393435439
-0.0566701510100658 -0.00503373532858876 -0.00405792971534734 0.00897636804283198
-0.0572723365090749 -0.00570452485643268 -0.0106580721078774 -0.00741628388124177
-0.0634473552961561 -0.0119774642516134 -0.0102511029743781 -0.0290718884844959
-0.0648454579502071 -0.0334587104495676 0.000124202630473808 -0.047705800322326
-0.0412181303106359 -0.0635047738736527 0.0365582802141227 -0.0451346760555118
-0.00104097293691347 -0.0821792888378984 0.0600893952078287 -0.0157878967986885
0.0459469493533438 -0.0782941811057146 0.0475412343872463 0.0141806553342326
0.0764523996474801 -0.0495880239257066 0.0106436893096525 0.0149545394184349
0.0730122151950522 -0.0247932069130651 -0.0613802613136209 0.0233343622104611
0.0619450903287637 -0.0430224963305636 -0.0633573158846891 0.000760652574662634
0.0368219042953134 -0.0592666946998768 -0.0751208721946962 0.00533337367691188
-0.00237059646960523 -0.0616119201930509 -0.062236682246232 0.0193177296130244
-0.0318629870457641 -0.0472661154454439 -0.0496047617738686 0.029761532802179
-0.045584080162996 -0.0237996454659777 -0.0324605232062356 0.0335147094924311
-0.0478893831629423 -0.00950119108145948 -0.0261555707947588 0.0273350051081087
-0.0493662364902045 -0.0083574812713061 -0.0250970282079391 0.00701118455290069
-0.0490580229275346 -0.0102280561812163 -0.0295899289010466 -0.0101588677183272
-0.0517829109309033 -0.0180099535592594 -0.0259034445540673 -0.0342897947967511
-0.0486040540715744 -0.0365377578831084 -0.0106893568073502 -0.0547240053129487
-0.0244844937525901 -0.0592601489244456 0.031684843546311 -0.0496165666318673
0.013067172511283 -0.0690476852725318 0.0550195112302188 -0.0130500335582484
0.05122293898861 -0.0595626938999058 0.0349209923940377 0.0218091137876057
0.0705325013722803 -0.0327221413221911 -0.0167178437982542 0.0243267142885568
0.0524436680028684 -0.0139358361467796 -0.0848232447481542 0.03309235002085
0.0466148514545722 -0.0292450144499894 -0.0738592728750328 0.0121929575175367
0.0266770854292606 -0.0428844478885913 -0.0719726799266597 0.00758498990186595
-0.00233480853643312 -0.0438636945157821 -0.0609458871171452 0.00878798748057409
-0.0220363891519651 -0.0331829039460642 -0.059031099483658 0.0177769609437491
-0.0321056550290308 -0.0171287906828771 -0.0490676919183461 0.0262206642207687
-0.034215758268154 -0.00822830921038241 -0.0436214443914917 0.0235670396108211
-0.0347142329571276 -0.0101205896893601 -0.0421208196547602 0.00297819671778828
-0.0330149099906686 -0.0125701006632409 -0.0433540325550763 -0.0153992377884002
-0.0327875897314696 -0.0198101430189745 -0.0337913750329049 -0.0419516664235483
-0.0269159184515638 -0.0335423570886555 -0.0124536409465475 -0.0612117426802329
-0.00563495040622111 -0.0467287439585478 0.0315855512146936 -0.0526472592383475
0.02503325135586 -0.046007670232351 0.0492305788289715 -0.0101640794972644
0.0484514658365692 -0.0328302688509763 0.0223086022529976 0.0215540166025132
0.0538781587933454 -0.0123542538188095 -0.0385274948435605 0.0254747254769343
0.0239963428884018 0.000804113701623596 -0.0943264200584376 0.0413728597254596
0.0251155057093523 -0.00873248594775365 -0.0750667932275483 0.0200742709314284
0.0147260480716915 -0.0173395447698579 -0.0671101888435762 0.00892462959112824
0.00173130991674853 -0.0181468384841341 -0.060725141042018 0.00382553225004309
-0.00576398180003817 -0.0147630469299829 -0.0638027052713533 0.0137742387067563
-0.0115934657786556 -0.00890863886640093 -0.0577705377892244 0.0238354453441775
-0.0144742662091917 -0.00604401194580652 -0.0540986282882006 0.0216038733087531
-0.0139283654296952 -0.00984895989013335 -0.051746988101481 0.000405026382241913
-0.013999504357231 -0.0115285193958507 -0.0506954457026681 -0.0216856453646073
-0.0123430587812606 -0.0159756547151572 -0.0346074552684041 -0.0503087381855457
-0.00786046355940058 -0.0235193811433152 -0.00778600460090078 -0.0666166962210574
0.00550303112626566 -0.0286159272134741 0.0346402843342065 -0.0532860606010931
0.0257308401474428 -0.0226467251027556 0.0447521722630784 -0.00909993809144102
0.035473822361583 -0.008396008630716 0.0128134115442192 0.0182908358071313
0.028605917813632 0.00608683706885521 -0.0515520682180063 0.0206977219546357
-0.000956608119880949 -0.0163357319734844 0.0643632819156471 -0.02477036130984
-0.012308042036957 -0.00495456821370777 -9.11293839108148E-05 -0.0346453934155542
-0.0117165080378843 0.00452108803235087 -0.0453107561984172 -3.39044033911373E-05
-0.00446095374922411 0.00510200116442494 -0.0487092363868418 0.0524090016241578
-0.00517316701641414 0.0026983547556473 -0.00493759729622472 0.073798065842647
-0.00515914718297365 0.00362111753549974 0.0340695109945649 0.0603920423438089
-0.00492345075518669 0.00590969570823998 0.0545968929751585 0.0349899779602715
-0.00856895937340209 0.00757389588616266 0.0608599608204782 0.00530810902894163
-0.0103942131112183 0.00709603869469634 0.0594966776493045 -0.0141987263411236
-0.0139246114112263 0.00474547809146527 0.0588612353911624 -0.022952765046174
-0.0151690241359339 -0.00284652737928563 0.0646904961609465 -0.0154563042550796
-0.0106355416357455 -0.00996570091872719 0.0680645636901678 -0.000978300266447845
-0.00880389068166678 -0.0138078070611024 0.0695757863601567 -0.00336814417482268
-0.00372538238734775 -0.0190588892374426 0.0792256749660847 -0.00946527162622581
0.00918525869668561 -0.0227158966502934 0.0964225893880396 -0.0334383199844284
0.0286416019849486 -0.0235263572385876 0.0564495590333044 -0.0165525482698569
0.0112149380269446 -0.0170424772165551 -0.00174364982120977 -0.0295379478475698
0.00402973416170734 -0.0105475678052972 -0.0496699924299329 -0.000308732539053007
0.000961021673023759 -0.0135396776380253 -0.0533106288426442 0.0496096403355488
-0.0120020221243868 -0.0142365396972979 -0.0124028053340089 0.072530686340258
-0.0190681981189616 -0.00766573350010322 0.0266670662139786 0.062481256210235
-0.0235054338229942 0.000211303345633134 0.0482716504066935 0.0379215868991853
-0.0301981429943599 0.00579729107576994 0.0535369441011037 0.00808033724108511
-0.0329926232578355 0.00537174255406719 0.0500197699953556 -0.0122098675821129
-0.0385439434977229 0.000426995476547162 0.0483375032255044 -0.0259417154119587
-0.0393398968568115 -0.0158554390060663 0.0549636052646596 -0.0254967123681381
-0.0253353415979978 -0.0351378755804793 0.0650192792034589 -0.0126690662752365
-0.00754125660829559 -0.0456254279694978 0.0691077566906617 -0.00899691512470953
0.0153400979842581 -0.0481556147240466 0.0736440742749971 -0.00884570462169907
0.038982122485109 -0.0415542472256325 0.085242250342987 -0.0280028777189579
0.0568732502118937 -0.0272950966432985 0.0349658826527005 -0.00987474801933287
0.0368257923753129 -0.0280557236285622 -0.0112740163615553 -0.0284185894866893
0.0225756661198416 -0.0288359945957533 -0.0586348748223558 -0.00121413577563764
0.00457591683948966 -0.0346625967399872 -0.0589528692911105 0.0466773180891286
-0.0184776462096939 -0.0317540106216903 -0.0200212894323001 0.0672072383246471
-0.0327535719617045 -0.0181313171529214 0.0168471848121061 0.0601112700923158
-0.0390845789775262 -0.00576202981114837 0.0349880221778411 0.0381400908826751
-0.0467313651647149 0.00198309144615182 0.0388237786578766 0.0094928207537616
-0.0500960653487039 0.00301182136725349 0.0345530992835604 -0.0101949239568851
-0.0577524971220379 -0.00242526419048059 0.0312014272000311 -0.0275613503346796
-0.0597194141938321 -0.0239039057335731 0.0379470389032185 -0.0347715684060767
-0.0417548045321007 -0.052097249252199 0.0576198470462244 -0.0256911606035772
-0.0106066162044361 -0.0705199453514406 0.0686330731500285 -0.0146565056649523
0.028449481492658 -0.0719222249328267 0.0668709871773813 -0.00436211482293062
0.0606038125843379 -0.0553781909683083 0.0650261090129465 -0.0159387171742233
0.0756353499111555 -0.0302628356029478 0.00424858252781934 -0.000832687638390839
0.057779561811347 -0.0394964820925591 -0.0276531786621585 -0.0243941329286694
0.0372761877176221 -0.0486153568470378 -0.068515852674315 -0.00147567424369807
0.00436300794543702 -0.0551125084877835 -0.0630590978644014 0.0413350150074422
-0.027427394017027 -0.0464697007151169 -0.0284020719501481 0.0581359956539434
-0.0440500390078656 -0.0259731898017545 0.00385528957043608 0.0530937955767451
-0.0502483281512266 -0.00952397381269217 0.0181492073216526 0.0355304285764381
-0.0569326939377569 -0.000862776063462688 0.0187815062762285 0.00952446579567073
-0.0591057293532776 -0.000248330403838363 0.0121175530188552 -0.00792926724454604
-0.0676426895327882 -0.00608447429658705 0.00997576702993862 -0.0287125638726692
-0.0699953351259532 -0.0287113294871628 0.0177920735815822 -0.0423456808096329
-0.0487920299926401 -0.0615454154884463 0.0482648181671462 -0.0367683591945338
-0.010894298989171 -0.0837985558394287 0.0667404477278858 -0.017240648936463
0.0383533361624384 -0.0844086367957937 0.0589135973039251 0.00457432834429997
0.0748104650020382 -0.0599342631744485 0.0394848666254617 -0.000238864886005467
0.0827926503047874 -0.0297864170562288 -0.0306663549284826 0.0104632938008687
0.0674993372502042 -0.0472130061681407 -0.0477211987863373 -0.014837798933386
0.0419318105940055 -0.0624326612519735 -0.0755333585097298 0.0019572194802352
0.000975957727773322 -0.0670597077172347 -0.064810283227238 0.0319239533865294
-0.0337976526691225 -0.0529317430137438 -0.0391582956632539 0.0445897974249241
-0.0499735420893023 -0.0271165775320906 -0.0143843648005877 0.043378226287654
-0.0542476087501264 -0.0104938737750793 -0.00401505692525626 0.0314392253304478
-0.0586068735646773 -0.00483810285832971 -0.00430818381321659 0.00953122587929877
-0.0595607923119258 -0.00522936955608477 -0.0100374774584508 -0.00758083362977862
-0.0654956886444709 -0.0105793733826771 -0.0101734729034427 -0.030237747986603
-0.0668417022740067 -0.0339871655061153 0.000118396437789587 -0.0484924818010854
-0.0429422253607128 -0.064646249739992 0.0386756235993951 -0.0455112347094369
-0.00162817465684694 -0.0843310659690893 0.0624784113879124 -0.0167538921556795
0.0467861397504284 -0.0799087191720522 0.049092622690937 0.0145715414352365
0.0791333088282514 -0.0518810670507 0.0110729937527413 0.015037492225496
0.0745425532423266 -0.0252658012359457 -0.0634493666630652 0.023172597613781
0.0633374643895006 -0.0438678802373644 -0.0647546052900439 -0.000515026722084991
0.0375676131463217 -0.0601496017350658 -0.0767788445988974 0.00515428942832938
-0.00266895969212296 -0.0631628323224866 -0.064587629615278 0.0194199444040377
-0.0327211348409212 -0.0480206129206334 -0.0508420405226713 0.0295150128313883
-0.0459982764114122 -0.0241080134364391 -0.0331934735330716 0.034891010834918
-0.0488704966787139 -0.0093591647709601 -0.0264085029972471 0.0277165425584017
-0.0508463233650665 -0.00779663439008846 -0.025797424396607 0.00734382108609996
-0.050496983393249 -0.0100522916975099 -0.0303508855367758 -0.00956148889324463
-0.052972306436329 -0.0170950508134979 -0.0264854582175337 -0.0350491277541328
-0.0500902445962692 -0.0366171740412401 -0.0107397375905562 -0.0549268191864996
-0.025078658834242 -0.0603774981919728 0.0334575635039816 -0.0509341624884811
0.0138798224864972 -0.0702869081180111 0.0571276598475996 -0.0139625692552081
0.052122284596757 -0.0608742611911712 0.0361849535525792 0.0213342985318047
0.0720941384938673 -0.0339036238854729 -0.0167030947940767 0.0249869205137472
0.0535993571891338 -0.0148048298795064 -0.0873182802191854 0.034143658945631
0.0479863026534042 -0.0299653287800228 -0.0749841935517093 0.0119410087569062
0.0273771535426337 -0.0441283199877039 -0.0737681319278196 0.00728594828396965
-0.00241853701592425 -0.0448161751841196 -0.0630537819406402 0.00892276272223148
-0.0226016393029995 -0.0339594982242054 -0.0607602468719429 0.0184146977282189
-0.0327184406937513 -0.0171118754236468 -0.0500940256883459 0.0272285487399434
-0.0342085433114771 -0.00758965348605946 -0.044901457893874 0.0243485086258441
-0.0352522865256856 -0.00964184888897307 -0.043489675112315 0.00416074767347469
-0.0343305886033265 -0.0129140069033616 -0.0447207120051798 -0.0148370346925504
-0.033718589279401 -0.0201995925747267 -0.0346893082036515 -0.0431958552229313
-0.0278623509578877 -0.0339241386267515 -0.0126195305944974 -0.0627367039656601
-0.00506594286097826 -0.0485276299313065 0.0323889038927074 -0.0535824000462033
0.0264951862353386 -0.0477022573185715 0.0513602583427061 -0.0107868158926869
0.0495724921157352 -0.0334112033400285 0.0230181268497123 0.0227609665444541
0.0551024011100889 -0.0124075573528108 -0.0390353114763116 0.0268600166811561
0.0241219730252172 0.00111462802375517 -0.0968063491960252 0.0417695594133244
0.0259157106299071 -0.00907668306308076 -0.077695995524116 0.0201547373550856
0.0154189907980068 -0.0174897470426247 -0.0692348174423559 0.00800273188952032
0.00128578757379812 -0.0187233821783449 -0.0631632239492209 0.00330919859688205
-0.0057554491271263 -0.0152801746694838 -0.065658043627489 0.0137290108803419
-0.0118745786442462 -0.00880043713178691 -0.0592889975017605 0.024526706544631
-0.0149218051353534 -0.00593754232531193 -0.0557628454400825 0.0223097145574706
-0.0147020770086175 -0.00996023721246351 -0.0533169398025658 0.000881067491095459
-0.0138613405774009 -0.0113839532551161 -0.0515991422326949 -0.0223996848905724
-0.0129018753570924 -0.0158109690543716 -0.0346359162482175 -0.0512133717634486
-0.00866791377184013 -0.0235924348088238 -0.00755021635003559 -0.0682465456463406
0.00526023043246129 -0.0296140235830799 0.0359017565074088 -0.0546345937828562
0.0264307471334038 -0.0230952752315438 0.0463396521405255 -0.00918986006233083
0.036401534068887 -0.00807396785419713 0.0128678601963544 0.0191837250680524
0.0293568093981108 0.00622343142378891 -0.0529344450799156 0.0216917760857408
-0.00209273384916017 -0.0169494590139615 0.0650952198423443 -0.0293246976368456
-0.0136685254188588 -0.00483313011662444 -0.00181213581125693 -0.0359429528801905
-0.011842046338883 0.00545021630176794 -0.0475648574783165 0.0012768509925148
-0.00425904241396614 0.00537017090086631 -0.048856418133272 0.0557509544315937
-0.00547243743188904 0.00338310430001327 -0.0026508520311888 0.0765700957974852
-0.00464927402892798 0.00378077187865556 0.0370112640868321 0.0600020850246163
-0.00492633178723461 0.00563581421798348 0.058188027703582 0.0331655109502023
-0.0087548858481009 0.0082122832460562 0.0631147417178823 0.0016795217148727
-0.0105322035006809 0.008508343846511 0.0605065904378062 -0.017129908711577
-0.0144557880787523 0.00559201735329317 0.0605997936570596 -0.0264897299749436
-0.015342848196472 -0.00243997733451459 0.0674379673345132 -0.0186365564277985
-0.0112405009208466 -0.010208944747207 0.0711299617976987 -0.00374398578004284
-0.0100134587374133 -0.0139815790444964 0.0716129975976625 -0.0055692197460038
-0.00493074693703176 -0.0190197562457987 0.0816541243592434 -0.0122257741083083
0.00845915833974022 -0.024140333985638 0.0986904286530725 -0.0382072540494349
0.028421802649921 -0.0251047582349974 0.0571456744918277 -0.0202016399787196
0.0109592417839066 -0.0177976195411345 -0.00319027191724007 -0.0318486005939784
0.00423017642095559 -0.0113103773653214 -0.0513038377407049 0.000665435702966637
0.000192141608237982 -0.0134215282821289 -0.0535031390313224 0.0533395033068253
-0.0130789966695123 -0.0142792292129732 -0.0108753565336963 0.0750534268782919
-0.0200975233276511 -0.00719748130835271 0.0297087905279161 0.0625476012754574
-0.0238436466455832 0.00090688312933796 0.0511073887416692 0.0367765409333419
-0.0309346695685651 0.0066310897663042 0.0558490623432629 0.00549019628988362
-0.0336513806142738 0.00697976482920906 0.0516992209031475 -0.015135028846008
-0.0398812540125066 0.00227850988405852 0.0494824378732363 -0.028055390482018
-0.0412739338336726 -0.0145285809411467 0.0556435866433532 -0.0285339377957239
-0.0277599720415774 -0.0346929102223971 0.0669028067066146 -0.014647312737729
-0.00908585122994716 -0.0468001228426589 0.0718646439037537 -0.0116590187379506
0.0145328927735313 -0.0499993279496053 0.0755099042893876 -0.0118328415339961
0.0384420758685423 -0.0449492897755625 0.08662205864338 -0.0320360763750688
0.0567555725742062 -0.0304884723079705 0.0359402491918982 -0.011494983751691
0.0368542821051698 -0.0302686606858935 -0.0127240269014067 -0.0297791977494872
0.0220491285070178 -0.0302632213716209 -0.0607725916927675 -0.000526689130189988
0.00351562906551596 -0.035907309234314 -0.0596012871000366 0.0501501812564599
-0.020778142062696 -0.031646674125687 -0.0188004670878117 0.0698521978138781
-0.0344699663864323 -0.0171575151027003 0.019578379530577 0.0604985987059396
-0.0404477886115939 -0.00446004014323133 0.0381336178481809 0.038003637918688
-0.048089227413331 0.00404798138361905 0.0407271903025659 0.00779272791733869
-0.0515985172817901 0.00562967173874522 0.0342705061718964 -0.0119188633747581
-0.0596500421720677 0.000405150369152761 0.031083200652233 -0.0298429775435904
-0.0629726874522349 -0.021650097128525 0.0378500813368641 -0.0365931612852111
-0.0450138602301023 -0.0519586409038399 0.0590595737059754 -0.0281767483888026
-0.0129377487979437 -0.0722451694761557 0.0704089209475597 -0.0178288546080322
0.0266290415489806 -0.0755174113798795 0.0694897213883356 -0.00696356064170253
0.0603741444622437 -0.0600358713300432 0.0665511129080839 -0.0192604460291505
0.0763085076671303 -0.0333255230753789 0.00491950446591109 -0.00135460161284318
0.057874698940316 -0.0429433614178882 -0.0291932663624718 -0.0254059150443277
0.0369146036260203 -0.0513458710293109 -0.0708967374492345 -0.00015123102868449
0.00232796459390514 -0.0569915208664854 -0.0634878991377754 0.044382878205905
-0.0297361939832338 -0.0464865089229032 -0.0276124616991752 0.0609410871739326
-0.046444671852052 -0.0240529422116361 0.00550021820946897 0.054388140575457
-0.0520004963390608 -0.0066679034693689 0.0192891870495802 0.0360178787563073
-0.058914256415053 0.00136030681294745 0.0202504323597522 0.00958439749847827
-0.0612013740904997 0.00252497461984146 0.0129225203049051 -0.00908884116015483
-0.069930703951545 -0.00271195714985995 0.00965876647293225 -0.029528687434311
-0.0739693416588818 -0.0263038220528473 0.0169552171700596 -0.0437035652632262
-0.0534235872633593 -0.0613854758363186 0.0488244695201848 -0.0399728866411369
-0.0136492325405122 -0.0866626183665733 0.0683215614620046 -0.0213048241296216
0.0362003237187958 -0.0882575972531643 0.0615578201736626 0.001901585513718
0.0747171184227989 -0.0649886734521001 0.0403615452553764 -0.00197439065591314
0.0835326486400318 -0.0339580430154839 -0.0306879521438585 0.0114380908995285
0.0669625365735664 -0.0504199177076572 -0.0492662839369545 -0.0149535935459993
0.0413596406718011 -0.0651386980695738 -0.0774782705795945 0.00380387031657449
-0.00182897370135063 -0.0689544726487987 -0.0656624439439399 0.0351739129889907
-0.0367097371135606 -0.0524911210381301 -0.0387583419306641 0.0471407734231361
-0.0515657968623836 -0.0255925547686161 -0.0126791852610485 0.0453981827606695
-0.0553733142631228 -0.00800701970160124 -0.00275064954553331 0.0317422781381696
-0.0603865681240638 -0.0019786138701347 -0.00296752794515584 0.00967244550906893
-0.0615839133851575 -0.0028579487673598 -0.0101117490636464 -0.00701624086138218
-0.0681038671449497 -0.00806205945936853 -0.0109924415220327 -0.0308909211583213
-0.0699965937035246 -0.0313450465009448 -0.00142524448443547 -0.0486510661442072
-0.0471031631186338 -0.0646676894625754 0.0379415267136996 -0.048843953629274
-0.00421478139735934 -0.0868001826400078 0.0645748053053593 -0.0199188410166898
0.0448526802793379 -0.0840444396463192 0.0512176969097227 0.0123070436757829
0.079598495320981 -0.0562095086766891 0.0116605532016333 0.0147166729064274
0.0756499511906076 -0.0286594452500034 -0.0643639518602928 0.0263695411321476
0.0630193805747991 -0.0474428717803788 -0.0667169769546645 -0.000259435783028802
0.0369471815731699 -0.063347232570548 -0.0790573272369605 0.00786062805442453
-0.00520592738184193 -0.0649494707469268 -0.0660617760597348 0.0222871335606271
-0.0358559788743486 -0.0483056846651085 -0.0513828335096344 0.0320884338112723
-0.047850488338659 -0.0221546408772898 -0.0328416170955491 0.036379598132479
-0.0505166697635409 -0.00746866737423409 -0.0253777077436104 0.0291670585301467
-0.0527832960869369 -0.00530180033567986 -0.0265075259340656 0.00922797588062649
-0.0522479220751993 -0.00788029626805024 -0.0314775221038725 -0.00818948037114994
-0.0554615520635558 -0.0151646220026669 -0.0279723666414306 -0.034986366847918
-0.0523461539998399 -0.0352050074367338 -0.0126830362732565 -0.0559253358048257
-0.0281284027344867 -0.0609078022945285 0.0323034295823793 -0.0536797749908839
0.0122420148213733 -0.0731426049711038 0.0593088138741068 -0.0164466288160586
0.0520347866000815 -0.0644860468519264 0.0382274405005061 0.0207156021887118
0.073732072206007 -0.0378918309598913 -0.0164698132199387 0.0262726446860987
0.0540915010075727 -0.0164895403886355 -0.0886574335425088 0.0383113723329995
0.0480269288018672 -0.0331323740821164 -0.0769867333755176 0.0143329434646096
0.026488939823214 -0.0459073685118899 -0.0756397410184914 0.0101105866101469
-0.00468397304342353 -0.0458259650198819 -0.0651365347648424 0.0104890663023942
-0.0251753998152296 -0.0339591198093913 -0.0618611673073003 0.0206506313852641
-0.0337656795907627 -0.0161296139374582 -0.0508346806938368 0.0301396731967475
-0.0356667822183516 -0.00628469566630369 -0.044763011407141 0.0273597695710577
-0.0370628514986824 -0.00866228067597759 -0.0445392254156836 0.00686100658164784
-0.0354651457059455 -0.0121017127639813 -0.0464273572280091 -0.0132092997379017
-0.0356284838523028 -0.0187802699298097 -0.0371920399250998 -0.0426958178681805
-0.0294570805112814 -0.0335377397545021 -0.0149031832331194 -0.0635329687590369
-0.00734740848497202 -0.0486794595283874 0.0317819524182489 -0.0567822900691235
0.0256954808301581 -0.0493402389160374 0.0526642809300856 -0.0127584227730936
0.0498737475567939 -0.0363947579636601 0.0244286146556092 0.0220394141343702
0.0564339090650761 -0.0147579619902506 -0.0393333344658426 0.0284543789940824
0.0246767807340549 0.000105637819684255 -0.098385776335919 0.0469897135094784
0.0264607739957309 -0.0102991698736206 -0.0792554035831839 0.0226289493726539
0.0152108649323601 -0.0186689615128451 -0.0708880920862015 0.0112266081061549
0.000224752297228162 -0.0192832259391703 -0.0647132312652349 0.00564644547745085
-0.00679174227787964 -0.0151619726311532 -0.0666645682132909 0.0165764220765991
-0.0121777877149304 -0.00823597265586254 -0.0607922837478398 0.0281443600582335
-0.0154100156697658 -0.00519226597050139 -0.0563213428247329 0.0256720833201029
-0.0156624178225298 -0.00974373609295537 -0.0546936706118874 0.00443249974209951
-0.0154867363486601 -0.0110864863919942 -0.0537217611405855 -0.0198468980926883
-0.0138055236339011 -0.0152640810053968 -0.0385282330605369 -0.0514231649587086
-0.00900038858014863 -0.0238118589874955 -0.00996412796523844 -0.0688134028014282
0.00439710857921537 -0.0303237337247867 0.034958293298143 -0.0562967834574135
0.0265887835452023 -0.0249327153695967 0.048248651691157 -0.0112748763793536
0.0367895038590125 -0.00942876025361316 0.0141881883138794 0.0188742402477924
0.0307370802320319 0.00525945106077771 -0.0534061876664871 0.0240519651810019
-0.00333259485605425 -0.0164132395638025 0.0638241110092674 -0.0337913745924541
-0.0139837260117664 -0.00397066490324368 -0.00379820395678266 -0.036288395319342
-0.011434164395662 0.00584967330819933 -0.0474116474355109 0.00448420193188228
-0.00343515370008837 0.00552802452473321 -0.0457282751881913 0.0587275827450293
-0.00571271042497016 0.00348996945311588 0.000513938105762995 0.0766950171311024
-0.00451537505464484 0.00415088082863577 0.039891077463691 0.0569715835671217
-0.00475808030056842 0.00580749377965142 0.0597651714727182 0.0289990302060829
-0.00757166125131243 0.00883372739185389 0.0637299763023037 -0.00287858075727438
-0.0100129585240402 0.00935831491057434 0.0599386893288264 -0.0214234804984226
-0.0140702227801764 0.00644454174787462 0.0593138913627335 -0.0299239300975396
-0.0157691907468522 -0.00136945393633906 0.0660689103624626 -0.0226144003031178
-0.0120711134177042 -0.00973276994754377 0.070831542883769 -0.00736894140725907
-0.0102697082914809 -0.0132053221093333 0.070842762443407 -0.0100504035251325
-0.00489746381106962 -0.0187727705992087 0.0813876362468338 -0.0160063242451861
0.00711097005894793 -0.024674095512719 0.096375299772499 -0.0443181808915415
0.0268204564171267 -0.0263015821129302 0.0555848014913354 -0.0247721130435115
0.00971793297749285 -0.0184278161605465 -0.00507958272306344 -0.0328345245916535
0.00336210742150868 -0.0114364133587114 -0.0518918775566099 0.00371800479442148
-0.000484461772574483 -0.0138277322999446 -0.0507796314481747 0.0562163709131376
-0.0140781703950475 -0.0126335489365325 -0.00690922206665625 0.0751583331558402
-0.0205793039411655 -0.00539888911443854 0.0331857322240592 0.0601694115057662
-0.0239211583694452 0.00211244060665093 0.0529507737261347 0.0326197817623613
-0.0302698372421852 0.00908447631164139 0.0562253343789192 0.00129558651103668
-0.033079662533031 0.00985333615893192 0.051593354152851 -0.0185758887083245
-0.0399103769341855 0.00503467368894774 0.0481803714706995 -0.0319014064130604
-0.04244517879046 -0.0120206241009008 0.0540174437609477 -0.0313080241090226
-0.029759766051108 -0.0336656323005096 0.0660388003265297 -0.0186820527292565
-0.012305299342338 -0.0458354083644174 0.0711971543597403 -0.0161578820639673
0.0112186775315484 -0.0507687867643772 0.0748514756901182 -0.0150943848601358
0.0359035928248156 -0.0474168927589084 0.08441442413413 -0.0373925081710606
0.0545704148595373 -0.0333178902658128 0.035007684319307 -0.015253808635638
0.0345107290600063 -0.0321058665585782 -0.014863620468699 -0.0303646350454019
0.0207390552773955 -0.0315232032355039 -0.0610387179506997 0.00279256155057502
0.00147757886006942 -0.0355777367398324 -0.05651251193106 0.0530482913162288
-0.0230479095969836 -0.0301073924019495 -0.0151584031547227 0.0706086587604466
-0.0350663328102137 -0.014702860625346 0.0226436972614151 0.0592015938006013
-0.0404367685611021 -0.00171904032074425 0.0396944302043812 0.0344778154806864
-0.0478957786580279 0.00797210776738602 0.0419013286039493 0.00462388235315699
-0.050798108036053 0.00891530108842847 0.0336609636587002 -0.0145283586476967
-0.059319196337036 0.00475122519469541 0.0294394297624088 -0.0324896672799067
-0.0644469638739253 -0.0172501194589327 0.0358534722076277 -0.0385568257556535
-0.0478160575451658 -0.048694292246396 0.0576040800886999 -0.0313715969580255
-0.0180522842481382 -0.0715914190911802 0.0693728268648081 -0.0220478328180802
0.0222440011004292 -0.0768593311373044 0.0684716097395899 -0.0109466164507572
0.0580454186292448 -0.0641943534322193 0.0653898709294471 -0.0233199219406694
0.0742031171169438 -0.0379782499194882 0.0045872610785284 -0.00262419971926408
0.0547227021103671 -0.046126108953155 -0.0317286643486618 -0.0250833645405087
0.0336189765579328 -0.053369041010453 -0.0714423094972699 0.00463346411937394
-0.00110807069255957 -0.0564785359964587 -0.0611247369448907 0.0482896161901827
-0.0328353849528904 -0.0437544694057373 -0.0239753002375013 0.0620935265241739
-0.0470915550021047 -0.0208685181449903 0.00874462634024052 0.0531439753731053
-0.0521057053598628 -0.00365985530521312 0.0207043234009556 0.0334416610950708
-0.0588902073543163 0.00569584168644396 0.0210771847184781 0.00821011473093995
-0.0610935990917127 0.00692992867025925 0.0125320379658106 -0.00997118417122945
-0.0696530350743444 0.00278606681703157 0.00829802113562936 -0.0309161169617614
-0.0753145903905818 -0.0207685702837305 0.0146874748737549 -0.0441402444578215
-0.0567986799228796 -0.0576759744698199 0.0462812752566856 -0.0428677978838964
-0.0188180892578028 -0.0855061357995264 0.0671685007846591 -0.0260367047462159
0.0304010686795418 -0.0902480309356331 0.0612350432025074 -0.00157031787216406
0.0709670774159197 -0.0703774194213886 0.0403523561242831 -0.00481633522827869
0.0809136409980409 -0.0390347652115241 -0.0302742044534083 0.0127418130745596
0.0641977619230388 -0.054594586862706 -0.0505339598248039 -0.013316373886962
0.0371037691447588 -0.0679614333414628 -0.077555458069457 0.00841154022706373
-0.00625679788046323 -0.0679735826478428 -0.0643401893943416 0.0381058152907186
-0.0405029352285713 -0.0495434869757414 -0.0367707569948703 0.049118788582667
-0.052569378525344 -0.0221152685976102 -0.0102315894461119 0.0455504405601509
-0.0557749323510094 -0.00416542117274099 -0.000900072499289816 0.0317866543527222
-0.0604546216445943 0.00183543080528786 -0.00298179751951237 0.0101802120727784
-0.0613401206168629 0.00171121968611235 -0.0107513423979794 -0.00578669457731688
-0.0687159084462112 -0.0027377045435813 -0.0131608755451237 -0.0296652489615678
-0.0718831443356411 -0.0258831555964574 -0.00356021362690436 -0.0482305904731098
-0.051158374032038 -0.0609803893508595 0.0366977502421363 -0.0509927291972237
-0.00967476078325163 -0.0863089842798371 0.0636061196790634 -0.0248833846507603
0.0396579578831968 -0.086261080736306 0.0518833851971941 0.00875379649029115
0.076075473094595 -0.0622402604914236 0.0122997436688021 0.0141714811830068
0.073467368883606 -0.033064887539997 -0.062644945459478 0.0294687136512867
0.0600054260180377 -0.0520106817227895 -0.0666594056431346 0.00333406179656224
0.0334827895871579 -0.0657921443709218 -0.079230361624178 0.012094885547178
-0.00952883092563495 -0.0641876509565408 -0.0647121295870455 0.0260624875355163
-0.0389832548141439 -0.0450347406287003 -0.0495024925864772 0.034402486012895
-0.0485750121740021 -0.0191068860374804 -0.030993167975141 0.0379416500058914
-0.049780761532739 -0.00387379335049603 -0.0237838421142256 0.0310329757867514
-0.0531234061175866 -0.00186875866555813 -0.0255478599284948 0.0112235168096489
-0.0527209659287693 -0.00445540668755835 -0.0314841152725308 -0.00621105527568631
-0.0562564938580324 -0.0105424705277339 -0.0295382753779193 -0.0326172857457958
-0.0551177125619948 -0.0311831484934618 -0.0160262391331249 -0.0534847575023326
-0.0324197559547142 -0.0585214932835145 0.0293623917389111 -0.054963714578613
0.00800405645091816 -0.0736253189732567 0.0589388686206494 -0.0213660728447844
0.0471047034759718 -0.0670524511802558 0.0388987050135851 0.0177739374721427
0.0714227636017003 -0.0429472361784129 -0.0147266568256743 0.0271842964647264
0.0529691874658277 -0.0200257791871443 -0.0863970199233212 0.0433413327622445
0.0453695845934244 -0.0360110332464728 -0.0761240608356517 0.0180739899215664
0.0237456463102308 -0.0477379269434713 -0.0750143607585034 0.0141066223768775
-0.00760969731080615 -0.0456071781539745 -0.0648964588091987 0.0142106049336158
-0.0274328350533126 -0.032238187352816 -0.0605750016924386 0.0243298923873367
-0.0342141289488694 -0.0134471559351663 -0.0487978671385534 0.0330650855687531
-0.0357970440697202 -0.00401432131314403 -0.0429727651408489 0.030080206399558
-0.037734435359291 -0.00586835024320962 -0.0437462367892769 0.0107011153133054
-0.0368455705493821 -0.00968075773920507 -0.0474006798828946 -0.00990505210445072
-0.0365597175688498 -0.0158865688350384 -0.0392002743745723 -0.0399562343152977
-0.0314687732533161 -0.0308925893095088 -0.0185563911123901 -0.0612556323221548
-0.0107296729264135 -0.0477884911527447 0.0287809090974298 -0.0578293537385338
0.0226446594721558 -0.0514385622970438 0.0529522184684191 -0.0170126148951566
0.0474283690527375 -0.0387127331009499 0.0262721663876702 0.0201434212435361
0.0557747596715317 -0.0183116068873299 -0.0374847126148881 0.0311208216198856
0.0249391487556333 -0.00152856783645714 -0.0957557435687127 0.0524797359825766
0.0252494715998712 -0.0121416584275281 -0.0772784652518604 0.0282291196309054
0.0144597057354168 -0.0192277315440885 -0.0707620202939506 0.0145258506574306
-0.000677531428302894 -0.0191276891732118 -0.0647954227453915 0.00947281960906472
-0.00789101095203309 -0.015076992054599 -0.0665607164353811 0.0207721112900981
-0.0120492426851904 -0.00744351429487169 -0.0588623821823614 0.0315408468571047
-0.0154814199952467 -0.00430371239424445 -0.0548766614402186 0.0297100308793197
-0.0168121590595961 -0.00886072362052726 -0.0543707407602835 0.00836854407482288
-0.0148462603671934 -0.0106899014485586 -0.0547738284290454 -0.0156784708014176
-0.0144029319046978 -0.0148228828985495 -0.0413901921076815 -0.0486969898622677
-0.0110017029591955 -0.0228787080781719 -0.0139144749872903 -0.0674971807872959
0.00215047547884095 -0.0302020347418662 0.0317635320785595 -0.0587106402464521
0.0253408041859559 -0.0266278793544199 0.0482647767052967 -0.0139496119233729
0.0362672387867394 -0.0116629424529311 0.0151554533889449 0.0173057729456066
0.030707564641697 0.00373715393664636 -0.0511596388075116 0.0284873173888208
-0.00443174227163857 -0.015433314984576 0.0587572152117048 -0.0359947231738263
-0.0131407451351882 -0.00302636572226685 -0.00627059372292247 -0.035508603438261
-0.011343510590753 0.00631993506861777 -0.0459909463563212 0.00561935300011054
-0.00336187373960772 0.00518010709345716 -0.0414504213610411 0.0589234375333434
-0.00500528613483133 0.00342542192898993 0.00444151070450545 0.0734682785620075
-0.004834511571461 0.00456884598207851 0.0404700600316643 0.0523432059519188
-0.00421355453778442 0.00572523413131831 0.0583510921074548 0.024364300086064
-0.00744236638669185 0.00877464755641825 0.0606704963857039 -0.00666399786039961
-0.00894588845450096 0.00925078971813851 0.0563720101114654 -0.0240873167164252
-0.0128499345320875 0.00695649132019879 0.0555198516294655 -0.0319625142005124
-0.0156999586038325 -0.000677536301209598 0.0626553133324541 -0.0246632718870136
-0.0117508466070995 -0.00867071609503457 0.0679905418790895 -0.0108981304000114
-0.0107430380414342 -0.0116036728831139 0.06793385983024 -0.0123159026864336
-0.00582425838452568 -0.0177904611576179 0.0774103326564315 -0.018753354764118
0.00559998770591543 -0.0242137437944004 0.090384091144986 -0.0474419710236524
0.0243585655715903 -0.0267530274960335 0.051950823014138 -0.0271545018008652
0.00821305527113821 -0.0175272943749143 -0.0066484705759362 -0.0316940377462371
0.00267722933279399 -0.0111223676421771 -0.0500159302051101 0.00592753527205132
-0.00136640173232837 -0.013320652494622 -0.0463358631293993 0.0563878736398969
-0.0140026251437335 -0.0111260070893648 -0.00324639584901967 0.0727062963144248
-0.0198341529239899 -0.003915255075165 0.0342538895808706 0.0557344022301616
-0.0227499666146989 0.00348261360604436 0.051972533698099 0.0278651697941081
-0.0287025357910379 0.010341972955373 0.054073157550558 -0.00254761363944834
-0.0311395600210828 0.0114567318321997 0.0478741904697484 -0.0211204114262788
-0.037341789783772 0.00753323597316696 0.0446014624121277 -0.0336046640094035
-0.0419683699803272 -0.00930543315472357 0.0514802774991479 -0.0327155592364925
-0.0304477259853395 -0.030758358234433 0.0628937999078122 -0.0213360823230135
-0.0139746016710339 -0.0439104822333171 0.0671199329906528 -0.018746184154042
0.00896447063197248 -0.0494720650211451 0.0713846857931398 -0.018381963340786
0.032183587588586 -0.0479701309760681 0.0798342907821445 -0.040584984246701
0.0504823199090441 -0.0346490519775644 0.0320876982120633 -0.016741873795274
0.0314319759423875 -0.0325115101304794 -0.0156095367677055 -0.0294483111616408
0.0181478779454305 -0.0311363261625057 -0.0590573391850252 0.00558253005235893
-0.000391065135973251 -0.0344187872146822 -0.0525049636180057 0.0536819695250192
-0.0230629147571443 -0.0270615500498886 -0.0113112483809574 0.068484188027202
-0.0339431239909359 -0.0117853936005473 0.0242045003522393 0.054158199689218
-0.0385907381813932 0.000817282497338596 0.0400573632906397 0.0299498957612851
-0.0458949205389483 0.0107699378289958 0.0401998887562836 0.00153939928246005
-0.0486792606644847 0.0122158799860808 0.0320225229290923 -0.0159825342982855
-0.0563105004588905 0.00827711661964099 0.0271501545268589 -0.0328038444854216
-0.0630019545776454 -0.0123656224059642 0.033627024217204 -0.0391035381984135
-0.0486447277692866 -0.0445611676159321 0.054338718561642 -0.0332285907080001
-0.0206973274685189 -0.068379787456209 0.0655538839674761 -0.0250599700520248
0.0178569080786092 -0.0751518511034206 0.0648600558659151 -0.0138136058294644
0.0520010121635664 -0.0650704055671272 0.0611397110105531 -0.0261172085807311
0.0691245139664554 -0.0402195148838981 0.00407454547246907 -0.00337652504171135
0.0500711496233326 -0.0465182042953421 -0.0312003116979423 -0.023575538373585
0.0300085264912043 -0.0530026353801343 -0.0686112041463098 0.00727484916978633
-0.0038127716951444 -0.0541422619988447 -0.0569017480541259 0.0484728067476449
-0.0335975228223961 -0.0397486005703549 -0.0207601205382894 0.0600950818626924
-0.0461220121878567 -0.0172809615769871 0.0107563966003454 0.050088222227306
-0.0495155806399459 -0.000405902712738973 0.02263387118127 0.0310791244543498
-0.0563303970685532 0.0089767810037682 0.0203022196097758 0.00625163794845851
-0.0583365898817382 0.0101182079569918 0.0114402617457948 -0.0107308461438782
-0.0665625855041184 0.00682461109726898 0.00634022720878343 -0.0297333736013
-0.0734952521451749 -0.0156727345499168 0.0126572784726771 -0.0427146989225273
-0.0577386892332971 -0.05226265331552 0.0422796487143771 -0.0430104798162399
-0.0222627665575482 -0.0809827282061792 0.0629407135038597 -0.028469400341788
0.0247408493477707 -0.0881515218706592 0.0581686240030773 -0.00471171189154708
0.0646329729604289 -0.0715163602788642 0.0369993635033681 -0.00666522747103659
0.0756363683834867 -0.0409367432955228 -0.0284620847940061 0.0128098811125106
0.0580509539320217 -0.0552243550307956 -0.0485718612437121 -0.0117772692189263
0.0331642204714814 -0.0668112060688497 -0.0746822704029672 0.0114211799490731
-0.00953016072279078 -0.0648250535009487 -0.0598593333407808 0.0393915281925319
-0.0409524638631971 -0.0449597613485453 -0.0329809022406083 0.0484277702841849
-0.0513582218664981 -0.018044712359854 -0.00758757310010399 0.0436959324749411
-0.0530307932249513 -0.000699452931604481 0.000394013741742731 0.0302459252399857
-0.0580812260293653 0.00601839509176618 -0.00173164619598781 0.0103042069843283
-0.0588197917175722 0.00534637023889964 -0.0108664239867267 -0.00549818754873517
-0.0651251239617229 0.00140510286983385 -0.0138854943501757 -0.0278937451130282
-0.0697736069608285 -0.0208520466629604 -0.00570350938113775 -0.0458499303386355
-0.0518596954494661 -0.0556638554752688 0.0326781825000662 -0.0498954853140114
-0.0131998081866811 -0.0828468540704244 0.0594408183601939 -0.0275726017847103
0.0341849013916253 -0.0848780753786678 0.0492886983401379 0.00679774568339584
0.0701267915437142 -0.0633392314759987 0.0120018941055136 0.0127310858516419
0.0683615278843057 -0.0354225807137147 -0.0589809147234579 0.0312011222280509
0.0545636224253391 -0.0524025097859558 -0.0637516620001491 0.00531100538079329
0.0287039047206565 -0.0652934289447993 -0.0747818544108352 0.0156662734617868
-0.0124055394082618 -0.0608431694130545 -0.0614583830923767 0.0273219372514498
-0.0398629199715809 -0.0408223088201246 -0.0464127058863324 0.0356011625457809
-0.0473180264166347 -0.0157087636347283 -0.027901636060224 0.0383665091137026
-0.0481862665524431 -0.000716251720815511 -0.0210706270375415 0.0307116510336902
-0.0513118975336906 0.00165136412327006 -0.0237509132979638 0.0127217801877862
-0.0506182180024852 -0.000931125481766117 -0.0308384714234416 -0.00360505391050578
-0.054250381976944 -0.00687238601568375 -0.0301882994337598 -0.0295362671174055
-0.0540414718517727 -0.0268228349340268 -0.0172851969621405 -0.04971868930802
-0.0339824739298228 -0.0544519895047451 0.0263116185616265 -0.05504734816196
0.00397729195348482 -0.0713177744519308 0.0554806988711699 -0.0238056775549786
0.0421296655882176 -0.067413575041206 0.0384670339940599 0.0157121941707792
0.0661678754354578 -0.0448438196036535 -0.0132128183941647 0.0266031206891025
0.0498192521759365 -0.021370224575752 -0.0805881123508474 0.0455323242951385
0.041660316344427 -0.0366919809074085 -0.0719429753478099 0.0203208012029133
0.021457014210283 -0.0468291977467542 -0.072121259207872 0.0173600435559282
-0.00990939478870286 -0.0429849011937708 -0.0622062688174106 0.0157398680108464
-0.0280997346270207 -0.0288522487583338 -0.0574362919529757 0.0257701711005593
-0.0329677165475523 -0.0113103301535626 -0.0452821855411996 0.0342043761089961
-0.0340066396792397 -0.00145164008288722 -0.039963729747138 0.0314980670589984
-0.0371661324100994 -0.00310764935489435 -0.0412529358031452 0.0124512032890779
-0.0352608442822133 -0.00697740440470852 -0.0452975728231031 -0.00663696686047834
-0.035544694154209 -0.0129257381037557 -0.0392228326645589 -0.0359007509936491
-0.0317271855388793 -0.0275509777295119 -0.0205422023282769 -0.0575240572271163
-0.0128041867272579 -0.0451976886861209 0.0249458359823472 -0.0572235523974327
0.0197285054155582 -0.0504498384329269 0.0501452431477596 -0.0188235223474083
0.0439183465014817 -0.0396193118501443 0.0259443169493189 0.0187188142664348
0.052858220584934 -0.0202662180808327 -0.0346605581672143 0.0324265766237632
0.0239215262596051 -0.00260937656354782 -0.0894764243817089 0.0561610809349772
0.0235001749904526 -0.0127106463031033 -0.0734702655119233 0.0299198427400673
0.0133569046388922 -0.0194946991311169 -0.0673931303001639 0.0181643178034377
-0.00170036653994572 -0.0181038854348492 -0.0619350833288567 0.0114000926114303
-0.00821442603797925 -0.0138354028737503 -0.0633854234398783 0.0226225394302263
-0.0116352746065441 -0.00627874382796885 -0.0544503984724613 0.0339424367397289
-0.0147868406082593 -0.00262957707244252 -0.0504039028230157 0.0322986682942885
-0.0168337907072045 -0.00710427656651517 -0.0516557389537647 0.0115191210953916
-0.0153702230527356 -0.00931249731612179 -0.0532529230274333 -0.0114190605024385
-0.0147602430548119 -0.013216708541223 -0.0420363677986227 -0.0437085179424057
-0.011689821988536 -0.0216083719945285 -0.0169909149751895 -0.0634432465673359
0.00067735312615156 -0.028567466404536 0.027640926306143 -0.0576507946475252
0.0236698872011318 -0.0266759954387879 0.0463301919175376 -0.0162333723923118
0.0348649606239334 -0.0128515131752294 0.015686551706672 0.0163487702853558
0.0296797744202063 0.00169874144727834 -0.0474470908900641 0.0296623640302448
-0.00186990724311502 -0.0145165739659812 0.0581631052977766 -0.0283243569454523
-0.0115527474606009 -0.00431143693010188 -0.00251617854754036 -0.0348436200419733
-0.0105939042617276 0.00425091079866067 -0.0440490780076338 -0.00100780123355902
-0.00411735423361778 0.0042707663843579 -0.0449114029821222 0.0490148187864665
-0.00509983764384938 0.00316634479496113 -0.00435925176723269 0.0675041704844842
-0.00560389119822925 0.00333322332370877 0.0305943309033343 0.0522507624073296
-0.00462406175519167 0.00415901752937229 0.0514197447970358 0.0283449954707572
-0.00806050363650902 0.00736271797115672 0.0581036783635111 0.000203853611779275
-0.00969198276850414 0.00755661956892094 0.0566573755868021 -0.0167661147429772
-0.012950295327334 0.00505082701317442 0.057044199026841 -0.024074494869072
-0.0152069912903144 -0.0026821791549359 0.063005860444598 -0.01591998054917
-0.0112960627060634 -0.00980801719986637 0.0666741560798356 -0.00174515079795021
-0.00936547743054662 -0.013366729628269 0.0662217745774879 -0.00269614740124944
-0.00337355666400282 -0.0178198097797883 0.0773028469269435 -0.00790341204933719
0.00779657793996729 -0.0230021035374826 0.0936679716122763 -0.0334417618925913
0.0250203982596174 -0.0212920951739648 0.0521845517230754 -0.0194623088970259
0.0100525664985312 -0.0149465866670918 -0.00248941585104501 -0.0313919011010548
0.00421165242308292 -0.00968315491473269 -0.0464410847763822 -0.000806846386573425
0.000195706331828679 -0.0124416032910468 -0.0486230358968709 0.0455333480176751
-0.011179094227425 -0.0125608178669252 -0.0112700907793701 0.0655593093933964
-0.0185891181835844 -0.00621418871703612 0.0247849162178375 0.0543630066239411
-0.0217839451765187 -0.000222665180521007 0.0454714535030699 0.0314861046562305
-0.028266200835383 0.00602672484118759 0.0514016387230578 0.00335619637905717
-0.0311582378824314 0.00670574292504061 0.0481311308384231 -0.0143221655113981
-0.0358221785113255 0.00258463231268014 0.0478226209574949 -0.0266249608240239
-0.0385789789615426 -0.0134938720217204 0.0542816848720373 -0.0238415709753893
-0.0262904713209141 -0.0326989584270288 0.064289422374074 -0.0115926495388355
-0.00887260208490177 -0.0433642942542819 0.0658280229948741 -0.00810096653785226
0.0135082205904482 -0.0463070539930779 0.0708624188775214 -0.00637820519346621
0.0352913098790865 -0.0427948347209644 0.0812320158336108 -0.0272776468669279
0.0503580271473304 -0.0253161384126462 0.0350965106330964 -0.0101509247450378
0.0328397926787061 -0.0255031266288739 -0.00975431780993497 -0.0295460807308575
0.0214610474105699 -0.0263997144724222 -0.0531629716513348 -0.000800301425457513
0.00422238053113208 -0.0315526646827434 -0.0527780022776737 0.042754119422202
-0.017440822628022 -0.0283579186886127 -0.0173024970208746 0.0615911377229143
-0.029894994200329 -0.015630135865535 0.0158330917151749 0.0514205469658692
-0.0365278122999571 -0.00459082310923052 0.033569767404139 0.0319500831712572
-0.0441966284146183 0.00434084441965719 0.0376281338570474 0.00575604023647467
-0.0471663983443139 0.00550979696959778 0.0336230533580129 -0.0110566234399705
-0.0541024205372158 0.00117976741129292 0.0314645322214952 -0.0275180312122398
-0.0579207045104748 -0.019612305520663 0.0390143155114173 -0.0312288254446788
-0.0415596946033995 -0.0477759580662348 0.057587273437648 -0.0243819542656599
-0.0124919591086386 -0.0670230614084942 0.0657574324226028 -0.0141716662089761
0.0249559125177025 -0.0694655924131573 0.0635498540387157 -0.0014477384433305
0.0569113020063113 -0.0565225570336077 0.0611672571673276 -0.0145610707413934
0.0682414647748733 -0.0280684748864917 0.0080312120691868 -0.000312689194862065
0.0520205858508008 -0.0358381562470528 -0.0231859303279852 -0.0259319193481883
0.0344410730049518 -0.0444477899591571 -0.0611795151235291 -0.000735054811223674
0.00359692646398529 -0.0507946235119025 -0.0554475714803066 0.0375832354493703
-0.0253346638643178 -0.0418238655405687 -0.0240813410445374 0.0524874666409065
-0.0403587653583536 -0.022327394880078 0.00430525119604796 0.0452320803269836
-0.0461758110090727 -0.00643515742133474 0.0180437453119355 0.0304251217534969
-0.0541980125595737 0.0021031572146364 0.0186741447111261 0.00796512879863464
-0.0564109632283434 0.00296013066214973 0.0132721036473907 -0.00802980448613953
-0.0630350339419134 -0.000764378172454539 0.0121017578774867 -0.0276657235895279
-0.0673831870396406 -0.0228657475661258 0.0204352524642264 -0.037287681774461
-0.0492225069613914 -0.0558718531487123 0.0480524851028527 -0.0350402763089225
-0.0128853043086331 -0.0800732052404989 0.0636029201379136 -0.0167665995908009
0.0335217745274826 -0.0806729542711139 0.0559145247238471 0.00648692654055096
0.0694528705254998 -0.0611546608590658 0.0358265264324498 0.00177355580176989
0.074322992373531 -0.0280574637619875 -0.0232773017379247 0.0119181732899552
0.060515130842433 -0.0427993657751027 -0.0403964838338317 -0.0163203743832202
0.03906886042438 -0.0573932617941037 -0.0656305534622563 0.0021548760451189
0.000568240436484239 -0.0615209950853682 -0.0569685659541136 0.0287664866180506
-0.031365037734929 -0.0479873811063829 -0.0340125687722757 0.0399892865927307
-0.0448460001579546 -0.0237291143717661 -0.0123795716069245 0.0374860983486622
-0.0497459384196514 -0.00698317211504369 -0.00216966203737273 0.0279802981123927
-0.0558457275009772 -0.0010467673820236 -0.00313268019509154 0.00965887798393976
-0.056539859318631 -0.0018913280927093 -0.00826893695463057 -0.0057568547554832
-0.0610164267778047 -0.00576414995515131 -0.00739943229503599 -0.0278920583697114
-0.0630105115114344 -0.0271327004233669 0.0031165437178429 -0.0420328102507398
-0.0435630719857838 -0.0582672052586527 0.0384775491795247 -0.0430439124880658
-0.00413608086119562 -0.0806300290410344 0.0599675428078227 -0.0166164338209502
0.0416642095986005 -0.0768114728713326 0.0449407048674455 0.0156994672271154
0.0738618230743532 -0.052614020953534 0.00828867899024799 0.0174036482250982
0.0670821990255633 -0.0235584866123927 -0.0535890299069021 0.0247973444104437
0.056580745368732 -0.0407546337924662 -0.0561817396740174 -0.00197234554275388
0.0355300154548501 -0.0561930519375977 -0.066897210949676 0.00565133770705497
-0.0030776113860847 -0.0577472081560958 -0.0569393669873352 0.0173017687520922
-0.0309847962748533 -0.0438343844923884 -0.044852119994618 0.0265695181260091
-0.0412242642354908 -0.0212979069630532 -0.0299695275992375 0.0306217427534346
-0.0441653129810864 -0.00595392951534137 -0.0221776715093894 0.0259922466264642
-0.048928343522153 -0.00414458936237269 -0.0243148966471209 0.00976373932085956
-0.0479610919242252 -0.00719083197670608 -0.0275480328597884 -0.00647450222690303
-0.0493604709991337 -0.0117116848976322 -0.0233409521956564 -0.0309195766127891
-0.0474226872410046 -0.0309135111569424 -0.00837578667474968 -0.0474153965608805
-0.0262266546148226 -0.0545069520807989 0.0324743193479958 -0.0477323252600497
0.0112435579780455 -0.0676983687990898 0.0549888512779754 -0.0141937522166323
0.0478970574378113 -0.0585572523967711 0.0329934459781395 0.0217149404607526
0.0685323225350493 -0.0348609991372436 -0.0181307283916526 0.0276148867402402
0.0483620985509869 -0.0137389990856311 -0.076800229020823 0.035982793911351
0.0431807506750869 -0.0281179526967457 -0.0664453840724358 0.0111397754123433
0.0264103169097473 -0.0407548520158267 -0.0647971229230591 0.00794356796171086
-0.00299151933883736 -0.0409068333508501 -0.0566876844954113 0.00698771363000073
-0.021725897094178 -0.031048424706546 -0.054923822790646 0.0160736245431483
-0.028685296773581 -0.0150028649936399 -0.0458968493840847 0.0258474274090242
-0.031512921421309 -0.00520435903520367 -0.040209029731262 0.025123744203617
-0.0347504006207964 -0.00735939872801557 -0.0405618985041561 0.00763774203417165
-0.0325029789516089 -0.0107053883457819 -0.041516868312635 -0.0103580222629858
-0.0314789653966143 -0.016297332986324 -0.0321113687207466 -0.0376857675701717
-0.0263014372192766 -0.0294800267910412 -0.0111293038065369 -0.0548655519033091
-0.00739817622862574 -0.0434706466337731 0.0312477263977353 -0.0503010927902431
0.0238284281353988 -0.0460229945663137 0.0495577186584628 -0.0112549759000638
0.0458086850783891 -0.0326688270139513 0.0200426498330374 0.0223637261669321
0.0528969577917621 -0.0142587086459069 -0.0384391974256853 0.0289131245829515
0.0218756504738388 0.000518016041226806 -0.0871715305227409 0.0433866036069476
0.0230257852646984 -0.00850630601341246 -0.0699665408748692 0.0207838579415038
0.0150446735685774 -0.0162401080959646 -0.0626018614721407 0.008675027677136
0.00121155225186456 -0.0167503551545151 -0.0574856715295815 0.00300709709434831
-0.00649349244928219 -0.013932796903686 -0.0600505739187581 0.0129123784868265
-0.00927052502017649 -0.00813306856855547 -0.0547639553918636 0.0247624503528821
-0.0130006161502755 -0.00403725309918933 -0.0502742381788793 0.0243463399686331
-0.0155393132322215 -0.00832314084656715 -0.0501226906905096 0.00511590449014368
-0.0130514540529131 -0.0104160567967761 -0.048594188612837 -0.0167084444279966
-0.0120372789275136 -0.0138544859235102 -0.0341930874850143 -0.0449842757907356
-0.00808553813590169 -0.0201822653968986 -0.00774450668918497 -0.0612175125491835
0.00365216340103486 -0.0259919714459518 0.0336977674478481 -0.0511029798769998
0.0247960560187475 -0.0231287195017809 0.0453663692241877 -0.0087836205492982
0.0341379089923888 -0.00815388930468122 0.0112469271810757 0.0184744247898665
0.0286429006744383 0.00531047423389378 -0.0503187317059885 0.0241752401328661
-0.00133102933738983 -0.0139384542871224 0.0567326270224994 -0.0260680539650874
-0.011110973553898 -0.00431082582949598 -0.0022341585434497 -0.0339904437099197
-0.0104907783155278 0.00403404739786742 -0.0425346611911658 -0.002195622291191
-0.00352651532225549 0.00390428457684636 -0.0450930284972851 0.0454263865183557
-0.00522789358729084 0.00282023595956129 -0.00634739004493925 0.0649343472097403
-0.00522136516495199 0.00352843733166207 0.0280345445947499 0.05090693899186
-0.0049849942512691 0.00406468491428349 0.04894185921777 0.0281094041842152
-0.00796303416552427 0.00691838299446215 0.0560369789154612 0.000472893069170256
-0.00989687171065834 0.00711231614356454 0.0550908521847817 -0.0155399734498256
-0.0123854323403686 0.0048953759127826 0.0556295303781962 -0.0224381703275102
-0.0146182587235903 -0.0024191693782916 0.0616019710858924 -0.0129786990011007
-0.0106376941034132 -0.0102602225223483 0.0653845368805103 6.30186126657879E-05
-0.00851253757248186 -0.0132685413940691 0.0634627087224326 7.50543842104157E-05
-0.00265922715433388 -0.0179988731809942 0.0749380238828261 -0.00454813262637129
0.0076965770462059 -0.0219933786849694 0.0908339706689936 -0.030740256605967
0.0246637586316435 -0.0194274362052903 0.0505706961526494 -0.0179341611411309
0.0100529194497986 -0.0142338900074829 -0.00189503064417215 -0.0315857061774443
0.00451252979278513 -0.00918643017537783 -0.0451683654525526 -0.00260779474365948
0.000930082227019389 -0.0120953998661487 -0.0483217256165897 0.0429911399850548
-0.0103195426636426 -0.01212313133423 -0.0124663934281997 0.0630369949889952
-0.0171782162450782 -0.00642662092894468 0.0219290362900339 0.0525487547898908
-0.0212526030658007 -0.000633082024161814 0.0429103705096064 0.0303115369269159
-0.0277646910512839 0.00556032503056211 0.0491962853449891 0.00342486831644122
-0.0302476000458634 0.00587470606820365 0.0473649492911885 -0.0132770042254569
-0.0349251057598812 0.00178476055726411 0.0462740671949495 -0.0244410198346031
-0.0371658996459048 -0.0135185232416429 0.0530805648140279 -0.0212906848475084
-0.0240664344440179 -0.0320318789625865 0.0625029065529513 -0.00964218791998387
-0.00729487732066757 -0.0422699539639967 0.0639650496201621 -0.00579453499314726
0.0148890324785505 -0.0443586127663642 0.0685878622764185 -0.00435342692170047
0.0351225304185884 -0.0400188239321166 0.0787506216708626 -0.0245454883058994
0.049304893252448 -0.0231457674209648 0.0336267905302325 -0.0100108110551729
0.0324755461128163 -0.0229864719434724 -0.00909640696625949 -0.0307433946474437
0.0212317426625671 -0.0248584672797936 -0.0517184434835981 -0.00305000769373078
0.0047495077895919 -0.0303510903917543 -0.0526819387169232 0.0397704626493305
-0.0159640818659691 -0.0275954999117663 -0.0184883940490329 0.0581272910667535
-0.0286562513014145 -0.0159549561145985 0.0134499990716943 0.0496123348425506
-0.035188487547714 -0.00482454608077353 0.031864795796685 0.0308537288916952
-0.0433983574740007 0.00402792663218209 0.0361878023712096 0.00591517204470248
-0.0452543764921901 0.00436713682055796 0.0323910070935167 -0.0106168896088263
-0.052132530406119 0.000594665733669323 0.031112909311633 -0.0258437127340252
-0.0555254033843725 -0.0195109702374055 0.0387241835811138 -0.029644754149451
-0.0393171465925428 -0.0466459563864805 0.0565820108996428 -0.0220407422097996
-0.0104234123644263 -0.0650892652012504 0.0635632635454396 -0.0114742426410083
0.0259443551371077 -0.0666370803855561 0.061125149144504 0.000673113430102907
0.0555447876068603 -0.0537792431852709 0.0590788660971212 -0.012285169519785
0.0665342960119046 -0.0247027972826856 0.00753680376746883 -0.00115663670047361
0.0506274295061249 -0.0324581968532156 -0.0218130941100301 -0.0266738003925313
0.0347719204389379 -0.0424809329640799 -0.058532740155606 -0.00291268856580251
0.00489826692989114 -0.0485759211286645 -0.0550951372971277 0.034521849105918
-0.0236070457174641 -0.0404029286925232 -0.0252492298701273 0.0493549139720842
-0.0380803530302548 -0.022317343748712 0.00215565536458785 0.043345196727227
-0.0445161691259696 -0.00732763349850452 0.0158476892359266 0.0292666466320104
-0.052750724299784 0.00132387383759856 0.0176346986226458 0.00775036369432938
-0.0541415416678359 0.00206859032199438 0.012717258156857 -0.00782381330423337
-0.0601309000961081 -0.00155529154521656 0.0125846406753854 -0.0264052042692223
-0.0644256391731488 -0.023109312417237 0.0206654218756415 -0.0351296486193097
-0.0459320326488764 -0.0544153600998262 0.0475462464621336 -0.0325385712840718
-0.0106410376230543 -0.0776916898629533 0.061325097342056 -0.0145575827495958
0.0344300316320351 -0.077294666055818 0.0532290624532091 0.0081167037744912
0.0682258794263228 -0.0575299109370636 0.0342148841719349 0.00264142989704272
0.0720948228465595 -0.0247145415069133 -0.0227020945871174 0.0104552097705023
0.0593163953163038 -0.0393435640820563 -0.0382679711667456 -0.017722273783035
0.0395351439165529 -0.0539555054390269 -0.0633344720515008 -1.28010781276385E-05
0.00165440395273534 -0.0585442959332077 -0.0561414623998264 0.0256591246171814
-0.0294309319309218 -0.0464164536641304 -0.0346117613342053 0.0372489039014123
-0.0428565278413176 -0.0237923450568095 -0.0128262324126711 0.0351257872475827
-0.0477471205861371 -0.00755989456970782 -0.00293099529031136 0.0267922687847555
-0.0535230351974461 -0.00174167474438899 -0.00303569845182991 0.00883576253499609
-0.0545117885760527 -0.00284874455512619 -0.00774834889801265 -0.00562552168768323
-0.0585288497875031 -0.00638504211703883 -0.0066762210650665 -0.0268144150073712
-0.0603452132100893 -0.0267752534391467 0.00455468196396433 -0.0399767454858801
-0.0400815226036474 -0.0565724865482191 0.0383919706967708 -0.0402663396067198
-0.00189920620961305 -0.077567183145106 0.0582031717832178 -0.0149395854847676
0.0421119312365129 -0.0732134767419733 0.0432480190082317 0.0162642278038792
0.0723321786573538 -0.0493653474321903 0.00720558394082001 0.017515202925962
0.064797906750095 -0.0211497170892972 -0.0520833670602173 0.0226375870985784
0.0555205579358376 -0.037593455954407 -0.0535243484563967 -0.00416175963546901
0.0355865340631473 -0.0534860763851514 -0.0646461228151795 0.00395542112471827
-0.00115696590073445 -0.0553063809129751 -0.0561569154162948 0.0147915085832011
-0.0290395563467212 -0.0425585686334329 -0.0443441502990458 0.0236265905080166
-0.0392127206643684 -0.0213633317896213 -0.0298380883897688 0.0279838371608917
-0.0427488406138906 -0.00656814394585307 -0.0226774871991091 0.0247342912061487
-0.0474617520067818 -0.00504001803505416 -0.0230919411010469 0.00906544053943165
-0.0459305895939942 -0.00723894167509617 -0.0261004353266739 -0.00676535404049329
-0.0466557835528824 -0.0123399591625761 -0.0216393976003575 -0.0303092796774858
-0.0447478551414153 -0.0298909498199809 -0.00588186891793913 -0.0457352470205482
-0.0242802497821349 -0.0530350249647774 0.032930730527907 -0.0449294153310595
0.0123076315557431 -0.0649568309662442 0.0531028785705482 -0.0125153697145691
0.0471384901589043 -0.0554100645803548 0.0310261390021961 0.0226348749279054
0.0665069954541943 -0.0322542687859123 -0.0174740716296274 0.0265926041220052
0.046590377509904 -0.0115810828507644 -0.0746903723730055 0.032195126806604
0.0417082976189258 -0.025901190462883 -0.064174348890907 0.00825925185048009
0.0263765566793787 -0.0383992008335345 -0.0625386656258777 0.00539881866363985
-0.00168980623013709 -0.0393373575995067 -0.0557760388523923 0.00456125702721359
-0.0204400208943816 -0.0298891617543295 -0.0540238649264696 0.0134204511564962
-0.0269843542850025 -0.0152724397881013 -0.0445785401219505 0.0232686884061451
-0.0297738140028709 -0.00560612675482141 -0.0389604649754721 0.0231469845721655
-0.03313804261055 -0.00747273169331098 -0.0389487282538366 0.00756341375799778
-0.0309583614267378 -0.0112454533694562 -0.03948130101442 -0.0108359677215749
-0.0298634206997684 -0.0156992186803209 -0.029477953110671 -0.0368070064750179
-0.0245030343734395 -0.0282050984099356 -0.00907610478621467 -0.0532482838374551
-0.00627813409938476 -0.0418174454167646 0.0319562879552856 -0.0475336035788669
0.0236704230211477 -0.0438509596343186 0.0479445700054052 -0.00990232774342516
0.0447507895790657 -0.0304768122009467 0.0186511865093745 0.0226746589095115
0.0515591107670148 -0.0119425870135518 -0.0374076931264603 0.0274390111448436
0.0206723161266081 0.00115700617125306 -0.085390422088385 0.039397174698792
0.0222348893988284 -0.00781961606001055 -0.067975754044348 0.0175428943792925
0.0149576175486737 -0.0152648030474162 -0.0602374388349651 0.00555174052280941
0.001292147574888 -0.0154688702737729 -0.056138300749823 0.00116301437817102
-0.00571742384932641 -0.0133737880400778 -0.0587781627054562 0.011225134819628
-0.00889934222713868 -0.00841684068740057 -0.0536428962401986 0.0224757875309171
-0.0121499265479072 -0.00454712404569872 -0.0486854521461629 0.0229294238526302
-0.0145438480322056 -0.00855849341716809 -0.0482872114322696 0.00486106787681357
-0.0127171127561626 -0.0105313119268247 -0.0460647307537904 -0.0160826097360012
-0.0111879297830888 -0.0133295775309515 -0.0315515854623902 -0.0442226667413632
-0.00740200015353525 -0.0201264150573859 -0.00520336633168954 -0.0586012110666673
0.00438163100573497 -0.0249261471443499 0.0340774136963238 -0.0476402946294266
0.0242988349138093 -0.0225162304512744 0.0438957979232052 -0.00812782274199052
0.0329656760959615 -0.00702477785186328 0.00988824539225652 0.0182933063006275
0.0275267615459513 0.00613725512748351 -0.0489977593756849 0.0218173964185943
-0.000764368217431609 -0.0136319881899612 0.0573263332641542 -0.025088760945396
-0.0103754985440705 -0.00483732003269819 -0.00136966702333072 -0.0345423067767031
-0.0108833945139521 0.00379895621109681 -0.0431287259095182 -0.00410425287732587
-0.00394703536204334 0.00376503098911622 -0.0472070926960938 0.0434118073390118
-0.00517124227890924 0.00240230991331381 -0.00871917231494108 0.0646984761950722
-0.00540908431926425 0.0029609385245139 0.0252955318927683 0.0518477619544643
-0.00576786695794866 0.00391097904631655 0.047436035719309 0.0285651121150379
-0.00865025699103094 0.00692838965516659 0.0556951813324645 0.00154077031329415
-0.00950336396019383 0.00660103561554884 0.0561648238895646 -0.0137110023919858
-0.0129706574376656 0.00432761390786569 0.0568292757535841 -0.0203825477514805
-0.014581399503507 -0.00326359034080963 0.0627934582134906 -0.0115359297117143
-0.0103636944206244 -0.0106843654678588 0.0653552210306153 0.00301106960989078
-0.00800190957289046 -0.0134046643031944 0.0640482147114162 0.00246286174153685
-0.00137836078071669 -0.0177091349108228 0.0750686468529315 -0.00130755803732812
0.00802861907836847 -0.0219581472455742 0.0926235052127625 -0.0272379010073508
0.0257721681976677 -0.0188763270781138 0.0511457475715933 -0.0169833706470499
0.010585628806616 -0.013469007747897 -0.000687714198462826 -0.0321000928602589
0.00521895436310589 -0.00869342479575771 -0.0451376971957574 -0.00485491135810854
0.00149176463230467 -0.0116512250664281 -0.0500110134943514 0.0410567153663195
-0.00988924174057471 -0.0123564000504469 -0.0154758015541098 0.0625218641217028
-0.0173609517954102 -0.00686040344801918 0.0194148200670233 0.0526698195295708
-0.0215099252499055 -0.00128555625025051 0.0416521972121883 0.0319453445252499
-0.0279886388453736 0.00500214415193723 0.049244037576433 0.00451003120320141
-0.0303024663634855 0.00483350912902835 0.0476106062622522 -0.0124221717176974
-0.0349442863839448 0.000782822179237536 0.0474242042346181 -0.0231328142136979
-0.0368704335628779 -0.014495176784453 0.0545460116845418 -0.0194832321538075
-0.0234412101393773 -0.0326656140996853 0.0634435385561699 -0.00757250409511957
-0.00606987378592378 -0.042518147606942 0.0641542988094386 -0.00306896239145014
0.0168095314712292 -0.0441328129906073 0.0687184083465053 -0.000852064005195016
0.0362685510997244 -0.0390991587642856 0.0795896159251931 -0.0214515040541223
0.0500010068217353 -0.0210692307131092 0.0335055339437939 -0.00941708652270351
0.0334158553031361 -0.0219308031524331 -0.00784179624975948 -0.0314862909823735
0.0225238354288639 -0.0241531793200746 -0.0517553175254975 -0.00511269327714224
0.00645422389297647 -0.0298704532458709 -0.0540444030725723 0.0374112071670455
-0.0150943778675829 -0.0278822407320141 -0.0211349798175329 0.0574970366489852
-0.0278977047559266 -0.0164886008966949 0.0115177426489648 0.0496758345538962
-0.0354100699315655 -0.00609487842680188 0.0307936747874491 0.0315671898489225
-0.0438764421004116 0.00267565550464248 0.035945639077963 0.00656045830389805
-0.0458376715445202 0.00318245869333022 0.0329753415140992 -0.0102694133189553
-0.0517644450616412 -0.00069682859435045 0.032013213091226 -0.0254594394874731
-0.0546437982446815 -0.0207006153309157 0.0403936985629596 -0.0280764249857296
-0.0370360350187086 -0.0483493272867296 0.0578155083024711 -0.0191250157771734
-0.00788694737055728 -0.065822530939312 0.0633413823599821 -0.0087221393285201
0.0287248302537027 -0.0652721945689647 0.0611885201849503 0.0035842947369705
0.0576435614403208 -0.0515012222199275 0.0595148404232777 -0.0106545383231175
0.0674746914452339 -0.0222925343632599 0.0075376636809664 -0.00137803341095769
0.0521890605332472 -0.030292460274971 -0.0210021542347333 -0.0290597462037465
0.0364528432578901 -0.0412520590186034 -0.0589600018850656 -0.0055014996241826
0.00667310968136049 -0.0475722343401279 -0.0565813344327982 0.031691865255743
-0.022033489111916 -0.0412871230193545 -0.027542030097117 0.0488134414700565
-0.0372219030950914 -0.0231161690074161 0.000877326273265067 0.0437252408346515
-0.0444119058845841 -0.00890954739129086 0.0150132134212614 0.0298391249481946
-0.0529280738382301 -8.11692949404208E-05 0.0181190083327011 0.00807387234863273
-0.0547193181297814 0.000278563476375478 0.0138638278765956 -0.00739581101718671
-0.0601995786711338 -0.00328166630916975 0.0128885426468575 -0.0264568020554626
-0.0636866532092549 -0.0242703116648203 0.022644597895528 -0.0345365764195457
-0.0438500421977368 -0.0557566886130324 0.0494071836468179 -0.0304726519802132
-0.00788799924695948 -0.0782372215054237 0.0616380965530119 -0.0123131902034427
0.0371467863819477 -0.0762417642559248 0.0528259228420039 0.0106087812474078
0.0705068959408985 -0.0553325839069614 0.0333487412806542 0.00438579333133169
0.073113502189257 -0.0221904005191871 -0.0228988612547136 0.00854431184981881
0.060502910879191 -0.036907995447745 -0.0376265863999516 -0.0200584636938158
0.041817503596616 -0.053086709968041 -0.0630450719430027 -0.00300058768202348
0.00417288848440106 -0.0583442602983354 -0.0574739629417354 0.0229745282025079
-0.0280519518623331 -0.0471876872234307 -0.0358135576103196 0.0356859424778252
-0.0414432997203849 -0.0249498717674985 -0.0146260757112764 0.0349141267365553
-0.0471221268692698 -0.00957739032966201 -0.0040263293246932 0.0260719173521912
-0.0537641948976397 -0.00348153279212109 -0.00350602130915638 0.00866475405573677
-0.0550268005591317 -0.0043063822860279 -0.00727815555726173 -0.00586451000115936
-0.0578188330615042 -0.00821655178007214 -0.00544273123344842 -0.0275635504195467
-0.0595301725172024 -0.0282399349271758 0.00697083597474981 -0.0400515395073663
-0.0385341643709737 -0.0575747825978379 0.0410551685696468 -0.038806175005392
0.000449155954835436 -0.0776950160416622 0.058519949553904 -0.0123313679184658
0.0447761752019524 -0.0717291393702822 0.0425831983754074 0.0192705496785229
0.0735531278216812 -0.0466622065509677 0.00633785829558743 0.0178567376126329
0.0664246180796537 -0.018470155665208 -0.0531997151559875 0.0198316013813939
0.0568733578330742 -0.0354324098569673 -0.0536165492283485 -0.00695478603705599
0.0379243600271979 -0.0520920858201457 -0.0637546003147244 0.000539984356916868
0.000933265069387213 -0.0550944169477194 -0.0568029942417244 0.0121145400126487
-0.0276826163345646 -0.0430977946013186 -0.0460882857614605 0.0222899580240819
-0.0380708018273838 -0.0224416719881615 -0.0311455306431312 0.0268367439215674
-0.0425494080308853 -0.00824752495248884 -0.0228208203104365 0.0235744171264296
-0.0474048439590887 -0.0058033238062306 -0.0233104162143005 0.0085523145994695
-0.0459069590378434 -0.00888515947219143 -0.0257235429693997 -0.00722118308045064
-0.0459401303999623 -0.0133969976423081 -0.0203841635952247 -0.0310488968955302
-0.0433926948223803 -0.0305206039676606 -0.00395210526981308 -0.0461622208264634
-0.0215675904386967 -0.0532610831236063 0.0349561298033214 -0.044489347276641
0.0147121734229755 -0.064620285318897 0.0537398334837823 -0.010751284422201
0.0489364110758869 -0.0534044404841536 0.0299209542129524 0.0239362754634887
0.0675923468264326 -0.0297495901268465 -0.019449341958453 0.0265618661092092
0.0467467898145295 -0.00936417517213735 -0.0757997108709675 0.029351948647862
0.042646179408571 -0.0237760351886923 -0.0641524287935532 0.00536340745936043
0.0275286837981483 -0.0375553897118089 -0.0624193878031902 0.00228916601627891
-0.000124986479105827 -0.0391210969578874 -0.0565130016108101 0.00174695769147078
-0.0192699751090263 -0.0302425769195458 -0.0547225551688341 0.0114772913733607
-0.0259774079963061 -0.0159938443840662 -0.0457181311684302 0.0218997990417668
-0.0298359101317722 -0.00663496369146305 -0.0394787955886329 0.0215750984772885
-0.0337860146545465 -0.00832914904387071 -0.0393906024054105 0.00657158319173787
-0.0307285529971614 -0.0117036623034613 -0.0386689056472841 -0.0113987988025157
-0.0287423781183198 -0.0164800625691236 -0.0282948997880126 -0.0381718295627877
-0.0234578964693202 -0.0281944957087439 -0.00640123870117517 -0.0527465285428152
-0.00452418130593541 -0.0411277789461329 0.0339470682522783 -0.0464856959449668
0.02538662877351 -0.0431733908262051 0.0489011937819419 -0.00817213169900414
0.0462362210306611 -0.028748150885639 0.0176068538146223 0.0233395074623184
0.0513727494077491 -0.00981999501154883 -0.0382396837018421 0.0266305592974104
0.0208541840821169 0.00220597463268712 -0.0868761462439495 0.0360882232038029
0.0223684624591365 -0.00658543521177454 -0.0677758723564418 0.0144760455114689
0.0157164252442843 -0.0142341807597283 -0.0600469668051166 0.00348719621663431
0.00216276487136602 -0.0158953473345874 -0.0571229632950355 -0.00170281752511138
-0.00502001329064104 -0.0134686207170499 -0.060277354450711 0.00856473150383568
-0.0078756006528887 -0.00833670846579482 -0.0544742597047715 0.0208226647301243
-0.0115511045414513 -0.00487219253828955 -0.0495502328243928 0.0213540163020497
-0.0146375592067339 -0.00805954291652249 -0.0481683735682784 0.00416839219309026
-0.0123874769479369 -0.0109261820165461 -0.0448801159247498 -0.0174118510898229
-0.0105450594240269 -0.0133326715501683 -0.0299830108280186 -0.0448789060099979
-0.0062423560429562 -0.0198294805390861 -0.00259959606825139 -0.0585517840179502
0.00482946477076591 -0.0244838788177567 0.0361022937223176 -0.0465026230060736
0.0250048357601799 -0.0212996551316142 0.0443105484112603 -0.0060488601354686
0.0336206380311236 -0.00590363103136215 0.00872994789692851 0.0193584205801257
0.0272963906247728 0.00728342801332619 -0.0498257333049908 0.0209213615432168
