TRXV5
3
4
4
9
string Extension=J
integer IsArchMeasurement=1
integer IsSpherical=1
string Generator=SPM
string GeneratorVersion=1.3.1 Dev
double ArchRadius=0.449999988079071
integer FrequencyAxisIndex=0
integer AzimuthAxisIndex=1
integer ElevationAxisIndex=2
Frequency
5 136 690000000 960000000 LIN
Azimuth
7 8 0 2.74889357189107 LIN
Elevation
7 15 -2.74889357189107 2.74889357189107 LIN
Polar H Real Part
13
Polar H Imaginary Part
14
Polar V Real Part
13
Polar V Imaginary Part
14
Polar H Magnitude (dB)
12 0xC0000002 0 1
Polar H Phase
7 0xC0000003 0 1
Polar V Magnitude (dB)
12 0xC0000002 2 3
Polar V Phase
7 0xC0000003 2 3
-0.00244641304016113 0.00164413452148437 -0.011627197265625 -0.0543060302734375
-0.00300145149230957 -0.00344133377075195 -0.00310897827148437 -0.0232334136962891
-0.0078434944152832 0.000772476196289061 0.0112543106079102 0.00335502624511719
-0.00315952301025391 0.00669193267822266 0.0322132110595703 0.00173377990722656
0.0018315315246582 0.00450420379638672 0.0380096435546875 -0.00956344604492188
0.00282502174377441 0.00175189971923828 0.0369186401367188 -0.0255889892578125
0.00369739532470703 -0.00266146659851074 0.0275669097900391 -0.0341701507568359
0.00236821174621582 -0.00205802917480469 0.0156383514404297 -0.0321121215820313
0.00222277641296387 -0.00218915939331055 0.00791549682617188 -0.0242919921875
0.00505399703979492 -0.000484943389892578 0.00180816650390625 -0.016754150390625
0.00408792495727539 0.00251102447509766 -0.00983619689941407 -0.0132217407226563
-0.00122690200805664 0.00507307052612305 -0.0154380798339844 -0.0126123428344727
-0.00670766830444336 -0.001190185546875 -0.0194168090820313 -0.0173988342285156
-0.000926971435546875 -0.00458621978759766 -0.0289268493652344 -0.0208244323730469
-0.00131678581237793 -0.00195670127868652 -0.0259971618652344 -0.0180225372314453
0.00345802307128906 0.0194454193115234 -0.0076141357421875 -0.0504684448242188
0.00457668304443359 0.0124921798706055 0.00137710571289062 -0.0187549591064453
0.00110340118408203 0.0122003555297852 0.015380859375 0.00336647033691406
0.00745677947998047 0.0144386291503906 0.0342903137207031 0.00175857543945313
0.0137481689453125 0.00761127471923828 0.0380821228027344 -0.009368896484375
0.0161323547363281 -0.00239849090576172 0.0362358093261719 -0.0251045227050781
0.0142316818237305 -0.0107555389404297 0.0246639251708984 -0.0315189361572266
0.0120677947998047 -0.010411262512207 0.0117301940917969 -0.0283622741699219
0.0125741958618164 -0.0120878219604492 0.00348854064941406 -0.0209770202636719
0.0170373916625977 -0.00975131988525391 -0.00165843963623047 -0.0151214599609375
0.0174827575683594 -0.00172710418701172 -0.0133466720581055 -0.0122528076171875
0.0137720108032227 0.00496482849121094 -0.0162601470947266 -0.0124740600585937
0.00762939453125 0.0064845085144043 -0.0192890167236328 -0.0171012878417969
0.0106878280639648 0.00791740417480469 -0.0258502960205078 -0.0172195434570313
0.00854682922363281 0.0129060745239258 -0.0233097076416016 -0.0133781433105469
0.00806045532226562 0.0348396301269531 -0.00296783447265625 -0.0400962829589844
0.011749267578125 0.0285396575927734 0.00665283203125 -0.00930500030517578
0.0107536315917969 0.0235023498535156 0.0192451477050781 0.00612068176269531
0.0190277099609375 0.0212993621826172 0.0356826782226563 0.00252532958984375
0.0249862670898437 0.00973892211914063 0.0362358093261719 -0.00913238525390625
0.0273933410644531 -0.00654411315917969 0.0319576263427734 -0.0233249664306641
0.0229225158691406 -0.0180797576904297 0.0189437866210938 -0.0257244110107422
0.0194244384765625 -0.017120361328125 0.00649452209472656 -0.0204238891601562
0.0197334289550781 -0.02020263671875 -0.00152587890625 -0.0125999450683594
0.0258464813232422 -0.0179195404052734 -0.0073089599609375 -0.00922298431396484
0.0284862518310547 -0.00634384155273438 -0.0181026458740234 -0.00758743286132812
0.0267333984375 0.0028839111328125 -0.0180225372314453 -0.01080322265625
0.0203704833984375 0.0119743347167969 -0.0187492370605469 -0.0160655975341797
0.0210800170898438 0.0186100006103516 -0.0200481414794922 -0.011810302734375
0.0165157318115234 0.0253429412841797 -0.0171566009521484 -0.00354385375976562
0.013397216796875 0.045440673828125 0.00332260131835937 -0.0262508392333984
0.0197677612304687 0.0404510498046875 0.0126619338989258 0.00216388702392578
0.0222320556640625 0.0306034088134766 0.0223846435546875 0.00969505310058594
0.0303382873535156 0.0234031677246094 0.0350875854492188 0.00275039672851563
0.0341682434082031 0.00787925720214844 0.0317039489746094 -0.00861930847167969
0.0341262817382813 -0.0117778778076172 0.0236454010009766 -0.0200099945068359
0.0269737243652344 -0.0231666564941406 0.0101079940795898 -0.0170583724975586
0.0230827331542969 -0.0214271545410156 -0.000844955444335935 -0.00907993316650391
0.0238571166992188 -0.0258464813232422 -0.00699901580810547 -0.00119972229003906
0.030181884765625 -0.0232048034667969 -0.0126104354858398 -0.000353813171386718
0.0349178314208984 -0.0100688934326172 -0.0221233367919922 -0.000495910644531249
0.0353889465332031 0.00095367431640625 -0.0205535888671875 -0.00827598571777344
0.0300102233886719 0.015625 -0.016627311706543 -0.014073371887207
0.0284519195556641 0.0265998840332031 -0.01104736328125 -0.00509834289550781
0.0218467712402344 0.0348892211914062 -0.00914669036865234 0.0083465576171875
0.0155792236328125 0.0486640930175781 0.0104274749755859 -0.0114202499389648
0.0258712768554688 0.0459976196289063 0.0185432434082031 0.0128498077392578
0.0299053192138672 0.0322837829589844 0.0242710113525391 0.0127925872802734
0.0373001098632813 0.0210189819335938 0.0307750701904297 0.00424003601074219
0.0380058288574219 0.0041351318359375 0.0238666534423828 -0.00560379028320313
0.0353965759277344 -0.015869140625 0.0140924453735352 -0.0133762359619141
0.0260639190673828 -0.0248317718505859 0.00130128860473633 -0.00554466247558594
0.0235881805419922 -0.0220489501953125 -0.00732135772705078 0.00261831283569336
0.0248966217041016 -0.0264472961425781 -0.0128307342529297 0.00998973846435547
0.0304374694824219 -0.0236721038818359 -0.0190048217773437 0.008758544921875
0.0359611511230469 -0.00974655151367188 -0.026458740234375 0.004913330078125
0.037506103515625 0.00160980224609375 -0.0214862823486328 -0.00504684448242187
0.0330162048339844 0.0185832977294922 -0.0137319564819336 -0.012354850769043
0.0304336547851563 0.0320758819580078 -0.00206220149993896 0.00209152698516846
0.0210494995117188 0.0406112670898438 -0.00114822387695313 0.0225467681884766
0.0156898498535156 0.0445976257324219 0.017608642578125 0.00256156921386719
0.0280189514160156 0.0427055358886719 0.0244331359863281 0.0212173461914063
0.0325164794921875 0.0275402069091797 0.0247974395751953 0.013824462890625
0.0372161865234375 0.0147361755371094 0.0246925354003906 0.00548744201660156
0.0353355407714844 -0.00147628784179688 0.0151138305664063 -0.00157356262207031
0.0301914215087891 -0.0178070068359375 0.00454044342041016 -0.00471973419189453
0.0210437774658203 -0.0231990814208984 -0.00621414184570313 0.00655412673950195
0.0196132659912109 -0.0196247100830078 -0.0125083923339844 0.0143356323242188
0.0216026306152344 -0.0224609375 -0.0179214477539063 0.0205574035644531
0.0269927978515625 -0.0196456909179688 -0.0247001647949219 0.0165958404541016
0.0323162078857422 -0.00692176818847656 -0.0296726226806641 0.01007080078125
0.0347805023193359 0.00394248962402344 -0.0226001739501953 -0.00258636474609375
0.0304737091064453 0.0201702117919922 -0.0110054016113281 -0.00921630859375
0.0264148712158203 0.0331268310546875 0.00627613067626953 0.0107316970825195
0.0167579650878906 0.0402412414550781 0.00486373901367188 0.0366020202636719
0.0119457244873047 0.033538818359375 0.0242385864257813 0.0115470886230469
0.0255718231201172 0.0323486328125 0.0294170379638672 0.0243549346923828
0.0279254913330078 0.0179615020751953 0.0234336853027344 0.0132560729980469
0.0295524597167969 0.00632667541503906 0.0183887481689453 0.00710487365722656
0.0254096984863281 -0.00542640686035156 0.00841712951660156 0.00396490097045898
0.0195484161376953 -0.0169830322265625 -0.002197265625 0.00462436676025391
0.0126533508300781 -0.0169239044189453 -0.0111761093139648 0.0169448852539063
0.0124616622924805 -0.0136070251464844 -0.0162563323974609 0.0244197845458984
0.015110969543457 -0.0162067413330078 -0.0225811004638672 0.0280170440673828
0.0190658569335938 -0.0138473510742188 -0.030670166015625 0.0209865570068359
0.0238666534423828 -0.00403022766113281 -0.0334358215332031 0.0123195648193359
0.0267372131347656 0.00418663024902344 -0.0242652893066406 -0.000791549682617193
0.0230598449707031 0.0189208984375 -0.00884628295898437 -0.00551128387451172
0.0195789337158203 0.0293598175048828 0.00945472717285156 0.0195140838623047
0.00928878784179688 0.0334949493408203 0.00740814208984375 0.0493011474609375
0.00477027893066406 0.0180892944335938 0.0281963348388672 0.0163097381591797
0.0172023773193359 0.0188007354736328 0.0311851501464844 0.0231781005859375
0.0178260803222656 0.00688362121582031 0.0218620300292969 0.0123271942138672
0.0162496566772461 -0.000706672668457031 0.0134038925170898 0.0092010498046875
0.0117053985595703 -0.00704383850097656 0.00512027740478516 0.00823688507080078
0.00557041168212891 -0.0118093490600586 -0.00544929504394531 0.0124921798706055
0.0026860237121582 -0.00781536102294922 -0.0119590759277344 0.0244064331054688
0.00345277786254883 -0.00595569610595703 -0.0176792144775391 0.030426025390625
0.00478696823120117 -0.00794601440429688 -0.0265407562255859 0.0317058563232422
0.00830221176147461 -0.0079035758972168 -0.0353813171386719 0.0227394104003906
0.0131034851074219 -0.00328826904296875 -0.0359992980957031 0.0124282836914063
0.0160427093505859 0.00205039978027344 -0.0263481140136719 0.000801086425781247
0.0147800445556641 0.0125455856323242 -0.010406494140625 -0.00200843811035156
0.0108318328857422 0.0199012756347656 0.00872611999511719 0.0257625579833984
0.00162315368652344 0.0222148895263672 0.00720977783203125 0.0581817626953125
-0.00197768211364746 0.00261688232421875 -0.0145606994628906 -0.0541839599609375
-0.00271821022033691 -0.00318717956542969 -0.00484466552734375 -0.0233573913574219
-0.0073089599609375 0.00121164321899414 0.0119810104370117 0.00258159637451172
-0.00272989273071289 0.00666427612304688 0.0328693389892578 0.000116348266601563
0.00244760513305664 0.00420212745666504 0.0384445190429688 -0.0123176574707031
0.00362181663513184 0.000852823257446289 0.0361518859863281 -0.0283622741699219
0.00415444374084473 -0.0030066967010498 0.0251121520996094 -0.0369758605957031
0.0025637149810791 -0.00205612182617188 0.0130805969238281 -0.033935546875
0.00308084487915039 -0.00248003005981445 0.00593757629394531 -0.0254936218261719
0.0054316520690918 -0.000579833984375 0.001495361328125 -0.0177993774414063
0.00444793701171875 0.00297069549560547 -0.0111761093139648 -0.0131502151489258
-0.0010075569152832 0.00535106658935547 -0.0162935256958008 -0.011993408203125
-0.00638484954833984 -0.000434875488281249 -0.0209999084472656 -0.0169315338134766
-0.00111150741577148 -0.00483322143554688 -0.0305023193359375 -0.0199851989746094
-0.00148892402648926 -0.00182127952575684 -0.027587890625 -0.0164928436279297
0.005218505859375 0.0202484130859375 -0.0101470947265625 -0.049896240234375
0.00554370880126953 0.0129709243774414 0.000938415527343751 -0.0186824798583984
0.00241184234619141 0.0126571655273438 0.0158233642578125 0.00314712524414063
0.00891971588134765 0.013829231262207 0.0344676971435547 6.86645507812508E-05
0.0147104263305664 0.00685310363769531 0.0382728576660156 -0.0118904113769531
0.0164680480957031 -0.00412082672119141 0.0350208282470703 -0.0278110504150391
0.0140724182128906 -0.0124235153198242 0.0225906372070312 -0.0340080261230469
0.0117912292480469 -0.0115251541137695 0.00970840454101563 -0.0293617248535156
0.0121030807495117 -0.0134344100952148 0.00195884704589844 -0.0214138031005859
0.0167942047119141 -0.0112590789794922 -0.00286006927490234 -0.0156841278076172
0.0184535980224609 -0.00303077697753906 -0.0146074295043945 -0.0116662979125977
0.0147418975830078 0.00398731231689453 -0.0169868469238281 -0.0117130279541016
0.00809717178344727 0.00664949417114258 -0.0208892822265625 -0.0164527893066406
0.010960578918457 0.00763893127441406 -0.0276718139648438 -0.0165596008300781
0.00976753234863281 0.0127248764038086 -0.0249500274658203 -0.0122470855712891
0.0112514495849609 0.0351047515869141 -0.00474929809570312 -0.0400581359863281
0.0139961242675781 0.0282497406005859 0.00624656677246094 -0.00901317596435547
0.0126209259033203 0.0234241485595703 0.0199012756347656 0.00578880310058594
0.0210475921630859 0.0201168060302734 0.0364265441894531 0.000408172607421876
0.0258960723876953 0.00803375244140625 0.0362358093261719 -0.0117721557617188
0.0270786285400391 -0.00856590270996094 0.0305538177490234 -0.0255565643310547
0.0219688415527344 -0.0198612213134766 0.0169887542724609 -0.0271053314208984
0.0185813903808594 -0.0187282562255859 0.00463485717773437 -0.0208110809326172
0.0190525054931641 -0.0224895477294922 -0.00281524658203125 -0.0128593444824219
0.0251636505126953 -0.0204734802246094 -0.00806331634521484 -0.00882816314697266
0.0288639068603516 -0.00844383239746094 -0.0192890167236328 -0.00668525695800781
0.0276985168457031 0.001708984375 -0.0192699432373047 -0.0100307464599609
0.0212440490722656 0.0115070343017578 -0.020599365234375 -0.0157985687255859
0.0219841003417969 0.0174369812011719 -0.0218906402587891 -0.0108318328857422
0.0182380676269531 0.0249366760253906 -0.0180091857910156 -0.00296401977539062
0.0172920227050781 0.0454330444335938 0.00158500671386719 -0.0260562896728516
0.0230293273925781 0.039093017578125 0.0126218795776367 0.00228023529052735
0.0243682861328125 0.0296669006347656 0.0238838195800781 0.00895118713378907
0.0326786041259766 0.0217056274414063 0.0355186462402344 0.00144195556640625
0.0354270935058594 0.00551605224609375 0.0312595367431641 -0.0103683471679687
0.0336685180664063 -0.0141258239746094 0.0224609375 -0.0216464996337891
0.0248794555664063 -0.0253105163574219 0.00925254821777344 -0.01763916015625
0.0225582122802734 -0.0232753753662109 -0.00164604187011718 -0.00901985168457031
0.0225734710693359 -0.0279636383056641 -0.00703191757202148 -0.000392913818359376
0.0286846160888672 -0.0258827209472656 -0.013615608215332 -6.3896179199219E-05
0.0346336364746094 -0.0125808715820313 -0.0232143402099609 0.000427246093749999
0.0354728698730469 -0.001708984375 -0.0213050842285156 -0.00682258605957032
0.0310096740722656 0.0139484405517578 -0.0187053680419922 -0.0139255523681641
0.0304241180419922 0.0252361297607422 -0.0121698379516602 -0.00508499145507812
0.0241851806640625 0.0342197418212891 -0.00971889495849609 0.00873661041259766
0.0189094543457031 0.0487251281738281 0.0103883743286133 -0.0116128921508789
0.0293312072753906 0.0445442199707031 0.0197601318359375 0.0129718780517578
0.0324211120605469 0.0311908721923828 0.0249385833740234 0.0124721527099609
0.0391921997070313 0.0188751220703125 0.0314311981201172 0.00320816040039063
0.0386505126953125 0.0015869140625 0.0237236022949219 -0.00698661804199219
0.0350666046142578 -0.0184879302978516 0.0129156112670898 -0.014887809753418
0.0242786407470703 -0.026947021484375 0.000675201416015626 -0.00538825988769531
0.0223922729492188 -0.0239200592041016 -0.0075526237487793 0.00400733947753906
0.0233879089355469 -0.0282135009765625 -0.0121116638183594 0.0114946365356445
0.0292625427246094 -0.0253944396972656 -0.0193862915039063 0.0101413726806641
0.0358123779296875 -0.0128059387207031 -0.0265045166015625 0.00682449340820312
0.0383033752441406 -0.00138473510742188 -0.0225887298583984 -0.00373649597167969
0.0346088409423828 0.0165882110595703 -0.0155820846557617 -0.0118207931518555
0.0327835083007813 0.0305118560791016 -0.00230050086975097 0.00216102600097656
0.0247230529785156 0.0396499633789063 -0.000537872314453122 0.02252197265625
0.0195083618164063 0.0444450378417969 0.0183067321777344 0.00192451477050782
0.0315055847167969 0.041015625 0.0257663726806641 0.0205593109130859
0.0342693328857422 0.0261383056640625 0.0256423950195313 0.0133266448974609
0.0387039184570313 0.0125503540039063 0.0253562927246094 0.00548934936523438
0.0349941253662109 -0.00419807434082031 0.0148172378540039 -0.00228309631347656
0.0290317535400391 -0.0204372406005859 0.00365376472473145 -0.00436687469482422
0.0196952819824219 -0.0243377685546875 -0.00605392456054687 0.00694799423217773
0.0184097290039063 -0.0211257934570313 -0.0118608474731445 0.0164690017700195
0.0201053619384766 -0.0245895385742188 -0.0167770385742188 0.0224819183349609
0.0260009765625 -0.0214252471923828 -0.0247268676757812 0.0189247131347656
0.0323772430419922 -0.00943946838378906 -0.0303173065185547 0.01214599609375
0.0355491638183594 0.000579833984375 -0.0237445831298828 -0.00123786926269531
0.0323944091796875 0.0182113647460938 -0.0123395919799805 -0.00863838195800781
0.0294132232666016 0.0319862365722656 0.00617218017578125 0.0100231170654297
0.020172119140625 0.0397529602050781 0.00640487670898438 0.0362548828125
0.014739990234375 0.0321235656738281 0.0259532928466797 0.0108776092529297
0.0278148651123047 0.0311374664306641 0.0312061309814453 0.0234622955322266
0.0296115875244141 0.0162525177001953 0.0244026184082031 0.0126914978027344
0.0301933288574219 0.00431060791015625 0.0189666748046875 0.00724029541015625
0.0253639221191406 -0.00757598876953125 0.00856113433837891 0.00348615646362305
0.0180950164794922 -0.0184841156005859 -0.00209236145019531 0.00506210327148437
0.0115756988525391 -0.0178508758544922 -0.00996971130371094 0.0183391571044922
0.011906623840332 -0.0144004821777344 -0.0152873992919922 0.0260734558105469
0.0136280059814453 -0.0169696807861328 -0.0213451385498047 0.0301151275634766
0.0179615020751953 -0.0149097442626953 -0.0303459167480469 0.023406982421875
0.0243682861328125 -0.00576210021972656 -0.0333919525146484 0.0147171020507813
0.0275363922119141 0.00216102600097656 -0.0249557495117188 0.00128746032714844
0.0245246887207031 0.0168533325195313 -0.0104560852050781 -0.00517940521240234
0.0214214324951172 0.0285053253173828 0.0108451843261719 0.0183887481689453
0.0122966766357422 0.033782958984375 0.0100784301757813 0.049346923828125
0.00679397583007812 0.0173730850219727 0.0303173065185547 0.0151729583740234
0.0187549591064453 0.0171852111816406 0.0333232879638672 0.0224094390869141
0.0184879302978516 0.00576210021972656 0.0224132537841797 0.01226806640625
0.0163745880126953 -0.00208187103271484 0.0142946243286133 0.00974559783935547
0.0109577178955078 -0.00824737548828125 0.00533246994018555 0.00828075408935547
0.00522422790527344 -0.0118579864501953 -0.0039215087890625 0.0129528045654297
0.00168895721435547 -0.00795888900756836 -0.0103988647460938 0.0255699157714844
0.00332117080688477 -0.00595951080322266 -0.0160293579101562 0.0320224761962891
0.00427484512329102 -0.00786876678466797 -0.0246238708496094 0.0338573455810547
0.00744056701660156 -0.00864267349243164 -0.0343456268310547 0.0253696441650391
0.0123748779296875 -0.00396251678466797 -0.03594970703125 0.0151596069335937
0.0163335800170898 0.000965118408203125 -0.0267314910888672 0.00251579284667968
0.0152425765991211 0.0114154815673828 -0.0109405517578125 -0.00104713439941406
0.01263427734375 0.01934814453125 0.0102100372314453 0.0252780914306641
0.00338363647460938 0.0220012664794922 0.01031494140625 0.0586013793945313
-0.00109672546386719 0.00235748291015625 -0.0165901184082031 -0.0520362854003906
-0.00283217430114746 -0.00268959999084473 -0.00530052185058594 -0.0219707489013672
-0.00705337524414062 0.00193977355957031 0.0122308731079102 0.00169563293457031
-0.0019841194152832 0.00657510757446289 0.0325508117675781 -0.00172042846679687
0.0025334358215332 0.00397944450378418 0.0369110107421875 -0.0142745971679688
0.00367617607116699 0.000190973281860352 0.0342006683349609 -0.0300273895263672
0.00412988662719727 -0.00360655784606934 0.0222091674804687 -0.0376319885253906
0.00306415557861328 -0.00242757797241211 0.0103530883789063 -0.0335979461669922
0.0031437873840332 -0.00298595428466797 0.00387191772460937 -0.0251941680908203
0.00596857070922851 -0.00137758255004883 3.05175781250014E-05 -0.0181198120117188
0.00527000427246094 0.00274324417114258 -0.0116548538208008 -0.0121850967407227
-0.000483036041259765 0.00567293167114258 -0.0156593322753906 -0.0111942291259766
-0.00626468658447266 0.000435352325439454 -0.0212783813476563 -0.0159053802490234
-0.00146579742431641 -0.00442028045654297 -0.0316982269287109 -0.0180625915527344
-0.00141167640686035 -0.00163960456848145 -0.0284767150878906 -0.0150737762451172
0.00685501098632812 0.0197067260742188 -0.0125732421875 -0.0474662780761719
0.00637435913085937 0.0120697021484375 -9.34600830078114E-05 -0.0176124572753906
0.00307369232177734 0.0121469497680664 0.0158357620239258 0.00211429595947266
0.00982570648193359 0.0128536224365234 0.0343914031982422 -0.00226211547851562
0.0147933959960938 0.00559616088867188 0.0369491577148438 -0.0135612487792969
0.0154304504394531 -0.00482177734375 0.032958984375 -0.0290336608886719
0.0126867294311523 -0.0131349563598633 0.0199947357177734 -0.0344676971435547
0.011143684387207 -0.012181282043457 0.00719642639160156 -0.0288467407226563
0.0113725662231445 -0.0143890380859375 0.00041961669921875 -0.0208854675292969
0.0158672332763672 -0.0118618011474609 -0.00433444976806641 -0.0157623291015625
0.0181179046630859 -0.00414085388183594 -0.0152339935302734 -0.0105962753295898
0.0147809982299805 0.00341320037841797 -0.0180187225341797 -0.0111865997314453
0.00843715667724609 0.00659418106079102 -0.0214653015136719 -0.0148658752441406
0.010685920715332 0.00704288482666016 -0.0284156799316406 -0.0146713256835938
0.0102348327636719 0.0122413635253906 -0.0250759124755859 -0.0102634429931641
0.0131874084472656 0.0339603424072266 -0.00625228881835937 -0.0382232666015625
0.0151138305664063 0.027130126953125 0.00601959228515625 -0.00879669189453125
0.0143795013427734 0.0220317840576172 0.0198154449462891 0.00528144836425781
0.0218563079833984 0.0181407928466797 0.0354881286621094 -0.00124359130859375
0.0258445739746094 0.00592231750488281 0.0346488952636719 -0.0130233764648438
0.0263595581054688 -0.00996971130371094 0.0282649993896484 -0.0269985198974609
0.0197639465332031 -0.0206794738769531 0.0147647857666016 -0.0270786285400391
0.0174846649169922 -0.0195884704589844 0.00258255004882812 -0.0197982788085937
0.0176219940185547 -0.0235347747802734 -0.00333881378173828 -0.0119390487670898
0.0237350463867187 -0.0212078094482422 -0.00907611846923828 -0.00841808319091797
0.0278358459472656 -0.00989341735839844 -0.0194187164306641 -0.00525474548339843
0.0276718139648438 -0.000274658203125 -0.0199451446533203 -0.00943946838378906
0.0212879180908203 0.00998878479003906 -0.0213623046875 -0.0142002105712891
0.0224018096923828 0.0163631439208984 -0.0219249725341797 -0.00967979431152343
0.0195121765136719 0.0233345031738281 -0.0186862945556641 -0.00187492370605469
0.0193328857421875 0.0433921813964844 0.000923156738281248 -0.0254154205322266
0.0247879028320313 0.0371170043945313 0.0127096176147461 0.00214767456054688
0.0254650115966797 0.0277652740478516 0.0235195159912109 0.0086669921875
0.033416748046875 0.0194854736328125 0.0348415374755859 5.91278076171887E-05
0.034454345703125 0.003326416015625 0.0298652648925781 -0.0115470886230469
0.03204345703125 -0.0158290863037109 0.0201778411865234 -0.0226306915283203
0.0230770111083984 -0.0261363983154297 0.00768470764160157 -0.0175104141235352
0.0204811096191406 -0.0243244171142578 -0.0023951530456543 -0.00831365585327149
0.0210742950439453 -0.0288143157958984 -0.00795602798461914 0.00011444091796875
0.0270481109619141 -0.0270652770996094 -0.0137195587158203 0.000758171081542967
0.0333614349365234 -0.0146541595458984 -0.0232048034667969 0.00127792358398437
0.0355415344238281 -0.00367355346679687 -0.0215873718261719 -0.00572013854980469
0.0311260223388672 0.0120754241943359 -0.0200157165527344 -0.0124721527099609
0.0312099456787109 0.0233936309814453 -0.0130825042724609 -0.00407791137695313
0.0262126922607422 0.0319290161132813 -0.00915431976318359 0.00921726226806641
0.022186279296875 0.0466194152832031 0.00985431671142578 -0.0113239288330078
0.03143310546875 0.041534423828125 0.0201663970947266 0.01220703125
0.0334815979003906 0.0288372039794922 0.0251979827880859 0.0113525390625
0.0399055480957031 0.0159759521484375 0.0306873321533203 0.00237655639648438
0.0377540588378906 -0.000400543212890625 0.0224666595458984 -0.0076446533203125
0.0328292846679688 -0.019866943359375 0.0116720199584961 -0.014582633972168
0.0219306945800781 -0.0276565551757812 0.000307559967041017 -0.00528955459594727
0.0203876495361328 -0.0246734619140625 -0.00728368759155274 0.00482559204101562
0.0209865570068359 -0.0289382934570313 -0.0117177963256836 0.0125150680541992
0.0270595550537109 -0.0271072387695313 -0.0187511444091797 0.0109996795654297
0.0344161987304688 -0.0143928527832031 -0.0264053344726562 0.00814247131347656
0.0373954772949219 -0.00352096557617187 -0.0224208831787109 -0.00254631042480469
0.0344600677490234 0.0147266387939453 -0.01641845703125 -0.0104484558105469
0.0335712432861328 0.0279216766357422 -0.00276708602905273 0.00231027603149414
0.02655029296875 0.0367965698242188 0.00037384033203125 0.0221729278564453
0.0214691162109375 0.0413703918457031 0.0190258026123047 0.00187301635742188
0.03326416015625 0.0381622314453125 0.0271396636962891 0.0197429656982422
0.03515625 0.0232696533203125 0.0262126922607422 0.0121841430664063
0.0387458801269531 0.00953292846679688 0.0246562957763672 0.00445938110351563
0.033721923828125 -0.00562095642089844 0.0144233703613281 -0.00257587432861328
0.0270137786865234 -0.021484375 0.0032958984375 -0.00502300262451172
0.0172653198242187 -0.0250110626220703 -0.00534343719482422 0.00762462615966797
0.01715087890625 -0.0215435028076172 -0.0109891891479492 0.0171070098876953
0.0181808471679688 -0.0247650146484375 -0.0153541564941406 0.0231876373291016
0.0238876342773438 -0.0227432250976562 -0.0237331390380859 0.0190696716308594
0.0306453704833984 -0.0114173889160156 -0.0291252136230469 0.01397705078125
0.0348110198974609 -0.001251220703125 -0.0230827331542969 0.000577926635742185
0.032318115234375 0.0164108276367188 -0.0129547119140625 -0.00735759735107422
0.0305614471435547 0.0298099517822266 0.00607872009277344 0.00953960418701172
0.0225372314453125 0.0374183654785156 0.00772285461425782 0.0350265502929688
0.0164241790771484 0.0307273864746094 0.0264205932617187 0.00972747802734375
0.0290489196777344 0.0281467437744141 0.0321559906005859 0.0219745635986328
0.0298233032226563 0.0143413543701172 0.0247840881347656 0.011993408203125
0.0305442810058594 0.00258827209472656 0.0187339782714844 0.006744384765625
0.0239505767822266 -0.00888633728027344 0.0088348388671875 0.0033111572265625
0.0161495208740234 -0.0184707641601563 -0.00194835662841797 0.00520515441894531
0.0100059509277344 -0.0175876617431641 -0.00786209106445312 0.0187282562255859
0.0107450485229492 -0.0146036148071289 -0.0127162933349609 0.0265922546386719
0.0125455856323242 -0.0173196792602539 -0.0188064575195313 0.0312843322753906
0.016693115234375 -0.0154953002929688 -0.0285263061523438 0.02471923828125
0.0232028961181641 -0.00751113891601563 -0.0321044921875 0.0163936614990234
0.0269203186035156 0.000143051147460938 -0.0246162414550781 0.00258827209472657
0.0248241424560547 0.0149326324462891 -0.0110273361206055 -0.00458526611328125
0.022491455078125 0.0264358520507813 0.0113582611083984 0.0172033309936523
0.0140495300292969 0.0321941375732422 0.0122489929199219 0.0475311279296875
0.00751018524169922 0.0161647796630859 0.0309467315673828 0.0131359100341797
0.0194091796875 0.0151329040527344 0.0337333679199219 0.0210380554199219
0.0184898376464844 0.00466728210449219 0.0232162475585938 0.0108966827392578
0.0159387588500977 -0.00346279144287109 0.014988899230957 0.00892353057861328
0.0101118087768555 -0.00859737396240234 0.00618839263916016 0.00830888748168945
0.00370979309082031 -0.0108060836791992 -0.00371456146240234 0.0129165649414063
0.00184726715087891 -0.00714540481567383 -0.00821304321289063 0.0256500244140625
0.00271511077880859 -0.00551080703735352 -0.0131282806396484 0.032928466796875
0.0040888786315918 -0.00767898559570313 -0.02166748046875 0.0346641540527344
0.00639533996582031 -0.00873661041259766 -0.0321693420410156 0.0268669128417969
0.01190185546875 -0.00477886199951172 -0.0346164703369141 0.0170307159423828
0.0155773162841797 -0.00016021728515625 -0.0266971588134766 0.004241943359375
0.0154056549072266 0.0102996826171875 -0.0115165710449219 -0.00070667266845703
0.0132312774658203 0.0180454254150391 0.0113048553466797 0.0231761932373047
0.00455856323242188 0.0208644866943359 0.0128555297851562 0.05615234375
-0.000679254531860351 0.00287342071533203 -0.0163040161132813 -0.0497856140136719
-0.00260782241821289 -0.00288581848144531 -0.00574493408203125 -0.021209716796875
-0.00596475601196289 0.00179624557495117 0.0122900009155273 0.00127506256103516
-0.00140953063964844 0.00619077682495117 0.0315628051757813 -0.00266456604003906
0.00316762924194336 0.00345540046691894 0.0355987548828125 -0.0143661499023437
0.00370073318481445 -0.000241279602050781 0.0319881439208984 -0.0301036834716797
0.00433754920959473 -0.00410795211791992 0.0203666687011719 -0.0368309020996094
0.0035545825958252 -0.00278210639953613 0.0092010498046875 -0.0325260162353516
0.00333189964294434 -0.00301504135131836 0.00301551818847656 -0.0250244140625
0.00598430633544922 -0.00137662887573242 -0.000503540039062501 -0.0177059173583984
0.00541973114013672 0.00219535827636719 -0.0115680694580078 -0.0120773315429687
-8.44001770019527E-05 0.00556659698486328 -0.0159702301025391 -0.0109748840332031
-0.00597190856933594 0.00105905532836914 -0.0209941864013672 -0.0156097412109375
-0.00199055671691895 -0.00401973724365234 -0.0307788848876953 -0.0171260833740234
-0.00157821178436279 -0.00111615657806396 -0.0279998779296875 -0.0142440795898437
0.00766754150390625 0.0191154479980469 -0.0121803283691406 -0.0454673767089844
0.00666141510009766 0.0117101669311523 -0.000370979309082032 -0.0168790817260742
0.00367546081542969 0.0118904113769531 0.0156087875366211 0.00192546844482422
0.00998592376708984 0.0120935440063477 0.0328235626220703 -0.00200271606445312
0.0144290924072266 0.00506019592285156 0.0354499816894531 -0.0136299133300781
0.01507568359375 -0.00579547882080078 0.0309848785400391 -0.0286178588867188
0.0121526718139648 -0.0133790969848633 0.0181140899658203 -0.0332565307617188
0.0107402801513672 -0.0120630264282227 0.00596427917480469 -0.0277042388916016
0.0107812881469727 -0.0144338607788086 -0.000600814819335938 -0.0206069946289062
0.015589714050293 -0.0120925903320313 -0.00481796264648437 -0.0152597427368164
0.0180568695068359 -0.00416374206542969 -0.0150613784790039 -0.0101909637451172
0.0150527954101562 0.00284194946289062 -0.0173587799072266 -0.0104875564575195
0.00821256637573242 0.00671148300170898 -0.0216178894042969 -0.0148849487304688
0.010319709777832 0.00709819793701172 -0.0278587341308594 -0.0138835906982422
0.0100793838500977 0.011775016784668 -0.02496337890625 -0.00949859619140625
0.0144767761230469 0.0325298309326172 -0.00593948364257813 -0.0363121032714844
0.0157260894775391 0.0254039764404297 0.00617885589599609 -0.00825119018554687
0.0139045715332031 0.0212039947509766 0.0190296173095703 0.00476264953613281
0.0220489501953125 0.0171928405761719 0.0345935821533203 -0.001800537109375
0.0255336761474609 0.00555992126464844 0.03302001953125 -0.0132389068603516
0.0250186920166016 -0.01043701171875 0.0264015197753906 -0.0267105102539063
0.0188674926757813 -0.0208568572998047 0.0134563446044922 -0.0261211395263672
0.0167007446289063 -0.0196571350097656 0.0023193359375 -0.0187416076660156
0.0164661407470703 -0.023284912109375 -0.00401115417480469 -0.0110387802124023
0.0223274230957031 -0.0214252471923828 -0.00918388366699219 -0.00856208801269531
0.0273056030273438 -0.0103836059570313 -0.019195556640625 -0.00464248657226562
0.0265064239501953 -0.000574111938476563 -0.0198307037353516 -0.00847625732421875
0.0210552215576172 0.00963973999023438 -0.0210742950439453 -0.0132656097412109
0.0218448638916016 0.0158100128173828 -0.0217342376708984 -0.00908851623535156
0.0197582244873047 0.0224895477294922 -0.0185031890869141 -0.00159263610839844
0.0206718444824219 0.0416679382324219 0.00148582458496094 -0.0237464904785156
0.0248756408691406 0.035308837890625 0.0127096176147461 0.00248908996582031
0.0250110626220703 0.0267601013183594 0.0225868225097656 0.00768089294433594
0.0331783294677734 0.0173759460449219 0.0333766937255859 -0.000190734863281249
0.0338096618652344 0.00221633911132813 0.0280227661132813 -0.0117855072021484
0.0307788848876953 -0.0160923004150391 0.0191268920898438 -0.0215587615966797
0.021484375 -0.0260810852050781 0.00683879852294922 -0.0166330337524414
0.0197982788085938 -0.0240631103515625 -0.00255203247070312 -0.00712680816650391
0.0191059112548828 -0.0285377502441406 -0.00766801834106445 0.000616073608398437
0.0250453948974609 -0.0273723602294922 -0.013676643371582 0.00132560729980469
0.0319499969482422 -0.0154094696044922 -0.0224838256835937 0.00228118896484375
0.0344467163085938 -0.0042572021484375 -0.0211639404296875 -0.00498580932617187
0.0303668975830078 0.0112075805664063 -0.0199127197265625 -0.0117053985595703
0.0300674438476563 0.0224723815917969 -0.0129842758178711 -0.00344181060791016
0.026153564453125 0.0306854248046875 -0.00921630859375 0.00918960571289063
0.0234451293945313 0.0439300537109375 0.0101537704467773 -0.0106630325317383
0.0312423706054688 0.0393180847167969 0.0199565887451172 0.01202392578125
0.032928466796875 0.026885986328125 0.0245876312255859 0.0113811492919922
0.0389595031738281 0.013946533203125 0.0298652648925781 0.00220489501953125
0.0360183715820313 -0.00178146362304688 0.0217685699462891 -0.00750732421875
0.0309009552001953 -0.0196933746337891 0.0108375549316406 -0.0136280059814453
0.0206718444824219 -0.0267524719238281 0.000483751296997072 -0.00424909591674805
0.0195999145507813 -0.0244617462158203 -0.00671195983886719 0.00544357299804687
0.0196189880371094 -0.0287666320800781 -0.0111560821533203 0.0128011703491211
0.0252017974853516 -0.0270290374755859 -0.0184974670410156 0.0108890533447266
0.0331001281738281 -0.015228271484375 -0.0257167816162109 0.00866317749023437
0.0365867614746094 -0.00468063354492188 -0.0220184326171875 -0.00179862976074219
0.0339508056640625 0.0135612487792969 -0.0166015625 -0.00968647003173828
0.0330047607421875 0.0270099639892578 -0.00305914878845215 0.00231528282165528
0.0267333984375 0.0351428985595703 0.000232696533203126 0.0215263366699219
0.02197265625 0.0392646789550781 0.0190563201904297 0.00134658813476563
0.0324897766113281 0.0358123779296875 0.0270938873291016 0.0183734893798828
0.0342178344726563 0.0217952728271484 0.0251445770263672 0.0125999450683594
0.0381393432617187 0.00841140747070312 0.024169921875 0.00476455688476563
0.0323371887207031 -0.0061492919921875 0.0137929916381836 -0.00226211547851563
0.0252532958984375 -0.0208683013916016 0.00274658203125 -0.00444173812866211
0.0161113739013672 -0.0241718292236328 -0.00433969497680664 0.00798463821411133
0.0163173675537109 -0.020904541015625 -0.00954246520996094 0.0175876617431641
0.0170021057128906 -0.0244503021240234 -0.0142936706542969 0.0232028961181641
0.0216636657714844 -0.022735595703125 -0.0224761962890625 0.0192394256591797
0.0294666290283203 -0.0116748809814453 -0.0279464721679688 0.0138359069824219
0.0339336395263672 -0.0025634765625 -0.0227718353271484 0.00107192993164063
0.0313720703125 0.0149517059326172 -0.0134372711181641 -0.00691986083984375
0.0296955108642578 0.0284042358398438 0.00572013854980469 0.00914859771728516
0.0228805541992188 0.0355300903320313 0.00809097290039063 0.0338764190673828
0.0172290802001953 0.0288181304931641 0.0260524749755859 0.00969886779785156
0.0285739898681641 0.0264472961425781 0.031951904296875 0.0210590362548828
0.0289516448974609 0.0129299163818359 0.0240211486816406 0.0120811462402344
0.0294742584228516 0.00152778625488281 0.0181407928466797 0.00731468200683594
0.023040771484375 -0.00891304016113281 0.00851535797119141 0.0034942626953125
0.0149364471435547 -0.0181140899658203 -0.00217008590698242 0.00546073913574219
0.00934791564941406 -0.0166692733764648 -0.00752067565917969 0.0180492401123047
0.0100879669189453 -0.0139579772949219 -0.0119419097900391 0.026611328125
0.0111446380615234 -0.0166559219360352 -0.0174732208251953 0.0306930541992188
0.015437126159668 -0.0150871276855469 -0.0268211364746094 0.0245399475097656
0.0221538543701172 -0.00761795043945313 -0.0304965972900391 0.0165176391601563
0.0253467559814453 -0.000204086303710938 -0.0238132476806641 0.00316238403320312
0.0244731903076172 0.0141048431396484 -0.0109663009643555 -0.00386333465576172
0.0222969055175781 0.0251903533935547 0.0107841491699219 0.0164480209350586
0.0145931243896484 0.0301952362060547 0.0125389099121094 0.0457687377929688
0.00788497924804688 0.0147333145141602 0.0308799743652344 0.0125713348388672
0.0192642211914063 0.0140590667724609 0.0336246490478516 0.0194854736328125
0.0182991027832031 0.00372314453125 0.0226631164550781 0.0108280181884766
0.0154199600219727 -0.00374221801757813 0.0146884918212891 0.00926494598388672
0.00906753540039063 -0.00824069976806641 0.00600290298461914 0.00798368453979492
0.00263309478759766 -0.0107479095458984 -0.00309562683105469 0.01263427734375
0.00140047073364258 -0.0064239501953125 -0.00709915161132813 0.0250396728515625
0.00252151489257812 -0.00490570068359375 -0.0116004943847656 0.0321159362792969
0.00342369079589844 -0.00709819793701172 -0.0197353363037109 0.0346164703369141
0.00571155548095703 -0.00781011581420898 -0.0309162139892578 0.0268020629882813
0.0108776092529297 -0.00513076782226563 -0.0332565307617187 0.0174102783203125
0.0144519805908203 -0.000774383544921875 -0.0254249572753906 0.004791259765625
0.0151433944702148 0.00942516326904297 -0.0110797882080078 -0.000112533569335939
0.0133705139160156 0.0169401168823242 0.0110301971435547 0.0222911834716797
0.00536727905273437 0.0196304321289062 0.0132255554199219 0.0533943176269531
-0.0010828971862793 0.00301837921142578 -0.0147514343261719 -0.0483627319335938
-0.00272512435913086 -0.00211548805236816 -0.00529861450195312 -0.0202236175537109
-0.00573110580444336 0.00183582305908203 0.0117425918579102 0.000824928283691406
-0.000327587127685547 0.00598239898681641 0.0310344696044922 -0.00272369384765625
0.00313258171081543 0.0036015510559082 0.0349922180175781 -0.0140228271484375
0.00364160537719727 0.00010991096496582 0.0320053100585938 -0.0287799835205078
0.00420165061950684 -0.00405478477478027 0.0204620361328125 -0.0357170104980469
0.00334763526916504 -0.00313663482666016 0.00887870788574219 -0.0309047698974609
0.00397038459777832 -0.00293874740600586 0.00248527526855469 -0.0245513916015625
0.00604677200317383 -0.00114679336547852 -0.00121688842773437 -0.0176353454589844
0.00582265853881836 0.00231599807739258 -0.0110845565795898 -0.0114784240722656
0.000560760498046875 0.00577020645141602 -0.0157318115234375 -0.0113496780395508
-0.00576114654541016 0.00133657455444336 -0.0203056335449219 -0.0158443450927734
-0.00199484825134277 -0.00336217880249023 -0.0302352905273438 -0.0175857543945313
-0.0015031099319458 -0.000748395919799805 -0.0279769897460937 -0.0141716003417969
0.00759506225585937 0.0187530517578125 -0.0104713439941406 -0.0443916320800781
0.00661659240722656 0.0111598968505859 0.000461578369140626 -0.0159473419189453
0.00382328033447266 0.0119905471801758 0.0151996612548828 0.00242519378662109
0.0104970932006836 0.0125656127929688 0.0327529907226563 -0.00178718566894531
0.0140666961669922 0.00503158569335938 0.0350093841552734 -0.0131816864013672
0.0152521133422852 -0.00528144836425781 0.0306282043457031 -0.0284538269042969
0.0122413635253906 -0.0134553909301758 0.0180149078369141 -0.0322685241699219
0.0111827850341797 -0.0125312805175781 0.00598907470703125 -0.0262012481689453
0.0111417770385742 -0.0138216018676758 -0.00065040588378906 -0.0195560455322266
0.0158681869506836 -0.0120344161987305 -0.0047607421875 -0.0153741836547852
0.0181159973144531 -0.00389480590820313 -0.0145378112792969 -0.00983905792236328
0.0146093368530273 0.00369930267333984 -0.0166072845458984 -0.0108394622802734
0.00795316696166992 0.00684738159179688 -0.0211868286132813 -0.0147781372070312
0.0100994110107422 0.00732040405273438 -0.0275211334228516 -0.0143394470214844
0.00971698760986328 0.0118770599365234 -0.0248279571533203 -0.00971412658691407
0.0139045715332031 0.0326995849609375 -0.00506210327148437 -0.0353431701660156
0.0150318145751953 0.0250358581542969 0.00593662261962891 -0.0075078010559082
0.0141067504882813 0.021453857421875 0.0192470550537109 0.00542449951171875
0.0222358703613281 0.0169010162353516 0.0340518951416016 -0.000938415527343749
0.0251045227050781 0.00522041320800781 0.0328903198242188 -0.0123882293701172
0.0248737335205078 -0.00979042053222656 0.0264015197753906 -0.0255661010742188
0.0192222595214844 -0.0203456878662109 0.0132503509521484 -0.0254154205322266
0.0170249938964844 -0.0190238952636719 0.00182723999023438 -0.0181121826171875
0.0165596008300781 -0.0220985412597656 -0.00446128845214844 -0.0102033615112305
0.0229206085205078 -0.0211734771728516 -0.00972843170166015 -0.00829792022705078
0.0274391174316406 -0.0101833343505859 -0.0188827514648438 -0.00453948974609375
0.0265331268310547 -0.000505447387695313 -0.0195541381835938 -0.00859451293945312
0.0206203460693359 0.010223388671875 -0.021270751953125 -0.0133075714111328
0.0209426879882813 0.0168514251708984 -0.0217800140380859 -0.00886154174804687
0.0192546844482422 0.0224533081054688 -0.0188083648681641 -0.00143051147460937
0.02001953125 0.0409660339355469 0.00259971618652344 -0.0227088928222656
0.0238933563232422 0.0342254638671875 0.0121488571166992 0.00279617309570313
0.0248908996582031 0.0264415740966797 0.0222587585449219 0.00893783569335938
0.0324916839599609 0.0179615020751953 0.0333309173583984 0.000671386718750001
0.0326099395751953 0.002593994140625 0.0280914306640625 -0.0109291076660156
0.0300636291503906 -0.0148868560791016 0.0184516906738281 -0.0209331512451172
0.0210533142089844 -0.0250339508056641 0.007293701171875 -0.0154151916503906
0.0196475982666016 -0.0237922668457031 -0.00279760360717773 -0.00647544860839844
0.0193538665771484 -0.0276660919189453 -0.00749540328979492 0.00125932693481445
0.0243206024169922 -0.0262031555175781 -0.0144901275634766 0.00189495086669922
0.0311298370361328 -0.0144252777099609 -0.0226688385009766 0.00221443176269531
0.0342807769775391 -0.00386810302734375 -0.0214653015136719 -0.00552558898925781
0.0291500091552734 0.0119762420654297 -0.0197887420654297 -0.0110588073730469
0.0294113159179688 0.0224952697753906 -0.01312255859375 -0.00381374359130859
0.0251121520996094 0.0300865173339844 -0.00967597961425781 0.00879383087158203
0.0224952697753906 0.0431938171386719 0.0107021331787109 -0.00946331024169922
0.0293235778808594 0.0386619567871094 0.0194664001464844 0.0124397277832031
0.0314064025878906 0.0271492004394531 0.0241737365722656 0.0113201141357422
0.0384712219238281 0.0149650573730469 0.0298614501953125 0.00359153747558594
0.035858154296875 -0.0011444091796875 0.0207347869873047 -0.00673675537109375
0.0302333831787109 -0.0187015533447266 0.0100488662719727 -0.0134086608886719
0.0204715728759766 -0.0260009765625 0.000685691833496095 -0.00379228591918946
0.0194473266601563 -0.0237388610839844 -0.00695276260375976 0.00671672821044922
0.0191020965576172 -0.0277576446533203 -0.0112104415893555 0.0122518539428711
0.0249290466308594 -0.0260372161865234 -0.0179824829101563 0.0110721588134766
0.0324134826660156 -0.0148811340332031 -0.0257549285888672 0.00759887695312499
0.0358467102050781 -0.00424575805664062 -0.0221500396728516 -0.00181198120117187
0.0333232879638672 0.0138874053955078 -0.0170488357543945 -0.00930118560791015
0.0314998626708984 0.0269298553466797 -0.00301241874694824 0.00222229957580567
0.0258941650390625 0.0339584350585938 -0.000753402709960936 0.0208244323730469
0.0214653015136719 0.0377693176269531 0.0190830230712891 0.00232696533203125
0.0311203002929688 0.0346908569335938 0.0259037017822266 0.0190830230712891
0.0334091186523438 0.0218505859375 0.0247688293457031 0.0130786895751953
0.0369338989257813 0.00845718383789063 0.0240440368652344 0.00570487976074219
0.0315189361572266 -0.00571060180664062 0.0135498046875 -0.00190830230712891
0.0245189666748047 -0.0200023651123047 0.00285720825195313 -0.00348782539367676
0.0156288146972656 -0.0227413177490234 -0.00430202484130859 0.00821447372436523
0.0161285400390625 -0.0203723907470703 -0.0099334716796875 0.0177478790283203
0.0160331726074219 -0.0240592956542969 -0.0141544342041016 0.0227165222167969
0.0218505859375 -0.0217189788818359 -0.0226612091064453 0.0190753936767578
0.0290813446044922 -0.0115737915039063 -0.0276088714599609 0.0140895843505859
0.0330390930175781 -0.00233078002929687 -0.0227813720703125 0.00107765197753906
0.0303306579589844 0.0151500701904297 -0.0125961303710937 -0.00682544708251953
0.0289115905761719 0.0277633666992187 0.00532293319702149 0.008758544921875
0.0220527648925781 0.0348796844482422 0.00684738159179688 0.0334548950195313
0.0164165496826172 0.0283336639404297 0.0258121490478516 0.00943946838378906
0.0275192260742188 0.0253124237060547 0.0308513641357422 0.0215244293212891
0.0279560089111328 0.0136947631835937 0.0234699249267578 0.0125064849853516
0.0281944274902344 0.001434326171875 0.0184516906738281 0.00748252868652344
0.0223827362060547 -0.008026123046875 0.0083456039428711 0.00472068786621094
0.0143518447875977 -0.017125129699707 -0.00187110900878906 0.00568342208862305
0.00878334045410156 -0.0158758163452148 -0.00665664672851563 0.0177822113037109
0.0104560852050781 -0.0136919021606445 -0.0105037689208984 0.0261726379394531
0.0111541748046875 -0.0156927108764648 -0.0171909332275391 0.0299568176269531
0.0144643783569336 -0.0149106979370117 -0.0273704528808594 0.0242023468017578
0.0210762023925781 -0.00718879699707031 -0.0306415557861328 0.0158271789550781
0.0251522064208984 -0.00014495849609375 -0.0236454010009766 0.00311851501464844
0.023590087890625 0.0139541625976563 -0.0109729766845703 -0.00260162353515625
0.0219154357910156 0.0250816345214844 0.00990772247314453 0.0158205032348633
0.0146675109863281 0.0298595428466797 0.011505126953125 0.0444488525390625
0.00764942169189453 0.0139980316162109 0.0307216644287109 0.0128059387207031
0.0184001922607422 0.0129985809326172 0.0329418182373047 0.0197505950927734
0.0179309844970703 0.00339317321777344 0.0222511291503906 0.0112667083740234
0.0147342681884766 -0.00407695770263672 0.0146827697753906 0.0101728439331055
0.00876665115356445 -0.00800275802612305 0.00628852844238281 0.00870609283447266
0.00275039672851563 -0.00961017608642578 -0.00287914276123047 0.0132579803466797
0.00111055374145508 -0.00596714019775391 -0.00626945495605469 0.0242023468017578
0.00329446792602539 -0.0048069953918457 -0.0112934112548828 0.0307865142822266
0.0034632682800293 -0.00631570816040039 -0.0192680358886719 0.0339679718017578
0.00560474395751953 -0.00726747512817383 -0.0301055908203125 0.0263633728027344
0.0107593536376953 -0.00421714782714844 -0.0325031280517578 0.0164566040039063
0.0148954391479492 -0.00057220458984375 -0.0248050689697266 0.00447845458984375
0.0142831802368164 0.00898551940917969 -0.0111074447631836 -0.000259399414062501
0.0129880905151367 0.0163602828979492 0.0104007720947266 0.0212154388427734
0.0052642822265625 0.0185642242431641 0.0121879577636719 0.0528335571289063
-0.000966787338256836 0.00330376625061035 -0.0132675170898438 -0.0486259460449219
-0.00307059288024902 -0.00197362899780273 -0.00531578063964844 -0.0204944610595703
-0.00575447082519531 0.00275278091430664 0.0123538970947266 0.00197792053222656
-0.00070953369140625 0.0062098503112793 0.0313892364501953 -0.00168037414550781
0.00295495986938477 0.00388503074645996 0.0358009338378906 -0.0133628845214844
0.00429296493530273 -0.000164985656738281 0.0329475402832031 -0.0288448333740234
0.00484275817871094 -0.00511646270751953 0.0214881896972656 -0.0349006652832031
0.00448131561279297 -0.00290966033935547 0.00962448120117188 -0.0305747985839844
0.00445032119750977 -0.00337934494018555 0.00303459167480469 -0.0242176055908203
0.00637531280517578 -0.00202226638793945 -0.000976562500000001 -0.0179634094238281
0.00606489181518555 0.0020146369934082 -0.0106983184814453 -0.0122184753417969
0.000335693359375 0.00595283508300781 -0.0155696868896484 -0.012263298034668
-0.00562047958374023 0.00159215927124023 -0.0203170776367187 -0.0171489715576172
-0.00261068344116211 -0.00294208526611328 -0.03076171875 -0.0184402465820313
-0.00166499614715576 -5.32865524291994E-05 -0.0279293060302734 -0.0154628753662109
0.00732612609863281 0.0196399688720703 -0.00872039794921875 -0.0445556640625
0.00590419769287109 0.0122919082641602 0.00109577178955078 -0.0157709121704102
0.00401687622070313 0.0121059417724609 0.0154285430908203 0.00295448303222656
0.0107355117797852 0.012394905090332 0.0328578948974609 -0.000823974609374999
0.0145998001098633 0.00514888763427734 0.0353469848632813 -0.0120887756347656
0.015589714050293 -0.00540256500244141 0.0314540863037109 -0.0279426574707031
0.0129938125610352 -0.0138921737670898 0.0190696716308594 -0.0315494537353516
0.0114965438842773 -0.0126428604125977 0.00658416748046875 -0.0258922576904297
0.0120830535888672 -0.0141630172729492 -0.000947952270507813 -0.0197296142578125
0.0165367126464844 -0.0121450424194336 -0.00497627258300781 -0.015660285949707
0.0188312530517578 -0.00375747680664063 -0.0149478912353516 -0.0104341506958008
0.015380859375 0.00432395935058594 -0.0172863006591797 -0.0116548538208008
0.00797653198242188 0.00768041610717773 -0.0210514068603516 -0.0160903930664062
0.00967884063720703 0.00833034515380859 -0.0280742645263672 -0.0152187347412109
0.00973701477050781 0.012120246887207 -0.0254344940185547 -0.0100975036621094
0.0138797760009766 0.0325794219970703 -0.00358200073242188 -0.0352935791015625
0.0146160125732422 0.0254306793212891 0.00655412673950195 -0.00632381439208984
0.0132350921630859 0.0222549438476563 0.0197124481201172 0.00616264343261719
0.0215034484863281 0.0169506072998047 0.0343666076660156 0.000440597534179688
0.0256881713867187 0.005584716796875 0.0331535339355469 -0.0114421844482422
0.0252323150634766 -0.0096435546875 0.02752685546875 -0.0250110626220703
0.0196571350097656 -0.0200290679931641 0.0135860443115234 -0.0247974395751953
0.0178680419921875 -0.0196971893310547 0.00224494934082031 -0.0170831680297852
0.0171012878417969 -0.0231609344482422 -0.00393486022949219 -0.0104923248291016
0.0230388641357422 -0.0208110809326172 -0.0102319717407227 -0.00869083404541016
0.0284099578857422 -0.00977897644042969 -0.0194053649902344 -0.0050506591796875
0.0270957946777344 -1.71661376953125E-05 -0.0195140838623047 -0.0095367431640625
0.0203800201416016 0.0109806060791016 -0.021636962890625 -0.0141143798828125
0.0209598541259766 0.017242431640625 -0.0221614837646484 -0.00988960266113281
0.0179347991943359 0.023651123046875 -0.0189037322998047 -0.00173187255859375
0.0191192626953125 0.0416297912597656 0.00345230102539063 -0.022552490234375
0.0234146118164063 0.0356903076171875 0.0124959945678711 0.00436878204345703
0.0240993499755859 0.0277614593505859 0.0224056243896484 0.0103492736816406
0.0326652526855469 0.0183620452880859 0.0340595245361328 0.00216865539550781
0.0335483551025391 0.00313377380371094 0.0276756286621094 -0.0100059509277344
0.0306015014648438 -0.0141620635986328 0.0192680358886719 -0.0203571319580078
0.0223674774169922 -0.0251846313476563 0.0071249008178711 -0.0151538848876953
0.0205459594726563 -0.0235252380371094 -0.0017857551574707 -0.0059804916381836
0.0201187133789063 -0.0281219482421875 -0.00813150405883789 0.00142908096313477
0.0255718231201172 -0.0259361267089844 -0.0151948928833008 0.00124931335449218
0.0323486328125 -0.0139579772949219 -0.022979736328125 0.00197982788085938
0.0347957611083984 -0.003387451171875 -0.02105712890625 -0.00640487670898437
0.0294322967529297 0.0131778717041016 -0.0201854705810547 -0.0118541717529297
0.029022216796875 0.0236148834228516 -0.0136451721191406 -0.00425243377685546
0.0253410339355469 0.0310535430908203 -0.0101757049560547 0.0088348388671875
0.0220909118652344 0.0437049865722656 0.0119190216064453 -0.00893783569335937
0.0295333862304687 0.038787841796875 0.0193843841552734 0.0140819549560547
0.0313625335693359 0.0290622711181641 0.0245571136474609 0.0134201049804688
0.0388565063476562 0.0146751403808594 0.0298404693603516 0.00457000732421875
0.0360527038574219 6.103515625E-05 0.0215930938720703 -0.00587654113769531
0.030853271484375 -0.0178241729736328 0.010380744934082 -0.0124711990356445
0.0215530395507813 -0.0255451202392578 0.000783681869506837 -0.00412845611572266
0.0195217132568359 -0.0240516662597656 -0.00662803649902344 0.00616645812988281
0.0203914642333984 -0.0275669097900391 -0.0115890502929687 0.0132322311401367
0.0252761840820313 -0.0255565643310547 -0.0200824737548828 0.0104942321777344
0.0332527160644531 -0.0140666961669922 -0.0259742736816406 0.00765037536621093
0.036346435546875 -0.00329971313476563 -0.02294921875 -0.00258445739746094
0.0334053039550781 0.0149288177490234 -0.0172557830810547 -0.00861740112304688
0.0322799682617188 0.0280189514160156 -0.00413155555725097 0.0019223690032959
0.0260410308837891 0.0351238250732422 -0.00172615051269531 0.0216388702392578
0.0215339660644531 0.0384445190429688 0.0196151733398438 0.00287628173828125
0.0304069519042969 0.0362052917480469 0.0260143280029297 0.0202751159667969
0.0329341888427734 0.0233860015869141 0.0248260498046875 0.0143775939941406
0.0371551513671875 0.0091400146484375 0.0244998931884766 0.00719070434570313
0.0318431854248047 -0.00501441955566406 0.0138721466064453 -0.000713348388671875
0.0253047943115234 -0.0193653106689453 0.00220155715942383 -0.00286960601806641
0.0168876647949219 -0.0219478607177734 -0.00446557998657226 0.00806713104248047
0.0162239074707031 -0.0202522277832031 -0.00944709777832031 0.0179481506347656
0.0169162750244141 -0.0231990814208984 -0.0142631530761719 0.0234470367431641
0.0220699310302734 -0.0211086273193359 -0.0245838165283203 0.0193233489990234
0.0294513702392578 -0.0114574432373047 -0.0286197662353516 0.013336181640625
0.0336971282958984 -0.00174140930175781 -0.0227546691894531 0.000665664672851559
0.0303745269775391 0.0158977508544922 -0.0137357711791992 -0.00633907318115234
0.028900146484375 0.0287761688232422 0.00472259521484375 0.00894737243652344
0.0223655700683594 0.0352134704589844 0.00559616088867187 0.0335769653320312
0.0157222747802734 0.0287418365478516 0.0259685516357422 0.0105037689208984
0.0267925262451172 0.0258102416992188 0.0310516357421875 0.0222759246826172
0.0285549163818359 0.0135440826416016 0.0240592956542969 0.0142459869384766
0.0280818939208984 0.00192832946777344 0.0184898376464844 0.00879287719726563
0.0224437713623047 -0.00801658630371094 0.0077214241027832 0.00482797622680664
0.015233039855957 -0.0164365768432617 -0.00286245346069336 0.00632524490356445
0.00940990447998047 -0.0152454376220703 -0.00729560852050781 0.0186939239501953
0.0104398727416992 -0.0131645202636719 -0.0113010406494141 0.0262660980224609
0.0114221572875977 -0.0153942108154297 -0.0174007415771484 0.0305957794189453
0.0148248672485352 -0.0142688751220703 -0.0280418395996094 0.0241165161132813
0.0212039947509766 -0.0070037841796875 -0.0317192077636719 0.0159378051757812
0.0249347686767578 -0.000234603881835938 -0.0239906311035156 0.00241279602050782
0.0231704711914062 0.0146694183349609 -0.011469841003418 -0.00361442565917969
0.0219020843505859 0.0256576538085938 0.00948429107666016 0.0163383483886719
0.0137386322021484 0.0295047760009766 0.0096435546875 0.0454139709472656
0.00806522369384766 0.0139245986938477 0.0304641723632812 0.0134754180908203
0.0182399749755859 0.0133743286132813 0.0333061218261719 0.0211582183837891
0.0171880722045898 0.00397396087646484 0.0222034454345703 0.0131549835205078
0.0146942138671875 -0.00378322601318359 0.0145435333251953 0.011387825012207
0.00859498977661133 -0.00789070129394531 0.00549507141113281 0.00904178619384766
0.00248050689697266 -0.00933456420898437 -0.00315666198730469 0.0137462615966797
0.00116729736328125 -0.00578689575195313 -0.00668907165527344 0.0247020721435547
0.00209450721740723 -0.00430917739868164 -0.0113792419433594 0.0313758850097656
0.00281524658203125 -0.0059361457824707 -0.0199851989746094 0.0331001281738281
0.00498008728027344 -0.00711202621459961 -0.0316829681396484 0.0264415740966797
0.0104436874389648 -0.0046844482421875 -0.0336284637451172 0.0161495208740234
0.0146064758300781 -0.000432968139648437 -0.0255298614501953 0.00382804870605469
0.014073371887207 0.00995922088623047 -0.0107755661010742 -0.000665664672851561
0.0126562118530273 0.016545295715332 0.00955581665039063 0.0216217041015625
0.00475120544433594 0.0190639495849609 0.01007080078125 0.0536079406738281
-0.00132846832275391 0.00411415100097656 -0.0130233764648438 -0.0508880615234375
-0.0025331974029541 -0.00218296051025391 -0.00418853759765625 -0.0209522247314453
-0.0057368278503418 0.0023045539855957 0.0123252868652344 0.00236701965332031
-0.000430107116699218 0.00616788864135742 0.0324802398681641 -0.00160408020019531
0.0033714771270752 0.00345110893249512 0.037353515625 -0.013092041015625
0.00462627410888672 -0.000637531280517578 0.0344715118408203 -0.0296573638916016
0.00465154647827148 -0.00557470321655273 0.0215568542480469 -0.0366249084472656
0.00454044342041016 -0.00427579879760742 0.00986480712890625 -0.03131103515625
0.00483083724975586 -0.00406074523925781 0.00253105163574219 -0.0255603790283203
0.00729990005493164 -0.00216960906982422 -0.00111961364746094 -0.0192394256591797
0.00666522979736328 0.002410888671875 -0.0114383697509766 -0.0131044387817383
0.00112342834472656 0.00684881210327148 -0.0162630081176758 -0.0131959915161133
-0.00552177429199219 0.00178050994873047 -0.0217990875244141 -0.0186538696289063
-0.0026545524597168 -0.00314426422119141 -0.031585693359375 -0.020263671875
-0.00184667110443115 0.000101208686828614 -0.0289897918701172 -0.0161762237548828
0.00747299194335937 0.0206584930419922 -0.008636474609375 -0.0461578369140625
0.00601100921630859 0.0126132965087891 0.000884056091308594 -0.0158805847167969
0.00371170043945313 0.0128278732299805 0.0164422988891602 0.00372219085693359
0.0112018585205078 0.012721061706543 0.0342597961425781 -0.000652313232421874
0.0157098770141602 0.00515556335449219 0.0367546081542969 -0.0118217468261719
0.0158405303955078 -0.00582695007324219 0.0324344635009766 -0.0281734466552734
0.0132570266723633 -0.0144729614257813 0.0193424224853516 -0.0325508117675781
0.0126218795776367 -0.013763427734375 0.0062408447265625 -0.0265941619873047
0.0129728317260742 -0.0153837203979492 -0.00118255615234375 -0.0200328826904297
0.0169534683227539 -0.0127849578857422 -0.00597381591796875 -0.0164604187011719
0.0196781158447266 -0.00390815734863281 -0.015416145324707 -0.0112895965576172
0.016200065612793 0.00480461120605469 -0.0179767608642578 -0.0123615264892578
0.00789165496826172 0.00879478454589844 -0.0221786499023437 -0.0169544219970703
0.00966072082519531 0.00888252258300781 -0.0293827056884766 -0.0157833099365234
0.00955009460449219 0.013941764831543 -0.0262603759765625 -0.0113735198974609
0.0136833190917969 0.0339775085449219 -0.0022125244140625 -0.0362663269042969
0.014801025390625 0.0268115997314453 0.00702190399169922 -0.00652790069580078
0.0138835906982422 0.0235977172851563 0.0202350616455078 0.00784492492675781
0.0230026245117188 0.0182704925537109 0.036041259765625 0.001617431640625
0.0264759063720703 0.00629615783691406 0.0346736907958984 -0.0106563568115234
0.0262088775634766 -0.00977134704589844 0.0274944305419922 -0.0252609252929688
0.0203819274902344 -0.0212154388427734 0.0144424438476563 -0.0255012512207031
0.0185661315917969 -0.0210857391357422 0.00228309631347656 -0.0171928405761719
0.01800537109375 -0.0237998962402344 -0.00482082366943359 -0.0104894638061523
0.0237770080566406 -0.0220794677734375 -0.0114068984985352 -0.00890922546386719
0.0292072296142578 -0.0103187561035156 -0.0206623077392578 -0.00547027587890625
0.0286369323730469 0.000612258911132813 -0.0205249786376953 -0.0101795196533203
0.0214328765869141 0.0127487182617187 -0.0228958129882812 -0.0149383544921875
0.0210151672363281 0.0184383392333984 -0.023773193359375 -0.0101451873779297
0.0189399719238281 0.0248985290527344 -0.0205669403076172 -0.00213623046875
0.0195884704589844 0.0437469482421875 0.00446128845214844 -0.0228500366210937
0.0240898132324219 0.0372390747070313 0.0137863159179688 0.00511741638183594
0.0252094268798828 0.0297336578369141 0.02362060546875 0.0118274688720703
0.0338878631591797 0.0193328857421875 0.0350532531738281 0.00285148620605469
0.0349178314208984 0.00361824035644531 0.0300521850585938 -0.00935173034667969
0.03204345703125 -0.0152397155761719 0.0197563171386719 -0.0203094482421875
0.0235424041748047 -0.0260887145996094 0.00750923156738282 -0.0156145095825195
0.0212879180908203 -0.0247306823730469 -0.00215864181518555 -0.00518989562988281
0.0210380554199219 -0.0286865234375 -0.00858116149902344 0.00129508972167969
0.0269451141357422 -0.0278453826904297 -0.0164766311645508 0.00124454498291016
0.0340404510498047 -0.0144367218017578 -0.0243396759033203 0.00206756591796875
0.0359306335449219 -0.00320816040039063 -0.0227622985839844 -0.00617599487304687
0.0305500030517578 0.0146751403808594 -0.0215358734130859 -0.0115528106689453
0.0300617218017578 0.0254249572753906 -0.0145196914672852 -0.00421142578125
0.0257587432861328 0.0330467224121094 -0.0115737915039063 0.00924491882324219
0.0223388671875 0.0455169677734375 0.0126857757568359 -0.00924015045166015
0.0299339294433594 0.0411949157714844 0.0201416015625 0.0153408050537109
0.0323429107666016 0.0302925109863281 0.0249652862548828 0.0147247314453125
0.0400886535644531 0.0161628723144531 0.0314064025878906 0.00627326965332031
0.0380706787109375 -0.000293731689453125 0.0220108032226563 -0.00478744506835937
0.0322647094726563 -0.0182762145996094 0.0104293823242188 -0.0125837326049805
0.0225658416748047 -0.0266628265380859 0.000744104385375978 -0.00311517715454102
0.0212001800537109 -0.0248355865478516 -0.00618219375610351 0.00744485855102539
0.0210380554199219 -0.0284385681152344 -0.0120019912719727 0.0139856338500977
0.0267963409423828 -0.0269069671630859 -0.0211448669433594 0.0116615295410156
0.0345039367675781 -0.0150680541992187 -0.0278282165527344 0.00854682922363281
0.0378227233886719 -0.0035247802734375 -0.0237007141113281 -0.00252532958984375
0.0338840484619141 0.0163307189941406 -0.0182743072509766 -0.00948715209960937
0.0331134796142578 0.0298023223876953 -0.00473451614379883 0.00252771377563477
0.0267486572265625 0.0369796752929688 -0.00230789184570312 0.0224285125732422
0.0212249755859375 0.0400810241699219 0.0203800201416016 0.0034942626953125
0.0321197509765625 0.0373954772949219 0.0273590087890625 0.0225181579589844
0.0340442657470703 0.0247402191162109 0.0256595611572266 0.0163059234619141
0.0389213562011719 0.00955581665039063 0.0254344940185547 0.00861740112304688
0.0333366394042969 -0.005279541015625 0.0143928527832031 -0.00019073486328125
0.0265903472900391 -0.0196876525878906 0.00204062461853028 -0.00227236747741699
0.0171966552734375 -0.0231723785400391 -0.00456428527832031 0.0090341567993164
0.0177402496337891 -0.0208892822265625 -0.009735107421875 0.0189266204833984
0.0177230834960938 -0.0238189697265625 -0.0152454376220703 0.0242080688476563
0.0226116180419922 -0.0222225189208984 -0.0251789093017578 0.0198173522949219
0.0303859710693359 -0.0112094879150391 -0.0308761596679687 0.0138206481933594
0.0345687866210938 -0.00162696838378906 -0.0245456695556641 0.00101280212402344
0.0312271118164063 0.0174179077148438 -0.0150012969970703 -0.00719165802001953
0.0294227600097656 0.0301475524902344 0.00395965576171875 0.00922584533691406
0.0228652954101563 0.0367317199707031 0.00518417358398438 0.0351066589355469
0.0167121887207031 0.0291633605957031 0.0275440216064453 0.011749267578125
0.0278377532958984 0.0268421173095703 0.0323066711425781 0.0242404937744141
0.0295810699462891 0.0147171020507812 0.0245780944824219 0.0152320861816406
0.029937744140625 0.00246429443359375 0.0194644927978516 0.0104389190673828
0.0231494903564453 -0.00830650329589844 0.00888538360595703 0.00596237182617187
0.0149002075195313 -0.0166044235229492 -0.00316953659057617 0.00777339935302734
0.0102157592773437 -0.0155363082885742 -0.00728607177734375 0.0191879272460937
0.0105085372924805 -0.013300895690918 -0.0112113952636719 0.0276775360107422
0.0117168426513672 -0.0155792236328125 -0.0189189910888672 0.0314445495605469
0.0154581069946289 -0.0145015716552734 -0.0298690795898438 0.025421142578125
0.0219669342041016 -0.00757408142089844 -0.03302001953125 0.0168514251708984
0.0265598297119141 4.76837158203125E-05 -0.0254440307617188 0.00242996215820313
0.0239696502685547 0.0155868530273438 -0.0122537612915039 -0.00305652618408203
0.0218429565429687 0.0265026092529297 0.009185791015625 0.016545295715332
0.0149059295654297 0.0302219390869141 0.00909423828125 0.0470962524414063
0.00816154479980469 0.0140981674194336 0.0322856903076172 0.0143508911132813
0.0187702178955078 0.0135822296142578 0.0337352752685547 0.0220279693603516
0.0184364318847656 0.00443267822265625 0.0222053527832031 0.014312744140625
0.0155620574951172 -0.00337886810302734 0.0152759552001953 0.0124044418334961
0.00846338272094727 -0.00815343856811523 0.00634860992431641 0.0100841522216797
0.002197265625 -0.00957489013671875 -0.00341510772705078 0.0145835876464844
0.0012059211730957 -0.00531339645385742 -0.00689697265625 0.0259494781494141
0.00283956527709961 -0.0038759708404541 -0.0114765167236328 0.0322055816650391
0.00310182571411133 -0.00559568405151367 -0.0208148956298828 0.0346431732177734
0.0048375129699707 -0.00642538070678711 -0.0333499908447266 0.0265483856201172
0.0106925964355469 -0.00444221496582031 -0.0350914001464844 0.0169277191162109
0.0143365859985352 -0.000380516052246094 -0.0267333984375 0.003814697265625
0.0145187377929688 0.00989723205566406 -0.0124940872192383 -0.000964164733886719
0.0131540298461914 0.0172157287597656 0.00962066650390625 0.0220260620117188
0.00559616088867188 0.0188083648681641 0.00951004028320312 0.0556373596191406
-0.000880718231201171 0.0054783821105957 -0.0139045715332031 -0.0529403686523438
-0.00293517112731934 -0.00151157379150391 -0.00533485412597656 -0.0217247009277344
-0.00548982620239258 0.00332069396972656 0.013218879699707 0.00324249267578125
-0.000177860260009766 0.00673961639404297 0.0341663360595703 -0.00213050842285156
0.00444316864013672 0.00282192230224609 0.0398330688476563 -0.0150032043457031
0.00504112243652344 -0.000831127166748047 0.0350170135498047 -0.0320777893066406
0.00445222854614258 -0.00679588317871094 0.0220146179199219 -0.0394783020019531
0.0053410530090332 -0.00523757934570313 0.00938987731933594 -0.0334377288818359
0.00509881973266602 -0.00434303283691406 0.00205230712890625 -0.0258579254150391
0.00880146026611328 -0.00243568420410156 -0.00237274169921875 -0.0202445983886719
0.00794363021850586 0.00261783599853516 -0.0128765106201172 -0.01409912109375
0.00189924240112305 0.00726127624511719 -0.0173797607421875 -0.0133228302001953
-0.00603628158569336 0.00261878967285156 -0.0236606597900391 -0.0196170806884766
-0.00431609153747559 -0.00209951400756836 -0.0330772399902344 -0.0211181640625
-0.00180149078369141 0.000653982162475586 -0.0310516357421875 -0.0171661376953125
0.0081634521484375 0.0218772888183594 -0.00908660888671875 -0.0478858947753906
0.00765514373779297 0.0135307312011719 0.000618934631347656 -0.0158185958862305
0.00445175170898438 0.0140285491943359 0.0179519653320313 0.00484657287597656
0.012608528137207 0.01220703125 0.0364837646484375 -0.00128173828125
0.0168285369873047 0.00510120391845703 0.038543701171875 -0.0136260986328125
0.0179328918457031 -0.0068817138671875 0.0329303741455078 -0.0304012298583984
0.0132074356079102 -0.0163402557373047 0.0200519561767578 -0.0347099304199219
0.0129117965698242 -0.0156126022338867 0.00648117065429687 -0.0270977020263672
0.0138378143310547 -0.0164422988891602 -0.00214004516601562 -0.0209827423095703
0.0177745819091797 -0.0140724182128906 -0.00726127624511719 -0.0167436599731445
0.0204410552978516 -0.00358390808105469 -0.0171566009521484 -0.0122766494750977
0.0183067321777344 0.00433921813964844 -0.0189399719238281 -0.0131950378417969
0.00805282592773438 0.0101490020751953 -0.0238704681396484 -0.0177822113037109
0.00983810424804688 0.00946712493896484 -0.0319290161132813 -0.0163459777832031
0.00972557067871094 0.0144863128662109 -0.0281429290771484 -0.0109233856201172
0.0156745910644531 0.0352020263671875 -0.0033111572265625 -0.0373039245605469
0.0158615112304687 0.0275497436523438 0.00768756866455078 -0.00618362426757812
0.0152435302734375 0.02410888671875 0.0213966369628906 0.00772666931152344
0.0253143310546875 0.0182209014892578 0.0375823974609375 0.000949859619140626
0.0283145904541016 0.00565338134765625 0.0357208251953125 -0.01177978515625
0.0281505584716797 -0.0112781524658203 0.028533935546875 -0.0275096893310547
0.0204849243164063 -0.0235004425048828 0.0143814086914063 -0.0271053314208984
0.0189437866210937 -0.0233573913574219 0.00177288055419922 -0.0173683166503906
0.0184555053710938 -0.0264644622802734 -0.00510883331298828 -0.00979042053222656
0.0248928070068359 -0.0237140655517578 -0.0128202438354492 -0.00905132293701172
0.0308704376220703 -0.0110092163085938 -0.02191162109375 -0.00564765930175781
0.0310955047607422 0.000352859497070313 -0.0223979949951172 -0.0100631713867187
0.0217380523681641 0.0132274627685547 -0.02410888671875 -0.0150470733642578
0.0226802825927734 0.0197048187255859 -0.0250282287597656 -0.0104255676269531
0.0216255187988281 0.0263519287109375 -0.0210628509521484 -0.00113105773925781
0.0212478637695312 0.0453987121582031 0.00374412536621094 -0.0236835479736328
0.0258216857910156 0.0381240844726563 0.0142431259155273 0.00603771209716797
0.0269203186035156 0.0318317413330078 0.0255699157714844 0.0125083923339844
0.0364418029785156 0.0194206237792969 0.0365142822265625 0.0037384033203125
0.0364608764648438 0.00313186645507813 0.0311737060546875 -0.00932884216308594
0.0327301025390625 -0.0158405303955078 0.0195064544677734 -0.0206356048583984
0.0231513977050781 -0.0280532836914063 0.00797653198242188 -0.0157051086425781
0.0215282440185547 -0.0267753601074219 -0.00287055969238281 -0.00443029403686524
0.0212173461914063 -0.0312881469726563 -0.00881385803222656 0.00284194946289062
0.0273532867431641 -0.0291481018066406 -0.0176162719726563 0.00188636779785156
0.0356826782226563 -0.0165481567382813 -0.0266532897949219 0.00241851806640625
0.0376052856445313 -0.00408172607421875 -0.0252819061279297 -0.006103515625
0.0322380065917969 0.0155563354492188 -0.0231361389160156 -0.0115070343017578
0.0329627990722656 0.0264701843261719 -0.0162801742553711 -0.00358390808105468
0.0274181365966797 0.0341300964355469 -0.0127649307250977 0.0103054046630859
0.0238380432128906 0.0477638244628906 0.013554573059082 -0.00867176055908203
0.03302001953125 0.0425033569335938 0.0218925476074219 0.0164623260498047
0.0344104766845703 0.0314044952392578 0.0262355804443359 0.0165176391601563
0.0425491333007813 0.0163726806640625 0.0327968597412109 0.00568008422851563
0.0399894714355469 -0.000720977783203125 0.0226211547851563 -0.00603675842285156
0.0336875915527344 -0.0196895599365234 0.00964736938476563 -0.0124111175537109
0.0229454040527344 -0.0279731750488281 0.00156044960021973 -0.0036773681640625
0.0216445922851563 -0.0268306732177734 -0.00558137893676758 0.00752592086791992
0.0206756591796875 -0.0305099487304687 -0.0117807388305664 0.015533447265625
0.0259723663330078 -0.0283050537109375 -0.0233249664306641 0.0127849578857422
0.0356292724609375 -0.01605224609375 -0.0291862487792969 0.0104522705078125
0.0404434204101563 -0.00461959838867188 -0.0257396697998047 -0.002777099609375
0.0365791320800781 0.0168418884277344 -0.0194664001464844 -0.00903511047363281
0.0350379943847656 0.0300865173339844 -0.00503301620483398 0.00281333923339844
0.0286102294921875 0.0377845764160156 -0.00226593017578125 0.0239124298095703
0.02435302734375 0.0410919189453125 0.0210781097412109 0.00346565246582032
0.03326416015625 0.0373954772949219 0.0286464691162109 0.0237693786621094
0.036102294921875 0.0263252258300781 0.0267925262451172 0.0178146362304688
0.0411033630371094 0.00844573974609375 0.0260047912597656 0.00879287719726562
0.03533935546875 -0.00584030151367188 0.0140933990478516 0.000964164733886718
0.0270137786865234 -0.0208301544189453 0.00180137157440186 -0.00157201290130615
0.0177021026611328 -0.0235881805419922 -0.00473308563232422 0.0103464126586914
0.0180034637451172 -0.0230922698974609 -0.00962448120117187 0.0198898315429688
0.0177974700927734 -0.0252246856689453 -0.0154190063476563 0.0259227752685547
0.0231456756591797 -0.0242195129394531 -0.0261497497558594 0.0217723846435547
0.0313739776611328 -0.0126438140869141 -0.0323734283447266 0.0158233642578125
0.0364189147949219 -0.00243377685546875 -0.0260124206542969 0.001434326171875
0.0334262847900391 0.0170135498046875 -0.0157546997070313 -0.00659751892089844
0.0318374633789063 0.0313835144042969 0.00396251678466797 0.0101985931396484
0.0251655578613281 0.0374374389648438 0.00556182861328125 0.0369071960449219
0.0182094573974609 0.0294895172119141 0.0291404724121094 0.0116405487060547
0.0297527313232422 0.027740478515625 0.0344505310058594 0.0260639190673828
0.0314846038818359 0.01544189453125 0.0264396667480469 0.0163040161132813
0.0315876007080078 0.00180816650390625 0.0200634002685547 0.0102672576904297
0.0226898193359375 -0.0087738037109375 0.00848865509033203 0.00604772567749023
0.015472412109375 -0.01751708984375 -0.00284337997436523 0.00874710083007812
0.0108184814453125 -0.0172281265258789 -0.00714683532714844 0.0203094482421875
0.0115146636962891 -0.0153465270996094 -0.0108242034912109 0.0290012359619141
0.0113582611083984 -0.0161600112915039 -0.0187263488769531 0.0328292846679688
0.0147123336791992 -0.0152015686035156 -0.0313911437988281 0.0274143218994141
0.0229625701904297 -0.00804328918457031 -0.0342121124267578 0.0180206298828125
0.0272102355957031 -0.000383377075195312 -0.0270061492919922 0.00313377380371094
0.0250301361083984 0.0161304473876953 -0.0141525268554687 -0.00360393524169922
0.0234336853027344 0.0268669128417969 0.0101442337036133 0.0173854827880859
0.0162181854248047 0.0314731597900391 0.0102996826171875 0.04931640625
0.00880813598632813 0.0139579772949219 0.0346736907958984 0.0151214599609375
0.0190315246582031 0.0126819610595703 0.0362663269042969 0.0237655639648438
0.0196189880371094 0.00358390808105469 0.0234107971191406 0.0146751403808594
0.0151815414428711 -0.00437450408935547 0.0155563354492188 0.0132722854614258
0.00823354721069336 -0.00826787948608399 0.00700187683105469 0.0114765167236328
0.00142002105712891 -0.0101842880249023 -0.00315284729003906 0.0163755416870117
0.00166893005371094 -0.00435423851013184 -0.00604057312011719 0.0269279479980469
0.0029444694519043 -0.00453281402587891 -0.0107460021972656 0.0334873199462891
0.00335836410522461 -0.00543546676635742 -0.0213813781738281 0.0364227294921875
0.00513029098510742 -0.00680017471313476 -0.034210205078125 0.0290241241455078
0.00984573364257813 -0.00470256805419922 -0.0357933044433594 0.0183563232421875
0.01495361328125 -0.000970840454101562 -0.0290508270263672 0.00467681884765625
0.0148544311523438 0.0106382369995117 -0.0128574371337891 0.000311851501464844
0.0140762329101563 0.017059326171875 0.0099029541015625 0.0228652954101563
0.00620841979980469 0.0184440612792969 0.011138916015625 0.0579833984375
-0.000675678253173828 0.00613021850585938 -0.015350341796875 -0.0536308288574219
-0.00230193138122559 -0.0023045539855957 -0.00688362121582031 -0.0224285125732422
-0.00588798522949219 0.00286197662353516 0.0136861801147461 0.00206375122070313
0.000346660614013672 0.0069127082824707 0.0355949401855469 -0.00359344482421875
0.00597906112670898 0.00287485122680664 0.040496826171875 -0.0168838500976563
0.00497198104858398 -0.00226640701293945 0.0341663360595703 -0.0343456268310547
0.00519943237304688 -0.00766658782958984 0.0198020935058594 -0.0413742065429687
0.0044102668762207 -0.00661754608154297 0.00764083862304687 -0.0349845886230469
0.00670337677001953 -0.00501155853271484 0.000631332397460938 -0.028350830078125
0.00947475433349609 -0.00474452972412109 -0.00314521789550781 -0.0209369659423828
0.00784540176391602 0.00141477584838867 -0.013148307800293 -0.0144195556640625
0.00269174575805664 0.00809049606323242 -0.0196285247802734 -0.0135211944580078
-0.00590658187866211 0.00269889831542969 -0.0260715484619141 -0.0197467803955078
-0.00611352920532227 -0.00238370895385742 -0.0346279144287109 -0.0230274200439453
-0.00306582450866699 0.00106644630432129 -0.0337028503417969 -0.0156688690185547
0.00929069519042969 0.0224227905273438 -0.0106468200683594 -0.0483894348144531
0.00672626495361328 0.0141506195068359 0.000942230224609374 -0.0153474807739258
0.00530147552490234 0.0146799087524414 0.0186138153076172 0.00388908386230469
0.0118989944458008 0.0127334594726563 0.0366897583007813 -0.00304794311523437
0.0166387557983398 0.00358867645263672 0.0383567810058594 -0.0154914855957031
0.0175971984863281 -0.00733757019042969 0.0310707092285156 -0.0315513610839844
0.0151596069335938 -0.0171480178833008 0.0192947387695312 -0.0365524291992188
0.0128746032714844 -0.0167074203491211 0.00501823425292969 -0.0287876129150391
0.0143165588378906 -0.0182781219482422 -0.00262641906738281 -0.0202140808105469
0.0173625946044922 -0.0162172317504883 -0.00845718383789062 -0.0172939300537109
0.0217056274414063 -0.00677680969238281 -0.0196342468261719 -0.00957298278808593
0.0187320709228516 0.00445365905761719 -0.0206661224365234 -0.0127735137939453
0.00855541229248047 0.0094451904296875 -0.0255584716796875 -0.0165081024169922
0.0091400146484375 0.00999736785888672 -0.0342254638671875 -0.0147171020507813
0.00999259948730469 0.014674186706543 -0.0303726196289062 -0.0094757080078125
0.017547607421875 0.03564453125 -0.00294113159179688 -0.0373725891113281
0.0169734954833984 0.0297603607177734 0.00763940811157227 -0.00553226470947265
0.0171012878417969 0.0253582000732422 0.0205936431884766 0.00721168518066407
0.0268459320068359 0.0184879302978516 0.0408592224121094 -0.00144195556640625
0.0291862487792969 0.00483131408691406 0.0356178283691406 -0.013397216796875
0.0290737152099609 -0.0122814178466797 0.0267734527587891 -0.0279483795166016
0.0206546783447266 -0.0254154205322266 0.0115432739257813 -0.0281753540039063
0.0175647735595703 -0.0252552032470703 0.00189781188964844 -0.0170907974243164
0.0172939300537109 -0.0284614562988281 -0.00726890563964843 -0.00993442535400391
0.0247116088867188 -0.0253200531005859 -0.0142879486083984 -0.00888156890869141
0.0304946899414063 -0.01409912109375 -0.0244941711425781 -0.00408172607421876
0.0320491790771484 -0.00120353698730469 -0.0241737365722656 -0.00915336608886719
0.0234107971191406 0.0134620666503906 -0.0252151489257813 -0.0143070220947266
0.024566650390625 0.02020263671875 -0.0257186889648437 -0.00920867919921875
0.0230216979980469 0.0251216888427734 -0.0229244232177734 0.000278472900390624
0.0239410400390625 0.0463790893554687 0.00353813171386719 -0.0257034301757812
0.02685546875 0.0404205322265625 0.0139970779418945 0.00442886352539063
0.0283412933349609 0.03070068359375 0.0264472961425781 0.0114974975585938
0.0402297973632813 0.0190925598144531 0.038604736328125 0.00250244140625
0.0383148193359375 0.00217437744140625 0.0304336547851563 -0.0120410919189453
0.0328578948974609 -0.0184879302978516 0.018402099609375 -0.021331787109375
0.0226249694824219 -0.0299415588378906 0.00782012939453125 -0.016143798828125
0.0197200775146484 -0.0280227661132813 -0.00256490707397461 -0.00594663619995117
0.0212230682373047 -0.0325088500976563 -0.00867080688476562 0.00251960754394531
0.0263500213623047 -0.0318832397460938 -0.0211982727050781 0.00374984741210937
0.0356292724609375 -0.0209236145019531 -0.0289783477783203 0.00463104248046875
0.0391387939453125 -0.0064849853515625 -0.0268268585205078 -0.00474357604980469
0.0353202819824219 0.0150337219238281 -0.02349853515625 -0.00999641418457031
0.0321903228759766 0.0256881713867188 -0.0168466567993164 -0.00348377227783203
0.0287303924560547 0.0330562591552734 -0.0137119293212891 0.0112943649291992
0.0265083312988281 0.0469474792480469 0.0139169692993164 -0.0102949142456055
0.0337638854980469 0.0417060852050781 0.0226573944091797 0.0152721405029297
0.0373153686523438 0.0316276550292969 0.0283679962158203 0.0151901245117188
0.0447006225585937 0.0153770446777344 0.0340919494628906 0.005889892578125
0.0412979125976562 -0.00505447387695312 0.0231246948242188 -0.00678825378417969
0.0326309204101563 -0.022979736328125 0.0111875534057617 -0.0113019943237305
0.0224113464355469 -0.0279884338378906 0.000326871871948244 -0.00308060646057129
0.0210723876953125 -0.028839111328125 -0.00524330139160156 0.00928783416748047
0.0217266082763672 -0.0318145751953125 -0.0130443572998047 0.0178318023681641
0.0265445709228516 -0.032135009765625 -0.0237693786621094 0.0154228210449219
0.0357131958007813 -0.0196800231933594 -0.0309028625488281 0.0132732391357422
0.0416069030761719 -0.00677108764648438 -0.0263347625732422 -0.000328063964843754
0.0384941101074219 0.0156707763671875 -0.0207653045654297 -0.00842475891113282
0.0376853942871094 0.0294952392578125 -0.00700044631958008 0.00396728515625
0.033050537109375 0.0382881164550781 -0.00125885009765625 0.0232658386230469
0.0263404846191406 0.0399665832519531 0.0234279632568359 0.00328254699707032
0.0363922119140625 0.0372314453125 0.0306015014648438 0.0235691070556641
0.0372276306152344 0.0235824584960938 0.0283012390136719 0.0170574188232422
0.0412330627441406 0.00693511962890625 0.028167724609375 0.00823783874511719
0.0353660583496094 -0.00879287719726563 0.0139141082763672 0.000829696655273437
0.0258522033691406 -0.02154541015625 0.000353664159774782 -0.000391691923141481
0.0171337127685547 -0.0274772644042969 -0.00264072418212891 0.0108489990234375
0.0162220001220703 -0.0252189636230469 -0.00882530212402344 0.0221519470214844
0.0174007415771484 -0.0284976959228516 -0.0133342742919922 0.0276622772216797
0.0205593109130859 -0.0245094299316406 -0.0281944274902344 0.0247631072998047
0.0316715240478516 -0.0173892974853516 -0.0316925048828125 0.0191783905029297
0.0362930297851563 -0.00388336181640625 -0.0260219573974609 0.00354576110839844
0.0347843170166016 0.0168590545654297 -0.0170125961303711 -0.0041971206665039
0.0321044921875 0.0293197631835938 0.00409603118896485 0.0104761123657227
0.02716064453125 0.03692626953125 0.00542449951171875 0.0396842956542969
0.0224056243896484 0.0293636322021484 0.0296516418457031 0.00998306274414063
0.0317173004150391 0.0262508392333984 0.0371551513671875 0.0242385864257812
0.0318641662597656 0.01361083984375 0.0288410186767578 0.0163440704345703
0.030364990234375 -0.000387191772460937 0.0214672088623047 0.0101089477539063
0.0241603851318359 -0.0119800567626953 0.00882816314697266 0.00670528411865234
0.0160007476806641 -0.0174589157104492 -0.000897407531738279 0.0106239318847656
0.00905799865722656 -0.0179557800292969 -0.00637245178222656 0.0227241516113281
0.011713981628418 -0.0145149230957031 -0.00958251953125 0.0278491973876953
0.0121889114379883 -0.0170345306396484 -0.0177555084228516 0.0347747802734375
0.0143070220947266 -0.0171365737915039 -0.0291194915771484 0.0302772521972656
0.0230903625488281 -0.00988578796386719 -0.0353050231933594 0.0221099853515625
0.026947021484375 -0.00124740600585938 -0.0283241271972656 0.00515174865722657
0.0269603729248047 0.0144805908203125 -0.01373291015625 -0.00244522094726562
0.0248317718505859 0.0258750915527344 0.0107822418212891 0.0177459716796875
0.0183677673339844 0.0294685363769531 0.0127220153808594 0.0511856079101563
0.0103979110717773 0.0114898681640625 0.036346435546875 0.0143890380859375
0.0207366943359375 0.0123939514160156 0.03839111328125 0.0233573913574219
0.0195026397705078 0.00243186950683594 0.0262184143066406 0.0132312774658203
0.0159492492675781 -0.00702953338623047 0.0170831680297852 0.0131292343139648
0.00783157348632813 -0.0088348388671875 0.00753879547119141 0.0127544403076172
3.05175781249997E-05 -0.00911617279052734 -0.00452995300292969 0.0168924331665039
0.00138568878173828 -0.00589561462402344 -0.00542831420898438 0.0275955200195312
0.00311422348022461 -0.00445461273193359 -0.00831031799316406 0.0348396301269531
0.00137710571289063 -0.00684928894042969 -0.0205955505371094 0.0387763977050781
0.00438165664672852 -0.00595426559448242 -0.0337142944335938 0.0324974060058594
0.0101594924926758 -0.00405216217041016 -0.0358963012695313 0.0215606689453125
0.0148210525512695 -0.00241374969482422 -0.0291843414306641 0.006439208984375
0.015894889831543 0.0105648040771484 -0.0155630111694336 -0.00115203857421875
0.0141811370849609 0.0151920318603516 0.0098876953125 0.0222797393798828
0.0072479248046875 0.0186443328857422 0.0127449035644531 0.0586051940917969
6.77108764648437E-05 0.00703048706054687 -0.0185356140136719 -0.0535316467285156
-0.00251245498657227 -4.24385070800785E-05 -0.00686454772949219 -0.0204010009765625
-0.00454950332641602 0.00381803512573242 0.0155916213989258 0.00169181823730469
0.00111770629882812 0.00626373291015625 0.0348377227783203 -0.00494956970214844
0.00554943084716797 0.00244808197021484 0.0389785766601563 -0.0193290710449219
0.00560951232910156 -0.00264120101928711 0.0335502624511719 -0.0373458862304687
0.00416946411132812 -0.00867748260498047 0.0181350708007813 -0.0424728393554688
0.00471878051757813 -0.00745010375976563 0.006683349609375 -0.0345897674560547
0.00625085830688477 -0.00668430328369141 -0.00152015686035157 -0.0269412994384766
0.00806617736816406 -0.00459909439086914 -0.00580596923828125 -0.0212631225585938
0.00871801376342773 0.00147199630737305 -0.0152912139892578 -0.0139226913452148
0.00379514694213867 0.00764036178588867 -0.0201625823974609 -0.0134792327880859
-0.00579261779785156 0.00419902801513672 -0.0269565582275391 -0.01953125
-0.0046234130859375 -0.000915050506591797 -0.0372695922851563 -0.0185737609863281
-0.00185728073120117 0.00256180763244629 -0.0340728759765625 -0.0143337249755859
0.0101566314697266 0.02349853515625 -0.012603759765625 -0.04876708984375
0.00878047943115234 0.0137739181518555 -7.91549682617194E-05 -0.0150356292724609
0.00657558441162109 0.0148754119873047 0.0187530517578125 0.00316619873046875
0.0149030685424805 0.0113773345947266 0.03717041015625 -0.00398635864257812
0.0180835723876953 0.00266075134277344 0.0380210876464844 -0.0170059204101563
0.0171260833740234 -0.00870990753173828 0.0304450988769531 -0.0342044830322266
0.012481689453125 -0.0193386077880859 0.0167160034179688 -0.0372352600097656
0.0114517211914063 -0.0191574096679688 0.00379562377929688 -0.0275096893310547
0.0123348236083984 -0.0202426910400391 -0.0049285888671875 -0.0201873779296875
0.0178050994873047 -0.0175914764404297 -0.0108814239501953 -0.0164699554443359
0.0226287841796875 -0.00748062133789062 -0.0197811126708984 -0.01043701171875
0.0206642150878906 0.00360870361328125 -0.0220432281494141 -0.0124111175537109
0.0100107192993164 0.0108442306518555 -0.0278091430664063 -0.0158710479736328
0.0103759765625 0.0106496810913086 -0.0343685150146484 -0.0133419036865234
0.0116653442382812 0.0157022476196289 -0.0311107635498047 -0.00866127014160156
0.0197257995605469 0.0361137390136719 -0.005340576171875 -0.0382003784179688
0.0199356079101563 0.0279140472412109 0.00760984420776367 -0.00604629516601562
0.0185966491699219 0.0251884460449219 0.0229415893554688 0.00753593444824219
0.0283145904541016 0.0152034759521484 0.0393714904785156 -0.0015716552734375
0.0300483703613281 0.00205039978027344 0.0355033874511719 -0.0145454406738281
0.0280990600585938 -0.0149612426757813 0.0252037048339844 -0.0295333862304688
0.0196170806884766 -0.0268764495849609 0.0123538970947266 -0.0279445648193359
0.0173797607421875 -0.027099609375 0.000711441040039063 -0.0171232223510742
0.0174102783203125 -0.0297355651855469 -0.00745630264282226 -0.0086207389831543
0.0233726501464844 -0.0277194976806641 -0.0151329040527344 -0.0066518783569336
0.03070068359375 -0.0156097412109375 -0.024200439453125 -0.00303459167480468
0.0325050354003906 -0.00264167785644531 -0.0249519348144531 -0.00871658325195313
0.0254478454589844 0.0127811431884766 -0.0269584655761719 -0.0123538970947266
0.02423095703125 0.0188255310058594 -0.0279560089111328 -0.00754165649414062
0.0233306884765625 0.0251445770263672 -0.0238456726074219 0.00182151794433593
0.0265388488769531 0.0453109741210938 0.00298309326171875 -0.0242729187011719
0.0298843383789063 0.036407470703125 0.0152082443237305 0.0061492919921875
0.0316905975341797 0.0303211212158203 0.0269203186035156 0.0122814178466797
0.0387802124023438 0.0157356262207031 0.0388412475585938 0.00154495239257813
0.0383834838867188 -0.00078582763671875 0.0309677124023438 -0.0116462707519531
0.0320262908935547 -0.0195655822753906 0.0173797607421875 -0.0216903686523437
0.0222797393798828 -0.0313816070556641 0.00569438934326172 -0.0155181884765625
0.0201835632324219 -0.0309944152832031 -0.00261998176574707 -0.00375819206237793
0.0189666748046875 -0.0350227355957031 -0.0104055404663086 0.00545310974121093
0.025482177734375 -0.0333461761474609 -0.0195350646972656 0.00516891479492187
0.0354537963867188 -0.020751953125 -0.0285701751708984 0.0052947998046875
0.0389671325683594 -0.00780105590820312 -0.0267753601074219 -0.00391769409179688
0.0352592468261719 0.0132026672363281 -0.0257511138916016 -0.0090789794921875
0.0353813171386719 0.0245628356933594 -0.0179347991943359 -0.00211143493652344
0.0316619873046875 0.0320053100585938 -0.0132541656494141 0.0128021240234375
0.0288505554199219 0.0456390380859375 0.0139894485473633 -0.0104703903198242
0.0363845825195313 0.0399398803710938 0.0245952606201172 0.0168342590332031
0.0389213562011719 0.0301284790039063 0.0296382904052734 0.0155162811279297
0.0446434020996094 0.0132560729980469 0.0352210998535156 0.0048828125
0.0404586791992188 -0.00602340698242188 0.0229969024658203 -0.00513267517089844
0.0322151184082031 -0.0235404968261719 0.00970268249511719 -0.0117006301879883
0.0210723876953125 -0.0315265655517578 0.000193834304809572 -0.00191628932952881
0.0191440582275391 -0.0305595397949219 -0.00442123413085937 0.00986480712890625
0.0182781219482422 -0.0333957672119141 -0.012486457824707 0.0171823501586914
0.0242900848388672 -0.0324764251708984 -0.0233974456787109 0.0171470642089844
0.0348834991455078 -0.0207939147949219 -0.0306053161621094 0.0139560699462891
0.0406646728515625 -0.009185791015625 -0.0278148651123047 0.000854492187500001
0.0391578674316406 0.0138702392578125 -0.0220832824707031 -0.0060272216796875
0.038787841796875 0.0275459289550781 -0.00623893737792969 0.00488901138305664
0.0327911376953125 0.0359115600585938 -0.00181007385253906 0.0251579284667969
0.0278396606445313 0.0398597717285156 0.0224170684814453 0.00268173217773438
0.0382156372070313 0.03411865234375 0.0321331024169922 0.0224399566650391
0.0392532348632813 0.0229988098144531 0.0288600921630859 0.0173892974853516
0.0428924560546875 0.00559616088867188 0.0287227630615234 0.00766372680664063
0.0349941253662109 -0.00980949401855469 0.0159807205200195 0.000768661499023437
0.0245914459228516 -0.023681640625 0.00152432918548584 -3.48091125488296E-05
0.015960693359375 -0.0265407562255859 -0.00371932983398438 0.0116338729858398
0.0155296325683594 -0.0248794555664063 -0.006622314453125 0.0222530364990234
0.0148372650146484 -0.027618408203125 -0.0146694183349609 0.0295047760009766
0.0208091735839844 -0.0264263153076172 -0.02587890625 0.0265045166015625
0.0305538177490234 -0.0173931121826172 -0.0329627990722656 0.0208740234375
0.0377273559570312 -0.0074310302734375 -0.0274639129638672 0.00409126281738281
0.0358352661132813 0.0144424438476563 -0.0180683135986328 -0.00405311584472656
0.0357894897460938 0.0281524658203125 0.00500869750976563 0.0105676651000977
0.0287208557128906 0.03472900390625 0.0083160400390625 0.0381851196289063
0.0225257873535156 0.027435302734375 0.0312786102294922 0.00957489013671875
0.0322990417480469 0.0230560302734375 0.0380706787109375 0.0231666564941406
0.0333023071289062 0.0129776000976563 0.0284481048583984 0.0158824920654297
0.0318565368652344 -0.00203323364257813 0.0226211547851563 0.0116252899169922
0.0228347778320313 -0.0125083923339844 0.010411262512207 0.00740718841552734
0.0127582550048828 -0.0185203552246094 -0.00191879272460937 0.0107545852661133
0.00837516784667969 -0.01806640625 -0.00597763061523437 0.0232181549072266
0.00955390930175781 -0.0157260894775391 -0.00675201416015625 0.0319557189941406
0.00981712341308594 -0.0165672302246094 -0.0160560607910156 0.0367507934570313
0.013371467590332 -0.0172739028930664 -0.0292949676513672 0.0318546295166016
0.0212860107421875 -0.0112800598144531 -0.0340404510498047 0.0229339599609375
0.0279178619384766 -0.00363349914550781 -0.0285053253173828 0.006500244140625
0.0276126861572266 0.0132789611816406 -0.0138416290283203 -0.00114917755126953
0.0267066955566406 0.0235157012939453 0.0103225708007813 0.0161552429199219
0.0207786560058594 0.0286750793457031 0.0130729675292969 0.0498199462890625
0.0105199813842773 0.012639045715332 0.0361824035644531 0.0113792419433594
0.0203952789306641 0.00990486145019531 0.0405998229980469 0.0214424133300781
0.0205860137939453 0.00132179260253906 0.0266819000244141 0.0145626068115234
0.0153608322143555 -0.00722122192382813 0.0186195373535156 0.0134296417236328
0.00727176666259766 -0.0108842849731445 0.00937652587890625 0.012333869934082
-0.000548362731933595 -0.00913333892822266 -0.00116729736328125 0.0182037353515625
0.000255823135375977 -0.00433349609375 -0.00407791137695312 0.0279502868652344
0.00214743614196777 -0.00356245040893555 -0.0066680908203125 0.0354232788085938
0.0027928352355957 -0.00470590591430664 -0.0191802978515625 0.0401420593261719
0.00269031524658203 -0.00603437423706055 -0.0330848693847656 0.0336685180664063
0.008819580078125 -0.00529098510742188 -0.0358314514160156 0.0227622985839844
0.0144805908203125 -0.00384140014648437 -0.0294075012207031 0.00771141052246093
0.0164957046508789 0.00827407836914063 -0.0150909423828125 0.000432014465332035
0.0149745941162109 0.0140495300292969 0.0118942260742188 0.0221767425537109
0.00851726531982422 0.0165538787841797 0.0149650573730469 0.0585556030273438
3.95774841308602E-05 0.00768852233886719 -0.0188941955566406 -0.0524520874023438
-0.00295805931091309 0.000397205352783203 -0.00673675537109375 -0.0195980072021484
-0.0043940544128418 0.00452041625976563 0.0152063369750977 0.00146961212158203
0.0019378662109375 0.00546503067016602 0.0344944000244141 -0.00542640686035156
0.00583076477050781 0.00171756744384766 0.0375213623046875 -0.0203018188476563
0.0059361457824707 -0.00349998474121094 0.0313873291015625 -0.0372581481933594
0.00440406799316406 -0.009918212890625 0.0172119140625 -0.0423965454101563
0.00501441955566406 -0.00871610641479492 0.00489425659179687 -0.0342235565185547
0.00586700439453125 -0.00740528106689453 -0.002777099609375 -0.0260162353515625
0.00912284851074219 -0.00482368469238281 -0.00683212280273437 -0.0205631256103516
0.009674072265625 0.000776290893554688 -0.0159883499145508 -0.0137968063354492
0.0042567253112793 0.00770807266235351 -0.0199012756347656 -0.0132312774658203
-0.00565052032470703 0.0050053596496582 -0.0271644592285156 -0.0189399719238281
-0.00459480285644531 0.00024890899658203 -0.0376396179199219 -0.0180778503417969
-0.00219249725341797 0.00312018394470215 -0.0335712432861328 -0.0131797790527344
0.0109901428222656 0.0232677459716797 -0.01373291015625 -0.0469818115234375
0.00925159454345703 0.0141439437866211 -3.24249267578106E-05 -0.0144643783569336
0.00731182098388672 0.0147151947021484 0.0190963745117188 0.00348854064941406
0.0152292251586914 0.010955810546875 0.0368461608886719 -0.00426864624023437
0.0182380676269531 0.00215530395507813 0.0369491577148438 -0.0175056457519531
0.0172719955444336 -0.0103797912597656 0.0292034149169922 -0.0338058471679688
0.0118331909179688 -0.0197849273681641 0.0153884887695312 -0.0372238159179688
0.0114841461181641 -0.0193653106689453 0.00283622741699219 -0.0272960662841797
0.0123291015625 -0.0211715698242188 -0.00524711608886719 -0.0194625854492188
0.0175743103027344 -0.0177097320556641 -0.011784553527832 -0.0157995223999023
0.0225067138671875 -0.00774574279785156 -0.0201625823974609 -0.0101680755615234
0.0202789306640625 0.00303840637207031 -0.0228004455566406 -0.0113525390625
0.0108232498168945 0.010594367980957 -0.0275936126708984 -0.0155906677246094
0.0103120803833008 0.0108480453491211 -0.0346107482910156 -0.0126991271972656
0.011693000793457 0.015233039855957 -0.0309181213378906 -0.00756454467773438
0.0198554992675781 0.0366058349609375 -0.00555038452148438 -0.0371131896972656
0.0198402404785156 0.0268173217773438 0.00810956954956055 -0.00525093078613281
0.0197963714599609 0.0244426727294922 0.0231533050537109 0.00714492797851563
0.0281429290771484 0.0150852203369141 0.0389518737792969 -0.0014495849609375
0.0301094055175781 0.00172615051269531 0.0348014831542969 -0.0147857666015625
0.0272750854492187 -0.0159091949462891 0.0243988037109375 -0.0291919708251953
0.0181751251220703 -0.0277061462402344 0.0111408233642578 -0.0275917053222656
0.0165462493896484 -0.0275020599365234 0.000703811645507813 -0.0159177780151367
0.0159797668457031 -0.030548095703125 -0.00829029083251953 -0.00823259353637695
0.0224952697753906 -0.0284442901611328 -0.0161151885986328 -0.00554561614990235
0.0314140319824219 -0.0163555145263672 -0.0247936248779297 -0.00246429443359375
0.0322914123535156 -0.00365638732910156 -0.0260467529296875 -0.00792503356933594
0.0247764587402344 0.0128898620605469 -0.0275592803955078 -0.0121135711669922
0.0242042541503906 0.0191059112548828 -0.0276336669921875 -0.00648689270019531
0.0238037109375 0.0247535705566406 -0.0230884552001953 0.00148963928222656
0.0273551940917969 0.0440025329589844 0.00318717956542969 -0.0238437652587891
0.0302162170410156 0.0351409912109375 0.0164127349853516 0.00625133514404297
0.0316429138183594 0.0294361114501953 0.0273227691650391 0.011993408203125
0.039581298828125 0.0151786804199219 0.0380706787109375 0.00111007690429688
0.0380668640136719 -0.00207138061523437 0.0296669006347656 -0.0114116668701172
0.0319652557373047 -0.0214443206787109 0.0169181823730469 -0.0207176208496094
0.0210380554199219 -0.0320911407470703 0.00607109069824219 -0.0151252746582031
0.0185031890869141 -0.031646728515625 -0.0016484260559082 -0.00292205810546875
0.0179176330566406 -0.0356254577636719 -0.00968074798583984 0.00572967529296875
0.0242214202880859 -0.0341434478759766 -0.0188159942626953 0.00601005554199219
0.0343551635742188 -0.0222492218017578 -0.0280590057373047 0.00670623779296875
0.0387802124023438 -0.00967025756835938 -0.0274238586425781 -0.00268363952636719
0.0353012084960937 0.0124320983886719 -0.0261001586914062 -0.00816535949707032
0.0355377197265625 0.0237884521484375 -0.0181312561035156 -0.000711441040039057
0.0318336486816406 0.031768798828125 -0.0130996704101562 0.0132617950439453
0.0301895141601563 0.0445556640625 0.0133199691772461 -0.0104694366455078
0.0368576049804688 0.0376625061035156 0.0248737335205078 0.0159320831298828
0.0389175415039063 0.0287971496582031 0.0289859771728516 0.0157432556152344
0.0450248718261719 0.0112838745117188 0.03515625 0.00431060791015625
0.0402641296386719 -0.00636672973632813 0.0228595733642578 -0.00555610656738281
0.0314464569091797 -0.0241546630859375 0.009033203125 -0.0105619430541992
0.0199451446533203 -0.0317058563232422 0.000925779342651368 -0.00181233882904053
0.0180892944335937 -0.0302295684814453 -0.00450992584228516 0.0102338790893555
0.0172271728515625 -0.0340595245361328 -0.0113906860351562 0.0191993713378906
0.0229206085205078 -0.0320262908935547 -0.0223636627197266 0.0184173583984375
0.0340385437011719 -0.0217647552490234 -0.0300273895263672 0.0146522521972656
0.0401115417480469 -0.0106124877929688 -0.0275135040283203 0.00176620483398437
0.0391120910644531 0.0134773254394531 -0.0222663879394531 -0.00541114807128906
0.0391578674316406 0.0265121459960938 -0.00675058364868164 0.00413894653320313
0.0336627960205078 0.0343799591064453 -0.00107383728027343 0.0254001617431641
0.028472900390625 0.0384674072265625 0.0232028961181641 0.00128555297851563
0.0377159118652344 0.0323600769042969 0.0325546264648438 0.0214672088623047
0.0399398803710937 0.0225906372070313 0.0293426513671875 0.0172233581542969
0.042022705078125 0.00454330444335938 0.0287513732910156 0.008026123046875
0.0341320037841797 -0.01080322265625 0.0153741836547852 0.000758171081542968
0.0239582061767578 -0.0231781005859375 0.002158522605896 0.00114822387695312
0.0150566101074219 -0.0267753601074219 -0.00262260437011719 0.012181282043457
0.0141830444335937 -0.0248737335205078 -0.00609016418457031 0.0222568511962891
0.0145092010498047 -0.0271015167236328 -0.0132350921630859 0.0302104949951172
0.0190582275390625 -0.0260353088378906 -0.0253543853759766 0.0277824401855469
0.0290641784667969 -0.0170555114746094 -0.0314254760742187 0.0209236145019531
0.0358657836914063 -0.00838470458984375 -0.0279293060302734 0.00516510009765625
0.0358123779296875 0.0134391784667969 -0.0183372497558594 -0.00279045104980469
0.0351638793945313 0.0267333984375 0.00455284118652344 0.00981712341308594
0.0292739868164062 0.0333518981933594 0.00782012939453125 0.0383071899414063
0.0216903686523438 0.0260467529296875 0.0316295623779297 0.00867462158203125
0.0321140289306641 0.0217018127441406 0.0378036499023438 0.02288818359375
0.0327835083007812 0.0114974975585937 0.0284557342529297 0.0161571502685547
0.0308303833007813 -0.003173828125 0.0233783721923828 0.010986328125
0.0218315124511719 -0.0128383636474609 0.0107040405273438 0.00732517242431641
0.0119285583496094 -0.0179195404052734 -0.000891685485839844 0.0113086700439453
0.00765228271484375 -0.017308235168457 -0.00366973876953125 0.0216960906982422
0.00903797149658203 -0.0152044296264648 -0.00692939758300781 0.0311794281005859
0.00966262817382813 -0.0168361663818359 -0.0156059265136719 0.037109375
0.0117597579956055 -0.0155515670776367 -0.0283355712890625 0.0322971343994141
0.0206317901611328 -0.0110092163085937 -0.0334911346435547 0.0237216949462891
0.0260372161865234 -0.00435256958007813 -0.0284309387207031 0.00731086730957031
0.0262355804443359 0.0123386383056641 -0.0150117874145508 -0.000754356384277342
0.0264644622802734 0.0229682922363281 0.0105400085449219 0.0161161422729492
0.0202465057373047 0.0268707275390625 0.0148544311523437 0.0494537353515625
0.0106716156005859 0.0108451843261719 0.0360298156738281 0.0110664367675781
0.0201683044433594 0.00869560241699219 0.0397148132324219 0.0203208923339844
0.0198078155517578 0 0.0270748138427734 0.0142765045166016
0.0140447616577148 -0.00789833068847656 0.0195865631103516 0.0133056640625
0.00545024871826172 -0.0108451843261719 0.0101470947265625 0.0121097564697266
-0.00187969207763672 -0.00814914703369141 0.000444412231445311 0.01837158203125
5.24520874023441E-05 -0.00413060188293457 -0.00214385986328125 0.0275554656982422
0.00170254707336426 -0.00368714332580566 -0.00633811950683593 0.0342979431152344
0.00245022773742676 -0.00379705429077148 -0.0174217224121094 0.0391731262207031
0.00266218185424805 -0.00562286376953125 -0.0314178466796875 0.0334911346435547
0.00826072692871094 -0.00556850433349609 -0.0355567932128906 0.0234527587890625
0.0135002136230469 -0.00365543365478516 -0.0290164947509766 0.00780105590820313
0.0151300430297852 0.00774288177490234 -0.0149517059326172 0.00139808654785156
0.0140724182128906 0.0133209228515625 0.0118408203125 0.0207901000976563
0.00808334350585938 0.0154685974121094 0.0160675048828125 0.0569610595703125
0.000583171844482421 0.00843286514282227 -0.0177230834960938 -0.0520172119140625
-0.00227189064025879 0.00123739242553711 -0.00606727600097657 -0.0189037322998047
-0.0035243034362793 0.00451183319091797 0.0158910751342773 0.00197124481201172
0.00280904769897461 0.00528478622436523 0.0347995758056641 -0.00551223754882813
0.00589275360107422 0.00127077102661133 0.0371780395507813 -0.0198020935058594
0.0063166618347168 -0.00408697128295898 0.0313491821289063 -0.0371246337890625
0.00384330749511719 -0.0106124877929688 0.01690673828125 -0.0419540405273438
0.00490760803222656 -0.00926017761230469 0.00530624389648438 -0.0335693359375
0.00671005249023438 -0.00900554656982422 -0.00299072265625 -0.0255985260009766
0.00980472564697266 -0.00596427917480469 -0.0073089599609375 -0.0202445983886719
0.0101070404052734 0.000926017761230469 -0.0159597396850586 -0.0139703750610352
0.00568294525146484 0.0075068473815918 -0.0204811096191406 -0.0141239166259766
-0.00510406494140625 0.00598955154418945 -0.0271568298339844 -0.0194892883300781
-0.00485849380493164 0.00120925903320312 -0.0377578735351563 -0.0185356140136719
-0.00216197967529297 0.00382852554321289 -0.0341415405273437 -0.0134334564208984
0.0118637084960937 0.0241661071777344 -0.0125465393066406 -0.0467453002929688
0.00961971282958984 0.0147466659545898 0.000729560852050782 -0.0141868591308594
0.00858974456787109 0.0151586532592773 0.0195388793945313 0.00372123718261719
0.0157899856567383 0.0109901428222656 0.0369453430175781 -0.00416183471679687
0.0184688568115234 0.00146865844726563 0.0367279052734375 -0.0169525146484375
0.017974853515625 -0.010894775390625 0.0295181274414063 -0.0332107543945313
0.0121135711669922 -0.0207557678222656 0.0151710510253906 -0.0360794067382813
0.0109901428222656 -0.0204257965087891 0.00358200073242187 -0.0267696380615234
0.0128517150878906 -0.0216865539550781 -0.00593757629394531 -0.0188617706298828
0.0182819366455078 -0.0185775756835938 -0.0116662979125977 -0.015385627746582
0.0226402282714844 -0.00785064697265625 -0.0209693908691406 -0.00984001159667969
0.0213356018066406 0.00284576416015625 -0.02301025390625 -0.0118656158447266
0.0108413696289063 0.0111875534057617 -0.0280132293701172 -0.0157737731933594
0.00968074798583984 0.011937141418457 -0.0344448089599609 -0.0130271911621094
0.0114154815673828 0.0162506103515625 -0.0306854248046875 -0.00741195678710938
0.0202522277832031 0.0369606018066406 -0.00474929809570313 -0.0365028381347656
0.0197410583496094 0.0267734527587891 0.00847005844116211 -0.00490808486938476
0.0202484130859375 0.0249519348144531 0.0239982604980469 0.00859642028808594
0.0290184020996094 0.0147304534912109 0.0393905639648437 -0.000976562499999999
0.0305500030517578 0.00129127502441406 0.0354461669921875 -0.0141220092773438
0.0272216796875 -0.0166187286376953 0.0246524810791016 -0.0276699066162109
0.0182209014892578 -0.0287685394287109 0.0114555358886719 -0.0263214111328125
0.0161724090576172 -0.0277061462402344 0.00118446350097656 -0.0161542892456055
0.0168075561523437 -0.0306854248046875 -0.00783443450927734 -0.00691366195678711
0.0228767395019531 -0.0288028717041016 -0.0168161392211914 -0.0050954818725586
0.0313301086425781 -0.0162239074707031 -0.0251693725585937 -0.00217247009277344
0.0329113006591797 -0.00313758850097656 -0.0261573791503906 -0.00792312622070313
0.0252590179443359 0.0135345458984375 -0.0279426574707031 -0.0114593505859375
0.0243072509765625 0.019805908203125 -0.0283737182617188 -0.00647735595703125
0.0234661102294922 0.0253105163574219 -0.0230979919433594 0.00210380554199219
0.027679443359375 0.0442771911621094 0.00412750244140625 -0.0231971740722656
0.0296440124511719 0.0357093811035156 0.0168743133544922 0.00713634490966797
0.0322532653808594 0.0301990509033203 0.0278568267822266 0.0133800506591797
0.0404014587402344 0.0148544311523438 0.0387954711914063 0.00214767456054688
0.0381889343261719 -0.00276947021484375 0.0298500061035156 -0.0104770660400391
0.0326881408691406 -0.0217838287353516 0.0169353485107422 -0.0199127197265625
0.0207862854003906 -0.0326404571533203 0.00621509552001953 -0.0146265029907227
0.0185317993164063 -0.0319156646728516 -0.00209426879882812 -0.00301074981689453
0.0177230834960938 -0.0357398986816406 -0.00966930389404297 0.00603389739990234
0.0240383148193359 -0.0340347290039063 -0.0196456909179688 0.00709152221679687
0.0340824127197266 -0.0219841003417969 -0.0285739898681641 0.0074920654296875
0.0393905639648438 -0.0093231201171875 -0.0281238555908203 -0.00281143188476562
0.0353775024414063 0.012847900390625 -0.0263652801513672 -0.00789070129394531
0.0354042053222656 0.0240097045898438 -0.0175724029541016 -0.000608444213867184
0.0313568115234375 0.0318717956542969 -0.0130949020385742 0.0137948989868164
0.030059814453125 0.0446281433105469 0.0136680603027344 -0.0095977783203125
0.0361099243164063 0.0373382568359375 0.0248737335205078 0.0163784027099609
0.0393409729003906 0.0296249389648438 0.0298881530761719 0.0171260833740234
0.0452384948730469 0.0112457275390625 0.0351524353027344 0.00571441650390625
0.0398788452148438 -0.0066070556640625 0.0230293273925781 -0.00433158874511719
0.0311851501464844 -0.023834228515625 0.00921440124511719 -0.00896167755126953
0.0197982788085938 -0.0315418243408203 0.00128388404846192 -0.000722527503967287
0.0179367065429688 -0.0304336547851563 -0.004119873046875 0.0112457275390625
0.0172405242919922 -0.0339012145996094 -0.0116767883300781 0.0197219848632812
0.0225658416748047 -0.032623291015625 -0.0223102569580078 0.0189571380615234
0.0338382720947266 -0.0217132568359375 -0.0303058624267578 0.0159645080566406
0.0395851135253906 -0.0106010437011719 -0.0282135009765625 0.00182151794433593
0.0387763977050781 0.0136833190917969 -0.0218753814697266 -0.00479507446289063
0.0383796691894531 0.0267753601074219 -0.00653266906738281 0.0050501823425293
0.0333271026611328 0.0340633392333984 -0.00221824645996094 0.0262222290039063
0.0279884338378906 0.0374565124511719 0.0228843688964844 0.00197982788085938
0.0369300842285156 0.0317344665527344 0.0327129364013672 0.0224628448486328
0.0401802062988281 0.0226669311523437 0.0299091339111328 0.0185375213623047
0.0422744750976563 0.00441741943359375 0.0296230316162109 0.00905036926269531
0.0334758758544922 -0.0110015869140625 0.0160026550292969 0.00210094451904297
0.0240325927734375 -0.0231456756591797 0.00249385833740235 0.00248527526855469
0.0149421691894531 -0.0265674591064453 -0.00188636779785156 0.0122318267822266
0.0141925811767578 -0.024383544921875 -0.00590896606445313 0.0225048065185547
0.0146274566650391 -0.0267925262451172 -0.0132675170898438 0.0307445526123047
0.0182838439941406 -0.02545166015625 -0.0257968902587891 0.0279960632324219
0.0287570953369141 -0.0167446136474609 -0.0316200256347656 0.0216789245605469
0.0348930358886719 -0.00804710388183594 -0.0286121368408203 0.00574684143066407
0.0354194641113281 0.0137062072753906 -0.0178699493408203 -0.00250244140625
0.0352897644042969 0.0266876220703125 0.00446224212646484 0.0105476379394531
0.0288257598876953 0.0326118469238281 0.0078125 0.0391578674316406
0.0216388702392578 0.0252418518066406 0.0305938720703125 0.00929069519042969
0.0309925079345703 0.0208797454833984 0.037353515625 0.0238761901855469
0.0328483581542969 0.0112590789794922 0.0286140441894531 0.0170249938964844
0.0305881500244141 -0.00311088562011719 0.0232276916503906 0.0119285583496094
0.0208034515380859 -0.0124759674072266 0.0115394592285156 0.00825595855712891
0.0114173889160156 -0.0171728134155273 4.7683715820313E-05 0.0122127532958984
0.00762462615966797 -0.0165462493896484 -0.003448486328125 0.0223598480224609
0.00896453857421875 -0.0149574279785156 -0.00687980651855469 0.03076171875
0.00936794281005859 -0.0161190032958984 -0.015838623046875 0.0372047424316406
0.0118207931518555 -0.0152587890625 -0.0288734436035156 0.0328712463378906
0.0203857421875 -0.0103626251220703 -0.03375244140625 0.0242958068847656
0.0252532958984375 -0.00499916076660156 -0.0279197692871094 0.00740242004394531
0.0263195037841797 0.0124130249023438 -0.0149116516113281 -0.000221252441406248
0.025634765625 0.0219612121582031 0.00995445251464844 0.0166549682617188
0.0196495056152344 0.0260601043701172 0.0133705139160156 0.0496482849121094
0.0105466842651367 0.0103635787963867 0.0358161926269531 0.01092529296875
0.0200977325439453 0.00786781311035156 0.0394554138183594 0.0208702087402344
0.01971435546875 -0.00031280517578125 0.0269317626953125 0.0148754119873047
0.0136442184448242 -0.00822639465332031 0.0197887420654297 0.0141086578369141
0.00503253936767578 -0.0101213455200195 0.0110530853271484 0.0126428604125977
-0.00191164016723633 -0.00801467895507813 0.00110626220703125 0.0186061859130859
-6.3896179199219E-05 -0.00364518165588379 -0.00164985656738281 0.0274791717529297
0.00196480751037598 -0.00293540954589844 -0.00640678405761719 0.0338306427001953
0.00236392021179199 -0.00371217727661133 -0.0174407958984375 0.0396995544433594
0.00245952606201172 -0.00453996658325195 -0.0317268371582031 0.0337123870849609
0.00773334503173828 -0.00527381896972656 -0.0354843139648438 0.0235557556152344
0.0127897262573242 -0.0027923583984375 -0.0288848876953125 0.00796699523925781
0.0147008895874023 0.00688934326171875 -0.0150890350341797 0.00102901458740234
0.0139904022216797 0.0130414962768555 0.0108432769775391 0.0205173492431641
0.00796699523925781 0.0146999359130859 0.0151138305664063 0.0566444396972656
0.00109481811523437 0.00929832458496094 -0.0170173645019531 -0.0533027648925781
-0.00126183032989502 0.00170397758483887 -0.00500297546386719 -0.0190067291259766
-0.0022430419921875 0.00475358963012695 0.0164499282836914 0.00214004516601563
0.00367355346679688 0.00498723983764648 0.0355072021484375 -0.00508880615234375
0.00679349899291992 0.000510215759277344 0.0382499694824219 -0.0194435119628906
0.0069580078125 -0.00467443466186523 0.0316009521484375 -0.0378265380859375
0.00454521179199219 -0.0113649368286133 0.0179367065429687 -0.0429573059082031
0.00501823425292969 -0.0104913711547852 0.00568962097167969 -0.0346031188964844
0.00701045989990234 -0.0106048583984375 -0.00285911560058594 -0.0257701873779297
0.0108404159545898 -0.00705814361572266 -0.00755691528320313 -0.0204505920410156
0.0113792419433594 0.000468254089355469 -0.0170707702636719 -0.0143852233886719
0.00644874572753906 0.00801897048950195 -0.0212898254394531 -0.0149040222167969
-0.00487661361694336 0.00697612762451172 -0.0279521942138672 -0.0205574035644531
-0.00550556182861328 0.00232744216918945 -0.0379447937011719 -0.0193557739257813
-0.00201082229614258 0.00500249862670898 -0.0342025756835938 -0.0138092041015625
0.0119762420654297 0.02587890625 -0.0114173889160156 -0.0472755432128906
0.0103998184204102 0.0154504776000977 0.00182247161865234 -0.0136127471923828
0.00987529754638672 0.0157804489135742 0.0207672119140625 0.00487136840820313
0.0173225402832031 0.0104455947875977 0.0384063720703125 -0.00331878662109375
0.0198764801025391 0.000980377197265625 0.0380134582519531 -0.016693115234375
0.0185985565185547 -0.0122203826904297 0.0302772521972656 -0.0327339172363281
0.0119781494140625 -0.0218124389648438 0.016204833984375 -0.0362434387207031
0.0115089416503906 -0.0217075347900391 0.00389289855957032 -0.0267715454101563
0.0134010314941406 -0.02337646484375 -0.00549507141113281 -0.0181083679199219
0.01959228515625 -0.0197219848632813 -0.0127429962158203 -0.01458740234375
0.0240306854248047 -0.00816917419433594 -0.0216026306152344 -0.0100498199462891
0.0228404998779297 0.00335121154785156 -0.0237312316894531 -0.0123195648193359
0.0112676620483398 0.012847900390625 -0.0288639068603516 -0.0163955688476563
0.0103044509887695 0.0135498046875 -0.0356826782226563 -0.0134124755859375
0.0116386413574219 0.0177478790283203 -0.0313892364501953 -0.0072021484375
0.0206832885742188 0.0389785766601563 -0.00383758544921875 -0.0367088317871094
0.0202770233154297 0.0285511016845703 0.00948715209960938 -0.00374603271484375
0.0212211608886719 0.0260143280029297 0.0248756408691406 0.00985336303710938
0.0298881530761719 0.0151081085205078 0.0407218933105469 -9.53674316406241E-05
0.0311794281005859 0.000837326049804688 0.0361366271972656 -0.0130043029785156
0.0283927917480469 -0.0175628662109375 0.0255146026611328 -0.0269069671630859
0.0191440582275391 -0.0295066833496094 0.0120201110839844 -0.0262165069580078
0.0168476104736328 -0.0293006896972656 0.00136661529541016 -0.0150470733642578
0.0175724029541016 -0.0328521728515625 -0.0073542594909668 -0.0064702033996582
0.0241851806640625 -0.0298805236816406 -0.0170488357543945 -0.00435543060302735
0.0327987670898438 -0.0167446136474609 -0.0268974304199219 -0.0016326904296875
0.0345878601074219 -0.00338172912597656 -0.027191162109375 -0.007904052734375
0.0265026092529297 0.0148830413818359 -0.0286979675292969 -0.0121593475341797
0.0243282318115234 0.021881103515625 -0.0282802581787109 -0.00671195983886718
0.0232734680175781 0.0272407531738281 -0.0240936279296875 0.00316810607910156
0.0278968811035156 0.0459938049316406 0.00438690185546875 -0.0229358673095703
0.0303688049316406 0.0363273620605469 0.0175638198852539 0.00799369812011719
0.0330467224121094 0.0319957733154297 0.0291767120361328 0.0149974822998047
0.0410575866699219 0.0153884887695313 0.0399703979492188 0.00315093994140625
0.0393028259277344 -0.002593994140625 0.0305385589599609 -0.00969886779785156
0.0330162048339844 -0.0216770172119141 0.0177669525146484 -0.0189609527587891
0.0211620330810547 -0.0338954925537109 0.007049560546875 -0.0136346817016602
0.0186080932617188 -0.0329990386962891 -0.00165998935699463 -0.00210702419281006
0.0179634094238281 -0.0367240905761719 -0.0102386474609375 0.00792884826660156
0.0248088836669922 -0.0348720550537109 -0.0208320617675781 0.00844573974609375
0.035888671875 -0.0225372314453125 -0.0298080444335937 0.00825881958007813
0.0404243469238281 -0.00926971435546875 -0.0291404724121094 -0.00189018249511719
0.036773681640625 0.0146713256835938 -0.0268993377685547 -0.00815773010253906
0.0355491638183594 0.0257530212402344 -0.0184154510498047 6.10351562499975E-05
0.0317058563232422 0.0329551696777344 -0.0137310028076172 0.0147085189819336
0.0302581787109375 0.0453720092773438 0.0141077041625977 -0.00854301452636718
0.0356788635253906 0.0378494262695313 0.0257339477539063 0.0181121826171875
0.0406150817871094 0.03106689453125 0.0313549041748047 0.0189838409423828
0.0460052490234375 0.0117950439453125 0.0364570617675781 0.0069427490234375
0.0409469604492188 -0.00664901733398438 0.0242290496826172 -0.00340080261230469
0.0322742462158203 -0.0240974426269531 0.0105085372924805 -0.00763511657714844
0.0203056335449219 -0.0324954986572266 0.00170683860778809 0.000615835189819334
0.0182094573974609 -0.0310001373291016 -0.00394248962402344 0.0117120742797852
0.01800537109375 -0.0342197418212891 -0.0116119384765625 0.0214862823486328
0.0234107971191406 -0.0329608917236328 -0.0233020782470703 0.0200767517089844
0.0349330902099609 -0.0220298767089844 -0.0315818786621094 0.0164299011230469
0.0406532287597656 -0.0105819702148438 -0.0295734405517578 0.0029296875
0.0398216247558594 0.0141944885253906 -0.0230827331542969 -0.00464630126953125
0.03900146484375 0.027618408203125 -0.00664520263671875 0.00588512420654297
0.0334053039550781 0.0352439880371094 -0.00233650207519531 0.0282535552978516
0.0281486511230469 0.0379180908203125 0.0235328674316406 0.00295448303222656
0.0364799499511719 0.0321044921875 0.0329074859619141 0.0239791870117188
0.0406036376953125 0.0230522155761719 0.0309467315673828 0.0198535919189453
0.0425758361816406 0.00405120849609375 0.0304336547851563 0.0101947784423828
0.0338840484619141 -0.01055908203125 0.0171623229980469 0.00345897674560547
0.0241489410400391 -0.0227069854736328 0.00385546684265137 0.00342655181884765
0.0150871276855469 -0.0263805389404297 -0.00148677825927734 0.012913703918457
0.0141010284423828 -0.0248985290527344 -0.00580596923828125 0.0236759185791016
0.0149917602539063 -0.0270309448242188 -0.0132026672363281 0.0321941375732422
0.0188083648681641 -0.0249881744384766 -0.0260639190673828 0.0294017791748047
0.0291996002197266 -0.0168590545654297 -0.0327739715576172 0.0232582092285156
0.03533935546875 -0.00786972045898437 -0.0294017791748047 0.00597381591796875
0.0356636047363281 0.0141868591308594 -0.0185623168945312 -0.002227783203125
0.0356101989746094 0.0266685485839844 0.0037374496459961 0.0111074447631836
0.0291652679443359 0.0328540802001953 0.00725173950195312 0.0405044555664063
0.0219879150390625 0.0250186920166016 0.0308189392089844 0.0100574493408203
0.0311603546142578 0.0204811096191406 0.0381240844726563 0.0252342224121094
0.0332145690917969 0.0115261077880859 0.0298042297363281 0.0190868377685547
0.0307273864746094 -0.00322341918945312 0.0245189666748047 0.0130577087402344
0.0208911895751953 -0.0125198364257813 0.0127601623535156 0.00926113128662109
0.0114927291870117 -0.0169105529785156 0.000738143920898438 0.0130577087402344
0.00722122192382813 -0.0158185958862305 -0.00302505493164062 0.0229969024658203
0.00836563110351563 -0.0148229598999023 -0.00690841674804687 0.0316276550292969
0.00996303558349609 -0.0156431198120117 -0.0157279968261719 0.039031982421875
0.0121517181396484 -0.0143918991088867 -0.0298862457275391 0.0338382720947266
0.0196666717529297 -0.00978851318359375 -0.034759521484375 0.0248031616210938
0.0255355834960937 -0.004852294921875 -0.0293140411376953 0.00777435302734375
0.0259685516357422 0.0123748779296875 -0.0157308578491211 -0.000295639038085934
0.025970458984375 0.0224323272705078 0.0104780197143555 0.0168981552124023
0.0200653076171875 0.0261898040771484 0.0124015808105469 0.0512962341308594
0.0109939575195313 0.00906181335449219 0.035980224609375 0.0118293762207031
0.0195503234863281 0.00711250305175781 0.0401268005371094 0.0220870971679688
0.0197467803955078 -0.000867843627929688 0.0280055999755859 0.0163993835449219
0.0131387710571289 -0.00876617431640625 0.0206031799316406 0.0156631469726563
0.00417423248291015 -0.0105714797973633 0.0117616653442383 0.0127878189086914
-0.00172567367553711 -0.00642919540405273 0.0023651123046875 0.0194511413574219
-0.000738382339477539 -0.00239801406860352 -0.00167274475097656 0.0278263092041016
0.00183463096618652 -0.00242209434509277 -0.00651359558105469 0.0343570709228516
0.00284981727600098 -0.00273466110229492 -0.0178680419921875 0.0407447814941406
0.00254654884338379 -0.0037386417388916 -0.0329513549804688 0.0349006652832031
0.00706005096435547 -0.00410842895507812 -0.0362434387207031 0.0240097045898438
0.0123043060302734 -0.00313091278076172 -0.0301437377929688 0.00802612304687501
0.014622688293457 0.00638198852539063 -0.0157718658447266 0.000988006591796874
0.0137062072753906 0.0122909545898438 0.0103912353515625 0.02154541015625
0.00802040100097656 0.0135135650634766 0.0143394470214844 0.0587120056152344
0.0020751953125 0.0115556716918945 -0.0167884826660156 -0.0554161071777344
-0.000511884689331055 0.00271105766296387 -0.00465583801269531 -0.0195732116699219
-0.000940322875976563 0.00530433654785156 0.0181884765625 0.00221443176269531
0.00470447540283203 0.00493764877319336 0.0379295349121094 -0.0058441162109375
0.00767326354980469 2.43186950683594E-05 0.0399932861328125 -0.0204696655273438
0.00767087936401367 -0.0068516731262207 0.0330047607421875 -0.0392646789550781
0.00407600402832031 -0.0132427215576172 0.0177803039550781 -0.0442047119140625
0.00485515594482422 -0.0123815536499023 0.00564002990722657 -0.0351142883300781
0.00730514526367187 -0.0124149322509766 -0.00279808044433594 -0.0262184143066406
0.0120220184326172 -0.00853157043457031 -0.00832557678222656 -0.0210971832275391
0.0130252838134766 2.6702880859375E-05 -0.0184478759765625 -0.0145664215087891
0.00794315338134766 0.00866270065307617 -0.022613525390625 -0.0155658721923828
-0.00432920455932617 0.00826263427734375 -0.0298843383789062 -0.0217266082763672
-0.005218505859375 0.00443077087402344 -0.0399360656738281 -0.02032470703125
-0.00213623046875 0.00667095184326172 -0.0352516174316406 -0.0142822265625
0.0135040283203125 0.0278606414794922 -0.0110969543457031 -0.0486831665039063
0.0115423202514648 0.0166072845458984 0.00219249725341797 -0.0137739181518555
0.0110645294189453 0.0164623260498047 0.0225620269775391 0.00510025024414063
0.0183181762695313 0.0105304718017578 0.0399551391601563 -0.00325393676757813
0.0210514068603516 0.000345230102539063 0.0392990112304688 -0.0172805786132813
0.0197868347167969 -0.0135746002197266 0.0310115814208984 -0.0339946746826172
0.0120086669921875 -0.0242366790771484 0.0165214538574219 -0.0373153686523438
0.0116691589355469 -0.0236930847167969 0.00396537780761719 -0.0270881652832031
0.0137767791748047 -0.02593994140625 -0.00586318969726563 -0.0180530548095703
0.0205440521240234 -0.0215473175048828 -0.0135440826416016 -0.0145893096923828
0.0264225006103516 -0.0093841552734375 -0.0234870910644531 -0.00940704345703125
0.0246067047119141 0.00341606140136719 -0.0256443023681641 -0.0126743316650391
0.0128040313720703 0.0148468017578125 -0.0304317474365234 -0.0169486999511719
0.0109834671020508 0.0159473419189453 -0.0366706848144531 -0.0133094787597656
0.0121917724609375 0.0199012756347656 -0.0322666168212891 -0.0070343017578125
0.0224189758300781 0.0413742065429688 -0.00408554077148437 -0.0378570556640625
0.0216636657714844 0.0298271179199219 0.0109033584594727 -0.00274276733398437
0.0233287811279297 0.0272712707519531 0.0271854400634766 0.0107975006103516
0.0321521759033203 0.015380859375 0.0423736572265625 6.10351562500009E-05
0.0331497192382813 0.0001068115234375 0.0378532409667969 -0.0135536193847656
0.0300006866455078 -0.0186595916748047 0.0265655517578125 -0.0274600982666016
0.0191287994384766 -0.0316104888916016 0.0123996734619141 -0.0262947082519531
0.0165157318115234 -0.0314846038818359 0.0015249252319336 -0.0153789520263672
0.0175075531005859 -0.0350914001464844 -0.00830459594726563 -0.0048069953918457
0.0250110626220703 -0.0319957733154297 -0.0187854766845703 -0.00342369079589844
0.0349559783935547 -0.0180606842041016 -0.0282764434814453 -0.000368118286132808
0.0364418029785156 -0.00332260131835938 -0.0288372039794922 -0.00751876831054687
0.0281295776367187 0.0166683197021484 -0.0302047729492188 -0.0117664337158203
0.0259532928466797 0.02398681640625 -0.0294551849365234 -0.00570869445800782
0.0242996215820312 0.0287971496582031 -0.0247287750244141 0.00416755676269532
0.0294151306152344 0.0477828979492188 0.00555419921875 -0.0231857299804687
0.0316925048828125 0.0383491516113281 0.0193824768066406 0.009368896484375
0.0353813171386719 0.0327949523925781 0.0316448211669922 0.0163211822509766
0.0433731079101563 0.0152702331542969 0.0427627563476563 0.00312423706054688
0.0410728454589844 -0.00347137451171875 0.0322170257568359 -0.00898361206054688
0.0343494415283203 -0.0234184265136719 0.0190315246582031 -0.0183086395263672
0.0216560363769531 -0.0354843139648438 0.00772190093994141 -0.0139150619506836
0.0191593170166016 -0.0348339080810547 -0.000825822353363036 -0.00102043151855469
0.0183830261230469 -0.0388259887695313 -0.00971794128417968 0.00977993011474609
0.0253028869628906 -0.0368614196777344 -0.0218639373779297 0.0103378295898438
0.0371170043945313 -0.0236930847167969 -0.0316982269287109 0.0104866027832031
0.0428428649902344 -0.010101318359375 -0.0311927795410156 -0.00117683410644532
0.0387611389160156 0.0149688720703125 -0.0285797119140625 -0.00757026672363281
0.0376167297363281 0.0272636413574219 -0.0188884735107422 0.000635147094726563
0.0330295562744141 0.0346393585205078 -0.0138864517211914 0.0169239044189453
0.0318603515625 0.0473442077636719 0.0149154663085938 -0.00857734680175781
0.0369377136230469 0.03948974609375 0.0275650024414063 0.0200786590576172
0.0426254272460938 0.0320358276367188 0.0330448150634766 0.0204849243164063
0.0482635498046875 0.0111618041992188 0.0389442443847656 0.00799560546875
0.0418739318847656 -0.00720596313476563 0.0258293151855469 -0.0030059814453125
0.0331878662109375 -0.0251712799072266 0.0110979080200195 -0.00712680816650391
0.0206871032714844 -0.0333213806152344 0.00269317626953125 0.00121784210205078
0.0178298950195312 -0.0322456359863281 -0.00332546234130859 0.0134258270263672
0.0180282592773437 -0.0358543395996094 -0.0116920471191406 0.0239620208740234
0.0236415863037109 -0.0342464447021484 -0.0247554779052734 0.0226840972900391
0.03582763671875 -0.0231437683105469 -0.0333461761474609 0.0192413330078125
0.0424842834472656 -0.0112953186035156 -0.0312881469726563 0.00378227233886718
0.0412559509277344 0.0147438049316406 -0.0239009857177734 -0.00406646728515625
0.0411415100097656 0.0289688110351563 -0.00668287277221679 0.00640296936035157
0.03485107421875 0.0362815856933594 -0.00274658203125 0.0300998687744141
0.0295562744140625 0.0386810302734375 0.0243301391601563 0.00403976440429688
0.0374259948730469 0.0328330993652344 0.0347785949707031 0.026275634765625
0.0426902770996094 0.0239677429199219 0.0331344604492188 0.0223102569580078
0.0437355041503906 0.00374221801757813 0.0326385498046875 0.0107955932617188
0.0349235534667969 -0.0114974975585937 0.0182876586914063 0.0042266845703125
0.0250740051269531 -0.0229930877685547 0.00478696823120117 0.00486278533935547
0.0153961181640625 -0.0270004272460938 -0.00122642517089844 0.0147800445556641
0.0145721435546875 -0.0254402160644531 -0.00544548034667968 0.0252399444580078
0.0150909423828125 -0.0269832611083984 -0.0133781433105469 0.0348358154296875
0.0193367004394531 -0.0258121490478516 -0.0270462036132813 0.0321006774902344
0.0297126770019531 -0.0175571441650391 -0.0344524383544922 0.0250282287597656
0.0365943908691406 -0.008819580078125 -0.0312385559082031 0.00710487365722656
0.0370941162109375 0.0142173767089844 -0.0195331573486328 -0.00146484375
0.0364913940429688 0.0275688171386719 0.00427055358886719 0.0120639801025391
0.0299129486083984 0.0340728759765625 0.0074310302734375 0.0430793762207031
0.0224628448486328 0.0248908996582031 0.0322265625 0.0111026763916016
0.03131103515625 0.0206947326660156 0.0401458740234375 0.0270957946777344
0.0346431732177734 0.0109214782714844 0.0319423675537109 0.0204486846923828
0.0313453674316406 -0.00380134582519531 0.0263156890869141 0.0142307281494141
0.0203723907470703 -0.0130538940429688 0.0134878158569336 0.00998973846435547
0.0118141174316406 -0.0164480209350586 0.00200557708740234 0.0142087936401367
0.00758457183837891 -0.0153999328613281 -0.00206375122070313 0.0243549346923828
0.00857639312744141 -0.0142955780029297 -0.0064697265625 0.0332012176513672
0.00992965698242188 -0.0148735046386719 -0.015777587890625 0.0414009094238281
0.0121965408325195 -0.0141086578369141 -0.0306816101074219 0.0368995666503906
0.0194091796875 -0.0100021362304688 -0.0358734130859375 0.0272750854492188
0.0256576538085938 -0.00516891479492188 -0.0308475494384766 0.00933837890625
0.0268421173095703 0.0127754211425781 -0.0166311264038086 0.000514984130859373
0.0259723663330078 0.0223197937011719 0.0104904174804688 0.0179786682128906
0.0203094482421875 0.0257892608642578 0.0132369995117188 0.0544090270996094
0.0111827850341797 0.00829410552978516 0.0370521545410156 0.0122337341308594
0.0203437805175781 0.00629425048828125 0.0418777465820313 0.023223876953125
0.0203628540039063 -0.00185585021972656 0.0298137664794922 0.0175514221191406
0.0129175186157227 -0.00933933258056641 0.0228519439697266 0.0156936645507813
0.00267601013183594 -0.0106344223022461 0.0126657485961914 0.0134954452514648
-0.00255632400512695 -0.00536966323852539 0.003143310546875 0.0198802947998047
-0.00081181526184082 -0.00106310844421387 -0.00107955932617188 0.0285663604736328
0.00177669525146484 -0.00114846229553223 -0.00667190551757812 0.0359992980957031
0.00274872779846191 -0.00113916397094727 -0.0185585021972656 0.0432777404785156
0.00229191780090332 -0.00264501571655273 -0.0340156555175781 0.0374755859375
0.00658798217773438 -0.00368881225585937 -0.0380287170410156 0.02630615234375
0.0118808746337891 -0.00308609008789063 -0.0315818786621094 0.00959205627441406
0.0142240524291992 0.00688934326171875 -0.0167074203491211 0.00169754028320312
0.0131711959838867 0.0119333267211914 0.0109062194824219 0.0218544006347656
0.00819969177246094 0.013066291809082 0.0146980285644531 0.0614356994628906
0.00313282012939453 0.0133848190307617 -0.0184898376464844 -0.0571098327636719
0.000963449478149415 0.00388669967651367 -0.00446128845214844 -0.0199794769287109
0.000737667083740235 0.00557994842529297 0.0199508666992188 0.00183677673339844
0.00637054443359375 0.0044398307800293 0.0392532348632812 -0.00750350952148437
0.00830459594726563 -0.0007476806640625 0.0406990051269531 -0.0223007202148438
0.00748920440673828 -0.00865888595581055 0.0323028564453125 -0.0418281555175781
0.00341606140136719 -0.0151176452636719 0.0172500610351562 -0.0464859008789062
0.0041961669921875 -0.0143985748291016 0.00478363037109375 -0.03607177734375
0.00727367401123047 -0.0146617889404297 -0.00412750244140625 -0.0263710021972656
0.012939453125 -0.0103673934936523 -0.0102729797363281 -0.0213279724121094
0.0144777297973633 -0.001495361328125 -0.0205783843994141 -0.0142116546630859
0.00987815856933594 0.00864601135253906 -0.0244503021240234 -0.0151023864746094
-0.00293159484863281 0.0105762481689453 -0.0321884155273438 -0.0218772888183594
-0.00488376617431641 0.00691509246826172 -0.0428428649902344 -0.0201797485351563
-0.00205421447753906 0.00883579254150391 -0.0369377136230469 -0.013946533203125
0.0153598785400391 0.0298652648925781 -0.0124588012695312 -0.0503692626953125
0.0133190155029297 0.0176353454589844 0.00344276428222656 -0.0136775970458984
0.0134677886962891 0.016972541809082 0.0247097015380859 0.00551223754882813
0.0206813812255859 0.00922966003417969 0.0422248840332031 -0.00488662719726562
0.0225639343261719 -0.00136756896972656 0.0405464172363281 -0.0184593200683594
0.0200901031494141 -0.0162162780761719 0.0311126708984375 -0.035858154296875
0.0113067626953125 -0.0266990661621094 0.0159416198730469 -0.0386810302734375
0.0106296539306641 -0.0260276794433594 0.00350379943847656 -0.0271720886230469
0.0130939483642578 -0.0288047790527344 -0.00661182403564453 -0.0174007415771484
0.0208778381347656 -0.0245895385742188 -0.0154104232788086 -0.0136213302612305
0.0284614562988281 -0.0111522674560547 -0.0260505676269531 -0.00801849365234374
0.0272979736328125 0.002777099609375 -0.0274734497070312 -0.0119686126708984
0.014521598815918 0.0165166854858398 -0.0328712463378906 -0.0161685943603516
0.0117950439453125 0.0180377960205078 -0.0385932922363281 -0.0122337341308594
0.0132904052734375 0.0218105316162109 -0.0336761474609375 -0.0054645538330078
0.0250167846679688 0.0433082580566406 -0.0042724609375 -0.0386810302734375
0.0238361358642578 0.0307178497314453 0.0126428604125977 -0.00265121459960937
0.0259666442871094 0.0275497436523438 0.0301342010498047 0.0109081268310547
0.0340995788574219 0.0142364501953125 0.0452232360839844 -0.000862121582031249
0.0345649719238281 -0.00193977355957031 0.039154052734375 -0.0142097473144531
0.0301933288574219 -0.0216026306152344 0.0273399353027344 -0.0280227661132813
0.0181350708007813 -0.0344810485839844 0.0135116577148438 -0.0272445678710938
0.0158271789550781 -0.0339775085449219 0.00184822082519531 -0.0146417617797852
0.0166091918945313 -0.0381088256835938 -0.00829458236694336 -0.00296068191528321
0.025177001953125 -0.0348758697509766 -0.0198650360107422 -0.00107383728027344
0.0361175537109375 -0.0205345153808594 -0.0299816131591797 0.00167465209960938
0.0391807556152344 -0.004791259765625 -0.0311279296875 -0.00574302673339843
0.0307693481445313 0.017486572265625 -0.0323696136474609 -0.0106430053710938
0.0280208587646484 0.0253181457519531 -0.0310115814208984 -0.00389862060546875
0.0265827178955078 0.0306339263916016 -0.0254325866699219 0.00603485107421875
0.0319786071777344 0.0493278503417969 0.00548744201660156 -0.0234813690185547
0.0339088439941406 0.0383644104003906 0.0217456817626953 0.0101222991943359
0.0389213562011719 0.03350830078125 0.0343761444091797 0.0172252655029297
0.045745849609375 0.0140876770019531 0.045166015625 0.0031280517578125
0.0427322387695312 -0.00522613525390625 0.0343704223632812 -0.00950241088867187
0.0352401733398437 -0.0258865356445313 0.0201244354248047 -0.0186862945556641
0.0206832885742187 -0.0374794006347656 0.0084686279296875 -0.0129623413085938
0.0175819396972656 -0.0371208190917969 -0.000424325466156005 0.000320762395858762
0.0176200866699219 -0.0416030883789063 -0.00918960571289062 0.0124521255493164
0.0249061584472656 -0.039581298828125 -0.0228137969970703 0.0130996704101562
0.0386848449707031 -0.0264968872070312 -0.0328273773193359 0.0131263732910156
0.0446205139160156 -0.0122833251953125 -0.0332908630371094 0.00113487243652343
0.0414009094238281 0.0151405334472656 -0.0298023223876953 -0.00556945800781249
0.0395164489746094 0.0279808044433594 -0.0194454193115234 0.0022125244140625
0.0348320007324219 0.0358772277832031 -0.0139255523681641 0.0195484161376953
0.0348052978515625 0.0478553771972656 0.0157375335693359 -0.0082864761352539
0.0388832092285156 0.0394554138183594 0.0303001403808594 0.0210418701171875
0.0457725524902344 0.0315933227539063 0.0366783142089844 0.0217933654785156
0.0503349304199219 0.0106468200683594 0.0414886474609375 0.0079345703125
0.0431098937988281 -0.00901412963867188 0.0277652740478516 -0.00294303894042969
0.033966064453125 -0.0268135070800781 0.0125617980957031 -0.0064687728881836
0.0199012756347656 -0.0352745056152344 0.00320506095886231 0.00194334983825683
0.0175228118896484 -0.0337677001953125 -0.00257492065429688 0.0148143768310547
0.0176010131835937 -0.0378913879394531 -0.0105152130126953 0.0266895294189453
0.0229034423828125 -0.0360984802246094 -0.0245285034179688 0.0265216827392578
0.0360145568847656 -0.0250396728515625 -0.0339679718017578 0.0227642059326172
0.0435638427734375 -0.0135917663574219 -0.0327873229980469 0.00617599487304688
0.0435905456542969 0.0145721435546875 -0.0253772735595703 -0.00222015380859375
0.0431594848632813 0.0291633605957031 -0.00662755966186523 0.0079793930053711
0.0368766784667969 0.0366630554199219 -0.00170326232910156 0.0332012176513672
0.0316810607910156 0.0392074584960937 0.0251502990722656 0.00434684753417969
0.0390281677246094 0.0326881408691406 0.0376434326171875 0.0272178649902344
0.0452384948730469 0.022979736328125 0.0365447998046875 0.0229415893554687
0.0454597473144531 0.00290298461914062 0.0350856781005859 0.0119457244873047
0.0352096557617188 -0.0124092102050781 0.0203685760498047 0.00407791137695312
0.0248527526855469 -0.0240726470947266 0.00642776489257813 0.00566673278808594
0.0150432586669922 -0.0274162292480469 0.000229835510253907 0.015477180480957
0.0144081115722656 -0.0255622863769531 -0.00436210632324219 0.0263500213623047
0.015045166015625 -0.0284042358398437 -0.0115928649902344 0.038055419921875
0.0188331604003906 -0.0262966156005859 -0.0267791748046875 0.0363044738769531
0.0294895172119141 -0.0186805725097656 -0.0344963073730469 0.0285873413085938
0.0367813110351563 -0.0105133056640625 -0.0321922302246094 0.00994873046875001
0.0380592346191406 0.0142021179199219 -0.0206241607666016 0.000135421752929689
0.0384559631347656 0.0266952514648438 0.0047750473022461 0.0134210586547852
0.0317153930664063 0.0335922241210938 0.00879669189453125 0.0463294982910156
0.0236949920654297 0.0243511199951172 0.0330524444580078 0.0115833282470703
0.0325660705566406 0.0196170806884766 0.0427932739257813 0.0272064208984375
0.0358619689941406 0.0098724365234375 0.0348644256591797 0.0208950042724609
0.0313987731933594 -0.00439071655273438 0.0287265777587891 0.0144615173339844
0.0201148986816406 -0.0133819580078125 0.0154542922973633 0.0103874206542969
0.0115327835083008 -0.0163736343383789 0.00401592254638672 0.0154619216918945
0.00757503509521484 -0.0145530700683594 -0.00105667114257813 0.0251216888427734
0.00866985321044922 -0.0141620635986328 -0.00542831420898437 0.0345420837402344
0.00979042053222656 -0.0147943496704102 -0.0143318176269531 0.0449485778808594
0.011927604675293 -0.013275146484375 -0.0305061340332031 0.0409469604492188
0.0186977386474609 -0.0105190277099609 -0.0368270874023438 0.0305290222167969
0.0253162384033203 -0.00588798522949219 -0.0319690704345703 0.0112838745117187
0.0272083282470703 0.0117282867431641 -0.0177478790283203 0.00146865844726563
0.0270175933837891 0.0211296081542969 0.0111484527587891 0.0185985565185547
0.0214672088623047 0.0253963470458984 0.0159111022949219 0.0571441650390625
0.0114994049072266 0.00715732574462891 0.0384178161621094 0.0122566223144531
0.0202598571777344 0.00536346435546875 0.0438194274902344 0.0235061645507813
0.02069091796875 -0.00378990173339844 0.0322399139404297 0.0179500579833984
0.0113191604614258 -0.0104484558105469 0.0249347686767578 0.0168590545654297
0.00129032135009766 -0.0102958679199219 0.0146102905273438 0.0136642456054688
-0.00292778015136719 -0.00367331504821777 0.00516128540039063 0.0201320648193359
-0.000194072723388672 0.000868439674377441 0.000228881835937501 0.0296726226806641
0.00189673900604248 0.000178813934326172 -0.00554656982421875 0.0377616882324219
0.00303196907043457 -0.000297784805297852 -0.0166511535644531 0.0463523864746094
0.0023949146270752 -0.00111746788024902 -0.0339012145996094 0.041229248046875
0.00601387023925781 -0.00296735763549805 -0.0385284423828125 0.0293121337890625
0.0110368728637695 -0.00313282012939453 -0.0330657958984375 0.0112419128417969
0.0139970779418945 0.00618171691894531 -0.0176563262939453 0.0024871826171875
0.0129995346069336 0.010951042175293 0.0115509033203125 0.0222663879394531
0.00809860229492187 0.011693000793457 0.0165252685546875 0.0639762878417969
0.00557327270507813 0.015162467956543 -0.0206375122070312 -0.0571365356445313
0.00249171257019043 0.00434374809265137 -0.00479888916015625 -0.0199966430664063
0.00226211547851562 0.00544309616088867 0.0206680297851563 0.000848770141601563
0.00753211975097656 0.00334596633911133 0.039581298828125 -0.00925445556640625
0.00926780700683594 -0.00238990783691406 0.0403671264648438 -0.0246620178222656
0.00709247589111328 -0.0106906890869141 0.0305633544921875 -0.0434913635253906
0.00181388854980469 -0.0169668197631836 0.0146751403808594 -0.0474853515625
0.00257015228271484 -0.0158891677856445 0.00294113159179688 -0.0360069274902344
0.00595664978027344 -0.0167789459228516 -0.0054931640625 -0.0257701873779297
0.0127735137939453 -0.0130786895751953 -0.0120525360107422 -0.0201377868652344
0.0159435272216797 -0.00289821624755859 -0.0219268798828125 -0.0130214691162109
0.0122947692871094 0.00817394256591797 -0.0265464782714844 -0.0142288208007812
-0.00127887725830078 0.0119638442993164 -0.0348415374755859 -0.0204677581787109
-0.00353145599365234 0.00933742523193359 -0.0439910888671875 -0.0179977416992187
-0.000527381896972656 0.0109357833862305 -0.0372428894042969 -0.0119400024414062
0.0186614990234375 0.0309429168701172 -0.0136985778808594 -0.0500221252441406
0.0156459808349609 0.0175657272338867 0.00397872924804688 -0.0136489868164063
0.0158472061157227 0.0162973403930664 0.0264854431152344 0.003936767578125
0.0221710205078125 0.00778007507324219 0.0429725646972656 -0.0067138671875
0.022430419921875 -0.00348091125488281 0.0406379699707031 -0.0207328796386719
0.0189952850341797 -0.019134521484375 0.0303192138671875 -0.0371665954589844
0.00914192199707031 -0.0286045074462891 0.0149993896484375 -0.0390777587890625
0.00856399536132813 -0.0280990600585938 0.00249671936035156 -0.0267410278320313
0.0109195709228516 -0.0314292907714844 -0.00702762603759765 -0.0155820846557617
0.0201930999755859 -0.0275630950927734 -0.016392707824707 -0.0115375518798828
0.0291366577148438 -0.0140323638916016 -0.0268383026123047 -0.00539398193359376
0.0290145874023438 0.00101661682128906 -0.0294532775878906 -0.00976181030273437
0.0169477462768555 0.0169572830200195 -0.0345516204833984 -0.0142440795898438
0.0143585205078125 0.0198078155517578 -0.03948974609375 -0.0102615356445313
0.01495361328125 0.0233478546142578 -0.0334873199462891 -0.00343513488769531
0.0283470153808594 0.0433425903320312 -0.0049896240234375 -0.0378570556640625
0.0267753601074219 0.0306053161621094 0.0131978988647461 -0.00267219543457031
0.02880859375 0.0265827178955078 0.0325546264648437 0.00985527038574219
0.0360679626464844 0.0122489929199219 0.046356201171875 -0.00299072265625
0.0350990295410156 -0.0043792724609375 0.0395050048828125 -0.0158958435058594
0.0291919708251953 -0.0243415832519531 0.0272636413574219 -0.0283832550048828
0.0162315368652344 -0.0361061096191406 0.0129585266113281 -0.0265693664550781
0.0135993957519531 -0.0359764099121094 0.00213336944580078 -0.0137538909912109
0.014434814453125 -0.0409736633300781 -0.00800085067749023 -0.00107097625732422
0.0236053466796875 -0.0377349853515625 -0.0200958251953125 0.00175857543945312
0.0367469787597656 -0.0238571166992188 -0.0307350158691406 0.00518417358398438
0.0402374267578125 -0.0073394775390625 -0.0321998596191406 -0.00294303894042969
0.0326881408691406 0.0173873901367188 -0.0337066650390625 -0.00857543945312499
0.0302066802978516 0.0257530212402344 -0.0309524536132813 -0.00204277038574219
0.0284538269042969 0.0309734344482422 -0.0246829986572266 0.00832939147949218
0.0352554321289063 0.0486869812011719 0.00580215454101562 -0.0225753784179687
0.0364990234375 0.0380210876464844 0.0238723754882813 0.0101070404052734
0.0416755676269531 0.0316429138183594 0.0375442504882813 0.0160942077636719
0.0479507446289063 0.0118064880371094 0.0468406677246094 0.0014495849609375
0.0426559448242188 -0.00779342651367188 0.0353355407714844 -0.0108566284179688
0.0340633392333984 -0.028289794921875 0.0204391479492188 -0.0187664031982422
0.0186500549316406 -0.0393829345703125 0.00900745391845703 -0.0126066207885742
0.0154800415039063 -0.03851318359375 0.000682234764099122 0.0018841028213501
0.0154342651367187 -0.0436592102050781 -0.0076913833618164 0.0147123336791992
0.0234718322753906 -0.0418167114257813 -0.021881103515625 0.0168724060058594
0.0380630493164062 -0.0292434692382812 -0.032958984375 0.0175666809082031
0.0448760986328125 -0.0149345397949219 -0.0333747863769531 0.00400543212890625
0.0431900024414063 0.0140953063964844 -0.0310688018798828 -0.00319290161132812
0.0416831970214844 0.0274696350097656 -0.0190982818603516 0.00425529479980469
0.0371780395507813 0.0350837707519531 -0.0121650695800781 0.021728515625
0.0368614196777344 0.0469474792480469 0.0159034729003906 -0.0079355239868164
0.04107666015625 0.03851318359375 0.0325660705566406 0.0208511352539063
0.0483970642089844 0.0296554565429688 0.0395317077636719 0.0205650329589844
0.0513420104980469 0.00801467895507813 0.0432815551757813 0.00637435913085938
0.0423774719238281 -0.0111808776855469 0.0283184051513672 -0.00275230407714844
0.0329017639160156 -0.0288009643554688 0.0138778686523438 -0.00627994537353516
0.0187606811523438 -0.0361137390136719 0.00480413436889649 0.00316190719604492
0.0160427093505859 -0.0346698760986328 -0.000617980957031248 0.0163841247558594
0.0159111022949219 -0.0389785766601563 -0.00759506225585937 0.0299358367919922
0.0213241577148438 -0.037353515625 -0.0228271484375 0.0304794311523437
0.0352554321289063 -0.0268707275390625 -0.0335311889648438 0.0267314910888672
0.043243408203125 -0.0155029296875 -0.0331077575683594 0.0100555419921875
0.0454063415527344 0.0126266479492188 -0.0258865356445313 -0.000143051147460941
0.0445976257324219 0.0274429321289063 -0.0057687759399414 0.00936985015869141
0.0385093688964844 0.0356254577636719 0.000572204589843749 0.0349788665771484
0.033203125 0.0374069213867188 0.0259914398193359 0.004974365234375
0.0401649475097656 0.0308647155761719 0.0399169921875 0.0272636413574219
0.0467567443847656 0.0210609436035156 0.0396614074707031 0.0224113464355469
0.0454254150390625 0.000804901123046875 0.0369529724121094 0.0105819702148437
0.0340995788574219 -0.0134639739990234 0.0219898223876953 0.00434303283691406
0.0242786407470703 -0.0248603820800781 0.007965087890625 0.00605201721191406
0.0137481689453125 -0.0277194976806641 0.00174236297607422 0.0169000625610352
0.0130348205566406 -0.0258636474609375 -0.00198173522949219 0.0285987854003906
0.0140628814697266 -0.0284786224365234 -0.00876998901367188 0.0408554077148438
0.0178775787353516 -0.0266036987304688 -0.0247650146484375 0.0397682189941406
0.0288791656494141 -0.0193119049072266 -0.0336761474609375 0.0330963134765625
0.0359573364257813 -0.0121726989746094 -0.0326824188232422 0.0132789611816406
0.0388908386230469 0.0122489929199219 -0.0210857391357422 0.0020904541015625
0.0393638610839844 0.02532958984375 0.00566673278808594 0.013981819152832
0.0327491760253906 0.0317726135253906 0.0116233825683594 0.0483665466308594
0.0242519378662109 0.0224151611328125 0.033721923828125 0.0105686187744141
0.0325126647949219 0.0172080993652344 0.0446968078613281 0.0269889831542969
0.0360755920410156 0.00745391845703125 0.0369682312011719 0.0206947326660156
0.0300216674804688 -0.00609970092773437 0.0310268402099609 0.0142288208007813
0.0185108184814453 -0.0136909484863281 0.0169553756713867 0.0102453231811523
0.0108470916748047 -0.0157022476196289 0.00535202026367188 0.0156440734863281
0.00722980499267578 -0.0137319564819336 0.000608444213867188 0.0266208648681641
0.0083465576171875 -0.0139341354370117 -0.00266647338867188 0.036285400390625
0.0103292465209961 -0.0139274597167969 -0.0109367370605469 0.0470008850097656
0.0117855072021484 -0.0131702423095703 -0.0279655456542969 0.0445785522460937
0.0182456970214844 -0.0099945068359375 -0.0354194641113281 0.0348014831542969
0.0237655639648438 -0.00610160827636719 -0.0319728851318359 0.0144100189208984
0.0270347595214844 0.0107631683349609 -0.0180168151855469 0.00358963012695312
0.0269317626953125 0.0196647644042969 0.0119609832763672 0.0188636779785156
0.0211944580078125 0.0231723785400391 0.0181236267089844 0.0584449768066406
0.0108375549316406 0.00537014007568359 0.0386428833007813 0.0113677978515625
0.0191917419433594 0.00271987915039063 0.0457878112792969 0.0226783752441406
0.0191249847412109 -0.00580596923828125 0.0340023040771484 0.0175800323486328
0.00989341735839844 -0.0108757019042969 0.0274734497070312 0.0160808563232422
-3.2424926757812E-05 -0.00925731658935547 0.016505241394043 0.0133628845214844
-0.00353384017944336 -0.00244379043579102 0.0070648193359375 0.0197963714599609
0.000550270080566406 0.00233221054077148 0.00168418884277344 0.0297756195068359
0.00250124931335449 0.00158786773681641 -0.00334548950195313 0.03826904296875
0.00412821769714355 0.0011909008026123 -0.0140914916992187 0.048095703125
0.00256514549255371 0.00101709365844727 -0.0318222045898438 0.0441169738769531
0.00483608245849609 -0.00167322158813477 -0.0375595092773438 0.0323524475097656
0.00945568084716797 -0.00288295745849609 -0.0331611633300781 0.0140323638916016
0.0130014419555664 0.00550079345703125 -0.0181903839111328 0.00409126281738282
0.0119333267211914 0.0097055435180664 0.0121326446533203 0.0219230651855469
0.00734043121337891 0.0100765228271484 0.0192947387695313 0.0651168823242188
0.00811767578125 0.0165300369262695 -0.0215911865234375 -0.0560836791992188
0.00441408157348633 0.00467300415039063 -0.00401496887207031 -0.0198001861572266
0.00424814224243164 0.00504732131958008 0.0215091705322266 -0.000112533569335937
0.00862455368041992 0.00226593017578125 0.0384445190429688 -0.0115013122558594
0.00929546356201172 -0.00424098968505859 0.038360595703125 -0.0261993408203125
0.005767822265625 -0.0125293731689453 0.0282859802246094 -0.0436782836914063
0.000139236450195311 -0.0176296234130859 0.0120773315429687 -0.0469245910644531
0.000948905944824217 -0.0169181823730469 0.00199127197265625 -0.0352020263671875
0.00392532348632812 -0.0190601348876953 -0.00581550598144531 -0.0238151550292969
0.0118503570556641 -0.015223503112793 -0.0132656097412109 -0.0180015563964844
0.0168638229370117 -0.0045928955078125 -0.02301025390625 -0.010711669921875
0.0142784118652344 0.00651454925537109 -0.0269584655761719 -0.0122203826904297
0.000873565673828124 0.0133399963378906 -0.0354156494140625 -0.0192451477050781
-0.00167942047119141 0.0109443664550781 -0.044189453125 -0.0167770385742187
0.00114727020263672 0.0129623413085938 -0.0364112854003906 -0.0110282897949219
0.0206680297851562 0.0315399169921875 -0.0141220092773437 -0.0485954284667969
0.017491340637207 0.0169134140014648 0.00489902496337891 -0.0134954452514648
0.0176162719726563 0.0149784088134766 0.0275611877441406 0.00270843505859375
0.0230560302734375 0.00586318969726563 0.0426788330078125 -0.00875091552734375
0.0222282409667969 -0.005462646484375 0.0393486022949219 -0.0210838317871094
0.01739501953125 -0.0209064483642578 0.0288162231445312 -0.0364227294921875
0.00668907165527344 -0.0295562744140625 0.0135154724121094 -0.0381278991699219
0.00611305236816406 -0.0288543701171875 0.00212860107421875 -0.0253829956054688
0.00873756408691406 -0.0330219268798828 -0.00693321228027344 -0.0134572982788086
0.0184783935546875 -0.0291500091552734 -0.0168323516845703 -0.00914192199707031
0.0288715362548828 -0.0157508850097656 -0.0269279479980469 -0.00296592712402344
0.0300788879394531 -0.000532150268554688 -0.030029296875 -0.00760650634765625
0.0189590454101563 0.0174465179443359 -0.0348720550537109 -0.0127239227294922
0.0158576965332031 0.0209827423095703 -0.0394439697265625 -0.00870513916015626
0.0165443420410156 0.0244216918945313 -0.0321693420410156 -0.00132942199707032
0.0303459167480469 0.0424270629882813 -0.00474166870117187 -0.0369796752929688
0.0279273986816406 0.0288772583007813 0.0150060653686523 -0.00278186798095703
0.0307579040527344 0.0247421264648438 0.0336685180664063 0.00882720947265625
0.0365409851074219 0.0099029541015625 0.0467529296875 -0.00438308715820312
0.0341300964355469 -0.00663948059082031 0.0388526916503906 -0.0164604187011719
0.0275096893310547 -0.02618408203125 0.0262393951416016 -0.0282039642333984
0.0132904052734375 -0.0369911193847656 0.0126209259033203 -0.0257949829101563
0.0109596252441406 -0.0362510681152344 0.00260639190673828 -0.0122671127319336
0.0118675231933594 -0.0420265197753906 -0.00616979598999023 0.00106287002563476
0.0214729309082031 -0.039642333984375 -0.0193653106689453 0.0048370361328125
0.0356216430664063 -0.0251579284667969 -0.0305728912353516 0.00815010070800782
0.0406227111816406 -0.00933837890625 -0.0321178436279297 -0.000448226928710935
0.0345306396484375 0.0165843963623047 -0.0334529876708984 -0.00615119934082031
0.0317668914794922 0.0258331298828125 -0.0302143096923828 -0.000675201416015623
0.0292949676513672 0.0310478210449219 -0.0224456787109375 0.0106391906738281
0.0366439819335937 0.0471458435058594 0.005645751953125 -0.0216922760009766
0.036712646484375 0.0358734130859375 0.0253372192382813 0.00963401794433594
0.0426254272460938 0.0295219421386719 0.0388603210449219 0.0147590637207031
0.0474395751953125 0.00934982299804688 0.0470046997070313 -4.19616699218744E-05
0.0412826538085938 -0.009857177734375 0.0357093811035156 -0.0109710693359375
0.0321807861328125 -0.0297431945800781 0.0210113525390625 -0.0180263519287109
0.0166015625 -0.0394096374511719 0.0093679428100586 -0.0117559432983398
0.0134429931640625 -0.0383338928222656 0.0019991397857666 0.00318312644958496
0.0131378173828125 -0.0439872741699219 -0.00506210327148437 0.016265869140625
0.0207939147949219 -0.04193115234375 -0.0200519561767578 0.0196514129638672
0.0368614196777344 -0.0302200317382813 -0.0311279296875 0.0203018188476562
0.0443115234375 -0.015899658203125 -0.0327339172363281 0.00761795043945313
0.0439071655273438 0.0130996704101563 -0.0304584503173828 -0.000749588012695316
0.0423164367675781 0.026397705078125 -0.0182743072509766 0.00549507141113281
0.037689208984375 0.034271240234375 -0.0100898742675781 0.0233592987060547
0.0377159118652344 0.0451736450195313 0.0164976119995117 -0.00701045989990234
0.0407562255859375 0.0361785888671875 0.0344657897949219 0.0201320648193359
0.0485343933105469 0.0279426574707031 0.0412445068359375 0.0195808410644531
0.0508041381835938 0.00647735595703125 0.0443038940429687 0.00528717041015625
0.0417213439941406 -0.0118484497070313 0.0291996002197266 -0.00341606140136719
0.031158447265625 -0.0292949676513672 0.0146856307983398 -0.00574302673339844
0.0169754028320312 -0.0356788635253906 0.00575923919677734 0.00335931777954101
0.0140323638916016 -0.0338554382324219 0.00153541564941406 0.0173788070678711
0.0140533447265625 -0.0383415222167969 -0.00448226928710937 0.0311470031738281
0.0198211669921875 -0.0370521545410156 -0.0202674865722656 0.0329780578613281
0.0336322784423828 -0.0275592803955078 -0.0313892364501953 0.0299072265625
0.0418281555175781 -0.0168228149414063 -0.0320358276367188 0.0126228332519531
0.0446357727050781 0.0113410949707031 -0.0254611968994141 0.00240325927734375
0.0444564819335938 0.026031494140625 -0.00464820861816406 0.0105915069580078
0.0383796691894531 0.0336036682128906 0.0028533935546875 0.0364303588867188
0.0325469970703125 0.0355186462402344 0.0263710021972656 0.00505638122558594
0.0391998291015625 0.0282020568847656 0.0414810180664062 0.026458740234375
0.0458717346191406 0.0187606811523438 0.0412025451660156 0.0211601257324219
0.0439529418945312 -0.000308990478515625 0.038238525390625 0.00973892211914063
0.0324993133544922 -0.0138187408447266 0.0220050811767578 0.00361251831054687
0.0232677459716797 -0.0245532989501953 0.0094747543334961 0.00636863708496094
0.0136470794677734 -0.0267143249511719 0.00313854217529297 0.0166959762573242
0.012298583984375 -0.024871826171875 0.000572204589843749 0.0286159515380859
0.0131988525390625 -0.0275020599365234 -0.0050506591796875 0.0414466857910156
0.0165634155273438 -0.0259437561035156 -0.0214920043945312 0.0418663024902344
0.0269641876220703 -0.0190391540527344 -0.0313911437988281 0.0356292724609375
0.0344371795654297 -0.0124759674072266 -0.0310001373291016 0.0160770416259766
0.0380096435546875 0.0114402770996094 -0.0202732086181641 0.00415420532226563
0.038299560546875 0.023223876953125 0.00630569458007813 0.0142097473144531
0.032135009765625 0.0298423767089844 0.0133323669433594 0.0490188598632812
0.0240058898925781 0.0203666687011719 0.0336227416992188 0.0110893249511719
0.0309391021728516 0.0153388977050781 0.0453262329101563 0.0258636474609375
0.0343227386474609 0.00569725036621094 0.0381355285644531 0.0193061828613281
0.0281524658203125 -0.00673484802246094 0.0322208404541016 0.0137367248535156
0.0158538818359375 -0.0129575729370117 0.0179882049560547 0.00994491577148438
0.010009765625 -0.0143156051635742 0.00664520263671875 0.0149650573730469
0.00758838653564453 -0.0121307373046875 0.00196266174316407 0.0255584716796875
0.00842761993408203 -0.01171875 -0.000301361083984371 0.036163330078125
0.0101099014282227 -0.0130624771118164 -0.00776290893554688 0.047393798828125
0.0112218856811523 -0.0108308792114258 -0.0248908996582031 0.0459709167480469
0.0168828964233398 -0.00826072692871094 -0.0329360961914063 0.0368614196777344
0.0223941802978516 -0.00570297241210938 -0.0310173034667969 0.0172901153564453
0.0254478454589844 0.00990867614746094 -0.0173397064208984 0.00501155853271485
0.0252666473388672 0.0176639556884766 0.0125694274902344 0.0186328887939453
0.0203628540039063 0.0211467742919922 0.0200080871582031 0.058441162109375
0.0102109909057617 0.00382900238037109 0.0380935668945313 0.0105400085449219
0.0167293548583984 0.000981330871582031 0.0454750061035156 0.0216522216796875
0.0169715881347656 -0.00680065155029297 0.0353431701660156 0.0162849426269531
0.00728893280029297 -0.010340690612793 0.0287055969238281 0.0146293640136719
-0.00179719924926758 -0.00781345367431641 0.017552375793457 0.0118818283081055
-0.00330281257629394 -7.62939453125065E-06 0.00821876525878906 0.0187759399414063
0.00179028511047363 0.00430727005004883 0.00300025939941406 0.0285682678222656
0.00339198112487793 0.00303554534912109 -0.001953125 0.0377845764160156
0.00501823425292969 0.00320100784301758 -0.0110397338867187 0.0478744506835938
0.00332188606262207 0.00220870971679688 -0.0288734436035156 0.0457420349121094
0.00461149215698242 0.000413894653320313 -0.0351123809814453 0.0346946716308594
0.00783109664916992 -0.00192117691040039 -0.0322437286376953 0.0159683227539063
0.0109453201293945 0.00505256652832031 -0.0184440612792969 0.00530433654785156
0.00981521606445313 0.00817680358886719 0.0116367340087891 0.0216007232666016
0.00608921051025391 0.00834560394287109 0.0213127136230469 0.0640411376953125
0.0102853775024414 0.0172891616821289 -0.0203742980957031 -0.0550575256347656
0.00628232955932617 0.00451183319091797 -0.00276947021484375 -0.0197296142578125
0.00539493560791016 0.00383853912353516 0.0213050842285156 -0.00123405456542969
0.00930881500244141 2.57492065429688E-05 0.0378952026367188 -0.0117149353027344
0.00908088684082031 -0.00577640533447266 0.0370597839355469 -0.0253753662109375
0.00440025329589844 -0.0140085220336914 0.0271835327148438 -0.0419845581054687
-0.00201988220214844 -0.0186634063720703 0.0118141174316406 -0.0452079772949219
-0.000917434692382814 -0.017913818359375 0.00194358825683594 -0.0333499908447266
0.00207901000976562 -0.0206317901611328 -0.00536727905273438 -0.0222759246826172
0.0106525421142578 -0.0170907974243164 -0.0125484466552734 -0.0158796310424805
0.0173807144165039 -0.00691413879394531 -0.0224189758300781 -0.00915908813476563
0.0156078338623047 0.00525283813476562 -0.0273723602294922 -0.0114345550537109
0.00339412689208984 0.0136537551879883 -0.0353050231933594 -0.0181427001953125
0.000420570373535156 0.0126781463623047 -0.0429954528808594 -0.0169830322265625
0.00278663635253906 0.0147857666015625 -0.0344905853271484 -0.0106487274169922
0.0223369598388672 0.0312156677246094 -0.0127487182617188 -0.0473098754882813
0.0180912017822266 0.0165729522705078 0.00633049011230469 -0.013514518737793
0.0184555053710937 0.0137252807617188 0.0275669097900391 0.00203132629394531
0.0230751037597656 0.00410652160644531 0.041748046875 -0.0086669921875
0.0214080810546875 -0.00668907165527344 0.0385513305664063 -0.0203018188476563
0.0160083770751953 -0.0221748352050781 0.0283851623535156 -0.0349521636962891
0.00516700744628906 -0.0294857025146484 0.0136032104492187 -0.0365524291992188
0.00452041625976562 -0.0290412902832031 0.00338554382324219 -0.0245265960693359
0.0067291259765625 -0.0337066650390625 -0.00526905059814453 -0.0121040344238281
0.0173358917236328 -0.0308647155761719 -0.0154628753662109 -0.00697612762451172
0.0291328430175781 -0.0167827606201172 -0.0261211395263672 -0.000968933105468752
0.031036376953125 -0.00157546997070313 -0.0299167633056641 -0.00602149963378907
0.0206985473632813 0.0178623199462891 -0.0342521667480469 -0.011749267578125
0.0176906585693359 0.0226955413818359 -0.0376663208007813 -0.00805282592773438
0.0173606872558594 0.0256938934326172 -0.030029296875 -0.000892639160156242
0.0304832458496094 0.0420722961425781 -0.00265884399414063 -0.0357894897460938
0.0282135009765625 0.0284004211425781 0.0164813995361328 -0.00291919708251953
0.0305595397949219 0.0233383178710937 0.0343227386474609 0.00830841064453125
0.0360450744628906 0.00872421264648438 0.0458946228027344 -0.00453567504882812
0.0328769683837891 -0.00704002380371094 0.038818359375 -0.0157203674316406
0.0257568359375 -0.0266036987304688 0.0269374847412109 -0.0268268585205078
0.0122108459472656 -0.0368118286132813 0.0134334564208984 -0.0247478485107422
0.00935745239257812 -0.0355758666992187 0.00413036346435547 -0.0108499526977539
0.0101432800292969 -0.0417900085449219 -0.00400185585021973 0.00241732597351074
0.0206298828125 -0.03997802734375 -0.0172414779663086 0.00699234008789062
0.0354461669921875 -0.0262184143066406 -0.0291481018066406 0.0106010437011719
0.0406723022460937 -0.00960922241210937 -0.0318260192871094 0.001312255859375
0.0350170135498047 0.0175666809082031 -0.0328330993652344 -0.00445938110351563
0.0316886901855469 0.0267162322998047 -0.0285968780517578 7.05718994140637E-05
0.0295276641845703 0.0321693420410156 -0.0204620361328125 0.0114479064941406
0.0358543395996094 0.0464706420898438 0.007232666015625 -0.0199031829833984
0.0356597900390625 0.0352897644042969 0.0267620086669922 0.00913238525390625
0.0421905517578125 0.0279960632324219 0.0396537780761719 0.0137138366699219
0.0460662841796875 0.0092315673828125 0.0470123291015625 -0.000289916992187499
0.039703369140625 -0.00979232788085938 0.0352706909179688 -0.0105209350585938
0.0309467315673828 -0.0292987823486328 0.0216865539550781 -0.0163707733154297
0.0154762268066406 -0.03863525390625 0.0107593536376953 -0.0109806060791016
0.0121383666992187 -0.0375022888183594 0.00418472290039063 0.00350332260131836
0.01220703125 -0.04327392578125 -0.00216102600097656 0.0176982879638672
0.0202217102050781 -0.0416107177734375 -0.0176715850830078 0.0213165283203125
0.0356903076171875 -0.0298957824707031 -0.0288181304931641 0.02227783203125
0.0431556701660156 -0.0160331726074219 -0.0317478179931641 0.00865554809570312
0.0434226989746094 0.0135231018066406 -0.0295276641845703 0.000728607177734372
0.0419998168945313 0.0270576477050781 -0.0164012908935547 0.0062398910522461
0.0364265441894531 0.0345726013183594 -0.00841331481933593 0.0242061614990234
0.0358009338378906 0.0438957214355469 0.0168857574462891 -0.00535297393798828
0.0387344360351562 0.035614013671875 0.0350780487060547 0.0202770233154297
0.0473594665527344 0.0267601013183594 0.0414543151855469 0.0193672180175781
0.049072265625 0.00634765625 0.0444450378417969 0.00531387329101562
0.0397605895996094 -0.0109634399414063 0.0297832489013672 -0.00319671630859375
0.0304698944091797 -0.0282230377197266 0.0161523818969727 -0.00450611114501953
0.0166759490966797 -0.0344181060791016 0.00724267959594727 0.00391912460327148
0.0137138366699219 -0.0324802398681641 0.00320243835449219 0.0174884796142578
0.0134162902832031 -0.0372772216796875 -0.00161933898925781 0.0315761566162109
0.0190353393554688 -0.0352859497070313 -0.0182762145996094 0.0345535278320312
0.0329799652099609 -0.0261878967285156 -0.0285663604736328 0.0316295623779297
0.0401153564453125 -0.01605224609375 -0.0306472778320312 0.0143146514892578
0.0432205200195312 0.0120201110839844 -0.0243015289306641 0.00385093688964844
0.0428848266601563 0.0260391235351563 -0.00389575958251953 0.0108299255371094
0.0365447998046875 0.0339164733886719 0.00437545776367188 0.037841796875
0.0309886932373047 0.0336093902587891 0.0259456634521484 0.00657272338867188
0.0365638732910156 0.0276870727539062 0.0415496826171875 0.0267295837402344
0.0436935424804688 0.0181808471679688 0.0412406921386719 0.0209808349609375
0.04180908203125 0.00051116943359375 0.0385704040527344 0.0096588134765625
0.0304546356201172 -0.0120639801025391 0.0233879089355469 0.00335502624511719
0.0227928161621094 -0.0225715637207031 0.0104160308837891 0.00656986236572266
0.0136947631835938 -0.024627685546875 0.00425434112548828 0.0169868469238281
0.0122909545898438 -0.0229473114013672 0.00200462341308594 0.0287952423095703
0.0134353637695313 -0.0258903503417969 -0.002716064453125 0.0417556762695313
0.0168857574462891 -0.0235958099365234 -0.01934814453125 0.0427818298339844
0.0264873504638672 -0.0174446105957031 -0.0292129516601563 0.0360870361328125
0.03253173828125 -0.0112266540527344 -0.0296993255615234 0.0173358917236328
0.0358352661132813 0.0113983154296875 -0.0196743011474609 0.00540733337402344
0.0357170104980469 0.0229988098144531 0.00693798065185547 0.0146923065185547
0.0292644500732422 0.0285396575927734 0.0147895812988281 0.0489845275878906
0.02203369140625 0.0182991027832031 0.0326156616210938 0.0122776031494141
0.027740478515625 0.0145339965820313 0.0444679260253906 0.0264549255371094
0.0319690704345703 0.00546455383300781 0.038421630859375 0.0199089050292969
0.0258312225341797 -0.00606155395507813 0.0324954986572266 0.0130653381347656
0.0154476165771484 -0.0106639862060547 0.0187301635742188 0.00866317749023438
0.0103673934936523 -0.012324333190918 0.00809764862060547 0.0140361785888672
0.00886821746826172 -0.0105504989624023 0.0030517578125 0.0251293182373047
0.00936317443847656 -0.0102777481079102 0.000503540039062503 0.0356941223144531
0.0117778778076172 -0.0110225677490234 -0.00565338134765625 0.0466690063476562
0.0116405487060547 -0.00933933258056641 -0.0230522155761719 0.0467185974121094
0.0166149139404297 -0.00630950927734375 -0.0305747985839844 0.0370941162109375
0.0207061767578125 -0.00401496887207031 -0.0295619964599609 0.0177936553955078
0.0227794647216797 0.0100154876708984 -0.0169353485107422 0.00563240051269531
0.0227584838867188 0.0175437927246094 0.0122222900390625 0.0189723968505859
0.0178947448730469 0.0200557708740234 0.0202407836914063 0.0588340759277344
0.00782918930053711 0.0016932487487793 0.0361595153808594 0.0117759704589844
0.0139942169189453 0.000274658203125 0.0446548461914063 0.0218124389648437
0.0142602920532227 -0.00737190246582031 0.0355072021484375 0.0162544250488281
0.00545787811279297 -0.00937557220458984 0.0292434692382813 0.0144004821777344
-0.00301933288574219 -0.00528812408447266 0.0178050994873047 0.0107059478759766
-0.0026402473449707 0.00217509269714355 0.00845146179199219 0.0169010162353516
0.003448486328125 0.00545740127563477 0.00239753723144531 0.0276966094970703
0.0043940544128418 0.00475358963012695 -0.00123214721679688 0.0366859436035156
0.00678491592407227 0.00492429733276367 -0.0101585388183594 0.0468864440917969
0.00444126129150391 0.00412368774414063 -0.0267906188964844 0.0456047058105469
0.00395584106445313 0.0027163028717041 -0.0333385467529297 0.0346221923828125
0.00664663314819336 4.33921813964844E-05 -0.0307693481445313 0.0165271759033203
0.00876331329345703 0.00544357299804687 -0.0180568695068359 0.00580406188964843
0.00710344314575195 0.00774621963500977 0.0113468170166016 0.0214672088623047
0.00298786163330078 0.00676631927490234 0.0204887390136719 0.0638542175292969
0.0130596160888672 0.0182743072509766 -0.0180816650390625 -0.0560989379882812
0.0080881118774414 0.0040435791015625 -0.00120925903320313 -0.0206546783447266
0.00701904296875 0.0023193359375 0.0220947265625 -0.00185966491699219
0.00988578796386719 -0.00202083587646484 0.0377044677734375 -0.0111427307128906
0.00881004333496094 -0.00774860382080078 0.0372581481933594 -0.0240020751953125
0.00314903259277344 -0.0163078308105469 0.0278854370117188 -0.0404014587402344
-0.00362205505371094 -0.0200614929199219 0.0132980346679688 -0.044158935546875
-0.00222587585449219 -0.0189914703369141 0.00353431701660156 -0.0325870513916016
-3.81469726562508E-05 -0.02191162109375 -0.00414466857910156 -0.0215816497802734
0.0101737976074219 -0.0190773010253906 -0.0120744705200195 -0.0150279998779297
0.0177440643310547 -0.00832939147949219 -0.0223789215087891 -0.00808525085449218
0.0169439315795898 0.00393772125244141 -0.0272579193115234 -0.0113868713378906
0.00549793243408203 0.0146121978759766 -0.0354194641113281 -0.0189552307128906
0.00296497344970703 0.0144596099853516 -0.0424728393554688 -0.0181350708007813
0.0043478012084961 0.0167379379272461 -0.0330371856689453 -0.0121212005615234
0.0236911773681641 0.0324268341064453 -0.00936126708984375 -0.0475921630859375
0.0193538665771484 0.0167484283447266 0.00810337066650391 -0.0142097473144531
0.0192089080810547 0.0128707885742187 0.028228759765625 0.00192070007324219
0.0233726501464844 0.00302886962890625 0.0420646667480469 -0.0081939697265625
0.0211620330810547 -0.00775337219238281 0.0395278930664063 -0.0187339782714844
0.0145282745361328 -0.0229225158691406 0.0299568176269531 -0.0336818695068359
0.00434112548828125 -0.0305995941162109 0.0153388977050781 -0.0351009368896484
0.003631591796875 -0.0296077728271484 0.00535392761230469 -0.0231132507324219
0.00590133666992188 -0.0347557067871094 -0.00374698638916015 -0.0110054016113281
0.0173473358154297 -0.0317573547363281 -0.0145702362060547 -0.00563621520996094
0.0295982360839844 -0.0184249877929688 -0.0252285003662109 0.000354766845703122
0.0326461791992188 -0.00165557861328125 -0.0290584564208984 -0.00560760498046875
0.0226192474365234 0.0193157196044922 -0.034423828125 -0.011627197265625
0.0190277099609375 0.0243873596191406 -0.036865234375 -0.00925064086914062
0.0181217193603516 0.0280647277832031 -0.0278377532958984 -0.0016021728515625
0.03033447265625 0.0431060791015625 3.0517578125002E-05 -0.0346012115478516
0.0277290344238281 0.0290164947509766 0.0183792114257813 -0.00250244140625
0.0310497283935547 0.0235462188720703 0.0351791381835937 0.00811386108398438
0.0355491638183594 0.00838470458984375 0.0461463928222656 -0.00377655029296875
0.0325031280517578 -0.00741195678710938 0.03955078125 -0.0139389038085938
0.0252666473388672 -0.0271110534667969 0.0284748077392578 -0.0249786376953125
0.0117568969726563 -0.0363960266113281 0.0152797698974609 -0.0235233306884766
0.009521484375 -0.0359115600585938 0.0061798095703125 -0.0100927352905273
0.0099945068359375 -0.0424156188964844 -0.00137639045715332 0.00319766998291015
0.0207862854003906 -0.0403175354003906 -0.0160961151123047 0.00851821899414062
0.0366439819335938 -0.0262603759765625 -0.0277786254882812 0.011749267578125
0.0422401428222656 -0.0093536376953125 -0.0311660766601562 0.00240516662597656
0.0361289978027344 0.0192680358886719 -0.0323162078857422 -0.00467300415039062
0.0325546264648438 0.0291976928710938 -0.0272750854492188 -0.000236511230468753
0.0288543701171875 0.0347328186035156 -0.0182285308837891 0.0113945007324219
0.0343132019042969 0.0475540161132813 0.00940322875976563 -0.019134521484375
0.0345268249511719 0.0360069274902344 0.0280418395996094 0.0101909637451172
0.0415916442871094 0.0286293029785156 0.0405044555664062 0.0148429870605469
0.0459213256835937 0.0097503662109375 0.0478744506835938 0.00116348266601563
0.0393600463867188 -0.00858306884765625 0.0367202758789063 -0.0089111328125
0.0311336517333984 -0.02874755859375 0.0240097045898438 -0.0155048370361328
0.0159873962402344 -0.0380516052246094 0.0130214691162109 -0.00918960571289063
0.013214111328125 -0.0367202758789063 0.00657463073730469 0.00467872619628906
0.0123672485351563 -0.0423660278320313 9.72747802734403E-05 0.0184040069580078
0.0206108093261719 -0.0415077209472656 -0.0159263610839844 0.0227394104003906
0.0368576049804688 -0.0290603637695312 -0.0277557373046875 0.0233898162841797
0.0445022583007813 -0.0149955749511719 -0.0312461853027344 0.0102119445800781
0.0438690185546875 0.0159263610839844 -0.0288867950439453 0.000946044921875003
0.0414466857910156 0.0291519165039063 -0.0153264999389648 0.00624942779541016
0.0348663330078125 0.0365676879882813 -0.00644493103027344 0.0249366760253906
0.0329322814941406 0.0447616577148438 0.0187950134277344 -0.004150390625
0.0357742309570313 0.0363578796386719 0.0363235473632813 0.0214729309082031
0.0454521179199219 0.0279045104980469 0.042449951171875 0.0200080871582031
0.0482902526855469 0.00757980346679687 0.0454635620117188 0.00637435913085938
0.0391578674316406 -0.00908279418945313 0.0308113098144531 -0.00261878967285156
0.0307579040527344 -0.0268592834472656 0.0175447463989258 -0.00396537780761719
0.0180130004882813 -0.0330410003662109 0.00887775421142578 0.00461673736572265
0.0153274536132812 -0.0313014984130859 0.00485420227050781 0.0178756713867188
0.0146293640136719 -0.036376953125 0.000238418579101564 0.0319118499755859
0.0203819274902344 -0.0341587066650391 -0.0165634155273437 0.0352249145507812
0.0329818725585938 -0.0248374938964844 -0.0276908874511719 0.0324211120605469
0.0405807495117188 -0.0139198303222656 -0.0299358367919922 0.0153656005859375
0.0426063537597656 0.0139694213867187 -0.0236663818359375 0.00428199768066406
0.0410270690917969 0.0274276733398438 -0.0023651123046875 0.0116806030273438
0.0339813232421875 0.0349903106689453 0.00536727905273438 0.03839111328125
0.0278987884521484 0.0344963073730469 0.0264072418212891 0.0084381103515625
0.0331878662109375 0.0288562774658203 0.0417022705078125 0.0282096862792969
0.0413627624511719 0.0197563171386719 0.0415725708007812 0.0219764709472656
0.04083251953125 0.00262832641601563 0.0394706726074219 0.0105934143066406
0.0307426452636719 -0.00946807861328125 0.0237197875976563 0.00421524047851562
0.0240154266357422 -0.0207862854003906 0.010737419128418 0.00657749176025391
0.0155735015869141 -0.0235080718994141 0.005096435546875 0.017176628112793
0.0143356323242188 -0.0213222503662109 0.00270652770996094 0.0288791656494141
0.0153369903564453 -0.0243320465087891 -0.00173187255859375 0.0414505004882813
0.0179691314697266 -0.021392822265625 -0.0179901123046875 0.0435256958007813
0.0260848999023438 -0.0145111083984375 -0.0280876159667969 0.0370826721191406
0.0322303771972656 -0.00884056091308594 -0.0286026000976562 0.0179538726806641
0.0340633392333984 0.0133304595947266 -0.0189933776855469 0.00613212585449219
0.0328254699707031 0.0235595703125 0.00734138488769531 0.0157060623168945
0.0268497467041016 0.029205322265625 0.0144119262695313 0.0506629943847656
0.0187969207763672 0.0183525085449219 0.0317554473876953 0.0148200988769531
0.0249614715576172 0.0149307250976563 0.0443038940429688 0.0286102294921875
0.0292034149169922 0.0060882568359375 0.0386734008789063 0.0207862854003906
0.0248317718505859 -0.00411605834960937 0.0337085723876953 0.0138969421386719
0.01470947265625 -0.00831031799316406 0.018890380859375 0.00851249694824219
0.0115814208984375 -0.00971412658691406 0.00821495056152344 0.0139598846435547
0.0107669830322266 -0.00878620147705078 0.00270271301269531 0.0251369476318359
0.0110073089599609 -0.0084381103515625 0.000238418579101562 0.035064697265625
0.0130987167358398 -0.00924491882324219 -0.00539779663085937 0.0461273193359375
0.0134172439575195 -0.00673866271972656 -0.0214920043945312 0.0469474792480469
0.0166664123535156 -0.00314521789550781 -0.0297203063964844 0.0373001098632813
0.0193500518798828 -0.00188064575195313 -0.0290393829345703 0.018585205078125
0.0206890106201172 0.0116596221923828 -0.0166349411010742 0.00669193267822266
0.0192756652832031 0.01824951171875 0.0111656188964844 0.0198707580566406
0.0145282745361328 0.0196571350097656 0.0196571350097656 0.0597648620605469
0.00591325759887695 0.000762939453125 0.0341567993164063 0.01385498046875
0.0114536285400391 0.000102043151855469 0.04345703125 0.0238265991210938
0.0112018585205078 -0.00675201416015625 0.0353660583496094 0.0173912048339844
0.00340795516967773 -0.00794124603271484 0.0296401977539063 0.0146675109863281
-0.00329208374023438 -0.00297451019287109 0.0176773071289063 0.01025390625
-0.00147724151611328 0.00450658798217773 0.00769138336181641 0.0163297653198242
0.0049748420715332 0.00680828094482422 0.00150299072265625 0.0268955230712891
0.00646352767944336 0.006439208984375 -0.00201797485351562 0.0356330871582031
0.00856542587280273 0.00637531280517578 -0.0107460021972656 0.0461044311523438
0.00577163696289062 0.0069580078125 -0.026519775390625 0.0451431274414063
0.00435876846313477 0.00520038604736328 -0.0328636169433594 0.0342941284179688
0.00554895401000977 0.00286769866943359 -0.0307807922363281 0.0161552429199219
0.00637578964233398 0.00677919387817383 -0.0182819366455078 0.00630760192871094
0.00402355194091797 0.00800561904907227 0.00971412658691406 0.0218372344970703
0.000666141510009765 0.00588130950927734 0.0188407897949219 0.0650062561035156
0.0155620574951172 0.0197525024414063 -0.0152015686035156 -0.0588607788085938
0.0110969543457031 0.00402355194091797 -6.67572021484378E-05 -0.0227470397949219
0.00891971588134766 0.000956535339355469 0.0227870941162109 -0.00165939331054688
0.0106258392333984 -0.00396442413330078 0.0385894775390625 -0.0109481811523438
0.00819587707519531 -0.00958442687988281 0.03900146484375 -0.023101806640625
0.00139427185058594 -0.0186328887939453 0.0303077697753906 -0.0399627685546875
-0.00554084777832031 -0.0215435028076172 0.0152740478515625 -0.0444259643554688
-0.00432777404785156 -0.0203990936279297 0.00583839416503907 -0.0330619812011719
-0.00168609619140625 -0.0239448547363281 -0.0015869140625 -0.0216083526611328
0.009185791015625 -0.0214691162109375 -0.011378288269043 -0.014430046081543
0.0191841125488281 -0.010467529296875 -0.0217857360839844 -0.00780296325683594
0.0189685821533203 0.00305366516113281 -0.0277748107910156 -0.0119247436523437
0.00881290435791016 0.015385627746582 -0.0361404418945313 -0.020477294921875
0.0053863525390625 0.0161762237548828 -0.0430831909179688 -0.0213699340820313
0.00706863403320313 0.0190010070800781 -0.0319614410400391 -0.0145740509033203
0.0252399444580078 0.0345020294189453 -0.00580596923828125 -0.0499382019042969
0.0206928253173828 0.0171680450439453 0.0109806060791016 -0.0149269104003906
0.0206317901611328 0.0125160217285156 0.0298061370849609 0.00200080871582031
0.0233268737792969 0.00177574157714844 0.0436935424804688 -0.0073089599609375
0.0213756561279297 -0.00858688354492188 0.0409278869628906 -0.017852783203125
0.0138759613037109 -0.024322509765625 0.0325565338134766 -0.0324020385742188
0.00311279296875 -0.0316562652587891 0.0185337066650391 -0.0349540710449219
0.00319480895996094 -0.0304336547851563 0.00872230529785156 -0.0229835510253906
0.0048065185546875 -0.0367965698242188 -0.00063323974609375 -0.0109386444091797
0.0173358917236328 -0.0342559814453125 -0.0134067535400391 -0.00456333160400391
0.0317573547363281 -0.0203151702880859 -0.0250892639160156 0.00094795227050781
0.0351753234863281 -0.00218963623046875 -0.02947998046875 -0.00549697875976563
0.0253486633300781 0.0214118957519531 -0.0347995758056641 -0.0124607086181641
0.0212821960449219 0.0276546478271484 -0.0366973876953125 -0.0116081237792969
0.0197467803955078 0.0317497253417969 -0.0266933441162109 -0.0030517578125
0.0310096740722656 0.0462722778320313 0.0035552978515625 -0.0363044738769531
0.0281429290771484 0.0303249359130859 0.0210285186767578 -0.00282096862792969
0.0313510894775391 0.0241851806640625 0.0370254516601563 0.00881195068359375
0.0367927551269531 0.00872802734375 0.0488624572753906 -0.00201034545898437
0.0327873229980469 -0.00693511962890625 0.0421295166015625 -0.0126991271972656
0.0255088806152344 -0.0274295806884766 0.0312614440917969 -0.0239658355712891
0.0117683410644531 -0.0372200012207031 0.0186252593994141 -0.0231399536132813
0.00996017456054687 -0.0363731384277344 0.00932693481445313 -0.00992679595947266
0.01043701171875 -0.0431861877441406 0.000616788864135743 0.00408554077148437
0.0218582153320313 -0.0421485900878906 -0.014430046081543 0.00995254516601563
0.0384025573730469 -0.0278892517089844 -0.0269908905029297 0.0131473541259766
0.0450782775878906 -0.00897979736328125 -0.0308666229248047 0.00333786010742187
0.0390510559082031 0.0214042663574219 -0.0324497222900391 -0.00474739074707031
0.0343837738037109 0.0330295562744141 -0.0270023345947266 -0.00161361694335938
0.0299110412597656 0.0385246276855469 -0.0165119171142578 0.0111103057861328
0.0335540771484375 0.0512733459472656 0.0132484436035156 -0.0188064575195312
0.0338478088378906 0.0391426086425781 0.0307846069335938 0.0104503631591797
0.0413093566894531 0.0312614440917969 0.0422096252441406 0.015655517578125
0.0465087890625 0.0109062194824219 0.0502204895019531 0.0023193359375
0.0405006408691406 -0.0076446533203125 0.0391387939453125 -0.00789260864257813
0.0324726104736328 -0.0294532775878906 0.0265235900878906 -0.0150070190429688
0.0181922912597656 -0.0380134582519531 0.0159378051757813 -0.00920677185058594
0.0146064758300781 -0.03680419921875 0.00864028930664063 0.00436353683471679
0.0139961242675781 -0.0437774658203125 0.00293922424316406 0.0198764801025391
0.0227928161621094 -0.0420341491699219 -0.0139656066894531 0.0252437591552734
0.0394020080566406 -0.0293006896972656 -0.0267696380615234 0.0254611968994141
0.0467453002929688 -0.014190673828125 -0.0305385589599609 0.0112171173095703
0.0453529357910156 0.0185928344726563 -0.0278339385986328 0.00164604187011719
0.0419387817382813 0.0332107543945313 -0.0142221450805664 0.00655269622802734
0.0342216491699219 0.04034423828125 -0.00470161437988281 0.0257205963134766
0.0312423706054688 0.047882080078125 0.0211410522460938 -0.00145721435546875
0.034149169921875 0.0395050048828125 0.0386505126953125 0.0234375
0.0452804565429688 0.0310211181640625 0.0442771911621094 0.0214691162109375
0.0486526489257813 0.010467529296875 0.0475578308105469 0.00794601440429688
0.0402412414550781 -0.0066375732421875 0.0329799652099609 -0.0010833740234375
0.0327892303466797 -0.0260334014892578 0.0200462341308594 -0.00357818603515625
0.0200386047363281 -0.0331325531005859 0.0111303329467773 0.00525665283203125
0.0173225402832031 -0.0307159423828125 0.00645828247070313 0.0184478759765625
0.0174636840820312 -0.0361251831054688 0.0019378662109375 0.0327529907226563
0.0223655700683594 -0.0337905883789063 -0.015045166015625 0.0368118286132813
0.035491943359375 -0.0230445861816406 -0.0268383026123047 0.0342540740966797
0.0427818298339844 -0.0114288330078125 -0.0296440124511719 0.0171012878417969
0.0430183410644531 0.0174026489257813 -0.0231285095214844 0.00558280944824218
0.0411415100097656 0.0312576293945313 -0.0015573501586914 0.0121822357177734
0.0321311950683594 0.0383834838867187 0.0065460205078125 0.0406684875488281
0.0248870849609375 0.0364303588867187 0.0279178619384766 0.0111675262451172
0.0310497283935547 0.0310230255126953 0.0434341430664063 0.0311393737792969
0.0404243469238281 0.0225410461425781 0.043365478515625 0.0243797302246094
0.0413818359375 0.0052032470703125 0.0419654846191406 0.0121002197265625
0.0317955017089844 -0.00741767883300781 0.0257034301757813 0.00478553771972656
0.0260810852050781 -0.0193386077880859 0.0131130218505859 0.00671005249023437
0.0186977386474609 -0.0228652954101563 0.00590705871582031 0.0184440612792969
0.0172901153564453 -0.0205211639404297 0.00346183776855469 0.029388427734375
0.0177421569824219 -0.0237388610839844 -0.000301361083984375 0.0427703857421875
0.0207233428955078 -0.0209503173828125 -0.0169410705566406 0.0448989868164063
0.0286178588867188 -0.0122261047363281 -0.0274772644042969 0.0383567810058594
0.0330028533935547 -0.00624656677246094 -0.0283660888671875 0.0193672180175781
0.0330467224121094 0.0162448883056641 -0.0184268951416016 0.0068206787109375
0.0306911468505859 0.0271778106689453 0.00822830200195313 0.017186164855957
0.0244636535644531 0.0314502716064453 0.0149269104003906 0.0542526245117187
0.0148639678955078 0.0197620391845703 0.0323944091796875 0.0184993743896484
0.0221023559570313 0.0166702270507813 0.0446014404296875 0.0324325561523438
0.0274848937988281 0.00806808471679688 0.0400009155273437 0.0228118896484375
0.0240383148193359 -0.00144577026367188 0.035430908203125 0.0152206420898437
0.0152130126953125 -0.00541973114013672 0.02020263671875 0.00904273986816406
0.013580322265625 -0.00774955749511719 0.00854969024658203 0.0141305923461914
0.0135526657104492 -0.00804615020751953 0.00251197814941406 0.0258884429931641
0.0138120651245117 -0.00697994232177734 -2.67028808593759E-05 0.0355072021484375
0.0162839889526367 -0.00797462463378906 -0.00594329833984375 0.0470619201660156
0.0160112380981445 -0.00497150421142578 -0.0219192504882813 0.0472450256347656
0.0176563262939453 -0.00119400024414063 -0.0302352905273437 0.0377197265625
0.0200862884521484 0.00132560729980469 -0.0291194915771484 0.0187740325927734
0.0184116363525391 0.0136966705322266 -0.0171308517456055 0.00715351104736328
0.0164718627929688 0.0196094512939453 0.0119800567626953 0.0212078094482422
0.01092529296875 0.0204601287841797 0.0186195373535156 0.0639762878417969
0.00366568565368652 0.000712871551513672 0.0341033935546875 0.0170688629150391
0.00882816314697266 0.000500679016113281 0.0441207885742188 0.0280685424804688
0.00867986679077148 -0.00560379028320313 0.0367698669433594 0.0192451477050781
0.00166463851928711 -0.00556612014770508 0.0303916931152344 0.0154075622558594
-0.00378966331481934 -0.000772237777709961 0.0178146362304688 0.00938796997070313
-9.44137573242187E-05 0.0064396858215332 0.00681972503662109 0.0161619186401367
0.00757026672363281 0.0086369514465332 0.000259399414062502 0.0272159576416016
0.00869178771972656 0.00703859329223633 -0.00357818603515625 0.0362586975097656
0.0108766555786133 0.00829887390136719 -0.0117683410644531 0.0464744567871094
0.00833988189697266 0.00942134857177734 -0.0278129577636719 0.0453262329101563
0.00521278381347656 0.00843048095703125 -0.0337390899658203 0.0340499877929688
0.00516271591186523 0.00521087646484375 -0.0312156677246094 0.0167007446289063
0.00426864624023438 0.00910377502441406 -0.01953125 0.00689315795898438
0.000233650207519531 0.00871992111206055 0.00911903381347656 0.0237579345703125
-0.00275230407714844 0.00599479675292969 0.0168533325195313 0.0687217712402344
0.0198078155517578 0.0206813812255859 -0.0132484436035156 -0.064727783203125
0.0137968063354492 0.00281715393066406 0.00161552429199219 -0.0256557464599609
0.0105047225952148 -0.00130462646484375 0.0240325927734375 -0.00322914123535156
0.010589599609375 -0.00679779052734375 0.0404548645019531 -0.01123046875
0.0077829360961914 -0.0122213363647461 0.0413055419921875 -0.0231285095214844
-0.000898361206054688 -0.0206203460693359 0.0326156616210938 -0.0415802001953125
-0.00890541076660156 -0.0233898162841797 0.01800537109375 -0.0453567504882813
-0.00701141357421875 -0.02197265625 0.00839042663574219 -0.0346183776855469
-0.00507164001464844 -0.0265045166015625 0.00027656555175781 -0.022613525390625
0.0081329345703125 -0.0248985290527344 -0.00960731506347657 -0.0142040252685547
0.0199069976806641 -0.0139999389648438 -0.0219211578369141 -0.00731849670410157
0.0216999053955078 0.000701904296875 -0.0285091400146484 -0.0125541687011719
0.0127973556518555 0.0151681900024414 -0.0384559631347656 -0.0224533081054687
0.00910758972167969 0.0178661346435547 -0.0450630187988281 -0.024169921875
0.0104331970214844 0.0218715667724609 -0.0318431854248047 -0.0184803009033203
0.0281181335449219 0.03741455078125 -0.00324630737304687 -0.0545272827148438
0.0233020782470703 0.0175609588623047 0.0126152038574219 -0.0173463821411133
0.0227718353271484 0.0116252899169922 0.0322742462158203 0.000982284545898438
0.0246143341064453 -8.7738037109375E-05 0.0465469360351563 -0.00712203979492187
0.0210533142089844 -0.0103034973144531 0.0445518493652344 -0.0174903869628906
0.0127849578857422 -0.0270118713378906 0.0359764099121094 -0.0336189270019531
0.00111961364746094 -0.0336036682128906 0.0221405029296875 -0.0367660522460937
0.00118827819824219 -0.0327281951904297 0.0114917755126953 -0.0239830017089844
0.00350570678710937 -0.0390701293945313 0.00237178802490234 -0.0114994049072266
0.0172843933105469 -0.0379714965820313 -0.0112876892089844 -0.00346469879150391
0.0340442657470703 -0.0233421325683594 -0.0245227813720703 0.00248527526855469
0.0388526916503906 -0.00397491455078125 -0.0300636291503906 -0.00490188598632812
0.0298061370849609 0.0226974487304688 -0.0358238220214844 -0.0135269165039062
0.025543212890625 0.0307254791259766 -0.0378684997558594 -0.0131111145019531
0.0231056213378906 0.0356788635253906 -0.0249824523925781 -0.00520706176757812
0.0324935913085938 0.0498695373535156 0.00722503662109375 -0.0383987426757813
0.0300998687744141 0.0322628021240234 0.0242595672607422 -0.00459861755371094
0.0330944061279297 0.0253200531005859 0.0398483276367188 0.0088653564453125
0.0381355285644531 0.00807952880859375 0.0526161193847656 -0.001953125
0.0338916778564453 -0.00724983215332031 0.0454635620117188 -0.0128440856933594
0.0260066986083984 -0.0295066833496094 0.0357856750488281 -0.0248260498046875
0.0117454528808594 -0.0392303466796875 0.0225105285644531 -0.0236110687255859
0.00976181030273438 -0.03863525390625 0.0126094818115234 -0.0107021331787109
0.0100364685058594 -0.0461845397949219 0.00486660003662109 0.00397253036499023
0.0226936340332031 -0.0455055236816406 -0.0118274688720703 0.0109443664550781
0.0414695739746094 -0.0299186706542969 -0.0263404846191406 0.0148563385009766
0.0492134094238281 -0.0105247497558594 -0.0310897827148437 0.00422477722167968
0.043304443359375 0.0239143371582031 -0.0332450866699219 -0.0045948028564453
0.0385284423828125 0.0369529724121094 -0.0263118743896484 -0.00235748291015625
0.0319976806640625 0.04364013671875 -0.0145034790039063 0.0107145309448242
0.0342788696289063 0.0555686950683594 0.0165596008300781 -0.0191802978515625
0.0342178344726563 0.0418663024902344 0.0350437164306641 0.0115089416503906
0.0427093505859375 0.0340080261230469 0.0462303161621094 0.0164260864257813
0.0490989685058594 0.0135231018066406 0.0547943115234375 0.00281906127929688
0.0427360534667969 -0.00629806518554687 0.043365478515625 -0.00743865966796875
0.0342597961425781 -0.0301475524902344 0.0312175750732422 -0.0152091979980469
0.0188522338867188 -0.0398368835449219 0.01922607421875 -0.00937080383300781
0.0161514282226563 -0.0386123657226563 0.0125770568847656 0.00484085083007812
0.0150184631347656 -0.0460319519042969 0.00596809387207031 0.0203990936279297
0.0250434875488281 -0.0442886352539063 -0.0115737915039063 0.0267353057861328
0.0428314208984375 -0.0305747985839844 -0.0255546569824219 0.0278129577636719
0.0511398315429688 -0.0139389038085938 -0.0298995971679687 0.0128898620605469
0.0497245788574219 0.0217018127441406 -0.0287227630615234 0.00235557556152343
0.0449142456054688 0.0371665954589844 -0.0130615234375 0.00655841827392578
0.0354080200195312 0.0452194213867188 -0.00244331359863281 0.028076171875
0.0302009582519531 0.0525894165039062 0.0250911712646484 -0.000801086425781247
0.0336875915527344 0.0439987182617188 0.041778564453125 0.0254096984863281
0.0461692810058594 0.0349197387695313 0.0484848022460938 0.0235481262207031
0.051422119140625 0.0134963989257813 0.0515823364257813 0.00902175903320313
0.042938232421875 -0.00513076782226563 0.0366172790527344 -0.00135040283203125
0.036163330078125 -0.0259933471679687 0.0240516662597656 -0.00346183776855469
0.0233211517333984 -0.0340900421142578 0.0141191482543945 0.00607204437255859
0.0201034545898438 -0.0320949554443359 0.0100612640380859 0.0190372467041016
0.0205192565917969 -0.0383491516113281 0.00583076477050781 0.0347309112548828
0.0254402160644531 -0.0352249145507812 -0.0128326416015625 0.0392074584960938
0.0393447875976563 -0.0225448608398437 -0.0262336730957031 0.0366020202636719
0.0462303161621094 -0.0105934143066406 -0.0291061401367188 0.0181636810302734
0.0458602905273437 0.0211067199707031 -0.0226650238037109 0.00612258911132812
0.041290283203125 0.0356788635253906 0.000432014465332032 0.0130195617675781
0.0315017700195313 0.0422821044921875 0.00923919677734375 0.0449562072753906
0.0230369567871094 0.0391807556152344 0.0307102203369141 0.0148029327392578
0.0296592712402344 0.0357818603515625 0.0471916198730469 0.0346908569335938
0.0407981872558594 0.025787353515625 0.0471649169921875 0.026702880859375
0.0430145263671875 0.00838088989257812 0.0454673767089844 0.0126457214355469
0.0344505310058594 -0.00482559204101562 0.0276050567626953 0.00499725341796875
0.029510498046875 -0.0185699462890625 0.0149679183959961 0.00741195678710937
0.0226707458496094 -0.0228805541992188 0.00765609741210938 0.0189361572265625
0.0208702087402344 -0.0208473205566406 0.00534820556640625 0.0300025939941406
0.0220432281494141 -0.0241527557373047 0.00167083740234375 0.0443458557128906
0.0236015319824219 -0.0202484130859375 -0.0151100158691406 0.0473556518554688
0.0316963195800781 -0.0102882385253906 -0.0268363952636719 0.040802001953125
0.0350151062011719 -0.00293922424316406 -0.0287399291992187 0.0217933654785156
0.0334529876708984 0.0199356079101563 -0.0182304382324219 0.00782012939453126
0.0302619934082031 0.0308990478515625 0.00963592529296875 0.0183448791503906
0.0217838287353516 0.0347175598144531 0.0167121887207031 0.058258056640625
0.0129108428955078 0.0209465026855469 0.0344104766845703 0.0225734710693359
0.0198898315429687 0.0191497802734375 0.0480995178222656 0.0362434387207031
0.0262928009033203 0.0112190246582031 0.0436744689941406 0.0249481201171875
0.0241661071777344 0.00203704833984375 0.0380287170410156 0.0149497985839844
0.0170221328735352 -0.00248241424560547 0.0214729309082031 0.00904083251953125
0.0174894332885742 -0.00622081756591797 0.00893497467041016 0.0141315460205078
0.0178050994873047 -0.00799560546875 0.00231742858886719 0.02716064453125
0.0181980133056641 -0.00662994384765625 0.000228881835937498 0.0370063781738281
0.0209388732910156 -0.00812530517578125 -0.00562667846679688 0.0489082336425781
0.0194835662841797 -0.00371551513671875 -0.0210037231445312 0.04949951171875
0.0210018157958984 0.0027618408203125 -0.0305213928222656 0.0402412414550781
0.0213642120361328 0.00547599792480469 -0.0299320220947266 0.0206050872802734
0.0173797607421875 0.0182704925537109 -0.0171260833740234 0.00868797302246094
0.0133743286132812 0.0232620239257813 0.0127849578857422 0.0238475799560547
0.007781982421875 0.0230522155761719 0.0201034545898438 0.0694923400878906
-0.000164270401000977 -0.000146746635437012 0.0345191955566406 0.0216293334960938
0.00564670562744141 0.000710010528564453 0.0461692810058594 0.031646728515625
0.00621509552001953 -0.00461959838867188 0.0394172668457031 0.0206146240234375
0.000519514083862305 -0.00366878509521484 0.0332527160644531 0.0156993865966797
-0.00372099876403809 0.00269103050231934 0.0187244415283203 0.00923538208007813
0.00177574157714844 0.0093994140625 0.00672435760498047 0.0160017013549805
0.0107955932617188 0.00986766815185547 -0.000860214233398437 0.0282421112060547
0.0121440887451172 0.00874614715576172 -0.0047607421875 0.0378532409667969
0.0152692794799805 0.00917148590087891 -0.0130043029785156 0.04815673828125
0.0115013122558594 0.0116891860961914 -0.0285453796386719 0.0468940734863281
0.00734710693359375 0.0114974975585938 -0.0343666076660156 0.0351676940917969
0.00494861602783203 0.00905323028564453 -0.0321216583251953 0.0170841217041016
0.00167560577392578 0.0114564895629883 -0.0204620361328125 0.00756072998046875
-0.00319099426269531 0.0107355117797852 0.00867462158203125 0.0263595581054688
-0.00727272033691406 0.00661849975585938 0.0164871215820313 0.0737686157226563
0.0256996154785156 0.0201835632324219 -0.0142059326171875 -0.0708236694335937
0.0173377990722656 0.000310897827148438 0.00179100036621094 -0.0294113159179688
0.0124025344848633 -0.00414276123046875 0.0251312255859375 -0.00472640991210937
0.0103235244750977 -0.0107793807983398 0.0421791076660156 -0.0124740600585938
0.00585556030273438 -0.0155124664306641 0.0438499450683594 -0.0244789123535156
-0.00504493713378906 -0.0229816436767578 0.0349655151367188 -0.043212890625
-0.0127944946289062 -0.0245380401611328 0.0192718505859375 -0.0486869812011719
-0.0103321075439453 -0.0235023498535156 0.00984954833984375 -0.0375328063964844
-0.00912857055664063 -0.0287380218505859 0.00259780883789062 -0.0244731903076172
0.00496673583984375 -0.0285263061523437 -0.00855731964111328 -0.0146675109863281
0.01959228515625 -0.0186367034912109 -0.0214290618896484 -0.00646209716796875
0.0241870880126953 -0.00304412841796875 -0.0305938720703125 -0.0119552612304688
0.0172252655029297 0.0145912170410156 -0.0414848327636719 -0.0230865478515625
0.0148487091064453 0.0183486938476563 -0.0480995178222656 -0.0265731811523438
0.0162220001220703 0.0235157012939453 -0.0322322845458984 -0.0218276977539063
0.0337448120117188 0.0394020080566406 -0.00175476074218749 -0.0599899291992187
0.0265407562255859 0.0169677734375 0.0151081085205078 -0.0209846496582031
0.0248394012451172 0.00994110107421875 0.0340614318847656 -0.000518798828124999
0.0250377655029297 -0.00221443176269531 0.0496101379394531 -0.00840377807617187
0.0205459594726563 -0.0127677917480469 0.0480422973632813 -0.0190849304199219
0.0102577209472656 -0.0292320251464844 0.0397491455078125 -0.0358352661132813
-0.00117111206054688 -0.0355873107910156 0.0251426696777344 -0.0396003723144531
-0.000764846801757813 -0.0346794128417969 0.0149631500244141 -0.0269126892089844
-0.000171661376953128 -0.0421562194824219 0.00578117370605469 -0.0123023986816406
0.0156745910644531 -0.0423316955566406 -0.00867557525634765 -0.00336360931396485
0.0350666046142578 -0.0280590057373047 -0.0235939025878906 0.00393867492675781
0.0430526733398438 -0.00792312622070313 -0.0305233001708984 -0.00406455993652344
0.0364189147949219 0.0226974487304688 -0.0381050109863281 -0.0129814147949219
0.0318622589111328 0.0330009460449219 -0.0391921997070313 -0.0151863098144531
0.0282974243164062 0.0390434265136719 -0.0240859985351563 -0.00778007507324219
0.0368766784667969 0.0535926818847656 0.0105018615722656 -0.0425453186035156
0.0323390960693359 0.0337944030761719 0.0282993316650391 -0.00726890563964843
0.0355491638183594 0.0255393981933594 0.0429801940917969 0.006927490234375
0.0403022766113281 0.007781982421875 0.0559539794921875 -0.003387451171875
0.0355186462402344 -0.00864410400390625 0.0501594543457031 -0.0140228271484375
0.0256023406982422 -0.0318641662597656 0.0401649475097656 -0.0272407531738281
0.0112266540527344 -0.0421409606933594 0.0266647338867188 -0.026519775390625
0.0092010498046875 -0.0415534973144531 0.0169000625610352 -0.0127172470092773
0.00901412963867187 -0.0499114990234375 0.00914669036865234 0.00360393524169922
0.0224151611328125 -0.0496635437011719 -0.00815582275390625 0.0121488571166992
0.0441398620605469 -0.0339469909667969 -0.0244102478027344 0.0179481506347656
0.0539054870605469 -0.013275146484375 -0.0302162170410156 0.00583648681640625
0.0498619079589844 0.0250511169433594 -0.0341835021972656 -0.00373077392578125
0.0448417663574219 0.0401954650878906 -0.0260200500488281 -0.00300216674804688
0.0371627807617188 0.0484237670898437 -0.0116167068481445 0.00972557067871094
0.036529541015625 0.0603675842285156 0.0208816528320313 -0.02203369140625
0.036285400390625 0.045257568359375 0.0396652221679688 0.00994873046875
0.0456466674804688 0.036224365234375 0.0503425598144531 0.0155448913574219
0.0520553588867188 0.0133285522460938 0.0595474243164063 0.000843048095703126
0.0450782775878906 -0.006683349609375 0.0468482971191406 -0.0093536376953125
0.0357742309570313 -0.0319023132324219 0.0352668762207031 -0.017059326171875
0.0201911926269531 -0.0430030822753906 0.0235671997070313 -0.0111293792724609
0.0169181823730469 -0.041778564453125 0.0162296295166016 0.00338077545166015
0.0159683227539063 -0.0498580932617188 0.0107860565185547 0.020050048828125
0.0259552001953125 -0.0484199523925781 -0.00766944885253906 0.0284366607666016
0.0461578369140625 -0.0341682434082031 -0.0232334136962891 0.0310459136962891
0.0557212829589844 -0.0156784057617188 -0.0296592712402344 0.0148849487304688
0.0552482604980469 0.0238571166992188 -0.0282974243164062 0.00382614135742188
0.0503692626953125 0.0414543151855469 -0.0114002227783203 0.00608158111572266
0.0389289855957031 0.050811767578125 0.00226974487304688 0.0284938812255859
0.0318984985351563 0.0571060180664063 0.0299053192138672 -0.000495910644531247
0.0354118347167969 0.0483970642089844 0.0476455688476562 0.0259017944335938
0.0483627319335938 0.0390434265136719 0.0529747009277344 0.0234794616699219
0.05535888671875 0.0152091979980469 0.0565109252929687 0.00711822509765625
0.0471000671386719 -0.00465774536132813 0.0397071838378906 -0.0024871826171875
0.0395126342773438 -0.0275611877441406 0.0273876190185547 -0.00475502014160156
0.02630615234375 -0.0369033813476563 0.017486572265625 0.0047454833984375
0.0229682922363281 -0.0346488952636719 0.0131950378417969 0.0187225341796875
0.0226173400878906 -0.0406570434570312 0.00959968566894531 0.0349178314208984
0.0286407470703125 -0.0377464294433594 -0.00896072387695312 0.0417442321777344
0.0437164306640625 -0.0245285034179688 -0.0231246948242188 0.0397071838378906
0.0505790710449219 -0.010498046875 -0.0277824401855469 0.0211086273193359
0.0493278503417969 0.0235557556152344 -0.0218887329101562 0.0078887939453125
0.0445632934570313 0.0400505065917969 0.00318145751953125 0.0138750076293945
0.0331840515136719 0.0484352111816406 0.0144805908203125 0.0469436645507813
0.0223388671875 0.044097900390625 0.0353813171386719 0.0171775817871094
0.029632568359375 0.0393791198730469 0.0528221130371094 0.0362663269042969
0.0420379638671875 0.0303993225097656 0.0520896911621094 0.0267906188964844
0.0465774536132813 0.0113868713378906 0.0499038696289063 0.0118560791015625
0.0383186340332031 -0.00279617309570313 0.0303440093994141 0.00391578674316406
0.0342617034912109 -0.0192413330078125 0.0173664093017578 0.00661468505859375
0.0264396667480469 -0.0251789093017578 0.00973892211914063 0.0195770263671875
0.0248661041259766 -0.0227756500244141 0.00744056701660156 0.0313339233398438
0.0262908935546875 -0.0265617370605469 0.00508880615234375 0.045318603515625
0.0282135009765625 -0.0216331481933594 -0.0118408203125 0.0499687194824219
0.0363693237304688 -0.009735107421875 -0.0246925354003906 0.0439529418945312
0.0387077331542969 -0.000797271728515625 -0.0274276733398437 0.0234184265136719
0.0352897644042969 0.0236320495605469 -0.0175800323486328 0.00973129272460937
0.0309028625488281 0.0352516174316406 0.0126399993896484 0.0196819305419922
0.0204353332519531 0.0397262573242188 0.02203369140625 0.062652587890625
0.010650634765625 0.0231857299804688 0.0380973815917969 0.0259246826171875
0.0183525085449219 0.0222625732421875 0.0540199279785156 0.0398178100585937
0.0256862640380859 0.0147514343261719 0.0485572814941406 0.0263748168945313
0.0262031555175781 0.00509834289550781 0.0417633056640625 0.01483154296875
0.0196533203125 -3.24249267578125E-05 0.0230045318603516 0.00789451599121094
0.0214481353759766 -0.005767822265625 0.0101528167724609 0.0142526626586914
0.0225849151611328 -0.0086822509765625 0.00367164611816407 0.0281429290771484
0.0234756469726563 -0.00687026977539063 0.00121307373046875 0.03839111328125
0.02587890625 -0.00820541381835938 -0.003387451171875 0.0508995056152344
0.0245456695556641 -0.00292778015136719 -0.019134521484375 0.052001953125
0.0252246856689453 0.00456809997558594 -0.0290946960449219 0.0426597595214844
0.0231361389160156 0.00835609436035156 -0.0289077758789063 0.0226497650146484
0.0172176361083984 0.0225505828857422 -0.0164813995361328 0.010228157043457
0.0120525360107422 0.0277194976806641 0.0150680541992188 0.0258636474609375
0.00451278686523438 0.0260276794433594 0.0240325927734375 0.0747451782226563
-0.00409507751464844 0.000825405120849609 0.0369758605957031 0.0268325805664063
0.00223612785339355 0.00271940231323242 0.0505599975585938 0.0349655151367188
0.00376486778259277 -0.00230669975280762 0.0435256958007813 0.0214424133300781
-0.000660538673400879 -0.000293314456939697 0.0357131958007813 0.0145378112792969
-0.00275325775146484 0.00621175765991211 0.0190048217773438 0.00819969177246094
0.00609970092773438 0.0114259719848633 0.00576400756835938 0.0158596038818359
0.0156126022338867 0.0103616714477539 -0.00176811218261719 0.0310153961181641
0.0170965194702148 0.00922966003417969 -0.00558090209960938 0.0400390625
0.020782470703125 0.00890731811523438 -0.0130271911621094 0.0502395629882813
0.0163307189941406 0.0120983123779297 -0.0284805297851562 0.0490493774414063
0.010584831237793 0.0150823593139648 -0.0348167419433594 0.0370712280273437
0.006927490234375 0.0130615234375 -0.0331192016601562 0.0195999145507813
0.000352859497070311 0.0161609649658203 -0.0206203460693359 0.00959777832031251
-0.00642967224121094 0.0154571533203125 0.00958824157714844 0.0288105010986328
-0.0114431381225586 0.00843238830566406 0.0190353393554688 0.0799942016601563
0.0317459106445313 0.0185832977294922 -0.016876220703125 -0.0757904052734375
0.0204200744628906 -0.00342369079589844 0.0010986328125 -0.0337448120117188
0.0137996673583984 -0.00922584533691406 0.0257625579833984 -0.00688362121582032
0.00952529907226562 -0.014948844909668 0.0430183410644531 -0.0150947570800781
0.0029754638671875 -0.0179290771484375 0.0456199645996094 -0.0266265869140625
-0.00982475280761718 -0.0240097045898437 0.0363693237304688 -0.0463638305664063
-0.0181179046630859 -0.0239753723144531 0.0206260681152344 -0.0519371032714844
-0.0146560668945313 -0.0235919952392578 0.0120887756347656 -0.0401458740234375
-0.0151996612548828 -0.0289688110351562 0.00347709655761719 -0.0268630981445313
0.00121116638183594 -0.0314178466796875 -0.00700569152832031 -0.0150251388549805
0.0187263488769531 -0.0228424072265625 -0.0214595794677734 -0.00502395629882813
0.0250568389892578 -0.00766372680664063 -0.0308513641357422 -0.0109176635742188
0.0218887329101563 0.0119781494140625 -0.0441780090332031 -0.0221176147460937
0.0200309753417969 0.0169811248779297 -0.0519332885742187 -0.0287246704101563
0.0224361419677734 0.0228958129882812 -0.0340385437011719 -0.02545166015625
0.0401763916015625 0.0395431518554688 -0.00182342529296875 -0.0658798217773437
0.0296993255615234 0.0144138336181641 0.0164813995361328 -0.0255260467529297
0.0267047882080078 0.0073699951171875 0.036407470703125 -0.00304412841796875
0.0254325866699219 -0.00478935241699219 0.0516929626464844 -0.01153564453125
0.0191268920898438 -0.0150718688964844 0.0506477355957031 -0.0213546752929688
0.00695037841796875 -0.0302333831787109 0.0422515869140625 -0.0392379760742188
-0.00555801391601563 -0.03558349609375 0.0282325744628906 -0.0432815551757812
-0.003692626953125 -0.0359001159667969 0.0166454315185547 -0.0311031341552734
-0.0040283203125 -0.0439109802246094 0.00920963287353515 -0.0153999328613281
0.0120162963867188 -0.0459060668945312 -0.00629377365112305 -0.00361204147338867
0.0355415344238281 -0.0345382690429688 -0.02056884765625 0.0047607421875
0.0454177856445313 -0.0131988525390625 -0.0299186706542969 -0.00260543823242188
0.0434379577636719 0.0208244323730469 -0.0388870239257813 -0.0121688842773438
0.0390548706054688 0.0325889587402344 -0.0411529541015625 -0.0163497924804687
0.035430908203125 0.0414848327636719 -0.0227603912353516 -0.0116558074951172
0.0420494079589844 0.055816650390625 0.0124893188476563 -0.048065185546875
0.0356826782226563 0.0344619750976563 0.0317897796630859 -0.0116996765136719
0.0387306213378906 0.0255928039550781 0.0467147827148438 0.00418853759765625
0.0416603088378906 0.00537872314453125 0.05889892578125 -0.00699996948242188
0.0363960266113281 -0.0104141235351563 0.0532913208007813 -0.0168609619140625
0.0240650177001953 -0.0340099334716797 0.0437164306640625 -0.03033447265625
0.00939178466796875 -0.0436477661132813 0.0300006866455078 -0.0306415557861328
0.007659912109375 -0.0438346862792969 0.0206279754638672 -0.0164775848388672
0.0059356689453125 -0.0529022216796875 0.0133552551269531 0.00117206573486328
0.0195960998535156 -0.0538063049316406 -0.00408172607421875 0.0129528045654297
0.0450592041015625 -0.0403671264648438 -0.0211467742919922 0.0194168090820313
0.0581817626953125 -0.0178604125976563 -0.0280704498291016 0.00836944580078125
0.0569915771484375 0.0242271423339844 -0.0336875915527344 -0.00269889831542968
0.0512275695800781 0.0418624877929688 -0.0263519287109375 -0.00486946105957031
0.0433998107910156 0.0515289306640625 -0.00860261917114257 0.00714826583862305
0.0411262512207031 0.0638389587402344 0.0246047973632813 -0.0253887176513672
0.0398483276367188 0.0476493835449219 0.044097900390625 0.00583648681640625
0.0489578247070312 0.038116455078125 0.0542716979980469 0.0130195617675781
0.0553016662597656 0.0132827758789062 0.0626907348632812 -0.00180816650390625
0.0469093322753906 -0.00851821899414063 0.050933837890625 -0.01220703125
0.0362892150878906 -0.0351295471191406 0.0384902954101563 -0.0204696655273438
0.0207633972167969 -0.0456771850585938 0.0270786285400391 -0.0149784088134766
0.0171661376953125 -0.0441741943359375 0.0195369720458984 4.95910644531223E-05
0.0151901245117188 -0.0535354614257813 0.0165252685546875 0.0171165466308594
0.02581787109375 -0.0526275634765625 -0.00321197509765625 0.0277824401855469
0.0477943420410156 -0.0384140014648438 -0.0201015472412109 0.0316257476806641
0.060333251953125 -0.0198020935058594 -0.0270347595214844 0.0167827606201172
0.061737060546875 0.0243034362792969 -0.0270709991455078 0.00449180603027344
0.056854248046875 0.0438385009765625 -0.0101032257080078 0.00469303131103516
0.0431938171386719 0.0552558898925781 0.00780677795410157 0.0275001525878906
0.0338630676269531 0.0625152587890625 0.0343246459960938 -0.00140953063964843
0.0381851196289063 0.0530052185058594 0.0539436340332031 0.0234870910644531
0.0524444580078125 0.0418586730957031 0.0573997497558594 0.0212059020996094
0.0602836608886719 0.0153350830078125 0.0599899291992188 0.00497055053710938
0.0505561828613281 -0.00503158569335938 0.0426559448242188 -0.00584793090820313
0.0416069030761719 -0.0302810668945313 0.0304489135742188 -0.0080108642578125
0.0279617309570313 -0.0399627685546875 0.0212364196777344 0.00286674499511718
0.02484130859375 -0.0383491516113281 0.0163164138793945 0.016693115234375
0.0251235961914063 -0.0447731018066406 0.0147628784179688 0.0333728790283203
0.0308265686035156 -0.0423431396484375 -0.00290298461914063 0.0430717468261719
0.0481758117675781 -0.0268135070800781 -0.0189590454101562 0.0424232482910156
0.0550346374511719 -0.0115242004394531 -0.0253124237060547 0.0229072570800781
0.0546302795410156 0.0249900817871094 -0.0200824737548828 0.00891304016113281
0.0489158630371094 0.0432929992675781 0.00646305084228516 0.0120697021484375
0.0362663269042969 0.0528907775878906 0.0210380554199219 0.047882080078125
0.0219841003417969 0.0493392944335938 0.0409660339355469 0.0182380676269531
0.030609130859375 0.0440902709960938 0.059295654296875 0.03631591796875
0.0449600219726563 0.0346450805664063 0.0568275451660156 0.025360107421875
0.0500221252441406 0.0141830444335937 0.0531501770019531 0.00881195068359375
0.0423965454101563 -0.00226974487304688 0.0323467254638672 0.00217819213867188
0.0388565063476563 -0.0203857421875 0.0192852020263672 0.00507736206054687
0.0303497314453125 -0.0281600952148438 0.0121994018554688 0.0183086395263672
0.0289440155029297 -0.0257472991943359 0.0104331970214844 0.03009033203125
0.0294990539550781 -0.0307044982910156 0.00899505615234376 0.0460281372070313
0.0315914154052734 -0.0232009887695313 -0.00749969482421874 0.0510597229003906
0.0411186218261719 -0.0113601684570312 -0.0212631225585937 0.0452690124511719
0.0429534912109375 0.000827789306640625 -0.0245590209960937 0.0261287689208984
0.0384902954101563 0.0280494689941406 -0.0161466598510742 0.0108518600463867
0.0315399169921875 0.0407485961914063 0.0166587829589844 0.0185985565185547
0.0209197998046875 0.0458259582519531 0.0282440185546875 0.0649757385253906
0.00920867919921875 0.0265254974365234 0.04296875 0.0304107666015625
0.0171852111816406 0.0262680053710938 0.0602569580078125 0.0404281616210938
0.0265979766845703 0.0186653137207031 0.0532951354980469 0.0246505737304688
0.0291843414306641 0.00856590270996094 0.0452728271484375 0.0122756958007813
0.0226039886474609 0.00188064575195313 0.0235500335693359 0.00731849670410156
0.0268611907958984 -0.00544166564941406 0.0102109909057617 0.0140438079833984
0.0280055999755859 -0.0101585388183594 0.00469398498535157 0.0290279388427734
0.0269699096679688 -0.009796142578125 0.00266265869140625 0.0398979187011719
0.0311050415039063 -0.0115776062011719 -0.00042343139648437 0.0514793395996094
0.0297298431396484 -0.00413894653320313 -0.0169448852539063 0.0528488159179688
0.0307693481445313 0.00514030456542969 -0.0270881652832031 0.0444679260253906
0.0266361236572266 0.0117435455322266 -0.0273780822753906 0.0251197814941406
0.0189266204833984 0.0267200469970703 -0.0158414840698242 0.0124950408935547
0.0106010437011719 0.0328769683837891 0.0178165435791016 0.0262508392333984
0.00282096862792969 0.0305080413818359 0.030242919921875 0.0780792236328125
-0.00841045379638672 0.00247001647949219 0.0411376953125 0.029998779296875
-0.000328540802001954 0.00538110733032227 0.0561981201171875 0.0377426147460938
0.00102913379669189 0.00172829627990723 0.0474281311035156 0.0216255187988281
0.000921249389648437 0.00296187400817871 0.0379829406738281 0.012481689453125
-0.0004730224609375 0.00975322723388672 0.0190486907958984 0.00652885437011719
0.0109481811523438 0.0128011703491211 0.00420856475830078 0.0157041549682617
0.0203952789306641 0.00978660583496094 -0.0020904541015625 0.0331745147705078
0.0226058959960938 0.00778579711914063 -0.00529479980468749 0.0423774719238281
0.0265464782714844 0.00711250305175781 -0.0119171142578125 0.0529594421386719
0.0218582153320313 0.0112590789794922 -0.0270118713378906 0.0515289306640625
0.0156116485595703 0.0175619125366211 -0.0337181091308594 0.0392036437988281
0.00978469848632812 0.0170907974243164 -0.0335483551025391 0.0213413238525391
-0.000696182250976565 0.0209331512451172 -0.0208110809326172 0.011566162109375
-0.00882339477539063 0.0196094512939453 0.0116806030273438 0.0323715209960938
-0.0161199569702148 0.0123682022094727 0.0239715576171875 0.085784912109375
0.0373382568359375 0.0143814086914062 -0.0208892822265625 -0.0822982788085937
0.0218505859375 -0.00649261474609375 -0.00162124633789062 -0.0377388000488281
0.0126466751098633 -0.0133342742919922 0.0254096984863281 -0.00765609741210938
0.00562477111816406 -0.0182857513427734 0.0431938171386719 -0.01666259765625
-0.000204086303710939 -0.0184803009033203 0.0468406677246094 -0.028594970703125
-0.0143222808837891 -0.0209026336669922 0.036956787109375 -0.0489463806152344
-0.0212192535400391 -0.0210723876953125 0.0208320617675781 -0.0554733276367188
-0.0177688598632812 -0.0201988220214844 0.0124359130859375 -0.0420379638671875
-0.0194683074951172 -0.0282764434814453 0.00576019287109375 -0.0304622650146484
-0.0035400390625 -0.0324249267578125 -0.00574111938476562 -0.0167045593261719
0.0142269134521484 -0.0284290313720703 -0.0186634063720703 -0.00634574890136719
0.0246391296386719 -0.0134983062744141 -0.0324192047119141 -0.0113964080810547
0.025634765625 0.00612449645996094 -0.0455665588378906 -0.0214347839355469
0.0260124206542969 0.0136089324951172 -0.0546875 -0.0283393859863281
0.0282402038574219 0.022430419921875 -0.0353660583496094 -0.0303382873535156
0.0459022521972656 0.0384674072265625 -0.0029449462890625 -0.0726470947265625
0.0319576263427734 0.0128364562988281 0.01556396484375 -0.0312004089355469
0.0272998809814453 0.00439453125 0.0365371704101563 -0.00696182250976563
0.0234260559082031 -0.00700187683105469 0.0529022216796875 -0.01312255859375
0.0173492431640625 -0.0151882171630859 0.0512199401855469 -0.024169921875
0.00284385681152344 -0.0304412841796875 0.0436019897460938 -0.0410423278808594
-0.00695228576660157 -0.0342025756835938 0.0300445556640625 -0.0471649169921875
-0.007537841796875 -0.0346965789794922 0.0190162658691406 -0.0351943969726563
-0.00893020629882813 -0.0438156127929688 0.0114974975585938 -0.0197830200195313
0.0074310302734375 -0.0470695495605469 -0.00305366516113281 -0.00519084930419922
0.0326805114746094 -0.03741455078125 -0.0185127258300781 0.00537872314453125
0.0471343994140625 -0.0170402526855469 -0.0297698974609375 -0.00188064575195312
0.0489501953125 0.01806640625 -0.0403060913085938 -0.0115814208984375
0.0457572937011719 0.0315895080566406 -0.0432014465332031 -0.0179901123046875
0.0422477722167969 0.0416717529296875 -0.0226058959960937 -0.0157527923583984
0.0476760864257812 0.056243896484375 0.0125694274902344 -0.0530242919921875
0.0382766723632813 0.0330619812011719 0.0326118469238281 -0.0157566070556641
0.0425224304199219 0.0242347717285156 0.0473899841308594 0.001861572265625
0.0420303344726563 0.00445175170898438 0.0618934631347656 -0.0102195739746094
0.0338325500488281 -0.0124664306640625 0.0551872253417969 -0.0186042785644531
0.0220870971679688 -0.0353736877441406 0.0456809997558594 -0.034912109375
0.00800704956054688 -0.04364013671875 0.0339984893798828 -0.0345039367675781
0.00426101684570313 -0.0459632873535156 0.0219326019287109 -0.0217723846435547
0.00391387939453125 -0.05352783203125 0.0167398452758789 -0.00322628021240235
0.0164146423339844 -0.0564460754394531 0.00106525421142578 0.00950145721435547
0.0430374145507813 -0.04437255859375 -0.0155544281005859 0.0200710296630859
0.0586013793945312 -0.0226097106933594 -0.0267715454101562 0.00863075256347656
0.0620918273925781 0.0214309692382813 -0.0319652557373047 -0.00167274475097656
0.0600395202636719 0.0398368835449219 -0.0249500274658203 -0.00770950317382813
0.050018310546875 0.0529060363769531 -0.00674629211425781 0.00261259078979493
0.0450439453125 0.064788818359375 0.0275669097900391 -0.0298728942871094
0.041778564453125 0.0504989624023438 0.0465469360351563 0.00165176391601563
0.0521354675292969 0.0399932861328125 0.0567359924316406 0.0103034973144531
0.0579719543457031 0.0122833251953125 0.066162109375 -0.00511932373046875
0.0506935119628906 -0.0102882385253906 0.0507621765136719 -0.016326904296875
0.0383987426757813 -0.0362052917480469 0.04119873046875 -0.0225067138671875
0.0203208923339844 -0.0480155944824219 0.0315895080566406 -0.018402099609375
0.017120361328125 -0.0459365844726563 0.0228538513183594 -0.00382041931152344
0.0136222839355469 -0.0562858581542969 0.0204944610595703 0.0122413635253906
0.0243492126464844 -0.055694580078125 0.00236892700195313 0.0252895355224609
0.0505218505859375 -0.0433158874511719 -0.014556884765625 0.0328502655029297
0.062652587890625 -0.0250701904296875 -0.0253086090087891 0.0188179016113281
0.0681533813476563 0.0218696594238281 -0.0254440307617188 0.00612258911132813
0.0634422302246094 0.0448379516601563 -0.0089569091796875 0.00189399719238282
0.0510520935058594 0.0581474304199219 0.0105762481689453 0.0246238708496094
0.0382728576660156 0.0678329467773438 0.0397148132324219 -0.0058135986328125
0.0437049865722656 0.056060791015625 0.0582199096679688 0.0200881958007813
0.0576553344726563 0.0432624816894531 0.0628814697265625 0.0178718566894531
0.063232421875 0.0158233642578125 0.0635719299316406 0.000282287597656251
0.0546455383300781 -0.007476806640625 0.0432052612304688 -0.00609207153320313
0.0446243286132813 -0.0328636169433594 0.0326976776123047 -0.0107612609863281
0.0294418334960938 -0.0427284240722656 0.02264404296875 -0.000217437744140628
0.02581787109375 -0.0425910949707031 0.0192203521728516 0.0128364562988281
0.0261116027832031 -0.0493583679199219 0.0192470550537109 0.0309734344482422
0.03314208984375 -0.0458984375 0.0012664794921875 0.0397567749023438
0.0496597290039062 -0.0288772583007812 -0.0148353576660156 0.0413436889648438
0.06036376953125 -0.013946533203125 -0.0208587646484375 0.0221176147460937
0.059814453125 0.0265960693359375 -0.0166406631469727 0.00840568542480469
0.0533027648925781 0.0460433959960938 0.00818252563476563 0.0115118026733398
0.0394325256347656 0.0569953918457031 0.0267143249511719 0.0440521240234375
0.0238037109375 0.0538368225097656 0.0468559265136719 0.01983642578125
0.0334129333496094 0.0466346740722656 0.0645103454589844 0.0345611572265625
0.0463409423828125 0.0380363464355469 0.0608482360839844 0.0233039855957031
0.0549774169921875 0.016265869140625 0.0562858581542969 0.0052642822265625
0.0466537475585938 -0.00407791137695313 0.0339107513427734 0.000932693481445312
0.04345703125 -0.0238609313964844 0.0187034606933594 0.00164222717285156
0.0329551696777344 -0.0339336395263672 0.0153446197509766 0.0169439315795898
0.0327072143554688 -0.0289897918701172 0.0098724365234375 0.0294971466064453
0.0337486267089844 -0.0324821472167969 0.0139083862304688 0.0437850952148438
0.0358238220214844 -0.025604248046875 -0.00290298461914063 0.0502586364746094
0.0461845397949219 -0.0121955871582031 -0.0175132751464844 0.0448417663574219
0.0479736328125 -6.103515625E-05 -0.0232486724853516 0.0253734588623047
0.0438003540039062 0.032257080078125 -0.0142669677734375 0.0110054016113281
0.0351600646972656 0.047149658203125 0.0212249755859375 0.0198936462402344
0.0219306945800781 0.0505409240722656 0.0342941284179687 0.0664100646972656
0.00590705871582031 0.0318717956542969 0.0486564636230469 0.0307807922363281
0.0175895690917969 0.0302925109863281 0.065185546875 0.0399856567382813
0.0277900695800781 0.0242996215820313 0.0568618774414063 0.0227775573730469
0.0311164855957031 0.0115146636962891 0.0484657287597656 0.00893783569335938
0.0274467468261719 0.00283622741699219 0.0237579345703125 0.007598876953125
0.0319385528564453 -0.00785446166992188 0.0112276077270508 0.0134820938110352
0.0298728942871094 -0.0147628784179688 0.00628662109375 0.0294761657714844
0.0309429168701172 -0.0127086639404297 0.00410842895507813 0.0427398681640625
0.0361099243164063 -0.0155372619628906 0.00202178955078126 0.0527458190917969
0.0356903076171875 -0.007171630859375 -0.0134849548339844 0.05029296875
0.0365066528320313 0.00504684448242188 -0.0237274169921875 0.0437507629394531
0.0313358306884766 0.0144920349121094 -0.0267143249511719 0.0247440338134766
0.0224456787109375 0.0324516296386719 -0.0146780014038086 0.0129919052124023
0.0117835998535156 0.0393562316894531 0.0230522155761719 0.0262107849121094
0.0011749267578125 0.0369720458984375 0.0350494384765625 0.0803298950195313
-0.0101385116577148 0.00649356842041015 0.04718017578125 0.0331153869628906
-0.00257110595703125 0.0091552734375 0.0616912841796875 0.0379371643066406
0.00214004516601562 0.00733709335327149 0.0508956909179688 0.0200843811035156
0.0027008056640625 0.00913238525390625 0.0402717590332031 0.0107002258300781
0.00244045257568359 0.0115833282470703 0.0171337127685547 0.00460720062255859
0.0164852142333984 0.0124149322509766 0.00262641906738281 0.0174484252929688
0.0262870788574219 0.0055694580078125 -0.000858306884765622 0.0356674194335938
0.02783203125 0.00448799133300781 -0.00463104248046875 0.0439987182617188
0.0320892333984375 0.00358200073242188 -0.0113906860351563 0.0545272827148437
0.0273609161376953 0.00812530517578125 -0.0252456665039063 0.050537109375
0.0227985382080078 0.0170536041259766 -0.03125 0.0396995544433594
0.0135936737060547 0.0192966461181641 -0.0321083068847656 0.0229663848876953
0.00403594970703125 0.0261554718017578 -0.0171966552734375 0.0142269134521484
-0.00927734375 0.0270328521728516 0.0134677886962891 0.0349617004394531
-0.0180301666259766 0.0167522430419922 0.0277252197265625 0.0877304077148438
0.0401039123535156 0.0105209350585938 -0.023223876953125 -0.0856399536132813
0.0214633941650391 -0.0119915008544922 -0.00386810302734375 -0.0402259826660156
0.0109119415283203 -0.0164060592651367 0.0240249633789062 -0.0105342864990234
0.0022125244140625 -0.0197238922119141 0.0437889099121094 -0.0163383483886719
-0.00446891784667969 -0.0193614959716797 0.0470733642578125 -0.02947998046875
-0.0187587738037109 -0.0195407867431641 0.0379219055175781 -0.0509757995605469
-0.0249710083007812 -0.0176963806152344 0.0223579406738281 -0.0581321716308594
-0.0216789245605469 -0.0195693969726563 0.012298583984375 -0.0472602844238281
-0.0232124328613281 -0.0245227813720703 0.005706787109375 -0.0336799621582031
-0.00898170471191406 -0.0312995910644531 -0.00326919555664063 -0.01776123046875
0.0107498168945313 -0.029876708984375 -0.0176830291748047 -0.00561904907226563
0.0240726470947266 -0.0171394348144531 -0.0312252044677734 -0.00992965698242187
0.0281448364257813 0.00237464904785156 -0.0472564697265625 -0.0202445983886719
0.030242919921875 0.0108051300048828 -0.058563232421875 -0.0302200317382813
0.0341625213623047 0.0191497802734375 -0.0385398864746094 -0.0334281921386719
0.0488128662109375 0.0351142883300781 -0.00362396240234375 -0.0770187377929688
0.0329856872558594 0.00940704345703125 0.0141220092773438 -0.0344200134277344
0.0263214111328125 0.00231170654296875 0.03668212890625 -0.00740814208984375
0.0230121612548828 -0.00926589965820313 0.0536155700683594 -0.0146636962890625
0.015009880065918 -0.016728401184082 0.0533447265625 -0.0255203247070313
0.00108146667480469 -0.0290927886962891 0.045501708984375 -0.0451316833496094
-0.0103378295898437 -0.0339851379394531 0.0316581726074219 -0.0518608093261719
-0.0101432800292969 -0.03521728515625 0.0200119018554688 -0.0394821166992188
-0.0118370056152344 -0.0434379577636719 0.0129261016845703 -0.0239486694335938
0.0045166015625 -0.0490798950195313 -0.000397682189941406 -0.00809049606323243
0.0296592712402344 -0.0418663024902344 -0.0153512954711914 0.00445365905761719
0.047119140625 -0.0232582092285156 -0.0279464721679687 -0.0026397705078125
0.052032470703125 0.0136070251464844 -0.0401420593261719 -0.0105323791503906
0.0517616271972656 0.0288200378417969 -0.0446662902832031 -0.0194892883300781
0.0482025146484375 0.0395851135253906 -0.0238590240478516 -0.0203475952148437
0.0521736145019531 0.0575752258300781 0.013580322265625 -0.0592384338378906
0.0408515930175781 0.0331993103027344 0.0325202941894531 -0.0210857391357422
0.0422134399414063 0.0239639282226562 0.048309326171875 -0.000701904296874998
0.0430068969726563 0.00348281860351563 0.0621185302734375 -0.0121688842773438
0.0351524353027344 -0.0124588012695313 0.0568580627441406 -0.0221481323242188
0.0216770172119141 -0.0349617004394531 0.048492431640625 -0.0377426147460938
0.00745773315429687 -0.0464820861816406 0.0346298217773438 -0.0393791198730469
0.00387191772460937 -0.0456581115722656 0.0240802764892578 -0.0263385772705078
0.00116348266601563 -0.0560111999511719 0.0199680328369141 -0.00807380676269532
0.0150260925292969 -0.0592727661132813 0.00274562835693359 0.0070352554321289
0.0437202453613281 -0.0495834350585938 -0.0131988525390625 0.0183315277099609
0.0615158081054688 -0.0284347534179688 -0.0241336822509766 0.00666046142578125
0.0676345825195312 0.0184097290039062 -0.0326194763183594 -0.00218772888183594
0.0658073425292969 0.040496826171875 -0.0260868072509766 -0.00869941711425781
0.056488037109375 0.0546989440917969 -0.00443220138549804 -0.00139570236206054
0.0506668090820312 0.070892333984375 0.0301513671875 -0.0344982147216797
0.0450325012207031 0.0517959594726563 0.0482101440429687 -0.00274276733398437
0.0564231872558594 0.0405082702636719 0.057769775390625 0.00756072998046875
0.0625228881835937 0.0118522644042969 0.0673675537109375 -0.00779342651367188
0.052032470703125 -0.00958633422851563 0.0530624389648438 -0.0177421569824219
0.038330078125 -0.0382537841796875 0.0435981750488281 -0.0267524719238281
0.0209159851074219 -0.0510520935058594 0.0312423706054688 -0.0233688354492188
0.0175514221191406 -0.0496406555175781 0.0246219635009766 -0.00857925415039063
0.0136756896972656 -0.0599250793457031 0.0237655639648438 0.0101490020751953
0.0241851806640625 -0.0588035583496094 0.00622749328613282 0.0236835479736328
0.0516242980957031 -0.0472564697265625 -0.010467529296875 0.0313339233398438
0.0671653747558594 -0.027130126953125 -0.0205802917480469 0.01568603515625
0.0732650756835938 0.0212478637695313 -0.0229625701904297 0.00452995300292969
0.0697059631347656 0.0445289611816406 -0.00605154037475586 0.000340461730957035
0.0557212829589844 0.061431884765625 0.014862060546875 0.0194625854492188
0.0411758422851562 0.07171630859375 0.0428199768066406 -0.00751876831054687
0.0444412231445312 0.0597000122070312 0.0611000061035156 0.0170631408691406
0.0617256164550781 0.0467185974121094 0.0637626647949219 0.0155715942382813
0.068878173828125 0.0161666870117188 0.0645637512207031 -0.0020599365234375
0.0580902099609375 -0.00745773315429687 0.0457077026367188 -0.009765625
0.0472450256347656 -0.0361709594726563 0.0337505340576172 -0.0127410888671875
0.03118896484375 -0.0481147766113281 0.0247058868408203 -0.00391769409179688
0.02838134765625 -0.0455551147460938 0.0208892822265625 0.0104293823242187
0.0271644592285156 -0.0535812377929688 0.0216827392578125 0.0272293090820313
0.0331039428710938 -0.0483741760253906 0.00509262084960938 0.0383872985839844
0.0537528991699219 -0.0345001220703125 -0.010955810546875 0.0403671264648437
0.0641326904296875 -0.0165977478027344 -0.0186424255371094 0.0224552154541016
0.0649795532226563 0.0281600952148437 -0.0149469375610352 0.00846004486083985
0.0594215393066406 0.0499038696289063 0.0121946334838867 0.00828838348388672
0.0439529418945313 0.0622482299804687 0.0314979553222656 0.0419921875
0.0256500244140625 0.0597114562988281 0.0511741638183594 0.0173492431640625
0.0352363586425781 0.0522079467773437 0.06884765625 0.0327911376953125
0.0526351928710938 0.0404891967773438 0.0647735595703125 0.0211105346679688
0.0605239868164063 0.0147438049316406 0.05694580078125 0.0042572021484375
0.050933837890625 -0.003326416015625 0.0336761474609375 -0.00164604187011719
0.0462760925292969 -0.0278968811035156 0.0215549468994141 0.00175857543945312
0.0360260009765625 -0.0368919372558594 0.0164928436279297 0.0157794952392578
0.0335464477539063 -0.0341339111328125 0.0139636993408203 0.0273952484130859
0.0358009338378906 -0.039642333984375 0.0149421691894531 0.0422248840332031
0.0389633178710938 -0.0312156677246094 -0.00152969360351562 0.0474319458007813
0.0516586303710937 -0.0147743225097656 -0.0143013000488281 0.0442848205566406
0.0540237426757813 -0.000148773193359375 -0.0187206268310547 0.0247268676757813
0.0475578308105469 0.0345001220703125 -0.0110740661621094 0.0107765197753906
0.0382461547851563 0.0511970520019531 0.0230922698974609 0.0172443389892578
0.02386474609375 0.0558738708496094 0.0412216186523437 0.0628929138183594
0.00747299194335937 0.0384674072265625 0.0537643432617188 0.0329818725585938
0.0179290771484375 0.0360221862792969 0.0706710815429688 0.0404586791992188
0.0308437347412109 0.0264930725097656 0.0598678588867188 0.0221099853515625
0.0365638732910156 0.0142478942871094 0.0472221374511719 0.00829696655273438
0.0330715179443359 0.00362205505371094 0.0237712860107422 0.00343132019042969
0.0365447998046875 -0.0109748840332031 0.0114040374755859 0.0138835906982422
0.0348472595214844 -0.0188179016113281 0.00735282897949219 0.0306072235107422
0.0347518920898438 -0.0178623199462891 0.0051422119140625 0.041229248046875
0.0400276184082031 -0.0198211669921875 0.0027618408203125 0.0511131286621094
0.0397453308105469 -0.0114593505859375 -0.0114479064941406 0.0521011352539063
0.041473388671875 0.00522232055664063 -0.0220069885253906 0.0453033447265625
0.0374374389648438 0.0156326293945313 -0.0229625701904297 0.0253620147705078
0.0245704650878906 0.0379104614257813 -0.0112171173095703 0.0134363174438477
0.0131111145019531 0.0454139709472656 0.0243873596191406 0.0260581970214844
0.0016632080078125 0.0430564880371094 0.0418548583984375 0.0812835693359375
-0.0133152008056641 0.00997543334960937 0.0499534606933594 0.0373344421386719
-0.00376129150390625 0.013340950012207 0.0660591125488281 0.0395622253417969
0.00149917602539062 0.0105142593383789 0.0528106689453125 0.018829345703125
0.00543594360351563 0.0117301940917969 0.0397834777832031 0.00948333740234375
0.00712966918945313 0.0139226913452148 0.0171966552734375 0.00589084625244141
0.0213489532470703 0.0106334686279297 0.00342559814453125 0.0191020965576172
0.0297107696533203 0.00314521789550781 -0.0020751953125 0.0375404357910156
0.0305023193359375 0.00123977661132813 -0.00455093383789063 0.0455780029296875
0.035736083984375 -0.00020599365234375 -0.0111427307128906 0.0560417175292969
0.0323505401611328 0.00685882568359375 -0.0255851745605469 0.0520820617675781
0.0279445648193359 0.0173702239990234 -0.0329933166503906 0.0398750305175781
0.0188331604003906 0.0213680267333984 -0.0294418334960938 0.0242767333984375
0.00417900085449219 0.0317268371582031 -0.0175952911376953 0.0147056579589844
-0.00993919372558594 0.0324115753173828 0.0170822143554688 0.0346851348876953
-0.0212287902832031 0.0222988128662109 0.0329437255859375 0.0921707153320312
0.0429344177246094 0.00583648681640625 -0.0266342163085937 -0.0920028686523438
0.0210552215576172 -0.0164604187011719 -0.00644302368164063 -0.0434837341308594
0.00878143310546875 -0.0200767517089844 0.0240020751953125 -0.0107269287109375
-0.00197219848632813 -0.0214767456054688 0.044708251953125 -0.0176467895507813
-0.00791549682617188 -0.0191078186035156 0.0494461059570313 -0.0303764343261719
-0.0225791931152344 -0.0174331665039063 0.0404777526855469 -0.0535316467285156
-0.0271625518798828 -0.0152301788330078 0.0239410400390625 -0.0626373291015625
-0.0246944427490234 -0.0165901184082031 0.0130996704101562 -0.0514373779296875
-0.0265026092529297 -0.0215473175048828 0.00659561157226563 -0.0377883911132813
-0.0125274658203125 -0.0299129486083984 -0.00197410583496094 -0.0214214324951172
0.0071258544921875 -0.0315971374511719 -0.0160551071166992 -0.00763034820556641
0.0210361480712891 -0.0205707550048828 -0.0316314697265625 -0.0105819702148437
0.0290985107421875 -0.00164604187011719 -0.0498008728027344 -0.0200843811035156
0.0336513519287109 0.00661659240722656 -0.0631752014160156 -0.0321121215820313
0.03826904296875 0.0153884887695313 -0.0427207946777344 -0.0393447875976563
0.0537338256835938 0.0342750549316406 -0.00580596923828125 -0.0843582153320313
0.0345230102539063 0.00798416137695313 0.0127449035644531 -0.0386428833007813
0.0263385772705078 0.00157928466796875 0.0366592407226563 -0.00861358642578125
0.0205478668212891 -0.0102424621582031 0.0552253723144531 -0.0162734985351563
0.0136919021606445 -0.0159263610839844 0.0567970275878906 -0.0273017883300781
-0.00115203857421875 -0.0284709930419922 0.0487442016601563 -0.0489273071289063
-0.0120277404785156 -0.0328540802001953 0.0327949523925781 -0.0566062927246094
-0.0116024017333984 -0.0342426300048828 0.0210800170898438 -0.0443115234375
-0.0145378112792969 -0.0432510375976563 0.0146522521972656 -0.0289192199707031
0.00101852416992187 -0.0498237609863281 0.00143337249755859 -0.011322021484375
0.0281753540039063 -0.0455856323242187 -0.0134363174438477 0.002349853515625
0.0465888977050781 -0.0275535583496094 -0.0270404815673828 -0.003509521484375
0.0550422668457031 0.00897216796875 -0.040985107421875 -0.0107574462890625
0.0574188232421875 0.0255889892578125 -0.0477256774902344 -0.0219345092773438
0.0547904968261719 0.0391044616699219 -0.0261096954345703 -0.0262737274169922
0.0567398071289063 0.0589065551757813 0.01458740234375 -0.0662040710449219
0.0432586669921875 0.0345993041992188 0.0318851470947266 -0.0261211395263672
0.0438690185546875 0.025054931640625 0.0490608215332031 -0.00246810913085937
0.0446586608886719 0.0029449462890625 0.064788818359375 -0.0137252807617188
0.0368385314941406 -0.0121574401855469 0.0593833923339844 -0.024078369140625
0.0217208862304688 -0.0359687805175781 0.0508842468261719 -0.0414810180664063
0.00631332397460937 -0.0469284057617188 0.0362930297851563 -0.0449943542480469
0.003509521484375 -0.0470085144042969 0.0250453948974609 -0.0306587219238281
-6.48498535156213E-05 -0.0578041076660156 0.0215072631835938 -0.0134563446044922
0.0130462646484375 -0.06146240234375 0.0056462287902832 0.00342226028442382
0.0432548522949219 -0.053619384765625 -0.0109081268310547 0.0156192779541016
0.0631370544433594 -0.033172607421875 -0.0230960845947266 0.00502586364746094
0.0733489990234375 0.0155792236328125 -0.0315265655517578 -0.00274085998535156
0.0725784301757812 0.038543701171875 -0.02691650390625 -0.0113315582275391
0.0633354187011719 0.0559272766113281 -0.00580739974975586 -0.00739097595214843
0.0550994873046875 0.0744705200195313 0.0325393676757813 -0.0400428771972656
0.0495376586914063 0.0559310913085937 0.0497474670410156 -0.00671768188476562
0.0602989196777344 0.0425567626953125 0.0596389770507813 0.00481414794921875
0.0660247802734375 0.0115203857421875 0.06890869140625 -0.0105819702148437
0.0548629760742187 -0.00950241088867187 0.0553855895996094 -0.0198097229003906
0.0402488708496094 -0.0410118103027344 0.0455665588378906 -0.031280517578125
0.0214729309082031 -0.0545196533203125 0.0339431762695313 -0.0284004211425781
0.0176773071289063 -0.0527191162109375 0.0250453948974609 -0.0129241943359375
0.0133514404296875 -0.063446044921875 0.0249557495117188 0.00447273254394531
0.0238037109375 -0.063262939453125 0.0087738037109375 0.0202102661132812
0.0530471801757813 -0.0521278381347656 -0.00791549682617187 0.0286788940429687
0.0704498291015625 -0.031890869140625 -0.0191001892089844 0.0147933959960938
0.0790557861328125 0.020751953125 -0.0218009948730469 0.00326919555664062
0.0768508911132813 0.0461349487304688 -0.0060434341430664 -0.00227308273315429
0.0622787475585938 0.0655517578125 0.0159015655517578 0.0148820877075195
0.045318603515625 0.077545166015625 0.0472984313964844 -0.0108871459960937
0.0490264892578125 0.0649795532226563 0.064361572265625 0.01409912109375
0.0663299560546875 0.0509185791015625 0.0656700134277344 0.0140380859375
0.0748291015625 0.0160980224609375 0.0669517517089844 -0.00419998168945313
0.0636482238769531 -0.00770187377929688 0.0470466613769531 -0.0111198425292969
0.0504493713378906 -0.0398483276367188 0.03564453125 -0.0159149169921875
0.0327568054199219 -0.0531692504882813 0.0266170501708984 -0.00662612915039063
0.029449462890625 -0.04986572265625 0.0216636657714844 0.00772476196289062
0.0272903442382812 -0.0591850280761719 0.0232982635498047 0.0237808227539062
0.0344696044921875 -0.0535163879394531 0.00693893432617188 0.0352897644042969
0.0581283569335938 -0.0383720397949219 -0.00815200805664062 0.0387802124023437
0.0694656372070313 -0.019683837890625 -0.0164108276367187 0.0197582244873047
0.0716629028320313 0.0290069580078125 -0.013453483581543 0.00687885284423828
0.0660934448242188 0.0532264709472656 0.0138978958129883 0.00585746765136719
0.0488853454589844 0.0685462951660156 0.0348892211914063 0.0391273498535156
0.0288124084472656 0.0664787292480469 0.0571441650390625 0.0162849426269531
0.0385360717773438 0.0591583251953125 0.074127197265625 0.03167724609375
0.0577545166015625 0.0456581115722656 0.0670127868652344 0.0198822021484375
0.066925048828125 0.0163040161132813 0.0589714050292969 0.00240325927734375
0.0568161010742187 -0.00423812866210938 0.0344142913818359 -0.00192070007324219
0.0504112243652344 -0.0315093994140625 0.0227622985839844 0.00104713439941406
0.0381126403808594 -0.0428009033203125 0.0173940658569336 0.0146408081054687
0.0365562438964844 -0.0397567749023438 0.0142402648925781 0.0267066955566406
0.0384025573730469 -0.0460166931152344 0.0159149169921875 0.04022216796875
0.0419540405273438 -0.0360488891601563 7.24792480468732E-05 0.0456352233886719
0.0561981201171875 -0.0176010131835938 -0.013580322265625 0.0435409545898438
0.0609092712402344 -0.0011749267578125 -0.0173931121826172 0.0240478515625
0.053924560546875 0.0380973815917969 -0.00869941711425781 0.00949668884277344
0.0435218811035156 0.0559539794921875 0.0258579254150391 0.015838623046875
0.0270233154296875 0.0637779235839844 0.0464630126953125 0.0628128051757813
0.00829696655273438 0.0428390502929688 0.0604820251464844 0.0343208312988281
0.0198478698730469 0.0416069030761719 0.076324462890625 0.0407028198242188
0.0353584289550781 0.0315589904785156 0.0624198913574219 0.0207633972167969
0.0428886413574219 0.0146408081054687 0.0491065979003906 0.00754928588867188
0.03765869140625 0.0029296875 0.0234279632568359 0.00491523742675781
0.0406074523925781 -0.014801025390625 0.0107030868530273 0.0145902633666992
0.037933349609375 -0.0242042541503906 0.00731849670410157 0.0319747924804688
0.0385208129882813 -0.0233917236328125 0.00547409057617188 0.0418968200683594
0.04248046875 -0.0266838073730469 0.00354766845703125 0.0519371032714844
0.0428924560546875 -0.0152206420898437 -0.0124473571777344 0.0516929626464844
0.0482444763183594 0.00194549560546875 -0.0223579406738281 0.0434112548828125
0.0448799133300781 0.015594482421875 -0.0217609405517578 0.0245628356933594
0.030242919921875 0.0421562194824219 -0.00911521911621094 0.0129261016845703
0.0161170959472656 0.0518341064453125 0.0278778076171875 0.0272388458251953
0.00177764892578125 0.0500259399414063 0.0468826293945313 0.082794189453125
-0.0149755477905273 0.0150833129882813 0.0568161010742188 0.0411376953125
-0.00479888916015625 0.0184707641601563 0.0715789794921875 0.04083251953125
0.00276374816894531 0.0157089233398438 0.0555763244628906 0.0173759460449219
0.00967121124267578 0.014582633972168 0.0403671264648438 0.00898361206054688
0.011591911315918 0.0139284133911133 0.0157508850097656 0.00700187683105469
0.0260353088378906 0.00781822204589844 0.00242996215820313 0.0214939117431641
0.0323848724365234 -0.000942230224609375 -0.00171279907226562 0.0405349731445313
0.0339946746826172 -0.00362586975097656 -0.0047149658203125 0.049835205078125
0.03973388671875 -0.00554656982421875 -0.0116539001464844 0.0587005615234375
0.036865234375 0.00279998779296875 -0.02679443359375 0.0527915954589844
0.0332660675048828 0.0169162750244141 -0.0331192016601562 0.040679931640625
0.0249309539794922 0.0235271453857422 -0.0292606353759766 0.0238552093505859
0.00641250610351563 0.0368232727050781 -0.0165843963623047 0.0156021118164063
-0.00906753540039063 0.0383834838867188 0.0200996398925781 0.0370826721191406
-0.0213298797607422 0.0286655426025391 0.036834716796875 0.0956878662109375
0.045440673828125 0.0016021728515625 -0.0323562622070312 -0.098876953125
0.0208072662353516 -0.0207691192626953 -0.0107154846191406 -0.0467376708984375
0.00631904602050781 -0.0233421325683594 0.0239524841308594 -0.0114936828613281
-0.00584030151367188 -0.0225105285644531 0.0459976196289063 -0.0184211730957031
-0.0112762451171875 -0.0180168151855469 0.0526580810546875 -0.033050537109375
-0.0257282257080078 -0.0140094757080078 0.042724609375 -0.0577316284179687
-0.0299110412597656 -0.0125446319580078 0.0245628356933594 -0.0688400268554688
-0.0276603698730469 -0.0138282775878906 0.0131721496582031 -0.0569992065429687
-0.0299015045166016 -0.0184879302978516 0.0062103271484375 -0.0437545776367188
-0.01617431640625 -0.0287113189697266 -0.00140571594238282 -0.0250511169433594
0.00336074829101563 -0.0331020355224609 -0.0158042907714844 -0.00981235504150391
0.0181159973144531 -0.0240554809570313 -0.0327663421630859 -0.0116672515869141
0.0306148529052734 -0.00628852844238281 -0.0524635314941406 -0.0199546813964844
0.0368499755859375 0.00201797485351563 -0.0696487426757813 -0.0334396362304688
0.0435447692871094 0.0111770629882813 -0.0492515563964844 -0.045135498046875
0.0582084655761719 0.0329933166503906 -0.00968170166015624 -0.0928955078125
0.0360946655273438 0.00605010986328125 0.0100669860839844 -0.0439338684082031
0.0264034271240234 0.000387191772460938 0.0369300842285156 -0.0103034973144531
0.0192375183105469 -0.0111331939697266 0.0576591491699219 -0.0180625915527344
0.0130367279052734 -0.0160846710205078 0.0598793029785156 -0.0299720764160156
-0.00272178649902344 -0.0266799926757813 0.0518074035644531 -0.0538597106933594
-0.013458251953125 -0.0325431823730469 0.0345687866210938 -0.0641899108886719
-0.0134048461914062 -0.0339088439941406 0.0208854675292969 -0.050384521484375
-0.0174293518066406 -0.0429611206054688 0.0145225524902344 -0.0349273681640625
-0.00234222412109375 -0.0503807067871094 0.00294780731201172 -0.0155096054077148
0.0260429382324219 -0.0489883422851563 -0.0123481750488281 -0.000266075134277346
0.0467720031738281 -0.0330543518066406 -0.0280666351318359 -0.00484085083007813
0.0592384338378906 0.0051116943359375 -0.0427627563476562 -0.0115432739257812
0.0633544921875 0.0224113464355469 -0.0520362854003906 -0.0240707397460937
0.0620536804199219 0.0378341674804688 -0.0310649871826172 -0.0325736999511719
0.0637283325195313 0.06146240234375 0.0122833251953125 -0.0748519897460937
0.0469932556152344 0.0355377197265625 0.0312232971191406 -0.0308151245117187
0.0468063354492188 0.0256919860839844 0.0500907897949219 -0.00445556640625
0.046356201171875 0.00223922729492188 0.0673370361328125 -0.016510009765625
0.0384407043457031 -0.0124740600585937 0.0626411437988281 -0.0269012451171875
0.0218582153320313 -0.0374565124511719 0.0535621643066406 -0.0472412109375
0.00549697875976563 -0.0496253967285156 0.0383758544921875 -0.0520553588867188
0.00233078002929687 -0.0492515563964844 0.02508544921875 -0.0365867614746094
-0.00252532958984375 -0.0611495971679688 0.0218601226806641 -0.0197792053222656
0.0106735229492188 -0.0651283264160156 0.00681209564208984 -0.000791072845458988
0.04302978515625 -0.0588531494140625 -0.00888347625732422 0.013066291809082
0.0648727416992187 -0.0391426086425781 -0.0232715606689453 0.00356292724609374
0.0794830322265625 0.0121994018554688 -0.0316829681396484 -0.00353431701660156
0.0807952880859375 0.0370864868164063 -0.0297279357910156 -0.0146007537841797
0.0718231201171875 0.0572357177734375 -0.00738430023193359 -0.0128774642944336
0.0617904663085938 0.0790481567382813 0.0331192016601563 -0.0480766296386719
0.0555229187011719 0.0590705871582031 0.05084228515625 -0.0119171142578125
0.0666923522949219 0.0451507568359375 0.06182861328125 0.00301742553710938
0.0709609985351563 0.0108642578125 0.0717697143554688 -0.0139312744140625
0.0592269897460938 -0.0121612548828125 0.0583724975585938 -0.0226783752441406
0.0418167114257813 -0.0448455810546875 0.0477218627929688 -0.035675048828125
0.0218391418457031 -0.0596885681152344 0.0351142883300781 -0.0334758758544922
0.0170631408691406 -0.0574569702148438 0.0254955291748047 -0.0171375274658203
0.0119056701660156 -0.0690574645996094 0.025543212890625 -0.000284194946289067
0.0231781005859375 -0.068115234375 0.0098257064819336 0.01617431640625
0.0542411804199219 -0.0584983825683594 -0.00655364990234375 0.026214599609375
0.0747146606445313 -0.0383682250976562 -0.0182113647460937 0.0123157501220703
0.0870742797851563 0.017791748046875 -0.0212860107421875 0.00162315368652344
0.0857162475585938 0.0463333129882813 -0.00637102127075195 -0.00602102279663086
0.0703887939453125 0.0691986083984375 0.0168733596801758 0.0101814270019531
0.052001953125 0.0843658447265625 0.0507659912109375 -0.0156936645507812
0.05535888671875 0.0700149536132813 0.0678596496582031 0.0106048583984375
0.0741500854492188 0.0541915893554688 0.0683326721191406 0.0121116638183594
0.0825119018554687 0.0149154663085937 0.0695877075195313 -0.00684738159179687
0.0695343017578125 -0.0107040405273438 0.0489616394042969 -0.0134239196777344
0.0537872314453125 -0.0459136962890625 0.0372467041015625 -0.0189895629882813
0.0340652465820313 -0.0598564147949219 0.0278396606445313 -0.0107536315917969
0.0302314758300781 -0.0563201904296875 0.0219573974609375 0.0051727294921875
0.028076171875 -0.0661735534667969 0.0249156951904297 0.0208969116210937
0.0350875854492187 -0.05963134765625 0.00757598876953125 0.0327701568603516
0.0620613098144531 -0.045013427734375 -0.00719451904296874 0.0373001098632812
0.0755844116210938 -0.0246505737304688 -0.0157070159912109 0.0183048248291016
0.0800857543945313 0.0291595458984375 -0.0123434066772461 0.00505352020263672
0.0750961303710937 0.0561599731445312 0.0151891708374023 0.00298309326171875
0.056121826171875 0.0741806030273438 0.0386390686035156 0.036346435546875
0.033782958984375 0.0733108520507813 0.0633506774902344 0.0143089294433594
0.0445976257324219 0.0656967163085938 0.0800704956054688 0.0295944213867188
0.0656280517578125 0.0498924255371094 0.0704879760742187 0.017852783203125
0.0754776000976563 0.0155258178710938 0.0615997314453125 0.000480651855468751
0.0634269714355469 -0.00676345825195313 0.0356788635253906 -0.00291824340820313
0.0538711547851563 -0.0378074645996094 0.0235023498535156 0.000104904174804685
0.0403823852539063 -0.0504302978515625 0.0187702178955078 0.01409912109375
0.0383453369140625 -0.0464897155761719 0.0150680541992188 0.0270347595214844
0.0396766662597656 -0.0537605285644531 0.0165824890136719 0.0397453308105469
0.0445022583007812 -0.0423507690429687 0.000228881835937499 0.0450096130371094
0.0632095336914063 -0.0234298706054688 -0.0122642517089844 0.0433998107910156
0.0681495666503906 -0.0048828125 -0.016510009765625 0.0221309661865234
0.0620918273925781 0.0412940979003906 -0.00758504867553711 0.00794601440429688
0.0504302978515625 0.0612525939941406 0.0293483734130859 0.0138168334960938
0.032318115234375 0.0710220336914063 0.0510063171386719 0.0623703002929688
0.0108871459960938 0.0506973266601562 0.0682449340820313 0.0355606079101563
0.0233154296875 0.0479393005371094 0.0836334228515625 0.0405120849609375
0.0399742126464844 0.0363235473632813 0.0668106079101563 0.0193214416503906
0.0497360229492188 0.0147285461425781 0.0504913330078125 0.00632476806640625
0.0430984497070312 0.0010223388671875 0.0239391326904297 0.00541305541992188
0.0451850891113281 -0.0208053588867188 0.0113773345947266 0.0161228179931641
0.0403327941894531 -0.0312118530273437 0.00807571411132813 0.0337200164794922
0.0406951904296875 -0.0296630859375 0.00567626953125 0.0439872741699219
0.0455245971679688 -0.0346717834472656 0.00399017333984376 0.0543327331542969
0.0467796325683594 -0.0219268798828125 -0.0131187438964844 0.0526924133300781
0.0546913146972656 -0.00133514404296875 -0.0227928161621094 0.0447540283203125
0.0525703430175781 0.0139923095703125 -0.0211277008056641 0.0236053466796875
0.0366973876953125 0.0475196838378906 -0.00841140747070312 0.0121736526489258
0.0213584899902344 0.0589218139648437 0.0317306518554688 0.0267295837402344
0.00470352172851563 0.0579032897949219 0.0529098510742188 0.08538818359375
-0.0160293579101562 0.0206699371337891 0.0646133422851563 0.0440216064453125
-0.00429916381835938 0.0243911743164062 0.0792999267578125 0.0427093505859375
0.00561332702636719 0.0199146270751953 0.0598526000976562 0.0168724060058594
0.0141811370849609 0.016697883605957 0.0414543151855469 0.0080413818359375
0.0162820816040039 0.0140781402587891 0.0152721405029297 0.00825881958007813
0.0300273895263672 0.00377655029296875 0.002716064453125 0.0244998931884766
0.0357856750488281 -0.00651168823242188 -0.000530242919921878 0.0453033447265625
0.0364265441894531 -0.00831985473632813 -0.00461196899414062 0.0542373657226563
0.0422401428222656 -0.0115585327148438 -0.0117950439453125 0.0622978210449219
0.0404701232910156 -0.00173568725585938 -0.02911376953125 0.0552253723144531
0.03961181640625 0.0141639709472656 -0.0345687866210938 0.0419807434082031
0.0312366485595703 0.0240325927734375 -0.0296306610107422 0.0241050720214844
0.0114974975585937 0.0419082641601563 -0.0159797668457031 0.0157022476196289
-0.00653839111328125 0.0449905395507813 0.0235633850097656 0.03814697265625
-0.0220222473144531 0.0358963012695313 0.0431060791015625 0.100807189941406
0.0477485656738281 -0.00389862060546875 -0.0413970947265625 -0.105880737304687
0.0189342498779297 -0.0257186889648438 -0.0158615112304688 -0.0502128601074219
0.00288581848144531 -0.0256366729736328 0.0239505767822266 -0.0123538970947266
-0.01080322265625 -0.0221729278564453 0.04876708984375 -0.0204544067382813
-0.0148239135742187 -0.0163002014160156 0.0550422668457031 -0.0374794006347656
-0.0283603668212891 -0.00987625122070313 0.0436210632324219 -0.0639533996582031
-0.0316734313964844 -0.0086822509765625 0.0234298706054687 -0.0770263671875
-0.0294284820556641 -0.00995635986328126 0.0109977722167969 -0.0642051696777344
-0.0333652496337891 -0.0147571563720703 0.00400543212890625 -0.0493202209472656
-0.0200538635253906 -0.0267810821533203 -0.00200080871582031 -0.0292224884033203
-0.00147819519042969 -0.0341148376464844 -0.0169525146484375 -0.0122241973876953
0.0151252746582031 -0.0276470184326172 -0.0352630615234375 -0.0112724304199219
0.0307331085205078 -0.0120334625244141 -0.0563926696777344 -0.0196151733398438
0.0393028259277344 -0.0037841796875 -0.0779647827148438 -0.033233642578125
0.0475273132324219 0.00628280639648438 -0.0591926574707031 -0.0493392944335938
0.0641937255859375 0.0304412841796875 -0.0171585083007812 -0.101364135742187
0.0373344421386719 0.003265380859375 0.005767822265625 -0.0488014221191406
0.0269145965576172 -0.0015106201171875 0.0377388000488281 -0.0123786926269531
0.0177650451660156 -0.0120372772216797 0.0602073669433594 -0.0218582153320312
0.0120830535888672 -0.0158061981201172 0.0630531311035156 -0.0348320007324219
-0.00412559509277344 -0.0259532928466797 0.0535049438476563 -0.0610389709472656
-0.0154533386230469 -0.0323486328125 0.033538818359375 -0.0730972290039063
-0.0156440734863281 -0.0339126586914062 0.0184555053710938 -0.0578346252441406
-0.0212936401367187 -0.0431289672851563 0.0129852294921875 -0.0420303344726563
-0.00569534301757813 -0.0524024963378906 0.0023651123046875 -0.0209255218505859
0.0226707458496094 -0.0532722473144531 -0.0125102996826172 -0.00324344635009766
0.0452651977539063 -0.0394172668457031 -0.0293254852294922 -0.00627517700195313
0.0635871887207031 -0.00128936767578125 -0.045318603515625 -0.0113334655761719
0.0700798034667969 0.0170097351074219 -0.0583686828613281 -0.0248985290527344
0.07061767578125 0.03466796875 -0.0386619567871094 -0.0379562377929688
0.0722274780273438 0.0615158081054688 0.00809478759765625 -0.0843048095703125
0.0519752502441406 0.0354957580566406 0.0287208557128906 -0.0371437072753906
0.051788330078125 0.025604248046875 0.0518150329589844 -0.00787353515625
0.0495796203613281 0.00017547607421875 0.070220947265625 -0.0207138061523437
0.0406112670898438 -0.0143852233886719 0.0655555725097656 -0.0319938659667969
0.0217819213867187 -0.0397682189941406 0.0552406311035156 -0.0544509887695313
0.00339126586914063 -0.0527915954589844 0.0373039245605469 -0.0604820251464844
0.000640869140625004 -0.0522270202636719 0.023956298828125 -0.0437774658203125
-0.00636291503906249 -0.0643882751464844 0.0208759307861328 -0.0259571075439453
0.007080078125 -0.069580078125 0.0066680908203125 -0.00540781021118165
0.0415000915527344 -0.0658988952636719 -0.00879764556884766 0.0100135803222656
0.0660781860351563 -0.0472793579101563 -0.0238246917724609 0.00202560424804687
0.0865631103515625 0.0054779052734375 -0.0338363647460937 -0.00445175170898438
0.0903701782226563 0.0323333740234375 -0.0341205596923828 -0.0168437957763672
0.082977294921875 0.0567398071289063 -0.0121803283691406 -0.0188770294189453
0.0727691650390625 0.0830078125 0.0322608947753906 -0.0558624267578125
0.062835693359375 0.0606689453125 0.0511627197265625 -0.0175743103027344
0.075439453125 0.0458755493164063 0.0642356872558594 0.000122070312500003
0.0773468017578125 0.0074615478515625 0.074371337890625 -0.0184402465820313
0.0644798278808594 -0.0156402587890625 0.061309814453125 -0.0274505615234375
0.043304443359375 -0.0505104064941406 0.0495109558105469 -0.0423545837402344
0.0200996398925781 -0.0657691955566406 0.0346832275390625 -0.0409736633300781
0.01611328125 -0.0636253356933594 0.0247955322265625 -0.0223197937011719
0.00896453857421874 -0.0758895874023438 0.0255889892578125 -0.00621986389160157
0.0201644897460938 -0.07513427734375 0.0102605819702148 0.0123605728149414
0.0544509887695313 -0.0673942565917969 -0.00509834289550781 0.02484130859375
0.0780868530273438 -0.0469589233398438 -0.0184135437011719 0.0101490020751953
0.0961456298828125 0.0135879516601562 -0.0221614837646484 0.000757217407226564
0.0968704223632813 0.0446395874023438 -0.00772571563720702 -0.00922870635986328
0.0825881958007813 0.0712661743164063 0.0161600112915039 0.00480365753173829
0.0622100830078125 0.0901336669921875 0.0539970397949219 -0.0226364135742187
0.0644149780273438 0.0743026733398438 0.0716705322265625 0.00589752197265625
0.0860214233398437 0.0554046630859375 0.072296142578125 0.00934600830078125
0.0914764404296875 0.0109176635742188 0.0723419189453125 -0.01104736328125
0.0755462646484375 -0.01513671875 0.0506019592285156 -0.0166397094726563
0.0553932189941406 -0.05377197265625 0.03814697265625 -0.0230064392089844
0.0332756042480469 -0.0681991577148438 0.0281944274902344 -0.0146694183349609
0.0293312072753906 -0.0644683837890625 0.0215682983398438 0.00255012512207031
0.0254974365234375 -0.0756149291992188 0.0252857208251953 0.0171031951904297
0.0346336364746094 -0.0681648254394531 0.00864028930664063 0.0302295684814453
0.0644645690917969 -0.0544509887695313 -0.00598144531249999 0.03582763671875
0.0815963745117188 -0.03253173828125 -0.0156726837158203 0.0169582366943359
0.0907058715820313 0.0270614624023437 -0.0122737884521484 0.00323200225830078
0.08575439453125 0.0568161010742188 0.0160455703735352 -0.000504493713378903
0.067901611328125 0.07928466796875 0.0419120788574219 0.032379150390625
0.0434188842773438 0.0799713134765625 0.070281982421875 0.0104751586914063
0.0529136657714844 0.0702438354492188 0.0861587524414063 0.0259552001953125
0.0763015747070312 0.0522613525390625 0.0753936767578125 0.0148162841796875
0.0848159790039063 0.011932373046875 0.0645523071289063 -0.00253677368164062
0.0704421997070312 -0.0124130249023437 0.037017822265625 -0.00430679321289063
0.0567054748535156 -0.0463638305664063 0.0247173309326172 -0.00165748596191407
0.0400276184082031 -0.0594940185546875 0.0197868347167969 0.0138225555419922
0.0385246276855469 -0.0551223754882813 0.0154151916503906 0.0266571044921875
0.0388069152832031 -0.0638351440429688 0.0191459655761719 0.0392646789550781
0.0453910827636719 -0.0514335632324219 0.000503540039062499 0.0447998046875
0.0680274963378906 -0.0316390991210938 -0.0115699768066406 0.0436134338378906
0.0757904052734375 -0.010772705078125 -0.0163612365722656 0.0212154388427734
0.0718994140625 0.0419464111328125 -0.00644731521606445 0.00657367706298828
0.0614280700683594 0.0654716491699219 0.0326976776123047 0.0105991363525391
0.0419387817382813 0.0782012939453125 0.0581893920898437 0.0609855651855469
0.0155601501464844 0.0571098327636719 0.0785064697265625 0.0338516235351563
0.0296249389648437 0.053619384765625 0.092437744140625 0.037841796875
0.04901123046875 0.0395774841308594 0.0717926025390625 0.0168304443359375
0.0575485229492187 0.0125656127929688 0.0531692504882813 0.00390625
0.0493888854980469 -0.00258636474609375 0.0241603851318359 0.0059356689453125
0.0477142333984375 -0.0278396606445313 0.0123453140258789 0.0167703628540039
0.041290283203125 -0.0400581359863281 0.010101318359375 0.0362739562988281
0.0413894653320313 -0.0379829406738281 0.00730133056640626 0.0469551086425781
0.0462493896484375 -0.0438957214355469 0.00580978393554688 0.0567741394042969
0.0493698120117187 -0.0299797058105469 -0.0136489868164063 0.0549087524414063
0.0611343383789062 -0.00826263427734375 -0.0226478576660156 0.0462875366210938
0.0608062744140625 0.0107765197753906 -0.02142333984375 0.0237445831298828
0.0452423095703125 0.0501899719238281 -0.00731563568115234 0.0110960006713867
0.028778076171875 0.0647048950195313 0.0372886657714844 0.0256385803222656
0.00999069213867188 0.0659141540527344 0.0622024536132812 0.0869216918945313
-0.0157108306884766 0.0268707275390625 0.075714111328125 0.0452423095703125
-0.00209808349609375 0.0294666290283203 0.0891189575195313 0.0413589477539063
0.00966072082519531 0.0237560272216797 0.0640602111816406 0.014617919921875
0.0196170806884766 0.0166358947753906 0.0431671142578125 0.00809478759765625
0.0215740203857422 0.0126590728759766 0.0154685974121094 0.0106439590454102
0.0340347290039063 -0.0009613037109375 0.00376129150390625 0.0285739898681641
0.0375595092773438 -0.0126304626464844 0.00134658813476563 0.0506401062011719
0.0380859375 -0.0147438049316406 -0.00262832641601562 0.05914306640625
0.0451164245605469 -0.0188713073730469 -0.0102615356445313 0.0675506591796875
0.0435981750488281 -0.00828933715820313 -0.0298118591308594 0.059356689453125
0.0453453063964844 0.00966262817382813 -0.0358772277832031 0.0451812744140625
0.0384521484375 0.0224800109863281 -0.0303421020507813 0.0249481201171875
0.0177116394042969 0.0464668273925781 -0.0149593353271484 0.0162649154663086
-0.00212478637695312 0.0521926879882813 0.0293083190917969 0.0393753051757813
-0.0203475952148437 0.0430831909179688 0.0532302856445313 0.105758666992188
0.0488471984863281 -0.0105476379394531 -0.0543746948242188 -0.10955810546875
0.01507568359375 -0.0300865173339844 -0.0234298706054687 -0.0510215759277344
-0.00175285339355469 -0.0280876159667969 0.0240917205810547 -0.0139636993408203
-0.0157642364501953 -0.0208301544189453 0.0493507385253906 -0.0246543884277344
-0.0180740356445313 -0.0138359069824219 0.0564613342285156 -0.04296875
-0.02996826171875 -0.00499725341796875 0.0423126220703125 -0.0710678100585938
-0.0332012176513672 -0.00413703918457032 0.0184326171875 -0.0844345092773438
-0.0302257537841797 -0.00539779663085937 0.00579833984375 -0.07037353515625
-0.0351638793945313 -0.00941848754882812 -0.000820159912109374 -0.0555267333984375
-0.0240612030029297 -0.0234642028808594 -0.0047760009765625 -0.0335941314697266
-0.0070953369140625 -0.0334701538085938 -0.0184688568115234 -0.0138702392578125
0.0107173919677734 -0.030364990234375 -0.0375556945800781 -0.0106735229492187
0.0292301177978516 -0.0176486968994141 -0.0600357055664063 -0.0167694091796875
0.0401077270507813 -0.0112991333007812 -0.0867767333984375 -0.0294570922851562
0.0507164001464844 -0.00105667114257813 -0.070526123046875 -0.0501937866210938
0.0696067810058594 0.0254173278808594 -0.0290603637695313 -0.108070373535156
0.037994384765625 -0.000293731689453125 -0.000942230224609376 -0.0524063110351563
0.0271358489990234 -0.00362586975097656 0.037384033203125 -0.0156097412109375
0.0165462493896484 -0.0123081207275391 0.0610923767089844 -0.0268402099609375
0.0113925933837891 -0.0158662796020508 0.0641136169433594 -0.0416259765625
-0.0056610107421875 -0.0247917175292969 0.0522918701171875 -0.0697135925292969
-0.0181369781494141 -0.0316905975341797 0.02850341796875 -0.0821151733398438
-0.0185947418212891 -0.0325851440429688 0.0135002136230469 -0.0652275085449219
-0.0252609252929688 -0.04132080078125 0.00827407836914062 -0.0487327575683594
-0.011444091796875 -0.0517425537109375 0.000556945800781252 -0.0252971649169922
0.0167770385742187 -0.0569839477539063 -0.0139274597167969 -0.00548934936523438
0.0418128967285156 -0.0456733703613281 -0.0312175750732422 -0.00609588623046875
0.0656394958496094 -0.00884628295898438 -0.0475845336914062 -0.0102310180664062
0.0755996704101563 0.00867462158203125 -0.0653724670410156 -0.0235557556152344
0.0780792236328125 0.0282440185546875 -0.0482826232910156 -0.040313720703125
0.0813140869140625 0.0591659545898438 -0.000511169433593752 -0.09271240234375
0.0575637817382812 0.0336761474609375 0.0243186950683594 -0.0421409606933594
0.0573997497558594 0.0234336853027344 0.0521812438964844 -0.01123046875
0.0514793395996094 -0.00277328491210938 0.071441650390625 -0.0266876220703125
0.0422248840332031 -0.0172653198242188 0.0668792724609375 -0.0388412475585938
0.0203666687011719 -0.0420722961425781 0.0542030334472656 -0.0630264282226563
-0.000411987304687499 -0.0557518005371094 0.0333747863769531 -0.0696182250976563
-0.00355911254882813 -0.0546836853027344 0.0194931030273437 -0.0504112243652344
-0.0125350952148438 -0.0665168762207031 0.0177154541015625 -0.0333003997802734
0.00130462646484375 -0.0727005004882813 0.00588130950927734 -0.0100955963134766
0.0360183715820313 -0.072906494140625 -0.00894737243652344 0.00753021240234374
0.0643424987792969 -0.056884765625 -0.0254535675048828 0.000848770141601558
0.0917510986328125 -0.00308990478515625 -0.0351123809814453 -0.00448226928710937
0.0991744995117188 0.0243606567382813 -0.0390205383300781 -0.0174674987792969
0.0943069458007812 0.0512924194335938 -0.0186634063720703 -0.0230522155761719
0.084442138671875 0.082611083984375 0.0277023315429688 -0.064453125
0.072509765625 0.0601119995117188 0.0494346618652344 -0.0234756469726562
0.0849456787109375 0.0431900024414063 0.0654029846191406 -0.00481033325195312
0.08319091796875 0.00127410888671875 0.0758132934570313 -0.0243682861328125
0.0673027038574219 -0.0212440490722656 0.061859130859375 -0.03277587890625
0.0413436889648438 -0.0572052001953125 0.0481986999511719 -0.0498390197753906
0.0156631469726562 -0.0719528198242188 0.0314865112304688 -0.0483016967773438
0.0111656188964844 -0.0690574645996094 0.0217094421386719 -0.0278682708740234
0.00235748291015625 -0.0816421508789063 0.0240249633789063 -0.0122108459472656
0.014617919921875 -0.0810394287109375 0.00988197326660156 0.00821971893310546
0.0507431030273438 -0.077056884765625 -0.00440788269042968 0.0223445892333984
0.0775222778320313 -0.057830810546875 -0.0196590423583984 0.00875473022460937
0.104042053222656 0.0048980712890625 -0.0231037139892578 -0.000940322875976561
0.108207702636719 0.0371780395507813 -0.0106678009033203 -0.0125455856323242
0.0958175659179688 0.0686492919921875 0.0138864517211914 -0.000351905822753902
0.0757064819335937 0.0915374755859375 0.0542564392089844 -0.0308151245117187
0.0758132934570313 0.0745773315429687 0.0733566284179688 -0.000762939453124996
0.0974502563476563 0.0529251098632812 0.074737548828125 0.003448486328125
0.0990676879882812 0.0030059814453125 0.0738601684570313 -0.01702880859375
0.079986572265625 -0.0233840942382813 0.0512619018554688 -0.0207328796386719
0.0540962219238281 -0.0626869201660156 0.0377006530761719 -0.0285720825195313
0.0288467407226562 -0.076904296875 0.0268154144287109 -0.0191421508789063
0.0251541137695313 -0.0724334716796875 0.0207862854003906 -0.000564575195312504
0.0195236206054687 -0.0840225219726563 0.0257415771484375 0.0134563446044922
0.030059814453125 -0.0761566162109375 0.00956535339355469 0.0284175872802734
0.0635643005371094 -0.0651130676269531 -0.004791259765625 0.0347976684570312
0.0836257934570313 -0.0437774658203125 -0.0159053802490234 0.0149087905883789
0.100822448730469 0.0204544067382813 -0.0125579833984375 0.00121498107910156
0.0981979370117188 0.0528106689453125 0.0156259536743164 -0.00570106506347656
0.08123779296875 0.0795440673828125 0.0443954467773438 0.0266609191894531
0.0540313720703125 0.083984375 0.0757827758789063 0.00343322753906251
0.0644302368164063 0.0716323852539063 0.0919113159179687 0.0188827514648438
0.0882949829101563 0.050079345703125 0.07867431640625 0.00978851318359375
0.0922698974609375 0.003692626953125 0.0659103393554688 -0.0077362060546875
0.0749130249023438 -0.0198593139648438 0.0374183654785156 -0.00620269775390625
0.0557212829589844 -0.0561256408691406 0.0256233215332031 -0.00382614135742188
0.0362205505371094 -0.0693511962890625 0.0207157135009766 0.0114917755126953
0.0348548889160156 -0.0642585754394531 0.0172557830810547 0.02655029296875
0.0337371826171875 -0.074005126953125 0.0207977294921875 0.0379638671875
0.0431060791015625 -0.0605697631835938 0.00183868408203125 0.0448799133300781
0.0695381164550781 -0.0424461364746094 -0.0102577209472656 0.0433273315429688
0.0814132690429687 -0.0204086303710938 -0.0163936614990234 0.0201854705810547
0.0832290649414063 0.0385589599609375 -0.0061659812927246 0.00496673583984375
0.0742034912109375 0.0649795532226563 0.0346813201904297 0.0056915283203125
0.0533294677734375 0.08203125 0.0648574829101563 0.0560760498046875
0.0240707397460938 0.0620918273925781 0.0877456665039063 0.0287857055664063
0.0379600524902344 0.0564537048339844 0.100852966308594 0.031646728515625
0.05810546875 0.0392189025878906 0.0757064819335938 0.0119171142578125
0.0650444030761719 0.00767135620117188 0.0551109313964844 0.00109100341796875
0.0544586181640625 -0.00834274291992188 0.0254554748535156 0.00540351867675781
0.0480575561523438 -0.0361251831054688 0.0143604278564453 0.0177326202392578
0.0389404296875 -0.0489616394042969 0.0136070251464844 0.0377655029296875
0.0392265319824219 -0.0468292236328125 0.0106620788574219 0.0493812561035156
0.0432815551757812 -0.0545005798339844 0.00930023193359376 0.0583992004394531
0.0494804382324219 -0.0386543273925781 -0.0120010375976562 0.0572700500488281
0.0651626586914062 -0.0170478820800781 -0.0220108032226562 0.0479774475097656
0.06768798828125 0.0035858154296875 -0.0213737487792969 0.0240135192871094
0.0559883117675781 0.0501136779785156 -0.00626850128173828 0.0101232528686523
0.0401840209960938 0.0683212280273438 0.0418357849121094 0.0215339660644531
0.0192489624023438 0.0725173950195313 0.0727691650390625 0.0845108032226562
-0.0124969482421875 0.0320472717285156 0.0873184204101563 0.0425491333007813
0.0022125244140625 0.0348587036132813 0.0984725952148438 0.0360260009765625
0.0154762268066406 0.0267601013183594 0.0674514770507813 0.0106964111328125
0.025634765625 0.0149059295654297 0.04461669921875 0.00597000122070313
0.0259208679199219 0.00969314575195313 0.0160789489746094 0.0115852355957031
0.0359039306640625 -0.00703048706054688 0.00619506835937501 0.0309982299804687
0.03729248046875 -0.0201683044433594 0.00632095336914063 0.05487060546875
0.0372238159179687 -0.0219650268554688 0.0024261474609375 0.06396484375
0.043365478515625 -0.0282516479492188 -0.00603485107421874 0.072723388671875
0.0445098876953125 -0.0160675048828125 -0.0291976928710938 0.0642433166503906
0.0504074096679688 0.00308609008789063 -0.0357856750488281 0.0487861633300781
0.0450668334960938 0.0177574157714844 -0.0300521850585937 0.026885986328125
0.0263862609863281 0.0475234985351562 -0.0134334564208984 0.016697883605957
0.00515365600585938 0.05731201171875 0.0351486206054688 0.0383415222167969
-0.0152778625488281 0.0506134033203125 0.0658721923828125 0.107170104980469
0.0466423034667969 -0.0174217224121094 -0.06683349609375 -0.107872009277344
0.0105552673339844 -0.0330619812011719 -0.03033447265625 -0.0495758056640625
-0.00667190551757812 -0.0283927917480469 0.0222892761230469 -0.0152034759521484
-0.0195980072021484 -0.0183830261230469 0.0492019653320313 -0.0282249450683594
-0.0195884704589844 -0.0105438232421875 0.0550193786621094 -0.0483360290527344
-0.0297298431396484 -0.000345230102539058 0.0382843017578125 -0.0768508911132812
-0.0324497222900391 0.000915527343750005 0.01116943359375 -0.0901107788085938
-0.0298328399658203 -0.00120162963867188 -0.00119781494140625 -0.0744781494140625
-0.0351295471191406 -0.00416183471679687 -0.00712203979492188 -0.0588417053222656
-0.0259952545166016 -0.0194740295410156 -0.00852584838867188 -0.0363121032714844
-0.0121936798095703 -0.0311622619628906 -0.0201873779296875 -0.0148582458496094
0.0057220458984375 -0.0311946868896484 -0.0388336181640625 -0.00929260253906251
0.0263385772705078 -0.023223876953125 -0.0622825622558594 -0.0127944946289062
0.0385894775390625 -0.0182418823242188 -0.0925750732421875 -0.0231170654296875
0.0508232116699219 -0.00825119018554688 -0.0810546875 -0.0461883544921875
0.0729751586914063 0.0188064575195313 -0.0416107177734375 -0.109642028808594
0.0372352600097656 -0.00368881225585938 -0.0080718994140625 -0.0538253784179688
0.0263595581054688 -0.00563621520996094 0.0360069274902344 -0.0176200866699219
0.0147342681884766 -0.0129489898681641 0.0599632263183594 -0.0315132141113281
0.0106086730957031 -0.0153818130493164 0.0625343322753906 -0.0478057861328125
-0.00692367553710938 -0.0227947235107422 0.0480270385742187 -0.0766067504882812
-0.0201454162597656 -0.0296058654785156 0.0208740234375 -0.0886688232421875
-0.0205841064453125 -0.0306549072265625 0.00688552856445313 -0.0696220397949219
-0.0285568237304688 -0.0383033752441406 0.0016937255859375 -0.053436279296875
-0.0164413452148437 -0.0502471923828125 -0.00301551818847656 -0.0289745330810547
0.0111618041992188 -0.0579414367675781 -0.0149431228637695 -0.00744342803955078
0.0360984802246094 -0.0508499145507813 -0.0325756072998047 -0.00522232055664064
0.0649757385253906 -0.0171394348144531 -0.0492134094238281 -0.00749969482421876
0.0772628784179688 -0.000732421875 -0.0711517333984375 -0.01959228515625
0.0824813842773437 0.0197067260742187 -0.0574455261230469 -0.039093017578125
0.0887222290039063 0.0528182983398438 -0.0120925903320313 -0.0963897705078125
0.0613136291503906 0.0297622680664063 0.0177001953125 -0.0460052490234375
0.0609512329101562 0.0195579528808594 0.0511245727539063 -0.0148124694824219
0.0525665283203125 -0.0067901611328125 0.07000732421875 -0.0329742431640625
0.0424842834472656 -0.0204048156738281 0.0647354125976563 -0.0447463989257812
0.0180931091308594 -0.0444488525390625 0.0499343872070313 -0.0706100463867188
-0.00485992431640625 -0.0571975708007812 0.0257568359375 -0.0761032104492187
-0.00787353515625 -0.0553207397460937 0.0133171081542969 -0.0546722412109375
-0.0188941955566406 -0.0669975280761719 0.01202392578125 -0.0384483337402344
-0.00556182861328126 -0.0731353759765625 0.00337505340576172 -0.013636589050293
0.029144287109375 -0.0778427124023438 -0.00975227355957031 0.00570201873779297
0.0589599609375 -0.0644416809082031 -0.0268821716308594 0.000741958618164055
0.0933990478515625 -0.013031005859375 -0.0362167358398437 -0.0038299560546875
0.104278564453125 0.0134811401367188 -0.0437049865722656 -0.0164413452148437
0.102561950683594 0.042327880859375 -0.0258045196533203 -0.0246791839599609
0.0954971313476563 0.077484130859375 0.0202217102050781 -0.0700645446777344
0.0805282592773438 0.055816650390625 0.0453720092773438 -0.0289535522460937
0.0925750732421875 0.0377578735351563 0.0651588439941406 -0.00902938842773438
0.0856552124023438 -0.006103515625 0.0740890502929687 -0.0305557250976562
0.0682373046875 -0.0281867980957031 0.0601921081542969 -0.0380744934082031
0.0381050109863281 -0.0622749328613281 0.0443534851074219 -0.0559844970703125
0.00899505615234376 -0.0761489868164063 0.026153564453125 -0.0537986755371094
0.005462646484375 -0.0718002319335938 0.0167140960693359 -0.0309696197509766
-0.00621795654296876 -0.0844802856445312 0.0205020904541016 -0.0167369842529297
0.00669860839843749 -0.0847702026367188 0.00844192504882813 0.00490427017211914
0.04364013671875 -0.08441162109375 -0.00426292419433593 0.01934814453125
0.0733871459960938 -0.0677719116210938 -0.0208988189697266 0.00807380676269531
0.1077880859375 -0.0055694580078125 -0.0237274169921875 -0.00123405456542969
0.116119384765625 0.02734375 -0.0140714645385742 -0.0147275924682617
0.10675048828125 0.0617218017578125 0.0102071762084961 -0.00430488586425781
0.0880508422851562 0.0884170532226562 0.0522193908691406 -0.0379753112792969
0.0863113403320313 0.0703125 0.0726776123046875 -0.008392333984375
0.107521057128906 0.0455703735351563 0.0750503540039063 -0.00205230712890625
0.102882385253906 -0.0067138671875 0.072265625 -0.0226593017578125
0.0812149047851563 -0.0315933227539063 0.0500869750976563 -0.0246238708496094
0.0497398376464844 -0.07025146484375 0.0352363586425781 -0.0328140258789063
0.0212860107421875 -0.083648681640625 0.0242938995361328 -0.0232467651367188
0.018646240234375 -0.0777511596679688 0.0193080902099609 -0.00265312194824219
0.0104446411132813 -0.0896148681640625 0.0246429443359375 0.00919342041015624
0.0231170654296875 -0.0821609497070312 0.00951576232910157 0.0254554748535156
0.0583953857421875 -0.074859619140625 -0.00364494323730469 0.0324993133544922
0.0822372436523438 -0.054901123046875 -0.0169172286987305 0.0140342712402344
0.107566833496094 0.011138916015625 -0.0130805969238281 -9.34600830078142E-05
0.108192443847656 0.0447769165039063 0.0142984390258789 -0.00988197326660156
0.0933074951171875 0.0756759643554688 0.0440292358398438 0.0207672119140625
0.0658416748046875 0.0828018188476562 0.0783233642578125 -0.00459289550781249
0.0750579833984375 0.069366455078125 0.0946273803710937 0.010833740234375
0.098236083984375 0.04400634765625 0.0793685913085938 0.00351715087890625
0.09698486328125 -0.00566864013671875 0.0649871826171875 -0.011932373046875
0.0763320922851562 -0.0286712646484375 0.037445068359375 -0.00839614868164063
0.0514907836914063 -0.0643844604492188 0.0245628356933594 -0.00589370727539063
0.0293045043945312 -0.077301025390625 0.0210037231445313 0.00966835021972656
0.0287857055664063 -0.0708847045898438 0.0179958343505859 0.0258064270019531
0.0255813598632812 -0.0816802978515625 0.0224037170410156 0.0352363586425781
0.0376014709472656 -0.0684928894042969 0.00314331054687501 0.0440216064453125
0.0669136047363281 -0.0528602600097656 -0.00857543945312499 0.0424156188964844
0.0818023681640625 -0.0310134887695313 -0.0165042877197266 0.0192737579345703
0.0922012329101562 0.0317153930664063 -0.00639295578002929 0.00306844711303711
0.0848464965820312 0.0604934692382812 0.0353622436523438 0.000133514404296879
0.0657806396484375 0.0808639526367188 0.0691146850585938 0.0489158630371094
0.0326309204101563 0.0633926391601563 0.0943756103515625 0.020721435546875
0.0465087890625 0.0563697814941406 0.106040954589844 0.0232009887695313
0.0666313171386719 0.0359916687011719 0.0770263671875 0.005523681640625
0.0694694519042969 0.000396728515625 0.0553207397460938 -0.00295257568359375
0.0564498901367188 -0.0153465270996094 0.0257167816162109 0.00545310974121094
0.0451889038085938 -0.0442733764648438 0.0159435272216797 0.0182628631591797
0.0334854125976562 -0.0570945739746094 0.016937255859375 0.0378303527832031
0.0339927673339844 -0.0541954040527344 0.0144691467285156 0.0505409240722656
0.03656005859375 -0.0626449584960938 0.012908935546875 0.0587272644042969
0.045562744140625 -0.0466499328613281 -0.00976943969726562 0.058563232421875
0.0657539367675781 -0.0268058776855469 -0.0199775695800781 0.0486259460449219
0.0712661743164063 -0.0050201416015625 -0.0212173461914062 0.0240669250488281
0.0657501220703125 0.0464820861816406 -0.00547504425048828 0.00942039489746094
0.0502510070800781 0.0676231384277344 0.0446205139160156 0.0165290832519531
0.0295181274414062 0.0749435424804687 0.0809097290039063 0.0785140991210938
-0.00757217407226563 0.0368919372558594 0.0967788696289063 0.03558349609375
0.00784683227539063 0.0375442504882813 0.105400085449219 0.0283737182617188
0.0211544036865234 0.0278511047363281 0.0692253112792969 0.0052032470703125
0.0300712585449219 0.0121173858642578 0.0450553894042969 0.00360107421875
0.0290451049804688 0.00563430786132813 0.0169792175292969 0.0126495361328125
0.0353584289550781 -0.0137252807617187 0.00934028625488282 0.0333385467529297
0.034698486328125 -0.0266571044921875 0.0122337341308594 0.0568580627441406
0.0344715118408203 -0.0288906097412109 0.00819396972656249 0.0664787292480469
0.0394821166992188 -0.0356216430664063 -0.000167846679687493 0.0757293701171875
0.0427589416503906 -0.0233116149902344 -0.0259552001953125 0.0681266784667969
0.0518798828125 -0.0048675537109375 -0.0339317321777344 0.0519332885742188
0.0499687194824219 0.0116806030273438 -0.0292835235595703 0.0280990600585937
0.0342063903808594 0.0469932556152344 -0.0120868682861328 0.0171680450439453
0.0136184692382812 0.0596122741699219 0.0405158996582031 0.0350532531738281
-0.0082244873046875 0.0551986694335938 0.0771102905273438 0.102401733398437
0.043853759765625 -0.0217704772949219 -0.076171875 -0.103286743164062
0.00589179992675781 -0.0339107513427734 -0.0360527038574219 -0.04644775390625
-0.0105266571044922 -0.0276222229003906 0.0210800170898438 -0.0154476165771484
-0.0216712951660156 -0.0145168304443359 0.0472488403320313 -0.0303878784179688
-0.0206165313720703 -0.00742912292480469 0.0523643493652344 -0.0517730712890625
-0.0278034210205078 0.00356674194335937 0.0341949462890625 -0.079833984375
-0.0308151245117188 0.00474739074707032 0.00434875488281251 -0.0919570922851563
-0.0287647247314453 0.00199699401855468 -0.007537841796875 -0.0760269165039063
-0.0334815979003906 8.2015991210932E-05 -0.0134429931640625 -0.06011962890625
-0.02679443359375 -0.0151081085205078 -0.0116462707519531 -0.03802490234375
-0.0146617889404297 -0.0278720855712891 -0.0214347839355469 -0.0157089233398438
0.0012054443359375 -0.0308208465576172 -0.0395164489746094 -0.00833892822265625
0.0215415954589844 -0.0259857177734375 -0.0626678466796875 -0.00982284545898437
0.0354766845703125 -0.0229415893554688 -0.095672607421875 -0.0169677734375
0.0487480163574219 -0.01458740234375 -0.08868408203125 -0.0411529541015625
0.0734786987304688 0.01275634765625 -0.051971435546875 -0.107002258300781
0.0355644226074219 -0.00585556030273437 -0.0146980285644531 -0.0523147583007812
0.0252189636230469 -0.00690460205078125 0.0339241027832031 -0.018890380859375
0.0134773254394531 -0.0124244689941406 0.0576400756835938 -0.0346412658691406
0.00976181030273438 -0.014796257019043 0.059722900390625 -0.051666259765625
-0.00736045837402344 -0.0213451385498047 0.042938232421875 -0.0803375244140625
-0.0214748382568359 -0.0274410247802734 0.0137481689453125 -0.0911712646484375
-0.0216732025146484 -0.0281505584716797 0.000213623046874998 -0.0717544555664063
-0.0303916931152344 -0.0352363586425781 -0.00478363037109375 -0.0554695129394531
-0.0195579528808594 -0.0471992492675781 -0.0063934326171875 -0.0316143035888672
0.00553512573242188 -0.0575599670410156 -0.0161943435668945 -0.0090627670288086
0.030975341796875 -0.0526885986328125 -0.0331993103027344 -0.00553512573242187
0.0621910095214844 -0.023193359375 -0.0496330261230469 -0.00609970092773437
0.0762481689453125 -0.0087890625 -0.0745315551757813 -0.016204833984375
0.0838851928710938 0.01177978515625 -0.0655097961425781 -0.0360183715820313
0.0934524536132813 0.0466842651367188 -0.0206222534179687 -0.0965499877929688
0.0630149841308594 0.0254402160644531 0.0114097595214844 -0.0470848083496094
0.0628128051757812 0.0155563354492187 0.0482330322265625 -0.0169639587402344
0.0519027709960937 -0.00968170166015625 0.0668716430664063 -0.036407470703125
0.0416946411132813 -0.0234336853027344 0.0619888305664063 -0.0488319396972656
0.0157470703125 -0.0450897216796875 0.0451431274414063 -0.0742950439453125
-0.00864791870117188 -0.0569915771484375 0.0188064575195312 -0.0793228149414063
-0.01116943359375 -0.0551185607910156 0.00763320922851562 -0.0565872192382812
-0.0232810974121094 -0.0651054382324219 0.00646209716796875 -0.0410041809082031
-0.0110702514648438 -0.0721664428710938 0.000194549560546876 -0.0164699554443359
0.022430419921875 -0.0791244506835938 -0.0104885101318359 0.00376319885253906
0.0528907775878906 -0.0691871643066406 -0.0276203155517578 7.82012939453123E-05
0.091766357421875 -0.021331787109375 -0.0367660522460938 -0.00343322753906251
0.105262756347656 0.0039825439453125 -0.0470466613769531 -0.0153770446777344
0.107070922851563 0.0340957641601563 -0.0323200225830078 -0.0243511199951172
0.103050231933594 0.071533203125 0.0132217407226563 -0.0728836059570313
0.0849456787109375 0.0507431030273438 0.0404434204101563 -0.0328178405761719
0.0971527099609375 0.0309371948242187 0.0627403259277344 -0.0126724243164062
0.0859603881835938 -0.0123443603515625 0.0708541870117188 -0.0346450805664063
0.06787109375 -0.0329704284667969 0.0576591491699219 -0.0414619445800781
0.0337409973144531 -0.0654067993164063 0.0398063659667969 -0.0598869323730469
0.003082275390625 -0.0779342651367188 0.0202064514160156 -0.0564918518066406
6.10351562499963E-05 -0.073455810546875 0.0127124786376953 -0.0330219268798828
-0.0131378173828125 -0.0848007202148438 0.0159702301025391 -0.0202007293701172
4.57763671875026E-05 -0.0852584838867188 0.00630855560302734 0.00197124481201171
0.0361404418945313 -0.0879440307617188 -0.00473785400390625 0.0170192718505859
0.0673828125 -0.0743789672851563 -0.0215816497802734 0.00675010681152343
0.108413696289063 -0.0147781372070313 -0.0240802764892578 -0.00233650207519531
0.118980407714844 0.0169677734375 -0.0178089141845703 -0.0155963897705078
0.11395263671875 0.05316162109375 0.0054316520690918 -0.0070352554321289
0.096771240234375 0.0831985473632813 0.0484046936035156 -0.0425682067871094
0.093292236328125 0.0649871826171875 0.0697860717773438 -0.01373291015625
0.113533020019531 0.038116455078125 0.072906494140625 -0.00615692138671875
0.103492736816406 -0.0149917602539063 0.0694770812988281 -0.0259513854980469
0.0805282592773438 -0.0387496948242188 0.0482101440429688 -0.026885986328125
0.0447235107421875 -0.0750503540039063 0.0322380065917969 -0.0357704162597656
0.01397705078125 -0.0867538452148437 0.0208320617675781 -0.0254173278808594
0.0118026733398437 -0.0802078247070313 0.0173873901367188 -0.00410270690917969
0.00163269042968751 -0.091796875 0.0221920013427734 0.00633049011230468
0.0161514282226562 -0.0849838256835938 0.00819015502929688 0.0234375
0.0522003173828125 -0.08099365234375 -0.00380134582519531 0.0302143096923828
0.0783004760742188 -0.062744140625 -0.0175676345825195 0.0131168365478516
0.11004638671875 0.0021820068359375 -0.0139570236206055 -0.00194168090820312
0.114105224609375 0.0364837646484375 0.011322021484375 -0.0134029388427734
0.102081298828125 0.0694122314453125 0.0421524047851563 0.0150718688964844
0.0745925903320313 0.0794448852539063 0.0779876708984375 -0.01129150390625
0.0818557739257813 0.0646133422851563 0.093963623046875 0.00347137451171875
0.104331970214844 0.0367355346679688 0.078216552734375 -0.000770568847656248
0.0981826782226563 -0.0140914916992188 0.0629119873046875 -0.0154037475585938
0.0758895874023438 -0.03570556640625 0.0368728637695313 -0.00989151000976563
0.046142578125 -0.0703887939453125 0.0240402221679688 -0.00713729858398438
0.0217437744140625 -0.0817947387695313 0.0208187103271484 0.00836753845214843
0.0221176147460938 -0.0750274658203125 0.0188808441162109 0.0249881744384766
0.0172653198242187 -0.085357666015625 0.0223140716552734 0.0332622528076172
0.0313034057617188 -0.0728912353515625 0.00352859497070313 0.0427703857421875
0.0629997253417969 -0.0607414245605469 -0.007598876953125 0.041229248046875
0.080657958984375 -0.0391387939453125 -0.0168647766113281 0.018646240234375
0.0971221923828125 0.0243148803710938 -0.00688695907592773 0.000881671905517579
0.0924453735351563 0.054290771484375 0.03424072265625 -0.00493621826171875
0.0748367309570313 0.0774154663085938 0.0701255798339844 0.0421676635742188
0.0399894714355469 0.06268310546875 0.0973052978515625 0.0131607055664063
0.0526695251464844 0.0537567138671875 0.108016967773437 0.0152587890625
0.0723342895507813 0.0315170288085938 0.0765609741210938 0.00121307373046875
0.071319580078125 -0.00623321533203125 0.0533943176269531 -0.00473403930664063
0.0567207336425781 -0.0212249755859375 0.0262641906738281 0.00514030456542969
0.0410346984863281 -0.0499801635742188 0.0174970626831055 0.0173530578613281
0.0270652770996094 -0.061737060546875 0.0199089050292969 0.0374069213867187
0.0284614562988281 -0.0584754943847656 0.0178680419921875 0.050140380859375
0.0292739868164063 -0.0673637390136719 0.0155906677246094 0.0578079223632812
0.0407905578613281 -0.0523109436035156 -0.0081634521484375 0.0585784912109375
0.0634918212890625 -0.0347900390625 -0.0185432434082031 0.0490531921386719
0.0716323852539063 -0.0132293701171875 -0.0210914611816406 0.023590087890625
0.0716552734375 0.0415115356445312 -0.00493383407592773 0.00787210464477539
0.0584945678710938 0.0645523071289063 0.0455245971679688 0.0114059448242188
0.0379791259765625 0.0742034912109375 0.085205078125 0.0710601806640625
-0.00278091430664062 0.0390357971191406 0.101943969726563 0.0287322998046875
0.0128822326660156 0.0385627746582031 0.10845947265625 0.0206222534179688
0.0262908935546875 0.02679443359375 0.0690536499023438 0.00115585327148438
0.0332527160644531 0.00830459594726563 0.04437255859375 0.00191116333007813
0.0308208465576172 0.00151824951171875 0.0180225372314453 0.0134506225585938
0.0335979461669922 -0.0184459686279297 0.0122318267822266 0.0341300964355469
0.0303783416748047 -0.0316162109375 0.0177383422851563 0.0570220947265625
0.0301570892333984 -0.0327930450439453 0.0133857727050781 0.066925048828125
0.0342788696289063 -0.0411148071289063 0.0047607421875 0.0757904052734375
0.0393333435058594 -0.0287361145019531 -0.0229110717773437 0.0705337524414063
0.0514450073242188 -0.0116310119628906 -0.0323028564453125 0.0528602600097656
0.0516586303710938 0.00591278076171875 -0.0287322998046875 0.0286102294921875
0.0409469604492187 0.0442008972167969 -0.0106258392333984 0.0164089202880859
0.0207901000976562 0.0594940185546875 0.0434417724609375 0.0307998657226563
-0.00233840942382813 0.0575637817382813 0.0841751098632813 0.0962371826171875
0.0411224365234375 -0.0247650146484375 -0.0819015502929688 -0.0989456176757813
0.00209808349609375 -0.0335483551025391 -0.03948974609375 -0.0435867309570313
-0.0136299133300781 -0.0265045166015625 0.0205783843994141 -0.0154170989990234
-0.0229377746582031 -0.011810302734375 0.0463409423828125 -0.0310897827148438
-0.0204753875732422 -0.00512886047363281 0.0514144897460938 -0.05340576171875
-0.0262165069580078 0.006622314453125 0.03118896484375 -0.0816268920898438
-0.0289134979248047 0.00726509094238281 -0.000610351562499995 -0.093170166015625
-0.0263671875 0.00451469421386719 -0.0125274658203125 -0.0764617919921875
-0.0313320159912109 0.00296211242675781 -0.017913818359375 -0.0604705810546875
-0.0264663696289063 -0.0120906829833984 -0.0141181945800781 -0.0395660400390625
-0.0162334442138672 -0.0250568389892578 -0.0225028991699219 -0.0163803100585938
-0.00165939331054688 -0.0296764373779297 -0.0394096374511719 -0.00824737548828126
0.0183010101318359 -0.0280170440673828 -0.062591552734375 -0.00845718383789064
0.0328941345214844 -0.0264682769775391 -0.09759521484375 -0.0128936767578125
0.0469017028808594 -0.0187301635742188 -0.0942306518554688 -0.0370941162109375
0.0736083984375 0.008758544921875 -0.0591583251953125 -0.104835510253906
0.0347232818603516 -0.0074310302734375 -0.0193634033203125 -0.0508995056152344
0.0244331359863281 -0.00777435302734375 0.0326690673828125 -0.0192413330078125
0.0125503540039063 -0.0119266510009766 0.0560989379882813 -0.035797119140625
0.00978565216064453 -0.0146331787109375 0.0581092834472656 -0.0539627075195313
-0.00746917724609375 -0.0197696685791016 0.03985595703125 -0.08319091796875
-0.0221157073974609 -0.0261936187744141 0.00788879394531251 -0.0930938720703125
-0.0214977264404297 -0.0267906188964844 -0.00518798828125001 -0.072174072265625
-0.0303382873535156 -0.0328006744384766 -0.00966262817382813 -0.056304931640625
-0.0211982727050781 -0.0448112487792969 -0.00979232788085938 -0.0331878662109375
0.00194549560546875 -0.0561408996582031 -0.0179271697998047 -0.0103225708007813
0.0263633728027344 -0.0534477233886719 -0.0339069366455078 -0.00562477111816407
0.0598678588867187 -0.02716064453125 -0.0494613647460937 -0.00591659545898437
0.0746612548828125 -0.0142745971679688 -0.07733154296875 -0.0133514404296875
0.0841064453125 0.0057830810546875 -0.0708999633789063 -0.0337295532226562
0.0957870483398438 0.0424575805664063 -0.0276641845703125 -0.0958786010742188
0.0638008117675781 0.0232582092285156 0.0062713623046875 -0.0470619201660156
0.0647048950195313 0.0130691528320313 0.0467300415039063 -0.0176353454589844
0.0515365600585938 -0.0116691589355469 0.0650253295898438 -0.0379219055175781
0.0417709350585938 -0.0244178771972656 0.0601997375488281 -0.0508499145507813
0.0147590637207031 -0.0457801818847656 0.0416641235351563 -0.0773849487304688
-0.0113182067871094 -0.0564193725585937 0.0136566162109375 -0.0809707641601563
-0.01287841796875 -0.0546035766601562 0.00283432006835938 -0.0573768615722656
-0.0264968872070312 -0.0633583068847656 0.00102615356445312 -0.0425834655761719
-0.0144882202148437 -0.0706100463867188 -0.00278472900390625 -0.0186290740966797
0.0174331665039063 -0.0793304443359375 -0.0119743347167969 0.00191307067871093
0.048095703125 -0.0716400146484375 -0.028076171875 -0.000659942626953129
0.090576171875 -0.0265731811523437 -0.0367660522460937 -0.00426483154296876
0.105926513671875 -0.00316619873046875 -0.0498504638671875 -0.0144309997558594
0.10943603515625 0.0280075073242187 -0.0378570556640625 -0.0234146118164062
0.107200622558594 0.0660629272460938 0.00797271728515626 -0.0740890502929688
0.0880661010742188 0.0469131469726563 0.0357246398925781 -0.0339508056640625
0.100028991699219 0.0259323120117188 0.0608978271484375 -0.0132598876953125
0.0856170654296875 -0.017059326171875 0.0688629150390625 -0.0357742309570313
0.0674095153808594 -0.036865234375 0.0555496215820313 -0.0432281494140625
0.0309524536132812 -0.0674209594726563 0.0369300842285156 -0.0619010925292969
-0.00173187255859375 -0.0786056518554687 0.0153732299804687 -0.0580863952636719
-0.00317382812500001 -0.0738983154296875 0.00952720642089844 -0.0333900451660156
-0.018402099609375 -0.08428955078125 0.0117435455322266 -0.0219764709472656
-0.00469207763671874 -0.084930419921875 0.00377488136291504 0.000402688980102534
0.0314407348632812 -0.0899429321289062 -0.00640392303466797 0.0151958465576172
0.0630874633789063 -0.0789871215820313 -0.0227375030517578 0.00628280639648437
0.108192443847656 -0.0212478637695313 -0.0251827239990234 -0.00364112854003906
0.1207275390625 0.00958251953125 -0.0205326080322266 -0.0164661407470703
0.117691040039063 0.04742431640625 0.000896453857421882 -0.00792264938354492
0.102485656738281 0.0786514282226563 0.0448570251464844 -0.0457420349121094
0.0975418090820313 0.0606765747070313 0.0668792724609375 -0.01678466796875
0.117660522460938 0.032623291015625 0.0717010498046875 -0.007537841796875
0.10308837890625 -0.0206298828125 0.0670967102050781 -0.0273170471191406
0.08001708984375 -0.043487548828125 0.047210693359375 -0.0277481079101563
0.040985107421875 -0.0782623291015625 0.0304489135742188 -0.0375747680664063
0.00789642333984376 -0.0886001586914063 0.0185413360595703 -0.0264167785644531
0.00731658935546876 -0.0820236206054688 0.0157957077026367 -0.00426197052001954
-0.00397491455078126 -0.092529296875 0.0200958251953125 0.00470924377441406
0.0105361938476563 -0.0862579345703125 0.00658988952636719 0.0212173461914062
0.0470657348632812 -0.08428955078125 -0.00432586669921875 0.0288143157958984
0.074615478515625 -0.0681304931640625 -0.0182838439941406 0.0118904113769531
0.112068176269531 -0.00443267822265625 -0.0143423080444336 -0.00319576263427734
0.11761474609375 0.0293502807617188 0.00889110565185548 -0.0158548355102539
0.10760498046875 0.0643539428710938 0.0392684936523438 0.0121955871582031
0.081207275390625 0.0769195556640625 0.077484130859375 -0.015777587890625
0.086517333984375 0.0609130859375 0.0931854248046875 -0.000877380371093746
0.109077453613281 0.0314178466796875 0.076568603515625 -0.00334930419921875
0.097625732421875 -0.0202102661132812 0.06134033203125 -0.0166969299316406
0.0751266479492188 -0.0406494140625 0.0363922119140625 -0.0100135803222656
0.0422134399414063 -0.0741653442382813 0.0234565734863281 -0.00810241699218751
0.0159835815429687 -0.0841064453125 0.0202598571777344 0.00782394409179687
0.0170059204101563 -0.0768814086914063 0.0193881988525391 0.0248241424560547
0.0110092163085938 -0.0878219604492188 0.0216445922851563 0.0316524505615234
0.02618408203125 -0.0755233764648438 0.00324249267578125 0.0418663024902344
0.0588607788085938 -0.065521240234375 -0.00813293457031249 0.0403900146484375
0.0789794921875 -0.0456695556640625 -0.0178756713867188 0.0177383422851562
0.100967407226563 0.01898193359375 -0.00719070434570312 -0.000234127044677733
0.0979537963867188 0.0491485595703125 0.0326156616210938 -0.00816535949707031
0.0814666748046875 0.0746917724609375 0.069244384765625 0.0380668640136719
0.04559326171875 0.0616683959960938 0.0992431640625 0.007781982421875
0.0577278137207031 0.0517921447753906 0.10797119140625 0.0099945068359375
0.0766983032226563 0.0278167724609375 0.075408935546875 -0.00146484375
0.071990966796875 -0.0113143920898437 0.0528411865234375 -0.00574493408203125
0.0566291809082031 -0.0257797241210938 0.0265254974365234 0.00566864013671875
0.0380592346191406 -0.0539588928222656 0.0185108184814453 0.0175857543945312
0.0220184326171875 -0.06439208984375 0.0219688415527344 0.0372810363769531
0.0236663818359375 -0.0609779357910156 0.0198554992675781 0.0498313903808594
0.0233116149902344 -0.0700416564941406 0.0169639587402344 0.0569114685058594
0.0359916687011719 -0.0559310913085937 -0.00713348388671875 0.0593414306640625
0.0610733032226563 -0.0401153564453125 -0.018096923828125 0.0482864379882813
0.071533203125 -0.0187301635742188 -0.0205612182617188 0.0230770111083984
0.0766143798828125 0.0370407104492188 -0.00494813919067382 0.00576257705688477
0.0647048950195313 0.061279296875 0.0455245971679688 0.00744247436523438
0.04425048828125 0.0731887817382813 0.087371826171875 0.0661087036132813
0.0012969970703125 0.0397796630859375 0.106094360351563 0.0230026245117188
0.0170631408691406 0.0386009216308594 0.110664367675781 0.015380859375
0.0304737091064453 0.0256938934326172 0.0682945251464844 -0.0013580322265625
0.0351982116699219 0.00520706176757813 0.0444107055664063 0.00155258178710938
0.0321140289306641 -0.00150680541992187 0.0190486907958984 0.0144500732421875
0.0317459106445313 -0.0222434997558594 0.0150089263916016 0.0344581604003906
0.0273342132568359 -0.0350322723388672 0.0210762023925781 0.056976318359375
0.0265922546386719 -0.0357589721679688 0.0172195434570312 0.0674781799316406
0.0298995971679688 -0.0440254211425781 0.00789642333984375 0.0762100219726563
0.0360336303710938 -0.0320014953613281 -0.0213546752929687 0.071136474609375
0.0499839782714844 -0.0169181823730469 -0.0310478210449219 0.0531997680664063
0.0522918701171875 0.00077056884765625 -0.0279960632324219 0.0279731750488281
0.04510498046875 0.0417442321777344 -0.00972557067871093 0.0153207778930664
0.026123046875 0.0586471557617188 0.0452995300292969 0.0269317626953125
0.00281524658203125 0.05877685546875 0.0884780883789063 0.0912628173828125
0.0388679504394531 -0.0271797180175781 -0.0874710083007812 -0.0975494384765625
-0.000226974487304688 -0.0333194732666016 -0.0425300598144531 -0.0415382385253906
-0.0161209106445313 -0.0257358551025391 0.0206050872802734 -0.0150928497314453
-0.0243358612060547 -0.00998878479003907 0.0469970703125 -0.0326271057128906
-0.0204753875732422 -0.00313568115234375 0.0511283874511719 -0.0555610656738281
-0.0251045227050781 0.00848007202148438 0.0301513671875 -0.0844268798828125
-0.0276622772216797 0.0086517333984375 -0.0044403076171875 -0.0950164794921875
-0.0252456665039063 0.0053558349609375 -0.0158767700195313 -0.0781936645507813
-0.0295753479003906 0.00487327575683594 -0.022003173828125 -0.0616188049316406
-0.0258140563964844 -0.00977516174316406 -0.0165443420410156 -0.0412445068359375
-0.0170764923095703 -0.0229854583740234 -0.0242099761962891 -0.0175666809082031
-0.00387382507324219 -0.0283222198486328 -0.0404891967773438 -0.00861740112304688
0.0154972076416016 -0.0293998718261719 -0.0640068054199219 -0.00815200805664063
0.0306663513183594 -0.0292530059814453 -0.100181579589844 -0.0102157592773438
0.0456390380859375 -0.021759033203125 -0.100288391113281 -0.0347213745117188
0.074249267578125 0.00609588623046875 -0.0648422241210937 -0.104202270507812
0.0335617065429688 -0.00791168212890625 -0.0235214233398437 -0.0497665405273438
0.0241603851318359 -0.00802230834960938 0.0324249267578125 -0.0189285278320313
0.0122461318969727 -0.0115127563476563 0.0561180114746094 -0.0375213623046875
0.01043701171875 -0.0147619247436523 0.0581130981445313 -0.0557174682617187
-0.00663566589355469 -0.0199127197265625 0.0380096435546875 -0.0860366821289063
-0.0225124359130859 -0.0253238677978516 0.00400543212890626 -0.0953826904296875
-0.0217399597167969 -0.0270061492919922 -0.00896453857421875 -0.07391357421875
-0.0310745239257812 -0.0316886901855469 -0.0139427185058594 -0.0579643249511719
-0.0218162536621094 -0.0437393188476563 -0.0123443603515625 -0.0348243713378906
-6.1035156250001E-05 -0.0552444458007813 -0.0196037292480469 -0.0116386413574219
0.0241317749023438 -0.05438232421875 -0.03472900390625 -0.0064697265625
0.0583724975585938 -0.0306739807128906 -0.0506820678710938 -0.00620269775390626
0.074432373046875 -0.018524169921875 -0.0805130004882813 -0.011444091796875
0.0858383178710938 0.0021209716796875 -0.0774154663085938 -0.0320510864257813
0.0992202758789063 0.0398330688476563 -0.0331268310546875 -0.0961532592773438
0.0660400390625 0.0216331481933594 0.00236892700195313 -0.0470161437988281
0.0668296813964844 0.0110092163085938 0.0464324951171875 -0.0182380676269531
0.0527229309082031 -0.0129356384277344 0.0646553039550781 -0.0389976501464844
0.0428504943847656 -0.0265998840332031 0.0603141784667969 -0.0526962280273437
0.0140190124511719 -0.0471000671386719 0.0395584106445313 -0.0801162719726563
-0.0131111145019531 -0.0568046569824219 0.00955200195312501 -0.0830841064453125
-0.0146484375 -0.0556602478027344 -0.0008544921875 -0.0584716796875
-0.0289306640625 -0.0633468627929688 -0.00276184082031251 -0.0441169738769531
-0.016754150390625 -0.0707244873046875 -0.00547599792480469 -0.0203037261962891
0.0147247314453125 -0.080322265625 -0.0138149261474609 6.67572021484342E-05
0.0453109741210938 -0.0741729736328125 -0.0301361083984375 -0.00124549865722657
0.0910491943359375 -0.03125 -0.0382881164550781 -0.00500106811523438
0.107109069824219 -0.0086822509765625 -0.0536956787109375 -0.0139923095703125
0.112472534179688 0.0239715576171875 -0.0432090759277344 -0.0229759216308594
0.112716674804688 0.0643081665039062 0.00394439697265626 -0.0759429931640625
0.0919570922851562 0.0452117919921875 0.0328617095947266 -0.0347900390625
0.104011535644531 0.0229568481445312 0.0605049133300781 -0.0137748718261719
0.0868606567382813 -0.019989013671875 0.06817626953125 -0.0367279052734375
0.0688705444335938 -0.0400886535644531 0.0560455322265625 -0.0446929931640625
0.0292930603027344 -0.0697669982910156 0.0351066589355469 -0.0644721984863281
-0.00488281250000001 -0.08062744140625 0.0125350952148438 -0.0593070983886719
-0.0061492919921875 -0.07568359375 0.00714492797851563 -0.0340480804443359
-0.022430419921875 -0.0851898193359375 0.00860786437988281 -0.0228214263916016
-0.00778198242187501 -0.085479736328125 0.00157451629638672 -0.00114548206329346
0.0280914306640625 -0.092620849609375 -0.00790691375732422 0.0139799118041992
0.06005859375 -0.0822982788085938 -0.0238857269287109 0.00525093078613281
0.109878540039063 -0.0265884399414062 -0.0261096954345703 -0.00473594665527344
0.124237060546875 0.00370025634765625 -0.0234222412109375 -0.0176982879638672
0.12261962890625 0.0437393188476563 -0.00286102294921874 -0.00881385803222656
0.108901977539063 0.0769195556640625 0.0431365966796875 -0.0483665466308594
0.102058410644531 0.058502197265625 0.0644493103027344 -0.0187301635742187
0.123199462890625 0.0283432006835937 0.0711593627929688 -0.00786590576171875
0.104721069335938 -0.0254974365234375 0.0671424865722656 -0.0281829833984375
0.0811004638671875 -0.0476837158203125 0.0477218627929688 -0.0285682678222656
0.0386428833007812 -0.081512451171875 0.0291290283203125 -0.0386886596679688
0.00421905517578126 -0.0907440185546875 0.0160274505615234 -0.0270843505859375
0.00387573242187501 -0.08441162109375 0.0147838592529297 -0.00431442260742188
-0.00937652587890624 -0.0945510864257813 0.0171833038330078 0.00374031066894531
0.00732421875000001 -0.088134765625 0.00523757934570313 0.0212154388427734
0.0441360473632813 -0.0881195068359375 -0.00545310974121094 0.0278778076171875
0.073211669921875 -0.0731353759765625 -0.0198421478271484 0.0112323760986328
0.115425109863281 -0.00940704345703125 -0.0156707763671875 -0.00486469268798828
0.122238159179688 0.0245513916015625 0.00617980957031251 -0.0184154510498047
0.1138916015625 0.0621414184570313 0.0372962951660156 0.01080322265625
0.0870132446289063 0.0755538940429687 0.0778961181640625 -0.0192337036132813
0.0917739868164063 0.0591583251953125 0.0930252075195313 -0.00380706787109375
0.11444091796875 0.02764892578125 0.0768814086914063 -0.004058837890625
0.0998001098632813 -0.025604248046875 0.0618362426757813 -0.01690673828125
0.0764083862304688 -0.0457763671875 0.037322998046875 -0.00947952270507813
0.0396881103515625 -0.07794189453125 0.0238666534423828 -0.00872421264648438
0.0113067626953125 -0.0863723754882812 0.0204601287841797 0.00721359252929687
0.0131683349609375 -0.0802383422851563 0.0200424194335938 0.0255603790283203
0.00617218017578126 -0.0896453857421875 0.0209751129150391 0.0318183898925781
0.0227508544921875 -0.0785369873046875 0.00250244140625001 0.0420799255371094
0.0562057495117188 -0.0704193115234375 -0.00859832763671875 0.0400161743164062
0.0783538818359375 -0.0507583618164063 -0.0188026428222656 0.0171966552734375
0.105476379394531 0.0143280029296875 -0.00792121887207031 -0.00227737426757812
0.102706909179688 0.0455398559570313 0.0314273834228516 -0.0116024017333984
0.0874481201171875 0.0732421875 0.0697479248046875 0.0361175537109375
0.05059814453125 0.0614013671875 0.102157592773437 0.0040283203125
0.0623550415039063 0.0511398315429688 0.110160827636719 0.0065460205078125
0.081146240234375 0.025238037109375 0.0755844116210937 -0.002227783203125
0.0738601684570313 -0.0155715942382813 0.0531692504882813 -0.00572586059570313
0.0577621459960937 -0.0302200317382812 0.02777099609375 0.00663375854492187
0.0353240966796875 -0.0578269958496094 0.0197582244873047 0.0177803039550781
0.0182304382324219 -0.0677032470703125 0.0239295959472656 0.0372657775878906
0.0204658508300781 -0.0639152526855469 0.0224685668945313 0.0506057739257812
0.0189590454101563 -0.0729904174804688 0.0178871154785156 0.0576820373535156
0.0332107543945312 -0.0590972900390625 -0.00700759887695312 0.0604515075683594
0.0594673156738281 -0.0447006225585938 -0.01849365234375 0.0487937927246094
0.0721359252929688 -0.0233535766601563 -0.0220413208007812 0.0227642059326172
0.0813674926757813 0.03424072265625 -0.00484371185302734 0.00503301620483399
0.0698356628417969 0.0597457885742187 0.0460548400878906 0.00470733642578125
0.0496292114257813 0.073699951171875 0.0890121459960938 0.063629150390625
0.00461578369140625 0.0411643981933594 0.110481262207031 0.0190505981445313
0.0204391479492187 0.0389976501464844 0.114089965820313 0.0115509033203125
0.0339412689208984 0.0249862670898438 0.0686607360839844 -0.00286102294921875
0.0372428894042969 0.00266265869140625 0.0451850891113281 0.00204086303710938
0.0328502655029297 -0.00436782836914063 0.0206642150878906 0.0160179138183594
0.0303192138671875 -0.0254192352294922 0.0175209045410156 0.0354232788085938
0.0241928100585938 -0.0376091003417969 0.0248794555664062 0.0578117370605469
0.0245285034179688 -0.0379714965820313 0.0204696655273438 0.0683097839355469
0.0261802673339844 -0.0462684631347656 0.010162353515625 0.0773468017578125
0.0336570739746094 -0.0352668762207031 -0.0207138061523437 0.0737152099609375
0.0493659973144531 -0.0208320617675781 -0.0313796997070313 0.0542182922363281
0.0536956787109375 -0.00280380249023438 -0.0285587310791016 0.0285415649414063
0.0491256713867187 0.0403709411621094 -0.00930118560791015 0.0145626068115234
0.0305137634277344 0.0586929321289062 0.0473403930664062 0.024658203125
0.0074310302734375 0.059814453125 0.0926055908203125 0.0898284912109375
0.0384407043457031 -0.0298652648925781 -0.0950088500976563 -0.0967254638671875
-0.0025787353515625 -0.0338993072509766 -0.0468711853027344 -0.0395851135253906
-0.0192241668701172 -0.0250282287597656 0.0209922790527344 -0.0153007507324219
-0.0256080627441406 -0.00800895690917969 0.0478706359863281 -0.0340919494628906
-0.0214824676513672 -0.00124549865722657 0.0512924194335938 -0.0591239929199219
-0.0241374969482422 0.0107250213623047 0.0287551879882813 -0.0887985229492188
-0.026702880859375 0.0107860565185547 -0.00855255126953125 -0.0994033813476563
-0.0243892669677734 0.00686264038085937 -0.0212326049804687 -0.0806808471679688
-0.0283737182617188 0.00652313232421875 -0.0264015197753906 -0.0634536743164063
-0.0253562927246094 -0.00792884826660156 -0.0198783874511719 -0.0437889099121094
-0.0183048248291016 -0.0219058990478516 -0.0262279510498047 -0.0190906524658203
-0.00677490234375 -0.0284366607666016 -0.0425605773925781 -0.00891494750976562
0.0135231018066406 -0.0316123962402344 -0.0664176940917969 -0.00736999511718752
0.0286064147949219 -0.0323085784912109 -0.105789184570313 -0.00653076171875002
0.0452766418457031 -0.0261306762695312 -0.108238220214844 -0.0316848754882812
0.0764923095703125 0.00354766845703125 -0.0725250244140625 -0.104560852050781
0.0336837768554688 -0.00913810729980469 -0.0281448364257812 -0.0490837097167969
0.024200439453125 -0.00891494750976562 0.0328903198242188 -0.0199298858642578
0.0119009017944336 -0.0115795135498047 0.0570945739746094 -0.0397224426269531
0.0108728408813477 -0.0148649215698242 0.0585670471191406 -0.0595779418945313
-0.00681114196777344 -0.0194606781005859 0.03619384765625 -0.090789794921875
-0.0229129791259766 -0.0251598358154297 -0.000762939453124993 -0.098907470703125
-0.0226898193359375 -0.0272350311279297 -0.0135726928710938 -0.0765380859375
-0.0324974060058594 -0.0311908721923828 -0.0185966491699219 -0.0597305297851562
-0.0236244201660156 -0.0428352355957031 -0.0156784057617187 -0.0371971130371094
-0.00242996215820312 -0.0559425354003906 -0.0220298767089844 -0.0126857757568359
0.0214729309082031 -0.0562057495117188 -0.0372772216796875 -0.006927490234375
0.0580558776855469 -0.0344581604003906 -0.0535392761230469 -0.00632095336914062
0.074859619140625 -0.0236282348632813 -0.085693359375 -0.0093841552734375
0.0887603759765625 -0.00269317626953125 -0.0849380493164063 -0.0299911499023438
0.105133056640625 0.0369720458984375 -0.0397186279296875 -0.0980072021484375
0.0690727233886719 0.0205726623535156 -0.00180816650390624 -0.0465660095214844
0.0701637268066406 0.009185791015625 0.0474777221679688 -0.0183563232421875
0.0538673400878906 -0.0154190063476562 0.0655479431152344 -0.0417289733886719
0.0439987182617187 -0.0292205810546875 0.0610084533691406 -0.056060791015625
0.0132484436035156 -0.0490646362304688 0.037689208984375 -0.0847930908203125
-0.0163917541503906 -0.0583038330078125 0.00484466552734375 -0.0868453979492188
-0.0171699523925781 -0.0574722290039062 -0.00422286987304687 -0.060211181640625
-0.0324821472167969 -0.064453125 -0.00703430175781251 -0.0456962585449219
-0.0195770263671875 -0.0717086791992188 -0.00881385803222657 -0.0218887329101563
0.0113296508789062 -0.0830535888671875 -0.016057014465332 -0.0011444091796875
0.0428695678710938 -0.0785751342773438 -0.0319118499755859 -0.00212478637695313
0.0926055908203125 -0.0375442504882813 -0.0406112670898437 -0.00579071044921876
0.110054016113281 -0.0152969360351562 -0.058258056640625 -0.0132331848144531
0.118537902832031 0.0194854736328125 -0.0489349365234375 -0.0220069885253906
0.120208740234375 0.0619277954101563 -0.000373840332031238 -0.0786285400390625
0.0973892211914062 0.0433273315429688 0.0299110412597656 -0.0359115600585938
0.110359191894531 0.019195556640625 0.0612907409667969 -0.0145645141601563
0.0895004272460938 -0.0245132446289063 0.0691146850585938 -0.0390052795410156
0.0706939697265625 -0.0450820922851563 0.0566329956054688 -0.0477638244628906
0.028106689453125 -0.07415771484375 0.0331954956054688 -0.0686492919921875
-0.00901031494140626 -0.0830001831054688 0.00896072387695313 -0.0622177124023438
-0.00978851318359375 -0.07916259765625 0.005096435546875 -0.0351676940917969
-0.0280532836914062 -0.0872573852539063 0.00551033020019531 -0.0235919952392578
-0.011810302734375 -0.0880355834960938 -0.000607013702392579 -0.0018606185913086
0.0244903564453125 -0.0966415405273438 -0.00922393798828125 0.0131902694702148
0.0587387084960938 -0.0884857177734375 -0.0261707305908203 0.00470733642578124
0.113357543945313 -0.0336685180664063 -0.0289058685302734 -0.00621986389160157
0.128921508789063 -0.00292205810546875 -0.0274276733398437 -0.0181350708007813
0.130401611328125 0.039703369140625 -0.00651264190673827 -0.0090646743774414
0.117355346679688 0.0754241943359375 0.0417594909667969 -0.0510025024414062
0.1087646484375 0.05670166015625 0.0637550354003906 -0.0206832885742188
0.130241394042969 0.024078369140625 0.0729827880859375 -0.00855255126953125
0.107475280761719 -0.0314712524414063 0.0687751770019531 -0.0294456481933594
0.0832138061523437 -0.05426025390625 0.0493202209472656 -0.0300064086914063
0.03631591796875 -0.08734130859375 0.0282363891601563 -0.0411529541015625
-0.00146484375000001 -0.0950927734375 0.0144844055175781 -0.0283889770507813
-0.000389099121093755 -0.0885543823242188 0.0145025253295898 -0.00461864471435547
-0.0149154663085938 -0.097137451171875 0.0161895751953125 0.00364017486572265
0.00310516357421874 -0.0916976928710938 0.0039825439453125 0.0209140777587891
0.0412521362304688 -0.0937118530273438 -0.00670814514160156 0.0277614593505859
0.0719223022460938 -0.0795364379882813 -0.0214443206787109 0.0109844207763672
0.120491027832031 -0.015869140625 -0.0175151824951172 -0.0063009262084961
0.128921508789063 0.018463134765625 0.00362014770507813 -0.0201473236083984
0.122650146484375 0.0598602294921875 0.0362205505371094 0.00966262817382813
0.0947952270507813 0.0744552612304688 0.080047607421875 -0.0230255126953125
0.0985260009765625 0.0574874877929688 0.0941314697265625 -0.00727081298828125
0.121788024902344 0.0230636596679688 0.078765869140625 -0.0052490234375
0.102188110351563 -0.0313491821289063 0.0630035400390625 -0.0172843933105469
0.0779571533203125 -0.0521011352539063 0.0394515991210938 -0.0100212097167969
0.0368118286132812 -0.0833206176757813 0.0235996246337891 -0.00928497314453126
0.005584716796875 -0.0907516479492188 0.0207862854003906 0.00793647766113281
0.0088043212890625 -0.0845947265625 0.0214042663574219 0.0262660980224609
0.000160217285156259 -0.0935516357421875 0.0214786529541016 0.0321865081787109
0.0189437866210937 -0.082061767578125 0.00185012817382812 0.0436935424804687
0.0543746948242188 -0.0759963989257813 -0.00971221923828125 0.0406036376953125
0.078887939453125 -0.0571975708007813 -0.0202865600585937 0.0173797607421875
0.1121826171875 0.00946044921875 -0.00919151306152343 -0.00362014770507812
0.110443115234375 0.0415420532226563 0.0305614471435547 -0.0141716003417969
0.0962982177734375 0.0723648071289063 0.0709304809570313 0.034088134765625
0.0564765930175781 0.0617713928222656 0.106636047363281 -0.000534057617187496
0.0678520202636719 0.0503501892089844 0.11395263671875 0.00201416015625
0.0877227783203125 0.0226287841796875 0.0774154663085938 -0.0034942626953125
0.0762710571289063 -0.0203704833984375 0.0548171997070313 -0.00589752197265625
0.0590629577636719 -0.0352249145507812 0.0299930572509766 0.00724983215332031
0.0331687927246094 -0.0622482299804688 0.0214328765869141 0.0182571411132812
0.0136260986328125 -0.0713958740234375 0.0266265869140625 0.038238525390625
0.0167884826660156 -0.0676193237304688 0.0258865356445313 0.0522613525390625
0.014373779296875 -0.07684326171875 0.0197982788085938 0.0594024658203125
0.0305595397949219 -0.0629386901855469 -0.00687789916992187 0.0634231567382813
0.0587806701660156 -0.0503501892089844 -0.0196876525878906 0.0506401062011719
0.0736236572265625 -0.0286407470703125 -0.0231552124023437 0.0232028961181641
0.0882415771484375 0.0309371948242188 -0.00518035888671874 0.00394487380981446
0.0774917602539063 0.0580978393554688 0.0466270446777344 0.00155258178710938
0.0571670532226563 0.07452392578125 0.0935440063476563 0.0624542236328125
0.0082855224609375 0.0426254272460938 0.11724853515625 0.0142288208007813
0.0248908996582031 0.0400848388671875 0.118896484375 0.00687408447265625
0.0384559631347656 0.0240592956542969 0.07080078125 -0.00399017333984375
0.0394020080566406 -0.00048828125 0.0476951599121094 0.00237274169921875
0.0344886779785156 -0.00737762451171875 0.0227870941162109 0.0176467895507813
0.0288715362548828 -0.0293502807617187 0.0206146240234375 0.0368385314941406
0.0219192504882813 -0.0410270690917969 0.0297622680664063 0.0590057373046875
0.0221176147460937 -0.0410423278808594 0.0250091552734375 0.0706329345703125
0.0231361389160156 -0.0496788024902344 0.0128555297851562 0.0805587768554688
0.0320281982421875 -0.0385932922363281 -0.0200881958007813 0.077728271484375
0.0492210388183594 -0.0250816345214844 -0.0318946838378906 0.0570297241210937
0.0552482604980469 -0.0068206787109375 -0.0295314788818359 0.0294857025146484
0.054412841796875 0.0387153625488281 -0.00872325897216797 0.0144071578979492
0.0362472534179688 0.0589027404785156 0.0496101379394531 0.0221595764160156
0.0117607116699219 0.0619659423828125 0.098907470703125 0.088623046875
0.0370140075683594 -0.0333900451660156 -0.105003356933594 -0.0940704345703125
-0.00541877746582031 -0.0342769622802734 -0.0517539978027344 -0.0365447998046875
-0.0225505828857422 -0.0238189697265625 0.0212955474853516 -0.0161361694335937
-0.0271549224853516 -0.00538825988769531 0.0482521057128906 -0.0374336242675781
-0.0219001770019531 0.000789642333984372 0.0511016845703125 -0.0640411376953125
-0.0231800079345703 0.0131874084472656 0.0254898071289063 -0.0942459106445313
-0.0255622863769531 0.0132331848144531 -0.0156402587890625 -0.102691650390625
-0.0234184265136719 0.00890922546386719 -0.0279617309570313 -0.0829849243164063
-0.0273323059082031 0.00862503051757813 -0.0330772399902344 -0.065032958984375
-0.0257358551025391 -0.00604057312011719 -0.0246353149414062 -0.0455741882324219
-0.0199260711669922 -0.02032470703125 -0.0294113159179687 -0.0198192596435547
-0.00938606262207032 -0.0277462005615234 -0.04571533203125 -0.00802993774414062
0.0102462768554688 -0.0333633422851563 -0.0693473815917969 -0.00485229492187499
0.0258255004882813 -0.036285400390625 -0.111320495605469 -0.00023651123046873
0.0442390441894531 -0.0306625366210937 -0.117294311523438 -0.0251922607421875
0.0796737670898438 -0.00084686279296875 -0.0829544067382812 -0.104019165039063
0.0345573425292969 -0.0107650756835938 -0.0339164733886719 -0.0473480224609375
0.0243186950683594 -0.0103435516357422 0.0327491760253906 -0.0210952758789063
0.011906623840332 -0.0114831924438477 0.0574607849121094 -0.0436553955078125
0.0106630325317383 -0.0159902572631836 0.05816650390625 -0.0650825500488281
-0.00682449340820313 -0.0194129943847656 0.0326156616210938 -0.097198486328125
-0.0248088836669922 -0.0241947174072266 -0.00848388671875 -0.103446960449219
-0.0245132446289063 -0.0273456573486328 -0.020172119140625 -0.07867431640625
-0.0346603393554688 -0.03045654296875 -0.0249671936035156 -0.0609054565429687
-0.0261993408203125 -0.0424728393554688 -0.0199699401855469 -0.0387535095214844
-0.00555419921875 -0.0565567016601563 -0.0247001647949219 -0.0134696960449219
0.0178756713867188 -0.0586929321289063 -0.0402488708496094 -0.00610733032226564
0.0570907592773438 -0.0405044555664063 -0.0569419860839844 -0.00493621826171874
0.0752944946289063 -0.0307159423828125 -0.0914306640625 -0.00463104248046874
0.0916748046875 -0.0086822509765625 -0.0931930541992188 -0.024932861328125
0.111656188964844 0.0320587158203125 -0.048492431640625 -0.099151611328125
0.0732040405273438 0.0178375244140625 -0.00709152221679687 -0.0467185974121094
0.0742950439453125 0.004669189453125 0.0475273132324219 -0.0202255249023438
0.0553627014160156 -0.0186004638671875 0.0657997131347656 -0.0455551147460938
0.0451736450195312 -0.0331802368164062 0.0610885620117188 -0.0616645812988281
0.0111885070800781 -0.0515861511230469 0.0340423583984375 -0.0905227661132813
-0.0202178955078125 -0.0592842102050781 -0.00177764892578126 -0.09033203125
-0.0210037231445312 -0.059356689453125 -0.00927352905273438 -0.0621185302734375
-0.037872314453125 -0.0647773742675781 -0.0125694274902344 -0.0467681884765625
-0.0246200561523438 -0.0723495483398437 -0.0121517181396484 -0.0234603881835938
0.006439208984375 -0.0863113403320313 -0.0182285308837891 -0.00102806091308594
0.0387802124023438 -0.0837478637695313 -0.0347175598144531 -0.00170898437500001
0.09344482421875 -0.0454864501953125 -0.0438995361328125 -0.00565719604492189
0.11273193359375 -0.0242919921875 -0.0640716552734375 -0.0103645324707031
0.124725341796875 0.0123443603515625 -0.0555419921875 -0.0191116333007813
0.130264282226563 0.0571136474609375 -0.00625610351562498 -0.0807342529296875
0.104667663574219 0.0397491455078125 0.0260696411132813 -0.037353515625
0.117347717285156 0.0125045776367188 0.0626716613769531 -0.0166206359863281
0.091949462890625 -0.0311355590820313 0.0697708129882813 -0.0431098937988281
0.0715179443359375 -0.05230712890625 0.0579338073730469 -0.0520057678222656
0.0242233276367188 -0.0791244506835938 0.0298614501953125 -0.0728607177734375
-0.0153427124023438 -0.0857467651367188 0.00455474853515624 -0.0643501281738281
-0.0159225463867188 -0.0823822021484375 0.00249481201171875 -0.0361289978027344
-0.034820556640625 -0.0885009765625 0.00184822082519531 -0.0245380401611328
-0.0182723999023437 -0.090728759765625 -0.00306296348571777 -0.0024256706237793
0.0189666748046875 -0.102188110351562 -0.0109577178955078 0.0131807327270508
0.054656982421875 -0.095703125 -0.0283603668212891 0.00507164001464843
0.116600036621094 -0.0435562133789062 -0.0316238403320313 -0.00687789916992187
0.133872985839844 -0.0127944946289063 -0.0324192047119141 -0.0177192687988281
0.139984130859375 0.0330581665039063 -0.010258674621582 -0.00830268859863281
0.128067016601563 0.0711288452148437 0.0391578674316406 -0.0552101135253906
0.117950439453125 0.0521392822265625 0.0631370544433594 -0.0242271423339844
0.138755798339844 0.0159149169921875 0.0747833251953125 -0.0111160278320312
0.110366821289063 -0.0403594970703125 0.0696487426757813 -0.0325889587402344
0.08367919921875 -0.0632247924804687 0.0503082275390625 -0.0331039428710938
0.0315475463867188 -0.0931549072265625 0.0263633728027344 -0.0440635681152344
-0.00892639160156251 -0.0983963012695313 0.0126533508300781 -0.0295963287353516
-0.00679779052734376 -0.0926437377929688 0.0143985748291016 -0.00459384918212891
-0.0229339599609375 -0.099822998046875 0.0151252746582031 0.00327205657958984
-0.00320434570312501 -0.0952987670898438 0.00290870666503906 0.021697998046875
0.035919189453125 -0.100418090820312 -0.00684738159179687 0.0285530090332031
0.0694503784179688 -0.0884857177734375 -0.0232772827148437 0.0114784240722656
0.125282287597656 -0.0260772705078125 -0.0196056365966797 -0.00737762451171875
0.135665893554688 0.009368896484375 0.000379562377929696 -0.0219573974609375
0.132965087890625 0.0541305541992188 0.0358314514160156 0.00841903686523438
0.104942321777344 0.0712203979492188 0.0817642211914063 -0.0291671752929687
0.107017517089844 0.0537796020507813 0.096038818359375 -0.0126571655273437
0.129798889160156 0.0160980224609375 0.081878662109375 -0.0078582763671875
0.104591369628906 -0.0401840209960938 0.0648460388183594 -0.0200767517089844
0.0784149169921875 -0.0606765747070313 0.0411567687988281 -0.0117721557617188
0.0318374633789062 -0.0901412963867187 0.0237693786621094 -0.0103855133056641
-0.00182342529296875 -0.09503173828125 0.0220203399658203 0.00740051269531249
0.002349853515625 -0.0893783569335937 0.0246982574462891 0.0262069702148437
-0.00756072998046875 -0.0968780517578125 0.0230331420898438 0.0333480834960937
0.013671875 -0.0870819091796875 0.00281143188476562 0.0456390380859375
0.0513458251953125 -0.0835418701171875 -0.00885391235351562 0.0425910949707031
0.0779495239257813 -0.0655899047851563 -0.0213146209716797 0.0180130004882812
0.118576049804688 0.0005035400390625 -0.0105171203613281 -0.00481033325195313
0.118881225585938 0.0347671508789062 0.0292739868164063 -0.0175971984863281
0.107086181640625 0.069671630859375 0.07476806640625 0.0310211181640625
0.0643539428710938 0.0608596801757813 0.111679077148438 -0.0076751708984375
0.075103759765625 0.0479888916015625 0.1177978515625 -0.00475311279296875
0.0943756103515625 0.0169754028320313 0.0804214477539063 -0.006805419921875
0.077972412109375 -0.0279006958007813 0.0577812194824219 -0.007720947265625
0.0598793029785156 -0.0422286987304688 0.0327491760253906 0.00679588317871093
0.0290908813476562 -0.0682296752929688 0.0234260559082031 0.0184516906738281
0.00727081298828125 -0.0752334594726563 0.0307044982910156 0.0387954711914062
0.0113143920898438 -0.0723724365234375 0.03070068359375 0.0532569885253906
0.00787353515624999 -0.0806732177734375 0.023590087890625 0.0611724853515625
0.0259323120117187 -0.067901611328125 -0.0050048828125 0.0670089721679688
0.0567207336425781 -0.0573081970214844 -0.0187149047851562 0.0537528991699219
0.0745315551757813 -0.0361709594726563 -0.0231914520263672 0.0247840881347656
0.09521484375 0.0252227783203125 -0.00559568405151367 0.00307893753051758
0.0856781005859375 0.0541839599609375 0.0477447509765625 -0.0026397705078125
0.0661697387695313 0.0741806030273438 0.100288391113281 0.0586395263671875
0.0124092102050781 0.0439491271972656 0.125259399414063 0.0069732666015625
0.0295066833496094 0.0398597717285156 0.124702453613281 -0.000915527343749998
0.0440940856933594 0.0222549438476563 0.0729522705078125 -0.0068511962890625
0.0412635803222656 -0.00456619262695313 0.0503807067871094 0.00118255615234375
0.0357093811035156 -0.0117645263671875 0.0260009765625 0.0180149078369141
0.0273246765136719 -0.0330677032470703 0.0245170593261719 0.0377120971679687
0.0177116394042969 -0.0442657470703125 0.0354385375976563 0.060333251953125
0.0189094543457031 -0.0446968078613281 0.0317306518554687 0.0720596313476562
0.018829345703125 -0.0533065795898438 0.0185546875 0.0834808349609375
0.0290870666503906 -0.0427093505859375 -0.0169143676757812 0.0828704833984375
0.0483131408691406 -0.0301742553710938 -0.0310707092285156 0.0612106323242188
0.0560684204101563 -0.0120773315429688 -0.0296955108642578 0.0314750671386719
0.0606269836425781 0.0360145568847656 -0.00784778594970703 0.0139389038085938
0.0432701110839844 0.0584526062011719 0.0532341003417969 0.0185737609863281
0.0181503295898438 0.0637741088867188 0.108245849609375 0.0860214233398438
0.0342369079589844 -0.0372657775878906 -0.115669250488281 -0.0864181518554688
-0.00938224792480469 -0.0336284637451172 -0.0566635131835938 -0.0311088562011719
-0.0257186889648438 -0.0213623046875 0.0205650329589844 -0.0173664093017578
-0.0283241271972656 -0.00201988220214844 0.0466499328613281 -0.0416755676269531
-0.0217761993408203 0.00353431701660156 0.0477180480957031 -0.0689773559570313
-0.0207729339599609 0.01580810546875 0.0195770263671875 -0.098846435546875
-0.0230350494384766 0.0160408020019531 -0.0253982543945313 -0.104103088378906
-0.0222740173339844 0.0105781555175781 -0.0367889404296875 -0.0828781127929688
-0.0253887176513672 0.0108089447021484 -0.0406723022460937 -0.0637168884277344
-0.0251903533935547 -0.00324249267578126 -0.0300674438476562 -0.0458450317382813
-0.021636962890625 -0.0172100067138672 -0.0321559906005859 -0.0189628601074219
-0.0122184753417969 -0.0267467498779297 -0.0477256774902344 -0.00548553466796876
0.00582695007324219 -0.0350971221923828 -0.0725173950195313 -0.000396728515625007
0.0212593078613281 -0.0392417907714844 -0.114883422851563 0.00946044921875001
0.0415763854980469 -0.0356216430664062 -0.125068664550781 -0.0149459838867188
0.0813827514648438 -0.00777435302734375 -0.0943679809570312 -0.097930908203125
0.0342540740966797 -0.0126571655273438 -0.0401649475097656 -0.0430259704589844
0.0239181518554688 -0.0119819641113281 0.0323352813720703 -0.0228424072265625
0.0112495422363281 -0.0117740631103516 0.0555534362792969 -0.0479240417480469
0.00981712341308594 -0.0165395736694336 0.05523681640625 -0.0707855224609375
-0.007781982421875 -0.0189189910888672 0.0258102416992188 -0.102622985839844
-0.0264072418212891 -0.0221710205078125 -0.0181503295898437 -0.104637145996094
-0.0264568328857422 -0.0262241363525391 -0.028289794921875 -0.0785980224609375
-0.0375480651855469 -0.0281944274902344 -0.0329704284667969 -0.0603179931640625
-0.0293502807617187 -0.04083251953125 -0.0252227783203125 -0.0394325256347656
-0.010406494140625 -0.0562591552734375 -0.0275955200195312 -0.0129318237304688
0.0130500793457031 -0.0612068176269531 -0.0427894592285156 -0.00468826293945313
0.053741455078125 -0.046356201171875 -0.059356689453125 -0.00188446044921874
0.0723953247070313 -0.03863525390625 -0.0957717895507813 0.00379943847656248
0.0922393798828125 -0.0176467895507812 -0.100936889648438 -0.0169296264648438
0.117759704589844 0.0237960815429688 -0.0594558715820313 -0.0958633422851562
0.0768280029296875 0.0123672485351563 -0.0133285522460937 -0.0445175170898438
0.0767135620117187 -0.0012359619140625 0.0472526550292969 -0.0230865478515625
0.0552215576171875 -0.023468017578125 0.0642051696777344 -0.0505409240722656
0.0444259643554688 -0.0382881164550781 0.0585289001464844 -0.067291259765625
0.00783157348632812 -0.0536689758300781 0.0272140502929687 -0.0952072143554688
-0.0256614685058594 -0.0586814880371094 -0.0101470947265625 -0.0919265747070313
-0.0265998840332031 -0.0593032836914063 -0.0156784057617187 -0.0625762939453125
-0.044158935546875 -0.062652587890625 -0.0182991027832031 -0.0463142395019531
-0.030548095703125 -0.0709609985351562 -0.0165824890136719 -0.0233268737792969
-0.000686645507812497 -0.0880050659179688 -0.0201702117919922 -0.000936508178710944
0.0318832397460938 -0.088531494140625 -0.0368576049804688 -1.14440917968741E-05
0.0906219482421875 -0.0554275512695313 -0.0468215942382813 -0.00358200073242189
0.111656188964844 -0.0357818603515625 -0.0683822631835938 -0.00478744506835939
0.128753662109375 0.00174713134765625 -0.0619010925292969 -0.0140609741210938
0.138923645019531 0.0483932495117188 -0.0144500732421875 -0.081146240234375
0.111251831054688 0.0326080322265625 0.0214195251464844 -0.0378227233886719
0.122207641601562 0.0025482177734375 0.0630531311035157 -0.0197982788085938
0.0916061401367187 -0.0399551391601562 0.0685043334960938 -0.0482711791992187
0.0691909790039063 -0.0602798461914062 0.0551567077636719 -0.0572357177734375
0.01806640625 -0.0825958251953125 0.0236968994140625 -0.0764236450195313
-0.0240554809570312 -0.0860061645507813 -0.00198745727539063 -0.0654296875
-0.023529052734375 -0.0836334228515625 -0.00113296508789063 -0.0364761352539063
-0.0436935424804688 -0.0868988037109375 -0.00166511535644531 -0.0252132415771484
-0.0262908935546875 -0.0905303955078125 -0.00508785247802735 -0.00213718414306641
0.010223388671875 -0.105995178222656 -0.0121669769287109 0.0135860443115234
0.0470733642578125 -0.102333068847656 -0.0301589965820312 0.00611305236816405
0.114913940429688 -0.0557937622070313 -0.0345935821533203 -0.00589179992675781
0.134872436523438 -0.0260238647460938 -0.0370025634765625 -0.0153312683105469
0.147125244140625 0.021636962890625 -0.0142602920532226 -0.0070953369140625
0.138465881347656 0.06207275390625 0.0348968505859375 -0.0594482421875
0.12554931640625 0.0439224243164063 0.0602226257324219 -0.0279693603515625
0.1446533203125 0.0036773681640625 0.0758819580078125 -0.0156326293945313
0.10906982421875 -0.0509719848632812 0.0691757202148438 -0.0376358032226563
0.0811309814453125 -0.0733489990234375 0.0496101379394531 -0.0374794006347656
0.0239639282226563 -0.0979461669921875 0.0225372314453125 -0.0462837219238281
-0.0185699462890625 -0.0995025634765625 0.00991630554199219 -0.0304508209228516
-0.0158157348632813 -0.0946044921875 0.0141420364379883 -0.00590038299560547
-0.0336990356445313 -0.100166320800781 0.0143928527832031 0.00291442871093749
-0.0123977661132812 -0.0965576171875 0.00326728820800781 0.0220718383789062
0.02740478515625 -0.105560302734375 -0.00681114196777344 0.0295028686523437
0.062774658203125 -0.0963516235351563 -0.0244674682617187 0.0123786926269531
0.126823425292969 -0.0389785766601563 -0.0225276947021484 -0.00786972045898438
0.139839172363281 -0.00374603271484375 -0.00431823730468749 -0.02252197265625
0.142913818359375 0.043548583984375 0.0351428985595703 0.00583076477050782
0.115547180175781 0.0643997192382813 0.0807571411132813 -0.0360946655273437
0.114707946777344 0.0458908081054688 0.0953598022460938 -0.01947021484375
0.13555908203125 0.00402069091796875 0.0830612182617188 -0.01214599609375
0.103950500488281 -0.050872802734375 0.0655403137207031 -0.0244483947753906
0.0753250122070313 -0.0702667236328125 0.0420074462890625 -0.0146408081054688
0.023773193359375 -0.0948486328125 0.0227794647216797 -0.0120048522949219
-0.0116958618164062 -0.0962142944335937 0.0230369567871094 0.00683021545410156
-0.00685119628906251 -0.09228515625 0.0273113250732422 0.0254650115966797
-0.0179290771484375 -0.0977096557617188 0.0247440338134766 0.0328006744384766
0.00514984130859374 -0.0895309448242188 0.00531005859375 0.047271728515625
0.0443191528320313 -0.0899810791015625 -0.0078582763671875 0.0443038940429687
0.07373046875 -0.0745697021484375 -0.0216064453125 0.0194053649902344
0.122688293457031 -0.0109176635742188 -0.0119962692260742 -0.00583076477050781
0.125518798828125 0.0240402221679688 0.0263462066650391 -0.0213813781738281
0.117561340332031 0.061798095703125 0.0772781372070313 0.0258560180664062
0.0721206665039063 0.0567092895507813 0.114143371582031 -0.0173797607421875
0.0814895629882813 0.04315185546875 0.119125366210938 -0.0138015747070312
0.0999298095703125 0.00826263427734375 0.0819778442382813 -0.011505126953125
0.0778427124023438 -0.0354537963867188 0.0592803955078125 -0.0110664367675781
0.057891845703125 -0.0500640869140625 0.0348873138427734 0.00537109375
0.0222320556640625 -0.0722503662109375 0.0257320404052734 0.0177631378173828
-0.00104522705078126 -0.077117919921875 0.0350837707519531 0.0374259948730469
0.003570556640625 -0.0750579833984375 0.0361366271972656 0.0522727966308594
-0.00109100341796875 -0.0821990966796875 0.0287513732910156 0.0619010925292969
0.0191802978515625 -0.0711135864257813 -0.000556945800781255 0.0701637268066406
0.0522689819335938 -0.0641441345214844 -0.0161552429199219 0.0567169189453125
0.0726394653320313 -0.0440444946289063 -0.0233268737792969 0.0265159606933594
0.101005554199219 0.01617431640625 -0.00637722015380859 0.00181770324707031
0.0934219360351563 0.0470428466796875 0.0476913452148438 -0.00803375244140625
0.076263427734375 0.0700225830078125 0.106559753417969 0.0514144897460938
0.0173416137695312 0.0439224243164062 0.1292724609375 -0.004119873046875
0.0349311828613281 0.0384864807128906 0.127700805664063 -0.0115890502929687
0.0485382080078125 0.0181770324707031 0.0743942260742187 -0.0115966796875
0.0422897338867187 -0.00894546508789062 0.0522651672363281 -0.00144195556640625
0.03582763671875 -0.0168838500976563 0.0292606353759766 0.0172996520996094
0.0234184265136719 -0.0372657775878906 0.02850341796875 0.0373497009277344
0.0123634338378906 -0.0469284057617188 0.0426368713378906 0.05859375
0.0137367248535156 -0.0471229553222656 0.0395355224609375 0.071136474609375
0.0126686096191406 -0.05584716796875 0.02593994140625 0.0846328735351563
0.0240020751953125 -0.0458030700683594 -0.0118408203125 0.0872268676757813
0.046295166015625 -0.0360107421875 -0.0281982421875 0.0649299621582031
0.0565567016601563 -0.017852783203125 -0.029022216796875 0.0342559814453125
0.066192626953125 0.0306625366210937 -0.00702953338623047 0.0135326385498047
0.0505180358886719 0.0554542541503906 0.0552825927734375 0.01312255859375
0.0257034301757813 0.06329345703125 0.11712646484375 0.0788040161132813
0.0297966003417969 -0.0396537780761719 -0.121971130371094 -0.0759201049804687
-0.0120315551757812 -0.0318202972412109 -0.0585861206054687 -0.0242919921875
-0.0282173156738281 -0.0181217193603516 0.0191402435302734 -0.0183010101318359
-0.0281448364257813 0.00156784057617188 0.0432701110839844 -0.0439376831054687
-0.0206928253173828 0.00575065612792969 0.0427627563476563 -0.0717620849609375
-0.0177097320556641 0.0173511505126953 0.012451171875 -0.100044250488281
-0.019927978515625 0.0178165435791016 -0.0343170166015625 -0.101203918457031
-0.0203208923339844 0.0117664337158203 -0.04412841796875 -0.0790863037109375
-0.0226802825927734 0.0126895904541016 -0.0469322204589844 -0.0596084594726563
-0.0235157012939453 -0.000633239746093749 -0.0349159240722656 -0.044158935546875
-0.0217323303222656 -0.0141162872314453 -0.0346431732177734 -0.0178146362304687
-0.0143756866455078 -0.0242424011230469 -0.048980712890625 -0.00261306762695312
0.00162506103515625 -0.0350151062011719 -0.0725936889648438 0.00475311279296875
0.0164947509765625 -0.0406837463378906 -0.113533020019531 0.0190048217773438
0.0367050170898438 -0.0391006469726563 -0.126991271972656 -0.00344085693359375
0.0797119140625 -0.0145339965820313 -0.101669311523438 -0.0884628295898438
0.0329532623291016 -0.0149173736572266 -0.0441017150878906 -0.036865234375
0.0232257843017578 -0.0133552551269531 0.0304985046386719 -0.0244464874267578
0.0103054046630859 -0.0120553970336914 0.05157470703125 -0.050689697265625
0.00910091400146484 -0.0172872543334961 0.0498428344726563 -0.0739288330078125
-0.00807380676269531 -0.0182781219482422 0.0172805786132813 -0.103744506835938
-0.0272769927978516 -0.01959228515625 -0.027679443359375 -0.101707458496094
-0.0280113220214844 -0.0237388610839844 -0.035797119140625 -0.07513427734375
-0.0388450622558594 -0.0250244140625 -0.0392189025878906 -0.0567245483398438
-0.0311470031738281 -0.037506103515625 -0.0303878784179688 -0.0377197265625
-0.0149497985839844 -0.0540046691894531 -0.0296287536621094 -0.0116024017333984
0.00696182250976562 -0.0607261657714844 -0.0439071655273438 -0.00202941894531251
0.0476837158203125 -0.0500144958496094 -0.0605278015136719 0.00197219848632812
0.0670394897460938 -0.0449485778808594 -0.0962448120117187 0.0119552612304688
0.0894317626953125 -0.0257949829101563 -0.103561401367188 -0.00703430175781251
0.119270324707031 0.013824462890625 -0.067169189453125 -0.0895614624023438
0.0772323608398438 0.00656890869140625 -0.0180702209472656 -0.0405426025390625
0.0765304565429688 -0.0076904296875 0.0453338623046875 -0.0250053405761719
0.0527458190917969 -0.0275192260742188 0.0601387023925781 -0.0542106628417969
0.0409812927246094 -0.0423431396484375 0.0527801513671875 -0.0713043212890625
0.00385284423828125 -0.0542411804199219 0.0190582275390625 -0.0968780517578125
-0.0303840637207031 -0.0554351806640625 -0.0182037353515625 -0.0893478393554687
-0.0314865112304688 -0.0567741394042969 -0.0215950012207031 -0.0600929260253906
-0.0485610961914063 -0.0584068298339844 -0.0237846374511719 -0.04400634765625
-0.0355453491210938 -0.0675582885742188 -0.0200099945068359 -0.0225276947021484
-0.00817108154296874 -0.0861663818359375 -0.0217819213867188 -0.000217437744140628
0.0234222412109375 -0.0900039672851562 -0.0379753112792969 0.00212478637695313
0.0845718383789062 -0.0632247924804688 -0.0480270385742187 -0.000530242919921885
0.106033325195313 -0.0453720092773438 -0.0699958801269531 0.00154495239257813
0.128005981445313 -0.010528564453125 -0.0651588439941406 -0.00769805908203124
0.143264770507813 0.035919189453125 -0.0215377807617187 -0.078216552734375
0.1129150390625 0.0229034423828125 0.016693115234375 -0.0364990234375
0.12255859375 -0.00798797607421875 0.0611648559570313 -0.0227088928222656
0.0871658325195313 -0.04693603515625 0.0647735595703125 -0.0516395568847656
0.0642852783203125 -0.0670623779296875 0.0507583618164063 -0.0603485107421875
0.0113677978515625 -0.0834274291992187 0.0172042846679687 -0.0768280029296875
-0.031097412109375 -0.0823898315429687 -0.00808334350585938 -0.0636405944824219
-0.0310287475585937 -0.081146240234375 -0.00442123413085938 -0.0352401733398438
-0.0511474609375 -0.0827407836914062 -0.0053558349609375 -0.0233631134033203
-0.033721923828125 -0.0867233276367188 -0.00750732421875 -0.00161743164062501
0.000923156738281261 -0.105079650878906 -0.0120878219604492 0.0140590667724609
0.0374984741210938 -0.10546875 -0.0309486389160156 0.0083179473876953
0.109245300292969 -0.0662460327148438 -0.0363426208496094 -0.00391387939453126
0.130546569824219 -0.038330078125 -0.0398788452148437 -0.0119552612304687
0.1490478515625 0.0087432861328125 -0.0176486968994141 -0.00462913513183594
0.143264770507813 0.050628662109375 0.0289726257324219 -0.0607452392578125
0.128616333007813 0.033050537109375 0.0556488037109375 -0.0301628112792969
0.144927978515625 -0.0093994140625 0.074737548828125 -0.0190963745117188
0.104232788085938 -0.0599746704101563 0.0662803649902344 -0.0416259765625
0.0738143920898438 -0.0807342529296875 0.0466690063476563 -0.0410995483398438
0.0152206420898438 -0.0990142822265625 0.0181617736816406 -0.0468292236328125
-0.0279312133789063 -0.0961227416992187 0.00700759887695313 -0.0296783447265625
-0.0246963500976563 -0.0924835205078125 0.0133419036865234 -0.00624847412109376
-0.0427703857421875 -0.0953826904296875 0.0134916305541992 0.00266647338867187
-0.0206222534179688 -0.0943450927734375 0.00340080261230469 0.0226535797119141
0.0173568725585938 -0.106986999511719 -0.00602149963378906 0.0292644500732422
0.0533065795898437 -0.101638793945313 -0.0248069763183594 0.0134944915771484
0.12249755859375 -0.0506362915039063 -0.0242099761962891 -0.00718498229980469
0.138038635253906 -0.0161895751953125 -0.00754547119140624 -0.022491455078125
0.14697265625 0.03106689453125 0.0326080322265625 0.00350189208984375
0.121101379394531 0.053741455078125 0.076751708984375 -0.041961669921875
0.118492126464844 0.0363845825195313 0.0917739868164063 -0.0252532958984375
0.136070251464844 -0.0085906982421875 0.0819854736328125 -0.017425537109375
0.0979461669921875 -0.0593109130859375 0.0638008117675781 -0.0280494689941406
0.0685882568359375 -0.0777130126953125 0.0413894653320313 -0.0176048278808594
0.015045166015625 -0.0957717895507813 0.0219211578369141 -0.0125885009765625
-0.021087646484375 -0.0938186645507812 0.0236682891845703 0.00551605224609374
-0.01513671875 -0.0899658203125 0.0297203063964844 0.0235805511474609
-0.0277786254882813 -0.0945510864257813 0.0267047882080078 0.0310401916503906
-0.00338745117187501 -0.0888442993164062 0.00775909423828125 0.0472869873046875
0.0351715087890625 -0.09356689453125 -0.00531768798828124 0.0444908142089844
0.0660552978515625 -0.0803451538085938 -0.0213565826416016 0.0201187133789063
0.121444702148438 -0.0226898193359375 -0.0139503479003906 -0.00596237182617188
0.126541137695312 0.0118484497070312 0.022369384765625 -0.0240726470947266
0.1231689453125 0.0510711669921875 0.076904296875 0.019287109375
0.0776596069335938 0.0502090454101563 0.111579895019531 -0.0268402099609375
0.0850143432617188 0.03570556640625 0.116363525390625 -0.02301025390625
0.101341247558594 -0.00081634521484375 0.08062744140625 -0.0165557861328125
0.0740203857421875 -0.043182373046875 0.0587081909179688 -0.0151405334472656
0.05279541015625 -0.0557785034179688 0.0356407165527344 0.00300216674804687
0.0146408081054687 -0.0739974975585938 0.0269584655761719 0.0165271759033203
-0.009490966796875 -0.0758132934570313 0.0388221740722656 0.0351371765136719
-0.00404357910156249 -0.0745773315429687 0.0412864685058594 0.0489768981933594
-0.00949859619140625 -0.080810546875 0.0333213806152344 0.0592613220214844
0.0119857788085938 -0.0716018676757813 0.00437164306640624 0.07086181640625
0.0449676513671875 -0.0684356689453125 -0.0126419067382812 0.0573158264160156
0.067840576171875 -0.050811767578125 -0.0220775604248047 0.0276985168457031
0.102203369140625 0.0063018798828125 -0.0064549446105957 0.000683307647705077
0.0970458984375 0.0378646850585938 0.045562744140625 -0.01239013671875
0.0833969116210938 0.0625991821289063 0.108650207519531 0.04254150390625
0.0218048095703125 0.0415992736816406 0.128662109375 -0.014923095703125
0.0384445190429688 0.0351638793945313 0.124961853027344 -0.0222930908203125
0.0512886047363281 0.0131759643554688 0.0731658935546875 -0.0159683227539063
0.0413169860839844 -0.01336669921875 0.0528488159179688 -0.00480270385742188
0.0337066650390625 -0.0207633972167969 0.0310821533203125 0.0159587860107422
0.0188522338867188 -0.038909912109375 0.0321197509765625 0.0354156494140625
0.0061492919921875 -0.0471076965332031 0.0482940673828125 0.0547332763671875
0.00786209106445312 -0.0477104187011719 0.0459403991699219 0.0670738220214844
0.00635910034179688 -0.0555152893066406 0.0326690673828125 0.0821762084960937
0.0192832946777344 -0.0468978881835938 -0.00453186035156251 0.088470458984375
0.0413970947265625 -0.0401840209960937 -0.0240859985351562 0.0670280456542969
0.0538597106933594 -0.0233497619628906 -0.026763916015625 0.0351982116699219
0.0690269470214844 0.0239524841308594 -0.00621891021728515 0.0125322341918945
0.0548896789550781 0.0497550964355469 0.0550079345703125 0.00703811645507813
0.0323104858398438 0.060455322265625 0.122016906738281 0.0678253173828125
0.0259208679199219 -0.0402297973632813 -0.122222900390625 -0.0657196044921875
-0.0140438079833984 -0.0296707153320313 -0.0582122802734375 -0.0182533264160156
-0.0284385681152344 -0.0150241851806641 0.0173721313476562 -0.0182723999023437
-0.0272789001464844 0.00405693054199219 0.0404129028320313 -0.0437049865722656
-0.0195426940917969 0.00736808776855468 0.0382232666015625 -0.0717315673828125
-0.0150470733642578 0.0182838439941406 0.00704193115234375 -0.0991287231445313
-0.0169696807861328 0.0180644989013672 -0.0394744873046875 -0.0967941284179688
-0.0182781219482422 0.0120258331298828 -0.0484466552734375 -0.0742874145507813
-0.0208244323730469 0.0124111175537109 -0.0502853393554687 -0.0550689697265625
-0.0217685699462891 0.000371932983398439 -0.03753662109375 -0.0420608520507812
-0.0213623046875 -0.0117092132568359 -0.0352973937988281 -0.0162429809570313
-0.0162601470947266 -0.0214672088623047 -0.048309326171875 -0.000625610351562495
-0.001556396484375 -0.0330524444580078 -0.07073974609375 0.00816345214843749
0.0125198364257812 -0.0404624938964844 -0.110366821289063 0.024993896484375
0.032196044921875 -0.0404434204101563 -0.125663757324219 0.00484466552734375
0.0767059326171875 -0.0184783935546875 -0.104537963867187 -0.0790557861328125
0.0313606262207031 -0.0160198211669922 -0.0454673767089844 -0.031158447265625
0.0218162536621094 -0.0139045715332031 0.0282230377197266 -0.0242977142333984
0.00938129425048828 -0.0115985870361328 0.0478057861328125 -0.0511322021484375
0.00836086273193359 -0.0171585083007813 0.04547119140625 -0.0746612548828125
-0.00772476196289062 -0.0169248580932617 0.0116729736328125 -0.102394104003906
-0.0263614654541016 -0.0176029205322266 -0.0332412719726563 -0.0973663330078125
-0.0282726287841797 -0.0223255157470703 -0.0396575927734375 -0.0706863403320313
-0.0386238098144531 -0.0224685668945312 -0.0425148010253906 -0.0525093078613281
-0.0312232971191406 -0.0342273712158203 -0.0331878662109375 -0.0354537963867188
-0.0169906616210938 -0.0508613586425781 -0.0306186676025391 -0.0106353759765625
0.0030364990234375 -0.0583610534667969 -0.043731689453125 -0.000453948974609375
0.042755126953125 -0.051666259765625 -0.0594711303710938 0.00495147705078123
0.0610542297363281 -0.0476760864257813 -0.0936813354492188 0.0173492431640625
0.0850372314453125 -0.03033447265625 -0.10345458984375 0.000274658203125011
0.117050170898438 0.00643157958984375 -0.071136474609375 -0.0816116333007812
0.0756683349609375 0.002685546875 -0.0210685729980469 -0.0355072021484375
0.0748214721679687 -0.0121994018554687 0.0435104370117188 -0.0253791809082031
0.0499000549316406 -0.0293960571289063 0.0557861328125 -0.0546607971191406
0.03790283203125 -0.0439834594726562 0.048370361328125 -0.0720138549804688
0.000984191894531256 -0.0530738830566406 0.0130462646484375 -0.0946731567382813
-0.0322341918945313 -0.0522308349609375 -0.023712158203125 -0.0851898193359375
-0.0338668823242187 -0.0540924072265625 -0.0250816345214844 -0.0565299987792969
-0.0509223937988281 -0.0536651611328125 -0.0272331237792969 -0.0409431457519531
-0.0382347106933594 -0.0632209777832031 -0.0223464965820313 -0.0209388732910156
-0.0128936767578125 -0.082763671875 -0.0226268768310547 8.39233398437436E-05
0.0172805786132812 -0.088165283203125 -0.0378532409667969 0.00324630737304687
0.0775299072265625 -0.0667266845703125 -0.0482330322265625 0.00130462646484376
0.0991744995117188 -0.0505142211914063 -0.0695953369140625 0.00587081909179687
0.124443054199219 -0.01776123046875 -0.0663642883300781 -0.00246810913085936
0.141799926757813 0.0266571044921875 -0.0265045166015625 -0.0739898681640625
0.111984252929687 0.016693115234375 0.012939453125 -0.0338859558105469
0.120101928710937 -0.0157394409179687 0.0588302612304688 -0.0240859985351563
0.0825881958007813 -0.051025390625 0.0604515075683594 -0.0526885986328125
0.058624267578125 -0.0695114135742188 0.0465583801269531 -0.0615386962890625
0.00621795654296876 -0.0823593139648437 0.0120849609375 -0.0751571655273438
-0.0348052978515625 -0.07806396484375 -0.0117454528808594 -0.0600967407226563
-0.0351486206054687 -0.077423095703125 -0.00662612915039063 -0.0339889526367188
-0.0548019409179687 -0.0772552490234375 -0.008209228515625 -0.0220603942871094
-0.0369873046875 -0.0815505981445313 -0.00882911682128907 -0.000687599182128913
-0.00537872314453125 -0.101676940917969 -0.0122489929199219 0.0139293670654297
0.02978515625 -0.104606628417969 -0.0312213897705078 0.00833129882812499
0.101875305175781 -0.0712966918945313 -0.0372886657714844 -0.00264739990234376
0.123420715332031 -0.0453643798828125 -0.0415420532226562 -0.00888442993164063
0.145584106445313 -0.00054931640625 -0.0197544097900391 -0.00232315063476562
0.144119262695313 0.0404815673828125 0.0243606567382813 -0.0602645874023438
0.127586364746094 0.0254135131835938 0.0512924194335938 -0.0302848815917969
0.141891479492188 -0.018524169921875 0.0721817016601563 -0.021026611328125
0.0979385375976563 -0.0642852783203125 0.0623130798339844 -0.0423622131347656
0.0670852661132813 -0.08392333984375 0.0439224243164063 -0.0412330627441406
0.00820159912109376 -0.0978164672851563 0.0150947570800781 -0.0453300476074219
-0.033294677734375 -0.0908889770507813 0.005279541015625 -0.0282058715820313
-0.0302352905273438 -0.0888442993164062 0.013005256652832 -0.00657367706298829
-0.0479354858398438 -0.0897140502929688 0.0117626190185547 0.00232219696044921
-0.0256195068359375 -0.0897903442382813 0.00366783142089843 0.0221309661865234
0.0102310180664062 -0.105216979980469 -0.00517654418945312 0.0287723541259766
0.0455245971679687 -0.102012634277344 -0.0248088836669922 0.0136585235595703
0.1162109375 -0.0571517944335938 -0.0261650085449219 -0.006195068359375
0.132316589355469 -0.024627685546875 -0.0106658935546875 -0.0211811065673828
0.146072387695313 0.020660400390625 0.0301132202148438 0.00242042541503906
0.121513366699219 0.0459213256835938 0.0725326538085938 -0.0443801879882813
0.117820739746094 0.029083251953125 0.08642578125 -0.0281448364257812
0.132843017578125 -0.0168685913085938 0.0793685913085938 -0.019805908203125
0.0922622680664063 -0.0638427734375 0.0610389709472656 -0.0302047729492188
0.0620651245117187 -0.080841064453125 0.039642333984375 -0.0186614990234375
0.00817871093749999 -0.0940933227539062 0.0204563140869141 -0.0124721527099609
-0.0270156860351563 -0.088958740234375 0.023529052734375 0.00461769104003906
-0.0215225219726563 -0.086944580078125 0.0309085845947266 0.0214405059814453
-0.0334091186523438 -0.08978271484375 0.0270290374755859 0.0293197631835937
-0.00882720947265626 -0.0853118896484375 0.00926971435546875 0.0463600158691406
0.0277099609375 -0.0930633544921875 -0.00406646728515625 0.0436210632324219
0.059326171875 -0.0828781127929687 -0.0209922790527344 0.0204353332519531
0.11700439453125 -0.030487060546875 -0.0153980255126953 -0.00622177124023438
0.123817443847656 0.00397491455078125 0.0188255310058594 -0.0246315002441406
0.124824523925781 0.04205322265625 0.0740432739257813 0.0146102905273438
0.0795059204101563 0.0442428588867188 0.107505798339844 -0.03173828125
0.085357666015625 0.029876708984375 0.110641479492188 -0.0279922485351562
0.0994873046875 -0.00775146484375 0.0779037475585938 -0.0193252563476562
0.0697135925292969 -0.0462570190429688 0.0566825866699219 -0.0173187255859375
0.0475425720214844 -0.05828857421875 0.0355796813964844 0.00142669677734375
0.00915527343750001 -0.0725479125976563 0.0278682708740234 0.0157737731933594
-0.0150146484375 -0.0723876953125 0.040191650390625 0.0323219299316406
-0.00928497314453125 -0.0716705322265625 0.0434646606445313 0.0453033447265625
-0.0153884887695313 -0.0772171020507813 0.0354576110839844 0.0562591552734375
0.00698471069335937 -0.0697135925292969 0.00738906860351563 0.0693893432617188
0.0386466979980469 -0.06964111328125 -0.0101585388183594 0.0567054748535156
0.0624122619628906 -0.0539703369140625 -0.0210304260253906 0.0270709991455078
0.100387573242187 -0.00054931640625 -0.00770092010498046 -0.000214099884033203
0.096527099609375 0.030517578125 0.0415763854980469 -0.0156707763671875
0.0855865478515625 0.0555801391601563 0.106521606445313 0.0352554321289063
0.0247459411621094 0.0393714904785156 0.124961853027344 -0.0222930908203125
0.0404548645019531 0.0315933227539063 0.119438171386719 -0.0286331176757813
0.0519256591796875 0.00891876220703125 0.0707244873046875 -0.0183944702148437
0.0394706726074219 -0.016937255859375 0.05169677734375 -0.00678634643554688
0.0314006805419922 -0.0230121612548828 0.0320873260498047 0.0145950317382812
0.0143661499023438 -0.0388870239257813 0.0336494445800781 0.0331058502197266
0.00201416015625 -0.0452232360839844 0.0510139465332031 0.0503463745117188
0.00383377075195312 -0.0460853576660156 0.0493698120117188 0.0630989074707031
0.00172042846679687 -0.0534744262695313 0.036834716796875 0.0782623291015625
0.0146255493164063 -0.0461349487304688 0.000122070312499998 0.0870590209960938
0.0372734069824219 -0.0417976379394531 -0.0205154418945312 0.0664901733398438
0.0503997802734375 -0.02587890625 -0.0250930786132813 0.0348663330078125
0.0691986083984375 0.0183334350585938 -0.00630569458007812 0.0112905502319336
0.0569725036621094 0.0444564819335938 0.0528984069824219 0.0023651123046875
0.0359878540039063 0.056304931640625 0.121269226074219 0.0587158203125
0.0233955383300781 -0.0396499633789063 -0.121040344238281 -0.0604934692382812
-0.0144844055175781 -0.0281200408935547 -0.0568046569824219 -0.0144157409667969
-0.0280170440673828 -0.0125160217285156 0.0164270401000977 -0.0170764923095703
-0.0255603790283203 0.00561714172363281 0.0386161804199219 -0.0431556701660156
-0.0185127258300781 0.00860786437988281 0.0366058349609375 -0.0710601806640625
-0.0129337310791016 0.0177993774414063 0.00461578369140625 -0.097442626953125
-0.0148773193359375 0.0175161361694336 -0.0420913696289062 -0.0930557250976563
-0.0170516967773438 0.0117073059082031 -0.0501632690429688 -0.0706787109375
-0.019134521484375 0.0125503540039063 -0.051727294921875 -0.0525894165039063
-0.0196952819824219 0.000503540039062503 -0.0397758483886719 -0.0409431457519531
-0.0203514099121094 -0.00979804992675781 -0.0362968444824219 -0.0163040161132812
-0.0161514282226562 -0.0198097229003906 -0.0479660034179688 0.000110626220703123
-0.00368690490722656 -0.0318737030029297 -0.0688133239746094 0.00952911376953124
0.0096893310546875 -0.0393943786621094 -0.107284545898438 0.0274581909179688
0.0297126770019531 -0.0403480529785156 -0.123992919921875 0.00914764404296877
0.0744094848632813 -0.0200347900390625 -0.104766845703125 -0.0737075805664063
0.0303535461425781 -0.0157546997070313 -0.0449295043945312 -0.0270156860351563
0.0212802886962891 -0.0138778686523438 0.0273151397705078 -0.0232696533203125
0.00917148590087891 -0.0110101699829102 0.0456619262695312 -0.0501632690429688
0.00773811340332031 -0.0171022415161133 0.04345703125 -0.0738067626953125
-0.00711727142333984 -0.0167818069458008 0.00882720947265626 -0.100021362304688
-0.0251617431640625 -0.0163860321044922 -0.035675048828125 -0.093658447265625
-0.028076171875 -0.0212631225585938 -0.0418510437011719 -0.0677833557128906
-0.0380287170410156 -0.0212249755859375 -0.0444564819335937 -0.0496978759765625
-0.0304718017578125 -0.0328235626220703 -0.0349521636962891 -0.0342159271240234
-0.0173835754394531 -0.048095703125 -0.0315513610839844 -0.0106296539306641
0.00134658813476563 -0.0562019348144531 -0.0442466735839844 -0.000183105468749998
0.0394554138183594 -0.0512962341308594 -0.0587921142578125 0.00588989257812501
0.0567741394042969 -0.0476303100585937 -0.0918655395507813 0.0204391479492187
0.081695556640625 -0.0322113037109375 -0.102882385253906 0.00425720214843751
0.114959716796875 0.0032806396484375 -0.0718536376953125 -0.0770797729492188
0.0747222900390625 0.000762939453125 -0.0217437744140625 -0.0313262939453125
0.0736007690429688 -0.0142669677734375 0.042083740234375 -0.0245590209960938
0.0481529235839844 -0.0300064086914063 0.0531425476074219 -0.0537910461425781
0.0359687805175781 -0.0441398620605469 0.046417236328125 -0.0712203979492188
0.000350952148437501 -0.0518035888671875 0.010284423828125 -0.0924835205078125
-0.0323982238769531 -0.0499000549316406 -0.0259323120117188 -0.0821151733398438
-0.0346527099609375 -0.0520668029785156 -0.0263710021972656 -0.054443359375
-0.0517616271972656 -0.0510101318359375 -0.0292434692382813 -0.0387840270996094
-0.0379714965820312 -0.0602149963378906 -0.0238742828369141 -0.0203380584716797
-0.0150604248046875 -0.0799407958984375 -0.0233097076416016 0.000141143798828119
0.01416015625 -0.0858230590820313 -0.0383949279785156 0.00317382812499999
0.0730819702148438 -0.067169189453125 -0.0482711791992187 0.00211715698242187
0.094146728515625 -0.0526199340820313 -0.0692977905273438 0.00814437866210936
0.121269226074219 -0.0211257934570313 -0.0667266845703125 0.000469207763671877
0.140037536621094 0.02215576171875 -0.0281181335449219 -0.0702362060546875
0.109954833984375 0.0133285522460937 0.0109500885009766 -0.0305690765380859
0.117683410644531 -0.0196380615234375 0.0580482482910156 -0.0235557556152344
0.0791244506835938 -0.0518875122070313 0.05810546875 -0.05157470703125
0.05535888671875 -0.0705108642578125 0.0452346801757813 -0.0605430603027344
0.00385284423828126 -0.080596923828125 0.0100631713867187 -0.0731048583984375
-0.0365371704101563 -0.0745391845703125 -0.0130500793457031 -0.0579147338867188
-0.0369338989257812 -0.0746536254882813 -0.00761032104492188 -0.0329475402832031
-0.0563430786132813 -0.07305908203125 -0.00917434692382813 -0.0210227966308594
-0.0382003784179688 -0.0785675048828125 -0.00963306427001953 -0.00051975250244141
-0.00868225097656251 -0.0990142822265625 -0.0129728317260742 0.0131711959838867
0.0253829956054688 -0.102920532226563 -0.0315475463867188 0.00879669189453124
0.0974807739257813 -0.0729751586914063 -0.0377388000488281 -0.00191497802734375
0.118461608886719 -0.0477218627929688 -0.0421295166015625 -0.00673294067382813
0.14312744140625 -0.005340576171875 -0.0213909149169922 -0.00085639953613281
0.142990112304688 0.0354156494140625 0.0220260620117188 -0.0581893920898438
0.126029968261719 0.0216064453125 0.0487785339355469 -0.028656005859375
0.139366149902344 -0.0232772827148438 0.071075439453125 -0.0211029052734375
0.093719482421875 -0.0657958984375 0.060394287109375 -0.0421104431152344
0.0631179809570313 -0.084930419921875 0.0428314208984375 -0.0407447814941406
0.00566864013671874 -0.0952301025390625 0.0135955810546875 -0.0436134338378906
-0.0357284545898438 -0.0869369506835938 0.00471878051757812 -0.0270500183105469
-0.0324783325195312 -0.0859298706054688 0.0127668380737305 -0.00646686553955079
-0.049835205078125 -0.0855865478515625 0.0109405517578125 0.00239753723144531
-0.0277328491210937 -0.0864486694335938 0.00315284729003906 0.0219497680664062
0.00638580322265624 -0.103080749511719 -0.00557899475097656 0.0281448364257812
0.041290283203125 -0.101356506347656 -0.0249099731445312 0.0133190155029297
0.112167358398438 -0.060546875 -0.0270671844482422 -0.00621795654296875
0.127822875976562 -0.0287628173828125 -0.0125675201416016 -0.019866943359375
0.144363403320313 0.0157470703125 0.0271987915039063 0.00242424011230469
0.121475219726563 0.0405654907226563 0.0691375732421875 -0.0446205139160156
0.116287231445312 0.0250625610351563 0.0830078125 -0.0283050537109375
0.130393981933594 -0.0216140747070313 0.077667236328125 -0.020263671875
0.0879058837890625 -0.0655517578125 0.0587158203125 -0.029876708984375
0.0580215454101562 -0.0813217163085938 0.0386962890625 -0.0182533264160156
0.00469970703125 -0.0916519165039062 0.0195426940917969 -0.0114040374755859
-0.0296554565429688 -0.0850830078125 0.0234470367431641 0.00428009033203124
-0.0244827270507813 -0.0841522216796875 0.0311794281005859 0.0199813842773437
-0.0364456176757813 -0.0862884521484375 0.0268516540527344 0.0284042358398437
-0.0114898681640625 -0.0826644897460938 0.00966644287109375 0.0456085205078125
0.0237350463867187 -0.0917434692382813 -0.00366973876953125 0.0423126220703125
0.0549468994140625 -0.0828781127929688 -0.0208911895751953 0.0195102691650391
0.11334228515625 -0.0335235595703125 -0.0164518356323242 -0.00601387023925782
0.120414733886719 -0.000579833984375 0.0159206390380859 -0.0242710113525391
0.124000549316406 0.0372695922851563 0.0707015991210938 0.0134124755859375
0.0795822143554688 0.0408935546875 0.104248046875 -0.0334014892578125
0.0851669311523438 0.026824951171875 0.10638427734375 -0.0296630859375
0.0978469848632813 -0.0114898681640625 0.0763397216796875 -0.019775390625
0.0662727355957031 -0.0478973388671875 0.0550765991210938 -0.0172958374023438
0.0444145202636719 -0.0594406127929688 0.0356178283691406 0.00154495239257812
0.006011962890625 -0.0706787109375 0.0276374816894531 0.0157833099365234
-0.0178871154785156 -0.0691642761230469 0.0405845642089844 0.0307159423828125
-0.0125503540039062 -0.0695648193359375 0.0443954467773438 0.0429115295410156
-0.0185394287109375 -0.0742111206054687 0.0362548828125 0.0544242858886719
0.00400924682617188 -0.0677642822265625 0.00906753540039062 0.0684356689453125
0.0344161987304688 -0.0691070556640625 -0.00894546508789063 0.0556373596191406
0.0592231750488281 -0.0551528930664062 -0.021087646484375 0.0266170501708984
0.098358154296875 -0.00445556640625 -0.0090188980102539 -0.000945091247558595
0.0951995849609375 0.02630615234375 0.0388565063476563 -0.0166091918945313
0.0862960815429688 0.0514678955078125 0.103492736816406 0.0313873291015625
0.0263175964355469 0.0375938415527344 0.122062683105469 -0.0255050659179687
0.0409736633300781 0.0293235778808594 0.115913391113281 -0.0307464599609375
0.0520820617675781 0.00635147094726563 0.0692100524902344 -0.0190391540527344
0.037628173828125 -0.018218994140625 0.0508460998535156 -0.0076904296875
0.0292015075683594 -0.0246391296386719 0.0322170257568359 0.0140495300292969
0.0120048522949219 -0.0384521484375 0.0346813201904297 0.0320358276367187
-0.001190185546875 -0.0434799194335938 0.05194091796875 0.0472946166992188
0.00104904174804688 -0.0449485778808594 0.0507965087890625 0.0593948364257813
-0.00131607055664063 -0.051849365234375 0.0382232666015625 0.0755386352539062
0.01177978515625 -0.0447425842285156 0.00191497802734375 0.085906982421875
0.0336341857910156 -0.0424041748046875 -0.0193214416503906 0.0655746459960938
0.0480079650878906 -0.0272407531738281 -0.0244274139404297 0.0340328216552734
0.0685081481933594 0.0152206420898438 -0.00672721862792968 0.00925731658935547
0.0572700500488281 0.041717529296875 0.0512466430664063 0.000293731689453128
0.0374298095703125 0.0536918640136719 0.119392395019531 0.0536651611328125
0.021697998046875 -0.039642333984375 -0.120880126953125 -0.0584335327148437
-0.0151767730712891 -0.0277996063232422 -0.0559616088867187 -0.0123367309570313
-0.0280132293701172 -0.0120811462402344 0.0165386199951172 -0.0167398452758789
-0.025054931640625 0.00673866271972656 0.0389671325683594 -0.0427665710449219
-0.0177459716796875 0.00917434692382813 0.037017822265625 -0.0710830688476563
-0.0112829208374023 0.0172500610351563 0.00438690185546875 -0.0977554321289062
-0.0135889053344727 0.0170154571533203 -0.0433349609375 -0.0925979614257813
-0.0164051055908203 0.011509895324707 -0.0519256591796875 -0.0700531005859375
-0.0185794830322266 0.0115718841552734 -0.053314208984375 -0.0520668029785156
-0.0187759399414063 0.000797271728515625 -0.0414352416992188 -0.0412635803222656
-0.0194778442382813 -0.00929450988769531 -0.0372962951660156 -0.0170173645019531
-0.016448974609375 -0.0183506011962891 -0.0488510131835938 -0.000488281250000011
-0.00431632995605468 -0.0311717987060547 -0.0686073303222656 0.00951766967773439
0.00873565673828125 -0.0389213562011719 -0.10650634765625 0.0285415649414062
0.028289794921875 -0.0405731201171875 -0.125 0.0111846923828125
0.0735321044921875 -0.0203628540039062 -0.104934692382813 -0.0713653564453125
0.030120849609375 -0.0161018371582031 -0.044952392578125 -0.0241279602050781
0.0214061737060547 -0.0145301818847656 0.0276298522949219 -0.0225563049316406
0.00969696044921875 -0.0103359222412109 0.04595947265625 -0.0496406555175781
0.00822353363037109 -0.0173206329345703 0.0433502197265625 -0.074188232421875
-0.00637912750244141 -0.0167818069458008 0.00836181640625001 -0.100639343261719
-0.0247573852539063 -0.0167274475097656 -0.0373001098632813 -0.0929107666015625
-0.0280666351318359 -0.0212554931640625 -0.0431938171386719 -0.066802978515625
-0.0380935668945313 -0.0210494995117187 -0.0462417602539063 -0.0491828918457031
-0.0297832489013672 -0.0328845977783203 -0.0366020202636719 -0.034759521484375
-0.0171165466308594 -0.0474357604980469 -0.0327339172363281 -0.0113563537597656
0.000156402587890625 -0.0554389953613281 -0.0448684692382813 -0.000366210937500002
0.0380592346191406 -0.0513954162597656 -0.0587730407714844 0.00616455078124999
0.0549278259277344 -0.0481071472167969 -0.0920562744140625 0.0215835571289062
0.0809402465820312 -0.0331878662109375 -0.104743957519531 0.00635528564453125
0.115325927734375 0.001739501953125 -0.073150634765625 -0.07525634765625
0.0747222900390625 0.00042724609375 -0.0224647521972656 -0.0286521911621094
0.0741043090820312 -0.0156097412109375 0.0429229736328125 -0.0241622924804688
0.0480575561523438 -0.0297660827636719 0.0531158447265625 -0.0531806945800781
0.0357666015625 -0.0451850891113281 0.0465240478515625 -0.0706253051757813
0.000209808349609374 -0.052154541015625 0.00961303710937499 -0.0924148559570313
-0.0322341918945313 -0.0490951538085937 -0.027099609375 -0.0808029174804688
-0.0350151062011719 -0.0519523620605469 -0.0277328491210937 -0.0538673400878906
-0.0518646240234375 -0.0504035949707031 -0.0307846069335937 -0.0380935668945313
-0.0377845764160156 -0.05963134765625 -0.0253334045410156 -0.0203151702880859
-0.0151443481445312 -0.0787429809570313 -0.0245590209960938 -0.000959396362304694
0.013275146484375 -0.085662841796875 -0.0398902893066406 0.00297164916992186
0.0719757080078125 -0.0681304931640625 -0.0491485595703125 0.00215148925781251
0.0920486450195313 -0.0528030395507813 -0.0699234008789063 0.00993728637695311
0.121177673339844 -0.022705078125 -0.0689888000488281 0.00249099731445313
0.14105224609375 0.0204620361328125 -0.0294723510742187 -0.0686492919921875
0.110671997070313 0.012969970703125 0.00952720642089844 -0.0282649993896484
0.117767333984375 -0.021881103515625 0.0585670471191406 -0.0228538513183594
0.0785446166992188 -0.0529861450195313 0.0578689575195313 -0.0507965087890625
0.0544662475585938 -0.0722579956054688 0.0449333190917969 -0.0601234436035156
0.003082275390625 -0.080535888671875 0.00952911376953125 -0.0724334716796875
-0.0375823974609375 -0.0734710693359375 -0.0136337280273438 -0.057342529296875
-0.0385360717773438 -0.0745010375976563 -0.00783920288085938 -0.0325145721435547
-0.057342529296875 -0.0721817016601563 -0.0111122131347656 -0.0200023651123047
-0.0385665893554687 -0.07763671875 -0.0109491348266602 -0.00053787231445313
-0.00963592529296875 -0.0979232788085938 -0.0141801834106445 0.0126008987426758
0.0243759155273438 -0.103202819824219 -0.0326480865478516 0.00769615173339843
0.0960159301757812 -0.0747222900390625 -0.0388221740722656 -0.00170898437500001
0.116836547851563 -0.0486221313476563 -0.0434494018554687 -0.00560379028320314
0.144271850585938 -0.0071868896484375 -0.0233783721923828 0.000595092773437496
0.144424438476563 0.0335845947265625 0.0210914611816406 -0.0572357177734375
0.126068115234375 0.0204925537109375 0.0472564697265625 -0.0271224975585938
0.139389038085938 -0.02606201171875 0.0720596313476563 -0.021026611328125
0.0931243896484375 -0.06689453125 0.0603599548339844 -0.0420875549316406
0.0618362426757813 -0.0865402221679688 0.0425567626953125 -0.0402183532714844
0.00371551513671875 -0.0951309204101562 0.0131034851074219 -0.0423126220703125
-0.0370101928710938 -0.0858917236328125 0.00508499145507812 -0.0264816284179688
-0.0345916748046875 -0.0853347778320313 0.0132341384887695 -0.00649452209472657
-0.0517196655273438 -0.0845489501953125 0.00999641418457031 0.00298404693603515
-0.0284194946289062 -0.0854110717773438 0.002410888671875 0.0222225189208984
0.00449371337890626 -0.102294921875 -0.00623321533203125 0.0270156860351562
0.0397872924804687 -0.102096557617188 -0.0267162322998047 0.0131759643554687
0.111213684082031 -0.0620193481445312 -0.0286674499511719 -0.00570297241210938
0.127166748046875 -0.0296707153320312 -0.0141468048095703 -0.0193386077880859
0.1458740234375 0.01397705078125 0.0256557464599609 0.00335502624511719
0.122932434082031 0.0397720336914063 0.0689010620117188 -0.044342041015625
0.116950988769531 0.023284912109375 0.0818634033203125 -0.0269546508789063
0.130973815917969 -0.0241165161132813 0.078155517578125 -0.02020263671875
0.0868148803710938 -0.0666656494140625 0.0591926574707031 -0.0292015075683594
0.0568389892578125 -0.0831756591796875 0.0394287109375 -0.01751708984375
0.00308990478515625 -0.0915756225585938 0.0199851989746094 -0.0102367401123047
-0.0313873291015625 -0.0833663940429688 0.0241737365722656 0.00457572937011718
-0.0257186889648437 -0.0833969116210938 0.0319461822509766 0.0193653106689453
-0.03778076171875 -0.0847702026367188 0.026580810546875 0.0287837982177734
-0.0123138427734375 -0.081878662109375 0.00989151000976563 0.0462913513183594
0.0218658447265625 -0.0918807983398437 -0.00417327880859375 0.0425376892089844
0.0537261962890625 -0.0842437744140625 -0.0224895477294922 0.0191898345947266
0.113319396972656 -0.0356826782226563 -0.0180149078369141 -0.00625419616699219
0.119789123535156 -0.0019073486328125 0.0143966674804688 -0.0241603851318359
0.125778198242188 0.0353622436523438 0.0696258544921875 0.0138130187988281
0.0814132690429688 0.0399627685546875 0.104248046875 -0.034576416015625
0.0858001708984375 0.0259017944335938 0.105697631835937 -0.0289993286132813
0.0985260009765625 -0.0136184692382812 0.0765380859375 -0.0192642211914062
0.0654716491699219 -0.0492706298828125 0.0553436279296875 -0.0169677734375
0.0435028076171875 -0.0606155395507813 0.0362548828125 0.00176620483398437
0.0045166015625 -0.0703887939453125 0.028289794921875 0.0166568756103516
-0.02008056640625 -0.0673942565917969 0.0420074462890625 0.030609130859375
-0.0137786865234375 -0.0686187744140625 0.0452384948730469 0.0418319702148437
-0.0197296142578125 -0.0732192993164063 0.0364418029785156 0.0543594360351562
0.0030517578125 -0.067230224609375 0.0092315673828125 0.0685806274414063
0.0329132080078125 -0.0697555541992188 -0.00954055786132813 0.055419921875
0.0576553344726563 -0.0559539794921875 -0.0222454071044922 0.0257587432861328
0.0989532470703125 -0.00684356689453125 -0.0101957321166992 -0.00125789642333984
0.0955734252929687 0.0251083374023437 0.0376777648925781 -0.0170516967773438
0.0882797241210938 0.0499496459960937 0.10235595703125 0.0310211181640625
0.0275726318359375 0.0371856689453125 0.122871398925781 -0.02642822265625
0.0417327880859375 0.0290145874023438 0.114608764648438 -0.0311126708984375
0.0523719787597656 0.00492477416992187 0.0696830749511719 -0.0187721252441406
0.0369224548339844 -0.019012451171875 0.0510520935058594 -0.007171630859375
0.0285835266113281 -0.0259456634521484 0.0329418182373047 0.0145397186279297
0.0105361938476562 -0.0378799438476562 0.0355720520019531 0.0328903198242188
-0.00243759155273438 -0.0420799255371094 0.0537033081054688 0.046966552734375
-0.000305175781249998 -0.0442962646484375 0.0518989562988281 0.0585060119628906
-0.002716064453125 -0.0506553649902344 0.0391159057617188 0.0754318237304688
0.0110549926757812 -0.0447158813476563 0.0026092529296875 0.0858993530273438
0.0321922302246094 -0.0423240661621094 -0.01947021484375 0.0657463073730469
0.047271728515625 -0.0283126831054688 -0.0253620147705078 0.0336742401123047
0.0692481994628906 0.0141143798828125 -0.00755214691162109 0.00907516479492188
0.05755615234375 0.0401191711425781 0.0500297546386719 -0.00112533569335937
0.0386581420898438 0.0525741577148438 0.118759155273438 0.0526046752929688
0.0218849182128906 -0.0405616760253906 -0.124496459960938 -0.0576858520507812
-0.0158481597900391 -0.0275688171386719 -0.0565643310546875 -0.0108718872070313
-0.0288219451904297 -0.0115299224853516 0.0173511505126953 -0.0162887573242188
-0.0254840850830078 0.00860404968261719 0.0402679443359375 -0.0437393188476563
-0.0180320739746094 0.01055908203125 0.037933349609375 -0.0733261108398438
-0.0106639862060547 0.0173978805541992 0.0033721923828125 -0.100959777832031
-0.0125274658203125 0.0162124633789063 -0.0464553833007812 -0.0941543579101563
-0.0161371231079102 0.0119094848632813 -0.0552597045898438 -0.070343017578125
-0.0184955596923828 0.0117778778076172 -0.0566329956054688 -0.0526466369628906
-0.0186500549316406 -0.000131607055664059 -0.0445022583007813 -0.0427589416503906
-0.0195255279541016 -0.00872230529785156 -0.0402946472167969 -0.0177764892578125
-0.0170631408691406 -0.0181541442871094 -0.0502281188964844 -0.000625610351562512
-0.00574302673339844 -0.0311241149902344 -0.0699386596679688 0.00968551635742186
0.0071868896484375 -0.0397567749023438 -0.109458923339844 0.0308456420898437
0.0274085998535156 -0.0421714782714844 -0.129936218261719 0.013671875
0.0750350952148438 -0.0218429565429688 -0.108757019042969 -0.070892333984375
0.0307102203369141 -0.0162391662597656 -0.046234130859375 -0.0222396850585938
0.0219802856445313 -0.0151023864746094 0.0282268524169922 -0.0224819183349609
0.0101613998413086 -0.0103893280029297 0.0467300415039063 -0.0507087707519531
0.00845909118652344 -0.0174036026000977 0.043701171875 -0.0760955810546875
-0.00621604919433594 -0.0176143646240234 0.00695800781250001 -0.102973937988281
-0.0246963500976563 -0.0178108215332031 -0.0397186279296875 -0.09454345703125
-0.0287723541259766 -0.0219230651855469 -0.0460662841796875 -0.0678939819335938
-0.0389785766601563 -0.0209236145019531 -0.0495643615722656 -0.05023193359375
-0.0304183959960938 -0.0334320068359375 -0.0394935607910156 -0.0356941223144531
-0.0177421569824219 -0.0479202270507813 -0.0351314544677734 -0.0122795104980469
-3.05175781250031E-05 -0.0563888549804688 -0.04681396484375 -0.000762939453125001
0.0376815795898438 -0.0527153015136719 -0.0603866577148438 0.00637817382812499
0.0545158386230469 -0.0493240356445312 -0.0941314697265625 0.0238571166992187
0.0822219848632813 -0.0353469848632813 -0.108940124511719 0.00909423828125
0.118942260742188 1.52587890625E-05 -0.076416015625 -0.0747833251953125
0.0770950317382813 -0.0005340576171875 -0.0232830047607422 -0.0267963409423828
0.075714111328125 -0.0178909301757813 0.0438804626464844 -0.0242767333984375
0.0492134094238281 -0.0314903259277344 0.0546646118164063 -0.0540199279785156
0.0359001159667969 -0.0472183227539063 0.0471725463867188 -0.072998046875
-0.000114440917968753 -0.0533638000488281 0.00872039794921875 -0.0946807861328125
-0.0330657958984375 -0.0496749877929688 -0.029144287109375 -0.08172607421875
-0.0370826721191406 -0.0529556274414063 -0.0294952392578125 -0.0543212890625
-0.0540885925292969 -0.0505027770996094 -0.0333900451660156 -0.0382347106933594
-0.03851318359375 -0.0607452392578125 -0.0277385711669922 -0.0207023620605469
-0.0166473388671875 -0.08026123046875 -0.026214599609375 -0.00132942199707032
0.011932373046875 -0.0878524780273438 -0.0422286987304688 0.00271224975585937
0.071990966796875 -0.0707855224609375 -0.0508880615234375 0.0029144287109375
0.0929794311523438 -0.0552291870117188 -0.0721435546875 0.0118179321289063
0.124588012695313 -0.0251235961914063 -0.0724716186523437 0.00462341308593751
0.145858764648438 0.0187225341796875 -0.031097412109375 -0.0690574645996094
0.113998413085938 0.011444091796875 0.00972747802734376 -0.0267333984375
0.121406555175781 -0.0253448486328125 0.0601310729980469 -0.0233955383300781
0.08013916015625 -0.0554733276367188 0.0589675903320313 -0.0516815185546875
0.0550308227539063 -0.0756072998046875 0.0462303161621094 -0.0618705749511719
0.00236511230468749 -0.0825576782226563 0.00926971435546876 -0.0731430053710938
-0.0387115478515625 -0.0748291015625 -0.0149879455566406 -0.0579376220703125
-0.0406875610351563 -0.075927734375 -0.00876617431640625 -0.0337371826171875
-0.0603408813476562 -0.0724868774414063 -0.0125961303710937 -0.0198554992675781
-0.0401840209960938 -0.0790634155273438 -0.0122652053833008 -0.000632286071777348
-0.011566162109375 -0.10015869140625 -0.0156993865966797 0.0124540328979492
0.023101806640625 -0.106315612792969 -0.0353126525878906 0.00789260864257813
0.0971450805664062 -0.0782241821289062 -0.0413932800292969 -0.00205230712890626
0.118354797363281 -0.0513229370117188 -0.0454826354980469 -0.00429916381835939
0.14874267578125 -0.009979248046875 -0.025522232055664 0.00266838073730469
0.1497802734375 0.0323638916015625 0.0212669372558594 -0.0583267211914063
0.130485534667969 0.0195541381835937 0.0476722717285156 -0.025604248046875
0.143325805664063 -0.030059814453125 0.0737686157226563 -0.0217666625976563
0.0945892333984375 -0.0704421997070313 0.0617446899414063 -0.0420036315917969
0.0622711181640625 -0.0911483764648437 0.04412841796875 -0.0411643981933594
0.00241088867187499 -0.0977706909179688 0.0136871337890625 -0.0426521301269531
-0.0392684936523437 -0.0871658325195313 0.00490760803222656 -0.0266895294189453
-0.037139892578125 -0.0879058837890625 0.0140848159790039 -0.00748252868652344
-0.054473876953125 -0.0851593017578125 0.00943565368652343 0.00356483459472656
-0.0302200317382812 -0.0872726440429688 0.00242042541503906 0.0229053497314453
0.0025482177734375 -0.105743408203125 -0.0070648193359375 0.0271453857421875
0.0390701293945313 -0.1055908203125 -0.0284290313720703 0.0131416320800781
0.113510131835937 -0.0661849975585938 -0.0301246643066406 -0.00542068481445313
0.129814147949219 -0.0322723388671875 -0.0160083770751953 -0.0187187194824219
0.15087890625 0.0114288330078125 0.0245342254638672 0.00457954406738281
0.127410888671875 0.0384445190429688 0.0703582763671875 -0.0459671020507813
0.121078491210938 0.0230941772460938 0.0831680297851563 -0.026763916015625
0.134391784667969 -0.0277862548828125 0.080413818359375 -0.020843505859375
0.08782958984375 -0.0695571899414063 0.060302734375 -0.0296440124511719
0.05645751953125 -0.0872955322265625 0.0414009094238281 -0.0179595947265625
0.00174713134765624 -0.0935897827148438 0.0213718414306641 -0.00919342041015626
-0.033477783203125 -0.0840911865234375 0.0256233215332031 0.00458335876464843
-0.0287246704101563 -0.0851593017578125 0.0339202880859375 0.0187320709228516
-0.04046630859375 -0.0855865478515625 0.0273342132568359 0.0293445587158203
-0.0139541625976563 -0.0834121704101563 0.0101890563964844 0.0474967956542969
0.0198440551757813 -0.0945358276367188 -0.00510787963867188 0.0426521301269531
0.05328369140625 -0.0874252319335938 -0.0239105224609375 0.0190544128417969
0.116012573242188 -0.039215087890625 -0.0197296142578125 -0.00626945495605469
0.122833251953125 -0.00399017333984375 0.0132064819335938 -0.0244026184082031
0.130973815917969 0.0340652465820313 0.0702552795410156 0.013763427734375
0.0844268798828125 0.0392990112304687 0.107444763183594 -0.035858154296875
0.0885086059570313 0.0251541137695313 0.107711791992188 -0.0298919677734375
0.100898742675781 -0.016693115234375 0.078948974609375 -0.0206375122070312
0.0656661987304688 -0.0513801574707031 0.0566024780273438 -0.0173187255859375
0.0431327819824219 -0.0638923645019531 0.0378875732421875 0.0025634765625
0.00290679931640626 -0.0715713500976563 0.0303268432617188 0.0177536010742187
-0.0219230651855469 -0.0675506591796875 0.0442161560058594 0.0301589965820313
-0.0161628723144531 -0.0702056884765625 0.0477828979492188 0.04168701171875
-0.02178955078125 -0.0739364624023438 0.0384521484375 0.0558891296386719
0.00180053710937499 -0.0685348510742188 0.0103683471679687 0.071075439453125
0.0321426391601562 -0.0712356567382813 -0.00995635986328125 0.0567817687988281
0.0584220886230469 -0.0584983825683594 -0.0234432220458984 0.0265388488769531
0.101356506347656 -0.0086212158203125 -0.011195182800293 -0.00171184539794922
0.0984268188476562 0.0239334106445313 0.0368614196777344 -0.0186538696289063
0.092376708984375 0.0494155883789063 0.103958129882813 0.0309524536132813
0.0289535522460937 0.0375251770019531 0.126571655273438 -0.0288314819335937
0.0434188842773438 0.0286331176757813 0.116851806640625 -0.0331649780273438
0.0544853210449219 0.0034332275390625 0.0712356567382813 -0.0195693969726563
0.0375289916992187 -0.0207901000976562 0.05242919921875 -0.00777435302734375
0.0282936096191406 -0.0276641845703125 0.0352401733398437 0.0154304504394531
0.00956344604492187 -0.0385780334472656 0.0377655029296875 0.03387451171875
-0.00382614135742187 -0.0422325134277344 0.0563812255859375 0.0470657348632813
-0.00190353393554688 -0.0444145202636719 0.0549812316894531 0.0581855773925781
-0.00428009033203125 -0.0515365600585938 0.0415878295898437 0.077056884765625
0.00974273681640626 -0.0449981689453125 0.0038604736328125 0.0884933471679687
0.0316429138183594 -0.0438461303710937 -0.0197830200195312 0.0672454833984375
0.0474357604980469 -0.0302734375 -0.0263195037841797 0.0345077514648438
0.0719451904296875 0.0123672485351563 -0.00905609130859375 0.00815391540527344
0.0599174499511719 0.0398216247558594 0.050018310546875 -0.0021820068359375
0.0407562255859375 0.0528984069824219 0.12176513671875 0.0524673461914062
0.0204277038574219 -0.0425338745117188 -0.130813598632812 -0.0543975830078125
-0.0169334411621094 -0.0276641845703125 -0.0584526062011719 -0.00751876831054687
-0.0297298431396484 -0.0103549957275391 0.0174150466918945 -0.0166616439819336
-0.0251350402832031 0.00997352600097656 0.0407791137695313 -0.0456619262695313
-0.0172348022460938 0.0119924545288086 0.0373458862304688 -0.0774765014648438
-0.00951957702636719 0.0179538726806641 0.000389099121093747 -0.105094909667969
-0.0114688873291016 0.0164222717285156 -0.0518264770507813 -0.0952377319335938
-0.0157346725463867 0.0120620727539063 -0.0608291625976563 -0.0701675415039063
-0.0184364318847656 0.0125961303710937 -0.0621452331542969 -0.0524520874023438
-0.0185661315917969 -1.3351440429687E-05 -0.0491294860839844 -0.0426712036132812
-0.0192909240722656 -0.00827598571777344 -0.0435829162597656 -0.0178756713867187
-0.0182514190673828 -0.0175800323486328 -0.0528907775878906 0.000347137451171866
-0.00773239135742188 -0.0312252044677734 -0.0719146728515625 0.011688232421875
0.0059051513671875 -0.0409202575683594 -0.112297058105469 0.0359725952148438
0.0262832641601562 -0.0437774658203125 -0.135604858398438 0.0199737548828125
0.077056884765625 -0.0259628295898438 -0.114570617675781 -0.068023681640625
0.0316638946533203 -0.017303466796875 -0.04779052734375 -0.01959228515625
0.0223121643066406 -0.0167407989501953 0.0289897918701172 -0.0234508514404297
0.0110673904418945 -0.010676383972168 0.0473747253417969 -0.0532379150390625
0.00846481323242188 -0.0179691314697266 0.0434799194335937 -0.080291748046875
-0.00595855712890625 -0.0189094543457031 0.00394439697265625 -0.107391357421875
-0.0252799987792969 -0.0178089141845703 -0.0453948974609375 -0.0956802368164063
-0.0303688049316406 -0.0219955444335938 -0.0508842468261719 -0.0679359436035156
-0.0407333374023438 -0.0202903747558594 -0.0547065734863281 -0.0491867065429688
-0.0317401885986328 -0.0336704254150391 -0.0436439514160156 -0.03558349609375
-0.0189399719238281 -0.0485801696777344 -0.0375595092773438 -0.0124282836914063
-0.00241470336914063 -0.0581436157226563 -0.0500221252441406 0.000682830810546862
0.0363540649414062 -0.0554122924804687 -0.0625381469726563 0.00812530517578124
0.0540390014648437 -0.0528030395507812 -0.0970687866210937 0.0284194946289063
0.0843353271484375 -0.0394515991210937 -0.114433288574219 0.014801025390625
0.123687744140625 -0.00481414794921875 -0.0816268920898437 -0.0732498168945312
0.0810699462890625 -0.0028839111328125 -0.0244407653808594 -0.0244941711425781
0.0784530639648438 -0.0225296020507813 0.045196533203125 -0.0264625549316406
0.0500602722167969 -0.0342063903808594 0.0548973083496094 -0.0568351745605469
0.0352287292480469 -0.0508842468261719 0.0467987060546875 -0.0773391723632813
-0.00149154663085937 -0.05560302734375 0.0057373046875 -0.0979995727539063
-0.0353431701660156 -0.0506782531738281 -0.033416748046875 -0.0831375122070313
-0.0404434204101563 -0.0542068481445313 -0.0331764221191406 -0.0556449890136719
-0.0578727722167969 -0.0502052307128906 -0.0375175476074219 -0.038299560546875
-0.0422515869140625 -0.0617790222167969 -0.0307636260986328 -0.0203456878662109
-0.0197219848632813 -0.0820465087890625 -0.0286865234375 -0.000907897949218756
0.00834655761718751 -0.090972900390625 -0.0447807312011719 0.00403594970703124
0.071563720703125 -0.0762939453125 -0.0530242919921875 0.00430679321289061
0.093292236328125 -0.060028076171875 -0.0748748779296875 0.0151214599609375
0.128730773925781 -0.0313644409179688 -0.0764694213867188 0.00907135009765625
0.15313720703125 0.0135345458984375 -0.0345878601074219 -0.068878173828125
0.1197509765625 0.00775146484375 0.00870132446289063 -0.0250511169433594
0.125228881835938 -0.0323486328125 0.0623283386230469 -0.0259780883789063
0.0814895629882813 -0.0606842041015625 0.0597763061523438 -0.0542221069335938
0.0534286499023438 -0.0814285278320313 0.0459785461425781 -0.0656089782714844
-0.000427246093749996 -0.0860977172851563 0.00712585449218751 -0.076019287109375
-0.0431137084960938 -0.075897216796875 -0.017425537109375 -0.0589447021484375
-0.0455398559570312 -0.077545166015625 -0.0103588104248047 -0.0345611572265625
-0.0653076171875 -0.0721588134765625 -0.0142726898193359 -0.0196609497070313
-0.0440673828125 -0.0800628662109375 -0.013646125793457 -0.000266075134277346
-0.0160140991210938 -0.102897644042969 -0.0165138244628906 0.012476921081543
0.0193634033203125 -0.111061096191406 -0.0377960205078125 0.00909805297851562
0.0974273681640625 -0.0848922729492188 -0.0430870056152344 -0.000240325927734374
0.120567321777344 -0.057403564453125 -0.0479469299316406 -0.00170135498046875
0.154830932617187 -0.0166168212890625 -0.0280628204345703 0.00518417358398437
0.157180786132813 0.0274810791015625 0.0197525024414063 -0.0595893859863281
0.13714599609375 0.0155029296875 0.0487327575683594 -0.0257453918457031
0.147506713867188 -0.0380859375 0.0760498046875 -0.0247268676757813
0.0948715209960938 -0.0766525268554688 0.0630455017089844 -0.0443038940429688
0.0604705810546875 -0.0977706909179688 0.0449600219726563 -0.0439186096191406
-0.00132751464843751 -0.101287841796875 0.0130233764648438 -0.0439109802246094
-0.0439071655273438 -0.0877838134765625 0.00428581237792968 -0.0272083282470703
-0.0428009033203125 -0.089111328125 0.0135583877563477 -0.00886344909667969
-0.0606918334960938 -0.08563232421875 0.00937747955322265 0.00412464141845703
-0.0346450805664063 -0.0887680053710938 0.00214767456054687 0.0237464904785156
-0.00161743164062501 -0.108970642089844 -0.00775337219238281 0.0277061462402344
0.035858154296875 -0.111610412597656 -0.0304317474365234 0.0140304565429687
0.114814758300781 -0.0732650756835938 -0.0320014953613281 -0.00437355041503907
0.133026123046875 -0.0381851196289063 -0.0181789398193359 -0.0182323455810547
0.158721923828125 0.0059967041015625 0.0245475769042969 0.00493812561035156
0.135360717773438 0.0347061157226563 0.0714035034179688 -0.0492401123046875
0.126815795898437 0.0196762084960937 0.085113525390625 -0.0285797119140625
0.138984680175781 -0.03521728515625 0.082977294921875 -0.024688720703125
0.0881729125976562 -0.0754623413085937 0.0624809265136719 -0.0317230224609375
0.0539779663085938 -0.093475341796875 0.0425453186035156 -0.0195655822753906
-0.0023040771484375 -0.0968170166015625 0.0225734710693359 -0.00936508178710938
-0.0386123657226563 -0.0849990844726563 0.0275096893310547 0.00427246093749999
-0.0337295532226563 -0.0871047973632813 0.0359115600585938 0.0177536010742187
-0.0464935302734375 -0.0865936279296875 0.0293769836425781 0.0301971435546875
-0.017120361328125 -0.08575439453125 0.0123291015625 0.049041748046875
0.0166397094726562 -0.0986557006835938 -0.00445175170898437 0.0438995361328125
0.0518112182617187 -0.0928497314453125 -0.0258426666259766 0.02008056640625
0.119255065917969 -0.0455474853515625 -0.0213127136230469 -0.00582504272460938
0.1270751953125 -0.00881195068359375 0.0113601684570313 -0.0255813598632813
0.13824462890625 0.029510498046875 0.0722732543945313 0.012359619140625
0.0904922485351563 0.037353515625 0.110298156738281 -0.0414886474609375
0.093475341796875 0.022979736328125 0.110069274902344 -0.0338821411132813
0.104644775390625 -0.0219192504882813 0.0814437866210938 -0.02398681640625
0.0661544799804687 -0.0562858581542969 0.0590934753417969 -0.0192451477050781
0.0412368774414063 -0.0683517456054687 0.0400581359863281 0.00165557861328125
6.86645507812457E-05 -0.0740432739257813 0.0324649810791016 0.0182647705078125
-0.0253219604492187 -0.0684432983398438 0.0481109619140625 0.0299301147460937
-0.0206375122070313 -0.0714569091796875 0.0518913269042969 0.040435791015625
-0.0265960693359375 -0.0751419067382812 0.0421562194824219 0.0564231872558594
-0.000671386718750001 -0.0705413818359375 0.0130157470703125 0.0735244750976563
0.0296096801757812 -0.0754165649414062 -0.0094757080078125 0.0586471557617187
0.0578269958496094 -0.0634994506835938 -0.0248050689697266 0.0277366638183594
0.105461120605469 -0.0132522583007813 -0.0127658843994141 -0.00154685974121094
0.103256225585937 0.0207443237304688 0.0367927551269531 -0.0204391479492188
0.0979690551757813 0.0473251342773438 0.108360290527344 0.028533935546875
0.0321578979492188 0.037353515625 0.130828857421875 -0.0349349975585938
0.0468635559082031 0.0279922485351563 0.119697570800781 -0.0380325317382812
0.0572853088378906 0.000606536865234375 0.073272705078125 -0.022125244140625
0.0374221801757813 -0.02301025390625 0.0545539855957031 -0.00901031494140625
0.0273227691650391 -0.0300807952880859 0.0378036499023438 0.0154533386230469
0.0074920654296875 -0.0400314331054688 0.0415077209472656 0.0348587036132813
-0.00648880004882813 -0.0421943664550781 0.0612449645996094 0.0463409423828125
-0.00426864624023437 -0.0457077026367188 0.059814453125 0.0573806762695313
-0.00739669799804688 -0.0525321960449219 0.0466079711914063 0.0782546997070313
0.00838470458984375 -0.0460014343261719 0.00732421874999999 0.0925445556640625
0.0302619934082031 -0.0464057922363281 -0.0194053649902344 0.0699729919433594
0.0480308532714844 -0.0334014892578125 -0.0271110534667969 0.0358467102050781
0.075469970703125 0.0094757080078125 -0.00943470001220702 0.00837612152099609
0.0636329650878906 0.0387649536132813 0.0510025024414063 -0.00493621826171875
0.0450935363769531 0.0527267456054688 0.127334594726563 0.0497589111328125
0.0179939270019531 -0.0445556640625 -0.135498046875 -0.0478897094726562
-0.0188198089599609 -0.0271682739257813 -0.0590896606445313 -0.003387451171875
-0.0309562683105469 -0.00840568542480469 0.0170621871948242 -0.0171327590942383
-0.0244312286376953 0.0123214721679688 0.0393142700195313 -0.04833984375
-0.0160150527954102 0.0139303207397461 0.034393310546875 -0.081390380859375
-0.00761795043945312 0.0182838439941406 -0.00533294677734374 -0.1087646484375
-0.0103635787963867 0.0161895751953125 -0.0593643188476563 -0.09405517578125
-0.0151920318603516 0.0129613876342773 -0.0671958923339844 -0.0679779052734375
-0.0176181793212891 0.0135269165039063 -0.0679817199707031 -0.0493316650390625
-0.0184803009033203 0.000566482543945313 -0.0543060302734375 -0.0419120788574219
-0.0193500518798828 -0.007537841796875 -0.0465812683105469 -0.0163764953613281
-0.0199413299560547 -0.0160369873046875 -0.0544357299804688 0.00293350219726562
-0.01019287109375 -0.0312900543212891 -0.0733718872070313 0.01519775390625
0.00264358520507813 -0.0419540405273438 -0.112518310546875 0.0429611206054687
0.0242156982421875 -0.0464630126953125 -0.138946533203125 0.0301742553710937
0.0771484375 -0.0307846069335938 -0.120780944824219 -0.0623626708984375
0.0317459106445312 -0.0195751190185547 -0.0493545532226563 -0.0155868530273438
0.0224704742431641 -0.0184211730957031 0.0287990570068359 -0.0251445770263672
0.0109748840332031 -0.0111684799194336 0.0457077026367188 -0.056060791015625
0.00841712951660156 -0.0192794799804688 0.0405426025390625 -0.0847320556640625
-0.00666236877441407 -0.0194740295410156 -0.0015411376953125 -0.110450744628906
-0.0264778137207031 -0.0174217224121094 -0.0522079467773438 -0.0950164794921875
-0.0325794219970703 -0.0216903686523437 -0.0570793151855469 -0.0659866333007812
-0.0427742004394531 -0.0186080932617188 -0.0601158142089844 -0.0466041564941406
-0.0341472625732422 -0.0331840515136719 -0.048248291015625 -0.0344123840332031
-0.0216445922851563 -0.0488204956054688 -0.0406455993652344 -0.0109672546386719
-0.00601577758789063 -0.0585289001464844 -0.0515022277832031 0.00279998779296875
0.0339279174804688 -0.0586166381835937 -0.0638542175292969 0.0112342834472656
0.0518760681152344 -0.0567245483398438 -0.0984573364257813 0.03558349609375
0.084014892578125 -0.0454864501953125 -0.118247985839844 0.0235824584960938
0.127227783203125 -0.0124282836914063 -0.08770751953125 -0.0684814453125
0.0833892822265625 -0.00743865966796875 -0.0261421203613281 -0.0216884613037109
0.0795364379882813 -0.0283126831054688 0.0449600219726563 -0.0286750793457031
0.0498695373535156 -0.0380210876464844 0.0535392761230469 -0.05999755859375
0.0334243774414063 -0.0549163818359375 0.0443267822265625 -0.08087158203125
-0.00471115112304688 -0.057373046875 0.000633239746093759 -0.100288391113281
-0.0394783020019531 -0.0505256652832031 -0.0392913818359375 -0.082550048828125
-0.0454788208007813 -0.0533447265625 -0.0376205444335938 -0.0548019409179687
-0.0623512268066406 -0.0474433898925781 -0.0421295166015625 -0.0358810424804688
-0.0463027954101562 -0.0608406066894531 -0.0343894958496094 -0.0189628601074219
-0.0244522094726562 -0.082611083984375 -0.0304622650146484 -0.000415802001953129
0.003173828125 -0.0932769775390625 -0.046600341796875 0.0061187744140625
0.0690155029296875 -0.0819854736328125 -0.0543136596679687 0.00708389282226563
0.0918807983398437 -0.0667343139648437 -0.076507568359375 0.021392822265625
0.131011962890625 -0.0403594970703125 -0.079132080078125 0.0157546997070312
0.159072875976563 0.003692626953125 -0.0394439697265625 -0.0667762756347656
0.123985290527344 0.00092315673828125 0.00734329223632813 -0.023956298828125
0.126922607421875 -0.0416030883789062 0.0625381469726563 -0.0301132202148438
0.0798263549804688 -0.067230224609375 0.0590057373046875 -0.0575408935546875
0.0495986938476562 -0.0873794555664063 0.0442886352539063 -0.0690231323242188
-0.00576782226562501 -0.0883865356445313 0.00373077392578124 -0.0771484375
-0.0484848022460937 -0.0750503540039063 -0.0213584899902344 -0.0583724975585938
-0.0522079467773437 -0.0767974853515625 -0.0134525299072266 -0.0343399047851563
-0.0720596313476563 -0.0693511962890625 -0.0171890258789063 -0.0181198120117188
-0.0495376586914063 -0.0793228149414063 -0.0154199600219727 0.000826835632324216
-0.0222930908203125 -0.104324340820313 -0.0183753967285156 0.0133037567138672
0.0125198364257813 -0.114349365234375 -0.0395050048828125 0.011016845703125
0.0952529907226562 -0.0932769775390625 -0.0439643859863281 0.00238800048828125
0.119659423828125 -0.065948486328125 -0.0499610900878906 0.00176239013671875
0.158981323242188 -0.0271759033203125 -0.0294265747070312 0.00881767272949218
0.163955688476563 0.0181427001953125 0.0167694091796875 -0.0609092712402344
0.142166137695313 0.007598876953125 0.0476875305175781 -0.0266380310058594
0.14935302734375 -0.04901123046875 0.076690673828125 -0.029144287109375
0.09259033203125 -0.0844955444335938 0.0626716613769531 -0.0478286743164063
0.0550613403320313 -0.104721069335937 0.0446395874023438 -0.0468025207519531
-0.00756072998046876 -0.104042053222656 0.0115852355957031 -0.0440330505371094
-0.0496673583984375 -0.0870208740234375 0.00336265563964844 -0.0280418395996094
-0.0496978759765625 -0.088958740234375 0.0136604309082031 -0.00987815856933594
-0.06787109375 -0.083221435546875 0.00933074951171875 0.00398635864257812
-0.0400009155273438 -0.088531494140625 0.00288772583007812 0.0245285034179687
-0.0086822509765625 -0.111000061035156 -0.00761032104492188 0.0285434722900391
0.0297012329101562 -0.116363525390625 -0.0318279266357422 0.0161609649658203
0.1148681640625 -0.0831451416015625 -0.033416748046875 -0.00324821472167969
0.133956909179688 -0.0473251342773438 -0.0200901031494141 -0.0168704986572266
0.164215087890625 -0.0045623779296875 0.0246982574462891 0.00479316711425781
0.1419677734375 0.0275115966796875 0.0709152221679688 -0.0535507202148438
0.131645202636719 0.0125656127929687 0.0849227905273438 -0.0322189331054688
0.140235900878906 -0.0455551147460938 0.0839004516601563 -0.029510498046875
0.0857620239257813 -0.08294677734375 0.0624046325683594 -0.0347900390625
0.0493240356445312 -0.100181579589844 0.0434684753417969 -0.0214958190917969
-0.0081329345703125 -0.0988540649414063 0.0230770111083984 -0.009307861328125
-0.0442276000976563 -0.084014892578125 0.0293540954589844 0.00285720825195312
-0.0411148071289062 -0.0864486694335938 0.0379409790039063 0.0151290893554687
-0.0534515380859375 -0.0851898193359375 0.0319614410400391 0.0293941497802734
-0.0228042602539063 -0.0863189697265625 0.0148391723632813 0.0499191284179687
0.010711669921875 -0.101341247558594 -0.00366210937499999 0.0450592041015625
0.0465545654296875 -0.0991973876953125 -0.0260715484619141 0.0220451354980469
0.120491027832031 -0.0550460815429688 -0.0221710205078125 -0.00483322143554688
0.129714965820313 -0.0164871215820313 0.00966453552246094 -0.0267086029052734
0.145126342773437 0.021087646484375 0.0742645263671875 0.009368896484375
0.0961837768554688 0.0324859619140625 0.111831665039063 -0.0479583740234375
0.09716796875 0.0181045532226562 0.110374450683594 -0.0395431518554687
0.105804443359375 -0.0297164916992188 0.0819015502929688 -0.02899169921875
0.0638046264648438 -0.0616722106933594 0.0591926574707031 -0.0219345092773438
0.0378494262695312 -0.073272705078125 0.0421638488769531 0.000183105468749996
-0.00495147705078125 -0.07550048828125 0.0352821350097656 0.0180625915527344
-0.0303192138671875 -0.067413330078125 0.0518798828125 0.0275382995605469
-0.02593994140625 -0.07147216796875 0.0561370849609375 0.0374107360839844
-0.03265380859375 -0.07501220703125 0.0467948913574219 0.0554656982421875
-0.0049285888671875 -0.0717010498046875 0.0178451538085938 0.07513427734375
0.0249404907226562 -0.0783767700195313 -0.00737762451171875 0.0609512329101563
0.0550193786621094 -0.0689964294433594 -0.0245265960693359 0.0293292999267578
0.108055114746094 -0.021087646484375 -0.013458251953125 -0.000760078430175782
0.1070556640625 0.0155181884765625 0.0351905822753906 -0.02264404296875
0.104866027832031 0.0419158935546875 0.112464904785156 0.0234375
0.0361785888671875 0.0362014770507813 0.132919311523438 -0.0436477661132813
0.049835205078125 0.0260276794433594 0.120216369628906 -0.0450363159179687
0.0585594177246094 -0.00336456298828125 0.0738525390625 -0.0265731811523438
0.0367393493652344 -0.0263175964355469 0.0551300048828125 -0.0115089416503906
0.0257396697998047 -0.0328102111816406 0.0403976440429687 0.0139846801757812
0.00508880615234375 -0.0415534973144531 0.0457038879394531 0.03424072265625
-0.00955963134765625 -0.0413818359375 0.0665740966796875 0.0429420471191406
-0.0076751708984375 -0.0459403991699219 0.0651702880859375 0.0541267395019531
-0.0111656188964844 -0.052734375 0.0530929565429688 0.0771636962890625
0.00545883178710937 -0.0476722717285156 0.0131149291992187 0.0946121215820313
0.0271682739257813 -0.0489006042480469 -0.0166473388671875 0.073150634765625
0.046875 -0.0373611450195312 -0.0266151428222656 0.0376777648925781
0.0780563354492187 0.00472259521484375 -0.00979995727539062 0.00840187072753906
0.0679168701171875 0.035797119140625 0.0508613586425781 -0.00851821899414063
0.0495529174804688 0.0516242980957031 0.132896423339844 0.0433120727539063
0.0144577026367187 -0.0448265075683594 -0.137550354003906 -0.0388717651367188
-0.0202713012695313 -0.0255374908447266 -0.0579261779785156 0.000473022460937499
-0.0312023162841797 -0.00636863708496094 0.0163097381591797 -0.0168390274047852
-0.0226211547851563 0.0140800476074219 0.0371322631835938 -0.0498085021972656
-0.0144681930541992 0.0152139663696289 0.0301742553710938 -0.0822677612304688
-0.00579071044921875 0.0179367065429688 -0.0114517211914062 -0.108451843261719
-0.00904083251953125 0.0160970687866211 -0.0651321411132812 -0.089752197265625
-0.0143165588378906 0.0130090713500977 -0.0718002319335938 -0.0627212524414063
-0.0162296295166016 0.0142898559570313 -0.0719985961914062 -0.0440902709960938
-0.0178375244140625 0.00123786926269531 -0.0585289001464844 -0.0386276245117187
-0.0188503265380859 -0.00603103637695312 -0.0483665466308594 -0.0137176513671875
-0.0201854705810547 -0.0144786834716797 -0.0546607971191406 0.00589370727539064
-0.0121974945068359 -0.0300178527832031 -0.0720367431640625 0.0186233520507813
-0.000122070312499996 -0.0411834716796875 -0.109992980957031 0.0501708984375
0.0209732055664062 -0.0477867126464844 -0.138114929199219 0.0394515991210938
0.0752182006835937 -0.0356063842773438 -0.123970031738281 -0.0536880493164063
0.0309505462646484 -0.0211925506591797 -0.0486869812011719 -0.0107955932617188
0.0212535858154297 -0.0203800201416016 0.0271816253662109 -0.0257110595703125
0.0108280181884766 -0.011500358581543 0.0427894592285156 -0.0574836730957031
0.00720787048339843 -0.0199241638183594 0.0358505249023437 -0.0860824584960937
-0.00766944885253906 -0.0199375152587891 -0.00804138183593751 -0.110458374023438
-0.027679443359375 -0.0164203643798828 -0.05853271484375 -0.0909957885742188
-0.0336227416992188 -0.0198326110839844 -0.0615234375 -0.0619049072265625
-0.0435981750488281 -0.0160293579101562 -0.0642204284667969 -0.0416107177734375
-0.0353927612304688 -0.0313873291015625 -0.0520591735839844 -0.03125
-0.0236701965332031 -0.0474891662597656 -0.0424766540527344 -0.00895309448242189
-0.00965499877929687 -0.0575141906738281 -0.0520477294921875 0.00564193725585938
0.0299568176269531 -0.0603752136230469 -0.0628433227539063 0.0147018432617188
0.0479011535644531 -0.0593376159667969 -0.0957260131835938 0.0418777465820312
0.0811767578125 -0.0507659912109375 -0.117622375488281 0.0323257446289063
0.12652587890625 -0.0205001831054687 -0.0914840698242187 -0.0614013671875
0.083099365234375 -0.0122299194335938 -0.0264244079589844 -0.0176658630371094
0.0775909423828125 -0.034088134765625 0.0435066223144531 -0.0307807922363281
0.0477943420410156 -0.0411376953125 0.0505180358886719 -0.0612068176269531
0.0298919677734375 -0.0569610595703125 0.0401535034179688 -0.0830001831054687
-0.00792694091796875 -0.0576972961425781 -0.00486755371093749 -0.099395751953125
-0.04229736328125 -0.0481071472167969 -0.0441818237304687 -0.0794906616210938
-0.0490379333496094 -0.0509262084960938 -0.0416030883789063 -0.0515632629394531
-0.0655441284179688 -0.0431327819824219 -0.0452690124511719 -0.0321578979492187
-0.0495414733886719 -0.0579719543457031 -0.0370559692382813 -0.0168113708496094
-0.0294723510742187 -0.0804519653320312 -0.0322113037109375 0.00113677978515624
-0.00312042236328124 -0.0928192138671875 -0.0473060607910156 0.00876617431640624
0.0638961791992188 -0.086395263671875 -0.0536422729492188 0.00944900512695311
0.0870590209960937 -0.0716094970703125 -0.0751800537109375 0.0260543823242187
0.128921508789063 -0.0489654541015625 -0.0792694091796875 0.0225830078125
0.159042358398437 -0.0063018798828125 -0.0433235168457031 -0.0623092651367188
0.12445068359375 -0.00640106201171875 0.00682258605957032 -0.0213851928710938
0.123779296875 -0.0513153076171875 0.0602455139160156 -0.0328750610351563
0.0751953125 -0.0718994140625 0.055938720703125 -0.0598907470703125
0.04339599609375 -0.09112548828125 0.040740966796875 -0.070770263671875
-0.0113296508789063 -0.0880279541015625 -0.000465393066406245 -0.076446533203125
-0.0533370971679687 -0.0716171264648438 -0.0245513916015625 -0.0567169189453125
-0.057525634765625 -0.0737457275390625 -0.0160179138183594 -0.0332794189453125
-0.0766448974609375 -0.0644378662109375 -0.0187816619873047 -0.0160026550292969
-0.0541915893554688 -0.0763168334960937 -0.0166397094726563 0.00181865692138672
-0.028656005859375 -0.1029052734375 -0.0189685821533203 0.0136871337890625
0.0045623779296875 -0.115158081054688 -0.0395622253417969 0.0135307312011719
0.0897674560546875 -0.0996780395507813 -0.0436058044433594 0.00421905517578124
0.115768432617188 -0.0729827880859375 -0.0501861572265625 0.00508880615234373
0.158203125 -0.0376739501953125 -0.0300998687744141 0.0120315551757813
0.165725708007813 0.0064849853515625 0.0139656066894531 -0.0601768493652344
0.1429443359375 -0.0011444091796875 0.0468292236328125 -0.0269851684570313
0.146102905273438 -0.05999755859375 0.074188232421875 -0.0334320068359375
0.08758544921875 -0.0901565551757813 0.0601425170898438 -0.0501899719238281
0.048065185546875 -0.108955383300781 0.042205810546875 -0.048858642578125
-0.0141448974609375 -0.103164672851563 0.0100059509277344 -0.0436058044433594
-0.0559463500976562 -0.0836029052734375 0.00234603881835937 -0.0279998779296875
-0.0562973022460938 -0.0855865478515625 0.0131416320800781 -0.0111913681030274
-0.0739288330078125 -0.0782012939453125 0.00946617126464843 0.00395107269287109
-0.045257568359375 -0.086151123046875 0.00351142883300781 0.0245132446289062
-0.015777587890625 -0.110122680664063 -0.00732803344726563 0.0286598205566406
0.02093505859375 -0.117927551269531 -0.0318336486816406 0.0174465179443359
0.109657287597656 -0.0908889770507813 -0.0332508087158203 -0.00130081176757814
0.130668640136719 -0.05560302734375 -0.0219745635986328 -0.0149898529052734
0.1650390625 -0.0156097412109375 0.0238914489746094 0.00457191467285156
0.143905639648438 0.0168304443359375 0.0682373046875 -0.0569496154785156
0.132728576660156 0.00475311279296875 0.0832366943359375 -0.035369873046875
0.136932373046875 -0.0553970336914062 0.0808029174804688 -0.033721923828125
0.0803680419921875 -0.0881500244140625 0.0609512329101563 -0.0376319885253906
0.042083740234375 -0.10345458984375 0.0426597595214844 -0.0240058898925781
-0.0146026611328125 -0.0978927612304688 0.0239238739013672 -0.00959396362304688
-0.0501022338867187 -0.0804367065429688 0.0300960540771484 0.00124549865722656
-0.0470199584960937 -0.0837631225585938 0.0386123657226562 0.0123023986816406
-0.0593414306640625 -0.0807723999023438 0.034027099609375 0.0276107788085937
-0.028167724609375 -0.084381103515625 0.0177803039550781 0.049163818359375
0.00401306152343751 -0.101654052734375 -0.00187301635742188 0.0446014404296875
0.0397491455078125 -0.101646423339844 -0.0260734558105469 0.0233860015869141
0.116981506347656 -0.0635757446289063 -0.0223388671875 -0.00423049926757813
0.128807067871094 -0.024505615234375 0.00715255737304688 -0.0270271301269531
0.14727783203125 0.011260986328125 0.0737380981445313 0.00557708740234375
0.09844970703125 0.0257339477539062 0.108932495117188 -0.0546798706054688
0.0986785888671875 0.0118560791015625 0.108192443847656 -0.044464111328125
0.104034423828125 -0.0369949340820313 0.0797042846679688 -0.032867431640625
0.0596237182617188 -0.0649871826171875 0.0583534240722656 -0.0242462158203125
0.0320968627929687 -0.0758514404296875 0.0425949096679688 -0.00169754028320313
-0.0098114013671875 -0.075164794921875 0.0381240844726563 0.0174751281738281
-0.0346450805664063 -0.0646018981933594 0.0547752380371094 0.0244140625
-0.0308341979980469 -0.0694541931152344 0.0582542419433594 0.0331497192382812
-0.0379409790039062 -0.0718002319335938 0.0509262084960938 0.0518455505371094
-0.009735107421875 -0.0709762573242187 0.0224456787109375 0.0740585327148438
0.0201034545898437 -0.0791397094726563 -0.00454330444335938 0.061553955078125
0.049774169921875 -0.07244873046875 -0.0237998962402344 0.0305519104003906
0.106727600097656 -0.0287857055664063 -0.0135660171508789 -0.000786781311035159
0.107475280761719 0.00868988037109375 0.0332660675048828 -0.0254745483398438
0.108055114746094 0.03472900390625 0.112678527832031 0.0164794921875
0.0389060974121094 0.0335502624511719 0.13079833984375 -0.0522079467773437
0.051177978515625 0.0228614807128906 0.117324829101563 -0.051483154296875
0.0583992004394531 -0.0077056884765625 0.0718536376953125 -0.030059814453125
0.0346260070800781 -0.0287113189697266 0.0551033020019531 -0.0144729614257813
0.0234184265136719 -0.0346240997314453 0.0419845581054688 0.011962890625
0.00191116333007813 -0.0413818359375 0.0488967895507813 0.0324745178222656
-0.0118637084960938 -0.0400810241699219 0.0702056884765625 0.0385818481445312
-0.0108489990234375 -0.044891357421875 0.0689506530761719 0.048797607421875
-0.0152740478515625 -0.05133056640625 0.0585174560546875 0.073272705078125
0.00227737426757813 -0.0472602844238281 0.0188827514648438 0.0942001342773438
0.02362060546875 -0.05035400390625 -0.0131454467773437 0.0743331909179688
0.0438957214355469 -0.0402984619140625 -0.0258827209472656 0.0390434265136719
0.078369140625 -0.000762939453125 -0.00917339324951172 0.00861644744873047
0.0699539184570313 0.0314903259277344 0.0488624572753906 -0.0125198364257813
0.0536956787109375 0.0478057861328125 0.134384155273438 0.0352325439453125
0.0123977661132812 -0.0445556640625 -0.13616943359375 -0.0322494506835937
-0.0206527709960937 -0.0240859985351563 -0.0560798645019531 0.00366210937499999
-0.0309619903564453 -0.00484657287597656 0.0158901214599609 -0.0164289474487305
-0.0211944580078125 0.0150394439697266 0.0352935791015625 -0.0491180419921875
-0.0130138397216797 0.0156641006469727 0.0273208618164062 -0.0816574096679687
-0.00440502166748047 0.0170106887817383 -0.015625 -0.10687255859375
-0.00833702087402344 0.0150117874145508 -0.0680084228515625 -0.0851898193359375
-0.0133581161499023 0.0131053924560547 -0.0736312866210938 -0.0581207275390625
-0.0151662826538086 0.0144281387329102 -0.0744857788085938 -0.0394744873046875
-0.0174350738525391 0.000853538513183593 -0.0605430603027344 -0.0355339050292969
-0.0183086395263672 -0.00534820556640625 -0.0489273071289063 -0.012176513671875
-0.0205078125 -0.0122413635253906 -0.0543975830078125 0.00719833374023438
-0.0135536193847656 -0.0284976959228516 -0.0705413818359375 0.0200958251953125
-0.00187301635742187 -0.0402336120605469 -0.106491088867188 0.0535736083984375
0.0183677673339844 -0.0475006103515625 -0.135711669921875 0.0454635620117187
0.0723648071289063 -0.0380096435546875 -0.123222351074219 -0.0466842651367188
0.0303287506103516 -0.0218467712402344 -0.0478057861328125 -0.00780487060546875
0.020294189453125 -0.0208377838134766 0.0261135101318359 -0.0258922576904297
0.0109786987304688 -0.0119237899780273 0.0412750244140625 -0.0571517944335938
0.00636863708496094 -0.0198593139648438 0.0328598022460937 -0.0857620239257813
-0.00774574279785156 -0.0192699432373047 -0.0121994018554688 -0.108161926269531
-0.027313232421875 -0.0160865783691406 -0.0617446899414062 -0.0864486694335938
-0.0344657897949219 -0.0186100006103516 -0.0635223388671875 -0.057098388671875
-0.0434036254882813 -0.0143966674804687 -0.0659294128417969 -0.0370674133300781
-0.0359992980957031 -0.0299453735351563 -0.0542373657226563 -0.0287933349609375
-0.0247840881347656 -0.045684814453125 -0.0432395935058594 -0.00777053833007812
-0.0116348266601562 -0.0554161071777344 -0.0516929626464844 0.0071563720703125
0.0272140502929688 -0.0602951049804687 -0.061370849609375 0.0158767700195313
0.0450096130371094 -0.0597305297851563 -0.0930633544921875 0.045501708984375
0.07794189453125 -0.0537643432617187 -0.115325927734375 0.0378494262695312
0.123458862304688 -0.025665283203125 -0.0915374755859375 -0.05548095703125
0.0816650390625 -0.0157012939453125 -0.0257625579833984 -0.014373779296875
0.0754776000976563 -0.0375442504882813 0.0413360595703125 -0.0309219360351563
0.0458488464355469 -0.0420875549316406 0.0483894348144531 -0.0612945556640625
0.0267791748046875 -0.0575523376464844 0.03662109375 -0.0823211669921875
-0.0101318359375 -0.0568351745605469 -0.008270263671875 -0.0972976684570313
-0.0435905456542969 -0.0461349487304688 -0.047454833984375 -0.0757827758789063
-0.0505638122558594 -0.0483055114746094 -0.0439910888671875 -0.0481185913085938
-0.0658073425292969 -0.039459228515625 -0.0466499328613281 -0.0288505554199219
-0.0507659912109375 -0.0550727844238281 -0.0384407043457031 -0.0149650573730469
-0.031585693359375 -0.078155517578125 -0.0325603485107422 0.00213813781738281
-0.00694274902343749 -0.091278076171875 -0.0472335815429688 0.0103645324707031
0.0590133666992188 -0.0881805419921875 -0.0524177551269531 0.0108604431152344
0.082855224609375 -0.0735702514648438 -0.0734176635742188 0.0295181274414062
0.125404357910156 -0.0536727905273437 -0.0780868530273438 0.0269317626953125
0.1566162109375 -0.0135955810546875 -0.0443153381347656 -0.0580024719238281
0.122978210449219 -0.0115127563476563 0.00681686401367188 -0.0193023681640625
0.119880676269531 -0.0564041137695313 0.0576515197753906 -0.0337486267089844
0.0714874267578125 -0.0739517211914063 0.0538253784179688 -0.059417724609375
0.038818359375 -0.0915756225585938 0.0383224487304688 -0.0704193115234375
-0.0147705078125 -0.0862045288085938 -0.00236511230468751 -0.0742721557617188
-0.055328369140625 -0.0686531066894531 -0.0262565612792969 -0.0535507202148438
-0.0604057312011719 -0.0701904296875 -0.0175533294677734 -0.0320358276367188
-0.0781936645507813 -0.0593948364257812 -0.0201416015625 -0.014984130859375
-0.0559158325195313 -0.0729904174804688 -0.017730712890625 0.00244522094726562
-0.0325927734375 -0.0995025634765625 -0.0192928314208984 0.0141448974609375
-0.000427246093749995 -0.113189697265625 -0.0400352478027344 0.0147781372070312
0.0839691162109375 -0.102455139160156 -0.0432662963867187 0.00526046752929688
0.110824584960938 -0.07647705078125 -0.0496292114257812 0.00782394409179686
0.155502319335938 -0.04473876953125 -0.0300483703613281 0.0146999359130859
0.163803100585938 -0.0005645751953125 0.0116691589355469 -0.05877685546875
0.141342163085938 -0.0069427490234375 0.045379638671875 -0.0261573791503906
0.141189575195313 -0.065643310546875 0.07086181640625 -0.0346755981445313
0.0822982788085938 -0.0922470092773438 0.0581245422363281 -0.0506019592285156
0.042388916015625 -0.109176635742188 0.0404548645019531 -0.0492401123046875
-0.0184783935546875 -0.100692749023438 0.00948333740234374 -0.0419960021972656
-0.0582351684570313 -0.0799026489257813 0.00141525268554687 -0.0271415710449219
-0.06011962890625 -0.0819854736328125 0.011383056640625 -0.0116691589355469
-0.0760650634765625 -0.072998046875 0.00898551940917968 0.0037841796875
-0.0481643676757813 -0.0826034545898438 0.00409126281738281 0.0239067077636719
-0.0195999145507813 -0.107353210449219 -0.0074920654296875 0.0281620025634766
0.0153656005859375 -0.116645812988281 -0.0320072174072266 0.0184535980224609
0.104255676269531 -0.0948257446289063 -0.0332469940185547 -0.000949859619140623
0.126518249511719 -0.0598068237304688 -0.0224590301513672 -0.0140590667724609
0.162734985351562 -0.023193359375 0.0229988098144531 0.00489044189453125
0.142822265625 0.01019287109375 0.0657424926757813 -0.0574417114257813
0.131057739257813 -0.0007171630859375 0.0810470581054688 -0.0359344482421875
0.132438659667969 -0.060455322265625 0.0780715942382813 -0.035400390625
0.0752487182617188 -0.0898361206054688 0.0588188171386719 -0.0380516052246094
0.036590576171875 -0.103683471679688 0.0423316955566406 -0.0244712829589844
-0.0187530517578125 -0.0953750610351562 0.0244464874267578 -0.00954818725585938
-0.0524520874023438 -0.076629638671875 0.0305614471435547 0.00014877319335937
-0.0506362915039063 -0.08087158203125 0.0381698608398438 0.0099029541015625
-0.062469482421875 -0.0760498046875 0.0345191955566406 0.0257358551025391
-0.0312576293945312 -0.0816879272460938 0.0186538696289062 0.0478019714355469
-0.000625610351562497 -0.0998382568359375 -0.00176239013671875 0.044097900390625
0.0339279174804688 -0.101837158203125 -0.0263614654541016 0.0236339569091797
0.113059997558594 -0.0683059692382813 -0.0224456787109375 -0.00403785705566407
0.1260986328125 -0.0295333862304688 0.00553512573242188 -0.0267333984375
0.146270751953125 0.0042266845703125 0.0718917846679688 0.00354766845703125
0.09844970703125 0.0203781127929688 0.105850219726563 -0.0576858520507813
0.0977554321289063 0.0078887939453125 0.104484558105469 -0.04638671875
0.100372314453125 -0.0407867431640625 0.0767669677734375 -0.0345840454101563
0.0557174682617188 -0.0662078857421875 0.0566139221191406 -0.0252761840820313
0.0277252197265625 -0.0762557983398438 0.0429000854492188 -0.00246429443359376
-0.0133514404296875 -0.072845458984375 0.0396957397460938 0.0164413452148437
-0.0367698669433594 -0.0613059997558594 0.0555076599121094 0.0214424133300781
-0.0341606140136719 -0.0667381286621094 0.0583305358886719 0.0295982360839844
-0.0411148071289063 -0.0680313110351563 0.0519180297851563 0.0487709045410156
-0.0125198364257813 -0.06927490234375 0.0248489379882812 0.0719833374023437
0.0158920288085938 -0.078460693359375 -0.00355148315429688 0.0604705810546875
0.0456924438476563 -0.0731430053710938 -0.0236415863037109 0.0301876068115234
0.104393005371094 -0.03375244140625 -0.0134801864624023 -0.000624656677246093
0.106254577636719 0.00331878662109375 0.0308380126953125 -0.0263442993164063
0.10833740234375 0.0292739868164062 0.110565185546875 0.01202392578125
0.0400352478027344 0.0305557250976562 0.127487182617187 -0.0564041137695312
0.0511932373046875 0.0206527709960938 0.112983703613281 -0.05413818359375
0.0571708679199219 -0.0101661682128906 0.0691490173339844 -0.0314674377441406
0.0328311920166016 -0.0296192169189453 0.0539741516113281 -0.0150413513183594
0.0208282470703125 -0.0352363586425781 0.0425758361816406 0.0109100341796875
-0.000354766845703126 -0.0400199890136719 0.0506095886230469 0.0305099487304688
-0.0136947631835937 -0.0377044677734375 0.0716171264648438 0.0342941284179688
-0.012725830078125 -0.0429916381835938 0.0695571899414063 0.0446701049804688
-0.0177879333496094 -0.0488128662109375 0.0607223510742187 0.06854248046875
0.000362396240234378 -0.0458908081054688 0.0228958129882813 0.091827392578125
0.0207633972167969 -0.0499610900878906 -0.0110321044921875 0.0736541748046875
0.0407257080078125 -0.0414962768554688 -0.0246658325195312 0.0387992858886719
0.07720947265625 -0.005126953125 -0.00970840454101562 0.00812149047851563
0.0702896118164062 0.027923583984375 0.0464935302734375 -0.0145187377929688
0.0547904968261719 0.0444679260253906 0.133201599121094 0.0291213989257813
0.0108795166015625 -0.04327392578125 -0.134567260742188 -0.0299911499023438
-0.0206871032714844 -0.0236968994140625 -0.0546646118164062 0.00447082519531249
-0.0299739837646484 -0.004547119140625 0.0158462524414062 -0.0154190063476563
-0.0204067230224609 0.0156154632568359 0.0349235534667969 -0.0483627319335937
-0.0119733810424805 0.0158615112304688 0.0268936157226562 -0.0813140869140625
-0.00400066375732422 0.0162849426269531 -0.0169830322265625 -0.106086730957031
-0.00807762145996094 0.0142745971679688 -0.0693435668945313 -0.0829391479492188
-0.0132102966308594 0.0128412246704102 -0.0740966796875 -0.0555572509765625
-0.0150899887084961 0.0140504837036133 -0.0744781494140625 -0.036712646484375
-0.0170555114746094 0.000926971435546878 -0.0619544982910156 -0.0341835021972656
-0.0175933837890625 -0.00560569763183593 -0.0495223999023438 -0.0117111206054687
-0.0198936462402344 -0.0119037628173828 -0.0542755126953125 0.00758361816406251
-0.0141716003417969 -0.0272712707519531 -0.0701713562011719 0.0196876525878906
-0.00261306762695313 -0.0393486022949219 -0.104446411132813 0.0544052124023437
0.0176048278808594 -0.0476417541503906 -0.13482666015625 0.0485305786132813
0.0708541870117188 -0.0383834838867187 -0.121818542480469 -0.0436325073242188
0.0302658081054688 -0.0222358703613281 -0.046142578125 -0.00579833984375
0.0197849273681641 -0.0216770172119141 0.0254344940185547 -0.0250091552734375
0.0109634399414062 -0.0119037628173828 0.0406265258789063 -0.0559196472167969
0.00631332397460938 -0.0200824737548828 0.032470703125 -0.0847854614257813
-0.00779342651367188 -0.0196666717529297 -0.013397216796875 -0.107063293457031
-0.0279769897460938 -0.0159244537353516 -0.0628738403320312 -0.0839767456054688
-0.0348472595214844 -0.0180778503417969 -0.0643501281738281 -0.0551338195800781
-0.0431709289550781 -0.0129547119140625 -0.0668106079101563 -0.034759521484375
-0.035797119140625 -0.0295524597167969 -0.055450439453125 -0.0276679992675781
-0.0252151489257812 -0.0448532104492188 -0.0439605712890625 -0.00746154785156251
-0.0122947692871094 -0.0544700622558594 -0.0522079467773438 0.00741195678710937
0.0262641906738281 -0.0600395202636719 -0.0607681274414062 0.0154342651367187
0.0430717468261719 -0.0593223571777344 -0.0917816162109375 0.046875
0.0765457153320313 -0.0548095703125 -0.114410400390625 0.0410919189453125
0.122245788574219 -0.0272903442382812 -0.0904464721679687 -0.0523834228515625
0.0815277099609375 -0.0162506103515625 -0.0249366760253906 -0.0121974945068359
0.0733413696289063 -0.039398193359375 0.0402565002441406 -0.0300025939941406
0.0444488525390625 -0.0430488586425781 0.0474967956542969 -0.0599365234375
0.0253257751464844 -0.0577354431152344 0.0363388061523438 -0.0816497802734375
-0.010711669921875 -0.0562515258789062 -0.00917053222656251 -0.0957107543945313
-0.0443496704101563 -0.0455131530761719 -0.0486831665039063 -0.073211669921875
-0.0522918701171875 -0.0474128723144531 -0.0444374084472656 -0.0462684631347656
-0.0661239624023438 -0.0380363464355469 -0.0476951599121094 -0.0267257690429688
-0.050811767578125 -0.0543060302734375 -0.0399627685546875 -0.0142593383789063
-0.032501220703125 -0.0770111083984375 -0.0336017608642578 0.00205802917480468
-0.00832366943359375 -0.0895767211914063 -0.0474281311035156 0.0105628967285156
0.057342529296875 -0.0881881713867188 -0.0516319274902344 0.0103721618652344
0.0806961059570312 -0.0741043090820313 -0.0722579956054688 0.0306549072265625
0.123703002929687 -0.0564727783203125 -0.0776748657226562 0.02984619140625
0.155059814453125 -0.0164642333984375 -0.0438613891601563 -0.0555648803710937
0.122344970703125 -0.0135269165039063 0.00713539123535157 -0.0173006057739258
0.117576599121094 -0.0587081909179688 0.0561370849609375 -0.0331954956054688
0.0696868896484375 -0.0744400024414063 0.0537528991699219 -0.0583343505859375
0.036041259765625 -0.0920562744140625 0.0382308959960937 -0.0704803466796875
-0.0164413452148437 -0.085418701171875 -0.00234985351562501 -0.07293701171875
-0.0562095642089844 -0.0670814514160156 -0.026947021484375 -0.0525894165039063
-0.0624542236328125 -0.0687942504882812 -0.0188102722167969 -0.0312480926513672
-0.0785598754882812 -0.0568923950195312 -0.0210628509521484 -0.0135116577148438
-0.056732177734375 -0.0720672607421875 -0.0185985565185547 0.00317192077636718
-0.0338516235351563 -0.0979156494140625 -0.0202445983886719 0.0139083862304687
-0.00275421142578125 -0.111801147460938 -0.0405807495117188 0.0149154663085937
0.0819931030273438 -0.103759765625 -0.042938232421875 0.00477218627929687
0.108238220214844 -0.0771865844726563 -0.0489616394042969 0.00888824462890624
0.153839111328125 -0.0480499267578125 -0.0300693511962891 0.0160446166992187
0.1624755859375 -0.00439453125 0.0119667053222656 -0.0569915771484375
0.140655517578125 -0.0089874267578125 0.0451316833496094 -0.024200439453125
0.138374328613281 -0.0686798095703125 0.0691032409667969 -0.0341453552246094
0.0796890258789063 -0.0926361083984375 0.0575904846191406 -0.0495986938476563
0.0388565063476563 -0.109100341796875 0.0408287048339844 -0.0484733581542969
-0.0199661254882813 -0.0993728637695313 0.0100250244140625 -0.0410614013671875
-0.0592422485351562 -0.0778121948242188 0.00127983093261718 -0.0265064239501953
-0.0623550415039063 -0.0800247192382813 0.0108194351196289 -0.0117578506469727
-0.0772705078125 -0.069793701171875 0.00841617584228515 0.00371122360229492
-0.0484466552734375 -0.0814132690429688 0.00316810607910156 0.0239582061767578
-0.0218276977539063 -0.105979919433594 -0.00810050964355469 0.0277385711669922
0.012481689453125 -0.115585327148438 -0.0332374572753906 0.0185813903808594
0.102088928222656 -0.0968856811523438 -0.0329647064208984 -0.00183296203613282
0.12451171875 -0.061309814453125 -0.0232810974121094 -0.0125331878662109
0.162200927734375 -0.027252197265625 0.0220146179199219 0.00575447082519531
0.142333984375 0.007110595703125 0.0648078918457031 -0.0569953918457031
0.130569458007813 -0.00254058837890625 0.0805587768554688 -0.0350112915039063
0.1298828125 -0.0631942749023438 0.076263427734375 -0.0345077514648438
0.0727081298828125 -0.0902175903320312 0.0582962036132813 -0.0376319885253906
0.03436279296875 -0.103782653808594 0.0424995422363281 -0.0240936279296875
-0.0205001831054687 -0.0943756103515625 0.0261707305908203 -0.00889205932617188
-0.053070068359375 -0.0746688842773438 0.0309200286865234 -0.00058364868164063
-0.0528030395507813 -0.078765869140625 0.0375137329101563 0.00905227661132812
-0.0637283325195312 -0.0735015869140625 0.0341205596923828 0.0247936248779297
-0.0321426391601563 -0.081024169921875 0.0196266174316406 0.0472640991210938
-0.00250244140624999 -0.098541259765625 -0.00199508666992187 0.043670654296875
0.0315475463867187 -0.101058959960938 -0.0268516540527344 0.0238323211669922
0.110877990722656 -0.0713729858398438 -0.0223541259765625 -0.00487327575683594
0.124252319335938 -0.0308761596679688 0.00441741943359376 -0.0258998870849609
0.145782470703125 0.000518798828125 0.0701179504394531 0.00276565551757812
0.097747802734375 0.0177536010742187 0.104965209960938 -0.0582809448242188
0.0977706909179688 0.00661468505859375 0.103530883789063 -0.0459823608398438
0.09912109375 -0.0426712036132812 0.0750808715820313 -0.0338821411132813
0.0540084838867188 -0.06683349609375 0.0566291809082031 -0.0253829956054688
0.0258407592773437 -0.0762252807617188 0.0436286926269531 -0.00250625610351563
-0.0143203735351563 -0.0721054077148437 0.0411148071289063 0.01629638671875
-0.0371971130371094 -0.0598335266113281 0.0558700561523438 0.0198783874511719
-0.0355300903320313 -0.0657691955566406 0.0580596923828125 0.0275459289550781
-0.0426216125488281 -0.066009521484375 0.0523109436035156 0.0469474792480469
-0.0133590698242188 -0.0681800842285156 0.0258407592773437 0.0708847045898438
0.0136795043945313 -0.078155517578125 -0.00348663330078125 0.0599899291992187
0.0436325073242188 -0.0731964111328125 -0.0235595703125 0.0301837921142578
0.102951049804687 -0.0364990234375 -0.0137310028076172 -0.0020294189453125
0.105552673339844 0.00203704833984375 0.0291690826416016 -0.0269603729248047
0.108818054199219 0.0266952514648438 0.108924865722656 0.0107574462890625
0.0401077270507812 0.0288810729980469 0.126480102539063 -0.0580215454101563
0.0510826110839844 0.019775390625 0.111518859863281 -0.0548171997070313
0.0564994812011719 -0.011627197265625 0.0681800842285156 -0.031158447265625
0.031402587890625 -0.0296363830566406 0.0536422729492188 -0.0151901245117188
0.0197601318359375 -0.035888671875 0.0429611206054688 0.0108146667480469
-0.00135040283203125 -0.0399055480957031 0.0518684387207031 0.0299415588378906
-0.0142250061035156 -0.0370674133300781 0.0721359252929688 0.032440185546875
-0.0140533447265625 -0.0418891906738281 0.0694122314453125 0.0418815612792969
-0.0188026428222656 -0.0473289489746094 0.0614242553710938 0.0662078857421875
-0.000286102294921874 -0.0455245971679688 0.024169921875 0.0908660888671875
0.0192298889160156 -0.0489273071289062 -0.011199951171875 0.0738906860351563
0.0399551391601563 -0.0415840148925781 -0.0248908996582031 0.0381317138671875
0.07659912109375 -0.00672149658203125 -0.010289192199707 0.00677299499511719
0.0697059631347656 0.0264472961425781 0.0450477600097656 -0.01556396484375
0.0552024841308594 0.0426712036132813 0.131080627441406 0.0269241333007813
0.0106887817382813 -0.043243408203125 -0.13616943359375 -0.0290451049804688
-0.0207786560058594 -0.0239639282226562 -0.0550727844238281 0.005218505859375
-0.0304679870605469 -0.00457572937011718 0.0160713195800781 -0.0147123336791992
-0.0197505950927734 0.0159168243408203 0.0358314514160156 -0.0476875305175781
-0.011326789855957 0.0157022476196289 0.028289794921875 -0.0818939208984375
-0.00384521484375 0.0156049728393555 -0.0178070068359375 -0.108230590820313
-0.00873756408691406 0.0135908126831055 -0.0708160400390625 -0.0828475952148437
-0.0134801864624023 0.0131893157958984 -0.0759963989257813 -0.055084228515625
-0.0148296356201172 0.014012336730957 -0.07696533203125 -0.036468505859375
-0.017247200012207 0.000416755676269531 -0.0651168823242188 -0.0344161987304687
-0.0176315307617188 -0.00568580627441406 -0.0508804321289063 -0.0125694274902344
-0.0204048156738281 -0.0120983123779297 -0.0558052062988281 0.00739288330078125
-0.0140800476074219 -0.0273628234863281 -0.0709991455078125 0.0198135375976563
-0.00260543823242187 -0.0399093627929688 -0.105812072753906 0.0553054809570312
0.0170326232910156 -0.0483589172363281 -0.13714599609375 0.051025390625
0.0715103149414063 -0.0388565063476562 -0.123260498046875 -0.0428848266601562
0.0310878753662109 -0.0226173400878906 -0.0460624694824219 -0.00477218627929687
0.0199317932128906 -0.0224533081054688 0.0257892608642578 -0.0243282318115234
0.0113773345947266 -0.0118827819824219 0.0417900085449219 -0.0555953979492188
0.00632667541503906 -0.0203304290771484 0.0339508056640625 -0.0854873657226562
-0.0079498291015625 -0.0205287933349609 -0.01348876953125 -0.108306884765625
-0.028656005859375 -0.0163822174072266 -0.0643386840820312 -0.0839004516601563
-0.0359649658203125 -0.018280029296875 -0.0662727355957031 -0.0546798706054688
-0.0435142517089844 -0.0131721496582031 -0.0685768127441406 -0.0340995788574219
-0.0363006591796875 -0.0302734375 -0.0581741333007813 -0.0275917053222656
-0.02496337890625 -0.0454597473144531 -0.0457115173339844 -0.00804901123046876
-0.0127296447753906 -0.0544853210449219 -0.0537490844726563 0.00758743286132812
0.0262908935546875 -0.0610542297363281 -0.0619544982910156 0.0150794982910156
0.0436134338378906 -0.0597267150878906 -0.0923614501953125 0.0476760864257813
0.0772552490234375 -0.0561141967773438 -0.117164611816406 0.043792724609375
0.12347412109375 -0.0278701782226563 -0.0912399291992187 -0.05145263671875
0.0830154418945312 -0.0169677734375 -0.0246257781982422 -0.010406494140625
0.0742416381835938 -0.0409088134765625 0.0401649475097656 -0.0291671752929688
0.0450401306152344 -0.0437774658203125 0.0490455627441406 -0.0602531433105469
0.0250625610351563 -0.0587921142578125 0.0378646850585938 -0.0825042724609375
-0.0114936828613281 -0.0567474365234375 -0.00875091552734376 -0.0970458984375
-0.0453720092773437 -0.0457382202148438 -0.0496292114257812 -0.0731201171875
-0.0541572570800781 -0.0475654602050781 -0.0465278625488281 -0.0465011596679687
-0.0671882629394531 -0.0374908447265625 -0.0492668151855469 -0.0257606506347656
-0.0519485473632812 -0.0551719665527344 -0.0415878295898438 -0.0142593383789062
-0.0331573486328125 -0.078094482421875 -0.0358200073242187 0.00166320800781249
-0.00883483886718749 -0.09039306640625 -0.0497093200683594 0.010894775390625
0.0576629638671875 -0.0906829833984375 -0.0530357360839844 0.00965118408203124
0.0814666748046875 -0.0754470825195313 -0.0730743408203125 0.0319137573242187
0.125396728515625 -0.058502197265625 -0.0793380737304687 0.0319976806640625
0.157470703125 -0.0176544189453125 -0.0438575744628906 -0.0547714233398438
0.12518310546875 -0.0139083862304688 0.00807571411132813 -0.0155887603759766
0.118217468261719 -0.06103515625 0.0562858581542969 -0.0318374633789063
0.070343017578125 -0.0761947631835938 0.0547981262207031 -0.0583763122558594
0.0356979370117187 -0.0937423706054688 0.0397567749023438 -0.0702705383300781
-0.0167160034179687 -0.08660888671875 -0.001708984375 -0.073272705078125
-0.057464599609375 -0.0677452087402344 -0.027587890625 -0.0526466369628906
-0.0651702880859375 -0.0683670043945313 -0.0195770263671875 -0.0313911437988281
-0.080291748046875 -0.0564041137695312 -0.0222129821777344 -0.0131912231445313
-0.0576858520507813 -0.0725173950195313 -0.0197296142578125 0.00347518920898437
-0.03460693359375 -0.0991439819335938 -0.0222492218017578 0.0137042999267578
-0.0039215087890625 -0.112274169921875 -0.0425682067871094 0.0152206420898438
0.0826568603515625 -0.106964111328125 -0.0442581176757812 0.00354385375976562
0.108932495117187 -0.0787353515625 -0.0496253967285156 0.00974273681640625
0.156173706054688 -0.0504608154296875 -0.0310955047607422 0.0179882049560547
0.164474487304688 -0.0056610107421875 0.0128517150878906 -0.0565223693847656
0.143157958984375 -0.0093994140625 0.0465354919433594 -0.0230560302734375
0.139762878417969 -0.0711441040039063 0.0693588256835938 -0.0328903198242188
0.0800857543945312 -0.0947113037109375 0.0586814880371094 -0.0494537353515625
0.0382461547851563 -0.1114501953125 0.0422210693359375 -0.0491943359375
-0.0212326049804687 -0.100326538085938 0.0116462707519531 -0.0411415100097656
-0.061248779296875 -0.0781631469726563 0.00167274475097656 -0.0265159606933594
-0.0649032592773438 -0.0809097290039063 0.0102081298828125 -0.0118007659912109
-0.07940673828125 -0.06988525390625 0.00768327713012695 0.00379085540771484
-0.0497283935546875 -0.0821151733398438 0.00312614440917969 0.0242729187011719
-0.0225677490234375 -0.107162475585938 -0.0101299285888672 0.0279045104980469
0.0116424560546875 -0.1168212890625 -0.0345535278320313 0.0186309814453125
0.102264404296875 -0.100326538085938 -0.0338764190673828 -0.00261116027832031
0.125686645507812 -0.0629196166992187 -0.0236682891845703 -0.0126609802246094
0.164627075195313 -0.0294036865234375 0.0217704772949219 0.00662612915039062
0.14434814453125 0.0062103271484375 0.0667800903320313 -0.0576934814453125
0.132759094238281 -0.00295257568359375 0.0822219848632813 -0.0336456298828125
0.131240844726563 -0.0650253295898438 0.0766754150390625 -0.0335693359375
0.0727920532226563 -0.0915451049804687 0.0596389770507813 -0.0375862121582031
0.0324630737304687 -0.105499267578125 0.0435371398925781 -0.02410888671875
-0.0217132568359375 -0.0951919555664063 0.0279769897460938 -0.00831985473632813
-0.0550003051757813 -0.0748672485351562 0.0320301055908203 -0.000867843627929692
-0.0548477172851562 -0.0788497924804688 0.0380401611328125 0.00862121582031249
-0.0658340454101563 -0.0733795166015625 0.0344200134277344 0.0244846343994141
-0.0330047607421875 -0.0813369750976563 0.0197830200195313 0.0478744506835937
-0.00348663330078125 -0.100128173828125 -0.00308990478515625 0.0438919067382812
0.031036376953125 -0.102882385253906 -0.0279922485351563 0.0235729217529297
0.11212158203125 -0.0743331909179688 -0.023529052734375 -0.00578498840332031
0.125930786132813 -0.0324935913085938 0.00404930114746094 -0.0265846252441406
0.149063110351563 -0.0015716552734375 0.0706024169921875 0.00321197509765625
0.0993804931640625 0.0168304443359375 0.107086181640625 -0.0597763061523437
0.0991592407226563 0.00662994384765625 0.105056762695313 -0.046142578125
0.10003662109375 -0.0439910888671875 0.0755996704101563 -0.0330352783203125
0.0540428161621094 -0.0676345825195313 0.057769775390625 -0.0248641967773438
0.02490234375 -0.0777053833007813 0.0444526672363281 -0.00290298461914063
-0.0153732299804688 -0.0725784301757813 0.0435752868652344 0.016876220703125
-0.0380477905273437 -0.0594406127929688 0.0577774047851563 0.0193099975585937
-0.0374336242675781 -0.065948486328125 0.0588569641113281 0.0272483825683594
-0.0443382263183594 -0.0659065246582031 0.0529556274414062 0.0467147827148437
-0.0139923095703125 -0.0686302185058594 0.0265655517578125 0.0720901489257813
0.0137786865234375 -0.078582763671875 -0.00452804565429687 0.0607223510742187
0.0430068969726563 -0.0744400024414063 -0.0253219604492188 0.0300083160400391
0.104217529296875 -0.0384902954101563 -0.0144901275634766 -0.0030364990234375
0.107307434082031 0.0013427734375 0.0284881591796875 -0.0272216796875
0.110633850097656 0.0256576538085938 0.109405517578125 0.010894775390625
0.0411415100097656 0.0291099548339844 0.128646850585938 -0.0597457885742188
0.0522880554199219 0.0195693969726563 0.113090515136719 -0.0554122924804688
0.0574226379394531 -0.0120811462402344 0.0689163208007813 -0.03021240234375
0.0311203002929688 -0.02960205078125 0.0547561645507812 -0.0149269104003906
0.0193252563476563 -0.0363616943359375 0.04437255859375 0.0111885070800781
-0.00244903564453125 -0.0400886535644531 0.0548782348632813 0.0307960510253906
-0.0146331787109375 -0.0367889404296875 0.0744400024414063 0.0318984985351563
-0.0148124694824219 -0.0421028137207031 0.0705490112304687 0.0414276123046875
-0.0202369689941406 -0.0471649169921875 0.0625991821289063 0.0662307739257813
-0.000530242919921875 -0.0458602905273437 0.0254440307617187 0.0919952392578125
0.0193214416503906 -0.0494880676269531 -0.0118255615234375 0.0747833251953125
0.03973388671875 -0.0421333312988281 -0.0264968872070313 0.0381355285644531
0.0772171020507813 -0.00775909423828125 -0.0110702514648437 0.006439208984375
0.0710906982421875 0.026214599609375 0.0443191528320313 -0.0161094665527344
0.0566177368164063 0.0423316955566406 0.1317138671875 0.026885986328125
0.0103797912597656 -0.0443496704101563 -0.141265869140625 -0.028167724609375
-0.0218372344970703 -0.0248775482177734 -0.0570945739746094 0.00698471069335937
-0.0318202972412109 -0.00461387634277344 0.017237663269043 -0.0142488479614258
-0.0199966430664063 0.0169448852539062 0.0379753112792969 -0.04937744140625
-0.011500358581543 0.0166473388671875 0.0292587280273437 -0.0858383178710938
-0.0037689208984375 0.0154962539672852 -0.0193939208984375 -0.11212158203125
-0.00916481018066406 0.0141229629516602 -0.075531005859375 -0.08367919921875
-0.0141496658325195 0.0136213302612305 -0.0802688598632813 -0.0547561645507813
-0.0150775909423828 0.0148239135742187 -0.0815048217773438 -0.0357437133789063
-0.0181903839111328 0.000638961791992187 -0.0698928833007813 -0.0350456237792969
-0.0183258056640625 -0.00590705871582031 -0.0544662475585938 -0.0132217407226562
-0.0213203430175781 -0.0113410949707031 -0.0580482482910156 0.00791549682617186
-0.0147743225097656 -0.0279674530029297 -0.073974609375 0.0211257934570312
-0.00347518920898438 -0.0406494140625 -0.109626770019531 0.0593414306640625
0.0163230895996094 -0.0506248474121094 -0.142990112304688 0.05670166015625
0.0737380981445313 -0.040740966796875 -0.127899169921875 -0.0419464111328125
0.0324077606201172 -0.02392578125 -0.047332763671875 -0.00314331054687499
0.0201988220214844 -0.0242958068847656 0.0267658233642578 -0.0242137908935547
0.0120763778686523 -0.0128383636474609 0.0432701110839844 -0.0576019287109375
0.00672149658203125 -0.0210132598876953 0.0351715087890625 -0.0895233154296875
-0.00857162475585937 -0.0217666625976562 -0.015869140625 -0.112640380859375
-0.0301189422607422 -0.0167045593261719 -0.068634033203125 -0.0848388671875
-0.0383071899414062 -0.0181350708007813 -0.0700187683105469 -0.05413818359375
-0.0452919006347656 -0.0130462646484375 -0.07275390625 -0.0333328247070313
-0.0380935668945313 -0.0311317443847656 -0.0622291564941406 -0.0276908874511719
-0.0269432067871094 -0.047393798828125 -0.0489234924316406 -0.00825881958007812
-0.0138397216796875 -0.0564498901367188 -0.0565071105957031 0.00845336914062499
0.0262298583984375 -0.0641708374023438 -0.0644187927246094 0.0156402587890625
0.0441932678222656 -0.0626106262207031 -0.0951995849609375 0.0510482788085937
0.0790939331054688 -0.0605697631835937 -0.121658325195313 0.048828125
0.128211975097656 -0.0315399169921875 -0.0946426391601562 -0.0510940551757813
0.0871734619140625 -0.019561767578125 -0.0250720977783203 -0.00913429260253906
0.0760650634765625 -0.0445556640625 0.0414695739746094 -0.0290565490722656
0.0463523864746094 -0.0461311340332031 0.0505714416503906 -0.0621147155761719
0.0248832702636719 -0.0613136291503906 0.039398193359375 -0.0861892700195312
-0.011871337890625 -0.0593109130859375 -0.00995635986328124 -0.101005554199219
-0.048248291015625 -0.0469093322753906 -0.0526351928710937 -0.07403564453125
-0.0579605102539063 -0.0479660034179688 -0.0493240356445313 -0.0465621948242188
-0.070587158203125 -0.0376510620117188 -0.0522956848144531 -0.0256843566894531
-0.054534912109375 -0.05670166015625 -0.0455169677734375 -0.0137748718261719
-0.035400390625 -0.0802383422851563 -0.0389366149902344 0.00170898437499999
-0.0112380981445312 -0.09356689453125 -0.0529365539550781 0.0116729736328125
0.0586471557617188 -0.0954132080078125 -0.0556907653808594 0.00938034057617186
0.0835189819335938 -0.0790023803710937 -0.07550048828125 0.0347976684570312
0.129524230957031 -0.0637054443359375 -0.082763671875 0.0361251831054688
0.163131713867188 -0.02105712890625 -0.0452156066894531 -0.0551376342773438
0.130279541015625 -0.01690673828125 0.00881385803222657 -0.0145711898803711
0.122085571289063 -0.0663909912109375 0.0576133728027344 -0.0321731567382813
0.0718612670898437 -0.0804901123046875 0.0565567016601563 -0.0601692199707031
0.034332275390625 -0.0980606079101563 0.04168701171875 -0.0739593505859375
-0.0187530517578125 -0.0896759033203125 -0.00146484375 -0.076080322265625
-0.0610923767089844 -0.0689201354980469 -0.0294303894042969 -0.0534248352050781
-0.069580078125 -0.0701904296875 -0.0214576721191406 -0.0317764282226563
-0.08489990234375 -0.0570831298828125 -0.0244102478027344 -0.0130786895751953
-0.0611190795898438 -0.074188232421875 -0.0215911865234375 0.00429725646972655
-0.0377883911132813 -0.102333068847656 -0.0248336791992188 0.0141849517822266
-0.00601959228515626 -0.11639404296875 -0.0457839965820313 0.01605224609375
0.0832901000976563 -0.113044738769531 -0.0462913513183594 0.0030059814453125
0.111946105957031 -0.0832977294921875 -0.0520744323730469 0.0117073059082031
0.162139892578125 -0.0567779541015625 -0.0326614379882812 0.0209064483642578
0.170852661132813 -0.0084991455078125 0.0135307312011719 -0.0583763122558594
0.149581909179688 -0.012420654296875 0.0493621826171875 -0.0233039855957031
0.14398193359375 -0.076995849609375 0.0714340209960938 -0.032958984375
0.0818328857421875 -0.0992584228515625 0.0609664916992188 -0.0510978698730469
0.0366744995117187 -0.116188049316406 0.0443611145019531 -0.0512008666992188
-0.0233306884765625 -0.104080200195313 0.0135345458984375 -0.0427970886230469
-0.0643386840820312 -0.0797348022460938 0.00176048278808593 -0.0273723602294922
-0.0702133178710938 -0.0816802978515625 0.00988006591796875 -0.0122957229614258
-0.0839385986328125 -0.0702667236328125 0.00751686096191406 0.00385570526123046
-0.053466796875 -0.0847702026367187 0.00249099731445312 0.0249443054199219
-0.0262832641601563 -0.110443115234375 -0.0114498138427734 0.0288982391357422
0.00974273681640624 -0.121597290039063 -0.0375213623046875 0.0196571350097656
0.104576110839844 -0.10736083984375 -0.0360679626464844 -0.00419616699218751
0.129776000976563 -0.0675430297851563 -0.0254554748535156 -0.0123043060302734
0.17144775390625 -0.03466796875 0.0215320587158203 0.00738525390625
0.14971923828125 0.0036468505859375 0.0693359375 -0.0606765747070313
0.1390380859375 -0.00543975830078125 0.08563232421875 -0.0353622436523438
0.135383605957031 -0.0705795288085938 0.0790786743164063 -0.0342254638671875
0.0743026733398437 -0.0960159301757813 0.0620803833007813 -0.038543701171875
0.031707763671875 -0.110542297363281 0.0456390380859375 -0.0251502990722656
-0.0238113403320313 -0.0985336303710937 0.0307331085205078 -0.00948905944824219
-0.058135986328125 -0.0763626098632813 0.0333900451660156 -0.00163078308105469
-0.0598678588867188 -0.0803146362304688 0.0392723083496094 0.00828170776367187
-0.0698394775390625 -0.0736083984375 0.0353546142578125 0.0246353149414062
-0.0358657836914063 -0.084320068359375 0.0206031799316406 0.0490341186523437
-0.00580596923828126 -0.103408813476563 -0.00386810302734375 0.0455894470214844
0.0296401977539063 -0.107154846191406 -0.0303897857666016 0.0243949890136719
0.114959716796875 -0.0805435180664063 -0.02532958984375 -0.00703048706054688
0.130691528320313 -0.0360336303710938 0.00238800048828126 -0.0275554656982422
0.154678344726563 -0.0057220458984375 0.0726242065429688 0.0025634765625
0.103302001953125 0.0158004760742188 0.111297607421875 -0.0630340576171875
0.104034423828125 0.00487518310546875 0.109390258789063 -0.0484161376953125
0.104011535644531 -0.0474090576171875 0.0782394409179688 -0.0338973999023438
0.0546493530273438 -0.0706787109375 0.0596237182617187 -0.0261154174804687
0.0239028930664063 -0.0816421508789063 0.0472221374511719 -0.00300216674804688
-0.017364501953125 -0.0748138427734375 0.047943115234375 0.0172843933105469
-0.0412788391113281 -0.0607872009277344 0.06097412109375 0.0187187194824219
-0.0407180786132813 -0.0671539306640625 0.06109619140625 0.0264968872070312
-0.047698974609375 -0.0669822692871094 0.0550956726074219 0.0470733642578125
-0.0159149169921875 -0.0713653564453125 0.02886962890625 0.07391357421875
0.0127105712890625 -0.0814971923828125 -0.00508880615234375 0.0633735656738281
0.0435562133789063 -0.0778579711914063 -0.0276222229003906 0.0314178466796875
0.107658386230469 -0.0429153442382813 -0.0161581039428711 -0.00390243530273438
0.111091613769531 -0.00091552734375 0.0284214019775391 -0.028839111328125
0.116111755371094 0.0236892700195312 0.11285400390625 0.00982666015625
0.0426025390625 0.0289764404296875 0.133323669433594 -0.0647430419921875
0.0543403625488281 0.0200729370117188 0.117950439453125 -0.05841064453125
0.060211181640625 -0.0139007568359375 0.0718460083007813 -0.0313796997070313
0.032440185546875 -0.0313568115234375 0.0569229125976563 -0.0156097412109375
0.0189666748046875 -0.0383491516113281 0.0470161437988281 0.0118370056152344
-0.00323104858398437 -0.0416221618652344 0.059295654296875 0.0314407348632813
-0.0157661437988281 -0.0375556945800781 0.0785751342773438 0.0305099487304688
-0.0171890258789062 -0.043365478515625 0.0736083984375 0.0410842895507813
-0.0222625732421875 -0.0473480224609375 0.0656204223632813 0.06695556640625
-0.00152206420898437 -0.0474128723144531 0.028289794921875 0.0950698852539063
0.0191421508789063 -0.0516128540039063 -0.012451171875 0.077911376953125
0.0403289794921875 -0.0438880920410156 -0.0279579162597656 0.0390701293945313
0.0799942016601563 -0.0103912353515625 -0.0112380981445312 0.00555038452148437
0.0741043090820313 0.026092529296875 0.04461669921875 -0.0177536010742188
0.0596542358398437 0.0420722961425781 0.136215209960938 0.025634765625
0.00920486450195313 -0.0464859008789063 -0.148300170898438 -0.0229644775390625
-0.0238075256347656 -0.0255279541015625 -0.0588951110839844 0.0107841491699219
-0.0340614318847656 -0.00391387939453126 0.0181331634521484 -0.0141239166259766
-0.0193214416503906 0.0181083679199219 0.0389366149902344 -0.0514488220214844
-0.0105476379394531 0.0180339813232422 0.0282669067382812 -0.0911178588867188
-0.0032196044921875 0.0157060623168945 -0.0251846313476563 -0.117424011230469
-0.00966167449951172 0.0149440765380859 -0.0823287963867188 -0.0836029052734375
-0.0139217376708984 0.0147190093994141 -0.0866317749023437 -0.0530624389648438
-0.014775276184082 0.0150461196899414 -0.0873870849609375 -0.0326461791992188
-0.0186977386474609 0.000869750976562499 -0.0763473510742187 -0.0333786010742188
-0.0192356109619141 -0.00579643249511719 -0.0584526062011719 -0.0119209289550781
-0.0224075317382813 -0.0108680725097656 -0.0611419677734375 0.0104637145996094
-0.0164375305175781 -0.0285854339599609 -0.07684326171875 0.0240249633789063
-0.0054931640625 -0.0426254272460938 -0.11187744140625 0.06634521484375
0.014312744140625 -0.0533447265625 -0.147781372070313 0.0670166015625
0.0757522583007813 -0.045379638671875 -0.134330749511719 -0.0375747680664063
0.0329914093017578 -0.0270709991455078 -0.0493392944335938 7.24792480468635E-05
0.0196323394775391 -0.0273990631103516 0.0272178649902344 -0.0244522094726563
0.0126876831054688 -0.0146827697753906 0.0444602966308594 -0.0607719421386719
0.00600051879882813 -0.0224628448486328 0.0341415405273438 -0.0953292846679688
-0.00985527038574219 -0.0228939056396484 -0.0207138061523438 -0.117782592773438
-0.0327320098876953 -0.0164146423339844 -0.0753936767578125 -0.0849380493164063
-0.0411834716796875 -0.0170783996582031 -0.0758056640625 -0.05255126953125
-0.0481758117675781 -0.0118255615234375 -0.0785980224609375 -0.0302047729492188
-0.0411033630371094 -0.0311965942382813 -0.0684585571289063 -0.0260810852050781
-0.0298194885253906 -0.0484886169433594 -0.0531539916992188 -0.00728225708007814
-0.0168533325195312 -0.0579643249511719 -0.0598716735839844 0.0107994079589844
0.0245819091796875 -0.0683822631835938 -0.0675697326660156 0.0180549621582031
0.0435714721679688 -0.0667724609375 -0.0974349975585938 0.0578079223632813
0.0804290771484375 -0.0663986206054687 -0.125778198242187 0.0577468872070313
0.132858276367188 -0.037750244140625 -0.100311279296875 -0.0481796264648437
0.0906982421875 -0.0244140625 -0.0257625579833984 -0.00711631774902345
0.07763671875 -0.0509872436523438 0.0428657531738281 -0.0300178527832031
0.0466766357421875 -0.0506782531738281 0.0517692565917969 -0.065521240234375
0.0233955383300781 -0.065277099609375 0.0388641357421875 -0.0922927856445313
-0.0152397155761719 -0.0622062683105469 -0.0137176513671875 -0.105377197265625
-0.0525856018066406 -0.0473175048828125 -0.057891845703125 -0.0745468139648437
-0.0635871887207031 -0.0475082397460937 -0.0539436340332032 -0.0454788208007812
-0.0754623413085938 -0.0362396240234375 -0.0569381713867188 -0.0233879089355469
-0.0592727661132813 -0.0569610595703125 -0.0500831604003906 -0.0125503540039063
-0.04083251953125 -0.0831146240234375 -0.0419654846191406 0.00252532958984374
-0.0155715942382813 -0.0970916748046875 -0.0557861328125 0.0141754150390625
0.0570831298828125 -0.103347778320312 -0.0589027404785156 0.0115928649902344
0.0838394165039063 -0.0861358642578125 -0.0770797729492188 0.0398635864257813
0.133110046386719 -0.0733718872070313 -0.0858230590820312 0.0426559448242187
0.170364379882813 -0.0288238525390625 -0.0484619140625 -0.054656982421875
0.136299133300781 -0.0239028930664063 0.00999736785888673 -0.0138711929321289
0.124465942382813 -0.075897216796875 0.0591888427734375 -0.0336761474609375
0.0712356567382813 -0.0874099731445313 0.05755615234375 -0.0641860961914063
0.0315704345703125 -0.103950500488281 0.0410690307617188 -0.0790863037109375
-0.0234146118164063 -0.093505859375 -0.0039520263671875 -0.0797119140625
-0.067047119140625 -0.0695419311523438 -0.0323982238769531 -0.0538101196289063
-0.077545166015625 -0.0693740844726562 -0.0240268707275391 -0.0313053131103516
-0.091766357421875 -0.055023193359375 -0.0266838073730469 -0.0112857818603516
-0.0672988891601563 -0.0751266479492188 -0.0238685607910156 0.00542640686035155
-0.0443954467773438 -0.10498046875 -0.0269126892089844 0.0156593322753906
-0.0118789672851563 -0.121658325195313 -0.0488204956054688 0.0188407897949219
0.0819931030273438 -0.123519897460937 -0.0495758056640625 0.00312423706054687
0.113960266113281 -0.0914230346679688 -0.0536422729492188 0.0144805908203125
0.167251586914063 -0.068145751953125 -0.0340423583984375 0.0239734649658203
0.179367065429688 -0.016693115234375 0.012451171875 -0.06060791015625
0.156829833984375 -0.0195770263671875 0.0510406494140625 -0.0243453979492188
0.146865844726563 -0.087860107421875 0.0730667114257813 -0.0355072021484375
0.0804901123046875 -0.107475280761719 0.0627403259277344 -0.0546417236328125
0.03289794921875 -0.123970031738281 0.0445823669433594 -0.0556144714355469
-0.0287857055664062 -0.107673645019531 0.0135917663574219 -0.0454292297363281
-0.0711212158203125 -0.0802536010742188 0.00118827819824218 -0.0282249450683594
-0.0781402587890625 -0.081634521484375 0.00956916809082031 -0.0137920379638672
-0.0914764404296875 -0.0689620971679688 0.00698375701904296 0.00400066375732422
-0.0597457885742188 -0.0862045288085938 0.00271797180175781 0.0260868072509766
-0.0320892333984375 -0.114463806152344 -0.01251220703125 0.0304050445556641
0.00410461425781249 -0.126922607421875 -0.0400123596191406 0.0218696594238281
0.104133605957031 -0.118209838867188 -0.0390586853027344 -0.00432968139648438
0.132583618164063 -0.0763702392578125 -0.0275001525878906 -0.0117301940917969
0.177841186523437 -0.0455322265625 0.0223464965820313 0.00760078430175781
0.1571044921875 -0.003204345703125 0.070953369140625 -0.0655364990234375
0.145889282226563 -0.0120849609375 0.0887222290039063 -0.0391693115234375
0.138557434082031 -0.0807647705078125 0.0813674926757813 -0.0366058349609375
0.0735702514648438 -0.103691101074219 0.0637474060058594 -0.0419921875
0.0279541015625 -0.116950988769531 0.0481452941894531 -0.0283851623535156
-0.0290603637695313 -0.101921081542969 0.0336723327636719 -0.0103836059570313
-0.0639190673828125 -0.077545166015625 0.035491943359375 -0.00349807739257813
-0.067535400390625 -0.0809097290039063 0.0409812927246094 0.00628662109374999
-0.0773696899414063 -0.0736007690429688 0.0371780395507813 0.0235099792480469
-0.0415496826171875 -0.0865631103515625 0.0231895446777344 0.0503005981445312
-0.0103225708007812 -0.107521057128906 -0.00429916381835938 0.0474662780761719
0.0262069702148438 -0.112693786621094 -0.0327053070068359 0.0265083312988281
0.116203308105469 -0.0904617309570313 -0.0276260375976562 -0.00816535949707032
0.134750366210938 -0.04345703125 0.00146865844726564 -0.0288047790527344
0.162277221679688 -0.014129638671875 0.07513427734375 0.000564575195312499
0.108932495117188 0.0119247436523438 0.114715576171875 -0.0708847045898438
0.108749389648437 0.00063323974609375 0.112663269042969 -0.0549163818359375
0.106391906738281 -0.0548324584960938 0.0805206298828125 -0.03704833984375
0.0542678833007812 -0.0760498046875 0.0616683959960938 -0.028289794921875
0.0212326049804688 -0.0865325927734375 0.0497322082519531 -0.00487899780273438
-0.0215377807617188 -0.0776519775390625 0.0521583557128906 0.0160446166992187
-0.0454788208007813 -0.0615348815917969 0.0653305053710937 0.0163040161132812
-0.0468559265136719 -0.0672035217285156 0.0648460388183594 0.0246620178222656
-0.0532035827636719 -0.0663528442382812 0.0591659545898438 0.0458869934082031
-0.019744873046875 -0.0738983154296875 0.033477783203125 0.0755767822265625
0.00974273681640625 -0.0861663818359375 -0.003814697265625 0.0662651062011719
0.0413436889648438 -0.0828399658203125 -0.0294666290283203 0.0330085754394531
0.110038757324219 -0.0508575439453125 -0.0180625915527344 -0.00489234924316406
0.116714477539063 -0.0054473876953125 0.0275897979736328 -0.0315799713134766
0.123008728027344 0.01800537109375 0.117439270019531 0.00583648681640625
0.0454216003417969 0.0286674499511719 0.1378173828125 -0.0731582641601562
0.0580024719238281 0.0183486938476563 0.120994567871094 -0.0660018920898438
0.0625114440917969 -0.0173416137695313 0.07391357421875 -0.0343704223632813
0.0319385528564453 -0.0340232849121094 0.0591545104980469 -0.0179405212402344
0.0177230834960937 -0.0412940979003906 0.0504035949707031 0.0107917785644531
-0.00536346435546875 -0.0425033569335938 0.0646095275878906 0.0306549072265625
-0.018096923828125 -0.0381050109863281 0.0841140747070313 0.0280227661132813
-0.0201759338378906 -0.0440673828125 0.0787429809570313 0.0385208129882813
-0.0258140563964844 -0.0483207702636719 0.0713653564453125 0.0661087036132813
-0.00330352783203125 -0.0494003295898438 0.0336761474609375 0.0975418090820312
0.0178756713867188 -0.0543861389160156 -0.0106735229492187 0.0822296142578125
0.0397148132324219 -0.0477561950683594 -0.0292015075683594 0.0417098999023438
0.0830841064453125 -0.01483154296875 -0.0129842758178711 0.00489234924316406
0.0788497924804688 0.0241851806640625 0.0451011657714844 -0.0207862854003906
0.0641899108886719 0.0407562255859375 0.142303466796875 0.0217742919921875
0.00671768188476563 -0.0475425720214844 -0.153900146484375 -0.0136871337890625
-0.0264358520507813 -0.0245456695556641 -0.0598526000976562 0.0154228210449219
-0.0354461669921875 -0.00197982788085938 0.0184230804443359 -0.0144996643066406
-0.0182304382324219 0.0195426940917969 0.0379066467285156 -0.0547676086425781
-0.00909423828125 0.0191745758056641 0.0244064331054687 -0.095947265625
-0.00282192230224609 0.0161876678466797 -0.0339508056640625 -0.119400024414063
-0.00934696197509765 0.0155143737792969 -0.0903472900390625 -0.0796356201171875
-0.0137920379638672 0.0158843994140625 -0.0927810668945313 -0.0471115112304688
-0.0142688751220703 0.0159168243408203 -0.0926971435546875 -0.0268325805664062
-0.0194206237792969 0.00160026550292969 -0.0822372436523438 -0.0289382934570313
-0.0200786590576172 -0.00510978698730468 -0.0626106262207031 -0.00902557373046876
-0.0235862731933594 -0.00972938537597657 -0.0626564025878906 0.0143775939941406
-0.0189018249511719 -0.0279369354248047 -0.0777511596679687 0.0289306640625
-0.00818634033203125 -0.0435142517089844 -0.110801696777344 0.0757675170898437
0.0110015869140625 -0.0557403564453125 -0.148590087890625 0.079864501953125
0.0758514404296875 -0.0513153076171875 -0.13983154296875 -0.0296173095703125
0.0328350067138672 -0.0301322937011719 -0.0500068664550781 0.00419998168945313
0.0182342529296875 -0.0297145843505859 0.0272731781005859 -0.0254421234130859
0.0121679306030273 -0.016047477722168 0.042938232421875 -0.0640144348144531
0.00503921508789063 -0.0235519409179687 0.030548095703125 -0.100936889648438
-0.0114688873291016 -0.0237655639648438 -0.0288925170898438 -0.120391845703125
-0.035247802734375 -0.0152511596679687 -0.0834503173828125 -0.0817108154296875
-0.0441360473632812 -0.0148353576660156 -0.0821609497070313 -0.0480728149414062
-0.050445556640625 -0.0090789794921875 -0.0837783813476563 -0.0251541137695312
-0.0443534851074219 -0.0303001403808594 -0.0733413696289063 -0.0214767456054688
-0.0339317321777344 -0.0484466552734375 -0.0568313598632813 -0.00460052490234376
-0.0207366943359375 -0.05841064453125 -0.0615730285644531 0.0147514343261719
0.0204696655273437 -0.0723953247070313 -0.0690650939941406 0.0219306945800781
0.0407791137695313 -0.0716400146484375 -0.0963211059570312 0.0660934448242188
0.0783233642578125 -0.074310302734375 -0.12652587890625 0.0692367553710938
0.135696411132813 -0.0475311279296875 -0.104896545410156 -0.0419235229492188
0.09234619140625 -0.0313339233398438 -0.0258922576904297 -0.00365447998046875
0.0762100219726563 -0.0583038330078125 0.0426254272460938 -0.0322456359863281
0.0445175170898438 -0.0553932189941406 0.0502166748046875 -0.069488525390625
0.0190925598144531 -0.0694618225097656 0.0351333618164062 -0.0971908569335938
-0.019775390625 -0.0635223388671875 -0.0206146240234375 -0.108116149902344
-0.0576667785644531 -0.0448188781738281 -0.0642929077148438 -0.0720138549804687
-0.0691032409667969 -0.0436973571777344 -0.05859375 -0.04229736328125
-0.080596923828125 -0.03204345703125 -0.0611114501953125 -0.0192298889160156
-0.0651473999023438 -0.0552787780761719 -0.05364990234375 -0.00880050659179688
-0.0470352172851563 -0.0829849243164063 -0.0452613830566406 0.00534439086914062
-0.02215576171875 -0.0984420776367188 -0.0578041076660156 0.018096923828125
0.0512237548828125 -0.111091613769531 -0.0609703063964844 0.0137557983398437
0.0808181762695313 -0.0939254760742188 -0.0768814086914063 0.046600341796875
0.132278442382813 -0.0854110717773438 -0.0858612060546875 0.051849365234375
0.174331665039063 -0.04150390625 -0.052215576171875 -0.05242919921875
0.139762878417969 -0.0342559814453125 0.0104837417602539 -0.0132207870483398
0.122383117675781 -0.0873870849609375 0.0590286254882813 -0.0363655090332031
0.0674514770507813 -0.0947799682617188 0.0561981201171875 -0.0683555603027344
0.0253829956054688 -0.109481811523437 0.0386962890625 -0.0842971801757813
-0.0304489135742188 -0.094970703125 -0.00846099853515626 -0.0823516845703125
-0.0740509033203125 -0.066802978515625 -0.0362167358398438 -0.0525283813476563
-0.0854873657226562 -0.0654220581054688 -0.0271129608154297 -0.0302410125732422
-0.0984954833984375 -0.049896240234375 -0.0292034149169922 -0.00973510742187501
-0.0738601684570313 -0.073455810546875 -0.0252342224121094 0.0073394775390625
-0.0526504516601562 -0.105499267578125 -0.0289802551269531 0.0176219940185547
-0.0202255249023437 -0.124214172363281 -0.0502204895019531 0.0225906372070312
0.075439453125 -0.134307861328125 -0.0524635314941406 0.00556945800781249
0.111251831054687 -0.101966857910156 -0.054779052734375 0.0188064575195313
0.168075561523438 -0.082183837890625 -0.0340175628662109 0.0284271240234375
0.184051513671875 -0.0290374755859375 0.0106582641601563 -0.0622825622558594
0.160369873046875 -0.03143310546875 0.0520591735839844 -0.0275993347167969
0.145599365234375 -0.101364135742188 0.0736312866210938 -0.0391311645507813
0.0760269165039062 -0.116539001464844 0.0614356994628906 -0.0587844848632813
0.0251617431640625 -0.129608154296875 0.0436668395996094 -0.0597190856933594
-0.03717041015625 -0.10992431640625 0.0121612548828125 -0.048126220703125
-0.0787124633789063 -0.0779953002929688 0.000402450561523435 -0.0291023254394531
-0.087005615234375 -0.0775222778320313 0.00836086273193359 -0.0144548416137695
-0.098876953125 -0.0642929077148437 0.00605392456054687 0.00393390655517578
-0.0673828125 -0.0852813720703125 0.0035400390625 0.0267467498779297
-0.0411529541015625 -0.11602783203125 -0.0127487182617188 0.0320644378662109
-0.00390624999999999 -0.130874633789063 -0.0414390563964844 0.0257492065429687
0.0982818603515625 -0.130172729492188 -0.0421829223632813 -0.00320053100585939
0.131843566894531 -0.086822509765625 -0.0293540954589844 -0.0105037689208984
0.1805419921875 -0.06011962890625 0.0227508544921875 0.00743293762207031
0.161773681640625 -0.0137939453125 0.06988525390625 -0.07171630859375
0.150115966796875 -0.02276611328125 0.0895919799804688 -0.0451126098632812
0.137359619140625 -0.0930633544921875 0.0815582275390625 -0.0416717529296875
0.0690460205078125 -0.111732482910156 0.0632553100585938 -0.04583740234375
0.0199356079101563 -0.1224365234375 0.0481605529785156 -0.0317344665527344
-0.0370254516601563 -0.103607177734375 0.03564453125 -0.0136947631835938
-0.0710983276367188 -0.0753326416015625 0.0372428894042969 -0.00618743896484375
-0.0753021240234375 -0.07781982421875 0.0418510437011719 0.00349426269531249
-0.0846939086914062 -0.0694961547851563 0.0385818481445312 0.0217323303222656
-0.048309326171875 -0.086395263671875 0.0265121459960937 0.0500335693359375
-0.0179519653320313 -0.110252380371094 -0.00282669067382812 0.0493392944335937
0.01922607421875 -0.117645263671875 -0.0343017578125 0.0293998718261719
0.112396240234375 -0.102157592773438 -0.0306663513183594 -0.00776863098144533
0.136199951171875 -0.0537490844726562 -0.00122451782226562 -0.0300559997558594
0.166397094726563 -0.0263214111328125 0.0764694213867188 -0.00388336181640625
0.11322021484375 0.00463104248046875 0.114662170410156 -0.0800857543945313
0.113235473632813 -0.006561279296875 0.113388061523437 -0.0631484985351562
0.10626220703125 -0.0647735595703125 0.081207275390625 -0.04229736328125
0.0510635375976563 -0.0816268920898437 0.0619049072265625 -0.0325355529785156
0.015167236328125 -0.0906600952148438 0.0517120361328125 -0.00746917724609376
-0.0277023315429688 -0.0781478881835938 0.0563163757324219 0.0129318237304687
-0.050933837890625 -0.0605201721191406 0.0688667297363281 0.0113029479980469
-0.0531120300292969 -0.0656166076660156 0.0679054260253906 0.0200462341308594
-0.05987548828125 -0.0641403198242188 0.0629768371582031 0.0428314208984375
-0.0249099731445312 -0.0749588012695313 0.0391159057617188 0.07513427734375
0.00376129150390624 -0.0893173217773438 -0.000911712646484379 0.0688514709472656
0.0371246337890625 -0.0873870849609375 -0.0292091369628906 0.0355873107910156
0.109375 -0.06048583984375 -0.0197734832763672 -0.00519180297851563
0.119384765625 -0.0129318237304688 0.025604248046875 -0.0347461700439453
0.127670288085938 0.00951385498046875 0.119949340820313 -0.0011444091796875
0.0487937927246094 0.02630615234375 0.137641906738281 -0.0852584838867188
0.061614990234375 0.0150985717773438 0.120384216308594 -0.075958251953125
0.0637855529785156 -0.0227279663085937 0.075042724609375 -0.0391464233398437
0.0309295654296875 -0.0367202758789063 0.0599861145019531 -0.0216445922851563
0.0146064758300781 -0.0433845520019531 0.0533523559570313 0.008392333984375
-0.00861358642578125 -0.0436553955078125 0.070068359375 0.0269927978515625
-0.0209617614746094 -0.0376167297363281 0.0889129638671875 0.0219497680664062
-0.0245170593261719 -0.0430526733398438 0.082855224609375 0.0336990356445313
-0.0301475524902344 -0.0469932556152344 0.0769195556640625 0.0624923706054688
-0.00690078735351563 -0.0503654479980469 0.0408554077148437 0.097808837890625
0.0150337219238281 -0.0571022033691406 -0.006866455078125 0.0856781005859375
0.0380401611328125 -0.0515708923339844 -0.0292129516601563 0.0446853637695313
0.0839996337890625 -0.0213241577148438 -0.0142679214477539 0.00458908081054688
0.0826339721679688 0.0194091796875 0.0439071655273438 -0.0251045227050781
0.0689659118652344 0.0366783142089844 0.146575927734375 0.0129852294921875
0.00417709350585938 -0.047943115234375 -0.154281616210938 -0.00381469726562498
-0.027801513671875 -0.0227241516113281 -0.0577125549316406 0.02008056640625
-0.0367851257324219 0.000347137451171874 0.0186004638671875 -0.0150566101074219
-0.0166587829589844 0.0204010009765625 0.0360069274902344 -0.0568161010742188
-0.00750541687011719 0.0195198059082031 0.0197677612304688 -0.0985336303710938
-0.00205612182617188 0.0156831741333008 -0.0421371459960937 -0.118743896484375
-0.00844192504882812 0.0160236358642578 -0.0957565307617188 -0.0731430053710937
-0.0125207901000977 0.0166749954223633 -0.09625244140625 -0.0400848388671875
-0.0135726928710938 0.0168170928955078 -0.0951461791992187 -0.01947021484375
-0.0195903778076172 0.00223922729492188 -0.0860061645507813 -0.0228500366210937
-0.0204448699951172 -0.00444602966308594 -0.0651512145996094 -0.00577545166015625
-0.0242443084716797 -0.0080108642578125 -0.0621833801269531 0.0175743103027344
-0.0209884643554688 -0.0273761749267578 -0.07598876953125 0.032989501953125
-0.0109291076660156 -0.0436210632324219 -0.106117248535156 0.0831451416015625
0.00720596313476562 -0.0564308166503906 -0.143707275390625 0.09149169921875
0.0733795166015625 -0.0562591552734375 -0.141159057617188 -0.0196685791015625
0.0311107635498047 -0.0327968597412109 -0.0489578247070313 0.00876998901367188
0.0156078338623047 -0.0320053100585938 0.0268688201904297 -0.0257778167724609
0.010930061340332 -0.0172262191772461 0.0405044555664063 -0.0660667419433594
0.00396728515625 -0.0244464874267578 0.0248794555664063 -0.103416442871094
-0.0134658813476563 -0.0233345031738281 -0.0368270874023438 -0.119491577148437
-0.036773681640625 -0.0134239196777344 -0.0880508422851563 -0.07537841796875
-0.0459480285644531 -0.0118179321289063 -0.085479736328125 -0.0415725708007812
-0.0517807006835938 -0.00606155395507812 -0.0860519409179688 -0.0180511474609375
-0.046875 -0.0279045104980469 -0.0771408081054687 -0.0162734985351563
-0.0371894836425781 -0.0467758178710938 -0.0592117309570313 -0.00127029418945314
-0.0246734619140625 -0.0568389892578125 -0.0613899230957031 0.0185737609863281
0.015411376953125 -0.074798583984375 -0.0686798095703125 0.0256500244140625
0.036163330078125 -0.0745391845703125 -0.092132568359375 0.0727767944335938
0.0729522705078125 -0.0801773071289062 -0.122344970703125 0.0797042846679688
0.133476257324219 -0.0573348999023438 -0.106521606445312 -0.0340957641601563
0.0911712646484375 -0.038330078125 -0.0257244110107422 -0.000785827636718752
0.0717086791992188 -0.0647735595703125 0.0415153503417969 -0.0331153869628906
0.0411911010742188 -0.0590133666992188 0.0474166870117187 -0.0716323852539062
0.0144271850585938 -0.0708236694335938 0.0298995971679687 -0.100555419921875
-0.0242996215820313 -0.06298828125 -0.027740478515625 -0.107589721679688
-0.0612525939941406 -0.041900634765625 -0.0685653686523438 -0.0672798156738281
-0.0732269287109375 -0.0386734008789063 -0.0616645812988281 -0.0374412536621094
-0.0830154418945312 -0.0266876220703125 -0.0633354187011719 -0.0133056640625
-0.0688591003417969 -0.0522994995117188 -0.0557708740234375 -0.00488662719726564
-0.0533294677734375 -0.0803375244140625 -0.046722412109375 0.00803756713867188
-0.0290145874023437 -0.096954345703125 -0.057403564453125 0.0223426818847656
0.0429458618164062 -0.115509033203125 -0.0611228942871094 0.0170631408691406
0.0748214721679688 -0.0992965698242188 -0.0742034912109375 0.0515975952148438
0.126899719238281 -0.0955581665039063 -0.0829010009765625 0.0586776733398438
0.1729736328125 -0.0534820556640625 -0.0541267395019531 -0.0478057861328125
0.138374328613281 -0.0442962646484375 0.0102672576904297 -0.0125551223754883
0.116172790527344 -0.0972137451171875 0.0573768615722656 -0.0383338928222656
0.06121826171875 -0.0995330810546875 0.0528793334960938 -0.0708694458007813
0.0174026489257813 -0.111152648925781 0.0336837768554688 -0.0867462158203125
-0.0368270874023438 -0.0942535400390625 -0.0134124755859375 -0.0823135375976563
-0.0791854858398438 -0.0628509521484375 -0.0391654968261719 -0.0502891540527344
-0.0905075073242188 -0.0590286254882812 -0.0297412872314453 -0.0278034210205078
-0.102424621582031 -0.042816162109375 -0.0310764312744141 -0.0062847137451172
-0.07977294921875 -0.0693435668945313 -0.0263633728027344 0.00905418395996093
-0.0604934692382813 -0.102470397949219 -0.0300006866455078 0.0196762084960937
-0.0285491943359375 -0.122901916503906 -0.0499382019042969 0.0264968872070312
0.0653839111328125 -0.140716552734375 -0.0540733337402344 0.00772094726562498
0.105186462402344 -0.109619140625 -0.0536231994628906 0.0224990844726562
0.162246704101563 -0.0951995849609375 -0.0322246551513672 0.0320167541503906
0.18402099609375 -0.0426025390625 0.00802230834960938 -0.062591552734375
0.160125732421875 -0.0431365966796875 0.0510215759277344 -0.0294380187988281
0.138450622558594 -0.112533569335938 0.072052001953125 -0.0415878295898438
0.06842041015625 -0.12158203125 0.058868408203125 -0.0616798400878906
0.0156326293945313 -0.132240295410156 0.040863037109375 -0.0626792907714844
-0.0445327758789063 -0.107978820800781 0.00996780395507812 -0.0493278503417969
-0.0845489501953125 -0.0734405517578125 -0.0013580322265625 -0.0296344757080078
-0.0933914184570313 -0.0712738037109375 0.00739383697509765 -0.0147600173950195
-0.104148864746094 -0.0564956665039062 0.00553417205810546 0.00453424453735351
-0.0734100341796875 -0.08111572265625 0.00449752807617187 0.0266780853271484
-0.0495529174804688 -0.113395690917969 -0.0128345489501953 0.0330276489257813
-0.0130538940429687 -0.131103515625 -0.0415611267089844 0.028717041015625
0.0884475708007813 -0.138748168945313 -0.0440483093261719 -0.00183105468750001
0.127311706542969 -0.09637451171875 -0.0298614501953125 -0.00800704956054688
0.17645263671875 -0.074188232421875 0.0230369567871094 0.00698471069335937
0.162033081054688 -0.02508544921875 0.066680908203125 -0.07623291015625
0.149688720703125 -0.033447265625 0.0874557495117188 -0.0503463745117188
0.131401062011719 -0.104026794433594 0.0799331665039063 -0.0449752807617188
0.0615692138671875 -0.115776062011719 0.0610427856445313 -0.0487327575683594
0.0107421875 -0.1248779296875 0.0474014282226563 -0.0346488952636719
-0.0442962646484375 -0.10137939453125 0.036285400390625 -0.0165443420410156
-0.0770797729492188 -0.0706634521484375 0.0377998352050781 -0.00945663452148438
-0.0823898315429688 -0.0721054077148438 0.0415916442871094 0.000602722167968746
-0.0903778076171875 -0.0624008178710938 0.0393333435058594 0.0199546813964844
-0.054718017578125 -0.083740234375 0.0295486450195312 0.0475578308105469
-0.0256805419921875 -0.109657287597656 -0.00117111206054688 0.0501899719238281
0.0112075805664063 -0.119461059570312 -0.0336627960205078 0.0320816040039063
0.105262756347656 -0.111656188964844 -0.0326251983642578 -0.00721549987792969
0.133674621582031 -0.063018798828125 -0.0039386749267578 -0.0302448272705078
0.16510009765625 -0.039703369140625 0.0754776000976563 -0.00792694091796875
0.114715576171875 -0.00327301025390625 0.110725402832031 -0.0885162353515625
0.113388061523438 -0.01470947265625 0.110183715820313 -0.0703048706054687
0.102645874023437 -0.0730133056640625 0.0789718627929688 -0.0458526611328125
0.046173095703125 -0.085052490234375 0.0605697631835938 -0.0360946655273438
0.0088653564453125 -0.0922012329101562 0.0523681640625 -0.0105819702148438
-0.0331344604492187 -0.0770950317382813 0.0590553283691406 0.00873947143554687
-0.0550994873046875 -0.0569992065429688 0.0704269409179688 0.00562286376953125
-0.0587882995605469 -0.0619239807128906 0.0685653686523438 0.0151290893554687
-0.0649833679199219 -0.0591888427734375 0.0652351379394531 0.038299560546875
-0.0306625366210938 -0.0734100341796875 0.043792724609375 0.0716400146484375
-0.00192260742187499 -0.0900192260742188 0.00205230712890626 0.0690841674804688
0.0314178466796875 -0.0903778076171875 -0.0291519165039063 0.0377540588378906
0.1048583984375 -0.0688400268554688 -0.0220756530761719 -0.00502204895019532
0.119552612304688 -0.0212173461914063 0.0224533081054688 -0.0366477966308594
0.128379821777344 -0.00011444091796875 0.119552612304688 -0.0088043212890625
0.0506706237792969 0.0235633850097656 0.13299560546875 -0.0951614379882813
0.0629844665527344 0.0107879638671875 0.115890502929688 -0.0837020874023438
0.0623626708984375 -0.0280380249023438 0.073089599609375 -0.0431060791015625
0.0290641784667969 -0.0387649536132813 0.0590553283691406 -0.0244979858398438
0.0114517211914063 -0.0454673767089844 0.0550308227539063 0.00545883178710937
-0.0116653442382812 -0.043060302734375 0.07421875 0.0220947265625
-0.02337646484375 -0.0363426208496094 0.0908432006835938 0.0149002075195313
-0.0274543762207031 -0.0415191650390625 0.0851516723632813 0.027496337890625
-0.0338249206542969 -0.0442237854003906 0.0808639526367188 0.0567626953125
-0.0106468200683594 -0.0503463745117188 0.0476303100585937 0.09405517578125
0.0111618041992188 -0.0587806701660156 -0.0016937255859375 0.0866546630859375
0.0353202819824219 -0.0540885925292969 -0.0280990600585937 0.0464630126953125
0.0825347900390625 -0.027374267578125 -0.0150489807128906 0.00441932678222656
0.0835342407226563 0.013580322265625 0.0413017272949219 -0.028472900390625
0.071258544921875 0.0318603515625 0.147048950195313 0.0032501220703125
0.00246047973632812 -0.0473403930664063 -0.15142822265625 0.00440979003906251
-0.0285663604736328 -0.0212593078613281 -0.0558929443359375 0.0235252380371094
-0.0363349914550781 0.00259780883789062 0.0188636779785156 -0.0146617889404297
-0.0153713226318359 0.0200462341308594 0.0348396301269531 -0.056915283203125
-0.00580787658691406 0.0197105407714844 0.0156784057617188 -0.0992279052734375
-0.00177288055419922 0.0153207778930664 -0.047332763671875 -0.11566162109375
-0.00773811340332031 0.0161046981811523 -0.0980606079101563 -0.0670394897460937
-0.0119619369506836 0.0174264907836914 -0.0966262817382813 -0.0341567993164063
-0.0127944946289062 0.016693115234375 -0.09515380859375 -0.0135040283203125
-0.0194664001464844 0.00285911560058594 -0.088043212890625 -0.017303466796875
-0.0202960968017578 -0.00346565246582031 -0.0660171508789063 -0.00273132324218751
-0.0242938995361328 -0.00651168823242188 -0.061370849609375 0.0193367004394531
-0.0218353271484375 -0.0262069702148438 -0.0738296508789063 0.0350570678710938
-0.0129852294921875 -0.0427932739257813 -0.1009521484375 0.0877609252929687
0.0041351318359375 -0.0558319091796875 -0.137405395507813 0.0988311767578125
0.070526123046875 -0.0594482421875 -0.139266967773438 -0.01220703125
0.0295009613037109 -0.0344867706298828 -0.0471382141113281 0.0119667053222656
0.0134983062744141 -0.0319976806640625 0.0266075134277344 -0.02557373046875
0.00982093811035156 -0.0179100036621094 0.0385894775390625 -0.0667839050292969
0.00310897827148437 -0.0244865417480469 0.020660400390625 -0.104011535644531
-0.0145092010498047 -0.0230255126953125 -0.0422134399414063 -0.116889953613281
-0.0375595092773438 -0.0112953186035156 -0.0906829833984375 -0.0696487426757812
-0.0461311340332031 -0.00911712646484374 -0.08599853515625 -0.035858154296875
-0.0515327453613281 -0.00340270996093749 -0.0862045288085938 -0.01239013671875
-0.0478706359863281 -0.0255088806152344 -0.0788497924804688 -0.0115280151367188
-0.039306640625 -0.0446319580078125 -0.0606727600097656 0.00138092041015624
-0.0272026062011719 -0.0547256469726562 -0.0606117248535156 0.0205345153808594
0.0115890502929688 -0.0750198364257812 -0.0669746398925781 0.0277137756347656
0.0327072143554688 -0.0756683349609375 -0.0875396728515625 0.0767440795898438
0.0683975219726563 -0.08343505859375 -0.116844177246094 0.085906982421875
0.130455017089844 -0.06329345703125 -0.105735778808594 -0.027862548828125
0.0883941650390625 -0.0434036254882813 -0.0241966247558594 0.00168800354003906
0.0670967102050781 -0.0680427551269531 0.0406646728515625 -0.0333366394042969
0.0378532409667969 -0.0602645874023438 0.0447998046875 -0.0722122192382813
0.0108184814453125 -0.0711746215820313 0.0260162353515625 -0.101127624511719
-0.027191162109375 -0.06170654296875 -0.0324783325195312 -0.105491638183594
-0.0632591247558594 -0.0386505126953125 -0.070648193359375 -0.0629501342773438
-0.0748977661132813 -0.0338897705078125 -0.0628166198730469 -0.0324821472167969
-0.0834197998046875 -0.0216140747070313 -0.0633163452148437 -0.00894165039062499
-0.0706939697265625 -0.0479812622070313 -0.0572776794433594 -0.00123214721679687
-0.0569915771484375 -0.0770339965820313 -0.0481376647949219 0.0105018615722656
-0.0332794189453125 -0.0943374633789063 -0.0566215515136719 0.024627685546875
0.0359420776367188 -0.116874694824219 -0.0614738464355469 0.0190391540527344
0.0699234008789063 -0.102020263671875 -0.0712127685546875 0.0549392700195312
0.120498657226562 -0.101470947265625 -0.0790023803710937 0.0636825561523437
0.169204711914063 -0.06207275390625 -0.0542984008789063 -0.0436172485351563
0.135574340820312 -0.051239013671875 0.0104484558105469 -0.0115346908569336
0.109573364257813 -0.102806091308594 0.0565757751464844 -0.0385246276855469
0.0558624267578125 -0.101432800292969 0.050445556640625 -0.070953369140625
0.01123046875 -0.111442565917969 0.0307998657226563 -0.0875091552734375
-0.0412216186523438 -0.0912628173828125 -0.016448974609375 -0.080718994140625
-0.0817794799804688 -0.0579910278320313 -0.0403404235839844 -0.0472412109375
-0.0931243896484375 -0.0525970458984375 -0.0305385589599609 -0.0249195098876953
-0.103729248046875 -0.0363693237304688 -0.0312118530273438 -0.00296592712402344
-0.0823974609375 -0.06475830078125 -0.0271053314208984 0.0109138488769531
-0.06488037109375 -0.0989227294921875 -0.0306739807128906 0.0210018157958984
-0.0341949462890625 -0.119903564453125 -0.049591064453125 0.0286941528320313
0.0569915771484375 -0.143310546875 -0.0542030334472656 0.00978851318359373
0.0992431640625 -0.113967895507813 -0.0520172119140625 0.0247726440429687
0.155502319335938 -0.1029052734375 -0.0302639007568359 0.0349750518798828
0.18048095703125 -0.052398681640625 0.00618743896484376 -0.0615272521972656
0.156234741210938 -0.0514984130859375 0.0501136779785156 -0.030487060546875
0.130760192871094 -0.119461059570313 0.0700340270996094 -0.042877197265625
0.0618820190429687 -0.123435974121094 0.0565605163574219 -0.0624656677246094
0.00867462158203126 -0.131874084472656 0.0389556884765625 -0.0638618469238281
-0.0498275756835938 -0.105003356933594 0.00853729248046874 -0.0498428344726563
-0.0883026123046875 -0.0681076049804687 -0.00199699401855469 -0.0295772552490234
-0.096466064453125 -0.0645675659179687 0.00630092620849609 -0.0141668319702148
-0.105979919433594 -0.0496826171875 0.00492238998413085 0.00507116317749023
-0.0766143798828125 -0.0765762329101563 0.00414085388183593 0.0260810852050781
-0.0543746948242187 -0.109954833984375 -0.0130062103271484 0.0335197448730469
-0.0194244384765625 -0.129249572753906 -0.0407524108886719 0.0307655334472656
0.07977294921875 -0.14227294921875 -0.0457077026367187 -0.000728607177734374
0.121139526367188 -0.101722717285156 -0.0307350158691406 -0.00647544860839844
0.170867919921875 -0.0835723876953125 0.0225238800048828 0.00666999816894531
0.1602783203125 -0.0332183837890625 0.0632095336914063 -0.0786285400390625
0.14654541015625 -0.041107177734375 0.08441162109375 -0.053070068359375
0.124374389648438 -0.110488891601563 0.0776290893554688 -0.046875
0.055389404296875 -0.117424011230469 0.0589370727539063 -0.0495872497558594
0.00452423095703124 -0.123855590820312 0.04644775390625 -0.0362014770507813
-0.0490798950195312 -0.09857177734375 0.0366325378417969 -0.0184822082519531
-0.0801239013671875 -0.0662155151367188 0.0372962951660156 -0.0120086669921875
-0.0855255126953125 -0.0660476684570312 0.0409736633300781 -0.00172042846679688
-0.0926132202148438 -0.0562286376953125 0.0390243530273437 0.0181617736816406
-0.0580291748046875 -0.0802001953125 0.0301437377929688 0.0455245971679687
-0.031341552734375 -0.107658386230469 -0.000102996826171875 0.0500411987304687
0.00558471679687501 -0.118476867675781 -0.0331363677978516 0.0341529846191406
0.098114013671875 -0.116783142089844 -0.0347251892089844 -0.00682830810546876
0.129585266113281 -0.0687484741210938 -0.00617599487304686 -0.0301094055175781
0.160873413085938 -0.0482635498046875 0.0739974975585938 -0.0107345581054688
0.113876342773438 -0.00930023193359375 0.106170654296875 -0.0924835205078125
0.112167358398438 -0.0203018188476563 0.105720520019531 -0.0743484497070312
0.0976638793945313 -0.0784988403320313 0.076873779296875 -0.0480117797851563
0.04168701171875 -0.0864791870117188 0.058837890625 -0.0368232727050781
0.00335693359374999 -0.091888427734375 0.0520477294921875 -0.0124702453613281
-0.0370941162109375 -0.0745086669921875 0.0600395202636719 0.00537490844726562
-0.0579566955566406 -0.0535163879394531 0.0703277587890625 0.00139617919921875
-0.0616264343261719 -0.0569648742675781 0.0679512023925781 0.0110359191894531
-0.0670967102050781 -0.0543746948242188 0.0655059814453125 0.0354232788085938
-0.0338287353515625 -0.071563720703125 0.0463218688964844 0.0685768127441406
-0.00596618652343749 -0.089385986328125 0.004150390625 0.068450927734375
0.02703857421875 -0.0912933349609375 -0.0284919738769531 0.0391998291015625
0.099822998046875 -0.0740127563476563 -0.0234584808349609 -0.00556755065917969
0.117599487304687 -0.0271453857421875 0.0199508666992188 -0.03717041015625
0.126541137695312 -0.00742340087890625 0.116561889648438 -0.01318359375
0.0514144897460938 0.0205116271972656 0.128005981445313 -0.101097106933594
0.0627288818359375 0.00734329223632813 0.110511779785156 -0.0887680053710938
0.0604782104492188 -0.0319252014160156 0.0704116821289063 -0.044891357421875
0.0271034240722656 -0.0398941040039063 0.0577316284179688 -0.0263748168945313
0.00858306884765624 -0.0454444885253906 0.0556678771972656 0.00403976440429687
-0.0139694213867187 -0.0416450500488281 0.0760726928710938 0.0179519653320312
-0.0249252319335938 -0.0345726013183594 0.091094970703125 0.00864410400390625
-0.0296859741210938 -0.038787841796875 0.0848159790039062 0.0218582153320312
-0.0355987548828125 -0.0411949157714844 0.0818252563476563 0.051605224609375
-0.0127296447753906 -0.0494461059570312 0.0515289306640625 0.0904464721679688
0.00832366943359375 -0.0582504272460938 0.00142669677734375 0.0861282348632813
0.03173828125 -0.0554084777832031 -0.0271568298339844 0.0476875305175781
0.0795059204101563 -0.0318679809570313 -0.016082763671875 0.00397014617919922
0.0837936401367187 0.00974273681640625 0.0382804870605469 -0.0306396484375
0.07183837890625 0.0280303955078125 0.144119262695313 -0.0031585693359375
0.001953125 -0.047027587890625 -0.149795532226563 0.00875854492187503
-0.0291614532470703 -0.0204219818115234 -0.0542144775390625 0.0258407592773437
-0.0364151000976563 0.00374603271484375 0.0196094512939453 -0.0137557983398438
-0.0146980285644531 0.0203571319580078 0.0348854064941406 -0.0575828552246094
-0.00508499145507812 0.0194320678710938 0.0137939453125 -0.100143432617188
-0.000966072082519533 0.0152368545532227 -0.0509414672851563 -0.114334106445313
-0.00762081146240234 0.0167341232299805 -0.0988388061523437 -0.0626602172851563
-0.0109748840332031 0.0172910690307617 -0.096282958984375 -0.0292510986328125
-0.0125589370727539 0.0167808532714844 -0.0952682495117188 -0.0096435546875
-0.0200214385986328 0.00314903259277344 -0.089263916015625 -0.0137786865234375
-0.0209255218505859 -0.00326919555664062 -0.0671615600585938 -0.000957489013671865
-0.0237922668457031 -0.00572013854980468 -0.0607337951660156 0.0204849243164063
-0.0223655700683594 -0.02581787109375 -0.072509765625 0.03594970703125
-0.0144920349121094 -0.0416831970214844 -0.0969619750976562 0.0894775390625
0.00203704833984375 -0.0548553466796875 -0.134063720703125 0.103012084960937
0.0693321228027344 -0.0613594055175781 -0.137077331542969 -0.00710296630859378
0.0283203125 -0.0352973937988281 -0.0453224182128906 0.0142097473144531
0.0123710632324219 -0.0326919555664063 0.0265369415283203 -0.0250244140625
0.00965499877929688 -0.0183677673339844 0.0380287170410156 -0.066497802734375
0.00207710266113281 -0.024383544921875 0.019073486328125 -0.104972839355469
-0.0153636932373047 -0.0225887298583984 -0.0455398559570313 -0.114822387695312
-0.0380516052246094 -0.0102272033691406 -0.0916595458984375 -0.0655899047851563
-0.0462074279785156 -0.00717163085937499 -0.0861053466796875 -0.0316543579101562
-0.0519256591796875 -0.00188446044921876 -0.0860748291015625 -0.00803375244140626
-0.0488700866699219 -0.0243682861328125 -0.080047607421875 -0.00804901123046874
-0.0406494140625 -0.0432777404785156 -0.0621910095214844 0.00341415405273436
-0.0283241271972656 -0.0538864135742188 -0.059814453125 0.0218162536621094
0.00854492187500001 -0.075439453125 -0.0666847229003906 0.028076171875
0.02996826171875 -0.0758209228515625 -0.0839462280273438 0.0787506103515625
0.06549072265625 -0.0847244262695313 -0.11358642578125 0.0900344848632813
0.128196716308594 -0.0677566528320313 -0.104415893554687 -0.0244674682617188
0.0873260498046875 -0.046051025390625 -0.0228004455566406 0.00355720520019531
0.0643768310546875 -0.0702705383300781 0.0406265258789063 -0.0324172973632813
0.0361557006835938 -0.0611839294433594 0.0440597534179687 -0.0720672607421875
0.008392333984375 -0.0712356567382813 0.0236587524414063 -0.10174560546875
-0.0294952392578125 -0.0609207153320313 -0.035003662109375 -0.10406494140625
-0.0645408630371094 -0.0362167358398438 -0.071502685546875 -0.0594253540039063
-0.0757675170898438 -0.0306015014648438 -0.0632057189941406 -0.0294036865234375
-0.0843353271484375 -0.0183029174804687 -0.0636444091796875 -0.0052947998046875
-0.0723037719726563 -0.0457382202148437 -0.0578727722167969 0.000949859619140631
-0.0590286254882813 -0.07513427734375 -0.0493736267089844 0.0117912292480469
-0.0353317260742188 -0.0927505493164063 -0.0565185546875 0.0262870788574219
0.0313491821289063 -0.118057250976563 -0.0613288879394531 0.0196266174316406
0.0669174194335938 -0.103408813476563 -0.0680618286132813 0.0569076538085937
0.116416931152344 -0.104927062988281 -0.0767059326171875 0.0666656494140625
0.166976928710938 -0.067901611328125 -0.0530128479003906 -0.0417861938476563
0.132865905761719 -0.0561904907226563 0.011408805847168 -0.00998497009277344
0.105232238769531 -0.106063842773437 0.0563735961914063 -0.0378189086914063
0.0524368286132813 -0.102119445800781 0.0498886108398438 -0.0709915161132813
0.00743865966796875 -0.111534118652344 0.0289993286132813 -0.0882492065429688
-0.044647216796875 -0.0904693603515625 -0.0179443359375 -0.0797348022460938
-0.0839309692382813 -0.0552215576171875 -0.0409584045410156 -0.045928955078125
-0.0944976806640625 -0.048431396484375 -0.0313491821289063 -0.0228252410888672
-0.104080200195313 -0.0320663452148437 -0.0316162109375 -0.000915527343750001
-0.083953857421875 -0.061492919921875 -0.0278854370117188 0.0122928619384766
-0.0679855346679688 -0.0960845947265625 -0.0321731567382813 0.0221843719482422
-0.0378265380859375 -0.117721557617188 -0.0489501953125 0.0304756164550781
0.0507659912109375 -0.144607543945312 -0.0552864074707031 0.0100364685058594
0.0956802368164063 -0.116386413574219 -0.0508193969726562 0.0263710021972656
0.150909423828125 -0.10772705078125 -0.0292854309082031 0.0363121032714844
0.178573608398437 -0.0579833984375 0.00574111938476564 -0.0611038208007813
0.154281616210937 -0.05694580078125 0.0502395629882813 -0.0297889709472656
0.125381469726563 -0.123809814453125 0.0695075988769531 -0.0425262451171875
0.0582962036132812 -0.124237060546875 0.0552902221679688 -0.0620498657226563
0.00343322753906249 -0.131065368652344 0.0379371643066406 -0.0647125244140625
-0.0533294677734375 -0.1033935546875 0.00815963745117187 -0.0497665405273438
-0.0905532836914063 -0.0651626586914063 -0.00247001647949219 -0.0297889709472656
-0.0983505249023437 -0.06011962890625 0.00543785095214843 -0.0138483047485352
-0.106895446777344 -0.0448379516601563 0.00458478927612304 0.00616216659545898
-0.0784378051757812 -0.0739669799804688 0.00430679321289062 0.0258750915527344
-0.0582122802734375 -0.107810974121094 -0.0135974884033203 0.0344657897949219
-0.0230865478515625 -0.127464294433594 -0.0406570434570313 0.0323066711425781
0.073486328125 -0.14410400390625 -0.0471305847167969 0.000381469726562489
0.118179321289063 -0.105010986328125 -0.031005859375 -0.00559425354003907
0.16693115234375 -0.0892181396484375 0.022146224975586 0.00768470764160156
0.158767700195313 -0.0395050048828125 0.0621337890625 -0.0800628662109375
0.144683837890625 -0.0460968017578125 0.0830154418945313 -0.053802490234375
0.1201171875 -0.114395141601563 0.0762100219726563 -0.0465164184570313
0.0519790649414063 -0.11810302734375 0.0579948425292969 -0.0498123168945313
-0.000205993652343761 -0.12347412109375 0.0467338562011719 -0.0367851257324219
-0.052520751953125 -0.09674072265625 0.0370140075683594 -0.0197296142578125
-0.082183837890625 -0.0631942749023438 0.0373687744140625 -0.0141372680664063
-0.0874176025390625 -0.0619888305664063 0.0401039123535156 -0.00273513793945313
-0.09375 -0.052032470703125 0.03857421875 0.0175132751464844
-0.0605316162109375 -0.0783309936523438 0.0306625366210937 0.0440902709960937
-0.0349807739257812 -0.106254577636719 -4.95910644531315E-05 0.0497932434082031
0.00216674804687501 -0.118362426757813 -0.033416748046875 0.0352210998535156
0.0929641723632813 -0.11920166015625 -0.0362052917480469 -0.00615692138671876
0.126838684082031 -0.073089599609375 -0.00722122192382811 -0.0290412902832031
0.158187866210938 -0.0538177490234375 0.0720977783203125 -0.0115585327148438
0.113304138183594 -0.0134353637695313 0.103973388671875 -0.0954055786132813
0.110870361328125 -0.024444580078125 0.102775573730469 -0.0762100219726563
0.094390869140625 -0.0814895629882813 0.07550048828125 -0.0484542846679688
0.039520263671875 -0.086639404296875 0.0581436157226563 -0.0365676879882813
-3.05175781249951E-05 -0.0916061401367188 0.0529251098632813 -0.0124778747558594
-0.0395736694335938 -0.0731048583984375 0.0618476867675781 0.00342559814453125
-0.0591354370117188 -0.0517578125 0.070587158203125 -0.00208282470703125
-0.0633049011230469 -0.0540885925292969 0.0676918029785156 0.00850677490234374
-0.0679588317871094 -0.0505256652832031 0.0652580261230469 0.0327072143554688
-0.0358123779296875 -0.07061767578125 0.0470085144042969 0.0662841796875
-0.00883483886718751 -0.0886077880859375 0.00504684448242188 0.0685272216796875
0.0243148803710938 -0.0911712646484375 -0.0281257629394531 0.0401535034179687
0.0963516235351563 -0.0772628784179687 -0.0248336791992187 -0.00538063049316406
0.116348266601563 -0.0310211181640625 0.0173301696777344 -0.0379295349121094
0.125175476074219 -0.0117874145507813 0.114952087402344 -0.0159835815429688
0.0519790649414063 0.0182456970214844 0.124618530273438 -0.104576110839844
0.0630569458007813 0.00540542602539063 0.106925964355469 -0.0907516479492188
0.0587158203125 -0.0339469909667969 0.0695075988769531 -0.0460777282714844
0.0258560180664062 -0.0402297973632812 0.0572509765625 -0.0265655517578125
0.0065460205078125 -0.0453147888183594 0.0568046569824219 0.00330734252929687
-0.0157814025878906 -0.0408859252929688 0.0780715942382813 0.01495361328125
-0.0260677337646484 -0.0336170196533203 0.0909500122070313 0.00490570068359375
-0.0304489135742188 -0.0372657775878906 0.0842437744140625 0.0188751220703125
-0.0363311767578125 -0.039215087890625 0.0826263427734375 0.0486679077148437
-0.01397705078125 -0.0489044189453125 0.0531005859375 0.0871047973632813
0.00662994384765625 -0.0586090087890625 0.00311279296875001 0.0861587524414062
0.0308303833007812 -0.0553779602050781 -0.0270576477050781 0.0482597351074219
0.0782089233398437 -0.0338134765625 -0.0172395706176758 0.00328445434570312
0.0835952758789062 0.0071563720703125 0.0358543395996094 -0.0315055847167969
0.0715179443359375 0.024810791015625 0.142242431640625 -0.0064697265625
0.0015106201171875 -0.0478286743164063 -0.14990234375 0.012237548828125
-0.0296669006347656 -0.0200691223144531 -0.0536079406738281 0.0285224914550781
-0.0362625122070313 0.00437164306640625 0.0206031799316406 -0.0135345458984375
-0.0144481658935547 0.0202598571777344 0.0358352661132813 -0.0586051940917969
-0.00412368774414063 0.0196495056152344 0.0123825073242188 -0.101829528808594
-0.000571250915527345 0.0145015716552734 -0.0545272827148437 -0.11444091796875
-0.00699901580810547 0.016840934753418 -0.101051330566406 -0.0600357055664063
-0.0108737945556641 0.0181312561035156 -0.0976028442382813 -0.026580810546875
-0.012730598449707 0.0171194076538086 -0.0964584350585938 -0.00664520263671874
-0.0202293395996094 0.00304031372070312 -0.0916748046875 -0.0112152099609375
-0.0212421417236328 -0.00246810913085937 -0.0694541931152344 0.000736236572265619
-0.0240058898925781 -0.00484275817871094 -0.0618057250976563 0.0212478637695312
-0.0235080718994141 -0.0256004333496094 -0.0727005004882812 0.0366439819335937
-0.0155067443847656 -0.0419769287109375 -0.095611572265625 0.092315673828125
0.00110244750976563 -0.0553245544433594 -0.133224487304687 0.10833740234375
0.06927490234375 -0.0640792846679688 -0.136955261230469 -0.00407409667968753
0.0286674499511719 -0.0368843078613281 -0.0447998046875 0.0164222717285156
0.01129150390625 -0.0334091186523438 0.0279598236083984 -0.0249233245849609
0.00961685180664062 -0.0188140869140625 0.0384445190429688 -0.0674018859863281
0.00211906433105469 -0.02496337890625 0.0174636840820313 -0.106887817382813
-0.0159721374511719 -0.0229873657226563 -0.048919677734375 -0.11553955078125
-0.0393218994140625 -0.0090484619140625 -0.0934906005859375 -0.0636367797851562
-0.0475692749023437 -0.00588226318359376 -0.0871124267578125 -0.0286483764648438
-0.0528793334960938 -0.000473022460937504 -0.0873947143554687 -0.00489807128906252
-0.05023193359375 -0.0236740112304688 -0.0821762084960938 -0.00528717041015624
-0.0423355102539063 -0.042877197265625 -0.0641899108886719 0.00478363037109376
-0.0293693542480469 -0.0536460876464844 -0.0604476928710938 0.0230560302734375
0.00638580322265625 -0.0765533447265625 -0.0670356750488281 0.0289268493652344
0.02911376953125 -0.0774917602539063 -0.0824432373046875 0.0813751220703125
0.06414794921875 -0.0869140625 -0.112655639648437 0.0945281982421875
0.128738403320312 -0.072540283203125 -0.103790283203125 -0.02203369140625
0.0870285034179688 -0.0493927001953125 -0.0215892791748047 0.00566291809082031
0.06292724609375 -0.0731353759765625 0.0414619445800781 -0.0322074890136719
0.0352096557617188 -0.0631179809570313 0.0446853637695313 -0.0726852416992188
0.00655364990234375 -0.0721206665039062 0.0225601196289063 -0.103782653808594
-0.0313835144042969 -0.0611648559570312 -0.03778076171875 -0.104301452636719
-0.066802978515625 -0.0342521667480469 -0.07318115234375 -0.0580673217773438
-0.0775680541992187 -0.0281524658203125 -0.0636672973632812 -0.0270004272460938
-0.0854034423828125 -0.0162353515625 -0.06427001953125 -0.00239181518554688
-0.0740509033203125 -0.0450515747070313 -0.0602035522460938 0.00360870361328124
-0.0623321533203125 -0.0744476318359375 -0.0515213012695313 0.0135307312011719
-0.0377578735351562 -0.0926742553710937 -0.0571136474609375 0.0273704528808594
0.0283889770507813 -0.120201110839844 -0.0627593994140625 0.0204391479492187
0.0654296875 -0.106040954589844 -0.0669593811035156 0.0590019226074218
0.11468505859375 -0.109207153320313 -0.0756301879882813 0.0701751708984375
0.168228149414063 -0.0738372802734375 -0.0530662536621094 -0.0407447814941406
0.133163452148438 -0.0602569580078125 0.0126180648803711 -0.0091695785522461
0.102813720703125 -0.111114501953125 0.0571174621582031 -0.0378799438476563
0.0513534545898438 -0.104667663574219 0.0503387451171875 -0.0715179443359375
0.00428771972656249 -0.113037109375 0.0286178588867188 -0.0902481079101563
-0.0478286743164063 -0.090606689453125 -0.0196151733398437 -0.0806808471679687
-0.0868148803710938 -0.05303955078125 -0.042236328125 -0.0455474853515625
-0.0974273681640625 -0.0458221435546875 -0.0314884185791016 -0.0219898223876953
-0.106430053710937 -0.0289306640625 -0.0318050384521484 0.00142860412597656
-0.0864486694335938 -0.060791015625 -0.0292396545410156 0.0139389038085937
-0.0718841552734375 -0.0956878662109375 -0.0335979461669922 0.02435302734375
-0.0403366088867188 -0.118385314941406 -0.0497474670410156 0.0320205688476562
0.0473480224609375 -0.14727783203125 -0.057464599609375 0.0114631652832031
0.0943984985351563 -0.119537353515625 -0.050811767578125 0.0279006958007812
0.14990234375 -0.11285400390625 -0.0289154052734375 0.0385971069335937
0.179306030273437 -0.0643157958984375 0.00637817382812501 -0.0618782043457031
0.154556274414063 -0.0618743896484375 0.0505561828613281 -0.0297126770019531
0.12298583984375 -0.129180908203125 0.0703964233398438 -0.0423965454101563
0.05609130859375 -0.126976013183594 0.0560226440429688 -0.06231689453125
-2.28881835937602E-05 -0.132789611816406 0.0381202697753906 -0.0657958984375
-0.0570526123046875 -0.103538513183594 0.008270263671875 -0.0505905151367188
-0.0937881469726563 -0.0629501342773438 -0.00278472900390626 -0.0305118560791016
-0.101692199707031 -0.0569610595703125 0.00534820556640624 -0.013463020324707
-0.109161376953125 -0.0416107177734375 0.00475311279296874 0.00739336013793945
-0.0815277099609375 -0.0732421875 0.00320434570312499 0.0262413024902344
-0.0616302490234375 -0.107696533203125 -0.0146827697753906 0.0360870361328125
-0.0258331298828125 -0.127761840820313 -0.0413665771484375 0.0335617065429687
0.069976806640625 -0.148117065429687 -0.0492324829101562 0.00116348266601561
0.117019653320313 -0.109100341796875 -0.0318145751953125 -0.00497817993164063
0.165451049804688 -0.094696044921875 0.0226688385009766 0.00826644897460937
0.159622192382813 -0.0445709228515625 0.062774658203125 -0.0819320678710938
0.145217895507813 -0.0503082275390625 0.0835952758789063 -0.055084228515625
0.116798400878906 -0.1192626953125 0.0773086547851563 -0.0470199584960938
0.0506439208984375 -0.120384216308594 0.0595054626464844 -0.0498695373535156
-0.00391387939453125 -0.124847412109375 0.0474777221679688 -0.03814697265625
-0.0559310913085937 -0.0963668823242188 0.0383796691894531 -0.0206985473632813
-0.0851516723632813 -0.0615081787109375 0.0375404357910156 -0.0157928466796875
-0.0905075073242188 -0.0595474243164062 0.0402755737304687 -0.00313568115234375
-0.0959243774414063 -0.0486297607421875 0.0390510559082031 0.0174751281738281
-0.0632095336914062 -0.0774765014648438 0.0308647155761719 0.0438385009765625
-0.0378341674804687 -0.105964660644531 -0.000869750976562498 0.0516510009765625
-0.00037384033203124 -0.119041442871094 -0.0336799621582031 0.0367965698242187
0.090057373046875 -0.12286376953125 -0.0385398864746094 -0.00643157958984376
0.127281188964844 -0.0770645141601563 -0.00848770141601561 -0.0293598175048828
0.1583251953125 -0.0587615966796875 0.0727005004882813 -0.0121917724609375
0.113868713378906 -0.0170364379882813 0.103836059570313 -0.0988235473632812
0.111106872558594 -0.02789306640625 0.10284423828125 -0.0785446166992188
0.092132568359375 -0.0849380493164063 0.076019287109375 -0.0487594604492188
0.0383224487304688 -0.0884170532226563 0.05889892578125 -0.0373611450195313
-0.00305175781250001 -0.0920639038085938 0.0544853210449219 -0.013397216796875
-0.0424346923828125 -0.072540283203125 0.0643959045410156 0.00165939331054687
-0.0619049072265625 -0.0505523681640625 0.070892333984375 -0.00469970703125
-0.0656929016113281 -0.0523490905761719 0.0678901672363281 0.00696182250976562
-0.0702323913574219 -0.0487136840820312 0.0664215087890625 0.03216552734375
-0.0383110046386719 -0.0701828002929688 0.0484619140625 0.0657119750976563
-0.0112838745117188 -0.0894546508789062 0.00542449951171875 0.0699195861816406
0.0225372314453125 -0.0928115844726563 -0.0288963317871094 0.0418243408203125
0.0953292846679687 -0.0800933837890625 -0.027191162109375 -0.00541496276855469
0.116874694824219 -0.0335235595703125 0.0157432556152344 -0.0386962890625
0.126457214355469 -0.0155410766601563 0.115402221679688 -0.0177001953125
0.0534324645996094 0.0170936584472656 0.124298095703125 -0.109298706054687
0.0636100769042969 0.0035400390625 0.105583190917969 -0.093231201171875
0.05859375 -0.0359992980957031 0.0700950622558594 -0.0466651916503906
0.0257759094238281 -0.0412673950195313 0.0580635070800781 -0.0267753601074219
0.00477218627929687 -0.0460891723632812 0.0585060119628906 0.00239181518554687
-0.0172958374023438 -0.0404891967773438 0.0805282592773438 0.01324462890625
-0.027374267578125 -0.0330104827880859 0.092041015625 0.0011749267578125
-0.0319709777832031 -0.0363731384277344 0.08538818359375 0.0166015625
-0.0374374389648437 -0.0374107360839844 0.0834503173828125 0.0473480224609375
-0.0152740478515625 -0.0490608215332031 0.055511474609375 0.086883544921875
0.00537109375 -0.0593757629394531 0.0040283203125 0.0872116088867188
0.0303993225097656 -0.0566940307617188 -0.0276565551757812 0.0495262145996094
0.0774307250976562 -0.0361709594726562 -0.0192489624023437 0.00299072265625
0.084716796875 0.0050048828125 0.03460693359375 -0.0328807830810547
0.0725326538085938 0.02337646484375 0.14306640625 -0.0089111328125
0.000267028808593749 -0.0491256713867188 -0.1519775390625 0.01776123046875
-0.0307693481445313 -0.0196533203125 -0.0531234741210938 0.0314979553222656
-0.0376777648925781 0.00606918334960937 0.0218296051025391 -0.0138015747070313
-0.0142536163330078 0.0210456848144531 0.0360870361328125 -0.060791015625
-0.00290489196777344 0.0199546813964844 0.00969696044921876 -0.105926513671875
-0.000531196594238282 0.0151500701904297 -0.060546875 -0.115791320800781
-0.00733852386474609 0.0175561904907227 -0.1048583984375 -0.0572280883789063
-0.0107936859130859 0.0191497802734375 -0.100189208984375 -0.0226287841796875
-0.0128631591796875 0.0181350708007813 -0.099090576171875 -0.002288818359375
-0.0213909149169922 0.00367355346679687 -0.0959548950195313 -0.00727081298828126
-0.0218524932861328 -0.00232124328613282 -0.072265625 0.00290679931640626
-0.024627685546875 -0.00461006164550781 -0.0635566711425781 0.0226020812988281
-0.0252666473388672 -0.0260353088378906 -0.0738601684570313 0.0382308959960938
-0.01739501953125 -0.0424232482910156 -0.0941238403320312 0.0977630615234375
-8.01086425781298E-05 -0.0563278198242187 -0.133102416992188 0.116073608398437
0.0694923400878906 -0.0689544677734375 -0.139251708984375 0.000228881835937521
0.0280265808105469 -0.0388450622558594 -0.0439262390136719 0.0194168090820312
0.00982284545898438 -0.0352134704589844 0.0288963317871094 -0.0252189636230469
0.00906944274902344 -0.0199851989746094 0.0388908386230469 -0.0698165893554687
0.001312255859375 -0.0256938934326172 0.0146560668945313 -0.111175537109375
-0.0175933837890625 -0.0236225128173828 -0.054656982421875 -0.1165771484375
-0.0412139892578125 -0.00765609741210937 -0.0971908569335938 -0.0612106323242187
-0.0486679077148437 -0.0034027099609375 -0.0893707275390625 -0.0251388549804687
-0.0545158386230469 0.0020294189453125 -0.0895843505859375 -0.00101470947265625
-0.0526657104492188 -0.0228538513183594 -0.0862350463867188 -0.00148773193359376
-0.0449371337890625 -0.0425186157226562 -0.067230224609375 0.00763702392578124
-0.0321578979492187 -0.0538597106933594 -0.0621795654296875 0.0249290466308594
0.0033111572265625 -0.0789566040039063 -0.0689773559570313 0.0307197570800781
0.027069091796875 -0.080413818359375 -0.08074951171875 0.086212158203125
0.0630569458007813 -0.091217041015625 -0.111968994140625 0.101646423339844
0.130363464355469 -0.07928466796875 -0.105125427246094 -0.0189590454101562
0.0875244140625 -0.054473876953125 -0.0202884674072266 0.00807571411132812
0.0605239868164063 -0.0777359008789063 0.0431556701660156 -0.0325546264648438
0.0338783264160156 -0.0657539367675781 0.0452804565429688 -0.0748443603515625
0.0041656494140625 -0.07440185546875 0.0204315185546875 -0.108039855957031
-0.0346412658691406 -0.0626220703125 -0.0418853759765625 -0.105209350585938
-0.0701026916503906 -0.0327911376953125 -0.0765380859375 -0.0566558837890625
-0.0812225341796875 -0.02545166015625 -0.0652580261230469 -0.024688720703125
-0.0888290405273437 -0.0128097534179688 -0.065826416015625 0.000972747802734386
-0.0781173706054687 -0.0437545776367188 -0.0628128051757812 0.00709152221679687
-0.0667877197265625 -0.0738983154296875 -0.0541000366210938 0.0160331726074219
-0.0419769287109375 -0.0938186645507812 -0.0583152770996094 0.0297698974609375
0.0237045288085938 -0.12420654296875 -0.0646438598632813 0.0224876403808594
0.0633392333984375 -0.111343383789063 -0.0658912658691406 0.0627021789550782
0.114387512207031 -0.115821838378906 -0.0747222900390625 0.0753555297851563
0.169754028320313 -0.0828399658203125 -0.0535354614257813 -0.0397682189941406
0.13427734375 -0.06732177734375 0.0141115188598633 -0.00844097137451172
0.100517272949219 -0.118087768554688 0.0587959289550781 -0.0384063720703125
0.0494308471679688 -0.109283447265625 0.0511016845703125 -0.073516845703125
-0.00019073486328126 -0.115577697753906 0.0273208618164063 -0.0941009521484375
-0.0523452758789063 -0.0911026000976562 -0.0215072631835938 -0.0819854736328125
-0.09173583984375 -0.0510406494140625 -0.0442695617675781 -0.0452613830566406
-0.102066040039062 -0.0421066284179688 -0.0325050354003906 -0.0202960968017578
-0.109954833984375 -0.02508544921875 -0.0324211120605469 0.00370979309082031
-0.0909042358398438 -0.0596466064453125 -0.0308837890625 0.0159244537353516
-0.0772476196289062 -0.09490966796875 -0.0352287292480469 0.0265998840332031
-0.045257568359375 -0.120201110839844 -0.050628662109375 0.0345191955566406
0.042388916015625 -0.152801513671875 -0.0598793029785156 0.0132484436035156
0.092498779296875 -0.126304626464844 -0.0506973266601562 0.0302963256835937
0.149826049804688 -0.121734619140625 -0.0282173156738281 0.0417747497558594
0.1815185546875 -0.07305908203125 0.00637817382812502 -0.063385009765625
0.155960083007813 -0.0692596435546875 0.0518112182617188 -0.0313644409179688
0.120124816894531 -0.136940002441406 0.0721588134765625 -0.0436630249023438
0.0540084838867187 -0.132064819335937 0.0572242736816406 -0.0644264221191406
-0.00542449951171875 -0.135948181152344 0.03790283203125 -0.0690422058105469
-0.06280517578125 -0.103767395019531 0.00820541381835937 -0.0519371032714844
-0.0987548828125 -0.0610275268554687 -0.00376510620117188 -0.0315589904785156
-0.106338500976562 -0.0535202026367188 0.00534915924072265 -0.0133905410766602
-0.113265991210938 -0.037322998046875 0.00506067276000976 0.00843191146850586
-0.08587646484375 -0.0722122192382813 0.00283432006835937 0.0275192260742187
-0.0679473876953125 -0.107635498046875 -0.0163993835449219 0.03814697265625
-0.0306472778320313 -0.130485534667969 -0.0423507690429688 0.0365066528320312
0.0655059814453125 -0.154647827148438 -0.0523490905761719 0.00214385986328123
0.116325378417969 -0.115966796875 -0.0326499938964844 -0.00414085388183594
0.166717529296875 -0.103271484375 0.0229740142822266 0.00895118713378906
0.161788940429688 -0.0518951416015625 0.0632781982421875 -0.08642578125
0.146438598632813 -0.0569915771484375 0.084564208984375 -0.0578536987304688
0.114646911621094 -0.126876831054688 0.0788726806640625 -0.0483779907226563
0.0479660034179688 -0.124900817871094 0.0604896545410156 -0.052032470703125
-0.00935363769531251 -0.12689208984375 0.048583984375 -0.0406112670898438
-0.0613555908203125 -0.0964431762695312 0.0399932861328125 -0.0234298706054688
-0.09027099609375 -0.0594100952148438 0.0377388000488281 -0.0182380676269531
-0.09521484375 -0.0560226440429688 0.0411796569824219 -0.00419998168945313
-0.0997848510742187 -0.0463104248046875 0.0403861999511719 0.0178260803222656
-0.0682296752929688 -0.0778732299804687 0.0322036743164063 0.0442390441894531
-0.0431060791015625 -0.107490539550781 6.86645507812525E-05 0.0534248352050781
-0.00405883789062499 -0.122329711914063 -0.0342330932617188 0.0392837524414062
0.0870590209960938 -0.129096984863281 -0.0417251586914062 -0.00542831420898439
0.127548217773438 -0.083343505859375 -0.0102577209472656 -0.0293598175048828
0.159683227539062 -0.0664215087890625 0.07366943359375 -0.0135955810546875
0.116104125976563 -0.0217742919921875 0.104156494140625 -0.105079650878906
0.112716674804688 -0.0321502685546875 0.103462219238281 -0.082366943359375
0.0911865234375 -0.0909500122070313 0.077545166015625 -0.0510406494140625
0.0367889404296875 -0.0917129516601563 0.0605239868164063 -0.0389900207519531
-0.006744384765625 -0.0942916870117187 0.0573081970214844 -0.0150680541992188
-0.0463638305664063 -0.072784423828125 0.0675048828125 -0.0011749267578125
-0.0654182434082031 -0.0488433837890625 0.0723419189453125 -0.00815582275390625
-0.0695228576660156 -0.0504150390625 0.0692901611328125 0.00526809692382812
-0.0734024047851562 -0.0462799072265625 0.0687408447265625 0.0308761596679687
-0.0416259765625 -0.0708694458007813 0.0507850646972656 0.0655403137207031
-0.015106201171875 -0.0909271240234375 0.00665283203125 0.0726089477539063
0.0206069946289063 -0.0960235595703125 -0.0294837951660156 0.0437736511230469
0.0939407348632813 -0.08563232421875 -0.0300216674804687 -0.00539016723632813
0.118682861328125 -0.0386505126953125 0.0140419006347656 -0.0400123596191406
0.12847900390625 -0.0204696655273437 0.117019653320313 -0.0205841064453125
0.0548591613769531 0.01544189453125 0.124732971191406 -0.116081237792969
0.0647735595703125 0.0018157958984375 0.105903625488281 -0.09857177734375
0.0582389831542969 -0.0387954711914063 0.0711135864257813 -0.048828125
0.0253067016601563 -0.0424346923828125 0.0596046447753906 -0.0285491943359375
0.00269317626953125 -0.0465431213378906 0.0620651245117188 0.000972747802734372
-0.0195579528808594 -0.0404853820800781 0.0847320556640625 0.0100631713867188
-0.0289878845214844 -0.0331592559814453 0.0944595336914063 -0.0027618408203125
-0.0340652465820313 -0.0356597900390625 0.0867843627929688 0.0139389038085937
-0.0396003723144531 -0.03692626953125 0.0867919921875 0.0454330444335938
-0.0175819396972656 -0.0496139526367188 0.0584335327148438 0.0868377685546875
0.00366592407226563 -0.0615005493164063 0.00635528564453124 0.090362548828125
0.0294075012207031 -0.0591468811035156 -0.0280990600585938 0.0515480041503906
0.0780258178710938 -0.039703369140625 -0.0213069915771484 0.00305938720703125
0.087066650390625 0.00246429443359375 0.0328559875488281 -0.0345706939697266
0.0746307373046875 0.0213165283203125 0.145034790039063 -0.01275634765625
-0.0236039551684636 0.0217647573711886 -0.0963791114682493 -0.11520828862996
0.00829218660310712 0.0333438967985053 -0.0502311285477291 -0.0353417443678836
0.0261600812093495 0.0295472005392244 0.0281951532639846 0.00498795897375509
0.0259983139472293 0.00324961837843639 0.0707528322113255 -0.00367246975503376
0.0168136707878433 -0.00228374468686744 0.101366910843962 -0.0534160560496381
0.0161776481538235 0.00353754843738123 0.073464787273055 -0.109674521264704
0.0260471125758501 0.000108330536407574 0.0147588695404065 -0.123020066730631
0.027861689607827 -0.00440524994547826 -0.0284282721790249 -0.108506285150527
0.0300326530538024 0.00251966393104284 -0.0414218144766172 -0.0963945242869363
0.0233859258099821 0.0131977244819497 -0.040114131297503 -0.0885851170315154
0.0173873701269565 0.0182084350182579 -0.0373351639774943 -0.0692514847722289
0.0155355081334672 0.0228644606949984 -0.0496145361327552 -0.0506435998662576
0.00703886702324477 0.0354206061382234 -0.0693631217055102 -0.040458851690715
-0.0160086707920007 0.0338624951790315 -0.128358084963326 -0.0286669806201394
-0.0380197951502023 0.021771701471393 -0.169804122267516 -0.0247716473359298
-0.0785520762463466 -0.021250253733101 -0.0774805619859396 -0.102794584179823
-0.0470152858128389 8.06878522663333E-05 -0.0384773794212849 -0.0201874637413736
-0.0374764226644957 0.0171071476351748 0.0469290654587952 0.0211308194732247
-0.0264607916752614 0.0133154448388521 0.0887513495563591 0.0057403821565572
-0.0199468476982168 0.0294747515469732 0.116129394909051 -0.0494881210725962
-0.00299626957865492 0.0419016506297484 0.084225676679631 -0.104477234281086
0.0215723396491633 0.0441818446757249 0.0281149520487503 -0.117394329999661
0.0365604416099889 0.0383901926434655 -0.0176298936684874 -0.102098022008932
0.0410462393240303 0.0479255900025092 -0.033957780336078 -0.0889379328791723
0.0221764638240208 0.0552842758851231 -0.0344486110651665 -0.0767373566865353
0.00378414190111797 0.0626951130089654 -0.033260338154954 -0.0603279528361961
-0.0225952381481867 0.0605908238778238 -0.0450088402663573 -0.043041384123569
-0.0494262525168819 0.0555322682319581 -0.0583472960279981 -0.0347532289603867
-0.0721389358864984 0.0242230027855775 -0.113717698323744 -0.016298416358843
-0.0983456356843993 -0.00845176382271388 -0.152524888330774 -0.0134504693453449
-0.123976812282993 -0.0618041701457291 -0.0446869186165496 -0.075867878393889
-0.100967055047707 -0.0366789460358557 -0.0207692981735323 0.00794943061735842
-0.104931543318253 0.00203110720129853 0.0658296988255917 0.0467745330112662
-0.0845519205522987 0.0258011643426804 0.105278214143422 0.0207108128193416
-0.0577200803984786 0.0642931459201217 0.123925688451873 -0.0402460816353656
-0.0223269507226284 0.0788838464473663 0.086628149282039 -0.0872755151063818
0.0145966180799203 0.084130440251685 0.0379277236199443 -0.0963974489427692
0.0400631184348929 0.0757581570448866 -0.00303001691278706 -0.0810871567162403
0.0476310144079857 0.0853927194092488 -0.0215249959787868 -0.0669125367888449
0.0208492427367486 0.0888591168407969 -0.025271103357877 -0.0528207722501439
-0.00461439192051726 0.100053946484936 -0.0300208014486984 -0.0424413733238389
-0.0506895181056057 0.0942241075005837 -0.0422667184280362 -0.0323199551536266
-0.0945782159204273 0.0755060907710216 -0.0481018310844357 -0.0312323733878563
-0.118526142445928 0.0164064227367702 -0.0884676811317806 -0.0101934110862742
-0.145161884124078 -0.033454716952217 -0.115326191358828 0.0018702763219662
-0.15310283851597 -0.0889375411029502 0.000187919922998578 -0.0384518677764218
-0.144398297537083 -0.063740818658319 0.00753590005205827 0.0416951123222562
-0.163619175817426 -0.00584349245219998 0.0845876439806596 0.072564629884482
-0.133973412930466 0.043881357873786 0.116775132480869 0.0370494145444872
-0.084638065751576 0.0974931830522119 0.121563615496914 -0.0253723268715595
-0.0346384618421563 0.108220711618302 0.0807964878008477 -0.0587059971392917
0.00837653230267493 0.113030195791323 0.043405703711535 -0.0618619956520889
0.0399992401194209 0.101844326099832 0.0114957511906894 -0.048069335477091
0.0472777217376814 0.109550132407314 -0.00688102085466044 -0.0351108005020192
0.0149705993538934 0.109538099733569 -0.0144186464370787 -0.0204498340339793
-0.0136411845424995 0.122039271590452 -0.027190780135443 -0.0179158398017387
-0.0715194139318233 0.113717087689368 -0.0397974448318705 -0.0201829026884518
-0.127559509669316 0.0854333093455005 -0.036036101397126 -0.0297772539741581
-0.148648376023059 0.00522660169483748 -0.0549431894630756 -0.010320318702572
-0.168980989702292 -0.0560987013102311 -0.0650229186503302 0.0173814662068207
-0.15861044985922 -0.0990393176325071 0.0529754050602061 0.000114347818616135
-0.163006533865372 -0.0765195722684405 0.0460413931277077 0.069300369991881
-0.19296536019928 -0.0101500530481977 0.0989954750837051 0.0893003263292619
-0.157753284485367 0.0557390121937254 0.116713515316925 0.0514422003923122
-0.0967242683376981 0.114284074272294 0.107911641870142 -0.000800081109711402
-0.0401510964003218 0.120863343889426 0.0706652992151446 -0.0182211200409557
0.00111385733898063 0.123659598894386 0.0478944391198072 -0.0177931097451352
0.0318908345033849 0.112622107834031 0.0243434704738613 -0.00842896700938266
0.0358800234340328 0.118747499627438 0.00646596648757365 0.00266158596276167
-2.78569541466366E-05 0.114693338231336 -0.00664515627385324 0.0158318443784063
-0.0306055427398499 0.122946309188111 -0.0278368913150027 0.0084636685888028
-0.0904960590512355 0.107452397435117 -0.0380177405295902 -0.00795642705550138
-0.14651074126664 0.0715084679185371 -0.024996225455064 -0.0276353060298563
-0.156771323288104 -0.0164136383784348 -0.0192399428502093 -0.0124904142846646
-0.166385907925411 -0.0762356562439064 -0.0101667761255346 0.0349699600869859
-0.137018227392611 -0.0910066974518506 0.104593661679918 0.0303897905300776
-0.149979850468178 -0.0740124059164818 0.0874711282506121 0.0827152122427421
-0.181359180912063 -0.0113629231652373 0.10554379874813 0.0899075045241733
-0.148211106682744 0.0542160868453116 0.105383094817351 0.057872111103067
-0.089496302514728 0.107156576678582 0.0866588927451567 0.0250327252409241
-0.0383819086821571 0.11142136293004 0.058671709104531 0.0241258213705642
-0.005078817927027 0.114278065252349 0.0492608761722809 0.0275643068860814
0.0199117003780304 0.106342460341286 0.0334626196419249 0.0312318768559984
0.0184626217441334 0.110789141768534 0.0130451996844968 0.0410785100728226
-0.0188259309373963 0.102978264338139 -0.00778658803122277 0.0511449244278297
-0.0483415135177999 0.104158607656484 -0.0365153440556442 0.0331182235890831
-0.100920677944331 0.0790910192659958 -0.0407077089943515 0.00197518194758191
-0.146832916391284 0.0391161716258184 -0.0159782195904724 -0.0234154323705371
-0.140400165737813 -0.0431573259124147 0.0114147848680881 -0.0095816360260428
-0.136286132977901 -0.0884983641368818 0.0382017290366625 0.0559237981874133
-0.0914339033629956 -0.0683063153731606 0.144308109672627 0.0463006371260674
-0.107694539598124 -0.0598235590873292 0.120266831187227 0.0780304102760256
-0.136488280810773 -0.0137335411873928 0.101310623571524 0.0777930005322837
-0.110885511909382 0.0384825001899061 0.0861669164712242 0.0574461491593167
-0.0681439208845719 0.0783084244968553 0.0628792056042274 0.0470837383358614
-0.0321030840942483 0.0816221607255141 0.0470938852243136 0.0592116239270914
-0.0113470088650821 0.0862448463570766 0.0483902282888094 0.0649176090051363
0.00544070369488586 0.0833466121309744 0.0366656627782792 0.0650634226447132
0.000454955858100778 0.0869423641720357 0.010549082809256 0.0751844468927628
-0.0319229660876273 0.077626019671333 -0.0199001769393448 0.0789218088164769
-0.0561783541779383 0.0714050149048163 -0.0543758820509397 0.0506859906879039
-0.0945587084849858 0.0399711698757086 -0.0486377012779834 0.00836211979004606
-0.123395026224015 0.00207183092824406 -0.0129720943636132 -0.0161561873345673
-0.102342614947839 -0.0637407619726973 0.030763026935415 0.0011471093014821
-0.086668433814601 -0.0861949565801018 0.0729502116642108 0.0795610411468023
-0.0296667078429193 -0.0370078947129838 0.165384790309974 0.0456678568579899
-0.0489402634598969 -0.0418324933615576 0.137557288890119 0.0600798335899036
-0.0726984165874358 -0.0178223506948844 0.0877538341487179 0.0585977994680927
-0.0603856013937834 0.012255377857365 0.0644153880400017 0.0529793829609694
-0.0425466841446384 0.0342843520906988 0.0427181872232426 0.0617267786144466
-0.026364337237049 0.0385459043193738 0.0389857570314426 0.0819946705600595
-0.018753062335576 0.0445197610202866 0.0457551605997573 0.0893114878172828
-0.0089363398370454 0.0475917463136701 0.0339012293150465 0.0887808486227371
-0.0128403930810273 0.0506716850189317 0.00144587528233957 0.0997279208724416
-0.0317134421734641 0.0433837347349744 -0.0385301962030609 0.0956562726779837
-0.047557946079742 0.0360171640513991 -0.0755474871807377 0.05832369855388
-0.0687254605252363 0.00866167117182248 -0.0602665282170093 0.00999919729591459
-0.0817883523748249 -0.0224478376539181 -0.0177724399888234 -0.00893847225457832
-0.0529756675831919 -0.0653097983845315 0.037063259857861 0.0141542577803455
-0.0280632438131177 -0.0672043110977336 0.0893765800670823 0.101138048607833
-0.0231573734330357 0.0230669146878278 -0.103292551701394 -0.108741182219648
0.0097170359306223 0.0331406024680036 -0.0534041185665187 -0.0303671655177792
0.0283771745843782 0.028688979021022 0.0286295260335385 0.00476273448265359
0.0264825969690312 0.00169129276375115 0.07167421111328 -0.006974130609288
0.0158124482503171 -0.00300826779644065 0.0992564779744342 -0.0600439750527505
0.0169034789461233 0.00302702069000219 0.0663328508102927 -0.11524798122185
0.0264966520072058 -0.00154827228021761 0.00683014893146541 -0.123501347050166
0.027991045807244 -0.00648368941143188 -0.0359133215186294 -0.106040847889054
0.0309438546942578 0.000601050750908262 -0.0491599289974164 -0.0943003801788903
0.0242986524288546 0.0118084321474521 -0.0473809450287894 -0.086734151689872
0.0187308294246885 0.017357172656673 -0.0430574752707963 -0.0688737846647963
0.0171477995557475 0.0222942120060162 -0.0532413570065934 -0.0490130933141841
0.00976337117542896 0.0354026863111926 -0.071643332139905 -0.0377727379909134
-0.0139422852709645 0.0352536216926857 -0.129657372064474 -0.0207494197200191
-0.0370530127596551 0.0239072119993953 -0.173241254596106 -0.0143977506447651
-0.0815468097902135 -0.0159090296210911 -0.0833488346424292 -0.0971980388095557
-0.0477773998583533 0.00313603725665042 -0.0401032159095451 -0.016411524345201
-0.0362358557144254 0.0200244372639153 0.0482987503774768 0.0198272789000881
-0.0261336647118204 0.015252983391291 0.0897775465224866 0.00160015923473119
-0.0185729847612472 0.0317913226840177 0.11427574530854 -0.0576871097766613
-0.000306498932737318 0.0428675277019051 0.0777743728777127 -0.1104729961237
0.0252503971319442 0.0432956798509529 0.0198974173281677 -0.119391799587693
0.0392664450745953 0.0360428761904876 -0.0239593787823772 -0.10030162389153
0.0449485428823762 0.0448133282629092 -0.0410507108923356 -0.0860561793714664
0.0258553187333382 0.0546170717732663 -0.0412176950278069 -0.0753633500336229
0.0079966604361244 0.0631338232315293 -0.0381901115519966 -0.0598382603288395
-0.0189415424350619 0.0623963299037245 -0.0478445809951405 -0.0416877543662778
-0.0457471060768619 0.0595151802691256 -0.0606514239087293 -0.0326226556015401
-0.0716882475143739 0.0286013828324701 -0.114961798135 -0.00897013091934946
-0.0998678234221739 -0.00218119679363383 -0.155327771052868 -0.00357408505236597
-0.12948467687639 -0.0538350861976154 -0.0483571008472373 -0.0725100254687567
-0.103853381685632 -0.0307579386187974 -0.0208294076967642 0.0113653787157202
-0.105337710128293 0.00937703016972957 0.0685762482509622 0.0452739425618949
-0.0839800537015967 0.0314378137025337 0.10756771903873 0.0163422772329667
-0.054058590529345 0.0686430043300934 0.122990386113405 -0.0483442281450835
-0.017273883492686 0.0815073051515409 0.0814507496701475 -0.0932425740455614
0.0207884368000308 0.0840215261928401 0.0315956278512065 -0.0986698119145949
0.0462842116533046 0.0731822949282576 -0.00870048173313273 -0.0800202236874019
0.0541261528385774 0.0821156362480103 -0.0272117176934741 -0.0655174548069077
0.0269995710623394 0.088503551017964 -0.0304923207067822 -0.0517478824590835
0.00198068454796202 0.10087468619964 -0.0344984073487022 -0.0422508706399234
-0.0450984064820193 0.0981440326552677 -0.0444855796176505 -0.0309488056608807
-0.0899010318889557 0.0827169341593281 -0.0497762515211505 -0.0304681530872701
-0.118824829230918 0.0239825949892092 -0.0889569474914344 -0.00440296181759042
-0.148537672787894 -0.0241041937705509 -0.116573507397162 0.00946053842788703
-0.16133837647772 -0.0785939077964054 -0.000761993224025137 -0.0371381182684712
-0.149596284069688 -0.0547758797862503 0.010194611470516 0.0433138668297909
-0.164772497977964 0.00561170909299574 0.0890466698679773 0.0703877512432222
-0.13242528432405 0.0529947455134711 0.119730493517686 0.0316766373366261
-0.0792489722373682 0.103645685384289 0.121471377691537 -0.0330818721786219
-0.027600500723208 0.112125435642798 0.0783112476076551 -0.0639167228092012
0.0164775267906497 0.112981285305813 0.0395107970213436 -0.06479967485205
0.0478535299202727 0.0992324345602813 0.00797763146538805 -0.0480237026537955
0.0557862017635698 0.106631135119268 -0.0103362814760042 -0.0346215503194192
0.0224544588653125 0.109850260384139 -0.0173046823553065 -0.0202056683716608
-0.00523898105413774 0.12396495987399 -0.0305523517543998 -0.0180562219196096
-0.0647849784097337 0.119632490359337 -0.0412386842938987 -0.0190416486559608
-0.122070955949508 0.0950565470105522 -0.0385268617343167 -0.029215679702359
-0.15013450591546 0.0148498840064279 -0.0559642992785623 -0.00687739415134681
-0.174916014635153 -0.0449226474455916 -0.0646338014004141 0.0226249272501348
-0.167459930115586 -0.0891276240771023 0.0550392540519724 -0.00205642038989946
-0.169651929374774 -0.0665917626789233 0.050338925514709 0.0687903698807885
-0.194289246180305 0.00324612131641156 0.104077230776331 0.0860255391086434
-0.156043759652164 0.0660112741146211 0.120718548230253 0.0465859746735343
-0.089366758138421 0.121631118291278 0.109337003575874 -0.00737151894906957
-0.0323548088631464 0.12474080949881 0.0711537144284502 -0.0226852821023516
0.0104093569763388 0.124315422418504 0.0465728678686815 -0.0209272608218541
0.0407207968069278 0.110511706674193 0.0238494721766946 -0.00985371823978444
0.0446702309126893 0.116572892246391 0.00613927376589066 0.00258907104658761
0.00744778258609291 0.116200626516088 -0.00666320891396261 0.0157352739878822
-0.0223948356297653 0.1260492967894 -0.0291547832653804 0.00924502805795812
-0.084657244023967 0.114718409612769 -0.0389351202600117 -0.00707227084728745
-0.14240065512311 0.0824673044670889 -0.0272217389521154 -0.0278026710725236
-0.159035681019103 -0.0066901609347274 -0.0203460440551589 -0.011384153197769
-0.172796759025194 -0.0654790896247464 -0.00875738435330287 0.0369430330252717
-0.144657953872514 -0.0819357107680317 0.108198489025107 0.0252339163410121
-0.154874538633329 -0.0646283612604028 0.0924332489737977 0.0788195931249118
-0.182891331463445 0.00112359093222661 0.111510746038912 0.0861248383788675
-0.146042110846 0.0641429260527236 0.109727920128882 0.0541224161304576
-0.082063503726532 0.114054921079104 0.0894705503343115 0.0202110624521612
-0.0310963142143331 0.114518674944438 0.0615925540134536 0.0208789495914676
0.00346207787448312 0.115284122485983 0.0509799810333596 0.0237887389045381
0.0283418263795213 0.104770178291455 0.0349427175073007 0.0291620471429146
0.0269351245433766 0.11001095667298 0.0149018915412102 0.0403555400735497
-0.0119778483013362 0.105425546872283 -0.00570811403048267 0.0511128879502366
-0.0410970536841053 0.107742144584779 -0.0360353934471275 0.035045538785211
-0.0967940902236342 0.0865325389231199 -0.0411425330135878 0.0034349666644809
-0.144736485614473 0.0493874424448646 -0.0183621021125039 -0.0237367814339911
-0.144243535772955 -0.0342536117597638 0.0106191684907579 -0.0103016554272666
-0.142641987433021 -0.0799752309086031 0.0414349386806354 0.0540822377606202
-0.0970674653692014 -0.0619604873397962 0.149320841580701 0.0379169897652308
-0.111848423506102 -0.0535041425000415 0.125384197771367 0.0722968963517925
-0.138194855449257 -0.00475110504441277 0.106208566814445 0.0738245501199332
-0.109874093987103 0.0451883071875443 0.0893663333080615 0.0543443594076119
-0.0629708214647958 0.0834394719117308 0.0668642599184812 0.0445891195437333
-0.0270350988462267 0.0839397222648765 0.0528132754472127 0.057821306609619
-0.00473424542467406 0.0871127870388441 0.0532897163508114 0.0613458357848831
0.0116130294647759 0.0828404113461857 0.041085426730729 0.0628508766475258
0.00675203746549187 0.0870368641399957 0.0148697995074372 0.0745640050144692
-0.0270187665170855 0.0803731925296532 -0.0159062907383821 0.0798682989980667
-0.0515399211415615 0.0760015800853823 -0.0526278253883478 0.0538838012074437
-0.0932110466515458 0.0464417142575849 -0.0491619277618432 0.0101118027783146
-0.124238350052874 0.00999731741002465 -0.0146293202417571 -0.0166612308976815
-0.107241922313595 -0.0571403178389267 0.0305469135027318 -0.0010877599346037
-0.0929396721271595 -0.081444272270425 0.0773324762925499 0.075653021094934
-0.0324827545335585 -0.0348012226731136 0.170454245199974 0.0359818156543993
-0.0515330056812354 -0.0390887595398579 0.141678647354218 0.0521892042746392
-0.0747503549059152 -0.0128952479497858 0.0910313265637498 0.0553625580831225
-0.0601912939039729 0.0157868099438277 0.067748683973031 0.0509757131287803
-0.0395217347042653 0.0370039653785973 0.047596596336566 0.0607667754598494
-0.0237410877783621 0.0406264808837275 0.0460842458880205 0.0804673999727114
-0.0155268667732647 0.0458030452215893 0.0522419360202904 0.0862417652142018
-0.00520080689751313 0.0483842059167233 0.0401362465048425 0.0860885199523216
-0.00944363266163008 0.0516304270595709 0.00764855961745062 0.099604990390917
-0.0294272407768117 0.0456765491112243 -0.0327312657689344 0.0981405912572798
-0.0450312394094278 0.0395458258692264 -0.0736311266075825 0.0627764411249984
-0.0693916057637055 0.0128438963666937 -0.0606606046371236 0.0122806312772621
-0.0833109419955835 -0.0175429705075497 -0.0187693796654075 -0.00938020102782517
-0.0567700821062193 -0.0618706839611471 0.0377980456512553 0.0110936947650615
-0.0322621521375341 -0.0650384262299578 0.0952256483328531 0.0966188197203101
-0.0219337264279247 0.0247128065431475 -0.107258800902132 -0.10066593441476
0.0106605272548356 0.0321880880508154 -0.0541171015022153 -0.0255224543661905
0.0294203153403635 0.0269329674670586 0.0287917074527978 0.00471000903735837
0.0262719131332721 0.000580967678613864 0.0710646782356494 -0.00934951765560781
0.014763700673165 -0.00354736515758883 0.0947168315489647 -0.0645684713617482
0.0166701677850909 0.002414285753637 0.0583113026047627 -0.117353756852985
0.0264001401610621 -0.00308650482275401 -0.000193036419027817 -0.120979361632568
0.0270213558176336 -0.0081240455462114 -0.0406807273450104 -0.101440119098007
0.0305152620205011 -0.00149086585355026 -0.0547363655012652 -0.0902468918289231
0.0253659063624531 0.0103508606587897 -0.0531036782382905 -0.0832246640299584
0.0198402843807969 0.0161716732848566 -0.0470936778814032 -0.0663636908582357
0.0181105522608423 0.0210455755319158 -0.0548992060225554 -0.0468473969443408
0.011918416688945 0.035217925804258 -0.0720784310086627 -0.0352041226819335
-0.0120589840197437 0.03516019693385 -0.127632045976892 -0.0136937964790989
-0.035442806115885 0.0256813428529434 -0.172052671107044 -0.0045167796076979
-0.0820645722378601 -0.0103864443368592 -0.0857130864491067 -0.0905998664923634
-0.0474670264829215 0.0055398344756167 -0.0406723831912024 -0.0120568537968813
-0.0345895209735796 0.0223599272748732 0.0485101840246813 0.0188459801507298
-0.0254033965759117 0.0165476480738869 0.0894387598401866 -0.00109015782973976
-0.0173286806972389 0.0326320349913133 0.109786461273549 -0.0629449062173552
0.00216904807682111 0.042871475370652 0.0699664714430744 -0.11293725080114
0.027820929860093 0.0414251575100354 0.0128954971251051 -0.117759504962535
0.0413132283917649 0.0326959053130802 -0.0291982237294159 -0.0961290910046209
0.0473656086245232 0.0411571918196787 -0.0463878403490775 -0.0826000697201257
0.029130527652303 0.0524636370908758 -0.0463430595683579 -0.0722325698252084
0.0119584126310543 0.0620205388683264 -0.0427375823662102 -0.0580583358439428
-0.0155282793250444 0.0630073353917357 -0.0497270964731836 -0.0397564476196227
-0.0410894981624089 0.0619170576565066 -0.0613632684621882 -0.0306128608451688
-0.0695554905652555 0.031709668216873 -0.112554410396167 -0.00256831694406506
-0.099136381871231 0.00374395114865386 -0.153779833689501 0.00550385346087363
-0.132129357707198 -0.044555157925591 -0.05005137653493 -0.0674644826575022
-0.10444446141495 -0.0242616622279122 -0.0197510932755989 0.0141768174865922
-0.102973184161477 0.0163052802323104 0.0700529154774127 0.042642033146451
-0.081246458521999 0.0358320603674818 0.107391575934876 0.0123951910161844
-0.049947512389157 0.0709083905984472 0.118616589364838 -0.0543512575383213
-0.0127288263049284 0.0821053524949611 0.0752286429838437 -0.0957384710704124
0.0260776737745325 0.0810432333518605 0.0252563538903257 -0.098205871061147
0.0505505998264121 0.0687288398352833 -0.0126227818598163 -0.0772057210287716
0.0589707476711145 0.076863825345811 -0.0313185697820721 -0.0618737244006765
0.0320479393548528 0.085885137295674 -0.0341402611516126 -0.0493577452608485
0.00803837282087027 0.0994776300361752 -0.0378042419873824 -0.0407996499699587
-0.0388991191066436 0.0996942413636246 -0.0459895899963437 -0.0300759466516132
-0.0831131741605106 0.0875101441982459 -0.0510285209826639 -0.0285138531499361
-0.116325837251903 0.0303620342752558 -0.0869817013250433 0.000414830080864107
-0.148352832839818 -0.0156219848647578 -0.115106224249244 0.0164977938508378
-0.164343397457466 -0.067768787302195 -0.00140876095478407 -0.0351345275175658
-0.150682624039305 -0.0453641690047156 0.0121114307351837 0.0440705351859665
-0.161382314009592 0.0161568414861016 0.0912753156522379 0.0665947707419853
-0.128393528348269 0.0599049232303125 0.119995836028252 0.0273361053379765
-0.0717462468821889 0.106974757865798 0.118247344179921 -0.0392387519841574
-0.0210051049771582 0.112486365447405 0.0740028099643852 -0.066715844632909
0.0237377374281799 0.110040246982639 0.034702141191187 -0.0658285163469651
0.0538295518417087 0.0941867811693121 0.00520978621327746 -0.0473655404249265
0.0619799216356856 0.100903409262138 -0.0124580819455663 -0.0327555937612006
0.0282642851796454 0.1076028726463 -0.0197249337012891 -0.0190879512849212
0.00224858081110384 0.121891105801588 -0.0327375653749107 -0.0166198238920163
-0.0572961377040676 0.12137630582927 -0.0420935783301026 -0.0175784691421801
-0.114152544400282 0.10092532214295 -0.0400742205570582 -0.0277836008836695
-0.147748666071175 0.0228542637865697 -0.0546903393258586 -0.00335760202661441
-0.175799716810869 -0.0342206304913564 -0.063382826033584 0.026570925941522
-0.170689346319064 -0.0773070124196892 0.0551148069989632 -0.00398646115121922
-0.170026916234662 -0.0558665425253123 0.0535275391126018 0.0662049721217861
-0.190409901510293 0.015409097922847 0.106774869270447 0.0814392278258919
-0.150945787067904 0.0742069561033738 0.121056004601988 0.0420198335497602
-0.0810496701875665 0.124608797009632 0.10758746113066 -0.0131583593102671
-0.0246559034050207 0.125303042235913 0.069544043313893 -0.0256038994959787
0.0182287822088699 0.122035429497354 0.0440534700079474 -0.0237183868910554
0.04763231485456 0.105590326382865 0.0225842221145782 -0.010263881290447
0.0520827338296063 0.11102901536282 0.00526958127143112 0.00279730736265316
0.0142176312279945 0.11436809232104 -0.00702517266656126 0.0155253964812801
-0.0141812631284617 0.125067153808929 -0.030168714425912 0.010227262599805
-0.0768691075077662 0.118212147049806 -0.039090684602913 -0.00614360049554157
-0.13468548778038 0.0896460579660717 -0.0292734084850955 -0.0275619519844322
-0.157808187657259 0.0025895723757734 -0.0207074356640852 -0.00997266880015749
-0.174577969128082 -0.0548096219065698 -0.00732273614145687 0.0372656085663752
-0.147875353543046 -0.0722466626536648 0.10866798180515 0.0193673299782453
-0.156020830063151 -0.0551428695063759 0.0950025788494722 0.074093985643531
-0.179737090091321 0.0116369160410765 0.113299258981761 0.0810985913825512
-0.14089822137768 0.0711744238916412 0.110916600069705 0.0498119658307913
-0.0736267341876611 0.116782225122588 0.0898044347251149 0.0155071259727244
-0.0237136058499044 0.114905363787243 0.0633939582639111 0.0178018016980099
0.0113285755985848 0.113498970084263 0.0516560394578912 0.019955017435472
0.0346994171802157 0.100863932151111 0.0363049674718731 0.0270706309386612
0.0335030951301883 0.105850398067664 0.0165793540194621 0.0393406771075038
-0.00557019230196862 0.105253159462566 -0.00345952019992749 0.0501307724781727
-0.0341464626134798 0.108686442500654 -0.0352444941504604 0.0361021509728066
-0.0911405510742558 0.0911507722046716 -0.0413530779102656 0.00416891161678352
-0.139037651932795 0.0570468426847888 -0.0196528402018715 -0.0238969497845206
-0.144162364861321 -0.0258300406816639 0.009646444531521 -0.0104131809523312
-0.145938749846701 -0.070252771966585 0.0430378460339866 0.0517751429957933
-0.0997177049147779 -0.054589162155636 0.149785437308292 0.0294818946616343
-0.113080314820552 -0.0464911078433098 0.127045760292873 0.0650323978121889
-0.13605691111122 0.00382569725320679 0.107693296094021 0.0685882877256816
-0.106275316017692 0.0507571931033911 0.0911828117979865 0.0508810414156751
-0.0569656840720594 0.0851899676325904 0.0689940925052061 0.0409233006321168
-0.021632836149046 0.0845558663365126 0.0568468803082487 0.0544008979015884
0.00100117402597681 0.0860978883609801 0.0559554288179763 0.056576697030184
0.0173174990427469 0.080227702380588 0.0432904528125052 0.0591519334379079
0.0120820629201018 0.0847041145774139 0.0188140311104486 0.0721525894272472
-0.0221835421112567 0.0814389949937418 -0.0111894333826246 0.0792549569077661
-0.0464091394146228 0.0775903485683841 -0.0500202990063372 0.0556765019184192
-0.0901989960238859 0.0515540070173677 -0.0484560931504293 0.0112948132697019
-0.121122855224288 0.0173101021265224 -0.0163370137456726 -0.0170228206621015
-0.108675559175954 -0.0504201666171166 0.0297245130650653 -0.00308091610880622
-0.09613528317696 -0.0745094869636807 0.0801325389979625 0.0709126066469399
-0.034231441968401 -0.0322547266088639 0.17069714929623 0.0262350849343688
-0.0524016350404919 -0.0356117827472237 0.141631201943586 0.0437337011253482
-0.0740615525430621 -0.00868227600165845 0.0918619012038465 0.0510420786494781
-0.0591735723019394 0.0185477665936424 0.0693600854605956 0.0483413136784808
-0.0368535052130302 0.0385976029996751 0.0508713882621851 0.0581720508184103
-0.0208662246237219 0.0411633113913908 0.0513444504324551 0.0770336437769948
-0.0122851282514513 0.0462833729850605 0.0570956839486869 0.0810282167390246
-0.00200821505496797 0.0474257390340978 0.043964306881397 0.0822400060804652
-0.00556736674466774 0.0510842684673209 0.0130604568818535 0.0965957649198958
-0.0264227010591677 0.0474789163060143 -0.0269318094669739 0.0979363032834763
-0.0422629140369589 0.0415866489024924 -0.0696095568864543 0.0660537389575719
-0.068547052971895 0.0169707849865396 -0.0595332124470845 0.0143889226940318
-0.0830686785009648 -0.0124543091411539 -0.0197438709405685 -0.00900579606720958
-0.0591931453777662 -0.0577380933369726 0.0373578316293424 0.00816074020462581
-0.0352216158383692 -0.0622767388940956 0.0986342719804269 0.0902797323931001
-0.014122449230113 0.0317120475688906 -0.131962916471473 -0.0587897428029982
0.0203538997753806 0.0265542468168829 -0.0600997012499704 -0.00476535467690056
0.036729319385547 0.0142186892520793 0.0263546520372854 -0.00271113131348099
0.024706530946048 -0.00872985622118043 0.0639549603332 -0.0294256064832057
0.0123406581545232 -0.00814858926416043 0.0667622750873418 -0.0901249254947811
0.0167269267481798 -0.00456045199791476 0.0133508061394367 -0.126739463957563
0.0234152307030093 -0.0126904754085455 -0.0423351593834691 -0.110367192970835
0.0211352678291666 -0.0165085412602593 -0.0706635411426245 -0.0773790425653379
0.0271056762049314 -0.0116793405534168 -0.0801717879735868 -0.0634564908510355
0.0267900452898076 0.00128623532890368 -0.0778546677299549 -0.0590298824352931
0.0236594424745055 0.00810869004379767 -0.066605270365049 -0.0458794044184541
0.0238975821687431 0.0136534647057114 -0.0662322141224313 -0.0267278870233712
0.0227866228011626 0.0289094341978851 -0.0777706339565833 -0.0116072671358419
0.00109982443618222 0.0367541959143819 -0.120440161913746 0.0274164409309326
-0.0243889903480836 0.0345175152128906 -0.158077356069915 0.0491295120387928
-0.0826914339686482 0.0199639761872971 -0.10568385726885 -0.057163384895355
-0.0431467861850987 0.0232193630675275 -0.0393778947993775 0.00156914370857893
-0.0233557229983819 0.0330065297360407 0.0511112834693595 0.000246160638461457
-0.0165048636921039 0.0248563906978302 0.0834999295811112 -0.0312628433162033
-0.0040654411454984 0.0352983554616278 0.0799496758976 -0.0950248380075953
0.0174437112798822 0.0375502202777583 0.0245498644612576 -0.127958229067119
0.0402826340631015 0.0278494552601767 -0.0301645276859056 -0.112530590209133
0.0476309632935884 0.015491240932003 -0.0591916410161419 -0.0764436339508519
0.0569838810384765 0.0214068912516003 -0.0707158317210896 -0.0589441871226549
0.0442786464931071 0.0391126790082472 -0.0683885479956197 -0.0518416888001526
0.0317423726346124 0.0525771523896574 -0.0606890894030459 -0.0405429493144936
0.00691268082309479 0.063556707084833 -0.0586667483277781 -0.0232838302927818
-0.0170718593867887 0.070753347787295 -0.0653242256043567 -0.0105981560785924
-0.0531668898038605 0.0529145050438337 -0.102508319639539 0.0332892369040898
-0.0909078931012353 0.0349579356805252 -0.137659411107378 0.0548027574613934
-0.141550903437618 0.00579304722642221 -0.0626198215657535 -0.048806449032527
-0.106423265981029 0.0154866503626627 -0.00897549824112834 0.0170592713672266
-0.0883394154985093 0.0515955836699665 0.0802491435761046 0.0122925103253868
-0.0612167711571175 0.0627799428529807 0.104620534253525 -0.0277629823098837
-0.0202969641479183 0.0817562401573314 0.0898238660344798 -0.0922139418009216
0.0169073794051247 0.0786777850654879 0.0343290470443897 -0.1148504934722
0.052961094061069 0.06609340352059 -0.0128972753803854 -0.100606847453156
0.0680313010298161 0.0447713139845407 -0.03898587602026 -0.0644984257291615
0.0795126105672729 0.0499243163879131 -0.0506900372253254 -0.045300169132389
0.0579785033855226 0.0694462500078479 -0.0509393537355644 -0.0356125471090405
0.0407448975265355 0.0879177020442985 -0.0516927639977205 -0.0266900414408649
-0.00282811605578468 0.104910146126631 -0.0523135095779607 -0.0162590694270214
-0.047410954473046 0.10793864622405 -0.0545089542518171 -0.0119323942505617
-0.0972614515927383 0.0670501225640857 -0.0772623466734125 0.0292142582677961
-0.143557987400458 0.0330282041676872 -0.0979263854065491 0.054642677119579
-0.179459443396591 -0.00415537566674116 -0.00567609306775232 -0.0359393471297167
-0.156765764498233 0.011722902190085 0.0324101782567658 0.0334735670495059
-0.142362756009258 0.0718217342060706 0.109082801330143 0.0246946205224715
-0.0955765479794356 0.102353913501878 0.121141164244282 -0.0203606046951716
-0.0280058076557374 0.121668605175984 0.093072067009281 -0.0788172377500671
0.0196135923237397 0.109261296924782 0.042543888249173 -0.0881017877285334
0.0604328880287317 0.0939254367172732 0.00684262838996352 -0.0748790610265485
0.0794735722525269 0.0667574889562485 -0.0131244806932234 -0.0435733152939985
0.0901904821871152 0.0701975312452698 -0.0240415346135392 -0.0244487990093078
0.0619129767063155 0.089494330210036 -0.0274868813678644 -0.0124462648538474
0.0428704522345574 0.110440572140674 -0.0392466659033379 -0.00712791484404911
-0.0127905004399691 0.131021247836605 -0.0450373950765301 -0.00681851487034775
-0.0716387059455713 0.130078507584313 -0.0442161723911444 -0.0143980760877417
-0.128303701496735 0.0710276564701467 -0.0491579396393347 0.0159271801942491
-0.175197521582377 0.0243277817810948 -0.0474606881100774 0.0491070220132063
-0.188395377649867 -0.0112966251290695 0.0577714066610793 -0.0255147745161432
-0.177932490687027 0.00905691470112205 0.0786364404764059 0.0399472647828333
-0.169067408445504 0.0815962700438925 0.128936284449075 0.0313982410498849
-0.111086929756302 0.122928948791571 0.126188720470799 -0.00852196306534285
-0.0305228026220634 0.141395733081148 0.0923218488206767 -0.0520199492939361
0.0204064265616599 0.122820867938959 0.0523975740953612 -0.0494415575469355
0.0597142844685662 0.107011476754052 0.0304469511452597 -0.0400831856997015
0.0778468412046914 0.0788407278099467 0.014687276784387 -0.0166969717040072
0.0848677970584996 0.0831442339776041 0.00398845587660184 0.00142388072233261
0.0510212101259597 0.10068223259965 -0.00424094525376855 0.0151374831883401
0.029147200919138 0.118815951497704 -0.0277661120137056 0.0164764504551425
-0.0316593729242611 0.134532648491953 -0.0385876842336062 0.00299513279844716
-0.0938519684251399 0.126586567028013 -0.0330874571048968 -0.0175208840119452
-0.144992436254821 0.0555689603843911 -0.0198491862868404 -0.000561880160316969
-0.180861630641239 0.00541971125059434 0.00641209140940984 0.0422483466025727
-0.164272784244545 -0.0150387644819032 0.114438925500425 -0.0208925311632208
-0.164060136934751 0.00468137411139822 0.119300838817797 0.0335581049787166
-0.160413016219194 0.0743759941919346 0.134899748389535 0.0293077920798213
-0.103273281764899 0.117064970874074 0.119173601603678 0.00258384523211829
-0.0269264247909778 0.13207184116822 0.0848882813810107 -0.0192734517891709
0.0176942294224618 0.113630779782291 0.0616593194364799 -0.00771454827602421
0.0503292272786795 0.10171978325041 0.0523133594490383 -0.0027877595674886
0.0649861959355395 0.079001452477209 0.0400609714725579 0.0121699261843811
0.0662761908519391 0.0845713768635247 0.0260814999719286 0.0307121995090033
0.0299716459631615 0.0986937740642887 0.0108098883997325 0.0451998895589685
0.00498837525742735 0.110737119588296 -0.0231680740404014 0.0413955299518093
-0.0540514589833213 0.114506049607518 -0.0359933439195142 0.0136754763026259
-0.108306899050073 0.0979430706242752 -0.0239032110017053 -0.0167848025802164
-0.141736226449241 0.0247224708921462 0.0069729669225758 -0.0106948234518532
-0.158905985150126 -0.0186598415277828 0.0560211030683608 0.0396043297620113
-0.11264059763072 -0.0165430165306683 0.153869092867447 -0.0236921634069873
-0.120511772725575 -0.00370976165519769 0.144478913841454 0.0162108702463027
-0.124024719576484 0.0511505195146297 0.125228883252237 0.0222410964139974
-0.0790014143288245 0.0851365489266114 0.101504683083212 0.0121498795705522
-0.0222943525356568 0.0972383876419722 0.0752509854855398 0.0127801075545911
0.00938987911551506 0.084946352411845 0.069328917497428 0.0290891292166051
0.0309289794428316 0.0802388143530081 0.0703705696732486 0.0296985185169524
0.0422532768500494 0.0668194428497939 0.0578454913720944 0.0391123522488684
0.0397708367355876 0.0728835812884685 0.0391396796135894 0.0596666916073356
0.00773919975867847 0.081958190516322 0.0140617767111044 0.0742904424066049
-0.0166097420423803 0.0863529662795601 -0.0287014807338257 0.0644800833246909
-0.066453499484021 0.0775293737988702 -0.0406721785332258 0.0236829576100241
-0.104959229906367 0.0550863811473802 -0.0190151248071966 -0.0108248352040923
-0.117318158473665 -0.010087867869188 0.0265885153835307 -0.010465641302074
-0.114390154255573 -0.0387363357289934 0.0944090503662125 0.0443893909626592
-0.0428429494057741 -0.0189977473185937 0.169654503181012 -0.0318273900169214
-0.0604093515260728 -0.0157184108364391 0.149008075745521 -0.00595769280036593
-0.0705155411690667 0.017981087965727 0.104634384190165 0.0146542319141539
-0.0472518800558008 0.0386817188894315 0.0810925157824738 0.0198622644826963
-0.0198418619689773 0.0479120609333265 0.0661909448448276 0.0358674363126419
-0.00439006108459121 0.0456663739622198 0.0736995597266991 0.0525318327288112
0.00506905871380655 0.0475005124284141 0.080147519912066 0.0526425181752131
0.0141078742409208 0.0440500527134085 0.0669144089934738 0.0587479762626583
0.011693840530302 0.0483785579001441 0.0428650452778547 0.0837055215869111
-0.00753689880340309 0.0519575146402189 0.00652955927043654 0.0973009575528415
-0.0249469238340719 0.0520066277265944 -0.0421366685107272 0.0814591310552016
-0.0579544159470638 0.0382651741289461 -0.0503259876428165 0.0305424740677057
-0.0798770260947753 0.0149857915412182 -0.0203113317291105 -0.0022714490198233
-0.074120340644591 -0.0335237766874476 0.036093832073217 -0.00263736806345774
-0.0533855043228566 -0.0470661710387438 0.116387482116394 0.0547589549178714
-0.0130164657035348 0.0321798414581768 -0.130274873386802 -0.0555698547542974
0.0199186452293994 0.0264493594658044 -0.0584662442754867 -0.00209997269911883
0.0368724009494144 0.0137448278176199 0.0266406323443285 -0.00203551316789189
0.0240901673528591 -0.00914321957060724 0.0635504757814403 -0.0295554522221357
0.0122082113856922 -0.00730012306864066 0.0650854907530192 -0.0899163782669454
0.016829970992082 -0.00456052759874411 0.010628305749934 -0.125430619579166
0.0229355556431691 -0.0130852026747621 -0.0436552972708247 -0.107113716231824
0.0203375649782807 -0.0169160886098754 -0.0707782672328487 -0.0744816691573467
0.0262653287626509 -0.0122712806885658 -0.0813713576429208 -0.0607325843015234
0.0272219759056358 0.000939844372790675 -0.0794064260247395 -0.0565527515274603
0.0235922414096157 0.00784291661893267 -0.0678797718144916 -0.0449078470520233
0.0238108688259144 0.0130541246239557 -0.0665882170629787 -0.0261358087968221
0.0235976099542589 0.0285366500469691 -0.0771112789076687 -0.0117168037466325
0.00148130683942314 0.0364462253069032 -0.117597671282153 0.028519087012984
-0.0234246198432626 0.0351226722907425 -0.156092176536331 0.051907640933267
-0.0818516946016799 0.0221577081471558 -0.103928009647321 -0.0545311186849541
-0.0428405791885412 0.0239362800238152 -0.0380948358870642 0.00390314864970249
-0.02230003486974 0.0335261132369384 0.0513183816291993 0.000608878438176279
-0.0166463147369704 0.0254709334749986 0.0833147375160211 -0.0311038394170783
-0.00354855844831273 0.0361559874360722 0.0777173714217892 -0.0954198852662383
0.0182962546101568 0.0371870031647268 0.0219224454134246 -0.126394926977495
0.0406908538811625 0.0264803547598926 -0.0316881893068557 -0.109927810683593
0.0474181706254917 0.0136986014432654 -0.0592861705325973 -0.0735745036385529
0.0567735189622185 0.0196461031795585 -0.0713679546995004 -0.0562131766554339
0.044764245062025 0.0378634929185957 -0.0701689318803647 -0.0492960530267274
0.0326453713122739 0.0513234453401257 -0.0622757400255374 -0.039283120326327
0.00804932492690449 0.0631949938786844 -0.0591938271299757 -0.0226951338033478
-0.0147177808560798 0.0705065291052717 -0.0656017955985526 -0.0102694014860301
-0.0521975016513279 0.0536591895645381 -0.0995098196556704 0.034564068556382
-0.0896313210098812 0.0365908482320707 -0.135483925951428 0.0571526464099774
-0.140400251704546 0.00970805493529284 -0.0606530431833784 -0.046732831903585
-0.105751925557239 0.0178211732083969 -0.00769905501153539 0.0188938962938168
-0.0856936474813338 0.0534992989599875 0.0802192647846485 0.0123962706246461
-0.0595849651047394 0.0641047521842796 0.104090248436242 -0.0274350450734213
-0.0186920926004553 0.0817077835869078 0.0878897779919563 -0.0925308272641407
0.0189967065799272 0.0781102072177908 0.0320066760806595 -0.114076412485621
0.054190230204047 0.0639580348137305 -0.014780946566973 -0.0976333443341736
0.0682709592171278 0.0420691626840411 -0.0392000993801263 -0.0622030370905403
0.0795996168115512 0.0465125388118177 -0.0511846629135383 -0.0428569385160164
0.0590075768938634 0.067560506214096 -0.0524510552688413 -0.0333257706564121
0.0423686752057825 0.0857180136668019 -0.0535452895868895 -0.0252937218783749
-0.000630456041197869 0.104245235256939 -0.0528355710359186 -0.016170920828391
-0.0437529197168827 0.107530188154166 -0.0549354201424347 -0.0119563067769697
-0.095752240881557 0.0681290494038689 -0.074862361261232 0.0301183424028413
-0.141825462281352 0.0361588299963388 -0.0963477832733649 0.0567070625313933
-0.17813470968146 0.000680284325442604 -0.00436075705457998 -0.0350484727577384
-0.155304138099851 0.0153094591408582 0.0336047082128295 0.0339763162403545
-0.138881687938539 0.0745173036005551 0.108875904503665 0.0247903225991299
-0.0929359132307444 0.103520099380341 0.12018065472765 -0.0201157142799051
-0.0253977427737165 0.121114895798932 0.0907017533053951 -0.0796502939770813
0.0222504809372016 0.108395298582213 0.0405778708684934 -0.087593645529245
0.0626387406191166 0.0910040947317629 0.0052969712861229 -0.0728943576940306
0.0802526150153461 0.0629644669950723 -0.0134900063675011 -0.0421176208708337
0.0905022320532011 0.0660946137362841 -0.0245582971518709 -0.0225852382329093
0.0636021759532974 0.087732754087932 -0.0284958112369496 -0.0114047545768725
0.0454673060817109 0.108157274535867 -0.0409811434078218 -0.00623479164340846
-0.00943163599062519 0.13040391025219 -0.0455946740343782 -0.00713900299612272
-0.0671030098038864 0.131069150127468 -0.0445787146448678 -0.0148172520130718
-0.126486842237456 0.0730205450106816 -0.047158449757962 0.0164244633901668
-0.173431555661552 0.0281115422331404 -0.0461014893878909 0.050419095858011
-0.186501624646119 -0.00575298703874923 0.0578037137801853 -0.0259393410519894
-0.176219535233563 0.0125174463340881 0.0789788878458572 0.0400183040108741
-0.164935672137482 0.0843528448038886 0.128562705681797 0.0310370839244764
-0.10752634046251 0.124361182238601 0.126109000381548 -0.00847685819521534
-0.0266571334219717 0.140185175827413 0.0904942077880966 -0.0525330058873551
0.0230723476855537 0.12135443506926 0.0515602840716293 -0.0496125046548013
0.0622942368101477 0.103699050697917 0.0287732649763685 -0.0389347336492578
0.0793910459033546 0.0755389374345065 0.014965750795096 -0.0164448937258797
0.0855841805936019 0.0788714711368211 0.003719209440369 0.00217940028906005
0.0532635887324908 0.0989129100223996 -0.00534825852707789 0.0149420727277993
0.0312510925903242 0.116535180833639 -0.0284425672115481 0.0170247040530861
-0.0283128448954564 0.134466371877076 -0.0388444418423234 0.00206214787173826
-0.089389317062811 0.127599779613164 -0.0343103991072703 -0.0176339162413283
-0.142783091716264 0.0578493177472794 -0.019211383564123 -2.6061881350424E-05
-0.179163558609938 0.00996593083636575 0.00720376303171024 0.0422534049773386
-0.163143698031783 -0.0102376588309885 0.11392101734422 -0.022000951394706
-0.162297563148137 0.00776240093952544 0.119321311368709 0.0326413682156575
-0.156689265137371 0.0767980087968872 0.134517921930194 0.0288383001538064
-0.100756497659498 0.117666602549303 0.119479805787583 0.00264039934457672
-0.0236810160100839 0.131196190716847 0.0844308296634082 -0.0201437845931506
0.020203530549976 0.111996684512188 0.0622478094451355 -0.00838771614936914
0.0520706076522854 0.0992897869423458 0.0521782823417891 -0.00293884211193892
0.0667612122185927 0.0756330333067522 0.0395169680147904 0.0116939736604923
0.0672171371621622 0.080996580540897 0.0267306328332048 0.029877972251874
0.032862291215283 0.0972792956197856 0.010488800995923 0.0441158393171561
0.00783064613738313 0.109063413141414 -0.0230430684516069 0.0415850152626281
-0.0510367143398611 0.11467317221768 -0.0366719420093361 0.0133025780305802
-0.104327377399017 0.0994625413279023 -0.0251564387938483 -0.017011542997748
-0.140386889939902 0.0272374070847243 0.00714760429040305 -0.0106075083572532
-0.158050266611726 -0.0142080691461129 0.0562674026602872 0.0386402632311783
-0.111949684916645 -0.0126090040393164 0.15312995850118 -0.0262310327573014
-0.119246211517992 -0.00192379406947218 0.142699138704263 0.0142072293721146
-0.120920045644253 0.0529843503270543 0.12526718620903 0.021738029557857
-0.0768500223677986 0.0859980012783528 0.101691291199902 0.0121230029480338
-0.0196999205980517 0.0964279611986228 0.0758885651466965 0.0117217293738979
0.0115666241167147 0.0839217454856794 0.0704995160824766 0.0274561549387169
0.0331293192876682 0.0778610842660122 0.0699347122369636 0.0283271843464337
0.0439635803845521 0.064353229342441 0.0579450477828174 0.03721767755469
0.0411675758748409 0.0701182539091761 0.0399736426855873 0.0580190871545356
0.00952909130710575 0.081359173991354 0.0144970235995615 0.0727400893815974
-0.0144093027280536 0.0859070967707353 -0.0280718923863517 0.0643114219586124
-0.0643807475028997 0.0790809518190371 -0.0407339979754752 0.0230013289895786
-0.102398655801611 0.057197511378858 -0.0201315320987786 -0.011167826978713
-0.116143305275692 -0.00780522002661714 0.0258032386934004 -0.0108233116647408
-0.114053396870901 -0.0357879281935119 0.0939982343520035 0.0424001554570036
-0.0423710967339945 -0.0174913059047741 0.167695690695792 -0.0351113077908009
-0.0600606172310905 -0.0148261775506667 0.146815963792487 -0.00816248672112305
-0.0696446260757784 0.0189279773463682 0.104233148405881 0.0138374699426175
-0.046222995205695 0.0389356500292345 0.0811616011505016 0.0198421401192312
-0.0184816110663598 0.0476232373705333 0.0675264972040402 0.0350123278851003
-0.00376297299716084 0.0448256007399155 0.0757263345847956 0.0503969534344356
0.0060009656452064 0.0465287101749863 0.0802234093520356 0.049687549935446
0.0152570174410076 0.0424408788823651 0.0665274522998744 0.056965270816961
0.0130336297507206 0.0467492089193459 0.0436434434984026 0.0819529090261207
-0.0062519823102552 0.0521377762355798 0.00775556928757582 0.0951086721587521
-0.0236679427085701 0.0527199618725734 -0.0403491815900983 0.0806313982195598
-0.057016019773042 0.0395238777424406 -0.0504020877779012 0.0307363890752056
-0.0787313524967531 0.0164570773886137 -0.0215968858668268 -0.00297490142481706
-0.0739747483408819 -0.0320637148920692 0.0346117523238314 -0.00347703350521782
-0.0538088934518972 -0.0453192793274386 0.115815466772125 0.0517087503147497
-0.0128246277675474 0.0323309053725126 -0.130817018050904 -0.0538622627095458
0.0203820086426451 0.0268927124910639 -0.0581795239229605 -0.000200419066971816
0.0371777970258643 0.013044620529847 0.0272914805357448 -0.000877071080712689
0.0238416326651874 -0.00860538620912902 0.0647555947113366 -0.0298062370287089
0.0117229238959335 -0.00662993566451895 0.064690329070835 -0.0916937047213925
0.0165629092136523 -0.00448974963221888 0.00836934412826123 -0.126173760157588
0.0227100510653782 -0.0136373868712516 -0.0446948967744589 -0.106962879724555
0.0196488266483268 -0.0175428729887982 -0.0716512293902623 -0.0735246893919445
0.0262216159776579 -0.0131652763375589 -0.0839550000970554 -0.0587251851464398
0.0272989524166175 0.000228984598952149 -0.0822062619436364 -0.0551619506727018
0.0238017245970211 0.00788073609058128 -0.0704283404983036 -0.0445959158130774
0.0238689116146699 0.0129321686751102 -0.0680444781708636 -0.0263230604030388
0.0246461986758451 0.0285665133320009 -0.0779064595324355 -0.0116199450514584
0.00123304909696153 0.0373009446509821 -0.117101917545621 0.030048253113625
-0.0231605776217462 0.0363720534936591 -0.157463161590318 0.0556286057561518
-0.0821359915988943 0.0243062421358058 -0.10427338039042 -0.0534038173744472
-0.0437363545854226 0.0254770977854072 -0.037524508978319 0.00618760277737864
-0.021232895301019 0.0346762564811759 0.0523282446118971 0.00157068898526212
-0.0163271467581888 0.0262602072111652 0.084767491325026 -0.0310419239243086
-0.00288034362703582 0.0368341736921242 0.0770711464059702 -0.0967564600011007
0.0189833187739242 0.0378897534391058 0.0198062028751812 -0.127293106296746
0.0419754457250248 0.0256703059679909 -0.0333214862883683 -0.108758472170163
0.0478532761691655 0.0123593281164612 -0.059537487700202 -0.0725701341700555
0.0574734545894311 0.0176428930429284 -0.0732815255863566 -0.0546269781720983
0.0463636660690185 0.0372761156063704 -0.0725281560966831 -0.0476867425662874
0.0338770976476738 0.051496405958137 -0.0647119927385744 -0.0389000717373244
0.0092976458220422 0.063224618257398 -0.0603867723639852 -0.0231339385516046
-0.013061099050827 0.0715203762905721 -0.0663328707054139 -0.0106211669994263
-0.0524279350453049 0.0554005731068568 -0.0985334228439241 0.0364956074517329
-0.0902817543649465 0.0392375218407355 -0.136544179569711 0.0606625213701712
-0.141135245183418 0.0137169620390486 -0.0604046724553466 -0.0459338869168421
-0.107173938918051 0.0201513071995306 -0.00646176572187795 0.0211890427277764
-0.0849331229805332 0.0554459296674443 0.082224642732427 0.0133615849713122
-0.0592273670590629 0.0664805097339549 0.105864180093546 -0.0275178799907988
-0.0169805426447473 0.0830543774904757 0.0869959618850469 -0.094359144608614
0.0204666691533927 0.0785325268891044 0.030667136661084 -0.114885649942449
0.0562427093913937 0.0628772594016578 -0.0157934690209443 -0.0973112749825474
0.0690804183079962 0.0400750467245929 -0.0389403831231274 -0.0615238648174427
0.0809541770292748 0.044571900177973 -0.052741268608641 -0.0412069283404827
0.0611215417768299 0.0674234824495916 -0.0545978899020827 -0.0316371273280285
0.0445068763257067 0.0855932191243147 -0.0556406764724423 -0.0247822366275996
0.00110090732458282 0.105055398541347 -0.0539674498555176 -0.0165914043111178
-0.0415208990902661 0.109647165375934 -0.0560370437976191 -0.0121162766903767
-0.0962028865926372 0.0712257299463829 -0.0735738509093782 0.0309997599305708
-0.143060689695116 0.0402783288069144 -0.096511538084028 0.0597065625297018
-0.179429488962852 0.00540010485746134 -0.00288176306292647 -0.0347494251137429
-0.15683747490434 0.0179587708100495 0.0347718695177526 0.03533832928726
-0.137840748300474 0.0776936050743838 0.11107049978579 0.0249743816498168
-0.0928322744844218 0.106291144292541 0.122981918241639 -0.0194864771613991
-0.0232822631545332 0.123118090037881 0.0909618880702945 -0.0809133356302253
0.0248520215008207 0.10946821311084 0.0404862763939718 -0.0884345191695081
0.0654188146736052 0.0898772883861038 0.00447515924533985 -0.0724676644872506
0.0818715202388662 0.0607798369017797 -0.0132784273945296 -0.0416882538093425
0.0925829083852424 0.0635409616454153 -0.0250464528672764 -0.0218720126220358
0.0657899585203321 0.087534302015564 -0.0300799146807007 -0.010558874901519
0.0474747117022247 0.107471064596397 -0.0430256945023779 -0.0050393918580277
-0.00703527867921239 0.13220230014357 -0.0471452167286842 -0.00753551845635769
-0.0644620719226879 0.132838116258311 -0.0464409269673651 -0.0150939653981557
-0.127196599961308 0.076555831469525 -0.0463161422265089 0.0170294298854788
-0.17455190207771 0.032556386850267 -0.0456405024421393 0.0522189797192483
-0.188525788660514 -0.00122374036317263 0.0600272193199011 -0.0266821102715742
-0.177685066865019 0.0153407463500384 0.0808088897003493 0.0401228686409467
-0.163957564313509 0.0882437122121848 0.131224801947773 0.0316948158927323
-0.1070738059556 0.127787120336584 0.128875238824971 -0.00838710353671643
-0.0243476531881833 0.141630957357333 0.0902528950896347 -0.0537831341016238
0.0258578701441107 0.122165732960019 0.0528964964674394 -0.0505828309159821
0.0651595450068445 0.102745535522234 0.0285357291427881 -0.0394025125900259
0.0813615213692913 0.072980347768012 0.0154360720912059 -0.0160709780447936
0.0879473380872067 0.0761025505319554 0.00299875178996904 0.00257299584938872
0.0560189485948967 0.0992774085787671 -0.00555158010226628 0.0151098109946943
0.0339946807837418 0.116583283345377 -0.0300541882300093 0.0176178081679976
-0.0264992034457687 0.136295899504892 -0.0407239362656209 0.00251282412031287
-0.0869409566563036 0.130354894457012 -0.0357902084286446 -0.0181634263107841
-0.143905278007248 0.0610504537990379 -0.0185976401496265 -0.000176432671772478
-0.18102839419715 0.0140392215292782 0.00799852127672118 0.0430609961094698
-0.164353201139677 -0.00607301701436922 0.116147408307563 -0.0239020692287298
-0.163510771859963 0.00987886657702604 0.120977124774754 0.0320344849736768
-0.155659819944529 0.0798110938113887 0.136537797692833 0.029190399643498
-0.100190042868833 0.120714595053766 0.121344573908674 0.00291961660648145
-0.0216302977537003 0.132393770427311 0.0852231616333524 -0.0212055420379064
0.0228009295083356 0.112725943001864 0.0640552153562964 -0.00925297370275365
0.0553638083566242 0.0978609402881904 0.0517397201335309 -0.00345809909417152
0.0681596738963626 0.0737230851704765 0.0405730015378762 0.0118458380950082
0.0697740718433149 0.0791041115664555 0.0269570533660434 0.0300567067579871
0.0353226727082566 0.0980529732535184 0.0108142652561524 0.0443166503559449
0.00961377083996883 0.109565664874268 -0.0239689863242079 0.0420966964742993
-0.049539285855428 0.116865049858973 -0.0382941703242049 0.0128688449387206
-0.103610930992042 0.102730642020896 -0.0263552853776169 -0.0173647374729448
-0.141474555571041 0.0301698378420704 0.00696664796937194 -0.0106609424619617
-0.160165532757915 -0.0112234391047187 0.0572299570944577 0.0387681956922982
-0.112719927290754 -0.0100579135916713 0.155062249410893 -0.0283509295597307
-0.120301347144347 0.000200516632065901 0.144733811722651 0.0132854533227891
-0.119905622186748 0.0551303045742515 0.126422706196241 0.0215348295595599
-0.076840192638391 0.0878137510286321 0.103530877245674 0.0126504621287739
-0.0181754552927518 0.0973717331170259 0.0770575784084778 0.0115385070521395
0.0128807849902326 0.0843514981316689 0.0728030422934875 0.0265426241555337
0.035225144494905 0.0775555822998046 0.0709733623427131 0.0273599154622897
0.0457617749523141 0.0627037474776617 0.0583823455076534 0.0364485168640756
0.042725901063958 0.0686797681242693 0.040637540086584 0.0574505514549668
0.0114460762996587 0.0822212260249884 0.0154225026368186 0.0728296651246309
-0.0128950982116834 0.0867104075448452 -0.0276949137389275 0.0652951754819642
-0.0635059244022379 0.0811492455933768 -0.0426605335395381 0.0230290681949324
-0.101548453556481 0.0593271743586089 -0.021233613201014 -0.0120713684433395
-0.117810497243796 -0.00613671054888426 0.0258927078673614 -0.011185926843517
-0.115963799368877 -0.0334588576428518 0.0953583261945154 0.0416260373563306
-0.042725786507983 -0.0159718355726206 0.169815672990155 -0.0377215332186668
-0.0607146332675355 -0.0144604011519873 0.147770389838061 -0.00925173390791265
-0.0692273560209071 0.0202950418713606 0.105801709712294 0.0134786921196713
-0.0468578960696307 0.0395847541480576 0.0833308274745283 0.0203688230182181
-0.0181169933142952 0.0479251300401682 0.0692517586422004 0.0349407039300542
-0.00293096043645293 0.0449510234619283 0.0781305820742362 0.0493443242306703
0.00723884493128021 0.0464684189052402 0.0817232517708114 0.048758426745613
0.0160622514729407 0.0421049285339613 0.0674937442270129 0.0555550605433806
0.0139056809870968 0.04640537656527 0.0447480343345237 0.080895132976071
-0.00541058296628116 0.0527706113203175 0.00916906830777044 0.0950190718165676
-0.0225451180505598 0.0534608369711513 -0.0401320017190077 0.0817140941706428
-0.0569232304243602 0.0413823797675116 -0.0513460455787454 0.0306978987997012
-0.0788308833998727 0.0176919628505531 -0.022614333556066 -0.00366706384199669
-0.0745518037018614 -0.0315613308634705 0.0346115762415799 -0.00461221383092006
-0.0549750147696481 -0.0446522889534028 0.117011314482883 0.0509918910904997
-0.0122304296013334 0.0336684163522799 -0.133511387911455 -0.0504093135273402
0.0207303470669415 0.027202885459906 -0.0580132443399263 0.00292605445302475
0.0379702112531214 0.0119703935498622 0.028572169806371 -0.000252063043657681
0.0241200820971285 -0.00948897005611466 0.0661692064977338 -0.0309780033457756
0.0114653074201823 -0.00658259818563225 0.0632172291931953 -0.0946092420455381
0.0168312682215193 -0.00541563575827077 0.00415980838190195 -0.127757396691176
0.0227829493017549 -0.0153310099806625 -0.0482899191738646 -0.106455635428359
0.018932784790354 -0.0182484967777508 -0.0741628821886002 -0.0724160015531746
0.0258005571571387 -0.0146368122712716 -0.0877167252338888 -0.0561316054804491
0.0280645186639743 -0.000798973773827315 -0.0864636276235989 -0.0527366809955788
0.0250796988830561 0.0071112887909582 -0.0740434260174722 -0.0436020121233264
0.0253360163575552 0.0125982253361681 -0.0702613790340823 -0.0258300250824965
0.0266519774584754 0.0284025885807848 -0.0798034061975229 -0.0110090615535937
0.00225569873407827 0.0384553801123721 -0.117480843648804 0.0329354729663118
-0.0223965335067115 0.0375725957869876 -0.159653449792501 0.062347557778669
-0.0834566526044629 0.0285989645214255 -0.105858592343139 -0.0505583223347995
-0.0442766586081593 0.0274103275879563 -0.036978585543906 0.0088568542088637
-0.0206295878514651 0.0361691638273138 0.053951587393678 0.00185327387016297
-0.0155710656887721 0.0277455710824119 0.0862972725563443 -0.0327563166256557
-0.00138610171058548 0.0385502294001346 0.0757644776871823 -0.100605522618232
0.0209489066301253 0.0382213019392307 0.0164112091277147 -0.129960781096783
0.0436837603165336 0.0239543714560308 -0.036684903365102 -0.10915140555425
0.0485352549549167 0.0103523063613421 -0.0618799640357359 -0.0715784074942168
0.0585832023177254 0.0156010565184374 -0.0767678242503763 -0.0517499233426955
0.0487304173307109 0.0363411786558557 -0.0765285470066451 -0.0451425916577628
0.0364433146468866 0.0507419658805167 -0.068319068373267 -0.0377784137026337
0.0116012423328888 0.0643177618768749 -0.0629360277123431 -0.0229086361657075
-0.0101876449161307 0.0729876077236976 -0.0682642190194784 -0.00986824877115695
-0.0522810790183291 0.0588449971926189 -0.0978853216873165 0.0391310635610144
-0.09073743424016 0.0435018423027197 -0.137373593146312 0.0670927131471321
-0.143827228610641 0.0196476157450417 -0.0608364306789073 -0.0444024126755168
-0.109124963613032 0.0240666893514557 -0.00487625769228685 0.0232879322508419
-0.084083206063776 0.0597847365156439 0.0845671044078835 0.0133350192913797
-0.0590311606802409 0.0701545858830501 0.108782338394762 -0.0290526910023677
-0.0144917163150942 0.0856230840754417 0.0856416291358222 -0.0981671026824354
0.0244025214028849 0.0797284831148669 0.0283019132761912 -0.117370081579768
0.059742713925014 0.0616501619699587 -0.0193905443051598 -0.0975001249008938
0.0716775914314439 0.0377938917015175 -0.0407187909303479 -0.0609977639684163
0.0835167470088688 0.0411120751104114 -0.055061484678044 -0.0391625588494631
0.0649681121485229 0.0665512334720938 -0.0576519936679782 -0.0299796823543242
0.0479356444211579 0.0851442628402438 -0.0593697961119058 -0.0235015901436945
0.00526984283860756 0.107769950243738 -0.0570599259792511 -0.0161157129076005
-0.0380005393450109 0.113195121729929 -0.0576368030837965 -0.0112893499450605
-0.0961949395218777 0.075902626348851 -0.07296699259117 0.0335107525175944
-0.144783358881584 0.0464124821761678 -0.0969173866267223 0.0647609787776982
-0.1826284405932 0.0134009271429997 -0.0016962350522442 -0.0351035116722588
-0.15973217195126 0.0238989184079824 0.0376334449719058 0.0366987902093921
-0.136990794253755 0.0839508035183217 0.114573129112886 0.0245452349083089
-0.0909495032360071 0.11134645496722 0.125974631978805 -0.0218026109103993
-0.0189503356816746 0.126172576408139 0.0897778352491567 -0.0845330969371897
0.0296189014142191 0.111027068214097 0.0392767671747447 -0.0912618254044863
0.0706642765703943 0.0881319761120044 0.00233277304373608 -0.073226955079795
0.0848327268035053 0.0579794295172891 -0.0137261147159177 -0.0411417384824207
0.0964751883168795 0.060211396323908 -0.0266785068951858 -0.0202088002358538
0.0709571217476873 0.0872933477956426 -0.0320099647139357 -0.00921554461628007
0.052032148838616 0.107890276157217 -0.0454094422158068 -0.00352359626557148
-0.00258593505778376 0.135079238581076 -0.0495908252911148 -0.00679590651049383
-0.0605010042399828 0.137534526042075 -0.048220128498244 -0.0144389534149074
-0.127544439655336 0.0823674588932209 -0.0454050474490142 0.0182791369997209
-0.176986936151271 0.0401087165584918 -0.0452895820126713 0.0549483094770495
-0.191508042906592 0.00614239232019658 0.0618173016072346 -0.0285857991386021
-0.18126011434293 0.0218220003961941 0.0840173027613458 0.0399621866260532
-0.16299486677814 0.0949942594259484 0.134961489910606 0.0303458697787163
-0.105509264547889 0.133907801690657 0.132842877189543 -0.0104568592001562
-0.0196344844500521 0.144926257375535 0.0912906470920224 -0.0568254164448477
0.0314244675109249 0.123352105181266 0.0531209250364983 -0.0529183281433177
0.0707986336084351 0.10126327111078 0.0282963481823372 -0.0398973276611983
0.0851024187164505 0.0699984488967504 0.0155641231171734 -0.016451109288656
0.0919725273289788 0.0731533390640922 0.00323702143403699 0.00250358785909793
0.0610844745988841 0.0991515380475447 -0.00643053528917484 0.0160213380129354
0.03846264164698 0.117029415176262 -0.0314419675644931 0.0194387860061943
-0.0220291834928408 0.140363039508522 -0.043360200731184 0.00285057597779456
-0.0833485788989658 0.135988701249484 -0.0378813421794548 -0.0180927876480499
-0.144850085832605 0.0678741408817484 -0.017852934244735 0.000423681278650342
-0.184075320397144 0.0212740249281404 0.00934315483646753 0.0444622448174222
-0.167036708522069 0.00103206794898878 0.118915084108385 -0.0279489664384793
-0.166411311910668 0.0150026083780888 0.124259819531803 0.030279708157354
-0.155245883393661 0.0862655287096292 0.140324845594246 0.0278964085953434
-0.0986886742606656 0.126060386984867 0.12532656702095 0.00139529499710012
-0.0172927297690045 0.13499301338668 0.0868148197561249 -0.022613540274993
0.0274974623934461 0.113877333198274 0.0664628869485437 -0.0110425178115692
0.0602387733275048 0.0968639778834579 0.0528952930689588 -0.00425708713282262
0.072281197302461 0.0716034826036739 0.0421688180425671 0.0104299859730173
0.0736014636426516 0.0761823534943555 0.0276916746560417 0.0296697735858348
0.0399793871740697 0.0986351435496474 0.0116990294287751 0.04466097400205
0.0135113321554424 0.110461394446864 -0.0242023869797756 0.0439313802023214
-0.0466585587623783 0.121835971290991 -0.0402731038693553 0.0135202529004998
-0.100435183467108 0.108364750932354 -0.0281611906955634 -0.0177906919248625
-0.143668310985935 0.0352989884374185 0.00695304640073191 -0.0114284106078185
-0.163498806931708 -0.0048046940947486 0.0595660256042601 0.0379702782921679
-0.114788591736979 -0.00526602373276299 0.157911600344717 -0.0335047889451261
-0.122809115774269 0.00350024513650797 0.147345869101795 0.0100369911394749
-0.119924997084815 0.059944782311838 0.129805710858762 0.0195326208933584
-0.0762317717286388 0.092071887967621 0.107320712973796 0.0112469968998158
-0.0153168336387443 0.0990099323733512 0.0794710935966258 0.0100992140447076
0.0164148206297313 0.0848640012729591 0.0766522486638533 0.0250131528681833
0.0392599669703899 0.0767624201655677 0.0730030069103663 0.0257775672580031
0.0484466459027682 0.0609196591643019 0.0607527637831877 0.0358950756552437
0.0461287928737607 0.067518318968197 0.0431573070732229 0.0575030411151519
0.0152571829014122 0.0831069943537111 0.0173509551972573 0.0725657295850288
-0.0101614335997497 0.0887625525720427 -0.0277782112357652 0.0670431907148033
-0.0622513946180081 0.0854273506274546 -0.0439443344751409 0.0245070811550575
-0.10169678895083 0.0636656963937264 -0.0231514576260421 -0.0124878709448712
-0.120482682970232 -0.00185627475346737 0.0262210375138562 -0.0124477127255281
-0.119377883034781 -0.0295567071990642 0.0980598407791012 0.0397909720374119
-0.0434341444907477 -0.0144886611693048 0.172408568718418 -0.0438293775260969
-0.0619736700281167 -0.0129251152075137 0.149544972927423 -0.0138508610926785
-0.0694723557575593 0.0224324692288 0.108228204974781 0.011646928895897
-0.0470144456927966 0.041892720062076 0.0864187999209151 0.0197205274270307
-0.0170088168032308 0.0492224808857811 0.0731556331579963 0.0340494048949386
-0.00123450356450474 0.0456199253796313 0.0827656282621043 0.0480491275906586
0.00971800832920897 0.0465189768603087 0.0851698933098984 0.0466434495960942
0.0178526655157744 0.0413462254057533 0.0699204131441222 0.0541876763519548
0.0159810699628665 0.0459187165703955 0.0477031221857429 0.080419857560953
-0.00335447234893646 0.0541013736586354 0.0120528117245908 0.0949466450158739
-0.0211510517514304 0.0553194929362304 -0.0394619419791665 0.0839760568361913
-0.057629675642207 0.044784797978432 -0.0531428074227313 0.0324594883428416
-0.0798286442229028 0.0207048914346814 -0.0237235755598898 -0.00383974917685827
-0.0773149935813252 -0.0295451773165984 0.0349778781724697 -0.00583623204304788
-0.0570686959570718 -0.0438270405227569 0.120728567080213 0.0479080698066135
-0.0114323791727983 0.0351311160518169 -0.135724975272404 -0.044196816614764
0.0210980699643469 0.0274606014660753 -0.0572984462598856 0.0072990733731964
0.0386026794177866 0.010930743793924 0.0295801176075636 4.88442797016333E-05
0.0241556646991769 -0.010388216122425 0.0667901720280772 -0.032924618264712
0.0119835103222301 -0.00597170300194551 0.0599453703351194 -0.0979224349081889
0.0169310712304309 -0.00545536027583262 -0.00184797189093172 -0.128402958191155
0.0220831196235199 -0.017277245120766 -0.0538048442111967 -0.104703779150892
0.0176433501310299 -0.0196681892765844 -0.0770240340148929 -0.069482993873598
0.0252362184542715 -0.0160177237688576 -0.0909294560783148 -0.0510494786609561
0.0284641441169601 -0.00220265561854185 -0.0905170583512175 -0.0481213530078218
0.0260915964658923 0.00602196229659308 -0.0777718060169096 -0.0409636087848059
0.0260649161762987 0.0116248775371858 -0.0722982608811204 -0.0232637271363807
0.0289876006215728 0.0269765765771686 -0.0815147939598709 -0.00907484745946979
0.00431193899737037 0.0398680729932422 -0.115869279769917 0.0376632801923084
-0.0203387580700751 0.039137389009812 -0.158682737485508 0.0720934172059847
-0.0829764546279393 0.0338799532893732 -0.10771216412153 -0.0456915630316284
-0.0443017107346316 0.0309883541917913 -0.0353606656248183 0.0117153322426746
-0.0190331733930256 0.0376013070409456 0.0551936818249459 0.00150441860180216
-0.0144937386685847 0.0290491887066347 0.0874676724118124 -0.0352230726003061
0.000694059004910841 0.0394704096390295 0.0724226785073048 -0.104385434201805
0.0237001898715568 0.0380927725349959 0.0103832212798024 -0.131259018684962
0.0456555321152745 0.0214669168613038 -0.0419669104296158 -0.107742904962696
0.0491952446681881 0.0076428715065078 -0.0644527436987516 -0.0687143428582038
0.0594964346487785 0.0121280681419505 -0.0800052469151479 -0.0470689588660873
0.0512972852460212 0.034303607330411 -0.0803540002711285 -0.041220217786801
0.0395096526061734 0.049341697302907 -0.0719990771603959 -0.0352135118746129
0.0151063326959147 0.0645820176155757 -0.0650923131956417 -0.0208892303371277
-0.00609641752239468 0.0740041538006478 -0.0693528920507903 -0.00774142067915574
-0.0502393692407126 0.0624804858042993 -0.0961123255030287 0.0428052266957034
-0.0893295030742413 0.0488783128746941 -0.135722130990058 0.0754710382621056
-0.144330610904491 0.0275839622916816 -0.0616687059622259 -0.0418351778956044
-0.109718391069642 0.0306071915716512 -0.00256842238874355 0.0249213120941449
-0.082009477726036 0.0646046453409899 0.0870199026400039 0.0116429100162164
-0.0560201562136413 0.0739739066560886 0.11080134307394 -0.0323109521489351
-0.00980652973718771 0.0875159497219 0.0824782131009288 -0.10209561823758
0.0284147176823085 0.0800061886745256 0.0231865584276905 -0.119378334622765
0.0638452791243761 0.0579366148970764 -0.0234191046572632 -0.0965001920357787
0.0735015846179515 0.0337310449874649 -0.0428058728674235 -0.0585546135714569
0.0860779014500132 0.0362968841088257 -0.0578104606732509 -0.0356155004038445
0.0693688632387095 0.0638270117040372 -0.0602275214180513 -0.0264574011168177
0.0527729967933802 0.0832737470887751 -0.0623209310838189 -0.0205332801827511
0.0106338079377584 0.108509282301623 -0.0593406876461642 -0.0138967288904286
-0.0322157596201411 0.115632961613854 -0.0595327986259754 -0.00950554991303233
-0.0942474643995165 0.0825520852227559 -0.0708612997447636 0.0359001887044787
-0.143222097837201 0.0552834062712007 -0.0947192235526898 0.0709171908652944
-0.182967254783504 0.0236592984994879 -0.00155690011295122 -0.0352958922120618
-0.160136267217373 0.0317744271538399 0.040397420272136 0.0367341018076625
-0.133566339230504 0.091253004533551 0.117696301897726 0.0221632199205898
-0.0870351195908326 0.117981773056583 0.128524654181101 -0.0261653045741513
-0.0134099961840472 0.128469717484292 0.0878149196023819 -0.0878962900026605
0.035781822463294 0.110141218107537 0.0360960226897826 -0.0936726836429667
0.0760131933387186 0.0848535009033254 -0.00108938518462176 -0.0726731475481507
0.0878777024435533 0.0531704939038509 -0.0145561324764207 -0.0407247236208446
0.0999180300030562 0.0545194553534506 -0.028147774083873 -0.0181918380952389
0.07690424022434 0.0843073801645276 -0.0336644807056286 -0.00659601488527504
0.0576055065366746 0.105610688490876 -0.0470725753279635 -0.00081377166715466
0.00393231736307336 0.136737692839099 -0.0521865602266876 -0.00510562462197691
-0.0534391078912112 0.142032079402712 -0.0499035212122988 -0.0130393372218041
-0.12499156459396 0.0903994173244367 -0.0439555285843813 0.0195171382354533
-0.177099598032646 0.050581330683008 -0.0431478677221173 0.0589752445084898
-0.191911355275436 0.0170531664207372 0.0628829948726575 -0.0321057029131403
-0.181559090086464 0.0308735932959164 0.0873504213468349 0.0381071639494464
-0.159655813895182 0.103479022150273 0.138501740437063 0.0275490093489061
-0.101131063037754 0.140373720727831 0.136041897699083 -0.0142280077040169
-0.0131104993222369 0.146973837298458 0.0893095185429254 -0.0605233612681067
0.0380913858484532 0.122755415001976 0.0520705645439302 -0.055838116172935
0.0766635635744548 0.0974486627408324 0.0265721769129316 -0.0406918263107962
0.0888797733031921 0.0654429527826864 0.0154478394711419 -0.0171822681206734
0.0958994158563418 0.067371450959395 0.00352626075302011 0.00368737209698554
0.0675849523418901 0.0969707661788295 -0.00657642028060359 0.0165920977546116
0.0445274086291556 0.115905951396426 -0.0325029674443083 0.0206537050160711
-0.0155625721936782 0.143106377290328 -0.0451189952013597 0.00420034867186921
-0.0768862527652242 0.141197593957536 -0.0399540141366447 -0.0171998200436646
-0.143253761092316 0.0763306917367797 -0.0170117935299392 0.00063336824316452
-0.185005634526045 0.0322949461231604 0.0113757888299032 0.0448204073601867
-0.168068477597436 0.010159246389819 0.1206281606653 -0.0336816329140601
-0.16757372608423 0.0234669486929637 0.127113977498653 0.0263123447002305
-0.151800195742829 0.094264986375377 0.143671331033861 0.0235885227613348
-0.0952008203128784 0.13249662806682 0.128527224266913 -0.00227217815029199
-0.0115381694716209 0.13658337413023 0.0873352470103151 -0.025730722059687
0.0337029010512725 0.112908672663527 0.067678444455086 -0.0141100043376729
0.0658663869038878 0.0935651630123676 0.0534127278035078 -0.00672540746490244
0.0762738369819852 0.0672011026021676 0.0430208283217599 0.00902962358859688
0.0778721245464388 0.0714177289051748 0.0293006685604947 0.0289619833291575
0.0459661163083385 0.0979005201578532 0.0130952676288173 0.0444750961981836
0.0197088882211564 0.110950967932613 -0.0238802979593782 0.0455759135376898
-0.0416243401669856 0.126246242171443 -0.0413322120153496 0.0150160435980631
-0.0956666868536217 0.113391195680295 -0.0307280397806312 -0.0171647878726652
-0.143343676610341 0.0430513511511962 0.00752993259657355 -0.0126883005294082
-0.16493904992427 0.00437500969479644 0.0615963303657796 0.0356395736028032
-0.115085122466713 0.000979845691864781 0.159393570476929 -0.0419096575016338
-0.123659390695493 0.00881519719988605 0.149256633782609 0.00425351152653855
-0.117963302719056 0.0655261738655064 0.132486508300978 0.0156325477408075
-0.0739828203898903 0.0961840767606257 0.110610009223222 0.00816045838889199
-0.0112343417880459 0.100107682215304 0.0818887093239876 0.00739323342604327
0.0211616295865518 0.0842075686071162 0.0798573089415999 0.0212824752163614
0.0435001741191627 0.0752558734886047 0.0753165163116469 0.0226796617798077
0.0519533308661531 0.0582251493550207 0.0630126884211863 0.0329332942918339
0.0499668885468264 0.0645330651082667 0.0459265355716589 0.0557722805539236
0.0200687824355079 0.0831049709249648 0.0203368311573551 0.0726348305359844
-0.00584234884208372 0.0898268730055674 -0.0259144263935035 0.069075241361671
-0.05922101906051 0.0900311908534616 -0.0446762205243527 0.0262114789365148
-0.0989307363845945 0.068942400970194 -0.0247845133446774 -0.0117878600524305
-0.121351445962714 0.00386696435361536 0.0259783157367763 -0.0140249313873575
-0.12172905495574 -0.0228900678767318 0.100648364476599 0.0358358567607478
-0.0441569288403644 -0.0119069812482521 0.172856994614373 -0.0523166338053699
-0.0628274221389425 -0.0111616143420796 0.149996765577176 -0.0198975265055496
-0.0687469011809395 0.02509607855546 0.109764933814942 0.00810418403486966
-0.0461049053705458 0.044115857608974 0.0883003247189841 0.0172496626535746
-0.0145439910117934 0.049818646261152 0.0760192758585447 0.0316058497925702
0.00112616494150728 0.0449716397263991 0.0875341034032636 0.044051279164399
0.0115310070370115 0.046474666836905 0.0881145455562728 0.0426180658857295
0.0200134849911834 0.0402112014586438 0.0727441837245551 0.0512898132523096
0.0182195094716362 0.0446660760844302 0.0515825304855377 0.0786072048832106
-0.000290031687481265 0.0544111198383139 0.0161423103990797 0.0953744570083147
-0.0182679405300051 0.0569025142313919 -0.0366024668409915 0.0864110787482845
-0.0561466567248384 0.0485080371304531 -0.0534261615986717 0.034835039466228
-0.0796337144658822 0.0242550597986769 -0.0255956607255521 -0.00302065072679918
-0.0794048743951331 -0.0259641883037414 0.0349744810549723 -0.00806069166266445
-0.0593551553730495 -0.0407549650060301 0.123940505078769 0.0427269729202403
-0.00803117658593172 0.0377239138402236 -0.137850336076582 -0.0242319168656459
0.0239839046702233 0.0247762966996955 -0.0549376432111323 0.0163656561335938
0.0404369332208137 0.00403891588652762 0.028207588356603 -0.0012562951268864
0.0228966860319154 -0.0155549703428253 0.0612835353736938 -0.0393446739402317
0.0113725372644612 -0.0100494261974864 0.0445785688341293 -0.103662266177667
0.0137740718400661 -0.0105367699094504 -0.0216173293700056 -0.122822229971805
0.016907242271188 -0.0218279752572229 -0.0684393468779339 -0.0923706666899267
0.0127283122707325 -0.0210487084689334 -0.0839704420923404 -0.0555650675532089
0.0209349418406665 -0.0193682848789911 -0.0961529670234968 -0.0370383766766828
0.0265446637529766 -0.00604839918491852 -0.0967176895322828 -0.035113887946613
0.0262984232248702 0.00233703661140341 -0.083278985258388 -0.0303487687091559
0.0281265490182364 0.00829577878606004 -0.0750600995168184 -0.0155084676123191
0.0328837778623187 0.0233895434335075 -0.0823605884047087 -0.00122242748065558
0.0111960463315147 0.0395843550661787 -0.108484095649364 0.0501262662144176
-0.0134658882721223 0.0425563680339215 -0.145531638696848 0.0902018955463177
-0.0774390849707207 0.0490540818906091 -0.108944034418392 -0.0325223816396264
-0.0382996436886635 0.039844314572494 -0.0320864532981179 0.0150489875494952
-0.010711046048628 0.040179271506362 0.0538627557562025 -0.00787556662226496
-0.00753737758219674 0.0306748410822187 0.0812905366696007 -0.0484168311735615
0.00778805054339253 0.0359560074880203 0.0539727889579453 -0.113020065647155
0.0274429987501061 0.0303865883587485 -0.0116338411463297 -0.127433557717508
0.0471354233225855 0.0117349605051442 -0.0585161924326097 -0.0980967920125898
0.0469922048475508 0.000333347431359406 -0.0722690126174051 -0.0568928476397122
0.0589670014604956 0.00284191555524229 -0.0846562606914457 -0.034404827979141
0.0558674563027174 0.0265435812438132 -0.0865261757038359 -0.0300010847605347
0.0459492951133043 0.0422050868603897 -0.0776015531614974 -0.0255271047992343
0.0252120410641367 0.0624537379540627 -0.0681719842146374 -0.0146831672557366
0.00559524912357709 0.0746647521747951 -0.0688468554346465 -0.00180883067600764
-0.0387216909142726 0.06986350042841 -0.086572505157845 0.0541468624641743
-0.0800211731343594 0.0624147251656641 -0.12158982391308 0.0926191703369088
-0.136807125910038 0.0543388274891909 -0.061578523724242 -0.0380246630986826
-0.100954403842217 0.0506486033783716 0.00347854501418737 0.0201935078350337
-0.0673862856246035 0.0767821912420612 0.0866035414990849 -0.00549912358775466
-0.040148394086786 0.0812482211797492 0.103959757105177 -0.0518680516639034
0.00493762832890249 0.0838869452545618 0.06231610831167 -0.112998039075552
0.0398084519914947 0.0701364406089908 0.00155582765386569 -0.118414676311286
0.0722507973220521 0.0446576976791066 -0.0402466959689901 -0.0907946754712373
0.0747957950816735 0.021300825049343 -0.0498299241120544 -0.0498643027173287
0.0893528210049859 0.0220117033343163 -0.0610425237964426 -0.0261347152538895
0.0781457112174488 0.0523654876044087 -0.0654659084453733 -0.0178675450778173
0.0641013210562016 0.0731382581391059 -0.0664660772133397 -0.0124389600374377
0.0283171674722514 0.106538445547217 -0.061596510508602 -0.00999045383962276
-0.0136693065139399 0.118680053951733 -0.0581207273473886 -0.00582956650535535
-0.0789217250482329 0.0955244889101248 -0.0619886790907938 0.0452573155527535
-0.132782686841799 0.0754852444951244 -0.0810629040116009 0.0842435953872835
-0.174437927338346 0.0561360082405951 -0.00160642483239087 -0.0420425453781381
-0.148978171112606 0.0606080390942434 0.0476852954638945 0.0230649659988278
-0.11239060614858 0.111574423545868 0.117791249823229 -0.00313471120934853
-0.0624625741515517 0.129550878122475 0.121009149130291 -0.0506215006367491
0.00864113687970347 0.124034090507853 0.0676119230465032 -0.100327885199735
0.051876085030177 0.0991678271841481 0.0170667374442897 -0.0956529734734693
0.0893144687260721 0.0691231477999003 -0.0152338374882794 -0.0720439196006761
0.0917222121611034 0.0376182847198831 -0.0203430445885198 -0.0360438511875396
0.105902119891315 0.0372635082270967 -0.0298769312434422 -0.0134336625918959
0.089461309448748 0.0714911828293412 -0.0367651289520445 -0.00265362426280273
0.0722614742291307 0.093993291811376 -0.049851119990451 0.00437807255422987
0.0268107679198513 0.135785519544427 -0.0539936277162944 -0.00289005658411297
-0.0307022786023667 0.147507678522594 -0.0487765838422658 -0.0108989384576145
-0.109184736607248 0.108026062922888 -0.0365349397192347 0.0265689955898257
-0.1668089506081 0.0757899431748938 -0.0312450669485726 0.0672269612902728
-0.182879874026289 0.0499414117470953 0.0617980600962362 -0.0487755494905172
-0.169208672671564 0.0618622413127994 0.093521275124793 0.0167374019711336
-0.135045786647371 0.127221321205635 0.138471863591335 -0.00286730404643137
-0.071878265350586 0.15432746814432 0.128694672215329 -0.0420570412384442
0.0121349499552135 0.142713628370396 0.0734911258683565 -0.0736207367133697
0.0565471265584631 0.111285476354708 0.0384531662691714 -0.0621071591979156
0.0936028500404954 0.0814630310735558 0.0162239966220735 -0.0459161948059715
0.0948813970340492 0.0489317727740083 0.0120436382935512 -0.0177556781923729
0.10482686983162 0.0501143554971398 0.00291507639760117 0.00376349369202034
0.0826571345111768 0.0847091347736405 -0.0068809497976229 0.0165807047252839
0.0619106993555621 0.105929426944913 -0.0321513191042728 0.0239532549653573
0.00825731823711862 0.145377058123756 -0.0449931338614176 0.00521821182691237
-0.0534184322134472 0.150012284045083 -0.0389472534234658 -0.0156206174792745
-0.129089190388547 0.0965103400519362 -0.0133112769276322 0.0044858660300536
-0.177229803682814 0.0585189059775946 0.0197522165554286 0.0473019235623792
-0.159248868578381 0.0388651879800326 0.116828498841268 -0.0578972662210641
-0.156326416952598 0.0505752404458126 0.13055209217723 -9.89490877045463E-05
-0.129966563585244 0.116198220869841 0.143226876918766 -0.0065118955820748
-0.0673183474411742 0.145346697799668 0.123731336602983 -0.0295130980208427
0.0122005651609197 0.132943709875573 0.0770719553544608 -0.0398335331098441
0.0515883249304421 0.102821781792771 0.0605303236929485 -0.0240541782242893
0.0826493100174137 0.0796644963495098 0.0478897851723974 -0.0166421842854618
0.0832862926439312 0.0524707346622009 0.0422737777799913 0.00383429499814319
0.0880779983288756 0.0567653432282766 0.0314681830297584 0.0250325649751016
0.0623480573653169 0.0886053905027967 0.0166797802750055 0.0409791605362713
0.0367733595839315 0.10508248083326 -0.0202567861789151 0.047085939639759
-0.0197268871913666 0.132526159801694 -0.0402802744519829 0.0161969523475417
-0.0764033346694465 0.126223278413817 -0.0295349488363882 -0.0158008117909442
-0.134888053030691 0.0642198724524163 0.00838778273916006 -0.0107616120287709
-0.162444609009219 0.0276521457116566 0.0664020697131812 0.0319725822823025
-0.109398337206313 0.0192129244209747 0.152016664951822 -0.0689117444100946
-0.116171602626197 0.0277198209603322 0.148532705757688 -0.0226299024141757
-0.102133708044743 0.0825236453519798 0.131668400469536 -0.0107780036877786
-0.0535056042802905 0.106346125551701 0.108213378917876 -0.0139569152544771
0.00660710671921183 0.0982606714272672 0.0781445470812207 -0.00609089436689856
0.0354118748968946 0.0774458339119682 0.07920964116901 0.00801391714725671
0.0574450974092435 0.0657837442821861 0.0748470096038039 0.00868687722470782
0.0594157815395428 0.0475737657894125 0.065390467970253 0.0237602954951969
0.0602099245523129 0.0546967302875068 0.0508649043952649 0.0485571873379684
0.0348288069980346 0.0786693961548021 0.0276367944669584 0.067239291579044
0.00913590016065744 0.0886152863803431 -0.0183796754896125 0.0691219383691032
-0.0432444345309196 0.0998722672569241 -0.0411247687718763 0.028200509040653
-0.0859178011690156 0.0822273381036351 -0.0232865607760702 -0.0103234423553946
-0.119352476446781 0.0217867994474329 0.0249417974678856 -0.0144230539846566
-0.122981657627309 -0.00657730460051866 0.103372980637522 0.0269600461358615
-0.0420836648177963 -0.00686960770026634 0.161530683260951 -0.0781862235612911
-0.0610717688074572 -0.0026668710744056 0.145240414564902 -0.0440201172299574
-0.0615659092880253 0.0341099883042523 0.108462898514197 -0.0111780596761973
-0.0366655727639599 0.0511013738514578 0.089979605018048 0.000375172411034682
-0.00496134978319804 0.0508997525646734 0.0789980125728941 0.0186690461275674
0.0101755025756171 0.0429696322514328 0.0915466933821718 0.0284322607546104
0.0214568594124354 0.0431691030097477 0.0918748826905747 0.0262040346479221
0.0266258249207944 0.0350372717007109 0.0775180849496793 0.0401111458728004
0.0262466920761331 0.0402852729968593 0.0600887669447268 0.0699978872033284
0.0105111868690398 0.0535412854839797 0.0271763180223442 0.0904788674022258
-0.00778338494863761 0.059095459762163 -0.0260349938534196 0.0883100097798222
-0.0469455786600394 0.0581548395480668 -0.0487711264107429 0.0392165512172909
-0.0741108428756758 0.0352431406555061 -0.0240928226929146 -0.000258821932498853
-0.082140019111955 -0.0147341635285341 0.0330497792399721 -0.010040509447099
-0.0642876465321173 -0.0329688366431218 0.125433918392944 0.0298574679408905
-0.00664216693488495 0.0367157227072075 -0.134459708931843 -0.0198149958061746
0.0243064152035279 0.0240482800533922 -0.0523493882614817 0.0180400975401306
0.03956265932585 0.00328599644674815 0.0289874457200158 -0.000690802029048041
0.022023725947385 -0.0154505343913663 0.0613012542567781 -0.0393732835411108
0.0114357022159734 -0.00979213635995134 0.0412918618853474 -0.102007958506888
0.0131545710190478 -0.0106355186526034 -0.0249204226875492 -0.118197191986084
0.0148497188228568 -0.0221267634779356 -0.0695323674953796 -0.0873690397062908
0.0113781798482398 -0.0205305517074917 -0.0828918316930367 -0.0523715527833225
0.0195045436502132 -0.0191774740064358 -0.0947983147040904 -0.0322722287976951
0.0258293184381459 -0.00702060793478736 -0.0963307723732819 -0.0300718054314078
0.0253349286999114 0.000959738259535003 -0.0832063873209002 -0.0268717019285618
0.0278214901364915 0.0070497718817086 -0.0739831776870033 -0.0137014582608216
0.0329983548515697 0.0219582063386166 -0.080859938405941 -5.55365321685381E-05
0.0127337294779954 0.0382818460223745 -0.104426236612376 0.0508089689300067
-0.0117325370978362 0.0417192096317688 -0.138877538678712 0.0928892056016653
-0.0733919488302924 0.0508903707858795 -0.105907423146893 -0.0289075348493709
-0.0360859176604931 0.0412228442734919 -0.0300684979045249 0.0161106664730057
-0.00883036943709292 0.0398515717972978 0.0544008027319512 -0.00714210161447352
-0.00608122067141443 0.0300986092712683 0.0802272646758349 -0.0484084528070717
0.00887400370547618 0.0351128629840205 0.0502520950012544 -0.111229465757831
0.0280126847368214 0.0290652491828649 -0.0146779676510817 -0.123597316719662
0.0463084167479743 0.00944624287211356 -0.060063620014136 -0.0930095552291222
0.0455723306904159 -0.00120317512839274 -0.07144620815962 -0.053692823537214
0.0572898610283066 6.04733094248622E-05 -0.0830384270673951 -0.0300302471407905
0.0553214056542226 0.0238756808536315 -0.0858421192755208 -0.0252105396761011
0.0458761939401768 0.0393276701492956 -0.0776797820061314 -0.0221948812973457
0.0266803429156057 0.0601608669249064 -0.0673000309209738 -0.0131835259614867
0.00844340877690506 0.0723321399944284 -0.0677183542457552 -0.00160297110379574
-0.0355735756165115 0.0702507385311714 -0.0823602806366223 0.0541528359500774
-0.0756604827809035 0.0635824254048204 -0.115613803003117 0.0950537295614797
-0.13071302576159 0.057681117432945 -0.0602759266331465 -0.035889795030176
-0.0972035961978869 0.0535684882246975 0.00440572073047041 0.0205580721779954
-0.0628312262201213 0.0771880134725052 0.0860053499880006 -0.00608026601289288
-0.0364641191270726 0.0816789640444077 0.102484414966774 -0.0529579446148077
0.00809388361798385 0.0825039295811331 0.0587875174353015 -0.111432489504048
0.0417175993865682 0.0671913490177696 -0.00180870893787244 -0.115182830555853
0.0720473652701912 0.0401157307114842 -0.0420322689809766 -0.0862379418852835
0.0732628248979481 0.0182675594882589 -0.0489366596481066 -0.0479110590564904
0.0868421196258894 0.0178684479589876 -0.0594202335847006 -0.0228792237911007
0.0789277551249277 0.0482363144993592 -0.0648271623959558 -0.0148914198221638
0.0647859093369791 0.0691739597736366 -0.0668312518416393 -0.00989841768449547
0.03117876893257 0.103116698426255 -0.0611591336437445 -0.00818022396717212
-0.00839952498894866 0.115828412354663 -0.0576134997959615 -0.00491525143033689
-0.074097528225672 0.0967357659325655 -0.0582098141809967 0.0451443210837882
-0.127160884842427 0.0786569577207733 -0.075985209433086 0.0857829904743909
-0.167049338806532 0.0613081627120318 -0.000917658983877561 -0.041738595102383
-0.144127932710811 0.0643261142815735 0.0481858417972427 0.0220131462509637
-0.106113305838162 0.111828669504774 0.116556484352075 -0.00417591329969235
-0.05682085529927 0.130234698044271 0.119862535839809 -0.0522847367682308
0.0127870672376163 0.121182826385254 0.0643776486329445 -0.0991680111380699
0.0545733710619944 0.0950166892772548 0.0146410314235965 -0.093886899368468
0.0901480266853717 0.0631237713848176 -0.0166605912802976 -0.0687202520225365
0.0906279231228676 0.0330429794850985 -0.0199675542482132 -0.0350444750919922
0.103616991398909 0.0313109327720481 -0.0295484475621105 -0.0110701579562945
0.0904200425805155 0.0661992995969644 -0.0365828632083763 -0.000721171761409743
0.0738392559013996 0.089212213827147 -0.0497038506586289 0.00660025789900765
0.0310727811866869 0.131834179195493 -0.0538318989842573 -0.00147505022458719
-0.0243536166291528 0.144196024711262 -0.0489617339730003 -0.0101839321281912
-0.102359706042247 0.109707503540756 -0.0343043176676661 0.025640743405765
-0.159500657919005 0.0801652558787582 -0.0283338240080299 0.0671706998182725
-0.175268330083087 0.0563990107762809 0.0606444671763625 -0.0506055759843801
-0.163912253732418 0.0658522712200861 0.0926660035247139 0.0146338844416513
-0.128181785860573 0.127944868607311 0.136733529900389 -0.00465762829377761
-0.0654794599577058 0.154402543057325 0.127303744437978 -0.0438167769945291
0.0167310986343505 0.139254139952132 0.0710157756391533 -0.0732939672222042
0.0595008525436826 0.106686541996467 0.0368762637695739 -0.0616898980042412
0.0945544315345827 0.0748114431065 0.014939270682668 -0.044365536307503
0.0936004329204712 0.043565740397884 0.0123618595247665 -0.0178250069424279
0.102888333731191 0.0440750596544045 0.00317744463805033 0.00405692516363384
0.0846110940785222 0.0792987985164705 -0.0065192579187337 0.0169524221972627
0.0634475393460254 0.101030772793143 -0.0317078830453434 0.0248627826156208
0.0141126627179524 0.141768694852117 -0.0459228831999051 0.00607299409254555
-0.0469586938096078 0.147768796167578 -0.039300283134791 -0.0145360937366147
-0.123240560383798 0.0989723234547576 -0.0118963186229415 0.00403920621478149
-0.169981821973705 0.0635996618458363 0.0208361852065658 0.0457689195984817
-0.1527823064864 0.0437208603195056 0.113836635159699 -0.0608702055457201
-0.151220557875586 0.0545556807016007 0.128094551847528 -0.00320940226143581
-0.123097325551327 0.117162243513825 0.141119465423387 -0.0084540336956152
-0.0621414426234833 0.145258539803863 0.121955015674418 -0.0306804216595213
0.0158998340443733 0.129224627755264 0.074985516224291 -0.040073235453404
0.0533930518465441 0.0984825171842611 0.0596314675994268 -0.0258871145375713
0.0833074535054986 0.0741298989294161 0.0468305665831742 -0.0172696262131863
0.0825867239207555 0.0479137385501973 0.0422594056226344 0.00213624124303323
0.0869984140313307 0.0513637251828019 0.0312450478159613 0.0235913636986281
0.0645229172774162 0.0836017564190589 0.0165101133316657 0.0387994810853827
0.0391622102931644 0.10115316727469 -0.0193455889166548 0.0465313088012758
-0.0142416989459058 0.129960294387257 -0.0407732483817925 0.0168916493360355
-0.0697842471791909 0.124536207539226 -0.0299981958511097 -0.0150077974632118
-0.129212804662263 0.0673889346245118 0.00843248435804477 -0.0108659735012787
-0.156592566867414 0.0331304628807885 0.0662886431523329 0.030127620964804
-0.104578660596161 0.022470715554151 0.147654590827118 -0.0726283624886832
-0.112749503727029 0.0304931865076844 0.144713986668224 -0.0260386675651947
-0.0971315827501452 0.0830090310352274 0.128903687585511 -0.0121796131754083
-0.0498940566816016 0.106893969569159 0.106365297190218 -0.015897207722997
0.00880607408033854 0.0956059934548006 0.0772314254915454 -0.00759981249734383
0.0364980002777074 0.0738654830575842 0.0791399150971307 0.00538576591278448
0.0581814758444095 0.0610706349570377 0.0733929237271445 0.00603228807336554
0.0588141312966029 0.0441882980871176 0.064854152330974 0.0214544849013548
0.0595464303748466 0.0496498891024915 0.0509508757919216 0.0463930500838341
0.0371440351259791 0.0749246389527408 0.0284652299169398 0.0644957269968947
0.0119738004342056 0.0861578794925026 -0.0173626067098835 0.068534341935202
-0.0387230287807634 0.0995898666402739 -0.0407282206893216 0.0284380266965929
-0.0811148316500955 0.0824457191600811 -0.0239192538611218 -0.00982388567435181
-0.115539556712109 0.0251921975368494 0.0241573854989471 -0.0156099089732896
-0.118993719139601 -0.00159154473651407 0.101492903995604 0.0234655936722334
-0.0403291924221642 -0.00520273949085035 0.156271401316872 -0.0813082181163812
-0.0595584396750672 -0.00175706970024147 0.140038246729695 -0.0470370023881361
-0.0591643234529575 0.0349893627194918 0.106075279478359 -0.0123820527323423
-0.0350014096267282 0.0517457554445118 0.0887733867264684 -0.000591675589639203
-0.00365425368958413 0.0494405838526524 0.078804204365832 0.0165537642543539
0.0108045795208225 0.0413382082446144 0.0913515997435748 0.0246740488324459
0.022377143598223 0.0408143336234299 0.0901675308815121 0.0224074630431775
0.0269947295004361 0.0331912244805255 0.0766194470286664 0.0367073732701968
0.0266687811200835 0.0374926882545705 0.0602736633866526 0.0665351564184429
0.0124470255034313 0.0516033940105516 0.0285847012527486 0.0867575603632908
-0.00530362818778253 0.057363742542617 -0.0240796035338668 0.0867512482790853
-0.0436681170513656 0.0587976584185526 -0.0479666952857993 0.039232278049721
-0.0713482873162125 0.036580726467044 -0.0245406934641425 0.000100278796975043
-0.0803083295483526 -0.0114894543905967 0.0312984684405442 -0.0114813261963624
-0.0629208936343624 -0.0300780483876712 0.122747103678219 0.0250742900024077
-0.00583544199510195 0.0366417231235341 -0.131096191287493 -0.0182985725527641
0.0246777977675391 0.0246924011139471 -0.0506883321255169 0.0184208545812121
0.0391335942789453 0.00405515262166093 0.0301282553472495 0.000278430139032832
0.0220126941213412 -0.0157353329949231 0.0620964660372386 -0.0384962663886568
0.0114258025246823 -0.00966845143788841 0.0410708522232388 -0.0999800729081301
0.0133463959058228 -0.0102278741638128 -0.0251660723004928 -0.114976399003574
0.0140008584313846 -0.0221311273047659 -0.0682177382916725 -0.0841364173928137
0.0109713324038681 -0.0201446058056466 -0.0817685257917532 -0.0512708326622118
0.0187289550705029 -0.0191696184025017 -0.0930007813495027 -0.0307267692745062
0.0256072765492818 -0.00720107982605137 -0.0954354427552417 -0.0282129409593947
0.0250636906935722 0.000241123840005806 -0.0830045823825787 -0.0262859815660997
0.0275505450312269 0.00673495364251618 -0.0734877813080897 -0.0144090656628226
0.0329241215174405 0.0215181353220806 -0.0803736550164442 -0.00122901218638753
0.0130713894215679 0.0380203573406401 -0.101797617331127 0.0499851108219551
-0.0110334086699562 0.040505716788662 -0.136689546526659 0.0929400841927414
-0.0708835162875943 0.0513292247394723 -0.10313571947118 -0.0284561508975555
-0.0351024527231095 0.0418324410259477 -0.0288377444268138 0.0164838554578699
-0.00849779902475466 0.0399967958989432 0.0543487163187337 -0.00625185802999039
-0.0060031181144441 0.0302722917824952 0.0810404332411579 -0.0473751772969263
0.00976990588999254 0.0347027948692834 0.0495623110238447 -0.108724118795921
0.0287398857038289 0.0287353131899365 -0.0156443106543153 -0.119704903589345
0.0452774658537479 0.00803452679094767 -0.0590969266367229 -0.0898136693606593
0.0449149848776054 -0.00177318018469247 -0.0703098430078241 -0.0527111033479678
0.0559650763884232 -0.000457606284441206 -0.0814245368258138 -0.0283376669277262
0.05494651050093 0.0226637964680047 -0.085293568564975 -0.0236419079818074
0.0456909673114725 0.0382871034757932 -0.07780968633608 -0.0214735737618897
0.0277054846553361 0.0591863403109683 -0.0669751501111478 -0.0139322005097318
0.00902458437380063 0.0708768286656003 -0.0673651476031 -0.00260163622066154
-0.0341479702195291 0.0692658685968648 -0.08046705043173 0.0529294075998745
-0.0737887738127865 0.0628886972928155 -0.112798971508503 0.0948090427102934
-0.127239969269005 0.0590550855220816 -0.0576798202816656 -0.035648962647025
-0.0952234984550547 0.0542445287057786 0.00542093099359062 0.020519932428388
-0.0608951686852375 0.0767026252807986 0.0862430564544349 -0.00472014135658763
-0.0351140049472386 0.0817632068971727 0.103312911519317 -0.0522977809147568
0.00894938245241197 0.0808639354382915 0.0579332297907694 -0.108763455979078
0.0424917387433549 0.0658800358481317 -0.00211240691474225 -0.112814635778003
0.0707056140045755 0.0378763668207838 -0.0413351214537359 -0.0831436990684365
0.0717879026254783 0.0162584215278042 -0.0480645805357254 -0.0472944056456702
0.0849897560025612 0.0155509919511353 -0.0588922828985604 -0.0214101101463339
0.0782720442363235 0.0464011394240112 -0.0642981211148707 -0.0134112639954161
0.0641126330329634 0.067498086066611 -0.0667895312316135 -0.00948835992399468
0.0320449143589019 0.101668952032087 -0.0611388290143301 -0.00879664316145344
-0.00716184613286427 0.113628302262051 -0.057289342442832 -0.00595754050791237
-0.0720294279151347 0.0961643087210097 -0.0563688762249822 0.0432786549585529
-0.123781062213105 0.0788236643440888 -0.0739051798401935 0.085363206450508
-0.162609122372621 0.0624446935973947 -0.000186945351867643 -0.0419453965076574
-0.141478412619038 0.0650962534458414 0.0482311624348563 0.0227410342027896
-0.102844652564355 0.111018880265504 0.116562585783259 -0.00286346036034821
-0.0547185571189663 0.129447113032756 0.120042565888709 -0.0512358199259289
0.0138570239247403 0.119533110590956 0.0639175105673373 -0.0967249230794656
0.0550609708000099 0.0930212501729892 0.0144827881767419 -0.0917588586836886
0.0887107735230633 0.0598665320331979 -0.0163740265245093 -0.0662585310030335
0.0887447066771219 0.0312901007704102 -0.0192535988652274 -0.0346619104783257
0.101261464573833 0.0290999307186835 -0.0287028141128691 -0.0105175050171797
0.0903894751569672 0.0640367208973447 -0.0366618176686627 -0.000109555834089288
0.0732077825961619 0.0868313120995436 -0.0500918363255828 0.00689531124558473
0.0323240230818204 0.129759007388672 -0.0543578426206408 -0.00152815072530481
-0.022182207610481 0.141882133302138 -0.0485461354556547 -0.0107774592716902
-0.0998010272399459 0.109536883159618 -0.0331655353189554 0.0238884617989175
-0.155046655221926 0.0810260521486023 -0.026963312296667 0.0668734035419354
-0.17034153266177 0.0573512566700309 0.0602882638793368 -0.051003281026932
-0.160553596132182 0.0664655451615274 0.0919794762355017 0.0146236348832673
-0.124758069029571 0.126488342361052 0.136216323823604 -0.00282297365233698
-0.0634955321350874 0.153304335023592 0.12787110569566 -0.042651806441121
0.0168568612866667 0.13717162809894 0.0708394984983383 -0.0715119978968104
0.0597927581970256 0.104306884913479 0.0368215253901792 -0.0612373395091733
0.0929535095976736 0.0713122411463396 0.0147826807969326 -0.0423133877780739
0.0916919546756824 0.0417823421580635 0.0126418693667772 -0.0179033262741309
0.100559369157412 0.0412748329670097 0.00348720142137146 0.00420099615045989
0.0846483907544555 0.0764454270835316 -0.00742459557393005 0.0166850532670406
0.0633860013374616 0.0988593924760155 -0.032524850162962 0.0255930908984522
0.0154490826169314 0.139446910699053 -0.0465872232920886 0.0061645486494635
-0.04445495466253 0.145266425027753 -0.0390020259792323 -0.0154490480663649
-0.119846817788567 0.0995251536155753 -0.0116487233313132 0.00273696205491635
-0.165675729838915 0.0641615791937133 0.0208821250884811 0.0451214759176054
-0.148283370787962 0.0448610346361447 0.112152433309074 -0.0612705504045945
-0.1485846391735 0.0545335179395842 0.126253381956511 -0.00309271428276047
-0.120470532533672 0.11528402390689 0.140379664736178 -0.00666562013569429
-0.0600449055458148 0.144147641393172 0.122264504268915 -0.0298371554242126
0.0165589122833446 0.127437407224455 0.07519312664749 -0.0381430313891085
0.0536454157082958 0.0958252619185991 0.0598941880810251 -0.0263283583848026
0.0831215121521734 0.0703199376240537 0.0460066356596687 -0.0168920352177477
0.0815379892020631 0.0458594930779078 0.0420950469613762 0.00120146657937617
0.085052851212555 0.0486984691573298 0.0307585049372348 0.0234411264889784
0.0651610768330268 0.0807080508761291 0.0155428236483647 0.0380648683158265
0.0393993129930346 0.0988767571663962 -0.0201867962878527 0.0464385402755815
-0.0123867915802034 0.128513614439927 -0.0417119442461043 0.0167857790053235
-0.067644393601578 0.122895015827256 -0.0297832767644307 -0.0157477289049823
-0.125999602918796 0.0679186701196285 0.00865132861101091 -0.0125320163254725
-0.152594692878278 0.0339999915144051 0.0651957446513987 0.029279661185324
-0.101013618680287 0.0232792040327861 0.144691807302578 -0.0734905639331853
-0.110603320671871 0.0304694979051437 0.14201162684129 -0.0257392069199074
-0.0951043305950722 0.0811754589366409 0.127680198108791 -0.0105980772700003
-0.048914211019551 0.105984059170628 0.107019255112584 -0.0146926282613212
0.00967165645455418 0.0939381979792951 0.0770945711528058 -0.00662716496143947
0.036178201389264 0.0724368015236455 0.0789842074476528 0.00382727714635098
0.0579511703555397 0.0581200224422522 0.0722005061011471 0.00565805555195611
0.0580001944921191 0.0423382999312626 0.0642258420488134 0.020475230167879
0.0580673059925164 0.0478178823705364 0.0495136208796637 0.0454790560992783
0.0380964416012955 0.0727742370392663 0.0275361601728253 0.0624013949486557
0.0129484957594383 0.0842866287769403 -0.0174400191681309 0.0680379051949235
-0.0367703764759556 0.0985071341705501 -0.0419603927572342 0.0287109280313406
-0.0793198187862767 0.0816001710933446 -0.0240196252719821 -0.00991385723375647
-0.112341557018248 0.0260988184379936 0.0240143283141044 -0.0166360538338178
-0.116334784788984 -4.17013528032969E-05 0.0996803880142347 0.022525373472691
-0.0387770913420468 -0.00527094052980688 0.1533533290906 -0.0817003947867776
-0.0590125184604124 -0.00171602089276018 0.137547902842099 -0.0461608074010505
-0.0587234854769322 0.0337703462857094 0.104819814646637 -0.0111796936205665
-0.0345647473006404 0.0513910776136016 0.0882045200723596 -9.34290199008654E-06
-0.00351269174977663 0.0484095524463785 0.0789491007089911 0.0165626550971992
0.0104776144811704 0.0402353948826157 0.0914184128338813 0.0232880541188196
0.0228545969892534 0.0392246740211067 0.0890637634406932 0.0210332188625966
0.0264731462593015 0.031800487701782 0.0756084055693149 0.0356826261973561
0.0263416313352171 0.0362475800278354 0.058633255606143 0.0649401294507776
0.0128630340460745 0.0503115068021096 0.0279162011651932 0.0838884507981703
-0.0044700691172353 0.0568158205529155 -0.023917101095803 0.0853431701523873
-0.0426487988741035 0.0587116147622357 -0.0484187777228144 0.0389159083557997
-0.0699751789119964 0.0361408329128741 -0.0246681764187434 -0.00066596330565107
-0.0783983932612072 -0.0109399438573458 0.0306530539610587 -0.012211691208824
-0.0613411168514157 -0.0289224703260574 0.120016989254289 0.0239920407688216
-0.00561639769959793 0.036320635509753 -0.131220078192638 -0.0193404342289205
0.0251711522005046 0.0254425619776275 -0.051408099021524 0.0189498976070856
0.0400645984781734 0.00453904509537417 0.0308554665584663 0.00173690405807967
0.0221604778935214 -0.0155252308308943 0.0645637724536328 -0.038345093339899
0.0121086037868427 -0.00895951723078385 0.042810415239421 -0.100280336073766
0.0139945321343182 -0.0099739816558395 -0.0244594882519484 -0.114530994514231
0.0134076844499644 -0.0216838114094066 -0.067510584393087 -0.0844316818380613
0.0109393064715086 -0.0202453955398543 -0.0821883459378993 -0.052330809666957
0.0188110620815143 -0.018836334519028 -0.0929514318609108 -0.0304957353265985
0.0256977957769069 -0.00736622610200774 -0.0966735272865841 -0.0283543699523332
0.0254677775618206 0.00037017548008643 -0.0843347361635898 -0.0273656196190719
0.0274880555354912 0.00712068711947709 -0.0738453884463064 -0.0165657269449303
0.0336986609508946 0.0213317741334075 -0.0820999460920129 -0.00305801738421305
0.0129116541025878 0.0380373195665749 -0.102480822475962 0.0485264905779224
-0.0115446326651718 0.0405685200949746 -0.137080646342631 0.0937208425957967
-0.0713248593809922 0.0515434474455228 -0.102554441947137 -0.0293604512318828
-0.0351446817467634 0.0428401060206765 -0.0284254196638356 0.017275722053959
-0.00776750116676933 0.0406128137098565 0.0564786079209297 -0.00431137105610467
-0.00542331560776547 0.0314350383609238 0.0844236185571271 -0.0470854492483911
0.0101554476995181 0.0356006922611135 0.0512122493991418 -0.108536238182486
0.0296113061168377 0.0290507938729122 -0.01467051943411 -0.11965201678084
0.0446810165832568 0.00778656405470354 -0.0582857879277183 -0.0891385035769268
0.0446991448891133 -0.00168331603708399 -0.0698287278532537 -0.0539617291622886
0.0559486145996015 -0.000546356207579497 -0.0813145153729612 -0.0283215563075164
0.0551386473680251 0.0229613071555935 -0.0862422719967277 -0.0235211980575284
0.0456382909943295 0.0382651267728723 -0.0787619709260279 -0.0220032912398927
0.027682669080578 0.0594871043787161 -0.0678136996390862 -0.0153547834517389
0.00922040320841204 0.0712554488973089 -0.0687299045475286 -0.00427154468087748
-0.0344072284520721 0.0700940024161166 -0.0810477844638057 0.0515902790749046
-0.073978357002639 0.0630071501176339 -0.113590507266327 0.0957432063423469
-0.126783341263799 0.0597987098474853 -0.0563185423553438 -0.0373968357510494
-0.095342875557127 0.054828085573714 0.00539241577619564 0.0214418795850583
-0.0607775085634394 0.0771211927924662 0.0887453337380435 -0.00257240840631711
-0.0352633617070931 0.0835765844937816 0.106287816099492 -0.0518353138813957
0.00907318189235799 0.0819649310205815 0.0600680253671884 -0.108442228410852
0.0435679863793816 0.0668211372532039 -0.00113817083579591 -0.112595330898368
0.0703225923977198 0.0373235888497963 -0.0403765874016571 -0.082421856440023
0.0720811390293939 0.0163749923040074 -0.0477309801424514 -0.0484420663927404
0.0847033845696692 0.0159982260033165 -0.0581360053869029 -0.02132091483841
0.0793037693892457 0.0463793987316697 -0.0654564157215147 -0.0133661276122422
0.0643301365314897 0.0678382690549434 -0.0678511509813344 -0.00945891978496941
0.0323678494576265 0.102283222221813 -0.0627421394020733 -0.0104352316867658
-0.00732132335414366 0.114074891448712 -0.05845326312254 -0.00751806722188465
-0.0722284497164101 0.0968388781015465 -0.0565292255491455 0.0418305645464163
-0.1239706457165 0.0788876030354985 -0.0738729592706665 0.0862235377997534
-0.161685998181866 0.0627782209547391 0.00105169000156297 -0.043297021207024
-0.141722205825224 0.0656089355470813 0.0490083570208683 0.0236538079107107
-0.10367840308029 0.111514248160802 0.119332574974366 -0.00028075246323734
-0.0550704142240476 0.131029992071411 0.123826456573413 -0.0507111809077947
0.0141667213408423 0.12061746032837 0.0664727806109829 -0.0965378118672844
0.0555448460182685 0.0941731844458279 0.0155862231426841 -0.0925573344211698
0.0885511092083187 0.0586990703378342 -0.015428838722418 -0.0645531106826554
0.0888566364910931 0.0308820288859167 -0.0185761430868406 -0.0357059630446514
0.100584937412939 0.0291020198295437 -0.0280989559105789 -0.0104615867542927
0.0910141640080136 0.0638110760480196 -0.0377205672818897 -7.79093137106986E-05
0.0733434231531694 0.0873234510918834 -0.0514406105239056 0.00721721566340994
0.0328276791721143 0.130204946239613 -0.0558150487285981 -0.00210758533862503
-0.0224015541863363 0.14205745527494 -0.0494731977861556 -0.0124766349479643
-0.0998195733439442 0.110331571064069 -0.0328277014704224 0.0223298455496011
-0.155609167321831 0.0810901824538186 -0.0268391600813336 0.0675181359543568
-0.169092589630794 0.0579626403473229 0.0618500879951399 -0.0525514849785369
-0.161619190664512 0.0665264556920118 0.0927266626240745 0.0161193866659533
-0.126313501356089 0.126838028361083 0.13931592187703 -0.000286611666107725
-0.0637748809047284 0.155393421322729 0.131654012800459 -0.0423516317485367
0.0175961039803278 0.138053725653461 0.0732382626401265 -0.0704906977558516
0.0601145314669307 0.105381231097003 0.0385331544734834 -0.0613555516213058
0.0932794398079853 0.0703706107948597 0.015711288986958 -0.0411255772073302
0.0919634432491811 0.0415664334481883 0.0132983422512521 -0.0187703856460296
0.100002526106714 0.0410632494746456 0.00332734079993503 0.00428258391350619
0.0855526675067633 0.0766919269507927 -0.00839863826517727 0.0166908922375206
0.0636457284408323 0.0992183718399797 -0.0343358679825587 0.0259646092958908
0.0157076360881441 0.140546866572605 -0.0478088026475601 0.00599471391299086
-0.0445130711062876 0.145546402316893 -0.0398476685203883 -0.0169086680589368
-0.120305927099503 0.0998835660416208 -0.0112705141600838 0.00113859410301102
-0.165565113630594 0.0647555542243113 0.0218011414245486 0.0461195882627354
-0.14755182065225 0.0445494256275319 0.113935411337849 -0.062373918449045
-0.149714983861988 0.0547418237667481 0.127155420242338 -0.00154850666485532
-0.12234075694 0.115370260583338 0.142730151969788 -0.00407042069169694
-0.0607569717264997 0.145959784779183 0.125311653261837 -0.0288229639722507
0.0163819411878035 0.128376121268264 0.0776325300596936 -0.0376032520072245
0.0539787343124642 0.0971805067709071 0.0615399572168331 -0.0268480924336577
0.0828972551531998 0.0698378370276466 0.0471810774016344 -0.015654169445271
0.0813125265634411 0.0455544032827678 0.0427187528412083 0.000790113985043014
0.0842952219400932 0.0484358935079965 0.0308027279484043 0.0240807011587199
0.0655067477224883 0.081513298746772 0.0147759413753571 0.0378597498092853
0.0394628797092481 0.0998641387097028 -0.021903513770919 0.0466459799589899
-0.0124227977647723 0.12940828272834 -0.043085146976697 0.016496800830475
-0.0680448832012139 0.123072221167419 -0.0311187423244922 -0.0178307808341002
-0.126322039617071 0.0680632914968314 0.00883646830572412 -0.0141064017918615
-0.15255440392244 0.0339365170753978 0.065542709100217 0.0298300218128247
-0.10070613112067 0.0230771264824752 0.146597690756518 -0.0735401243430102
-0.111425119488804 0.0301081729471359 0.143187214380448 -0.0247190407657574
-0.0967254420249465 0.080993171272986 0.129611153920731 -0.00807639596109557
-0.0496323119687213 0.107403959571562 0.109418374169633 -0.0139380162821906
0.00933298277530953 0.0948781235716871 0.0791437123695884 -0.00579823551857666
0.0360316930249334 0.0728874395912096 0.0804089016382341 0.00317390880588286
0.0583811492981346 0.0576956708792352 0.073120111740204 0.00655765763904145
0.0581109969953227 0.0421291205209469 0.064701213888223 0.0202391986263832
0.057723567498351 0.0472080909274254 0.0492399838903115 0.0454537774744152
0.0387816402721871 0.0727007319313692 0.0260980551878867 0.0622206931572256
0.0131745457048041 0.0849460534287656 -0.0192814528006978 0.0679431082475171
-0.0366871576591008 0.0991420708713725 -0.0438311023320635 0.0281534204590042
-0.0799006000518587 0.0811773304121483 -0.0248346962117948 -0.0114819224380245
-0.112980772512642 0.0259914345558572 0.0239732413028851 -0.0173923450253372
-0.11575391637734 -0.000691699939310127 0.100274518409958 0.0231712784440026
-0.0378262420025564 -0.00541073091221212 0.154875682599583 -0.0825017182275575
-0.0594484565811712 -0.00218134110806526 0.138078091514839 -0.0453373981923073
-0.0598188646414547 0.033450395978978 0.106394909825432 -0.00881479375827916
-0.0348591370975496 0.0520369198541018 0.0902896119115972 0.000984618835850391
-0.00345556153705334 0.0490686047601349 0.0804868577438625 0.0171550035111706
0.00990858791391951 0.0404192168145962 0.092917700843334 0.0229940553457009
0.0227728032016988 0.0391838916358222 0.0893022281184074 0.0212626047773333
0.0263616534033646 0.0320584665262073 0.0764077377443843 0.0362069860227844
0.0257006344944061 0.0356005227844588 0.0580114603260975 0.0649114348890807
0.0132875563434242 0.049945997898928 0.0262957205165502 0.0841337542659503
-0.00410394464320921 0.0562404287400478 -0.0261290692942229 0.0857896415324346
-0.0428476998897702 0.0595799476125187 -0.0503399452788195 0.0392418336494344
-0.0710075177619456 0.0357985057837366 -0.0252673911233505 -0.00167355619664044
-0.0785812935029543 -0.0112928497136806 0.0302284783794332 -0.0126148139278827
-0.0609838860145828 -0.0295202643936862 0.120127359858178 0.0247966820370595
-0.00615945939749143 0.0379605713771907 -0.133886901362989 -0.0196697849546305
0.0258438382112544 0.0268552639445423 -0.0524410993519757 0.0206358864335775
0.0420539996462807 0.00486568468018764 0.0336723002051995 0.00211344011938564
0.0237257010926794 -0.0155369580182002 0.0686029111275097 -0.0395902342704721
0.0132006494702124 -0.00899299275069196 0.0445986284596917 -0.103230927216933
0.0147564358069281 -0.0101499239935751 -0.0252961033199327 -0.116691314046565
0.0133632611112731 -0.0225161565659723 -0.0689576832374455 -0.086308409127778
0.0109730856315825 -0.0207222273319383 -0.0849808321914937 -0.0541514033444954
0.0197039427755332 -0.0191554673046017 -0.0958505951985102 -0.0309798562962357
0.0264814300002011 -0.00802116142108993 -0.100441645190973 -0.0283708859930103
0.0262747448181586 0.000139669094996073 -0.0877118104255947 -0.0281901820468419
0.0289076728079524 0.00738586633135196 -0.076925746465696 -0.0182892796600047
0.0353743112903526 0.0223078612803807 -0.086257995132022 -0.00430510251766731
0.0133676889135805 0.0392892937295879 -0.10509402015138 0.0496028530562894
-0.0121793330338689 0.0418665752689103 -0.14070745845279 0.097714174938342
-0.0726977147846173 0.0535732002331179 -0.104320396679122 -0.0313519569018622
-0.0354909104570178 0.0448563041355917 -0.0291207550599906 0.0187708237088947
-0.00733213574167376 0.0421779321421589 0.0601215335196983 -0.00371792443989555
-0.0051408427625587 0.0333295907965482 0.0892839098029532 -0.0494343085502904
0.0109949749298593 0.0368836915303326 0.0535920100115104 -0.111574029028865
0.0318359069778616 0.0299378482426988 -0.0151230534213149 -0.122735763537775
0.0456383372123116 0.00746223863154342 -0.0597093399646184 -0.090154045974971
0.0461053479580149 -0.00237741932869828 -0.072108744281117 -0.0562165014953822
0.057503543805376 -0.000739309041001186 -0.0840553784868008 -0.028565420135363
0.0573887727048387 0.0229517320394651 -0.0892603521975769 -0.023169340760316
0.0472556745538136 0.0389406191189421 -0.0823629415665847 -0.0224253690028261
0.0288773429499975 0.0613047026727561 -0.0708633677424866 -0.0173072326172054
0.0110170627462161 0.0733463246278606 -0.072161513890474 -0.00607778224647621
-0.0353169015466014 0.0728591049770234 -0.0829130422651576 0.0524298538271218
-0.0762909000995026 0.0653350080468986 -0.116068776157304 0.0995511436654635
-0.129360232739476 0.0624524655356311 -0.0574208890773992 -0.0394579279108658
-0.0980093605064199 0.0578368150772215 0.00601847648467233 0.0234182615360176
-0.0621281351327281 0.0802441351976137 0.0938223025958403 -0.00143808091533982
-0.0349257275806599 0.0869542405248289 0.111893059674699 -0.0536727951249536
0.0107848602128494 0.0851272047959787 0.0631647683537661 -0.111258435529993
0.0463422407956013 0.0686673062589688 -0.000868537628719802 -0.115568539488099
0.0726614176356801 0.0370687678207639 -0.0405705455494882 -0.0834552550302105
0.0740488386861886 0.016137222923397 -0.0489749359260144 -0.050968738021223
0.0871083593417118 0.015481475636947 -0.0600396903690593 -0.0218989391478626
0.0825002927062904 0.0471759130805697 -0.0681614751915618 -0.0129747225539399
0.0663776247206049 0.069551868599531 -0.0713813424492317 -0.00920427382639384
0.034189539016718 0.105096291815353 -0.0657476888438611 -0.0115437065453086
-0.00633868006860568 0.117645812186515 -0.0614714083821182 -0.00949803202167406
-0.0736135083043915 0.101003647537032 -0.0579979065518505 0.0421721863076811
-0.127294952282379 0.0820870297183403 -0.0753394188191447 0.0898369857366816
-0.164841147162252 0.0650692644979875 0.0015286605975694 -0.0463746480979931
-0.146240238039849 0.0691897967193918 0.0505249420089637 0.0251441094597377
-0.106227695443447 0.115998023369388 0.125473838522462 0.00103768687837745
-0.0552857469173632 0.137559128138679 0.130457889883823 -0.0532335032496936
0.016160222176771 0.124931999883769 0.070233363822446 -0.0994447873702888
0.0596729659316179 0.0969252660810744 0.016718884107596 -0.0951758910812019
0.0908902383119466 0.0591543019896934 -0.0144134964586858 -0.0653833317833375
0.0912962681989049 0.0303691813488638 -0.018926006643059 -0.0377908004746665
0.102925761434298 0.0290344063025748 -0.0290856291974445 -0.0109273601021869
0.0947160031718989 0.0647617118992004 -0.0396614247731881 0.000515454828104012
0.0761227263451685 0.089724452276062 -0.0548828326556351 0.00789561029451688
0.035063621979251 0.134392139761312 -0.0594023768004557 -0.00316262242008813
-0.0218103153507931 0.146847679193217 -0.05244370339932 -0.014495923430974
-0.102599976753989 0.114792833288952 -0.0340743760555752 0.0221968403513341
-0.159604009796879 0.0849650094551512 -0.0269352393178863 0.0703850946059319
-0.172586222141479 0.0604154687378551 0.0639976547945668 -0.0551210940031653
-0.166425884769153 0.0697388059298757 0.0960900141010929 0.0173944138699848
-0.13002601457773 0.131228162704749 0.145714784773404 0.00159596958110979
-0.0644654466268788 0.162506627774302 0.138575789201209 -0.0440429737876404
0.0192037882027825 0.143043047714575 0.0773872799580299 -0.0724125363832875
0.0636155106561485 0.108093623355301 0.0402572571811632 -0.0633244878335299
0.0960416752060095 0.0707782409656558 0.0173933388938848 -0.0411965908420665
0.0951455957608335 0.0413118877044118 0.0138146258806292 -0.0204957131908586
0.102212838999008 0.041347561459628 0.00365486083870326 0.00448071727071934
0.088989486170969 0.0779735607343319 -0.00997759326761657 0.0172534995998138
0.0660507989789327 0.102376178777677 -0.0365607029718991 0.0270312494250415
0.0180334247015648 0.144876047592772 -0.0514438971096418 0.00578191317806775
-0.0446607071307669 0.150370820528216 -0.0424160385471837 -0.0194777505419083
-0.122849825420857 0.1041844138519 -0.0114594002834598 -0.000515400636805216
-0.17007278388508 0.0679012680154861 0.0227759412957314 0.0481343131508965
-0.15036005882755 0.0463215889575274 0.117668031262984 -0.0660354973599088
-0.153604379393344 0.0568077746675869 0.131255346549474 -0.00137139624512087
-0.125950068447953 0.119684434303519 0.149021290042009 -0.00229309651287642
-0.0618971826189939 0.151997992115681 0.131361747885386 -0.0304537758120778
0.0174583244110037 0.132478082960181 0.0816698310171969 -0.0386399504956864
0.0566314519772327 0.099809571472388 0.0640599347454736 -0.0280560531658454
0.085695264019773 0.0699740982460803 0.0495202297916192 -0.0152486121446502
0.0841237551879967 0.0454492720634272 0.0444007613911116 7.88480999426622E-05
0.0864387726949139 0.0485360320628755 0.0317510288137124 0.0244329725848554
0.0689553740531527 0.0826962549787538 0.0140867607530742 0.039172607520003
0.0416417455833153 0.102469527540847 -0.0234286848102627 0.0488501614592456
-0.0112562249099096 0.133791574911121 -0.0460806544641385 0.0165712659330011
-0.0695346438219021 0.127147676746727 -0.0330741154274964 -0.0201267886278606
-0.129489489828659 0.0709008242898 0.00900600339960989 -0.0157427435947292
-0.156364658790428 0.0360884527690479 0.0679595488546826 0.0307073296300201
-0.10197888770812 0.0240882475466099 0.151159451793247 -0.0777448696106424
-0.115032430908781 0.0314138254661882 0.147905307983798 -0.0250195521748813
-0.10055018607252 0.0841348787044208 0.135517220973492 -0.00746150993756756
-0.0509656288312593 0.111240416940343 0.114745518948402 -0.0145509637711338
0.0102140023261357 0.0976072040072735 0.0833916620546088 -0.00608770186809881
0.0378336138681074 0.0751995577275871 0.0841570127685208 0.00205139137699864
0.0605243379537638 0.0581893161901905 0.07577544376294 0.00709880097105944
0.0601651440165566 0.0426631540900456 0.0669300078412608 0.0202077036207384
0.059466090718815 0.0478725914545344 0.0507120255094958 0.0470126380509606
0.0410492309216481 0.0742932093694712 0.0260516220191476 0.0634397916624086
0.0139859775687852 0.0875753814079953 -0.020805846801487 0.0706651117771207
-0.0372008149114724 0.102985042416605 -0.0463443380329969 0.029335276570298
-0.0824174759212754 0.0841790040269447 -0.0265125103367346 -0.0134709175689958
-0.115613495909253 0.026875250819846 0.0246083282284424 -0.0195177405977497
-0.118946669730542 -0.000195579295499891 0.103390710197584 0.0238314945343716
-0.0380304640088752 -0.00590236402910582 0.159600300357371 -0.085734957100643
-0.0616604724621737 -0.00289823942176752 0.142192998204615 -0.0465251103662833
-0.062354532028283 0.0348570378597033 0.110635342363527 -0.00792175054003079
-0.0360416537852474 0.0544641902793487 0.094643287966992 0.000953928169912057
-0.00297905334345461 0.0501979583331628 0.084457389687794 0.0178938985379772
0.0097216318891759 0.0418223913777978 0.097475545279411 0.0225917004747494
0.0238423495601147 0.0395834584149514 0.0918880907431082 0.0215358391290073
0.0275932420552962 0.0324706745426889 0.0789840066960796 0.0366986419778401
0.0266792115390027 0.0366282002654557 0.0594868486572689 0.0675935884972639
0.0147268588578176 0.0511731903869987 0.0262054490930837 0.0857972759113576
-0.00403433081310334 0.0583913090868419 -0.0276560647959552 0.0888810210658509
-0.0439666767130351 0.0615946238360174 -0.0529745091363997 0.0404974115588357
-0.0732752949401842 0.0372386792098376 -0.0267070062850907 -0.00312232691837098
-0.0803166398774094 -0.0116084779506274 0.0310443612914914 -0.0140648318046491
-0.0626587015411451 -0.0303102603257001 0.123395832718755 0.0251052600758567
-0.00317095198270774 0.0409077366676145 -0.141588051416591 -0.0123426315864221
0.0302586399470621 0.0258204107202921 -0.0540397543202397 0.0280165371294876
0.0447390712242842 -0.000506226759352923 0.0355628221720623 0.00432244843605501
0.0229820888868666 -0.0200927901507341 0.0704479322942169 -0.0446317324888019
0.0120412075974777 -0.0124542776028486 0.0392555726398892 -0.10971014381398
0.0132219773764803 -0.0127837923993591 -0.0342732751197439 -0.116709743336898
0.00976995179030067 -0.0247571002365956 -0.0775318988033001 -0.0811197664254728
0.00889555723304989 -0.0219864591573001 -0.0928690482119211 -0.0484425827055446
0.0177896304809969 -0.0218079521030557 -0.104805305493786 -0.023820429006456
0.0269591084950933 -0.0116537389598028 -0.110632385801477 -0.0204773016763061
0.0283409374852091 -0.00426243383526092 -0.0980470853000856 -0.0228487815830657
0.0323120488859975 0.00334188190463721 -0.0863051614655836 -0.014408980497861
0.040122173487613 0.0181861150232145 -0.0956137138305925 0.000723261138984459
0.0176203849579437 0.037736755077478 -0.10792572533351 0.0586542116309524
-0.0107969747829556 0.0433113569009597 -0.140355685811627 0.11168975457406
-0.0676675172115241 0.0648946991323521 -0.112662688502464 -0.0314225431503185
-0.0305289796756157 0.0513662985238786 -0.0310180378792025 0.0199814756846164
-0.00122043911151712 0.0440149767599313 0.0605528879837275 -0.00896187573059811
0.00123411357770138 0.0334871419892868 0.0875042532416828 -0.0595680905176076
0.0157009780162145 0.0344393818297754 0.0448510021690503 -0.119471255115807
0.0345012373326645 0.0264800657741072 -0.0267616495028358 -0.123115705999143
0.0468923108521575 0.0013430952136218 -0.0708926637792085 -0.0852014306045199
0.0458486971792839 -0.0064877219368363 -0.080109069584908 -0.0514406790186187
0.0590300565622375 -0.00765380936080244 -0.091795419495503 -0.0228224810065303
0.0621216339069926 0.0164336501885775 -0.0992874701112365 -0.0163917129872423
0.0535229137318087 0.0340784408619067 -0.092420349391994 -0.0175476435639366
0.0385926317951316 0.0589279316761504 -0.0807212352805577 -0.0154112949553385
0.0198130055048496 0.0736210931819988 -0.0798225312928255 -0.00463025135606135
-0.0307630832145672 0.0784629763168515 -0.0791304407126959 0.0593285579216909
-0.0766540103566248 0.0752017665610669 -0.10850130204486 0.113102217381569
-0.123494781958603 0.079440100135221 -0.0653377026575905 -0.0476441474757789
-0.0920398394022719 0.0711789433129181 0.0058593177242154 0.0189660033706271
-0.0519528418835832 0.0894017684850635 0.0923251580390882 -0.0141252528782927
-0.0222626066374991 0.0926606910507784 0.107428196906766 -0.0699462822550535
0.0210764251745379 0.0838363548766115 0.0513158290923882 -0.120034077821852
0.0540069889134944 0.0645007547111297 -0.0132148989921058 -0.116657554867032
0.0785276430806514 0.0279132165471542 -0.0534851121086673 -0.0793997431976255
0.0763095601886134 0.00920643121775618 -0.0551966798725548 -0.0477785938741446
0.090509779906359 0.00555098681645295 -0.0658268391797892 -0.0179261440256213
0.0907772187090677 0.0385158755479783 -0.0765008392715752 -0.00728791141135168
0.0763532012686219 0.06298056632799 -0.0802358850374163 -0.00321978609524798
0.0491695632748925 0.103802095301065 -0.0762371166659886 -0.0102230016645812
0.00710881840944429 0.12133330592521 -0.0688988878807271 -0.0118361266424355
-0.0682647976334215 0.112649020078101 -0.0507378153689049 0.0455692202439993
-0.129139967501808 0.0979739935959212 -0.0628063811333774 0.100589680676914
-0.158417397583392 0.086855243669229 -0.00474142713458565 -0.0613550100591169
-0.139605875674295 0.0874980196179756 0.0509915424558311 0.0145803138728292
-0.093268055545168 0.13109802931325 0.122461325519327 -0.0180441915105243
-0.0362245755172309 0.146783539025499 0.122742057436406 -0.072828960154941
0.0308283840076552 0.1234988458328 0.0567906370393715 -0.106686601162294
0.070165614874804 0.0918806040024808 0.00490930405654379 -0.0967739239008407
0.100774240470439 0.0479868229988883 -0.0269919448172329 -0.06341904353787
0.0958236727723962 0.0222778162022733 -0.0234039100857629 -0.0370536751854075
0.108571339658321 0.0170241115305499 -0.0319837162988563 -0.00864006351399048
0.105426615855708 0.0549545639574362 -0.0457184838581307 0.00494061559584244
0.0875621269662325 0.082769465452908 -0.0611534764698601 0.0134295193049786
0.0533886102338009 0.134206528986813 -0.0686454965314992 -0.00308946144924427
-0.00643159858564163 0.153383872714287 -0.0588504735031818 -0.0196928599723698
-0.0964093928310447 0.13102932168214 -0.024852557905389 0.0219033584366859
-0.162853379480784 0.103895199775859 -0.0111688962700722 0.0780174573645617
-0.166131793689563 0.0810097819428523 0.0598247340050116 -0.0756472852530437
-0.159609689865579 0.0895475623602424 0.0971983560896428 0.00112610372779353
-0.115065037981321 0.149755034287992 0.142798181904697 -0.0219752551971155
-0.0425522031671694 0.17358023642013 0.129503825363326 -0.0650427319204141
0.0362451668706401 0.141431432364475 0.0654564172101528 -0.0801340388809923
0.0763740364220581 0.103376515904745 0.0315364941203024 -0.0668677205539503
0.107797197970383 0.0592852935931012 0.0070718665645852 -0.0417637196867952
0.100530826461327 0.0324611717040718 0.0126593736879681 -0.0217972918948989
0.109378467585438 0.0299611764679287 0.00401514355643629 0.00428149791590659
0.101289555908809 0.0697369993978666 -0.0128813690010887 0.0190919433906259
0.0787187864785295 0.0962727288257059 -0.0403941759201332 0.0318327374593356
0.0364048190230093 0.146830718217671 -0.0594954626889733 0.00651247654915551
-0.0296199684431917 0.160164849916346 -0.0476790643661684 -0.0259859473727817
-0.11856799175679 0.121546007244837 -0.00242596579425108 -0.00260728662614679
-0.175210772417171 0.0880020462548529 0.0397635920883541 0.0516606216108229
-0.144917450975679 0.0636089024700363 0.114663365152406 -0.0880529066416511
-0.149098236802457 0.0737860756757593 0.133067409040582 -0.0200482863449122
-0.113412057141186 0.136889957901079 0.147085980379611 -0.0252910567152662
-0.041544287368192 0.163246198676996 0.124610229823183 -0.0499051880088296
0.0335595926815759 0.131820011598032 0.0736927399005564 -0.0455159600593969
0.0684019305436842 0.0954628838018978 0.0595052848374235 -0.0331385926180801
0.0975946877810477 0.0601919945191219 0.0430204684407756 -0.0186112639294377
0.0900853283684246 0.0378965431078019 0.0465458721580798 -0.00347325087606733
0.0941765281285784 0.0398580217280058 0.0353117992543586 0.0222343590157324
0.0804518905002415 0.0767432216124178 0.0145578948468349 0.0398316441796407
0.0532941347623868 0.10010605843815 -0.024425196355505 0.0529853943407816
0.00496076219969176 0.138824052309101 -0.0517456629339207 0.0176542853425713
-0.0577134429076978 0.138408747083873 -0.0362940667777797 -0.0265702179578079
-0.12858354401891 0.0881982217401656 0.0175287206384879 -0.0189511834319112
-0.163190594579898 0.0535397421711099 0.0845251452270017 0.0317403838823118
-0.0990294444411822 0.0336108479729633 0.150211189187195 -0.0982698653036166
-0.112857083833914 0.0419365993351853 0.149306738995295 -0.0432803700938363
-0.0915414417183711 0.0968736367676871 0.134141551941751 -0.0260113561307966
-0.0359335822164537 0.120144900972184 0.110677098138323 -0.0303902289494226
0.0217404536557345 0.0971456198312938 0.0804937020345877 -0.0119401134449623
0.047184165212618 0.0726159877804377 0.083799453223194 -0.00362634007716861
0.0697949584592301 0.0512036573768981 0.0737590905950599 0.00102245452063925
0.0654948778016794 0.0373536095725592 0.0713908731187745 0.0152605914482405
0.0660599451050576 0.042462697203693 0.0571302003918325 0.0452157736455836
0.0504422538489966 0.0717834372380778 0.0298131083966649 0.0642621599743244
0.0228248762785616 0.0872954311861099 -0.0185382848193351 0.0762211902559968
-0.0264239639424247 0.110366687133224 -0.0490283290147145 0.0308229007798374
-0.0761338422466834 0.0956592406321583 -0.0274754767970223 -0.0184702837995983
-0.119083839140521 0.0400472797785022 0.0310931796631349 -0.0221011935127987
-0.126836409578605 0.0115346977382985 0.117569203027267 0.0227698710319396
-0.0388678155032016 -0.00433185774888499 0.16019058299568 -0.102564799974902
-0.0631514490967615 0.000943333993414568 0.143305661837682 -0.062198380257468
-0.0594070957131545 0.0419663834658111 0.11192744475285 -0.0214450898772345
-0.0293626090913013 0.0599320056247021 0.0953183974741925 -0.009872008604908
0.00355498643058585 0.050824405017008 0.0869648348674753 0.0117104688985518
0.0149157151915481 0.0410835749739557 0.101211214694589 0.0142626223172965
0.0303208820479449 0.0365812869838642 0.094178074100688 0.0132660908348796
0.031366762175784 0.029809415151935 0.0853098672628009 0.0313100350553975
0.0312336903580605 0.0341734279706692 0.0683591519816631 0.0652806883067862
0.0201504707272959 0.05081726058803 0.0325877052772528 0.0878450928801934
0.00188234705098107 0.0592777250972778 -0.0237664172389412 0.0960047743375462
-0.0380827397116588 0.0684372063232778 -0.0546310834543606 0.044846673816755
-0.07230024583246 0.0459027072686501 -0.0272396338012289 -0.0049542255653148
-0.0855731822845275 -0.00441296604499485 0.0350180342563161 -0.0156201742134951
-0.0691801738722406 -0.0253719309234238 0.13428800884111 0.0226097314708372
-0.00149188944188386 0.0428962778678508 -0.144925273984231 -0.0045617162590211
0.0322880701312237 0.0259743541751923 -0.0522911554884599 0.0331138084962401
0.0467311411058546 -0.00296228561208136 0.0384926927880668 0.00284793089529198
0.0236652996417822 -0.0218468628818479 0.071479767041155 -0.0505038043079385
0.0123554989452622 -0.0135598572065243 0.0357901456795046 -0.11513510768868
0.0131028818375927 -0.0138882966513521 -0.0412569003195335 -0.1170021721099
0.00784860984465829 -0.0256666950244048 -0.083840162005792 -0.0783550905701601
0.00742183230399563 -0.022827664263364 -0.0986873985734303 -0.0443515987022472
0.0170409695547368 -0.0237923648797817 -0.109296890714211 -0.0176373711776617
0.0271916771153557 -0.0136470703944234 -0.115374479971871 -0.0142828455284078
0.0285558828944304 -0.00600352775585554 -0.103302998739201 -0.0181308919898307
0.033783815070846 0.0015689604770289 -0.0910863352374925 -0.0113013543198289
0.0430343766603923 0.0156146954214992 -0.0995638563082546 0.00642419332198475
0.0199904735005417 0.0388122043438916 -0.106141718906928 0.0654247936921292
-0.00867032749406354 0.0456179614781632 -0.137450540782417 0.123861810036368
-0.0653335112278823 0.0713455577494273 -0.116991257806197 -0.0265542370641396
-0.0277144293225207 0.0554787416669035 -0.0293493582255877 0.0239976559520021
0.00229895344061329 0.0451472121939295 0.0633495526466217 -0.0122596656503933
0.004599035990848 0.0347443708769263 0.0881169930714825 -0.0670298320186974
0.0192638116371802 0.0347288143395436 0.0406616064287983 -0.125392740386373
0.03809329090499 0.0245588007668095 -0.0334179557988775 -0.124165609799541
0.0481117445735928 -0.00160903208916804 -0.0771512089680423 -0.0831298864704299
0.0462797667964807 -0.00983013632531097 -0.0855153655359616 -0.0480657559712491
0.0599254146619925 -0.0120645517558385 -0.0953555745607094 -0.0174094384829032
0.0656632307601389 0.012815991155266 -0.103858321935944 -0.010024443104091
0.0571197681719861 0.0315986697795578 -0.0977446801721482 -0.0121059177131916
0.0437749114759004 0.0580587950153191 -0.0858485884894976 -0.0122433377798513
0.0255888442262209 0.074156893550301 -0.084147655109782 -0.000523846381576462
-0.0263874734242109 0.0838485616948401 -0.0770083451122419 0.0644874739434137
-0.0742404403366636 0.0817993285916492 -0.104172178575655 0.123249924693742
-0.120938659789872 0.0897696621526204 -0.0691859435329586 -0.0460814734974674
-0.0897225240230291 0.0797203751915725 0.0076456913764577 0.0203744601566573
-0.0480561261826406 0.095816718169635 0.0967239147778787 -0.0196381328135274
-0.0155072782887002 0.0972684624680881 0.108015020084408 -0.0783136817470841
0.027378051578112 0.0848994487008407 0.047140424738156 -0.125936248574607
0.0607527499971529 0.0621876078542909 -0.0197901774286781 -0.118855026891374
0.0821595066479787 0.0234580455851375 -0.0575460854085534 -0.0778705489489853
0.0785659897098581 0.00381443551592176 -0.0600538611490286 -0.0460012580472379
0.0933730748177242 -0.000399370164257208 -0.0682434584106063 -0.0139721768414667
0.0963469229819054 0.03337371987636 -0.0799398542967861 -0.00216738714475464
0.0823700113714952 0.0599214944786124 -0.0841672584585043 0.00113304509990829
0.0573689600381493 0.103814796172482 -0.0806034604978709 -0.00707340112864634
0.0153020139570776 0.124466547393421 -0.0733746953656269 -0.00923906536010616
-0.0629990188855568 0.120874677884141 -0.0489176100827291 0.048527881739653
-0.126639217610376 0.109225833879681 -0.0575935424445602 0.107935026615825
-0.156190963947262 0.0984311189778993 -0.00806463451367495 -0.0636990835298186
-0.138061627753084 0.0985721178617776 0.054039931053264 0.0136885648145599
-0.0872777823452036 0.14154724491994 0.12849942730203 -0.0251490314690901
-0.0268571484580786 0.154048583629377 0.124376452539581 -0.0831612034220139
0.0404213793696616 0.12548484772921 0.0539426180478374 -0.113845894146371
0.0791805965071257 0.0894610661934252 0.000525561444034207 -0.0999760116989421
0.105975956264373 0.0421804756936116 -0.0293642964260203 -0.062908479992926
0.0990620216996693 0.0159800110158948 -0.0259568526137088 -0.0369203020591675
0.112131000210881 0.010085003775702 -0.0337320380619278 -0.00708024240326648
0.112422557882149 0.049484906837872 -0.047815797148605 0.00841509921083845
0.0954064449505089 0.0800379442327362 -0.0636860454256439 0.0180259269475546
0.0631296367786277 0.134760738269964 -0.0723786070497426 0.000690449888856041
0.00383904999548179 0.157920158466118 -0.0638851989631737 -0.0179657243323059
-0.0905595521852327 0.140853006313976 -0.0247718288711012 0.022322942409548
-0.160689628053375 0.117680384349429 -0.00572186990818133 0.0808663348047955
-0.164535403833766 0.0930874046265877 0.057213130897872 -0.082468059145448
-0.158526837141578 0.102016505246987 0.100626680005491 -0.00301567939584911
-0.109026444129669 0.161963575732892 0.148148140013877 -0.0294589281670102
-0.0315845731556397 0.182259994458909 0.131659441162104 -0.0751858313014934
0.0464204415823237 0.143366341479571 0.0645548555188143 -0.0860710653152663
0.0862302774510155 0.100949667024284 0.0294811707709709 -0.0711227129790321
0.114110860873158 0.0529836098797844 0.0074206298084427 -0.0427421197298819
0.104683168820726 0.0262520408044229 0.0114986508823379 -0.0240484138546451
0.113560806505792 0.0231261994232701 0.00403504324604265 0.00404444306751368
0.109152519181343 0.0641433404156174 -0.0131481335957281 0.0212532715504035
0.0872463746736849 0.0947986923549595 -0.040506618966175 0.0357009018333153
0.0470818036996275 0.149003517514673 -0.0624116118465925 0.00925607860249377
-0.0199547704322315 0.166618690403991 -0.0533476926765043 -0.0253686913064485
-0.113801614540412 0.132736722983065 -0.00311752217054903 -0.00422672450310249
-0.174381239272863 0.102071958694978 0.0446349185617532 0.0509732729278863
-0.144110892288381 0.073713553311166 0.1130752656835 -0.0980999641212535
-0.14840008609238 0.0848883850160071 0.135741445967314 -0.0275892472422177
-0.107717147825614 0.147847214474255 0.151694290920547 -0.0338166525049051
-0.0315633605394801 0.171021172122738 0.126850888798975 -0.0594727862189911
0.0427941381329013 0.133575407270901 0.0756026889552754 -0.0508676161393783
0.077357884484516 0.0939074523226344 0.0605232119894555 -0.0382111369364858
0.103431922612435 0.053944176594053 0.0451215458945918 -0.0209692974380182
0.0944234386395345 0.0319158943239963 0.0471729359284563 -0.0068306192300417
0.0988814145212285 0.0343011237569181 0.037211662493351 0.0211700655984349
0.0885469581745101 0.0729118484682493 0.0159590103287338 0.0402594075492045
0.0612888375417066 0.0995880582626215 -0.0226838955034921 0.0569368732143823
0.0139434038227073 0.143116193006865 -0.0534948385002652 0.0207739110190454
-0.0502109853522487 0.146550112208089 -0.0415083786582394 -0.0264281630779053
-0.126791380261723 0.0982117593919943 0.0159327674745997 -0.0217733331058264
-0.163874025910478 0.0658185032599998 0.0890101417747367 0.0272378216674558
-0.0986365221031835 0.0403005487447482 0.148600267647944 -0.110486438289652
-0.113259763765576 0.0497899255773501 0.150549441355477 -0.0528934125377326
-0.088990243744302 0.105765423727936 0.138558537411817 -0.0340176872017282
-0.0294878901769189 0.125794580043816 0.1134245523949 -0.037564864936647
0.0281615490252019 0.0988932342598138 0.0841572965269151 -0.0174765930794421
0.0528538269895469 0.071050486132952 0.0874297411764096 -0.00956699625534035
0.074670749196977 0.0473009141101597 0.0776579645938619 -0.00299023679741257
0.0693738728753678 0.0329676033931394 0.0744596618854651 0.0110303531866362
0.0701533508075081 0.038286524170359 0.0616030155549801 0.0424387786192282
0.0571067211244692 0.0695995648346597 0.0332195988115496 0.0646515810184944
0.0295190437410006 0.0885972280293293 -0.0154772564859889 0.0799991792519009
-0.0194984863323596 0.115688723397451 -0.0505417519346854 0.0347882723798827
-0.0723692705418286 0.103145713010116 -0.0315493195516102 -0.0189786271537256
-0.11939385902009 0.0478614593822492 0.0301328335193754 -0.0257163782998352
-0.128627659458579 0.0196250992626164 0.122256490541671 0.015831587097181
-0.0393405028305895 -0.00296742678893419 0.158572108185698 -0.115041240769606
-0.0648261035496562 0.00424068081661942 0.143476705993855 -0.071767089233628
-0.0594861743807918 0.0468020971996249 0.115633905817547 -0.0271698189394525
-0.0271129717404675 0.0638612715802641 0.0986496228060417 -0.0156713399858301
0.00627639701945901 0.0518203216405444 0.0920107477686146 0.0062081445841884
0.0176557077860708 0.0413515778529786 0.105754691048977 0.00752334238208682
0.0334003743138721 0.034887340545833 0.0980318336595033 0.00798653940777648
0.034196268639293 0.0284870423196926 0.0896210113456542 0.0265607433844908
0.0341572798981309 0.0329472371764011 0.0740324037327509 0.0631355792581456
0.0248306935412655 0.0502054620768666 0.0372237289488486 0.0885732280872668
0.00531073369174101 0.0607777930435183 -0.0195049157330015 0.100675172738124
-0.0346489601108242 0.073375512559952 -0.0551566312800904 0.0494876348972585
-0.0719057189625117 0.0520300128539116 -0.0296949156355402 -0.00478188215757879
-0.0884664417568148 0.000168686383630332 0.0344404864196633 -0.0191164572598377
-0.0725494625033474 -0.0223722855682318 0.139152173139975 0.0146466123030031
0.000831150036921449 0.0437708266825663 -0.143484104029108 0.00358941373668102
0.0343962102101317 0.0239652475351128 -0.0491026170036314 0.0380700174710816
0.0470180224556471 -0.00577878062607622 0.0402610775995588 0.000202897497263559
0.0227948484656048 -0.0239142761586635 0.0698397328613951 -0.0553734930453067
0.0129654761116958 -0.0148074804779271 0.0289433820906363 -0.117369477475666
0.0126026013416674 -0.0151373134331592 -0.0477256079895707 -0.113353661671668
0.00591015376604538 -0.0257568769642829 -0.0881555307288723 -0.072863701349851
0.00538910491496551 -0.0228799606573734 -0.101674585036911 -0.0374259287397542
0.0153681802469729 -0.0248333581666575 -0.110066238936338 -0.00952270248795939
0.0261488240403915 -0.0157365685740086 -0.116651555773177 -0.00558367749321079
0.0280820063445205 -0.00839248757540719 -0.106246485222557 -0.0115772891487664
0.0345448637665715 -0.00121699555208568 -0.0934067295550823 -0.00643558681816321
0.0448259185466747 0.0121368366404653 -0.100159521568383 0.0119993623466617
0.0224533173432417 0.0381344777856318 -0.100876931078501 0.0714494786107254
-0.00599642381580937 0.0455491072531404 -0.127927954699889 0.133281106760146
-0.0604686650640286 0.0761364095631246 -0.117144729770773 -0.0198746859111794
-0.0238702178303261 0.0578783439832232 -0.0260881092452506 0.0272085055585321
0.00616286199976631 0.045602288115473 0.0642509304440402 -0.0162491967570752
0.00810193820728574 0.0341102980576881 0.0852743689613145 -0.0733269201542024
0.0225573064329268 0.0331883888421021 0.0335969911096154 -0.127940226891636
0.0405131158290239 0.0212404697767843 -0.0408483180623158 -0.121083057678753
0.0465389854275839 -0.00457173442170207 -0.0801631272731022 -0.0778597641423087
0.0446287239041186 -0.0133097253172449 -0.0890227390532351 -0.0421473303003322
0.0585311405130816 -0.0164212482371664 -0.0961539119823272 -0.0104400140095807
0.0662755372300385 0.00794754457942195 -0.104691062044682 -0.00228612569011268
0.058828965387762 0.027411152857282 -0.0998948229783081 -0.00578711622041981
0.0487200338660651 0.054817542704459 -0.0884254274586225 -0.00743482198383456
0.0311604830224467 0.0715197526611056 -0.0852964986756304 0.00455073833746641
-0.0211173599460633 0.0857622162712057 -0.0722152374638816 0.0679555174801516
-0.0683046170849313 0.0873736311289765 -0.0947159126974818 0.130688042374926
-0.113916992763742 0.0975658160300179 -0.0712448576073462 -0.0425969421835556
-0.0843891241815303 0.0864307164824861 0.0104855725433812 0.0215266623811358
-0.0402212448627996 0.0996857432843802 0.0975179553202568 -0.0256344499005623
-0.00733443062341718 0.0988871515572652 0.104680381459985 -0.0862094573491223
0.0343701397280374 0.0826851821763935 0.0414120731872138 -0.129545001829208
0.0658279837531826 0.0571839546193785 -0.0267961317128883 -0.117223939423859
0.0823594150902804 0.017093773783469 -0.0601179745934716 -0.0739064337414445
0.077711276926102 -0.00192128274636194 -0.0633734468686414 -0.0422403118514078
0.0925256362104543 -0.00792288629830877 -0.069270750812252 -0.00929697449975229
0.0987208228807816 0.0260402654670124 -0.080417670008807 0.00441441193128187
0.0861676434458605 0.0540023119368525 -0.0855614659079001 0.00725541520968749
0.0655820374755677 0.0995240390078384 -0.0825907763285715 -0.00264247528430163
0.0244462672348373 0.122308745076136 -0.0754195563571686 -0.00471282695178846
-0.0542148686843517 0.125707982206956 -0.0451381528003174 0.0500173784659974
-0.118406324149193 0.11837760736951 -0.0490485826994826 0.111842230929098
-0.147932912848641 0.108664985922415 -0.0113292614204049 -0.0641148413084869
-0.130885503438177 0.108379795679748 0.0561396395602663 0.0118340897853622
-0.0767935839801394 0.148171641034621 0.12895760733162 -0.0335885649038644
-0.0138814668724212 0.156135452977335 0.120788308607403 -0.0922303124660003
0.0494234933700496 0.122032303304979 0.0488248410818521 -0.117331863933626
0.0867368585095699 0.0827650368157405 -0.00563172758567797 -0.100409830192359
0.107829313289287 0.0341581117883376 -0.0304515027239792 -0.0607132344766071
0.0988804537130121 0.0081876164072844 -0.0291617798745558 -0.0357169097665539
0.111853196311771 0.00127357828839859 -0.034028507764891 -0.00472741693143925
0.115752696188863 0.0406201327667514 -0.0474726370760975 0.0122621790599736
0.101323501750407 0.0729665383613214 -0.0635659984208446 0.0224427206138204
0.0735856421642155 0.129731115444047 -0.0745373878833908 0.00527259730809509
0.0151638498931857 0.157324654607311 -0.0669775640294434 -0.0141103403788099
-0.0805391321046189 0.147021495003225 -0.0230904905969608 0.0229205337921598
-0.1515115916368 0.129523202945571 0.000611891442026541 0.0809817522752574
-0.156558750847769 0.10319117827502 0.051667326655596 -0.0860177362665309
-0.151336329004297 0.112787363659674 0.100987060240753 -0.00794472558106371
-0.0975188882236739 0.169620945434856 0.149190621481904 -0.0386968233211983
-0.0172651990696418 0.184718712501183 0.128450259256266 -0.0844536369906311
0.0569773976280101 0.140195474074652 0.0614699297163512 -0.0910161744412524
0.0936648872915122 0.0940136824010351 0.0251136624100173 -0.0732967011271485
0.116140448138952 0.0437441648418989 0.00748799819879906 -0.0431023670162482
0.104724397361366 0.0180804333746034 0.00981962395326468 -0.0250571328754622
0.114492186390837 0.0143742274723224 0.00386711976063913 0.0038773293681844
0.113679292864361 0.0553736449853459 -0.0127072790395089 0.023004807110552
0.0938043682444117 0.0884143834681189 -0.0390990334391568 0.0386725524034091
0.059342714670675 0.146115495626802 -0.0639219626286368 0.0130570263062766
-0.00775688747252991 0.167382814671338 -0.0570138996074667 -0.022265172753205
-0.104352624793472 0.140373227119513 -0.00360548883401374 -0.00551717894940118
-0.165975578779339 0.114244316926236 0.0482973220864905 0.0474048556487428
-0.13680988895198 0.0817458744402104 0.106523642686267 -0.105765959578559
-0.142859984059183 0.0942279226946805 0.133900221860555 -0.0348736696094733
-0.0974589271768758 0.155862255010049 0.152020923927513 -0.0431256005822147
-0.0195474663727064 0.173108256107573 0.124665731781297 -0.0679125891987265
0.0517827977002871 0.130140205368751 0.0737439102752543 -0.0564384567783318
0.0841640670573198 0.0879995941548562 0.0584392349335755 -0.0432254553841116
0.10551147719681 0.046093088220072 0.046162872913576 -0.0242952186520496
0.0954556849901704 0.0250070269974717 0.0461206102858886 -0.0106999072550687
0.100604034416674 0.0266466983709016 0.0385652570519617 0.0179469407795944
0.0937322683211254 0.065741140297312 0.0178019442636083 0.0396219461266764
0.0684634717255675 0.094719527367809 -0.0197946013269713 0.0590189096368227
0.025163788920141 0.142747645515787 -0.0540579991720585 0.0238522982567553
-0.0400242887935051 0.149301793055781 -0.0449551874504595 -0.024622760781439
-0.119456826877372 0.106602715900149 0.014006681585013 -0.0247275379698726
-0.158065373973942 0.0772235970375048 0.0908295581923429 0.0213893472028936
-0.0949984887113366 0.0455355000932158 0.141361057010877 -0.120031924706235
-0.110341956114027 0.0569362465660962 0.146765863039741 -0.0611799459467705
-0.0816014957984247 0.11214320906807 0.138106224541499 -0.0421062694037042
-0.0210151138059662 0.129032095377431 0.112558070112402 -0.0449953494393804
0.0346382203185178 0.0966053658541063 0.0840046869071783 -0.0234022002838105
0.0576193032438225 0.0679110264997641 0.0873299831484961 -0.0163972042123703
0.0767855310939535 0.0411110036478785 0.0788095928999878 -0.00838362742722281
0.0706988318823611 0.0270741832954821 0.0748113893479319 0.0050185890636637
0.072636605760417 0.0330686856313253 0.0636760685394448 0.03774717156215
0.0616962024498786 0.064505372253221 0.0361635113150012 0.0627991489295878
0.0357196920704247 0.0861905374754281 -0.0114119531336085 0.0817234718499246
-0.010547126764457 0.117288191948968 -0.0495552514351199 0.0378224913647346
-0.0651500542645418 0.108250884035281 -0.0347860209491448 -0.0182242934599457
-0.115978762582694 0.0554472910710206 0.0280172785255802 -0.0290110457139633
-0.126701281509599 0.029109312643292 0.12288221024035 0.00734764537812496
-0.0388368282526289 -0.0016942933941605 0.150727993410095 -0.125633999054584
-0.0651410035397264 0.00787985531157947 0.138003964396583 -0.0800841290567045
-0.0565199271014371 0.0509542371148186 0.115182185565846 -0.0333542778374818
-0.0229789401872787 0.0660699474470557 0.0988745812839 -0.0218091106630855
0.00917415125020433 0.0515494128877103 0.0933645904852744 0.000563411845021108
0.0203818638153515 0.0402146766742338 0.10733839509208 -0.000681386522859311
0.0347772845376939 0.0321618949649469 0.0992073257384419 0.00163825029087683
0.0360960429786152 0.0253666790610359 0.0914437220474274 0.0198878825541282
0.0363092655654385 0.0300126682031968 0.078197534184563 0.0577003907313355
0.0281724866690772 0.0479827035666254 0.0417588206386106 0.0859538048480266
0.0100492684579193 0.0603424064216511 -0.0139067977230639 0.101948029312697
-0.0291018583410377 0.0769622168933766 -0.0523778518846533 0.0523757287821101
-0.0682617581014809 0.0567358906441919 -0.0320228797377924 -0.00430002222763478
-0.0879604719638179 0.00486231687269968 0.0320388018311138 -0.022693124580766
-0.0734256164357826 -0.0177935788566689 0.139247847427668 0.00490333074401441
0.00223839344348589 0.0431579169553988 -0.139182197493743 0.00895030221860083
0.0349353491692096 0.0227339491468044 -0.0441119111172319 0.0401123926631782
0.0465848310195648 -0.00788470507590837 0.0404720268683384 -0.000943004698499802
0.02196279359406 -0.0248082308034289 0.0672536329662865 -0.057895931010719
0.0125965449423043 -0.0153409777977765 0.0241565528306002 -0.116217574541051
0.0120435637931405 -0.0157027668919995 -0.0504195315705308 -0.107361726590832
0.00390503023877956 -0.0251264313507371 -0.0885739302205899 -0.0671175700047679
0.00390251578070585 -0.0225625131378917 -0.100630970996194 -0.0314573112234125
0.0135185354308889 -0.0249069864072963 -0.107569712411549 -0.00352537554103904
0.0246765127002236 -0.0162588895966136 -0.114606383838923 0.00105026963751926
0.026663026910847 -0.0101162128899382 -0.106239727444631 -0.0064744409486829
0.0346708330293774 -0.00299504723981176 -0.0931558791465787 -0.00267180617967258
0.0445220904178117 0.00933321175318611 -0.0982314065637181 0.0163270156773603
0.0237478186357702 0.0370883633122084 -0.0942129432045655 0.0731454218781527
-0.00407326963684383 0.044592693659799 -0.117855759043505 0.136976399424975
-0.0547831898993437 0.0779738863178794 -0.114310938514943 -0.0153571020705271
-0.0202195024206031 0.0584819275432656 -0.0222670113601847 0.0290092477775387
0.00921241512350236 0.044867338595047 0.0639073625181007 -0.0186660902567458
0.0105451141548743 0.0328867222288764 0.0814661105451756 -0.0758889306776541
0.0245582211122295 0.0311412778478638 0.0288181912698061 -0.126771873234854
0.0412471809904976 0.017839580566055 -0.0444723546838633 -0.11544528507237
0.0447891163205703 -0.00680406784008178 -0.0807983582288879 -0.0726465196276254
0.0423755863880799 -0.0150743318064678 -0.0884386347761625 -0.0371598829451232
0.0560900761837722 -0.0195955730037755 -0.0942700976710558 -0.00499333221804228
0.0651414292775164 0.00369559883760219 -0.1023733106631 0.00398542990022707
0.0589769707749038 0.0234657415878402 -0.0995657674764253 -0.000347857613308358
0.050343518402137 0.0508529601929776 -0.0883167955261993 -0.00426501197123553
0.0337865266034054 0.0676865170663994 -0.0838513891174763 0.00776003351343101
-0.0159255027807513 0.0853235797225771 -0.0667134079331961 0.0681075799191521
-0.0624304547296642 0.0886136131614681 -0.0854196208220029 0.131748411977419
-0.105791178696644 0.100498744593904 -0.0702693539756824 -0.0393308900363704
-0.0777851515220198 0.088903741101439 0.0127343720785841 0.0225603513172055
-0.0334956975495965 0.0994785884932875 0.0964386019392127 -0.0291449167538164
-0.000751137245356547 0.0965812187377198 0.100302719752219 -0.0901730468841326
0.0385223731415842 0.078769150495362 0.0355169000471293 -0.128444093426806
0.0678490789188007 0.051557117866374 -0.0305671948054088 -0.11236352272696
0.0805936589838543 0.0124598886565856 -0.0603726064890464 -0.0700603322420998
0.0748727554859124 -0.00607993431051907 -0.0637217112666746 -0.0379430983086584
0.0893510747551888 -0.0127177875724552 -0.0679063198064661 -0.00544439039594627
0.0973996669540056 0.0197435065588205 -0.0787281893912627 0.00909367327271468
0.0871918621059599 0.0482091075030552 -0.0849095883955173 0.0115569822591948
0.0697071678258422 0.0933869235319923 -0.0831422720476192 0.000732038843757511
0.0298513507285842 0.117793754906882 -0.0751871338554531 -0.0012867665305967
-0.0466515234596156 0.125607496249538 -0.0416724464626161 0.0495850012266383
-0.109008167312346 0.121455685081183 -0.0418085815354957 0.111148782668642
-0.138101330030177 0.112371584810662 -0.0138499104461708 -0.0629510666486497
-0.121695855882611 0.112689920256521 0.0565312695237895 0.0103195369013137
-0.0659351991542086 0.149200650335895 0.126752660478002 -0.0379099178740055
-0.00456849734648951 0.153132128911011 0.115004048033432 -0.0963293707736381
0.0545870948836368 0.116987020838241 0.0439928679544312 -0.117378416352274
0.089025908435947 0.0756665953278809 -0.0091228000306472 -0.0977972899428457
0.10581400530139 0.0269182782853656 -0.0297800951264984 -0.0583093071196009
0.0958645798201291 0.00231099252817925 -0.0300184585502321 -0.0337189183321966
0.1085533601665 -0.00466635526738274 -0.0334327756717206 -0.00283723413694619
0.115285877845124 0.0326447561935713 -0.0466571099270476 0.0155790618661442
0.102352480744763 0.0661295250318233 -0.0626445257815212 0.0250389547369312
0.0796958652309008 0.122332511805544 -0.0754622021660274 0.00819016397869209
0.0230663237708949 0.152303513791058 -0.0681851888721369 -0.0111086958146293
-0.0708060010773411 0.147625514095258 -0.0215066466117991 0.0215301592082756
-0.140264856789411 0.134244903467556 0.005111498742863 0.0782803280355746
-0.146551368796787 0.10736025129469 0.0468732611767092 -0.086619148332019
-0.142167390910816 0.116932187307707 0.0989864695104381 -0.0102493287599894
-0.0859564018725105 0.170918656841906 0.145954853967479 -0.0442749826017573
-0.00674574799331005 0.181345561346158 0.123571674346072 -0.0891881877912293
0.0627552892591526 0.134514266668939 0.0572404102456648 -0.0921122697025629
0.0969211679730851 0.0865566431677527 0.0214989859191036 -0.0732744936283737
0.114598515800022 0.0366985267947952 0.00814239165373361 -0.0435972220697078
0.102289670525406 0.0112307889050803 0.00753399703583105 -0.025319916194068
0.111673294200827 0.00749347825664491 0.00327107887596561 0.00319387731287367
0.113208792407564 0.0471971789891009 -0.0121912165990039 0.0239428640038845
0.0961343366545276 0.0811123796524429 -0.0377178157354395 0.0403769801901962
0.0655975195079592 0.139040146452901 -0.0640348456312901 0.0159250531346663
0.00110568669152097 0.163163187978858 -0.0585970573610873 -0.0199079110935546
-0.0947364848948031 0.142412298685218 -0.00460586289934767 -0.00690079693017534
-0.155228350964498 0.120257735259059 0.0500225186699837 0.0434744378070019
-0.128886550026109 0.0853833765678556 0.0993662902920202 -0.108479478535902
-0.135199104016648 0.0986167393620723 0.129681908418491 -0.038663921840779
-0.0874355615047797 0.157108298924117 0.149019877146301 -0.0482667778764158
-0.0101122519096797 0.170627600016898 0.120620234307614 -0.0724673813593242
0.0571384627472386 0.125346046732438 0.0711278617608538 -0.0596461529128054
0.0865290434443186 0.0811164783642811 0.0555040333632306 -0.0458194682689615
0.10419306883548 0.038357486751687 0.04618210393438 -0.026477192853099
0.0933953549896517 0.0181474466576425 0.0443877831526101 -0.0129830158626696
0.0985333571625227 0.0196551450121214 0.0375465357153743 0.0156742284238628
0.0943883014047044 0.0580772025136745 0.0179214987233773 0.0387400356197316
0.0718782780432756 0.0888796840970627 -0.0176661813659297 0.0586389439537102
0.0323330085379308 0.137900627648901 -0.0535855711975275 0.0255836847202754
-0.0307740303712262 0.148085438116067 -0.0478638807059817 -0.0231432246243752
-0.111108636392972 0.109942070278655 0.0114259880094054 -0.026015468818702
-0.149427394534421 0.0835342519029073 0.0897918693107152 0.0158398680741448
-0.0893364419679619 0.0477572825053487 0.132513165010659 -0.124170929962437
-0.105366168002181 0.0601139292729876 0.140410681937059 -0.0655146742674359
-0.0743716330529807 0.113117667491812 0.134833081814696 -0.0464844049116933
-0.0140872227239535 0.127522882827001 0.1088393415341 -0.050073249809212
0.0380143789455643 0.0936357832303423 0.0825914795414118 -0.0275201039451869
0.0596686740779035 0.0626057581620644 0.0850960208217281 -0.0208969266909818
0.0760323067237267 0.0349150545614812 0.0781382734614058 -0.0122232093447815
0.0698317922073333 0.0227542208770214 0.0729383577373284 0.00119157858043948
0.0716081832748265 0.0276970129255681 0.0631673691964609 0.0338470619637416
0.063540922988877 0.058775790944989 0.0372259783842585 0.0604997878384946
0.0392279522992906 0.0822222369235084 -0.0078429000752716 0.0801207153772868
-0.00345995900097787 0.115241553132207 -0.0488768863861121 0.0389775145831889
-0.0578499828237559 0.108490745284223 -0.0375053411867507 -0.017049023543091
-0.110325816038359 0.059816954155021 0.0244865924887705 -0.0306843085983631
-0.120980046890455 0.0347021007611779 0.11955836988863 0.000455701550686647
-0.0380073625697779 -0.00124420369953207 0.14082468939168 -0.129129411926318
-0.0640698435143431 0.0100491242285762 0.130553746640426 -0.0830716601754088
-0.0533880675546602 0.0520569271232925 0.112865845674355 -0.0367396222773921
-0.0194334231408098 0.0662969185355587 0.0968644803321841 -0.025824067272797
0.010434626986918 0.0501643746650139 0.0924673887563345 -0.00391930991330129
0.0216615100951056 0.0383497656792499 0.104892687402937 -0.0062755085260089
0.0350556599392838 0.0291250248426622 0.0975968659456393 -0.00317318767535235
0.0361704695400145 0.0226338505435655 0.0896757432033064 0.0144529877961872
0.0360376261292568 0.0265956157868621 0.0783036140425936 0.0522620239629462
0.0302977481597888 0.0445508178407687 0.0435324487830737 0.0823249645668379
0.0129062441374519 0.0581002018479244 -0.0094152755100048 0.100593693618272
-0.0239947597427605 0.0763885677591648 -0.05081169687466 0.0537581332536563
-0.0635879907095548 0.0588714131201276 -0.0333492161151042 -0.0035611004372813
-0.085982556476866 0.00875122474281757 0.0295966463959784 -0.0241289251948826
-0.0712902797258503 -0.0139243715511581 0.134783186162246 -0.00196095975647323
0.00302636709763553 0.0434582296087701 -0.134926134900299 0.0102317063710323
0.0349962552340517 0.0225612248584907 -0.0404935662619283 0.0406053833112049
0.0462033586867339 -0.00887824197589939 0.0411194249677566 -0.0011806887850413
0.0208820722830603 -0.0252406413511657 0.065676733846007 -0.0583254406988564
0.0126396539334015 -0.0156996278589879 0.0223623896959033 -0.114023992562813
0.0114952938797191 -0.0160493123830458 -0.0505232549969471 -0.10337978184348
0.00302209617806583 -0.0236769184538808 -0.0877255217257555 -0.0636934362506038
0.00324760277095382 -0.0215510761742088 -0.0994227466566117 -0.0289928355468468
0.0125099457208502 -0.0251749464396216 -0.10494559739107 -0.000389479372323728
0.0237824590637203 -0.0167662249506631 -0.112503902742036 0.00377882891264258
0.0258364977110604 -0.0106384742436271 -0.105547138741949 -0.00328739510749934
0.0343099988485577 -0.00445237472688554 -0.0931379829633456 -0.0014763521180365
0.0440766512553772 0.00775133538917826 -0.0963925341874662 0.017601432632642
0.023933093360367 0.0363340475622591 -0.0900052024760869 0.0723457242885903
-0.00277947148138279 0.0438761470297274 -0.11163376239022 0.135624792991799
-0.0515922522806574 0.0775919489625009 -0.111237389718607 -0.0139667301870246
-0.0179569885639038 0.0582662332517382 -0.0196663794043106 0.0295117896108685
0.0112925901182923 0.0439817378516285 0.0632289956244833 -0.0193155389382556
0.0120205815219426 0.0312192677159443 0.0792657656769979 -0.076763265688738
0.0254976317935839 0.0290979896411811 0.0263861719700283 -0.125247013597767
0.0407699452771266 0.0156878777301747 -0.0448776614550632 -0.111532093805045
0.0431195448663457 -0.00732723526785174 -0.0792060133700618 -0.0695252663255111
0.040109271504198 -0.0160088085343766 -0.087544910186832 -0.0342677061320879
0.0537797203812051 -0.0208679265071119 -0.092185835091415 -0.00254203359932169
0.0640141351477662 0.00195361699405391 -0.100480287945365 0.00666213754779386
0.0581915881159428 0.0214438757962067 -0.0991118224198282 0.00159609252414336
0.0516638723137205 0.048114062910903 -0.0887602215601833 -0.00254281840464103
0.0350060415129905 0.0649467464119411 -0.0827362444588573 0.00912032700374531
-0.0134987912352097 0.0847417462632266 -0.0630961725715828 0.0663300228413553
-0.0591402305933681 0.0876977579851037 -0.0797408746770284 0.130724067799904
-0.0999674894061404 0.100945997713992 -0.0696007849546951 -0.0376582454610299
-0.0735665890147274 0.0893399210840863 0.0150173267251576 0.0227578893841387
-0.0289117380876194 0.0992340550157852 0.0951817506725627 -0.0310513860250198
0.00263698313556048 0.094194469196882 0.0978222519648354 -0.0912946008427579
0.0400168290766431 0.0760574373665391 0.0331602561205346 -0.127430265473368
0.0682379581678856 0.0475674669366879 -0.0314836753132764 -0.108905285745673
0.0782640989270484 0.0100289788449791 -0.0587751301538722 -0.0673915736150062
0.0721005307652258 -0.00826968348213793 -0.0633478213810663 -0.0359650257593625
0.0860749361838868 -0.0153971021514076 -0.0666097717156909 -0.00325761786252203
0.0956521755559644 0.0164419271754876 -0.0771593362066988 0.0111304825112754
0.0862413602480286 0.0449235391608003 -0.0842476297222998 0.0132713646390572
0.0712744329723199 0.0891758724954019 -0.0840498916536461 0.00188051725343118
0.032063695225419 0.113836236458371 -0.0749633252360309 -0.000327721736034115
-0.0422734419955153 0.1240872715803 -0.0394083285380462 0.0479624180972409
-0.103535062877511 0.121857463331019 -0.0374545211481841 0.109022262577223
-0.131183568418288 0.112413808877681 -0.014624908631753 -0.0620931869719779
-0.116158249073613 0.113026200274283 0.0568937024872316 0.0102990072798493
-0.0605275489251717 0.147708253210697 0.125597763741052 -0.03966381752457
0.00030064942434987 0.149772910615288 0.112363959273179 -0.0975587208754617
0.0568080299778349 0.11306746611299 0.0422495865920259 -0.117478238224501
0.0899222429322275 0.0701406044236132 -0.0108258933845859 -0.0948038424469643
0.103077309117139 0.0233864834117864 -0.0286593839182013 -0.0577887933649204
0.092397794338943 -0.000504320059218997 -0.0305354744497344 -0.0322845820679641
0.105183538176467 -0.00838922679989737 -0.0331180711852361 -0.00187908702112072
0.112958636347883 0.0279957812040503 -0.0457057781329962 0.0171458508167049
0.101843446164762 0.0619567088313917 -0.0618164044970686 0.0265679621246711
0.0816479254091379 0.117536993324255 -0.0762511012073057 0.00945171661976832
0.0263642814244852 0.147723603486241 -0.0686413732958871 -0.0100436571871525
-0.0654928002567052 0.146747706170249 -0.0208039301254784 0.0194883076037575
-0.133090782228543 0.134910235250723 0.00734859256707019 0.0760379583824626
-0.139475639014209 0.10678052104775 0.0443414839394938 -0.0869171444095127
-0.13627168935613 0.118242779770567 0.0976309143545718 -0.0109016902674992
-0.0791738655031137 0.16943264483506 0.144289722302682 -0.0460985090712647
-0.00123328885878873 0.177714604452918 0.120472323215948 -0.090545304898576
0.0650965737657266 0.129905234899747 0.0553323064584975 -0.0922044578712913
0.0970567595272668 0.0810591712018208 0.0203463619858979 -0.0723464994206872
0.111154685615688 0.0321905574700114 0.0090485427372181 -0.0436555717019944
0.0986677087426712 0.00800768884043478 0.0069430659161414 -0.0251053326440678
0.108071810329508 0.00342645263529891 0.00322789141151075 0.00351384949114813
0.11146262518356 0.042299625568237 -0.0118947865301038 0.024529362105074
0.0966284614748755 0.0772463711109701 -0.0375413535306244 0.0402510199554303
0.0688089083161537 0.133827102118684 -0.0650331390582321 0.0165136164717016
0.00551320322998126 0.159276782518304 -0.0600781774582537 -0.0186903248171227
-0.0885176864074816 0.141788993169718 -0.00485505725434871 -0.00831235525394463
-0.147858743050978 0.121708950808664 0.0500980416308892 0.0409580984485185
-0.123247627749843 0.0846834519543865 0.0951206035772698 -0.10874862115444
-0.130132753931417 0.0990441281079586 0.12702204217816 -0.0390944397280581
-0.0813697754902729 0.15565461032356 0.1469868212642 -0.0500775618456248
-0.00497775920877978 0.167599319562524 0.117767828853308 -0.0743782820440488
0.0593962335433568 0.12120783847205 0.0693500855358726 -0.0607101938880309
0.0868357498535887 0.0760627387555595 0.0536809270924929 -0.0464797626798061
0.101519726218829 0.0343668098298663 0.0469227200544701 -0.0281696824369414
0.0902006460851311 0.0149676769785998 0.0426022509612296 -0.0137159250985675
0.0955991747660127 0.0162869113517828 0.0364900799887816 0.0147732279282966
0.0937116367057507 0.0531787207858387 0.0170939391735052 0.037928570331031
0.0725659600187544 0.0853067205131664 -0.0173231938462193 0.0581451847440049
0.0362976545872647 0.133787881284019 -0.0547615057476907 0.0260953240544469
-0.026738239141269 0.145152839982835 -0.0489838468410744 -0.021888443319854
-0.105555727447304 0.10985679633242 0.00995752862878306 -0.0271213427541806
-0.142501807308115 0.0850049245643681 0.0877638933279325 0.0130262678524396
-0.0861025178841783 0.0472852437699131 0.127277824860205 -0.123645029132108
-0.102150529157438 0.0611284723231441 0.136245560195084 -0.0656505687501069
-0.0707052591600941 0.112319055951724 0.133241338045444 -0.0480616172921425
-0.0107597463568298 0.125407721223499 0.106496845747349 -0.0510603877939653
0.0394065504389375 0.0911082912356542 0.0816578876385464 -0.02899331764231
0.0600058248695308 0.0594676248951299 0.0829312103521361 -0.0234355944816636
0.0742304184984179 0.0324727163171326 0.0782927798161397 -0.0147876498283041
0.0679989205378884 0.0193870393657899 0.0712434407545058 -0.000711452907915132
0.0698775177874531 0.0247588397293678 0.0622575731774736 0.0315511564255034
0.06346233332864 0.0549104493193061 0.0365095834830411 0.0584608938716854
0.0411408097201384 0.0793538530414128 -0.00682761766725748 0.0787635208041327
8.82944559480552E-05 0.113104045573279 -0.048893031881554 0.0393637293562699
-0.053759628151644 0.107451555239309 -0.0388609601055644 -0.0163328595355761
-0.106328533432627 0.0608667621671035 0.0220856378320433 -0.0318559774137077
-0.116871940976092 0.0365064914662108 0.116470831602782 -0.00144885730721685
-0.0370440202893689 -0.00107360070424955 0.135637741584848 -0.128826702963012
-0.0632419454428749 0.0105882041774818 0.126426858350333 -0.0829803100431797
-0.0519118434143306 0.0519687496020328 0.110865186188209 -0.0377795079579781
-0.0181504170490762 0.0656917230084391 0.0951784586347848 -0.0265543857042056
0.0109640051520655 0.048888412129308 0.0915195382163293 -0.00616983089105126
0.0218103890702335 0.0377293566296751 0.103323511795884 -0.00949395621356464
0.0342166368138018 0.0269961392404356 0.0969146812510853 -0.00558694789254837
0.0354099440987144 0.0206210922601236 0.0875797613503122 0.0121165065388114
0.0355929408114498 0.0247667665741065 0.0769591465149983 0.049290237050425
0.0304615289149621 0.0416495079864542 0.0432598819168583 0.0800157045815293
0.0143302565555197 0.0565633994005432 -0.00835847777320008 0.0987507493143386
-0.0210723306021742 0.0762093106728252 -0.0500130185455815 0.0537345325442473
-0.0609739927092441 0.0592569304790897 -0.0344193609417127 -0.00331730097536859
-0.0838687320992394 0.00996104906088959 0.0266144460198656 -0.0250593135551917
-0.0698470687884435 -0.012676495333724 0.130839507086491 -0.00413832668671075
0.0107240414749672 0.0411460834094688 -0.135978062645534 0.0379549339746486
0.0390386312646226 0.0154996955332826 -0.0314001986159729 0.0511963522929245
0.0430139046734214 -0.0179948341801307 0.0444653704331181 -0.00652652974117558
0.0149651175171922 -0.0304910200521346 0.0581789987956431 -0.0706461150813411
0.00789351555851672 -0.0196948232995408 0.00215291935887895 -0.11895916378985
0.00692713848900837 -0.0177608912766666 -0.0673623693990938 -0.0933296983582926
-0.00329343500044464 -0.0227831393323923 -0.0954260178933278 -0.0459530757301351
-0.00126178693868328 -0.0208141326736881 -0.103154794531699 -0.00870315227293891
0.00650093351911513 -0.0259742840407013 -0.104920393242482 0.0207488267779691
0.0187568275108552 -0.0213760307647981 -0.112587973307767 0.0285045271627222
0.0212718574379075 -0.0157847726940775 -0.108094890734635 0.019785419920366
0.0310542179174983 -0.012390574259339 -0.0955249125811975 0.0186687710537922
0.0419948161953511 -0.00211522603818925 -0.0945705743069414 0.0394261838577384
0.0293015951795838 0.0307323934692575 -0.0768206912462742 0.0887163057852232
0.00301626708583573 0.045016674115715 -0.085384433276741 0.155581732113849
-0.0338876812948405 0.0830909263489529 -0.121238243491847 0.00808424811995914
-0.00401391675761579 0.0599929666923157 -0.0155902280279975 0.0350945639542028
0.0213072142379014 0.0387117918568569 0.0584522889329217 -0.0286490278873752
0.019043330235227 0.0244119144882402 0.0639345066051174 -0.0907089948795393
0.0294634309262748 0.020614378230465 0.00267473017673575 -0.127984439935422
0.0413184031359427 0.00690234515728956 -0.0639693590854281 -0.0999202845264759
0.0381139645801858 -0.0160530795022367 -0.0884865098630695 -0.0512257146047605
0.0353329992830438 -0.0220544865301558 -0.0929217278719194 -0.0168265781594997
0.0461744731323049 -0.0299979109737034 -0.0931984132679188 0.0158626904949969
0.0609374805765575 -0.0107333966542426 -0.101325974699934 0.0291091715544258
0.0575341197088243 0.00950496479216606 -0.100858476996838 0.0242736312000489
0.0577258946642638 0.0341610944630444 -0.0933672852634419 0.0160570059334291
0.0445332965415692 0.053880016146288 -0.0851981725087189 0.0270765279208259
0.00325159756105183 0.0853794380111538 -0.0510314262510688 0.0740941623525558
-0.0419496779106725 0.0996786768075609 -0.0533728120225133 0.139338718190916
-0.0751242881440547 0.112965382103618 -0.0869520277139621 -0.0257152627079425
-0.0513677534662769 0.0998526547680735 0.015672792963331 0.0202191539865797
-0.00533531786504212 0.0985880078131772 0.0828257456130085 -0.046244527965215
0.0239499659155367 0.0860127586726094 0.0744405030910809 -0.107299029352163
0.0528974926327332 0.0627710119054838 0.00720630787677692 -0.128042793954316
0.0729692077139419 0.0318098183449484 -0.0507438217606731 -0.0972723756715609
0.0749408993278142 -0.00696442352406017 -0.0689681092484578 -0.0509224916833952
0.0665102398911982 -0.0205311544838944 -0.0692194459763604 -0.0224894627472266
0.0779431495688926 -0.0310681068437807 -0.0687418436703971 0.0100015545897795
0.0942422269686688 -0.00292081113619464 -0.0774477084328241 0.0294408133182536
0.0888208459845136 0.0265846403288041 -0.0840697080509738 0.0331537410202605
0.0846967482804525 0.0693877660538396 -0.0891515972533948 0.0207008742464503
0.0516430825402541 0.101133022648801 -0.0817072722699094 0.0148748097993256
-0.0153983749046185 0.129881598753102 -0.0315401493482955 0.0472079833916232
-0.0774683060920583 0.141224767801636 -0.0144844954160012 0.106487924719491
-0.101690213423826 0.128393320430003 -0.0377295645846897 -0.0618054165173579
-0.0875929494981912 0.130715323885612 0.0536232606997736 -0.00115689977801039
-0.0257924220128616 0.150395047474779 0.106934601620532 -0.0611312812573165
0.0342317557598795 0.139140870477605 0.0840820687488164 -0.114664729976557
0.0764902756784608 0.0945033963049768 0.0171383528559657 -0.117425262015599
0.0987096027985692 0.049241245728232 -0.028581091037331 -0.0860277936127398
0.101048144382858 0.000212882182108728 -0.0372357621576446 -0.0446568797049334
0.0876812086852273 -0.0168221363999371 -0.0364961675825697 -0.0249336430120333
0.0974078552738538 -0.0280149869930734 -0.035553200864553 0.00541301257352826
0.113346207029136 0.00530185096256895 -0.0457437565751547 0.0290970959692614
0.106623204538844 0.0397277153064318 -0.0595263421896419 0.0422970874394016
0.0997155188784309 0.0948117198878368 -0.0805890973479357 0.0266370220948953
0.0529858075585871 0.133848418566653 -0.079622644701384 0.00387713312650046
-0.0333343956084289 0.155931517756529 -0.0189024601141186 0.0140752924720847
-0.103037920695185 0.159787874261807 0.0244254962132318 0.0630131248578932
-0.110732774438087 0.124574469333904 0.0169445390471631 -0.0990709084713767
-0.105654332708848 0.139038015699696 0.0898704851413963 -0.0309592978099145
-0.0389448060397427 0.175339355926713 0.1229683653025 -0.0711380515313289
0.0375009391963143 0.165443439519463 0.0910309556745894 -0.10859198581936
0.0883835961827449 0.109623346729229 0.034850816907501 -0.0943076059331356
0.107805033656691 0.0576051759601496 0.0061725038609551 -0.0687659255008637
0.111265992124036 0.00636579673687646 0.00169852265555527 -0.0368508085872932
0.0952474455643132 -0.0104219739772452 0.00145598337383965 -0.0250229290376681
0.103014405006745 -0.0172107304398821 0.00149428904798921 0.00297873145168199
0.114993126506586 0.0185810390546408 -0.0108419249719302 0.0293847435449224
0.105034323882246 0.0554795797113877 -0.0321126474310255 0.0503563938423616
0.0907602597130701 0.113828885018668 -0.0679771526281162 0.0308956102936672
0.0357409034949807 0.149140587486466 -0.0734210562793725 -0.00809870887992595
-0.0564006570520111 0.155002804893393 -0.00863695892171248 -0.0181944555798775
-0.118984675132595 0.148888075453449 0.0612385725666532 0.0199851624208687
-0.0998161814671668 0.101125615120707 0.0657931997617746 -0.131235230943317
-0.103899901851083 0.119192079555741 0.114516453176924 -0.0655911461935487
-0.0447644564916339 0.162924124338084 0.12480911619237 -0.0765345994394404
0.0322139948255214 0.157495894362228 0.09200684779768 -0.0921934296896596
0.0803285212527637 0.103053147972207 0.0549341728833401 -0.0659082352743263
0.0976424716141583 0.055478016811756 0.0445429284758649 -0.0501760786387608
0.102052093752775 0.0106653777620807 0.0417732440594779 -0.029577453684218
0.0888573396793833 -0.00206288213890946 0.0394464057768851 -0.0211692945965307
0.0936776186534924 -0.00318260092807995 0.0373014563310773 0.00731907382229397
0.0997178417395432 0.0328565889757316 0.0213919005233438 0.0366608019173928
0.0837622320212828 0.0677318902590932 -0.00808768184187198 0.0635260622933131
0.0599007212801732 0.120000124841732 -0.0555668250102092 0.0379435796212838
0.00254405148922603 0.141621505932785 -0.0621037507372909 -0.0148592199858288
-0.0792622130340958 0.127483616254775 0.00406243685486092 -0.038716878889038
-0.120462504981175 0.112110876682831 0.0944227571616358 -0.0134174945665578
-0.0718496538321251 0.0590103063809912 0.0987853756048369 -0.15342741726098
-0.0863360553822858 0.076909556316937 0.12069346310499 -0.0945182522612666
-0.0435987315019237 0.119904331200823 0.114877407782034 -0.0732978842484066
0.016726146849491 0.119667806515097 0.0883418777005784 -0.068314867815453
0.0556738177101579 0.0786050093420852 0.0738639018814472 -0.038675261285338
0.0689053046082955 0.0445255194972324 0.077606609389547 -0.0348367906570268
0.0764289471114022 0.0142076225068117 0.0741424590353934 -0.0237593926025262
0.0684212531052948 0.00613583277967397 0.0694080511053455 -0.0145581308690735
0.0711779726362788 0.0101516232221514 0.0668236358452531 0.0188023592223647
0.0711701206583102 0.0402595249947094 0.0452514428816817 0.0521987585654158
0.0526806102300277 0.0682613004655391 0.00649799720205376 0.081560745441269
0.0214786150133153 0.107989536954973 -0.04582466602552 0.0490695879784657
-0.0305734345191289 0.111479103668031 -0.0489136512243775 -0.0121184385784212
-0.0903491189703961 0.0795922710326996 0.0168878480397043 -0.0437980808193675
-0.104497914106002 0.0590922192901249 0.119833559692924 -0.0301247605937004
-0.0348557898209167 0.00468286950749359 0.110680947467774 -0.159876371210898
-0.0594727338374793 0.0218526030133074 0.108993233451581 -0.109392855969198
-0.03891571766649 0.0592096294000138 0.0996259625685476 -0.0596788425299416
-0.00249981757389767 0.065199016452692 0.0853312064491133 -0.043622245363678
0.020820998788051 0.0442340805143219 0.089094251865648 -0.0214624949661282
0.0275844002570463 0.0307080301105661 0.0999028460841072 -0.0276350489263017
0.0383803073937549 0.0180112786437155 0.093672532165416 -0.0211701743638845
0.0377374384765445 0.0127717565593508 0.0885147929879006 -0.00545518504640293
0.0392276713313913 0.017043427859355 0.0855574152554703 0.0333898388804502
0.0366724345940053 0.034629564607692 0.0578136487580991 0.0721660045328367
0.0226583992465219 0.0513630462695414 0.0107263088184656 0.101755860055577
-0.00587778140799661 0.0768109680848926 -0.04235700011438 0.06358070538154
-0.0468683512104321 0.0672600741968594 -0.0397642342475054 0.000629268530893154
-0.0791436905038929 0.0261149258359086 0.0229591769045159 -0.0344706940575482
-0.0687777687580467 0.00173555635702788 0.13317864155968 -0.0309686616263868
0.0120197754711478 0.0428030184946049 -0.13849714544433 0.0399767279579687
0.0408097885087615 0.0155616835835318 -0.0299154688547006 0.0527167206868148
0.0451873653734789 -0.019877377983992 0.0465627797525795 -0.00718445482795735
0.0147031893237575 -0.0321039293304676 0.05953353248761 -0.0730271799005029
0.008001047450854 -0.0211466649146388 0.00122046747370474 -0.121244963981671
0.00681721920734112 -0.0187211392247813 -0.0679534743897695 -0.0938197634125518
-0.00304654899466511 -0.0220095648178713 -0.0981333238962252 -0.0454579077275752
-0.00187789516625904 -0.020615609756524 -0.10538663878645 -0.00705071458448299
0.00552360926326938 -0.0266851998482103 -0.106914641670202 0.0230228895285808
0.0185605485302851 -0.022008497744836 -0.114567977592548 0.0316756433392064
0.0207204500754773 -0.0166167028326445 -0.11092991608211 0.0229306319202096
0.0319160911785395 -0.0143801129187488 -0.0996365298843926 0.0206027294682953
0.0432298270312745 -0.0037592028408711 -0.0962169101711886 0.0412183809876106
0.0306667560387466 0.031679875925371 -0.0768909691506679 0.0895709682488496
0.00360298393066568 0.0459859171759601 -0.0838454486236817 0.159817578547109
-0.0318948961391575 0.084997725904975 -0.123701350962388 0.0095055274113288
-0.00181312113514837 0.06152468441934 -0.0135023530826332 0.0356082415829232
0.0240747956388264 0.0381628257237029 0.0603923590830986 -0.029787484185297
0.0203679599641088 0.0237491924345221 0.0644345338108747 -0.0939682521317524
0.0308093809263108 0.0198235715774514 0.00152826661459169 -0.130752462529678
0.0421309470336805 0.00527931145544419 -0.0649370244150916 -0.100133971841548
0.0381581630287823 -0.0169104641501506 -0.0905043200454139 -0.0509164842999312
0.0347923145663242 -0.0229272142636008 -0.0951330663818657 -0.0155216734569959
0.0455406190532938 -0.0316775216628134 -0.0944883229499035 0.0183627361924362
0.061779795590952 -0.0126946024610305 -0.103384845205309 0.0320082484529725
0.058757704241115 0.00785306293211041 -0.103839513280962 0.0271405605886772
0.0599084675612291 0.0325120217454111 -0.0971819244130527 0.0186288454743978
0.046241760278578 0.0538021721571593 -0.0874501607171831 0.0284630036500269
0.00538328385699149 0.0872987826197781 -0.0506869661505199 0.0741877524129225
-0.0403977377936141 0.102658413784219 -0.0518567859619065 0.141730397303523
-0.073653835833982 0.115800090818978 -0.0888258110609029 -0.0257919396622046
-0.0493015404310015 0.102963280647071 0.0177747699654487 0.0203447594210188
-0.00195776318517584 0.0999731729724119 0.0848363438302786 -0.0484420855216203
0.0267744477813172 0.0860337630961757 0.0748980602133924 -0.11083652226902
0.0556320570327746 0.0618877118829151 0.005843406510182 -0.131890088065444
0.0754383693860437 0.0296726127764826 -0.052812736539132 -0.0980957575123519
0.0758539648366993 -0.00884617555919452 -0.0702325205238761 -0.0514896381448559
0.0665457575035067 -0.0219073470233427 -0.0713459391871546 -0.0216853543125709
0.0777118350944161 -0.0334330827854904 -0.0700655471501393 0.0116518138215683
0.0957255385897495 -0.00573570274377797 -0.0789961238721442 0.032293744281969
0.0912948343191669 0.0250683259628291 -0.0867629891632024 0.0359764974285041
0.0875266837802365 0.0678668558977502 -0.0931519934745289 0.0233786025056022
0.0547583689180802 0.101023733441962 -0.0842354011225317 0.0169638949311944
-0.0128870243976824 0.132859685907348 -0.0319666057355818 0.0465250422700644
-0.0753148577877989 0.14537017578767 -0.012696123729202 0.107753380604424
-0.100668702407945 0.131742690485356 -0.0395961188621467 -0.0628255975412017
-0.0854368649908879 0.135031804659007 0.0564900881914797 -0.00141611828515533
-0.0212481997093402 0.15346717969659 0.109354665897235 -0.0639677445197962
0.0384268146247804 0.139446882353939 0.0842524546782522 -0.118843262582338
0.0809212173511321 0.0943323062620421 0.01542194584985 -0.120991317245179
0.101211291943378 0.0469450072563546 -0.0295956504549961 -0.0873186829369954
0.101690168877988 -0.00222304881087719 -0.0382069557585938 -0.0458977219128146
0.0876943406940045 -0.0189315343524462 -0.0375334086184744 -0.0252458772165202
0.0971438380826909 -0.030805006640422 -0.0362269278323398 0.00605307412072298
0.115110798446196 0.00233454005023067 -0.0465028277310424 0.0312346456835501
0.109706635461304 0.0378420426439377 -0.0614645276965188 0.0449638784000367
0.104180844312438 0.0933604307653085 -0.0842958140994986 0.0296201754284523
0.0569496785255811 0.135128871313184 -0.0824798371543916 0.00479860752457997
-0.0299615532000786 0.158976897044013 -0.0201669015203768 0.0126028255308101
-0.100455862149109 0.164388834563116 0.026306866529712 0.0632346707904414
-0.110251428188302 0.12778827660408 0.0156461032693695 -0.101800893941818
-0.104812437698406 0.143419941885055 0.0921725070500175 -0.0329539069520085
-0.0349878308343343 0.179246232818671 0.125156643500772 -0.0751464801169873
0.0431924643201878 0.166563475118643 0.0918473887266122 -0.112880104863711
0.0921931333670792 0.109317720346451 0.0345784816133883 -0.0975185821596498
0.111099092094681 0.0554759797670859 0.00539558450372743 -0.0703786638700692
0.112028527841857 0.00430909792543818 0.00212893764915038 -0.0398722136711357
0.0954796191884455 -0.0124554534959669 0.00111651258136047 -0.0261160184666929
0.102734969839441 -0.0198909892686128 0.00115959963279073 0.00325753719709872
0.116747660438244 0.015932980540635 -0.0107906010881796 0.0308197409148378
0.107606556229158 0.0536571819247771 -0.0337520231611398 0.053150124759449
0.0954852403740255 0.112257261438468 -0.0713870074767994 0.0345209635567704
0.0392966900459964 0.150543310590991 -0.076751521746204 -0.00691414842481508
-0.0537225184390113 0.159038019924586 -0.010166245481439 -0.0193698100498707
-0.11643803903357 0.154055225917929 0.0626899424361227 0.0181421414531016
-0.0994568077061903 0.10332331254933 0.0648624582901527 -0.135661352958161
-0.103690430696749 0.123539609494173 0.116681999525225 -0.0680435803181862
-0.0415080686750172 0.166395839397945 0.127079627578935 -0.0807650439947911
0.0362321874080788 0.159438778931573 0.0929423848912608 -0.0957607845579242
0.0848648935384351 0.102915362100649 0.0556161618927989 -0.0689510011604861
0.100315445817058 0.0538134671466379 0.0444006706488054 -0.0521801239265317
0.103059840896031 0.0090408061714092 0.0429373275642604 -0.0329040808585288
0.0888249715466434 -0.0039847222623901 0.0389607995526976 -0.0228372211350617
0.093890709454175 -0.00520252564727665 0.0374197253900066 0.00720097624519705
0.10154281612273 0.0303956655628457 0.0215031385196788 0.0375915474420884
0.0872339942079163 0.0666404831843452 -0.009163122498417 0.0653524624392323
0.0641763402710695 0.120004894176141 -0.0582469576790961 0.0409463005082917
0.00592816034278109 0.144117029532433 -0.0659756472208484 -0.0138796488215573
-0.0774406232475328 0.131014550119358 0.00136249606318749 -0.0409556447726867
-0.118905839894366 0.115993957607376 0.0951071088420445 -0.0152256023923271
-0.0723985756177246 0.0599585978447371 0.098338088298569 -0.158215372152564
-0.0867774933716232 0.0799893394116248 0.121991821424264 -0.0978581668447991
-0.0428087427801575 0.122958473579492 0.117001225258976 -0.0766017612491644
0.0194514742880854 0.121892242710013 0.0898245968529114 -0.0710220272173071
0.0592440072876841 0.0789167636696451 0.075413186786619 -0.0409501386280641
0.0707743770328786 0.0442570277953586 0.0787299558500313 -0.0374731580409925
0.0771338664871005 0.0131106456869462 0.0759150763014969 -0.0274380957031001
0.0686074123175904 0.00435451003467231 0.0702709547949165 -0.0163047746878849
0.0718460094311138 0.00849865823724174 0.0675127778143462 0.0182152296328448
0.0727776534372297 0.0389094525232192 0.0457411245945006 0.0534718865892903
0.0553547860120336 0.068048854641123 0.00646792098929685 0.0834468684117723
0.0250960414734198 0.108902105485786 -0.0480197038216252 0.0514771675809508
-0.0287478209847191 0.114173468915728 -0.0522698763434896 -0.0117950646744808
-0.0902286781660666 0.0824867506364453 0.0142792182301345 -0.0451115977829542
-0.104484647372352 0.0614038433381887 0.121012691994372 -0.0325292745358795
-0.0358656486976393 0.00399520017235994 0.110454865285634 -0.164636722513907
-0.0608882356643043 0.0231441544553195 0.109616670716349 -0.112767650610143
-0.0386805485079139 0.0615844655156009 0.101696162442283 -0.0620499900821324
-0.00175613676524642 0.066891526985492 0.0872642499701088 -0.0459824475441143
0.0222316178302837 0.0447677102633153 0.0917352171205747 -0.0230845621225177
0.0292259546391445 0.0310268021215388 0.101662540544892 -0.0301944500941418
0.0386931574156613 0.0178741357826925 0.0960774190935531 -0.0238005555883867
0.0380593811114817 0.0119216580673809 0.0897526403962162 -0.00733945437361682
0.0396640676172629 0.0164518465146558 0.0869795798040571 0.03280611544097
0.0379704639001581 0.0340459918442078 0.0582198160323487 0.073062776176081
0.0242658874338397 0.052166304863212 0.011019938108088 0.103657312175927
-0.00394429419758166 0.0779007189973829 -0.0444124940388443 0.0661367767902043
-0.0466683494491481 0.0694435650701981 -0.0424487298328805 0.000769686323432734
-0.0799554481150163 0.027077298578409 0.0208400401761165 -0.0359812960029208
-0.0696859316985982 0.00245522267830053 0.134294274287224 -0.0336546541098819
0.0149398758952339 0.0440440012672185 -0.139502074342433 0.0460740849569307
0.0435484527673333 0.0143578431830352 -0.0274660432338356 0.0544995140071476
0.0460040427628029 -0.0230331757978782 0.0479570429041951 -0.00798104759915556
0.0132155310345358 -0.0340524312124397 0.0589853725341721 -0.0777212394788861
0.00691979719335229 -0.0228233448032101 -0.00226367241502538 -0.124649079837014
0.00655681187612321 -0.0199569385480332 -0.0718672356777912 -0.0929831804238202
-0.00406838388562836 -0.0217188783468659 -0.101444673814131 -0.0420336580737607
-0.00267494442925914 -0.0206707140029909 -0.108080657160923 -0.00213883725476116
0.00455870962164329 -0.0276682812626389 -0.108453044903714 0.0288750314906171
0.0180939398579995 -0.0236164504669051 -0.116159195717245 0.0381852359387219
0.020995202301109 -0.0182078448808082 -0.113585289655572 0.0296455051869908
0.031951446952155 -0.016557634330733 -0.102203033864611 0.0260194281333246
0.0438610924015978 -0.0058566662866617 -0.0974865039805374 0.0457010839195881
0.0337358810566479 0.0318617454987349 -0.0745230413134018 0.0921070709908963
0.00609117364586757 0.0471100816819949 -0.0784045384560073 0.165759448808861
-0.0283327108763479 0.087977748428843 -0.126026089798689 0.0135296013256158
0.00176165728251195 0.0630321018895118 -0.0104711252410253 0.0369016512402438
0.0277756878125023 0.0370337470903029 0.0612798749173105 -0.0326520460354612
0.0224490088956864 0.0224149515083738 0.0624074147874869 -0.0986925212945888
0.0326403352607837 0.0175800913212142 -0.00333160698547138 -0.134335338445
0.0431183250615128 0.00228240122798446 -0.0693777135920598 -0.0995612766061592
0.0380602620547924 -0.0183566692498556 -0.0943119870643386 -0.0483607839994716
0.0342038909421123 -0.0244172546469495 -0.0981410505861707 -0.0113138712356333
0.0442952462200625 -0.0345893662605178 -0.0959635819132817 0.0230163881932699
0.0620349640398011 -0.0163186652645583 -0.104506143589293 0.0379504971759829
0.0603291675985157 0.00509760270972891 -0.106544194978379 0.0335248630056386
0.0625574162405166 0.0292097794497646 -0.100597213551451 0.0243852020217837
0.0501750700071771 0.0522946438242248 -0.0892220463503504 0.0323815983198635
0.0106305915912616 0.0894640326931328 -0.049458588694388 0.0754069939492701
-0.0359774188170281 0.107298312131801 -0.0459682207571539 0.146379844584128
-0.0685399711244134 0.120448546381922 -0.0920058622995811 -0.0234747318022391
-0.0445773884755346 0.107419779198322 0.0207635666617874 0.0202615024296318
0.00456229192142878 0.100995255331934 0.0856608357239725 -0.0529270024479637
0.032758960201669 0.0852263543804984 0.0722033072491345 -0.116715649777609
0.0606429697411405 0.0588682179805783 0.000742276720422939 -0.135350409480486
0.0777788247141657 0.0255648849119903 -0.0574742031484311 -0.0978910194889517
0.0759266044583119 -0.0122398942272881 -0.0737314119948536 -0.0502442190357749
0.0661905322033527 -0.0249347372579788 -0.0738343664564682 -0.0195384419885758
0.0760610073205007 -0.0383034995230968 -0.0714186623911994 0.015703182669025
0.0974077706230119 -0.0112798671809826 -0.0792833718619969 0.0371959054708798
0.0935708383210477 0.0210644094070864 -0.0889422621648482 0.0416212946514455
0.0927581774878155 0.064081663244599 -0.0966026545778069 0.0294281274560824
0.0608456064560486 0.100627760083829 -0.086684414799709 0.0200681001751864
-0.00623484346997966 0.136485984182858 -0.0312346009485348 0.0467452832182906
-0.0686352197583691 0.152216408666018 -0.0081002004079715 0.109579258264914
-0.0960231585900879 0.137710309669138 -0.043130894282111 -0.0637943048493654
-0.0800940348893613 0.141506084002842 0.0591155056074164 -0.00396033624487994
-0.0128549882719522 0.157112782118544 0.110279023690018 -0.0706356922076386
0.0471543565516773 0.139435342457627 0.0820026501537907 -0.126269294853818
0.0880018155431175 0.0911076012551604 0.0108066174586373 -0.124891472676421
0.105509783490639 0.0417856263191434 -0.0339019395094592 -0.0873876537124918
0.103238099206949 -0.00641087246439378 -0.0401499795876087 -0.0470361390001852
0.0872794855453536 -0.0229620215056063 -0.0401006702660062 -0.024268722618311
0.0961364564552259 -0.0362284148022996 -0.0374671559591705 0.00816876997697809
0.117288814774796 -0.00377423735380734 -0.0458848121737415 0.0346836818613624
0.113712555884063 0.0331610985591178 -0.0624579477549901 0.0496486507786405
0.110848055498386 0.0890474673936349 -0.0871869137619344 0.0359577554661471
0.0645741759239876 0.134520011645173 -0.0856110661242844 0.00859182498814312
-0.0222489638298896 0.16419664547082 -0.0212756488089822 0.0119338732752199
-0.0932092497172847 0.17291450523056 0.029511207049201 0.0618791771355463
-0.106656766447866 0.13404537059671 0.0107645597862957 -0.105497384888582
-0.0995507463504529 0.150852507011239 0.0941730103990091 -0.0372608216862538
-0.0253482729442381 0.183599447103079 0.125652953811061 -0.0822445474728499
0.0526270048584874 0.167166484861687 0.0895880777058375 -0.120065164618997
0.100645234483238 0.106706393880946 0.0314913106282369 -0.101999416051143
0.116015966992371 0.0503701776425244 0.00289250499683701 -0.0720237885647022
0.113710727766652 -0.000916465900796913 0.000490056629107036 -0.0425806986240617
0.0953432688073374 -0.0168635337857449 -0.000307901868107737 -0.0268049808040406
0.102440052280825 -0.0260661049148362 0.000645133426410089 0.00375743422358146
0.119504889976518 0.00955877245390572 -0.0106020272692393 0.0329619437635582
0.112744015351041 0.0492764799315405 -0.0340271346759051 0.0569513345826951
0.103131182679797 0.108922854878359 -0.0744902362536534 0.0399434795020556
0.0478876450447552 0.151216111692972 -0.0812687101888544 -0.00358156885217458
-0.0467317390293109 0.164380930900187 -0.0132515639729098 -0.0207415606571373
-0.109805661044625 0.162292683056816 0.0646369543531882 0.01526931064042
-0.0968688600632756 0.108279770370679 0.0601804161312598 -0.141925464958192
-0.100112430004004 0.130570808665828 0.11714071278296 -0.0744577748965179
-0.0338603753675567 0.171942449679866 0.127502465698357 -0.0881904505679781
0.0452313900373153 0.160606850641377 0.0915256951531308 -0.102371838361473
0.0923390542637636 0.10142186609455 0.0545100060656602 -0.0729347806644469
0.10510945621695 0.0496077831544859 0.0432188877302311 -0.0552017834352589
0.104845718545853 0.00418616997278709 0.0422468220772232 -0.0374827893872843
0.0888409116508356 -0.00853142780253804 0.0388172965619393 -0.0257403117271195
0.0942471688004789 -0.0104003347169862 0.0378867175518817 0.00578046243771
0.104495593331009 0.025302336613786 0.0225147717096515 0.0379881585196039
0.0920531352192399 0.0632978305228607 -0.00791393340079716 0.0684069587554725
0.0723306036839706 0.11813232080279 -0.061118104063775 0.0463327567149684
0.0128627375541083 0.146128106088115 -0.0707597853979262 -0.0111333096907207
-0.0725983615426613 0.136992140341147 -0.00187778914898026 -0.0425164074804849
-0.114772791566551 0.123333153230199 0.0959895281786699 -0.0203447902666117
-0.0716570247866667 0.0636705214135133 0.0935377714845369 -0.166464820718437
-0.0849388234324742 0.0854455358863037 0.120736632974216 -0.104635254914455
-0.0381902207374039 0.12760293099449 0.116805565867807 -0.0834664424941817
0.0256763112832737 0.123993860972859 0.0891303250006593 -0.0771095977188806
0.0642391739710982 0.0781713580806394 0.0760111130389424 -0.0452306369074375
0.073975725156833 0.0418730864276115 0.079162926016359 -0.0424831575810816
0.0782138947638972 0.0102317294488611 0.0766065729263558 -0.0330827646208919
0.0692742757936578 0.00096800805966474 0.0705850814138517 -0.0200419209173366
0.0721728101407192 0.00458875843903198 0.0691202496901497 0.0157884485984071
0.0756565783310525 0.0354136419267668 0.0482260911948156 0.0531558960053666
0.0595091734272592 0.0663185339748118 0.00928497155922802 0.0859363435590353
0.0313204565074735 0.109248765259531 -0.0490980000875073 0.0558991577908412
-0.024300581604585 0.117919252492851 -0.0561094571891758 -0.00983394195865339
-0.0882336951459655 0.0875353357556167 0.0111050277010801 -0.0473687465782473
-0.102698967568268 0.0669428840322263 0.121568333143724 -0.0386999024573522
-0.0368202829226583 0.00511682156404715 0.105664609084437 -0.173648271047267
-0.0616409774491412 0.0259098890832495 0.107016037994257 -0.119469821893428
-0.037621898837174 0.0653414450666964 0.102544770934837 -0.0681019569566697
0.0010117497484228 0.069408615801551 0.0881753978623981 -0.0502335650269469
0.0245504101703593 0.0455413341899459 0.0938678245407896 -0.0275523858129524
0.0312322880220634 0.0304522441573258 0.102499617106221 -0.0362378785109732
0.0400646175030354 0.0165397803977155 0.0972891997136684 -0.029949041709324
0.0388062268224677 0.0102511450745903 0.0910674891315509 -0.0119310149601465
0.0403587198460787 0.0145941960653796 0.0889221809181019 0.0293945827848311
0.0402468003362512 0.0322486387537886 0.0616887769334583 0.0722563742907959
0.0272760115854714 0.0516545448020673 0.0152771440043116 0.105643244909392
0.000403536763618765 0.0796995666732269 -0.0442360358662565 0.0706572929290037
-0.0449809439789517 0.0728473044484411 -0.0455672467834064 0.00281750660689106
-0.0810707584710243 0.0309856931020202 0.0179411729823993 -0.0374575686934793
-0.0707664267947989 0.00516494853553009 0.135538828997515 -0.039649065503781
0.0188657888835364 0.0430831124211151 -0.136153976090087 0.0535213662546316
0.0454390063026705 0.0113885708199612 -0.0229143566531454 0.0560521182635407
0.0451759371439812 -0.0270630138391018 0.0487576573737503 -0.0105385925042159
0.0113873030646974 -0.0357022863226829 0.055223048648945 -0.0808437600096425
0.00547041858800568 -0.0239849039556368 -0.00959764755588235 -0.124680003552525
0.00500033101211238 -0.0208302038849244 -0.076178052507527 -0.088750295854036
-0.00499839301286468 -0.0211753175094414 -0.103423833697668 -0.0352235601326582
-0.00357473675028581 -0.0199439058536829 -0.108005773317777 0.00512015544760132
0.00225675508640523 -0.0278188051940534 -0.106060853248095 0.0358192920056627
0.0167516057742212 -0.0252347022446251 -0.1133796723032 0.046020195830273
0.0192736087237639 -0.0197332426462315 -0.112319114732573 0.0374262645695958
0.0301380075339273 -0.0195971804166511 -0.101609581474146 0.0330735356285683
0.0435418658601941 -0.00858382063810312 -0.0951515789104284 0.05075247218138
0.036512919063068 0.0299072039878612 -0.0691640375282118 0.0937569643863477
0.0090808025880554 0.0468644637566749 -0.0676480788284512 0.169381374174576
-0.0216373565483394 0.0893640649379437 -0.12463090828514 0.0206059369422958
0.00718190941537225 0.062193162958478 -0.00728579732310248 0.0373904201379396
0.0315244438038793 0.0336031564170724 0.0599766774453169 -0.03583888473179
0.0239988995726669 0.0194205806552702 0.0572507601952838 -0.102922723663608
0.033654370246099 0.0142137892045064 -0.0110950061964189 -0.133976182269976
0.0427977940786144 -0.00151432637811291 -0.0744255981910207 -0.0943076707830489
0.0368556890048623 -0.0204452320073275 -0.0964492673652065 -0.0426368052964839
0.0322806812117512 -0.0262235164594267 -0.0985623808139031 -0.00476217763718433
0.0410544814573058 -0.0370695301891445 -0.0943590527237002 0.029524925226167
0.060533713242463 -0.0209548470392501 -0.10132016408831 0.0447989317321432
0.0602524704090729 0.000557064744399807 -0.105781909363674 0.0410993960474146
0.06383857265012 0.0238201835311764 -0.100481280400595 0.0317659970909653
0.0533510339938492 0.0482207725314716 -0.0881618704981606 0.0366034420415307
0.0176067379591151 0.0886384799094734 -0.044820386357596 0.0757023871580305
-0.0274997720744978 0.108631250511344 -0.0371493055087178 0.147680661070346
-0.0603343970013121 0.123655979073076 -0.0936547289051358 -0.0182854029788176
-0.0360068356653077 0.109455043248116 0.0230584562033068 0.0182679437437324
0.0133174372944887 0.0987513792009324 0.0827515607196435 -0.0579761434685598
0.0388323343992141 0.0812995675451722 0.0656138490408277 -0.121663740872398
0.0648378935315415 0.0539540926400147 -0.00732866789144468 -0.135086558961347
0.0794754356593748 0.0190464615833612 -0.0621154900788925 -0.0932273360559187
0.074541700868393 -0.0168767913009623 -0.0758956384794853 -0.0462937849046687
0.0632025176155413 -0.028521589184477 -0.0751852324367398 -0.0143042738064085
0.0718624387334284 -0.0429707133757251 -0.0704431560150631 0.0207601788387226
0.0954925148282056 -0.0181839432290595 -0.076828897571758 0.0425469525790706
0.094332728082287 0.0138831226993966 -0.0872828017315461 0.0490489642989034
0.0967020586932596 0.0560446447346076 -0.0967205999880272 0.0370961775967882
0.0672522866314243 0.0955286544147224 -0.0868441949299131 0.0251534924145138
0.00381022638632841 0.136259385734333 -0.0296669338615925 0.0464715812432663
-0.0567216177899106 0.155238840888612 -0.00160411912987421 0.108447949813035
-0.0872599222155458 0.142186149046801 -0.047427619836367 -0.0614200420034593
-0.0696234463424926 0.145405898787781 0.0598704365574864 -0.00782698684001735
-0.000701842731595408 0.155607969602783 0.106769017177888 -0.0769236089962705
0.0570627482758875 0.134145918446047 0.074274163740808 -0.131268399806976
0.0942155637053914 0.0837245747791951 0.00365968507718997 -0.12520778675055
0.107420943096209 0.0337581719294699 -0.0379113442057666 -0.0844060221542023
0.101489233605163 -0.0132083631393749 -0.0431372384447324 -0.0454633062203895
0.0845943277783701 -0.0280791976902348 -0.0417537589887497 -0.0219553160626166
0.0913895095751131 -0.0421864324449252 -0.0368644580804607 0.0108502789462755
0.115487085841551 -0.0124646537680334 -0.0442746148633055 0.0381810109838246
0.115151011688813 0.0248358338395821 -0.0609150368466026 0.0553535421183055
0.116159216856554 0.0799333301709837 -0.0867084607277543 0.043096269001415
0.0736720180021521 0.129052650119478 -0.0873765382752961 0.0133162213290638
-0.0103179635392809 0.164020406995939 -0.0225608971810044 0.011701886491629
-0.0791866637314967 0.17706898616366 0.0328687787736452 0.0586723174268313
-0.0972334180999085 0.138834234423216 0.00356585113356075 -0.106617453064328
-0.089137733603411 0.156139710203482 0.0923841950714412 -0.0434391956371735
-0.0122750449488763 0.183447304899448 0.121119080047389 -0.0900079554302272
0.0643601746156079 0.162150900789103 0.0829783498379846 -0.125931273522001
0.107202932971786 0.0989705914398898 0.0250646237268143 -0.103916141916544
0.118607416722831 0.0417126774574709 -0.00113229836278955 -0.0720199004889783
0.111790349550288 -0.00832092623473062 -0.00212774275232036 -0.0440026944738061
0.0927198049681087 -0.0223982013230953 -0.00225409803900752 -0.0271980970414514
0.0986123709258302 -0.0321125942503582 0.000641659260052731 0.00435326257039604
0.118885841533389 0.00122319200804884 -0.00907786486841409 0.034105125233143
0.115314662577874 0.0407293574885224 -0.0319050035128664 0.0601415619204414
0.110322442299275 0.099754382515721 -0.0743469342773794 0.0468383890343554
0.0583634128474047 0.146555863881534 -0.0837054435667709 0.00116106162141516
-0.034810294221073 0.165715443573996 -0.0168715206244056 -0.0212430675506907
-0.0967254097525895 0.167471335379117 0.0646779979636023 0.0100759967350513
-0.0899580918804827 0.112759125521738 0.0506793049098748 -0.145737875171281
-0.0911599296722764 0.135634168647575 0.111582021044488 -0.0815721564092591
-0.0219845718200276 0.172602587903988 0.122162182288856 -0.0959396716047118
0.0554877148436474 0.157309582192604 0.086275891403208 -0.10781248941659
0.0988397133269301 0.0944838499867288 0.0501658585113401 -0.0764318020973925
0.107135749204179 0.0422120161852423 0.0405627040769221 -0.0580078493165437
0.103666758960582 -0.00231869950191876 0.0399671328917337 -0.0420937893543175
0.0872642122565863 -0.0135769221958639 0.0364476553527184 -0.0289061501391069
0.0913837035279756 -0.0166524116168606 0.0372623677823893 0.00389448154581695
0.104753187335767 0.0176841213839616 0.0238978259360477 0.0377564696694879
0.0958807619366277 0.0563791948486133 -0.00515062509534085 0.0695093300346842
0.0798615415066726 0.111735388941149 -0.0599570961949506 0.0518527898281796
0.0232585897467218 0.144010374198644 -0.0740828819603699 -0.00710735427678291
-0.0624372666318049 0.140045951102608 -0.00720144567341364 -0.0430787011369813
-0.104353143740373 0.129481854642834 0.0939375230140198 -0.026720414831669
-0.067510656220667 0.0666303938178683 0.0824299781739219 -0.172374111143906
-0.0796001271928439 0.0902041801555805 0.113351092870046 -0.11161367874447
-0.0286842478643373 0.129557411047639 0.112402224350045 -0.090336683027644
0.0339247356425518 0.121950295821361 0.0850320933900983 -0.0824454606622033
0.0695141217187206 0.0735461371852396 0.074020924549717 -0.0507520410225515
0.0765175280646037 0.0366007651993209 0.0768157795928639 -0.0474840337867001
0.0780652625592093 0.00481062215096714 0.0744575051863499 -0.0397759316274629
0.0681669779960345 -0.00330223245152442 0.0685839969297803 -0.0254106424970766
0.0712329363889617 -0.000296289753041484 0.0687718442573242 0.0112886130832608
0.0768107597716417 0.0297618690375616 0.0501669266108029 0.0505177231580624
0.0641831988730571 0.0620406989745945 0.0128438106643227 0.0854005670454314
0.0394744242389072 0.105493261426372 -0.0478129193050706 0.0606313273847449
-0.01585018241112 0.118547137476923 -0.0590727551534486 -0.00604190386760307
-0.0821427123191915 0.0921216010479437 0.00573438177428182 -0.047807964706999
-0.0967741553849328 0.0719392589171122 0.11817654372058 -0.0461592528977293
-0.0369551313393299 0.00710264829763341 0.0949820326694932 -0.179344935655286
-0.0601876166736716 0.030304095004078 0.0985211587078394 -0.1246310389521
-0.0329166283703064 0.0677600117080632 0.0988249369411115 -0.0742678073475707
0.00560420952187641 0.0705072162392015 0.0859278046388971 -0.0558781487586272
0.0280125100559597 0.0442951533015014 0.092753659288648 -0.0341797024780665
0.0330001165618877 0.0284503664744545 0.100629701600656 -0.0434235609365014
0.0401757060660437 0.0141444264010154 0.095572099725813 -0.0378864846378601
0.038775709488439 0.00722844511989354 0.0897479761353462 -0.0180546595703866
0.0405236445512846 0.0115273165284901 0.0893587717759839 0.0236377877844196
0.0414073441956195 0.0287374167522953 0.0652834628000417 0.069199350630378
0.0308362914000427 0.0494353345669127 0.0204430539330518 0.104606634978268
0.00627630825947334 0.0786442930241153 -0.0417501008248353 0.0742931756490731
-0.0393090348284207 0.075766928699556 -0.046927438702912 0.00535045075084216
-0.0787337598223491 0.0353169248393276 0.0139646399142995 -0.038368487983406
-0.0699732158088582 0.00911919831899374 0.131765322000267 -0.0471323481926896
0.0212450623960523 0.040934585149851 -0.127951865058814 0.0571758555219426
0.0453249925972061 0.00871566218130856 -0.0176522828559308 0.0548286979219039
0.0424736154996028 -0.0298158207427448 0.0476153132161163 -0.0119428239119506
0.00872442018939978 -0.0358787594542465 0.0499987364617534 -0.0807075026262836
0.00336834216108643 -0.0238114070281562 -0.0142511412612339 -0.119928809551656
0.00358979941180044 -0.0209085193032508 -0.0760440465787179 -0.0811334615594825
-0.00525224979155216 -0.0200046537979692 -0.100166277497561 -0.0282317853721734
-0.00419313542475912 -0.0189339851330241 -0.103486464305715 0.0105962409973113
0.000518491942732994 -0.0258992702202263 -0.099944035691254 0.0400062230131775
0.0141925727367319 -0.0249257185377365 -0.107038312750435 0.0500815995180276
0.0172384780752872 -0.0203332808052939 -0.106824528478378 0.0432143531219029
0.0278884277763135 -0.0209112279452916 -0.0971623522040226 0.0371348232341436
0.0411729912192538 -0.0107309376946746 -0.08942934611676 0.052396001314511
0.0375511898841649 0.0272676914963493 -0.0626057374224289 0.0916589406743448
0.0114782574810268 0.0447596445068853 -0.0564239779560406 0.16521139789079
-0.0156046384226244 0.0865038597771128 -0.119101371832146 0.0247581799101429
0.01058245113274 0.059093423523483 -0.00390084199664459 0.036149185230012
0.0327280405369957 0.0289752740072974 0.0565266381378618 -0.0369492892440355
0.0243990336772705 0.0165790346835992 0.0508273483663589 -0.101497987157887
0.0332741458594683 0.011304151057365 -0.0170297386059809 -0.128450252291103
0.0408046845857165 -0.00468660091805728 -0.0748790588007212 -0.0873171875285943
0.034500599880862 -0.0216150677295762 -0.0942184049608505 -0.0361502246534858
0.0295213704367425 -0.0263994309129932 -0.0949336600765838 0.000472331774144578
0.0363162519878194 -0.0372336174668169 -0.0890021812407502 0.0333220011186572
0.0564128490061162 -0.0236599607099974 -0.0953209955061167 0.0489543678613753
0.0577152958885965 -0.00277788799781769 -0.100116549431123 0.0461737531847325
0.0620701906894919 0.0187833693495215 -0.0967298978312459 0.0365648661271474
0.0538438369147088 0.0432109688705293 -0.0836594810241328 0.0390244160963906
0.0226041632591455 0.0838491196990373 -0.0407905897367596 0.0727988458302057
-0.0196253982757832 0.105491704045133 -0.0281967386152618 0.142281641467084
-0.0506776582427291 0.121433533156144 -0.0915048683554537 -0.0144702123031628
-0.0278535233785134 0.106496232084129 0.0242942879963069 0.0161414866771979
0.0189733696000121 0.0927877931069149 0.0781561327872104 -0.0592909026306395
0.0421638625003855 0.0745614454030777 0.0577149803263767 -0.120310174335196
0.0654353949504675 0.0470948454305993 -0.0132169332606991 -0.129940215388731
0.0766407378430113 0.0127603135401528 -0.0632346462475653 -0.086328088437954
0.0700939202522178 -0.0201669117130462 -0.0751800060540498 -0.0409955735261404
0.0587898358179991 -0.0301972279101588 -0.0734267757828229 -0.00983855931599922
0.0652963334723034 -0.0446185134801592 -0.0662835582605705 0.0233184106464487
0.0900923376545166 -0.0227966782638649 -0.0721187725523929 0.0454312550761753
0.0912875644636511 0.00805756543260289 -0.0826525636319665 0.0530232980831755
0.0946998930310529 0.0479071114882465 -0.0917771067918343 0.0422693210890981
0.069937318715556 0.0876190827939278 -0.0839758011916568 0.0278638760293918
0.012451307674209 0.129788638430126 -0.0278837886008737 0.0436554655675293
-0.0445392240476874 0.151646561915688 0.00354281720738484 0.102812621434655
-0.0755982425274604 0.139896852631142 -0.0500305725131565 -0.0580149896799767
-0.0586391198109395 0.142843119154711 0.0581189223908362 -0.0108596873694928
0.00889096284430562 0.147554478990115 0.0997175187323451 -0.0791116591581732
0.0624220136878977 0.124810884499498 0.0656812479133103 -0.130670760386947
0.0954307428023348 0.0740699895609186 -0.00218004823600861 -0.120797845807195
0.104319117712863 0.0255292986248321 -0.0394565069232307 -0.0787296372676142
0.0960637879456026 -0.0183470148523573 -0.0433929568562324 -0.0426345551514171
0.0786942011117616 -0.0304730179358516 -0.0415540437774286 -0.0190837846141139
0.0839809272052575 -0.0447754562571792 -0.0353227564217537 0.0126826521183322
0.109243070239041 -0.0186584104623509 -0.0413542131694267 0.0394908555881088
0.111652933086138 0.0174501089942095 -0.0573565372725517 0.058046476582238
0.115557529292776 0.0691582706337492 -0.0828127340709188 0.0481794545116914
0.0779005602067366 0.119122506570103 -0.0848985540415822 0.0173288253366425
-0.0001494202743371 0.157442205815166 -0.0227083631913392 0.0107298293959214
-0.0651313555311472 0.17290729355956 0.0335827435614615 0.0537920599338635
-0.0865004916433427 0.137416345297153 -0.00286714888763061 -0.103407516889619
-0.0763430394656554 0.15367497634674 0.0867247579810934 -0.0460003273222603
-0.000974386339830772 0.175155667421312 0.112638772857343 -0.092363428692799
0.0706148924479291 0.151640073549264 0.0738529979976138 -0.12562233742764
0.108846426919923 0.0878645473942949 0.0194564967439272 -0.101540312713085
0.115627466776564 0.033072600244949 -0.00347787627233383 -0.0686790195548318
0.106188605648083 -0.0136030401638335 -0.00407933611662356 -0.0438393616433605
0.0868491681680984 -0.0257073453139341 -0.00415497750740943 -0.0265142478712975
0.0909121691263597 -0.0358042533843344 0.000169936449516911 0.0043053340694793
0.112802248690633 -0.00582941568273914 -0.00767526873947643 0.0343318240451458
0.112806003561706 0.0325211941156301 -0.0293556568566817 0.0613639086676334
0.110621341326774 0.0890248960557628 -0.0700359335801319 0.0512128486601085
0.0644051849219382 0.13653296014208 -0.0831271379759017 0.00582363151740197
-0.0232196421168386 0.159930367744926 -0.0191847151128676 -0.0205479673330327
-0.0820254213459762 0.164452282938174 0.0615073517893035 0.00556191092422176
-0.0805217148769388 0.111884350674222 0.0400334880136582 -0.142988151320583
-0.0802995300215616 0.134511950064854 0.103099636176557 -0.0834955967695852
-0.0110261209132066 0.16564250544713 0.11318900080879 -0.098238383400142
0.0623614163338241 0.146936303814193 0.0777806656433574 -0.109011990728924
0.100731106399246 0.0848683289437622 0.0447918461747618 -0.0765426907765865
0.105010598976235 0.034277764566845 0.0365913461365358 -0.0580816683199082
0.0981206697660623 -0.00727166831885321 0.0358180577918507 -0.043704288067636
0.0819278459435139 -0.0172762316223248 0.0327878734302383 -0.0300241201063208
0.0853735823414488 -0.0204733524314939 0.0356089802162649 0.00233126124650941
0.100406454177659 0.0108831041604093 0.0241427395705917 0.035846767505803
0.094586872639821 0.0488934320113982 -0.00329772425969939 0.0683387319974438
0.0826163283369859 0.101607855768329 -0.0568764238425114 0.0550575475026793
0.0303002386337983 0.136122915726901 -0.0741496542414394 -0.00247257675355921
-0.0522094264163298 0.136691698508579 -0.0107719931383107 -0.041349759915292
-0.091651495315135 0.128371191185618 0.0880036709019119 -0.0311947003382088
-0.0615393644822401 0.0669939806901646 0.0698805970079538 -0.169642664662792
-0.0718883944217414 0.0906760186749106 0.102854212601183 -0.112368259019444
-0.020615166266677 0.125673625406072 0.10416252739691 -0.0923385893120428
0.0393728774700218 0.11569176222128 0.0784447867629229 -0.084112766961258
0.070899118023032 0.0670566560418804 0.0695243415585071 -0.053180424741177
0.0754328769504098 0.0309814886379819 0.0717399781966494 -0.0501208752760288
0.0740579722859596 0.000682150273297348 0.0694087024719454 -0.0438004013199619
0.0642532475355745 -0.00657554366677094 0.0640192944191432 -0.0284456635823311
0.0672521970733516 -0.00412453203015468 0.0662669501945389 0.00791477696506212
0.0747516500390434 0.0236829207602454 0.0497520423958512 0.0469102846094258
0.0645607355589586 0.0554978702074864 0.0150065061958199 0.08240702103338
0.0432685283647962 0.0981048539185819 -0.0447095973568157 0.0624619921782288
-0.00869550916601037 0.114026377228745 -0.0600783033312734 -0.00275957951597177
-0.074121942718343 0.0919750441819826 0.00177316013719212 -0.0464219408325006
-0.0880977247016548 0.0735071984152792 0.11059628510545 -0.0502989143014882
-0.0356699825483202 0.0081910297787346 0.081481249257707 -0.177186225786011
-0.0571128942882502 0.0323905211834296 0.0880425493271305 -0.123557378745465
-0.027964787652552 0.0677679301324101 0.0916764111051006 -0.0756041837198354
0.00926503341304594 0.0681461473885449 0.0804236105723221 -0.0582980371566693
0.0293801147815919 0.0414177744744548 0.0890564147278056 -0.0380945933883491
0.0332010777032227 0.0259258860029365 0.0947410830419364 -0.0474973751447685
0.0389770912602364 0.0113617197503766 0.0899179865473503 -0.0426027309047974
0.0368686436525758 0.00525982575170772 0.08466068546776 -0.0223071362159051
0.0385424545105585 0.00902503255579859 0.0862695542749936 0.0183143073265105
0.0409869210121494 0.0252094936119189 0.0651403232081773 0.0632709660941492
0.0324373163295203 0.0459259017694871 0.0236431463991374 0.100008710918555
0.0106103611914252 0.0750380829448777 -0.0378011066660911 0.0741334959434242
-0.0340169522536516 0.0745992998345685 -0.0475158541865262 0.00783641777490647
-0.0745591134277451 0.0373457393481721 0.0100674278662644 -0.0370037413824993
-0.0664607406944406 0.0120426574766456 0.123737071996851 -0.0520274094151743
0.0239008256408819 0.0383292081245285 -0.110197313804695 0.074653222989024
0.0441754213246146 0.00293188295699282 -0.0057194378384878 0.0550543164374792
0.0351401232215203 -0.0345136921223273 0.048261093420747 -0.0189602534578285
0.00158427779066186 -0.0357831320494475 0.0392068741054733 -0.0863513849191882
-0.00270785501020491 -0.023203308236501 -0.0299536149892571 -0.113737210308486
-0.000433544997816898 -0.0192364502815362 -0.0823713586746216 -0.068517959930799
-0.00738494171019735 -0.0167072214284974 -0.0988147205692456 -0.014641159970756
-0.0057164941679098 -0.01579484790009 -0.0958384813398462 0.0248050831517265
-0.00274141309950018 -0.0232272485231006 -0.0888786013827414 0.0536455960216854
0.00983804158647826 -0.0245633267317464 -0.0937547998692583 0.0654451602355256
0.0131292178754183 -0.0200278141018897 -0.0951014108372625 0.058018801637884
0.0220133521797591 -0.0231179215584649 -0.0871947807453665 0.0501321692557561
0.0364538380944985 -0.0139206993000592 -0.0763434755393703 0.063163590963833
0.0383500204388391 0.021708044553676 -0.0467929233451181 0.0930503915488647
0.0159290285524206 0.04372930599901 -0.0314045164334966 0.161040767290622
-0.00524633272539885 0.0834938199317031 -0.109243148082495 0.0449565171779458
0.019010522963608 0.0529614248510859 0.00308204087522866 0.0363971573562046
0.0336532824182536 0.0200907985863819 0.0513935259453981 -0.0409500702288992
0.0228428727777508 0.00904675152840925 0.035474225130891 -0.102937492589326
0.0288500002192719 0.00502097669914476 -0.0324149188646194 -0.118509198471799
0.0362226312082995 -0.00894070010952686 -0.0802615929428586 -0.0731106557649246
0.0286327390123144 -0.0236495856671553 -0.0928292958473075 -0.0226404066364089
0.0243569178319206 -0.0268465286665454 -0.0892421715284218 0.0142977877614088
0.0289892215118993 -0.0379996546911181 -0.0801706423689881 0.0460431617305084
0.0496112196853309 -0.0286068920042018 -0.0835450936749278 0.0633137009308072
0.0523922206520194 -0.00777517456650677 -0.0884912402478917 0.0601109216010192
0.0589234950479728 0.00990450586025454 -0.0875564259192131 0.0491231466270454
0.0539151285831322 0.0343497751423759 -0.074362563836969 0.050110587127876
0.0314101435815009 0.0756686263162971 -0.0306201343038163 0.0717953889290349
-0.00590331334542343 0.103136862377672 -0.0086080451679043 0.135465623956276
-0.0350517423085597 0.117737710892167 -0.0914964207779085 0.00541445149860846
-0.0117463077079573 0.100610867878005 0.0245025909398366 0.0148858608585229
0.0288117261473647 0.0790582889762604 0.0661099763122993 -0.0613203548193386
0.0469144259088279 0.0586493161909589 0.0375513413096888 -0.117219843139249
0.0631130370277909 0.0340283440229726 -0.027359857179626 -0.117779569805041
0.0708794657421963 0.00290225223441003 -0.0674855895940921 -0.0728737323167997
0.0618267229713983 -0.0269808797618142 -0.073560477032746 -0.0290190001294656
0.0511105866955306 -0.0336419205603444 -0.0703685911785735 0.00108076898101574
0.0547920543222186 -0.0480709802568974 -0.060442408036235 0.0339971499929396
0.0808760048545819 -0.0325205367001447 -0.062473386096356 0.0571577652385165
0.0852283458171295 -0.00115329608718437 -0.0714947805283022 0.0647019774757571
0.0931726353416877 0.0331284923226501 -0.0832932022176358 0.0542931603500063
0.0733298239734433 0.0728977277012773 -0.0768402835788862 0.0406083805222919
0.0279313806211792 0.119125196528251 -0.0234765524734254 0.0427448964892551
-0.0236937141674986 0.1479410229863 0.0151597238083789 0.093596418744227
-0.0555230560098483 0.136623676547296 -0.0605594291702097 -0.0406124402057705
-0.0354317021471898 0.136998062727808 0.0503516618140107 -0.0146860760623592
0.026596727063672 0.130654983370598 0.0816328723013458 -0.0799758662675583
0.0720724906073198 0.101309891391664 0.0428960715930238 -0.123900642593144
0.0943356529303839 0.0547914484824993 -0.0140474727220205 -0.108832552352822
0.0990428427843193 0.0111402762419054 -0.0430932660507423 -0.0684686593026581
0.0855751013886822 -0.0285878918510071 -0.0431729742703794 -0.0346460956966381
0.0695632412031318 -0.0365614813134004 -0.0418227639293429 -0.0121507440416178
0.0718163648403856 -0.051212174645436 -0.0322571729667499 0.0191906183933001
0.0996741414708003 -0.0309052959940505 -0.0342260101826054 0.0474797828404948
0.105395502658441 0.00497063312574621 -0.047050577963805 0.0655907447701835
0.114954753376814 0.050605950545697 -0.0742082176033249 0.0586306470094104
0.0842138002257051 0.101031551890204 -0.0803035410344067 0.0314939143545852
0.0200607801047255 0.145236090063749 -0.0242681070684965 0.0106598497606712
-0.0396013240422831 0.169248033427496 0.0363845473860801 0.0435216050725877
-0.0660995018039087 0.134260425462795 -0.0241544343385539 -0.0904907293067608
-0.0509557591982191 0.148638916122972 0.0711486115130485 -0.0515813336409862
0.0209653066887066 0.156495450533705 0.0905254281064197 -0.0924841452446735
0.0834330203123675 0.124875458132477 0.0509322943580356 -0.118684165810704
0.109446121486352 0.0655797030337639 0.00997720201930789 -0.0925766449582554
0.110371992217393 0.0160057840200156 -0.00648674012297743 -0.063460048386485
0.0952419380401059 -0.0260246628346301 -0.00546656602908014 -0.0410471273048027
0.0774787167824156 -0.033292158142563 -0.00736170562164876 -0.0241497151949184
0.0795875672806771 -0.0435643249759697 -0.000174558841684563 0.00611279607143796
0.104737815880581 -0.0195457791127414 -0.00327088087240749 0.0374152633641488
0.108117586619 0.0190360008460888 -0.0199506520499248 0.0642897179386548
0.113367690167781 0.0695617102124589 -0.0619930784608862 0.0600471844546755
0.073462721466065 0.118586188603746 -0.0807987883275249 0.021068641922511
-0.00171622268572542 0.150471867772478 -0.0257326686118468 -0.0186790725088612
-0.0564594732242552 0.162212669139028 0.0561492336691321 -0.00453919090092621
-0.0639519593609654 0.109148113707399 0.00987699683385533 -0.134730658073511
-0.0578627463471059 0.131822296258768 0.0802323939768896 -0.0900407633943341
0.00998304980861768 0.149303126979168 0.0894350500070836 -0.0988274926700077
0.0754628015772688 0.123198336668688 0.0565902906228459 -0.104013803425065
0.101803531214203 0.0636354897765692 0.0375693311287309 -0.0738512470430254
0.101112447647193 0.0187456774746527 0.0319420070235556 -0.0591705549904941
0.0889811236433745 -0.0196194715240735 0.0322504130759918 -0.0466292254466686
0.0738840712296934 -0.025072256512913 0.0275297161781183 -0.0326370972384254
0.0765726886936508 -0.0288513392932722 0.0324480213131971 -0.00141869948380195
0.0951841821932022 -0.00255116726775514 0.0265597541268117 0.0332803627722302
0.0940359726617617 0.0359547875243489 0.0058102816127734 0.0663519391138374
0.0892211477050717 0.085036095861242 -0.0484868970197056 0.061048511081269
0.0422670890731935 0.12170975954804 -0.0744613696688539 0.0114569169574291
-0.0315009400682714 0.132202028142386 -0.020183107639764 -0.0391373280154203
-0.0701091926793672 0.129081529008834 0.0762609651690028 -0.0422474864828454
-0.0510878725785633 0.0650549955985612 0.0346605311008646 -0.166415395269225
-0.0561001163171966 0.0901562198095546 0.075865076567969 -0.117885636231327
-0.00364830386276259 0.114736087958847 0.0810494736720697 -0.0945199266208109
0.0508885451554163 0.0987302327642315 0.0606357330547832 -0.0829989153733115
0.0730136467857901 0.050895156050911 0.0624870684378613 -0.0558017079216194
0.0734865865099278 0.0190871259789725 0.0648589172265423 -0.0571183724702678
0.0680407327964097 -0.00899281117283596 0.063721545753259 -0.0507099068854488
0.0588126689509128 -0.0131463603462281 0.0565037386494835 -0.0354834770060187
0.061907685314303 -0.0118697833765431 0.0619441517887802 -0.00154042420051442
0.0728246416159943 0.0125220124508752 0.0524526049340628 0.0393866375533294
0.0668229055976793 0.0455783590987068 0.0255215260370244 0.0763792903382907
0.0520840753835501 0.0871351362814891 -0.0354659283266302 0.0655482806161466
0.00368221849855827 0.105749304381877 -0.0608018494203003 0.00821413190773178
-0.0569151139804884 0.0933591313752922 -0.00799981160714271 -0.0454931052442407
-0.0731663262997083 0.0767491532517759 0.0954919916727207 -0.0629485258059192
-0.0335897187487223 0.00790551029096489 0.0466298153062742 -0.177829769703748
-0.0501990493317205 0.0352864712035803 0.0612227442025164 -0.128562301948818
-0.018080623052638 0.0637445684441432 0.0722572846910628 -0.0808322698992794
0.0180666507653285 0.0599150668402151 0.0669772862622292 -0.0626017082268816
0.0323513110989037 0.0325906223741731 0.0808060780514445 -0.0470112408770693
0.0337479531955793 0.0194983220628683 0.0851562129778942 -0.0590259528123433
0.0366614337573547 0.00485871453981594 0.0818432987617482 -0.0525544792194334
0.034441141857088 4.45988881672839E-05 0.0768937532640403 -0.0332143784316596
0.0372880029947471 0.00336766935000367 0.0831600134617766 0.00523463771216638
0.0414546428475741 0.0184796188272807 0.0697583180112458 0.052069310590412
0.0354783125683196 0.040097822053735 0.0365986620394066 0.0912679435339787
0.0188742750756742 0.069801404831969 -0.026404345410681 0.0759096247769543
-0.0239015660521751 0.0725810005115136 -0.0473824788882848 0.0154423937532121
-0.0646504389588184 0.043369152789263 0.00300217337166047 -0.0373042736904853
-0.0599672095003896 0.0172576858433053 0.108429123441037 -0.0654478503405412
0.0232493765615307 0.0372738763826262 -0.10839761417233 0.0677208149085188
0.0432294668192033 0.00385535504132113 -0.00610249453465244 0.0520772873831105
0.0346749498559497 -0.0332842608324264 0.0488592359121534 -0.0170739431952668
0.00185371786207946 -0.034763801243004 0.0415919134887589 -0.082963555044003
-0.00256559378142059 -0.0223507234959622 -0.0249455867383074 -0.111349327951297
-0.000279125955873428 -0.0187721976767302 -0.0757430205636326 -0.0691127156067547
-0.00612870324984925 -0.016408528020022 -0.0939022908383449 -0.0166671836593394
-0.00484504878277438 -0.0151977660700051 -0.0930583843844783 0.021567314573199
-0.00207972723380568 -0.0219223666729837 -0.0872332189688101 0.0491002318657935
0.0100926959818353 -0.0232874167884712 -0.0927765138678907 0.0609818213768766
0.0128218566576992 -0.0190676132557939 -0.0936699215118874 0.0541858282707663
0.0214851648032465 -0.0222030509447612 -0.0854495292797629 0.0459483967273594
0.0358974185844697 -0.0125064916811014 -0.0762889972287018 0.0581288387761161
0.0368748000161654 0.0217415150332968 -0.0488897217919208 0.0866171268558374
0.0144015107567478 0.0426023828545383 -0.0347122176127905 0.153409349696245
-0.00621940048906231 0.0802565508798076 -0.106850818548384 0.0388715420430892
0.0171387515543533 0.0512832048438892 0.00278846113374722 0.0342887046397677
0.0323341239006118 0.0187442754337242 0.0518890695902293 -0.0376117070910132
0.0215091391125041 0.00848538794192544 0.0379044641835494 -0.0986451931649025
0.0277333391040422 0.00513919281831994 -0.0270033729791166 -0.115947036240695
0.0342653691701098 -0.00813227807277894 -0.073846957357882 -0.0730532206625394
0.0283320241949662 -0.0216792333708987 -0.0878246915472562 -0.0247783390228251
0.0242515420191873 -0.0247676990766726 -0.0862598298444416 0.0114759006728567
0.0282512755522958 -0.034978389629647 -0.0782507648792392 0.0422362337237899
0.0479579540531751 -0.0264064919998784 -0.0824821254769848 0.0594511038607047
0.0503961361228685 -0.00633388536917114 -0.0875840729807919 0.0570281705968151
0.0557265757713494 0.0103097545308606 -0.0865628013078524 0.0454563524222731
0.051164930099927 0.0342619934716991 -0.0742998062495072 0.0454653010494701
0.0292684691486972 0.0731423665831406 -0.0324138141063518 0.06650262171443
-0.00772552721914618 0.0983339024115679 -0.0126641030597974 0.129498781173613
-0.0353442275371727 0.112317903291764 -0.0894705262865213 0.00234760415816075
-0.0136577160102894 0.0963789769577557 0.0242246409831884 0.0144873424315345
0.0265147031229737 0.0754853848772547 0.066444462434445 -0.0572521519866059
0.0435769161969442 0.0566062915533896 0.0405568688710557 -0.112608969465271
0.0599907083119318 0.0331925854668779 -0.0222090905751715 -0.114594225681241
0.0679927510230213 0.00375946796065839 -0.0614309427698975 -0.072213217277921
0.0598573917524561 -0.0244214173525774 -0.0699932886035646 -0.030184340856672
0.0497557697670318 -0.0304142068959875 -0.0681069198902501 -0.000466033498613056
0.0530686138880472 -0.0438006089250347 -0.0593753893054247 0.0312703473273999
0.0780630283892825 -0.0292252290349103 -0.062139619097927 0.0543568931196381
0.0818204343201127 0.000722302721142962 -0.0714638132275438 0.0616007584702815
0.08779083631287 0.033993583423674 -0.0825811772589931 0.0510363666851951
0.0691639670599556 0.071410717802818 -0.0771285595057079 0.0368631107083795
0.0248850202447268 0.114051855022674 -0.0256303699535698 0.0393322336267713
-0.0258247814735884 0.140241005758166 0.0115964542233305 0.0898132475721714
-0.0567469233527142 0.129583032257595 -0.0586998033904973 -0.0408496694255892
-0.0371030559423501 0.130568540762707 0.04957569786728 -0.0124625867340657
0.0228920801984636 0.12436386474079 0.0813613500414413 -0.0747268813045143
0.0671081980084038 0.097991301857859 0.0454954343244813 -0.11881906425861
0.0894070478515304 0.0539522866210419 -0.00986787482547865 -0.1059238526758
0.0944281940500109 0.0119669388188017 -0.0380456756211502 -0.0672489885286267
0.0822331477890375 -0.0248962686740622 -0.0401088392091692 -0.0352396930749985
0.0673362618525994 -0.0326826922084128 -0.0401639599423247 -0.0129406426874195
0.0692758512526267 -0.0461690039456493 -0.0320735947686891 0.0179065611851338
0.095586347842063 -0.027317655292068 -0.03498380129693 0.0455044657459772
0.100843095682861 0.00734118502398162 -0.0474205550110825 0.0637899297328968
0.108784731292602 0.0506724089613149 -0.0740525486195745 0.0561837436745125
0.0786760737191948 0.0985504242230035 -0.0802741373715362 0.0289960216518994
0.016164856473451 0.139404960431373 -0.0256675548206595 0.00880489840497817
-0.0415301859734361 0.160365031395367 0.0331463645328177 0.0421555736001809
-0.0668425214504549 0.126992304191293 -0.0221573994314268 -0.0874884364530749
-0.052923126473371 0.141341789479459 0.0694460804437302 -0.0472920460665473
0.0166788569151137 0.149536041951941 0.0899364437643599 -0.0864625796577358
0.0779100290002843 0.121307215143226 0.0530713895913542 -0.113714188748277
0.103961245162743 0.0643093748978216 0.013069492835606 -0.0897110215427068
0.105056847716231 0.0178868216110488 -0.00352244715794987 -0.0621044970597226
0.0913725283056513 -0.0219784886716022 -0.00411363243039739 -0.0406428873732521
0.0749714152811472 -0.0291959674062083 -0.00716525447091284 -0.0239251854955396
0.0759061135031577 -0.0388729087188704 -0.000664090060176676 0.00614140947555047
0.100102142666792 -0.0163177621722857 -0.00539220954633743 0.03629329012973
0.103457519567388 0.0207126725834669 -0.0217838644304403 0.0632791675537387
0.106587845429717 0.0688531783107825 -0.0622410083375732 0.0579138337997499
0.0680371724581676 0.115207943959638 -0.0807817778565966 0.0184501768064035
-0.0049681673961504 0.143712543144172 -0.0262331696616348 -0.0190733148478167
-0.0582007204657915 0.15288806231079 0.053147053245183 -0.00351074161391971
-0.0644944678645048 0.103291536252995 0.0123511322655444 -0.129579362252702
-0.058653163436238 0.124707168221391 0.0795728920333847 -0.083564803235198
0.00633155293760434 0.142942890191854 0.0890716165737577 -0.0921601815072021
0.070345762961157 0.119530148134735 0.05760475359069 -0.0992013490796586
0.0967779118296276 0.0627719317206359 0.0389254348302347 -0.0703117964408234
0.0963086399999629 0.0204417745796158 0.0334730042681392 -0.0572139818635657
0.0850992961530943 -0.0159147389093415 0.0318337475242029 -0.0454624197926535
0.0705495224595802 -0.0217370184824826 0.026557024781467 -0.0309000651629847
0.0727865677281272 -0.0253003449677682 0.0311817243241038 -0.000162991552896565
0.0903063975411338 -0.000395712740644245 0.023779598762785 0.0337970343771023
0.0893688508242248 0.0363396906826433 0.00246661805770136 0.066039190370136
0.0832978488162539 0.0834659541889092 -0.0490112837473577 0.0588684203532327
0.0377493351725009 0.117308983862585 -0.0741931143711608 0.0096727508191751
-0.0334798196834007 0.125611193815439 -0.0199766630416324 -0.038336670291849
-0.0702395589279248 0.120594003810188 0.0738065626650567 -0.0385821909457358
-0.051386112252645 0.0609118324231876 0.0372615363247578 -0.15925873868876
-0.0566804869122067 0.0852632531445889 0.0757632424304663 -0.110132709990284
-0.00644435642347183 0.110128078469021 0.0811111125460719 -0.0886579273026884
0.0468632849015985 0.0958836648836299 0.0609886007210179 -0.0782367220173612
0.0694476899952244 0.0510196557019793 0.0629512852821171 -0.0532000390366474
0.0700545892937877 0.0200820337230218 0.064672848024485 -0.0538009809109535
0.0646921999681129 -0.00616594324594773 0.0620134379635209 -0.0487649278916343
0.0563359392970006 -0.0108581986046252 0.0549405743951993 -0.0333921903881213
0.0586655596543284 -0.00946168849681133 0.0597196108626494 0.000687775326973526
0.0689375453714873 0.0139171325491303 0.0485737795263518 0.0398328283506115
0.0627683367560316 0.0448231141506843 0.0211159347743365 0.0754527912298004
0.048139963688603 0.0848581973529751 -0.0368145139733207 0.0633916242714777
0.00135500508266364 0.10164426686473 -0.0614151099899791 0.00777139407339283
-0.0578904310138273 0.0880090505404752 -0.00769564031340873 -0.0433686719459137
-0.0721450003629126 0.0708868937316515 0.0931094272086991 -0.0577802481602011
-0.0329908136530091 0.00661203605924419 0.0489938138500048 -0.169912230691073
-0.0493426704260858 0.0330244115180433 0.0615395782084256 -0.120029952181284
-0.0186158813135778 0.0610567719796223 0.0726191647294829 -0.075494059941211
0.0162760778508556 0.0587809021056466 0.066984105525186 -0.0587422090248902
0.0309569887269417 0.0326402350264999 0.0800048038914402 -0.0437754023043397
0.0326285283641022 0.0194018334402771 0.0837232408768078 -0.0548337964711862
0.0354322634665027 0.00613610454451703 0.0798861046659666 -0.0499326292047829
0.0329602406148664 0.00118404594746515 0.0746729731320777 -0.0303562988590613
0.035641159026723 0.00408171994110347 0.0789932304024056 0.00732125481135944
0.0388186690203945 0.0186016326833675 0.0645770484195492 0.0524595229772445
0.0334548545758598 0.0394648635823197 0.0315064154280342 0.0895148935286211
0.0167205030286001 0.0672587128844199 -0.0286166840961547 0.073158161098139
-0.0250181825164171 0.0688614799222697 -0.0478535764473152 0.0143271132947154
-0.0635926293005322 0.039943949384905 0.00284465795198452 -0.0354523793863919
-0.0575929060158355 0.0146294472228418 0.105912429386904 -0.0599257863576916
0.0225731355088279 0.0384541083676108 -0.112398615861327 0.0618682562530555
0.0437585722741476 0.00601673023954595 -0.00787085765325329 0.052149850997369
0.0362746000735458 -0.0323260625544963 0.051846670671725 -0.0142074802517634
0.00303234535501109 -0.0350597426214614 0.0467595637247621 -0.0817217057197791
-0.00178791419186758 -0.0228289078886005 -0.0187369548832518 -0.113902625866558
0.000118092095133434 -0.0193398597174473 -0.0716574598685451 -0.0737916154440718
-0.00438359992936847 -0.0166937962549613 -0.0918151082480267 -0.0208642059702516
-0.00374110927350589 -0.0152285749453282 -0.0936345699362459 0.0177723356256474
-0.000899541813160219 -0.0210835466902777 -0.0897430859529644 0.0457313239211424
0.0106817733310257 -0.0229238459226721 -0.0957298164856431 0.0577239821869485
0.0132153010343395 -0.0182973575235418 -0.0966676404664274 0.0504502167406184
0.0221002294654405 -0.0215666218650657 -0.0893555736971011 0.0416565384209161
0.0366564130629086 -0.0111964209591148 -0.0800808157659901 0.0538375586095408
0.035864702461646 0.0232585397425756 -0.0540139561096215 0.0832408124725865
0.0118751469273271 0.0431684269176819 -0.0421959035084062 0.151180830617381
-0.00874510576158181 0.0797746748515752 -0.109777506871033 0.0337592283622812
0.0157314877699339 0.052304916865897 0.00192934638132098 0.0343505975451124
0.0319073270970964 0.0191522607400764 0.0560056392108694 -0.0351099888960678
0.021015485978236 0.00864802207262705 0.0435316041598898 -0.0974198432505026
0.0271598572895452 0.0057465890667569 -0.0205828694156962 -0.1179806011636
0.0340717421278882 -0.00731035455107795 -0.0688493417233762 -0.0774285137305166
0.0291387687229719 -0.0205039519659211 -0.0861091446991896 -0.0288571283902582
0.0254975168512747 -0.0232620098200836 -0.0869981819476874 0.00775866728379507
0.0299481565173633 -0.0326571659796861 -0.0805993927706448 0.0389108813756828
0.0488056435062378 -0.0240801224673828 -0.086040542103131 0.0561100953767432
0.0505951648718 -0.00417389741079907 -0.0910911207047074 0.0537948495221434
0.0545725782619457 0.0126492232029644 -0.0898442756984225 0.0418261758579047
0.0497166047406538 0.0359557573672136 -0.0778971783151792 0.0415337674599942
0.0262317377028687 0.0740258941708237 -0.0369562044514904 0.063424715875891
-0.0124495712695144 0.0980853251054532 -0.0188816083089735 0.127770927145428
-0.040034511650705 0.109948566933163 -0.0905144399436728 -0.00202289150110491
-0.017265797034362 0.0958066873132285 0.024079084295993 0.0153329228482619
0.0239020034942693 0.0751638172621577 0.0711635439364305 -0.0542302092162195
0.0409873344833337 0.0572414726362029 0.0467921744011618 -0.111515513064092
0.0585828167693176 0.0350652322489484 -0.0160975457532586 -0.117002006210752
0.067266968024666 0.00612318999589815 -0.0565172664634449 -0.0759897089172698
0.0601609377090159 -0.0214113944050195 -0.067738313832266 -0.0343369791677639
0.0509583931807489 -0.0275042495309727 -0.0680366249048186 -0.00402665987215194
0.0546239598146653 -0.040270907247748 -0.0606321804317125 0.0285371631927789
0.078409048871886 -0.0253043640674219 -0.0653275212580938 0.0522270983017044
0.0816733733249835 0.0041633340943074 -0.0750923545971103 0.0600609679375736
0.0853204054226276 0.0375073249564758 -0.0856036774922731 0.0481907793529382
0.0665256133999633 0.074037245434385 -0.0807748433147062 0.033078271489754
0.0200747150130429 0.114359903928815 -0.0289415412930599 0.0374161452165725
-0.0316328970688645 0.138210818209372 0.00651910872578539 0.0894788436623958
-0.0618636984214506 0.125998009397568 -0.057746383679642 -0.0433211774472973
-0.0430224334834119 0.128553642088845 0.0505214390685188 -0.0101291080815264
0.0185493007509427 0.123998986855065 0.0863262259060877 -0.0708533034363865
0.0630200095965859 0.100112336407601 0.0523031740713325 -0.117758426877978
0.0873412467170394 0.0569360433388234 -0.00438677249242213 -0.107451909845578
0.0929934135929426 0.0154428154831998 -0.0333424504047919 -0.0698408645024416
0.0828125463458622 -0.0211212930805481 -0.0384607081636514 -0.0386344580953499
0.0686628963938013 -0.0290663577894419 -0.0399046963023937 -0.0149561731874243
0.0702778490560792 -0.0415511743204678 -0.0329074874518454 0.0164883474566438
0.0960683532947651 -0.0234298006799108 -0.0377137713223847 0.0453054431210419
0.100479422623487 0.0114524245421473 -0.0515694750659505 0.0635570058275736
0.105402208748824 0.0554166977056723 -0.0772265706583573 0.0543252183723767
0.07449515017746 0.101475325191028 -0.0841904240579689 0.0256445136431262
0.0102030451016018 0.138447995819496 -0.0279654207702617 0.007170655466396
-0.0483065850546374 0.156803200574161 0.030722909532151 0.0429426481761331
-0.0724582529677603 0.123448085647248 -0.0190850909533514 -0.0884327383646696
-0.0593659738577684 0.139093314677436 0.0724240790344153 -0.0435506121026693
0.010882675674228 0.149305672874954 0.0955189339940541 -0.082251460916507
0.0724440934632182 0.123656540810595 0.058738527516164 -0.112003580615601
0.10104399436475 0.0681198311003143 0.0184588457009923 -0.0898143479184559
0.103941455115229 0.0220405813027386 0.000542153554347014 -0.0630120398022841
0.0916058002307354 -0.0175973303284906 -0.00246476355464459 -0.0422425183928362
0.0756831377224657 -0.0255734930191299 -0.00641511783859306 -0.0244595088002363
0.0764849178145074 -0.0341986886067749 -0.00137061399792909 0.00646061872601548
0.0999778195903859 -0.0118757863830548 -0.00775075559814315 0.0378288275856115
0.101985308828028 0.0246095590003131 -0.0258324523620532 0.0641443724214656
0.102910226764218 0.0730133154691896 -0.065432342171155 0.056522701765424
0.0630904205773863 0.117387705459483 -0.0844323091015293 0.0160034928117063
-0.0117483989822569 0.141579521815866 -0.0268724088552694 -0.0204097532519064
-0.0641027194010645 0.148819682131998 0.0528123898975821 -0.00215097416147378
-0.0689802498001841 0.0997791597069045 0.0172723191597155 -0.128905798442541
-0.0644494016191029 0.121847691464486 0.0830561900082929 -0.0786796656779411
0.000539315266494438 0.14229972239811 0.0946839690913417 -0.0881000002740212
0.0652795313549747 0.122709473624311 0.0629178971508703 -0.097222697820065
0.0939459042381412 0.0666829172713617 0.0435200487489833 -0.0693896235841531
0.0957095689242164 0.0237068437285809 0.0371109100042572 -0.0566022797882457
0.0847708744692475 -0.0117130732272232 0.0341216566349874 -0.0450855846781477
0.0712867804118844 -0.0177397864149432 0.027167451876652 -0.0305873069201921
0.0725289566172162 -0.0211228345615573 0.0307488552427617 0.00111309726420308
0.0898938255092256 0.00371147944938935 0.0211689039410722 0.035840934084815
0.0879146544261484 0.0396038552004163 -0.0016163660230379 0.0679196005993835
0.0790618441433275 0.0866233763724235 -0.0528103573546373 0.058539300473533
0.0325240337490332 0.118593556004041 -0.0772630434942063 0.00743073811994291
-0.0395833562443356 0.122940602254474 -0.019896821269204 -0.0391721732297006
-0.0753173516832217 0.116123610792753 0.0751783013813646 -0.0359168757058949
-0.053996317432217 0.0586222432838792 0.0437685765163447 -0.157055618030331
-0.060946730608916 0.082796576785501 0.0803124894875826 -0.104885160522192
-0.0105408178658896 0.109228969984307 0.0859624177460023 -0.084423304173562
0.0431582854759263 0.0985873250715587 0.0654495541676912 -0.0760774346199664
0.0677926532153997 0.0535815051599757 0.0664230080753887 -0.0508085303995836
0.0693859816154345 0.0228797899310363 0.0683388301093797 -0.0520077630816345
0.0643955649640469 -0.00313822243630261 0.0638365402561516 -0.0473034687417465
0.0559597748209781 -0.00803346558867264 0.0565090964728653 -0.0317095256473284
0.0583374099379863 -0.00640757695736676 0.0587650276167007 0.00352979007265275
0.067651287040588 0.0168364056465753 0.0455239632654185 0.0431952616140861
0.0611549771746348 0.0476003544251634 0.0168195228308211 0.0780121018336133
0.044321447612541 0.0863569711564762 -0.0409598694316651 0.063073997355039
-0.00316154510489895 0.10139189321408 -0.0641103709289961 0.00541989767720371
-0.0621849190894153 0.0847936789340634 -0.00700317158498225 -0.0436817448841828
-0.0748299468346462 0.067161357579437 0.0955077831765519 -0.0537013688384243
-0.0334644439615507 0.00517415298441218 0.0565742213597707 -0.167320669640071
-0.0512780318540098 0.0308231110782789 0.0669523882243038 -0.11543390751052
-0.0214648828521494 0.0607350586316922 0.0769985319148025 -0.0715652191293699
0.0143761746832786 0.0603507041063661 0.0705137027193133 -0.0559170241249705
0.029550643034515 0.0344141863253448 0.0833492762227196 -0.0407203347953411
0.0318702568674849 0.0214357163808319 0.0869791941928503 -0.0520971745888404
0.0348094630889276 0.00803286060034424 0.0816621008189172 -0.047465228467894
0.032287447089301 0.00277978310705611 0.0759986308131286 -0.0279440427718275
0.0345561847650692 0.00641989048334653 0.07860813270327 0.0109513749323688
0.0372014891349243 0.0202775025564269 0.0615231408830556 0.0566200308224225
0.0320237494091456 0.0404875723449838 0.0270166547649575 0.0916918009377873
0.0136183351839436 0.0680632137481286 -0.0333222565375038 0.0726898090829435
-0.0282759234547205 0.0679104932286385 -0.0507995895580942 0.0132572465908276
-0.0666724220191361 0.0369890471510566 0.00340175958215521 -0.0347580675372014
-0.0581304626576859 0.0111428119840958 0.107756977145436 -0.0548492868501631
0.0234856215143289 0.0404396851631904 -0.120033893689229 0.0600513709883415
0.0465393879714742 0.0078936853313671 -0.00953691626115703 0.0534351316924008
0.0390010585268389 -0.033508816402877 0.0572697553833112 -0.0131640656960586
0.00433201654076885 -0.0368796896814682 0.0535164804964362 -0.0836450141036437
-0.00182900225702624 -0.0240134871540274 -0.0145270746832549 -0.120612614258913
0.000562654488805547 -0.0203917215449468 -0.0705959703351714 -0.081236350318494
-0.00429395567419857 -0.0171955144309423 -0.0939247904989956 -0.0258723294494813
-0.00296048364176271 -0.0153048933062421 -0.0981032992994 0.0155545715758602
0.000252813797444353 -0.0217900181499471 -0.0955275048402729 0.0446187382406301
0.0124836566930795 -0.0234621479381303 -0.102460104974159 0.0575225964871947
0.0140141164837714 -0.0187461173993752 -0.103364276101543 0.0493918132915899
0.0235223273652355 -0.0218682894970491 -0.0962768142348223 0.0397613843975459
0.0392652296047811 -0.0106658533179931 -0.0866149298334455 0.0525038421062829
0.0373922170451751 0.025264082791717 -0.0605335879820814 0.0829877340196827
0.010749633070265 0.0459418889857737 -0.0498321486284844 0.155403841359184
-0.0110491228272174 0.0816440086981745 -0.116352054747653 0.0314252424120761
0.0154155976995196 0.0551528962086554 0.00146073926494685 0.0356367292162176
0.0328113515618313 0.0199066829842746 0.0615546922220187 -0.0345907228718748
0.0212838667615085 0.00858498097348917 0.0505770626901606 -0.100514325822023
0.0278408960047173 0.00674756232949833 -0.0163172529856963 -0.125473255549533
0.0354252953604168 -0.00675617622179805 -0.0677253819571489 -0.0842727352116256
0.0311456444454178 -0.0199614274509657 -0.087862968872757 -0.0334128543050375
0.0275098397398437 -0.0223899634786578 -0.0912851558719789 0.00538615624130027
0.0323122349968723 -0.0323875404963857 -0.0862429139178594 0.0378128895100599
0.0514672824768749 -0.0233253559241257 -0.0920298727989996 0.0565257576848807
0.0520547378521212 -0.00264583003170056 -0.0974956178400347 0.0542520234537961
0.0559316861336172 0.014989428898632 -0.0966252285305752 0.0405275381472385
0.0513827430503917 0.0389607920880383 -0.084299082441998 0.0399601305643633
0.0247441875762949 0.0778463741537029 -0.0419575889085682 0.0636688534827461
-0.0161801637433568 0.101360477062637 -0.0250377504519888 0.131481479849743
-0.0448308948377593 0.112613353022141 -0.0954042628576825 -0.00586101666034687
-0.0206372345806782 0.0991314045074784 0.0253159129597237 0.0169563445375149
0.0227543233086517 0.0776168033177112 0.0777444598156647 -0.053846602818284
0.0413375017632762 0.0602044820309118 0.0540086570078932 -0.11569616105371
0.0597245929690968 0.0378743000878052 -0.011889747591971 -0.123768589519877
0.0691331066444801 0.007952130230303 -0.0544573277238225 -0.0824864734265015
0.0631428665581372 -0.0200539031566684 -0.0689741089672335 -0.0392902942347454
0.0541370282273115 -0.0268281888020884 -0.071126944807417 -0.00659499494128914
0.0573714020054526 -0.038791894059321 -0.0647080840616448 0.02816160183205
0.0826288216834742 -0.0234264694622509 -0.0705289518760996 0.0532933045201995
0.0840881402754799 0.00684883620797565 -0.0812785160607384 0.0613430028991505
0.0870958453805334 0.0416063421261551 -0.0926238474105269 0.0477046128397011
0.0665149401151423 0.0790557034994237 -0.0875844984489085 0.0315138938502139
0.016529070816011 0.119216886638481 -0.032911688035189 0.0363980569545759
-0.0378866333596306 0.142210337684489 0.00292463611884608 0.0921556433581645
-0.0684596198439825 0.129148206358859 -0.0595120640174672 -0.0471856480052114
-0.0490391481532226 0.132464152551783 0.0538859591759293 -0.00805248453042213
0.0151611484468372 0.128326272608422 0.0944379666960678 -0.0705997299676508
0.0627192146855346 0.105270018867394 0.0596404517106487 -0.122026927756244
0.0893879799885694 0.0612631319757148 0.00054693126900505 -0.113573099211161
0.0959745664730185 0.0186045818878579 -0.0303426374601497 -0.0754063584557271
0.0855867702494286 -0.0189141737950344 -0.0391210762857539 -0.0425218098541311
0.0721323902475216 -0.0273005215337902 -0.0417636971575044 -0.0172244488903288
0.0739370433860849 -0.0398122515946189 -0.0357001483353947 0.0164227617660991
0.100547865788958 -0.0207256603180129 -0.0421730307493191 0.0468756500599182
0.103509064074076 0.0149466687182876 -0.056752568992259 0.0661525178551045
0.107280735699913 0.0611305968909853 -0.0834357187733377 0.0550324154143186
0.0745468482101652 0.107418271492293 -0.091301851620325 0.0239100823898957
0.00553332661346522 0.143824848677209 -0.0314948352566989 0.00601918100286645
-0.0560968308013965 0.160616305810651 0.0295018259207742 0.0450734194150695
-0.0795621154187234 0.125833598035194 -0.0176356203309018 -0.0924212307892399
-0.0665072761712411 0.142736457893134 0.0777463929666562 -0.0416679339017865
0.00633020704217448 0.154188750511381 0.104218803659098 -0.0815709753908221
0.0714849113082993 0.1307460177952 0.0663354253559578 -0.115617501034179
0.10325454399554 0.0738312390949737 0.0235473503207225 -0.0948676080687003
0.106934490967985 0.025486459480822 0.00453753871777653 -0.0669185023811121
0.0950489999920548 -0.0141568607970087 -0.00107749762877696 -0.0459693060993194
0.0791453925615321 -0.0235205877340887 -0.00678544364817246 -0.0263303607028617
0.0805923388281506 -0.031088173014083 -0.00240069277460671 0.00639907825172551
0.10373804040005 -0.00850308855235849 -0.0105860874896293 0.0404484328872338
0.105301864911278 0.0287176877191496 -0.0303740078461185 0.0677994970381733
0.104045576026343 0.0793101130212688 -0.0716656119364841 0.0584402860648338
0.0619964367941047 0.123577327193769 -0.091331749230442 0.0144679998098312
-0.0171726405523356 0.146812414737317 -0.0292121019761437 -0.0224370674732312
-0.0725228139045207 0.151442574023212 0.0543652772594927 -0.000406949775073959
-0.0754024563329131 0.101165461176637 0.0218736810136973 -0.132595448957133
-0.0717512316904799 0.124849319582568 0.0899763681431546 -0.0769761938705489
-0.00436599854733972 0.14741736284206 0.103486039248676 -0.0881874108901756
0.0639764321753196 0.129265586302202 0.069619174785177 -0.0995420843902216
0.0963102623916176 0.0722254937693184 0.0486678499022875 -0.0718332412596823
0.0984687470930383 0.027767316085184 0.0421925008750145 -0.0584810424665711
0.0884817432524797 -0.00877309888606117 0.0363978604677255 -0.0480037687870163
0.0742577472455684 -0.0158095290839515 0.0287491099906021 -0.0316466382078685
0.0754527382791589 -0.0184357622543714 0.0314712762072355 0.0023079387595379
0.0926092123306715 0.00709756626637176 0.0200583145948862 0.0400171228465145
0.0893891923282374 0.0437645964092461 -0.00508783424970197 0.0725577816584659
0.0789184999784448 0.0929109079668165 -0.0578509335363681 0.0607149387473509
0.0302585530216628 0.124117450181545 -0.0837152066693297 0.00640658610178186
-0.0456556659569256 0.125786856712271 -0.0208746914127184 -0.041608643195605
-0.0818559995288726 0.117109252245029 0.0788336513809674 -0.0350554423008205
-0.0582706120763066 0.058753593526945 0.051320860406392 -0.161256228918349
-0.066473719229452 0.08403161319098 0.0881317702537641 -0.104443505279807
-0.0153818298239594 0.113287150173733 0.0939923679763816 -0.0840455506024841
0.0421596669992446 0.104370473776898 0.0720003443489441 -0.0773739445967962
0.0693324267344233 0.0582947084973604 0.0728371533068396 -0.0512898967677876
0.0714323023338425 0.0260035819883166 0.0742020380853939 -0.0531756022828748
0.0670187672655822 -0.00016208974917076 0.0676296395806976 -0.0489630632841024
0.0577976893060465 -0.00633545241506466 0.0590185192660786 -0.032051473981066
0.060549890930214 -0.00353831944828428 0.0606355689698411 0.00533670167018013
0.068839454615497 0.0199423939202812 0.0451908897707241 0.0483836137223164
0.0620448988029243 0.0511750133571551 0.0136576821070018 0.0830359807421628
0.0428707878743583 0.0914358252249305 -0.0460355651228573 0.0663700962904211
-0.00706150318710878 0.105584440503693 -0.0694330116044908 0.00448260777383336
-0.0687081914855577 0.0854064530693438 -0.00699726429164229 -0.0454201446348923
-0.0801021540243903 0.066169118221375 0.100846442716331 -0.0526884476133304
-0.0350243294152381 0.00429722727285033 0.0658731505558014 -0.172051901021968
-0.0548586878156224 0.0306671615702901 0.0745221361825091 -0.115328650222663
-0.0247860305993225 0.0622743011906577 0.0843837985842335 -0.0710457991071013
0.0135442873172879 0.0638799158867709 0.0765905912316847 -0.0557768452915584
0.0301107929896566 0.0366857369431647 0.090111025072167 -0.0402078068125201
0.0324942025014015 0.0232738407694274 0.0933689986576791 -0.0523540929034447
0.0351110653442898 0.0104279937425008 0.0865808145364435 -0.0486832717423417
0.032619649912463 0.0040418874422784 0.0794804068865283 -0.0278027750504798
0.0353401898013128 0.00778380906775567 0.0806369174947743 0.0141737840330055
0.0376157006363597 0.0226018926351723 0.0615197351702996 0.0622242328935011
0.0320768116684046 0.0430410438244793 0.0229308204716149 0.0979015079026598
0.0123183408210251 0.0710217624846663 -0.0385198971149346 0.0759607644750168
-0.0316214287199389 0.069790943817929 -0.0562239947328652 0.0125678302594156
-0.0713346338702308 0.035768853705558 0.00358325260032127 -0.0357585800539755
-0.0609946572948652 0.00961537262348657 0.114684383427675 -0.0530078583199139
0.0260172295758285 0.0427981094137468 -0.129216181536056 0.064096630793534
0.0505108421042349 0.00848294775756946 -0.0086400524960178 0.0570055571829977
0.0417740539292604 -0.0363816379485704 0.0636500460874347 -0.0141023775048596
0.00381852385609037 -0.0398009370875828 0.0590010174537329 -0.0910736909959148
-0.00168492908628609 -0.0257542224952192 -0.0148314162194397 -0.130121645424062
-0.000249060050672453 -0.02173307776704 -0.0745095633287302 -0.0878352149393258
-0.00408097985733289 -0.018366305194259 -0.0988454714207875 -0.0277729295722173
-0.00303039630254872 -0.0157639841703432 -0.10447250140477 0.0172120926523617
0.000541671384862358 -0.0225419522798831 -0.10246492034592 0.0484461574995873
0.012831075023752 -0.0249990415662119 -0.110002997775654 0.0632108690317336
0.0144942963646226 -0.019917773947092 -0.110991112074025 0.0543130773328473
0.0251712100139238 -0.0240196013609833 -0.104568911392026 0.0423316965484183
0.0424160282206002 -0.0113627105415837 -0.0936745923751772 0.0555391622473586
0.0405461873124495 0.0277055880280879 -0.065631492403233 0.0868618592218666
0.0119156180443576 0.0498795840666479 -0.0534073499977535 0.165603978252886
-0.0109724877472641 0.0865385706042925 -0.125434060552238 0.0331954121830381
0.0172135906316017 0.0591821985416144 0.00281262642396354 0.0374523394700733
0.0350705161593965 0.0199215861764755 0.0684428266040466 -0.037577450651579
0.0228280845897792 0.00851286356680389 0.0556343196789142 -0.108554446607568
0.029720760042849 0.00634588726683288 -0.0168765673367297 -0.135001304568683
0.0366221963638158 -0.00797680530959918 -0.07075143652984 -0.0917492146363662
0.0328107856647182 -0.0213560095982008 -0.0931524318128023 -0.0365475478983098
0.0293363783967937 -0.0237862771228076 -0.0974469517152391 0.00627608056478448
0.0342093793258751 -0.0338584946677628 -0.0926200576581929 0.0412367773399063
0.0547854619792858 -0.025326983763599 -0.0993923634171467 0.0617931063122416
0.0551131871779084 -0.00310729762280995 -0.105404968515698 0.0592580280083033
0.0591954156842651 0.0157090801533655 -0.104666375096475 0.0434673813836977
0.0553473934608592 0.0408854654620723 -0.091802166382744 0.042177429167842
0.0268240613288347 0.0824741524383102 -0.0462153087645882 0.0664171305718805
-0.0169214492323689 0.108458539877439 -0.026630191023344 0.139949044711692
-0.0469167202165648 0.119494926546251 -0.102914262667795 -0.00536977730915973
-0.0209633399501567 0.106330632069476 0.0279049966530736 0.0177244627655933
0.0247420667263326 0.0813669082773724 0.085584877510734 -0.0578677524419585
0.0441564594108569 0.062973222205792 0.0587971108481748 -0.124807919430663
0.0637287922675145 0.039578641464845 -0.0116119662392399 -0.133853681228364
0.0730769474821554 0.00747655657267631 -0.0567034863840702 -0.0896390321407423
0.0667861561523962 -0.0211667028466464 -0.0733536394760497 -0.0431614141130519
0.0574370939974684 -0.0277024807719215 -0.0770362972119033 -0.00652841180376798
0.0609376868935053 -0.0407444102974838 -0.0697899955078147 0.0303967584957793
0.0872502832582412 -0.025657006324698 -0.0762206666737789 0.0582193287568871
0.0892419688600455 0.00749542328396017 -0.0880831297511559 0.0672610240101906
0.0925281392545776 0.0437240398509616 -0.100711776423382 0.0518981644263031
0.0717138229484752 0.0833216239645645 -0.0957162069549844 0.034025577552911
0.0180068691910967 0.12659690251386 -0.0367006520485499 0.0378088092490286
-0.0397673829977213 0.151754539798822 0.00256755379817679 0.097865209142756
-0.0726237517438087 0.137107080855201 -0.0647416069814818 -0.05004243771594
-0.0511627560223128 0.142011856624472 0.0584695408618606 -0.00843024664404327
0.0170451555947379 0.135280034871742 0.10348617117425 -0.0758280699249651
0.0668098791042454 0.110562667905254 0.0645630420850755 -0.131415110210889
0.0954399429969209 0.063933209871733 0.00145881551326393 -0.122376584642271
0.101638583119099 0.0186260965835186 -0.0310808006196367 -0.08222468003843
0.0911087461792843 -0.0198575578104919 -0.0415169757247637 -0.046922310476987
0.0762253844541744 -0.0286232249089249 -0.0456092179481105 -0.0185681632688242
0.0783678897763499 -0.041185480302497 -0.0386299158054031 0.0173909521904586
0.106354775203775 -0.0225927608401004 -0.045337774617822 0.052111599971088
0.109922144246033 0.0155382406130248 -0.0616795403125673 0.0729589862225371
0.11407853369226 0.0646508190614181 -0.0902083432137677 0.0599105997418473
0.0806059986930534 0.113738892464349 -0.0998482521542915 0.0266450418356791
0.00559433517012547 0.152520937522452 -0.035015502627995 0.00574255151670695
-0.0588362130977875 0.170904929013106 0.0308447176568282 0.0472070558066591
-0.0843136598356915 0.133227950980064 -0.0193525745962257 -0.0977779552407258
-0.0698501814828538 0.153135409384735 0.0832137514135173 -0.0431595561045397
0.00734825797592694 0.163493194966312 0.113208873094125 -0.0873443114376598
0.0773222471429463 0.137972154275802 0.0719498566744052 -0.124376649093203
0.110755660259953 0.0773815549068615 0.0256399789362008 -0.102439991700457
0.113833575194935 0.0261684930234987 0.00622153328944954 -0.073333257393841
0.101117802639111 -0.0152405361670429 -0.0019248568035087 -0.0505001404538577
0.0841507138158539 -0.0246832830087812 -0.00808143979233524 -0.0286689105958725
0.0849191049736941 -0.0332146913318249 -0.00337181512168214 0.00687037267195136
0.1102848722302 -0.00975764569838859 -0.0120707989525773 0.0450202257959591
0.111687986239665 0.0299432681709572 -0.0330460684403204 0.0751325491140022
0.111293907204821 0.0845093670661015 -0.0775226181542987 0.0633822210287735
0.0666981048189286 0.131049143726286 -0.100010768122999 0.0173275954892596
-0.0187165145748077 0.155702095233587 -0.0329002308220981 -0.0241747009233724
-0.0761757661810968 0.160802304560773 0.0574976128783475 -0.00111580131775589
-0.079750978660884 0.107789107635324 0.0232276950841266 -0.140966125719476
-0.0765449348657731 0.13360604355063 0.0966948194470417 -0.0803665264310569
-0.00398007665406161 0.156431456831368 0.111845839897493 -0.0937700582657644
0.0688947683374309 0.137745733839437 0.0756787939966976 -0.107119789443764
0.102857118090948 0.0761191688659885 0.053673574976432 -0.0785353328135075
0.104905231327747 0.0292140641878273 0.045945470537574 -0.0642711780476198
0.0936823209666553 -0.0091773003698497 0.0382209198100624 -0.0528166105565212
0.0785345825825161 -0.0167397397266936 0.029325310427567 -0.0344464539013522
0.0799505484435309 -0.0185688868933038 0.0326019321200955 0.00268766317054657
0.09825286140876 0.0075119927858226 0.0206309829425256 0.0447583720960855
0.0954254620834759 0.0461741031156712 -0.00634556692026587 0.0799467623101737
0.0850518696047746 0.0992862317402308 -0.0627941843339093 0.0661131596531521
0.0324566068737666 0.131995208627143 -0.0919111040689433 0.00856777257051744
-0.0495392511815744 0.133790479522674 -0.0239495442480466 -0.044187553356312
-0.0873464647984178 0.124602232149004 0.0835608613723778 -0.0381976265520925
-0.0621775910593336 0.0629283354051912 0.0547603600842994 -0.172223076714163
-0.0709915137554917 0.0901701603483821 0.0944640279780553 -0.109331466314261
-0.0161215156066395 0.120288659352767 0.101791602741861 -0.0894316859714714
0.046359924712024 0.111811020995155 0.0777523263895343 -0.0830278468791349
0.0744890513421942 0.0613711898037183 0.0788739534200344 -0.05629266974855
0.0764237676547331 0.0275091855649973 0.0806525678796252 -0.0581401147440385
0.0708754834507616 0.000241923311245513 0.0715749144514336 -0.0537238948809403
0.0612255402527046 -0.00682058099014827 0.0615566336069439 -0.0353941091175788
0.0637785956329512 -0.00332344975257245 0.063550437315111 0.00579838765271578
0.0732228025835666 0.0211379357645972 0.0477964459636737 0.053039670059831
0.0661799186672584 0.0540763126800819 0.0137252236690015 0.0904818801633117
0.0463331355333015 0.0976832212567911 -0.050237132915669 0.0724990353586267
-0.00699568087193871 0.111864927368271 -0.0770932287033589 0.00687351349940256
-0.0738778909428556 0.0909057529137215 -0.00916148177781233 -0.0483102238651793
-0.0852859093255246 0.0707298135492176 0.107115671759601 -0.0567585152372144
-0.037496726992584 0.00437261998998359 0.0701885091230019 -0.18353303009319
-0.0588312114378016 0.0328694061525681 0.0802110699387758 -0.120532227110022
-0.0264833142830084 0.0665211233630991 0.0910530825461578 -0.0750397571252905
0.0156111195641849 0.0694936731878996 0.0829320642297017 -0.0601803076697088
0.0324472141578917 0.0392881775343816 0.0985099635298796 -0.0442586820472974
0.0351155684417395 0.0248342344579991 0.100733785148067 -0.0573375460190543
0.0378647893865768 0.0109769866954846 0.0923357236791464 -0.0533032709514611
0.0345735000262529 0.00439597985066428 0.0832380161994194 -0.0308382573802432
0.0370967081092584 0.00878118459852391 0.0851532368664985 0.0148806792594013
0.0398367517654514 0.023988566073967 0.0649630701378481 0.0680983734642063
0.0344109245654394 0.0451714481822361 0.0235874794768383 0.105797284952795
0.0137594137803741 0.0760093393535046 -0.0424294446162261 0.0827116897311681
-0.033925215032799 0.0745255115469463 -0.0623778731711554 0.0155742200028758
-0.0771476872945097 0.0383624927867004 0.00263870821080331 -0.0373160881013255
-0.0650774813157932 0.0100720816253319 0.12175524441408 -0.0569205274360407
0.0183305055287147 0.0513011764134038 -0.144784217775034 0.0440778257877732
0.0521906536345986 0.0185285902227399 -0.0163683404775928 0.0584207085090912
0.0499315893482178 -0.031035879320822 0.0745869584435074 -0.00571680063938235
0.00958363256885543 -0.0420902948531467 0.082037654314194 -0.0888331398292321
1.66983557208663E-05 -0.0271515855382572 0.00782979509090927 -0.142374005730405
0.00177292184303371 -0.0227640723822459 -0.0611931303044777 -0.108428571595612
-0.000971736189708789 -0.0199359099839762 -0.0985223082650497 -0.0475190116623726
3.14624441426574E-05 -0.0160392212608172 -0.113110913695486 -0.000161833251899398
0.00593858899679408 -0.0232679991847958 -0.117755138734965 0.0345009246297057
0.0177394663209901 -0.02351467853798 -0.126956938943116 0.0494512557670336
0.0178358888508146 -0.0172181229113355 -0.126527431785308 0.0386228969488552
0.028830639238188 -0.0211042277927463 -0.1193389182178 0.027231777067599
0.0465617532920894 -0.00348358257016709 -0.110777360448195 0.0410752888853906
0.0357084625834391 0.0387583328313156 -0.0864634637499472 0.074697583450297
0.00212765152804244 0.0594011152552752 -0.0881177577552959 0.158870368964006
-0.0284863082727771 0.088425030104413 -0.13735120721045 0.0145203490732908
0.00841515375746365 0.0638991915234791 -0.00241783125939737 0.0412327756454642
0.032202323143831 0.0248905120483481 0.082789840682215 -0.025609574637958
0.0198702361685315 0.0100541452707852 0.0813870477843835 -0.104609200173611
0.0263097470979573 0.0113901317532765 0.0083821548852307 -0.145609368782273
0.0376562854249892 -0.00134720249542587 -0.0559424891468757 -0.11061073711892
0.0371482280997571 -0.0163930536040457 -0.0902567319669313 -0.0553885548206263
0.0351674146873635 -0.0172872756045053 -0.103860300382386 -0.0110285147160921
0.0424870416743798 -0.0272656363624993 -0.106071967157975 0.0292346133545842
0.0612160071948952 -0.0150938465039806 -0.116042061912868 0.0505674507975922
0.0569476118991498 0.00968847479563734 -0.123807439451747 0.0444691316348159
0.0575945858616955 0.026835033075244 -0.123045732056984 0.0270264339656675
0.0481877994800236 0.0545278260193297 -0.106353758054438 0.0262396273941805
0.010481947208666 0.0931068906165308 -0.0622604319778993 0.0548756214660864
-0.0412224312038885 0.115047939614426 -0.0528498955093436 0.134964553162902
-0.0728507300018073 0.113805025880818 -0.108293847416307 -0.0199792714808042
-0.0399059709837675 0.104151638079179 0.0268175625943214 0.027092556441933
0.00955236912028708 0.0853182539120467 0.103284105111657 -0.0401831348709631
0.0314166269310809 0.0685735956197711 0.0871270906239574 -0.116654436648228
0.0553826572584817 0.0510616425604761 0.0151559788516937 -0.142067661186235
0.0721706057742813 0.0217976106813158 -0.0404223107995393 -0.105063063735977
0.0718945281644197 -0.00963777801209577 -0.0674016958963579 -0.0581349152296952
0.0648851120017456 -0.0157932319296652 -0.0797467328157472 -0.0205987281079006
0.0719317919708289 -0.0290112802185433 -0.0806587389255504 0.0217184131494401
0.0953087982441117 -0.0088269375676879 -0.0919974754535361 0.0518065183666769
0.0907454745085789 0.02775753412549 -0.108111310041714 0.0564202779754989
0.0867915257147708 0.0637550486299007 -0.122348687872627 0.0356171974650249
0.0553607792931403 0.10200038984747 -0.109940940601696 0.0164863019766854
-0.00810092057329628 0.136318243998096 -0.0466690985057809 0.0253080043796377
-0.0754034705420475 0.155662653677188 -0.0111420323150625 0.0953971797690502
-0.102358409163674 0.125216643711644 -0.0618228073562516 -0.0579143702910358
-0.078152834057922 0.134165561059943 0.0615927772973078 0.00642673465812402
-0.00951328050371079 0.138417707529178 0.124088648913279 -0.0519362691974503
0.0468960109893937 0.121156928209791 0.0943068756199157 -0.119020323767956
0.0836883500789078 0.0818663950619843 0.0298137981261544 -0.12712242056671
0.100578356909489 0.0380256776676569 -0.0142954256948028 -0.0926316105505667
0.0968790261903393 -0.00360455325090211 -0.0324740010588629 -0.0568918332403426
0.0851903422175272 -0.0126539262137592 -0.0446893787049059 -0.0276765555252479
0.0894368527129519 -0.0263960227177475 -0.0463529264346389 0.0138242523852695
0.114354122757528 -0.0020342409710589 -0.0587946683859224 0.0509014732032074
0.111028867646766 0.0411016562130549 -0.0818173693912504 0.0672242093095461
0.105340435952431 0.0893412254036512 -0.115010109599058 0.0464136455659278
0.0578277749918426 0.135151753870305 -0.113478187816045 0.00797401848897098
-0.0264356179043981 0.160492942174556 -0.0387630512116798 -0.00865654728329642
-0.0996188955019435 0.17109438695326 0.0295335450107523 0.0475685931104804
-0.11451070313595 0.118092233243067 -0.00680693372660911 -0.0992274863416977
-0.100235525541085 0.141044866599777 0.0935130273446078 -0.0243813924365613
-0.0244525180974183 0.164933420632441 0.135800241983166 -0.0607577965039508
0.0522552123344379 0.151222981014006 0.101092518306983 -0.10805763207619
0.0968916083487469 0.0982842843111859 0.0532651198179447 -0.101151318129431
0.111807139695751 0.047919948672639 0.0238400539439851 -0.076443317946539
0.106453228678185 0.00332382365367055 0.00942765068015726 -0.0531506550861012
0.0917410356595694 -0.00674464963908547 -0.00437098890309381 -0.0322287684655153
0.0942774088692753 -0.0161652252654038 -0.00681750970727424 0.00859904326641747
0.116045762274701 0.0119955235104373 -0.0232326629283198 0.0492368644101047
0.110035610038554 0.0570700152571551 -0.0528851996275353 0.0733954434634457
0.0986470271474151 0.110160123869623 -0.101883953228124 0.0519864639561356
0.0399418561241985 0.15039260175554 -0.111443720714964 -0.00176718293597327
-0.0530184732956624 0.158483366806708 -0.0295655735110985 -0.0382171276086069
-0.116132074780149 0.155608756635436 0.0674610616925117 0.00304212166307487
-0.104991177535196 0.0913393885389785 0.045835647984133 -0.137012181315622
-0.103744850687809 0.119704199050811 0.114031838125196 -0.0612357981246657
-0.035440298787131 0.155501799908952 0.134476112732315 -0.06762197288642
0.0446639460851532 0.14984713910991 0.100944694716002 -0.0892606123862023
0.0900079406512979 0.0956914603462761 0.0777537140259523 -0.0708876635473869
0.102852409511102 0.048547623584534 0.064114778983614 -0.060036882331991
0.098221010933524 0.00878502941008837 0.051976371636223 -0.0487131806806327
0.0845867106077294 0.00011223611293258 0.0357877496026698 -0.0319486578131347
0.0867450970572275 -0.00237028322257084 0.0311052334862975 0.0097433263324928
0.100374144203824 0.0269379335327183 0.0113241329586588 0.0536284718839509
0.0895866685803557 0.0698248691119899 -0.0250396217318455 0.0826695069400791
0.0686526394626281 0.120417280692716 -0.0861447754895164 0.0559835714757333
0.00404667202919578 0.143926481209242 -0.100849070239845 -0.00902771390879197
-0.0803790669144828 0.129238320054548 -0.0155352509120034 -0.0564719235753317
-0.119635828705458 0.113661349103008 0.101896748422115 -0.0279783755123057
-0.0780068319134233 0.0478918960102098 0.0846149219666549 -0.165506097563588
-0.0908849143708863 0.0758249350419718 0.116593384740652 -0.0920208550779741
-0.0408649636997147 0.117290057944434 0.122534404528855 -0.0668025919919026
0.0265444720929459 0.119876247881978 0.0973732098639699 -0.0653641472358244
0.0636465281550698 0.075707872747741 0.0993146645713644 -0.0437915929048231
0.0742003506251955 0.0419699547759985 0.0978677189286127 -0.0482771066482725
0.0733996912224625 0.0139797191655532 0.0868801821708986 -0.0442051511259794
0.0646024676597535 0.00612354133949719 0.0700405187044176 -0.026722796023561
0.0661880683348001 0.00978545628640135 0.0640151683625439 0.018348946091572
0.0717738657700008 0.0365389265964811 0.0382403476000124 0.066555688428583
0.0575640281206494 0.0717421055267923 -0.00526545914622477 0.0969924030410241
0.0292683357343918 0.112655925171756 -0.0716765365824286 0.063503995175211
-0.0333606474480424 0.114677608104667 -0.0834485611908061 -0.00721769464115869
-0.0971624722959492 0.078983453683578 0.00140034223570351 -0.055718363141015
-0.105505813142493 0.0556163628730309 0.129039337474093 -0.0400862131488342
-0.0413012325042923 -0.00717242870000071 0.104998388430076 -0.176318543519112
-0.0680214137581964 0.0209174525836167 0.103872417736891 -0.108361538294087
-0.0404909124805647 0.0612576207710868 0.108005568689836 -0.0567972463175281
0.00403637022779304 0.0718232746810406 0.0982938938798408 -0.0432400370423957
0.0263935486196947 0.0446974119018412 0.114871270703469 -0.0280775417166626
0.0320395849541165 0.0313452250148992 0.117807445126965 -0.0435229212069036
0.0372182222991928 0.0182309728832919 0.10721856971923 -0.0404518683736012
0.034971610703123 0.0116025051057002 0.0925295780596155 -0.0187520158228145
0.0366726453607611 0.0166012607258557 0.0849906012968828 0.0308104256201399
0.0366443502691765 0.0330348254241669 0.0544937305314109 0.0843043885786138
0.0260305259593318 0.0562810505935584 0.00454037016632826 0.114310422770176
-0.00119841068414623 0.0832200594907291 -0.0631246389359668 0.0758079132889309
-0.0530143614894066 0.0702243198642251 -0.0688271989525134 0.00461276263823309
-0.0891979822576826 0.0237331905625865 0.0120726541281347 -0.0395484221002729
-0.0710217627804692 -0.0046125239160286 0.141912050135198 -0.0343961404690561
0.0227865173614674 0.050338805382222 -0.1448906536569 0.0549530546753856
0.0554488825417451 0.0152464235027769 -0.011623914067964 0.0603904623617936
0.0486665959751749 -0.0363191710117409 0.0788029590354506 -0.0117643225379675
0.00642522133886939 -0.043852109217692 0.0789211386224645 -0.0970682757962797
-0.00246611107449335 -0.027839943392175 -0.00130006910020999 -0.147057342527048
-0.000679976629078502 -0.0233631727235864 -0.0693318519787862 -0.108098735980383
-0.0018537028569871 -0.0201491751025474 -0.102476482393677 -0.0424366166587915
-0.000465962122530806 -0.0164673935994732 -0.114897867473564 0.00816915469684481
0.00469182415507117 -0.023879556335095 -0.11759228859767 0.0446758009806708
0.0163419368237542 -0.0253916365339446 -0.126785530593946 0.0603264180611499
0.016752895032765 -0.0187477100166967 -0.12836769208037 0.0485894235785374
0.0280963464184225 -0.0244887740874205 -0.122137878815844 0.036209270946445
0.0477116436766182 -0.00762459015448939 -0.11055722904435 0.0481776795180012
0.0395742606635091 0.0377671456210379 -0.0837835645025922 0.0794763072044508
0.00654785392601033 0.0604294312889732 -0.0790050134449813 0.167450740201151
-0.0225686771986199 0.0912880365996326 -0.140037018192769 0.0245670251682933
0.0140914221940928 0.0641106134417284 0.00213560903502067 0.0420523306956328
0.034811711203241 0.0220070466365096 0.084845592917951 -0.0326696376870036
0.0208479639174061 0.00795848080676546 0.0767656655037238 -0.113147410426119
0.0273395958734943 0.00875925047866692 -0.00106972012764629 -0.150420875155183
0.037116088509347 -0.00434175042233381 -0.0636194234359183 -0.110477026133233
0.0366955650539303 -0.0186575897014687 -0.0949044095863011 -0.0508913531911705
0.0350538474753038 -0.0197205151421695 -0.106869252121513 -0.00306205603685326
0.0413728746412007 -0.0305566674281853 -0.106542618785135 0.0384843962062878
0.0609841444280885 -0.0196137664259481 -0.115344853670471 0.0611354169781077
0.0581269268383266 0.00610568622363459 -0.124500354586484 0.0554305167637413
0.0594174665104474 0.0230015862089814 -0.125310111373613 0.0358078238477217
0.0533274758422471 0.0505691980186121 -0.108823442889049 0.0340457354648174
0.0171748749798582 0.0940037465034697 -0.0603900618576746 0.0581741253596686
-0.0332584828253639 0.119621870923498 -0.0448717680932299 0.140317969049197
-0.065605970123709 0.119821478360039 -0.11173536529368 -0.012185606637879
-0.032133797294185 0.108524329571715 0.0302899746140857 0.0261333583528922
0.0161298751280693 0.0844843200757412 0.104650185869871 -0.0485175671773082
0.0369449400684753 0.0664613967882631 0.0820623274883172 -0.125323965850684
0.0595060551601334 0.0464433661380021 0.00663742393421848 -0.147347562012276
0.0740337308474724 0.0159209564739428 -0.0475126667887034 -0.105968072366043
0.0723088035800293 -0.0146286717907285 -0.0721517629980714 -0.05573275006786
0.065197862381517 -0.0200353797232976 -0.083458245391951 -0.0149769546632186
0.0707801521216449 -0.0337813777200825 -0.0812704389689392 0.0287966570660531
0.0962665131301289 -0.0162132233975849 -0.0908713877497151 0.0613452427198362
0.0937481675582974 0.0222951633748576 -0.107545413081677 0.066746612822814
0.0921629928530829 0.0580420218548205 -0.123716053319107 0.0458948958990255
0.0640394047834143 0.0984668502347129 -0.113049350693854 0.024468688249089
0.000779975380937166 0.138931668490098 -0.0470201817660896 0.0276419254715282
-0.0646655245505467 0.162464457910415 -0.00585990950776347 0.0965239499566152
-0.0957573059767933 0.133323125360445 -0.067496127777681 -0.0540554984124735
-0.069081126897659 0.142332238064797 0.0644948639463362 0.00339650777100391
0.00109218323100406 0.139628074388628 0.125098337251637 -0.0616723828457052
0.0560396876839448 0.118843009852298 0.0892247297251896 -0.12823565711559
0.0904566991386621 0.0756156612430137 0.0222067816657299 -0.133184218816029
0.103619434455049 0.0306944215259491 -0.0194494690429029 -0.0953043996881
0.0979914068323997 -0.00992462997529687 -0.0377960951063214 -0.0564568892940056
0.085314105812994 -0.0182134296059044 -0.0488241687690507 -0.024605593973848
0.0883324888203903 -0.0320939932513995 -0.0469904684664779 0.0185644885409119
0.115612343886903 -0.0101458608317465 -0.0572587908599528 0.0581948343469792
0.11477604232358 0.0339739170876562 -0.0800174523251141 0.0766803639343249
0.113341350765049 0.0832816609826417 -0.115424210501088 0.0566812096072301
0.0686535582601827 0.131789242712579 -0.117807960709137 0.0169903224879692
-0.0161712663178249 0.164684830500241 -0.0409660501896809 -0.00654398890673431
-0.0884052000802567 0.180013945472851 0.0324333000882777 0.044999177823464
-0.108106932706887 0.127165150582666 -0.0139398638837817 -0.0995367391784526
-0.0913078325198439 0.149921731840201 0.0949957222742912 -0.0297850951063986
-0.0128376224929654 0.167643123912383 0.136751000916837 -0.0705609730823995
0.0640270621392775 0.148780244308332 0.0955507767164944 -0.118352914116956
0.105691739314912 0.0916602474255333 0.0479251418153481 -0.108875910350856
0.116282738976386 0.0399984207152138 0.0201312400983697 -0.0815014517880557
0.10792325599795 -0.00400487308946506 0.00540616005911383 -0.0562952246073591
0.0922339235696795 -0.0127818855506458 -0.00792266274355122 -0.0316349877826435
0.0941242501781085 -0.0227101018668559 -0.00802268454205038 0.0103662574477058
0.118227411462121 0.0038144648141684 -0.020271055434004 0.0542112048766236
0.115186281728904 0.0498405943073197 -0.0496922286806615 0.0814747121308003
0.108558601882756 0.104590649944035 -0.102396450967852 0.0612725799010487
0.0516616663284088 0.148697360351689 -0.116332662236542 0.00775013207368108
-0.043367004829732 0.163999607933597 -0.0348394855270319 -0.0373258781672102
-0.106006641631157 0.165393314219585 0.0680767471786434 -0.00240272231790894
-0.10034274594783 0.0995490921497615 0.0369927618960447 -0.142131546514323
-0.096915487934441 0.128809453358883 0.112914015035196 -0.0682794107583803
-0.0248145991945117 0.159597684273967 0.134566319658976 -0.0773563357464853
0.0563066961921316 0.149017879767208 0.0966930648021475 -0.0985202262120842
0.0980686155951837 0.0901905506288188 0.0754257010245253 -0.079797643760433
0.107463700045074 0.0419098570148999 0.0623846138513097 -0.068042705239909
0.100455180393864 0.00275300791391202 0.0483994896418808 -0.0545528766525341
0.0851326543888555 -0.00540463478377523 0.0326663717453103 -0.0345922466024471
0.0870719294904132 -0.00809660269693477 0.0311881828921645 0.00871437404207428
0.103428367566381 0.0205192046395501 0.0145901464162741 0.0562695018020935
0.0954345610781305 0.0646936307460949 -0.0209334541157387 0.0879426496738739
0.0791348309607645 0.117425641813232 -0.0858634690801249 0.064562671659832
0.0140380049156872 0.144678959392475 -0.106018418608052 -0.000406678989102892
-0.0738102299622491 0.136505466426691 -0.0214751299191881 -0.0561163510825147
-0.113364744200587 0.123093025879002 0.101196233076187 -0.0361530082393503
-0.0764351046685301 0.0532607763708088 0.075552588752868 -0.173300888627854
-0.0875815927681007 0.0838947834104462 0.114040051272201 -0.0998071457408039
-0.0336825337380935 0.121906443173459 0.121497121705447 -0.0751948966904875
0.0360245148266185 0.12037513115314 0.0958523166636414 -0.0740423320012777
0.0704543985708703 0.0720093932662543 0.0991694759017824 -0.0530616274825421
0.0779099481827407 0.0373326879290323 0.0974992105639156 -0.0574462952131547
0.0752174884482305 0.0090908521674793 0.0845574260691752 -0.0521691083688183
0.0654565795479511 0.00222854467174888 0.0678478564520344 -0.032698367835386
0.0673653352512222 0.00573506089231041 0.0647696904726124 0.0146785350660547
0.0748667343121999 0.0322410988637864 0.0434740682069166 0.0667713580246592
0.0632578056186603 0.0687754040707368 -0.000204077679121029 0.101098590461347
0.0382781338761245 0.111200284767142 -0.0708962156414095 0.0717852884719703
-0.0252791577898674 0.118111371208329 -0.0886524885169784 -0.000573768241438229
-0.0943284114279228 0.0870588232816702 -0.00350281381235909 -0.0562320072197818
-0.103037653608611 0.0630504362369109 0.128391302740529 -0.0498251216728422
-0.042625015474884 -0.005003854963536 0.0945299455160284 -0.185984075567256
-0.0682188878049518 0.0260256802061169 0.0998766936178368 -0.114633674239869
-0.037390932237559 0.0655022511038703 0.107709304791392 -0.0640734733352688
0.00975874051365254 0.0732270242472341 0.0977603407198999 -0.0511511796370761
0.0299876696722391 0.043663092457054 0.116430783777073 -0.0384958579856317
0.0348621010566154 0.029790212165341 0.118247691736683 -0.0542909615569377
0.0393213714010572 0.0164146638254762 0.106018208645549 -0.0495763497681311
0.0354583993072695 0.00983838442860824 0.0911590195588341 -0.0257690123967093
0.0383134522482831 0.0145941588317148 0.0875057948817786 0.0261947272927014
0.0392842543598802 0.0311337221867198 0.0605802264488448 0.0828910209796319
0.0309811512787102 0.055129696447911 0.01061514767032 0.117495377655487
0.00541806416200478 0.0853665383483813 -0.0612148895943058 0.0832967835030931
-0.0497213017904714 0.0750245274959244 -0.0722293861989019 0.0109087920678505
-0.0902749199570482 0.0301558115241881 0.00854398482519218 -0.0408457904385945
-0.0717990578974707 -0.000110125900127165 0.141733103915192 -0.0449716895815664
0.0252628335803716 0.0476860899475 -0.14010269357742 0.0614056882188438
0.0566353031329706 0.0122380533286849 -0.00716394810770771 0.0594363524172994
0.0456805657122516 -0.0388039255964385 0.0795053296155857 -0.0166683594187502
0.00388925375030604 -0.0439384951477362 0.0754002901094136 -0.101313071798848
-0.00433414238522481 -0.0275068386904115 -0.00804297370000249 -0.146281210257198
-0.00249499708256098 -0.0229257888083236 -0.0731899433234823 -0.104686831155265
-0.00305544378207376 -0.0195497960635923 -0.101708024418706 -0.0371927997969057
-0.000691711375625913 -0.0160361464815567 -0.111708059320713 0.0141628123535339
0.0035702947713425 -0.0238774659972767 -0.113739478213762 0.0516574637273994
0.0145177280997188 -0.02596864429776 -0.121894292601822 0.0672649024633579
0.0152948880711595 -0.0191113038316827 -0.12480089948797 0.0549343865361736
0.0255271219828387 -0.0262336623930193 -0.121032483817971 0.0418280571540384
0.0469950723479956 -0.0107257592687755 -0.107828606088918 0.0527991190273006
0.0421534277174879 0.0356045436796626 -0.0803661193329035 0.0798992371064612
0.0105328413862984 0.0598205759793921 -0.0703325996401022 0.167483615023698
-0.0175312649921705 0.0897731993732565 -0.136465614511065 0.031229348221597
0.017779658214521 0.0624547086510531 0.00521042610604747 0.0409226732930017
0.0355491240045945 0.0183113422536468 0.0849425843886491 -0.0374878409389584
0.020275477621181 0.00539325837077717 0.071500752762929 -0.116398897910091
0.0266609007616874 0.00634520351482076 -0.0081512043642344 -0.149668361111651
0.0355468623055086 -0.00607387602598771 -0.0677297773188286 -0.107639463372891
0.0353224057526188 -0.0202770154732913 -0.0950668218875858 -0.0459901008816367
0.0335883913388337 -0.0206865112147485 -0.104691301659894 0.00310957441593382
0.0395521236353217 -0.031622548886308 -0.103057632134613 0.0443822301169087
0.0588965600304949 -0.0223980227717079 -0.110962778760823 0.0674799768652743
0.0569770163955753 0.00328780958355244 -0.121276175044525 0.062480561035162
0.0589298501216906 0.0191400161350411 -0.124252563781619 0.0423081643273173
0.055014241672299 0.0458825452341137 -0.10678369945193 0.0383801243532811
0.0218604691486949 0.0912106945105918 -0.058136064245653 0.0579280824133824
-0.0255771776034299 0.119299591249066 -0.0381076319271457 0.13867265869284
-0.0585146963587164 0.11978098435261 -0.111350691207671 -0.00611222439487455
-0.0252323617429617 0.108081410765387 0.0318272849265023 0.0238587676700288
0.0204096024103942 0.0806819940328064 0.103180026435195 -0.0538566086657082
0.0395166561338706 0.0620119472810601 0.075812108140536 -0.128437816712422
0.0602874606374204 0.0415015022748075 -0.00060988217819166 -0.146279561699033
0.0723126883419137 0.0112952169936456 -0.0508365032421975 -0.103668174000401
0.0698817330097909 -0.0179468252053067 -0.0733117117110756 -0.0517979292123812
0.062807399206022 -0.0225931072494556 -0.0826842776104016 -0.00930383719635727
0.0676591790481978 -0.0364350543440051 -0.0793544299102808 0.0338249553080299
0.0928875177281442 -0.0204081997069681 -0.0868442111725899 0.0665981773251609
0.0926816171209698 0.0172988819109126 -0.10344183565337 0.0736276640034343
0.0931951848509492 0.0522495003902781 -0.121851929779188 0.0521566084291345
0.068187208653064 0.0923808293226865 -0.111991547984964 0.0300550713475391
0.00783848075216661 0.135818763983392 -0.0467700899464006 0.0274155685031624
-0.05415907173838 0.162075006556869 -0.00192272285668094 0.0938142154646852
-0.0869417524746625 0.134512852391139 -0.0689205494475605 -0.0491102524746547
-0.0598850389444449 0.142441414577325 0.0649490691174066 0.000668257837927919
0.00819583539986866 0.135397101058883 0.122783871038258 -0.0673694401824982
0.0607852328561921 0.111913650131425 0.0821822844529226 -0.131600790514788
0.0919266330964857 0.068302293028492 0.0153894080699409 -0.133729452236239
0.102072660052748 0.024615516761261 -0.0232417856499275 -0.094623696226727
0.0950677195368662 -0.0147211533530436 -0.0402516722921457 -0.0543865853041076
0.0824759734849961 -0.0216033594465318 -0.0501695444184717 -0.0209502852912093
0.0850068910446349 -0.035307054457317 -0.0462038082533786 0.0220761900195202
0.112197548546688 -0.0156931657096857 -0.0532625197659774 0.0622887648467018
0.114246299036188 0.0276251998278574 -0.0760000274537155 0.0817083885915753
0.115088774385332 0.0758513326884696 -0.113045623849861 0.0622277807085129
0.0741330656136686 0.124534753013341 -0.117072435626913 0.0236713249981686
-0.00777127709264429 0.16174493780243 -0.0424602891507305 -0.00531135943355417
-0.0770495822722703 0.179639190298683 0.0332435845101418 0.0415913124546941
-0.0996765584805622 0.129301709075246 -0.018826810775831 -0.0965529881048285
-0.0821263056408054 0.150959938850693 0.0930325100571495 -0.0328141252550018
-0.00406354490173245 0.163934026945529 0.133310660927096 -0.0763276556164412
0.0705349885235405 0.141360384536224 0.0890701234212669 -0.12116501448938
0.108054082798738 0.0831323551877746 0.0418563347509974 -0.110896155732102
0.115142068238099 0.032850646245685 0.0163633644961462 -0.0836374759123623
0.105432655047649 -0.00871819203510718 0.00170740391405886 -0.0563924106761353
0.0894994829833992 -0.016894238444645 -0.0105508662092891 -0.0304193158559682
0.0910534655971587 -0.0258710561151597 -0.00875089134291129 0.012101158664976
0.115222737149881 -0.0022734620129826 -0.0179377503178904 0.0571852024258137
0.115082683537133 0.0427746106310649 -0.0455072582831135 0.0856921467624465
0.111925348852393 0.0966442793773167 -0.0991869558439352 0.0676399055981183
0.0581022576994189 0.141656416738047 -0.116792288515068 0.0155157812811895
-0.0349912902930223 0.162748290834486 -0.0375146342487159 -0.0355734916987261
-0.0950947810713929 0.166237971483771 0.0657652583531892 -0.00639939590484995
-0.0938091924560793 0.102069839354141 0.0297680114893359 -0.141338237003457
-0.0889119318259387 0.130985146799565 0.10919467550716 -0.0709457322664365
-0.0166387450169389 0.157186129050625 0.130586061028 -0.0823926858445907
0.0632413400830243 0.142589433206892 0.0911864477779744 -0.101650866330687
0.100761864911259 0.0823484963584148 0.0702249424933383 -0.0841050971780642
0.106972154733605 0.0351701687974919 0.0584985633322625 -0.0724086706570372
0.0984364774287625 -0.00202455526910561 0.0443172739158487 -0.0571190447567356
0.082938821784203 -0.00918534429543659 0.0290871901250709 -0.0356561249420376
0.0847112703563086 -0.0119425470621516 0.0298671314959407 0.00798871172820929
0.101770986188174 0.0148166787668213 0.0166827668839371 0.0569434397811374
0.0972729174999386 0.0579845193483932 -0.0169192130241535 0.0907952259907065
0.0840229813569892 0.11064391079987 -0.0828900737759063 0.0699668650914335
0.021584936736453 0.140145851774396 -0.106719436374117 0.0072849181594478
-0.0663041922677102 0.137262136173653 -0.0249358121578796 -0.0537283782486475
-0.103940449934441 0.125013947205514 0.0968416635062238 -0.0411462034672018
-0.0723951888104836 0.0555617019426421 0.0656252191493432 -0.17388159594279
-0.0820176081702237 0.0862287821470347 0.108580276098447 -0.101766194907048
-0.027438221825407 0.120636155934124 0.11778848112967 -0.0793846047635156
0.0425208190231544 0.116149247652483 0.0911923577992675 -0.0768396313764306
0.0728251374741497 0.0670385864201973 0.0956786460018266 -0.0585953983451746
0.0780060482631369 0.0323899409985158 0.0938612589768696 -0.0637864501995167
0.0745501923388415 0.00528244691567418 0.0797384339667243 -0.0563418433184548
0.063793623982393 -0.0008102668511946 0.0629961768007191 -0.0358025003505939
0.0663729377356129 0.00207944725944481 0.0625055379937586 0.0122276278105961
0.0744033378743901 0.0279774436226381 0.0455741234246075 0.065472187574418
0.0659531488728779 0.0640059917211603 0.00358929961767845 0.101339814954889
0.0438469733638314 0.107449474893268 -0.0677136254860037 0.0754475512881169
-0.0196572106048286 0.116822030812338 -0.0890230201318918 0.00585065510845698
-0.0888085167704345 0.0903519075919784 -0.00701019538904496 -0.0551107058699071
-0.0972052123281234 0.0661050927269382 0.122796940864916 -0.0559944848743789
-0.0429545910033186 -0.00306757754067014 0.0841869797206821 -0.187786436421803
-0.0661922534143168 0.0288638869048521 0.0940788471285539 -0.115718786132255
-0.0336043946246376 0.066952880240012 0.104640527432239 -0.0678756460308455
0.0150479820816692 0.0715518078556733 0.0950553517022556 -0.0548451763924948
0.0321842453674534 0.0409596223715017 0.113930839549795 -0.0458536141499936
0.0357315737822395 0.027267965864928 0.113801072970431 -0.0614585851663056
0.0396794657882233 0.0144055914942041 0.100973323019989 -0.0553636697781095
0.0351384042637376 0.00785592714065481 0.0865136363124122 -0.0301687145554808
0.0384240025269071 0.0122423766220717 0.0856473234890224 0.0219942235207904
0.039362696586547 0.0285988232653402 0.0632624885684549 0.0803436173746192
0.0335456719111065 0.0517549224190822 0.0152709169160237 0.116634560454115
0.0105796088735135 0.0830983869502789 -0.0575834907672129 0.0866526622491734
-0.0460267360774691 0.076582152237533 -0.0726066742009157 0.0160709858069157
-0.0876978195037839 0.0346124629255142 0.00598381415519685 -0.0399158932007
-0.070290787245972 0.00294558194531356 0.136790032047184 -0.0512301114078358
0.0258469676461425 0.0459058396700276 -0.136453208850912 0.0627157274869262
0.0564103360613659 0.0108043348730952 -0.00548257074434803 0.0585144738931843
0.0435873824627957 -0.0391876208609415 0.0797671117426351 -0.0190046419068817
0.00230635093521644 -0.0435565088828337 0.0740011737211222 -0.101675912843156
-0.00531953200541302 -0.0266281892900157 -0.00998859581321779 -0.144006482144307
-0.00330599914407293 -0.0217629697632967 -0.0729384817414726 -0.103008966384558
-0.00361278161139374 -0.0194566591656831 -0.0990049058639512 -0.0359374201461573
-0.000287674070128524 -0.0153478511932606 -0.108820970153786 0.0163973405714823
0.00358202482894365 -0.023254523308037 -0.109957369694601 0.0540152750365116
0.0140062999650912 -0.0251679748575171 -0.118283186855211 0.0688062736474127
0.0141110016940695 -0.0183823374096425 -0.122778878201979 0.0570608267390365
0.0241647822008614 -0.0265329616588883 -0.119590533631297 0.0434474644464238
0.04589811235314 -0.012276202155726 -0.105811444730484 0.0525351384504242
0.0429314773350438 0.0345452273331639 -0.0787206809393488 0.076847662165142
0.012295633427766 0.0583640603517184 -0.0670256055279958 0.163720666868679
-0.0159416976588341 0.0874477266343415 -0.133188978712596 0.0328850233293568
0.0197842157412781 0.0607090178786438 0.00607260076946735 0.0396277775867904
0.0349148859674048 0.0163380585469989 0.0847865091635907 -0.039379697537066
0.0193637885599936 0.00381783337735629 0.0698412231650889 -0.116015942215613
0.025488329473015 0.00549112770962186 -0.00980772447853716 -0.147080691591771
0.0339106008991863 -0.00639524932999316 -0.0667648575946033 -0.105522831815487
0.0337273118209821 -0.0203969589843853 -0.092481014840403 -0.044328762708411
0.0326467627003796 -0.0204923506010594 -0.10184580638084 0.00509871257418343
0.0377030079724716 -0.031349949142814 -0.100351681743446 0.0468712358820929
0.0565627302226817 -0.0225626877683607 -0.107845195079074 0.0693637138179707
0.0551754721855454 0.00293256479995293 -0.118675515385764 0.0643676479726827
0.056881976237868 0.0171392500739627 -0.122703274138771 0.0446001838383701
0.0545412033411141 0.0426797180657635 -0.105841092025123 0.0387970095965995
0.0236830469576414 0.089228625496932 -0.0574531841224378 0.0547933408727949
-0.0224691732693735 0.116355093502426 -0.0361570719858054 0.135571202364333
-0.0555584300132429 0.117414756757993 -0.108960760224424 -0.00412847530905926
-0.0221005255922777 0.105995259177403 0.0328925762919626 0.0227497390074598
0.0213753505394013 0.076818161407287 0.102265598262403 -0.0553653905953217
0.0392627595552133 0.0586286849274115 0.0731754865642547 -0.127731798338382
0.058932862090345 0.0385088592583198 -0.00283998703757797 -0.144124704201037
0.06957342439718 0.00992062057551565 -0.0508487931059897 -0.102276890785419
0.0674310426065023 -0.0184217226412833 -0.0722635110821068 -0.0499108840278471
0.0609764665262839 -0.0223274626564469 -0.0809951146073928 -0.00709974607886753
0.0651336105233006 -0.0360726479224815 -0.0775846573135439 0.0359850940410549
0.0900396634077021 -0.0212997362375187 -0.0836720031361612 0.0684033641493716
0.0903324730473262 0.0156820839446327 -0.100973072516205 0.076388750037754
0.0911472721618679 0.0492606923443773 -0.120335334257433 0.0547591420221372
0.0677601476965117 0.087615249966111 -0.110998102593385 0.0316308894317911
0.00976934956806123 0.132466870271508 -0.0465652961880031 0.0262869374911494
-0.0497855921845097 0.15862553455399 -0.00110496797470803 0.0909859807700291
-0.0828535885754708 0.132251399745192 -0.0681975679221358 -0.0463296391743501
-0.0558975629636033 0.139327961629079 0.0645387337713565 -9.32670178538108E-05
0.0105571116951482 0.130686657182679 0.121415694654146 -0.0687663317288257
0.060980746687944 0.106399380618355 0.0793843437290578 -0.130759020650027
0.0906006817661011 0.0639846368403662 0.0133421815325578 -0.132518486509855
0.0991828046341508 0.0218715618396624 -0.023627564963422 -0.0943093240543787
0.0920451453968673 -0.0156574809090602 -0.0400817736315022 -0.0533148130699391
0.0797482656868307 -0.0218159685994987 -0.0494443941204153 -0.0189357474618814
0.0822608437626842 -0.0352975738495161 -0.0452908901131322 0.0243650134355281
0.109373900530546 -0.0172263256665861 -0.0514070859157683 0.0638355142654652
0.111535071259126 0.0253878924433867 -0.0740115437734988 0.0843809579152518
0.113294852866674 0.0716151003438677 -0.111094459470807 0.0651637810411223
0.0736071141365893 0.118985306166171 -0.116354712007776 0.0262597805941155
-0.00592614770427205 0.157951660151651 -0.0431196460463402 -0.00557746176777001
-0.0714214670857852 0.175276583881863 0.0317867271763959 0.0390588374617935
-0.0959428008960616 0.126907234829631 -0.019878333332449 -0.0937456309157249
-0.0774367485676977 0.148675975818704 0.0921041167263038 -0.0325700478722307
-0.0013447827084156 0.158698699129813 0.131943738783666 -0.0771036582112103
0.0708402189642983 0.135761208671581 0.086176346267347 -0.120533099802236
0.105980889711674 0.0786450612577364 0.0393663008287074 -0.110581635729049
0.112276325821108 0.0295955295612717 0.0151301800332176 -0.0840958960402224
0.102692584772705 -0.0105137918432776 0.000417488795064253 -0.0556595087392779
0.0863613280199108 -0.0169388790373489 -0.0115091389455 -0.0288221616249114
0.0877690190291174 -0.026230007474898 -0.00927159344062288 0.0135741419277458
0.111920289030717 -0.00392535341387183 -0.0160513972727723 0.0580436456558106
0.113003587876831 0.0402258947160794 -0.0441543675755227 0.087851822434603
0.110653502280213 0.0919105904110696 -0.0975621312129806 0.0694408429736707
0.0578423053988908 0.136156114506668 -0.115835024044461 0.0185318004169332
-0.0319084419782227 0.159090216536439 -0.0388635079168372 -0.0342373506598361
-0.0897396862670022 0.162705567039687 0.063316461983938 -0.00835981782340085
-0.0904068492199472 0.100025785009734 0.0267420759990359 -0.138142673312704
-0.0846175454642686 0.128392528203252 0.107330406927836 -0.0698810513332048
-0.0141174925100841 0.152765058800805 0.128989684399677 -0.0825423749068587
0.0639602931744576 0.137419654423678 0.0884731315646705 -0.101065580930262
0.0994957465496028 0.0783869045260308 0.0677265103262864 -0.0849468685567625
0.104290103995795 0.032239433847102 0.0560828700725801 -0.0737907112007228
0.0956831319895343 -0.00433188952353094 0.041402757470327 -0.0575146706763584
0.0798928854224831 -0.00986975283065938 0.0264253867595771 -0.0349213365872674
0.0816193522674865 -0.0129416216447484 0.0275967825616736 0.00886753754680732
0.0989170270041067 0.0130744148175423 0.0175575526743758 0.0572641489579719
0.0955247130308827 0.0552929678478372 -0.0164690237380235 0.0914775979576892
0.0838517087347292 0.106281688024813 -0.0822839547016691 0.0719196522288833
0.0222860669569236 0.135347899529592 -0.106350464651122 0.010948983281532
-0.0632571136108487 0.135021040706012 -0.0265725923926945 -0.0527669403665449
-0.0990656851998465 0.122276442950815 0.0929534002229557 -0.0421315764518277
-0.0702930255818894 0.0549832815144423 0.060806458858406 -0.170905875451924
-0.0797310598371755 0.0850808521736978 0.106879527153342 -0.0997442801954437
-0.0250998071489451 0.118390492393855 0.116429013158185 -0.0796516150015249
0.0436679451457653 0.112735431014479 0.0887393560149706 -0.0764774156437199
0.0721859838789769 0.0639533723508042 0.0931332653411006 -0.0606614071548176
0.0767401435807629 0.030473075875887 0.0904415465500999 -0.0665391674136422
0.0730877225935095 0.00390452224475717 0.0764353516550367 -0.0575002286477317
0.0617879744048771 -0.00139725941886076 0.0596841352349067 -0.0351483429315131
0.0643387543967167 0.00108761917519823 0.0599218066986749 0.0126492824311838
0.0727148285000921 0.0263192786231522 0.0455507496013582 0.0654123176143928
0.0654898066750432 0.0607819545524787 0.00420403239715211 0.101763407637771
0.0451796699610185 0.103671495488374 -0.0668524582570829 0.0771904979786932
-0.0177329181312692 0.114096089239606 -0.089022769636984 0.00909348859393752
-0.0861563299169496 0.0896379018775326 -0.00890295634834899 -0.0536323418454265
-0.0930269278586997 0.0651114422317877 0.117953943161164 -0.0568049195660399
-0.0423504870383405 -0.00270677915615088 0.079120797528026 -0.184758424658611
-0.0651365823690713 0.0293283516189727 0.092203243489275 -0.112170020915846
-0.0317957934665888 0.0654218185440096 0.103358940558898 -0.0670846567955024
0.0164690621766594 0.0698279286909809 0.0928735154893488 -0.0550486302110206
0.0325163703708274 0.0397556224498236 0.111477441407224 -0.0480067211928403
0.0355369271918485 0.0259807672398862 0.110796897483986 -0.0645410090128093
0.039122805196255 0.0134556042407629 0.0971710760263872 -0.05710457061811
0.0337935169371926 0.00741232668725851 0.0824754108493789 -0.030946107020042
0.0370991204225567 0.0112578855484652 0.0827275250911961 0.0213866198479332
0.0385504363717288 0.0279126313632071 0.0628335256946043 0.0789428951322999
0.0341157568092969 0.0497231332523798 0.0154406025855518 0.115833464176614
0.0123422962471873 0.0807915602477839 -0.0565854058179036 0.0871669588260621
-0.0436565786764212 0.0754294312110138 -0.0724138317264926 0.0183312362517803
-0.0857854475550042 0.0353240714792152 0.0041798021763383 -0.0387348471435419
-0.067833784927869 0.00308291565852012 0.132281032908879 -0.052191512694699
0.025490052829808 0.0460131709304882 -0.136917889503603 0.0615408651590122
0.0574700353487869 0.0110187130607328 -0.00476603416439823 0.0577415753000052
0.0436085118147233 -0.0395707453898943 0.0821124310843186 -0.019413258346834
0.00204425049854181 -0.0438034664584849 0.0763789966501048 -0.102571622820363
-0.00563273831239821 -0.0267383667490776 -0.00847341127806172 -0.145440745484772
-0.00333257135722118 -0.0210316393143343 -0.0718366249453357 -0.10533528263886
-0.00318193478225143 -0.0195501607630461 -0.0979163460295848 -0.0371718332542781
0.000596956414824565 -0.0156393393167713 -0.107991056099877 0.0163089026886386
0.003802754260712 -0.0233021559835835 -0.109965661575208 0.0549377128505459
0.0136570035949273 -0.0249286292519146 -0.118744152675578 0.0694245707224271
0.0138771173112782 -0.0184480745199088 -0.123941719936784 0.0576092890272818
0.0232886052852196 -0.0266191646480907 -0.121792687655362 0.0435384331632855
0.0463880441771737 -0.0128988078515359 -0.107484994554798 0.0510194076536454
0.0435666897645132 0.0354213781451053 -0.0807686448102334 0.074375036038788
0.0121177449308807 0.0583769734859413 -0.0685728255770025 0.162845439178024
-0.0160602855616277 0.0866209300857883 -0.133481809671149 0.0322075238573951
0.0201201584878818 0.0602840906842862 0.0068373540661882 0.039343173808042
0.0346841119489243 0.015649734086422 0.0869903950163547 -0.0397951046038301
0.0187567077198529 0.00301278645534028 0.0721187846580707 -0.116683600663371
0.0247771099765157 0.00546552590345753 -0.00877295885216318 -0.148119948691246
0.0332719132115191 -0.00576592691430407 -0.0657565589909639 -0.107277128915
0.0334282202598866 -0.019985674836773 -0.0917100878506702 -0.0454958356928568
0.033273694064647 -0.0198505179926346 -0.101251840250574 0.00530332204553618
0.0379170426612218 -0.0309960873736588 -0.100219206786544 0.0482113318152407
0.0564786818097413 -0.0217458798309448 -0.107754360126302 0.0703214672625095
0.0546745678017322 0.00334518044160959 -0.120104611355811 0.0657227358202604
0.055666655336997 0.0172339744336833 -0.124946280402163 0.0453186690734229
0.0539347407525921 0.0418614254076738 -0.107570535947543 0.0382310777131536
0.0232388028378844 0.0893096969721777 -0.0597053735037696 0.0527827207435554
-0.0223731443511706 0.115640042702718 -0.0379249275891761 0.133833291984388
-0.0561898016403503 0.116188050578661 -0.108648315382138 -0.00440575615646571
-0.021919513418302 0.105082090639741 0.0335912816011128 0.023065632567632
0.0210456630032595 0.0756332846629811 0.105275993809404 -0.0560277660314342
0.0379834391083247 0.0570337017001328 0.0751311357086156 -0.128111468023015
0.0580226898227667 0.0381905833474253 -0.00142956411626926 -0.145471438044976
0.0686666833895381 0.0104674761405908 -0.0495889256074882 -0.104371420786417
0.06696237808614 -0.0181739355549242 -0.0718232158300622 -0.0512279080668203
0.0614370785981385 -0.0216858938863222 -0.0803254345542234 -0.00723612650425056
0.064834097857122 -0.0346718561286701 -0.0773498156206382 0.0378213175343443
0.0894350109586128 -0.0201913504571549 -0.0839274983843384 0.0700327308741315
0.0896110203127537 0.0169167002568544 -0.102041772682946 0.078107678573907
0.0897693049748491 0.049308162067617 -0.122967125601104 0.0557353234762325
0.0668364898158072 0.0862862842434965 -0.113417689178026 0.0317124834261711
0.00865373700444054 0.132097152620912 -0.0481865997878084 0.0244290319993971
-0.050106324502791 0.15675733911012 -0.00304167833073082 0.0898988153168536
-0.0841301962282019 0.131247016037385 -0.0679386682637991 -0.0461717731743932
-0.0556968727844561 0.138509016008205 0.0660235691920392 0.000892052517329946
0.00957955101852272 0.12870717450436 0.124346140843886 -0.0686873941922649
0.0596722575625026 0.105217463034507 0.081636106076565 -0.131077541185822
0.089033596399706 0.0633878958226613 0.0136700312547969 -0.133052402961246
0.0977180509693705 0.0221339260869292 -0.0224664057793412 -0.0958671092528925
0.0914356063659248 -0.0149840829590015 -0.0401388574493188 -0.0541997379293028
0.0797592533696423 -0.021048293344249 -0.0490230691162085 -0.0182888130614677
0.0816298647608308 -0.0341538741093508 -0.045460305670694 0.0260030322676599
0.108679480320712 -0.0159596540502686 -0.0514784841407889 0.0654598046577582
0.110613385193017 0.0259438079746025 -0.0744053322201966 0.0874021882854701
0.111932204952786 0.0720736155076256 -0.113560749985462 0.0666271148604506
0.0721185179767519 0.117724599961339 -0.11836730548879 0.0274558918009638
-0.00725186651678893 0.157343613281219 -0.0444105042261655 -0.00694146035660516
-0.0718578364857662 0.17343441854384 0.030287137237683 0.0381436065852785
-0.0969422668723713 0.125606619009722 -0.0195148771461552 -0.0930935529405743
-0.0783111933474686 0.147438993604967 0.0937544733296221 -0.0313690540613185
-0.00278491620711033 0.156708166656019 0.134772907330158 -0.0771250815088194
0.0694790265064499 0.134635282688644 0.0886720934742127 -0.119818848271517
0.104624300816472 0.0777079267086737 0.0398483886484311 -0.112010347399943
0.110926457698865 0.0302785576031735 0.0158362042844306 -0.085372853447918
0.102071952784535 -0.00975181642304828 0.00058868839231798 -0.0564222185172911
0.0862903547785662 -0.0155291027185512 -0.0116252274445671 -0.0281841473064681
0.0872211821547716 -0.0247181229099466 -0.00951076284099018 0.0155573736497397
0.111202042161387 -0.00280089899660976 -0.0166215371206187 0.0601354719301811
0.112218106991588 0.0405508950596385 -0.0450573114039453 0.0906293145318579
0.10990496137344 0.092065055928462 -0.0994604963769755 0.0716924039866834
0.056607349468965 0.135022808125584 -0.118163962190237 0.0203732482339658
-0.0337184019496338 0.158546948503995 -0.0395870564065524 -0.0351095471833624
-0.0899106088113388 0.159283178897353 0.0620962612210742 -0.00849931222906577
-0.0912465204055891 0.0991223765218882 0.0276282596550216 -0.137354840997528
-0.0862540389165087 0.127621442276694 0.109559983412744 -0.0681207750189466
-0.0153054941024961 0.151110285695968 0.131609160512675 -0.0822950748417303
0.0629404719369707 0.136511403198932 0.0899481576212392 -0.100313836133735
0.0982763987292752 0.0780433731837734 0.0679459804408482 -0.0856283601271129
0.103252902958401 0.032747481984145 0.0564335916690175 -0.0753237608393974
0.0955544540528611 -0.00309353715573732 0.0412795288697723 -0.0576461488566964
0.0797780974570882 -0.00863448515491814 0.0258368275171377 -0.0337593125842418
0.0815118600984515 -0.0118979404850639 0.0269442074460103 0.0114302951795683
0.0982415059720363 0.0140453415352669 0.0172609269360577 0.0595065948514453
0.0947996439229869 0.0553538764083201 -0.0176537482462686 0.0947552480948137
0.0835142458962082 0.105342962204878 -0.0843594605851536 0.0741001254289874
0.0209949369403598 0.134563573181507 -0.108420414610084 0.0125861553636938
-0.0651568208503454 0.13404118556164 -0.027458161801028 -0.0529726007959329
-0.098870355028285 0.119554276002401 0.0921495960340999 -0.0420282621053046
-0.0710669642868542 0.0538450643803918 0.0624044923539573 -0.170404599436868
-0.0809508718850472 0.0846973536828581 0.108935873771938 -0.0977569430706738
-0.0262954839161473 0.1179652652633 0.119146716677743 -0.0783546627795462
0.0431431966498154 0.112482684052276 0.0904425596214042 -0.0756614425701753
0.0716813620396244 0.0638213795714183 0.0934230263597453 -0.0612420661806145
0.0761985826005773 0.0305576692000056 0.0904854633960733 -0.0675253982958929
0.0728084255389033 0.00439833723784809 0.0759894175176084 -0.0579825909244002
0.0611092879199003 -0.000264730885444588 0.0589262921802899 -0.0343302875451572
0.0635623099835526 0.00179402846991713 0.0589049961354553 0.0145238098081439
0.0720677570474421 0.0267370828243615 0.0449185923353852 0.0667948091953733
0.0651073926614437 0.060681328392262 0.00257660746257166 0.104520999221182
0.0449043311619217 0.103197760588124 -0.0687622386067845 0.0788602891015057
-0.0189163380045412 0.113370843469223 -0.0915810603449107 0.0109655713359502
-0.0874923854204365 0.0889022296407045 -0.00915068318449894 -0.0533694866613156
-0.0931212114755698 0.0626180259812703 0.117993704359695 -0.056223402782918
-0.0425802324453519 -0.00333573258559654 0.080733379371073 -0.184015751902547
-0.0659605916252196 0.0292515600574441 0.0950586932019209 -0.110327018159207
-0.0327111823387311 0.0659400250281147 0.105625735481714 -0.0664073895696626
0.016793217501193 0.0693904092437576 0.0947365468570919 -0.053538970943078
0.0321274288941871 0.0398799341618595 0.112346953729461 -0.0488736937465644
0.035816487071479 0.026284223440645 0.110446826153185 -0.0652795201520406
0.0391106876871801 0.0131174254982721 0.0969429506670069 -0.0575629326769818
0.0334270939073758 0.00762509873452273 0.0817399207712699 -0.0303743711120887
0.0366303983301483 0.0114070383067124 0.0816725766294387 0.0232403040268303
0.0376957439875755 0.0282930664055718 0.0621118221639577 0.0806656762979238
0.0334372953159928 0.0491936966965953 0.0133020505909137 0.117619251838019
0.0126787834824037 0.0803490613114117 -0.0587806300604428 0.0893619041500091
-0.0443253151716371 0.0755470317594955 -0.0746139865646103 0.0196751819560389
-0.0868781590163642 0.0347292164316954 0.00352527436678907 -0.0384770096352547
-0.0670581144881361 0.00136460457172245 0.131556193560829 -0.0510281536287156
0.0447857946329369 0.0337332268641554 -0.100511575675289 0.116134512812339
0.0594637235616937 -0.0146858265239581 0.0223567026425834 0.0539268339469097
0.0229431756133127 -0.0555689141503865 0.0675790527678284 -0.0587860591931411
-0.019463254230627 -0.0406403291499264 0.0254717800079976 -0.133520798250148
-0.0179980055733213 -0.0202814404385806 -0.0731507983524996 -0.13275286973714
-0.0122114149451131 -0.0168310949443478 -0.11408972771363 -0.068004695552737
-0.0113298447063862 -0.0167200437856016 -0.107268947016549 0.00588922204975855
-0.00464782213181009 -0.0150532618211081 -0.0928470225316699 0.0623694916901746
-0.00657015861542085 -0.0233770475855219 -0.0765891407833663 0.100485704813646
0.00240963518905874 -0.0288295710466069 -0.0787514182112921 0.118093875992224
0.00518787837791742 -0.0224308334877122 -0.0894238352791406 0.109238601770704
0.0074797851196556 -0.0343919173455255 -0.0930826531543019 0.0950014324981127
0.0367997214755314 -0.0326746602783755 -0.0778514287616635 0.0953326713325186
0.0564335325504997 0.0145151767866849 -0.0485642549473008 0.104851536840376
0.0387861737182024 0.0512710410888844 0.000106794737391811 0.181764217174906
0.021407987986022 0.0887944370383063 -0.108961690275142 0.0893034431937828
0.0441777573800182 0.0461417212156411 0.0262899568689122 0.0328377050704272
0.0367895925551054 -0.000780631949792168 0.0655353069054166 -0.0784599165890356
0.0149142436973139 -0.00470383771056507 0.0174005139273031 -0.143551998223303
0.0227675683500938 -0.00337803381354196 -0.0730660493192091 -0.135442468934731
0.0273218804403732 -0.0177862097387532 -0.10832272873793 -0.0731013023605643
0.0225273870575214 -0.0324319258162977 -0.104415248598499 -0.00470789517454204
0.0247762939724854 -0.032361066930982 -0.0912330208932593 0.049640981155095
0.0227867869170467 -0.0447802943234957 -0.0702531228490817 0.0904337338413349
0.0439838888772372 -0.0440070941569917 -0.0670671814319158 0.115379557645662
0.0532822411180459 -0.0187995885741979 -0.0822793782908827 0.117473193292493
0.0566847049165 -0.00649765947740639 -0.0968826179929021 0.102223994389154
0.0669430011661186 0.0159244767423544 -0.0857582738183935 0.0847412803262688
0.0602402363469313 0.074169042014631 -0.0403872703798849 0.0751470727003073
0.0322046433493757 0.121439159986637 0.0132187922165043 0.139200962856919
-0.0053913542928181 0.132225732384221 -0.101255602553187 0.0468887147678376
0.0226389598063775 0.10426821994368 0.0451149716640703 0.00773017086342384
0.0479612190527316 0.0597143838310699 0.078327404295958 -0.0988642305572567
0.0547301889974178 0.0360162508663803 0.0181293952928844 -0.154270113520206
0.0665497798582334 0.0124948546699618 -0.0630912566029608 -0.136303335895388
0.067097380350424 -0.0178226738589559 -0.0907271287087783 -0.0778397764105156
0.0542121749666029 -0.0440935533820167 -0.0873597354033723 -0.0187552043289583
0.0505436231773101 -0.04528121245483 -0.0766186858375545 0.0296911949170129
0.0462651237943015 -0.0597342832742546 -0.0534655660603748 0.0713462065992328
0.075938469197557 -0.0565011191315897 -0.0443018183333507 0.10563904978375
0.0924405587312298 -0.0212209068528847 -0.0602707002510563 0.123474153808058
0.102396540901391 0.0088173818561733 -0.0906580029736325 0.114377177912321
0.0971058079558366 0.0532934440669016 -0.0952372125937621 0.0830114861409055
0.0650199799975821 0.121078477916915 -0.0442539402995081 0.0428223390035099
0.024328411357785 0.172521544545454 0.0248735685505344 0.0799399998334046
-0.0273587494513845 0.156694884900799 -0.0805684066135897 -0.00845595101615597
0.00370286715416261 0.149074578803857 0.0666188150202814 -0.0259244827424344
0.0578010088384791 0.113838936111003 0.0930729784687989 -0.117610324582363
0.094248799301037 0.0715613672650118 0.0258001150740165 -0.158033677076266
0.105669193651136 0.0229102748159569 -0.0425464088776231 -0.133105990090049
0.0989550371303332 -0.0194686380635229 -0.0607581217344957 -0.082462700392402
0.0781715044515167 -0.0517326946478376 -0.0582281942548307 -0.0358045311071273
0.0680665723109023 -0.0519931248091545 -0.0531930506565937 0.00544024426338553
0.0627348059553339 -0.0656813885630091 -0.0287372684731784 0.0473851213673452
0.0959906471230332 -0.0601331437669518 -0.0152455277786063 0.0879350788036076
0.116504604784029 -0.0214228588365812 -0.0304889705881421 0.120830170360727
0.132823604402485 0.0196254926078175 -0.0781974322351474 0.123548712854377
0.115939571519475 0.0803036308000817 -0.102646313946277 0.0826320106960121
0.0601435058116085 0.151409318292956 -0.0545898130152322 0.0120991422354295
0.0107642828592143 0.197617863398827 0.0340050729801344 0.0166087399751693
-0.0423971290988778 0.156732625648148 -0.0547985238873456 -0.0725754899000814
-0.0143306600340309 0.166487632059534 0.0791540659258854 -0.0669072502175077
0.0575247671570168 0.144937217858222 0.101388016163937 -0.128709767194806
0.115423522932409 0.0939983688394827 0.038050835480414 -0.150133935849892
0.12599060195834 0.0291213684774941 -0.00768615765120699 -0.124804704050805
0.1144511846442 -0.0182587310079454 -0.0209846808983033 -0.089863283251012
0.0901266291783903 -0.0510902133378901 -0.0217697650708607 -0.055752813851831
0.0760162577733361 -0.0495225939636991 -0.0222226853219777 -0.019643734984936
0.0715537102891204 -0.0593946850635443 -0.000161772105967762 0.0218750681027287
0.10342904602843 -0.0494676124092403 0.0143178544187192 0.06751173909454
0.124182911356245 -0.00854459566385773 -0.00201033222082673 0.111842431590101
0.139706486813071 0.0392467616954958 -0.0643784752806403 0.122774934461426
0.108526129313314 0.104412611872669 -0.105916408520243 0.0755561607814994
0.0354976735171694 0.164032254273282 -0.0622796135859456 -0.0174656065237043
-0.0125901683360711 0.192562152111172 0.0452814111953417 -0.0415485036951568
-0.0488393683622464 0.129863547581721 -0.0296804565061707 -0.134587056068481
-0.0309831822851463 0.152529944068382 0.0775474713952297 -0.10760748027891
0.0438205730639884 0.145594583470503 0.0951692232430561 -0.131345147215177
0.11087135537772 0.0986196424497995 0.0484195787661495 -0.132131942071333
0.120521033565361 0.0314330201422981 0.0294224808605091 -0.113144951799881
0.108882132527533 -0.01310559851738 0.0210755264520826 -0.0978251999376553
0.0870222093215723 -0.0426050557797468 0.0161035045091508 -0.0745346385840199
0.072490150499103 -0.0402840961029248 0.00967729719455922 -0.0410793443463909
0.0717645472 -0.0446294453976632 0.0315867563061667 0.00184743296348505
0.0989456840907085 -0.0278944204173541 0.0446409165614409 0.051709139783405
0.113685897430507 0.0126691916200663 0.0243372142400534 0.103361712164413
0.121879307239773 0.0625368399971592 -0.0505482340841548 0.117060532522602
0.0750761422270623 0.118501203510673 -0.100434740894727 0.0629881916320547
-0.0041429494557763 0.154390183090283 -0.0566267317394531 -0.0404449007428186
-0.0394833945682191 0.15824807132317 0.0620516301784603 -0.0860464857474557
-0.0485575147928264 0.0798084873574381 -0.0121199718792754 -0.181938034828004
-0.0436435822286615 0.110934983747355 0.0632114707781696 -0.135579825837055
0.0204412573175583 0.119565678011866 0.0834945612427067 -0.122354985000875
0.0842051476312635 0.0842434409797359 0.0581259891018564 -0.108606988705207
0.0905943114781552 0.0290854923381901 0.0631515365455987 -0.10123963613187
0.0830039327873059 -0.003894739869508 0.055491144081629 -0.105099986330291
0.0695597386026845 -0.0262050471611502 0.0473353228848135 -0.0896864151927731
0.0575927715312904 -0.024695168707484 0.0393808218887112 -0.056520221188597
0.0603214482169802 -0.024698414607519 0.0619946716059247 -0.00990624880176001
0.0794890345291502 -0.00461097102523719 0.072684329693134 0.046185306501022
0.0876748542539053 0.0296902250285398 0.0462681553079627 0.102035260133356
0.0857585158468585 0.0769068150869848 -0.0360037492556869 0.112798045784492
0.0285826809537899 0.115735220028448 -0.0846360231054953 0.0517334495034937
-0.0442433859592125 0.121797344913474 -0.037599252111098 -0.0503050354889185
-0.0598672832434997 0.100678224249871 0.0833187944456179 -0.108952935230589
-0.044801762167288 0.0147237178108955 -0.00236692121311767 -0.204976137399319
-0.0519080329851726 0.0546024067406455 0.0435633799981749 -0.142068524322736
-0.0058756234588866 0.0747393023382121 0.0742259447112528 -0.105246314410308
0.0434458049381579 0.0552577724796823 0.0694508260331787 -0.0910575515708175
0.0448534518733927 0.0226200139425149 0.0850614091533095 -0.096869726810107
0.0434575533636969 0.00867496083130523 0.0743617127471309 -0.111371766384765
0.0416852208392547 -0.00450218222963219 0.0659206342554183 -0.0972349466895067
0.0339585935664588 -0.00564850409045977 0.0612488865984089 -0.0621630182767719
0.0389657852549703 -0.00417970578775796 0.0861491671627581 -0.0121161156945751
0.048170696335721 0.0106381543727939 0.0934832553349361 0.0504259469554595
0.0535174151406321 0.0320422329993337 0.0614972184801168 0.108099099759209
0.0461126045542348 0.0702447248145859 -0.0212683485455752 0.113999960751122
-0.0114522475398661 0.0912078146922398 -0.0650017933214515 0.0510867777839886
-0.0671016112985465 0.0701461569751199 -0.0159363279972193 -0.0415065641446255
-0.0632480447700461 0.0307185014333057 0.10273047553692 -0.107605216953592
0.0477461444954242 0.033631362643968 -0.10192402213379 0.123503095967295
0.0621862769393982 -0.0173299877421375 0.025053347633622 0.0547562362970024
0.0224522860346105 -0.0587166232111797 0.0702353487073886 -0.0648706989749162
-0.0220449857351406 -0.0420167234891239 0.0245156630063372 -0.142789777705131
-0.0197604227718796 -0.0200847829570671 -0.0798853742666047 -0.138038792983703
-0.0130213886019649 -0.0164432995060572 -0.121003600257298 -0.0696083866953176
-0.0125329205583072 -0.0171610856178058 -0.111809828349351 0.00726903762679093
-0.00507771796016654 -0.0159650789299032 -0.0940755106679683 0.0666679634115536
-0.0074936154976973 -0.0245581658565271 -0.0761899982775343 0.107338988576932
0.00136507780724429 -0.0302020243452613 -0.0786291281725892 0.126236333853207
0.0047834853970848 -0.0226452874482177 -0.0907552313978077 0.117065113394494
0.00586290958915129 -0.0356380508391687 -0.0954978321425124 0.102896440435865
0.0367052866046432 -0.0356621084868541 -0.0806813173491645 0.100767473701193
0.0602442631018467 0.0129945107999826 -0.0514767540394693 0.10929372744834
0.0420614859502775 0.0522521773046792 0.00323272968182928 0.189634008770565
0.0245527648309195 0.0916411109680582 -0.111289084720426 0.0963836526574276
0.0482312833756064 0.0459907202920019 0.0289724096558133 0.0332132011181828
0.0380021664639814 -0.00281008350339165 0.0677865220360093 -0.0850493687909313
0.0139658473812472 -0.00531486923311883 0.0160273286899708 -0.151695113669181
0.0231965345374246 -0.00425799708237536 -0.0792054761518434 -0.140804216024948
0.0280617047796363 -0.0188693064076864 -0.115243514026689 -0.0758503037599048
0.0217435103831702 -0.0340673658211883 -0.108494844155501 -0.00352262203633375
0.0250889776324944 -0.0344163693894645 -0.0924205955100278 0.0541955974479226
0.0223885016193247 -0.0468291461694123 -0.0696903103546209 0.0970992826547737
0.0444904240725974 -0.0467363638199721 -0.0666248235837441 0.123278818353927
0.0552819825770677 -0.0200563480969026 -0.08263708609363 0.126996917914122
0.0578523480323381 -0.00779543813206154 -0.0992918428125747 0.110765064280801
0.0686520134757154 0.0142178791779916 -0.0888992342511686 0.0910986343708105
0.0649602317502833 0.0753310733957299 -0.0435442907224865 0.0784093677316847
0.0354808639524886 0.124528460978823 0.015692720625495 0.14495967491176
-0.00228206798949747 0.13737527618217 -0.103780408276738 0.0517189951921035
0.0268853202428598 0.107559726505893 0.0484495820474888 0.00667776297961235
0.0505902455705291 0.0598159825983694 0.0809579039736871 -0.107159405804104
0.0563584462105302 0.0356169034394888 0.0161397284194154 -0.1623179620917
0.068438862994669 0.011204241864907 -0.069615498263934 -0.14161620845921
0.0692719817172606 -0.0200231708843668 -0.0968469426487887 -0.080575898715128
0.0548711718942254 -0.0470804303371473 -0.0912514455789625 -0.0186387051113216
0.0515584815908048 -0.0479690376158085 -0.0790264513519011 0.0329670593215045
0.0470766898175946 -0.0625870560748725 -0.0527837347323086 0.077366789016804
0.0774967666487116 -0.0604729088914174 -0.0427306315529262 0.112314574673282
0.095353416375475 -0.02372366023928 -0.0589103876174505 0.132861755432516
0.105946963555692 0.00671025287874702 -0.0928042107229423 0.124419662837154
0.101064396563481 0.0523107309627394 -0.0980660206431675 0.0904713745291404
0.0700655143606496 0.124585452934297 -0.0477888446161911 0.0453906038526127
0.0287307825751869 0.177865309775997 0.0266664228031837 0.0832404567191373
-0.024677651362083 0.163719095370099 -0.0835854869375012 -0.00664263292243567
0.00688083957606791 0.154391238736547 0.0698409469407782 -0.0288398643818139
0.0623180349088238 0.115443361690686 0.0962467508748797 -0.127266313432597
0.0984305808219896 0.0713703429596914 0.0238309712235824 -0.166656599971523
0.109028358232445 0.0208694785835883 -0.0482870521311264 -0.138574795952202
0.102114779390807 -0.0222791250820286 -0.0666305022321673 -0.0862313497780048
0.0800070839973957 -0.0550582250843709 -0.0621099570279214 -0.036739468000071
0.0701747445120353 -0.0551780667494839 -0.054871462294599 0.00724197082293482
0.063572972907971 -0.0684380401108997 -0.027488270368033 0.0515419316239765
0.0982323306170555 -0.065109941164686 -0.0125500213550536 0.0939526938733867
0.12048157157527 -0.0244250348281281 -0.0278941457416717 0.130046076456038
0.138532946173001 0.0170123907784743 -0.0788676830634042 0.133689742589129
0.121004856442334 0.0806329818934013 -0.105898202338153 0.0910444745398526
0.0660604009753315 0.156596233314602 -0.0595744536380476 0.0137321319326745
0.0146255796405069 0.204108865827621 0.0346394663267892 0.0163870561592773
-0.0405533407736466 0.164101106787594 -0.058186471048199 -0.0739572969339275
-0.0115531376087643 0.173683433470768 0.0828321112846812 -0.0720134804128207
0.0627510223604607 0.148135645997827 0.103575698902824 -0.138124328724159
0.121310948896846 0.0938554019702508 0.0376083482724489 -0.158836296354639
0.130429282056252 0.0275450705092239 -0.0120254181894122 -0.131214406397701
0.118326269058292 -0.02110218603164 -0.0248345881675162 -0.0948849962473842
0.0921227332436828 -0.0549607731147214 -0.0243009199573988 -0.0580923601709744
0.0781426646304252 -0.0529060229353102 -0.0236717421342498 -0.0195263128196233
0.0733471081517631 -0.0625458728076864 0.0019534921659105 0.0249874482140254
0.107135617243775 -0.053571934084292 0.018087519670217 0.0718768696831929
0.128496847526116 -0.0119553618402098 0.00238941844218128 0.120059995476309
0.146372786656769 0.036870299819947 -0.0643696997358903 0.133157466525067
0.113819610350072 0.10533418992369 -0.10859846063502 0.0840547473964068
0.040291012397374 0.169980288631001 -0.0674606345782869 -0.0160948075736174
-0.00903589521427081 0.198770651730797 0.0446550054529002 -0.0449674533262993
-0.0481884335783387 0.136170867803115 -0.0344501762536047 -0.139095242995474
-0.0294402902561124 0.159087755703428 0.0801797747844348 -0.114155822501606
0.0480731593310626 0.150198987557279 0.0980741824045373 -0.140584401024833
0.117170733963473 0.0993999999752907 0.0484663445548045 -0.139584207050783
0.125535977104043 0.0301074540681893 0.0274921724873749 -0.119907394477996
0.11258213998951 -0.0159191265875515 0.0186855426134187 -0.103657438135171
0.0893632346500737 -0.0460208634248756 0.0137343469490118 -0.0785145748196071
0.0744423419906445 -0.0429015712806803 0.00900992547859806 -0.0425143179480471
0.072705075693015 -0.0471871309669141 0.0338537174634344 0.00306261766884354
0.102142302287659 -0.0313142174549204 0.0489707055496741 0.0547668561231603
0.11828936102073 0.0101223246758574 0.0295146390189171 0.110727068470159
0.128308552665629 0.0618644296966772 -0.0501453474187247 0.126515124329809
0.0797066775221944 0.121560461494528 -0.104192374929945 0.070789687286232
-0.00151550695117921 0.160826223493896 -0.0615955041045843 -0.0400792284425533
-0.0387290519889436 0.164082642789307 0.0613919656132523 -0.0910053995308406
-0.0488172751610205 0.0840642943913419 -0.016380100185511 -0.188691049969126
-0.0439230140810965 0.117040416090693 0.0650847941914603 -0.142757313385957
0.0236132898495152 0.124067307653983 0.0854923215050075 -0.130677122528872
0.0896728324203497 0.0853990920476519 0.0592180549890198 -0.115555806272926
0.0952137174314786 0.0281013327235638 0.0632783566927168 -0.108294964140625
0.0860896905028087 -0.00584843571521459 0.054375516586149 -0.112097281067904
0.0715732837088914 -0.0290791274505373 0.0457976845026522 -0.0951533273742711
0.0598147935547294 -0.0262413043280773 0.0390217844579058 -0.0588921194494733
0.0620053450663598 -0.0266310361660698 0.0649965763527992 -0.00950611582742637
0.0824211044660303 -0.0062087112348823 0.0776951256530129 0.0482383790834726
0.0920025056578106 0.0284977154786739 0.0515679495021922 0.108571748783658
0.0912411359242448 0.0773666877380809 -0.0352178748616926 0.121480367585682
0.0316958890052072 0.120756105902214 -0.088091857088174 0.0593657054555949
-0.0438446712341566 0.128704538815825 -0.041493370130259 -0.0504905930110735
-0.0609165944017838 0.10454775501128 0.083367013545699 -0.115578821042272
-0.0467529619200445 0.0166839554160312 -0.00715978337724405 -0.21345682093949
-0.0536766388325689 0.0587449674951403 0.0441973575552294 -0.14873183036877
-0.00457668203349283 0.0785774401858643 0.0769259646941305 -0.111532783790368
0.0471192737624538 0.0563973491367733 0.0716495813003323 -0.0974300275904355
0.0479210871144133 0.0224727808180585 0.0864081415043322 -0.104553878157863
0.0458430745884206 0.00798261685305649 0.0735853748354168 -0.118747452046231
0.0434615637523013 -0.00574957790118779 0.0654617734416709 -0.103917866933942
0.0354204664917428 -0.00603699363017103 0.0620871505075765 -0.0656680035254834
0.0400564045613301 -0.00517730786031464 0.0896898147095277 -0.0133177757252402
0.0508368505440554 0.0101643103114336 0.0986186166433388 0.0517279774985936
0.0556476006094303 0.0317148072667114 0.0676955813741024 0.113865108603
0.0505519414056877 0.0714233370324703 -0.020429567848318 0.122154349122513
-0.00942803864441763 0.0962531511529793 -0.0670859843210024 0.0573344089647437
-0.0685136282348802 0.0755366942832267 -0.0187204960669753 -0.0425760462907535
-0.0659788480837782 0.0321505209060059 0.103794471120226 -0.114748970938759
0.0511628877146784 0.0314971817629672 -0.097729941635525 0.131766687888047
0.0639796192842693 -0.022659697825878 0.0296140949858745 0.0547547099679187
0.019571964803525 -0.0625553923144684 0.0698488176495821 -0.0724052992903457
-0.0258564578123098 -0.0414904659421287 0.0184484409970342 -0.150475606156866
-0.0215661255150063 -0.0195691614064098 -0.0888714557534819 -0.138651184823914
-0.0142409788959807 -0.0166533470068362 -0.129021662371578 -0.0668438812376989
-0.0139298073316363 -0.016790848451792 -0.11413372222797 0.0111834259660151
-0.00588190955840442 -0.0167234892072815 -0.0920876056578855 0.0732652058363453
-0.00881108261097202 -0.0246588912240901 -0.0714509584092974 0.115060298572574
6.97469007204547E-05 -0.0308010052547949 -0.0738125624968768 0.13487219503715
0.00330972737125682 -0.0230038048066314 -0.0877474933198794 0.126992490808206
0.00244030349208807 -0.0368175895419329 -0.0936363179277255 0.112407358155361
0.0350596483271332 -0.0394901467040343 -0.0792428020025891 0.107958663332504
0.063771687925877 0.00981141546263733 -0.0503129946818944 0.114390924395944
0.0460005810942533 0.050963674542979 0.0116794255597083 0.194978674430287
0.0304703303423575 0.092345148981647 -0.108804377710795 0.10493230128794
0.0525063104495048 0.0434289546604786 0.0321679866792118 0.031715798023228
0.0382395442645022 -0.00621361232907393 0.0662265406805658 -0.0931090731097357
0.012395414693786 -0.00635348688976306 0.00958030361798444 -0.158912390329396
0.0219731730527817 -0.00591426356132462 -0.0886186667722111 -0.141301995996256
0.0278321290952944 -0.0206669443366269 -0.122639664287652 -0.0729190132929692
0.0204065466509582 -0.0353982290588288 -0.111788103963861 0.000646828790886419
0.0242619221222565 -0.0368494515176067 -0.0914490687196479 0.0598868540566646
0.020868675607095 -0.0486284893402578 -0.0648176856702297 0.104537134060665
0.0431954714301137 -0.0503529322722427 -0.0615704673306208 0.131845345228158
0.0554057078993344 -0.0227630834886819 -0.0780734234112742 0.136862327776674
0.057973251026467 -0.0110248637773715 -0.0976117997407737 0.121108550165636
0.0698830931000219 0.0107546720064743 -0.0883450458231154 0.0988852230819858
0.071048625944612 0.0739607907946441 -0.0433865175403404 0.082334478442866
0.0425845706096366 0.125470866779789 0.0221949293504119 0.148035448464945
0.00471855175859876 0.140817127920849 -0.103661070962465 0.0589127951954736
0.0337095686444651 0.108099482884875 0.0509456176037713 0.0035696555184459
0.054668234231568 0.0570903891274636 0.0781981237230345 -0.116515486866228
0.0580366713060074 0.0336298695624877 0.00941147675971031 -0.170027342289997
0.0694481414736158 0.00791623610298583 -0.0788439030494281 -0.142473559965891
0.0694335655563049 -0.0236411609704135 -0.104066937610341 -0.0793946669366249
0.0535441894917146 -0.0502294095875272 -0.0948514773428125 -0.0152886431715325
0.0511823630501697 -0.0520925655520555 -0.0784524928672324 0.0378178964697763
0.0452178968478815 -0.066008051994476 -0.0482127354582833 0.0832348807352033
0.0768411925089252 -0.0663152240406651 -0.0370015263485741 0.119609805522254
0.096769805419152 -0.0282595937011776 -0.0523473525836332 0.142060405743762
0.108239530147842 0.00211971703525773 -0.0889340090617488 0.134791565457897
0.104659701196474 0.0484208106338 -0.0972248451309823 0.0993631287099658
0.0783821651179258 0.123746437258137 -0.0496950371844882 0.0491880900219611
0.0380431845768527 0.179833212663417 0.029634543853687 0.0848130549597013
-0.0166376529083258 0.16885486644475 -0.0856396984340711 -0.00176339354857831
0.0152141029005864 0.157429390590973 0.0718240634980755 -0.034041624387687
0.0692032172319222 0.113962666694543 0.0932934309832228 -0.137744144562249
0.103049404843536 0.0673604029827884 0.0168938733538896 -0.17452669908193
0.111689038535859 0.0156666995942813 -0.056439824103609 -0.140492306710574
0.103065182095887 -0.0279063419734525 -0.0732130622163168 -0.0865966217087772
0.0783044419125864 -0.060250083736275 -0.0658063718797821 -0.0350006988601317
0.0695106772807849 -0.0595633062459587 -0.0554327777731424 0.0105839825929976
0.0619772140045367 -0.0726801248258473 -0.0238307336821436 0.0559348593402894
0.09725746091021 -0.0716436723535635 -0.00653415992944319 0.0985553339449494
0.122854000820766 -0.0303860233998085 -0.0194190612347126 0.138066844782221
0.14269707406674 0.0110112411491189 -0.0737490264125524 0.144578763150717
0.126589802768653 0.0769232675409006 -0.104363667213111 0.100977144127102
0.0750052192872539 0.157462435740033 -0.0625300757284395 0.0176686903972822
0.0252007131947812 0.206866911619422 0.0344052208054716 0.0155243421681029
-0.0331915068549879 0.170041639589338 -0.0633583526750882 -0.0722934212291836
-0.0036890656777287 0.178529376190585 0.0827431825586567 -0.0782743608985363
0.0707499665984701 0.148036533994998 0.100869590561309 -0.14964998287278
0.128321157305263 0.0900677447989676 0.0314456328882595 -0.166814754006428
0.134278232502228 0.0212025680970147 -0.0195789472871158 -0.134890648531735
0.11983741911701 -0.0278181209778998 -0.0311649689162574 -0.0973490427589159
0.0914595953951243 -0.0610898392901897 -0.0282685230994164 -0.0591126301683855
0.0780760073529452 -0.0580230984159958 -0.025738713727677 -0.0184730202089303
0.0717320262636283 -0.0671392752941594 0.00469692081115216 0.0269952601765897
0.106530708190695 -0.0608509432162919 0.0237698749343962 0.0747162218525869
0.130922448246082 -0.0184780189327377 0.0112151700115077 0.126326689717815
0.151770304475861 0.0300694211558797 -0.0590863083998972 0.142750631517701
0.120730277391893 0.102130499144735 -0.107481550362007 0.0954069664026206
0.0494309571886855 0.17272744581521 -0.0720092708005764 -0.0124016709541515
-0.000980794980288339 0.202832380661406 0.042109429095814 -0.0478545613407226
-0.0425558190031985 0.141566944913098 -0.0415792875146426 -0.140566220758468
-0.0226865279222528 0.165134789549531 0.0785758452861539 -0.121275766546996
0.0561777311512312 0.150700696751875 0.0951242174193822 -0.151351497318244
0.12496900358054 0.0952618868368332 0.0435283334464806 -0.147236501749637
0.12986800224133 0.024325348540124 0.0220872750365153 -0.125034692762233
0.114206185224343 -0.0221021714138153 0.0132757632965164 -0.10901358114593
0.089075931293649 -0.051962978051003 0.00968505696631363 -0.0819561881647922
0.0744066347844188 -0.0471041237995243 0.00700154217734466 -0.0440017212362364
0.0722901615998106 -0.0515273245330691 0.0364903256309244 0.00324940118583914
0.102811882056674 -0.0372768289739515 0.0547480234542997 0.0557567680194867
0.121260431128028 0.00411456196017171 0.0372361989775625 0.115420974611284
0.134826495320641 0.0559656312436153 -0.04506881077385 0.135733615395569
0.0874068413138918 0.120915626571787 -0.102711228230806 0.0814566835249232
0.00609383639333016 0.16595557976271 -0.0670437884581233 -0.0369678340598546
-0.0321958286571898 0.168366679037207 0.0567924561519251 -0.0968372347447485
-0.0463578383916648 0.0882996648721171 -0.0266399437603663 -0.192769621145648
-0.039700206047155 0.123030727074138 0.0610415849207926 -0.149969289592804
0.0299343473634552 0.126045446778305 0.0830246373414271 -0.139804077085644
0.096317731200814 0.0822877782047618 0.0559381330083335 -0.122971528569002
0.0993894980540207 0.0237428318794068 0.0589061819277843 -0.116098127985282
0.088231643350211 -0.0103550056016405 0.0491740898490138 -0.118938998805986
0.0717546109142193 -0.0338010223033536 0.0415337795858981 -0.100696836367205
0.0599142354318736 -0.0295159568993806 0.0367578088522474 -0.0614155423259138
0.0615897944811852 -0.0297243592776219 0.0671006100451697 -0.0115539548825295
0.0844451954097715 -0.011337446458726 0.083025210600108 0.0475122304340904
0.0949443073121301 0.0241517851941304 0.0598506938065323 0.111994880466061
0.0979579202019449 0.0743521548551259 -0.0295296857755902 0.129726163617144
0.0387629893038764 0.123097335376148 -0.0874409700859878 0.0684043455681542
-0.0390788394412893 0.13441522642988 -0.0466658933619518 -0.0493437145484324
-0.0579610969044734 0.109292903818713 0.0786127110045211 -0.122945436898648
-0.0472931773667309 0.0189965962845155 -0.0177437415791307 -0.218463038463596
-0.052188499101274 0.0636092317339245 0.0399333055499816 -0.155034799244165
-0.000115247048494518 0.0809349770142638 0.0751972859423587 -0.119761776481689
0.051976585141372 0.0543835773292756 0.0698662523256388 -0.10445075002172
0.0508597985643282 0.0203407907364193 0.0829243502798143 -0.113706007994759
0.0475734197827563 0.00556460044019302 0.069230114483488 -0.127073831670961
0.0439532801601636 -0.00815331017796077 0.0608112846734386 -0.110937936924657
0.0356163396027654 -0.00753329646102097 0.0595618481938264 -0.0702468612065261
0.0400171854847339 -0.006877368666555 0.0925914290788284 -0.016697972000841
0.0527139844359479 0.00811945092764401 0.104600215539373 0.0499875568000835
0.0584052213951924 0.0289569104533429 0.0760894429686089 0.116540480274404
0.0554911203185023 0.0700349220077385 -0.014659380501423 0.129549256046143
-0.00482001297311062 0.100105448895011 -0.0662337064496162 0.0648594594097478
-0.0671967021456263 0.0818492080690822 -0.0219009255679201 -0.0420498914082433
-0.0674373145428461 0.0357955244210091 0.10069326020312 -0.122939441613004
0.0528784432723908 0.0277494613715634 -0.0896221678084488 0.136795021938526
0.0632966347310926 -0.0272663437866702 0.0332568043745041 0.0516339581692601
0.0153628283575417 -0.0641425772849277 0.0665971730292806 -0.0778793922724493
-0.0297802366078348 -0.0393028938660906 0.0104425361069574 -0.153658802407483
-0.0235995052092786 -0.018014923413204 -0.0961819873669866 -0.134881460526991
-0.0151552766287304 -0.0156966523351409 -0.133323753161854 -0.0608299693152797
-0.0149226319640154 -0.0156490665139448 -0.113262565033792 0.0159605181330887
-0.0064862269836699 -0.0167183900264824 -0.0875437194824 0.0778957556863923
-0.0101497062359443 -0.0239645787932042 -0.0630013243813285 0.118727698571428
-0.0021331244948382 -0.0310624715784285 -0.0648258927665999 0.13963146935111
0.00159604377366662 -0.0223932207139252 -0.0799814897884999 0.133192924022681
-0.00073011227619363 -0.0364740626701052 -0.0876230390356918 0.11855174767867
0.0316544470045362 -0.0420300344521898 -0.0744031751159815 0.112081662155789
0.0649588196285293 0.00525113413607108 -0.046717488614234 0.116309938422138
0.0486457931463221 0.047739405510895 0.0216412808621972 0.193858237621145
0.0350832273638046 0.0893403522237956 -0.102341703144719 0.110415932059408
0.0552539388427334 0.0390365317244163 0.0341783859491956 0.029467494265074
0.0370639181921257 -0.0096233243108466 0.0610962388771482 -0.0979216295784581
0.0105513516849184 -0.00705237702290348 0.00120737079635037 -0.16145782635375
0.0205659109960404 -0.0066763061812508 -0.0961315205623871 -0.136848261500421
0.0261609225044107 -0.0220348412431759 -0.127133915068549 -0.0677166546755771
0.0182269915215373 -0.035915280512535 -0.111521502726036 0.00564474101976101
0.0221896865866527 -0.0383208953152563 -0.0872420659233949 0.0644769965935394
0.01823989644835 -0.0491826914496046 -0.0571055633247855 0.108064053308362
0.040281333947033 -0.0527044673721886 -0.0525886591914652 0.13591410226251
0.0539090699064643 -0.0250389616235206 -0.0691574366679763 0.143328532288197
0.0561380989535572 -0.0134882064832015 -0.0902421334592921 0.128061844832244
0.0688641588232557 0.00645502813927353 -0.0828591468142308 0.103912809386664
0.0752107745839323 0.0691221218040559 -0.0418165600482151 0.0842419359564607
0.0492281214595961 0.121318890531749 0.029037554235454 0.146690049872346
0.0126308130940299 0.139184669414809 -0.099415443037554 0.064991172600329
0.0394208981631084 0.104027984659612 0.0515760506280658 0.000334339111835106
0.0565457308196093 0.0521151193556812 0.0724670069976816 -0.122575920378798
0.0577585353587513 0.0296708020279652 0.000218387595078757 -0.171955689794576
0.0682600696266551 0.00393205462138718 -0.0863033324198987 -0.138265941398976
0.0675057339868196 -0.0274251397723554 -0.108715452193232 -0.0749897296057765
0.0499551424335768 -0.0524193194997509 -0.0952860749938784 -0.0109537528699889
0.0482027619645548 -0.0545634530414144 -0.0757138858244848 0.0422069705423117
0.0412973022766003 -0.0676220467582514 -0.0414673483162803 0.0866107525744393
0.0721055583547705 -0.0704054034783362 -0.028529034077484 0.122776166328237
0.0950234344679526 -0.0327479120615706 -0.042339070368969 0.146807715097268
0.107222815097582 -0.00365520332338183 -0.0814459579633563 0.142568043767209
0.105136721518387 0.0427831439042229 -0.0920852798171869 0.10597236652354
0.0845687188013604 0.118887975703882 -0.0491290586996575 0.0522884634680411
0.0469879997345507 0.175604153624945 0.0323350030574469 0.0831815402922158
-0.00704814494952634 0.167862620141351 -0.0850570981960812 0.00343190453936654
0.0239194872670485 0.154663488306731 0.071432261028582 -0.0382971172847311
0.0742286200108059 0.107181583073508 0.0866042307001745 -0.14438034403319
0.104585812169219 0.0608407024240957 0.00752082630617968 -0.176160331545387
0.110550705573099 0.00898459848583756 -0.0645008263093544 -0.137008376057252
0.100384514147088 -0.0334673328977888 -0.0784036848956719 -0.0834159551164156
0.0741141913734753 -0.0640542789839265 -0.0677913683192786 -0.0317699696266198
0.0663617597637701 -0.0636149172862776 -0.0541145254303383 0.0139674114713929
0.0579011792846811 -0.0752023463583158 -0.0188935465962067 0.0580120500143811
0.0928732601022343 -0.0767009299756298 0.00081668590319722 0.100392667320539
0.12001605072029 -0.036614990747874 -0.00925154643735795 0.141102916132188
0.141497273791122 0.00323239879715569 -0.0658479346322444 0.151143496939974
0.128845425936031 0.0697561614809749 -0.0983209298216671 0.108407176461836
0.0830903093437499 0.152533106896215 -0.0635791068104358 0.0219675685186494
0.0350918764628432 0.203012496606393 0.0331412428510122 0.0144113530934446
-0.023662924018048 0.169839402494817 -0.0665664992337617 -0.0679810995808487
0.00577048257239607 0.176732054015944 0.0799474159963447 -0.08302098129685
0.077737989815056 0.142059851932629 0.093224584272263 -0.156562318520328
0.131194028598661 0.0819538736174298 0.0221878660456515 -0.169549500663322
0.133749953967129 0.0134701651667914 -0.0275050653612389 -0.133848557167735
0.117301134320931 -0.0340825814737235 -0.0368912071961419 -0.0967731472108742
0.0870168322334095 -0.0654238871013498 -0.0320132994738189 -0.0575895355613299
0.0749515373783606 -0.0618891626536769 -0.0259597751696016 -0.0165170286674843
0.0677061464272063 -0.0699133594480877 0.00801657899844764 0.027718520824261
0.102233116840085 -0.0662277342438858 0.0297834342378269 0.074786619265331
0.129075094477862 -0.0252000016653355 0.0203308683694228 0.127800456371116
0.152091181109778 0.0213871135374977 -0.0505865271688645 0.149058731642706
0.124989025903898 0.0952977636481887 -0.101359902694927 0.102773050908951
0.0583754861694927 0.169261433381522 -0.0744486500239276 -0.00731578605320795
0.00908634940156077 0.200380340080538 0.0371572669932897 -0.0494028269389961
-0.0344757078196743 0.142852409365743 -0.0488438147142968 -0.136989981457801
-0.0141816800581103 0.165260454592023 0.0732576696432495 -0.125660337064394
0.0633254606344219 0.146320785006781 0.087173390799198 -0.157735111988901
0.128701391525202 0.0880087671201264 0.0358991260336581 -0.150569480662413
0.130258593157322 0.0168234098597483 0.0137664251628424 -0.126808445828483
0.112576184989658 -0.0283936360270957 0.00613826681442766 -0.110225123168743
0.0850691684955119 -0.0567650007762402 0.0045192425791379 -0.0825680881483422
0.0720772712486779 -0.0508628188024299 0.00422805100675388 -0.0428693681775714
0.06855565277655 -0.0540448709604882 0.037847751795104 0.00243122303526078
0.0998661478457062 -0.0430142225986932 0.0591713745937431 0.0541733311764489
0.120878299810357 -0.00225924825074245 0.0467785512567465 0.115465911598441
0.13733217845918 0.0474790494799223 -0.0368526213942245 0.14116056069155
0.0925978549350593 0.116224183786807 -0.0973623730200549 0.0896685151953214
0.0145615772610944 0.165136446838557 -0.0702237705666467 -0.0321558771051625
-0.0241209972850266 0.168297806761354 0.0496122086731592 -0.0989712723607783
-0.0410730660617913 0.0899969614495229 -0.0368982320604803 -0.190002416046097
-0.0330660356223259 0.125123656696117 0.0541696204210688 -0.153243460628638
0.036323891841984 0.124079327049554 0.0767768475476016 -0.145535750651861
0.10018671513806 0.0764994639622015 0.0496644069553985 -0.126805798795769
0.100216227678294 0.0182996118557765 0.0517541987681427 -0.119885296325317
0.0874596227047212 -0.015736911124091 0.0420257637056526 -0.122531741559643
0.0691325157489376 -0.0376473681779283 0.0348384603241254 -0.103274901205273
0.0582313785014904 -0.0321966928948609 0.0328258185649846 -0.0627460713176581
0.0595554742562225 -0.0321545858837177 0.0678014364620892 -0.0141570989295302
0.0833675183455836 -0.0159876302953317 0.0866466048818734 0.0445374495435397
0.0954038674330466 0.0188310938677828 0.068230316007015 0.111025545511139
0.101437754254155 0.0672136800835616 -0.0221916285052102 0.133772281200864
0.045040276077157 0.120346574288432 -0.0828768329891241 0.07536845915542
-0.0322824735937208 0.136565328203488 -0.0501747974183971 -0.0457722185540862
-0.0534842321605728 0.111012761930656 0.0706566336354078 -0.126062721889509
-0.0464228365633204 0.0214157200329238 -0.0295410574571977 -0.216555391241142
-0.04878175350291 0.0669519294520144 0.0326237331003252 -0.157470168593924
0.00430963409938188 0.081241554385719 0.0697144992065885 -0.124702877873283
0.0546902552796858 0.0508568429303632 0.0645770897099161 -0.109561350521257
0.052174394547504 0.0170807329545163 0.0760175020709813 -0.119953302762749
0.0479767452444514 0.00257635373081253 0.0612167225847064 -0.131599554827171
0.0429166085159432 -0.0104819609202212 0.0533322076790444 -0.114525666985049
0.0354684912774465 -0.00904143169679537 0.0549644861129484 -0.0720232232409863
0.0391167507501483 -0.00874410376152059 0.0910853357174173 -0.0199840571730286
0.0529518297729869 0.00480691995558969 0.107706209122448 0.045502459482906
0.0593150368751351 0.0253151847416257 0.0831570636165166 0.114798424141644
0.0597182287424647 0.0657487561718752 -0.00710564486795964 0.133066355688847
0.00134388189809402 0.10054758906973 -0.0623302684344147 0.0708948921658219
-0.0628340351299418 0.0855110992083283 -0.0248819411798404 -0.0399663559030356
-0.0662531792006704 0.039025070261916 0.0924324424621429 -0.127434392540949
0.0516277492199582 0.0248383426130327 -0.0820913969250204 0.13626655859416
0.0608860679650314 -0.0301045044805962 0.0343729467380352 0.0484450999445853
0.0116984345297889 -0.0639332469116202 0.0629323010615208 -0.0801132861774019
-0.0315045509042988 -0.036779905053475 0.00511887843827548 -0.153064211266722
-0.0244254799641871 -0.0169715149935403 -0.0980298331733312 -0.129694816200892
-0.0158827693088181 -0.0146148168967658 -0.133171941784873 -0.0558894271868413
-0.0150414072764808 -0.0144162870560694 -0.110529117733736 0.0179736746749869
-0.00693654551035819 -0.016089809550588 -0.0817823098882564 0.0780793403626833
-0.0108817109311115 -0.0231814087784668 -0.0559067834820502 0.118729217431867
-0.00399338373256064 -0.0301945548409218 -0.057461554719609 0.139512553944013
0.00097606680200123 -0.0214175160102098 -0.0732497825012262 0.13422972793907
-0.00297600619588794 -0.0350735584852058 -0.0816156898135048 0.119697896646143
0.0284261330911066 -0.0424885440788411 -0.0704262907513303 0.111688467391681
0.064335172958798 0.00192635313119671 -0.0444862419425587 0.114811385083046
0.0487864663628617 0.044578335842851 0.0277119814176264 0.18884899933183
0.0373273659011479 0.0849247432548144 -0.0952697394976397 0.111261076481604
0.0548089647680493 0.0345763840472374 0.0347462562105775 0.0264120614853102
0.0345531586946798 -0.0121752263785014 0.0573780899114408 -0.0992740105694482
0.0088527390970433 -0.00698076302276589 -0.00360005542244191 -0.159547884173699
0.0188711542633782 -0.00713668347291824 -0.0974589463274532 -0.131078678636644
0.0243053864269338 -0.0224154247535012 -0.127002021772126 -0.062821404073935
0.0163217336892198 -0.0352032727758963 -0.109223489530148 0.00795280711692041
0.0207139082498583 -0.0382085748256671 -0.0821451753861917 0.0660016558381645
0.0158375280798033 -0.0483769361738386 -0.0502324793282881 0.10780133001654
0.0370075713920496 -0.052671314208438 -0.0455744200164821 0.135436710793302
0.0519527395623192 -0.0254917167355852 -0.0615025198241821 0.143685698555451
0.0532586430803342 -0.0140494000111983 -0.0842198315201397 0.129462067124247
0.0655011832398496 0.00406101449504583 -0.078716097114778 0.104774295622293
0.0755814730181504 0.0637646143293793 -0.0408531213932934 0.083683252185697
0.0510187103301338 0.115798359236527 0.0321036986636943 0.143030376366858
0.0168561340979036 0.133764085356846 -0.0944362663479215 0.0665181484055241
0.0417325815653364 0.0987980412236243 0.0509474049340741 -0.00253697643214861
0.0556998072685557 0.0471104276790789 0.0671799764075617 -0.124011699609504
0.0558492849273919 0.0267054935432809 -0.00502188320738444 -0.169151161237633
0.0652565941372786 0.00138024590584086 -0.0882276721046265 -0.132764706386748
0.0639303241863416 -0.0292194171964422 -0.108784765317258 -0.0704115145249118
0.0468043747575385 -0.0527386844576548 -0.0934948212034445 -0.00863512378512639
0.0453970518866244 -0.054773952507413 -0.0716133356268687 0.0434222172314129
0.0381443651952198 -0.0665859478635089 -0.0355582354033943 0.0862613849084743
0.067686356862427 -0.0708488551257127 -0.0219311983084854 0.122051821556813
0.0914070543528515 -0.0345167416715934 -0.0344604934651103 0.147221391909781
0.103479380808325 -0.00612960819768596 -0.07476236939044 0.143784783372895
0.102058530275099 0.0381337794535278 -0.0869106888305449 0.10757349667147
0.086002000906469 0.112168511264752 -0.0488336869448999 0.0530224566517246
0.050113517452941 0.168550057301227 0.0334579384322094 0.0811465881715527
-0.00171104445542687 0.162842797967283 -0.0821113395795615 0.00652392174743863
0.0281344677688406 0.148881401446994 0.0688642131153998 -0.0404529536017812
0.0743708827628307 0.100597549569201 0.0800000322104751 -0.145681644766666
0.102361503161908 0.0557940833579977 0.00213019760785661 -0.174003844895294
0.106352910416896 0.00550109363721515 -0.0674737507352083 -0.132113512277328
0.0961373756684528 -0.0356549453358501 -0.0794601244428195 -0.0797796774343101
0.0701784441375561 -0.0642604042432717 -0.0669058858822849 -0.0297020188952516
0.0626071529708694 -0.063806281981116 -0.0518439969399562 0.0156918780429858
0.0538436488536223 -0.0744727110238372 -0.0142666634207673 0.0580133820799149
0.0875264947221549 -0.0778681927910174 0.00605266142428513 0.0992642104253578
0.115699822774393 -0.0389176621814046 -0.00189716807296816 0.140135721283763
0.137261608945359 -0.0019079573277249 -0.0582422568113922 0.152419100259633
0.126339800300944 0.0638330369364649 -0.0919787382715691 0.110672698547075
0.0852621580952736 0.145761898431563 -0.0634544818048025 0.0241354445177214
0.0397467257212001 0.195383939703777 0.0312681598931744 0.0138155198166428
-0.0170523721711027 0.165214243934952 -0.0666414599274874 -0.0633757196910235
0.0106007071433247 0.171422125330972 0.0758822711965341 -0.0838268808593019
0.0788093437205054 0.134302108399144 0.0864791196540763 -0.158025265977143
0.128762485121832 0.0755253212938301 0.0166060194177154 -0.167250940919878
0.129670062615647 0.00883546342071077 -0.0317530416130992 -0.129795338321848
0.112712807170855 -0.0373033681363213 -0.0402004047383702 -0.0943612848143548
0.0823113924602521 -0.0660178041386016 -0.0332104411926013 -0.0559046206154938
0.0711599832826442 -0.0621762917576534 -0.0264845967707275 -0.0143355620471282
0.06374694947148 -0.069305901546437 0.0104795403844585 0.0274554967063015
0.0974960496583583 -0.0678149688709714 0.0334731065342422 0.0734688710365086
0.124795653936481 -0.0279790353254686 0.0268694707007389 0.126263495341709
0.148097208872063 0.0155941713091207 -0.0436660211458605 0.150059542202919
0.123402365135235 0.0890261847264618 -0.0945898848917362 0.105455650310773
0.0613713898396255 0.163334044856586 -0.074167990543233 -0.00371207205723086
0.0139740090360969 0.193395481471548 0.0331599065118888 -0.0486133370462791
-0.0285673392261654 0.139165023326399 -0.0520107298817932 -0.131024437415083
-0.00937784105924107 0.161502258158037 0.0679707763360019 -0.125400587519292
0.064942654842121 0.140138084219546 0.0805177633653039 -0.15857003899467
0.127425243214574 0.0811335248483483 0.0307214509350244 -0.149644435752107
0.12686222865388 0.0120039367218987 0.00851914139295542 -0.124440607842956
0.108332067149005 -0.0312642764438284 0.00179892973863257 -0.109141486346491
0.0807302443285636 -0.0578914675115289 0.00069588434180007 -0.0812548284461892
0.0688028685367253 -0.0515482353354274 0.00239848469230837 -0.041213784316339
0.0651164050895372 -0.0538382741432339 0.0387817542212448 0.00219663501417652
0.0958619681099271 -0.0450965214534701 0.0609646620383066 0.0526766944405534
0.116802880529385 -0.00567602682493938 0.051601184816765 0.113322353682382
0.134492965239091 0.0414468766870651 -0.0300084659955345 0.142212101976366
0.0934888974207373 0.109917455523117 -0.0909391620031523 0.0929087609425415
0.0190723197842307 0.160843810398062 -0.0706036695936065 -0.0281284526216073
-0.0193185107891476 0.163069005793642 0.0438218239287523 -0.0968501733317961
-0.03725910149095 0.0883304565384738 -0.0415402093400593 -0.183688634226612
-0.0291808668623124 0.123140547072119 0.049377582991348 -0.151400321659373
0.038867993844108 0.11986189010514 0.0701726769272275 -0.145468605629463
0.10023554643667 0.0711620458080925 0.044401140233639 -0.125891964900085
0.0982184710987831 0.0138752088422319 0.0451555061317193 -0.119137445096478
0.0844332755995587 -0.0183871795453482 0.0359177954002518 -0.121954409112958
0.0656978702159767 -0.0384596628164793 0.0296749071706067 -0.102436864226677
0.055798897900066 -0.0332625034405109 0.0294719914316597 -0.0610393068942074
0.0562312624362136 -0.0325981855268397 0.0665361675228909 -0.0145876458003108
0.0803099993579144 -0.0181983190588926 0.0872687811928601 0.0421253805907107
0.0932102150557251 0.0154637052726575 0.0722872628776472 0.108287407351085
0.100949353336002 0.0613790352857708 -0.0167055364782633 0.134438806346856
0.0479500512445875 0.115701396292047 -0.0777239197509572 0.0787456086575079
-0.0277161262244715 0.134241105405692 -0.0512246002228979 -0.0416423593029997
-0.0496866744369083 0.109446828435392 0.063420743874546 -0.124861722116599
-0.0447091786071278 0.0222456602873239 -0.0354743543680158 -0.209553347250295
-0.0454902965984631 0.0671846446672371 0.0279551088605294 -0.154962173226824
0.00703989873644565 0.0793407500803752 0.0653053574908956 -0.125076964045003
0.0556835691691735 0.0468263667303427 0.0598851198231897 -0.109505899083785
0.0516420126755239 0.0142232386016295 0.0692490323451626 -0.120168163805592
0.0471590819455989 0.000100749417317483 0.0546038530208339 -0.131566577248372
0.0410396029638343 -0.011767263445805 0.0471327355161353 -0.114026974070491
0.0344320580270081 -0.00933148881231935 0.0506071075216512 -0.0709682034139718
0.0375333392885418 -0.00884515775288063 0.0892986818740828 -0.0214862590050578
0.0517611912161776 0.00265598749636557 0.106939256803007 0.0424890083194505
0.0580880582426865 0.0228703974990546 0.0866424954551076 0.1109617415267
0.0603686931001672 0.0609561258817146 -0.00321814156887495 0.132376715042328
0.00501692308644381 0.0981603675778183 -0.058323225380017 0.0732360190273471
-0.059220816243892 0.0861938236492134 -0.0263734823306602 -0.0374989384081823
-0.0640238130543676 0.0395247761632935 0.0854852578542141 -0.127400510414697
0.0513913606515876 0.0275369162796465 -0.0860815909868057 0.126267152913679
0.0615907327306169 -0.027814138805114 0.0300896771575477 0.0467575349403598
0.0141479930996198 -0.063768384205408 0.0626874158590392 -0.0762952321852575
-0.030390930336605 -0.0357460166404373 0.0104018667668339 -0.150688964375769
-0.024252114431166 -0.0147930122738834 -0.0899612386399474 -0.130038908276532
-0.0153166842019304 -0.0139581037211605 -0.12726409988698 -0.0608195127958509
-0.0146807453206166 -0.0141956388199573 -0.109572348048943 0.0121942987435345
-0.00696820035996336 -0.0164567608190103 -0.0811710311672465 0.0729851371898045
-0.0104023035878066 -0.0226554004996763 -0.0569118579265582 0.113347690070214
-0.00291799895006402 -0.029234055945235 -0.0593215678789024 0.134698955113022
0.00186309218602862 -0.0195379526280285 -0.0750789656562323 0.128683722248251
-0.00335331517147915 -0.030674753065872 -0.084070140264936 0.113459749606136
0.0272193866580184 -0.0392470010919466 -0.0732714309388591 0.104729183138168
0.0623142441001123 0.00475659620244897 -0.0513603635911793 0.111214926403671
0.0476108700371716 0.0463727407063116 0.0134651682299081 0.185580757986171
0.0326641198281127 0.0862545274037102 -0.09525176468049 0.102378947885386
0.0511508340057082 0.0357169962519262 0.0335030528772084 0.0252217724614828
0.0323840603695774 -0.0114171723852042 0.0604631705311117 -0.0961300000097345
0.00638261533977486 -0.00485209261420683 0.00390971710940596 -0.157550479832569
0.0166845961370438 -0.00335731832966092 -0.0883885174867586 -0.132623529734344
0.0237571508221482 -0.0190635918217947 -0.120146836126265 -0.0685312619963189
0.0168816304865961 -0.0330891570999846 -0.106650916202391 0.00133402279616014
0.0226539006671771 -0.0368317931859584 -0.0811270689700189 0.0603026804286949
0.0176486547374968 -0.0461885994876516 -0.0503254955319564 0.103382782496772
0.0386745948021935 -0.0495869480154167 -0.0461314778486483 0.131902600785918
0.0525748159056527 -0.0213008549637899 -0.0626615915049962 0.140525391229218
0.0504813609937942 -0.00778468502723551 -0.0849619626183988 0.125329692496927
0.0614073833922966 0.0082523038023332 -0.0813116493547362 0.0999404554590112
0.0705685562645 0.0661672926628773 -0.047921530097815 0.0816543103671757
0.0477641487880694 0.115452762122605 0.018790000676584 0.142159104816497
0.00847475784265815 0.133361782027436 -0.0902336301589269 0.060494543795016
0.0333829599168038 0.0977724653589497 0.0529294500428179 -0.00211570870163988
0.0487055924956181 0.0477852984105034 0.0739415408009634 -0.120175896735629
0.0494338940231296 0.0302119015121415 0.00593787994295278 -0.167185532905162
0.0606423750184494 0.00732548220060425 -0.077905647516657 -0.134732455048525
0.0628368302484254 -0.0242212975517988 -0.102089218390597 -0.0759366617337858
0.0475323931501284 -0.048279046585771 -0.0907447977792557 -0.0147969186097458
0.047932003839855 -0.0520826662629311 -0.0703161305449544 0.0397588537891685
0.0402467997581534 -0.0628304139474124 -0.0350734669889679 0.0836449545879961
0.0697189975360324 -0.066518884653176 -0.0218783623982281 0.119874853710988
0.092490122258509 -0.0283347478298847 -0.0352657780652447 0.146012916242303
0.0996306248508707 0.00159231406097248 -0.0748004203314707 0.141577039120354
0.0955457722859468 0.0440734385395082 -0.089116210237479 0.103810841414337
0.0785701834512071 0.114150015170969 -0.0552719246274278 0.05198479787302
0.0444736029414719 0.166092947374222 0.021728213120038 0.0825939479104096
-0.0124469017692339 0.160505995150583 -0.0739348287512101 0.00444841574270999
0.0162580359748865 0.14635790079944 0.074377942885458 -0.0376967065374688
0.0628771347430569 0.101280556898568 0.0897025924376812 -0.141104897517685
0.0924665805984921 0.0602979337861754 0.0154828042579101 -0.172013290902492
0.100559369360489 0.0135372262962371 -0.056677593139531 -0.135011912325054
0.0939713375807023 -0.0293572123498301 -0.0733270631392529 -0.0851544794714898
0.070949080153274 -0.0588071478166345 -0.0643662151803685 -0.0348124411141527
0.065956202596524 -0.0596764906983975 -0.0502542556033297 0.0133863821304523
0.0564839803338339 -0.0700239046562014 -0.0128220173667162 0.0569108132069562
0.089495560903081 -0.0726053713562049 0.00698733053776498 0.0987542419772111
0.117268718619678 -0.0326286609447212 -0.00210711914589494 0.141271495057836
0.132464594165352 0.00784588781738293 -0.0573786739585806 0.152042264584238
0.118205229313767 0.0705947227578944 -0.0940044306348072 0.108268256793655
0.0758896175562179 0.146161779526847 -0.0682944916029844 0.0239168791389345
0.0324584862207401 0.191082137914084 0.0227721823518405 0.0180161524736178
-0.0291025677707808 0.162390318300198 -0.0544715819155761 -0.0623745563131497
-0.00294474540814158 0.168187475689976 0.0844957763783422 -0.0791153746959369
0.0647181768785332 0.135498337851119 0.097930105874276 -0.152383996828966
0.117421221154894 0.0804532947756938 0.0299861852518625 -0.165419826842505
0.122716070277957 0.0179286373911474 -0.0221647852596435 -0.131478645454252
0.110653570475757 -0.0301001572416346 -0.0340980248976024 -0.0971884007220934
0.0837260846381563 -0.0600525703194087 -0.0303964043700699 -0.0589744838913929
0.0745561641963885 -0.0582282817529245 -0.024314582395103 -0.0143991813840654
0.0660442443779127 -0.0645018391695932 0.0125930580293321 0.0287045369977493
0.0989065163522373 -0.0628032197093976 0.0342495922406376 0.0749963411620862
0.125717062782034 -0.0214359325615253 0.0265758707973483 0.129524025415771
0.143102592444742 0.0233980958001512 -0.043526808428626 0.152051626411792
0.114696534081561 0.0947831961927767 -0.0967758254963509 0.104193512169734
0.051825324502062 0.162099220566858 -0.0775369686925587 -0.00396279977106011
0.0069943517546248 0.188376651118412 0.0283729006876637 -0.0425116897935899
-0.039580366496826 0.135913500088229 -0.0375935478013825 -0.127077854284317
-0.0220952559075902 0.158021136338885 0.078425843471228 -0.118783497907413
0.0511971702874169 0.140944031230061 0.092854655800891 -0.15264820709347
0.11589593069444 0.0855940792497562 0.043344603516174 -0.146818751065667
0.119918826708719 0.0203513757477522 0.0160939893276651 -0.124900239084805
0.10603693840603 -0.0249276177980869 0.00632520669800578 -0.109196607608
0.0820234562238624 -0.0521951777528422 0.00400798520821168 -0.0828251868842288
0.0713370902488329 -0.0471293663139891 0.00393608794821791 -0.0392511089731026
0.0666220403338045 -0.0495238400258783 0.0402065825400311 0.00498832175717663
0.096593960158171 -0.040852618935069 0.0613226880280723 0.05575516946937
0.117038056719331 -0.000254555980495449 0.0504452301374831 0.117892337932062
0.128814895224407 0.0474625888611686 -0.0319395021146709 0.145390596514508
0.0846068835616066 0.113657085244465 -0.0935916518366535 0.0915781735443588
0.0109181433761736 0.158090658089425 -0.072891628417188 -0.0289959987999837
-0.0250167956111969 0.15720979820246 0.0424545065651493 -0.0898816213525942
-0.0447745634244569 0.0859095020545672 -0.0267061117078938 -0.177781633005441
-0.0386339595694907 0.119745639405166 0.0609366043367127 -0.14440277633326
0.027315203334064 0.120169519980542 0.0818764455099475 -0.139271375971273
0.0907742200795359 0.0735870750368803 0.0549047548030806 -0.12249620789612
0.0932578850903081 0.0194328247173956 0.0508880215567251 -0.117449624012112
0.0824916461932482 -0.0141657522653376 0.0398250074162665 -0.119474740172419
0.0665394687717054 -0.0344047763633509 0.0322739971116671 -0.101198415068059
0.0577225017938255 -0.0293563138549095 0.030394240943417 -0.0573190497787056
0.0575458789856591 -0.0286112904605997 0.0669114781616566 -0.0107878105740242
0.0804653649759184 -0.01494992819791 0.0857189793108194 0.0462658711131661
0.0921229341994624 0.0195319197789348 0.0686731233927147 0.113007770210877
0.0958892031930392 0.0657624705690934 -0.0200506996913116 0.138102937116019
0.0399032420000669 0.117429205301547 -0.0807128538215927 0.077878448613312
-0.0335409040474509 0.130767300137984 -0.0526732228609863 -0.0427307221944946
-0.0521626738576111 0.103657237464434 0.0646736987395613 -0.11649399609413
-0.0483096791052187 0.020146006789513 -0.0226095075831228 -0.204325723324745
-0.051219304097742 0.0646351132978613 0.0385981727030064 -0.147465841815809
-3.36239144861855E-06 0.0781993026351545 0.074365349866183 -0.118160117686289
0.0500762190940703 0.0478540406578367 0.0669840500924447 -0.105240108457712
0.0480789036207562 0.0163357794946578 0.0732575717983899 -0.116402228722318
0.0446054866426079 0.00175774096260173 0.0576125737480371 -0.127111156275498
0.0410007903784206 -0.0102593831084388 0.0495168076097213 -0.111339921220355
0.0350184043623485 -0.00724355111002589 0.0510876396845073 -0.0665526192523776
0.0378742003845271 -0.0070690275989218 0.0879811137439885 -0.0165054935069905
0.051821486357229 0.00452632167604151 0.104160896789693 0.0470519023212322
0.057047160801423 0.0253351766195192 0.0812239971419454 0.115149522889927
0.0571662332857253 0.0633379179441733 -0.00820814521464516 0.135378275524298
0.00026626300001685 0.0982837310435103 -0.0625767512792454 0.0720987990683866
-0.0618371409270647 0.0822151979793656 -0.0269041431684607 -0.0385460511392302
-0.0649098797183346 0.0353324713020968 0.0882095053406714 -0.119038328477657
0.0506596273844619 0.0283076203277464 -0.0875682563704809 0.123882085009321
0.0621327215782905 -0.0280533974225283 0.0296323265996011 0.0466915638190851
0.0139974212221049 -0.064485354690034 0.0655168475093901 -0.0771098846840304
-0.0307358125042607 -0.0355119392167388 0.0129260167819708 -0.153278845346859
-0.0245119959085217 -0.0143069659777954 -0.0871914536251226 -0.133504436073386
-0.0154737480731696 -0.013897589673736 -0.126721824544196 -0.0638723438115343
-0.0145259490484532 -0.0145127216061515 -0.110232774362827 0.00905568152086628
-0.00611848184829627 -0.0165691074478827 -0.0815990985768563 0.0710704831496369
-0.0100779005027927 -0.0225556353340527 -0.0577296157617574 0.112500453188147
-0.0027558661450024 -0.0291625088722223 -0.0607294533922149 0.134668498739452
0.00187952738047709 -0.018590729109003 -0.0766664497619354 0.128806628806236
-0.00407996984260019 -0.0300634463537805 -0.0857952468402126 0.112685934639505
0.0270031151369484 -0.0393133646188008 -0.0763588329970785 0.103482081629798
0.0626412914727276 0.00508680586043631 -0.0562378194512531 0.110147626461133
0.046408205404396 0.0472716303185748 0.00989898477584296 0.185937529153524
0.0310057463334395 0.0863516384390513 -0.0967493342033181 0.100491840769099
0.0508425380859193 0.0353158513096384 0.033281018780246 0.0255012227884208
0.0314670694479569 -0.0126581117381876 0.0626330241992484 -0.0969400385309937
0.00513625786846802 -0.00419485876364975 0.00677970163570311 -0.15959571038877
0.0157242424983973 -0.00196531659667632 -0.0855452405052654 -0.135160820634772
0.0233248949300998 -0.0182104012720261 -0.119527038077473 -0.0715674057754793
0.0174144574681458 -0.0324568840220218 -0.107025467992801 -0.00173725847773344
0.0235185537147355 -0.03604603159774 -0.0812900429745925 0.0588661640882641
0.0184610669562602 -0.0451278176840614 -0.0509816804274682 0.102667877575963
0.0390456022754463 -0.0486063616814579 -0.0472713360090081 0.132157610680175
0.0531121078503823 -0.0195608392475793 -0.0642803982854703 0.14071326908502
0.0499703355893801 -0.00576325359036195 -0.0877558792905562 0.125399744607549
0.0601234207704708 0.00933107574212105 -0.0845897235292148 0.0984375286596076
0.0694902097197014 0.0665159197916004 -0.0520706326940583 0.080946065357185
0.0450042728661474 0.116025758253427 0.0151691688143716 0.142867886338839
0.00601473935646451 0.132155255469359 -0.090592640705142 0.0589873760832122
0.0315660625478156 0.0974004943220725 0.0534947433923879 -0.00159260974726904
0.0463625991849118 0.0470036351957165 0.0762452032722076 -0.119951256971474
0.0476860699362246 0.0310997209167399 0.0091884239798607 -0.16916395979065
0.0592845187295878 0.00937553984471573 -0.0747751278971902 -0.136732446109318
0.0619658856634636 -0.0226649379365694 -0.101575387682994 -0.0790559671357077
0.0480420114615507 -0.0470334086279119 -0.0911268034534224 -0.0171116974566824
0.049356905948307 -0.0508368017025746 -0.070423397826644 0.0383783246989042
0.041624107114683 -0.0612496220668117 -0.0345376665758622 0.0832615277570591
0.0705660199716432 -0.0653459304856125 -0.0220477707962566 0.120592941913677
0.0934384255958507 -0.0266249631824895 -0.0352999432065422 0.147166572070255
0.0988571557246119 0.00461460001521233 -0.0774896317241057 0.142273923708588
0.0937979338642203 0.045958085341826 -0.0918079716665237 0.103073381729867
0.0758316660765413 0.115250710693483 -0.0586362832686404 0.051551012531754
0.0404178507553836 0.166127696417642 0.0193558634008574 0.0839866790599511
-0.0156239056418755 0.158750308445929 -0.0736168658169171 0.00291499085100768
0.0127413850978935 0.145392083890584 0.0751245389060486 -0.0361031474477143
0.0591701824756077 0.100536159051246 0.0920117841775292 -0.141089628616537
0.0899855659184702 0.0618828966270777 0.0185034437548435 -0.173627002242673
0.0985720564865836 0.0156867914962698 -0.0541808951795584 -0.13602939811351
0.0936621353494627 -0.0273990523551583 -0.0727118000530326 -0.0875708342857432
0.0715547210489294 -0.0570000656111096 -0.0643256824047474 -0.037036501878338
0.067663974716178 -0.0585469706125758 -0.0503454765092713 0.0129068375379211
0.0580658754264811 -0.0678815943516255 -0.0122857930262901 0.0568713092885141
0.0901834895711576 -0.0708852722563684 0.0069463893017705 0.100209267924677
0.118102262677631 -0.0294133615288386 -0.00239951043937403 0.142951389968674
0.131854378800023 0.00999820969366859 -0.060497968496585 0.154339372275318
0.115776899032521 0.0727868530543073 -0.0967037459584724 0.107946779156266
0.0728491751819141 0.147421232977116 -0.0712169313166449 0.023231481767533
0.0278248536722345 0.190596911127109 0.0212795023722818 0.0194902149452018
-0.0327226990826587 0.159845234347964 -0.0529489879233449 -0.0627081871486137
-0.00687021413540922 0.167443475473977 0.0860009598110693 -0.0777959734579625
0.0603186519949894 0.134995767630543 0.100978349746243 -0.152215174736792
0.115041634345874 0.0826463434335265 0.0330854188415409 -0.165680869113746
0.121556139951599 0.0206502292323858 -0.0203785361703241 -0.132145916186734
0.109968314771462 -0.0281656536628008 -0.0340106123453264 -0.0988695724461266
0.0842501662029543 -0.05798088387602 -0.0301131403074437 -0.0609462924233062
0.0758499448143783 -0.0561759937619532 -0.0243474763360204 -0.0143442452105254
0.0677172286064852 -0.0618351878186771 0.0133187787918825 0.0294332177533019
0.099445927738134 -0.0610179405182628 0.0348027363541349 0.0770792298851018
0.125865002152427 -0.0184003827209504 0.0271846731324267 0.131602531307983
0.141588376244481 0.0261853445284274 -0.0458260462945652 0.154964581487064
0.111882672335497 0.0970283065300125 -0.0986984911479552 0.103839479726752
0.048012019065976 0.163538130435898 -0.0791444649383367 -0.00449147217619634
0.00260654450914745 0.187581836279548 0.0280347299056996 -0.0413334530064441
-0.0425092043533671 0.133504770786277 -0.0349019501273661 -0.127086999065856
-0.0259225532874193 0.157004178795294 0.0807521793706142 -0.117755230552025
0.047092001232245 0.141241419638866 0.09566208969974 -0.151853327118428
0.113939285598347 0.0882527906144348 0.0461333788760051 -0.146865302321003
0.119391389099273 0.0227200960335929 0.0175115176675154 -0.124643517643092
0.106175593611223 -0.0232938323505765 0.0068014046268988 -0.110401777221469
0.0825781266617514 -0.0506053542973507 0.00451815464034786 -0.0836870091988836
0.0728743671174369 -0.0455211907699423 0.00429265156705663 -0.0383910855922968
0.068242030409949 -0.0474809518211134 0.0414943659612491 0.00675684406484259
0.0967367292193545 -0.0389742288748726 0.0619652340453651 0.0583790126888386
0.116421276969566 0.00230336830766925 0.0505677412313481 0.120706603918747
0.12737351772769 0.0490524428992569 -0.0334112023055709 0.148779929281222
0.0818513903533983 0.115362621150014 -0.0947639708035249 0.0918531080021564
0.00748522813457015 0.158923413147044 -0.0736642486996036 -0.0291984690414188
-0.0288624951790098 0.156083403528285 0.0431826336661173 -0.0883249852981881
-0.0469518486579663 0.0836265482798574 -0.023443896501441 -0.177639652000955
-0.0419210836366772 0.119646163358097 0.0635961540437581 -0.143242679616274
0.0243955796917049 0.120864329316475 0.0847242397553846 -0.138677719500027
0.0898221615420153 0.0758138176008187 0.0572418130951775 -0.121952193255662
0.0928572384275494 0.0210829094226482 0.0526640435178749 -0.116624573500968
0.0822581729625447 -0.0129502142039691 0.0405056116969096 -0.12036357782931
0.0665943331561296 -0.0334718872736375 0.0326222045365981 -0.101615189012883
0.0584965395932297 -0.02822865818038 0.0309908183626473 -0.0555848266478538
0.0579210048774248 -0.0269345285231501 0.0680656971146416 -0.00859026978585749
0.0803587255804495 -0.0134627852375745 0.0859422828367772 0.0494492678894353
0.0916779123713362 0.021015717446416 0.0683951784103811 0.116104234850807
0.094623446908209 0.0662882509439084 -0.0221030982327601 0.140810214774735
0.0382401327584857 0.117842155897158 -0.0822942520182318 0.0780268350844291
-0.0359279814234355 0.13062977009117 -0.0530899056449371 -0.043082762605911
-0.0552505380074357 0.102055526051407 0.0662475533039728 -0.115361636915104
-0.0487029791018744 0.0189234897866956 -0.0186087404360269 -0.203748804399901
-0.0523830898426666 0.0641414827735838 0.0420921245196331 -0.146702182168913
-0.00180471164903872 0.0789153153322242 0.0777348657259661 -0.117492991560915
0.0496550006490967 0.0484306086072901 0.0697750472262027 -0.104263781521294
0.0481713796585884 0.0166892919428773 0.0743532266238755 -0.115300816648413
0.0444155057527633 0.00199126636638153 0.0587502914566507 -0.127649663229811
0.0411411319378014 -0.00935673590269164 0.0501946243946929 -0.111194454679727
0.0357116370559487 -0.00643625622234484 0.0521133648895185 -0.0640707982817203
0.037906328269568 -0.00550808347233925 0.0892033126089612 -0.0138136078176116
0.0515363342080107 0.00484021907841113 0.103940555456122 0.050833489130506
0.0565652620559349 0.0263401991318773 0.0802934733725133 0.118667142751559
0.056692377347163 0.0633492636401607 -0.0107011786371601 0.138151012401963
-0.00130791138803904 0.0984733254058844 -0.0638577170170005 0.0727808833339489
-0.0632521368365401 0.0815139817290278 -0.0274316523013838 -0.038664161492606
-0.0660157435064999 0.0338831941270539 0.0899169797195819 -0.116953912903746
0.0511122578960248 0.0291245916710482 -0.092588889222755 0.12541244729305
0.0638588840553286 -0.0287325966929159 0.0295503805971316 0.0485624337525813
0.0139851278683089 -0.0669317994713067 0.0689755786701521 -0.0805731922003093
-0.0318342086929775 -0.0361593725426083 0.0157411960487279 -0.160797925441534
-0.025335279199728 -0.0143178372406127 -0.0870211990536577 -0.140698617054807
-0.0161220829506834 -0.0137221449007363 -0.130527584717726 -0.0688306298878857
-0.014249022068627 -0.0149326212737422 -0.114606110770696 0.00640782580350982
-0.00596354198736906 -0.0174001925038731 -0.0846309666512155 0.0709848143765306
-0.0099014994427203 -0.023230830628853 -0.0599309449477876 0.114688352510017
-0.00288277691348374 -0.0296403624695838 -0.0636732385054459 0.138604079039
0.00276697408817003 -0.0189981074597051 -0.081201813404554 0.132427716713226
-0.00464320340946034 -0.0302276544752966 -0.0907868921159765 0.115978484930173
0.0271401447415497 -0.0401504117359294 -0.0823124748853779 0.104687551171859
0.0646653382703397 0.00494898825781076 -0.062397997599708 0.112147769310833
0.0469335378205005 0.0496758402101411 0.00640537018450485 0.19172309735435
0.0302021706878603 0.0878586421958745 -0.101085205684412 0.100766896342493
0.0515064061143131 0.0363763948307946 0.0337731958350395 0.0265417494678212
0.0310001074682239 -0.0138009653049031 0.0662757680044822 -0.100568557378714
0.0043485023689265 -0.00376646274226286 0.0095750122431653 -0.166457698325246
0.0155219026200831 -0.000769954281482095 -0.0849661427788664 -0.142364238947384
0.0239966572809782 -0.0179126612204974 -0.122741529785841 -0.0768151174814553
0.0183897944708729 -0.0329424007305361 -0.110664194149583 -0.00404578653685401
0.0246505163011334 -0.0369151323959913 -0.0840066150191437 0.0590180861702822
0.019781488102037 -0.0457428284420392 -0.0527131239853212 0.104846937847823
0.0404398914107721 -0.0493166165510951 -0.0496875614979173 0.136515353194606
0.0555909956587516 -0.0181907440519398 -0.0675588442498564 0.145103007883807
0.0507634367162136 -0.00408839017882507 -0.0930419698674315 0.129032704483902
0.0601901484823036 0.0112591304754217 -0.0901236027559724 0.100376762073679
0.0698621084452468 0.0692928397413792 -0.0578267581328193 0.0823327387711466
0.0436166074705644 0.120138325027121 0.012944019834614 0.147888796101886
0.00351713516079823 0.134634271171737 -0.0940976651774762 0.0589283482483868
0.030250890656604 0.0997821430156424 0.0553275472791896 -0.000923337067891479
0.0448928627195421 0.0474338810011241 0.0804679151041565 -0.124087367610116
0.047257734717507 0.0329327866513996 0.0122251497426348 -0.175851220126616
0.0595479154361067 0.011332923687409 -0.0747737000097641 -0.143230317499855
0.0633390084792521 -0.0213306991098565 -0.104200900424624 -0.0845706076386532
0.0503594848512856 -0.0471271701645794 -0.0935012836770792 -0.0202435053048793
0.0519258097091586 -0.0520642291857229 -0.0727230110911264 0.0384167571582774
0.0442340010590282 -0.0615311122809486 -0.0353376746492026 0.0849598065982441
0.0733343952258833 -0.0656039425501996 -0.0233932661857074 0.125109268933699
0.0971115452931142 -0.0245967350869734 -0.0372846260792241 0.152180411051101
0.101260233543778 0.00712908399915122 -0.0824601427992572 0.147855024683511
0.094122479122729 0.0496144318928209 -0.09746123233639 0.105530025715862
0.0755663662884395 0.11961537612198 -0.0636547141723783 0.0521219526693623
0.0380580061139123 0.170972610312912 0.0169336577538368 0.0871731846823659
-0.0189325120079601 0.161364462027187 -0.0754072899672164 0.00197116024409977
0.0102694362797653 0.149625600185631 0.0785206544826381 -0.0363637087980804
0.0575103526625641 0.103027373437265 0.0973577996745645 -0.145421111672206
0.0904945076244893 0.0650499963365144 0.0221798171609076 -0.180225150861487
0.100422141867963 0.0187719180575875 -0.053566212331533 -0.141518854818614
0.0959334616183412 -0.0260690659840464 -0.0742763864723186 -0.0923763395821836
0.0745570957530306 -0.0565689124079351 -0.0658424540788912 -0.0405623677861529
0.070662031147448 -0.0592983354398351 -0.0516921787020203 0.0130803662995613
0.0613116927371022 -0.0679342112636357 -0.012007179227607 0.0585060818587042
0.0935599622183446 -0.0712875584211084 0.00721190221594093 0.104569984450645
0.122519056053509 -0.027692217614413 -0.00240727871235006 0.149049927301196
0.135075117207664 0.0130009499249615 -0.0643446119790906 0.161217924143202
0.116431806291887 0.0776329586222536 -0.101706129071859 0.110271225249772
0.0710252508925625 0.153301676042073 -0.0755639181592013 0.0236845888706491
0.0239495350250312 0.196300140256587 0.0204482806647558 0.0208207057659275
-0.0365701717540481 0.16205135246373 -0.0532940573872091 -0.065175488141494
-0.0107507845091843 0.172157584013783 0.0902836332229251 -0.0782798352614749
0.0576125745144526 0.138930602797062 0.106492708616956 -0.156097781241317
0.115783283618863 0.0874846959900664 0.0373451724268646 -0.172008909218639
0.123703918253634 0.0240579104869561 -0.0193673993388483 -0.136391617994947
0.11294092467996 -0.0266498416957727 -0.0347971997001194 -0.103712509381495
0.0874783201125853 -0.0583278712293801 -0.0309203703199482 -0.06454030822706
0.0791300208471519 -0.0567458276333918 -0.024294061205205 -0.0138307930773007
0.0710488508567114 -0.0616112657536336 0.0150825219409625 0.0310095198901327
0.103102651018453 -0.0607579919947606 0.0362694060092744 0.0815771701173823
0.130142476926202 -0.0162502135287524 0.027690719609729 0.137802893658409
0.144670846283932 0.0290881798840724 -0.0491405586634082 0.16243034464386
0.112613214015559 0.102169158601997 -0.103419625657416 0.106859488789376
0.0456221330830246 0.169203017253416 -0.0829353371173348 -0.005172946713488
-0.00228261630694758 0.192205385403854 0.0283380345149535 -0.0414412062804503
-0.0465845675963085 0.135104022028434 -0.0330406048818385 -0.130679605604304
-0.0309520839796133 0.161722987765508 0.0858886030274035 -0.118943361365958
0.0442667097350229 0.145906012016303 0.101243801104961 -0.155688615901966
0.115045273580608 0.0926673767293485 0.050043847334665 -0.151085383802069
0.122614585134978 0.0256761007100971 0.0192779715548092 -0.127575537020354
0.109021939387358 -0.0221044696777898 0.00748458265236245 -0.114863172202226
0.0854211397876482 -0.0503217809703541 0.00428902261013507 -0.0869461545898137
0.0760414363257601 -0.0456346474200445 0.00544863917092561 -0.0380142545995751
0.0708940311048257 -0.0465747231710887 0.043917868404106 0.00810690502970554
0.0999793174982472 -0.0381743584870209 0.0643410744260969 0.0625710782364882
0.120446687283802 0.00452605335928273 0.0523059910941171 0.126977679706474
0.129674838749285 0.0523505868196949 -0.0364750572574313 0.156278745808044
0.0822013948858453 0.120463599171331 -0.0993167693598482 0.0945053271647218
0.00408510210217653 0.163841117592051 -0.076727675481853 -0.0305938828353468
-0.0339547989682285 0.15931433484075 0.0443374831976473 -0.0900916867845299
-0.050268395035692 0.0838531879633373 -0.0209645803075848 -0.182145130847444
-0.0460996476590785 0.122951738463973 0.0681889542693939 -0.145897185345365
0.0220981835596716 0.124924725142318 0.089807765011103 -0.142022785760239
0.0910746985482357 0.0790034373140219 0.0616044273589878 -0.125331415420013
0.0952473893162183 0.022983645497224 0.0550734048872018 -0.119130184182664
0.0846177626004355 -0.0121734270484166 0.0419593024059283 -0.124394366514187
0.0694403767023403 -0.0331195480846709 0.0336791844861238 -0.105163613068927
0.0609569335643153 -0.0275514808509874 0.0325116981198336 -0.0555373994457593
0.0601369836608284 -0.0259032652798121 0.0713494461478813 -0.00640833828865443
0.0822386724012071 -0.0127334323188359 0.089267179612422 0.0543075003381603
0.0938308942958685 0.0236254619563594 0.0706850658977552 0.122722309181197
0.0961338653184985 0.0691706322631561 -0.0249196444006254 0.148473500084357
0.0371397066477596 0.122114873164775 -0.0862716128829532 0.0807870119548659
-0.0399376977992625 0.134177986914895 -0.0550021690496537 -0.0444280495122808
-0.0597042624791192 0.103546641236124 0.0686870315283757 -0.117162905778391
-0.0510516817839942 0.0177952954812418 -0.0153715112039384 -0.209183164756584
-0.055531785555785 0.065725401878279 0.046574157691288 -0.14994314440095
-0.00276419733946548 0.0815471006177647 0.0827473971851818 -0.120764231242624
0.0503443201592172 0.0498384509606839 0.0742402883125988 -0.10708753730606
0.0492384098634496 0.0170185861913426 0.0772887312936369 -0.117938498827389
0.0452842877858196 0.00277070687022861 0.0612903125869689 -0.131441012471423
0.0422399780650456 -0.00922923800286715 0.0515925287671892 -0.1142128746297
0.0370734352529844 -0.00594804602970977 0.0539170867556949 -0.0639314257454077
0.0392793458003318 -0.00483107230497851 0.0927747370194094 -0.0112626939855906
0.0524506912606752 0.00623283055390709 0.107309912024597 0.0557767941966521
0.0572127879108786 0.0277191676068807 0.0823992570235241 0.125561417793415
0.0570010532711515 0.0653849726578706 -0.0126909259391701 0.145177080473117
-0.00234280473595446 0.101143443025805 -0.0672858701781708 0.0757420803646994
-0.0672167681759544 0.0835688563662221 -0.0284368900529345 -0.039406109876183
-0.0689961920318223 0.033660782181578 0.0938186012660513 -0.11908252645637
0.0534501609099267 0.0303248554591149 -0.0969647678033085 0.131306210026166
0.0671439714027089 -0.0315752116659574 0.0313675973100323 0.0502237215748589
0.0126862687712766 -0.0706197434124026 0.0726295362923945 -0.0872667254314925
-0.0338269536779947 -0.0371803319854986 0.0152732011872676 -0.171136411276595
-0.0267931342900761 -0.0135062876327937 -0.092121004914562 -0.149340118990948
-0.0170817257862808 -0.0139293510334833 -0.137959747687762 -0.0725649642076441
-0.0149808584852252 -0.0150776394638591 -0.120820410143309 0.00662069163646188
-0.00603311397250221 -0.0182784700708394 -0.0878968815967961 0.0733768512593272
-0.0101706408709986 -0.0241334589183352 -0.0612174842906582 0.120106372089327
-0.00370302857180158 -0.0307969246530577 -0.065496318148015 0.146879749791346
0.00286711881092488 -0.0192729970192743 -0.084166444682795 0.140377268891338
-0.00598843471020162 -0.0305664804394013 -0.0957143152668252 0.122992697843592
0.0272131109773762 -0.0424113154700338 -0.0877712834884682 0.110124974557939
0.0684891965144902 0.00399682041105704 -0.0679584670713272 0.118289780636414
0.050136254981064 0.0520590101482557 0.00700870500137281 0.200738268391359
0.0312650964501268 0.0915823620256358 -0.105605684298945 0.106173564447764
0.053882018224451 0.0371484649669889 0.0353015850000465 0.0273917319767409
0.030106658252126 -0.0159726231492521 0.0694036967106542 -0.107907339793607
0.00389828647561583 -0.00345510688348467 0.00873420486357916 -0.177463930725733
0.0159287808891673 0.000621577233735405 -0.0891479800910556 -0.150181360675875
0.0243644734139116 -0.0179373068602725 -0.130264785931145 -0.080857242882149
0.019403488635574 -0.0336671409632867 -0.117068250557764 -0.00538637335744494
0.026272447823261 -0.0392611113080586 -0.0871677906326911 0.0613661680848221
0.0210084779306306 -0.0470237598907025 -0.0529591717734336 0.109848889223707
0.0419400608244156 -0.0515148594200093 -0.0504735917451898 0.14493759606767
0.0589647733478088 -0.01863426465313 -0.0695632542349399 0.154292700280299
0.0528319824262362 -0.00295180741164557 -0.0972651436904843 0.138183148755114
0.0616747121032049 0.0117053104171461 -0.0961963384076852 0.105440690101073
0.0736527425173321 0.0718606701449029 -0.0633338359291989 0.086517073241666
0.0463445637627876 0.125876784733525 0.0129623741126106 0.154689314736322
0.00398255027393529 0.139756675437713 -0.0983456498757809 0.0616011346789778
0.0319793981497305 0.103956104453234 0.0577089027829865 -0.00124942641163936
0.0451404297406227 0.0478252490891228 0.0842428558711055 -0.132837745521562
0.0488400486560206 0.034764962300389 0.0118785477582652 -0.186930307160776
0.0621947216353386 0.0131238952015565 -0.0788123191364826 -0.150727662592945
0.0658019682787772 -0.02181634281078 -0.110678503975798 -0.089263637229609
0.0524679779495352 -0.0490534804960924 -0.0988802023225872 -0.0222274463250094
0.0543880321635808 -0.0544456840892801 -0.075396827799052 0.0403786425660663
0.0469749262400328 -0.0635554159420503 -0.0356780846578753 0.0891585859297545
0.0762436276638613 -0.0684681904704405 -0.0226996713480282 0.13237165800165
0.102849027871667 -0.0250038421497326 -0.0372266643122004 0.161442760319157
0.106059796672944 0.00848474326136215 -0.0859802206117115 0.15854379429529
0.0975076620769619 0.0524325200746426 -0.10317821832799 0.111492381133767
0.0795193170437587 0.125224736162969 -0.0693592285474599 0.0552982329346314
0.0396871402263409 0.179015494208036 0.0174248757766327 0.0917599038299967
-0.0202526326469518 0.167138536271937 -0.078626143835055 0.00226520192878731
0.0102864731177365 0.156068787062554 0.0820088372693929 -0.0378788734749449
0.0577367511701844 0.10646714713227 0.101648321692868 -0.154413040478485
0.0942932835433819 0.0682391752462643 0.022878018728935 -0.190810892084238
0.104595501080247 0.0205506788556895 -0.057117457091775 -0.148921249866343
0.0993632738918764 -0.0267418983985376 -0.0797165493608484 -0.0980365071664413
0.0780290079336775 -0.0594421494363825 -0.0705579592110779 -0.0436394995030085
0.074725238508633 -0.0623870152949591 -0.0535309181299797 0.014120292744315
0.0652207156227244 -0.0698142150923783 -0.0101408388341652 0.0613854463092615
0.0978715043356516 -0.0746000491377729 0.010178396394812 0.111332769624892
0.129117320142196 -0.028741695612 0.000333857875155652 0.157725115082535
0.141189464368591 0.0139397317994158 -0.0664617826691391 0.172475076842181
0.120979552043344 0.0816870265370503 -0.107399212239881 0.1175377419435
0.0745582686332246 0.161416197325934 -0.0813867275552028 0.0257018640415896
0.0242953732657409 0.205220482910437 0.0205396556384155 0.0220207335078797
-0.0390122534121836 0.168111523774134 -0.0552220779940147 -0.0674866745026119
-0.0118640900735996 0.181060391323514 0.09510244756239 -0.0820806433412853
0.0585984369199008 0.144701917199636 0.11140552661315 -0.165936541503086
0.120843740879795 0.0912510318402911 0.0386163535929583 -0.182023676867426
0.129669745197332 0.0251998230497314 -0.0210776806626479 -0.143317553490655
0.11759518543624 -0.0280199315304096 -0.0382423065348801 -0.109495719651524
0.0912622491008571 -0.0609341057819807 -0.0339034060847856 -0.0684766878332481
0.0834130102135228 -0.059576683699612 -0.0257089482568286 -0.014126776007499
0.0751690581619607 -0.0641392148469284 0.0176739473724228 0.0328384597059376
0.107664841201919 -0.0635373862845453 0.0407405451186863 0.0862618498519639
0.137020971977095 -0.0169069845744421 0.0323608798857147 0.145844451799284
0.151021144474868 0.0301550032337854 -0.0500766312244413 0.174607034183865
0.117459072205563 0.107689618080351 -0.108377202206996 0.11364761375384
0.0477039972237404 0.178205424365759 -0.0889138874257188 -0.00424569176210774
-0.00309753045747794 0.200267218186843 0.028352442936495 -0.0432410272355997
-0.0493790353052539 0.14015374905458 -0.0347990460672745 -0.136034596121309
-0.0326772852943935 0.170728477748782 0.0905358353261293 -0.124408036659125
0.0451272070102592 0.152887510387514 0.105965272843137 -0.16487344490825
0.120752670643223 0.0973596717652114 0.0522302287891812 -0.159967020211588
0.127997900475078 0.0267957970553109 0.0193825565269073 -0.13319440320475
0.113412697580211 -0.0235355011776521 0.00537515342110743 -0.121114996514663
0.0890957639620752 -0.0531792518935361 0.00273058911854829 -0.0924870694171146
0.0794811338911613 -0.0479355806533233 0.00565823087408761 -0.0390033857460505
0.0745089842414171 -0.0480586011352408 0.0476704714859739 0.00901338948915886
0.104005431283119 -0.0398189717003504 0.0699135449928673 0.0670109179332162
0.12666303648534 0.00482362400600942 0.0579849632284919 0.135243578589598
0.135418200269464 0.0540791885694093 -0.0367305704213216 0.168419872335766
0.0856232292992851 0.12682681336743 -0.103575857089555 0.101442147649768
0.00455685230257009 0.172434956779693 -0.0824510892368646 -0.0308639080458525
-0.0364000886999678 0.166459910773454 0.0451284704886827 -0.0938559180957943
-0.0532435676969451 0.0874944972275689 -0.0216008748454484 -0.190297187429768
-0.0480049036396534 0.130435565348588 0.071785794321378 -0.152494938943726
0.02265535850756 0.130996829587389 0.0947310160374562 -0.150310838206388
0.0957065385583111 0.0827149309620304 0.0641787778516452 -0.132773404951247
0.0999474318577181 0.0237788202392715 0.0569121930334586 -0.124078028768955
0.0881414878897206 -0.0132165213618607 0.0422169725037051 -0.131185396805054
0.0719396038468891 -0.0349788573524895 0.0328403761815738 -0.111427490698222
0.0641974052941855 -0.0290623258854085 0.0341574477457712 -0.0570141622825309
0.0632729524348663 -0.0267033927057531 0.0762342875340098 -0.00595710921275566
0.0860335904340866 -0.0136356018458996 0.0953039256645027 0.0578660866890042
0.0982698836713456 0.0243464751060461 0.0767930060486988 0.129933372033747
0.100981156477164 0.0709761407108086 -0.0244654701684334 0.159536318141553
0.0390662021625786 0.12857028938874 -0.0899186253659563 0.0870723252433254
-0.041749995005934 0.142069602026954 -0.0589838223231115 -0.0458207429912881
-0.0634068926516994 0.108070634443007 0.0708487255353449 -0.123105653935798
-0.0536432694470153 0.0184250787591552 -0.0162570810532548 -0.218492477533639
-0.0584157051502544 0.0702866670385593 0.0492836131424678 -0.156328309679623
-0.00252372469108901 0.0867512063972087 0.0876358192321078 -0.127634859239784
0.0533403682444638 0.0513441437576519 0.0780781852868197 -0.113260924757827
0.0519945372070747 0.0168173949989625 0.0806652599022163 -0.123583816721253
0.0472199564879175 0.00245694648818412 0.0617808277107164 -0.139549715228421
0.0437057361590323 -0.00984350492367288 0.0513867852735492 -0.120941113809029
0.0389330098126014 -0.00589156386237423 0.0564398244496725 -0.0656051448642448
0.0410692484438291 -0.00438903007041025 0.0978234134656077 -0.0110827981237068
0.0543586451415721 0.00619111620034388 0.114001940341272 0.0594548922833824
0.0604376262828564 0.0283860553392124 0.0887808526878062 0.133225302835943
0.0604830422326915 0.0673186720643369 -0.0119284794883607 0.155599620553437
-0.00186835274406588 0.106722250720187 -0.07036020435647 0.0816678357973746
-0.0705583461830248 0.0889376936292156 -0.0303516790553404 -0.0405516218033882
-0.0726482651626663 0.0351034325237424 0.0970742839753981 -0.125137665018367
0.0565945810191434 0.0298735669983338 -0.0969029910932091 0.140210261074505
0.0694919570688387 -0.0357888586257716 0.0343804705067803 0.0516581891936144
0.00881048394751704 -0.0745178985332931 0.0731758816301983 -0.0965692286071752
-0.0372455037560678 -0.0365090316699485 0.00897960831580195 -0.182533077671434
-0.02822080299333 -0.0117020182610342 -0.101790191318432 -0.155461193270371
-0.0186491962891034 -0.0126664592701211 -0.148101335011246 -0.0722335693519462
-0.0161875408630904 -0.0150234654957153 -0.127343769954945 0.0102929230068155
-0.00676366673188678 -0.0191843487196649 -0.089235080629505 0.0789865862806828
-0.0117071044551937 -0.02435488931567 -0.0588037993573049 0.127669825432433
-0.00514494035006846 -0.0316034972763607 -0.0629652034783549 0.157133248916542
0.00251364168116399 -0.0194999327520878 -0.0834376359108508 0.151374209617257
-0.00831818200869028 -0.0306099217389706 -0.0959983054787079 0.13365086083013
0.0260197690230155 -0.0451185813311301 -0.0906854402817318 0.118798723835736
0.0723164048090261 0.000897428774226236 -0.0707033098451032 0.126272011689
0.0545930435291306 0.0529484751905497 0.0143697237523874 0.210067029790032
0.0349936780414776 0.0939338124556855 -0.107152668492448 0.11367224895936
0.0576204789237356 0.0360054145274765 0.0381975365690431 0.0273128021414519
0.028771909134005 -0.0182329605160563 0.0685991690299961 -0.117722371337424
0.0033042136020821 -0.0027976389593776 0.00232003458482134 -0.18868538990903
0.0167069922047194 0.00124011292027553 -0.0984222548496919 -0.156479035481537
0.0245893807684697 -0.0185231393133552 -0.140021613817643 -0.081501369330276
0.0192868742961912 -0.0354245082352196 -0.12319665377875 -0.00202671885111881
0.0266632251450277 -0.0420270533019847 -0.0886768887110573 0.066734657217734
0.02081043326736 -0.0498182916009125 -0.0505706822579259 0.116679568360186
0.0418816718604197 -0.0548768067795936 -0.0461423612988826 0.154657924427733
0.0618542591394941 -0.0209478365479815 -0.0666087544221669 0.165309480513289
0.0545886541287451 -0.00369016846845058 -0.0968063273952122 0.150212088691033
0.0635179686385404 0.010843798866524 -0.099131013780519 0.114161102425736
0.0799227781994432 0.0722667567339582 -0.0663998397254761 0.0931028412727261
0.0525209802244081 0.129830335292126 0.0182313526003706 0.161477863544378
0.00714819977546487 0.144707217062982 -0.100918700241577 0.0679145451815508
0.0367452736770027 0.106493468313764 0.0602232626586664 -0.00292537885814141
0.046147909927087 0.0477319041602723 0.0828475215766723 -0.143800621844077
0.0514239930347134 0.0352129096448221 0.00598640552866531 -0.198513584162673
0.0648623299892833 0.0131476916772069 -0.0875436294976026 -0.157020378524519
0.0675464970778074 -0.0242361355832031 -0.120190602155048 -0.0903102418986544
0.0531438897720549 -0.0522679615648043 -0.105534181773985 -0.0207953716540174
0.0554421732681971 -0.0587955551190596 -0.0770924320684984 0.0446539709296317
0.0479060447326285 -0.0677169404689767 -0.032611605510752 0.0944813938711993
0.0775223021971809 -0.0738041522492917 -0.0170703784210238 0.140749159434748
0.108122738943458 -0.0287847015497585 -0.0319646811795395 0.172053661436032
0.110303328772133 0.00669005988143892 -0.0834430360535441 0.171919651955022
0.102352837532874 0.0526196023155699 -0.105469815057428 0.120866866527126
0.0868681090451727 0.128391975265632 -0.0735948780783373 0.0611602436528037
0.046627576324198 0.185651111245543 0.0202495850230633 0.0955107713915988
-0.0166312748511921 0.173991485636605 -0.082019244432853 0.00504339738736101
0.0155000712799235 0.162863649274946 0.085103787272816 -0.0423673648945573
0.0612881957666522 0.108706758509182 0.100638649265234 -0.167095858351924
0.0992260094186619 0.0686475946338041 0.0167071113396929 -0.203134472008566
0.109266547195742 0.0190206314385718 -0.0644821625898011 -0.154755858503539
0.102630443417675 -0.0304746826920626 -0.0884684464092849 -0.100366761635617
0.0788144555097102 -0.0640808160856276 -0.076558431574141 -0.0443776840727068
0.0758932579051784 -0.067471916779144 -0.0550495706029803 0.0168699614913712
0.0670157360720239 -0.0750512350817281 -0.0069626644213077 0.064718339547914
0.0999858468861432 -0.0810909364666605 0.0166287394469662 0.117172491232308
0.135327069186638 -0.0339976635343397 0.00793569457238336 0.166963700626582
0.147918101365705 0.0109066029554082 -0.0622981706985266 0.186690988945484
0.128751063731806 0.0826470627421012 -0.10917973315773 0.127490034996474
0.0828783868608994 0.16665038255589 -0.0866783445925254 0.0305839054137055
0.0311347258660085 0.213418076528523 0.0212335358040634 0.0227210921308893
-0.0360029398995781 0.175699983082691 -0.0597562040338049 -0.0684687065245566
-0.00682441891019634 0.189471282693324 0.0971274989427108 -0.0883930248107188
0.0639111516714921 0.149698410283986 0.110203622169878 -0.179237907703715
0.128725248260127 0.091715720147434 0.0343485339571141 -0.193154151077551
0.136205193535754 0.0230065548577346 -0.0272410033810556 -0.149109151527944
0.121216862488451 -0.0327524199269843 -0.0454355785335783 -0.11368197458368
0.0931490638239 -0.066406761918234 -0.0399949876732036 -0.0718546071151904
0.0856520555786168 -0.0652025528043427 -0.0265021850072401 -0.0130558253150499
0.0773255363890397 -0.0684946773245179 0.0219857842908774 0.0340120761072813
0.110134145875991 -0.0692297340001505 0.0482091383143006 0.0902439763600153
0.143919309760166 -0.0219460777907967 0.04166762832815 0.153856993482983
0.158786282485895 0.0270457978826644 -0.0445216017758543 0.188485529802186
0.125974973299051 0.109359497270351 -0.110357381436172 0.124865521093217
0.0557411631873081 0.185814072438566 -0.0951768310514983 -0.000811960777739584
0.00213045396373398 0.209488849174477 0.0269729783928778 -0.0457045554735588
-0.0480538019510836 0.146760904711142 -0.0399628612119066 -0.140815822838244
-0.0292642329146602 0.180344042746404 0.0909442697814218 -0.132267638418544
0.0506401334088045 0.158788742634737 0.105349732436788 -0.177131858206809
0.129272101741763 0.0981404008887786 0.0489980771290376 -0.170446054740236
0.135237519926238 0.0241359347157164 0.0158250359956704 -0.139966209116046
0.11757394725954 -0.0279612413831021 -0.000106225676954072 -0.127347209777208
0.0911248404623039 -0.0581611982544955 -0.00251319867937608 -0.0978095704460552
0.0819192560358048 -0.0528660291191366 0.00478250586873271 -0.0397491204269925
0.0775482769610833 -0.051981410816494 0.0517693068091359 0.00796020146616427
0.107041480687346 -0.0452209013332109 0.0780410621521755 0.069301379277854
0.132589740943276 0.000975576722991544 0.0681316508296774 0.14110072077415
0.143805130810173 0.0514795515362357 -0.0311728866492155 0.181453057575257
0.0935298329455411 0.130238512951809 -0.105128803721477 0.111721219895481
0.00977819646158543 0.181752579930944 -0.0888570126661261 -0.0284937124457342
-0.0339712945345448 0.17478926192181 0.0427625440848815 -0.0997708104881947
-0.0536734499197312 0.0919729683533277 -0.0280938724199233 -0.197645304318465
-0.0468781981720421 0.139065048958584 0.0708403341790188 -0.16039081471757
0.0271912026399615 0.137880096933775 0.0944255452275332 -0.160959278050262
0.103224241245523 0.0833748887183026 0.0632225311499797 -0.141571643815472
0.105468263510644 0.021157598885989 0.0552381264326052 -0.131776119660157
0.091343305245754 -0.016671465113418 0.0378689049133873 -0.13948218469502
0.0739095166586949 -0.0393660871355954 0.0276869382609066 -0.117882246306016
0.0663659338690736 -0.0326644232435634 0.0339767840804921 -0.0593169964234474
0.0658098770229738 -0.0298723356913742 0.0806548795182943 -0.00809506213167619
0.0892957991321074 -0.0166752012294854 0.103840154332088 0.0592013875900557
0.103943997637708 0.0218860160202557 0.0874332623493253 0.136305819292577
0.107615311379862 0.0703225179807102 -0.0186578171396051 0.172197892700196
0.0462082963571547 0.13347316311994 -0.0911545122070943 0.0962565275262815
-0.0393975351081716 0.150816940563723 -0.0646403838001821 -0.0452679353384756
-0.0634710533152451 0.114686794513569 0.0677837062669322 -0.130926809108067
-0.0566070046442183 0.0205294145243213 -0.0233032527584403 -0.226880124816513
-0.0590124308577857 0.0765284540971762 0.0477112233187882 -0.164220129930994
0.000671448958845502 0.0913100122058881 0.0887858750667628 -0.137416105627377
0.0579897608231504 0.0517354342920647 0.0786881481685058 -0.122253452498502
0.0545767329584616 0.0154401269472035 0.0798692623464009 -0.132752815359303
0.0488663339146035 0.000384494628485222 0.0585730605685177 -0.148512588583669
0.0457281938333678 -0.0120531360416012 0.0468932875053533 -0.128221382315714
0.0405203556752002 -0.00770506914482373 0.0564590189235625 -0.0693660571214958
0.0430949818169145 -0.00542594157136385 0.103194126254262 -0.0135535707143454
0.0569576996430516 0.00464299567800241 0.122832676576591 0.06053736569718
0.0638014605959072 0.0273247396413918 0.0986720367404728 0.138706278968876
0.0658635627952324 0.0673976503124287 -0.00664822292978461 0.166794846890013
0.00204641788455761 0.112434743539743 -0.0706933700984018 0.0901440501082343
-0.0707736159663981 0.0966343594317871 -0.034701503899536 -0.0412757625798911
-0.0759017359640323 0.0388586358871016 0.0960110174681569 -0.134625680608766
0.0403873233277215 0.0535835416426644 -0.154858883104773 0.0824086952671687
0.0817181125712017 -0.00282143555907391 0.00499847599184785 0.0633175113481751
0.0389020967535013 -0.0655525192096007 0.109716443602692 -0.0555645005609123
-0.0199034328807249 -0.047884510359644 0.0911999639147488 -0.16726037013343
-0.0219785586722657 -0.0205589964651682 -0.0218860267469784 -0.19124990493003
-0.0125208391871714 -0.0177553111377616 -0.102503523186443 -0.136013311905823
-0.00866987210951361 -0.0200599687891326 -0.12191804220154 -0.0501197760188664
0.00282132392786602 -0.0208533568924099 -0.116540829837808 0.0309904583883531
0.000904203342029153 -0.0263785310011782 -0.110140486947479 0.0905203163918201
0.00909083474218217 -0.0295094922393077 -0.126238746531505 0.116787657194394
0.0113547185013415 -0.0149029615471209 -0.144558977622364 0.10133464596781
0.00410868153176083 -0.0281492680446166 -0.14993325138923 0.0769850721292957
0.0426083295554116 -0.0284661768200172 -0.139219959941033 0.0650555628110786
0.0657070992884336 0.0344979278405839 -0.129873817106715 0.0839499317782601
0.0271576530372845 0.0737539067641271 -0.0928009223447883 0.199043455244321
-0.00951411709141817 0.102360228400783 -0.149566907180622 0.0543819677325795
0.0375563405498351 0.058468839704892 0.0210263231037137 0.0408986778012979
0.0311793576829563 -0.00401991890564935 0.116692152336356 -0.0786330166274598
0.00121306494450957 0.000646908234630694 0.088887480948051 -0.175959699295529
0.0122985084790615 0.0125338880169026 -0.018065496491986 -0.191949694603132
0.0297145162984175 -0.00353609129122045 -0.0912081510231882 -0.141454459300535
0.0327318726644911 -0.0234121245705151 -0.112701088456059 -0.0609716450216929
0.0442053859792818 -0.0262466551926973 -0.110168305864845 0.0199371590392838
0.0421885666203114 -0.034605900841489 -0.0964420596611366 0.0843053299292523
0.0633942160953131 -0.0300628693841274 -0.109048532486538 0.122078458395157
0.0671456361397602 0.0105590224821435 -0.134198965664803 0.124599193588778
0.0496507912610857 0.0254085740932255 -0.158026306886242 0.0946518651130071
0.0502352054450689 0.0411592864027814 -0.146202345924973 0.0590257283414023
0.0391986625125708 0.103317745012148 -0.111426918105218 0.0546432514632713
-0.0106132568342262 0.143309189983228 -0.0661449471212091 0.155947103906494
-0.0590316574764627 0.135994863612403 -0.121053179600215 0.0157245794514731
-0.0160181116764636 0.114546936813689 0.0579882754518911 0.0219593511017903
0.0158082209255204 0.0646681167987236 0.142889794658063 -0.0974981333909592
0.0278718307068232 0.0565871480242422 0.0976282296492555 -0.184534528762448
0.0512513216136726 0.0452365547297692 -0.00677094228333484 -0.188955524515644
0.0715651457522053 0.0102312222240295 -0.0696957635478571 -0.14176856894822
0.0712172084883062 -0.0229092631363057 -0.0878114940334335 -0.0699943649012309
0.0797712930698333 -0.0278865439786517 -0.0891334012037179 0.00559964118364381
0.0757739856564412 -0.038646515184957 -0.0701502866463913 0.07213403064053
0.104751494659093 -0.0321166667495033 -0.0753398663804346 0.123368690200592
0.113887693572476 0.0232963447086472 -0.103656860370004 0.147585898952307
0.0971290040083922 0.059937221306497 -0.154917279648218 0.123922324821388
0.0664644085162106 0.0976211020174779 -0.156287709309917 0.0647461977175147
0.0195247222738647 0.158326658788175 -0.104223290743254 0.021478770351566
-0.041622952394119 0.192087235257436 -0.032034005255433 0.0961477576150226
-0.0963982750544631 0.151487732537943 -0.0739841657083325 -0.0327840256443887
-0.0619237800903877 0.157128346091655 0.10020177175147 -0.00375277799707721
0.0012682956775933 0.128289500682669 0.171887210185521 -0.111655839498327
0.0563852843596984 0.10942690759062 0.110829983828484 -0.183814261871879
0.0885935724183611 0.0709091897868964 0.0131849037819935 -0.178106947227217
0.10661478089599 0.0200858124917294 -0.0366937204960559 -0.137160678486495
0.100893862574466 -0.0224648142127585 -0.0510207117488272 -0.0784198455612183
0.102581851588403 -0.0274690875696358 -0.0569050672017665 -0.00948682313690687
0.0963682071029093 -0.0379572581800649 -0.0328804081795883 0.0568811788866147
0.129066532623557 -0.0289797600294731 -0.0343561785946004 0.117306059241503
0.141951293343839 0.0315653033103762 -0.0632324804715547 0.162116520204599
0.128822280664741 0.0807940428278837 -0.140252807156561 0.148987051629455
0.0765706263346666 0.13773669999924 -0.162362451305654 0.070855037620204
-0.00279963298905706 0.190880051997226 -0.102029204844813 -0.0133624887985797
-0.0691758708449904 0.209793935577553 0.00429453244562992 0.0292368153913192
-0.115970085919771 0.143915744455725 -0.0185380591955878 -0.0894962907679455
-0.0963400295099639 0.172475067878162 0.133622064839923 -0.0409103101230193
-0.0155586255192487 0.167645383559243 0.187738056836356 -0.118915419005733
0.0718274702616031 0.143459655403213 0.122767247785091 -0.168084914222929
0.111372508657878 0.0862481051711293 0.0458070560012896 -0.155801760384853
0.124735500236296 0.0264887975123234 0.00936537060811043 -0.12960781283902
0.114962405608265 -0.0190461729166491 -0.00464488515705327 -0.0867146814988807
0.109776964418243 -0.0206069937469526 -0.017654566379338 -0.02364468778572
0.102647600061013 -0.0273672371175036 0.00658243540801432 0.0417626212730845
0.133247816305878 -0.0141417588438032 0.00635898644907335 0.106919928896129
0.144274233244407 0.045537610093422 -0.0267900127651242 0.166074849549128
0.132013518125686 0.0990896349621654 -0.124829363814431 0.159726896985344
0.0615485095203719 0.160543468986822 -0.162250255449252 0.068622860076651
-0.0353580435045395 0.196252076764353 -0.0953007496607161 -0.0473354408686726
-0.0941728672538064 0.192796103511209 0.0434396422275337 -0.0311387384063747
-0.115196393886773 0.113375906535509 0.0325842113936573 -0.14657468166366
-0.11286327553894 0.154326211709569 0.149921509645695 -0.0829372599230675
-0.0320172254998943 0.171408207779494 0.18306285788592 -0.119291358006521
0.0708641348943734 0.149530451458737 0.126591881770875 -0.139913459334021
0.110206603946085 0.0852314216373254 0.0806937063504374 -0.127571199159207
0.118936775024609 0.0279274044557702 0.0575263430934427 -0.119811767742983
0.11019462847229 -0.0129565498765351 0.0398916125986681 -0.09344412145623
0.101226355471919 -0.0105802142959166 0.0223438639264346 -0.0333250684104101
0.09512237345006 -0.0126367525400043 0.0451488981234435 0.032118005606573
0.119032389765123 0.00624144312129513 0.0422039192222806 0.101261823617642
0.12333000385875 0.0613007075969325 0.00218017628565318 0.166138088846057
0.107656376648455 0.114089399581476 -0.110120503909253 0.160433967527269
0.0234210809723895 0.164533674082881 -0.152448932529711 0.0582559236041234
-0.0760644278721127 0.171315381989451 -0.0746804024912243 -0.0707909338715757
-0.111292337735247 0.144727214008763 0.0858030955223231 -0.0729086493231897
-0.0956379526737759 0.0600768603745727 0.0685857810352321 -0.193269280180631
-0.109942480713139 0.109133601313385 0.143794296505922 -0.116799386206809
-0.0427208406210301 0.141280319782552 0.165787523225651 -0.107650084596606
0.0539131355473496 0.123613438973283 0.12659844807361 -0.105556857946097
0.0846596905602587 0.0679537564772321 0.113018768486364 -0.10040877327346
0.0892946116414069 0.0255928128855175 0.0977724689660762 -0.113225323283105
0.0853418028068062 -0.00335478907371894 0.0781758848589327 -0.0968900337504899
0.0769969089566095 0.000710887767240505 0.0573990357127317 -0.0385477770632998
0.0745715521774291 0.0023673253675083 0.0781878772106666 0.0301819402740054
0.0897350530037099 0.0244332661084978 0.0696960022800675 0.103816005074535
0.0871510392358021 0.0676867878446727 0.0204031484278485 0.170161607770516
0.067331681481166 0.114200224202675 -0.0961521310048654 0.156971437688308
-0.0215879878013381 0.14435155620696 -0.13291977086157 0.0503506159469137
-0.106307162846215 0.121149820817077 -0.0429850348308529 -0.0755031390910749
-0.11141798479939 0.0757599685405336 0.124946319310385 -0.0883867434231983
-0.0651666373785932 -0.00595731540021653 0.0851798808307905 -0.2190400591134
-0.09239211102816 0.0466425908731044 0.122924134454411 -0.129148875339743
-0.0442518526811082 0.0864550513934374 0.14877392695456 -0.0865688940212574
0.0277439682331945 0.0729709599823794 0.131477321420568 -0.0787799941321597
0.0409768416597721 0.0385762755909162 0.136118352349802 -0.0877593579087357
0.0432488844751428 0.0218472213972959 0.121587743576292 -0.110660415092058
0.0472668060544378 0.00852379718764656 0.0997770839713287 -0.0965752484483539
0.0413762670209276 0.0115755984677007 0.0824591819445748 -0.0365746899589029
0.0421409110767026 0.0137209912515553 0.100502735631509 0.0352962924646053
0.0514242840006307 0.0293123649256207 0.0860785279226773 0.112595086299286
0.0472110000032233 0.0536246491181205 0.0292291003364495 0.175522494677813
0.0310986783420045 0.0927165506040503 -0.0834090577453119 0.155907113050134
-0.0509957937211747 0.105481103446563 -0.110608779367902 0.0525037208929924
-0.109657554251984 0.056794533075402 -0.0148344831982415 -0.0582615793894595
-0.0881673503605694 0.000459098825762279 0.153540984328671 -0.0778585178720198
0.0427322467191098 0.0525461137801927 -0.152507904550517 0.0889446572764252
0.0822460069162776 -0.00726641205341269 0.00779050075922305 0.0641007695696681
0.0348848891063328 -0.0675522455657354 0.107643308953875 -0.0627485844864197
-0.0228764311246748 -0.0471245048222293 0.0839545301738191 -0.174356275397739
-0.0229286691087971 -0.018310896892427 -0.0301808439690987 -0.194370379805415
-0.0129819679261696 -0.0161901027737895 -0.110015610825859 -0.13375809767254
-0.00985113643136903 -0.0193015050656172 -0.125270748176828 -0.0467692288835918
0.00204334281831299 -0.0207428238371885 -0.115137854500858 0.0347581956590343
-0.000603170352625028 -0.0259729451318042 -0.105448697075166 0.0958002907393364
0.00792680167600379 -0.0297848424340151 -0.120819333914086 0.123583598758803
0.0109993126643694 -0.0148492787484024 -0.140733975497593 0.109740014944337
0.00221169830116092 -0.0269272989831765 -0.147863180804183 0.0848835641932012
0.0404497348991044 -0.0309773020281517 -0.139925505101175 0.0711111647539008
0.0688478873817563 0.0314096630373059 -0.129410119022718 0.0886311612299676
0.0315423658515575 0.0736900392405036 -0.0847626001991815 0.203480438798513
-0.00531811486847905 0.102976135182985 -0.148735710618185 0.060284626077261
0.0406139598730632 0.0564489931246563 0.0226415568124605 0.0409560810373758
0.0290269766045309 -0.00630150897839332 0.113340586553162 -0.0857494023195829
0.00067250153207725 0.000730360250273275 0.0813668532431252 -0.182840013216822
0.0131811141615324 0.0131631919604991 -0.0257089537304236 -0.194548308308778
0.0294920887587332 -0.0036763617806078 -0.0987247127395608 -0.139917684886286
0.0317555955392697 -0.0236489377616098 -0.116420015451346 -0.0572548971283505
0.0438417641931337 -0.0279793575475918 -0.109480497683304 0.0238520515307526
0.0415161246000558 -0.0359421536826923 -0.0924267492491777 0.089216334795947
0.0626360825421646 -0.0323354487102326 -0.103252406925774 0.12910490640358
0.0694692087014381 0.00865294265524209 -0.128922596000128 0.133011148668482
0.0498072368689596 0.0255565816925881 -0.155539885040975 0.104466942851114
0.0511078636317035 0.0391773831699527 -0.147082635589538 0.0654588650266384
0.0439813000443228 0.101587235055762 -0.112856989844182 0.0587524401203956
-0.00389554631742796 0.144501813889429 -0.0604517541738766 0.159231200515857
-0.0538088072630893 0.137831756427696 -0.121203084304768 0.0204128970011947
-0.0105276948784344 0.115067505669159 0.0586866064396526 0.0201264694948771
0.016558965751923 0.0630668095864333 0.139468997268547 -0.105994180523656
0.029211601841755 0.0558540658327094 0.0899646773528582 -0.191775394406055
0.0527599724068097 0.0441591078529762 -0.0144915032172479 -0.191395929267109
0.0716205179534469 0.00853255043219016 -0.0763199300296669 -0.140877477353084
0.0708769083420052 -0.025843127289107 -0.0917241499384666 -0.0679648072501083
0.0791806623335797 -0.0315030902467802 -0.0890157580497737 0.00874506861719847
0.0749489650587402 -0.0416747104728212 -0.0658092064073113 0.0759866577833502
0.103757067667942 -0.0361751734006125 -0.0692636633514952 0.128894451975726
0.117080553528448 0.0199892699208103 -0.0973756653644513 0.155076236890527
0.0990834226702679 0.0578560780151058 -0.150489960745991 0.134175922055954
0.0698326111563019 0.0963100754479961 -0.156754645622356 0.0721362037950008
0.0257610493185202 0.158411184541933 -0.106966506519103 0.0255699915292476
-0.034107849255093 0.194688612151023 -0.029334474367044 0.0977818601466617
-0.0914633663225315 0.154814316708539 -0.0750074659794317 -0.0295784449226641
-0.0563662591539669 0.159966617871427 0.101426800478114 -0.00691692735758625
0.00421169726575492 0.128133637926312 0.168034341050224 -0.121089164061722
0.0600634874187276 0.10705356326943 0.103448396813496 -0.191634203778763
0.0915964577837334 0.0683170939634956 0.00677033977355206 -0.180224136807526
0.10682493540536 0.0165899013777327 -0.0431868591668255 -0.137104899673829
0.0999670019008734 -0.0264172873614054 -0.0557016643064142 -0.0781805862290758
0.102050015014903 -0.0311222959246798 -0.0574587318796528 -0.00744468851000132
0.0956094784979173 -0.0409705605253558 -0.0291198958944361 0.0586218499700863
0.12790318718456 -0.0343131446240539 -0.0266583891257461 0.121073953157026
0.145080406822625 0.0265310916274014 -0.0553252659899752 0.168370527067592
0.132606956605801 0.0762956370478912 -0.135076680123716 0.160342911854826
0.0810087483785199 0.135719927004323 -0.162114741049752 0.0785307282959471
0.00451040805531013 0.193151264044066 -0.106026232561837 -0.00973054372322357
-0.061436925070517 0.213214266849634 0.00358932871461739 0.0291621611994052
-0.112182090629606 0.14795799399777 -0.0220531864290551 -0.0885557518965266
-0.0905410451419592 0.177460924705458 0.133218407155217 -0.0449570024060516
-0.0114464402400655 0.168900607736116 0.183492338710638 -0.12861411278049
0.0779091447851609 0.141069541183926 0.117422190677514 -0.176622632407422
0.115155254330229 0.0826056635508715 0.0397838732477258 -0.159075811407507
0.125405142242867 0.0219777077376674 0.00277472884057287 -0.131405855265592
0.114299957966505 -0.022698361966433 -0.0102266373308665 -0.0875947255319166
0.110224647068014 -0.0252467815725938 -0.0183025194806539 -0.0226169901602065
0.102728381974567 -0.0308118354535351 0.0100943017285531 0.0423996136588368
0.132769059123018 -0.019572286145083 0.0137532281107717 0.109533879453678
0.147985970055348 0.0401129657813964 -0.0178070979356408 0.170362088678091
0.136921003568337 0.0943472556642566 -0.118333759516959 0.170348991065271
0.0679961038328975 0.15977372569994 -0.161299273024135 0.0766081817467
-0.0287792864958088 0.200011831447424 -0.0997644355226916 -0.0431673595220043
-0.0879106096728258 0.197007052542539 0.0408096917366439 -0.0331409449227209
-0.111790849079517 0.116487153977038 0.0270795643811914 -0.148364504708449
-0.107957589365953 0.160583242116902 0.147266154157279 -0.0882934611281515
-0.0270734904882265 0.174025727347603 0.179143844085161 -0.128545867445007
0.0767528340012469 0.14733472768438 0.12170552767283 -0.146916105353617
0.114354241226472 0.0819012004741585 0.0763033760718996 -0.130966149992099
0.120040082370753 0.0237532326444799 0.0514559982067536 -0.123743197062023
0.10896715079672 -0.0170587260755081 0.0348247148309168 -0.0959735705037398
0.101143922383111 -0.0150245955568585 0.0211899993010007 -0.0333431260042457
0.0950717947190738 -0.0156268505112168 0.0485303849670517 0.0311598203672433
0.119765655478502 0.00216727612634143 0.0497587918392561 0.102158104581682
0.127068266322179 0.0571037142871044 0.0113085304575666 0.170101632516671
0.112519180787222 0.109452370216257 -0.102757497975258 0.170744019756946
0.0297980271017358 0.164738199288253 -0.151003105260571 0.0664806377462222
-0.0697829891709681 0.176461688812361 -0.080045455992201 -0.0676385097252536
-0.106890752984786 0.149721285696164 0.0809974880628101 -0.0772052715036783
-0.0949592961359809 0.0630779882616259 0.0612927566050947 -0.1962256104068
-0.106975575282217 0.115356489854629 0.140434746066833 -0.121242880945625
-0.0377694001676861 0.14510162656584 0.162251959292348 -0.11572864544953
0.0597898240202218 0.121845861318816 0.123217920356916 -0.112541701723989
0.0879820012506532 0.0647491841179082 0.110079449380783 -0.105311958276963
0.0908280430652066 0.0225954967317691 0.0928793986040636 -0.118325004340634
0.0851397395922627 -0.00677068827081445 0.0720031251387684 -0.101102549629149
0.0769002816366205 -0.00242028589285406 0.0560558992066667 -0.0391328234311424
0.0746074061183247 -0.000238493482166651 0.0813424292504498 0.0285275799275147
0.0912087029255826 0.0207679565480458 0.0767062589487236 0.103260160877921
0.0908324281946579 0.0634995904813011 0.0299545613890398 0.172689538281098
0.0723425064449354 0.111014949375015 -0.0897528806108075 0.166577119242709
-0.0150641019016524 0.146898928384049 -0.13131262507137 0.0579411432150481
-0.101964753718604 0.127529148316314 -0.0481456376485168 -0.0740995067049175
-0.109410300829177 0.0805268916879522 0.120049328019298 -0.094577378236855
-0.0668554544290542 -0.00437004114029252 0.0763350463129211 -0.222192357873106
-0.0906978596062 0.0515957459182541 0.119438992219252 -0.132915013748946
-0.0409861185181083 0.0895433918679881 0.147271640231811 -0.0935794675347903
0.0312337680591139 0.0722274972275588 0.129451255500725 -0.0861227049988597
0.0426726248725419 0.0363556924835696 0.13298908901428 -0.094580324809035
0.0432691501285834 0.0202336773373164 0.116742790726324 -0.117630197319697
0.0467810301013272 0.0061474567396597 0.0944051133146745 -0.101688914486748
0.0421418072940387 0.0101569784155913 0.0806488728177697 -0.0393460060178343
0.0427974282619191 0.0124087448638732 0.103535008543205 0.0324986721421362
0.0525779753926032 0.0273275943175465 0.0922608602941204 0.11151280113362
0.0501844700147831 0.0515401068386308 0.0379415808610584 0.178195433494788
0.0355780695634547 0.090683233023652 -0.077218664278592 0.164625839834174
-0.0458810898755728 0.109095878629031 -0.10929322996498 0.0602296027525354
-0.108598396359849 0.0629398490028679 -0.0184124040437304 -0.0578709439623878
-0.0889057926607932 0.00406475242869548 0.149517718940903 -0.0846699293087752
0.0440953411525338 0.0518898855682452 -0.150296460382565 0.0920878107224483
0.0826696587469514 -0.0104842135236722 0.00931086423203188 0.0652076626720942
0.031574783004728 -0.0680344358911363 0.105402677138851 -0.0664540993759379
-0.0248218086364338 -0.0459471873967652 0.0785215426271275 -0.179332655848958
-0.0231745119628088 -0.0163751763092925 -0.034897397414606 -0.196793559074438
-0.0130766753417723 -0.0147308941140606 -0.114397140151978 -0.132080095145732
-0.0101718238447427 -0.018446141452927 -0.127728127166391 -0.0436754556717213
0.00168013226841211 -0.0201687311897099 -0.114262367452507 0.0365015996373788
-0.00125353101728167 -0.025404416614134 -0.101592839582157 0.0984359531310128
0.00714659587596233 -0.0292982455618524 -0.116786806673983 0.128369993551087
0.0110472208968409 -0.0146204942038527 -0.137951639650873 0.11522379426978
0.000540359235708408 -0.0255066883854394 -0.145954467648925 0.0898108105636616
0.03864064639763 -0.0323667097427539 -0.140152669023615 0.0742426663637662
0.0707910979785803 0.0282738361083969 -0.129740269691329 0.091562240358972
0.034571746943966 0.0728559236441683 -0.0800971269410747 0.204671447255613
-0.00260633627298061 0.102646855280645 -0.147614861118264 0.0639317170413968
0.0426226341164825 0.0540531246320435 0.023493181312381 0.0414291878466684
0.0269546288065806 -0.00775727875188877 0.110777400641561 -0.0898206768708613
-0.000534892835277624 0.00100450984463091 0.0760077012303322 -0.186948139053239
0.0136431561754702 0.0139703738054167 -0.0308277162735276 -0.196177571356706
0.0293942573365685 -0.00326549812597498 -0.103328572270267 -0.138664375945342
0.0315553549876096 -0.0236543380516812 -0.118283850447648 -0.0551876944411205
0.043619041375069 -0.0285479100637527 -0.108424014056408 0.0254250064861389
0.0410264279864725 -0.0363758594638492 -0.0890907168978136 0.0913779604212959
0.0612672238705634 -0.0335917176269301 -0.0987195957903168 0.133224169360711
0.0703167109035543 0.00768925716904512 -0.124793649376174 0.137730318942773
0.0501831715970326 0.0255799293415801 -0.153254947875219 0.110584588794047
0.0506346767267807 0.0383180498637821 -0.147681011925437 0.069061563327906
0.0466657453794948 0.100204007059385 -0.114397019511782 0.0611513835348939
0.00061465783503583 0.14419004799782 -0.0570355913719823 0.160236899712985
-0.0511527447642876 0.137799279458791 -0.120810454027516 0.0236242203414504
-0.00708768312888533 0.114676139067419 0.059463925236317 0.0198580771366858
0.0159333267986148 0.0619991072472149 0.135816081297496 -0.110645903334707
0.0291739015085654 0.0549836436270343 0.0842649129558999 -0.195689250743472
0.0538827289368504 0.0438737698227255 -0.0188552667413343 -0.191503520714591
0.0714155822356804 0.00783050098384439 -0.0809359784183316 -0.139617569462087
0.0699863021622052 -0.0260482769510394 -0.0948011912816243 -0.0665981270262767
0.0785757742757868 -0.0334343879491285 -0.0885729932237708 0.0106263842850363
0.0746372937655947 -0.0429453950949258 -0.0622994136228441 0.0775413303140114
0.102867231205235 -0.0383880742122332 -0.0637185097416896 0.132277983952967
0.11861702476471 0.0175793608777354 -0.0914115354242359 0.160190422737523
0.100136181730088 0.0566742397466881 -0.146531146939598 0.141272677904921
0.0707556059265533 0.0950802802574517 -0.157181182862224 0.0761404261018125
0.0291430661355502 0.157788940474081 -0.108601694450829 0.0280105250102311
-0.0288112439843084 0.194924719029085 -0.0281359704121671 0.0976835771728727
-0.0882775410092002 0.155458597277196 -0.0763289316885904 -0.0277707386707088
-0.0522504894308486 0.160905857138995 0.101296723292026 -0.00815862001206644
0.00477770681635104 0.127125130289041 0.164139972699425 -0.126910654515844
0.0614978532195403 0.105352037132625 0.0981378516089932 -0.196590798458351
0.0932365570416165 0.0665462740140365 0.00182133971732633 -0.181062261828077
0.106762925286253 0.0149048569437668 -0.0471552617549051 -0.136784242724632
0.0983606993682482 -0.0277372051864224 -0.0584706960762967 -0.0776748974787478
0.10130791753925 -0.0335122690477511 -0.0571701676339088 -0.00563112504758529
0.0951073717613849 -0.0426138203511419 -0.026197052816437 0.0597067427336044
0.126579155286852 -0.0369348316660202 -0.0212128729749782 0.123252354455734
0.147051627025494 0.023402467214023 -0.0486425715567958 0.171508193511202
0.134213032673441 0.0739887700310842 -0.129849352020476 0.167530823755042
0.0838272939620151 0.134896823349311 -0.16148329168916 0.0835904092330405
0.00896617621160866 0.193386178376157 -0.108534042868603 -0.0064090434309157
-0.0562785685715976 0.214376111058205 0.00303891377518951 0.0283930339784414
-0.110119380174333 0.148866239511416 -0.0243142831584148 -0.0879202092880207
-0.0861081701523662 0.179590546517498 0.132700124000271 -0.046594580603597
-0.00977127791060315 0.16877890487468 0.179837954468549 -0.134585723794958
0.0804943944736645 0.139170149231697 0.112052956719813 -0.180759350351091
0.117102688634909 0.0799467517277161 0.0360756827822566 -0.159892480979115
0.124978030336545 0.019398329649836 -0.00137832255266413 -0.131395933983565
0.112832855867053 -0.0249391364063222 -0.0142778781370579 -0.0886508589921493
0.109238549756185 -0.0275337276344719 -0.0185149254275893 -0.021163230731851
0.102023607783512 -0.0328474106172764 0.01276432816754 0.0425012451203701
0.1315835878265 -0.0225156324558223 0.0195596289438888 0.111310615170269
0.149928817654824 0.0368747445969588 -0.010736176705685 0.173323076177501
0.138819557572431 0.09106695624866 -0.112033172929363 0.178612252782323
0.0710349414280664 0.158761636555385 -0.159923857829038 0.0820602895718952
-0.0242409584725868 0.200851330168998 -0.103082580076258 -0.0403690390029793
-0.0833774871962042 0.198877028013634 0.037877031670425 -0.0340481802443918
-0.111188399023638 0.117619417361355 0.0236968361295352 -0.148148295263022
-0.105261988535163 0.16368130431045 0.145822081716409 -0.0894164457734382
-0.0248078865982799 0.175370621888854 0.175934543129533 -0.133828133008094
0.0802584854927159 0.145519221691851 0.117947460407728 -0.151194282186183
0.116520381415677 0.079072554129672 0.0734942242742726 -0.132570395728778
0.119950259470388 0.0211112276462067 0.0477816785356466 -0.125672258323662
0.108138487914459 -0.0192084461388255 0.0306146913667088 -0.0977855321638811
0.10028294376788 -0.0173426231363863 0.0208128303031362 -0.0328189063610949
0.0948320647295046 -0.017836097737456 0.0508242598314283 0.0309186019379533
0.119233678737449 -0.000298378259506397 0.0546173991427621 0.10258171587129
0.129244498923681 0.0533741106801339 0.0193541888855905 0.172319712311067
0.11495168490535 0.106108914244646 -0.0972264059100774 0.178070298989745
0.0339340210583304 0.164831278111052 -0.149340313128465 0.0721119067593921
-0.0657625568745763 0.179131581110927 -0.0834282663297923 -0.0652179257758806
-0.103722093946555 0.15126730216823 0.0773380039239745 -0.0786814799390867
-0.0947278702444787 0.0642255710731305 0.0569017362314599 -0.197052036773679
-0.104906043008231 0.119356842824745 0.138108715472304 -0.122770489891319
-0.035126893269557 0.146995448067889 0.159931003155391 -0.120776624609439
0.0630815445299789 0.120717511542855 0.120526482308741 -0.116556965519509
0.0899810640238594 0.0623155514620991 0.107825477294337 -0.108098664062304
0.0904647211465952 0.0204249777394581 0.0889482852006278 -0.121144745789279
0.0840193341196144 -0.0090576869525563 0.0673417254447849 -0.102790991533241
0.0770550623029997 -0.00397534949836999 0.0552928952465061 -0.0393149475555115
0.0743230337241482 -0.00145040274234477 0.0830096736624872 0.0272497567982141
0.0910528049680741 0.0188017205027258 0.0813327523150429 0.102858631432013
0.0921687923895362 0.060825440683558 0.0366799728297257 0.174192520467302
0.0754750782334324 0.107816642392417 -0.084173253835408 0.172754045117291
-0.0109903327375396 0.147949088959413 -0.13012897147187 0.0630829281770198
-0.0991337913169773 0.130575295184315 -0.0518033586125757 -0.072007412391797
-0.107932662541826 0.0824656708543536 0.116148942685293 -0.0972579856833545
-0.0681414588967182 -0.00318794751082356 0.0713692082725296 -0.222864927650284
-0.0896287800577217 0.0544192569390777 0.11698312696107 -0.133258715446969
-0.0385996212804717 0.0917823067778482 0.145959253567273 -0.0978745396230101
0.0337094075841191 0.0709726273154473 0.127973870590133 -0.0905571042223983
0.0437189087103109 0.0344339778816788 0.131567119025438 -0.0979092991489043
0.0433963723511203 0.0194180425879784 0.113144689526436 -0.121299622183206
0.0461843566087821 0.0054919350558242 0.0896477363854394 -0.10350681700861
0.0422133143707879 0.0095679608263444 0.0793469837466636 -0.0392703159099529
0.0428830300869289 0.0113118301854037 0.105225367550832 0.0312030216164167
0.052938100410996 0.0257803874389405 0.0967837399609061 0.111017771316808
0.0509545647477862 0.0496802576803905 0.0444324745482005 0.179530015420293
0.0384356740472057 0.0885203780580008 -0.071237468070902 0.170164235147016
-0.0418878984532167 0.110825165720324 -0.107569622222572 0.0643444277392392
-0.106546916786492 0.0665259738713665 -0.0223227674265885 -0.0570522133531547
-0.089246142441683 0.00577209357423037 0.146102720638769 -0.0882271765561261
0.0452164910224104 0.051617062096763 -0.150742641710053 0.0950101809535687
0.0844693883581041 -0.0127905225733517 0.0109226185258116 0.0673670376976441
0.0297722231905469 -0.0687430829660617 0.1053128163674 -0.0693882041540921
-0.0263062988624315 -0.0448652406774916 0.0750388757134207 -0.184000533469907
-0.023205944983433 -0.0151498904246995 -0.0388999457112064 -0.20062690963745
-0.0128841905454831 -0.0136507027673254 -0.117992365530109 -0.13220298544104
-0.00944942176711223 -0.0179569953200108 -0.129855237903171 -0.0430675631176107
0.00226935847312914 -0.020589913028638 -0.114706750668367 0.037478067568655
-0.00112289605505021 -0.024844184576608 -0.100417144881822 0.101033272080357
0.00674221170220329 -0.0293066166744778 -0.114394170940923 0.132540392391429
0.0112441362033398 -0.0143107043010565 -0.137477484548922 0.11948521029
-0.000402981863789785 -0.0242825641102737 -0.146265461666155 0.0932442126947955
0.0372245706587724 -0.0330306922396354 -0.142776669861832 0.0760129454897954
0.0719935476404123 0.0264010616236715 -0.132416912453355 0.0935853039626652
0.03704507003776 0.0725517200239722 -0.0775564443496121 0.206456445419437
-0.00169612516322284 0.102597996598831 -0.148412993394454 0.0661452933884494
0.0443016289345613 0.0528780819607902 0.0248719484988792 0.043041109692392
0.0254227188093217 -0.00867093134387523 0.109262613917241 -0.0928166734936999
-0.00143331346194593 0.00141808414911202 0.0724653032117469 -0.191280088571733
0.0140113390078719 0.015021052071832 -0.0337734643084947 -0.199414190657264
0.0297619256804819 -0.00265929334252062 -0.106775982621087 -0.138869914114925
0.0316362466580519 -0.0235482192869512 -0.121407870516176 -0.0543252290439735
0.0440034123190636 -0.0295558199075294 -0.108961656797057 0.0263260912870279
0.041712132183532 -0.0364253945756438 -0.087013631948301 0.093416638955983
0.061459548857874 -0.0341740074531882 -0.0957260099414299 0.137316800351294
0.0719560371200495 0.00732666890655825 -0.123208077691642 0.1426572115976
0.0508213171483263 0.0268196240551896 -0.152919721417972 0.115721380176493
0.0503121613094872 0.0385173158165097 -0.150549117069408 0.071540826256964
0.0484867200745978 0.0994379655183328 -0.117187462546304 0.0631152338530332
0.00340757301733635 0.144430970816859 -0.0561914988616605 0.161487912535281
-0.0503894519195978 0.138286924803483 -0.121643990954133 0.0251380610841568
-0.00481066435316985 0.114280376797063 0.060480241877083 0.0207373877646597
0.0145364784297588 0.0614786269315781 0.134351571663961 -0.113969180729193
0.0297011683530386 0.0549594745758911 0.0813760140663416 -0.200048408177986
0.0547654338826414 0.0443716823205478 -0.0220751288639268 -0.194289808223405
0.0717556736709678 0.00828600190820941 -0.0843584138665449 -0.140517777380521
0.0698861460365589 -0.026619406499263 -0.0975511715470232 -0.0667711499459013
0.0791063798038422 -0.0346020535370052 -0.0887839480915764 0.0113046764087278
0.0751294625149716 -0.0433460188646321 -0.0602370602270709 0.078526055504936
0.103239639118829 -0.039376104300383 -0.0595452214353809 0.136307387161374
0.121023646266983 0.0162000701609107 -0.0880321718603329 0.164798727943141
0.101450611119207 0.0573892472764195 -0.144951764245796 0.14820047096503
0.0716184580040085 0.0960296731924701 -0.159234499248458 0.0790069566563776
0.0312849021653969 0.158933713970989 -0.111838704781109 0.0296883232987762
-0.0260200788299609 0.196021129462006 -0.0285375759359822 0.0986981192097597
-0.0880288615627807 0.15574955072219 -0.076900053260038 -0.0265747657343808
-0.0499948521305096 0.16244513727096 0.102691308458524 -0.00792061046581446
0.0044848035095896 0.127920625349679 0.162515186650052 -0.131421216146281
0.0622654797525073 0.105011603633114 0.095214976747485 -0.200946819845096
0.0948385957663391 0.0665196693348258 -5.19784164186831E-05 -0.18223230131765
0.106918507871953 0.0149153976674194 -0.0501117846485132 -0.137525104716467
0.0986427684160077 -0.0282979569773665 -0.0618457051364766 -0.0777960839374307
0.102032139558869 -0.0350301078692768 -0.0570378203634647 -0.00489160252556415
0.0963046258508302 -0.0434382478387116 -0.023798797515394 0.0600272229659954
0.12700515010818 -0.0380520213875323 -0.0166304270979685 0.126682293268498
0.149833950407135 0.0214105397431157 -0.0436450680410425 0.176197694768571
0.13636688281242 0.0738513386802144 -0.126738240499003 0.174626108848552
0.0855771445541314 0.135829892447801 -0.162939852748843 0.0875000278744541
0.0114123781794379 0.19526367819413 -0.112169568097449 -0.00467960421375762
-0.0539639557925651 0.216019036206221 0.00208422850602828 0.0286286333415016
-0.109958609671501 0.149526842190173 -0.0253791046561892 -0.0873690643796752
-0.0850411224841178 0.18238188424901 0.134054788022953 -0.0466679062884136
-0.00990267684697626 0.17058108115062 0.17833919572255 -0.138240803027964
0.0822412357063766 0.139264466486859 0.10916320310639 -0.185437880906585
0.118948933376842 0.0794778792031937 0.0345787977226734 -0.161724290669496
0.125824401762804 0.0189936084599422 -0.0031816098364129 -0.132758352067012
0.112677021609141 -0.0260352817858351 -0.0170441590045613 -0.0898339930331934
0.109665496544835 -0.0292300934650751 -0.0185793015840176 -0.0203724447072456
0.103031529619464 -0.0340048432526326 0.0153867521893688 0.0425633580154708
0.132415639105665 -0.0237017225879838 0.0240890598421317 0.113409345619298
0.152321418528694 0.0346953203764682 -0.00486138740927433 0.177090449418216
0.140715360819991 0.0903725142981746 -0.108601900962214 0.185677991384638
0.0734791782533177 0.159856452128623 -0.161411688942918 0.0863274647741408
-0.0224577518805024 0.204108137078028 -0.1062958199534 -0.0381269619824839
-0.0810742361474033 0.200829409878016 0.0361614015635188 -0.0349406907600878
-0.111750063094501 0.118343312589405 0.0219357766781364 -0.148956403743629
-0.103561121349601 0.167339910831146 0.146962541814867 -0.0901898654143513
-0.0244058522115842 0.177781257461453 0.175169103677199 -0.137673795978942
0.0825048388200754 0.145668959869754 0.116241594010124 -0.154980476222944
0.118734700637899 0.0785117234139328 0.0728373648687686 -0.134471705737348
0.120574705690759 0.0205122529630187 0.0460369892489603 -0.127646468126886
0.10767998031677 -0.0204054478367355 0.0276415009994869 -0.0987991752808534
0.101199093206955 -0.0182247546820359 0.0204623699680198 -0.032027140115454
0.0953109440838807 -0.0187083508403037 0.0535589853894618 0.0310772345656175
0.119939501928015 -0.00161787654676612 0.059431629221931 0.10426163637649
0.131289053446435 0.0510579025278806 0.0241330103071688 0.175660458193087
0.117049309734448 0.104761941503734 -0.0929981476106627 0.184775843311289
0.0366080258943106 0.166009081180523 -0.150285031250198 0.0766160894269203
-0.0636634770194299 0.182546931268661 -0.0874711316533647 -0.0637747032949407
-0.102229390961208 0.153170404370006 0.0750949574579467 -0.0800013256039125
-0.0961565577825352 0.0657476964851661 0.0543654581989464 -0.198067488577293
-0.10434817871494 0.122465026551844 0.138738580761047 -0.123074746476373
-0.0344493441329526 0.149611843257241 0.159398804551165 -0.12340368844251
0.0652596988595479 0.120654942009153 0.119281703710145 -0.120045554717238
0.0921287398345451 0.061356275322984 0.107921181810097 -0.110224955280693
0.0908797288895564 0.0200451788242574 0.0880129526631648 -0.123766385953184
0.0834066599231096 -0.00946018572526973 0.064801863371995 -0.105138122281968
0.077708973017533 -0.00485256535806274 0.0553744755866187 -0.0385804132366963
0.074742052690994 -0.00199873001715117 0.0855751366783924 0.0276136436072382
0.0917830684026445 0.017488106103153 0.0859579766326171 0.104228138637874
0.0936366085834267 0.0593734582313896 0.0419331625872224 0.177501747503316
0.0774125214047597 0.106686119506201 -0.0801004094461809 0.180121126244439
-0.00824805291547167 0.149459031059647 -0.130778900896983 0.0668156506161561
-0.0977318904515148 0.134424754235189 -0.0554487728823878 -0.071288299854718
-0.107704611601116 0.0837570786295724 0.114475680350482 -0.0992302541538015
-0.0699662794239957 -0.00286705727068035 0.0686759972171072 -0.224497259781348
-0.0898935131395346 0.0571800425361844 0.117525587468964 -0.133141399200402
-0.0374223444217958 0.0937336507169373 0.147285859293892 -0.101012348139042
0.035188116328005 0.0708456929878401 0.127497484345464 -0.0934835719407661
0.0443485815874031 0.0335157471319524 0.131933929534786 -0.101035571991688
0.0433633111337721 0.0190185844138867 0.111852610579896 -0.124865397108941
0.0457224051918283 0.00478293677384214 0.0870374408416602 -0.105477221907392
0.0427063743527829 0.00941644084623194 0.0798631190652547 -0.0387032979161412
0.0429856190813777 0.0109386723921557 0.107236468270749 0.0311927196826218
0.0534498581270281 0.0251911428799189 0.101073560844114 0.112478057005525
0.0517817807121011 0.0485293472302235 0.0494999186565585 0.182979264365995
0.040498191506093 0.087207746374644 -0.0682396911007539 0.176307102992325
-0.0402042001507038 0.112716224963051 -0.107395551569863 0.0684946483640516
-0.106171214924649 0.0696469047112993 -0.025012216335571 -0.0567572424736556
-0.0905147495968615 0.00643499331038107 0.144570159949086 -0.0905881924387408
0.0475104730859123 0.0516760409267411 -0.152637436680717 0.0986292059008983
0.0868276175928518 -0.015872732975246 0.0135710811625383 0.0696238822463693
0.0281767218902556 -0.0702874550253231 0.106595687808363 -0.0729479442881457
-0.0281183788168586 -0.0441477822898881 0.0722368052784814 -0.190458504805358
-0.0229841427571256 -0.0143419045993335 -0.0438094274265755 -0.206535497646161
-0.012705984701103 -0.0122072860018698 -0.122956973023176 -0.133934049080684
-0.00931824210594756 -0.0170405896887543 -0.134276666306462 -0.0417795392114207
0.00287777124048072 -0.0210799337582417 -0.117155325361782 0.0386821342674691
-0.000749123529536903 -0.0241847183271956 -0.0993951019041848 0.104826577326189
0.00571173778238002 -0.0296396630433118 -0.11377353487644 0.137342781034831
0.0118514942284798 -0.0147641743220306 -0.138324486282565 0.124807187929346
-0.0010341432550576 -0.0231288026625364 -0.148660371989208 0.0981899428587856
0.0359621963984937 -0.0344910452835192 -0.146847563505444 0.0795173117288173
0.0744038482312058 0.0240811637546214 -0.13548706877114 0.0966691380604848
0.040615383145231 0.0726203939854778 -0.0760863589674633 0.210530898151021
-0.00038853917727474 0.103951573675106 -0.150613751083943 0.0696413814088979
0.0470773586006106 0.0514431708023689 0.0269994803169825 0.0454903454246867
0.0244834163889063 -0.00907134642324142 0.109663342524759 -0.0964363874712874
-0.00255008830889655 0.00202362824943933 0.069687596883032 -0.19729812451865
0.0150412358501872 0.0157303852194444 -0.0378285519769102 -0.205238921244431
0.030676913553139 -0.00205436283070428 -0.11127417375289 -0.140346690393491
0.0322759172545182 -0.0235635518345141 -0.125126950049683 -0.0541923223293862
0.045233321212534 -0.0304919808469806 -0.110730999329017 0.028209112747648
0.0425383634700847 -0.0369862405393472 -0.086127804244482 0.0966087776374857
0.0623332845821128 -0.0355355646318262 -0.0933624507866942 0.14249242558692
0.0743533519336628 0.00642334710103592 -0.122390781677055 0.148987630879285
0.0522692777294285 0.0284957517654154 -0.154313935316698 0.121823993693054
0.0506747005470852 0.0388278767953085 -0.154847440466835 0.0750288313042382
0.0505476978522456 0.0999171478435729 -0.12075582710416 0.0653595600283551
0.00614968132541654 0.146168424073644 -0.0554660302388931 0.165159027837339
-0.0497403005856957 0.140355664252609 -0.123556438706223 0.0275193334276878
-0.0031589667084846 0.115393493956536 0.0630274367002355 0.0222379545509121
0.0141441814704782 0.0618932003554647 0.134377721911745 -0.118616527605315
0.0293250491821783 0.0556116676046156 0.0792447327096016 -0.205887211374791
0.0565189382676538 0.0448994515716631 -0.0252709771428176 -0.199158310697019
0.0732159328440682 0.00866367696860144 -0.0880312769934856 -0.142761971849764
0.0703777827360246 -0.0270357825567896 -0.101053093405679 -0.0667318310332487
0.0805483644395867 -0.0362601895234295 -0.0899823250274978 0.0130304596930059
0.0765866525442859 -0.0446311241936496 -0.0586996788667197 0.0811172033102585
0.104403601991191 -0.0411582862526934 -0.0565783760232862 0.140880140412334
0.124535818810689 0.0154078116370415 -0.0855508375943289 0.171090880854042
0.104541128038526 0.0586782455939525 -0.144717019568532 0.155635525024231
0.0734281705938929 0.097767793397938 -0.163134620998826 0.0832399044020856
0.0335056057939459 0.161629032867753 -0.116183556514465 0.0318180505701843
-0.0235637820683254 0.198824294981451 -0.0287547908715909 0.100784273857877
-0.0892339369420452 0.158442928389061 -0.0793977304023084 -0.0254444012706615
-0.0487395945220204 0.165232841670727 0.105423677880993 -0.00784016266896489
0.00415778106088966 0.130146968061501 0.162302348560966 -0.135770065522815
0.0633955633762663 0.105946493433719 0.0927895266925455 -0.207235203946504
0.097794724964931 0.0669154685240308 -0.00306010076987397 -0.187056817588654
0.108760098085113 0.0144693648374593 -0.0534663643264232 -0.139569908592536
0.0998581010497897 -0.029561432785307 -0.0649780338295663 -0.0787797862448587
0.104160536537974 -0.0370631071479264 -0.0575054716807411 -0.00357774752399385
0.0979997763951836 -0.0450828179123336 -0.0222498195204752 0.0621640512619475
0.128831798850373 -0.0401698507976952 -0.0121635722024243 0.130449850087755
0.153686024790886 0.0197814172651922 -0.0390400448703376 0.182196866237119
0.140348108425008 0.0746469447386827 -0.124627599174809 0.183166704517736
0.0880913448905321 0.137787653699561 -0.166467556513328 0.0931138756766708
0.013991040997018 0.199644838077878 -0.116004185174159 -0.00287531393566971
-0.0510268783691455 0.220054114151445 0.000754895710840514 0.0293294388546481
-0.111410214283632 0.153168896731614 -0.0270547147608853 -0.0882146325280678
-0.0844013664340622 0.186737702561019 0.137069079211977 -0.0472758191645214
-0.00962679275584475 0.17408114465876 0.179480177766902 -0.144699468775789
0.0846464199688961 0.140835513663848 0.107797926169045 -0.190672748775786
0.122500592619903 0.0797728474695242 0.0332874369258044 -0.164967015247109
0.127710942411804 0.0185714152948513 -0.00599598554243776 -0.135352315853934
0.113507817468353 -0.0272547539284045 -0.0207765897823731 -0.0910429403388865
0.112093193070316 -0.0305043649374743 -0.0188612192127831 -0.0199879234885821
0.104708679478408 -0.0349899794687389 0.0177034095306511 0.0438123464534758
0.13474560150227 -0.0259192148858865 0.0293221863395731 0.116133755134686
0.156397008644626 0.032706577913886 0.00157778339096313 0.182265330871395
0.144923793134717 0.0906392048681868 -0.105317555589268 0.194969358143625
0.0768137872424381 0.162690701149504 -0.163915447790672 0.091688518010393
-0.0198575449272924 0.208969002944068 -0.110425125735416 -0.0371952881425264
-0.0806076310221879 0.204084624396968 0.0346692000238579 -0.0356546304601455
-0.114024456722399 0.121444177507525 0.0201784227216086 -0.150418020610338
-0.104059244309177 0.172517313657578 0.149447907425734 -0.0916476988891646
-0.0239305438846737 0.182987004739491 0.175353274826738 -0.14243729597548
0.0854575623486171 0.147702397962997 0.114766511809731 -0.160542250242646
0.122256986314428 0.0781744018298286 0.0729830433887583 -0.137186521414905
0.122814033822857 0.0202174361369126 0.0448688660428249 -0.131075762590253
0.108458999032572 -0.0209766462745972 0.0245107829859906 -0.101310032299812
0.103436154548215 -0.0193846523310464 0.0214528832403646 -0.0317925889864371
0.0965915953560633 -0.0199181223586736 0.0561874305164946 0.0315881522581491
0.121967017269997 -0.00343702208262024 0.0651874864945571 0.10665460214417
0.134877359703469 0.0499632814739889 0.0306692841494225 0.180550777823193
0.120072298918394 0.104328010557277 -0.0885057450205028 0.19451889405345
0.0390144622942589 0.168604747509427 -0.15225415173801 0.0820299934738141
-0.0624241663283421 0.187290751668459 -0.0908017793209709 -0.0625064397719957
-0.102454914356148 0.155753329051748 0.0737360952558412 -0.082445724151864
-0.0982196964518657 0.0675224712243148 0.0530662520810548 -0.201147855822945
-0.104656763736356 0.127286498544175 0.141476052878943 -0.124745575414278
-0.0329622642444959 0.154556263920323 0.16119201313321 -0.128524072925491
0.0682785307921591 0.121889696896465 0.119861844966728 -0.124443549679939
0.0946705483926639 0.0607446542001779 0.108969554659639 -0.113951951583325
0.0926071617411194 0.019442848962375 0.0880007083944617 -0.128127273204178
0.0848179297757996 -0.0103546310583918 0.0620411449899044 -0.107399742351328
0.0796973170565669 -0.00587971288564229 0.0563363643828081 -0.038575475349777
0.0750391410182708 -0.00213352101773499 0.0889743197042007 0.0276978542701147
0.0932703723658112 0.0169494781165192 0.0914901502106704 0.106410535226389
0.0962025213430106 0.0580576189883857 0.0482889901589258 0.181952922697771
0.0799375408442077 0.106271590737844 -0.0764600084049388 0.188336771910657
-0.0057756015681899 0.152726534975172 -0.132130895319293 0.0721595811204207
-0.0971509269434802 0.138518444510849 -0.0591889942253207 -0.0708230299583707
-0.109173463433942 0.0859201737694467 0.113519920798272 -0.101701227533602
-0.0720415843330428 -0.00146495098158497 0.0667500778793545 -0.227640523389953
-0.0904242188316909 0.0607538081994632 0.120321897215571 -0.135045418300313
-0.0363171530321808 0.0978811237197016 0.149593556567458 -0.105697470082995
0.0374194636742202 0.0708604968865729 0.127992099560638 -0.0971895357250081
0.0454284769455572 0.0328659177954674 0.133960913350452 -0.105188580018353
0.0441718984313709 0.0196769280709751 0.111439513171697 -0.129492695629912
0.0460868765290958 0.00456336233494487 0.0852663337443857 -0.10900696551252
0.0438871658123788 0.00930153799719451 0.0809338602340043 -0.0394242717879975
0.043480901668084 0.0112323640489788 0.111471871922293 0.0318350749688314
0.0542164146097688 0.0246529788806045 0.106037356729262 0.113821429738707
0.0533020847874326 0.0479167457979342 0.0545474489551733 0.18657686204957
0.0424096289151163 0.0867064560983846 -0.0647164304691894 0.184282263867265
-0.0382615535408586 0.115239255516361 -0.108363339313369 0.0731922092860266
-0.107323742454695 0.0730834533229466 -0.0275608472380411 -0.0570336015952694
-0.092586948254993 0.00700329168677171 0.14439071940017 -0.0936974374841639
0.0373673604150791 0.057688239729739 -0.172926030158984 0.0709082570307148
0.0880589177007283 -0.00223075198591595 0.00118918448912758 0.0774208009401122
0.0402128270031749 -0.0621350787014032 0.122869993523719 -0.0504020410591145
-0.019192315979954 -0.0442888735717417 0.108870336576461 -0.178627320231395
-0.0175639145578322 -0.0152923454470616 -0.00467744623866349 -0.217382634886964
-0.0076474366433418 -0.0128082117140709 -0.096960084528849 -0.16084299288453
-0.00562546700927212 -0.0174738958998684 -0.127320083702906 -0.0703449128900974
0.00811090435715946 -0.0205744154799506 -0.124807429146339 0.0134611743653021
0.00609468665708518 -0.0240406117635546 -0.119675121051624 0.0836947629412688
0.0125029446758011 -0.0273229647331095 -0.139613973475999 0.112678809290199
0.0153106426624993 -0.0119649730575423 -0.162169926707626 0.096541857959516
0.00371222473017413 -0.0202109030203957 -0.170833382571514 0.0665952305398804
0.042608895669127 -0.0255389850944671 -0.166083241653101 0.0487745938672739
0.0702691792740447 0.0404942051487975 -0.16128349868222 0.0708649529784757
0.0263373951393239 0.0803530383501902 -0.125643169304732 0.198185016998474
-0.0201869024862742 0.0993727444277552 -0.165918299718571 0.0421909211048719
0.0369400537869567 0.0573218277124001 0.0175192636912112 0.0534208057494254
0.0246961975786853 -0.00290672919591697 0.127531987586209 -0.0728253517934991
-0.00319490698947462 0.00454610651230449 0.106791630829859 -0.185026229675484
0.0135152312776567 0.021636601055044 0.00113125436510445 -0.214724137533813
0.0324769717584493 0.00678353411768305 -0.0845961584559991 -0.16441462747606
0.0365926494533826 -0.0155262962128304 -0.115194407063642 -0.0805667122569262
0.0532478456639068 -0.0214702836669065 -0.116869636578941 0.00474756301084724
0.0513180685495372 -0.0274863656079438 -0.104214432955864 0.0786661810667787
0.0692668073769597 -0.0217169335604928 -0.119453270492946 0.123476792543174
0.0737724376714815 0.022776919185224 -0.148778756307711 0.125385403852441
0.0455425157361331 0.0426584006783759 -0.179045876081511 0.0922134855374366
0.0396615621559527 0.0522257475047817 -0.173497179350523 0.0453766442235166
0.029659204191685 0.111357496079654 -0.140642056423088 0.0428396799323872
-0.0246164168948626 0.147236664664188 -0.094444049183062 0.156601915344719
-0.0765509919297115 0.125238272152915 -0.131968560071057 0.00576687831427334
-0.0246684570962689 0.11190884460579 0.0557330721024544 0.0350231753020684
0.000491882704347645 0.0655381853612346 0.154197588857204 -0.0912607002067979
0.0172548307351879 0.0625920377507562 0.116405444045078 -0.190675140378469
0.0480945467154921 0.0586349538430818 0.0123801051804335 -0.205795222844207
0.0715737216159262 0.0254613255942202 -0.0610391166478068 -0.16027649657523
0.0751617281543124 -0.011331887647387 -0.0886084638793001 -0.0883206681980351
0.0899807218400677 -0.0196398810388036 -0.0926986911223992 -0.0062326079704343
0.0868049491429347 -0.0274698121116993 -0.0731114902285613 0.0695350315694481
0.112988426404197 -0.0188875196766528 -0.08100250790119 0.129508814096176
0.122044689483496 0.0420771980090199 -0.114173219294781 0.155725220893701
0.0910178680262192 0.0837229964701266 -0.173640020034041 0.130195392494749
0.0493306338658314 0.117139330775039 -0.182476793785516 0.0552630839636142
-0.00197957890963044 0.169330658845133 -0.129787352813315 0.0101478872049669
-0.0654565198920059 0.193138444668945 -0.0528611664269809 0.0980245535499589
-0.118907066661336 0.135801420132594 -0.0774838927237231 -0.0387696696663227
-0.0788461410718853 0.153498121281505 0.102273609077038 0.0112430305373423
-0.0224117838459573 0.131834676556623 0.183816208428734 -0.103651728972592
0.0402968163765172 0.117593416546769 0.129518319817102 -0.188498515490687
0.0839108867563114 0.0884537764086715 0.0310806388967285 -0.189135740142991
0.105500973612695 0.038716195925677 -0.0275591199691668 -0.149926818188876
0.103769230575042 -0.00826369156747246 -0.0497014804979898 -0.0922982820820187
0.113323879111782 -0.0154598690305652 -0.0569108850581498 -0.0156380265794333
0.107795592616127 -0.0232889619811174 -0.032335606931956 0.0584007816862591
0.136622244379391 -0.0129282581382446 -0.0341742909891947 0.127951093256813
0.150137188049762 0.0522456416574646 -0.0685320360326439 0.176481493956697
0.122477380277339 0.106279760058542 -0.158091443419141 0.163089245354356
0.0556322356768657 0.161078494728916 -0.186265211989117 0.0661334200509184
-0.0304872318917528 0.203873810922378 -0.123226757846106 -0.0250300596897011
-0.0988923670251259 0.208019368134355 -0.00673137237651113 0.0312027169717996
-0.140130139868052 0.126910290343687 -0.0133552058015651 -0.0918250245023367
-0.117733135047107 0.169300300319526 0.141560652541409 -0.0234829832177813
-0.0448628536589397 0.173729497758216 0.200444003286251 -0.109013257114952
0.054712986328143 0.155786692085186 0.14031693588629 -0.168885699408249
0.105311085941124 0.105789174064596 0.0631128346645111 -0.16021932821027
0.122274023122401 0.046465668164406 0.0196536252993717 -0.136700696253435
0.117134965880634 -0.00388773267435947 -0.00222515231112295 -0.095575148693078
0.12029643364003 -0.00759381407979621 -0.0143016797702038 -0.0226986596385821
0.111567864160349 -0.0123245723012876 0.0109075672595379 0.048755309121206
0.138606063915289 0.00271704721641924 0.0103771893388759 0.123583214350392
0.149326375311957 0.0656509548153496 -0.027448809569127 0.186087539071737
0.12343565934871 0.122564035315569 -0.13970528846074 0.178881796106486
0.0382441240546059 0.182723924098267 -0.183334151581538 0.0661318771836324
-0.0663507415812707 0.205723137957186 -0.111080846130109 -0.0583981711459881
-0.12486621994691 0.18607265530375 0.0428330735946299 -0.027883981842269
-0.136106181830631 0.0972984869348736 0.0464468012925442 -0.145758425281249
-0.134418096617984 0.153336101217905 0.163084817018767 -0.0658138609443878
-0.0598355463019572 0.179877555158442 0.197289170630832 -0.108384044163865
0.0543659415559762 0.162996043088023 0.141186919678343 -0.136929114156358
0.104971484737986 0.10370451739281 0.0979845873756939 -0.124735198729358
0.116919349415445 0.0463554811256107 0.0694006570836998 -0.121887060634568
0.110794972847128 0.000743414879868512 0.0451900675498193 -0.0961217043253141
0.108649491926604 0.00103809266615805 0.0281212175721911 -0.0254710657083609
0.100014851601926 0.00195171661707364 0.0518656337765006 0.0446786125564629
0.121465129709005 0.0218124648063278 0.0473199320831641 0.121372182617377
0.12393931927516 0.0779370893610562 0.00162633085837582 0.189682799468532
0.0962858182818594 0.129980084415275 -0.124796658545391 0.183113285468821
0.000700351768428248 0.180020441315138 -0.170149963979852 0.0588773102947711
-0.103852634665354 0.174970723408159 -0.0860400273929438 -0.0813447167359349
-0.137101386295438 0.132663302303061 0.0929029462740927 -0.0671279648624457
-0.110009047131039 0.0485165813665136 0.0894826660282389 -0.190664553942248
-0.126294861206913 0.108502662648311 0.163046562755008 -0.100408688778839
-0.0627560039899081 0.15064692576801 0.181228016613678 -0.097827723029647
0.0434462407133565 0.134200284642033 0.140591685400338 -0.0993035176639516
0.0804821868589489 0.0805677464722819 0.130087379684111 -0.0941689561589246
0.086689676534338 0.0400769414755729 0.112610322265576 -0.111173182301623
0.0848009134330468 0.00637407624929728 0.0839600455909879 -0.0942342092289242
0.0812204459241726 0.0105537229780509 0.0644848162974059 -0.0249474091011341
0.0747996131236087 0.0144640396217939 0.0842949736591135 0.0476803729625141
0.0884778885928076 0.0357699233872259 0.0714562418800245 0.127032681362466
0.0835992525304045 0.0778357852907683 0.0161853045707576 0.195429396571086
0.0564408282792481 0.121654621173319 -0.111375785436161 0.179974998661853
-0.0409778240184112 0.153093343289179 -0.148637717668413 0.0530150397473408
-0.128077976791234 0.118161945469129 -0.0510126176214791 -0.084303140734173
-0.128651791464868 0.0605620711679824 0.138094459351494 -0.0784719842323068
-0.0698406527210795 -0.0130784666552168 0.109295444173472 -0.215717923523308
-0.0991013907219788 0.0465912195133348 0.146424414539414 -0.113906705834784
-0.0541606631940473 0.0930017476776005 0.167522454876875 -0.0767406061656398
0.0227051218680226 0.0777939570323721 0.145493842465436 -0.0719434569719217
0.0366532937088928 0.0426389786003739 0.153569558653339 -0.081032623910708
0.0386878363927377 0.029536829804356 0.137072759999054 -0.10854745702242
0.043771604481101 0.0138499377315319 0.107872026269806 -0.0907437094246115
0.0427439771452505 0.0182823078553561 0.0891440513926535 -0.0205897573570063
0.0402329875765447 0.020477149832138 0.105017784024364 0.0565617215195391
0.0487208091985368 0.0350872897650546 0.0835286054127265 0.137751814902174
0.0420898992946572 0.0583257290607026 0.0196301398287211 0.200945248423669
0.0246716693911924 0.0931893534525126 -0.101283658593594 0.177349404688538
-0.0640079593615619 0.108672766830771 -0.126016218556092 0.0570782678471634
-0.123396027568564 0.0506562657815887 -0.0210406521666794 -0.064360548569255
-0.0950299734380858 -0.0141189520163901 0.168421931983828 -0.0637935711108225
0.039630689700589 0.0575299836244127 -0.174847958302665 0.0752051854876267
0.0900213722438481 -0.00647641067785938 0.00463515390826399 0.0799621718172202
0.0389852657454439 -0.0642093995189958 0.123685442923451 -0.0542189049386571
-0.0209822484516282 -0.0435415479574926 0.105514781359813 -0.18420617393767
-0.017466364503051 -0.0144837321292632 -0.0104069823925074 -0.223007709454531
-0.0066798232853845 -0.0119988609373383 -0.10252005331641 -0.162054057036653
-0.00558756284473219 -0.01676741304426 -0.130353741797397 -0.0686066117854037
0.00878017750904057 -0.021047428547584 -0.127292927386967 0.0162982107015402
0.00596009517546693 -0.0243403895548782 -0.118103916047017 0.0879778007668273
0.0117622725704614 -0.027395758534311 -0.137959581500643 0.118906220755733
0.0152078567133029 -0.0113548652624555 -0.162543584768381 0.102964353952207
0.00326477290980847 -0.019265346848727 -0.171428783983286 0.0718126452884481
0.0412083286732591 -0.0266496156930501 -0.169239173165883 0.0519331806255788
0.0731894900922363 0.0382681661319068 -0.164414080962279 0.0734263206937335
0.0296842575078323 0.0791136291076866 -0.122976651533108 0.202519249353218
-0.0179431846602963 0.0991588001425577 -0.168114198781476 0.046134815503026
0.0392697517669818 0.0551602933962068 0.0203101424374429 0.0551048421226191
0.0237842138182699 -0.00437145689933974 0.127733704325708 -0.0767481634033905
-0.00389015065221573 0.00540422006284523 0.103410761956823 -0.190644735630673
0.0145461310100912 0.022386774997361 -0.00440455024899519 -0.219376852667768
0.0338591440959203 0.00699500097936743 -0.0891143218621156 -0.165792046733953
0.0376457779192311 -0.0152750616670097 -0.119050562334347 -0.0790715500206252
0.0539923669728799 -0.0236298969949748 -0.118286021794023 0.00660838748936356
0.0522393190682987 -0.0283049032425752 -0.102583214285971 0.0825005164671295
0.0693937777662563 -0.0227862168720151 -0.11648885090616 0.128687583081831
0.0756651002360133 0.0222428688451329 -0.146935762898867 0.131773120270983
0.047034602860692 0.0439643590578341 -0.179238733363404 0.0990827898247075
0.0398238338370066 0.05315945961991 -0.177332953582662 0.0499965394167582
0.0321091244444123 0.11205358819372 -0.144755406117572 0.0447537166728473
-0.0202560603706748 0.147830594168511 -0.0930654893743229 0.160555612499059
-0.0757528808220895 0.127199894860023 -0.134215671040868 0.00833283082187691
-0.0218758939063068 0.112088953262874 0.058516604314938 0.0360989656742874
0.000551739230559671 0.065635024285108 0.153850776244641 -0.0955861804980809
0.0174258038417938 0.0628877951278812 0.113820905870115 -0.196157238327959
0.0503050864315782 0.0589642367428264 0.00770009689906149 -0.20969837134292
0.0741624159522148 0.0256853531429369 -0.0656175494201951 -0.162307112425963
0.0763442950907566 -0.0119731452817002 -0.0924083981577062 -0.0877520645598767
0.0914712262004188 -0.0222285403574579 -0.0938452171509411 -0.00444723953294687
0.0886745435936127 -0.0296257736417429 -0.0710411808985811 0.0724921679974705
0.113752522869201 -0.0210109637686044 -0.0767361520656576 0.13415694945036
0.125766672950846 0.0402849000230689 -0.110546556280404 0.162390722981695
0.0939043711699962 0.0845356943145361 -0.172205790042489 0.138176136560375
0.0507334055997947 0.118535724736738 -0.18631254224141 0.0603898311801563
0.00125955415754213 0.17199448851263 -0.133939077328078 0.0123256110942408
-0.0616070542738007 0.194969920860053 -0.0525290653220079 0.0995597944696653
-0.119039212954158 0.138463540634327 -0.0795694683675595 -0.0372394116244006
-0.0771393328928546 0.156546084028478 0.10552417660349 0.0113275397019808
-0.0218796845321082 0.133349963930853 0.182901677597014 -0.108542660158664
0.0424051693906339 0.118505667624192 0.126591594804167 -0.194065056257994
0.0864914901529941 0.0879612756627692 0.0284749808844314 -0.192352612317083
0.107342291693905 0.0380321409345778 -0.0310692652379022 -0.152363637422621
0.104882565064067 -0.00929001135209766 -0.0537154847899849 -0.0932152801190898
0.115021309757451 -0.018734368666793 -0.0577113717833318 -0.0137829032825411
0.109373919087305 -0.0253184937340451 -0.0299196066195132 0.0606681941002143
0.137917755494298 -0.0154299592667558 -0.0282350386618339 0.132086305635158
0.154396196556742 0.0497783289156484 -0.0628192938616209 0.182271141438655
0.126508356193007 0.105757684604184 -0.15396186189676 0.171929793315277
0.0586595850094832 0.162849502027533 -0.189146266422046 0.0719021438330519
-0.0271278394476876 0.20751424174677 -0.127759036934336 -0.0225312900685454
-0.0953593171860067 0.210258396930735 -0.00784238480267891 0.0319487667653008
-0.140695939403231 0.129924222922104 -0.0155266742379924 -0.0915207979915382
-0.116386665418094 0.173996191360098 0.144452234325263 -0.0244995316258858
-0.0431311421269016 0.177421846794497 0.19962921291609 -0.11411352784374
0.0574952494574486 0.156985359467963 0.137876348553581 -0.1740786673035
0.109564760800589 0.10520212570637 0.0613242858467906 -0.163959334400137
0.125041266606861 0.045507368767238 0.0169353469300353 -0.139603212426416
0.118195186928335 -0.00512042609179372 -0.00594685413994395 -0.0969570833445001
0.121798071318009 -0.0104380929548399 -0.0140638736910955 -0.0218380224172929
0.113635771503405 -0.0138516078077713 0.0138715349685689 0.0496866552079551
0.139983759992727 1.16100070552908E-05 0.0165058770972389 0.126093286887751
0.153149854416798 0.0632017465328108 -0.0209980134699872 0.190917025338196
0.127713010469068 0.121017297382799 -0.135229785726117 0.189412927818263
0.0425336370764053 0.184982235546204 -0.185036129244834 0.0726224982197171
-0.0631969453482085 0.21019965018478 -0.116020462976593 -0.0566577979729516
-0.122465954140088 0.189445762193642 0.0410733457552143 -0.0290205781059988
-0.137403895523987 0.100042414778412 0.043755500769 -0.147420948901121
-0.133453959458684 0.158550647468114 0.165276279844703 -0.0675368703279877
-0.0581852671562674 0.185158708197853 0.196703046080987 -0.114034284008188
0.0585124422613398 0.163663845552414 0.140146404677799 -0.141028631511154
0.108699495061108 0.102789302427224 0.0975577611359854 -0.128426669786671
0.119579690388347 0.0455329950175304 0.0679949882334197 -0.126245746297662
0.111539305566162 -0.000303103430452909 0.0419540013624501 -0.0979699340428727
0.110827692089174 -0.00095844822107689 0.0293414635172349 -0.0252773270644071
0.101652317251598 0.000797510468402653 0.0549450611248403 0.045038986565357
0.122966256160753 0.019927463733161 0.0533096735985426 0.12354337276984
0.127956324654777 0.0755090008392815 0.00854895523155625 0.194529731238934
0.100439340260787 0.129170087396501 -0.120214529924221 0.192392285647184
0.00438421207103387 0.182491463044365 -0.171419019983444 0.0652507183964116
-0.101305448092094 0.180111746312667 -0.0905822575448944 -0.0798895689435122
-0.13622241550592 0.135283923096788 0.0911554352110378 -0.0697931346953908
-0.111753451179902 0.0510141085592449 0.0861527974213312 -0.19307066712388
-0.126284900632641 0.113826365702315 0.165153912349862 -0.10304720913561
-0.0607256248556622 0.155180437686741 0.181384370424334 -0.102727280970245
0.0474028734390091 0.135115152400234 0.139293242149115 -0.103266544489748
0.0835200908033611 0.0797716483275003 0.130867667341708 -0.0983897248228238
0.0888913468275098 0.0394969998444793 0.11138736767925 -0.116673262353346
0.0853100141532638 0.00582639793849925 0.0818651030233532 -0.0974139510577199
0.0831236892058753 0.0089166580524865 0.0659336968003553 -0.0249203812795146
0.0761332964325503 0.0137729318952934 0.0882309014843935 0.0481982712922785
0.0907121188332416 0.0344130413634301 0.078086117806464 0.128990491920405
0.0858685033463102 0.0762429013066435 0.0235325941447714 0.199557416448908
0.0599977805274687 0.120447388070703 -0.107132228448786 0.188955622204441
-0.0376737168748012 0.155997213159384 -0.149449340070714 0.0585327468717789
-0.127105590673805 0.123531199058693 -0.055397287778833 -0.0835588465394726
-0.129918043441035 0.0629029716803041 0.136822796990212 -0.0823729590013439
-0.0721143072457437 -0.0122412925553737 0.106527452802678 -0.218495084191376
-0.0996323902250389 0.0502786748704685 0.148141992099076 -0.11629619897863
-0.0524350290031735 0.0967060488704608 0.169682591318948 -0.0817666031654337
0.0252412159288001 0.0783945391145458 0.145207618554494 -0.0754344656568413
0.038001257460252 0.0423612533064703 0.154884844945872 -0.0860753932667097
0.0399026738296928 0.029543526777661 0.135672991796937 -0.11496561876027
0.0443090349096804 0.0140439428129969 0.106095780361933 -0.0942804127936999
0.0440212053859593 0.0177174073714688 0.0907396542478334 -0.0203069178023182
0.0405602883406896 0.0207972093280188 0.109164470288633 0.0560740766219789
0.0497306794926105 0.0343284385221118 0.0893075498034177 0.139072593419982
0.0435739620577927 0.0570230121396396 0.0265141005350625 0.204764570772702
0.0268519006527775 0.0927390080823142 -0.0967946953417799 0.184763622094545
-0.0612545786914641 0.11133440939956 -0.125820466049086 0.0617990670618309
-0.12360440747054 0.0544617684681327 -0.0244016667153392 -0.0640782219652093
-0.0971415944205679 -0.0134034591052198 0.168245295597709 -0.0683118495774946
0.0411355268198391 0.0575382844895565 -0.176993234519316 0.07834363771919
0.0911370631532817 -0.0102523847412881 0.00798832250243298 0.0817794739447433
0.0370971801298096 -0.0655106208150581 0.12609103896926 -0.0567734155488346
-0.0216592472457354 -0.0425400857458194 0.103650297609233 -0.189369406560089
-0.0170804015341232 -0.0136658804106948 -0.0153921992208857 -0.228060811852128
-0.00568337095604443 -0.0118027567724827 -0.107131327298483 -0.164020995862311
-0.00431311228510317 -0.0162450107696053 -0.132794061872025 -0.0677066545185883
0.00890763466547078 -0.0219088588118205 -0.128750626622125 0.0175838841955207
0.00715716718406049 -0.0243902365931857 -0.117309277406812 0.0905766354945088
0.0111370089733024 -0.0269348953251041 -0.136366559114885 0.122828586610489
0.0152923213769457 -0.0113153871132838 -0.163692323914332 0.10736961473234
0.00281872227821175 -0.0183715058175568 -0.173274075680969 0.0755497340756471
0.0398930852690941 -0.0273354783441839 -0.173380787066989 0.0544689030901832
0.0751181315343773 0.036021703542273 -0.169092327941716 0.0747818190730375
0.0316046433514654 0.0779443853913209 -0.122158301177342 0.204880651252757
-0.0171537869209819 0.100284059997152 -0.170632337723915 0.0483508926460001
0.0404983178825784 0.0529452623898561 0.0224378889515362 0.057251402119098
0.0223662992482796 -0.00554117674928558 0.129056083852907 -0.0796120913299807
-0.00484864676482832 0.0060554295053167 0.101891156706399 -0.194144875832774
0.0151920249913202 0.0232442809227021 -0.00792323760335691 -0.223589856081064
0.035734236805771 0.00711134092070591 -0.0928195768410878 -0.168256916029721
0.038677917178541 -0.0152523090023862 -0.121249020365188 -0.0786739396077111
0.0550844182892566 -0.0245449330323937 -0.119616297618501 0.00798068452259545
0.0537444707601916 -0.0288399793882822 -0.100854347462587 0.0844252204534814
0.0702553020779329 -0.0232162279100856 -0.114660928281778 0.132430433873164
0.0778503009447468 0.0219883258238314 -0.146984452201535 0.136613309853601
0.0486476555916711 0.0452285672504014 -0.179835885568254 0.104050152595308
0.0393606172669641 0.0535601280388788 -0.181347834800897 0.0525785509939111
0.0346177152884094 0.112113571527846 -0.149461809667515 0.0463393735814854
-0.0182230782566491 0.147810917059265 -0.0927018189003938 0.162456434390868
-0.0754451176482226 0.128177788422152 -0.136379587672751 0.00996688323024971
-0.0206174542229509 0.111802141993261 0.0613946812895683 0.0370884248263131
-0.00042999157119512 0.065340886271585 0.154141805242734 -0.0985158507112965
0.0173294933103775 0.0640101677451119 0.111627708885106 -0.200264842020375
0.0518001915133162 0.0593789281096733 0.00570579221157264 -0.213681588594952
0.0758227290939948 0.0258799377587948 -0.0685703698748643 -0.164722400773176
0.0771335519939096 -0.0117384887730746 -0.0949578301065051 -0.0876162701286271
0.0932605256869401 -0.0239502267918398 -0.0944488574542425 -0.00300635694785694
0.090639362056712 -0.0303843230756219 -0.0696075722885004 0.0747984473541783
0.114813324709248 -0.0218866029114551 -0.073359102228694 0.137571401865743
0.129197027065258 0.0392237852983206 -0.107862797258776 0.167373289550112
0.0970909067056354 0.0851992983125651 -0.171358669682492 0.14499229225221
0.0524320866546185 0.120624559198539 -0.189753207477689 0.064660877079874
0.00346010101239508 0.174052170781036 -0.137873252059732 0.0132922875540603
-0.0599595023381048 0.195680566476999 -0.0530273670535848 0.101545921784067
-0.119380527443457 0.139980267781621 -0.081294782948619 -0.0365077309711885
-0.075445121168226 0.158403458039142 0.108891814565545 0.0119345973965916
-0.0227705364893468 0.134753437137629 0.183068003484378 -0.111920234577475
0.0430829515196027 0.11961416600035 0.124979890629443 -0.197730276121411
0.0887570354317076 0.0885269972557887 0.0269022510698788 -0.196357529507339
0.110159667565782 0.0387736474427479 -0.0326424994277806 -0.155140989224591
0.106615402136906 -0.00890142488697539 -0.0561916196908242 -0.0934242490511693
0.11698895153942 -0.0205259095298629 -0.0574758529851755 -0.0128778783764204
0.110993146966894 -0.0255938023997561 -0.027317380131694 0.0622730071621359
0.139317459122549 -0.0165451999260466 -0.0236500769244242 0.135252502984514
0.157918746884014 0.0485129035670624 -0.0584375318785246 0.186722590428292
0.12979566229438 0.106109245265331 -0.151530268566574 0.17915331010583
0.0602018664422623 0.165260441310546 -0.191902242674639 0.076458927615604
-0.0248834490149414 0.210872318193949 -0.132215327887005 -0.0215094970389268
-0.093613775993326 0.211947073680256 -0.00858440365168734 0.0325110725232816
-0.142223147284173 0.131664729595066 -0.0174143121786727 -0.091427986679893
-0.11579052009244 0.177047608291508 0.148079864286229 -0.024606692410675
-0.0429482687594914 0.180891759792268 0.199937861339774 -0.117917008718736
0.0596347720694107 0.15839024218885 0.136635262614826 -0.177962197377572
0.111304931894632 0.105240408132823 0.0606115220829223 -0.167129112909091
0.12779179817735 0.0456325788922357 0.0155778396232163 -0.143117779200817
0.119644961423469 -0.00525203100974768 -0.00847169285325559 -0.0981426106086124
0.123773980574424 -0.0123443588332161 -0.0137193147335574 -0.0209765665699272
0.115059229710732 -0.0146508186135966 0.0166979955137816 0.050765017016661
0.141606967958444 -0.00107218297218761 0.0221133334947267 0.128329996288433
0.157320757361728 0.0617252183823732 -0.0151497809146186 0.194277523940341
0.13106229802013 0.120928752222424 -0.131538765892925 0.196891022317084
0.0448299074533022 0.187595522137457 -0.187160690722381 0.0767020761032763
-0.0618421022603184 0.214936383286776 -0.12000186428393 -0.0556320399531464
-0.122134394718505 0.190726013741554 0.0402330484430856 -0.0296876891459282
-0.139395598942989 0.101289660417165 0.0422091290546802 -0.147782558523719
-0.133713253350732 0.162648347724326 0.169127885865721 -0.0684854910543266
-0.0580307306494055 0.188474596086355 0.1971603008194 -0.117264246020347
0.0609918107905128 0.165280746916131 0.139091584715098 -0.14397804659771
0.111119441780924 0.10267391878204 0.098099630496804 -0.13160189096693
0.121977219597915 0.045706464840761 0.0672463489884474 -0.129882809544644
0.112846467761618 -0.000399427935476942 0.039560985656792 -0.0999635819621502
0.111838432069668 -0.00257608899317768 0.0304393453028642 -0.0253915206455557
0.102948056872687 0.000283273341021102 0.0584323864131613 0.0456174031344271
0.124227685820825 0.0188487545722515 0.0587322362695913 0.125200852478672
0.13032005663352 0.0742519828176315 0.0141765199536486 0.198410191433247
0.102763654703978 0.128202195308479 -0.115510904583094 0.200464917359268
0.00623657470814089 0.185196022908155 -0.173351500431086 0.0697788523532338
-0.100600002860045 0.184217970881086 -0.0946572195285688 -0.0794261684874057
-0.137217347266035 0.136881307324099 0.0902468830147071 -0.0708908484624243
-0.113502324496833 0.0517610798906821 0.085096409300877 -0.194072634202791
-0.126671140705085 0.118017419769798 0.168704386700438 -0.103823681668493
-0.0598340455871634 0.159518613198634 0.182281638086345 -0.105539193009629
0.0496327389217596 0.136121758829969 0.139132419542359 -0.105636165829661
0.085477793522466 0.0794537521017738 0.132047869516996 -0.101562112558317
0.0911288713172685 0.039553371095495 0.11070339515633 -0.121085168707807
0.0865568794764817 0.00581149636451578 0.0797872502663266 -0.0990792355625338
0.0843002261167795 0.00741803043015484 0.0673549101297594 -0.0249862438544733
0.0773397466476743 0.0137697633040937 0.0917406130879078 0.0485156720535413
0.0913498307317286 0.0339773098084471 0.0829365143311886 0.130225011485859
0.0874712811495151 0.075137134450524 0.029094311965725 0.202779904064573
0.0620476653249884 0.119990664228283 -0.102941794065107 0.195799053961253
-0.0359102291384509 0.158713155601144 -0.150667486839457 0.0618623560916421
-0.126757979320616 0.127277902613803 -0.0587826897037865 -0.0826304354917216
-0.131456533359432 0.063568675387189 0.136359305376932 -0.0843692492190067
-0.0736950046568345 -0.0114332123390593 0.105698119355716 -0.219798980247156
-0.100878705053282 0.0529824067666386 0.150935248949285 -0.117079592148441
-0.0512624876332396 0.0995203448133001 0.171123979021713 -0.0847700795974547
0.0272643572091202 0.0779862712327645 0.146017633525715 -0.0778104085493849
0.039151072429108 0.0423091785638472 0.155652957837653 -0.0894101444729636
0.0405494273270762 0.0304782652855522 0.135400699725117 -0.120417557148896
0.044644514246741 0.0138621312375228 0.104766315595658 -0.0964505698687644
0.0449958050703346 0.0163583825827087 0.0921773694846306 -0.0204919916180702
0.0413358371646224 0.0205842653272052 0.112574534975519 0.0573039581301558
0.050151883474818 0.0336827997642324 0.0938904755744604 0.141276796141972
0.0443036662606618 0.0564280617646682 0.0312195614472358 0.207747940910101
0.0285716689718411 0.0915726129039305 -0.0938186495046921 0.191183198792164
-0.0598442502999516 0.114009923461607 -0.126619120272391 0.0648983219485831
-0.123972553246541 0.0573299929075738 -0.0268143596964617 -0.063891590065099
-0.0996755927820544 -0.0129270945381174 0.168739640420931 -0.0712204475074596
0.0424947520450607 0.0579799210444701 -0.181495329796655 0.0803432637396757
0.0930081555189063 -0.0135542326951616 0.00977447715749112 0.084136859235286
0.0364990662322153 -0.0675541037368056 0.129271190760099 -0.0595414328670557
-0.0232411563805226 -0.0424010950148057 0.104869449568774 -0.194271629768797
-0.0169033701371961 -0.0132706463586345 -0.017317926525253 -0.234729172534724
-0.0048002965150455 -0.0116844928036973 -0.110185643674775 -0.168659567791375
-0.00302091103066055 -0.0161208085163903 -0.135640824549045 -0.0684360519980338
0.0103953711022231 -0.0227833753449561 -0.132138156661734 0.017861125606461
0.00801002525885033 -0.0249203522737839 -0.11745334621936 0.0923074949046768
0.011714032999732 -0.0263943177362009 -0.137656451579674 0.12607188546205
0.0156094530716519 -0.0106372726856767 -0.166601103337411 0.111117951908704
0.00217892623681179 -0.0173787903483343 -0.176668838451816 0.0775972869980348
0.0389860605595645 -0.0274896025070975 -0.178728691109594 0.0551802398903474
0.0775011344515739 0.0350229211885216 -0.175687992571432 0.0754336602436331
0.032893638449977 0.0778400367020303 -0.124227748380678 0.208297918911611
-0.0171573164389004 0.101711579769682 -0.175099890780836 0.050456650576383
0.0413507458736897 0.0513861893720972 0.0252270998533951 0.0592167131196037
0.0212576512313855 -0.00635344839673413 0.131976955740056 -0.0810743320145506
-0.00577688533228736 0.00692834852281638 0.103360503728589 -0.199006376306767
0.015916999932391 0.0242185795370721 -0.00959850384058704 -0.229709982478985
0.0374657246518884 0.00799217521488552 -0.0962585075091565 -0.17246824210115
0.0403123105186234 -0.0145724685623269 -0.123929530190353 -0.0803476613220886
0.0575085630991622 -0.0257201762179051 -0.121891491834839 0.00846036855931138
0.0563120793973626 -0.029630250858724 -0.100991138481681 0.086263584938017
0.0716666471219957 -0.0228180364520842 -0.114133993170663 0.136378078191857
0.079941107440914 0.0226965057936791 -0.148572032970449 0.141604488619713
0.0495630867537142 0.0474789784225179 -0.182614465467321 0.10814725036167
0.0389058736672375 0.0562129761248285 -0.186820499432446 0.054367062205154
0.0355849152354867 0.113503017804239 -0.15613806921337 0.0463881282944837
-0.0177240644447804 0.148172650864128 -0.0950464425098152 0.164727130339886
-0.0774092639745586 0.129499671908426 -0.140007293034581 0.0110197719865181
-0.0206398562438278 0.112528855581428 0.0644203715855568 0.0391412366253372
-0.0022726110519694 0.0663323426150905 0.15688659189662 -0.100443956894462
0.0165347948260518 0.0650252733249392 0.112980763221844 -0.204521760152905
0.0527849470276135 0.0611611690388208 0.00515569902081748 -0.219444885658907
0.078529551301994 0.0265464595702018 -0.0710708991490196 -0.169016758168959
0.0798348611679312 -0.0108521859980848 -0.0970930783919088 -0.0894410581350052
0.0955431539930191 -0.0252344237644078 -0.0962412568343191 -0.00243905608152885
0.0930625867325659 -0.031084606438083 -0.0687807469788945 0.0761779391443942
0.117476071928219 -0.0216977418728937 -0.0713108772606149 0.141107905803959
0.132808665486294 0.0402665064343321 -0.107456085865321 0.172362975696996
0.0996663204703036 0.0877311059821286 -0.172875385649775 0.150542544408921
0.0525261042626127 0.124166150444888 -0.194926369676152 0.0670667363548415
0.00362333744770243 0.1776710936837 -0.14424344795098 0.0133907450951758
-0.060984596028377 0.197042889108933 -0.0548000806607031 0.103181683782437
-0.123041458514167 0.141718306983123 -0.0841435360383457 -0.0360867750232608
-0.0773876963924914 0.160467536104069 0.112910581525337 0.0132624941789115
-0.024586594413204 0.137483568416184 0.186025277808911 -0.113909269931408
0.0430323278740059 0.121852638274093 0.126903948031727 -0.202123739414322
0.0905834644636675 0.0904905567353565 0.0271505472287708 -0.20145482584559
0.113120241286087 0.0393671929402936 -0.0345245462276817 -0.159866497582154
0.108935019284601 -0.00813243633295618 -0.0583038157765571 -0.0955846700384151
0.119905470975132 -0.0213111872384085 -0.0576726977227141 -0.0131560107783196
0.11431992285471 -0.0263551737018542 -0.0258396283894577 0.0639855315647379
0.142079364386872 -0.016508896611066 -0.0207694442414575 0.1380009771627
0.161939508442801 0.0490081529594462 -0.0561804088886888 0.192154750819003
0.133038828852924 0.108940195135763 -0.151575917176714 0.186209589959872
0.0615358236678502 0.169878651086087 -0.196920690962115 0.0797878506134885
-0.0250633996360527 0.215781919221109 -0.137786702573993 -0.0210773891186057
-0.0958336110556088 0.213637657874557 -0.00968814077310311 0.032868558636449
-0.146808151351085 0.133223196253519 -0.0181816229199539 -0.0919144138079951
-0.118543341730567 0.181219407086021 0.153747294087334 -0.0235556385165995
-0.0448455407114696 0.185057495755802 0.203367073760144 -0.119649306167099
0.0601902134725317 0.161627349620433 0.138822805431246 -0.180675663330094
0.114533160906651 0.107325366210346 0.0620638858161039 -0.171192484904371
0.131285233755475 0.0470851058001599 0.0148328086158757 -0.147562406400507
0.122155329873535 -0.00427827790827504 -0.0104369518326561 -0.100304784279734
0.127066060040858 -0.0133011040569236 -0.012639385897204 -0.0208740762607601
0.118180243291842 -0.014327439861013 0.0196482370662595 0.0518713781470225
0.14440155663585 -0.000423804785512924 0.0265624088396587 0.131148555445604
0.160679938168605 0.0620655714817981 -0.0121186059669431 0.199847691270794
0.133317858932644 0.123504452074631 -0.13052421995419 0.204161281727499
0.0458865859189523 0.192051507873729 -0.191946760878677 0.0801427715594275
-0.0621938709852667 0.219907442106387 -0.124716533708361 -0.055939515506602
-0.124592802091512 0.191871942262782 0.0391640105840127 -0.0295332180062853
-0.143439123158253 0.1025639720785 0.0429118852837414 -0.148960803254326
-0.136494817831421 0.167193774246104 0.175241140699985 -0.0674424854335624
-0.0585319260962958 0.19389200374256 0.200163337235655 -0.118697741969163
0.0627690430414339 0.169067429240573 0.141058212148482 -0.146125836997005
0.113997105269626 0.104414855151291 0.100275563462657 -0.134923096148544
0.125805404935933 0.047058580509001 0.0671968717297307 -0.134830091863701
0.114949190878351 0.000259266594050266 0.0386841253320278 -0.101833418479935
0.114661185989449 -0.00309536041747431 0.0326304207125538 -0.0247751597944932
0.105674685881563 0.00147810242353426 0.0616397771562824 0.0464799956302697
0.126438345776508 0.0199646297690556 0.0635093798719385 0.127936746393227
0.132393129406872 0.0748326596608566 0.0181998504609609 0.203289307336
0.104635508770249 0.129640109723025 -0.113723904665205 0.207966987617361
0.00711073402182857 0.189258772589233 -0.176974292138979 0.0727246229019859
-0.101386749329111 0.188463394125447 -0.0986929021721089 -0.0798954115962349
-0.140414574122681 0.137708809710855 0.0909783202869781 -0.0723437037248591
-0.116762633992051 0.0520871369446313 0.0867898453425801 -0.196247913590869
-0.129379695980745 0.121979653766286 0.174637290151232 -0.103511888037254
-0.0601365814547568 0.164691660487108 0.185841679625982 -0.107773381770058
0.0512946929043462 0.138805978530346 0.141258945644668 -0.10688759212059
0.0878267831626743 0.0809121884353221 0.134931016770765 -0.10426082084149
0.0935221750362226 0.0406873434908914 0.111453226795189 -0.125632984876847
0.0878111677675246 0.00675338488030444 0.0793241804261287 -0.10122830425044
0.0861332937664274 0.00725626139694305 0.0702019644173751 -0.0244695408856668
0.0787772219605701 0.0140865087474041 0.0960726503926074 0.0503136525604927
0.092797372231137 0.0344666920804259 0.0879506037864388 0.133678042579534
0.0883323689727873 0.0758300318367516 0.0325824324948284 0.208283853851853
0.0627470209787384 0.120779038594233 -0.10159442716267 0.203417936491949
-0.0351610766463051 0.162120936310447 -0.153619332904607 0.065163565370274
-0.128660243648458 0.130308242209003 -0.0614521455552407 -0.0836778611235011
-0.134894784511417 0.0639403802655826 0.137876050946641 -0.0859674018919654
-0.0763582098820907 -0.0118979291497735 0.107640658351549 -0.221474218351106
-0.102093779357873 0.055474450362327 0.157086016228514 -0.117472275066199
-0.0506967726697733 0.103685272908494 0.174858886672092 -0.0867342161381317
0.0286181232371446 0.0790250557156566 0.148889007058852 -0.0792298509847353
0.0394891139083185 0.042481692776118 0.159398770457022 -0.0927298229228123
0.0423098925388163 0.0312376588203461 0.136140321678379 -0.124286710786363
0.0452055797727805 0.0150550816363648 0.104867063122938 -0.0986451503408418
0.0460897413195637 0.0163745054284225 0.0952512904637705 -0.0200003884817683
0.0418111782630056 0.0213141793730452 0.117205024849971 0.0587662199160411
0.0506196871875158 0.0344736415272574 0.098186998423721 0.144546325460955
0.0443269254471162 0.0565652508942874 0.0342013459989134 0.213211271441642
0.0291205795935954 0.0913699567922954 -0.0925351930288376 0.198139273764064
-0.0596937317924247 0.116561536010795 -0.128942393448725 0.0673067259221632
-0.125483760835403 0.0600243024174698 -0.0293230176443932 -0.0644458538786926
-0.10350736240014 -0.0131441794904985 0.171283233898004 -0.0728427923755873
0.0446517405498556 0.0596934923455245 -0.190055253872919 0.0843824779050652
0.0956197755709283 -0.016632576406162 0.0126130651692165 0.0886542633713437
0.036159607625802 -0.0703293107145752 0.135269246909215 -0.0632552395745013
-0.0247968009532101 -0.0427730479253312 0.108324610803961 -0.203694624101856
-0.0170615188751926 -0.0132216486712883 -0.0205996609631992 -0.246004063920712
-0.00370789686856588 -0.0123667137148978 -0.116475372447711 -0.176159366222048
-0.00142673437934064 -0.0162943597115882 -0.140482754214762 -0.0714008238095547
0.0112497703050911 -0.024357338948515 -0.136940740769504 0.0184088582426277
0.00941703901409694 -0.0260162108694897 -0.12079957252603 0.0953622929449564
0.0119563062967267 -0.0264389320070723 -0.141412795761392 0.131821542119693
0.0161266290388384 -0.0104002390263396 -0.172127116600141 0.116545135619485
0.00194648454125151 -0.0165789603093239 -0.183391281829976 0.0814868129628853
0.0393850860985568 -0.0274072131797159 -0.187761361309451 0.0570703103465759
0.0816442169154998 0.0343195474245789 -0.186349132201294 0.0778995652012606
0.0346252551390544 0.0787840499807126 -0.1292814039287 0.214477005955687
-0.0181392852523321 0.104208214445504 -0.182907701283906 0.0530995466781101
0.0432364851995716 0.0510183354723256 0.0279844215463894 0.0626211849811092
0.0200339705469808 -0.00714953135792211 0.137028148366396 -0.0847446152967073
-0.00725975348937201 0.00786877881475407 0.106829544878177 -0.207399679243469
0.0170795858176416 0.0257489910588448 -0.011028464174666 -0.240462865182401
0.0400057635511027 0.00802147475904039 -0.101153591487334 -0.180177522161333
0.0433243030134463 -0.014794003806837 -0.129041253377081 -0.0832888170909917
0.0601841848461014 -0.0271188418930496 -0.126566465779038 0.00867441494244948
0.0589563806317631 -0.0309196001733534 -0.103218811818596 0.0896227579216052
0.0751017717650246 -0.0228181826610195 -0.115962495994708 0.142071678795533
0.0836734251973059 0.0240494007814949 -0.153016604242437 0.149397086276475
0.0516171827891519 0.0507878523209758 -0.188839656520609 0.11417729140136
0.0397790082656873 0.058853471179395 -0.197175222203182 0.0567781465731314
0.0380340479966853 0.116831706362403 -0.165477093350952 0.0477777092409498
-0.0187163768317715 0.151139812054428 -0.098759280795949 0.170509559823961
-0.0811181387880475 0.132832134658154 -0.146569092416701 0.0123160057489375
-0.0216005000850231 0.114773857429968 0.0687114029155795 0.0416095731062921
-0.00449238951579849 0.0683742552603431 0.162803427997768 -0.103739108269638
0.0154933548905202 0.0683768410128889 0.117267298739402 -0.213655385513359
0.0553353380199089 0.0634794506686165 0.0042860794337367 -0.229163311885844
0.0819950164119827 0.0278098612902934 -0.0744341819911113 -0.177150039244513
0.0841422829579117 -0.0100288303501127 -0.101705623067856 -0.0933134967910895
0.100129397528069 -0.0266380807604854 -0.0992762998587301 -0.0027339894657237
0.0976811363356329 -0.0323871686295832 -0.0694182959608365 0.0790227593833456
0.122438470425361 -0.0217868929958344 -0.0712920135908099 0.147224248554884
0.138951118485614 0.0416814377763482 -0.109587343107238 0.181001337139395
0.104374592326911 0.0924594582770685 -0.177490243904855 0.15936746998553
0.0540146241814084 0.130753402092343 -0.204742998999821 0.0700267516143082
0.00369996866678181 0.184392157727651 -0.153561082494033 0.01414742747263
-0.0635098753879621 0.201850461662919 -0.058055802789925 0.107064591839833
-0.129393136391146 0.145876697379109 -0.087837259147002 -0.0359867541304469
-0.0803829289973467 0.165634875700598 0.120018210226235 0.0148897469636843
-0.0271617799202197 0.142355532346702 0.192633391832007 -0.117452736303347
0.0434791526815747 0.127246676970475 0.131372678302381 -0.210616345585902
0.0940741885613775 0.0940864223403155 0.0276599453200154 -0.210371578835821
0.118256539900862 0.0415226694256287 -0.0370768032782353 -0.1668966050746
0.113895721050677 -0.00701137819564431 -0.0618414279834637 -0.0989700185203824
0.12510464102918 -0.022325249820306 -0.0589457300775938 -0.0132827816004015
0.119710625507353 -0.0270518295490971 -0.0248435621801017 0.0661881857097898
0.148197808530798 -0.016436839332142 -0.0177887015307014 0.14366361912843
0.169567554306788 0.0505151974286446 -0.0558362975058047 0.201098684144383
0.138506527407822 0.113393216781744 -0.15344726594197 0.196362353282832
0.0636230321158069 0.177226450518996 -0.205432595585731 0.084047034311481
-0.0259870722582795 0.224581477850838 -0.145628967063107 -0.0217660295354033
-0.0999722629920972 0.219219063607657 -0.0113554995639761 0.0342798240949249
-0.153955237119086 0.136720003378961 -0.0187119241834378 -0.093989675145087
-0.123275460599334 0.187912621319859 0.162533901446032 -0.0233123662649699
-0.0479238753095839 0.192507922761741 0.210854602212529 -0.122892416243247
0.0621914705994221 0.168479447066889 0.143582742744503 -0.188487120000693
0.118818491583057 0.111866817684453 0.0648886284739741 -0.178909107708083
0.137432287163323 0.0491487153750879 0.0145258817757725 -0.154614707855545
0.127037302723971 -0.00265611986325813 -0.0124461609285435 -0.104112907132146
0.131625233403404 -0.0132069012927589 -0.0119460044699805 -0.0214277324249011
0.123643678370485 -0.0145686108850838 0.0230155724331498 0.0539699034058871
0.15046080196797 0.000203801594889925 0.030947449677029 0.136512786050405
0.167044446315923 0.063665613234959 -0.0085059450761866 0.208554368468784
0.139121638827278 0.127793517577742 -0.131393597040661 0.215737309103203
0.047898297037001 0.200092878414023 -0.1995313225326 0.084989284483976
-0.0639064849494626 0.22937215689441 -0.131598400176724 -0.0576175925061158
-0.130543910559707 0.197162913528305 0.0393021830456809 -0.0312665763946889
-0.151016894915405 0.105082897156743 0.0449510496420627 -0.152521119695703
-0.141950959290471 0.174403536583505 0.185184197635379 -0.0686210957637403
-0.0616713189000401 0.203068100987513 0.207495484076115 -0.122185892226821
0.0653985086694067 0.176531229325747 0.146185584046115 -0.151387999486715
0.119053256651803 0.109143412753919 0.104560148837964 -0.140734666954615
0.131275147922377 0.0495157029510267 0.0682148926767084 -0.141053608360039
0.11998287158216 0.00127547161255852 0.0384422196920452 -0.10577533664657
0.119117255612255 -0.00366422670409993 0.0351319150358148 -0.0255886113424743
0.109502168706053 0.00164058897275598 0.067169250838902 0.0490471616526076
0.131634760893773 0.0211932327561178 0.0699063639567569 0.133418992155849
0.137450603618082 0.0772170528019983 0.0224041329562219 0.212536556735787
0.108711716845956 0.133960989526123 -0.113720263353431 0.219353424551368
0.00795747576831735 0.19719004113255 -0.183435628853818 0.0766863864876365
-0.105423964245506 0.196509679741646 -0.104156513958137 -0.0823600336213561
-0.147291523733679 0.141487617580418 0.0926488121660127 -0.0746020899012657
-0.123375194337494 0.05362483458141 0.0906354740735337 -0.20092420757914
-0.134384680577579 0.127339206627621 0.184747035197462 -0.106277672585221
-0.0619143620145755 0.172556273369473 0.193244553065073 -0.110710549008251
0.0544740103104637 0.144403074486881 0.146559325620095 -0.109929954967927
0.0919284546756297 0.0835153514582271 0.140453496756502 -0.109127547508547
0.098147682615205 0.0424011370091962 0.114093170705159 -0.13227238646387
0.0915428398454394 0.00783436545316712 0.0804704595761584 -0.10516295066826
0.0895081088565345 0.00717249494011623 0.0746466909290837 -0.0251620915224923
0.0820547365133348 0.0156715006591029 0.101938359680082 0.0528248503264852
0.0964039162585516 0.0359185418023157 0.094268263940793 0.139308700237282
0.0913012951702786 0.078574938770416 0.0370392892756646 0.217268775954309
0.0646431631916376 0.123795789850433 -0.102435255995552 0.214179143909171
-0.0354913495733906 0.168434419732478 -0.159350202570653 0.0681303359708552
-0.133046250148698 0.135887297815037 -0.0656004407240571 -0.086265346621502
-0.141699716452461 0.0654529127401958 0.14143025996658 -0.0895889278664977
-0.0804068210647747 -0.0127554152223885 0.112268528491469 -0.227096271459071
-0.106058961626656 0.0588871422935017 0.166229731595236 -0.120301634835014
-0.0514060032269585 0.108732584142183 0.182665214960635 -0.0902371484098313
0.0308286648464816 0.081764774177989 0.1548351430349 -0.0817776722598244
0.0416120208544455 0.043680008262586 0.165562577430454 -0.0975246037703078
0.0445102171630089 0.0329038352522677 0.139116210903422 -0.130497514887214
0.0474840020695253 0.0159267563099286 0.107742006009693 -0.101926650624954
0.0472564037833082 0.0169432885186534 0.100683612445202 -0.0202265162738156
0.0436246217419938 0.0225143972171258 0.123678631162385 0.0623513428003364
0.0519345112913354 0.0352572191204275 0.104671123528488 0.150759178568283
0.0447191146571801 0.0584468266592189 0.038051195724322 0.222585734534445
0.029659638751494 0.0933034876466058 -0.0923662407845629 0.208108017552552
-0.0606645280161159 0.121157346880675 -0.133639857102278 0.0714513096047588
-0.130100899137753 0.0625442493817288 -0.0320937490267646 -0.0662910277157729
-0.108479703268434 -0.0138167918928246 0.176308727829835 -0.0761754874580862
0.0735293325479586 0.0251491987441224 -0.099830375461333 0.188656827378961
0.067685512305924 -0.0717356527802868 0.0710903865911227 0.0606776548875111
-0.0139443239216582 -0.0803694442348527 0.0714648996816487 -0.142718850780221
-0.0463273706623308 -0.0205147009509111 -0.0432806766714354 -0.241514576656254
-0.0219227364996711 0.000118889099112691 -0.17657610398972 -0.191024730408339
-0.0104990442146636 -0.00779978924060815 -0.211626955537239 -0.0717116876688454
-0.00998310831639833 -0.0125535827956557 -0.164815393257187 0.0298558773244526
-0.00624030190106562 -0.0280855719090069 -0.102828755217414 0.103181305935856
-0.00855323032910724 -0.0279323107000772 -0.0379380900836296 0.156430344255594
-0.00602304637111526 -0.0292717490897711 -0.0326673207237976 0.201461778420376
0.00819438008266181 -0.0164426550398487 -0.0674686178601689 0.208558861170578
-0.00772945623112786 -0.0119599834695571 -0.10080873670787 0.187451481280532
0.014279825326979 -0.0461194239997456 -0.121282040012912 0.172597133897086
0.0904555093259351 -0.0246037849549148 -0.107542019994526 0.194625394459757
0.0798407352161695 0.0461434158001781 0.0286257608844628 0.265655848023082
0.0453673599238118 0.100076687800844 -0.110545227243577 0.162458481397868
0.0644091911525889 0.0151358264021232 0.068191733535857 0.0333971520928262
0.0101403682265629 -0.0181380739753646 0.0621215517914696 -0.159140026416334
-0.00286596717430955 0.0115569816571651 -0.0445183056228126 -0.243269295878726
0.0295082462553392 0.0119710923529442 -0.163422130220346 -0.192401564484089
0.0385062446320976 -0.0174279456565977 -0.199532122161688 -0.085719543206301
0.0282646868608812 -0.0386926137608526 -0.163057565317386 0.0120605367722805
0.0328739949081817 -0.0615127660275741 -0.100277126456328 0.0876186059234509
0.0305037203305491 -0.063771083308544 -0.0268718177753087 0.140549631652088
0.0500137971351144 -0.0674842262178244 -0.00442571413555156 0.194056763889299
0.0885129210271562 -0.0324007392147002 -0.0299595894364533 0.22182741510976
0.0789652930456549 0.0132964440242732 -0.0828955712989674 0.217615832247457
0.0726980233275739 0.0296949808636407 -0.128207229867599 0.177588675320984
0.107868142743985 0.0755948548000129 -0.112425707308189 0.154678373228956
0.0825084434044123 0.144125935872967 0.0235658911101611 0.205231058822547
0.00721015724068805 0.162364556840208 -0.103275730490888 0.10964468303479
0.0493547808662462 0.106438269920388 0.0893901247895255 -0.00620033802712688
0.0357417564849491 0.0591399363655068 0.0740869196461931 -0.187137237589174
0.0513777247781536 0.0474382783385524 -0.0356296000325046 -0.25391608576832
0.0846417658862731 0.0201756639188034 -0.1417728085379 -0.194190434689773
0.0861951319899657 -0.0273582161727928 -0.173647213978947 -0.0999455482763417
0.0639376678097581 -0.0603640921807512 -0.146063689548907 -0.0137466776749201
0.0672299069660655 -0.08659059264516 -0.0841835549107879 0.060754876136042
0.0630105787721932 -0.089917326170136 -0.00520319391382114 0.110055727907857
0.0909697397649469 -0.0971773227073214 0.0364481281853455 0.168241933194968
0.147306914934341 -0.0544489413373434 0.0278009250043871 0.21878713995424
0.151113786277168 0.0150416152413914 -0.0436798980322574 0.247228263735141
0.133498703696699 0.0825952521758827 -0.126157124599455 0.193241025193139
0.124889515600518 0.156894642215843 -0.127025995579439 0.117360174218216
0.0777958339566323 0.216475261657166 0.0144414266717353 0.120838312667808
-0.0271881858778856 0.201438771614765 -0.0836060571169836 0.034297329049428
0.0320684235725892 0.183555178706473 0.114486416389726 -0.0574285149078915
0.0625541585530528 0.135288602699073 0.0935791212037531 -0.214472946566295
0.109915400829467 0.0794962222073333 -0.0179810962938422 -0.259324899325018
0.135283903301091 0.0215783475742566 -0.10833241008985 -0.193694096248543
0.124446994004235 -0.0388056992745402 -0.135333035093389 -0.116004445721442
0.0905191060528121 -0.0763854189916755 -0.116386382776704 -0.0449048504652647
0.0907239937508274 -0.0991863594283723 -0.0573995274912889 0.0262794664651606
0.0851773023038885 -0.0998942209190066 0.0240143353028584 0.0707244488717963
0.11621988114169 -0.109599784788793 0.0794243818036348 0.130241394782672
0.179107936697026 -0.0665378225375086 0.0858806680517254 0.199787717501759
0.193673086314814 0.0108113005746718 0.000719853288690343 0.262701547749111
0.173441611232102 0.117032701885913 -0.117772998622908 0.204671163633678
0.125962691402292 0.211054203585799 -0.145736549935939 0.0811695386854086
0.0586809773501445 0.255301305183323 0.00499804140098986 0.0275928261577571
-0.0540431286772805 0.207702645853181 -0.0628937619502423 -0.0553352074773758
0.0103244923714713 0.228144554486226 0.125257131897773 -0.114162523794896
0.0767253726017185 0.189930304581058 0.106720381368586 -0.228683205425823
0.15014178196929 0.101938593304957 0.00873853515408089 -0.247803422417636
0.166459185925975 0.0206772999956581 -0.0566564759298016 -0.190998613117431
0.144897888018906 -0.0436778756430922 -0.0845241578818597 -0.138303026441533
0.103477495984103 -0.081255841360921 -0.0772093627370261 -0.0801865622168906
0.101558690470855 -0.0962074277058349 -0.0229156021046171 -0.0109197279998953
0.0965015498433453 -0.0915630023683359 0.0562225304396223 0.0307088057810018
0.128841999928452 -0.097289064002988 0.115778634492644 0.0929107537287169
0.186185531395269 -0.0541547148582013 0.129615997596807 0.175334989962041
0.20250199520269 0.0223817302909348 0.0327607921350878 0.264147017050913
0.174465643244212 0.146843936454156 -0.11140187877997 0.201152062292189
0.0963605764935514 0.240075516602601 -0.157510427205073 0.0407566030035658
0.0183333568749486 0.256631514102612 0.00655165082662886 -0.0623689126769918
-0.0695837544338034 0.17948707375064 -0.0488264863011649 -0.144360997301958
-0.0127588429014712 0.228105487825065 0.115124053580029 -0.166229069320216
0.0729487904074416 0.206902043058566 0.104871724950503 -0.225381458755784
0.158725934344172 0.105818729410838 0.0350614078528525 -0.217668679038713
0.165089320956597 0.0171942661094758 0.000880793018731188 -0.185064006847763
0.140113961661635 -0.0407716407655075 -0.030962610785855 -0.161825748534779
0.100053789782253 -0.073145533415424 -0.0364266524662669 -0.113917915129933
0.0976585122749215 -0.0794309460674038 0.0141607839252634 -0.0440311303763777
0.0956556684726694 -0.0689728534794765 0.089838588170954 -0.00197233991327214
0.126042886498 -0.0673215033669644 0.146880581000613 0.0660657753615731
0.168927249565823 -0.023020817234689 0.15807297124842 0.158893269871648
0.179726814340186 0.0470959598907068 0.0501257531394421 0.255693523521994
0.137350837886976 0.169244540363205 -0.102012881621735 0.183481492693278
0.0397414821675316 0.238713677262419 -0.150278527544317 6.62489700837481E-05
-0.0331530653828791 0.21881987157704 0.0247237678874051 -0.134152623273802
-0.0764094927866118 0.118401074560729 -0.0448765759039171 -0.214632478803902
-0.033926391917718 0.185390599620396 0.090061425891548 -0.199118566523506
0.0556183299179377 0.180667946546859 0.0992570234052522 -0.207748595753625
0.131296048648024 0.0849412437544524 0.0608426313786831 -0.184274648476769
0.126689108734403 0.0123682784505016 0.0494086467960941 -0.181119108364062
0.108147715144658 -0.0259882985799101 0.0113196882291992 -0.182915700872498
0.0802979786580591 -0.0509427285058952 -0.000112806926619004 -0.141076839868179
0.0798014074221967 -0.0509307236296861 0.0476456585183931 -0.068874546067205
0.0807507261388888 -0.0395271264441862 0.121487661901916 -0.0222058299778644
0.10588461543168 -0.0318338589843637 0.169906040676984 0.0551202523918278
0.130023203136574 0.0082144717915231 0.173388244448387 0.153854044056041
0.135308648526719 0.065652634090621 0.0563634893224977 0.243945200168309
0.0811747234677258 0.172513222936409 -0.0870317895306825 0.160659921491786
-0.0243748801775441 0.204759932695009 -0.117872491763192 -0.0298518357684132
-0.0785900406390229 0.150440824869265 0.0596665033844395 -0.177179284704083
-0.0778641202576356 0.0363992830132182 -0.0486471018001799 -0.252515639217007
-0.0520258922389389 0.111425408111977 0.0646514815015616 -0.201854503085198
0.0257869393832227 0.120525713448597 0.100714616462598 -0.186036323796616
0.0741827078890821 0.0475109282545894 0.0825719024276844 -0.165634798690244
0.0598460061701042 0.0102681588715933 0.0764529104412421 -0.186279294947926
0.0569724897390446 -4.33155064655136E-05 0.031534959141269 -0.196870322362146
0.0482354300446933 -0.0159743631519087 0.023647568502939 -0.154739412981452
0.0502381706364414 -0.0167161538869643 0.0728219039059991 -0.081259468220657
0.0526774986877686 -0.0087095382060868 0.145314027449288 -0.0286169971099615
0.0675881628549792 -0.00355363638120245 0.186795776170807 0.0593510834708283
0.0764886554111108 0.0221272075245588 0.177085681597751 0.159109899127112
0.0858113517776363 0.0616062544833297 0.0602137121918264 0.233055637582692
0.0292422228609105 0.147170242820771 -0.0635889680065225 0.145690975897954
-0.0699752611622496 0.139722573043133 -0.0742559867557009 -0.0358564350160927
-0.101913836889233 0.0603002173052744 0.100815677877158 -0.186377556879667
0.0784163141360665 0.022593402089643 -0.0971308195808664 0.205980471443763
0.0662183924635097 -0.0794817358621076 0.0806455459635845 0.0601008705333159
-0.019454253287042 -0.0826687707094726 0.0691953467524944 -0.156006437624457
-0.0495731485841739 -0.0182507379789868 -0.0578419374376494 -0.253691484737873
-0.0228587329281849 0.00156226820228877 -0.197803865719942 -0.194079269680043
-0.0112971173846633 -0.00835163867800083 -0.229008287952029 -0.0669284535667402
-0.0105903947830263 -0.0145217882015834 -0.173601173803674 0.0379770228868383
-0.00768596140624417 -0.0306932358432556 -0.104736164350733 0.113683426785026
-0.0097435338090942 -0.0295930024954295 -0.0333258868010603 0.165469799762954
-0.00692591197656127 -0.0302143673825303 -0.0251194629353154 0.214217236077303
0.00902062720497243 -0.0171834851881399 -0.0613754669211764 0.224936989160396
-0.00830832497541328 -0.010815394545631 -0.0987348179074301 0.203364364346467
0.0128062941712073 -0.0481224050579724 -0.123938783272293 0.189314783218208
0.0930560287564637 -0.0319496677678821 -0.107972412370723 0.214041750303315
0.0847178697278214 0.0445227325377371 0.0406034900818956 0.278177217764712
0.0513246304705896 0.103736566744617 -0.109591361380241 0.177898498129921
0.066653915539634 0.0124263792999376 0.0759405155351076 0.0312895184480015
0.00823845664208345 -0.0176996013948173 0.0585141963102779 -0.171084881834851
-0.00238766015675369 0.0134456412434082 -0.0578909908792731 -0.255740665721247
0.0325084356557832 0.0109824467775381 -0.183210333917203 -0.197550276267594
0.040352834094341 -0.0211187315293002 -0.216935094820833 -0.0815647512439532
0.0294048057436604 -0.043178242529123 -0.172459952458246 0.019218437750633
0.032154193105368 -0.0679022483867565 -0.10312149178247 0.0967772040864269
0.0303486609233039 -0.0698151073677434 -0.021730028828263 0.147580588794988
0.0510842967071885 -0.0733288308060591 0.00531958719122097 0.204244125814694
0.0942473864313747 -0.0379814309000717 -0.0200535856380547 0.236627956971077
0.0856098861833175 0.0115114624726111 -0.0780456654455441 0.234179471221989
0.0788247957447727 0.0300130588560602 -0.131277820378034 0.195426467564662
0.116482342342704 0.0743215033622034 -0.115739237332368 0.17202074276876
0.0906922454462854 0.148353300351036 0.0327698645785558 0.214837964096007
0.0126444736297523 0.171193707481342 -0.104563158346075 0.121734368216137
0.0551165728720526 0.109007444220169 0.0965209254964847 -0.0117280929860995
0.0383329097254564 0.0626618778117269 0.0706608410671787 -0.200894596973872
0.0561126406963116 0.049439587133778 -0.0491360109920038 -0.267286564371534
0.090420817813613 0.0184398806692933 -0.160353145854664 -0.199083869659842
0.0902939272300377 -0.0332061881700259 -0.189638843507678 -0.098755841309016
0.0669301558075125 -0.0667015176986792 -0.155882774117906 -0.00839385562242938
0.0673353291545331 -0.0955474848966151 -0.0869938364346824 0.0673920467770505
0.0636495296898315 -0.0988314238982448 0.000400176704945825 0.114683906560554
0.0934141364570957 -0.106774972128136 0.0480202322706995 0.174660262464382
0.155003319642471 -0.0640130292179035 0.0413930914775765 0.230818438468221
0.161661320628938 0.00976420966517768 -0.0336690024895635 0.262661780345489
0.144972161273187 0.0833536587564111 -0.126864268256053 0.212601678514211
0.138534108323955 0.160297763128904 -0.131984706700915 0.132671955606814
0.0891168405075628 0.225008138609367 0.0196513836782133 0.126870821152175
-0.0218962732206566 0.214512258286972 -0.0862183414764225 0.0413334315189522
0.0407319406377232 0.192547794524068 0.121106153156921 -0.0668467208549122
0.0705776319125009 0.142455334681323 0.0909531425206917 -0.229513313868739
0.119198965279063 0.0805628187166274 -0.0315042268244762 -0.274476053250913
0.144640652011354 0.0171708334002444 -0.123982692764391 -0.200271503466725
0.131014705121352 -0.0464703908148841 -0.150224926618199 -0.11736446773304
0.094614084818313 -0.0846206493144164 -0.125975657670471 -0.0417515949638557
0.0916138228708733 -0.109687200774669 -0.0590554635313141 0.0293104186101516
0.0867571826496746 -0.109749340682811 0.0301640999303789 0.071094704575611
0.119183307838305 -0.121006344184306 0.0921482742381822 0.131633636900877
0.187567520039111 -0.0792176858583332 0.102009812546811 0.20657069472687
0.206872036979936 0.00310281648212639 0.0159260794031384 0.277622298988182
0.189255648030907 0.117310869221501 -0.116904136266469 0.224483766862986
0.142837833397824 0.217706727480864 -0.153123237549696 0.0950945144641864
0.0696180342313328 0.267576555135402 0.00643049814925919 0.0292068249198501
-0.0512397295610402 0.222902820007646 -0.0678628018198179 -0.0547455287575385
0.0202496952015156 0.241096285415645 0.130559382678442 -0.127826860069665
0.0889272868760185 0.199775552027639 0.104263876487723 -0.244640262977147
0.163425671940119 0.102453910932552 -0.00280220488758033 -0.262598099110514
0.177724671939684 0.0145147081831438 -0.0695973364774467 -0.200140046757752
0.152831682160811 -0.0530857090529362 -0.0965867271978593 -0.142800280827705
0.107800268731605 -0.0900580777940204 -0.0868580354639729 -0.0804876682242092
0.103725786585995 -0.106192546343041 -0.0239880338014093 -0.0112246070127684
0.0988587951353255 -0.100737531546495 0.0631405502691284 0.0275929451895292
0.13259123800471 -0.108497777508249 0.128974381850943 0.0905568844346051
0.195179561008937 -0.0657395797614706 0.148326162652224 0.179306301150963
0.215510582968417 0.0150515545780558 0.0507226323228142 0.27657119414433
0.192055669603879 0.148512927690141 -0.109661472579982 0.219421848487074
0.112888380321159 0.250716973582999 -0.166879526346903 0.05136860668051
0.0270595900723711 0.270418466799562 0.00323675747002792 -0.066289012478571
-0.0687743031899805 0.193858118591528 -0.0559065594026331 -0.149103339406367
-0.00359105195389373 0.242949445340655 0.11747136762332 -0.183484903894262
0.0864405182454475 0.216611759143407 0.103173836803366 -0.241319446591984
0.172723479234173 0.104983873704549 0.0277498102977299 -0.232034468430567
0.175321602992442 0.011287876254238 -0.00841812252782184 -0.195819697704652
0.14723304712471 -0.0498586357481519 -0.0413310089995556 -0.169674614840991
0.104038761839192 -0.0812595333186094 -0.0437899440279661 -0.117383121976211
0.10076247839003 -0.0879876003833859 0.0138589901053785 -0.0480137417691362
0.0989124467192798 -0.0768193965228845 0.097424312914342 -0.00834221510859403
0.130881173676162 -0.0764106077160999 0.160125234648599 0.0611514768403617
0.178032815942809 -0.0317935343739082 0.177350483291195 0.159712076823587
0.191841413608986 0.0417692231385242 0.0683339378887407 0.267114111191516
0.153432779099545 0.172693573918258 -0.101113373273014 0.200149781203275
0.0520829321615136 0.251392276919679 -0.159734036470131 0.00871131490703191
-0.0287012125035839 0.232977087770053 0.0198005531776896 -0.142150115108494
-0.077959416906113 0.129851042555336 -0.0535264799235175 -0.224601021873746
-0.0274450546350143 0.198240804800641 0.0897651962548967 -0.216565483376596
0.068132048408263 0.189617301770789 0.0976565448745816 -0.222653962258957
0.142804525123454 0.0837644539602458 0.0572300931041558 -0.196491137392282
0.134225115655308 0.00692425939349434 0.0452042669998884 -0.193994944704181
0.113872984548273 -0.0329566670004051 0.00253448573763692 -0.193323321001239
0.0839095948285696 -0.0569911838065288 -0.00754694913762299 -0.14698625200704
0.0825809294481304 -0.057381287614744 0.0490024603290273 -0.0754421186952451
0.0843219739110639 -0.0447997311244147 0.130055458753048 -0.0300082423897016
0.110150529534712 -0.0376958475242019 0.185673196437753 0.049158751929105
0.137403294137311 0.00352570204013486 0.192853027024302 0.15468541579312
0.144072277094477 0.062856355050365 0.0748042384053654 0.254664222641921
0.0938553774901992 0.178806468092017 -0.0843920009525806 0.174650350182017
-0.0164745642802666 0.218410812331478 -0.127460277214349 -0.0245184577722547
-0.0787547853810552 0.162512699008299 0.0549077411468547 -0.189222850894047
-0.082409484057937 0.0428148412962263 -0.0585880234897302 -0.264375048966509
-0.0494348941431731 0.120699013138729 0.0623012634454495 -0.218597085941218
0.0344774326551026 0.126286586883125 0.0994942823916283 -0.201681725244763
0.0805139036665883 0.0454043426078056 0.0817290181987402 -0.178107929362018
0.0637914958006938 0.00738156514950921 0.0727665203162654 -0.200737825472687
0.0607685691895038 -0.00287517066242403 0.0228808484922848 -0.209057531003712
0.050946308415686 -0.0187580523706083 0.0175767383514818 -0.163113262302192
0.0523765733318847 -0.0193728264561865 0.0749667637256582 -0.0893652003711593
0.055739357887053 -0.011103220493421 0.155493300546537 -0.0373911137149282
0.0711023232025476 -0.00661229592590131 0.202189024143747 0.0538444437299523
0.0811699019382671 0.0206844943711974 0.196801569021858 0.160249100409701
0.0915553707363507 0.0606481571881236 0.0772365373925107 0.243788069830309
0.0382693496881063 0.153507446807999 -0.0604023900129585 0.157841522258429
-0.0671719410261178 0.150787330102261 -0.0806877471118328 -0.0333547823455572
-0.106119034220571 0.069488055405348 0.0972745808832824 -0.201019479236267
0.0829424473295126 0.0176562769646293 -0.0861960707070785 0.22216295259779
0.061297161446858 -0.0874708682574615 0.0899793640779335 0.0551789987362563
-0.0262280276190674 -0.0827760743914679 0.0613593082872699 -0.16765548732808
-0.0515083231294448 -0.014318809530762 -0.0777555403840255 -0.259032949533147
-0.0229823745424446 0.0030018116242303 -0.22125647246213 -0.188719468771765
-0.0118114974435082 -0.00867591977377458 -0.244914253726701 -0.0546434323387115
-0.0115486764591465 -0.0155992021321117 -0.178378665430097 0.0500030935832259
-0.0103586519824701 -0.032284868578881 -0.102716553823004 0.124823392472667
-0.0119001688831673 -0.0310500231064984 -0.0240652876060452 0.172067039208819
-0.0079481545567116 -0.0301703697110108 -0.0107166787987748 0.223705184387282
0.0100395641062627 -0.0182151781088688 -0.0484459980644712 0.238005162624143
-0.00809915623540575 -0.00944031037215376 -0.0907594380666959 0.217084414968318
0.0092389883219497 -0.0493583452429057 -0.119830456727442 0.207353191319479
0.0920787297657749 -0.0416934862987849 -0.101131628175666 0.23167917908102
0.0888134238113841 0.0406205533498814 0.0589366271718634 0.284172103724558
0.0585202177513139 0.104153147396081 -0.101602960796798 0.193811712742198
0.0680114164985284 0.00765466967290162 0.0827508972536517 0.0256914831376591
0.00602444984898375 -0.017154750094934 0.0501766912605977 -0.181921552440849
-0.00144809509098741 0.0160880782085042 -0.0784382077074905 -0.261548889977037
0.0350184509482159 0.00977667942473832 -0.205256481577269 -0.193184111102735
0.0411450694785358 -0.0250836617697961 -0.232136796564844 -0.0713733729977649
0.0289340930040649 -0.0476114230176308 -0.177732484726631 0.0303512191550476
0.0287774604032669 -0.0738786100343612 -0.100845273233827 0.106961310922429
0.0272194565901607 -0.0749867273589571 -0.0127815335624942 0.153073072606916
0.0493471995214564 -0.0792849495019983 0.0202308988857528 0.21060007584918
0.0968415813718972 -0.0461711523219167 -0.00318843690787273 0.247106682187359
0.0907562892596528 0.00732335402371945 -0.0646510747789322 0.247412064148202
0.0838865691305438 0.0282747841950034 -0.125983434319042 0.214991720718099
0.124675084773614 0.0689217596984075 -0.110628234160161 0.18971317284139
0.101286412223347 0.147352575324443 0.0473191227917913 0.219798837639543
0.0219208121920638 0.177392262050756 -0.100227467813685 0.134190516371768
0.0630688267513072 0.109554797600138 0.101662900565504 -0.0199451797506973
0.0423358025581835 0.0649434618759142 0.0614789131857089 -0.212757824538348
0.0610270363831334 0.0492877534959535 -0.0692358490463317 -0.274004866300715
0.0959707838344786 0.0134292805497852 -0.180793822475142 -0.197842887510963
0.0925150600677391 -0.0409656419237367 -0.205418191291187 -0.0913214604608585
0.0666094256281403 -0.0745519078664613 -0.162888648968308 0.0010792138578763
0.0639998631635603 -0.104735355244207 -0.086592253306563 0.0744677447150127
0.0603629670923485 -0.106760263599147 0.00874859547135098 0.116166457410377
0.0911174664197045 -0.117280723985128 0.0633986459085346 0.176103180306149
0.158307743905375 -0.0773407487961877 0.0601380561432292 0.235574736432323
0.169879065823364 0.00041425382833097 -0.0154917318865946 0.274840809939189
0.157173325003271 0.0785778792871193 -0.119769637703811 0.232156346779417
0.153810786312064 0.157290548168104 -0.130222775674961 0.149083443098706
0.103951247493795 0.227163846543041 0.0274034751484205 0.130383352205279
-0.0120859583374367 0.225224100350744 -0.0861733453289257 0.0503015733153848
0.0541481544589098 0.197432238232425 0.123965577324097 -0.079551136326262
0.0812273236626131 0.145330248965321 0.0804138711884314 -0.243196730943506
0.128368901157158 0.0778323100991602 -0.0514812284794428 -0.282148385787116
0.151701062913938 0.00859627691197443 -0.14388748127406 -0.200402067281688
0.133643766623229 -0.0573746604023891 -0.165065965459487 -0.113132913045761
0.0944853254593431 -0.0945426365926193 -0.134435409632666 -0.0340406823434179
0.0886260000357585 -0.12054263144323 -0.059778928695023 0.0338035922696705
0.083775479939741 -0.119720930224581 0.0368123841965108 0.069105391227319
0.116929130554128 -0.133740165905119 0.106176179328452 0.128291399067386
0.191181118805065 -0.0954549263480556 0.122420376899353 0.20716044524346
0.215435072613352 -0.00965267648283851 0.0379624290508324 0.285195618449249
0.205585788668065 0.111396525581779 -0.108053515061853 0.242788259915677
0.163045389179743 0.217717353170756 -0.154207338594573 0.11068385181303
0.0862709113849504 0.272623166840448 0.00729611620490871 0.0293953589005155
-0.0413815521174603 0.236589250374248 -0.0721987569319588 -0.0512834786165885
0.0363656970434975 0.249562058788057 0.129493776522026 -0.143548249822387
0.104926466352222 0.203135300326491 0.0942827077339856 -0.259426684353295
0.1768996159357 0.0967834511345865 -0.0195168517940339 -0.271832155559796
0.186078005682712 0.00408485687320659 -0.0859270872586755 -0.203329964305715
0.15606774848133 -0.0663574987778232 -0.111442765925784 -0.142305110158127
0.107984005202243 -0.100691028523964 -0.0964062460056907 -0.0762444203371403
0.101462620328312 -0.118264894015176 -0.0254376227768813 -0.0110172887183196
0.0974195583356888 -0.111085543752319 0.0688215032259205 0.0215730638744763
0.13193503396302 -0.121317673570347 0.14185729228907 0.0823245537665596
0.19943397063316 -0.0804349420935628 0.168152916593614 0.174770329038186
0.224577458223339 0.00209310767766498 0.0745981725069478 0.282676721439434
0.209742792931709 0.142240799167218 -0.100187881831613 0.236945277275853
0.13344758260412 0.253319380476211 -0.171178673867978 0.0670469860366871
0.0421413782902594 0.278655924953456 -0.00205065561714367 -0.0675698007834944
-0.0622379902812839 0.207403179790682 -0.0658592476046004 -0.151359529394373
0.0121200592348755 0.253864760573135 0.112766258416618 -0.199886087752904
0.104937213200566 0.221343872304906 0.0931602285964593 -0.256223981131993
0.186601544384301 0.0982182397467757 0.0148066682984999 -0.240650106672715
0.183453846111388 -0.000401408758249377 -0.0209027773116466 -0.202136108808742
0.150898516773901 -0.0622603239721424 -0.0556725102491153 -0.173313532903692
0.10406466088389 -0.0911316084008941 -0.0545439385737466 -0.116839338561212
0.0992613950789246 -0.0983187627328713 0.0122618111750523 -0.0517691011824623
0.0986943453878235 -0.0853778589341606 0.102967435727706 -0.0179094535515562
0.132045580968627 -0.088046990592335 0.171930386641241 0.050134664371133
0.183103857568065 -0.0439167507860435 0.197783654708337 0.153335689660257
0.200114296974996 0.030882283622823 0.093224281577715 0.272432012336596
0.171175270784922 0.169589375445881 -0.0913571903357384 0.215887877402823
0.07121364658424 0.25743053492381 -0.166050711629656 0.0211002365917929
-0.0168891211197557 0.244275498254181 0.010583660408686 -0.147806026877311
-0.0747476446247818 0.141416620698588 -0.0670262891593626 -0.228888667529653
-0.014033778324763 0.208717083750182 0.0817563567264599 -0.233202014679298
0.0846969069840078 0.192805372325481 0.0890306051493454 -0.236876396894002
0.154537900721345 0.0766854471927967 0.0478827038864265 -0.205765807920283
0.140021097868125 -0.0023458596161478 0.0345114475866665 -0.203642971925389
0.117094004101965 -0.0422632563955786 -0.0111262880199681 -0.200323055665213
0.0843129050200331 -0.0642792695066754 -0.0175519629998547 -0.149683408495152
0.0817444890171732 -0.0651781239481013 0.0474643343106053 -0.0819872846377215
0.0853476122248806 -0.0508524145107893 0.135975677350688 -0.0423405876337228
0.112485730683822 -0.0463395604772908 0.197821385913138 0.0369098723292827
0.142454352335653 -0.0044449931450776 0.213363764615818 0.147756074437198
0.152317794118852 0.0562847679761781 0.0983233820340688 0.258297918005907
0.109640916943495 0.178106378388043 -0.0768449420373366 0.188004253769438
-0.00222491752364131 0.227137841289257 -0.134428464507602 -0.0154081945703914
-0.0730826028715174 0.174650902106949 0.0442434445854528 -0.198875186389843
-0.0840561227187185 0.05146623823866 -0.0740123182223086 -0.270446878428369
-0.0421995947901965 0.128793329059405 0.0532059497963656 -0.233746025348183
0.045865677350772 0.127688868389682 0.0926163089441602 -0.215648696732584
0.0868504030860288 0.0404061924575847 0.074556589430224 -0.189185754942971
0.0660136079735872 0.00277775354157084 0.0628682322487214 -0.213457772177713
0.0632315564817704 -0.00773263511851918 0.00844663043938307 -0.217837964949017
0.0517463013914666 -0.0223008461914419 0.00712425938618904 -0.168672297187299
0.0527072761415269 -0.0230776054041223 0.0740345547305416 -0.09857994144789
0.0574866785877503 -0.0144482587644085 0.161506637591685 -0.0506226954383687
0.0731022332112255 -0.0113878897442508 0.215641165129097 0.041290160229646
0.0854540162202545 0.0165184525973459 0.217177153427572 0.153783085086756
0.0969574874696155 0.0566540987036948 0.0989657522182498 0.247220625207152
0.0502472634305733 0.155372706697517 -0.0524289283274994 0.168021162593661
-0.0598985896475496 0.160895722229161 -0.0869586926110728 -0.0280037834347841
-0.107173139955394 0.0806127382421247 0.0875933208196494 -0.214832606339408
0.0846576280286507 0.0114711762089996 -0.0720129695180681 0.231778978768664
0.0535218334890035 -0.0927015768494505 0.097157959014208 0.0477469581785327
-0.0315957483953895 -0.0798896280748259 0.0507162405444835 -0.174785275432668
-0.0525297657969704 -0.00953128455703149 -0.0962185987531422 -0.25657369632063
-0.0221272198916254 0.00471676963969717 -0.237868582356879 -0.175511472005921
-0.0130521978374339 -0.00824435366151884 -0.253262121366868 -0.0386343463688633
-0.0119743143389192 -0.016540260060252 -0.178709902680573 0.0609252684465086
-0.0134394082118846 -0.0332097524985228 -0.0968448599052378 0.133124305428021
-0.0130828531915929 -0.03167024121469 -0.0134383251381454 0.174864538580237
-0.00860498468913186 -0.0302372712010612 0.0048319877995643 0.227097206863088
0.0105334974367413 -0.0192618922114104 -0.0322528874664667 0.245466601142138
-0.00773757127118488 -0.00797701197028803 -0.0786632252881468 0.22572979213389
0.00648796097046964 -0.0496130840453444 -0.110065323535598 0.220730176725449
0.0880092343091622 -0.0500218865033231 -0.0889255979097702 0.244699179247515
0.0909706939853614 0.0351532669861148 0.0759006331223293 0.281525483904827
0.0643374569009934 0.101508957719183 -0.0893897357368559 0.204315973591912
0.0670824526639929 0.0029623957336517 0.0872703159198723 0.0179529206417755
0.00413568376793091 -0.015167260922028 0.0392638880598721 -0.186997664858948
0.000113035424149773 0.0177119627303383 -0.096912220629815 -0.259202231775792
0.0366620930636247 0.00808402512418062 -0.222367666993673 -0.18151228738672
0.0401901974877157 -0.0281703716256204 -0.242113344740094 -0.0570445620611384
0.0273371416157131 -0.0512737678545888 -0.179205333600012 0.0416392435444904
0.024012614091599 -0.07744174419998 -0.0964860229189578 0.114268091245168
0.0239701874997361 -0.078710620743625 -0.00354203510546733 0.153144116629713
0.0462315644007929 -0.0836195417914602 0.0357879305629567 0.210663146719184
0.0965746053223017 -0.0536835808877467 0.0142271595650711 0.250145833998256
0.0943289200785408 0.0027174608976868 -0.0488553854949112 0.254348532268078
0.0870259244997788 0.024718297156956 -0.115810975340737 0.229190263701177
0.129459935589335 0.0604618289746361 -0.101412716894295 0.202250423769342
0.10923657636654 0.142311743669833 0.0601898418666841 0.21803561456055
0.0319203407982099 0.179120716351721 -0.0918398655576164 0.143769138223418
0.0693829822526912 0.106512120086176 0.102798849738891 -0.0295597289319139
0.0460450655855781 0.0651484100676877 0.0495700068555071 -0.218471245739797
0.0651385922624539 0.0476366716094914 -0.0880920281217031 -0.272040046743748
0.0984375746350711 0.00791901895126037 -0.197079492788554 -0.1871074907409
0.0917178200813838 -0.0476561042586798 -0.216379543711058 -0.0793847030279542
0.0642548475720261 -0.0804539594612179 -0.165777956290145 0.0122178006077925
0.0582073143481011 -0.111082179211599 -0.0828409928454705 0.080420626372593
0.0551123455795225 -0.112661700931787 0.0161494344162746 0.114526238199522
0.0858776982626525 -0.125120185034392 0.0767684452282522 0.172111641213295
0.157234446238308 -0.0898977752223238 0.0793616383495822 0.233985688701954
0.173496654419934 -0.00967498194044225 0.00465992487320109 0.277857451636745
0.16575521133586 0.0717383430716004 -0.107824346462379 0.24625961040543
0.165155197795806 0.149001871886787 -0.123887949719387 0.163234845168101
0.116188870964325 0.223643119529469 0.0347698953440381 0.129307571657837
-0.000243071710662762 0.230536879661378 -0.0830584983863336 0.0572115330891649
0.0663018168297202 0.196189345446108 0.121272476646548 -0.0908630385665499
0.0911674224117971 0.144687974575019 0.0680331352835287 -0.250470611339996
0.135467205117959 0.0720602956241923 -0.0709601601681252 -0.280503830094278
0.154975885470636 -0.000697218560051832 -0.158988017455915 -0.192431981576777
0.132591420753516 -0.0676927514173695 -0.176325117016759 -0.103896834208676
0.0907857178106123 -0.101929839193466 -0.139401398043751 -0.0248522644753215
0.0825916903858913 -0.128586418469389 -0.0587355360212705 0.0369138391385419
0.0786354191373729 -0.127076761118893 0.0427199356502205 0.064433959395003
0.111469375994365 -0.14351911277907 0.117103485709925 0.119722081256091
0.189489535845614 -0.109076332521925 0.140195543619673 0.200207887527336
0.218358205593825 -0.022953949634005 0.0595071534335887 0.284725438632149
0.216206486372542 0.100457798297513 -0.0935574059012447 0.256004612363543
0.179529874858923 0.210236006340032 -0.15018752233437 0.124780986316432
0.101384039701007 0.270672984508381 0.00769338564243059 0.0293535833410074
-0.0295691003010791 0.24476651714567 -0.0753137186322645 -0.0466615243167651
0.0527210329358252 0.250342099660067 0.122760541036925 -0.155668048410034
0.11934483391332 0.201722714597483 0.0807495462463179 -0.268112835169833
0.185146489042511 0.0874602246873314 -0.0375936609766675 -0.271747423612306
0.189423098458211 -0.00860534733073071 -0.10044198636859 -0.198968035647433
0.154629597889956 -0.0784044253378342 -0.124248557886799 -0.137491521181827
0.10465514851482 -0.109172272585992 -0.102391730986114 -0.0690755921963702
0.0958872783228736 -0.126640377362978 -0.0262602755873392 -0.0109312908273443
0.0935616269622428 -0.118740632659554 0.0721469219684206 0.0135574590691165
0.12690788266999 -0.131945933977818 0.149951766003937 0.0711701507507362
0.198147901256263 -0.0958171272809564 0.185328238385348 0.164341497450594
0.227039595947103 -0.0119581194877481 0.0973637826025103 0.279703876944751
0.222036861586217 0.131105581322638 -0.0859287750802777 0.24861119102063
0.152041826645036 0.247818335669666 -0.170230472220445 0.0816133451033583
0.0577498954523994 0.279644721674315 -0.0071379307341161 -0.0684018551416024
-0.0517431912664243 0.21686901392255 -0.0735930593486683 -0.148170072279479
0.0300089692845907 0.256418315299256 0.101837911554892 -0.211896944869723
0.12151714808792 0.218333868651885 0.0804895926997536 -0.265191640532739
0.195823323129381 0.0873074529063361 0.000121573044726171 -0.243167963390851
0.185893463164342 -0.0127754304796186 -0.0336519263125924 -0.203238489869185
0.149988994133154 -0.073986788398084 -0.0690706385493314 -0.171836919513255
0.101179880808969 -0.0988397799649299 -0.0621128884747024 -0.112850795075425
0.0943050909690463 -0.106207130515396 0.0102354761181697 -0.0542248602340762
0.0961807649195755 -0.0924095270514394 0.104065148020684 -0.0279360250547996
0.128786137036876 -0.09689971419231 0.179108697504921 0.0368238611200814
0.182873231592106 -0.0562815349780257 0.213736355175506 0.140900493278934
0.203442954335409 0.0192702987982566 0.115339308643814 0.266932793535857
0.185095209204871 0.160720769258707 -0.0785023709522934 0.226778681279786
0.0892445034618341 0.256359349059734 -0.167966945631797 0.0344866230887717
-0.00435194034946032 0.248993453340663 0.000427415164994182 -0.149841083203685
-0.0684600235388258 0.150359449144762 -0.0795448024121613 -0.228125064633414
0.000192275429790614 0.212373889154415 0.0690575267406841 -0.243319343037786
0.0993402920669789 0.189209656914358 0.0768101707995985 -0.245739002495603
0.161896562901191 0.0667756243959542 0.0364828537757744 -0.210642641191746
0.141928168932661 -0.011953663297755 0.0228733860313271 -0.208003072187153
0.115913570804449 -0.051957554617111 -0.025808519862745 -0.201867793743023
0.0822918749545784 -0.0702420750647872 -0.0270333650645931 -0.148403252184127
0.0786699544904724 -0.0714357017024644 0.044317407323548 -0.0874723147797204
0.0839424944325193 -0.0565538355123569 0.136456484393417 -0.0543996558154578
0.111858592372087 -0.0537609907271895 0.204488735036765 0.022815774588875
0.144523218784494 -0.0133738106572025 0.228859914481438 0.135238036846031
0.156627887657545 0.0475115297719682 0.120389487704956 0.254289970802952
0.123087312103078 0.172300702054988 -0.0645883781595507 0.196643831172135
0.0124485722798716 0.229655122451646 -0.13810298797109 -0.00515009124891325
-0.0646697144064524 0.18268872951519 0.0304999056935907 -0.203145653508024
-0.0832363537144793 0.0590495872220047 -0.089039537826565 -0.269511756739427
-0.0330030806173886 0.133201234375522 0.0408929557068799 -0.241902812068897
0.0565258415603485 0.125082807296253 0.0814459521850189 -0.224859365319772
0.0892945701702466 0.0338336343869938 0.0657271265607144 -0.195955243437624
0.066215349217713 -0.0024352904471597 0.0509834201589839 -0.220830948364288
0.064015015466087 -0.013052351859972 -0.00696403153048413 -0.220201928472974
0.0522158824770694 -0.0259702282304555 -0.0031255379081853 -0.169324949163808
0.0514727055738376 -0.0272942945734443 0.0704746753095419 -0.10579964238146
0.0572485727231313 -0.0177361626446175 0.162143205595061 -0.0640552686441459
0.0730040290000367 -0.0155124313080098 0.223242699964294 0.0268512560103985
0.0869627202730537 0.0119263562138548 0.232648535774195 0.141426274673068
0.0998330776451379 0.0510382060209804 0.119368859723979 0.242802951066792
0.061712987878212 0.152662203145017 -0.0420129233651932 0.174403771425441
-0.0497789269359166 0.166362038517942 -0.0905738209666407 -0.0210516477951522
-0.103880088195384 0.0895192293383474 0.0737418050171025 -0.222087711400183
0.084360452379575 0.0072794370736623 -0.0589477578487665 0.234724503881285
0.0465873257288846 -0.0950523880253785 0.0996508598064259 0.0403682948428534
-0.0353733896979815 -0.07680313604502 0.0418519680741169 -0.177145312004915
-0.0514604613831364 -0.00616726493737906 -0.107974097883779 -0.250540454637159
-0.0207976126258136 0.00598798000022498 -0.247562021831351 -0.16254384538633
-0.0132334057053808 -0.00834971959054339 -0.257187126790428 -0.0252281409288416
-0.0127951753124344 -0.0175582599185977 -0.176701270028486 0.0683422522174782
-0.0155987011550742 -0.033238780393606 -0.0906597519339655 0.136918855484747
-0.0144435564633772 -0.0316470340970025 -0.00648743053314621 0.173375464763535
-0.00860381823307406 -0.029489721036394 0.0166039159021774 0.225070476648909
0.0110211175207341 -0.0202936466401 -0.018956277776212 0.246606056558344
-0.00665590722101627 -0.00674771583024087 -0.0688217946649496 0.228784767321162
0.00407419026866329 -0.0480497765035737 -0.101091320492256 0.229063772153971
0.0824137516168613 -0.0550875348999396 -0.0777122919973649 0.250996532020254
0.0901961955171944 0.0304555434978657 0.0850589701748076 0.275463158605205
0.0680471057643388 0.0981231251438207 -0.0784833168113259 0.208524470990288
0.0649678688271894 -0.000292619890204567 0.0886736517751547 0.0117741802069667
0.00352539133246931 -0.0136158659205751 0.0313975139012078 -0.188600367704938
0.00198114635052325 0.0191884210368951 -0.107842856561645 -0.252648175240112
0.03801846830593 0.0067066069386532 -0.231199986184231 -0.169062453700908
0.0392199791164618 -0.0306011488387395 -0.246935390499956 -0.044649475675528
0.0254249138944195 -0.0538374946319951 -0.177454770727788 0.0497488276262404
0.0201938843518031 -0.0792498177434638 -0.0910727726344965 0.118293852952191
0.0204369259192936 -0.0801521001998769 0.00257607358325478 0.151142782095545
0.0430669925835126 -0.0855209463905078 0.0463209719034304 0.206397213573322
0.0957562134041384 -0.0592501414358964 0.0282525605061177 0.248867945038421
0.0957393098520965 -0.000846692718004268 -0.0370604190456157 0.255375285471871
0.0892375038539321 0.0222312032465901 -0.106424275094933 0.237322251878342
0.129175351242414 0.0541056268277692 -0.0929194536012461 0.209069910920508
0.112675038520374 0.137149034773436 0.0669825823864525 0.212652496012002
0.0384478762914464 0.177585756097272 -0.0839278161581364 0.148078239357837
0.072076680201924 0.102446240293721 0.101652509672821 -0.0365766542911817
0.0485922246889075 0.065295013900153 0.0406863777481219 -0.220025011433089
0.0672745914384486 0.0461625926555823 -0.101720475959866 -0.266202615934203
0.0997105245664633 0.00288248702524351 -0.206162099083395 -0.176815197926628
0.0898346795444028 -0.0524585502262262 -0.221083247998572 -0.0680192317223834
0.0614819646018218 -0.0847778127311942 -0.165110574578865 0.0190193203987864
0.0527716271587419 -0.114442653568153 -0.0798475516886958 0.0841424269284719
0.0511294655331173 -0.115398576269176 0.0207397899062469 0.11077046772373
0.081187210554891 -0.128715257644557 0.0854934981420177 0.16547660638626
0.154718339387888 -0.0981902967403821 0.0920942845406871 0.228186009295716
0.174329554828617 -0.0168639378997089 0.0178993593977836 0.275227820413708
0.169126564495862 0.0646730574872139 -0.0966659690574706 0.253794364380005
0.170145922437531 0.140616336848533 -0.116563677012316 0.171151906519891
0.123039931543307 0.218347164234749 0.0386879776041174 0.12652548436554
0.00866153906830932 0.231384004776433 -0.0795733143753021 0.0615944642685387
0.074080503230634 0.192195319960391 0.116998390272575 -0.0980597814524424
0.0970779073355928 0.142010780532826 0.0579109155497115 -0.253341323001072
0.138354870127049 0.0670233095467221 -0.0829143305799817 -0.275442808472106
0.15499848772072 -0.00799014784649467 -0.167436318423101 -0.184370829440412
0.129814217448151 -0.0740022268766829 -0.182921791248936 -0.0947860649391976
0.0877757282995187 -0.106837509840255 -0.140012148818527 -0.0180071858482637
0.07591134744621 -0.13310401805333 -0.057626278600292 0.0386819111636054
0.0738794430308483 -0.130252415749618 0.0446749001309796 0.0585683349088809
0.105668828608116 -0.14852732098657 0.122811274502833 0.111155353204499
0.185140203239813 -0.11904581592819 0.151971254055067 0.190703752401379
0.217399186399503 -0.0322207825462452 0.0746970494830717 0.279082199068945
0.221666025162759 0.0910927568809758 -0.0817286135791435 0.262211139126435
0.188215885341033 0.201088750519924 -0.145357531354163 0.133624472610172
0.110104337271447 0.266095099476101 0.00764598967852682 0.0290027649168124
-0.0199836748376166 0.247766764455032 -0.0758140864139143 -0.0426177914783762
0.0639544525204924 0.247417038622828 0.115782832537338 -0.162986553688246
0.128472673634673 0.196582220246048 0.0712428831151558 -0.270209622736605
0.189191520023816 0.0796548386328113 -0.0490896795907859 -0.267718332341141
0.18896388621487 -0.0175089646737826 -0.108813362071002 -0.192868190701844
0.151094289675062 -0.0862009983954527 -0.131925333045768 -0.130414216336707
0.101263963951485 -0.114120802631373 -0.104870467950532 -0.0633417446454143
0.0900253659057896 -0.131155581178445 -0.0268338972987259 -0.0105485413855593
0.0896688416728603 -0.122589034353025 0.0722555261932145 0.00666180427467113
0.121511433256075 -0.137041203993377 0.153912247193999 0.0608668269749217
0.194034400954746 -0.105472535855895 0.195118959409292 0.152835932802933
0.226274414487667 -0.0212590761518192 0.113317682048209 0.271079180831173
0.22877074090025 0.120676069049218 -0.0742251849335995 0.254604959466501
0.163154696199786 0.239699019193127 -0.16683564733456 0.0909197768421838
0.0668107400968564 0.27624308492922 -0.0116042825934178 -0.0669054329896005
-0.0432944105687404 0.221271812084081 -0.0779239220864533 -0.14391932878995
0.0419877069299398 0.254308614778897 0.0927208483563628 -0.217954654142787
0.132084066765053 0.212562963867742 0.0704871500026408 -0.267093228966264
0.198972495978316 0.0779251972751168 -0.0102347270098659 -0.24084042497191
0.184533246912387 -0.0224085510250639 -0.0421752328101921 -0.199789634176233
0.145923080305777 -0.0818461359234919 -0.0779002699317294 -0.167344616551726
0.0981055382729877 -0.103783181326412 -0.0663072351404484 -0.107524554547372
0.0890865882738375 -0.111008118339174 0.00831612971039133 -0.0555489830587497
0.0934780804871264 -0.0966712554569033 0.103479828872062 -0.0364252112364776
0.124743611352717 -0.103202601920634 0.18143429622594 0.0252588923044215
0.180896400551437 -0.0653765190321101 0.222828594460606 0.128201263341338
0.203655920638296 0.0111823965208005 0.131428855822617 0.258549070281648
0.192032366024173 0.151164496641787 -0.0673958741314645 0.231024476356152
0.101075976289737 0.25144215934819 -0.167214444290515 0.0435526928026818
0.00427197555930549 0.249123913017077 -0.00708725519662223 -0.148631410072764
-0.0627896656682303 0.155632194035576 -0.0871752938308352 -0.22303749064223
0.0109447385889884 0.21166986770492 0.0579439282559997 -0.247431657816681
0.109211832676518 0.183540997030687 0.0674543447006622 -0.248523711456278
0.163281087244474 0.0574715698240627 0.0295536298128372 -0.209591926014318
0.139951336433298 -0.0190570710373232 0.0144296865127235 -0.208317407844159
0.113547857041154 -0.0578881845704418 -0.0357248042646301 -0.199109670940258
0.0801181287282522 -0.0740225984810714 -0.0323530187222184 -0.144629308364897
0.0754915603982494 -0.0750451165717716 0.0411219164142006 -0.0905597145788917
0.0831001185748683 -0.0598488424384255 0.134874135002994 -0.0638392468554483
0.108702204071711 -0.0585116127616446 0.206556225470369 0.0118755352607524
0.143213905425061 -0.0202793650106832 0.237226797278347 0.12283120384959
0.156391536460338 0.0414020173987568 0.134164623688235 0.245151193876243
0.13064615745119 0.165134677742471 -0.0556837696265535 0.200400312707102
0.0230059271707558 0.227983369023943 -0.138669484742483 0.00306197491442274
-0.0577533786772308 0.185926865965568 0.0206443104587865 -0.20279099587306
-0.0808515191866058 0.0650452135343422 -0.0970685111215855 -0.26422781981298
-0.0257872583737043 0.13365893359845 0.0308293523225707 -0.244341291285021
0.063691641570221 0.12047211875999 0.0722177046451202 -0.228700928376105
0.0898688502664467 0.0278501010611502 0.0581199112967403 -0.197620732720957
0.0645523030181545 -0.00583173440606047 0.0412296999562192 -0.222810467284792
0.0636208430918304 -0.0164517455432347 -0.0177940454857931 -0.217507258156139
0.051300467202427 -0.0283914643434699 -0.0105979127092792 -0.167245892737175
0.0501054489013595 -0.0295511384807965 0.0669361504492211 -0.110178032430322
0.0570077586385985 -0.0201599163264239 0.160299586885602 -0.0742352941479857
0.0715930586431416 -0.0186076373034084 0.225326981896896 0.0148313028504027
0.0868659854348638 0.00794413320917409 0.241092119966036 0.129025039856309
0.100373650860797 0.0468782681129992 0.132137068688928 0.234643303729932
0.0687597299087923 0.147443346785623 -0.0334744280877527 0.176699312705245
-0.0417210152084347 0.168449340969216 -0.0912236237416157 -0.0153730205936232
-0.0997785118661038 0.0947346874020784 0.0621646516099999 -0.22357012688629
0.0745246878287908 0.0444765227083258 -0.150307631268071 0.183719287520394
0.0808101053389462 -0.0657848603652581 0.0718093205102505 0.0718414770587758
-6.40330765203029E-05 -0.0843235392878693 0.106690765768889 -0.145256248296295
-0.042984623350718 -0.0250867223657038 0.00050920148504082 -0.27395841553762
-0.0185601389619477 -0.000920754925956871 -0.161741721294022 -0.249654310478428
-0.00724044460347558 -0.012881368405793 -0.22729702092546 -0.127298852302258
-0.00381174561507418 -0.0227398889527047 -0.191501222679882 -0.0116606656012394
-0.00160568528416604 -0.0377302626601535 -0.139905295047207 0.0885253913115007
-0.000250353069274155 -0.0351501460345729 -0.0760425733373894 0.154211621732092
0.00641953466725418 -0.0300493164347673 -0.0754917752540573 0.213034501277052
0.0219344501893392 -0.0124781891548903 -0.117032288849148 0.215898379140706
-0.000210133647636196 -0.00462540867795055 -0.157984984069552 0.180472285233179
0.0234897482681259 -0.0392741277516066 -0.186863590618697 0.169074437720374
0.0950056701781873 -0.0181190078297153 -0.16863975895452 0.205150304664435
0.0740422478756588 0.0650223601259252 -0.0389884984976249 0.289625844111909
0.0179194966392012 0.12197266873962 -0.147570506965645 0.150995915151408
0.0563840027750816 0.0271226040559752 0.0787655914400025 0.0415661035834415
0.00767246795403504 -0.0093657539609239 0.107088383229577 -0.161581320275454
-0.00704400997710284 0.0205718100037681 0.00364842677291105 -0.278502304684998
0.0338938814588755 0.0246151535682024 -0.142214303703544 -0.253026350187455
0.0490316041661631 -0.0113378373100718 -0.208988759283835 -0.144429589671159
0.0458870402721317 -0.0396950632468324 -0.18517193262838 -0.0299713004816532
0.0504361395159338 -0.0658327810966069 -0.132703928101784 0.070932180978625
0.0524614628215708 -0.0653545613867613 -0.0576365033052322 0.137087619226572
0.0764702568993798 -0.0616730141117787 -0.0385123801799448 0.208564834788555
0.116214712795235 -0.0169327540367739 -0.0730616934337116 0.237054786951944
0.092586738618535 0.0400255055162062 -0.138133768936708 0.219338498164346
0.0775218435374732 0.0598905796970573 -0.19544075021615 0.177070972466895
0.0982754908845662 0.100325047628844 -0.17040297814369 0.164199294131627
0.0543791461293549 0.172495172872894 -0.0363125325766156 0.224257828380452
-0.0465058222262661 0.183728981976311 -0.118302989082296 0.0950661600306382
0.0191112713233538 0.123133064868058 0.116053420349037 0.00290287685993715
0.0153253367750054 0.0813335935902419 0.135386401824761 -0.188456888996673
0.0400405334222287 0.0729763158451529 0.0187879276659416 -0.291116371271135
0.0903389805924655 0.0471206818251137 -0.115055821690492 -0.252196159962833
0.104618150192541 -0.0101598925298127 -0.175144890382914 -0.15769050308378
0.0917018900260845 -0.0521620519705581 -0.160362613716056 -0.0522495732993638
0.0948155563033795 -0.0846248154705201 -0.108161871983459 0.0436406275249141
0.0948983457545499 -0.0860183677577217 -0.0232311707357882 0.10713761600068
0.127352872340688 -0.0871940638232856 0.0150315288636436 0.186101104407397
0.185492405174594 -0.0314360627632252 -0.00514984786309668 0.24415074982741
0.1719782100184 0.0550049816260243 -0.0939848859151406 0.261413154079904
0.137814807790126 0.130204591597136 -0.191916035351564 0.197799807974828
0.105372571524592 0.196596467768129 -0.181719354890634 0.122058267722226
0.0337140409416338 0.25154328947463 -0.0307706259092025 0.132029142200395
-0.0993838693683641 0.220750912058498 -0.0711859762761312 0.0194363052313776
-0.0176659680096203 0.20513439525616 0.160411397188585 -0.0469882586395427
0.0278240652744779 0.171946830989913 0.170544769935237 -0.214217080047775
0.0943374924529169 0.121319998432374 0.042684404873274 -0.295322043471102
0.144880240621554 0.060694553898131 -0.0759497229950642 -0.245788474744613
0.149446141565315 -0.013170792952014 -0.129353049922813 -0.168893556190746
0.124881504886628 -0.0613373704773606 -0.121441220701693 -0.0765672839554562
0.124274908788537 -0.0928228191833555 -0.0692052512932299 0.011846450899036
0.122935258116603 -0.0907332256553422 0.01951167609245 0.0697355404561955
0.157048353768171 -0.0964936210714274 0.0723730131799103 0.151146490416788
0.221170122173869 -0.040059218501945 0.0656053022830376 0.233906053939807
0.217543842087955 0.0570681319444869 -0.0411751459408955 0.287593324300565
0.177702595455216 0.174431876085124 -0.182458961305899 0.212296803195683
0.0991127387062503 0.259233424045938 -0.195980541540363 0.0788039724862589
0.00275742808107333 0.289756539179601 -0.0216979263223564 0.0290755712144795
-0.133030363935888 0.224087012384166 -0.0224472654678018 -0.0722284425661823
-0.0502763895369421 0.250644911078081 0.18915132887956 -0.105798539036108
0.0336386123219212 0.235650408340148 0.19460269343546 -0.226937486504961
0.134546607441868 0.154358196485811 0.0728498574761582 -0.277472237132156
0.178401972776587 0.0658588619879698 -0.0180299134608333 -0.231727522366172
0.173162904402377 -0.0152067632798812 -0.0663777252614902 -0.181003453737714
0.140403096146365 -0.0622166219580035 -0.0705574616227842 -0.1029546911996
0.136116905156481 -0.084939088670083 -0.0200482713516971 -0.0210718701870817
0.133562379336284 -0.0770840066028249 0.0666950937874643 0.0330661461904416
0.16705315157292 -0.0801851020745364 0.121515997680884 0.117599256074688
0.224196824356568 -0.0243618867887232 0.120411507011283 0.216664065895578
0.22128635084525 0.0701018456531175 -0.0033102468101324 0.295979730213244
0.172625387996029 0.204116078234012 -0.17157652929132 0.209578091123214
0.0616355035666879 0.284746971517027 -0.201201242810669 0.0297741061915646
-0.0430071389244281 0.28238418155362 0.000521972426861893 -0.0682979677638169
-0.142682693891476 0.188533832172529 0.0151320041121188 -0.163517937549591
-0.0726133206798292 0.248567470700963 0.190957999800771 -0.164744639716422
0.0308663655193287 0.250710730479024 0.193810235280486 -0.223877662078243
0.144543915269807 0.155857558026532 0.0994924094299692 -0.236835913556792
0.176384657760187 0.0595208745141868 0.0471687023529193 -0.210277530911726
0.166479248511218 -0.013127337140939 -0.00252569936464664 -0.191800782129926
0.133234997531601 -0.0541163401130541 -0.0159376156238631 -0.126967926045688
0.127237336110859 -0.0667248936582708 0.0304909956737676 -0.0481119558102694
0.126888679146995 -0.0514047395168372 0.112451668494432 0.00673052177957255
0.155904832751587 -0.0475133338822206 0.1603666326481 0.0976497536526052
0.195471093819658 0.00772846623705437 0.154647815514929 0.206437270591855
0.186447368952701 0.0907893164359287 0.0181186047990575 0.292053921746551
0.126148400963073 0.217649338254329 -0.15682920344839 0.189477966237267
-0.00105791480893865 0.272319144189142 -0.183290826780952 -0.0158678976678942
-0.0903911140885641 0.233297164808196 0.0405403665028128 -0.143691530352822
-0.130567620883476 0.119028741433732 0.0335794387383228 -0.236116425020949
-0.0817766317218915 0.196562792332249 0.1687880579826 -0.203698968698913
0.0232417183028853 0.21395901800167 0.181511245655124 -0.207358569129099
0.121371835546756 0.121480495762675 0.121735311320009 -0.190757289666232
0.133035007319773 0.0427352339249183 0.102202974723243 -0.193232277517905
0.127152209241909 -0.00513224823190481 0.0490157139733196 -0.201759509889733
0.104522172770305 -0.0340571498682679 0.0307242590992577 -0.146989458621859
0.0994944840808786 -0.0391446294317402 0.0752951526104027 -0.0668019681157802
0.101418530702306 -0.0225456418079435 0.15173362323385 -0.00522205394513051
0.123439980167655 -0.0129817643059337 0.188172055113257 0.0954568635642248
0.142519485707876 0.0348305497944767 0.170137822824776 0.207870762557492
0.130768545504805 0.0993645436725493 0.0253024076614225 0.28138005898093
0.0631220953569691 0.205971760285969 -0.134218519397111 0.164956964367847
-0.0646955510962852 0.221283061441736 -0.14079029459825 -0.0467536555194294
-0.124812642828095 0.151071758200095 0.0930071379666119 -0.184156379746952
-0.106069411797775 0.0261563459785078 0.0318436271717086 -0.274704275487606
-0.0811103935796837 0.110446839321055 0.138478280949687 -0.210066616777023
0.00874812881021363 0.13482819274781 0.172075973187958 -0.185102567804305
0.0677831969957474 0.0619159844454649 0.140958709980626 -0.163635868931474
0.0586649666291615 0.0232299376084659 0.132038524595586 -0.191038864107444
0.06425152935666 0.0115481369937752 0.0741660691781391 -0.207451930427601
0.0594280237742043 -0.00454594825229894 0.0603593786608062 -0.156975383778501
0.057396339363805 -0.00672266320991314 0.107060005843195 -0.074455593479708
0.0612921637952569 0.00337675750088346 0.178908328729204 -0.00402066905458872
0.0737013471488335 0.00900905433827534 0.203189534516088 0.106788702785368
0.0794529771339674 0.0394441234574999 0.170048200670912 0.216149836929962
0.0765043337781557 0.0816528931394443 0.0263145253399432 0.270070490610849
0.0119346698636746 0.165565349199999 -0.10518520788488 0.150075264547088
-0.102140879611125 0.141896485597833 -0.0884345942095477 -0.0489473367192427
-0.129802370538201 0.0498528333405217 0.144568216990455 -0.186613467728145
0.0771125631772342 0.043139690210692 -0.148002750009241 0.190534108181596
0.078984147458424 -0.0690756482927212 0.0752412678871152 0.0692014930408993
-0.00206006990303746 -0.0843742310221457 0.106017265870192 -0.150970003071
-0.0437213226921666 -0.0237308496191819 -0.00483240688165617 -0.279611994506292
-0.017776938340688 -0.000372856393022585 -0.17239185252416 -0.251552094530465
-0.00744600161318218 -0.0133417531247398 -0.237178212645686 -0.123895103580372
-0.00436432285950926 -0.0247708837331891 -0.197877913113167 -0.00891921756189676
-0.00272141475565586 -0.0390239707770267 -0.142091698961829 0.0938878872159607
-0.000592623563424803 -0.0367079114021263 -0.0750624587266451 0.157554155499488
0.0071412352089827 -0.0308405024025939 -0.0704514803662415 0.219228217872544
0.0238206080228359 -0.0137423539024973 -0.11375335321149 0.223543429445448
0.000588018118999953 -0.00354561272487456 -0.159424046411334 0.187522046927582
0.0232574286464744 -0.0394047785237891 -0.18929077084083 0.179655901490056
0.0937139377970642 -0.0213579883360166 -0.169116865694645 0.214230354811162
0.0746627964592043 0.0647846956316449 -0.0365452414283017 0.293020651056873
0.0192851658279418 0.124661829395372 -0.145438772459263 0.157894430182925
0.0565669343891168 0.0259382048662054 0.0814064144981137 0.0376023731208961
0.00723039651226108 -0.00850845747962208 0.106606842174519 -0.167340137850035
-0.00653651674687131 0.0223522576624688 -0.00138490928670658 -0.284038001859847
0.0359387077320265 0.0246593418922485 -0.151936108494429 -0.254489719580379
0.051065598029965 -0.0132672946428422 -0.218731450492676 -0.14169774510083
0.0463724334988785 -0.0427716884938485 -0.190780686506109 -0.0277741858507275
0.0502525222245001 -0.0690366495915128 -0.134799389738051 0.0751627738290686
0.0530519087267452 -0.0690796422086459 -0.0567069533904908 0.139632024887143
0.0779535256433538 -0.0648857202078283 -0.0332289991544767 0.212246208652395
0.119685172080441 -0.0210405680128319 -0.0673769500853262 0.243748881644082
0.0976239445836214 0.0402566193639074 -0.137397957509468 0.227033284967599
0.0807880306865082 0.060894183725611 -0.197368848284554 0.18852861585817
0.100321210522586 0.0999581588980811 -0.171926334442858 0.172813580158051
0.0562657104931118 0.174823655816923 -0.0345737803930719 0.226594928058931
-0.044946171417385 0.18950116598341 -0.117934339166328 0.100205164109195
0.0203752598079734 0.124438035019141 0.118729295457645 -0.00174998611650456
0.0172663596369107 0.0845882906026127 0.134882342705137 -0.19472208592489
0.0419724427208285 0.0750979413179671 0.0138146563684333 -0.296265564886487
0.0942289424588894 0.0465318838327111 -0.123547171939175 -0.25473474928309
0.107451253803212 -0.0128457703057286 -0.184659140453801 -0.157003236534544
0.0935750436580282 -0.0569596823877014 -0.165473231788185 -0.0509184867425179
0.0951040241240744 -0.0892232819295092 -0.110393100899623 0.0461138603352397
0.097065669392627 -0.0902108802294881 -0.0223817916864997 0.107404041727382
0.130396584344412 -0.0925000983895675 0.0213270795050915 0.187279451098225
0.190300988901688 -0.0379386368372486 0.00245518333361802 0.248328723875857
0.17861170070592 0.0535645110402052 -0.0893958240151125 0.268033612299937
0.145030970627372 0.13166017234254 -0.193222518226082 0.20938897747767
0.110477151248945 0.198581758097352 -0.18472590131774 0.13005833625013
0.0360816371346582 0.256304192258048 -0.0316156799669703 0.134154998870075
-0.0980529817205306 0.229239488520826 -0.0716537785675098 0.0222290048379863
-0.0140874052859479 0.209283045969549 0.163109646272065 -0.0530720043993286
0.0318603559194684 0.176761384355631 0.171734218375213 -0.222129493455419
0.0987997044506822 0.123641127867471 0.0374798874540664 -0.301331785231302
0.149844127263433 0.0590613944394537 -0.0822993884806231 -0.249054622143551
0.153142421919809 -0.0176791130361941 -0.137156959608405 -0.168789490974176
0.128142592166426 -0.0664091423286182 -0.126070329363635 -0.0753406566398382
0.125383204298253 -0.0979193860117811 -0.0708807311918846 0.0127695851742879
0.125405518010444 -0.0950848257378017 0.0213346291463903 0.0676708858377168
0.15976114246448 -0.101587012912599 0.0787093389387651 0.150136800101753
0.226606654782067 -0.0473902555229467 0.0749595072467351 0.235642210228715
0.22557360102366 0.0543083117556207 -0.0340230810439434 0.292687600152397
0.18655246532376 0.175406047113338 -0.182032045250084 0.223848061312618
0.106438074610678 0.262217257232355 -0.200126053068054 0.0861139465768004
0.0045917479820704 0.296593636267788 -0.0232721620990288 0.0296399818335596
-0.132550240345959 0.234510763341784 -0.023036138339512 -0.0725334728783352
-0.0461008683789877 0.257302642183625 0.191063588799166 -0.113870396423839
0.0399723408308229 0.241334776158516 0.195213434762562 -0.235141931090604
0.140342878402209 0.155550601345826 0.0695670343904634 -0.282845700431432
0.183855978898296 0.0636817099416283 -0.0215525815188368 -0.235270283370513
0.177783738752121 -0.0199444109104413 -0.073930934722452 -0.182682663023254
0.143758627397854 -0.0673633155859552 -0.0738825487423132 -0.10298073547235
0.137657037777745 -0.090170517121825 -0.0215771194549312 -0.0218131661239463
0.137422888546485 -0.0814976047754137 0.069011967461386 0.029108069851194
0.170034625246883 -0.0850196623200355 0.128172346502716 0.115040808231537
0.22878745225248 -0.0310923029735859 0.130800350859385 0.217048315846915
0.228264684731364 0.0678676130608744 0.0062764713078565 0.300733217290212
0.182055613863222 0.205098399824199 -0.171017981117204 0.219082693541021
0.0692148001352975 0.290675253439213 -0.206449169384797 0.0366253114223673
-0.0411535615499882 0.290201602654148 -0.00281730174012703 -0.0698509727475444
-0.142888525333555 0.198338136697108 0.0136153815948822 -0.166100338278924
-0.0682289437718394 0.25511570165041 0.192331153472648 -0.173323224708322
0.0383095723412903 0.256468965970172 0.195265277590724 -0.232878788489572
0.151595268376141 0.156223203588985 0.0980960817554654 -0.242146623637477
0.180819473968898 0.0566874791018615 0.044891975346785 -0.215380582636138
0.170788377449678 -0.0186109276619223 -0.00832307164623959 -0.195397707591608
0.13659305854399 -0.058560859176854 -0.0183590167156167 -0.128517655498939
0.128839240534672 -0.0708189363182255 0.0309499685229681 -0.0510962183812291
0.130392539260933 -0.0556707730141274 0.115497877419283 0.00097935057515306
0.158851835449814 -0.0517245381226156 0.167636793117134 0.0939746024164432
0.199907639288911 0.00320946739522296 0.166383381751988 0.205357363903143
0.19216447515355 0.0895291577886553 0.0288037708592785 0.296033656479816
0.134328799719687 0.219549627182763 -0.156613046516202 0.198311239427362
0.00480322152754917 0.278078092349464 -0.189766816910473 -0.010567699626203
-0.0908773433287541 0.240670407330339 0.0371008539494067 -0.146878369846809
-0.132014758767387 0.12666764032438 0.0316977225045244 -0.240829943729422
-0.0785937202688968 0.202655602613253 0.169595477770965 -0.212533186458954
0.0299564988636522 0.217461127885128 0.182246922426818 -0.214887667286602
0.126085429815672 0.120629638865875 0.122596769211811 -0.195417568743179
0.136102306158441 0.0404422804137311 0.10186596248663 -0.199522076349366
0.130608423595295 -0.00938362962179752 0.0447318387494432 -0.206568921309505
0.107236970592481 -0.0380875830310272 0.0290468814350848 -0.149536638505232
0.100809942571683 -0.041627034414063 0.077200992342059 -0.0712746199728583
0.104822719409582 -0.0247202556371083 0.155962719681403 -0.0119465870449882
0.126157561616341 -0.0158308538499143 0.196324371240597 0.0922050959888053
0.145966188918915 0.0328628307062458 0.182324610045144 0.208084494351341
0.134083883216326 0.0991477166998293 0.0354164549433925 0.285896641681231
0.0694832256017148 0.207505995737567 -0.13407636720306 0.172002218379484
-0.0608740378131451 0.227604043036116 -0.146476048212778 -0.0423986003487508
-0.126209249080711 0.15714994605384 0.0898721855306871 -0.189740397452753
-0.10800330401829 0.0310368462773427 0.0308762039936268 -0.280614494701624
-0.0792499739020787 0.114189286611953 0.138382028746308 -0.218136617646093
0.0135889679768558 0.135678273456743 0.172986001467311 -0.19319401748639
0.0691345706717243 0.0608839239237206 0.143071052364309 -0.168816404490393
0.058927883902623 0.0225402259772706 0.131774401134031 -0.198805479112898
0.0661150420326633 0.00960131139660441 0.0695978345381407 -0.212286932454943
0.061632148221321 -0.00645525617726855 0.0592312118388787 -0.160974857897309
0.0577754625957949 -0.00793276493694563 0.109782321926256 -0.0794117551733333
0.063438794939678 0.00292340398992828 0.184110444678411 -0.0108957962733868
0.07478620244991 0.00735192191836459 0.212274961580756 0.104163073429291
0.0811176854889968 0.0389776139866756 0.181381679429177 0.216287436407513
0.0785080293069729 0.0816240837454213 0.0347829022425068 0.27457693436116
0.0168164975489866 0.167103908140002 -0.104102434760538 0.156353945352891
-0.100693566576117 0.147102163952096 -0.0931363178519823 -0.0459665734515635
-0.132464506592957 0.055168422147662 0.14200388174702 -0.192961341958072
0.0805167809709188 0.0407535011172467 -0.145136775550986 0.20272643598493
0.0774279999121357 -0.07471451281327 0.0800185237350587 0.0666543005712962
-0.00496203410114831 -0.0859071779836169 0.1032870029493 -0.159755132219963
-0.0449794019973064 -0.021775385358497 -0.0146125098595184 -0.289532890719275
-0.017374595179744 0.0006388816614154 -0.189295630027801 -0.25320853509473
-0.00771082963205246 -0.0139176773914546 -0.251423037362279 -0.118063592121582
-0.00547872943398264 -0.0271366671421023 -0.20671273809131 -0.00309110683494275
-0.00507349608317688 -0.0413745705583307 -0.1444945511034 0.102188275233415
-0.00175931900182015 -0.0390138391488539 -0.0728232337239746 0.164795884778075
0.00810287412111451 -0.0325370649323787 -0.064109952753501 0.228425240941375
0.0251087119765407 -0.0159025832279992 -0.109173333978265 0.23515876573589
0.00255798101655294 -0.00203259859159642 -0.16002394642036 0.199478377283136
0.0222172653115525 -0.0404091876678307 -0.190127324438423 0.195537765925305
0.0923632543251156 -0.0265169951195355 -0.168409522031101 0.22853631656652
0.0772214316570495 0.0649856252205166 -0.0317091300788485 0.301788331534426
0.0236321663221114 0.127769058317582 -0.144566249354227 0.168432073243998
0.0574978151246605 0.0242435386232475 0.0851901976525915 0.034198516692086
0.00692240891984744 -0.00765609295285166 0.105164969106594 -0.17649294732952
-0.0054743247285784 0.0248728768958901 -0.01049561307013 -0.29304942212561
0.039723451478943 0.0243681918873396 -0.167325333312152 -0.257510670019701
0.053166032890561 -0.0159940477819962 -0.232808457801799 -0.137582430496044
0.0473088122821286 -0.0480314018150489 -0.199668818305742 -0.0229246921660747
0.0486114917719378 -0.0740781147860147 -0.138056001014043 0.0826702349251166
0.0534628184972011 -0.0737456963465506 -0.0545188962313352 0.144392358778271
0.0795721015612979 -0.0704857653394546 -0.0249967243731107 0.21906522511219
0.124937688712526 -0.0273442995119942 -0.0595567712653996 0.253878933899948
0.104275243154973 0.0393432677589906 -0.134231154118905 0.238970596046613
0.0861063873010809 0.0616902675383342 -0.198554337719492 0.205528028126368
0.104695733209449 0.100129442305854 -0.173019521408051 0.185404246354614
0.0614115376682664 0.179948910390475 -0.0312858591099046 0.233692625011209
-0.0400401174471054 0.19801734320561 -0.117576396874748 0.107812472805661
0.0243142581295307 0.126926338472051 0.122442395637253 -0.0077317834085308
0.0206854026906022 0.08817008439852 0.134262261868105 -0.206278450678205
0.0460508255946562 0.0778274475698513 0.00502208899845521 -0.30615041079892
0.100235214201169 0.0447377389399642 -0.13660126359636 -0.258763714683613
0.111536044316822 -0.0178598629695589 -0.198236373068676 -0.154805778904092
0.0958819138704972 -0.0633022770934196 -0.17446094321011 -0.0477282942250703
0.095361543695653 -0.0968221628460159 -0.113177936071596 0.0519180763127311
0.0982887944247573 -0.0976124258615192 -0.0201286978738454 0.109422676233945
0.132559171141503 -0.100848117270004 0.0306010244215413 0.190643232227603
0.197585689122252 -0.0479503760369712 0.0135143519893314 0.255583049694068
0.189038371683969 0.0496552808169899 -0.0816806078235957 0.279106511056369
0.155653294748394 0.131790358961204 -0.193750107016887 0.226530832426262
0.120189091014239 0.201456470770907 -0.187977472348513 0.142773913369286
0.0425664587429779 0.264504910255157 -0.030707085200794 0.138215429831309
-0.094372204002309 0.242185169579963 -0.0722254470835476 0.0262606334771839
-0.00829997015634252 0.216438711269503 0.166232784469252 -0.0616281965728725
0.0392095530524838 0.183156197302677 0.17098225430591 -0.235110930494384
0.106389479513743 0.125431814767219 0.029391658157447 -0.311223308449758
0.158100564170816 0.0556065345031302 -0.0930788872986549 -0.25383553717107
0.158703504922901 -0.0247498094267062 -0.149421938255215 -0.169006657367783
0.13179744628412 -0.0750202535910785 -0.133283604703545 -0.0737109952003787
0.126845620779643 -0.106608695614121 -0.0730893414828725 0.0151567069275491
0.128500699182461 -0.104038899661272 0.0237834543319437 0.0661466598256701
0.163745704613996 -0.111669693274572 0.0882231405267252 0.149551853911711
0.234538990397487 -0.0596826679445694 0.088844477449688 0.23903608024634
0.237165757722281 0.0494506638192904 -0.0236103303089894 0.302312558691898
0.200138665596176 0.174946563284247 -0.181805890203534 0.240046022742004
0.118854937481566 0.268319657191302 -0.206443531768827 0.0982781109718331
0.0112494717928082 0.306589064407541 -0.0255915461159399 0.030458443307413
-0.12948565177681 0.248560049457051 -0.0249554328332611 -0.0731050580453071
-0.0387680950253698 0.266984328286887 0.193087439267021 -0.125684202802358
0.0511074763543781 0.249461043254266 0.195200965905474 -0.250430105839971
0.150722092564467 0.156011424158332 0.063134625554258 -0.292799750925827
0.192729234768174 0.0589450578681538 -0.029563623637215 -0.242554474791587
0.183852711634193 -0.0283756367381346 -0.0845360118843666 -0.185737276270087
0.148204880541979 -0.0768027022426275 -0.0796961895846895 -0.103629412305246
0.138960692600285 -0.0990317235351567 -0.0227903604353471 -0.0227502963999997
0.141883246744879 -0.0900442470161474 0.0717905797803824 0.0241111980131965
0.174352072512901 -0.0946943677807032 0.137886472124123 0.11211588451069
0.237511369779364 -0.0419446492015601 0.145828318713388 0.217109127112144
0.239181310397655 0.0626983390230837 0.0192150445377543 0.308372952826617
0.196196311707846 0.205518396304904 -0.169961259111824 0.235243587806114
0.0805034778755167 0.298003745267117 -0.213977840852081 0.0470166247069327
-0.0363368272610878 0.302876900879884 -0.00725815554943493 -0.0722795022018305
-0.141407802528215 0.21272102501959 0.0112141639330978 -0.171808922858152
-0.0615293621853225 0.266373351949092 0.192288668410098 -0.18633375315313
0.0502846336441385 0.264441068178803 0.195153519212945 -0.247864484711503
0.161968696473105 0.15605018996556 0.094761415642526 -0.251841877627176
0.189578316323107 0.0516507413399896 0.0411186380825159 -0.224478733458009
0.176860679833487 -0.0262921649433538 -0.0168960339711761 -0.202001353094136
0.141258148947076 -0.0666207984843695 -0.0233861573385707 -0.131764249830435
0.130825617062303 -0.0778435652200335 0.0310625312253848 -0.0549604021942977
0.135026859390582 -0.062093813809743 0.119638715899724 -0.00625086785758446
0.163688273763164 -0.0592502764277452 0.178602574630034 0.0885120647416663
0.207865525266571 -0.00482932989042606 0.182392652400695 0.205054338592014
0.201858954201802 0.0864667943093158 0.0431027991699018 0.302671045829996
0.14790148736831 0.220980237173013 -0.155471185703881 0.212426073033689
0.0149124037930336 0.287426773838531 -0.198069361730042 -0.00219759811695519
-0.089108884317003 0.253056614737787 0.0318515022807743 -0.153193111960419
-0.131934489798456 0.138113299399156 0.0277720797537767 -0.249802763533156
-0.0725463752796452 0.211763204584078 0.167997288227332 -0.226496591108206
0.0405951696912491 0.222711359595417 0.182189447254518 -0.229142641816328
0.134372150998295 0.119569821666277 0.122523287223467 -0.205210857272368
0.141782489365024 0.0367094734083803 0.0997548000617232 -0.210569460440989
0.134418360877206 -0.0151036834309476 0.0374816539998027 -0.214772297409536
0.111196043088905 -0.0444435789015729 0.0259614918245987 -0.154977404019858
0.102329249116271 -0.0462802884972451 0.0782284172009995 -0.0775067055052017
0.108880764086036 -0.0292400369894942 0.161374445447499 -0.021084882022115
0.130038413368882 -0.0215300329144157 0.208356131404735 0.0862814412690541
0.152187667625216 0.0283616473725107 0.199106447625049 0.207010513447945
0.141642126410645 0.0981817961466339 0.0486997632107313 0.292438546808665
0.0795404380344457 0.210566201604562 -0.132629014548914 0.184287594637335
-0.0549017982859625 0.237571327783378 -0.154591650599163 -0.0362451016917815
-0.127663285511589 0.168773014699747 0.085343560090125 -0.198632315264111
-0.11076632247996 0.0380483411475924 0.0265462879069283 -0.290171823525542
-0.077062922344394 0.120907880832904 0.136956047613451 -0.230886141144942
0.0202089441595413 0.138535969860055 0.1736053566228 -0.206260144922371
0.0728717215150889 0.0593826185122456 0.144661057998815 -0.179090129368903
0.0609514134964894 0.0211611228064066 0.129796893068235 -0.211218354800125
0.0688874768968345 0.00675494335072011 0.0634298649349874 -0.221576273224005
0.0640981269275011 -0.00965305995754206 0.0560899002181886 -0.167551374692234
0.0588168708887936 -0.00971492145154589 0.111931907741326 -0.0874342027795033
0.0660909842272026 0.00060718416714786 0.190729186761327 -0.020117506415882
0.0770605876658953 0.00519575253273263 0.225191586071846 0.0993399371606246
0.0849690963208269 0.0376409920759813 0.19839111831667 0.216353601392681
0.0826505964144574 0.0816114305280013 0.047442865319791 0.281268332776781
0.0242704556545953 0.169801936736739 -0.102627806199358 0.166077016746224
-0.0991270240823122 0.156150127953625 -0.0992534001330034 -0.0420814188494914
-0.135691068147887 0.063448879204693 0.13868823686716 -0.204422143345625
0.0839515947668317 0.0364782352745158 -0.136644509153059 0.215642916635098
0.0729888151472377 -0.0809785117713654 0.0848376052904431 0.0629718116809932
-0.00993874257400531 -0.0870624693703408 0.0974086019471704 -0.169521773691369
-0.046472691503046 -0.018539631294324 -0.0309336476108926 -0.296417830834858
-0.0164331894040588 0.00138718513380096 -0.210042734422766 -0.247611346520199
-0.00831921022140182 -0.0142100269430244 -0.265353444855617 -0.103934695022477
-0.00819802353349263 -0.0288300762934818 -0.214674956130078 0.00815266966836579
-0.00790227934305584 -0.0424509312016727 -0.143365672464647 0.113726896819268
-0.00376771613434625 -0.040501663435967 -0.0656238251150974 0.172494860230621
0.00744582425518076 -0.0340011735614558 -0.0503974996337267 0.236946772665898
0.0252967929415997 -0.0182567907919858 -0.0972683032296547 0.24723189062311
0.0042275947031117 -0.00109761536741604 -0.154179010631981 0.214899498846368
0.0199369057345082 -0.0416275134432792 -0.184727724283067 0.214877440697355
0.0897392677879982 -0.0318828286170806 -0.160462868244719 0.244306656666153
0.0815911898041513 0.063555656969153 -0.0187793494799967 0.308960774613746
0.0304796545598494 0.12935831422874 -0.138345009652558 0.180917924569028
0.0587760720061726 0.0211892551777541 0.088232629143545 0.0288537467075678
0.0068251224482997 -0.00696397673469817 0.0981709966905937 -0.186947375268399
-0.00348105731190762 0.0274065915105047 -0.0268765992859737 -0.299967509862764
0.0430171880672895 0.0224551643697533 -0.187360508545957 -0.253930457781962
0.0537223616719137 -0.0200065777050062 -0.247304915271019 -0.126244094717124
0.0453960790036928 -0.0535033101896094 -0.207832103890936 -0.012366365421181
0.0455044572653356 -0.0796202506725062 -0.137863122722358 0.092551503708844
0.0513035919010569 -0.0801155741546391 -0.0484204817935044 0.150443845130578
0.0790368876080266 -0.077874380709937 -0.0117124331909783 0.22454926203587
0.127157830972937 -0.0368018866233963 -0.0450690930767661 0.263431189988184
0.111736052575428 0.0344568268374559 -0.124986825540076 0.252137850567329
0.0923385851863801 0.0588522630153794 -0.192130175367664 0.225142484364524
0.11055163876023 0.097276234358983 -0.168472601861159 0.201220452381115
0.0707498366138068 0.182068729108932 -0.022498201515523 0.239325721019211
-0.0308614023527616 0.205970334006078 -0.113865424819951 0.117406333672605
0.0311727102083219 0.128130762707697 0.123461567822021 -0.01640833809853
0.026671454512624 0.09032322034861 0.126968224283196 -0.218902043405283
0.0520451773373554 0.0785963729989621 -0.0111183387461314 -0.313201056589328
0.106186658363721 0.0400459138108573 -0.155299771053252 -0.256288146629004
0.113509629978593 -0.0260092864193294 -0.213097710751875 -0.145953046534616
0.0951071059828221 -0.0726241204473608 -0.183450307099662 -0.0389442537142889
0.0920672646814413 -0.105652870900265 -0.113867347899572 0.059507738887424
0.0967604945572828 -0.107157823111722 -0.0161863250784472 0.111684500598592
0.131983224327626 -0.111733764996418 0.0430059626959835 0.19139763068623
0.200608340343844 -0.0623167826675188 0.0308449147630007 0.259504859884411
0.199102165034796 0.0400914468020362 -0.0678767508205012 0.290036811598291
0.168329533257241 0.127064491131011 -0.185720583046546 0.247106657857534
0.132905398454912 0.200398533621667 -0.18700388374072 0.157817565143598
0.0552460888577765 0.269724736809624 -0.0267682866012105 0.142752533530415
-0.0833067545715261 0.254846834217381 -0.0728537363791998 0.0313895159280852
0.00327924209232059 0.220852734445691 0.165346781666107 -0.07454429086962
0.0517425719961064 0.186575599938461 0.163436086362561 -0.250501367270527
0.116437297346077 0.123747834751093 0.0129712079251863 -0.319660735762388
0.165587717462843 0.0475176975297577 -0.109729304509001 -0.255461666075384
0.16206179550881 -0.0355124496082667 -0.164030670175573 -0.163992354234323
0.131074064911795 -0.0861856917043007 -0.142310803896311 -0.0676848324676171
0.123468033679534 -0.116905989236821 -0.0752022682247508 0.0197933021629962
0.128032215948176 -0.11547199708062 0.0267179236113427 0.0638794871326139
0.162864610813571 -0.124708415966691 0.100120135262571 0.145598140871423
0.237764130830469 -0.076681671009855 0.107402949639621 0.237851017174347
0.247920704724072 0.0368609349365646 -0.00574905872533983 0.309758162179752
0.216399261781537 0.168352618115642 -0.171328116510497 0.260494360311735
0.136236564903023 0.268115172790737 -0.207496429514907 0.11487468697613
0.0257867454452008 0.31579750710645 -0.0277124665140427 0.0328616982714501
-0.119297703339353 0.263659636058887 -0.0294942115969719 -0.0730171687290408
-0.0239512543051158 0.275164286473725 0.189409555254838 -0.140798044633674
0.0678211989593002 0.25338929004998 0.187772805036235 -0.267788950128473
0.164079209782305 0.152263086970662 0.0499176742698356 -0.30170302077063
0.201855887404633 0.0484612683449409 -0.0428024781691271 -0.24696475185709
0.186988497292646 -0.0412076775260757 -0.0982774555328622 -0.184947782308855
0.148786214257649 -0.0889099267419509 -0.0887788627136364 -0.101495761404326
0.137220934114209 -0.109651783099716 -0.024732262127531 -0.0221685056115709
0.142560716335924 -0.101545282452566 0.0737060035819651 0.0180551171679824
0.174535891989895 -0.107701108605617 0.149491912617188 0.103398571415801
0.241318290899227 -0.0583339053413606 0.165075117042169 0.211960754016214
0.250170632709312 0.0517952375253554 0.0398022371194255 0.312864822971088
0.214602968490537 0.198458933905965 -0.160878365154606 0.253179765306913
0.0996006674480174 0.301768400505123 -0.218662936368569 0.0633328505851505
-0.0234092315642591 0.313836334982037 -0.0136195921083755 -0.0738671866456142
-0.132611583643412 0.227791776370916 0.00263706066277657 -0.176655361872686
-0.046952141292819 0.276080323754183 0.185814467289667 -0.202963498027626
0.0686664813451154 0.268484307983016 0.187607868828611 -0.265795587059894
0.175424479557575 0.151084292783347 0.0850748344311438 -0.261833467511456
0.197336825154177 0.041373745556258 0.0310900011355971 -0.233066473873727
0.179321803065514 -0.038961055431596 -0.03091669593696 -0.204474767116295
0.141524910503368 -0.0788367019970094 -0.0313912216670417 -0.133809414862774
0.129894421584722 -0.0873553655292183 0.0290908901766944 -0.0592490587016436
0.137302082719987 -0.0728327544510165 0.121632533863692 -0.0168408855387063
0.165191957488649 -0.0707538850977882 0.190003185047342 0.0784593226162752
0.212865542418717 -0.0180542977663163 0.202227938260164 0.196535629687524
0.212629467204677 0.0771287156915083 0.0625920005096758 0.305860939987012
0.164537301000754 0.216579787907062 -0.147453030913894 0.228696834759848
0.0320658696454561 0.293830171178995 -0.204507598071577 0.0124540918292032
-0.0798132894407186 0.266509974304016 0.0222527738640924 -0.158449986260426
-0.127380508752051 0.151301837468645 0.0174243124316094 -0.25775597683492
-0.0617320074238853 0.221221729375855 0.159956280649876 -0.241933927545382
0.0562286933514437 0.225097696450924 0.17576293832473 -0.246243751753484
0.14455331255833 0.11409476043587 0.116891338557398 -0.216299528565253
0.147130248076966 0.0293006347567688 0.0925205711665599 -0.22237593222646
0.137334174017973 -0.0249736130588561 0.0250165668958029 -0.22148917247758
0.111664854458591 -0.0538781609835096 0.0180475840002795 -0.160124021886571
0.10174568002252 -0.0530948490344048 0.0764130308929697 -0.0851033759649946
0.111616749925278 -0.0367340715481821 0.16436786125011 -0.0340068934384978
0.132472204789727 -0.0289578251135293 0.221270224069053 0.0742942389552571
0.157694384210197 0.0202380072163307 0.219356567294232 0.197881169025272
0.150737715258214 0.0926329255836306 0.0684797079328271 0.295238533352097
0.0947542378915072 0.209263513689132 -0.126044658489667 0.197628173550062
-0.0425935989803728 0.246972703713333 -0.161485633312437 -0.025910978888684
-0.12247406997277 0.181790290553369 0.0751345778511943 -0.208160934838872
-0.111484405495567 0.0478368360798612 0.0129580315895058 -0.298366602015869
-0.0705640582173381 0.128035095991778 0.128711797863941 -0.244553784755284
0.029926654748857 0.138840589811095 0.167762325594511 -0.221777560148544
0.0771321777565956 0.054993739963988 0.141143020237561 -0.191380458048783
0.0627634093174572 0.0185176065055869 0.122416016576431 -0.224996937665276
0.0708571001676664 0.00198326356994409 0.0512011226704824 -0.229938008567098
0.065347293545494 -0.0146919280519446 0.0492636391362172 -0.17481506528292
0.0593510278944669 -0.0121675323415376 0.111092345131967 -0.0975227642360351
0.068321572023994 -0.00263805051977231 0.19498257286956 -0.0344016801004203
0.0784140964460804 0.00133149694042374 0.239312575847267 0.0872481790653294
0.0884861529110228 0.0341396638758221 0.218618623521244 0.208851113265835
0.0884739966293996 0.0787823039780313 0.0654897383960348 0.284728194520164
0.0346968074661841 0.169816927661727 -0.095469480001489 0.177023238986164
-0.0919691685318538 0.166618489778809 -0.104943778006935 -0.0354929425012585
-0.136074683284618 0.0746679275296697 0.129954656681976 -0.216968024931332
0.0851112557297581 0.0314971073010516 -0.12320027782614 0.223818413342747
0.0654013705490601 -0.0851186959508459 0.0875054658956194 0.0568532290875269
-0.0149752977050425 -0.0854742414561969 0.0875070100996768 -0.175172209273391
-0.0464678334375063 -0.0146414557459852 -0.0480593880156113 -0.294603885233207
-0.0155413627397925 0.00178801735451639 -0.226303986103727 -0.232769709409169
-0.00887676029151916 -0.0143282467892828 -0.271144139131336 -0.0860876395888778
-0.0110444619332832 -0.0296393677377229 -0.215840488457436 0.0214939543382098
-0.0116289452885314 -0.0423005902718592 -0.137183989488136 0.122489595966709
-0.00620369710749925 -0.0413391773983269 -0.056367871138286 0.175124080230044
0.00623006576775127 -0.0350814707356742 -0.0354975523531647 0.238472971838546
0.0251100032290416 -0.0201340291119107 -0.082221816135987 0.253111341227331
0.00542285498173925 -0.000955247364803676 -0.143367082053897 0.225431874994026
0.0169956526887498 -0.0415767785948263 -0.17096824667691 0.227678831662278
0.0849681864862016 -0.0360403743654157 -0.14732493295943 0.254556778626415
0.0836829040993785 0.0589877555684661 -0.00461954390505756 0.308396848895406
0.0372376332192811 0.127376166745035 -0.12746341953538 0.188799610333435
0.058122742614227 0.016815552827179 0.0880857419863898 0.0235680198746291
0.00655973650580881 -0.00657123095660756 0.0880414012550799 -0.192501152993681
-0.00102493184291453 0.0290895097217475 -0.0432255034145957 -0.29777176733342
0.0452678910561526 0.0189706166902438 -0.203085404076834 -0.240850121888532
0.0529699987451823 -0.0240705408678767 -0.254995585212262 -0.109577046582109
0.0411967785771316 -0.0571534351908604 -0.210723660975035 0.000457019865558397
0.0400348644670216 -0.0832709433751711 -0.133085001650463 0.101394227961262
0.0467286828875512 -0.0840839917159124 -0.041063998557548 0.150944733234818
0.0759744551933462 -0.0837591984716388 0.003155968366135 0.222441420433599
0.125576824718468 -0.0459060129110099 -0.0279286726069048 0.265300895825087
0.11552706929884 0.0281106933369816 -0.110580939235921 0.260148451081357
0.0967229857838382 0.0544549311263648 -0.178044209867573 0.238736712865508
0.113783589933816 0.091109151174093 -0.157674913672177 0.211803125130971
0.0794175218454451 0.178225252490953 -0.0117864399880639 0.239070247423187
-0.0189240310358149 0.20750466154448 -0.106722418992038 0.125089917346064
0.0369986396281441 0.124650782836054 0.119904517080777 -0.0237312872046776
0.0319943708382195 0.0888784921213806 0.114686639663139 -0.225979736688073
0.0574069024563006 0.0766873221312221 -0.0292920490440706 -0.31081943278976
0.108606799506251 0.0326624224689453 -0.171035169348903 -0.246260664119448
0.112268586606368 -0.0338501284333326 -0.222387611053859 -0.131638993475406
0.0905704067391376 -0.0797199429509942 -0.187517495268567 -0.0274923771920491
0.0850204730582972 -0.11204265530768 -0.111172547986129 0.0665129011276848
0.0910747541229025 -0.114965324412413 -0.0104146623267294 0.110371265500866
0.126425036858687 -0.12102323227243 0.0555909774837588 0.185648783568366
0.19738123010247 -0.0768597880429902 0.0484121908041081 0.256299878574251
0.203704714888577 0.0279586266177297 -0.050145675525951 0.292723714837958
0.176105657257781 0.117283201183941 -0.170369864424823 0.260427759663877
0.14327571696646 0.192456933847378 -0.178275049068697 0.171262155556799
0.0688146118787135 0.266888369248506 -0.0215896911702145 0.142940867124938
-0.0680224177529329 0.26023311759799 -0.0708272049715868 0.0365079497806238
0.0159194268305397 0.219630844371489 0.15868603597961 -0.0838352977275621
0.0635672116151155 0.183342718678985 0.149120662644506 -0.259643783513485
0.124205322809556 0.117898837479636 -0.00424216351140793 -0.318143857801016
0.16865235596415 0.0367181083615574 -0.124786183964667 -0.247462743727155
0.159503203307135 -0.0467909512795596 -0.174763447700642 -0.153358686932358
0.126002238323121 -0.0960056017887216 -0.147565531513374 -0.0585744855486781
0.116530359679569 -0.125424768066939 -0.0742355724034594 0.0242756781759733
0.122388591452034 -0.124580683321423 0.0288730385764312 0.0596639746026394
0.156305419468613 -0.135825611418976 0.109462589453527 0.136317879200668
0.23340624536901 -0.0924180436723701 0.123124516289672 0.228825823311117
0.251476033080639 0.0215984206457176 0.013440269939373 0.308067523065022
0.226934087018577 0.154687673492344 -0.155418730854784 0.272695626890656
0.151053853855565 0.259751801161732 -0.20218680082755 0.128002567858946
0.0409462158271815 0.314813645676489 -0.0287457689468198 0.0343304417883815
-0.103169683552994 0.271720273499394 -0.0333581867531168 -0.0700913875904375
-0.00858484856527982 0.275839579022409 0.179517493676634 -0.152201054372506
0.0838556417763185 0.248654125621654 0.172821236049637 -0.278886455065027
0.173572932408506 0.143312325986467 0.0342176447077039 -0.303037686821738
0.204829305030927 0.0355756653563141 -0.0564317600429196 -0.244147996995613
0.184453818745759 -0.0536536940835977 -0.110933407615757 -0.177897275988422
0.143576937912618 -0.0997307000119681 -0.0947739893146395 -0.0955255380284054
0.130957706261901 -0.118389897664092 -0.0260654251322659 -0.0214613463664397
0.138068065620213 -0.111941236319162 0.07291516230703 0.0111693073233613
0.169102909984021 -0.119265125354229 0.155850876112218 0.0906676993248895
0.238261183492133 -0.0746784282460411 0.180785929115459 0.198901002519113
0.254766051361079 0.0357851993083241 0.0595263491522107 0.30768110715216
0.22600991137642 0.18423490219248 -0.144913976259394 0.264441874642569
0.117477624644093 0.294978018989194 -0.216292818071162 0.0782332808480703
-0.00708386466950146 0.317047474900965 -0.0205006170812888 -0.0721587980920856
-0.118787611055959 0.237253244684713 -0.0063785801637397 -0.175962221395125
-0.0304063202512683 0.277445328566496 0.172645198738617 -0.213887580869338
0.0862022651861702 0.26317845713287 0.173098991236535 -0.276469569168061
0.185025326081995 0.139933312037665 0.0720667120807383 -0.264558354855166
0.199372467513128 0.0290524113766185 0.0184146108322357 -0.235000581270677
0.176740971036889 -0.0508072265445351 -0.0435678293193425 -0.202135554368109
0.137267981262276 -0.0893482594578224 -0.0390159664299035 -0.131304530426843
0.124535251328229 -0.0947697304886401 0.0255534345204779 -0.0613880992423052
0.134848008712237 -0.0821772486092982 0.119484164416804 -0.0267617385259468
0.16159045933431 -0.0812518681347565 0.195903454534333 0.0635718203736261
0.211903433140919 -0.0315640854550543 0.216751780686903 0.181117805753571
0.217156997637002 0.0645591531751128 0.0829758312178256 0.299047629398822
0.177160558922095 0.205112649495032 -0.132997336261756 0.239217249351828
0.04970971054351 0.292333229664927 -0.204644362029658 0.0267855907961957
-0.0656731621552356 0.272924480331339 0.0108970499730383 -0.158829538778191
-0.117987367502599 0.160757285655843 0.00379904793169245 -0.258012957427841
-0.0477821328846453 0.224214329675563 0.145327952852787 -0.251343728149077
0.0713738579536255 0.220479687180616 0.162032350526921 -0.256374165965936
0.151312780554541 0.104389787329621 0.107065183751524 -0.221272070808878
0.148337600449683 0.0197376956526791 0.0806727719235044 -0.229155994711574
0.135161198433846 -0.033474678587085 0.0108112611755349 -0.221674279788999
0.108491768502087 -0.0615339654567549 0.00882387255637733 -0.160321410655316
0.0994636092983649 -0.0587264255283952 0.0721225075287992 -0.0910918415214899
0.110130531817562 -0.0440858276027115 0.161323385049067 -0.0461805298858615
0.13041993113405 -0.0368058578256263 0.227026807693279 0.0581600751129047
0.158016102521906 0.0106499441414415 0.233431821781793 0.182059079997693
0.155160491867522 0.0838505772995213 0.0874696781026638 0.288191957092749
0.105890565344208 0.201241872823746 -0.1135587708932 0.206670519205015
-0.0272575597496842 0.249559809426578 -0.163924723396524 -0.013948303217969
-0.112385125239263 0.191394111820134 0.0606195656910471 -0.211495200276888
-0.107079067147381 0.0560118925193959 -0.000747667020142839 -0.299103902804818
-0.0621310081390398 0.131705656269703 0.115589929374863 -0.252509501987483
0.0389913172317851 0.134463418460737 0.154739496725078 -0.232441965012157
0.0797803147469442 0.0496435921160503 0.132311450068126 -0.199388450159
0.0628257404635327 0.0145507039786252 0.109217678317174 -0.233854554792683
0.0707496483293038 -0.00269281017199911 0.0373142444070293 -0.2315074229475
0.0637620440995346 -0.0198515224470811 0.0385134467073965 -0.177130472617296
0.0586196861586879 -0.0145911943259104 0.105759444144019 -0.105447898134885
0.0683233633029477 -0.00689838918105436 0.19228042019271 -0.0488771567049792
0.0778097404207393 -0.00355273166373614 0.245800309911923 0.07045233627227
0.089778113581777 0.0293254793941152 0.232449261603661 0.193782585278246
0.0919033452094655 0.0731123575366444 0.0837508015013115 0.279083166744779
0.0448815956240832 0.165394997294525 -0.0851536173713302 0.183196477750055
-0.0808332854299055 0.171907932826879 -0.107436263269091 -0.0266966351994151
-0.130547877352962 0.0846670907262781 0.115211017655946 -0.223601143151252
0.0885320685558587 0.0208440252548557 -0.0973379312960288 0.233764405398692
0.0522683276992848 -0.089992011535455 0.0902922433291474 0.0470773432030788
-0.0266687911659043 -0.080987757635055 0.06182674570808 -0.179070509154897
-0.0457036094722392 -0.00836644249385848 -0.0892594808798287 -0.278344397832696
-0.0132894001886854 0.001939661463085 -0.254672582900988 -0.192766214363481
-0.0104659225533595 -0.0128124234650464 -0.27729820725311 -0.0471272725076158
-0.0161251952857467 -0.0263257171957 -0.212859866292174 0.0508451285772923
-0.0174614031458376 -0.0397244550574233 -0.117306523452042 0.137564898345006
-0.0114258554826606 -0.0403242647221777 -0.0339212965271486 0.176105468541951
0.00278547773617378 -0.0363563511675199 -0.00119713856125415 0.233605742324443
0.0239351594415576 -0.0255771314651794 -0.0472829880639441 0.255929955388124
0.00964324332504443 -0.00163244935729078 -0.111855123515475 0.240180014079946
0.0132110319418701 -0.041115199037156 -0.1377944155163 0.2459182132464
0.0775227640648405 -0.043957687773572 -0.106575445726761 0.263546273640848
0.0911968012001815 0.0456917354453054 0.0348896935091558 0.303414307206765
0.0550341153364791 0.123672546302077 -0.103992925725483 0.191491579694988
0.0566580834035366 0.00942408297876232 0.0861151359837126 0.0108712032618942
0.00465568346371578 -0.00778093560081422 0.0598211549545606 -0.199672674466248
0.00331601099260444 0.0286956602090389 -0.0855412675468983 -0.284508328152549
0.047399393559071 0.0108893433190886 -0.233927675360107 -0.206864244444769
0.0473764266330855 -0.0300090006804832 -0.266197134341397 -0.073281864854185
0.0310407524788803 -0.0606623517752565 -0.211463777142789 0.0274386237537811
0.0271849257761275 -0.0862696857950665 -0.116391123197794 0.116268000742952
0.0350988536028003 -0.0894696510917909 -0.022332877288415 0.149590583528561
0.0630555857566744 -0.0921654669810415 0.0335211920794064 0.210861273145315
0.116593064634735 -0.065215086955026 0.00750984881956198 0.256981044790511
0.119703058153346 0.0107894137220952 -0.0721601457587246 0.266919904075128
0.103693298122293 0.0394119834529159 -0.138439330392188 0.257563337721815
0.121910477673189 0.0732828171713874 -0.118451380567022 0.229219158052803
0.101701352798929 0.159140202478659 0.0180324613462303 0.241178063865911
0.0103344070942561 0.211892557517023 -0.0898272841673805 0.11885924653776
0.0495468914822636 0.116110975551755 0.111392518611328 -0.0425993459737401
0.0421639120537161 0.0811028091310325 0.0815520584451965 -0.239720477204423
0.0650189579739962 0.0680064370836373 -0.0735813018553582 -0.301508392389794
0.110646029991865 0.0169198620356889 -0.205587529302365 -0.219042686615072
0.103806990721676 -0.0473634741667925 -0.239451901331033 -0.101174291626541
0.0758733492931882 -0.0887298546182027 -0.192072718775365 -0.00511617346888096
0.0677914030672526 -0.120421835816448 -0.0992459534436884 0.0788087849924478
0.0745386067068614 -0.125201263563224 0.00118116411369524 0.104949581482047
0.106253027406343 -0.135216835762839 0.079041155439866 0.165541673530758
0.180705745510063 -0.104697296865299 0.0802880022511415 0.235459207374471
0.204112248085252 -0.00109664796751088 -0.00797657851144606 0.288473918540324
0.189920383060246 0.0873803484272973 -0.124630436473328 0.276259819555545
0.163487960084043 0.165993668200287 -0.140309047474025 0.196006683811913
0.102929791721683 0.245954084524392 -0.0046535526357991 0.151353768006581
-0.0313539954401219 0.271002722780923 -0.0627544177348434 0.0220918276646191
0.0405879098114868 0.209843363751585 0.140856658318207 -0.109750601944255
0.0844165055478457 0.167983151573385 0.10983200912534 -0.282975306098361
0.134745936170923 0.100084938709646 -0.0511059844904176 -0.314961624606871
0.168620035176132 0.014106543269589 -0.162268210331702 -0.229129167168383
0.148299878207245 -0.0656838920199222 -0.197157537542557 -0.128935410882607
0.109107242991548 -0.109450635057901 -0.156799779704068 -0.0421696534062959
0.0964716153026636 -0.137421281469762 -0.0687122233632404 0.0324832331924019
0.103111135020217 -0.139599603491719 0.0339268296326254 0.0497281880808048
0.132817724228059 -0.153092276950313 0.124678608531543 0.108726439906139
0.212541101019404 -0.124805878153328 0.149828311764427 0.1978046310628
0.247903816273054 -0.0143203745640989 0.0579471732026651 0.292476864119855
0.244224393168995 0.115117097233952 -0.106391475326504 0.285288249575334
0.180150410193458 0.229650883027919 -0.166511043780613 0.161069335683242
0.082486438312103 0.295716088809055 -0.0254377950121579 0.047769209397347
-0.0640677710354912 0.286920340961449 -0.0366037984712566 -0.0883660035836376
0.0249875760894463 0.267456375898586 0.152309665871295 -0.180585968382043
0.113739210633805 0.228860410746566 0.129012462828469 -0.307929713746172
0.185919248386589 0.118146113770447 -0.0129804549494286 -0.307700767430547
0.203481420519388 0.00857297805410622 -0.0953874895949482 -0.236760971323905
0.171706674167803 -0.0759936591979663 -0.138944268421134 -0.163414735741427
0.12497665266889 -0.115473468645251 -0.109298587446059 -0.0864142331595132
0.111797353157489 -0.132529839751914 -0.0280851838348601 -0.0185603573346469
0.119859281577922 -0.129284151868338 0.070311970335083 -0.00427697965297919
0.147441218812569 -0.138283855840137 0.164726542096644 0.0589364459559519
0.218639530019498 -0.107323312786624 0.202720286498639 0.160885349452647
0.251936584585053 -0.000502000648761356 0.103684822531546 0.285967828283492
0.246470626396062 0.144192240944937 -0.0963828978776781 0.27664944742726
0.151945631610769 0.266677691935906 -0.186671640869894 0.117768941007115
0.03464113491252 0.304536429183527 -0.032969999681404 -0.0572759206756137
-0.0850124336734512 0.253921260136405 -0.0218646588856475 -0.192258845609271
0.00395151649533801 0.272175220422442 0.138366302726457 -0.240450970963091
0.117622753752107 0.241584008522985 0.130042934567026 -0.305838381662125
0.195909840819771 0.112684548703499 0.029515506252222 -0.276665521055391
0.197886108219571 0.00296301026971825 -0.0212287978068426 -0.239334469536293
0.164116368741398 -0.07215736531264 -0.0757210200730877 -0.194977332930021
0.120718361033281 -0.104523095831306 -0.0579185298874765 -0.129328018158301
0.1092980437946 -0.108709235315427 0.0168452448759037 -0.065241827928307
0.12038237697909 -0.0992115894589201 0.111263206888148 -0.046199559722852
0.144050011247971 -0.100481688299668 0.20067905155706 0.0271355021396671
0.19885678361107 -0.0620676490692528 0.236794877861417 0.140810439002167
0.218996605249905 0.0312170345042759 0.125889745591438 0.275272298442383
0.202086667927621 0.16980116956039 -0.0890435885677764 0.252029941632223
0.0865077270115997 0.273747576852816 -0.185777813071471 0.0675804248138766
-0.026312762394855 0.27030365323047 -0.0147410280501492 -0.148009762567078
-0.0942730127113156 0.177369166204243 -0.0198793040292611 -0.268121089046695
-0.0195913618204749 0.222220914655798 0.108515176450433 -0.271292328976996
0.0970273369020428 0.202176522822741 0.12248942985539 -0.284006418696717
0.158444068587646 0.0818517883622427 0.0711073923001339 -0.238102338755797
0.146712614479325 0.000718344363272629 0.0417528149022714 -0.241092248751637
0.126244306616236 -0.0504846220353861 -0.0238939631249932 -0.220616961161126
0.0961547929632275 -0.0746966210007535 -0.0135407611222915 -0.163933677096207
0.0892620664604261 -0.0691201387662034 0.0584013181630271 -0.10012053834691
0.101289390218323 -0.0587921464215608 0.150344761707897 -0.0705621378578934
0.119425846766936 -0.0536808376941227 0.231036418472946 0.0194009508433637
0.15269552414272 -0.0138005993391402 0.253114630185269 0.140917674483173
0.160955501812598 0.0579156973366 0.129058036846898 0.267141351300105
0.1322509171294 0.176191694492647 -0.0757744479933537 0.218583538615107
0.00853376277050397 0.242675328154851 -0.154962885903696 0.022856424436577
-0.0821448456342176 0.198853995089046 0.0262339369293291 -0.208455488517723
-0.0988274621379272 0.0705440076564624 -0.0290465607990139 -0.298608183798297
-0.0438605655744739 0.134212510541391 0.0817338989821468 -0.265645269806979
0.0548433650527412 0.122536880613444 0.118925836201744 -0.255618320459224
0.0817725743655781 0.0370980385206109 0.100259520366157 -0.21812584982793
0.0634081607502396 0.00707581005901445 0.0717549007516188 -0.247164077712513
0.0675931112697413 -0.0125688304745252 0.00384392141386301 -0.232309717823573
0.0582790067886385 -0.0283650714092265 0.0154952232527577 -0.181572708295805
0.0549227076531092 -0.0204944595347372 0.0891720157492507 -0.118243121936271
0.0651810762644254 -0.0164795682460781 0.180277620998004 -0.0757150605660426
0.0728967194939529 -0.0138347988872786 0.25119796055488 0.0313282574297645
0.0893591630163964 0.0143272373929862 0.253909517868742 0.154445134516671
0.0976047372375118 0.0559389362506528 0.122866708802659 0.260183107340691
0.0678596094044658 0.149894842128341 -0.0532414594504785 0.1929210586086
-0.0520369303365851 0.175616888253089 -0.106701506806296 -0.000208324608833729
-0.113696756991848 0.0993270311849283 0.0778605592855455 -0.231093713937335
0.0864851743468336 0.0200724582984541 -0.0938988084057869 0.230479414057222
0.0481758830083225 -0.0882536100032163 0.0893877180478015 0.0469068378688369
-0.0262147293975853 -0.0791933202693666 0.060540644701092 -0.176297762087602
-0.0429530534561481 -0.00744247939884074 -0.0880113472464121 -0.274484100433368
-0.0124503728226229 0.00157692693680509 -0.251543409899341 -0.186552915716823
-0.00983566295156551 -0.0128360693105446 -0.272806807364551 -0.0427954278636867
-0.0169075791828836 -0.0261380646776586 -0.211286200322304 0.0527709449746106
-0.0183189785180573 -0.0392264362399639 -0.115782751875882 0.136651407882082
-0.0115472365665171 -0.0398580017512029 -0.033683467322429 0.173228485250843
0.00385797277036718 -0.0365414585629545 -5.82361970095216E-05 0.227853648532679
0.0240162609928287 -0.0257719699130311 -0.0443592653904329 0.251601535808597
0.0107642563024153 -0.00104313587442336 -0.110269121449428 0.237424220868233
0.0125261577356786 -0.039756579034875 -0.133589942672311 0.242992016652794
0.0744618536347656 -0.0421149243576286 -0.104901377085086 0.260428419242848
0.0890661438963169 0.0452673501299053 0.0312009997691751 0.297794021593323
0.0541367319311642 0.121580584807328 -0.101452997680528 0.189577356655658
0.0531474880647462 0.00910253107421095 0.0844568800166094 0.0117348353961923
0.00424774209030513 -0.00761729334660818 0.0588308110644398 -0.196469294491308
0.00445978918773539 0.0289462867251331 -0.0841629836602147 -0.27940473900742
0.0471757600398363 0.0105286406166914 -0.231099316060031 -0.200929176722276
0.0469937846936156 -0.0309761225064161 -0.262654383097456 -0.0700370488955005
0.0294795222050018 -0.0601356362825857 -0.209411839460653 0.0290757948711387
0.0262807401893072 -0.0854971585510269 -0.114174266633331 0.115327148409105
0.0345142654782892 -0.0896813599532985 -0.0228734352506196 0.146758028890964
0.0622887842420344 -0.0923659638855855 0.0343468976946492 0.205374146572665
0.114611094704631 -0.0657828695842396 0.00967823754340368 0.251819283322379
0.119273533595577 0.00980580627380852 -0.0704570076876393 0.264153899188721
0.102419411034173 0.0390415234850531 -0.133963323785868 0.256583625747132
0.118792045182737 0.0731311677926922 -0.117264247725155 0.227060831181278
0.0992515601312069 0.15788576651147 0.0148007778599317 0.236654290368959
0.010294000936545 0.208623744524764 -0.0877727043336936 0.118941699708959
0.0470081454027841 0.113367559130801 0.107741338611295 -0.0412337192846366
0.0413430059934253 0.0788164168717785 0.0801537280142307 -0.236169232505623
0.0654538162203806 0.067408526346222 -0.0719852338435379 -0.296303661582762
0.108725444657905 0.0157443196544441 -0.20246370850119 -0.213284586427652
0.101686756279575 -0.0478989614534982 -0.23694530875593 -0.0971855902195091
0.0737540601191043 -0.0886364994994139 -0.189887540140112 -0.00257270210383956
0.0656588347459731 -0.119541693369127 -0.0981956656809959 0.078972844760834
0.0727255592407468 -0.125457315719468 0.000251397443121328 0.102644531231428
0.105023149787058 -0.134728963091441 0.0788590688120109 0.159727756339918
0.176675028253581 -0.105961205349439 0.0818121573453064 0.229691390484725
0.201655648010375 -0.00355814166778948 -0.0063362956464296 0.28346627741873
0.188095527236165 0.0853605920616085 -0.120265117330813 0.274470987710012
0.160453404200114 0.163995098938615 -0.138939151377732 0.195727589145709
0.0996430522639885 0.243063267641422 -0.00700861714781243 0.150017194846328
-0.0292435181835318 0.267492958792195 -0.0608853783174798 0.0235690169417578
0.0391746823621943 0.205344975588366 0.136207754584641 -0.106747757204429
0.0841086205676276 0.164226937107545 0.107292705075111 -0.278832920405864
0.13387274820814 0.0979373770244833 -0.0493965055365315 -0.309427923928717
0.165877867760847 0.0126674521515579 -0.159403139858881 -0.224023472341273
0.145138617304246 -0.0664524570368804 -0.195720612049458 -0.125914862802788
0.106191257651261 -0.109336648399201 -0.155238081487345 -0.039874044567382
0.094313489088362 -0.136584872079791 -0.0676229702170374 0.0327477664412263
0.101772167580352 -0.140196750387219 0.0314843857252883 0.0480932110455619
0.130639714822983 -0.152596429151055 0.123142335237607 0.10329801518019
0.208137871304273 -0.126227098671866 0.149934640692297 0.191388338332866
0.245588872423917 -0.0161930781570931 0.0590026278035021 0.286311029260033
0.241069722078564 0.112100829298989 -0.103127316097608 0.283536410238208
0.177809466231835 0.226094966918247 -0.164103568062717 0.162062839833259
0.080137728781508 0.293002354060452 -0.0281018240817619 0.0478746715139089
-0.061725331195888 0.283487436498402 -0.0359534577589246 -0.0850660405347526
0.0243328863967064 0.262136051218911 0.147188137292041 -0.176522050761312
0.113362278147993 0.223199478686387 0.126455912078373 -0.302936375112065
0.183513808809924 0.11547158908888 -0.0108262754166717 -0.301927054698645
0.200332594232246 0.00722022606284551 -0.0944380556650207 -0.233048461954221
0.167857502225562 -0.076598040079397 -0.138496503577391 -0.158162955663555
0.122088434912199 -0.115272490179536 -0.108437451732393 -0.0834898976551778
0.109839176000912 -0.131882806996749 -0.0271410455030365 -0.0183750118259567
0.118726218385915 -0.129898564617126 0.0681738036945739 -0.00587984740075412
0.145070796460754 -0.138507587742224 0.162501155958738 0.0537506701105647
0.214792202736371 -0.108903592716149 0.201129676386215 0.153808045069883
0.248353123792268 -0.00254867006950372 0.104108664000585 0.278837812316903
0.243437384947005 0.139581949006387 -0.0928487871737343 0.274695531806862
0.150987117871469 0.262403876247806 -0.184593012969051 0.118500707009953
0.0339262031017334 0.301923501214225 -0.0348216899745916 -0.0553148227928466
-0.0818975358497738 0.251289744753201 -0.020630089104151 -0.187921745473211
0.00492982885116987 0.267240340596464 0.134047907254854 -0.235607702654211
0.11748308294117 0.23595330401264 0.127527091164265 -0.302193054048806
0.193348866238343 0.109541158221341 0.0318507662739696 -0.271748988440577
0.194369137264827 0.00201986062430494 -0.021495103825379 -0.236012861779724
0.16101929114576 -0.0727249814664382 -0.0770916627740971 -0.190399644519631
0.117311582775491 -0.104786443666225 -0.0580711238573269 -0.126484319867517
0.107460053632312 -0.107497463219983 0.0172643868157758 -0.065156755889609
0.118909675774776 -0.100184462997328 0.108195475152058 -0.0482656063428251
0.142470094258565 -0.100864866679557 0.197553705514235 0.0227010781538391
0.195126766616151 -0.0630528428580995 0.234924288628727 0.133817089005055
0.215800447831445 0.0295893365236596 0.126325097985611 0.269062946869419
0.198394153648741 0.165348487591261 -0.0857964620022595 0.24965470866965
0.0867977960833452 0.268917786879624 -0.182319508223429 0.069681631359987
-0.0262668058027795 0.268025229795155 -0.0168639403924474 -0.144293852618139
-0.0916152223848587 0.176151655383121 -0.0179423788155262 -0.26334252672303
-0.0180835743331244 0.21846206336549 0.105751369131693 -0.266631823740167
0.0975301761135934 0.196477250641875 0.119665500780178 -0.279570418524682
0.155624504695211 0.0788373320602601 0.0720222676122053 -0.23540871075297
0.143999643123445 4.36986947490005E-05 0.0404085142030951 -0.239281088365466
0.123612835112244 -0.0509755720272185 -0.0249460055721228 -0.215629190001485
0.0933619293195585 -0.0746543160201722 -0.0140085029274895 -0.160888427422964
0.0880928406051324 -0.0681309084007111 0.0578361557526215 -0.100449557462152
0.100392477904366 -0.0593274558867529 0.146756740815355 -0.0720355824062992
0.117532895351388 -0.0534841558645728 0.228191411842604 0.0147439409833579
0.150353364661068 -0.0146020965849369 0.251921219252684 0.134232836587982
0.157574924575905 0.0562740203705903 0.129121191733729 0.260470599269768
0.129288582610305 0.171103688296193 -0.0736560892914214 0.216800956697189
0.00987939362062275 0.237923137574457 -0.152933831188192 0.0260122712577264
-0.0801809946344096 0.197644397821087 0.024109722974443 -0.204811640282878
-0.0959182593172329 0.0713793515158217 -0.0259897218876878 -0.29410265509156
-0.0426110640221759 0.131859851930833 0.0794373150068594 -0.262148389624228
0.0545300083933401 0.117658684763827 0.117075415392488 -0.252252905338269
0.079274676024307 0.0356470585273778 0.100738607878273 -0.215762662244591
0.0616127316906271 0.00712100209095712 0.069414836114536 -0.245670745924759
0.0662576246167278 -0.0132003478113442 0.00226205708026508 -0.227626996046672
0.0566043448461185 -0.0286012725879258 0.014849761195087 -0.179421722971438
0.0550297060226019 -0.0194364020394247 0.0875055281885413 -0.118671452215259
0.0642923979043001 -0.0164870851622029 0.176599024355901 -0.0768119696313834
0.0708478209473043 -0.0133910476814226 0.248846657005624 0.0268592363751208
0.0878812096644494 0.0138611128009023 0.252376681650536 0.148380973955727
0.0954217758444009 0.0549434859549171 0.123477906245529 0.254321564804224
0.0666132566974933 0.145207458886426 -0.0527324459355672 0.190260983415268
-0.0494804874862308 0.172597914449596 -0.104687456393892 0.00266508199641595
-0.110298758209088 0.0996203517782924 0.073933321939597 -0.226431183294426
0.0866622352923588 0.0218233086787659 -0.0988541725005292 0.232349204759265
0.0482678420977843 -0.0865848132660994 0.0904957182932279 0.0498789636772269
-0.0257774067003471 -0.0799048338596306 0.0648748935044134 -0.177554432985469
-0.0421720812809935 -0.00814768149944864 -0.0837635364807392 -0.280352244902364
-0.0120513873997884 0.00148429100872889 -0.25169482462866 -0.191284873410369
-0.0098332127640474 -0.0139200770637695 -0.276326515706528 -0.0465524703264378
-0.0176889826013183 -0.0269275723179006 -0.216237030902889 0.0506893693579331
-0.0185707078886233 -0.0397389657040221 -0.120453982797649 0.137315526680648
-0.0109668906700919 -0.0414956544525076 -0.0390308972457243 0.174479495933978
0.00544158905854844 -0.0385563805889288 -0.00422671318137381 0.228937584605276
0.025350422223265 -0.0264443053136683 -0.0487008275482439 0.254188963044174
0.0123816713283307 -0.00046417302240431 -0.116682304516503 0.24001642734714
0.0130596451104401 -0.0385265524580339 -0.139303895753 0.245268634536512
0.0742754867361079 -0.039826081061817 -0.113122941123628 0.262412626300918
0.0892433281033265 0.0486603039768773 0.0214153215259549 0.301757449249532
0.0519735317194254 0.1243349147405 -0.105497741782861 0.19146831106185
0.0514076192758473 0.0105164626657655 0.0849523252026256 0.0152939465779831
0.00395563372827855 -0.0071265317145166 0.064229360626383 -0.197443397196222
0.00538827134831878 0.0301575983827308 -0.0787162587863129 -0.285230582692879
0.0485243203220373 0.0112240788297217 -0.230810522468861 -0.205387825800537
0.0482649040340687 -0.0309246715383196 -0.265611510114 -0.0740334108129578
0.0302791619170036 -0.0609680596251518 -0.214044211667755 0.0270091603972554
0.0271692498365171 -0.0868139916692588 -0.118675982987892 0.115814951537556
0.0366582612782336 -0.0912357379971319 -0.0278145003569086 0.147764572190519
0.065594622278659 -0.0942818736294401 0.030855458171205 0.205829527131012
0.117672924215903 -0.0666675799263285 0.00711246684165004 0.253937852803557
0.122695497333999 0.0112567797842851 -0.0771361781298192 0.266433444738793
0.103514249116171 0.0423178330231364 -0.140095385239746 0.258310443658353
0.117732244921391 0.0773961998851795 -0.124647602783305 0.22868470070004
0.0966901998814092 0.162831541485686 0.00616144646822179 0.239646963218981
0.00656035690964493 0.211668390991765 -0.090255748776934 0.12041465127255
0.0436100955607912 0.115556621453852 0.108763764195512 -0.0370195482612799
0.0396307889293038 0.0798382610664653 0.0862992664004736 -0.237293698035726
0.0656801809762977 0.0696861745236331 -0.0652640322521648 -0.301325847484157
0.110288786297978 0.017659099164459 -0.200931808937683 -0.218134669374145
0.10362961920276 -0.0475970560342952 -0.239068212377816 -0.101541505926961
0.0760939986423873 -0.0895046808547411 -0.193364778040613 -0.00506653929441211
0.0677836628808073 -0.121121619126619 -0.10057034514781 0.0786355798008785
0.0769560820367186 -0.127613526091575 -0.00366232178616302 0.1032742598642
0.109391225708534 -0.136449899210882 0.0760818394660672 0.160652414141254
0.180180242394052 -0.106471130737757 0.0804589197308315 0.231750567026383
0.206299166422255 -0.000948511685078663 -0.0112203592704264 0.286484407754954
0.189097939165773 0.0906488696402304 -0.125752175787905 0.277450979814442
0.158613526343294 0.170084403077753 -0.145615214326327 0.197200346399804
0.0948179207095352 0.249409132741658 -0.0139478034158296 0.153070309583704
-0.0351236105818127 0.270308318919722 -0.0623021340819134 0.0252794344805129
0.0337648400680016 0.208161089697806 0.137638125759045 -0.10286331969901
0.0815740637555365 0.166410342243287 0.114664762268858 -0.279169073474754
0.134307181159612 0.101945851054415 -0.0420925627263209 -0.313503347199353
0.167750380175933 0.0150412893016909 -0.157176126208341 -0.228917848793104
0.147760550444846 -0.0652683914708274 -0.197874003551025 -0.128185085850804
0.109692157550637 -0.109867089979316 -0.157341987696697 -0.0415052797195322
0.0978577600503548 -0.137713174078482 -0.0686997117026814 0.0316702642919059
0.10629397179661 -0.142755263230511 0.0293631713610455 0.0479991706248075
0.136179077075778 -0.154024876437107 0.122172993285881 0.104202699582577
0.212405720008877 -0.126512828116698 0.15060314154179 0.193001280741813
0.249680788805231 -0.0136499209469743 0.0544837594948035 0.288963541755453
0.241652766673909 0.117533258620083 -0.108380230887828 0.286774543226767
0.175134789978091 0.232598446462326 -0.170810657324718 0.163512053045218
0.0740480137142724 0.299859717191311 -0.0326139311206891 0.0499836602368626
-0.0677946594867823 0.286039297516972 -0.0339236535116054 -0.0846336571253312
0.0188575118419245 0.265633720796647 0.150621781004753 -0.17402756100618
0.109680963136721 0.226647665593391 0.134716334431188 -0.303241919990538
0.184047985136431 0.119329907566201 -0.00338342200562106 -0.306204648861176
0.20248253366031 0.0105699486990503 -0.0911920389017627 -0.23734186787138
0.171094228542604 -0.0756273809939025 -0.139077817934541 -0.160625572309068
0.125169660113548 -0.116431407756904 -0.108809415842734 -0.0852103894583619
0.113806427710357 -0.132566941923578 -0.0274208783444096 -0.0199509757731851
0.122813660137859 -0.131854539798497 0.0676537678655803 -0.00551275172014415
0.149742022441651 -0.13974124749436 0.162565482514865 0.0539309273052768
0.218599809174906 -0.108447086845797 0.203463333070643 0.155907961193342
0.251716006117141 0.000317785911816876 0.101133701925897 0.282301945612611
0.243242725209154 0.144724264086844 -0.0981467052009543 0.278214919894793
0.147796797164348 0.269092886062141 -0.189513671445417 0.120263619502971
0.0274834098592734 0.307694442174255 -0.036343520775453 -0.0546302723736768
-0.0880000746725336 0.253769318890711 -0.0155671364781456 -0.188835157233597
-0.000478810448896832 0.270330511446775 0.138860110728347 -0.234346535291377
0.114821592060003 0.239373741387779 0.134691556048397 -0.302914667091276
0.194069225535642 0.113780251489899 0.0403762380782913 -0.275047352314218
0.196850154333487 0.00485865503324505 -0.0169201893304909 -0.240728317542309
0.163964312340317 -0.0719357989915035 -0.0756353838076338 -0.191818383240309
0.120259936714347 -0.105377700738501 -0.0568939415535474 -0.128475123098736
0.111759555062926 -0.107623623532746 0.0186749513924752 -0.0670912833925982
0.122638100580053 -0.100966432319784 0.109281235241685 -0.0480499079659549
0.145980210121723 -0.100906147317716 0.199403779119467 0.0229839000576581
0.198834689103328 -0.0623783512914603 0.237675675244864 0.135912408218658
0.218023088696499 0.0333422120770852 0.1246953920277 0.272321434237616
0.196883001181919 0.169617890058639 -0.090819919722447 0.252584940589581
0.0833275642648015 0.273629139615921 -0.18647483821893 0.070058680060603
-0.0316015040034792 0.273373275241154 -0.0158366838622143 -0.145454471917506
-0.0952045826468203 0.17774038608656 -0.0114347118486596 -0.26596434228576
-0.0220511695174756 0.220572029623002 0.111486642772989 -0.265552121629183
0.095372113135543 0.198293545335427 0.126538023171314 -0.280709559757545
0.155217397975271 0.081886476766752 0.0806457179294717 -0.237876002624826
0.145646344566494 0.00270737500490827 0.0448101104931751 -0.242513538429463
0.12580764683063 -0.0506747808229486 -0.0223298998201733 -0.217655415247309
0.0952067988725523 -0.0744407925605192 -0.0114787250012176 -0.162579026822177
0.0908938569255158 -0.0676003112155351 0.0606362805123363 -0.102961273392628
0.103243182725586 -0.0590397634065071 0.14892960825612 -0.0719934823206493
0.11977550281729 -0.0526200094320986 0.231273662868959 0.0159881244615514
0.152275537452147 -0.0126968980288459 0.254200222529226 0.137192501134668
0.158150103473823 0.0591940143027052 0.127115201088786 0.263947346243292
0.126878421666172 0.173990338251056 -0.0782265408134456 0.219192616247088
0.00687748437664738 0.241171992625251 -0.154919784944851 0.0254871942498856
-0.084400429030567 0.2002808581322 0.0259995421028063 -0.205677332769188
-0.0969028047949477 0.0716091037924317 -0.0177015115602423 -0.2992298851051
-0.0445207297055554 0.132491126887633 0.0865409760789081 -0.263518250704392
0.0533567605138202 0.118052235274388 0.123317017258239 -0.253529385860482
0.078188221451165 0.0366979222465082 0.109100367760476 -0.218486071441071
0.0618546543505345 0.0084450082653251 0.0730739515944456 -0.248759366283202
0.0671593620384445 -0.0127160400573881 0.00559708290469604 -0.229011460136321
0.0570081839003189 -0.0281552877577952 0.0179828526199184 -0.181543860593192
0.0568060838621329 -0.0180422165423402 0.0914292430990378 -0.12115724674281
0.0662910065215832 -0.0157353303338089 0.17963487445624 -0.0768933855225154
0.0718380845537102 -0.0118242066115202 0.251802768175881 0.0281611132255151
0.0891140811310747 0.0154436949677712 0.253660464805718 0.151911031070457
0.094614735376361 0.0568281268190846 0.121002815383807 0.258073588145945
0.0637207406506107 0.145632101195957 -0.0566947389909145 0.191923503288484
-0.0513768057434729 0.173622777024085 -0.106361055345775 0.00295283211271495
-0.112428041464013 0.100323166535111 0.0773747537112435 -0.226792656681801
0.0901251618919943 0.0248889498990305 -0.106364943354367 0.243108621801286
0.0500384066479272 -0.0885987504932254 0.0958685600841968 0.0545680911501028
-0.026227324660212 -0.0833439694378581 0.0711601424653173 -0.185007723071117
-0.0421712652829613 -0.00832245005303051 -0.0841423222615958 -0.298504397240815
-0.0108853876056124 0.00150757612639075 -0.26077392381831 -0.202384840036954
-0.00986270580149572 -0.0152566065578686 -0.290542971322477 -0.0507065360315449
-0.01862802373887 -0.0282560360150513 -0.229881717602817 0.0517803830561214
-0.019813165435043 -0.0425463814454575 -0.129086906715556 0.143989426238487
-0.0114683317125096 -0.0450511253247837 -0.0457161934330214 0.18301751138648
0.00711317327253238 -0.0417675238163242 -0.0073950589303936 0.238714044652117
0.027220360470476 -0.0279419768311798 -0.0544873738112424 0.265532037881025
0.0145565626892588 6.65769758984181E-05 -0.126365009379456 0.251548208149801
0.0146210667267745 -0.0390499587286032 -0.149063888915782 0.256316805311209
0.0768174499574657 -0.0400219396364632 -0.124582886502096 0.274538213591769
0.0927879358840795 0.0533028585919703 0.0126551363286549 0.31686873957923
0.0518995063141168 0.131681693858714 -0.113817488677242 0.2014829792268
0.0517284192584854 0.0125392182228153 0.0896842609969355 0.0188495985682224
0.0036598300063466 -0.00762367601171992 0.0705248337381736 -0.206063630503372
0.00608095765379489 0.0322409137438489 -0.0779380337898278 -0.301964518695223
0.0514278932212613 0.0124816973540341 -0.238513605857013 -0.217776596726032
0.0509883360529906 -0.0326610981998523 -0.279226387558316 -0.0791742601362327
0.0326013722171086 -0.0640329134904425 -0.226678850137913 0.0273781473948259
0.0290159837848485 -0.0912060668932427 -0.126927242691632 0.12018523451805
0.0395708241963205 -0.0972963425432918 -0.0333278090464381 0.155224674129818
0.0713355358504968 -0.0998246711277201 0.0285939857027694 0.214604276362704
0.124435865050181 -0.0693244058284685 0.00481027608301294 0.265715055456664
0.12966271040047 0.0129871965110335 -0.0844996813801553 0.27959230517906
0.108697201952906 0.0467478027793744 -0.149353340205374 0.271259283420397
0.121592678596738 0.0837979224930881 -0.136408533908263 0.240283461563987
0.0984428534318076 0.174014063201964 -0.00204701388676067 0.253056950186197
0.00320362327964073 0.222937327178425 -0.0966296014175403 0.127474796875591
0.0418595737155106 0.1219032648128 0.114708376957675 -0.0348726658386961
0.0394226873051655 0.084425456019127 0.0953272647123611 -0.247282527549426
0.0685725922410829 0.0744885076015798 -0.0622578688548869 -0.318703460095193
0.116571813514939 0.0199836399999358 -0.207429308091699 -0.231150087993292
0.109588615691687 -0.0495220454654042 -0.250801538295114 -0.107915826644903
0.0799514867179305 -0.0935231748473811 -0.204623012446094 -0.00602258090200807
0.0727049053201947 -0.126793671262118 -0.10752435349092 0.0812825904530488
0.082561083092324 -0.135373215545278 -0.00767149054805648 0.108609356419137
0.117386176394453 -0.144246049000403 0.0770380506947416 0.166980167357193
0.1911825496301 -0.111599595584913 0.0828642388567183 0.24209509076345
0.217785481607249 0.000285515436653668 -0.0163105576718621 0.299936349854065
0.197898192758409 0.0980716472657268 -0.135810775080567 0.292339422278139
0.163706402209312 0.181744880501973 -0.15855216272216 0.207216007650179
0.0940925989036157 0.266483196705251 -0.0213630082297204 0.161265929787868
-0.0411294471633803 0.283769830569181 -0.0645292031318158 0.0285092011099996
0.0304953352411989 0.219489681984514 0.145899971814608 -0.103204046472017
0.0820446419350057 0.17505048855933 0.125830037623795 -0.291445394747185
0.139693683968289 0.109140470625212 -0.0367683523293139 -0.33160788892195
0.176434937175156 0.0178762637931385 -0.161400333798877 -0.241260482272103
0.156199260412283 -0.0677150071213789 -0.206780602654043 -0.135745506086243
0.115236775074354 -0.115333499078496 -0.165543183075397 -0.0438469035781716
0.104605466414132 -0.144510728898084 -0.0728941756091264 0.0316497146762268
0.113950433464445 -0.15066518035714 0.0279293179637977 0.0507361185746382
0.146100410482479 -0.162741136339811 0.125624368926776 0.108071014118724
0.22474134504773 -0.132390694779508 0.156972095461179 0.201939670609445
0.263012989708304 -0.012441809294718 0.0541420428202423 0.303280453163168
0.252257421164948 0.12620385028072 -0.11715545477508 0.302976432000674
0.181236009645976 0.2479995630549 -0.183011934390461 0.171666412002209
0.071408789142697 0.318486540705296 -0.038127014809684 0.0537454012402783
-0.0754372064848708 0.300519159829262 -0.0327590007553813 -0.0874545247254098
0.0147651353623982 0.279223432081452 0.159785915398321 -0.176663670812691
0.111757616430456 0.237783984712899 0.146249646613118 -0.316771431159201
0.1922699844463 0.128163166967606 0.00383230058356545 -0.32189598513037
0.213134661622173 0.0133165654943135 -0.0912001350604346 -0.251018842025709
0.180316746179402 -0.0783662845424632 -0.144435509650901 -0.169478211399
0.132263197311467 -0.121545292622729 -0.113491901192135 -0.0895432623205205
0.121871709630838 -0.13848653466371 -0.0287318565123359 -0.0225855358628879
0.131668744349125 -0.139475162680658 0.0693192011139322 -0.00615261587998652
0.159665091650665 -0.146227273889401 0.168638906431497 0.0558321240757611
0.231304619645267 -0.113236502466071 0.21317043927902 0.162936912784507
0.265738313849996 0.00255501301983256 0.102378431408379 0.296311218505462
0.253143761628449 0.155057268106162 -0.10700389622883 0.293579415233511
0.151706837721364 0.285114438149579 -0.201811029747071 0.12658748754828
0.0236624563099302 0.326553778915469 -0.0403675466434282 -0.0564333863689606
-0.095534503507668 0.26686965704444 -0.0115814690662836 -0.197459981747108
-0.00502716285181988 0.284022574435139 0.148158384729811 -0.240590664933723
0.11684051656102 0.251865048825417 0.146350386211233 -0.316574368831454
0.20154267673059 0.121399625527193 0.0489939963947541 -0.289666609688288
0.20668964363968 0.00765446320702203 -0.0143263196895994 -0.253769844623308
0.172599684047564 -0.0745101017287342 -0.0775237219613585 -0.200973396453553
0.126714395878674 -0.109755528413274 -0.0577051373967826 -0.134515152114245
0.119456266735093 -0.112275382939678 0.0204677270594401 -0.0722697761118704
0.131268806026639 -0.106373299731356 0.114276590737734 -0.0510891634357502
0.155030962533511 -0.10474099290449 0.20888005151712 0.024044793077887
0.209409424360263 -0.0646183329290691 0.24936495393815 0.141968797809055
0.227785540377628 0.0372770062786442 0.12744807675393 0.286108897916249
0.203281069997793 0.180205201854975 -0.0985129054283743 0.266706471287962
0.0839515231704926 0.289362807205341 -0.196823186827509 0.0739444621952725
-0.0376587736809633 0.289135640398111 -0.0168976419258803 -0.150864927227595
-0.102078378753813 0.186337638795348 -0.0050010681331368 -0.279736334660542
-0.0254379142400037 0.232259871706712 0.12116517992608 -0.276209054031786
0.0974455339457231 0.207457060269672 0.138181930745591 -0.293898463089242
0.161484875174551 0.0876930481014334 0.0919971927459905 -0.250203940215125
0.152883035048928 0.00487055649162404 0.050115140542709 -0.255606919023325
0.13275679224119 -0.0523515200618346 -0.0209715162631548 -0.226743401022179
0.100323233975829 -0.0775584493871492 -0.00977902715307859 -0.171045910816908
0.0980339198826954 -0.0694277993880211 0.0651039656207609 -0.10937996775779
0.109779495329529 -0.0617736075447021 0.156289349556675 -0.075859675640708
0.126466793421245 -0.0535083467422659 0.242119973978667 0.0172123646668
0.160498015087954 -0.0122388394467475 0.266576711994788 0.144147852173389
0.16431207187941 0.0645824926564876 0.130984902044579 0.277409870774441
0.129063896936033 0.18327161134887 -0.0860696295599916 0.230410065046699
0.00515508521993498 0.253117249436591 -0.162524266219771 0.0275307486391948
-0.0911261732981222 0.210599245493081 0.0290607500872576 -0.214373203957558
-0.101557162236523 0.0747712583881046 -0.0110329849692113 -0.315514975467112
-0.0479209344720203 0.138492357340694 0.095459617417527 -0.274741926135191
0.0544673496806559 0.122060364204951 0.133201376955367 -0.265377350688626
0.0801536438552686 0.0393469303409808 0.120161877489971 -0.230546462495371
0.0648003915529062 0.010278304759092 0.0798241613140135 -0.261282576021927
0.0706836292826684 -0.0131181875419516 0.00912043730449949 -0.238969021051435
0.0596012077979739 -0.0288009537652115 0.0214555228149905 -0.19021041169101
0.0608746549673228 -0.0175421608446808 0.097685626761677 -0.128154827532532
0.069528415873268 -0.015801975696585 0.189000929416953 -0.0807088377618388
0.0754160028758275 -0.0103924109609741 0.263958324968173 0.0301790951965576
0.093163724821311 0.0175918355558 0.265528963943063 0.160020903783043
0.0973660745866782 0.0608984201433551 0.12359172763492 0.271109400277369
0.0638500370422055 0.152199962327568 -0.063433678960724 0.201680686730865
-0.0552964701664198 0.180687542612554 -0.111542981379575 0.00355461728692877
-0.117552053663621 0.104001071311666 0.0833541747729743 -0.236510839374244
0.097628491346254 0.0261592829225536 -0.110956415052803 0.266226605562285
0.0514018888521443 -0.094826752122176 0.106398037315011 0.0581284630351457
-0.0302004153622836 -0.0884774773310696 0.0754621590012769 -0.201200260687785
-0.0442209714466676 -0.00851444337835056 -0.0961226217993915 -0.322950974004934
-0.0101617132806979 0.000950146874357841 -0.285191007421837 -0.213590219120506
-0.0106420954656702 -0.017278151892413 -0.315196893691844 -0.0480373633938022
-0.0209268056065091 -0.030160116407137 -0.249543004222692 0.0616720242772694
-0.0224560400144833 -0.0456608589544476 -0.138486675429724 0.159581190478943
-0.0134477353067745 -0.0489559825040798 -0.0483092535181644 0.199283088460369
0.00728916129992285 -0.0469641190283703 -0.00560266331728371 0.25704761197855
0.0297923529725729 -0.0316527973671077 -0.0538027556112946 0.28697460562532
0.0177188704554041 0.000459037404689203 -0.134069643925417 0.275406942421146
0.0152210648701087 -0.0407168341077708 -0.157166622583051 0.280791684224321
0.0810232190164925 -0.0431629834024044 -0.132991703991741 0.300294158087895
0.102017028501143 0.0566970217325071 0.0145481511286592 0.343705349731513
0.0579568450216497 0.142260819195075 -0.119528670014669 0.221715536222093
0.0539574343879187 0.0143292004320826 0.0984264588288259 0.0207802182828389
0.00259501497178212 -0.0074609577615792 0.0749619648586538 -0.223691528286198
0.0087871127249413 0.0350122501389795 -0.0873940660489036 -0.327018947635567
0.0570915121472901 0.0121557603200523 -0.260003792852473 -0.230877277345331
0.0548360052080776 -0.0376112140229331 -0.303716787025602 -0.0789286317710035
0.0335092729935078 -0.0702966496706166 -0.246587862702661 0.0350917968742545
0.0292709093021185 -0.0996607595387148 -0.136586015501084 0.13341218487707
0.0412755780922218 -0.107523806205434 -0.0356304367947133 0.169357468720682
0.0758819925473728 -0.111435023441441 0.0331110470447822 0.229819873798149
0.133083635184539 -0.0787345807817772 0.0103934686248836 0.284661070991045
0.142385658182894 0.0116099862523302 -0.0866962738668867 0.304289382730172
0.118777663198904 0.0499076741335995 -0.15734677770482 0.298102041136013
0.131928078026875 0.0903403861118472 -0.146881115990761 0.263832471214826
0.108167937018767 0.188052218930457 -0.00285984964935298 0.275707784766733
0.00668098167814762 0.241780430174739 -0.10215556668161 0.142149114421692
0.044689038078694 0.131532640039117 0.123844773362684 -0.0365782845499395
0.0421338769818552 0.0908534176045304 0.100908896857524 -0.268977111161136
0.0763288404726519 0.0802729305623097 -0.0709043093193327 -0.344273230684644
0.126999176515733 0.0191032534622454 -0.226831081216168 -0.245937416504677
0.117358474930252 -0.0566464066340322 -0.273445349684448 -0.110341395002992
0.0849775819717235 -0.103490087978847 -0.222822927049089 -0.00119558314752926
0.0762481270340066 -0.139621582014064 -0.116246725641691 0.0899730220523642
0.0873851259647631 -0.150221613505298 -0.00821241189033946 0.117612025433864
0.125468387293398 -0.160573128730447 0.0846327757782051 0.177865459510105
0.204552753563663 -0.125977435901345 0.0948443010626806 0.257327015213907
0.237427016293149 -0.00456814528042511 -0.0116545698958687 0.325092582079035
0.215698608089353 0.103650500726516 -0.141657197314584 0.320890077634462
0.180374928424254 0.195332732668613 -0.169853041824152 0.230082170226838
0.104639970831839 0.288731254807835 -0.024562197820895 0.177529103980675
-0.0404553858614663 0.308991232665874 -0.0684576912617309 0.0343663600560306
0.0349616086711317 0.237503344933648 0.15581427084824 -0.110153491310345
0.0898725850926785 0.187581662651101 0.133002558917694 -0.316726757166189
0.153681505891268 0.11592748460077 -0.0424595558943743 -0.358476795907027
0.192319219473464 0.0162076987685837 -0.176407195282039 -0.259626576136851
0.166700309485255 -0.0773974628548538 -0.226184486694403 -0.141031548921137
0.122426840633751 -0.127267651123192 -0.179963483086279 -0.043333828660837
0.110656655365895 -0.159398258401494 -0.079263834395617 0.0354797888856258
0.121177552792783 -0.168036319520263 0.0288771353252558 0.0541824447883122
0.15623781158773 -0.181252661852317 0.135723993897186 0.112504538154558
0.240784367567943 -0.148510553653408 0.173978286331623 0.211171551249964
0.286047358442046 -0.0185383610292663 0.0629972704987722 0.326499324695492
0.275460596461455 0.133252806259886 -0.121307443969388 0.33220695499256
0.19953417841887 0.266081112105677 -0.196497334078255 0.192953202887402
0.0804769989948219 0.34595118057498 -0.0434744530495694 0.0617079969946945
-0.076470919264289 0.327820991312554 -0.035208776896589 -0.0914422432280605
0.0188705159992659 0.302609736285753 0.169584099197506 -0.189652425839639
0.123357342285689 0.255343708916075 0.154786993718115 -0.344517167427789
0.210054238089233 0.135375735070106 0.00261626151863581 -0.349956647786623
0.231107517885188 0.0103653487398821 -0.101983026044022 -0.270538429983097
0.193493347696829 -0.0887967852237769 -0.159355452353049 -0.177996307179793
0.140170739693703 -0.134474898056988 -0.124683564089873 -0.0936985285032561
0.129920438937135 -0.153428696724496 -0.0316633753251969 -0.0252637313958591
0.140461085148233 -0.155729057429977 0.0732110915601768 -0.00904644325230239
0.171757215553943 -0.163403601148036 0.182596979793133 0.0548030442924784
0.247193742283203 -0.128036332418584 0.234172064405147 0.168037412325755
0.287385053054544 -0.00298180463327219 0.116624579110981 0.316602223150465
0.275556767920001 0.163516009043066 -0.110267494887814 0.32218168900659
0.168618210776209 0.306439668159843 -0.217103024865779 0.143207694384586
0.0294411675970156 0.355472402054295 -0.0463482439869625 -0.057608428881074
-0.0985859740942066 0.291654501878304 -0.0133545544829857 -0.211734351062026
-0.00157343495154906 0.30741031394858 0.15690495158494 -0.258442847579067
0.130051517420361 0.268481423712618 0.154018301759933 -0.343390069713281
0.220143501026698 0.127291909477952 0.0523015363184653 -0.315396455681383
0.223845315669766 0.00492006521859303 -0.0189421993243626 -0.275228403769149
0.185256535928105 -0.0850119131732582 -0.0865980135295388 -0.213745213507805
0.135458310286445 -0.121572615489929 -0.0648631118860879 -0.143366956565143
0.127764867484376 -0.124481300793558 0.0206762400752262 -0.0804125750506899
0.14025441337459 -0.119820400097145 0.121265313598537 -0.058762607117968
0.166709921414163 -0.117480977621578 0.22542488664557 0.019072067783725
0.225294724189234 -0.0748730912387657 0.272875282892726 0.14514061826324
0.246250010476286 0.0364347481200527 0.14277356824616 0.305546573791202
0.22175263339062 0.190825000692098 -0.102358391863364 0.292396912882867
0.0965264333265642 0.311066009126272 -0.212303069985697 0.0860313830479577
-0.0369905551236981 0.315332044375939 -0.022364958032136 -0.161530213807309
-0.106421936574127 0.205145939606049 -0.00686620645699097 -0.301966049048103
-0.0235472400393336 0.251768165934297 0.127424699622344 -0.297575669956163
0.10830734191773 0.220434195708999 0.14539409308309 -0.319690218149745
0.175093456850575 0.0913266350869329 0.0977199106875888 -0.274803498246256
0.165389893743521 0.00319803365052218 0.050323261114929 -0.278243093913073
0.142874942557913 -0.0596643434619073 -0.0254739610115479 -0.243324129930548
0.106969937601451 -0.0861385471253233 -0.0130502426062511 -0.184798848919431
0.105643223634905 -0.0773480795585085 0.0685102188292272 -0.12167774972208
0.118403658487581 -0.0700517391759029 0.166737472788093 -0.0874197245027569
0.136417660122743 -0.0602357651450925 0.261662420333226 0.0112778694508439
0.172737361751769 -0.0168213877030885 0.291696313050674 0.146924946727406
0.177917480163806 0.0672237270570973 0.146259820821751 0.295769252738546
0.141691058761338 0.195260248627212 -0.0888772314993171 0.253205839302191
0.0105285834315513 0.273113797663113 -0.175861720752813 0.0348095838353445
-0.094691353110044 0.230347120168081 0.0264035082562213 -0.231428368590597
-0.107344123172361 0.0837945391930174 -0.0126649123196253 -0.342532067714929
-0.048697546867672 0.150480859964734 0.100329456606505 -0.298000744970926
0.0594660573973192 0.12943841922859 0.140197921362056 -0.288869857082776
0.0857814067301137 0.041097485745021 0.129007064059365 -0.253829154782099
0.0696140498665191 0.0102455478271438 0.0815270694681193 -0.285013493333997
0.0760566525708402 -0.0166675762495064 0.00642344039940528 -0.257597013187023
0.0639666753503671 -0.0319361745061905 0.0205748581198801 -0.206823771198409
0.0663391089859204 -0.0196108186070446 0.103022393393986 -0.142696546832186
0.0754536430463789 -0.0186717038425707 0.202721049801467 -0.092903708576626
0.0815093764069326 -0.0118857782442084 0.285945695315105 0.0256758636962795
0.100553750351795 0.0174170840173338 0.290450355827811 0.165851966047963
0.105424769882194 0.0650098279699507 0.138416498033982 0.290674382277719
0.0705005634054203 0.162110383447761 -0.0658515171233579 0.220255138017676
-0.0552352109497918 0.195647940111754 -0.120134012977166 0.00790600672359313
-0.123475216690757 0.115168032541732 0.0848395360337268 -0.256323689454488
0.110532303072596 0.00618537476350647 -0.0749059591976208 0.316373373407426
0.036531294958045 -0.10864947465908 0.129207818607179 0.0466665551939379
-0.0478521231348833 -0.0862211770699549 0.0478092931883024 -0.229730624366721
-0.0432082160865561 -0.00116108927908411 -0.169485353825272 -0.326847648416871
-0.0058782732952283 -0.0022871404971021 -0.348557659581136 -0.170318061298908
-0.0127475808937401 -0.0185603833775553 -0.347899083903642 0.0126318169699902
-0.0277641254486772 -0.0293095609648939 -0.259862455183407 0.121937891324255
-0.0336523252538578 -0.0449745792823315 -0.119534967666357 0.197057862353286
-0.0259297622560951 -0.0508086094172417 -0.0169660865447476 0.225115000232437
-0.00293374116331873 -0.0533737260908833 0.0406903592231225 0.276074432058619
0.0235177203775604 -0.0413385564867896 -0.00667302464585366 0.318204964205327
0.0221722232075006 -0.00536644975836459 -0.0948868038933556 0.322191117140494
0.00889040869989763 -0.0447707513969574 -0.116909316741666 0.33205982055496
0.0776492370273759 -0.0605180047944969 -0.090114216868631 0.34514443030753
0.119023316477264 0.0406018499112588 0.0720074466784731 0.368947747850724
0.0914141255119054 0.141307750104853 -0.0971723183146702 0.259798257007178
0.0582001324410559 0.00836596502494323 0.109933908927426 0.00479304327147345
0.0010124864961445 -0.00462649758097548 0.0387198260608011 -0.256367294574895
0.0209225828329524 0.0368846284719058 -0.163495456375307 -0.334455065914856
0.068231633685013 -0.00199875971981579 -0.327917977948141 -0.194196703693306
0.0540933252099482 -0.0516651523296189 -0.344210917467874 -0.0224323002951016
0.0238419588436704 -0.0816363951730779 -0.264103563105235 0.0925043989607331
0.012497469875636 -0.113288343794813 -0.121752854457996 0.170122299378767
0.0216867166766995 -0.123816652579786 -0.00966501031535808 0.189985042125641
0.0586121523610905 -0.134298733560507 0.0754089573946252 0.237767102166663
0.124016269369071 -0.110400580814955 0.0602811700664634 0.303080488877759
0.155393740388611 -0.0155976384448313 -0.0404502114545917 0.343992066608202
0.135957815887582 0.0313796624200758 -0.112993515681569 0.348259871220596
0.15634486470088 0.0716522378783358 -0.108397504534398 0.309473691548103
0.148688964429481 0.178580616247629 0.0422771110371142 0.300915161454159
0.0554295060036636 0.260696367026723 -0.0975441585457733 0.161888211765308
0.0692831397877821 0.137365253463589 0.122600003593797 -0.065270744108811
0.0613945709323641 0.0944036350800294 0.0528264529731409 -0.313517447772312
0.100531407599634 0.0745432354899114 -0.150847318416544 -0.358947365170876
0.143650577422518 -0.0051703771145047 -0.298847937783262 -0.217672854056126
0.117654443163465 -0.0833999685909895 -0.321032320949229 -0.0604421058156257
0.073167206553905 -0.126344081497393 -0.247266034091544 0.0477207967064434
0.0556834085535257 -0.16485542672323 -0.108255173957385 0.119066380048489
0.0635397045651379 -0.178769872716047 0.00969798513913268 0.129349803703035
0.102147972932503 -0.195412976780884 0.119812871625082 0.17180999331791
0.189620268568274 -0.172311495001002 0.145365155799101 0.256760836259722
0.252234102084419 -0.0495245990819982 0.0423704512919395 0.351063894841093
0.249277139341324 0.0689393636306769 -0.0920793448077218 0.369101557047944
0.226177521406919 0.173968222656527 -0.136734303446524 0.276352839151062
0.162556000750163 0.285633153646736 0.00233537631145435 0.199877871430574
0.0189240344577214 0.344654471502181 -0.0828439345208329 0.0310199662897835
0.0777135251449066 0.254259140867609 0.141198353520086 -0.153980419818598
0.129905145653265 0.190268662204081 0.0716301356234026 -0.374498310166347
0.188956274986664 0.0999899548409634 -0.127432238486819 -0.380807861559505
0.212197542778418 -0.0182649089337458 -0.25120204871376 -0.241904703956984
0.16667384485527 -0.113880927228165 -0.277072516149926 -0.101436325000214
0.10967005267819 -0.158434319298398 -0.210108703478349 -0.00628721637661148
0.0897627899116174 -0.192008412961143 -0.0799851381348003 0.0537896686865041
0.0966613666286621 -0.203667722874217 0.0384194223366119 0.0529558075758332
0.131529843267278 -0.222415895428652 0.16268077930833 0.0916371726720644
0.223447900041184 -0.202827129086851 0.22197927777802 0.192362861454513
0.301020806550984 -0.0730397230336792 0.124056495360391 0.337333098819923
0.317253430359612 0.0882597585734135 -0.0682976971318113 0.375683581155524
0.260339141460591 0.244218899685287 -0.169836693437219 0.240777680542148
0.148184221698731 0.352048102368308 -0.0375181013777824 0.0783338180737739
-0.0154049981843663 0.374409257634507 -0.0708759371145648 -0.115930649429197
0.0730232198291877 0.327362146384939 0.13884906373587 -0.2448927037718
0.179172838342737 0.256812079295712 0.0859388889476537 -0.411934131191484
0.251854930380842 0.111495131984113 -0.0795916951190943 -0.381486065282992
0.252739217490057 -0.030157179755538 -0.175675370411574 -0.268360805814046
0.192454125685737 -0.130362051623722 -0.213954348116791 -0.15254718054767
0.127988088846982 -0.169579317889588 -0.160077492053803 -0.073455676848708
0.111865228957838 -0.188800001916194 -0.0400587512256628 -0.0202407553448297
0.119963013741727 -0.194216481942419 0.0736107110204345 -0.0244506262309282
0.151490457176071 -0.205264426430195 0.202132901918387 0.0209936137682178
0.234774582318241 -0.181632686940796 0.278223446916487 0.133542545784546
0.304326302151618 -0.0550218552203487 0.179039105888678 0.316250174370619
0.322373162450172 0.120150837785274 -0.0573540714441102 0.362190449847271
0.235953023885462 0.292729842135141 -0.198636508621989 0.19221041555787
0.0956519358976862 0.372276770926294 -0.0618502573158373 -0.0498999602999321
-0.0451076040357527 0.340084807174841 -0.0673345133543887 -0.251427917891786
0.0545673351703267 0.337281069581397 0.112395309063634 -0.31871407268624
0.188378527049677 0.269776355348163 0.0858789467282443 -0.412028598705658
0.260296355617624 0.102056612843343 -0.019577398110539 -0.35588593748199
0.243692386202563 -0.0337276761530793 -0.0873228474048247 -0.290485868152689
0.184837509270884 -0.124293007811686 -0.142235767856621 -0.206886348442234
0.123711938734119 -0.154186845101477 -0.104367235006151 -0.14110772772697
0.115558728786657 -0.156812406983498 0.00532673918992516 -0.0897535277265058
0.127407392912303 -0.155119741943282 0.116248817191309 -0.0876365999586153
0.155009504161515 -0.154622391016574 0.241574720279449 -0.0260554029225896
0.221001011960533 -0.119334110035105 0.315804816482576 0.101095660357761
0.26697407101796 -0.00586691684192544 0.206826689791979 0.297693184403304
0.269146128583044 0.159440937537073 -0.0540569453008622 0.329905827414744
0.159859587791719 0.311202679731156 -0.20298287641666 0.131105598674545
0.0196728239455414 0.341089873612834 -0.0542368334303082 -0.166504573544536
-0.0709001812485208 0.24808244541804 -0.0712677259460674 -0.346799815008727
0.0204830291077544 0.280031490361142 0.0766276727204715 -0.35406449483404
0.156342307850271 0.220851564028632 0.082452203557125 -0.381899679314711
0.205024580901221 0.0713628847566011 0.0398672604005482 -0.320562825012851
0.180402773320546 -0.0243666563485922 -0.0118305226796408 -0.309083498350369
0.142924826811022 -0.0896136267225444 -0.0798639161406329 -0.252449577552712
0.100623845317762 -0.110044227611135 -0.0554856529877471 -0.197444362672119
0.101122363054897 -0.101704547090506 0.0487122499161947 -0.14346475523661
0.113421161551395 -0.0966666517588039 0.160646964933301 -0.126861351487219
0.132714801425501 -0.0868937971678083 0.280506133842711 -0.0408433495911606
0.175867549864196 -0.0475787121768197 0.33851915418514 0.100611140703212
0.199058635835303 0.0392194628585171 0.210615830149867 0.287519039847268
0.184335116123908 0.178483928901399 -0.0461034540946036 0.286079905565327
0.0615043629043518 0.285988720624313 -0.173976857511564 0.0712360793257801
-0.0569266996755073 0.261935519458584 -0.0143688335863881 -0.250949968365608
-0.0956448927151959 0.115949382486274 -0.0772434270035543 -0.381927375689661
-0.0226915535322853 0.17411989576002 0.0517257110258031 -0.347206872241369
0.0875689295295359 0.129984641890421 0.0877204332972663 -0.345616852284838
0.0996581896284893 0.0328165537567535 0.0811334888556327 -0.302531341623303
0.0796931502663824 0.00145673795201966 0.0239459382914438 -0.32274613489934
0.0793795133744439 -0.0310897762879594 -0.0450858662509725 -0.276746857942567
0.0637561392613757 -0.0441810790211797 -0.0222260928860972 -0.22978436012608
0.0698786325161576 -0.0318626607151068 0.0820243992882196 -0.17284036511602
0.0771086691394768 -0.0324945574323369 0.19825914893666 -0.139349892313457
0.083852933721198 -0.0239631143721163 0.310373270240156 -0.0288747018097269
0.106349109667871 0.00199467157713621 0.342363611420801 0.12122081221805
0.120895721910062 0.049638078756702 0.201448048596504 0.284470902483194
0.102312745788398 0.156246216364779 -0.0281586722485423 0.247345508389587
-0.0219712782587925 0.215420867258159 -0.121747308166654 0.0335212385057759
-0.108774314350425 0.144530766480297 0.0445105054125519 -0.289211997941596
0.116299394544134 -0.00512777861124718 -0.0413159598991301 0.338488211434512
0.0254199943122647 -0.114563644777533 0.141762685245409 0.0329431571229694
-0.0589466029819904 -0.0821037522710611 0.02475817274044 -0.245747855331143
-0.0432377656648387 0.0038255009693651 -0.214473840116056 -0.322438072869035
-0.00508211457861687 -0.00361885978031471 -0.380891736703355 -0.137650732639708
-0.0157603454226824 -0.0181311130263866 -0.359517440881978 0.0540296122117799
-0.0322160781032637 -0.0268275823749763 -0.257992553511437 0.15887711413544
-0.0409032684385272 -0.0425885807559721 -0.102824964268323 0.220846706993723
-0.0340370496413863 -0.0502817906385534 0.00606725405067346 0.237791008846481
-0.00964379706387905 -0.0570888154918382 0.0708150673347879 0.28089338013775
0.0208128115452242 -0.0466573019085699 0.0269614557057659 0.330780314097494
0.025084923637651 -0.00895068714603632 -0.0637987420740992 0.3474282624745
0.00614175492521323 -0.0460269040652305 -0.0842222369602414 0.358565527473287
0.0729735540544869 -0.070199074689484 -0.0577203622253027 0.371223977040301
0.128159764225132 0.0292076717945474 0.111069787046893 0.37868798827469
0.110820564893616 0.137016493130742 -0.0704359602943195 0.2841551659852
0.0605275477463574 0.00409202987745766 0.11656364510822 -0.00616945097868598
-7.85752429901386E-05 -0.00307459166152927 0.0130297555101661 -0.271500007988746
0.0270745256063429 0.0362124863809445 -0.206936490567493 -0.331543332441136
0.0719835170450749 -0.0111770719770237 -0.362230641500667 -0.16463550564898
0.0495243720019547 -0.060267217513048 -0.360818882277068 0.016860559845169
0.0156187944092666 -0.0873924705832113 -0.265764176986009 0.128507965992578
-0.000412478005113559 -0.119599702908323 -0.108725088649486 0.192320536148788
0.00807826799949966 -0.133086853220882 0.0096224207202248 0.200677179033588
0.045588159007758 -0.148261958329537 0.103013442370279 0.238373589258762
0.116161628222837 -0.129693394242905 0.0960236796350797 0.306851870540112
0.161711656854691 -0.0347564900443567 -0.00530318716503864 0.362580299845338
0.14661188534075 0.0188474832553926 -0.0783671017310092 0.37695908650696
0.169453806135052 0.0585056164604005 -0.0793395561861463 0.336114123755044
0.173688729157475 0.170702059984035 0.07221055765006 0.311828451779305
0.0875826577421438 0.265973303418793 -0.0808785161178366 0.181862307338908
0.0861821632880492 0.136874464736077 0.122375223876271 -0.0787025381110899
0.0725349493714796 0.0926309680857116 0.0219010702423836 -0.332634448049481
0.113730041345652 0.0672256017929933 -0.196280829320027 -0.359274382645385
0.149947278918911 -0.0226379627561618 -0.333459878796244 -0.192348629969005
0.112316762832954 -0.101275099960072 -0.340185623295267 -0.0251747830477376
0.0612008524442905 -0.139990380026131 -0.251947554134023 0.078993401633997
0.039462649017903 -0.17847909491855 -0.100401371643059 0.137907506414839
0.045084907021256 -0.195224336917233 0.0222680232451267 0.134916883469288
0.0843545753584928 -0.217389917666772 0.140696600621519 0.16328895791835
0.177491877762936 -0.20222778110989 0.177964473256969 0.248087019756841
0.257607972736931 -0.0810643511275276 0.0818562082697285 0.359882060037866
0.268074401665866 0.043890439681567 -0.0534493397087763 0.395627657566314
0.254123987313695 0.157073110815886 -0.111290340880308 0.306103280868468
0.200710919893935 0.281828621907794 0.0206548076779727 0.211137584246789
0.0587720045329813 0.357647527112826 -0.0801935475495469 0.0450039514127901
0.107029216405574 0.257010675132069 0.131657639795102 -0.171805614463893
0.154446396792462 0.185153595849367 0.0362668268160381 -0.397739150997593
0.207631018279897 0.0841128085441812 -0.173725584777371 -0.384166355407676
0.219536527919088 -0.0434630249580765 -0.287529560859418 -0.223921068901712
0.159615817375756 -0.138086761160356 -0.299349422474638 -0.0723758714361363
0.0955113637875083 -0.177989059054729 -0.219328673748711 0.0181683273147189
0.0714161071351208 -0.21086239746309 -0.0778336060084402 0.0651423646967399
0.0769281654010126 -0.225725917620714 0.0432895479257506 0.0513691528691094
0.111543876096882 -0.248399866478183 0.176074992620567 0.0755662795082235
0.208953853649826 -0.238160480418386 0.250443841156005 0.170748466180262
0.304558715209811 -0.110648312242508 0.1652534282117 0.335863008421092
0.34031555278252 0.0566096250159626 -0.0272509900072195 0.400831090794512
0.298612924314694 0.226212562726575 -0.149336347381158 0.272975791367673
0.19263385336921 0.353413255953782 -0.0325582173103532 0.0896907541193099
0.0258968324880213 0.392388081432938 -0.083392860445286 -0.110588194755817
0.112298976558817 0.33433538864577 0.120096529030508 -0.265734377152648
0.212504361742478 0.247901950733871 0.0452895582186546 -0.438149091462955
0.274874429100808 0.0888277185914071 -0.124628354411377 -0.390221391161944
0.260193764083033 -0.0601029182966129 -0.212184846348102 -0.259938688527069
0.183971360420907 -0.159238799098544 -0.239096276431329 -0.134101593400342
0.113558461833737 -0.191482763746174 -0.174770802415151 -0.0576455807177739
0.0953325786688286 -0.210554721984306 -0.0449233007100268 -0.0172234156995052
0.101762385725001 -0.217883858214529 0.0715602398542613 -0.0335873044845334
0.134493017901657 -0.23322969641237 0.209395320991474 -0.00292803191175155
0.222593745781082 -0.216401407588741 0.302612403800178 0.10348546099607
0.309949491356629 -0.0918833177731571 0.221436599542437 0.307293380692899
0.348342641574157 0.0889842475417215 -0.0178904862519829 0.385383209286088
0.2787600392459 0.278636678563967 -0.184671170165194 0.225621784392855
0.140338173901046 0.378884817915337 -0.0710262162801086 -0.0411814915144831
-0.00775638962611045 0.360554469859036 -0.0943736171747049 -0.252813036513855
0.0937560976945115 0.345978736155809 0.0848916322919598 -0.339660216193758
0.224424403075198 0.259525195059355 0.0443352464680288 -0.437623141423877
0.281808630473059 0.0773036616786721 -0.0595989825620602 -0.370003880444794
0.250452305858166 -0.0627491842882601 -0.124091425443904 -0.294073021331308
0.176851749046772 -0.151781112476315 -0.170143459832957 -0.198630814686386
0.111484572815826 -0.17478262833902 -0.124803398529446 -0.134581646341081
0.103341311932598 -0.177190264499949 -0.00543238126143845 -0.0954900108801685
0.114744637852641 -0.177101059663558 0.109162203478895 -0.10532251340839
0.144110336611024 -0.179877899026766 0.246209369835808 -0.0562142999290122
0.215356263634736 -0.150715641473181 0.338984286912131 0.0646026909145566
0.2767296107372 -0.036141555319922 0.247853865593732 0.28551149104836
0.29642496619384 0.135490312394352 -0.0178112714754441 0.351006319030477
0.201640779015077 0.305256597376477 -0.195057802194653 0.162367346515132
0.0582402849342678 0.354791617619108 -0.0757323438855129 -0.164319244694029
-0.0443466844093924 0.266858410441557 -0.109266204394232 -0.353720705249033
0.0537777283882669 0.288306487896479 0.0437197165574236 -0.374156948691645
0.185718424170882 0.211518900815884 0.0441470442588286 -0.40635026504258
0.21955086228622 0.0517099898390417 0.00640403031643872 -0.340905687624449
0.185472962265494 -0.0455755999405003 -0.0480765694471227 -0.320974470196186
0.137161711857561 -0.110642358125904 -0.110457882572227 -0.252987645706998
0.0923449250413102 -0.126337423116449 -0.0799062288128796 -0.199366749700173
0.0944655520348838 -0.117498385089892 0.0331457538276365 -0.156531418376505
0.107614514595306 -0.113577931246942 0.150508820510811 -0.151842955198891
0.128918416998683 -0.105860688375451 0.285267871286406 -0.0764953823753224
0.177327850714286 -0.0695712546177595 0.362038587766843 0.0626869294499355
0.210844796819579 0.0190847076498817 0.250456518352636 0.274236968695935
0.209089387846062 0.16431058056069 -0.0164279508019154 0.303702142530612
0.0965472349832327 0.289416366349451 -0.171644162905323 0.095794268095224
-0.0283881022932828 0.279125056040293 -0.0439945601134404 -0.257596950948883
-0.08398819844824 0.131970834311676 -0.11972906377431 -0.39167318689302
-0.00327681477996015 0.183316241914362 0.0186368199684938 -0.366247357651831
0.103587937434902 0.12415334772134 0.0529601595827637 -0.369981380222128
0.106483065188998 0.02359815972481 0.0503190204667567 -0.327311661343432
0.0833628847572008 -0.00640818274351531 -0.0123830431348363 -0.338401516091395
0.0780637709525931 -0.0418813721981267 -0.0766539011323523 -0.283389606322337
0.0619341084642631 -0.0528433576466609 -0.0483248745682681 -0.23715612694655
0.0709566214956763 -0.0409564340903309 0.0652627606224631 -0.191028822977636
0.0770415326306383 -0.042190576416736 0.188483140901537 -0.16967343566893
0.0845708554809329 -0.0338818585590714 0.317821669639987 -0.0680081002931517
0.111192272587127 -0.00965600561035272 0.368167248797845 0.0849827091701561
0.130526581112719 0.0389039975332339 0.240009703322915 0.272752206087696
0.122314989969424 0.150075049871794 -0.00173348486456592 0.261807417158891
0.00218852924943384 0.224253377645393 -0.121861443472473 0.0501247154498128
-0.0949513765803746 0.161554259341165 0.0128260994985186 -0.30427933658676
0.114387641606398 -0.016685011601339 -0.00389144451862199 0.339548625215305
0.0136186149362645 -0.113071030225976 0.144520419545489 0.0160045397470851
-0.0657336129684875 -0.0730843090002317 -0.000984861232014434 -0.245653762696644
-0.0401892566315736 0.00721354002122723 -0.245810035072491 -0.297259408476804
-0.00472285981786397 -0.0046898650283078 -0.389563845579403 -0.0954849239827718
-0.0171719377624532 -0.0163955213236272 -0.348410884342478 0.092090956671376
-0.0343065926220392 -0.0225024710660961 -0.238031286168494 0.18640482479996
-0.044741705492223 -0.0372010208702232 -0.0789524062457441 0.23107261457139
-0.0402168538130153 -0.045949904949107 0.0296122555691694 0.236992284999804
-0.0160657819360365 -0.0565884103916794 0.096878828558774 0.269192722796461
0.016190113855902 -0.0483139399730017 0.059196292357047 0.32335183978922
0.0251959200550104 -0.0121103744576704 -0.027920945245396 0.350729641236584
0.00258260186566458 -0.0450450452282856 -0.046763699585352 0.362291650356917
0.0634799217498924 -0.0744842681801369 -0.0206052540360105 0.373250249731388
0.129401642931367 0.0162345739390493 0.142239243087275 0.364347043769667
0.123890230480195 0.124043124307073 -0.0381996844808083 0.290035372920319
0.0592807228344979 0.000229119625613116 0.116548123118317 -0.0180437724181543
-0.000650701371690597 -0.000529487857065771 -0.0133089388840469 -0.270333194423746
0.0324024155656963 0.0329765424119274 -0.239032402497139 -0.307039237663595
0.0703564453782117 -0.0196657050309837 -0.37359118701206 -0.125377660930961
0.0425611946220233 -0.0652442966507238 -0.353580534921862 0.0559246881169067
0.00590893310135674 -0.0882115516828512 -0.248770974769829 0.155973855289498
-0.0128068702227313 -0.118010053346869 -0.08830405860358 0.203032087755319
-0.00735074173222708 -0.133494453636043 0.0281162977969335 0.199448634781998
0.0286259750838829 -0.153198325009424 0.123032179487567 0.223198154642275
0.101384890278097 -0.140844113489194 0.124366853591629 0.290937432264504
0.157493870517481 -0.0528987510271261 0.0318743399077421 0.358907337057218
0.148056157507603 0.00400961385296837 -0.0381509591438518 0.380767768019777
0.17242031008775 0.0425483706082591 -0.0456418101586563 0.342091403493044
0.188442433209811 0.152789349548951 0.0993470128534349 0.304161483289598
0.114190315809464 0.253065607098806 -0.0583528036449429 0.190388077409895
0.0969473504983731 0.12830283805868 0.115335940898755 -0.0882293179578832
0.0794542308497784 0.0865488556320961 -0.0107102407150528 -0.330593218703885
0.1204901988011 0.0548935624548079 -0.23020888380104 -0.335140958904928
0.14582965137178 -0.0387778116797183 -0.34738273773238 -0.15654493651204
0.0995856693385641 -0.111578707221214 -0.33761778654709 0.0121651973220374
0.0459786160460084 -0.144665845533961 -0.240538346894362 0.106233174327277
0.0208094320206669 -0.180545855389167 -0.0857217321097306 0.147555819410345
0.0228901616851277 -0.199174410500313 0.0340093739539641 0.132298061122468
0.0596651417297691 -0.225221961768948 0.152816341529142 0.145949396957193
0.154144793863782 -0.219104559855194 0.199387045133672 0.223479110464085
0.2465714452058 -0.1073969651179 0.116873783402167 0.345819018909284
0.270367578803858 0.0167674435789259 -0.0100995918833937 0.397105116837583
0.266399991478441 0.130043197619873 -0.0797836448812715 0.316544554320048
0.225303974898478 0.260884252194688 0.0401197105812631 0.210773352155638
0.095577249794861 0.346737038354259 -0.0712323404786756 0.0543636667400257
0.130635232691933 0.243880828713593 0.115868882589747 -0.179511576147284
0.169392780888946 0.168962502617195 -0.00373033443226872 -0.395998740430022
0.214453025557768 0.0618943670092687 -0.210999914303343 -0.362568407018405
0.212636035446709 -0.0666761025099369 -0.30563055654713 -0.192016551670675
0.14232289030687 -0.154290244988891 -0.302253476933529 -0.0387449009284192
0.0757021836859822 -0.186269391263886 -0.214380730166902 0.0414106331821655
0.0487956580196463 -0.216639137638599 -0.0711095039146477 0.0728812683033967
0.0510386241446935 -0.232450832251368 0.0456375908021302 0.0478743064632105
0.0837084235985979 -0.259183599430289 0.177949855771582 0.0553700192367622
0.180526994394543 -0.257711871263006 0.261748841637474 0.139314017120607
0.290059994702617 -0.141012429424989 0.196754759009732 0.313815216053021
0.341628242295984 0.0219727127035668 0.015757589002799 0.399573515536046
0.317361683287435 0.192638610670946 -0.119090672009932 0.288487186981815
0.224228655091162 0.331003004734044 -0.0239917696796622 0.0960383365935307
0.0673358077602146 0.38498290169073 -0.0895856409527067 -0.0989884972067108
0.143386939023373 0.318943166850887 0.0952070787127316 -0.27044593886533
0.233149462427441 0.224642864613695 0.00279162938611575 -0.435975800929981
0.280844436892195 0.0592974175924458 -0.162117100989587 -0.374473276777531
0.251352814252424 -0.0869206276883743 -0.236779991039802 -0.236297302030214
0.163929653406545 -0.176899753032344 -0.24832576784929 -0.106166283071501
0.0917685469472038 -0.201553624866327 -0.178045294565411 -0.0380614224383408
0.0724121453255921 -0.218809871784577 -0.0469444976311094 -0.0120746678851247
0.0769520093166794 -0.22739358747597 0.0649189878378841 -0.0400801978919908
0.107866773509516 -0.245848508234103 0.20282798772905 -0.025628713986289
0.197057593026812 -0.237796274041842 0.306713157419386 0.0659172725948562
0.296334168196948 -0.123063709951131 0.24764532581367 0.279716933842898
0.352506246269119 0.0527948714285576 0.0237620947507686 0.383607528392082
0.304173440320545 0.246582964511777 -0.156976878055349 0.244813589389821
0.176559246594249 0.360875088499875 -0.0749881717789051 -0.0303150981892284
0.0300702478437351 0.356771846332128 -0.11455013262438 -0.238805215861115
0.128690761908505 0.331990611359337 0.0534177306098874 -0.340424551325264
0.246356786126198 0.233310777688096 0.000817654339818377 -0.435192698021407
0.285288074876891 0.048000255033294 -0.0959534302895378 -0.360620367609908
0.24088036193699 -0.0879933123808448 -0.153118318336725 -0.277532919072775
0.157327790839849 -0.168716542641592 -0.187189816668588 -0.177393866070894
0.0916011209497627 -0.18448151712203 -0.136055637647407 -0.120376448830075
0.0842215634785569 -0.186607894507595 -0.0164264737136978 -0.0944756807820571
0.0939475638281384 -0.187549200765535 0.0935297061719732 -0.115336906316028
0.122850220686231 -0.194089194567676 0.234184342219293 -0.0820842341151717
0.196203212889414 -0.171549875688827 0.33863111019715 0.0254416351390227
0.269159310033423 -0.063611147918697 0.272835037142239 0.254764848301907
0.30474290932851 0.103636882234232 0.0193591704971843 0.349229037246901
0.229774252336862 0.279095699362255 -0.17399469967146 0.183153950545243
0.093523304741904 0.344622319375416 -0.0924448176758354 -0.151468210395071
-0.0143229275271224 0.268378979794133 -0.140165197009836 -0.339247723933963
0.0830079881184094 0.278894851010354 0.00948907112149116 -0.372447649379418
0.203040017623258 0.188594775730449 0.00286534948057893 -0.40513730065765
0.221593458560346 0.0286725916056588 -0.0286425071603009 -0.338548208847218
0.178815229602819 -0.063515772870179 -0.0815952428196017 -0.310809634672395
0.122398098987783 -0.124337508283459 -0.134137365088793 -0.238927488951621
0.0780539822487163 -0.13480017002407 -0.0990021920375164 -0.18900602770747
0.081971333674768 -0.126898291943176 0.0152069616013014 -0.15928652554712
0.0935595676186519 -0.123685282951409 0.129940478124931 -0.166692694400474
0.116334233002521 -0.117890936391674 0.271625638834805 -0.106151259043857
0.16725356678647 -0.0871002286131947 0.361743868533401 0.0209208278045997
0.20971990413155 -0.00152565878887155 0.274116276293106 0.243649477723957
0.22139778660709 0.141389119295436 0.0152568340027614 0.302786018789261
0.125361729018901 0.274244651834333 -0.158680874495158 0.114554372449052
0.000768711781555284 0.278357852149317 -0.0702515586501662 -0.247533503655544
-0.0675580231368797 0.138675040144243 -0.155210744310645 -0.376941512796116
0.0163038382042867 0.179921983414046 -0.0148643753911988 -0.36444201161578
0.11298603630449 0.110742716693608 0.0160600468626947 -0.369640741662613
0.106425601491852 0.013242460154314 0.0160485525958711 -0.330356583590116
0.0821991426038643 -0.0141966138735017 -0.0480748502922071 -0.332671472355324
0.0711685822290447 -0.0494913781265702 -0.103536537215634 -0.272112985451568
0.0561474820669102 -0.058679699912437 -0.0724775055337122 -0.229804623794225
0.0675684347590681 -0.0478795148675456 0.0432648610996825 -0.197249328897807
0.0717687361626481 -0.049277669818499 0.165934455277562 -0.187796838089654
0.0804090757213697 -0.0411827732099608 0.304895375736618 -0.101908445902193
0.108108109508807 -0.0201507881687763 0.370405132997288 0.0434665305131721
0.132154622785255 0.0259153915510225 0.263965665723399 0.24404400935511
0.133494156229009 0.135105929161601 0.0245950506037972 0.258839764165973
0.0260004959085539 0.219530812608375 -0.114007907920395 0.0630914896007513
-0.0757335703553702 0.167688349640221 -0.0190656503660675 -0.300728491340705
0.109391209632571 -0.0230937250483041 0.0191267368588055 0.327848799296771
0.00698807357496216 -0.107432834048227 0.141528622296429 0.00519269792073314
-0.0658787426679638 -0.0640956836292385 -0.0147049254192595 -0.23717279637942
-0.0363449155615116 0.00852294587054258 -0.255150797777295 -0.270275589423517
-0.00476349379307354 -0.00567236460268755 -0.37818250955694 -0.0684990010384863
-0.0177103671676867 -0.0149728520051256 -0.328000164115747 0.112429657331401
-0.0343744541997102 -0.0200868419616288 -0.217157897293505 0.197532634180048
-0.0447355242018973 -0.0325625774093644 -0.0617666421948582 0.229409493161438
-0.0417683691823079 -0.0417855486758146 0.0415821046256032 0.228121303473825
-0.019917460770476 -0.054555872600792 0.106511626738675 0.253261214039861
0.0134646015713314 -0.0482877367177294 0.0754045992245035 0.30741498854034
0.025257546125982 -0.0140623711347314 -0.00658266252749218 0.34069949542288
0.00166996659320207 -0.0425342510806128 -0.0238063898167778 0.350483350472669
0.0554541427234002 -0.0727804042062993 0.0010455307479287 0.361087695875364
0.125199400098683 0.00866484054342796 0.154258170968912 0.345506315117992
0.126677604690904 0.111563919058673 -0.0160410694113103 0.282126636075741
0.0567881416277457 -0.00120990520587525 0.112543301086873 -0.0245752994671341
-0.00014792268729817 0.00177029636152997 -0.0278392464005421 -0.259964823289887
0.0346724671341951 0.0296004376749277 -0.248532930126421 -0.282017599684117
0.0664500604542556 -0.0249650643606466 -0.36481587422011 -0.0974977645365181
0.036682951307213 -0.0656697707156885 -0.334615938904777 0.0770448587075554
0.00074072871643783 -0.085318500610022 -0.229003848798948 0.16833201920834
-0.019543331071033 -0.112880762790954 -0.0728680937167513 0.202388662464635
-0.0166353199135648 -0.128440694447572 0.0379008086996805 0.192112232486385
0.0167235968784546 -0.150183373407898 0.128649922168252 0.207572339806813
0.0893125071739189 -0.142713786801372 0.134525131828174 0.270735805429182
0.149366210824102 -0.0613867413693211 0.0513245118307619 0.344706394846904
0.143787271199275 -0.00419894049381213 -0.0126415227009114 0.368552237741621
0.167323391854806 0.0324302158759848 -0.0245717515241515 0.335056440205668
0.189704619538691 0.137259165421372 0.110476811229058 0.29022707324654
0.124337348560984 0.236156580854245 -0.0406182643162549 0.189393921212793
0.100475791644381 0.118901715171214 0.108859986208024 -0.0901719433554959
0.0818009977743731 0.080915227887934 -0.0285507359208647 -0.317841890088208
0.120280321985386 0.0456753319825454 -0.24153581161759 -0.310029244785613
0.138457915967414 -0.0476848150631103 -0.342917342104976 -0.13087291291472
0.0882463521513605 -0.113584543231613 -0.323397461551393 0.0337401331398324
0.0351634437318274 -0.142264628559188 -0.224555897731439 0.119538112010032
0.0083287624064147 -0.176087845180416 -0.0744905637512602 0.149018027393415
0.00865326751430152 -0.194324587163292 0.0392464129695102 0.127295517270442
0.0426829109380989 -0.222201606232272 0.152072985297989 0.131121090925683
0.134512744625964 -0.221318487946565 0.201553389045354 0.20061813596907
0.231997171726917 -0.119303946392786 0.131972642356739 0.326051969983685
0.261262435111941 8.41080268078115E-05 0.0147081411422641 0.383038728356683
0.263394265072266 0.110168806771534 -0.0572464367490075 0.312698236316271
0.231964333104345 0.23956364425012 0.0496432602456495 0.204721677081595
0.112763213784573 0.326746507196682 -0.0609129053031363 0.0588636295500182
0.139429058142951 0.22804920233647 0.104153496973338 -0.176532959798235
0.171649397993813 0.154319394377596 -0.0243020833346408 -0.380934695515737
0.211507602926288 0.0471370760284906 -0.22323035579792 -0.336895097257494
0.200781306816215 -0.0782258051525352 -0.3050730983005 -0.167000232284393
0.126612210605304 -0.157249082885354 -0.291882070161104 -0.0182201502990682
0.0611535220882577 -0.183943151408474 -0.203330207222916 0.0547411480365579
0.033948337274015 -0.212888189536965 -0.0648992261618932 0.0755373657582204
0.0330687356516907 -0.228482487817626 0.0451219769537497 0.0443515055930754
0.0636289546608028 -0.256468294881271 0.171406469419141 0.0427987269005641
0.156945732222292 -0.259292951408674 0.256695961453507 0.115133866548965
0.270760413674936 -0.154045742511792 0.205792626856273 0.290299647633053
0.330207949578571 0.00102963885270733 0.0406586368824686 0.384695289204078
0.316097293930046 0.167726641342841 -0.0964769604606253 0.287264080589127
0.235845532076906 0.307818410440243 -0.0181980711179175 0.097438576851337
0.0886467940757228 0.365568278602093 -0.0877852656592708 -0.0884302297818117
0.156589900899337 0.298793436834315 0.0807761320571567 -0.26246888355507
0.235753022534723 0.203118882962892 -0.0209109905365066 -0.418890222362994
0.27394736932507 0.0414323503469502 -0.177491320558663 -0.351197558383057
0.236615937484339 -0.099187061504341 -0.241227918532564 -0.212925178547335
0.145751706769441 -0.179776413190952 -0.244537013496256 -0.0865999286795666
0.0757505805428406 -0.200104194303569 -0.173108969143573 -0.024772271763673
0.0561594387834269 -0.216233887691152 -0.047250597992271 -0.00893975458260257
0.0594830555677893 -0.224632720706454 0.0573863831555274 -0.0416908901960568
0.0877528192941127 -0.24537709654406 0.189879230239717 -0.0371433292815799
0.172302342540286 -0.242186738856004 0.29515349589669 0.0420362424630512
0.278094177535432 -0.136470819814747 0.254105965395281 0.253294198622817
0.341205285813573 0.030754364531766 0.0472319341591859 0.368683488199596
0.305726430957498 0.218330576135425 -0.13478516970571 0.247068230471555
0.191002081906603 0.338709961982417 -0.0732573153079581 -0.021690429340801
0.0520257568735873 0.340515661434967 -0.120559238706177 -0.222906531367953
0.1432744417322 0.311422792454218 0.0363355239126567 -0.328505111487949
0.248693892060458 0.210005478732217 -0.0230428299111749 -0.418380538155881
0.277244084952269 0.0296719075059452 -0.113433159169145 -0.342366698195919
0.227083599978838 -0.100160895398174 -0.163934880737063 -0.257425470733527
0.139178752368432 -0.171881599218486 -0.190207126751207 -0.15881642489402
0.0762926753373814 -0.183929690153998 -0.138251705570206 -0.106821858888013
0.0697731560532678 -0.186138585127318 -0.0232460514091075 -0.0904713359893786
0.0782234785189116 -0.187168102952312 0.0804473149701984 -0.116508393908476
0.105026953379772 -0.1954276080262 0.216806937999306 -0.0945863043126227
0.176575390460204 -0.177546429504611 0.32397610061466 0.00014178875071041
0.254833697006122 -0.0772352752712846 0.276405538345237 0.228166823687205
0.29751615206299 0.0817622461331235 0.0409044056990517 0.336295110910776
0.237121782750957 0.254079360798817 -0.154666937404814 0.18871346021962
0.110545241822633 0.32637580445275 -0.0978021495754063 -0.137740615684747
0.00382281779081719 0.258121368642415 -0.150925192170203 -0.318134493224217
0.0972516105899496 0.262869202456614 -0.00802391493078031 -0.35874489247247
0.204241695628782 0.169649145747173 -0.0187265978724316 -0.389297822581448
0.215033250824745 0.0146751637368512 -0.0471643251749765 -0.324939473519373
0.168799422286685 -0.0723269997907422 -0.0980513874638492 -0.293420470586647
0.108393001773827 -0.126880347367115 -0.142635290250043 -0.221017212106832
0.0661367629202765 -0.13473340165142 -0.107714783815553 -0.176195698226297
0.0722575938065148 -0.127874921092165 0.00367555548834373 -0.156008080534235
0.0823674294203914 -0.125116327914986 0.111978336443374 -0.168133528387307
0.104850135876579 -0.121341931026421 0.251850505761393 -0.120017521489525
0.154785096672777 -0.0941744878511566 0.346408058211981 -0.00517927239698948
0.201154745095395 -0.0138728859932731 0.277563147778475 0.217657479502594
0.21897049788003 0.122434622725813 0.0333079299869244 0.291098101006993
0.136470413534321 0.254430135032469 -0.143545941721764 0.120836832010124
0.0169228880740592 0.266303577126702 -0.0825835623949853 -0.232524382085288
-0.0549541873480188 0.136562690351353 -0.168607084356512 -0.35657483532108
0.026809011709367 0.17133928142548 -0.0327219928734531 -0.35133989286126
0.113050678116552 0.0992862038776392 -0.00532793869633988 -0.356411208499506
0.102288002534759 0.00762821546528155 -0.00424851369277078 -0.319723152670105
0.0788364358631632 -0.0183075781560927 -0.0667391109167654 -0.315433962557217
0.0632095474237763 -0.0521659961464423 -0.115377332362061 -0.255498962531561
0.0498911278072705 -0.0607881616007339 -0.0833150267337746 -0.217498596865095
0.0630947091928321 -0.0507078233586847 0.0285554460433984 -0.194084169731928
0.0666442607359935 -0.0506316967493757 0.145739293466963 -0.191344944013939
0.0757833363935811 -0.0442442823424219 0.284808650698416 -0.117461042677738
0.102104790020067 -0.0260325005008554 0.357310204227871 0.016197644896825
0.127873996358208 0.0177589308365411 0.268244241248717 0.218045522693495
0.133948317322709 0.121702485085877 0.0382255511277478 0.249323333849618
0.0379348423822355 0.207328747841161 -0.103920354093034 0.0684989621261209
-0.0624172915306701 0.164281943367609 -0.0373290983455205 -0.286814349342122
0.105804412721449 -0.0251391672030939 0.0277967247583233 0.320391795345619
0.00541390706861161 -0.102492993569782 0.138705405892226 0.00103465506072694
-0.0634621781910471 -0.0597213064106919 -0.0187970713514424 -0.231807671137491
-0.0343465758766417 0.00741840854571157 -0.254921664738032 -0.259273956535085
-0.00401436116832512 -0.00684255175819269 -0.368812659477838 -0.059020624832007
-0.0176992272826741 -0.01456840730501 -0.314864809661684 0.117137937730968
-0.033706254701571 -0.0184706992465379 -0.206498152663149 0.199464306892034
-0.0441634027938465 -0.0302041009098979 -0.0554979351427582 0.227758863545875
-0.0427771805308499 -0.0397517267451928 0.0450819794891672 0.224071691398473
-0.0217342362836909 -0.0533914198966169 0.106988520295002 0.245282895041566
0.0127485385586116 -0.0480282954971977 0.0777342803000499 0.298909087750775
0.0259428997661736 -0.0155678508595158 -0.000355545691972285 0.333105143095474
0.00218189244517426 -0.0408849172481159 -0.0171515231189029 0.342018017231166
0.0527253173486041 -0.0693628895106856 0.00519231663350161 0.354025851484756
0.122127808559665 0.0069581483211664 0.153099618964189 0.337611128333567
0.125592203887726 0.106040611634749 -0.00695262663863007 0.277481016599476
0.0552348432267769 -0.000263560018210169 0.111896023926073 -0.0254800005871835
0.00116574380841272 0.00379819933052899 -0.0314319879180769 -0.253562965737948
0.0352243017929905 0.0275279944160801 -0.247717312663428 -0.270127469354924
0.0646825322850501 -0.0269000467931188 -0.356339084121523 -0.0893988122292055
0.0343405286171424 -0.0648889688872728 -0.322887723151148 0.0839736390381086
-0.000854989512341352 -0.0832111670685982 -0.219192628641869 0.171813168693727
-0.0214699860659851 -0.10977091659157 -0.0674574497036244 0.202083028965342
-0.0196432725316116 -0.125484305703548 0.0396894446521536 0.188832702104615
0.0122615713355683 -0.148388863432533 0.127057059206782 0.200324765395486
0.084616250651091 -0.141965618048165 0.135028861272172 0.260843578561802
0.145127925788611 -0.0634941364009513 0.0562513008315034 0.335644209434408
0.141583904513111 -0.00616415685357673 -0.00583143253693835 0.360191317086427
0.163948724813787 0.0309569975674516 -0.0184155898896848 0.328364221436877
0.186334082621253 0.13282950342922 0.110534364782773 0.285278188864663
0.126012785443157 0.227430438746564 -0.0321711407944295 0.186860460396356
0.0993155563117924 0.115613867378929 0.107662348739202 -0.0880402543935975
0.0810584357377882 0.0795368482851903 -0.0317230188168823 -0.309794063776044
0.118770215875749 0.0419933167211688 -0.2410111164566 -0.297986739389109
0.134170668314424 -0.0505422637241486 -0.335093238452904 -0.121408964486098
0.0833250172967228 -0.112925434650708 -0.312719857859595 0.0406800382745653
0.0321180124529833 -0.1395914763307 -0.215129754943591 0.123533952456595
0.00416603927932513 -0.172542703588493 -0.0701119632043369 0.148729787333896
0.00267645161050396 -0.191031803197659 0.0396877897940855 0.125284788566714
0.0360815193291231 -0.219760256340158 0.148330509332483 0.126120717563077
0.126322787547138 -0.21968354054178 0.197876182614289 0.189941385302841
0.224578637920841 -0.12209498693856 0.134604287400245 0.316558540376859
0.255906796505602 -0.00404290785350961 0.0225981128842303 0.37477457227603
0.258512705954262 0.104587913876417 -0.049467627316353 0.30920764279617
0.229814290560402 0.233201363996717 0.0506655846468379 0.202523666702228
0.116197790945179 0.316439871334742 -0.0539519124162563 0.0597277979378657
0.139773300927584 0.221316785746494 0.102972532379624 -0.172106459582179
0.169394469518986 0.149523363468941 -0.0287156779529088 -0.370702540922883
0.207349321462167 0.0423057197364481 -0.223452224357741 -0.325699415318013
0.194932186809842 -0.0811207932278576 -0.299622775978362 -0.15733193553826
0.119499360409436 -0.155556553117327 -0.283845009896836 -0.0104549681771164
0.0552896979662979 -0.181350593885769 -0.196343113272234 0.0593862805597279
0.0284740687770768 -0.20922046402852 -0.0629203502322395 0.0761033013203731
0.0266629773881618 -0.224492386534447 0.0433325911940861 0.0445758145130461
0.055596764940126 -0.254536830095361 0.164810383955066 0.0391325997125301
0.147126858965186 -0.257740460363732 0.249366889180221 0.10478536497547
0.261509379625147 -0.156203200938713 0.205555146593907 0.279149990205477
0.32255726379424 -0.00441261864656882 0.0479583111418375 0.374562834071412
0.311420535040983 0.158557157581234 -0.0871257097075509 0.28500774682076
0.235859311450429 0.299401500318072 -0.0156815173297111 0.0986477384322225
0.0925173206350449 0.35398996789008 -0.0823840243880315 -0.0836676671240697
0.157003002722011 0.289419846095701 0.0782165153844267 -0.255236633634686
0.23285173161402 0.196143509874414 -0.0260627968257455 -0.408249108035373
0.268329626873157 0.0357808303089784 -0.179138091143261 -0.340136818390489
0.229610827690918 -0.102681946320289 -0.238782320019777 -0.202930588302567
0.136914529374279 -0.178711877017326 -0.238890877207127 -0.0784069225032086
0.0692457838993628 -0.197358933727544 -0.168974354234216 -0.0199664470097528
0.0505878827019108 -0.213782974932089 -0.04759545295137 -0.0076476291469418
0.0524524574895615 -0.221271831321995 0.0533448266780178 -0.0406830532715193
0.079218594595403 -0.243148892446146 0.18219167466994 -0.0396959034821487
0.16313495486947 -0.240447900845966 0.284733237842307 0.0329706623272014
0.268607525679696 -0.138827575828864 0.25195610874892 0.241746057966916
0.332801846422511 0.0243138152199736 0.0537759328728626 0.359567503977377
0.30221583055907 0.207947154402622 -0.12446968995951 0.246558000279122
0.192088885581236 0.330134276488348 -0.0714206433404332 -0.0172390570684995
0.0576279387949501 0.330590397496999 -0.117108019853734 -0.215710890198951
0.144941518326891 0.301368463706373 0.0344049794812374 -0.319817087429454
0.245251558603734 0.201470120227693 -0.0281672845746798 -0.407402859350674
0.271667082016412 0.0237765232495969 -0.115543395629594 -0.332658395581805
0.220556626780631 -0.102390649448046 -0.16453061433466 -0.246939027516236
0.130461308239719 -0.170348544223958 -0.1877107973906 -0.150394709490473
0.069952855621292 -0.181725068023118 -0.137099819527584 -0.101684821672402
0.0650692236984506 -0.18498089415493 -0.0257315309649638 -0.0888136304822896
0.0723219306172261 -0.18490459120167 0.0740222746113397 -0.114795604994377
0.0986164249454445 -0.19392335835645 0.207031526369114 -0.0963379552567607
0.167714123359674 -0.176801923417 0.3124253666013 -0.00855836178849015
0.247054756590294 -0.0799874835667244 0.272327578241005 0.215573508243828
0.290335022972206 0.0761600367324463 0.0465664918842187 0.327844833427612
0.235412239940865 0.242538185036624 -0.144473235879075 0.188732754832675
0.112572237603674 0.317566764824098 -0.0972758310540169 -0.131001624550937
0.0093867625517968 0.250953175657602 -0.149193388354677 -0.309426488703595
0.100772724987392 0.254201176340613 -0.0106009166991416 -0.350483468656124
0.200834206078026 0.162122183152276 -0.024017088514099 -0.37881726533685
0.209792851585557 0.0108960075099459 -0.0522642919546932 -0.317773040027097
0.163508559974322 -0.074242839541088 -0.10090677362233 -0.283688519472139
0.100976368768303 -0.125998494442629 -0.142705993774313 -0.212646537247746
0.0610913292964475 -0.133771660656107 -0.108681591666525 -0.169672148075275
0.06944960422024 -0.127627115849742 -0.000971866198757889 -0.153619917010186
0.0780647657463799 -0.123909580953746 0.104106275865495 -0.166921283216409
0.0994397144578922 -0.120833378804016 0.240742545494729 -0.123018984912911
0.147821324244608 -0.0946372510327814 0.334676010432859 -0.0146284025517951
0.19578615978836 -0.0169071118874696 0.273387358370686 0.206167343385436
0.213919206962072 0.116425202410431 0.0378478057747835 0.284476719789227
0.13615508275845 0.244818861227537 -0.135188018276413 0.122052079105665
0.020708132329863 0.259701444710524 -0.0855066362805041 -0.223307594372611
-0.0489685802488441 0.133448695126718 -0.16760840392941 -0.348113661724068
0.0300116005627032 0.165946505804556 -0.0350100497767669 -0.343988371611015
0.110266733402095 0.0943565358871238 -0.0108574640546032 -0.347414324220218
0.0997115060316293 0.00625432527113711 -0.0099319970107843 -0.313132877509955
0.0772406125423142 -0.0192550593383125 -0.0713212844616949 -0.305489216377449
0.0591410271747469 -0.0518700035866615 -0.116647214035576 -0.247120003094692
0.0466587039932056 -0.0604626058628932 -0.0857814332140846 -0.211290527485525
0.0622723572124313 -0.051387152127423 0.0228343913261411 -0.191767891865188
0.0644611803913695 -0.0504058833191996 0.136248996001964 -0.190229728107984
0.0737119880272973 -0.0443845507574413 0.273869468810168 -0.121525219026053
0.0990274298235872 -0.0272514810279675 0.345779942517374 0.00731062053713324
0.124996068157832 0.0154832114059089 0.264723599447837 0.207041849128591
0.130423272244501 0.116542807345794 0.0414476511257198 0.243598178141648
0.0403172461771647 0.199542391126138 -0.0988693875591088 0.0698466506775701
-0.0586271045616919 0.160628763794454 -0.0431371093897777 -0.278215492585774
0.108349203975426 -0.013919270892114 -0.00969272289975828 0.334221967065353
0.0202464266544206 -0.0990802984389934 0.145318353381291 0.020751026858815
-0.0524369628041672 -0.0662789640144349 0.0155038067981713 -0.237306679925149
-0.0322831224847204 0.000656774861615798 -0.222127578185501 -0.289159839496029
-0.00336209484773533 -0.0112916856668681 -0.359074363118023 -0.104574814780095
-0.0127012324278276 -0.0164174821556706 -0.32839815477647 0.0791871130375355
-0.0307299534007521 -0.021510883954052 -0.228898427877532 0.180010758783948
-0.0392687591936947 -0.0350758943844931 -0.0875934921426807 0.222288747229769
-0.0351705269717991 -0.0438670170598036 0.0122031657667354 0.233230436149404
-0.0128205494235218 -0.0552982910470918 0.069326858609681 0.262057891713194
0.0237881021168007 -0.0454740768767055 0.0319890624077497 0.31095258216146
0.0342778696951346 -0.0111487311185441 -0.0504050491846962 0.336785490461428
0.0148089344532268 -0.0353327054723592 -0.0685951358477426 0.339813298031166
0.0668789560014994 -0.0569646534537779 -0.0504446579439442 0.356243235467726
0.125348451585664 0.0251673280507245 0.0973334009229291 0.368573831664531
0.11238648306566 0.119264203645816 -0.0479677179557374 0.283642386388042
0.054752076870589 0.00955045543768301 0.116949532274802 -0.00911443362269077
0.00230051216629306 0.00630487279009133 0.00123121542450372 -0.259682290748042
0.033457514847571 0.0313708646210654 -0.216685824578885 -0.299179441040374
0.0675780406723169 -0.0203694010074386 -0.345023605082918 -0.131262050290527
0.0447913232155752 -0.0593644442123764 -0.332118715191982 0.0472967825549033
0.0115538950170499 -0.0825955654292972 -0.240071330872095 0.15139612821769
-0.00543207447516625 -0.112375714986109 -0.0952455783129392 0.194123454305873
-0.000775852843523657 -0.125557760067801 0.0119154863797725 0.197594171443433
0.0341242113331795 -0.145704097210692 0.0933415513925626 0.219570214652018
0.107039101175647 -0.128364048478034 0.0932585164697097 0.279789429384564
0.160869149419391 -0.042180796760399 0.00461633039697469 0.346617892661348
0.148817979370557 0.0186639647763435 -0.0598156518668059 0.357157424329653
0.161284475341192 0.0586541484837837 -0.068599179464118 0.32497595787186
0.168655793666347 0.161911309878296 0.065035041325043 0.307399578394837
0.0980697689733344 0.240387958342805 -0.069502761328275 0.184546692399649
0.0823915650742622 0.130875507512567 0.114882832799781 -0.0726678977183541
0.0699824684838511 0.0930186222608064 0.00124850350017972 -0.314637513695904
0.113759326566408 0.0593957554675066 -0.210049721845262 -0.32426617993273
0.139644315037277 -0.032292402684879 -0.323816613437125 -0.158892188284496
0.0993179835268628 -0.0996494280678141 -0.316661481667 0.00803880458455792
0.0519277784087419 -0.134644327315621 -0.232801266938589 0.103208879865866
0.0293498394957027 -0.172123359025064 -0.0908112546134141 0.140504973585476
0.0311440907055274 -0.188131507291994 0.0193304904095072 0.133587273427105
0.0671114620624979 -0.213763051127999 0.123900215208114 0.14807893225557
0.159433045982029 -0.200710851212138 0.164388934277496 0.217185010457748
0.247353124814789 -0.0890838631687553 0.0848565857489853 0.338771550107284
0.261486074493098 0.0366101713404978 -0.03397315530494 0.374697358098955
0.244328922500808 0.144998192897576 -0.0949822398810272 0.296779328037168
0.195178271177639 0.268926130343979 0.0188656287803411 0.213216568253616
0.0779639062335336 0.328737897746669 -0.0813931026069309 0.0504480392605231
0.108376275379321 0.240674846725846 0.115936190887683 -0.158313138744426
0.148531686844764 0.174936951207039 0.0052651818947564 -0.372815904906526
0.20100295226123 0.0729530334112254 -0.192776483142082 -0.347561818791161
0.20455440855945 -0.0530599822439965 -0.284686546809333 -0.187964977157493
0.140488482320163 -0.136418470451781 -0.281606480470023 -0.0374549298583571
0.0812648566042214 -0.173451254601602 -0.206633484818112 0.0415302786201048
0.0583559810419425 -0.205894980129125 -0.0728689693658807 0.0681081086256001
0.058599541944815 -0.219218123153554 0.0342223804260135 0.0512240971199742
0.0908804499686979 -0.245724358925652 0.1523369631724 0.0622495912238566
0.184421784195345 -0.235636056009665 0.225973900474216 0.138435808609547
0.288219832440781 -0.118986834408623 0.16066474412622 0.310929346511579
0.327175614885067 0.0448796208161302 -0.00851278749230074 0.377569481588313
0.288089215054516 0.206488154893344 -0.126422899686255 0.265736625089245
0.188466709815164 0.336091423293833 -0.03055100597215 0.0957435700909073
0.0505878472335306 0.364153966805182 -0.0948217709728597 -0.100937017784183
0.117669565664408 0.311844744028932 0.098385768560955 -0.247533510958515
0.204724931790517 0.229595605497623 0.00914403017233619 -0.408739077126588
0.262148953322068 0.0756476387525283 -0.148474979802453 -0.354531131806804
0.242387542784571 -0.0685433088450992 -0.219787164958615 -0.223557379536582
0.160381591232543 -0.15697156970893 -0.228048399171436 -0.0984688987236516
0.0970140730434336 -0.187715020044101 -0.170415461135933 -0.034813513661126
0.0813913786224037 -0.207907670148842 -0.0464076138649878 -0.0140574971728108
0.0829589839874602 -0.214033796176204 0.0560307984747467 -0.0333971237314057
0.112246484642595 -0.232655951124729 0.18065124031548 -0.0150576888311388
0.196606682478707 -0.216831789975157 0.27219706479497 0.0700340265688387
0.292864576677644 -0.100569050915323 0.212439089169518 0.279365490783995
0.332765177806279 0.0745800997965523 -0.000252324850212368 0.363477421200937
0.269551284429947 0.253751388948386 -0.156988302588027 0.220631254412279
0.140322942028681 0.360182504422646 -0.0688642520760448 -0.0302628042029387
0.0188336424606307 0.337583182677881 -0.11099079342203 -0.240549570998775
0.104298270702214 0.322044143744959 0.061909563717461 -0.320630247523308
0.216451048034951 0.236430237383185 0.00570543141621197 -0.407499715414254
0.266757782647364 0.0641456900825527 -0.0868558196631312 -0.338903781960877
0.233549626527281 -0.069665503426198 -0.140929762205729 -0.258185114367826
0.151904521620027 -0.14908884186784 -0.167143688174671 -0.164736012897405
0.0952176946596904 -0.172227526678685 -0.128512797180422 -0.113748029819038
0.0919074062747145 -0.177204654165033 -0.0134586647736611 -0.0927824373650495
0.0974441277164219 -0.174776805464331 0.0876403282239615 -0.105431926383439
0.124505052875407 -0.180938819469978 0.215336537683131 -0.0695385908328651
0.191608049172785 -0.153720656224019 0.306997125491499 0.0317536199685574
0.261896027362897 -0.0456684005098476 0.238071790713246 0.256252129188579
0.282391310101578 0.119816884395773 -0.00107437590595742 0.331283691605758
0.197985101709458 0.277411149587544 -0.166488344784833 0.160403247042185
0.0618948658836783 0.33539159750225 -0.0776971174437832 -0.14978201019037
-0.0188027022751772 0.252421919320114 -0.126414625751315 -0.340652333402317
0.0662069700416274 0.268011393941344 0.0227398320777379 -0.358800924736684
0.176859294254881 0.190124089436646 0.00914253096841872 -0.379671954824118
0.206547074079254 0.0425228530895802 -0.0216970888303518 -0.31703661636376
0.174743048827526 -0.0498772720003379 -0.0710562258236871 -0.288057220224161
0.116423570323459 -0.108726085361816 -0.114090210910004 -0.224401522912317
0.0785811109636103 -0.125649419181892 -0.0914177247790012 -0.181449247820386
0.0884381360177801 -0.12007394409225 0.0196204715626771 -0.155116618162794
0.0948754399171998 -0.113901418834635 0.125015893339312 -0.153740431691439
0.115865510963535 -0.107594469864951 0.254472626327327 -0.0910832467214007
0.160934256408109 -0.075597476479652 0.332855358292967 0.0296848369072234
0.200510966345599 0.00958455219266997 0.243250517415718 0.246052055217329
0.198693828209822 0.149283715047216 -0.00263750109491033 0.288164782989832
0.0990022668748891 0.264136394463213 -0.147159893407665 0.0973395832014485
-0.0221621987814855 0.262443451302475 -0.0511715431831745 -0.241447619263493
-0.0632395767247877 0.127438368282295 -0.129925913835698 -0.381890552469342
0.00875847169292985 0.169428124387947 0.00257102236065963 -0.358706426597292
0.0957890939213543 0.110149996113544 0.024854100819169 -0.348968663084938
0.0982385408613216 0.0216636556388518 0.0229756982719874 -0.311152460542994
0.0811005671009708 -0.00778842553448746 -0.0360408711429408 -0.310895728879556
0.0638281400009708 -0.0408300589042967 -0.0845579845862317 -0.260685359765066
0.0536326120936337 -0.0546271626636134 -0.0633776578268091 -0.223127964551919
0.0709970144853175 -0.0451804328786582 0.0487374972092972 -0.190367577846243
0.0713940761339601 -0.0423613154161166 0.160984709766441 -0.172619486928071
0.0801906133244514 -0.0355217139391871 0.288319899826108 -0.0851989650489274
0.10326430877066 -0.0159805818636348 0.343988679477633 0.054002951753154
0.124594554545384 0.031267989540692 0.234835206338917 0.246079422977354
0.114751061975212 0.135980677430478 0.00583368642054495 0.247651892023041
0.00951529412204452 0.203872279689734 -0.103072243930442 0.0523690922151589
-0.0866100295907364 0.150021704717927 -0.000507355987405365 -0.28840361413996
0.112427132286482 -0.0166238157834416 0.00124069238262447 0.347441840880025
0.0201358734632238 -0.10197741703616 0.152256519513074 0.0186633520213173
-0.0540822674235283 -0.0671065277853502 0.0133466972161307 -0.246429408638398
-0.0330008704792369 0.000432657052157844 -0.237038995459698 -0.296071070226381
-0.00401321326943147 -0.0137706911699336 -0.373534124217134 -0.102529417476442
-0.0139022086263424 -0.0181537297481623 -0.336065009372018 0.088969108765556
-0.0316780349467789 -0.0218335721986389 -0.232230759061923 0.194527174313617
-0.0408199131197854 -0.0358557526587916 -0.0857910145978109 0.236998038747159
-0.0384384443140359 -0.0444520525877733 0.0169743558705642 0.245267744332396
-0.0151532826505683 -0.0578637376146998 0.0748733149383513 0.271852281493538
0.0238321407091215 -0.0491157392662361 0.0384129552256675 0.323318077044351
0.0364411772418183 -0.0132502963583123 -0.046651397432197 0.353269766292277
0.015954194375941 -0.0366503180449274 -0.0662738159874212 0.354415780801047
0.0682386600879321 -0.0584316148133164 -0.0480537801060068 0.372435927815512
0.130525081555506 0.0251743643172574 0.104687219807394 0.385574490428196
0.117975850854177 0.120547291141732 -0.0394939329437211 0.295710458917539
0.0575778124391716 0.00986794622919916 0.123559659820524 -0.0105960943351576
0.00315328323811152 0.00807556329570027 -0.00142019753754322 -0.269865060590199
0.0359313754234941 0.0316576371540073 -0.231185385757032 -0.306811209054083
0.0693545602868704 -0.0240345352435414 -0.359960670859052 -0.130876531215501
0.045596013500867 -0.0629783069914542 -0.341510671243084 0.0554324739003578
0.0101293809946487 -0.0858219739633668 -0.243961802872158 0.163816768521064
-0.00793337969834082 -0.117513203002517 -0.0950195919978042 0.207084690862968
-0.00390552381398945 -0.131452016633381 0.0157144555309149 0.208406751669515
0.0309931954373726 -0.153326719820516 0.0992697522071671 0.227988538573467
0.109249681621425 -0.137143634579026 0.0996160726506705 0.289010387743911
0.166993549475173 -0.048304385942239 0.0103413180487554 0.361605408320104
0.156455620168295 0.0173970664903969 -0.0547245748105543 0.373389079629152
0.168902326761756 0.060532968659021 -0.0654679665654597 0.34076379824881
0.178786198040955 0.167647515228841 0.0708909145933264 0.322228388394197
0.105699695830922 0.247021661054267 -0.0642198022435711 0.194131762208229
0.0877964094509252 0.136097883538277 0.121772252029811 -0.0760771210565618
0.0750922430730955 0.0972111683619814 -0.00222177936656711 -0.327288231060895
0.119895597788213 0.0592838398218998 -0.22408206013481 -0.33386263832871
0.14409314780804 -0.0381474272543548 -0.337690138306849 -0.158845989978426
0.100777229884496 -0.106063890320162 -0.326070374743618 0.0159278600400491
0.0508576806306801 -0.141742648249621 -0.237637742612803 0.11424353574903
0.0271341717122135 -0.180695454601823 -0.0915617958897121 0.150349441983932
0.0267046334481584 -0.197370600806705 0.0224408180673098 0.14104978152491
0.0640277842259784 -0.226201113256343 0.129208452425898 0.152750589983798
0.161509529231301 -0.213717554182764 0.17118478510787 0.221831348018276
0.255926139915075 -0.0994537448993765 0.0935781861425897 0.350893949359704
0.27434111965504 0.0342342577572042 -0.0269387089765728 0.391799309141909
0.256607997337971 0.148863113148563 -0.0927273878390223 0.313013356643808
0.208532912399668 0.279839645538899 0.0238431522687797 0.225319996730118
0.0863246903575449 0.339545640441228 -0.0789115672856572 0.0540421362106439
0.116953457995259 0.249560429894853 0.121595346122737 -0.164544967944064
0.156950601885856 0.181511373852226 0.00172038332579642 -0.388046696471196
0.21079797211728 0.0719055132499137 -0.20526329084926 -0.358274475119075
0.210645025707631 -0.0601716404639927 -0.298086650819074 -0.190081242355114
0.141997085948543 -0.14422240004177 -0.290723551862804 -0.0323018026215911
0.0806879406333262 -0.18199519027291 -0.21171012669542 0.0491043141482624
0.056062194926827 -0.217188561525674 -0.0749047415203642 0.0741699595253804
0.0550861768385391 -0.230798427472841 0.0355056640921261 0.0545848024432209
0.0876175700535032 -0.25986862548981 0.156844922394404 0.0636940897171761
0.186301522775176 -0.250924522320079 0.233489560851113 0.13792879785219
0.2982969690293 -0.130340137943168 0.172760358231881 0.320369528141574
0.3413922317106 0.0418879927395578 0.000339513176699131 0.395347692919094
0.302473598126711 0.210952368335053 -0.125254307269399 0.281114798217487
0.203048523576329 0.35068352521468 -0.0298912205029107 0.103247373326523
0.0593096356492611 0.377254420001297 -0.0957303478594058 -0.103713604062811
0.127931780021722 0.322314725438857 0.102991925766979 -0.256206978399356
0.216888647119107 0.237203839698884 0.00345042640335774 -0.425122242454607
0.274647866023632 0.0731206380432243 -0.159468329282894 -0.36633023105475
0.25060040249483 -0.0774303606102365 -0.231738909802432 -0.228178253444424
0.162294552641865 -0.164841914937327 -0.236594233877304 -0.0974707365777485
0.0965291603721051 -0.197052166224232 -0.176142141670204 -0.0316617488059011
0.0808335210430541 -0.220225683667767 -0.0497412550435034 -0.0132913485133471
0.0817816454474946 -0.224991944873013 0.0562417034042042 -0.0347078282344853
0.11036764960682 -0.246408383648732 0.185538266585323 -0.0181779367148223
0.198785930114534 -0.231182152087849 0.279383706327279 0.0652866636414617
0.302700152951387 -0.111415771140175 0.225751945189315 0.286246003266668
0.346734103636195 0.0729868637227762 0.00947350052600824 0.380775444489625
0.285518985835069 0.259792787936698 -0.156513711725155 0.234651224066636
0.152832676348886 0.374860748408065 -0.0721563142627256 -0.0283699784027539
0.0267870602867298 0.349830417420091 -0.116303065194197 -0.250082410460953
0.115458372400618 0.333165762275606 0.0630788648286 -0.333093897351149
0.228671205825302 0.242880491430952 0.000534555210308065 -0.42343592624769
0.278401999738119 0.061787343725252 -0.0959226326048686 -0.350140181395681
0.241805303979596 -0.0781173071437605 -0.149449526920659 -0.265338094682343
0.153646025253683 -0.157500714469763 -0.17504510165497 -0.16771789377555
0.0942770712085332 -0.18168315519289 -0.135346590629311 -0.11526308262388
0.0921072551542202 -0.189265811683643 -0.0175787621934495 -0.0972631131760076
0.0979769319611652 -0.184801111726269 0.0872261166964255 -0.11098008860977
0.124513133137948 -0.192452068788349 0.220288172011334 -0.0762589677111562
0.194971318251335 -0.164781673512683 0.315889011475035 0.025502808364592
0.270995167055924 -0.0535225927682588 0.252062100522563 0.260802012848923
0.294747546122203 0.120912104134949 0.00641900151793479 0.34741931376003
0.210048982954795 0.285058727247395 -0.167850794565598 0.171198784449215
0.0697907765811809 0.349928544210422 -0.0833247961615251 -0.15276707526147
-0.014501070400274 0.262106045998179 -0.133409485324725 -0.354218368436821
0.0752467117347822 0.276879466162194 0.0205962296945864 -0.373530906467865
0.186718589453035 0.194794226334902 0.00509658099211734 -0.395546935779828
0.215856197656299 0.0405445771534082 -0.0278742995956218 -0.329268674244206
0.180477574974151 -0.0564795924834249 -0.0774817552686297 -0.296794001830944
0.117264416449563 -0.114571536683641 -0.12171103478868 -0.2311892527757
0.0783034633297929 -0.132506864797102 -0.0985533390437304 -0.186510403972555
0.0905961154117221 -0.128770531731946 0.015797203342214 -0.163184394454708
0.0969587588390366 -0.120411669746749 0.124588531569755 -0.162228805490505
0.117981127815979 -0.115293776212244 0.261053879842585 -0.101051376205401
0.164897851939228 -0.0819869941234124 0.342748880755172 0.0226748811280557
0.208038123916311 0.00607737363476078 0.256299612912313 0.250347517942405
0.208108945537156 0.153142456631586 0.00316116802308181 0.301980296210121
0.106360607600901 0.271428756215474 -0.14801671495467 0.104775469806268
-0.0184098500497138 0.273637685138936 -0.0583383401403128 -0.247949747018488
-0.0617407975612489 0.133265288332421 -0.139898202000932 -0.398486401882283
0.0132246447580637 0.174864321148231 -0.0021636276266133 -0.373614580943077
0.0998449011277039 0.112674886553343 0.0203917331110961 -0.362419230375504
0.102401402495831 0.020339426822257 0.018482572544632 -0.323618626209675
0.0846439648951227 -0.010562470809664 -0.0417710133419677 -0.320104637053246
0.0639738575205452 -0.0429683917845163 -0.0923158175840022 -0.26965491996191
0.0540234446267014 -0.0575554001326652 -0.070402182340633 -0.230992930659529
0.0744315670359724 -0.0494538724441446 0.0457808396505065 -0.201203533609621
0.0741734372890851 -0.0454409857484922 0.16215087450625 -0.183569416742138
0.0827230771078078 -0.0382688395501465 0.297309354319865 -0.0956814764774447
0.106905482047158 -0.0179175311889289 0.355402274392785 0.0471618988750861
0.129520594484749 0.0296314433966044 0.248498755420606 0.2508908824012
0.120551032433982 0.140064049585005 0.0104076536307437 0.2600638123919
0.0129182534530924 0.210566161291386 -0.104353158209516 0.0569261829442481
-0.0874682848948256 0.156820066707904 -0.00780214968170763 -0.298417545667517
0.11653298817548 -0.0244727320699894 0.0250591163858478 0.361771102246827
0.0158510309930391 -0.107260090825646 0.162838820553172 0.00988660369125648
-0.0586185103002921 -0.067197105132698 0.00147873737240181 -0.258445892958605
-0.0344612812324152 0.00121198840348996 -0.265523977513287 -0.297008637612237
-0.00575995425562489 -0.0159285985488414 -0.395942125544213 -0.0871022571718575
-0.0153561437426531 -0.0189609935947736 -0.342668216965244 0.111094882792664
-0.0344854609143966 -0.0203395082488172 -0.227936633084016 0.218872672552645
-0.0453369885746848 -0.0354661063569028 -0.0735158816276588 0.255965430695269
-0.043540895208487 -0.0434837230555191 0.0329508941198811 0.258856476333114
-0.0203105704334217 -0.0590769565451121 0.093589253569357 0.281764708937876
0.0227843717123502 -0.053998096571361 0.0574789695004399 0.336019147679302
0.0383208710425773 -0.017312797446472 -0.0291123955899968 0.372262831208109
0.0164008658207446 -0.0387160070665837 -0.0502841387324691 0.373851331044897
0.0673612195085333 -0.0629333855363297 -0.0317404299138726 0.393582853030421
0.138169956356195 0.0197060994459935 0.127768993313534 0.400826216583536
0.129255824070628 0.119038556996451 -0.019965593537653 0.310445603786982
0.0596101495787081 0.00810845667226423 0.131948225544187 -0.0174492050934422
0.00450478732245563 0.00889398197583054 -0.0148362428730634 -0.282196203113356
0.039625503994641 0.0307473196145958 -0.257841303023055 -0.308222077666884
0.069777098148145 -0.030771240901333 -0.38262856148372 -0.117439979568967
0.043693855900815 -0.0696017414689827 -0.350083156725981 0.0782058538522019
0.00574634833583965 -0.0905191074545513 -0.243557672542449 0.187883202806261
-0.0152058606122922 -0.122945662348273 -0.0857810490416056 0.226088953286237
-0.0130750121258016 -0.137608691383562 0.0285311573961364 0.219986563000805
0.0222109238569449 -0.162752772462733 0.115635433302078 0.234236295953188
0.106377692171916 -0.151521681682479 0.118485013348998 0.296810238850302
0.172322869427012 -0.0616658836336715 0.0317455459303014 0.378523093361746
0.165643972214384 0.0100200893055827 -0.0358769182946049 0.394549525019828
0.18010593263591 0.0558391995430115 -0.0507226527257928 0.362243942711474
0.197107275206399 0.167789732535848 0.0903431846663902 0.337727894803488
0.122968064349846 0.252067859725898 -0.0507452386818995 0.205270819927465
0.098572847470528 0.137693007515596 0.127400125679985 -0.0848792305542944
0.084165133966557 0.0991648000537197 -0.0184112900831095 -0.342650519316618
0.129246732925901 0.0551995583694167 -0.251620052523549 -0.336785714352004
0.147375252897811 -0.0491757409423356 -0.36046305214013 -0.148834659933959
0.0992189430439799 -0.116314535647953 -0.337273635497492 0.0352857150196755
0.045316790365273 -0.151131849823918 -0.238946323030816 0.134791266535091
0.0165768785739271 -0.192201092372157 -0.0860163987327077 0.166337388959813
0.0164146230500936 -0.209359174264152 0.0316590011012411 0.148730783837326
0.0514854116171471 -0.24123792168392 0.142461854861633 0.154559673151984
0.155387279841964 -0.234840418819613 0.187899488746775 0.221691453150414
0.262535540868055 -0.119588782160085 0.117901915827494 0.362622600338509
0.289725100791797 0.0211348924269758 -0.00329231954616389 0.41207627798941
0.276976000092582 0.143636809535914 -0.0786851198322748 0.333987259102669
0.235203215548531 0.284274341984946 0.0365518338742942 0.237039280176829
0.107801439499468 0.348778044301659 -0.0745283654301046 0.0606881011525591
0.13491680217204 0.255452343888654 0.124161953503081 -0.176434368009268
0.174341109817778 0.183352880519884 -0.0177028467314444 -0.40622591844465
0.225057107173052 0.0633620175197651 -0.233306367507816 -0.363871959740491
0.216817707996247 -0.0764641166843395 -0.320592037706627 -0.181984186442764
0.138964836490657 -0.158827377786997 -0.303128952147615 -0.0168381390342509
0.0726968575135021 -0.195615798980721 -0.216704238321409 0.0649402042906519
0.0458410391301727 -0.232813458257575 -0.0742665980050706 0.0838997868785637
0.0436168484925336 -0.246109715265183 0.0397067621118573 0.0565698398587706
0.0737026953626815 -0.278767128244803 0.166962951839902 0.0594226856912563
0.17847967585045 -0.275102672248796 0.247653157063342 0.129954170451417
0.304670967488459 -0.154716758903892 0.19790561305529 0.324746220600418
0.360088954213153 0.026005674922234 0.0253710571226576 0.415052735885389
0.329209637899952 0.205816273178566 -0.112970849825965 0.30231395629094
0.233211478867902 0.357835459831363 -0.0244296975393312 0.112493917931873
0.0822225414715854 0.390342311614339 -0.101283798626982 -0.104023228562403
0.151871530587402 0.330235785173171 0.0990331788947634 -0.272467904412481
0.240070047024811 0.237677269088958 -0.0170043478575573 -0.444526142215803
0.291376760166163 0.0608516076254712 -0.185617166489314 -0.373585279849771
0.257111260441254 -0.096943030048411 -0.252510979883962 -0.225369063843079
0.159007211784068 -0.181346897358788 -0.250221527462245 -0.0875038134417446
0.0887080916332543 -0.21267095088411 -0.184203198992914 -0.0215892632845097
0.0716385162023189 -0.236617228302907 -0.0529763173626019 -0.0102125906583222
0.0710486813741257 -0.24135230248087 0.0550829673706706 -0.0385252955619241
0.0983593584511535 -0.265571174330998 0.191465520586973 -0.028950046116034
0.193670902372533 -0.254752100315817 0.291774639523661 0.0517467248273946
0.310124472536517 -0.134706902277776 0.250842376806083 0.286568982768381
0.367327550862332 0.0586478498772339 0.0339680911660824 0.399279224320944
0.313043173744816 0.256352843521638 -0.147763111876915 0.254623276476606
0.182011479862015 0.386027178932899 -0.0758168850612927 -0.0241364019132669
0.0464857724172735 0.36403975697364 -0.130540637042165 -0.256109657753915
0.139492843633438 0.341633967640026 0.0526006350255992 -0.350580802253429
0.251818262529328 0.24270824779609 -0.0206145852517949 -0.443669361945139
0.29524454921405 0.0477990737212802 -0.117283363302836 -0.361170827548516
0.248124548175063 -0.0980528644378609 -0.168812616157306 -0.267541141306583
0.150768589471582 -0.172581804282195 -0.190617916758454 -0.165424842302947
0.087357868362207 -0.195174330581441 -0.147207949145038 -0.111570944610592
0.0856978377475484 -0.205404218616355 -0.0251754745078592 -0.100017299813462
0.0912628900176826 -0.200538495577717 0.0826629089947462 -0.12055615052166
0.117284909269089 -0.209999253382452 0.2248241941861 -0.0918415004508007
0.192770511680089 -0.184923575037326 0.327873957510869 0.00845745406713764
0.28044199842846 -0.0714944950753627 0.278305632838597 0.259211953077239
0.314424768925066 0.112243375086224 0.0290676345462956 0.364930049099688
0.235519327090144 0.287255643967093 -0.162414464601493 0.189058252686917
0.0937320575275255 0.363669481822723 -0.0952510641772486 -0.153341087974915
0.000117017406010278 0.274654018121103 -0.157172922260736 -0.366082570633674
0.0945549222966202 0.28423523301533 0.00472400333120676 -0.391976467811544
0.205109349638367 0.194834882362938 -0.0154234854322304 -0.41446605163546
0.227721415322867 0.0288581316233732 -0.0464713654186824 -0.342726129296535
0.185838295940897 -0.070721576785448 -0.0954222770921688 -0.305371082574341
0.114676907746125 -0.125049368087747 -0.139356098581389 -0.234920005322927
0.0732586561377768 -0.142969536966204 -0.113365302756622 -0.189265782146551
0.0876784463268169 -0.142398843345424 0.00540351768430272 -0.172110266683643
0.0949483819019158 -0.132577446951849 0.118685788375405 -0.176848326090686
0.115540884978814 -0.128919464301963 0.264814751285035 -0.121380656669931
0.167189730110612 -0.0954718155183114 0.357353415704631 0.00310331487549766
0.217375000770598 -0.0053074471341278 0.281571483760718 0.247345915784792
0.224832676676516 0.150222301876034 0.021567084340211 0.318193121433116
0.126257709755427 0.27798515606169 -0.146477092806874 0.117840473651473
-0.00343232846623527 0.288727739541795 -0.0758556332566942 -0.254857202444925
-0.0560611461329905 0.14141700745779 -0.167084542786168 -0.413209626225151
0.0252708258544464 0.180957973387855 -0.0211899512667742 -0.392199262134233
0.109563100579134 0.112513341707329 0.00278845829612661 -0.381296647061323
0.10713966779672 0.0157051702342801 0.00233213542799892 -0.339625183135511
0.0879972264674968 -0.0169449754440238 -0.059751153533651 -0.331629277521347
0.0628693327740395 -0.0470398520887864 -0.11063669816446 -0.277361786628709
0.0521707465985167 -0.0628960498012489 -0.0877267656026768 -0.23747912482257
0.0759921236253908 -0.0581890966998378 0.0338114532319028 -0.214209143037891
0.0761128910719128 -0.0516809025241307 0.156231349880145 -0.202241900649553
0.0842178175699439 -0.0453039117933758 0.303698549262418 -0.118121926617091
0.109727275691635 -0.0246675067370041 0.371541754279459 0.0278690452888841
0.135806851548495 0.0239333923099406 0.274168070846805 0.248747394173157
0.132056885810138 0.140950134587483 0.025945776089135 0.274008076560608
0.024622978667207 0.218744568736564 -0.104510026609547 0.0661327132239393
-0.0828227990424329 0.16922480580034 -0.0265690591695547 -0.309958754456895
0.115889447122694 -0.0349348950852857 0.0580676122801815 0.363496150821828
0.00779448498223255 -0.109949577872527 0.168155078676807 -0.00326489765087397
-0.0638092332706655 -0.0641573374011657 -0.0178293088078037 -0.264021106454032
-0.0342524135096177 0.00401319226809374 -0.293071991621793 -0.279702620129696
-0.00870064204292912 -0.0167855643908702 -0.408626855049296 -0.0564051093107514
-0.0175895442710077 -0.0192310861208804 -0.334574645645371 0.140233164940907
-0.0361390097233752 -0.0179838293516382 -0.210543607379175 0.241554065713944
-0.0485861979704696 -0.0329206791309224 -0.0502079324474248 0.269652620322658
-0.0487304987214019 -0.0400127965699808 0.0562854651997758 0.263157965701673
-0.0263242670733494 -0.0581046058534179 0.117609959775554 0.280252046638181
0.0187653041805383 -0.0576977017161201 0.0844801480154382 0.338601150797771
0.0380207840817656 -0.021680973664225 0.000843713611245506 0.38289365759099
0.014280338571119 -0.0398772156189539 -0.0213077409489641 0.38391688540481
0.0636707085333402 -0.0667291870587281 -0.00247987386749767 0.405413522406791
0.142528437712142 0.00914871953623665 0.160008170911014 0.402291532683258
0.139815903596792 0.109793111424683 0.0098502008737982 0.316268372087676
0.0616488262509612 0.00437862178223678 0.13638960215329 -0.0288470539445197
0.00596699028852309 0.00922193749570139 -0.0355805929223393 -0.286431983800528
0.0435587805247421 0.0278897297032148 -0.286696525972494 -0.292500586209224
0.0672550791498827 -0.0382405508841384 -0.397961368634936 -0.0894707190638729
0.0377814581119416 -0.0748768241551544 -0.34619088944755 0.106543372544457
-0.00152728761282955 -0.0923587614490911 -0.228561481607401 0.212088062906725
-0.0265946241879987 -0.124755327620709 -0.0661356618234179 0.240221469456347
-0.0258910957187708 -0.139404743102702 0.0490132966581506 0.224491169770085
0.00770410620519432 -0.167112471938076 0.136722753511137 0.231207840035365
0.0950287738054756 -0.165400889616363 0.142361912573788 0.293266102580076
0.17100594993229 -0.0781760175113333 0.0626963338472609 0.382834699900472
0.170794553770958 -0.0023956547834164 -0.00280853754733783 0.403451379924735
0.187394162802692 0.0453541987013036 -0.0223699235199931 0.373838836018758
0.215673836731439 0.155674671822846 0.119443199808768 0.339423464055551
0.143780688475133 0.24582348345436 -0.0309355583528504 0.211815680432725
0.110961710791554 0.132726974143947 0.128096892367064 -0.095601979534214
0.0934118038678581 0.0957320103468126 -0.0435457129281996 -0.347784950137548
0.135791660279176 0.0454616643709158 -0.281821450536746 -0.323532889973654
0.144701236254653 -0.062987039396173 -0.377207254794407 -0.122451780915847
0.0898405274880675 -0.126839001044525 -0.336202863843807 0.0623035742798115
0.0334544284948971 -0.157354444238316 -0.229130875792377 0.158149185695759
-0.000104369703064809 -0.198277674745838 -0.0720270994224675 0.178776004670976
-0.00266510078843791 -0.215144462795071 0.0449977555998361 0.151086685207369
0.0298881815528641 -0.25043174162564 0.157263632560873 0.147398598342101
0.137150584941631 -0.253943172019448 0.205988670236753 0.211036081371167
0.257257447651737 -0.144994572468824 0.149514528069311 0.358892574379847
0.297655468079907 -0.00168977563019901 0.0323017287990624 0.419702963416472
0.293541523198171 0.126335194934941 -0.0515207648465987 0.347101137022533
0.264024383769836 0.272682160558945 0.0576682537099756 0.241368607646609
0.136450884305002 0.345837337933408 -0.0658195989495623 0.0666275039878851
0.157273452965244 0.249038034031419 0.118017083787478 -0.188094859270746
0.192162511585628 0.174486950246545 -0.0482493750201989 -0.413184461799049
0.234336205495711 0.0461843315352714 -0.26616459635405 -0.35109223828781
0.212996262595079 -0.0964877364334974 -0.33920810064859 -0.15996083819246
0.127909733399646 -0.1727098697463 -0.307104973747992 0.00758287000830061
0.0583290248499637 -0.204949431447739 -0.212468732528816 0.0846094477149728
0.026005451309251 -0.242293726615717 -0.0674131555481669 0.0937386997682103
0.021812094698665 -0.255389252478361 0.0451492732074095 0.0569346667634922
0.0481689581109631 -0.291252411028872 0.173756800128076 0.0475172809186091
0.157529316504449 -0.296848009980193 0.259022560106371 0.112828855173645
0.296196161396277 -0.183448207442612 0.22784685628045 0.314762216861614
0.370666795325888 -0.00218473340317607 0.0628848159103412 0.420081705726173
0.351500896858247 0.184496581517802 -0.087069597211638 0.31626205836863
0.268941516668635 0.346659392583746 -0.0143420908410832 0.117633884720509
0.114076506498743 0.390262390807925 -0.106791123235225 -0.0984883042453554
0.180796860170532 0.323486659561907 0.0849824186829704 -0.283841348019812
0.26321432716338 0.224080832128614 -0.0511459776698559 -0.452302304509815
0.301244597748663 0.0382523869839594 -0.218024925145118 -0.365881958286015
0.252557160896185 -0.120972256025098 -0.272832257175672 -0.209062292292085
0.145971197326757 -0.196335011694298 -0.260073991313594 -0.0695871503649204
0.0714122433579066 -0.22336109922639 -0.186964712383173 -0.00654696369507199
0.0514600006412893 -0.249715466162087 -0.0552450726552026 -0.00436207974053838
0.0518290707580236 -0.253060455495861 0.0525855390113784 -0.04199037151094
0.0745701903439778 -0.279525231447432 0.191355985866106 -0.0440368429132507
0.1733801344647 -0.277206918996277 0.296519952894095 0.0297317723864175
0.302980509619558 -0.163558057080434 0.279101943942204 0.271122362815564
0.379497967635782 0.0317241913529641 0.0714232730976048 0.404083918435944
0.339721186870875 0.237670164672821 -0.126364525055749 0.270056914317266
0.218803212869375 0.380426354989581 -0.078052917181371 -0.0170792947368892
0.0765840346062284 0.365549862605062 -0.150587606923126 -0.251287878283138
0.169831439497448 0.334896481898893 0.0300031379318878 -0.360266192105117
0.276250445132531 0.228935068403972 -0.05591345060387 -0.44941112349518
0.303959816888952 0.0243085818174973 -0.146939446026314 -0.357342142703102
0.243526308706055 -0.121562393936919 -0.190340470021509 -0.258522548987991
0.138474175787934 -0.186429696884204 -0.205468914557729 -0.152703451643081
0.0718605952180716 -0.205396998218685 -0.157474270906278 -0.100979014950723
0.0693431707845879 -0.218978218650815 -0.0349345848123419 -0.0996023340957096
0.0760171899856246 -0.212732472830684 0.0724286572657751 -0.128474300888409
0.0986673255852607 -0.224147937556048 0.218834220845592 -0.111522261119754
0.179727243650463 -0.204106672785718 0.32915953700658 -0.0190101591064972
0.277824511800125 -0.0960320752118093 0.303948457321165 0.240372838046867
0.328920296134397 0.0906194683952044 0.0630215050136545 0.370205730541894
0.262203259772057 0.272780514979701 -0.14675947483715 0.204240646994635
0.126828855283041 0.363634004971847 -0.109398799373093 -0.146646999106198
0.0230044896264643 0.277692538382525 -0.186450042514875 -0.361110930020638
0.119806025294477 0.279370108364542 -0.0235566075458956 -0.399516739053378
0.223620159481582 0.181954174854616 -0.0481041844900109 -0.420369354925496
0.232588380245389 0.0102102934826861 -0.0723057262832968 -0.345149241610846
0.182052577305053 -0.0888331820729621 -0.119469133123565 -0.302091620938574
0.105637428067541 -0.135255904304217 -0.16003525628943 -0.228463683591925
0.0615773272838696 -0.150837122531789 -0.13066670131154 -0.182883825125629
0.0767725796215839 -0.155094647303827 -0.0109824049547183 -0.177129031324604
0.0860971366921172 -0.143511516976174 0.103963786825446 -0.189766119514902
0.105160317873952 -0.140449883397287 0.257327283255897 -0.144859537516161
0.160307561596237 -0.110922626216344 0.359449225834326 -0.0266041699286427
0.219268247482659 -0.023417841484936 0.306358042158503 0.228445452999217
0.240895195874681 0.136388506906466 0.0506197461935825 0.323875313961914
0.149870427111858 0.272529634002512 -0.136500126812845 0.130951507480922
0.0204105077846635 0.293764517448134 -0.0982783646074064 -0.250319029304764
-0.0442331413392391 0.146814836423285 -0.201760877573855 -0.409815491634687
0.0406634466163774 0.179300372186128 -0.0527214828927287 -0.398050831257557
0.118815172377388 0.106394398357752 -0.0274222614649977 -0.388540333152881
0.109495764816443 0.00696882110135527 -0.0239228395098636 -0.3456082982125
0.0880642068034166 -0.0254365469099093 -0.0862045498010296 -0.331557712460363
0.0598223579433716 -0.0511900252979453 -0.134729824828887 -0.274099374246596
0.0465878016209188 -0.0681087024882414 -0.10973393689956 -0.234816740041028
0.0729753441218345 -0.0679739653167087 0.0147626909669598 -0.222715050484401
0.0741196837243636 -0.0589869935023009 0.139796442823538 -0.218301228238481
0.0815107824802478 -0.0528271419861108 0.296943699745505 -0.146040300241437
0.109189178551577 -0.0340526830507481 0.377355773250648 -0.00299205159830996
0.138763705719822 0.0132636968117334 0.297832946799501 0.230048139284575
0.14512413105191 0.133865971328342 0.04972697985219 0.278551924160255
0.0416643151723903 0.219508250891037 -0.0996871530942747 0.0749662298329662
-0.0691496010837163 0.178225747535446 -0.0537002603725921 -0.310480217374824
0.110152883313883 -0.0433134221575079 0.0866675233440046 0.348934830199908
-0.000471549395503609 -0.106922847700573 0.166551717754255 -0.0173433668752136
-0.0668958902444771 -0.0582549749852573 -0.0343743402384709 -0.25792519431193
-0.0329310370224136 0.00591672117907858 -0.307572697186288 -0.252028820714838
-0.0108540890698849 -0.0163950122042703 -0.4039442665367 -0.0259730090567987
-0.019795486442565 -0.0190550286284683 -0.314825787050308 0.159250738069856
-0.035836059734091 -0.0149810529170084 -0.185712313308916 0.252689090184367
-0.0503394560358407 -0.0286170921071144 -0.0262724732785639 0.270100957476499
-0.0510801834947027 -0.0349520732299663 0.0756443466968342 0.255980042125689
-0.0304518776523045 -0.0546095162175047 0.135146418196445 0.267246869029536
0.0136476936480827 -0.0601371883824121 0.10712223148154 0.326043318711261
0.0359216123341274 -0.0252843535457411 0.0291590483070147 0.374923287044931
0.0123413399765686 -0.0396294289014398 0.00593567770605062 0.376968818919512
0.0577051855105825 -0.0678303446696392 0.0244781061039899 0.398949410214492
0.140447006488086 -0.000702246004381086 0.1849089372586 0.387303541737118
0.143655795306213 0.0977012325921297 0.0364034543119424 0.306695677375988
0.0599475626125834 0.000990276725321153 0.13542405660944 -0.038889245566089
0.00682760551710781 0.00990917706363398 -0.0542007238748695 -0.279643600701505
0.0449733073358274 0.0237457542803534 -0.301659884225932 -0.266961234326418
0.0617393433927507 -0.0428444464669454 -0.394415557734145 -0.0591985320772555
0.0307253169261965 -0.0768844621670662 -0.328514238274362 0.128067055100629
-0.00750002317126212 -0.0905603618561309 -0.205149788663434 0.225404394294299
-0.0359846876390181 -0.121324038731787 -0.0432656536968175 0.242949340750755
-0.0368330316529076 -0.134445908767458 0.0662703391475378 0.218553960335874
-0.00639984468125498 -0.1649395665533 0.151139554213993 0.218139919235941
0.0800102284298028 -0.170970919114587 0.159397108531481 0.278050132299063
0.161813871878292 -0.090483960531702 0.0892226972214617 0.371033114714723
0.168525109728872 -0.0146004796676384 0.0270437466682891 0.395356860979509
0.188182272565101 0.0336237408685698 0.00416118169769113 0.368954498982253
0.223394568901311 0.138760592591222 0.141410550173148 0.328652151956061
0.157166521076248 0.230531871248666 -0.0101084908578229 0.208332221335241
0.11708522241448 0.123326384933075 0.124302628237137 -0.103587176248908
0.0980481788403685 0.0891359001150469 -0.0666164681955739 -0.33822103590244
0.137213058905338 0.0350449286987031 -0.298609200054872 -0.296725675259854
0.135891534853069 -0.0729782707508062 -0.377168161317091 -0.0945886690926457
0.078259546001659 -0.131380800749891 -0.322544379588994 0.084995131352017
0.0214312585923337 -0.157132703653379 -0.209597247684063 0.172260689623231
-0.0158829532054242 -0.195871466013434 -0.0543363752763423 0.18299992073214
-0.0195144178240443 -0.211304106807982 0.0565564834803429 0.147262343072198
0.00849728846172663 -0.247642854123743 0.164890940113506 0.134697623147573
0.11407065452985 -0.261450258763184 0.215274393602711 0.193211861990874
0.240978792002625 -0.162191017845272 0.172611186589213 0.340867371894871
0.294223336217729 -0.0224246228954093 0.0647617839257553 0.407705181801554
0.298118825393291 0.104521922888619 -0.0241925392082305 0.3447890122345
0.280073648221886 0.248643226258426 0.0748702580671695 0.234266013020969
0.157637383963249 0.329120992790242 -0.0545999049386182 0.068696181702822
0.170869875121227 0.23266250499653 0.107770637987674 -0.192645195492341
0.200990109695224 0.159166364899012 -0.0759453208800874 -0.401425332042251
0.23326287106908 0.0284383467661993 -0.284265838256143 -0.325399170492416
0.20070305335424 -0.11070299653045 -0.342372271505483 -0.133506678048344
0.112212194636352 -0.178754128273445 -0.297834612528002 0.0284443955642795
0.0412538498487013 -0.20578332952404 -0.19957110182898 0.0988823405765714
0.00603507028227768 -0.24120494060809 -0.057135587119984 0.098366125812287
0.0012362748972777 -0.253125363857217 0.0489081717306775 0.0540932629686848
0.0231375806445833 -0.288895797670255 0.173861079362371 0.0353630438319341
0.129659845385921 -0.30490504897082 0.258034937592665 0.093212475843213
0.276368308239282 -0.202384735720254 0.24581485577515 0.291309645356851
0.365149076935531 -0.0281691920688147 0.0955354198863445 0.405857559557023
0.358213174069697 0.157467755302996 -0.0615805902833769 0.315774225163068
0.290990066156141 0.32161268046269 -0.00521885731961897 0.117679723628103
0.139095899486257 0.373396363310999 -0.107810827263568 -0.09021251451119
0.200402234432735 0.303719749664152 0.0682817979037958 -0.284087251801391
0.274855247312828 0.203757015932742 -0.0823291136975022 -0.439794378980254
0.298107431930944 0.0146937599187526 -0.236430132452137 -0.343103397665287
0.237865427032408 -0.13812896194707 -0.279364074981995 -0.185398858723299
0.128863274706912 -0.202747272727806 -0.257349291332329 -0.0493197047520726
0.0527250207361818 -0.223886476597499 -0.182041204071332 0.00805614894809011
0.0306871792096459 -0.251602967819184 -0.0541071233102841 0.000448867840575738
0.0306557141906444 -0.253925245144795 0.0476316851026261 -0.0439216651511725
0.0494542663760233 -0.27961917817845 0.184180253067243 -0.0559303821815434
0.146878663419452 -0.285662576012395 0.288776189176862 0.00790772106470118
0.284222910957416 -0.183554607711961 0.292405172708951 0.244686362853007
0.375574013601655 0.00341338806714934 0.103370064353653 0.390171155981326
0.350543225489425 0.209503382001589 -0.101572437032457 0.272647189947696
0.244149446110456 0.357650679671525 -0.0772292654479843 -0.0105235008047607
0.10052241336728 0.351615033827694 -0.162221702023424 -0.236875165013926
0.190412655279195 0.315228397853895 0.00777661502592391 -0.355433687871945
0.287878632943188 0.204886364765914 -0.0868644066582724 -0.436352408286127
0.298987323920546 0.00104874560382757 -0.167251181612048 -0.340701595499285
0.228467591240908 -0.137582794584251 -0.202640217345937 -0.240541378284385
0.1218848544857 -0.191382487742781 -0.211074442134509 -0.135322006298636
0.054036105252046 -0.206185718056199 -0.160797311074918 -0.0873821014106335
0.0504122233808633 -0.222682410829105 -0.0429836063159442 -0.0956357622462826
0.0584554774354559 -0.216201849915416 0.0600274766199427 -0.130416608767003
0.077531399145558 -0.22683334121921 0.205007941026803 -0.124591862821028
0.158390541783695 -0.214447719244295 0.317501713385088 -0.042226724888391
0.264174972412797 -0.114371365760447 0.31460066743068 0.213429303248762
0.330667871590244 0.0662861798779857 0.0922554028529696 0.358610102913043
0.277082714350517 0.24893749252913 -0.126808276337351 0.209432875919093
0.151861295436351 0.347806838782276 -0.117596666736906 -0.134741253963071
0.0422452786860184 0.268198315243486 -0.206712977172451 -0.342440430935258
0.136879858405273 0.264408057809732 -0.0490974817111108 -0.389974670542953
0.231524934011052 0.163514767271839 -0.0767571168151916 -0.408640190930785
0.227871297083238 -0.0061861067334042 -0.0931219724787409 -0.33293612909805
0.171592330692364 -0.101225775799964 -0.135537156015465 -0.287684707403834
0.0933252362159758 -0.13940375481196 -0.172157937094432 -0.212499842072829
0.0486815245966391 -0.152085258339059 -0.141130221765554 -0.169897185003225
0.0624699500780983 -0.160833448220418 -0.0262405761260069 -0.173162644317344
0.0739225180126797 -0.148890792043476 0.0855223222304663 -0.193289952897291
0.0910783884173595 -0.145234126541691 0.23999424979216 -0.160659252059026
0.147380016722517 -0.12109628208394 0.345164745843601 -0.0516041934051884
0.212369587792218 -0.0390003965335476 0.316433435636284 0.201037567173022
0.246308124810833 0.116999857728883 0.076036419395348 0.314526367994557
0.165602094407564 0.256275141518383 -0.122445085524703 0.136528901809694
0.0415175974506185 0.286737573051249 -0.114673315713328 -0.236626842814617
-0.0328155844138234 0.145057395111699 -0.226894869297716 -0.389746041902977
0.051919136566689 0.170920448827026 -0.0786380384787272 -0.388310304719231
0.122838146992877 0.095909709646719 -0.0541038616458355 -0.378360219532689
0.106360704757138 -0.00113130548505039 -0.0463352394734225 -0.337353230055375
0.0837955322958313 -0.0321039330515485 -0.10492448271994 -0.319316149608787
0.0546641750912944 -0.0532771946334911 -0.151942681499121 -0.259056030612209
0.0401841993746976 -0.0688073767858806 -0.125231554124283 -0.222134818243308
0.066019617705901 -0.0747588004881666 -0.0050230384005061 -0.221531833720044
0.0697764323475083 -0.0639658466268972 0.118301650620229 -0.223925657466672
0.075668037531324 -0.057731611936882 0.277470451339621 -0.164437307738847
0.103515125960222 -0.0415212544582717 0.366050127499114 -0.0299604148551559
0.13556516574851 0.00336965570453853 0.30828084663508 0.203471350676581
0.151351844339352 0.121770163269833 0.069953098798801 0.270688257632621
0.0559698903303061 0.211001073348445 -0.0912661791800514 0.0798543042523818
-0.0550017706532719 0.179666497075227 -0.0763248475830281 -0.297575668376718
0.105866352308776 -0.0307930350234933 0.06087604735425 0.341071046784062
0.0109463239502146 -0.0990107069517174 0.167477676505074 -0.00686207657490807
-0.0555758960852817 -0.061518104834154 -0.00601922291362527 -0.253228109620498
-0.0304324261562243 6.67691713440431E-05 -0.264401456606351 -0.266227399064721
-0.00862800574101435 -0.0190980052629353 -0.377266417354265 -0.061861845101771
-0.0151412744701802 -0.0236097403433827 -0.311535010475478 0.120573145172709
-0.0305849790673027 -0.0191800100858863 -0.196757831982936 0.226243681193548
-0.0457675916705493 -0.0325639924634047 -0.0478393695653266 0.260175240493048
-0.0452672103356931 -0.0395624652648847 0.0514954019551692 0.258966804233524
-0.0241556677616042 -0.0568756204837169 0.104617855617727 0.275669771152922
0.0197141049679622 -0.0605805552809357 0.0707070784413106 0.331568032021443
0.0398449964399993 -0.0271004761456176 -0.00966996277485741 0.372975633355584
0.0207771073228973 -0.0414171948034989 -0.034257896793818 0.371214872360765
0.0647427916832402 -0.0600965964932027 -0.0172652983387894 0.398586073521905
0.138146623175296 0.00965769605982244 0.139474358645491 0.409210490304118
0.123440057075222 0.105671095728286 0.00873610824991711 0.301963400769122
0.0551541567251276 0.00892232999969064 0.138005858430069 -0.0236749015004539
0.00593702535944493 0.0119142964460683 -0.0242253473160722 -0.269800902505364
0.0411153843241076 0.0269053105735021 -0.258316183968009 -0.276397867205464
0.0639587056026013 -0.0344109824371339 -0.366038043095726 -0.0899259310938687
0.0385519119018974 -0.07297725465825 -0.319396986168638 0.0914929711939085
0.00440743985097256 -0.0892055248039796 -0.212734510907256 0.198843458072429
-0.0229532182716988 -0.122019384327556 -0.0631602857805547 0.231837029423729
-0.021648442640085 -0.135235107124728 0.0439857316240066 0.22265701933767
0.00973296100983639 -0.161102967860629 0.123258674681292 0.232256838469927
0.0941914702326487 -0.160998870082945 0.121648653158796 0.293164267279966
0.167291135391714 -0.0776196378243228 0.0474273510739549 0.376077418011193
0.170841500703401 -0.00265556328481688 -0.0190729160360813 0.387985421051584
0.181351056241682 0.0502384512284989 -0.039060712679694 0.364356595683801
0.207007380368188 0.155254906823792 0.0967746146912263 0.34250631322414
0.122121787384838 0.231689581308902 -0.0326310667194609 0.210820468224681
0.0948891045902723 0.130017498520975 0.130484332015916 -0.0797837133489019
0.0833444100691469 0.0975705477228782 -0.0319699443807699 -0.31933818163831
0.126970235080894 0.0490592572668215 -0.252780160873775 -0.300105760812166
0.138620319326279 -0.0533715700768142 -0.344968279978741 -0.117783557902716
0.0907072641160794 -0.118736345432337 -0.306779977680561 0.0522122766721941
0.0376909105679696 -0.150009221334471 -0.212956880526442 0.149164034040568
0.00386878242573541 -0.19327126777973 -0.0694651783352647 0.172281060659445
0.00211803533189383 -0.208280547382187 0.039583169500706 0.153100265051235
0.031503958321426 -0.239376177809848 0.143770722115895 0.154298045521943
0.135137545618705 -0.244192921063255 0.180407644986282 0.218713402179683
0.250940355497537 -0.139338917442625 0.12907527458612 0.356911371711868
0.293354101823117 0.000142889693793904 0.0138561256810184 0.402404544459134
0.281709420917993 0.129583225863723 -0.0695821453375022 0.332939948839147
0.252863729667158 0.268648067161653 0.0359050816087283 0.239506991263475
0.112483340387232 0.325562497769343 -0.0699266206606497 0.0778469203033532
0.13327723537318 0.238439226778965 0.120354471028226 -0.160624332126361
0.173092441873402 0.175814691774859 -0.0371585844372285 -0.373090644675935
0.218776678361981 0.0552869333393234 -0.235508896505086 -0.322768982965708
0.205574348364098 -0.0814907812476866 -0.307217833409426 -0.148653737271539
0.128300603947631 -0.158508735218428 -0.276033312568389 0.00243196823162857
0.0617044301627799 -0.193940197362544 -0.19705880450108 0.0805716018526588
0.0289024054225489 -0.236725223658984 -0.065207763521935 0.0897278501507675
0.0268914973458508 -0.246945656251858 0.0394855629333495 0.0617033920758134
0.0486163306156636 -0.27669618737767 0.160373453352358 0.0593860328327182
0.154086235365724 -0.284750732881287 0.231199213086521 0.127538357414866
0.288432147102932 -0.17569950605121 0.204996188426724 0.316129568606629
0.362086799459853 0.00139237597282666 0.0435566528726835 0.403781140145771
0.336693164405853 0.186827431414802 -0.1055110465175 0.298871048319138
0.256603638595934 0.34312431143747 -0.0341220655305297 0.112137553171235
0.0912239428264882 0.364222815942368 -0.109208045456425 -0.0764014396647082
0.153152320269386 0.307560023526677 0.0879650377524827 -0.247340215134733
0.237931397905014 0.225146203039722 -0.0410839009671606 -0.403953315461075
0.281882890828169 0.0503331441504247 -0.189237916647268 -0.331047548635522
0.243993004580852 -0.102221455955142 -0.242878211761463 -0.190492453018766
0.1475690235148 -0.178693891799229 -0.23026627935612 -0.0675193481227944
0.0737822060508796 -0.210837610662172 -0.172824772894114 -0.0056020795675822
0.0528665392761706 -0.242988129793867 -0.0537798147345944 -0.00534935260705653
0.0547305282584809 -0.243818108615899 0.0466159586090554 -0.0340231277872733
0.0724331616724712 -0.264803556892605 0.176901381489806 -0.0295399661007419
0.167865774294822 -0.262952190803507 0.26874430724922 0.0465112908971346
0.292436371669815 -0.15449996703758 0.255395917213216 0.273902148903908
0.369848718686944 0.0344537733244553 0.0515901321032025 0.387448183987819
0.323000516671392 0.235186972422556 -0.140086312496856 0.249807693586465
0.206274051634659 0.373580391672175 -0.0927404061936739 -0.0244245288868659
0.0582849259775876 0.340815768516793 -0.148402397699742 -0.223609126552235
0.142954950714376 0.316944013829619 0.0353806178976584 -0.321396607534237
0.248909136752115 0.228491083835448 -0.0454447162229449 -0.40093466549394
0.283815156779152 0.0375467407368589 -0.122624297944499 -0.322990148998882
0.235805402021234 -0.103268786595802 -0.164658233032201 -0.235311523655121
0.139692430981288 -0.168114127658877 -0.178713947101691 -0.145832317455059
0.0728019496650461 -0.19293286402442 -0.14467876599229 -0.0944666098061177
0.0695954091873048 -0.214164777914881 -0.0342362249512654 -0.09726593044267
0.0774088102949924 -0.204723649498074 0.0663602464841433 -0.118400242288473
0.0949027481685529 -0.210019400377471 0.204515692687613 -0.0962360101752337
0.171429897373855 -0.192706642216139 0.301930346493531 -0.00265240381363007
0.265398693150733 -0.0902792230629587 0.279709987784461 0.242597079909983
0.319535782713347 0.0904181373999961 0.0466883100923639 0.35457666229155
0.247648189011405 0.268313807271957 -0.155567974640793 0.182529349689186
0.117007562381489 0.355716550095623 -0.11736390792301 -0.152748634010193
0.0124599709201441 0.256154577696216 -0.178860319863978 -0.33446222794916
0.0998564866140427 0.262311924978475 -0.0169285358696332 -0.363820379040957
0.201102880282596 0.181860931990246 -0.0383881995499038 -0.376156011309022
0.217077429978095 0.0216362362468968 -0.0538792417130312 -0.311943886006201
0.176203543197048 -0.076077338439711 -0.0976834960057335 -0.276564960738331
0.106869051198449 -0.119603748391422 -0.137602170296077 -0.215993467779487
0.0614187197931544 -0.140487536926596 -0.119882934701615 -0.17248594875231
0.0755953834745288 -0.152297544700973 -0.011407745866909 -0.170998161155961
0.0858741092466521 -0.137700616487515 0.0976901454664077 -0.177922190066418
0.100251880314256 -0.130234236461305 0.241456474740203 -0.130858026608547
0.151936579404595 -0.102975233051825 0.332356118178849 -0.0134586358545326
0.2060993494367 -0.0203660066309346 0.284978859209712 0.22862919597375
0.2315758795558 0.133503706495535 0.0380406226462359 0.309590920563854
0.138228843566904 0.264282265070687 -0.140529759539665 0.110386187252682
0.0146202588323971 0.286309355318525 -0.100058484627404 -0.252883255037699
-0.0450615057658656 0.131390940306315 -0.190050986252071 -0.38840950402329
0.0307538397568976 0.165479713173948 -0.0468309747590977 -0.371059082449417
0.105130451235388 0.105907412475869 -0.0184774377132659 -0.354337087730713
0.101658137797713 0.012491089350421 -0.01028738050402 -0.317104370406491
0.0843060743024993 -0.0207523108384588 -0.0676556851770536 -0.30734788455431
0.0602305535437234 -0.0416795921827878 -0.118451898237399 -0.259744165985701
0.0449585893688682 -0.0609915601264376 -0.101599504410911 -0.223464492270284
0.0702309173011959 -0.0690149426331973 0.0131450366689746 -0.215443361960344
0.0732192126006237 -0.0556374391710581 0.133161170925619 -0.206099061421229
0.0769827778153555 -0.0472221749036647 0.2796421946429 -0.132872375016283
0.101394256897803 -0.0305818612318649 0.352870702788674 0.00713592203566595
0.127491844345955 0.0133073732145114 0.278230471652429 0.22886073417634
0.138061907788391 0.129047900983815 0.0383580178801981 0.268361104404786
0.0345694099916636 0.209909103636027 -0.0995068845278301 0.0592539273683946
-0.0707951474089218 0.172500325114556 -0.0502078169889238 -0.308368750592868
0.10313167356823 -0.0314702362175103 0.0633916395119813 0.333526132420519
0.00999398263689993 -0.0961807820243102 0.167170756530879 -0.0093377573448607
-0.0544822855103948 -0.0594463269507454 -0.00477518870638319 -0.249970917514804
-0.0296241927715366 -0.000197241016892667 -0.261653747290216 -0.261024883070303
-0.00945043415909559 -0.0191236474470246 -0.371175902516424 -0.058789265934402
-0.0166856994152974 -0.02349016500425 -0.304645691612408 0.117878820467048
-0.0300335609708101 -0.0193752503338309 -0.189757717425713 0.225052258818187
-0.0457478998721241 -0.0326917784528533 -0.0414973824415179 0.258488060117333
-0.0451577324104246 -0.0379835330169945 0.0543561194716808 0.256970583051919
-0.0242291927243786 -0.0561302223267896 0.104703021741225 0.271626429778357
0.0178739568889281 -0.060995293418495 0.0707017684522721 0.327976079849747
0.040011781509711 -0.0265461890527516 -0.00866050587416024 0.36858583797398
0.0216041516842658 -0.040368122876403 -0.034096707002337 0.365463774340179
0.0642898980296947 -0.0573463610688765 -0.0175708194992565 0.394809905933574
0.136443763700658 0.00894960581446495 0.139217454598182 0.406832264972163
0.120539636435813 0.10324543258025 0.0138606400466615 0.296025440473071
0.0536793966137047 0.0103775862013584 0.13966343854263 -0.0256060087553668
0.00676200967625086 0.0130515564241402 -0.022529993566323 -0.266075322657598
0.041282464746256 0.0267016403891959 -0.255582214450682 -0.272186225641269
0.0623663471242481 -0.0348721062727373 -0.359894902705396 -0.0878493472996588
0.0363133583967427 -0.0727818090162631 -0.311790734740921 0.0898570980836161
0.00375920417623117 -0.0892233161036984 -0.205871973200458 0.198392458556438
-0.0240801374448412 -0.121171963758324 -0.0565770928459345 0.230700706304717
-0.0226870807677263 -0.132784838003432 0.0461618917573144 0.221177684232105
0.0075413172044293 -0.159112907702589 0.123246726105938 0.228695447320022
0.0900160268039286 -0.160548098871572 0.120269912188039 0.289850885337275
0.165791595286907 -0.0780993924863289 0.0478800320571946 0.37140181472602
0.170582414266127 -0.00341337769603509 -0.0163087373702758 0.381911852485309
0.180919383919434 0.0508503095882388 -0.0391059081024822 0.361324277604841
0.205822116066742 0.152148484048078 0.0973058314214737 0.340141751401125
0.120461913172725 0.227771177045964 -0.0273041620554396 0.206165300076109
0.0931858841896913 0.129073748233571 0.132527962042695 -0.0796950327526263
0.0835858253627009 0.0981268717415111 -0.0313147350053719 -0.314844791054678
0.125636049603868 0.0480232724879866 -0.249892498212628 -0.295739416324999
0.135930613729884 -0.0537081985333715 -0.33896511960895 -0.115960449777052
0.0873948220150585 -0.117326924479688 -0.300525990104835 0.0512610984794251
0.0369585821234897 -0.149452079423382 -0.206907181972362 0.148332754914718
0.000950918043418295 -0.192041218095877 -0.0638309862628712 0.172029092728926
-0.000562648344444867 -0.206074984362271 0.0411120368669394 0.152573696361148
0.0281189688053704 -0.236831419909461 0.14276836895661 0.152071727267328
0.129441519529375 -0.243440919544667 0.178279451017964 0.21636434138698
0.246905635408472 -0.139926466177984 0.128022521257537 0.351736787009202
0.291168124187828 -0.00151241497074187 0.0163303282445223 0.395375802569027
0.281116847943506 0.128845727173806 -0.0676289006652882 0.329554297591142
0.252150284905295 0.263980549132683 0.036573919729098 0.237810452943761
0.111517360581627 0.319922291210156 -0.0644406765664008 0.0754895227462163
0.131916140533185 0.235195415598613 0.122880451011149 -0.158699569233496
0.172691036121871 0.174886172039137 -0.0365684415329716 -0.367129265945631
0.216106634176455 0.0538007846120021 -0.23211393199177 -0.317879716717517
0.201324682014648 -0.0824385546600339 -0.301511847377604 -0.146617196183862
0.125076005657887 -0.156881694410612 -0.2703063129471 0.00279574027395973
0.0601503307251892 -0.192709660421365 -0.19168126698435 0.0808631125176737
0.0249838219355962 -0.234855594794971 -0.0618287125704559 0.0899640229206812
0.0232555743568118 -0.244812809247383 0.0395799219408122 0.0621474060140302
0.0445537489725543 -0.272941660050654 0.158765592077424 0.0580439242234299
0.146453414211224 -0.282590505049321 0.227376266856201 0.126716189591487
0.282327246185742 -0.175848707998744 0.202373865253565 0.310734890359609
0.359682258832359 -0.00120150977682853 0.0453661294936704 0.395214826785903
0.334995889201186 0.184441698120592 -0.102596305545976 0.294617673963868
0.25611134938932 0.336892082091542 -0.033497272325274 0.111989851074346
0.0903302250826123 0.359106374686203 -0.103962771231619 -0.0765218329893597
0.151446089289997 0.303248525255147 0.0905238776683456 -0.244213291088489
0.236036285249853 0.223391580992086 -0.0399034335035274 -0.396234242950888
0.27780253464549 0.0492192245713061 -0.185870752147004 -0.326425007842258
0.239762418378899 -0.103205155283841 -0.238093641730881 -0.188657457677836
0.143782975163713 -0.177148454174997 -0.225091438535291 -0.0660756406780527
0.071550611108657 -0.208763655144884 -0.168919111690179 -0.00371534152403096
0.048554423768933 -0.242961896774327 -0.0528447590061918 -0.00408772151355066
0.0505739206444597 -0.243263060694286 0.0452370465307352 -0.0326258505102829
0.0677507498391892 -0.260625783896402 0.174730232217505 -0.0296032719639141
0.160684721625437 -0.261810184854625 0.262560211936783 0.0472157151403551
0.286733997947643 -0.154811638995167 0.251837410353265 0.268841567207961
0.366251008850536 0.0319469833399714 0.0546742808758206 0.380068648999406
0.321301280993949 0.232032791922148 -0.136914609069833 0.245654463288579
0.206861708609652 0.367339534259416 -0.0922364057047591 -0.0225425712296476
0.0575458412372551 0.334405166747036 -0.144289986200209 -0.221812413505239
0.141713888498935 0.311329378633533 0.0371793644254764 -0.316594696274337
0.246879103760091 0.225796712648271 -0.0447609351200602 -0.3938114892929
0.279248077103119 0.0363136404992744 -0.119435193269388 -0.31876672676178
0.231214158637372 -0.104420249690112 -0.160240878409145 -0.233105470748818
0.135996693391244 -0.166087033447445 -0.175518503386263 -0.143120051103446
0.0701989311532422 -0.190807106164591 -0.143261699116202 -0.0920178863512758
0.0650825047428031 -0.214102948505709 -0.0357828607240731 -0.0955955521379882
0.0739976526450764 -0.204270134587926 0.0625909463941049 -0.116286362568531
0.0902228118750251 -0.207324005408471 0.200236255612223 -0.0961247905497478
0.165241722735793 -0.191074666943003 0.294605384448371 -0.00172679584297499
0.259665256668574 -0.0899053479658942 0.27738697825427 0.237529955380074
0.316673680524345 0.0883939845140458 0.0502447548570738 0.348673500269678
0.245736873260894 0.263632894066394 -0.151658645208232 0.178823619304178
0.118065616776875 0.350170683108057 -0.117633847674297 -0.148845770073734
0.0125791371023477 0.251817258269794 -0.17573065142994 -0.330908669853163
0.0989095937289127 0.257297818074005 -0.0166416536515014 -0.358196892063602
0.19964584945046 0.179068392233648 -0.0386802971561449 -0.369620150163284
0.213197010190441 0.0207140167988301 -0.0516406610344958 -0.308741033433672
0.172853804064482 -0.0771207766518544 -0.0950182578097112 -0.274304994784896
0.104660558225435 -0.118229646934094 -0.1360076781272 -0.212982746238828
0.0596130472663306 -0.138384704522348 -0.120262740931168 -0.169395651352278
0.072373895807664 -0.153828420885264 -0.0154695104993503 -0.16889084480509
0.0835310046906087 -0.138101130223151 0.0927258671162896 -0.175883625724641
0.0970239847315601 -0.128447372072322 0.236190476747492 -0.130863207128784
0.146891683741883 -0.103054846785664 0.324585028508027 -0.0137359459671223
0.202212518444141 -0.0206643070121321 0.281440879664939 0.223877160527062
0.230288440571174 0.130826692189247 0.0409738411274185 0.305138891883395
0.137046174621944 0.260078157000743 -0.137221239255461 0.108233667097539
0.0165598258448989 0.282530652997621 -0.101465403277429 -0.247929453704139
-0.0445918942497808 0.128675279741941 -0.187917350180661 -0.384142857801837
0.0301475559746444 0.161155778649191 -0.0467001214303444 -0.365499020450983
0.104050475267101 0.104852673206408 -0.0193956768914307 -0.347503408844354
0.0990737825020527 0.0128509466342433 -0.00870229299209489 -0.313939105850162
0.0821991379627254 -0.0217222913722597 -0.0649617512407392 -0.304823575319551
0.0593419193072081 -0.0402179948520593 -0.117750318822536 -0.256328623246251
0.0439431307164222 -0.0598307282578801 -0.102923834433488 -0.219186894103606
0.0678900895635946 -0.0706196907415755 0.00810379297217338 -0.213790590213889
0.0729409158628044 -0.0572822139067662 0.127196106858538 -0.204219994138684
0.0750088392059958 -0.0466459479532234 0.272549689582071 -0.132767827906984
0.0983628087703102 -0.0309406859797134 0.344724240423006 0.00583754131802893
0.124596838590734 0.013136841778168 0.275110172744468 0.224231237399982
0.136892281473276 0.126802924050739 0.0406377229141173 0.264743124912077
0.0345752531026848 0.206585072593438 -0.0974007289299676 0.0579363645965189
-0.0689421273426733 0.169874708440365 -0.051944626047148 -0.301800175431511
0.103755973354042 -0.0314294596180797 0.0665595960254316 0.33790677327666
0.0109299683216367 -0.0961955649474449 0.173063165711774 -0.0104349713087067
-0.0543079972764289 -0.0607489984122819 -0.000607726879396794 -0.256585625353943
-0.0293760388632316 -0.000193417993550638 -0.265474811216501 -0.269131213049727
-0.00939686203168866 -0.0202919581431323 -0.37883795819412 -0.0617074327015869
-0.0178134501336163 -0.0238733866488898 -0.309899823446771 0.117121939337727
-0.0303980787051574 -0.0218800957078455 -0.191816261890236 0.228777077738197
-0.0469220511887954 -0.0339456160745551 -0.0383415156776766 0.265260711498061
-0.0458894714422441 -0.0378142595080917 0.0568149472983168 0.264531765736567
-0.0250577089229451 -0.057606175371902 0.106556373701828 0.278382889889859
0.0177006559409507 -0.0627797199841374 0.0703581255338549 0.336348845049178
0.0419478748680376 -0.0278349419924156 -0.010615748560714 0.377519331867134
0.0229664579520622 -0.0407691353074686 -0.0379934979955412 0.373379890107978
0.0671346939746726 -0.0562263274548132 -0.0210660266477438 0.40637578782415
0.140065441355748 0.0101954322842117 0.139660239899797 0.419544318692223
0.121269574473569 0.106248972570092 0.0160365747188109 0.300021167778187
0.0543930653472564 0.0125637516363631 0.146157273857275 -0.0268601123822689
0.0078190613085128 0.0149289384121481 -0.0201663763286802 -0.272709414424202
0.0428831988306953 0.0276589997209763 -0.259442821730245 -0.279113181635941
0.0632608625935898 -0.0358322684051773 -0.366576833048628 -0.0919119627534021
0.0365507538885904 -0.0739169836536612 -0.316963520967294 0.0891656105742868
0.00454566245720661 -0.0929100662203142 -0.207505246355665 0.202448793700885
-0.0260728822787384 -0.12539972787259 -0.0544920539726994 0.23694588657674
-0.0237115092149613 -0.135943836153311 0.0482011196180076 0.227802473044054
0.00696594527014424 -0.162475193453673 0.125045557921504 0.235259982182057
0.0903874142476053 -0.165209287195558 0.121193363014674 0.297471417709565
0.169693708767951 -0.0801893437414945 0.0467264140217481 0.37966965808941
0.175548936868433 -0.00288531276515274 -0.0184933876525702 0.38910022613974
0.186679740838916 0.054588608333874 -0.0418919774814386 0.370262572672542
0.210186130730991 0.156799920962336 0.098469061121995 0.349724925155128
0.120812888658319 0.233686544595639 -0.0256998858777289 0.208327956020064
0.0939226036223202 0.133635334032901 0.140588734547702 -0.0815202380730327
0.0859538225118664 0.1025150601114 -0.0281297991769506 -0.321797978139418
0.128636142799654 0.0500143857180985 -0.25242632866047 -0.304793592715022
0.13883847503092 -0.0554503731306104 -0.345628243452929 -0.121011305066434
0.0888239533922329 -0.120141001569652 -0.305366823474274 0.050233721948334
0.0383993165293971 -0.154634552845672 -0.209327472482925 0.151854579051749
0.000106443330880513 -0.198401666650451 -0.0620688513927273 0.176855159869432
-0.00150224689382118 -0.211291633937904 0.0427383781236689 0.157716914761247
0.0268393834499668 -0.242319271247682 0.146193504272461 0.156278640704874
0.129434053186175 -0.249646178269203 0.179925161571233 0.224434942509319
0.252872647270278 -0.14373453482107 0.129036499936699 0.360329515865198
0.299775378780052 -0.000952549920630912 0.0158978619126959 0.402275622716582
0.289396972291623 0.134316149879183 -0.0708478372903323 0.336983514311224
0.257665078285466 0.271575858023654 0.0366325614612191 0.244514027447217
0.111200397688772 0.327299959322174 -0.0621569040013838 0.0753782594814696
0.133156751553062 0.242546150279119 0.131750106640754 -0.162448733425582
0.176900472722195 0.181833176575879 -0.0336828647466396 -0.374187531944019
0.22103117754378 0.055959596663113 -0.234166519043494 -0.32593467811585
0.205672041775888 -0.0842358943885668 -0.306576789343707 -0.152831159884886
0.127590324872017 -0.160570954200997 -0.27364265745449 0.00019525657336981
0.0619364185996987 -0.198850225214448 -0.194488644234045 0.0827005286914726
0.0238414104796904 -0.242412313726596 -0.0617542792590224 0.0930873918018159
0.0225441247095947 -0.251546041617857 0.0409856515278448 0.0651027237430132
0.0435819836073168 -0.279217380800674 0.162224214414246 0.0603176201612986
0.146253533539492 -0.289325163809285 0.230435286496417 0.132538479201077
0.288833056335051 -0.179050303271747 0.205360000774974 0.319262944336738
0.369588806744207 -0.000541295013978211 0.0467548563411553 0.403304975110983
0.343842450081571 0.190149008759953 -0.106071065835652 0.301078957321855
0.26168414114648 0.344814355916888 -0.0342491751127938 0.114884497620687
0.0898745895392587 0.367208519216157 -0.102824912037239 -0.0806161414929354
0.153098317686452 0.311136387876391 0.098480221257168 -0.248855777323708
0.242107882175768 0.230859398118558 -0.037577918457354 -0.402776695245105
0.283674632792672 0.0507818198397787 -0.186048132098601 -0.335647570183199
0.244706187025855 -0.106039631366784 -0.240727592985269 -0.196166292324591
0.147140739818709 -0.180676779118167 -0.227652607547587 -0.0691018143638111
0.0732968886287983 -0.214417862920089 -0.171585859167851 -0.00357616898215993
0.0476903147193532 -0.25106869660443 -0.053518531530329 -0.00302752709331688
0.0510640037708931 -0.250508926635685 0.0454589290304228 -0.0321665191618028
0.0673864144419396 -0.265929664402607 0.178481423269174 -0.0301838354230002
0.160794968728034 -0.267790570952083 0.266675749775468 0.0511723952739156
0.292412225907036 -0.157318001275939 0.255928718827785 0.275348507560209
0.376361023486074 0.0326138885766191 0.0562470143425289 0.388103302891658
0.329448895879508 0.238613815489488 -0.141491990121988 0.249579388945469
0.211454651084385 0.376218979173573 -0.0952025717800158 -0.0220176555823636
0.0570458297489426 0.342416091994923 -0.143522738724228 -0.228776823355724
0.143637678725021 0.318761381055355 0.0426660423109341 -0.322552243158179
0.253178877562722 0.2333634846157 -0.0425044049015243 -0.3990324870617
0.284739206156422 0.0384436953001928 -0.118790019628255 -0.328048067804886
0.234927631263766 -0.107587675177796 -0.160610868456926 -0.242130159027331
0.139946088648338 -0.169809501396048 -0.177877463362292 -0.14666052333994
0.0718725597006056 -0.195492626107101 -0.145671632693184 -0.0935983832723935
0.0648157093428604 -0.221471045685878 -0.0382821584061259 -0.0963608998879344
0.0743024145197607 -0.211109108460277 0.0627181434949888 -0.118053142106611
0.0907699401477051 -0.211515838577603 0.203557620179752 -0.0977442508653543
0.166423799103842 -0.195456224329083 0.299454688570659 0.000719900356324204
0.264910246094077 -0.0919810449875061 0.281066357111054 0.243252489371338
0.32450214520018 0.0906777533460548 0.051094865272507 0.354948163328791
0.251410754466516 0.271255161824881 -0.1568687165295 0.180818104214545
0.120243977837155 0.358469016596586 -0.120808598428317 -0.152041224653393
0.0110229777815767 0.256780171382411 -0.176321415996501 -0.341257607204321
0.0996375693393673 0.262722439072654 -0.0130398671148057 -0.365718776342113
0.203813081292345 0.185156764937073 -0.0366818866906204 -0.375087124154065
0.217309900141488 0.0224646413268405 -0.0489971235713412 -0.318178330372055
0.175062859325372 -0.0790855753557894 -0.0938426177593326 -0.283746831421976
0.107699931019224 -0.120345326165342 -0.137024323998188 -0.21795046405582
0.0608484948887618 -0.141736699597435 -0.122024486597106 -0.17246254647533
0.0723962044002854 -0.159323705282494 -0.0180898193593009 -0.17259303529931
0.0858300655616925 -0.143509133451926 0.0928650768221844 -0.17831800912112
0.0984564554879376 -0.130401379813441 0.240121579668062 -0.132499567905602
0.14798516620809 -0.104084856276126 0.329703757538996 -0.0114556267774893
0.205452970788866 -0.0196901734730411 0.286450429658294 0.229005469580498
0.235565358297565 0.133902705016815 0.042728550181623 0.311472043388876
0.139904238244267 0.266535192572785 -0.141102338005654 0.108392299201064
0.01665200616304 0.288185531673063 -0.103655534315972 -0.251781496349699
-0.0471340097120966 0.130482420853324 -0.188328921419825 -0.395927312878214
0.0297875340911003 0.164175295743033 -0.0453711968385508 -0.373108513905018
0.106706638065181 0.107974276232092 -0.0171693407397557 -0.353857007362386
0.100343674100197 0.0142016912006909 -0.00461537025742307 -0.322587137336092
0.0827701254321191 -0.0221110023336412 -0.0638230976574615 -0.313925123042585
0.0613861309584069 -0.03990705093975 -0.119278988043367 -0.263122314133735
0.0448565847173511 -0.0602933371108629 -0.106150002657189 -0.223562646788568
0.068509151994984 -0.0736967367073625 0.00538595749024199 -0.218786276330815
0.0756220578702934 -0.0598873383759595 0.128330523678548 -0.207426881511251
0.0773474289532256 -0.0469581798769726 0.276491726967301 -0.135532747161438
0.0997945868702125 -0.0308555410427358 0.349752702584846 0.00766493106672669
0.125792324424478 0.0151868767948903 0.279458605883552 0.230399179405848
0.139606077672926 0.129713137784709 0.0419029220550789 0.271509631067038
0.0342303323836897 0.211040388457511 -0.100464931359935 0.057629234636057
-0.070003645881398 0.17279678471702 -0.0544930858571184 -0.306034381166423
