TRXV5
3
4
4
9
string Extension=J
integer IsArchMeasurement=1
integer IsSpherical=1
string Generator=SPM
string GeneratorVersion=1.3.1 Dev
double ArchRadius=0.449999988079071
integer FrequencyAxisIndex=0
integer AzimuthAxisIndex=1
integer ElevationAxisIndex=2
Frequency
5 136 690000000 960000000 LIN
Azimuth
7 8 0 2.74889357189107 LIN
Elevation
7 15 -2.74889357189107 2.74889357189107 LIN
Polar H Real Part
13
Polar H Imaginary Part
14
Polar V Real Part
13
Polar V Imaginary Part
14
Polar H Magnitude (dB)
12 0xC0000002 0 1
Polar H Phase
7 0xC0000003 0 1
Polar V Magnitude (dB)
12 0xC0000002 2 3
Polar V Phase
7 0xC0000003 2 3
-9.77516174316403E-05 0.00344657897949219 -0.0338096618652344 -0.0657005310058594
-0.0026097297668457 -0.00424718856811523 -0.0122299194335937 -0.0273914337158203
-0.00872611999511719 0.00117778778076172 0.0176849365234375 0.00041961669921875
-0.0035853385925293 0.00718164443969726 0.0446662902832031 -0.00985336303710938
0.00270557403564453 0.0046839714050293 0.0485000610351563 -0.0280685424804688
0.00297117233276367 0.00107073783874512 0.039093017578125 -0.0502510070800781
0.00270748138427734 -0.0046238899230957 0.0206451416015625 -0.05865478515625
0.00107908248901367 -0.00350809097290039 0.00497055053710937 -0.0501480102539063
0.00126075744628906 -0.00408005714416504 -0.00336837768554688 -0.0372505187988281
0.00457334518432617 -0.00249099731445313 -0.00701332092285156 -0.0256290435791016
0.00444984436035156 0.00131940841674805 -0.0205802917480469 -0.0162982940673828
-0.00181865692138672 0.00462150573730469 -0.0262603759765625 -0.0123558044433594
-0.00798892974853516 -0.00294780731201172 -0.0352287292480469 -0.0146446228027344
-0.000469684600830077 -0.00773191452026367 -0.0531768798828125 -0.01556396484375
-0.000329732894897461 -0.00392436981201172 -0.0526046752929687 -0.0148582458496094
0.0166053771972656 0.0244560241699219 -0.0262184143066406 -0.0607948303222656
0.0152044296264648 0.0144224166870117 -0.00411224365234375 -0.0222873687744141
0.00984764099121094 0.0129871368408203 0.0224208831787109 0.000539779663085938
0.0159635543823242 0.0123977661132813 0.047607421875 -0.0100288391113281
0.02044677734375 0.00277137756347656 0.0483474731445313 -0.0268783569335938
0.01873779296875 -0.0111789703369141 0.0391578674316406 -0.0490074157714844
0.0123214721679688 -0.0211448669433594 0.0193061828613281 -0.0537796020507813
0.00997734069824219 -0.0193099975585938 0.0019073486328125 -0.0443458557128906
0.00997543334960938 -0.0221405029296875 -0.00643157958984375 -0.0308036804199219
0.0163822174072266 -0.0203666687011719 -0.0113315582275391 -0.0218772888183594
0.0210018157958984 -0.0105342864990234 -0.0237102508544922 -0.0135250091552734
0.0179462432861328 -0.00206184387207031 -0.0268421173095703 -0.0106239318847656
0.0135469436645508 0.00152683258056641 -0.0347957611083984 -0.0131645202636719
0.0202102661132813 0.003631591796875 -0.0479774475097656 -0.0106315612792969
0.019683837890625 0.0115013122558594 -0.0473442077636719 -0.00925064086914063
0.0310173034667969 0.0423736572265625 -0.0147972106933594 -0.0495452880859375
0.0327091217041016 0.0321559906005859 0.00633716583251953 -0.0115251541137695
0.0287094116210938 0.0232753753662109 0.0280609130859375 0.00358963012695313
0.0354461669921875 0.0158271789550781 0.0491790771484375 -0.00828933715820312
0.0366592407226563 -0.000274658203125 0.0459480285644531 -0.0245513916015625
0.0322208404541016 -0.0225677490234375 0.0347709655761719 -0.0444450378417969
0.0197067260742188 -0.0352630615234375 0.0143661499023438 -0.043060302734375
0.0164775848388672 -0.0324897766113281 -0.001434326171875 -0.0314006805419922
0.0158462524414063 -0.0368804931640625 -0.00949478149414062 -0.0180110931396484
0.0244903564453125 -0.03564453125 -0.0153560638427734 -0.0123977661132813
0.0324001312255859 -0.021881103515625 -0.0270500183105469 -0.00554656982421875
0.0342674255371094 -0.0103511810302734 -0.0282840728759766 -0.00757980346679688
0.0328941345214844 0.00256156921386719 -0.0334835052490234 -0.0116004943847656
0.0388412475585938 0.0131607055664062 -0.0378227233886719 -0.00635528564453124
0.0365066528320313 0.0242080688476563 -0.0352821350097656 0.000244140625000006
0.0409736633300781 0.0542259216308594 0.000135421752929688 -0.0332145690917969
0.0473556518554688 0.0447425842285156 0.018829345703125 0.00159454345703125
0.0452690124511719 0.0293083190917969 0.0336799621582031 0.00733757019042969
0.0515480041503906 0.0150680541992187 0.0480194091796875 -0.00565338134765625
0.0484237670898438 -0.006103515625 0.0403671264648438 -0.0204391479492188
0.0397529602050781 -0.0322647094726563 0.0262222290039063 -0.0353622436523438
0.0234451293945313 -0.04339599609375 0.007965087890625 -0.0273513793945313
0.020355224609375 -0.0395545959472656 -0.00445175170898437 -0.0135374069213867
0.0194358825683594 -0.0461769104003906 -0.0114774703979492 -0.000977516174316411
0.0287361145019531 -0.0450935363769531 -0.0185508728027344 0.00179481506347656
0.0400390625 -0.0298576354980469 -0.0293464660644531 0.00408554077148437
0.0454940795898438 -0.0162162780761719 -0.0291652679443359 -0.00279426574707032
0.0471534729003906 0.00405502319335937 -0.029937744140625 -0.0102729797363281
0.0524787902832031 0.0213661193847656 -0.0238590240478516 -0.00101470947265625
0.0476799011230469 0.034942626953125 -0.0189170837402344 0.0133495330810547
0.0443229675292969 0.056976318359375 0.0174398422241211 -0.016596794128418
0.0557746887207031 0.0489234924316406 0.0317096710205078 0.0134544372558594
0.0556182861328125 0.0289344787597656 0.0373458862304688 0.0102424621582031
0.0592079162597656 0.0102119445800781 0.0432968139648438 -0.00180435180664062
0.0523872375488281 -0.0126914978027344 0.0310382843017578 -0.0129127502441406
0.0399551391601563 -0.0389556884765625 0.0163707733154297 -0.0218124389648438
0.022430419921875 -0.0464706420898438 0.00171566009521485 -0.00811576843261719
0.020172119140625 -0.0414581298828125 -0.00739049911499023 0.00587749481201172
0.0204544067382813 -0.0475883483886719 -0.0134544372558594 0.0169277191162109
0.0298652648925781 -0.0465545654296875 -0.0218791961669922 0.0171184539794922
0.0426673889160156 -0.03070068359375 -0.0316410064697266 0.0150012969970703
0.0503273010253906 -0.0168228149414063 -0.0292243957519531 0.00188064575195312
0.05438232421875 0.00740814208984375 -0.0250568389892578 -0.00896263122558594
0.05682373046875 0.0282096862792969 -0.00751113891601562 0.00397682189941406
0.0492973327636719 0.0423164367675781 -0.000629425048828123 0.0284614562988281
0.0409812927246094 0.0514106750488281 0.0338191986083984 -0.00188827514648437
0.0554656982421875 0.0443382263183594 0.0444068908691406 0.0204048156738281
0.055328369140625 0.0225868225097656 0.0382575988769531 0.0113563537597656
0.0562057495117187 0.00311279296875 0.0357704162597656 0.00262451171875
0.0462570190429688 -0.0173416137695313 0.0224418640136719 -0.00370407104492188
0.0326042175292969 -0.0392684936523438 0.0073857307434082 -0.00546646118164063
0.0177879333496094 -0.0414161682128906 -0.00267601013183594 0.011378288269043
0.0168685913085938 -0.0365638732910156 -0.00907516479492187 0.0241069793701172
0.0175857543945312 -0.0424919128417969 -0.0151576995849609 0.0337734222412109
0.0274467468261719 -0.0402297973632813 -0.0255947113037109 0.0304145812988281
0.0405616760253906 -0.0256233215332031 -0.034393310546875 0.0238494873046875
0.0491790771484375 -0.0127105712890625 -0.0300140380859375 0.0067596435546875
0.0517539978027344 0.0122909545898437 -0.0195388793945313 -0.00601768493652343
0.0524368286132813 0.0327835083007812 0.00770282745361329 0.0113210678100586
0.0421791076660156 0.0444374084472656 0.0146102905273438 0.04461669921875
0.0301017761230469 0.0375938415527344 0.0470428466796875 0.00751113891601563
0.0456962585449219 0.0331573486328125 0.0527420043945312 0.0223960876464844
0.0444679260253906 0.013427734375 0.037811279296875 0.0102806091308594
0.0422706604003906 -0.00279998779296875 0.0284461975097656 0.00664901733398438
0.032470703125 -0.0178623199462891 0.0149822235107422 0.00529766082763672
0.0196990966796875 -0.032318115234375 0.00281715393066406 0.00932979583740234
0.00938224792480469 -0.0300350189208984 -0.00359916687011719 0.0281238555908203
0.0105552673339844 -0.0261287689208984 -0.00923538208007812 0.0399398803710938
0.0124473571777344 -0.0303363800048828 -0.0178642272949219 0.0463981628417969
0.0207881927490234 -0.0291519165039063 -0.0317764282226563 0.0404052734375
0.0319156646728516 -0.0173130035400391 -0.0387802124023438 0.0290756225585937
0.0395088195800781 -0.00644683837890625 -0.0318431854248047 0.00948715209960937
0.04107666015625 0.0154685974121094 -0.0156974792480469 -0.00216770172119141
0.0390739440917969 0.0320777893066406 0.0169410705566406 0.0208969116210938
0.0282440185546875 0.0394973754882813 0.0255508422851562 0.0601921081542969
0.0133495330810547 0.0201988220214844 0.0545196533203125 0.010345458984375
0.0281028747558594 0.0188980102539063 0.0557861328125 0.018890380859375
0.0256862640380859 0.0042266845703125 0.0355682373046875 0.0085906982421875
0.0222072601318359 -0.00583648681640625 0.0238399505615234 0.00967788696289063
0.0143804550170898 -0.0131082534790039 0.0123920440673828 0.0123405456542969
0.00466728210449219 -0.0187911987304688 0.00194931030273438 0.0203113555908203
0.00115585327148437 -0.0132255554199219 -0.00215530395507812 0.0382423400878906
0.00237369537353516 -0.0109491348266602 -0.0083770751953125 0.0485992431640625
0.00421142578125 -0.0146389007568359 -0.020263671875 0.0541114807128906
0.00913619995117188 -0.015681266784668 -0.0371551513671875 0.0451736450195313
0.0183238983154297 -0.00998115539550781 -0.0424728393554688 0.0312232971191406
0.0240383148193359 -0.00337982177734375 -0.0346145629882813 0.0121479034423828
0.0257854461669922 0.0123977661132813 -0.0156583786010742 0.00245380401611329
0.0224323272705078 0.0236053466796875 0.0193214416503906 0.0289974212646484
0.0109958648681641 0.0270290374755859 0.029083251953125 0.0723419189453125
0.000431537628173828 0.00435829162597656 -0.0380287170410156 -0.0636863708496094
-0.00264596939086914 -0.00392651557922363 -0.0141544342041016 -0.0267963409423828
-0.00831747055053711 0.00160741806030273 0.0179004669189453 -0.000829696655273438
-0.00188541412353516 0.00746679306030273 0.0451011657714844 -0.013214111328125
0.00333976745605469 0.00467300415039063 0.0471954345703125 -0.0321464538574219
0.00351047515869141 0.000526666641235352 0.0363693237304688 -0.0540008544921875
0.00284481048583984 -0.00519227981567383 0.0164756774902344 -0.0613479614257813
0.00156641006469727 -0.00408315658569336 0.000240325927734374 -0.0510063171386719
0.00135231018066406 -0.00449275970458984 -0.00617218017578125 -0.0377082824707031
0.004791259765625 -0.00342369079589844 -0.00987052917480469 -0.0256595611572266
0.00517559051513672 0.00140953063964844 -0.0215892791748047 -0.0155448913574219
-0.00149726867675781 0.00481605529785156 -0.0273895263671875 -0.0112342834472656
-0.00830316543579102 -0.00138664245605469 -0.0365867614746094 -0.0129814147949219
-0.000934600830078125 -0.00787067413330078 -0.0555000305175781 -0.0124244689941406
-0.000863790512084961 -0.0033266544342041 -0.0554695129394531 -0.0114173889160156
0.0196170806884766 0.0239791870117188 -0.0298080444335937 -0.0597267150878906
0.0171966552734375 0.0134897232055664 -0.00585746765136719 -0.0216903686523437
0.0114841461181641 0.0126380920410156 0.0233688354492187 -0.00101089477539062
0.0174741744995117 0.0110082626342773 0.0475578308105469 -0.0130424499511719
0.0208320617675781 0.00106620788574219 0.0479087829589844 -0.030609130859375
0.0181198120117188 -0.0132789611816406 0.03619384765625 -0.05242919921875
0.0113334655761719 -0.0231590270996094 0.0148658752441406 -0.05584716796875
0.00885200500488281 -0.0207252502441406 -0.00210189819335937 -0.0443458557128906
0.00860786437988281 -0.0236454010009766 -0.00966453552246093 -0.0311164855957031
0.0152015686035156 -0.0221061706542969 -0.0130901336669922 -0.0218753814697266
0.0205440521240234 -0.0126533508300781 -0.0257701873779297 -0.0122718811035156
0.0181770324707031 -0.00324440002441406 -0.0281124114990234 -0.00979995727539062
0.014129638671875 0.000810623168945312 -0.0366172790527344 -0.0114059448242188
0.0205974578857422 0.00244712829589844 -0.0492172241210938 -0.00825881958007813
0.0211143493652344 0.0100898742675781 -0.0496292114257812 -0.00624084472656249
0.035552978515625 0.0409774780273438 -0.0173988342285156 -0.0483779907226563
0.0362586975097656 0.0298500061035156 0.00590229034423828 -0.011540412902832
0.0309371948242187 0.0219154357910156 0.0293216705322266 0.00224685668945313
0.0374259948730469 0.0133094787597656 0.0496635437011719 -0.0114555358886719
0.0373573303222656 -0.00339508056640625 0.0454826354980469 -0.0279808044433594
0.0307769775390625 -0.0246238708496094 0.0314712524414063 -0.0470771789550781
0.0172309875488281 -0.036895751953125 0.0108108520507813 -0.04461669921875
0.0146236419677734 -0.0341148376464844 -0.0042724609375 -0.0311813354492188
0.0134773254394531 -0.0392189025878906 -0.011993408203125 -0.0180168151855469
0.0218925476074219 -0.0381965637207031 -0.0171995162963867 -0.0117406845092773
0.0313987731933594 -0.0251140594482422 -0.0285873413085937 -0.00353813171386719
0.0341129302978516 -0.0128250122070312 -0.0298061370849609 -0.00574874877929688
0.0334396362304687 0.000638961791992187 -0.0357322692871094 -0.00918579101562501
0.0402259826660156 0.0109100341796875 -0.039642333984375 -0.00376129150390624
0.0393562316894531 0.0221519470214844 -0.03680419921875 0.0031280517578125
0.0458106994628906 0.0522384643554688 -0.00103759765625 -0.0334091186523438
0.0515556335449219 0.0420265197753906 0.0196380615234375 0.00113296508789063
0.048736572265625 0.0265579223632813 0.0342864990234375 0.00648307800292969
0.0538864135742188 0.0112419128417969 0.0489349365234375 -0.00794219970703125
0.0485420227050781 -0.0097808837890625 0.0392837524414063 -0.0228462219238281
0.0378189086914063 -0.0357704162597656 0.023345947265625 -0.0375480651855469
0.0199737548828125 -0.0457954406738281 0.00591468811035157 -0.0280380249023438
0.0169296264648437 -0.0419540405273437 -0.00632762908935547 -0.0129032135009766
0.0157852172851562 -0.048095703125 -0.0122814178466797 0.000297546386718746
0.0258865356445313 -0.0479240417480469 -0.0194950103759766 0.00257492065429688
0.0386962890625 -0.0333442687988281 -0.0304584503173828 0.00665283203125
0.0453414916992188 -0.0201492309570313 -0.0300941467285156 -0.00114250183105469
0.0477943420410156 0.00121688842773438 -0.0320014953613281 -0.0084819793701172
0.0540962219238281 0.0181999206542969 -0.0246791839599609 -0.000312805175781245
0.0513420104980469 0.0318984985351563 -0.019775390625 0.0148143768310547
0.0504493713378906 0.0540657043457031 0.0174484252929688 -0.0170326232910156
0.0600509643554688 0.0453033447265625 0.0335540771484375 0.0123062133789063
0.0582199096679688 0.0257568359375 0.0384483337402344 0.009246826171875
0.0612373352050781 0.00582122802734375 0.0441551208496094 -0.00310134887695313
0.0520057678222656 -0.0166740417480469 0.0311622619628906 -0.0143852233886719
0.0368576049804688 -0.0421638488769531 0.0151119232177734 -0.0230255126953125
0.0185279846191406 -0.0487899780273437 0.00143527984619141 -0.00816965103149414
0.017303466796875 -0.0437088012695313 -0.00772666931152344 0.00705862045288086
0.0168533325195313 -0.0499000549316406 -0.0122261047363281 0.0184707641601563
0.0259513854980469 -0.0496864318847656 -0.0215721130371094 0.0185012817382813
0.0408859252929688 -0.0348320007324219 -0.0318470001220703 0.0173072814941406
0.0501937866210937 -0.0214195251464844 -0.0305652618408203 0.00383949279785156
0.0551109313964844 0.00399398803710938 -0.0271053314208984 -0.00698089599609375
0.0594749450683594 0.0246734619140625 -0.00820112228393554 0.00404119491577149
0.0535354614257813 0.0392990112304688 -0.000425338745117184 0.0283851623535156
0.0458831787109375 0.0479354858398438 0.0348262786865234 -0.00391387939453125
0.0596160888671875 0.0405769348144531 0.0468025207519531 0.0190925598144531
0.0574607849121094 0.0184555053710938 0.0397529602050781 0.0102653503417969
0.0574798583984375 -0.000701904296875 0.0369453430175781 0.00130081176757813
0.0453338623046875 -0.0212059020996094 0.0221080780029297 -0.00451469421386719
0.0293922424316406 -0.041107177734375 0.00758171081542969 -0.00639581680297852
0.0138092041015625 -0.0431022644042969 -0.00156974792480469 0.0121173858642578
0.0136489868164062 -0.0379066467285156 -0.00715065002441407 0.0259475708007813
0.0143852233886719 -0.0444068908691406 -0.0131263732910156 0.0357666015625
0.0243797302246094 -0.0430793762207031 -0.024993896484375 0.0328006744384766
0.0391616821289063 -0.0295791625976563 -0.0339202880859375 0.0261955261230469
0.0486907958984375 -0.0168113708496094 -0.0304145812988281 0.00907135009765625
0.0533599853515625 0.00912094116210937 -0.0209598541259766 -0.00436210632324219
0.0551834106445313 0.0291938781738281 0.00749683380126953 0.0109100341796875
0.0468673706054688 0.0419883728027344 0.0163764953613281 0.0442733764648438
0.03363037109375 0.0352745056152344 0.0492286682128906 0.00397109985351563
0.0491104125976562 0.02935791015625 0.0551910400390625 0.0196533203125
0.045562744140625 0.01055908203125 0.038665771484375 0.00885009765625
0.0434837341308594 -0.0062103271484375 0.0298557281494141 0.00575065612792969
0.0314369201660156 -0.020355224609375 0.0157327651977539 0.00527286529541016
0.0168285369873047 -0.0336246490478516 0.00352668762207031 0.00934410095214843
0.00642013549804687 -0.0308704376220703 -0.0011444091796875 0.0287342071533203
0.00800895690917969 -0.0260486602783203 -0.00635910034179688 0.0412139892578125
0.0101985931396484 -0.0318889617919922 -0.0147590637207031 0.0486679077148437
0.0180282592773437 -0.0310249328613281 -0.0295982360839844 0.0430145263671875
0.0313549041748047 -0.0203514099121094 -0.037506103515625 0.0319862365722656
0.0390968322753906 -0.00997161865234375 -0.0315818786621094 0.0123615264892578
0.0425148010253906 0.0128669738769531 -0.0171260833740234 -0.000955581665039064
0.0420761108398438 0.0297775268554688 0.0181007385253906 0.0194511413574219
0.0322380065917969 0.0378074645996094 0.0286293029785156 0.0592460632324219
0.0146999359130859 0.0187091827392578 0.057220458984375 0.00780105590820313
0.0295333862304687 0.0166835784912109 0.0587959289550781 0.0163612365722656
0.0266532897949219 0.00203704833984375 0.0368537902832031 0.00732803344726563
0.0217056274414063 -0.007781982421875 0.0253715515136719 0.00933456420898438
0.0128650665283203 -0.0143823623657227 0.0129728317260742 0.0114116668701172
0.00308036804199219 -0.0188350677490234 0.00335121154785156 0.0207290649414063
-0.00078582763671875 -0.0131692886352539 0.00077056884765625 0.0388870239257813
0.00121688842773437 -0.0111312866210938 -0.00424575805664062 0.0495262145996094
0.00272464752197265 -0.0150461196899414 -0.0162315368652344 0.0562744140625
0.00742435455322266 -0.0163745880126953 -0.0343437194824219 0.0489845275878906
0.0176105499267578 -0.0119209289550781 -0.0414810180664063 0.0347366333007813
0.0243015289306641 -0.0053253173828125 -0.0348949432373047 0.0147609710693359
0.0266399383544922 0.0107269287109375 -0.0164499282836914 0.00308895111083984
0.0239467620849609 0.0215835571289063 0.0214767456054687 0.0272998809814453
0.0136852264404297 0.026458740234375 0.0341262817382812 0.0711517333984375
0.00158452987670898 0.00445222854614258 -0.0396347045898438 -0.05987548828125
-0.00276017189025879 -0.00358438491821289 -0.0154094696044922 -0.0244941711425781
-0.00745868682861328 0.00228500366210937 0.0181961059570313 -0.00198745727539063
-0.00162029266357422 0.00763940811157227 0.0431327819824219 -0.0157585144042969
0.00371670722961426 0.00377655029296875 0.04473876953125 -0.0345993041992188
0.00369000434875488 -0.000514745712280273 0.0326919555664063 -0.05523681640625
0.0030665397644043 -0.00590324401855469 0.012176513671875 -0.0611724853515625
0.00220727920532227 -0.0043189525604248 -0.003448486328125 -0.0498275756835938
0.00156974792480469 -0.00416684150695801 -0.00937652587890625 -0.03643798828125
0.00513124465942383 -0.00342082977294922 -0.0113849639892578 -0.0260066986083984
0.00573348999023438 0.000983715057373047 -0.0228652954101563 -0.0140419006347656
-0.00105524063110352 0.00552845001220703 -0.0278987884521484 -0.0093231201171875
-0.00753116607666016 -0.000886917114257812 -0.0371856689453125 -0.0121917724609375
-0.00171327590942383 -0.0072321891784668 -0.0556602478027344 -0.00959396362304687
-0.000869512557983398 -0.00269722938537598 -0.0563125610351563 -0.00782394409179687
0.0216217041015625 0.0224056243896484 -0.031890869140625 -0.0557708740234375
0.0184478759765625 0.0121307373046875 -0.00666427612304687 -0.020477294921875
0.0120697021484375 0.0111227035522461 0.0232410430908203 -0.00213050842285156
0.0183448791503906 0.00955772399902344 0.0463905334472656 -0.0157432556152344
0.0206623077392578 -0.000246047973632812 0.045440673828125 -0.0329055786132813
0.0169534683227539 -0.0138092041015625 0.0319290161132813 -0.0538444519042969
0.00939750671386719 -0.0234928131103516 0.0107002258300781 -0.0554695129394531
0.00813484191894531 -0.0209236145019531 -0.00520706176757813 -0.04278564453125
0.00738525390625 -0.0236415863037109 -0.0117702484130859 -0.0297012329101563
0.0136661529541016 -0.0228691101074219 -0.0153217315673828 -0.0211563110351563
0.0197715759277344 -0.0139179229736328 -0.0259819030761719 -0.0104942321777344
0.0182514190673828 -0.00429916381835938 -0.0284919738769531 -0.00794792175292969
0.01318359375 0.000670433044433594 -0.0367469787597656 -0.00936126708984374
0.0197105407714844 0.00157737731933594 -0.050262451171875 -0.00559997558593751
0.0213260650634766 0.00895500183105469 -0.0495643615722656 -0.00262451171875
0.0378303527832031 0.0384330749511719 -0.0190238952636719 -0.0457382202148438
0.0375900268554688 0.0271263122558594 0.0056915283203125 -0.0107793807983398
0.0316162109375 0.0191802978515625 0.0288944244384766 0.00126075744628906
0.0383644104003906 0.0106582641601563 0.0483818054199219 -0.0133514404296875
0.0364532470703125 -0.00582504272460938 0.0432815551757813 -0.0298080444335938
0.0283699035644531 -0.0272407531738281 0.0278663635253906 -0.0481986999511719
0.0147895812988281 -0.0375785827636719 0.00735855102539062 -0.04364013671875
0.012542724609375 -0.0347976684570313 -0.00704574584960937 -0.0291671752929688
0.0107536315917969 -0.0393638610839844 -0.0128192901611328 -0.015782356262207
0.0192375183105469 -0.038787841796875 -0.0184574127197266 -0.0108375549316406
0.0297718048095703 -0.0264244079589844 -0.02838134765625 -0.00230216979980469
0.0327110290527344 -0.0151958465576172 -0.0296859741210937 -0.00430870056152344
0.03289794921875 -0.000898361206054688 -0.0359840393066406 -0.00752258300781249
0.0396499633789063 0.00841522216796875 -0.0397300720214844 -0.00152969360351563
0.0402107238769531 0.0193405151367188 -0.0368080139160156 0.005615234375
0.0490760803222656 0.0482597351074219 -0.00194549560546875 -0.0317630767822266
0.0530471801757812 0.0376319885253906 0.0200328826904297 0.00107192993164063
0.0498809814453125 0.0228843688964844 0.0348014831542969 0.00588798522949219
0.053253173828125 0.00748062133789063 0.0474128723144531 -0.00971603393554688
0.0472259521484375 -0.0129966735839844 0.0376091003417969 -0.0247535705566406
0.0340042114257813 -0.0369644165039063 0.0203933715820313 -0.0371131896972656
0.0163917541503906 -0.0458564758300781 0.00391197204589844 -0.0272960662841797
0.0143547058105469 -0.0421218872070313 -0.00716495513916015 -0.0114173889160156
0.0126533508300781 -0.0487747192382812 -0.0126476287841797 0.00121402740478515
0.0215339660644531 -0.04901123046875 -0.0196971893310547 0.00379753112792968
0.035980224609375 -0.0351524353027344 -0.0301761627197266 0.00816154479980468
0.0429801940917969 -0.0228996276855469 -0.0299015045166016 0.000701904296874995
0.0469627380371094 -0.00173568725585937 -0.0327396392822266 -0.00635910034179688
0.0543746948242188 0.0149497985839844 -0.0248489379882812 0.00178146362304687
0.0525436401367188 0.0279197692871094 -0.0191383361816406 0.0159950256347656
0.0529556274414062 0.0499000549316406 0.0169162750244141 -0.0170440673828125
0.0625190734863281 0.040130615234375 0.0343647003173828 0.0110969543457031
0.0590896606445313 0.0216636657714844 0.0387458801269531 0.00853729248046875
0.0602912902832031 0.00162887573242188 0.0431594848632813 -0.0047454833984375
0.0500411987304688 -0.0198211669921875 0.0298576354980469 -0.0158596038818359
0.033905029296875 -0.0434951782226563 0.0126667022705078 -0.0227737426757813
0.015045166015625 -0.048065185546875 0.000799655914306641 -0.00732421875
0.0139503479003906 -0.043548583984375 -0.00706863403320313 0.00821495056152343
0.01275634765625 -0.0499305725097656 -0.0115890502929688 0.0196170806884766
0.02227783203125 -0.0502853393554688 -0.0210781097412109 0.0197334289550781
0.0381813049316406 -0.0367698669433594 -0.0309791564941406 0.0196380615234375
0.0479812622070313 -0.0251846313476563 -0.0299701690673828 0.00562667846679687
0.054168701171875 0.000690460205078125 -0.0274848937988281 -0.00482940673828125
0.0596237182617188 0.0208930969238281 -0.00854206085205078 0.00499677658081055
0.0553932189941406 0.0345611572265625 0.000452041625976563 0.0286693572998047
0.0486907958984375 0.0433082580566406 0.0351295471191406 -0.00487327575683593
0.0604743957519531 0.0358619689941406 0.0471305847167969 0.0162010192871094
0.0578384399414063 0.015289306640625 0.0396194458007813 0.00870895385742188
0.0568199157714844 -0.0050506591796875 0.03656005859375 9.91821289062497E-05
0.0432548522949219 -0.0233955383300781 0.0214710235595703 -0.00591659545898438
0.0259628295898437 -0.0420341491699219 0.00657939910888672 -0.00588321685791016
0.0107231140136719 -0.0427055358886719 -0.000337600708007812 0.0123214721679687
0.0112762451171875 -0.0378036499023438 -0.00564002990722656 0.0262222290039062
0.0109405517578125 -0.0434837341308594 -0.01068115234375 0.0366287231445313
0.0203819274902344 -0.0436019897460938 -0.0235061645507813 0.0335292816162109
0.0360565185546875 -0.0315132141113281 -0.0320205688476563 0.0283355712890625
0.0464324951171875 -0.0202560424804688 -0.0297641754150391 0.00997734069824219
0.0524864196777344 0.00555038452148438 -0.0216045379638672 -0.00312042236328125
0.0562057495117188 0.0252838134765625 0.0073843002319336 0.0102462768554688
0.0484275817871094 0.0377311706542969 0.0177955627441406 0.0426750183105469
0.0355606079101563 0.0316200256347656 0.0496025085449219 0.00226593017578125
0.0494041442871094 0.0261688232421875 0.055816650390625 0.0167427062988281
0.0457267761230469 0.007415771484375 0.0391616821289063 0.00743865966796875
0.0417900085449219 -0.0091705322265625 0.0298194885253906 0.00499916076660156
0.0290966033935547 -0.0216922760009766 0.0166196823120117 0.00432109832763672
0.0132732391357422 -0.0334014892578125 0.00394439697265625 0.00972175598144531
0.00455474853515625 -0.0302391052246094 0.000844955444335935 0.0283870697021484
0.00638198852539063 -0.0263824462890625 -0.00265884399414063 0.040802001953125
0.00743675231933594 -0.0305347442626953 -0.0107955932617188 0.0489883422851563
0.0151939392089844 -0.0310859680175781 -0.0268020629882812 0.0440025329589844
0.0287265777587891 -0.0221195220947266 -0.0352096557617187 0.0343894958496094
0.0379104614257813 -0.0130615234375 -0.0305290222167969 0.0135936737060547
0.0421638488769531 0.00927734375 -0.0175294876098633 0.00017070770263672
0.0434188842773437 0.0267486572265625 0.0181083679199219 0.0180301666259766
0.0343494415283203 0.0348415374755859 0.0304412841796875 0.0562019348144531
0.0160198211669922 0.0163516998291016 0.0577049255371094 0.00351715087890625
0.0296249389648438 0.0137691497802734 0.05902099609375 0.0134773254394531
0.0265083312988281 0.00104331970214844 0.0370445251464844 0.00536346435546875
0.0214977264404297 -0.00930595397949219 0.0253944396972656 0.00824928283691406
0.0109272003173828 -0.0151176452636719 0.0143327713012695 0.0113382339477539
0.00127220153808594 -0.0178756713867188 0.00486373901367188 0.0205612182617188
-0.00153160095214844 -0.0123233795166016 0.00410842895507812 0.0380363464355469
0.000912666320800782 -0.0103654861450195 -0.000370025634765624 0.0488014221191406
0.00154495239257813 -0.0142669677734375 -0.0121994018554688 0.0563507080078125
0.00598239898681641 -0.0161285400390625 -0.0313491821289063 0.0499763488769531
0.0158958435058594 -0.0123214721679687 -0.0387420654296875 0.0368843078613281
0.0234909057617188 -0.00749015808105469 -0.0330905914306641 0.0166053771972656
0.0259437561035156 0.00879669189453125 -0.0161046981811523 0.00419235229492188
0.0249538421630859 0.0191688537597656 0.0221843719482422 0.025421142578125
0.0155162811279297 0.0244884490966797 0.0363693237304688 0.0673751831054688
0.0018928050994873 0.00394034385681152 -0.03887939453125 -0.056640625
-0.00269627571105957 -0.00322151184082031 -0.0153579711914062 -0.023162841796875
-0.00698232650756836 0.00259304046630859 0.0178546905517578 -0.00294685363769531
-0.000797748565673828 0.0070042610168457 0.0415802001953125 -0.0163154602050781
0.00390219688415527 0.00349974632263184 0.0428619384765625 -0.0350265502929688
0.0039827823638916 -0.000716447830200195 0.0300788879394531 -0.0545272827148438
0.00321102142333984 -0.00695228576660156 0.00934600830078125 -0.0589523315429688
0.00261497497558594 -0.00469446182250977 -0.004913330078125 -0.0474510192871094
0.00240373611450195 -0.00497007369995117 -0.0108375549316406 -0.0351524353027344
0.00571489334106445 -0.00408792495727539 -0.0125141143798828 -0.0248527526855469
0.00609493255615234 0.000463008880615234 -0.0223445892333984 -0.0134658813476563
-0.000362396240234375 0.00554990768432617 -0.0272960662841797 -0.00904464721679688
-0.00702762603759766 -0.000282287597656249 -0.0365180969238281 -0.0110321044921875
-0.00225305557250977 -0.00627946853637695 -0.0540199279785156 -0.00802612304687499
-0.00115013122558594 -0.00255322456359863 -0.0550117492675781 -0.0060272216796875
0.02178955078125 0.0213050842285156 -0.0316085815429688 -0.0528678894042969
0.0181770324707031 0.0110225677490234 -0.00677680969238281 -0.0189094543457031
0.0127668380737305 0.0106220245361328 0.0221920013427734 -0.0020751953125
0.0182418823242188 0.00830078125 0.0442924499511719 -0.0156898498535156
0.0201034545898438 -0.00130462646484375 0.0428810119628906 -0.0334587097167969
0.0162925720214844 -0.0145702362060547 0.0291519165039063 -0.0526885986328125
0.00838279724121094 -0.0236778259277344 0.00840377807617187 -0.05377197265625
0.00749969482421875 -0.0212059020996094 -0.00708389282226563 -0.0402297973632813
0.00649261474609375 -0.0237159729003906 -0.01287841796875 -0.0278720855712891
0.0129451751708984 -0.0226383209228516 -0.0162982940673828 -0.0199871063232422
0.0189228057861328 -0.0135841369628906 -0.0257072448730469 -0.00968551635742187
0.0181407928466797 -0.00499725341796875 -0.0280017852783203 -0.00726890563964844
0.0133562088012695 0.000524520874023438 -0.0362815856933594 -0.00876998901367187
0.01934814453125 0.0015106201171875 -0.0491523742675781 -0.00379180908203126
0.0209751129150391 0.00861549377441406 -0.0492515563964844 -0.000770568847656239
0.0382804870605469 0.0359840393066406 -0.0185585021972656 -0.0434112548828125
0.0369720458984375 0.0248565673828125 0.00581455230712891 -0.00959014892578125
0.0316410064697266 0.0178489685058594 0.0286884307861328 0.00134086608886719
0.037445068359375 0.00844192504882812 0.0466995239257813 -0.0139999389648437
0.0354843139648438 -0.0070343017578125 0.0407066345214844 -0.0299720764160156
0.0260753631591797 -0.0270652770996094 0.0253143310546875 -0.0473670959472656
0.0132827758789063 -0.03717041015625 0.00601577758789063 -0.0420684814453125
0.0104808807373047 -0.0345344543457031 -0.00774765014648438 -0.0268669128417969
0.00892257690429688 -0.0386314392089844 -0.0134735107421875 -0.014674186706543
0.0172538757324219 -0.0383377075195313 -0.0187473297119141 -0.0103130340576172
0.0284423828125 -0.0264549255371094 -0.0286865234375 -0.0012969970703125
0.0318489074707031 -0.0152797698974609 -0.0293140411376953 -0.00318145751953125
0.0318965911865234 -0.00114822387695313 -0.0350971221923828 -0.00645065307617187
0.0382423400878906 0.0074462890625 -0.0388908386230469 -0.000278472900390623
0.0396385192871094 0.017822265625 -0.0363845825195313 0.00706100463867188
0.0503883361816406 0.0451850891113281 -0.00160789489746093 -0.0299549102783203
0.0527534484863281 0.03424072265625 0.0193881988525391 0.00142288208007813
0.0486679077148438 0.021087646484375 0.0345573425292969 0.00509834289550781
0.0527114868164063 0.00504302978515625 0.0461387634277344 -0.00975799560546875
0.045379638671875 -0.0136909484863281 0.0352325439453125 -0.0241050720214844
0.0318641662597656 -0.0371017456054688 0.0187797546386719 -0.0363883972167969
0.0147514343261719 -0.0449867248535156 0.00339126586914063 -0.0255947113037109
0.0127830505371094 -0.0420417785644531 -0.00751113891601563 -0.00971794128417969
0.00998306274414063 -0.0475044250488281 -0.0124940872192383 0.00230884552001953
0.0188369750976562 -0.0480918884277344 -0.0200309753417969 0.00473594665527344
0.0335693359375 -0.0353851318359375 -0.0293960571289063 0.00891685485839843
0.0411415100097656 -0.0232772827148438 -0.02960205078125 0.00107574462890624
0.0453262329101563 -0.00247573852539063 -0.032379150390625 -0.00467300415039062
0.0529060363769531 0.0129623413085938 -0.0248641967773437 0.00257682800292969
0.051727294921875 0.02581787109375 -0.0188999176025391 0.0165939331054688
0.0535316467285156 0.0460662841796875 0.017359733581543 -0.0164766311645508
0.0612831115722656 0.0364570617675781 0.0340633392333985 0.0105552673339844
0.0576095581054688 0.019134521484375 0.0377616882324219 0.00867843627929688
0.0589218139648438 -0.000652313232421875 0.0425682067871094 -0.0050506591796875
0.0476646423339844 -0.0204734802246094 0.0282554626464844 -0.0153827667236328
0.030670166015625 -0.0421829223632813 0.0113792419433594 -0.0217857360839844
0.0129165649414062 -0.0463218688964844 0.000838756561279298 -0.00689363479614258
0.0120086669921875 -0.0426902770996094 -0.00648880004882812 0.00855875015258789
0.0103759765625 -0.0486907958984375 -0.0107898712158203 0.0197181701660156
0.0195198059082031 -0.049224853515625 -0.0202999114990234 0.0199337005615234
0.0356025695800781 -0.0372848510742188 -0.02935791015625 0.0195217132568359
0.045806884765625 -0.0255012512207031 -0.0291080474853516 0.00631141662597656
0.0523834228515625 -0.000438690185546875 -0.0271930694580078 -0.00314903259277343
0.0586814880371094 0.0189666748046875 -0.00879764556884765 0.00493621826171875
0.0551872253417969 0.0318031311035156 -0.000200271606445311 0.0278511047363281
0.0493049621582031 0.0400123596191406 0.0344657897949219 -0.00540733337402343
0.0597305297851563 0.0323257446289063 0.046600341796875 0.0153465270996094
0.0561256408691406 0.0131759643554688 0.0397300720214844 0.009002685546875
0.0540847778320312 -0.0064849853515625 0.0357398986816406 0.000156402587890625
0.0406951904296875 -0.0239295959472656 0.0207023620605469 -0.00507354736328125
0.0232810974121094 -0.0410919189453125 0.00612115859985352 -0.00528478622436524
0.00888824462890624 -0.0410614013671875 0.000397682189941405 0.0125532150268555
0.00945663452148437 -0.0367546081542969 -0.00443077087402344 0.0265884399414062
0.00842666625976562 -0.0427055358886719 -0.00911712646484375 0.0355606079101563
0.0178489685058594 -0.0425834655761719 -0.0216560363769531 0.0335845947265625
0.0340385437011719 -0.0319747924804688 -0.0306797027587891 0.0286579132080078
0.0442695617675781 -0.0209541320800781 -0.0289726257324219 0.0112266540527344
0.050689697265625 0.00383758544921875 -0.0211906433105469 -0.00145339965820312
0.0548782348632813 0.0226593017578125 0.00706863403320313 0.00902080535888672
0.0488967895507812 0.0342750549316406 0.0173988342285156 0.0407943725585938
0.0357894897460938 0.0287055969238281 0.0484771728515625 0.000885009765625002
0.0476875305175781 0.0230751037597656 0.0550346374511719 0.0152015686035156
0.0445899963378906 0.00572586059570313 0.0383224487304687 0.007659912109375
0.0405044555664063 -0.00999832153320313 0.0292587280273438 0.00509452819824219
0.0268096923828125 -0.0225543975830078 0.016148567199707 0.00413322448730469
0.0121402740478516 -0.0318679809570312 0.00381660461425781 0.00957489013671875
0.0033111572265625 -0.028656005859375 0.00189018249511719 0.0276203155517578
0.00499725341796875 -0.0255870819091797 -0.00103378295898437 0.0398597717285156
0.00581169128417969 -0.0298805236816406 -0.008758544921875 0.048126220703125
0.0133686065673828 -0.0306243896484375 -0.0253944396972656 0.0438270568847656
0.0267925262451172 -0.0224876403808594 -0.0335922241210937 0.0345268249511719
0.0358924865722656 -0.0138130187988281 -0.0299930572509766 0.0143718719482422
0.0408096313476563 0.00806045532226563 -0.0169582366943359 0.00094318389892578
0.0424346923828125 0.0237846374511719 0.0175876617431641 0.0163192749023438
0.0348377227783203 0.0316219329833984 0.0302314758300781 0.0539398193359375
0.0159950256347656 0.0147638320922852 0.0558624267578125 0.00214767456054688
0.0294322967529297 0.0127677917480469 0.0577621459960938 0.0116539001464844
0.0252094268798828 -0.000143051147460938 0.0358123779296875 0.00587844848632813
0.0201053619384766 -0.00944137573242188 0.02508544921875 0.00863265991210938
0.0102834701538086 -0.0145549774169922 0.0147428512573242 0.0111799240112305
3.62396240234389E-05 -0.0169343948364258 0.00548362731933594 0.0202846527099609
-0.00196266174316406 -0.0107564926147461 0.00580596923828125 0.0371894836425781
0.000331878662109375 -0.00930213928222656 0.00195693969726562 0.0472450256347656
0.000590324401855469 -0.0129852294921875 -0.00973129272460938 0.0545387268066406
0.00444507598876953 -0.0157899856567383 -0.0286140441894531 0.0498847961425781
0.0150442123413086 -0.0128612518310547 -0.0366477966308594 0.0366477966308594
0.0221920013427734 -0.007781982421875 -0.0318050384521484 0.0167198181152344
0.0250778198242188 0.0069732666015625 -0.0156230926513672 0.00482845306396484
0.0248775482177734 0.0183925628662109 0.0220317840576172 0.0235557556152344
0.0158500671386719 0.0222644805908203 0.0363616943359375 0.0639076232910156
0.00231838226318359 0.00391554832458496 -0.0372810363769531 -0.0554466247558594
-0.00210070610046387 -0.00317168235778809 -0.0142345428466797 -0.0223350524902344
-0.00592184066772461 0.00248479843139648 0.017669677734375 -0.00189399719238281
-4.10079956054682E-05 0.00651931762695313 0.0409812927246094 -0.0157966613769531
0.00401473045349121 0.00293183326721191 0.0419082641601563 -0.0337944030761719
0.00379729270935059 -0.000964879989624023 0.0294685363769531 -0.0532493591308594
0.00300312042236328 -0.00680398941040039 0.00872421264648438 -0.057220458984375
0.00235319137573242 -0.00498676300048828 -0.0054473876953125 -0.0460395812988281
0.00305914878845215 -0.00437402725219727 -0.0106582641601563 -0.0338096618652344
0.00611972808837891 -0.0036778450012207 -0.0126438140869141 -0.0248050689697266
0.00600624084472656 0.000992298126220703 -0.0221920013427734 -0.0136432647705078
0.000189304351806641 0.0054631233215332 -0.0262241363525391 -0.009124755859375
-0.00734663009643555 -2.62260437011712E-05 -0.0358200073242188 -0.0123176574707031
-0.00217962265014648 -0.00607538223266602 -0.054229736328125 -0.00868606567382813
-0.00150370597839355 -0.00151622295379639 -0.0551948547363281 -0.00585937500000001
0.0229072570800781 0.0210380554199219 -0.0291938781738281 -0.0518760681152344
0.0181541442871094 0.0109272003173828 -0.00552940368652344 -0.0176372528076172
0.0127201080322266 0.0103855133056641 0.0222053527832031 -0.0015716552734375
0.0186691284179688 0.00830078125 0.0442543029785156 -0.0148849487304688
0.0197124481201172 -0.00135040283203125 0.0425224304199219 -0.0319137573242188
0.0160856246948242 -0.0144557952880859 0.0281639099121094 -0.0514068603515625
0.00865364074707031 -0.0236415863037109 0.0079193115234375 -0.0520706176757812
0.00758743286132812 -0.0210895538330078 -0.00736236572265625 -0.0385627746582031
0.00683212280273437 -0.0235366821289063 -0.0135402679443359 -0.0268650054931641
0.0133476257324219 -0.0229225158691406 -0.0166378021240234 -0.0206184387207031
0.0195274353027344 -0.0136985778808594 -0.02569580078125 -0.00932502746582031
0.0175552368164063 -0.00459480285644531 -0.0280208587646484 -0.00790596008300782
0.0131988525390625 0.00109004974365234 -0.0356597900390625 -0.00872421264648438
0.0184288024902344 0.00175857543945312 -0.0490798950195313 -0.00360107421874999
0.0205764770507813 0.00859832763671875 -0.0490379333496094 -0.000282287597656244
0.0372581481933594 0.0352783203125 -0.0166091918945312 -0.0420303344726563
0.0364723205566406 0.0246505737304688 0.0058736801147461 -0.00899600982666015
0.0309352874755859 0.0183868408203125 0.0281333923339844 0.0021514892578125
0.0371437072753906 0.00833511352539063 0.0459136962890625 -0.0121116638183594
0.0342521667480469 -0.00749778747558594 0.0404586791992188 -0.028533935546875
0.0256156921386719 -0.0262451171875 0.0245780944824219 -0.0456314086914063
0.0127601623535156 -0.0364913940429688 0.00565719604492188 -0.0407180786132813
0.0108299255371094 -0.0340404510498047 -0.00782966613769531 -0.0250377655029297
0.00884628295898437 -0.0380630493164063 -0.0138177871704102 -0.0139331817626953
0.0172157287597656 -0.03839111328125 -0.0198822021484375 -0.00965690612792969
0.0283432006835938 -0.0261497497558594 -0.0279636383056641 -0.00197029113769531
0.0309906005859375 -0.0152912139892578 -0.0289688110351563 -0.00435066223144531
0.0313377380371094 -0.000518798828125 -0.035064697265625 -0.00638198852539062
0.0371284484863281 0.0076141357421875 -0.03875732421875 -0.000251770019531257
0.0390434265136719 0.0176124572753906 -0.0365829467773437 0.00699996948242188
0.0491561889648438 0.0440444946289063 1.33514404296937E-05 -0.0289726257324219
0.0518150329589844 0.0341644287109375 0.0190963745117188 0.00261116027832031
0.0477409362792969 0.0211410522460937 0.0337963104248047 0.00659942626953125
0.0515975952148438 0.00449371337890625 0.0451736450195312 -0.00838851928710937
0.0441169738769531 -0.0139389038085938 0.0346183776855469 -0.0225753784179688
0.0313339233398438 -0.0362586975097656 0.0183029174804688 -0.0352897644042969
0.0135040283203125 -0.0444755554199219 0.00288963317871094 -0.0246753692626953
0.0126228332519531 -0.0409965515136719 -0.0073089599609375 -0.00905609130859375
0.0100898742675781 -0.0471305847167969 -0.0122156143188477 0.00278568267822265
0.0182380676269531 -0.0475845336914063 -0.0205459594726562 0.00479316711425781
0.0327949523925781 -0.035430908203125 -0.0294151306152344 0.00904083251953125
0.0402870178222656 -0.0228309631347656 -0.0294570922851562 0.00114059448242188
0.0447959899902344 -0.0020599365234375 -0.0318565368652344 -0.00442695617675781
0.0518913269042969 0.0128936767578125 -0.0254592895507812 0.00249481201171875
0.0508499145507813 0.02569580078125 -0.0202884674072266 0.0169410705566406
0.0532150268554688 0.0449447631835938 0.0181331634521484 -0.0159091949462891
0.05938720703125 0.0362091064453125 0.0334529876708984 0.0117473602294922
0.0565605163574219 0.0189666748046875 0.037689208984375 0.009674072265625
0.0584945678710938 -0.00092315673828125 0.041595458984375 -0.00330352783203125
0.0465888977050781 -0.0202102661132813 0.0282211303710938 -0.0143356323242188
0.0298881530761719 -0.0408554077148438 0.0111103057861328 -0.0206813812255859
0.0131034851074219 -0.0457992553710938 0.000396251678466797 -0.00582456588745117
0.0118789672851563 -0.0420341491699219 -0.0056915283203125 0.00942516326904297
0.0099029541015625 -0.0473518371582031 -0.0103702545166016 0.0195446014404297
0.0184555053710937 -0.0482521057128906 -0.0212173461914062 0.0194568634033203
0.03448486328125 -0.0365753173828125 -0.0297946929931641 0.019561767578125
0.0447769165039063 -0.0254058837890625 -0.0291976928710938 0.00605010986328125
0.0516433715820313 -4.9591064453125E-05 -0.0266971588134766 -0.00262832641601562
0.0578804016113281 0.0180282592773438 -0.00961589813232422 0.00535392761230469
0.0542755126953125 0.0306587219238281 -0.000967025756835936 0.0276374816894531
0.0481109619140625 0.0391731262207031 0.0355567932128906 -0.00530624389648437
0.0583381652832031 0.0304832458496094 0.0464744567871094 0.0154762268066406
0.0549812316894531 0.01385498046875 0.03924560546875 0.00973892211914063
0.0532302856445313 -0.00672531127929688 0.0358238220214844 0.00127792358398437
0.0392532348632813 -0.0236892700195313 0.0205287933349609 -0.00402641296386719
0.0216751098632813 -0.0395240783691406 0.00582265853881836 -0.00464248657226563
0.00888824462890625 -0.0392417907714844 0.000856399536132813 0.0121841430664062
0.0093841552734375 -0.0352630615234375 -0.00413894653320313 0.0263309478759766
0.00828170776367187 -0.0412712097167969 -0.00921249389648437 0.0359840393066406
0.0173263549804688 -0.0418586730957031 -0.0228290557861328 0.0328311920166016
0.0329151153564453 -0.0327472686767578 -0.0304965972900391 0.0279464721679687
0.0433311462402344 -0.021759033203125 -0.0287055969238281 0.0105781555175781
0.0497817993164062 0.00399017333984375 -0.0211391448974609 -0.000520706176757812
0.0540428161621094 0.0225753784179687 0.00689220428466797 0.00996685028076172
0.0479469299316406 0.0336456298828125 0.016510009765625 0.0405349731445313
0.0342540740966797 0.0277442932128906 0.0488967895507813 0.00139617919921875
0.0471305847167969 0.0218772888183594 0.0541191101074219 0.0163764953613281
0.0437583923339844 0.00576400756835938 0.0379676818847656 0.00883102416992188
0.0389366149902344 -0.0105056762695313 0.0293788909912109 0.0066680908203125
0.0265369415283203 -0.0220584869384766 0.0156345367431641 0.00516605377197265
0.0111656188964844 -0.0316123962402344 0.00440406799316406 0.0107316970825195
0.00342941284179687 -0.0272083282470703 0.00261497497558594 0.0276508331298828
0.00483512878417969 -0.0244140625 -0.000339508056640627 0.0388412475585938
0.00605583190917969 -0.0280895233154297 -0.00841522216796875 0.0472259521484375
0.0127067565917969 -0.0294418334960937 -0.0253181457519531 0.0435371398925781
0.0264110565185547 -0.0224742889404297 -0.0328178405761719 0.0336589813232422
0.0347404479980469 -0.014404296875 -0.0297222137451172 0.0140972137451172
0.0398139953613281 0.00748825073242188 -0.0170326232910156 0.00153732299804687
0.0417137145996094 0.0233993530273438 0.0174760818481445 0.0160408020019531
0.0346488952636719 0.0306491851806641 0.0289535522460938 0.0533561706542969
0.0150794982910156 0.0135784149169922 0.0560836791992188 0.00274276733398438
0.0286941528320312 0.0109272003173828 0.0570144653320313 0.0114212036132813
0.0249271392822266 -0.00104713439941406 0.0353050231933594 0.00644683837890625
0.0195426940917969 -0.0101280212402344 0.0248203277587891 0.00982475280761719
0.00993728637695313 -0.0142679214477539 0.0146961212158203 0.0113897323608398
0.000100135803222657 -0.0159330368041992 0.00571823120117188 0.0200881958007813
-0.00156784057617187 -0.0099029541015625 0.00616836547851563 0.03582763671875
0.000679016113281251 -0.00862598419189453 0.00206756591796875 0.0459709167480469
0.000417709350585938 -0.0115556716918945 -0.00890350341796875 0.0536231994628906
0.00446510314941406 -0.0145549774169922 -0.0282783508300781 0.0485954284667969
0.014164924621582 -0.0122909545898438 -0.0361747741699219 0.0360565185546875
0.0210723876953125 -0.00720787048339844 -0.0307540893554688 0.0169868469238281
0.0243244171142578 0.0077056884765625 -0.0158138275146484 0.00551700592041016
0.0237522125244141 0.0170841217041016 0.0205650329589844 0.0228328704833984
0.0158004760742188 0.0217418670654297 0.0344429016113281 0.0626907348632813
0.00150966644287109 0.0048527717590332 -0.0355911254882813 -0.0568389892578125
-0.00199532508850098 -0.00301623344421387 -0.0134220123291016 -0.0226917266845703
-0.00618648529052734 0.00241470336914063 0.0179939270019531 -0.00162887573242188
-0.00012350082397461 0.00647258758544922 0.0416717529296875 -0.0154342651367187
0.00431919097900391 0.00302696228027344 0.0427474975585938 -0.0332832336425781
0.00463104248046875 -0.00138998031616211 0.0302505493164063 -0.0539207458496094
0.00287103652954102 -0.00786781311035156 0.0096588134765625 -0.0572395324707031
0.00332784652709961 -0.00606298446655273 -0.00559234619140625 -0.0457115173339844
0.00351619720458984 -0.00554466247558594 -0.0114212036132812 -0.0349063873291016
0.00594091415405273 -0.00426101684570312 -0.0129566192626953 -0.0260677337646484
0.00668096542358398 0.000785350799560547 -0.0224628448486328 -0.0144863128662109
0.000669002532958984 0.0062255859375 -0.0274620056152344 -0.0107975006103516
-0.0073704719543457 0.000528812408447267 -0.035736083984375 -0.01373291015625
-0.00310277938842773 -0.00593852996826172 -0.054718017578125 -0.00943374633789062
-0.00155401229858398 -0.00166535377502441 -0.0560951232910156 -0.00653839111328124
0.0216655731201172 0.0224552154541016 -0.0275955200195313 -0.0525093078613281
0.017974853515625 0.0114212036132812 -0.00511550903320313 -0.0171241760253906
0.0129938125610352 0.0109643936157227 0.0231342315673828 -0.000240325927734374
0.0189418792724609 0.00805091857910156 0.0448036193847656 -0.0143165588378906
0.0203990936279297 -0.00135993957519531 0.0431671142578125 -0.0314483642578125
0.0166034698486328 -0.0144128799438477 0.0295028686523438 -0.0517196655273437
0.00897026062011719 -0.0242767333984375 0.00803375244140624 -0.0517959594726562
0.00831031799316406 -0.0224075317382813 -0.00684356689453125 -0.0379219055175781
0.00764846801757813 -0.0240325927734375 -0.0142154693603516 -0.0266399383544922
0.0136833190917969 -0.0227527618408203 -0.0179920196533203 -0.0200214385986328
0.0200843811035156 -0.0136203765869141 -0.0266551971435547 -0.0106430053710938
0.0183372497558594 -0.00401687622070313 -0.0290431976318359 -0.00927352905273438
0.0128421783447266 0.00235557556152344 -0.0364761352539062 -0.0103530883789063
0.018310546875 0.00304222106933594 -0.0501289367675781 -0.00486755371093749
0.0209827423095703 0.0100498199462891 -0.0501289367675781 -0.000732421875000005
0.0382156372070313 0.0365447998046875 -0.0150909423828125 -0.042694091796875
0.0366554260253906 0.0255126953125 0.0067596435546875 -0.0068674087524414
0.0319881439208984 0.0181407928466797 0.0291481018066406 0.003387451171875
0.0381355285644531 0.0079345703125 0.0469284057617188 -0.0111427307128906
0.0354270935058594 -0.00748062133789063 0.0411109924316406 -0.0281639099121094
0.0267715454101562 -0.0269412994384766 0.0251884460449219 -0.0455894470214844
0.0131187438964844 -0.036865234375 0.00612640380859375 -0.0396842956542969
0.0114326477050781 -0.0345039367675781 -0.00726127624511719 -0.0248680114746094
0.00984954833984375 -0.0385665893554688 -0.014103889465332 -0.0132007598876953
0.0176124572753906 -0.0380821228027344 -0.0208587646484375 -0.0100288391113281
0.0288600921630859 -0.0271129608154297 -0.0293197631835937 -0.00159263610839844
0.0330715179443359 -0.0144481658935547 -0.0299358367919922 -0.00500297546386718
0.0322246551513672 0.0009918212890625 -0.0357246398925781 -0.00662231445312499
0.0380439758300781 0.00889205932617188 -0.0401496887207031 -0.000728607177734377
0.0389480590820313 0.0190849304199219 -0.0382003784179688 0.00725555419921876
0.0496597290039063 0.0446701049804688 0.001434326171875 -0.0294361114501953
0.0514183044433594 0.0347824096679688 0.0200481414794922 0.00388336181640625
0.0483055114746094 0.0222320556640625 0.0348300933837891 0.00808525085449219
0.0525321960449219 0.00512313842773438 0.0466079711914063 -0.00744247436523438
0.045440673828125 -0.0141448974609375 0.0357017517089844 -0.0217781066894531
0.0315017700195313 -0.035614013671875 0.0184173583984375 -0.0353584289550781
0.0150718688964844 -0.0440864562988281 0.00292205810546875 -0.0247116088867188
0.0131759643554688 -0.0419654846191406 -0.00722026824951172 -0.0075831413269043
0.0100288391113281 -0.0467414855957031 -0.0125417709350586 0.00312042236328125
0.0186996459960938 -0.0485992431640625 -0.0228195190429688 0.00452041625976562
0.0334091186523438 -0.0360832214355469 -0.0309391021728516 0.00886535644531249
0.042022705078125 -0.0231971740722656 -0.030975341796875 0.000158309936523441
0.0453720092773438 -0.000438690185546875 -0.0323123931884766 -0.00471115112304688
0.0526504516601562 0.0142555236816406 -0.0264644622802734 0.0023193359375
0.05133056640625 0.0271453857421875 -0.0210533142089844 0.0172481536865234
0.0528182983398437 0.0465736389160156 0.0196475982666016 -0.0150737762451172
0.0599632263183594 0.0374336242675781 0.0348148345947266 0.0125961303710938
0.0570945739746094 0.0206756591796875 0.0382881164550781 0.0110549926757813
0.0585517883300781 -0.000492095947265625 0.0428276062011719 -0.00161361694335938
0.0473976135253906 -0.0197792053222656 0.0282630920410156 -0.0129623413085938
0.0303573608398438 -0.0413894653320313 0.0111331939697266 -0.01947021484375
0.0134773254394531 -0.0458183288574219 0.00139522552490234 -0.00558519363403321
0.0130653381347656 -0.0427742004394531 -0.00607776641845703 0.0108585357666016
0.010833740234375 -0.0477256774902344 -0.0108146667480469 0.0207653045654297
0.0188140869140625 -0.0487556457519531 -0.0227184295654297 0.0198726654052734
0.0355873107910156 -0.0372238159179688 -0.0306835174560547 0.0194664001464844
0.0458106994628906 -0.0252799987792969 -0.0305194854736328 0.00511932373046875
0.0519981384277344 0.000865936279296875 -0.0279502868652344 -0.00241661071777343
0.0581092834472656 0.0189628601074219 -0.0103158950805664 0.00600051879882812
0.0548477172851563 0.0314598083496094 -0.00235366821289062 0.0289268493652344
0.0486602783203125 0.0397453308105469 0.0365638732910156 -0.00440216064453125
0.0579185485839844 0.0321159362792969 0.0468559265136719 0.0181427001953125
0.055328369140625 0.0145378112792969 0.0392684936523438 0.0121498107910156
0.0543937683105469 -0.00654983520507813 0.0364875793457031 0.00334930419921875
0.0401077270507813 -0.0234832763671875 0.0209522247314453 -0.00232696533203125
0.0225830078125 -0.0397186279296875 0.0059804916381836 -0.00404596328735352
0.00860977172851563 -0.0399208068847656 0.00111198425292969 0.0126419067382812
0.00986480712890625 -0.0366630554199219 -0.00302696228027344 0.0265579223632813
0.0083465576171875 -0.0412025451660156 -0.00881576538085937 0.0363578796386719
0.0173225402832031 -0.042205810546875 -0.0225276947021484 0.0336017608642578
0.0336818695068359 -0.0312862396240234 -0.0322513580322266 0.0287742614746094
0.0438957214355469 -0.0208396911621094 -0.029541015625 0.01007080078125
0.0508155822753906 0.005615234375 -0.0219631195068359 -0.000795364379882817
0.0543441772460938 0.0237236022949219 0.00513076782226563 0.0101156234741211
0.0485801696777344 0.0339126586914063 0.0149612426757813 0.0420722961425781
0.0347766876220703 0.0276355743408203 0.0493965148925781 0.0023956298828125
0.047210693359375 0.0224189758300781 0.0546684265136719 0.0165138244628906
0.0433921813964844 0.00689697265625 0.0386238098144531 0.0103302001953125
0.0399513244628906 -0.00965499877929688 0.0303955078125 0.00777626037597656
0.0267086029052734 -0.021728515625 0.0164127349853516 0.00641822814941406
0.0114192962646484 -0.0306453704833984 0.00440502166748047 0.0116100311279297
0.00327491760253906 -0.0270862579345703 0.0026397705078125 0.0276107788085938
0.00570106506347656 -0.0245532989501953 -0.000583648681640625 0.0394859313964844
0.00554847717285156 -0.0280857086181641 -0.00923538208007812 0.0472679138183594
0.0121231079101563 -0.0295505523681641 -0.0265007019042969 0.0437583923339844
0.02618408203125 -0.0225696563720703 -0.0340595245361328 0.0336246490478516
0.0350208282470703 -0.0144252777099609 -0.0301837921142578 0.0146522521972656
0.0402641296386719 0.00909042358398438 -0.0168609619140625 0.00172615051269531
0.0423774719238281 0.0242233276367188 0.0162124633789063 0.0163745880126953
0.03466796875 0.0309123992919922 0.0274543762207031 0.0543975830078125
0.0153379440307617 0.0126876831054688 0.05755615234375 0.0034637451171875
0.0283412933349609 0.0111656188964844 0.0578651428222656 0.0134773254394531
0.0257797241210937 -0.000555038452148437 0.0361518859863281 0.008575439453125
0.0195045471191406 -0.00980186462402344 0.0258159637451172 0.0103912353515625
0.00916957855224609 -0.0145654678344727 0.0153656005859375 0.0126533508300781
-0.000432968139648437 -0.0162649154663086 0.00607872009277344 0.021575927734375
-0.00214099884033203 -0.00946140289306641 0.0068817138671875 0.0369720458984375
0.000230789184570312 -0.00887775421142578 0.00236892700195313 0.0463142395019531
0.000452995300292968 -0.01171875 -0.0105094909667969 0.0535011291503906
0.00409221649169922 -0.0142488479614258 -0.0296401977539063 0.04833984375
0.014404296875 -0.0121822357177734 -0.0371856689453125 0.0357322692871094
0.0209083557128906 -0.00740432739257813 -0.0327987670898438 0.0157966613769531
0.0242938995361328 0.00784873962402344 -0.0160093307495117 0.00385665893554687
0.0240669250488281 0.0171775817871094 0.0206127166748047 0.0227718353271484
0.0156841278076172 0.0215225219726563 0.0327033996582031 0.0640144348144531
0.00251340866088867 0.00596332550048828 -0.0357437133789063 -0.05902099609375
-0.00225663185119629 -0.00278139114379883 -0.0140228271484375 -0.0224208831787109
-0.00590038299560547 0.0030217170715332 0.0188827514648438 -0.00136566162109375
0.000126838684082031 0.00694751739501953 0.043701171875 -0.0154190063476563
0.00478172302246094 0.00337553024291992 0.0445518493652344 -0.0351181030273438
0.00485944747924805 -0.00166749954223633 0.0321159362792969 -0.055877685546875
0.00349330902099609 -0.00881195068359375 0.00996780395507812 -0.0595817565917969
0.00391292572021484 -0.00663566589355469 -0.00603485107421875 -0.0468063354492188
0.00438451766967773 -0.00577735900878906 -0.0130271911621094 -0.0357856750488281
0.00716924667358398 -0.00470209121704101 -0.0147132873535156 -0.0270977020263672
0.00745868682861328 0.00019073486328125 -0.0244617462158203 -0.0151615142822266
0.0011143684387207 0.00661277770996094 -0.0282878875732422 -0.0117225646972656
-0.00743913650512695 0.00102806091308594 -0.0384407043457031 -0.0153274536132813
-0.00368165969848633 -0.00613260269165039 -0.0572357177734375 -0.00955581665039062
-0.00135469436645508 -0.00052487850189209 -0.059234619140625 -0.00659561157226561
0.0230369567871094 0.0232105255126953 -0.02764892578125 -0.0550651550292969
0.0193977355957031 0.0120735168457031 -0.00486946105957031 -0.0170345306396484
0.013824462890625 0.0119457244873047 0.024444580078125 0.000602722167968751
0.0205955505371094 0.00832366943359375 0.0466995239257813 -0.0141410827636719
0.0213470458984375 -0.00256919860839844 0.0453033447265625 -0.0323905944824219
0.0171899795532227 -0.0151300430297852 0.0306205749511719 -0.0535354614257813
0.00967788696289062 -0.0255489349365234 0.00890731811523438 -0.0535392761230469
0.00879859924316406 -0.0236129760742188 -0.00751495361328125 -0.0386466979980469
0.00812149047851563 -0.0249729156494141 -0.0154094696044922 -0.0273704528808594
0.0148296356201172 -0.0243568420410156 -0.0194168090820313 -0.0215530395507813
0.0209789276123047 -0.0142555236816406 -0.0278873443603516 -0.0108509063720703
0.0197238922119141 -0.00353431701660156 -0.0298957824707031 -0.00970458984374999
0.0136566162109375 0.00284194946289063 -0.0382728576660156 -0.011322021484375
0.0182704925537109 0.00349044799804688 -0.0526123046875 -0.00458526611328125
0.0217914581298828 0.0105857849121094 -0.0536994934082031 -0.000591278076171864
0.0401573181152344 0.0377960205078125 -0.0144500732421875 -0.0439834594726562
0.0384712219238281 0.0262870788574219 0.00737953186035157 -0.00681161880493164
0.0335826873779297 0.0200042724609375 0.0313854217529297 0.00421333312988281
0.0394935607910156 0.00794601440429688 0.0491790771484375 -0.0111427307128906
0.0370521545410156 -0.00755691528320313 0.0424652099609375 -0.0286216735839844
0.0281219482421875 -0.0274562835693359 0.0259208679199219 -0.0465850830078125
0.0135993957519531 -0.0386428833007812 0.0059051513671875 -0.0415763854980469
0.0121192932128906 -0.0371055603027344 -0.00757980346679688 -0.0248298645019531
0.00998306274414063 -0.0409278869628906 -0.0155344009399414 -0.0132284164428711
0.0182723999023438 -0.0400581359863281 -0.0228252410888672 -0.0100650787353516
0.0300312042236328 -0.0280647277832031 -0.0316200256347656 -0.00206565856933594
0.0339584350585938 -0.0153236389160156 -0.0316925048828125 -0.00543975830078125
0.0332088470458984 0.00149345397949219 -0.0381698608398438 -0.00709915161132812
0.0394325256347656 0.0098724365234375 -0.0421714782714844 3.05175781250073E-05
0.0409278869628906 0.0200462341308594 -0.0412826538085938 0.00790023803710937
0.0515556335449219 0.0464706420898437 0.00255393981933594 -0.0300235748291016
0.0539894104003906 0.0359954833984375 0.0215892791748047 0.00530242919921875
0.0504722595214844 0.0235862731933594 0.0360298156738281 0.00978851318359375
0.0551872253417969 0.00553512573242188 0.0491104125976563 -0.00558090209960938
0.0471992492675781 -0.0144615173339844 0.036895751953125 -0.0219078063964844
0.0325927734375 -0.0373687744140625 0.0190067291259766 -0.0348834991455078
0.0162429809570312 -0.0465774536132813 0.003387451171875 -0.0244503021240234
0.0133743286132813 -0.0443458557128906 -0.00706005096435547 -0.00752496719360352
0.0106353759765625 -0.0489082336425781 -0.0133447647094727 0.00394439697265625
0.0194435119628906 -0.0491943359375 -0.0240001678466797 0.00578117370605469
0.0355949401855469 -0.0373306274414063 -0.0326404571533203 0.00949287414550781
0.0435638427734375 -0.0239791870117188 -0.0331439971923828 0.000177383422851568
0.047821044921875 -0.000232696533203125 -0.0345554351806641 -0.00437355041503906
0.054443359375 0.014892578125 -0.0281639099121094 0.00307846069335938
0.0534439086914062 0.0268669128417969 -0.0231723785400391 0.0185661315917969
0.0547142028808594 0.0474433898925781 0.0211887359619141 -0.0156459808349609
0.06201171875 0.0381584167480469 0.0359992980957031 0.0150299072265625
0.0592155456542969 0.0218086242675781 0.0401573181152344 0.0132217407226563
0.0610733032226563 -0.000591278076171875 0.0454444885253906 -0.000675201416015625
0.0488204956054688 -0.0204048156738281 0.0300579071044922 -0.0121364593505859
0.0313682556152344 -0.0427970886230469 0.0114345550537109 -0.0194358825683594
0.0137863159179688 -0.0472183227539063 0.0011897087097168 -0.00473833084106446
0.0130882263183594 -0.04461669921875 -0.00520801544189453 0.0114021301269531
0.00999069213867188 -0.0499649047851563 -0.011810302734375 0.0224647521972656
0.0188560485839844 -0.0505027770996094 -0.0245914459228516 0.0219192504882812
0.0367813110351563 -0.038787841796875 -0.0331344604492187 0.0205287933349609
0.0471878051757812 -0.0270538330078125 -0.0321273803710938 0.00582313537597657
0.0545539855957031 0.001068115234375 -0.0292530059814453 -0.00284194946289062
0.0609931945800781 0.0197868347167969 -0.0114316940307617 0.00644683837890625
0.0572700500488281 0.032470703125 -0.00314903259277343 0.0308437347412109
0.0502853393554687 0.0404548645019531 0.0386009216308594 -0.003692626953125
0.0601539611816406 0.0322608947753906 0.0490226745605469 0.0196723937988281
0.0572128295898438 0.015594482421875 0.0412101745605469 0.0141792297363281
0.0560302734375 -0.00645828247070312 0.0388641357421875 0.00477981567382813
0.0419998168945312 -0.0248336791992187 0.0224628448486328 -0.00130271911621094
0.0236740112304687 -0.0407485961914063 0.00641679763793945 -0.00225639343261719
0.00914764404296875 -0.0408897399902344 0.00102424621582031 0.0134315490722656
0.0101089477539062 -0.0377235412597656 -0.00305747985839844 0.0282821655273437
0.00844192504882812 -0.0428237915039063 -0.00967788696289063 0.0375518798828125
0.016937255859375 -0.043609619140625 -0.0252304077148437 0.0360145568847656
0.034576416015625 -0.0335922241210938 -0.0341377258300781 0.0296669006347656
0.0452308654785156 -0.0228958129882813 -0.0315799713134766 0.0105514526367187
0.0527992248535156 0.00484848022460938 -0.0230312347412109 -0.000993728637695316
0.0575752258300781 0.0237884521484375 0.00484371185302735 0.0110654830932617
0.0507659912109375 0.0347518920898438 0.0141067504882813 0.0442962646484375
0.0359420776367188 0.0282516479492187 0.0529365539550781 0.00242996215820313
0.0489006042480469 0.0227584838867187 0.0576362609863281 0.0195045471191406
0.0458221435546875 0.00711441040039063 0.0402641296386719 0.0122222900390625
0.0412673950195313 -0.0103912353515625 0.0323410034179688 0.00943183898925781
0.0270824432373047 -0.0228366851806641 0.0171594619750977 0.008270263671875
0.0113372802734375 -0.0314464569091797 0.00480079650878906 0.012995719909668
0.003631591796875 -0.0272731781005859 0.00409889221191406 0.0285854339599609
0.00490570068359375 -0.0248908996582031 -5.3405761718752E-05 0.0409126281738281
0.00515556335449219 -0.0293521881103516 -0.00937271118164063 0.0491790771484375
0.0124931335449219 -0.0304012298583984 -0.0275688171386719 0.0458602905273438
0.0269241333007813 -0.0236091613769531 -0.0362052917480469 0.0357551574707031
0.0365486145019531 -0.0149993896484375 -0.0326519012451172 0.0140018463134766
0.0416679382324219 0.00904464721679688 -0.0179004669189453 0.00204658508300782
0.0442428588867188 0.0247383117675781 0.0161209106445313 0.0167274475097656
0.0360755920410156 0.0314369201660156 0.0266304016113281 0.0574569702148438
0.0164279937744141 0.0137977600097656 0.0608863830566406 0.00344085693359375
0.0294342041015625 0.0110511779785156 0.0601959228515625 0.0135383605957031
0.0265636444091797 -0.00069427490234375 0.0380058288574219 0.00970077514648438
0.0200366973876953 -0.0104770660400391 0.0273857116699219 0.0125846862792969
0.00973224639892578 -0.0154285430908203 0.0163660049438477 0.0144519805908203
-0.00161361694335938 -0.0158824920654297 0.00644874572753906 0.0227813720703125
-0.00200366973876953 -0.00962448120117188 0.00754165649414063 0.0379524230957031
-0.000260829925537109 -0.0084986686706543 0.00294113159179688 0.0475578308105469
-0.000123023986816406 -0.0115680694580078 -0.0100631713867188 0.0553169250488281
0.00328350067138672 -0.0143260955810547 -0.0312957763671875 0.0507278442382813
0.0138206481933594 -0.0129985809326172 -0.0394439697265625 0.0376739501953125
0.0216426849365234 -0.0081634521484375 -0.0342159271240234 0.0166473388671875
0.0257053375244141 0.00805473327636719 -0.0174503326416016 0.00408649444580078
0.0251235961914063 0.0174274444580078 0.0204048156738281 0.0233097076416016
0.0162792205810547 0.02081298828125 0.032989501953125 0.06732177734375
0.00244474411010742 0.00632905960083008 -0.038299560546875 -0.062408447265625
-0.00165736675262451 -0.0016167163848877 -0.0147743225097656 -0.0220317840576172
-0.00481319427490234 0.0039668083190918 0.0206241607666016 -0.00178337097167969
0.000983715057373046 0.00649213790893555 0.0452461242675781 -0.0172996520996094
0.00595188140869141 0.00363397598266602 0.046173095703125 -0.0377159118652344
0.00549173355102539 -0.00285243988037109 0.0314826965332031 -0.0605545043945313
0.00432014465332031 -0.0104436874389648 0.00784301757812499 -0.0622978210449219
0.00506162643432617 -0.0083160400390625 -0.00850677490234375 -0.0489006042480469
0.00457143783569336 -0.00730085372924805 -0.015411376953125 -0.0364952087402344
0.00804662704467773 -0.0049595832824707 -0.0171966552734375 -0.0285720825195313
0.00846433639526367 0.00101566314697266 -0.0261898040771484 -0.0160560607910156
0.0022430419921875 0.00669240951538086 -0.0310726165771484 -0.0128364562988281
-0.00771856307983399 0.0018467903137207 -0.0421180725097656 -0.01513671875
-0.00348138809204102 -0.00505781173706055 -0.0616493225097656 -0.00871276855468751
-0.00215458869934082 0.000708460807800293 -0.0629501342773438 -0.00443267822265625
0.0252227783203125 0.0246486663818359 -0.0304374694824219 -0.0566825866699219
0.0199031829833984 0.0129718780517578 -0.00492954254150391 -0.0170745849609375
0.0152864456176758 0.0119686126708984 0.0253925323486328 0.000314712524414063
0.0219936370849609 0.00763511657714844 0.0496482849121094 -0.0154800415039063
0.0231914520263672 -0.00357818603515625 0.0465469360351563 -0.0349349975585938
0.0183467864990234 -0.0175724029541016 0.0296821594238281 -0.0569953918457031
0.00848007202148438 -0.0281162261962891 0.00708770751953125 -0.0555839538574219
0.0081787109375 -0.0266017913818359 -0.00892257690429688 -0.0395088195800781
0.00776481628417969 -0.0281429290771484 -0.0166721343994141 -0.0264110565185547
0.0146007537841797 -0.0263004302978516 -0.0225410461425781 -0.021759033203125
0.021514892578125 -0.0153427124023437 -0.0302085876464844 -0.0114250183105469
0.0209255218505859 -0.00409507751464844 -0.0331211090087891 -0.0102367401123047
0.0145235061645508 0.00370216369628906 -0.0409355163574219 -0.0114479064941406
0.0194606781005859 0.00384902954101563 -0.0555191040039062 -0.00383377075195313
0.022064208984375 0.0119838714599609 -0.0568275451660156 0.00217819213867188
0.0440025329589844 0.039337158203125 -0.0149993896484375 -0.0461997985839844
0.0420188903808594 0.0256118774414063 0.00861072540283203 -0.00666999816894531
0.0359230041503906 0.020355224609375 0.0322589874267578 0.00543403625488281
0.0423736572265625 0.00734329223632813 0.0518150329589844 -0.0122871398925781
0.0387763977050781 -0.00962066650390625 0.0446548461914063 -0.0296821594238281
0.0290489196777344 -0.0307235717773438 0.0257301330566406 -0.0495071411132812
0.0134468078613281 -0.0422630310058594 0.005340576171875 -0.0425224304199219
0.0109176635742188 -0.0394821166992188 -0.00906562805175781 -0.0250110626220703
0.00925064086914063 -0.0427093505859375 -0.0174903869628906 -0.0124673843383789
0.0185050964355469 -0.0435943603515625 -0.0259342193603516 -0.00934410095214844
0.0309524536132813 -0.0316219329833984 -0.0337562561035156 -0.000560760498046872
0.0352401733398438 -0.0164070129394531 -0.0343513488769531 -0.0047454833984375
0.0350017547607422 0.0010223388671875 -0.0404129028320313 -0.00599288940429687
0.0418510437011719 0.00963592529296875 -0.0451240539550781 0.00197219848632813
0.0430717468261719 0.0198554992675781 -0.0441780090332031 0.0105209350585937
0.0553703308105469 0.0476264953613281 0.00271224975585938 -0.0328159332275391
0.0589828491210938 0.0363502502441406 0.0234012603759766 0.00547599792480469
0.0540504455566406 0.0241050720214844 0.0394935607910156 0.00963973999023438
0.0578346252441406 0.00389480590820313 0.0515823364257813 -0.00635147094726563
0.0486984252929688 -0.0168533325195313 0.0377845764160156 -0.0225753784179688
0.0340194702148438 -0.0403480529785156 0.0174789428710938 -0.0364341735839844
0.0147209167480469 -0.0501899719238281 0.00271415710449219 -0.0254535675048828
0.0130271911621094 -0.0469207763671875 -0.00652599334716797 -0.0076284408569336
0.00950241088867187 -0.052642822265625 -0.0152692794799805 0.00510215759277343
0.0184402465820312 -0.0529327392578125 -0.0256004333496094 0.00724601745605469
0.0351715087890625 -0.041107177734375 -0.0360336303710938 0.0108261108398437
0.0442657470703125 -0.027679443359375 -0.0359420776367188 0.00124359130859375
0.0505599975585938 -0.00159454345703125 -0.0370140075683594 -0.00374603271484375
0.0581016540527344 0.0142402648925781 -0.0301856994628906 0.00483131408691407
0.0575790405273437 0.0272445678710937 -0.0256404876708984 0.0213279724121094
0.0590019226074219 0.0478439331054687 0.0216865539550781 -0.0172195434570312
0.0655136108398438 0.0369987487792969 0.0383186340332031 0.0158042907714844
0.0631675720214844 0.0224494934082031 0.0422744750976563 0.0149154663085937
0.0645103454589844 -0.002471923828125 0.0479965209960938 -0.0009307861328125
0.051239013671875 -0.0243110656738281 0.0323123931884766 -0.0122947692871094
0.0308609008789062 -0.0454177856445313 0.0121688842773438 -0.0200233459472656
0.0135650634765625 -0.0504913330078125 0.0018010139465332 -0.00439643859863282
0.0110206604003906 -0.0463676452636719 -0.00479030609130859 0.0133953094482422
0.00852584838867188 -0.0524330139160156 -0.0126724243164063 0.0245628356933594
0.0173721313476562 -0.0539665222167969 -0.0261917114257813 0.0247726440429687
0.037322998046875 -0.0431938171386719 -0.0355072021484375 0.022308349609375
0.048004150390625 -0.0303001403808594 -0.0340728759765625 0.00819015502929688
0.0567550659179688 -0.0005645751953125 -0.0317955017089844 -0.00103950500488281
0.0655517578125 0.0201568603515625 -0.0131254196166992 0.00813007354736328
0.0613937377929688 0.0331344604492188 -0.00409507751464844 0.0336761474609375
0.0541305541992188 0.0402793884277344 0.04058837890625 -0.00545501708984375
0.0643882751464844 0.0318679809570313 0.0518608093261719 0.0186347961425781
0.0612716674804688 0.0145606994628906 0.0437431335449219 0.0143775939941406
0.0597305297851563 -0.00861740112304688 0.0413970947265625 0.00526809692382812
0.0425682067871094 -0.0267753601074219 0.0227222442626953 -0.000480651855468752
0.0231475830078125 -0.0440292358398438 0.00628328323364258 -0.00114583969116211
0.00855636596679687 -0.0421485900878906 0.001556396484375 0.0154218673706055
0.00799179077148437 -0.0392646789550781 -0.0020294189453125 0.0305519104003906
0.00637435913085938 -0.0441055297851563 -0.00920867919921875 0.0408515930175781
0.0153427124023437 -0.0465888977050781 -0.0253257751464844 0.0394744873046875
0.0350379943847656 -0.0370521545410156 -0.0354080200195313 0.0330467224121094
0.0462570190429688 -0.0248146057128906 -0.0347270965576172 0.0128879547119141
0.0545616149902344 0.00369644165039062 -0.0242710113525391 -0.000150680541992189
0.0621833801269531 0.0223197937011719 0.00470638275146485 0.011260986328125
0.0557479858398437 0.0346145629882813 0.0144844055175781 0.0462989807128906
0.0398406982421875 0.027069091796875 0.0560264587402344 0.000926971435546877
0.0515251159667969 0.0208549499511719 0.0615692138671875 0.0187530517578125
0.04815673828125 0.0054931640625 0.0427894592285156 0.0126876831054688
0.0439262390136719 -0.0121002197265625 0.0336875915527344 0.0100307464599609
0.0269699096679688 -0.0254268646240234 0.0191574096679688 0.00922012329101562
0.00980377197265625 -0.0340061187744141 0.00586509704589844 0.0137395858764648
0.00217819213867187 -0.0281200408935547 0.00510597229003906 0.0307121276855469
0.00539207458496094 -0.0262069702148437 0.000568389892578125 0.0431060791015625
0.0040740966796875 -0.0293254852294922 -0.00798416137695313 0.0519371032714844
0.0102005004882813 -0.0315074920654297 -0.0280799865722656 0.0497932434082031
0.0266456604003906 -0.0248184204101563 -0.0375785827636719 0.0386238098144531
0.0376396179199219 -0.01715087890625 -0.0341682434082031 0.0162258148193359
0.0444793701171875 0.0077056884765625 -0.0196857452392578 0.0020294189453125
0.0476036071777344 0.0233192443847656 0.0166807174682617 0.0172061920166016
0.0394287109375 0.0302238464355469 0.0286102294921875 0.0595207214355469
0.0172758102416992 0.0127840042114258 0.0636863708496094 0.00215530395507813
0.0317249298095703 0.0106105804443359 0.0637474060058594 0.0139503479003906
0.0277023315429688 -0.00104904174804688 0.0403480529785156 0.00952529907226562
0.0207061767578125 -0.0125408172607422 0.0301628112792969 0.0140647888183594
0.00920963287353516 -0.0167121887207031 0.0189781188964844 0.0157623291015625
-0.00258255004882813 -0.0158500671386719 0.00855445861816406 0.024688720703125
-0.00270557403564453 -0.00907993316650391 0.00916671752929688 0.0383567810058594
-0.000505447387695312 -0.00933265686035156 0.0055694580078125 0.0491676330566406
6.1035156249999E-05 -0.0104198455810547 -0.00838470458984375 0.0579719543457031
0.00204563140869141 -0.0151147842407227 -0.0306129455566406 0.0558509826660156
0.0137491226196289 -0.0140581130981445 -0.0405921936035156 0.0414962768554688
0.0216617584228516 -0.008514404296875 -0.0357894897460938 0.018768310546875
0.0270404815673828 0.00737571716308594 -0.0181808471679688 0.00581741333007813
0.0279884338378906 0.0163345336914063 0.0213108062744141 0.0235309600830078
0.0176982879638672 0.0200271606445312 0.0361442565917969 0.0694656372070313
0.00390052795410156 0.00704050064086914 -0.0422592163085937 -0.0622673034667969
-0.00213563442230225 -0.00135648250579834 -0.0142040252685547 -0.0209999084472656
-0.00573205947875976 0.00190258026123047 0.0219535827636719 -0.00255393981933594
0.000989437103271485 0.00577497482299805 0.04608154296875 -0.0205955505371094
0.00645875930786133 0.00159263610839844 0.0458412170410156 -0.0421562194824219
0.00629281997680664 -0.00403594970703125 0.0290031433105469 -0.0640830993652344
0.0034637451171875 -0.0116815567016602 0.00365447998046875 -0.0658302307128906
0.00517082214355469 -0.0103597640991211 -0.0115737915039063 -0.0489158630371094
0.00580263137817383 -0.00780153274536133 -0.0207901000976562 -0.0358543395996094
0.00785112380981445 -0.00671291351318359 -0.0181541442871094 -0.0275077819824219
0.00961494445800781 -0.000274658203125 -0.0302333831787109 -0.0149593353271484
0.0032505989074707 0.00800943374633789 -0.0338134765625 -0.0111904144287109
-0.00726556777954102 0.00361061096191406 -0.0452308654785156 -0.0143585205078125
-0.00477981567382812 -0.00370311737060547 -0.0648384094238281 -0.00755691528320313
-0.000512838363647461 0.00242185592651367 -0.0667304992675781 -0.000419616699218743
0.0276336669921875 0.0236110687255859 -0.0333442687988281 -0.0569419860839844
0.0224151611328125 0.0127925872802734 -0.00659561157226562 -0.018035888671875
0.0145034790039063 0.0127296447753906 0.0274009704589844 -0.00176239013671875
0.0236606597900391 0.00530433654785156 0.0496635437011719 -0.0188674926757813
0.0239791870117188 -0.00582504272460938 0.0449752807617187 -0.0376663208007813
0.0168533325195313 -0.0191192626953125 0.0271377563476563 -0.059478759765625
0.00708580017089844 -0.030059814453125 0.00504684448242187 -0.0571975708007813
0.00781631469726563 -0.0280399322509766 -0.010955810546875 -0.0393905639648438
0.00555801391601562 -0.029815673828125 -0.0195674896240234 -0.0271930694580078
0.0135536193847656 -0.0286502838134766 -0.0245819091796875 -0.0193386077880859
0.0222072601318359 -0.0164909362792969 -0.0327606201171875 -0.0102577209472656
0.0229339599609375 -0.00555419921875 -0.0363655090332031 -0.00993728637695312
0.0150642395019531 0.00279331207275391 -0.0442733764648438 -0.00819778442382813
0.0188179016113281 0.00329971313476563 -0.0582542419433594 0.000179290771484367
0.0230369567871094 0.0113067626953125 -0.0592422485351563 0.00474929809570312
0.0467185974121094 0.0382308959960938 -0.0180015563964844 -0.0446739196777344
0.04498291015625 0.0264167785644531 0.00929927825927735 -0.00610256195068359
0.0389938354492188 0.0185203552246094 0.0346412658691406 0.00425338745117188
0.0434799194335938 0.0037994384765625 0.0517616271972656 -0.0156440734863281
0.0396041870117187 -0.0121803283691406 0.0422248840332031 -0.0327835083007813
0.0272331237792969 -0.0331325531005859 0.0226783752441406 -0.050872802734375
0.0113182067871094 -0.044189453125 0.00315093994140625 -0.0428390502929688
0.0082550048828125 -0.0420303344726563 -0.0110263824462891 -0.0245113372802734
0.00651168823242187 -0.0463829040527344 -0.0198993682861328 -0.0119400024414063
0.0164031982421875 -0.0449142456054688 -0.0290603637695313 -0.00651359558105469
0.0303153991699219 -0.0355186462402344 -0.0360870361328125 0.00205993652343749
0.035430908203125 -0.0190277099609375 -0.0361747741699219 -0.00399017333984374
0.036376953125 -0.001922607421875 -0.042694091796875 -0.00408935546874999
0.0433387756347656 0.00825119018554688 -0.0472183227539062 0.00645446777343751
0.0458183288574219 0.017730712890625 -0.0455207824707031 0.0150527954101562
0.0604438781738281 0.0467987060546875 0.00276756286621094 -0.0336551666259766
0.0598297119140625 0.0318031311035156 0.0244045257568359 0.00421333312988282
0.0571060180664062 0.0199394226074219 0.0399055480957031 0.0113868713378906
0.0597267150878906 -0.00191116333007813 0.0562477111816406 -0.0113372802734375
0.0482292175292969 -0.0227775573730469 0.0393524169921875 -0.0241737365722656
0.0307426452636719 -0.0437202453613281 0.0165061950683594 -0.0385513305664063
0.0134811401367188 -0.0514259338378906 0.00028038024902344 -0.02606201171875
0.01007080078125 -0.0515098571777344 -0.00560569763183593 -0.00624179840087891
0.00795364379882813 -0.0544700622558594 -0.0139055252075195 0.00700664520263672
0.0160140991210937 -0.056427001953125 -0.0274562835693359 0.00739669799804687
0.0338096618652344 -0.0445213317871094 -0.0376358032226563 0.01422119140625
0.0442123413085938 -0.03094482421875 -0.0387077331542969 0.00425720214843749
0.0524787902832031 -0.00481796264648438 -0.0388717651367188 -0.000247955322265632
0.0608367919921875 0.0111312866210937 -0.0302085876464844 0.0081634521484375
0.0587310791015625 0.0235633850097656 -0.0255489349365234 0.0234832763671875
0.0625152587890625 0.0451545715332031 0.0233497619628906 -0.0173473358154297
0.0692291259765625 0.03350830078125 0.0406990051269531 0.013824462890625
0.067047119140625 0.0186767578125 0.0455818176269531 0.0131797790527344
0.0663299560546875 -0.00597763061523438 0.050567626953125 -0.00276947021484375
0.0509834289550781 -0.0277366638183594 0.0325946807861328 -0.0112876892089844
0.0320892333984375 -0.0505142211914062 0.0105476379394531 -0.0186042785644531
0.00928115844726562 -0.0515060424804688 0.00174951553344727 -0.003828763961792
0.00941848754882812 -0.0489768981933594 -0.00307178497314453 0.0140085220336914
0.00408935546875001 -0.0539131164550781 -0.0107192993164063 0.0268650054931641
0.0146102905273437 -0.0551872253417969 -0.0286083221435547 0.0274410247802734
0.0349655151367187 -0.0471763610839844 -0.0360679626464844 0.0254707336425781
0.0481948852539063 -0.033966064453125 -0.0362052917480469 0.0100898742675781
0.0586280822753906 -0.00254440307617188 -0.03204345703125 0.000379562377929683
0.0661354064941406 0.0131340026855469 -0.0141811370849609 0.00979328155517578
0.0650672912597656 0.0293502807617188 -0.00373077392578124 0.0361480712890625
0.0591812133789063 0.0378532409667969 0.0414161682128906 -0.00835800170898437
0.0678062438964844 0.0277824401855469 0.0544242858886719 0.0182037353515625
0.0645294189453125 0.0100555419921875 0.0455970764160156 0.0145034790039063
0.062225341796875 -0.0130958557128906 0.0441474914550781 0.0029449462890625
0.0424118041992187 -0.0296592712402344 0.0244655609130859 -0.00183868408203125
0.0207557678222656 -0.0469932556152344 0.00480413436889649 0.00106382369995117
0.00603866577148438 -0.0457878112792969 0.00494384765625 0.0177402496337891
0.00619888305664062 -0.0441551208496094 -0.000545501708984375 0.0315093994140625
0.0063018798828125 -0.045257568359375 -0.0090484619140625 0.0431556701660156
0.0114059448242188 -0.0475807189941406 -0.0231971740722656 0.042999267578125
0.034027099609375 -0.0380477905273438 -0.0339241027832031 0.0358200073242188
0.0455093383789063 -0.0292205810546875 -0.0373344421386719 0.0154914855957031
0.0561103820800781 -0.0005340576171875 -0.0256900787353516 0.00309181213378907
0.0645713806152344 0.0199699401855469 0.00617122650146485 0.0115871429443359
0.05950927734375 0.0305519104003906 0.015838623046875 0.0497474670410156
0.0417594909667969 0.0241127014160156 0.0559463500976563 -0.00355911254882812
0.0548782348632813 0.0191612243652344 0.0664939880371094 0.0155868530273438
0.0507965087890625 0.00490951538085938 0.04608154296875 0.0108375549316406
0.0413780212402344 -0.0154495239257813 0.0359077453613281 0.0080108642578125
0.0258369445800781 -0.0262413024902344 0.0210151672363281 0.00872993469238281
0.00611495971679687 -0.0329265594482422 0.00807380676269531 0.0151309967041016
0.00105094909667969 -0.0281600952148438 0.00626182556152344 0.0308361053466797
0.000375747680664061 -0.0261192321777344 0.00505447387695312 0.0427970886230469
0.00210952758789063 -0.0303707122802734 -0.00656890869140625 0.0546379089355469
0.0102882385253906 -0.0326576232910156 -0.0272865295410156 0.050445556640625
0.0249061584472656 -0.0280094146728516 -0.0355873107910156 0.0415077209472656
0.0362701416015625 -0.0186042785644531 -0.0340843200683594 0.0198707580566406
0.0456733703613281 0.00401687622070313 -0.0193595886230469 0.00434303283691406
0.0513725280761719 0.020843505859375 0.0169658660888672 0.0181217193603516
0.0421676635742188 0.0283889770507813 0.0330657958984375 0.0599250793457031
0.019012451171875 0.0141830444335938 0.0670585632324219 -0.00274276733398437
0.0327968597412109 0.00608634948730469 0.0677452087402344 0.0103797912597656
0.0288295745849609 -0.0031585693359375 0.0430450439453125 0.0078277587890625
0.0189781188964844 -0.0137481689453125 0.0294609069824219 0.0124988555908203
0.00803184509277344 -0.0184192657470703 0.0215530395507813 0.0179710388183594
-0.00494194030761719 -0.0158405303955078 0.0123729705810547 0.0259227752685547
-0.00327157974243164 -0.006988525390625 0.0119895935058594 0.0379447937011719
-0.000586986541748048 -0.00860929489135742 0.00912857055664063 0.0491218566894531
-0.000335693359374999 -0.00946998596191406 -0.00624465942382812 0.0612754821777344
0.00189876556396485 -0.0161981582641602 -0.0280952453613281 0.0565452575683594
0.0118331909179688 -0.0185909271240234 -0.0364990234375 0.0450515747070312
0.0215206146240234 -0.0129852294921875 -0.0346012115478516 0.0208530426025391
0.0289535522460938 0.00722885131835938 -0.0187397003173828 0.00487327575683594
0.0266685485839844 0.0150527954101563 0.0214195251464844 0.0240745544433594
0.0186100006103516 0.0184898376464844 0.0404090881347656 0.0686416625976563
0.00362968444824219 0.00907802581787109 -0.0439491271972656 -0.0591163635253906
-0.00168681144714355 -0.000325679779052734 -0.016845703125 -0.0196361541748047
-0.00487661361694336 0.00383377075195313 0.0216140747070313 -0.00246238708496094
0.00295495986938477 0.00572967529296875 0.0453910827636719 -0.0228500366210938
0.00620174407958984 0.00132513046264648 0.043304443359375 -0.044036865234375
0.00631380081176758 -0.00468587875366211 0.0241355895996094 -0.065032958984375
0.00232887268066406 -0.0125236511230469 0.000263214111328132 -0.0654296875
0.00294876098632813 -0.0120372772216797 -0.0135726928710938 -0.0477561950683594
0.005126953125 -0.0105867385864258 -0.0219573974609375 -0.0339794158935547
0.0088357925415039 -0.00755023956298828 -0.0238437652587891 -0.0273284912109375
0.0101165771484375 -0.000308990478515625 -0.0315208435058594 -0.0137367248535156
0.00487089157104492 0.00839805603027344 -0.0343818664550781 -0.0115718841552734
-0.0072021484375 0.00420713424682617 -0.0462646484375 -0.0131874084472656
-0.00671863555908203 -0.00223255157470703 -0.0641059875488281 -0.00278854370117187
-0.00165367126464844 0.00212669372558594 -0.0664749145507813 0.00378799438476562
0.0283107757568359 0.0241317749023438 -0.035308837890625 -0.0542030334472656
0.0225009918212891 0.0116729736328125 -0.00600814819335937 -0.015263557434082
0.0179920196533203 0.0109004974365234 0.028045654296875 -0.00119590759277344
0.0233249664306641 0.00463294982910156 0.0494766235351563 -0.0203933715820313
0.0239391326904297 -0.00671005249023438 0.0438995361328125 -0.0406494140625
0.0173435211181641 -0.022369384765625 0.0241584777832031 -0.0600471496582031
0.00594329833984375 -0.0312976837158203 0.00102615356445313 -0.0564842224121094
0.00568199157714844 -0.0298233032226562 -0.0137367248535156 -0.0376548767089844
0.00570487976074218 -0.0307941436767578 -0.0228939056396484 -0.0237293243408203
0.0129470825195312 -0.0296764373779297 -0.0285110473632812 -0.0190029144287109
0.0223274230957031 -0.0186710357666016 -0.0356483459472656 -0.00750350952148437
0.0224552154541016 -0.00616645812988281 -0.0373268127441406 -0.00716400146484375
0.0155296325683594 0.00355911254882813 -0.0451469421386719 -0.00706100463867187
0.0203571319580078 0.00380325317382813 -0.0577125549316406 0.00392532348632812
0.0240154266357422 0.0107536315917969 -0.0597801208496094 0.0105209350585937
0.0494766235351563 0.0364723205566406 -0.0194511413574219 -0.0446014404296875
0.0461845397949219 0.0224494934082031 0.00884437561035157 -0.00598049163818359
0.0409202575683594 0.0169906616210938 0.0359954833984375 0.0046539306640625
0.0449180603027344 0.00102615356445313 0.0525932312011719 -0.0166740417480469
0.0390243530273438 -0.0160980224609375 0.0421409606933594 -0.0349655151367188
0.0260124206542969 -0.0348243713378906 0.0199356079101563 -0.0508308410644531
0.00830841064453125 -0.0457763671875 0.000122070312499998 -0.0426063537597656
0.00586318969726562 -0.0432090759277344 -0.0114727020263672 -0.0227146148681641
0.00444412231445312 -0.0462760925292969 -0.0201053619384766 -0.00876808166503906
0.0128173828125 -0.046875 -0.0290279388427734 -0.00421142578125001
0.0285606384277344 -0.0358505249023438 -0.0375785827636719 0.00368499755859374
0.0359725952148438 -0.02166748046875 -0.0383338928222656 -0.001068115234375
0.0355720520019531 -0.00196075439453125 -0.0430107116699219 -0.00218963623046876
0.0432815551757813 0.00601959228515625 -0.0462684631347656 0.00858306884765625
0.0469818115234375 0.0162200927734375 -0.045928955078125 0.0187530517578125
0.0624465942382812 0.0423736572265625 0.00168228149414063 -0.0316829681396484
0.06378173828125 0.0294036865234375 0.0259017944335938 0.00566291809082031
0.0593376159667969 0.0190620422363281 0.0429458618164063 0.0101776123046875
0.06072998046875 -0.00391769409179688 0.053924560546875 -0.0112037658691406
0.0479240417480469 -0.0244712829589844 0.0379867553710938 -0.0250434875488281
0.030120849609375 -0.0457611083984375 0.0146102905273438 -0.0367431640625
0.00984573364257813 -0.0530853271484375 0.000183105468749999 -0.0234470367431641
0.00584030151367188 -0.0510940551757813 -0.00821733474731445 -0.00434303283691407
0.00237274169921875 -0.0551223754882813 -0.0175657272338867 0.00949478149414062
0.0123519897460938 -0.056549072265625 -0.0282039642333984 0.0133914947509766
0.0311546325683594 -0.0454673767089844 -0.0375480651855469 0.0159759521484375
0.0426979064941406 -0.0325775146484375 -0.0379142761230469 0.005767822265625
0.0512924194335938 -0.00635528564453125 -0.0380630493164063 0.0014190673828125
0.0602378845214844 0.00763702392578125 -0.031524658203125 0.00980377197265626
0.0606918334960938 0.0205535888671875 -0.0245018005371094 0.0273361206054688
0.0647087097167969 0.0411453247070313 0.0222949981689453 -0.0190334320068359
0.0707778930664063 0.0287628173828125 0.0424346923828125 0.0134086608886719
0.06866455078125 0.0151519775390625 0.0467147827148438 0.0137519836425781
0.0661544799804688 -0.0103416442871094 0.0505599975585938 -0.00486373901367188
0.0493354797363281 -0.0309295654296875 0.0324230194091797 -0.0147132873535156
0.0267562866210938 -0.0494804382324219 0.00941276550292969 -0.0181369781494141
0.00655364990234376 -0.0522918701171875 0.00084066390991211 -0.00296759605407715
0.00570297241210938 -0.04901123046875 -0.0034170150756836 0.0153675079345703
0.00209426879882813 -0.0541534423828125 -0.0103034973144531 0.0282058715820313
0.0108222961425781 -0.0565872192382813 -0.0251846313476562 0.0299129486083984
0.0315170288085938 -0.0485038757324219 -0.0350494384765625 0.0285987854003906
0.0462989807128906 -0.036956787109375 -0.036468505859375 0.0119209289550781
0.0582504272460937 -0.00650787353515625 -0.0329322814941406 0.0029449462890625
0.0677871704101562 0.0110588073730469 -0.0127944946289062 0.0104036331176758
0.0655784606933594 0.0243797302246094 -0.00220870971679688 0.03765869140625
0.059234619140625 0.034210205078125 0.0429267883300781 -0.0101509094238281
0.0675773620605469 0.0230827331542969 0.0571136474609375 0.0162162780761719
0.0652656555175781 0.00899505615234375 0.0481300354003906 0.0142402648925781
0.0580024719238281 -0.0165023803710938 0.044342041015625 0.00270462036132812
0.0399971008300781 -0.0343742370605469 0.0258960723876953 -0.00156784057617188
0.0171470642089844 -0.0461349487304688 0.00695991516113281 0.000869274139404294
0.00146484375 -0.0430259704589844 0.00553989410400391 0.0171670913696289
0.00233078002929688 -0.0417976379394531 0.00192832946777344 0.0320072174072266
0.00106048583984375 -0.0452613830566406 -0.0045013427734375 0.0438385009765625
0.00918197631835937 -0.0474662780761719 -0.0231399536132813 0.0444488525390625
0.029022216796875 -0.0411796569824219 -0.0342369079589844 0.0398826599121094
0.0435676574707031 -0.0329818725585938 -0.0344295501708984 0.0169792175292969
0.0580978393554688 -0.002685546875 -0.0257053375244141 0.00392532348632813
0.064422607421875 0.0145683288574219 0.00461101531982422 0.0127115249633789
0.0589256286621094 0.0259628295898437 0.0188179016113281 0.0480308532714844
0.0430717468261719 0.0226631164550781 0.0587615966796875 -0.00738143920898437
0.0535011291503906 0.0140724182128906 0.0655059814453125 0.0132713317871094
0.0502395629882813 0.00072479248046875 0.0467567443847656 0.0108680725097656
0.0415763854980469 -0.0187492370605469 0.0378761291503906 0.00780868530273437
0.0234317779541016 -0.0289173126220703 0.0230636596679688 0.0087432861328125
0.00471687316894531 -0.0334911346435547 0.00908565521240235 0.0166168212890625
-0.00196075439453125 -0.0286941528320313 0.00949668884277344 0.0308036804199219
0.000484466552734377 -0.0267429351806641 0.0067291259765625 0.0433807373046875
-0.00066184997558594 -0.0294170379638672 -0.00279235839843751 0.0547904968261719
0.0064544677734375 -0.0320549011230469 -0.023162841796875 0.0543022155761719
0.0221366882324219 -0.0289745330810547 -0.0348434448242188 0.0453987121582031
0.0338382720947266 -0.0225753784179688 -0.0336246490478516 0.0206222534179688
0.046173095703125 0.0014495849609375 -0.0210895538330078 0.00509834289550781
0.0491676330566406 0.01702880859375 0.0184612274169922 0.0158481597900391
0.0432472229003906 0.0234336853027344 0.033935546875 0.0595359802246094
0.0203456878662109 0.00924110412597656 0.066864013671875 -0.00597763061523437
0.0323162078857422 0.00461578369140625 0.0684051513671875 0.00769805908203125
0.0286006927490234 -0.0068817138671875 0.0429267883300781 0.00828170776367187
0.0180587768554688 -0.0161781311035156 0.0345363616943359 0.0119800567626953
0.00462627410888672 -0.0175504684448242 0.0229034423828125 0.0145320892333984
-0.00662040710449219 -0.0142936706542969 0.0132026672363281 0.0248928070068359
-0.00413227081298828 -0.00803422927856445 0.0155525207519531 0.0380592346191406
-0.00184535980224609 -0.00774002075195313 0.0105209350585938 0.0493049621582031
-0.00217247009277344 -0.00953292846679688 -0.00304031372070312 0.0607566833496094
-0.000754356384277343 -0.0130271911621094 -0.0252037048339844 0.0602188110351563
0.0100431442260742 -0.0153350830078125 -0.0369606018066406 0.0471839904785156
0.0193500518798828 -0.0124969482421875 -0.0341529846191406 0.0228672027587891
0.0275917053222656 0.00330543518066406 -0.0190696716308594 0.00739669799804687
0.0283775329589844 0.0114898681640625 0.0227317810058594 0.0212078094482422
0.0199165344238281 0.0158462524414062 0.0428581237792969 0.0686836242675781
0.00531101226806641 0.0107412338256836 -0.04400634765625 -0.0570106506347656
-0.00124168395996094 0.000109195709228516 -0.0158538818359375 -0.0182514190673828
-0.00321745872497559 0.00419497489929199 0.0224018096923828 -0.00320816040039063
0.0034947395324707 0.0063929557800293 0.0439529418945313 -0.0232391357421875
0.00740814208984375 0.000620365142822266 0.040863037109375 -0.0450057983398438
0.00630855560302734 -0.00627946853637695 0.0216064453125 -0.0652694702148438
0.00173664093017578 -0.0135669708251953 -0.00195693969726562 -0.0636367797851563
0.00276279449462891 -0.0130825042724609 -0.0149574279785156 -0.0460586547851563
0.00470352172851562 -0.0123214721679688 -0.0227088928222656 -0.0321769714355469
0.00928306579589844 -0.00877761840820313 -0.0251979827880859 -0.0248165130615234
0.0102987289428711 -0.00170421600341797 -0.0318431854248047 -0.0132579803466797
0.00583982467651367 0.00779104232788086 -0.0350914001464844 -0.00990486145019532
-0.00684976577758789 0.00537967681884766 -0.0462226867675781 -0.0124664306640625
-0.00627660751342774 -0.00121021270751953 -0.0633468627929688 -0.000801086425781263
-0.00141596794128418 0.00366306304931641 -0.0654449462890625 0.00618743896484374
0.0299873352050781 0.0237102508544922 -0.0346450805664063 -0.0526924133300781
0.0237388610839844 0.0105571746826172 -0.00557994842529297 -0.0135059356689453
0.0195808410644531 0.0103187561035156 0.0283432006835938 -0.000751495361328124
0.0242443084716797 0.00272941589355469 0.0483474731445313 -0.0211257934570313
0.023712158203125 -0.00839996337890625 0.0417861938476563 -0.0412712097167969
0.0163593292236328 -0.0228214263916016 0.0209732055664062 -0.0590782165527344
0.00418663024902344 -0.0320968627929687 -0.0013275146484375 -0.0556068420410156
0.00392913818359375 -0.0305690765380859 -0.0140876770019531 -0.0362968444824219
0.00430488586425781 -0.0325336456298828 -0.0234718322753906 -0.0221328735351563
0.0122241973876953 -0.0307636260986328 -0.0292243957519531 -0.0165004730224609
0.0218963623046875 -0.0196590423583984 -0.0358238220214844 -0.00641632080078125
0.0225334167480469 -0.00699424743652344 -0.0368614196777344 -0.00617599487304688
0.0159177780151367 0.00385761260986328 -0.0451164245605469 -0.00593948364257814
0.0188274383544922 0.00417137145996094 -0.0571098327636719 0.00616836547851561
0.0242824554443359 0.010528564453125 -0.0587997436523437 0.0130691528320313
0.0502243041992188 0.0346183776855469 -0.0188789367675781 -0.0430870056152344
0.0461196899414063 0.020782470703125 0.00949668884277344 -0.00440883636474609
0.0419998168945313 0.0156288146972656 0.0364303588867188 0.00397109985351563
0.0444145202636719 -0.000690460205078125 0.0524711608886719 -0.017181396484375
0.0376014709472656 -0.01727294921875 0.0410690307617188 -0.0346107482910156
0.024688720703125 -0.0359115600585938 0.0186347961425781 -0.049407958984375
0.006317138671875 -0.0456695556640625 -0.0011138916015625 -0.0412101745605469
0.00409317016601562 -0.0442924499511719 -0.0117549896240234 -0.0210685729980469
0.00305938720703125 -0.0472183227539062 -0.0211219787597656 -0.00668525695800781
0.0120277404785156 -0.0473594665527344 -0.0304985046386719 -0.00202751159667969
0.0274887084960938 -0.0360069274902344 -0.0384483337402344 0.0050506591796875
0.0349254608154297 -0.0220775604248047 -0.0385818481445313 0.000480651855468745
0.0360183715820313 -0.00191879272460938 -0.0430374145507813 -0.000526428222656258
0.0426139831542969 0.00594329833984375 -0.046173095703125 0.0105743408203125
0.0460777282714844 0.014984130859375 -0.044677734375 0.0210838317871094
0.0631599426269531 0.0402183532714844 0.00108909606933594 -0.0307426452636719
0.062225341796875 0.0265617370605469 0.0267829895019531 0.00578498840332032
0.0595245361328125 0.0170326232910156 0.0432090759277344 0.00983047485351563
0.0587730407714844 -0.00640869140625 0.053314208984375 -0.0115890502929688
0.0464363098144531 -0.0256919860839844 0.0371131896972656 -0.0256614685058594
0.0273284912109375 -0.0466537475585938 0.0143947601318359 -0.0344429016113281
0.00646209716796875 -0.0527420043945312 -0.000858306884765625 -0.0222244262695313
0.00440216064453125 -0.05035400390625 -0.00721120834350586 -0.00315904617309571
0.00128173828125 -0.0547256469726563 -0.0162248611450195 0.0113039016723633
0.0101661682128906 -0.0560035705566406 -0.0284595489501953 0.0147037506103516
0.0295257568359375 -0.0467071533203125 -0.0369911193847656 0.0184402465820313
0.0415153503417969 -0.0345306396484375 -0.0382461547851563 0.00764846801757813
0.0502967834472656 -0.00707244873046875 -0.0389289855957031 0.00297164916992187
0.0595779418945312 0.00684738159179687 -0.0304603576660156 0.0118465423583984
0.0609474182128906 0.0193099975585938 -0.0251369476318359 0.0294742584228516
0.0664520263671875 0.03875732421875 0.0227222442626953 -0.0193634033203125
0.0700225830078125 0.0259590148925781 0.0425796508789063 0.01275634765625
0.0679130554199219 0.0129852294921875 0.0476570129394531 0.0132827758789062
0.064788818359375 -0.0131721496582031 0.0506019592285156 -0.0042877197265625
0.0471649169921875 -0.0326309204101562 0.0316486358642578 -0.0134544372558594
0.0240287780761719 -0.0505828857421875 0.0104093551635742 -0.016636848449707
0.00496673583984375 -0.0518455505371094 0.00192022323608398 -0.0021355152130127
0.00313949584960937 -0.0487556457519531 -0.00217151641845703 0.0151443481445312
-0.000438690185546878 -0.0539436340332031 -0.0096893310546875 0.0293178558349609
0.00764846801757812 -0.0554847717285156 -0.0250015258789062 0.0314464569091797
0.0290756225585938 -0.0492172241210938 -0.03472900390625 0.0308094024658203
0.0436325073242188 -0.0385398864746094 -0.03619384765625 0.014068603515625
0.0580520629882813 -0.00942230224609375 -0.0326900482177734 0.00497055053710938
0.0672950744628906 0.00857925415039063 -0.0127983093261719 0.0121288299560547
0.0653572082519531 0.0216751098632813 -0.00223922729492187 0.0385475158691406
0.0592613220214844 0.030517578125 0.0415534973144531 -0.0107192993164062
0.0662803649902344 0.0199966430664062 0.0563621520996094 0.0150146484375
0.0645217895507813 0.00632476806640625 0.0485801696777344 0.0136528015136719
0.0570220947265625 -0.0189628601074219 0.0447883605957031 0.001922607421875
0.0372200012207031 -0.0348167419433594 0.0258121490478516 -0.00136566162109375
0.0147933959960937 -0.0453758239746094 0.00889110565185547 0.00200748443603515
0.000492095947265624 -0.0430717468261719 0.00536155700683594 0.0161914825439453
0.00128173828125 -0.0406455993652344 0.00348091125488281 0.0312271118164062
-0.0010223388671875 -0.0438461303710938 -0.00423812866210937 0.0439414978027344
0.00632476806640625 -0.0462417602539062 -0.021881103515625 0.0457382202148438
0.0264091491699219 -0.0418357849121094 -0.0327301025390625 0.0404853820800781
0.0407791137695312 -0.0340080261230469 -0.0341434478759766 0.0185642242431641
0.0560302734375 -0.0052947998046875 -0.0250892639160156 0.00579452514648438
0.0635986328125 0.0114898681640625 0.005126953125 0.0126447677612305
0.05828857421875 0.0237464904785156 0.0192184448242188 0.0483589172363281
0.0425910949707031 0.0190467834472656 0.0571250915527344 -0.00828933715820313
0.0527000427246094 0.0108871459960938 0.0645103454589844 0.0120353698730469
0.0492782592773438 -0.001251220703125 0.0464591979980469 0.0109596252441406
0.0394363403320313 -0.0203056335449219 0.0387802124023438 0.00748825073242188
0.0210456848144531 -0.0295886993408203 0.0228366851806641 0.008148193359375
0.00291061401367188 -0.0328445434570313 0.0104036331176758 0.0163726806640625
-0.00271034240722656 -0.0271415710449219 0.0109462738037109 0.0302200317382813
-0.000261306762695311 -0.0254039764404297 0.00826263427734375 0.0423812866210937
-0.00108718872070312 -0.0276908874511719 -0.0019683837890625 0.0549888610839844
0.00351905822753906 -0.0309410095214844 -0.0214500427246094 0.0555152893066406
0.0195655822753906 -0.0291156768798828 -0.0331649780273438 0.045501708984375
0.0324230194091797 -0.0238494873046875 -0.0336189270019531 0.0222148895263672
0.044158935546875 4.57763671875E-05 -0.0209083557128906 0.0072021484375
0.0491447448730469 0.0140113830566406 0.0177326202392578 0.0157032012939453
0.042205810546875 0.0210418701171875 0.0344352722167969 0.0582084655761719
0.0197601318359375 0.00746726989746094 0.0655670166015625 -0.00975799560546875
0.0310726165771484 0.00247383117675781 0.0660324096679687 0.00515365600585937
0.0277824401855469 -0.00735282897949219 0.0435256958007813 0.0069122314453125
0.0168857574462891 -0.0171279907226563 0.0349864959716797 0.0112133026123047
0.00325393676757812 -0.0185165405273437 0.0247802734375 0.0139179229736328
-0.00795269012451172 -0.0131216049194336 0.0161628723144531 0.0245628356933594
-0.00502252578735352 -0.00642919540405273 0.016998291015625 0.0361709594726563
-0.00216913223266602 -0.00655078887939453 0.012939453125 0.0471725463867188
-0.00290203094482422 -0.00802755355834961 -0.000789642333984373 0.0600929260253906
-0.00161647796630859 -0.0124530792236328 -0.0237045288085937 0.0601387023925781
0.00812911987304688 -0.0151453018188477 -0.0353126525878906 0.04779052734375
0.0175933837890625 -0.0134525299072266 -0.0347499847412109 0.0248489379882812
0.0261116027832031 0.00195884704589844 -0.0185146331787109 0.00747489929199219
0.0271701812744141 0.00959968566894531 0.0225410461425781 0.0202884674072266
0.019287109375 0.0136642456054688 0.0425376892089844 0.0659751892089844
0.00587177276611328 0.0115690231323242 -0.0427589416503906 -0.0567359924316406
0.000488996505737305 0.00139641761779785 -0.0148210525512695 -0.0175094604492188
-0.00237560272216797 0.00505685806274414 0.0231418609619141 -0.00300407409667969
0.0041651725769043 0.00522375106811523 0.0442886352539062 -0.0232658386230469
0.00799417495727539 -0.000166893005371094 0.0406265258789063 -0.0445137023925781
0.00706148147583008 -0.00757360458374023 0.0214614868164062 -0.065032958984375
0.00134658813476562 -0.0152692794799805 -0.00253677368164063 -0.0630607604980469
0.00235748291015625 -0.0140180587768555 -0.0153388977050781 -0.0449256896972656
0.00471973419189453 -0.0136575698852539 -0.0232734680175781 -0.0304660797119141
0.0100173950195313 -0.0107049942016602 -0.0265064239501953 -0.0248374938964844
0.0115699768066406 -0.00197792053222656 -0.0332736968994141 -0.0128746032714844
0.00685214996337891 0.00795841217041016 -0.0352592468261719 -0.0104713439941406
-0.00664043426513672 0.00650501251220703 -0.0468215942382813 -0.0123748779296875
-0.00619363784790039 0.000720500946044922 -0.0631637573242188 -0.000640869140624994
-0.000848293304443359 0.00516700744628906 -0.0656471252441406 0.00692749023437501
0.0304641723632812 0.0246925354003906 -0.033172607421875 -0.0519371032714844
0.0246295928955078 0.0107803344726563 -0.00338554382324219 -0.0130653381347656
0.0207595825195313 0.0101547241210938 0.0294475555419922 -0.000480651855468749
0.0249099731445313 0.00194549560546875 0.0485153198242188 -0.020782470703125
0.0240573883056641 -0.00946235656738281 0.0415725708007813 -0.0406379699707031
0.0164756774902344 -0.024017333984375 0.0210609436035156 -0.0586090087890625
0.0040283203125 -0.0336341857910156 -0.00147247314453125 -0.0539474487304688
0.00318717956542968 -0.0316905975341797 -0.0139961242675781 -0.034912109375
0.00439453125 -0.0334968566894531 -0.0237941741943359 -0.0201549530029297
0.0124225616455078 -0.0312919616699219 -0.0299701690673828 -0.0154781341552734
0.0225257873535156 -0.0201416015625 -0.0370674133300781 -0.00574111938476562
0.0240497589111328 -0.00686073303222656 -0.0378570556640625 -0.005950927734375
0.0163049697875977 0.00500202178955078 -0.0452079772949219 -0.00644302368164061
0.0186882019042969 0.00502395629882813 -0.056610107421875 0.00664520263671874
0.0239810943603516 0.0121231079101562 -0.0591697692871094 0.0144615173339844
0.0506362915039063 0.0344619750976563 -0.0177154541015625 -0.0420875549316406
0.0464706420898438 0.0197944641113281 0.0108785629272461 -0.00341701507568359
0.0425758361816406 0.0152931213378906 0.0375099182128906 0.00547027587890625
0.044830322265625 -0.00188827514648437 0.0532493591308594 -0.0165290832519531
0.0376815795898438 -0.01837158203125 0.0411109924316406 -0.0335655212402344
0.02392578125 -0.0371818542480469 0.0186958312988281 -0.0481109619140625
0.00534439086914063 -0.0458793640136719 -0.0006866455078125 -0.0396957397460938
0.00318527221679687 -0.0445823669433594 -0.01171875 -0.0197238922119141
0.00188827514648437 -0.048095703125 -0.0207557678222656 -0.00509262084960938
0.0121192932128906 -0.0477333068847656 -0.0306720733642578 -0.000650405883789062
0.0277900695800781 -0.0365104675292969 -0.0390396118164063 0.00677871704101562
0.0348739624023437 -0.0221366882324219 -0.03948974609375 0.00110626220703125
0.0361289978027344 -0.00146865844726563 -0.0432586669921875 -7.24792480468666E-05
0.0416107177734375 0.006439208984375 -0.0452499389648438 0.0111961364746094
0.0455703735351563 0.01531982421875 -0.0452003479003906 0.0225067138671875
0.0630645751953125 0.03948974609375 0.00202178955078126 -0.0298938751220703
0.0626068115234375 0.0254440307617188 0.0273265838623047 0.00718498229980469
0.0598831176757813 0.015869140625 0.0438308715820313 0.0115203857421875
0.0594329833984375 -0.00741195678710938 0.0538749694824219 -0.00996017456054688
0.0459365844726563 -0.0273628234863281 0.0372962951660156 -0.0242462158203125
0.026702880859375 -0.0467605590820312 0.0139732360839844 -0.0327930450439453
0.00606918334960937 -0.052734375 0.000360488891601561 -0.0207061767578125
0.0036773681640625 -0.0506973266601563 -0.00696706771850586 -0.00170707702636719
0.000175476074218752 -0.0547637939453125 -0.0157146453857422 0.0131502151489258
0.00962448120117188 -0.0561180114746094 -0.028472900390625 0.0168094635009766
0.02862548828125 -0.0467529296875 -0.0374259948730469 0.0202674865722656
0.041107177734375 -0.0344276428222656 -0.0385856628417969 0.00852584838867188
0.0506477355957031 -0.00711822509765625 -0.0387496948242188 0.0040435791015625
0.059051513671875 0.00639724731445313 -0.0301227569580078 0.0133094787597656
0.0600852966308594 0.0185470581054688 -0.0249309539794922 0.0317192077636719
0.0653572082519531 0.037017822265625 0.0232868194580078 -0.0188751220703125
0.0691413879394531 0.0248374938964844 0.0431747436523438 0.0136146545410156
0.0682792663574219 0.0124320983886719 0.0488090515136719 0.0153923034667969
0.06353759765625 -0.0141372680664062 0.0514945983886719 -0.00292587280273438
0.0457229614257813 -0.03302001953125 0.0321750640869141 -0.0126323699951172
0.0234909057617188 -0.0496482849121094 0.0109720230102539 -0.0147380828857422
0.00384902954101562 -0.0519523620605469 0.0018923282623291 -0.00130629539489746
0.00223922729492187 -0.0488853454589844 -0.00207805633544922 0.016448974609375
-0.000968933105468748 -0.0527114868164063 -0.00980377197265625 0.0301742553710937
0.00670242309570313 -0.0549240112304688 -0.0246067047119141 0.0335521697998047
0.0277519226074219 -0.0488166809082031 -0.034637451171875 0.0320167541503906
0.0427169799804688 -0.0391120910644531 -0.0366020202636719 0.0149078369140625
0.0573883056640625 -0.00940704345703125 -0.0327644348144531 0.00569915771484374
0.0665435791015625 0.00768661499023437 -0.0127601623535156 0.0136537551879883
0.0643959045410156 0.0211181640625 -0.00267410278320312 0.0402069091796875
0.0588722229003906 0.0290641784667969 0.0414772033691406 -0.0104904174804687
0.0654945373535156 0.0176200866699219 0.055511474609375 0.0155868530273438
0.0643692016601563 0.00580215454101563 0.0492401123046875 0.0152549743652344
0.0562248229980469 -0.0191688537597656 0.0460700988769531 0.003631591796875
0.0361900329589844 -0.0343246459960938 0.0271568298339844 -0.000316619873046877
0.0137443542480469 -0.0443077087402344 0.010101318359375 0.00302791595458984
-0.000160217285156251 -0.0416030883789062 0.00676727294921875 0.0170717239379883
0.000301361083984373 -0.0395660400390625 0.00457382202148437 0.031982421875
-0.001617431640625 -0.0431175231933594 -0.00410842895507813 0.0449142456054688
0.00518798828125 -0.0455818176269531 -0.0218620300292969 0.0469436645507813
0.0252265930175781 -0.0415382385253906 -0.0326385498046875 0.0408782958984375
0.0397262573242188 -0.0342559814453125 -0.0343551635742188 0.0198230743408203
0.0545539855957031 -0.0054779052734375 -0.026123046875 0.00631332397460938
0.0624160766601562 0.0106391906738281 0.00514698028564454 0.0137195587158203
0.0578765869140625 0.0214958190917969 0.0183219909667969 0.0503158569335938
0.0423774719238281 0.01702880859375 0.0562744140625 -0.00790786743164062
0.0518264770507813 0.00928115844726563 0.0638198852539063 0.0125274658203125
0.0491180419921875 -0.002288818359375 0.0472564697265625 0.0121574401855469
0.0384445190429688 -0.0211448669433594 0.0395088195800781 0.0090789794921875
0.0197982788085938 -0.0298309326171875 0.0245513916015625 0.00887298583984375
0.00215530395507813 -0.030914306640625 0.0126895904541016 0.0171737670898437
-0.00364303588867188 -0.0259971618652344 0.0115013122558594 0.0297107696533203
-0.00136184692382813 -0.0242271423339844 0.0096588134765625 0.0421142578125
-0.00192832946777344 -0.0266704559326172 -0.00116729736328125 0.0554008483886719
0.00347137451171875 -0.0291404724121094 -0.0216636657714844 0.0559883117675781
0.0181236267089844 -0.0287704467773437 -0.0335884094238281 0.04620361328125
0.0310096740722656 -0.0237045288085938 -0.0336322784423828 0.0227565765380859
0.0436668395996094 -0.00067138671875 -0.0206394195556641 0.00631332397460937
0.0478248596191406 0.0120429992675781 0.0167722702026367 0.0159692764282227
0.0417861938476563 0.0192337036132813 0.0330352783203125 0.0592575073242188
0.0187301635742188 0.00530242919921875 0.0647163391113281 -0.00997161865234375
0.0299358367919922 0.000986099243164063 0.0657768249511719 0.0054473876953125
0.0270805358886719 -0.00823783874511719 0.0437049865722656 0.00872802734375
0.0158805847167969 -0.0179615020751953 0.0361595153808594 0.0121612548828125
0.00186538696289063 -0.0184516906738281 0.0257530212402344 0.0140323638916016
-0.00865077972412109 -0.0114822387695313 0.0178070068359375 0.0240211486816406
-0.00596952438354492 -0.00454998016357422 0.0185565948486328 0.0350990295410156
-0.00316429138183594 -0.00538206100463867 0.0130767822265625 0.0459785461425781
-0.00309324264526367 -0.00683355331420898 -0.000114440917968753 0.0597457885742188
-0.00196361541748047 -0.0102777481079102 -0.0233421325683594 0.0601768493652344
0.00699806213378906 -0.0141868591308594 -0.0350570678710938 0.0481491088867188
0.0163059234619141 -0.0131654739379883 -0.0347309112548828 0.0244598388671875
0.0250606536865234 0.000728607177734375 -0.0198440551757813 0.00752830505371094
0.0261459350585938 0.00872611999511719 0.0217609405517578 0.0191268920898437
0.0192546844482422 0.0116615295410156 0.041107177734375 0.0661735534667969
0.00713634490966797 0.0132198333740234 -0.0422859191894531 -0.0581512451171875
0.00123333930969238 0.00172162055969238 -0.0130748748779297 -0.0175104141235352
-0.000247955322265625 0.00503063201904297 0.0248546600341797 -0.00295066833496094
0.0053706169128418 0.00435018539428711 0.0450592041015625 -0.0236625671386719
0.00920486450195313 -0.00135421752929688 0.0412330627441406 -0.0453834533691406
0.00759124755859375 -0.00951671600341797 0.0213127136230469 -0.0659942626953125
0.00135993957519531 -0.0171451568603516 -0.00263214111328125 -0.0631484985351562
0.00197601318359375 -0.0161542892456055 -0.0152740478515625 -0.0449256896972656
0.00568008422851563 -0.0158557891845703 -0.0237903594970703 -0.030487060546875
0.0115718841552734 -0.0118532180786133 -0.0274238586425781 -0.0245323181152344
0.0129356384277344 -0.00241851806640625 -0.0348167419433594 -0.0128269195556641
0.00852870941162109 0.00819253921508789 -0.0366897583007813 -0.0107955932617187
-0.00627994537353516 0.00823402404785156 -0.0483894348144531 -0.0133018493652344
-0.00635147094726563 0.00294971466064453 -0.0640945434570313 -0.000938415527343748
-0.000500679016113282 0.00694799423217774 -0.0665664672851562 0.00780105590820311
0.0322818756103516 0.0262413024902344 -0.0325927734375 -0.0523490905761719
0.0259590148925781 0.0112781524658203 -0.00239086151123047 -0.0120630264282227
0.0226249694824219 0.0103015899658203 0.0318088531494141 0.000665664672851563
0.0264167785644531 0.000894546508789063 0.0500946044921875 -0.0209083557128906
0.0242176055908203 -0.0105495452880859 0.0427017211914062 -0.0403594970703125
0.0166282653808594 -0.0254707336425781 0.0210037231445312 -0.0582695007324219
0.00330162048339844 -0.0349369049072266 -0.0018157958984375 -0.0543022155761719
0.00304031372070312 -0.0335597991943359 -0.0147457122802734 -0.0344390869140625
0.00473403930664062 -0.0361862182617188 -0.0243301391601562 -0.0194854736328125
0.0138206481933594 -0.0328807830810547 -0.0313930511474609 -0.0143699645996094
0.0235328674316406 -0.0211219787597656 -0.0389595031738281 -0.00459289550781249
0.0251064300537109 -0.00637626647949219 -0.0394172668457031 -0.00634384155273438
0.0167198181152344 0.00637912750244141 -0.0468368530273438 -0.00666809082031249
0.0198707580566406 0.00726127624511719 -0.0575065612792969 0.00682067871093751
0.0242557525634766 0.0140132904052734 -0.0597991943359375 0.01580810546875
0.0527267456054688 0.0362014770507813 -0.0168228149414062 -0.042266845703125
0.0475654602050781 0.0206375122070313 0.0124568939208984 -0.00264835357666015
0.0445823669433594 0.01544189453125 0.0396995544433594 0.0066986083984375
0.0463180541992188 -0.00194931030273438 0.0548057556152344 -0.015838623046875
0.0383720397949219 -0.0193672180175781 0.0422515869140625 -0.0331802368164063
0.0245399475097656 -0.0380935668945313 0.0193634033203125 -0.0469627380371094
0.00518417358398438 -0.0480384826660156 -0.000461578369140628 -0.0391311645507812
0.003265380859375 -0.0461158752441406 -0.0112628936767578 -0.019287109375
0.00169754028320313 -0.0498275756835938 -0.0213546752929688 -0.00266265869140625
0.0118942260742187 -0.0489387512207031 -0.0324745178222656 0.00145721435546874
0.0287895202636719 -0.0375595092773438 -0.0406761169433594 0.00739669799804687
0.0367012023925781 -0.0228843688964844 -0.0411109924316406 0.00139236450195313
0.0373687744140625 -2.288818359375E-05 -0.0443038940429688 -8.77380371093667E-05
0.0421409606933594 0.007537841796875 -0.0459327697753906 0.012786865234375
0.0459556579589844 0.017608642578125 -0.0458564758300781 0.02496337890625
0.0645408630371094 0.04022216796875 0.00321388244628906 -0.0300140380859375
0.0629501342773438 0.0253257751464844 0.0289440155029297 0.0080108642578125
0.0623588562011719 0.0165023803710938 0.0463333129882813 0.0129547119140625
0.0603523254394531 -0.00834274291992188 0.0561103820800781 -0.00905990600585938
0.0465850830078125 -0.0277557373046875 0.0391731262207031 -0.0235214233398438
0.027374267578125 -0.04766845703125 0.0156135559082031 -0.0325355529785156
0.00574111938476563 -0.0539016723632813 0.00106239318847656 -0.0197601318359375
0.00200653076171875 -0.0518798828125 -0.00658178329467773 -0.000744342803955082
9.91821289062488E-05 -0.0560684204101563 -0.0154380798339844 0.0156335830688477
0.008758544921875 -0.0568962097167969 -0.0299625396728516 0.0179843902587891
0.0294761657714844 -0.0481529235839844 -0.0396308898925781 0.0215034484863281
0.0420379638671875 -0.0351448059082031 -0.0405311584472656 0.00951004028320313
0.0516548156738281 -0.00636672973632813 -0.0395774841308594 0.00447082519531251
0.0601310729980469 0.00735092163085938 -0.0306320190429687 0.0140743255615234
0.0608329772949219 0.0194892883300781 -0.0252742767333984 0.0346012115478516
0.0664787292480469 0.0370941162109375 0.0240192413330078 -0.0186195373535156
0.069366455078125 0.0247383117675781 0.0451316833496094 0.0161323547363281
0.0698127746582031 0.0130844116210938 0.0509223937988281 0.0168991088867188
0.064697265625 -0.0145950317382812 0.0537872314453125 -0.00156021118164063
0.0462074279785156 -0.0339317321777344 0.0344047546386719 -0.0109577178955078
0.0230636596679688 -0.0497817993164063 0.0128087997436523 -0.0131635665893555
0.00305938720703125 -0.0517692565917969 0.00406384468078613 -8.5115432739261E-05
0.00148391723632813 -0.0493545532226563 -0.000959396362304687 0.0175800323486328
-0.00120925903320313 -0.0531539916992188 -0.00908088684082031 0.0334281921386719
0.00604248046875 -0.0555229187011719 -0.0262222290039063 0.0354766845703125
0.0275764465332031 -0.048828125 -0.0361366271972656 0.0339164733886719
0.0423355102539063 -0.039886474609375 -0.038543701171875 0.0161666870117188
0.0586433410644531 -0.0096282958984375 -0.0329570770263672 0.00621604919433593
0.0671577453613281 0.00774765014648438 -0.0125856399536133 0.0149822235107422
0.0652046203613281 0.0214576721191406 -0.00284957885742187 0.0432815551757813
0.0598335266113281 0.0279083251953125 0.0430221557617188 -0.00977325439453125
0.0651741027832031 0.018280029296875 0.0576057434082031 0.0178642272949219
0.0649299621582031 0.00564193725585938 0.0519218444824219 0.0179595947265625
0.0561790466308594 -0.0204582214355469 0.0480537414550781 0.00486373901367187
0.035919189453125 -0.0352058410644531 0.0286922454833984 0.000286102294921873
0.0137405395507812 -0.0444869995117188 0.0117721557617187 0.0045013427734375
-0.000633239746093752 -0.0418853759765625 0.00743293762207031 0.0183162689208984
-0.000473022460937501 -0.0388870239257813 0.00423240661621094 0.0330123901367188
-0.00139999389648438 -0.0429840087890625 -0.00356292724609375 0.0476531982421875
0.00466537475585937 -0.0451889038085938 -0.0222663879394531 0.0496940612792969
0.0242729187011719 -0.0418891906738281 -0.0340347290039062 0.0434112548828125
0.0387535095214844 -0.0349540710449219 -0.0360031127929688 0.0213775634765625
0.0547027587890625 -0.00679779052734375 -0.0267181396484375 0.00666999816894531
0.0629119873046875 0.0100021362304688 0.00504875183105469 0.0142641067504883
0.0579414367675781 0.0213623046875 0.017730712890625 0.0526542663574219
0.0423164367675781 0.0166969299316406 0.0573158264160156 -0.00734329223632812
0.0504837036132813 0.0080413818359375 0.0651168823242188 0.0137443542480469
0.0498046875 -0.00316619873046875 0.0489730834960937 0.0143966674804688
0.0379867553710938 -0.0221786499023437 0.0418663024902344 0.0101661682128906
0.0191650390625 -0.0296955108642578 0.0263576507568359 0.00946235656738281
0.00143051147460937 -0.0296592712402344 0.0141353607177734 0.0183506011962891
-0.00401687622070312 -0.0241527557373047 0.0125389099121094 0.0306415557861328
-0.00169754028320312 -0.0231781005859375 0.00951385498046875 0.0432968139648437
-0.00177001953125 -0.0256690979003906 -0.000476837158203127 0.0577812194824219
0.00237846374511718 -0.0278511047363281 -0.02191162109375 0.0576972961425781
0.0170440673828125 -0.0286598205566406 -0.0338935852050781 0.0480842590332031
0.0301609039306641 -0.0244197845458984 -0.0345630645751953 0.0245189666748047
0.0431480407714844 -0.00173187255859375 -0.0218067169189453 0.00752830505371093
0.0478553771972656 0.0111885070800781 0.0170269012451172 0.0170049667358398
0.04168701171875 0.0182304382324219 0.0333137512207031 0.0619010925292969
0.0189952850341797 0.00432014465332031 0.0658416748046875 -0.0112190246582031
0.0294723510742188 -0.0006866455078125 0.0668869018554688 0.00621795654296875
0.0272884368896484 -0.00954818725585938 0.0452880859375 0.00921630859375
0.0148200988769531 -0.018341064453125 0.0381698608398438 0.013153076171875
-3.24249267578106E-05 -0.0186424255371094 0.0278205871582031 0.0140666961669922
-0.00923538208007813 -0.009552001953125 0.0193099975585938 0.0240821838378906
-0.0062103271484375 -0.00313234329223633 0.0190505981445313 0.0351028442382813
-0.00365710258483887 -0.00413584709167481 0.0132637023925781 0.0462875366210938
-0.00257253646850586 -0.0048518180847168 -0.000537872314453127 0.0612678527832031
-0.00260829925537109 -0.00907802581787109 -0.02386474609375 0.0613365173339844
0.00659275054931641 -0.0139150619506836 -0.0363807678222656 0.048828125
0.0157241821289063 -0.0129032135009766 -0.0356521606445313 0.025848388671875
0.0245876312255859 0.000562667846679687 -0.0207366943359375 0.00787925720214844
0.0250873565673828 0.00674819946289063 0.0206089019775391 0.0195217132568359
0.019134521484375 0.0102977752685547 0.0414962768554687 0.0681304931640625
0.00917625427246094 0.0157489776611328 -0.0429840087890625 -0.0605621337890625
0.00315999984741211 0.00211930274963379 -0.0125055313110352 -0.0174922943115234
0.0015106201171875 0.00489902496337891 0.0270729064941406 -0.00287055969238281
0.00737190246582031 0.00378990173339844 0.0475730895996094 -0.0248603820800781
0.00999164581298828 -0.00245189666748047 0.0418663024902344 -0.0472831726074219
0.00769424438476562 -0.0118112564086914 0.0207862854003906 -0.0674896240234375
0.0003204345703125 -0.0196819305419922 -0.0039520263671875 -0.0648956298828125
0.00169944763183594 -0.0183601379394531 -0.0171127319335938 -0.0453109741210938
0.00550079345703125 -0.0190792083740234 -0.0258502960205078 -0.0295543670654297
0.012690544128418 -0.014338493347168 -0.0299243927001953 -0.0234546661376953
0.0156660079956055 -0.00343704223632813 -0.0371665954589844 -0.012176513671875
0.0106878280639648 0.00820255279541016 -0.0393409729003906 -0.0113677978515625
-0.00525569915771484 0.0102472305297852 -0.051055908203125 -0.0139198303222656
-0.00591135025024414 0.00522232055664063 -0.0663299560546875 -0.000625610351562498
0.000205039978027344 0.00945186614990234 -0.0680732727050781 0.00980377197265624
0.0349464416503906 0.0280857086181641 -0.0326728820800781 -0.0540924072265625
0.0284500122070313 0.0121707916259766 -0.000569343566894529 -0.0118856430053711
0.0249862670898438 0.0099639892578125 0.0350112915039063 0.000860214233398438
0.0284614562988281 4.38690185546875E-05 0.0527305603027344 -0.0219879150390625
0.0257167816162109 -0.0124187469482422 0.0443000793457031 -0.0415840148925781
0.0170631408691406 -0.0288276672363281 0.0213127136230469 -0.0597724914550781
0.00220870971679687 -0.0375251770019531 -0.00215911865234375 -0.0547409057617188
0.00154876708984375 -0.0359077453613281 -0.0148983001708984 -0.0339775085449219
0.00415420532226562 -0.0390281677246094 -0.0255794525146484 -0.0175285339355469
0.0146865844726563 -0.0354423522949219 -0.0340156555175781 -0.0129375457763672
0.0258331298828125 -0.0221042633056641 -0.0413780212402344 -0.00308990478515625
0.0275917053222656 -0.00671005249023437 -0.0419235229492188 -0.00600051879882813
0.0189285278320313 0.00776481628417969 -0.049041748046875 -0.00634384155273438
0.0207176208496094 0.00918197631835938 -0.0593185424804688 0.00833892822265625
0.0260848999023437 0.0158805847167969 -0.0614852905273438 0.0193443298339844
0.055755615234375 0.0371589660644531 -0.0159263610839844 -0.043212890625
0.0501213073730469 0.0205421447753906 0.0145444869995117 -0.00105953216552734
0.0479698181152344 0.0148277282714844 0.0435829162597656 0.00750732421875
0.0480461120605469 -0.00394821166992188 0.0583877563476563 -0.0162467956542969
0.0395240783691406 -0.0214080810546875 0.0441818237304688 -0.0337867736816406
0.0243568420410156 -0.041961669921875 0.0198822021484375 -0.0475044250488281
0.00423049926757812 -0.0504875183105469 8.01086425781259E-05 -0.0391731262207031
0.00170516967773438 -0.0487709045410156 -0.0114898681640625 -0.0175952911376953
0.00127792358398438 -0.0525016784667969 -0.0219039916992188 -0.00017166137695313
0.0120697021484375 -0.0517349243164063 -0.0345325469970703 0.0037384033203125
0.0300102233886719 -0.0392723083496094 -0.0434837341308594 0.0103378295898438
0.0383529663085938 -0.024078369140625 -0.0437278747558594 0.00234985351562501
0.0397834777832031 0.000713348388671875 -0.0469703674316406 0.00164413452148437
0.0444984436035156 0.009246826171875 -0.0469894409179688 0.01446533203125
0.0478439331054688 0.0185775756835938 -0.0465011596679688 0.0289230346679688
0.0674018859863281 0.0410118103027344 0.00416946411132813 -0.0298080444335937
0.0660285949707031 0.0255546569824219 0.0318431854248047 0.00941658020019531
0.0658149719238281 0.0156326293945313 0.05096435546875 0.0144767761230469
0.0624771118164062 -0.00945281982421875 0.0600051879882813 -0.00896072387695312
0.0473365783691406 -0.0302810668945313 0.0418281555175781 -0.0233802795410156
0.0271949768066406 -0.0499229431152344 0.0172920227050781 -0.0310707092285156
0.00450515747070313 -0.0562820434570312 0.00183868408203125 -0.019317626953125
0.000991821289062496 -0.0532989501953125 -0.00621652603149414 0.00163793563842773
-0.00139999389648437 -0.0580787658691406 -0.0153217315673828 0.0189800262451172
0.00810623168945313 -0.0593223571777344 -0.0312976837158203 0.0223617553710937
0.0297660827636719 -0.0500869750976563 -0.0417671203613281 0.0253067016601563
0.0428733825683594 -0.0371475219726563 -0.0428314208984375 0.0113983154296875
0.0545425415039063 -0.00749969482421875 -0.0413970947265625 0.0060272216796875
0.061553955078125 0.00725555419921875 -0.0308513641357422 0.0167369842529297
0.0626487731933594 0.0202751159667969 -0.0259170532226563 0.0386772155761719
0.0695686340332031 0.0369949340820313 0.0258941650390625 -0.0183200836181641
0.0713424682617188 0.02410888671875 0.0479087829589844 0.0173149108886719
0.07305908203125 0.01202392578125 0.0552978515625 0.0190467834472656
0.0656204223632812 -0.0163612365722656 0.0574378967285156 -0.00121307373046875
0.0463600158691406 -0.0363998413085938 0.0368919372558594 -0.0112075805664063
0.0233726501464844 -0.0513381958007812 0.0144948959350586 -0.0121908187866211
0.00182342529296874 -0.0528945922851562 0.00467348098754883 0.00110483169555664
-0.000217437744140628 -0.0501327514648438 -0.000265121459960938 0.0196189880371094
-0.00252914428710938 -0.0540962219238281 -0.00799942016601563 0.0373344421386719
0.00525665283203125 -0.0566673278808594 -0.0263862609863281 0.0397186279296875
0.0273933410644531 -0.0507965087890625 -0.0374183654785156 0.0383682250976563
0.0436058044433594 -0.0418701171875 -0.0399932861328125 0.01873779296875
0.0602340698242188 -0.0106239318847656 -0.0346012115478516 0.00804710388183594
0.0692672729492187 0.0065155029296875 -0.0125627517700195 0.0166177749633789
0.0668449401855469 0.0212249755859375 -0.002899169921875 0.0477180480957031
0.0608596801757813 0.0282783508300781 0.04473876953125 -0.0101356506347656
0.0661125183105469 0.0169906616210938 0.0606765747070313 0.0193367004394531
0.0674705505371094 0.0041351318359375 0.0558700561523438 0.0187950134277344
0.0569000244140625 -0.021820068359375 0.0512809753417969 0.00599288940429687
0.0354537963867188 -0.036529541015625 0.0319747924804688 0.00103569030761719
0.0134048461914062 -0.044677734375 0.0135726928710937 0.00582790374755859
-0.00122833251953125 -0.0415382385253906 0.009307861328125 0.0191555023193359
-0.00113296508789063 -0.0394058227539063 0.00605010986328125 0.0353507995605469
-0.00264358520507813 -0.0423774719238281 -0.002166748046875 0.0518302917480469
0.00332260131835937 -0.0450553894042969 -0.0228919982910156 0.0535850524902344
0.0233078002929688 -0.0435066223144531 -0.034271240234375 0.04754638671875
0.0387153625488281 -0.0366096496582031 -0.0373497009277344 0.02386474609375
0.0561676025390625 -0.00786972045898438 -0.0276870727539062 0.00862312316894531
0.0643997192382813 0.00875473022460938 0.00539779663085938 0.0159683227539063
0.0593833923339844 0.0204238891601563 0.0186767578125 0.0572280883789063
0.0430870056152344 0.014434814453125 0.0593910217285156 -0.00776290893554687
0.0514488220214844 0.006500244140625 0.0676994323730469 0.0151863098144531
0.0512619018554688 -0.00481414794921875 0.0526924133300781 0.0152626037597656
0.0375251770019531 -0.022918701171875 0.0449752807617188 0.0112228393554687
0.017578125 -0.03057861328125 0.0290184020996094 0.0102977752685547
0.000606536865234375 -0.0292263031005859 0.0166015625 0.0184268951416016
-0.00483322143554687 -0.0230941772460938 0.0145549774169922 0.0312576293945313
-0.001922607421875 -0.0221786499023438 0.0108489990234375 0.0452156066894531
-0.00174331665039063 -0.0245265960693359 0.000839233398437502 0.0610923767089844
0.00154685974121094 -0.0273189544677734 -0.0219573974609375 0.0618629455566406
0.0162639617919922 -0.0287914276123047 -0.0343246459960938 0.0520401000976562
0.0291614532470703 -0.0252246856689453 -0.0359344482421875 0.0261802673339844
0.0437507629394531 -0.00254440307617188 -0.0228252410888672 0.00844573974609375
0.048126220703125 0.00981521606445313 0.0173587799072266 0.0179347991943359
0.0424232482910156 0.0165443420410156 0.0343666076660156 0.0659332275390625
0.0187034606933594 0.00184059143066406 0.0669631958007813 -0.0116386413574219
0.0290260314941406 -0.00237083435058594 0.0696258544921875 0.00667190551757812
0.0274829864501953 -0.0117416381835938 0.0487747192382812 0.0107536315917969
0.0131950378417969 -0.0198993682861328 0.0411376953125 0.0139884948730469
-0.00208663940429687 -0.0182304382324219 0.0298194885253906 0.0140647888183594
-0.0101003646850586 -0.00796318054199219 0.0228786468505859 0.0240726470947266
-0.00589656829833984 -0.0010228157043457 0.0207405090332031 0.0350227355957031
-0.00279903411865234 -0.00195479393005371 0.0143814086914063 0.0478134155273438
-0.00237202644348144 -0.00277519226074219 0.0014495849609375 0.0637741088867188
-0.00306081771850586 -0.00670957565307617 -0.023895263671875 0.0647239685058594
0.00503349304199219 -0.0125341415405273 -0.0368804931640625 0.0523262023925781
0.0144824981689453 -0.0133447647094727 -0.0370330810546875 0.0274772644042969
0.0238742828369141 0.00018310546875 -0.0220241546630859 0.00851631164550781
0.0246753692626953 0.006134033203125 0.0211277008056641 0.0202159881591797
0.0180797576904297 0.00799560546875 0.04229736328125 0.071380615234375
0.0120944976806641 0.0181198120117188 -0.045379638671875 -0.0614128112792969
0.00543355941772461 0.00304937362670898 -0.0120220184326172 -0.01763916015625
0.00333309173583984 0.00491571426391602 0.0297985076904297 -0.0046844482421875
0.0089874267578125 0.00256061553955078 0.0489234924316406 -0.0280342102050781
0.0107784271240234 -0.00462245941162109 0.0418930053710937 -0.05010986328125
0.00736713409423828 -0.0147294998168945 0.0186195373535156 -0.0701103210449219
-0.001373291015625 -0.0219249725341797 -0.00687026977539062 -0.066314697265625
-8.20159912109365E-05 -0.0210361480712891 -0.0190086364746094 -0.0451164245605469
0.00440597534179688 -0.0229244232177734 -0.0273780822753906 -0.0283737182617188
0.0130748748779297 -0.017974853515625 -0.0334548950195313 -0.0219058990478516
0.0177402496337891 -0.00511741638183594 -0.0402565002441406 -0.0102577209472656
0.0134124755859375 0.00819206237792969 -0.0427474975585938 -0.00978088378906249
-0.00301170349121094 0.0123023986816406 -0.054534912109375 -0.0126075744628906
-0.00477886199951172 0.00823020935058594 -0.0684890747070312 0.00189208984375
0.00147151947021484 0.0125465393066406 -0.0692405700683594 0.0138320922851563
0.0390739440917969 0.0290985107421875 -0.0341949462890625 -0.0546875
0.031524658203125 0.0116214752197266 0.000603675842285157 -0.0116138458251953
0.0281944274902344 0.00883293151855469 0.0381736755371094 -0.000572204589843749
0.0305023193359375 -0.00246810913085937 0.0552215576171875 -0.0242767333984375
0.0265159606933594 -0.0152854919433594 0.0452041625976563 -0.0441436767578125
0.0159244537353516 -0.0320091247558594 0.02008056640625 -0.0611190795898438
-3.05175781250009E-05 -0.040313720703125 -0.00390625 -0.0553817749023438
-0.000514984130859371 -0.03857421875 -0.0164299011230469 -0.0333595275878906
0.00191497802734375 -0.0426788330078125 -0.0259456634521484 -0.0147285461425781
0.0131568908691406 -0.039642333984375 -0.0361557006835938 -0.009674072265625
0.0270957946777344 -0.0257301330566406 -0.0440902709960938 3.81469726562431E-05
0.0301971435546875 -0.00843620300292969 -0.0447921752929687 -0.00327682495117188
0.0211334228515625 0.00928306579589844 -0.0517425537109375 -0.00340270996093751
0.0226173400878906 0.0114898681640625 -0.0602340698242188 0.0110969543457031
0.0276012420654297 0.0181007385253906 -0.0622177124023437 0.0241508483886719
0.0596351623535156 0.0371284484863281 -0.0162773132324219 -0.0436058044433594
0.0534591674804688 0.019439697265625 0.0176429748535156 -0.000968933105468749
0.0514106750488281 0.01275634765625 0.0476951599121094 0.00667953491210938
0.0499916076660156 -0.00715255737304687 0.0609893798828125 -0.0183753967285156
0.0399131774902344 -0.025115966796875 0.0456199645996094 -0.0359611511230469
0.0225715637207031 -0.0455284118652344 0.02056884765625 -0.0481605529785156
0.00115203857421874 -0.0532608032226562 -3.81469726562414E-06 -0.0389366149902344
-0.00139617919921875 -0.0508003234863281 -0.011195182800293 -0.0156822204589844
-0.00179672241210937 -0.0557060241699219 -0.0211105346679688 0.00337409973144531
0.0100860595703125 -0.0550117492675781 -0.0358047485351563 0.0081634521484375
0.0305366516113281 -0.0430488586425781 -0.0447845458984375 0.0148124694824219
0.0399856567382813 -0.0264739990234375 -0.0459785461425781 0.00659942626953125
0.0419197082519531 0.000579833984375 -0.0483512878417969 0.00408554077148437
0.0469131469726563 0.00949478149414063 -0.0472679138183594 0.018218994140625
0.0502815246582031 0.01910400390625 -0.0456657409667969 0.034515380859375
0.071380615234375 0.0397491455078125 0.00492668151855469 -0.0296669006347656
0.0683021545410156 0.0235099792480469 0.0354118347167969 0.0103034973144531
0.0697135925292969 0.0130996704101563 0.0557899475097656 0.0147819519042969
0.0641899108886719 -0.0131607055664062 0.0636978149414063 -0.0108451843261719
0.0472602844238281 -0.0333366394042969 0.0438346862792969 -0.0246734619140625
0.0256385803222656 -0.0530433654785156 0.0188503265380859 -0.0306472778320313
0.001068115234375 -0.0580406188964844 0.00254440307617188 -0.0183944702148438
-0.001617431640625 -0.0554656982421875 -0.00418257713317871 0.00335955619812011
-0.00457382202148437 -0.060455322265625 -0.013641357421875 0.0233402252197266
0.00567245483398437 -0.061553955078125 -0.0317535400390625 0.0278739929199219
0.0290298461914063 -0.053466796875 -0.0425262451171875 0.0307044982910156
0.0437850952148438 -0.0402946472167969 -0.0447540283203125 0.0160369873046875
0.0560264587402344 -0.00823211669921875 -0.0433387756347656 0.00891876220703125
0.0642509460449219 0.00577926635742188 -0.0309982299804687 0.0203571319580078
0.065032958984375 0.0190467834472656 -0.0245170593261719 0.04376220703125
0.0727386474609375 0.035308837890625 0.0267257690429688 -0.0182437896728516
0.0737762451171875 0.021392822265625 0.0523643493652344 0.0182647705078125
0.075897216796875 0.00865936279296875 0.0606002807617188 0.018768310546875
0.066925048828125 -0.0197868347167969 0.0613594055175781 -0.00234603881835938
0.0455131530761719 -0.0389556884765625 0.0394058227539062 -0.011871337890625
0.0215682983398438 -0.0535621643066406 0.0166969299316406 -0.0117435455322266
-0.000198364257812505 -0.0539207458496094 0.00661849975585938 0.00259065628051757
-0.00262451171875 -0.050384521484375 0.00233840942382813 0.0223865509033203
-0.00504684448242187 -0.0552787780761719 -0.00496292114257813 0.0413780212402344
0.0030670166015625 -0.0578079223632812 -0.0254325866699219 0.0452651977539063
0.0255928039550781 -0.0539474487304688 -0.037567138671875 0.0438804626464844
0.0420074462890625 -0.0452117919921875 -0.0414962768554688 0.0234298706054688
0.06134033203125 -0.0130844116210937 -0.03594970703125 0.0109100341796875
0.0707473754882813 0.004730224609375 -0.0114459991455078 0.0190105438232422
0.0686492919921875 0.019012451171875 -0.000526428222656244 0.0524635314941406
0.0626411437988281 0.0249443054199219 0.0465126037597656 -0.0105094909667969
0.0674362182617188 0.0139999389648438 0.0646743774414063 0.0193519592285156
0.0693893432617188 0.00100326538085938 0.0601348876953125 0.0190467834472656
0.0568809509277344 -0.024658203125 0.0556678771972656 0.00538253784179687
0.0337181091308594 -0.0380401611328125 0.0348930358886719 0.000959396362304685
0.0116424560546875 -0.0449638366699219 0.0172500610351562 0.00622177124023437
-0.00266265869140625 -0.04132080078125 0.0117778778076172 0.0202674865722656
-0.00364303588867188 -0.0382003784179687 0.00925827026367187 0.0369949340820312
-0.0041351318359375 -0.0426292419433594 0.00151824951171875 0.0557594299316406
0.000740051269531245 -0.04449462890625 -0.0205078125 0.05859375
0.0211677551269531 -0.0441360473632813 -0.0340538024902344 0.0526275634765625
0.0372200012207031 -0.0390052795410156 -0.0379219055175781 0.0279693603515625
0.0568504333496094 -0.0103569030761719 -0.0283184051513672 0.0112171173095703
0.0654716491699219 0.0054168701171875 0.00655364990234375 0.0179119110107422
0.0610084533691406 0.0178909301757813 0.0215072631835937 0.0616035461425781
0.0439529418945313 0.0120887756347656 0.0604286193847656 -0.00948333740234375
0.0509796142578125 0.00407028198242188 0.07147216796875 0.0147857666015625
0.0511741638183594 -0.0082244873046875 0.057373046875 0.0153923034667969
0.036102294921875 -0.0257644653320313 0.049468994140625 0.0108833312988281
0.0157070159912109 -0.0309810638427734 0.0319232940673828 0.00987815856933593
0.000442504882812502 -0.0277462005615234 0.0203971862792969 0.0188827514648438
-0.00504684448242187 -0.0210475921630859 0.0176715850830078 0.0315532684326172
-0.0030364990234375 -0.0202369689941406 0.01397705078125 0.0459632873535156
-0.00332260131835938 -0.0233879089355469 0.004913330078125 0.0644035339355469
7.62939453124751E-06 -0.0255661010742188 -0.019622802734375 0.0671615600585938
0.0145473480224609 -0.0281181335449219 -0.0340080261230469 0.0569000244140625
0.027435302734375 -0.0265979766845703 -0.0364456176757813 0.0305252075195312
0.0433616638183594 -0.00484848022460938 -0.0231533050537109 0.0111141204833984
0.0482368469238281 0.00665664672851562 0.0182170867919922 0.0189208984375
0.0428848266601563 0.0135307312011719 0.0383987426757813 0.0691032409667969
0.0183353424072266 -0.0006256103515625 0.0687980651855469 -0.0140419006347656
0.0282878875732422 -0.00549507141113281 0.0719985961914062 0.00487518310546875
0.0255508422851563 -0.0146503448486328 0.0523109436035156 0.0100631713867187
0.0115146636962891 -0.0205307006835938 0.0451698303222656 0.0129432678222656
-0.00459766387939453 -0.017420768737793 0.0333824157714844 0.0136089324951172
-0.0107889175415039 -0.00489616394042969 0.0255908966064453 0.0230274200439453
-0.00548315048217773 0.0024418830871582 0.0228061676025391 0.0344009399414063
-0.00231409072875977 0.000740766525268554 0.0178070068359375 0.0480804443359375
-0.00227236747741699 -0.000453948974609375 0.004913330078125 0.0661659240722656
-0.00345659255981445 -0.00451993942260742 -0.021728515625 0.0690460205078125
0.002960205078125 -0.0106773376464844 -0.0355453491210938 0.0572013854980469
0.0125246047973633 -0.0135335922241211 -0.03759765625 0.0306396484375
0.0232963562011719 -0.00100517272949219 -0.0232982635498047 0.0106487274169922
0.0231533050537109 0.00374221801757813 0.0217914581298828 0.0202922821044922
0.0170412063598633 0.005645751953125 0.0458984375 0.0739898681640625
0.0164203643798828 0.0197944641113281 -0.0474472045898437 -0.0602531433105469
0.00842189788818359 0.00298500061035156 -0.0109634399414063 -0.0174160003662109
0.00600957870483398 0.00402307510375977 0.0308551788330078 -0.00687026977539063
0.0110549926757813 0.000354766845703125 0.0487060546875 -0.0312881469726562
0.0115776062011719 -0.00701332092285156 0.039398193359375 -0.0527877807617188
0.006011962890625 -0.0179157257080078 0.0151519775390625 -0.070709228515625
-0.00392532348632812 -0.0241165161132813 -0.0103874206542969 -0.0657081604003906
-0.00256919860839843 -0.0232028961181641 -0.020782470703125 -0.0425033569335937
0.00196266174316406 -0.0256443023681641 -0.0288047790527344 -0.0253486633300781
0.0123119354248047 -0.0212554931640625 -0.0355720520019531 -0.0181503295898437
0.0195159912109375 -0.00821495056152344 -0.0423202514648437 -0.00650405883789063
0.0163965225219727 0.00691318511962891 -0.0444602966308594 -0.00719070434570313
-0.000278472900390626 0.0146684646606445 -0.0562591552734375 -0.00926971435546876
-0.00220203399658203 0.0115795135498047 -0.0685997009277344 0.00506210327148438
0.00392055511474609 0.0156974792480469 -0.06787109375 0.0181236267089844
0.042938232421875 0.0295295715332031 -0.0354461669921875 -0.053253173828125
0.0337772369384766 0.00986099243164063 0.0027761459350586 -0.0116939544677734
0.0305442810058594 0.00626945495605469 0.0398712158203125 -0.0030364990234375
0.0311450958251953 -0.00569534301757813 0.0550537109375 -0.0276412963867188
0.0255947113037109 -0.018890380859375 0.0433120727539062 -0.0464668273925781
0.0135498046875 -0.0351524353027344 0.01800537109375 -0.0611648559570313
-0.00368881225585938 -0.0422439575195313 -0.0056610107421875 -0.0543937683105469
-0.00452804565429687 -0.0406303405761719 -0.0169792175292969 -0.0305881500244141
-0.0020599365234375 -0.0452346801757813 -0.0262718200683594 -0.0109233856201172
0.0113601684570313 -0.0425033569335938 -0.0375480651855469 -0.00455093383789063
0.0277061462402344 -0.0287055969238281 -0.045501708984375 0.00487518310546875
0.0321865081787109 -0.0107536315917969 -0.0465812683105469 0.00057220458984374
0.0242404937744141 0.0105113983154297 -0.0531654357910156 -0.000385284423828124
0.0249385833740234 0.0132465362548828 -0.0597877502441406 0.0156135559082031
0.0303993225097656 0.0192394256591797 -0.0594406127929688 0.0292625427246094
0.0634651184082031 0.0356864929199219 -0.0168685913085937 -0.042327880859375
0.0554924011230469 0.017120361328125 0.0206661224365234 -0.00150108337402344
0.0536918640136719 0.00867080688476563 0.0509757995605469 0.0046844482421875
0.0502433776855469 -0.0106086730957031 0.0621681213378906 -0.0211944580078125
0.0382461547851562 -0.0284347534179687 0.0457725524902344 -0.0377769470214844
0.0195579528808594 -0.0481796264648438 0.0195236206054687 -0.0480422973632813
-0.00304412841796875 -0.0538291931152344 -0.000499725341796872 -0.0373420715332031
-0.00514602661132812 -0.0515098571777344 -0.0102338790893555 -0.0132675170898438
-0.00585174560546874 -0.0575828552246094 -0.0195560455322266 0.00746536254882812
0.00683975219726562 -0.0575103759765625 -0.0352592468261719 0.0140876770019531
0.0292091369628906 -0.045928955078125 -0.0451850891113281 0.0207176208496094
0.0405158996582031 -0.028961181640625 -0.0468254089355469 0.0107803344726562
0.0439682006835938 -0.000255584716796875 -0.0492210388183594 0.00797653198242187
0.0482864379882813 0.00922393798828125 -0.0460853576660156 0.02191162109375
0.0522651672363281 0.0191230773925781 -0.0431785583496094 0.0400619506835938
0.0736770629882813 0.0367431640625 0.00506401062011719 -0.0294189453125
0.0698776245117188 0.0201034545898438 0.0394363403320313 0.0100059509277344
0.0715179443359375 0.00887298583984375 0.060394287109375 0.0118446350097656
0.0640296936035156 -0.0177345275878906 0.0653762817382813 -0.0138778686523438
0.0452919006347656 -0.0366401672363281 0.0448379516601563 -0.02618408203125
0.0219268798828125 -0.055877685546875 0.0193939208984375 -0.0306167602539063
-0.002777099609375 -0.0583305358886719 0.0038299560546875 -0.0173416137695313
-0.0053863525390625 -0.0548095703125 -0.00252532958984375 0.00572490692138672
-0.00875854492187501 -0.0607833862304688 -0.00977706909179688 0.0268192291259766
0.00212478637695312 -0.0626640319824219 -0.0294551849365234 0.0336227416992187
0.0268783569335938 -0.0553436279296875 -0.0405464172363281 0.0363616943359375
0.0419769287109375 -0.0426750183105469 -0.0449256896972656 0.0205535888671875
0.0564193725585938 -0.0106163024902344 -0.0432052612304688 0.0132865905761719
0.0648460388183594 0.00394439697265625 -0.0285720825195312 0.0233325958251953
0.0663948059082031 0.0168724060058594 -0.0204429626464844 0.0491943359375
0.0741500854492188 0.0317459106445313 0.0275077819824219 -0.0181999206542969
0.0739974975585938 0.01800537109375 0.0561752319335938 0.0169944763183594
0.076904296875 0.0043182373046875 0.0650711059570313 0.0165176391601563
0.0654411315917969 -0.0234107971191406 0.0643196105957031 -0.00428390502929688
0.0425910949707031 -0.0413551330566406 0.0413627624511719 -0.012939453125
0.0181999206542969 -0.0542373657226562 0.0193309783935547 -0.0115222930908203
-0.00284576416015626 -0.0527763366699219 0.00878715515136719 0.00294780731201172
-0.00555801391601563 -0.0501174926757813 0.00539207458496094 0.0239067077636719
-0.00804901123046875 -0.0545654296875 -0.000823974609374998 0.0446319580078125
-0.000576019287109372 -0.0571746826171875 -0.0222969055175781 0.051025390625
0.0225334167480469 -0.0547447204589844 -0.034759521484375 0.0494384765625
0.0396308898925781 -0.0472030639648438 -0.0404281616210938 0.0283927917480469
0.0606918334960938 -0.0165290832519531 -0.0352592468261719 0.0148429870605469
0.0705795288085938 0.0008544921875 -0.00957679748535156 0.0219650268554688
0.0697174072265625 0.0150718688964844 0.00378036499023438 0.05682373046875
0.0629348754882813 0.0212059020996094 0.0468673706054688 -0.0113487243652344
0.0666580200195313 0.010040283203125 0.0678634643554688 0.0180091857910156
0.0693397521972656 -0.0028839111328125 0.06475830078125 0.0172500610351563
0.0547370910644531 -0.0272903442382813 0.0588455200195313 0.003570556640625
0.030487060546875 -0.0384712219238281 0.0373153686523438 -0.000743865966796877
0.00997161865234375 -0.0444297790527344 0.0194931030273438 0.00600433349609375
-0.00435256958007813 -0.0393829345703125 0.0142993927001953 0.0206985473632813
-0.0048828125 -0.0363044738769531 0.0128936767578125 0.0381698608398438
-0.00567626953125 -0.0400390625 0.00732040405273437 0.0580253601074219
-0.00102615356445313 -0.0433807373046875 -0.0160942077636719 0.0634651184082031
0.018096923828125 -0.0441818237304688 -0.0298995971679687 0.0579299926757813
0.0336494445800781 -0.0402908325195313 -0.0368080139160156 0.0324211120605469
0.0551681518554688 -0.013275146484375 -0.0281009674072266 0.0146656036376953
0.0639572143554688 0.00114822387695313 0.00776672363281251 0.0187053680419922
0.0601425170898438 0.0133209228515625 0.0262908935546875 0.0635833740234375
0.0430717468261719 0.0078277587890625 0.060791015625 -0.0112419128417969
0.0491600036621094 0.0003814697265625 0.073944091796875 0.012847900390625
0.049285888671875 -0.0119857788085938 0.0603256225585938 0.0135078430175781
0.0333251953125 -0.0274238586425781 0.0523147583007813 0.00926971435546875
0.0120601654052734 -0.0296802520751953 0.0349845886230469 0.00771331787109375
-0.00139808654785156 -0.0257415771484375 0.0234279632568359 0.0177040100097656
-0.00489997863769531 -0.0183601379394531 0.0196990966796875 0.0309467315673828
-0.00330162048339844 -0.0176830291748047 0.018218994140625 0.0467185974121094
-0.00270652770996094 -0.0198726654052734 0.0104751586914063 0.0650177001953125
-0.000898361206054687 -0.0233860015869141 -0.0153656005859375 0.0704498291015625
0.0115947723388672 -0.0264511108398438 -0.0304222106933594 0.061431884765625
0.0238819122314453 -0.0270595550537109 -0.0350399017333984 0.0345058441162109
0.0411796569824219 -0.00690460205078125 -0.0236091613769531 0.0133533477783203
0.0459365844726563 0.00353240966796875 0.0195026397705078 0.0190238952636719
0.0413589477539062 0.0100440979003906 0.042449951171875 0.0704116821289063
0.0165214538574219 -0.00366783142089844 0.0669136047363281 -0.0174369812011719
0.0257415771484375 -0.00849342346191406 0.0731201171875 0.0020599365234375
0.0235671997070313 -0.0173912048339844 0.0539970397949219 0.00802993774414062
0.00758743286132813 -0.0212841033935547 0.0483512878417969 0.0110626220703125
-0.00722980499267578 -0.0146017074584961 0.0354728698730469 0.0106353759765625
-0.0111417770385742 -0.0012054443359375 0.0282745361328125 0.0209312438964844
-0.00389814376831055 0.00516605377197266 0.0255031585693359 0.0328235626220703
-0.00110578536987305 0.00321602821350098 0.0207328796386719 0.0472488403320313
-0.000614762306213379 0.00190126895904541 0.00970840454101562 0.0670547485351563
-0.00251674652099609 -0.00109672546386719 -0.017730712890625 0.0719985961914063
0.00160121917724609 -0.0085291862487793 -0.0320930480957031 0.0601768493652344
0.00981521606445313 -0.0122566223144531 -0.0367279052734375 0.0346412658691406
0.0210437774658203 -0.00211524963378906 -0.0233230590820312 0.0127811431884766
0.0207748413085937 0.00177383422851562 0.0218791961669922 0.0200042724609375
0.0147428512573242 0.00305747985839844 0.049774169921875 0.0743026733398438
0.0198383331298828 0.0208225250244141 -0.0480575561523438 -0.0582389831542969
0.0112648010253906 0.00251483917236328 -0.0098724365234375 -0.0177116394042969
0.00766181945800781 0.00226068496704102 0.0316944122314453 -0.00896644592285156
0.0118551254272461 -0.00232887268066406 0.0463905334472656 -0.0333633422851562
0.0110301971435547 -0.010406494140625 0.0369071960449219 -0.0530471801757813
0.00321197509765625 -0.0207977294921875 0.0119285583496094 -0.0691146850585938
-0.00724983215332031 -0.0255603790283203 -0.0124473571777344 -0.0634269714355469
-0.00566482543945312 -0.0249099731445313 -0.0215797424316406 -0.0401420593261719
-0.00160026550292969 -0.0279617309570313 -0.0285415649414063 -0.0218906402587891
0.0108604431152344 -0.0241966247558594 -0.0358467102050781 -0.0140113830566406
0.0203723907470703 -0.0109786987304688 -0.0428009033203125 -0.00260543823242188
0.0190906524658203 0.0047607421875 -0.0454254150390625 -0.00450134277343749
0.00368022918701172 0.0162429809570313 -0.0567207336425781 -0.00711822509765625
0.00126171112060547 0.0142707824707031 -0.0669479370117188 0.00706863403320313
0.0069580078125 0.0178337097167969 -0.0645217895507813 0.0205459594726562
0.0457649230957031 0.0285072326660156 -0.0345726013183594 -0.0508689880371094
0.0357246398925781 0.00801467895507813 0.0049591064453125 -0.0115547180175781
0.0321998596191406 0.003631591796875 0.041290283203125 -0.00496292114257813
0.0314846038818359 -0.00884056091308594 0.0542373657226563 -0.0296211242675781
0.0243682861328125 -0.0212459564208984 0.041229248046875 -0.0463790893554688
0.0101737976074219 -0.0372467041015625 0.0162239074707031 -0.05999755859375
-0.00734329223632813 -0.0422744750976563 -0.00683212280273438 -0.0514602661132813
-0.00759506225585938 -0.0408935546875 -0.0160026550292969 -0.0277862548828125
-0.00595855712890625 -0.0466842651367188 -0.0242729187011719 -0.00777435302734375
0.0089874267578125 -0.0446014404296875 -0.0360374450683594 0.000232696533203124
0.0277004241943359 -0.0311489105224609 -0.0447463989257813 0.00955963134765625
0.0339584350585938 -0.0131683349609375 -0.0459976196289063 0.0040283203125
0.0269145965576172 0.0106239318847656 -0.0528831481933594 0.00267791748046875
0.02703857421875 0.0143852233886719 -0.0569992065429688 0.0176315307617187
0.0323619842529297 0.0199928283691406 -0.0551948547363281 0.0323715209960937
0.0652046203613281 0.0336036682128906 -0.0155677795410156 -0.0404434204101563
0.0556564331054688 0.014251708984375 0.0233860015869141 -0.00185012817382812
0.05419921875 0.00577163696289063 0.05242919921875 0.00197601318359375
0.0493659973144531 -0.0141220092773437 0.0616722106933594 -0.0234222412109375
0.0360069274902344 -0.0307235717773438 0.0447921752929688 -0.0377731323242188
0.0164680480957031 -0.0492286682128906 0.0197563171386719 -0.046783447265625
-0.00671005249023437 -0.0536613464355469 -0.000459671020507812 -0.0349941253662109
-0.00863265991210937 -0.0506401062011719 -0.008575439453125 -0.0108747482299805
-0.00961685180664063 -0.0568923950195313 -0.0162849426269531 0.0105514526367187
0.0040130615234375 -0.0574455261230469 -0.0326862335205078 0.0187759399414062
0.02728271484375 -0.0473060607910156 -0.0424652099609375 0.025390625
0.04022216796875 -0.0305252075195313 -0.0454864501953125 0.014739990234375
0.0448112487792969 -0.000179290771484375 -0.0476722717285156 0.011199951171875
0.0494232177734375 0.00920867919921875 -0.0428390502929688 0.0239639282226563
0.0526161193847656 0.0189056396484375 -0.038360595703125 0.0427970886230469
0.0741500854492187 0.0335235595703125 0.00638008117675782 -0.0280246734619141
0.0684967041015625 0.0168228149414063 0.0416831970214844 0.00911712646484375
0.0705184936523437 0.00530242919921875 0.061920166015625 0.00936126708984375
0.0616111755371094 -0.0204238891601563 0.0660171508789063 -0.0155868530273438
0.0423469543457031 -0.0374946594238281 0.0448532104492188 -0.0267066955566406
0.0189933776855469 -0.0552749633789063 0.0209255218505859 -0.0296363830566406
-0.00528717041015625 -0.0565261840820313 0.00566291809082031 -0.0158510208129883
-0.00842666625976562 -0.05322265625 0.000529289245605468 0.00741004943847656
-0.0112113952636719 -0.059112548828125 -0.00538253784179688 0.0292205810546875
-0.000442504882812496 -0.0614356994628906 -0.025543212890625 0.0378532409667969
0.0236892700195313 -0.0553092956542969 -0.0371017456054687 0.0409660339355469
0.0399246215820313 -0.044097900390625 -0.04229736328125 0.0249786376953125
0.0559310913085938 -0.0118446350097656 -0.0416183471679688 0.0164566040039062
0.0639076232910156 0.00237655639648437 -0.0254268646240234 0.0251884460449219
0.0650253295898438 0.0157432556152344 -0.01580810546875 0.0519599914550781
0.0725173950195313 0.0276260375976563 0.0284671783447266 -0.0177268981933594
0.0711288452148438 0.0145645141601563 0.0583114624023438 0.0161361694335938
0.0746383666992188 0.0010528564453125 0.0668869018554688 0.0140457153320313
0.0624008178710938 -0.02532958984375 0.0649909973144531 -0.0062713623046875
0.0393142700195313 -0.0406494140625 0.0423202514648438 -0.0137214660644531
0.0157356262207031 -0.0534934997558594 0.0213871002197266 -0.0113162994384766
-0.00453567504882812 -0.0504798889160156 0.0109987258911133 0.00353431701660156
-0.00696182250976563 -0.0469169616699219 0.00870513916015625 0.0244579315185547
-0.00999069213867188 -0.0520782470703125 0.00460433959960938 0.0457038879394531
-0.00323867797851562 -0.0548057556152344 -0.0170669555664062 0.0538558959960938
0.0194320678710938 -0.0531158447265625 -0.0299949645996094 0.0529098510742188
0.0355339050292969 -0.0464973449707031 -0.0379219055175781 0.03240966796875
0.0581893920898438 -0.0172653198242188 -0.0340633392333984 0.0180072784423828
0.0678634643554688 -0.001556396484375 -0.00715827941894531 0.0228557586669922
0.0672798156738281 0.0127372741699219 0.00800323486328126 0.0588150024414063
0.0608673095703125 0.0172805786132813 0.0468940734863281 -0.0112876892089844
0.0626945495605469 0.00713348388671875 0.0691680908203125 0.0170097351074219
0.0663108825683594 -0.00664138793945313 0.0660781860351563 0.0152244567871094
0.0506210327148437 -0.0278778076171875 0.060455322265625 0.00139999389648437
0.0270462036132813 -0.0374031066894531 0.0387306213378906 -0.00179290771484375
0.00799179077148438 -0.0420303344726563 0.0221271514892578 0.00507736206054687
-0.00418853759765625 -0.0362091064453125 0.0165519714355469 0.0199241638183594
-0.00479698181152343 -0.0341720581054688 0.0162353515625 0.0379371643066406
-0.00645828247070312 -0.0370903015136719 0.0120429992675781 0.0574684143066406
-0.00188446044921875 -0.0395317077636719 -0.0109405517578125 0.0655593872070313
0.0153350830078125 -0.0416107177734375 -0.0257911682128906 0.0603179931640625
0.0297584533691406 -0.0391883850097656 -0.0338783264160156 0.0356483459472656
0.0515403747558594 -0.0145378112792969 -0.0266132354736328 0.0169448852539063
0.0602645874023438 -0.00120162963867188 0.00954818725585938 0.0197849273681641
0.0571060180664063 0.00992584228515625 0.0295753479003906 0.0646476745605469
0.0398216247558594 0.00466537475585938 0.0593490600585938 -0.0118217468261719
0.0453376770019531 -0.00253677368164063 0.0739212036132813 0.0106430053710938
0.0451507568359375 -0.014434814453125 0.0613136291503906 0.0119438171386719
0.0293254852294922 -0.0261650085449219 0.0537185668945313 0.00727081298828125
0.00919723510742188 -0.0269203186035156 0.0361595153808594 0.00592803955078125
-0.001800537109375 -0.0222110748291016 0.0252895355224609 0.0153713226318359
-0.00359439849853516 -0.0152597427368164 0.0219535827636719 0.0294265747070312
-0.00229263305664062 -0.0146694183349609 0.0204010009765625 0.0451736450195313
-0.00208568572998047 -0.0173788070678711 0.0147933959960937 0.0641021728515625
-0.000797271728515624 -0.019287109375 -0.0100326538085938 0.0718536376953125
0.00922203063964844 -0.0239276885986328 -0.0252189636230469 0.0629959106445313
0.0206985473632813 -0.0251083374023438 -0.0320091247558594 0.0369796752929687
0.0371131896972656 -0.00817108154296875 -0.0225715637207031 0.0153865814208984
0.0418243408203125 0.0009765625 0.0195579528808594 0.0187129974365234
0.0378379821777344 0.00706100463867188 0.0445365905761719 0.0698814392089844
0.0138988494873047 -0.00589942932128906 0.0644912719726563 -0.0187797546386719
0.0218086242675781 -0.0106906890869141 0.071380615234375 0.0012664794921875
0.0185794830322266 -0.0185680389404297 0.0552253723144531 0.00646209716796875
0.00356292724609375 -0.0197982788085938 0.049957275390625 0.0092620849609375
-0.00937843322753906 -0.0112857818603516 0.0368270874023438 0.00746917724609375
-0.00989913940429688 0.00196552276611328 0.0286598205566406 0.0170822143554687
-0.00112676620483398 0.00768184661865234 0.0254001617431641 0.0302505493164063
0.00103902816772461 0.00622177124023437 0.0217933654785156 0.0450935363769531
0.00190258026123047 0.00501060485839844 0.0126914978027344 0.064483642578125
-0.00132405757904053 0.00212252140045166 -0.012847900390625 0.07281494140625
0.00132417678833008 -0.00517797470092773 -0.0282402038574219 0.0618743896484375
0.00733470916748047 -0.0100593566894531 -0.03350830078125 0.0362586975097656
0.0173425674438477 -0.00208187103271484 -0.0230789184570313 0.0143814086914063
0.0167341232299805 9.72747802734375E-05 0.0213184356689453 0.0192184448242188
0.0114221572875977 0.000787734985351562 0.0509414672851563 0.072357177734375
0.0234565734863281 0.0208988189697266 -0.0453453063964844 -0.0579452514648437
0.0136013031005859 0.00173377990722656 -0.00848388671875 -0.0186672210693359
0.0101165771484375 0.000516891479492188 0.0315418243408203 -0.0103721618652344
0.0125856399536133 -0.00522518157958984 0.0452003479003906 -0.0331764221191406
0.00985527038574219 -0.0123481750488281 0.0355148315429688 -0.0512962341308594
0.00101280212402344 -0.0228691101074219 0.0113296508789063 -0.0662269592285156
-0.0102024078369141 -0.0263671875 -0.0122947692871094 -0.0604515075683594
-0.00866317749023438 -0.0251140594482422 -0.0195579528808594 -0.037689208984375
-0.0047607421875 -0.0297889709472656 -0.0263690948486328 -0.0194683074951172
0.00881576538085938 -0.0267467498779297 -0.0346260070800781 -0.0110130310058594
0.0201206207275391 -0.0140552520751953 -0.0417671203613281 -0.000110626220703129
0.0212059020996094 0.00234603881835937 -0.0452003479003906 -0.00318145751953125
0.00716590881347656 0.0167217254638672 -0.0557975769042969 -0.00630569458007812
0.00459384918212891 0.0162324905395508 -0.0647621154785156 0.00665283203124999
0.00975608825683594 0.0206127166748047 -0.0612106323242187 0.0203323364257813
0.0477142333984375 0.0286064147949219 -0.0316162109375 -0.0505943298339844
0.0368537902832031 0.00741195678710937 0.00710391998291016 -0.0121612548828125
0.0328693389892578 0.00165939331054688 0.0420188903808594 -0.00653076171875
0.0306892395019531 -0.0107898712158203 0.0531845092773438 -0.0292167663574219
0.0225086212158203 -0.0231685638427734 0.0411911010742188 -0.0448684692382812
0.00750350952148438 -0.0388679504394531 0.0169258117675781 -0.0571937561035156
-0.010040283203125 -0.0420455932617188 -0.00539016723632812 -0.04901123046875
-0.00992584228515625 -0.040435791015625 -0.0137710571289062 -0.02520751953125
-0.00847625732421875 -0.0468902587890625 -0.0211353302001953 -0.00521469116210937
0.00711822509765625 -0.0457763671875 -0.0339241027832031 0.003509521484375
0.0268497467041016 -0.032928466796875 -0.042877197265625 0.0124320983886719
0.0344047546386719 -0.0145111083984375 -0.045440673828125 0.00604248046874999
0.0298500061035156 0.011627197265625 -0.0516700744628906 0.00389480590820312
0.0299758911132813 0.0164470672607422 -0.054656982421875 0.0173721313476563
0.0337142944335938 0.0222911834716797 -0.0509262084960938 0.0322799682617188
0.0647850036621094 0.0333099365234375 -0.0125694274902344 -0.0389671325683594
0.05517578125 0.0132369995117187 0.0255832672119141 -0.00252342224121094
0.0532569885253906 0.0041046142578125 0.0534629821777344 0.000644683837890625
0.0475921630859375 -0.0156097412109375 0.0618019104003906 -0.0235366821289063
0.0338649749755859 -0.0311317443847656 0.0448341369628906 -0.0364265441894531
0.0138359069824219 -0.0496406555175781 0.0207672119140625 -0.0442085266113281
-0.00823211669921875 -0.0526161193847656 0.00166702270507812 -0.0332164764404297
-0.00976943969726563 -0.0497093200683594 -0.00511932373046875 -0.00882911682128907
-0.0112037658691406 -0.0566520690917969 -0.0122098922729492 0.0124378204345703
0.00325393676757812 -0.0576896667480469 -0.0293521881103516 0.0217552185058594
0.0269279479980469 -0.047760009765625 -0.0399017333984375 0.0282363891601562
0.0403366088867188 -0.0307579040527344 -0.0436515808105469 0.0172386169433594
0.0460166931152344 0.00045013427734375 -0.0463294982910156 0.0124931335449219
0.0494651794433594 0.010894775390625 -0.0400314331054688 0.0238265991210938
0.0526123046875 0.0204124450683594 -0.0337562561035156 0.0435676574707031
0.0718612670898438 0.0328903198242188 0.00895309448242188 -0.0266819000244141
0.0666770935058594 0.0159378051757813 0.0438461303710938 0.00794219970703125
0.0685310363769531 0.00360107421875 0.0628242492675781 0.00827407836914063
0.05950927734375 -0.0205574035644531 0.066131591796875 -0.0154609680175781
0.0398521423339844 -0.0371055603027344 0.0452003479003906 -0.0260887145996094
0.0174026489257813 -0.0543594360351563 0.0225257873535156 -0.0283927917480469
-0.00597763061523438 -0.0549468994140625 0.00811100006103516 -0.0146722793579102
-0.008941650390625 -0.0507621765136719 0.00340509414672852 0.00822973251342773
-0.0119094848632813 -0.0573387145996094 -0.00159454345703125 0.0299301147460937
-0.0014801025390625 -0.0593185424804688 -0.0216712951660156 0.0400848388671875
0.0228118896484375 -0.0537986755371094 -0.033782958984375 0.0434074401855469
0.0385093688964844 -0.0424308776855469 -0.0403404235839844 0.0271072387695313
0.0548095703125 -0.0102005004882813 -0.0397491455078125 0.0180435180664063
0.0627555847167969 0.00390243530273438 -0.0229072570800781 0.0260467529296875
0.0630149841308594 0.0164566040039063 -0.0122032165527344 0.0524444580078125
0.0687942504882813 0.0274391174316406 0.0299835205078125 -0.0157814025878906
0.0677261352539062 0.01458740234375 0.059539794921875 0.0156974792480469
0.0716552734375 0.000152587890625 0.0679855346679688 0.013427734375
0.0598526000976563 -0.0243263244628906 0.065948486328125 -0.00677871704101563
0.0371322631835938 -0.0380668640136719 0.0432548522949219 -0.0133094787597656
0.0152015686035156 -0.0507240295410156 0.0230827331542969 -0.0110874176025391
-0.00414657592773438 -0.0479240417480469 0.0137434005737305 0.00439453125
-0.00640106201171875 -0.04461669921875 0.0118083953857422 0.0243911743164062
-0.010009765625 -0.0492057800292969 0.00855636596679688 0.0454368591308594
-0.00294113159179688 -0.0515823364257813 -0.0133514404296875 0.0554084777832031
0.0186958312988281 -0.0505790710449219 -0.0267829895019531 0.0548439025878906
0.0340003967285156 -0.0441017150878906 -0.035064697265625 0.0337600708007813
0.0556602478027344 -0.015960693359375 -0.0315418243408203 0.0198993682861328
0.0651512145996094 -0.00092315673828125 -0.00508880615234374 0.0238437652587891
0.0634422302246094 0.0129661560058594 0.0113105773925781 0.0595436096191406
0.0561714172363281 0.0159873962402344 0.0468254089355469 -0.0097808837890625
0.0578994750976563 0.0072021484375 0.0696792602539063 0.0173835754394531
0.0614204406738281 -0.00636672973632813 0.0674781799316406 0.0149269104003906
0.047882080078125 -0.0258827209472656 0.0609893798828125 0.00151443481445312
0.0251560211181641 -0.0337696075439453 0.0395088195800781 -0.00228500366210938
0.00812149047851563 -0.0383529663085938 0.0240249633789062 0.00473594665527343
-0.00343894958496094 -0.0335865020751953 0.0183582305908203 0.0200119018554687
-0.00314903259277344 -0.0310535430908203 0.0175933837890625 0.0368576049804687
-0.00530624389648438 -0.0341835021972656 0.0153999328613281 0.0565452575683594
-0.00136947631835938 -0.0357780456542969 -0.00782394409179688 0.0660934448242188
0.0143585205078125 -0.0376548767089844 -0.0224876403808594 0.0614013671875
0.0276527404785156 -0.0362167358398438 -0.031463623046875 0.0371513366699219
0.0480842590332031 -0.0134201049804688 -0.0250453948974609 0.0185146331787109
0.0558738708496094 -0.000972747802734375 0.0103054046630859 0.0211315155029297
0.0529327392578125 0.00922775268554688 0.0314369201660156 0.0653457641601563
0.0355949401855469 0.00343704223632813 0.0572166442871094 -0.009857177734375
0.0400657653808594 -0.00225067138671875 0.073089599609375 0.0118560791015625
0.0410232543945313 -0.0142402648925781 0.0623550415039063 0.0117263793945312
0.0261573791503906 -0.0239696502685547 0.0547370910644531 0.00682830810546875
0.00792884826660156 -0.0234699249267578 0.0373344421386719 0.0051422119140625
-0.000547409057617187 -0.0185298919677734 0.0255794525146484 0.0139141082763672
-0.00126361846923828 -0.0130348205566406 0.0220088958740234 0.0283641815185547
-5.14984130859369E-05 -0.0117387771606445 0.0212287902832031 0.0433387756347656
0.000255584716796873 -0.0147571563720703 0.0171318054199219 0.0622024536132812
0.000524520874023438 -0.0158977508544922 -0.00691223144531249 0.071441650390625
0.0093231201171875 -0.0190925598144531 -0.0220565795898437 0.0631484985351563
0.0177421569824219 -0.0213279724121094 -0.0302200317382812 0.0378303527832031
0.0337181091308594 -0.00684738159179687 -0.0211238861083984 0.0173702239990234
0.0369796752929688 0.000545501708984375 0.0194034576416016 0.0193710327148438
0.0325946807861328 0.00558280944824219 0.0446701049804688 0.0703964233398438
0.00978565216064453 -0.0075531005859375 0.0615653991699219 -0.0167427062988281
0.0170412063598633 -0.0110683441162109 0.0702018737792969 0.00274276733398437
0.0146903991699219 -0.0189075469970703 0.0556182861328125 0.00712966918945313
0.000795364379882811 -0.0175762176513672 0.0502357482910156 0.00774383544921875
-0.0104198455810547 -0.00724506378173828 0.0362930297851563 0.005157470703125
-0.00830793380737305 0.00552797317504883 0.0282077789306641 0.0146942138671875
0.00162124633789062 0.0100650787353516 0.0240287780761719 0.0280857086181641
0.00324153900146484 0.00806283950805664 0.0216522216796875 0.0429000854492188
0.00448036193847656 0.00734663009643555 0.013824462890625 0.0627212524414063
0.00123691558837891 0.00542831420898438 -0.0107498168945312 0.07110595703125
0.00135993957519531 -0.00120031833648682 -0.0260429382324219 0.0608253479003906
0.00584316253662109 -0.00646781921386719 -0.0322914123535156 0.0368881225585937
0.0142898559570313 -0.000760078430175781 -0.0231056213378906 0.0149097442626953
0.0122127532958984 0.000256538391113281 0.0196514129638672 0.0197925567626953
0.00688552856445313 -0.000501155853271484 0.04974365234375 0.0717926025390625
0.0278587341308594 0.0226955413818359 -0.0420684814453125 -0.0603065490722656
0.0167608261108398 0.000940322875976563 -0.00587654113769531 -0.0202541351318359
0.012110710144043 -0.00203418731689453 0.0319271087646484 -0.0109081268310547
0.0130071640014648 -0.00800132751464844 0.0452156066894531 -0.0327186584472656
0.00936031341552735 -0.0155010223388672 0.0360908508300781 -0.0500221252441406
-0.00150680541992188 -0.0253219604492188 0.0125389099121094 -0.0652046203613281
-0.0131626129150391 -0.0278511047363281 -0.0102653503417969 -0.0593185424804688
-0.0113506317138672 -0.0266494750976562 -0.0172920227050781 -0.037139892578125
-0.00803375244140625 -0.0316066741943359 -0.023834228515625 -0.0184555053710938
0.00734138488769531 -0.0298213958740234 -0.0331001281738281 -0.00937461853027343
0.0211315155029297 -0.0168800354003906 -0.041229248046875 0.000911712646484371
0.0232734680175781 0.0005035400390625 -0.0455894470214844 -0.00291824340820312
0.0112419128417969 0.0171089172363281 -0.0564231872558594 -0.00762939453125
0.0085601806640625 0.0181407928466797 -0.0648994445800781 0.00388336181640624
0.0135917663574219 0.0225257873535156 -0.0594444274902344 0.0176773071289062
0.04962158203125 0.0302886962890625 -0.0272560119628906 -0.0517082214355469
0.0384864807128906 0.00687026977539063 0.0094747543334961 -0.0137710571289063
0.03375244140625 0.000457763671875 0.0426521301269531 -0.0065460205078125
0.0312614440917969 -0.0129222869873047 0.0538787841796875 -0.0288352966308594
0.0217990875244141 -0.0243873596191406 0.042144775390625 -0.0431976318359375
0.00563430786132812 -0.0399284362792969 0.0196571350097656 -0.0558547973632812
-0.0124664306640625 -0.0427818298339844 -0.00237274169921875 -0.0479812622070313
-0.0117149353027344 -0.0412139892578125 -0.0102138519287109 -0.0247688293457031
-0.0100288391113281 -0.0478172302246094 -0.0173711776733398 -0.00375556945800782
0.006378173828125 -0.0482177734375 -0.0313949584960938 0.00526428222656249
0.0285301208496094 -0.0348892211914063 -0.0414543151855469 0.0138969421386719
0.0368385314941406 -0.0152969360351562 -0.0450668334960938 0.00693893432617188
0.0328845977783203 0.0130996704101563 -0.0517234802246094 0.003509521484375
0.0327720642089844 0.0190315246582031 -0.0531044006347656 0.015106201171875
0.0355262756347656 0.0258560180664063 -0.0487556457519531 0.0310401916503906
0.0654144287109375 0.0354652404785156 -0.0079803466796875 -0.0392875671386719
0.0555000305175781 0.0141448974609375 0.0284080505371094 -0.00292587280273437
0.0541648864746094 0.00353622436523438 0.0551033020019531 0.0001678466796875
0.0472831726074219 -0.0161552429199219 0.0633087158203125 -0.022369384765625
0.0325584411621094 -0.0308837890625 0.0467681884765625 -0.0345573425292969
0.0129508972167969 -0.0494918823242188 0.0243453979492188 -0.0427589416503906
-0.00868988037109374 -0.0522499084472656 0.005523681640625 -0.0322780609130859
-0.0101852416992187 -0.0496749877929687 -0.00162887573242188 -0.00815773010253907
-0.0116729736328125 -0.0570487976074219 -0.00801372528076172 0.0133562088012695
0.00326919555664062 -0.0582847595214844 -0.0264797210693359 0.0234508514404297
0.028411865234375 -0.0484962463378906 -0.037841796875 0.0309371948242187
0.0421943664550781 -0.0313529968261719 -0.0429954528808594 0.0179672241210938
0.0485763549804687 0.00281524658203125 -0.0459175109863281 0.0126914978027344
0.0513839721679687 0.0139503479003906 -0.0383453369140625 0.0231666564941406
0.0528488159179688 0.0240592956542969 -0.0311241149902344 0.0434989929199219
0.0705718994140625 0.0348434448242188 0.0128574371337891 -0.0258216857910156
0.0645332336425781 0.0180282592773438 0.0467109680175781 0.00876617431640625
0.0671310424804687 0.00470733642578125 0.064910888671875 0.00844955444335938
0.0588150024414063 -0.0196189880371094 0.0681266784667969 -0.0147705078125
0.0394821166992188 -0.0354881286621094 0.0478744506835938 -0.02459716796875
0.0170249938964844 -0.0536727905273438 0.0260200500488281 -0.0274677276611328
-0.00499725341796875 -0.0537834167480469 0.011378288269043 -0.0134716033935547
-0.00775146484374999 -0.0503959655761719 0.0069580078125 0.00857162475585937
-0.0108833312988281 -0.0571670532226562 0.00256156921386718 0.0309028625488281
-0.000663757324218754 -0.0591049194335937 -0.0181846618652344 0.0421218872070312
0.0252037048339844 -0.0536270141601563 -0.0316963195800781 0.0455780029296875
0.0405616760253906 -0.0415229797363281 -0.0391921997070312 0.0282745361328125
0.0565414428710938 -0.00809860229492188 -0.0387153625488281 0.0186691284179688
0.0624198913574219 0.0073394775390625 -0.0212879180908203 0.025787353515625
0.0619430541992188 0.0200233459472656 -0.00967407226562499 0.0539894104003906
0.0663108825683594 0.0290069580078125 0.0327606201171875 -0.0136146545410156
0.0643348693847656 0.0166969299316406 0.0614700317382813 0.0176277160644531
0.069793701171875 0.00249099731445313 0.0695533752441406 0.0146827697753906
0.0594253540039063 -0.0215377807617188 0.0685577392578125 -0.00473785400390625
0.0370597839355469 -0.0358543395996094 0.0455207824707031 -0.0127372741699219
0.0161819458007813 -0.0488548278808594 0.0265254974365234 -0.0106048583984375
-0.00213241577148437 -0.0468292236328125 0.016047477722168 0.00495529174804687
-0.00432586669921875 -0.0434036254882813 0.0150794982910156 0.024932861328125
-0.00745773315429687 -0.048614501953125 0.0118484497070312 0.0456733703613281
-0.000888824462890625 -0.0499458312988281 -0.0103683471679688 0.0569114685058594
0.0198707580566406 -0.0484848022460938 -0.0246238708496094 0.0564384460449219
0.0349464416503906 -0.0416297912597656 -0.0335769653320313 0.0355873107910156
0.0557861328125 -0.0131072998046875 -0.0304965972900391 0.0204257965087891
0.063201904296875 0.00225067138671875 -0.00298881530761718 0.024169921875
0.0610504150390625 0.0157356262207031 0.0132942199707031 0.0622177124023438
0.0522193908691406 0.0173683166503906 0.0480766296386719 -0.00639724731445312
0.0536041259765625 0.00945663452148437 0.0707855224609375 0.0193939208984375
0.0588226318359375 -0.00390243530273438 0.0686798095703125 0.0168075561523438
0.0469093322753906 -0.0227012634277344 0.0628242492675781 0.00246429443359375
0.0254440307617187 -0.0297927856445312 0.0411186218261719 -0.00206756591796875
0.0101852416992188 -0.0359420776367188 0.02581787109375 0.00455665588378906
0.000219345092773438 -0.0318317413330078 0.0202770233154297 0.0199871063232422
-0.000156402587890627 -0.028594970703125 0.019622802734375 0.0366363525390625
-0.0021820068359375 -0.0323371887207031 0.0173072814941406 0.0564117431640625
0.00124549865722656 -0.0335979461669922 -0.00568389892578125 0.0670242309570313
0.0154399871826172 -0.0339431762695313 -0.0206222534179687 0.0626411437988281
0.0276622772216797 -0.0324363708496094 -0.0303573608398437 0.0382499694824219
0.0455703735351563 -0.0101699829101563 -0.0244083404541016 0.0196208953857422
0.0525398254394531 0.00203704833984375 0.0113372802734375 0.0217723846435547
0.0485191345214844 0.0112075805664063 0.0324440002441406 0.0683326721191406
0.0315971374511719 0.0035400390625 0.0576324462890625 -0.00610733032226563
0.0350227355957031 -0.00110626220703125 0.0736541748046875 0.0152740478515625
0.0369987487792969 -0.0118789672851562 0.0638504028320313 0.0139884948730469
0.0244789123535156 -0.0207386016845703 0.0564308166503906 0.00726318359375
0.00812149047851563 -0.0188350677490234 0.0375328063964844 0.00468063354492187
0.00114250183105469 -0.015650749206543 0.0261650085449219 0.0134735107421875
0.00240993499755859 -0.0111293792724609 0.0225639343261719 0.0282573699951172
0.00344657897949219 -0.0103845596313477 0.0215034484863281 0.0430526733398438
0.00388145446777344 -0.0126256942749023 0.0172615051269531 0.0617485046386719
0.00404739379882812 -0.0126104354858398 -0.00523376464843751 0.071685791015625
0.0103302001953125 -0.0151510238647461 -0.0208473205566406 0.0633583068847656
0.0177822113037109 -0.0175666809082031 -0.0294532775878906 0.0389595031738281
0.03033447265625 -0.00387001037597656 -0.0206928253173828 0.0178604125976562
0.0324382781982422 0.00289726257324219 0.0193881988525391 0.0213603973388672
0.0280933380126953 0.00644111633300781 0.0442352294921875 0.0733795166015625
0.00569820404052734 -0.00879764556884766 0.060089111328125 -0.0131149291992188
0.01312255859375 -0.0103664398193359 0.0697822570800781 0.00590896606445313
0.0101451873779297 -0.0176029205322266 0.0562820434570312 0.00871658325195312
-0.00130748748779297 -0.0146503448486328 0.0517539978027344 0.0079803466796875
-0.0106086730957031 -0.00409221649169922 0.0362472534179688 0.00452423095703125
-0.00605010986328125 0.0081324577331543 0.0274620056152344 0.0130939483642578
0.00510406494140625 0.0115776062011719 0.0234279632568359 0.0280895233154297
0.00708770751953125 0.00960922241210938 0.0200920104980469 0.0420722961425781
0.00821971893310547 0.00925636291503906 0.0130615234375 0.0617294311523437
0.00444698333740234 0.00847339630126953 -0.0105209350585938 0.0704879760742188
0.00246286392211914 0.00262618064880371 -0.0255165100097656 0.06036376953125
0.00513458251953125 -0.00304937362670898 -0.0323524475097656 0.0367240905761719
0.0106992721557617 0.00168132781982422 -0.0235443115234375 0.015899658203125
0.00720548629760742 0.0016932487487793 0.0179157257080078 0.0211448669433594
0.00195980072021484 -0.000960230827331543 0.0477752685546875 0.0745010375976563
0.0333900451660156 0.0237331390380859 -0.0395240783691406 -0.0652389526367188
0.0211639404296875 -0.000774383544921875 -0.00386619567871093 -0.0233001708984375
0.0143728256225586 -0.00476169586181641 0.0331707000732422 -0.0116214752197266
0.0133380889892578 -0.0122041702270508 0.0466194152832031 -0.0330657958984375
0.00790023803710937 -0.0181503295898438 0.0387077331542969 -0.049835205078125
-0.00523185729980469 -0.0286598205566406 0.0156288146972656 -0.0657386779785156
-0.0174102783203125 -0.0295734405517578 -0.00770187377929687 -0.0599136352539062
-0.014373779296875 -0.0284042358398438 -0.0147705078125 -0.0382766723632813
-0.0111446380615234 -0.0347042083740234 -0.0214385986328125 -0.0189800262451172
0.00535392761230469 -0.0337276458740234 -0.0314464569091797 -0.00812149047851563
0.0220108032226563 -0.0205802917480469 -0.0411834716796875 0.00204849243164062
0.0259342193603516 -0.00212287902832031 -0.0470352172851563 -0.00332641601562501
0.015894889831543 0.0168342590332031 -0.0589523315429687 -0.00878906249999999
0.0140666961669922 0.0200576782226563 -0.0668563842773437 0.000545501708984374
0.0178737640380859 0.0253772735595703 -0.0591850280761719 0.014251708984375
0.0543937683105469 0.032745361328125 -0.0237579345703125 -0.055633544921875
0.0416526794433594 0.00719451904296875 0.0132579803466797 -0.0151882171630859
0.0362892150878906 -0.00119781494140625 0.0452651977539063 -0.00719833374023438
0.0315399169921875 -0.0150299072265625 0.0571250915527344 -0.0285720825195313
0.0210857391357422 -0.0261268615722656 0.0459365844726562 -0.0428810119628906
0.00382614135742188 -0.0426750183105469 0.0236930847167969 -0.0562782287597656
-0.0145492553710938 -0.0447998046875 0.000904083251953127 -0.0489006042480469
-0.0132598876953125 -0.0433540344238281 -0.00657844543457031 -0.0254154205322266
-0.0126419067382813 -0.0508651733398438 -0.0142383575439453 -0.00421142578125
0.00619888305664062 -0.0524101257324219 -0.0294532775878906 0.00664901733398437
0.030364990234375 -0.0379638671875 -0.0407028198242188 0.0159797668457031
0.0407295227050781 -0.0172195434570313 -0.0451240539550781 0.00712203979492188
0.0380210876464844 0.0148735046386719 -0.0530853271484375 0.00313949584960937
0.037628173828125 0.0229263305664063 -0.0542488098144531 0.0133056640625
0.0395126342773438 0.0305900573730469 -0.0477066040039063 0.0294418334960937
0.0672798156738281 0.0392570495605469 -0.00302886962890625 -0.0416145324707031
0.057525634765625 0.0157890319824219 0.0319385528564453 -0.00345039367675781
0.055694580078125 0.00402069091796875 0.0580863952636719 0.0009613037109375
0.0487022399902344 -0.0172615051269531 0.06646728515625 -0.0214996337890625
0.0337657928466797 -0.0320091247558594 0.0507736206054687 -0.0342979431152344
0.0130386352539063 -0.0517768859863281 0.0292320251464844 -0.0432662963867188
-0.00966644287109375 -0.0541839599609375 0.0100288391113281 -0.0327129364013672
-0.010467529296875 -0.051849365234375 0.00266456604003906 -0.00887775421142578
-0.0125808715820313 -0.0592536926269531 -0.00408458709716797 0.0139179229736328
0.00379562377929687 -0.0612106323242188 -0.02362060546875 0.0255184173583984
0.0314178466796875 -0.0508689880371094 -0.0368881225585937 0.0329627990722656
0.0465087890625 -0.0323486328125 -0.0427627563476563 0.0198974609375
0.0528564453125 0.00459671020507813 -0.0459365844726563 0.0131759643554687
0.0559806823730469 0.0180892944335938 -0.037933349609375 0.0223655700683594
0.0551834106445313 0.0294837951660156 -0.0294761657714844 0.0438652038574219
0.0708236694335938 0.0396270751953125 0.0179004669189453 -0.0256938934326172
0.0653419494628906 0.0212478637695313 0.0513763427734375 0.0098114013671875
0.0685997009277344 0.00677490234375 0.0683860778808594 0.0103874206542969
0.0604324340820312 -0.0183525085449219 0.0728607177734375 -0.0127334594726563
0.0409507751464844 -0.0345497131347656 0.0525321960449219 -0.0245018005371094
0.0184288024902344 -0.0544891357421875 0.0311908721923828 -0.0274295806884766
-0.00333786010742188 -0.055572509765625 0.0159492492675781 -0.0134992599487305
-0.00661849975585937 -0.0511016845703125 0.0114326477050781 0.00887584686279296
-0.00983047485351562 -0.0588645935058594 0.00701522827148437 0.0316791534423828
0.00159835815429687 -0.0608329772949219 -0.0150375366210937 0.0447845458984375
0.0280380249023438 -0.0542984008789063 -0.0296173095703125 0.048828125
0.0443229675292969 -0.0405998229980469 -0.0392074584960938 0.0304527282714844
0.0597496032714844 -0.00528335571289063 -0.0389175415039062 0.0196495056152344
0.0654411315917969 0.011016845703125 -0.0197429656982422 0.0259647369384766
0.063140869140625 0.0256996154785156 -0.00700378417968749 0.0568351745605469
0.0646705627441406 0.0330123901367188 0.0375099182128906 -0.0116424560546875
0.0626945495605469 0.0208358764648437 0.0660209655761719 0.0203323364257813
0.0699424743652344 0.00518798828125 0.0734710693359375 0.017059326171875
0.0611686706542969 -0.0188102722167969 0.07244873046875 -0.00339508056640625
0.0394325256347656 -0.0337142944335938 0.0492210388183594 -0.0115814208984375
0.0188407897949219 -0.0487136840820313 0.0299263000488281 -0.0106601715087891
0.00061416625976563 -0.0475273132324219 0.0197925567626953 0.00552940368652343
-0.000782012939453125 -0.043212890625 0.0184459686279297 0.0250644683837891
-0.00471878051757813 -0.0495109558105469 0.0159759521484375 0.04718017578125
0.00179290771484375 -0.0500144958496094 -0.00700759887695313 0.0597648620605469
0.022705078125 -0.0476150512695313 -0.0230140686035156 0.0588035583496094
0.0376930236816406 -0.0399169921875 -0.0330429077148438 0.0374031066894531
0.0571327209472656 -0.0094757080078125 -0.0298175811767578 0.0224742889404297
0.0636940002441406 0.0065155029296875 -0.000959396362304683 0.0253200531005859
0.0601043701171875 0.0201759338378906 0.0156478881835938 0.0658531188964844
0.0494346618652344 0.0201950073242188 0.0526008605957031 -0.00269317626953125
0.0512809753417969 0.0131759643554687 0.0749969482421875 0.0238113403320312
0.0575942993164062 -0.000232696533203125 0.07293701171875 0.0189208984375
0.0476493835449219 -0.0191268920898437 0.0671424865722656 0.0037994384765625
0.0283679962158203 -0.0274829864501953 0.0443382263183594 -0.00195693969726563
0.0137863159179688 -0.0347995758056641 0.0281085968017578 0.00415992736816406
0.00395774841308594 -0.0313148498535156 0.0220489501953125 0.0207138061523437
0.00317192077636719 -0.0290966033935547 0.0219154357910156 0.0376625061035156
0.00173187255859375 -0.0323905944824219 0.0191116333007812 0.05780029296875
0.00504875183105469 -0.0323524475097656 -0.00248336791992187 0.069305419921875
0.0183258056640625 -0.0319156646728516 -0.0190811157226563 0.0648384094238281
0.0291404724121094 -0.0291709899902344 -0.0299911499023437 0.0401802062988281
0.0458526611328125 -0.00605010986328125 -0.0235786437988281 0.0203361511230469
0.050567626953125 0.0054779052734375 0.0126018524169922 0.0234565734863281
0.0461006164550781 0.0151329040527344 0.0339508056640625 0.07366943359375
0.0272312164306641 0.00456428527832031 0.0606880187988281 -0.000904083251953125
0.0324859619140625 0.00180244445800781 0.0768051147460938 0.0207138061523438
0.0350456237792969 -0.0091705322265625 0.06671142578125 0.016632080078125
0.0245647430419922 -0.0167675018310547 0.0605583190917969 0.00840377807617187
0.00929546356201172 -0.0152349472045898 0.0395545959472656 0.0042724609375
0.00398159027099609 -0.0136699676513672 0.0270137786865234 0.0130043029785156
0.00659465789794922 -0.00985527038574219 0.0226268768310547 0.0294742584228516
0.00789213180541992 -0.00874853134155273 0.02191162109375 0.0445480346679687
0.00807857513427734 -0.0111207962036133 0.0184173583984375 0.06341552734375
0.00832843780517578 -0.0106401443481445 -0.00479888916015625 0.0733795166015625
0.0128116607666016 -0.0113382339477539 -0.0205574035644531 0.0650901794433594
0.0185527801513672 -0.0136432647705078 -0.029327392578125 0.0405464172363281
0.0282611846923828 1.52587890625E-05 -0.0213050842285156 0.0192718505859375
0.0286598205566406 0.00609779357910156 0.0191383361816406 0.0234889984130859
0.0232315063476563 0.00865364074707031 0.0450057983398437 0.0792083740234375
0.00212669372558594 -0.0101871490478516 0.0609054565429688 -0.00756454467773438
0.00830554962158203 -0.0103111267089844 0.0718765258789063 0.0107803344726563
0.00642967224121094 -0.0162134170532227 0.0591239929199219 0.0114059448242187
-0.00362682342529297 -0.0116033554077148 0.0541534423828125 0.00812530517578125
-0.0109128952026367 -0.000131607055664065 0.0373420715332031 0.00396728515625
-0.00356197357177734 0.0118227005004883 0.0264129638671875 0.0130825042724609
0.00925540924072266 0.0135746002197266 0.0223770141601563 0.0289268493652344
0.0104761123657227 0.0119495391845703 0.0185623168945312 0.0435218811035156
0.013300895690918 0.0101833343505859 0.01190185546875 0.0628089904785156
0.0081491470336914 0.0110349655151367 -0.0117721557617188 0.0715713500976563
0.00376319885253906 0.00700902938842774 -0.0257492065429688 0.0616378784179688
0.00440835952758789 0.001678466796875 -0.0329933166503906 0.0378570556640625
0.00752592086791992 0.00486993789672852 -0.0250186920166016 0.0172252655029297
0.00212526321411133 0.00377106666564941 0.0172348022460938 0.0238876342773438
-0.00275135040283203 -0.000313282012939453 0.04681396484375 0.0811767578125
0.0407333374023438 0.0248756408691406 -0.0391998291015625 -0.0719833374023438
0.0252685546875 -0.00366783142089844 -0.00280952453613281 -0.02783203125
0.0178451538085938 -0.00936317443847656 0.0356063842773438 -0.0143508911132813
0.0132274627685547 -0.0168313980102539 0.0495376586914063 -0.0347442626953125
0.006072998046875 -0.0225772857666016 0.0415916442871094 -0.0511054992675781
-0.00994491577148437 -0.0314750671386719 0.0184745788574219 -0.068939208984375
-0.0216941833496094 -0.0312957763671875 -0.00579833984375 -0.0632820129394531
-0.0189266204833984 -0.0305290222167969 -0.012969970703125 -0.0406036376953125
-0.0166740417480469 -0.0375518798828125 -0.0197715759277344 -0.0205955505371094
0.00241470336914062 -0.0387535095214844 -0.0310020446777344 -0.00811386108398438
0.021820068359375 -0.0264949798583984 -0.0416908264160156 0.00351715087890625
0.0296058654785156 -0.00677108764648438 -0.0492706298828125 -0.00271606445312501
0.0214729309082031 0.0160675048828125 -0.0630416870117188 -0.00973129272460936
0.0204124450683594 0.0213451385498047 -0.0716018676757813 -0.00188446044921876
0.0241622924804688 0.0292987823486328 -0.0624198913574219 0.0115699768066406
0.0605545043945313 0.0353012084960938 -0.0209541320800781 -0.0611686706542969
0.0464591979980469 0.0058441162109375 0.0164546966552734 -0.0196514129638672
0.0395011901855469 -0.00380325317382813 0.0484580993652344 -0.00885009765625
0.0331764221191406 -0.0199375152587891 0.0611000061035156 -0.0295486450195312
0.0209312438964844 -0.0303497314453125 0.0507965087890625 -0.0441551208496094
0.00039291381835938 -0.0464591979980469 0.0280838012695313 -0.0587425231933594
-0.0179328918457031 -0.04730224609375 0.00518417358398437 -0.0513992309570312
-0.0168037414550781 -0.0462760925292969 -0.00323295593261719 -0.0276107788085938
-0.016937255859375 -0.0544471740722656 -0.0105495452880859 -0.0048208236694336
0.00359725952148437 -0.0573272705078125 -0.0268325805664063 0.00813484191894531
0.0321731567382813 -0.0449867248535156 -0.0396461486816406 0.0188064575195313
0.0452079772949219 -0.021331787109375 -0.046905517578125 0.00841140747070313
0.0452842712402344 0.0148239135742188 -0.0552024841308594 0.00287628173828126
0.0451278686523438 0.0254898071289063 -0.0568618774414062 0.0119476318359375
0.0466499328613281 0.0354270935058594 -0.0474586486816406 0.02850341796875
0.0732879638671875 0.0434646606445313 0.00174713134765625 -0.0459518432617188
0.0616416931152344 0.0163230895996094 0.0377120971679688 -0.00618743896484375
0.0587539672851562 0.00341415405273437 0.0632743835449219 -0.0002899169921875
0.0515708923339844 -0.0194931030273438 0.072357177734375 -0.022186279296875
0.0347347259521484 -0.034576416015625 0.0566635131835938 -0.035247802734375
0.0110054016113281 -0.0549507141113281 0.0348701477050781 -0.0458602905273438
-0.0111122131347656 -0.05712890625 0.0152492523193359 -0.0348167419433594
-0.011871337890625 -0.0542564392089844 0.00716304779052734 -0.0105342864990234
-0.0143623352050781 -0.0633392333984375 0.00127983093261719 0.0142107009887695
0.00321197509765625 -0.0663948059082031 -0.0201091766357422 0.0288295745849609
0.0337600708007813 -0.056427001953125 -0.0346298217773438 0.0362052917480469
0.0513381958007812 -0.035797119140625 -0.0429344177246094 0.022247314453125
0.0601081848144531 0.00604248046875 -0.0476913452148437 0.0144577026367187
0.0627174377441406 0.0216140747070313 -0.0382919311523437 0.0223159790039063
0.0613021850585938 0.0347747802734375 -0.0268783569335937 0.0452728271484375
0.0747146606445313 0.0445480346679688 0.0246639251708984 -0.0270309448242187
0.0687141418457031 0.024169921875 0.0578422546386719 0.00898361206054688
0.0719985961914063 0.0086822509765625 0.0747528076171875 0.0101318359375
0.063568115234375 -0.0182991027832031 0.0786972045898438 -0.0134353637695313
0.0432205200195313 -0.0353317260742188 0.05828857421875 -0.0251541137695313
0.0198898315429687 -0.05718994140625 0.0369873046875 -0.0291709899902344
-0.00291824340820313 -0.0584754943847656 0.0208797454833984 -0.0152816772460938
-0.00603485107421874 -0.0543479919433594 0.0158929824829102 0.00807857513427734
-0.00954818725585938 -0.0624656677246094 0.0123100280761719 0.0323371887207031
0.0034332275390625 -0.0653610229492188 -0.0109062194824219 0.0479164123535156
0.0315017700195312 -0.0581779479980469 -0.0268402099609375 0.0521621704101562
0.0489883422851563 -0.0425872802734375 -0.0372810363769531 0.0339317321777344
0.0658302307128906 -0.00281524658203125 -0.03887939453125 0.0221328735351563
0.07037353515625 0.0151748657226562 -0.0181236267089844 0.0271186828613281
0.0667724609375 0.0313453674316406 -0.0031890869140625 0.0594902038574219
0.066009521484375 0.0382499694824219 0.04461669921875 -0.0107421875
0.0645942687988281 0.02532958984375 0.0736923217773438 0.0215301513671875
0.0726852416992187 0.01007080078125 0.0804519653320313 0.0172805786132813
0.0649452209472656 -0.0176048278808594 0.0794296264648438 -0.00399017333984375
0.0430831909179688 -0.0330619812011719 0.0548095703125 -0.01312255859375
0.021881103515625 -0.0507278442382813 0.0359954833984375 -0.0119400024414063
0.0038604736328125 -0.0500373840332031 0.0251140594482422 0.00472640991210937
0.00150680541992187 -0.0458831787109375 0.0226726531982422 0.0258026123046875
-0.0023040771484375 -0.0518531799316406 0.0207176208496094 0.0486869812011719
0.00482559204101563 -0.0522918701171875 -0.00255584716796875 0.0641326904296875
0.0269012451171875 -0.0488700866699219 -0.0199851989746094 0.0639877319335938
0.0424537658691406 -0.0401992797851563 -0.0322685241699219 0.0407981872558594
0.0609016418457031 -0.00667190551757813 -0.0295085906982422 0.0248012542724609
0.0662002563476563 0.0105857849121094 0.00213050842285157 0.0270366668701172
0.0611495971679688 0.0257835388183594 0.0199661254882813 0.0717849731445313
0.0488204956054688 0.0248985290527344 0.0593795776367188 0.000232696533203127
0.0507278442382813 0.0178871154785156 0.0830459594726563 0.0273666381835938
0.0583534240722656 0.0041656494140625 0.0792922973632813 0.0210342407226562
0.0508613586425781 -0.0164299011230469 0.0741043090820313 0.004302978515625
0.0318164825439453 -0.0249118804931641 0.0487861633300781 -0.00213623046875
0.0177001953125 -0.0350131988525391 0.0321235656738281 0.00486564636230469
0.00820541381835937 -0.0333271026611328 0.0258064270019531 0.0215625762939453
0.00833511352539063 -0.0299320220947266 0.0253067016601563 0.0388145446777344
0.00639915466308594 -0.0339851379394531 0.0242118835449219 0.0601425170898438
0.008819580078125 -0.0324764251708984 0.000717163085937507 0.0733718872070313
0.022705078125 -0.0300712585449219 -0.0167961120605469 0.0684165954589844
0.0328483581542969 -0.0270709991455078 -0.0285682678222656 0.043304443359375
0.0476837158203125 -0.00295257568359375 -0.0228633880615234 0.0231456756591797
0.05023193359375 0.0092315673828125 0.0162143707275391 0.0258865356445313
0.043853759765625 0.0190620422363281 0.0388870239257813 0.0806961059570313
0.0237941741943359 0.00705718994140625 0.0660285949707031 0.00289154052734375
0.0287246704101563 0.00448989868164063 0.083770751953125 0.0249404907226562
0.0329647064208984 -0.00498390197753906 0.0730209350585938 0.0185394287109375
0.0245895385742188 -0.0136432647705078 0.0656814575195313 0.00811386108398437
0.0119943618774414 -0.0119695663452148 0.0421028137207031 0.00386810302734375
0.00951862335205078 -0.0114555358886719 0.0290851593017578 0.0124187469482422
0.0112161636352539 -0.0101041793823242 0.0245265960693359 0.0302257537841797
0.0129060745239258 -0.00849056243896484 0.0237922668457031 0.0466804504394531
0.0136928558349609 -0.0113277435302734 0.0195045471191406 0.0663414001464844
0.0127639770507813 -0.00893878936767578 -0.00264739990234374 0.0761260986328125
0.017329216003418 -0.00845432281494141 -0.0191574096679687 0.0689964294433594
0.0202503204345703 -0.00904083251953125 -0.0295600891113281 0.041839599609375
0.0274505615234375 0.00469017028808594 -0.0214004516601563 0.021240234375
0.0254325866699219 0.00977706909179688 0.0216217041015625 0.0268154144287109
0.0198955535888672 0.0112514495849609 0.0493011474609375 0.0874252319335937
-0.00362586975097656 -0.00939846038818359 0.0654449462890625 -0.00386810302734375
0.00409650802612305 -0.00842809677124023 0.0777206420898438 0.0144805908203125
0.00202178955078125 -0.0133485794067383 0.0650787353515625 0.0120429992675781
-0.00498056411743164 -0.00789690017700195 0.0585250854492188 0.00760269165039063
-0.00903034210205078 0.00405120849609375 0.0386009216308594 0.00327301025390625
0.000611305236816406 0.0156211853027344 0.0269985198974609 0.0130214691162109
0.0137271881103516 0.015345573425293 0.0220203399658203 0.0306358337402344
0.0171384811401367 0.012700080871582 0.0192718505859375 0.0465507507324219
0.0188179016113281 0.0118999481201172 0.0120353698730469 0.066070556640625
0.0138063430786133 0.0132913589477539 -0.01092529296875 0.07452392578125
0.00714683532714844 0.0116004943847656 -0.0268783569335937 0.0641899108886719
0.00554752349853516 0.00675678253173828 -0.0343170166015625 0.0401458740234375
0.00466442108154297 0.00907516479492188 -0.0254840850830078 0.0192184448242188
-0.00334835052490234 0.00760984420776367 0.0178260803222656 0.0278797149658203
-0.0089101791381836 0.000688552856445314 0.048736572265625 0.08843994140625
0.0498733520507812 0.0229301452636719 -0.0423965454101562 -0.0809478759765625
0.03057861328125 -0.00826644897460938 -0.00311851501464844 -0.0328578948974609
0.0196819305419922 -0.0154151916503906 0.0366363525390625 -0.0175971984863281
0.0121269226074219 -0.0231685638427734 0.0509986877441406 -0.0383377075195313
0.00238800048828125 -0.0274906158447266 0.0438308715820313 -0.0552520751953125
-0.0171966552734375 -0.0335960388183594 0.0194320678710937 -0.0732192993164062
-0.029510498046875 -0.0321025848388672 -0.0052032470703125 -0.0668258666992188
-0.0254764556884766 -0.0316505432128906 -0.01251220703125 -0.0437774658203125
-0.0241165161132812 -0.0392875671386719 -0.0177059173583984 -0.0224056243896484
-0.00356674194335937 -0.0432815551757813 -0.0296134948730469 -0.00771522521972656
0.0211944580078125 -0.033966064453125 -0.0415763854980469 0.00605010986328126
0.0319766998291016 -0.0130958557128906 -0.0522994995117188 -0.00111007690429688
0.0287513732910156 0.0133724212646484 -0.0682220458984375 -0.00890350341796875
0.0290470123291016 0.0207099914550781 -0.0772247314453125 -0.00311279296875
0.0333442687988281 0.0300750732421875 -0.0651779174804688 0.00946044921874999
0.0703048706054688 0.0365447998046875 -0.0195999145507813 -0.0691413879394531
0.0521087646484375 0.00257110595703125 0.0189285278320313 -0.0251216888427734
0.0423316955566406 -0.00876998901367188 0.0527381896972656 -0.0121116638183594
0.0327777862548828 -0.0245933532714844 0.064453125 -0.0337486267089844
0.0190258026123047 -0.034515380859375 0.054534912109375 -0.0480995178222656
-0.00558853149414062 -0.0490913391113281 0.0313224792480469 -0.0637397766113281
-0.0243263244628906 -0.0491218566894531 0.00817489624023437 -0.0555191040039063
-0.0221023559570312 -0.0479660034179687 0.000347137451171877 -0.0307712554931641
-0.0232086181640625 -0.0580215454101563 -0.00664377212524414 -0.00672626495361328
-0.000728607177734381 -0.0633583068847656 -0.0244102478027344 0.00937271118164062
0.0319557189941406 -0.0522346496582031 -0.0378189086914063 0.0213508605957031
0.0495262145996094 -0.0284805297851563 -0.0472373962402344 0.0113716125488281
0.0542678833007812 0.0124855041503906 -0.0587692260742188 0.00514984130859376
0.0551567077636719 0.0258636474609375 -0.0595321655273438 0.0115852355957031
0.0558738708496094 0.0386581420898437 -0.0474853515625 0.0277366638183594
0.081512451171875 0.0459747314453125 0.00575637817382813 -0.0521812438964844
0.0672721862792969 0.0161552429199219 0.0427970886230469 -0.0110130310058594
0.0635757446289063 0.00031280517578125 0.0689277648925781 -0.00349807739257813
0.0533638000488281 -0.0237960815429688 0.07806396484375 -0.0265884399414062
0.0347557067871094 -0.0379371643066406 0.0623092651367188 -0.0396957397460938
0.00794219970703126 -0.0580978393554688 0.0399436950683594 -0.0504608154296875
-0.0147285461425781 -0.0597686767578125 0.0191764831542969 -0.0392379760742188
-0.0155143737792969 -0.0577239990234375 0.0118255615234375 -0.0136289596557617
-0.0192298889160156 -0.0676536560058594 0.00681304931640625 0.0120868682861328
2.28881835937549E-05 -0.0727310180664063 -0.0148506164550781 0.0306015014648438
0.0350418090820313 -0.0638084411621094 -0.0311470031738281 0.0400924682617187
0.0559272766113281 -0.041839599609375 -0.0419960021972656 0.0255126953125
0.0695037841796875 0.00495147705078125 -0.0481986999511719 0.0180549621582031
0.0726318359375 0.0230255126953125 -0.0383186340332031 0.0228614807128906
0.070220947265625 0.0391387939453125 -0.023529052734375 0.046478271484375
0.0807647705078125 0.0491485595703125 0.03125 -0.0314903259277344
0.0734634399414063 0.0270004272460938 0.0654220581054688 0.0062713623046875
0.0769424438476563 0.00876617431640625 0.0816879272460938 0.00727081298828125
0.0679359436035156 -0.0206680297851563 0.0859603881835937 -0.0172958374023437
0.0456886291503906 -0.038360595703125 0.0638618469238281 -0.02825927734375
0.0193519592285156 -0.0606765747070313 0.0423240661621094 -0.0339126586914063
-0.00380325317382813 -0.06182861328125 0.0264511108398438 -0.0185623168945313
-0.00681304931640624 -0.0581893920898438 0.0218963623046875 0.00596427917480468
-0.0117759704589844 -0.066650390625 0.0193767547607422 0.0321159362792969
0.00159454345703125 -0.0705718994140625 -0.00395965576171874 0.0499267578125
0.0331840515136719 -0.0640830993652344 -0.0217170715332031 0.0566864013671875
0.0537261962890625 -0.0482215881347656 -0.0350151062011719 0.0375595092773438
0.0734710693359375 -0.0034332275390625 -0.0375862121582031 0.0253753662109375
0.0788421630859375 0.0168304443359375 -0.0154247283935547 0.0282058715820313
0.0743255615234375 0.0353622436523438 0.00302124023437501 0.0624198913574219
0.0700759887695313 0.0430564880371094 0.0529365539550781 -0.0127983093261719
0.0675811767578125 0.0296211242675781 0.0826644897460937 0.0203857421875
0.0774917602539063 0.0109634399414063 0.0890426635742188 0.016265869140625
0.0694999694824219 -0.0185203552246094 0.08709716796875 -0.0073699951171875
0.0470352172851563 -0.0343017578125 0.0609130859375 -0.0165672302246094
0.024017333984375 -0.0536766052246094 0.0405387878417969 -0.014984130859375
0.00488662719726563 -0.0540962219238281 0.0301284790039063 0.00298118591308593
0.00327682495117188 -0.0493011474609375 0.0285682678222656 0.0237903594970703
-0.0016326904296875 -0.0560379028320313 0.0284271240234375 0.0489158630371094
0.005889892578125 -0.056182861328125 0.00459289550781251 0.0666847229003906
0.0303268432617188 -0.0515251159667969 -0.0147056579589844 0.0678787231445313
0.0465126037597656 -0.042449951171875 -0.0283851623535156 0.0454788208007813
0.0665283203125 -0.00516510009765625 -0.0275192260742187 0.0275650024414063
0.0708999633789063 0.0130615234375 0.0055694580078125 0.0284576416015625
0.0651702880859375 0.030609130859375 0.0286712646484375 0.0757675170898438
0.0481414794921875 0.0289421081542969 0.0683326721191406 0.00103378295898438
0.051239013671875 0.0221900939941406 0.0927047729492188 0.0278091430664063
0.060821533203125 0.00794601440429688 0.0880813598632813 0.0199661254882813
0.0548439025878906 -0.0144615173339844 0.0810012817382813 0.0013275146484375
0.0359153747558594 -0.0238418579101563 0.0533485412597656 -0.00506210327148438
0.021697998046875 -0.0359764099121094 0.036376953125 0.00167083740234375
0.0121116638183594 -0.0363311767578125 0.0308685302734375 0.0209617614746094
0.0121650695800781 -0.0328273773193359 0.0302619934082031 0.0388259887695313
0.0110931396484375 -0.036834716796875 0.030792236328125 0.0613594055175781
0.0129470825195313 -0.0346508026123047 0.00707244873046876 0.0760726928710938
0.0279216766357422 -0.0302715301513672 -0.011810302734375 0.0728683471679687
0.0366554260253906 -0.0256004333496094 -0.0254859924316406 0.0470390319824219
0.0500946044921875 0.00107955932617187 -0.0210952758789062 0.0265636444091797
0.0514907836914063 0.0139541625976562 0.0203609466552734 0.0276966094970703
0.04461669921875 0.0236091613769531 0.0477218627929688 0.086334228515625
0.0207099914550781 0.00975227355957031 0.0745925903320313 0.0053863525390625
0.0268497467041016 0.00882339477539062 0.0931320190429688 0.0258102416992188
0.0327587127685547 -0.00120735168457031 0.0811386108398437 0.0178680419921875
0.026885986328125 -0.00985527038574219 0.0713577270507813 0.00594329833984375
0.01531982421875 -0.00850868225097656 0.0452766418457031 0.00189971923828125
0.014678955078125 -0.0109920501708984 0.0314064025878906 0.0122795104980469
0.0175390243530273 -0.0114259719848633 0.0276641845703125 0.0314121246337891
0.0190143585205078 -0.0110263824462891 0.0274696350097656 0.0477714538574219
0.0211563110351563 -0.01348876953125 0.0249443054199219 0.0679893493652344
0.0198307037353516 -0.00941085815429688 0.00238800048828125 0.0799407958984375
0.0226268768310547 -0.00608253479003906 -0.016448974609375 0.071624755859375
0.0241012573242188 -0.00545692443847656 -0.0274658203125 0.0465316772460938
0.0276870727539062 0.00975418090820312 -0.019866943359375 0.0250511169433594
0.0232925415039063 0.0151081085205078 0.0256156921386719 0.0297508239746094
0.0159845352172852 0.0161380767822266 0.0566787719726563 0.094207763671875
-0.0100259780883789 -0.00849533081054688 0.0708999633789063 -0.00141143798828125
-0.000649452209472657 -0.00632286071777344 0.0853500366210938 0.0171279907226563
-0.00171375274658203 -0.00923728942871094 0.07086181640625 0.0112533569335938
-0.00587940216064453 -0.00236892700195313 0.0634841918945313 0.0052642822265625
-0.00821685791015625 0.0089874267578125 0.0397758483886719 0.000740051269531251
0.00576972961425781 0.0187320709228516 0.0272121429443359 0.0128498077392578
0.0210857391357422 0.0145893096923828 0.0224628448486328 0.0328559875488281
0.023193359375 0.0124320983886719 0.0200843811035156 0.0483551025390625
0.0278167724609375 0.0110034942626953 0.0141944885253906 0.0689582824707031
0.0208816528320313 0.0144577026367188 -0.00771331787109375 0.0789947509765625
0.0135297775268555 0.015681266784668 -0.0251083374023437 0.0675888061523438
0.00913238525390625 0.0117130279541016 -0.0343513488769531 0.0437088012695313
0.00343036651611328 0.0156154632568359 -0.0257968902587891 0.023193359375
-0.007904052734375 0.0131969451904297 0.0197811126708984 0.0312099456787109
-0.0157642364501953 0.00409317016601562 0.0546875 0.0967636108398438
0.0588836669921875 0.0183677673339844 -0.0470428466796875 -0.0869369506835938
0.0341682434082031 -0.0159568786621094 -0.00500869750976562 -0.0385704040527344
0.0192775726318359 -0.0230083465576172 0.036651611328125 -0.0211067199707031
0.00750350952148437 -0.0289554595947266 0.0511894226074219 -0.0430450439453125
-0.00235939025878906 -0.0316104888916016 0.0435295104980469 -0.0591773986816406
-0.0256214141845703 -0.0344085693359375 0.0191116333007812 -0.0773696899414063
-0.0373344421386719 -0.0298919677734375 -0.00644683837890626 -0.0715179443359375
-0.0328617095947266 -0.0302467346191406 -0.0128936767578125 -0.0471000671386719
-0.0339164733886719 -0.0383682250976563 -0.0169181823730469 -0.0248641967773438
-0.0109977722167969 -0.046295166015625 -0.0282783508300781 -0.00700187683105469
0.0165519714355469 -0.0408935546875 -0.0406074523925781 0.00769805908203124
0.0318450927734375 -0.0213203430175781 -0.0534286499023438 0.00207138061523437
0.0356597900390625 0.007598876953125 -0.0720672607421875 -0.00616455078125001
0.0389823913574219 0.0168342590332031 -0.082550048828125 -0.00240325927734374
0.0442428588867188 0.0288887023925781 -0.0684928894042969 0.00758361816406251
0.0810699462890625 0.032928466796875 -0.0214996337890625 -0.0772171020507813
0.0568466186523438 -0.00249862670898438 0.0202503204345703 -0.0314464569091797
0.0444374084472656 -0.0148773193359375 0.0539588928222656 -0.0167388916015625
0.0311336517333984 -0.0316410064697266 0.0669708251953125 -0.0387153625488281
0.0139503479003906 -0.0382423400878906 0.0558128356933594 -0.05267333984375
-0.0120811462402344 -0.0505447387695312 0.0326423645019531 -0.0692329406738281
-0.0307159423828125 -0.0497283935546875 0.009552001953125 -0.0602149963378906
-0.0288505554199219 -0.0488243103027344 0.00283050537109375 -0.0360679626464844
-0.030853271484375 -0.0586280822753906 -0.00345420837402344 -0.0107765197753906
-0.00851821899414062 -0.0679740905761719 -0.0192222595214844 0.00945281982421875
0.0294837951660156 -0.0602645874023438 -0.0342216491699219 0.0243778228759766
0.0514373779296875 -0.0371513366699219 -0.0454330444335938 0.0154342651367187
0.0622825622558594 0.007293701171875 -0.0594749450683594 0.00843811035156251
0.066162109375 0.0228958129882812 -0.0616989135742187 0.0132675170898438
0.0678596496582031 0.0393028259277344 -0.0473861694335937 0.0274734497070313
0.0906753540039063 0.044921875 0.00783157348632813 -0.06036376953125
0.0730133056640625 0.0138092041015625 0.0472373962402344 -0.0172767639160156
0.0670890808105469 -0.00328445434570312 0.0730743408203125 -0.00848388671875
0.0528297424316406 -0.0284576416015625 0.0825881958007813 -0.032440185546875
0.0328636169433594 -0.0418891906738281 0.0662193298339844 -0.0453987121582031
0.0044097900390625 -0.0609779357910156 0.0419692993164062 -0.0566139221191406
-0.0196151733398437 -0.061431884765625 0.0225486755371094 -0.0450172424316406
-0.0204086303710938 -0.0600738525390625 0.0155525207519531 -0.0179729461669922
-0.0260391235351562 -0.070587158203125 0.0120134353637695 0.00904273986816406
-0.0054168701171875 -0.0776824951171875 -0.00772857666015625 0.0304470062255859
0.03277587890625 -0.0717620849609375 -0.0247077941894531 0.042724609375
0.0584068298339844 -0.0504188537597656 -0.0381660461425781 0.0289268493652344
0.0785369873046875 -0.00058746337890625 -0.0471687316894531 0.0211601257324219
0.082611083984375 0.020538330078125 -0.0370559692382812 0.0233840942382813
0.080963134765625 0.0410842895507813 -0.0188980102539063 0.0456008911132813
0.0884552001953125 0.0504379272460938 0.0372543334960938 -0.03857421875
0.0787353515625 0.0254135131835937 0.0714111328125 -0.00171661376953125
0.0819091796875 0.0063018798828125 0.0878067016601563 0.00247955322265625
0.0701370239257813 -0.0244712829589844 0.0923309326171875 -0.0229644775390625
0.0476799011230469 -0.0417823791503906 0.0688362121582031 -0.0358848571777344
0.0170745849609375 -0.0637397766113281 0.047027587890625 -0.0395278930664063
-0.00725936889648438 -0.06585693359375 0.0319633483886719 -0.0246238708496094
-0.00916290283203125 -0.0614051818847656 0.0264720916748047 0.00144195556640625
-0.0147857666015625 -0.070465087890625 0.027191162109375 0.0270137786865234
-0.002105712890625 -0.0747299194335938 0.00395965576171875 0.0501785278320312
0.0326766967773438 -0.0710601806640625 -0.0142059326171875 0.0583572387695312
0.057037353515625 -0.0547447204589844 -0.0298919677734375 0.0403861999511719
0.0809097290039062 -0.00662994384765625 -0.0346450805664062 0.0286674499511719
0.0881729125976563 0.0159988403320313 -0.0130271911621094 0.0279903411865234
0.0820770263671875 0.0379791259765625 0.011749267578125 0.0630378723144531
0.0752716064453125 0.0469284057617188 0.0612106323242188 -0.0173873901367187
0.0724411010742188 0.0318374633789063 0.0916824340820313 0.0157012939453125
0.082427978515625 0.01226806640625 0.09661865234375 0.0109710693359375
0.0732269287109375 -0.0194091796875 0.0935516357421875 -0.0129852294921875
0.0508689880371094 -0.0363044738769531 0.0654563903808594 -0.0207862854003906
0.0258750915527344 -0.0582160949707031 0.0447578430175781 -0.0205917358398438
0.00496673583984375 -0.05780029296875 0.0347766876220703 -0.00198173522949219
0.00354385375976562 -0.0526123046875 0.0342693328857422 0.0214519500732422
-0.00030517578125 -0.0604019165039063 0.0367698669433594 0.04595947265625
0.00701141357421875 -0.0611381530761719 0.0128974914550781 0.0667572021484375
0.0333938598632813 -0.0560798645019531 -0.00612640380859375 0.0696678161621094
0.0505180358886719 -0.0456695556640625 -0.0224571228027344 0.0472068786621094
0.071807861328125 -0.0067291259765625 -0.0235347747802734 0.03082275390625
0.0776214599609375 0.0154953002929688 0.0111408233642578 0.0280952453613281
0.070556640625 0.0349197387695313 0.0386276245117188 0.076934814453125
0.0487442016601563 0.0327720642089844 0.077362060546875 -0.00127410888671875
0.052703857421875 0.0267257690429688 0.103065490722656 0.0250320434570313
0.0652503967285156 0.0103874206542969 0.0955657958984375 0.015594482421875
0.0586776733398438 -0.0133132934570313 0.0873565673828125 -0.0043487548828125
0.039093017578125 -0.0239105224609375 0.0572891235351563 -0.008697509765625
0.025909423828125 -0.0394935607910156 0.0399856567382813 -0.00294113159179688
0.0153579711914063 -0.0403785705566406 0.0349845886230469 0.0187301635742187
0.0156135559082031 -0.0359039306640625 0.0353775024414063 0.0377540588378906
0.0146217346191406 -0.0428085327148437 0.0379791259765625 0.0612220764160156
0.0174026489257812 -0.036956787109375 0.0159530639648437 0.0772018432617188
0.0324687957763672 -0.0319576263427734 -0.0047760009765625 0.0748443603515625
0.0415992736816406 -0.0257759094238281 -0.0197715759277344 0.0504341125488281
0.0533027648925781 0.00384521484375 -0.0165424346923828 0.0283050537109375
0.0538825988769531 0.0179710388183594 0.0271244049072266 0.0285663604736328
0.044830322265625 0.030364990234375 0.06011962890625 0.0893630981445313
0.0178318023681641 0.0133190155029297 0.0830841064453125 0.00571441650390625
0.0256118774414063 0.0144252777099609 0.103141784667969 0.025421142578125
0.0327663421630859 0.00465202331542969 0.0890350341796875 0.0152511596679687
0.031402587890625 -0.00571441650390625 0.0770721435546875 0.0011749267578125
0.0202198028564453 -0.00735855102539063 0.0481185913085937 -0.00150680541992188
0.0209064483642578 -0.0121212005615234 0.0334243774414063 0.0106983184814453
0.0226173400878906 -0.0156173706054688 0.0304336547851563 0.0317821502685547
0.0260181427001953 -0.0142192840576172 0.0322456359863281 0.0484085083007813
0.0269851684570313 -0.0181732177734375 0.0295295715332031 0.0670242309570313
0.0265693664550781 -0.0120296478271484 0.00872039794921874 0.0816421508789063
0.0297451019287109 -0.00598907470703125 -0.0108718872070312 0.0741958618164063
0.0297107696533203 -0.00169181823730469 -0.0238609313964844 0.049102783203125
0.0295658111572266 0.0154438018798828 -0.0167827606201172 0.0269050598144531
0.0226993560791016 0.0227489471435547 0.031646728515625 0.0308513641357422
0.0131683349609375 0.0217456817626953 0.0682525634765625 0.0981597900390625
-0.016749382019043 -0.00545883178710937 0.0795211791992188 0.0010833740234375
-0.00625944137573242 -0.00133609771728516 0.093963623046875 0.0159072875976563
-0.00465059280395508 -0.00351810455322266 0.0768356323242188 0.00917816162109375
-0.00605916976928711 0.00398349761962891 0.0666923522949219 -0.0003662109375
-0.00431919097900391 0.0133819580078125 0.0401954650878906 -0.00374603271484375
0.0132713317871094 0.0196609497070313 0.0260410308837891 0.0118427276611328
0.02740478515625 0.0123615264892578 0.0245189666748047 0.0336685180664063
0.0313796997070312 0.00938034057617187 0.0227890014648438 0.0502204895019531
0.0363044738769531 0.00698089599609375 0.0179367065429688 0.0710678100585938
0.0295639038085937 0.0124530792236328 -0.0042572021484375 0.080902099609375
0.0205535888671875 0.0180206298828125 -0.0212440490722656 0.0696754455566406
0.0144319534301758 0.0175256729125977 -0.0308761596679687 0.0474395751953125
0.00408554077148437 0.0237674713134766 -0.0239486694335938 0.0267429351806641
-0.011932373046875 0.0224590301513672 0.0228271484375 0.0347957611083984
-0.0215034484863281 0.00881195068359376 0.0636062622070313 0.102523803710937
0.0668182373046875 0.00996017456054688 -0.05242919921875 -0.0931320190429688
0.0361137390136719 -0.0248451232910156 -0.00854110717773437 -0.0433616638183594
0.0170440673828125 -0.0293521881103516 0.0364303588867188 -0.024658203125
0.0022735595703125 -0.0339012145996094 0.0501556396484375 -0.0467033386230469
-0.00846481323242187 -0.0324726104736328 0.0427055358886719 -0.0619277954101562
-0.0331382751464844 -0.0307235717773437 0.0183639526367187 -0.0791168212890625
-0.0444145202636719 -0.0265235900878906 -0.00817108154296875 -0.0738143920898438
-0.0372581481933594 -0.02777099609375 -0.0127105712890625 -0.0491142272949219
-0.0409507751464844 -0.0350379943847656 -0.0176010131835938 -0.0275077819824219
-0.0203742980957031 -0.0461196899414062 -0.0256519317626953 -0.00749778747558594
0.00957489013671875 -0.0462837219238281 -0.0399742126464844 0.00846481323242188
0.0304088592529297 -0.0291271209716797 -0.05279541015625 0.00508117675781251
0.0408935546875 -0.00104904174804688 -0.0757064819335937 -0.00250244140625001
0.0467529296875 0.0102043151855469 -0.088409423828125 0.000198364257812497
0.0552139282226563 0.0245628356933594 -0.0723800659179687 0.00740814208984375
0.08892822265625 0.0267105102539063 -0.022705078125 -0.0838699340820313
0.0601577758789063 -0.00864410400390625 0.018646240234375 -0.0375251770019531
0.0439262390136719 -0.0205039978027344 0.0556449890136719 -0.0212783813476562
0.0272598266601563 -0.0370330810546875 0.0693397521972656 -0.0426063537597656
0.0103721618652344 -0.0401153564453125 0.0575828552246094 -0.0560188293457031
-0.0197563171386719 -0.0487442016601563 0.0328521728515625 -0.0729141235351563
-0.0363655090332031 -0.0470428466796875 0.00922393798828124 -0.0665130615234375
-0.0345039367675781 -0.0471153259277344 0.00268173217773437 -0.0406570434570313
-0.0383033752441406 -0.0573616027832031 0.000731468200683592 -0.0144052505493164
-0.015350341796875 -0.0692672729492188 -0.0148639678955078 0.00783920288085937
0.0232582092285156 -0.0680160522460938 -0.028564453125 0.0255603790283203
0.0503997802734375 -0.0469169616699219 -0.0452537536621094 0.0156173706054688
0.0684089660644531 -0.0002288818359375 -0.0591392517089844 0.0107917785644531
0.0746307373046875 0.0167083740234375 -0.0631103515625 0.0146903991699219
0.0811538696289063 0.036651611328125 -0.0478706359863281 0.0261077880859375
0.10040283203125 0.0445327758789063 0.00969314575195314 -0.0671119689941406
0.0772171020507813 0.00853729248046875 0.0490875244140625 -0.0281295776367188
0.0676002502441406 -0.00748062133789062 0.0760955810546875 -0.013427734375
0.051910400390625 -0.0316963195800781 0.0854721069335938 -0.0377349853515625
0.0306510925292969 -0.0452461242675781 0.0674705505371094 -0.0499610900878906
-0.00152587890625001 -0.0622749328613281 0.0446014404296875 -0.0639457702636719
-0.0256729125976563 -0.0612907409667969 0.0240325927734375 -0.0510673522949219
-0.0264244079589844 -0.0597305297851563 0.0195884704589844 -0.0240383148193359
-0.0327911376953125 -0.0698089599609375 0.016510009765625 0.00270938873291015
-0.0115966796875 -0.079437255859375 -0.00259780883789063 0.0265178680419922
0.029022216796875 -0.0786819458007813 -0.0192794799804687 0.0411033630371094
0.05877685546875 -0.0592689514160156 -0.0338573455810547 0.0297508239746094
0.0873794555664063 -0.0065460205078125 -0.0449714660644531 0.0242919921875
0.0940093994140625 0.015289306640625 -0.0358390808105469 0.0225601196289062
0.09295654296875 0.0380325317382813 -0.0155067443847656 0.0425872802734375
0.0978469848632813 0.0497512817382813 0.0437889099121094 -0.0468940734863281
0.084259033203125 0.0259323120117187 0.0767822265625 -0.0059051513671875
0.0857009887695313 0.0043487548828125 0.09185791015625 -0.00350189208984375
0.0723953247070313 -0.0286483764648437 0.0955429077148438 -0.0304336547851563
0.0491218566894531 -0.0457534790039063 0.0705490112304688 -0.0414047241210937
0.0138130187988281 -0.0673332214355469 0.0489311218261719 -0.0458259582519531
-0.0103530883789062 -0.0677299499511719 0.0365371704101563 -0.0302886962890625
-0.0120887756347656 -0.0656280517578125 0.031524658203125 -0.00496864318847657
-0.0208892822265625 -0.0750045776367188 0.03173828125 0.0206489562988281
-0.00430297851562499 -0.077606201171875 0.0113716125488281 0.0477180480957031
0.0311660766601563 -0.07635498046875 -0.00835800170898438 0.0578727722167969
0.0589981079101562 -0.0612144470214844 -0.0254898071289062 0.0403785705566406
0.0878982543945313 -0.0103378295898438 -0.0319061279296875 0.0283603668212891
0.0937652587890625 0.0126800537109375 -0.00997543334960937 0.0236663818359375
0.0913009643554688 0.0420913696289063 0.0177688598632813 0.0615615844726562
0.0778045654296875 0.0512619018554688 0.0688896179199219 -0.0217056274414063
0.0790863037109375 0.0364227294921875 0.0998764038085938 0.00991058349609375
0.088287353515625 0.012725830078125 0.103729248046875 0.00438690185546875
0.0785369873046875 -0.020751953125 0.0987396240234375 -0.0214157104492188
0.0536575317382813 -0.0375099182128906 0.0662002563476563 -0.0267562866210938
0.0276298522949219 -0.0611419677734375 0.0471420288085938 -0.025482177734375
0.00443267822265625 -0.0631256103515625 0.0404815673828125 -0.00843429565429688
0.00467300415039063 -0.0581130981445313 0.03851318359375 0.0140724182128906
-0.00242614746093751 -0.0667037963867188 0.0416984558105469 0.0408821105957031
0.00423431396484376 -0.0654640197753906 0.0234451293945313 0.0637779235839844
0.0355033874511719 -0.0604362487792969 0.00314712524414062 0.0686798095703125
0.0533905029296875 -0.0488357543945313 -0.0157470703125 0.0461463928222656
0.0769424438476563 -0.006011962890625 -0.0184135437011719 0.0324821472167969
0.0816192626953125 0.0152359008789062 0.0152091979980469 0.0269546508789063
0.0753860473632813 0.0378494262695313 0.0474853515625 0.0750503540039063
0.0507583618164063 0.0377006530761719 0.0878829956054688 -0.0029754638671875
0.0549087524414063 0.0300483703613281 0.110908508300781 0.01849365234375
0.068603515625 0.0145378112792969 0.101211547851563 0.0103225708007813
0.0646171569824219 -0.0126914978027344 0.0947189331054688 -0.00986480712890625
0.0453453063964844 -0.0277137756347656 0.0592727661132813 -0.0118865966796875
0.0308799743652344 -0.0426597595214844 0.0410232543945313 -0.00433349609375
0.0177841186523437 -0.0446662902832031 0.0383491516113281 0.0149917602539062
0.0188331604003906 -0.0415611267089844 0.0397109985351563 0.0325164794921875
0.0160331726074219 -0.0473136901855469 0.0445938110351563 0.056854248046875
0.0213165283203125 -0.0426139831542969 0.023956298828125 0.0737075805664063
0.03472900390625 -0.0360488891601562 0.00263977050781249 0.0742263793945313
0.0449066162109375 -0.0272216796875 -0.0147628784179687 0.052093505859375
0.05902099609375 0.00687408447265625 -0.0111331939697266 0.0301055908203125
0.057952880859375 0.0215225219726563 0.0326499938964844 0.0277614593505859
0.05035400390625 0.0343437194824219 0.068206787109375 0.0864944458007813
0.0153999328613281 0.0205936431884766 0.0921249389648438 0.00476837158203125
0.0256099700927734 0.0189018249511719 0.111198425292969 0.0199356079101563
0.0344047546386719 0.00824356079101563 0.0947418212890625 0.0109100341796875
0.0328617095947266 -0.00246810913085938 0.0795516967773438 -0.00390625
0.0239162445068359 -0.0062255859375 0.0463905334472656 -0.006103515625
0.0247268676757813 -0.0139312744140625 0.0334072113037109 0.00763511657714844
0.0281009674072266 -0.0214309692382813 0.035980224609375 0.0309257507324219
0.029998779296875 -0.0195369720458984 0.0350189208984375 0.0480880737304688
0.0319194793701172 -0.0223426818847656 0.0347518920898438 0.0658836364746094
0.0333175659179688 -0.0150909423828125 0.0157699584960938 0.0782623291015625
0.0369453430175781 -0.00463485717773438 -0.00347137451171874 0.0755691528320313
0.0352401733398438 0.00145339965820312 -0.0199050903320312 0.0516242980957031
0.0334091186523438 0.0219936370849609 -0.0152168273925781 0.0278358459472656
0.0209808349609375 0.0281810760498047 0.0369796752929688 0.0302619934082031
0.0095367431640625 0.0298480987548828 0.0803146362304688 0.0994338989257813
-0.0229549407958984 -0.000198364257812497 0.0883102416992188 -0.000640869140625
-0.0095977783203125 0.00347042083740235 0.101821899414063 0.0127410888671875
-0.0070185661315918 0.00374603271484375 0.080810546875 0.00385284423828125
-0.00109004974365234 0.0123071670532227 0.0690345764160156 -0.00434494018554687
0.00169563293457031 0.0187816619873047 0.0375747680664063 -0.00430679321289062
0.0210094451904297 0.0201587677001953 0.0268135070800781 0.0116558074951172
0.0341663360595703 0.0108585357666016 0.0247077941894531 0.0360946655273437
0.0362091064453125 0.00519943237304688 0.0257949829101563 0.0526504516601563
0.043701171875 0.00179290771484375 0.0197601318359375 0.0705184936523438
0.0394554138183594 0.00941848754882813 0.00161743164062499 0.0808792114257813
0.0299091339111328 0.0170402526855469 -0.0185317993164062 0.0696067810058594
0.0203857421875 0.0209217071533203 -0.0271186828613281 0.0500030517578125
0.005523681640625 0.0311489105224609 -0.0225200653076172 0.0306358337402344
-0.0132865905761719 0.0316219329833984 0.0278892517089844 0.0365829467773437
-0.0269432067871094 0.0170688629150391 0.074432373046875 0.105827331542969
0.0732421875 0.002410888671875 -0.0594329833984375 -0.0986099243164063
0.0359764099121094 -0.0324554443359375 -0.0130081176757812 -0.0461158752441406
0.0144615173339844 -0.0358619689941406 0.0343723297119141 -0.0262222290039063
-0.00442886352539063 -0.0382575988769531 0.0503005981445313 -0.0475959777832031
-0.0169467926025391 -0.0322074890136719 0.0441131591796875 -0.0648574829101563
-0.0405693054199219 -0.0257720947265625 0.0168075561523438 -0.08343505859375
-0.0502204895019531 -0.0191154479980469 -0.00841522216796875 -0.077117919921875
-0.0443763732910156 -0.0230331420898438 -0.0140419006347656 -0.0550308227539063
-0.049041748046875 -0.0297966003417969 -0.0164680480957031 -0.0313320159912109
-0.0267715454101562 -0.04473876953125 -0.0249805450439453 -0.00915145874023438
0.00293350219726562 -0.0493240356445313 -0.036224365234375 0.00962829589843749
0.0260391235351563 -0.0355682373046875 -0.0537643432617188 0.00592803955078126
0.0431137084960938 -0.00744247436523438 -0.0768203735351562 -0.000473022460937513
0.0528984069824219 0.00310516357421875 -0.0925064086914063 0.000923156738281261
0.0625648498535156 0.018646240234375 -0.0771942138671875 0.00477600097656249
0.0980072021484375 0.021331787109375 -0.0264816284179688 -0.09228515625
0.0617713928222656 -0.0156669616699219 0.0159835815429688 -0.0448150634765625
0.0425567626953125 -0.0274276733398438 0.0547828674316406 -0.0255546569824219
0.022857666015625 -0.0396690368652344 0.0680580139160156 -0.0465888977050781
0.0045623779296875 -0.040924072265625 0.0590095520019531 -0.0607566833496094
-0.0255393981933594 -0.0464248657226562 0.0344467163085937 -0.078765869140625
-0.0427436828613281 -0.0421180725097656 0.0106887817382813 -0.07159423828125
-0.0400161743164063 -0.0441932678222656 0.00337982177734374 -0.0463829040527344
-0.0452919006347656 -0.0552520751953125 0.00158882141113281 -0.0211658477783203
-0.0241966247558594 -0.0693702697753906 -0.0123682022094727 0.00501823425292968
0.0177688598632813 -0.0718994140625 -0.0253276824951172 0.0234336853027344
0.0476341247558594 -0.0541534423828125 -0.0425224304199219 0.0161399841308594
0.0731277465820313 -0.009429931640625 -0.058349609375 0.0130500793457031
0.0838394165039063 0.009613037109375 -0.0656318664550781 0.0127639770507813
0.089447021484375 0.0308990478515625 -0.04998779296875 0.0224342346191406
0.108009338378906 0.0413436889648438 0.0103302001953125 -0.076873779296875
0.0809783935546875 0.00417327880859375 0.0484619140625 -0.0330352783203125
0.069915771484375 -0.0122337341308594 0.0770187377929687 -0.0197982788085937
0.0511550903320312 -0.0370597839355469 0.0866622924804688 -0.0438079833984375
0.0277633666992188 -0.0466346740722656 0.0690841674804688 -0.0556297302246094
-0.00608825683593749 -0.061370849609375 0.0459632873535156 -0.069488525390625
-0.0289993286132812 -0.0603446960449219 0.0262222290039063 -0.0583534240722656
-0.0296173095703125 -0.0596160888671875 0.0201206207275391 -0.0313205718994141
-0.0364837646484375 -0.07122802734375 0.0202484130859375 -0.00420570373535157
-0.0181808471679688 -0.0821533203125 0.00246238708496093 0.0233745574951172
0.0243148803710937 -0.08489990234375 -0.012451171875 0.0396347045898437
0.0581169128417969 -0.0668487548828125 -0.0306282043457031 0.0292453765869141
0.0899734497070313 -0.0146636962890625 -0.0421142578125 0.0240364074707031
0.101837158203125 0.0103683471679688 -0.0354423522949219 0.022064208984375
0.102027893066406 0.037445068359375 -0.0139045715332031 0.0388870239257813
0.10418701171875 0.0515975952148437 0.0454444885253906 -0.0557098388671875
0.08843994140625 0.0236968994140625 0.0787277221679688 -0.016998291015625
0.0895156860351563 0.00189971923828125 0.0952835083007813 -0.00873565673828125
0.0748519897460938 -0.03192138671875 0.0996627807617188 -0.035552978515625
0.0476493835449219 -0.047821044921875 0.0745391845703125 -0.0454940795898437
0.0135345458984375 -0.0689430236816406 0.051605224609375 -0.0530738830566406
-0.01171875 -0.0691604614257813 0.0362091064453125 -0.0378646850585938
-0.0135955810546875 -0.0660133361816406 0.0330924987792969 -0.0110626220703125
-0.0232620239257813 -0.0762710571289062 0.0370063781738281 0.0156822204589844
-0.00840759277343749 -0.0818023681640625 0.0178375244140625 0.0419235229492187
0.030059814453125 -0.08251953125 0.000179290771484372 0.0556221008300781
0.0595054626464844 -0.0691184997558594 -0.0186614990234375 0.0396308898925781
0.094268798828125 -0.0161209106445313 -0.025909423828125 0.0299148559570313
0.103836059570313 0.0099639892578125 -0.00511360168457031 0.0237941741943359
0.100532531738281 0.0404510498046875 0.023193359375 0.0561943054199219
0.0861740112304687 0.053192138671875 0.075592041015625 -0.0312271118164063
0.0819320678710938 0.03692626953125 0.10400390625 0.0011749267578125
0.0924072265625 0.0139999389648438 0.106407165527344 0.000473022460937501
0.0824356079101563 -0.0237045288085938 0.100082397460938 -0.02459716796875
0.0551872253417969 -0.0409393310546875 0.070587158203125 -0.0305252075195313
0.0280838012695313 -0.0649070739746094 0.0503196716308594 -0.0311431884765625
0.00512313842773437 -0.0669479370117187 0.04217529296875 -0.0124778747558594
0.00273895263671875 -0.0620918273925781 0.0410079956054688 0.009063720703125
-0.00352096557617187 -0.069427490234375 0.0469589233398438 0.033355712890625
0.00659942626953125 -0.0698585510253906 0.0282745361328125 0.0582656860351563
0.0357437133789063 -0.0666847229003906 0.00686264038085937 0.0650672912597656
0.0575904846191406 -0.054351806640625 -0.0107841491699219 0.0458831787109375
0.08392333984375 -0.00823974609375 -0.0134735107421875 0.0292701721191406
0.090240478515625 0.0158233642578125 0.0205707550048828 0.0239772796630859
0.08251953125 0.0410308837890625 0.0564804077148438 0.0713272094726563
0.0541305541992187 0.0440597534179688 0.0962448120117188 -0.010772705078125
0.0592269897460937 0.0359611511230469 0.119354248046875 0.014739990234375
0.073822021484375 0.01611328125 0.107124328613281 0.00531768798828125
0.070556640625 -0.01324462890625 0.094146728515625 -0.016021728515625
0.0506782531738281 -0.0280418395996094 0.060333251953125 -0.0161857604980469
0.0331764221191406 -0.047119140625 0.0449752807617188 -0.00802230834960938
0.0205726623535156 -0.051666259765625 0.0422897338867188 0.0111618041992187
0.0199203491210937 -0.0479202270507813 0.0428924560546875 0.0296249389648437
0.0187339782714844 -0.0551605224609375 0.0475730895996094 0.0515213012695313
0.022735595703125 -0.0472869873046875 0.0285911560058594 0.0694656372070312
0.042755126953125 -0.0390663146972656 0.00864410400390626 0.0703964233398438
0.0534896850585937 -0.0284805297851562 -0.0088043212890625 0.0476608276367187
0.0651473999023437 0.00858306884765625 -0.00680732727050781 0.0299167633056641
0.062347412109375 0.026397705078125 0.0368080139160156 0.0243606567382813
0.0501441955566406 0.0410575866699219 0.0801010131835938 0.0864639282226563
0.0138683319091797 0.0266857147216797 0.103614807128906 0.001556396484375
0.0258865356445313 0.0264873504638672 0.12042236328125 0.0182952880859375
0.0387077331542969 0.0152397155761719 0.0996170043945313 0.005706787109375
0.0399398803710937 -7.62939453125E-05 0.0830841064453125 -0.00858306884765625
0.0311985015869141 -0.00634574890136719 0.0485382080078125 -0.00787734985351563
0.0321216583251953 -0.0196456909179687 0.0366325378417969 0.00738906860351562
0.0335025787353516 -0.0282859802246094 0.036590576171875 0.0289802551269531
0.0343151092529297 -0.0267543792724609 0.037139892578125 0.04522705078125
0.0374069213867188 -0.0321273803710938 0.0389366149902344 0.0645942687988281
0.0369186401367188 -0.0219650268554688 0.017303466796875 0.0779571533203125
0.0445709228515625 -0.00921249389648438 -0.00156402587890625 0.0718536376953125
0.0435981750488281 0.000400543212890625 -0.0137290954589844 0.0497970581054688
0.0397758483886719 0.0281105041503906 -0.00810050964355468 0.0291728973388672
0.0261344909667969 0.0376968383789063 0.0420951843261719 0.0304908752441406
0.0114860534667969 0.03594970703125 0.0884552001953125 0.0984954833984375
-0.0261764526367187 0.00676727294921875 0.095001220703125 0.00080108642578125
-0.0136194229125977 0.0121335983276367 0.109207153320313 0.01263427734375
-0.00515842437744141 0.0131139755249023 0.0866165161132813 0.00115966796875
0.00289154052734375 0.0153970718383789 0.0699043273925781 -0.0072021484375
0.00866889953613281 0.0199146270751953 0.0380973815917969 -0.005615234375
0.0281715393066406 0.0154647827148437 0.0270442962646484 0.013519287109375
0.0412979125976563 0.002593994140625 0.0279502868652344 0.0382232666015625
0.0425987243652344 -0.00210189819335938 0.0272979736328125 0.0528030395507813
0.0489311218261719 -0.0057220458984375 0.0228347778320313 0.0728607177734375
0.0439453125 0.00295257568359375 0.00209045410156249 0.0804443359375
0.0390777587890625 0.0170059204101563 -0.0164909362792969 0.0701866149902344
0.0287551879882813 0.0235443115234375 -0.0250358581542969 0.0497055053710938
0.011016845703125 0.038299560546875 -0.0182647705078125 0.0313301086425781
-0.0112991333007812 0.0398139953613281 0.0317459106445313 0.039215087890625
-0.0299358367919922 0.0255451202392578 0.0808563232421875 0.108474731445312
0.0793533325195313 -0.005950927734375 -0.0662384033203125 -0.105659484863281
0.0353126525878906 -0.0410842895507813 -0.0182991027832031 -0.0512161254882813
0.00918197631835938 -0.0428657531738281 0.0330123901367188 -0.02886962890625
-0.0129356384277344 -0.0403671264648438 0.0497398376464844 -0.04998779296875
-0.0239982604980469 -0.0316791534423828 0.0456809997558594 -0.0677680969238281
-0.0468177795410156 -0.0209197998046875 0.0164413452148437 -0.0871353149414063
-0.0542526245117188 -0.0139198303222656 -0.00962066650390625 -0.08258056640625
-0.0499458312988281 -0.0174331665039062 -0.0153579711914063 -0.0585708618164062
-0.0541610717773437 -0.0240745544433594 -0.0178871154785156 -0.0366859436035156
-0.035125732421875 -0.0424575805664062 -0.0241947174072266 -0.0125617980957031
-0.00425338745117188 -0.0522613525390625 -0.0348300933837891 0.00788879394531249
0.02117919921875 -0.0424118041992188 -0.0548553466796875 0.00646591186523437
0.0446891784667969 -0.0171699523925781 -0.0793685913085938 0.00310516357421876
0.0583114624023438 -0.00623321533203125 -0.0989227294921875 0.00279235839843748
0.070953369140625 0.0110626220703125 -0.0853195190429687 0.00357055664062502
0.105667114257812 0.0159072875976562 -0.0308761596679687 -0.102874755859375
0.0636177062988281 -0.0235214233398437 0.0128059387207031 -0.0508155822753906
0.0404205322265625 -0.0329132080078125 0.0555648803710938 -0.0280876159667969
0.0170135498046875 -0.0432815551757813 0.06976318359375 -0.0504875183105469
-0.000732421874999999 -0.0414199829101563 0.0615348815917969 -0.0659103393554688
-0.0314064025878906 -0.0431861877441406 0.03521728515625 -0.0844802856445313
-0.0473556518554687 -0.0390663146972656 0.010284423828125 -0.0791015625
-0.0452804565429688 -0.0415306091308594 0.00278854370117187 -0.052520751953125
-0.0521240234375 -0.0519180297851563 0.00149726867675781 -0.0269775390625
-0.0303726196289063 -0.0691490173339844 -0.010188102722168 0.000973701477050776
0.0107574462890625 -0.0769577026367188 -0.0227451324462891 0.0210247039794922
0.0449066162109375 -0.0619163513183594 -0.0417633056640625 0.0160408020019531
0.0777206420898438 -0.0175399780273438 -0.0595283508300781 0.0152053833007812
0.0920028686523438 0.001495361328125 -0.0696868896484375 0.0129852294921875
0.10015869140625 0.0258560180664063 -0.0530662536621094 0.0192642211914063
0.117782592773438 0.0373306274414063 0.009429931640625 -0.08837890625
0.0847625732421875 0.00041961669921875 0.0482254028320313 -0.0404930114746094
0.0719451904296875 -0.0158309936523438 0.0790328979492188 -0.02325439453125
0.0497703552246094 -0.0412101745605469 0.089508056640625 -0.0487518310546875
0.0260772705078125 -0.0482139587402344 0.0728759765625 -0.0614547729492188
-0.00984191894531249 -0.061492919921875 0.0481796264648438 -0.07611083984375
-0.0329856872558594 -0.0603103637695313 0.0272369384765625 -0.0666694641113281
-0.0337944030761719 -0.0600090026855469 0.0204048156738281 -0.0380935668945313
-0.0432815551757813 -0.0708389282226563 0.0218257904052734 -0.0110187530517578
-0.0241546630859375 -0.08355712890625 0.00595283508300781 0.0186386108398437
0.0206222534179687 -0.0906448364257812 -0.00826644897460938 0.0366897583007812
0.0569000244140625 -0.0757598876953125 -0.0283203125 0.0271968841552734
0.097076416015625 -0.0215606689453125 -0.0401687622070313 0.0245742797851563
0.111404418945313 0.00408935546875 -0.0359535217285156 0.0201377868652344
0.113929748535156 0.0345840454101563 -0.0135612487792969 0.036163330078125
0.114509582519531 0.052703857421875 0.0488128662109375 -0.0658950805664063
0.0953369140625 0.0234222412109375 0.0818710327148438 -0.0243988037109375
0.0948028564453125 0.0008697509765625 0.0984420776367188 -0.0130538940429688
0.0774154663085938 -0.0361175537109375 0.101615905761719 -0.0415725708007812
0.0488815307617188 -0.0507316589355469 0.0768051147460938 -0.0509185791015625
0.0107955932617187 -0.0721054077148438 0.0535926818847656 -0.0596275329589844
-0.0145339965820312 -0.0728607177734375 0.038238525390625 -0.0452423095703125
-0.01708984375 -0.0697517395019531 0.0346183776855469 -0.0184974670410156
-0.0268325805664063 -0.0793228149414063 0.0393447875976563 0.00730514526367187
-0.0127182006835938 -0.0857315063476563 0.0218582153320312 0.0368881225585937
0.0284652709960938 -0.0897140502929688 0.00501632690429688 0.0510368347167969
0.0608444213867188 -0.0759353637695312 -0.0160331726074219 0.0364303588867187
0.101051330566406 -0.022003173828125 -0.0224628448486328 0.0285396575927734
0.112953186035156 0.0072174072265625 -0.00338554382324218 0.0215530395507813
0.110580444335938 0.0403976440429688 0.0273857116699219 0.0528984069824219
0.0939178466796875 0.0571823120117188 0.0832672119140625 -0.0402297973632812
0.088653564453125 0.03887939453125 0.111129760742188 -0.0059814453125
0.100242614746094 0.0137252807617187 0.110984802246094 -0.00487518310546875
0.0885009765625 -0.0276031494140625 0.105194091796875 -0.0307464599609375
0.0601539611816406 -0.0455055236816406 0.0727157592773438 -0.0362777709960938
0.0277023315429688 -0.0697975158691406 0.0528831481933594 -0.0369491577148438
0.003814697265625 -0.0733184814453125 0.0446128845214844 -0.01898193359375
0.00204086303710938 -0.0675849914550781 0.0430641174316406 0.00456237792968749
-0.00509643554687499 -0.0763778686523438 0.0504150390625 0.0279617309570312
0.00511932373046875 -0.0749969482421875 0.0319938659667969 0.0531539916992188
0.0383758544921875 -0.0735397338867188 0.0129127502441406 0.0611038208007812
0.0611686706542969 -0.0603370666503906 -0.00702285766601562 0.0426063537597656
0.0918197631835937 -0.0103225708007813 -0.0084991455078125 0.0286273956298828
0.0980682373046875 0.016387939453125 0.0241947174072266 0.0201358795166016
0.091094970703125 0.0446929931640625 0.0638961791992188 0.0686454772949219
0.0592498779296875 0.0509757995605469 0.105369567871094 -0.0178070068359375
0.064422607421875 0.0406913757324219 0.127655029296875 0.007568359375
0.08135986328125 0.020904541015625 0.113754272460938 0.00121307373046875
0.0784988403320313 -0.0150909423828125 0.0981063842773438 -0.0205307006835938
0.0559120178222656 -0.0304527282714844 0.06146240234375 -0.0197563171386719
0.0363883972167969 -0.0541839599609375 0.0469284057617188 -0.0120277404785156
0.0212135314941406 -0.0597991943359375 0.0451316833496094 0.00753021240234375
0.0216522216796875 -0.0561027526855469 0.0458602905273438 0.0270156860351562
0.0195541381835937 -0.0632667541503906 0.0515174865722656 0.0467681884765625
0.02581787109375 -0.0553207397460938 0.0324592590332031 0.0654830932617188
0.0472145080566406 -0.0455055236816406 0.0125961303710938 0.0675392150878906
0.0593719482421875 -0.0316848754882812 -0.00400924682617188 0.0464210510253906
0.0728759765625 0.0113372802734375 -0.00261497497558593 0.0276584625244141
0.0687904357910156 0.0317611694335938 0.0426292419433594 0.0214996337890625
0.0558204650878906 0.0477790832519531 0.0890579223632812 0.0842437744140625
0.0155315399169922 0.0341644287109375 0.113479614257813 -0.003875732421875
0.0278453826904297 0.0329742431640625 0.129951477050781 0.0137863159179688
0.0434761047363281 0.0213508605957031 0.106002807617188 0.0021209716796875
0.0486106872558594 0.000934600830078125 0.0861129760742188 -0.01251220703125
0.037994384765625 -0.00708770751953125 0.0493545532226563 -0.00835800170898438
0.0382347106933594 -0.0248603820800781 0.0384330749511719 0.0071868896484375
0.0354843139648438 -0.0353889465332031 0.0401458740234375 0.0292015075683594
0.0364151000976563 -0.0351753234863281 0.0405845642089844 0.0448112487792969
0.0404167175292969 -0.0410575866699219 0.0424842834472656 0.0634765625
0.0426177978515625 -0.0301132202148437 0.0209426879882813 0.074920654296875
0.051727294921875 -0.0137939453125 0.00156402587890626 0.0705032348632813
0.0531196594238281 -0.000244140625 -0.00999069213867187 0.048492431640625
0.0464706420898438 0.0334854125976563 -0.00374603271484375 0.0284137725830078
0.0309371948242188 0.0456809997558594 0.0473098754882813 0.0292930603027344
0.0130882263183594 0.0457496643066406 0.097869873046875 0.100845336914063
-0.0308570861816406 0.0143775939941406 0.105850219726563 -0.000495910644531249
-0.0133819580078125 0.0203590393066406 0.118606567382813 0.0107040405273438
-0.00280952453613281 0.0195121765136719 0.0911026000976563 -0.0026092529296875
0.00922012329101563 0.0199756622314453 0.0712966918945313 -0.0106124877929687
0.0151519775390625 0.0209217071533203 0.0379867553710938 -0.00516510009765625
0.0358390808105469 0.011932373046875 0.0275783538818359 0.0157871246337891
0.0463066101074219 -0.00427627563476562 0.0296669006347656 0.0405197143554688
0.0469474792480469 -0.0091094970703125 0.0296401977539063 0.0555267333984375
0.0532722473144531 -0.0146980285644531 0.0262985229492188 0.07452392578125
0.0498466491699219 -0.00304031372070313 0.00283050537109375 0.0812835693359375
0.0465354919433594 0.0136337280273438 -0.0153350830078125 0.0718917846679688
0.0380172729492188 0.0245513916015625 -0.0218772888183594 0.0504035949707031
0.0169830322265625 0.04571533203125 -0.0151309967041016 0.0327091217041016
-0.0103034973144531 0.050323486328125 0.0377922058105469 0.0406951904296875
-0.0306396484375 0.0356788635253906 0.0893402099609375 0.1126708984375
0.0852813720703125 -0.0169296264648438 -0.07763671875 -0.113533020019531
0.0323905944824219 -0.0513420104980469 -0.0256729125976563 -0.0547943115234375
0.00304031372070312 -0.0498390197753906 0.0322666168212891 -0.0304756164550781
-0.0216941833496094 -0.0424766540527344 0.0505905151367188 -0.0530586242675781
-0.0317287445068359 -0.0294246673583984 0.046722412109375 -0.0726394653320313
-0.0532379150390625 -0.0139122009277344 0.0157928466796875 -0.0925750732421875
-0.0589447021484375 -0.00654983520507812 -0.0124435424804688 -0.0888214111328125
-0.0542564392089844 -0.0102996826171875 -0.0189361572265625 -0.0642013549804688
-0.0604438781738281 -0.0168685913085938 -0.0209884643554688 -0.0414695739746094
-0.0420646667480469 -0.0388412475585938 -0.0247306823730469 -0.0155181884765625
-0.0125160217285156 -0.0539970397949219 -0.0345726013183594 0.00642395019531249
0.0151901245117188 -0.0484466552734375 -0.0572357177734375 0.00813674926757811
0.0451507568359375 -0.0270538330078125 -0.0831451416015625 0.00603485107421874
0.0628700256347656 -0.0170555114746094 -0.107154846191406 0.00582122802734374
0.079742431640625 0.00234222412109375 -0.096099853515625 0.00490570068359376
0.114738464355469 0.007476806640625 -0.0392684936523437 -0.113677978515625
0.064666748046875 -0.0315628051757812 0.00841140747070313 -0.0573997497558594
0.0385818481445313 -0.0391159057617188 0.0559768676757812 -0.0322113037109375
0.0113182067871094 -0.0462379455566406 0.072052001953125 -0.0556793212890625
-0.00597000122070313 -0.0416374206542969 0.0640792846679688 -0.0729141235351563
-0.0369682312011719 -0.039306640625 0.0353469848632812 -0.092864990234375
-0.0526657104492188 -0.0355110168457031 0.00869750976562499 -0.0881881713867188
-0.0507316589355469 -0.0385475158691406 0.0006561279296875 -0.0597152709960937
-0.0595207214355469 -0.0484886169433594 -0.000307083129882816 -0.0345401763916016
-0.0384063720703125 -0.0683097839355469 -0.00966835021972657 -0.00375843048095703
0.003753662109375 -0.0819168090820313 -0.0207290649414063 0.0183429718017578
0.0407981872558594 -0.0702133178710938 -0.0417327880859375 0.0159111022949219
0.0815277099609375 -0.0283203125 -0.0605010986328125 0.0175895690917969
0.099945068359375 -0.00913238525390625 -0.0737533569335938 0.0145492553710937
0.112144470214844 0.0185089111328125 -0.0591926574707031 0.0179786682128906
0.129554748535156 0.0327987670898438 0.0057830810546875 -0.10223388671875
0.0898971557617187 -0.00437164306640625 0.0462913513183594 -0.0491485595703125
0.0744781494140625 -0.0213165283203125 0.0811004638671875 -0.0276641845703125
0.0478096008300781 -0.0459518432617188 0.092498779296875 -0.0556182861328125
0.0235023498535156 -0.0504341125488281 0.0754470825195313 -0.0686111450195313
-0.0140151977539062 -0.0611572265625 0.0488128662109375 -0.0859832763671875
-0.038360595703125 -0.0610275268554687 0.0264663696289062 -0.0769271850585938
-0.0387115478515625 -0.060089111328125 0.0189933776855469 -0.0460014343261719
-0.050140380859375 -0.0716934204101563 0.0217800140380859 -0.0194129943847656
-0.031494140625 -0.0860671997070312 0.00788593292236328 0.0130224227905273
0.0145339965820313 -0.0982589721679688 -0.00555419921875 0.033538818359375
0.0542068481445313 -0.0853805541992188 -0.0270156860351563 0.0256671905517578
0.10321044921875 -0.032562255859375 -0.0385475158691406 0.0248260498046875
0.121467590332031 -0.00543212890625 -0.0375900268554687 0.0192031860351563
0.128158569335938 0.0297470092773438 -0.0151309967041016 0.0334434509277344
0.126472473144531 0.0521316528320313 0.0505905151367188 -0.0792617797851562
0.103004455566406 0.0218048095703125 0.0842361450195313 -0.0328903198242188
0.102615356445313 -0.002777099609375 0.102821350097656 -0.0199508666992188
0.08056640625 -0.0423202514648438 0.10662841796875 -0.0494232177734375
0.0500907897949219 -0.0550003051757813 0.080413818359375 -0.0590972900390625
0.00852203369140626 -0.0760116577148438 0.0555572509765625 -0.068817138671875
-0.01898193359375 -0.077239990234375 0.0393218994140625 -0.0552902221679688
-0.0215225219726562 -0.0735092163085938 0.0349254608154297 -0.0253067016601563
-0.03369140625 -0.0840530395507813 0.0413665771484375 -0.000205993652343755
-0.0185470581054688 -0.0904083251953125 0.0250968933105469 0.0309429168701172
0.0251083374023437 -0.0985107421875 0.008575439453125 0.0471267700195312
0.0607070922851562 -0.086395263671875 -0.0130748748779297 0.0338306427001953
0.109153747558594 -0.030181884765625 -0.0194282531738281 0.0276699066162109
0.124732971191406 0.00081634521484375 -0.00168228149414062 0.0186710357666016
0.125167846679688 0.0398025512695313 0.0308570861816406 0.0492210388183594
0.1048583984375 0.0612869262695312 0.0891952514648437 -0.0526580810546875
0.0977020263671875 0.0401458740234375 0.116424560546875 -0.0151901245117187
0.11065673828125 0.0128250122070313 0.11737060546875 -0.0109786987304688
0.0956802368164063 -0.0338592529296875 0.110481262207031 -0.0389251708984375
0.064056396484375 -0.05157470703125 0.0758743286132812 -0.0420608520507813
0.0272979736328125 -0.0777435302734375 0.0551986694335937 -0.0439796447753906
0.0014190673828125 -0.0811843872070313 0.0462837219238281 -0.0270118713378906
-0.000747680664062503 -0.0743331909179687 0.04498291015625 -0.00118255615234375
-0.00923919677734374 -0.0844650268554687 0.053955078125 0.0211830139160156
0.00175476074218749 -0.0821990966796875 0.0354881286621094 0.047454833984375
0.0380630493164063 -0.0819015502929688 0.0175132751464844 0.0571441650390625
0.0652694702148437 -0.0696334838867188 -0.00367355346679687 0.0393180847167969
0.100868225097656 -0.0149154663085937 -0.00554466247558593 0.0260372161865234
0.109535217285156 0.0147933959960938 0.0282707214355469 0.0159664154052734
0.103240966796875 0.0480422973632813 0.0718460083007813 0.0648956298828125
0.067108154296875 0.0571556091308594 0.117073059082031 -0.0276947021484375
0.07269287109375 0.046539306640625 0.137069702148438 -6.86645507812472E-05
0.0918960571289063 0.0229263305664063 0.121078491210938 -0.00506591796875
0.0878829956054688 -0.0193634033203125 0.103408813476563 -0.0269317626953125
0.0626373291015625 -0.0365791320800781 0.0653572082519531 -0.0237236022949219
0.0380592346191406 -0.0618896484375 0.0495414733886719 -0.0168342590332031
0.0210838317871094 -0.0693511962890625 0.0485649108886719 0.00307083129882812
0.0204849243164063 -0.0642738342285156 0.0485076904296875 0.0238609313964844
0.0174789428710938 -0.0728683471679688 0.0554542541503906 0.0431938171386719
0.0259284973144531 -0.0630722045898438 0.0357246398925781 0.062774658203125
0.051605224609375 -0.0542488098144531 0.0163764953613281 0.0651512145996094
0.0669708251953125 -0.0389022827148438 -0.0013580322265625 0.04290771484375
0.0832061767578125 0.0110321044921875 0.00183105468750001 0.0251312255859375
0.0786895751953125 0.035369873046875 0.0490646362304688 0.0176315307617188
0.0652999877929688 0.0543251037597656 0.0998687744140625 0.083038330078125
0.0186996459960938 0.042999267578125 0.126434326171875 -0.0109176635742187
0.0327033996582031 0.0407905578613281 0.141571044921875 0.00634765625
0.0523300170898438 0.0268821716308594 0.113349914550781 -0.004486083984375
0.0581092834472656 7.62939453125E-05 0.0899429321289062 -0.0181732177734375
0.0467605590820313 -0.0103683471679688 0.0512008666992188 -0.0100898742675781
0.0428237915039063 -0.0325851440429688 0.0405387878417969 0.00568771362304687
0.0385932922363281 -0.0448074340820313 0.0442352294921875 0.0284004211425781
0.0380058288574219 -0.0446662902832031 0.0446891784667969 0.0444374084472656
0.0410690307617187 -0.0526351928710938 0.046630859375 0.0629806518554688
0.0455093383789063 -0.0388031005859375 0.023651123046875 0.0743865966796875
0.0597648620605469 -0.0203323364257813 0.00349807739257813 0.07012939453125
0.0622787475585938 -0.00414276123046875 -0.007415771484375 0.0465049743652344
0.0564422607421875 0.0373916625976562 -0.000402450561523431 0.0278720855712891
0.0383110046386719 0.0539093017578125 0.055267333984375 0.0271835327148438
0.017333984375 0.0555381774902344 0.110870361328125 0.100730895996094
-0.0329475402832031 0.0245323181152344 0.118949890136719 -0.0053558349609375
-0.0129661560058594 0.0301780700683594 0.130332946777344 0.006103515625
0.00246047973632813 0.0276565551757813 0.0970611572265625 -0.00827789306640625
0.0182113647460938 0.0229835510253906 0.0736770629882812 -0.0143966674804687
0.0226154327392578 0.0206756591796875 0.037750244140625 -0.0045013427734375
0.0424118041992188 0.00539398193359375 0.0293197631835938 0.0169658660888672
0.0506515502929688 -0.0126380920410156 0.0335502624511719 0.0431175231933594
0.0508232116699219 -0.0176544189453125 0.0342025756835937 0.0585289001464844
0.0571784973144531 -0.0253372192382813 0.0298614501953125 0.0781402587890625
0.0554008483886719 -0.0121269226074219 0.00418090820312501 0.0830612182617187
0.0561561584472656 0.00808334350585937 -0.0144882202148437 0.073089599609375
0.0485115051269531 0.0230484008789063 -0.0204505920410156 0.0509300231933594
0.0253219604492188 0.0532455444335938 -0.0128154754638672 0.0333003997802734
-0.005035400390625 0.0608940124511719 0.0447883605957031 0.0411338806152344
-0.0309791564941406 0.0472526550292969 0.103233337402344 0.116661071777344
0.0890350341796875 -0.0308303833007813 -0.0941619873046875 -0.119239807128906
0.0264854431152344 -0.0621223449707031 -0.0353775024414063 -0.0569953918457031
-0.00634384155273438 -0.0560264587402344 0.0308055877685547 -0.0329437255859375
-0.0327491760253906 -0.0410575866699219 0.0499649047851562 -0.0578422546386719
-0.0395278930664063 -0.0248336791992188 0.0466079711914063 -0.0790634155273438
-0.0585250854492188 -0.00415802001953126 0.0125579833984375 -0.0999221801757813
-0.0625953674316406 0.00363540649414064 -0.0191268920898437 -0.095916748046875
-0.0584945678710938 -0.00203704833984375 -0.0248069763183594 -0.0701904296875
-0.0657691955566406 -0.00760269165039062 -0.0264167785644531 -0.0461692810058594
-0.0499610900878906 -0.0332717895507813 -0.0268268585205078 -0.0182113647460937
-0.022430419921875 -0.0536537170410156 -0.0354232788085938 0.0056915283203125
0.006622314453125 -0.0533065795898438 -0.0592613220214844 0.0107421875
0.0432205200195313 -0.0385704040527344 -0.08734130859375 0.0116500854492188
0.0656700134277344 -0.0306739807128906 -0.116798400878906 0.0136795043945313
0.08734130859375 -0.011444091796875 -0.107490539550781 0.0106353759765625
0.123855590820313 -0.00510406494140625 -0.0527267456054687 -0.124923706054688
0.0637168884277344 -0.0424156188964844 -4.57763671874917E-05 -0.0639686584472656
0.0346298217773438 -0.0460853576660156 0.0560455322265625 -0.0374641418457031
0.00335693359375 -0.0485343933105469 0.0725326538085938 -0.0638275146484375
-0.0120391845703125 -0.0404739379882812 0.0643463134765625 -0.0817489624023438
-0.0425605773925781 -0.0338020324707031 0.0324783325195313 -0.102806091308594
-0.0581893920898438 -0.0298995971679688 0.00279235839843749 -0.0984725952148437
-0.0562782287597656 -0.0332565307617188 -0.00481414794921875 -0.0676612854003906
-0.0668678283691406 -0.0432624816894531 -0.0045166015625 -0.0414276123046875
-0.0480995178222656 -0.0660285949707031 -0.0102529525756836 -0.00836563110351563
-0.00693511962890626 -0.085601806640625 -0.0197715759277344 0.0153007507324219
0.0336532592773437 -0.079925537109375 -0.0427932739257813 0.0163459777832031
0.0832672119140625 -0.0422134399414063 -0.0612945556640625 0.019989013671875
0.107505798339844 -0.024078369140625 -0.0803375244140625 0.0187149047851562
0.124710083007812 0.00618743896484375 -0.0674552917480469 0.0198822021484375
0.142486572265625 0.02349853515625 -0.00318145751953123 -0.115898132324219
0.0943832397460938 -0.0129470825195313 0.0421829223632813 -0.0593032836914063
0.0768890380859375 -0.028594970703125 0.0832595825195313 -0.0353164672851563
0.045257568359375 -0.0514907836914062 0.0949859619140625 -0.0654449462890625
0.0201568603515625 -0.0528182983398438 0.0772933959960938 -0.0794296264648438
-0.0197067260742188 -0.0604019165039063 0.0472030639648438 -0.0974502563476563
-0.0446929931640625 -0.0601654052734375 0.0216598510742188 -0.088775634765625
-0.0457725524902344 -0.0593070983886719 0.0155105590820312 -0.05548095703125
-0.0597686767578125 -0.070037841796875 0.0190906524658203 -0.0284004211425781
-0.04083251953125 -0.0868988037109375 0.00881576538085937 0.00662422180175781
0.0046844482421875 -0.105003356933594 -0.00313186645507813 0.0291328430175781
0.04901123046875 -0.097412109375 -0.0258960723876953 0.0243797302246094
0.107131958007812 -0.0463485717773438 -0.037109375 0.0257148742675781
0.13153076171875 -0.019317626953125 -0.0396575927734375 0.0194740295410156
0.143707275390625 0.019622802734375 -0.0175228118896484 0.0324058532714844
0.141799926757813 0.0480804443359375 0.047210693359375 -0.095916748046875
0.112167358398438 0.0164566040039063 0.0842056274414063 -0.0452041625976563
0.110633850097656 -0.009429931640625 0.10693359375 -0.027984619140625
0.0820236206054688 -0.0514984130859375 0.109931945800781 -0.0601806640625
0.0497093200683594 -0.0613822937011719 0.0817413330078125 -0.0687026977539063
0.00416564941406249 -0.0800399780273438 0.0542526245117188 -0.0807647705078125
-0.0261688232421875 -0.08074951171875 0.0365066528320313 -0.0663948059082031
-0.0290603637695313 -0.0768585205078125 0.0331153869628906 -0.0340023040771484
-0.04278564453125 -0.08721923828125 0.0408172607421875 -0.00923919677734376
-0.0268402099609375 -0.0947952270507812 0.0279655456542969 0.0245475769042969
0.0182113647460937 -0.108039855957031 0.0123443603515625 0.0418663024902344
0.0577850341796875 -0.098480224609375 -0.0111312866210937 0.03070068359375
0.115386962890625 -0.042938232421875 -0.0164737701416016 0.0258522033691406
0.136222839355469 -0.011383056640625 -0.000377655029296866 0.0148124694824219
0.141082763671875 0.032562255859375 0.0343093872070313 0.0449447631835938
0.119400024414062 0.0611190795898438 0.0926513671875 -0.069305419921875
0.110122680664063 0.038299560546875 0.121742248535156 -0.0276107788085938
0.122596740722656 0.00733184814453125 0.123565673828125 -0.0198745727539063
0.101570129394531 -0.0444869995117188 0.113899230957031 -0.050323486328125
0.0669212341308594 -0.0608177185058594 0.0782012939453125 -0.05072021484375
0.0238876342773438 -0.0860443115234375 0.0560226440429687 -0.0541229248046875
-0.00457000732421875 -0.0887680053710938 0.0461502075195312 -0.0362548828125
-0.00627899169921875 -0.0825424194335938 0.0456428527832031 -0.00856399536132813
-0.0168991088867188 -0.0922317504882813 0.0560646057128906 0.0130233764648437
-0.00373840332031251 -0.0895462036132813 0.0391960144042969 0.0418624877929687
0.035400390625 -0.0939483642578125 0.0210189819335938 0.0527000427246094
0.0657272338867188 -0.0813369750976563 -0.001312255859375 0.0353622436523437
0.110771179199219 -0.0245742797851563 -0.001434326171875 0.0229225158691406
0.121795654296875 0.0083770751953125 0.03326416015625 0.00972175598144531
0.118865966796875 0.0464935302734375 0.080657958984375 0.0593490600585937
0.0784225463867188 0.0612640380859375 0.125434875488281 -0.0440902709960937
0.0844039916992188 0.0486221313476563 0.146942138671875 -0.013214111328125
0.105400085449219 0.0213623046875 0.128379821777344 -0.0152816772460937
0.0966720581054688 -0.0274734497070313 0.107872009277344 -0.0367050170898438
0.0678596496582031 -0.0451316833496094 0.0682144165039063 -0.0292015075683594
0.0375213623046875 -0.0729141235351563 0.0514335632324219 -0.0230712890625
0.0170440673828125 -0.0802230834960938 0.0511360168457031 -0.0021820068359375
0.0163497924804688 -0.0751113891601563 0.0517730712890625 0.0190544128417969
0.011749267578125 -0.0842514038085938 0.0596961975097656 0.0373687744140625
0.0230178833007813 -0.0737762451171875 0.0394363403320313 0.0588035583496094
0.0543365478515625 -0.065521240234375 0.0199165344238281 0.06170654296875
0.0726089477539063 -0.0491485595703125 0.00177764892578125 0.0391845703125
0.0954055786132813 0.00738525390625 0.00625991821289063 0.0219287872314453
0.0915908813476563 0.0356979370117188 0.0559539794921875 0.0113601684570313
0.0781402587890625 0.0588836669921875 0.114303588867187 0.0773773193359375
0.0246467590332031 0.0511207580566406 0.13970947265625 -0.0249176025390625
0.0407791137695313 0.0479049682617188 0.15399169921875 -0.0051422119140625
0.0629081726074219 0.029876708984375 0.120155334472656 -0.0138168334960937
0.0674896240234375 -0.003997802734375 0.093536376953125 -0.0256576538085938
0.053314208984375 -0.0168914794921875 0.0539207458496094 -0.0133781433105469
0.044830322265625 -0.0434150695800781 0.0435829162597656 0.00318527221679687
0.0372047424316406 -0.0568656921386719 0.0493507385253906 0.0261306762695312
0.0369033813476563 -0.0564727783203125 0.0497055053710938 0.0428657531738281
0.0387191772460937 -0.0651397705078125 0.0525741577148438 0.0608863830566406
0.0466728210449219 -0.0506401062011719 0.027557373046875 0.0736846923828125
0.06610107421875 -0.0323638916015625 0.00756072998046875 0.0688629150390625
0.071929931640625 -0.0119476318359375 -0.00436019897460937 0.0449562072753906
0.0692405700683594 0.0392608642578125 0.00334739685058594 0.0261726379394531
0.04986572265625 0.0607223510742188 0.0632057189941406 0.0226211547851563
0.0261306762695312 0.0651817321777344 0.127632141113281 0.0982208251953125
-0.0331764221191406 0.0351524353027344 0.132408142089844 -0.0159912109375
-0.00966262817382812 0.0406951904296875 0.142807006835938 -0.00390625
0.0094757080078125 0.0355949401855469 0.102531433105469 -0.0163040161132812
0.0269927978515625 0.0231342315673828 0.0762939453125 -0.0196990966796875
0.0303745269775391 0.0178565979003906 0.0386428833007812 -0.005035400390625
0.0482177734375 -0.00269699096679688 0.0331096649169922 0.0183696746826172
0.052764892578125 -0.0244102478027344 0.0402450561523438 0.0453376770019531
0.0510025024414063 -0.0290069580078125 0.0395736694335937 0.0605850219726563
0.0577354431152344 -0.0382194519042969 0.0359954833984375 0.0799026489257813
0.058441162109375 -0.0234565734863281 0.00694274902343751 0.085723876953125
0.0650863647460938 -0.00108718872070313 -0.0124740600585937 0.07562255859375
0.0592155456542969 0.0172348022460938 -0.0181121826171875 0.0519599914550781
0.0372772216796875 0.0580711364746094 -0.00905799865722656 0.0341377258300781
0.003753662109375 0.0718612670898438 0.0543098449707031 0.0399360656738281
-0.0277442932128906 0.0599746704101563 0.1199951171875 0.11822509765625
0.0881118774414062 -0.047088623046875 -0.113716125488281 -0.1180419921875
0.0163726806640625 -0.0710601806640625 -0.0466194152832031 -0.0554733276367188
-0.0180778503417969 -0.0593948364257813 0.0280265808105469 -0.0353927612304688
-0.0438766479492188 -0.0369758605957031 0.0478248596191406 -0.062225341796875
-0.0464057922363281 -0.016998291015625 0.04248046875 -0.086700439453125
-0.0599555969238281 0.00777435302734374 0.00506591796874999 -0.106086730957031
-0.0626182556152344 0.0153999328613281 -0.0294113159179687 -0.100212097167969
-0.0592384338378906 0.00867843627929688 -0.033966064453125 -0.0727462768554688
-0.0677833557128906 0.00460815429687499 -0.0347137451171875 -0.0483970642089844
-0.056060791015625 -0.0237808227539063 -0.0301933288574219 -0.0198879241943359
-0.0338668823242187 -0.0496978759765625 -0.036956787109375 0.00564956665039062
-0.00420379638671875 -0.0564079284667969 -0.06005859375 0.0151138305664062
0.0370674133300781 -0.050048828125 -0.0886077880859375 0.0195846557617187
0.0629959106445312 -0.0467414855957031 -0.123252868652344 0.0252914428710937
0.0903396606445313 -0.0276336669921875 -0.117401123046875 0.0221405029296875
0.1290283203125 -0.0218048095703125 -0.0716094970703125 -0.129264831542969
0.0584678649902344 -0.0531044006347656 -0.0104408264160156 -0.0671882629394531
0.0270767211914062 -0.0526161193847656 0.0540962219238281 -0.0435333251953125
-0.00560760498046875 -0.0481452941894531 0.0701904296875 -0.072784423828125
-0.0184783935546875 -0.0364341735839844 0.0609207153320313 -0.09210205078125
-0.0468559265136719 -0.0256271362304687 0.0248870849609375 -0.112739562988281
-0.0621185302734375 -0.0209617614746094 -0.00792694091796876 -0.106109619140625
-0.0608863830566406 -0.0251045227050781 -0.0131759643554687 -0.073089599609375
-0.0739517211914063 -0.03326416015625 -0.0117568969726563 -0.0470542907714844
-0.0575408935546875 -0.0594482421875 -0.0129756927490234 -0.0130186080932617
-0.0197525024414062 -0.0859832763671875 -0.0199623107910156 0.0132389068603516
0.021942138671875 -0.0874176025390625 -0.0421218872070313 0.0174942016601562
0.080230712890625 -0.0571670532226562 -0.0604057312011719 0.0239410400390625
0.108657836914063 -0.0429534912109375 -0.0839080810546875 0.025726318359375
0.13299560546875 -0.0126876831054688 -0.0736618041992187 0.0257492065429688
0.153244018554688 0.008270263671875 -0.0183792114257812 -0.127311706542969
0.0959701538085938 -0.0251083374023438 0.03375244140625 -0.0674781799316406
0.075927734375 -0.03839111328125 0.082061767578125 -0.04388427734375
0.0390281677246094 -0.0564765930175781 0.0923080444335937 -0.0778884887695313
0.0149765014648437 -0.054534912109375 0.0732498168945313 -0.09161376953125
-0.0260238647460938 -0.0575981140136719 0.0396652221679688 -0.108978271484375
-0.0520515441894531 -0.0558242797851563 0.01220703125 -0.0991287231445313
-0.0531196594238281 -0.0555801391601563 0.00770950317382812 -0.0626754760742188
-0.0701789855957031 -0.0646438598632813 0.0135574340820313 -0.036651611328125
-0.0531234741210938 -0.084228515625 0.00746679306030273 0.000353813171386714
-0.00881958007812499 -0.109085083007813 -0.00203323364257812 0.0241985321044922
0.0377120971679687 -0.107734680175781 -0.0253734588623047 0.0230579376220703
0.106338500976563 -0.06329345703125 -0.0342388153076172 0.0258502960205078
0.135520935058594 -0.0392227172851562 -0.0406608581542969 0.020477294921875
0.15606689453125 0.002166748046875 -0.0194816589355469 0.0322303771972656
0.156234741210938 0.03533935546875 0.0382156372070313 -0.111610412597656
0.119888305664062 0.0063018798828125 0.0799560546875 -0.0578231811523438
0.116600036621094 -0.0207672119140625 0.107765197753906 -0.0397109985351563
0.0802993774414063 -0.0615921020507812 0.108024597167969 -0.0742950439453125
0.046051025390625 -0.0686149597167969 0.079742431640625 -0.0808181762695313
-0.00325775146484375 -0.0834121704101562 0.0488815307617188 -0.09228515625
-0.03558349609375 -0.0820846557617187 0.0289993286132812 -0.07733154296875
-0.0372543334960937 -0.077392578125 0.0280380249023437 -0.0421371459960938
-0.0550689697265625 -0.08612060546875 0.0376167297363281 -0.0192832946777344
-0.03857421875 -0.096099853515625 0.0283184051513672 0.0168380737304687
0.00602722167968751 -0.115447998046875 0.0140724182128906 0.0354995727539062
0.0491409301757813 -0.111068725585938 -0.0101184844970703 0.0269775390625
0.117835998535156 -0.059173583984375 -0.0131015777587891 0.0229034423828125
0.143829345703125 -0.0278167724609375 0.000237464904785165 0.0110816955566406
0.156143188476563 0.0189208984375 0.0371818542480469 0.0395660400390625
0.1351318359375 0.0543670654296875 0.0899810791015625 -0.0885543823242188
0.121002197265625 0.031463623046875 0.121322631835938 -0.0438690185546875
0.133010864257813 -0.0030975341796875 0.126045227050781 -0.033538818359375
0.103866577148437 -0.057098388671875 0.113754272460938 -0.0635299682617188
0.0659103393554688 -0.0706558227539063 0.077178955078125 -0.0607528686523438
0.0170669555664062 -0.0936203002929688 0.0524482727050781 -0.0643730163574219
-0.01519775390625 -0.0947189331054688 0.0427284240722656 -0.0460662841796875
-0.0161285400390625 -0.08685302734375 0.0443801879882812 -0.0156784057617188
-0.0298004150390625 -0.0965347290039063 0.0551719665527344 0.00354385375976562
-0.0141525268554687 -0.095245361328125 0.040740966796875 0.0342521667480469
0.0268173217773438 -0.103988647460938 0.0247154235839844 0.0458450317382812
0.0616073608398438 -0.0951614379882813 0.000658035278320319 0.0303783416748047
0.116844177246094 -0.0379562377929688 0.00180244445800782 0.0181560516357422
0.131599426269531 -0.00412750244140625 0.0352668762207031 0.00197219848632813
0.133979797363281 0.0380325317382813 0.0883026123046875 0.0495681762695313
0.09222412109375 0.0607528686523438 0.12872314453125 -0.063995361328125
0.0968475341796875 0.045684814453125 0.151473999023438 -0.0317535400390625
0.117355346679687 0.0134048461914062 0.131591796875 -0.0288925170898438
0.101455688476563 -0.04010009765625 0.108482360839844 -0.0496902465820312
0.0696449279785156 -0.0560455322265625 0.0679588317871094 -0.0378684997558594
0.032257080078125 -0.08319091796875 0.0515213012695312 -0.0305366516113281
0.00833892822265626 -0.0896759033203125 0.0518951416015625 -0.0100669860839844
0.00778961181640626 -0.0836105346679687 0.0540237426757812 0.0130882263183594
0.00160980224609375 -0.0933151245117187 0.0625267028808594 0.0297813415527344
0.0158309936523437 -0.0836639404296875 0.043121337890625 0.0522651672363281
0.0507278442382813 -0.0781173706054688 0.0231285095214844 0.0564384460449219
0.0739593505859375 -0.0626754760742188 0.00358963012695313 0.0343608856201172
0.105201721191406 -0.00212860107421875 0.00952911376953126 0.0165376663208008
0.104331970214844 0.0302963256835938 0.0598030090332031 0.00156021118164063
0.092437744140625 0.057861328125 0.126136779785156 0.0657882690429688
0.035003662109375 0.0575370788574219 0.147308349609375 -0.0445098876953125
0.0515213012695312 0.0514183044433594 0.16229248046875 -0.02276611328125
0.0757827758789063 0.0283050537109375 0.12335205078125 -0.02703857421875
0.075592041015625 -0.0124435424804688 0.0942230224609375 -0.0357208251953125
0.0580177307128906 -0.0258827209472656 0.0542335510253906 -0.0175247192382813
0.0435714721679688 -0.0552024841308594 0.0459556579589844 -0.000461578369140628
0.030853271484375 -0.0690879821777344 0.0538291931152344 0.0215988159179687
0.0307044982910156 -0.0672111511230469 0.0545997619628906 0.0393333435058594
0.0311355590820313 -0.0782699584960938 0.05816650390625 0.0567588806152344
0.0424346923828125 -0.062713623046875 0.0318527221679687 0.0712432861328125
0.0675926208496094 -0.0454368591308594 0.0108871459960937 0.0673370361328125
0.0786361694335938 -0.024017333984375 -0.00186920166015624 0.0413093566894531
0.08319091796875 0.0355911254882813 0.00760841369628907 0.0225811004638672
0.0638275146484375 0.06219482421875 0.0700340270996094 0.0132980346679688
0.0381317138671875 0.0709609985351563 0.144241333007812 0.0877227783203125
-0.0287017822265625 0.0467109680175781 0.1422119140625 -0.0326995849609375
-0.0027923583984375 0.04925537109375 0.151214599609375 -0.019989013671875
0.0195350646972656 0.0406570434570313 0.104888916015625 -0.0276031494140625
0.0365753173828125 0.0208015441894531 0.075531005859375 -0.0270156860351563
0.0389480590820313 0.0124893188476562 0.0390434265136719 -0.00672531127929687
0.0508041381835938 -0.014068603515625 0.0371437072753906 0.0185356140136719
0.0518302917480469 -0.037200927734375 0.0479812622070313 0.0438766479492188
0.0489997863769531 -0.0415725708007813 0.0467185974121094 0.0593185424804688
0.0535354614257812 -0.0526161193847656 0.0437698364257813 0.0798797607421875
0.0571670532226563 -0.0366401672363281 0.0124969482421875 0.0882339477539063
0.0699424743652344 -0.0140953063964844 -0.0085906982421875 0.0770187377929688
0.0694313049316406 0.008575439453125 -0.0149955749511719 0.0514068603515625
0.0518455505371094 0.0594596862792969 -0.00479888916015624 0.0337181091308594
0.0164718627929688 0.0804824829101563 0.0634994506835938 0.03497314453125
-0.0196380615234375 0.0716781616210938 0.139564514160156 0.111244201660156
0.0820465087890625 -0.0625839233398438 -0.131492614746094 -0.108543395996094
0.00260925292968749 -0.0756454467773437 -0.0561332702636719 -0.0494003295898438
-0.0308723449707031 -0.0576629638671875 0.0242729187011719 -0.036773681640625
-0.0520248413085937 -0.0278205871582031 0.0426406860351562 -0.0652885437011719
-0.04974365234375 -0.00775527954101563 0.0352325439453125 -0.09149169921875
-0.057525634765625 0.019622802734375 -0.00295257568359376 -0.108375549316406
-0.0583000183105469 0.0262069702148438 -0.03985595703125 -0.0999221801757813
-0.0563468933105469 0.0187835693359375 -0.0427093505859375 -0.0720062255859375
-0.0647735595703125 0.0174980163574219 -0.0422935485839844 -0.0476150512695312
-0.0585098266601562 -0.0126419067382813 -0.0339736938476563 -0.0203208923339844
-0.0418739318847656 -0.0418167114257813 -0.0376052856445313 0.0062255859375
-0.0155906677246094 -0.0544700622558594 -0.0584640502929688 0.019073486328125
0.0272102355957031 -0.0583763122558594 -0.0864944458007813 0.0271530151367187
0.0544204711914063 -0.0601921081542969 -0.123771667480469 0.0392684936523437
0.0871810913085938 -0.0444259643554688 -0.121559143066406 0.0365219116210938
0.127326965332031 -0.040313720703125 -0.0910720825195312 -0.126243591308594
0.0498008728027344 -0.0614471435546875 -0.0219383239746094 -0.066741943359375
0.0177841186523438 -0.0561637878417969 0.0490989685058594 -0.0482215881347656
-0.0144386291503906 -0.0444717407226563 0.06396484375 -0.0789108276367188
-0.0232563018798828 -0.0314121246337891 0.0527877807617187 -0.0994033813476563
-0.0477218627929688 -0.0162200927734375 0.0145263671875 -0.117942810058594
-0.0629806518554688 -0.0114631652832031 -0.0204925537109375 -0.109642028808594
-0.0616874694824219 -0.015533447265625 -0.0234527587890625 -0.075347900390625
-0.07623291015625 -0.0214691162109375 -0.0206336975097656 -0.0494003295898438
-0.0638961791992188 -0.0495223999023438 -0.016789436340332 -0.0163259506225586
-0.031890869140625 -0.0810928344726562 -0.0214290618896484 0.0102825164794922
0.00849151611328125 -0.0895462036132813 -0.0415878295898438 0.0184783935546875
0.0712890625 -0.070159912109375 -0.0575294494628906 0.026947021484375
0.102630615234375 -0.0609588623046875 -0.0842361450195313 0.0327529907226562
0.134040832519531 -0.032135009765625 -0.0771560668945312 0.0343170166015625
0.15667724609375 -0.01043701171875 -0.03680419921875 -0.131477355957031
0.0924224853515625 -0.0360107421875 0.0221023559570313 -0.072723388671875
0.0709304809570312 -0.04693603515625 0.0777587890625 -0.0521621704101562
0.0311470031738281 -0.0590324401855469 0.0854721069335937 -0.0876312255859375
0.00940704345703125 -0.0541419982910156 0.0651779174804687 -0.100967407226563
-0.0303459167480469 -0.0524177551269531 0.02862548828125 -0.116752624511719
-0.0579566955566406 -0.0496101379394531 -0.000991821289062508 -0.104194641113281
-0.0585250854492188 -0.0485916137695313 -0.001373291015625 -0.0665969848632813
-0.0768890380859375 -0.05499267578125 0.00500488281249999 -0.0416984558105469
-0.0620574951171875 -0.0768585205078125 0.00486373901367187 -0.00527000427246094
-0.0226821899414063 -0.107185363769531 -0.00251579284667969 0.0188083648681641
0.0229721069335938 -0.113594055175781 -0.0247821807861328 0.0205860137939453
0.0989761352539063 -0.0786361694335938 -0.0313148498535156 0.0243759155273437
0.132369995117187 -0.0586318969726562 -0.0411605834960938 0.0219497680664062
0.160308837890625 -0.01904296875 -0.0211639404296875 0.0327644348144531
0.164398193359375 0.018829345703125 0.0230331420898438 -0.123031616210937
0.122596740722656 -0.0070648193359375 0.0701713562011719 -0.068115234375
0.116241455078125 -0.033294677734375 0.103759765625 -0.0500640869140625
0.07354736328125 -0.0700759887695313 0.101371765136719 -0.0857772827148437
0.040008544921875 -0.0731353759765625 0.0723342895507813 -0.0906829833984375
-0.0111312866210938 -0.08270263671875 0.038970947265625 -0.101737976074219
-0.04486083984375 -0.0790557861328125 0.01849365234375 -0.0844955444335938
-0.0461196899414062 -0.0739593505859375 0.0208663940429687 -0.0480880737304688
-0.0652542114257813 -0.0809783935546875 0.0306282043457031 -0.0269298553466797
-0.0496673583984375 -0.0916671752929688 0.0258903503417969 0.00909996032714843
-0.00815582275390624 -0.11627197265625 0.0142307281494141 0.02850341796875
0.0360336303710938 -0.119041442871094 -0.00966835021972656 0.0226249694824219
0.113136291503906 -0.0747451782226563 -0.0105800628662109 0.0185012817382813
0.143310546875 -0.046722412109375 -0.000318050384521476 0.00657796859741211
0.163833618164063 0.0004119873046875 0.0373687744140625 0.033294677734375
0.146499633789063 0.0422515869140625 0.0799484252929688 -0.105461120605469
0.128585815429688 0.0195846557617188 0.115959167480469 -0.0593948364257813
0.137779235839844 -0.0174713134765625 0.122360229492188 -0.0463943481445313
0.100379943847656 -0.069488525390625 0.107765197753906 -0.0759201049804688
0.0607528686523438 -0.079437255859375 0.0718307495117188 -0.0703048706054688
0.00711822509765625 -0.0973968505859375 0.045440673828125 -0.0725479125976563
-0.0266571044921875 -0.0962295532226563 0.0353813171386719 -0.0543670654296875
-0.0266952514648437 -0.0879440307617187 0.0402297973632813 -0.0226020812988281
-0.0425186157226563 -0.095550537109375 0.0508575439453125 -0.00579452514648438
-0.0254745483398438 -0.0958633422851563 0.0400505065917969 0.0259666442871094
0.0147476196289063 -0.109771728515625 0.0248374938964844 0.0386199951171875
0.051910400390625 -0.104988098144531 0.00137710571289063 0.0250110626220703
0.116676330566406 -0.0520553588867188 0.00375366210937501 0.0121088027954102
0.136749267578125 -0.019439697265625 0.0347766876220703 -0.00635910034179688
0.144439697265625 0.0246124267578125 0.0919036865234375 0.0379180908203125
0.104026794433594 0.0548629760742188 0.123908996582031 -0.0844345092773438
0.106941223144531 0.0385513305664063 0.148544311523438 -0.0501861572265625
0.126617431640625 0.00251007080078125 0.129020690917969 -0.0430831909179688
0.101394653320313 -0.0534133911132812 0.102806091308594 -0.0606460571289063
0.067108154296875 -0.0661544799804688 0.0645561218261719 -0.0448074340820313
0.0239105224609375 -0.0908355712890625 0.0480422973632813 -0.0381507873535156
-0.00379180908203125 -0.0954208374023437 0.0497474670410156 -0.0182151794433594
-0.00267791748046876 -0.088043212890625 0.0529861450195313 0.00592803955078124
-0.0122222900390625 -0.0977325439453125 0.0618515014648437 0.0206985473632812
0.00566864013671875 -0.0891036987304687 0.043792724609375 0.0452919006347656
0.0426177978515625 -0.0890655517578125 0.0248565673828125 0.0497055053710937
0.0697097778320313 -0.0747756958007813 0.00406265258789063 0.0293560028076172
0.111778259277344 -0.013519287109375 0.0113468170166016 0.00988388061523438
0.114471435546875 0.0200424194335938 0.0603675842285156 -0.00988388061523438
0.105178833007813 0.0506515502929688 0.133567810058594 0.050201416015625
0.0457725524902344 0.0592308044433594 0.1466064453125 -0.0657958984375
0.0624923706054687 0.0502662658691406 0.161468505859375 -0.042236328125
0.0860061645507813 0.0225296020507813 0.121002197265625 -0.040802001953125
0.0796356201171875 -0.0226211547851563 0.0904617309570313 -0.0442962646484375
0.0592994689941406 -0.03619384765625 0.0527915954589844 -0.0217437744140625
0.0377540588378906 -0.0647468566894531 0.0470352172851563 -0.00580596923828126
0.0211181640625 -0.0780029296875 0.0564765930175781 0.0148429870605469
0.0209197998046875 -0.075469970703125 0.0580177307128906 0.0338249206542969
0.0191192626953125 -0.0868453979492188 0.0617332458496094 0.0494766235351562
0.034271240234375 -0.0725555419921875 0.0345306396484375 0.0665206909179688
0.0638389587402344 -0.0589942932128906 0.0136299133300781 0.0624923706054687
0.07916259765625 -0.0374984741210938 -0.000503540039062491 0.03717041015625
0.0942306518554687 0.0269699096679687 0.0105562210083008 0.016749382019043
0.0775070190429688 0.0590667724609375 0.0736007690429687 0.0025482177734375
0.0516891479492187 0.0721511840820312 0.155014038085938 0.0714263916015625
-0.0204391479492188 0.056915283203125 0.1444091796875 -0.05194091796875
0.00686645507812499 0.0553970336914063 0.152420043945312 -0.037750244140625
0.0312843322753906 0.0417060852050781 0.102073669433594 -0.03826904296875
0.04437255859375 0.0143966674804688 0.0729751586914063 -0.0326461791992188
0.0437278747558594 0.0051116943359375 0.0391044616699219 -0.0075531005859375
0.0496139526367188 -0.025299072265625 0.04095458984375 0.0160484313964844
0.0452041625976562 -0.0489540100097656 0.0537376403808594 0.0394706726074219
0.0419845581054688 -0.0516281127929688 0.0529937744140625 0.055633544921875
0.044464111328125 -0.0635833740234375 0.0509185791015625 0.0762481689453125
0.0516014099121094 -0.0485916137695313 0.0175628662109375 0.0871658325195313
0.0701637268066406 -0.0276451110839844 -0.00388336181640625 0.0766448974609375
0.074615478515625 -0.00421142578125 -0.0122451782226562 0.0496673583984375
0.0648765563964844 0.0548896789550781 -0.00027847290039062 0.0309658050537109
0.0314559936523438 0.08282470703125 0.0698661804199219 0.0257987976074219
-0.00811004638671875 0.0797042846679688 0.154006958007813 0.09716796875
0.0717391967773438 -0.0738067626953125 -0.14202880859375 -0.0960845947265625
-0.00917816162109375 -0.0752029418945312 -0.0622215270996094 -0.041168212890625
-0.0405654907226563 -0.0534515380859375 0.0207977294921875 -0.0359115600585938
-0.0568084716796875 -0.0181655883789062 0.0384254455566406 -0.0657119750976562
-0.0497093200683594 0.00141525268554688 0.0293197631835938 -0.0925674438476562
-0.0513038635253906 0.0286102294921875 -0.010528564453125 -0.106636047363281
-0.0514793395996094 0.0342750549316406 -0.04803466796875 -0.0964736938476563
-0.050323486328125 0.0261955261230469 -0.04931640625 -0.0686111450195312
-0.0584716796875 0.0265274047851562 -0.048583984375 -0.0443229675292969
-0.0567283630371094 -0.00345993041992187 -0.0369987487792969 -0.0202445983886719
-0.0463943481445313 -0.0325889587402344 -0.0379867553710938 0.00585556030273438
-0.0240058898925781 -0.0499458312988281 -0.0560455322265625 0.0206642150878906
0.0155258178710937 -0.0625839233398438 -0.082183837890625 0.0310516357421875
0.0436935424804687 -0.0689277648925781 -0.119583129882813 0.049102783203125
0.0798873901367188 -0.0568084716796875 -0.120376586914062 0.0493087768554688
0.120399475097656 -0.054962158203125 -0.104698181152344 -0.118522644042969
0.0389366149902344 -0.0653152465820313 -0.0313682556152344 -0.0627059936523438
0.00878524780273438 -0.0559654235839844 0.0439109802246094 -0.0495414733886719
-0.0208320617675781 -0.0384750366210938 0.057342529296875 -0.0817718505859375
-0.0251274108886719 -0.0243854522705078 0.0448532104492188 -0.102363586425781
-0.0455055236816406 -0.00835418701171876 0.00515747070312499 -0.118927001953125
-0.0602035522460937 -0.00329971313476564 -0.031219482421875 -0.107955932617187
-0.0604705810546875 -0.0083160400390625 -0.0319595336914063 -0.0731887817382813
-0.0738067626953125 -0.0108566284179687 -0.028594970703125 -0.0490226745605469
-0.0660209655761719 -0.0397682189941406 -0.0204811096191406 -0.0185909271240234
-0.040283203125 -0.0725784301757813 -0.0223445892333984 0.00785446166992187
-0.00308990478515626 -0.0871429443359375 -0.0402145385742188 0.0172080993652344
0.059722900390625 -0.0779953002929688 -0.0534858703613281 0.0271797180175781
0.0920257568359375 -0.073272705078125 -0.0818862915039063 0.0379104614257813
0.128471374511719 -0.0488967895507812 -0.077392578125 0.04107666015625
0.154052734375 -0.0265655517578125 -0.0520248413085938 -0.129753112792969
0.0856552124023437 -0.0439071655273437 0.0115737915039063 -0.0726776123046875
0.0639724731445313 -0.0521621704101562 0.0720291137695313 -0.0563430786132813
0.0241012573242187 -0.0583572387695313 0.0773391723632813 -0.0919723510742187
0.0055694580078125 -0.0514564514160156 0.0571136474609375 -0.105140686035156
-0.0324249267578125 -0.0470161437988281 0.01800537109375 -0.119354248046875
-0.0594711303710938 -0.0416374206542969 -0.0129928588867188 -0.104530334472656
-0.0605049133300781 -0.0410919189453125 -0.00983810424804687 -0.0669593811035156
-0.0792312622070313 -0.0451736450195312 -0.00373077392578125 -0.0442008972167969
-0.0674400329589844 -0.0675582885742188 -9.82284545898483E-05 -0.00950813293457032
-0.03289794921875 -0.100936889648438 -0.00522136688232422 0.0145101547241211
0.0103225708007812 -0.112457275390625 -0.0246257781982422 0.0172481536865234
0.0882415771484375 -0.0884780883789062 -0.0287399291992187 0.0214252471923828
0.123695373535156 -0.0738296508789063 -0.0408401489257812 0.0227584838867187
0.15740966796875 -0.03680419921875 -0.0225944519042969 0.0336399078369141
0.166107177734375 0.00360107421875 0.00757598876953125 -0.127357482910156
0.120384216308594 -0.0171432495117188 0.0593490600585938 -0.0732650756835937
0.112510681152344 -0.0439987182617187 0.0972824096679688 -0.056549072265625
0.0659942626953125 -0.0743637084960938 0.09234619140625 -0.0925064086914062
0.0348892211914063 -0.0749282836914063 0.0638504028320313 -0.0963287353515625
-0.0169143676757812 -0.0796737670898438 0.0285415649414063 -0.105148315429688
-0.051116943359375 -0.0740890502929688 0.007843017578125 -0.0873794555664063
-0.0516014099121094 -0.0685577392578125 0.0134963989257812 -0.0505332946777344
-0.0720672607421875 -0.0728607177734375 0.0228862762451172 -0.0318813323974609
-0.0570449829101563 -0.0849838256835938 0.0209503173828125 0.00303459167480468
-0.0195770263671875 -0.113136291503906 0.0113372802734375 0.0225734710693359
0.023468017578125 -0.120132446289062 -0.0107994079589844 0.0184707641601562
0.104530334472656 -0.0856857299804688 -0.00962257385253906 0.0131769180297852
0.137626647949219 -0.0615081787109375 -0.0017867088317871 0.0024724006652832
0.164154052734375 -0.0169525146484375 0.0360107421875 0.0276985168457031
0.152206420898438 0.0288543701171875 0.0660934448242188 -0.115989685058594
0.130302429199219 0.00916290283203125 0.105369567871094 -0.0696182250976562
0.137527465820313 -0.0298385620117187 0.115997314453125 -0.0550918579101563
0.0933380126953125 -0.0783233642578125 0.0989837646484375 -0.0828018188476563
0.0542526245117188 -0.0843582153320313 0.0651016235351563 -0.0757064819335938
-0.000465393066406256 -0.0975570678710937 0.0376434326171875 -0.0771408081054687
-0.0361862182617188 -0.0932998657226563 0.0271110534667969 -0.0580673217773438
-0.0350189208984375 -0.0853118896484375 0.0343227386474609 -0.0266895294189453
-0.0522537231445312 -0.0909957885742188 0.0443344116210938 -0.0116615295410156
-0.0344467163085938 -0.0929336547851563 0.0368881225585938 0.0191230773925781
0.00369262695312501 -0.11083984375 0.0222530364990234 0.0317592620849609
0.0413131713867188 -0.110466003417969 -0.00100326538085937 0.0195388793945312
0.112861633300781 -0.0635910034179688 0.00365972518920899 0.00552892684936523
0.135574340820313 -0.0324172973632813 0.0316257476806641 -0.0135555267333984
0.148483276367188 0.01092529296875 0.0905380249023438 0.0269393920898438
0.112747192382813 0.0474319458007813 0.112960815429688 -0.09918212890625
0.112022399902344 0.0311355590820312 0.140159606933594 -0.0634613037109375
0.1298828125 -0.00893402099609375 0.122673034667969 -0.0521774291992187
0.0975189208984375 -0.0633544921875 0.096435546875 -0.0675582885742188
0.0624847412109375 -0.0737228393554688 0.0602569580078125 -0.0488548278808594
0.0146560668945312 -0.0942153930664063 0.0442543029785156 -0.0424003601074219
-0.0147857666015625 -0.09588623046875 0.045196533203125 -0.0238800048828125
-0.0129928588867188 -0.0891494750976563 0.0504493713378906 0.00111389160156249
-0.0234527587890625 -0.0974655151367187 0.0583648681640625 0.0137252807617187
-0.004608154296875 -0.0900039672851563 0.0418663024902344 0.0390052795410156
0.0329132080078125 -0.0947341918945312 0.0234260559082031 0.0434455871582031
0.0625839233398438 -0.0835113525390625 0.00233459472656251 0.0234565734863281
0.112922668457031 -0.0250320434570313 0.01080322265625 0.00284767150878906
0.1187744140625 0.00983428955078125 0.0576705932617188 -0.0191001892089844
0.113327026367188 0.0426864624023438 0.133453369140625 0.0356979370117188
0.0539779663085938 0.0577507019042969 0.139533996582031 -0.0826644897460937
0.0705490112304688 0.0468215942382813 0.155349731445312 -0.0579071044921875
0.093719482421875 0.0151290893554688 0.114974975585937 -0.0497970581054688
0.0798797607421875 -0.0325851440429687 0.08465576171875 -0.0507965087890625
0.0575981140136719 -0.0439796447753906 0.0507278442382813 -0.0246620178222656
0.0301284790039063 -0.0713272094726563 0.0463600158691406 -0.00997161865234376
0.0102615356445313 -0.082489013671875 0.056121826171875 0.00853347778320312
0.0113449096679688 -0.0789871215820313 0.0586738586425781 0.0282135009765625
0.00708770751953126 -0.0898666381835937 0.0614662170410156 0.0424957275390625
0.0249710083007812 -0.0772933959960938 0.0353584289550781 0.0613059997558594
0.0567817687988281 -0.0681419372558594 0.0139007568359375 0.0579948425292969
0.0767974853515625 -0.0482025146484375 -0.00129127502441406 0.0327568054199219
0.100753784179688 0.016845703125 0.0115690231323242 0.0109567642211914
0.0872039794921875 0.0528030395507813 0.0727157592773438 -0.0077362060546875
0.0628433227539063 0.0695953369140625 0.158889770507812 0.0551605224609375
-0.0107879638671875 0.0616340637207031 0.139656066894531 -0.0677413940429688
0.0167465209960937 0.0571365356445313 0.148300170898437 -0.0523681640625
0.0417633056640625 0.039337158203125 0.096466064453125 -0.0460205078125
0.0495491027832031 0.00762939453125 0.0689163208007812 -0.0359420776367187
0.04559326171875 -0.00255584716796875 0.0385284423828125 -0.00815200805664063
0.0453071594238281 -0.0342597961425781 0.0427665710449219 0.0130538940429688
0.03692626953125 -0.0560264587402344 0.0582313537597656 0.0339241027832031
0.0331840515136719 -0.0577201843261719 0.0571823120117188 0.0506629943847656
0.0334701538085938 -0.070404052734375 0.0550804138183594 0.070281982421875
0.0435104370117188 -0.0565185546875 0.0212783813476563 0.084075927734375
0.0657463073730469 -0.0389747619628906 -0.00128173828125 0.0741195678710938
0.0756454467773437 -0.0154037475585937 -0.0102806091308594 0.0467338562011719
0.074859619140625 0.0473785400390625 0.00224876403808594 0.0271759033203125
0.0446624755859375 0.081146240234375 0.072296142578125 0.0167999267578125
0.00344085693359376 0.08282470703125 0.161178588867188 0.0820770263671875
0.0621871948242187 -0.0799636840820313 -0.147796630859375 -0.08587646484375
-0.0186767578125 -0.072845458984375 -0.0656166076660156 -0.0335540771484375
-0.0480499267578125 -0.0479011535644531 0.01885986328125 -0.0345363616943359
-0.0585556030273438 -0.00999832153320313 0.0362701416015625 -0.0649147033691406
-0.0481948852539063 0.00857162475585938 0.0253219604492187 -0.0922012329101563
-0.0446586608886719 0.0343818664550781 -0.014617919921875 -0.104606628417969
-0.0445632934570313 0.0388298034667969 -0.0525360107421875 -0.093017578125
-0.0447921752929687 0.0305252075195312 -0.0535964965820313 -0.064971923828125
-0.0513916015625 0.0311927795410156 -0.0522346496582031 -0.0410575866699219
-0.0532760620117188 0.00387191772460938 -0.0391845703125 -0.0198936462402344
-0.0469322204589844 -0.0241165161132812 -0.0380592346191406 0.00470733642578125
-0.0301170349121094 -0.0446968078613281 -0.0541419982910156 0.0207290649414063
0.00576019287109375 -0.06353759765625 -0.0786666870117188 0.0330352783203125
0.0330734252929688 -0.0739288330078125 -0.115882873535156 0.0553054809570313
0.0718307495117187 -0.0655517578125 -0.118026733398437 0.0580520629882813
0.112266540527344 -0.0644149780273438 -0.113822937011719 -0.111282348632813
0.0304679870605469 -0.0662574768066406 -0.0372848510742188 -0.057220458984375
0.00103378295898437 -0.0543746948242187 0.0401649475097656 -0.0495834350585938
-0.0244560241699219 -0.0328369140625 0.0523910522460937 -0.082183837890625
-0.0251941680908203 -0.0195941925048828 0.0394134521484375 -0.1029052734375
-0.0421600341796875 -0.00236129760742188 -0.00119018554687501 -0.117645263671875
-0.0561561584472656 0.00207519531249999 -0.0382614135742187 -0.105110168457031
-0.05670166015625 -0.00317764282226562 -0.0372772216796875 -0.0714492797851563
-0.0700111389160156 -0.00405883789062501 -0.0347747802734375 -0.0467987060546875
-0.0647621154785156 -0.0318412780761719 -0.0242710113525391 -0.0192890167236328
-0.0435409545898438 -0.0650520324707031 -0.0243568420410156 0.00515747070312499
-0.0111770629882813 -0.0826644897460937 -0.0397491455078125 0.0155448913574219
0.0497207641601562 -0.0815048217773438 -0.0515823364257813 0.0257186889648438
0.081878662109375 -0.0815048217773438 -0.0802536010742188 0.041900634765625
0.121467590332031 -0.060546875 -0.0768203735351562 0.0459136962890625
0.149276733398438 -0.0378570556640625 -0.0633316040039063 -0.126594543457031
0.0791778564453125 -0.04779052734375 0.00273132324218751 -0.0704269409179688
0.0575065612792969 -0.054962158203125 0.0670356750488281 -0.0579032897949219
0.0185661315917969 -0.0558547973632813 0.0712203979492188 -0.0936050415039063
0.00349044799804688 -0.0487861633300781 0.0500259399414063 -0.106521606445313
-0.0322151184082031 -0.0419883728027344 0.01055908203125 -0.11907958984375
-0.0593223571777344 -0.0360107421875 -0.0211715698242187 -0.103569030761719
-0.0598068237304688 -0.0365486145019531 -0.0164337158203125 -0.0662994384765625
-0.07830810546875 -0.0381317138671875 -0.0106239318847656 -0.0439834594726563
-0.0685806274414063 -0.0599784851074219 -0.00491046905517579 -0.0122413635253906
-0.038909912109375 -0.0939865112304688 -0.00829696655273438 0.0106039047241211
0.000839233398437504 -0.10955810546875 -0.0259075164794922 0.0143775939941406
0.0792617797851562 -0.0942001342773438 -0.0280437469482422 0.0172004699707031
0.114372253417969 -0.0833282470703125 -0.0412635803222656 0.0221786499023437
0.153076171875 -0.049407958984375 -0.0235424041748047 0.0346050262451172
0.164596557617187 -0.008209228515625 -0.00431060791015624 -0.12872314453125
0.116447448730469 -0.024017333984375 0.0502090454101563 -0.0751724243164063
0.108261108398437 -0.0504379272460937 0.0919265747070313 -0.0598831176757813
0.0598678588867188 -0.0755844116210938 0.0854949951171875 -0.0945281982421875
0.03094482421875 -0.0746078491210938 0.0579910278320313 -0.0981979370117188
-0.0201644897460938 -0.076416015625 0.02056884765625 -0.106430053710938
-0.0547027587890625 -0.0693130493164063 -0.00087738037109376 -0.0866241455078125
-0.0538749694824219 -0.0639686584472656 0.00746536254882812 -0.051055908203125
-0.0745010375976563 -0.0664596557617188 0.0150184631347656 -0.0329380035400391
-0.0602874755859375 -0.07904052734375 0.0152225494384766 -0.000874519348144536
-0.0264358520507813 -0.109519958496094 0.00777244567871094 0.0172510147094726
0.013885498046875 -0.119682312011719 -0.0131816864013672 0.0140495300292969
0.097259521484375 -0.09210205078125 -0.0100278854370117 0.00794601440429687
0.130744934082031 -0.0712509155273438 -0.00485229492187499 -0.000468730926513676
0.162124633789063 -0.0287322998046875 0.0338897705078125 0.0245609283447266
0.15350341796875 0.0191192626953125 0.0545272827148438 -0.121696472167969
0.130081176757813 0.00147247314453125 0.0961456298828125 -0.075164794921875
0.135574340820313 -0.0382461547851563 0.109817504882813 -0.0592422485351563
0.0871734619140625 -0.0831069946289063 0.0927810668945312 -0.0858306884765625
0.0501251220703125 -0.087371826171875 0.0601348876953125 -0.0772552490234375
-0.0067596435546875 -0.096893310546875 0.0305862426757812 -0.0793075561523438
-0.0424880981445312 -0.0896453857421875 0.0205535888671875 -0.0598793029785156
-0.0400314331054688 -0.0826339721679687 0.0296478271484375 -0.0283775329589844
-0.0579757690429688 -0.0858917236328125 0.0377540588378906 -0.015228271484375
-0.0407791137695313 -0.0889358520507812 0.0315532684326172 0.0146064758300781
-0.00434875488281249 -0.109382629394531 0.0180854797363281 0.0265598297119141
0.0328445434570313 -0.111785888671875 -0.0041046142578125 0.0149211883544922
0.108200073242188 -0.0710906982421875 0.00168991088867188 -0.000838756561279301
0.132614135742188 -0.0417633056640625 0.0278396606445313 -0.0195369720458984
0.149917602539063 0.0009002685546875 0.0879745483398438 0.0203475952148438
0.117439270019531 0.0410690307617187 0.102981567382813 -0.108436584472656
0.115287780761719 0.0244293212890625 0.132362365722656 -0.0720672607421875
0.131668090820313 -0.01739501953125 0.116302490234375 -0.0577316284179688
0.0936355590820313 -0.0701980590820313 0.0905609130859375 -0.0703659057617188
0.0584716796875 -0.078277587890625 0.0576133728027344 -0.0509719848632813
0.00802612304687501 -0.0955963134765625 0.0391426086425781 -0.04522705078125
-0.0229110717773438 -0.0946502685546875 0.0410041809082031 -0.0264434814453125
-0.0201568603515625 -0.088134765625 0.0478553771972656 -0.00233840942382813
-0.032257080078125 -0.0947036743164062 0.0532188415527344 0.00980758666992187
-0.01153564453125 -0.0889663696289063 0.037628173828125 0.0344963073730469
0.0250625610351562 -0.0966796875 0.0199546813964844 0.0388145446777344
0.056243896484375 -0.0879745483398438 -0.000246047973632809 0.0194091796875
0.113227844238281 -0.0329742431640625 0.00902175903320313 -0.00254631042480469
0.1212158203125 0.00209808349609375 0.0540122985839844 -0.0264778137207031
0.118080139160156 0.0353622436523438 0.131263732910156 0.0255813598632813
0.0614891052246094 0.0556831359863281 0.13140869140625 -0.0939178466796875
0.0765914916992187 0.0439300537109375 0.148818969726563 -0.0680084228515625
0.09844970703125 0.008331298828125 0.109291076660156 -0.0549163818359375
0.0794830322265625 -0.0393524169921875 0.0798416137695313 -0.0526504516601562
0.0555686950683594 -0.0501174926757813 0.0494651794433594 -0.0255355834960938
0.024169921875 -0.0745162963867188 0.0449409484863281 -0.0121650695800781
0.00142669677734374 -0.0838623046875 0.0553970336914063 0.00503158569335937
0.00333404541015624 -0.0803604125976563 0.0582351684570312 0.0242767333984375
-0.00276947021484374 -0.0905380249023438 0.0592880249023437 0.0375404357910156
0.0163421630859375 -0.079681396484375 0.0334510803222656 0.058135986328125
0.0501251220703125 -0.0744476318359375 0.0123977661132813 0.054718017578125
0.0729904174804688 -0.056182861328125 -0.00266838073730468 0.0288162231445312
0.104995727539062 0.00875091552734375 0.010655403137207 0.00562953948974609
0.0943603515625 0.046112060546875 0.0699615478515625 -0.015899658203125
0.0702667236328125 0.0662918090820313 0.157760620117188 0.0434112548828125
-0.00230026245117188 0.0640335083007813 0.134468078613281 -0.079193115234375
0.0249443054199219 0.0576095581054688 0.14312744140625 -0.061553955078125
0.0498199462890625 0.0358734130859375 0.0909194946289063 -0.0496673583984375
0.05224609375 0.00152206420898437 0.0646705627441406 -0.0364456176757813
0.0464935302734375 -0.009246826171875 0.0388374328613281 -0.00737762451171875
0.0404815673828125 -0.0401039123535156 0.0445785522460938 0.0110855102539062
0.0286636352539062 -0.0607872009277344 0.0596771240234375 0.0295562744140625
0.0254783630371094 -0.0608253479003906 0.0590858459472656 0.0463104248046875
0.023681640625 -0.0737533569335938 0.0559844970703125 0.065704345703125
0.0355453491210937 -0.06085205078125 0.0224227905273438 0.0818405151367187
0.0605812072753906 -0.0465316772460938 -0.000633239746093744 0.071624755859375
0.0738906860351563 -0.024658203125 -0.01025390625 0.0434989929199219
0.0819244384765625 0.0404281616210938 0.00336265563964844 0.0225486755371094
0.0542984008789063 0.0774612426757813 0.0726852416992188 0.00917053222656251
0.01336669921875 0.0838394165039063 0.163299560546875 0.070526123046875
0.0545654296875 -0.085906982421875 -0.152816772460937 -0.0792388916015625
-0.0261917114257813 -0.0705490112304688 -0.0680656433105469 -0.0275917053222656
-0.0542259216308594 -0.0430335998535156 0.0185070037841797 -0.0333232879638672
-0.0595664978027344 -0.00250625610351562 0.0355682373046875 -0.0640182495117188
-0.0466461181640625 0.0142898559570312 0.023712158203125 -0.0919570922851563
-0.0392684936523438 0.0383720397949219 -0.016387939453125 -0.103874206542969
-0.0384597778320312 0.0421066284179688 -0.0564346313476562 -0.090728759765625
-0.0396270751953125 0.0332908630371094 -0.0568885803222656 -0.0631980895996094
-0.0457382202148437 0.0349502563476563 -0.0554466247558594 -0.0386581420898438
-0.0497856140136719 0.00894546508789063 -0.0415725708007812 -0.02032470703125
-0.0475654602050781 -0.0184745788574219 -0.0391769409179687 0.00371932983398437
-0.0341033935546875 -0.0394210815429687 -0.0541000366210937 0.0200691223144531
-0.0023956298828125 -0.0634269714355469 -0.0769729614257813 0.0333099365234375
0.024078369140625 -0.077392578125 -0.113510131835938 0.05963134765625
0.0657196044921875 -0.0730133056640625 -0.116554260253906 0.0652999877929688
0.1072998046875 -0.0716552734375 -0.121353149414063 -0.106559753417969
0.0242195129394531 -0.0666160583496094 -0.0423164367675781 -0.052886962890625
-0.00440216064453124 -0.05255126953125 0.0385246276855469 -0.0489425659179688
-0.027008056640625 -0.0267219543457031 0.0508804321289063 -0.0825424194335938
-0.0245914459228516 -0.0150337219238281 0.0360870361328125 -0.104225158691406
-0.0381507873535156 0.00112915039062499 -0.00534820556640626 -0.11822509765625
-0.0524520874023437 0.00603103637695313 -0.0437088012695312 -0.103096008300781
-0.0537834167480469 0.000415802001953123 -0.0422592163085937 -0.0700836181640625
-0.0665702819824219 0.000175476074218742 -0.0395317077636719 -0.0454063415527344
-0.0634269714355469 -0.0260810852050781 -0.0284061431884766 -0.0206222534179688
-0.0455741882324219 -0.0593223571777344 -0.0271110534667969 0.00313758850097656
-0.016510009765625 -0.0792160034179688 -0.0411834716796875 0.0140914916992187
0.0420684814453125 -0.0841598510742188 -0.0510025024414063 0.0234260559082031
0.0735244750976563 -0.0879745483398438 -0.0793914794921875 0.0434417724609375
0.116874694824219 -0.0701522827148438 -0.0771865844726563 0.0506515502929687
0.146499633789063 -0.04632568359375 -0.0723419189453125 -0.124610900878906
0.0749588012695313 -0.0511093139648438 -0.00313186645507812 -0.0684471130371094
0.05322265625 -0.0567436218261719 0.063812255859375 -0.058563232421875
0.0152435302734375 -0.0534744262695313 0.0679397583007813 -0.0950698852539063
0.00237655639648438 -0.04705810546875 0.0467453002929688 -0.108375549316406
-0.0312576293945313 -0.0390739440917969 0.00527191162109375 -0.12042236328125
-0.0592041015625 -0.0325164794921875 -0.0272903442382813 -0.10211181640625
-0.0594253540039063 -0.0335502624511719 -0.021270751953125 -0.0657577514648438
-0.0777206420898438 -0.0333786010742188 -0.0162696838378906 -0.0432815551757813
-0.0689163208007813 -0.0547943115234375 -0.00968456268310547 -0.0133800506591797
-0.0424880981445313 -0.0897445678710938 -0.0122613906860352 0.00837612152099609
-0.00532531738281251 -0.107498168945313 -0.0281772613525391 0.0118350982666016
0.0727005004882813 -0.0979843139648438 -0.0285606384277344 0.0131072998046875
0.107521057128906 -0.0907516479492188 -0.0427169799804687 0.021636962890625
0.149932861328125 -0.059112548828125 -0.0244407653808594 0.03631591796875
0.164688110351563 -0.0161895751953125 -0.0138702392578125 -0.130302429199219
0.114402770996094 -0.0280914306640625 0.0430526733398438 -0.07562255859375
0.105056762695313 -0.0553436279296875 0.0888824462890625 -0.0614242553710938
0.0555953979492188 -0.0767822265625 0.0824050903320313 -0.0966873168945313
0.0277786254882812 -0.0752487182617188 0.0540084838867188 -0.100074768066406
-0.0218963623046875 -0.0747146606445313 0.0153579711914062 -0.107620239257813
-0.0574722290039063 -0.0654411315917969 -0.006866455078125 -0.0867767333984375
-0.0559921264648437 -0.0617942810058594 0.00258636474609375 -0.0512886047363281
-0.0763778686523438 -0.0619430541992188 0.00946235656738281 -0.0333194732666016
-0.0632247924804687 -0.074554443359375 0.0104055404663086 -0.00302886962890625
-0.0320281982421875 -0.106307983398437 0.00240421295166015 0.0152091979980469
0.00690460205078125 -0.11932373046875 -0.0167312622070313 0.0109100341796875
0.0925369262695313 -0.0970535278320313 -0.0121316909790039 0.00270462036132812
0.126304626464844 -0.0793304443359375 -0.00733089447021484 -0.00356769561767579
0.161331176757813 -0.038238525390625 0.0319442749023438 0.0230731964111328
0.156234741210938 0.0118560791015625 0.0455780029296875 -0.126655578613281
0.130760192871094 -0.004364013671875 0.0891342163085938 -0.0780181884765625
0.135459899902344 -0.0450210571289063 0.106765747070313 -0.0621871948242187
0.0837860107421875 -0.0865478515625 0.0892333984375 -0.0877609252929687
0.0472564697265625 -0.090087890625 0.0579147338867188 -0.0795974731445313
-0.0107879638671875 -0.0958480834960937 0.0260009765625 -0.0815277099609375
-0.0477218627929687 -0.0877532958984375 0.0155601501464844 -0.060302734375
-0.044189453125 -0.080963134765625 0.0256519317626953 -0.0296974182128906
-0.0624160766601563 -0.0823287963867187 0.0327911376953125 -0.0162563323974609
-0.0444107055664062 -0.0862274169921875 0.0266895294189453 0.0129737854003906
-0.00933837890625 -0.108963012695313 0.0130100250244141 0.0241661071777344
0.0271835327148438 -0.113533020019531 -0.00825977325439453 0.0114173889160156
0.106620788574219 -0.0774307250976563 -0.000805377960205071 -0.00667333602905274
0.131805419921875 -0.0487213134765625 0.0240230560302734 -0.0244007110595703
0.152099609375 -0.006378173828125 0.0856170654296875 0.01611328125
0.1220703125 0.0365982055664063 0.0955810546875 -0.115447998046875
0.118614196777344 0.0210647583007813 0.125625610351563 -0.0780487060546875
0.134796142578125 -0.0244064331054688 0.113128662109375 -0.06024169921875
0.0913314819335938 -0.0754165649414062 0.0876083374023438 -0.0722808837890625
0.0561141967773438 -0.0836944580078125 0.055938720703125 -0.0524940490722656
0.00279235839843751 -0.097442626953125 0.0369377136230469 -0.0474205017089844
-0.0298004150390625 -0.0942611694335938 0.0377311706542969 -0.0287361145019531
-0.0259323120117187 -0.0875167846679688 0.0450820922851563 -0.00421905517578126
-0.038818359375 -0.0933074951171875 0.0498809814453125 0.00748062133789062
-0.0168304443359375 -0.0890960693359375 0.0341720581054688 0.0326461791992187
0.0195083618164062 -0.099029541015625 0.015625 0.0364837646484375
0.0515060424804687 -0.092559814453125 -0.00402736663818359 0.0157575607299805
0.114295959472656 -0.03936767578125 0.00700426101684571 -0.00804281234741211
0.123680114746094 -0.004608154296875 0.0496063232421875 -0.0327072143554688
0.122817993164063 0.0309829711914063 0.130332946777344 0.0196380615234375
0.068084716796875 0.0543327331542969 0.125953674316406 -0.102989196777344
0.082672119140625 0.0415191650390625 0.14385986328125 -0.0745849609375
0.104286193847656 0.00299835205078125 0.105575561523438 -0.0575027465820313
0.0795211791992188 -0.045989990234375 0.0778274536132813 -0.0543594360351562
0.0550003051757813 -0.0557441711425781 0.0496711730957031 -0.0263710021972656
0.0184478759765625 -0.0782012939453125 0.0442390441894531 -0.0148696899414063
-0.00577545166015624 -0.0850296020507812 0.05419921875 0.00204849243164062
-0.00328826904296875 -0.081512451171875 0.0580711364746094 0.0215034484863281
-0.0107498168945313 -0.09075927734375 0.0571517944335938 0.0358810424804688
0.0098724365234375 -0.0819854736328125 0.0317611694335937 0.0567779541015625
0.0448074340820312 -0.0793609619140625 0.00969314575195313 0.0528945922851563
0.0702133178710938 -0.0619468688964844 -0.00585365295410156 0.0259437561035156
0.109237670898437 0.001953125 0.0096426010131836 0.000885009765625
0.100807189941406 0.0411529541015625 0.0680427551269531 -0.0217857360839844
0.077301025390625 0.0651779174804688 0.158126831054688 0.036529541015625
0.0047760009765625 0.0667495727539063 0.130699157714844 -0.0877456665039062
0.032257080078125 0.05767822265625 0.140541076660156 -0.0694046020507813
0.0575027465820313 0.0330543518066406 0.0878829956054688 -0.0516281127929688
0.0551910400390625 -0.00463485717773438 0.0641288757324219 -0.0370521545410156
0.0471649169921875 -0.0152816772460938 0.0403175354003906 -0.00693893432617188
0.035888671875 -0.0454292297363281 0.0458564758300781 0.00950241088867187
0.0216331481933594 -0.0636177062988281 0.0612335205078125 0.0262489318847656
0.0194168090820312 -0.0636482238769531 0.0604667663574219 0.0438194274902344
0.0156021118164063 -0.0756378173828125 0.0570907592773438 0.0636863708496094
0.0292396545410156 -0.064544677734375 0.0221481323242188 0.0810089111328125
0.0560722351074219 -0.0531387329101563 -0.00153350830078125 0.070892333984375
0.072540283203125 -0.0318374633789063 -0.0117073059082031 0.042022705078125
0.088165283203125 0.0344619750976562 0.00426101684570313 0.0193901062011719
0.0630722045898438 0.0745162963867188 0.0731124877929688 0.00311279296875001
0.021484375 0.0849456787109375 0.165786743164063 0.0636138916015625
0.0476303100585938 -0.0918655395507813 -0.159988403320312 -0.0731048583984375
-0.0327224731445313 -0.0686454772949219 -0.0702438354492188 -0.022125244140625
-0.0608673095703125 -0.0381355285644531 0.0183048248291016 -0.0327510833740234
-0.0610389709472656 0.00505447387695312 0.035552978515625 -0.0651893615722656
-0.0448951721191406 0.0203056335449219 0.0220489501953125 -0.0940170288085938
-0.0339584350585938 0.0422706604003906 -0.0188446044921875 -0.105415344238281
-0.0331916809082031 0.0451889038085938 -0.0604324340820312 -0.0905914306640625
-0.0360298156738281 0.0360183715820313 -0.0611381530761719 -0.0622406005859375
-0.0401840209960937 0.0384712219238281 -0.0595893859863281 -0.0362205505371094
-0.0466499328613281 0.0134315490722656 -0.0453414916992188 -0.0201492309570313
-0.0474929809570313 -0.0128364562988281 -0.0423355102539063 0.00362396240234375
-0.0385818481445313 -0.0348739624023438 -0.0559806823730469 0.020111083984375
-0.0102729797363281 -0.064361572265625 -0.0771408081054688 0.0345001220703125
0.0156936645507813 -0.0806884765625 -0.112754821777344 0.06591796875
0.059539794921875 -0.0802383422851563 -0.116447448730469 0.0734176635742187
0.102348327636719 -0.0799407958984375 -0.130867004394531 -0.102645874023438
0.0183448791503906 -0.0671005249023438 -0.0467376708984375 -0.0489501953125
-0.00995254516601563 -0.0506210327148438 0.0376167297363281 -0.0498008728027344
-0.0289230346679688 -0.0218563079833984 0.0492172241210938 -0.084564208984375
-0.0243015289306641 -0.0109233856201172 0.0335617065429687 -0.106964111328125
-0.0350494384765625 0.0050201416015625 -0.00968170166015624 -0.119857788085938
-0.0495376586914062 0.00948715209960937 -0.0498199462890625 -0.103286743164063
-0.0517845153808594 0.00353622436523437 -0.0473785400390625 -0.0695381164550781
-0.0640487670898437 0.00458908081054688 -0.0446586608886719 -0.0440711975097656
-0.0622482299804688 -0.0217704772949219 -0.0327682495117188 -0.0208759307861328
-0.0480880737304687 -0.0549201965332031 -0.0306320190429688 0.00234603881835937
-0.0225601196289063 -0.076568603515625 -0.0437545776367188 0.0125846862792969
0.034698486328125 -0.0869674682617188 -0.0515632629394531 0.0224227905273437
0.0652389526367187 -0.0939559936523437 -0.0803146362304688 0.0471649169921875
0.112678527832031 -0.0797119140625 -0.0773391723632813 0.056549072265625
0.14501953125 -0.055450439453125 -0.0833892822265625 -0.123741149902344
0.0716323852539063 -0.0542449951171875 -0.00911712646484375 -0.0666351318359375
0.0493316650390625 -0.0587005615234375 0.0632400512695313 -0.0605201721191406
0.0123634338378906 -0.0517425537109375 0.06585693359375 -0.0980606079101563
0.00156021118164062 -0.0456695556640625 0.0432357788085938 -0.112480163574219
-0.0307235717773438 -0.0365562438964844 -0.000541687011718744 -0.123085021972656
-0.0588531494140625 -0.02886962890625 -0.03448486328125 -0.102462768554688
-0.0599632263183594 -0.0301933288574219 -0.0268974304199219 -0.0658760070800781
-0.0778884887695313 -0.0287933349609375 -0.0223655700683594 -0.0427589416503906
-0.0702400207519531 -0.0504035949707031 -0.0145988464355469 -0.0148897171020508
-0.0465469360351563 -0.0863265991210937 -0.0164308547973633 0.00654506683349609
-0.0117340087890625 -0.106422424316406 -0.0317325592041016 0.00978660583496093
0.0665283203125 -0.103271484375 -0.0313262939453125 0.00968742370605468
0.101409912109375 -0.0990524291992187 -0.0442886352539062 0.0219688415527344
0.147979736328125 -0.069915771484375 -0.0255203247070312 0.0384597778320313
0.1663818359375 -0.0255279541015625 -0.0246200561523437 -0.133216857910156
0.1141357421875 -0.033660888671875 0.0369873046875 -0.0762939453125
0.104232788085938 -0.0607833862304688 0.087677001953125 -0.0642776489257813
0.0529098510742188 -0.0785675048828125 0.0796127319335938 -0.100700378417969
0.026397705078125 -0.0774765014648438 0.0515213012695313 -0.104469299316406
-0.0240707397460938 -0.073760986328125 0.00933837890625 -0.110183715820313
-0.0608062744140625 -0.0630035400390625 -0.0128860473632813 -0.0880661010742187
-0.0591773986816406 -0.0598983764648437 -0.00187301635742188 -0.0523910522460938
-0.0794601440429688 -0.0576934814453125 0.00414848327636718 -0.0335330963134766
-0.0662841796875 -0.07183837890625 0.00594711303710937 -0.00360536575317383
-0.0370254516601563 -0.104721069335937 -0.0018768310546875 0.013554573059082
0.001220703125 -0.120475769042969 -0.0208854675292969 0.00848007202148437
0.088836669921875 -0.104011535644531 -0.0155496597290039 -0.00258350372314454
0.122390747070313 -0.0882339477539063 -0.0109958648681641 -0.00583457946777344
0.162811279296875 -0.0483245849609375 0.031240463256836 0.0216541290283203
0.161026000976563 0.0044097900390625 0.0359268188476563 -0.132682800292969
0.13372802734375 -0.0089569091796875 0.0840530395507813 -0.08203125
0.137115478515625 -0.053131103515625 0.105628967285156 -0.0657958984375
0.0806732177734375 -0.0916671752929687 0.0877151489257813 -0.092193603515625
0.04443359375 -0.0948715209960938 0.0561447143554688 -0.0834579467773437
-0.0156936645507813 -0.097198486328125 0.021728515625 -0.0841598510742188
-0.0535507202148437 -0.0863494873046875 0.0102615356445313 -0.0621566772460938
-0.0494461059570313 -0.080718994140625 0.0229988098144531 -0.0310688018798828
-0.0677719116210938 -0.0797653198242188 0.0284500122070312 -0.0171909332275391
-0.0491104125976563 -0.0850753784179688 0.0221710205078125 0.0118198394775391
-0.0151138305664063 -0.109794616699219 0.00856781005859375 0.0231513977050781
0.0211639404296875 -0.117057800292969 -0.0128154754638672 0.00928592681884765
0.105506896972656 -0.0851974487304688 -0.00391674041748046 -0.011627197265625
0.131576538085938 -0.05767822265625 0.0201511383056641 -0.0285930633544922
0.156585693359375 -0.0148773193359375 0.0859527587890625 0.0111312866210937
0.128372192382813 0.031280517578125 0.0878982543945313 -0.125236511230469
0.123908996582031 0.0161285400390625 0.121246337890625 -0.0842361450195313
0.138893127441406 -0.032440185546875 0.11151123046875 -0.0640487670898438
0.0899887084960938 -0.0825347900390625 0.0860595703125 -0.0761489868164063
0.0539932250976563 -0.0893173217773438 0.0557479858398437 -0.0555000305175781
-0.00296020507812501 -0.100128173828125 0.0340957641601563 -0.0497093200683594
-0.0374069213867188 -0.0943527221679688 0.0352554321289062 -0.0310592651367188
-0.0321807861328125 -0.0884552001953125 0.0444908142089844 -0.00632476806640626
-0.045928955078125 -0.0916595458984375 0.0470314025878906 0.00629043579101562
-0.0228729248046875 -0.089447021484375 0.0316238403320313 0.0322990417480469
0.013702392578125 -0.102584838867187 0.0123214721679688 0.0360374450683594
0.0477523803710937 -0.0980758666992187 -0.00829029083251953 0.0143594741821289
0.116218566894531 -0.048065185546875 0.00357151031494141 -0.0130023956298828
0.127616882324219 -0.011932373046875 0.0461502075195313 -0.03857421875
0.129623413085937 0.0252151489257812 0.131385803222656 0.0134124755859375
0.0746307373046875 0.05291748046875 0.120895385742188 -0.113418579101563
0.0890274047851563 0.0392990112304688 0.140548706054688 -0.083343505859375
0.111068725585937 -0.00396728515625 0.1043701171875 -0.0610733032226562
0.0803146362304688 -0.0530929565429688 0.0771102905273438 -0.0569534301757813
0.0536956787109375 -0.0628662109375 0.0510597229003906 -0.0284996032714844
0.0127639770507813 -0.0827560424804688 0.0440139770507813 -0.0172195434570313
-0.0140304565429687 -0.08709716796875 0.0542488098144531 -0.000747680664062505
-0.0104446411132813 -0.083984375 0.0586814880371094 0.0195732116699219
-0.0189743041992188 -0.0911407470703125 0.0570793151855469 0.0342979431152344
0.00408172607421876 -0.084075927734375 0.0301170349121094 0.057342529296875
0.040069580078125 -0.0842208862304688 0.00732421875 0.0528450012207031
0.0674362182617188 -0.0698661804199219 -0.00893211364746093 0.0243129730224609
0.114990234375 -0.00565338134765625 0.00745391845703126 -0.00347757339477539
0.10791015625 0.0363311767578125 0.0664138793945312 -0.0285797119140625
0.0858383178710938 0.0627288818359375 0.161346435546875 0.029022216796875
0.0119209289550781 0.0682716369628906 0.128517150878906 -0.0981903076171875
0.0402145385742188 0.05828857421875 0.139152526855469 -0.0778121948242188
0.0649642944335938 0.0287704467773438 0.0865631103515625 -0.0543060302734375
0.0574531555175781 -0.0109405517578125 0.064117431640625 -0.03759765625
0.0477447509765625 -0.0209808349609375 0.0429306030273438 -0.00714874267578125
0.0317573547363281 -0.0502166748046875 0.0483207702636719 0.0074920654296875
0.0144691467285156 -0.0669212341308594 0.0638580322265625 0.0236625671386719
0.0130691528320313 -0.0666694641113281 0.0635910034179688 0.0421180725097656
0.00814056396484375 -0.0780258178710938 0.0581092834472656 0.0627059936523438
0.0230560302734375 -0.0679779052734375 0.0231704711914063 0.0825424194335938
0.0519027709960938 -0.0593528747558594 -0.00264739990234374 0.071685791015625
0.0715103149414063 -0.0394210815429688 -0.0134735107421875 0.0399742126464844
0.0956344604492187 0.0281143188476562 0.00395488739013672 0.0162487030029297
0.0724716186523438 0.0722427368164063 0.0741806030273438 -0.0032958984375
0.0298690795898438 0.0865707397460938 0.171646118164063 0.0568389892578125
0.0381317138671875 -0.0985641479492187 -0.169158935546875 -0.0634002685546875
-0.0409889221191406 -0.0654945373535156 -0.0732650756835938 -0.0152130126953125
-0.067626953125 -0.0305137634277344 0.0176353454589844 -0.0327892303466797
-0.0610580444335938 0.0134773254394531 0.0346641540527344 -0.0672760009765625
-0.0424308776855469 0.0258636474609375 0.0189208984375 -0.0962066650390625
-0.0272979736328125 0.0464553833007813 -0.0230026245117188 -0.107154846191406
-0.0269660949707031 0.0482368469238281 -0.0668792724609375 -0.0886306762695313
-0.0303993225097656 0.0391426086425781 -0.0665092468261719 -0.0592613220214844
-0.0348777770996094 0.0416221618652344 -0.0638275146484375 -0.032958984375
-0.0432968139648437 0.0175437927246094 -0.049285888671875 -0.0190200805664063
-0.0472908020019531 -0.00664138793945313 -0.0449676513671875 0.00492477416992187
-0.042694091796875 -0.0292739868164062 -0.0572357177734375 0.0218009948730469
-0.0195045471191406 -0.0632133483886719 -0.0773239135742188 0.0370254516601562
0.00450897216796875 -0.0833892822265625 -0.110633850097656 0.0737762451171875
0.050811767578125 -0.088623046875 -0.113998413085938 0.0840682983398438
0.095672607421875 -0.0895843505859375 -0.142776489257813 -0.09600830078125
0.0122261047363281 -0.0680732727050781 -0.051849365234375 -0.0437812805175781
-0.0166015625 -0.0478591918945313 0.0359153747558594 -0.0517692565917969
-0.0303459167480469 -0.0164146423339844 0.0468368530273438 -0.08819580078125
-0.0235805511474609 -0.00695037841796875 0.0285873413085938 -0.110618591308594
-0.0312652587890625 0.00865364074707031 -0.0161209106445313 -0.122154235839844
-0.0464248657226563 0.0139961242675781 -0.0580215454101562 -0.102287292480469
-0.0498619079589844 0.00730133056640626 -0.0536384582519531 -0.0676383972167969
-0.061492919921875 0.00914001464843749 -0.0503616333007813 -0.0411300659179688
-0.0614585876464844 -0.0166893005371094 -0.0375480651855469 -0.0202560424804688
-0.0503463745117188 -0.0498542785644531 -0.0347881317138672 0.00240325927734375
-0.0283737182617188 -0.0730209350585938 -0.0468406677246094 0.0128059387207031
0.025848388671875 -0.090057373046875 -0.053741455078125 0.0221061706542969
0.0553665161132812 -0.100296020507813 -0.0799407958984375 0.051910400390625
0.106597900390625 -0.0911483764648438 -0.0766525268554688 0.0637893676757813
0.142578125 -0.0675811767578125 -0.09674072265625 -0.120880126953125
0.0677337646484375 -0.0585174560546875 -0.0156021118164062 -0.0643653869628906
0.0448570251464844 -0.0612449645996094 0.0612678527832031 -0.0636215209960938
0.00921630859375 -0.049652099609375 0.0626678466796875 -0.102569580078125
0.000217437744140622 -0.0445976257324219 0.0379104614257813 -0.116691589355469
-0.0309009552001953 -0.0342140197753906 -0.00821685791015626 -0.125617980957031
-0.0593986511230469 -0.0242576599121094 -0.0427703857421875 -0.101844787597656
-0.0614509582519531 -0.026947021484375 -0.0329017639160156 -0.0653114318847656
-0.0792312622070313 -0.0236663818359375 -0.0284423828125 -0.0408248901367188
-0.0722808837890625 -0.0458145141601562 -0.0195808410644531 -0.0146007537841797
-0.0517425537109375 -0.0826034545898437 -0.0209903717041016 0.00668334960937499
-0.0192184448242188 -0.10504150390625 -0.0364990234375 0.00966262817382811
0.0581130981445313 -0.109161376953125 -0.0343017578125 0.00749969482421874
0.0925445556640625 -0.108070373535156 -0.0465774536132812 0.02337646484375
0.145233154296875 -0.08367919921875 -0.0251884460449219 0.0414237976074219
0.168075561523437 -0.0380096435546875 -0.0384902954101562 -0.135078430175781
0.113372802734375 -0.0408096313476563 0.0296554565429688 -0.0774307250976563
0.101264953613281 -0.0684280395507813 0.0860366821289063 -0.0694427490234375
0.0486221313476563 -0.0816802978515625 0.0764007568359375 -0.106376647949219
0.0229949951171875 -0.0798797607421875 0.0462112426757813 -0.109870910644531
-0.0278472900390625 -0.072845458984375 0.00196075439453126 -0.113212585449219
-0.0651359558105469 -0.0592613220214844 -0.0213851928710938 -0.0877532958984375
-0.0634803771972656 -0.0574378967285156 -0.00707626342773438 -0.0525169372558594
-0.0838088989257812 -0.0531158447265625 -0.00129318237304688 -0.0331306457519531
-0.0709228515625 -0.0676193237304688 0.00108814239501953 -0.00384187698364258
-0.0434036254882813 -0.102432250976563 -0.00645160675048829 0.0137805938720703
-0.00719451904296876 -0.12127685546875 -0.0258712768554688 0.00793647766113281
0.082489013671875 -0.112098693847656 -0.0194778442382812 -0.0061168670654297
0.117111206054687 -0.09814453125 -0.0146827697753906 -0.00758838653564454
0.16290283203125 -0.0615081787109375 0.03131103515625 0.0202121734619141
0.165740966796875 -0.006072998046875 0.0242843627929688 -0.139236450195313
0.136634826660156 -0.017669677734375 0.0770111083984375 -0.0873870849609375
0.137092590332031 -0.0634536743164063 0.104545593261719 -0.071136474609375
0.0764923095703125 -0.0978927612304688 0.084991455078125 -0.0986251831054688
0.040252685546875 -0.100181579589844 0.0527420043945313 -0.089111328125
-0.0217361450195313 -0.0980606079101563 0.0156326293945312 -0.08697509765625
-0.06103515625 -0.0833511352539063 0.00483703613281249 -0.0639190673828125
-0.05615234375 -0.078643798828125 0.0196571350097656 -0.0331897735595703
-0.0745468139648438 -0.0765457153320313 0.0241756439208984 -0.018218994140625
-0.0557022094726562 -0.0824508666992188 0.0187358856201172 0.0118465423583984
-0.0228805541992188 -0.110450744628906 0.00486564636230468 0.0230503082275391
0.0136871337890625 -0.120452880859375 -0.0176162719726563 0.00810813903808593
0.102516174316406 -0.0949554443359375 -0.0092935562133789 -0.0162134170532227
0.130302429199219 -0.0683135986328125 0.0152416229248047 -0.033010482788086
0.160247802734375 -0.0262451171875 0.0865097045898438 0.0059051513671875
0.135643005371094 0.0242843627929688 0.0776901245117188 -0.135017395019531
0.129409790039063 0.008758544921875 0.115501403808594 -0.0930633544921875
0.1417236328125 -0.043609619140625 0.11041259765625 -0.0709686279296875
0.0871810913085938 -0.0906829833984375 0.0842132568359375 -0.0818023681640625
0.0496063232421875 -0.0976104736328125 0.0543365478515625 -0.0606307983398438
-0.0109329223632812 -0.10272216796875 0.0303115844726562 -0.0534744262695313
-0.0464706420898438 -0.09326171875 0.0322380065917969 -0.0338211059570313
-0.0403060913085938 -0.0883865356445313 0.0430488586425781 -0.0092010498046875
-0.0546875 -0.089630126953125 0.0450859069824219 0.00494766235351562
-0.0303421020507812 -0.0893020629882813 0.0296459197998047 0.0323753356933594
0.00660705566406249 -0.105865478515625 0.00943756103515625 0.0358543395996094
0.0416946411132813 -0.104736328125 -0.0126447677612305 0.0131263732910156
0.117149353027344 -0.0588226318359375 -0.000728607177734369 -0.0181674957275391
0.131324768066406 -0.022186279296875 0.0418281555175781 -0.0448455810546875
0.137001037597656 0.0173263549804687 0.133338928222656 0.0045623779296875
0.0835342407226563 0.0500411987304688 0.11297607421875 -0.125457763671875
0.0972976684570313 0.0345840454101563 0.136070251464844 -0.094146728515625
0.11688232421875 -0.013153076171875 0.102447509765625 -0.0668106079101563
0.0792465209960937 -0.062103271484375 0.0763473510742188 -0.0612869262695313
0.0511398315429688 -0.0704879760742188 0.0516891479492188 -0.0312080383300781
0.00566864013671876 -0.0858917236328125 0.0437049865722656 -0.0199737548828125
-0.0231781005859375 -0.0873336791992188 0.0543937683105469 -0.00435638427734376
-0.0184707641601563 -0.0848464965820313 0.0599479675292969 0.0164718627929687
-0.0282821655273438 -0.091644287109375 0.0574455261230469 0.0323638916015625
-0.00420379638671875 -0.0859298706054688 0.0307960510253906 0.0587081909179687
0.0334854125976562 -0.09033203125 0.00568771362304688 0.053741455078125
0.0638961791992188 -0.0779647827148438 -0.0122451782226562 0.0239391326904297
0.119529724121094 -0.0162277221679688 0.00478124618530274 -0.00806093215942383
0.115524291992188 0.0283660888671875 0.0637626647949219 -0.0361976623535156
0.0956954956054688 0.059051513671875 0.166168212890625 0.0196685791015625
0.0203018188476563 0.0703964233398438 0.123100280761719 -0.111129760742188
0.048919677734375 0.0568771362304688 0.135498046875 -0.0889968872070313
0.0730133056640625 0.0221328735351563 0.0848388671875 -0.0581512451171875
0.0589179992675781 -0.0187301635742188 0.0642929077148438 -0.0406417846679688
0.0478591918945313 -0.0282630920410156 0.0458259582519531 -0.00897598266601563
0.0258750915527344 -0.0552177429199219 0.0504302978515625 0.0047454833984375
0.00613784790039063 -0.0698089599609375 0.0669174194335938 0.0196952819824219
0.00603103637695313 -0.0687599182128906 0.0673408508300781 0.0389328002929687
-0.000679016113281242 -0.0795440673828125 0.0618515014648437 0.060943603515625
0.01544189453125 -0.0708084106445312 0.0255203247070313 0.0842437744140625
0.0462226867675781 -0.0662918090820313 -0.00141143798828124 0.073516845703125
0.0696220397949219 -0.0483016967773438 -0.014892578125 0.0406303405761719
0.101959228515625 0.0192108154296875 0.00354003906250001 0.012751579284668
0.0831069946289063 0.0670928955078125 0.074127197265625 -0.010772705078125
0.0405654907226562 0.0868911743164063 0.17913818359375 0.0469207763671875
0.0259780883789062 -0.102714538574219 -0.17596435546875 -0.0492095947265625
-0.0485153198242188 -0.060638427734375 -0.07403564453125 -0.00656890869140625
-0.0720901489257813 -0.0212173461914063 0.0165863037109375 -0.0330524444580078
-0.059295654296875 0.0228157043457031 0.0315208435058594 -0.0691795349121094
-0.0381660461425781 0.0325813293457031 0.014190673828125 -0.0979843139648438
-0.0196342468261719 0.0483589172363281 -0.0290908813476563 -0.107109069824219
-0.0192184448242188 0.0499458312988281 -0.0739364624023438 -0.0839767456054687
-0.0252952575683594 0.0413055419921875 -0.0721282958984375 -0.0546493530273438
-0.0276870727539062 0.0434455871582031 -0.0679283142089844 -0.0274848937988281
-0.0386428833007813 0.021881103515625 -0.0528335571289062 -0.0156326293945313
-0.0457725524902344 -0.000545501708984377 -0.0469322204589844 0.00651168823242188
-0.0456733703613281 -0.0223617553710938 -0.0577430725097656 0.024444580078125
-0.0288734436035156 -0.0584793090820313 -0.0754852294921875 0.041351318359375
-0.00687408447265625 -0.08306884765625 -0.105178833007813 0.0822067260742187
0.03985595703125 -0.095184326171875 -0.106727600097656 0.0955734252929687
0.0855636596679688 -0.0986709594726563 -0.153640747070313 -0.0844268798828125
0.00403976440429688 -0.0669937133789063 -0.0563201904296875 -0.0363655090332031
-0.0226020812988281 -0.0428810119628906 0.03289794921875 -0.0533599853515625
-0.0310630798339844 -0.00947761535644532 0.0411758422851563 -0.0913009643554688
-0.022308349609375 -0.00246429443359375 0.021728515625 -0.112884521484375
-0.0268535614013672 0.0117263793945313 -0.024688720703125 -0.121955871582031
-0.0418663024902344 0.0177192687988281 -0.0672149658203125 -0.0973052978515625
-0.0469551086425781 0.0107154846191406 -0.0604438781738281 -0.0632400512695313
-0.05731201171875 0.0131988525390625 -0.0560073852539063 -0.036590576171875
-0.0599212646484375 -0.0114364624023438 -0.0426101684570313 -0.0176544189453125
-0.0527420043945313 -0.0438308715820313 -0.0379981994628906 0.00464248657226562
-0.0344009399414062 -0.0679359436035156 -0.0496788024902344 0.0151023864746094
0.0147628784179688 -0.0902481079101563 -0.0546951293945313 0.0233192443847656
0.042633056640625 -0.104339599609375 -0.077606201171875 0.0569915771484375
0.0962371826171875 -0.102195739746094 -0.072265625 0.071044921875
0.135231018066406 -0.0804901123046875 -0.110649108886719 -0.1134033203125
0.0610923767089844 -0.0619163513183594 -0.0227890014648437 -0.0599708557128906
0.03826904296875 -0.0625343322753906 0.0569839477539063 -0.0672569274902344
0.00531387329101562 -0.0476455688476563 0.05535888671875 -0.107162475585937
-0.00158309936523438 -0.0432472229003906 0.0297470092773438 -0.120101928710938
-0.0304946899414062 -0.0307159423828125 -0.0184097290039063 -0.124732971191406
-0.0595169067382813 -0.0190696716308594 -0.05224609375 -0.09844970703125
-0.0618209838867188 -0.0221595764160156 -0.0400352478027344 -0.0621070861816406
-0.0788192749023438 -0.0172805786132813 -0.0342292785644531 -0.0378303527832031
-0.0738983154296875 -0.0390548706054687 -0.0242996215820313 -0.0128402709960938
-0.0568389892578125 -0.0765533447265625 -0.02484130859375 0.00795555114746093
-0.0281906127929688 -0.101081848144531 -0.0405044555664063 0.0101547241210937
0.0470657348632813 -0.112869262695313 -0.0381736755371094 0.00673675537109374
0.0798263549804688 -0.115379333496094 -0.0474090576171875 0.02587890625
0.136970520019531 -0.0975112915039063 -0.0233001708984375 0.0442276000976563
0.165115356445313 -0.0518951416015625 -0.0534210205078125 -0.132087707519531
0.109306335449219 -0.0487594604492188 0.0210800170898438 -0.0774765014648438
0.095672607421875 -0.0760345458984375 0.081512451171875 -0.0744552612304688
0.0420379638671875 -0.0835342407226563 0.069061279296875 -0.112091064453125
0.0172271728515625 -0.0814895629882813 0.0387115478515625 -0.11419677734375
-0.0319671630859375 -0.0699119567871094 -0.00806427001953125 -0.11334228515625
-0.0682373046875 -0.0529327392578125 -0.0302734375 -0.0857009887695313
-0.0674896240234375 -0.0518264770507813 -0.0125885009765625 -0.0515480041503906
-0.087371826171875 -0.0457916259765625 -0.00696372985839844 -0.0316581726074219
-0.0745010375976563 -0.0614166259765625 -0.0030362606048584 -0.00298881530761719
-0.051239013671875 -0.098358154296875 -0.0102310180664063 0.0142927169799805
-0.017425537109375 -0.119407653808594 -0.031219482421875 0.00808143615722656
0.0722503662109375 -0.119461059570313 -0.0252361297607422 -0.00855064392089844
0.106742858886719 -0.107757568359375 -0.0184040069580078 -0.00828742980957032
0.158340454101563 -0.076812744140625 0.0310859680175781 0.0175552368164062
0.166824340820313 -0.019927978515625 0.0081329345703125 -0.142105102539062
0.135452270507813 -0.0273513793945313 0.0672607421875 -0.09136962890625
0.133018493652344 -0.075408935546875 0.0999603271484375 -0.0778732299804688
0.0689773559570313 -0.103866577148437 0.0778732299804688 -0.104713439941406
0.0331344604492188 -0.104362487792969 0.0463714599609375 -0.0936050415039062
-0.0294265747070313 -0.0962448120117188 0.007568359375 -0.0881805419921875
-0.06805419921875 -0.0773696899414063 -0.00229644775390625 -0.0632781982421875
-0.062835693359375 -0.07415771484375 0.0152797698974609 -0.0342197418212891
-0.0812149047851563 -0.0696945190429687 0.0200653076171875 -0.0184383392333984
-0.0615921020507813 -0.0774917602539062 0.016077995300293 0.0123615264892578
-0.0320663452148438 -0.108001708984375 0.00152969360351562 0.0232791900634766
0.00399017333984374 -0.121452331542969 -0.0227985382080078 0.00821304321289062
0.0945358276367188 -0.104469299316406 -0.0156040191650391 -0.0191860198974609
0.124183654785156 -0.0789947509765625 0.0087127685546875 -0.0368080139160156
0.160202026367187 -0.0406341552734375 0.0857925415039063 -0.00154876708984375
0.140716552734375 0.01336669921875 0.062347412109375 -0.142898559570313
0.132667541503906 -0.0004730224609375 0.105300903320313 -0.100898742675781
0.14093017578125 -0.057403564453125 0.105796813964844 -0.0771942138671875
0.08026123046875 -0.099334716796875 0.0794601440429688 -0.08843994140625
0.042266845703125 -0.103775024414063 0.0503158569335937 -0.0646781921386719
-0.02001953125 -0.101760864257813 0.0249252319335937 -0.055328369140625
-0.0565414428710938 -0.0884475708007813 0.0274238586425781 -0.0361061096191406
-0.0490798950195312 -0.0846328735351563 0.0414161682128906 -0.0119094848632813
-0.063323974609375 -0.0849151611328125 0.0429496765136719 0.00253677368164062
-0.0387725830078125 -0.086273193359375 0.0285072326660156 0.0321140289306641
-0.00319671630859374 -0.1065673828125 0.007354736328125 0.0370101928710937
0.032379150390625 -0.1087646484375 -0.0173425674438477 0.0131511688232422
0.114067077636719 -0.07080078125 -0.00714111328124999 -0.0214672088623047
0.13055419921875 -0.0333709716796875 0.0349769592285156 -0.050567626953125
0.1414794921875 0.0052947998046875 0.132843017578125 -0.0067291259765625
0.091644287109375 0.0438232421875 0.0995712280273438 -0.136337280273438
0.10284423828125 0.0267562866210937 0.126457214355469 -0.105255126953125
0.119674682617187 -0.0255050659179688 0.0981597900390625 -0.0734100341796875
0.0749969482421875 -0.07086181640625 0.0732269287109375 -0.0662155151367188
0.0448684692382812 -0.0779571533203125 0.0505256652832031 -0.035400390625
-0.003814697265625 -0.08758544921875 0.0415725708007813 -0.0232276916503906
-0.03338623046875 -0.0847091674804688 0.0531578063964844 -0.00910186767578126
-0.0279159545898438 -0.0829391479492188 0.06072998046875 0.0117111206054687
-0.0382003784179688 -0.0879592895507813 0.0583152770996094 0.0295066833496094
-0.0132827758789062 -0.0848770141601563 0.0322723388671875 0.0581779479980469
0.0237197875976562 -0.093902587890625 0.00544738769531251 0.0550918579101562
0.0563583374023437 -0.0850753784179687 -0.0148715972900391 0.0239620208740234
0.120765686035156 -0.0291213989257813 0.000306129455566413 -0.0119552612304688
0.120689392089844 0.0175323486328125 0.0586166381835938 -0.0443954467773438
0.104072570800781 0.0505828857421875 0.167037963867188 0.006011962890625
0.0301933288574219 0.0698089599609375 0.112289428710938 -0.122207641601562
0.0577507019042969 0.0529251098632813 0.126762390136719 -0.100456237792969
0.07891845703125 0.01318359375 0.0807266235351563 -0.0628662109375
0.0576095581054687 -0.027374267578125 0.0636100769042969 -0.0445671081542969
0.0443687438964844 -0.0353660583496094 0.0470619201660156 -0.0121231079101563
0.0183944702148438 -0.0588264465332031 0.051605224609375 0.000865936279296871
-0.00321197509765626 -0.0694236755371094 0.0685081481933594 0.0135917663574219
-0.00291824340820313 -0.069183349609375 0.0701103210449219 0.0335464477539062
-0.0106124877929688 -0.0785598754882813 0.0657920837402344 0.0576400756835937
0.00684356689453125 -0.0718307495117188 0.0298614501953125 0.0842971801757813
0.0380401611328125 -0.0716018676757813 -0.000221252441406242 0.074951171875
0.0640754699707031 -0.0568656921386719 -0.0152587890625 0.0412826538085937
0.106781005859375 0.00666046142578125 0.00182342529296876 0.00896835327148438
0.0921478271484375 0.0587387084960937 0.0717544555664063 -0.019134521484375
0.0525131225585938 0.0839157104492187 0.183807373046875 0.0318145751953125
0.0125732421875 -0.102325439453125 -0.176239013671875 -0.0336151123046875
-0.0542564392089844 -0.0525932312011719 -0.071136474609375 0.00156402587890624
-0.0734939575195313 -0.0102310180664062 0.0146064758300781 -0.0319423675537109
-0.0542106628417969 0.0304756164550781 0.0282554626464844 -0.0694007873535156
-0.03192138671875 0.0365486145019531 0.00824737548828124 -0.0965805053710937
-0.0116615295410156 0.0480117797851563 -0.0341567993164062 -0.103797912597656
-0.0112190246582031 0.0483512878417969 -0.0775909423828125 -0.076751708984375
-0.0187873840332031 0.0412178039550781 -0.0747451782226563 -0.04736328125
-0.0207557678222656 0.0430717468261719 -0.0683479309082031 -0.0211448669433594
-0.0323677062988281 0.0240840911865234 -0.0547027587890625 -0.012298583984375
-0.0416717529296875 0.00542449951171875 -0.0476341247558594 0.00922775268554688
-0.0459365844726563 -0.0148658752441406 -0.0571212768554688 0.0267829895019531
-0.0359840393066406 -0.0514907836914063 -0.0718231201171875 0.044281005859375
-0.0178070068359375 -0.0780715942382812 -0.0963973999023438 0.0872039794921875
0.0269546508789063 -0.0965499877929688 -0.0958023071289062 0.1021728515625
0.0716476440429688 -0.102676391601562 -0.158035278320313 -0.0689239501953125
-0.00346755981445313 -0.0632438659667969 -0.0573997497558594 -0.0283966064453125
-0.026519775390625 -0.03582763671875 0.0288467407226563 -0.0531082153320312
-0.0295906066894531 -0.00329971313476562 0.035400390625 -0.0912551879882813
-0.0193252563476563 0.00101470947265625 0.0135879516601563 -0.111236572265625
-0.0211715698242188 0.0126266479492187 -0.0316848754882812 -0.117515563964844
-0.0360069274902344 0.0197639465332031 -0.0730056762695313 -0.0896682739257813
-0.0426483154296875 0.0136947631835937 -0.0645217895507812 -0.0570564270019531
-0.0525665283203125 0.0164375305175781 -0.0582771301269531 -0.0305061340332031
-0.0557632446289063 -0.0063629150390625 -0.0454635620117188 -0.0142402648925781
-0.0521812438964844 -0.0362205505371094 -0.0402107238769531 0.00639724731445311
-0.038818359375 -0.0605926513671875 -0.0506477355957031 0.0169258117675781
0.004852294921875 -0.086456298828125 -0.0547142028808594 0.0245208740234375
0.0289154052734375 -0.102806091308594 -0.0723648071289063 0.0612030029296875
0.08203125 -0.108474731445313 -0.0655441284179687 0.0756072998046875
0.122840881347656 -0.0888900756835938 -0.119888305664062 -0.100898742675781
0.0531845092773438 -0.0631790161132813 -0.0275535583496094 -0.0531005859375
0.0307655334472656 -0.0609169006347656 0.0513114929199219 -0.0685272216796875
0.0025787353515625 -0.0430870056152344 0.04693603515625 -0.108177185058594
-0.00288009643554688 -0.0403785705566406 0.0207748413085938 -0.119064331054688
-0.0283870697021484 -0.0274009704589844 -0.027313232421875 -0.120460510253906
-0.0562362670898437 -0.0143089294433594 -0.0594558715820313 -0.0909347534179688
-0.0600852966308594 -0.0169792175292969 -0.044464111328125 -0.0575485229492188
-0.0760574340820313 -0.0109405517578125 -0.0381813049316406 -0.0332107543945313
-0.0716171264648438 -0.0322647094726562 -0.0279369354248047 -0.009979248046875
-0.0594711303710938 -0.068603515625 -0.0277824401855469 0.00978469848632812
-0.0349884033203125 -0.0944976806640625 -0.0433464050292969 0.0120468139648438
0.0349273681640625 -0.112190246582031 -0.04095458984375 0.00649261474609374
0.065032958984375 -0.116401672363281 -0.0464820861816406 0.0280609130859375
0.123214721679688 -0.106895446777344 -0.0206794738769531 0.0450477600097656
0.155502319335938 -0.0642547607421875 -0.0664596557617187 -0.123313903808594
0.102340698242188 -0.0541305541992188 0.0130767822265625 -0.0732879638671875
0.086456298828125 -0.0804519653320313 0.075164794921875 -0.0770950317382813
0.0345611572265625 -0.082000732421875 0.05987548828125 -0.114082336425781
0.0122451782226563 -0.0802230834960938 0.0290298461914063 -0.113723754882813
-0.0345306396484375 -0.0654640197753906 -0.0167465209960937 -0.109550476074219
-0.0686836242675781 -0.0454521179199219 -0.0372695922851562 -0.0804061889648438
-0.0689353942871094 -0.0452690124511719 -0.0181007385253906 -0.0489044189453125
-0.0871505737304688 -0.0373458862304687 -0.0118331909179688 -0.0287303924560547
-0.0752716064453125 -0.05364990234375 -0.00722408294677735 -0.0017547607421875
-0.05572509765625 -0.0900955200195312 -0.0132579803466797 0.0158596038818359
-0.0259017944335938 -0.11358642578125 -0.0348052978515625 0.00955963134765624
0.0603866577148438 -0.121116638183594 -0.0310115814208984 -0.0092144012451172
0.092987060546875 -0.112541198730469 -0.0219554901123047 -0.00787544250488282
0.14727783203125 -0.087738037109375 0.0298728942871094 0.0149917602539062
0.161697387695313 -0.032257080078125 -0.00774383544921874 -0.138076782226563
0.130058288574219 -0.03564453125 0.0562057495117188 -0.090606689453125
0.124038696289063 -0.0840835571289063 0.0931472778320313 -0.0822296142578125
0.0591964721679687 -0.105461120605469 0.0687255859375 -0.107345581054688
0.0240478515625 -0.104888916015625 0.0380172729492187 -0.0946044921875
-0.0349197387695313 -0.0908050537109375 -0.000549316406249994 -0.0856170654296875
-0.0718154907226563 -0.0687255859375 -0.00838851928710938 -0.0604743957519531
-0.0671043395996094 -0.0665130615234375 0.0108718872070312 -0.0340003967285156
-0.084197998046875 -0.0600738525390625 0.0155572891235351 -0.0175437927246094
-0.06561279296875 -0.0698318481445313 0.0126848220825195 0.0125284194946289
-0.0391159057617188 -0.102645874023438 -0.000520706176757814 0.0245380401611328
-0.00646972656250001 -0.117774963378906 -0.0269336700439453 0.0100326538085937
0.0837631225585938 -0.110061645507813 -0.0222053527832031 -0.0204429626464844
0.113235473632812 -0.0869140625 0.00195693969726563 -0.0376319885253906
0.153533935546875 -0.052642822265625 0.0808792114257813 -0.0081634521484375
0.140419006347656 0.00183868408203125 0.045379638671875 -0.14349365234375
0.130851745605469 -0.0103378295898438 0.0916824340820313 -0.104171752929688
0.134368896484375 -0.0683212280273437 0.0985565185546875 -0.0826263427734375
0.0703964233398438 -0.103401184082031 0.07122802734375 -0.091400146484375
0.0320892333984375 -0.105186462402344 0.0443801879882813 -0.06689453125
-0.0282211303710938 -0.097076416015625 0.0194854736328125 -0.0552177429199219
-0.0623626708984375 -0.08013916015625 0.0229911804199219 -0.036163330078125
-0.0553054809570313 -0.0782546997070313 0.0376815795898438 -0.0146255493164063
-0.0691909790039063 -0.0755157470703125 0.0396728515625 0.00136947631835937
-0.0443038940429687 -0.079864501953125 0.0266361236572266 0.0318241119384766
-0.0127487182617188 -0.103538513183594 0.00533676147460937 0.0378532409667969
0.0219497680664063 -0.108894348144531 -0.0206737518310547 0.0135173797607422
0.105949401855469 -0.0796890258789063 -0.0136451721191406 -0.0232162475585938
0.124931335449219 -0.0434722900390625 0.0266532897949219 -0.0530204772949219
0.140579223632813 -0.0065155029296875 0.126312255859375 -0.01708984375
0.096160888671875 0.0359039306640625 0.08245849609375 -0.13983154296875
0.106109619140625 0.01776123046875 0.111846923828125 -0.1107177734375
0.116920471191406 -0.036590576171875 0.09088134765625 -0.0770187377929688
0.0676956176757813 -0.0768051147460938 0.06671142578125 -0.0691184997558594
0.0365829467773438 -0.0814208984375 0.0470733642578125 -0.03814697265625
-0.0122756958007813 -0.0852890014648437 0.0378990173339844 -0.0248756408691406
-0.04180908203125 -0.0784072875976563 0.0497055053710937 -0.0124473571777344
-0.035675048828125 -0.0779953002929687 0.0587959289550781 0.00687408447265624
-0.0460891723632813 -0.0814285278320313 0.0568580627441406 0.0255203247070313
-0.0207443237304687 -0.0804595947265625 0.03277587890625 0.0566253662109375
0.0140457153320312 -0.093536376953125 0.00599288940429688 0.0547599792480469
0.04693603515625 -0.0881271362304688 -0.0170555114746094 0.0241565704345703
0.116020202636719 -0.0406265258789063 -0.00488567352294921 -0.0143680572509766
0.120697021484375 0.00579071044921875 0.0504570007324219 -0.0489349365234375
0.108505249023437 0.0404129028320313 0.16180419921875 -0.007720947265625
0.0385017395019531 0.0658149719238281 0.0966644287109375 -0.128593444824219
0.0637168884277344 0.0464630126953125 0.113533020019531 -0.106658935546875
0.0811233520507813 0.003326416015625 0.0752182006835938 -0.0646743774414063
0.0539703369140625 -0.0337333679199219 0.0601119995117187 -0.0464591979980469
0.0391998291015625 -0.0408973693847656 0.0469131469726563 -0.0150337219238281
0.0103073120117187 -0.0591697692871094 0.0503501892089844 -0.00336456298828125
-0.0120887756347656 -0.0657424926757813 0.0671501159667969 0.00745391845703125
-0.0111846923828125 -0.066375732421875 0.070343017578125 0.0271072387695313
-0.0199050903320312 -0.0739288330078125 0.0670967102050781 0.0519180297851563
-0.00174331665039063 -0.0689849853515625 0.0338287353515625 0.0818634033203125
0.0286407470703125 -0.0735855102539063 0.00253295898437501 0.0742111206054688
0.055999755859375 -0.062408447265625 -0.0156898498535156 0.0410690307617187
0.106285095214844 -0.00490570068359375 -0.000562667846679681 0.00591516494750977
0.0969161987304688 0.04766845703125 0.0660514831542969 -0.0260963439941406
0.0609130859375 0.0770797729492188 0.180816650390625 0.016021728515625
0.00208282470703124 -0.0978469848632813 -0.171066284179687 -0.02239990234375
-0.0560340881347656 -0.0454025268554688 -0.0664520263671875 0.00694656372070312
-0.0710830688476563 -0.002044677734375 0.0130805969238281 -0.0300273895263672
-0.0484580993652344 0.0351753234863281 0.0264930725097656 -0.0668983459472656
-0.0261154174804688 0.0378799438476563 0.00611877441406251 -0.0926437377929688
-0.00587844848632812 0.0451507568359375 -0.036163330078125 -0.0996017456054687
-0.00567245483398437 0.0451011657714844 -0.0775680541992188 -0.0706863403320312
-0.014312744140625 0.0394515991210938 -0.07379150390625 -0.0420379638671875
-0.0157508850097656 0.0403823852539063 -0.0670509338378906 -0.0165328979492187
-0.0271625518798828 0.0240383148193359 -0.0549812316894531 -0.00924301147460938
-0.0372848510742188 0.0086517333984375 -0.048004150390625 0.00989913940429688
-0.0437736511230469 -0.00908279418945313 -0.0553245544433594 0.027496337890625
-0.03900146484375 -0.0448074340820313 -0.0679779052734375 0.0435218811035156
-0.0240402221679688 -0.0713882446289063 -0.0876998901367187 0.0870361328125
0.016754150390625 -0.0937042236328125 -0.0859603881835938 0.102821350097656
0.059722900390625 -0.101768493652344 -0.15643310546875 -0.056793212890625
-0.00812149047851562 -0.0582237243652344 -0.0556526184082031 -0.0212249755859375
-0.02764892578125 -0.0296077728271484 0.0258140563964844 -0.0509796142578125
-0.0268020629882813 0.0018463134765625 0.0306930541992187 -0.0885086059570312
-0.0157508850097656 0.00336933135986328 0.00965118408203125 -0.106819152832031
-0.016632080078125 0.012415885925293 -0.0353851318359375 -0.112091064453125
-0.0301361083984375 0.0191516876220703 -0.074188232421875 -0.0822219848632813
-0.0381393432617188 0.0139198303222656 -0.0652618408203125 -0.0512123107910156
-0.04656982421875 0.0173492431640625 -0.0582542419433594 -0.0255851745605469
-0.0506591796875 -0.00373458862304686 -0.0467185974121094 -0.0112686157226562
-0.0492744445800781 -0.0312004089355469 -0.0412406921386719 0.00801086425781249
-0.0394783020019531 -0.0533676147460938 -0.0510215759277344 0.0177993774414062
-0.00153350830078125 -0.0803451538085938 -0.0537872314453125 0.0239753723144531
0.0190505981445313 -0.0974578857421875 -0.0675010681152344 0.0607070922851563
0.0696868896484375 -0.10791015625 -0.0588150024414063 0.0751876831054688
0.1107177734375 -0.0913925170898437 -0.122772216796875 -0.0888748168945312
0.0464439392089844 -0.0610237121582031 -0.0293960571289062 -0.0461502075195313
0.0261001586914063 -0.05718994140625 0.0466346740722656 -0.0664787292480469
0.00181961059570312 -0.0382652282714844 0.0407485961914063 -0.105133056640625
-0.00260543823242188 -0.037445068359375 0.0147705078125 -0.114395141601563
-0.0259189605712891 -0.0252895355224609 -0.0317306518554688 -0.11383056640625
-0.0513191223144531 -0.0108833312988281 -0.0617523193359375 -0.0835723876953125
-0.0566864013671875 -0.0140533447265625 -0.0465126037597656 -0.0521240234375
-0.071075439453125 -0.00729370117187501 -0.03985595703125 -0.0282936096191406
-0.0674095153808594 -0.0273895263671875 -0.0301399230957031 -0.00719070434570313
-0.0577774047851563 -0.0615348815917969 -0.0296192169189453 0.0114231109619141
-0.0373306274414063 -0.0865859985351563 -0.0445823669433594 0.0135917663574219
0.026885986328125 -0.106903076171875 -0.0426063537597656 0.00629806518554687
0.0545501708984375 -0.112113952636719 -0.0456886291503906 0.0277862548828125
0.110160827636719 -0.108589172363281 -0.0182228088378906 0.0441818237304688
0.144454956054687 -0.0693817138671875 -0.0734786987304687 -0.113037109375
0.0945816040039062 -0.0550918579101562 0.00738906860351563 -0.0671310424804688
0.0785064697265625 -0.0799331665039063 0.0691375732421875 -0.0760345458984375
0.0305328369140625 -0.0774307250976563 0.0528488159179688 -0.111175537109375
0.00907135009765625 -0.0761566162109375 0.0229034423828125 -0.110015869140625
-0.0341072082519531 -0.0609130859375 -0.0218276977539063 -0.103157043457031
-0.0663185119628906 -0.0399513244628906 -0.040496826171875 -0.073516845703125
-0.06683349609375 -0.0399703979492188 -0.0208168029785156 -0.0453605651855469
-0.0839996337890625 -0.03173828125 -0.0148563385009766 -0.0254230499267578
-0.072540283203125 -0.0471878051757813 -0.00927066802978516 0.00115108489990234
-0.0564422607421875 -0.0827484130859375 -0.0157995223999023 0.0167503356933594
-0.0298233032226563 -0.106040954589844 -0.0378227233886719 0.0112800598144531
0.0503768920898438 -0.117958068847656 -0.0348930358886719 -0.00853538513183595
0.0813446044921875 -0.110092163085938 -0.0247631072998047 -0.00759506225585938
0.135658264160156 -0.0919647216796875 0.02813720703125 0.0125102996826172
0.1533203125 -0.0394744873046875 -0.0180892944335937 -0.130035400390625
0.123207092285156 -0.03948974609375 0.0471649169921875 -0.0863571166992188
0.115150451660156 -0.08673095703125 0.086181640625 -0.0815658569335938
0.0520553588867188 -0.10296630859375 0.061614990234375 -0.106025695800781
0.0181655883789063 -0.101699829101563 0.032196044921875 -0.0926437377929687
-0.0373611450195313 -0.0846939086914062 -0.00552368164062501 -0.0814895629882813
-0.0713424682617187 -0.061492919921875 -0.0119819641113281 -0.0563240051269531
-0.0671653747558594 -0.0604095458984375 0.00739288330078124 -0.0324497222900391
-0.0826644897460938 -0.0526962280273437 0.0120840072631836 -0.0157546997070313
-0.0644378662109375 -0.0630722045898438 0.0100879669189453 0.0134792327880859
-0.0419235229492188 -0.0949935913085938 -0.00336837768554688 0.0251522064208984
-0.011077880859375 -0.112022399902344 -0.0304718017578125 0.0107517242431641
0.0745849609375 -0.109375 -0.0277481079101562 -0.019683837890625
0.103607177734375 -0.0878372192382813 -0.0034027099609375 -0.0368156433105469
0.144546508789062 -0.05902099609375 0.0755615234375 -0.0120086669921875
0.135971069335938 -0.005462646484375 0.0325088500976563 -0.13763427734375
0.125923156738281 -0.0160903930664063 0.0804595947265625 -0.101234436035156
0.126846313476563 -0.073333740234375 0.0910873413085938 -0.081634521484375
0.0622329711914062 -0.102546691894531 0.0643157958984375 -0.0905380249023438
0.0252685546875 -0.103858947753906 0.0394210815429688 -0.0662727355957031
-0.0323028564453125 -0.0919342041015625 0.0154571533203125 -0.0529022216796875
-0.0645370483398438 -0.0721054077148438 0.0187969207763672 -0.0347442626953125
-0.0572891235351562 -0.0715103149414063 0.0346832275390625 -0.0150966644287109
-0.0703353881835938 -0.067779541015625 0.0355796813964844 0.000961303710937496
-0.0463409423828125 -0.0729827880859375 0.0247631072998047 0.0316390991210937
-0.0172653198242188 -0.0980300903320313 0.00377273559570313 0.0376434326171875
0.0154876708984375 -0.105178833007813 -0.0244312286376953 0.0145530700683594
0.0974884033203125 -0.08294677734375 -0.0189857482910156 -0.0224552154541016
0.117156982421875 -0.0482711791992187 0.0190048217773438 -0.0536613464355469
0.135749816894531 -0.0138168334960938 0.119003295898438 -0.0225906372070313
0.096588134765625 0.030120849609375 0.0684356689453125 -0.136749267578125
0.104743957519531 0.0117263793945313 0.0998458862304688 -0.109153747558594
0.1124267578125 -0.0433883666992187 0.0841751098632813 -0.0764007568359375
0.0608062744140625 -0.0786590576171875 0.0617256164550781 -0.06854248046875
0.0300674438476563 -0.0818634033203125 0.0442695617675781 -0.038909912109375
-0.0180740356445312 -0.080474853515625 0.0347900390625 -0.0253849029541016
-0.0456161499023438 -0.0714035034179688 0.0462570190429688 -0.0136260986328125
-0.0398406982421875 -0.0717620849609375 0.0560455322265625 0.00410842895507812
-0.0495529174804687 -0.0733871459960938 0.0542373657226563 0.0232391357421875
-0.0251007080078125 -0.074676513671875 0.0319175720214844 0.0547142028808594
0.00673675537109376 -0.0899810791015625 0.00486373901367187 0.0542526245117187
0.0389556884765625 -0.0879287719726563 -0.0194034576416016 0.0242214202880859
0.109649658203125 -0.0472412109375 -0.00964832305908203 -0.0149755477905273
0.116905212402344 -0.00193023681640625 0.0428276062011719 -0.0501136779785156
0.107994079589844 0.0323715209960938 0.1531982421875 -0.0151824951171875
0.0432968139648437 0.0604057312011719 0.0834808349609375 -0.1260986328125
0.0666542053222656 0.0400962829589844 0.101799011230469 -0.106651306152344
0.0798873901367188 -0.0040435791015625 0.0702323913574219 -0.0635337829589844
0.0496826171875 -0.0380439758300781 0.0569534301757813 -0.046966552734375
0.0341796875 -0.0430870056152344 0.0458717346191406 -0.0162124633789063
0.004547119140625 -0.0564002990722656 0.0487937927246094 -0.00536727905273438
-0.017608642578125 -0.0608291625976562 0.064453125 0.00396347045898437
-0.016510009765625 -0.0615730285644531 0.0681686401367187 0.0226211547851562
-0.0246963500976563 -0.0676536560058594 0.0650901794433594 0.047943115234375
-0.0070648193359375 -0.0646553039550781 0.0344085693359375 0.079254150390625
0.0210418701171875 -0.0721969604492187 0.00335693359374999 0.0727310180664063
0.0481758117675781 -0.0639533996582031 -0.0165061950683594 0.0396499633789062
0.102066040039063 -0.013519287109375 -0.0029923915863037 0.00385379791259765
0.0971603393554687 0.0388259887695313 0.0594825744628906 -0.0301132202148437
0.0653572082519531 0.0691452026367188 0.17364501953125 0.006805419921875
-0.00363159179687499 -0.0933151245117188 -0.165512084960938 -0.018280029296875
-0.0566749572753906 -0.0403976440429688 -0.0626564025878906 0.0102081298828125
-0.0677871704101563 0.00268936157226561 0.0135555267333984 -0.0275497436523438
-0.0436592102050781 0.0373306274414063 0.0264320373535156 -0.0645103454589844
-0.0218391418457031 0.0377693176269531 0.006103515625 -0.09051513671875
-0.00184249877929687 0.0418853759765625 -0.0351181030273437 -0.0967330932617188
-0.00219345092773437 0.0417976379394531 -0.07537841796875 -0.067169189453125
-0.0114555358886719 0.037200927734375 -0.0721664428710937 -0.0391769409179688
-0.0127792358398438 0.0371360778808594 -0.0647468566894531 -0.0146369934082031
-0.0233573913574219 0.0223522186279297 -0.054718017578125 -0.00826644897460938
-0.0330219268798828 0.00959587097167969 -0.0482368469238281 0.00975036621093749
-0.0415191650390625 -0.00519561767578125 -0.0548248291015625 0.0269088745117187
-0.0401458740234375 -0.0395622253417969 -0.0658416748046875 0.041229248046875
-0.0271415710449219 -0.0654640197753906 -0.0830841064453125 0.0838623046875
0.010650634765625 -0.0904388427734375 -0.0798263549804688 0.0996170043945313
0.0519638061523438 -0.0976181030273438 -0.15301513671875 -0.0503997802734375
-0.0106048583984375 -0.0533523559570313 -0.0528106689453125 -0.01690673828125
-0.0272998809814453 -0.0250091552734375 0.0250091552734375 -0.0479164123535156
-0.0236778259277344 0.00520896911621094 0.0301666259765625 -0.0851821899414063
-0.0124359130859375 0.00486183166503906 0.00914764404296876 -0.103363037109375
-0.012974739074707 0.0109052658081055 -0.03509521484375 -0.107658386230469
-0.0259075164794922 0.0176181793212891 -0.0726470947265625 -0.0776748657226563
-0.0346794128417969 0.0134391784667969 -0.0641059875488281 -0.0473823547363281
-0.0431594848632813 0.0158767700195313 -0.0575981140136719 -0.0231208801269531
-0.0465431213378906 -0.00396347045898438 -0.0472183227539062 -0.00974273681640626
-0.0453147888183594 -0.028533935546875 -0.0426139831542969 0.00780487060546874
-0.0373878479003906 -0.0481605529785156 -0.0520401000976563 0.017547607421875
-0.0037689208984375 -0.0742950439453125 -0.0539016723632813 0.0227699279785156
0.0139541625976563 -0.0909957885742188 -0.0649948120117187 0.0585174560546875
0.0614471435546875 -0.104766845703125 -0.055084228515625 0.073516845703125
0.102493286132812 -0.089263916015625 -0.121658325195313 -0.0812911987304688
0.0421600341796875 -0.0576019287109375 -0.0292625427246094 -0.0404129028320313
0.02398681640625 -0.0531539916992188 0.0447196960449219 -0.0638275146484375
0.00251579284667969 -0.0343513488769531 0.038848876953125 -0.101203918457031
-0.00136375427246094 -0.0347900390625 0.01348876953125 -0.110641479492187
-0.0231380462646484 -0.0249767303466797 -0.032135009765625 -0.108932495117188
-0.0477981567382813 -0.0104255676269531 -0.0613632202148437 -0.0783920288085938
-0.0533561706542969 -0.0127334594726563 -0.0466690063476563 -0.0490608215332031
-0.0668869018554688 -0.00684356689453125 -0.040283203125 -0.0258216857910156
-0.0629081726074219 -0.0260467529296875 -0.0313682556152344 -0.00555038452148438
-0.0547714233398438 -0.0573081970214844 -0.0313072204589844 0.0118083953857422
-0.0365829467773437 -0.0806350708007813 -0.0469436645507812 0.0137557983398437
0.0225296020507813 -0.101287841796875 -0.044677734375 0.00566864013671874
0.0476837158203125 -0.106552124023438 -0.0457878112792969 0.0267066955566406
0.102073669433594 -0.106147766113281 -0.0180549621582031 0.0423698425292969
0.136650085449219 -0.0687026977539062 -0.0753021240234375 -0.10552978515625
0.08917236328125 -0.0531845092773437 0.00545120239257813 -0.0612983703613281
0.0739288330078125 -0.076934814453125 0.0660934448242188 -0.073211669921875
0.0287551879882813 -0.0731887817382813 0.049468994140625 -0.107666015625
0.0082244873046875 -0.0735244750976563 0.020416259765625 -0.106002807617187
-0.0322189331054688 -0.0581550598144531 -0.0226058959960937 -0.0984420776367187
-0.0626869201660156 -0.037078857421875 -0.0410194396972656 -0.0695037841796875
-0.0641746520996094 -0.0378227233886719 -0.0223503112792969 -0.0426254272460938
-0.0797882080078125 -0.02899169921875 -0.0163211822509766 -0.0227184295654297
-0.0687789916992188 -0.0445137023925781 -0.0113239288330078 0.00195121765136718
-0.0543136596679687 -0.0778121948242188 -0.0183753967285156 0.0178337097167969
-0.0300216674804687 -0.100288391113281 -0.0409736633300781 0.011749267578125
0.0462799072265625 -0.1134033203125 -0.0382881164550781 -0.0089263916015625
0.075042724609375 -0.105659484863281 -0.0269203186035156 -0.00705909729003907
0.127922058105469 -0.091094970703125 0.0257644653320313 0.0116481781005859
0.14727783203125 -0.040252685546875 -0.0234451293945312 -0.122520446777344
0.118293762207031 -0.0389404296875 0.0423812866210938 -0.0801239013671875
0.109588623046875 -0.0853958129882813 0.0822601318359375 -0.0786972045898437
0.04876708984375 -0.0987014770507812 0.0578155517578125 -0.102386474609375
0.0158920288085937 -0.0985260009765625 0.0302276611328125 -0.089385986328125
-0.0367279052734375 -0.0806732177734375 -0.00676727294921875 -0.076873779296875
-0.06915283203125 -0.0570602416992188 -0.0135726928710938 -0.0529899597167969
-0.0658187866210938 -0.0567436218261719 0.00561523437499999 -0.0304660797119141
-0.0803604125976563 -0.0485153198242188 0.00950050354003906 -0.0137472152709961
-0.0625190734863281 -0.0595932006835938 0.00775527954101562 0.0149869918823242
-0.0417098999023437 -0.0903091430664063 -0.0065460205078125 0.0262908935546875
-0.012786865234375 -0.106735229492187 -0.0340385437011719 0.0118675231933594
0.0692291259765625 -0.106979370117188 -0.0322170257568359 -0.0188255310058594
0.0978546142578125 -0.0854949951171875 -0.0076141357421875 -0.0360984802246094
0.138275146484375 -0.0592422485351563 0.0710220336914063 -0.0126266479492188
0.132560729980469 -0.00759124755859375 0.0261077880859375 -0.131126403808594
0.122566223144531 -0.0174713134765625 0.0740737915039063 -0.0953369140625
0.121711730957031 -0.0740585327148438 0.0874557495117188 -0.0790176391601563
0.0585784912109375 -0.100532531738281 0.0605926513671875 -0.0874481201171875
0.021942138671875 -0.101219177246094 0.0374794006347656 -0.0640907287597656
-0.0326919555664062 -0.086517333984375 0.0129776000976562 -0.0499153137207031
-0.0630950927734375 -0.0666160583496094 0.0170993804931641 -0.0330219268798828
-0.0575141906738281 -0.0670661926269531 0.0321102142333984 -0.0143985748291016
-0.0694160461425781 -0.0626106262207031 0.0326385498046875 0.00224876403808593
-0.0460395812988281 -0.0691070556640625 0.0224781036376953 0.0320758819580078
-0.0189895629882813 -0.0938186645507813 0.000633239746093748 0.0380706787109375
0.0125503540039062 -0.10162353515625 -0.0275459289550781 0.0152759552001953
0.09271240234375 -0.0825576782226563 -0.0238113403320313 -0.0223064422607422
0.112480163574219 -0.0486831665039063 0.0145034790039063 -0.0520401000976563
0.131797790527344 -0.0164718627929688 0.112464904785156 -0.0238418579101563
0.095672607421875 0.02618408203125 0.0605697631835938 -0.131027221679688
0.103469848632813 0.00921630859375 0.0924606323242188 -0.104263305664062
0.109085083007812 -0.0466690063476563 0.0810623168945313 -0.073211669921875
0.0565414428710938 -0.0783004760742187 0.0587234497070313 -0.0664253234863281
0.0260086059570313 -0.0815353393554688 0.0427703857421875 -0.0379524230957031
-0.0201492309570313 -0.0768203735351563 0.0328006744384766 -0.0239963531494141
-0.046234130859375 -0.0659866333007813 0.0434379577636719 -0.0129737854003906
-0.0406761169433594 -0.0672492980957031 0.0531654357910156 0.00377273559570312
-0.0501480102539063 -0.0679397583007813 0.0508613586425781 0.0233268737792969
-0.0260353088378906 -0.0696754455566406 0.0305709838867187 0.0548095703125
0.00319671630859375 -0.0867919921875 0.00293350219726563 0.0544319152832031
0.0348739624023438 -0.0857009887695313 -0.0223369598388672 0.0243244171142578
0.104827880859375 -0.049346923828125 -0.0138216018676758 -0.015446662902832
0.113876342773438 -0.0053558349609375 0.0370330810546875 -0.0501937866210938
0.106986999511719 0.0283203125 0.146255493164063 -0.0172119140625
0.0458221435546875 0.0568618774414062 0.0758743286132813 -0.121803283691406
0.067108154296875 0.0363578796386719 0.0947799682617188 -0.102081298828125
0.078369140625 -0.00864410400390625 0.06793212890625 -0.0604972839355469
0.0459632873535156 -0.0393867492675781 0.0549240112304688 -0.0450515747070313
0.03033447265625 -0.044097900390625 0.04486083984375 -0.0161972045898438
0.00107574462890625 -0.0537490844726563 0.0469589233398438 -0.00540924072265625
-0.0202827453613281 -0.0554466247558594 0.0613746643066406 0.00283050537109375
-0.0189552307128906 -0.0578460693359375 0.0657806396484375 0.020751953125
-0.0269584655761719 -0.0625762939453125 0.0626983642578125 0.0455970764160156
-0.0100173950195312 -0.06011962890625 0.0332870483398438 0.0775299072265625
0.0165252685546875 -0.0700912475585938 0.0022430419921875 0.071441650390625
0.0434684753417969 -0.063690185546875 -0.0184593200683594 0.0387115478515625
0.098297119140625 -0.0180587768554688 -0.00683116912841796 0.00223731994628906
0.09625244140625 0.0332412719726563 0.0544395446777344 -0.0318717956542969
0.0662727355957031 0.0648193359375 0.16717529296875 0.0030517578125
-0.00701904296875 -0.0904312133789063 -0.163543701171875 -0.016845703125
-0.0565719604492188 -0.0376510620117188 -0.0599479675292969 0.0109634399414062
-0.0668525695800781 0.00561523437500001 0.0147972106933594 -0.025909423828125
-0.040435791015625 0.0389747619628906 0.0286865234375 -0.0637855529785156
-0.0190277099609375 0.0377540588378906 0.008575439453125 -0.089813232421875
0.000259399414062497 0.0391578674316406 -0.0333099365234375 -0.09747314453125
-0.000514984130859378 0.0384407043457031 -0.0743255615234375 -0.0669784545898438
-0.00944900512695312 0.0358009338378906 -0.07110595703125 -0.0387420654296875
-0.0116767883300781 0.0353469848632813 -0.0643081665039063 -0.0151100158691406
-0.0212345123291016 0.0206108093261719 -0.0555877685546875 -0.0086517333984375
-0.0304527282714844 0.00977897644042968 -0.0498886108398437 0.0094146728515625
-0.0394439697265625 -0.00263595581054688 -0.0565032958984375 0.0256500244140625
-0.040496826171875 -0.0358810424804688 -0.0658760070800781 0.0387229919433594
-0.0288238525390625 -0.0622329711914063 -0.0825576782226563 0.08099365234375
0.00665283203125 -0.0884017944335937 -0.0781173706054688 0.0972518920898437
0.0483627319335938 -0.0949554443359375 -0.15185546875 -0.0485076904296875
-0.0116500854492188 -0.0503807067871094 -0.0514183044433594 -0.0142478942871094
-0.0271568298339844 -0.0211143493652344 0.0260696411132813 -0.0458793640136719
-0.0207252502441406 0.00786590576171875 0.0312118530273437 -0.0835037231445313
-0.00973606109619141 0.00557708740234375 0.01055908203125 -0.101837158203125
-0.0102605819702148 0.00960445404052734 -0.0337295532226563 -0.107276916503906
-0.0237960815429688 0.0154781341552734 -0.0717926025390625 -0.076690673828125
-0.0324993133544922 0.01190185546875 -0.0637969970703125 -0.0469474792480469
-0.0408248901367188 0.014678955078125 -0.0573463439941406 -0.0222816467285156
-0.0434646606445313 -0.00485992431640626 -0.0482521057128906 -0.00923919677734374
-0.0425262451171875 -0.02752685546875 -0.0450515747070313 0.00811767578125001
-0.0353660583496094 -0.0455970764160156 -0.0540313720703125 0.0171051025390625
-0.004913330078125 -0.0711822509765625 -0.0557098388671875 0.0203018188476562
0.0120849609375 -0.0868301391601563 -0.066009521484375 0.0567550659179688
0.0579299926757813 -0.1031494140625 -0.0552215576171875 0.0721054077148438
0.0986404418945313 -0.0869979858398438 -0.122085571289062 -0.0784378051757813
0.0407600402832031 -0.0546836853027344 -0.0281791687011719 -0.0371170043945313
0.0235557556152344 -0.0495109558105469 0.0455436706542969 -0.061614990234375
0.00475311279296875 -0.0312004089355469 0.0390701293945313 -0.09906005859375
0.000694274902343751 -0.0335845947265625 0.0144271850585937 -0.108718872070313
-0.0201416015625 -0.0256748199462891 -0.0312347412109375 -0.108352661132813
-0.0443153381347656 -0.0119400024414062 -0.060699462890625 -0.0769882202148438
-0.0510025024414063 -0.0134086608886719 -0.0466270446777344 -0.04754638671875
-0.0642127990722656 -0.00782775878906249 -0.0408821105957031 -0.0247840881347656
-0.059844970703125 -0.0266151428222656 -0.0329875946044922 -0.00477409362792968
-0.0514259338378906 -0.0568046569824219 -0.0340709686279297 0.0126724243164062
-0.0343856811523438 -0.0783004760742188 -0.0500602722167969 0.0135688781738281
0.0221939086914062 -0.0984268188476563 -0.0478858947753906 0.00397109985351561
0.0460739135742188 -0.101997375488281 -0.0470542907714844 0.0254440307617187
0.0986862182617188 -0.104331970214844 -0.0190048217773437 0.0413475036621094
0.1331787109375 -0.0670700073242187 -0.0774688720703125 -0.101768493652344
0.087310791015625 -0.0503997802734375 0.00473403930664064 -0.0574302673339844
0.0729522705078125 -0.0742034912109375 0.0670089721679687 -0.0715560913085938
0.0296630859375 -0.0702285766601563 0.04962158203125 -0.10516357421875
0.00967407226562501 -0.0723342895507813 0.020965576171875 -0.104072570800781
-0.0298728942871094 -0.0577545166015625 -0.022369384765625 -0.0966033935546875
-0.059478759765625 -0.0371513366699219 -0.040435791015625 -0.0676002502441406
-0.0624656677246094 -0.0375709533691406 -0.0225410461425781 -0.0416374206542969
-0.07763671875 -0.0287628173828125 -0.0176773071289062 -0.0213584899902344
-0.0658531188964844 -0.0446548461914063 -0.0136089324951172 0.00389575958251953
-0.0520248413085937 -0.0767440795898437 -0.0212631225585938 0.0187664031982422
-0.0280838012695313 -0.09808349609375 -0.04449462890625 0.0125541687011719
0.0453567504882813 -0.11016845703125 -0.0418281555175781 -0.00966262817382814
0.0738601684570313 -0.101707458496094 -0.0293045043945312 -0.00748634338378907
0.125679016113281 -0.0892715454101562 0.0244083404541016 0.0116291046142578
0.145736694335938 -0.039398193359375 -0.0261917114257812 -0.119049072265625
0.117012023925781 -0.0367813110351563 0.040985107421875 -0.07550048828125
0.108329772949219 -0.0838775634765625 0.0829925537109375 -0.077117919921875
0.0492019653320313 -0.096282958984375 0.0579299926757812 -0.10015869140625
0.0168838500976563 -0.0973052978515625 0.029693603515625 -0.0878677368164063
-0.034881591796875 -0.0793533325195313 -0.00701904296875 -0.0754776000976563
-0.0665626525878906 -0.0555381774902344 -0.0140838623046875 -0.0513534545898438
-0.06427001953125 -0.0562095642089844 0.00495338439941406 -0.0299949645996094
-0.0783004760742188 -0.0478744506835938 0.00770378112792968 -0.0113582611083984
-0.0595970153808594 -0.0585136413574219 0.00584888458251953 0.0167026519775391
-0.0398330688476563 -0.0889358520507812 -0.00967597961425781 0.0276412963867187
-0.0119094848632813 -0.105079650878906 -0.0379219055175781 0.0125999450683594
0.0691986083984375 -0.1046142578125 -0.0357894897460938 -0.0192146301269531
0.096771240234375 -0.0824050903320313 -0.0107803344726562 -0.0356674194335938
0.137222290039063 -0.0581512451171875 0.0683670043945313 -0.0121994018554688
0.132453918457031 -0.00720977783203125 0.0224456787109375 -0.12677001953125
0.122596740722656 -0.0157394409179688 0.0720291137695313 -0.0907135009765625
0.1207275390625 -0.074493408203125 0.0872039794921875 -0.077301025390625
0.0581130981445313 -0.0993194580078125 0.0610122680664063 -0.0858306884765625
0.0211257934570313 -0.100921630859375 0.0374374389648438 -0.0634613037109375
-0.0322952270507812 -0.0848617553710938 0.0128593444824219 -0.04840087890625
-0.0621528625488281 -0.0642776489257813 0.0158977508544922 -0.0317344665527344
-0.0565376281738281 -0.0656700134277344 0.0301055908203125 -0.0139808654785156
-0.0680198669433594 -0.06121826171875 0.0306053161621094 0.00392723083496093
-0.0438613891601563 -0.0675582885742188 0.0205421447753906 0.0339794158935547
-0.019073486328125 -0.0917510986328125 -0.0017242431640625 0.0391807556152344
0.01220703125 -0.100196838378906 -0.0320720672607422 0.0163860321044922
0.0916824340820312 -0.0823822021484375 -0.027740478515625 -0.0219841003417969
0.111976623535156 -0.0474395751953125 0.0114479064941406 -0.0514640808105469
0.13128662109375 -0.0167236328125 0.109580993652344 -0.0226974487304687
0.096954345703125 0.0255889892578125 0.0574188232421875 -0.126838684082031
0.103874206542969 0.00901031494140625 0.0901412963867187 -0.099456787109375
0.109291076660156 -0.0481185913085938 0.08123779296875 -0.0710372924804688
0.0554580688476562 -0.0782089233398438 0.0589141845703125 -0.0648231506347656
0.0245590209960938 -0.0816116333007812 0.0428009033203125 -0.0370140075683594
-0.0201568603515625 -0.0749282836914062 0.0320301055908203 -0.0222873687744141
-0.0460662841796875 -0.0625267028808594 0.0426788330078125 -0.0122108459472656
-0.0413856506347656 -0.0654258728027344 0.051727294921875 0.003662109375
-0.0498542785644531 -0.0656852722167969 0.0486946105957031 0.0248870849609375
-0.02587890625 -0.0680427551269531 0.0278396606445312 0.0563621520996094
0.00232696533203126 -0.0847091674804688 0.000423431396484375 0.0550346374511719
0.0331268310546875 -0.0849380493164063 -0.0258197784423828 0.0245552062988281
0.103324890136719 -0.0504608154296875 -0.0174036026000977 -0.0154886245727539
0.113021850585938 -0.00572967529296875 0.0339622497558594 -0.0496788024902344
0.107269287109375 0.0276260375976563 0.143569946289062 -0.016510009765625
0.0481224060058594 0.0555267333984375 0.0734176635742187 -0.11767578125
0.0688552856445313 0.0352401733398438 0.09246826171875 -0.0979766845703125
0.0786514282226562 -0.0115737915039063 0.0683631896972656 -0.0580596923828125
0.0445709228515625 -0.0408859252929688 0.0561180114746094 -0.0434989929199219
0.0282211303710938 -0.0452537536621094 0.0457534790039063 -0.0159568786621094
-0.00043869018554687 -0.0520210266113281 0.046630859375 -0.00455856323242188
-0.0213356018066406 -0.0530357360839844 0.0603370666503906 0.0029449462890625
-0.0204010009765625 -0.0552635192871094 0.0644950866699219 0.0204925537109375
-0.027801513671875 -0.0596504211425781 0.060638427734375 0.046875
-0.0105972290039062 -0.0577392578125 0.0314559936523437 0.0783538818359375
0.0141067504882813 -0.0683708190917969 -0.000457763671874991 0.0721054077148438
0.0414009094238281 -0.0633125305175781 -0.0215263366699219 0.0390396118164062
0.09698486328125 -0.0205612182617187 -0.00989055633544921 0.00131320953369141
0.09613037109375 0.0311279296875 0.05133056640625 -0.0316734313964844
0.0672645568847656 0.06243896484375 0.163345336914063 0.0034027099609375
-0.0102691650390625 -0.0897903442382813 -0.165145874023438 -0.0157623291015625
-0.0588264465332031 -0.0361213684082031 -0.0592498779296875 0.0125198364257813
-0.0667228698730469 0.00923538208007813 0.0164852142333984 -0.0250225067138672
-0.0381851196289063 0.0419273376464844 0.0309371948242187 -0.065185546875
-0.0164947509765625 0.0394706726074219 0.0109024047851562 -0.0919876098632812
0.0019989013671875 0.0378913879394531 -0.0327224731445313 -0.100517272949219
0.00114059448242188 0.0364875793457031 -0.0745010375976563 -0.0686798095703125
-0.00819206237792969 0.0347957611083984 -0.0723724365234375 -0.0392532348632813
-0.0105323791503906 0.0344505310058594 -0.0657272338867187 -0.0149116516113281
-0.0199813842773438 0.0192432403564453 -0.0577507019042969 -0.00834655761718749
-0.0285415649414063 0.00966835021972657 -0.0527076721191406 0.00909042358398438
-0.0387611389160156 -0.00109863281249999 -0.058746337890625 0.0256538391113281
-0.0418548583984375 -0.0330810546875 -0.0681800842285156 0.0371437072753906
-0.0311241149902344 -0.060455322265625 -0.0843963623046875 0.080657958984375
0.00359344482421874 -0.0886383056640625 -0.0788803100585937 0.0975189208984375
0.0458908081054688 -0.0949630737304688 -0.154998779296875 -0.0468292236328125
-0.0128593444824219 -0.0477409362792969 -0.0507278442382812 -0.0128669738769531
-0.0271129608154297 -0.0183773040771484 0.0272750854492188 -0.0454368591308594
-0.0184707641601563 0.0104255676269531 0.0330352783203125 -0.084259033203125
-0.00743818283081055 0.00616312026977539 0.01202392578125 -0.103897094726563
-0.00791549682617188 0.00768709182739258 -0.0334701538085938 -0.109977722167969
-0.0213966369628906 0.013275146484375 -0.0728988647460938 -0.0776138305664063
-0.0313282012939453 0.0114593505859375 -0.0656814575195313 -0.0474281311035156
-0.0404281616210937 0.013153076171875 -0.0597152709960937 -0.0223503112792969
-0.0424728393554688 -0.00667190551757813 -0.0509796142578125 -0.00896453857421874
-0.0405311584472656 -0.028045654296875 -0.0485000610351563 0.0085906982421875
-0.0349388122558594 -0.0447921752929687 -0.0577850341796875 0.0170249938964844
-0.00541305541992188 -0.0689544677734375 -0.0582771301269531 0.0191116333007813
0.0110321044921875 -0.0853195190429688 -0.0680580139160156 0.0558395385742188
0.0567398071289062 -0.103706359863281 -0.055938720703125 0.0720138549804688
0.0974578857421875 -0.0871047973632812 -0.125930786132813 -0.0767669677734375
0.0401039123535156 -0.0527610778808594 -0.0280055999755859 -0.0349655151367188
0.0237503051757812 -0.0482635498046875 0.0472183227539063 -0.0618476867675781
0.0072174072265625 -0.0290927886962891 0.041229248046875 -0.100296020507813
0.00317955017089844 -0.0338497161865234 0.0151290893554688 -0.109878540039063
-0.0184669494628906 -0.0263957977294922 -0.0313568115234375 -0.10955810546875
-0.0425834655761719 -0.0135383605957031 -0.0618896484375 -0.0776748657226563
-0.0507049560546875 -0.0147056579589844 -0.048583984375 -0.0483894348144531
-0.063995361328125 -0.00869369506835938 -0.0427436828613281 -0.0241508483886719
-0.059326171875 -0.0286026000976563 -0.0357284545898438 -0.00397491455078125
-0.050750732421875 -0.0573692321777344 -0.0376319885253906 0.0138359069824219
-0.0336532592773437 -0.077850341796875 -0.0546035766601562 0.0140037536621094
0.022216796875 -0.0974884033203125 -0.0517311096191406 0.00253677368164062
0.0457839965820312 -0.101165771484375 -0.0496597290039063 0.0247383117675781
0.0988311767578125 -0.105545043945312 -0.019622802734375 0.0413436889648437
0.134536743164063 -0.0671768188476563 -0.0812530517578125 -0.100250244140625
0.0889663696289063 -0.0491485595703125 0.00477218627929688 -0.0543136596679688
0.073944091796875 -0.0736541748046875 0.068695068359375 -0.0718841552734375
0.0318222045898438 -0.0694465637207031 0.0515899658203125 -0.106010437011719
0.0113754272460937 -0.0723342895507813 0.0223236083984375 -0.105873107910156
-0.0284614562988281 -0.0591239929199219 -0.022735595703125 -0.0974807739257813
-0.0591316223144531 -0.0382919311523437 -0.0416641235351562 -0.0684738159179688
-0.0619583129882812 -0.0388221740722656 -0.0237388610839844 -0.0422477722167969
-0.077880859375 -0.0293731689453125 -0.01947021484375 -0.0203495025634766
-0.0648612976074219 -0.0460929870605469 -0.0156955718994141 0.00492286682128906
-0.0511245727539063 -0.077545166015625 -0.0244426727294922 0.0205574035644531
-0.0275802612304688 -0.098388671875 -0.0493278503417969 0.0137557983398438
0.0462646484375 -0.110580444335938 -0.0464096069335938 -0.0104446411132813
0.0740890502929688 -0.10101318359375 -0.0319042205810547 -0.00838088989257814
0.126800537109375 -0.0904159545898438 0.0231227874755859 0.0111465454101562
0.148422241210938 -0.0397491455078125 -0.0295486450195313 -0.117027282714844
0.119407653808594 -0.0359573364257813 0.0409774780273438 -0.0727157592773438
0.109947204589844 -0.0854034423828125 0.0846939086914063 -0.0770721435546875
0.0500869750976563 -0.0964584350585938 0.0592041015625 -0.100868225097656
0.016845703125 -0.0991973876953125 0.0306930541992188 -0.08941650390625
-0.034454345703125 -0.0804519653320313 -0.00711822509765626 -0.075103759765625
-0.0665550231933594 -0.0563812255859375 -0.0144882202148438 -0.0510902404785156
-0.0649909973144531 -0.0571823120117188 0.00358009338378906 -0.0302104949951172
-0.0789031982421875 -0.048370361328125 0.00648498535156249 -0.0101728439331055
-0.0587844848632813 -0.0596237182617188 0.00396728515625 0.0186653137207031
-0.0400772094726563 -0.0893478393554688 -0.0123577117919922 0.0300998687744141
-0.0119247436523437 -0.106307983398437 -0.0429954528808594 0.0147361755371094
0.0702972412109375 -0.105857849121094 -0.0404624938964844 -0.0198593139648438
0.0980682373046875 -0.0823211669921875 -0.0139846801757812 -0.0365867614746094
0.139625549316406 -0.0593338012695312 0.0681533813476563 -0.012908935546875
0.135734558105469 -0.00775909423828125 0.0200881958007813 -0.126068115234375
0.125595092773438 -0.016021728515625 0.0721817016601563 -0.0887680053710938
0.123664855957031 -0.0773773193359375 0.0903854370117188 -0.077362060546875
0.0587387084960938 -0.100372314453125 0.0622787475585938 -0.086151123046875
0.0211944580078125 -0.102874755859375 0.0381927490234375 -0.0637245178222656
-0.0324249267578125 -0.0865020751953125 0.0128440856933594 -0.0475425720214844
-0.0627593994140625 -0.0644454956054688 0.0154972076416016 -0.0312061309814453
-0.057861328125 -0.0658988952636719 0.0297031402587891 -0.0140552520751953
-0.0691070556640625 -0.0610771179199219 0.0298290252685547 0.00629615783691406
-0.0439796447753906 -0.0678749084472656 0.0190544128417969 0.0367240905761719
-0.01953125 -0.0921096801757813 -0.00494766235351562 0.0422096252441406
0.0124435424804688 -0.101654052734375 -0.0360641479492188 0.0180015563964844
0.0928192138671875 -0.0839385986328125 -0.0324115753173828 -0.0230770111083984
0.114181518554688 -0.0478363037109375 0.00850296020507813 -0.0529136657714844
0.134574890136719 -0.0174179077148438 0.109809875488281 -0.0232162475585937
0.100570678710938 0.025421142578125 0.0564727783203125 -0.126083374023437
0.107940673828125 0.00884246826171875 0.090423583984375 -0.0976638793945312
0.111968994140625 -0.0519561767578125 0.0837554931640625 -0.0711746215820313
0.0555191040039063 -0.0807723999023438 0.0601005554199219 -0.0649871826171875
0.0237197875976563 -0.0839157104492188 0.0446319580078125 -0.0372047424316406
-0.0217056274414062 -0.0749969482421875 0.0329971313476563 -0.0218887329101563
-0.0471878051757813 -0.06170654296875 0.0422821044921875 -0.0120124816894531
-0.0426216125488281 -0.0649528503417969 0.0515022277832031 0.003631591796875
-0.0510520935058594 -0.0649642944335938 0.0486259460449219 0.0272445678710938
-0.02593994140625 -0.0681037902832031 0.0272636413574219 0.0594749450683594
0.000938415527343748 -0.0850448608398437 -0.00221633911132812 0.0579261779785156
0.0326766967773438 -0.0867080688476563 -0.0302562713623047 0.0261058807373047
0.10516357421875 -0.052642822265625 -0.021026611328125 -0.0161895751953125
0.115707397460937 -0.00695037841796875 0.0317916870117188 -0.05084228515625
0.110870361328125 0.0270156860351562 0.144439697265625 -0.0172576904296875
0.0511932373046875 0.0549850463867188 0.0738754272460938 -0.117034912109375
0.0718917846679688 0.033905029296875 0.0932388305664062 -0.0971298217773438
0.081268310546875 -0.01458740234375 0.0703201293945313 -0.0573196411132813
0.0435867309570313 -0.0427932739257813 0.05810546875 -0.0435523986816406
0.027069091796875 -0.0470428466796875 0.0473594665527344 -0.016571044921875
-0.00241851806640625 -0.0521163940429688 0.0472068786621094 -0.004241943359375
-0.0230636596679688 -0.0512580871582031 0.0609588623046875 0.0030670166015625
-0.02191162109375 -0.0542488098144531 0.0645256042480469 0.0206069946289063
-0.02911376953125 -0.0586128234863281 0.0606193542480469 0.0485382080078125
-0.0115432739257813 -0.0567703247070313 0.0309219360351563 0.0812835693359375
0.0123863220214844 -0.0685691833496094 -0.0023651123046875 0.0745391845703125
0.0403480529785156 -0.0649642944335938 -0.0254135131835937 0.040069580078125
0.0981216430664062 -0.0235443115234375 -0.0128450393676758 0.00105667114257812
0.0987167358398438 0.0296630859375 0.0493316650390625 -0.0330696105957031
0.07073974609375 0.062652587890625 0.166168212890625 0.003814697265625
-0.0156173706054688 -0.0901718139648438 -0.17010498046875 -0.01171875
-0.0619697570800781 -0.0328559875488281 -0.0581398010253906 0.0149917602539062
-0.0675315856933594 0.0135383605957031 0.0181102752685547 -0.0251007080078125
-0.0352058410644531 0.0451736450195312 0.0326194763183594 -0.0676460266113281
-0.0131034851074219 0.0408248901367188 0.0107269287109375 -0.0955657958984375
0.00485992431640625 0.0366592407226563 -0.0349502563476563 -0.104560852050781
0.00341606140136718 0.0350990295410156 -0.0780487060546875 -0.0697479248046875
-0.0063934326171875 0.0348243713378906 -0.0752182006835938 -0.0390090942382812
-0.00903511047363282 0.0343284606933594 -0.0681114196777344 -0.0142631530761719
-0.0190048217773437 0.0186347961425781 -0.0610466003417969 -0.00754165649414061
-0.0269126892089844 0.010284423828125 -0.0562782287597656 0.01129150390625
-0.0388870239257813 0.00164413452148438 -0.0612831115722656 0.0269851684570312
-0.0438804626464844 -0.0302963256835937 -0.0705108642578125 0.0366287231445313
-0.0346717834472656 -0.0588340759277344 -0.0854873657226563 0.0830230712890625
-0.00153350830078126 -0.0899887084960938 -0.0784683227539063 0.100669860839844
0.0423126220703125 -0.0972976684570313 -0.16094970703125 -0.04345703125
-0.0148239135742187 -0.0461196899414062 -0.0508308410644531 -0.00991821289062501
-0.0265007019042969 -0.0149707794189453 0.0289573669433594 -0.0464668273925781
-0.0153522491455078 0.0128955841064453 0.0337371826171875 -0.0871810913085938
-0.00468349456787109 0.0070185661315918 0.0112533569335938 -0.107414245605469
-0.00562572479248047 0.00630807876586914 -0.0360641479492188 -0.11334228515625
-0.0207176208496094 0.011962890625 -0.0760574340820313 -0.0788192749023437
-0.0305137634277344 0.0107555389404297 -0.0685997009277344 -0.0467338562011719
-0.0397377014160156 0.0133399963378906 -0.062530517578125 -0.0215110778808594
-0.0422821044921875 -0.007354736328125 -0.0545730590820313 -0.00770950317382814
-0.0396652221679687 -0.0279617309570313 -0.0516929626464844 0.0106353759765625
-0.035186767578125 -0.0437507629394531 -0.0615959167480469 0.0192489624023437
-0.00772857666015624 -0.0682563781738281 -0.0620765686035156 0.0185585021972656
0.0082244873046875 -0.08502197265625 -0.0698623657226563 0.0578460693359375
0.0527877807617187 -0.106941223144531 -0.0562057495117187 0.0743942260742188
0.0964813232421875 -0.0900344848632813 -0.132408142089844 -0.073822021484375
0.0397415161132813 -0.0518302917480469 -0.0285930633544922 -0.0323848724365234
0.0236854553222656 -0.0469932556152344 0.0486221313476563 -0.0639495849609375
0.00907325744628906 -0.0277328491210938 0.0411224365234375 -0.102935791015625
0.00478553771972656 -0.0342311859130859 0.0144424438476562 -0.113578796386719
-0.0172290802001953 -0.0283203125 -0.0336990356445313 -0.111885070800781
-0.0424919128417969 -0.0145034790039063 -0.0653228759765625 -0.0782699584960938
-0.0507583618164063 -0.0154495239257813 -0.0514984130859375 -0.0481719970703125
-0.064849853515625 -0.00852584838867187 -0.0460472106933594 -0.0227241516113281
-0.0596160888671875 -0.0289230346679687 -0.0387382507324219 -0.00199127197265625
-0.0509605407714844 -0.058135986328125 -0.0412063598632812 0.0163536071777344
-0.0349349975585938 -0.0787734985351563 -0.0589370727539062 0.0170211791992188
0.0209426879882812 -0.099029541015625 -0.0560302734375 0.00289154052734374
0.0441207885742188 -0.101898193359375 -0.0529022216796875 0.0258407592773437
0.0974960327148437 -0.109352111816406 -0.0209693908691406 0.0424346923828125
0.135406494140625 -0.0712966918945313 -0.0877227783203125 -0.0989151000976562
0.0898361206054687 -0.0497360229492187 0.00437164306640626 -0.0525932312011719
0.074249267578125 -0.0759124755859375 0.0706939697265625 -0.074920654296875
0.0331764221191406 -0.069793701171875 0.0517349243164063 -0.109695434570313
0.0113677978515625 -0.0747146606445313 0.0203399658203125 -0.108848571777344
-0.0289764404296875 -0.0606613159179688 -0.025665283203125 -0.0994033813476563
-0.0595436096191406 -0.0388679504394531 -0.04449462890625 -0.0685539245605469
-0.0637397766113281 -0.0393180847167969 -0.02667236328125 -0.0423698425292969
-0.0796737670898438 -0.0295257568359375 -0.0219326019287109 -0.0191135406494141
-0.066192626953125 -0.0468254089355469 -0.0175676345825195 0.00726699829101562
-0.05291748046875 -0.0784378051757813 -0.0274066925048828 0.0237445831298828
-0.0300674438476563 -0.100502014160156 -0.0546417236328125 0.0164222717285156
0.0454940795898438 -0.114341735839844 -0.051971435546875 -0.0102615356445313
0.0741348266601563 -0.103683471679688 -0.0361595153808594 -0.00817108154296875
0.1280517578125 -0.0952987670898438 0.0225372314453125 0.010772705078125
0.151702880859375 -0.0438995361328125 -0.0350494384765625 -0.116371154785156
0.122604370117188 -0.038299560546875 0.0406570434570313 -0.0723037719726563
0.111686706542969 -0.0901718139648438 0.0862655639648437 -0.08111572265625
0.0506591796875 -0.0990829467773438 0.0596084594726563 -0.104621887207031
0.0156784057617188 -0.1021728515625 0.0296554565429687 -0.0919036865234375
-0.0360946655273438 -0.0821151733398437 -0.00907897949218749 -0.0761947631835938
-0.06854248046875 -0.0566902160644531 -0.0172271728515625 -0.05133056640625
-0.0674476623535156 -0.0567131042480469 0.00174903869628906 -0.0308151245117188
-0.0817031860351563 -0.0472946166992187 0.00485610961914062 -0.00877523422241211
-0.0610618591308594 -0.0604057312011719 0.00237464904785156 0.0211772918701172
-0.0418472290039063 -0.0905380249023437 -0.0148849487304688 0.03314208984375
-0.0136795043945312 -0.108322143554687 -0.0479469299316406 0.0177764892578125
0.070709228515625 -0.11065673828125 -0.0458221435546875 -0.0191078186035156
0.0991363525390625 -0.0858688354492188 -0.0177879333496094 -0.0374488830566406
0.142257690429688 -0.063690185546875 0.0684356689453125 -0.0146827697753906
0.140701293945313 -0.0111236572265625 0.0157012939453125 -0.126327514648438
0.130409240722656 -0.0182723999023438 0.0716552734375 -0.0890960693359375
0.126129150390625 -0.082855224609375 0.0912551879882813 -0.0817794799804688
0.0580902099609375 -0.104515075683594 0.0621719360351563 -0.089385986328125
0.0189208984375 -0.107063293457031 0.0384674072265625 -0.0667152404785156
-0.0348281860351563 -0.0876235961914063 0.0118217468261719 -0.0481948852539063
-0.0655288696289063 -0.0638236999511719 0.0142593383789062 -0.0315265655517578
-0.0615005493164062 -0.0664253234863281 0.0291461944580078 -0.0147552490234375
-0.0720596313476562 -0.06036376953125 0.0296478271484375 0.00744056701660156
-0.0457916259765625 -0.0687904357910156 0.0186195373535156 0.0397796630859375
-0.0217666625976563 -0.0941543579101563 -0.00679779052734375 0.0456390380859375
0.00995635986328124 -0.104515075683594 -0.0408477783203125 0.0215682983398437
0.0937881469726563 -0.0890655517578125 -0.0367164611816406 -0.022064208984375
0.117324829101562 -0.0516204833984375 0.00503158569335938 -0.0538482666015625
0.139274597167969 -0.0207595825195313 0.111946105957031 -0.0266494750976562
0.106330871582031 0.0226364135742187 0.0529861450195313 -0.127838134765625
0.113571166992188 0.00574493408203125 0.0897140502929688 -0.0993194580078125
0.114128112792969 -0.0579071044921875 0.0856475830078125 -0.0740432739257813
0.054931640625 -0.0846710205078125 0.0611076354980469 -0.0675086975097656
0.0212173461914063 -0.0873947143554688 0.0450820922851562 -0.0394630432128906
-0.0244598388671875 -0.0765151977539062 0.0329341888427734 -0.0225410461425781
-0.0504150390625 -0.0611038208007812 0.0427284240722656 -0.0129280090332031
-0.0457572937011719 -0.064849853515625 0.0520248413085938 0.00296401977539062
-0.0549774169921875 -0.0644454956054687 0.0500297546386719 0.0280075073242187
-0.0282211303710938 -0.0677490234375 0.02850341796875 0.0624427795410156
-0.0016326904296875 -0.0869598388671875 -0.00366973876953125 0.0619010925292969
0.03131103515625 -0.089935302734375 -0.0335540771484375 0.0291213989257812
0.106948852539063 -0.0581130981445313 -0.0255203247070312 -0.0162105560302734
0.119712829589844 -0.0107955932617188 0.0294189453125 -0.0532760620117188
0.116325378417969 0.0243759155273438 0.146804809570313 -0.02130126953125
0.0567588806152344 0.0543251037597656 0.0717849731445313 -0.119880676269531
0.0763778686523438 0.0315170288085938 0.0928192138671875 -0.0988998413085938
0.083709716796875 -0.02032470703125 0.0732955932617187 -0.05963134765625
0.0428047180175781 -0.04669189453125 0.0594940185546875 -0.0447921752929688
0.0244598388671875 -0.0499610900878906 0.0497322082519531 -0.0176353454589844
-0.00448226928710937 -0.0525321960449219 0.0490074157714844 -0.00496292114257813
-0.0257682800292969 -0.0502738952636719 0.0624961853027344 0.00212478637695312
-0.0249176025390625 -0.0539779663085938 0.0661430358886719 0.019805908203125
-0.0325698852539063 -0.0576515197753906 0.063262939453125 0.0500335693359375
-0.0135040283203125 -0.0565986633300781 0.03265380859375 0.0845413208007813
0.00925445556640625 -0.0699501037597656 -0.0023345947265625 0.0782318115234375
0.0382003784179688 -0.0681304931640625 -0.0280532836914063 0.0428733825683594
0.100173950195312 -0.0287246704101563 -0.0156974792480469 0.00079250335693359
0.103256225585938 0.0252761840820313 0.0483207702636719 -0.0355224609375
0.0757293701171875 0.061767578125 0.170074462890625 -0.001068115234375
-0.0228042602539062 -0.0891952514648438 -0.172958374023437 -0.00361633300781247
-0.0647544860839844 -0.0283355712890625 -0.0569992065429688 0.0186996459960937
-0.0666084289550781 0.0196952819824219 0.0194854736328125 -0.0252590179443359
-0.0309257507324219 0.0485115051269531 0.0317230224609375 -0.0705413818359375
-0.00881576538085938 0.0421218872070313 0.00849151611328124 -0.098480224609375
0.00771713256835937 0.0351524353027344 -0.0391006469726562 -0.106788635253906
0.0054473876953125 0.0333652496337891 -0.0821914672851563 -0.0684967041015625
-0.00431060791015625 0.0343589782714844 -0.0782241821289062 -0.0359344482421875
-0.00682830810546875 0.0338287353515625 -0.0712127685546875 -0.01190185546875
-0.0178337097167969 0.0187492370605469 -0.0641708374023438 -0.00484466552734375
-0.025177001953125 0.0114231109619141 -0.0589866638183594 0.0145950317382813
-0.0375328063964844 0.00476455688476562 -0.0634727478027344 0.0302848815917969
-0.0462226867675781 -0.0260391235351562 -0.072021484375 0.0385971069335938
-0.0388336181640625 -0.0557098388671875 -0.084503173828125 0.0864028930664063
-0.008026123046875 -0.090240478515625 -0.075531005859375 0.104713439941406
0.0361862182617187 -0.0984344482421875 -0.165237426757813 -0.0354766845703125
-0.0173873901367187 -0.0436935424804688 -0.050262451171875 -0.00682449340820312
-0.0267429351806641 -0.0111942291259766 0.0286331176757812 -0.047882080078125
-0.0119647979736328 0.0155620574951172 0.0321502685546875 -0.0900115966796875
-0.0010685920715332 0.00696468353271484 0.00856018066406251 -0.10980224609375
-0.00398349761962891 0.00468921661376953 -0.0409927368164063 -0.114578247070313
-0.0195541381835938 0.0108299255371094 -0.08099365234375 -0.0769729614257812
-0.0295848846435547 0.0107231140136719 -0.0725173950195313 -0.0442276000976563
-0.0388679504394531 0.0141944885253906 -0.0660781860351563 -0.0178146362304687
-0.0423545837402344 -0.00728607177734375 -0.0578155517578125 -0.00495529174804686
-0.040252685546875 -0.0273780822753906 -0.0544090270996094 0.014404296875
-0.0360984802246094 -0.0418357849121094 -0.0643501281738281 0.0225143432617187
-0.00961303710937501 -0.0669822692871094 -0.0649070739746094 0.0200386047363281
0.00457000732421876 -0.0843582153320313 -0.07061767578125 0.0606689453125
0.0473709106445313 -0.109542846679688 -0.0545120239257813 0.0771408081054687
0.092681884765625 -0.0946197509765625 -0.138923645019531 -0.0663909912109375
0.0380935668945313 -0.051788330078125 -0.0292034149169922 -0.0295066833496094
0.0233802795410156 -0.0462875366210938 0.0475921630859375 -0.0665206909179688
0.0108833312988281 -0.0268268585205078 0.038604736328125 -0.106094360351563
0.00569915771484375 -0.0349788665771484 0.0104904174804688 -0.115928649902344
-0.01678466796875 -0.0297660827636719 -0.0392532348632813 -0.112960815429688
-0.0428085327148438 -0.0148200988769531 -0.0699005126953125 -0.0763778686523438
-0.0512886047363281 -0.0143775939941406 -0.0553741455078125 -0.0461006164550781
-0.0651130676269531 -0.00694656372070312 -0.04901123046875 -0.0200157165527344
-0.0604171752929688 -0.0283279418945313 -0.0413818359375 0.000839233398437496
-0.0525169372558594 -0.05755615234375 -0.0439529418945313 0.020233154296875
-0.0377273559570313 -0.0775909423828125 -0.0628585815429688 0.0214500427246094
0.0182571411132812 -0.0997772216796875 -0.0607261657714844 0.00463867187499999
0.0405502319335938 -0.103622436523438 -0.0548667907714844 0.0277328491210937
0.0931854248046875 -0.11572265625 -0.0201988220214844 0.0436592102050781
0.134292602539063 -0.07769775390625 -0.095550537109375 -0.0927810668945313
0.089630126953125 -0.0524063110351563 0.00284957885742188 -0.0504951477050781
0.0731964111328125 -0.0791397094726562 0.0689773559570313 -0.0794754028320313
0.032470703125 -0.0710983276367188 0.048583984375 -0.113700866699219
0.00984954833984376 -0.0767669677734375 0.0170516967773438 -0.111709594726563
-0.0302963256835938 -0.0616035461425781 -0.02972412109375 -0.0995712280273437
-0.0613174438476563 -0.0382194519042969 -0.0488815307617187 -0.0671653747558594
-0.0660591125488281 -0.0380744934082031 -0.0298194885253906 -0.0412101745605469
-0.0809097290039063 -0.0270004272460937 -0.0243682861328125 -0.0164642333984375
-0.0680961608886719 -0.0459861755371094 -0.0200729370117188 0.00988197326660156
-0.0557937622070313 -0.0780181884765625 -0.0295467376708984 0.0272541046142578
-0.0336456298828125 -0.0999755859375 -0.0580863952636719 0.0211563110351562
0.0425796508789063 -0.116996765136719 -0.0569953918457031 -0.00808715820312501
0.0718841552734375 -0.106658935546875 -0.0398368835449219 -0.00732803344726563
0.126472473144531 -0.102455139160156 0.0225505828857422 0.00911521911621093
0.152603149414063 -0.051055908203125 -0.0425491333007813 -0.113311767578125
0.124687194824219 -0.0430908203125 0.038360595703125 -0.0708999633789063
0.110626220703125 -0.096527099609375 0.0848388671875 -0.0860671997070313
0.0487289428710937 -0.102424621582031 0.0568008422851563 -0.108757019042969
0.0118179321289063 -0.105270385742188 0.0266494750976563 -0.0948867797851563
-0.0395965576171875 -0.0824813842773438 -0.0123367309570312 -0.0761871337890625
-0.0710601806640625 -0.0548782348632812 -0.0201187133789063 -0.051025390625
-0.0706253051757813 -0.0554733276367188 -0.000825881958007814 -0.0305023193359375
-0.0844192504882813 -0.0449295043945312 0.00369644165039062 -0.00707483291625977
-0.0633964538574219 -0.0594215393066406 0.00214004516601562 0.0235881805419922
-0.0455093383789062 -0.0907363891601563 -0.0165138244628906 0.0371131896972656
-0.018218994140625 -0.10968017578125 -0.0514755249023438 0.0230293273925781
0.0680313110351563 -0.11529541015625 -0.0515022277832031 -0.0173110961914062
0.0985031127929688 -0.0908889770507813 -0.0226478576660156 -0.0371131896972656
0.143508911132812 -0.0718841552734375 0.0679397583007813 -0.0181083679199219
0.144332885742188 -0.018310546875 0.00817108154296877 -0.12579345703125
0.133918762207031 -0.0242996215820313 0.069549560546875 -0.0900192260742188
0.12506103515625 -0.0917434692382813 0.09033203125 -0.0863037109375
0.0555648803710938 -0.10870361328125 0.0605850219726563 -0.0928573608398438
0.0137252807617188 -0.110214233398438 0.0361137390136719 -0.0694236755371094
-0.0392303466796875 -0.0874481201171875 0.0104026794433594 -0.04840087890625
-0.0679168701171875 -0.0616836547851563 0.0125656127929688 -0.0318260192871094
-0.0653305053710938 -0.0639457702636719 0.0274600982666016 -0.0160083770751953
-0.07598876953125 -0.0571212768554688 0.0298595428466797 0.00823593139648437
-0.048919677734375 -0.0677986145019531 0.0199775695800781 0.0418510437011719
-0.0260391235351563 -0.0943832397460938 -0.00723648071289063 0.0496101379394531
0.00540924072265624 -0.107078552246094 -0.0441665649414063 0.0260505676269531
0.0926513671875 -0.0954360961914063 -0.0421295166015625 -0.020355224609375
0.117469787597656 -0.0577545166015625 -0.00018692016601562 -0.0551719665527344
0.1424560546875 -0.0276031494140625 0.111679077148438 -0.03216552734375
0.111602783203125 0.017364501953125 0.0474395751953125 -0.129470825195313
0.117340087890625 0.0002899169921875 0.0876846313476563 -0.101791381835938
0.114341735839844 -0.0670089721679688 0.084320068359375 -0.079132080078125
0.0514678955078125 -0.089599609375 0.0602569580078125 -0.0712966918945312
0.0161361694335938 -0.0904083251953125 0.0448036193847656 -0.0416755676269531
-0.02899169921875 -0.07647705078125 0.0333900451660156 -0.0231380462646484
-0.0537834167480469 -0.0585670471191406 0.0422897338867188 -0.0144424438476563
-0.0501899719238281 -0.0629539489746094 0.0516166687011719 0.000904083251953121
-0.0588607788085937 -0.0617103576660156 0.0514640808105469 0.0284690856933594
-0.031463623046875 -0.0675086975097656 0.0310211181640625 0.0651130676269531
-0.00582885742187501 -0.0870208740234375 -0.00327301025390624 0.0654754638671875
0.0263519287109375 -0.0926742553710938 -0.0369300842285156 0.0332870483398437
0.106483459472656 -0.0657272338867188 -0.0292854309082031 -0.0152797698974609
0.121841430664063 -0.0168914794921875 0.0254096984863281 -0.0551795959472656
0.121696472167969 0.0188217163085938 0.148590087890625 -0.0280914306640625
0.0623855590820313 0.0518074035644531 0.0676651000976563 -0.122688293457031
0.08221435546875 0.027679443359375 0.0908966064453125 -0.101982116699219
0.0842437744140625 -0.0272750854492187 0.0730972290039063 -0.0629730224609375
0.0404052734375 -0.0497817993164063 0.0603294372558594 -0.0479736328125
0.0211143493652344 -0.0524978637695313 0.0508079528808594 -0.020172119140625
-0.00827789306640625 -0.0525856018066406 0.0504188537597656 -0.00579833984375
-0.0282745361328125 -0.047821044921875 0.0631828308105469 -0.000118255615234378
-0.0282478332519531 -0.0520401000976563 0.067718505859375 0.0172080993652344
-0.0368003845214844 -0.0551605224609375 0.0667533874511719 0.0494232177734375
-0.0168228149414062 -0.0561676025390625 0.0367813110351563 0.0869598388671875
0.00495910644531251 -0.0697555541992188 -0.00168609619140624 0.0822601318359375
0.033935546875 -0.0711822509765625 -0.0294532775878906 0.0463829040527344
0.100021362304687 -0.0357437133789063 -0.0189380645751953 0.00135421752929687
0.106964111328125 0.0196075439453125 0.0454559326171875 -0.0387725830078125
0.0822601318359375 0.0584869384765625 0.173187255859375 -0.008514404296875
-0.0293350219726563 -0.084625244140625 -0.172073364257812 0.00456237792968747
-0.0657463073730469 -0.0226783752441406 -0.0538749694824219 0.020904541015625
-0.0636405944824219 0.0253334045410156 0.0200080871582031 -0.0253028869628906
-0.0258255004882813 0.0502204895019531 0.0303421020507812 -0.0717086791992188
-0.0040283203125 0.0412712097167969 0.0055694580078125 -0.0991058349609375
0.00996780395507812 0.0321025848388672 -0.0434494018554688 -0.10626220703125
0.00709342956542969 0.0307674407958984 -0.084808349609375 -0.064666748046875
-0.00208091735839844 0.0333442687988281 -0.0791702270507813 -0.0321197509765625
-0.00442886352539062 0.0321979522705078 -0.0716400146484375 -0.00777435302734376
-0.0160121917724609 0.0181159973144531 -0.0648956298828125 -0.00144195556640626
-0.0228538513183594 0.0118827819824219 -0.0593643188476562 0.0174407958984375
-0.0349292755126953 0.00765609741210937 -0.0631980895996094 0.0321617126464844
-0.0464286804199219 -0.0212020874023438 -0.0721282958984375 0.0398788452148438
-0.0413589477539063 -0.0513458251953125 -0.081268310546875 0.0881423950195313
-0.0142059326171875 -0.08740234375 -0.0707855224609375 0.105918884277344
0.0294189453125 -0.0968093872070313 -0.166229248046875 -0.0258026123046875
-0.0193901062011719 -0.0398521423339844 -0.0486335754394531 -0.00368118286132812
-0.0254917144775391 -0.00722312927246094 0.0276527404785156 -0.04833984375
-0.00804615020751953 0.0170783996582031 0.0294265747070313 -0.09075927734375
0.00193691253662109 0.00632429122924805 0.00452423095703125 -0.110099792480469
-0.00245213508605957 0.00291728973388672 -0.045562744140625 -0.11297607421875
-0.0181999206542969 0.00936508178710938 -0.0842208862304687 -0.0730972290039063
-0.0282058715820312 0.0107021331787109 -0.0742111206054687 -0.040374755859375
-0.0371017456054688 0.0143852233886719 -0.0675201416015625 -0.0137863159179687
-0.0414657592773438 -0.00649642944335937 -0.0592041015625 -0.00140762329101562
-0.0391120910644531 -0.0264434814453125 -0.0555191040039063 0.0180130004882812
-0.03607177734375 -0.0392341613769531 -0.0659751892089844 0.0258026123046875
-0.0123100280761719 -0.0640220642089844 -0.0670318603515625 0.0214576721191406
0.000297546386718742 -0.0816879272460938 -0.0690803527832031 0.0622978210449219
0.0402450561523437 -0.109832763671875 -0.0518035888671875 0.0780868530273438
0.0856399536132812 -0.0960235595703125 -0.14166259765625 -0.0569610595703125
0.0359382629394531 -0.0504302978515625 -0.0286598205566406 -0.0259361267089844
0.022125244140625 -0.0448951721191406 0.0453071594238281 -0.0674629211425781
0.0123462677001953 -0.02618408203125 0.035064697265625 -0.107330322265625
0.00622940063476562 -0.0353775024414063 0.00620269775390624 -0.115631103515625
-0.0166873931884766 -0.0300617218017578 -0.0435714721679687 -0.110443115234375
-0.0422401428222656 -0.0144081115722656 -0.0735092163085938 -0.0723342895507813
-0.0511436462402344 -0.0135421752929687 -0.0579681396484375 -0.0425529479980469
-0.06390380859375 -0.00483703613281249 -0.0507164001464844 -0.0158500671386719
-0.0605888366699219 -0.0271644592285156 -0.0429420471191406 0.00366592407226563
-0.0533599853515625 -0.0557403564453125 -0.0444450378417969 0.0238037109375
-0.0391464233398437 -0.0751419067382813 -0.0643463134765625 0.0254440307617187
0.01434326171875 -0.0988616943359375 -0.0638313293457031 0.00659942626953125
0.036102294921875 -0.103065490722656 -0.0552978515625 0.0301246643066406
0.0863494873046875 -0.117950439453125 -0.0190162658691406 0.0432815551757812
0.129302978515625 -0.0819625854492188 -0.100166320800781 -0.0842056274414063
0.0875167846679688 -0.0538101196289063 0.00164794921875 -0.0473976135253906
0.070159912109375 -0.0807723999023437 0.0657958984375 -0.0811538696289063
0.0317535400390625 -0.0712814331054688 0.0439376831054687 -0.114578247070313
0.007659912109375 -0.0766525268554688 0.0121688842773438 -0.111343383789063
-0.0314788818359375 -0.0605278015136719 -0.033935546875 -0.0970001220703125
-0.0617752075195313 -0.036346435546875 -0.0524101257324219 -0.063507080078125
-0.0667915344238281 -0.0358772277832031 -0.0329322814941406 -0.0392494201660156
-0.0812530517578125 -0.0242156982421875 -0.0255146026611328 -0.0134410858154297
-0.0685882568359375 -0.0437278747558594 -0.0204105377197266 0.0126857757568359
-0.0571975708007812 -0.0756378173828125 -0.0303325653076172 0.0311641693115234
-0.0367202758789062 -0.0977859497070313 -0.0596504211425781 0.0264053344726562
0.0381622314453125 -0.117538452148438 -0.0608139038085937 -0.00633621215820312
0.066741943359375 -0.107872009277344 -0.0423622131347656 -0.00571060180664063
0.120330810546875 -0.10699462890625 0.0214729309082031 0.00798988342285156
0.149703979492188 -0.0575103759765625 -0.0490341186523437 -0.106498718261719
0.123664855957031 -0.046875 0.0361442565917969 -0.0693168640136719
0.1058349609375 -0.101249694824219 0.080963134765625 -0.0892333984375
0.044891357421875 -0.103538513183594 0.05230712890625 -0.110580444335938
0.00776672363281251 -0.105323791503906 0.02252197265625 -0.09539794921875
-0.0414962768554688 -0.0806503295898437 -0.0148468017578125 -0.0743942260742188
-0.0716934204101563 -0.0516281127929687 -0.0227775573730469 -0.0486640930175781
-0.0729598999023438 -0.0523300170898437 -0.0033111572265625 -0.0293827056884766
-0.0853805541992188 -0.0408248901367187 0.00291204452514648 -0.00597953796386719
-0.0648231506347656 -0.0571174621582031 0.00266075134277343 0.025543212890625
-0.048614501953125 -0.0880508422851563 -0.0172157287597656 0.0400962829589844
-0.022705078125 -0.107627868652344 -0.053375244140625 0.0279197692871094
0.063690185546875 -0.117889404296875 -0.0551681518554687 -0.0148468017578125
0.0947647094726563 -0.0934906005859375 -0.0266151428222656 -0.0356712341308594
0.139495849609375 -0.0776748657226563 0.0648384094238281 -0.0217933654785156
0.143890380859375 -0.025421142578125 0.00150299072265626 -0.121315002441406
0.133995056152344 -0.0298080444335938 0.0659637451171875 -0.0889663696289063
0.120529174804688 -0.0986404418945312 0.0858306884765625 -0.08966064453125
0.0506439208984375 -0.11090087890625 0.0565719604492188 -0.09515380859375
0.00865936279296875 -0.110786437988281 0.0337409973144531 -0.0698585510253906
-0.0421600341796875 -0.0854949951171875 0.00894927978515625 -0.0474624633789063
-0.0700416564941406 -0.057586669921875 0.0107345581054687 -0.0311164855957031
-0.0677909851074219 -0.0612525939941406 0.0256233215332031 -0.0161590576171875
-0.0779647827148438 -0.0525436401367188 0.0293445587158203 0.00841712951660156
-0.0507354736328125 -0.0657501220703125 0.021087646484375 0.0435028076171875
-0.0297012329101563 -0.0918502807617188 -0.0071563720703125 0.0528907775878906
0.000587463378906254 -0.105941772460937 -0.0457000732421875 0.0308265686035156
0.0887298583984375 -0.100120544433594 -0.0461540222167969 -0.0185165405273438
0.115226745605469 -0.062744140625 -0.00516510009765624 -0.0545501708984375
0.141281127929688 -0.0348968505859375 0.107681274414063 -0.0370941162109375
0.11383056640625 0.0111007690429687 0.0402755737304688 -0.127532958984375
0.118606567382813 -0.00585174560546875 0.08282470703125 -0.101669311523438
0.110633850097656 -0.0738906860351563 0.0811004638671875 -0.0817642211914063
0.0465164184570313 -0.0918350219726562 0.0578155517578125 -0.0726165771484375
0.0110855102539063 -0.0912094116210938 0.0431671142578125 -0.0432395935058594
-0.032318115234375 -0.0739669799804688 0.0328350067138672 -0.0235576629638672
-0.0558052062988281 -0.0544548034667969 0.0407638549804688 -0.0150794982910156
-0.0531730651855469 -0.0593719482421875 0.0502700805664062 -0.000980377197265629
-0.0614280700683594 -0.0569839477539063 0.0519065856933594 0.027008056640625
-0.0341567993164063 -0.0647735595703125 0.0333633422851563 0.06475830078125
-0.0101852416992188 -0.0853424072265625 -0.00202560424804687 0.0682716369628906
0.0211944580078125 -0.0928878784179688 -0.0380172729492187 0.0367622375488281
0.102363586425781 -0.0721511840820313 -0.0330848693847656 -0.0133304595947266
0.12109375 -0.023529052734375 0.0195198059082031 -0.0562248229980469
0.123214721679688 0.0126571655273437 0.144821166992188 -0.03515625
0.0667572021484375 0.0465736389160156 0.0607452392578125 -0.121864318847656
0.0837554931640625 0.022003173828125 0.0864334106445312 -0.102981567382813
0.081695556640625 -0.0339508056640625 0.0713882446289063 -0.0649795532226563
0.0368080139160156 -0.0524024963378906 0.0592613220214844 -0.0498237609863281
0.0168037414550781 -0.053466796875 0.0504989624023438 -0.0225334167480469
-0.0116691589355469 -0.0512275695800781 0.0507240295410156 -0.00741195678710938
-0.0306053161621094 -0.0444602966308594 0.0626144409179688 -0.0024871826171875
-0.0315780639648438 -0.0491371154785156 0.0665931701660156 0.014434814453125
-0.03985595703125 -0.0509147644042969 0.0677146911621094 0.0467033386230469
-0.0196304321289063 -0.0536537170410156 0.0396728515625 0.0866928100585938
0.000236511230468756 -0.0681228637695313 0.000396728515624999 0.0842208862304688
0.0285720825195313 -0.0721664428710938 -0.0305442810058594 0.0486984252929687
0.0972518920898438 -0.0427474975585938 -0.0213718414306641 0.0022430419921875
0.107681274414063 0.0126495361328125 0.0414009094238281 -0.0404891967773438
0.0862808227539063 0.0531005859375 0.17095947265625 -0.0167694091796875
-0.0330581665039063 -0.079193115234375 -0.167938232421875 0.00950622558593748
-0.0648040771484375 -0.0186042785644531 -0.050933837890625 0.0213584899902344
-0.0599441528320313 0.0282821655273438 0.0209617614746094 -0.0247917175292969
-0.0209617614746094 0.0505905151367188 0.0294036865234375 -0.0712356567382812
-0.000553131103515621 0.0394706726074219 0.00485992431640624 -0.09832763671875
0.0108356475830078 0.0289936065673828 -0.0450515747070312 -0.104988098144531
0.00751876831054687 0.0282878875732422 -0.0847320556640625 -0.062530517578125
-0.00042152404785156 0.0315933227539063 -0.0783843994140625 -0.02972412109375
-0.00327491760253906 0.0302886962890625 -0.0710220336914062 -0.006072998046875
-0.0153646469116211 0.0165214538574219 -0.0652580261230469 0.000404357910156245
-0.0209140777587891 0.0111484527587891 -0.0593338012695312 0.01885986328125
-0.0324230194091797 0.0095672607421875 -0.0631523132324219 0.0334815979003906
-0.0457649230957031 -0.0175323486328125 -0.072479248046875 0.0395278930664062
-0.0419845581054688 -0.0472373962402344 -0.0791702270507813 0.0874252319335937
-0.018463134765625 -0.0838623046875 -0.0670013427734375 0.104202270507813
0.0244293212890625 -0.0936355590820313 -0.163543701171875 -0.0197906494140625
-0.0192222595214844 -0.0354881286621094 -0.0468292236328125 -0.00133895874023439
-0.0232295989990234 -0.00396347045898437 0.0270500183105469 -0.0471382141113281
-0.00438499450683594 0.0176887512207031 0.02801513671875 -0.0897674560546875
0.00447368621826172 0.00555276870727539 0.00418853759765626 -0.108062744140625
-0.0014723539352417 0.000674605369567871 -0.046661376953125 -0.110595703125
-0.0172224044799805 0.0076751708984375 -0.084381103515625 -0.0696640014648437
-0.0267925262451172 0.00965309143066406 -0.0742874145507813 -0.0374374389648438
-0.0351409912109375 0.0136966705322266 -0.0667800903320312 -0.0108642578125
-0.0401344299316406 -0.0067901611328125 -0.0597190856933594 0.000759124755859384
-0.0374412536621094 -0.0260963439941406 -0.055419921875 0.0200881958007813
-0.0344581604003906 -0.0368423461914063 -0.0662689208984375 0.02728271484375
-0.0123443603515625 -0.0609703063964844 -0.0684814453125 0.0215110778808594
-0.00136566162109376 -0.0779037475585938 -0.0683212280273438 0.0626258850097656
0.03533935546875 -0.1077880859375 -0.0499420166015625 0.0770111083984375
0.0806884765625 -0.0939483642578125 -0.140281677246094 -0.0498275756835938
0.0343475341796875 -0.0475425720214844 -0.0273704528808594 -0.0227813720703125
0.0220756530761719 -0.0423355102539063 0.0436248779296875 -0.0667610168457031
0.0143985748291016 -0.0247211456298828 0.0327911376953125 -0.105484008789063
0.00777053833007813 -0.0356597900390625 0.00472259521484375 -0.11322021484375
-0.0158290863037109 -0.0311870574951172 -0.0447311401367188 -0.107574462890625
-0.0413322448730469 -0.0148239135742188 -0.0741958618164062 -0.06890869140625
-0.0499114990234375 -0.0135536193847656 -0.0582809448242188 -0.0396804809570312
-0.0625877380371094 -0.00431823730468751 -0.0505332946777344 -0.0127716064453125
-0.05902099609375 -0.0265274047851562 -0.043212890625 0.00674057006835938
-0.0520591735839844 -0.0544586181640625 -0.0448417663574219 0.0263519287109375
-0.0388031005859375 -0.072296142578125 -0.0657615661621094 0.0280532836914063
0.0128402709960938 -0.0963897705078125 -0.0656242370605469 0.00716018676757812
0.033721923828125 -0.0996551513671875 -0.0564384460449219 0.0301551818847656
0.0807952880859375 -0.116409301757812 -0.0191078186035156 0.0429153442382812
0.123992919921875 -0.0823135375976562 -0.100776672363281 -0.076751708984375
0.0857086181640625 -0.052490234375 0.00229644775390625 -0.0438919067382813
0.067596435546875 -0.0788421630859375 0.063018798828125 -0.0804824829101563
0.0312232971191406 -0.0698928833007813 0.041473388671875 -0.113006591796875
0.00738525390625 -0.07550048828125 0.01068115234375 -0.109207153320312
-0.0309944152832031 -0.0596809387207031 -0.0349884033203125 -0.0935440063476562
-0.0605278015136719 -0.0350723266601563 -0.053436279296875 -0.0597724914550781
-0.0660934448242188 -0.034759521484375 -0.0341453552246094 -0.0364341735839844
-0.0791168212890625 -0.022003173828125 -0.0266265869140625 -0.0111751556396484
-0.06744384765625 -0.0429115295410156 -0.0207042694091797 0.0144844055175781
-0.0568161010742188 -0.0739669799804688 -0.0309391021728516 0.0337104797363281
-0.0370407104492188 -0.0947189331054688 -0.0611534118652344 0.0293693542480469
0.035430908203125 -0.115707397460938 -0.06329345703125 -0.004364013671875
0.0634841918945313 -0.105934143066406 -0.0444183349609375 -0.00382232666015626
0.115715026855469 -0.107406616210938 0.0193614959716797 0.00676155090332031
0.145980834960938 -0.059814453125 -0.0513458251953125 -0.099365234375
0.121665954589844 -0.0476226806640625 0.0348548889160156 -0.0655899047851562
0.102241516113281 -0.101295471191406 0.07733154296875 -0.088653564453125
0.0435867309570313 -0.102104187011719 0.049346923828125 -0.109039306640625
0.00579833984375 -0.103584289550781 0.0204849243164062 -0.0931625366210938
-0.0420455932617188 -0.078460693359375 -0.0162506103515625 -0.0713424682617188
-0.0710067749023438 -0.049102783203125 -0.0239601135253906 -0.0459175109863281
-0.0732269287109375 -0.0500946044921875 -0.00569343566894532 -0.0272998809814453
-0.0846023559570313 -0.0381698608398437 0.00125002861022949 -0.00413179397583008
-0.06378173828125 -0.0554237365722656 0.00205993652343749 0.0270614624023437
-0.0484848022460937 -0.0859298706054688 -0.0174636840820313 0.0428581237792969
-0.0239791870117188 -0.104965209960938 -0.0549468994140625 0.0318565368652344
0.0594635009765625 -0.117881774902344 -0.0587120056152344 -0.0125885009765625
0.0914993286132813 -0.0934829711914063 -0.0297260284423828 -0.0338840484619141
0.135841369628906 -0.0797576904296875 0.0617904663085938 -0.0227012634277344
0.141311645507813 -0.0289306640625 -0.00222015380859373 -0.114982604980469
0.132537841796875 -0.0322799682617188 0.0634613037109375 -0.0858383178710937
0.116539001464844 -0.100425720214844 0.0821380615234375 -0.089508056640625
0.0477218627929688 -0.110198974609375 0.0533981323242187 -0.093719482421875
0.00492858886718751 -0.109382629394531 0.0316314697265625 -0.0688858032226563
-0.0434188842773438 -0.0828018188476563 0.00828170776367187 -0.0455665588378906
-0.0691757202148437 -0.0550575256347656 0.00898933410644531 -0.0297088623046875
-0.0687370300292969 -0.0581092834472656 0.0235176086425781 -0.015380859375
-0.077667236328125 -0.0492782592773438 0.0286693572998047 0.00925064086914062
-0.0505332946777344 -0.0631866455078125 0.0210456848144531 0.0443534851074219
-0.0305709838867187 -0.0892486572265625 -0.00693511962890625 0.05511474609375
-0.0023193359375 -0.103584289550781 -0.0474205017089844 0.0337181091308594
0.0843734741210938 -0.101417541503906 -0.0492477416992187 -0.0165481567382812
0.1129150390625 -0.0640792846679688 -0.00930404663085937 -0.0529403686523438
0.138816833496094 -0.0379791259765625 0.1031494140625 -0.0394287109375
0.113319396972656 0.00658416748046875 0.0363235473632813 -0.122169494628906
0.117958068847656 -0.00954437255859375 0.0803604125976563 -0.098541259765625
0.106330871582031 -0.0773391723632813 0.0776824951171875 -0.0810089111328125
0.0433425903320313 -0.0919418334960938 0.0551528930664063 -0.0721969604492188
0.00740814208984376 -0.0902938842773438 0.0416183471679688 -0.0434226989746094
-0.0333251953125 -0.0710220336914063 0.0322818756103516 -0.0225162506103516
-0.0554122924804688 -0.0514106750488281 0.0395050048828125 -0.0148048400878906
-0.0540771484375 -0.0559844970703125 0.0480613708496094 -0.00103378295898438
-0.061492919921875 -0.0533409118652344 0.0508308410644531 0.0267486572265625
-0.0342445373535156 -0.0618820190429688 0.0341987609863281 0.0655517578125
-0.0119552612304688 -0.0826568603515625 -0.00197219848632812 0.0697174072265625
0.0175552368164063 -0.0916290283203125 -0.0390777587890625 0.0392341613769531
0.098785400390625 -0.0748367309570313 -0.0353584289550781 -0.0120887756347656
0.119636535644531 -0.0270462036132813 0.0149192810058594 -0.0551414489746094
0.123283386230469 0.00788116455078125 0.139968872070313 -0.038177490234375
0.0681991577148438 0.0421104431152344 0.0574111938476563 -0.118232727050781
0.0847244262695313 0.0182571411132813 0.0832443237304688 -0.100120544433594
0.0796051025390625 -0.037322998046875 0.0695762634277344 -0.0648307800292969
0.0331001281738281 -0.0528030395507813 0.0582542419433594 -0.0495223999023438
0.0135879516601563 -0.0529136657714844 0.049835205078125 -0.0228309631347656
-0.0132102966308594 -0.0486831665039063 0.0501213073730469 -0.00762939453125
-0.0311241149902344 -0.0416908264160156 0.0612869262695313 -0.00333023071289063
-0.0322608947753906 -0.0464248657226563 0.0650825500488281 0.0129508972167969
-0.0407218933105469 -0.0477790832519531 0.0669403076171875 0.0451698303222656
-0.0206298828125 -0.0511589050292969 0.0412826538085938 0.0856704711914063
-0.00239181518554687 -0.0656509399414063 0.000320434570312496 0.0842056274414063
0.0248641967773438 -0.0705795288085938 -0.0310401916503906 0.0500144958496094
0.0933609008789063 -0.0462112426757813 -0.023590087890625 0.00234413146972656
0.10638427734375 0.00775146484375 0.0369682312011719 -0.0410423278808594
0.0876007080078125 0.0486526489257813 0.166259765625 -0.020843505859375
-0.0345458984375 -0.07562255859375 -0.16595458984375 0.00981140136718747
-0.06390380859375 -0.0164947509765625 -0.04974365234375 0.0212554931640625
-0.0571174621582031 0.0297279357910156 0.0225696563720703 -0.0234355926513672
-0.0177574157714844 0.0497322082519531 0.0312652587890625 -0.07061767578125
0.00123214721679687 0.0379714965820312 0.0062103271484375 -0.09808349609375
0.0112934112548828 0.027099609375 -0.04443359375 -0.105552673339844
0.00666046142578125 0.0263614654541016 -0.0844497680664063 -0.0620880126953125
-0.000120162963867191 0.0301132202148438 -0.0776138305664063 -0.0297317504882812
-0.003173828125 0.0289115905761719 -0.0699195861816406 -0.00497055053710938
-0.0150537490844727 0.0151786804199219 -0.0654258728027344 0.000560760498046884
-0.019500732421875 0.00997734069824219 -0.0598030090332031 0.0196533203125
-0.0302295684814453 0.0101833343505859 -0.0643730163574219 0.032867431640625
-0.0442619323730469 -0.0152130126953125 -0.0743484497070312 0.0377731323242188
-0.0416488647460938 -0.0449714660644531 -0.0797500610351563 0.0851364135742188
-0.020477294921875 -0.0813674926757813 -0.0669937133789063 0.101470947265625
0.0223312377929688 -0.0895538330078125 -0.162078857421875 -0.0180206298828125
-0.0184402465820313 -0.0329933166503906 -0.044677734375 -0.00102615356445313
-0.02093505859375 -0.00203704833984375 0.0285758972167969 -0.0461349487304688
-0.00127696990966797 0.0174484252929688 0.0293121337890625 -0.0881271362304688
0.00631141662597656 0.00457239151000977 0.00511932373046876 -0.107269287109375
-0.000391244888305664 -0.00110471248626709 -0.045928955078125 -0.110420227050781
-0.0173807144165039 0.00600910186767578 -0.083770751953125 -0.0685195922851562
-0.0265121459960938 0.00794029235839844 -0.0737075805664063 -0.0369186401367188
-0.0344448089599609 0.0118522644042969 -0.0667304992675781 -0.0101203918457031
-0.0388755798339844 -0.00820922851562501 -0.0599594116210937 0.00158309936523439
-0.0362014770507813 -0.0270919799804687 -0.0562820434570313 0.0211257934570312
-0.0320510864257813 -0.0361709594726563 -0.0685806274414063 0.0283355712890625
-0.0110893249511719 -0.0589408874511719 -0.0707550048828125 0.020599365234375
-0.000839233398437508 -0.0750274658203125 -0.0690269470214844 0.0610847473144531
0.0330810546875 -0.104843139648438 -0.0503387451171875 0.0750656127929688
0.0783462524414063 -0.0907440185546875 -0.139503479003906 -0.0465545654296875
0.0350990295410156 -0.044677734375 -0.0256996154785156 -0.0213451385498047
0.0238723754882813 -0.0401039123535156 0.0437088012695313 -0.0649070739746094
0.0178050994873047 -0.0240249633789063 0.0335769653320312 -0.10418701171875
0.00948715209960938 -0.0358734130859375 0.00631713867187501 -0.11175537109375
-0.0147991180419922 -0.0319747924804688 -0.0434722900390625 -0.106483459472656
-0.0404129028320313 -0.0163154602050781 -0.0739593505859375 -0.0673446655273438
-0.0496788024902344 -0.0142974853515625 -0.0584030151367188 -0.0387153625488281
-0.0614089965820313 -0.00542068481445311 -0.0506973266601563 -0.0115280151367188
-0.0576095581054688 -0.0277862548828125 -0.0438461303710938 0.00769805908203126
-0.0504646301269531 -0.0551223754882813 -0.0457763671875 0.0274620056152344
-0.036590576171875 -0.0716171264648438 -0.0678367614746094 0.0293922424316406
0.0138320922851563 -0.0943984985351563 -0.0688591003417969 0.00672531127929688
0.0341796875 -0.096649169921875 -0.0582313537597656 0.0299720764160156
0.0792770385742188 -0.114486694335938 -0.0203666687011719 0.0413093566894531
0.121910095214844 -0.0797119140625 -0.100357055664062 -0.0722732543945313
0.0866470336914063 -0.0498733520507813 0.003570556640625 -0.0417289733886719
0.0682525634765625 -0.0767745971679688 0.0626296997070313 -0.0788421630859375
0.0336189270019531 -0.0682411193847656 0.0420684814453125 -0.111419677734375
0.00847625732421875 -0.0750732421875 0.0111312866210937 -0.10711669921875
-0.0292396545410156 -0.0598678588867188 -0.03326416015625 -0.0926361083984375
-0.0591621398925781 -0.0359268188476563 -0.0533523559570313 -0.0583343505859375
-0.0659103393554688 -0.0347938537597656 -0.0348682403564453 -0.0348720550537109
-0.0778350830078125 -0.0225296020507812 -0.0267486572265625 -0.00983238220214844
-0.0660591125488281 -0.0439720153808594 -0.0214729309082031 0.016510009765625
-0.05474853515625 -0.0742568969726563 -0.0317611694335937 0.0357589721679688
-0.0352554321289063 -0.0935592651367188 -0.0632858276367188 0.0313377380371094
0.0364990234375 -0.11505126953125 -0.0666389465332031 -0.00447082519531252
0.0646896362304688 -0.103424072265625 -0.0473060607910156 -0.003875732421875
0.114479064941406 -0.106132507324219 0.0178489685058594 0.00654411315917968
0.144439697265625 -0.058074951171875 -0.05078125 -0.0944366455078125
0.121742248535156 -0.0460586547851563 0.0361557006835938 -0.0620765686035156
0.10223388671875 -0.0994873046875 0.0771560668945313 -0.0869903564453125
0.0443115234375 -0.100616455078125 0.0490188598632813 -0.107666015625
0.00601196289062501 -0.103195190429688 0.020599365234375 -0.0919418334960938
-0.0403213500976562 -0.0782089233398438 -0.0153274536132812 -0.0695762634277344
-0.069915771484375 -0.0491218566894531 -0.0242691040039062 -0.0438346862792969
-0.0725479125976563 -0.049896240234375 -0.00648880004882813 -0.0262966156005859
-0.083160400390625 -0.0377426147460937 0.000587105751037593 -0.00208878517150879
-0.06243896484375 -0.0562973022460938 0.0015411376953125 0.0286197662353516
-0.0470428466796875 -0.0856246948242188 -0.0180244445800781 0.0452079772949219
-0.0224761962890625 -0.103515625 -0.0568695068359375 0.0338783264160156
0.0600814819335938 -0.1168212890625 -0.0619049072265625 -0.0125389099121094
0.0920791625976563 -0.091522216796875 -0.0323619842529297 -0.0326976776123047
0.135536193847656 -0.0791168212890625 0.0592803955078125 -0.0230255126953125
0.141220092773438 -0.0289154052734375 -0.00228118896484375 -0.10968017578125
0.13323974609375 -0.0319595336914063 0.0641021728515625 -0.0814743041992188
0.115158081054688 -0.100570678710938 0.0809097290039063 -0.087432861328125
0.0474395751953125 -0.109085083007813 0.0532760620117187 -0.0925521850585937
0.00499725341796875 -0.108528137207031 0.0317459106445313 -0.067901611328125
-0.0424423217773438 -0.0817108154296875 0.00885391235351563 -0.0441017150878906
-0.0680313110351562 -0.0539360046386719 0.0089111328125 -0.0281658172607422
-0.0685615539550781 -0.0570182800292969 0.0219478607177734 -0.0140724182128906
-0.0762100219726563 -0.048614501953125 0.0274524688720703 0.0107688903808594
-0.0491676330566406 -0.06341552734375 0.0205612182617187 0.0458831787109375
-0.029937744140625 -0.0882034301757813 -0.00860977172851563 0.0574188232421875
-0.00183868408203125 -0.102455139160156 -0.0496482849121094 0.03607177734375
0.0838088989257813 -0.101615905761719 -0.0517120361328125 -0.0164108276367187
0.112777709960938 -0.063018798828125 -0.011749267578125 -0.0517921447753906
0.139198303222656 -0.0383071899414063 0.101554870605469 -0.0388870239257813
0.113128662109375 0.00501251220703125 0.0363693237304688 -0.117408752441406
0.118804931640625 -0.01031494140625 0.080780029296875 -0.0941085815429688
0.105476379394531 -0.0785675048828125 0.0773849487304688 -0.0792160034179688
0.042236328125 -0.0912704467773438 0.0557098388671875 -0.0710296630859375
0.00640869140625 -0.0897598266601563 0.0418205261230469 -0.0422630310058594
-0.0334815979003906 -0.0699501037597656 0.0329914093017578 -0.0213356018066406
-0.054534912109375 -0.0501365661621094 0.0386428833007813 -0.0136642456054688
-0.0543861389160156 -0.0549201965332031 0.0466766357421875 -4.95910644531284E-05
-0.0612411499023438 -0.0512924194335937 0.0497512817382812 0.0279808044433594
-0.0338554382324219 -0.0613479614257812 0.0335960388183594 0.0666694641113281
-0.0118865966796875 -0.0812911987304688 -0.00352478027343749 0.0715255737304688
0.0169448852539062 -0.0898590087890625 -0.0413627624511719 0.041351318359375
0.0970535278320313 -0.0753707885742188 -0.0383186340332031 -0.0118408203125
0.118705749511719 -0.0274658203125 0.0127220153808594 -0.0544586181640625
0.123489379882813 0.00695037841796875 0.138092041015625 -0.037872314453125
0.0681190490722656 0.0400276184082031 0.0567169189453125 -0.113410949707031
0.0848617553710938 0.0159988403320313 0.0839080810546875 -0.0967788696289063
0.0775604248046875 -0.0393600463867188 0.0698890686035156 -0.0628623962402344
0.031890869140625 -0.0522346496582031 0.0588607788085938 -0.0488929748535156
0.0125007629394531 -0.0526351928710938 0.0503311157226562 -0.0230216979980469
-0.0135345458984375 -0.0478401184082031 0.0506439208984375 -0.00703048706054688
-0.03045654296875 -0.0397567749023438 0.0605239868164063 -0.0027618408203125
-0.0329437255859375 -0.0443458557128906 0.063720703125 0.0133132934570312
-0.0403022766113281 -0.0454788208007812 0.0658073425292969 0.0453987121582031
-0.0203819274902344 -0.0493202209472656 0.0404205322265625 0.0864486694335938
-0.00286102294921875 -0.0635566711425781 -0.000564575195312491 0.08575439453125
0.0231361389160156 -0.0694198608398438 -0.0331382751464844 0.05072021484375
0.0909576416015625 -0.0475692749023438 -0.0257186889648437 0.00260543823242187
0.105278015136719 0.00597381591796875 0.034271240234375 -0.0402145385742188
0.08795166015625 0.0465850830078125 0.16400146484375 -0.0212554931640625
-0.0355072021484375 -0.0741729736328125 -0.168441772460937 0.00906372070312499
-0.06390380859375 -0.0157394409179688 -0.0496139526367188 0.0208816528320313
-0.0562629699707031 0.0304031372070313 0.024871826171875 -0.0234909057617187
-0.015655517578125 0.0502243041992188 0.0339202880859375 -0.0714874267578125
0.00255584716796875 0.0373725891113281 0.00959014892578126 -0.100639343261719
0.0104923248291016 0.0255050659179687 -0.0435562133789063 -0.108901977539063
0.00597572326660156 0.0256805419921875 -0.0843734741210938 -0.064208984375
-0.000341415405273438 0.0292797088623047 -0.0782699584960937 -0.0306167602539063
-0.00303840637207031 0.0282821655273438 -0.0715789794921875 -0.00588226318359375
-0.0147533416748047 0.014246940612793 -0.0672225952148437 -0.00017166137695311
-0.0188026428222656 0.00884819030761719 -0.0617599487304688 0.0195732116699219
-0.028289794921875 0.0102767944335937 -0.0674934387207031 0.0330009460449219
-0.0437889099121094 -0.0141448974609375 -0.0782241821289063 0.0362091064453125
-0.0417251586914063 -0.0438270568847656 -0.083160400390625 0.0843734741210938
-0.02197265625 -0.0811386108398438 -0.0704193115234375 0.100685119628906
0.0227737426757813 -0.0870819091796875 -0.163772583007813 -0.0186920166015625
-0.0175018310546875 -0.0312347412109375 -0.0448150634765625 -0.000926971435546885
-0.0188083648681641 -0.000587463378906247 0.0305557250976563 -0.0456924438476563
0.00181961059570312 0.0182380676269531 0.0322799682617188 -0.0888290405273438
0.00832796096801758 0.0033726692199707 0.0083465576171875 -0.109138488769531
-0.000241756439208984 -0.00333571434020996 -0.044708251953125 -0.113616943359375
-0.0175333023071289 0.00461578369140625 -0.0843124389648438 -0.0704498291015625
-0.0267658233642578 0.00727272033691406 -0.074249267578125 -0.03759765625
-0.0345325469970703 0.0105304718017578 -0.0682258605957031 -0.010467529296875
-0.039154052734375 -0.0102729797363281 -0.0620384216308594 0.0016632080078125
-0.0353202819824219 -0.0290641784667969 -0.0590095520019531 0.0218048095703125
-0.030303955078125 -0.0370254516601562 -0.0715560913085938 0.029144287109375
-0.00992965698242187 -0.0586090087890625 -0.0755767822265625 0.0191497802734375
0.000633239746093754 -0.0742034912109375 -0.072540283203125 0.0609130859375
0.0332870483398437 -0.104164123535156 -0.0532302856445313 0.0748367309570313
0.0793533325195313 -0.087890625 -0.1407470703125 -0.0464630126953125
0.037628173828125 -0.0424690246582031 -0.0249423980712891 -0.0204238891601563
0.0262222290039063 -0.0386924743652344 0.0461845397949219 -0.0645637512207031
0.0208091735839844 -0.0236701965332031 0.0365219116210938 -0.105155944824219
0.0118179321289063 -0.0368270874023438 0.00881958007812499 -0.113822937011719
-0.0133247375488281 -0.0346260070800781 -0.042022705078125 -0.109184265136719
-0.0404853820800781 -0.0183219909667969 -0.0740890502929687 -0.0681304931640625
-0.0501213073730469 -0.0161819458007813 -0.0592308044433594 -0.0387535095214844
-0.0619125366210938 -0.00719070434570314 -0.0521392822265625 -0.011199951171875
-0.0579299926757812 -0.0300483703613281 -0.0457534790039063 0.00786590576171875
-0.0496139526367188 -0.0576286315917969 -0.0483360290527344 0.0291404724121094
-0.03485107421875 -0.0731964111328125 -0.0714035034179688 0.0308914184570312
0.0165023803710938 -0.0954513549804688 -0.0739898681640625 0.00592803955078125
0.0367889404296875 -0.0958480834960938 -0.0613059997558594 0.0297012329101563
0.0811386108398438 -0.114089965820313 -0.0222206115722656 0.0411376953125
0.12420654296875 -0.077301025390625 -0.100112915039062 -0.0718154907226563
0.0895309448242188 -0.0479202270507813 0.00559997558593751 -0.0396461486816406
0.0715179443359375 -0.0763626098632813 0.065032958984375 -0.0782852172851563
0.0374908447265625 -0.0682945251464844 0.0441741943359375 -0.111869812011719
0.011260986328125 -0.076171875 0.014251708984375 -0.109230041503906
-0.0276222229003906 -0.0627479553222656 -0.0322036743164062 -0.09375
-0.059051513671875 -0.0382156372070312 -0.053436279296875 -0.0583534240722656
-0.0671272277832031 -0.0369911193847656 -0.0356483459472656 -0.0346908569335938
-0.078277587890625 -0.0247344970703125 -0.0276527404785156 -0.00854682922363281
-0.0664443969726562 -0.0468215942382812 -0.0229415893554688 0.0173931121826172
-0.0541610717773437 -0.0767593383789063 -0.0342826843261719 0.0377693176269531
-0.0337600708007813 -0.0954971313476562 -0.0672111511230469 0.033966064453125
0.0392684936523437 -0.116645812988281 -0.0718536376953125 -0.00495910644531252
0.0683746337890625 -0.102607727050781 -0.0498046875 -0.00352859497070313
0.117317199707031 -0.105766296386719 0.0165386199951172 0.00602245330810546
0.147476196289063 -0.056304931640625 -0.0504379272460937 -0.0921401977539063
0.126518249511719 -0.04443359375 0.0387229919433594 -0.0602073669433594
0.105369567871094 -0.100028991699219 0.07855224609375 -0.0859756469726563
0.0477218627929688 -0.101333618164062 0.051910400390625 -0.108200073242188
0.00845336914062499 -0.104393005371094 0.0229263305664063 -0.0927810668945313
-0.0388946533203125 -0.0803680419921875 -0.01361083984375 -0.0703582763671875
-0.0695343017578125 -0.0512237548828125 -0.0242767333984375 -0.0433311462402344
-0.073638916015625 -0.0519332885742188 -0.00750350952148438 -0.0253543853759766
-0.0835723876953125 -0.039794921875 0.000361263751983637 -0.000793993473052981
-0.0623207092285156 -0.0585594177246094 0.000452041625976556 0.0311260223388672
-0.04608154296875 -0.0879669189453125 -0.0202560424804688 0.0479240417480469
-0.0207901000976563 -0.1055908203125 -0.0607757568359375 0.036468505859375
0.0630035400390625 -0.118354797363281 -0.066558837890625 -0.0130348205566406
0.0954360961914063 -0.0913162231445313 -0.0348968505859375 -0.033254623413086
0.138877868652344 -0.078521728515625 0.0596046447753906 -0.0225257873535156
0.143661499023438 -0.02825927734375 -0.000442504882812493 -0.107803344726563
0.137672424316406 -0.0310134887695313 0.0674285888671875 -0.0797119140625
0.118255615234375 -0.101150512695312 0.08343505859375 -0.0865020751953125
0.0500946044921875 -0.110404968261719 0.0554733276367188 -0.0927886962890625
0.00642395019531249 -0.110000610351563 0.0333480834960937 -0.06817626953125
-0.0420761108398437 -0.0837020874023438 0.0108261108398437 -0.043670654296875
-0.0679168701171875 -0.0554885864257813 0.00892257690429687 -0.0272083282470703
-0.0692672729492188 -0.0585212707519531 0.0218105316162109 -0.0123233795166016
-0.0772781372070313 -0.0495529174804688 0.027069091796875 0.0125770568847656
-0.0495071411132812 -0.0646781921386719 0.0197181701660156 0.0485725402832031
-0.0283889770507813 -0.0897445678710938 -0.0105247497558594 0.0607681274414062
2.28881835937479E-05 -0.103607177734375 -0.0531501770019531 0.0390968322753906
0.0865554809570313 -0.102973937988281 -0.0564117431640625 -0.0166587829589844
0.1153564453125 -0.0634613037109375 -0.0135231018066406 -0.052276611328125
0.142623901367188 -0.038330078125 0.101715087890625 -0.038818359375
0.115615844726563 0.0051422119140625 0.038482666015625 -0.114997863769531
0.122314453125 -0.0099029541015625 0.0843887329101563 -0.0927200317382813
0.107284545898438 -0.0801239013671875 0.0797042846679688 -0.0780563354492188
0.0432205200195313 -0.0921859741210937 0.0574493408203125 -0.0707473754882812
0.00656890869140625 -0.0903396606445313 0.0432548522949219 -0.0422515869140625
-0.0334396362304687 -0.0711898803710938 0.0347843170166016 -0.0210609436035156
-0.0543060302734375 -0.0505638122558594 0.0394020080566406 -0.0125656127929688
-0.0552291870117187 -0.0556564331054687 0.0462074279785156 0.0014190673828125
-0.06109619140625 -0.0519523620605469 0.0498008728027344 0.0292472839355469
-0.0326614379882813 -0.0624046325683594 0.0332527160644531 0.0698280334472656
-0.0119857788085937 -0.081939697265625 -0.00537872314453125 0.074676513671875
0.0178756713867188 -0.09002685546875 -0.0452537536621094 0.043670654296875
0.098114013671875 -0.0763320922851563 -0.0418357849121094 -0.0118026733398438
0.121162414550781 -0.0278244018554688 0.0109329223632813 -0.0539970397949219
0.126167297363281 0.0075225830078125 0.138557434082031 -0.036895751953125
0.0697059631347656 0.0398330688476562 0.06011962890625 -0.111518859863281
0.086883544921875 0.01507568359375 0.087371826171875 -0.0951385498046875
0.0779953002929688 -0.0407638549804688 0.0733871459960938 -0.062347412109375
0.0320243835449219 -0.0530662536621094 0.060760498046875 -0.0488090515136719
0.0121231079101563 -0.0528182983398438 0.0518150329589844 -0.0225257873535156
-0.0145034790039063 -0.047332763671875 0.0524711608886719 -0.00658035278320313
-0.0301666259765625 -0.0390434265136719 0.0613021850585938 -0.00189971923828125
-0.0329513549804687 -0.04412841796875 0.0630569458007812 0.0147972106933594
-0.0403022766113281 -0.0442924499511719 0.0660781860351563 0.0479736328125
-0.01971435546875 -0.0491294860839844 0.04046630859375 0.0894927978515625
-0.00243377685546875 -0.0635490417480469 -0.00276184082031251 0.088775634765625
0.0226249694824219 -0.0691680908203125 -0.0367279052734375 0.0534095764160156
0.0916290283203125 -0.04864501953125 -0.0285682678222656 0.00234413146972656
0.107040405273438 0.00540924072265625 0.0327110290527344 -0.0403938293457031
0.0899581909179688 0.046478271484375 0.165451049804688 -0.020111083984375
-0.0379409790039062 -0.0737228393554688 -0.17498779296875 0.00968933105468747
-0.0666275024414063 -0.0140914916992188 -0.0514602661132813 0.02197265625
-0.0567588806152344 0.0327796936035156 0.0283432006835937 -0.023895263671875
-0.0135307312011719 0.0514869689941406 0.0374755859375 -0.0748748779296875
0.00383377075195312 0.03765869140625 0.011962890625 -0.105972290039062
0.0106182098388672 0.0251884460449219 -0.0446014404296875 -0.115203857421875
0.00622367858886719 0.0258636474609375 -0.0878067016601563 -0.0669479370117188
-6.48498535156262E-05 0.0299510955810547 -0.081390380859375 -0.0324249267578125
-0.00282096862792969 0.0286941528320313 -0.0746841430664062 -0.006591796875
-0.0156078338623047 0.0137786865234375 -0.0716400146484375 -0.000297546386718739
-0.0189285278320313 0.0084228515625 -0.0657157897949219 0.0202445983886719
-0.0282745361328125 0.0104808807373047 -0.07147216796875 0.034637451171875
-0.0447654724121094 -0.0130195617675781 -0.08441162109375 0.0373611450195313
-0.0428504943847656 -0.04400634765625 -0.0879669189453125 0.0864791870117188
-0.024444580078125 -0.0822830200195313 -0.0741424560546875 0.102699279785156
0.0230636596679687 -0.0876235961914063 -0.170516967773438 -0.0180206298828125
-0.0174980163574219 -0.0303440093994141 -0.0455322265625 -0.000350952148437501
-0.0178508758544922 9.91821289062492E-05 0.033660888671875 -0.0469093322753906
0.00533866882324219 0.0182647705078125 0.0352783203125 -0.0928573608398438
0.0107812881469727 0.00238704681396484 0.0107269287109375 -0.114784240722656
-0.000212669372558594 -0.00562620162963867 -0.045745849609375 -0.119659423828125
-0.0184555053710937 0.00374984741210938 -0.0874176025390625 -0.0728607177734375
-0.0276889801025391 0.00622940063476562 -0.0777969360351562 -0.0385665893554688
-0.0357856750488281 0.00974655151367187 -0.0712814331054688 -0.0103302001953125
-0.0404815673828125 -0.0124702453613281 -0.0660171508789063 0.00267791748046876
-0.0362091064453125 -0.0314216613769531 -0.0624465942382813 0.0237083435058594
-0.0298881530761719 -0.0388107299804688 -0.0764846801757812 0.0316925048828125
-0.00860595703124999 -0.0597267150878906 -0.0819168090820312 0.0195236206054688
0.00110626220703125 -0.0755615234375 -0.0778274536132813 0.0624465942382812
0.03369140625 -0.106704711914063 -0.0565719604492188 0.0766830444335938
0.082427978515625 -0.0884552001953125 -0.145751953125 -0.0458831787109375
0.0402679443359375 -0.041656494140625 -0.0247554779052734 -0.0198020935058594
0.0297126770019531 -0.0388450622558594 0.0491104125976563 -0.066009521484375
0.0250358581542969 -0.0250587463378906 0.039093017578125 -0.108978271484375
0.0145072937011719 -0.0392646789550781 0.0111312866210938 -0.118850708007813
-0.0128288269042969 -0.0376358032226563 -0.0434036254882813 -0.114051818847656
-0.041290283203125 -0.0203323364257812 -0.07684326171875 -0.070037841796875
-0.05169677734375 -0.0177726745605469 -0.0625 -0.0396194458007812
-0.0639801025390625 -0.00853347778320313 -0.0549545288085938 -0.0105934143066406
-0.060150146484375 -0.0330619812011719 -0.048919677734375 0.00983428955078126
-0.0511093139648437 -0.0617828369140625 -0.0516624450683594 0.0316696166992188
-0.0345077514648438 -0.07611083984375 -0.0768280029296875 0.0343399047851562
0.0188522338867188 -0.098480224609375 -0.0810928344726563 0.00613403320312501
0.0389404296875 -0.0983352661132812 -0.0661392211914063 0.0300712585449219
0.0846023559570313 -0.117134094238281 -0.0252265930175781 0.0421180725097656
0.129463195800781 -0.0781021118164063 -0.104621887207031 -0.0708770751953125
0.0950088500976563 -0.0479812622070313 0.00654602050781251 -0.039520263671875
0.0764083862304688 -0.0784149169921875 0.06793212890625 -0.0802383422851563
0.0413970947265625 -0.0706100463867188 0.04718017578125 -0.116744995117188
0.0130615234375 -0.080474853515625 0.015716552734375 -0.113822937011719
-0.0275459289550781 -0.0667037963867188 -0.0325164794921875 -0.09771728515625
-0.0611572265625 -0.0410423278808594 -0.05535888671875 -0.0593795776367188
-0.0694084167480469 -0.0387229919433594 -0.0379486083984375 -0.0350914001464844
-0.0813369750976563 -0.0260543823242187 -0.0301017761230469 -0.00756454467773438
-0.0679359436035156 -0.0498123168945312 -0.0248126983642578 0.0202102661132813
-0.0555496215820313 -0.081451416015625 -0.0365104675292969 0.0412788391113281
-0.0336074829101563 -0.100227355957031 -0.0723037719726563 0.0379791259765625
0.0416336059570313 -0.121322631835938 -0.0788116455078125 -0.00500488281250002
0.0720672607421875 -0.105636596679687 -0.0546379089355469 -0.00394821166992188
0.122627258300781 -0.108970642089844 0.0151462554931641 0.00603389739990234
0.153594970703125 -0.0576019287109375 -0.0522689819335937 -0.092498779296875
0.133552551269531 -0.0457229614257813 0.0417213439941406 -0.0600547790527344
0.110908508300781 -0.10406494140625 0.0821075439453125 -0.0881881713867188
0.0512924194335937 -0.105033874511719 0.0538711547851562 -0.112274169921875
0.00910186767578126 -0.109237670898438 0.0246810913085938 -0.0965957641601563
-0.0395889282226562 -0.0848922729492188 -0.0129623413085938 -0.072967529296875
-0.07196044921875 -0.0544281005859375 -0.0252418518066406 -0.0442657470703125
-0.0768280029296875 -0.0544891357421875 -0.00909042358398438 -0.0247650146484375
-0.0869140625 -0.0416717529296875 -0.000891387462615972 0.000382721424102781
-0.0641937255859375 -0.062225341796875 -0.00026321411132813 0.0339584350585937
-0.0472030639648437 -0.0921707153320313 -0.0222053527832031 0.0528793334960938
-0.0206375122070312 -0.110008239746094 -0.0656700134277344 0.0409965515136719
0.0666732788085938 -0.124282836914063 -0.0731277465820313 -0.01275634765625
0.100959777832031 -0.0945358276367188 -0.0387382507324219 -0.0342025756835938
0.145248413085937 -0.0821075439453125 0.0600624084472656 -0.0246009826660156
0.150848388671875 -0.028839111328125 0.000106811523437513 -0.107948303222656
0.1455078125 -0.033294677734375 0.0717544555664063 -0.0804824829101563
0.123802185058594 -0.106216430664063 0.0876235961914063 -0.0881423950195313
0.05267333984375 -0.115074157714844 0.0582962036132813 -0.0957870483398438
0.00640869140625 -0.115379333496094 0.035736083984375 -0.0710678100585938
-0.0428085327148438 -0.0872802734375 0.0120429992675781 -0.0450057983398438
-0.0704193115234375 -0.057891845703125 0.00936508178710937 -0.0270881652832031
-0.0724563598632813 -0.0608367919921875 0.0215225219726562 -0.0118885040283203
-0.0797576904296875 -0.0511093139648438 0.0272960662841797 0.01458740234375
-0.0507774353027344 -0.0681114196777344 0.0208015441894531 0.0526466369628906
-0.0293197631835937 -0.09429931640625 -0.0121650695800781 0.0659408569335938
0.000671386718749993 -0.107391357421875 -0.0583915710449219 0.0439529418945312
0.0900421142578125 -0.108245849609375 -0.0623817443847656 -0.0167770385742188
0.12176513671875 -0.06561279296875 -0.0166244506835937 -0.0539970397949219
0.149566650390625 -0.0407257080078125 0.104141235351563 -0.04046630859375
0.121498107910156 0.00496673583984375 0.0406265258789063 -0.116439819335938
0.129379272460938 -0.01226806640625 0.0894393920898438 -0.0946578979492187
0.112014770507813 -0.08489990234375 0.08367919921875 -0.08001708984375
0.0452957153320313 -0.0963211059570313 0.0604171752929688 -0.0733642578125
0.00569915771484374 -0.095184326171875 0.0461997985839844 -0.0438346862792969
-0.0343856811523437 -0.073760986328125 0.0373153686523438 -0.0212936401367188
-0.0566749572753906 -0.0525932312011719 0.0416946411132812 -0.0119361877441406
-0.0582160949707031 -0.0571937561035156 0.0469207763671875 0.00257110595703125
-0.0636405944824219 -0.0534477233886719 0.0510940551757812 0.0322685241699219
-0.0337944030761719 -0.0649070739746094 0.033935546875 0.0742340087890625
-0.0115280151367187 -0.084625244140625 -0.006866455078125 0.0808944702148438
0.0181961059570313 -0.0935745239257812 -0.049652099609375 0.0482711791992188
0.101890563964844 -0.0812301635742188 -0.0469436645507812 -0.0123405456542969
0.126777648925781 -0.029754638671875 0.00936889648437501 -0.0561294555664063
0.13299560546875 0.00579833984375 0.143783569335938 -0.0388336181640625
0.0730514526367188 0.040069580078125 0.063995361328125 -0.113609313964844
0.0916061401367188 0.0140609741210938 0.0931015014648437 -0.097137451171875
0.0804595947265625 -0.0446014404296875 0.0775604248046875 -0.0631179809570313
0.032196044921875 -0.0552215576171875 0.0639305114746094 -0.0507087707519531
0.0113334655761719 -0.0555343627929688 0.0545883178710938 -0.023590087890625
-0.0149383544921875 -0.0491676330566406 0.0556716918945313 -0.0058441162109375
-0.031707763671875 -0.0392417907714844 0.0643997192382813 -0.000946044921875002
-0.0356254577636719 -0.0451087951660156 0.0649375915527344 0.0159225463867187
-0.0416069030761719 -0.0451316833496094 0.06756591796875 0.0506744384765625
-0.0204734802246094 -0.0500030517578125 0.0418930053710938 0.0948257446289063
-0.00307464599609376 -0.0648460388183594 -0.00501251220703125 0.0951080322265625
0.0226516723632813 -0.0714187622070313 -0.0411415100097656 0.0575523376464844
0.0933074951171875 -0.0519332885742187 -0.0325965881347656 0.00250053405761718
0.111259460449219 0.003753662109375 0.0327568054199219 -0.04156494140625
0.0945587158203125 0.0465011596679688 0.170623779296875 -0.0214080810546875
-0.0425186157226563 -0.0733413696289063 -0.183349609375 0.0158233642578125
-0.0692977905273438 -0.011444091796875 -0.0529975891113281 0.025146484375
-0.0574150085449219 0.0366058349609375 0.030914306640625 -0.0256099700927734
-0.00980377197265625 0.0528144836425781 0.0395889282226562 -0.0801467895507813
0.00681686401367188 0.0373878479003906 0.0115127563476563 -0.113815307617187
0.0110645294189453 0.0244140625 -0.049713134765625 -0.120986938476563
0.00693130493164063 0.0256576538085938 -0.0935211181640625 -0.06878662109375
0.00151634216308594 0.0304355621337891 -0.086456298828125 -0.03216552734375
-0.00231552124023438 0.0291996002197266 -0.0786666870117188 -0.00459289550781249
-0.0156688690185547 0.0138082504272461 -0.0766448974609375 0.00199890136718749
-0.0193119049072266 0.00821495056152344 -0.0697135925292969 0.0239334106445312
-0.0275516510009766 0.012237548828125 -0.076171875 0.0392227172851562
-0.0457267761230469 -0.011383056640625 -0.089599609375 0.04071044921875
-0.0459098815917969 -0.0430564880371094 -0.0914154052734375 0.0921630859375
-0.0294570922851563 -0.0828704833984375 -0.0766830444335937 0.10888671875
0.0216293334960938 -0.0884933471679687 -0.1790771484375 -0.0127105712890625
-0.0177631378173828 -0.0288982391357422 -0.0469322204589844 0.00170516967773438
-0.0161705017089844 0.00199127197265625 0.0356864929199219 -0.0493736267089844
0.00954627990722656 0.0177955627441406 0.0361862182617188 -0.0983200073242188
0.0134592056274414 0.000582695007324219 0.0100936889648438 -0.121879577636719
-7.62939453124995E-05 -0.00746059417724609 -0.0512466430664063 -0.125617980957031
-0.0188369750976563 0.00289535522460938 -0.0936355590820313 -0.0739593505859375
-0.0283260345458984 0.00631141662597656 -0.0825729370117188 -0.0378494262695312
-0.03759765625 0.00991439819335938 -0.0755233764648438 -0.00775909423828125
-0.04315185546875 -0.0131645202636719 -0.070587158203125 0.00506591796874999
-0.0382843017578125 -0.0340309143066406 -0.066741943359375 0.0270614624023437
-0.0307197570800781 -0.0400619506835937 -0.08154296875 0.0363006591796875
-0.00928497314453124 -0.0619316101074219 -0.08868408203125 0.0227813720703125
0.000427246093749995 -0.0773239135742187 -0.0817489624023438 0.0667800903320313
0.0316925048828125 -0.111213684082031 -0.0594406127929688 0.08087158203125
0.0842971801757813 -0.092071533203125 -0.15386962890625 -0.041839599609375
0.0426864624023438 -0.0429534912109375 -0.025634765625 -0.0189781188964844
0.0320892333984375 -0.0402450561523438 0.051177978515625 -0.0699310302734375
0.0284023284912109 -0.0269870758056641 0.03936767578125 -0.115226745605469
0.0159263610839844 -0.0427665710449219 0.00969696044921876 -0.125991821289063
-0.0136871337890625 -0.0414390563964844 -0.048095703125 -0.119163513183594
-0.0436630249023438 -0.0219917297363281 -0.0825958251953125 -0.0708847045898438
-0.055084228515625 -0.0183029174804688 -0.0672836303710938 -0.0388259887695312
-0.0673904418945313 -0.00870132446289061 -0.0589256286621094 -0.00814056396484375
-0.0640296936035156 -0.0352134704589844 -0.0522651672363281 0.0128860473632812
-0.0546531677246094 -0.0646743774414063 -0.0547828674316406 0.0364418029785156
-0.0367050170898437 -0.0797042846679688 -0.0821685791015625 0.0408172607421875
0.0182571411132813 -0.103874206542969 -0.0890731811523438 0.00876617431640623
0.0399017333984375 -0.102806091308594 -0.0711898803710938 0.03399658203125
0.0847015380859375 -0.123870849609375 -0.0266265869140625 0.0440559387207031
0.134117126464844 -0.0828704833984375 -0.111312866210938 -0.0685195922851563
0.1004638671875 -0.0514450073242188 0.00745391845703126 -0.0394020080566406
0.0796279907226562 -0.0837631225585937 0.07012939453125 -0.0847625732421875
0.0437240600585938 -0.0759124755859375 0.046783447265625 -0.122772216796875
0.0133514404296875 -0.086029052734375 0.0143890380859375 -0.119941711425781
-0.0299301147460938 -0.071197509765625 -0.03619384765625 -0.102470397949219
-0.0646705627441406 -0.0426101684570313 -0.0594940185546875 -0.0596923828125
-0.0740966796875 -0.03973388671875 -0.0415306091308594 -0.0340805053710937
-0.0858993530273438 -0.0264129638671875 -0.0324306488037109 -0.00558280944824219
-0.0730361938476562 -0.0519256591796875 -0.0266513824462891 0.0234317779541016
-0.0600814819335938 -0.0852890014648437 -0.0385932922363281 0.0468559265136719
-0.0367584228515625 -0.104400634765625 -0.0776596069335937 0.04510498046875
0.0417709350585937 -0.129165649414063 -0.0876312255859375 -0.00197601318359375
0.0748748779296875 -0.111824035644531 -0.0596923828125 -0.00193786621093752
0.12646484375 -0.11712646484375 0.0146656036376953 0.00519847869873046
0.161026000976562 -0.0637054443359375 -0.05657958984375 -0.0918731689453125
0.141021728515625 -0.0509033203125 0.0432815551757813 -0.061676025390625
0.115043640136719 -0.112350463867188 0.0846939086914063 -0.0928268432617188
0.0530624389648438 -0.112022399902344 0.0533370971679688 -0.118507385253906
0.0075531005859375 -0.116065979003906 0.02386474609375 -0.102432250976563
-0.0433273315429688 -0.08984375 -0.015380859375 -0.0764846801757813
-0.0763092041015625 -0.0562744140625 -0.0275840759277344 -0.0436859130859375
-0.0821533203125 -0.0550155639648437 -0.0102996826171875 -0.0242290496826172
-0.092193603515625 -0.0413742065429688 -0.00127172470092774 0.00238800048828125
-0.0686454772949219 -0.0650215148925781 8.01086425781179E-05 0.0376739501953125
-0.0516281127929687 -0.096923828125 -0.0228805541992188 0.0583457946777344
-0.0237274169921875 -0.115577697753906 -0.0703201293945312 0.0481948852539062
0.0672683715820313 -0.133575439453125 -0.0815277099609375 -0.0101165771484375
0.104385375976563 -0.101066589355469 -0.0444450378417969 -0.0340499877929688
0.150985717773438 -0.0904693603515625 0.0602340698242188 -0.027679443359375
0.157958984375 -0.03399658203125 -0.00234985351562498 -0.110023498535156
0.153945922851563 -0.0395355224609375 0.0749588012695313 -0.08367919921875
0.127983093261719 -0.116523742675781 0.0899505615234375 -0.0936508178710938
0.0528106689453125 -0.122161865234375 0.0587234497070312 -0.101593017578125
0.00354766845703126 -0.122016906738281 0.035308837890625 -0.07513427734375
-0.046661376953125 -0.09185791015625 0.0123062133789062 -0.047882080078125
-0.0750961303710938 -0.0597610473632812 0.00930595397949219 -0.0270404815673828
-0.0785980224609375 -0.061370849609375 0.0211563110351562 -0.0110797882080078
-0.0851287841796875 -0.0516357421875 0.02874755859375 0.0155658721923828
-0.054168701171875 -0.0716400146484375 0.0228118896484375 0.0561714172363281
-0.0323562622070313 -0.0983657836914062 -0.0116348266601562 0.072174072265625
-0.00167083740234374 -0.112648010253906 -0.0624542236328125 0.0503692626953125
0.0913543701171875 -0.117324829101563 -0.0700111389160156 -0.0143890380859375
0.126373291015625 -0.0724105834960937 -0.0213127136230469 -0.0555610656738281
0.156753540039063 -0.0475921630859375 0.106452941894531 -0.0454864501953125
0.12847900390625 0.00147247314453125 0.0417098999023437 -0.119659423828125
0.136810302734375 -0.0181427001953125 0.0932235717773438 -0.0986557006835938
0.115196228027344 -0.0944366455078125 0.0869674682617188 -0.0847396850585938
0.0437774658203125 -0.102607727050781 0.061798095703125 -0.0775909423828125
0.00342559814453125 -0.100730895996094 0.047271728515625 -0.0471458435058594
-0.03863525390625 -0.0770034790039063 0.0398902893066406 -0.0226402282714844
-0.0603752136230469 -0.0535697937011719 0.0432853698730469 -0.0124664306640625
-0.0626907348632813 -0.0575790405273437 0.0485801696777344 0.00234222412109375
-0.0678291320800781 -0.0527000427246094 0.0533599853515625 0.03448486328125
-0.0365638732910156 -0.0673789978027344 0.03765869140625 0.078399658203125
-0.0137939453125 -0.0884780883789063 -0.00591278076171875 0.087310791015625
0.0169830322265625 -0.0979385375976562 -0.0533828735351563 0.0547676086425781
0.103561401367188 -0.0888748168945313 -0.0532417297363281 -0.0108718872070313
0.132835388183594 -0.0356369018554688 0.00645065307617189 -0.0582923889160156
0.140289306640625 0.001739501953125 0.147903442382813 -0.0452728271484375
0.0785980224609375 0.0391311645507813 0.06561279296875 -0.117774963378906
0.0970382690429687 0.010223388671875 0.0966110229492188 -0.103034973144531
0.0829696655273438 -0.0512466430664063 0.0813217163085938 -0.06671142578125
0.0315017700195313 -0.0591964721679688 0.0667686462402344 -0.0548553466796875
0.00845718383789063 -0.0586814880371094 0.0574378967285156 -0.0263328552246094
-0.0174407958984375 -0.0507125854492188 0.0591583251953125 -0.00775527954101563
-0.0337142944335937 -0.0399627685546875 0.0678939819335938 -0.00265884399414063
-0.0383033752441406 -0.04461669921875 0.0677604675292969 0.0161705017089844
-0.0452232360839844 -0.0445938110351563 0.0718536376953125 0.0518341064453125
-0.0220832824707031 -0.051605224609375 0.046722412109375 0.0998992919921875
-0.00434112548828125 -0.0671615600585938 -0.00350952148437499 0.10211181640625
0.0213851928710937 -0.0740509033203125 -0.0433845520019531 0.0632972717285156
0.0947418212890625 -0.0581893920898438 -0.0371322631835938 0.00370407104492187
0.11651611328125 -0.00060272216796875 0.0308113098144531 -0.0448455810546875
0.10137939453125 0.04437255859375 0.17755126953125 -0.0274200439453125
-0.0478858947753906 -0.0701560974121094 -0.188522338867188 0.0266571044921875
-0.07171630859375 -0.00612640380859377 -0.0524101257324219 0.0289382934570313
-0.0555076599121094 0.0414810180664063 0.0335197448730469 -0.0279731750488281
-0.005462646484375 0.0531082153320313 0.0391159057617188 -0.0858535766601563
0.00995254516601563 0.0367698669433594 0.0073394775390625 -0.120040893554688
0.0114059448242188 0.0233345031738281 -0.057861328125 -0.125068664550781
0.00767707824707031 0.0255374908447266 -0.100212097167969 -0.0669479370117188
0.003143310546875 0.030242919921875 -0.0908432006835938 -0.0286178588867187
-0.00100517272949219 0.0290699005126953 -0.0822906494140625 -0.000938415527343765
-0.0161199569702148 0.0141353607177734 -0.0807342529296875 0.00637054443359374
-0.0192317962646484 0.0085296630859375 -0.0721817016601563 0.0284423828125
-0.0260772705078125 0.0135612487792969 -0.07794189453125 0.0439987182617188
-0.0467720031738281 -0.00823974609374999 -0.0936813354492188 0.04608154296875
-0.0491905212402344 -0.0409011840820313 -0.0919113159179687 0.0989303588867188
-0.0358428955078125 -0.0818710327148437 -0.0751724243164063 0.114700317382812
0.0185699462890625 -0.0895843505859375 -0.185043334960938 -0.0023040771484375
-0.0183887481689453 -0.0271472930908203 -0.0475997924804687 0.00555419921874999
-0.0148401260375977 0.00399971008300781 0.0362701416015625 -0.0531806945800781
0.0127992630004883 0.0166997909545898 0.0340042114257812 -0.103591918945313
0.0150623321533203 -0.00199794769287109 0.00597381591796876 -0.128196716308594
-0.000139236450195313 -0.00909805297851562 -0.05877685546875 -0.128593444824219
-0.0197544097900391 0.00198173522949219 -0.100242614746094 -0.0714950561523437
-0.02874755859375 0.00689697265625 -0.0875701904296875 -0.0349044799804688
-0.0380096435546875 0.0109634399414063 -0.079193115234375 -0.00367736816406251
-0.0457382202148438 -0.0132217407226562 -0.0743408203125 0.00971984863281252
-0.0406913757324219 -0.0344696044921875 -0.0691337585449219 0.0330009460449219
-0.032196044921875 -0.0406608581542969 -0.0845108032226563 0.0431671142578125
-0.0112838745117188 -0.0635490417480469 -0.0943984985351563 0.0279083251953125
-0.00223541259765624 -0.0786514282226563 -0.0833816528320313 0.0731658935546875
0.0266189575195313 -0.114555358886719 -0.059234619140625 0.0855255126953125
0.0838241577148438 -0.0961761474609375 -0.160675048828125 -0.0325775146484375
0.0437774658203125 -0.0447502136230469 -0.0259876251220703 -0.0168209075927734
0.0335311889648438 -0.04290771484375 0.0509262084960938 -0.0746383666992188
0.0308208465576172 -0.0302677154541016 0.0362014770507813 -0.120796203613281
0.0158233642578125 -0.0467491149902344 0.00524139404296875 -0.131538391113281
-0.0156707763671875 -0.0443458557128906 -0.055145263671875 -0.121978759765625
-0.0462608337402344 -0.0219459533691406 -0.0884475708007813 -0.0689697265625
-0.0578231811523438 -0.0175132751464844 -0.0712432861328125 -0.03564453125
-0.0699882507324219 -0.00719451904296876 -0.0615158081054688 -0.00452423095703125
-0.0678749084472656 -0.034332275390625 -0.0548362731933594 0.0173683166503906
-0.0597801208496094 -0.0662956237792969 -0.0567245483398438 0.0425949096679687
-0.0405120849609375 -0.0817337036132813 -0.0848388671875 0.04840087890625
0.0146942138671875 -0.108932495117188 -0.0962600708007813 0.0144424438476562
0.0383453369140625 -0.107101440429688 -0.0743942260742188 0.0387344360351562
0.0816116333007813 -0.131072998046875 -0.0271720886230469 0.0468864440917969
0.136360168457031 -0.0907669067382812 -0.116996765136719 -0.0616455078125
0.103660583496094 -0.0574951171875 0.00716781616210938 -0.03961181640625
0.0799484252929687 -0.0900115966796875 0.0701904296875 -0.0900344848632813
0.0439834594726563 -0.0808563232421875 0.0425872802734375 -0.129005432128906
0.0106277465820312 -0.0907974243164063 0.0101776123046875 -0.1253662109375
-0.0338363647460938 -0.0743637084960937 -0.0420684814453125 -0.104667663574219
-0.0684661865234375 -0.0433464050292969 -0.063934326171875 -0.0579147338867187
-0.0786819458007813 -0.0383987426757812 -0.044830322265625 -0.0317878723144531
-0.0906448364257812 -0.023895263671875 -0.0339908599853516 -0.00213432312011718
-0.0776748657226563 -0.0520782470703125 -0.0267791748046875 0.0272789001464844
-0.0662155151367188 -0.087188720703125 -0.038970947265625 0.0526809692382813
-0.0414886474609375 -0.107612609863281 -0.0798492431640625 0.05389404296875
0.037689208984375 -0.136650085449219 -0.0953369140625 0.00377655029296876
0.0735397338867188 -0.118316650390625 -0.0645370483398437 0.00162124633789063
0.124885559082031 -0.127494812011719 0.0131778717041016 0.00459194183349609
0.1646728515625 -0.072906494140625 -0.0614700317382813 -0.0885162353515625
0.145706176757813 -0.0598602294921875 0.0434188842773438 -0.0639495849609375
0.114555358886719 -0.122833251953125 0.0839309692382813 -0.0990447998046875
0.050567626953125 -0.118438720703125 0.0503387451171875 -0.124656677246094
0.00305938720703126 -0.12158203125 0.0198287963867187 -0.107643127441406
-0.0482330322265625 -0.0929031372070313 -0.0187149047851563 -0.078399658203125
-0.0809326171875 -0.055938720703125 -0.0295982360839844 -0.0430526733398438
-0.0881805419921875 -0.0533828735351562 -0.0126399993896484 -0.0228939056396484
-0.0977325439453125 -0.0387802124023438 -0.00207567214965821 0.00456476211547851
-0.0739898681640625 -0.0653305053710938 0.00209426879882812 0.0406227111816406
-0.0576858520507812 -0.0990753173828125 -0.0219879150390625 0.0642852783203125
-0.0289306640625 -0.119117736816406 -0.0724029541015625 0.0574951171875
0.06329345703125 -0.1422119140625 -0.0896148681640625 -0.00524902343750001
0.105339050292969 -0.109413146972656 -0.0501747131347656 -0.0328750610351563
0.153091430664063 -0.101348876953125 0.0593719482421875 -0.0315589904785156
0.164520263671875 -0.0432281494140625 -0.00576019287109373 -0.109725952148438
0.159530639648438 -0.0492401123046875 0.0746307373046875 -0.0885238647460938
0.127029418945313 -0.128692626953125 0.0893325805664063 -0.100059509277344
0.0499191284179687 -0.129852294921875 0.0559539794921875 -0.107498168945313
-0.00233459472656249 -0.127044677734375 0.0333633422851563 -0.0800399780273438
-0.0533828735351562 -0.0942611694335938 0.0109367370605469 -0.0493545532226563
-0.0803451538085938 -0.0589828491210938 0.00886154174804687 -0.0272178649902344
-0.0840072631835937 -0.0593185424804688 0.0208511352539062 -0.0112876892089844
-0.0905380249023438 -0.0487213134765625 0.0299091339111328 0.0169029235839844
-0.0593719482421875 -0.0720443725585937 0.02667236328125 0.0590019226074219
-0.0379180908203125 -0.101089477539062 -0.00893402099609375 0.0780792236328125
-0.0067291259765625 -0.117431640625 -0.0639495849609375 0.0597457885742188
0.0884323120117188 -0.1268310546875 -0.0770721435546875 -0.01025390625
0.129142761230469 -0.0815200805664063 -0.0275840759277344 -0.0555839538574219
0.161422729492188 -0.057891845703125 0.106338500976563 -0.0524139404296875
0.134559631347656 -0.00551605224609375 0.0391769409179688 -0.122177124023438
0.142654418945313 -0.02703857421875 0.0934066772460938 -0.105690002441406
0.113426208496094 -0.105659484863281 0.0871047973632813 -0.0907211303710938
0.0403594970703125 -0.108352661132812 0.0609588623046875 -0.0829010009765625
-0.00259399414062499 -0.104400634765625 0.0468177795410156 -0.0511207580566406
-0.043792724609375 -0.0784072875976563 0.0406913757324219 -0.0251693725585938
-0.0644607543945313 -0.0522575378417969 0.0444831848144531 -0.0143966674804688
-0.0678787231445312 -0.0555763244628906 0.0495529174804687 0.00214385986328125
-0.072265625 -0.0508270263671875 0.0570335388183594 0.0345344543457031
-0.0410232543945312 -0.0682716369628906 0.0434112548828125 0.08148193359375
-0.0179977416992188 -0.0907821655273438 -0.002777099609375 0.0939102172851563
0.0129623413085938 -0.101348876953125 -0.05419921875 0.0629501342773438
0.102218627929688 -0.0979232788085938 -0.0590896606445313 -0.00767135620117189
0.13580322265625 -0.0440750122070313 0.00135803222656251 -0.0606422424316406
0.145965576171875 -0.0072479248046875 0.1494140625 -0.0534210205078125
0.0836944580078125 0.0347747802734375 0.0638427734375 -0.122116088867188
0.101806640625 0.00356292724609375 0.0971298217773438 -0.1102294921875
0.0813140869140625 -0.0595245361328125 0.0825347900390625 -0.0734710693359375
0.0284309387207031 -0.0628623962402344 0.0679855346679688 -0.0603294372558594
0.00484466552734375 -0.0610580444335938 0.0588607788085937 -0.0303764343261719
-0.0218544006347656 -0.0515708923339844 0.0621490478515625 -0.01031494140625
-0.0355377197265625 -0.0384407043457031 0.0702247619628906 -0.00600051879882813
-0.0421066284179688 -0.0433807373046875 0.0702781677246094 0.0141830444335937
-0.0485610961914062 -0.0421943664550781 0.0767974853515625 0.0517578125
-0.0252532958984375 -0.0522956848144531 0.0529251098632812 0.100914001464844
-0.00810623168945312 -0.0682868957519531 0.00103759765624999 0.108634948730469
0.0174942016601563 -0.07684326171875 -0.0440826416015625 0.0706024169921875
0.0932693481445313 -0.0658493041992187 -0.0404243469238281 0.00666046142578125
0.120246887207031 -0.00848388671875 0.0275115966796875 -0.0476303100585938
0.107704162597656 0.0385360717773437 0.181243896484375 -0.037078857421875
-0.0516166687011719 -0.0656318664550781 -0.188140869140625 0.0372772216796875
-0.0712127685546875 -0.00103759765624999 -0.0507621765136719 0.0318641662597656
-0.0521240234375 0.0456314086914063 0.0343189239501953 -0.0306816101074219
-0.00128555297851562 0.0519943237304688 0.0370635986328125 -0.0893936157226563
0.0124893188476563 0.03466796875 0.00287628173828126 -0.1239013671875
0.0124473571777344 0.0225543975830078 -0.0652847290039063 -0.125389099121094
0.0088348388671875 0.0243453979492187 -0.104667663574219 -0.0628128051757813
0.00466537475585938 0.0293979644775391 -0.0931549072265625 -0.024444580078125
0.000514984130859377 0.0277271270751953 -0.0838699340820313 0.00350952148437501
-0.0159721374511719 0.0141849517822266 -0.082916259765625 0.0111312866210937
-0.0192146301269531 0.00807762145996094 -0.0730514526367188 0.0335006713867187
-0.0242137908935547 0.0142269134521484 -0.0784759521484375 0.0492630004882812
-0.0457077026367188 -0.0050048828125 -0.0943984985351563 0.0513534545898438
-0.0512657165527344 -0.0378761291503906 -0.0891189575195313 0.1041259765625
-0.0413055419921875 -0.078399658203125 -0.0719528198242188 0.117942810058594
0.0151748657226563 -0.0883865356445313 -0.186386108398438 0.00914001464843748
-0.0184383392333984 -0.0244026184082031 -0.0470428466796875 0.00848388671875001
-0.0124044418334961 0.00528717041015625 0.0354804992675781 -0.05511474609375
0.0162143707275391 0.0145759582519531 0.0305709838867188 -0.106857299804688
0.0165729522705078 -0.00422954559326172 0.000587463378906245 -0.13153076171875
-0.00109672546386719 -0.0110445022583008 -0.0658950805664063 -0.128700256347656
-0.0199127197265625 0.00160789489746093 -0.104560852050781 -0.0676345825195313
-0.0287590026855469 0.00687217712402344 -0.0903091430664063 -0.0299453735351562
-0.0387802124023438 0.011138916015625 -0.0802383422851563 0.00112152099609376
-0.0470466613769531 -0.0124435424804687 -0.0759353637695313 0.0147705078125
-0.0436515808105469 -0.0344085693359375 -0.069366455078125 0.0378990173339844
-0.0329437255859375 -0.0406951904296875 -0.0844879150390625 0.0496978759765625
-0.013336181640625 -0.0632095336914063 -0.09735107421875 0.0337448120117188
-0.00473785400390626 -0.0784454345703125 -0.0825119018554688 0.0778884887695313
0.0209426879882812 -0.115020751953125 -0.0571365356445313 0.0883407592773437
0.08087158203125 -0.09942626953125 -0.162734985351562 -0.0222015380859375
0.044219970703125 -0.045745849609375 -0.0259494781494141 -0.0145931243896484
0.0339012145996094 -0.0442008972167969 0.049285888671875 -0.07733154296875
0.0319633483886719 -0.0335426330566406 0.0318069458007813 -0.123756408691406
0.0151405334472656 -0.0497283935546875 -0.000389099121093748 -0.134269714355469
-0.0181732177734375 -0.0457382202148438 -0.0620193481445313 -0.121414184570313
-0.0481491088867187 -0.0220375061035156 -0.0922698974609375 -0.0644683837890625
-0.0592498779296875 -0.015625 -0.0740203857421875 -0.0313034057617188
-0.0712738037109375 -0.00474548339843751 -0.0629539489746094 0.000404357910156244
-0.0711441040039063 -0.0331573486328125 -0.0550804138183594 0.0219688415527344
-0.0636253356933594 -0.0653495788574219 -0.0559577941894531 0.0473175048828125
-0.0437774658203125 -0.08184814453125 -0.0844955444335938 0.0560226440429688
0.0102081298828125 -0.111122131347656 -0.100021362304688 0.0212554931640625
0.0350112915039063 -0.109420776367188 -0.0752639770507813 0.043426513671875
0.0757064819335938 -0.136062622070313 -0.0271263122558594 0.0477180480957031
0.134902954101563 -0.0969467163085938 -0.119575500488281 -0.0532150268554688
0.103439331054688 -0.0620346069335938 0.00690841674804688 -0.0381889343261719
0.0782470703125 -0.0951080322265625 0.0666656494140625 -0.0937957763671875
0.0425186157226563 -0.0848846435546875 0.0377120971679687 -0.132034301757813
0.00744628906250001 -0.0942306518554688 0.0038299560546875 -0.127914428710938
-0.036865234375 -0.0752944946289062 -0.0477294921875 -0.103523254394531
-0.0712814331054688 -0.0417098999023438 -0.0667266845703125 -0.0544967651367188
-0.0817184448242188 -0.0358657836914062 -0.0471076965332031 -0.0284690856933594
-0.0930557250976563 -0.0204391479492188 -0.0352287292480469 0.00114822387695313
-0.0815200805664062 -0.0502700805664063 -0.0263175964355469 0.0303230285644531
-0.0713043212890625 -0.0864944458007813 -0.0373001098632813 0.0581245422363281
-0.0461807250976563 -0.107620239257813 -0.079620361328125 0.0625076293945313
0.0315475463867187 -0.140251159667969 -0.100387573242188 0.0107498168945313
0.070404052734375 -0.123115539550781 -0.0676155090332031 0.00537872314453126
0.1201171875 -0.1353759765625 0.011444091796875 0.00320816040039062
0.1649169921875 -0.0812530517578125 -0.0646820068359375 -0.0824508666992187
0.14617919921875 -0.068145751953125 0.04248046875 -0.0649642944335938
0.110511779785156 -0.130790710449219 0.0811767578125 -0.103439331054688
0.0467453002929687 -0.123489379882813 0.045166015625 -0.127418518066406
-0.00218963623046874 -0.1243896484375 0.014434814453125 -0.110099792480469
-0.05279541015625 -0.0927658081054687 -0.0229568481445313 -0.0786056518554688
-0.08453369140625 -0.0534133911132813 -0.0313491821289063 -0.0409889221191406
-0.0921707153320313 -0.04974365234375 -0.0143909454345703 -0.0210609436035156
-0.100700378417969 -0.034759521484375 -0.00236701965332032 0.00659704208374023
-0.0783157348632812 -0.0638656616210938 0.0042266845703125 0.0425682067871094
-0.0630950927734375 -0.0984954833984375 -0.0192184448242188 0.0693168640136719
-0.0343475341796875 -0.119865417480469 -0.0720443725585938 0.0660400390625
0.057281494140625 -0.147659301757813 -0.0949935913085938 0.00160217285156251
0.102134704589844 -0.116279602050781 -0.0545005798339844 -0.0294265747070313
0.149581909179687 -0.110488891601563 0.0563392639160156 -0.0352096557617188
0.165390014648438 -0.0524749755859375 -0.00914001464843749 -0.106590270996094
0.1597900390625 -0.0597991943359375 0.073333740234375 -0.0914459228515625
0.121627807617188 -0.137779235839844 0.086517333984375 -0.104248046875
0.0444183349609375 -0.134231567382813 0.0505218505859375 -0.110542297363281
-0.00935363769531251 -0.128952026367188 0.029541015625 -0.0828018188476563
-0.0587921142578125 -0.0934600830078125 0.00919723510742187 -0.0502815246582031
-0.0845489501953125 -0.0562744140625 0.00861549377441406 -0.0272731781005859
-0.08856201171875 -0.055572509765625 0.0201930999755859 -0.0108489990234375
-0.09332275390625 -0.0451202392578125 0.0303993225097656 0.0177669525146484
-0.063262939453125 -0.0710067749023437 0.0297889709472656 0.0594902038574219
-0.0433120727539063 -0.101676940917969 -0.00546264648437499 0.0826644897460937
-0.0121612548828125 -0.118637084960938 -0.062774658203125 0.0672683715820312
0.0825424194335938 -0.133659362792969 -0.0826187133789063 -0.00428009033203127
0.127548217773438 -0.089874267578125 -0.0330581665039062 -0.0535736083984375
0.160293579101563 -0.0671539306640625 0.102775573730469 -0.0585784912109375
0.137214660644531 -0.0141525268554688 0.035491943359375 -0.122146606445312
0.142837524414063 -0.0373687744140625 0.0906219482421875 -0.109909057617187
0.108467102050781 -0.114723205566406 0.0844039916992188 -0.0950698852539063
0.0347900390625 -0.112724304199219 0.0572128295898438 -0.0862579345703125
-0.00927734375 -0.105705261230469 0.0452842712402344 -0.0536956787109375
-0.0484466552734375 -0.0771560668945313 0.0408439636230469 -0.0268630981445313
-0.0673637390136719 -0.0501861572265625 0.0452346801757813 -0.0160636901855469
-0.07171630859375 -0.0516891479492187 0.0498580932617187 0.000476837158203122
-0.0754318237304687 -0.0467987060546875 0.05914306640625 0.0329666137695313
-0.0444297790527344 -0.0677223205566406 0.04833984375 0.0807647705078125
-0.0227279663085937 -0.0907669067382812 0.00140380859375001 0.0979843139648438
0.0082550048828125 -0.10296630859375 -0.0531883239746094 0.0699272155761719
0.096954345703125 -0.104965209960938 -0.0635757446289063 -0.00302505493164062
0.135536193847656 -0.0530929565429687 -0.00442886352539061 -0.0606842041015625
0.148025512695313 -0.01605224609375 0.1468505859375 -0.0617523193359375
0.0875701904296875 0.0291366577148438 0.0614395141601562 -0.124496459960937
0.103691101074219 -0.00452423095703125 0.0942535400390625 -0.114982604980469
0.0775222778320313 -0.0663299560546875 0.0808868408203125 -0.0773086547851563
0.0249290466308594 -0.0651092529296875 0.0662994384765625 -0.0643730163574219
0.000473022460937497 -0.0617446899414063 0.05841064453125 -0.0334854125976563
-0.0244216918945312 -0.050140380859375 0.0634956359863281 -0.0136871337890625
-0.0378952026367188 -0.0367889404296875 0.0712127685546875 -0.0090789794921875
-0.0447578430175781 -0.0399932861328125 0.0712203979492188 0.0116806030273437
-0.0508384704589844 -0.0390853881835938 0.08001708984375 0.0494842529296875
-0.0277061462402344 -0.0506057739257813 0.0587387084960937 0.10101318359375
-0.0110893249511719 -0.0681800842285156 0.00547790527343751 0.111808776855469
0.0138092041015625 -0.0778579711914063 -0.0423583984375 0.0764999389648437
0.0892410278320313 -0.0720291137695313 -0.0439529418945312 0.00952148437499999
0.1199951171875 -0.0159988403320312 0.022857666015625 -0.0487289428710938
0.110687255859375 0.0324020385742188 0.179397583007813 -0.0464324951171875
-0.0527381896972656 -0.0607109069824219 -0.185317993164063 0.0447540283203125
-0.069915771484375 0.00279617309570312 -0.0487480163574219 0.0344467163085937
-0.0483970642089844 0.0477485656738281 0.0347499847412109 -0.0323200225830078
0.00201416015625001 0.0500717163085938 0.0365219116210938 -0.0919876098632813
0.0139884948730469 0.0326442718505859 -0.000335693359374997 -0.125457763671875
0.012542724609375 0.0206737518310547 -0.069793701171875 -0.124771118164063
0.00904083251953125 0.0234756469726563 -0.106300354003906 -0.0595626831054688
0.00625801086425781 0.0279636383056641 -0.0931167602539063 -0.0209579467773438
0.000724792480468748 0.0268077850341797 -0.082977294921875 0.00597381591796874
-0.0157814025878906 0.01336669921875 -0.0830764770507812 0.0143051147460938
-0.0184268951416016 0.0080718994140625 -0.07257080078125 0.0362777709960938
-0.0220737457275391 0.0138778686523438 -0.0775909423828125 0.0519180297851563
-0.0443954467773438 -0.00310516357421874 -0.0950775146484375 0.0542373657226563
-0.051483154296875 -0.0343780517578125 -0.0871124267578125 0.10626220703125
-0.0446395874023437 -0.0740127563476563 -0.0696792602539063 0.11834716796875
0.01312255859375 -0.0859832763671875 -0.183853149414063 0.0167388916015625
-0.0173187255859375 -0.0219783782958984 -0.0453414916992188 0.0108375549316406
-0.00954627990722656 0.00608921051025391 0.0355148315429688 -0.0562744140625
0.0188255310058594 0.0123939514160156 0.0290603637695313 -0.108680725097656
0.0172920227050781 -0.00718402862548828 -0.00291442871093749 -0.132591247558594
-0.00197601318359375 -0.0128202438354492 -0.0704116821289063 -0.127182006835938
-0.0206947326660156 0.000976562500000002 -0.106208801269531 -0.0643234252929688
-0.0285549163818359 0.00684165954589844 -0.0904693603515625 -0.0261001586914062
-0.0386810302734375 0.0115242004394531 -0.080108642578125 0.00487518310546874
-0.0477447509765625 -0.0114173889160156 -0.076263427734375 0.0183334350585937
-0.0444679260253906 -0.0339546203613281 -0.0693206787109375 0.0415878295898438
-0.03253173828125 -0.0401840209960938 -0.0842514038085938 0.0539169311523437
-0.0138816833496094 -0.0627479553222656 -0.09930419921875 0.037841796875
-0.00609588623046875 -0.0766220092773438 -0.0814590454101563 0.0804901123046875
0.0163192749023438 -0.113197326660156 -0.05572509765625 0.0888671875
0.079132080078125 -0.0996246337890625 -0.1605224609375 -0.014068603515625
0.0446701049804688 -0.0457038879394531 -0.0247745513916016 -0.0124454498291016
0.0345802307128906 -0.0447502136230469 0.0474472045898437 -0.0785751342773438
0.0332374572753906 -0.0355033874511719 0.0288619995117188 -0.124160766601562
0.0149078369140625 -0.0520172119140625 -0.00385284423828124 -0.135025024414062
-0.0197677612304687 -0.0471458435058594 -0.0657882690429688 -0.119598388671875
-0.0494003295898437 -0.0221939086914063 -0.09356689453125 -0.0609054565429688
-0.0601425170898438 -0.0147132873535156 -0.0744094848632813 -0.02764892578125
-0.072021484375 -0.00312805175781251 -0.0626373291015625 0.00392532348632812
-0.0725326538085938 -0.031890869140625 -0.0551719665527344 0.0257339477539062
-0.0661392211914062 -0.0647659301757813 -0.0552940368652344 0.05108642578125
-0.0453262329101563 -0.0814208984375 -0.083038330078125 0.0615692138671875
0.00761413574218751 -0.111564636230469 -0.102737426757813 0.0263671875
0.0332565307617188 -0.109962463378906 -0.0758743286132813 0.046417236328125
0.0709457397460937 -0.136444091796875 -0.0278778076171875 0.04779052734375
0.132469177246094 -0.099578857421875 -0.118240356445312 -0.0454330444335938
0.103179931640625 -0.0656280517578125 0.00731277465820313 -0.0362968444824219
0.0764083862304688 -0.0972900390625 0.0644989013671875 -0.0952301025390625
0.04180908203125 -0.08709716796875 0.0342025756835937 -0.132530212402344
0.00534057617187499 -0.095794677734375 0.000534057617187495 -0.127906799316406
-0.0396041870117188 -0.0761032104492188 -0.0509872436523437 -0.101760864257813
-0.0733871459960938 -0.0411529541015625 -0.0679740905761719 -0.0509262084960938
-0.0829086303710938 -0.0332489013671875 -0.0480575561523438 -0.0254364013671875
-0.0938568115234375 -0.0181198120117188 -0.0349235534667969 0.00474548339843749
-0.0834808349609375 -0.0486907958984375 -0.025726318359375 0.0326976776123047
-0.0740737915039063 -0.085662841796875 -0.0361061096191406 0.0615234375
-0.0491790771484375 -0.107215881347656 -0.0777206420898437 0.0677566528320313
0.0280303955078125 -0.142196655273438 -0.104148864746094 0.0165176391601563
0.0677337646484375 -0.12554931640625 -0.0697975158691406 0.00804519653320311
0.115875244140625 -0.13787841796875 0.00963401794433594 0.00308513641357421
0.163772583007813 -0.0864410400390625 -0.0647048950195313 -0.0764236450195312
0.145431518554688 -0.0736236572265625 0.0421791076660156 -0.064483642578125
0.1070556640625 -0.135093688964844 0.0785446166992187 -0.104652404785156
0.0443572998046875 -0.125419616699219 0.0412139892578125 -0.127548217773438
-0.0060882568359375 -0.125007629394531 0.0116653442382812 -0.110267639160156
-0.056549072265625 -0.0924835205078125 -0.024658203125 -0.0765762329101563
-0.086761474609375 -0.0523910522460938 -0.031951904296875 -0.0389747619628906
-0.0933303833007813 -0.046722412109375 -0.0148773193359375 -0.0184402465820313
-0.101722717285156 -0.03131103515625 -0.0021810531616211 0.00926113128662109
-0.0803146362304688 -0.0623779296875 0.00516891479492187 0.0436668395996094
-0.0665054321289063 -0.0975112915039063 -0.0172195434570312 0.0723419189453125
-0.0372543334960938 -0.119285583496094 -0.0699996948242188 0.0717391967773437
0.052520751953125 -0.15032958984375 -0.0984115600585937 0.00756072998046875
0.0999755859375 -0.119834899902344 -0.0582466125488281 -0.0267257690429688
0.146270751953125 -0.115615844726563 0.0531539916992188 -0.0371856689453125
0.164871215820313 -0.0590057373046875 -0.00955963134765623 -0.103340148925781
0.158889770507813 -0.0666656494140625 0.0711288452148438 -0.09185791015625
0.116119384765625 -0.143112182617188 0.0839996337890625 -0.105598449707031
0.0408706665039063 -0.13519287109375 0.0476303100585938 -0.110694885253906
-0.0137863159179688 -0.129371643066406 0.0273361206054688 -0.082916259765625
-0.0615310668945312 -0.091766357421875 0.00835418701171874 -0.0501594543457031
-0.0857925415039062 -0.054595947265625 0.00821304321289062 -0.0266361236572266
-0.0896835327148438 -0.0520782470703125 0.0200099945068359 -0.0100078582763672
-0.0946044921875 -0.0412521362304688 0.0314769744873047 0.0184879302978516
-0.0653457641601563 -0.070098876953125 0.0318794250488281 0.0597457885742188
-0.0463409423828125 -0.100875854492187 -0.00298309326171875 0.0852890014648438
-0.0149612426757813 -0.117912292480469 -0.0605316162109375 0.0731735229492187
0.07781982421875 -0.136199951171875 -0.0863037109375 0.000755310058593727
0.12548828125 -0.0946121215820313 -0.0373039245605469 -0.0512542724609375
0.157684326171875 -0.0735015869140625 0.0988082885742188 -0.061737060546875
0.137680053710938 -0.0202178955078125 0.0341720581054688 -0.120750427246094
0.1422119140625 -0.0438690185546875 0.0886611938476563 -0.111183166503906
0.102981567382813 -0.119293212890625 0.0823898315429688 -0.0963897705078125
0.031341552734375 -0.113212585449219 0.0550765991210938 -0.0873565673828125
-0.0135574340820312 -0.105621337890625 0.0436325073242188 -0.0546417236328125
-0.0518646240234375 -0.0758285522460938 0.0409889221191406 -0.0282058715820313
-0.0685920715332031 -0.0479087829589844 0.0455703735351562 -0.0172538757324219
-0.0728988647460937 -0.0494308471679688 0.049713134765625 0.000663757324218747
-0.0762939453125 -0.0439605712890625 0.0597190856933594 0.032958984375
-0.0460472106933594 -0.06597900390625 0.0503158569335938 0.08062744140625
-0.0249176025390625 -0.0901260375976563 0.00510406494140624 0.100395202636719
0.00476837158203126 -0.102897644042969 -0.0517120361328125 0.0751876831054687
0.0920486450195312 -0.108444213867188 -0.0667610168457031 0.000743865966796869
0.133338928222656 -0.0581741333007813 -0.0089111328125 -0.059234619140625
0.1470947265625 -0.022430419921875 0.142379760742188 -0.0662689208984375
0.08917236328125 0.0253067016601563 0.0595855712890625 -0.124099731445313
0.103057861328125 -0.00978851318359375 0.0919418334960938 -0.115936279296875
0.073272705078125 -0.0704116821289062 0.080474853515625 -0.0794906616210937
0.0219306945800781 -0.0657730102539063 0.0648651123046875 -0.0658035278320313
-0.00211715698242187 -0.060821533203125 0.056854248046875 -0.0354843139648438
-0.0269203186035156 -0.0492744445800781 0.0640716552734375 -0.0159988403320313
-0.0385284423828125 -0.035675048828125 0.0717544555664063 -0.0111465454101563
-0.0460090637207031 -0.0377883911132812 0.0711212158203125 0.0102310180664062
-0.0506706237792969 -0.0360527038574219 0.0810623168945312 0.047943115234375
-0.0288887023925781 -0.0496711730957031 0.0621490478515625 0.0996246337890625
-0.0132179260253906 -0.0672416687011719 0.00882720947265626 0.113800048828125
0.0112228393554687 -0.077239990234375 -0.0413665771484375 0.0804290771484375
0.0848312377929688 -0.0749359130859375 -0.0465011596679687 0.0116844177246094
0.118705749511719 -0.0215911865234375 0.0188522338867188 -0.0488243103027344
0.111793518066406 0.0266571044921875 0.17608642578125 -0.0529327392578125
-0.0525360107421875 -0.0573692321777344 -0.18426513671875 0.0479583740234375
-0.0687294006347656 0.00551223754882813 -0.0473861694335938 0.0360870361328125
-0.0459213256835937 0.0489921569824219 0.03656005859375 -0.0336570739746094
0.0034942626953125 0.0481224060058594 0.03680419921875 -0.0939102172851562
0.0153656005859375 0.0312862396240234 -0.001129150390625 -0.128074645996094
0.0120906829833984 0.0205593109130859 -0.0722885131835938 -0.126548767089844
0.0093841552734375 0.0229701995849609 -0.107276916503906 -0.059112548828125
0.00651168823242188 0.027130126953125 -0.0936279296875 -0.0201797485351563
0.000904083251953125 0.0262031555175781 -0.0839157104492188 0.007476806640625
-0.0161886215209961 0.0132827758789062 -0.0847854614257813 0.0164260864257812
-0.0187282562255859 0.00730323791503906 -0.0731048583984375 0.0388107299804688
-0.0204181671142578 0.0131359100341797 -0.0784683227539063 0.0536117553710938
-0.0431404113769531 -0.00207901000976563 -0.0968093872070312 0.0555038452148438
-0.0512542724609375 -0.0329742431640625 -0.0875778198242187 0.107551574707031
-0.0458450317382813 -0.0703506469726562 -0.06988525390625 0.118583679199219
0.0136795043945313 -0.0842437744140625 -0.182907104492188 0.020751953125
-0.0156459808349609 -0.0206165313720703 -0.0441207885742187 0.0126419067382813
-0.00723648071289063 0.00612878799438476 0.0360755920410156 -0.0575675964355469
0.0207386016845703 0.0100460052490234 0.0290298461914062 -0.10968017578125
0.0185203552246094 -0.00922012329101563 -0.00388336181640625 -0.134376525878906
-0.00218582153320313 -0.0138931274414063 -0.0732498168945313 -0.127914428710938
-0.0213851928710938 0.000289916992187505 -0.107414245605469 -0.0629806518554688
-0.0291156768798828 0.00593757629394532 -0.0904922485351563 -0.0240554809570313
-0.0390739440917969 0.011749267578125 -0.0806045532226563 0.00638580322265627
-0.0488319396972656 -0.0120353698730469 -0.0774765014648438 0.0209197998046875
-0.04541015625 -0.0342025756835938 -0.0697135925292969 0.0441856384277344
-0.0326461791992188 -0.04156494140625 -0.0850372314453125 0.0563125610351562
-0.0137901306152344 -0.0628280639648438 -0.101921081542969 0.0401992797851562
-0.00550079345703125 -0.0760498046875 -0.0823287963867187 0.082000732421875
0.015289306640625 -0.111534118652344 -0.0565414428710937 0.0891342163085938
0.0796890258789063 -0.0996017456054688 -0.15948486328125 -0.0095367431640625
0.0464630126953125 -0.0456161499023438 -0.0234947204589844 -0.0108509063720703
0.0369606018066406 -0.0454673767089844 0.0474700927734375 -0.0793609619140625
0.0352668762207031 -0.0370712280273438 0.0283584594726563 -0.125282287597656
0.0154953002929688 -0.0543174743652344 -0.00485229492187499 -0.135971069335938
-0.0203132629394531 -0.04864501953125 -0.0675811767578125 -0.119529724121094
-0.0505180358886719 -0.0225105285644531 -0.093994140625 -0.0595016479492187
-0.0612106323242188 -0.0148124694824219 -0.0745620727539063 -0.0251083374023438
-0.07269287109375 -0.00329589843750001 -0.0628166198730469 0.00613403320312499
-0.0741729736328125 -0.031951904296875 -0.0556755065917969 0.0274620056152344
-0.0678138732910156 -0.0651130676269531 -0.0550460815429688 0.0543136596679688
-0.0454788208007813 -0.0826034545898437 -0.0839385986328125 0.0650482177734375
0.00664520263671874 -0.112586975097656 -0.106483459472656 0.0300674438476562
0.0330276489257812 -0.110061645507813 -0.0771484375 0.0480117797851563
0.0698165893554687 -0.136520385742188 -0.0294075012207031 0.0477523803710938
0.133888244628906 -0.101272583007813 -0.116981506347656 -0.04156494140625
0.104873657226563 -0.0663833618164063 0.00843429565429688 -0.0349769592285156
0.0773544311523438 -0.0992202758789063 0.064727783203125 -0.0957107543945313
0.04315185546875 -0.0887222290039063 0.0337142944335937 -0.132926940917969
0.00521850585937499 -0.0979461669921875 -0.000465393066406246 -0.12957763671875
-0.0411529541015625 -0.0775985717773438 -0.0523757934570313 -0.101325988769531
-0.0748062133789063 -0.0417098999023437 -0.0681686401367188 -0.0501976013183594
-0.083953857421875 -0.0331268310546875 -0.0475845336914063 -0.0227470397949219
-0.0953445434570313 -0.0174484252929687 -0.0352020263671875 0.00704193115234375
-0.0848617553710938 -0.0490341186523437 -0.0258579254150391 0.034759521484375
-0.0762710571289063 -0.0860443115234375 -0.0357627868652344 0.0646820068359375
-0.049713134765625 -0.108436584472656 -0.0775680541992188 0.0726318359375
0.02667236328125 -0.14349365234375 -0.107269287109375 0.0205230712890625
0.0685043334960938 -0.126785278320313 -0.0720977783203125 0.0103988647460937
0.114227294921875 -0.138717651367188 0.0074915885925293 0.00225019454956054
0.16436767578125 -0.0895233154296875 -0.0632095336914063 -0.0734786987304688
0.145980834960938 -0.076934814453125 0.0430450439453125 -0.063140869140625
0.105712890625 -0.137428283691406 0.0779953002929687 -0.105552673339844
0.0445327758789062 -0.126686096191406 0.039642333984375 -0.1278076171875
-0.00791931152343751 -0.126991271972656 0.0107498168945312 -0.110588073730469
-0.058135986328125 -0.0935897827148437 -0.0254287719726563 -0.0768203735351563
-0.0884857177734375 -0.0527114868164063 -0.0318183898925781 -0.03814697265625
-0.09527587890625 -0.045806884765625 -0.0139827728271484 -0.0169258117675781
-0.10260009765625 -0.0305099487304688 -0.00131225585937501 0.011073112487793
-0.081451416015625 -0.0627670288085937 0.00573730468749999 0.0451583862304687
-0.068206787109375 -0.0980453491210937 -0.0159912109375 0.0755691528320313
-0.037811279296875 -0.1204833984375 -0.0695571899414063 0.0764541625976562
0.05035400390625 -0.151840209960938 -0.10205078125 0.0118942260742187
0.100227355957031 -0.121749877929688 -0.0609550476074219 -0.0243606567382813
0.145645141601563 -0.117599487304688 0.0508041381835938 -0.037567138671875
0.166275024414063 -0.0624847412109375 -0.00811767578124999 -0.100914001464844
0.159622192382813 -0.070953369140625 0.072296142578125 -0.0911026000976563
0.113967895507813 -0.147140502929688 0.0832595825195313 -0.105766296386719
0.039398193359375 -0.136932373046875 0.04742431640625 -0.110374450683594
-0.0163955688476563 -0.130210876464844 0.027008056640625 -0.0828628540039063
-0.0637969970703125 -0.0922470092773437 0.0084381103515625 -0.0493507385253906
-0.0871734619140625 -0.0545806884765625 0.00865745544433593 -0.0270671844482422
-0.0911788940429687 -0.0509872436523438 0.0197849273681641 -0.008209228515625
-0.0950851440429688 -0.040008544921875 0.0319061279296875 0.0204067230224609
-0.0667266845703125 -0.0701408386230469 0.0330123901367187 0.0609092712402344
-0.0481033325195313 -0.101539611816406 -0.00173187255859375 0.0886764526367188
-0.0160369873046875 -0.119049072265625 -0.0607528686523438 0.0780105590820312
0.0759353637695312 -0.1387939453125 -0.0891494750976562 0.00478363037109374
0.125442504882813 -0.097625732421875 -0.0401992797851563 -0.0498313903808594
0.158096313476562 -0.0765533447265625 0.096435546875 -0.0631866455078125
0.139144897460937 -0.0239791870117187 0.0357894897460938 -0.118934631347656
0.142578125 -0.0488739013671875 0.0889129638671875 -0.111068725585938
0.0999984741210938 -0.123153686523437 0.08270263671875 -0.09716796875
0.0298233032226562 -0.114952087402344 0.0548477172851563 -0.0874404907226563
-0.0162734985351562 -0.105499267578125 0.0438270568847656 -0.055023193359375
-0.0534439086914063 -0.0753402709960937 0.04180908203125 -0.0288047790527344
-0.0702972412109375 -0.04718017578125 0.0457649230957031 -0.0175285339355469
-0.073333740234375 -0.0474929809570312 0.04962158203125 0.00138473510742187
-0.0763778686523437 -0.0423202514648438 0.0604209899902344 0.03424072265625
-0.0467338562011719 -0.0664863586425781 0.0521240234375 0.0809783935546875
-0.026611328125 -0.0908889770507813 0.00687408447265626 0.103500366210937
0.00423431396484375 -0.10345458984375 -0.051666259765625 0.0797653198242188
0.0906219482421875 -0.110336303710937 -0.0700225830078125 0.00353622436523437
0.133224487304688 -0.0617294311523438 -0.0119590759277344 -0.0584068298339844
0.147506713867188 -0.0258331298828125 0.140205383300781 -0.0679931640625
0.0908203125 0.0216064453125 0.0610504150390625 -0.124160766601563
0.102783203125 -0.0138473510742188 0.0925140380859375 -0.117324829101563
0.0707321166992188 -0.0727462768554688 0.0807113647460938 -0.079925537109375
0.0205230712890625 -0.0658950805664063 0.0656776428222656 -0.0666694641113281
-0.00438690185546875 -0.06134033203125 0.0579071044921875 -0.0359420776367188
-0.0281486511230469 -0.0484542846679688 0.0650482177734375 -0.0168113708496094
-0.03924560546875 -0.0355796813964844 0.0717849731445313 -0.0125274658203125
-0.0463943481445313 -0.0362739562988281 0.0712738037109375 0.0110092163085937
-0.0509452819824219 -0.0345649719238281 0.0816268920898438 0.048492431640625
-0.0290451049804687 -0.0492897033691406 0.0635604858398438 0.100250244140625
-0.0139694213867187 -0.0666465759277344 0.0102462768554688 0.117156982421875
0.0104446411132813 -0.0768280029296875 -0.0412979125976563 0.0839004516601562
0.0824661254882813 -0.076446533203125 -0.0491142272949219 0.0135917663574219
0.117683410644531 -0.0247344970703125 0.0162391662597656 -0.0483360290527344
0.112945556640625 0.0234527587890625 0.17486572265625 -0.055206298828125
-0.0530242919921875 -0.0563812255859375 -0.186325073242188 0.0512542724609375
-0.0683364868164063 0.00753784179687499 -0.0470809936523438 0.037933349609375
-0.0445365905761719 0.0507431030273438 0.0387115478515625 -0.0351676940917969
0.00471878051757812 0.0474281311035156 0.0383834838867188 -0.0977859497070313
0.0162868499755859 0.0304908752441406 -0.0020751953125 -0.133491516113281
0.0124435424804688 0.0205631256103516 -0.0755996704101562 -0.129631042480469
0.00890731811523438 0.0225467681884766 -0.110069274902344 -0.0599746704101562
0.00645065307617187 0.0266895294189453 -0.0952835083007812 -0.0202255249023438
0.00079154968261719 0.0260467529296875 -0.0860137939453125 0.00796508789062501
-0.0176753997802734 0.0132484436035156 -0.0872421264648437 0.0183029174804687
-0.0189723968505859 0.00709152221679687 -0.0747909545898438 0.0409011840820313
-0.0194263458251953 0.0124454498291016 -0.0811767578125 0.0556182861328125
-0.0424652099609375 -0.00178909301757812 -0.101058959960937 0.0577774047851563
-0.0520744323730469 -0.0321998596191406 -0.0898361206054687 0.109786987304688
-0.0469398498535156 -0.0697212219238281 -0.073028564453125 0.119804382324219
0.01495361328125 -0.0840530395507813 -0.184707641601563 0.0233917236328125
-0.0136947631835938 -0.0191669464111328 -0.04388427734375 0.0141868591308594
-0.00478982925415039 0.00656652450561523 0.0378990173339844 -0.0586624145507813
0.0228233337402344 0.00860023498535156 0.0304946899414062 -0.112953186035156
0.0198802947998047 -0.0114555358886719 -0.00439453124999999 -0.139305114746094
-0.00279426574707031 -0.0155696868896484 -0.0756149291992187 -0.131195068359375
-0.02215576171875 -0.000494003295898438 -0.10906982421875 -0.0640335083007813
-0.0299835205078125 0.005584716796875 -0.0920944213867188 -0.023712158203125
-0.0402412414550781 0.0111656188964844 -0.082427978515625 0.00782012939453124
-0.0507621765136719 -0.0127296447753906 -0.07952880859375 0.023284912109375
-0.0471878051757812 -0.0357017517089844 -0.0712356567382812 0.0472793579101563
-0.0323219299316406 -0.0439071655273437 -0.0876007080078125 0.0599594116210938
-0.0132980346679687 -0.0639991760253906 -0.106582641601562 0.0431900024414062
-0.00514984130859375 -0.0770721435546875 -0.0852584838867188 0.0843734741210938
0.0155258178710937 -0.111419677734375 -0.060028076171875 0.090087890625
0.0822830200195313 -0.1009521484375 -0.160980224609375 -0.00758361816406254
0.0493125915527344 -0.0457344055175781 -0.0227565765380859 -0.00931930541992188
0.0393791198730469 -0.0466804504394531 0.0496749877929688 -0.0814361572265625
0.0379447937011719 -0.0402984619140625 0.029693603515625 -0.127998352050781
0.0165481567382813 -0.057586669921875 -0.00502014160156251 -0.140625
-0.02154541015625 -0.0514717102050781 -0.0696182250976563 -0.121879577636719
-0.052093505859375 -0.024444580078125 -0.096343994140625 -0.0596160888671875
-0.06292724609375 -0.0156059265136719 -0.0756988525390625 -0.0244674682617187
-0.0751419067382813 -0.00302886962890626 -0.0636100769042969 0.00811767578125
-0.07647705078125 -0.0337066650390625 -0.057373046875 0.0296821594238281
-0.0709304809570312 -0.0672607421875 -0.0567855834960938 0.0580596923828125
-0.0462188720703125 -0.085662841796875 -0.0863037109375 0.0695724487304688
0.00703430175781249 -0.115951538085938 -0.111610412597656 0.03314208984375
0.0351638793945312 -0.112419128417969 -0.0809860229492188 0.0500411987304688
0.0715103149414063 -0.138236999511719 -0.0318069458007813 0.0481948852539062
0.138031005859375 -0.103866577148437 -0.116767883300781 -0.0394058227539062
0.108894348144531 -0.0684432983398438 0.0102767944335938 -0.0339508056640625
0.0796890258789062 -0.10198974609375 0.06622314453125 -0.097381591796875
0.0458984375 -0.0920028686523438 0.033905029296875 -0.135406494140625
0.00559234619140624 -0.101661682128906 -0.000869750976562485 -0.132453918457031
-0.0426788330078125 -0.08111572265625 -0.0534133911132813 -0.103019714355469
-0.0770339965820312 -0.0434722900390625 -0.0693511962890625 -0.0505218505859375
-0.0868301391601562 -0.0335540771484375 -0.0480461120605469 -0.0216445922851563
-0.0976104736328125 -0.017791748046875 -0.0348720550537109 0.00922584533691406
-0.0878524780273438 -0.0511093139648438 -0.0264129638671875 0.037506103515625
-0.079559326171875 -0.088470458984375 -0.0358085632324219 0.0685844421386719
-0.0502471923828125 -0.111923217773437 -0.0795516967773438 0.0780410766601563
0.0264434814453125 -0.14776611328125 -0.112518310546875 0.024871826171875
0.0710220336914062 -0.130142211914063 -0.0756149291992188 0.01275634765625
0.11700439453125 -0.14190673828125 0.0052781105041504 0.00176239013671874
0.169448852539063 -0.0927581787109375 -0.0618133544921875 -0.0715789794921875
0.14971923828125 -0.07989501953125 0.0460166931152344 -0.0629844665527344
0.107879638671875 -0.142654418945313 0.07989501953125 -0.107185363769531
0.0460433959960937 -0.131187438964844 0.0409164428710937 -0.130088806152344
-0.00885772705078126 -0.130996704101563 0.010894775390625 -0.112922668457031
-0.0601119995117188 -0.0965576171875 -0.0257568359375 -0.077362060546875
-0.0912933349609375 -0.0541229248046875 -0.0322380065917969 -0.0380630493164063
-0.0978164672851563 -0.0464324951171875 -0.0143976211547852 -0.0153074264526367
-0.104804992675781 -0.0305252075195313 -0.000621795654296881 0.0136585235595703
-0.0843429565429688 -0.0650177001953125 0.00580215454101562 0.0480880737304687
-0.0710601806640625 -0.101295471191406 -0.0153350830078125 0.0802536010742188
-0.0389633178710938 -0.124122619628906 -0.0702362060546875 0.0825347900390625
0.0511932373046875 -0.156585693359375 -0.106880187988281 0.0159454345703125
0.102943420410156 -0.125770568847656 -0.0646324157714844 -0.0230674743652344
0.149276733398438 -0.120803833007812 0.0493965148925781 -0.0389137268066406
0.170333862304688 -0.06591796875 -0.00636291503906249 -0.100440979003906
0.162979125976563 -0.07489013671875 0.0756072998046875 -0.0918426513671875
0.115249633789063 -0.152389526367188 0.085968017578125 -0.107337951660156
0.04046630859375 -0.1409912109375 0.0481033325195312 -0.112197875976563
-0.0183486938476562 -0.133377075195313 0.02740478515625 -0.084716796875
-0.0658187866210938 -0.0942611694335938 0.00970458984375 -0.0501632690429688
-0.0904083251953125 -0.0552291870117188 0.00936126708984374 -0.0268440246582031
-0.0943145751953125 -0.0511627197265625 0.0207023620605469 -0.00656890869140625
-0.0973587036132812 -0.0402908325195313 0.0333232879638672 0.0228462219238281
-0.0684738159179687 -0.0730209350585938 0.034027099609375 0.0636825561523438
-0.0496139526367188 -0.103553771972656 -0.000427246093750009 0.0938186645507813
-0.0154647827148438 -0.122802734375 -0.061279296875 0.0837173461914062
0.076751708984375 -0.142776489257812 -0.0941925048828125 0.0083160400390625
0.128257751464844 -0.10107421875 -0.0437583923339844 -0.04901123046875
0.161819458007812 -0.079376220703125 0.0967254638671875 -0.0648422241210938
0.1424560546875 -0.0272979736328125 0.0384368896484375 -0.120353698730469
0.144622802734375 -0.052734375 0.0923385620117188 -0.112663269042969
0.099700927734375 -0.127609252929688 0.0855484008789063 -0.0985565185546875
0.0293197631835937 -0.117507934570313 0.056610107421875 -0.0887374877929688
-0.0179672241210938 -0.107772827148438 0.0451927185058594 -0.0560798645019531
-0.0553131103515625 -0.076263427734375 0.043914794921875 -0.0287590026855469
-0.0720748901367187 -0.0484848022460938 0.0470733642578125 -0.0181617736816406
-0.0761566162109375 -0.0476760864257812 0.0508880615234375 0.00298690795898437
-0.0783538818359375 -0.0421981811523438 0.0625381469726563 0.0360527038574219
-0.0478973388671875 -0.0687980651855469 0.0541000366210937 0.0838394165039063
-0.02716064453125 -0.0926055908203125 0.00778961181640625 0.108726501464844
0.0049896240234375 -0.10504150390625 -0.0518722534179688 0.08502197265625
0.0902099609375 -0.113540649414063 -0.0743331909179687 0.00637054443359375
0.135643005371094 -0.0648651123046875 -0.0142097473144531 -0.0581550598144531
0.151626586914063 -0.027587890625 0.1409912109375 -0.0699310302734375
0.0932388305664063 0.019866943359375 0.0643692016601562 -0.125175476074219
0.104080200195313 -0.0163650512695313 0.095672607421875 -0.118904113769531
0.0694732666015625 -0.0751495361328125 0.0839385986328125 -0.0817947387695312
0.01983642578125 -0.0673713684082031 0.0673599243164063 -0.0681266784667969
-0.00635528564453125 -0.0619125366210937 0.0601577758789063 -0.0372352600097656
-0.029541015625 -0.0479240417480469 0.0679664611816406 -0.0177345275878906
-0.040283203125 -0.0354232788085938 0.0738067626953125 -0.01324462890625
-0.0469169616699219 -0.0359306335449219 0.0727691650390625 0.0115814208984375
-0.0509910583496094 -0.0342369079589844 0.0840225219726562 0.0500030517578125
-0.0291709899902344 -0.0504493713378906 0.065704345703125 0.103080749511719
-0.0143623352050781 -0.0677833557128906 0.0119705200195313 0.122474670410156
0.0107269287109375 -0.0774154663085938 -0.0418167114257812 0.088714599609375
0.082427978515625 -0.0789718627929688 -0.0528564453125 0.0158042907714844
0.118927001953125 -0.027008056640625 0.0144767761230469 -0.0484161376953125
0.115066528320313 0.0221633911132813 0.176910400390625 -0.0569305419921875
-0.0545921325683594 -0.0559539794921875 -0.19110107421875 0.0567474365234375
-0.068511962890625 0.0100631713867188 -0.0474891662597656 0.0412101745605469
-0.0430831909179688 0.0527153015136719 0.0412139892578125 -0.0381889343261719
0.00622177124023437 0.0471649169921875 0.0395355224609375 -0.10345458984375
0.0180168151855469 0.0293769836425781 -0.00408935546875 -0.141098022460938
0.0127201080322266 0.0209674835205078 -0.0817184448242188 -0.134872436523438
0.00989341735839844 0.0232067108154297 -0.114830017089844 -0.060821533203125
0.00781631469726563 0.0265522003173828 -0.0983200073242187 -0.0192413330078125
0.000871658325195311 0.0266284942626953 -0.089630126953125 0.0099029541015625
-0.0186843872070313 0.0136222839355469 -0.0910110473632813 0.0212783813476562
-0.0197429656982422 0.00675582885742188 -0.07763671875 0.04449462890625
-0.0194301605224609 0.0123367309570313 -0.0846633911132812 0.0598602294921875
-0.0428657531738281 -0.000900268554687497 -0.106399536132813 0.061676025390625
-0.05377197265625 -0.0307731628417969 -0.092498779296875 0.114875793457031
-0.04901123046875 -0.06903076171875 -0.0763473510742188 0.124282836914063
0.0159072875976563 -0.086273193359375 -0.189224243164063 0.0286407470703125
-0.0120029449462891 -0.0183238983154297 -0.0439796447753906 0.0161018371582031
-0.00260591506958008 0.0065460205078125 0.0393638610839844 -0.0622787475585937
0.0252170562744141 0.00629615783691406 0.031005859375 -0.118141174316406
0.0204410552978516 -0.0145168304443359 -0.00639343261718751 -0.146514892578125
-0.00281715393066406 -0.017094612121582 -0.0816421508789063 -0.135955810546875
-0.0239372253417969 -0.00129127502441406 -0.114349365234375 -0.0646896362304688
-0.0313854217529297 0.00548553466796875 -0.0945663452148438 -0.022674560546875
-0.0424652099609375 0.0114326477050781 -0.0857925415039063 0.0104141235351563
-0.0537643432617188 -0.0129852294921875 -0.0832595825195313 0.0266342163085937
-0.0498161315917969 -0.0369758605957031 -0.0736083984375 0.0514755249023437
-0.0334663391113281 -0.0463104248046875 -0.0905914306640625 0.0655136108398437
-0.0138816833496094 -0.0663871765136719 -0.113014221191406 0.0482025146484375
-0.00501251220703124 -0.0790939331054688 -0.0884780883789063 0.0887832641601562
0.0152053833007813 -0.114532470703125 -0.063079833984375 0.0934524536132812
0.0855484008789063 -0.104827880859375 -0.164230346679687 -0.00334167480468754
0.0523109436035156 -0.0473823547363281 -0.02178955078125 -0.00809288024902344
0.0417747497558594 -0.0498390197753906 0.051055908203125 -0.0846939086914063
0.0404243469238281 -0.0441360473632813 0.0296783447265625 -0.133552551269531
0.0168914794921875 -0.0624275207519531 -0.00732421875 -0.146881103515625
-0.0234909057617188 -0.0546798706054688 -0.074432373046875 -0.125717163085938
-0.0552177429199219 -0.0254325866699219 -0.100494384765625 -0.0605316162109375
-0.0661659240722656 -0.0156898498535156 -0.0776290893554688 -0.0228424072265625
-0.0786895751953125 -0.002685546875 -0.06573486328125 0.0108985900878906
-0.0802841186523437 -0.0341110229492187 -0.0600738525390625 0.0338973999023438
-0.0750885009765625 -0.0696487426757813 -0.0577507019042969 0.0630874633789063
-0.0488433837890625 -0.0900726318359375 -0.08843994140625 0.076080322265625
0.00612640380859374 -0.120964050292969 -0.118545532226563 0.03924560546875
0.0358352661132812 -0.116836547851563 -0.084625244140625 0.0543365478515625
0.0725250244140625 -0.143310546875 -0.0349884033203125 0.0500411987304687
0.142959594726563 -0.109832763671875 -0.119277954101562 -0.0368576049804687
0.112663269042969 -0.0731735229492188 0.0122737884521484 -0.0343341827392578
0.082489013671875 -0.108116149902344 0.068328857421875 -0.101463317871094
0.0484542846679688 -0.097625732421875 0.0335464477539062 -0.140090942382813
0.00414276123046874 -0.107170104980469 -0.00262451171875001 -0.138511657714844
-0.0463409423828125 -0.0848159790039062 -0.0564804077148438 -0.105598449707031
-0.0815048217773438 -0.0444259643554688 -0.0724029541015625 -0.0509872436523438
-0.09124755859375 -0.0343780517578125 -0.0493888854980469 -0.020111083984375
-0.102592468261719 -0.0172119140625 -0.0353355407714844 0.011962890625
-0.0925445556640625 -0.0530166625976563 -0.027130126953125 0.0413589477539063
-0.084747314453125 -0.0916748046875 -0.0368194580078125 0.0744094848632812
-0.0536651611328125 -0.117118835449219 -0.0808029174804688 0.08538818359375
0.0255889892578125 -0.154373168945313 -0.119911193847656 0.0310516357421875
0.0730361938476563 -0.136207580566406 -0.0805816650390625 0.0152511596679687
0.120986938476562 -0.148788452148437 0.00324749946594239 0.00150251388549804
0.175704956054688 -0.10015869140625 -0.0621414184570312 -0.0716552734375
0.155288696289063 -0.0862274169921875 0.0486831665039063 -0.0642013549804688
0.10919189453125 -0.150299072265625 0.0819473266601563 -0.111068725585938
0.0474472045898438 -0.137886047363281 0.0409164428710937 -0.134262084960937
-0.011932373046875 -0.136665344238281 0.00958251953125 -0.118316650390625
-0.064727783203125 -0.100654602050781 -0.02667236328125 -0.0796356201171875
-0.0966033935546875 -0.055084228515625 -0.0332908630371094 -0.038787841796875
-0.103202819824219 -0.046295166015625 -0.0138149261474609 -0.0137939453125
-0.109779357910156 -0.030548095703125 6.29425048828066E-05 0.0155830383300781
-0.0886688232421875 -0.0672683715820313 0.00689315795898437 0.0516471862792969
-0.0755691528320313 -0.105033874511719 -0.0145797729492188 0.0862960815429688
-0.0419769287109375 -0.129737854003906 -0.0709152221679687 0.0904083251953125
0.05047607421875 -0.164459228515625 -0.113983154296875 0.0219802856445312
0.106101989746094 -0.133140563964844 -0.0694427490234375 -0.021270751953125
0.154327392578125 -0.127899169921875 0.0484085083007813 -0.0412940979003906
0.177490234375 -0.073516845703125 -0.00485992431640625 -0.101371765136719
0.167816162109375 -0.081939697265625 0.0789031982421875 -0.09490966796875
0.11602783203125 -0.160812377929688 0.0889129638671875 -0.111717224121094
0.0406951904296875 -0.147186279296875 0.0491180419921875 -0.115951538085938
-0.0219039916992187 -0.138420104980469 0.0273666381835938 -0.0883636474609375
-0.0709991455078125 -0.09759521484375 0.0103950500488281 -0.0518035888671875
-0.0951919555664063 -0.05633544921875 0.00973320007324218 -0.0273609161376953
-0.0987930297851563 -0.0510711669921875 0.022216796875 -0.00588607788085938
-0.102256774902344 -0.0402679443359375 0.0354194641113281 0.0247535705566406
-0.0728302001953125 -0.0753555297851563 0.0363235473632813 0.0674896240234375
-0.0535354614257813 -0.108070373535156 0.0020904541015625 0.100135803222656
-0.0176925659179688 -0.128036499023438 -0.0612640380859375 0.0913238525390625
0.077423095703125 -0.149978637695313 -0.100730895996094 0.0130081176757812
0.132537841796875 -0.108055114746094 -0.0482902526855469 -0.0483779907226563
0.16778564453125 -0.0861358642578125 0.0968780517578125 -0.0683822631835938
0.1483154296875 -0.03289794921875 0.0410537719726563 -0.123077392578125
0.148468017578125 -0.059173583984375 0.0963973999023438 -0.117111206054688
0.0995559692382812 -0.135276794433594 0.0887527465820313 -0.102470397949219
0.029022216796875 -0.122428894042969 0.0584793090820313 -0.0919265747070313
-0.0217437744140625 -0.111167907714844 0.0462493896484375 -0.0589256286621094
-0.0593948364257812 -0.0774154663085938 0.0463104248046875 -0.0307273864746094
-0.0764312744140625 -0.0487823486328125 0.0491065979003906 -0.0192909240722656
-0.0796432495117188 -0.0473175048828125 0.0537185668945312 0.00342941284179687
-0.0812149047851563 -0.0426025390625 0.0660552978515625 0.038482666015625
-0.0509185791015625 -0.0709304809570312 0.057464599609375 0.0876693725585938
-0.0296859741210938 -0.0961761474609375 0.0111465454101562 0.115631103515625
0.00488281250000001 -0.110176086425781 -0.05255126953125 0.0918655395507813
0.0913619995117188 -0.119758605957031 -0.0799942016601563 0.0106887817382812
0.139495849609375 -0.0701980590820313 -0.0180015563964844 -0.0583038330078125
0.1571044921875 -0.0321807861328125 0.144317626953125 -0.07452392578125
0.0971527099609375 0.0166015625 0.067779541015625 -0.129402160644531
0.106437683105469 -0.02093505859375 0.0996322631835938 -0.124259948730469
0.069000244140625 -0.0798492431640625 0.0874099731445313 -0.0856552124023438
0.0190887451171875 -0.0699119567871094 0.06988525390625 -0.0720596313476562
-0.00851821899414063 -0.0632781982421875 0.0623741149902344 -0.0389900207519531
-0.0320205688476563 -0.0488166809082031 0.072021484375 -0.0196151733398438
-0.0429153442382813 -0.0359115600585937 0.076904296875 -0.0150070190429688
-0.0488243103027344 -0.0356292724609375 0.0756683349609375 0.0121612548828125
-0.0527305603027344 -0.0340614318847656 0.0887069702148438 0.0516128540039063
-0.031036376953125 -0.0519294738769531 0.0703277587890625 0.106552124023438
-0.0161895751953125 -0.0694847106933594 0.015106201171875 0.128868103027344
0.0105361938476562 -0.08056640625 -0.0421829223632812 0.0960159301757813
0.082550048828125 -0.0828399658203125 -0.0571632385253906 0.0189781188964844
0.121551513671875 -0.0309600830078125 0.011993408203125 -0.0494041442871094
0.120697021484375 0.02001953125 0.18133544921875 -0.06207275390625
0.00461718521352367 0.0638128838934443 -0.148189909822302 -0.13646459657221
0.05674019584407 0.0433819830698833 -0.0558201785160846 -0.0355611885380013
0.0669432315854002 0.00826919791651758 0.0535513238034237 0.00373037954422157
0.0334621624250363 -0.0288914453854237 0.10533415017258 -0.020059879820864
0.00958847718517432 -0.0197665859966587 0.128000889560896 -0.0841957491964081
0.0143686405860076 -0.00721276690281207 0.0833753166406463 -0.138264708737069
0.0223799493320143 -0.0167519654613058 0.015646606960256 -0.135710267935709
0.0216215512064214 -0.0220564211908337 -0.0307346653913685 -0.107130724106348
0.0293506812019685 -0.0144809591296873 -0.0496042140391031 -0.0846209633610324
0.0286712423265104 0.00363562729601731 -0.0632636921823259 -0.0737865019396937
0.0230325487823827 0.0094011351747521 -0.0801688444602124 -0.0547804039042715
0.0262152318146891 0.00603272821671824 -0.0996664571305185 -0.0543428592879844
0.0390485411976541 0.027431044775175 -0.111005535803269 -0.060027460678563
0.0142194451681965 0.0530181656987525 -0.142036120588389 -0.0256445481754271
-0.0257341817820555 0.0656558442909274 -0.139275490270892 0.0193256527206475
-0.0583844037768901 0.0245740082729517 -0.124812717162716 -0.138164354062144
-0.00479265983091913 0.0175109921162239 -0.0338103605978599 -0.0316799027360361
0.00366697885767047 0.00370393893453887 0.0813261708472073 0.00415889034266788
-0.0160117292817943 -0.0156056423378 0.12263861186585 -0.0248095261969444
-0.0254318976470779 0.0106605936306956 0.138613823167257 -0.0872771939647036
-0.00564492576413495 0.0301917759662773 0.0908904207658275 -0.137263736361601
0.0181036087845283 0.0274952505581279 0.0256415264784076 -0.13644410063674
0.030692059651873 0.0214812182064852 -0.0220878857092466 -0.107312782788936
0.0412474459549612 0.0327341980053768 -0.0438231628867043 -0.0818769669610659
0.0296170106308107 0.0498860071740333 -0.0574728055674681 -0.0630973038845185
0.0104512756579899 0.0626006033388182 -0.0787473180949588 -0.0452537500859117
-0.0161202254113993 0.0557230648997728 -0.100329328258182 -0.0506159069468956
-0.0274032154548259 0.05705038227807 -0.101491922106943 -0.066014259122691
-0.0532547245679354 0.0456185061040409 -0.120516898336675 -0.0271008950083877
-0.094963083335214 0.0386351792584132 -0.114201633286317 0.0162603060235139
-0.114251287410633 -0.01890728237429 -0.0858481222862424 -0.122677751376947
-0.0729141663003398 -0.014961481459627 -0.00321978776864191 -0.00756264259641383
-0.0719919671735801 0.00182824855001918 0.116511874151639 0.0201081939473163
-0.0720794684539848 0.00755230858141551 0.146204197319883 -0.0231453774627829
-0.058455337105677 0.050008462363216 0.14634615377837 -0.0873099831116015
-0.0233872913649073 0.0696156137505727 0.0921001494845801 -0.126049378764834
0.0124893828755141 0.0695119861577849 0.0330990005610334 -0.12073046198016
0.0367766658729383 0.0615215033346054 -0.0107748143094441 -0.0922908394409396
0.0489373244824777 0.0725839833895486 -0.0318311674121713 -0.0640166902791258
0.0281687788749671 0.0860969474229358 -0.0474588313501479 -0.0389294759306426
0.00269098484371569 0.103418105215398 -0.0758799919806784 -0.0228764481348142
-0.0448304417319638 0.0963997041450061 -0.10333441237784 -0.0383922154683431
-0.0792443132036948 0.0837949577544085 -0.09502212475746 -0.0693585681162029
-0.10812888996414 0.0389786879823234 -0.0904643972744105 -0.0350610890945313
-0.148634060346894 0.00981830192141469 -0.0694600129639599 0.0156524308654354
-0.154797861772998 -0.0588527649489792 -0.0348551821333914 -0.093816486302842
-0.136635082868954 -0.045244743687811 0.0347142865251621 0.0258956065502484
-0.147538234988925 0.00521811575250048 0.151054676724271 0.0437647668291165
-0.125532000058058 0.0402028765159671 0.167761358059404 -0.0134090491711921
-0.0829452900858948 0.0921218572566423 0.147406060440987 -0.0778070026422971
-0.0339629519700668 0.104186312074991 0.0876885439138701 -0.100920995887975
0.00760548722087473 0.103490971675829 0.0389636056648253 -0.0902274087628946
0.0375715524263855 0.0922863160749394 0.00297169332335262 -0.063917656522827
0.0481582237928489 0.101221664670675 -0.0167174048794268 -0.0348467738962233
0.0189241874164084 0.10791195288456 -0.0344665088210671 -0.00549333854852514
-0.00832380435575559 0.125607885848368 -0.0734368982675973 0.00588160486285479
-0.0666861804449324 0.117207392899182 -0.104835784202471 -0.0224115320771826
-0.116876180592501 0.0956951127025824 -0.0884220713693664 -0.0708777009596331
-0.146421060360814 0.024328436949946 -0.0571519386842224 -0.046371689217768
-0.179018553569712 -0.0224862061248269 -0.0133343514074289 0.017146791727659
-0.170400871547282 -0.0854750372942006 0.0244405020314035 -0.059842199872357
-0.178577511924882 -0.0669207091662702 0.0792239432406933 0.0550150769283015
-0.20074279881808 0.0102319368459148 0.17472224607388 0.063972178501776
-0.160930256150951 0.0697983220696745 0.176648447846609 0.000892424877641467
-0.0940863924720119 0.123956200045323 0.140008283762285 -0.0554605000670468
-0.0367344902912497 0.125217021228421 0.0804473085067006 -0.062678955889645
0.00356593760298644 0.122022235822147 0.0439488201785645 -0.0482234275513981
0.0338852239010894 0.10845379563884 0.0153933338318061 -0.0265910669009681
0.0383877072761927 0.114841702068214 -0.00380794842136938 0.00211630676170783
0.0021742426908804 0.114835287752178 -0.0262470549854092 0.032030376739444
-0.026011427573406 0.12732080215401 -0.0728282036305991 0.0354514568600848
-0.08564235162873 0.114145779822246 -0.104625121837113 -0.00705980509098501
-0.141931143535569 0.0866329133076602 -0.0787554568483904 -0.0686813128724969
-0.164915382757783 -0.000672270862273031 -0.0227859396538934 -0.0542519782405498
-0.182087354781126 -0.0564801531146795 0.0437528040960364 0.0252242190387311
-0.155848256012985 -0.0957049486487095 0.0805058241851344 -0.0291876302168369
-0.186190267512334 -0.0753308363089034 0.122235551097863 0.0705821694574704
-0.213945306294459 0.0119273318702625 0.180943303097453 0.0724190486633415
-0.164138007430253 0.0820918451151749 0.166851211062711 0.0173073875422633
-0.0887928690741326 0.130575755553016 0.122160941508012 -0.0235866643410188
-0.0336228178936502 0.124334275690557 0.0724973816957076 -0.0167523587450924
-0.000350547806641096 0.120560642870194 0.0485090936393493 -0.00214206343272109
0.0248921962189069 0.107870561480801 0.024951185882575 0.0141195044743314
0.0225931070591231 0.110972110219611 0.00270651403769999 0.0415904264293921
-0.01732204904736 0.106098133104481 -0.0267656675839755 0.0679082989770734
-0.043938087238303 0.111416940053623 -0.0802974741171359 0.0610612818542414
-0.0996540185382937 0.0909776251949906 -0.104321048009361 0.00457541866304705
-0.152680745845638 0.0586773516507219 -0.0661787600051575 -0.0610273542119895
-0.16229785202035 -0.0341985468730249 0.00770775043919745 -0.0499701907996115
-0.158092321929343 -0.0865162102687374 0.0932310692874709 0.0431710546896801
-0.111806436384991 -0.0900187343797259 0.12351566265107 -0.00853087029996639
-0.154981922681548 -0.0704617714601516 0.151625110376875 0.069282996498817
-0.181540037740695 0.00984854394109254 0.168726862024582 0.0697328840570494
-0.133878639509416 0.0722987018642914 0.144750711457454 0.0313792715372127
-0.0702037049412162 0.106716504124555 0.100435142321407 0.0111748950253199
-0.0282526042798636 0.0995040426578691 0.0658356415659271 0.0266219635527745
-0.00599177399969206 0.0974547844803011 0.0513068547001145 0.0403396973446016
0.0130845072852432 0.0897079274847801 0.0296127499206937 0.0513345824747204
0.00694176975201508 0.0921903042435503 0.00103677367223986 0.0779050807402887
-0.0292204484438457 0.0846635987662763 -0.0377474491473864 0.0977882555992211
-0.0522902066704002 0.0833215948738049 -0.0946541455662013 0.078258362973077
-0.0976512948152372 0.0596578884903302 -0.105218677261938 0.0132814320033275
-0.142876845489673 0.0260001318361139 -0.055025599607403 -0.0465198976943551
-0.137950832179907 -0.0613298275932805 0.0291620856029483 -0.0321464943916962
-0.112460307768265 -0.103926825277212 0.128447988959109 0.0708879197059718
-0.0456378154306362 -0.0726053522665739 0.143359140020548 0.00018027539553258
-0.0945887794407941 -0.0589684456417683 0.159637063039742 0.0562410005383846
-0.115424213585946 0.00179113224294369 0.143066631338107 0.0646425843253443
-0.0803493428786043 0.0408518326238115 0.119301933698084 0.0429899123426683
-0.0460458157546685 0.0584408317183825 0.0836553468938352 0.0383293512586234
-0.0254400647690084 0.0569543056565396 0.0611314225241945 0.0570238000310605
-0.0144123823767145 0.0590730233762126 0.0519355689260006 0.070147272640491
0.000203751494050901 0.0584217310081748 0.0296596848230622 0.0793857886120033
-0.00378162799376214 0.0606395476111504 -0.00566897774307273 0.105775165402803
-0.0274150464525087 0.0543398845885281 -0.0523030580637464 0.117177044415059
-0.0415195025181105 0.0532545144829253 -0.109432632358514 0.0870737188593777
-0.0749041729605875 0.0351104404280315 -0.107362260190607 0.020917918794867
-0.112057027638235 0.00433641380975469 -0.0507297859426748 -0.0266733470882077
-0.0984596941827281 -0.0708471902769946 0.0369728940372718 -0.0061066756249843
-0.0543789222628327 -0.100399603299532 0.144632585090398 0.102403460229642
0.00831458225864896 0.0633465361050015 -0.158302425663355 -0.131018805307253
0.059185703457293 0.0401207338170879 -0.0594470082311852 -0.0314513410719351
0.0674772810548473 0.0041853973616425 0.0562667822081554 0.00325114190545701
0.0311543619382364 -0.030265278814804 0.109343006886965 -0.0253298138381072
0.00774608320054335 -0.019021391684941 0.128585296657502 -0.094291601322424
0.0142883538367007 -0.00708512359074557 0.0791397448559205 -0.147532592687815
0.0224065501719626 -0.0176546991465477 0.0105402933163942 -0.140191264575385
0.0204828213602011 -0.022845768706209 -0.0356292753801937 -0.10811800745076
0.0291224384942146 -0.0158706791083384 -0.055900978001842 -0.0854289831695374
0.0305052305161212 0.00281496911443205 -0.0695347627094697 -0.0728579139277188
0.0239238768235996 0.00893714053733453 -0.0856845597284865 -0.0524170203525092
0.0255385269994903 0.00582795561434667 -0.106556221285413 -0.0512992926496617
0.0409571807959114 0.0253828580067032 -0.118786407237591 -0.0575218912204888
0.0170597796025036 0.0519400303855439 -0.147005804166011 -0.0208877370529829
-0.0217412629128847 0.0668322999697785 -0.142559146407715 0.0231816451597911
-0.058513522000476 0.0261397689702501 -0.134290799122026 -0.133397746331624
-0.00532699824701541 0.0156621095832403 -0.036771897768176 -0.0284287261952485
0.00141821071414938 0.00243305490614337 0.0835650026939534 0.00172484329873807
-0.0199719310930265 -0.0150097589376933 0.125320070072631 -0.0302778219828395
-0.0274967109734175 0.014849401534774 0.139288872126127 -0.0971895744040462
-0.00510712775649111 0.0329524342248271 0.0870016344465543 -0.145832960140182
0.0195408101389008 0.0284229683714049 0.0202780633141868 -0.140395486396756
0.0324406098468096 0.0212451211443675 -0.0273224607257533 -0.108136650729839
0.0443582366163251 0.0317907919839224 -0.0492675104439145 -0.0815411617419253
0.0328827543033706 0.0503723704668936 -0.0637212883872841 -0.062225226204349
0.0135387692353717 0.0642886321553452 -0.0837304757431892 -0.0419629326899152
-0.0151480382318566 0.0588235531282722 -0.107396390351119 -0.0465483585910801
-0.0257780971801744 0.0593914157981641 -0.110415824475661 -0.0637592803845361
-0.0529703174976721 0.0479184104257808 -0.125010293818706 -0.0233234423041571
-0.0947983386685521 0.042710109583493 -0.117840923834623 0.0193728831957571
-0.118596594260509 -0.0156649911590314 -0.0938225031548462 -0.118435061415299
-0.0765385196651522 -0.0139682424687466 -0.00420447174060212 -0.00523846362116782
-0.0757919556802453 0.00441218270993163 0.120492719383937 0.0164424049881524
-0.0766016619115655 0.0116025888940716 0.149506485231268 -0.029078706346503
-0.0592865782547119 0.0557072673950102 0.146556547886411 -0.0976736008631677
-0.0216548614934871 0.0740415783931977 0.0886691627397305 -0.133461183681719
0.0158061391780878 0.0721200767725809 0.0284380621382242 -0.1248288934333
0.0405048042569877 0.061934254885007 -0.0148676711559373 -0.0928578689507272
0.0539960379295037 0.0726581106543121 -0.0367436485526451 -0.0632500579554642
0.032833346934778 0.0876186809319037 -0.0521006135017469 -0.0367875935700812
0.00793854563877822 0.106940352606849 -0.0809007527610437 -0.0184997553084683
-0.0430074370270026 0.102395054069425 -0.109463862724357 -0.032814706225236
-0.07751184771101 0.0901500334710222 -0.104590789519071 -0.0673199285178475
-0.110303452456683 0.0436239798605286 -0.0957983326888936 -0.0329356973763281
-0.151904137257832 0.0161376595155779 -0.0725029511068949 0.0170099678169922
-0.162570428177089 -0.0537426418456268 -0.0401014656280264 -0.0911165582029499
-0.143879085518484 -0.041013647487934 0.0367358772813407 0.0276590079069256
-0.15192456758816 0.0122313885017845 0.156700062454154 0.0392878978658655
-0.129648797973774 0.0477230758705945 0.171410038196975 -0.0200526823673285
-0.0821705462403886 0.0996928213079683 0.147479028219323 -0.0877699879641617
-0.0304438420120992 0.110409755790598 0.0857596101184878 -0.107917165812961
0.0123280401343705 0.107216971896657 0.0354174917510817 -0.0938123987542652
0.0430704606590908 0.0930120805742371 -0.000582860966826655 -0.0640278634357415
0.054711118319494 0.101834849166676 -0.020021748724856 -0.0336734230201494
0.0243781585865469 0.111196494829675 -0.0373265910187284 -0.00298382518725738
-0.00246064454851779 0.129985530286609 -0.0761571582417214 0.011823747636348
-0.0643552389209607 0.124588509165553 -0.110615946272066 -0.0155057619236288
-0.115676676829129 0.104345367925358 -0.09784494645856 -0.0679724374920048
-0.150315661328109 0.0311994272926124 -0.0627370917403368 -0.0454910492009378
-0.185132882317272 -0.0153634172499824 -0.0153058721613299 0.0159964308590529
-0.180936815095869 -0.079803165315935 0.0221053036785614 -0.0584032499744936
-0.187195931331755 -0.0603532861942183 0.0842240578789259 0.0552930267308067
-0.206072846593515 0.020129128772937 0.181687535604202 0.0581551007916246
-0.163960291211707 0.0796252929382174 0.180758754558608 -0.00579563875056071
-0.0907505602549507 0.132686323594147 0.14019886346163 -0.0647501529877867
-0.0319948492373959 0.131846620361328 0.0802143005533285 -0.0673244456683184
0.00990208630276389 0.126338071067758 0.0424119535867426 -0.0511022197357529
0.0404614987851773 0.109871383200735 0.0139122949479728 -0.0255992587102031
0.0457026123955561 0.115970834262948 -0.00453322829126308 0.00378676250543102
0.00763193529370351 0.11961873279656 -0.0265114070130349 0.0353422813647389
-0.0202440452627272 0.132363506951807 -0.0746065553799597 0.0426332991163643
-0.0846924230942177 0.122114950847258 -0.109850000202995 0.000329279565338266
-0.141896336467935 0.0959207202904964 -0.088675191592658 -0.0658005527988673
-0.170621362406564 0.0064953051049721 -0.0289546248094697 -0.0549704811896791
-0.190649188026422 -0.0500364334535808 0.0442229362723892 0.0220645315022119
-0.16646561385416 -0.090530571895693 0.0818632717597316 -0.0295890277710511
-0.194877780465102 -0.0679800646713008 0.128892177324606 0.069319049320388
-0.218344896109539 0.0235677585210809 0.188874878188308 0.066720808968034
-0.165500187107035 0.0921633280699128 0.17163875676039 0.0114342042702357
-0.0842904848153635 0.138479950230701 0.12397009893361 -0.0297856236134047
-0.0289389464709001 0.129734955289382 0.0746134348138142 -0.0193175071020162
0.00571560733311564 0.12408785181124 0.0486949193771049 -0.00347183073857194
0.0315825072424625 0.10953484082334 0.025664491652967 0.0150642334382022
0.0286520669505717 0.113026754366036 0.00394211038342959 0.0435305933303733
-0.0129640044596939 0.111234312607699 -0.0253751162441365 0.0722895550319013
-0.0400824654145971 0.116725726159344 -0.0807086829307003 0.0690785407035211
-0.099139860757891 0.0987599634159777 -0.109274656741052 0.0123159225934081
-0.153921283431837 0.0678783298673364 -0.0751399008938628 -0.0588912455607052
-0.168762008421847 -0.0268852642178 0.00288060863567819 -0.0523470664287919
-0.167083652661359 -0.0818348913412209 0.0959018652006904 0.0381692473041671
-0.121720885181816 -0.085796954180935 0.126625982862725 -0.0105386685558995
-0.162942478867027 -0.063375895686066 0.159811702534487 0.0663322719813989
-0.184788405740011 0.0202006560138333 0.176417760028197 0.064912240403305
-0.133713822273344 0.0808124403110031 0.149103229180574 0.0269196204449602
-0.0655646097638604 0.112720994375703 0.103945875415409 0.00680211967963939
-0.0238960526338345 0.103497262622524 0.0694512501579854 0.0249444225627314
-0.00131924083100761 0.100502735510131 0.0547040284197785 0.0390054612856394
0.0183422422162414 0.0912845376058118 0.032079015699054 0.0520668052636999
0.0112753325527387 0.0935310618325293 0.00419272254370364 0.0809335547316705
-0.0266168829653765 0.0891686287602915 -0.0346477401139717 0.103517911120674
-0.0494239832679344 0.0880946267215308 -0.0945032174419016 0.0870862672852424
-0.098779577321593 0.0658930762416493 -0.109506216551463 0.0209698624761792
-0.144254029101579 0.0339252314982791 -0.0621975379263102 -0.045091811463157
-0.14527154947395 -0.0556880770515185 0.0261844208742037 -0.0347934481302666
-0.121840790540081 -0.101068445732849 0.133254393904258 0.0653765410449563
-0.0520579221458119 -0.0712077654448739 0.147904810830782 -0.00362026381375003
-0.0999086605216217 -0.0538377788248428 0.168152910825835 0.0527097833640904
-0.117856276363675 0.00886565774364029 0.151239468708585 0.0608117668152635
-0.0807170034813884 0.0463860545428495 0.124982714336649 0.039176974699687
-0.0432050555269934 0.0623579429468087 0.0878415779072241 0.0358092034327181
-0.0222313359926475 0.058832059751452 0.066069436220618 0.0564445602743825
-0.0111969624566201 0.061313459958301 0.0568307490827851 0.0691712130293514
0.003447214771849 0.0590298243514558 0.0329562547545919 0.0802490004184993
-0.0015254237555577 0.0614376737591368 -0.00166680548610489 0.110141227879736
-0.0253334354195859 0.0568994435021629 -0.0488533281632948 0.123843807531038
-0.0397147761073571 0.0560890871709743 -0.109074951359199 0.0964728864814229
-0.0756134111132516 0.0390682168706398 -0.111121575294359 0.0276344741416722
-0.112726519133106 0.0100186041851299 -0.056957781672164 -0.0257714294360932
-0.104162721236458 -0.066770992583322 0.0354213266074949 -0.00835991554256041
-0.0615247741541435 -0.100154859577803 0.152003470536709 0.097012580328021
0.0115538264976316 0.0619614933854895 -0.16375900033423 -0.122928163774122
0.0592399466347253 0.0355211899581917 -0.0608348502856963 -0.0265831099852588
0.0661997947870383 0.00116400048455813 0.0583234010386879 0.00170916699176598
0.0287515469136632 -0.0304235376673903 0.111447479076525 -0.0301103455611756
0.0054417630094968 -0.0178946483365396 0.126761812437496 -0.101602790507437
0.0140442470674833 -0.00726600827706548 0.0733220073003338 -0.152991225508642
0.0212315934590358 -0.0177573214124825 0.00547534639744354 -0.14157113460022
0.0190373498640134 -0.0234052422822458 -0.0387465025228778 -0.107443676996327
0.0284488765484172 -0.0170880673218608 -0.0603503896534033 -0.0838791989788937
0.03118331285395 0.00143765778014753 -0.074306855481571 -0.0707120346956338
0.0240641703314932 0.00877862516618557 -0.088957345450952 -0.049341021118198
0.0251285338721086 0.00520454117985045 -0.110802930201758 -0.0471046247095403
0.0414661273400634 0.0232270592067809 -0.123861168350273 -0.0543989808270067
0.0188623944294773 0.0501071186401358 -0.148931565623858 -0.0170754705617888
-0.0180397109274807 0.0666718479990702 -0.143928276215799 0.0263065236913463
-0.0583340258313362 0.0271258951077702 -0.139853597754241 -0.125651037664825
-0.00572645869885294 0.0139397131931932 -0.037954506223133 -0.0246352495007604
-0.000317365822765128 0.00168040734279583 0.0854973127032292 -0.000429551578292174
-0.022975588621523 -0.0127837843304958 0.12676959381249 -0.0350623783392959
-0.0287654336825943 0.0176883851505773 0.137200474277657 -0.104094702657091
-0.00381319204574473 0.0346536320996097 0.0815088186843684 -0.151562091169463
0.0206705127788055 0.0287359386613424 0.0149046230050759 -0.142479412101121
0.0333317564106039 0.020750558173101 -0.0308189894929443 -0.107061557389566
0.0460849080585815 0.0307039916042863 -0.0539597367911796 -0.0801669165074108
0.0355340166035347 0.0502095337913729 -0.0684859885347854 -0.0591830194001541
0.0166915082748158 0.0650656078684558 -0.0867305443816714 -0.0387083236960161
-0.0139277035471549 0.0607340652728574 -0.111653744837446 -0.0416419629174141
-0.0240471176915503 0.0605213485606309 -0.116519359959425 -0.0602410722652127
-0.0522066611190898 0.0489398079760368 -0.127847870611708 -0.0195315169724117
-0.09281311980592 0.0454189360866672 -0.11965905012986 0.0217862730215265
-0.120329725911475 -0.0122685429958493 -0.0987676922767825 -0.112626106153283
-0.078842586649676 -0.0129302328594501 -0.00441999088839607 -0.00241428569465289
-0.0774288525369496 0.00670174491357722 0.122260801207042 0.0128345047707403
-0.0799891237316685 0.0155425200112256 0.150044911231643 -0.033737719221829
-0.0593536084631886 0.0599352773934837 0.143632498196566 -0.104303493385065
-0.0194248982321039 0.0769550258107916 0.083937602526813 -0.138523232553829
0.0184683110146508 0.0733899408667105 0.022894350606225 -0.126231282991489
0.0432043628152074 0.0610751396920934 -0.0181456874112297 -0.0911584228284428
0.0577281646942495 0.0712685116909953 -0.0401074308870552 -0.0611783809822479
0.0371349635457884 0.0880336120207707 -0.0553116202138987 -0.034304304397006
0.0125371926566382 0.108337183434068 -0.08311226363803 -0.0139173437186169
-0.0399828346713464 0.106075161258306 -0.11388124332781 -0.0270264851281292
-0.074954798718173 0.0935625957341614 -0.112048954274807 -0.0630320250416897
-0.110510459307352 0.0471836027203868 -0.0995929102194056 -0.0297759475474244
-0.152718623643048 0.0214375848918193 -0.0742103744824524 0.0174669747154178
-0.167096374351126 -0.048435190793513 -0.0438297400889303 -0.0867944632625124
-0.147279889246898 -0.037508885961871 0.0385154707877694 0.0289148616334427
-0.153528161967965 0.0176957161082723 0.158928830311788 0.0350535371121432
-0.131538450006651 0.0536162041732983 0.171559168480402 -0.0252428879619848
-0.0796219415057504 0.10525393790931 0.144746004034333 -0.0946416876175109
-0.0272349585975385 0.113740944468469 0.0817579366387258 -0.111109692127975
0.0172327300878736 0.108670229410398 0.03115033488208 -0.0952805384239047
0.0473615778484137 0.0921036492821157 -0.00281784144160405 -0.0625562113430667
0.0597158876298823 0.100652301809641 -0.0220319138262534 -0.0317062420503599
0.0294124422864827 0.112438318293641 -0.0391407365316956 0.000125946020655999
0.00312457980736258 0.131819862573563 -0.0774714729652584 0.0163080942717905
-0.0604295996064779 0.129692990006754 -0.113767227882154 -0.00919641388279203
-0.112417936485261 0.109988357216735 -0.105723231680359 -0.0640175587761501
-0.151394807833985 0.0369431647703645 -0.0673288525177208 -0.0439697690093198
-0.187677051720466 -0.00893076510436006 -0.0167734426991753 0.0150780239430352
-0.18750797243595 -0.0730674876837607 0.0204940841532354 -0.0561887176107837
-0.192793325720811 -0.0537792920797691 0.0874498001959514 0.0553430534359392
-0.206788123167228 0.0290911155587733 0.185066707019157 0.0530562920645142
-0.163459531015953 0.0868751589865323 0.18100845229159 -0.0105591817465358
-0.0866456872848692 0.138209180367354 0.13811777757936 -0.0704964966801141
-0.0275992229243908 0.134794930213263 0.0782918328629286 -0.0702146707078321
0.015293128882628 0.127594701236724 0.0394937248297762 -0.0522281389860231
0.0451481045520356 0.109321513940613 0.0131277112907447 -0.0252365442713075
0.0510390833465528 0.115035401224023 -0.0054549396420469 0.0055316932205084
0.0123014797807826 0.121419847297163 -0.0262281351369141 0.0383165989426355
-0.0145510940835603 0.134839168965221 -0.0749489653933378 0.0484871717720621
-0.0813450634174444 0.127778771073603 -0.111903648189892 0.0071350059879213
-0.139145602898879 0.10295121099466 -0.0958333464902787 -0.0614794036073729
-0.172275124914581 0.012896615459408 -0.0339103990896863 -0.0545050895124578
-0.19462279499477 -0.0430287438548614 0.0426187000270812 0.0185182477022705
-0.173489238816821 -0.0832622933078212 0.0815242650487829 -0.0293889998278146
-0.200037786279133 -0.0593226007981456 0.132888460653525 0.0668638200957573
-0.218460003041971 0.0342877475732693 0.192615256540427 0.0613727822308617
-0.163906942349346 0.100471149935039 0.172983492761424 0.0060625920611938
-0.0786232317470515 0.143196207352527 0.122788962847516 -0.0348474289897437
-0.0233469000798358 0.132355048543694 0.0742299914090089 -0.0219838375233443
0.011190058970861 0.125256153540203 0.0487751268906445 -0.00546607512024292
0.0367348697174212 0.108524038773971 0.0256470484150953 0.0152144612849067
0.033828133724172 0.112663930919927 0.0050071058256654 0.0451927191744509
-0.0091965763196046 0.113999253340383 -0.0230859636839086 0.076164960453883
-0.0355652736587469 0.119681422001733 -0.0797970471038618 0.0756542036042419
-0.097580308894195 0.104410670992576 -0.110968914660953 0.019509116508564
-0.151522579680722 0.0746097613112137 -0.0822527530149509 -0.0551244344212727
-0.171905525333191 -0.0202810901247147 -0.00239871561201584 -0.0525283243806149
-0.173009841360432 -0.0753249843868284 0.0960819845135306 0.0336045207151069
-0.127609053517079 -0.080435168955711 0.128900566146771 -0.0126390566664007
-0.167072242563476 -0.0562553565649802 0.163612869224177 0.0627738019663492
-0.184548585649987 0.0304984238806708 0.181148060594857 0.0595593775886456
-0.131887282035142 0.0873192001764297 0.151575470774712 0.0224420632362532
-0.0606140909992736 0.116593967496553 0.104474697765775 0.00334190425828364
-0.0200276869218467 0.105408482618777 0.0715778677015307 0.0235068542234688
0.00402849480826411 0.101719046766784 0.0563665980983626 0.0372454999848818
0.022576844834901 0.0906101408816726 0.0337680436663404 0.052450452688477
0.015515692087967 0.0939331446533973 0.00623934954369062 0.0821893095193645
-0.0233233829685831 0.0915920584802458 -0.0312002103800977 0.10664619208511
-0.0464369091566642 0.0910196730224717 -0.0924316995282428 0.0944264941467548
-0.097723755104872 0.0706206790207711 -0.110999460874476 0.0274134195473117
-0.14284239484597 0.0403987632976495 -0.0684973119869167 -0.0424143244727176
-0.148189418532369 -0.0494177263443052 0.0225808592818343 -0.0364305173170237
-0.127948964055193 -0.096180980501933 0.135515385690626 0.0595588931127466
-0.0571832522120686 -0.0683155928600438 0.14970663755278 -0.00605637934530153
-0.103167358580245 -0.0483783060077886 0.171919917031462 0.0478938074644657
-0.115418072980012 0.0155042617122353 0.155425741927234 0.055971916705922
-0.0782345745727047 0.0500869070054185 0.127553792662154 0.0359065290804264
-0.0395551433170106 0.0642118232903676 0.0904324580765875 0.0325672587742904
-0.0195969262329481 0.0600769060268537 0.0697696138783531 0.0541498629286601
-0.00830048466004046 0.0615362504488891 0.0600579619958975 0.0671800183334731
0.0059069107848937 0.0586990113548898 0.0361004762687439 0.0804435862664492
0.00155778581301513 0.0611489019872507 0.00195380148998584 0.111646508728664
-0.0235010759266746 0.0586595980150992 -0.0446201588855162 0.127780405293159
-0.0374747861353188 0.0579793700805222 -0.106592685771716 0.103989179485728
-0.0750071906303637 0.0420426114359958 -0.112596330823651 0.0339829717310961
-0.111453020060526 0.0151056113615871 -0.0609655820386459 -0.0232474456599423
-0.107045221905619 -0.0615333674204522 0.0329880469395294 -0.0105782178588434
-0.0672717482008948 -0.0969579070105138 0.156126902626883 0.0911296126860247
0.0306686309523521 0.0548998019120395 -0.197064114957117 -0.0635490215206455
0.0674914927118406 0.0125204431508881 -0.0691274844351789 -0.00277654860413855
0.0614776672840357 -0.0226383681078642 0.0569749193575793 -0.0133196422823914
0.0156368793912914 -0.0375547131901514 0.0999356963817613 -0.0630702248518729
-3.35138197469984E-05 -0.0177542152104352 0.089388966361748 -0.138329250308759
0.0119067116263502 -0.0125336101427516 0.0177690968259869 -0.169713142457517
0.0143113529154657 -0.0248972114285232 -0.0430832280636087 -0.136027358028541
0.00976920828782394 -0.0271148280282196 -0.0712552222163488 -0.0882186849184852
0.0213026567684859 -0.0248333953657472 -0.0849844754816396 -0.059483071836891
0.0302876344596042 -0.00828333426997488 -0.0948091327971134 -0.042514429270796
0.0256216497402481 0.000695700809086128 -0.100102764807155 -0.0176307695572469
0.0248312288582232 -0.00214031836751398 -0.12104374713488 -0.00967744273091682
0.045534936319612 0.00868461884071636 -0.137304463163432 -0.0127198043400086
0.034616764451343 0.040444353982545 -0.146464601478522 0.0278986023264299
0.00439546599477636 0.0677591828971877 -0.127991587729067 0.0649001448576321
-0.0488933274142235 0.0456140044193277 -0.172127308785461 -0.0756444173654768
-0.00358889347424314 0.0144254425330369 -0.0435809685306652 -0.00964858534884215
-0.00149012172208456 0.000750677436177972 0.0823663083475335 -0.0274179072723588
-0.0278646731070559 -0.00291261391039163 0.112951957920674 -0.0749680321290112
-0.0203366560473197 0.0275965544448484 0.0970782679375798 -0.146163611240638
0.00869426967913169 0.0333356487598401 0.025703200602725 -0.17146807212753
0.0298110724889715 0.0200086220512339 -0.0350382088471157 -0.140485131127993
0.0372402897068784 0.0091432804219817 -0.064677778895414 -0.0899730936695026
0.0529947271690725 0.0140855467569199 -0.0779425244566112 -0.0567117972186773
0.0500932029921642 0.0363878449369427 -0.0859448206188812 -0.034540485395633
0.0373446557986131 0.0561659356103159 -0.0960915701111649 -0.00839850190507833
0.00572315236933217 0.0631136595505145 -0.120013021861991 -0.00428012761889131
-0.00454314284264713 0.0649733070530866 -0.131205718438643 -0.0199422702624609
-0.0337780344081347 0.0628403898688079 -0.127294603803839 0.020727922694295
-0.0748055134832341 0.0707736877588708 -0.105876015167534 0.0562512501951606
-0.124082310348649 0.0297567123973032 -0.125478347794824 -0.0765287792204171
-0.0824400985487688 0.013982244177553 -0.00111061332217801 -0.00158696674114873
-0.0727572285994624 0.0322197371951074 0.122677769503938 -0.0303125942878804
-0.0708621788287874 0.0445063905378977 0.134201561817883 -0.0845619771524538
-0.0355771640053335 0.0770786551266879 0.10139656519223 -0.149160664848061
0.00792108538479371 0.078603748363761 0.0309112557356442 -0.160240738781478
0.042800975648225 0.0645504159502087 -0.0226683723494616 -0.129258550276623
0.0599819384226393 0.0435348803422976 -0.0485797440585862 -0.0791282803872238
0.077506399786904 0.0485837330615419 -0.0588801513226097 -0.0430010752962867
0.063877190753481 0.072588475940475 -0.0658782788763272 -0.0147751137012349
0.0476114534985526 0.0978249111012237 -0.0853043365989579 0.0132409443549934
-0.00467092520194805 0.115037540780206 -0.116543080963048 0.0100143369935164
-0.0413186904931656 0.112784048619554 -0.127138179592778 -0.0235185196047983
-0.0901437610786742 0.0809261266335258 -0.103436044914865 0.00367221610680672
-0.139909245980736 0.0668814744070662 -0.0637152857619668 0.0406784583360843
-0.18130085716449 0.0117260952335861 -0.0614529129649154 -0.0697078411287587
-0.155514754939054 0.0155916832105623 0.0532293823649192 0.012244272731237
-0.140362262542815 0.0691814329716191 0.165515190025868 -0.0260699807259463
-0.105888515905392 0.0982339523108156 0.156401652155544 -0.0864648167864661
-0.0398139647114803 0.126264172838225 0.103969694912102 -0.141398181355518
0.0125222167236768 0.116591729901545 0.0376555278246364 -0.134617520950276
0.0532904742596037 0.0988558693481886 -0.00481363171162331 -0.102877059001775
0.0742972666779458 0.0718032384066377 -0.0251477225132191 -0.0565825025328309
0.0889514907567557 0.0750371348233643 -0.0330262338402007 -0.0209597232489577
0.0645818083072151 0.0983477907901003 -0.0392009065849998 0.0118633131031525
0.0460436042243962 0.12332412796668 -0.0700220576094337 0.0402203779359476
-0.0156199963091865 0.144053053556484 -0.110643687196509 0.0263451010195637
-0.0720014317128101 0.140427862581029 -0.120498023875576 -0.0253592555785333
-0.132846049136376 0.084606345735348 -0.0777239288620026 -0.0183449251731834
-0.184041496226161 0.0495840014655649 -0.0114179028630145 0.0230665062267089
-0.208845246145003 -0.00488407676005424 0.0108180314147401 -0.061126187739019
-0.20421246628353 0.0161677429041977 0.110413399717199 0.0201324333030322
-0.185832303915223 0.0988677175418939 0.196388688447429 -0.0202027269303919
-0.123497368693943 0.141381608143626 0.168321377803513 -0.0779919365167446
-0.0336940524405475 0.159271393706392 0.103303069459641 -0.117194228144034
0.0196880427752014 0.136651195862678 0.0469907679090801 -0.0947882863789508
0.0585951444561266 0.118026012652178 0.0174814102949258 -0.0657087338234472
0.0774908201953229 0.0875235421996475 0.00169512645876244 -0.0263730585861123
0.0853681932767975 0.0916261313984243 -0.00492669433774209 0.00877757522377572
0.0513443795062876 0.112299023612695 -0.0144347587601243 0.0437630012557894
0.0301290060094351 0.131965869628576 -0.0564705549107847 0.0690191172055934
-0.0359793705266228 0.149338431768212 -0.103248206799597 0.0414663036680851
-0.0989868353937257 0.142433734216359 -0.109805407808916 -0.0259702770397032
-0.160239465233595 0.0698962690936178 -0.0490475807555903 -0.0374904942292964
-0.202276932478063 0.0195601828279646 0.0459139630474729 0.0101847132979983
-0.198578900560919 -0.0198109440001351 0.0776887873646184 -0.0548221131061085
-0.212320046429085 0.0142082997934075 0.158744507546944 0.0163400641226831
-0.193688524699165 0.107696296161198 0.206285861502066 -0.0167145773133428
-0.119168114977317 0.154034794170353 0.165586131123791 -0.059521990552607
-0.0257143749744268 0.161114463149067 0.100506198614903 -0.07759856176373
0.0222404661930594 0.132870265858201 0.0593767020729833 -0.0477032788298462
0.0537331670697261 0.117240615771524 0.0421791016845085 -0.0243726729196811
0.0690186266680391 0.0893957044877151 0.0269067494266562 0.00679217730491867
0.0683200787352597 0.0945776426639036 0.017837226411365 0.042899533733649
0.0288785704927274 0.111807019854022 0.000870963124973324 0.0784734648948638
0.005222280916714 0.124397214290906 -0.0513092865872566 0.0961359291664444
-0.0589988592414214 0.131324244289496 -0.0980333655175122 0.053061441224865
-0.119162497964967 0.119736648860006 -0.0947198463194878 -0.0241347056894276
-0.170029356838831 0.038507339831478 -0.0186868666144174 -0.0457800444912059
-0.191764461088929 -0.017275705972617 0.099794292988319 0.00810835723005015
-0.152208245811136 -0.0324424515038252 0.126394816224421 -0.0532288690305082
-0.178549951732947 0.0060502157499379 0.185323486334554 0.00245263083701856
-0.162295171902182 0.092946174461109 0.194318221836581 -0.0125949565054081
-0.092109060944236 0.129649499846904 0.150406457378891 -0.0353083209804288
-0.0162939651537166 0.12934826326902 0.0963626389159102 -0.0342627041483623
0.0174535818705831 0.106036616981948 0.0730354155255847 -0.00349487389951654
0.0387233014342524 0.0966534370359883 0.0643233431800372 0.0135538372131648
0.0503377351772399 0.076928953134141 0.0468255691005614 0.0390252308519978
0.0449975146303367 0.082376523640982 0.0317742746406401 0.0770801810994084
0.00788559083358284 0.0945360881579681 0.0037246602814172 0.110270783230322
-0.0143525713422182 0.100277287480014 -0.0560114015762413 0.118308589702859
-0.0702075782376053 0.0991017126055482 -0.0953225183703588 0.0608329227416331
-0.121734499286328 0.0842906410771026 -0.0779089280289761 -0.0161072950698337
-0.156857359068575 0.00340964310595701 0.00838120515059364 -0.0374820378278234
-0.154907348089479 -0.051257080471606 0.143163503974475 0.0198459082372724
-0.0796413193076127 -0.0457015187345634 0.146823578061764 -0.0521958089043476
-0.113596590624197 -0.00971043078686498 0.186599932160709 -0.0110369078517
-0.102298832283054 0.0549112793984898 0.168789464774088 -0.00305372724884579
-0.0546346664126378 0.0745614206202313 0.133379688390224 -0.011413770603478
-0.014103227571128 0.0733798556019684 0.0946992281257263 -0.000210597898248162
0.00231893869387062 0.062935599592778 0.0836142043160286 0.026974757970174
0.0134184087457759 0.0623272362494339 0.0788137506323684 0.0411266539876819
0.0246568130580894 0.0523281278624067 0.0587311337883941 0.063892793179154
0.0207146719010932 0.0558955404019455 0.0369000366178331 0.105386477678367
-0.00299129219437688 0.0630667558810074 -0.00203570835808518 0.134648726336959
-0.0171679353467867 0.0656239346680026 -0.0667986560720591 0.132544705942992
-0.0577199839602723 0.0640530977208602 -0.0948830454443818 0.0675329113557238
-0.0990879821620423 0.0496643663665427 -0.0658535571046687 -0.00152647662750496
-0.12102014582215 -0.0223447786603112 0.0264643061996192 -0.0181663676131187
-0.0964937340547887 -0.0709754905354136 0.170870470337992 0.0416102382751112
0.0315440025778608 0.0539042045355624 -0.199204630602647 -0.061794934934925
0.0659624371720544 0.0112398494549726 -0.0681279147458908 -0.000198282514910018
0.0598334134411948 -0.0238848773839248 0.0592559855988236 -0.0133666047852558
0.0144516569494816 -0.0362956250738029 0.102757101872069 -0.0660229944567807
0.000218517603162726 -0.0153045710016517 0.0900656682765708 -0.142894275853134
0.0122377541223194 -0.0121680593307887 0.016190180723479 -0.17321013990203
0.0145496515324711 -0.0247496033767929 -0.0440653975853987 -0.137911567082621
0.00957050179260701 -0.0265690526114942 -0.0726147510181542 -0.0897527661416742
0.0208124454749953 -0.0249980044945772 -0.0871600392006634 -0.0596182916849382
0.0304372650159297 -0.00853471723246284 -0.0968961428004619 -0.0415839564020227
0.0261688479112526 0.00144278937388827 -0.102339929575325 -0.0171435631340125
0.0242695943437754 -0.00103144932266026 -0.123836421637164 -0.00793338922763364
0.0455902327209366 0.00817101940414692 -0.141057385597071 -0.0119601313825695
0.0341711615280527 0.0402536093181314 -0.149433833919518 0.0281710737533946
0.00542717792053876 0.0673805738230558 -0.131914308241027 0.0646221651994761
-0.0500533271657131 0.0453365409568563 -0.173498590036224 -0.0734100390932596
-0.00586585287033988 0.0134231810246212 -0.0424979520508795 -0.00721395723837728
-0.00370819473385284 0.000857816388789555 0.084648814075317 -0.0271831160118713
-0.0299218944218851 -0.000742863474450791 0.11516089163654 -0.0768003461021585
-0.0209105104567073 0.0307999457968891 0.0978942746166412 -0.150198564649262
0.00924943488879391 0.0354415141611169 0.0245472007870507 -0.174829237992264
0.0299315407746735 0.0215919725479372 -0.0357844623403117 -0.141722473784218
0.0372956920660633 0.00982027075137669 -0.0649158134475347 -0.0905919602520505
0.0537403589871052 0.0146554523770502 -0.0802178676063649 -0.0564320052952329
0.0515805085561314 0.0371588525195998 -0.0883558946373901 -0.0328964411076959
0.0390113363817193 0.0569207088749767 -0.098428750180948 -0.00704187526452039
0.00582789314081173 0.0661133539237997 -0.122886930142625 -0.00227885445485858
-0.00440149799210737 0.0658779516617535 -0.136075435386584 -0.0182515560774037
-0.0353515308686466 0.0636558109297581 -0.130677671613378 0.0207737912078235
-0.0749414634888587 0.0714767704027648 -0.109877529478967 0.055950171666865
-0.126370466023934 0.030139060115347 -0.126066408319106 -0.0744804870386925
-0.0859368272702336 0.0138449568687847 0.00033272766729601 0.000416180007425064
-0.0750998401599416 0.0331127176774991 0.124754277840716 -0.030655224491927
-0.0740666944060247 0.046972125838772 0.136885833625098 -0.0854011754182807
-0.0356020414026023 0.0809257935748918 0.102124616895333 -0.152643924773926
0.00909487546399594 0.0817005357982263 0.0305892873585679 -0.163351823335186
0.0442335697947024 0.0659684403685464 -0.0234262861846022 -0.130301015265087
0.0612498548914838 0.0444852757248978 -0.0485561913442083 -0.0792466564786994
0.0791582577437836 0.0482468438896957 -0.0605029497417063 -0.0419521969270673
0.0659040449800479 0.0740859700255064 -0.0675922680885122 -0.0131874465980251
0.0494027166296532 0.0995268624323275 -0.0868310618519866 0.0157212678331205
-0.00381138288476524 0.118321004239522 -0.119593601099922 0.0130045599574696
-0.0415662342248661 0.114889252668588 -0.131629008297661 -0.0208846746923276
-0.0926584554923674 0.0830297654593132 -0.106717370316923 0.00386411205511967
-0.141862863717093 0.0680494165696511 -0.0678002191874692 0.0407754329376275
-0.184628829379813 0.0128259525524511 -0.0607438931285063 -0.0669551107327645
-0.159768356088437 0.0160525267439972 0.0552388593142714 0.0141733217232013
-0.143291584059983 0.0710222173745051 0.167930669609493 -0.0255024964051893
-0.108852301349184 0.102057865387019 0.158704499696358 -0.087529002635675
-0.0393186559018143 0.1301981060619 0.104022400217061 -0.144401820102043
0.0140200979052449 0.119404210100722 0.0370001924880171 -0.136523503695029
0.0554847585028919 0.101312018451881 -0.00520550557904672 -0.103207993593773
0.0760285304407897 0.0720125301087552 -0.0249078079997128 -0.0564798586187406
0.0911771769529913 0.0752227590515781 -0.0328921751933379 -0.0191875964864282
0.0667797339252223 0.100803965149679 -0.0404671423397283 0.0141314486333919
0.0484434738928148 0.125552623771782 -0.0710030285426879 0.0435066892368184
-0.0153017613617173 0.147831805849214 -0.11305380723626 0.0300180841923115
-0.0721476087049239 0.142943901069609 -0.125755527477727 -0.0225451858288226
-0.136183510800368 0.0878354999493648 -0.0807590776273862 -0.0177778095528962
-0.186697679594016 0.051847094947576 -0.0133830143639623 0.0224098550148281
-0.213415461515536 -0.00236079454151379 0.0128132401486803 -0.0591439036153984
-0.208254264544831 0.0175269828070944 0.113610990820904 0.02173075079406
-0.188020106511167 0.102493327079656 0.199991629821593 -0.0210524834743284
-0.126268702577034 0.145744171653128 0.171648201217264 -0.0784174002818854
-0.0333370141723573 0.162775754067965 0.103524769921924 -0.119093733943316
0.0211984011818587 0.14007377272906 0.0479924672788633 -0.0965139018343098
0.0607422443220093 0.119759014148162 0.0170899729360065 -0.0651225961752411
0.0797487892467021 0.0876221945771065 0.00211988277777301 -0.0252463005584188
0.0877615241439193 0.0915361264011618 -0.00471646270417779 0.0103918970695011
0.0537091718732997 0.115159386133728 -0.0147657611227387 0.0462631398000419
0.0316994383445829 0.134700514862023 -0.0566216000441956 0.0728893764252252
-0.0363625214911944 0.153624050258155 -0.105088127440845 0.0450975644033854
-0.0992755703159836 0.145530718755359 -0.114809162426523 -0.022496241307677
-0.163499511096415 0.0727137541886143 -0.052214228507387 -0.0370533068113057
-0.206704713044705 0.0213333119878097 0.0441571690988575 0.00942666518828412
-0.203043397135298 -0.0162776322426608 0.0806572352750527 -0.0533152203863175
-0.216162319338534 0.016079544923599 0.162431840038102 0.0171261573731372
-0.195372372769967 0.111580052777961 0.209936254334484 -0.0167425802409424
-0.119458169875822 0.157750511174515 0.168760923608023 -0.0597482756777667
-0.0242091315274605 0.163652535288749 0.100245259557475 -0.078627246112054
0.0239840373244226 0.135221731734003 0.0609866229029166 -0.0477319610729863
0.0566348150331439 0.118713475821237 0.0421196718581949 -0.0236950714803931
0.0713119615026871 0.0896297789948845 0.027885456949424 0.0085034923251937
0.0707953266543592 0.0944795859660686 0.0183131950183197 0.0450372662542875
0.0307479809582582 0.114660361507484 0.00163490515766802 0.0806949261375645
0.00612116142447349 0.126506734512486 -0.050219635727628 0.100510807767436
-0.060096670518464 0.134941665089893 -0.100136280716282 0.0572188127643073
-0.119998211752146 0.122687326851555 -0.099050293694624 -0.0214223162891687
-0.173691649606854 0.0401874786714745 -0.0211830541675417 -0.045360783622028
-0.195948039517959 -0.0152661403900033 0.0990054839650853 0.00708953110615824
-0.15629943280249 -0.0298332072858717 0.130417462357546 -0.0519704620604892
-0.180672607719311 0.00845485511451579 0.189593856175485 0.00265404458948706
-0.162227703690277 0.0955640342580856 0.19820895084692 -0.0127842692452555
-0.0918214096940634 0.132229443981465 0.152647090916905 -0.0357165335652862
-0.015004147547615 0.130799871486607 0.0969822540976298 -0.0348250868265272
0.0184358361410894 0.107608427612976 0.0750315489310424 -0.00362450441267351
0.0407850055742816 0.0976519639526297 0.064946658410264 0.0139017945660654
0.0517859153746528 0.0770012439049689 0.0479611227950059 0.0404743656882302
0.0462589529556907 0.0827431429647587 0.0327072571941397 0.0791976415368645
0.00902318820700641 0.0971796499710517 0.00515914389162615 0.113353074381863
-0.0136369522426005 0.102139703840118 -0.0552980034652951 0.122291904290504
-0.0713932101864417 0.102435150221165 -0.0974354447922227 0.0648871807912211
-0.122313446418901 0.0857502763667656 -0.0822419940630708 -0.0139864852322316
-0.158863514447333 0.00463613186413269 0.00676121077416944 -0.0377192630074717
-0.158864768805645 -0.0495542706342183 0.144009853032537 0.0190789999189721
-0.0818053584914121 -0.0432791236035178 0.151522874227575 -0.0520789368626393
-0.114862677888837 -0.00704331656302313 0.191053857950201 -0.0123237998417352
-0.101686183987786 0.0566404816711436 0.172703444835053 -0.00405669741361593
-0.0546342535242071 0.0762412720307466 0.136218813824961 -0.0122549740775319
-0.0129287001662617 0.0735883845920569 0.0960148848750938 -0.0010414600021969
0.00288789282516544 0.0634280740660697 0.0859686721389223 0.0272117980090772
0.0143173211062059 0.063268266320208 0.0803061389192336 0.0411831312857477
0.0257167601773349 0.0526291608183509 0.0600057775763204 0.0650449298321173
0.0209512275861611 0.056086211007513 0.0379275966115379 0.107909426470468
-0.0022061439592271 0.0641166654183715 -0.00103231371597808 0.137190347511454
-0.0167847700872898 0.0667989285850416 -0.0664310207083662 0.136064085375886
-0.0579804592239867 0.0659599838514266 -0.0972614432317896 0.0703841598206525
-0.0988843713028631 0.0502201619835529 -0.0696213769753939 0.000436651442567291
-0.12199283346822 -0.0209801312166988 0.0253348119380109 -0.0177100253128827
-0.0993441170586681 -0.0696281712713948 0.172926869417856 0.0408825883539229
0.0325485240941592 0.0536046991995943 -0.205152367000561 -0.0617327605265292
0.0663565102349691 0.0105078436551504 -0.0685654820663907 0.0020255125875586
0.0597862567505752 -0.0247542203449078 0.0631871910117383 -0.0141172271909417
0.0143562876463634 -0.0359868589022486 0.106303597459762 -0.0700436207812812
0.000528581196590022 -0.0135905710720193 0.092644225808307 -0.150195583573842
0.0131233983056606 -0.0119042288671738 0.0153367322313875 -0.180625234526652
0.0142476895601562 -0.0253278083992397 -0.0457304680834938 -0.143175796871859
0.00908193314598116 -0.0266148951975621 -0.0743853024915532 -0.0933244350689484
0.0209703087326726 -0.0251727482134964 -0.0914252310670237 -0.0608543806903958
0.0319724684180046 -0.00959529661479659 -0.101904962512572 -0.0419768635766799
0.027410085226407 0.00184629549131354 -0.106776005699278 -0.0172435159326767
0.0249022592651207 0.000285360080606978 -0.12902748859452 -0.00636223470829269
0.0461275994208278 0.00735194297348022 -0.14817387832331 -0.0108497358315688
0.0343339427497751 0.0410791742318335 -0.155634507127003 0.0287610479713264
0.00649396372990872 0.0680385130917793 -0.139296201825389 0.0661151143526966
-0.0526114943611462 0.0457827327677575 -0.178337170923928 -0.0727901479823151
-0.00856404941542769 0.0130901025183203 -0.0424279499410753 -0.00578111074030732
-0.00631432445484605 0.00117491533614347 0.0887992524864789 -0.0282716946385145
-0.0327195926217893 0.00188478925937813 0.120149838485587 -0.0796464822646374
-0.0214395075339105 0.0340919934886176 0.100637066676205 -0.156910212266201
0.00995768075415877 0.0380770754228693 0.0243426390844339 -0.181907733904023
0.0318431759452309 0.0229231721715409 -0.0373060308072835 -0.147027701348717
0.0392515508238666 0.0109939622066799 -0.0669463361391076 -0.093768126029861
0.0558708873459254 0.0151623349167345 -0.0833749385084465 -0.0564378516730507
0.054029401377235 0.0386042938463217 -0.0924266132735687 -0.0325862011144033
0.0409710598074231 0.0592119251088969 -0.102360098830307 -0.00623945154122709
0.00617317547170167 0.0699897570498095 -0.1279544060846 1.32049455316193E-05
-0.00516741212574093 0.0684508684838508 -0.143214960511127 -0.0163673640041285
-0.0376121428522522 0.0664640166139419 -0.135745385775093 0.0212563738297747
-0.0774444889404017 0.0732507949110719 -0.116255190427815 0.0572390908234061
-0.1317501953336 0.0309513117535358 -0.128794654021636 -0.073500096433705
-0.0915293535564713 0.0137768717927486 0.00181819140414559 0.00240186241088553
-0.0802661367829097 0.0346289181478523 0.129421075855076 -0.0309638712520268
-0.0783511106127535 0.051241705510773 0.142446347442182 -0.0882577027696044
-0.0365034793436313 0.0867901709058464 0.10468915405598 -0.159286722161479
0.0103883818599245 0.0866809504916919 0.0310604831911741 -0.169766978195272
0.0473538519390251 0.0690232506823924 -0.0246045816476124 -0.133977064642355
0.0638027864887844 0.0459066062540413 -0.0497922696523797 -0.0813272490223016
0.082476341409982 0.0500843122948385 -0.0626231375662909 -0.0417586979658653
0.0691847975509701 0.077004656972229 -0.070939438767658 -0.0111933671597956
0.0525970373523754 0.10304773374375 -0.0906563783967436 0.0185841271022145
-0.00293582115987885 0.124297290308921 -0.12452083163305 0.0158099127850289
-0.0434798693696152 0.119620856505024 -0.139084197900573 -0.0182290573253092
-0.0973723137171636 0.0868300986829109 -0.111770644080244 0.00479601898522821
-0.147556925267697 0.0708238236566171 -0.0727970407884332 0.0419141426176634
-0.192614590411917 0.0150586561800907 -0.060762968614403 -0.0671967865907699
-0.167055207129984 0.0178078962752872 0.0588260653075138 0.0167184860866603
-0.148782253074159 0.0746655200581864 0.174038072088062 -0.0265291545434067
-0.11392644953641 0.108040557238621 0.164359122138255 -0.0896427745730824
-0.0399542369936572 0.136525316738209 0.10603691837052 -0.149319504443852
0.0157937101672956 0.125734350966151 0.0382046932768016 -0.141266443778964
0.0590541086511516 0.105593563256793 -0.00553524525994539 -0.105712667929269
0.0792848145941246 0.0741056653626612 -0.0248977177954425 -0.0571174463369669
0.0950828351568595 0.0770357726005611 -0.0344198298078138 -0.0179656863225084
0.0707997837642012 0.105121554751236 -0.0420569425302057 0.0165695264536208
0.0519727273666489 0.129304092234411 -0.0731118597583756 0.0475895969437445
-0.0152787273374877 0.155476313038417 -0.117735622717966 0.034390502728233
-0.0744906019486074 0.149879234732155 -0.132694223914574 -0.0196268560122792
-0.141775587556385 0.0925200836792299 -0.0854664782926155 -0.0170014276338249
-0.19493153630649 0.055103565403757 -0.0169847645504653 0.0231956309902306
-0.222127197745219 0.00030210915170381 0.0156279067167025 -0.0583681882241423
-0.216814111710464 0.0205161652459274 0.119265042727292 0.0235141853690259
-0.193844773013111 0.107122457103222 0.207153850780046 -0.0209987578608667
-0.131284433377506 0.152817402548342 0.178090179087815 -0.0805368736858227
-0.0334456455784833 0.169871206328324 0.105732121285061 -0.123517161430231
0.0233873162298693 0.146208941463221 0.0488766223981558 -0.099627786285153
0.0651518159728849 0.124273363222577 0.0180115767810616 -0.0659982700361987
0.0833756044745474 0.0902209239584103 0.00323194416058262 -0.0249931186803396
0.0914961829141613 0.093952709435963 -0.00406910336350623 0.0125379383159227
0.0569912302967272 0.1204335566853 -0.014631112972982 0.0493797853568713
0.034492643857083 0.13918875755956 -0.05746844713854 0.0777024361126667
-0.0367504423314931 0.160970995821667 -0.109626480990594 0.0508157461742047
-0.10243725411467 0.152371017247125 -0.12175013337639 -0.019609038109711
-0.170789908431911 0.077338853151041 -0.0559358014526556 -0.0367766031068474
-0.215438988771537 0.0250138920306346 0.0433636292874221 0.00883316101587165
-0.211589673391298 -0.0135503408000177 0.0869245779860169 -0.0527530501701622
-0.224319708201567 0.0194007543538048 0.169794324139104 0.0177299108801056
-0.200891633741897 0.11709337320947 0.217919040316943 -0.0178661648109098
-0.124321902607227 0.165618746027524 0.174653013572654 -0.0614529649885795
-0.0230429531962713 0.170149328007932 0.103385995586538 -0.0809415779068171
0.0267933737231336 0.141052574563246 0.0638632274909304 -0.0490397363713685
0.0602939950706394 0.12259338491568 0.0439340868895259 -0.0235921023181537
0.0748216380220986 0.0923027422144019 0.0295434692435157 0.0103806019838308
0.0737284722793589 0.0970334844972823 0.0199886990231954 0.0479392570322512
0.0332992229097769 0.11994909829384 0.0028558478874473 0.0848037884695333
0.00754414676061479 0.131766654412802 -0.0507245117406212 0.107172280624248
-0.0618586949232424 0.142238939172311 -0.103168648323221 0.0625733013348374
-0.123401595007902 0.128517304085959 -0.105951505007931 -0.0179549381272289
-0.179918172974338 0.0440218152179832 -0.0243012208684258 -0.0461557149397269
-0.204914786342036 -0.0135463465065471 0.10076725431355 0.00626866911358146
-0.162263348563096 -0.0272058045404097 0.13793602585867 -0.0517290454620827
-0.187747513371707 0.0116352718723269 0.199097453463164 0.00289495358435384
-0.166004130129856 0.100354216651915 0.205851707972674 -0.0141600609479146
-0.0951363108920226 0.137869460483384 0.159292680735177 -0.0369455174823989
-0.01399181626164 0.135134088872346 0.0998258103025648 -0.0354998311784559
0.0199722622541876 0.110917614307513 0.0792161463486967 -0.00288466536159917
0.0434200898329436 0.100803869083883 0.067435242074911 0.0141737512343612
0.0543202978914474 0.0790248828351939 0.0502655148441556 0.0428556467063924
0.0482496041362858 0.0841505332120042 0.0339289581275622 0.0833057152627322
0.0105853097740584 0.101420681255236 0.00666118955174846 0.118118496384083
-0.0139125121349426 0.105889168097455 -0.055913019868094 0.1294687855263
-0.0737634265810202 0.10699964303662 -0.101588331293274 0.0696130652125777
-0.125546015941476 0.0898236239965947 -0.0880487322090558 -0.0109781426429739
-0.164973000480581 0.00666763338412943 0.00556638645607387 -0.0380746771500261
-0.166074365811099 -0.0494353750413286 0.147816128068087 0.0190440757057154
-0.0854098463543997 -0.0424383323282324 0.15929989961136 -0.0521730453520013
-0.117998940393647 -0.00568350391332204 0.200080781447087 -0.0136068809436032
-0.10285703291703 0.0596057143648762 0.180472504901031 -0.00558693679323245
-0.0551648943271396 0.0789288752848904 0.141761973632886 -0.0133926911405876
-0.0123372140956167 0.0755766193273242 0.100287497536303 -0.00096070744263818
0.00326719732646616 0.0652468308709877 0.0902778148219585 0.0282189946301002
0.0159299584563895 0.0649141735969104 0.0829757694950464 0.0423834304968735
0.0262699521931964 0.0534719794807269 0.0623478242777348 0.0688161703840515
0.021740934281881 0.057329350198217 0.0400394591539678 0.112239425153963
-0.00250958331935186 0.0667751273502737 0.000468773546580155 0.143820010989841
-0.0173264272696739 0.0691980902672407 -0.0671209937607174 0.143162039946704
-0.0605278817259384 0.0688395100245905 -0.101755442782978 0.0757078835661751
-0.101678021097848 0.052632548502787 -0.0746652590410787 0.00281818426877864
-0.125648887999988 -0.0198348836776457 0.0241836380600732 -0.0179609582264003
-0.104418954793355 -0.07038488992339 0.178565658455589 0.0407836895150275
0.0350735728934334 0.0534636801990742 -0.214737585754607 -0.0580383364184314
0.0676803101815043 0.00916355282828403 -0.0698556444152939 0.00503049082465243
0.0598346985487802 -0.0270173679458051 0.0670043997350281 -0.016109001572254
0.0134443311613575 -0.0358558034210801 0.111829030146244 -0.0759124662049069
0.000590697541961744 -0.0125494210938762 0.0931167637047474 -0.160873945006373
0.0131795209305103 -0.0122587151121251 0.0108395531707517 -0.190584549554345
0.014230714654899 -0.0266821640209498 -0.051655183314776 -0.150490819353795
0.00828607537621891 -0.0273809581085884 -0.0792875333492846 -0.0970397645213315
0.0207610569113836 -0.0261208243179578 -0.0978905972726919 -0.0609353855407682
0.0331236451422789 -0.0106947977855176 -0.109023736423933 -0.0409554786948657
0.0293899540627755 0.0014737834975243 -0.113170628164778 -0.0154668015526958
0.0260348630991437 0.000768957202513396 -0.136113355047241 -0.00241274494179519
0.0474769500420524 0.00609319019502057 -0.157215880948744 -0.00704458064804804
0.0366069553554263 0.0420992181424605 -0.162987507956464 0.0322479761619945
0.00934795381486996 0.0693098996842889 -0.147468320596262 0.0715425794893924
-0.0549911902441451 0.0480246962549989 -0.186826203873333 -0.0703568207383427
-0.0114532795184148 0.0140745112660142 -0.042502887485684 -0.00331823713680448
-0.00884421137397807 0.00171898757302461 0.0934425873012816 -0.0304669292980962
-0.0355121840958419 0.00480995326680732 0.125686074032585 -0.0859339002400364
-0.0210121729595459 0.038892786367592 0.10091748673856 -0.16711497569936
0.011879623737873 0.0409028610487567 0.0204577157879517 -0.191929165197103
0.0342652423291453 0.0238891332387297 -0.0421788858251114 -0.153519988420624
0.0410234452206635 0.0115074062906175 -0.0707173342126297 -0.0974728650692097
0.0587200507063041 0.0143464076683712 -0.0892896865118032 -0.0564072588171248
0.057758550413485 0.0394489950696527 -0.0982775615494907 -0.0303642114024054
0.0450068623620085 0.0612442029258327 -0.108250213588539 -0.00246653947182127
0.00790671013297812 0.0745587065273985 -0.135121152958283 0.0052837784604562
-0.00480050597984615 0.0717207351360787 -0.152453600103309 -0.0119802865856452
-0.0391378257831381 0.0703988923029697 -0.142928594194278 0.0254475993317956
-0.0793876654896953 0.077926237691712 -0.123837322882461 0.0625222055351638
-0.138520093441528 0.0356298731887402 -0.134638043470394 -0.0714318787885323
-0.0984827804868363 0.0168189205188561 0.00387610724455437 0.00443970163139822
-0.0848141622004728 0.0385679535646639 0.135628854786115 -0.0344220907117892
-0.0831459602993975 0.0575845284444855 0.147946218830684 -0.0946339234636478
-0.0360406906888475 0.0938370853471485 0.105289157460767 -0.169255211850091
0.0135448399532046 0.0922177947910386 0.0280337576372218 -0.178834333209474
0.0515275864305579 0.0722688025968457 -0.0282431052804825 -0.139357843564312
0.0677439931399797 0.0471309571753005 -0.0527207052461411 -0.0844515173879239
0.0882814807478133 0.0498893697237594 -0.0666814439409679 -0.0408473691730539
0.0753602093923417 0.0795394279293816 -0.0747241940848532 -0.00828542205285867
0.0581781254549489 0.10638022686967 -0.0943372192378735 0.0229322717199941
-7.88809573153615E-05 0.132142770901712 -0.130493365332477 0.0221730646585579
-0.043319003826441 0.126682650829534 -0.148733325900425 -0.0128908345133714
-0.101505009859016 0.094113700915898 -0.118409498832916 0.00818816598774781
-0.153292979495424 0.0781898003446126 -0.0787231254220037 0.0454821116433292
-0.202371489391336 0.0209276812464047 -0.0626745447035889 -0.0657954487208396
-0.177271312793212 0.022397376935804 0.0639955495167746 0.0175281887651692
-0.15526822585908 0.0819427071202763 0.181970030342657 -0.0302386463647806
-0.119262422044338 0.118418880208795 0.172388416760827 -0.095604684295922
-0.0383445278657176 0.146041411461431 0.107661401299439 -0.158765252182383
0.0204991327632612 0.133173328168588 0.0370473692912687 -0.148760568416971
0.0652733649494742 0.108831588318657 -0.00840455500535807 -0.108978425477241
0.0852765978605405 0.0760857496258436 -0.0264258337835879 -0.0587655423947285
0.102021036862841 0.0779088722150356 -0.0365092642043441 -0.0164609646790307
0.0777338007208739 0.109380566780074 -0.043394730921675 0.0199161975276938
0.057710784606782 0.134883036033145 -0.0746306963041445 0.0536552915835195
-0.0121463579032866 0.165744807817786 -0.122717598600256 0.0421594967365813
-0.0749296198032802 0.159567958933452 -0.14216969174983 -0.0132995115879075
-0.14821057243163 0.101111972912689 -0.0909878334604661 -0.0153460593692595
-0.203966597497841 0.0633941905270409 -0.0199529381742849 0.0242979830846849
-0.233568092046369 0.00644701985230859 0.0175683534541489 -0.0586348128555502
-0.228455912674049 0.0271714335551667 0.127046185879196 0.0234970068607947
-0.201384498513972 0.117405107047597 0.216983376771246 -0.0255926787332195
-0.135381415658209 0.165056605955822 0.185408050838111 -0.0867737043383768
-0.0305260673353747 0.179508165541693 0.107134438005436 -0.12990701611909
0.028836190264121 0.153534569770835 0.050017109772496 -0.104897614676367
0.0725372393465368 0.129133215456435 0.0173430317622426 -0.0686676065536032
0.0894669913184863 0.0916341165477753 0.00352967605723641 -0.0255368933609891
0.098718880738388 0.0955945214538846 -0.00352588379745128 0.0149783969083434
0.0641228708555578 0.125715492570064 -0.0136803007009879 0.0538401319590531
0.0395832276422992 0.145584782139225 -0.056910956184469 0.0855676793221387
-0.0347198088023919 0.171632103689824 -0.113806854833379 0.0583956342991508
-0.103638687136145 0.163251580759663 -0.130392318335226 -0.0143655744787939
-0.178510861046599 0.0862987305761239 -0.0609494128563023 -0.0360308147450728
-0.226761284132291 0.0332539318264116 0.043089557332624 0.00816497259973501
-0.222603205119304 -0.00648621617198278 0.0927352770955955 -0.0550989274915918
-0.235262552725929 0.0271062520724421 0.18025184231731 0.0160341612826567
-0.206791209686408 0.128048973020424 0.228537872767158 -0.0226764803814471
-0.127390221040832 0.176763735111061 0.18264472985367 -0.0662784884957187
-0.0199070863781226 0.177972544486771 0.105774426720038 -0.0855770399401615
0.0316115933749045 0.147555002043348 0.0668013064348348 -0.0521852181141244
0.0674869622576193 0.126474098205955 0.0456023786171693 -0.0246171516282045
0.0805723922202785 0.0934470684636419 0.0320190017982288 0.0109804474951567
0.0797782013928938 0.0992773616280071 0.0221498613050593 0.0513180599139937
0.0389274063036723 0.126571356783925 0.00549904315408884 0.0903295992618864
0.0111466965445255 0.138041096210288 -0.0497122846090992 0.115242224038944
-0.0616597945318276 0.152956180810547 -0.107269930669284 0.0708791613907362
-0.126016622696196 0.137891113861506 -0.113683179209405 -0.0131815104787058
-0.188883940143092 0.051942068674514 -0.0280264819172382 -0.0455833347472316
-0.216200570496178 -0.00750690737156125 0.103731830523906 0.00431000725815496
-0.171152090933841 -0.0219602742854138 0.146296880536221 -0.0553896344073173
-0.196295262778688 0.0184356452622288 0.209780892514144 -0.00141516865185211
-0.169418670392735 0.109202779344113 0.216367101249457 -0.0188973550647873
-0.095721298730469 0.146749962734817 0.167431162050031 -0.0410795704879309
-0.0109561203125423 0.141204392996757 0.104135981858998 -0.0385828287341699
0.0246966374320113 0.115436411298086 0.0836834963749007 -0.0046227395042014
0.0488081736048917 0.104417012042734 0.0710274111077912 0.0151590909544601
0.058613768001957 0.0803540852663715 0.0542198103601255 0.0455245529277114
0.0524121855558576 0.0865839305080867 0.038201832714274 0.0879937048964285
0.0136132953180227 0.106953554409465 0.0108387602655373 0.125164079361926
-0.0118721125506844 0.111670246008256 -0.0545986311661208 0.138464914145572
-0.0753407248877928 0.115545450979985 -0.104877718120189 0.0782529470720842
-0.128631220190121 0.0972121052340867 -0.0952429737996879 -0.00705582037403373
-0.172686953152965 0.0120083448738849 0.00337183143034534 -0.038690924440553
-0.176694959741485 -0.0456243252247463 0.15394795905168 0.0157444507739874
-0.0904235434511322 -0.0397785320297646 0.16883749744799 -0.0572929179308683
-0.123748148190317 -0.00177807479464799 0.211223173525271 -0.0183330146654771
-0.104223399624023 0.0641245894051876 0.189508736008722 -0.010244394202889
-0.0562578864792781 0.0831080707701952 0.149772121224644 -0.0163132884865256
-0.0108817502913589 0.0784728144912853 0.105221825369971 -0.00287009849316359
0.00527450570104181 0.0675405524830161 0.0971752624151774 0.0280605985141935
0.0183153019808143 0.0667612598396142 0.0888409185544014 0.0431517710330074
0.0283825328748872 0.0542554656954784 0.0669918007196522 0.0717021594781008
0.0237439384996592 0.0588879610089789 0.0444550932264483 0.118518972912147
-0.000470344629542688 0.0701615296402605 0.00399302179104888 0.151101294594996
-0.0163182203179843 0.0723786114749793 -0.0662796288304785 0.152793996765076
-0.0617999994327911 0.0743875143584105 -0.105113202668483 0.0833611627314257
-0.103954882872008 0.0563458098428609 -0.0800486044023077 0.0065996699054613
-0.131270187225977 -0.0167404117961928 0.0236304095915204 -0.0187899366052972
-0.11170840063329 -0.0687988872516124 0.187215860472868 0.0377546671733138
0.0381321525150417 0.0520469962077325 -0.224293682998532 -0.0497677359244286
0.0682898593282009 0.00722105103838623 -0.0701338294989441 0.00982921737083937
0.0587035424160475 -0.0301600285020121 0.0706383750467056 -0.0195004556511327
0.0116901499072818 -0.0366507500574282 0.114293638510414 -0.0836102051644434
0.00129668416703304 -0.0108197345968112 0.0894871427365447 -0.172463855197055
0.0132507345747339 -0.0125994802374436 0.0016649706426612 -0.199667540489471
0.0133229718390999 -0.0278864754788296 -0.060149570991154 -0.154828723870829
0.00736769107473389 -0.0274655144668015 -0.0860258791195823 -0.0991879369121256
0.020423280283432 -0.0279247546905357 -0.10523463783385 -0.0582503481435135
0.0338252030566072 -0.013044795858118 -0.116321680854659 -0.0366914721386963
0.0308204432479639 0.000272779183113416 -0.11885710193031 -0.0106410709297628
0.0272576390506045 0.00065463638421789 -0.141490011390307 0.00441556900764584
0.0480658858715492 0.00430466377850019 -0.164937337913392 0.000677073134713707
0.039325883774938 0.0421647029008691 -0.169675352442203 0.0398102475979903
0.0134953858983023 0.0697960918706857 -0.153573605112929 0.0804341962895373
-0.0558539092728604 0.0512209559226259 -0.195158873584984 -0.0633000540106795
-0.0141642949895789 0.0147410655521145 -0.0426045489497234 -0.000231129764473589
-0.0115847922338889 0.00292233988131993 0.0969026083303387 -0.0345953425464346
-0.0380228597522935 0.00856948451121307 0.128100688555361 -0.0939592752987549
-0.0194666298263075 0.0440058094270055 0.0981292724649397 -0.179056391874779
0.0147812388422513 0.0436015692600318 0.0121802143486665 -0.201004290247741
0.0369209926081109 0.0235710594635116 -0.0510426106539705 -0.158129207445862
0.0431594501679771 0.0109227023324492 -0.0769184299850475 -0.0991561088590102
0.0618044655354204 0.0126511838019352 -0.0956726935449269 -0.0534362750755281
0.0625612121370754 0.0386313981322927 -0.104095204909567 -0.0258257491267316
0.0498931854750672 0.0620032522757691 -0.113090545266523 0.00310037000534233
0.0122662220481043 0.0788698465537636 -0.14020798735652 0.0122636077625393
-0.00255650294765708 0.0747847530011838 -0.160188189994494 -0.00337774059253498
-0.0383156058744503 0.0755098079620507 -0.149339774933823 0.0316570102384929
-0.0787506030745455 0.0833443965551002 -0.129175117316394 0.0707153872279376
-0.143386259518716 0.0429925769004043 -0.139907314955561 -0.0667456281391109
-0.104038839833758 0.0216566948588649 0.00577979842232026 0.00576524462193238
-0.0890288017046288 0.0445584688336211 0.14114281577223 -0.0396929471051267
-0.0858061884618574 0.0661200019637571 0.152279731770244 -0.103119799789461
-0.0327551542951611 0.10165085916878 0.102193644806174 -0.180270787310558
0.0187344558463722 0.0974110039495462 0.0215492344914967 -0.187437260248569
0.0581685411291853 0.0734028559800915 -0.0358801365264906 -0.143320518535471
0.0730514280371654 0.0468642425973942 -0.0570774065291703 -0.08514751095205
0.0936533498190333 0.0479389402470871 -0.070619445014486 -0.0379410664428658
0.0828696632809231 0.0804874930450696 -0.0783982605429206 -0.00389092538979991
0.0663120615083068 0.10796820934469 -0.0971147030628776 0.029741214492574
0.00635055431012858 0.139683229876363 -0.135279633863779 0.0312615077736056
-0.0399239774003061 0.134167763469143 -0.156810147178721 -0.00371131812217742
-0.103074066201233 0.103558266660097 -0.123930899752192 0.0134437247452421
-0.156292543516148 0.0875281262888808 -0.0831627834401391 0.0509148391446173
-0.210316545603834 0.0315528955366624 -0.0652448575137808 -0.0636804278413601
-0.185651881310803 0.0310717661855883 0.0684080974058029 0.0170540379162879
-0.159585080146659 0.0922735081734615 0.188667249797963 -0.038037918206489
-0.120930504417116 0.129856798761911 0.17678124670693 -0.105437277498061
-0.0335471048830747 0.155722422929861 0.104693049190321 -0.168342336073857
0.0277401777338837 0.138966696886159 0.0325839084514916 -0.156159777972812
0.0741001761238605 0.111518578074474 -0.0129690467565014 -0.112593617031696
0.0922270523365216 0.0751325198192816 -0.0280828554580614 -0.0594499467848839
0.1095925718655 0.0760619961290275 -0.0372228944601028 -0.0140213827808464
0.0872638358178977 0.111467067389444 -0.0442720092101212 0.0244172681903508
0.0659273449212353 0.137697364643688 -0.0751534319274744 0.0617641317094011
-0.00441459264814762 0.174938919545232 -0.125931163005471 0.0515082844260447
-0.0709830617206253 0.169835749524838 -0.149906997487856 -0.0038987587907971
-0.151310874867515 0.113518414305306 -0.0971480174165328 -0.0114154909148638
-0.210191080727103 0.0756124107677091 -0.022996426130917 0.0268088301037186
-0.24258196076709 0.0199642154540686 0.0190298289207718 -0.0592146660759366
-0.237578188677752 0.0395938866688399 0.134879744449549 0.0202532405024678
-0.20474141074139 0.130656988810897 0.224616857943729 -0.0351080954797417
-0.135594782025532 0.179426073960012 0.190956736365131 -0.0958230550646698
-0.0243481639212001 0.188638905183568 0.105428008141322 -0.138440040508186
0.0378672402328875 0.159432340989719 0.0480162071581045 -0.110047567343628
0.0822289018826794 0.130630580386071 0.0152932741411122 -0.0708307240730656
0.0977640593210176 0.0912800681134824 0.00426173623774817 -0.0254608814037762
0.10677358349048 0.0944103813134539 -0.00220088800626366 0.0174733699242067
0.0740236055416872 0.129398065665233 -0.011238095800445 0.0582120433142479
0.0479821821514435 0.150159968665087 -0.0549103756773605 0.0941893335922688
-0.0285100309079014 0.182084560011727 -0.115678902450596 0.0691532499368918
-0.100432920349224 0.174930894762737 -0.137461879714163 -0.00465935527328904
-0.182954700892447 0.099277059008137 -0.0667491109492152 -0.0340483415362839
-0.235138085267856 0.0461957750259878 0.0421862248274135 0.00699028144563732
-0.232196733085353 0.00534707766132381 0.0968289909916407 -0.0587575738368437
-0.244476326047455 0.0395795598077468 0.190055954962149 0.00936355075707249
-0.209244831116111 0.141910400265501 0.236401933122761 -0.0329163198393593
-0.125922329078111 0.19104817846314 0.188521101083741 -0.0752408577199813
-0.0125587267181655 0.186077715936972 0.106065565013888 -0.0919910312533031
0.0401147117796832 0.152579982001399 0.0685675135390107 -0.056568184146608
0.0776469836506775 0.128371512369757 0.0466624194318988 -0.0259686091315026
0.0877410068571617 0.0931992426011418 0.0350981734919992 0.0116583952374554
0.0873699304154592 0.098530465284703 0.0261204016917933 0.0542599624350158
0.0470912875100184 0.130654639172282 0.0106748760910561 0.0952544400725331
0.0175730740245381 0.143219340690432 -0.0454189208072875 0.124328046183919
-0.0574963063882825 0.164169457987964 -0.108577939848699 0.0817483427228044
-0.124802238717888 0.149921395084656 -0.120524529570909 -0.00467196947849462
-0.195107629624196 0.0633128048277827 -0.0322265668412399 -0.0449821980515002
-0.226562818442078 0.0040321548893781 0.106235475941684 0.000255082345744076
-0.179417684838847 -0.0127632120677395 0.15343951035981 -0.0621609073937545
-0.203465025442994 0.028860407358702 0.220037911416888 -0.00907729519075988
-0.17065452609752 0.120910134492058 0.223880125539381 -0.0284547396634969
-0.0946950306951066 0.157328322811336 0.173770462062201 -0.0486287534128864
-0.00493718929126644 0.14677793802846 0.106677290063675 -0.0433347288989611
0.0308647750943382 0.118869991710396 0.0881877866041071 -0.007632985262069
0.0566364624550035 0.105474163691187 0.0746033352447455 0.0138920753319968
0.0643108599075979 0.0802741328623725 0.0591677562807897 0.0463313888639209
0.0583394410484581 0.0875243534187383 0.0447674298944466 0.0915605438781457
0.0198287286755458 0.111852208023906 0.0173623070061769 0.130901392531987
-0.00784118314319051 0.116255242234803 -0.0497994460216885 0.148649371382065
-0.0732550248993948 0.124952559235385 -0.106567560286114 0.0890044923137451
-0.128999431217065 0.106858777834885 -0.100744788979513 -0.000124733919595308
-0.179507160219739 0.0215130146399552 0.000767920563515449 -0.0395689304340978
-0.186707886576017 -0.0372557880459874 0.159300779495842 0.00954274885395784
-0.0957931658603552 -0.0353348424002604 0.17602830700894 -0.0652123139997595
-0.127515438136735 0.00514291376452764 0.221002234602808 -0.028512211620929
-0.104469173370869 0.0711820519394281 0.197919747477731 -0.0185076834343109
-0.0552160690306262 0.0890739707474326 0.156287973882055 -0.0238129324283614
-0.007151647265776 0.0806237863203217 0.109929070324443 -0.00647580760268644
0.00883765598935184 0.0692043873103535 0.103968081811526 0.024770632327052
0.0228824136187245 0.0680398669043859 0.094059363117771 0.0411901747250805
0.0317995285763794 0.0547194395572474 0.0729251664295579 0.0731986744053129
0.026857479195634 0.0592987468938244 0.0519748937951281 0.12277183456843
0.00295769401466179 0.0731757712127884 0.0122057283586776 0.157587365221538
-0.013807746389817 0.0753709595297001 -0.0615675254601053 0.163715664696695
-0.0613934432483561 0.0803693683848146 -0.106633515076653 0.09395200319953
-0.104838447816213 0.0630248979853843 -0.0855690611520919 0.0132030427711178
-0.136278761936655 -0.0105635695972047 0.0227465129628401 -0.0198666062954732
-0.119106644487175 -0.0648969501937347 0.194764465768078 0.0300150477171114
0.0425903026921964 0.0460606239062075 -0.23276551108206 -0.0143342127976047
0.0664649260782587 -0.00353879287089727 -0.0684310951059992 0.0237479406807953
0.0528210036402286 -0.0403916703291562 0.0698385408571848 -0.0264098233065232
0.00713565088513789 -0.0396800031638564 0.105407728524533 -0.101838212407514
0.0011188251560698 -0.0144611209295525 0.0637966637868636 -0.189572160638949
0.00907971978163741 -0.0192095037620916 -0.0303568602486304 -0.199135123538334
0.00610743558154623 -0.031841659415181 -0.0854754350641203 -0.146242985431356
0.00181142230246418 -0.0277590543905193 -0.101245958385939 -0.0876043676019529
0.0146169793320902 -0.0302190399432067 -0.114401071270494 -0.0445207543467319
0.0316987117751519 -0.0171569399003556 -0.123949175960746 -0.0216282540714655
0.0316293375174612 -0.0034755123394552 -0.122473690879821 0.0053841549091479
0.028527747087205 -0.000910389074186438 -0.143980150428615 0.0230590556929059
0.049230442566182 -0.00048815580849235 -0.169353709506819 0.0221967373992699
0.0476135240386612 0.0376520636980836 -0.168554123508685 0.0601338584361221
0.0246093315621264 0.0678596024157397 -0.146567264650677 0.098678151838955
-0.052266733868945 0.0621002162242607 -0.20322128273313 -0.0358155375272052
-0.0147207751905342 0.0186792720492844 -0.0413650581362982 0.00605312853625751
-0.0120459182942204 0.00459579434742144 0.093377871107375 -0.0499241942657321
-0.0358939925437618 0.0153191437204125 0.117508938034039 -0.116499595420057
-0.0110319898132877 0.0440714920828032 0.0694341446031586 -0.19831407818808
0.0196035084568758 0.0376673230156968 -0.0212964436656194 -0.203032970579003
0.0401061049537374 0.0170428591577888 -0.0772420029989106 -0.151875031426595
0.0434083509653772 0.00547513568365135 -0.0918794688292466 -0.0885916381398807
0.0637778448183684 0.00389789491116699 -0.103873135314549 -0.0399491962130984
0.0697669743317715 0.0312443634455188 -0.110882051339401 -0.0119537311293613
0.0602397389193738 0.0557547516312541 -0.115148826374884 0.0183762437722743
0.0269995142734897 0.0815920745368019 -0.141205800341362 0.0299009106037045
0.00873096652851418 0.078309317783264 -0.164113123786466 0.0166569999757207
-0.0268165036692264 0.0835243755765 -0.147843756417174 0.0517894803100229
-0.0675183008225766 0.096112170390199 -0.121691950294826 0.0879210400735637
-0.141515715347581 0.0691950973835869 -0.146060072226337 -0.0504819112506481
-0.102576050654885 0.0415868144820295 0.00955548744333413 0.000580216933637338
-0.0817537217246004 0.0591712127641291 0.136410238854703 -0.0673375358088908
-0.0734922029687141 0.0819959773954106 0.138763521999979 -0.133766822537232
-0.0159748788569916 0.104350190855616 0.0712204513402555 -0.200336620364588
0.0328786288884075 0.0912359945249171 -0.0112974319273348 -0.190605880621836
0.0711325464947475 0.0636343803307555 -0.0610895001207277 -0.1399356062025
0.0784973954003354 0.0364769663404616 -0.0696903348452627 -0.0761815279019534
0.102302924842734 0.0344145192747004 -0.0765232680000782 -0.0274521128540768
0.098415730259474 0.0700558975613563 -0.0817843953432938 0.00678972358661331
0.0840070539951379 0.0996645557174333 -0.0956249225100455 0.0432583521009913
0.0308448302280493 0.14409672733887 -0.133788155686283 0.0471403948173297
-0.0198553128415745 0.14478131630943 -0.158058239571978 0.0158610716323968
-0.088483036799391 0.122027389863887 -0.122957010333274 0.031869609395481
-0.146705400671839 0.111955690981162 -0.0761495134324111 0.0649010023513244
-0.208722489333458 0.0701861722415821 -0.0676445682294923 -0.0612160356368899
-0.180889212023404 0.0652665555347034 0.0755968440672583 -0.00126995271284387
-0.143901272114527 0.119168447419352 0.182993834441682 -0.0766930269038134
-0.0977514735156622 0.152609566510247 0.16169939715288 -0.1427343171773
-0.0079780927235433 0.157789518442346 0.0725507383525528 -0.188553854211925
0.0489344070498416 0.132222262883307 0.00353120726877446 -0.161579027108735
0.0955842815862855 0.100027613926352 -0.0345083814684989 -0.113225111750363
0.102106802623984 0.0621664202828586 -0.0368217016796161 -0.0545791427578293
0.123608542493244 0.0600432143525868 -0.0393179783683291 -0.00733250737437209
0.108891426149121 0.100316687374364 -0.0432864081351752 0.0313242514857545
0.0894994005646478 0.129603169330564 -0.0690856125778862 0.0722147551167094
0.0254851619078563 0.182289426611926 -0.12168400744587 0.0661814159178384
-0.0443332483224309 0.185297548721511 -0.150457027840722 0.0147022263385583
-0.136237288530797 0.139200862180259 -0.0976905234250152 0.00436867805320188
-0.203993549601941 0.10765132661026 -0.0175897330900973 0.0348137368816956
-0.241532537341415 0.0638004817864827 0.018644422705462 -0.071267253678732
-0.229786365812635 0.0823129803539722 0.143602261110719 -0.0117387760622308
-0.181469413932761 0.164684441595862 0.219065758996865 -0.0825351002047587
-0.102730712843531 0.204157881316313 0.174738706492608 -0.137434870629586
0.00757513791340371 0.190014430855187 0.0766327791741339 -0.157269996240521
0.062951529433685 0.15164211184122 0.0257666812372993 -0.117633043549288
0.108170755017939 0.118622641795118 0.000146563908294381 -0.0765120221163395
0.110348920199665 0.0767945958623723 -0.000209268806229102 -0.0248273534438259
0.12384744513033 0.0778525227339719 -0.000211510602839229 0.0198312148334023
0.098182608394606 0.12048212649142 -0.0051274391916921 0.0603082417175778
0.0732615171217063 0.144485795177891 -0.0446170003975458 0.102385475263948
0.00316038578580524 0.193831793460036 -0.10841570624145 0.0828498207539381
-0.0744049386533868 0.194552121724163 -0.136958650576381 0.0133382935585451
-0.171341534299258 0.129827317622272 -0.0690509556982528 -0.0206693677685775
-0.233239239689477 0.0810973825360696 0.0453074045502909 0.00818575923366554
-0.231580216230618 0.0468241027761738 0.0968952937271616 -0.0822004001890045
-0.23451946260809 0.0827978817892148 0.197143758665375 -0.0314301496806962
-0.182438661561455 0.176287931786949 0.230227830584795 -0.0831123485223445
-0.0906199511107726 0.213235506668303 0.174204539976258 -0.116241938494632
0.018879597380157 0.186350257812768 0.0848159017821905 -0.110629439353718
0.0656006944657811 0.143889902066304 0.0550629545949867 -0.0674596109718451
0.102951963382763 0.116226954700424 0.0387234972983389 -0.0359563715966157
0.102074837880225 0.0796674111551114 0.0364706806231669 0.00844442558942367
0.10596035884024 0.085794976381307 0.0340736244266426 0.052831988758799
0.072194312536601 0.125518532486601 0.0226648581356659 0.0951868073453551
0.0415210189581552 0.142882533450329 -0.0300069142722275 0.13173372567811
-0.0298762508398612 0.179319173580613 -0.0986175172218085 0.0945076439801573
-0.102393125084634 0.172302743753716 -0.119022770707902 0.0112750755386765
-0.188515904189063 0.0950451251888674 -0.0360466865114899 -0.0357093565851393
-0.231559740797367 0.0373106623127725 0.108330862107101 -0.00656797875808917
-0.180272719386307 0.0185122188772706 0.152500030063855 -0.0918908556514959
-0.194323306495742 0.0639092628472437 0.224213732205262 -0.0540447537926242
-0.147238432273951 0.148322372277526 0.219063135882177 -0.0746324039441519
-0.064000646787394 0.174127824433602 0.163676102613962 -0.0855457233087171
0.0205995112339118 0.145406161222951 0.0947240678667358 -0.0606913408537914
0.0513961981918014 0.112514839572912 0.0843363347236209 -0.021051049685768
0.0786556986785078 0.0964443705800074 0.0744177959458828 -0.000185513823335569
0.0769230773095763 0.0701884827563616 0.0653705095625281 0.040209050091013
0.0745539777514018 0.0789833238847979 0.0571710803896829 0.088378171302941
0.0408506592184982 0.110558655071157 0.0344917358750135 0.130207388600385
0.0121702548585021 0.119451891021431 -0.0308738586061893 0.156965595170329
-0.0526130476601194 0.141716870579805 -0.0951954975978602 0.102588889682794
-0.112709144398456 0.128826173843921 -0.0992634917021953 0.0148089933416408
-0.177945120735226 0.0493530063882548 -0.00357846253138215 -0.0347273624954648
-0.195884808808103 -0.0110930298821714 0.161720740640278 -0.0044204793449294
-0.0997385077344753 -0.0198461263503606 0.173760456071625 -0.0948144847419036
-0.122437096629686 0.0250625161494749 0.221438040020225 -0.0698534964392632
-0.0893015673634402 0.0861242943075871 0.195297905758887 -0.0564094688629631
-0.0373151759162238 0.0981553736199411 0.152999254642905 -0.0533044247839244
0.00740770021899733 0.0800075532411533 0.107523463192991 -0.0236340618812113
0.0215466336860426 0.0655838157445599 0.106820615332772 0.00826387341963666
0.0370547573726674 0.0648346945535968 0.0998392252566995 0.0254749653002999
0.0406932264043804 0.0493524688817269 0.0836608041740555 0.0637784066632211
0.0383721917910081 0.0556680320048836 0.0691086055765913 0.11863944544164
0.0169266260218306 0.0740121171311384 0.0330038848289907 0.159134223781869
-0.000748029052223429 0.0781507692462275 -0.0410030938985431 0.173851089977367
-0.0470525490280005 0.0940690737784209 -0.0956514045176848 0.108424466783951
-0.0949897264533534 0.0796423583600404 -0.0824786380430419 0.0263050089970063
-0.13890599796237 0.00961459507586931 0.0202312288623835 -0.0183637836172268
-0.131174385342357 -0.0493293305798645 0.199182845293614 0.0105945746828749
0.0434070323851998 0.042739735962653 -0.233583710946839 -0.00541302513759008
0.0651580804227977 -0.00524254776169437 -0.0666385952065433 0.0263994731938876
0.0508315602563012 -0.040409932432217 0.0715968053822797 -0.0298659954175851
0.0061177683239481 -0.0386507330722008 0.104417133784489 -0.106970726746803
0.00219829165036076 -0.0145536321069377 0.0570838208703383 -0.193405776161183
0.0088195198409027 -0.0184817072722355 -0.0388717461268527 -0.199306848500979
0.00457717755470344 -0.031641540952192 -0.091491839466371 -0.144973807378154
0.00148260871972335 -0.0265090675188872 -0.104881528380806 -0.0868905043174514
0.0137760734279107 -0.0299245160618233 -0.116573332437327 -0.0403140145919426
0.0310086307439115 -0.018418717190276 -0.12628813681776 -0.0168741507972321
0.0318123832595047 -0.00469037454157703 -0.123625598705414 0.00969273592168359
0.028842281955294 -0.00110317724418929 -0.143556792537054 0.0288192564505486
0.0481881675360114 -0.00173350573731025 -0.171065955173435 0.0284885048269704
0.0485943278712961 0.0356112502837832 -0.16967471926515 0.0656188254187599
0.0271566250436878 0.0652926351307015 -0.146625967681028 0.103615771359594
-0.0510165932221487 0.0633574540264194 -0.20352813886388 -0.028483396488127
-0.0162605239613111 0.0202033042510536 -0.0399678701923617 0.00792771382102596
-0.0136814286208347 0.0065886979947402 0.0938577426524759 -0.0525571789141381
-0.035439246220646 0.0190160191442251 0.116912763506667 -0.12162257761638
-0.00832235851580171 0.0462493109690778 0.0633458856592862 -0.201548277942026
0.0216740243367002 0.0385892366249146 -0.0290448915990703 -0.203305997590152
0.0410697528638477 0.016219602434824 -0.0837950930085069 -0.150082656499617
0.0440381287709044 0.00512540580676429 -0.0953755182465895 -0.0873099484680044
0.0641995586523645 0.00225821249473802 -0.104962134412714 -0.0361668319319836
0.0718813876985534 0.0289218046902165 -0.112033791980249 -0.00785031015260625
0.063051303546874 0.0538587008902122 -0.115072954169737 0.023135796033998
0.0305063478475219 0.0819643395152114 -0.140824373793203 0.0362954101476577
0.0105677707960658 0.0793447075663621 -0.165422944505726 0.0237904878720268
-0.0246900657207723 0.0849801176553468 -0.148101885701284 0.0561135416078572
-0.0649696032728182 0.0972445468246912 -0.122618319746366 0.0929730913941721
-0.139866189506244 0.0749444584250383 -0.145348563219207 -0.0459229939259915
-0.103715137150183 0.0458073808132751 0.0112640447290664 0.000964229460345055
-0.0822085912773586 0.0632458926760511 0.136120882796437 -0.070318630477628
-0.0724589201511478 0.0875381117650974 0.137631849687489 -0.138313887518765
-0.0112787799228909 0.107483004388093 0.0650271237842429 -0.202556557485165
0.0364117673634951 0.0921108611572695 -0.0174928655105227 -0.191024580525027
0.0742621838061584 0.062405878552241 -0.06631420377697 -0.138200041417329
0.0801948691377597 0.0348439354043939 -0.0716754871116246 -0.0756614783533155
0.10434523097313 0.030818024719266 -0.0766482437777376 -0.023677698834707
0.102971422999176 0.0673520228249417 -0.0817383568858812 0.0107720416945757
0.088034802729602 0.0974966997295176 -0.0943001540750349 0.0479426638836623
0.0372631235759566 0.145435805904435 -0.132195899363799 0.0537133540000395
-0.0152717610060136 0.146735178106576 -0.159773956054881 0.0234379975611999
-0.0852617254570461 0.126846814940245 -0.124385235933851 0.0363016831457451
-0.143484518366541 0.117529998937381 -0.0771862578710319 0.0683635943032629
-0.207342624907213 0.0789334538269406 -0.0668668130992315 -0.0586647042694136
-0.181892111282744 0.0723269358398587 0.0771168866949472 -0.00328479992869007
-0.142256891581116 0.125298545627794 0.183602159622007 -0.0815144603362642
-0.0934816703326607 0.159554601943985 0.15982827889338 -0.1477685545955
-0.00195310654716245 0.160861369815068 0.0675290514396312 -0.19085975102141
0.0547986131643231 0.132898625004331 -0.00141509985554734 -0.162300064242488
0.100512223614877 0.0970245353402736 -0.0382217000403794 -0.111687112152733
0.105376808855447 0.0597227558172136 -0.0371749623365041 -0.0537271115784826
0.126479325580437 0.0551984030772965 -0.0387883554244542 -0.00498688552038811
0.114419214088942 0.0978192308496063 -0.0419357249911757 0.0334629259822372
0.094325420495179 0.127978211243002 -0.0659893022153303 0.0763720156473853
0.0334844664957073 0.18392961687437 -0.11938328278707 0.0733182824406842
-0.0388590333727571 0.188624387115702 -0.151235718698606 0.0230306103872915
-0.132671616483692 0.146940817351188 -0.0993991956043997 0.00817952489780452
-0.201059834193774 0.115533706997014 -0.0194992621716042 0.0366595425309163
-0.239704779105297 0.0740020197514406 0.019639040918319 -0.0720959095412326
-0.229663199173221 0.0910371629911197 0.14513415003247 -0.0155748445165345
-0.178113995327977 0.17192126154696 0.218666890328655 -0.0882089570136683
-0.0975855920963462 0.21164360278673 0.173068019523824 -0.1433358836728
0.0136178428472554 0.191982536362307 0.0727417015399283 -0.15868578955938
0.0693319888455032 0.150880808982433 0.0232799655804829 -0.118861008476475
0.11412237898294 0.114308956937072 -0.00220994303220561 -0.0750122323024793
0.113912766416134 0.073692350834607 0.00110765916825258 -0.0242896123627947
0.127064472678947 0.0736154340536778 0.00174163095955371 0.0212378318193705
0.105254030425059 0.118666695106866 -0.00212996348435017 0.0615886933265003
0.0787694219301364 0.143358289326008 -0.0396668846634017 0.106148840022386
0.0106521275435764 0.196949710149623 -0.10533934565917 0.0892587310694805
-0.0680666085164779 0.198932940603217 -0.137502590584078 0.0214851419530669
-0.167673618210345 0.138411655608275 -0.0713192271757369 -0.0183147339547372
-0.231654841022334 0.0910535370202517 0.0442491668195859 0.00742624115022839
-0.230692723506345 0.0568745839683355 0.098841268985803 -0.0854185231608675
-0.23383630729862 0.092430161965256 0.198482644660085 -0.0375874875079245
-0.17795395643439 0.184330942742027 0.230171671917602 -0.0892933859732779
-0.0842588699284892 0.219589915818114 0.173370567449197 -0.121698979239887
0.0254968989594872 0.187750084166355 0.0829219641563786 -0.112259881756471
0.0708490571008015 0.143008644173143 0.054779989666393 -0.0689729037726606
0.109055120057633 0.112741620513934 0.0380748735178472 -0.0358482689713428
0.105010360461093 0.0767551964139335 0.0382591588545449 0.0077830349288658
0.108603373745354 0.08191460980005 0.0367460038367999 0.0534911093536
0.0788693431264033 0.124722098628704 0.0271557311519291 0.0951154141865112
0.0469873671628013 0.142266474606974 -0.0242414420329773 0.135160370930727
-0.0231064113556994 0.183361415406565 -0.0952677311927753 0.101528533014623
-0.0972970944909302 0.177249103413083 -0.11929294612694 0.0191681080840969
-0.185813992801092 0.103602601647578 -0.0385244880984816 -0.0340728288736945
-0.231214031734535 0.0469748471006102 0.106776237109497 -0.00946226157915232
-0.179712871510647 0.0269070398861147 0.152849186613369 -0.0976467620554407
-0.193288458328948 0.071726555766327 0.224697877801619 -0.061456269230122
-0.143519625051689 0.15368752694985 0.218803259301486 -0.0814717590351469
-0.0585898799451323 0.178903719836056 0.163901940011811 -0.0908292784275534
0.0254320548961169 0.145157484501416 0.0948620167964324 -0.0622708006909291
0.0552319198704407 0.111799001838073 0.0860014370204021 -0.0243013465593866
0.083092641835343 0.0933420453586816 0.0756280842618616 -0.00149712314773841
0.0793700671234081 0.0672982978025155 0.0683396752523701 0.0390720600451306
0.0774551603947062 0.0759004247172239 0.061491872935155 0.0881689388206184
0.0466560399726034 0.109540321942471 0.0397427307175671 0.129978290068868
0.0159482102003898 0.12031591564395 -0.0246860374351938 0.160675161397309
-0.0467767559408746 0.146460169476968 -0.0922460470020566 0.109567988968944
-0.108807488357265 0.132520795386148 -0.0995204175783368 0.0215261287376226
-0.176816326298603 0.0564348177775565 -0.00531192747934743 -0.0336238978850964
-0.197406889948519 -0.0025041014400723 0.161072313307813 -0.00945787064829312
-0.100217577470161 -0.0152257879585328 0.174665213973862 -0.101614531176589
-0.121842866389178 0.0296942734482785 0.221977078253449 -0.0774370375034595
-0.0864976556304617 0.0887565042058189 0.19587939780306 -0.0627229322004489
-0.0342437070652352 0.0996699936720553 0.152703529139965 -0.059668162471475
0.0102200857389326 0.07941761668034 0.107966636380715 -0.026476597881881
0.0235779614107031 0.0650008619589072 0.10926775952135 0.00441412383729642
0.039735551481826 0.0628854753128129 0.101164154809292 0.0231700366263233
0.041745393960068 0.0481727400376183 0.0872723556396559 0.0629233139979809
0.0400182600759705 0.0534232392216554 0.0738053135576771 0.117926260289729
0.0202589983884831 0.0741962615385916 0.0389305718903641 0.158349367708014
0.00204690694561506 0.0789069787456275 -0.0343583342489307 0.177764511558026
-0.0438618135785946 0.0960120718759629 -0.0929506428102266 0.114173290311903
-0.0918648764466723 0.082654371840329 -0.0833553913435687 0.0310267307060728
-0.137540440680488 0.015357452395168 0.0193050914961155 -0.0189668420997098
-0.13271618445843 -0.0435599103499195 0.199596013070435 0.00370741192509164
0.043400708021172 0.0408701106044782 -0.234832278987284 -0.00198487185102107
0.0647794808770429 -0.00462500553677305 -0.0660250582831702 0.027438729081058
0.0500136915714889 -0.0400434493883349 0.0739545061745829 -0.0308197704587382
0.00613275798502777 -0.0378407860011658 0.106531228016783 -0.110790173744652
0.00381747848977237 -0.013072292846043 0.0555829800872026 -0.197895872152756
0.00903846279254789 -0.0180758259167436 -0.0424652523495784 -0.201325138495661
0.00372511870573164 -0.0315276872016998 -0.0956097030405844 -0.146104305025501
0.00157142258786107 -0.0256426775391944 -0.107993715055349 -0.0880651466057004
0.0135897005903515 -0.0296227268958793 -0.118492560394288 -0.0389907265154948
0.0311437052631822 -0.0193899055361062 -0.129169693455778 -0.0145461676462252
0.0326355537773867 -0.00499994492883901 -0.125714781632905 0.0112738094942049
0.0291402578225245 -0.000684895336947659 -0.144900739709141 0.0308450935237518
0.0478953635374076 -0.00136877013252942 -0.174737255123374 0.030928741817349
0.049666780853127 0.0347765991681297 -0.172317589700338 0.0680222689054586
0.0276209472820094 0.063251896112127 -0.150093588402232 0.107223445665272
-0.0512987184606216 0.0639401242242924 -0.204483008089683 -0.0258664480091743
-0.0172636126600755 0.0215637834447585 -0.0397698596487281 0.00890272078773625
-0.015448344988867 0.00875475127811008 0.0968680734564755 -0.0538855880883173
-0.0365913170042746 0.0223504892848505 0.11967823269315 -0.125411453043923
-0.00669756164544499 0.0481803342026073 0.0613860966504649 -0.204996543770254
0.0237354753230136 0.0402866617722785 -0.0327589093820955 -0.204862079299664
0.041655431597939 0.0162342379116702 -0.087179044246789 -0.150601489468909
0.045747324943934 0.0054797280880914 -0.0974359593504415 -0.0890774506055854
0.0651638886264912 0.00214616149155469 -0.105845439576943 -0.0352186178961654
0.0737731966419468 0.0283020399082927 -0.114017750904873 -0.00486535584833382
0.0647241254801376 0.053593788383776 -0.116353142292668 0.0255207257653725
0.0323480932411563 0.0835669286423308 -0.141840340621206 0.0392879585758609
0.0113677807409384 0.0812522231719384 -0.168198743116173 0.0274684741512902
-0.024287493515052 0.0866614017760162 -0.151030991422802 0.0594641924723453
-0.0652020241790224 0.0983946446254811 -0.125081737265211 0.096345630980925
-0.140543527238659 0.0777851389532175 -0.14590078079113 -0.0440595246155035
-0.105700833671645 0.0486638917272405 0.0121912778108863 0.00131586110055025
-0.0844683298015588 0.0671193110903816 0.139209433055356 -0.0717914950289399
-0.0730341653540064 0.0933426823377008 0.141348799617213 -0.142343986240085
-0.00962422279262788 0.110936091560944 0.0646045729713544 -0.205894671121254
0.0404401452999349 0.094568256371564 -0.0204880477242033 -0.193210664747176
0.0765484436553881 0.062045895686685 -0.0683212090178149 -0.138012196645856
0.0826875575664188 0.0353947752030399 -0.0732804423523363 -0.0771672737737971
0.105359148786549 0.02974327559785 -0.0771121069908376 -0.0230583745445222
0.105941063083425 0.0671363802437882 -0.0826816317663864 0.0129814028776761
0.0910584286875213 0.097783591054944 -0.0942210190701085 0.0513851590733811
0.0408047579294219 0.148246768110877 -0.132530964850551 0.0574981779669641
-0.0138146702382235 0.149724564692245 -0.162225257679532 0.027890337596414
-0.0850594939697584 0.12981175361642 -0.127339223399076 0.038328414526463
-0.144243912655071 0.120043898671962 -0.0797128544350599 0.0711011392947462
-0.208313349034281 0.0831933784506488 -0.0662176439588198 -0.0583696117974313
-0.184307648488465 0.0770512849639942 0.0788768667968116 -0.00397179249798725
-0.144934338169685 0.129802988155168 0.186864133735545 -0.0829936019343069
-0.0945191013607811 0.166887608812479 0.163103700674433 -0.151540251675463
0.000392562844591262 0.165181216883929 0.0672482013323431 -0.19281308594094
0.0587686508887598 0.135400403694299 -0.00266259012244695 -0.164049504897536
0.103502871993899 0.0964144025648063 -0.0402010366547646 -0.110795661485613
0.108402367367866 0.0594379080545108 -0.0379144471416295 -0.0551330788682091
0.128571780542698 0.0544199644974807 -0.0383117487722587 -0.00402114821165388
0.118781837085086 0.0968113529261408 -0.0416463305071582 0.0351427576060457
0.0978903902174981 0.128149137687984 -0.0649719834167815 0.0791880557661872
0.0373714319757803 0.187077888743013 -0.119013164399444 0.0779387451519596
-0.037425077622951 0.192586823029475 -0.153312817963808 0.0276805968883715
-0.132798525431311 0.151767590921478 -0.102570171931186 0.00981245968696212
-0.202142154128504 0.120566327357044 -0.0215781964189224 0.0379429767268026
-0.240875914995307 0.0792615532107827 0.022131361537962 -0.0733556064035144
-0.232273170990522 0.0970286646777029 0.147770868397349 -0.0173523358721597
-0.179662462102457 0.177011088863005 0.222006215923309 -0.0902448207882023
-0.0965672543027351 0.219434610129306 0.177149615510895 -0.14763766228641
0.0168624342398359 0.196612504208675 0.0738901829104368 -0.160230990777488
0.0725200737398937 0.153399373097822 0.0230935011131491 -0.120308239088503
0.1181916225436 0.113492387795666 -0.00244875209830001 -0.0738324111329712
0.117293743722468 0.0735358912381356 0.00188416076373816 -0.0252015668272344
0.129262607175918 0.0728050559893428 0.00332438802082119 0.02184203516914
0.110037890431089 0.118850467148278 -0.000267436003699991 0.0628457290470495
0.0816228047437033 0.144780619401253 -0.0374439954124484 0.109597864602443
0.0149362847718525 0.200695496313761 -0.104345542960053 0.0952172294956333
-0.0660657213982799 0.203049846541748 -0.139031717819024 0.0259297036961915
-0.168001577115559 0.143224697321343 -0.0738816292068902 -0.0167783505752008
-0.233666257968401 0.0961015392319151 0.0428756917645198 0.00790655181481001
-0.231201261147694 0.0623854919310459 0.102018279732788 -0.0882826781919258
-0.236158161147635 0.0981984242151682 0.201857472495066 -0.0404776518443938
-0.179598957374024 0.188139729639071 0.233738958916003 -0.0911108349048548
-0.083080368959565 0.226741364719123 0.177127336219812 -0.125337508032806
0.0279966787177618 0.190044892110267 0.0839926768227491 -0.112762873049867
0.074135347096985 0.145461310025278 0.055869821098283 -0.0706067044974266
0.112542763612842 0.111958299406201 0.038963048157312 -0.0342859381921355
0.107619178552595 0.0764569969909517 0.040591001720562 0.00783828974483574
0.110538915176508 0.0811834352289246 0.0388729236504918 0.0547889699575047
0.0835552805802124 0.12540576041088 0.0297215532445482 0.0962467582415558
0.0497911302424468 0.144604101425843 -0.0215106592123627 0.13825134944407
-0.0194690514307574 0.1869891379978 -0.0951933807931387 0.106699129074724
-0.0960592700693005 0.18078908052547 -0.12067302041103 0.0235936837642836
-0.186378634547945 0.108774247303797 -0.0404940871634508 -0.0337729586377816
-0.233311900820408 0.0523920239772388 0.106409751987056 -0.0108238876608659
-0.180421820733596 0.0309057882607955 0.157050298178648 -0.100893027618163
-0.193689885048747 0.0764987767299404 0.228181423739017 -0.0654361273918048
-0.143203870941789 0.157189844058378 0.222338920883325 -0.0832696449157009
-0.0573989777318327 0.183178661162798 0.166491426158767 -0.0938478206874956
0.0278311836284571 0.14652097248502 0.0968604755169367 -0.0629555689188244
0.0569723468162073 0.112303580720263 0.0886697307283109 -0.0256874639137039
0.0860633526300549 0.0923644562093979 0.0766235510192224 -0.000182935920368955
0.0813880679450368 0.0677279614559252 0.071216639145657 0.0390867856526222
0.0791272898256846 0.0753171989256271 0.0643122806768177 0.089593575524856
0.0501056886082434 0.11088617608794 0.0431267317730304 0.131463939260568
0.0172354392629554 0.122012991909803 -0.0221085367217942 0.164463904993306
-0.0444292583204377 0.149268684060361 -0.0918111093587949 0.114058751189419
-0.108760267177791 0.13599641650213 -0.100878521470082 0.0252365142490611
-0.1774401014673 0.0605328253515471 -0.00630330223490067 -0.0339471023443502
-0.19917625575763 0.00192295097558257 0.161848667440876 -0.0115457289974132
-0.101086495859878 -0.0127921455758828 0.178305354365997 -0.104729212723825
-0.12208522625813 0.032450490858556 0.225014454991724 -0.0815365732068699
-0.0866750392720482 0.0903593025336769 0.198832344324161 -0.0656422743246684
-0.033765571732478 0.102397580363791 0.156001621507264 -0.0631172792962119
0.011732187997074 0.0801384897212985 0.110888550050887 -0.027524765800525
0.0238719611494771 0.0657024236133035 0.112626460322786 0.00271787678701797
0.0411992854581549 0.0624232594987943 0.103049438012735 0.0228432517695366
0.0428565892139729 0.0480097813001936 0.0896488844475363 0.0639379429210041
0.0405074686870748 0.0535701000305596 0.0769261690769878 0.119159683486492
0.0220727402587666 0.0745232214074883 0.0414595132287158 0.160176970622861
0.00277930167377259 0.0800097324947309 -0.0320044704860632 0.182184631727583
-0.042506594770823 0.0983074486246644 -0.0928583521121918 0.118727866581683
-0.0922901203757625 0.0840825399240872 -0.0837335648500079 0.0343975137074754
-0.138202637887447 0.0169535665690382 0.01863461103357 -0.018885727367054
-0.135342193438949 -0.0413905484129498 0.200291340460309 0.00129102885875071
0.0432676654860621 0.0405671060447568 -0.241132667927028 6.1845997112759E-05
0.0665532514382201 -0.0051016573631521 -0.0680119370538157 0.0290148462359911
0.0509249590842911 -0.0393287637561165 0.0785695849079094 -0.0332683543307854
0.00639258548183157 -0.037557273315269 0.111519197457805 -0.117657124872242
0.00518192259403374 -0.0131593458348923 0.0565491963932638 -0.206299831445358
0.0102313507286188 -0.0179852041509831 -0.0461048909688922 -0.207579803015059
0.00342489347132755 -0.0317482659472619 -0.0993259567111352 -0.151037181581691
0.00222082430951327 -0.026242542612454 -0.113726897818779 -0.0921311001796133
0.0146011658093597 -0.030076621613483 -0.122649112589508 -0.0402082084773553
0.0315983591862845 -0.0198141588587206 -0.134466481433594 -0.0136914215883233
0.033496408478482 -0.00570499672533524 -0.129879040663531 0.012100379660733
0.0303279731367003 -1.6449058926441E-05 -0.149268648544197 0.0319081383942575
0.0493615731896179 -0.000880912985368974 -0.181842872682819 0.0330809296912895
0.0503813328951843 0.035149908788932 -0.17947844188828 0.0707269650608683
0.0281415937989079 0.0636235552987428 -0.157091837140898 0.111020996133458
-0.0538438389477397 0.0654188234051411 -0.209476041800721 -0.0253682016481042
-0.0189542698765316 0.0231525550670643 -0.0404619453996425 0.00980461427923069
-0.0168097914226042 0.0112570154110613 0.101609842705204 -0.0564368088115745
-0.0378311513073909 0.0261117729749544 0.125625274849698 -0.132076406637818
-0.005378886097688 0.0514439367012407 0.0639160522680987 -0.213259483599249
0.0263988436453053 0.0429901344972889 -0.0348883269853543 -0.212084685605704
0.0438495581310491 0.0174546623425669 -0.0905300017745759 -0.154382005335644
0.0480454838961643 0.00613865733073719 -0.101567953575003 -0.0932529354976745
0.0679178881496781 0.00210797646280489 -0.109535280611911 -0.0359725422264852
0.0769572743943465 0.0291022661292933 -0.117972320328741 -0.00365328319216591
0.067422003953272 0.0552617395096106 -0.120386626653799 0.0272409535236296
0.0345613660899277 0.0872986700988261 -0.146080158744073 0.0415008201743875
0.0114356018948874 0.0849002112697413 -0.175054808480227 0.0299144398565018
-0.0258536298539386 0.0897548146223293 -0.158175116563817 0.0615166215284509
-0.0671952056340347 0.100488826214845 -0.13165859498676 0.100228847413736
-0.145177159551445 0.0801718292713847 -0.148717221417543 -0.0448599126497203
-0.110788462737051 0.0515442671783145 0.0125353735691172 0.00199974141832573
-0.0889432360326896 0.0710754068690382 0.145604065881071 -0.0739835029797234
-0.075566963725076 0.100056925693084 0.148134859263238 -0.148309277933675
-0.0082809506133482 0.116897310527668 0.0668416153830062 -0.213126395468473
0.0434789852884206 0.0994495384227966 -0.0214615791692407 -0.198987340049958
0.0798319109301749 0.0641318954803784 -0.0708984864952055 -0.140657451943779
0.0872006102140803 0.0371773075676504 -0.0754952112712163 -0.0811994364106118
0.109884588418118 0.0309744734569186 -0.0792691872164217 -0.0235943329884399
0.111309066500187 0.0687158377352038 -0.0853640163664221 0.0143708861830859
0.0945237378659953 0.10128976502993 -0.0965068910107986 0.054079154028556
0.0435208687483827 0.153715819858594 -0.136419733578495 0.0618540819426603
-0.0141692574287493 0.156259751831737 -0.168735960336102 0.0312507967846687
-0.0878829392108459 0.135286595608553 -0.133726389501646 0.0398926976091776
-0.148902110857104 0.124127383845749 -0.0843724238167617 0.0744001002974274
-0.214863946586848 0.0866374530643406 -0.0660867354408151 -0.0604729514272569
-0.192082539474883 0.0808581884135888 0.0819336139697186 -0.00319072747919777
-0.150645086482864 0.13577321493693 0.194910796277093 -0.0851551623489726
-0.0968050698612079 0.176609878540469 0.171012492862791 -0.158164608060311
0.00176637750324527 0.173111196519372 0.0705237608829343 -0.198575389667995
0.0624247723579883 0.141784933303107 -0.0026579693325381 -0.169161435592719
0.10831785101718 0.098757003631196 -0.0404131760697372 -0.112133227875602
0.113403929972323 0.0613342079115994 -0.0387063340241817 -0.0583530625199379
0.132866319149794 0.0553973190127523 -0.0381358636808761 -0.00347179773590885
0.124750830811398 0.10038694675729 -0.0425342516498909 0.0374379340439378
0.102082068403856 0.133076145225942 -0.065694956793333 0.0839486627124145
0.0416509390257199 0.195206336507422 -0.121871853984429 0.082420180232844
-0.0381999466415061 0.20018459053989 -0.158864888584756 0.0316466590503042
-0.136806360387091 0.158140815532836 -0.107480088438734 0.0115253494907654
-0.208858791657265 0.125773692423388 -0.0241673476604876 0.0406040800073399
-0.247857787209696 0.0835315230502768 0.0249082354937338 -0.0760703906777779
-0.240492287478701 0.101593506117087 0.153073262868562 -0.0175942047499008
-0.1869318242729 0.185042999494686 0.231541852847208 -0.092953082224141
-0.0992420359314685 0.230868879122424 0.184754786541191 -0.154025318999845
0.0188773963892771 0.204753871830555 0.0773870917358314 -0.164846201082185
0.0772858548406904 0.16069370171848 0.0244816600885756 -0.124454961531248
0.123300105432028 0.116063843833167 -0.00151471569591378 -0.0736386722453515
0.122398225794861 0.0761604637715755 0.00260051401916858 -0.0272466153673624
0.133880372187015 0.074655862565674 0.00463359082312895 0.0233597506365527
0.116301726357451 0.122429041605369 0.000139598787608593 0.065441871473775
0.0856774634651961 0.150567201986406 -0.0364783863102564 0.114477070708881
0.0177261940503609 0.209259422392731 -0.106840345607845 0.100571691754546
-0.0677890362985928 0.211693561278656 -0.143980133325223 0.0299606168301007
-0.173278035561938 0.150165865523796 -0.0777430453767444 -0.0165468698314266
-0.241188730983318 0.100956314727688 0.0419795140401435 0.00888376190851415
-0.237874286405343 0.066456491320772 0.107324588361988 -0.0916879715774944
-0.243383402022984 0.103690469233516 0.209203252350524 -0.0419612359217539
-0.185377294595383 0.196797761152114 0.242847331632322 -0.0940873501602328
-0.084195850681154 0.237380439345454 0.184653303411776 -0.131385249638194
0.0305642262581161 0.197597669553182 0.0884328758371396 -0.115376174764118
0.0779515238225862 0.150835139873025 0.0591774400579333 -0.0731384190173083
0.117360474699111 0.113574537400254 0.0410382079366228 -0.0333996345513939
0.112564553160028 0.0791517769459943 0.0434189477429287 0.00779460105531861
0.114486770053992 0.0833625068061629 0.0414536507430548 0.0572627244912517
0.0874694747373919 0.129218764071685 0.0316856280267276 0.0997869595625104
0.0519137588289774 0.150462237901731 -0.0200715493863912 0.145083827901213
-0.0181688952028103 0.194996316383793 -0.0970735914242335 0.113644080243779
-0.0987414782487076 0.18769593626105 -0.124343604946791 0.0272251585333965
-0.192227585133078 0.113920024381133 -0.042614695341863 -0.0341105878093339
-0.240850207421229 0.0564529730160322 0.108468302739923 -0.0103695146142883
-0.184951324150839 0.0343103221067208 0.164027502140055 -0.104836298475068
-0.199709190980278 0.0810185109090858 0.236662553816279 -0.0688535627453492
-0.14800108223425 0.162838385846993 0.230918500269275 -0.0861693327274265
-0.0586322531303173 0.191738848877071 0.17400912226664 -0.0987326048295881
0.0295198558928552 0.151737730115011 0.101935274370815 -0.0643197640424656
0.0599668202188162 0.116352236859744 0.093271505715494 -0.0272469055784044
0.0898231269012146 0.0943878907082786 0.0801099239284182 0.00157264436356119
0.0846827668676962 0.0695772031808661 0.0750226651481789 0.041266690221363
0.0812272829161202 0.0770543797453835 0.0675754876138386 0.0937714888045383
0.0534757113693862 0.114299935760516 0.0452780133436071 0.135597501696081
0.0187308786787347 0.126423864779977 -0.0208436326964505 0.171584403410135
-0.0451734535382034 0.155284821165385 -0.0941374457087615 0.120720969434564
-0.111880656760178 0.139894266537834 -0.10381975645557 0.0286659518889592
-0.182702675319534 0.0636744955117577 -0.00755716655113341 -0.0346175065209461
-0.205453699822889 0.00370256314575541 0.165733818281873 -0.0123039468491088
-0.102708490913484 -0.0122219855709371 0.186390353019932 -0.110110903909675
-0.125338556413924 0.0348967327236003 0.232621317580191 -0.0857629099759557
-0.0898782908138893 0.0936545222058509 0.207091339056437 -0.0681393047918789
-0.0338625375760582 0.107020639215644 0.162239300574271 -0.0671360973220532
0.0125354451460061 0.0820154205266164 0.115744552506886 -0.0282607591076715
0.0242992307939521 0.0676666113577466 0.117710061462135 0.00193019257565089
0.0434619842008555 0.063510554226205 0.106672071526622 0.0246554153425251
0.0448965234524342 0.0492367973655097 0.094447789486345 0.0666808157681047
0.0414356476397019 0.0545812801861282 0.0804450345207336 0.12439660531031
0.0244323516816907 0.0768334804674978 0.0433360511701083 0.165157683189999
0.00282361890299477 0.0821256728688943 -0.031941367079052 0.190300638587901
-0.0426067843364462 0.102446772438307 -0.0954377354080369 0.12458974765657
-0.0951126318481649 0.0868529398222258 -0.0867217268385881 0.0376113920362966
-0.141034525812285 0.0180060836012054 0.0184932805163061 -0.0196286968388671
-0.139262394121474 -0.0407365996603108 0.20655921291872 -0.000193340520239621
0.0448946622385118 0.0405873804846845 -0.253644252234081 0.00467956233415962
0.0693520548770108 -0.00602078330957471 -0.0707780869002795 0.0324140808481135
0.0529581734763533 -0.0408964236228717 0.084387796008289 -0.0375175788328065
0.00721954198496406 -0.0386933818870854 0.117480319645007 -0.128643603011034
0.00704855016930681 -0.0135177642970668 0.0567244797177163 -0.220791101686588
0.0116028192993344 -0.0188090882283161 -0.0521338590971588 -0.2191291711005
0.00293898120578169 -0.0321937948672617 -0.107663763140614 -0.159008063669088
0.00251559250250756 -0.0270841717185236 -0.122606554143813 -0.0979638117479381
0.0153602026499914 -0.0313832521958077 -0.13115960244852 -0.0413201261060994
0.0332069657782782 -0.0212810890225494 -0.143478850128729 -0.0117194883574168
0.0361032262197361 -0.00677130179984868 -0.138136549011586 0.0144030955668763
0.0334134364971747 0.000162985260172229 -0.158228904542177 0.0352862315580531
0.0519806659195698 -0.00110844834591362 -0.194508821017517 0.0388876828291482
0.0529290924032748 0.0352677306015745 -0.19060162306497 0.0770014578216539
0.0297214206316252 0.065406141545523 -0.168385735016456 0.120115357943106
-0.0575883627581292 0.0686082676126379 -0.219985171024872 -0.022922735690337
-0.0208592323118441 0.0253757761953303 -0.0421626740887921 0.012379683769433
-0.0190976209334567 0.0137613146777161 0.109327638922174 -0.0608572498767422
-0.0389439263062115 0.0310796094480169 0.133000114634669 -0.143652611647835
-0.00339414227252078 0.0561284862229633 0.0649727844852709 -0.227130399277071
0.0304853838115181 0.0465420008745543 -0.0401150827688207 -0.223632471875551
0.0464754399811803 0.0184981656794726 -0.097275432519571 -0.162057829089582
0.0516236917909775 0.00632807334872239 -0.109764857625916 -0.0987240855311059
0.0721865904885397 0.00220578984735278 -0.11638853974898 -0.036657231658822
0.0826784657434316 0.0299448319276145 -0.125670165235934 -0.00123032051738384
0.0726543757115937 0.0579795072042612 -0.12677763651841 0.0306161338090847
0.0389619902333327 0.0931790717893391 -0.154128277185255 0.0465892265933217
0.0131627370838976 0.0906572667089198 -0.186961624845573 0.0357753636161154
-0.0272498743897297 0.0951931051780117 -0.168579772666504 0.0679867948108517
-0.0706449203036201 0.106140389373113 -0.14124342745297 0.108168237772843
-0.153498584704167 0.0863438050144089 -0.156530129771985 -0.0451465708296457
-0.11852789216338 0.0569473725121797 0.0142745096256664 0.00327215934763783
-0.0950802810854067 0.0780523944788522 0.155388955419505 -0.079795201326366
-0.0782831980794903 0.111036767771734 0.156941789215959 -0.16035519634538
-0.0056590623244494 0.126191085092222 0.0694893309782379 -0.227039601768348
0.0495521773628003 0.106573810083474 -0.0246908743700637 -0.210464926392475
0.0861191767999011 0.0668304393832098 -0.0761144931608532 -0.146948181037634
0.0940184990729702 0.038147254801025 -0.0814151613431271 -0.0867810336137938
0.117008534067184 0.0314994928331454 -0.0838583519939918 -0.0239312179406443
0.119738773310949 0.0713886944125813 -0.0902151605898089 0.0174731890070521
0.10205931487434 0.106105881404336 -0.101020129416551 0.0594894403110703
0.0498008919136984 0.164047312580982 -0.143335118372938 0.0682344330608104
-0.0119639574962415 0.166779965044808 -0.179476149326904 0.0371358251627005
-0.0923798342641819 0.145173682430702 -0.142811002035736 0.0451532216442809
-0.157096255234756 0.133618760386968 -0.0913096306093736 0.0808545323608854
-0.225712803916571 0.0948167031455664 -0.0687796876176266 -0.0633023727274904
-0.202631523585168 0.0892649362102222 0.0874066579894591 -0.00412418109097016
-0.160036427873863 0.147413869055316 0.206835815742951 -0.0917719245799206
-0.100523025431248 0.192780226486283 0.181599926542605 -0.171110478457359
0.00561308593808777 0.18560135998231 0.0736275054100707 -0.210948845442817
0.0711897360129519 0.151345512784177 -0.00479839564379198 -0.179345195437724
0.117124429770683 0.103032864411984 -0.0427338546552242 -0.116399743822437
0.122210137048386 0.0635895033326852 -0.041508232610295 -0.0623597244196031
0.141525857771047 0.0577363758534037 -0.0393444988008471 -0.0035773013418875
0.135749533514288 0.104263163281877 -0.0444418779998841 0.040703874529797
0.111084436413028 0.140171510352937 -0.0668573666429299 0.0904322532479575
0.0477031140620357 0.207612293361296 -0.126852435621869 0.0918323627364174
-0.0376171970251974 0.214056171935894 -0.168425165569362 0.0378282220561845
-0.143809413705497 0.170457180207859 -0.115367889928336 0.0138187015983099
-0.219781341975499 0.136216900265387 -0.0272973349282658 0.0436853196302272
-0.260369729825101 0.0916676388554847 0.0270778563226534 -0.0806056957197302
-0.253989489301142 0.112677939237743 0.162532672352641 -0.0197880322515938
-0.19688264312448 0.200094257011419 0.246075695286153 -0.1001487006484
-0.101478221356798 0.249507278689386 0.195454390072057 -0.166434523413963
0.0239374384251789 0.218088873110699 0.0812458947147964 -0.175127956683435
0.0860230762709825 0.17054837883353 0.0259930153446891 -0.132584602878055
0.133152916091206 0.12030865271493 -0.000882554555955594 -0.0753283940414993
0.132482644127887 0.0787810901647883 0.00353500143029467 -0.0295319297464791
0.142962186283452 0.0778619630275111 0.00633628654907253 0.0247856493671882
0.125957549435669 0.127705719428281 0.0013016116577829 0.0700015955344641
0.0937726731070366 0.159200125832287 -0.0356615455300663 0.123023800429981
0.0232151378327392 0.223152219945551 -0.11036274338531 0.110579283944301
-0.0694070346929734 0.226047721250353 -0.151925878414917 0.0357148365466082
-0.181395438608044 0.16237877025684 -0.0839106180883216 -0.0162291243791964
-0.254620959849746 0.111243308145577 0.0427323538276339 0.00890271274055076
-0.249387578987182 0.0749672725004679 0.114406490864287 -0.0988117001047837
-0.255837475276014 0.114235019847782 0.221436972576765 -0.0475855513672282
-0.195320945800316 0.213044187206054 0.258813245856232 -0.101575462054991
-0.0850077215822684 0.25548039346113 0.195129094242766 -0.142408306377435
0.0356588361025851 0.209470226644819 0.0939956079706945 -0.12264565738753
0.0858856403369336 0.160334906954484 0.0633390307215434 -0.0790703119358831
0.126786822870221 0.117083078695007 0.0448576190738121 -0.0334345642306327
0.121611096031919 0.0817408721325884 0.0469094454149555 0.00718619693764648
0.122410034581048 0.0874639527166434 0.0466244653494209 0.0610191898246587
0.0970459393744424 0.13566926295633 0.0350677542152542 0.105657077800863
0.0578169773053384 0.159474220631798 -0.0176327659707882 0.155836544440475
-0.0157237614424923 0.208517305628622 -0.0999984762671036 0.123903105377505
-0.101881079376748 0.201832676437187 -0.131378416871455 0.0323956952530378
-0.201144029857277 0.124396372334328 -0.0470423215983384 -0.0353495379753223
-0.254214766135549 0.064389598742847 0.113395279139592 -0.0125180082013936
-0.194273082351426 0.0397285454310079 0.175047667383735 -0.113851309661292
-0.209214907068896 0.0896908083256074 0.250783416255615 -0.0767487351466011
-0.154625632683513 0.176368615361631 0.245212866936905 -0.0947326232806937
-0.0587386825607229 0.205082063563117 0.183878063328323 -0.108008786009926
0.0337532681586907 0.16005959830059 0.108836770108367 -0.0692490569202397
0.0656994089437948 0.123750284473906 0.100155913641127 -0.0311319367292684
0.0969850850443146 0.0971325822290584 0.085910180418134 0.00243340884115933
0.0914222236121716 0.0722393603128426 0.0813866369851531 0.0422645018565946
0.0866279936542153 0.0815118050364619 0.0739410579466323 0.0991800271562319
0.0598563084280379 0.120429361138787 0.0491912342766103 0.143742397782664
0.0219766122960876 0.134110394895559 -0.0183258388973119 0.183034957357801
-0.0445705698267565 0.166715173570033 -0.097414603994208 0.131603349504193
-0.116971169664859 0.150734503031277 -0.109814467326599 0.0336247264255541
-0.191206564902965 0.0704060194478874 -0.00920206702213025 -0.0365370048944907
-0.217269991398361 0.00878800182179421 0.173894101747623 -0.015568878844162
-0.10840653540959 -0.0100104214450829 0.198074210023779 -0.119704052384888
-0.130569514462821 0.0388976151876531 0.246105139659596 -0.0949293329003537
-0.0935109606062517 0.100482114426401 0.22012423678006 -0.0754225276740325
-0.0341551212218553 0.113926796379039 0.171298085564815 -0.0742484878472093
0.0143837784974899 0.0856229462110673 0.123593088165661 -0.0314438256646573
0.0263413754255701 0.0714823144799772 0.126103316228892 -0.000684310188457846
0.0475201028883263 0.065538604091236 0.113772346745393 0.0261602452831823
0.0483622584591154 0.0518579921534685 0.102284001136881 0.0698235857010394
0.0445131359842074 0.057609163013852 0.088173226644688 0.132027336907124
0.0272126209151514 0.0806124284728473 0.0478734716889826 0.175228143319923
0.00426517620257276 0.0870462884664861 -0.0305965254619559 0.202583903614166
-0.0430044470808675 0.10896224504711 -0.100054397834311 0.135991240046596
-0.0991462267363372 0.0925409311005954 -0.0918765651985396 0.0424270960731029
-0.14777646786037 0.0207718069473031 0.0186845229275987 -0.0215419363617831
-0.147351368787355 -0.0394198539014953 0.217493398332475 -0.00313975483435587
0.0485180200084423 0.0386882908711327 -0.269384073807021 0.0283390887929142
0.0704585153098843 -0.0133678921649363 -0.0708541113293507 0.0467780894428044
0.0496929634826215 -0.0502239216873414 0.0905221243141116 -0.0437871151782341
0.0025436375964417 -0.0424190156585951 0.115847858699578 -0.148054259398877
0.00501970075444726 -0.0184729523908562 0.038346507429604 -0.23945247754658
0.00743874541788075 -0.0220595982048498 -0.0756450690471408 -0.225713507426266
-0.00316694121616208 -0.0339169655493616 -0.130223297431651 -0.155597774041568
-0.000367529769155527 -0.0275882583202534 -0.141744830181588 -0.0920311926212394
0.012590964530916 -0.0344645575817888 -0.147504350689024 -0.0312180520161974
0.0332365217214044 -0.0280452359421689 -0.158646669226906 0.00343908587446386
0.0371226931105096 -0.0136297337488334 -0.150658951208729 0.0300436185020082
0.0366569237103162 -0.00610643726608445 -0.171463663840519 0.0547188109967233
0.0552424982657605 -0.010672918282844 -0.212400377428291 0.0634945153478878
0.059765923461106 0.0275699348506772 -0.204868835637964 0.0995278436967857
0.0364413133145478 0.0641087308395841 -0.174592306485519 0.139378430709752
-0.0531732143936066 0.0816353818246872 -0.238676593536821 -0.0117860321098351
-0.0201191423708059 0.0308372629821741 -0.0444242841080113 0.0170753094352294
-0.0182479827459136 0.0168486525419407 0.110268741538667 -0.078126476229763
-0.0342814744449663 0.03744621841976 0.126827683173975 -0.170440601450346
0.00318214796742087 0.0567105990560317 0.0426734727145809 -0.249038872760697
0.0353155203542823 0.0441657349006598 -0.0656207910324816 -0.231400742485544
0.0513522826518626 0.0129150893753601 -0.123434283606551 -0.160207698291537
0.0548971295539298 0.00202802390176612 -0.12886518936576 -0.0942158052709398
0.0767333253288807 -0.00668751937749723 -0.129906261143945 -0.0282810819605106
0.0919534217350235 0.0198512077650002 -0.139681199916596 0.0128037955982261
0.0834045453018246 0.0496251110003122 -0.137636478744875 0.0468076983688706
0.0548618793375076 0.0915179271705305 -0.167048258335033 0.0642375562480031
0.0249654166714955 0.0914705024935209 -0.203902671402174 0.0557666932226155
-0.0197339536571178 0.102342335984689 -0.174580904414893 0.0870141611790105
-0.0690440461453931 0.119629273168363 -0.138554171252462 0.126864507978719
-0.149202753382049 0.112223025396442 -0.172898159188728 -0.0473165574983661
-0.117183992474027 0.0756581861620067 0.013237493386771 -0.00387327599541479
-0.0893202537871645 0.0946010688993894 0.15278889643463 -0.108418309378312
-0.064461323927857 0.127142866702768 0.143996898923859 -0.195407091326641
0.00936015132164608 0.130581416101798 0.0428197993407227 -0.248416097074548
0.0633775846970026 0.105600962353424 -0.051719442901985 -0.218271319816842
0.100172050857578 0.058857554397881 -0.102254039167156 -0.145040777606439
0.10223345700751 0.0306154267825625 -0.0964275925281006 -0.0827899618420274
0.127667500119314 0.0184916073484796 -0.0927419416349611 -0.0175663312674913
0.136892628082662 0.0597047072058974 -0.099621596528457 0.0290834618429656
0.120132965528744 0.0978122015904028 -0.107092033124166 0.075318749138627
0.0754885121293419 0.165098198096058 -0.154374904088138 0.0858800410893666
0.00674294720227547 0.176137807071116 -0.194379693565625 0.0536008644308188
-0.0840819049471628 0.164590825620468 -0.144092750053687 0.0595289843070562
-0.159944714917799 0.159938621042483 -0.0808951118954234 0.0944270742345299
-0.222348695556564 0.129718829809158 -0.0828082368873391 -0.0791892192299948
-0.200565081320491 0.119040077092136 0.0888319600496794 -0.0229800968794246
-0.148579308804739 0.176526094907138 0.201038044854954 -0.132782209389759
-0.0752543247488953 0.215263914049726 0.162440990984591 -0.211779014782206
0.0282793148590733 0.191045138563851 0.0456990581132381 -0.230587551572994
0.0910977020027715 0.150063891250912 -0.0289487709363817 -0.186321059993048
0.13819892485099 0.0925533976090929 -0.0666117577262993 -0.116074661022943
0.135083838759129 0.0544474112689828 -0.0511905798445235 -0.0603953447230224
0.157061758818676 0.0429836008665989 -0.04279221039544 -0.000326230771684037
0.157543914540527 0.0932228856151473 -0.0476681808166922 0.0492790099150337
0.13251462023918 0.132870361653779 -0.0669821156810335 0.105675883738608
0.0787954225347306 0.212532626534358 -0.134502937406439 0.108653311241081
-0.0141472698474919 0.230111516138862 -0.181417079537353 0.0501788161448978
-0.136277453594303 0.199134929894071 -0.113245087242635 0.0235843619409943
-0.227751342706515 0.170750407774723 -0.0107831478341375 0.0517634970512188
-0.257717188959013 0.131139189194625 0.0187433222491601 -0.10857214409564
-0.249810179841536 0.149687104218738 0.165265389303175 -0.050959585316661
-0.178822797469835 0.235775222529556 0.236603468005883 -0.149214100634306
-0.0679770565153493 0.274461652699512 0.172541268593026 -0.209124599665853
0.0513559695849915 0.222668508528535 0.055322923356319 -0.191438527214183
0.109775742514715 0.168793814511185 0.00605338011576689 -0.138805333224216
0.157736738631953 0.107422122237187 -0.019940181971345 -0.0762393687034224
0.147653899171117 0.0687148885914107 0.000993782994885881 -0.0298380526966952
0.160773579823972 0.0632289720708672 0.0104494998721456 0.0261646857394545
0.150630760099233 0.118530664668807 0.00500415599565758 0.0764505136769005
0.115828391602897 0.155471246994339 -0.0289386751928693 0.137386594523095
0.0535390697082256 0.231885456161321 -0.113279947704374 0.127272315891664
-0.0459843055583188 0.247360995706269 -0.162006542374904 0.0458539140000578
-0.177197358906599 0.194832723395253 -0.0801145649146837 -0.0115715279626482
-0.266790989583242 0.14878941942721 0.0644671280782798 0.010502393829395
-0.248156596900843 0.110394404940047 0.110851474979889 -0.133377271162783
-0.251651137308243 0.150008416104236 0.22506951077516 -0.086321480400158
-0.174900165905863 0.247587800142918 0.248302896055664 -0.151253369304783
-0.050236113551037 0.278274562018477 0.173665101432576 -0.182340922743795
0.0635994799984495 0.212326273686473 0.0747227594499642 -0.135757219259525
0.108687297919278 0.158109136877586 0.0518914141857231 -0.0860704273089912
0.151197874656223 0.105447255805405 0.0342434015588194 -0.0365630754267857
0.136909222874287 0.0727346774366624 0.05166339481784 0.00486274769274468
0.139798173696533 0.0761627925198501 0.0578480564932594 0.0616474159680806
0.119607500799643 0.130141586011354 0.0452140867226928 0.111141279630901
0.0783673559539053 0.16010653663821 -0.00540024334500138 0.169828681118007
0.0100777161445365 0.221313854260322 -0.0990950462913663 0.141023044816046
-0.0846394101620164 0.224751987610256 -0.137997012445044 0.0405834140628567
-0.20236393747463 0.156755141059283 -0.040775888318227 -0.0338528699683699
-0.271030546674762 0.0985949988686135 0.136290803853867 -0.0165715592342227
-0.196181960120353 0.0660000974700057 0.17712456502621 -0.150135231803881
-0.205713986634529 0.116808217058672 0.254456549459205 -0.116781444785346
-0.137030495907799 0.203199590849061 0.237367326421133 -0.139024299850551
-0.029532541787998 0.221613777605758 0.168057782101675 -0.142181003375306
0.0559874635829282 0.16124687058979 0.0992928380954897 -0.0810714623501063
0.0838899930082656 0.121301743791033 0.0976958145809503 -0.0403287412651735
0.117068444411493 0.0879724839555704 0.0833786021943599 -0.00443246224682382
0.1045655404921 0.0652115715987963 0.0923238360183103 0.0386985755720866
0.101069429028569 0.0749639449008804 0.0921176134955585 0.100745525081974
0.0776697654508481 0.119621106778735 0.0660070810158698 0.151640791250173
0.0368313932227521 0.13816339087898 -0.00238074993740379 0.201045282430056
-0.0270332037259513 0.180509485966941 -0.0943464811398387 0.149668793186095
-0.106338207160815 0.172247239193114 -0.112911704429621 0.040829856877048
-0.197406954873379 0.0967908060969739 -0.00266049710560197 -0.0364295876432534
-0.236473636791096 0.0354582672578785 0.198752540564311 -0.0233651997270245
-0.114055793274786 0.00210077334062744 0.204859628259934 -0.150438403921661
-0.129816088288773 0.0524709657467037 0.251638345388627 -0.131981129328988
-0.0831478331919538 0.115477477775443 0.218741343680415 -0.11062589228242
-0.0174006171776616 0.121271920171037 0.165116022186603 -0.101437939899156
0.0263572154802473 0.0846103463149077 0.123586139646668 -0.0442246696227498
0.0367209635914042 0.0707381942904615 0.131333785011354 -0.0126951302255505
0.0602780694315935 0.0606675928453387 0.118430595069787 0.0169023218651866
0.0570757409134935 0.0482329432339671 0.117186782792397 0.0658509532369694
0.0532179924364016 0.0554591396714689 0.110758580699577 0.134795053837435
0.0379021803537582 0.0812727788779975 0.0682425253652585 0.185677657561824
0.0119156504899892 0.0899520045354915 -0.0129079098689518 0.22454294293266
-0.0327595360675499 0.118787322815614 -0.0956853497257218 0.155736677087451
-0.09453424154799 0.108340433409491 -0.0926249970766133 0.0508600472994908
-0.155784253029875 0.038652494744725 0.0253077965606844 -0.0218094514412253
-0.164927947389918 -0.0237758623250532 0.240914402964047 -0.014629448128698
0.0511872998690344 0.0367798945063208 -0.278811405796341 0.0497557865191076
0.0717015154353697 -0.0179698115907979 -0.0684156394432685 0.055385640672882
0.0483999315277065 -0.0552179860699941 0.093053814642518 -0.0543190563534872
0.00123167929283106 -0.044102223517185 0.110338075564882 -0.166431012592236
0.00619162975260641 -0.0197081911500754 0.022054887089557 -0.256469063494151
0.0069154757068595 -0.0234154550573422 -0.0961882951468059 -0.23176132570558
-0.0059358317740408 -0.0343092447454996 -0.148285311070861 -0.155152275684277
-0.00216399429271744 -0.0288891651142025 -0.158482986626327 -0.0871390264824828
0.0110772418121577 -0.0369898738957357 -0.158142371371581 -0.0219038959509839
0.0322695818988805 -0.0318843672627194 -0.16739993486687 0.01608947611738
0.0379015424644058 -0.0174135350410477 -0.15716517876717 0.0422850592776186
0.039094327175596 -0.00858098824915916 -0.177745982362064 0.0702119596961855
0.0567734375312135 -0.0148447813608529 -0.220115898415326 0.0847066819509305
0.0635320132478663 0.0243790393542291 -0.209702944825446 0.120232046471522
0.041718860663658 0.0628408306342792 -0.17657980079043 0.159984600873183
-0.0519374827062462 0.0896147465600732 -0.249202814176152 0.00564358646522282
-0.0210438603083128 0.0350545562648373 -0.0433200254819361 0.0225976984901002
-0.0186997629911394 0.0220748362426959 0.112090609586924 -0.0915623793444124
-0.0322136073039195 0.0446965353455969 0.120747393178701 -0.190473598450699
0.00972018914875357 0.0601613135147095 0.0272085198453265 -0.265863527759172
0.0423733174652198 0.044014733683174 -0.0863299534599089 -0.238950301822915
0.0546031211956194 0.0107815206181576 -0.140763737060198 -0.159161753819149
0.0591679162233191 -0.00199798247711788 -0.143976431850664 -0.0905642222420857
0.081422428315938 -0.0131281108672954 -0.139765194216853 -0.0203611459469003
0.0988830622214843 0.0140515900854069 -0.145327947042099 0.0253137247271353
0.0918248354631472 0.0467700033681255 -0.141494827673628 0.0596830853650707
0.0664523696686184 0.0932379802404127 -0.172048454580872 0.0807213482684165
0.0332114875405167 0.0952194757195765 -0.211653120085117 0.0767235122179641
-0.0148764001901266 0.110065505400183 -0.179037320357238 0.105072850256621
-0.0650806889108782 0.130495277923726 -0.139299781117032 0.14566484908418
-0.150160650247107 0.129091446952303 -0.183081873281726 -0.0375378930040748
-0.119836446361379 0.089017750433545 0.0145810813306536 -0.00294558502810721
-0.0886168972239744 0.109440050462235 0.154698583090646 -0.126128645728622
-0.0564778633358036 0.141784418053862 0.137842158294101 -0.218792190663746
0.0217414739223362 0.137996940080337 0.0280707913520277 -0.264982155774453
0.0774908528222137 0.106900147695159 -0.0697642339637038 -0.226515870474804
0.110718685019952 0.0547080415097182 -0.116014846695989 -0.145270015862552
0.111434443035613 0.0243027288644571 -0.108764607530986 -0.0816374794733534
0.137123690959115 0.00977584802716483 -0.0987519847721341 -0.0119627461311825
0.150049833594327 0.0519998200281876 -0.101999326980379 0.0390647972305909
0.134136156952063 0.0945429907592461 -0.105938997242887 0.0873162236268648
0.0942119271807873 0.169947734230697 -0.155409847453368 0.10360163364413
0.0202437824325184 0.186092461422879 -0.201837965105598 0.0740279159273615
-0.0773000887444673 0.181036627020135 -0.14912785892246 0.0735152300134369
-0.15766075780937 0.180166911455015 -0.08042820933222 0.107458674960619
-0.224807024900258 0.152895419337603 -0.0906901299381578 -0.077113907001405
-0.203792392942108 0.141763789420463 0.0925175629870094 -0.0289145441254647
-0.144755152345558 0.199908476497703 0.203884016636867 -0.1549090869418
-0.061614138386604 0.236443611436374 0.15607971910278 -0.236389474460815
0.0457029095277146 0.200949674974717 0.0334951052631417 -0.246352878913712
0.109965363803483 0.152505991184791 -0.0434038236662972 -0.194724327881569
0.152792060696146 0.0867670233993692 -0.0751342656107357 -0.115816461544911
0.147680496697464 0.0458692850692351 -0.0586747774350316 -0.0610189289337348
0.169970941543265 0.0331461956817696 -0.0448436072898943 0.00297404664210995
0.175164286333615 0.084695983939008 -0.0456068087413413 0.0571061007563144
0.150271090464454 0.130908532775321 -0.060843115466606 0.116929656257903
0.101453570252934 0.218865243523223 -0.132506279826202 0.125984316501588
0.00243707473420544 0.244685135292273 -0.187618266870689 0.0697444118865369
-0.12920561266554 0.220899050578946 -0.119253336837612 0.0333302337836492
-0.228350255283742 0.19846587360756 -0.00958967076274551 0.0562427159565963
-0.261131985744281 0.157141057090986 0.0137389376690456 -0.114761037009507
-0.252951236056714 0.176906135302269 0.171179921644128 -0.0644779478574015
-0.171616740748319 0.264621389072593 0.240965490993566 -0.174703582501738
-0.0494138426475943 0.298149707827352 0.167671698914465 -0.233710176853242
0.0718949671372688 0.232961092661388 0.0464411448434902 -0.205169139111948
0.131006384066434 0.170308978347503 -0.00201320729667924 -0.147548297449817
0.174107888162498 0.100794612340541 -0.0222567448226174 -0.0779964920554144
0.161364146984045 0.0599606739984394 -0.00132836051676514 -0.032300878673607
0.175139904177211 0.0547497909785573 0.0140620897761742 0.0265059556638518
0.169855472553458 0.112913497804988 0.0116698699561109 0.08148222738013
0.134930153305429 0.156145283648637 -0.0175192142871015 0.147501535213739
0.0762632139205465 0.241938670535319 -0.108358449432093 0.144453752647768
-0.0298673486480052 0.265080952741247 -0.167293768047356 0.0629879283995118
-0.172570488556518 0.220096909147371 -0.0871481708546531 -0.00559172678843607
-0.271247937143467 0.178345361220153 0.0662934945796456 0.00700425511757344
-0.252898416895375 0.134963716244882 0.10929800655522 -0.148779668153453
-0.253730289327791 0.178504199420484 0.23100011815033 -0.106447490174806
-0.165639759790094 0.276187805359921 0.25267885073398 -0.178363478261678
-0.030318348067961 0.299017790307244 0.1696171434557 -0.205969357920998
0.0831869165807239 0.219573242685412 0.071028182922109 -0.149047733256565
0.128544126603303 0.158664410223158 0.049798363283473 -0.0953538161330347
0.166592182895925 0.0977942179617955 0.0374367333527611 -0.0393611446813437
0.149845813670118 0.0650554572006359 0.0550122661650383 0.00106010682132146
0.154257353542489 0.0704983039610103 0.0667210628258607 0.0602850179639605
0.137831545593911 0.127312358575083 0.0566281421142942 0.114811760998195
0.0953797641784839 0.164433926908173 0.00978606272312913 0.180321750535065
0.0298517153502947 0.234033149694722 -0.0923544812445124 0.156874061846676
-0.0717822124119721 0.244674269574952 -0.142504015404558 0.0554278288130679
-0.201725525444426 0.180611567595146 -0.0471194642727572 -0.0325611701353956
-0.27866290014197 0.126942029750236 0.141465297970384 -0.027285282372401
-0.200337512358603 0.0842906906839605 0.176788252772645 -0.170571961890155
-0.207239008994171 0.13902991357347 0.258864962970217 -0.141517635141141
-0.128907514540739 0.225244639164967 0.242143785867189 -0.164108717882696
-0.0135992984331145 0.236109367960879 0.166940572120747 -0.162909453464901
0.0699844434895384 0.165335486238068 0.100264620446146 -0.0929928992428375
0.0981857263006723 0.121970767400607 0.101167199574675 -0.0505201349562098
0.129222216809222 0.0818891689076996 0.0906053145219076 -0.00864288534954555
0.115209461465856 0.0599869730629611 0.100881936515681 0.0336394867918815
0.11317659526723 0.0714074987187763 0.106223367546708 0.0993406487117247
0.0925029748542172 0.11882282367702 0.0807461381538656 0.15557127742961
0.0492537898963265 0.143414375555159 0.0151275358605384 0.213364571085737
-0.0129490591949694 0.193246184482979 -0.0864131331653 0.166575518285468
-0.0990091132893371 0.190278930441238 -0.11656939558959 0.0534022446049165
-0.201418042647197 0.116924187523848 -0.00646127053080031 -0.0388402978701171
-0.245816823925041 0.0564979090083711 0.206166875853435 -0.0398946016973748
-0.119169895304247 0.0113607246197969 0.206822804359705 -0.174086589779776
-0.132360189594032 0.0653607122375914 0.255043062641021 -0.157720126401227
-0.0789901153978684 0.127758499199061 0.223192569256559 -0.133189145057616
-0.00859472905669586 0.129508261126448 0.166104988314346 -0.120216573289655
0.0332777812086254 0.0864715264074621 0.128574539099017 -0.0565907346954645
0.0440254059571215 0.0722941967312582 0.139269488760957 -0.0243543825118897
0.0679628581491439 0.0583306025559682 0.128049851447449 0.0101680246636123
0.064579641214694 0.0457274351346151 0.129730678819038 0.0604023733170533
0.0607298388375105 0.0541355487828006 0.1283437783869 0.135178973822608
0.0462708336108488 0.0817621833147515 0.0853659624151405 0.193261253159637
0.019307573196578 0.094282098599672 0.00390214997851084 0.23852307635416
-0.0244453149590332 0.12809927501167 -0.088784399092741 0.173480456044117
-0.0913738047553914 0.121043089252792 -0.0939208952705288 0.0617940204788382
-0.160441388417702 0.0516764622618138 0.0239515872596074 -0.0251700488242931
-0.174735716037202 -0.0109238285243602 0.251635621991329 -0.0343531005951633
0.052464634852494 0.0334601813258904 -0.277428988005251 0.0728800813078418
0.0698992465833955 -0.023203105604559 -0.0625828270783454 0.0631057748430942
0.044937382893319 -0.0591416196417288 0.0918386136126617 -0.0651287217001914
-0.000749064582510161 -0.0443943301737549 0.0991842186524594 -0.181251213686857
0.00626856188967963 -0.0210782277826194 0.000893138321691463 -0.264482957255837
0.00618511198640966 -0.0243919918761258 -0.117421080602233 -0.228575815004515
-0.00878534288308197 -0.033667919991445 -0.165605298177275 -0.147499776834501
-0.00397027242573849 -0.0285389388191329 -0.170949646318432 -0.076548884164339
0.00841565374432588 -0.0385009456391276 -0.163652626600128 -0.00931384231090113
0.0305825821223214 -0.0348616144709543 -0.170233523490314 0.0308877983121147
0.0377308747247969 -0.020768536220114 -0.158941429128085 0.0560040581132473
0.0407335071411222 -0.0119033146053822 -0.1762708113594 0.0866379155689204
0.0560022039669687 -0.0196126653035569 -0.218738079396848 0.107117299591066
0.0651369241014919 0.0208027872716201 -0.205293500305885 0.140142496151308
0.046273684327651 0.0592234039384245 -0.169942908871851 0.179615762936449
-0.0476956757434112 0.0963973152106442 -0.251127408950454 0.0247739739026104
-0.0208205584748181 0.0389461873166796 -0.0398840315321706 0.0277994064338188
-0.0177195333548284 0.0257909696066683 0.108345896422588 -0.103768909804535
-0.0273821540581568 0.050410544973169 0.108421329106343 -0.206513849655612
0.0168313382252946 0.0612407756108189 0.00632526099314999 -0.274602189452523
0.0490149535148846 0.0417414323250703 -0.107032533262578 -0.236790103338747
0.057177085910463 0.00763991732169764 -0.155355070529958 -0.15154193633809
0.0604445825823784 -0.00642063007043967 -0.156778041231442 -0.0817336591148239
0.0826351077591329 -0.0202773440085424 -0.144350457799325 -0.00944169719842703
0.102322780805826 0.00610034497794142 -0.14638913424759 0.0385874528160652
0.0973187463087249 0.0403980771514026 -0.140075850228472 0.0722695161073223
0.0774980028374439 0.0895985897837789 -0.169227969728924 0.0976151450830487
0.0412127616770105 0.0952415893151089 -0.210072582588117 0.0987821813258323
-0.0075972015302309 0.114360063246367 -0.175320183531256 0.122981666255553
-0.0572603216264337 0.137677170975763 -0.132859955251814 0.160994523879832
-0.143893806472277 0.143934543067961 -0.187492842404546 -0.0237996864595703
-0.116849840073615 0.102086702007113 0.0167384913229873 -0.00268602160864812
-0.0824385580794994 0.122453808154459 0.15003974789595 -0.142607660646062
-0.0438018542050627 0.152623873311309 0.124339968810519 -0.235490022043047
0.0352298873941366 0.140638160450385 0.00880054718112255 -0.273558563226234
0.0905820670685975 0.103061306887574 -0.0895383552823148 -0.226251832361503
0.117638849501496 0.0475100854827474 -0.127789815198568 -0.139034029040369
0.116595960224567 0.0156190802504652 -0.119706442878884 -0.0749860267223446
0.141744644117581 -0.00163444814058772 -0.101518444030744 -0.0042565237470911
0.158801744820312 0.039940418658783 -0.100441345019943 0.0496095636860328
0.145569285046129 0.0861801694189346 -0.1007071987603 0.0977675715320131
0.111930139586234 0.166058919000938 -0.14990736835336 0.119413819355432
0.0357600549850183 0.189368679657569 -0.199952214801794 0.0958841854732991
-0.0649990101076264 0.192983035628263 -0.147498060556638 0.0884254607408541
-0.147369401269048 0.197224351725071 -0.0755992102882207 0.117561525630008
-0.216881257666584 0.174873915211707 -0.0963223864277396 -0.0715524898402952
-0.198637513679444 0.162439994907849 0.093667422713382 -0.0354482863264714
-0.131980181933303 0.219040895721673 0.197771490076706 -0.175673018086028
-0.0410878507461429 0.249273901225059 0.141760504977644 -0.254651282269176
0.0649548813143363 0.203267155918008 0.0156218180838633 -0.254736727968804
0.12755811976708 0.147022756257029 -0.0594941357193727 -0.196182802261105
0.163349250730674 0.0753066294482866 -0.0823117976425976 -0.112141462334361
0.155004244255302 0.0347137282429089 -0.0656679484275805 -0.0589117866271884
0.176830529477563 0.0189786710517421 -0.0448500980270863 0.00625000532599936
0.186739075468951 0.0717834179799343 -0.0406088072532095 0.0630169031463898
0.165489801704418 0.122759849237616 -0.0506758254082918 0.123919076818342
0.123739807461551 0.216179789371195 -0.123890436480015 0.141149027392381
0.0231591858217289 0.251522729228052 -0.186147402599827 0.0900760924083048
-0.114317666303056 0.237576144602741 -0.120931356372434 0.0456719052247077
-0.21717647660007 0.221535508366158 -0.00756225345462653 0.059773571419729
-0.25377379742469 0.18182993922964 0.00646350258100878 -0.118303578046747
-0.245225327752501 0.202492447080562 0.170405179793559 -0.0774420459146633
-0.153754432020713 0.287137189566536 0.234323629821376 -0.197860495506026
-0.0241825638999013 0.311439646119128 0.152645886859887 -0.253095940039959
0.0927802347788977 0.232526255925377 0.0327997783244904 -0.214393476997714
0.15016071410239 0.163307731704512 -0.0135456333906003 -0.151669690105826
0.186616527434451 0.0883202539628851 -0.0238567017034997 -0.0775542525575252
0.169848240972297 0.0467945317030556 -0.00417755382998046 -0.033546323072352
0.184533225773785 0.0409932368421638 0.017587616479671 0.0261166484219888
0.184218083677377 0.0997548052613176 0.0195786540453434 0.0830700801608353
0.15201698585255 0.149845976583531 -0.00395010576361363 0.151713549048772
0.100947936429101 0.241887726349379 -0.0969229633516566 0.157537174268133
-0.00904452666733503 0.274801203159552 -0.165279058621448 0.0814440539826365
-0.158486193563038 0.240277971165631 -0.0905439672957169 0.00274515966901356
-0.262035445797408 0.207165411765261 0.0667308498022539 0.00316810183839874
-0.2455506949169 0.158883665558709 0.101688773962602 -0.16043336313579
-0.244325454600779 0.203237207207125 0.228040951679787 -0.125744933488732
-0.145499433743038 0.297173507232211 0.245355097348298 -0.202991483371872
-0.00429996515493437 0.309980217710803 0.156792485539901 -0.224884687406263
0.102815184354016 0.218729302898751 0.0625315219113938 -0.15891132011957
0.146177199889496 0.15239616980201 0.0440456488004682 -0.102891755083461
0.17766995796871 0.0850821360931044 0.0395107446337587 -0.0425681285064036
0.158650406595831 0.0526785859569499 0.0568434721657885 -0.00389945379542776
0.164362815035321 0.0575998227677284 0.0743110211048434 0.056299071290817
0.152971910411661 0.117861034538603 0.0681322655087146 0.11391237592136
0.111220496842215 0.161604542414262 0.0276314857304792 0.18387851432948
0.0518155162449935 0.237985615606179 -0.0795476193885222 0.169519984490455
-0.053407860901084 0.256294321560273 -0.140480540319755 0.0714768394838765
-0.191349526269097 0.202056804074609 -0.0528065226767313 -0.0287420745659682
-0.2729978459577 0.154727218430783 0.140135267825429 -0.0390402977846285
-0.196965413027229 0.103151810939316 0.16984127244162 -0.187997320656039
-0.199904823429388 0.159115671069939 0.253699922460231 -0.164882382098231
-0.112416749172001 0.242477560064941 0.235256953105478 -0.187200078550883
0.00661322069754373 0.243538290138436 0.157487107468741 -0.179997447439539
0.0848147608254197 0.16335442237709 0.0969299963509832 -0.103445695318413
0.1115308073125 0.116983292991095 0.100055993219227 -0.061126908942181
0.137701255386835 0.0725843575811802 0.0963950474231707 -0.0149863577965888
0.122664610423526 0.0507692641042354 0.106796763625813 0.0265739362965069
0.121761626763666 0.0632228650283613 0.11826914139885 0.0927358141338574
0.105052096096896 0.113618463474076 0.09624205740123 0.153789281222968
0.0626555993089571 0.143993477907139 0.0357070036529615 0.217305798005148
0.00475443069934988 0.199307348367333 -0.0739911300298466 0.178402256138863
-0.0851706071829718 0.202777161450875 -0.114136523303204 0.0659706116979683
-0.195817073281384 0.135999295432219 -0.0117417324677623 -0.0382148674699361
-0.245702993551055 0.0806365311609994 0.205129513979292 -0.0576013594377245
-0.119432704803221 0.0224624444013064 0.199342218319322 -0.193785196683784
-0.129032171946321 0.0771276204054239 0.246967774246891 -0.181311578481877
-0.0700022397941306 0.136502668417691 0.218562287234038 -0.153960717205754
0.00149240562986809 0.132734463989919 0.159577736721416 -0.136389688342417
0.0398191460434277 0.0850763562424528 0.127552482890735 -0.068621976987175
0.0515032524267631 0.0702921696474768 0.141204631693077 -0.0373864809656691
0.0725910080148162 0.053018589173471 0.134314336029605 0.00121950061623179
0.0689938310229712 0.0404132913101424 0.138668469144895 0.0517761424625244
0.0662947502830298 0.049957011728785 0.143579347827122 0.12680304464377
0.0550387359762391 0.0786729961786402 0.10299201865878 0.191309439582535
0.0271761255971929 0.0952918245326498 0.0251753051490371 0.244388014084972
-0.0131441124976672 0.13272828871883 -0.0760763743759395 0.185491332909535
-0.0829206326328822 0.130576766370725 -0.0916726575576201 0.0724264725966325
-0.159935251580093 0.0653320967862865 0.0208747193596925 -0.0278641687131848
-0.178825600813015 0.00543252313525689 0.251749433929309 -0.0554084613909476
0.0518977248754807 0.0310147610340137 -0.269651586407606 0.087858796708537
0.0674377113732971 -0.025416398519975 -0.0555804935930216 0.0659582669245487
0.0412681386258796 -0.0603576548308086 0.0880444523172195 -0.0718263198873063
-0.00218903668446987 -0.043628345371054 0.0877326824657459 -0.18831067020758
0.00646096550219181 -0.0227186764374431 -0.0159373737337762 -0.264337088342142
0.0052810395560722 -0.0250612638927294 -0.131233369522515 -0.2214113788864
-0.010346178955213 -0.0318439656301605 -0.174661817137566 -0.137243944858515
-0.00536800881353041 -0.0277847221802688 -0.177245442321975 -0.0661794873759817
0.00624439715044519 -0.0386536151223768 -0.16471022174372 0.00113072905387678
0.0279511338355268 -0.0362678454010406 -0.167993294892997 0.0421769355973925
0.0359599017588453 -0.0236505052912509 -0.156843324498034 0.0656942016480855
0.0411101883041388 -0.0147708417158742 -0.171957072989811 0.0972033937865942
0.0541625828668669 -0.0224530422242368 -0.210950727316453 0.122053797058924
0.0649936919561708 0.0179574009172482 -0.196441081339537 0.152217324145804
0.047781773956391 0.0545329629279542 -0.161165767273999 0.190964009450898
-0.0431137989727314 0.0994949500666353 -0.247106062143799 0.0383508108243956
-0.0192344612919717 0.0420418016651678 -0.0352116936879462 0.0308221014777555
-0.0161065362566236 0.0292620553409113 0.102766591175257 -0.111209158629371
-0.0216264819519407 0.0529930639277933 0.0955164107894009 -0.214150440281321
0.0223807192671252 0.0599955271090643 -0.00951263560117437 -0.275306428595258
0.0533047828259521 0.0382666504115017 -0.121336242303298 -0.230296568911384
0.0581381365348144 0.00536818716824551 -0.16353499609376 -0.143416576231297
0.060596072599651 -0.0102446607700695 -0.162147162341379 -0.0717299929295218
0.0816658033450045 -0.0256404517000367 -0.144824077424326 -0.000381254642343236
0.10289949151086 -0.000267332542911555 -0.143611063820135 0.0480050133855075
0.10022606769549 0.0344927313781273 -0.135696957162327 0.0808892401642204
0.0846379329233287 0.0847116375250249 -0.163360792454341 0.108856410535813
0.0460773142655317 0.0935189570215207 -0.202944293226216 0.114557628951952
-0.00152308409002933 0.116260979074535 -0.1686925771592 0.133875443583247
-0.0498281335322451 0.140636527403221 -0.124922624593318 0.17009578054009
-0.135347432930287 0.152972980439641 -0.186342074924768 -0.0133536836718714
-0.11246374404238 0.110599593940988 0.0189742098441448 -0.00228973395059353
-0.0744287239144556 0.12994280605774 0.142136454069409 -0.152516551282052
-0.0320832469236573 0.157356788298827 0.10994142760826 -0.24409170249673
0.0460615515161299 0.139484472777267 -0.00642914850717381 -0.275464335526399
0.0990550324000303 0.0966335533471347 -0.102708413771887 -0.220564513993847
0.12080973461209 0.0406508329710217 -0.133295564654143 -0.132805710695969
0.117807495943062 0.00779895183921655 -0.125200506970299 -0.0679071237072797
0.142032383694524 -0.0112293749623244 -0.101378975035926 0.00158843393802505
0.161527183274603 0.0293787154228651 -0.0959171219531566 0.0565407444137993
0.151515802459784 0.077687588259892 -0.0939968467164545 0.10350495657529
0.124549205165254 0.159128293388309 -0.141541165013093 0.129012379923357
0.0470451211486181 0.188268598336434 -0.192711903691679 0.111221658130813
-0.0539247267861198 0.197268801486784 -0.14321453147012 0.098818361237924
-0.135661005959387 0.206468293826147 -0.0699807700253283 0.123192657352551
-0.205765398804285 0.187799702147697 -0.0982437286170105 -0.0659565769432622
-0.189762651052365 0.175829630446179 0.0929537167025613 -0.0386353715334733
-0.117879951693034 0.230033211323362 0.188297217415547 -0.18867260684693
-0.0236470902641861 0.253716873533776 0.126065091271403 -0.265059805819436
0.0789083032049527 0.200293573381893 0.00212500210921613 -0.256871291104847
0.138847938280971 0.138028457402997 -0.0710773201619926 -0.192894484314798
0.168650828301667 0.0654239713808256 -0.0853070829459892 -0.109004040039245
0.157428152237955 0.023733505662172 -0.0703136809429557 -0.0543810440253764
0.178290371141038 0.00731111625213535 -0.0439042567527311 0.00838404850850987
0.19261229440276 0.0587508642251174 -0.0357908900287532 0.0659708903437084
0.174458972259435 0.113035458762722 -0.0420316271488371 0.126355710660464
0.140109388884087 0.208003930786711 -0.113920861216879 0.148736095934462
0.0388800525646185 0.251324883958737 -0.17890203913963 0.104903907699477
-0.0998880881768193 0.24567134137407 -0.119185467735844 0.0547892181132903
-0.203148391191704 0.236366037519222 -0.0051501668467689 0.0613330509848169
-0.241043480074538 0.197333753582266 0.00180924787080673 -0.11880179781214
-0.232865495266564 0.218801699373826 0.167149985008798 -0.0860371414264474
-0.13548622105487 0.299605399024226 0.223408971787193 -0.212903848399835
-0.00244625128173056 0.314341533566438 0.137632712540071 -0.262892449454629
0.108504294820842 0.229043200673185 0.0221056942396139 -0.21737121568867
0.162787158685171 0.153719891823075 -0.0220378969161142 -0.151390206646138
0.190867484677524 0.0761213356718013 -0.0233972430497705 -0.0775022324036439
0.17253074672208 0.0355045237208372 -0.0066828903932384 -0.0329993136543101
0.187256215613293 0.0283462964799207 0.0192694599780059 0.0244630662223429
0.191232274134309 0.0875163153217433 0.0257826933244775 0.0820871496556503
0.162569419792318 0.14162892116 0.00752350828486644 0.151065392109487
0.117824023109669 0.235744248773297 -0.0855108179392038 0.16414470211298
0.00891944233725241 0.276806517613798 -0.158961878135391 0.094216045861557
-0.144099865277785 0.251630080103528 -0.0914836546219019 0.00926264346617321
-0.248412615346245 0.224162945798958 0.0645744382935344 0.000494097534700519
-0.234267641083052 0.17373926739716 0.0939715097877166 -0.166057376403878
-0.231835011481481 0.218930629393698 0.221102907059773 -0.137918860155683
-0.126838278680878 0.308456612282647 0.234637224540236 -0.218604248503046
0.0161087807998729 0.311582730696932 0.142816103305523 -0.234643947152341
0.116171117815349 0.213521476156564 0.0549761942087322 -0.162972989263242
0.157009228900931 0.143126633312454 0.0387670897336497 -0.105771970087444
0.182276856178806 0.073999595512141 0.0418984135921864 -0.0460316674696627
0.161079730488614 0.0419418601903062 0.0571644344818612 -0.00667871005795632
0.168166393459823 0.046898418105129 0.0787948843546758 0.0512645655254819
0.161246353384464 0.107056353773291 0.0765254097436593 0.11002793696305
0.122431233202511 0.155732001132945 0.0409968207343545 0.181253330788898
0.0695872250909979 0.235472115671557 -0.0676292815356541 0.174912468671262
-0.0366798528517667 0.260178467427405 -0.135526348950037 0.0818520171981982
-0.178681249744184 0.21338238041228 -0.0558771718899365 -0.0243155792281056
-0.26238175307735 0.173330431231765 0.134836721606846 -0.04697379883024
-0.189030400977835 0.1157379511509 0.160456767027936 -0.197970627920596
-0.190227974080176 0.171889654008043 0.243965308650972 -0.179110922114789
-0.0967323795354709 0.249700553889294 0.22580720197551 -0.203183563418361
0.0229085995156357 0.243144764382269 0.145368174769446 -0.189499036066926
0.093869095814118 0.158653785938192 0.0924109093270552 -0.110272061404766
0.119810642565846 0.110323284924887 0.0968392883823736 -0.0683995654605697
0.140764394630176 0.0625246360264478 0.0999062883121752 -0.0216126678334228
0.125384635270428 0.0419353440313227 0.109681232737922 0.019782133158883
0.125928639084267 0.0548014865609768 0.125345697011888 0.0851331570260415
0.112541805959898 0.105435473663882 0.10689475631008 0.149043696846748
0.07155401000542 0.140919291944675 0.0506055129108151 0.215057317991421
0.0185328697988393 0.199505903225028 -0.0606406614300724 0.183748327612817
-0.0725662981330574 0.208622707169703 -0.1102283829014 0.0746018242518811
-0.186689141994482 0.147660334658503 -0.0153942189226592 -0.0375271273812621
-0.238978807038415 0.0973211138480994 0.199036380163324 -0.0698040144665862
-0.117336968127464 0.0302027227281457 0.189825569819584 -0.205452875407318
-0.124329713077727 0.0853607128153534 0.237037599985022 -0.195959872867548
-0.0609625991364627 0.14113157742421 0.209973139701747 -0.169062604241036
0.0105323570436971 0.132233487197049 0.150220714833447 -0.146358601887658
0.0438510331921206 0.0832072780899207 0.124708306985394 -0.0764125812570062
0.0557002551850966 0.0676911501018653 0.139388573424219 -0.0470793684674584
0.0751086491290207 0.0479005357604083 0.137251331380912 -0.00625042942386715
0.0707983645635809 0.034937646322328 0.142825308379397 0.0435386028087589
0.0690369792432171 0.0453203393213552 0.152581635834054 0.118461998370229
0.0590883188639899 0.0742297582687791 0.115809669253209 0.186065741969942
0.0324664318905201 0.0936595897852968 0.0419822641910257 0.242748261498247
-0.00405277580124885 0.132889704566923 -0.0638542527450807 0.191775349282192
-0.0746215995905803 0.1359949735388 -0.0874682119753532 0.0789095561968766
-0.154910907320733 0.0744370779026093 0.0174361295473101 -0.0292355598333618
-0.176802959762545 0.0175743297775054 0.245365410902823 -0.0703675831287672
0.051494162298511 0.0308871119663635 -0.265465732500157 0.095699230901618
0.0662891992798879 -0.0259352487568521 -0.0516434436330218 0.0673275922165786
0.039324337747956 -0.0604407463166117 0.0853127503309805 -0.0769035063711368
-0.00272863916639971 -0.043887620596698 0.0805934845468911 -0.192973489628882
0.00685349552024445 -0.024149482889816 -0.0250133575086999 -0.264707947633737
0.00529346442112569 -0.0253672967311069 -0.138875503527747 -0.216364951478682
-0.0105435950755567 -0.0300157064844332 -0.181626500768409 -0.1324437017672
-0.00571212345631606 -0.0269471479703909 -0.18135996229082 -0.0606133714533099
0.00521581427479417 -0.0387627716448245 -0.164835988986428 0.00640230241633885
0.0263422758119454 -0.037007677792046 -0.166796466158793 0.0491944995718391
0.0349908242297307 -0.0248696508546524 -0.15597248526701 0.0719562543195965
0.0414830326771943 -0.0168336424792018 -0.169639413307368 0.104621619538612
0.0526549613595706 -0.0241542520506092 -0.206311255180823 0.131452880417277
0.064629846421876 0.0162988600490903 -0.192513777887367 0.159220655469748
0.0480971549068095 0.0515661448388631 -0.15673431679445 0.197848803480408
-0.0406543448290351 0.101861020557711 -0.244186221811585 0.0454234225459555
-0.0188793763426062 0.0445558425029866 -0.0322293078069502 0.0319667209561504
-0.0146541417248304 0.0328671083776217 0.0996198480626504 -0.117182332680189
-0.0182615333733518 0.0547786097782619 0.088365706815358 -0.218900443736489
0.0265296503639702 0.0593430818148655 -0.0188729417111001 -0.276799056895066
0.0564406087923467 0.0357262240865462 -0.129632701438261 -0.227080309959847
0.0594676346498294 0.003810569695257 -0.169300437161068 -0.139419095972344
0.0606749487597266 -0.0121060921804537 -0.166997420858803 -0.0665548418918766
0.080717260339999 -0.0286885619883151 -0.14525550946646 0.00409233494087454
0.103551318647075 -0.004305357463158 -0.141430921841086 0.0540835956811428
0.102049767954494 0.0313376729684247 -0.133939368558498 0.0857626187775405
0.0891963095685195 0.0812058153639727 -0.159958069442743 0.115144171003634
0.049176596269011 0.0931271382551438 -0.198207515039918 0.12411495009711
0.00216204056819022 0.117717894334199 -0.165417297491412 0.140490286123622
-0.0465894391635477 0.141887554707545 -0.121003101809262 0.175785954410661
-0.130520636043624 0.158001529507392 -0.185962167273044 -0.00809568765740169
-0.110041269896285 0.116558660073287 0.0211893890535135 -0.00197558570025457
-0.0690029331977099 0.136120794529185 0.137074730258262 -0.159366870752574
-0.023845345551178 0.160441462549987 0.102047807999933 -0.249202967818315
0.0528323331557363 0.138558678898874 -0.0150869315081194 -0.27677245052169
0.104857351517529 0.0922541671542152 -0.110632920866534 -0.218101251311951
0.123604224346474 0.0366358535367591 -0.136787631674126 -0.130690227487409
0.118518566960197 0.00337833547103254 -0.128998954411128 -0.0635637197761021
0.142090574454889 -0.0169141597561224 -0.102372705709392 0.00488744528742336
0.16341457310256 0.0229367672362352 -0.0932842048472033 0.0601384491106746
0.155869839187984 0.073148175368403 -0.0902104836545496 0.106152152040743
0.132639656229777 0.153950953450997 -0.13743047312007 0.135445127660784
0.0536724958030694 0.188196407352584 -0.18811819037015 0.120576109916778
-0.0476344627527793 0.201468378716505 -0.140949923578716 0.105304218697837
-0.129498665151279 0.211834429040319 -0.0676127139662879 0.127451738448456
-0.199006410314971 0.195145086133187 -0.0992739653857291 -0.0633002103265667
-0.184435899386346 0.184622579778677 0.0941940596825792 -0.0412849706845964
-0.109105650035228 0.238124206654101 0.183226758503998 -0.196855718557756
-0.0119562308798405 0.257666355214803 0.116661233087423 -0.270181608160356
0.0883775714959153 0.199956685308483 -0.00617474401247755 -0.258866050120625
0.146768345458099 0.132576628430638 -0.0777763421166844 -0.191174357576772
0.17129990194924 0.0597572542461593 -0.0858706896917898 -0.108339243524872
0.158452955642628 0.0173095367438897 -0.0727671216201654 -0.0519318481456886
0.178974725457929 -0.000416198148582944 -0.0440907459226318 0.00980647260533529
0.196423565354201 0.0503562274870295 -0.0325028379784681 0.0677745870071923
0.179884852083605 0.10730769716715 -0.0366437602566257 0.126643863346288
0.150464395554705 0.203285051769502 -0.108701863614232 0.154238205918301
0.0478674854480886 0.251920482402808 -0.174261439465529 0.113994302819264
-0.0918645080959361 0.250785222228941 -0.119013255975066 0.0600438079149458
-0.195938437450679 0.245172008745604 -0.00495771007635174 0.0631967831707313
-0.234250201973906 0.205120941682509 -0.000233599983376174 -0.118756729456371
-0.226791340945273 0.228714061414301 0.166228793170917 -0.0913927959293064
-0.124252091688955 0.308079535092463 0.216201816699577 -0.223086725204104
0.0112234660332429 0.316299893048115 0.12863861634534 -0.268596607005194
0.118442063021763 0.22715713467139 0.0152218656466753 -0.21947721278422
0.171001511648421 0.147556387333466 -0.0273980040328176 -0.151568305226069
0.194270975170573 0.0690586754526046 -0.0224201079379849 -0.0788687978331768
0.174247833011842 0.0284683002682562 -0.00760682223028657 -0.0324073856301895
0.188798498287755 0.020332925018907 0.020909359872007 0.0235811419326053
0.196350735781964 0.0798906050875982 0.0301672842146871 0.0819652450624288
0.169971257022848 0.137185751717002 0.014592812687488 0.149931038187964
0.12992888438545 0.232102086679198 -0.0790316462429274 0.168240214949049
0.0191228481033121 0.277704861961461 -0.15437528625479 0.102836111631956
-0.135348297942354 0.257874559744751 -0.092920805468518 0.0142443131954528
-0.23992958902076 0.235392102260236 0.0628388833205738 -0.000784770511165433
-0.228334587938155 0.181722883075924 0.0909024741118196 -0.168753442422999
-0.224905073285002 0.229006179872461 0.218301275507246 -0.144799780166532
-0.114220347118288 0.315679638067196 0.227546047940168 -0.228853500147587
0.029435749354077 0.312734107386579 0.134791829034391 -0.24027444421467
0.125607696750595 0.211272921579083 0.0497834780264573 -0.165844532533702
0.164164745971994 0.136019407051048 0.0347714508855523 -0.108003674702427
0.184519857487855 0.0668458468331662 0.0451659379121519 -0.0501195875465918
0.162394366190362 0.0349421567496422 0.0577216260765502 -0.00882042109471736
0.17035553516679 0.0395769181517833 0.0814538558710343 0.0485976416336164
0.166600048135209 0.10049371765656 0.0817542651981602 0.108598131219872
0.129743660502816 0.152429214951733 0.0491986836720432 0.178744799662896
0.0809219288070444 0.233059102892585 -0.0602114278144612 0.179179160586989
-0.0270677596341496 0.263667545048506 -0.131406473559818 0.0889814541144552
-0.171476337977024 0.221507181913849 -0.059013563264812 -0.0215504821695337
-0.256078059535527 0.18474369170679 0.131334963764538 -0.0499356971379575
-0.183936925015123 0.122934489183844 0.15645342765543 -0.20331899033875
-0.183814232245774 0.179726308240111 0.23906669388439 -0.186829289640078
-0.0871083823330756 0.254564962677875 0.219570835916418 -0.21252985378349
0.0328405638896829 0.243473828849595 0.138578912193721 -0.195083575070464
0.0998839501646485 0.15663845801408 0.0894062971344625 -0.113703302065694
0.124913224403651 0.105202509146619 0.0952948205534298 -0.0728225851788121
0.142728541880988 0.0573459076152808 0.103543842831201 -0.0260953554313213
0.126462751580993 0.0360157221458384 0.111159224256957 0.0168323415304841
0.128272450893468 0.0493786873761268 0.129362054176195 0.0812125882389791
0.116884102956032 0.100296037604626 0.113720925388034 0.145723945062356
0.0777713836808196 0.139429601727592 0.0607756575348241 0.212577143420311
0.0278490876533699 0.1984360349378 -0.0542549443803692 0.18750874896218
-0.064489261667063 0.211763937899649 -0.107078757196903 0.0808210716231132
-0.181677668695167 0.154889673976064 -0.018858703961408 -0.0368048236589818
-0.234193656918467 0.108107890969688 0.194840295650324 -0.0757656974441673
-0.11504697894447 0.0354473529330245 0.186031366815092 -0.212425257556021
-0.12080202870447 0.0901775671654011 0.23082965127038 -0.204699895741134
-0.0562288103002547 0.143600578973632 0.205929734039702 -0.177504377774293
0.0151542411843168 0.132511024733697 0.144122468577363 -0.152129679049711
0.0460461556043875 0.0823485742119251 0.122373330297703 -0.0813160976777948
0.0582911960177863 0.0658278230325568 0.138590671540474 -0.0530121930897443
0.0759785473944439 0.0453833989532721 0.140872893032758 -0.0113260000460405
0.0714270785736828 0.031525423729867 0.145512446347713 0.0391516433621875
0.0704804250579863 0.0422234731300389 0.158623694841886 0.112723886453541
0.0624238116373588 0.0715197216701785 0.123487263838125 0.183737008455884
0.0358955826491167 0.0927922564692582 0.0522855294726119 0.241815532187112
0.00188063059297223 0.13320396065991 -0.0563771539688386 0.19544999065257
-0.0702221459235142 0.137829971283439 -0.0846824754258564 0.0839894402216753
-0.151547983085571 0.0798319755891886 0.014196702402315 -0.0297623253824681
-0.174552713951091 0.0252872408596966 0.240434385572548 -0.0787929322341164
0.0538518508588529 0.0207673349090029 -0.252105325192369 0.159476069684574
0.0597090727066001 -0.0375100672354802 -0.0343164867813701 0.0817251944239959
0.0261406044083547 -0.0669750732603348 0.075639850001136 -0.0983364563729746
-0.0131160497942309 -0.0446355850569057 0.0434948480581025 -0.216807780047522
-0.00200784367953882 -0.0278506597467995 -0.0812886652635419 -0.265468547297798
-0.00269069153263987 -0.0255534281435348 -0.185064837918035 -0.192046751159848
-0.0183576660292241 -0.0253800851873381 -0.208908886554099 -0.0967136243432751
-0.011495883171631 -0.0251755566083251 -0.196743493852729 -0.0218530269455746
-0.00375903385253887 -0.038646406263823 -0.16850870870935 0.0432065445784116
0.0168236011502736 -0.0419822262224625 -0.160128528634993 0.0899344313026879
0.0262933524841595 -0.030683618178537 -0.143732956416062 0.111048153874833
0.0342660624652078 -0.0265182276601032 -0.14965660560706 0.147880784854369
0.0421485613686321 -0.0340497081501667 -0.180004353935333 0.185916032596957
0.0632384284408472 0.00176443040283582 -0.163988338722296 0.210593841358239
0.0533934267169188 0.0427539634249458 -0.12373094826024 0.237356719082894
-0.0194405763554797 0.106953839628707 -0.249200267148772 0.102441536822556
-0.00835936470037687 0.049566017809285 -0.0272642223474444 0.0408087939734493
-0.0053416242198928 0.0354704219375477 0.072233514594885 -0.140563594564376
-0.00441541657081517 0.0548280948230552 0.0384662056755919 -0.242622025296208
0.0363798134723996 0.0496566554106701 -0.0815209161835461 -0.273857812737861
0.0612753220423586 0.023501746840762 -0.178665796175579 -0.199425898321945
0.0582550098454557 -0.00933299732081313 -0.198543637918869 -0.101789204247778
0.0572083060228044 -0.0234791696538257 -0.183138598013444 -0.0311801975062033
0.0723342725924516 -0.0448363462649631 -0.149666338877159 0.0359040051025364
0.0996158469943923 -0.0259370598112103 -0.134895007289651 0.0894913974438128
0.103416970757515 0.0106412190936685 -0.118916074817006 0.120849801569059
0.101812682174569 0.0593098006984539 -0.139824912659086 0.15732591623099
0.0639107793519785 0.0802492365975596 -0.178227995261252 0.175929428488425
0.0245565747206524 0.116788209304442 -0.141354810076635 0.178958894851335
-0.0203690283434905 0.154491805933342 -0.0898454755670175 0.199433051174817
-0.0943036707396329 0.178172989009701 -0.206977980992827 0.0328082010660957
-0.0807722308735734 0.139071414086635 0.0149439053328224 -0.00750371801411848
-0.0353085345496826 0.147315142991527 0.0927474727086329 -0.19025293006781
0.0148789448953062 0.157677161430703 0.0382406534383595 -0.273342632936179
0.0804723973700695 0.122085214491441 -0.0797621558366679 -0.27018453726429
0.121037702383893 0.0690601662783352 -0.158664493224003 -0.190264467411494
0.128176128266555 0.0077589272795538 -0.163823803301258 -0.095276675501539
0.11696870333961 -0.0193862445766223 -0.143850317821721 -0.0353976254370408
0.134295382915095 -0.0461516628745697 -0.10603742804117 0.0276181602538199
0.165204411979827 -0.0116583278287906 -0.0853782312269512 0.085631499836801
0.164440749710036 0.0409372329199825 -0.070098328360764 0.13210185041715
0.15979895158882 0.121809733685101 -0.113821433725641 0.173176408998907
0.0894391687790714 0.172275071225947 -0.172227945449972 0.169426365714287
-0.00502887411894443 0.211281403443932 -0.125279938284833 0.13215133790177
-0.0860724320303418 0.242747132185128 -0.0439432534900093 0.131877848789614
-0.152850903202047 0.227032386798898 -0.133096837554655 -0.0445492938574803
-0.140497864096367 0.220748526729767 0.0769057724084034 -0.0641740885955563
-0.0516208076377009 0.254388662978232 0.122462977930827 -0.235831280327107
0.0492564075849735 0.249102631018745 0.0422553155125108 -0.292767016720434
0.128078509956921 0.174835064476907 -0.0675911596586914 -0.248912686186697
0.171021250692991 0.0989207012408314 -0.12026715274596 -0.166787460622361
0.180107539632641 0.0183481073494631 -0.108181874787092 -0.0797254901063136
0.159061338740669 -0.0138610604460666 -0.0844685468110041 -0.034894021047085
0.174428247836472 -0.0375770203301201 -0.0459408311018423 0.0194296364958605
0.203224337191119 0.00926282537704973 -0.0220649125907619 0.079320937122334
0.196267431561324 0.0706042803809659 -0.0100991334512406 0.140298605623809
0.187854374537347 0.167585188315583 -0.0801899956458588 0.184921217618653
0.0973739284503194 0.235315801597874 -0.162459265570249 0.158251721368864
-0.0369869589100807 0.269954857622647 -0.113329165110673 0.0768228293752655
-0.142691143196712 0.290855530192728 0.00810740122264272 0.0484607665670107
-0.183619304625237 0.2437849797308 -0.0443967804075678 -0.1247666329897
-0.170734047128627 0.272052569025551 0.137462737024453 -0.131036661737997
-0.0505843492022687 0.32444044976176 0.145897084924747 -0.26693172210851
0.0855403373968862 0.301400500364679 0.0507392488651754 -0.289698538235857
0.164703322324299 0.194827532543896 -0.0370138668169077 -0.21033079076679
0.198062655147528 0.108741213665559 -0.0604577546886773 -0.135334283610843
0.203790786524486 0.022395048199364 -0.0373845662718345 -0.0615313903518219
0.176053275805746 -0.00627221248731655 -0.0142312065426681 -0.0293590002025405
0.188499669651869 -0.0196958346050326 0.0227266006306058 0.0192041359863253
0.210203093801298 0.0370191619636409 0.0448306008142842 0.0795843554564503
0.192920798745779 0.10152523489796 0.0470584528604007 0.151378788991183
0.174524956081005 0.200471454292798 -0.0474688351402893 0.191533481580877
0.0759115454950616 0.267258578263672 -0.146113729614304 0.140615661580453
-0.0765920776577596 0.286153104874592 -0.0955909536063149 0.0216201834321083
-0.186698384028944 0.290048456233063 0.0660719746543346 -0.032425335235336
-0.181332346013974 0.220162568779415 0.0411730064983198 -0.198166534220256
-0.169515597479269 0.271666569623567 0.179028954296449 -0.198791992924613
-0.0400892765637385 0.328549683562287 0.155445802702452 -0.274907391157379
0.101619106109925 0.293127202064996 0.063967399856532 -0.260005748229286
0.167688510434079 0.178536261041859 0.0108094554534078 -0.16313499193281
0.190285864764981 0.0985432350054034 0.0125667531739623 -0.104818869219063
0.194437723773977 0.0219125673168472 0.0368197040604538 -0.0462217836344777
0.166805299432234 0.00191765753266963 0.0563779277204388 -0.0191123723351612
0.174749667837808 0.00358854585727501 0.0918069269156376 0.0308839501144614
0.185567870250713 0.0645451187210732 0.104827351768139 0.0942900897633336
0.157788916078416 0.125052157006394 0.0893026986152252 0.172962765680424
0.126171889699321 0.212501238195158 -0.0256027568719709 0.197799262338678
0.0281619713922008 0.262420373791307 -0.124631648203199 0.120055130941719
-0.121082623308146 0.257812404449715 -0.0662079515212238 -0.0220628018645375
-0.2118170798429 0.243080620847634 0.128621661527539 -0.0961852440437772
-0.150936310519 0.154934867864665 0.105995168052171 -0.24962780277743
-0.141209109916146 0.2136420146923 0.194509493396474 -0.247286205008648
-0.0275934616007343 0.263639354583077 0.156877213966338 -0.257732197328199
0.0878903937210061 0.225035639900427 0.083038594508105 -0.216771518241792
0.130979352252785 0.130595003488621 0.0641420770569848 -0.122580512112225
0.144952971450654 0.0758640188534017 0.0816405840356504 -0.0847122216174421
0.151804060521377 0.0220760069435094 0.100068726947625 -0.037092734353545
0.130765442947401 0.0100121681954472 0.116668659811589 -0.00552535646060807
0.136294873640661 0.0220660944918939 0.148674586254075 0.0541036126322264
0.136798415902878 0.0755956603376962 0.147209175433448 0.125118579588433
0.104136842209266 0.123192251465675 0.109020650647635 0.203738407221356
0.0667343654712413 0.189685835971588 -0.0156851979875216 0.204808562067148
-0.0199208943084368 0.219237989267116 -0.0989926213042212 0.104071667669715
-0.144702519056699 0.193792647196579 -0.0269095036576026 -0.0446459037233581
-0.205726590654081 0.160836688282571 0.18889105630351 -0.132115068024198
-0.101856686036722 0.0563458739011369 0.142063535469476 -0.2658405949917
-0.0991150823017747 0.112084295157814 0.187540005628364 -0.263494223689986
-0.0226806480938624 0.149061343465767 0.159348530336032 -0.223699455049905
0.0451304968591451 0.121998314779863 0.104909728440302 -0.178916609481701
0.0619993161941892 0.068354212713729 0.105614206648884 -0.102473845976018
0.0708800239288531 0.0509518735682554 0.128781272387438 -0.0784612612219022
0.0845828501650542 0.0256770534230363 0.14113034869397 -0.0341939242006973
0.0764900834731415 0.0161697740840141 0.156841220231581 0.00919065450653069
0.0787438899078672 0.0273119742583947 0.186020825137754 0.0802725498240592
0.0759169180160483 0.0585456957112476 0.166976739498405 0.161823950053227
0.0532725377299603 0.086704080249035 0.108204284697657 0.235740604193531
0.0275286112919015 0.130700512672696 -0.015814628571383 0.212918135497838
-0.0402392375733148 0.14784992269356 -0.0736298675252167 0.10253700446262
-0.131690164932131 0.112217671413113 0.00930622178362252 -0.041329082161064
-0.163323980063706 0.0650662056169446 0.234654464526555 -0.139038593231106
0.0568041210811542 0.021226500108496 -0.257688062311 0.174021490908152
0.0617024231165428 -0.0402287884434833 -0.0322271480952132 0.0857766090993457
0.0270193084045325 -0.0703124675168281 0.0745976166918651 -0.105887626357387
-0.0143160762932349 -0.0462828819356397 0.0372914775807115 -0.227703432154965
-0.00278550467302103 -0.0309483323316736 -0.0944456790403563 -0.27595118175197
-0.00282362996991562 -0.0271412644685624 -0.199840417801938 -0.193814430995469
-0.0182605549761939 -0.0249647351167693 -0.223113779559561 -0.0934689831231545
-0.011692850471248 -0.0248658672311216 -0.208796372760448 -0.0159308080498476
-0.00521724833651426 -0.040283012334834 -0.175926936760059 0.0505759796748742
0.0160920201357879 -0.0445893714754068 -0.165037400693767 0.100043332728436
0.0261967698200648 -0.0334588085343322 -0.147693623647725 0.122183246533863
0.034752251725596 -0.0303030002705094 -0.15179943619258 0.160904329279167
0.0427080387746323 -0.0362537374008311 -0.180655606563979 0.201026500515977
0.0657799946191102 0.000880248066768848 -0.165125414147758 0.22561042010189
0.0551292837630674 0.0426584036448259 -0.123139008138194 0.253280211082307
-0.01718532437192 0.112567246808117 -0.256415983528199 0.114499062554976
-0.00679329218229516 0.0535642094562355 -0.025857853259562 0.0426912516673185
-0.00209941057595096 0.0380645270679537 0.0695295926988701 -0.149056281269217
-0.000916823196733597 0.0573441725903076 0.0315404559328868 -0.254271403834503
0.0415565255124418 0.0497126032738053 -0.0948654414795027 -0.285011525113373
0.0659212816659298 0.0214119769513314 -0.193647443850359 -0.202736325969615
0.0619787123185423 -0.0112124689446713 -0.211587792740333 -0.100043168452562
0.0596124229960975 -0.0264627826432734 -0.194325986165967 -0.0255425767737218
0.0736777614105532 -0.0499880782133846 -0.156000428926315 0.0424876454956892
0.103482604436037 -0.0312070334414124 -0.137861196857566 0.0984477951565971
0.10902273555258 0.00750115645316583 -0.12018584893898 0.130483384541698
0.109237808661859 0.0569662769617193 -0.140959945145022 0.170749928127741
0.0693907952294232 0.0829657087239509 -0.178061207220966 0.191584904055041
0.0290969224666422 0.122677775161274 -0.141859241748292 0.192337576961357
-0.0165795950364768 0.163044861579716 -0.0887220718628436 0.212474054077074
-0.0921712825829488 0.188933968395837 -0.214456385736501 0.0405698053890718
-0.0801245551523809 0.149806157780793 0.0171523288497448 -0.0077940265651692
-0.0295837519287018 0.156909577073679 0.0892125773238945 -0.201800492435864
0.0234006737735247 0.165152118310625 0.0294079896331272 -0.28634286444186
0.0905773457062353 0.124270334832825 -0.0934271387971532 -0.280818287925765
0.130406797077849 0.0665049285166901 -0.17248283724983 -0.193656032634939
0.135318661373383 0.00350988200965488 -0.174987449184714 -0.0957169330770295
0.12217998650259 -0.0247952762884009 -0.152921081953936 -0.0320051128048207
0.138431402430353 -0.0537719727829125 -0.11094707912637 0.0319076299022584
0.172786730106099 -0.0189346458127358 -0.0858159665375459 0.0923679705931571
0.174831137291338 0.0366291103446826 -0.0689789008997868 0.140626127797824
0.173143245452052 0.119678140488252 -0.112557731104277 0.186906941562456
0.1003451196859 0.178001488050904 -0.172222900364372 0.184575901684304
0.00234285175990725 0.221804902064504 -0.127484610893811 0.1438126688836
-0.0813052796868906 0.257621821206214 -0.0431987750463692 0.14042258609552
-0.15236503568254 0.241159131796438 -0.139306366016098 -0.0425732111443038
-0.138736607014669 0.23712385008422 0.0802299643365817 -0.0693888831432988
-0.0424034524754991 0.269718761258094 0.118476500341166 -0.249983060875732
0.0634775509005456 0.259362544988799 0.0331338511308375 -0.30744879301169
0.143167260803244 0.178095618096869 -0.0800514344958824 -0.259068344546264
0.183937055226404 0.0961801436584692 -0.132063241623052 -0.17015955441411
0.189268202588207 0.0134737772671514 -0.115238603995328 -0.0827471042366867
0.165528106214894 -0.0201209352441955 -0.0900943763646454 -0.0338651648203941
0.180450257364015 -0.0471989770451476 -0.0478056663467988 0.0223341309523252
0.213966438407034 0.00132186690918867 -0.0196525521314931 0.0839161824897635
0.209237374534683 0.0664277843952603 -0.00669872652270319 0.146169697433586
0.204047677205942 0.166613558635342 -0.0767619644444463 0.198371859984053
0.111939515190914 0.243880968374942 -0.161631695639183 0.173410387740039
-0.0285865241622307 0.285125775920692 -0.116418922438813 0.0864126574859265
-0.137277534017258 0.310764632980699 0.00843714453570198 0.0518443158286375
-0.183297840962869 0.259940724646851 -0.0482324785802831 -0.129182624608889
-0.16861845384511 0.291998037888175 0.14157671036731 -0.141936624993719
-0.0389751072340201 0.342807661926058 0.141798297993075 -0.284029404650933
0.102803418331056 0.311686497316828 0.041769062450464 -0.303304794596511
0.181998618044745 0.199212815251786 -0.0467027879866282 -0.218999746470348
0.212523255076491 0.104893132120555 -0.0679827076258016 -0.139030753032819
0.214649063440321 0.0163263010318793 -0.0398279703245285 -0.0666502054711265
0.183954069258707 -0.0129535952889252 -0.0152545858804452 -0.0305742280622705
0.195921026092224 -0.0282345119463476 0.0250100689141395 0.0195773383377755
0.221759857332113 0.0298690261745207 0.0510545505786161 0.081602102783717
0.207137247397519 0.0985145253701972 0.0540779813801391 0.155374110283195
0.191783192851549 0.201413768668926 -0.0422677456430179 0.204281646588
0.0905695795405487 0.277853848391262 -0.145636009713821 0.154035444056818
-0.0700139898804068 0.303589710915991 -0.100888819040693 0.0278143223947673
-0.182975302600941 0.311005045291654 0.06627194598859 -0.0343368272826558
-0.181843980924256 0.235270572422118 0.0384676033681777 -0.209157572691021
-0.166829039176646 0.29079705732975 0.181914785211777 -0.213803117214723
-0.0283390124579884 0.346915772974114 0.152132564627647 -0.292410365666656
0.119204612110474 0.302855109970536 0.056991379682543 -0.273342722042251
0.183347687411646 0.181628650139317 0.00553063907037413 -0.170777278444596
0.203524168795444 0.0954494181749795 0.00968153871384529 -0.110144926469269
0.20395725945462 0.016519394531972 0.0388198586278542 -0.0533356221848024
0.173112630025007 -0.00402955919839859 0.0603052246473863 -0.0225902358925526
0.182093372745399 -0.00373450722681713 0.0976755270667258 0.0294111272112147
0.19694210180042 0.0602000451879963 0.114103585685761 0.0945434613166697
0.171112511305094 0.125303891772654 0.0996095943689716 0.175567291479777
0.141563968126575 0.216127890350954 -0.0184903052565555 0.208736164995928
0.039140865032318 0.274353578307907 -0.1246449043427 0.130734082022429
-0.116468529943619 0.274193626974307 -0.0719214050656398 -0.0192127286235662
-0.210291033096804 0.262688413199818 0.129642249916339 -0.103077086010089
-0.151452780897619 0.166606647949992 0.105579720691289 -0.265108213221891
-0.138737744937809 0.22837876188184 0.19575905552296 -0.265147684584044
-0.0180004612851522 0.277133733238351 0.153553471193696 -0.27482874648913
0.101246981694329 0.232359923197189 0.0783799931113401 -0.22794844490082
0.14211753648512 0.132973497373887 0.062750083832194 -0.1298494507202
0.154791833843859 0.0738049536672414 0.0824005304535074 -0.0915270047124715
0.159038158449375 0.0177939991665028 0.106456160659259 -0.0452889125752709
0.136403673762264 0.00544133084962942 0.124162958798543 -0.00988977095690848
0.142473898017873 0.0173495920510427 0.158217724533664 0.0506355461101705
0.145467715464246 0.0729002289561904 0.159063453036043 0.125476292832374
0.114585622699029 0.125142929357253 0.121851987012376 0.208393476628942
0.0783227441657261 0.195061093407441 -0.0089291745620121 0.215737163626394
-0.0121355192089676 0.229901567397595 -0.0994736759846782 0.113856091047429
-0.143981433257777 0.207095356619928 -0.0318212136319404 -0.0439906436121121
-0.207591150800412 0.176765776566709 0.191554784898137 -0.142238704753299
-0.103242421213565 0.0624127039307715 0.142023723328311 -0.284585020015687
-0.0988768685895854 0.121064450809764 0.186677802938498 -0.282503145829799
-0.0182878067487055 0.156820362214382 0.158111753347657 -0.239748474872832
0.0514207270746798 0.126395429730309 0.103237866119528 -0.189241762081655
0.0667856925541467 0.0709834938049349 0.107605963820659 -0.110197018048808
0.0764062240113397 0.0505277766881941 0.132240079318412 -0.0867218696936053
0.0881384427362698 0.0231016380581467 0.149408799748508 -0.0423428778725026
0.0795903733089048 0.0140975363863017 0.166347944337529 0.00455946581985898
0.0822571894085988 0.0254264303322622 0.198290559169784 0.0774794652381579
0.0809332737039024 0.0579688669911765 0.181926018544964 0.16392281791327
0.0587397283425028 0.088808423244581 0.12301781431 0.242133285684406
0.0336433894983969 0.134205665396215 -0.00813000903539469 0.22487206907729
-0.0365337819327156 0.15606475060047 -0.0727521713110832 0.110716313395026
-0.13393150442107 0.120830910774831 0.00600962615541658 -0.0417548058632079
-0.166824236729451 0.0744325388675409 0.238960273790435 -0.151600052032414
0.0605032099017433 0.0196091431956703 -0.25806798255797 0.197637516957718
0.0626321222797568 -0.0459813844295072 -0.0275247471117826 0.0914987558622938
0.0246493248584756 -0.0762259745934707 0.0701628446113218 -0.114325926420093
-0.0168194049814981 -0.0483715076418646 0.0236355409206503 -0.241057453934781
-0.00528744971685443 -0.0332326874154458 -0.11676464902426 -0.283565418616604
-0.00392345213324889 -0.0292288531197915 -0.221955774190604 -0.190503787437311
-0.0189750218142399 -0.0243037050922799 -0.241484508202395 -0.0829644972970552
-0.0125349359757337 -0.0257089439870707 -0.223275755851208 -0.00174193849925302
-0.00773982882666484 -0.0415686781973717 -0.182805428373819 0.0652517695177511
0.0139139037652877 -0.0475795226843245 -0.166992662273444 0.115943688350512
0.0252790271801858 -0.0365653247097869 -0.147287353265934 0.138365087471834
0.034237523778719 -0.0349808775886017 -0.148089979276153 0.179733594038746
0.0414090387194156 -0.0396970606935433 -0.175267392807202 0.223294227723356
0.0688482975525902 -0.00286717232952654 -0.159441797578221 0.246774249585977
0.0593954283046789 0.0414763424846164 -0.115327340194626 0.274354555358203
-0.0110808963812951 0.119275610287447 -0.261252388134953 0.135147539079139
-0.00306850781784652 0.0577025251818594 -0.0229764798130357 0.0466499067296417
0.00244084856282745 0.0402652142669278 0.0620274205153761 -0.159777111602223
0.0047568559020687 0.0601118798981787 0.0156623987432993 -0.268679938557507
0.0476531279057769 0.048766919818733 -0.11780867888878 -0.293555951225868
0.071694291972666 0.0166776730144964 -0.216502974949152 -0.199903499341426
0.0660078948026003 -0.0153931802285678 -0.229787519203169 -0.0917950003755336
0.0619028916764995 -0.0313241144908906 -0.207918310250475 -0.0131872585846009
0.0740639394294002 -0.0574987456254406 -0.162543792150394 0.0553568958449792
0.106529722239352 -0.0399243500521134 -0.138000808598557 0.112115600111452
0.115326918901661 0.000552346378613813 -0.118572062927035 0.145226043438332
0.11819302413769 0.0512165070995595 -0.135754832929372 0.189658482124564
0.0789426695255082 0.0841278563399548 -0.172491640936707 0.212948312833407
0.0396017943414149 0.127776165518459 -0.137889593000334 0.211446605733076
-0.00750985772393959 0.172450479169693 -0.0812978471602334 0.229824969462406
-0.0857204718031735 0.202727838809173 -0.221526036098128 0.055654498169839
-0.0739663376952982 0.162987145104795 0.0190116903291227 -0.00930244040845438
-0.0181930153622209 0.167127259159808 0.0787840848107285 -0.215946474222083
0.0382397243772173 0.171905524841441 0.0121306140069075 -0.301795131664613
0.105154986797762 0.124379097130035 -0.116780458211105 -0.289291599282778
0.143192912882344 0.0597511378882421 -0.194463466733604 -0.192103268907464
0.143889697732261 -0.00497044254827545 -0.190287347260648 -0.0904944418485657
0.127248212365474 -0.0337031315694144 -0.163957767149768 -0.0227741576442858
0.140698286820787 -0.0663152811749041 -0.115482860259827 0.0414580328801396
0.180719051234917 -0.0322764090754758 -0.0838684839342647 0.102681865967816
0.186988176463938 0.0263240456352496 -0.0640593058030361 0.151684694074321
0.190071125388014 0.112648793928187 -0.105280420736114 0.204613166046512
0.118123553635784 0.182086588455562 -0.16633063542836 0.206335046755242
0.0180201294482405 0.23412162415874 -0.124992860833596 0.160945813600917
-0.067183991432823 0.276697749321145 -0.0389540152322437 0.151275421225726
-0.144616930277038 0.262336323499892 -0.147657446533606 -0.0367170204422845
-0.129706762004655 0.25913567091181 0.0805018021580911 -0.0778281901463998
-0.0236172583324983 0.286503455462046 0.106197597709303 -0.268250597801513
0.0865193036112389 0.267580272726654 0.0148819819562286 -0.32298520165565
0.164883623937255 0.177716820747739 -0.101006880828156 -0.266140954411041
0.201125303535921 0.0873803234572437 -0.149377269776814 -0.169383271543036
0.200910744835198 0.000942664481154836 -0.126827862232691 -0.0820025046153078
0.172153335513423 -0.031671659593252 -0.0972130868047746 -0.0295799935554839
0.185593544911884 -0.0620716305523609 -0.0494914422283125 0.027161024038278
0.224637755419254 -0.0143983931188223 -0.0142966384683376 0.0889379157048724
0.226266655894566 0.0552298314710129 0.00169046244262 0.153239567976089
0.226366797455162 0.159779806512646 -0.065875370201882 0.214815335925139
0.135284123647091 0.250004165478218 -0.156422920684411 0.193191136571747
-0.00973339767385689 0.302505887661838 -0.117815055813548 0.100271232629935
-0.121213541449872 0.335899078723919 0.0100938480288852 0.0556203222792504
-0.175483295552026 0.283239834854847 -0.0576793723516751 -0.133763270326992
-0.157513624641414 0.318309463476499 0.139885954348472 -0.157776896123971
-0.0146076843194047 0.363255310847293 0.128179750599449 -0.305360524735519
0.131395724592467 0.320624731895501 0.0246100951031132 -0.319793879351089
0.206478235581594 0.197149028533731 -0.0632746237008512 -0.226406858242394
0.231902166030518 0.094919537717327 -0.0799384091352321 -0.140342300949158
0.226304129749922 0.00239877213433232 -0.0455427230582553 -0.0711059729146207
0.191668531890906 -0.02616064130447 -0.017658345186201 -0.0312798115933667
0.202381571273739 -0.0436454447595915 0.0273684826163345 0.0192972333615864
0.234868019573257 0.0156112031572494 0.059505419206228 0.0813439637906409
0.226717146820209 0.0894812108994037 0.0663362269913026 0.157426232632952
0.215535887309208 0.197110258090284 -0.0291008800900877 0.218843144674396
0.115446507608409 0.286698909993072 -0.1409763228141 0.172139539966398
-0.0522706439069054 0.323728991911543 -0.104834719699278 0.0386404534763614
-0.169372032451836 0.340020594236121 0.0658349867804641 -0.0390632137533049
-0.174939851088559 0.257681876286137 0.0287149551088487 -0.223529492413136
-0.154383466708402 0.316592861068395 0.177448613707853 -0.235771744765321
-0.00322972896838096 0.365619638731375 0.138919532942037 -0.31606479198981
0.147796928300633 0.309948987200473 0.0426597973075216 -0.288710728252405
0.206671479669054 0.178986930410638 -0.00481760749582715 -0.179256002244539
0.221172834809656 0.085395836790091 0.00306267889186652 -0.115492032772811
0.215224974129648 0.00396080066552794 0.0390530117405168 -0.0626388973535584
0.180847212145767 -0.0157489242383652 0.0627169438537567 -0.0279145068198971
0.190383621462038 -0.0167356243190314 0.104436212667744 0.0245308546613113
0.210679555522697 0.0478765860155023 0.12655523722475 0.0913932069074953
0.189629659045865 0.119551407884505 0.116352426837242 0.17683103187221
0.163901478003595 0.215692714389743 -0.00423508193241621 0.222494325485197
0.0620456498891183 0.285891936972757 -0.121044505662059 0.146522327671353
-0.102986220314235 0.295810362052886 -0.0779815977595732 -0.0130991987409773
-0.199845873896207 0.290583271273917 0.127511464670515 -0.115406753818159
-0.146864543886049 0.183430341646392 0.0960015415515354 -0.286298257141041
-0.128833865992458 0.249237921158705 0.18696670246926 -0.290561483177173
0.00103803986402072 0.292185350239508 0.142069001891661 -0.297127454491038
0.12310030803864 0.237995016754879 0.0679486835832838 -0.243112462217337
0.159245747900552 0.131470819906877 0.0579757347443095 -0.140296845467378
0.167855900120363 0.0669310409913086 0.0814089419140128 -0.101187188496371
0.16800338225426 0.00815242810429149 0.110348446183038 -0.0584005275800885
0.14243668099829 -0.00281050159556256 0.13110847173451 -0.0190623945283926
0.149530122519388 0.00827098445596131 0.170507732938566 0.0429200913847175
0.158011036191583 0.0661006247870555 0.175981017707022 0.120785685479209
0.130495284773899 0.123801553181701 0.142321314076953 0.208825078160105
0.095653687243246 0.197573182995524 0.00614812527587657 0.228542718288533
0.00337411691477356 0.242028777089459 -0.0952140546981344 0.126511652402015
-0.136731382083249 0.226414049610308 -0.0385158747925093 -0.0416276880140143
-0.203277352833548 0.199601234698204 0.190207503781978 -0.160186158616564
-0.102882543819069 0.0725604764658268 0.133298344878029 -0.308075158913827
-0.0946965598832268 0.133530576619925 0.176325047612322 -0.307426946041823
-0.00814542088450948 0.165896211988392 0.148999748987602 -0.261806682863105
0.0629035267140693 0.130002229468425 0.0962104823254588 -0.203421792183525
0.0746883974844588 0.0709139476677643 0.106751166272163 -0.12241792838359
0.0833089988503277 0.0484744672717337 0.133512236529173 -0.100608340803482
0.0940079391790494 0.0182364257924748 0.155823351523755 -0.0568243315230861
0.0833255598535325 0.009244981804102 0.176876479050017 -0.0067115377711789
0.0876847406412909 0.0210737894547754 0.213972216870582 0.0672903665829351
0.0883131303749266 0.0548915341512419 0.202618358942795 0.159527776662297
0.0682100548777577 0.0891648319825343 0.144741008009311 0.245571954065578
0.0445227091865995 0.136755140750052 0.00648258070980154 0.237258478901713
-0.0281605890828633 0.165384807362546 -0.0686545754856559 0.121737792124753
-0.132149429790428 0.134963744025654 0.00113761958915551 -0.042449604971154
-0.167340087413536 0.0896205566957977 0.239662518523786 -0.172974111103499
0.0636390268930338 0.0153404134003615 -0.246094992696631 0.223650623346965
0.0602512414030403 -0.0516108765240701 -0.019240474004189 0.0953184567475898
0.0195766772670854 -0.0808701696697189 0.0605802550466666 -0.121571163911318
-0.0205782197359532 -0.0484547114172491 0.00272929235057395 -0.247339362889217
-0.00878966115182783 -0.0343879184828055 -0.144421902388225 -0.279703795493237
-0.00572100617717842 -0.0308160939509331 -0.24380596853929 -0.176313332196594
-0.0196189748096684 -0.0231659380463036 -0.255541839670042 -0.0618013277266653
-0.0138604293701324 -0.0244971958786554 -0.230042604453192 0.0191918003829929
-0.0114851714129812 -0.0412975724204387 -0.182902811435049 0.0835661942730677
0.0099721354398051 -0.0492916821298647 -0.160892228422571 0.133888282932641
0.0224563348865585 -0.0394517456444374 -0.138520195202369 0.155332149460317
0.0306005613280034 -0.0394527492939163 -0.134586518973704 0.197557197727823
0.038943227110353 -0.0433663610173673 -0.158447884781171 0.243734518495317
0.0701058091204864 -0.0076969759610109 -0.142425178141329 0.265967609245048
0.0628297401629827 0.0371107044630765 -0.096951541777379 0.292784758787575
-0.00142146890024954 0.122472570294005 -0.254643039668937 0.160131857093928
0.00207372313264593 0.0595555873160938 -0.0181864891887386 0.0494132060862343
0.00806068375992105 0.0404703405695523 0.0491026868852406 -0.166515878016702
0.0125444312307267 0.0601322939987768 -0.0071907581207226 -0.275274210423091
0.054281696445213 0.0447242686967203 -0.146985677521823 -0.290126408993804
0.0755392743408885 0.00904474452877167 -0.239307635799021 -0.185744663112996
0.0684762544053998 -0.0215904470816303 -0.2444339995157 -0.0742943596159452
0.0614462628754866 -0.0372125933198869 -0.215940633759006 0.00527561579240571
0.0700062755752923 -0.064809538291903 -0.16259530016649 0.0713512820771442
0.106305133744274 -0.0505155340336853 -0.131843539969684 0.126504395303588
0.118391038045603 -0.00987370922646882 -0.109017700269441 0.159381596284467
0.125203223840609 0.0406480946572905 -0.120303043146418 0.206923221251783
0.0888517632905637 0.0797145001521445 -0.156616190644956 0.233187288076603
0.051951585241799 0.128332468660268 -0.122580342967804 0.228422222916605
0.00760513480572334 0.176950332712274 -0.0661792091103404 0.243666757197553
-0.0709777617860024 0.214072701561056 -0.220931041643757 0.0751472923028306
-0.0610925922588038 0.174425789558101 0.0195466224722664 -0.0113850610410073
-0.00133284693242289 0.172603505155545 0.0615533882959518 -0.225273911502459
0.057193843997105 0.172000816543692 -0.0130906730121324 -0.308620968907392
0.120939328631069 0.117468370320485 -0.144953680584324 -0.285571026481535
0.152891495549818 0.0462117060642997 -0.215736307616151 -0.179364424597024
0.148518094577748 -0.0187868357640925 -0.20422239482028 -0.0772777537983802
0.127441736778839 -0.0453069793476917 -0.171211779893315 -0.00848197522699738
0.137796088702485 -0.080048352547756 -0.115202904259174 0.0532668275878482
0.182103151878664 -0.0500690873043427 -0.0765792613175293 0.111498482080039
0.194999750977422 0.0101220622234429 -0.0532055428589241 0.160446639894081
0.204504300707909 0.0967879409342745 -0.0869946692709118 0.219608345349732
0.138763004731597 0.177013774172785 -0.150632190400634 0.225662383326147
0.0397950360009692 0.239040000068851 -0.114907466129376 0.176134878542532
-0.0428607623522199 0.288738828705568 -0.028698228977873 0.160399329408588
-0.126361552415777 0.279442525388303 -0.153479057203249 -0.0256271709110587
-0.109279095177873 0.276985677339291 0.0765695490955568 -0.0860711186673064
0.00417335378388677 0.295003356930559 0.0844498430140981 -0.280928537581008
0.115174338988506 0.265927562845767 -0.012376207543794 -0.329834845970962
0.186913412706493 0.167345976245498 -0.127536065330164 -0.2633720379194
0.215317874075382 0.0696394516760614 -0.167657833002146 -0.159489721671985
0.206701693233927 -0.0167160678068241 -0.137841516438945 -0.0749626911442792
0.174345859145373 -0.0470046609474019 -0.102499485359622 -0.0214218741196058
0.183338004487998 -0.0800488427727582 -0.0483669859135651 0.0328974332119531
0.228778748561749 -0.0359363652102992 -0.00672526293389917 0.0908241337158961
0.237688844720112 0.0358562192335557 0.014457709219138 0.155348000269512
0.246474069364411 0.140631550317931 -0.0462559600011622 0.226936086348196
0.162299655055891 0.244633191697009 -0.14102702746304 0.211834226627488
0.0183217057710905 0.310599837494752 -0.112622306550098 0.114574060636918
-0.0915439982199491 0.354486564668365 0.0131989297697731 0.0580201867504835
-0.156182975873684 0.30469307083413 -0.0697150515502473 -0.133488056954105
-0.13241114546214 0.339361619422791 0.129351188089998 -0.173018831512054
0.020468294103121 0.372309321817577 0.103643313341311 -0.320760423260798
0.165551001304817 0.316206614974066 -0.00260308485546652 -0.327478715743684
0.231532697801721 0.18282249282291 -0.0840768106012346 -0.225605951397641
0.247229373778954 0.0749336085940587 -0.0938143708700762 -0.135554895674366
0.232448294629719 -0.0182701606876468 -0.0534239446803519 -0.0718572563386046
0.193861656343925 -0.043334932999046 -0.0201038263367563 -0.0307809285095117
0.202481324778972 -0.0631721494981046 0.0298128841904396 0.0178282468539928
0.242302692113877 -0.00611664199279275 0.0682701786029911 0.0768242641331083
0.241581087853018 0.0704571669702583 0.080520431429959 0.154625197195135
0.239770079475391 0.180905111853929 -0.00844609485542541 0.227352346211785
0.14550205837328 0.283406263862596 -0.127250173129129 0.189375664086276
-0.0233983944769301 0.335987502951592 -0.105164908195293 0.0508105506210694
-0.138857372594042 0.362818082352243 0.0619094759720731 -0.044193055416496
-0.156418228877882 0.278570078154903 0.0107616408118595 -0.232128740700219
-0.128791522498128 0.336901924172349 0.158994424388113 -0.256092122638004
0.0317937436332634 0.374289456404661 0.112443377778397 -0.332299164453907
0.180927435101578 0.304152146484461 0.0189509576959386 -0.297397678485535
0.229607271458977 0.164966969846567 -0.0201508174331908 -0.182934200496129
0.235361054525467 0.0668970888011803 -0.00606498406579883 -0.118104267828952
0.220346568966163 -0.0158767012914444 0.0347962719641282 -0.0710078368910825
0.183173663348132 -0.0311030784366987 0.0628127108030111 -0.0351583153856975
0.191886309999456 -0.0343129657562078 0.109779939104992 0.0161188527801371
0.21970932642175 0.0294133588091754 0.137994021213388 0.0810977357426144
0.207284026550998 0.104765049575692 0.133214474599412 0.168533573666542
0.187985614158275 0.204669468288529 0.0165784648484679 0.228022011675237
0.0901093054711237 0.286831535071365 -0.110396635366773 0.160522406997581
-0.0776797511513092 0.312173284714075 -0.0823948019218358 -0.00356906507287045
-0.17472503150896 0.314636898542239 0.119291389251359 -0.127427991235423
-0.133924060559347 0.200147662649215 0.07462284894422 -0.30267396359797
-0.108511555883745 0.26618958613737 0.164790716470545 -0.312528929029877
0.029129417519897 0.298682496639109 0.11809319436663 -0.315034677472515
0.148833599414044 0.232693728336698 0.0485349239619208 -0.252660073352444
0.175995310254846 0.120720072620236 0.0482651759111779 -0.147792079601368
0.178670915850857 0.0523789417133742 0.0747604571397499 -0.111114674990582
0.171884725955773 -0.00653876536890059 0.10914138754628 -0.0730406427600188
0.144339777365634 -0.0150824886087238 0.134055596830948 -0.032155492965186
0.153231255068623 -0.00514117845706952 0.178738894936465 0.0282538572735076
0.167066994523888 0.0526243550896072 0.191958472554017 0.10736383494438
0.145070332034669 0.115091204597445 0.163245469805557 0.200203151235512
0.116056257538211 0.191935601526422 0.0283707787832896 0.234098526074515
0.0261103894526572 0.247619967447561 -0.0861481172554878 0.13804411370495
-0.118865666661926 0.243375700844837 -0.0438784319079674 -0.0368313410537031
-0.186214216633385 0.222127758193491 0.179058252706494 -0.179006040771591
-0.0981993484752091 0.0827731186968221 0.111374179238798 -0.32770251117834
-0.0838805184295928 0.144916971579199 0.152707836995942 -0.330060714780184
0.00712289508385135 0.1711424840999 0.1284478947001 -0.27951228469215
0.0758566846602206 0.128018135215408 0.0812211802920788 -0.215617954461779
0.0825586089749082 0.0670652096077406 0.100014331682228 -0.134059878983638
0.0900449102538191 0.0422113657848078 0.128662028900222 -0.115053402367371
0.0973067732949936 0.0104360138055952 0.156457785759847 -0.0749522529067567
0.084596369271468 0.00258763568235913 0.182164753569574 -0.0239044400636542
0.0906071605066488 0.0131587249434368 0.226596322437015 0.0500208478162059
0.0943699442243754 0.047420575794302 0.222246879616023 0.145456970518246
0.0784138009951209 0.0855178890330589 0.170076263207708 0.236712341634874
0.0576172282155764 0.135093819416289 0.0292373462892074 0.243286577900897
-0.0135983415244524 0.171033372471117 -0.0596088612107269 0.130992383598816
-0.122613299853988 0.148754991410149 -0.00328160096733058 -0.0404443178270103
-0.160746253242117 0.107608029229516 0.228239973263618 -0.197194020310443
0.064486092556295 0.0110903477933944 -0.224832532852524 0.237677990325662
0.0558765368965117 -0.0550245058053867 -0.0104866037320183 0.095600079621588
0.0133643560079885 -0.0817435432908378 0.0506242691535855 -0.122652840596411
-0.0235706978486278 -0.0464804576488237 -0.016060147424212 -0.243633150234431
-0.0119959826305324 -0.0337450109545443 -0.165391294031477 -0.265139778240619
-0.00813208259159526 -0.0310145172379963 -0.254492104092613 -0.154837176553032
-0.0191031741554965 -0.0216806730440333 -0.257698360635064 -0.0404447765966114
-0.014397533918824 -0.0235455432825872 -0.2272953411802 0.0390740810496579
-0.0137320874251999 -0.0391262027490935 -0.175309691713233 0.0976137166340797
0.00635324929460325 -0.0493378884673513 -0.149069291215337 0.14505596793424
0.0191434350985447 -0.0406502780475264 -0.124729895105952 0.165119551881225
0.0266673802460806 -0.0411668314495272 -0.116288628016757 0.204740740393676
0.0347940413916346 -0.0443052116879345 -0.136523585849604 0.25210421378389
0.0689889580608763 -0.0124271620137356 -0.12078703332128 0.272019436317024
0.0632732510514222 0.0315080982428391 -0.0748621340377915 0.297628693968865
0.00771294907479191 0.121207127491102 -0.238218373634071 0.175982372061507
0.00669189593252502 0.0593745285921531 -0.0126272151441935 0.0500955351106956
0.0121424326542103 0.0389899588692484 0.0362835183689046 -0.166216917913717
0.0188146775197521 0.0578709622751049 -0.0283660569330755 -0.269715918162514
0.0578640400799357 0.0387714429509262 -0.168163229429415 -0.275241504446604
0.0759125074007913 0.00104310882040911 -0.250913453180988 -0.163926532880502
0.06743205206384 -0.0274119344453751 -0.247881348032662 -0.053748275791423
0.0589889507031766 -0.0410249995986849 -0.213996928610012 0.0238532220489005
0.0638396646703371 -0.0687673610258473 -0.155744466946106 0.0839755496736306
0.100814585900182 -0.0584513400677036 -0.120625195553924 0.135140257429006
0.117144567349566 -0.0195628570340629 -0.0964469489398477 0.166047309275978
0.126239077076085 0.0294907661136308 -0.10099914522758 0.213485104498591
0.0942758289976639 0.0733601604426615 -0.134620952483331 0.241956677184349
0.0620734529953563 0.122905003216125 -0.105413918168308 0.235046110649167
0.0212861727569354 0.173141988471363 -0.0492868687589047 0.246833115449615
-0.0543227335488924 0.216934631424827 -0.212368197387992 0.0898585308857583
-0.046682374640915 0.177000083547747 0.0196269096853774 -0.0127128621921138
0.0141595479910711 0.169650917788747 0.0430627198974228 -0.224722149157856
0.072569767548758 0.164186146996577 -0.0371880720450654 -0.301902552109402
0.130740615511264 0.105907206408307 -0.165633190344293 -0.270749751732498
0.155192558564636 0.0322925987140473 -0.226703839536471 -0.158505731878904
0.146144815966475 -0.0307875262628958 -0.209093131749092 -0.0607410234825646
0.123569938398166 -0.0546099192554392 -0.170493748228436 0.00571278368688826
0.128860912625844 -0.0895552059915764 -0.110298737536827 0.0616518749244469
0.175782155685894 -0.0642950660195286 -0.0676247663819784 0.114996790382791
0.194188082653719 -0.00629896485621495 -0.0414486508109819 0.162435339989475
0.208758786675306 0.0777378775134398 -0.0665094986033749 0.224660142589017
0.151751937118253 0.164286690704238 -0.128793544235938 0.234329450520589
0.0600397051486119 0.232693789857183 -0.100613542418531 0.183705817404714
-0.0175571585101293 0.287400127867997 -0.018132520080791 0.162062756606034
-0.104403969331857 0.285257286467068 -0.153439740690492 -0.0143371039055919
-0.0860667906127385 0.282291486937546 0.0692318203337385 -0.090302410724303
0.0297322404761596 0.289870339499266 0.0609504347077929 -0.28098281340324
0.137827915009972 0.252684726144773 -0.0379450014812273 -0.323991340965373
0.200734137363646 0.149084463460929 -0.146236765192374 -0.249495482895413
0.219031327627936 0.0499378683468249 -0.177023677671667 -0.14263287037368
0.204225838471072 -0.0344878214577892 -0.142980937919171 -0.0658261933403115
0.169037916221173 -0.0601342870368088 -0.103577158942426 -0.0129868537895897
0.173343073370914 -0.0937317802492859 -0.0454839325481044 0.0365314354182368
0.223187916889891 -0.0542771159561942 -0.000340892391318244 0.0888355402679681
0.23885850201581 0.0156401377244301 0.0248479501216798 0.152574612053415
0.25445707370395 0.118074822349336 -0.0255338967119704 0.228083347065971
0.181641228578039 0.228609116773333 -0.120662702656659 0.219751039058356
0.0441936386267809 0.305082654876149 -0.103098529593976 0.123592536861697
-0.0602256107616679 0.355655134209738 0.0155476362636859 0.0579972326281002
-0.130966976536622 0.31248442096451 -0.0790214530275531 -0.126778134739213
-0.102713438703883 0.345733245145031 0.113565937279249 -0.179680142960194
0.0517469245165321 0.364447078198479 0.0762975882472007 -0.321660621108122
0.19170104235377 0.298639333264222 -0.0273034357192168 -0.321848458388795
0.246218271074923 0.161921883043958 -0.100575882293436 -0.21551987312152
0.251123922428415 0.0528196779399637 -0.102162951321989 -0.125405411405117
0.228809626326177 -0.0367236884845894 -0.05903074167991 -0.0696486966722868
0.188206214383531 -0.0572117541739706 -0.0224119953267652 -0.0295730140732426
0.193051222822413 -0.0778683642621106 0.0313355503475896 0.0152100044124539
0.238314028288588 -0.0270786456428119 0.072886871656786 0.06891291521121
0.245883975579516 0.049501327190343 0.089856497305138 0.145254417924612
0.25085380513016 0.157167018361016 0.0115471433196678 0.225377814536222
0.168262967323137 0.267989445280301 -0.109681368049114 0.196552580935693
0.00479311161368605 0.333065522667372 -0.100551373965874 0.0609496837329493
-0.104513231151176 0.367087942319497 0.0560032924897267 -0.0465031095152269
-0.132923827724401 0.287105693060458 -0.00670652837895004 -0.230606014848451
-0.0992457393567164 0.342431181128421 0.136729621498194 -0.263308941363384
0.0627772701344366 0.365871080024775 0.0849616357049788 -0.334324214182486
0.204582135989252 0.285121468514815 -0.00409401387620204 -0.293339325599948
0.242445602321605 0.14461938926722 -0.0336093821011187 -0.178019538471209
0.23871240232323 0.0465197334842891 -0.013991840058603 -0.115376186032042
0.216486850964924 -0.0333820517379377 0.028591631215215 -0.0762070756933048
0.178203671932769 -0.0451239762058221 0.0601827220332629 -0.0410443343289231
0.185341834458461 -0.0487498085695838 0.110438280916572 0.00689412833036325
0.219062672611412 0.0105801177870575 0.142757833054288 0.0681135197520438
0.214223132171377 0.0862435627057978 0.143576559865633 0.154666242709016
0.202266545695161 0.185400847643911 0.036686511483165 0.224220026977839
0.113603105983165 0.275758441704905 -0.0950929971456841 0.167525721778691
-0.05202923904811 0.312729102096751 -0.0822834249471915 0.00557484959117207
-0.143598636475592 0.322531350598351 0.105724370670312 -0.133616226935739
-0.116045671687375 0.207940791004806 0.0509093472120754 -0.305201459812001
-0.0852268521125395 0.270321703874781 0.137394091919682 -0.319010637413786
0.0537212072490756 0.291518493503788 0.0913803145762277 -0.31820032171789
0.166655558988141 0.217774967952664 0.0282602805516131 -0.252155926168336
0.184706733460504 0.105771446884972 0.0367054751620149 -0.149122733001711
0.181323728993036 0.0375891016525507 0.0661750940661266 -0.114841500762046
0.168791130507175 -0.0202652301238652 0.102214317074098 -0.0836959439979816
0.141298599169868 -0.0259760250688973 0.131281794233497 -0.0435972406384747
0.149351581323111 -0.0172849494480556 0.179577217551442 0.0136992562917979
0.168545424225378 0.037660933446196 0.198172035714745 0.0900430420841828
0.153794462699234 0.101185730511611 0.176061924210577 0.183476008338935
0.130751426114361 0.179427009685692 0.0478299719269858 0.228384603602753
0.0471535909029307 0.241290555951057 -0.074297654103807 0.14322536519283
-0.0980494807627919 0.24847098188152 -0.0471596117505897 -0.0300337818212743
-0.162515957862746 0.233357988272882 0.161449837102937 -0.189442229396912
-0.0890811713370139 0.0898808640579034 0.0867227923463837 -0.33389609884234
-0.0703098731201615 0.149218765917412 0.123189788633827 -0.335237506938185
0.0217988367926726 0.167838547425153 0.103947498171225 -0.284750438241965
0.0862150452853401 0.120570045292842 0.0634200536806534 -0.218162543070005
0.0880208558150425 0.0610685225729569 0.0889751618885885 -0.140118942024166
0.0926823883124905 0.0347944348862633 0.118749351390696 -0.124529968523274
0.0959117226646733 0.00334317052445 0.14962520165868 -0.0895559275917246
0.082676682359515 -0.00406082382383067 0.180379819092578 -0.0387062069792695
0.0897324115938436 0.00649486800267829 0.2277554824426 0.0306957155298921
0.0964524550675812 0.0390702662363219 0.231195547452546 0.125410782182385
0.0842628188343836 0.0779850530207482 0.187126579064014 0.219258244081672
0.0671890360084029 0.127731302937242 0.0489375992294602 0.237368500330052
0.000494419563352041 0.169047699360394 -0.0491428393154642 0.133764886504072
-0.109703799711243 0.155638777419407 -0.0074879957032401 -0.0373738488905104
-0.146981236673116 0.118102684881828 0.208638466211962 -0.210001317618573
0.0631507603917233 0.0084210799066492 -0.166809010834541 0.268687511518392
0.0459519410703559 -0.0592560004346062 0.0121692885143348 0.0920574443305349
-0.00203020496358144 -0.0805360040412998 0.0300437672889245 -0.131056732707362
-0.0348053210786685 -0.0411013309287892 -0.0579670442249494 -0.23631009841533
-0.0232891633152468 -0.0279213228462572 -0.208784287955865 -0.229402730141947
-0.0147290033939305 -0.0257285864251155 -0.274866867294147 -0.107603200417264
-0.020330870520314 -0.0161570780715644 -0.260386832082989 0.00361474737010304
-0.0170965477863941 -0.0188327147940487 -0.214917596812123 0.0779113934539586
-0.0181352449396338 -0.0336878754392133 -0.154377067123871 0.128189606952239
-0.00182082865972179 -0.0466763057641166 -0.11710256234306 0.170003966398484
0.0130245837498877 -0.0396998992708041 -0.0899976961133147 0.182722732461172
0.0170486669573514 -0.0411220280579619 -0.074080522123279 0.217270320167185
0.0260815131419296 -0.0436548347595498 -0.0830004077049914 0.266557147104824
0.0607623947342735 -0.0191677338334959 -0.066291825300942 0.283215549677958
0.0647919075391603 0.026078095469758 -0.0246949643451177 0.298967132191562
0.0233554195676029 0.120096414328119 -0.194040590766523 0.217871770567225
0.0165674957081843 0.0561255710734967 -0.00181730824523035 0.0525594579146171
0.0153413969144121 0.0325207644009238 0.00528787964108897 -0.16158499511813
0.0227379818542337 0.0487443362533772 -0.0757378210692069 -0.251573193754145
0.0549002876723924 0.0294542684830986 -0.2095137353265 -0.232455906511738
0.0707709738658661 -0.00810686081502861 -0.268840517462524 -0.116098335079307
0.0607743191250057 -0.0358911392758608 -0.249888762092866 -0.0106163484608926
0.051401008619432 -0.0469399358772015 -0.204029893541884 0.0608288840179127
0.0517627807666958 -0.0741171295632178 -0.137985611672736 0.112964958617113
0.0877657899664075 -0.0708530119686547 -0.0920140793657256 0.157038399406972
0.10942844781743 -0.0330765661694391 -0.0634915095801343 0.179240562939664
0.124057935837772 0.0114534650853896 -0.0589196929124487 0.223209942752524
0.0993233835715119 0.0591280037563474 -0.0834403963596417 0.259117166189252
0.0764769504594874 0.109763246881939 -0.0596416922282925 0.244288198728614
0.0464964475424884 0.167278716222043 -0.00947177545778066 0.246129257447141
-0.0229682656565394 0.217444260048959 -0.188695426790834 0.134763388945851
-0.0167437488790656 0.174686464552274 0.014622563619638 -0.00929364274643562
0.0368813475703433 0.153888656492518 -0.000153768574895001 -0.209384672589732
0.0903783905868175 0.139064326874936 -0.0903015595886147 -0.272652838960513
0.135189963972883 0.0802874422419201 -0.201441112004269 -0.223959320190638
0.152047893716011 0.0087432420327262 -0.24070678375751 -0.113357587208042
0.134505845992815 -0.0519223123420948 -0.209618168599043 -0.0235533065770336
0.111394720789875 -0.0685936399015501 -0.163945111292871 0.0364186593048348
0.110322839958274 -0.104243577147726 -0.0979622468935466 0.0844004372355511
0.159641108985274 -0.0888110686443734 -0.0449067029591677 0.129272683199628
0.185758257184565 -0.0306689270844177 -0.0111911152653328 0.165578751296028
0.212160989437069 0.0457590197576513 -0.0261352503634341 0.227380438068211
0.166835507319497 0.13707051225236 -0.0794840810164414 0.252568028358985
0.0929470609863849 0.214170736286117 -0.0668648730697099 0.194115423889226
0.0255812816654328 0.281184792646369 0.00462754541900212 0.159211435910203
-0.0617234443301263 0.286877060932326 -0.155386437966744 0.0284549662803563
-0.0375293122621108 0.278332209479672 0.0454111982059772 -0.0893256237015628
0.070432258885454 0.263337862857689 0.0051166992567168 -0.259346842551608
0.16674430710123 0.210820360750828 -0.0950128287903246 -0.285086712025736
0.209026886568855 0.10987448040317 -0.174106434220072 -0.202713340879796
0.216139651447523 0.0154559095420168 -0.186006489450424 -0.10508371721071
0.188268414796106 -0.0649263581229482 -0.142623348602349 -0.0384872209255093
0.154182284649278 -0.0808475628333008 -0.101485915105618 0.00617783571177259
0.152036550699271 -0.115186106736737 -0.0396908958585848 0.0479608744192919
0.20650652126904 -0.0875752176793902 0.0157580512586086 0.0925653264395767
0.232696612087467 -0.0171312036192312 0.0503734134497742 0.143083136041459
0.263020522496613 0.0767349079278573 0.0127249095078341 0.222752592890825
0.20444781531631 0.193479305330925 -0.0749199573167993 0.238624126161588
0.0895481002921128 0.2846686484891 -0.0815588207459268 0.136362899294598
-0.00378222456876283 0.350679938680612 0.0194211865395853 0.0532598245903558
-0.0826419575526315 0.313768926508159 -0.106715168402942 -0.0921930172477417
-0.0445312725904437 0.338802912972731 0.069396630619429 -0.180834215295146
0.102435359588359 0.328590972865531 0.0129653783080033 -0.295353045494449
0.224308468974951 0.243910284529596 -0.0822740844482456 -0.279151675019183
0.254930236088938 0.114121462588885 -0.120179824459998 -0.177789057264724
0.248146302351637 0.0123717741257923 -0.108859536692705 -0.101951104298338
0.211129016517157 -0.0719402297828092 -0.0597397798538143 -0.0571769390512749
0.172302374210291 -0.0814467288087947 -0.0252266133677284 -0.024246918270497
0.172973680545667 -0.104508131469439 0.031333745975419 0.0129599759014429
0.225771703487357 -0.0637944520775283 0.0820208158973114 0.0590228589234895
0.244505084786688 0.0140021370808001 0.111459338132858 0.123574216799285
0.266303960448719 0.115333670859254 0.0481845678811716 0.212847665922801
0.197582700686105 0.231586042732565 -0.0701432732197544 0.214962501020012
0.0571081618705401 0.316800108810812 -0.0903331689818726 0.0747011436406121
-0.045093455218236 0.367253880292713 0.0413669739235539 -0.0538032667826197
-0.0887436858606197 0.287063911985583 -0.056968154785135 -0.205494708214936
-0.0428026849503736 0.334451514278021 0.076205905440221 -0.265692030840324
0.112594097557799 0.327228878763234 0.0194398050412594 -0.308754239347192
0.235282788107975 0.229488150943597 -0.0542083536717405 -0.256637336965462
0.249764747585653 0.0967405610729945 -0.0480247434691167 -0.154052091373369
0.234501833458839 0.00732137339266726 -0.0214203468956825 -0.108028707240759
0.199243323852891 -0.0669921075779986 0.0244918550405449 -0.0796005198105441
0.164264903991453 -0.0684436533451346 0.0534076799941422 -0.0500298630623414
0.169802083253042 -0.0757753596161795 0.106776849272381 -0.0106164037523406
0.213462993464273 -0.0257805419159492 0.149022045545942 0.0446220475487446
0.21995386882628 0.0533495696404064 0.16554645366349 0.122344043476618
0.224107073854523 0.149596659940602 0.0727852786417355 0.206318142321649
0.146619147185257 0.246378262023064 -0.0622689229382329 0.183282004011943
5.33780320184623E-05 0.305925592296444 -0.0825084789250483 0.0181392352510074
-0.0886256372927238 0.32845792863622 0.0751990479177163 -0.146127441955141
-0.0832351440968868 0.208227486742265 -0.014448324123601 -0.292010103117487
-0.0406680402426597 0.263731278211112 0.0670508972110156 -0.321880046813064
0.0923089767072947 0.259924723468114 0.0282685231577393 -0.300109471499982
0.189118750514969 0.173477818277073 -0.0148927561831738 -0.228390336028128
0.189928262335371 0.0686192501177397 0.0208246130818822 -0.143258679300922
0.178843758270807 0.00668774861642252 0.0542270267515541 -0.12283060287997
0.155429285426714 -0.0471450464734854 0.0946466562252415 -0.099981498111873
0.131607030795249 -0.0449565549587529 0.121804962049153 -0.0657928950858605
0.140866334870978 -0.0401944620800333 0.176609929178223 -0.0176948693832866
0.169789233887704 0.0094163260007515 0.207168463930291 0.0539592716418223
0.164316317488768 0.076663886298803 0.202527030685607 0.142798259946734
0.153855561141039 0.154963563969591 0.0850404534904658 0.208760455393067
0.0777927762879489 0.223013329714775 -0.0477222898593184 0.155122615435756
-0.0546873730240858 0.251642747316665 -0.0536140252728517 -0.0223097621842884
-0.11960287411819 0.244556298793276 0.120348522724891 -0.208880026538625
-0.074312247857875 0.0911288825410496 0.0161311922205391 -0.332518561372415
-0.0465662110673222 0.14733950680975 0.051590541140232 -0.339302301137853
0.0435713245725371 0.149616227761803 0.0460919819261406 -0.27972918607335
0.0979952209600319 0.0961809967664847 0.0235884006714583 -0.211206739734235
0.0911717400836251 0.0417518092197333 0.067127922492859 -0.146925409977916
0.0931784171981549 0.0173038288522216 0.0985820662364538 -0.140536673802225
0.0904187048628487 -0.0137622320102602 0.136636955082185 -0.11315888828373
0.0784468858209645 -0.0162200278409043 0.17044585433717 -0.0701073974655562
0.0873556792110772 -0.0088839827729202 0.227190082014308 -0.0106832165033979
0.100789768377496 0.0223766061221386 0.247043432371284 0.0801663729883234
0.0942784843302239 0.0638494794884987 0.221055168446575 0.175802131110931
0.0846112402554924 0.115149606088518 0.0886034547080673 0.218135843609359
0.0233463034143724 0.160299634950194 -0.0252011029920473 0.139841842250064
-0.0800976818056628 0.164499401302426 -0.0155470152500117 -0.0361300092659809
-0.120567570673437 0.131265716805484 0.163309557955849 -0.236341778826573
0.0631146215208596 0.00784878282750044 -0.163072215163712 0.264921166015505
0.0454591082346081 -0.0580956634750103 0.0142449877111149 0.0907216521963915
-0.00304795632968075 -0.0797906708746296 0.0306563264703129 -0.128571971299687
-0.034667487010739 -0.040855544837582 -0.0585372848953258 -0.232734242516348
-0.0228872580349974 -0.0274817942896972 -0.208793032198941 -0.225719038799289
-0.0150881589895959 -0.0259127201039079 -0.272793941564974 -0.105116933630928
-0.0191736191933813 -0.0164140004580256 -0.25755079343858 0.00641730202781972
-0.0152685979665909 -0.0186713246118859 -0.213126222461335 0.0804085622227864
-0.0168686827861686 -0.0321269005813093 -0.153154245962484 0.128789494813788
-0.00173745199055058 -0.0457719845439329 -0.115878020701895 0.169909615573362
0.0114811561658373 -0.0389804422413095 -0.087395404255132 0.181537760908693
0.0168409404887293 -0.0403187096042262 -0.0722468661146339 0.213388680359053
0.0264554529237918 -0.0420213640803792 -0.0796822588371229 0.263833846230434
0.0598448253804487 -0.0191510029207457 -0.0649235481942968 0.280739265683846
0.0624647696149039 0.0261953636645294 -0.0251531846603243 0.297923194257421
0.0238060491711297 0.118286122570065 -0.191207872461679 0.215085583763283
0.017145304489719 0.0565905232591188 -0.000180599259660849 0.051650954922973
0.0159769634639472 0.0320289218212718 0.00677334793091956 -0.158139691646757
0.0243100653225532 0.0475857981448166 -0.0756153014855737 -0.247568506899161
0.0555708790535985 0.0279845286510931 -0.20883326549881 -0.228918161674011
0.0700681586450141 -0.0097197328556572 -0.266434169935558 -0.112892805827073
0.0607800814178398 -0.0369000261679061 -0.247704593328467 -0.0078300452075857
0.05194068635008 -0.0466084801902517 -0.202619002579596 0.0635662950670642
0.0515802337895825 -0.0725946413251308 -0.137364293319296 0.113722142548791
0.0867238368530217 -0.0704101410555134 -0.0913466458606374 0.15633627708949
0.108471098647097 -0.0333580533005198 -0.0613193987756744 0.178024998448253
0.122497812289453 0.0105739306295504 -0.0565914916160837 0.219781755739262
0.100220711426827 0.0586496344478566 -0.0801923211037289 0.255881968181952
0.0766622792273116 0.107869320978205 -0.0590433800927579 0.243345784976676
0.0456789947457094 0.164773781134593 -0.0097497565969129 0.24619214303675
-0.0215605835871543 0.21483917990655 -0.186612210999858 0.133885214829936
-0.0152980163270357 0.174205577146422 0.0154105733246573 -0.00894143997959637
0.0391038380043479 0.151762430993063 -0.000277487033119404 -0.204913681961725
0.0927739811969915 0.1352930913115 -0.08990194316671 -0.267839792905282
0.136125212409275 0.0774003430595619 -0.200123824710067 -0.220188993867525
0.151189209322091 0.00609377878519094 -0.237540601940357 -0.110382029161654
0.133801368129678 -0.0533118005755631 -0.207335785014549 -0.0221956641050183
0.111099019316262 -0.0689941970007877 -0.162975545044257 0.038143662740462
0.10832805031758 -0.102766170532599 -0.0975024388683406 0.0842567792456052
0.157277658112261 -0.0892984155843423 -0.0450688897750721 0.128015081424455
0.184110974505236 -0.0326554783437631 -0.0109342589614965 0.164184030062879
0.209738358537128 0.0437878738651718 -0.0225554921815047 0.223334211465483
0.168639826238649 0.134593896389353 -0.0762922664682786 0.250472571619117
0.0935202526233658 0.21087196512098 -0.0651576120558401 0.194100294057634
0.0266012730799955 0.276166829368452 0.00400152422879807 0.159983473357989
-0.0580484185055416 0.284334059993468 -0.153981823443167 0.0294634206949031
-0.0358170399175573 0.276582522603464 0.0447029639614923 -0.0872974628327524
0.0730417775058312 0.258266505368912 0.00552088661297227 -0.253038489974268
0.168777950311246 0.205413456088539 -0.0943744806269823 -0.279921497089731
0.209704547201437 0.105220601731183 -0.172451516557507 -0.199985850897886
0.21434726619262 0.0113563937412074 -0.182698156656619 -0.103012390066188
0.186087598821603 -0.0664648551332985 -0.142264449480907 -0.0383345377361552
0.15307108470267 -0.0813844737594839 -0.100974579780523 0.00727582095148215
0.14972423039602 -0.113491125413089 -0.0389535881353793 0.0476743159067066
0.203696814555801 -0.0887658554113848 0.0144369093308925 0.0911661893950662
0.230840131713753 -0.0202034825350263 0.0489772320093155 0.141091711758939
0.260214078947087 0.0738655363631047 0.0170585909862105 0.219026369493374
0.206446653712069 0.189825148553293 -0.0719666261060246 0.236218048849463
0.0905271608623154 0.280215872924812 -0.0791680412685631 0.138463373991161
-0.00047588718308248 0.344333933863522 0.0177053319416045 0.0547541232455053
-0.0794230180696825 0.31041872345836 -0.106304756617904 -0.0890905883242164
-0.0414098676859584 0.336060453214746 0.0684805541134085 -0.176913202593029
0.105503139003714 0.322787079158129 0.0119154227344658 -0.288665094175769
0.225967143524176 0.238207227454934 -0.0822684678394945 -0.274192405571608
0.255054890956301 0.109177010072367 -0.118513804107197 -0.174595932610025
0.245812951686177 0.00820721965052888 -0.105559533208314 -0.1003282222763
0.208459345381194 -0.073035312836462 -0.0604538408968455 -0.0585056757028323
0.170896484998612 -0.0811835825277722 -0.02549226832646 -0.0247401697118099
0.169512906046568 -0.103318429892702 0.0313999372613293 0.0116377597177372
0.222722629002575 -0.0654599580701025 0.0802651028830377 0.0576319545957676
0.243151286918506 0.0104403042633322 0.109586703496831 0.121624763408903
0.264191118829897 0.110975877761128 0.0511609758034319 0.208931168520814
0.198998780775566 0.226934734146322 -0.0670033998473449 0.213338156164979
0.05914004278581 0.311143684969011 -0.0889895770215282 0.0775818212268515
-0.0405509980996624 0.360334608095416 0.0387554581024369 -0.0513981160914013
-0.0853212640534006 0.284719715493548 -0.0571849403513268 -0.202925087358176
-0.0392692414687545 0.330693861403385 0.0736354941505787 -0.259798472229805
0.115192565938544 0.32153710542034 0.0173271198028171 -0.301859287230398
0.236326801952316 0.224289170226497 -0.0543000980132422 -0.251742578015857
0.248998842727933 0.0928494662072937 -0.046999607422634 -0.152676919155961
0.232897841618243 0.00398145870930359 -0.0200253090481125 -0.107565383642956
0.196438135546484 -0.0676941188616227 0.0227771989680859 -0.0813931238786947
0.162445132131705 -0.0689504485173265 0.0522810980953624 -0.0515640380712114
0.166864235157727 -0.07529498773308 0.106528638374125 -0.01201084585484
0.210857100484533 -0.0267894081967111 0.146920925542413 0.0421055041340744
0.218994078367293 0.050057820460243 0.162979983967535 0.119811300131027
0.222829947331156 0.14512105117639 0.0748278999135314 0.202382463422139
0.148890634416911 0.241248762300162 -0.0604579580539235 0.18253222683388
0.00247782469846012 0.301061606018146 -0.0814174698223103 0.0211993568075022
-0.0835441837591176 0.322881924587829 0.0723794211519857 -0.142939258811074
-0.0804187015659681 0.206357449533321 -0.0148387508142872 -0.288016840311779
-0.0380409931250051 0.260877544998042 0.0641817521489086 -0.315483773516791
0.0949183229045381 0.254885958994077 0.0264976472810179 -0.294508534905122
0.190176092979377 0.169039377491255 -0.0155434180781795 -0.224346435869512
0.18948017245275 0.0660459757004625 0.0217773691544906 -0.141068643375646
0.177112132935901 0.00483835677228368 0.0546732644471296 -0.122849051759788
0.153214594462262 -0.0478442658623763 0.09224088767605 -0.102769465907255
0.129585053390615 -0.0453752801974267 0.121546968212152 -0.0681811871711067
0.138193318897472 -0.0399680806786021 0.174332744637614 -0.0198154046899119
0.167330570453502 0.00764176904136021 0.205378895260699 0.0512060910621435
0.164238684812927 0.0736418005119183 0.200439880859972 0.139320137677315
0.152801230890078 0.15121097953429 0.0865608082862947 0.204579690181114
0.079329490399031 0.218874306862773 -0.0452919531712545 0.154681496867497
-0.0524170726785095 0.248351710157023 -0.053426414709601 -0.0196041417615098
-0.114067704612638 0.240369589395906 0.11673714180315 -0.206137170744931
-0.072161600145925 0.090902233081874 0.0162519003518487 -0.329465414346637
-0.0439919336398304 0.145939083481299 0.0490567433060303 -0.333472895167392
0.0453498115995923 0.146661468320511 0.0441577047752051 -0.27583071231752
0.0993555184160429 0.0938948744493317 0.0224132683517701 -0.207628873010206
0.0917822024656625 0.0407544087118781 0.06733574604391 -0.14561968870653
0.0928279063655349 0.016555455343942 0.0974205932007181 -0.141234110951186
0.0888842001969009 -0.0149720562623523 0.134399027255301 -0.116261261158183
0.0775544422839336 -0.0163436327089223 0.169062475073048 -0.0733893343140319
0.0859847101055662 -0.00873728593812378 0.224863881518438 -0.0137039880865013
0.0986148796628741 0.0212359997159991 0.245090506333535 0.0773745719090176
0.0944340068227539 0.0622809912872748 0.218559080555612 0.171089963032665
0.0841144672119751 0.112356446160682 0.0897768087863486 0.213794770731975
0.0244673726397568 0.157253179938671 -0.0245914307142456 0.139286110089877
-0.0778551411254779 0.162889932869435 -0.0156634568705795 -0.0339441221496087
-0.115759055027477 0.12926916152088 0.15899324723756 -0.233442228594126
0.0655327883487968 0.00779405821928113 -0.169393258410418 0.269447394138365
0.0474348547558583 -0.0590630962984431 0.0151874662468724 0.0920533012966791
-0.00285689348335878 -0.0815399272375631 0.0346539802749322 -0.130932006405642
-0.0349418756794873 -0.0421309640746101 -0.0566520431689571 -0.238885120139606
-0.0232021769495196 -0.027985723217726 -0.213387477338149 -0.233321216163183
-0.0158308580664576 -0.0275269719405255 -0.279354032675359 -0.110919782646421
-0.0177981619082594 -0.0181131157660458 -0.263849193898817 0.00600180760851101
-0.0145055574163394 -0.0203344533153941 -0.220500245325316 0.0833232573229311
-0.0158933742183951 -0.0330525474264985 -0.159794898408147 0.133002058509051
-0.000855011852333457 -0.0460009699044028 -0.120244138490015 0.174224331977935
0.012113005169602 -0.0398967680148418 -0.0914441116040037 0.185509838612772
0.0175157615372092 -0.0408281854857996 -0.0755532420818194 0.216592011236745
0.0287592012477205 -0.041877977851067 -0.0824145794175418 0.268585111042138
0.0609236501234262 -0.0184459075848635 -0.069120318687138 0.286948802804393
0.0624047330218652 0.0281719261009883 -0.0301162374796301 0.307127942379463
0.0243004925896603 0.121216745364807 -0.198713038914231 0.219175543462277
0.0172452302401382 0.0587754716791009 0.00117463473615541 0.0527438974372532
0.016786872223529 0.0326613485027201 0.0098783420451058 -0.161263595137715
0.0256734211440701 0.0480457655861122 -0.0741189905196216 -0.254174059003649
0.0579774661244588 0.0289041072455312 -0.212939025819285 -0.237043713713824
0.0720762232913503 -0.0108741019321284 -0.272049108737114 -0.11812735673129
0.0637689406785413 -0.0385302247754312 -0.254535506956365 -0.00921794874882861
0.0550540936444318 -0.0484518323098084 -0.209685229689675 0.0656350084154022
0.0539476823806517 -0.0738637264943378 -0.143255797321846 0.117200542598302
0.0902405355084527 -0.0716457417102774 -0.0960831402322482 0.159997511548282
0.111421251675292 -0.0337688784492568 -0.065508538077515 0.181763781577454
0.125520552329749 0.0116987841551892 -0.0592332115657836 0.223481147565406
0.10415505354435 0.0612674579129874 -0.0830380913794478 0.261620921197692
0.0772672195424286 0.111388051126593 -0.0619112576548893 0.24970337244109
0.0444986405384981 0.168697957406853 -0.0141250100173256 0.253947427678128
-0.0238865162971983 0.220128119969655 -0.193277038308205 0.137343343926944
-0.0175296987630793 0.179667665165698 0.0170678617095235 -0.00856406952123853
0.040558725024628 0.155272044567124 0.00381890472049404 -0.20805719831836
0.0966498512065126 0.138733438378714 -0.0893950186249471 -0.274404555994746
0.141319724559506 0.0791697473419395 -0.204122882140509 -0.227167879192118
0.15512304519798 0.00477795521466413 -0.241665340151238 -0.115117545131485
0.138345500161858 -0.0550837190875355 -0.213802280199427 -0.024817186694921
0.115937585651601 -0.070309023949063 -0.169017185151572 0.0389583164034085
0.11284040566094 -0.103609075761668 -0.101426126845559 0.0869369796573637
0.162597868733032 -0.0910827424664104 -0.0482474009727334 0.131635156946066
0.189488524068337 -0.0331703842674322 -0.0134337969234964 0.168686728753818
0.214710777335662 0.0454252662199546 -0.0230935128512011 0.227036467477571
0.174152822696636 0.138717396407712 -0.0788777690891735 0.255728950474606
0.0942438775219607 0.216429820306681 -0.0674613181657789 0.199990936236503
0.025207595648474 0.282486532925716 0.000879717414609309 0.166536878426076
-0.0618663227312205 0.290574674010198 -0.158691258978795 0.0300882947915665
-0.0380000981927421 0.284683454651721 0.0475617340093768 -0.0879744434074805
0.0748871186143531 0.265016936347431 0.00906195330155663 -0.257179813582244
0.174400365698172 0.210872709572244 -0.0928995723130845 -0.286280665487122
0.217014797526976 0.108150084356446 -0.174618925850556 -0.206782939437002
0.220942949518197 0.0111019660943839 -0.185041719304738 -0.107446424278606
0.191790079550844 -0.0678457922301089 -0.146447345553432 -0.0415173292023116
0.158829099241852 -0.08305344350007 -0.104443486742095 0.00653201066163104
0.153679318029197 -0.114867485273616 -0.0409197357786264 0.0486882875772998
0.209939553172407 -0.0903120557123221 0.0128075533257923 0.0938718379344936
0.238352743984322 -0.0203490570151245 0.0477981728279768 0.145787702605452
0.267257235342446 0.0766746931316209 0.0177030558155038 0.222797253051087
0.212352344211576 0.195056762341384 -0.074836366168978 0.242429266304132
0.0909184879137437 0.287419980588011 -0.0817722312628451 0.142672205933102
-0.00353515437125359 0.351334217712855 0.0163915318393788 0.058808651353458
-0.0833928276601123 0.318163319797959 -0.107836942457942 -0.0909094408425154
-0.0443689745945474 0.345611313759828 0.0720827386752236 -0.178297458385084
0.107653723397852 0.33039241617462 0.0155941732004159 -0.293468538845389
0.233040243640297 0.244296975835122 -0.0809799675454036 -0.280952347573488
0.263561572617909 0.111257164107148 -0.119608166597401 -0.180480039426201
0.253268950518778 0.0085493075602755 -0.105900753647477 -0.104917005730804
0.213866367971938 -0.0743339456774652 -0.0634219152005721 -0.0626938553869445
0.177184568104448 -0.0828300827885798 -0.0262409198001196 -0.0268586686424277
0.174875276228364 -0.103713965912866 0.0323450618553238 0.0118009549987437
0.228848585339232 -0.0667296039458339 0.0807550712443257 0.0600060244543667
0.250132247199058 0.0106439402328431 0.110691552037088 0.125713421511082
0.270764027575267 0.115593322364197 0.0530169634983594 0.212871631507358
0.204724990315063 0.232644263156713 -0.0698833608529296 0.219319421880252
0.0586318305918708 0.319076286667028 -0.0909724103180168 0.0812451386790355
-0.0426412965621604 0.366550612869891 0.0387908911008356 -0.0506224574020884
-0.0880474389435771 0.291559605671056 -0.0556385714346858 -0.206739029479049
-0.041421128108314 0.339338365542685 0.0780060474059173 -0.262362292435907
0.118019938274961 0.329399231819992 0.0210169943402966 -0.306968525068627
0.243467098886115 0.229820609648521 -0.0525935940738609 -0.257968859985095
0.257054759696014 0.0955722934357559 -0.0457865489678248 -0.157253493547233
0.239766522052492 0.00368734861466346 -0.018126424076973 -0.111323510861536
0.201757099551601 -0.0680778709393589 0.0225662787635332 -0.0868248061968438
0.167457107192085 -0.0695753263515804 0.0535452019096969 -0.0551738700339332
0.17139191534585 -0.075326943937215 0.109371098286479 -0.0133948762683461
0.216298015110308 -0.0271964597131189 0.149521800419748 0.0442741250866341
0.225901300152931 0.0508376566776825 0.164871656380153 0.123451357256284
0.22794153684803 0.150483040524744 0.0772774799873542 0.206982320541237
0.152157311250366 0.246755885595457 -0.0624811488640117 0.188390541269943
0.0003807782919892 0.308513969946439 -0.0830060773700111 0.0236499285521997
-0.0857043390842274 0.32808846005021 0.0734400703403004 -0.144467243961687
-0.0822480399036522 0.211306129584005 -0.0113795085352882 -0.295229683889101
-0.0388222264036859 0.266761257941587 0.0690084406944724 -0.319413736793515
0.0971580249934748 0.26077524124511 0.0299288852315161 -0.299621143734345
0.196498598365055 0.173405971844404 -0.0139111049876617 -0.228623349613916
0.196072978647044 0.0680579547180694 0.02489574941947 -0.144837632946875
0.182733570895482 0.00439455579444036 0.0577249662405363 -0.126367309097816
0.1573308652857 -0.0474912402666332 0.0944781146473454 -0.108022547832954
0.133344998782979 -0.0454849578159263 0.12504149636284 -0.0728705728221053
0.141690451099903 -0.0398873135488924 0.179715499512551 -0.0203435706207184
0.171216626865335 0.00835327971674947 0.209672005688219 0.0535713070073123
0.168899877029141 0.0756525611911301 0.203030199604007 0.144009236493488
0.155964357637727 0.155803467195114 0.0888045833719398 0.210300110931532
0.0811403138987987 0.223553154567978 -0.0482132038969299 0.159726731058241
-0.0553283608664166 0.254485364103626 -0.0543636935713145 -0.0181433037910615
-0.116209699260388 0.243572145417313 0.119694915437611 -0.20913497633093
-0.0732429663583668 0.0928726472363554 0.0212169176068989 -0.338178103024695
-0.044871338208627 0.148616956291361 0.0535247891249412 -0.33792869258892
0.0464029588425581 0.149335324563661 0.0466827508890183 -0.280947627607302
0.103534371759687 0.0964733527027041 0.0250064499322882 -0.211248230135745
0.095339728875029 0.0419212912224505 0.07150337919461 -0.149327421055221
0.0959927661724218 0.0171835141844156 0.102386135447648 -0.145269568691281
0.0906999305622344 -0.0136847542906739 0.138819803060376 -0.121921623318876
0.0790067217210068 -0.0160981247004619 0.174707291496161 -0.0778851266420904
0.0877375711025658 -0.00838448271078622 0.23131921765053 -0.0139435431702764
0.100544561739473 0.0228196141804668 0.251599595360132 0.0804394770397139
0.0974720048487636 0.0634350712913603 0.221818962718461 0.176497750390658
0.0852047957875269 0.115736368774106 0.0910827028636511 0.219823392399744
0.0246547909143501 0.160095771148705 -0.0265474116124084 0.144311003409078
-0.080940802844296 0.165894407844448 -0.0160215805825939 -0.0332197513847326
-0.116601793024613 0.1307482588216 0.163569826986822 -0.237775166937351
0.0696533685484319 0.00638572560013266 -0.17872240485195 0.287772198529554
0.0501809137193222 -0.0623783668959662 0.0184126826396044 0.0962698780979438
-0.00374931831669384 -0.0860939354144745 0.0387689640234447 -0.139079439317065
-0.0371770724283893 -0.0442089012603155 -0.0618966077225562 -0.253713836518562
-0.0249342078005711 -0.0299720030829548 -0.229334803721289 -0.247173874940507
-0.0173690089170792 -0.02905319551613 -0.299289869015897 -0.116762778439173
-0.0181235116889891 -0.0205127909936016 -0.280437713190727 0.00937096635282279
-0.0143836452528799 -0.0211803082849395 -0.235359975181173 0.0937589559953503
-0.0147007881135354 -0.0348223813711503 -0.171091795652836 0.144986935680724
-0.000674382862330432 -0.0489680115376452 -0.126852287384885 0.188231831989137
0.0122181082385357 -0.0418762324994556 -0.0959326764180364 0.197777007789861
0.0184332264863951 -0.0434530224449502 -0.0800156162175565 0.230049072977829
0.0312751687811779 -0.0441836867560458 -0.0844070437987006 0.285197177670572
0.0640358460035902 -0.0193091874739615 -0.0721326844560245 0.305897589460497
0.065218116272672 0.0310397609627245 -0.0313979292413445 0.329501214727434
0.0264471715218024 0.127757789465272 -0.210703391265286 0.235382326756429
0.0187213799726634 0.0639758373082246 0.00279548354599042 0.0551870778032246
0.0188680359386856 0.0345616668007423 0.0118708799464533 -0.170376214159032
0.0291324033749751 0.0497890174121298 -0.0799950201775597 -0.269578694902572
0.0636008743606451 0.0287422530485771 -0.229742214940976 -0.251354774344707
0.0766292216148337 -0.0130662432323855 -0.290934838007798 -0.123993632528498
0.0686235129173396 -0.0428296148437368 -0.271171066670901 -0.00757803542496366
0.0596322200728889 -0.0524775824603791 -0.224246326877741 0.0742287425301474
0.0585810849101724 -0.0788433147839733 -0.15317489020563 0.127065405274233
0.0961052591379405 -0.0770032419710984 -0.101591410297125 0.172856463921043
0.118444338502547 -0.0374500857062239 -0.0686846789838223 0.19437249550117
0.133878571572811 0.011670950832247 -0.0607928632671363 0.235691035937528
0.113690890099387 0.0639591451092142 -0.0854352947225455 0.27835736272232
0.0827408069247605 0.118400977855413 -0.0635349632405829 0.266604602779242
0.0478779396081051 0.179971787629684 -0.0150132858191124 0.27352622482316
-0.0235344841924434 0.233227910630319 -0.204769239310045 0.148932839330524
-0.015867355458177 0.193435004073873 0.0192009553828259 -0.00912889911692933
0.0457487682483292 0.16442898931414 0.00487489502562259 -0.219790873788474
0.105601026633669 0.145429142861571 -0.095497226155407 -0.290459315995454
0.153354541515468 0.080904442632551 -0.219005019302357 -0.241222106556503
0.165874893864296 0.00251951880448077 -0.257895219060449 -0.122482481727486
0.147341011779229 -0.0607650048570682 -0.229251741933992 -0.0250905265084664
0.124551940680758 -0.0771306664815848 -0.18143527995393 0.0447269352021872
0.119987443799139 -0.111249956883303 -0.108538877561729 0.09436918963636
0.172753517913161 -0.0988171153931739 -0.0516605374076308 0.141764523473656
0.202258734342052 -0.0379161934700936 -0.0142780853359382 0.179389476019817
0.229795437479534 0.0472185749924994 -0.0220173058252704 0.239807099758625
0.18827767702327 0.145561299956927 -0.0804655029562833 0.272841185322184
0.101481669335242 0.229591702561266 -0.0692225926171559 0.215141583090436
0.0285628043884382 0.299636179833651 0.00074818414046691 0.179706810378629
-0.0638969762813612 0.310296457619243 -0.16736490117807 0.0349092809450894
-0.0376900069346632 0.305124726379347 0.0519991889511449 -0.0925443286116525
0.0839889518165261 0.280189080577938 0.00962395886332272 -0.271131446172187
0.18901442458036 0.220795526129049 -0.0996455600208926 -0.303516921337863
0.235118291337354 0.110424466113616 -0.187434021333302 -0.2195103591121
0.236024390499608 0.00791508345980819 -0.196586488017503 -0.114485769351343
0.204402599992877 -0.074414650099208 -0.158011879023092 -0.0451047765374116
0.169743925150708 -0.09057500719638 -0.112767079558802 0.00768661194212268
0.163935674010906 -0.12243405794333 -0.0439101367525622 0.0520216816817298
0.223213416640347 -0.0986866569378417 0.0131413350350629 0.100506366919258
0.254035626559606 -0.0253929673675116 0.0509520437010425 0.155177955767822
0.285111618807995 0.0797049220978483 0.0219088557295621 0.235074178719761
0.230190736060216 0.204564216740268 -0.0764213307566324 0.258885664431522
0.0988782310164168 0.304546842302156 -0.0851899885956242 0.154622673587473
0.00016303526409963 0.373245314034145 0.0164445392987426 0.0643278366381901
-0.0860145766685291 0.339278432445031 -0.113835714988514 -0.0943430832831059
-0.0432227555499656 0.369448837058955 0.0776555943561568 -0.187813167667884
0.119017124361066 0.349149067949405 0.0159176718823458 -0.309085560496549
0.253318739502352 0.255914818181837 -0.087300165460026 -0.297125625251645
0.284302572683044 0.114134182368885 -0.128033278759016 -0.192261989381379
0.270174913792006 0.00419587384219185 -0.112100084709555 -0.112322861385914
0.227804213241509 -0.0812911028666393 -0.0692293574943431 -0.0693050379388702
0.188254383786936 -0.0901476912296045 -0.0297917319140889 -0.0295780974843798
0.185932919996325 -0.111054986773637 0.0335437293216243 0.0119983275431162
0.244173208656162 -0.0733462628531722 0.0853190042945707 0.0638841258807784
0.267135668229875 0.00712596534504188 0.117415676827447 0.133681926411712
0.29014282348988 0.12049988502967 0.0598525308113518 0.224109844875613
0.222550917703238 0.24434985104322 -0.0710905846854351 0.233961569442414
0.0644639643296838 0.338736440049305 -0.0953226184070787 0.0893233322962612
-0.0413169088740446 0.389481085786875 0.0397867951519068 -0.0517078235961737
-0.0902907313462676 0.311342847736292 -0.0582801389810826 -0.218905131947913
-0.0410346075048408 0.362278063562438 0.0834314201563086 -0.276534796835757
0.130297796572946 0.346914922545429 0.0212884657374484 -0.32395892150905
0.263810139146505 0.240256805572133 -0.0565354427770583 -0.272358796912686
0.277321905243027 0.0973595908916134 -0.0479112821181886 -0.168380361042807
0.255825770291916 0.000125579731154072 -0.0184536505299758 -0.120392330872234
0.214394448635022 -0.0743661677437527 0.0217612481653312 -0.0957819760596404
0.17840558372401 -0.076139034311345 0.0551574432109345 -0.0614031939589959
0.181868511266023 -0.0805687691073324 0.115940031735691 -0.0163316322238405
0.230320279607062 -0.0311895984310599 0.159146515470502 0.0460075514163126
0.241827766938423 0.0512161399247287 0.174948364112346 0.129893274876882
0.24544230027814 0.157419965733695 0.0857037486429371 0.217918269092729
0.165879427830062 0.260649458939964 -0.0641922416657595 0.201937258668293
0.00278768369585681 0.327875003862185 -0.0873684944985015 0.0279110635584947
-0.0872361946019927 0.347802807254092 0.0761492078157567 -0.152672229872576
-0.0852510436517415 0.225924835109344 -0.0110012354265922 -0.314563166241783
-0.0387572242151073 0.284397907506156 0.0731355059819073 -0.337079303695597
0.10669535047572 0.274841738101345 0.0305353287135744 -0.316775183225682
0.212906013413325 0.181347913664064 -0.0150815931350576 -0.242697185618511
0.210877514639417 0.0693395053740238 0.0275965109047445 -0.155798307381228
0.19546567492106 0.00205817847280308 0.0624080178306424 -0.136590593914566
0.166619415154042 -0.0521753884485475 0.0989791952487281 -0.119368879618418
0.141158488861838 -0.0496527669716573 0.131597803690214 -0.0816718742227966
0.150820757457011 -0.0432236201260369 0.191125879185768 -0.0258411546331293
0.183005316990885 0.0074277427756188 0.223470083019276 0.0549302305660506
0.181716966065289 0.0775073034213665 0.216166008428249 0.151332981031589
0.168535859270452 0.164537815527159 0.097342986392439 0.221618397509115
0.0898459524175377 0.236376547852103 -0.0497912151891177 0.17122942556939
-0.0565918465696338 0.270620526225763 -0.0578176571361449 -0.0165306602608993
-0.119806309825508 0.258892350747224 0.124360021603239 -0.222139065258038
-0.075651331744666 0.0992560617556895 0.0225379929668889 -0.361945060443977
-0.0454291914153604 0.157582288951616 0.0562713055697536 -0.356251270559967
0.0514214486623047 0.158093082526672 0.04762864348945 -0.297353920030826
0.11312641225832 0.101142867726029 0.0253272420014889 -0.224122040498899
0.102991501091211 0.0438086729236789 0.0775733424914611 -0.159915600208392
0.102635300056693 0.0157332321605644 0.109335813931568 -0.156907794348405
0.0954680430898509 -0.014698588311312 0.146649462269315 -0.134715703456295
0.0831119334277851 -0.0177618812291837 0.185273765676399 -0.0882098618389212
0.0925370793320348 -0.00981272122074841 0.247091570607242 -0.0181799732757093
0.10679484393173 0.0237079965188797 0.269682293666004 0.08259777122223
0.104098792698471 0.0658750336674181 0.236709031619728 0.186230053829894
0.0919486528095809 0.121770620601532 0.0996320514107728 0.232644978914357
0.0274330366843966 0.168957604460348 -0.0269745453940087 0.155148880043164
-0.084248287507846 0.177813932681393 -0.0175520395572844 -0.0332736315282314
-0.119838401047656 0.138946662654336 0.170609584696478 -0.253286509192795
0.0756521862553256 0.00170395651508071 -0.179584661885123 0.320887276435718
0.0515560315276543 -0.0698486748901246 0.026123192685841 0.102192591408266
-0.00855024402126187 -0.0925689089705343 0.0379123951643244 -0.15357934508986
-0.0418352394425145 -0.0466765534278689 -0.0779128889368706 -0.272215144442808
-0.0284121950613296 -0.0308831315298846 -0.264221057805738 -0.256507703969281
-0.0211700030310944 -0.0310945416931446 -0.331266952362958 -0.111624561748797
-0.0195682087398563 -0.022453399013019 -0.303375826821609 0.0259552588140378
-0.0153554393241451 -0.0228529482037306 -0.250830707365115 0.117332217399694
-0.0168459630287835 -0.0377152106709048 -0.179222979781102 0.16919781691211
-0.00276252825146306 -0.0527689382285142 -0.128387636282367 0.211932634151006
0.0108011742571735 -0.045262766687702 -0.0958687579163295 0.219308596395052
0.0177932579713328 -0.0479477252260265 -0.0772682899365544 0.252277947749102
0.0324415449042213 -0.0498095178465831 -0.0770685974541828 0.311998646250257
0.067663686867671 -0.0227457230276215 -0.0626017266221734 0.334059119273054
0.0711007233386971 0.0310601018344906 -0.0195638964988498 0.361062638605993
0.0345936723948825 0.135431514940874 -0.216086594965372 0.267102108084419
0.0244285109867431 0.0691975756341792 0.00789964758905548 0.0587021460395586
0.0233050135024739 0.0366222172983945 0.0077061819657121 -0.185188089149094
0.0355933432677021 0.0522178015039669 -0.0984101221700811 -0.288281853243431
0.0715165313393157 0.0270058292460317 -0.262928629447702 -0.261186963407768
0.0819163940499943 -0.0189217838294986 -0.322214898003193 -0.121227443482531
0.0733021665783989 -0.0513582580942775 -0.295243924113088 0.00583312399037916
0.0635531198829333 -0.0612013050789246 -0.24063808997521 0.0954381897944759
0.0610474371476412 -0.0887386772174044 -0.161412447589274 0.148460560459621
0.101260881178807 -0.0891327253650604 -0.102298787252247 0.194170437281404
0.126897639660603 -0.0466653493409983 -0.0666405756063811 0.214319588690101
0.145997735850158 0.00639208054874517 -0.0541131738178696 0.257194490433199
0.128211466118046 0.0630723390113679 -0.0772123351291639 0.304818971222857
0.0950673104704655 0.125375567396595 -0.054971357652045 0.292480985549806
0.060537239288397 0.193035275143176 -0.00437259642382019 0.299594307601346
-0.0139802519640587 0.253961917627657 -0.213647310542751 0.173184728779018
-0.00705097777717139 0.211913264737054 0.0222333763452219 -0.0105560213223769
0.0588487507309255 0.175213836866349 -0.0025880657828987 -0.237454099416289
0.124027148133381 0.150440279212358 -0.116661492261397 -0.30979172488654
0.17291217872068 0.0774380808099932 -0.251059761083707 -0.251346494175438
0.18014341282746 -0.00772913455208456 -0.285577474069596 -0.12031574669991
0.157910089806959 -0.0750289572698401 -0.250971903777541 -0.0157386181782062
0.132683496634423 -0.0910490455858871 -0.195842175134322 0.0600260786957137
0.126024401177898 -0.126587000388941 -0.114219532823074 0.109337495158375
0.182977846984667 -0.116704060256585 -0.0499147980585003 0.157789382707751
0.217474868287633 -0.0520192893721947 -0.00749615929620717 0.196175639606404
0.251916591246727 0.0397994132606763 -0.0109142556980309 0.25856974154787
0.214087047733477 0.147051509857981 -0.0723292249540556 0.29909857867949
0.121096656775401 0.244548294113152 -0.0628380797440428 0.237598750987951
0.0464189473274225 0.323866145912558 0.00816132928885175 0.197471379143156
-0.0535470716059469 0.338717069836571 -0.178063706056018 0.0482580439874232
-0.0243209719465874 0.333684095691839 0.0529838321221644 -0.101527666906102
0.106896385901581 0.298796577001267 -0.000555620587727412 -0.291442290450969
0.219458615463886 0.227307263388355 -0.122613065520372 -0.323176590619858
0.263550760937741 0.105129009876711 -0.214875505714067 -0.230142678393982
0.256543577397754 -0.0058020157631965 -0.218089116370261 -0.115898900592192
0.218176451534342 -0.0922556039065956 -0.175715935424827 -0.042315129432959
0.180538489914655 -0.108312375730046 -0.12407112998982 0.0154578390468398
0.172621818872196 -0.141194852830447 -0.0461408466929884 0.0596330601951617
0.237551921998132 -0.120318104855874 0.0183383943660668 0.110086306121682
0.274655741202619 -0.041783810229503 0.0621929219414938 0.16628868850151
0.314513196496409 0.0715722554039407 0.036301690144884 0.250895432121748
0.262960114077526 0.208099988060189 -0.0677367749721254 0.285525232333861
0.122308002890929 0.325850958176193 -0.0822862649959821 0.173679756890867
0.0198863654514981 0.403794236085521 0.0200152326516769 0.0718903546895816
-0.0746503065327061 0.371050831635848 -0.125574165870781 -0.0947768736840626
-0.0272034087784197 0.403028192897344 0.0769848594200778 -0.205520813466507
0.14868704924861 0.370989419839372 0.00488935778891939 -0.332535450421178
0.289901934682946 0.261576187479615 -0.107815428311918 -0.316675685075752
0.316435600055156 0.105769922642478 -0.147761724713968 -0.203915959532432
0.293653899197241 -0.0118025825874613 -0.125464830333667 -0.117959567463259
0.243023467383997 -0.100309488185461 -0.0809027831181571 -0.0735869118635051
0.200530929117453 -0.108717294886887 -0.0361721293360991 -0.0306365369223767
0.196227696526364 -0.129254690867407 0.0360300407038356 0.010865334985854
0.26111392877771 -0.0933307350761752 0.095162213427127 0.0660147981238758
0.29124854433846 -0.00658379019694806 0.132777179723479 0.139251800436585
0.322802682781899 0.11552256291168 0.0779840963993212 0.237523658568805
0.255787780885073 0.251681630868927 -0.0635431581773477 0.259137370173513
0.0861550862029266 0.364372916190347 -0.0972107197257735 0.104083679400963
-0.0230000281269066 0.423273504457322 0.0392793181903472 -0.0559073685869808
-0.0819024912853348 0.341560344339158 -0.0713814179685622 -0.233850334383905
-0.0238848215740349 0.395079340990702 0.080055805719128 -0.301034003345486
0.160686124038167 0.36720184296202 0.00938518419914656 -0.348645949683237
0.301222818502653 0.244073095447012 -0.0743385146054559 -0.291547159388565
0.308368733739243 0.0885068686932488 -0.0597617561186193 -0.180864821967556
0.278205428671896 -0.0155571705209008 -0.0242071529524707 -0.131845199633399
0.228556394693988 -0.0917331578859112 0.0163587148136675 -0.107332886563872
0.190005438960636 -0.0920050881105983 0.0552492931833245 -0.071240294786087
0.193782071654826 -0.0965604905965327 0.123865261221777 -0.0248030468587331
0.248712900310425 -0.046910530525449 0.175066974405882 0.042353896789408
0.265363196053399 0.0410873538212892 0.194883226076767 0.13231430159419
0.276191484346272 0.157585879081678 0.104914827530116 0.230573667871459
0.195542119905815 0.271152147619567 -0.0580232878391047 0.223683190200145
0.0198925546435434 0.355854898151738 -0.0918539009632781 0.036778389626517
-0.0749713356489307 0.380227206328825 0.0739067214636701 -0.168058428564471
-0.0793480860325689 0.248849203355539 -0.0245215686334731 -0.340970432793679
-0.0259111120098782 0.310233370120601 0.065768978732175 -0.365574460800362
0.131365489850032 0.290730183339599 0.0181369732395864 -0.341758191568222
0.242355414041176 0.18247849571994 -0.0276201532894033 -0.260782613137234
0.234010385385415 0.0621624190069546 0.0237294265340611 -0.171812820200102
0.212369371437543 -0.00973639264012642 0.0617981768420818 -0.154260149089238
0.178816361545089 -0.0643255221615971 0.0985109151130551 -0.138422048005128
0.15067788098534 -0.061386847986371 0.136690248521104 -0.0979465211113291
0.161513203895403 -0.0543144964225221 0.205949516018457 -0.0391234582844367
0.198499698431059 -0.00193985681224999 0.246080371027104 0.0486990966837872
0.201796088550268 0.073552795997761 0.241908514350463 0.152628797320196
0.192611389256542 0.168176405477386 0.117312404428225 0.234881991283338
0.110086065433107 0.249812782295466 -0.0436651700784282 0.190240553907986
-0.0471656047490645 0.296248662287851 -0.0626645200625208 -0.0123329461963572
-0.113196900982132 0.285138352119263 0.122823223746274 -0.245826246756045
-0.0754648037185938 0.111118044749913 0.00987038057489458 -0.395463877337848
-0.039487860675295 0.172458267899461 0.0460680879162124 -0.385831179811385
0.0649322161676108 0.167363395040018 0.0377747091063376 -0.322752490550338
0.129690298035238 0.102157375650935 0.0171367391194743 -0.242998229879098
0.115307474768924 0.0412704173339493 0.0778330699536083 -0.179245784128622
0.112597425117862 0.0112617693829269 0.11150112373077 -0.178139441484751
0.102733749704629 -0.0209060638627283 0.15071473332485 -0.157214534049787
0.0886877546300072 -0.0227020684971076 0.195150370797195 -0.108451815209063
0.100014657158152 -0.0146116270419088 0.266372001727146 -0.0345550136353567
0.11669079617917 0.0195270966487672 0.297187708971646 0.0754315722916122
0.117034619268951 0.0658558099683428 0.265883075810954 0.189587746248867
0.105693726053099 0.12653139127876 0.120413718240223 0.247437458184265
0.0388391789782602 0.180214123083396 -0.0210582259903232 0.170416077455747
-0.0815493938880771 0.196437942359824 -0.0208752890084938 -0.032924312808783
-0.120541599885983 0.155221053318399 0.171086199373922 -0.281892571547374
0.0805085832886532 0.0198659067760956 -0.229030220779561 0.311864282651715
0.0653958726086934 -0.0645305347980644 0.0183470425611821 0.108211115684311
0.00282983417909369 -0.0984675540538003 0.0617266008618571 -0.163973803519029
-0.0416474959312002 -0.0538881101262396 -0.0476001264095149 -0.30597330496653
-0.0311926007268283 -0.0325089237901051 -0.253134890197659 -0.308260704465873
-0.0218991864767492 -0.0329188911923774 -0.342533963462735 -0.163148259675891
-0.0175090398468497 -0.0275686270445482 -0.329921682840279 -0.0114873053293061
-0.0118745776993736 -0.0256347074197033 -0.284906036867327 0.0964084937982953
-0.0103287815109481 -0.0432257542037568 -0.214981127727411 0.164114257906967
0.00528775247563077 -0.0550596038540195 -0.163153223278412 0.212920248705548
0.0184949970608248 -0.0438570856681386 -0.129826193424224 0.222562212023073
0.0233126437654825 -0.0462710922192463 -0.116683950399153 0.258751037456691
0.0410550724728424 -0.0446654583978819 -0.121402295601917 0.321465646174408
0.0729345288118661 -0.00734607514237167 -0.114171730920157 0.343397440083716
0.0730099726217228 0.0514151212482687 -0.0814984522355388 0.380506485721294
0.0156233675834712 0.152993004905397 -0.261744504622199 0.256431562919624
0.016286964658953 0.0772180474783746 0.00284863650749362 0.0644776873852005
0.0165985116657375 0.0410840389209828 0.036936764416619 -0.192973990046375
0.0253220032027577 0.0577274160126843 -0.064921883530924 -0.317662802072501
0.0661852164966962 0.0412392960536248 -0.245212144394582 -0.311788253178009
0.0859318966806819 -0.00625119274140439 -0.328049901652953 -0.17185369568417
0.0834029037373524 -0.044923393909416 -0.315996422587361 -0.0307459030279657
0.0787254255384718 -0.052721116241481 -0.271552369731674 0.0736957910755966
0.0797480572284828 -0.0848738900163582 -0.19337614450688 0.145405722866402
0.121774807192694 -0.0786888938144064 -0.134474889752067 0.199857283417141
0.143169491816222 -0.0252078620303293 -0.102726344875322 0.220923678119436
0.153144566729823 0.0305982139160548 -0.100549693409442 0.267481162086731
0.122918797797189 0.092023206065376 -0.121351445297608 0.311435955066418
0.0779714734462346 0.154444536386118 -0.100398964328407 0.294522739689284
0.0342204328214837 0.2258845247336 -0.0508633750068236 0.309797008685893
-0.0542674308202295 0.268049352194241 -0.248318753183252 0.163764423170856
-0.0369675387970793 0.221129915122072 0.0269763025748083 -0.00183058733626866
0.0331451364695392 0.189120239767327 0.0351523562141294 -0.23944260768473
0.103640529630855 0.17122013679672 -0.0771492352182904 -0.334757066509468
0.165083756898298 0.107953755654039 -0.227445076563151 -0.297836525117386
0.188758137833917 0.0189619976814327 -0.284707749424742 -0.166284713224942
0.175812046845368 -0.0573541655942133 -0.263345112719515 -0.0480620228099652
0.156952762922614 -0.0738793107143929 -0.218285186801227 0.0412167750790702
0.154046631934171 -0.114716665794702 -0.138342181331699 0.109673973380364
0.213218934333137 -0.0964342658112628 -0.0752296954078053 0.169622334505447
0.24275715156177 -0.0163765537176689 -0.042264148438474 0.209855719056439
0.26246822015665 0.0823218157171569 -0.061352846969061 0.27481573294443
0.201334072272304 0.195806388908922 -0.118027474896635 0.305305812962441
0.086842210793663 0.28439631953709 -0.102025787742279 0.231150730466759
-0.00352613152287547 0.365074212852692 -0.017738809094447 0.196152223860257
-0.109317827778117 0.348377083183066 -0.195127414439183 0.0404039932193269
-0.0733509078265846 0.34348020419449 0.0710854091871113 -0.0893132103110767
0.0632720137195975 0.322694944848498 0.0471880481155209 -0.288000177294261
0.192538420534113 0.263022745327961 -0.0769406511285901 -0.341425027668641
0.256351243859801 0.148945139352487 -0.184340663748667 -0.270920686912792
0.270192756542931 0.0306913347686733 -0.211302601550208 -0.152887306241433
0.242536132368785 -0.0677010874729441 -0.177661073695427 -0.0660007556807245
0.210545404419454 -0.0841643388561642 -0.135965865953325 0.00163401008411143
0.205351048634706 -0.122413644343453 -0.059490366462168 0.064286552670663
0.272116954531418 -0.0920047971333302 0.00291241967480036 0.127610764847538
0.302149295948758 0.0043973722741443 0.0339785051718729 0.18682353457962
0.326798365473917 0.125173234197589 -0.0139464320718324 0.271983386436431
0.243773743418937 0.26813398515801 -0.112266552846256 0.289057591161796
0.0753679829231162 0.371091405906472 -0.113878274347924 0.158052923389678
-0.0454947545869184 0.446974851892245 0.016782602537867 0.0602823462418615
-0.137929391520693 0.376420604253958 -0.120823302513569 -0.10110068158711
-0.0863587589295123 0.413034142745326 0.109831675469048 -0.19320075597682
0.0960754354932901 0.403566926447372 0.0600799426497204 -0.32654311338821
0.261309404067838 0.307488686477005 -0.0595135640991816 -0.328346070493079
0.312655747009812 0.156393423968131 -0.113186721101036 -0.234200148952635
0.311243428658476 0.0293832770622822 -0.110689959864106 -0.143825954549733
0.270028881735472 -0.072514686813231 -0.0712207372891309 -0.0875730620084801
0.231679397615648 -0.0813174862895579 -0.0354540498374539 -0.0374490699665416
0.228594747506308 -0.106022034885886 0.0351254397699828 0.0212301863687386
0.293114041080156 -0.0612166688579784 0.0905747259969381 0.089358376505453
0.314948576286226 0.0442637018040477 0.111967998410248 0.165286502419425
0.329728282115121 0.17275969156777 0.0305718856230334 0.260623228804474
0.227857873099294 0.313772834621087 -0.10412060377748 0.260072140545576
0.0313522773397871 0.404303475180259 -0.118020589925929 0.0820514696055401
-0.095737255567666 0.458434249232505 0.0591617309915011 -0.0730068973193291
-0.142116686187418 0.342000933813182 -0.0446615455826548 -0.241480499886066
-0.0836729469390876 0.404694863638119 0.126394740110761 -0.295515422259475
0.108211628483068 0.402063915092849 0.0679266661796251 -0.342408328990861
0.275107890073631 0.289840814847954 -0.0253898340975494 -0.296860142670523
0.306816244495581 0.135358435975981 -0.022293837938744 -0.20086341395856
0.295682909065597 0.0219029759669973 -0.000274321607588155 -0.145892297309066
0.254635636944317 -0.0645473521972535 0.0381253483606146 -0.112543221175541
0.217152167703672 -0.0656576237017913 0.0673234808269261 -0.0690780830429399
0.22125840791877 -0.0723561694652023 0.134159446225354 -0.00740652604725557
0.272759085377578 -0.0125954212189044 0.178484695235426 0.0729663588458164
0.280230894557999 0.0913338712218025 0.180368484771235 0.163500153756109
0.273395279519563 0.210846780864853 0.0617824331933422 0.254459474419436
0.159354126405172 0.323250888736483 -0.0914960080751718 0.223370840363401
-0.0373774128187753 0.383864973449678 -0.100876187828413 0.012658557932291
-0.144328983318656 0.402135230341868 0.11504069262693 -0.184095438237041
-0.126237478471007 0.243097174432267 0.0199171721467292 -0.352083127931975
-0.0746816409802183 0.314482021476071 0.119485619091533 -0.366992256125365
0.0889675452599085 0.318068022757095 0.0747530304634386 -0.339007821296923
0.223606745555861 0.218284946054287 0.0171928917706881 -0.263935098869583
0.233328962507912 0.0967078020607881 0.0622367162052596 -0.18070521089453
0.225544629338741 0.0179866723795454 0.0931420856810345 -0.159058105004867
0.197365227496432 -0.0437264543036893 0.1284196652276 -0.136135417567282
0.170468359294864 -0.0398244265150144 0.158152105996098 -0.088563016876096
0.179337253372535 -0.0328065930074781 0.223548131697956 -0.0145744536149908
0.213479403589968 0.0281675742596188 0.25403811148031 0.0853029016963282
0.205704647880326 0.11499456490909 0.228644175320065 0.188769159054417
0.183189813236723 0.210985137751936 0.0796862677318045 0.257942419598367
0.0712509946551416 0.285683707851154 -0.0706440970055755 0.190829146417512
-0.0985867119384734 0.308459575389249 -0.0612378404152594 -0.0330309740482851
-0.169418098439955 0.289085975694807 0.178177683220903 -0.255059652050605
-0.101037280905133 0.0985361134995981 0.0645857709057273 -0.411315689801858
-0.0708716400684603 0.17037027773731 0.101066385448334 -0.396455732987257
0.0387925470654115 0.179418287166233 0.085857992214042 -0.323794986126103
0.117968289380382 0.119025087495879 0.0570926711456431 -0.246345224878368
0.111572259847246 0.0563558535252705 0.115155878573328 -0.182091222589859
0.117139718403484 0.0254170032296157 0.145964037042153 -0.178367999798791
0.111930288172359 -0.00881383059181638 0.18471175855522 -0.150860485739837
0.0981229410425833 -0.0101109782989503 0.222179600219045 -0.0924875385324061
0.107592231618506 -0.000106883615349768 0.288737917142635 -0.00368697116246048
0.122476988728385 0.0395487491732686 0.307063507157697 0.119101358115447
0.116662747423887 0.0924676929953539 0.254299207108411 0.232080039672602
0.0949350838241388 0.154145207598487 0.0856244102099972 0.273707113444819
0.00637361247917544 0.199341114725647 -0.0431529822212082 0.174279739533377
-0.117910560390956 0.195862515968311 -0.0131686277669585 -0.0445811313820397
-0.153935641069293 0.144307191096612 0.231566007495698 -0.280047688476674
0.0828109278364858 0.0096825396580072 -0.196503693831207 0.34355940281818
0.0587727066723401 -0.0726808020326391 0.0318104189295382 0.105698069465859
-0.00839975749125575 -0.0999067021538015 0.0459781595337027 -0.176059322346112
-0.0484576231675838 -0.0495601734499928 -0.0833288897308065 -0.306425604996688
-0.0351605724905442 -0.029208347372476 -0.295458042110989 -0.283516598791304
-0.0265565331518719 -0.0301212337328422 -0.369767823448454 -0.125828447774172
-0.0209896061398273 -0.027509799727711 -0.337340654431954 0.0283368377706139
-0.0134651951280622 -0.0260920333710517 -0.278326368921583 0.135101871678323
-0.0150119595389503 -0.0437057503143768 -0.199999875590356 0.196479723466658
-1.80394654082563E-05 -0.0566215172296105 -0.141827892257574 0.237328775903032
0.0137450837711556 -0.0456978787738022 -0.108043232957209 0.241683289274874
0.0182643753554699 -0.0498992468027588 -0.0905395034248061 0.277125126266368
0.0377740262069151 -0.0501767976970081 -0.0852399099556092 0.339503704002719
0.073308933033529 -0.0138657257553303 -0.0771828758768756 0.360540625618234
0.0800711756715796 0.0442859975828368 -0.040477234920249 0.399533969617077
0.032344405721491 0.153238667831335 -0.235730252733516 0.291926387813146
0.0267482916483266 0.0782809086574165 0.0114406603121875 0.063766862615383
0.0227018491767995 0.0396834105714692 0.0168714787254443 -0.201149256581416
0.0339369950658987 0.0551653164939566 -0.10110178176884 -0.315831871873776
0.0731067141759634 0.0331484954630907 -0.287880780707735 -0.287214775132899
0.0863117119173804 -0.0169336480731391 -0.355559395872369 -0.137098597061367
0.0807579552968993 -0.057019264999239 -0.326324914927126 0.0068836096790327
0.0755834321057841 -0.0647664086214873 -0.267317724902746 0.110873395990634
0.0720265307632363 -0.096251878350427 -0.180446248183118 0.17457806126151
0.115289631625192 -0.0945251296663982 -0.113875592377544 0.220894513180593
0.143447576813008 -0.0423684365204827 -0.0806051321392816 0.237904347799666
0.159563850447836 0.013044584729191 -0.0720714141731359 0.283481031220107
0.137926856698532 0.0777939460951172 -0.0860879716606375 0.329609575878802
0.0975983896748568 0.149810803645068 -0.0671755545123613 0.309617370228081
0.0611588132717959 0.226441972752025 -0.0174726235752414 0.323859530952634
-0.0252296022924631 0.278790600622626 -0.232228641731179 0.1966002690172
-0.0107267476365084 0.230708887678635 0.0283229926543091 -0.00549193772456633
0.0575774471660924 0.188200754666338 0.0103006493856518 -0.247548234393116
0.127203997184964 0.160356685194272 -0.116267486681427 -0.33111378985065
0.182460799023898 0.0877907189615686 -0.26739004848283 -0.276616373122258
0.193907149179273 -0.00442230171596397 -0.310901857580619 -0.136463564682999
0.173140522026816 -0.081185876378502 -0.275870334317993 -0.0177107330298072
0.152551563372629 -0.0949591490362361 -0.217723532776016 0.0707782772889459
0.144694962990164 -0.1358333897758 -0.12853471297117 0.131426922436298
0.206664874602061 -0.124295325339857 -0.0565257037346645 0.183597946483739
0.245729395328662 -0.0452162094993467 -0.0191826143322154 0.21980331366786
0.278004451866521 0.0523435190724142 -0.0301008652057522 0.28527544867805
0.229524702506878 0.173691982886469 -0.0820800896910316 0.322987800318128
0.121004902842512 0.280603310987829 -0.0753666715314211 0.247556751242357
0.0405217691298425 0.371059377508006 0.00271441435812203 0.204133198043749
-0.071134074131403 0.366772407035618 -0.190999372197373 0.0657949588358157
-0.0327797780962801 0.359874932669371 0.0637738083271354 -0.0984318784219867
0.104594674344089 0.320523812371014 0.0182225267961064 -0.297715462916432
0.228162700148867 0.243288498788919 -0.116259947211775 -0.337887741655237
0.27920181504119 0.118159336813877 -0.220684531902253 -0.254334815234643
0.278828031439641 -0.00257234581533548 -0.2335992448751 -0.132482471453766
0.239482512476228 -0.099315668058382 -0.190942528130558 -0.0468389091113543
0.204845648190366 -0.111802902548955 -0.138724066254263 0.0205214325490267
0.195512004921557 -0.149743308941758 -0.053422177506629 0.0753175786843733
0.266782425181869 -0.126601665424052 0.0179567697512523 0.131023902696907
0.309113705316794 -0.0320528097609554 0.0552864512546536 0.187468335696435
0.348957543133997 0.0880180094569277 0.0173075663024626 0.276381649151208
0.279966562337126 0.242658561740203 -0.0781922813084151 0.307206440792552
0.119830374282651 0.369228619862133 -0.095207427220936 0.174416370106162
0.00712293218840591 0.457384348057074 0.0229943143078561 0.0622989205475631
-0.0964284478882623 0.400120711931731 -0.131089171603295 -0.0886971202209535
-0.0386521594434798 0.430858510609323 0.0924036922343067 -0.208199801756728
0.146907611207236 0.397206487207612 0.0269971649956155 -0.336474994504513
0.30391712659426 0.278476753314944 -0.0970569876820144 -0.325890428537045
0.33878421582261 0.118726063948889 -0.143287835466427 -0.22622418959322
0.319703382544479 -0.00904974617566121 -0.129023985496381 -0.135878028646871
0.267335176160788 -0.107098485711867 -0.0849760528916299 -0.0820055575886015
0.227559730741397 -0.111914844204408 -0.0421882434601827 -0.0327548243054664
0.221113459198719 -0.136106512712511 0.0370783012832226 0.0188069338028595
0.291713674935621 -0.0979071164120659 0.103255578315299 0.0814827775700442
0.327139595168435 0.00671447489216619 0.131623392955668 0.157005204182091
0.358241017625825 0.136320380995861 0.06188981014423 0.259763183707627
0.26964569315172 0.289516488027323 -0.0731166342437823 0.278030463672965
0.0795885788181705 0.408948034546519 -0.108577335647543 0.0987383578702447
-0.0412277057158888 0.474740001752298 0.0503279416606025 -0.0796019567352627
-0.103297275169712 0.363755504880443 -0.070057433444868 -0.241397496867116
-0.0369549066320837 0.420889482249382 0.0976040810393419 -0.313181708651598
0.15938262162954 0.393982167029101 0.0322893276047222 -0.354461531375981
0.316681716955852 0.25926764618878 -0.0594228433619543 -0.297182020660742
0.329038329368684 0.0986389365373038 -0.0464243661019143 -0.203011349537911
0.303454319049717 -0.0146330999524869 -0.0169398074399407 -0.15210317431206
0.25202186767702 -0.0979181705327382 0.0224943820946586 -0.120995134167134
0.214005089063147 -0.0936415522357247 0.0583811663901777 -0.0787915328409908
0.216895541302441 -0.100745822236937 0.135382052780631 -0.0229735422900446
0.276932704619501 -0.0462542246050688 0.19111761047493 0.0532103412434338
0.297200752433755 0.0581438855443095 0.201058472675798 0.147290565409573
0.305906838385847 0.181401893493265 0.0937756525147533 0.249778108847518
0.200979491611851 0.308352547164582 -0.0650436649606343 0.239323900074286
0.0072512570161575 0.395462258103194 -0.0998643220029813 0.0267510353894419
-0.0970601651510761 0.422952636815243 0.0938649249474302 -0.199380651323285
-0.0986438056005325 0.262075009258176 -0.0174157050454326 -0.363077173040387
-0.038375489884101 0.328811259048422 0.0829580721882112 -0.386520882187016
0.129716406030498 0.310695138818248 0.0385939263585738 -0.350942848578556
0.254827703657031 0.192606581220787 -0.0124828104127975 -0.268494803489192
0.249417795566117 0.0687805789668307 0.0422914840674754 -0.193640691670477
0.231978165765036 -0.0100334955678591 0.0765427301290311 -0.176378643710943
0.196184827798709 -0.0684800860227065 0.113215591575637 -0.15683387967342
0.168585816119787 -0.0612014332657569 0.148322413670323 -0.109958385434859
0.178673492811391 -0.0544844433836056 0.225776105248796 -0.0426537633459127
0.220255519096486 0.00235674015331605 0.270322951794075 0.0573018471024955
0.22445355851498 0.0908711621737844 0.253989768294377 0.167163418026585
0.212035429746565 0.192105612228063 0.111651895330717 0.25299654563958
0.106497131779571 0.280493021036698 -0.0484452171972246 0.203675808144043
-0.0634872799552052 0.324508321992565 -0.0648847567603337 -0.0245406491649677
-0.135733239677532 0.311459715896862 0.150219271161243 -0.279385606781655
-0.0900490665063054 0.11192385668761 0.0211700500365825 -0.430713500141855
-0.05087112222227 0.180256744529494 0.0599477868924458 -0.413089522207052
0.0614070816653748 0.176806660637602 0.0517400605245013 -0.337126271516652
0.135193182744125 0.104652486789605 0.0304937355893181 -0.256158447744927
0.120733587458303 0.0434346439140583 0.096899369542545 -0.201782053182837
0.122176733802828 0.0111080781802877 0.128360380631492 -0.201736713759537
0.113028175805825 -0.0221753607388054 0.169557147226414 -0.178557586132537
0.0979248718767002 -0.0214291316008038 0.212858051581017 -0.123041862745831
0.108935906786444 -0.0133618669158537 0.293516247593275 -0.0391761989192289
0.129176248390786 0.0260303893384965 0.328484994490653 0.084463373748769
0.129831906151743 0.0796271987244263 0.28532914050737 0.206156654676449
0.115083994701868 0.143992408702419 0.120559075716604 0.268873319939843
0.0292859684010312 0.2008136850048 -0.0232561210771895 0.184523449963578
-0.095547789972303 0.212414387420605 -0.0188069106615943 -0.0420975584211836
-0.136686187245254 0.162998938203284 0.20224611656035 -0.311461525636668
0.0798247787666024 0.00124161993377158 -0.159228297551343 0.35424296136916
0.0513716450195937 -0.075799778816102 0.0410899958325678 0.0988439213545379
-0.0174619662524967 -0.0957867684259843 0.0295595444273874 -0.179252265779915
-0.0518073517951873 -0.0441656281062527 -0.108009978215377 -0.292766698298177
-0.0368703629872106 -0.0247331771390017 -0.316540285958891 -0.247611575763215
-0.0289744788967843 -0.0263889479019177 -0.375912063439024 -0.0872093047651032
-0.0231495746948192 -0.0262115354725962 -0.327154960581039 0.060162154504404
-0.0144059664747328 -0.0249720043219897 -0.258735309886218 0.16205098634666
-0.0180274434739589 -0.0420283962074722 -0.176197684337742 0.215516381776615
-0.00461873648416664 -0.055529679131684 -0.116450231546264 0.247153119884961
0.00957588290482299 -0.0451538803688643 -0.084994351565234 0.247249208782293
0.013019568441905 -0.0499981779804691 -0.0649748815877924 0.279371417568765
0.0325778858771515 -0.0524489592764951 -0.0513602424121569 0.338001894791636
0.0709568158672554 -0.0186473750780137 -0.0427066212704136 0.357135381501901
0.0813686684659252 0.0362518567285425 -0.004450238851873 0.398464646214649
0.0440956044286993 0.146634368961741 -0.201801944160563 0.309153253972917
0.0344422998987875 0.0752608989267213 0.0174436972407096 0.0600709497294072
0.0267575411354673 0.0370919773070871 0.000849192884555983 -0.20031027083719
0.038939102946463 0.0493593326026434 -0.126951141096366 -0.299845436011745
0.0755846494196212 0.0238139357248992 -0.309524609530522 -0.253765482101531
0.0827966339181654 -0.0252879715962417 -0.362919062128558 -0.0997133667403074
0.0734470303181657 -0.0653658076859459 -0.320009004923396 0.0379982338599048
0.0692990430622747 -0.0721374631998711 -0.250128513045478 0.137293889427637
0.0619439685882935 -0.102445495692549 -0.159017156521634 0.191849356522117
0.104889081385319 -0.104026713762175 -0.0912345469843956 0.228561431559393
0.136936053000642 -0.0548077606008801 -0.0581397224340881 0.241940050778259
0.15793787740426 -0.00240802355775434 -0.0454596334244534 0.282814960405074
0.142918743717748 0.0624046651955345 -0.0529413185836873 0.329479642446989
0.109885994527662 0.139006948615548 -0.0369014329592789 0.308567249406417
0.0804630786950069 0.214460908588713 0.0114161475513723 0.32150257565689
-0.000203065758387026 0.274832385457517 -0.205847628110351 0.215488499282914
0.0123735801730739 0.227785597843288 0.0284002372926424 -0.00784935576501225
0.0755466997385554 0.1780309421988 -0.0101764018741758 -0.242845769544027
0.140814834190785 0.142805514618598 -0.142813270650725 -0.313142822480328
0.187648968925105 0.0660499235165349 -0.288744331606462 -0.244297227308766
0.18912194420728 -0.0236952813335488 -0.318207782823463 -0.104697646499442
0.161594123426598 -0.0979067159464457 -0.272538093760517 0.00981208022816489
0.141641865697845 -0.109001873597972 -0.205604200799265 0.0928909204607549
0.12886755916212 -0.147282979072567 -0.112554781410077 0.144145533305547
0.190894601667991 -0.142212180578304 -0.0382024363296326 0.186677178312871
0.236801146332008 -0.067493802656563 0.0006083443597842 0.218750327523555
0.277761038246332 0.0246702667104499 -0.00367318021470385 0.28053626943435
0.241487644042849 0.146367119427145 -0.0484497338834218 0.322548524837869
0.145020535221631 0.264486739011577 -0.0497346950218391 0.248057157472092
0.074826220025157 0.3578104268756 0.0205774101732304 0.202075776970958
-0.0364958383640917 0.365086571575073 -0.177389438709923 0.0824901897394233
0.00277389071420997 0.355843728921736 0.0550573506432169 -0.101593960383202
0.134089638366415 0.301426338840646 -0.00629224685853927 -0.291689577871399
0.248016253138397 0.212766835517054 -0.143302348765729 -0.318358440382297
0.285522768656303 0.085065453569612 -0.240789544270918 -0.227061994011156
0.272146960377227 -0.0304828907137323 -0.241313056075249 -0.108692701317533
0.225390838342799 -0.121158581830087 -0.192928726123794 -0.0266737397227059
0.191670220438914 -0.130592770250295 -0.133672881778564 0.0354787711834761
0.177902646946989 -0.165646063326753 -0.0449393919340408 0.0811640857626234
0.249025219737321 -0.15071056780695 0.0302743550317536 0.128645116105816
0.300398075867636 -0.0609690565341982 0.0701686030530172 0.180495539516026
0.351335759325285 0.0528668846574548 0.0437117786512547 0.266378585009725
0.297035900532984 0.208277464173511 -0.0444529201838061 0.307467811491445
0.152120744618448 0.351224026099903 -0.0748020238338365 0.180077971258656
0.0511753948409595 0.443825086454887 0.0271558426355162 0.0614208349024951
-0.0569941734818167 0.400253157743774 -0.13366907163487 -0.0749447092870122
0.0043155443511692 0.425286175304546 0.073787366831338 -0.211499935081112
0.182921216472884 0.372718489357519 -0.00145279240917965 -0.330476908281334
0.32434151049989 0.240622940904568 -0.123084170772761 -0.307794112579249
0.342592883353761 0.0806536403131114 -0.161828364299363 -0.20754435407484
0.311966161185422 -0.0417452126658358 -0.139525745960632 -0.122704987640172
0.251620698277223 -0.130908813832037 -0.0929739056543873 -0.0723884844301975
0.211718022650717 -0.131969537856119 -0.0448640141888217 -0.0261358054150627
0.204163467344421 -0.154939976787042 0.0384733815226911 0.0167049446504647
0.276400688619645 -0.124482921767844 0.109286380261229 0.0712889023938783
0.322302923703125 -0.0263607801883354 0.142876482724869 0.142860966445815
0.36567522789878 0.0979167743382529 0.0856482999894859 0.246379930468076
0.29122128433484 0.254486686851017 -0.0422488604434217 0.278833386337563
0.116627805875171 0.393282043310365 -0.0952157838065591 0.10648186518608
0.00523260936841372 0.46536405649596 0.0411074071872692 -0.0805630767619161
-0.0663363196725695 0.36616102719166 -0.0880803295898114 -0.231150459042344
0.00519250275402205 0.4146816810159 0.0696093095696885 -0.314319398107673
0.194234295213779 0.367934309888734 0.00247661218202202 -0.347722146337124
0.335173128848254 0.219792872538619 -0.0837546610343907 -0.28332598029281
0.3316973154115 0.0622624693567171 -0.0648480587941926 -0.194920303341939
0.295701016704161 -0.0456984092292393 -0.0314799586714803 -0.149683161709102
0.237510250971597 -0.120770689994866 0.00889937204957093 -0.121885862329936
0.200111507443845 -0.112380567084383 0.0482436718153841 -0.0820684054208958
0.202833090368512 -0.119384972346281 0.129164098264894 -0.0351010098199291
0.266973117526262 -0.0725626762041268 0.192273115547646 0.0349025751278122
0.29822552179955 0.0263349557858666 0.210009610296865 0.126205260736227
0.317918030573968 0.146715958307845 0.115313686696373 0.234088341227335
0.225228938596208 0.279920266242166 -0.0395608708931365 0.240708694124092
0.0438980346173442 0.38638704304566 -0.0932793171288608 0.0361920747341012
-0.0523207482498397 0.418957846664682 0.0722125658787553 -0.202399297642986
-0.0702716414455554 0.265716073513742 -0.0488514237025191 -0.356340283590774
-0.00593917616992934 0.324478087269209 0.0481763976523081 -0.386067367057284
0.157394420845233 0.289085075058015 0.00716976582422392 -0.344840515627692
0.267931430552587 0.161358387250177 -0.0354030073076328 -0.258686628191038
0.251338671747442 0.0415769001190061 0.0234209803470951 -0.194155814155892
0.226365123133339 -0.034185496933848 0.0583627806439871 -0.182658087465912
0.185578414905872 -0.0862136944943384 0.0938825996525861 -0.166093132624473
0.159262410650653 -0.0762482277960773 0.133330971955731 -0.122381896760053
0.169508599629839 -0.0710659681527278 0.216387658824689 -0.0627669632332269
0.216042429916987 -0.0190476820645038 0.270441820084401 0.0292421972787755
0.229745014092559 0.0662836888385503 0.264250647962244 0.1408338676967
0.226721605041285 0.165576374934263 0.133391947938627 0.236241279778062
0.130527416301799 0.261959538365005 -0.0267314052090031 0.204982697480653
-0.0305643417264416 0.323836083476105 -0.0644962749308686 -0.0169445937555239
-0.101217410740928 0.313676825569027 0.119149205864043 -0.286232989281999
-0.0764418762355489 0.117524447987125 -0.0188105875445388 -0.425891305086826
-0.0328823059716082 0.17993405426613 0.0234960739690875 -0.40999089917456
0.0771876432747321 0.165777764895579 0.0210234728928316 -0.333137718598519
0.142893319274408 0.0869188231281431 0.00670695811021299 -0.251658853326639
0.12280653338985 0.0297111344931697 0.0766540631975455 -0.207689040973351
0.121114838599579 -0.00209707515592884 0.106289672493913 -0.212736546292596
0.108462158843051 -0.0331746377988716 0.147232998462005 -0.193581664988058
0.0930893264490687 -0.0298395750622048 0.195756243445011 -0.142326531162972
0.104869287441246 -0.0228633416825738 0.283456561031339 -0.067112606592857
0.128730266948507 0.0135540557576566 0.329943765362139 0.0498630932182051
0.135182989138497 0.0641890965536188 0.298474320438782 0.176536272696973
0.126458832767009 0.128845593859066 0.143676718474097 0.251392820325816
0.0468727614427739 0.192643889303198 -0.0047632633322048 0.182499225895905
-0.0727245321517582 0.215603013580747 -0.021601650236909 -0.0379016520317734
-0.115612485370207 0.168044516291981 0.166363036910813 -0.32201366172811
0.0757093951437659 -0.00263790593024498 -0.134641999084372 0.352880336159537
0.046252609278927 -0.07516227067406 0.0445251173610431 0.0922048829328876
-0.0221413108828967 -0.0907387201557907 0.0196896658728993 -0.177261802029793
-0.0528070927903824 -0.0403304913564914 -0.120043558863174 -0.279116860949628
-0.0368543529371799 -0.0217254001013144 -0.321804251525681 -0.220878340379972
-0.0295819376907369 -0.0232281284985879 -0.372382160207182 -0.0613509826845597
-0.0240599994162902 -0.0248058067892327 -0.314186231079914 0.0776889315202285
-0.0143819400968351 -0.0245000461045519 -0.239875987685768 0.174805802198442
-0.0196844595932751 -0.0404310856376481 -0.15614301989032 0.222553639253704
-0.00698304412714466 -0.0536465276449605 -0.099743278257744 0.248194274589341
0.00724968395450152 -0.0440335218562205 -0.0698609300937628 0.24543945195026
0.00913841944564607 -0.0491224528687931 -0.0470448260508991 0.275425085221463
0.0294168192675224 -0.0527933616642658 -0.0311161719535404 0.328144465886696
0.0692350132517267 -0.0205309198270545 -0.0227921684169795 0.346550945293256
0.0808130698739437 0.0306545839009068 0.0161425983026988 0.389712039740131
0.0493871995809671 0.140943923620835 -0.17711644341819 0.31141501968821
0.0385957748345682 0.0724898469887036 0.0205888905714654 0.0576909343296639
0.0289945489831422 0.034225885384531 -0.00849662178889162 -0.195644152362513
0.0408640108736271 0.0442213239452807 -0.138687946230305 -0.285072066189994
0.0756461703983393 0.0175244517144377 -0.316008296809283 -0.227667978131667
0.0795671860467096 -0.0290782207968267 -0.359482832656642 -0.0756852307342483
0.0673341396201606 -0.0688263455485639 -0.308800512303155 0.0571420198878117
0.0636740220849522 -0.0755428897101475 -0.232430751706993 0.150038307758026
0.0550072556263503 -0.103754614853334 -0.141195878214483 0.198882308870871
0.0962653706654903 -0.107579599601963 -0.075324228733546 0.229356815425863
0.130519593160292 -0.0607862222459633 -0.04360073284472 0.239720533483749
0.153755912101794 -0.0112545382726383 -0.0287978457533989 0.276857680747372
0.142230379048368 0.0509605114119312 -0.0317754446000086 0.320784643186248
0.114717362031196 0.130051230998879 -0.0195472193831346 0.299721479831335
0.0893406964574801 0.203532036671533 0.027777652519194 0.315068277062834
0.0141090865249748 0.267355442686156 -0.185147917347699 0.221405801604298
0.0262500458048942 0.221657637262564 0.0279842446720376 -0.00909112871214643
0.0843426973733991 0.167793812724105 -0.0198478884458208 -0.236020011312832
0.145206160256296 0.128365974361388 -0.153385423036435 -0.296130214222265
0.186578285162889 0.050959689202138 -0.295812689905492 -0.220554471239475
0.182068573602078 -0.0346180197949587 -0.316135831390558 -0.0838783181700872
0.151104220683843 -0.105538682554048 -0.265580042140504 0.0264534274231448
0.131364953187011 -0.116011475741154 -0.19263395083925 0.104896326959916
0.117175117156025 -0.151320576524225 -0.0991751184663125 0.149650636491639
0.178043585090539 -0.15047808265701 -0.0262996327214979 0.185111863457886
0.227111342138035 -0.0803201866026738 0.0126970050535523 0.2148547727449
0.272105167417705 0.00747460682844904 0.012066815448551 0.271348204017353
0.242806506657949 0.125936231853432 -0.0270862489122338 0.315051830687312
0.156006433920055 0.250300825892753 -0.0334266155748944 0.242020501665971
0.0916843005608889 0.34129276488157 0.0310337739879996 0.198552738379381
-0.0156887091748491 0.357569722534244 -0.16475178789372 0.0903829450466515
0.0237880798440148 0.345821599006524 0.0498913028969533 -0.101744409775438
0.148159558341693 0.283339455396562 -0.0187457154325027 -0.283060996657494
0.252512313857606 0.189735331611687 -0.154061077143873 -0.300496539775351
0.283359171807533 0.0636432397796764 -0.248145603999584 -0.205930146179656
0.262636958590418 -0.0467884473915972 -0.240975012977306 -0.0930603916406467
0.211550845198733 -0.132590739036487 -0.189675244823724 -0.0143546070407629
0.179225365988391 -0.138962961788513 -0.126489761365062 0.0437021013001029
0.163079377921138 -0.171663341256942 -0.0376952926326245 0.0839322256858678
0.233968464810979 -0.161625628854001 0.0376225697087932 0.124149780506083
0.289163666256779 -0.0784727590371731 0.0783846593299875 0.174012344226317
0.345750143718289 0.030007612768875 0.0569734521849778 0.255621323060461
0.300723275284269 0.182544426393181 -0.024936872164276 0.300859429388065
0.167233280059904 0.333688376305038 -0.060959149245908 0.1776755043247
0.0750119541357776 0.426030602607626 0.0291448812398436 0.0600726068457047
-0.0334419763767311 0.391957688350045 -0.130454887186143 -0.0661389189620679
0.0296083817939081 0.413402042133212 0.0623931117502581 -0.209076121967419
0.199932545129185 0.349160952531916 -0.0164804015231212 -0.319968027777565
0.328799123338969 0.211406077227189 -0.134202734002563 -0.290237360091045
0.337420108581696 0.0552930496632887 -0.170613816572784 -0.191583858546789
0.300403736292749 -0.0608859875652009 -0.143811325903443 -0.11275546734228
0.236508067689829 -0.143934623727682 -0.0962720725604305 -0.065079736176336
0.198465136872525 -0.141711798097094 -0.0447575046448207 -0.0217964935764881
0.188574717603403 -0.162884421873646 0.0395120134961654 0.0161443627369279
0.261957076668202 -0.137794418357011 0.111069381188584 0.0633529437583699
0.311934877248786 -0.0455380468846058 0.146921006767594 0.133417981960952
0.361466990122558 0.0727862749386445 0.096405763108574 0.233201081673538
0.297536622849833 0.228821340861163 -0.0237069632759046 0.273120066212264
0.135185275521687 0.375966936131733 -0.0843294856286137 0.10860308402617
0.0318671742318133 0.44734094960751 0.0343858366117987 -0.0787108552980208
-0.0429198669145734 0.359425688337983 -0.0952608735048046 -0.221277737894337
0.0288644226978266 0.402291750475341 0.0528701746482712 -0.309695422174199
0.21024446305931 0.343329886606986 -0.0133770948304502 -0.336733240911152
0.337660084584676 0.191772814311344 -0.0946912441309182 -0.269294350711389
0.325917443871548 0.0386709309853014 -0.0750529231035686 -0.185090493597528
0.284373184446613 -0.0636943396621418 -0.0397078091159324 -0.145246707558927
0.223426426258184 -0.132135951270209 7.9069446872401E-05 -0.119843264562718
0.188389586861696 -0.12108906446796 0.0424421471069531 -0.0815984837088941
0.189638582716362 -0.12792739848254 0.124469146424161 -0.0401073754765536
0.25494119954455 -0.0865002435322581 0.189853934077569 0.0225512362650815
0.291828713170172 0.00695688910774742 0.210968240259152 0.112793871035932
0.318002256052711 0.12209820380531 0.12529974678907 0.219441399566321
0.234466694207685 0.257535946022745 -0.0224177480700356 0.23596658575612
0.0646847624971721 0.372607084657828 -0.0867134596273383 0.0408229700814498
-0.0265099929329463 0.406237771774924 0.0568213848149722 -0.199571496265823
-0.0515891311473083 0.262241095609664 -0.0650550332029887 -0.34668976998649
0.0131587238293765 0.31419193633974 0.0290631338387151 -0.377352179316202
0.169429138376729 0.26997035997626 -0.00859477055226696 -0.333807805977686
0.26963335010534 0.138236601364768 -0.0463286083548231 -0.248113934338269
0.2465359499337 0.0237287771897825 0.0112277417210038 -0.190376267368498
0.217793986064723 -0.0471171026936167 0.0451965856745139 -0.182599266680171
0.174717243771779 -0.0956897132880903 0.0799634010499451 -0.16831740295188
0.149756586414571 -0.0828500258430127 0.121225813948982 -0.126791099815207
0.160048677185556 -0.0796175673507048 0.206765578356997 -0.0732125795781898
0.208584199446527 -0.031023229385238 0.265822632823171 0.0116888012807573
0.227694359420418 0.049543690589683 0.264512953846734 0.123480561604749
0.230469000097838 0.14646675538539 0.143936567484355 0.221519440695803
0.140784739482636 0.245546828954693 -0.013413325409458 0.200939870368332
-0.0109642449198193 0.31531645348745 -0.0624860351954018 -0.0118970551900888
-0.0788582599719586 0.306947238576214 0.0981241372919735 -0.284094423926125
-0.0657796450041874 0.118477113755569 -0.041096413427412 -0.41665584708562
-0.0207353539352712 0.176155742777856 0.00417960099417156 -0.399470519350827
0.0849238557204869 0.154776180488903 0.00372249092710226 -0.323076150659331
0.143149851005127 0.0736409505408049 -0.005739318791118 -0.243081454819805
0.121659846558409 0.0205579166510416 0.0625663827520462 -0.207335749321718
0.117469620365437 -0.00979722940266524 0.0909676040671168 -0.214642323813476
0.102654259849227 -0.0387177624342403 0.130027589004388 -0.199081091375629
0.0881252605572088 -0.0338525987659574 0.180147753541449 -0.15074342567096
0.0999616952315414 -0.0283864973944148 0.272231397365889 -0.0819148856952267
0.125840826340093 0.00601814707080224 0.324298558220599 0.0272801643493709
0.135119085538025 0.0528445781400427 0.300425257380306 0.155564021223068
0.129951486739487 0.116517673448095 0.153989076811086 0.235791991035228
0.0554370538612415 0.1842016902441 0.00613672923294963 0.17826279313899
-0.057710892441512 0.211894541387339 -0.0227953902975274 -0.0346960317215777
-0.101274627755415 0.166290345112579 0.14248499770722 -0.321394558363007
0.0736189621641405 -0.00468640127695098 -0.121084706730973 0.354729505224954
0.0443650097053771 -0.075251029817 0.0475704790887596 0.0898695306782281
-0.0244696005977861 -0.0885356703821063 0.0147099184570135 -0.178216677675928
-0.0534012499600632 -0.0378269316071926 -0.127213778904437 -0.275184695864007
-0.0362257508313526 -0.0201430944742293 -0.326497366127677 -0.207140917060086
-0.029491222336032 -0.0213308919077624 -0.372137198807268 -0.0478035166195079
-0.0255506073149122 -0.0242745325775331 -0.308702340717431 0.0880755543207832
-0.0145146815543989 -0.0251973596724863 -0.230205498868376 0.183315780590543
-0.0201470803220117 -0.0401862053192074 -0.145792757113847 0.228987736578488
-0.00804140968170522 -0.0530485429971508 -0.0904263951023941 0.250410416653228
0.00605505011503092 -0.0429545955260467 -0.0626631427646691 0.246115227399288
0.00747195590011864 -0.0485133401525637 -0.0389842253471772 0.274440377066642
0.0271276718165138 -0.0534266063154429 -0.0204696087537772 0.32283501433947
0.0691976569863816 -0.0216883382862116 -0.0146739268122913 0.34284924668447
0.0796177375802364 0.0282286751369858 0.0274644216752986 0.390142663140409
0.0522658822903201 0.138275659250751 -0.163823744951679 0.3149531986112
0.0419684640214288 0.071284793871793 0.022973902685138 0.0560317523232252
0.0307076689305732 0.0329581195877895 -0.0141076436247692 -0.194810957286689
0.0422030450172045 0.0419021136754483 -0.145311403875574 -0.279476747039687
0.0762855775945365 0.0137914869781231 -0.320682034187139 -0.213304393431342
0.0783287387051167 -0.0316188124776599 -0.359477593970512 -0.0620278834925645
0.0635068422911088 -0.0711939786151852 -0.303808050488122 0.0677090103245838
0.0612246595953214 -0.0784397285563352 -0.223651678610403 0.158716304365747
0.0512337031624672 -0.105617859257758 -0.131963519056869 0.204608195749433
0.093244183618916 -0.110841150044333 -0.0672315416063593 0.230926289306565
0.127627412164847 -0.064796759864574 -0.0358749151768493 0.24060718808047
0.151855334255371 -0.0157755248986044 -0.019957299871521 0.274924525410438
0.142268267225587 0.0448222176390939 -0.0202187951247928 0.317687132809994
0.118647944899819 0.126661868437469 -0.0100693166937762 0.295820416747352
0.0939223253567042 0.19827946227378 0.036819663877762 0.315331648528141
0.0215180955352826 0.265723184215179 -0.173805327406575 0.225654032961621
0.0339872513020361 0.219593556468319 0.0289869350442014 -0.00959877668757527
0.0905030212391461 0.162311613538119 -0.0253814178138119 -0.234211187082103
0.14779274337333 0.120388713893938 -0.15972046642009 -0.288461529828673
0.186552607255236 0.0418214109612761 -0.300331676254233 -0.206978740063067
0.179789454848438 -0.0416862574517653 -0.316684170225911 -0.0717099874413114
0.145843820992645 -0.11113994930951 -0.262097637613425 0.0359506766720932
0.127063223145897 -0.121316249755403 -0.185789220581481 0.111810897055031
0.111299112211457 -0.154571714316886 -0.0915217877591362 0.154561719199963
0.171812712062336 -0.155993710443499 -0.0194154430533588 0.185440990167315
0.22260739869982 -0.0872386086319026 0.0192095374771008 0.214947325760777
0.270612999484907 -0.00187114973511583 0.0196255611353599 0.268359454004026
0.244741387554694 0.115729123638785 -0.0146555013011575 0.311362471462972
0.162560999234896 0.244089097802589 -0.0258512061653349 0.240163399162701
0.101003287979115 0.333769732234408 0.0358587334458596 0.198620771867515
-0.00412489914547403 0.35569835097932 -0.15739359101583 0.0944430949650164
0.0357240763027724 0.342285333788704 0.0480912642802211 -0.10150765623283
0.157392411504799 0.274202537678166 -0.0240845316120419 -0.279668570344298
0.256263746539494 0.176828701639745 -0.159946633508807 -0.292566012415763
0.282463917319647 0.0505221036872928 -0.252752241473467 -0.194851930919644
0.259207025087108 -0.0569372061167355 -0.24308778736806 -0.0843328079869911
0.204794236382422 -0.139662124582438 -0.189423577638301 -0.00746130943763127
0.172966835295086 -0.145790935280176 -0.122662784920843 0.0487719712505692
0.156454103424003 -0.176953428465616 -0.0326861088280321 0.0868398595093846
0.227141706663408 -0.170333221659961 0.0423109704867491 0.123103540525988
0.284389330697304 -0.0882290397320259 0.0840680630345401 0.171951374136218
0.344550891351814 0.0167834173902068 0.0640870571331005 0.249424716607115
0.303072371536987 0.169558438783188 -0.0129031696192801 0.297511055644583
0.177188137858697 0.326518812053905 -0.0537859420496681 0.177126410442536
0.0871705582451736 0.417479530211591 0.0296498164146265 0.0606908242827917
-0.0191460511942738 0.390377317360977 -0.128160626645631 -0.0625339029276924
0.0428780578150591 0.408343636913315 0.0576153541555887 -0.208567415333536
0.209782252529816 0.336676395597127 -0.021917419938228 -0.316584427964299
0.332416549354476 0.196610755118803 -0.138982651575089 -0.28289158294927
0.336268573019341 0.0412340649037238 -0.175149806008309 -0.182859637245431
0.29523776028317 -0.0720348362705963 -0.145936401742327 -0.107752552200056
0.229424381195987 -0.152099778219713 -0.0988472704479574 -0.0609638161147657
0.192249251297404 -0.14710938268573 -0.043860736587515 -0.0193322360085202
0.181329662944386 -0.168620834700951 0.0410310630311309 0.0159893977140416
0.255298773375927 -0.147285900519879 0.113181147645891 0.0594204305521343
0.308479907838584 -0.0570778516533018 0.150402621475446 0.130079905745837
0.36177842771454 0.0577347533365201 0.102635055545275 0.226784173338396
0.302161159937259 0.216058624528292 -0.0126563896103742 0.270883951377146
0.146457386628284 0.36921331326061 -0.0783361821636396 0.110079882724659
0.0456577937522752 0.439512550899399 0.0305149413073512 -0.0773146632631895
-0.0300021705345701 0.358128855004524 -0.0989039478170887 -0.218060979856122
0.0424243776228486 0.397859556136479 0.0449270180244408 -0.308297269245373
0.219762277115786 0.33053507804477 -0.0206976965653379 -0.332848653637533
0.340291628242891 0.175546349007584 -0.0997201324262719 -0.261649933245822
0.323491018081887 0.0252963240751349 -0.0801317504252394 -0.179803319076708
0.27943514828593 -0.0745877004173925 -0.0443842150495412 -0.143563131684117
0.217219987094393 -0.139729979855998 -0.00603294499822872 -0.119353979933768
0.182498773312129 -0.126723505265189 0.039444590315585 -0.0822649352168154
0.183248542977288 -0.133888353921414 0.122700591653975 -0.0431460235706675
0.251078775107025 -0.0951142356330827 0.189904538036536 0.0151578053479523
0.289619884354567 -0.0050816116343043 0.213784109213962 0.107154503767891
0.321045327158989 0.108541864863804 0.131271091038834 0.212890893011856
0.239534727490483 0.246021613357379 -0.0125711767369335 0.23508738894678
0.0761431785892223 0.36818860062136 -0.0836480792599107 0.0434688484318831
-0.0130600029112247 0.399088120204674 0.0488412152835332 -0.198548276004089
-0.0417084386157019 0.261413836269153 -0.0743052134742552 -0.343984161648502
0.0239402671016018 0.310803071608503 0.0186736232781386 -0.375604400142183
0.177120766200576 0.259502308898781 -0.016403703479699 -0.329822589930269
0.271465186702785 0.12547448901777 -0.0520927545215565 -0.242386910779515
0.245318573914818 0.0133399506722278 0.00501574508441759 -0.188682902654949
0.214135395912961 -0.0556048995161727 0.038586797469533 -0.184078024215238
0.169995563320352 -0.101524292476747 0.0721320368829778 -0.171696286350362
0.145730066455106 -0.0867083090757331 0.115498778087922 -0.130302335158663
0.155138205281775 -0.0842923414274169 0.20336459154254 -0.0800894007654328
0.206963286928343 -0.038567979378737 0.263946989367804 0.00155322619657086
0.227346307638052 0.0386221071233308 0.265815976416239 0.11591207211643
0.232932809694971 0.13576681618606 0.150547172225223 0.214065289335649
0.146617100782671 0.238287493432118 -0.00516303292440621 0.199849678816308
-0.000254996156095861 0.312671585551123 -0.0611961856506324 -0.009004561010487
-0.0680117984905023 0.302070100156491 0.0864811976299694 -0.283952334218797
-0.0597361113624311 0.119170524176836 -0.053032919748874 -0.415253399238299
-0.0147429661883684 0.17461417893008 -0.00710238371360911 -0.397284905630831
0.0894852845876437 0.14910489018623 -0.00447794581044942 -0.319370039528452
0.143848703227246 0.0665010355703815 -0.0119177457104352 -0.239059606945889
0.121576375299094 0.0160920849647253 0.0552221955139551 -0.207480247978147
0.115836471797982 -0.0154481661877234 0.082169717429328 -0.217303829306131
0.0999418713014053 -0.0417618315409047 0.120594296712319 -0.204449298962299
0.0859257876722894 -0.0354700650637791 0.173111674122467 -0.156502745399632
0.0971433578021712 -0.0315664614916011 0.266986300974358 -0.0919121612585637
0.125562778722639 0.00201332060134212 0.323040994870183 0.0149113434191708
0.135047449542055 0.0465132876905125 0.302741327239615 0.145810621697587
0.132074320372108 0.109919705899516 0.160322783500214 0.228589894987558
0.0603761028207422 0.180376932545218 0.0116110521871212 0.17659933724333
-0.0505142323548044 0.210578129700591 -0.0232329372597234 -0.0325052487392179
-0.0945604734323301 0.164999002014228 0.128260694595814 -0.322807377800508
0.0705630754022176 -0.0372504865105503 0.052678657085349 0.375767256053763
0.00869957126931504 -0.0886527793559446 0.0829046825168814 0.0578711369789517
-0.0614238854271068 -0.0672420048110218 -0.0741221904736336 -0.168828047216062
-0.0652276740478434 -0.0056303643995682 -0.247484290613476 -0.192054210800889
-0.0394812617500562 0.00349218808613798 -0.393003551773581 -0.0313189027843783
-0.0335343758086294 -0.00341682705018103 -0.359266833770414 0.132588246941097
-0.0351285883243664 -0.0108061658534842 -0.240537952878958 0.225332254488737
-0.0232065927964692 -0.0193768858290155 -0.120002725842519 0.275247686624685
-0.0373356667987834 -0.028154747015146 -0.0208002001331585 0.276094381463569
-0.0305343426663265 -0.0449539312775671 0.0370241203249059 0.269405347547693
-0.0125374670810427 -0.0410757835387886 0.0586662090840283 0.25206112010457
-0.0156725488213436 -0.0425553570867134 0.0937136033927536 0.26568460520665
-0.000348626774765024 -0.0582860213566348 0.13118693062635 0.297908059232674
0.0538129975499292 -0.0471506661584113 0.140765833116082 0.32057453889506
0.0882829073171449 -0.00847436603943204 0.199769132887809 0.352756288548773
0.112017263487003 0.104382109979717 0.000185906003096135 0.36214525720612
0.0701941606610675 0.0456032420028044 0.0495316068784649 0.0394961681809196
0.0411574158382556 0.0183648289274387 -0.0988880033015173 -0.17166024416889
0.0541789851935467 0.0233161306613995 -0.258732473863937 -0.18826726438674
0.0757065392385941 -0.0166734283618087 -0.387911640407451 -0.0424775050944673
0.0585154690817065 -0.0615742005362242 -0.353350472600428 0.11080220160603
0.0245366709153239 -0.0931279619585411 -0.244264177940584 0.20109414149476
0.0241492207233352 -0.102423329114837 -0.12491069886526 0.250036847334496
-0.000485589110469548 -0.120459326325292 -0.017670207957574 0.248735844662756
0.0356648960717495 -0.144629525128631 0.0533184144747778 0.241521459574942
0.0911531027757316 -0.118007954764752 0.0829878092504426 0.239909504692311
0.131258271043985 -0.0803263045000401 0.114730843961315 0.266456498653484
0.151035380702574 -0.0200547142776309 0.127093836063574 0.298439796421709
0.168008069159195 0.0663079303952597 0.116768715613995 0.278899126688805
0.184333639807612 0.141401734329804 0.164709602611403 0.277770585339611
0.137339311347047 0.234041775169284 -0.0450176177459152 0.288129574542594
0.126559029342213 0.183446939851568 0.0292649666620395 -0.022257022772182
0.15059507199592 0.109420047059051 -0.119684811901369 -0.203697556572319
0.183052921146067 0.046433777023321 -0.268477647202686 -0.191347515270477
0.187153093829624 -0.0409849395297701 -0.362998263606855 -0.0509645513060897
0.145980344402379 -0.11669903142176 -0.317893171112049 0.078537669489248
0.0812799297172304 -0.166550190077942 -0.219103769919537 0.150359562149704
0.0662978657839117 -0.171038213335144 -0.111360644226898 0.18903733398603
0.0326935792631591 -0.192873303229963 -0.00374790297540265 0.184050175520483
0.0885764905154783 -0.222575602009415 0.0781833155552304 0.179502317723687
0.16900102379591 -0.183318089976165 0.123516257044353 0.195310751742217
0.245538228179984 -0.12394121165896 0.150474049331315 0.250015721312363
0.277470688485921 -0.000641722170826151 0.128294538492364 0.295836275242414
0.263526273878963 0.153234425295973 0.0720744943337402 0.237500682633791
0.257065081234563 0.262604322579055 0.103342479726196 0.170779381848637
0.151035335650122 0.328962661899489 -0.0862107148313365 0.162590914567641
0.180000460959072 0.293844808741131 0.00876615827544458 -0.114391472656814
0.258617726933514 0.182100858301484 -0.132643553894285 -0.246888575995682
0.303972003275391 0.0482602846377386 -0.264033358364639 -0.196901891986771
0.276145158678777 -0.0759516566225674 -0.312465183745458 -0.0660261985560602
0.209187388158108 -0.167328103551017 -0.256348569493859 0.0308032431142903
0.121333797673629 -0.218939657122521 -0.17241383497018 0.0747063116015006
0.0976830882963813 -0.213629234901573 -0.0841154337626613 0.102273278162457
0.0632513595489934 -0.233487182394945 0.018592377528516 0.0952003822966725
0.132292567918717 -0.261458151046847 0.105265198701028 0.094104654329944
0.225410988835668 -0.213294977524451 0.163453080893129 0.130009785008312
0.321839948545328 -0.142412267884615 0.1836180905526 0.218546263697839
0.356459117117507 0.0221873610789765 0.123686640521479 0.285200196214497
0.31433004086247 0.222039260121957 0.0153449585988219 0.194772095242496
0.284206729845633 0.345369918055258 0.0300822523619718 0.0457090577965823
0.149977992470935 0.367846673608078 -0.129195839990494 0.00670539749818296
0.214027973560124 0.352204734804807 -0.0309930869164766 -0.216312347428427
0.332166683594216 0.216410918996313 -0.143326894394824 -0.282262511516656
0.379062640237532 0.0307342005925939 -0.236738914919429 -0.19951849756769
0.319381962360101 -0.109503152617108 -0.236463515696093 -0.094509455500124
0.234760001021968 -0.198492929410818 -0.179277787400866 -0.0371182493204098
0.138713552583311 -0.241074300256126 -0.114298090746647 -0.0184189373472674
0.114051706999624 -0.222772094115096 -0.0454531554284002 0.00312590642221985
0.0914080220877916 -0.236914105929646 0.0510232113138056 -0.0033354529326484
0.16871427710529 -0.253399966339329 0.139527218479111 0.00377662090135971
0.261621062898469 -0.196363141019152 0.203410731045186 0.0619983495101516
0.356515398225609 -0.11354643141466 0.206513587210005 0.183009646794944
0.37558956925914 0.0647852662970881 0.110125689532685 0.261769747481993
0.305348900436756 0.274062517890541 -0.0396727642678269 0.143743639236903
0.255657412122611 0.385089997223188 -0.0329007662596429 -0.0844225613094547
0.125489888068405 0.343545373637082 -0.175702226742741 -0.149408517040801
0.207797533570157 0.343512215593656 -0.0882094585108206 -0.301738060885077
0.337814877227147 0.206191271752837 -0.149911493833708 -0.297362207003745
0.376140339563296 0.00863916141359483 -0.191463947198996 -0.199668059450122
0.300470283326972 -0.119045917324511 -0.150650671583187 -0.137298972094573
0.218050642381328 -0.194150618315111 -0.105415224558939 -0.117012571756438
0.133069594511261 -0.224382847439333 -0.0584196964994372 -0.114728555406663
0.113944370065419 -0.198880222164719 -0.000605724509689513 -0.093490208678526
0.108367390414511 -0.205657048957944 0.0956741522659374 -0.0954438958086599
0.188479117147337 -0.204547273763665 0.185785071349717 -0.0719364276620262
0.268408730250154 -0.13939295414173 0.246792782113956 0.0117088543878731
0.34218723015145 -0.0495178412783893 0.221238953424715 0.156296822675119
0.333649093078744 0.121222380016642 0.0916617457201366 0.227820539653982
0.24025185747831 0.303838277288037 -0.0736145419780318 0.0819315776572685
0.181559035602574 0.374341244606639 -0.0687394808971325 -0.206413573619402
0.0712502871172155 0.260415832245811 -0.214253079002713 -0.27771495888595
0.153001856575044 0.273767490939244 -0.14601955001826 -0.350703211847979
0.268526526368658 0.160615212102801 -0.14916190771816 -0.295416808243777
0.292786764811775 -0.00651497540941411 -0.14420393971951 -0.203055261558272
0.2238863891832 -0.0951806231494337 -0.0789457489165168 -0.182620423981116
0.166126415900179 -0.147891826688743 -0.0498847567613463 -0.191374019793614
0.107814858345909 -0.168921844467554 -0.0126599013150547 -0.196303914752238
0.096825940514233 -0.144687967801206 0.0447254023179679 -0.172717786669093
0.105909001578187 -0.147088657960993 0.148662466236617 -0.167703723277135
0.1743808911515 -0.13167831454367 0.244065866697697 -0.119806862728411
0.229411150485306 -0.0703845822581903 0.296111566081742 -0.00783522085578331
0.275894439493308 0.0159583780100938 0.234056498179476 0.144527022942146
0.244221919398444 0.156234915268903 0.08035130280143 0.190205357283564
0.143591223504678 0.287457391649048 -0.0742822579680408 0.0204693706817638
0.0837180219326253 0.309767847292321 -0.0670354799506504 -0.304206625365428
-0.00710219719819832 0.138820113337313 -0.233564626570325 -0.354403684437523
0.0588557547321548 0.167611273403927 -0.184940446379765 -0.35828048692931
0.141664327385073 0.0982445761864773 -0.140291746612203 -0.287960680865106
0.153407845105198 -0.00287258250632577 -0.112661573184868 -0.215253187092631
0.11381489943993 -0.0380493742540746 -0.0451378293789088 -0.219096311425535
0.0957700976023621 -0.0664708948583067 -0.026842518344523 -0.238852757616922
0.0712767737684856 -0.0830049856189415 0.0145938463729275 -0.24723329399712
0.0638518018161158 -0.0694738450476064 0.0821474559683815 -0.223300760153393
0.0757923914328514 -0.0718334568320316 0.199639049913733 -0.209449309827712
0.11745986037304 -0.0564616295354536 0.300028790554834 -0.135899490627891
0.147035378860377 -0.0198652301997005 0.341144339534433 -0.00329732059542464
0.172404439057352 0.0405111073297249 0.248305951849634 0.145641104212951
0.137780554962219 0.142298633232032 0.0855210268169239 0.158298993225168
0.0502776241955394 0.215153565524228 -0.04613539382053 -0.0201168033726517
-0.00795987175573768 0.194287398441082 -0.0382941656707201 -0.35959411850313
0.0698048643227487 -0.0413953882015152 0.07711445198831 0.384033962505955
0.00504779762149216 -0.0925934988412043 0.0888899228082643 0.05386828922234
-0.0661896037626571 -0.0657915169338453 -0.0858944753973528 -0.170777800943647
-0.0681481125820908 -0.00167836265577292 -0.266057864893525 -0.185457954265819
-0.0400921752391145 0.00485817775300793 -0.406602005087785 -0.00888776440100742
-0.0342585326570277 -0.00206049353468696 -0.363047697328877 0.1598576411026
-0.0369852946183492 -0.00848145438957892 -0.235158863696776 0.246240557680981
-0.0261793943605613 -0.0196253186697711 -0.105745966712038 0.291266220549458
-0.039923632947938 -0.0274805290358114 -0.00249738726537357 0.287194746495138
-0.033958011169959 -0.0455203580706907 0.0542056793366265 0.277423186976361
-0.014474671552023 -0.0411649695651914 0.0731113374767984 0.257732073711053
-0.0182768565060843 -0.0421027664225869 0.111584956499075 0.268408604733954
-0.00388883027011256 -0.0598569114579386 0.150144133807232 0.297806752925588
0.0541449691172341 -0.0519095772150521 0.159148563426401 0.322393830280781
0.0897665959272603 -0.012879094984278 0.227497485394875 0.355639282809364
0.121406543871063 0.101997764083933 0.0234410888875063 0.372760087595043
0.0760616431871293 0.042332923433943 0.0542216423870202 0.0376748952151486
0.0440231032562856 0.0157353204330192 -0.11157581502737 -0.17321273915254
0.0565159109357477 0.0202022563361733 -0.276234497408612 -0.181116763932011
0.0764513403358369 -0.023215744834789 -0.401218548210098 -0.0202977486591872
0.056832656901507 -0.0680362666019017 -0.357839409344421 0.136313395514039
0.0196398616369628 -0.0982816662244733 -0.239416633113472 0.222900969341032
0.0179274058845578 -0.10951874784157 -0.111586899633691 0.265622297698331
-0.00762165534649984 -0.12487465462189 -0.00057140188047946 0.258028037322598
0.028662612271101 -0.153076307562059 0.0696186588695196 0.248208527474749
0.0878835148083745 -0.126227229234263 0.0999649290560673 0.244388988959918
0.131137630306973 -0.0898494442414983 0.132601337628467 0.267800586289681
0.153637907197131 -0.0291173865027782 0.146725809408218 0.298039664246008
0.178446504419034 0.0595866463234275 0.134490450801257 0.281279777213996
0.196895944944022 0.135959483466848 0.187164147437515 0.281069815622788
0.155569603043397 0.234185599398167 -0.0268412073943806 0.298191600834929
0.142045263603 0.181547836665048 0.0311289286061906 -0.0246011506048584
0.161370977507039 0.102915133056204 -0.132561470919368 -0.205060294354835
0.190451255632173 0.0363914917417327 -0.286095234474996 -0.184460174369303
0.189514607399232 -0.0550613322679496 -0.376239363268924 -0.030445359177808
0.142952476050959 -0.130652795519267 -0.322950570645065 0.100151306416472
0.0732760610532106 -0.177208795893862 -0.216680768423119 0.168719888096898
0.0580222124796695 -0.18280623046911 -0.101973657112931 0.20109299814742
0.021849276589657 -0.201657133115531 0.0102290643424759 0.190069168250473
0.0771729071304286 -0.237620417249653 0.0920547537180275 0.182193271026299
0.163960614885537 -0.199608686027723 0.13995882933604 0.196506689223553
0.246401589047546 -0.14210784145505 0.169159073394081 0.248805667206076
0.284597417488897 -0.01640019837848 0.150010843536221 0.294799760464745
0.282491715054715 0.144357680903919 0.0868273880704203 0.240510517098526
0.278569826460543 0.256411577355475 0.117492049078255 0.173533548204653
0.175939687830553 0.330171744811716 -0.0767774017324782 0.170702033271932
0.202638656579403 0.292608917602456 0.00487799719131432 -0.118627622241042
0.275894178365247 0.171067680166575 -0.148437634880722 -0.24853018035684
0.31444173909265 0.0314576047613182 -0.280229530490404 -0.189917958913041
0.27943014729203 -0.0960842844636766 -0.324806170345921 -0.0485977671353485
0.205571922240394 -0.186370398937267 -0.262375348580069 0.0473143375714664
0.111753215119751 -0.234253194075834 -0.173026096199557 0.0873790148521953
0.0883039767971361 -0.228894298004262 -0.0786807320434743 0.110486152587078
0.0517444939525974 -0.244734372704545 0.0275433239419823 0.0968041582685152
0.120997296491419 -0.279274604878544 0.115231303196277 0.0916918268684368
0.220478387299934 -0.234510734083495 0.178859932907033 0.125659142023449
0.324140216716444 -0.167085531110814 0.200871760525902 0.214689794145113
0.368436808234503 0.00208005398972025 0.145185737423358 0.284732646001762
0.337908467990691 0.211678206197468 0.0266448093804608 0.199503685679516
0.310468823639493 0.339814739991803 0.0344213219353432 0.0483333405876324
0.177247793521212 0.369704073141945 -0.131309638111567 0.0124197428853913
0.240695648052295 0.350812655256516 -0.041412323330289 -0.221838719372979
0.353665586280268 0.202273925482198 -0.161336555455263 -0.284670263767898
0.391373040056635 0.0087273724319323 -0.252382302667314 -0.193536639401895
0.32181540805084 -0.132728369767866 -0.247944638329858 -0.0824905990876854
0.229891186102949 -0.219901107367265 -0.186906332765644 -0.028167959726378
0.127760676433696 -0.258747737486568 -0.119292961419528 -0.0114363893169651
0.104589871067479 -0.238990265275691 -0.0461352209338078 0.005624286073832
0.0794789839157949 -0.249545328641506 0.0551772923890331 -0.00705234096779137
0.158484999014327 -0.274663350172527 0.144501921347799 -0.00367659282227739
0.258167777139476 -0.218561455011053 0.215564085733255 0.0536297338476797
0.361480409300206 -0.141196510039657 0.222079543546608 0.17638612831636
0.391143262238421 0.0448123109897994 0.131216828623891 0.261445142321588
0.33136986337848 0.2663324983774 -0.031528848229223 0.150480908853783
0.283786420774503 0.380576131146654 -0.0396034096391382 -0.0823863450396499
0.150476732657706 0.345609581810817 -0.188229803749912 -0.146737574846548
0.233595903796077 0.341308847955344 -0.106285470908495 -0.306402536038678
0.358453523031823 0.191151384594467 -0.168563192528137 -0.300043554277749
0.38682490386045 -0.0143436177834529 -0.206204572514148 -0.195861360677037
0.301870996005414 -0.141649676653176 -0.161409725737966 -0.132137016773968
0.212873677208112 -0.213593911243744 -0.114906939026294 -0.11535017329186
0.122834614095191 -0.240410044501054 -0.0675753768914659 -0.115098572925795
0.10592618993616 -0.21317093938211 -0.0062363664740746 -0.0965246799109737
0.0989626791810274 -0.218250242957707 0.094672894797179 -0.105793309119572
0.18175673698874 -0.224557062647985 0.188512434742218 -0.0853667600514836
0.267616598841396 -0.161401890095868 0.258204711059034 -0.00122656147783807
0.350325727089082 -0.0731477028026711 0.236341430232865 0.147284970254187
0.350426223581377 0.105712697106971 0.109556766374303 0.22863653077692
0.265728575890454 0.299201362263443 -0.0706666538557146 0.0892972120856919
0.207028743013179 0.374268602320135 -0.0840416977133395 -0.207138353329223
0.0905663135010333 0.263162452274972 -0.23650720147103 -0.277030256675272
0.173639490719175 0.272920043441801 -0.169248824638228 -0.354786761364577
0.28483339549633 0.147794813234181 -0.168387780089938 -0.296496091737291
0.299626428984894 -0.0251058963806596 -0.157566487293249 -0.201528842297716
0.22472133581771 -0.112712180406468 -0.0911784044884465 -0.183686829451348
0.162017176462843 -0.163654511232104 -0.0626644907079333 -0.195449799829671
0.100797795340463 -0.181876107174353 -0.0269415294692754 -0.202908935995373
0.0922794780998476 -0.155008279923939 0.0354266318874141 -0.181601291393013
0.099687628804679 -0.156798703281559 0.144107398357727 -0.182303383955661
0.171870218293526 -0.147523617876302 0.244342005550246 -0.138592913019365
0.231531316021189 -0.0869942201968241 0.307671660735852 -0.0245025529270722
0.284901028649501 -0.00131733546606969 0.249144737269452 0.134382126520073
0.260189777415282 0.147362741188235 0.0955185037917477 0.190681493706068
0.164489176195041 0.288291810698488 -0.0749326818320715 0.0264520408330688
0.102298250001656 0.312647970740999 -0.0889328006795308 -0.308213673890007
0.00190190010670387 0.14187846950119 -0.262117102178016 -0.355410999643417
0.0705571616519858 0.168925270102075 -0.210709050266261 -0.360432845792844
0.150947649899694 0.0915251987006232 -0.158490236672742 -0.289873778785641
0.155990463636169 -0.0135765375491196 -0.126745581130081 -0.21560484114575
0.114744868250519 -0.0473571215538312 -0.0585667759996186 -0.224990524636829
0.0941172518896683 -0.0754533070476407 -0.0418267830461752 -0.24645035706872
0.0678676694774509 -0.0899522347632477 -0.00226815791803118 -0.256558895919609
0.0627129820961101 -0.073998510593398 0.0702518386873171 -0.236004678235108
0.0738923728877252 -0.077281282817693 0.193100005435934 -0.228857648673028
0.117496241861528 -0.0662859818135483 0.301110206870657 -0.159654534690174
0.148961201475485 -0.030503838154983 0.353222129639723 -0.0225559899371769
0.179640816807678 0.0313777647519363 0.264253611929034 0.135620732130897
0.149856238104434 0.138680866697078 0.0978222789396019 0.158809962771809
0.0635776877948233 0.21774723004274 -0.0475802063093154 -0.0173279570217709
0.0013418118812712 0.198630944142608 -0.0616915244079256 -0.366989649470819
0.0667977881106092 -0.0470996426235138 0.111759089747467 0.382418496040944
-0.00226314779007915 -0.0953371915204799 0.0952800171646669 0.0469989364585356
-0.0717179589046894 -0.0612098102654305 -0.101281712429468 -0.168082940484051
-0.0694479809283627 0.00480608446512242 -0.286574550727371 -0.168396197949366
-0.0411945241790655 0.00737463399774691 -0.412326642772193 0.0252590894821956
-0.0347302227225328 0.000116238194984771 -0.355562854106571 0.194623041042639
-0.0385632408701245 -0.00528451026962224 -0.218869450700275 0.272554334069902
-0.0292611047364443 -0.018880450461618 -0.0808088068485625 0.306643837025832
-0.0433519665630404 -0.0250678138986806 0.0244239469005106 0.292713626370889
-0.0382931476446087 -0.0441975373778627 0.0800577920584706 0.279329762979564
-0.0166205751895492 -0.0399069827194163 0.0956310827331529 0.257354712937481
-0.0215383542272855 -0.0402913455422143 0.135042301699577 0.263303120251763
-0.00905566024697728 -0.060028865889009 0.174968380040728 0.288690348160962
0.0522221387753221 -0.0571233189223702 0.18527979667862 0.316169260704772
0.0887997427953743 -0.0189960088221725 0.26337671174478 0.346986680336104
0.131991340465177 0.0944065684159873 0.0574763129344592 0.374888597839818
0.0814805472472517 0.0364718217818451 0.0594901678167628 0.0332505871659858
0.0470441256981692 0.0112739001955888 -0.126893508244434 -0.168613636617533
0.0587685457802326 0.0157140014222203 -0.294781777304966 -0.163719885949743
0.074351951328296 -0.0313883088844348 -0.407904200717217 0.013583322257453
0.0521405606293419 -0.0753355653990268 -0.352198022528322 0.170562142474613
0.0111931670240141 -0.10167357200847 -0.224745531213355 0.247733337039972
0.00814248506127443 -0.114157473889688 -0.0892791519777131 0.280261705941597
-0.0189087259309738 -0.127289832432226 0.0247274345511471 0.262472726146372
0.0154479483416839 -0.159574003445667 0.0927584351729982 0.248449235146414
0.080168854925526 -0.136368134595195 0.122401571730799 0.242106440787627
0.126205955093301 -0.102824191812496 0.156239423648644 0.261014375581325
0.153505925833739 -0.0413317853805492 0.173773514024301 0.287965160447109
0.187529213885261 0.0461320507551415 0.15739843018727 0.275166168170113
0.210676294623104 0.123075719917837 0.215109698978397 0.274190629689872
0.178310968120384 0.225839070039885 7.10139703104245E-05 0.303768229640358
0.160482364021365 0.172711080213434 0.031490890429733 -0.0279562187109836
0.172608018436344 0.0894479311541084 -0.150658895825453 -0.1994872207033
0.195804302337555 0.0202916356107195 -0.304635911310148 -0.165890797040287
0.186331442013823 -0.0740333812365131 -0.383929382084692 0.00249022872311944
0.133918483140246 -0.146901089001585 -0.319742690374597 0.130674751974303
0.0585628018648324 -0.187027289121051 -0.205210786710357 0.191313020092116
0.0427811551140231 -0.193127636384316 -0.0847806138290625 0.21346317737563
0.00524530841363217 -0.207727372425628 0.0300252436123542 0.192295143237046
0.0580237135233504 -0.2501162912569 0.110014153855727 0.179017643843003
0.151175351160104 -0.217493555580977 0.161291543629533 0.188980794185221
0.239498928993982 -0.167309372421142 0.190681354636335 0.23812239373355
0.288023251186474 -0.0397350542152256 0.178245447533814 0.284467987986614
0.30031950452897 0.12418052156662 0.107401414367957 0.237376323696555
0.302231582177976 0.237997360302727 0.135366753855838 0.170613868809977
0.206735384627458 0.321523873692775 -0.0617398556456815 0.178317392990575
0.231879914069342 0.281038924225767 -0.00223203786748939 -0.121319820610487
0.294404188530643 0.149113886781799 -0.169133867554855 -0.243033625145588
0.320754650082068 0.00453327046034523 -0.298694901054931 -0.172208541789283
0.274154324480435 -0.123300573422035 -0.332599368834895 -0.0212652089156979
0.192550178830268 -0.208669053019686 -0.262329782585238 0.0698186134168535
0.092767606078537 -0.248928501041472 -0.168196277547173 0.104785588347891
0.0693576670845601 -0.242635583239136 -0.0701241723989958 0.118166321620287
0.0317368996410922 -0.25379378828593 0.0393264691608896 0.0954360484837228
0.0972816104097148 -0.297248740966096 0.126366850187762 0.0848389663204585
0.204918694046197 -0.258440529760667 0.194491328452606 0.114030084834233
0.315930425937082 -0.199455901834655 0.220865378549932 0.201607507806471
0.374040811087608 -0.0275654385046688 0.173316450169354 0.273572582262813
0.362996790757139 0.188496156422608 0.0439670802999346 0.200645350785692
0.342780417345959 0.318784775991891 0.0394562817846716 0.0494633490585388
0.212101841914666 0.360959814940099 -0.130923304145265 0.0211335840028305
0.274575739112385 0.336515103725355 -0.0578261516451477 -0.222713047095881
0.375446988903572 0.173072350160047 -0.18508527803758 -0.277850013507899
0.396497806455359 -0.0247909182516009 -0.27011703357239 -0.178067414969584
0.314293153160202 -0.163975076696847 -0.256948027272434 -0.0624120284620453
0.213821091313878 -0.244520255657089 -0.191840027562521 -0.0130979058602569
0.107490006917258 -0.27407335433631 -0.122376200149675 -0.00113559259607786
0.0862109038113256 -0.254111724337945 -0.0457902988340137 0.00867805536984762
0.0601517806517204 -0.260975921030755 0.0573359603308934 -0.0130779746825411
0.13663001297184 -0.294561994812706 0.148026094458301 -0.0161139768229378
0.243369917924617 -0.246777110064779 0.227062378922336 0.036888576393037
0.356064119301908 -0.176911486699806 0.238858145942158 0.160249124654556
0.400466166158848 0.0132123341691446 0.15670970999567 0.251796027585239
0.360870196871131 0.243478686465436 -0.0188944935297964 0.155804292886759
0.317794950817705 0.362260993546543 -0.0469331315139526 -0.0781243065014152
0.182849904947487 0.337205512488514 -0.203067992557115 -0.136086655852195
0.266079353970332 0.327962745949352 -0.130726017595689 -0.304299458473362
0.379370901701994 0.1617108390193 -0.193938306883217 -0.293316747802305
0.390384530783025 -0.0482992944509432 -0.222855137563283 -0.184100435544646
0.294327344816586 -0.17130233957213 -0.173414008402704 -0.120785794375402
0.197242340159248 -0.237350966110231 -0.12589624130212 -0.109115080077082
0.103448932111156 -0.256667706899988 -0.0786885530447283 -0.110999961401259
0.0907504048262703 -0.227299689507575 -0.0146252661741391 -0.0985046657656378
0.0820951205060531 -0.230108972008994 0.0886838093907006 -0.116324843574079
0.164383357341908 -0.245813230292005 0.184960558206737 -0.102623147524993
0.25748599013213 -0.188132413467443 0.26584118653615 -0.0225190608215207
0.34970535064817 -0.10677753008509 0.252065005558112 0.130219163232784
0.364348137320444 0.0784162678301108 0.132787938710038 0.221062421267878
0.295399347432037 0.282577101115921 -0.0626778096226579 0.0967918611440696
0.239331465756898 0.360601197339475 -0.10352055879949 -0.200887435912812
0.114979634224663 0.25797418632339 -0.264663573463837 -0.265115945690895
0.199115464012001 0.262393978323697 -0.200356434040546 -0.34825666069382
0.300730443848692 0.124121958310214 -0.192674206134 -0.289752546754374
0.300695080179849 -0.0515131749189923 -0.174735416991149 -0.19353293440719
0.218771083701723 -0.134627045931834 -0.106686602049155 -0.179876175555248
0.150054799697458 -0.180939498661117 -0.0796864908373815 -0.195412100007261
0.0857817493490173 -0.193804303412125 -0.0456813822656157 -0.204708715357035
0.0817850969194542 -0.165796671522987 0.019682247505403 -0.188502202714731
0.0873455534104187 -0.167916610691271 0.131701750848973 -0.199314770540112
0.160587087437619 -0.166260598515842 0.237062988096757 -0.161911824367428
0.227198196152569 -0.109053368799394 0.312907770873189 -0.0511277107820503
0.28889792731472 -0.0270767409614276 0.263868322910715 0.11637408437754
0.276231923131993 0.127360336014064 0.114290640921471 0.186001735939041
0.191454527068859 0.279640741242173 -0.0725184687767926 0.0329633182996631
0.128473015939252 0.307824648213923 -0.117956768205453 -0.303908028708013
0.0149883201304974 0.142179416446027 -0.298560624971426 -0.343138368076733
0.0855057434124073 0.165101282108848 -0.242647337491362 -0.350502006778755
0.159594395147798 0.0796772744890218 -0.182344573272436 -0.282572232426906
0.155070675622142 -0.0273581186763605 -0.144518364459793 -0.209254760115659
0.112463393964645 -0.0587081248459796 -0.0778668808432462 -0.225046065585465
0.088346925171199 -0.0851288575768004 -0.0635084065642607 -0.248868459507501
0.0612344495182117 -0.0973623170223135 -0.0264636916884354 -0.262222874330925
0.0581796628672786 -0.0813367289462603 0.0505151111540148 -0.246605215419106
0.068459573937195 -0.0840211503269439 0.175944364428297 -0.250253194871652
0.113634892644814 -0.0779426024043569 0.292207063043533 -0.188923164248269
0.147558928709864 -0.0424117003126041 0.359642364169142 -0.0532191342089596
0.184591936815978 0.0158244175013936 0.278626969984456 0.116339398195185
0.163913222381084 0.128401637440258 0.11413578301814 0.15368708207936
0.0815970597630092 0.216079653997441 -0.0491616966304925 -0.0130041265461431
0.0165682724438105 0.200106344367829 -0.0962357267288247 -0.366267800677838
0.0608322546752444 -0.0507674925906373 0.145532351494988 0.365207645736917
-0.0106389639828291 -0.0941624899107111 0.0985770563436674 0.0377425095719064
-0.0753591993077607 -0.0547102705949588 -0.114104869135968 -0.157705309284987
-0.0674783641408496 0.0110783997776212 -0.29812248310859 -0.143858123462918
-0.0408142181021033 0.0106143684963839 -0.402618895222696 0.0604989602776665
-0.0348776335694235 0.0025725293615411 -0.33370335269214 0.224655923376042
-0.0383926804626121 -0.00154016653441068 -0.192039068365365 0.288560775982885
-0.0317069546984373 -0.0166668069669979 -0.0505926050337183 0.310217106141926
-0.0452014070693749 -0.0219562995561744 0.052436305029073 0.286213130608764
-0.0418618133836401 -0.0405956048648686 0.103714910519167 0.27068563991613
-0.0187269133640567 -0.038335987845898 0.115670991959605 0.2480325698909
-0.0246963372938916 -0.0367051563896771 0.154837638069152 0.248004200819865
-0.0140712784897181 -0.0570320639498031 0.19472565838698 0.268162641008591
0.0474142077950595 -0.060642921565624 0.206687309953709 0.297760718248267
0.0852049653232304 -0.0243997891182565 0.292698085554623 0.322440679065033
0.137744975551613 0.0827723884845832 0.0916582109977982 0.362365949869264
0.0840106292040099 0.0286598065204532 0.0627346747173273 0.0270974863164508
0.0476912259095498 0.00560699622482291 -0.138980500878636 -0.156954892624218
0.0598573940155568 0.0106170914114872 -0.305122169805445 -0.139045578124677
0.0694381370745403 -0.0384260339707054 -0.399382865041587 0.048650335821579
0.0444303574316495 -0.0799956490854926 -0.332350356753146 0.199379018874343
0.00195147338465035 -0.1014256157769 -0.199747735343557 0.266059547641877
-0.00318843918868127 -0.114915883109414 -0.0614065472714353 0.284034643048187
-0.0302043746027792 -0.124727345270027 0.050041508698524 0.256896788265677
0.000453893245702192 -0.160159985591954 0.115490236618377 0.238828886173395
0.0686138314725719 -0.142490195492176 0.142774056243962 0.229832305356752
0.116127752419869 -0.112361306514156 0.175744653254319 0.244001673774726
0.147823692750419 -0.0532830968831399 0.194049811468795 0.267131025976299
0.19063911159284 0.0298520775041384 0.176696479447559 0.258940145360311
0.217089222196583 0.104210063070825 0.238915553274853 0.255535244707082
0.195872317655741 0.208382959439858 0.0282513280835867 0.297728776662163
0.173137038342261 0.155986516061298 0.0301493861326835 -0.0308924245361279
0.177452629012111 0.0711622490926071 -0.164544299995019 -0.185821040801934
0.194142380189595 0.00300975214466478 -0.31362623342995 -0.139570151467478
0.175652548194936 -0.090538472978494 -0.376035175653624 0.0355863245544915
0.118372832277929 -0.158439743353702 -0.303633226660199 0.157317000039992
0.040636975172671 -0.190489050203592 -0.185208765240376 0.208136605929665
0.0237043100322513 -0.19613460709292 -0.0634595556730209 0.21804610382496
-0.0141197967146229 -0.206210293574524 0.0496570569570037 0.185838369046718
0.0328665573107174 -0.253676328137594 0.126530409378428 0.168213114872357
0.131006678558667 -0.229279795678471 0.177118699548879 0.174101849103436
0.222145305279638 -0.186650426503388 0.207903148132813 0.218829137013222
0.28081517525991 -0.0637839318647307 0.199330554430931 0.261951589540751
0.308453305041268 0.0970918256708275 0.125981447402627 0.225315281918438
0.317388388261156 0.209241025903152 0.150649115684402 0.159761709465089
0.232922674785421 0.298629445836495 -0.0433467689151396 0.178773706813244
0.253019566655733 0.257226558897947 -0.0107801174872368 -0.120238958530803
0.301936241688659 0.119464324518909 -0.186740188999029 -0.226998119670529
0.316350872044706 -0.0234537844704638 -0.307561370893068 -0.146370109044483
0.257691282647822 -0.146989475023196 -0.327243641620142 0.00851818617158516
0.170403851779086 -0.225329786555025 -0.251535157623876 0.0914079906477309
0.0684647234305178 -0.255322999025589 -0.155912491736503 0.118872203700359
0.0466970250106607 -0.247610525126149 -0.0579318666438335 0.122501542760845
0.00816323084565253 -0.254320870070677 0.0497023403969476 0.0891509273761665
0.0682763445246938 -0.303944180767325 0.133794497266654 0.0736049156220615
0.180522159415626 -0.274663228765142 0.20476947995487 0.0961357731945795
0.294513886963715 -0.2266633067288 0.233889845479492 0.179793610417057
0.367208732542144 -0.0595608732289258 0.194902820927306 0.251482713680975
0.37626278053876 0.155188358186732 0.0610042140621802 0.194311275242385
0.362918207822048 0.28425308205024 0.0446144558722799 0.0490035686093551
0.24088086110396 0.336068840586702 -0.12593025421654 0.0300791439755686
0.300069912545228 0.308169834703732 -0.0738214798978551 -0.215513658088926
0.383417329107473 0.136481141941602 -0.204813542952589 -0.260903979622139
0.388003719935332 -0.0598060197025229 -0.279864123243244 -0.154858192760265
0.294248781369806 -0.191090922919545 -0.256662444427443 -0.0388776776325675
0.188629693834283 -0.261807212021536 -0.189428961695015 0.00297812698581569
0.0799826182189187 -0.281207773397035 -0.120531362242903 0.00975016492704198
0.0626991093412358 -0.260579420902357 -0.0441296710980826 0.0120949042911141
0.0356076701678443 -0.262894756264567 0.0576905890142928 -0.0199291650598537
0.106613575276463 -0.304973732380759 0.146264457761402 -0.0275176298384942
0.218906361035602 -0.2669093033027 0.230406832217211 0.0168843933067668
0.334252093402425 -0.208047387221037 0.248315011233294 0.138882440854759
0.397509291638115 -0.0217715249445744 0.176838122555138 0.231679786452654
0.378176671373005 0.209956675747568 -0.00445831750780199 0.154783850521821
0.343321696565261 0.328680303967862 -0.0529936208609467 -0.0688641212387396
0.210174453044579 0.315067004776405 -0.212258799224639 -0.118585648907505
0.290823794388158 0.299966976181797 -0.154296198445916 -0.289873558004067
0.386421941781078 0.125053385991782 -0.215239218054375 -0.273411622725722
0.379282992907033 -0.08133609671807 -0.233848473097102 -0.163810331645343
0.27420960116151 -0.196050113077443 -0.179997449214878 -0.103379230661883
0.172448818256633 -0.253273655459181 -0.133211874305424 -0.0985662663770275
0.0781384664357381 -0.263255946419619 -0.0883870535314535 -0.102500788336232
0.0693827635733237 -0.234546143638227 -0.0237662560342346 -0.0964712867462522
0.0602016555057784 -0.234191576511782 0.0786610654182079 -0.124390777720112
0.138227915709817 -0.259238542123846 0.173811394134382 -0.117623734810542
0.236921078196042 -0.209364876791888 0.263100229288079 -0.0452223384900294
0.334152175042241 -0.137853456235697 0.257849046881718 0.108730849829179
0.366952284300619 0.0445319839219612 0.15153126147052 0.203952555078607
0.317518618159487 0.254194817459069 -0.0522025526644733 0.100981789078882
0.264984807178862 0.334536664554962 -0.120045979804496 -0.18611353658658
0.136749557406403 0.242063633070243 -0.285155578273078 -0.240430601088441
0.218983291316119 0.241502857469947 -0.226977293826346 -0.326549896768817
0.305291065925061 0.0958813741041967 -0.213547785232819 -0.271107482218558
0.290239336479514 -0.0771715760847972 -0.186636674171459 -0.176824713507855
0.203888878869446 -0.153344575008922 -0.120294211036217 -0.168962459027439
0.130512753039117 -0.193054686565196 -0.0957652031704258 -0.187817122342823
0.0661197002292061 -0.199012761753989 -0.0653034049319163 -0.198368246857301
0.0665208400961637 -0.172632275891004 0.001021036231841 -0.188004518145977
0.0716913148341757 -0.172569446067172 0.111986695724895 -0.209947126186418
0.14294055261961 -0.180147903736574 0.219252005666835 -0.180842147988893
0.213875560424089 -0.128115888720787 0.306754489168853 -0.0788027592309186
0.281675309698037 -0.0536256933808701 0.269572881831028 0.0933991055579722
0.284319944611065 0.101689760367048 0.130812690470429 0.171968901972655
0.212693640458942 0.259314083468216 -0.0679082485712999 0.0387891052973881
0.151698022819744 0.291260566690535 -0.1432247125818 -0.286843023209794
0.0277081573832082 0.136407456647723 -0.325911110144015 -0.314550423444401
0.0986196825074 0.15426454543778 -0.269598581057106 -0.32617645306565
0.163081033383082 0.0630544357923533 -0.202815118144176 -0.264562752399802
0.149346197267948 -0.0410398464881676 -0.158880430983875 -0.194415527612355
0.105131796049554 -0.0686434101973067 -0.096547996539606 -0.215983791670976
0.0783951421863769 -0.0921581099957956 -0.0842984934096881 -0.24308705760773
0.0508556763857622 -0.100833845019459 -0.0516611876876062 -0.257655425718648
0.0518013690026381 -0.0855142501904421 0.0260408476233461 -0.248042270104991
0.0606307649097671 -0.0877038768045539 0.150595397522103 -0.263988316351591
0.105253345316781 -0.088190185975817 0.270770740113254 -0.212003205496516
0.141426338019009 -0.0555779865807359 0.351613034423496 -0.0848948168834404
0.182654830217775 -0.000565792086490487 0.285319215315018 0.0922858748907994
0.173187066809444 0.111899265872249 0.126321727326475 0.142436459422339
0.0988636988249094 0.206059948044789 -0.0487346900170881 -0.00878575147285629
0.0329985454338794 0.194854900407322 -0.127299560854988 -0.351374197323031
0.0545699245713809 -0.0515664179585098 0.164501361264023 0.341013245962892
-0.0165179499111122 -0.0903501665783524 0.0983492750427712 0.0298090372808591
-0.0763125569159717 -0.0479504840980199 -0.12048201275502 -0.146427948438846
-0.0636311516847988 0.0159278214073587 -0.297610167163971 -0.121227796893601
-0.0395402098655588 0.0136076304274992 -0.382865872932573 0.084584514790358
-0.0337621998555436 0.00523370875635586 -0.306166730733545 0.240715771468083
-0.0371549194885822 0.00174222744275598 -0.165485377504314 0.293878564230137
-0.0324933006760172 -0.0141924211887516 -0.0256511870107719 0.303057751593652
-0.0460219933802757 -0.0184601781860847 0.0717770329084573 0.273031372389873
-0.0438046521274783 -0.0369476811151351 0.119676808837938 0.256021158571967
-0.0195719479855151 -0.0361458477174037 0.128498636837664 0.233691107289486
-0.0258256478689078 -0.0330917352596601 0.164938661557688 0.229157639328886
-0.0172655436230766 -0.0535374580918654 0.201976557688864 0.2451084388586
0.0427423488903638 -0.0621029934148668 0.216756886135772 0.275581832588429
0.0802711252287126 -0.0269105695788607 0.306365881191693 0.294949823587365
0.138232491130666 0.0717351005736425 0.113526784623987 0.342603885881806
0.082809098409303 0.0224177606565114 0.0636103927927755 0.0217740754987577
0.0455815386394617 0.000924337623869872 -0.144168941436755 -0.144206167621408
0.0586188156300357 0.006478241084756 -0.303330258839448 -0.116518390220982
0.0629164688038835 -0.0417003139239539 -0.380774869266186 0.0730208264173594
0.0364978189101455 -0.0813325888279671 -0.307095591029288 0.215801548902861
-0.00536566982769082 -0.0986271299682409 -0.174084281534054 0.27129891853036
-0.0120376027561592 -0.112133556916137 -0.0385699960778988 0.278640770388295
-0.0383316494368115 -0.119288645095195 0.0684845058000148 0.243657179843031
-0.0113098626773362 -0.155629650335404 0.12861513702588 0.224395923427679
0.0575132254372071 -0.143140856786178 0.153954944419421 0.214322272571788
0.105270407342241 -0.11650772035291 0.184091737622877 0.224224345439134
0.139540248650736 -0.059706067506276 0.202593499959335 0.242659776559098
0.187509625233177 0.0166907931088254 0.185907912819254 0.239773062492684
0.214719052239396 0.0888036894860052 0.251049742123264 0.233337175833091
0.2026402689544 0.188208393344993 0.0482497576410083 0.283442269694722
0.177879323120496 0.139787652490909 0.0291236941760465 -0.032489009919706
0.174536841497601 0.0552724824161252 -0.170032249880051 -0.170320980259908
0.188056082465399 -0.00995789350398609 -0.310875185387216 -0.116975846741103
0.161865487314006 -0.098990168502981 -0.358280733659352 0.0586689256935911
0.102488152362511 -0.162480421272202 -0.282067696211203 0.171780337439985
0.0259438771908332 -0.187836478605334 -0.163429230825534 0.213839111260864
0.00842113464122004 -0.193118967331445 -0.0454659800865385 0.215018780178126
-0.0271843622017771 -0.19889167229046 0.0623649044702103 0.175105336123485
0.0133927949847644 -0.248277004741499 0.135771163370892 0.154773431212627
0.111781963629849 -0.23134146468385 0.184386399247931 0.157388794066055
0.202978575783172 -0.196578828185432 0.21394491485255 0.198366969531673
0.268286944979593 -0.0791174963146527 0.207836199792854 0.236825202171492
0.305846292325949 0.0748337425821348 0.136117828112972 0.210201423544989
0.318265546038369 0.182606020929373 0.158124357821393 0.147820322048868
0.244829848317745 0.272420732532664 -0.0286291219372783 0.173292239143476
0.260612436032369 0.232109208131824 -0.0160071473318726 -0.116175187836526
0.296934374460509 0.0932258017817857 -0.193335850226859 -0.20909490628178
0.303479537014806 -0.0436551766467815 -0.305626298589218 -0.123902601198448
0.237448017614667 -0.15953909416007 -0.313335230346417 0.0295804039788439
0.148314483188615 -0.230426130326764 -0.236779821750666 0.103813024232206
0.0481317366062716 -0.251571073340313 -0.141629227743866 0.125353324310584
0.027397053618256 -0.244992392219276 -0.0470735799190663 0.122263329180365
-0.0091235416121883 -0.246122018722511 0.0560091646306245 0.0808606720228049
0.0433201935633656 -0.299429636374584 0.136394514089781 0.0622617604622353
0.156210297550034 -0.278927804374686 0.20693939787788 0.0797049911779296
0.268948151444619 -0.241272264780335 0.236011669187204 0.159885350317624
0.350376098501731 -0.0811852971188492 0.20331984502695 0.226754920914449
0.374690447843459 0.126316974189008 0.0718925617578527 0.183845838848836
0.366881367157442 0.252194729864082 0.0483323366451864 0.0470976786416666
0.255749813622858 0.30601904690224 -0.118505459288757 0.0351855097570489
0.30997137332045 0.278198198485792 -0.0831462581495506 -0.203607075130614
0.376014132894376 0.105461250427296 -0.213323898284458 -0.239840295445635
0.370339716548958 -0.0828283342711181 -0.278745022482471 -0.132881128232284
0.270355766857853 -0.204721248709954 -0.249354818425826 -0.0209356215682876
0.162737128619052 -0.267813555352406 -0.182814625798637 0.0131258101189915
0.0568693501245539 -0.278085127842679 -0.115430938663037 0.017165323548414
0.0419155810606081 -0.25839892403871 -0.0423300706060198 0.015317671925722
0.0166683236153513 -0.256325813464838 0.0551363492053465 -0.0248546645820753
0.0804499339992503 -0.303222325451786 0.140944206510668 -0.036756136805738
0.193319815576857 -0.27348321732542 0.226014519284607 0.000206458333848817
0.3093513384901 -0.226002848069846 0.248320470822665 0.11958065184917
0.382514308679083 -0.0470539567388123 0.186602019592625 0.208269989673124
0.380421423884939 0.17963007299602 0.00652760194650271 0.149208749509275
0.350133032421773 0.294959723364302 -0.0547264329201562 -0.060128298617233
0.224339833072775 0.287787319695324 -0.211889189024041 -0.102939003223288
0.300797233261601 0.270813337342966 -0.166285516028792 -0.270361526420623
0.379050957387833 0.0943704631606304 -0.223981553726132 -0.252140637448637
0.359862024790451 -0.103265991255041 -0.233794167714261 -0.144642118552891
0.251351438953658 -0.208510804096625 -0.17944032177918 -0.0889147112211528
0.148050327014897 -0.257850411035968 -0.135230950845284 -0.0888447949822527
0.0564188875274546 -0.25975743275533 -0.0927447467933068 -0.0947532429304575
0.0509598805850953 -0.232957212150831 -0.0302028897981423 -0.0911266029423333
0.043102723596668 -0.230190019477403 0.0677004116865685 -0.12703056053851
0.114682019010595 -0.260799243806675 0.161077076486396 -0.12516965892072
0.214808281709543 -0.219412789156288 0.253478131504786 -0.062007728641252
0.312967791802471 -0.157575205156598 0.255843891878514 0.0891804237396832
0.357383775783773 0.0192281156129524 0.159673370154786 0.184271850528731
0.323871128239203 0.225433554763383 -0.0433906177402168 0.0994665184459135
0.275962505190696 0.305092051937374 -0.128318851789674 -0.168809190185558
0.148134657478542 0.222402167464772 -0.292077073910866 -0.214958554796161
0.227827842039408 0.218095733050963 -0.239456559113758 -0.301548696150091
0.299061656228349 0.0713706682964283 -0.222754653666837 -0.249011493698454
0.273482816510508 -0.0939542118063437 -0.189877505898896 -0.158979426110561
0.185537949011377 -0.16250020482835 -0.126730986237199 -0.155041205230004
0.112097531832157 -0.196534225646719 -0.105790777840306 -0.178359497577081
0.05002219826204 -0.197220122435141 -0.0777137775596281 -0.188926878706362
0.0529082767244609 -0.172507369126716 -0.0126147342501249 -0.181513180625297
0.0584309644814206 -0.170834214618026 0.0939459273249629 -0.211281825127931
0.124410029342214 -0.184360948184309 0.200662135898488 -0.188927524715905
0.197596984758521 -0.139036233053818 0.292655918842263 -0.09648819357796
0.267356913830586 -0.0718806583748966 0.266024681981852 0.0738639707713825
0.280676087506974 0.0781550665938736 0.137892588884118 0.155848552293249
0.221819212742334 0.236857275577607 -0.0619479712254106 0.0418854630271188
0.163557466242848 0.270580140578927 -0.158354313686547 -0.264832994472822
0.0357460305850527 0.127568217299204 -0.337542992858032 -0.28436034308566
0.105056003405123 0.141871195297088 -0.282338551248344 -0.29755079063298
0.16009495737186 0.0503724399373257 -0.212329760446769 -0.243167402190635
0.139873756096155 -0.0495137080628622 -0.164150471139753 -0.177297330893069
0.0964301558084159 -0.074674170614485 -0.107432983020076 -0.203684243806902
0.0684383997621198 -0.0949645778799334 -0.0995726365696485 -0.231720224417691
0.0421534413938062 -0.100788550511501 -0.0697230204622003 -0.247202218067853
0.0452925595835594 -0.0865496265080762 0.00636195270411715 -0.240950385802899
0.0531822128597791 -0.0881297498210988 0.126724092722935 -0.266559782717959
0.0944460750709708 -0.092434244617222 0.246519510860608 -0.222959532944
0.132101273775628 -0.0629010717927655 0.33545801535458 -0.105699925420896
0.175521341559254 -0.0135050078986631 0.281064805963144 0.0717370439525639
0.174095560966966 0.0964770976311714 0.132299218882246 0.128598103866426
0.107541081109398 0.192369939077469 -0.0470369889429847 -0.005031104580132
0.0434666221621222 0.184634898827295 -0.147311476259623 -0.328389726659591
0.0575251905167198 -0.0508640924041422 0.151573622142416 0.330497743450501
-0.0143302853398231 -0.0888491892313412 0.0925868429589586 0.0314730873880428
-0.0743600489456111 -0.0476223496561772 -0.113987161095707 -0.140278526826557
-0.0604596036459084 0.0173503604551473 -0.287202467651996 -0.120099571021408
-0.0350851511231156 0.0162997263282982 -0.367125040190658 0.0788533481628096
-0.0308838741713662 0.00597868812272666 -0.294200182073172 0.230949241933723
-0.0372080682337579 0.00316562950063642 -0.161398706309857 0.285699301154247
-0.0327838703022999 -0.0137255968883613 -0.0218405167380087 0.29286943897448
-0.0452500921938274 -0.0163083597072755 0.0727456989573248 0.264078846592204
-0.0417636142287663 -0.0355720777786257 0.118358883544443 0.247642016383277
-0.0169412669006064 -0.0348153420652158 0.123946246097346 0.226661339708518
-0.0198526183590527 -0.0280072215702555 0.155291424807922 0.220326725168646
-0.0132229839463326 -0.0475681467008062 0.188113007348693 0.235644611043772
0.0449675354092213 -0.0556908893729669 0.203846135047386 0.272474246255078
0.0818458117816557 -0.0239384021295531 0.290739084848664 0.29589157144819
0.136621382863408 0.0733624718840412 0.108049180856734 0.327980343362187
0.0802427069178728 0.0240473247637811 0.0625560664449451 0.0192132698007823
0.0427838806133777 0.00314605060708515 -0.13449298768475 -0.143829100121537
0.0569667646562563 0.0105021734214412 -0.289313943037287 -0.120227841642987
0.0640858984308746 -0.0347757305540317 -0.363791562725313 0.0628793126606293
0.0382066520220936 -0.0770460384871754 -0.296072226257005 0.20294248352912
-0.00530964412226649 -0.0942257056230832 -0.170216045647834 0.26181057023745
-0.0109885234781839 -0.11141330760103 -0.0339258345407203 0.267522191071121
-0.0362332454644725 -0.115585399376892 0.0699046826165055 0.234341671575252
-0.0102709447078751 -0.153297053206515 0.129871488274397 0.216218201283437
0.0599340868447324 -0.141246612433133 0.15394394087803 0.208046803194669
0.107889343652936 -0.108912738654969 0.181318364792556 0.217011707037306
0.140277944147226 -0.052199716712245 0.193289702197832 0.236241830771986
0.185941196301826 0.0215053668701801 0.173807846138743 0.240333974555933
0.21304852581105 0.0866481857446615 0.236391849456639 0.239499519549367
0.195318746006616 0.190518611913589 0.0522818155047799 0.267717756127015
0.169255334561598 0.142130237694681 0.0337701497882814 -0.0370930310945314
0.165971082630404 0.0601269275388972 -0.156221679213661 -0.175806482296134
0.180891234379767 -0.00281822844310752 -0.293503966347494 -0.125541887130481
0.16066320632269 -0.0886892885832257 -0.342263972387984 0.0445532476729893
0.102530701966397 -0.155390135447317 -0.273092380422072 0.157446948609809
0.0257812266546228 -0.181736120375507 -0.160692434190863 0.202901557291991
0.0105229562188652 -0.192458697802391 -0.0414504821706643 0.205360782975171
-0.0253727249398188 -0.194580599091817 0.0651425949556544 0.166989487540836
0.0127855288745824 -0.244755583860058 0.137902659929069 0.147963531222246
0.114155105197473 -0.229418962998309 0.187527096822505 0.153333581337952
0.201927007081006 -0.187712102707471 0.21588615841291 0.193037446846079
0.265897370037885 -0.0703950478078822 0.200907939999148 0.232881661307584
0.300870845186824 0.077887280117131 0.125616492169677 0.214351401406456
0.312723113052023 0.175940972942646 0.147060993074544 0.158128499570164
0.233086237472411 0.274725865201212 -0.0163190551920053 0.15884860395122
0.247432237547802 0.23551133014855 -0.00581572148363252 -0.121799774473954
0.283467735080733 0.10209256362652 -0.176326754180815 -0.217515416711643
0.292127052531532 -0.0332257058083874 -0.285233884154383 -0.137213942519296
0.234482958507109 -0.145246943169063 -0.299183835122084 0.0125820663536926
0.146176510654304 -0.221517421584966 -0.230648038443245 0.0902005026578332
0.0487135040011923 -0.243883177959705 -0.140617760833823 0.11483706069682
0.0299433535407425 -0.243358889555393 -0.0438851976204198 0.115836020508327
-0.00678116573772848 -0.241968832923149 0.0588391791103869 0.0754108766958346
0.041976245184933 -0.29610789534436 0.139386963724349 0.0578726707234807
0.157363343337846 -0.276634677022926 0.211851861690851 0.0784212041267194
0.265618003536204 -0.231548159064892 0.242567469038038 0.156764528213993
0.347352613001607 -0.0723296725430009 0.199151207602702 0.224624449631071
0.366825667980795 0.127934327025983 0.0644519694307106 0.189319225157764
0.358333029748807 0.24295751828286 0.0424508995126745 0.0614488144584645
0.241326708847962 0.310064191108239 -0.0992019143850012 0.02295253512262
0.29313378066065 0.283779686859475 -0.0688194428718212 -0.209339789296001
0.360030672845106 0.116415286935624 -0.194140365298102 -0.251002508160851
0.356596421069778 -0.0691949327030396 -0.258330242885188 -0.148084057221037
0.266050990636709 -0.18918938540669 -0.237948838897945 -0.0379852950161725
0.161133752945047 -0.257765903165628 -0.179672025946069 0.00109617540902213
0.0585405517438422 -0.270329399407158 -0.116083804704817 0.00896945393675727
0.0454851324310056 -0.256442054701439 -0.0400742503188812 0.0119429764291798
0.0186447657435855 -0.252655951510863 0.0577858679566447 -0.0270025432683035
0.078508130148275 -0.300900779438562 0.143590324911394 -0.0376583933306891
0.193799857269181 -0.272290454965502 0.230692479923071 0.00296660268817318
0.303072106523384 -0.217845509720593 0.255481576664202 0.120020749326942
0.376347040973624 -0.0392980503050248 0.182972018573819 0.209457636417337
0.371178238785436 0.179066740920315 0.00128347530496711 0.155509398375505
0.341436850706795 0.28411712788801 -0.0553926663408563 -0.0447194343990165
0.210911328588829 0.292101452845716 -0.188547417207963 -0.111212362317
0.284118398223167 0.276459497607703 -0.148382472413528 -0.274707096942005
0.363335291311283 0.106602133405755 -0.203718169411307 -0.262778892690477
0.346280616343811 -0.089599147591134 -0.216059210374939 -0.158820659939707
0.246389252430354 -0.19331497568047 -0.171880362810964 -0.101250512621651
0.145676505549024 -0.248039717840061 -0.134438229313058 -0.0954675224731533
0.0579212999623237 -0.253718450878725 -0.0948749404022693 -0.0992292886939816
0.0544748702772701 -0.231967310786906 -0.0293356230154133 -0.0904106916658045
0.0446440555659681 -0.226982520036393 0.0683749676003459 -0.125023847897749
0.111956587226452 -0.259383433942718 0.161271283317978 -0.122595806923743
0.213861572808062 -0.218776325492949 0.256539653142893 -0.056226562750354
0.306451395160249 -0.152683606457134 0.261546324842757 0.093650042235952
0.350687654701211 0.0235002402685711 0.156330675210566 0.187059034571637
0.31444379670863 0.224179203409212 -0.0473920361424109 0.104874371684231
0.267761913186084 0.293307385950491 -0.12482701693455 -0.152917859927217
0.138005272660015 0.226124807946295 -0.268405952553046 -0.219725370601704
0.214668817781614 0.223584823255231 -0.219727558025717 -0.303041811412714
0.285513392349009 0.0818726096993967 -0.204025781838927 -0.256211777238275
0.262865788551621 -0.0822697560179099 -0.175118119829386 -0.167635638850652
0.181327656243862 -0.151626970746677 -0.120958251449753 -0.161339948525283
0.109107453780746 -0.188448499091446 -0.1047405250706 -0.180093258748599
0.0506947211045595 -0.193113730278455 -0.079953634653403 -0.188754155682865
0.0554766574736934 -0.171819370705589 -0.0124974579125766 -0.177259467979358
0.0595441004657926 -0.169780866538055 0.0919291573778607 -0.206263753776479
0.121430941260531 -0.18441644679524 0.197465394958575 -0.184708935407656
0.196450665934555 -0.138639545163119 0.290816645608294 -0.0886992072835067
0.263156429287733 -0.070498137610478 0.26762115430615 0.0806060906670107
0.275535982664314 0.080862778589394 0.133206038741729 0.15926700788655
0.214868914262121 0.231943734273413 -0.06584619141031 0.0462038184023857
0.158273210992011 0.259099236047381 -0.152223000513907 -0.248966189574744
0.0298027867505482 0.130148597785436 -0.317803792595004 -0.283758169075755
0.0974928909677792 0.14501953183212 -0.263485919070097 -0.295753658076842
0.152028630661062 0.0573614903424776 -0.194637225416162 -0.244540349880079
0.133118025945556 -0.0424956239480946 -0.151509408674042 -0.179164807821343
0.0928708359018604 -0.067959865670647 -0.102495451932171 -0.202590243117054
0.0652635928998671 -0.089852254025453 -0.096990828304777 -0.228650507895725
0.0417287831054202 -0.0992503285273781 -0.0708807137633055 -0.242855507403664
0.0472003123937262 -0.0864436909708195 0.00439333315403487 -0.233276156127288
0.0547259774137 -0.0881343075304514 0.121583066728556 -0.258565105378243
0.0933067877933133 -0.0933202372679713 0.240337943384625 -0.216853301042376
0.131926469416865 -0.0633570238243645 0.327244447007457 -0.098894173064037
0.173617634367506 -0.0134250948001825 0.277451677452695 0.0781966118465999
0.170149905240435 0.096909705585544 0.125651771601935 0.131826083701485
0.102904551603036 0.187589557878252 -0.0496633662102677 -0.00194939725460045
0.0404286909051525 0.175854137211906 -0.139724363977598 -0.314134550267308
0.0554969272109116 -0.049981024265973 0.157276958641729 0.322309536004179
-0.0161391251078886 -0.0868209048610362 0.0933917035584619 0.0290519577628717
-0.0747622485382032 -0.0460145937718252 -0.115514446321015 -0.138701877826761
-0.0586834968014533 0.0187541562335883 -0.288619324928577 -0.115053369742902
-0.0342289108784043 0.0176847886284639 -0.360926175117233 0.0842643945371599
-0.030665414457712 0.00723325945987008 -0.28543051177579 0.235862878870709
-0.0365175274609253 0.00438206648578392 -0.152430250251217 0.288177988479951
-0.0331449170988441 -0.0131859625649129 -0.0131727144971192 0.289853618297904
-0.0456427030817733 -0.015003309876417 0.0795739766898796 0.259426451927174
-0.0429921174049901 -0.0342765217394351 0.123813824519151 0.244931812443091
-0.0161397424074801 -0.0350288500226511 0.127108688877348 0.223138141863682
-0.0192101215129477 -0.0270867590222489 0.156890989033298 0.215418889309584
-0.0131692674789275 -0.046134033278534 0.18749505742992 0.229325470526708
0.0442759659505711 -0.0563143472192282 0.205248631334304 0.267320352718975
0.0812258266648953 -0.0233374128099738 0.296571927307179 0.288324423798356
0.1356349245198 0.0706826276310688 0.1142144745087 0.320427377048645
0.0803698036045748 0.0229853575449325 0.0638205598099796 0.0181046194953423
0.0408117655027937 0.00138509089427829 -0.135427947361632 -0.141389546085976
0.0570762889827134 0.00873768107456956 -0.290281674782555 -0.116113483030418
0.0623972964351806 -0.0355722080116068 -0.357368283754067 0.0680547299827158
0.0352479681216996 -0.0770715322657481 -0.28791752548117 0.208328730638555
-0.0074854669184774 -0.094117388534807 -0.160697335836529 0.264181846866757
-0.014526417425046 -0.11084801350857 -0.0256923287271141 0.266133082782582
-0.0391669657562128 -0.114033417650069 0.0766717927989197 0.230212846420488
-0.014908627950286 -0.152139958013033 0.134520865413726 0.212647936408079
0.0576920179075867 -0.141850344359225 0.157118808770109 0.203979577416268
0.105511464811354 -0.110470048506375 0.181905672497218 0.212364439216833
0.138907085274537 -0.0541785901317249 0.191747950615638 0.228606021501865
0.186327822001802 0.0179491833545054 0.175618628421414 0.235658634326308
0.212370989213224 0.0836370742129483 0.241697099726701 0.234515181402854
0.19731064255643 0.183757189875791 0.0587182603053788 0.261758598969303
0.170411029619667 0.13838485913383 0.0345123420932852 -0.0372895506259852
0.164053634974153 0.0554493163036272 -0.157837471447721 -0.171454434845119
0.179838987082972 -0.00713292365029483 -0.292236951686337 -0.121522132278841
0.156933765507575 -0.0908985872130138 -0.335675317197945 0.0502816599980289
0.0969492057222321 -0.156572771263866 -0.267483906935011 0.161641461360603
0.0214357129646752 -0.181242909173726 -0.153715141576923 0.204948993157074
0.00501194379940141 -0.192491254650835 -0.0357474060803387 0.204332256460828
-0.0293676054826168 -0.193174446462647 0.0697444059470074 0.162799298146318
0.0066584329355392 -0.244200370390217 0.14153474831696 0.144567330460402
0.109053611292161 -0.231252347283707 0.190477470360986 0.14780422452251
0.196528159800355 -0.191198253674115 0.216139895105304 0.188200620215911
0.262267484762203 -0.0750910873471569 0.201152330353675 0.224823660906445
0.301573415016193 0.0720002898439761 0.12794542056327 0.209969856373674
0.312467933728787 0.170196400163979 0.151637484103596 0.156078603273612
0.235757214234256 0.26543843767819 -0.0115377502264514 0.15525482237363
0.249804364119995 0.230133693676006 -0.0065077068810482 -0.120482911958466
0.280723986191685 0.0944372473923231 -0.177498015821881 -0.212926229894338
0.288937450988155 -0.0387323603783805 -0.284312138799974 -0.132244027474709
0.228483710298443 -0.149336842253124 -0.293405975263242 0.0175876184707932
0.138747536057266 -0.22299643791564 -0.226354422956617 0.0930525808599691
0.0415428099650659 -0.243970923509193 -0.136569645356777 0.116093737720924
0.0232731596722893 -0.243689980045301 -0.0400385902122486 0.115571476616641
-0.0117192304720279 -0.239992199841007 0.0608131898145896 0.0722522416887366
0.0336197783582764 -0.295335799512811 0.141060726167257 0.0547182836211941
0.150902567101833 -0.27957270973179 0.212887073343567 0.0730868030613582
0.258368550835753 -0.23720436251805 0.242619203290498 0.152782335555174
0.343057869255147 -0.0795534128990939 0.199506812933748 0.216048207976701
0.368405827877846 0.120730407967841 0.0668269705159245 0.185481304367954
0.358691595660704 0.234097495378663 0.0449778169433244 0.0622474031952211
0.244340010719707 0.299747540250367 -0.0963343105189078 0.0231286669952424
0.296721357387516 0.276395450725605 -0.0700829128077003 -0.206244257831737
0.356263175501798 0.107551257219711 -0.195035414752393 -0.245056955405647
0.351113021102523 -0.0760881095256297 -0.256863449385928 -0.143737013365312
0.259128426552206 -0.192838933389139 -0.234172770906787 -0.0323114998753686
0.152084538533771 -0.259894992802177 -0.17920798576259 0.0042691750048447
0.0507995017225149 -0.270485809826008 -0.116034359226774 0.00969542273498352
0.0377775832546601 -0.258227623992737 -0.0387207318574396 0.013067858868645
0.0138045576013559 -0.250957271480549 0.0566553144924161 -0.0293924385360739
0.0691027175913869 -0.300274374470432 0.142630907475003 -0.040070013579605
0.186236200412101 -0.27534180425331 0.230420427807915 -0.00244190650132097
0.295453935545439 -0.224475770257612 0.255097192810181 0.115676965427917
0.372864549709438 -0.0464091202180699 0.18394639856633 0.20083246288588
0.372545049623562 0.170865932386557 0.00434199923015499 0.153299883507488
0.341881912314504 0.275136270047151 -0.0549451338274587 -0.0407151865446116
0.214177292562409 0.282379446896113 -0.188205152979955 -0.107946526243646
0.287697489317853 0.268065684284024 -0.150476702957994 -0.269087132249765
0.35908158941897 0.0978593109721671 -0.205925704713098 -0.256001355653335
0.34023940906373 -0.0971544257105454 -0.214674745200976 -0.153626462488246
0.239842333432098 -0.197716750615318 -0.169703635060275 -0.0963080175231849
0.137011033681008 -0.250000328026993 -0.136757528443399 -0.0934486087841528
0.0506222229689211 -0.253549744265679 -0.0983149013032065 -0.0969628690562933
0.0479799493455919 -0.233005079309012 -0.0312752561819568 -0.0882275738608705
0.0402846275025059 -0.226343298080411 0.0649496698123738 -0.127027701405138
0.103851629725193 -0.259578748224974 0.158482156300252 -0.125310793520981
0.207946836140323 -0.222597513116328 0.253582662442328 -0.0619244244972387
0.300072652126606 -0.160015670421816 0.261566372372746 0.0899799452082988
0.34815116940407 0.0159193001265863 0.156904604464633 0.180194195337177
0.316938664014139 0.214987517541077 -0.0443874850307816 0.104438866170044
0.269543213848507 0.284514358745478 -0.126665713035267 -0.146099936268619
0.139944411199553 0.218220167938708 -0.269940290203542 -0.213646956856263
0.217190426085585 0.216637467368106 -0.223368576204091 -0.295555237214112
0.283314882636567 0.0743840049300309 -0.205809671367856 -0.250196741238849
0.258220231721696 -0.0870957001114064 -0.173766884832436 -0.163149668918616
0.175712699906449 -0.155034991548077 -0.121495411264143 -0.15767954719757
0.102179120154034 -0.189908451247234 -0.110184924252833 -0.178122051505522
0.0449047364932312 -0.193206097580779 -0.0862961457811393 -0.186824823484225
0.0515270436958335 -0.173410205665426 -0.0178590578578682 -0.174489261152945
0.0560983949290234 -0.169726665620034 0.0860645050158919 -0.207331353715755
0.115378505991673 -0.185697045633234 0.191740415147143 -0.186998066457746
0.190907674500463 -0.142621146378254 0.287503627689542 -0.0954232364294211
0.257327706595445 -0.0760426622303448 0.267083191533906 0.076151245118408
0.273956238816033 0.0735655675070176 0.134572649100213 0.153817720809401
0.217876180772167 0.226179536694803 -0.063306180304432 0.0470025634595618
0.160665816292144 0.251900043865051 -0.156699291208848 -0.241206457065275
0.031811307870476 0.126131923424543 -0.321432337109963 -0.275027093799415
0.0991267327652093 0.14089395597715 -0.266053248750989 -0.286947937227939
0.15035181647452 0.0534393861899742 -0.196521889280928 -0.238476023369049
0.130002378004611 -0.0450199723636053 -0.151731999874482 -0.174681060507313
0.0898597016637139 -0.0706159880279204 -0.104679582574133 -0.197950473718805
0.0617859298949472 -0.0909291838027584 -0.102972251183833 -0.226692298064987
0.0388940436534339 -0.0995488526540982 -0.079024608234178 -0.239906346687938
0.0453649431597259 -0.0873594598283551 -0.0018233555323669 -0.231317497038491
0.0537560602095413 -0.088478876959022 0.114660917239479 -0.259869298458375
0.0900883027045438 -0.09432173115098 0.232566102589627 -0.220492829090924
0.129125783328323 -0.0653991956549273 0.322673598888912 -0.105471053688404
0.170936833276394 -0.0172825454285908 0.277108334975248 0.0733597955383355
0.170529596493853 0.0920163048697101 0.127335931405538 0.127796938121831
0.105283239585267 0.184246739695191 -0.0488588346961958 -0.00133833030095047
0.043099070290425 0.171785245966392 -0.145731031358735 -0.30651340832747
0.0547857381140906 -0.0501744634522821 0.167451182001974 0.32188024847064
-0.0178740675841432 -0.0872397361521268 0.0968079830253867 0.0274537710606617
-0.0773710412096009 -0.0446331581254196 -0.120855310902628 -0.139480138856349
-0.0581196479575475 0.0201218845579622 -0.296526847208987 -0.111231219746055
-0.0340128070826641 0.0196332747634361 -0.36325944176735 0.0929231287293079
-0.0303678951760413 0.00896056750722816 -0.282064406854504 0.247713924585059
-0.0362323259484511 0.0051653304509964 -0.145247776772304 0.298670230596613
-0.0343005697865497 -0.0126127526239243 -0.00418767667892291 0.294495543534456
-0.0469876708584807 -0.0142987297419735 0.0891230116079019 0.261598417517676
-0.0443155629444439 -0.0335055255486558 0.133657332965341 0.247280129562757
-0.0163929459850516 -0.0355583282968839 0.134117425926665 0.225956349473977
-0.018672564688166 -0.0256782506800918 0.162994271187777 0.215266320255574
-0.0139539593260471 -0.0458357831383385 0.192666754137928 0.228412835923168
0.0440596113291463 -0.0583018621163436 0.212274368834987 0.268843173738821
0.0826478506164151 -0.0236273358363796 0.311036887202464 0.28790551030296
0.13949745300001 0.0695095052461479 0.124678151119418 0.320244258113486
0.0830092810325819 0.0225791903902957 0.0670450478196133 0.0165234586386191
0.0404818162545574 2.86487329602403E-05 -0.140893668238512 -0.141691438253222
0.0591936970768635 0.00690222482710975 -0.298243732596071 -0.112987201512201
0.0630736209288027 -0.0374593422258112 -0.359858549778272 0.0768946168291876
0.0334673522294552 -0.0797015291691663 -0.286470449609692 0.218844148696951
-0.0102946164881203 -0.0958701684898942 -0.154285524682654 0.273394558605791
-0.0182342357876871 -0.114229891465644 -0.0180897027002774 0.270731141165816
-0.0426450871173097 -0.115131276475426 0.0851722102450481 0.231201961188993
-0.0194860717878721 -0.154732119271127 0.144370580635079 0.214465829722292
0.0560242303521077 -0.14744097906086 0.164968929944337 0.205275320789611
0.105415918668728 -0.115504368593824 0.188990277557168 0.211854553432697
0.140677137544046 -0.0577850397838936 0.19670109069261 0.226410355526443
0.19108831595384 0.0140672417787624 0.182407341093825 0.236729920661024
0.218101895600538 0.08200224215418 0.25414564586947 0.234172110588609
0.203696958124987 0.18164486915888 0.0657338897559396 0.262069396146057
0.177861402853247 0.138219495750128 0.0366028123861827 -0.0390437376642042
0.165376927167997 0.0520291447703841 -0.163685700088016 -0.171168950153573
0.183083396258346 -0.0123298518945411 -0.300504335551262 -0.119128848850918
0.157219303222577 -0.0964745638225665 -0.33855363226924 0.0579988872150822
0.0936572004629308 -0.162738935074233 -0.266696751700476 0.170936011714961
0.0161869988091677 -0.185726514554686 -0.150184940077353 0.211862159841391
-0.001253088644969 -0.19783050718656 -0.0294190092332409 0.208841769906293
-0.0344585234424454 -0.195820557119638 0.0761256209779665 0.162954410123319
-0.000798318519610844 -0.248898425590668 0.149448924293495 0.144400849358715
0.105555106632873 -0.239987914074939 0.198264173923296 0.146743634096527
0.19573779904044 -0.200203199314179 0.22375338318412 0.187671993618602
0.266205397401011 -0.0822108221638319 0.206123981311556 0.221744113686797
0.310159983567528 0.0670358511485815 0.133771380018349 0.21046996683546
0.321405793024097 0.167422378393808 0.160141120062515 0.156557348253327
0.243751286266873 0.263467469577731 -0.00697719415425369 0.15583036610852
0.260803146151215 0.229150431512174 -0.00648985128169228 -0.121650263315171
0.284575080174354 0.0897924690493755 -0.183469190514902 -0.212354659149905
0.292511556223766 -0.0478511576990139 -0.289780861197753 -0.130044538489713
0.228711409581753 -0.157933488437026 -0.296317173612295 0.0245967472715626
0.133830626610006 -0.231346469710033 -0.228683038688514 0.100930265281803
0.0345166642370816 -0.249885841401762 -0.135910749177137 0.121166963922716
0.0152731450925134 -0.250555919076316 -0.0371191843577129 0.118401137018055
-0.017603272559325 -0.244797476247463 0.0646550406553914 0.0702414258617085
0.0252469148189338 -0.30238073179844 0.146774064180958 0.0525246757055815
0.146990982438164 -0.290220184552288 0.219637014804723 0.0690618758392998
0.256559141212803 -0.249122557365929 0.249645825608063 0.151350459146832
0.347574182262151 -0.0888793340845201 0.204360268241388 0.212996054365199
0.379413472824022 0.114516593122377 0.0723301832014373 0.18675267083501
0.370063441466065 0.231039963795701 0.0488007407799562 0.0640659606208698
0.253898810634698 0.296972828935125 -0.0961814750118938 0.0233776411538582
0.309280544484884 0.274483693124028 -0.0738373661208475 -0.206822334175759
0.361981859722089 0.100713227543546 -0.202216119701198 -0.244464195617535
0.355318954098993 -0.0866898333134086 -0.26282842522156 -0.142115698657818
0.259155085057645 -0.203684492139133 -0.236484961711007 -0.02749112671352
0.145998415498836 -0.268643775570121 -0.182819507285825 0.00880531040938865
0.0433242405303208 -0.277036605401934 -0.119398078068382 0.0120635186394019
0.0304712336497936 -0.265271796093943 -0.0390745917184224 0.0148955038344998
0.00846782103277929 -0.256482421154938 0.0572824314912275 -0.0326368750764711
0.0610677694129678 -0.30779356775319 0.145875756488551 -0.0446352503475955
0.183266249486429 -0.286966710415217 0.235648729744797 -0.00879587018796454
0.292907664532289 -0.237481900919978 0.262551386519595 0.113725184032636
0.378132442253624 -0.0575621316432241 0.189230643024773 0.197315323730341
0.385503320963188 0.165644257727666 0.00778294477075892 0.154680920682222
0.353132405725301 0.271595624381841 -0.0557441468567311 -0.0376866396339353
0.221996796369269 0.279237401728554 -0.192941867836724 -0.107324987816551
0.299274573111646 0.266846133385553 -0.157592006098298 -0.268394093411161
0.365286853723556 0.0908012462549198 -0.213041097157986 -0.255784252708113
0.344217973154388 -0.107531225703736 -0.219242862681232 -0.153054967550865
0.238429925768185 -0.20813352697421 -0.172633794512589 -0.0933329091733831
0.130931965797689 -0.258589898770146 -0.143278076360158 -0.0924484588345402
0.0433143377399849 -0.260156504447834 -0.105440587225718 -0.0972065977965331
0.0410808092766229 -0.24095845776918 -0.0347939252064334 -0.0885840463720915
0.0358955668068871 -0.232370429897579 0.0631216266418106 -0.131773148392024
0.097173694050866 -0.26821926336712 0.158921301416173 -0.131197399614874
0.204931621089582 -0.233854547257107 0.257384766901833 -0.0699283198811418
0.298818439377941 -0.172447417359074 0.268611408201245 0.0870228532886699
0.353562565683839 0.0072805444872902 0.162410863324361 0.177073650037483
0.328898947315472 0.211883717891909 -0.0424474749614715 0.106210073053448
0.279373776810799 0.28251694172286 -0.132313027356086 -0.142924460937339
0.146503759040788 0.21620123778864 -0.279215741295106 -0.212142948005676
0.226720927754254 0.215201494816027 -0.232552761318649 -0.293782838954864
0.287795739671706 0.069311668254759 -0.213093591518899 -0.248460285750454
0.259195869991524 -0.0952278999227122 -0.177764828226266 -0.16302555204368
0.174453444875169 -0.163520861565061 -0.125088149839801 -0.15678165679816
0.097045098539678 -0.196599929793913 -0.118665439345823 -0.179385739252133
0.0395386153825516 -0.197656760762245 -0.0960724410610824 -0.187693724010219
0.0468213813152889 -0.179349270154307 -0.0225925854558894 -0.177007996610068
0.0538529954531739 -0.174922856489208 0.0817058366414746 -0.213645043967724
0.111570566261168 -0.192173348125555 0.190426177757521 -0.195076892793542
0.190839978781339 -0.151320868430029 0.290711273713913 -0.104591052692491
0.257931147117904 -0.0853558490435355 0.27447380489003 0.0728394903691697
0.279395555524106 0.068401115665828 0.139554610592184 0.151771772248008
0.227401359432453 0.224584086707284 -0.0633123846262272 0.0485098342557498
0.167828123586083 0.250864330064975 -0.166191821562455 -0.238549233871431
0.0339212176749964 0.125133898655021 -0.333561008844897 -0.272602895713519
0.104039749909655 0.139793584056998 -0.276987819560034 -0.284306766903672
0.153356597772789 0.050302154896457 -0.203484479071671 -0.238035809316709
0.129781098708624 -0.0493724212071496 -0.154999796293044 -0.174429769579664
0.0885399415218615 -0.0747994025847839 -0.110017321457059 -0.199225920041924
0.0588400514584764 -0.0936596912367424 -0.113408148316869 -0.228652921553411
0.0358417137361171 -0.102225521229432 -0.0909329764028533 -0.242053399812268
0.0440350168843014 -0.0912431304019057 -0.00873139365726886 -0.234893278172107
0.0536114929782883 -0.0912859492927153 0.107918111406965 -0.267992606233648
0.0886003859639207 -0.0985616478094908 0.230323319707055 -0.230211854327792
0.129164666556519 -0.0698996016932374 0.325636147997997 -0.115594742310763
0.17204219622473 -0.0222525275687462 0.284340406587099 0.069561389224446
0.174513335692929 0.0887558647464306 0.13220962666279 0.127415724851581
0.111259159084823 0.184618901412004 -0.0496333462308532 -0.000303838678190132
0.0461336585896018 0.171216840627283 -0.15757810901112 -0.304501650954563
0.0540476793851549 -0.0516475368284804 0.18737854779248 0.321745593496011
-0.0211392193001759 -0.088332718957458 0.102582610333389 0.0239284029684547
-0.0816937716608477 -0.0416998036220538 -0.131670439637509 -0.139851477134036
-0.0576545420812859 0.0231680145965865 -0.313300630020109 -0.103437252504531
-0.0330842051629272 0.0215819257951609 -0.370445147254798 0.110021548392415
-0.0298328229073105 0.0111778333982409 -0.277347642625489 0.269072471518467
-0.0368992473275012 0.00651449195350204 -0.13259915729068 0.316111707287143
-0.0361381890327624 -0.0116186608011573 0.0112486794028805 0.303075206084444
-0.0492466643596379 -0.0121589535258976 0.10664526479842 0.265058347879613
-0.0480695711573316 -0.0323337138121773 0.151141521678847 0.250732443029781
-0.0174048512186083 -0.0366111240472317 0.14809664870578 0.22879460243109
-0.0194533967045147 -0.0259004243813444 0.176354261922539 0.214742517085237
-0.0156016681730853 -0.045632246821644 0.204526915154448 0.226584383974363
0.0440389248463528 -0.0627537322402746 0.229149597648141 0.270285047365695
0.0851713633220419 -0.0268551858205018 0.337641895650131 0.283084184392542
0.146474159853809 0.0661343505109725 0.143433150659952 0.321979896508788
0.0885695104522421 0.02001880283544 0.0720159533211416 0.0139002632396704
0.0404708379941411 -0.00160953275297452 -0.151705818086654 -0.140680948728665
0.0624045306052943 0.00317498697888751 -0.314034493860315 -0.104226598717854
0.064319827420709 -0.0415044775101926 -0.367308677444296 0.0934291529880114
0.0308351561818435 -0.0837753471324885 -0.283740451883745 0.239972871526489
-0.0151296750164474 -0.0990278089179338 -0.144689088960991 0.289063481446584
-0.0258620240656221 -0.117464534883502 -0.00316688213577186 0.27977769530611
-0.0496090076272442 -0.117431250207278 0.10076495071979 0.233094953461665
-0.0291388954177293 -0.158852944543364 0.161678139649078 0.215701803170854
0.0517175962947412 -0.15631119847298 0.180955817623481 0.205840315193658
0.104413560559772 -0.124819506362327 0.202910067214988 0.210363087236967
0.14399356126166 -0.0652420260990887 0.209266195293017 0.223957360072998
0.199358202665904 0.00582868600659091 0.197943113210845 0.237402696486334
0.229345928378388 0.076178422333704 0.276443277986153 0.230843761131098
0.217022987795616 0.178096558657518 0.0815850016896477 0.264121361425756
0.191914764427966 0.134938404579625 0.0382940486891136 -0.0414160584415339
0.170966416030539 0.0463331497075694 -0.176305359917147 -0.169645995933212
0.188540059695196 -0.0231409383263172 -0.315484866219787 -0.111111350631311
0.158136807738584 -0.107553408809204 -0.345003417076196 0.0733199569226831
0.0877857779043083 -0.173118401646387 -0.266572752105552 0.189151368654085
0.00635465588358375 -0.192903638581955 -0.143994067866676 0.225773285508781
-0.0128818599301056 -0.205216014849969 -0.0187077369617478 0.215955208854526
-0.04456917073777 -0.20171376071228 0.0876840825898118 0.162563379582361
-0.0143221936729335 -0.257148582400438 0.163509435323343 0.142344447437664
0.0993023726715034 -0.254751985034326 0.2112457775732 0.143159737708142
0.192325714626301 -0.217805866453525 0.238525120026067 0.184585516779693
0.272131714429737 -0.0965627231778824 0.218284708093484 0.217439070817115
0.324829110140952 0.0552240745586282 0.146071039525394 0.210850616092292
0.339357171946064 0.158882249245498 0.174955640694325 0.155474779134698
0.261920843537122 0.259398482325209 0.000862985494248672 0.158296073519591
0.281591224988517 0.225354236655283 -0.00964125391287908 -0.124726353648078
0.294990119230733 0.0791255449581955 -0.197840351952048 -0.211228238494561
0.300201857411564 -0.0637490532611851 -0.305351619221866 -0.123693044288797
0.228700821376836 -0.173855718027081 -0.302103187410782 0.0380207250265949
0.125900914770118 -0.246066893780753 -0.23084350069405 0.114636190630041
0.0219184969694623 -0.260221070524313 -0.135520046156959 0.130754449661091
0.00187958862794298 -0.261302677016889 -0.0316185446964852 0.123947276933684
-0.0295633470831188 -0.253008767274281 0.070510842119068 0.0677375075794128
0.0102791931827347 -0.313353356718714 0.155678020277488 0.0471870673518367
0.138050914884941 -0.309453165097129 0.230640680401018 0.0607447335311685
0.251811417075851 -0.271525655968336 0.26459660811172 0.146189081195071
0.355792723549168 -0.108087592759583 0.217113057797148 0.208234955785884
0.398394935182129 0.101232830206752 0.0824916851583147 0.188828638907702
0.390889927926451 0.22215993144543 0.0548548904444948 0.0659110060840381
0.272752598007706 0.292935840748329 -0.0970866833516205 0.0261811674962813
0.333002978910101 0.269511314213359 -0.0825407846603688 -0.209382799118471
0.375056818480362 0.0878745613081204 -0.217619715646814 -0.243415827854004
0.362505178842771 -0.107335925253181 -0.27543359304999 -0.136840933072678
0.25703380955594 -0.223434420525912 -0.242188596867287 -0.0178413637098975
0.13639197329226 -0.28508033027235 -0.188520175659502 0.0170466710336993
0.0289970052049023 -0.288455828796897 -0.124633069868152 0.0181995004376074
0.0163682514768719 -0.277682130983291 -0.0386290905554241 0.0169021171082256
-0.00304249842852689 -0.26706171387302 0.0579954569949943 -0.0382704773477097
0.0467248900688818 -0.320985358407905 0.149886280049339 -0.0531909510085974
0.174786435991452 -0.307683348259261 0.243339765869043 -0.0206515898850635
0.290567802003545 -0.260776061617886 0.276756090080714 0.107496344436681
0.388053780186957 -0.0776222544087634 0.201279556323365 0.192982067501359
0.407268136337961 0.153098755983258 0.0143845414152175 0.158836491194212
0.375955402317667 0.263834118687218 -0.058727223032189 -0.0339599630894928
0.240004096222007 0.276141558127832 -0.202477243941468 -0.103903577992108
0.322912368414311 0.260903818909409 -0.171930307407489 -0.26870724189419
0.378552216277114 0.0770761791529839 -0.228777231545925 -0.253291373900004
0.34906853867847 -0.126818947768326 -0.23126447994464 -0.14922173342698
0.235979714797216 -0.22782188544718 -0.179054184323751 -0.0885933992854009
0.120544502437517 -0.273271881899485 -0.152564594286173 -0.0886442846095001
0.02964624521394 -0.270404746328973 -0.116514334365906 -0.094850910230354
0.0297968152428746 -0.252374391579287 -0.0398518289828481 -0.0892272055844292
0.0263214205121836 -0.243050887073582 0.058208963872229 -0.140567288829232
0.0860872105788101 -0.281480818096765 0.158948448299838 -0.143087051546221
0.200264107606895 -0.253046599878768 0.263338898453107 -0.0847535028383085
0.298611061182726 -0.194094484811001 0.281730999795852 0.0786542022406011
0.365570105868224 -0.0100036759174382 0.173580717125285 0.173378918119506
0.351090234738132 0.203771565708271 -0.0394311955086721 0.110716698003122
0.299595161444811 0.277862969405589 -0.143515220523134 -0.138500032829942
0.15939820505147 0.214103243664827 -0.29679408205771 -0.207648575677417
0.244877936397318 0.210605783303432 -0.250959840813536 -0.291670111792597
0.299029318216558 0.0576377439584371 -0.22863929493995 -0.247022252503422
0.261576252575498 -0.11079790783198 -0.188477579729021 -0.161822544446319
0.171034149684567 -0.177906168506137 -0.133617860920688 -0.15646484924875
0.08913299437138 -0.207391539912628 -0.132326950344444 -0.179993983765127
0.0293858419162218 -0.206234494426951 -0.112492673079256 -0.188800533453437
0.0383821259298961 -0.189089597666331 -0.0334835728096925 -0.180401795988418
0.0471578119480034 -0.183849669499406 0.0730045777960599 -0.225435457155743
0.104631248589582 -0.204020554805718 0.187534705625435 -0.210908255288921
0.189251191327195 -0.167156734692505 0.295612020335167 -0.122187899993324
0.260335319062099 -0.101478266551724 0.287291676408022 0.0646724013751692
0.291932243615123 0.0560427706165611 0.15051560902217 0.149202082357049
0.245824890049471 0.221800634873892 -0.0635546385088606 0.0517406469518722
0.184068046707632 0.249744259656318 -0.183917731425472 -0.234842060018024
0.0398120291388022 0.125239434836763 -0.357601775726846 -0.266946821658285
0.113801587779187 0.138769678934944 -0.296581761851626 -0.278518246446471
0.159028922217394 0.0452836375897766 -0.219254610530826 -0.236224007397278
0.130306686339642 -0.0562334012787718 -0.165085514996965 -0.173548059659651
0.0866908777835036 -0.0824586842267602 -0.120213107157576 -0.201429846935961
0.0548208515552565 -0.0989472985335984 -0.130423824127644 -0.231647499091876
0.031154431434824 -0.106580569782307 -0.109830034912395 -0.244359942912209
0.040922615819037 -0.0970963693022454 -0.021906585029359 -0.242111941831374
0.051508873720084 -0.0981749516770321 0.0966563444422068 -0.281722157015957
0.0862950023759832 -0.105445389329313 0.227165516882657 -0.248532010711203
0.129168375505678 -0.0786156185454874 0.331356295837227 -0.135505820208773
0.174989383981967 -0.0311161846755182 0.297431457885719 0.0599679853926734
0.183628652850313 0.0834439299781986 0.142041184312287 0.125668415120346
0.122845935565469 0.18503145149726 -0.0519377403744668 0.00149662207268539
0.0545036085634809 0.172896510202717 -0.178942758067135 -0.303841572577046
0.052249406041093 -0.0553437991080813 0.214489570738792 0.313261189292309
-0.0272800834830757 -0.0879861347835484 0.108447465403858 0.0161643725104073
-0.0864071110364374 -0.0355346692158501 -0.146146595678135 -0.133087938356475
-0.0558645399004661 0.0267952675259308 -0.329394140736465 -0.0825549937198918
-0.0311124300379963 0.0246157570241401 -0.370915728255753 0.13838373713527
-0.0284979803740852 0.0134703981191015 -0.261736719328402 0.297493705453157
-0.0365519215418564 0.00938978460388515 -0.10877770633806 0.33505276261709
-0.0382663865972138 -0.00906745777054575 0.0363245295360374 0.308391465111405
-0.0513434670732958 -0.00843107207921952 0.13120823755528 0.26333152893061
-0.051478407226966 -0.0291190152854768 0.175958865383515 0.246504079299008
-0.0200675372165082 -0.0369268065692488 0.169723427442264 0.226491450342253
-0.0204908122376391 -0.0248102727203943 0.194564729225654 0.206916223332708
-0.0178898460646396 -0.04500696493418 0.22200798733791 0.217279157387587
0.0411231344894904 -0.0682028082237475 0.253352891299047 0.261751530285952
0.0865159620685179 -0.0324459159638302 0.369695146243194 0.265597273887347
0.154828390117787 0.0580430748584833 0.170859146469071 0.316769287743087
0.0939641953267144 0.0145229988540824 0.0768372089956843 0.00839609080303103
0.0405103224287762 -0.0039335413045441 -0.166004732950845 -0.132874330461663
0.0643229110164882 -0.00272355894783205 -0.330383510601525 -0.0843995147110714
0.0632582965176204 -0.0486862467533977 -0.368337520006141 0.121413947639027
0.0253257716090175 -0.0884337949139218 -0.270891554346 0.267537632084509
-0.023771318518893 -0.100856762240514 -0.123815006209768 0.307669186936733
-0.0365993044128355 -0.119475262041808 0.0191568299678691 0.285255239135669
-0.0596000441555463 -0.116915409117577 0.122787724157591 0.230053012472713
-0.0425144500521216 -0.160626419710344 0.184088116097868 0.209660301464623
0.0414190282789856 -0.165680306430664 0.201144883985953 0.198268167641772
0.0980142550397076 -0.136627826529083 0.222235739198709 0.201866400622729
0.143655743384568 -0.0773463853653523 0.226449809998106 0.212971008633834
0.205705609434459 -0.00930396915754303 0.2182581184881 0.229265744248765
0.241529611781126 0.0620861983468477 0.303466548337885 0.215666264472333
0.23416012711162 0.166469277707871 0.103513214575913 0.261887428436309
0.208776495010784 0.123718224650788 0.0387386615642687 -0.0454978079082973
0.17716496563012 0.0354563384252204 -0.191667580142891 -0.1612109401116
0.191459840676692 -0.0395753989304779 -0.331614042972291 -0.0918085100520269
0.15394799314023 -0.12360729351636 -0.346602819574763 0.0996406871121991
0.0758855411297977 -0.184235934293158 -0.257626006614031 0.214306516313827
-0.00979590519061372 -0.198706851629519 -0.128895336325019 0.241497963066417
-0.0310908340064921 -0.210474362456833 -0.000823414403714128 0.22160691238788
-0.0616716580259113 -0.20357206771879 0.103363929181853 0.158472347556651
-0.0364832951043017 -0.26285745344979 0.180612088838443 0.133443962432924
0.0822476180884962 -0.27127148928956 0.229289754119603 0.131726373448073
0.180662438666721 -0.239172363514841 0.257717202144467 0.17323955056845
0.272559632146445 -0.119901777007453 0.23551425676118 0.205645078585406
0.338993000343424 0.031471774117806 0.164829638819196 0.20537622324103
0.359778400606653 0.138687918100408 0.193541581733568 0.146598858022358
0.285484663643893 0.245862889668347 0.0139542568562381 0.158563251564518
0.307274550731088 0.209138151503292 -0.0160124066516933 -0.127150732121177
0.305404256478247 0.0602874274783814 -0.216084945888057 -0.201605953916277
0.302299073455441 -0.0902450932162368 -0.320708280128366 -0.10510628978596
0.220887198416269 -0.198129451270347 -0.303778964128639 0.0596494835524478
0.108931768710898 -0.261680196298428 -0.227117665029249 0.134875437004325
0.000933518240682774 -0.268553171061249 -0.129347156720805 0.143921936665247
-0.0209381958941134 -0.269065848334358 -0.0214375331143614 0.128811637360368
-0.0496057625494138 -0.258059407184343 0.0781444653124659 0.0619437366040404
-0.016161335050566 -0.322332347775457 0.165633254666824 0.0362310465158958
0.117813301375121 -0.330074021877112 0.242187065240542 0.0450129294531713
0.235974776796902 -0.299531647457172 0.283044808504136 0.132000655360564
0.357671323594723 -0.138683151954025 0.234380055200448 0.196310442521028
0.418411629503848 0.0735358004439971 0.0972112443854981 0.186420603984913
0.416620987307692 0.199230780929501 0.0628812290615272 0.0645762309215451
0.299310407919322 0.27884487555758 -0.0961678654140575 0.0308577708553994
0.363492823860946 0.251030496515823 -0.0965566286694656 -0.208193083564669
0.388668044210515 0.0626782492815449 -0.23861060854109 -0.233123047889342
0.362179064255059 -0.138840524568855 -0.291197559565387 -0.121715438753762
0.246348505431614 -0.250731243493588 -0.246124670272264 -0.00137107615584813
0.115973545649648 -0.302632875176756 -0.191463770725236 0.0317204204428155
0.00511646839843455 -0.297899892780691 -0.127922812842235 0.0285477161047269
-0.00705216275305043 -0.286875368034053 -0.0378488148240327 0.0199306884367221
-0.0240935275906211 -0.27499992467254 0.0562163697249172 -0.0459742734660065
0.0209556446799548 -0.333067070927626 0.151114083886524 -0.0662148196552178
0.15560732915577 -0.331902596600613 0.249120421763332 -0.0401282878198678
0.275306985728567 -0.291537784250412 0.293677651246686 0.0898539648573445
0.39308211110447 -0.109490751484806 0.216828218804645 0.180817927802422
0.430355212027907 0.125427901619196 0.026425890316143 0.160154569823665
0.403925928721119 0.242574535981778 -0.0620873054817528 -0.0277409009412643
0.264115226786075 0.262615324959207 -0.213784923002999 -0.0937521122897696
0.352050368717648 0.242282978981899 -0.192687397640374 -0.262110117220626
0.391390553215851 0.0517157657073609 -0.250452578480809 -0.243028174554921
0.346977261894555 -0.157819380287066 -0.245653553347472 -0.137668441699035
0.223612991169155 -0.253163106262032 -0.186198473391904 -0.0790913690852923
0.100909088988418 -0.289443059203636 -0.163370119474084 -0.0797906499289216
0.00740144464583173 -0.27922862716475 -0.129792629458768 -0.087164890764283
0.0079695146681896 -0.262048506619636 -0.0470831445803087 -0.0882685207507602
0.00823483581106704 -0.25230740975072 0.0481741245410721 -0.149973470660418
0.0645075384674376 -0.295501706301873 0.152397157639273 -0.16000447120039
0.184466442975779 -0.277772899926934 0.264219529792968 -0.107663659351597
0.288365472957552 -0.223297376507986 0.296788368028716 0.0618379771195661
0.373740960472186 -0.0383425971281238 0.189379395460889 0.16362119242504
0.376914226123026 0.181776406478793 -0.0327877984131685 0.115653836857053
0.327754720405061 0.260850027507914 -0.15752230995545 -0.127424188352388
0.177022585836451 0.205086430285459 -0.319477662472373 -0.191656836436859
0.26686434090122 0.196270744357488 -0.275196762403914 -0.279081403329266
0.30867783591443 0.0371051887589087 -0.250361629764501 -0.235784198235614
0.258538316956098 -0.133613701576133 -0.202365329419332 -0.153127454707622
0.159921044316949 -0.196825760654562 -0.145569604968201 -0.15177958059817
0.0729822840244452 -0.218971356401773 -0.150767246988923 -0.174151323705413
0.0124031198748199 -0.212954856232712 -0.133138654797772 -0.182355079077644
0.0229681756627991 -0.197900607212003 -0.0485339272936829 -0.18134946330891
0.0345337133710177 -0.193702392275913 0.0560850116354995 -0.23785149543771
0.0900660849040307 -0.217522500766567 0.175843950764545 -0.231059258956682
0.179365144212327 -0.186890548268623 0.293715879088584 -0.148235985510025
0.257021163471915 -0.124593080005293 0.301575360357605 0.0455460386187119
0.302418200724431 0.0347926951912635 0.164992193698309 0.14059818526976
0.270370013271233 0.208136712738044 -0.0620225301581639 0.057290256644328
0.205356502767742 0.240164992690873 -0.207466087509208 -0.221864683893451
0.0489322005250774 0.12339692986144 -0.385434444017358 -0.247723585511021
0.126658208080031 0.131997801734318 -0.322073215113764 -0.262104582475492
0.165659822503995 0.0336752504519436 -0.239138523853052 -0.225828694790142
0.127548783071141 -0.0672258621377557 -0.179700434957377 -0.167105773808584
0.0807864714735732 -0.0915364695043169 -0.136858171064781 -0.198176043077033
0.0468371647623178 -0.104958642682066 -0.1538082229852 -0.227283994069099
0.022555734159824 -0.111018430774203 -0.135314260217585 -0.239812143480312
0.0331504411314603 -0.103704939230907 -0.0422871027117453 -0.245049996360245
0.0452017723464345 -0.105663108758714 0.0755106857612791 -0.295868220742019
0.0793448027918795 -0.115004332669631 0.212484719111503 -0.27321743825483
0.125156048459362 -0.0907954443838129 0.329781126422332 -0.164674087772738
0.175178601812744 -0.0456487718606907 0.310847093946705 0.0400004205083099
0.193658984004265 0.0707480955644419 0.155258713513641 0.118122064955798
0.140685228792161 0.17968801978673 -0.054586390263063 0.00533009829211988
0.067210479752561 0.170958166415024 -0.208161353232842 -0.292978603381626
0.072197944537191 -0.0308007438018855 0.0667043111644675 0.375345727417348
0.0115766788316135 -0.0924570641795485 0.0937584913615142 0.062597927370572
-0.064023055982048 -0.0643921734361285 -0.0776820419332114 -0.178383274721197
-0.0583063317846756 0.00490343583297958 -0.269732343838832 -0.209657910191815
-0.0329333849392909 0.0131448480407306 -0.395238972239457 -0.0260921651690767
-0.0281870840440453 0.00328424681740905 -0.360256015466382 0.162822262256649
-0.0365591423846678 -0.00341569937275348 -0.235069227715535 0.261966230305132
-0.0305806035611912 -0.02352578295261 -0.0884852090605069 0.294275512903785
-0.04175324551142 -0.0272113500224132 0.016041460749772 0.29208857318618
-0.0333820974909519 -0.0466016724389679 0.062396152178234 0.29430263932279
-0.000642383502117041 -0.0417206483259103 0.0623003023399765 0.274910067556158
-0.00301271731799272 -0.0285879778148769 0.0884782357486301 0.266627929914513
0.00575962944905526 -0.0452344500080473 0.107726241819482 0.290300751920248
0.0697666729855303 -0.0419006183004617 0.118157965276327 0.353116391295577
0.0939970676034766 0.00621784062741226 0.221562092425015 0.408848026614095
0.119160204773696 0.115037831968988 0.0275393516263177 0.356881471350138
0.0817481269530267 0.0520006496292152 0.0676713618506729 0.0385024087995296
0.0386231998131947 0.0170431729935825 -0.097194941993028 -0.190563205746806
0.0627370497901124 0.0261260020583489 -0.268948719126555 -0.216248385649163
0.0827763527110099 -0.0148042119690532 -0.388363116811179 -0.045030389699941
0.0620915852822695 -0.0692555899558244 -0.35913314824991 0.131518575118785
0.018817493973734 -0.0999329175093368 -0.239203193725168 0.229858699984386
0.0154414885980857 -0.126543877543228 -0.0959409732038582 0.265886654528187
-0.00576578333023418 -0.131099797666565 0.0222870958205661 0.25752448518514
0.0259194200755239 -0.164766390623074 0.0875276963269797 0.263295153306307
0.108051986959138 -0.13756284507433 0.107074995590563 0.262574142315373
0.148671577853177 -0.0824357847052953 0.12149867326508 0.275041071448708
0.16700141379212 -0.00754817812729691 0.115537457755277 0.290705994638106
0.197068659256209 0.0791027095042992 0.0981679469388218 0.309777451763232
0.196573128649031 0.154918426539436 0.179884977849921 0.335481094935689
0.146266597286601 0.247582567366532 -0.00838170580321394 0.276257203513202
0.142698359134436 0.200184345091028 0.0541697883847127 -0.0312942870472802
0.147374916584054 0.109594683414125 -0.109854235248725 -0.231396099271207
0.192175572251911 0.0442472292524787 -0.267606410972494 -0.228041876366455
0.195251034140136 -0.0462995156480474 -0.361653926385494 -0.0602499272106008
0.146554415061394 -0.136889875354642 -0.327625420093367 0.08693913019148
0.0705051448126343 -0.184856195217719 -0.218764745752457 0.16583848429922
0.0572324901312743 -0.209154757019585 -0.0894450117655881 0.199155263236565
0.0274612371990263 -0.21201554797158 0.0333427489055957 0.183554907514695
0.0705808260013789 -0.257056820582761 0.116071223198815 0.19222602792742
0.187426239330873 -0.219064998718693 0.164153032724516 0.211945306684855
0.264515630026407 -0.144871183495483 0.17068146013354 0.263564326093867
0.30268575573511 0.00731667934089046 0.128833058066169 0.290127305798626
0.301412461046613 0.171302821504909 0.0570557992769857 0.267143741942631
0.27327688601555 0.272433715642882 0.107384948234933 0.224908033027386
0.159571927189003 0.342545162786527 -0.0453188682193448 0.142091817772547
0.198043763515721 0.321018467337787 0.0369244353127223 -0.132920707602787
0.254829565324803 0.187568737934179 -0.116137993078329 -0.282179963395783
0.312344354064064 0.0437147245325759 -0.253457765647616 -0.239591661536102
0.285983312626242 -0.0867306019905313 -0.308970784215819 -0.0822365309602579
0.206363733595963 -0.194184170235926 -0.269830268051781 0.0271666566603479
0.108532787183672 -0.245524661202633 -0.180889431924104 0.0768278151060119
0.091051286866604 -0.259807601661889 -0.0720550825137557 0.106464113753085
0.0586602200725312 -0.257592527105196 0.0481991444444326 0.0858406957950572
0.112041177333608 -0.303595752770315 0.142394215695871 0.0977986725116689
0.244273815849209 -0.260987540314979 0.212144785371633 0.138609864327515
0.339491893412442 -0.177558122027144 0.214725058985086 0.237576269832229
0.387729542409206 0.0244986819419869 0.134034460199867 0.282238553012312
0.356113816125183 0.241432113517411 0.00164014327765959 0.221771688359871
0.300762786048405 0.350568139555154 0.0228381480790875 0.0923926060992133
0.158070674564477 0.380736895819986 -0.0919696166997307 -0.0221428227590047
0.233344446048893 0.383396518072377 -0.00395718565070625 -0.242062576459573
0.330845887675753 0.224339875359667 -0.123994108543206 -0.322469367310255
0.385971814507739 0.0242194568592619 -0.218955001062716 -0.244234525032193
0.329401855645499 -0.124584722059662 -0.231567208287306 -0.115931461851257
0.22835414613353 -0.229098079057805 -0.196346332593416 -0.0524505021789607
0.122509425185037 -0.271945313882144 -0.133671946425096 -0.027094464355774
0.11022249087193 -0.271193878867857 -0.043470630239251 0.00166505738912485
0.088600434752285 -0.263390993604009 0.0717091702203892 -0.0205857514504793
0.150592671008835 -0.299921945326765 0.169683390964137 -0.00121027473192362
0.278448903546818 -0.248165183109558 0.254585432804657 0.0640313247329988
0.370363233595215 -0.155691754532089 0.24247137638275 0.204729152344943
0.407118977594021 0.0648275869149695 0.126255168278583 0.262513217058387
0.344487593546637 0.293572234700965 -0.0533667462892089 0.166312381829485
0.269666712829195 0.385259626329457 -0.0516692178242378 -0.0480666300465371
0.132088366770362 0.352739750489014 -0.14977788581781 -0.185568948286276
0.225147047959161 0.373129152450528 -0.0699616531672221 -0.330595500743773
0.337900757786461 0.215188984877352 -0.13117063786719 -0.3365999039707
0.379277542924241 -4.70263300206431E-05 -0.171744667951849 -0.239507422254266
0.307759778497464 -0.137041743503077 -0.145702104689991 -0.161233089968883
0.207429147566402 -0.223210323340376 -0.12373539423811 -0.142397270578307
0.117239471652231 -0.254754214198566 -0.0880127130602011 -0.133893829614177
0.114786767988075 -0.241655200783673 -0.00908945627805954 -0.100881206678136
0.107470098649153 -0.230914012285956 0.104547239083711 -0.118875772759809
0.174140958699751 -0.248879172155687 0.206611535396245 -0.0850200572346178
0.2823669519105 -0.186170456007829 0.29505436289066 0.00965303944444975
0.354513093063807 -0.0883709451328244 0.256521330760041 0.181180562241941
0.359154480323296 0.122478237107816 0.106694555676882 0.234469296134109
0.271232006296247 0.321304904581982 -0.0892062910573308 0.0980147721090206
0.191294869497785 0.36939489197271 -0.0941939066522334 -0.182067687118388
0.0761994167873401 0.264713869773659 -0.20863217352123 -0.315822708543536
0.167397412409135 0.294977683077689 -0.138558911034911 -0.376891569503512
0.267642400911757 0.167348725278275 -0.132314568160847 -0.326861148788298
0.288970735279562 -0.0135739611449336 -0.123713823700806 -0.232098905783741
0.226037828617309 -0.111446345621097 -0.0758933937442157 -0.208100345555468
0.152836666663526 -0.169633454711666 -0.0713595707733935 -0.224073097556601
0.0942318197363713 -0.192129935288597 -0.0509227345595976 -0.221424371493156
0.102120680972147 -0.17618243050634 0.0271411598881519 -0.185581727174266
0.107938610362785 -0.166308632692913 0.145514960297001 -0.194729853720994
0.167225412477821 -0.167168595910102 0.25504857090917 -0.138880633090424
0.240087344892244 -0.103855903240317 0.335568805168782 -0.014509346703551
0.285636958371502 -0.0126282102204396 0.264935112606317 0.170534134907467
0.262138809084154 0.158599308578533 0.0924218456820544 0.203340600111354
0.161908849667267 0.301043509569218 -0.0902991729910245 0.0293426231108517
0.0890055855931508 0.301568628150672 -0.0965871043380664 -0.29099173355695
-0.00737123892212554 0.137740124984366 -0.250001625555627 -0.39032093297584
0.0642704508103174 0.178057352217195 -0.186502179024019 -0.377177432588781
0.138154572181498 0.104080061271651 -0.124447749936501 -0.3102059304655
0.14125039757091 -0.00555563154889241 -0.0957241384576773 -0.231165947041245
0.108467992459278 -0.0475971133276083 -0.0458665334158855 -0.242666403363006
0.0822309517232353 -0.0752742629923766 -0.0491669679881451 -0.27253268142347
0.0627990001607071 -0.0941739045860431 -0.0284956628967021 -0.273650247899626
0.0728022148609204 -0.0836094428860421 0.0581632298821261 -0.238466718683933
0.0822117434846231 -0.0810610822688456 0.186482093114989 -0.23886810244514
0.117818247954715 -0.0771707825400491 0.301360306840614 -0.161370503898773
0.15145987526001 -0.0352564074984501 0.370256016369236 -0.0151821968224737
0.179436356940637 0.0270043396365214 0.272181059688226 0.169074848005919
0.148065881588649 0.14626281385202 0.0920770671082587 0.177886693648109
0.0539161048182344 0.220879143124818 -0.0600164030247109 -0.0179632194998719
-0.00975093782253965 0.180736249666015 -0.064600826473172 -0.356637830423087
0.0684252363153307 -0.03409536982757 0.0941779361535625 0.359064754504121
0.00582216814938799 -0.0906628486473587 0.0993287835280011 0.0547339873023935
-0.0664604703017044 -0.0569198147204211 -0.0895258197580776 -0.167143171104711
-0.0555331655637815 0.00841306993500328 -0.280074379072295 -0.183727802433312
-0.0299840449707289 0.0149872944792342 -0.387557807722333 0.00406936091262273
-0.0255714967569986 0.00481132282192033 -0.336563767208956 0.187910824089427
-0.0344915487146435 -0.000444081756411156 -0.204817593069481 0.274644556396109
-0.0313896952213544 -0.0207587059141087 -0.061097195321304 0.29356960319735
-0.0418701983572702 -0.0230169172081435 0.0411210134284277 0.28353777446149
-0.0358383536530946 -0.0425441052546268 0.0869462743856183 0.283574094567714
-0.00307503477470754 -0.041651748759668 0.0820548687229457 0.265027147005267
-0.00419478220439476 -0.0267864059125085 0.104649617881007 0.25316718033578
0.00344748683822011 -0.0439359816685682 0.12328041085407 0.273930850924715
0.0656022148104727 -0.0464631193355925 0.140859195185148 0.33497344385966
0.0928514997664979 -6.73376179523913E-05 0.250535990164284 0.38137460344025
0.125454624861858 0.103282752979316 0.0557837886208747 0.343503389660807
0.0855592903758828 0.0435901504571793 0.071582522053865 0.0331362891043841
0.0390985785385429 0.014058464075036 -0.109184733443053 -0.176721144836659
0.0638316599273894 0.0188203474069045 -0.280056423587278 -0.189900600526145
0.0796791899041319 -0.0223977707882174 -0.381317487964155 -0.0142758561441097
0.0551753370943935 -0.0726895894654542 -0.338141423916308 0.156998491767499
0.0104229508496429 -0.0992988328392966 -0.212681613141075 0.242976904551121
0.00414794942566216 -0.12490163775413 -0.0704363507446587 0.265946776952478
-0.0158285848223302 -0.12778456028962 0.0441616240584953 0.247776909791333
0.0114236076196063 -0.163211704331857 0.108903955629138 0.250480367010964
0.0958773016279869 -0.144409370401271 0.126146637162381 0.248668325642278
0.139656360254572 -0.0927560475999537 0.138677351418792 0.258428006048604
0.163639098245245 -0.0203570055761327 0.130353332662262 0.272790193634443
0.199109975474713 0.0617813502564657 0.118433363639773 0.295061459122355
0.204592185600897 0.136754074677977 0.203077693010805 0.312358888444262
0.16116041550947 0.229913095474317 0.0148572501756834 0.266883170340242
0.15664962673079 0.184198267849445 0.0539307422161268 -0.0337511890919264
0.150946947373186 0.096741373319619 -0.123181563161149 -0.216236561760276
0.190273066884781 0.0262008538804019 -0.278928685974009 -0.202100223474757
0.186823478833887 -0.0622259438397604 -0.355807951412852 -0.0312817029632435
0.13083032529193 -0.145277899723132 -0.310672957503046 0.111763924766021
0.0529050923862961 -0.186012791864613 -0.198875029374829 0.179713851794926
0.0372074392333589 -0.209570272364952 -0.0700942561735218 0.200377823716624
0.00898826661675005 -0.209509944591981 0.0483700721400211 0.174484851124136
0.0474701644306557 -0.255986836747894 0.130954314668646 0.17902425498452
0.166238399363412 -0.231980293737111 0.1779432114708 0.19412548375907
0.246917755408693 -0.163168065670721 0.187151693064574 0.24446298695194
0.296460467120607 -0.0175128613203863 0.144413757083352 0.270119515774834
0.308633406099415 0.143498291457647 0.0762072926116553 0.255058653231891
0.287367215858018 0.244967134631079 0.123643023812373 0.210981916474932
0.179587203207936 0.32037321125713 -0.0315815502160244 0.13958761802911
0.219827981532955 0.29712552010263 0.0296289119878269 -0.13089896279379
0.261349540767944 0.163903381249715 -0.132822772791142 -0.265291377892724
0.307351494054544 0.0158769890147907 -0.264117531190497 -0.215886466735868
0.272622791746812 -0.10936231377541 -0.304583061009811 -0.0560888656819161
0.184083669818663 -0.206988660235286 -0.259243453153477 0.0472957407011143
0.083890953317928 -0.248164835091624 -0.170554246563434 0.0892647684434079
0.0650041277924548 -0.261689128381159 -0.0599754074547608 0.10826984989661
0.0365371337795493 -0.25670173614296 0.0544012746980087 0.0777856622270067
0.0829692884122644 -0.30521773636666 0.148912397173035 0.0838736643397012
0.217015474635176 -0.277303296456963 0.220167875110833 0.118210021617647
0.315616892526603 -0.201195861947054 0.228375418402432 0.214665864910537
0.380244958218495 -0.00693319375238792 0.149083711164496 0.261892023919975
0.368075421239951 0.207304513576005 0.0188457949743696 0.215136201692676
0.320263963239789 0.31857625001471 0.0304179845303665 0.0899737028873212
0.180624559341662 0.356037058051409 -0.0903329643407374 -0.016877788206355
0.257797549831245 0.355220147772971 -0.0189163239072904 -0.23390058491174
0.337435670965751 0.193769029898361 -0.143760742709663 -0.303827505778643
0.377543811283772 -0.00826020610225068 -0.231448848840484 -0.22152550676689
0.311176613553643 -0.149604033388396 -0.231467531672712 -0.0954188982371686
0.201547939507483 -0.242167089634573 -0.193852320226323 -0.0361864572161906
0.0958681034859461 -0.274653374041961 -0.133778712369426 -0.0158449773974181
0.0835653253275612 -0.274365870663078 -0.0414393411908752 0.00506791259251372
0.0643393919722468 -0.265176336056557 0.0676571188661053 -0.0277620132001391
0.120630272402147 -0.304823801079064 0.167407072629644 -0.0159041336440056
0.251146595642498 -0.268280834738959 0.255359436643996 0.0417470847305577
0.347044952719067 -0.183114986933219 0.253446565474272 0.181229301471519
0.402918179012318 0.0305639666964495 0.139464625155894 0.243202960660585
0.36114834250993 0.259627283198255 -0.0389876657866058 0.165419357653381
0.293337766816403 0.353728606242599 -0.0533935758997003 -0.0397784882519999
0.153332736596051 0.330989957988384 -0.159706283661822 -0.170855321869414
0.250069142947635 0.344752004763793 -0.0894767522230481 -0.315170897123257
0.344715551367093 0.183666743924534 -0.150780833815552 -0.316684093001126
0.369261117206557 -0.0306001440586234 -0.18364271860988 -0.221023343052147
0.288522692120704 -0.159824179779078 -0.150973188888102 -0.146900417205214
0.182849404528558 -0.234418291348892 -0.131410456704349 -0.130396286694197
0.0917834097612886 -0.256852598186762 -0.0983766996540349 -0.121762072893121
0.0896974888554819 -0.245520367886688 -0.0162014345135634 -0.0966721569025173
0.0859382755346706 -0.234804404433101 0.0913671600943715 -0.125593552556744
0.148087038156693 -0.256684857281864 0.195998905410668 -0.100251515206095
0.259457212057486 -0.207598456841379 0.289264836599478 -0.0144640535802754
0.336175472736962 -0.115262225820137 0.266236031607139 0.157206515890913
0.36067538674483 0.088559652989545 0.120718560344494 0.218537464567642
0.291550525236337 0.291158155259718 -0.0796861762567373 0.102301221046711
0.216333318810203 0.343985792158807 -0.107704751185278 -0.165736096931054
0.0932197543201469 0.250484244207864 -0.226916318728772 -0.293124844405957
0.185722532078068 0.272438696796427 -0.160791924014104 -0.354785892604224
0.271715451050799 0.141634580176917 -0.15182608950812 -0.307890180691207
0.278725782657229 -0.0367526112598016 -0.136905131494614 -0.216649533783375
0.210213700715741 -0.127783346348942 -0.0868401595967165 -0.19734884254662
0.133953594281028 -0.177241226242817 -0.0869367582372721 -0.213536719076157
0.0748536222592086 -0.194033761659419 -0.0702630329424482 -0.209820211539159
0.0831267994715635 -0.180842169292512 0.0115507674644963 -0.181376496178317
0.090796990819817 -0.171573181484986 0.125867417572407 -0.202382406874486
0.148052169703806 -0.176966992965507 0.237373864274671 -0.157081296522348
0.224777983021674 -0.122135325904489 0.326178482039116 -0.0417477396067327
0.275973381318203 -0.0366420717039858 0.2736783345825 0.146256857479331
0.268201800709248 0.133130765732013 0.10519064868882 0.189474548250976
0.183149774272567 0.279644125131412 -0.0869897810635478 0.0356936307709783
0.109298720881877 0.284004451659079 -0.119116397217858 -0.271118251229088
0.00250868730316271 0.133280071985062 -0.273284801665741 -0.362478604957809
0.0756178759836738 0.166433051066001 -0.20750876388715 -0.350252842435503
0.141814509535628 0.0900027388773996 -0.142457583768823 -0.292212807549988
0.13627234408663 -0.0167106570240373 -0.108036180138039 -0.218002735206383
0.100760614798736 -0.0555761209674637 -0.0607974898058848 -0.234625307140034
0.0730403841419176 -0.0786473234767841 -0.0707145446121974 -0.263354185465075
0.0525654791889608 -0.0957181881931378 -0.0520735436499494 -0.261971734483578
0.0632569629532539 -0.0886648535900318 0.0367867467250399 -0.23637041014498
0.0731652090114015 -0.086066004877427 0.16108818167484 -0.248253260801495
0.107079851987604 -0.0846844569314463 0.280370606216382 -0.182698191895128
0.14348539152219 -0.0480065309217943 0.358982053043223 -0.0454246566448021
0.175506942567406 0.011280583949209 0.280145305956242 0.143677237663888
0.155304684222399 0.13014381065 0.103956568996708 0.165481472571721
0.0700749692370925 0.210341284663004 -0.060840595410771 -0.0123722836611373
0.00372426602273579 0.175032223741942 -0.0938058900016358 -0.337542102322393
0.0654250899487296 -0.0354125892736818 0.111932956313378 0.339330085388204
0.00227440732811449 -0.088609173691819 0.102016260568712 0.047274505057091
-0.0659092050580895 -0.0506094614918153 -0.0950248320229435 -0.154740596128809
-0.0528678706413539 0.010961653938878 -0.28183326527325 -0.160011119153253
-0.0268528514070687 0.0156913361587544 -0.374269099406605 0.0263298044838553
-0.0232161506523881 0.00569792060915292 -0.310598470794817 0.202165917589933
-0.0323090991851921 0.00112863757866552 -0.177937023090853 0.277880927953327
-0.0311593928756463 -0.0188069110035209 -0.0403603212209571 0.286239923919281
-0.0409091422728913 -0.0194551762961016 0.0584332596045487 0.269968808805105
-0.0373065358337867 -0.0390273586522969 0.103287875879237 0.269808281433404
-0.00481543175363491 -0.0410740439060222 0.0948578172344451 0.252938515962627
-0.00365445207860278 -0.0255934892351544 0.113608666775784 0.237603037533293
0.00163150429892639 -0.0423729796938439 0.130072548383956 0.257050980618322
0.0612137345741806 -0.0493172632641819 0.154362366583962 0.316214843031245
0.0906423804610571 -0.00495562679676015 0.265397584032007 0.352066814088342
0.126904616194189 0.0930695644788757 0.0745878225256751 0.326357493942243
0.0870256370497748 0.0361105096832836 0.0745452026014009 0.0281547296589117
0.0386505792670164 0.0119460301945373 -0.113698197330347 -0.163114602234515
0.0617574980683049 0.0127693890344362 -0.281679966544054 -0.166624773260996
0.0759845229363396 -0.0277840427028585 -0.367995196920593 0.00798723328333609
0.0489186894952362 -0.0744215487808472 -0.314100923198536 0.171879251623732
0.00372955438681655 -0.0972080922665984 -0.187772472360684 0.247615697345922
-0.00383766295799875 -0.121711916824771 -0.0508461659489736 0.25952161797435
-0.0228542300487067 -0.122302056592045 0.0587351963113908 0.235610386784013
0.000572541160715102 -0.158175632770961 0.12315144970263 0.236628133932574
0.0839997913179532 -0.147814234479409 0.137172163214215 0.234355569424393
0.130379466383715 -0.0987739287670199 0.148529929677288 0.241419629725696
0.157462425809548 -0.029219718132189 0.137111012337623 0.255185669122966
0.196838933701508 0.0478718816547856 0.12967838628567 0.277654153263507
0.206798072318299 0.120617527955491 0.21608070957009 0.289331437328217
0.167329657871157 0.212553801536859 0.0306155255173597 0.254414311850045
0.163907273414254 0.167318726852828 0.0539696819454429 -0.0355279622542697
0.15046590266404 0.0851166668854075 -0.129443143519882 -0.200049754575845
0.184447952531721 0.0126355983893491 -0.279682022972976 -0.179360413093554
0.17642862185131 -0.0729667058670884 -0.343858345488067 -0.00973581635526383
0.116942486021239 -0.148986378770868 -0.291210823814397 0.126553840478565
0.0389228816235988 -0.182772136424897 -0.180112931454628 0.185000908708617
0.0216699998486377 -0.20564244344625 -0.0544411231070346 0.196860470261669
-0.00392518839977216 -0.203487220242105 0.0576572383046367 0.164356892986223
0.0290451467231731 -0.250233264076744 0.140295802353256 0.164644425881597
0.146005679986195 -0.236743524179532 0.184438632509469 0.177474809319713
0.228686718083763 -0.17294656243871 0.194639606427789 0.224716831237371
0.286776525430561 -0.0353593199402839 0.150067649855266 0.251644383861881
0.308688742963971 0.119969063753522 0.0864616908410607 0.241435258793878
0.293134571018433 0.219463092215475 0.133031631050724 0.197514547898907
0.190351067202253 0.298081265716485 -0.0215767602229255 0.133551179815051
0.230461714233012 0.273740469766204 0.026002049697785 -0.127365061599705
0.261088388639817 0.143363515678332 -0.141534576001477 -0.247504036197154
0.297246904061544 -0.0037108957351952 -0.267330997164613 -0.193350170009158
0.256307313004888 -0.123904013755001 -0.294481052132252 -0.037148919734893
0.164190182826399 -0.211858751043614 -0.244646804406309 0.0606583617457219
0.0639742431457984 -0.243789831923163 -0.159308375562719 0.097186417801776
0.045010034796835 -0.257551696026638 -0.0506279795636051 0.108330751669731
0.0190411548574789 -0.251689440787181 0.0570529086701272 0.0701477505882269
0.060377687133578 -0.300254913304166 0.15127384144802 0.0706382003675738
0.192046362877586 -0.284707271169899 0.221355549530144 0.101064042348412
0.291858039639126 -0.215015064640597 0.234454043381855 0.194473934639156
0.369020665548093 -0.0308913919907492 0.153882453384365 0.242668047109136
0.36989861751339 0.178937961719232 0.0295673169172465 0.205723065873951
0.327465542621648 0.28757209733342 0.0353925007221375 0.0871720945930327
0.19245839749763 0.333284420836792 -0.0871622844364618 -0.0130626955806987
0.271570278541747 0.327336287018482 -0.0272324193446751 -0.224658205558869
0.335747299847599 0.168958826896034 -0.153972537564514 -0.283607185528944
0.362775504524546 -0.0319419631644077 -0.23477253138856 -0.201713400796451
0.290649147061236 -0.165313006265818 -0.225687380983262 -0.0794924750889075
0.179592411095357 -0.245790937977882 -0.187285010326215 -0.0250136878612385
0.0744690799179528 -0.269589852283716 -0.131133259000197 -0.00696012097561308
0.0615773678607032 -0.270649242441494 -0.0382784332999353 0.00698505114536138
0.0449974764288024 -0.261172795050325 0.0627542478900064 -0.0325043742911054
0.0960388807691033 -0.301897551440438 0.162373875197893 -0.0262933073376417
0.224313674531702 -0.277641198090505 0.250289881571628 0.0248563922028006
0.32268617623 -0.198845252090936 0.257986011171677 0.160036513247838
0.392093121598311 0.00336622475826362 0.145301919457333 0.225078878355487
0.366493154708272 0.22863945887682 -0.0291347964004495 0.161220273668577
0.302729758850139 0.32197778602089 -0.0535440637308363 -0.0318796036753381
0.165208503520428 0.309452993151643 -0.162622060210856 -0.157465871843925
0.262369376917005 0.316706916918419 -0.101159602513762 -0.29803972918422
0.341380624749663 0.157775363104372 -0.161730274188312 -0.296561853930965
0.352740082547442 -0.0533374661887823 -0.188462733203318 -0.202606142440957
0.26792962321237 -0.173697563069701 -0.150270952899368 -0.133885620083124
0.160782950787073 -0.236864606249679 -0.134058794956844 -0.119813159726815
0.0706160282526565 -0.252493576704559 -0.103837959437972 -0.110539277682151
0.0693321786152833 -0.243398544124499 -0.0205119230358592 -0.0919867331499685
0.0670732598487863 -0.232823754938905 0.080261971899116 -0.12780845748821
0.125587106341096 -0.257213351953022 0.183963699037293 -0.109700158194601
0.235871148889748 -0.2189010533879 0.279422737910128 -0.0324997309485788
0.315575086452296 -0.134410855584753 0.268681173417006 0.136473384585302
0.353763860639664 0.0630495357353854 0.126395885078779 0.201522847994936
0.300140472986384 0.263166374204299 -0.0716012641758753 0.102372288872183
0.227468979731656 0.316631488035466 -0.113099887256543 -0.149100170415875
0.102434775132921 0.234343727638199 -0.235323232024031 -0.270660822284812
0.195857319094614 0.251181361327326 -0.171334145647269 -0.331650181734643
0.269375342158078 0.120378508387303 -0.162141990541799 -0.288160225277013
0.266227906407829 -0.0522330299745155 -0.142138588724563 -0.201079693542054
0.193550555215519 -0.137461736302658 -0.0923358704834484 -0.186922946628269
0.1168689366047 -0.177934757417012 -0.0973416077793096 -0.203094357435967
0.0588985539574503 -0.190933275763281 -0.0826489729370858 -0.19691278886582
0.0674681626143025 -0.180028183679112 0.00059456247435015 -0.175319500696537
0.0760715201147493 -0.171829253246913 0.107757033755717 -0.202973127411025
0.130285690011213 -0.179758038125179 0.219138187560659 -0.167570697663075
0.207203536852353 -0.13333790646568 0.312991405273372 -0.0614224233089103
0.261319239376518 -0.0523703201099651 0.274516912418804 0.124986148102111
0.26686878974668 0.110498306576384 0.110923030414341 0.175304392281252
0.194069478878605 0.257533902813315 -0.082715696820377 0.040201185643536
0.120915286993628 0.265572006587819 -0.130676775389526 -0.249759042862263
0.00894280889485304 0.126951776404729 -0.285133178219066 -0.333190363352296
0.0819715710952501 0.155405182898437 -0.216717287483539 -0.324667526270165
0.140656163675402 0.0779451932404525 -0.151629661826198 -0.273581710704772
0.129969815586356 -0.023725762461762 -0.11463169747602 -0.204488028460423
0.0922218103294802 -0.0596125234760275 -0.0695509957791599 -0.224505116288289
0.0649831202208336 -0.0789383314647518 -0.084763493814948 -0.251477288922176
0.0443421877278427 -0.094234369539971 -0.068042485825727 -0.24866256305552
0.0552173526400006 -0.0896545114200146 0.0212562955841178 -0.229255088039202
0.0643047733611133 -0.0883046326083918 0.139157963585848 -0.24909725504409
0.0974238967343431 -0.0881449817739595 0.259500903561889 -0.19424624421257
0.134168635478414 -0.0548042742207976 0.344306830272756 -0.0669392138892375
0.168566465415975 -0.000328641546413034 0.280652002749406 0.122758356501778
0.157298707264099 0.115155452329155 0.109820703728634 0.15263822107531
0.0806980855582857 0.197421238340302 -0.0611480030098639 -0.00727983576066779
0.0123225664961654 0.166214242692306 -0.111835212626448 -0.315052525591147
0.0629278815284309 -0.0362567289476802 0.123826004435374 0.322472545017308
-0.0005136087160181 -0.0870532556883853 0.104461355632205 0.0409426218309632
-0.0647778314678682 -0.0461908348547284 -0.0968642671511332 -0.144777694270348
-0.0501984235523776 0.0121501756237743 -0.280668641874531 -0.14186376895387
-0.024568438239057 0.0153518843914825 -0.363585309667691 0.0403891160471821
-0.0204649594235615 0.00534283891198501 -0.290320593645237 0.210234251067683
-0.0303238769539047 0.00145019601971439 -0.157079339035099 0.278336526831158
-0.0304413509737882 -0.0174323299668757 -0.0255303417751326 0.278516194021899
-0.0392090772197022 -0.0171144954742987 0.0705238382823428 0.259892818342928
-0.0379031903605801 -0.0366498088259647 0.114744847410638 0.257923095513711
-0.00597571280936889 -0.0403040177534236 0.103237864720362 0.243398456399582
-0.00328466069140295 -0.0248399516274004 0.117951823592752 0.225523826770764
0.000850718532277708 -0.0409456473603417 0.132700747283769 0.244355305800568
0.0578212924220122 -0.0511488746162528 0.161185701715665 0.29990174874614
0.0884459645626709 -0.00807245973013239 0.273636600933881 0.328562054762644
0.126977557889722 0.0855794705081018 0.0870447130004364 0.311072972070271
0.087943310437958 0.0300469933341503 0.0776366787145015 0.0230026579851044
0.0383528960908312 0.00992891367947496 -0.115311099077922 -0.151944291326499
0.0603252754547891 0.0083754755515325 -0.280089750881273 -0.149132334110531
0.0728912832912537 -0.0317454868977383 -0.356093365832835 0.0228635296028023
0.0444415396486087 -0.0755735834523326 -0.294682062553079 0.180894514533212
-0.000778391711344036 -0.0945606947382144 -0.169050258351995 0.248923943057656
-0.0104772392434656 -0.118923552067882 -0.0367209281473891 0.253575498936941
-0.0271014837321103 -0.118455406710238 0.068469724442962 0.225424245015511
-0.00723819201306764 -0.153550563465405 0.132883092135759 0.223987422976678
0.0744784857235119 -0.149281847858979 0.144389967350744 0.22235799532121
0.123015436224967 -0.102256235141543 0.152820520149754 0.22729821354554
0.153321981451916 -0.03627246012591 0.138753656761754 0.24197995913083
0.19470482662261 0.037717351007473 0.136304314908817 0.26340717703572
0.206499518392992 0.107870950513792 0.222782292611524 0.271162855410461
0.17001858620058 0.199069776573221 0.0415433800196402 0.243247754654226
0.167983062622633 0.154339517714586 0.0558002092069333 -0.0367473212380967
0.149466284626702 0.0767073295435521 -0.132047912337141 -0.187033936780377
0.178808060426568 0.00212160070116201 -0.279111592865379 -0.161419348559932
0.167849592797834 -0.0805930089189302 -0.332009029229335 0.00471837049059849
0.105951293938791 -0.150791269549929 -0.274906945818115 0.134981242997151
0.028422373193002 -0.178768890898653 -0.165065397502091 0.188208303960147
0.00994691027016129 -0.200992590341677 -0.0429541259363574 0.192371147161898
-0.0133303796673124 -0.197987119833068 0.0633048086772909 0.155614102462719
0.0150382184029522 -0.244187490139896 0.146049136102088 0.152855666990809
0.129979708795699 -0.239125063634359 0.188297690320066 0.164580616428348
0.214980769456791 -0.179624996327713 0.199272533461855 0.209297896243564
0.277762639286091 -0.0475696418305235 0.151630948172778 0.237555992632325
0.306327454021163 0.103036928694535 0.0935849926380759 0.229925835604677
0.293870127377049 0.19992038590748 0.138936999404179 0.185959348018573
0.195052286775283 0.281058859202116 -0.0141465383026741 0.128392324933275
0.237866115646078 0.254660493939337 0.0240552052129362 -0.125152707479663
0.258766921983352 0.129502614642196 -0.145897741387616 -0.232498290142539
0.286587398910826 -0.018595778779003 -0.265836196560767 -0.175759150838105
0.24239849044632 -0.134027129815702 -0.285344474181976 -0.023961973779563
0.148808920568696 -0.213388200195626 -0.233012555470974 0.0684938931202529
0.0499549497653001 -0.239140356955097 -0.149899191082423 0.10162476659239
0.0298355778280424 -0.252583783744068 -0.0432299967389747 0.106528891240869
0.00637142429397846 -0.245656363956043 0.0581440415619851 0.0640012884247219
0.0433951686801989 -0.294315072546339 0.152210693957974 0.0612319952443436
0.17139087940412 -0.288042140405252 0.220720526891111 0.0879796526811062
0.272491748259672 -0.223123001745902 0.236549935690751 0.177548378238531
0.356820059536279 -0.0464029124439008 0.155827758110918 0.227803416231913
0.369290781242027 0.15651694303696 0.0368151948434775 0.197159110070533
0.330252731996208 0.263549958014419 0.0387789997981904 0.0849655699141977
0.198189378332932 0.31430879044428 -0.0842973513319887 -0.0111903044634747
0.278626688156548 0.304935409597334 -0.0312163430306451 -0.21681088673514
0.332049367985729 0.150398927400742 -0.158570018583529 -0.267577079240569
0.350356285430403 -0.0483127124608633 -0.235399760542814 -0.185867215305961
0.274003772225469 -0.175870137039936 -0.218845355742447 -0.0686312997141196
0.161225429139165 -0.247254333620909 -0.181445625904162 -0.0179507348787516
0.0581434529356296 -0.264470902641847 -0.128245021491956 0.000499202763595142
0.0450574113018318 -0.265926811431073 -0.0361003227690222 0.00862040302028421
0.030779291871872 -0.256245895182973 0.0588290074886838 -0.0354284939676875
0.0782467369137834 -0.298277319360422 0.157871683593107 -0.0344325867743909
0.203308069935279 -0.282186279444498 0.245158498987139 0.0113638645011381
0.303198463387834 -0.20912612579936 0.259290783369658 0.143719536304597
0.379957656681011 -0.0153836700574085 0.147142793388629 0.211598743340979
0.367985034830842 0.205559237995765 -0.0213936739330207 0.156796241292319
0.307768588099418 0.297274278880124 -0.0525629119232136 -0.0257627057709819
0.171210515041364 0.292388440252744 -0.163982160671175 -0.147076493002794
0.269222919818575 0.295631183942707 -0.10641660863741 -0.284664692289956
0.337104885746404 0.138800262503952 -0.168026775857227 -0.279311837943353
0.338842510816285 -0.0678177048991344 -0.189548323743608 -0.188937292994141
0.250649045638676 -0.182612547042938 -0.147710895922249 -0.125247845528349
0.14344961419616 -0.237060162460528 -0.134269394605269 -0.112259272963316
0.0553661545048822 -0.246969343366713 -0.107311879684564 -0.101173771384493
0.0538391340608831 -0.240283647764487 -0.0230534748819001 -0.0886529285372914
0.052871833868707 -0.229151537618346 0.0706431531408996 -0.129121621654948
0.108877288152323 -0.255682429714712 0.174414707537696 -0.116209351584723
0.216249993868607 -0.225113870287669 0.270532781324294 -0.0454267853787889
0.297926615828529 -0.145281604372428 0.268624421472939 0.11993434546113
0.345618089929687 0.0434736260081724 0.128265999187513 0.189398365463965
0.304497497862852 0.241437074249045 -0.0658491604236102 0.102287335121736
0.232833374951303 0.295324414397963 -0.115696088783384 -0.136013499086235
0.107916756647051 0.221694515377848 -0.240187200740901 -0.253391189510128
0.199830035235485 0.233826709088055 -0.176345441358116 -0.312811088374995
0.265743877467578 0.10573746220321 -0.166499620923441 -0.272182622412207
0.255518902848992 -0.0632063616676139 -0.14473058454205 -0.188747876402862
0.180104584568316 -0.142905044959218 -0.0944092646984726 -0.179552988415821
0.104425877866708 -0.177268648003115 -0.103586996618354 -0.194347848939616
0.0470959218447611 -0.186231075467443 -0.0907034145762396 -0.18622408451158
0.0553685800839193 -0.178103995048174 -0.00669669771368002 -0.1697583953645
0.0643082269932914 -0.170496541550031 0.0940561920041088 -0.202859085967948
0.1171962709308 -0.180485976145437 0.204966620483009 -0.172901490653219
0.192856603763543 -0.140455918573143 0.301147572945413 -0.0746780562696738
0.249316625332125 -0.0637485090133414 0.273791117107761 0.108778861191982
0.262747643519368 0.0937114855084646 0.113709148456648 0.164140406994195
0.200313636897504 0.240269553461926 -0.0794817825211629 0.0429739945631816
0.127050611900508 0.249771688014412 -0.138303931051406 -0.231950324596967
0.0127168463964439 0.121577294533499 -0.29114712052235 -0.310629682341158
0.0851200598588148 0.146169485724593 -0.220088078253191 -0.304747973454933
0.138931334570051 0.0695435731773217 -0.156443122764467 -0.258453416705729
0.124097496022941 -0.0287568501865104 -0.117629203272825 -0.192434708650083
0.0851576490411578 -0.0625286588221732 -0.0749073311345164 -0.216389479025788
0.0586902592083361 -0.0785621295720511 -0.094867362869683 -0.241921680154179
0.0384064726363147 -0.0922127134793579 -0.0796785646007888 -0.236755590918797
0.0484757315997627 -0.0900612804686302 0.0107280643192693 -0.22308559403095
0.0575628184676953 -0.0887397713290538 0.122632131972306 -0.248147593670949
0.0896001576639839 -0.0899899821299331 0.24045466826977 -0.201042025257726
0.125634899810677 -0.0591669537647841 0.329532878187837 -0.0814816165992201
0.161867888608756 -0.00784669716349939 0.279363459216543 0.105689710388895
0.156591641753578 0.10394281225902 0.11276122272497 0.142675531565132
0.0865727072724783 0.18737704223639 -0.0607233066413018 -0.00330145737174582
0.0170406384627957 0.158753803948608 -0.122225335434375 -0.295727849083271
0.0612820413120095 -0.0372692025908557 0.134069319851238 0.309056789421342
-0.00257097985460669 -0.0871361346145384 0.107138302546248 0.0341845011976557
-0.0640512014193906 -0.0434449332693132 -0.0980742168390142 -0.137176383444139
-0.0484263483217217 0.0132491131249436 -0.279932270446226 -0.127261623458277
-0.0228675192200817 0.0149232516857965 -0.353653781820578 0.053650970380748
-0.0184086097702418 0.00419575640860721 -0.273274157322168 0.21598893370918
-0.0290584391226886 0.00166020245515098 -0.138178012550401 0.278138682549021
-0.0304767818290285 -0.0167300519389238 -0.0131568478471281 0.273820725561142
-0.0376617470658406 -0.0159924933990698 0.081898866906883 0.250387256607274
-0.0387847245975797 -0.0340277001122779 0.125160106763578 0.248066630216764
-0.00687055791651443 -0.0403060242344747 0.109890414752683 0.235844780836833
-0.0028840868201591 -0.0247008400461834 0.121771950489916 0.21603971899502
0.00042188648832724 -0.0401056375218262 0.135023744011151 0.234595253871724
0.0551455981507124 -0.052931601960604 0.166715230983962 0.287602982073789
0.0869683147275612 -0.0117209443803406 0.281926829233604 0.309392569249378
0.127409124491845 0.0786128801865854 0.0975466897545599 0.298944300175939
0.0880484232847785 0.0240087440119284 0.0808394796498984 0.0179967518412051
0.0380608777270251 0.00784006770322707 -0.116012105336458 -0.14295753954578
0.0586828280701053 0.00485693521764034 -0.279045504282331 -0.134304796604366
0.069618387229969 -0.0357737195749488 -0.347827643553597 0.0367577441345479
0.0410208880723651 -0.0776001709569838 -0.278721808808983 0.188182682862821
-0.00473339984025073 -0.0928862891213844 -0.151765331703549 0.249724365432716
-0.0160438447862067 -0.117163989246332 -0.0245780531878402 0.248734449088995
-0.0304507812644895 -0.115200866002695 0.0778460110718384 0.216890003722611
-0.0147660594478509 -0.149966650044301 0.142047539787219 0.213962875977875
0.0667692576965168 -0.151029100830012 0.150538289788469 0.213231817030267
0.116814125231314 -0.106094574106529 0.157317912656046 0.216370897511434
0.149363827623495 -0.0411360471659624 0.14147249134387 0.232740270368876
0.192499283602167 0.0283920402137459 0.141846131924191 0.252233260115849
0.206494561301249 0.0970418241233379 0.229148867562849 0.25650897387463
0.173181927545833 0.188495646690709 0.0507093185372968 0.234087495882247
0.17160753547832 0.143022158932812 0.0575273836244711 -0.039951246802782
0.149224884422486 0.0695976212491832 -0.132430035028654 -0.176927723264562
0.173649057350462 -0.0056869373142435 -0.278145884982429 -0.146912680924026
0.160360046379111 -0.088503735366127 -0.323050891097624 0.0172442262648519
0.0975386662995879 -0.152526843861188 -0.26051508991025 0.141292817725406
0.0198280254481972 -0.176398803744889 -0.152603884980071 0.190044735734299
-0.000121631237485809 -0.198204543583874 -0.0326939637795665 0.189847172503852
-0.0221101220476919 -0.193780460603221 0.0693903542879025 0.149181350135311
0.00414947805952049 -0.239861360493057 0.152244498807735 0.142105058298313
0.116979446312702 -0.241970150233125 0.191823127596674 0.153395553524276
0.202146421981661 -0.186153132050947 0.202763727272113 0.196108493668224
0.271184532468448 -0.0584882240184308 0.152542642492868 0.227798621692703
0.305425530201158 0.0886232142554376 0.0988857590380003 0.220353838794209
0.295596570857377 0.182448110631092 0.143571984044591 0.177335780772175
0.199936235587562 0.267403051803175 -0.00790995535995741 0.123880346948605
0.244217171253713 0.239434211122398 0.0237923004189207 -0.124572933739126
0.257616672659909 0.116683946765773 -0.147843690985807 -0.221086438596507
0.278958183682552 -0.0308406306013334 -0.265664402880513 -0.161798302433173
0.230623256725848 -0.14360509513902 -0.276466139212733 -0.0140410175453046
0.135492049084533 -0.214999151848692 -0.223470783634532 0.0751537988589621
0.0381313852164818 -0.235082586508245 -0.142221500652672 0.105063715643596
0.0163694813487589 -0.248387203026729 -0.0363987706119821 0.105751043436006
-0.00464843337628481 -0.241619236874345 0.0595829879316186 0.0595439889132381
0.0285442467065955 -0.290436414207867 0.153089931792283 0.0517215479887897
0.154103253749449 -0.29154876061322 0.220519702144098 0.076391444871881
0.256894444023523 -0.230298098907632 0.239928378690157 0.163092509717179
0.34884425623402 -0.0623707362653111 0.157211076794317 0.217504845048161
0.36979881895721 0.139727325385403 0.0425589489748237 0.190030812349815
0.334092684944727 0.243868682085383 0.0427648466961521 0.0831675852845235
0.203611955777996 0.300396881290502 -0.0811881237749491 -0.0096297580068563
0.286031490966893 0.287991938970584 -0.0337256262026434 -0.211495280543607
0.330081237254453 0.13469717791398 -0.162141888399832 -0.254911318878169
0.340294066643166 -0.0618499426827436 -0.234938405483787 -0.172325147331788
0.259135228498051 -0.184461756233312 -0.212898554338724 -0.0607983558487911
0.146067207682514 -0.248581033376968 -0.177287515902895 -0.0126078753467571
0.0444944124977992 -0.259574083413665 -0.12588325887502 0.00617503843123388
0.0303303919303508 -0.26298748607155 -0.0334321367938965 0.00878718063224681
0.0183448830515796 -0.25191420579774 0.0556791747567454 -0.0377676793446555
0.0619832570024948 -0.295098953223419 0.154763885728684 -0.0413905844965392
0.185365585706797 -0.286893862947085 0.241727066862666 0.000656390911967969
0.286457080134574 -0.218756368090411 0.260594000325694 0.129420697997867
0.372671353493825 -0.0323917445908474 0.148667437944755 0.201376577853266
0.370494213870554 0.186482676154098 -0.0163292072513794 0.153149020226228
0.310921951915226 0.276363084870101 -0.0506575849853032 -0.0201757812526987
0.176847661621641 0.279797604890761 -0.16544840554799 -0.139169364581365
0.276291724703792 0.2777376605172 -0.109776456444175 -0.275119346958782
0.333009781274004 0.123880877201409 -0.171745593071383 -0.266341102870348
0.328805928000491 -0.0809538174611207 -0.190375680789475 -0.176327496900545
0.237036747823109 -0.190534490788472 -0.145798801244488 -0.119205537562709
0.129398593267642 -0.237296931189396 -0.135940797629181 -0.107184588754448
0.0425818414827815 -0.242602419798655 -0.110437476050979 -0.0943003049998213
0.0407305985945777 -0.237252539758045 -0.0248415350013783 -0.0854102176417191
0.0409896815400637 -0.226092992751395 0.0629874644700906 -0.129235462862444
0.0944759236396792 -0.255439225551459 0.166434306055698 -0.122354346395082
0.199734124609901 -0.231344359391949 0.264122237201238 -0.0567176508102005
0.283659037622114 -0.155033648558388 0.269868932388671 0.105630903221422
0.3395726567386 0.0260753396814347 0.130971702019526 0.179808879872724
0.310466593243094 0.221613522871408 -0.0620081534588174 0.102817706210699
0.237503422689199 0.277781630555183 -0.117161083402316 -0.124805911451044
0.112289480490219 0.212548899831315 -0.243620445213873 -0.238361051732825
0.205190276422822 0.220137970028793 -0.180421660874321 -0.300629431627019
0.263336963452565 0.0937388534244825 -0.171199530385054 -0.259062488584541
0.245805208630635 -0.0722026227427647 -0.14592455337544 -0.179129074286441
0.169342407704627 -0.148138900888843 -0.095827319290645 -0.174558375282908
0.0934709374155059 -0.176605784888251 -0.11060865035275 -0.188890789279473
0.0369937071205938 -0.182964215366808 -0.0986479883439135 -0.177128494103445
0.0453121322867689 -0.176860296345083 -0.0127683371050337 -0.166534893241081
0.0546808788424126 -0.169348530825983 0.0830326435132749 -0.202246340875636
0.105647048481003 -0.18175297580145 0.192515548620522 -0.177783115442461
0.179932017853557 -0.146330584965957 0.290903586402227 -0.0868090104911335
0.238428103946836 -0.0732052012727306 0.273921534392397 0.0943112671632642
0.260127278751813 0.080002934469985 0.115908847555008 0.155491150688045
0.206821045090447 0.225973260034626 -0.0761522908528447 0.0452801454886884
0.131795488793037 0.237061067757815 -0.143131532250058 -0.216506209186239
0.0165156344962685 0.117430676927613 -0.295322473830271 -0.293564652919199
0.088595152546112 0.139361840808549 -0.223413977529713 -0.288883104553431
0.137880897516225 0.062925686992715 -0.161019406117882 -0.246916340768405
0.11988867803179 -0.0325870661828567 -0.119592356009001 -0.183693236635102
0.0801463635817635 -0.0643317095082417 -0.0804192108108223 -0.211362352791762
0.0541105334875346 -0.0778839396450756 -0.104174937801763 -0.235034682789464
0.0330773937090744 -0.0905475605898956 -0.0897706297658377 -0.226642347897782
0.0431134288606045 -0.0902245201889586 0.00188914111044045 -0.218348771343601
0.0516452857193273 -0.0886909371304598 0.107637106383299 -0.247295852050702
0.0832156225462036 -0.0917872022313887 0.225851083743359 -0.206690567608979
0.118975212194581 -0.062496186872019 0.318547160079834 -0.0942696863513178
0.155800687590819 -0.0141464182945376 0.278582483234289 0.0920986037177138
0.156352354968147 0.0941651819355096 0.11467307306764 0.134349406730947
0.0916565475081805 0.178589086544115 -0.0599698251156289 0.000473326382657996
0.0210191919459382 0.15305870773481 -0.130398575151143 -0.279790018511089
0.0605386391373868 -0.025462342455689 0.0807550805431636 0.320567668458546
0.00981868067153485 -0.0832679875088247 0.105384319194213 0.0493073568313507
-0.0506908453779647 -0.0522787900281941 -0.0663720863669932 -0.149056326722373
-0.0429648151516459 0.00276700298401577 -0.247933200520119 -0.168725114071131
-0.0193818400650782 0.00638330443387003 -0.350963646940138 -0.00644163255982149
-0.0156971635747269 -0.00231880157194386 -0.300851542856796 0.162054221458008
-0.0255107154563635 -0.00336566595162919 -0.181586760089594 0.24568260650918
-0.0262262645529297 -0.0233313485883768 -0.0592436116235555 0.260704508445254
-0.0324104195447032 -0.0234338237610579 0.0367511337689689 0.254667454424707
-0.0300210637699714 -0.039676724467412 0.0764992470100654 0.260057433024482
0.000845147639595589 -0.040964408139144 0.0642901325888566 0.247139293850381
0.00524443726697518 -0.0249167385415082 0.074851119594544 0.23106938574526
0.0113478903386952 -0.037426536198338 0.086539371492365 0.252307410381277
0.0659183783575975 -0.0414390354512703 0.112164309550403 0.313580984196937
0.0866974054087136 0.00408965264711281 0.221048492116928 0.362507062381079
0.102633574892992 0.0950326129779371 0.0479522356442905 0.306401086992121
0.0794768134713063 0.0358424078335691 0.0781262286200175 0.0320671611718042
0.0376341321644526 0.0131257653101644 -0.0838046491504956 -0.154903295108064
0.0574875370422077 0.012158809121533 -0.245028406483096 -0.173969205010176
0.0763749439663136 -0.026441497935862 -0.34140539697548 -0.0211269770058768
0.0543434483677974 -0.0703707769786113 -0.299791418608695 0.135180314805593
0.0123948723078624 -0.0899038210345683 -0.189793007504435 0.2151573850424
0.00397380620472115 -0.118041619794346 -0.0661750205776771 0.234799477787578
-0.00864160686958682 -0.117734444338382 0.0391767985895452 0.221775238048035
0.0130649483827793 -0.146376621652196 0.100051559400157 0.226816032779468
0.0915443168475215 -0.135233466455227 0.110307158207575 0.227514101684021
0.133978784564025 -0.0800526924349923 0.114138639921772 0.234259633909931
0.156088745703166 -0.00974375677738716 0.0965347672752704 0.250724016864155
0.184282188945801 0.063319790390642 0.0941865666825579 0.276071480426779
0.181792707290298 0.13157137690185 0.180038371785805 0.299987247714299
0.127620456305518 0.206944877726835 0.012922585210143 0.236781376667989
0.140189481938478 0.16218162367458 0.0603669243674391 -0.0250050542512473
0.133174693730237 0.0904738104525249 -0.0967669849305385 -0.186505721926309
0.166385427890539 0.0212153292438656 -0.241097196617437 -0.184401391877421
0.170153209301103 -0.0608072236691029 -0.314806518390124 -0.0356058559052862
0.12044271636807 -0.132392217746232 -0.273899217923715 0.0951193380702047
0.0486569607278185 -0.165363506888081 -0.179256420108973 0.156953380142939
0.0323853252581001 -0.194526888524877 -0.0643302830107247 0.176584369041278
0.0140938812674028 -0.191507194251997 0.0426789238314747 0.154074630211591
0.0457119955007253 -0.229277973119788 0.124297819581752 0.158683087566413
0.155600106444684 -0.213474016024163 0.161962465551178 0.174397939341096
0.229675801330923 -0.140638245893641 0.165509314151808 0.220559923281595
0.277618584473923 -0.00249029960430133 0.113065920472677 0.247084354567891
0.281114180106288 0.142753085655101 0.0579342248015311 0.239406106697905
0.251187728063904 0.230826143907798 0.110852818118489 0.205648242247092
0.141551251952435 0.286475053385994 -0.0261288604825005 0.121294047177136
0.195545158533611 0.265109322979226 0.0376237454167326 -0.110175271369875
0.228955784846863 0.154267787052207 -0.105439324505712 -0.22823281498095
0.268767292830814 0.0150870279944365 -0.226843711562356 -0.194279214678509
0.245829190872698 -0.100425358433702 -0.266038563761356 -0.0573695361481805
0.167120804433844 -0.184286869128376 -0.225779309745578 0.0376755520937198
0.0744519301930543 -0.218492749387089 -0.154620924176761 0.076802793647931
0.0570413231802942 -0.240956103224523 -0.0528977303108648 0.0940960409630712
0.0390429747047067 -0.233901570688837 0.0491858418390742 0.0662812993365494
0.0770207683027036 -0.273831391228525 0.141760011505899 0.0710572464626137
0.200522081597573 -0.255847773226686 0.20499868999223 0.102344788089518
0.288452788744888 -0.172719362007465 0.209302020413179 0.19323908986655
0.352411199491271 0.00819845653338194 0.122821877362445 0.237278523825218
0.335098009649589 0.203446317687383 0.00846859461732302 0.201345895235053
0.275528683417327 0.297166016144078 0.029453901927922 0.0930346408167742
0.140419723788258 0.317926997767405 -0.0755734249714274 -0.0191661556225013
0.229193678990904 0.317458141984216 -0.00595060452716556 -0.202354820253927
0.296099459553702 0.182468360829664 -0.114137845057452 -0.260688773944057
0.331185986943101 -0.00467528930353762 -0.194124131040711 -0.198208322889271
0.279460502983211 -0.134181648247369 -0.196333879978231 -0.091682350628068
0.18200160087539 -0.213222776672069 -0.166128834343644 -0.0385881911634075
0.0839434530315796 -0.240279118378279 -0.12159339648276 -0.0165480045290094
0.0728102637924985 -0.251532594632017 -0.0330869138669495 0.00265807090010953
0.0623272422785593 -0.238636506392382 0.0623533359698881 -0.0279368482824613
0.109436260813147 -0.271769255501537 0.159274034062559 -0.0176039560082205
0.228670728747159 -0.244885364886912 0.239135033490317 0.0326027612802791
0.313140907315305 -0.15575189966803 0.237460833953046 0.163757680976639
0.369153178345066 0.0420377516254782 0.117466542146293 0.219892842093318
0.3253975259421 0.249838204248532 -0.0434391797555035 0.15394071777533
0.248760035767895 0.325046876316357 -0.0437897214671212 -0.0271981612970216
0.12052496589204 0.293605215371153 -0.136030254569202 -0.158539013628942
0.223356978497107 0.305545732776427 -0.0685458778830855 -0.275765830993077
0.301632833200084 0.174655405377339 -0.121379792901545 -0.273495161097978
0.322055436391096 -0.0227017006020972 -0.149912050789767 -0.195151842427133
0.257988723594036 -0.141997089046482 -0.121529486616018 -0.137094922045996
0.163929098566339 -0.203473192364218 -0.111567825128861 -0.124382453418113
0.0789512680012407 -0.223904468602019 -0.0890899214016988 -0.111172234476765
0.0778119652521181 -0.224299121655973 -0.00816111721626984 -0.0876796806391796
0.07880467915654 -0.209934041575282 0.0853129534177243 -0.114506430381414
0.131999277400811 -0.228459781390417 0.184785678152938 -0.0914069927338548
0.231721435065633 -0.187742671383623 0.270200288994355 -0.0172749484870609
0.297820299337458 -0.0957108271537466 0.251579580052101 0.144928385358786
0.325610952585957 0.0924968013266026 0.103502498552101 0.19743842857763
0.259131759006192 0.272023615495508 -0.0795870492041812 0.096309134795434
0.175387818098235 0.311493904699488 -0.0896518263515557 -0.142940020082203
0.0725148277440539 0.218460587530033 -0.196500505426615 -0.267986560284322
0.164664362459204 0.240396819446448 -0.13115028868305 -0.314043602782728
0.238653054503128 0.132954897949262 -0.120720798972716 -0.269383303197892
0.244312176741707 -0.0272566320087252 -0.106466834446882 -0.191020942576934
0.185917011267286 -0.111250003417437 -0.0638766874469446 -0.183329967205782
0.119680387095131 -0.1510567994042 -0.0741229175299014 -0.199797587909795
0.0637272991480548 -0.167334613396709 -0.0637519807351725 -0.189391559028971
0.0723887271701081 -0.164516087986965 0.017809865906038 -0.16243325920152
0.0821665210011462 -0.152028362308137 0.116240683690624 -0.181109200563174
0.130580852333659 -0.155481756012715 0.218213920796615 -0.139010219821951
0.197285047965812 -0.108262740715183 0.300738499933754 -0.0384567251216558
0.238798461014793 -0.0264572326585565 0.256588759117325 0.138093666468459
0.235933745113979 0.128370863585794 0.0928940267154348 0.172518483443359
0.156889100369651 0.25561898237495 -0.0852886866440277 0.0370434948890167
0.0792558123528288 0.252203006943772 -0.0991250742892397 -0.238664336654944
-6.26423977562914E-05 0.11233926338432 -0.238501421008159 -0.331248553521757
0.0666881830190508 0.144446752167525 -0.171199360270263 -0.312773559848074
0.124344797953529 0.0830554501156165 -0.112907222596136 -0.259964458685641
0.119660762305928 -0.0105290812246368 -0.0814156738387232 -0.193917850930135
0.087660011895794 -0.0454706662655269 -0.0425932885869707 -0.218213251951125
0.065749469045387 -0.062420696198534 -0.0626007600741132 -0.246024933773258
0.0450754634064922 -0.0799253130721595 -0.0471503820829485 -0.236535945792892
0.0558423417982279 -0.0806321309950673 0.0411279340596275 -0.209131004070802
0.0640993430873357 -0.075162996244891 0.147436116818471 -0.218772029752728
0.0938693297372152 -0.0736430401613627 0.254514390384161 -0.157283746881213
0.124037486936935 -0.0380390834525123 0.324949812878034 -0.0368776155121669
0.150255882515117 0.0144330269409564 0.258608966823068 0.137948566050698
0.132353626004979 0.121844510228509 0.0929742142263515 0.152721323470249
0.053950596758167 0.188383472508048 -0.0621304788052351 -0.00573926535815448
-0.010958867632505 0.150982664893949 -0.0748567823197397 -0.29886389803204
0.0585311295883041 -0.0266578938965903 0.0904928472976077 0.307371229561507
0.00618141883630539 -0.0829355221380928 0.106898418754273 0.0420825922427816
-0.0506748849319844 -0.049952137021597 -0.0672470913017571 -0.143218717305133
-0.0415701451421862 0.00369293081631257 -0.245388930922816 -0.155215775172446
-0.0187575025500175 0.00585868681518621 -0.341709828759141 0.00689896170769437
-0.0146098693106962 -0.00356505929603559 -0.284527417542617 0.168162941679748
-0.0236290684342315 -0.00325400474938582 -0.164328226407876 0.245113495704519
-0.0262294776869162 -0.0228046604571024 -0.0468751341785302 0.255854739385102
-0.0314510548717851 -0.0227983794924141 0.0466847397415945 0.246748612310966
-0.0301681371344077 -0.0372960488130466 0.0858951311889783 0.249724971199548
-0.000240052050419425 -0.0410718765534064 0.0712401057547591 0.240346360494147
0.00492242266825945 -0.025091866016906 0.0783532436251562 0.22231750981273
0.00996543446502826 -0.0365546043460086 0.0887130255992598 0.243167321127631
0.0634980573818215 -0.0435175520462242 0.117585894979059 0.30146223265048
0.0843946802263299 0.000529765793109066 0.228912179565334 0.342495381393164
0.103166616798589 0.089629675500115 0.05676472801023 0.294384387571506
0.0782359198331841 0.0308142164901729 0.0809066357491443 0.0262140219959554
0.0369929218884989 0.0109726834031619 -0.0841530013950439 -0.147889996657501
0.0560425750989443 0.00844805920291709 -0.243278406869875 -0.160329185997158
0.0724444441092548 -0.0297322268665948 -0.332351450724209 -0.00818597838528883
0.0498845596254556 -0.071834038623863 -0.285263024538546 0.141636200335145
0.00879824348729455 -0.0886179683432461 -0.173537726092418 0.21504536427513
-0.00156760164001224 -0.116228205863039 -0.0547663259715057 0.230663179311689
-0.0124734839457505 -0.115570590571428 0.047946510843336 0.213334513238156
0.00697002525420859 -0.142772794400113 0.108431861276864 0.216288736065193
0.0839827703885724 -0.13611503200783 0.11659221857603 0.218854978915579
0.127958534960275 -0.0841834832804938 0.117722001127696 0.223507646678314
0.152135689379342 -0.0148892064110432 0.099104656920368 0.241048260249103
0.182302561183476 0.0548740146987986 0.0982838420264569 0.265270360819384
0.180557162343906 0.119823078025697 0.186697039439401 0.286398477378486
0.130329650032742 0.196924225950227 0.0214946734522227 0.227336819024649
0.143603677958776 0.151432770592587 0.0621137333343487 -0.0280845093802075
0.13267300969079 0.0835996846582275 -0.0968309926810597 -0.177260533474469
0.161849314036373 0.0140192985160259 -0.239251624102106 -0.170557751648987
0.162582440192259 -0.06675249811252 -0.305985010839197 -0.0243562725338693
0.111639673694872 -0.134266532155101 -0.261508590502195 0.10074299287169
0.0407255814766757 -0.162480595536382 -0.16766764139459 0.159138297034178
0.0226141276631923 -0.191431846370291 -0.0547215584130498 0.173540724968781
0.00642345824086035 -0.187936142603991 0.0480547518070044 0.147606610534803
0.0349727462850666 -0.224869688049797 0.128939493674292 0.148955315524926
0.1425805778382 -0.216204898848936 0.165110746934788 0.163434592051438
0.218142658864523 -0.147069931497455 0.167872255103691 0.208045746118595
0.270221767414149 -0.0133857774285741 0.115452699860652 0.2370032969543
0.280940445167242 0.128354493776861 0.0628116152009371 0.230805969055614
0.251081043447673 0.214291250237393 0.117057437375155 0.196792873994327
0.145202966024013 0.273897162923689 -0.0201862937886314 0.117215927205636
0.201238367948144 0.250585306356044 0.0373086844354413 -0.109387490465482
0.227706401315837 0.141889849792986 -0.107164679796877 -0.217203617290215
0.261691472584116 0.00407745835469275 -0.224222608009047 -0.181943754822285
0.234337338213544 -0.108806609029937 -0.257992794799151 -0.0478208084087655
0.155182511162337 -0.186672167519528 -0.217719252424974 0.0427713183098921
0.0640880217000458 -0.214649065545002 -0.146734580369458 0.0807242151971184
0.0445443954330423 -0.2375308008292 -0.0462158016879163 0.0932793456544846
0.0277423689370456 -0.229402013463106 0.0513072046746702 0.0616519136292774
0.0637141072680649 -0.269050907584312 0.142465102258866 0.062532291017828
0.183624060717124 -0.25904618862974 0.204171458902615 0.0914437413253483
0.274247483445674 -0.181411387721386 0.210883778900197 0.180405634042668
0.343527392757836 -0.00574471777921189 0.124043858259019 0.226398344867414
0.334883018085943 0.186934239807308 0.0141248893429238 0.194477719261985
0.278065743426126 0.276733754806112 0.0335272664594299 0.090846071691286
0.145566156098259 0.304722913475079 -0.0731063539751612 -0.0179132498466849
0.236503783300286 0.299814460772867 -0.00830853798516963 -0.197372594042909
0.294133601372349 0.168628912482805 -0.11646588223696 -0.248155891816984
0.321096025613114 -0.0172665377126268 -0.192453924627129 -0.186280567758338
0.264885076525759 -0.1426545622798 -0.190143418682702 -0.084084501138276
0.168763242770475 -0.214982962042942 -0.163108155389149 -0.0343641614751078
0.0716761676846129 -0.235899761882305 -0.119670556165096 -0.011011849062844
0.0586410828268662 -0.247696408564129 -0.0310491703227334 0.00268069833944637
0.0500275991239503 -0.234803162095222 0.0601050171112367 -0.0309331268323153
0.0941647496801957 -0.268923364545969 0.155723001587747 -0.0255917564547995
0.211120746527571 -0.248967029560297 0.235227130277105 0.0221996384903245
0.296520754995931 -0.164619306773327 0.238555257396597 0.149529394843265
0.360835925417686 0.0256191772328995 0.119162421973597 0.209536816438112
0.32706003783024 0.230388234840367 -0.0378651648847412 0.150070847355319
0.251635483731045 0.305171470806489 -0.0425582374106066 -0.0221834400875099
0.12475013655068 0.280513527356825 -0.136569714468745 -0.150598112118391
0.227937492996565 0.288438926805074 -0.0721199956536839 -0.267237964058554
0.299246937828317 0.157928851674807 -0.124628606013308 -0.260534885967389
0.311276536355174 -0.034339072625817 -0.148833591210278 -0.185027870710862
0.24458313268597 -0.148911443609321 -0.120372193334606 -0.132028773957486
0.151049281034579 -0.205250849764524 -0.113483369816199 -0.119264075041962
0.0676963725728951 -0.21957583752433 -0.0920440746586449 -0.104143787245075
0.0652478633360564 -0.222003063818311 -0.00995184021722947 -0.085738775374163
0.0676952769428341 -0.207087058202453 0.0782910190404705 -0.115159979947578
0.118475125819028 -0.226233178070137 0.17672085514014 -0.0973866011471397
0.215965536307383 -0.19292659234701 0.263234753505549 -0.0286942214591233
0.283425237004209 -0.105531052879238 0.251294041810823 0.130690570499524
0.320328922071759 0.075604719058253 0.105122565989407 0.187899764064474
0.262659259491198 0.254029652538454 -0.0742671994781986 0.0966345975181644
0.179132837271469 0.295048265628483 -0.0911768637122975 -0.132709285845723
0.0771991610218946 0.209059408504873 -0.198549830529457 -0.254732034881827
0.169350444426688 0.227462755793532 -0.134292511805927 -0.301077899087556
0.237015467505537 0.120860194921981 -0.124478046874345 -0.256801006582637
0.23547733654445 -0.0362240413256298 -0.106835178972388 -0.182009972590767
0.175496814819712 -0.115491315119189 -0.0659809752142815 -0.178553897314648
0.111027923597087 -0.151219239838392 -0.0823111171939717 -0.19428564761654
0.055198174320801 -0.163652985276042 -0.0703225087898376 -0.180847087769138
0.0622204761133448 -0.163364412896142 0.0120184004058257 -0.159145984119568
0.0723959608745099 -0.150913396154755 0.105471705805718 -0.181075733222071
0.11937541058734 -0.156287075402902 0.206504420416026 -0.144175551283746
0.186108646155271 -0.113658695018807 0.290835956027891 -0.0497844943999218
0.229227894781314 -0.0355593433456845 0.256044401808592 0.123528983858012
0.233403911743759 0.115128933419931 0.0948361674259165 0.163572683352898
0.161861929548463 0.242050540764026 -0.0821295850284904 0.0393987523589396
0.0844557000368779 0.2412677994912 -0.10445011425151 -0.224677079166321
0.00250230096419023 0.108566273617469 -0.241817736572405 -0.312617073011635
0.0693871294976804 0.138118137285429 -0.174358966212233 -0.297992215073367
0.123533882316725 0.0762736827536227 -0.116843974870888 -0.24842394936646
0.115310548182143 -0.0144242642912624 -0.0822757501823932 -0.18585201352703
0.0830072935726319 -0.0471966797997694 -0.047462196178062 -0.212670251132584
0.0618412283559701 -0.0628505393722128 -0.0729609366001892 -0.238369355118602
0.0408855533044677 -0.0787891019459115 -0.0566650058497533 -0.227562099650966
0.0500720215998265 -0.0810676033189036 0.0324022681929777 -0.206229495748714
0.0598427348680042 -0.0754893537541615 0.135322216325917 -0.218771628977459
0.0871821356325836 -0.0749442382545739 0.24061102801941 -0.163783310221311
0.117881772907825 -0.0411832464901839 0.314216595159065 -0.0494655597638449
0.144322779276344 0.0083500671045021 0.257283296430187 0.123580532932708
0.132322549103926 0.112898660992189 0.0947169354119033 0.144044513834858
0.0584083362478444 0.180102685939179 -0.0609855864316757 -0.00203417113518663
-0.00790015798531941 0.146887614264405 -0.0834375058454349 -0.283211328863788
0.0571001500079426 -0.0272666879178128 0.0947405909333001 0.296159074436346
0.00292216510610749 -0.0817531740102527 0.107780333061511 0.0360930551177505
-0.0506409958587727 -0.047284056776685 -0.0659636092700206 -0.139671444840569
-0.0400171498263663 0.00404875876466495 -0.240835427378952 -0.145673503840591
-0.0180613358331245 0.0056112613637205 -0.332156975648246 0.0146949247208174
-0.0147656709969149 -0.00500289658249983 -0.272229527631975 0.170388224671891
-0.0221913640392151 -0.00431626545314196 -0.150392890959998 0.240746151581356
-0.0264537439919601 -0.0222884473724501 -0.038150980310869 0.250476911157551
-0.0305159479018584 -0.0225466877001942 0.0533250618652753 0.237952696501201
-0.0298125154918112 -0.0355205365841002 0.0919183113868174 0.240687155856416
-0.000825072822117343 -0.0402645000403012 0.0750563110133811 0.234510724568968
0.00495690605700936 -0.0252592391373749 0.0789977273829909 0.214541075668953
0.010619523679083 -0.0355456466971779 0.0884807744083195 0.235998030712077
0.0609917527863958 -0.0445187363961464 0.117697185458897 0.292284422799271
0.0817120359894822 -0.00206825266405525 0.231173221798584 0.327068622908756
0.101746540090696 0.0851927458366227 0.0629405872166295 0.283766634748292
0.0770463629861267 0.0268979000837668 0.0820495419518843 0.0216091736850761
0.0350103974585572 0.0094261178113334 -0.081436773532512 -0.142001556009292
0.0542050130442089 0.00647241608892072 -0.237560256388123 -0.151956515272543
0.0692973105398851 -0.0321633508239081 -0.322752098153236 -0.000235438608771515
0.0462220833908149 -0.0731195506754061 -0.273251805851334 0.143745220955621
0.00694626597594376 -0.0877215347578421 -0.161260421880473 0.213185512327318
-0.00566444819226177 -0.114085550540915 -0.0455394148624893 0.226399581066317
-0.0150980331855287 -0.113337522442325 0.0525865566060171 0.205449579635285
0.00254590781680198 -0.138965003357745 0.112738097772709 0.207475385409027
0.0777066177698303 -0.135983853386337 0.11851161848867 0.211512733591943
0.12288520383925 -0.0860314002223807 0.117963620293067 0.215378652703588
0.149175648895848 -0.0190369890652987 0.0982530998920046 0.233903861483666
0.180242200694227 0.0480627580094721 0.0999893298195512 0.256717244554483
0.176787931411983 0.111242464884504 0.189061507479018 0.274382086679507
0.130381166264609 0.189343652952602 0.0264854062972046 0.219225323573722
0.143773070867314 0.142947097723821 0.0634369212564667 -0.0314181474852466
0.129561334576483 0.0781116674031757 -0.0944349681458927 -0.169539185834736
0.156698779425842 0.00839778048110408 -0.233998568927366 -0.162215140073413
0.155611936599934 -0.0705030985300534 -0.295932252885256 -0.0173189365215601
0.104753529364735 -0.134961019134433 -0.250889600957948 0.102955969427213
0.0354741174614395 -0.160065759185062 -0.157479866521259 0.158994904603079
0.0153140263711634 -0.187748906881931 -0.0477351895449925 0.169676789381727
0.00105224215060107 -0.184675727310438 0.0512885252321191 0.141720972184459
0.0277559338593353 -0.219587987021079 0.130880434573766 0.139897820725293
0.132863427900326 -0.216408837232106 0.16533584886655 0.156118203298516
0.208244015450787 -0.149682037472778 0.167845716816931 0.198193621141909
0.26423325259612 -0.020603564923424 0.114252379925593 0.228863743649045
0.278121410009166 0.117341746888685 0.0644119547842344 0.22333513708205
0.24832959542281 0.20099240184785 0.118934075830712 0.189615236691416
0.145612564969536 0.263911081882974 -0.0163475307283239 0.112818776315588
0.202461287900892 0.237839330515156 0.0381294241090385 -0.109868811118566
0.224997123318632 0.133634179263982 -0.104267657416888 -0.207460178468287
0.252955257221937 -0.00256457381789275 -0.219597501987994 -0.173627151922856
0.224076616506403 -0.11296623337385 -0.249078689182793 -0.0427685052059127
0.145350952719364 -0.187103733945852 -0.209654436079463 0.0450140095110671
0.0561630157767286 -0.210310565483794 -0.140871599088002 0.0822567456894609
0.0352887404313325 -0.232555810831185 -0.041843254409924 0.0905778760163656
0.0209279457791161 -0.22546191023528 0.0511387018092863 0.0574501340430325
0.054030144533929 -0.262933114274307 0.14190967966749 0.0549222885530192
0.170624497020598 -0.258786081074381 0.201929811505957 0.0835516976786167
0.260963061682918 -0.18399318141693 0.210317687423617 0.168939013957181
0.33595644833752 -0.0147230867402111 0.122283302707017 0.218379970725826
0.332365023551344 0.172795905821831 0.0158610548949015 0.188165144686842
0.274205835806091 0.262101763986154 0.0363401572082618 0.0892012374539078
0.146271143739854 0.2937766171695 -0.0703622208044297 -0.0177658183561773
0.23788890441654 0.285424752356522 -0.00780960229872367 -0.194083364158519
0.289731538219337 0.158111076340572 -0.113990008337935 -0.237116379642789
0.31066675153046 -0.0245279899817476 -0.188182847446447 -0.177773183304416
0.25301618193773 -0.146682255325482 -0.184715888764669 -0.0810677632025998
0.158035993707869 -0.214914784370174 -0.159805712612159 -0.0318078785529072
0.0637206696507021 -0.231131690064604 -0.116470169780625 -0.00759048979672129
0.0486056674799188 -0.243320604649847 -0.0290173181892568 0.00138836829265948
0.0415591847244237 -0.23077978512403 0.0577003544299341 -0.0324281046514058
0.0837748815126935 -0.263725441817486 0.151830122298111 -0.0306138668439918
0.196725633707364 -0.250002436059796 0.22969900352103 0.0146921968035228
0.284063046209388 -0.169544571535986 0.236359618748502 0.13882258113318
0.352189450130307 0.0159173084314037 0.117757453615903 0.201338322976107
0.325085535671741 0.21559257780011 -0.0342797658145813 0.146689698068039
0.24830252471365 0.289735240284507 -0.0398330996111327 -0.019025377910733
0.125866553051828 0.269319042854048 -0.134759015251183 -0.145255228860019
0.230278033413541 0.27438498411251 -0.0719886896845054 -0.259573079236969
0.294778828058194 0.148087825762747 -0.122715491384842 -0.248602916213819
0.301906535621005 -0.0421338265309808 -0.145384564846996 -0.176587835431291
0.232921758574341 -0.151770530931916 -0.116621540644196 -0.129312313415818
0.141800077751873 -0.203341858298794 -0.113977934768879 -0.115393885509589
0.0601248358793438 -0.214485551926615 -0.0935037290534301 -0.0977121680657822
0.0553016616059346 -0.217751753253618 -0.0108801075604821 -0.0853911661921614
0.0600800946499244 -0.202993449352916 0.0737579406193911 -0.115114314643144
0.108054946550507 -0.223318216917182 0.170057331898279 -0.100428911236615
0.203300347268107 -0.194501117707006 0.255825664957078 -0.0348659562434269
0.27112041687539 -0.110435503183875 0.248872775325339 0.120001423129845
0.311140308118997 0.0654240070261626 0.104427049837867 0.180073176253821
0.262296851014374 0.240378420623097 -0.0709969234572738 0.0951090437284969
0.178397078200375 0.281291238259315 -0.0908510639016928 -0.12358326401426
0.0774594211759898 0.20081386421061 -0.197462859594848 -0.244666259510351
0.170355888753844 0.216206791793985 -0.133468298395765 -0.290800897407984
0.232536967117141 0.1122850108895 -0.124104979462798 -0.245515285822341
0.227037324325323 -0.0411175092941613 -0.104635370997798 -0.174818134707861
0.166831792049877 -0.117539723516604 -0.0662470919354369 -0.175239670462561
0.103735588164683 -0.149856390549626 -0.0860510327686205 -0.188784314447773
0.0488905745606072 -0.160244522861466 -0.0747374813379786 -0.173229548467138
0.0548638845866956 -0.160677814763364 0.00812197587707286 -0.157326870578823
0.0658324494109671 -0.148138357449185 0.098002354291006 -0.179460919579106
0.110160495492577 -0.154859290765522 0.197312339377787 -0.146247312675306
0.175762710440673 -0.1153709362393 0.281073467607404 -0.0561300670640653
0.22026740277424 -0.0400766072854739 0.252940752994366 0.112378168915588
0.229080696007033 0.105226659735614 0.0933895314681373 0.156567736235219
0.163734474659924 0.230323321732742 -0.0790062801481994 0.0406365079094318
0.0855376985604154 0.2318346863506 -0.10525920176084 -0.213028108609471
0.00326077780212955 0.104648978507234 -0.241021044290274 -0.29894313184503
0.0706546596031019 0.132838784592192 -0.172847130865746 -0.286783899894581
0.121945895625022 0.0717471630893519 -0.117053288987887 -0.238822097600334
0.111276880734204 -0.0168380453473815 -0.0807616905884132 -0.179043396951766
0.0785357966183373 -0.0476269678869062 -0.04997028794174 -0.209235076915131
0.0589838828002004 -0.0622504498969808 -0.0788224209876162 -0.23015727003043
0.0375271549848767 -0.0771872262103741 -0.0627819190498384 -0.218784395593448
0.0451734359926665 -0.0804032485894518 0.0266766720654394 -0.202323030337007
0.05507635567341 -0.0744605617775407 0.125539358080714 -0.216810008353098
0.0817370320940995 -0.0749934165416921 0.227742094735113 -0.165094140516806
0.112830669508941 -0.0426295476763 0.30301933499312 -0.0560825788893594
0.139062680537989 0.00466232127964953 0.254269979851 0.113161393639815
0.130796565649603 0.106568171833032 0.0938748961319024 0.137206748113068
0.0613499191622056 0.173240144367818 -0.0598835820668869 0.00043816368514981
-0.00597830479481569 0.143044187725919 -0.0880103704077558 -0.270976440471851
0.0562583230916935 -0.0263576110253111 0.0966123080293292 0.290222622337969
0.00107765334492993 -0.0809219236099 0.10857274011891 0.0320938559269192
-0.0511178556025221 -0.0461661006487959 -0.0644055992547086 -0.137557098863167
-0.0395312954788323 0.00362970492926615 -0.236726088301343 -0.142081796864776
-0.0178467975146129 0.00506390550295594 -0.32639835401976 0.0188350943405087
-0.0151045755530161 -0.00639739147194603 -0.264525600602507 0.170758299596821
-0.0212737645638588 -0.00584998180579088 -0.143481128783141 0.236483452123055
-0.0267474913190656 -0.0225981066338235 -0.032863050052097 0.24735181979514
-0.0306252423475469 -0.0229739396823586 0.0567755889718075 0.233037890439618
-0.029053321363432 -0.0340203773095043 0.0940576084045266 0.235696689563545
-0.00112487822628123 -0.0400573570301452 0.0773336325633879 0.232307655133072
0.00566106798880798 -0.0251249190475162 0.0773506028521127 0.211002391564388
0.0113642950004804 -0.0354921125202573 0.0857075203567252 0.232214481960795
0.0601328274597772 -0.0454471154573483 0.115767479226673 0.288019568099341
0.0792750501723311 -0.00290768796215509 0.230088610329207 0.318651955803627
0.100444797241669 0.0832981477230752 0.0645838769436665 0.27758055845991
0.075471608836618 0.0247971451102941 0.083925908256246 0.017584367262932
0.0344011338173588 0.00905182428028524 -0.0786050697386674 -0.139735835773766
0.0527717713599372 0.00518577148079588 -0.234122988340459 -0.148000098047812
0.0669052323711366 -0.033414720399478 -0.316625447036883 0.00195727784417441
0.043645007637845 -0.0742318025838078 -0.265334974353498 0.143961144585889
0.00541297786897587 -0.0872012652622498 -0.154201251412373 0.209679021636872
-0.008225396318473 -0.113135929827662 -0.0409804813032443 0.223053163329035
-0.0166217311517517 -0.112919184729924 0.0556109191570567 0.201077364457847
0.00140994668179067 -0.136753454287312 0.114945016277351 0.201871345718457
0.0746771212696913 -0.136290744563074 0.120453839637051 0.208383138789792
0.120323287685664 -0.0875572772674868 0.11717442788047 0.21074857599314
0.147543470450158 -0.0202753731925596 0.0953997424654098 0.229869913089309
0.179129674999926 0.044587058574457 0.097938568610716 0.253172785400354
0.174132383904365 0.10753148343641 0.189943312853404 0.266018056661567
0.128873943309765 0.185797183047088 0.0290495706334083 0.214000561331921
0.14319765152018 0.138345317481281 0.0656000793969511 -0.0345974151919288
0.127611421234021 0.0756386229271933 -0.0905902281451755 -0.166540365979654
0.153667234744533 0.00654274226426157 -0.230451601622264 -0.158934600593388
0.151578626228725 -0.0721258350481787 -0.290081959074564 -0.0161524883564521
0.10005543693068 -0.136372530189367 -0.244659991608688 0.103085113652689
0.032905408631653 -0.158006551891965 -0.151966380888438 0.157391852827636
0.0109828186376805 -0.185356123051402 -0.0437823440218283 0.167008508195832
-0.00195026101979955 -0.182242244025369 0.0534861282364112 0.137765084741014
0.024420474978172 -0.216213735997167 0.131885532474644 0.134609725790583
0.126300489523308 -0.216673730940503 0.165522549920575 0.152185386687906
0.202948996953038 -0.151912011811788 0.166838587885688 0.192602798319212
0.260406774807834 -0.0242752617879418 0.110852977263167 0.225248508038237
0.277398164473783 0.111699950062417 0.0633575783403758 0.218923278083947
0.24404970852802 0.194126592748205 0.12086885300146 0.186301375527844
0.143972903618681 0.259535989802617 -0.0143757877999139 0.108687581779635
0.20273243706415 0.231289299699597 0.0402361770883282 -0.111586125213782
0.222422124855707 0.129919698009911 -0.100243897967977 -0.203114422711035
0.248019169643048 -0.00603306495458478 -0.215390812451523 -0.170416365747519
0.218224177913665 -0.115229127599982 -0.243653525922604 -0.0424371355598095
0.139492336478935 -0.187291386552047 -0.205789704163487 0.0445712118584351
0.0530179349326972 -0.207863141104455 -0.136668577159022 0.0821472419395343
0.0297401476092535 -0.229644437214973 -0.0390259908862088 0.0888580805172512
0.0168207652711465 -0.222901460708765 0.0522114906862504 0.0550071390664038
0.0495760336288857 -0.25944698110516 0.141723756318293 0.0502553496736475
0.16290769527048 -0.259219637773958 0.200254469639503 0.079739088721544
0.253709983363627 -0.186659206453228 0.208058643830353 0.163296983096332
0.331000237178298 -0.0204455224238506 0.119339593665694 0.214422851581411
0.330935571355553 0.164896224271531 0.0150133411394149 0.18514982093154
0.27030006943223 0.254280396679089 0.0377460716687664 0.0886608105967689
0.144687377559497 0.287413353796651 -0.0685676607717787 -0.0191316303451728
0.238432620324064 0.277970226247903 -0.00607157882009288 -0.193951087076808
0.286626823418669 0.152390743436395 -0.110414075814497 -0.232050284736084
0.304221170528722 -0.0285113354332119 -0.184219329974946 -0.174365112119933
0.246369067727203 -0.148931447014478 -0.179539493297594 -0.0805696653646478
0.152054702317252 -0.214445952556465 -0.157427686818597 -0.0316577303047519
0.0599899042685026 -0.227835748023401 -0.115545698900869 -0.00589232521986639
0.0426320160986645 -0.239534619771038 -0.0277488475985862 0.000777511143284703
0.0378893586289155 -0.227923510366107 0.0566909093418734 -0.0334455350360527
0.0789200832048329 -0.260230074846397 0.14949510382205 -0.0340418283115124
0.188385826590895 -0.249987125980981 0.226773724644593 0.0107933201228978
0.275467749585914 -0.171528818131142 0.234673819191648 0.132978627869999
0.346313506202162 0.00944839854643535 0.114577300529759 0.197241463118084
0.324342314133638 0.207845739549951 -0.033938939542967 0.144492755156959
0.24589448398416 0.281574450643148 -0.0380164226721089 -0.0164538521375723
0.123541778216664 0.264346890930142 -0.13215750630397 -0.143043472818539
0.229461889517498 0.266994799274307 -0.0694378944058642 -0.256849764432703
0.291323054873785 0.141966637670719 -0.118769392297165 -0.243214036463693
0.295558830991245 -0.0449878416567413 -0.141986850018096 -0.173833687656748
0.226255651434754 -0.153515061862625 -0.113899723184261 -0.128572561294532
0.136403782847251 -0.203015267743457 -0.115090933459667 -0.114187901548153
0.0559576083099586 -0.211414335842485 -0.0944678879365135 -0.0933825125745964
0.0493155841379292 -0.214219884011984 -0.0112531321692922 -0.0851112456465372
0.0550853067783746 -0.200944445110189 0.0706008078051075 -0.115537189117149
0.102123503180223 -0.221451325184257 0.166062339417474 -0.103304170608514
0.194958636351497 -0.194962821991551 0.250344367677687 -0.0384589507975043
0.262875327556895 -0.112300697384216 0.246258693111472 0.113102487408723
0.306806297734926 0.0596032663572167 0.101198560564823 0.175814096301745
0.262130172443835 0.231735729815777 -0.0697922791880521 0.0946294820654326
0.175748055526305 0.274377103262254 -0.0891740563532523 -0.118671925089765
0.0759977944382286 0.195860841921661 -0.195028883362229 -0.239318164951194
0.170655684919322 0.211150090125635 -0.131321383569187 -0.286472360539751
0.22982762529154 0.108293983788281 -0.120455850421829 -0.239166302097647
0.222654733937797 -0.0437087947450667 -0.100963758176979 -0.172164494548544
0.162126447124576 -0.118218452932971 -0.0657139383339716 -0.175470510600594
0.100323507588306 -0.148969722487727 -0.0889745092571127 -0.185543882390092
0.0463520337252423 -0.157113735894727 -0.0769061238961825 -0.167354306695295
0.0498341632677923 -0.157902017779468 0.00631891255137748 -0.155962221263137
0.062150224317921 -0.146537635115505 0.0936833548966712 -0.178282387202662
0.105603425888117 -0.153894992529191 0.192229040098806 -0.146400961880044
0.169844872512453 -0.115404141559063 0.275978008880601 -0.059202133502117
0.21357081344706 -0.0420878587635922 0.249914499380223 0.106616168862077
0.225364358403767 0.0997140775397824 0.0910035833919043 0.152550931683117
0.163356235901537 0.223494091934601 -0.0776998536250548 0.040979527139653
0.0842832767124697 0.22659633496285 -0.104725855696498 -0.205262968090486
0.00240786509930684 0.10239958550201 -0.238086562082085 -0.292568153119729
0.0709592493576365 0.13014603272728 -0.170022047383366 -0.281920448928368
0.120939074075429 0.06927956063394 -0.11537430989364 -0.233167511987857
0.109417166292493 -0.018114894965312 -0.0779305119596162 -0.175577356744857
0.0764445099527168 -0.0475283057870043 -0.0495825178673173 -0.208308505065251
0.0580216138733848 -0.0618917764943778 -0.0831700190516117 -0.2260684342171
0.0361323671304076 -0.0754997629659632 -0.065343689558501 -0.213195866361507
0.0418180029316123 -0.0788731953577238 0.0237063979774588 -0.201559884406855
0.0523573597789963 -0.0737676575805705 0.119909207903729 -0.215911238844499
0.0782653552800504 -0.0742168124381945 0.221423884652516 -0.164921991018476
0.108924375826779 -0.0420080427947024 0.297021419466921 -0.0587925934133391
0.135262130976881 0.00350223168976048 0.250545042044408 0.107406093861975
0.128748274791761 0.10307179998287 0.0922329887026509 0.133679391116897
0.0608092214929497 0.16931384461827 -0.0591928946865824 0.00147841223074064
-0.00566765096789409 0.140310500133302 -0.0888482550353664 -0.261854779944646
0.0569784506422212 -0.0266982524725544 0.099554475212217 0.290168430683987
-0.000849173665628394 -0.0813537481854575 0.111446790513204 0.0287542216181177
-0.0518777434719119 -0.0457675227872259 -0.0642351695341679 -0.139611942894934
-0.0397024540440153 0.00403406901317992 -0.238820839786739 -0.14208757176055
-0.0179009577547299 0.00438006675207438 -0.329454288143203 0.021742693984636
-0.0160473524333324 -0.00772128147989376 -0.263437376782099 0.173702647873464
-0.021434116326757 -0.00751347292274585 -0.139364587268519 0.236915003792871
-0.0269907638069007 -0.0236336230487385 -0.0298907936374476 0.248921481876129
-0.0308626074185275 -0.0238107528274226 0.0601842024684192 0.23230830937808
-0.0291984032072409 -0.0339822741269833 0.0981604826328799 0.236261845679098
-0.00100424800175732 -0.0404001711819323 0.0799631989571626 0.234256791216702
0.0056063990417792 -0.0260847239102574 0.0771309061397654 0.212615746021699
0.012541090857595 -0.0360408688212115 0.083454525265366 0.234627763939868
0.0598385438352029 -0.0476434049628137 0.11590194160527 0.290465476430168
0.0782270653004951 -0.00340184337651157 0.234082191380456 0.318591328024878
0.101511551952348 0.0836543719111827 0.067951906472185 0.277385552575744
0.075948568363344 0.0238627108078684 0.086974422560194 0.0143922277846067
0.0335932924549839 0.00944038439664708 -0.0776181266534315 -0.141014697804409
0.0524515859607384 0.00443955122101389 -0.235045886894421 -0.14946096358267
0.0660934620924626 -0.0351323342696294 -0.317634108956367 0.00372095825544451
0.0422115148267115 -0.0762794879664025 -0.264663818917538 0.146290045351003
0.00463147513036548 -0.0891603563554991 -0.151252184587465 0.210781108618967
-0.0103065978563244 -0.113664753478717 -0.0381440795715052 0.223782305520519
-0.0180299882820424 -0.114132003492865 0.0588237768188823 0.200274740843
-6.53984540286926E-05 -0.137308348577041 0.119063780384423 0.200958462978405
0.0732565635337288 -0.139135204115026 0.123423946425267 0.209576056055474
0.120076719882853 -0.0898390727427593 0.117411414713 0.210798450920932
0.149881613688894 -0.0224104934504912 0.0936653670258301 0.232171150506093
0.181377569474873 0.0426606666916525 0.0980632268629389 0.255391077420185
0.174046668363081 0.106453449290336 0.193843784051504 0.265958182380986
0.129509118015103 0.186774372222215 0.0304720653793717 0.213208643446356
0.145537996414236 0.137226549607664 0.0683532053850545 -0.0380364351510707
0.128137674249791 0.0761079372140584 -0.0886103193347129 -0.167316783237688
0.153179202427595 0.00505458221292602 -0.231044163633911 -0.160221601463416
0.150374349191932 -0.0753908395739016 -0.291059051632026 -0.0154054004798504
0.0978059074263302 -0.139222071564719 -0.244904309413817 0.103987643849718
0.0318273307432663 -0.159955538906297 -0.149982748658843 0.158342294680121
0.00737941642400497 -0.187084570306848 -0.041843292116774 0.167347894476875
-0.00458685159997298 -0.184130855833828 0.0558439273808268 0.13670528106662
0.0226369448224124 -0.217955819007594 0.13510166529399 0.1321140604374
0.124402890572949 -0.220842018134751 0.168553595799493 0.152310335665939
0.201687764280752 -0.155154583965495 0.168614048621712 0.191555459636292
0.262431733276333 -0.0275681588561564 0.109473005895753 0.226281780476795
0.280922527828509 0.109650186401779 0.0627983372102328 0.220911661862276
0.244542879065531 0.1934565352851 0.124394127063657 0.186068423171768
0.14421974754245 0.260341975883503 -0.012883941849762 0.107647836773013
0.206583273258123 0.229865250168846 0.0433052233546714 -0.115457328656856
0.224123949853601 0.129304179859865 -0.0976583094533016 -0.203669501504282
0.248822648207733 -0.00831297637176139 -0.215624892937377 -0.171300854029305
0.217282721267044 -0.119554682038888 -0.24348890682486 -0.0435140775291442
0.137969998288411 -0.19144668090145 -0.205967105462499 0.044379543468032
0.0507622123557756 -0.20989691952135 -0.13671105454321 0.0846325182163956
0.0249687675145933 -0.231144072770279 -0.0385234599384306 0.0880369536215284
0.0135199767480238 -0.224180191831169 0.0533729343852433 0.0536626293073511
0.0471380096653872 -0.262011016349037 0.143126623989231 0.0465702433874254
0.159019998161686 -0.263764757155019 0.202901051263746 0.0780301983380776
0.251840160787814 -0.19157275412727 0.210222129192749 0.161304215167598
0.332516667643594 -0.0243949295487322 0.117741060197428 0.215047148778763
0.336020307340555 0.162016358285069 0.0153415554394363 0.18553527848162
0.271266421020417 0.252137712762764 0.0405786535360654 0.0899074080263804
0.144941305220957 0.290256631067597 -0.0681357881726856 -0.0208803653859585
0.243724056083633 0.277173976678454 -0.00412009368898709 -0.197930439243245
0.288595270714416 0.1515551450965 -0.107394990499509 -0.231785785474585
0.304886444609043 -0.03205497776935 -0.18380821978987 -0.17593326189993
0.245406807397629 -0.15371329068931 -0.179487506344925 -0.082522455092399
0.150119509155591 -0.219256085752672 -0.15912885203558 -0.0322739981068274
0.0573219969387816 -0.229386529843865 -0.116975115913342 -0.00288662644153742
0.0381920006603918 -0.24060547388764 -0.0279268208033604 -0.000750756270393623
0.0343563412534613 -0.230045851073022 0.0564878800906195 -0.0360193263354126
0.0753203903021216 -0.263154727949572 0.150678406761464 -0.0379157741303681
0.184335158651467 -0.254248800924678 0.228121065332014 0.00864602912237485
0.272587368214174 -0.175449755602807 0.236770112173205 0.130175335318897
0.34802274971836 0.00505668758241517 0.113510697039816 0.1983867344029
0.329704289286358 0.204813474873017 -0.0345917715318059 0.14536603601082
0.246223571143354 0.279427484762624 -0.0370174807822587 -0.0143154726585072
0.123349768923313 0.264729758200025 -0.132938944079771 -0.14540604026484
0.234591517653428 0.267094681058029 -0.0691930248566931 -0.26086480513365
0.293726740629569 0.140820283353622 -0.116323358183179 -0.241818538648028
0.295885956412199 -0.0484095333286525 -0.140473974974497 -0.174521001098953
0.225112259504741 -0.157898278841372 -0.114434160564166 -0.131934739899242
0.134666332927924 -0.206488869919407 -0.117794257605948 -0.115572446506663
0.0544740122243704 -0.212411470567504 -0.0962216011854251 -0.0914751382804792
0.0459619405151515 -0.215162766468811 -0.0122550628413488 -0.0873704700854611
0.0525320183139192 -0.202281930153149 0.0696569025481023 -0.117529686626035
0.0997943787849972 -0.223687643807872 0.165368212563075 -0.106642055582741
0.192311077703927 -0.198166842788347 0.251507855438078 -0.0412827904921458
0.261468630971435 -0.115824104181488 0.249238644175338 0.11049178987227
0.307666359926129 0.0562427129454335 0.100626947685445 0.176089460330408
0.266280549815758 0.231331978625248 -0.0700985014727663 0.0943187563698662
0.176489720198155 0.272857900492926 -0.0892742003264442 -0.115796995034369
0.074629597366985 0.197042059432734 -0.195887248261321 -0.241223516494045
0.173690283842377 0.209812703438939 -0.130280790507324 -0.289285562140822
0.23226487489712 0.106369588768705 -0.118683745645437 -0.239555073277753
0.223138288643762 -0.0464536356331063 -0.0993675883052416 -0.172765060499383
0.160845520997316 -0.121295211673842 -0.0652962526429147 -0.178733084462472
0.0990884245829658 -0.151243895003797 -0.0922724326936968 -0.18663971568696
0.0448381595920526 -0.158064897178835 -0.0807445240455678 -0.16594097838561
0.04636658573412 -0.158273494136964 0.00457920331536051 -0.158234768069069
0.0600677694341262 -0.147507036153412 0.0925415532471782 -0.181242746722581
0.103434459431542 -0.155816617477762 0.191289007500196 -0.150654406440944
0.167889454274756 -0.117566535124245 0.275588094291922 -0.0621553566972062
0.213205063549823 -0.043772919663785 0.253147910928418 0.103851155715032
0.226164403298411 0.0978735603618914 0.0903306746773672 0.152671443325628
0.165652603816778 0.223140735991476 -0.0789068008568561 0.0414995421941891
0.0840709374127323 0.22662017135477 -0.106051160126335 -0.202203075083054
0.00147782803997189 0.102569461271704 -0.239082915752945 -0.293814517001905
0.0723901638600261 0.129161012792451 -0.169559794632151 -0.283784696305861
0.122807727018141 0.067997602770513 -0.114013763787715 -0.233186873682463
0.109672694639507 -0.0194083773471529 -0.075877008266873 -0.176564605433442
0.0755205093855514 -0.0488785692650719 -0.0507283792515213 -0.211241155795317
0.0581410573924734 -0.062673282602441 -0.0874037746011668 -0.226746802618067
0.0358156203520591 -0.0753159017585804 -0.0701009376826656 -0.211713483602095
0.0401262681021596 -0.0794417199545078 0.0210458527835915 -0.203927544906252
0.051830323988023 -0.0739293932930093 0.118050342721605 -0.218432087119807
0.07723105062313 -0.0750609896972467 0.220615029790761 -0.16826332608793
0.108505827123126 -0.0426592497859965 0.295995061276014 -0.0616678748806353
0.134836526246725 0.00313851064280141 0.253402398186086 0.104217217051663
0.12992026995701 0.101772671549976 0.0915241967510624 0.133173528235314
0.0620807521592323 0.169109775821521 -0.0602681101892743 0.00224101437492564
-0.00586510873981248 0.141791867396333 -0.0908333788321358 -0.259687117340244
0.0340949477507976 -0.0541715086670442 0.258344354065152 0.165872297729696
-0.0479868748419363 -0.0650082810317028 0.104845910712295 -0.0515960156576545
-0.0698354247091349 -0.00591715622546834 -0.141061939618092 -0.0752430057567296
-0.0306169030726124 0.027360142918041 -0.284301801382092 0.0343749816627906
-0.011441933005247 0.0150804785319694 -0.249263482126724 0.221517552128944
-0.0173736588574795 0.00403895221718745 -0.1020483610171 0.303152450536721
-0.0213600179768236 0.00619169027419083 0.0372630581218511 0.278369825887478
-0.0370757828921558 -0.00176999805717841 0.132766684141755 0.218095347321622
-0.0391586725556782 0.000291822086713997 0.195730435676274 0.147663165666491
-0.0435562646064621 -0.00994956956087757 0.22968359796781 0.129126556106228
-0.0243655127932687 -0.0327153671976947 0.213390678093601 0.138410968920187
-0.00932934617600003 -0.0255018060515153 0.195489127588838 0.12559469901949
-0.00877267491687778 -0.0376770432368436 0.2148682317533 0.139249434508015
0.0218573457095316 -0.0767548350734395 0.284670683612619 0.163718647412401
0.0660537063951585 -0.0501332032579444 0.396605493707968 0.109051929510756
0.134462009107501 0.0122104372644035 0.231260582526424 0.17053136238187
0.0742946967535746 -0.0254564462334854 0.0813859389407592 -0.0480976154851582
0.0316866278380345 -0.0117319062348661 -0.147355474101079 -0.0711521386411351
0.0426376704713929 -0.0250557883275477 -0.283201526829955 0.0222104363414953
0.031635876720514 -0.0667866056410591 -0.251942244568277 0.19800889393858
-0.0131841656643824 -0.0861235010441542 -0.120360953990785 0.278663431105561
-0.0503317506655144 -0.0748504968793239 0.00963401421683699 0.264397734642581
-0.0811991133130042 -0.0853572231233675 0.109901983752182 0.202756165551655
-0.0861882058086158 -0.0811414636542526 0.175142304313382 0.122483347652199
-0.0865888934452565 -0.112852295548951 0.22456617879158 0.087328812574682
-0.0279355836801339 -0.16218270637026 0.230919153924468 0.0910235802545692
0.0443532438474252 -0.151354791206979 0.226335139141693 0.0981456169471776
0.115493389791594 -0.117344719208651 0.219947078539002 0.131056313118961
0.180537014312665 -0.0824063826475024 0.244710447827947 0.149463259711912
0.216214083889128 -0.0214751756999692 0.323892351584152 0.0940830185950156
0.216722362841516 0.0818540547344126 0.168497407917046 0.139161763245732
0.195586932952294 0.0230794577208469 0.0400864763905247 -0.0773023224508357
0.147823973655479 -0.0145972174500965 -0.165956235864962 -0.0875201597759631
0.122964000502982 -0.0840564988714676 -0.284725782750099 0.00572727501662275
0.0743819754603136 -0.149747468829478 -0.24274162455348 0.162597766399591
-0.00720396220767444 -0.171032645268266 -0.130330202581177 0.230388448382929
-0.0726107226175977 -0.147120552333256 -0.0223371603589327 0.22102813473719
-0.112560726107083 -0.155027151178191 0.0723651468434486 0.16024194607224
-0.120408334052698 -0.146985033738263 0.132836692592469 0.0735283173770324
-0.120333777756617 -0.192532092361602 0.193446750712473 0.0209891321797462
-0.0394121011532563 -0.261793150640277 0.229346017691836 0.0160169173489634
0.0704804317607462 -0.257727551659903 0.254251639456195 0.0506912812074608
0.206854547316799 -0.195765052572508 0.228692469348655 0.116655851540237
0.307056103155626 -0.0936280933044415 0.191376361998422 0.147917709987413
0.331020407088753 0.00404274621395094 0.210661036634335 0.0757165986492965
0.270538585043741 0.134780252409678 0.072862766467037 0.0797653200481534
0.29815294119023 0.060601879015075 -0.0242696208675195 -0.12366021110422
0.256638322934341 -0.0284059063625809 -0.190918135887467 -0.114561120813032
0.191309648269359 -0.15062889899404 -0.276382574737334 -0.0173059680644746
0.100463770481232 -0.225485345688614 -0.222412731262743 0.10871705719915
-0.00754065722550202 -0.236956025589666 -0.137078783585558 0.156429180068744
-0.0880765286647876 -0.198226919274315 -0.0591955574020095 0.153025096846196
-0.126391438035555 -0.201842101235804 0.0245217902409571 0.0949311597458108
-0.131519985386818 -0.191692413538005 0.0787611800385241 0.00825763587096973
-0.129643976487087 -0.24406399697856 0.145826944493769 -0.0530592863220995
-0.0391138950824768 -0.320430235481822 0.209283285516202 -0.065341346623735
0.0890846110798674 -0.318335493038339 0.268753101649503 -0.00107320805303545
0.267047328555377 -0.238187845327752 0.22791536605748 0.102895598782716
0.385701725488007 -0.085486626212641 0.129357999072804 0.151741566663042
0.389493483581222 0.0347413782142974 0.0759825131363429 0.0520837171706151
0.285746048870585 0.159659905133624 -0.0499759498894528 0.0106225769368252
0.354522909546017 0.0764538668678783 -0.111147443289558 -0.160003751775137
0.322323552546759 -0.0492164146028852 -0.213611957626138 -0.133823369067549
0.222901707144711 -0.202301407345473 -0.252726359242146 -0.0438872954949732
0.103062116132521 -0.269004966488699 -0.196815156962691 0.0355751101528307
-0.0143679905995318 -0.266499125479008 -0.148493877535312 0.0656452841849876
-0.0946176858038577 -0.217036346640864 -0.099004393238733 0.0694795368610227
-0.121111557603407 -0.21740920922895 -0.022988385661043 0.0164858950665889
-0.11804941290411 -0.209995020708261 0.0248367122627958 -0.0655299331701252
-0.106907050134257 -0.262987000473255 0.0979882593863693 -0.125739212617846
-0.0122370175220772 -0.329230401095521 0.183957843620453 -0.137793613288624
0.115248971135117 -0.318625176664572 0.270621851179142 -0.043840246521868
0.299435401049812 -0.224374076018372 0.212955500817195 0.0906162418700566
0.406410139823258 -0.0445840998361729 0.0603025948415732 0.150895963536074
0.386345496222276 0.0731910591406307 -0.0553868108786558 0.0168428524871914
0.253399091538265 0.150072331721694 -0.180805163370529 -0.0474811668523363
0.340723527925196 0.0738165246652083 -0.202917558416742 -0.17028223232544
0.319223794523493 -0.0617793298831288 -0.227732464331923 -0.1371199764647
0.206333872750979 -0.21087344003756 -0.216168778121324 -0.0699475848031279
0.0838572853826163 -0.260275227529327 -0.174430214658785 -0.0443003924098252
-0.0188050003982334 -0.24729777477033 -0.167228433384361 -0.0260949966645534
-0.0872241941851232 -0.200853608533281 -0.138133652152713 -0.014132853817981
-0.099334162029644 -0.201894158739194 -0.0652922356455865 -0.0622400553841211
-0.0856310669252297 -0.198852887736955 -0.0172844322261628 -0.139435469103309
-0.0623332930954412 -0.246455544281527 0.0665850326488591 -0.190665731907042
0.0303022138317876 -0.286994986348122 0.171934341161887 -0.19191801680882
0.144163138890327 -0.261174681841458 0.268432189196976 -0.0688777098907527
0.297297254430272 -0.153707862395273 0.188532769603079 0.0799741640206786
0.368953981999978 0.0171163439629665 -0.00131291524449761 0.132407065905031
0.323005581402836 0.11161549069795 -0.161626527796176 -0.0343003914277555
0.173039365468663 0.121398627905511 -0.294792914063364 -0.0808241409301289
0.258937326410696 0.0652516289926943 -0.273160401477686 -0.153780213561105
0.249536612796719 -0.0532999414078619 -0.230607000797538 -0.130700995006255
0.148574171529373 -0.167068845964456 -0.182599720975305 -0.0910966057878247
0.0546627855621972 -0.192580602560545 -0.164714174078948 -0.10976178216737
-0.0137803188643704 -0.181084995679835 -0.191822760912285 -0.095987388270889
-0.0613241205277852 -0.152040562247098 -0.171661411605574 -0.0841719873442805
-0.0628908918641746 -0.156639121920001 -0.0961155970767422 -0.130654801406949
-0.0450022261298261 -0.159055926592572 -0.0396715058747513 -0.204149261041644
-0.0160571705418601 -0.193208783849683 0.0596364213054707 -0.241527519831533
0.0628195045932876 -0.20492135765771 0.178729429884184 -0.224137896781656
0.149341970771426 -0.17099196270596 0.267292714743272 -0.0773415114733292
0.255246473362 -0.064833889077091 0.166073395451785 0.0658976656258524
0.28037417892972 0.0769364069949279 -0.0428364624904488 0.0915492162600356
0.215739349828395 0.13206998524361 -0.228152097988845 -0.0959333106542799
0.0571798577009092 0.0849084589455603 -0.367396982153114 -0.0895373594021634
0.130640960770226 0.0604524724015548 -0.305300409385808 -0.122754241717332
0.137819463210305 -0.0191686889902532 -0.228305416188544 -0.124056998134392
0.0743659847030918 -0.079299380811765 -0.167640975769249 -0.104612082352102
0.0300011034731201 -0.083784532685741 -0.173046708476567 -0.141944619615428
0.00729318490490302 -0.0849254974184974 -0.212590173979341 -0.127806187431957
-0.0180576467879896 -0.0803204274200722 -0.192321775726965 -0.126758048675285
-0.0179707102085503 -0.0886156534289351 -0.111586442177287 -0.177738347298642
-0.00559436834124159 -0.0939440035739395 -0.0431417996846029 -0.249909560163439
0.0138063822261669 -0.110613960182278 0.0721456374836186 -0.273734641329172
0.0635157716497825 -0.105950554877443 0.197070076048872 -0.235637161693285
0.114836272478826 -0.0832337536165744 0.268814915950389 -0.0767543278126293
0.177143435218164 0.00113223285788225 0.155275008693538 0.0487106982522255
0.1594125325757 0.100467682471128 -0.051932231969433 0.0444911270213883
0.0863761298760372 0.119398843864785 -0.247965756976525 -0.153575970327236
0.0330800894891508 -0.0577423321821337 0.274680249872381 0.157419246342605
-0.0529291487588454 -0.0637867439395114 0.105092819277257 -0.0618485805026408
-0.0712735627567961 -0.00207002977976258 -0.148794739216268 -0.072189056337725
-0.0298792411801539 0.0297960701914562 -0.29064821878015 0.0486986266994407
-0.0110231750907422 0.0160909051376639 -0.245494155543686 0.240965397784414
-0.0187467972636631 0.00524679483003282 -0.0902546549679171 0.316384268525188
-0.0228541779194316 0.00665110676110761 0.0522568299771762 0.281872615764721
-0.0393320141750245 -0.00041394373137529 0.149081816667403 0.216368978168336
-0.0410492882338897 0.00141994589250182 0.209528440561992 0.141019254037163
-0.0449585076305102 -0.00853479655899047 0.244184553454752 0.119966746861311
-0.0272281356652083 -0.0332917680064258 0.228600748267753 0.132920316060002
-0.0107592800898449 -0.0264400589848032 0.205277600742229 0.122049006859092
-0.0102114034642737 -0.0400468451601316 0.227542673310878 0.137282968575129
0.0175863214274116 -0.0810177409230746 0.301955860643992 0.156580705450129
0.0652377550460835 -0.0524804291011963 0.412992405261516 0.0906342124251082
0.139200139623389 0.00705753444558675 0.246901707375575 0.163727927422215
0.0749778657904345 -0.0309483948124566 0.0811365869122799 -0.0575887365636559
0.0328609971201305 -0.0121999895929746 -0.153475048029241 -0.068348647214813
0.042009914008805 -0.0274904532108064 -0.290621851448832 0.0358415002328058
0.0282606415238347 -0.0707292114203901 -0.249863431052767 0.215734715674823
-0.0196978599350564 -0.0879777762267608 -0.10978492071489 0.292339040694065
-0.056961627468157 -0.0749560811105893 0.0240798462422883 0.269686566086829
-0.0892007832256693 -0.0831000053521426 0.124148352727454 0.203020493867561
-0.094199893884608 -0.0797144485219948 0.186049252144838 0.116224064767554
-0.0946624109880703 -0.112199774705525 0.236316497472444 0.0771222698491146
-0.0381427223482634 -0.165578224742903 0.244246626795596 0.0818612862507313
0.0378521071348975 -0.158533885893824 0.235703600069114 0.0923798383635597
0.112959067142573 -0.127346743598225 0.232566346268491 0.128625064440984
0.181318182626578 -0.0953612926839234 0.259762273025051 0.144993765657098
0.221060567632593 -0.030183950536813 0.338143057027098 0.0793448417796883
0.227454683691224 0.0757932803566707 0.179937553640258 0.133805919123917
0.202709354835296 0.0134509240060169 0.0367079629893232 -0.0856061655985806
0.152355463180295 -0.0214411096820992 -0.17288407409812 -0.0857247268549594
0.121955198637796 -0.0924886533341621 -0.293405831937921 0.018371933705256
0.0674273044671107 -0.157653535674561 -0.242068814466811 0.178395020791686
-0.0181851331951545 -0.176022063716052 -0.123704075202617 0.241594049698095
-0.0832726676494077 -0.148515632287441 -0.0114380174118404 0.228404113734145
-0.124968810178998 -0.152955688773334 0.0812323898031549 0.160447057142365
-0.13195829889371 -0.145174188926145 0.14019603828949 0.0676229414294676
-0.134805346860846 -0.191946096108513 0.200525213868147 0.0102037814761536
-0.0562108047248434 -0.268205150066898 0.238460665365744 0.00505515414355652
0.058364907685442 -0.268954720217663 0.263349376728735 0.0402283204417965
0.203181825151886 -0.213019960581467 0.23955171677718 0.113355649981622
0.311574467484537 -0.114064925885274 0.204147402101698 0.144753605759314
0.339454510544293 -0.00986909584294002 0.220725270898163 0.0658273069414826
0.285567407969995 0.1287195168488 0.0773301328386598 0.0771396300156629
0.311048139796975 0.0467230291019496 -0.0322816937156841 -0.129383899691989
0.264097750801244 -0.0411709193894272 -0.198075284774361 -0.1123355047332
0.189363589741926 -0.163940046388213 -0.286466116007884 -0.00610227378213773
0.0905969894272141 -0.237393570403051 -0.225318654042958 0.121170649683817
-0.0219932375615179 -0.243740795498913 -0.135086611251872 0.167507972061907
-0.101634800434073 -0.199900913874998 -0.0528148737913063 0.161047348033241
-0.14175987079529 -0.199968425630116 0.0293099103040117 0.0959337052193068
-0.1457004110771 -0.190490921478046 0.0804997289296973 0.00307325356169039
-0.147251226887937 -0.244977812095269 0.146970519354085 -0.0633092990127479
-0.0594385542984955 -0.328978171993677 0.213060655688191 -0.0780231228384168
0.0737579969814202 -0.332876754447792 0.275808679719883 -0.0144245851942467
0.262305417422277 -0.260976290628462 0.23822086645379 0.0986093814679205
0.394360314382874 -0.109087627558154 0.138721427240665 0.151697785877242
0.401550807961563 0.0192825089663771 0.0827183571858168 0.0490894112603544
0.301493435265614 0.152162074400368 -0.0524493533348298 0.0116489680468637
0.368657103779838 0.0600693798772951 -0.122906622064099 -0.162866898175958
0.330078842635954 -0.0664081548467292 -0.221081611203485 -0.131890593060566
0.219202331745545 -0.219158074548787 -0.261556787585627 -0.0354745571809741
0.0897310372862942 -0.283383969519825 -0.201088016483441 0.0437354060569653
-0.029879174926273 -0.273970187032898 -0.151943325502136 0.0739929142731121
-0.109119633718874 -0.219384695398621 -0.0970577746168478 0.0773968162923718
-0.137537326003709 -0.216566230410759 -0.0246767525376763 0.0175978845042274
-0.133071660293472 -0.209421303678239 0.0205495200546994 -0.0704414422774806
-0.125695415411636 -0.264214709729343 0.092867586240967 -0.13611678502657
-0.0322765138056004 -0.338127901777935 0.183965478439067 -0.151660792798142
0.100668033909487 -0.334120504405811 0.275658207757198 -0.0594966097604963
0.29508677999945 -0.245604328917057 0.221616950901531 0.0864282913200655
0.417871312944843 -0.069666153344338 0.0681056134684638 0.154324295737402
0.399831795764121 0.0587417131978635 -0.0540319889426879 0.02021866636374
0.268042337637754 0.145551870767183 -0.189948126450872 -0.0424291012669474
0.354415213832353 0.058756241084077 -0.218072330895717 -0.168194648452366
0.325738465077246 -0.0787771365128769 -0.236582992015594 -0.134229738553915
0.200168017516347 -0.228193831526317 -0.224979785024971 -0.0650797618790405
0.0708205061140345 -0.272167326777145 -0.182331258743353 -0.0403349170840768
-0.0347877377310418 -0.254010965501028 -0.175607714634683 -0.0187085789702497
-0.0998212695799476 -0.202472906454676 -0.142028378174709 -0.00650290404196473
-0.113563938331474 -0.201819387641718 -0.0721657102392859 -0.0616367434134569
-0.0993170528347619 -0.199825668155342 -0.0258275835782981 -0.144014874045971
-0.0789060618635877 -0.249722451255579 0.0577817923702961 -0.200324191153068
0.0146239482843757 -0.296311829781678 0.167747235842958 -0.206151683009739
0.132831691216266 -0.275304141597982 0.272140168562738 -0.0847875549411224
0.297356937714726 -0.173998571626279 0.19629875957665 0.0760609633272952
0.38132052531819 -0.00198513760562115 0.00335834255760049 0.137139593943955
0.336094069756322 0.101890945316897 -0.166006655241487 -0.027287351504879
0.183129279280421 0.119493930661948 -0.307722237560254 -0.0719752293915245
0.269134032579563 0.0536175992418449 -0.29012151961762 -0.147577448118097
0.253640467101645 -0.0668137245740909 -0.241103342660056 -0.126601965670746
0.143994922167213 -0.179975868685886 -0.190115195876317 -0.0888894531289607
0.0443653132769243 -0.200961170036971 -0.175584022568995 -0.108075518341742
-0.0248506470908101 -0.186442392713338 -0.204290294886415 -0.0886404884984149
-0.0706622731906671 -0.153356500600938 -0.180217810194747 -0.0762638820663031
-0.0729982223053994 -0.15692635893906 -0.107169931142152 -0.130331092842572
-0.0541563653055124 -0.160389965351001 -0.0524314510397008 -0.208968186716994
-0.0270533170927538 -0.196842469598149 0.0478896516782004 -0.252173193492355
0.0533837574939115 -0.213681166324138 0.172864284731107 -0.23929254144727
0.143624222257551 -0.182055007264603 0.270370541607074 -0.0933585690553535
0.258388661306741 -0.0793371237641614 0.171836065560654 0.0612973303275305
0.29269396236624 0.0651738224663607 -0.0407375339167678 0.0977955495704601
0.227228947168358 0.126569892716301 -0.236712479034994 -0.0861635266069158
0.0618143101319748 0.0866733129420365 -0.383144619446641 -0.0779551755209346
0.137625510566145 0.055459160079665 -0.32123663670721 -0.113820479307436
0.140337940524806 -0.0274970227021882 -0.238658967615922 -0.118833355119733
0.0711773681039845 -0.0856070393279546 -0.175503744820478 -0.102015912328095
0.0256885508086566 -0.0875874621318702 -0.18584296921684 -0.140322289380458
0.0031082442873244 -0.0887034449653865 -0.226705823655018 -0.119265781068704
-0.0222720879596512 -0.0819322137055894 -0.203721261696696 -0.118573382067126
-0.0231429660119009 -0.0894340042868534 -0.12523162934622 -0.17752598522229
-0.010417447011829 -0.0960148595244994 -0.0581995263501384 -0.255110306879437
0.00867719420848632 -0.113588087266131 0.0601668765859483 -0.284621949439407
0.0602431054262299 -0.111258601843665 0.190379556155222 -0.25153815297199
0.113397514846607 -0.0897928421913123 0.271958765556907 -0.0923134814781408
0.181981102505403 -0.00755181413849073 0.160600615567867 0.0443849769732716
0.168589054024788 0.0956144375259677 -0.0523395875587852 0.0496318926494998
0.0932498790615182 0.119031293669323 -0.259895283183715 -0.143219482551047
0.0298643857382231 -0.0603982560930314 0.290022828748035 0.137316353926329
-0.0583143084684575 -0.0604382635221415 0.100226037191111 -0.0743107709780733
-0.0712624406549526 0.00282758444857841 -0.155409900701894 -0.0643967591156813
-0.0279126723793042 0.0325078132995824 -0.290802097261298 0.0698622014256773
-0.0101773219923425 0.0176775385464824 -0.23050076366298 0.26178569944654
-0.0192902306563283 0.00726758627463614 -0.0673246340044891 0.325590908829716
-0.0241463957148827 0.00777186500198352 0.0727570041190835 0.278552501905682
-0.0410047740499389 0.00288637899328271 0.167513134245849 0.207273110419158
-0.0419427772026245 0.00354223411527206 0.221554801602995 0.126566586581296
-0.0456688412351378 -0.00588489895607519 0.257357273959867 0.102895856355359
-0.0300791998137928 -0.0325826013741706 0.242683845012076 0.118631140945712
-0.0123530754172891 -0.0268905771117953 0.215225162235806 0.111605908876024
-0.0130503683104841 -0.0406977554285429 0.24050029637492 0.127761481538311
0.00976944711136108 -0.0826076601737088 0.318010817864019 0.139111784692937
0.0625612639108577 -0.0561661555639841 0.422703187846515 0.060729551098424
0.14194468965463 -0.00241472302634976 0.261351674977754 0.146159535680667
0.0731706139381616 -0.0369564475523249 0.0766704082943027 -0.0675699147396427
0.0333010636494125 -0.0146860282772385 -0.159059796615538 -0.0612015998857564
0.0402593103500909 -0.0306350751836488 -0.292947187293578 0.0563447536477739
0.0226445685126811 -0.0729861542556117 -0.236954714257868 0.23598234944887
-0.0279863472774476 -0.0866770437381474 -0.0898359485208993 0.302013601190701
-0.064394101351738 -0.0719616909368281 0.0440778630788649 0.268971542633683
-0.0980391925559917 -0.0768408771999779 0.140427851757029 0.195214536925294
-0.101670695257905 -0.0737115115021182 0.196375391705397 0.102730048028069
-0.104228941664717 -0.106605333564823 0.244701701773107 0.0589815816393607
-0.0519600750613041 -0.165955281351734 0.253942508545609 0.0648489061536179
0.0258249554519672 -0.163867605748612 0.243290948948214 0.0780383618298276
0.105106744750516 -0.137811182258366 0.244363610939205 0.118852921983633
0.175875746104906 -0.111194499741475 0.273297682619898 0.129873758141611
0.220821025046249 -0.0443855354177429 0.346212971361874 0.0543813757080957
0.236529309651204 0.0623633008778934 0.190827171106624 0.121450702899137
0.206219524178223 -0.00230575188273139 0.0298942290296979 -0.0929344620175707
0.153868735078167 -0.0318722905922506 -0.178917918417465 -0.0782034764848639
0.116131358176897 -0.102421833980576 -0.296109670953872 0.0382518309886911
0.0551311774207115 -0.164449540074029 -0.23274348504005 0.197370916273817
-0.0336838795161934 -0.175929262320301 -0.107958080086337 0.253200953914804
-0.0970846476584702 -0.14442805936792 0.00534025718069656 0.230489015771441
-0.139574001363534 -0.144172238278441 0.0938001251136718 0.155593275930143
-0.145356717488609 -0.137371319357691 0.145412707082709 0.0571773930488838
-0.151757255314824 -0.184757819756363 0.202191190120115 -0.00583323512705183
-0.0779035250332789 -0.267200527196785 0.242698816205602 -0.013812007205912
0.0381752904876314 -0.276898228852068 0.267235472523462 0.0228753498862251
0.189732602772663 -0.231759616080903 0.250768793746317 0.102502174097203
0.306794067087982 -0.139776266257879 0.21651915730381 0.133464907236497
0.341579158610402 -0.0317391285751212 0.227984995707532 0.0496638273475719
0.299704950353803 0.112339748740058 0.081984434038019 0.0705594453090603
0.318124584494809 0.0229097799822547 -0.042924514581292 -0.131390688844263
0.26544118794173 -0.0603947235742445 -0.204731770847309 -0.104261001656274
0.178386754520637 -0.18006862015776 -0.290924255481476 0.0129122762508787
0.0721423152164963 -0.24670046616072 -0.218573518840152 0.137352088794919
-0.0424674301237624 -0.245189109296776 -0.126548053826138 0.178327988931134
-0.118418705263324 -0.194580468308279 -0.0400967431983406 0.16580698535634
-0.159599572238755 -0.190972006891458 0.0357887582555778 0.0948204055625693
-0.161848939505433 -0.181844954507318 0.0796253323977421 -0.00434748798784224
-0.167558204918144 -0.236392193856201 0.141766377247079 -0.0761870124893743
-0.0863284607535395 -0.327792224201061 0.210463405124148 -0.0953627216323122
0.0484758571647373 -0.341154680415153 0.276153071210019 -0.0342906741010074
0.245457174941938 -0.284213348130304 0.247519550368339 0.0870193145041478
0.390758825677598 -0.142796696453983 0.15000268789855 0.145743579166848
0.40594565366423 -0.00729962512534793 0.0874191739086344 0.04291153713771
0.3178534538426 0.136522984953534 -0.0538880427639138 0.01396741779094
0.377516867709505 0.0319310832930652 -0.138036075934138 -0.158032103486563
0.330146639046371 -0.0908689661250855 -0.230118148869536 -0.121983415509211
0.204313271810263 -0.238202137635277 -0.267777651258168 -0.0195118106839247
0.0685402920947521 -0.292842197210375 -0.200933074258721 0.0567406007176696
-0.0538483386899341 -0.275367434922435 -0.149566675726518 0.0849885563319165
-0.126807313900351 -0.214445992013637 -0.0901681419172028 0.0863220563833484
-0.156479985798278 -0.208197387905361 -0.0241283150224702 0.0188849837829961
-0.149695515575468 -0.201186726298834 0.0139538502941991 -0.0737054765194917
-0.148129556658331 -0.257986956682263 0.0821822681406636 -0.145164449982133
-0.0595385075037468 -0.339197165731495 0.174970213459651 -0.167440534682659
0.0763987966971822 -0.343996389333092 0.273254376381462 -0.0804394507553878
0.278605406006612 -0.27184365096366 0.230093892902245 0.0756785749359915
0.416106099062739 -0.103567179883721 0.0786102205438182 0.153016740161228
0.405817310423261 0.0325107056800836 -0.0516481920436927 0.0240505603379474
0.281935434851681 0.131599043264317 -0.196463104945229 -0.030660922973464
0.36309880472173 0.0310539154823058 -0.234143925228123 -0.155493481506642
0.324717914424184 -0.103629441873471 -0.24585299763358 -0.123483173314544
0.184778635789459 -0.245302873066205 -0.23155284126043 -0.0522951195662604
0.049375741174538 -0.280234324574475 -0.187923310014646 -0.0307862967562923
-0.0553816226313235 -0.254682821808271 -0.180971207945467 -0.00616258503095078
-0.116707577527136 -0.198057305516818 -0.141648817445117 0.00494792817893465
-0.130616683094697 -0.194682626911217 -0.078947387370722 -0.0574372116857924
-0.114714190195521 -0.194073882919288 -0.0396153637970193 -0.145072645956799
-0.0992616986786187 -0.245708196470739 0.0418145668939537 -0.207780060937953
-0.00826981878516653 -0.300144133376925 0.15412267528845 -0.221245064953554
0.113479918311822 -0.286840861227837 0.267496939943192 -0.106258510576774
0.285576910771026 -0.197699559919255 0.202970823237008 0.0657370963460655
0.386071065135066 -0.0312453722758018 0.0121541115697447 0.140104415152524
0.345711471615869 0.0801777835177422 -0.166660192974329 -0.0148615353123589
0.194116958703094 0.110396325017966 -0.318114908320339 -0.0526940516564275
0.275981091253929 0.0334151632263046 -0.304489079455054 -0.129683302957826
0.25165158236663 -0.0866030996615096 -0.249964859865223 -0.114869005026426
0.130956271860111 -0.192169771861631 -0.197420257707763 -0.0796541901420841
0.0280243156490649 -0.206102256438804 -0.186570882929286 -0.100203406116832
-0.0399848002204153 -0.186680760355743 -0.213978448262176 -0.0744674227411421
-0.0824230088035123 -0.150008209390818 -0.185187426377171 -0.0624667010565588
-0.0861901278069628 -0.152574432271617 -0.119890191756279 -0.124445990031318
-0.0669214012046275 -0.15742169743573 -0.0707107262890436 -0.20843158798478
-0.0431902352385353 -0.195515126104496 0.0291754818269001 -0.258280141111677
0.0375462874716248 -0.219215826096519 0.15728536241908 -0.254622647727138
0.131643102648352 -0.192896173016218 0.266497256104577 -0.114932892674933
0.254118999845478 -0.098803275125476 0.17750719532793 0.0522748241531876
0.299654151275763 0.043623747988311 -0.0346110496688926 0.103720839236031
0.237234315643185 0.113451335151057 -0.242520546151271 -0.0695301242740304
0.0686630552684773 0.0850785360504624 -0.393978955990233 -0.0521750688265587
0.142887884988204 0.0458372706866095 -0.332568171685698 -0.0929536201543958
0.139005600443107 -0.0382719786530176 -0.248174321767158 -0.106050650102604
0.064511474034268 -0.0915149906761403 -0.183165336931887 -0.0948775417728264
0.0180253883344211 -0.0896611256598156 -0.199843848420018 -0.131058376203429
-0.0038567298991636 -0.0897096300349909 -0.23845585778908 -0.103638310780831
-0.0280751773088412 -0.0811422893568773 -0.213705212918334 -0.103784616702897
-0.0307650553479425 -0.0874086455454311 -0.141452234626963 -0.171229534867633
-0.0171352815909611 -0.0950556782382387 -0.0797609093323512 -0.254714007313356
0.000270165106035563 -0.114606621580576 0.0386146366553802 -0.291446374828041
0.0521809749862836 -0.116636421402438 0.173833389978825 -0.267426599960531
0.107983143573332 -0.0980424909514967 0.267893010030477 -0.113473919806908
0.182268611913029 -0.0200733251534789 0.164397428778991 0.0353710402246214
0.176935677323996 0.0853179435422989 -0.0494618329695538 0.0556436563051364
0.102689094609696 0.114452963987195 -0.269848326903817 -0.124242908605858
0.0252970035710782 -0.0623143246392441 0.295717220318663 0.112051818083329
-0.0624811279233075 -0.0542965457745194 0.0909579192651703 -0.0836173500622752
-0.0687861176215574 0.00781168860246133 -0.157616357015297 -0.0537566557459216
-0.024718593475102 0.0338771661857634 -0.280575160163684 0.0880517700924962
-0.00853940935390179 0.0180713580785492 -0.207095776937153 0.275051041236443
-0.0190814456350662 0.00962701991538247 -0.0423586017947894 0.324860222990443
-0.0244806239194907 0.00930223793501838 0.0910397227766915 0.266903798910669
-0.0414316818821179 0.0062669047295285 0.181027701736108 0.191293065581719
-0.0417432080892755 0.00673981516789508 0.228129320843246 0.106347717298292
-0.0448893050665787 -0.00336338270521613 0.262115617722442 0.0800952557141056
-0.0330782872305274 -0.0308927052757838 0.250142533729079 0.0985650717555795
-0.0140913032556916 -0.0258841318546442 0.218946994949808 0.0972393294052011
-0.0160855530838627 -0.0399391979036533 0.247102837961785 0.113325018426805
0.00233400643192931 -0.081757545741125 0.324408882934983 0.115177526956696
0.0581223394874383 -0.0583092915545955 0.417538840902592 0.027445378979766
0.140497756809722 -0.0119819153465698 0.267232025997826 0.122158829660276
0.0687938458327818 -0.042045804505473 0.0677798080574148 -0.0758255287927048
0.0331390244067488 -0.0171700016240697 -0.160702351653998 -0.0512993693895894
0.0376153314746294 -0.0331950764198408 -0.283900650686393 0.0758069975142277
0.0160544359868646 -0.0733702891016806 -0.215680450454149 0.250027103322896
-0.0352012121798002 -0.0827366184887609 -0.0667458312084558 0.304035316731456
-0.070008727621626 -0.065952455847739 0.0626930409835068 0.259811748460453
-0.103298346897646 -0.0670717445642202 0.153286368669612 0.18112556758464
-0.106424909585719 -0.0651058481522972 0.200386355310301 0.0857538997559556
-0.111042164234211 -0.0976361950705239 0.245354692626678 0.0383786102807068
-0.0649214981979992 -0.160281233257715 0.257193017856337 0.0448581061799885
0.0131876543377907 -0.163160711681528 0.244329769397182 0.0610781566003764
0.0929290247034599 -0.145085813353102 0.25056198045737 0.103091282273457
0.164280127064841 -0.122695980477896 0.278675688194308 0.1080441883731
0.214611605994378 -0.0583606511328792 0.342844043483238 0.0267376319050719
0.239641719407939 0.0454604967848256 0.195468972964042 0.103734888120713
0.202510101845205 -0.0184403421283371 0.0203472845262027 -0.0961892998821222
0.150409692494233 -0.0428748348135154 -0.180316083342708 -0.0680323112922689
0.106708889696831 -0.108900388375998 -0.289280252423676 0.0595159639699648
0.0410734248927019 -0.166574671325546 -0.215418425589721 0.210445145708776
-0.0481176288548818 -0.170310035388938 -0.0887723642128484 0.257203499535699
-0.107416022867519 -0.135054397120586 0.0228539992210003 0.225811321728894
-0.149635059121315 -0.130296626198156 0.104317449345794 0.146402086699292
-0.153635910032936 -0.12406137599001 0.145864633234169 0.0442263923757672
-0.164155788074102 -0.170363294356558 0.198087459140068 -0.022623055329556
-0.0994934785201547 -0.258165174319227 0.239180716367694 -0.0324347554411373
0.0153878729302866 -0.275488545781301 0.2634809106609 0.00461539592915789
0.168438077416573 -0.244307206695064 0.255095647993047 0.0865256315746102
0.290890747742002 -0.161831763217888 0.22245789441528 0.116585738513211
0.33338922542892 -0.0544358156527485 0.227192169176352 0.0311186899547594
0.305824272160658 0.0904636636037458 0.0847960748597276 0.0630048143760229
0.315216663406669 -0.0025414616970682 -0.0540138490681364 -0.128845707491627
0.25823022851374 -0.0794242957299661 -0.207390006648932 -0.0930238810976138
0.162059960852683 -0.190552340542966 -0.285080361810653 0.0331238339475234
0.0503103568844459 -0.24873812575872 -0.206401903226501 0.149753632713253
-0.0623987013151933 -0.237635882267089 -0.11288208744856 0.185108932882415
-0.132411637585036 -0.18404133184625 -0.0259803582284103 0.166034734594307
-0.173310835583507 -0.175016268500397 0.0416035428320831 0.0910731143107775
-0.173875745618126 -0.166927240683559 0.0756153211082897 -0.0102162040730801
-0.184999398026412 -0.219826889567749 0.132649205461719 -0.0867213603813758
-0.113115882588371 -0.317168336880367 0.201405921696423 -0.110228421589454
0.0215736226376149 -0.339927661987176 0.26774762385109 -0.053885807329953
0.219929893869735 -0.300095105345631 0.250894879335406 0.0719689518981595
0.374500739846023 -0.172222737590428 0.15740305800244 0.133970798661121
0.398828161737474 -0.0347344016708089 0.0897922586955188 0.0350740104628569
0.325955431639837 0.113344230493925 -0.0544020884953843 0.0170280821463439
0.374803123014371 0.00134820724093161 -0.148088224800328 -0.146676813506432
0.319435191344934 -0.114718697739398 -0.233366479910354 -0.108981706056418
0.182478408291261 -0.249334886340946 -0.26398737846732 -0.00100124169402736
0.0429744113517204 -0.294094776954648 -0.194634088844321 0.0681816401261023
-0.0765139898901846 -0.266917685367054 -0.142896876994458 0.0955901837262609
-0.142149827060075 -0.201970971069371 -0.0808920166047362 0.090941425971508
-0.170776265675161 -0.191692053335019 -0.0238711502676317 0.0209557344053799
-0.162554434194243 -0.187217169746395 0.00484398427465759 -0.074206595385333
-0.166284948873055 -0.242307434470721 0.06772866681851 -0.149439378041915
-0.0870309715299374 -0.329440820522424 0.15989038903516 -0.178545155414851
0.0478412704892105 -0.343815698983733 0.260709982572906 -0.100008973575472
0.253422909538086 -0.289205246175924 0.231710308965564 0.0613271593816907
0.403518123079064 -0.13604748167754 0.0873494239460601 0.147504364870501
0.402382174663893 0.00444684414661003 -0.0475829518053913 0.0264401732739706
0.290028800369804 0.111417013354637 -0.198279836431145 -0.0165908963283867
0.360354174334786 0.0025401496308043 -0.242898008013514 -0.136755343722082
0.312522650673565 -0.126860795387526 -0.249434253013512 -0.108699574715245
0.162443825435371 -0.255585197860054 -0.230981736851824 -0.0366915975844405
0.0256752909413742 -0.279623470745242 -0.188618663622934 -0.0197466462694584
-0.0759406887810276 -0.246677847423642 -0.180501751197889 0.00806264414238348
-0.129757282419967 -0.18690310372358 -0.13727714572375 0.0154196649800454
-0.144709060754988 -0.18065731327549 -0.0836179058850731 -0.0510478497216862
-0.126842342576908 -0.182466294479697 -0.0521415599222083 -0.140040508254117
-0.11759407373718 -0.233365851619716 0.0238585001870866 -0.206922607631614
-0.0332643643244491 -0.295060003417438 0.136188252054374 -0.230978012949843
0.0899598610535386 -0.289598343181642 0.253802778199077 -0.125436307408546
0.265861882299194 -0.216526825648738 0.203266344603611 0.0539492510784419
0.376179094896089 -0.0609889048881608 0.0210839317007217 0.13910806709575
0.344301062619666 0.0556853359662756 -0.162760549231549 -0.00241275993040138
0.200998321187565 0.0967227675474687 -0.318660341904428 -0.0289578672750326
0.273776570065336 0.0110688705453513 -0.309071702457066 -0.104918559174312
0.241374028756746 -0.104243737360991 -0.252598528886148 -0.099232702493012
0.112754557957336 -0.199069368366784 -0.198897423772302 -0.0668961911239934
0.0103702356309412 -0.204583062318473 -0.192754780555546 -0.0879294094085088
-0.0554440177906643 -0.181217313801809 -0.217831121051611 -0.0565877229689618
-0.0922774934651275 -0.141972733747552 -0.185660720271002 -0.0472629774328151
-0.0969810207925358 -0.142328687488295 -0.128793425032234 -0.114518010238976
-0.0769249916063201 -0.149759811068218 -0.0876869424612636 -0.200224257633496
-0.0580090202731379 -0.188333589579453 0.00800585884486556 -0.255715461798751
0.0194578808677771 -0.218306288059015 0.136523441942437 -0.262755045212589
0.114394839695074 -0.198258485446597 0.252843288038108 -0.132820686885898
0.241581241751668 -0.116837181944808 0.17744861099157 0.041421066302473
0.2980149619248 0.0196960667303365 -0.0277037261878893 0.10653124826625
0.241053314503529 0.0952048833177192 -0.240496917329194 -0.0498097696460459
0.0745106489188329 0.0809039286812106 -0.39185460991563 -0.024839617511178
0.142910655901161 0.033480693057269 -0.333680501885581 -0.0674706399418982
0.133065681675743 -0.048993198673327 -0.251027835350262 -0.0897172078167479
0.0548715134009931 -0.0945203261037095 -0.186156334731058 -0.0839698094861405
0.00986213759467268 -0.0888460308303919 -0.208304422138055 -0.117246013317611
-0.0116269742676164 -0.0886595338662223 -0.243780779570547 -0.0829633463095384
-0.0334751418371417 -0.0782769440066452 -0.216705397816285 -0.0849092818369249
-0.0370866782515569 -0.0828759027807496 -0.153712813698395 -0.158086180615357
-0.0244110169504262 -0.0916492305041141 -0.0995505331917531 -0.244055687684555
-0.0093644858772034 -0.112078380808313 0.0156603338328519 -0.288914795187445
0.0429472500468936 -0.118229536195134 0.15217189529159 -0.276128528239754
0.0990422728923668 -0.103129899313685 0.253974673256381 -0.130836019138767
0.177215746559436 -0.0332308438602241 0.163252973291175 0.0243335179721359
0.179598966151331 0.0709206476845798 -0.0447943883484517 0.060853697556256
0.108491927677238 0.10588955532128 -0.271755141398787 -0.100966387279434
0.0213494017456144 -0.0616463203723954 0.292308369480359 0.0889471585087434
-0.0632091212757485 -0.0482836042371157 0.0800389710766729 -0.0883464109435441
-0.0651076028415055 0.0106699425903298 -0.155548901165177 -0.0444562754565786
-0.0219168497608149 0.0336234724622037 -0.265609644449443 0.100447816369585
-0.00696993064267947 0.0174399944605132 -0.182936485351367 0.277293267543247
-0.0180843426889991 0.0105649955204248 -0.0212592785781703 0.316393055405077
-0.0247443141491612 0.0102168446520905 0.102372234819023 0.251405947995121
-0.040359406340357 0.00872662430107391 0.187390841165355 0.173371206143848
-0.0406037283347811 0.0083779318496591 0.226330911059689 0.0892876134440213
-0.0436272619952797 -0.00125057488757149 0.259245414860929 0.0609810379134925
-0.0336457329997522 -0.0284791253730573 0.248646862919574 0.080905348430961
-0.0148752617460543 -0.0244004171610824 0.216561227314136 0.0853109079699296
-0.0180019683049632 -0.0386667544689276 0.247571336565761 0.0985145855271499
-0.00343283475365422 -0.0778522102415567 0.321005811768304 0.0931327394193485
0.0536406658504022 -0.0576921413720054 0.402971139167421 0.00318057704548477
0.136647041967501 -0.0192304847527485 0.264601175932221 0.101515104944405
0.0641314674436402 -0.0447548646304797 0.0584969673755089 -0.0792622866268181
0.0320935179550215 -0.0188279382698457 -0.157970629722987 -0.0436178216224392
0.0345811961015712 -0.0342076876371057 -0.269565051831896 0.0885219451963472
0.0111967799181876 -0.072248769567485 -0.193643681983659 0.253842694113895
-0.0395605132543218 -0.0775090213037257 -0.0471424437171953 0.297630639954365
-0.0733183748177006 -0.0597969019960656 0.0747943150256061 0.246415917694257
-0.105286396387666 -0.0580063265785839 0.159303496247117 0.166000657859125
-0.106954556911493 -0.0571577510634385 0.197617481572459 0.0700723609506801
-0.11369808622782 -0.0884681394692882 0.238957372080406 0.0214325591274073
-0.0736449741250221 -0.152189061964198 0.25228581816985 0.0275924292483558
0.00292579310909902 -0.159064083214752 0.238994187875823 0.0480102697256729
0.0813263701347896 -0.147148641679707 0.249739925982774 0.0893789819819527
0.151255613857641 -0.128833231553415 0.275558599438572 0.0893886110174542
0.204151918292671 -0.0662131731306313 0.331188625127287 0.00664633017695405
0.236195464391493 0.0311426086801806 0.194247249196563 0.0889397700569967
0.194721737746728 -0.0312783728518281 0.012391133258346 -0.0966969415587144
0.144667710340233 -0.0508541744812673 -0.17736950471051 -0.0602263208340205
0.0969267258673461 -0.111828643260516 -0.275621863500287 0.0723861740565316
0.0285975699902781 -0.163429956389475 -0.195691370104058 0.214794424771766
-0.058192378953154 -0.16123350799036 -0.072142629613086 0.253576470098867
-0.11291908814864 -0.124880104353137 0.0349358041714839 0.215146191452387
-0.153788418203778 -0.116638129456628 0.10980391625093 0.135496898664825
-0.15661249515387 -0.111188128432882 0.142111616008989 0.0336732528639613
-0.169053050836127 -0.155616391718811 0.189140823346884 -0.0343850403762375
-0.113530677360098 -0.244588842235426 0.23030017201525 -0.0467512252824245
-0.00172635353039118 -0.267589733300557 0.253221167869016 -0.00893611908020609
0.148284810631511 -0.246937976700678 0.25339315913976 0.0733812267229162
0.271363335397968 -0.175597438332023 0.220476512189427 0.102126588605393
0.318892791395686 -0.0695991356552073 0.219985056307047 0.0164175161797155
0.304149053335614 0.0713214968451643 0.0843701558389679 0.0555153776882793
0.304259376659 -0.0224195065630053 -0.0612927148664681 -0.123163754950775
0.246277349874402 -0.0924644396177429 -0.205036753445051 -0.0835453923699846
0.145338187451096 -0.193967660601087 -0.273132806490354 0.0471895039625434
0.0326605199251617 -0.243358052937499 -0.190764603692729 0.154622846377587
-0.0773996119999741 -0.224993482851225 -0.10047620096185 0.185327742240986
-0.140222579110298 -0.170879449752508 -0.0150477923367783 0.1612341558122
-0.179436364274378 -0.157945721660414 0.0451507717418509 0.0856312564431803
-0.17753942516598 -0.151284221988616 0.0702726595060269 -0.0149391947663708
-0.19244180933079 -0.20116593891312 0.121547586918809 -0.0920104932834178
-0.130332727455709 -0.300458016620766 0.188083037878958 -0.120027758492887
-0.00101455623118736 -0.329019776385586 0.253615248766194 -0.0669959780399234
0.193555147093718 -0.304691757960361 0.247282411813329 0.058505630841319
0.350210849494231 -0.190062698451617 0.15911483063601 0.123041281973356
0.381613029971454 -0.054135022983174 0.0887889572689278 0.0286865199585564
0.324175399022896 0.092788031594246 -0.0528409194351064 0.0192902662928919
0.362557420940402 -0.0219817797725987 -0.153508398791281 -0.133928133348849
0.304021134477992 -0.1304684277181 -0.230583740329642 -0.0981932009723996
0.161040320839515 -0.251957153362948 -0.255073498782246 0.0118453915867384
0.0217298358266358 -0.286090242076925 -0.184674234364803 0.0735482055279661
-0.0921688442877018 -0.25325159420296 -0.135147516745663 0.100748085027123
-0.149933761454858 -0.188055391235551 -0.0717435632876129 0.0923508046249221
-0.178169266721097 -0.174440881601339 -0.0228198602378609 0.0221177771265548
-0.168611976491501 -0.171858085316702 -0.00214321392931488 -0.0716591316061217
-0.176532596556608 -0.223932090609575 0.0551267852948265 -0.148484826516895
-0.106526171466989 -0.313827856598692 0.144145656690975 -0.183451129872615
0.0258703017959331 -0.334819744075567 0.245034251366984 -0.11140317942404
0.226997253569118 -0.295554164773795 0.227870394907488 0.0496118465795026
0.380161044726968 -0.156480011839801 0.0915311761726965 0.139651439295256
0.38751194508976 -0.0151743106274961 -0.0430510456073238 0.0277399675115157
0.289448297372887 0.0921614559010179 -0.194179237007392 -0.00527332385916263
0.347300363193965 -0.020014266142251 -0.242612753232852 -0.11828733133941
0.295444663833918 -0.141191824406077 -0.246083695805245 -0.0968981158875345
0.141519982561143 -0.255771005861388 -0.224358172613404 -0.0251214563765721
0.00606294992451599 -0.271017708833024 -0.184747445882255 -0.0115493465519164
-0.0911864711066037 -0.234202216270018 -0.176300811322835 0.0187138307789414
-0.137199917504227 -0.173888700317098 -0.130281658133527 0.0223887751887653
-0.151227769094483 -0.165235178873286 -0.0850113070864311 -0.0438770920674833
-0.133457226626537 -0.168751058153076 -0.062385972814293 -0.132248194808127
-0.128793283645544 -0.217917179508424 0.00939982117962794 -0.201622600079487
-0.0514384995009563 -0.282392547308306 0.117772184119559 -0.231707825932552
0.0693673848066909 -0.284360613677299 0.236794108942599 -0.136177200375554
0.24266314664192 -0.225358560468614 0.200117060132265 0.0436164799765498
0.360837049870384 -0.0820553741428206 0.0263878509187155 0.135569727031335
0.334853655645158 0.0361259895364561 -0.155852960795709 0.00584398436300328
0.20155074868613 0.0833972932810036 -0.311410837228022 -0.0111141414394849
0.264087144724711 -0.00645025774472955 -0.304108315276937 -0.084302643576416
0.226706136135792 -0.115487541031047 -0.248825691747793 -0.0859564469930337
0.0960688604359337 -0.198287345082137 -0.195539178753959 -0.0572405582231919
-0.00361266123667533 -0.197047923199639 -0.193172989788709 -0.0773222103280638
-0.0660660797878255 -0.171875219244448 -0.215776620524856 -0.0412714495224264
-0.098605924750574 -0.132466584062933 -0.18107401504878 -0.0351792670964079
-0.102740064826749 -0.130514469705158 -0.133525190618711 -0.102374821768321
-0.083115037354915 -0.139868619892473 -0.099728556019381 -0.187705618684855
-0.0681255785971784 -0.17808860677268 -0.00819433305768717 -0.247205068830974
0.00469402134542401 -0.211216525801644 0.116947429584405 -0.263217298993055
0.0992768059481527 -0.197312795335486 0.234963277687437 -0.144128114755123
0.22499655067632 -0.126190550083828 0.173316138087012 0.0331083320669297
0.288269680370131 0.0012781362721501 -0.0214410890945458 0.106848665154075
0.237654635561919 0.0805124727442432 -0.232453754964207 -0.0345743948755876
0.0781162965042844 0.0745063430532897 -0.381150668664831 -0.00268392709859888
0.139594247880343 0.0240744209209975 -0.324880717168362 -0.046422757559092
0.124620713923344 -0.0557266789859647 -0.247782652054866 -0.0759563905573658
0.0470020408411181 -0.0941026036598278 -0.18400728799928 -0.0751453392483859
0.00335418750336519 -0.0854536041675359 -0.210118011155436 -0.10408673376635
-0.0168516860121046 -0.0851003819631417 -0.240719001380023 -0.0657797223235749
-0.036923314194648 -0.0743913686732362 -0.213553932480224 -0.068920428397083
-0.0403426132511404 -0.0768199036094714 -0.160365031587234 -0.143443346133579
-0.0283472569136081 -0.0867957781656521 -0.113154997753882 -0.230695918119331
-0.0158231371481973 -0.106561755805987 -0.00201158781481374 -0.27922313690154
0.0344135762537899 -0.116703246014661 0.131583758414066 -0.275968478558754
0.0896826640921178 -0.103887460020088 0.237528734904067 -0.140755822344563
0.167686700324473 -0.0419599686073383 0.158714472811701 0.0172935869656071
0.177864629351782 0.058620284039645 -0.040381930286608 0.0633580229472153
0.110349900467326 0.0964160250586792 -0.265245456109943 -0.0809511654115125
0.0462506563492485 -0.0470050005536458 0.220006428725215 0.189314996796064
-0.036137396493398 -0.0673719280104265 0.101293120458479 -0.0477941563719313
-0.0618548789563108 -0.0165117765303614 -0.121037972406118 -0.0981544859491011
-0.0312427120353466 0.0208529617702437 -0.277172573677616 -0.0112773175994135
-0.0105692526777726 0.0104086508369661 -0.269738742754922 0.177236114656508
-0.0201246960959568 0.00153628648881482 -0.139619752978573 0.274224445161728
-0.0269048440740671 -0.000488860280316007 -0.00643836336297892 0.262988088973127
-0.0398220680327692 -0.00685844622213145 0.101656726143181 0.224566141356009
-0.0380677029613234 -0.00893239623876164 0.167814841032476 0.164312806603823
-0.0374214955009325 -0.0198959703025104 0.209773780738163 0.15237067478581
-0.0179002019651877 -0.0415766872852974 0.190660796020185 0.166978456930744
-0.00190821713692407 -0.0298275447436207 0.158342135405739 0.162033448203487
0.00109515464627122 -0.0444745113307906 0.181864020231068 0.184566169057252
0.0277112994757451 -0.0724092427566129 0.256067958471315 0.201117683405446
0.0749057130837167 -0.0339898066891504 0.358396297115958 0.159863849435408
0.133537414435798 0.0418393099195535 0.192193278574602 0.177255971258574
0.0742769877405154 -0.0132749231704654 0.0787357065741088 -0.0548922225500308
0.0366171322278682 -0.00409171684657939 -0.124065693299834 -0.106224267196236
0.0450555629165315 -0.0154018565591355 -0.279202429562811 -0.0285128149973706
0.0402226647511036 -0.061171231455995 -0.273937328663746 0.148159113983067
-0.00593361198277567 -0.0842324442603228 -0.160070109512337 0.246112622765951
-0.0427711948025219 -0.0813566597811408 -0.0297704940248423 0.247194002573008
-0.0731252611491787 -0.0911776981182791 0.0794287215980027 0.208416911736353
-0.074179129437188 -0.0922128302332833 0.14966731255577 0.135557478404764
-0.069420171416538 -0.122864741492378 0.207402560335313 0.106688428588997
-0.0111444086842072 -0.166553358668668 0.212691528190837 0.119254875002075
0.0627754440255553 -0.144490276286537 0.195067607071853 0.135309283463723
0.130152116525274 -0.109310584950139 0.190476941132367 0.178459766948734
0.184620166730528 -0.0659184518054329 0.22029658240273 0.188472350846086
0.214229407601814 0.010032567644434 0.291374038371087 0.142030503488485
0.20354494205932 0.12979688824729 0.13718934805672 0.126165379685156
0.183228617270541 0.051095680306712 0.0454071725435798 -0.0948083825062655
0.149489086030676 0.0120990297067398 -0.136316070671729 -0.137660696029725
0.130546876177625 -0.0579632517130139 -0.281547885304453 -0.049288614510795
0.0910026469592467 -0.134075831525284 -0.264738928724317 0.111296115924011
0.0100501679169603 -0.165007339521554 -0.169967215364142 0.195876316162366
-0.0530760633694854 -0.153417593740406 -0.054343321794653 0.204272522198031
-0.0949868294897089 -0.161730043982839 0.0459832708925054 0.162767770614533
-0.0983355263865244 -0.159604206423357 0.112959068894483 0.0812845235493764
-0.0959059665638256 -0.202323201676902 0.183486904247856 0.0368622819983285
-0.0152274381589485 -0.264557228093142 0.222005813906839 0.0435623711727399
0.097430740156201 -0.243879715790863 0.230664118575075 0.0889192788170177
0.226144754354125 -0.177672745075105 0.201306156130146 0.165382892051579
0.308451041311835 -0.0671378868631589 0.170623448575624 0.18449165021698
0.318293448540837 0.0474767610328576 0.187838947569614 0.114638815893858
0.248071520281057 0.195895606423896 0.0541679559937712 0.0470615085742906
0.276343793370068 0.103029094460306 -0.00771076617418654 -0.152378987296245
0.257343987027675 0.0158330519946078 -0.154265189343933 -0.1773453299245
0.205433696535523 -0.110469567042773 -0.273416320380923 -0.0765803224386455
0.125920447197876 -0.202165715821874 -0.241600408768427 0.0572531635944883
0.0177469890539703 -0.229164703701616 -0.171295586530484 0.123327157751345
-0.0597836811682545 -0.204508004321227 -0.0786200541628732 0.135800469196318
-0.10238168638432 -0.208144274188298 0.00745978405162795 0.0939569744137583
-0.102979118233206 -0.203337927856627 0.0678897864260025 0.0101155850902408
-0.100851130936134 -0.251195456716449 0.1443727515506 -0.0414474374681366
-0.0114673376881569 -0.319490185924983 0.212750126406457 -0.038462895858949
0.11978878207794 -0.299293887719417 0.254814323369778 0.0363040781612489
0.28748054463587 -0.214537873862597 0.20305476290701 0.151222511448386
0.385644909547143 -0.0536401785889357 0.107680231056872 0.183938144331277
0.3678580154838 0.0838017617762352 0.0647224990020197 0.0779210630261752
0.257867942547306 0.224547142036836 -0.0527878793193851 -0.040959272451693
0.327009051633094 0.12678591797353 -0.0847742997004991 -0.200251355061816
0.322950791975548 0.00466296229962665 -0.173905673888583 -0.203996843237078
0.242880809885874 -0.15422649888658 -0.246692842060058 -0.103179183596373
0.132711000999373 -0.243814600202723 -0.208027545606846 -0.0140225430056475
0.0154016360875878 -0.259177243470501 -0.171634319713557 0.0346135475863469
-0.0612436886522171 -0.223656586768602 -0.103136549855959 0.052561438619225
-0.0954754704587915 -0.223269488118742 -0.0300835533718055 0.011913850421568
-0.0876424192109019 -0.21764175963872 0.0248582818251479 -0.0684800724338011
-0.0789267405608915 -0.265022979738063 0.106864858218002 -0.116528318743404
0.0145847449429247 -0.322618288828729 0.198406025221099 -0.111480469601389
0.144715666526716 -0.294835978974256 0.264001191577386 -0.0075509774913933
0.31500919040191 -0.194022461196434 0.189291158345698 0.136340591942855
0.399649395712689 -0.0114690646293752 0.0403049875966495 0.176744671253959
0.357462380029044 0.121509957007927 -0.0543145474254374 0.0264709925457074
0.225057206738536 0.209598698749794 -0.16939047975323 -0.113652498459539
0.313329604078868 0.123187160379763 -0.169942685912119 -0.220274549368861
0.31926425979473 -0.0088121983331186 -0.188629835506683 -0.207868429883676
0.225753355892316 -0.165669095399224 -0.204109749219723 -0.124671515411946
0.1122405335299 -0.235146431028032 -0.174973456931079 -0.0893483461519119
0.00916589452274215 -0.240907636032283 -0.175922191747302 -0.0547305263921058
-0.0553101731483127 -0.206219206324641 -0.128038894680714 -0.0323096546487976
-0.0746125765795346 -0.204492697336685 -0.0602483446677419 -0.0714180189411355
-0.0577260730904155 -0.201950862209461 -0.00546531401004403 -0.143812362630393
-0.0385502075471136 -0.241414030133419 0.0864734678741425 -0.180663858261651
0.0519336645426919 -0.274930386087277 0.193628765752715 -0.163594490792588
0.16589896215375 -0.232651189684148 0.26610013780559 -0.0318382709683991
0.303149052824944 -0.122785605927364 0.165155190443903 0.12053267999935
0.354639937673387 0.0504020552362622 -0.0196116445694088 0.149189969210879
0.290716160257264 0.150929098435256 -0.148075018551531 -0.0388382755309658
0.148845328965494 0.163551454156612 -0.270949687120356 -0.154843852891248
0.234560042208244 0.10171893015633 -0.238434260954567 -0.208328623960329
0.246372771389985 -0.0127153204547181 -0.194325644812013 -0.193551323425227
0.163181810138808 -0.132919561456259 -0.163139679581559 -0.139160642856097
0.0746691471258769 -0.173053559205008 -0.153427135126262 -0.150196279652171
0.00738346564625586 -0.176674137975966 -0.184556302948211 -0.122350734183787
-0.0359233636420491 -0.154834638048938 -0.150025887069236 -0.102636998596856
-0.0435460343911416 -0.155497270108794 -0.0813519465765525 -0.141710075396299
-0.0234777793715068 -0.156881344919419 -0.0175104880972148 -0.206882884540502
0.00027601434664685 -0.183381069832149 0.088510105413694 -0.226285072969963
0.0773587669265449 -0.190975209280335 0.204408983916654 -0.189833039052517
0.160816258173175 -0.143359577038803 0.267045145303861 -0.03755094140395
0.252339883412142 -0.0386780610867428 0.142772503441464 0.101396237817121
0.259647745203844 0.101656610790526 -0.0557203973682529 0.103186487157127
0.185101734321342 0.15662611045108 -0.201184745300389 -0.109732304464342
0.0391236931258725 0.102600587532921 -0.334242906687558 -0.160120493930443
0.112215134417804 0.0782378780134237 -0.269285346576608 -0.175130506537659
0.131665252427946 0.000143804984139622 -0.193369685286389 -0.175137547959307
0.0777334783222297 -0.0619258003908387 -0.140372925228384 -0.146540685913506
0.0375084071308516 -0.0715287208281393 -0.152935028684353 -0.178642495832126
0.0176640385944438 -0.0815497266268213 -0.193017324345641 -0.153066385809229
-0.00394238985227629 -0.0806252826819599 -0.164683363644371 -0.145054072306508
-0.00768145674613471 -0.083318573872687 -0.0895176786524217 -0.189081127100936
0.00526424170506253 -0.0886531572099392 -0.0145764870231419 -0.248245663449968
0.0218297561277083 -0.101206779191384 0.107009920400577 -0.251138500919079
0.0705682744370863 -0.0947563307056908 0.222374239896995 -0.194617056741896
0.118273259723297 -0.0638426001443957 0.26653002352025 -0.0336969271227797
0.16957786060335 0.0187491455920416 0.134540417246093 0.0811835248762203
0.140087549144281 0.115267332873636 -0.0606856425020345 0.0536117894273993
0.0630137808223019 0.12602435268718 -0.210550025274908 -0.168799077906761
0.0442128329563405 -0.0476072112424253 0.222150477479243 0.176997628919994
-0.0376506245536068 -0.0643937963921485 0.0953954688589765 -0.0522302567646706
-0.0608170502165619 -0.0148253821876948 -0.12157323211081 -0.0944077994800095
-0.0295229157151704 0.0215472894661136 -0.272175849097731 -0.0040524770339238
-0.00960371641405536 0.0103495278225447 -0.258447444358133 0.182504208364318
-0.0196922077828261 0.00193804344167198 -0.127409521191812 0.274323858437394
-0.0282903859972924 0.00022667259548164 0.00157963600749691 0.257773075226438
-0.039780444732524 -0.00538825408540196 0.108682705252788 0.217284440092977
-0.03824747214728 -0.00779195798301862 0.170735545108737 0.155820733588448
-0.0370296600908042 -0.0191798404064599 0.212353801091059 0.141576078852126
-0.0197322987166359 -0.0408849459205501 0.193635466246257 0.158625633494924
-0.0022029001820902 -0.0297682330049192 0.159699898541216 0.158297467395192
-0.000637869861705959 -0.0444238177350119 0.185779867525939 0.178880462531841
0.0244042735118174 -0.0710800930445805 0.256921006153865 0.190287762260771
0.0739358010071543 -0.0344039130235347 0.355180996908241 0.146032678281985
0.133729064622375 0.0366678495312747 0.194032453976067 0.165773911192267
0.0725783605302533 -0.0154654809753296 0.0740519643263583 -0.0574566669163736
0.0367116830490112 -0.00600148411365162 -0.124730443278999 -0.103798066876974
0.0436815990245496 -0.0164550087440525 -0.274921221889262 -0.0196508171105054
0.0371934876168558 -0.062280786250311 -0.264055846865298 0.154205336596652
-0.00965049096775053 -0.0829954506760888 -0.148922604150543 0.246885365494337
-0.0463782415286393 -0.0786740187698343 -0.0217890445914848 0.24325280701962
-0.0763911467288242 -0.0865964751759202 0.086015535360069 0.202241161516884
-0.0765478791510996 -0.0891446231555786 0.15131262855768 0.127720891389015
-0.0723444139317423 -0.119280298587002 0.207931737801238 0.0969794369133764
-0.0182197408274572 -0.164704201063969 0.21501240503926 0.109509202398526
0.0577257952736829 -0.144857150761479 0.194088978633395 0.130092674623375
0.124732099429495 -0.113208075680529 0.193882939417425 0.171936651829618
0.178745115329299 -0.0712367109417591 0.221183405378414 0.178706436618699
0.211849722533234 0.00521235738100597 0.289428879813601 0.130066708929448
0.206079556992932 0.121391476423781 0.137482369830813 0.119113596874628
0.181962066225612 0.0430034069755568 0.0395897101733721 -0.0957936364974601
0.148673016019018 0.00582508732410497 -0.137651155388742 -0.134516961817087
0.126539006615294 -0.0610239655385825 -0.278204183954098 -0.0415315129188951
0.0833546994839658 -0.135351358881579 -0.256916411923455 0.116225402044815
0.00219536281413178 -0.162774039009064 -0.160677379533414 0.197859270902652
-0.0596365110802307 -0.150106711880934 -0.0471249157381672 0.20180246906981
-0.100794362902705 -0.155475179787531 0.0507400811881261 0.158563741518554
-0.102443219066638 -0.154201325892316 0.112727043549369 0.0761125520446747
-0.102060497807308 -0.196327250621874 0.181119978994973 0.0290081474155464
-0.0270607610639375 -0.261097706192097 0.220326374169694 0.0345909879202534
0.0878218540573288 -0.244203464197546 0.227984578309639 0.0816713826922698
0.216320060618481 -0.184701541722234 0.204018202524584 0.159797556499431
0.301551006076453 -0.0777261678092866 0.170911908826764 0.176688369933143
0.314600556193857 0.0393759433258908 0.187057979011605 0.106846256980045
0.252675881731042 0.185432899881937 0.0532275983710742 0.0438104088701641
0.27560599799263 0.0906070459777256 -0.0140663216275476 -0.150180708394836
0.255358408140534 0.00580247023447906 -0.155987418923688 -0.173484217199561
0.198805520017862 -0.115202301820048 -0.270257763756192 -0.0678801990967807
0.114986775758694 -0.204346333021972 -0.236580874335224 0.0616711524623322
0.0070484997876685 -0.226170032191545 -0.165374902046521 0.127074924409682
-0.0673325378366715 -0.199931917818864 -0.0725652285566546 0.135843429203103
-0.10913426496834 -0.201241279910298 0.00997675718218166 0.0927069393010734
-0.108674486265251 -0.197973718040273 0.0650634767233429 0.00793006394858492
-0.10903949329324 -0.244125399495821 0.139848132889148 -0.046237621827979
-0.0256256293267357 -0.315523704896514 0.207938194862368 -0.0460903152441806
0.107414474832681 -0.298785133860717 0.249828449878106 0.0284374998565608
0.274021795889825 -0.222801944371377 0.20458097169497 0.145581857960201
0.376654718597921 -0.0680948394318211 0.110277333971684 0.179700268258068
0.365198828136311 0.0742322352349828 0.0654380628965445 0.0746012307000215
0.263819403321158 0.212005181722477 -0.0554058041341606 -0.0396457552029839
0.326740759057978 0.111487326446687 -0.0911717552179469 -0.194733530448474
0.319400667759622 -0.00664368775256093 -0.175588234814563 -0.200462064585305
0.23364280113072 -0.160431211736091 -0.244052026294555 -0.0962370110473102
0.120297594018932 -0.245073083938037 -0.205156044657121 -0.0097620023866143
0.00347537891623832 -0.25536905854294 -0.169469089673421 0.0394593189455632
-0.0697383085935027 -0.219225206897788 -0.099684196717286 0.0544233998122093
-0.102763516054952 -0.215664661141492 -0.0297192937678734 0.0130169587725332
-0.0936942414027954 -0.212229025503105 0.0193888464001904 -0.0672046029939267
-0.0877076065305216 -0.258207081907203 0.0996235359863362 -0.118705896708149
2.36148901551075E-05 -0.319028064935771 0.190603633035552 -0.117590371940589
0.13202134074142 -0.294775409710088 0.257548216354695 -0.0158119521219564
0.30102278703319 -0.203927040676807 0.190095824484706 0.132055529189723
0.394248862706189 -0.0265921634445391 0.0433282979042224 0.174617409446921
0.355077119700831 0.110732793002876 -0.0524479382663696 0.0282598460472105
0.230950164172059 0.199423351185194 -0.171387686903914 -0.107404266794283
0.311181294430348 0.109146002632869 -0.174635194094144 -0.211508687241462
0.313817172088984 -0.0196983791863811 -0.191403744119628 -0.202672715629552
0.217080655532858 -0.170816527637169 -0.202787704850528 -0.119201842493309
0.101039056893963 -0.235792494192439 -0.175355648214831 -0.0862477791718726
-0.00180237531273373 -0.23754094567464 -0.176676314476595 -0.0474808854227536
-0.0630388439843576 -0.202413159437326 -0.126868190086935 -0.0284079640012752
-0.0814103756964484 -0.197583330925741 -0.0631875573363033 -0.0681871267483189
-0.0638466019028479 -0.198033716681646 -0.0131874260393876 -0.140541201365328
-0.0473841243368292 -0.236078927662031 0.0777124996763125 -0.180967355807845
0.0393074896045071 -0.273344443209656 0.184537151126604 -0.168872119650854
0.154619840730551 -0.23508990688478 0.259422193871658 -0.0402331440668209
0.293546054989902 -0.132440107648233 0.165548759957661 0.116895971845921
0.349342588287268 0.0363005120642548 -0.0153230955388582 0.150397943036837
0.289576879657917 0.141590666154465 -0.145851497640683 -0.0331079721164403
0.153334258242918 0.156523039502691 -0.271682737017149 -0.144583852124216
0.233587743235334 0.0908816826087007 -0.239019080296831 -0.197202331485655
0.241320543155011 -0.0214522452502968 -0.196591473412321 -0.187521865906959
0.154974640859493 -0.136190342974891 -0.163570990301156 -0.135054478158129
0.0664441088657061 -0.172343911877155 -0.156880081510739 -0.14654887464007
-0.000543003591505201 -0.174159141212192 -0.187462378201652 -0.113772953238149
-0.0420561133965425 -0.15234801369942 -0.15090825819776 -0.0964002263065292
-0.0490418612114876 -0.150060094655243 -0.0869005282362409 -0.137154548668457
-0.0284838016031441 -0.154018846347539 -0.0280470419378584 -0.202446095121596
-0.00620337954561426 -0.179638220604303 0.0789952806665491 -0.225337999130271
0.0685852912806817 -0.19021621632993 0.194560526099799 -0.194559737468805
0.152818379705119 -0.14578203943635 0.260333999467907 -0.0463041659554742
0.245597664851862 -0.0462881072534557 0.142706261761682 0.0980252106713903
0.258330983709778 0.0907195012767785 -0.0522170676161294 0.106346658618193
0.186039651171482 0.148921491329502 -0.199339519404782 -0.100792187412166
0.0432760983662194 0.100317216646747 -0.333898287139621 -0.148900803580229
0.112419724299379 0.0725762473484143 -0.268614438127265 -0.164108316804024
0.128299668883106 -0.00513203676520995 -0.195915291545652 -0.168413070247241
0.0734690394599715 -0.0629186364907978 -0.141482421262797 -0.143468217607222
0.0335811741381908 -0.0705641359443015 -0.157736017880077 -0.173581787401155
0.0138778766432458 -0.0805272370272265 -0.196585644188346 -0.143591900060318
-0.00695029387576135 -0.079559655532904 -0.166520496588659 -0.136824617279974
-0.0109262287801417 -0.0805402350717065 -0.0965324805214801 -0.183535048725421
0.00204362502910554 -0.0867867365181706 -0.0250897240771892 -0.243305243700055
0.017469534049636 -0.0986578173027627 0.0952562570126335 -0.250675603188211
0.0657126547281507 -0.0955676019046514 0.212169658078419 -0.199333490114427
0.114439551806703 -0.0655716231001661 0.260945981728754 -0.0413544362143469
0.166298470983402 0.0126044685916275 0.133732997626814 0.0779741399793565
0.14120964689615 0.108870886982786 -0.057949275364235 0.057184553234724
0.065436902829776 0.122986919422708 -0.210908858593381 -0.15838878250792
0.0415615446166052 -0.0487367671342218 0.226962491690333 0.164102433604987
-0.0400091023906673 -0.0619853200187129 0.0904017910815866 -0.0563044178585887
-0.0608859962910806 -0.0129963490686187 -0.124534073723258 -0.0911296123917985
-0.0284316947553118 0.0225484805987716 -0.270730273984086 0.00571028139894082
-0.0091948760956437 0.00993461648198204 -0.248337946083064 0.192752218732692
-0.0196572128135973 0.0029409431402642 -0.112535631227972 0.27675602555659
-0.0287013976039221 0.00196887315608466 0.0122656000304273 0.255495181034727
-0.0408257993295238 -0.00270447647045361 0.118571752930862 0.210862745829481
-0.0393250518683797 -0.00652704142171897 0.177198363434503 0.14579468795775
-0.0377786875903867 -0.0186662949672328 0.218381101812735 0.129559288207006
-0.0217053229457751 -0.0404405802380098 0.200228387675374 0.149507304306714
-0.00266762997431776 -0.0299574287231816 0.164822751479082 0.153599612396936
-0.00254893820456657 -0.044700855214205 0.193641714689566 0.171287158353287
0.0206002036875198 -0.0700501868187351 0.262831738646386 0.177772303969083
0.0737599015553904 -0.036018994846415 0.356606499361679 0.129897768272824
0.135271661559904 0.0307789477982434 0.198215319511572 0.154988422129046
0.0711011451980427 -0.0193260567388065 0.0690821515902877 -0.0610217570291547
0.0374277809069592 -0.00917548442505704 -0.12802028323887 -0.10091631715152
0.0430598579423517 -0.0181228983575862 -0.27366783264819 -0.0100965936864023
0.0334343933268291 -0.0642333402902672 -0.255174178833771 0.163550281726007
-0.0140235990631678 -0.0815527917616258 -0.135027874888993 0.250761676219512
-0.0515232193845975 -0.0760557185756357 -0.0116981777628044 0.242072576926674
-0.0805778439402938 -0.082339050513395 0.0949082348185422 0.197052182963165
-0.0806382338874405 -0.0859927098497176 0.155551292976323 0.119939487771082
-0.0784306950320116 -0.11581640518925 0.210574423130256 0.0845268960997078
-0.0272482048040062 -0.163145872192717 0.218712069450463 0.0995362015397119
0.0502845704290571 -0.147703216268003 0.197280013766031 0.123387467085845
0.118102923014034 -0.118657100203086 0.200564864038671 0.165882769256555
0.173980931270053 -0.0785651445407033 0.225912207529071 0.168627662156851
0.21135393756085 -0.00196983157523556 0.290991991617669 0.118138445989574
0.21199143841773 0.111612117447056 0.14033838240271 0.110859612765083
0.182045474756262 0.033200387668156 0.0341218661825253 -0.0970410051621022
0.149126649450663 -0.00223558775463158 -0.141849159498139 -0.132595300626268
0.122670641495904 -0.0665376790283473 -0.276926882191056 -0.0307486438936752
0.0752145285624112 -0.139319994349167 -0.249654054616644 0.125052060796895
-0.0073515145691943 -0.161720246720055 -0.149964399469802 0.203450642443929
-0.0676971943460908 -0.146553989556773 -0.0380964237781077 0.201789323904316
-0.108315726094461 -0.14906023024623 0.0581869233859298 0.155007974421513
-0.10984834769597 -0.149795846298009 0.1143939921681 0.0710525010669551
-0.111092365494305 -0.190849523031403 0.179999470812206 0.0198297762572854
-0.0413574817192434 -0.258234657963906 0.220802137864659 0.0238472926613942
0.0753807689894606 -0.247518623517065 0.228622757078786 0.0730786071596917
0.206043667959536 -0.194827383389872 0.210316452342656 0.153065318114478
0.295079546814551 -0.0909436588986751 0.176083050847466 0.169582928628102
0.31497306192948 0.0277904546827664 0.18902790949211 0.0977780746219105
0.261300538035518 0.17232033324928 0.0533679557461501 0.0407703368743953
0.276919654506428 0.0757280940051981 -0.0220614897105079 -0.14851709026671
0.255174854302478 -0.00770084146881138 -0.162093297305731 -0.170226782462441
0.191942089545466 -0.123702923026622 -0.27052633037519 -0.0576635475051871
0.102852348095912 -0.208559222819959 -0.23201788258285 0.0684894776807069
-0.00564591339996008 -0.22491172863016 -0.159162907275907 0.133573730917192
-0.0776053661865753 -0.196520998685466 -0.066143923670564 0.136931460690077
-0.11902010531651 -0.193381231869392 0.0140836547195404 0.091504162405766
-0.118226610890091 -0.192766512453138 0.0628766663796752 0.00594044325124397
-0.120560041302498 -0.238495695096881 0.134887444230497 -0.0524846093912144
-0.042895352492204 -0.312356129591116 0.204262022681233 -0.0561417026665076
0.0923732446761042 -0.302969548032839 0.247401143565483 0.0185368926289524
0.261253382798427 -0.234537994580009 0.209987634080706 0.139099013225317
0.370254709962327 -0.08532124737358 0.116264573271639 0.175548582612966
0.366609146881176 0.0603169617825863 0.0675592175266873 0.0714247291042621
0.273012388260446 0.199208498607177 -0.0576369674768096 -0.0366296369994457
0.327950844750043 0.0951792689928207 -0.0987069649756732 -0.189431749939496
0.317397408208286 -0.023136895407188 -0.183124656748785 -0.1951931149459
0.224222790958289 -0.169972966583604 -0.244915846028126 -0.086992101868294
0.106072784542625 -0.248856944911169 -0.205038303649386 -0.00454343385482987
-0.0105186279834298 -0.252812042964116 -0.167705021778163 0.0470662671858783
-0.0819057341775653 -0.215856765087857 -0.0969339479548267 0.0573892260304299
-0.112645326622733 -0.208375204998773 -0.029394547743004 0.0142621633521556
-0.10408756626197 -0.208616209476823 0.013711813476993 -0.0665905264162251
-0.100889398938268 -0.252383145812729 0.0924764667690727 -0.122671112948987
-0.0178326038547909 -0.317501644825047 0.184122162680195 -0.125931732101541
0.117103248022612 -0.299773275197244 0.252850849203939 -0.0259669548017207
0.289134261075747 -0.217667786652706 0.194533117511598 0.12613190373215
0.388558706658709 -0.0457773646019599 0.0498843687479997 0.174094526105411
0.357834911297023 0.0975635270281816 -0.05085053182387 0.0301093983902517
0.240308191016067 0.187750005689137 -0.176135766093897 -0.0991806984129976
0.313066985228415 0.0924284867306038 -0.18185001335842 -0.202032974828278
0.312361335811372 -0.0349638564925564 -0.197934708617122 -0.196886595311186
0.207024715692611 -0.178993739424876 -0.205030081432791 -0.112407987264872
0.0876523418154113 -0.238773557786851 -0.17906226652488 -0.0814361995789098
-0.014649594580252 -0.235591083420349 -0.179204456488297 -0.0386935541710298
-0.0738458437356409 -0.19904971586183 -0.127205540946257 -0.0231886839164673
-0.0909710265930331 -0.191503953471585 -0.0665525140891416 -0.0645899831694528
-0.0730592329422819 -0.194846648783691 -0.0222707422524015 -0.138008873441343
-0.0598244128588977 -0.231900932567588 0.0671320944494963 -0.182935810478155
0.0247569428438259 -0.272479684387726 0.175508261884841 -0.176903247766034
0.142955219311578 -0.239675865125245 0.253355714663064 -0.0509631458195672
0.283237436234885 -0.145281028062272 0.169119291775427 0.112355728136233
0.347909027870472 0.0189316531422281 -0.00926185044392551 0.152485109269738
0.294175153466997 0.130640469710513 -0.144980352428667 -0.0267752983689816
0.16099846883042 0.149045887717016 -0.276405191395166 -0.132785321927755
0.234562193993693 0.0784425794736299 -0.245286092302684 -0.18564115899717
0.238622127689271 -0.0336357884259322 -0.202521820616165 -0.180836135524703
0.147073929354237 -0.142124098618568 -0.166135382753448 -0.130494822785214
0.0564958767824939 -0.173028488770303 -0.16409758706928 -0.14181477739034
-0.0101822514757075 -0.1728477636308 -0.1927608586159 -0.104030543038572
-0.0498475911619104 -0.149682983359476 -0.15470094133104 -0.089967842769343
-0.0557920577127122 -0.14540772382196 -0.0943894630264449 -0.132636779565515
-0.0360663804058579 -0.152375991491677 -0.0395595637123171 -0.198402577285221
-0.0156860758108726 -0.177210627506599 0.0672946063589593 -0.226958241130093
0.0577579044084236 -0.191506493930133 0.183663698576187 -0.203023587544781
0.144816843600098 -0.151776049027858 0.254443415644672 -0.0570259944854837
0.240134130601113 -0.0575214088409984 0.145163128764406 0.094911916893632
0.260199178939415 0.0781134237438364 -0.0467961940692267 0.109874705000617
0.191199337181366 0.141777620820433 -0.200894275314375 -0.0913477130046522
0.048786593135754 0.0975303909099907 -0.337592485308774 -0.135210755628435
0.113602542575861 0.066857652527448 -0.271542315361705 -0.152383946419594
0.126093250067363 -0.0110702456507015 -0.200458756421869 -0.16110003385385
0.0692009461563863 -0.0655098686991656 -0.14504601652542 -0.140066575005717
0.0293036745228814 -0.0700702802876176 -0.16619933097722 -0.16796997158774
0.00881387810712728 -0.0810847733158246 -0.202778093191836 -0.132698795717607
-0.0118992675251553 -0.0786026286694774 -0.172802967887454 -0.12947980440252
-0.0142657639786415 -0.078320341691045 -0.106306480870865 -0.177671649951137
-0.00163466231408642 -0.0862986005353161 -0.038329745688072 -0.239524927124367
0.0121004679321381 -0.09737246101742 0.0835758503116466 -0.252969879795637
0.0603947050717088 -0.0968857797240772 0.200592961484855 -0.207445521840184
0.110447697758948 -0.069875892454179 0.256114569414734 -0.0522791335720974
0.164474939312487 0.00503819954647626 0.135178784503995 0.0735976321297149
0.14530203924218 0.102350742473945 -0.0540775887887188 0.0612301370185116
0.0699669036853666 0.120236477295965 -0.214272496547271 -0.147729168610844
0.0382884098808293 -0.0499614633285983 0.231617330483926 0.146517953770757
-0.0430047089772879 -0.0583335792512061 0.0838645347464313 -0.0599231477212401
-0.0602432756167644 -0.00980024039695657 -0.127376854078223 -0.0841344493447269
-0.0260681830609425 0.0242815299060035 -0.265788456261617 0.0206709785785294
-0.00838934296709169 0.00917841301830168 -0.231011126159649 0.204043846604712
-0.0190898922353499 0.00440932160422023 -0.0918843669950681 0.277458426648925
-0.0288939100416052 0.00443998660999865 0.026899227571909 0.249763645002561
-0.0405906989453552 -1.0155971414706E-05 0.131061926573361 0.198378826913652
-0.0397734293332204 -0.00402000334729113 0.183150908290854 0.131738003356813
-0.0381228641381779 -0.0167777581921497 0.222753520865242 0.111695616249119
-0.0244529772743678 -0.0382118456194379 0.206603585530821 0.134650602770037
-0.00429349967866438 -0.0295946286523728 0.171215214966782 0.144481860075628
-0.00547969097320961 -0.044538266671773 0.201863321191722 0.158017466519239
0.0159513883318363 -0.0689370745046759 0.266756956962103 0.158478613988703
0.0722634232495375 -0.0390628706748494 0.355686351743179 0.106787081778772
0.135731689276835 0.0215380125882923 0.202352781673342 0.139916447329504
0.0681517505245044 -0.0242861056116979 0.0626777770099538 -0.063745080167014
0.0362898599887714 -0.0123593583085016 -0.131780134694693 -0.0936979927815588
0.0411821595121123 -0.0203455498760642 -0.26929213461772 0.00519502162889246
0.0274862710483661 -0.065258810460048 -0.239833405614522 0.175457078681722
-0.0202076615749532 -0.078543559114347 -0.115767847005325 0.253573079691516
-0.0567266587336997 -0.0707460848949156 0.00327814039971789 0.237948811467939
-0.0851529779822954 -0.0749966146892504 0.106933756296237 0.186545556815339
-0.0855538767770662 -0.0798836123376961 0.160217915379197 0.108176717434837
-0.0844346874509356 -0.109277353880568 0.211412146722194 0.0691330174322728
-0.0389236620177854 -0.158903649178336 0.221837601540916 0.0834797597057081
0.0396084990519148 -0.149051393540057 0.200606818182476 0.112576071185987
0.107287413124669 -0.1251691109947 0.20830140109468 0.152489131305528
0.16547644953646 -0.0873738679196017 0.230347469929383 0.152665734639964
0.208657335799986 -0.012721897883387 0.290852869611856 0.0984277442761144
0.216447705262385 0.0960766637167026 0.142965183625175 0.100715019185802
0.179134122547446 0.0202793110077579 0.0265157428895969 -0.0971843834591735
0.14663310653961 -0.0133495652657571 -0.146982764601522 -0.124876649088575
0.116503428499646 -0.0730200116109505 -0.273913111247696 -0.0152331894789487
0.0631638630637149 -0.141653178877553 -0.23764474048536 0.136782925667598
-0.0186265348093275 -0.157528735621139 -0.134539900784611 0.209205693272802
-0.0776406129056988 -0.13963112501718 -0.0246565867955022 0.199985399680851
-0.116554882223352 -0.138789203533059 0.0674522797100986 0.149578074402529
-0.119059985962119 -0.141216711873539 0.115815628211308 0.0629254467344746
-0.121981613017958 -0.180454988953672 0.176755022877428 0.00664763324873625
-0.0594275901122305 -0.251358576764731 0.218575350593876 0.00906160325349424
0.0582809962881736 -0.248999567361026 0.228389638456432 0.0598156586941855
0.188424828645682 -0.20518991652581 0.216356774820433 0.139691588546015
0.283362077034464 -0.108585926428541 0.181302392864316 0.157246369712552
0.312591232236822 0.00934725106044704 0.189814093280096 0.0860574193178111
0.268900003178827 0.15317606213901 0.0536058499417469 0.037317955870907
0.275135273688845 0.0551492770976808 -0.0308445927546843 -0.143190615005975
0.250229430876809 -0.0257239940437742 -0.168856611513013 -0.161574819809658
0.180842892015976 -0.134629167399 -0.268115930863309 -0.043353487369317
0.0858798326588895 -0.211250304231411 -0.224309026364972 0.0793912238203387
-0.0222875727043553 -0.219902618834822 -0.148384417911811 0.141173213643702
-0.0917034658853846 -0.188341432905408 -0.0568204895325544 0.138340806252009
-0.130018816520783 -0.181840992638256 0.0200515127998053 0.0892254103998434
-0.129503316109074 -0.183261003580897 0.0610349670443971 0.00359515889638105
-0.134838101677667 -0.22634253229441 0.127695289538363 -0.060538248561682
-0.0651713779803395 -0.304482083300709 0.196692078539429 -0.0683959077914795
0.0717442621248396 -0.304623591341821 0.242010625127558 0.00486109449325532
0.239961325755812 -0.248959935668179 0.215256987901964 0.126304963234509
0.357116827832498 -0.109675617103658 0.122939918422561 0.168030376718512
0.364738875527836 0.0392972952229012 0.0703823649473474 0.0663358818213556
0.282947896662003 0.177696514925268 -0.0601322665058901 -0.031531550007145
0.325963218316086 0.0707531612230003 -0.109333600551087 -0.179108251524846
0.310615057485364 -0.0454792149800779 -0.191823978080589 -0.184672808384502
0.209598312794815 -0.182093130198603 -0.244601511615333 -0.0733976453565242
0.0869578444708994 -0.25039867220118 -0.202732940063446 0.00488948332963662
-0.0294979429296953 -0.247362104026891 -0.163244560728937 0.0572755121468687
-0.0963610477402948 -0.206576519491061 -0.0920354671069937 0.0617367076306128
-0.125139657570711 -0.196522302515656 -0.0279652137158371 0.0161705920837035
-0.116729697183883 -0.199605467988589 0.00753314768594995 -0.0649141703233073
-0.115802058525079 -0.241307806790606 0.081635066829175 -0.126082143301505
-0.0400759795382069 -0.31052462739214 0.171914991418066 -0.13657628120295
0.0955478616130855 -0.302801121196786 0.244989124040553 -0.0397967838124868
0.2678779438312 -0.23278212246387 0.198550773786935 0.115329886294782
0.376448717276831 -0.0718290991489905 0.0592000860889839 0.17020028594597
0.357694722190884 0.0767195278046786 -0.0480648753791384 0.0330994124734987
0.248873736111166 0.169288107832927 -0.179838225895937 -0.0868638331058906
0.311918392794698 0.0696910393688882 -0.19019235657693 -0.186678414333547
0.30345368871717 -0.055249760570531 -0.206586183884533 -0.183854154444816
0.191017177641157 -0.189421132464962 -0.206433717267513 -0.100640128328076
0.0694666320170187 -0.239050710806 -0.183292917701292 -0.0730337585629735
-0.0318751303912142 -0.229171636492826 -0.180247339552699 -0.0266429061676849
-0.0874934890699634 -0.190523845021367 -0.12727820211347 -0.0157731648456144
-0.101815541355527 -0.181455847819225 -0.0713142780940676 -0.0591683097428309
-0.085353174835974 -0.187748138817677 -0.0330055079463774 -0.132610778660309
-0.074163796131802 -0.223412352487673 0.0532043396105067 -0.183969667727712
0.00541166786485728 -0.268913642643603 0.159401565133443 -0.185717387703979
0.124239721186913 -0.245346739166026 0.24389148919255 -0.0643479159433658
0.266583466226242 -0.161306638776462 0.172253079794093 0.103200558623723
0.341461647211138 -0.00468294417344121 0.00034205119270158 0.152679766874756
0.296991107339902 0.112384486601021 -0.143547178695369 -0.0175537172075179
0.168105693945163 0.135610746067721 -0.280519798018088 -0.114217774894356
0.234087364475824 0.062435538186572 -0.250713415974906 -0.167829859908543
0.230945729072171 -0.0482918545474678 -0.209310684120918 -0.168251681938196
0.134632641125834 -0.148186965501488 -0.169012399796827 -0.121792630266821
0.0436757022910511 -0.172763890893179 -0.172018261193508 -0.132620701143554
-0.022424469057497 -0.168157523376841 -0.196819873183498 -0.0891867619301022
-0.0605465192980311 -0.144013582923538 -0.157967231164839 -0.0788949530165939
-0.0639451708930945 -0.138262589897594 -0.102851149382784 -0.123466018618586
-0.0452764320592744 -0.147449992656528 -0.0534273779961264 -0.191629782241298
-0.0274406151234576 -0.171549266980495 0.0504993691111995 -0.22711319729841
0.0434630189972727 -0.191375749387222 0.167387414745064 -0.21155851184005
0.132505366271872 -0.157640298277179 0.245348017713302 -0.0713143704357801
0.230243637149923 -0.0712454488548686 0.148221492676894 0.0867000560952769
0.259928688123738 0.0603101700664187 -0.0388959889903174 0.112734952836596
0.196495781711181 0.128961258320289 -0.20157976195601 -0.077020402444299
0.0544434542202709 0.0924800961875579 -0.341461756603525 -0.113181853212268
0.115038489507783 0.0579767567309568 -0.273332109407738 -0.134189334779345
0.121922906915361 -0.0185924524945599 -0.205693981982383 -0.148172304137808
0.0629892465256672 -0.0674763701727375 -0.149507985924578 -0.131990398371691
0.024328453361698 -0.0704380981421518 -0.176176221458314 -0.157201631117798
0.00290987101809307 -0.0799866631739307 -0.208292162734038 -0.117791956618358
-0.0177845137660523 -0.0769079785494563 -0.177581346958802 -0.116060191781717
-0.0182081303912606 -0.0746307055494928 -0.117254381040056 -0.166882592080576
-0.00731339791710668 -0.0844321331282627 -0.0545281490893026 -0.231362448794583
0.00552513277427928 -0.0955340191267497 0.0650231815957772 -0.252892907778095
0.0530744813855201 -0.0986763727627726 0.183681614370534 -0.21661423625538
0.103683008132849 -0.0755903280593365 0.246893615855223 -0.066413240255506
0.160422131702989 -0.00541944321237149 0.136082175170107 0.0668743211666029
0.148880300083504 0.0913180572278534 -0.0485242003714139 0.0658757251383162
0.0764160411788592 0.114110159366167 -0.217889729173478 -0.131222929860235
0.03409469046609 -0.049687606947949 0.228438684462442 0.12618795890595
-0.044537443445049 -0.0522331235408851 0.0761909222183657 -0.0617749795099585
-0.0578589021932564 -0.00646625700742261 -0.126300201508422 -0.0742371505461775
-0.0226087604125417 0.024618459506022 -0.252540181885021 0.0330065321158332
-0.00759484592615177 0.00936116674142225 -0.206958836422761 0.207540583340977
-0.0180290615809694 0.00501162339957805 -0.0699514185321221 0.268669218749011
-0.027956135329245 0.00622941210852975 0.0406255713663132 0.236443612239925
-0.0395321673972825 0.00230094232156203 0.137760530209346 0.18117295413174
-0.0390439444994497 -0.00208369056009647 0.182797318428611 0.113921816925542
-0.0376484482865701 -0.0142831572958225 0.219077432237316 0.0921895843915028
-0.0262834617664976 -0.0352833703643163 0.206587039684975 0.11629949977618
-0.00613318372810275 -0.0287146014572108 0.171469988806271 0.130745868966654
-0.00778164206645672 -0.0420862487865469 0.202846681887036 0.13989871477384
0.0116698960672435 -0.0654636819987354 0.261670605888827 0.136539464116528
0.067939122559779 -0.0408283773954087 0.343497262688323 0.0822801112788659
0.131358332037397 0.0127785720652701 0.200579122136479 0.121538244244362
0.0626413582724186 -0.0271688044962682 0.055730450714738 -0.0638760287357419
0.0335392251210344 -0.0149389629059541 -0.131229435890018 -0.0850248088230565
0.0384487663045454 -0.0219972842013239 -0.257078014228663 0.019116065383991
0.0211006937919673 -0.0639411649592295 -0.217934034804852 0.181311786231125
-0.0250426229964508 -0.0735309758309022 -0.0951517480640154 0.248208792796838
-0.0593413315109169 -0.0631397765519711 0.0175340563715741 0.227000450229156
-0.0870837027018917 -0.0659628298243909 0.11421956424952 0.171398943237593
-0.0876562580383498 -0.0713372972382298 0.158682882312505 0.0935349360410785
-0.0883780852487956 -0.0998327800232112 0.205504268739141 0.0522700881690952
-0.048071121651888 -0.149070284827252 0.217654584993752 0.0668358730023124
0.0282651670513266 -0.145087003591095 0.198037205897489 0.098007120207395
0.0943018488904699 -0.126212084474324 0.208794678118913 0.134691214848479
0.152734171761527 -0.0933198969805536 0.226298527934612 0.134011849953688
0.199604631344806 -0.02413326278295 0.281231048536355 0.0784008115941396
0.212919568248465 0.0791349912992324 0.14196492281961 0.088386587231864
0.171256101173346 0.00763915612705153 0.0196216193072047 -0.0931945405396528
0.138443349297535 -0.0235258008393562 -0.14804944903536 -0.113789529343747
0.10681551245653 -0.0771821473256355 -0.261814540433233 -0.000919710597259227
0.0499857149468461 -0.138815454023421 -0.219128089408098 0.142921894769778
-0.0295806296435553 -0.148740922360302 -0.116342701621381 0.206550277878446
-0.0848110258766617 -0.126786789388039 -0.0119578703873352 0.192573385963531
-0.121025729668657 -0.124418317625823 0.0746127918331713 0.13786032091849
-0.123464850184772 -0.128205350802264 0.113977631679071 0.0538590673438483
-0.128414467850413 -0.165019511315555 0.168448325861688 -0.00458499724475205
-0.0745902283093321 -0.236156008772549 0.209425279603212 -0.00495455886515767
0.0400055301359493 -0.241606391431013 0.220432863414703 0.0465843185522684
0.165864482151468 -0.207993246037242 0.216253979867137 0.122640531043829
0.262983466939089 -0.121210196799327 0.181273233705088 0.141795647634894
0.299475340379498 -0.00720557633074271 0.185276280497524 0.0713022669768167
0.266728023662105 0.129450509868192 0.0523157416601525 0.0335505708302654
0.264527715627618 0.035671581303907 -0.0380397264690066 -0.134262737532745
0.236755516495744 -0.0420370112827187 -0.171183557596394 -0.147931256929416
0.163979518678264 -0.139660657469234 -0.258315596554478 -0.0272567467149296
0.0667571121381729 -0.206462320666687 -0.210390362466035 0.0874034578085383
-0.0370205889705162 -0.207139484515528 -0.134185738490307 0.143218941433218
-0.100633207284975 -0.172678429811676 -0.046150730098502 0.135380472836815
-0.137208138007003 -0.164912362778051 0.0252501797423311 0.0839168783979868
-0.136759436317034 -0.167560432690956 0.057343724084841 0.000400711891137259
-0.143756197415544 -0.20815198496378 0.117002107015241 -0.0655520481849647
-0.0834682401670662 -0.28591724515824 0.18352764687543 -0.0782291942891377
0.0483565123695871 -0.296092081603088 0.230297358756463 -0.00761825648560202
0.212536635057257 -0.252734639068099 0.213906267222803 0.110766302783385
0.333853682135085 -0.125957070653006 0.126360201809804 0.155574301758328
0.350173405582646 0.0177874962362094 0.0709256795965762 0.0603938927871351
0.282220428985562 0.153673306383554 -0.0590872646470845 -0.0261239909681849
0.314108815884999 0.04716528096703 -0.114518209513777 -0.163239217029921
0.292811620216856 -0.0632991436668939 -0.19422214653823 -0.168739228943523
0.188304957561772 -0.187662853007438 -0.236607445100015 -0.0587251463114482
0.0654990330767145 -0.244303339906324 -0.195675882512609 0.0140433659242875
-0.0454464988325966 -0.233376260785402 -0.153310315638398 0.0647672062238308
-0.106601833172543 -0.190572142201434 -0.0838536641547839 0.0644875966547944
-0.132495980784574 -0.179426333568986 -0.0258930277412115 0.0173071113123757
-0.125753328376576 -0.184008607731609 0.00233103016552047 -0.0605514588594396
-0.127359469896411 -0.222912969805014 0.0687519767409485 -0.125317753137568
-0.0604148617593229 -0.293242984731968 0.155073047349218 -0.14216028903235
0.0713825654276798 -0.29459736004739 0.229809261464628 -0.0511370086716176
0.238749454775339 -0.238627931471255 0.197348350527283 0.100844370980233
0.354716994200422 -0.0923028477795649 0.0661011001547328 0.16168451655908
0.346511407968766 0.0539939366143643 -0.0435028063530503 0.0348900260628157
0.24784813792885 0.146363943237558 -0.176619571796295 -0.0715538111389133
0.29955676798437 0.0479437454290018 -0.192456691303191 -0.166461069156598
0.285476791922917 -0.0727691947122426 -0.208175694527296 -0.167489121431107
0.17056246128598 -0.192975602451584 -0.201641059448301 -0.0873689408546561
0.0498849633206237 -0.231647377973688 -0.181781633159039 -0.0612383126968642
-0.0460949771106754 -0.215816013776649 -0.174288730060137 -0.0131519459572138
-0.0967147261576045 -0.175984163958897 -0.122739381427629 -0.00733665355437858
-0.108440925886007 -0.165867583897498 -0.0718573535142147 -0.0519497061027072
-0.0944869971557641 -0.174294196697786 -0.0411377582642122 -0.122924941468156
-0.0853507985996643 -0.207146067726466 0.0386146311312245 -0.177845339473897
-0.013448321628328 -0.256339385502016 0.140511282233527 -0.187739637339751
0.103175585459307 -0.241776725508244 0.228073961378896 -0.0749988572005922
0.243526471582278 -0.169732900283746 0.17158667419917 0.0911985261994746
0.325023275890816 -0.0247415529299305 0.00953122293615484 0.148172055466282
0.290319759372329 0.0912706261944925 -0.137365684374616 -0.00787840667009304
0.169450107069338 0.119049525885218 -0.274595827371887 -0.0926515084273653
0.225192937850276 0.0448352467757535 -0.247888266345395 -0.145457412833252
0.216838503396871 -0.0607950720723338 -0.209789014644187 -0.150465818696302
0.118303664084702 -0.149731372429599 -0.168044459749598 -0.109745443887761
0.0299828271160682 -0.166647999457118 -0.174902359943656 -0.118651536924763
-0.0332626526525206 -0.158247811366306 -0.194107006969004 -0.0727557887460713
-0.0683018112625979 -0.133021462456803 -0.156190841152602 -0.0663244658679758
-0.0689141318269977 -0.126990657299142 -0.106967432204414 -0.111450168880087
-0.052496247527063 -0.137748269421579 -0.0642075018793162 -0.177622280664642
-0.0368988247694997 -0.16117055923812 0.0330878194903955 -0.219772530666525
0.029139182154934 -0.184382549912511 0.145483754949134 -0.212742336672322
0.116293012251839 -0.158266247500779 0.228745537427945 -0.0814662786454568
0.213631822158202 -0.0818211448190476 0.146784087787998 0.0766697384736101
0.250347985445226 0.041342999507934 -0.0295777612649357 0.112180462026564
0.195208995012291 0.112620063176364 -0.19532676537867 -0.0615339081079486
0.0582131996473732 0.0848306660539342 -0.331170306231616 -0.0895009294991673
0.111928346567685 0.0486425711032903 -0.266743176289959 -0.113418152006674
0.113630084081898 -0.0249188219806594 -0.204643745343536 -0.131097720909871
0.0552822544505461 -0.0679615828094928 -0.150123020429151 -0.121789930142893
0.0188428068584647 -0.0673450980434185 -0.179997794854779 -0.141257262848309
-0.00276324533446717 -0.0760942180129417 -0.205994706705896 -0.0989694935531982
-0.0226603013901716 -0.0716078721838334 -0.176944848932323 -0.0999961204352178
-0.0210407827144878 -0.0694150698323711 -0.12457664986314 -0.151680569842922
-0.0116826464647816 -0.0799109651651841 -0.0675224233263105 -0.215817437470127
-0.000353042226857539 -0.0900648075370134 0.0469558920423071 -0.24515457450946
0.0449337844995712 -0.0972160833129069 0.161758687306235 -0.217943092848937
0.0939282202984279 -0.0779636446397918 0.23077129878426 -0.0774057977812204
0.151294587648749 -0.014148200714208 0.133894126081632 0.0584785965075295
0.146748128458824 0.0781316770747901 -0.0409255564532429 0.0674959699283935
0.0795315734886696 0.105170993415692 -0.212998185420056 -0.111750848069986
0.0279966645516557 -0.0521697569899392 0.225797461309912 0.0936379582539935
-0.0473504025819933 -0.0429834986439455 0.0653835605322 -0.0652763523883479
-0.0556695495328218 0.000483567381211951 -0.125113191687114 -0.0543763990155534
-0.0186281852678232 0.0246097347155176 -0.230362519089499 0.0647415504131729
-0.00771804946071853 0.00864620837485035 -0.164000666584348 0.220247449607941
-0.0154904229277233 0.00723849091665642 -0.0312957690167722 0.25855733913105
-0.0245351433245924 0.0106626780275861 0.0681118407849008 0.21959005238755
-0.0365996544527 0.00765708590707091 0.15093400165281 0.149187099763992
-0.0366783984770531 0.00193088204266836 0.182592610731594 0.0837195761135566
-0.0377575204033513 -0.0101640899948062 0.213641475301061 0.0565653553465024
-0.0308535463377336 -0.0311546901936235 0.206553062432764 0.0840123820822928
-0.00886991739167911 -0.0286770377964266 0.177366412608659 0.103977204796533
-0.0130651648044536 -0.0400648788494703 0.205793485085413 0.105762378578933
0.00365954127072879 -0.0645614353103228 0.257740402010311 0.0915457917007968
0.0586177610021657 -0.0499541133810863 0.3319980377778 0.0355983112489804
0.129015313449619 -0.00594991359346571 0.189947276839093 0.0899208554704181
0.0541999037737732 -0.032916044592614 0.0421142960366164 -0.0647460494579579
0.0275246733633375 -0.0184425800556854 -0.134954624888689 -0.0643764918996601
0.0322262040546005 -0.0247938707692814 -0.238488898985385 0.0526611540028723
0.010469583958967 -0.0618189151254582 -0.180908873087146 0.19851410624359
-0.0324502721220703 -0.0639756350246369 -0.0602551924608811 0.245367624639829
-0.0622931774353974 -0.0496527377100647 0.042733175329111 0.213200965872606
-0.0887304422292681 -0.0494588571157273 0.127559605868608 0.142881062634853
-0.0918047664565531 -0.0557731073348881 0.156640709925545 0.0679289927650729
-0.0953463912553547 -0.0814906694019755 0.193337279562206 0.0209565547346343
-0.0663229713688544 -0.131774711161623 0.207144503439997 0.0357880501335258
0.00759243697422764 -0.139388618034519 0.194497303451217 0.0677730433872319
0.0686168740125744 -0.131132140748844 0.210994816621279 0.0963002322203654
0.127175201554623 -0.106106160907573 0.229446767289911 0.089060213115349
0.180149012901064 -0.0509615496397502 0.277004793595316 0.0390072025023912
0.215117116164174 0.0457879174890523 0.123827458585152 0.0623191213595418
0.158781312300307 -0.0128604315132015 0.00141755011103421 -0.0884842205682429
0.123471982937589 -0.0390858744468351 -0.158674336316361 -0.089646357127606
0.0894122415389045 -0.0836562673521717 -0.24886469311634 0.034718753569342
0.0278869348986773 -0.134264548459213 -0.190381303202402 0.165395388542442
-0.0457434806420344 -0.132355115294831 -0.0870956806973526 0.21064477241931
-0.0932292239429698 -0.105348857805753 0.00896264839219825 0.1850675759416
-0.127974801003738 -0.0993054569849817 0.0862184035420501 0.117629544151163
-0.132008940261278 -0.104288681722468 0.109530372829621 0.0363328772427934
-0.140439967640135 -0.135853066404918 0.149845424971173 -0.0263528225930757
-0.102471366706728 -0.207279768839907 0.188021534204277 -0.0295187670285535
0.004484649042489 -0.228794007626473 0.2062411015768 0.0148584137282546
0.12260029828265 -0.215492143333968 0.215487125301105 0.0813000324101968
0.223970617421775 -0.14581406330781 0.192415936497677 0.0990059902355005
0.271613057576021 -0.0475840444554355 0.190179032320574 0.0454002215885598
0.273646709878995 0.086120561729607 0.028624707398942 0.0191669022243423
0.247407983996516 0.00171017984238467 -0.0598291013199353 -0.119388168451878
0.2122068365951 -0.0681672107446876 -0.189900962636404 -0.118116719598297
0.135553550652339 -0.147402883833083 -0.251433583565362 0.00956166201344184
0.0354455215691574 -0.199462210670956 -0.19202033200258 0.113309944251139
-0.0603101748473684 -0.185511356360204 -0.113014971991156 0.156612344785139
-0.114295719396639 -0.145673639356007 -0.0322721803787966 0.135679518031565
-0.147586270805018 -0.134648354125575 0.0332740218322307 0.0744004441119019
-0.150058875936727 -0.138131004264627 0.0490364687341955 -0.00598307019022497
-0.160067241673975 -0.17172898558699 0.0930442369151253 -0.07629600214689
-0.11712473682685 -0.251840504489139 0.153144732887548 -0.0948798346023539
0.00557333154654433 -0.279065755036814 0.20760126833085 -0.0381283021713612
0.158436410701567 -0.262916085839358 0.211824465166129 0.0683272331996332
0.286936501489548 -0.158343262598516 0.14646728883762 0.116747890577508
0.322217106925219 -0.0299282987344446 0.0839493642397806 0.0499216997740626
0.290371484250115 0.106580919803875 -0.0852101113278261 -0.0240236805712085
0.29415044352107 0.00744041807517986 -0.136072538766645 -0.136731826884779
0.261939466564672 -0.0949754779029202 -0.215968822000471 -0.133884180579684
0.152829381256122 -0.194214688870783 -0.237060465075012 -0.0215532202560976
0.0303091463171103 -0.233925287588518 -0.19011513866675 0.0447534843761203
-0.0712216577480561 -0.209357550630184 -0.141352988276677 0.0869259119786699
-0.122579403392646 -0.161589519498426 -0.0776208535617604 0.0735076495625522
-0.145223236826469 -0.149002846095356 -0.0238112090690063 0.0185689703714835
-0.141666866732101 -0.154666513258551 -0.010428300057729 -0.0560004440342251
-0.146341090739329 -0.187170241443623 0.0403091652490476 -0.125299352054464
-0.0968826899660741 -0.260723486755903 0.118701203393185 -0.151086413233594
0.0268630293502306 -0.281004707130671 0.20241521435834 -0.0796187251887032
0.184693514900787 -0.253105160280517 0.196231965607814 0.0619616570464811
0.311380891566002 -0.129256582240133 0.0942322309011707 0.13114319054724
0.323163321734396 0.00476235426640668 -0.025577326726141 0.0409015160596278
0.255947110259777 0.105219832273745 -0.196532875846899 -0.0522650385969598
0.281341505386496 0.00950552033074488 -0.208269489937522 -0.1305590543602
0.254012761854344 -0.103019418323129 -0.228736252951568 -0.130208545667886
0.1353284599702 -0.197339562636948 -0.208544090408809 -0.0531587986813116
0.0183112098180228 -0.220429132266832 -0.186930338499683 -0.0280016377473028
-0.069668740425636 -0.193041664264209 -0.170185461196618 0.0165272264502064
-0.112104497502614 -0.149482314067621 -0.123639470060844 0.0103960449589483
-0.121833507804036 -0.140135012604501 -0.0756425777677429 -0.0397027234313894
-0.111080390640406 -0.149480397361065 -0.0579207176467816 -0.109098034396855
-0.105844860715105 -0.177986479058404 0.00653330028133856 -0.172148947895346
-0.0490625777973453 -0.232652418903511 0.100600051602259 -0.193207794679555
0.0623045698791899 -0.235139054450613 0.198265217471795 -0.102881573282524
0.198289818584157 -0.189803979588137 0.172221057675483 0.0572786127013072
0.292552724380953 -0.0647505987700907 0.0406730950868374 0.12866876978275
0.27643290389097 0.0467375993261579 -0.120225244322431 0.0132713485466087
0.176149198954567 0.090743748899406 -0.283347015789893 -0.0603981668771794
0.212141495616101 0.016523070696398 -0.255098514492032 -0.105295637488221
0.191996126628331 -0.0826079261212032 -0.225342707125966 -0.114112949767955
0.0920242683482653 -0.151006184881321 -0.177836982249824 -0.0792244912598065
0.00868544018144651 -0.157987919421948 -0.186559700893419 -0.0838699564373908
-0.0502535560693073 -0.141495203924035 -0.194771287667496 -0.038115463957039
-0.0801756888543266 -0.113673425637502 -0.16090374174818 -0.0414964489405537
-0.0796992493514587 -0.109047568258876 -0.114873258997072 -0.0895026096561188
-0.0674120428788791 -0.120302552902809 -0.085121949742891 -0.156423168139172
-0.054464259096319 -0.140743329913249 -0.00190734156411104 -0.209547598923155
0.000774686227721109 -0.171692284905561 0.104884968183639 -0.216610366632034
0.0848230089652821 -0.160062681832139 0.200693206111155 -0.108640633517068
0.183534351311659 -0.104206282413764 0.148685070212484 0.0490953936595938
0.233202632967069 0.00628090104952241 -0.000930749293147521 0.104310179093993
0.191937207969502 0.0789068550195445 -0.184747963011225 -0.029818378420147
0.0652149402508002 0.0731664758780255 -0.325599455910715 -0.0498261891952234
0.107690317977115 0.0334641637698352 -0.26515791213884 -0.0736004031665115
0.101040283359603 -0.0366791017195382 -0.211981630293879 -0.0966710251856646
0.0429851226703908 -0.0684368382658615 -0.159737163382509 -0.0943725131065202
0.00969725929175079 -0.0650467020216164 -0.19161721640959 -0.106989896801449
-0.0129087583700462 -0.0694941779012002 -0.206715095456322 -0.0643455490992898
-0.0308565774132663 -0.0624410408331935 -0.182372926451152 -0.0721739598913177
-0.027486446205281 -0.0611662563688426 -0.135989057021694 -0.124553713869048
-0.0214738094421648 -0.0713667332175691 -0.0923013764668556 -0.191133758840541
-0.0117327142179705 -0.0804465029000531 0.0094694872791464 -0.234113803057614
0.0265731154600558 -0.0937893236922554 0.121137750904904 -0.222691966968219
0.074197979068266 -0.0841806175660259 0.206121740686344 -0.102686382261913
0.135649433300559 -0.0344218814236474 0.134518127782511 0.0364950510484512
0.143647725787696 0.0520572032712132 -0.0203871538941357 0.0675149862957257
0.0853085935314481 0.0869572733696709 -0.210344648250236 -0.0752741521446662
0.0267399401744034 -0.0483335969976434 0.212081839299929 0.0884918068944964
-0.0438118650334458 -0.0399149451296528 0.0622749227444546 -0.0617404047288853
-0.0528841478597264 0.00063209478764384 -0.117132517292877 -0.0538263521093614
-0.0170498976045239 0.0225427410448096 -0.217636827209706 0.0579223497377142
-0.0073448765771435 0.00817160119496405 -0.154349271908883 0.205447404672448
-0.0149940151549911 0.00661324954063499 -0.0299361332690079 0.241475651584072
-0.0225528753999754 0.0105873603341547 0.0635164111424592 0.206483653865223
-0.0343568226934971 0.00732187114153836 0.142325882709406 0.13991921858782
-0.0357711695757004 0.00189875465842954 0.171769885613074 0.0794851652344325
-0.0356672699848457 -0.0107378319927446 0.200035267014875 0.0526240802978682
-0.0293173183613215 -0.0293868446220625 0.19468074849802 0.0795162038132842
-0.0077651966849736 -0.0271414423355891 0.166915121869784 0.100979454032161
-0.012471332937459 -0.0373294146270644 0.193295603695563 0.101183700647391
0.00372905242726183 -0.0601483750583557 0.240114543264947 0.0889525888930128
0.0565564102523428 -0.0464821138649209 0.310239446133208 0.0370148717313165
0.121714883156045 -0.00548574790439259 0.178368469058754 0.0859007915162372
0.0508726855667609 -0.0302659561342226 0.0408882731433671 -0.0608002153182353
0.0246015647188751 -0.0181142743167915 -0.126176231939509 -0.0627572512737964
0.0302815963464545 -0.0240490156705749 -0.224777799269895 0.0468071007907402
0.00876286700695952 -0.0578106910954151 -0.169499413633686 0.18502380777523
-0.0305760779325764 -0.0595963162324523 -0.0568717426949744 0.229061678116254
-0.0587497062621476 -0.0458812348929109 0.0396071717471243 0.200129005807873
-0.0841776052075333 -0.0460230683049926 0.120338985951743 0.134566037836043
-0.0870172819361518 -0.052910113849453 0.147149569644463 0.0647737543027606
-0.0899068547546757 -0.0772620110841167 0.180247998797756 0.0200511702839462
-0.0635495606859849 -0.123517031761904 0.195268799776649 0.0335001181048889
0.00721968597695176 -0.131253348039628 0.183480369084957 0.0668786622720575
0.0641339424055931 -0.123054302223542 0.19790743415408 0.0924839246548695
0.120216533945378 -0.09934906168252 0.213495673329491 0.0867308067705124
0.170226679735447 -0.0460736475936022 0.259715609684435 0.0399893388001413
0.202775454440991 0.0430331422135456 0.116365604797285 0.0595142501520768
0.147459246819102 -0.0118385122732416 0.0028594051952763 -0.0824818996921069
0.114220543440676 -0.0373380367604458 -0.149538544077523 -0.0874835077556504
0.0839720000495299 -0.078458656926542 -0.233464361965349 0.0299894223239751
0.0256206860014957 -0.125390348055377 -0.179151758044781 0.153612195129598
-0.0439598527166286 -0.123548743345339 -0.082344651477688 0.197999411843499
-0.0884447860432809 -0.0980309113258569 0.00830471206841806 0.173614721496302
-0.12137105318404 -0.0929536306941658 0.0816600583461767 0.109780740467975
-0.126033730898762 -0.0981480062164885 0.102399416672304 0.0355366651439621
-0.132916594417157 -0.127838833758414 0.139583384853794 -0.0246055150497085
-0.0980864739375647 -0.193754327604378 0.176251869994209 -0.0283833955364201
0.00378273661149641 -0.215330590942929 0.194415177020867 0.0165854907304541
0.114888526053881 -0.202447869660311 0.203221137288124 0.0787964899783077
0.210406568568744 -0.136145821023034 0.179405064861042 0.0956797136529888
0.256945188351058 -0.0427392754670222 0.177965106386386 0.0455310023264244
0.25741165849152 0.0812549291904069 0.027538681938478 0.0194396973939099
0.231437238834552 0.00245179917052438 -0.0540573003818047 -0.111422417691273
0.197570837304728 -0.0646068475487193 -0.17798937126212 -0.114327305957665
0.126817484637959 -0.13919513203727 -0.235934800574163 0.00548514051152317
0.0328105857292511 -0.186093719921916 -0.181994461654209 0.104642793343022
-0.0578275740065683 -0.173075328648549 -0.10706886043226 0.148060496997579
-0.108724546904527 -0.135887970723721 -0.030401557859065 0.12799950126774
-0.139716679252278 -0.126359584825731 0.031518582356797 0.069256659157952
-0.142679537078655 -0.130616636507834 0.0462226270853885 -0.00360126511311615
-0.151480464247472 -0.161891657528245 0.0867306419326432 -0.0712342182112373
-0.11305586948243 -0.235881492143718 0.143787612304688 -0.0901213774803551
0.00398024022307575 -0.262592794156395 0.194738992540623 -0.0336518145528642
0.148159590284923 -0.24642666088965 0.199625013543103 0.0674626990497381
0.269009127617397 -0.147985336811417 0.13747237422908 0.113007431888144
0.303991155899975 -0.0254796339737153 0.0786406665131842 0.0483583177225038
0.272858865659715 0.100533069718004 -0.078433551762267 -0.0221411993282145
0.275232824622923 0.00802661979477618 -0.125695275565261 -0.128504033926929
0.244656344560347 -0.0896754587373687 -0.203048167080129 -0.129161249895597
0.142475423717253 -0.182591742931283 -0.223011167281775 -0.0240845888080691
0.0275687834535225 -0.218799449367059 -0.18024685205343 0.0402384365118519
-0.0680868787420563 -0.194901810619714 -0.133347787147794 0.0825534691953999
-0.116617793949329 -0.150730209516811 -0.0732897186548973 0.0695585199304007
-0.137880228286441 -0.139280697692892 -0.0221968775355433 0.0173499391390822
-0.135078937649601 -0.145798528345574 -0.00973786416607941 -0.0510597793063893
-0.138801465364424 -0.175748380825329 0.0366679613315359 -0.117175251831376
-0.093419720859944 -0.244185132252163 0.110952282424856 -0.142308542922652
0.0236719953253843 -0.264113276388672 0.190043381970585 -0.0726423019805409
0.172356596436583 -0.237250067375482 0.185280470943714 0.0610129712390903
0.291668761933221 -0.120625336788155 0.0880006650267454 0.126033542732877
0.304889125966273 0.00651520509192016 -0.0242829103566629 0.0388562034342259
0.240821368006705 0.0993669403504279 -0.184006819833229 -0.0499919684294375
0.263136593731218 0.00999388468825176 -0.193768682944812 -0.122811697581134
0.237757020226035 -0.0963786925014136 -0.214890600630022 -0.125159990613895
0.126708203839726 -0.185617807635572 -0.19604153313175 -0.0547007165680595
0.0164629634395434 -0.206143728761347 -0.178321689698271 -0.0275158647915673
-0.0660689236382672 -0.180126709346208 -0.160358414696647 0.0160075385701272
-0.106071974712905 -0.139291584857962 -0.116500761483396 0.0099843132225481
-0.114225215900287 -0.13097941373484 -0.071658087643529 -0.036749697091707
-0.105590659311858 -0.140583624261947 -0.0546278958377754 -0.100880719729527
-0.100283122531234 -0.167206844432488 0.00540333074993097 -0.160748090768445
-0.0476653317172968 -0.218142878259181 0.0938029561716933 -0.181670915099854
0.0577258292457055 -0.22050798551949 0.18639464354037 -0.0944753018841209
0.184961361441086 -0.17740802331869 0.163169803690947 0.0569934655987879
0.274243184808395 -0.0598805065861257 0.0379533654297278 0.122787562072699
0.260373684225984 0.0464100482598427 -0.113176278775798 0.0125916990989178
0.165376431530852 0.0850308809412895 -0.26607399312245 -0.057885260199831
0.197764514528015 0.0161890344330959 -0.237309928438358 -0.0995841680644852
0.179496364986931 -0.0772769543999474 -0.211292824417822 -0.109955582722913
0.0863037440901478 -0.141255015749609 -0.167081094503959 -0.0791941878704559
0.00756831058860327 -0.147696716526861 -0.177892355939213 -0.0802815146270549
-0.0479381576732792 -0.132325409257301 -0.183756744657619 -0.0354181321235391
-0.0759958204797276 -0.105526524591276 -0.151530615315925 -0.0393113212423458
-0.0749315580340294 -0.102402405645802 -0.108790855216106 -0.0840538698480952
-0.0634827078830671 -0.112662281346634 -0.0806797283644889 -0.14606270461778
-0.0517471825615564 -0.131592523762706 -0.00219247434079306 -0.196818932253402
-0.000315233639340315 -0.161117461963706 0.0981268030758513 -0.2036371349542
0.0791476183953772 -0.150135183812404 0.188563877617661 -0.0998512459275131
0.171261422117841 -0.0963599692535532 0.140722621546859 0.049592460034755
0.218224405882667 0.00602432671645333 -0.000621549850593266 0.0995426568484068
0.180695790171998 0.0760032939451276 -0.1723557803883 -0.0279800817268571
0.0608285005794082 0.0686266311254444 -0.306788808216915 -0.0491786429422006
0.100420492581777 0.031688886385032 -0.247572231963802 -0.0714405322096502
0.0935757354939094 -0.0340369976854005 -0.19907918897046 -0.0936546970424958
0.0400986284299048 -0.0631965649464481 -0.150771975615733 -0.0928920334775081
0.0092921209680221 -0.0602623998952548 -0.181934777333897 -0.101624396458448
-0.0124136308154673 -0.0646531421512554 -0.194532390066185 -0.0602178699891119
-0.0299256571591971 -0.05816310704454 -0.172191535562505 -0.0683255687833806
-0.0250010440314981 -0.0577998317635986 -0.129620573634136 -0.11645808194863
-0.019695349368911 -0.0664260808071291 -0.0867724390147066 -0.178674295644664
-0.0103903093016333 -0.0747445745144508 0.00923255982857283 -0.219297683452063
0.0251156755603833 -0.0880834656137164 0.113474743062086 -0.208857022932487
0.0697064315546766 -0.078426162783993 0.193337666862051 -0.0949743648752133
0.126699314741707 -0.0307076455112935 0.12677690097879 0.0369271685906085
0.134906719182459 0.0493223770690926 -0.0184574155006666 0.0655799129364537
0.0794003431338234 0.0818220373238336 -0.195432095446025 -0.0707182746764257
0.028120468079656 -0.046002863354581 0.201774937749196 0.0912936019419119
-0.0411135609792248 -0.0394262280831495 0.0631438533837889 -0.0583223599504501
-0.0513406572517698 -0.000855779900844009 -0.111483921049709 -0.0571112089535133
-0.0172043278359098 0.0208812732984236 -0.213731959541076 0.0482956116580173
-0.00707027910155279 0.00717895408361258 -0.154080181595794 0.193304429492561
-0.0149360667374783 0.00616188120285131 -0.0357486119297216 0.232479909508809
-0.0223752494665992 0.00994025258972927 0.0555473550078479 0.20166416092427
-0.0340456229289672 0.00674772181125469 0.134500115151784 0.139900693946744
-0.0350473132057611 0.000526080481800589 0.164375142210398 0.0818407896476104
-0.0353967171703894 -0.0120891481411168 0.191917920031092 0.0564433325785673
-0.0278676106840163 -0.0293331073284283 0.186871795957215 0.0827103949228063
-0.00696338500863957 -0.026445637193525 0.159384584783503 0.104946322314021
-0.0111580269394535 -0.036725210484779 0.183623728197715 0.104572586311072
0.00571171296424511 -0.0577197681627089 0.228437108405107 0.0953637431374804
0.056908679498309 -0.043724858943401 0.297705829748847 0.0472992747601862
0.118533162076608 -0.00151507280028713 0.170608645324703 0.0884904340899428
0.0490985848402388 -0.0271764833570511 0.0430635771805926 -0.0579140191295557
0.0234439649622171 -0.0166146006224667 -0.121377673313788 -0.0667504795674016
0.0301387683192299 -0.0227774018391432 -0.219599110854343 0.0365632632931765
0.0098104895980142 -0.055638724264608 -0.169083659146535 0.173083585957204
-0.0285500939844813 -0.0582791592630781 -0.0616353930573079 0.219993334223173
-0.0558606319131341 -0.0455247191434108 0.0330363494908169 0.194911193210983
-0.0805749400862943 -0.0464470175411048 0.113333256521991 0.133500914965543
-0.0840901588124483 -0.0537599813513041 0.141219162265981 0.0676609905797748
-0.0862159661712702 -0.0780015750998165 0.173730050722932 0.0247515233260058
-0.059582762951675 -0.120922048237334 0.188305012178028 0.03765601227172
0.00994991605387712 -0.127523554880739 0.176023276756258 0.0726427616769912
0.0652625480553187 -0.117394311273372 0.189647869066794 0.0966285430221512
0.119667074319133 -0.0928844920493994 0.203418419673309 0.0932386745872186
0.167376207837933 -0.0395645059421613 0.248989102412929 0.0485967204115237
0.19572928582349 0.0473298132870148 0.112160763966932 0.062533289362004
0.142181110509657 -0.00664684632207092 0.00715116032708779 -0.0792789738219201
0.110190063749895 -0.0327519602298203 -0.142379701991397 -0.0911327224655264
0.0828163957030582 -0.0743107169925839 -0.227413066986305 0.0189340941973148
0.0272524668509001 -0.120401781301085 -0.177421970790266 0.141975735889829
-0.0401190683166973 -0.119399230523841 -0.0850452790034411 0.189798319116073
-0.0839113088025031 -0.0967407885314722 0.00313936562953754 0.168086493547095
-0.116195191513932 -0.0926932477299185 0.0765589713733864 0.108303042622766
-0.121022686731076 -0.0983675617344865 0.0988025927079194 0.0382465384146583
-0.126606507317537 -0.128264600974773 0.134778127432315 -0.0197165060403821
-0.091794289796992 -0.190502929327607 0.1716543905873 -0.023344449203485
0.0080615986349866 -0.20917416261611 0.187991399752607 0.0238220553148485
0.11473516635441 -0.192463395146074 0.195346677954254 0.0843045261013988
0.207780484461084 -0.125918259846115 0.171281738713207 0.101055318740494
0.251596883922775 -0.0328572044537307 0.171009444439981 0.050925934208699
0.246644549596881 0.0860464210485752 0.0281321032081007 0.020415931989238
0.222520985225104 0.00922167453524531 -0.0470504565867091 -0.10812693465327
0.191164745049138 -0.0573654382898167 -0.169160759441887 -0.118133948002236
0.12561530972001 -0.131507438242801 -0.228989581762852 -0.00501699362649893
0.0348535542417023 -0.178688796969793 -0.179926991891145 0.0945908406408022
-0.0522090681787769 -0.167925511991318 -0.107552258061483 0.140548074901183
-0.102708447997253 -0.133510407156296 -0.0322407018641045 0.123178940919997
-0.133285461454856 -0.125019436486316 0.0287133336870406 0.0676391948159614
-0.136723553310714 -0.130455871889181 0.045267888644591 -0.00153775607336513
-0.143524507912596 -0.160846256878177 0.0847323711328726 -0.0659637735320466
-0.104628946623573 -0.230001740923875 0.141398173432168 -0.0835546651940726
0.00920078634975625 -0.254344303306419 0.190061650954281 -0.0245254177873781
0.148511949238364 -0.234616986893377 0.192947226868534 0.0734609827393562
0.264818674177294 -0.136231915033792 0.130020969018567 0.116246765595541
0.296465171515967 -0.0147953163436437 0.0752073422838076 0.0504496387854204
0.261797982146491 0.105312235754475 -0.0740129108331208 -0.0235680979526584
0.265067235017204 0.0158501998797202 -0.115280059292856 -0.126320032463825
0.237561663040329 -0.080437752469524 -0.19312784550967 -0.133598350865246
0.142335179864369 -0.17298003347494 -0.215054555682986 -0.0332874947329676
0.0313070478196034 -0.21061368847659 -0.176964750034333 0.0327198182110882
-0.0621927795924666 -0.18959655838212 -0.131413967756999 0.0772217090194215
-0.110230244559028 -0.148679220715876 -0.0727774055750387 0.0653682382063621
-0.130449045822846 -0.138353527388362 -0.0220994280101533 0.0162618593322746
-0.128107424986401 -0.144350868447204 -0.00830492276704865 -0.0491099773498774
-0.13087120690009 -0.173904414276891 0.0384837164651658 -0.11207128386689
-0.0860252246708195 -0.237973093780301 0.111011807771527 -0.135238208475589
0.0285575321996752 -0.25486198095864 0.185716677162978 -0.063335564474482
0.172329894926459 -0.224425772760504 0.179205019508235 0.0670931844857744
0.285470946881853 -0.109181469111575 0.0821753332440799 0.127482847924019
0.297151659132984 0.0165162488534988 -0.0241186462308485 0.0379855341058081
0.23071253238173 0.102512732319381 -0.176090666770987 -0.0537784674870014
0.253153727713314 0.017403238640663 -0.181079713293405 -0.123091499884742
0.23052002189341 -0.086682840828554 -0.204241185672451 -0.12909770419423
0.126604599474133 -0.176080512432594 -0.18795707756988 -0.0621452997214918
0.0207202435525242 -0.198749722195378 -0.173595282836391 -0.032974885001645
-0.0609188387308678 -0.175571506769682 -0.156214768425633 0.0121123454599787
-0.10029930220526 -0.136754986977535 -0.113219379394609 0.00621157413838939
-0.108113688750141 -0.129770292984024 -0.0696979611896745 -0.0379347442698878
-0.100353275545799 -0.139395420809857 -0.0505493076610604 -0.0980138509734881
-0.0930679914708944 -0.163587913512439 0.00820171586949287 -0.155551043476054
-0.0418146662048393 -0.211860780153574 0.0948938952738017 -0.17371676665299
0.0602662645147097 -0.211772489989367 0.182812086305624 -0.085001170753874
0.183718364341437 -0.165614751544116 0.157644219213267 0.0628021079428227
0.265932704953297 -0.0506601009429822 0.034187877296881 0.122152130652076
0.251615317811405 0.0532940184755544 -0.109438504022878 0.0091560925107859
0.158051929398231 0.0874034993199033 -0.255210572359254 -0.0649119649287458
0.190168004310142 0.0220618558792275 -0.225245622872605 -0.102841991059768
0.173920408158994 -0.0697418958879412 -0.201170685676337 -0.1144417102915
0.0862277680320829 -0.133879697665777 -0.159164468695715 -0.0851220508340582
0.0108166919566849 -0.142026277733944 -0.171993657606812 -0.0836595263229995
-0.04330263465295 -0.128411123763733 -0.177219487031247 -0.0392158779494264
-0.071819695828535 -0.103317390351885 -0.147023769341163 -0.0421485551802758
-0.0697568354267552 -0.101266625783246 -0.104582878122976 -0.083949160628255
-0.0602402363092708 -0.11098262117248 -0.0744948873808137 -0.142476194392992
-0.0463084370902219 -0.128394589788253 0.00200126509099761 -0.189391202130044
0.00270472288166981 -0.155106998621194 0.0994710873862305 -0.194532412124603
0.0800160984379193 -0.142465575789199 0.185159910992043 -0.0903994536097514
0.167656830011952 -0.0873810714054366 0.136031421279574 0.054333189662606
0.210770540986021 0.0119735698144642 -0.00272627521355127 0.0978927994204386
0.173123765055071 0.079627977738239 -0.165698774759394 -0.0323795920283624
0.0565808644172182 0.0678548856920985 -0.295203003092911 -0.0584261194424401
0.0958486065519333 0.0340425074340864 -0.235944401292122 -0.0779993421170751
0.0903024620751481 -0.0300865396518345 -0.190182472493296 -0.0983834551550904
0.0401704429141998 -0.0595128591038711 -0.143513794383767 -0.097780565103962
0.0109100110182772 -0.0576419494915498 -0.17580652402312 -0.103959993261729
-0.0108198198414316 -0.0630068322692245 -0.18726839124627 -0.063546637193889
-0.0271417200374591 -0.0563853483374825 -0.165754081715527 -0.0703918177731747
-0.022322653757338 -0.0567654463322603 -0.122855320844506 -0.115659923421051
-0.0177347120841977 -0.0648147828732105 -0.0802624666349532 -0.173698739508115
-0.00796227434361591 -0.0718381614188766 0.0138483642208116 -0.211448738413452
0.0261147846634906 -0.0843704494428383 0.115675861242832 -0.198290285270134
0.0699822995454313 -0.0734200739850449 0.189945970883145 -0.0850551925429834
0.122348829124392 -0.0255427705037934 0.122385258005318 0.0417818517996567
0.128395110797531 0.0511796143490498 -0.0188542548828638 0.0633584220044272
0.0749077396721122 0.0813582245936769 -0.187038124041491 -0.0741927876905906
0.0308038060430544 -0.0455657102540018 0.200563392231879 0.098663366088126
-0.0394081225677031 -0.0404642541521067 0.0665099437316137 -0.0583363249586831
-0.0520984230121473 -0.00272032874269818 -0.110824139502669 -0.0634198157837333
-0.017841706838368 0.0198899623321922 -0.218317546252187 0.0401764229151933
-0.00688532458017676 0.00648585390334461 -0.161418631762137 0.188384654337804
-0.0156851559369658 0.00524587714475586 -0.0421612577128401 0.232714097187878
-0.0228045295455175 0.00930430133872626 0.0502791265886374 0.204904703749942
-0.034888741355921 0.00590628660550816 0.132219258958558 0.144778798475832
-0.03632589132174 -0.000894644639770683 0.163710679453364 0.0887049523616167
-0.0362215939289804 -0.0136812051917282 0.191118519537295 0.0631459231406923
-0.0274796885453005 -0.0302821772266191 0.186279654971628 0.0893672100240821
-0.00566005020548961 -0.0276216000545256 0.158882555812846 0.113095364157202
-0.0103376314824397 -0.0371411424643721 0.182440864208494 0.112338852797894
0.00781748089323223 -0.0578522693936397 0.226408843737306 0.105104562279052
0.0598926920181919 -0.0426858980376256 0.298239699403651 0.05997774024832
0.12055316026524 0.0015315980722254 0.169809608221209 0.0952462330386217
0.0504607665365603 -0.0251552441928753 0.046619199699923 -0.0575593228642895
0.0227681229492298 -0.0158388274816313 -0.119743771108858 -0.0729245160954825
0.0308124634155084 -0.0223880751563096 -0.223377891688485 0.0278434259213406
0.0117762613431344 -0.0559627894572987 -0.175080459611292 0.167912205917931
-0.0277480565994509 -0.0588956681058448 -0.0683822260003747 0.219573821498307
-0.055661515579203 -0.0471842274202249 0.0277265461443473 0.197631372322106
-0.0807564408142407 -0.0486279018237497 0.111146864718985 0.137320486680011
-0.0847600672565947 -0.0574931809225191 0.140629730975859 0.0729879830563651
-0.0852074465508915 -0.0816834580284463 0.17366836575843 0.0306632769219419
-0.0570629779877747 -0.123398920203532 0.188731347469062 0.0426079705560267
0.013297990198858 -0.128619618739905 0.175834068392163 0.080547274923537
0.0690304228082711 -0.116204005486926 0.188565744735094 0.105413197008829
0.122920466690769 -0.089987335922153 0.20208963778393 0.102587471219995
0.171728703366962 -0.0341874774790921 0.249193146486134 0.0590651567224018
0.196323142817175 0.0536392601895016 0.112251912466154 0.0668237661327866
0.143111562677067 -0.00182899402464181 0.0117136463971462 -0.0791274383900898
0.11022664559085 -0.0296433364111708 -0.140787381033896 -0.0987269762993184
0.0846926819630994 -0.0721776292575397 -0.230574160374635 0.0105014010976268
0.0306595490488835 -0.120324787084028 -0.182994943581078 0.13558710401762
-0.0381515902697883 -0.120803987936216 -0.0907508506385928 0.188813375181453
-0.0824329113066114 -0.0991416285059576 -0.000623706478633627 0.169878741128062
-0.114845533862948 -0.0955324656435728 0.0740921478672203 0.110704677535149
-0.120478008126613 -0.102999183759549 0.0985671990310922 0.042409002661606
-0.125607371214126 -0.133502995158409 0.135934358016748 -0.0146474547386187
-0.0883386434694536 -0.193662641285913 0.173399974507031 -0.0190008645846743
0.013322133833248 -0.21056011339916 0.189283545693682 0.0323929942220177
0.121418978652563 -0.19049858820378 0.195280701081828 0.093198791560239
0.212992543589969 -0.120825714702474 0.168676578198068 0.109984458056922
0.255953438112037 -0.0242415122890812 0.171227477006247 0.0593500488501599
0.24747635202012 0.0936684813741066 0.0283117068957147 0.0220525605850528
0.222717517747942 0.0164305176854949 -0.0411525947038686 -0.109898329678531
0.192697592342417 -0.0517122720800969 -0.167224995283505 -0.126590929560779
0.12932834161644 -0.129195035072016 -0.231272810715186 -0.0146569019999666
0.0396991890599165 -0.178905947192511 -0.184580410805423 0.0886497591307927
-0.0493656783223596 -0.170164392733268 -0.112464555653464 0.139568786889366
-0.101255409174737 -0.137121229692722 -0.035811216388197 0.12309107090628
-0.132289105450179 -0.129565094310726 0.0267750035560386 0.0683693666965055
-0.135933606149409 -0.135827036903881 0.0459318942837696 0.000386258814728483
-0.14238517007804 -0.166709502194604 0.0869103819704446 -0.0630658298073051
-0.101624394151447 -0.23422110046922 0.144121521811295 -0.0807598742852032
0.0146807694742765 -0.255307459099811 0.192720195807541 -0.0169653005475942
0.155935814796685 -0.231467252741601 0.194118399226542 0.0823041030304644
0.270963172678695 -0.12962099808343 0.127641598500249 0.123928538825404
0.301374839782187 -0.00398013432922987 0.0750351400949964 0.0543935982922406
0.261222502642656 0.113512448760153 -0.0727141523116901 -0.0253434387553658
0.266183311560327 0.0246296982932606 -0.109923866731524 -0.13035680824438
0.240028187874786 -0.0738652342396239 -0.190599090806317 -0.142306184995188
0.147652379461697 -0.170437966659916 -0.215747808712577 -0.0432740507574884
0.0366621599783138 -0.210567356970139 -0.180892245647218 0.0260076990637586
-0.0587454278198256 -0.191844253928702 -0.134601329456419 0.0751846588145019
-0.108353726086871 -0.151454331398122 -0.0751013658185506 0.0635940713851636
-0.128938652797776 -0.142825414041039 -0.0238768067535783 0.0151627311748434
-0.127362889346948 -0.150078702693822 -0.00696120160278632 -0.0486167295352653
-0.12855920381382 -0.179367953834574 0.040421723559568 -0.110870646231587
-0.0824598281897019 -0.241344643401101 0.114803870519627 -0.134494120549939
0.0340605343525303 -0.255191605530983 0.188966591167975 -0.0560533135115518
0.17917124938741 -0.220359525839118 0.181106245879275 0.0759984571043142
0.290726095517851 -0.101658974338679 0.079371909533404 0.133368448957944
0.2999203457429 0.0272346444294015 -0.0250289274771121 0.0388419053551452
0.229776968242428 0.11063252224003 -0.175095812492135 -0.0597912191997238
0.254248788662053 0.0258903946246648 -0.175516447357707 -0.129354115569873
0.233718772318764 -0.0801759417145281 -0.201935255317799 -0.138842384974341
0.132027391053507 -0.173658866141785 -0.188329017750457 -0.0721868029450854
0.0259110386031744 -0.199016060560718 -0.175717891776466 -0.0396938096661267
-0.0574055370141418 -0.178178461776094 -0.157590379675166 0.00799006580117783
-0.0981796645124241 -0.139745360177257 -0.11434391552057 0.00281872700530926
-0.106260593314747 -0.133628292582272 -0.0705427444167221 -0.0402184882524536
-0.0985725929679902 -0.142779698883056 -0.0489361283836358 -0.0993292032485309
-0.0902683815150612 -0.167567351272612 0.0124567522741496 -0.15528236647682
-0.0375981494613068 -0.21360459020224 0.100195806877097 -0.173051537320022
0.0655566392861418 -0.21074168659559 0.186512067252878 -0.0789460244444272
0.188903139176776 -0.160653927255662 0.15793635077894 0.0703327417628681
0.270451413162133 -0.0437684834738585 0.0314005694452357 0.126038988528407
0.253328263524833 0.0625859793372054 -0.10971811341511 0.00625401764446219
0.156128902591473 0.0932627327038157 -0.255055616134447 -0.0747312010961013
0.190808457600008 0.0284367237326572 -0.220945793843653 -0.11151916715689
0.176260137905336 -0.0646878619031992 -0.199114491925514 -0.123114708515983
0.0906513527621908 -0.132032015013859 -0.159269700318189 -0.094774505123167
0.0147162417623947 -0.142449714655539 -0.173087793576026 -0.0898021598689771
-0.0412073616548351 -0.130911402427755 -0.176916962825911 -0.0439074097591286
-0.0697545745020051 -0.105461599932586 -0.147252707083505 -0.0464925698800654
-0.0677413650451292 -0.104102213432526 -0.105187194776633 -0.0883485038308988
-0.0578972401605482 -0.113958031063417 -0.0718682976628666 -0.144739802290418
-0.0434009091701168 -0.130023327890321 0.00725775150617128 -0.190354372634504
0.00616900069431726 -0.156449676073897 0.104514233813246 -0.19339191302999
0.0840062294949956 -0.140652253178452 0.188623320619823 -0.0847329540278963
0.170928841775585 -0.0824636231304044 0.136541755513473 0.0620998880265008
0.211716162471996 0.0183303392636443 -0.00443545978214124 0.0996987686786958
0.172949062422447 0.0858798828487346 -0.165083714853128 -0.0375721992545629
0.0550085401055248 0.0702318386938782 -0.296389237145678 -0.0698279418752871
0.095012048518952 0.0372170664284368 -0.233687281784626 -0.0872228054741089
0.0902614481909644 -0.027651009261126 -0.187945862164424 -0.106360722663292
0.0419339569875827 -0.0581075732193688 -0.142777298299747 -0.106417537909318
0.0125645332275367 -0.0574874175193107 -0.175490669533955 -0.109907599593958
-0.00957288885824381 -0.0636718565466303 -0.187034468773527 -0.0696177351074231
-0.0261701413560918 -0.0572174409904705 -0.165637061328837 -0.0753622080326928
-0.020112977369571 -0.0581936614901693 -0.122235349628975 -0.119588836574104
-0.0158181936065088 -0.0656877523056497 -0.0774566753689303 -0.17688825422179
-0.00511305855353394 -0.0723969848468219 0.0192852379740878 -0.213143270534357
0.0286564263499051 -0.0843829911400164 0.121895949279283 -0.196472166378501
0.071741839626675 -0.0710204585855578 0.193258209133102 -0.078560549836594
0.12318444022103 -0.0211983821670497 0.122736309330193 0.0490566770269048
0.127794242328872 0.0552559997469019 -0.0201580527751005 0.0643730793872415
0.0733017816770247 0.0844291041016805 -0.185018613478333 -0.080729202281944
0.0336011927005916 -0.0476240954230789 0.208526629414841 0.105603730673583
-0.0399788829228719 -0.0421624642687513 0.0704199654995943 -0.0623041769132586
-0.0547257955192112 -0.00235435831803026 -0.115549178450817 -0.0689208962544488
-0.018315310595867 0.0201578014597197 -0.229876611984685 0.0395092411847648
-0.00722202468986078 0.00549912788593983 -0.169038091477058 0.194873908767578
-0.0165696712854558 0.00550716054822608 -0.045093156288328 0.241709700299016
-0.0241356671530201 0.00989106173808184 0.0515212125046825 0.214438519501394
-0.0364716433869164 0.006636193089557 0.137756479260058 0.151211251627469
-0.0385906833026612 -0.000931170611892152 0.170918254421305 0.0938137875084118
-0.0390104195192422 -0.0151490164080913 0.19933302742122 0.0675264306010617
-0.0290179050119511 -0.0315952558770247 0.19401165749358 0.0941222022025079
-0.00491788270500843 -0.0295715117749834 0.165513135440286 0.121199029052627
-0.0100898967026941 -0.0390681399653411 0.189511520524575 0.119315964256996
0.00907831596850605 -0.0601242065013389 0.23412059215806 0.11374180532176
0.0639355882896433 -0.0452315015350292 0.310339965071335 0.0669320506934637
0.126474332239871 0.00241406024085109 0.177104041626201 0.101479285101576
0.052609490973467 -0.0261140154766935 0.0504535662561333 -0.0603629958294622
0.0232254556187292 -0.0158575774172009 -0.124824055569615 -0.0797844079981073
0.0318795276162349 -0.0234042767387279 -0.23465257779377 0.026198521190365
0.0118058140396955 -0.0589256811429006 -0.183904074525395 0.172547849619756
-0.0293667519802663 -0.0606861978907548 -0.0718445184057574 0.228857696607673
-0.0582115349953172 -0.0490570780366764 0.0282668726719415 0.206356742513498
-0.0845341634175742 -0.0501538610546386 0.11541224952486 0.14337308005844
-0.0897202481372002 -0.0599641003877853 0.146864623090673 0.0778574704743534
-0.0907050337644064 -0.086102304492895 0.180412960333414 0.0327695680430485
-0.0599994983880011 -0.128355806194215 0.196284034260555 0.045921588671023
0.0141699713832003 -0.134584418389029 0.184784446191474 0.0871626320520086
0.0726975545193787 -0.120957727765587 0.196849808502326 0.11275610619347
0.128869903858769 -0.0927921934778933 0.209296687583706 0.111132688346566
0.18042882332744 -0.0342536651822937 0.259696100113836 0.0659036318298578
0.205230435044249 0.0562816220125852 0.117713391973199 0.0711676501180868
0.148528486787014 -0.00075032657489506 0.0151620493600378 -0.0826661324292966
0.114031222240923 -0.0295071029311166 -0.146232878983706 -0.106080493808617
0.0882256349369551 -0.0749826734455606 -0.242207214835386 0.00639063606203818
0.0316811539055727 -0.125250736245819 -0.19135407698379 0.13891236768433
-0.0400006938997635 -0.125248901509328 -0.0951305877524191 0.197137272464088
-0.0865564631123668 -0.103026099931704 -0.000744864909210443 0.176794799582096
-0.120363601279659 -0.0996416942699541 0.0768226598944854 0.115918126425587
-0.127351636646752 -0.108150354421831 0.103227828642066 0.0456710699885157
-0.132340921737756 -0.139693806356773 0.141109251041023 -0.0143555507996614
-0.0932162801116706 -0.201563126806755 0.180219201427665 -0.0197550956886248
0.0139581318008419 -0.219250695686376 0.198496341762629 0.037718585317573
0.126767811240454 -0.19839363672994 0.204684434633052 0.0997868771598775
0.222602512778152 -0.125377403805166 0.175564394475166 0.119325974764249
0.268711984267445 -0.0227594670559054 0.178677204568739 0.0647182034400351
0.258434538895226 0.0985492040639518 0.0311717503328452 0.0240232374714092
0.231794368098735 0.0188771659682471 -0.0389747272667802 -0.115171608350683
0.199711970415363 -0.0523359859448918 -0.173363684057128 -0.135914495548549
0.134631981063919 -0.134198958842831 -0.242180071172313 -0.0195784177642793
0.0412971457337808 -0.186090262103027 -0.194109080182134 0.0894846356592752
-0.0519284075820708 -0.176208962308873 -0.117236929942692 0.145026111615725
-0.106603358708378 -0.141777020532672 -0.0368736317291252 0.127967947682523
-0.138382903094921 -0.134783908662438 0.0274454631553094 0.0713012735254554
-0.143463369959546 -0.141559856972326 0.0479992870353756 0.00194778341789925
-0.149642240315348 -0.174160116715875 0.0900247220238101 -0.0648357812970575
-0.107315528662241 -0.242657632929169 0.15044156560753 -0.0845611919106418
0.0157735771899803 -0.266731082870602 0.20126899088493 -0.014784320198364
0.162778495941821 -0.239637618493725 0.203094579277227 0.0894826816705706
0.282829167470043 -0.134776972390748 0.133096674691528 0.132802916337232
0.315688459988535 -0.00170205992574768 0.0785904966032484 0.0586180697754368
0.272211032327469 0.120018180458767 -0.0747964788355875 -0.0269373018234132
0.277081986879381 0.0275039795158375 -0.109150502819095 -0.135840134128232
0.249499375257047 -0.0746354662717911 -0.197749638121436 -0.151120008810178
0.154116259604856 -0.177892686850844 -0.226458517837706 -0.0499610897427168
0.0381707969531313 -0.219177320314161 -0.190038744835198 0.024755274480939
-0.0620272968661818 -0.199536554057792 -0.140365661882472 0.0779991719177469
-0.112934980816923 -0.15733443419173 -0.0777416189053888 0.0657667948998293
-0.135075610332286 -0.149025978777851 -0.0254059448930802 0.0158486025993162
-0.134757728818659 -0.156311106017267 -0.00716503796078082 -0.0497585044834655
-0.135160052064495 -0.186678594117107 0.0422346425260796 -0.11440275517739
-0.0872692318021748 -0.250854230501318 0.119615158414303 -0.140264211497188
0.0352197906641654 -0.26615521728077 0.197575534916525 -0.0554093525749058
0.186790098356856 -0.227826155214918 0.189972634787409 0.0829393868643332
0.303914325002237 -0.105176102169036 0.0825948759090897 0.141902171122467
0.314035187447618 0.0308788005269269 -0.0247013612473586 0.0413591103455565
0.239746726200853 0.117232076462762 -0.181237571942962 -0.0641942284264237
0.26485819350733 0.029159221451956 -0.179377803611463 -0.135547375236247
0.242044216391073 -0.0818077935834163 -0.209332064005596 -0.147055714782169
0.138114295377925 -0.17974399344917 -0.196625592589466 -0.0805543526316825
0.026958208229321 -0.207093224781085 -0.18553167324154 -0.043412813696424
-0.0606667349751115 -0.184998872562345 -0.164237513412523 0.00827962902550262
-0.102954435743131 -0.145304241301518 -0.119819821876937 0.00249911275834407
-0.110781983292067 -0.139154124961116 -0.0746130006868509 -0.0419984310896061
-0.104186775893044 -0.149067236446755 -0.0516742339360962 -0.10259041673902
-0.0945624251610552 -0.17455425969787 0.0126334230134428 -0.160792644316968
-0.0409337843167247 -0.221833151221759 0.103560849252248 -0.179694723446402
0.0682039980537943 -0.218673843480269 0.194666770502083 -0.0791054374956881
0.196533403081976 -0.165374138020532 0.166726753113286 0.0778414085906935
0.28171916296999 -0.0442499001766303 0.0330181282757217 0.133662318389591
0.265147742892607 0.0670225862245272 -0.1139665946794 0.00675608381921564
0.163237901441306 0.0981698324433759 -0.266003158952897 -0.0801396568480985
0.198060992337089 0.0315209568634433 -0.226993211852626 -0.117473940901117
0.182754862933383 -0.0659526198591008 -0.206759150967713 -0.130862076866653
0.0944428929637656 -0.136306163865354 -0.166525976198677 -0.103131966002978
0.0155175658090501 -0.147761754251923 -0.182381380912409 -0.0953977270446475
-0.0437545608053005 -0.135760628908787 -0.185074428091397 -0.0467411104042644
-0.0727574600389524 -0.109358573795202 -0.15390029406729 -0.0497677633949044
-0.0702134990226574 -0.108667620035454 -0.111158187514839 -0.0914290511554397
-0.0608965202193569 -0.118869102889244 -0.0764283832357629 -0.150223170358909
-0.0448246474705348 -0.13488689368628 0.00723853226933215 -0.198314759108546
0.00597389969183716 -0.161909862185079 0.109304118526697 -0.201429554206193
0.0881835755848042 -0.145447621231082 0.197239534004162 -0.0853225188764337
0.177618223641802 -0.0841178605059811 0.143033692233843 0.0678399710687919
0.220639832198079 0.020080428835786 -0.00459721380692451 0.105621180815955
0.180331496722793 0.090070515354971 -0.1716769237154 -0.0397601556911559
0.057388836708451 0.0727756996859373 -0.309008519734085 -0.0766013804362445
0.0988508140396236 0.0394134267969318 -0.241503152141096 -0.0934424342528521
0.093046581424744 -0.0275181147020735 -0.195521267016832 -0.113575519899892
0.0435758371196585 -0.0596233645618428 -0.149162330500719 -0.115326780822168
0.0134716939421073 -0.0592088977699766 -0.184580642868956 -0.116364768204476
-0.0105690551902526 -0.0663897530660677 -0.194725986049989 -0.0732986968083202
-0.0268515357718366 -0.0588897081384714 -0.173542153564582 -0.0797285818674222
-0.0203228404396103 -0.0604480700841384 -0.129387798503316 -0.124717616085118
-0.0168201089388003 -0.0689650184557667 -0.0810441511104906 -0.184024541350577
-0.00426705594131157 -0.0752378836089463 0.0210667477127963 -0.220526070657157
0.0295365757837708 -0.0876813167279374 0.127280200262154 -0.203542900924482
0.0749557912323677 -0.0732325739925339 0.201758769602299 -0.0797598943014407
0.128023045586356 -0.021289462419782 0.128884347517518 0.0542992459563711
0.132260086077748 0.0583918611084244 -0.0203690190168694 0.0686296156739348
0.0752929761229616 0.0881946390179514 -0.192289762836532 -0.0847606759117213
0.0258515110336335 -0.0558631667714036 0.239367423556574 0.0806238244364867
-0.0472781415094928 -0.0376005487758351 0.0667255070128546 -0.0780400825713543
-0.0560099461393263 0.00547988200911292 -0.130040467706192 -0.0568596718604053
-0.0157215230153456 0.0202992124954929 -0.233198207270469 0.0806118639740589
-0.00973090034793652 0.00337979677043195 -0.142918650801949 0.229946200233398
-0.017676324551949 0.00695826362512185 -0.00691706479490404 0.259789912690572
-0.024090141224137 0.0128672459339987 0.093732184567524 0.217946513535412
-0.038284618876495 0.013044772867886 0.167783602288311 0.13474518731705
-0.0415756977882314 0.00644045914869206 0.194720224934701 0.072356853220544
-0.0446773305050768 -0.0086618237193444 0.217613926672355 0.0393568344468665
-0.0362842301838188 -0.0269641987078166 0.218394675036174 0.0699147112947552
-0.0107364238207256 -0.0320308391699469 0.193339601191775 0.10411967827461
-0.0171276239592444 -0.0382470997083169 0.216075281357817 0.0971581560208033
-0.00132033397840687 -0.0635567735307551 0.259969947369071 0.0848167901739493
0.0580255913741414 -0.0583577694499808 0.335046930107902 0.0269036446821534
0.133337889796195 -0.0194968084025418 0.196432449015156 0.0853389715747112
0.052194363932121 -0.0333582921585565 0.0425595367743472 -0.0708166956414232
0.0229503740707074 -0.0194107874832819 -0.146446076897619 -0.0634404963097299
0.0307117047964325 -0.0317871459288168 -0.242312818522344 0.0691631152367429
0.00106317277654536 -0.0657014425633873 -0.162502508950887 0.212524116914617
-0.0411315274427481 -0.0597330810627993 -0.0354747612238016 0.2529280971563
-0.0683513294468365 -0.0424427186088645 0.0681474336711678 0.215639341178554
-0.0972169122908302 -0.0384293119537776 0.143663933611558 0.130347998346098
-0.104277190270246 -0.0462753698948941 0.167185514702252 0.0592172479556704
-0.108355733633191 -0.0737810574685555 0.192087839134013 0.00722341092523239
-0.0837312868773116 -0.120203023076338 0.212295294876328 0.0201285218004487
-0.00686853388692712 -0.141930089851695 0.206612762143212 0.0672595198694391
0.0546439598583693 -0.135584338699957 0.221431455266846 0.0887511598325051
0.117246926433405 -0.115750312804308 0.232522811415968 0.0831665910971528
0.179253959895681 -0.0640303573786186 0.283044006656346 0.0328338810322718
0.226096663039998 0.024003423645175 0.121216514942695 0.064995137008273
0.156265712009025 -0.0215915514495925 -0.00164777630515243 -0.0868744016747545
0.11574704951835 -0.0475491995798178 -0.177325337320713 -0.0846068284654055
0.0819952896335222 -0.0935124580683346 -0.255034492856146 0.0521354904287113
0.0122592394512283 -0.136850680566662 -0.177691110923892 0.183417314867951
-0.061983416481094 -0.124913771051766 -0.06398180429675 0.22641065341299
-0.105765215340388 -0.0945438272302146 0.0308383744427922 0.191160034188676
-0.141863478434428 -0.0841081838756633 0.09945613950729 0.108237777981926
-0.15107826006146 -0.0901121240403262 0.116419707091111 0.0327039311243913
-0.159863556189752 -0.12257913971125 0.14388841787974 -0.0348894049374521
-0.128684562179192 -0.189394610559894 0.1852696137535 -0.044540860974196
-0.0199207226935559 -0.229457311051844 0.212198443847508 0.013442215433557
0.0973822252073767 -0.223529149547034 0.226214205215348 0.0744447294360477
0.208518019949789 -0.16421422211048 0.19921523653947 0.0939290826907639
0.272092607450835 -0.065426676806896 0.199135041459077 0.0426844986843134
0.290891823687588 0.0595557845665818 0.0164309602026082 0.0290607785697967
0.248049889754419 -0.0139316203383758 -0.0661253442324563 -0.109847372709352
0.202242683014179 -0.0845691911879263 -0.21410381849652 -0.107130180697538
0.122082340701937 -0.160827748750511 -0.262094513633186 0.0276016240270188
0.0138448119236353 -0.20079224005328 -0.188786215870439 0.1356614823185
-0.0819487917705595 -0.175683404735754 -0.0945535523734925 0.178908636395583
-0.132220980576273 -0.131684362363054 -0.0151053033851166 0.146629432753101
-0.165832151408489 -0.118347393041812 0.0407670243996934 0.0696982879068632
-0.173071400676787 -0.122471591640366 0.0507663182826496 -0.00443827754122016
-0.182391331498508 -0.155135829776022 0.0819375864310317 -0.0790012691181916
-0.149585590861845 -0.230211373983109 0.142911429629613 -0.10808888165257
-0.0252765172126843 -0.277464015353186 0.206950850801711 -0.0410433045467586
0.127506452715228 -0.27261397533149 0.223636144926369 0.063133893261329
0.268514777746623 -0.182670028561576 0.157035460759142 0.11371849304584
0.323974309289911 -0.0499739111884587 0.0941321946969536 0.050906232475321
0.310415330427255 0.0790899435508038 -0.106452660670612 -0.00633411121455008
0.296514456357331 -0.0119579402298719 -0.144720236919651 -0.119768443699378
0.25179813837734 -0.115680723011341 -0.244394065872556 -0.117589038875528
0.136128866085378 -0.20801337073887 -0.252806583984102 -0.00545612701086559
0.00637293487716105 -0.234692227718193 -0.196336254574363 0.0693465202326084
-0.0956609365126446 -0.197733029520639 -0.129571872322543 0.113500397704205
-0.141287133259985 -0.146668332002084 -0.06966775164281 0.0889655289266287
-0.164507214023981 -0.133012284857191 -0.0235479750615465 0.0216026109983875
-0.165401044504349 -0.139079137762038 -0.0159361729283478 -0.0489202771370826
-0.16858785916384 -0.171149350466824 0.0234256800357315 -0.123243907498435
-0.130153812304751 -0.241194077208208 0.101345136555414 -0.16095117138534
-0.00393927634224499 -0.278640823795241 0.196038546962888 -0.0839001715578919
0.154338519007817 -0.263788409765785 0.208535020330025 0.0579510768531525
0.294669539304122 -0.155624359745509 0.107337154814198 0.1292173140225
0.326978020676178 -0.0162620260828262 -0.0174190146643173 0.0469873791571763
0.277153039346801 0.0811509900355676 -0.223463070045989 -0.0299307618990177
0.285066930533758 -0.00913108648317375 -0.217576790268301 -0.10886666662587
0.243230208856861 -0.122111550915546 -0.255619136747705 -0.110450613084776
0.119630089483085 -0.207821959437145 -0.226716141788974 -0.0412861031727145
-0.00159306533946684 -0.22053568556678 -0.202850310784015 -0.00273428175896248
-0.0916677656557365 -0.182997507845273 -0.166578842078376 0.0436817535975245
-0.128518678515481 -0.135651340058014 -0.12581103740509 0.0284598766752287
-0.136784837985576 -0.12816699818416 -0.084352629273521 -0.0304592748680763
-0.13144797424737 -0.136837697382759 -0.0709054170003728 -0.0974604121008154
-0.123933824473688 -0.164705515770122 -0.0148640419248087 -0.167698288600972
-0.0769885272781383 -0.218188787886923 0.0782970295790154 -0.201725293170502
0.0367156779954279 -0.23495856993786 0.188972463840139 -0.109796989148311
0.17447442896309 -0.201040658349134 0.184294696322751 0.0554143615438356
0.281766951364138 -0.0898801081169548 0.0548983724415505 0.128982842202795
0.283576217621566 0.02884369139056 -0.116277319051197 0.0244415301694926
0.193206789880756 0.0733427513377014 -0.309469489831363 -0.0367383856095241
0.215934269463173 0.00234416155504533 -0.26294563849645 -0.0849601134449602
0.182965389029094 -0.0960913901608182 -0.246267077295276 -0.0954476696226642
0.0809305619507181 -0.156045160743728 -0.19708111110747 -0.0733527886656463
-0.00365620587025765 -0.15747431753041 -0.208275138690194 -0.0606634383670426
-0.0657959667073183 -0.134493366267282 -0.198743727437876 -0.0125975841295208
-0.0915243329264839 -0.1033453840162 -0.172131528063191 -0.0208080123633193
-0.0888484661012018 -0.102430981943744 -0.13051832490397 -0.075602496280929
-0.0809273555799453 -0.113195625322137 -0.104748041243398 -0.143249154057086
-0.0653277018247157 -0.131414891231122 -0.026061778635217 -0.206052435902706
-0.0182324488844018 -0.164528760495968 0.0815001468339536 -0.2247452353636
0.0679387908848309 -0.161259445342534 0.190588590988892 -0.117940129997124
0.168528460710595 -0.113623164573626 0.159342542368006 0.0490479631028979
0.228847450951838 -0.013617294030417 0.0133287918239583 0.106024857173329
0.198934664820318 0.0657152534572942 -0.184278658553032 -0.0155096531887143
0.0763256963193035 0.0648343857676804 -0.347445308711208 -0.0305092399569843
0.112059173912319 0.0260007340007189 -0.272176679273186 -0.0592743313351417
0.0954444019478897 -0.0420857791760358 -0.227648309466953 -0.0836138442199467
0.0393840627381884 -0.0684365819818172 -0.179857069616407 -0.0927018263748677
0.00761191548986293 -0.0653067897918846 -0.214883736525094 -0.0860191402667021
-0.02037926210809 -0.0673256915540201 -0.216367954039524 -0.0424151005568821
-0.0358658716936873 -0.0573835765988095 -0.198441012145634 -0.0512310400833413
-0.0289237267112261 -0.0610834252781214 -0.154607946478091 -0.107664394596146
-0.0262091849803172 -0.0683411585265055 -0.114898807501548 -0.178037401145668
-0.013117612592056 -0.0761450391470219 -0.0150232613774974 -0.232340901609224
0.0178077596478195 -0.0917212056838771 0.100527258444195 -0.230699150910378
0.066030648993152 -0.0852106812510894 0.19753998271005 -0.113799251705139
0.128319081500184 -0.041168698327572 0.143087997892632 0.0371362999359206
0.144318001318968 0.0393456749049756 -0.00864148439368097 0.0715683343628177
0.0909529144902162 0.079387370431936 -0.213653433292712 -0.0598084065756145
0.0222214827021769 -0.0599231974877577 0.250761112780873 0.0620026365333266
-0.0506630347181244 -0.0341708924498372 0.0607431306610432 -0.0865451110963084
-0.0556339229697852 0.0109088743423875 -0.138158341116411 -0.0484614922641428
-0.0139980923935779 0.0213293982281379 -0.231320543393716 0.101144852173305
-0.0104766561930866 0.00359860631510189 -0.126019643450067 0.245298549964921
-0.0176553155475756 0.00847428540460934 0.0151275112057751 0.263182406140947
-0.0227844324465504 0.014948586430278 0.11424298323673 0.213752953489217
-0.0375005740375974 0.0170124839919913 0.183122072274234 0.122630452264083
-0.042649463926965 0.0103493396267349 0.205372394682851 0.0572061006993164
-0.0470186927922548 -0.00473335027581761 0.224673208105478 0.0218590124628541
-0.0393952519778202 -0.0244197729742174 0.228230634068776 0.0533183344700726
-0.0134837709787064 -0.0325537908656032 0.207050876088369 0.0919725695315043
-0.0199392270605311 -0.0378910458309914 0.227310917625525 0.081256175293713
-0.00637550473492421 -0.0640851024937424 0.270174192901486 0.0664637983696915
0.0550365300335662 -0.0638638045503532 0.342336952381064 0.00119168138444337
0.133446495382618 -0.0319646554244888 0.208939442278785 0.0696180871456798
0.0503595488319433 -0.038448989690206 0.0381528303522464 -0.0767674977975098
0.0217230502156627 -0.0207887682532091 -0.154648508265337 -0.0548059662618158
0.0282877787511977 -0.0347142189946005 -0.242013595940743 0.0901268314158765
-0.00558045014551279 -0.0668329312888214 -0.148464797441391 0.22778534634088
-0.04728049092598 -0.0570451426187858 -0.0142109734052714 0.259468887435892
-0.0730463664015461 -0.0372234086236467 0.0880235933902951 0.213357219384113
-0.10254721905857 -0.0302826169597356 0.157406584801138 0.120225225868775
-0.111141834424555 -0.0377556751045834 0.175819220858438 0.0463813972458743
-0.118074608281196 -0.0651244378625482 0.195484514937346 -0.00817841383240695
-0.0956627334936448 -0.114428508604623 0.217204616050381 0.00264342697404527
-0.0187167768614246 -0.143784479184925 0.215961878004078 0.0533128144001329
0.0443782789783597 -0.14267533596623 0.233079529873567 0.0721125848149941
0.108766237796994 -0.12731527574448 0.244196595966101 0.0680098552531273
0.178169274384973 -0.080244781309764 0.291064530973088 0.011968626730913
0.232375261741497 0.0040596989907139 0.131248861856999 0.0553553012878231
0.157247115873945 -0.0348271497200079 -0.00616127456707545 -0.0894423693049817
0.113408135334746 -0.0566131750870908 -0.187700092552176 -0.073945190581348
0.075076295857648 -0.101403718233089 -0.256565649568151 0.0736327228372405
-0.00074313437939193 -0.139301388551598 -0.166175451310494 0.199273410961003
-0.074156581923525 -0.120106180252353 -0.0456428319313548 0.235092216819718
-0.116451909801012 -0.0858142129319993 0.0485476416481278 0.191237355580445
-0.152469861400661 -0.0724383154957092 0.111153032742156 0.101276318697774
-0.162872139558858 -0.0775598207090098 0.121527334725496 0.0244154735969102
-0.174764638277213 -0.109835761663858 0.142659047530358 -0.0464992116480047
-0.148211848692004 -0.180274898211548 0.18326174646714 -0.0609688637338341
-0.0402481753780983 -0.230704779138562 0.217356780121483 -0.00192726106741123
0.0804964532210855 -0.235339303346322 0.237802946801612 0.0575618197706924
0.197234561906331 -0.184249685219023 0.210692657359313 0.0811360636703441
0.272706528509046 -0.0881509684564546 0.207007320488335 0.0286331936802888
0.301100917460583 0.0342749537172824 0.021056075705448 0.028073893006704
0.24976875545804 -0.0346192043724613 -0.0723807036976606 -0.107469581843595
0.197783558723857 -0.100925197275438 -0.227939906876498 -0.0933229281323603
0.110251819070136 -0.173441700130998 -0.265941445243932 0.0484147623630434
-0.00395149475246888 -0.204854287998655 -0.181435769378401 0.152239359272713
-0.0993260305663018 -0.16919885142979 -0.0805297479161601 0.189127023458787
-0.145924390028122 -0.121173384813662 -0.00313591767844352 0.149431429694879
-0.179188343166675 -0.104722851649569 0.0472403466654844 0.0676886699744178
-0.188522974235822 -0.108204253702827 0.0518109044127018 -0.00766846547543099
-0.200742105297182 -0.141290499783916 0.0758771756597 -0.0855325461058445
-0.173102005201476 -0.219236885848466 0.133884488971533 -0.121268488234911
-0.0504683878171079 -0.278660105505833 0.207545358508042 -0.0570552445702807
0.106041883681905 -0.287052735459367 0.234211761135997 0.0465872609115353
0.256663763035896 -0.208860503271428 0.170750932772595 0.103914614782722
0.326143156342629 -0.0781324347328057 0.101285298692518 0.0445078706930988
0.322755489026636 0.052201106593934 -0.105960487520445 0.00169382962268428
0.300155876540892 -0.0369571953620017 -0.152561888006792 -0.110769355263746
0.244384964627571 -0.137285465302489 -0.258282161567836 -0.10109710459363
0.120103946967272 -0.222483783747485 -0.258643091476761 0.014253028425597
-0.0138796089852794 -0.238319152438712 -0.195231631412077 0.0868410772856084
-0.115230853797611 -0.190786579961081 -0.122007618437123 0.125834594604377
-0.157137171695216 -0.135255742078583 -0.0638953759506256 0.0960189684636504
-0.178694624806934 -0.120126518996076 -0.0228654025202568 0.0243267970950763
-0.181721606351522 -0.125743715166325 -0.0204743694470127 -0.0468023933677023
-0.188393352806232 -0.157489002342057 0.0127924798927982 -0.125803717038016
-0.154815891043115 -0.230991637820117 0.0867859186476024 -0.17169286497571
-0.0295953009001865 -0.282347386354037 0.192320814310965 -0.1000216539929
0.132938833193325 -0.280109255722688 0.218779776661543 0.0424330388617308
0.284657376695399 -0.184102728147366 0.121565409187518 0.12448525935064
0.333216731908309 -0.0443573071031269 -0.0127949892816231 0.0498222439960968
0.288773307703036 0.0575285623006362 -0.227864933874568 -0.0120077594636354
0.287639665957291 -0.0328690778329664 -0.225971079414446 -0.0939566515607579
0.235953134320459 -0.14344443602887 -0.268467950876522 -0.0923186681144052
0.103427101058691 -0.221380293311893 -0.236022701155762 -0.0252693633697808
-0.0211578363815941 -0.223081394607943 -0.20834481320856 0.0140737296889702
-0.110039185745401 -0.176173788502673 -0.165450489472536 0.0585234975366781
-0.142550911644079 -0.125028174026735 -0.125718161924411 0.0399591425817086
-0.150925713512791 -0.118056021799037 -0.0890737757509957 -0.0224126026958045
-0.146516933598182 -0.126647423887449 -0.0812999420375315 -0.0908150684941699
-0.141539239972898 -0.15478932353347 -0.029893563510657 -0.167045663286576
-0.0983551728693669 -0.213491702028865 0.0602940850662926 -0.210098126327511
0.0168003564052646 -0.240690112038334 0.183145822753736 -0.125431680074563
0.159555087713513 -0.217396095435044 0.194414087355201 0.0418492202004765
0.277488942603059 -0.116221151232901 0.0690654741650067 0.127741549811281
0.291073916052822 0.00541923037715797 -0.115494395533369 0.0352286975274925
0.202662001579082 0.0575469355656135 -0.317875646193818 -0.0116826929090042
0.219609262619379 -0.0154792988661243 -0.270933363757984 -0.0655226985887408
0.176489116490508 -0.112126515543078 -0.257483222054306 -0.0781133409516767
0.0690109816131604 -0.165071014129903 -0.208480906208853 -0.0598638316697571
-0.0172678413220902 -0.159327231231065 -0.218673121864222 -0.0428937236535815
-0.0796970693755545 -0.129744481383775 -0.203352653210055 0.00425855417562728
-0.101893696610523 -0.096214255896286 -0.177255790303879 -0.00576716282884913
-0.0998045046474059 -0.0962902556935482 -0.140067455174175 -0.0644556191519388
-0.093005527050147 -0.106946581207886 -0.119624967595987 -0.134276659153302
-0.0784493952790248 -0.127555492025063 -0.0442665147568989 -0.205523063845283
-0.034085518171601 -0.164202069168168 0.0621361990795846 -0.234822685062038
0.0551485846885731 -0.169199175190261 0.183480832079184 -0.134343474639768
0.160702503865708 -0.128231025168461 0.168096441189076 0.037940968948529
0.230310940763815 -0.0337045830798767 0.0233673510711422 0.107173147561009
0.207855952179941 0.0500459260376517 -0.187852643700313 0.000111253800863873
0.0831452232449311 0.0590729644439934 -0.356782313505784 -0.00299223093356042
0.115914535452164 0.0168679970969143 -0.279063859347919 -0.0406551563891365
0.0922931422355221 -0.0500512560287377 -0.237357239532717 -0.0675829630244423
0.0344303039856453 -0.0717835957980129 -0.192830140937947 -0.0806378515856126
0.00273281511216634 -0.0663326893401442 -0.226564645567899 -0.0682165353917202
-0.0274798316874534 -0.0655057450251047 -0.223974571670064 -0.0246154054240875
-0.0412975108020999 -0.0549681800336508 -0.207893909977314 -0.0344453601238655
-0.0341776767933634 -0.0601055372758319 -0.167512814394528 -0.0955950178503651
-0.031847312467839 -0.066689612890631 -0.13343119698806 -0.168709964058822
-0.0193455567194756 -0.0756449111562984 -0.0353902598137308 -0.233482083045026
0.00986818993094013 -0.094429955371446 0.0817661069139927 -0.242366462385829
0.0601370576504541 -0.0918862240358264 0.191836614602038 -0.130427836608672
0.12586600761779 -0.0512581946939483 0.149767085635523 0.0274734559844676
0.148696948709647 0.0270693682783766 -0.00189246754523961 0.0735011131307177
0.0988172547444076 0.0727773680223874 -0.220454060756922 -0.0428702597019261
0.0167345052003067 -0.0608149366396495 0.248311061200625 0.0398873207546475
-0.0505530534516161 -0.029556771371579 0.0515267307412212 -0.0897391724201265
-0.0523840610804828 0.0148457261436749 -0.138660532199669 -0.0379884182364395
-0.0117996517680758 0.0209685302758834 -0.217205396201531 0.11638553901338
-0.0104850960382492 0.00354693572467176 -0.103065519049447 0.245446763297113
-0.0160375454868941 0.00947399314279816 0.0358977262314256 0.25304123048825
-0.0213277658741241 0.0164625450385004 0.128873325448182 0.197650503510467
-0.0345754750647739 0.0193434567707874 0.187391065186871 0.103916498835503
-0.0407915398113297 0.0140699768272011 0.203897765064514 0.0388491327983718
-0.0464047859721238 -0.000381747734064195 0.218034862238173 0.00392335182084478
-0.0395832421655497 -0.0203436232292965 0.225618314254712 0.0341309343829522
-0.0158542874107753 -0.030243596382661 0.208005908762124 0.0745581500394153
-0.0222759341652376 -0.0354235280870557 0.226212020194839 0.062372953496861
-0.0108117756842654 -0.0609891817593844 0.266121771105751 0.0460836639788766
0.0479315540679985 -0.0670371793778618 0.331521843423038 -0.0220628719927186
0.126917733021542 -0.0424324488940224 0.209441005141394 0.0503329542218276
0.0454812806593987 -0.0411673021593936 0.031906962278367 -0.0787808788178734
0.0200199043785531 -0.0209351818751058 -0.155145607086439 -0.0420950119996932
0.0247295199154901 -0.036217616411652 -0.228410035686834 0.105350963461886
-0.0117095044186157 -0.0643772684373907 -0.125916977872195 0.230476733047032
-0.050230458398043 -0.0505944072309729 0.00685579264423709 0.251433566887099
-0.0739116766929961 -0.029972270852453 0.10270213354924 0.198675488399666
-0.101571048569324 -0.0208814499944944 0.162950076950971 0.104213781995734
-0.111504209568532 -0.0259734090440505 0.174906280270628 0.031127487221131
-0.120524314281255 -0.0528143964767513 0.188365158391992 -0.0223540314957359
-0.101897585244697 -0.103070722353934 0.209886849145377 -0.0132201287908443
-0.0300796370970905 -0.137814809552302 0.214595011691818 0.0362198722962222
0.0311394200222023 -0.141521100032421 0.231313551065891 0.0527443509187977
0.0956798329239333 -0.131149885157332 0.241419544776423 0.0492725521314765
0.166260864393315 -0.0908836749545293 0.284136472447015 -0.00886519109588245
0.224901891442018 -0.0149413403595682 0.133305555417642 0.0422920522300682
0.148960011515945 -0.0456151806574751 -0.0105615221311489 -0.087673792938572
0.105097261874663 -0.0623305800349545 -0.18825593665601 -0.0588879954756483
0.0644393078553642 -0.104252964619854 -0.243777955291959 0.0900605966953998
-0.012539549444925 -0.134917924893822 -0.146308404410186 0.204718235857296
-0.0814982893035221 -0.108651377306595 -0.0241907430788206 0.230491809798068
-0.119333773169182 -0.0723434015608301 0.063224812418249 0.180841117765045
-0.153465502626383 -0.0575650843082727 0.115986261038246 0.0889546093339348
-0.164838451080692 -0.0605977630882424 0.120734797017642 0.0139206423618157
-0.179114335358194 -0.091433070378847 0.133994174691198 -0.0551629468599187
-0.158079922089349 -0.161412377627661 0.171317558045139 -0.0722783072234206
-0.0582169807389213 -0.219341423423476 0.211952786946456 -0.017113438200851
0.059575803785139 -0.233191333731441 0.236003862322725 0.0382691080070218
0.175676901898635 -0.192763492997302 0.21203136931749 0.0645572568806436
0.258051816956176 -0.106251436090636 0.204705138846346 0.0126465315008134
0.293928543633793 0.00890218240524724 0.025523860806233 0.0246369949978798
0.238760360113927 -0.053078194176651 -0.0747451045705661 -0.100251091123054
0.183071375973435 -0.111922147479802 -0.228139874371189 -0.0753109893666356
0.0928423754100183 -0.176368767815069 -0.255061193364278 0.06643184119952
-0.02161510252248 -0.19693260720498 -0.16476649789306 0.160919000330754
-0.110504218315756 -0.154200438336367 -0.0624185017093805 0.18931885743623
-0.151298186489267 -0.104217561419959 0.00916781825161323 0.144178660592664
-0.182628306516648 -0.0860493364317924 0.0516303873805504 0.062327492459618
-0.192379491732266 -0.0883005138790934 0.050149440372319 -0.0102170188234256
-0.206923214563112 -0.119478374446052 0.0666525116567434 -0.0874162017069534
-0.186202034728868 -0.197023478338778 0.118513385270221 -0.126452243460797
-0.0720685135966212 -0.264244583446056 0.197231060470009 -0.0690316733663202
0.0787024666005107 -0.28516904682602 0.232496153484838 0.0273600150496236
0.229819137442865 -0.222039907609451 0.175796077473654 0.0890790322295774
0.310862585038926 -0.0999456223273237 0.103385424041338 0.0348233410849175
0.316396463138118 0.0236593707164579 -0.100920989553409 0.00862738670535664
0.286417492225255 -0.0594161083986164 -0.151603949862679 -0.0979607392598308
0.225163905546053 -0.150265862986149 -0.257360815167773 -0.0790751033505984
0.0980703792893702 -0.224329533460931 -0.250543459595594 0.0320608174540238
-0.0338223230698539 -0.229168279136803 -0.183847341048853 0.0992951282593363
-0.127859353706916 -0.172908534222122 -0.107630428304309 0.131332585392576
-0.162834598656688 -0.116556128616368 -0.0543265603705105 0.0977077406210233
-0.18322161252666 -0.100876388865174 -0.0208958450938242 0.025992696148477
-0.18753265135282 -0.105348928383587 -0.0238291303030779 -0.0420220012419058
-0.195988328115516 -0.135679839000513 0.00193318579473654 -0.120850345201497
-0.169191907699566 -0.209004155970125 0.0687094235788654 -0.171657400002688
-0.0513559236804158 -0.269575126942343 0.179268383998426 -0.109888848311512
0.1061019366186 -0.280199082186829 0.217821318000172 0.0253659011972891
0.259070382884734 -0.200536299123863 0.129693698016313 0.112335695136773
0.319642744171098 -0.0680496742182608 -0.00662411282862314 0.0492012763043528
0.283142723914621 0.0324200481866172 -0.220347161998615 0.00454158876079038
0.275541579751644 -0.0538386069019724 -0.222062986914217 -0.0765789990577735
0.216289269714231 -0.155255426187206 -0.266244447441903 -0.0705263684766231
0.0822933473352517 -0.220771427632774 -0.231454193908085 -0.00750612538803018
-0.0391809217164417 -0.213742561810886 -0.201189716357933 0.0305073927875533
-0.12123241971554 -0.159267615146924 -0.155918218048854 0.0699586930318831
-0.148681469399644 -0.108331804366632 -0.119055725263873 0.0493109383879912
-0.155803210441146 -0.101266671096255 -0.0887293753150247 -0.0138002401272473
-0.152378736540802 -0.109533193369265 -0.0860003320919523 -0.0793892233842379
-0.150004693498732 -0.13774598972654 -0.0428650379501075 -0.157216109454678
-0.113240520432975 -0.195997679314057 0.0398959380623331 -0.206714843298394
-0.00343601183200628 -0.233277647916182 0.167423506234667 -0.134312525781932
0.136888293675152 -0.221266984715526 0.193887416118394 0.0268887879679026
0.25706210961796 -0.134005306253683 0.0784055294253115 0.119240508132385
0.282552355432234 -0.0172893261081077 -0.10732992628933 0.0429946924326847
0.200438918361862 0.0392563685301933 -0.307741488861266 0.0117868558558745
0.211096057345084 -0.0318016283874712 -0.264732874987276 -0.0458328873849617
0.161607699535293 -0.120325895931124 -0.254551979228069 -0.0575842249729113
0.0539333269853483 -0.164370332920516 -0.20794300394228 -0.0434633408853764
-0.0293487560323469 -0.152085303090762 -0.216244405681535 -0.0236929473510495
-0.0879894548395735 -0.117126918660036 -0.19707896044793 0.0200771265450608
-0.106986764743877 -0.0832766061349711 -0.173070292012484 0.00864747726341731
-0.104382255983492 -0.0849454520555018 -0.141840383792348 -0.0498616606125109
-0.0981632415056245 -0.0951692913296671 -0.127305507304629 -0.118285739383096
-0.0854213486996453 -0.116713418342101 -0.059694841563877 -0.194138777495296
-0.0468809222029742 -0.154447082916825 0.0404823043933512 -0.230568441554772
0.0402150806921221 -0.166998286170847 0.167648021263466 -0.14256347821326
0.145424875250986 -0.135095426972681 0.16744227269048 0.0254490345158566
0.218835492586404 -0.0512378498551736 0.0326368346721572 0.102745217457705
0.204954352776467 0.0320694246615723 -0.181249456894033 0.0146822802314113
0.0853641818347815 0.049927455221368 -0.346571404661242 0.0229040253338366
0.113247533803596 0.00732639495254757 -0.272688577102416 -0.0211160895942238
0.0846830037628156 -0.0547975554888738 -0.234444586603641 -0.0483590506149121
0.0280924549196357 -0.0719184871924798 -0.195190567806594 -0.0644012302522037
-0.00243073016482399 -0.0644682727690882 -0.22508831236859 -0.047393138689521
-0.0324498928946444 -0.0601428791550254 -0.220532780188202 -0.00622528315782699
-0.0444719524986898 -0.0497715732692239 -0.204466609416484 -0.0162954839895671
-0.0375988296980069 -0.0557081190585964 -0.170871375335429 -0.0771309367228126
-0.0359183001545279 -0.0613102619059575 -0.142392158976877 -0.150449289707508
-0.0247516094490554 -0.0716280407480022 -0.0528906656529547 -0.221551341709485
0.00144169013744802 -0.0915594003985153 0.0583408568812976 -0.239524762016055
0.0505754438811683 -0.0928267676122662 0.174592191184093 -0.140207156598221
0.117555527746805 -0.057771818932092 0.147999447041381 0.0166955237051045
0.145743901233925 0.0148369550777649 0.00513300455528441 0.0721025248043734
0.0999745943699247 0.0621727751662754 -0.21700345728825 -0.0247950256799889
0.013494203183258 -0.0587683232360959 0.238112525536505 0.0267367250435171
-0.0480892040819133 -0.0259502367567893 0.0445602935402381 -0.0876245068117205
-0.0476327981863499 0.0157811155617745 -0.133767497403621 -0.0315049851188449
-0.0102915502259565 0.0194269468008412 -0.201960513468065 0.118559222124127
-0.0105873656068879 0.00341478474641827 -0.0880272035136417 0.234232558167261
-0.0146853600569511 0.00952149197856599 0.0452352703003073 0.236026376640164
-0.0189670798007925 0.0162503974773288 0.130547749195581 0.180860439185895
-0.0316656851259984 0.0195206579974429 0.182652473103293 0.0900967304348416
-0.0385571820969301 0.0157064697243463 0.195687592088066 0.0283239720577809
-0.0450641713340717 0.00167359579440115 0.206360217987872 -0.00363666015490965
-0.0382292318557685 -0.0180417572993105 0.214368403837711 0.023956902815917
-0.0163445867773813 -0.0287626188593123 0.201177876228122 0.0637017375437167
-0.0218922744733404 -0.0331346071232544 0.215767636297512 0.0513406455088959
-0.0117704236261379 -0.0568254193673228 0.252959564685155 0.035382844752616
0.0433658949017347 -0.0656156811821393 0.313393501201041 -0.0310556838530048
0.117885101327337 -0.0460123846494758 0.201237206813724 0.0383202607769911
0.0422293278446443 -0.0403154952771876 0.0270258339271423 -0.0773083255932434
0.0185430538752475 -0.0199047644615442 -0.149086777462264 -0.0356805300055739
0.021750699999117 -0.0352747489013377 -0.212776207749622 0.107212609056306
-0.0142140241396763 -0.0601933498140816 -0.110961235416479 0.221497473298615
-0.0491899721723339 -0.0451322973874372 0.0172124152528849 0.235823831592011
-0.0702482162257138 -0.0248830464387859 0.106243366645264 0.182880503577113
-0.0969949514221134 -0.0150090923917311 0.159643598341864 0.0909266374607266
-0.106974268006981 -0.0191567869009502 0.167606683040503 0.0224939293516543
-0.116659300448963 -0.043945176484224 0.177329642316926 -0.0270037643324725
-0.10074239985367 -0.0925233148919722 0.197033342580103 -0.0208294320225728
-0.0342144734562488 -0.128854982928097 0.206167578344985 0.027701023052309
0.0240378247111338 -0.134720099178518 0.221310892670318 0.0411889205229476
0.084853148968378 -0.127157058101974 0.231078750919628 0.0391323131401475
0.155148170191304 -0.0921436773531674 0.269444774759954 -0.0172544441967246
0.211394743576094 -0.0246945255211219 0.129305674517979 0.0331417532344733
0.13857164181869 -0.0484366720214112 -0.010967492087987 -0.0849147664886815
0.0972454755676749 -0.0620190262577277 -0.181804887574368 -0.0497830089215451
0.0562573616225194 -0.100744930228838 -0.228198611852049 0.0936032172100852
-0.0185565640683233 -0.126093390329198 -0.130158945237174 0.197697216464534
-0.0817367340014427 -0.0982552251799524 -0.0130732215978931 0.218075435701372
-0.115418143116227 -0.0631875623023 0.0674644695872061 0.167359514167004
-0.147588991595989 -0.0468215739841715 0.113853645137531 0.0792109904393684
-0.159727006189165 -0.0496772774587242 0.115579611037331 0.00893830975010328
-0.174328229949522 -0.0781915570176856 0.124919047625834 -0.055446304465294
-0.156321357268527 -0.144244375735032 0.158028688118893 -0.0742191332668368
-0.0643912891157985 -0.204397659363146 0.201156583930459 -0.0233769229767659
0.0461449719205995 -0.221937509668916 0.225767766844987 0.0275206806491266
0.157874654609695 -0.188966490688339 0.203796243552906 0.0546135596318921
0.24114787771656 -0.109988815340831 0.195233464638439 0.0040733664982185
0.277641267283704 -0.00472817994669954 0.0272187962367332 0.0199876409736071
0.222601984615796 -0.0588190263009785 -0.071467197154905 -0.0946112853320525
0.168882586814156 -0.111628312874287 -0.21851546590728 -0.0640468333884328
0.0797915836075453 -0.170069799104378 -0.240054071684992 0.071442346483831
-0.0291374715958099 -0.184357030722344 -0.150622865388733 0.157515049567151
-0.111225453175697 -0.139154829687162 -0.0511113477670437 0.180750572167639
-0.14762213402404 -0.090935021179816 0.0151160492294452 0.135490517128372
-0.176302434665818 -0.0723717993524965 0.0515244798899284 0.0566263360390374
-0.186358623812319 -0.0735772124326599 0.0475736854906637 -0.0113222004098474
-0.202267640973284 -0.102654389308548 0.0601777380146968 -0.0834555005119107
-0.185316511280516 -0.176115229094685 0.104656960977448 -0.122869433168007
-0.0793787383818611 -0.246338229778958 0.18523021336845 -0.0714561106054963
0.0630382348279357 -0.271678889915583 0.222477805928785 0.0178735253304075
0.207703126622735 -0.218641749916084 0.170982844145412 0.0780804291661835
0.291768613453384 -0.106963749629765 0.100626433086616 0.0293203963390513
0.299279787663464 0.00889548479669833 -0.0932685123321055 0.0107922867909421
0.267715772594619 -0.0667322538700766 -0.14426891750596 -0.0893107255976506
0.20687979687824 -0.149736434082263 -0.246267531573854 -0.0668346752349321
0.083211038758079 -0.215469416231583 -0.237597412478204 0.0389946651326002
-0.0425266972967184 -0.213950394020726 -0.170254826085016 0.100527023387137
-0.128129819045825 -0.155607343886448 -0.0959477123918015 0.128492956369606
-0.158999104522167 -0.101241235523348 -0.0472863520401889 0.0943333729132617
-0.178555458259418 -0.0866723167236197 -0.0189112666400414 0.0257650467256023
-0.181921201426663 -0.0902246993978537 -0.0234373343642076 -0.0375137937839791
-0.192184618481541 -0.118797570862925 -0.0025531539143586 -0.112703588553983
-0.169753923973471 -0.188205353297886 0.05584772795647 -0.163056864024509
-0.0602479581155105 -0.251142732259269 0.165512296657492 -0.109305625907814
0.089139554334104 -0.267635033148695 0.209104382741527 0.0155784597841567
0.236046992588025 -0.199832931383783 0.128923529678821 0.101297204478996
0.299756417740992 -0.0759378050367292 -0.00343892531301536 0.0460964001278062
0.268841284218606 0.0180178148126215 -0.206751679402542 0.0123654322851366
0.25777438480948 -0.0617377482548028 -0.20960707978297 -0.0667989717029354
0.198331393096092 -0.15387966934536 -0.254333747499734 -0.0587429726030682
0.0683460604911041 -0.21193828010532 -0.220274182250478 0.000202366422227675
-0.0461924739382462 -0.199738822870242 -0.190407300942073 0.037303651792518
-0.121882550438433 -0.143632734813548 -0.144838070627641 0.0721733106618908
-0.145166046157742 -0.0951470126966264 -0.110355165169863 0.0520715464617247
-0.151992064297212 -0.0881512423099816 -0.0853566505796409 -0.00823556112237806
-0.149548113312146 -0.096056636016347 -0.0841689617282789 -0.0700043679408756
-0.148453112956705 -0.122656764150518 -0.0461249353443572 -0.145212642802993
-0.115875395405421 -0.17866909432868 0.0271837955664816 -0.195400072337745
-0.0128234376183724 -0.219316376794642 0.153861700885218 -0.131784578251831
0.120038944183533 -0.212611799786365 0.186976206236744 0.0189418914957064
0.235767044646726 -0.136753794242289 0.0802764788890073 0.109539034005724
0.266216034882976 -0.0270074137408259 -0.0988687347630333 0.0444494841286138
0.19069258909249 0.0283145439672951 -0.289671314217725 0.0220477618102806
0.197316766169345 -0.0386838051005554 -0.249577781395774 -0.036072458028524
0.147438092018671 -0.118553685121264 -0.243190485858653 -0.0460690073630653
0.0442238134870508 -0.156766011321612 -0.199689628153273 -0.0338574637853846
-0.034556173759157 -0.142464401079116 -0.205289937844868 -0.01333107972439
-0.088566773971586 -0.105257692854775 -0.186104499637086 0.027837097910766
-0.104322162739544 -0.0735993718839079 -0.163993844429336 0.0162794594340084
-0.10232156375123 -0.0761018971977649 -0.137297202030146 -0.0404853958558435
-0.0968809350576947 -0.0852739798970598 -0.125229013965708 -0.104427754958898
-0.0859703360672388 -0.105372601371736 -0.0641478230233036 -0.178612583680477
-0.0508991405788424 -0.142143422458806 0.0268399932763122 -0.217679750113349
0.0304097518907598 -0.158712376919363 0.154012722839982 -0.139633410519494
0.132130563016595 -0.131871213230701 0.161242385495992 0.0181051342473287
0.20357510942457 -0.0566918323170405 0.0363408941277691 0.0953592501079311
0.194699415581899 0.0229848484829479 -0.169806759422187 0.0213346904207608
0.0824811093154698 0.0433940100272853 -0.327810863233471 0.0346564450926235
0.106921541018449 0.00271243293051225 -0.257872551050748 -0.0122133351138197
0.0776457276510346 -0.0534606096630536 -0.223702918513078 -0.0382461768768709
0.0237310210654329 -0.0682690992785496 -0.187471175220936 -0.0548121316118681
-0.00447169579237791 -0.0609788884538415 -0.215113260257266 -0.0354777360966016
-0.033745584146193 -0.0535312426392 -0.208438881994688 0.00304269479555297
-0.0442302942657014 -0.0442983475773301 -0.19523788035046 -0.00557071622658509
-0.0380119078731248 -0.0514993839907764 -0.166123201952276 -0.0645180127774319
-0.0356586848144264 -0.0565694215176074 -0.141452047117496 -0.13379138309982
-0.0255857985729641 -0.0670212568609448 -0.0588421694403331 -0.206109046159516
-0.00246582040820525 -0.0856862429389347 0.0453906018214236 -0.22797085962954
0.0436697661952652 -0.0896707092965091 0.160459863374002 -0.138079550812377
0.108847555633049 -0.0580402391549363 0.142375099513823 0.0114733691201568
0.136649030330991 0.00781449067534873 0.00870416984422714 0.0674556388795297
0.0961703599175859 0.0551999517647632 -0.205671407411997 -0.0141100260758905
0.0123225860927313 -0.0575219659364836 0.22972437960315 0.0237812462181524
-0.0458791703586438 -0.0256763632318348 0.0424249061511015 -0.085431417325636
-0.045205673829975 0.0145124839933993 -0.129389825039308 -0.0306288006713083
-0.0106776716816483 0.0182644740729284 -0.193901416425593 0.113296522265161
-0.0107595659309272 0.00327000324831391 -0.0849461614216364 0.222925148340424
-0.013869683673998 0.00856798366422566 0.0446188946074429 0.224760107917273
-0.0179283999667889 0.0153562236826792 0.128090722442857 0.172674659646764
-0.0301454877255829 0.0186119874378219 0.177145277820897 0.0853928985878565
-0.0367423423425356 0.015916512402758 0.189834001234575 0.0267491739042193
-0.0434938286697415 0.00243355041261922 0.197923623322506 -0.00369616566039993
-0.0369161385173016 -0.0177757201680091 0.206565907825324 0.0230696192150239
-0.0160982307169139 -0.0282849194599706 0.194442893260055 0.0622471189781148
-0.020961813814646 -0.0318921119201545 0.20620729748101 0.0500849892440855
-0.0105326228403543 -0.0536762335122465 0.242917470036321 0.0356971542485739
0.0423548549549365 -0.0629915059923328 0.3019001158375 -0.0284032143630694
0.112283609910047 -0.0457942426253456 0.194650888777956 0.0346008602161486
0.0406706167379889 -0.039368657759956 0.027137255042815 -0.0752170423849197
0.0182931279075059 -0.0192930943387457 -0.144365188855586 -0.0351118661963884
0.0203337351870735 -0.0343023270917059 -0.204491744039426 0.103512564569927
-0.0147302822252332 -0.0576015653870055 -0.106600386656219 0.210952781490564
-0.0479606053994517 -0.0428912823407399 0.0180870968743187 0.224979030522357
-0.0679226704790764 -0.0233621497221907 0.103721278079343 0.173984875405663
-0.0926415592324163 -0.0136930187976038 0.154243719562378 0.0868426396478259
-0.103520538697265 -0.0175767253503465 0.162492578213042 0.0210083085298942
-0.113315815683407 -0.0418829349563248 0.170524532716448 -0.0253606572571465
-0.0968590339408847 -0.0888148159202647 0.188874487938489 -0.0191540618794309
-0.0335175544907209 -0.123868485246046 0.198953298973481 0.0274411035114666
0.023152853529122 -0.128901071134381 0.212901884132461 0.0407273741922408
0.0814079116773691 -0.12169058059022 0.222562899858278 0.0390993489006823
0.150222868127538 -0.0884949619223935 0.259906898648241 -0.0163551627009245
0.202328913922691 -0.0243288539257035 0.126129731952337 0.0294030985516913
0.132823276620765 -0.0469683706945562 -0.00874968658744239 -0.0834113685493512
0.0937919122936663 -0.0591941126737257 -0.174695757467572 -0.0488840092980373
0.0532490326790556 -0.0965623257626997 -0.219610700464908 0.0898235603322607
-0.0193879694005964 -0.120262472561168 -0.125676931366681 0.188866808238862
-0.0785123787010348 -0.0929690855312351 -0.0114172339001638 0.208038125278967
-0.111182371416046 -0.0592766031331421 0.0658607226511438 0.159876152710694
-0.142128831226151 -0.0437777215042618 0.110250602099801 0.0761012650831716
-0.154109867353529 -0.0452747589377347 0.112475830309071 0.00869804471621624
-0.16903863114541 -0.0729197352341679 0.119845256552842 -0.0523702546191074
-0.151312076455205 -0.138148312260364 0.150434183233459 -0.07031112685382
-0.0624268506077454 -0.195691114926023 0.193942074632981 -0.0210171939351896
0.043446077490195 -0.212909496792311 0.218018508038141 0.0271112304512577
0.151053167595707 -0.181613222523084 0.19722333112215 0.0533488368370544
0.233067314528413 -0.105544459869458 0.18936022273149 0.00438878119599261
0.264620894246811 -0.00600570231753079 0.028273902876523 0.0178858880812183
0.213339323311702 -0.0574663965997796 -0.0658374181067093 -0.0929720601537783
0.16196864437381 -0.106702210849594 -0.210158656381368 -0.0631907738037523
0.0755844486738139 -0.162940037500758 -0.230474229074439 0.0685901003399993
-0.0299417308647742 -0.176159800960209 -0.144514533421634 0.151335308974857
-0.106971902664046 -0.130349677600899 -0.0474094300576571 0.173031118486433
-0.141787908887245 -0.0860512107380047 0.0158948262777842 0.129476101793949
-0.170286193269366 -0.0680394482398952 0.0493935182613864 0.054386319572392
-0.179842095785673 -0.068841394518712 0.0468816686293745 -0.0102929771241379
-0.195811639087834 -0.0964127942193943 0.0576926500179425 -0.0787998188742477
-0.178944777106726 -0.1672050500874 0.0997794522977102 -0.116825747563202
-0.0775843970834985 -0.235439967973919 0.178266135402653 -0.067648164078502
0.0594066248947181 -0.260062818317627 0.216068282048405 0.0172754920811082
0.198000546040488 -0.209795300660397 0.1665051825967 0.0755231485920878
0.281537006172212 -0.102814762610266 0.0978787013144137 0.0276343310878873
0.285718792414801 0.00687180426603503 -0.087651991604064 0.00864611051182731
0.256504699453028 -0.0648019216237756 -0.135550693697088 -0.0890839065682985
0.198585355422569 -0.143196669608308 -0.237177123524047 -0.0662898339930239
0.0786235565006817 -0.206772769187402 -0.228223111569988 0.0365873713684158
-0.0421927373952369 -0.204866497526662 -0.164063456856388 0.0967504284943483
-0.123966247334555 -0.146911690950062 -0.091408152155026 0.123527045409795
-0.153768587963095 -0.0953711970741191 -0.0442854402124562 0.0908060239441028
-0.172068585573922 -0.0819171133783369 -0.0176293714524875 0.0257142703674293
-0.176308881198736 -0.0848384673665872 -0.0220316629661855 -0.0352611675356923
-0.186477568431066 -0.112091279556287 -0.00190054736112151 -0.106203629248207
-0.164095599578289 -0.17827071069431 0.0519615237755599 -0.154716696799873
-0.0595012517236125 -0.24061710131508 0.160210945588159 -0.10379234071778
0.0841013361014375 -0.256003709788271 0.202768961752284 0.0156162956914771
0.224300212857915 -0.1913339600266 0.125450897520408 0.0970260483271779
0.288950301980016 -0.0738447793307072 -0.00177638290615491 0.0438788916436214
0.256980287094422 0.0155116255693199 -0.197735978944167 0.0101985343538001
0.246859857275568 -0.0598465235225034 -0.198920671408677 -0.0670074248085424
0.189815540030785 -0.146882659141127 -0.244759141204352 -0.0574620071597779
0.064079382517606 -0.203568936931682 -0.2123432141238 7.48150677520274E-05
-0.0459253403300211 -0.191312207087496 -0.182412265704165 0.0360548112109651
-0.117382346802199 -0.134546898304471 -0.138522606898823 0.0704515220841113
-0.139869752233071 -0.089110040041343 -0.106864495466081 0.0511007739775793
-0.14699924393754 -0.0830103250691942 -0.0826186571578539 -0.00665521892345433
-0.14474184569891 -0.0905046962335757 -0.0808632396688993 -0.0648233771874731
-0.143392434633665 -0.115469916269232 -0.0445724027700498 -0.137737106236668
-0.113222500096358 -0.169352619782556 0.0248156892909793 -0.185504966034335
-0.0136809784392031 -0.20930965788373 0.148143298045334 -0.125266220433822
0.114155292847835 -0.203577833755667 0.181715238365443 0.0182301807157423
0.225873073945304 -0.13105536381049 0.0792287234141494 0.104715679907843
0.256222608316413 -0.0255355663705676 -0.0941646836821955 0.0423320445477898
0.183037449515568 0.026228684936803 -0.279017097079758 0.0195215431679002
0.189259213713888 -0.0366000013404754 -0.238755342104849 -0.0377750579458647
0.142019487629033 -0.112975566818732 -0.232885327879808 -0.0456475817488897
0.0420774444474004 -0.150845635441743 -0.192814184380754 -0.0335447692835228
-0.0336305146576799 -0.136788968690701 -0.197320882243171 -0.0119950114020253
-0.0853647489683847 -0.0987319013110694 -0.178626870475827 0.0277505897501275
-0.101126860893592 -0.0694064510373051 -0.158251457631276 0.0175151827406471
-0.0994433111022826 -0.0722176842559625 -0.133458265401027 -0.0368431949959244
-0.0930097610532186 -0.081111747192439 -0.121059914030867 -0.0973804681030799
-0.0830364636521026 -0.100472054128008 -0.0621875231087419 -0.170213687058423
-0.0497254326611752 -0.134847237951893 0.0243186047732073 -0.207494488168182
0.0288412840369341 -0.151973028559838 0.147821728512293 -0.13320905209107
0.126690280010692 -0.125561750500733 0.157177789217499 0.0181826939876738
0.193829158921192 -0.0548237334026413 0.0360185160095928 0.091290716871196
0.186246917531902 0.0222386249274926 -0.162979556897784 0.0212695896709508
0.0786007691530091 0.0406926030408653 -0.315514451124548 0.0322341673773471
0.102881224037029 0.00211216450291406 -0.247353345693415 -0.0141742457256296
0.0738597669777371 -0.0498561018100251 -0.214187757405906 -0.0381617827141528
0.0228039601596863 -0.0659019374013374 -0.181465198742283 -0.0531636827131907
-0.00493719925245257 -0.0584599061601607 -0.206443667850332 -0.033284788530778
-0.0325750998496473 -0.0500809173458091 -0.200811855108981 0.00456255600958839
-0.0426115446489426 -0.041444135545441 -0.187851716094991 -0.00365048057274047
-0.0364427493237657 -0.0493805347484889 -0.161399818004721 -0.0602193224413397
-0.0339980677730886 -0.0537119638620038 -0.136214321948693 -0.126118223592584
-0.02470211467713 -0.0638276199001264 -0.0575192466642258 -0.196812434796913
-0.00333910981116751 -0.0815711187210211 0.0424960986495691 -0.217055318431318
0.0415866261101679 -0.0855944050283927 0.154018238191074 -0.132150544733326
0.104509459605435 -0.0547903609842855 0.13818237788383 0.0116772865874365
0.130288694598612 0.00801119660118661 0.00931012897433601 0.0647403177881954
0.0918422033962438 0.0536133900590268 -0.197670474042121 -0.0123157671906144
0.0189408450968641 -0.0551506700829432 0.228603965987128 0.0546842519084493
-0.0401201665684784 -0.0319164664002371 0.056327823025732 -0.0815434586129682
-0.0449670752836763 0.00651976407491909 -0.123162840552813 -0.0519228067183834
-0.0135311725638743 0.0144795001921361 -0.205032307204901 0.0844317397279677
-0.012958112159521 0.000654362147265748 -0.113410865373094 0.20572213613802
-0.0142708121001436 0.00466343912134778 0.013831882786908 0.225761771936741
-0.0192844799867625 0.0120851219205604 0.105575895683638 0.185483772418447
-0.0317567098692413 0.0133397067255409 0.162441774158013 0.109988465252636
-0.0369251180886053 0.00892006194398171 0.183930646023675 0.0551751571428844
-0.0419934593923619 -0.00517826047562763 0.196319715289114 0.0284396540329702
-0.0312045622685303 -0.0252312659862261 0.200259813341373 0.0565565179284556
-0.00946899782050895 -0.0333862321832476 0.184642968920061 0.0941390776912232
-0.0122490581391935 -0.0374698568291051 0.193808507751424 0.0839244409778488
0.000779625217560942 -0.0568322230092411 0.232148990177728 0.0767533760342861
0.052874202247733 -0.0586868583263869 0.305145439136916 0.0239664570893493
0.115015276573103 -0.0304503276561118 0.188137702644305 0.066970934147905
0.045915281772836 -0.0321225736882082 0.0391437010679025 -0.0699028521569274
0.0220501355948464 -0.0160644739587672 -0.137703521668548 -0.0543453720592174
0.0247976281279523 -0.031361882748089 -0.213379119688175 0.0754713437037662
-0.0068835386726713 -0.0580553058698894 -0.132139474383011 0.192950356927937
-0.0391438641202213 -0.0499898053931522 -0.00995709881451814 0.222847492825881
-0.062472902335509 -0.0330610601600097 0.0829252888408554 0.186369444924439
-0.0887101132741665 -0.0273617289970782 0.139456268749098 0.107536113726388
-0.097048139327251 -0.0327880396867848 0.158425926318516 0.0465367427314494
-0.10378894034115 -0.0577790095378069 0.171245282966937 0.004735557081454
-0.0792182962128235 -0.102664152270969 0.188186194457921 0.0139560442415196
-0.0118258777848952 -0.129324173967721 0.1931361124936 0.0623492738376495
0.0455646792614821 -0.125405932576321 0.200404209351905 0.0759142498219503
0.100264252917734 -0.107530867737774 0.209386080910256 0.0750251104864787
0.163035790550655 -0.0650652555307463 0.26092164217534 0.0277532518365031
0.200078771833689 0.00150964255297996 0.116525087555345 0.0579340531295356
0.137171491205445 -0.0261718953967402 0.00309325759921675 -0.0790336178015356
0.100957232603478 -0.0439610600457089 -0.166938759381924 -0.0676306033231997
0.0667617719980347 -0.0862852167275019 -0.226452529285572 0.0633284797087273
-0.00074919993082439 -0.11910997798498 -0.147223580558219 0.17152942995964
-0.0620706588601942 -0.102710151322451 -0.0347063986488635 0.203504635046722
-0.0995121282277676 -0.0750962230167791 0.0476524610686647 0.16775573357817
-0.132574127774374 -0.0641320016252674 0.0972790042095509 0.0902263237901139
-0.142317878196994 -0.0677357996773824 0.110578030139322 0.026743869936981
-0.153320585933396 -0.0963974826994951 0.125811615360511 -0.0285902579348097
-0.125659543894174 -0.157938795085506 0.157677873490954 -0.0406489767391932
-0.0291849522211434 -0.204128903619095 0.195923546019544 0.0149080289138507
0.0775052684010944 -0.203460784030001 0.206871964129492 0.0627952972752961
0.176920735299487 -0.154135853419147 0.180822153951884 0.08272135029358
0.247028231558818 -0.0671760811458569 0.185723438965258 0.0344071364291734
0.259487420490528 0.0285555011487252 0.017060528462736 0.0360994721696118
0.217062396205187 -0.0243798443743913 -0.0533858636790199 -0.093564069906087
0.174615278003062 -0.0800114375825066 -0.20005603061883 -0.0811414331509306
0.0989384115757264 -0.147030030934948 -0.233813384437333 0.0437737050751176
-0.00234616639394615 -0.174977240357678 -0.159040996620453 0.134665508706213
-0.0836681791285661 -0.142557199707924 -0.0632157445928785 0.16495183046138
-0.126118752952176 -0.105495526918848 0.00133810409575905 0.132920228891041
-0.157141381202741 -0.0925036144576292 0.0406873134688069 0.0606201765054668
-0.164899898617132 -0.0939035331329523 0.0477166407063934 -0.000920811799232417
-0.177333656991552 -0.122629093818924 0.0679300345591555 -0.0639473504487015
-0.148490622309672 -0.189397418327461 0.113153310322491 -0.0930136160954396
-0.0384777690579707 -0.244638405814867 0.187330255736634 -0.0337091939896553
0.0996772403094324 -0.245776945107849 0.20621940202256 0.052773014480086
0.227438914812509 -0.173662406794219 0.145455193264867 0.0985393549027946
0.293872711569222 -0.0543546326681528 0.0908095989924107 0.0413972733172147
0.278370564024121 0.043524769392321 -0.0973662987926613 0.0135027956204859
0.261184696865498 -0.0255930826534456 -0.124276269512704 -0.0967626631149288
0.216040702163592 -0.109287134376179 -0.224922834373434 -0.0844267066886903
0.109067913356616 -0.189099231937603 -0.226474406967502 0.0156802833853169
-0.00956267021098867 -0.204648766226568 -0.168558050714257 0.0802980949241658
-0.0976499745020003 -0.160074374757184 -0.0993593894209327 0.110211976068533
-0.136349817928544 -0.116835808000716 -0.0529532820011151 0.0866870865323073
-0.157492264302483 -0.105798041090986 -0.0222418816727322 0.0226481165439547
-0.158755381406855 -0.108116739231419 -0.0165525447098692 -0.0355443467897634
-0.165856426649118 -0.13590718335586 0.0128783817111135 -0.0999570994944803
-0.133524724636263 -0.197330689917499 0.0718689948872798 -0.138630923350943
-0.0207898956201343 -0.246090968219155 0.174637135001525 -0.0725054973986586
0.123026083530479 -0.238078781105875 0.19409432684377 0.0483533169294875
0.248981355834658 -0.151176825766874 0.103021880207818 0.112245920870702
0.296119318343743 -0.0235448936278947 -0.0113852061145004 0.0416723101311107
0.250243271931099 0.0486872110524581 -0.206320186102046 -0.00179762843578072
0.250904191113757 -0.0221102201703615 -0.190993849500031 -0.0844257779720809
0.207846073769411 -0.115056552990929 -0.232708202111993 -0.0771294183501801
0.0949929606110818 -0.187383148615422 -0.205357483587317 -0.0188477946312463
-0.0148551376077509 -0.192738733584967 -0.179017540327331 0.0181802863629593
-0.0935523636711407 -0.147168913422448 -0.138404016438773 0.051345775354923
-0.124676116439887 -0.107400831913971 -0.109310758669082 0.0400710373218403
-0.133169391422344 -0.104048069352257 -0.0805291505142597 -0.018559281828182
-0.12764453770937 -0.108863538571002 -0.0709246476106953 -0.0739950956926482
-0.123658150314168 -0.133070401388361 -0.0247263308023091 -0.137910744433907
-0.0855938886626132 -0.180654779960997 0.0496683185675576 -0.173838268617954
0.0185494299645959 -0.208993101989835 0.165007428712331 -0.0964505456077829
0.144388154226523 -0.181908579617451 0.173183305243832 0.0467083579452834
0.240054498720146 -0.0922967967217534 0.057060155129275 0.111074875318015
0.254661028936997 0.0180532199912616 -0.102720425278966 0.0251099225263594
0.176193150040204 0.0489955746886708 -0.287124116212382 -0.00800324791196975
0.191002724037606 -0.00877810990578205 -0.234787907824222 -0.0636524427719429
0.155381543748205 -0.0883796215397664 -0.223258662177063 -0.0673057436564754
0.0650496755403936 -0.139793717024134 -0.182153330112503 -0.0523880607584264
-0.0110885210843148 -0.138216639857021 -0.187975528435934 -0.0332086053138874
-0.0675457039271599 -0.107203042837023 -0.174981574364234 0.00283661993553117
-0.0892224681672988 -0.082020663485314 -0.156795859254167 0.00030930403130919
-0.0874358053324727 -0.0862439305425556 -0.126185512526045 -0.0550572645761929
-0.0798665755966906 -0.0920023136565656 -0.105291730938714 -0.112332911935772
-0.0675758719226145 -0.109643203685873 -0.0365591455707637 -0.174113794980009
-0.029596448814909 -0.138636534013899 0.0533184999247722 -0.196663033807619
0.0503089027632461 -0.146137501812645 0.165462538731655 -0.106355164077418
0.144343637294981 -0.104176776100448 0.150428027957604 0.0428286644998304
0.1977067802784 -0.0218049104869377 0.0188660672430053 0.0910673381948145
0.178709295646824 0.0546136892483906 -0.167165093642251 -0.00731844532694823
0.0728324468816207 0.050327577957911 -0.322366433021814 -0.00788162432732467
0.100471216304788 0.0171016945053563 -0.247383229411302 -0.0460966089041443
0.080742199824549 -0.037128474382576 -0.206347889141734 -0.0629720135719565
0.0333706376631453 -0.0608310631028754 -0.170604836888665 -0.0734367847365248
0.00529058263151279 -0.0587594845952106 -0.196117501533986 -0.0579521957729574
-0.0232356721107341 -0.0513145153612595 -0.197267693271967 -0.0228765387279866
-0.0367964338378919 -0.045723594672562 -0.186006893105349 -0.0262797031969624
-0.0296990117019133 -0.0552937527537728 -0.151066637356654 -0.0825642941890025
-0.0265149748724367 -0.0572993435469295 -0.116193989611555 -0.143424773597828
-0.0157388459621745 -0.0662575662963231 -0.0277820652220199 -0.200554922237966
0.00784878567129009 -0.0804874753115453 0.0730859794859839 -0.205706220939387
0.0525921923286321 -0.0792250613272141 0.172512041515495 -0.104639834449851
0.111493604134345 -0.0387617531730315 0.133735180402766 0.0342397184865477
0.125211359990693 0.0286882513307288 -0.00180164667885019 0.0617846035551234
0.0798002970003638 0.0702842028583058 -0.194298045125191 -0.0458872315244518
0.0187164611740594 -0.0565905583247997 0.234312782442851 0.0520979597904325
-0.0407382702799544 -0.0331588879823884 0.057633531307474 -0.08479432967942
-0.046268949574463 0.00619168137093281 -0.125975245677164 -0.0542796797076462
-0.0141204093085757 0.0150095615331183 -0.209795500149379 0.0874033484993681
-0.0146417834416009 0.00113167705007093 -0.115885162294272 0.209090957305828
-0.0151667409448906 0.00434169383389004 0.0158052629744784 0.226881037538248
-0.0196349836863929 0.0121027707045049 0.111032474231564 0.186533047964853
-0.0320467275221373 0.013566049289182 0.169787363878817 0.110353322756874
-0.0374857659039529 0.00972868786571354 0.190543088812754 0.0543763388234542
-0.0430942914414313 -0.00390884044446787 0.201484422552322 0.0278304552505695
-0.0322821713131483 -0.0261558397033779 0.205161223710721 0.0572222805469585
-0.0100263396189085 -0.0344913925773055 0.189882762688466 0.0957405715605301
-0.0130626073437984 -0.0382574905146727 0.198513612654435 0.0857403400838285
0.000629585131783119 -0.0574659747021738 0.237107187673683 0.079549978635539
0.0540865697619841 -0.0603004156246986 0.312577159953762 0.0246271386638908
0.11691011354931 -0.0321136199276088 0.194241506131134 0.0644456354927403
0.0463614371950896 -0.0332319123372655 0.0412966967377212 -0.0743638710717362
0.0221562233842623 -0.0171787097890921 -0.140839191697125 -0.056252798221255
0.0248351253864499 -0.0319390334043113 -0.218850107657325 0.0776601848958371
-0.0088598903019017 -0.058732843730265 -0.134355579076699 0.196568542773712
-0.0409435123811367 -0.0503528937654597 -0.0083265124291982 0.225474573999487
-0.0640767798971733 -0.0331924365863062 0.0873070256658966 0.18760935825737
-0.0911912118468488 -0.0268577581810436 0.145321367827506 0.107913476872523
-0.0996266302163313 -0.0320925612054648 0.164238764438665 0.0460533134814004
-0.107484455224997 -0.0576007680375989 0.176313245640968 0.00400036410054275
-0.0826468643704587 -0.104404708779963 0.192175716076071 0.0139477531016411
-0.0130277400354022 -0.132296267053112 0.198724864191998 0.0633225329905406
0.045426399787743 -0.128248760647929 0.206609763459639 0.0765226150347982
0.102914950408021 -0.110442342268883 0.214816475782999 0.0767378003059358
0.167280910360175 -0.0677320703262477 0.269122258320178 0.0280373316914475
0.202909382915181 -0.000376176695465168 0.121142418139683 0.0557923422228944
0.138924670480946 -0.0283303765864126 0.00530306629902452 -0.0835162930456183
0.103160824393705 -0.0452951740741836 -0.170527596938489 -0.0695361315118293
0.0675680485997397 -0.088600743707993 -0.232030559164875 0.0653254139617175
-0.00272973077926554 -0.120743583702833 -0.149577414227349 0.175110602010853
-0.0642765498620102 -0.103295820649153 -0.0324126896986695 0.206303761041893
-0.102497674839647 -0.075250299127005 0.0513414288004235 0.169357327300464
-0.13736318655956 -0.0639924911526552 0.101931277386558 0.0913056089674213
-0.147067975065207 -0.0668516039549774 0.114520821728189 0.0261082982083974
-0.159690393771735 -0.0956854055825825 0.129534961837111 -0.0289440853514013
-0.13027106329063 -0.160308208856801 0.159510915209367 -0.0413264339908138
-0.031600246289073 -0.208179381156987 0.201004702961683 0.0145149084341032
0.0781102924543291 -0.208341466357595 0.213370456603181 0.0630319967269598
0.179964544255556 -0.158533829632637 0.186738449167458 0.0845792983677788
0.253888419263367 -0.0706178131681599 0.191552782788678 0.0342289297592534
0.264051640503367 0.0264617633976847 0.0192622258200609 0.0343092094656342
0.221069867935208 -0.0262460362638296 -0.0523521477514649 -0.0982522126006492
0.178596884809976 -0.0823106953893461 -0.20452614097776 -0.0846076988296861
0.0997547380220508 -0.151292184993726 -0.239458959991775 0.0451330312686834
-0.00515564668514874 -0.177629971793759 -0.161564029797931 0.136803806208464
-0.0867769332962866 -0.143819146463065 -0.0623922478450723 0.167263489619915
-0.130121147142512 -0.105340696741101 0.00380571988093218 0.134839606177632
-0.162610810031826 -0.0921670932689588 0.0432517337815353 0.061898320921246
-0.170601486705445 -0.0938737159188758 0.0497295131153725 -0.00109859117283693
-0.183854766093421 -0.121687892901125 0.0704085378357746 -0.0641510838835442
-0.154952587108871 -0.191257680130409 0.114159444902435 -0.0942549713430989
-0.0422506134943374 -0.249262082439265 0.191895382652928 -0.0338062707725942
0.100248972721653 -0.252258277736835 0.213093934012098 0.0525474584320375
0.230676010802419 -0.17858940099855 0.15021494682141 0.0998636904039471
0.301219349334892 -0.0581429513534097 0.0937138118640065 0.0414693503028443
0.284678835768844 0.042655631149798 -0.098739533125652 0.0118367112475896
0.265717954706504 -0.0280805701994231 -0.124075770346187 -0.101770453011745
0.220287406526047 -0.112899312157667 -0.230472867680055 -0.0875742631001736
0.109240760783831 -0.19389543094578 -0.231347192971046 0.0157521872190727
-0.0130323471122524 -0.207976174032039 -0.172004997599639 0.0820613522041021
-0.10079484367608 -0.16059717504698 -0.0993542410657191 0.112448113651292
-0.140437522888271 -0.115701496768775 -0.0524168199136207 0.0896901033969937
-0.162475936243564 -0.105925600870924 -0.0219743620989769 0.0238441547193794
-0.163945602926666 -0.108223751610175 -0.0172622946573598 -0.0351472376201252
-0.172202792946138 -0.135476239729848 0.0134390540167655 -0.101078698997202
-0.13917624504789 -0.198953582948507 0.0715294504780583 -0.139675366836332
-0.0243952665662918 -0.250301029512657 0.178757710434107 -0.0740756383662517
0.124818694927927 -0.243497320532232 0.201527536037388 0.0483462132948459
0.252677317803263 -0.156051444795589 0.107130336657196 0.113751511483065
0.30367982606348 -0.0268928780741694 -0.0103635439348245 0.0412833426945406
0.254245257765701 0.0472235371294315 -0.210593851085516 -0.00269914195334224
0.255557103515756 -0.0246108781248279 -0.193339961607316 -0.0885173612286308
0.21225734474073 -0.117551499561265 -0.237958450978751 -0.0788592831066133
0.095005764559668 -0.192728848566327 -0.210399721745389 -0.0204862718826396
-0.0180709507147185 -0.19611460256828 -0.182768635860804 0.0189620819605695
-0.0961928351743208 -0.147373419473614 -0.141161061429441 0.0534586003355303
-0.128548864770587 -0.10733179013971 -0.11092700371194 0.0421198255221033
-0.137558591783432 -0.10414153899378 -0.0836972318731341 -0.0171632770688446
-0.132320131509427 -0.109239158631489 -0.0730258800498769 -0.0738856803399284
-0.12927790788879 -0.134015140310618 -0.0251468899409352 -0.139655716588207
-0.0894218547414435 -0.182166282956326 0.0485086127005462 -0.175502382733359
0.0159695543170808 -0.212730778771258 0.169180116669159 -0.0987431836152563
0.146843938618131 -0.186022599948583 0.180565000630109 0.0473384162525323
0.244500883100862 -0.0953389360827158 0.0602398873078962 0.112765665511687
0.262079382529332 0.0166849920639629 -0.104171110139175 0.025927934558604
0.179990643450841 0.0484750386025575 -0.293674465678466 -0.00771540563891368
0.194887777723532 -0.0105745178675366 -0.239081761908584 -0.0662574978060653
0.159004608724866 -0.0909843503220545 -0.228353381268641 -0.0696596780102546
0.0646846466988092 -0.143389630645105 -0.187027996259913 -0.0530255383209373
-0.0137988903980917 -0.140813387733146 -0.192054239917384 -0.0328370131678115
-0.0700596006029614 -0.10598187568816 -0.178965794919985 0.00465633185301021
-0.092359342377627 -0.0814395501689575 -0.160475178088078 0.00237768404022322
-0.0907981903119231 -0.0872868087717986 -0.130768224122314 -0.0533500912544775
-0.0826763243787561 -0.0931502267861369 -0.1081058516837 -0.111867129175817
-0.0707112909455459 -0.111387741130627 -0.0392192244106424 -0.175988770335568
-0.0319149552854957 -0.139706623765231 0.0523213497876177 -0.199742209662728
0.0499498110207553 -0.148815187161799 0.168919283493532 -0.108002529713466
0.14730058972853 -0.10604156411228 0.156691590945062 0.0438677134502963
0.200900916785048 -0.0227251411691507 0.020412564296309 0.0926031722755271
0.182729230213521 0.0551962656833196 -0.169819351609346 -0.00578374518844351
0.0745442818973437 0.0495192515318356 -0.331221448269547 -0.00665526137529336
0.103030781784436 0.0163000757263783 -0.253138804508208 -0.0466750736619899
0.0821976570484858 -0.0371496196212032 -0.210942007409135 -0.0644408142476454
0.0329859699813794 -0.0618559715924311 -0.175222969548354 -0.0754936924252266
0.00441764292789636 -0.0601222890729879 -0.201110561789407 -0.0583858100771871
-0.0241316499038745 -0.0508357183101957 -0.202478824624286 -0.0215265031085095
-0.0381813130756256 -0.0457324045115117 -0.190883008701021 -0.0234273270863413
-0.0310881375183261 -0.0560457372057889 -0.155884110491023 -0.0806662243971719
-0.0269056173008306 -0.0585379227942772 -0.120109976051965 -0.143097249007762
-0.0166525483723079 -0.0677381677519861 -0.0310377229359046 -0.202638344978342
0.00699921216179317 -0.081492598775971 0.0729056448653848 -0.208599432866286
0.05237580092934 -0.0814236843319292 0.176145283310547 -0.106582447546101
0.114333368843431 -0.0393011401277607 0.139057157854839 0.0357890767193206
0.127387046063467 0.0293929146360594 -0.000312934175671963 0.062810657790396
0.0816847743354613 0.0716608871518971 -0.199026887035909 -0.0435895483012922
0.0161592369772234 -0.0597135687094921 0.243205437388572 0.0404279609046954
-0.0435668012351615 -0.0326814450038496 0.0556114346048417 -0.0912425789607583
-0.047126699228936 0.00771948368360658 -0.132304483474162 -0.0515049142421439
-0.0139506382704487 0.016086068514603 -0.211904095727471 0.0990054803209976
-0.0155429151304182 0.0016489337957275 -0.110252143370604 0.219571624023827
-0.0163491517432376 0.00500754313337297 0.0261170364730569 0.229672056608532
-0.0194438852260595 0.0130502164539324 0.123595458803166 0.18379792211829
-0.0331359403773771 0.0158729549073734 0.180891727711382 0.103778917587949
-0.0381768666405762 0.0125420203899702 0.199567180325428 0.0462577511417089
-0.0444306307489753 -0.0014898880380147 0.209222487542504 0.0199687831706486
-0.0342505651998461 -0.0257376883237505 0.214061722789485 0.0502069990674025
-0.0126549616688987 -0.035507446815174 0.200381440031127 0.0915792192158114
-0.0149207022941445 -0.0385475388777109 0.206505561246398 0.080473990956056
-0.00125968557471018 -0.0588787427973883 0.246770727632846 0.0731257238828565
0.0529840913148487 -0.0653222482142962 0.323558224421281 0.012764163877908
0.117714362432463 -0.0377163781279751 0.20275232339259 0.054199870445346
0.0454616645465789 -0.0365126203770216 0.0400100268813758 -0.0798493459091171
0.022433501268621 -0.0188317046424828 -0.147615334533193 -0.0536197134560936
0.0237890146854414 -0.0337874792979571 -0.221941578884159 0.0883751263615152
-0.0128182643865189 -0.0588733478996854 -0.130391537541364 0.206192796265608
-0.0445361208452732 -0.0493923495148098 0.00189025744176344 0.229327103713227
-0.0674445653545003 -0.0312325789246329 0.0989684851875426 0.185954668786314
-0.0957628705516086 -0.0231928061623609 0.156440972069552 0.103304756655191
-0.104861682381746 -0.0274201463640069 0.172359329148897 0.0387291360127852
-0.113886569114408 -0.0521557523944179 0.182618867912881 -0.00314937230806516
-0.0905487032855858 -0.102933647282939 0.19848648449862 0.00688773404887732
-0.0207049712200507 -0.135438056545945 0.208429611741705 0.057135054115664
0.0409084226244338 -0.133595174492038 0.215516207635658 0.069357524335421
0.101066993834439 -0.117254380026333 0.223956815784559 0.0704393582473705
0.169953171913961 -0.078089853074728 0.278267961516978 0.0163957140894415
0.207163828929993 -0.00935745679901639 0.12756048798639 0.0485304055836424
0.140698323635814 -0.034431340666761 0.0032873378713412 -0.0890879517346103
0.104081852153186 -0.0507246944539299 -0.178827174620675 -0.0657392089289797
0.0646936939839165 -0.093585151370694 -0.235104009768731 0.07591505927489
-0.00975116136990158 -0.123216065069869 -0.146886695942984 0.184729218441834
-0.0712338381952675 -0.101579692485551 -0.0241230721999387 0.210409057186112
-0.108526102549273 -0.071947216318167 0.0609238096787352 0.169576818666912
-0.144660650627521 -0.0584471517507199 0.11044457420734 0.0881205068655144
-0.155353717139185 -0.0602819362145479 0.120094028246635 0.0216754237782837
-0.168989915808536 -0.0890702366405988 0.133145055318605 -0.0354467768196572
-0.142441089440012 -0.156921367489611 0.162328102898662 -0.0478510912640422
-0.0437423303116173 -0.211271323506621 0.208940708515356 0.00710943041094853
0.0709988292997687 -0.216629938456474 0.223445915071039 0.0550237653339491
0.178004781493427 -0.169911321613743 0.195682203854235 0.0787530160592461
0.259334288404645 -0.0849734293021364 0.199157270067489 0.0252164802405552
0.270652425293036 0.015043646698656 0.0225941869815142 0.0319293244835442
0.224482076123086 -0.0368999686790452 -0.0544980633307851 -0.102660237676393
0.179801699363262 -0.0919673132164503 -0.213887392616389 -0.0791608938412524
0.0941562208232512 -0.158904598448331 -0.243493180113708 0.0550951131863854
-0.0145744943066009 -0.181066918898069 -0.159880346867452 0.146309914874393
-0.0950357473332306 -0.141615860878621 -0.0558781541098734 0.172749512595773
-0.138648227749364 -0.0998926293646459 0.011327614067793 0.136381996420357
-0.171685584115695 -0.0858257011561868 0.0482140937378921 0.0614986012191793
-0.180014569496628 -0.0867358761166324 0.0524105211183444 -0.00392318309126403
-0.196241492508225 -0.113736709571288 0.070937296125849 -0.0685576325322075
-0.16947886094039 -0.187431656671094 0.11269211837922 -0.0992137067425961
-0.0551634598257663 -0.253212847296398 0.197319880984206 -0.0427156976902072
0.0914827560457631 -0.262581175030311 0.223042621616578 0.0444189632805403
0.228631061684677 -0.193607091901994 0.159302839695948 0.0951188042233392
0.309146962597608 -0.0747674875916612 0.0992199421010171 0.0366217582247415
0.292191517022074 0.0304330970681951 -0.0996366290610043 0.0145033487355785
0.270249983726334 -0.0405167309263325 -0.129166884862774 -0.102672331912721
0.222094972885714 -0.125713216127912 -0.240778860187407 -0.0810836057254531
0.10154215517287 -0.204132667823787 -0.236482001581465 0.0247817989636903
-0.0240137557617168 -0.211534413507535 -0.172942621734528 0.0902978266566677
-0.110383227945857 -0.157827799208496 -0.0961503661166026 0.118680247099478
-0.149860886167786 -0.110824526367142 -0.0493465867838439 0.0930320342162456
-0.173040947463315 -0.0998919526605925 -0.0211002760566457 0.0265936106268222
-0.174483364712566 -0.102075197504705 -0.0182474320623613 -0.0344711444922826
-0.185191826973349 -0.127810010561966 0.0100164386398963 -0.103764306014166
-0.15359046662459 -0.195438142829594 0.0669529525944694 -0.143838371847685
-0.0369301628730862 -0.254578273771014 0.181180513660532 -0.0821823935640468
0.116582266188566 -0.254750542147008 0.211392473287396 0.0396824374666344
0.252622127419313 -0.171014503571554 0.115143992145839 0.110906116271626
0.312622604421223 -0.0422685928930917 -0.00848422945410851 0.0417296377391378
0.262274583107539 0.0367776422885531 -0.216082330240393 0.00591097670451868
0.260491526135528 -0.0372075533213436 -0.199610300063281 -0.0849737437024931
0.212938235671217 -0.129811038171025 -0.247916621352942 -0.0718786842701755
0.0880552613290525 -0.201193882753507 -0.216770047956336 -0.012735297539822
-0.02897283101539 -0.199310400464127 -0.185744127680238 0.026188167381666
-0.104930506500259 -0.144567964469764 -0.141719792530079 0.0604371863427212
-0.137154206969787 -0.102440688211229 -0.11169727759953 0.0487585362743382
-0.146779090318243 -0.0999334650816031 -0.0866205734447184 -0.0121286213137943
-0.141247406962224 -0.104836035376639 -0.0774680838966208 -0.0702756248678031
-0.140107961484544 -0.128859855957108 -0.0321285991358232 -0.140918038358929
-0.101077336899335 -0.180854503550421 0.041527040784415 -0.17929643713114
0.00545468623627112 -0.218272209694814 0.169984392979971 -0.106655146122853
0.142451787957464 -0.196664392067314 0.189996647194974 0.0399482548002423
0.245918224775182 -0.108331211502726 0.0675835723191677 0.112131528879494
0.270023573320771 0.00488302498054264 -0.105244859351345 0.0316150042586217
0.185720666003256 0.0408668870395765 -0.301692391372296 0.00522838930667682
0.199014713759094 -0.0201260250624245 -0.246513365294865 -0.059459567440741
0.159236235595097 -0.0995415589762403 -0.237135487140824 -0.0621698131325994
0.0589966001706414 -0.14966478833671 -0.194385642544387 -0.0484372441325714
-0.0212489532708286 -0.143676973399062 -0.198149808229272 -0.0263241414947478
-0.0759129643848848 -0.104448648138418 -0.183173816923806 0.0133184698074015
-0.0983951807202192 -0.0777141625708035 -0.164937803565221 0.0105630691186784
-0.0981298621774873 -0.0850248873302769 -0.137785987042155 -0.0464327905948941
-0.0894775654403578 -0.0908378295763092 -0.116580518558815 -0.107934214495341
-0.0782351359380883 -0.109479159015057 -0.0475485746009406 -0.177401868874911
-0.0398408652728128 -0.140958849602805 0.0443536777680058 -0.204551979512431
0.0431041853317415 -0.154227802562498 0.169276384768276 -0.117551146363881
0.146873992207593 -0.114904293363086 0.164851164410573 0.0381944469499855
0.203954999348444 -0.0319324783285269 0.0256626900221368 0.093210246281459
0.190741908568349 0.0487529545496316 -0.174408496523958 0.00252020358132072
0.0780438697227507 0.0472143246600628 -0.341256616788489 0.00831159582520567
0.105774319271961 0.0112867425202681 -0.261628095659291 -0.0381377306723017
0.083600374234648 -0.0413817562522117 -0.219291216776838 -0.0580684118227545
0.0305023890463954 -0.0653614802023808 -0.183639927944054 -0.0713383148466353
0.00105196695413076 -0.0620045242367118 -0.208776152787144 -0.0518573750679651
-0.0259837254064636 -0.049558382919781 -0.20948224394262 -0.012543624291326
-0.0415518217384422 -0.0435157560239279 -0.196782158862542 -0.0133195829082382
-0.0354970711977117 -0.05683813252963 -0.165167317993584 -0.073326363892522
-0.0302282545761903 -0.0588979727715043 -0.130443092161585 -0.138346652991409
-0.0206282291099192 -0.0684218216744149 -0.0405671795942078 -0.205801689021852
0.0031975827683797 -0.0832774916409955 0.0648511840024664 -0.21519764269054
0.049740403928459 -0.0844311397739644 0.176319564394331 -0.115987270133866
0.115801263707252 -0.0445764439665231 0.145713035673067 0.0308152765705968
0.131227852220054 0.0247650221927507 0.00220325751672058 0.064642982665299
0.0867657859924977 0.0703777617977617 -0.205806080379265 -0.0346621493567032
0.0114427142253551 -0.0601766575162454 0.244127151847889 0.0207032704419797
-0.045771803341083 -0.0291216047785242 0.0493508325488219 -0.0968496092615486
-0.0467638110141869 0.0105774094776699 -0.135218788352007 -0.0440651526453339
-0.012609925213285 0.0170225365620874 -0.204108224341504 0.111626670321792
-0.0157892140542816 0.00382858055952327 -0.0956393555763116 0.224902653307131
-0.0161916991441805 0.00589090268818463 0.0409789772768121 0.223567096244282
-0.0181743441753526 0.0139035978222174 0.136585269682149 0.171721030507303
-0.0319087048867199 0.0176532172180291 0.189120159573362 0.0884393326808217
-0.0371118875581479 0.0156893793391407 0.20346640500253 0.030780457662536
-0.0439856363168092 0.00236726076989724 0.210907417259025 0.00453828021604603
-0.0372618425114434 -0.0233196837961725 0.217266875140309 0.0356112233910202
-0.0149134752405042 -0.0345529844428598 0.206609701382074 0.077527721568402
-0.0173986163473961 -0.0377526589332991 0.210956139053561 0.0669364701007447
-0.00412329893337617 -0.0579235439157548 0.250694462501843 0.0581352822942834
0.0488457485264272 -0.069184231868923 0.324460328721991 -0.00866804658124786
0.113715313713877 -0.04620862768061 0.205518836004809 0.0377549035385199
0.042182652894621 -0.0392586246275088 0.0351777479409702 -0.0857623858122761
0.0206497343700462 -0.0200425891278305 -0.151573063264967 -0.0452437883095987
0.0215371645687393 -0.0349508031833316 -0.214823376941272 0.102434876330831
-0.0171586095793012 -0.0571924465138876 -0.116389383887792 0.212945464578612
-0.0482711968164619 -0.0452827411250936 0.0175137412765773 0.224903618104342
-0.0686437420439309 -0.0262362346768835 0.111801385340974 0.175525246418908
-0.0974321359423092 -0.0160531651827109 0.165308229471307 0.0899032953917058
-0.106379930694682 -0.0189971526772317 0.175478089839599 0.025304613644368
-0.116838976331822 -0.0428406013822083 0.182854960827828 -0.0161430822614591
-0.0978960526030317 -0.0960123804305695 0.198937492339053 -0.00544737907816067
-0.0305158370459876 -0.133326304392645 0.212423630123817 0.0433590941431495
0.031409419143221 -0.13567194119167 0.218942777982845 0.0545912039907694
0.0932985135415284 -0.123307106074525 0.227777400038017 0.0560440553264742
0.164922938849135 -0.0901063498903562 0.278844518531086 -0.00279214606525823
0.204664862380761 -0.0239837782945261 0.130206972857738 0.0370877297107595
0.137398995592984 -0.0439513092007174 -0.00087646594743668 -0.092978391989541
0.100290075738335 -0.0572172624442113 -0.183118084001238 -0.0555409828196401
0.0570755688974857 -0.0977085211461015 -0.229504489378732 0.0906475005494292
-0.0192565748034359 -0.120307054845568 -0.134217814231209 0.193087187642769
-0.0774747571821476 -0.0950451608872695 -0.00960509035742188 0.208799618607389
-0.112827575288491 -0.0628391995442292 0.0735615099369669 0.162372499428307
-0.148816585408453 -0.0470886427327366 0.11769394982417 0.0787009001369091
-0.159574249122742 -0.0478257971234861 0.122531731039449 0.0118506016457047
-0.175196773002765 -0.0746555081720993 0.131774610710078 -0.0446855147081616
-0.15444717868352 -0.145096149885338 0.158310579111827 -0.0565575077990623
-0.0590954716290488 -0.207576893476414 0.209525661479443 -0.00586647004249815
0.0562179992951746 -0.220467937363531 0.226340202494559 0.0386986608454623
0.166125533345343 -0.181134467523279 0.200278632519309 0.0646774037681924
0.253374102864016 -0.103481680531297 0.200543556739888 0.00997150483096675
0.269261770543264 -0.00353855657576667 0.0247138373474755 0.027583093363297
0.21983913101494 -0.052073656282542 -0.0593953200541568 -0.102517018874893
0.173177577612584 -0.103699713526846 -0.219352915055006 -0.0657654643176666
0.0821242313743055 -0.164314012903047 -0.239433619000426 0.0701196316405668
-0.028221847285301 -0.177303017388153 -0.149990093319207 0.155414531521872
-0.104602553807106 -0.132382351947864 -0.0437360023249148 0.174084894735894
-0.144913447082151 -0.0890062022859438 0.020623640183566 0.133063931196868
-0.178462880469641 -0.0712931849182176 0.0534659617006782 0.0570961292714748
-0.18627210915684 -0.0718806356493574 0.0529266956201027 -0.00727608745426853
-0.203743374620864 -0.0968350985614619 0.0672367444502658 -0.0728218339898662
-0.182520558359652 -0.172124174105827 0.105968717895797 -0.104144057598236
-0.0744947920073284 -0.24680556864645 0.194617197829634 -0.055131341574932
0.0737905178729373 -0.267560176300519 0.226420104227161 0.0271630312867359
0.214628002677005 -0.208358002809886 0.165453944163698 0.0834077282721317
0.303426340749475 -0.0970028893359237 0.101091084375474 0.0281095230495074
0.291620463174128 0.0107164307675459 -0.097511084607281 0.019500590928356
0.264535969160117 -0.0591921309638634 -0.133575363411772 -0.0972023733919118
0.212098495737189 -0.139393933067203 -0.245631514987725 -0.06502546365323
0.0867276389312092 -0.209259719589236 -0.234329354238562 0.0389804519632051
-0.0401392907214586 -0.207643622804365 -0.16610832810923 0.10036161433752
-0.120583040255157 -0.147526673570901 -0.0873408674561855 0.122893352124118
-0.156561956508186 -0.0979672982302712 -0.0420651769737889 0.0949241217586204
-0.180694208127387 -0.0853176737376001 -0.0185792191601037 0.0280443502706862
-0.181838652549836 -0.087757969995744 -0.0199098184201053 -0.0324594483578155
-0.193843724979832 -0.111357649332923 0.00413846202796605 -0.103575746293456
-0.167516351299846 -0.181641273693582 0.0570292387460455 -0.14455396670698
-0.0566176471449777 -0.249516659455271 0.175554160636002 -0.0935458214886711
0.0989604282783462 -0.261626972528044 0.214591267393698 0.0232510039654718
0.239164390902276 -0.187502927890961 0.122616181199767 0.100976461663555
0.308764315804859 -0.064979513471215 -0.00631798749086472 0.0416543039291214
0.262700936869427 0.0186695057994907 -0.214146543223008 0.0191995402268657
0.255509908784259 -0.0547988166590258 -0.202915286399866 -0.0739871909517504
0.20337802205105 -0.143374037879122 -0.252231962561215 -0.0560419175468041
0.0718671025096175 -0.206191221178525 -0.21689193461327 -6.09462802481352E-05
-0.0441958389293048 -0.19567752154611 -0.183446852006231 0.0377222376482966
-0.113751156214096 -0.135027077114344 -0.136650732846869 0.0693523289257635
-0.143170704398549 -0.090385221345315 -0.107337083258119 0.0563356182256824
-0.154653257601238 -0.0876517333028895 -0.0872841272236399 -0.00410124931262203
-0.148478145648174 -0.0937040835241055 -0.081931951467595 -0.0631871940577514
-0.14909182004076 -0.115538985981829 -0.0407675255219254 -0.137790267278023
-0.114235004751099 -0.169894302302546 0.0292641936715008 -0.17859021863416
-0.0109817364993759 -0.216181273706659 0.162855127635335 -0.117772432025913
0.128682700535961 -0.204908594897378 0.193822975948397 0.0254705500497761
0.236539721974221 -0.124696992583994 0.0749119110114698 0.105725593941769
0.26955291497243 -0.0138329379460528 -0.103030525105344 0.0380589651611741
0.186749712654356 0.0275133154319445 -0.300053048432241 0.0250210233708155
0.195841069152096 -0.0335945402203716 -0.248808469734134 -0.0443091713678422
0.152510953103663 -0.109525387085534 -0.239981477611684 -0.0464782894688122
0.0476280300797652 -0.152387319161067 -0.19717369323939 -0.0361661186713016
-0.0325625137796126 -0.140671504727415 -0.199078999729839 -0.0136101113717691
-0.0812762387035943 -0.0971575966449824 -0.181478388026109 0.0261952296417522
-0.102991517550792 -0.0684043385439801 -0.163248360021583 0.0230698884016131
-0.105278901631611 -0.0776295923044537 -0.141167446748009 -0.0344932073763533
-0.0957307742125261 -0.0839088568704702 -0.123148268066466 -0.0962270255442848
-0.0862495030061592 -0.101102228239059 -0.0597191875776681 -0.171950437101621
-0.0505326570997072 -0.135429167794746 0.0293325399285039 -0.203569223786607
0.0311943879146672 -0.155286607981021 0.161541280394196 -0.127893166710985
0.138664581785517 -0.124166603718661 0.169017777485069 0.025957617781576
0.19994603576027 -0.0457058817935429 0.0319149769469561 0.0906070836916194
0.193314889961071 0.0348177570886947 -0.172935043934994 0.0146021665639303
0.0800697546361008 0.0411579323344764 -0.339041239587305 0.0319009938045216
0.10521528486356 0.00358780905325592 -0.262053262127854 -0.0204706192611432
0.0799791037194776 -0.0464169335963359 -0.222259047409742 -0.0436655210441942
0.0253578551000825 -0.0663616342367646 -0.187948868969572 -0.0597832571915984
-0.00378288362425476 -0.062022493756705 -0.211635260558538 -0.0375335248972563
-0.0283142255310674 -0.0459715956197891 -0.20965409198428 0.00289804831996935
-0.0435584240737063 -0.0395042096717845 -0.197519901941942 0.00201675768736542
-0.0399647811635808 -0.0540575324649025 -0.170917196888472 -0.058911605981331
-0.0339411143690597 -0.0566442035345976 -0.139492304278037 -0.126347337828038
-0.0255781574938458 -0.0656378713932254 -0.0556817299457248 -0.199338989625442
-0.00308135501538191 -0.0817679144927477 0.0495064476893378 -0.216541876488572
0.0427786941329274 -0.0871827025464542 0.167723048080463 -0.126676990200446
0.113242303924031 -0.0524926847699737 0.149168556511094 0.0214846034932758
0.132328950533034 0.0158645383338715 0.00627277431207714 0.0633557637520954
0.0917142616367514 0.0640064303353098 -0.207031335797953 -0.0193304704476385
0.00636787598639657 -0.0583483761264529 0.233552112768795 0.00275471438625998
-0.0454410245359119 -0.0251872793338761 0.0414696278643298 -0.097977640699044
-0.0443064585199999 0.0128301169525412 -0.132160423743447 -0.0357508318536299
-0.0109592981683202 0.0166395672459189 -0.189223274708374 0.1185803534129
-0.0153850571991615 0.00492265734917606 -0.0793330693821804 0.220415375373747
-0.0158266932687424 0.007272764833718 0.0512118300926188 0.208887417282105
-0.0170486099251143 0.01367899596575 0.140753853842915 0.154332821543374
-0.029303590725423 0.0189355007036222 0.187787761484811 0.0705452298702044
-0.0341817853419186 0.0184125774672668 0.198099610963754 0.0160461008071981
-0.0419264609253436 0.0049286333481708 0.203018890397564 -0.00828837812471143
-0.0376024283500042 -0.0197465096328402 0.211324543965037 0.0218253675221475
-0.0167924812261042 -0.0321991154933306 0.202850973716196 0.0628198882104437
-0.0186932312269132 -0.0346035551484697 0.204816372848441 0.0530644108593829
-0.00620784531977179 -0.054728204773086 0.243432942144576 0.0424726808404215
0.0430209349284658 -0.0696504553353754 0.31051081735824 -0.0269874403898942
0.105026169945767 -0.0500330479478807 0.198577837269582 0.0207173926878923
0.0379847411564608 -0.0391673695964784 0.0291935591463575 -0.0874141977662093
0.0188250010859467 -0.0199651912925345 -0.147400799328648 -0.0357832405023795
0.0182720584299607 -0.0345677814515865 -0.200367221716085 0.109570063881367
-0.020135569216208 -0.052247380028439 -0.0998971499656473 0.210119535935921
-0.0494565653574713 -0.0397376315450451 0.029190282982153 0.211547324337412
-0.0677044473963084 -0.0207596661183802 0.117409200857349 0.159066798553079
-0.0941554202658127 -0.00861870787844024 0.165165024241746 0.0740051713223587
-0.102863484890364 -0.0106291889420873 0.170824329081952 0.0115886372832363
-0.114320657924533 -0.032907019749395 0.175478156986256 -0.0272487870977194
-0.100539277398613 -0.0849459418556942 0.191068671580555 -0.0162471241388247
-0.0375210777216044 -0.124928477571261 0.206760708962486 0.0293233548840702
0.0227147872491718 -0.131697491123595 0.212823833583634 0.0397990716259384
0.0829444685330269 -0.122723236238424 0.221339299272917 0.0414658517824994
0.153048932346754 -0.0968726171961687 0.266753718086367 -0.0194608946204891
0.193484438381975 -0.0342624216679994 0.126910623117463 0.0249027468918319
0.127838451757405 -0.0494721100890329 -0.0053048340124302 -0.0926437726449476
0.092675628076213 -0.0598704903550684 -0.178823938791868 -0.0445716352521855
0.0484415610070856 -0.0959501444397038 -0.215391110893693 0.0985206819918494
-0.0260053472153532 -0.112483720382796 -0.117731968441833 0.191298727586862
-0.0800178605936533 -0.0848758372149474 0.00278189328535774 0.1978857815674
-0.112012793788688 -0.0530243068117855 0.0796685348746077 0.148596181728967
-0.145735408052181 -0.034546070385958 0.119088646392135 0.0665846691406658
-0.155661628519362 -0.0353484595612579 0.119464427742456 0.00305235123376004
-0.172696949614681 -0.0582524676474376 0.124825619451279 -0.0513340521342027
-0.15733032659671 -0.128094674168952 0.14945382235558 -0.0623775827482568
-0.0696225606569456 -0.194387073953935 0.200328424532393 -0.0171819366470132
0.0404350143650933 -0.213976844104224 0.219125248925736 0.0226642796423239
0.148719001186256 -0.183084210187331 0.19503912688554 0.0509165788525462
0.236946446877013 -0.116021133380241 0.192144014666357 -0.00293311708339275
0.256085773132152 -0.0194322818638279 0.0256975707785416 0.0219728023048533
0.205840803471631 -0.0627166664346515 -0.0614913354906613 -0.0984694897541829
0.159789219720699 -0.108961633968865 -0.214285921228853 -0.0514240514564658
0.0683588704454591 -0.161409745946021 -0.225171061732468 0.0799925403138951
-0.0384893514662165 -0.166567950717663 -0.134770256611255 0.156054344575089
-0.107163991288458 -0.119345804894723 -0.0319724501706871 0.167002487156681
-0.143576686003511 -0.075355645168024 0.0282004079898279 0.124637150703073
-0.175866988807822 -0.056449409211515 0.0559746360862391 0.0502977784497422
-0.183039476280323 -0.0561404726843961 0.0506646882001209 -0.0107758631471337
-0.201079518809802 -0.0769802683039767 0.061115580285312 -0.0749514277163796
-0.186060594157885 -0.151724979765302 0.0960227501508697 -0.103807769413808
-0.0864517609408669 -0.230622990312633 0.183715716985639 -0.0637136763517391
0.054733425908216 -0.26007481720444 0.217441835821955 0.0105627517906376
0.191766258931578 -0.21242032684052 0.162513504896742 0.0698717398099993
0.284741884767079 -0.111904848342914 0.0975366964586288 0.0202881112333099
0.278771192969915 -0.0070200463474952 -0.0912764289957305 0.0222682407893585
0.249309332277653 -0.0724802950662857 -0.131448993156597 -0.0890641446010953
0.195169124227083 -0.145816857115306 -0.238407144352425 -0.0486175685727364
0.0693034382858035 -0.204046815291994 -0.222683547133595 0.0495114022857558
-0.0518527335965786 -0.194816341996962 -0.153896345386044 0.104058049750116
-0.1232928677201 -0.132916714901485 -0.076735703796453 0.121852313956545
-0.154780191853268 -0.0833740220978754 -0.0341951832828835 0.0928507416186789
-0.178759607386776 -0.0695356830436181 -0.0153345365813773 0.0282338596882751
-0.179760960303802 -0.0717063408265108 -0.0203748963387995 -0.0297540730479163
-0.191668470791229 -0.0912733395959394 -0.00141289598227298 -0.0989445939002565
-0.172066046252191 -0.161024868371935 0.0472128531338536 -0.138758250046788
-0.0699424591860728 -0.233848283758009 0.163259367419598 -0.0997781796575441
0.0789814299326201 -0.256105230237947 0.207548944644839 0.0083218164262471
0.217683180414701 -0.193354051345693 0.122488990727717 0.0881397688686881
0.29120441794222 -0.0823170809782277 -0.00447957207685394 0.0390140482712785
0.251787557112503 0.00197055544398532 -0.203351984313502 0.0298885590692429
0.240273187202754 -0.0677473585977763 -0.196769030611841 -0.0620938020694105
0.187156905328555 -0.149109638650901 -0.244320802371177 -0.0398577414238291
0.0557085050545514 -0.200169557207894 -0.207865139069907 0.0109125831369816
-0.0549493013442757 -0.182908981061455 -0.174032347718695 0.0453343498266371
-0.115993597798354 -0.121110605246153 -0.126974912326364 0.074154527803378
-0.141457739896607 -0.0760542867230488 -0.0989739884989556 0.0604642214918847
-0.154284592932219 -0.0737962957685707 -0.0836840132041636 0.00246166279756301
-0.148537260710153 -0.0796508645310854 -0.081672832585293 -0.054125989041394
-0.149118884338159 -0.0981208549125426 -0.0462496404983212 -0.128217149179575
-0.120427101189065 -0.153529369167227 0.0179699080493943 -0.169948201012033
-0.0242162810048591 -0.205042366611416 0.149497898709777 -0.121342822232634
0.111870636702268 -0.203577498400221 0.188163111506761 0.0112502826342158
0.217946442098305 -0.132751874426342 0.0771524286763504 0.0955792001129823
0.257021621169381 -0.030818013347824 -0.0963369944185354 0.0425482797516564
0.179867471447862 0.0151682976700092 -0.285767222167834 0.0409585890020337
0.18418019666474 -0.0442371460498061 -0.239424767078943 -0.0301518423931123
0.139307821272583 -0.113404551403704 -0.232408783050688 -0.0303260225360357
0.0352920265157415 -0.147749295264736 -0.191011932841753 -0.0253670503614855
-0.0408915850773083 -0.13199122947366 -0.191462125322219 -0.00302400446254931
-0.0828228858997622 -0.087652513779359 -0.171960548335355 0.0358777811124127
-0.102020803013823 -0.0584965799066873 -0.154670272069286 0.0329356344107548
-0.10701172149847 -0.0664634796516507 -0.137240703697831 -0.0221218536251705
-0.0969400004549587 -0.0741026470479842 -0.123312164234095 -0.083310003714633
-0.0882837797716157 -0.0898263596049611 -0.067439858633903 -0.159188296338007
-0.0565604176312773 -0.12490077053751 0.0165644837408613 -0.193949751058918
0.019881479133836 -0.149630395283332 0.147990237731253 -0.131236417122833
0.126168349248731 -0.127459925754372 0.164982292691736 0.01383922601086
0.188723487268976 -0.0551167627505392 0.0357415856902397 0.0834326116484212
0.187020657516385 0.0209541499959087 -0.16407233847355 0.0253786639999044
0.0784742096656586 0.0347001917261195 -0.323467659730708 0.0506316718978904
0.0999681163788992 -0.0031383501293358 -0.251678594605166 -0.00513706599964011
0.0748974673268678 -0.0484886711639433 -0.214924630117387 -0.0296983186288055
0.0199132604137216 -0.0635669513951849 -0.183849011393605 -0.0482539881776645
-0.00784079126082777 -0.0583092232411931 -0.204909074265193 -0.0247160931552527
-0.0290529030376312 -0.0424640120016392 -0.200906907974892 0.0153668542828489
-0.0427171518797121 -0.0339103844445146 -0.188513355227091 0.0157550077808362
-0.0427934380524929 -0.0497228344761112 -0.168382693420357 -0.0431770030537369
-0.0356823812663053 -0.0529950187374592 -0.140710392754789 -0.109510337460074
-0.0282843422550321 -0.060542533540343 -0.064989615454208 -0.185988442257951
-0.00773926325783916 -0.077424835356113 0.034113845462281 -0.207362403437151
0.0351202357916324 -0.0849799050241384 0.153170317244631 -0.129889211822139
0.105827877431888 -0.0566297697384642 0.145885737914433 0.0116664730687142
0.127051971379847 0.00788390818639206 0.00976118062346378 0.0599700339950104
0.0908318527418524 0.0557320333195536 -0.197243967218453 -0.0043074137257475
0.0120736454115621 -0.0521210900733439 0.217815285379264 0.0216494451840767
-0.0384503267036157 -0.0277401455791527 0.0474173664037218 -0.0917341636779018
-0.04181335457383 0.00627416358966675 -0.120375072920834 -0.0505601337863414
-0.012661265040969 0.0131642161677511 -0.18545326253616 0.0868388079086582
-0.0154542048595197 0.00286349630990216 -0.0958505722861128 0.191967576366484
-0.017248110118882 0.00372801187176277 0.0245741996748089 0.195663380571573
-0.0171906094675121 0.00947692229534789 0.115637292274287 0.154898478483455
-0.0298567258565841 0.0144023032515024 0.169636675543953 0.0838513296833999
-0.0348219711461255 0.0125065043458079 0.186996750109646 0.0346900789256005
-0.0404596360044423 -0.000750177782721669 0.193944599905877 0.0143742406897231
-0.0346474512406912 -0.0241538735339883 0.199288950106309 0.0455469854285706
-0.0147170787200579 -0.0344474041170844 0.188259980788634 0.0837782528872552
-0.015024593728569 -0.0377916955518278 0.188184558677616 0.0756893188185626
-0.000641476294160569 -0.0537289443890033 0.22796281909183 0.0709772614238911
0.0468639905318871 -0.0630058196532198 0.302953030621846 0.0119237802022398
0.100524403073805 -0.0337278635982419 0.185440716425962 0.0411696059664449
0.0396174611024466 -0.0307569740076833 0.0384449043566401 -0.0805030301013058
0.0198669446859432 -0.0157611809280899 -0.131285331258039 -0.0495059041354079
0.0210721270185843 -0.0301422880222284 -0.192964488057573 0.0792122651768259
-0.0120365588164421 -0.0507159412095189 -0.111736661926473 0.181552254382272
-0.0420451724774393 -0.043836897246864 0.00515709860786344 0.194952635391209
-0.0610978813470888 -0.0279690609306841 0.0949092320996636 0.157556797427954
-0.0882205932498309 -0.0181076987606776 0.147437376616365 0.0853391101923036
-0.096318104863373 -0.02188930979669 0.162205940688635 0.0299415765885214
-0.104878521256792 -0.0434879822240441 0.171206447708903 -0.00431283883701951
-0.0866478241965991 -0.0916682065286639 0.185665891661642 0.010745585402876
-0.0232694035271701 -0.124231599219944 0.196035349224251 0.0546055271739479
0.0337594180274006 -0.124962913690783 0.195015919236683 0.0654919380127955
0.0906723809763182 -0.108627653266088 0.203250014213646 0.0701130973404589
0.154767051511208 -0.0778290897814133 0.256168425117884 0.0167058062683012
0.179721720535043 -0.00882307143558361 0.121601766097476 0.0433257788721112
0.122204778325287 -0.0285534773880597 0.0107956779871471 -0.0862036802306451
0.0933389558632787 -0.0431745813412 -0.156178422463349 -0.0568061690680817
0.0571917088659791 -0.0820798371329041 -0.203038735053278 0.0685283570284521
-0.00942335482691737 -0.107153255328575 -0.124004354143984 0.162760049596582
-0.06430412866962 -0.0887914819444794 -0.0161750306723304 0.177844470390929
-0.0990008588082736 -0.062281222231245 0.0616669804889619 0.144515178645804
-0.134445740158655 -0.0482254687893358 0.104454201938782 0.0741979438924753
-0.143492576863774 -0.0503944875803127 0.11429516539864 0.0164421775719057
-0.155867833034157 -0.0730224917535229 0.127596629245513 -0.0317135992859379
-0.135615213075651 -0.137677572756002 0.153188707472029 -0.0343877751496051
-0.046124217347953 -0.19159401966268 0.196508915260795 0.0107792187447039
0.0589262889499872 -0.201321507257265 0.201478447933673 0.0525524573335762
0.159334921410694 -0.158662147087619 0.174062609692416 0.0780963772807473
0.236610270433512 -0.0873820544725464 0.178955165496224 0.0270781938993354
0.235427608713812 0.012033529862166 0.0302569467355186 0.0360653999314057
0.195692181174214 -0.0315888421086128 -0.0377630513121318 -0.0948718704168789
0.160933687102377 -0.0799659578876177 -0.183423846984247 -0.0648827319105312
0.0836901671232007 -0.140074266655571 -0.207940269279909 0.0509830671013424
-0.0136514489189249 -0.159190163455804 -0.13361262916789 0.1293670917471
-0.0851042829682566 -0.12401575369068 -0.0432769252399186 0.144617493738188
-0.125687214030231 -0.0859375373054036 0.0159112783148746 0.117659304856712
-0.160426980356384 -0.0717415494612753 0.0461016466232107 0.0536703725842571
-0.16727814883345 -0.0723842981693937 0.0518338072811814 -0.00223943621456965
-0.180098861718846 -0.0924741858808149 0.0708845926017003 -0.0589544036821404
-0.159687044318725 -0.162094579385467 0.108913657333053 -0.0781701552163272
-0.0591441653184516 -0.227155148809442 0.186345542152744 -0.0334174117638242
0.076631199955187 -0.242881817833397 0.201900703760348 0.0419117220491217
0.204006760630242 -0.181579265452834 0.139151996800885 0.0931128541251444
0.282269328247308 -0.0788207628023704 0.082534949611927 0.0397012262659326
0.254454767688582 0.0245324393687013 -0.0779876722426712 0.0263767867475616
0.235144109944178 -0.0355379018410495 -0.101880767390717 -0.0906635991166736
0.197899117749687 -0.109731643233803 -0.202440699702264 -0.0637071806488401
0.0902528720538218 -0.179314914141744 -0.200090465828346 0.0233937110797347
-0.0215171522718988 -0.186997451846798 -0.144049523421193 0.0787801198748548
-0.0973148711145845 -0.137948689667704 -0.0796787497647201 0.0982768875880381
-0.135531884082424 -0.094203167022896 -0.0386688894012636 0.0823626092968065
-0.162155461302278 -0.0842506191090573 -0.018502729432108 0.0259699091193138
-0.161591223871286 -0.0868892178939144 -0.0139014593350752 -0.0263176997304475
-0.169502956188443 -0.10474081525395 0.014283049650521 -0.088297412773983
-0.144444110781334 -0.168400897048344 0.0647195221872325 -0.116535770961508
-0.0430622612874659 -0.227554393994416 0.17003271158557 -0.070207131556097
0.0994177014408664 -0.235877341890889 0.191377061896932 0.0374820728533242
0.224227723259802 -0.160503132816655 0.0981737826862352 0.106453795504546
0.28579377391583 -0.0488144695873166 -0.0179043853444732 0.0464526588757781
0.228758324357445 0.0304112713299584 -0.182519055640502 0.0213020265505696
0.226712144157621 -0.0325646969590063 -0.165884357268172 -0.0718341691033464
0.190546850256134 -0.113854069804872 -0.208222296344582 -0.0553077839455453
0.0773862887137438 -0.176682090507544 -0.182701224604952 -0.0104989888402958
-0.0262901335732418 -0.176987030676193 -0.157121283939705 0.0222555503139229
-0.0910246121517844 -0.126503651167602 -0.121382815602093 0.049410468478132
-0.123157224303532 -0.0860573244362077 -0.096083520053979 0.0462073168130823
-0.139088236541911 -0.0852476650850815 -0.0797363460838461 -0.00450180840718861
-0.131385637296124 -0.090430354417467 -0.0699179995801635 -0.0560949458978873
-0.128627800353109 -0.106589156858235 -0.0269590899007236 -0.120229428183327
-0.0961062104098921 -0.154985213717544 0.0391828483414716 -0.149786861345504
-0.002720195139167 -0.194114812511959 0.158271325531028 -0.0934189825995106
0.125176474782349 -0.18358282115441 0.172802955654986 0.0362266330766396
0.219428396594368 -0.103295581747274 0.0535721453507179 0.105720900206808
0.248456829332468 -0.00219679189854796 -0.106424135315664 0.0372360509813301
0.161223123389931 0.0340691507204278 -0.26202912159126 0.0203021388300222
0.172352633262684 -0.0183317294821474 -0.211336303432435 -0.0460732359666588
0.142384150216632 -0.0864212331737297 -0.201310709573211 -0.0482634677389203
0.0523610345481109 -0.131275325492904 -0.165692520144958 -0.0434236951396261
-0.0199611200758075 -0.127172249766994 -0.169860218653729 -0.0239543233791454
-0.0640104479496281 -0.091058533060791 -0.160142512897277 0.0118243048412956
-0.0887499055825578 -0.0645879692167727 -0.145595287167328 0.0160074488806149
-0.0941651553651184 -0.0738952429452938 -0.127669985518563 -0.0334528560895583
-0.08310885882955 -0.0797280807738347 -0.106568179817193 -0.0875875659276827
-0.0724013996392955 -0.0915384246466783 -0.0450419894460099 -0.152019537140635
-0.0396773671798409 -0.121272581451422 0.0382380048786634 -0.174799358596496
0.0330018998608044 -0.137317393377775 0.154721688679274 -0.103046030204879
0.13073529199726 -0.10920158008174 0.151567787949241 0.0346895493667587
0.183389717470183 -0.0325700699623276 0.0156131090257933 0.0864960973009404
0.176259149994323 0.0398589877856815 -0.16784423091171 0.0105569670691813
0.0671060669412534 0.0401084745203762 -0.3022408264605 0.0204554271189484
0.091027535586725 0.00901012581093427 -0.229218359565679 -0.0264855700109368
0.0752943820560671 -0.0350517851673998 -0.189822919946328 -0.0471221705524211
0.0270874626033363 -0.0561826530250194 -0.160200492903217 -0.0635884967912456
-9.07524042031635E-06 -0.0554980086931636 -0.182789907509489 -0.0446718256698264
-0.0190783267748116 -0.0432199912234841 -0.186182617488385 -0.00721448088563455
-0.0355022885742852 -0.0353393015009044 -0.176916417558752 -0.00307624405721665
-0.03633094516102 -0.0511302260620891 -0.154224209069508 -0.0564467181195999
-0.0280074228336397 -0.0528526531302085 -0.121490196643064 -0.115867597298221
-0.0194640700524001 -0.0580238957803309 -0.0412603966947254 -0.178392941453028
1.27391285785093E-05 -0.0717070763872453 0.054665908126584 -0.188406952719136
0.040132260799218 -0.074507509718356 0.159673153046877 -0.104040176133013
0.104553381783618 -0.044798157502485 0.134619845543582 0.0279312165662055
0.118978208959754 0.0208585230950257 -0.00411148711041364 0.0579870146180892
0.0815101014062736 0.0636238890913016 -0.193106456457208 -0.0245208311497197
0.0120808436552314 -0.050045978783068 0.207266099987887 0.0220718103546295
-0.0357599855692237 -0.0268973784373795 0.0459481193983046 -0.0894033537345099
-0.0398252521393936 0.00598613918840491 -0.115185256790984 -0.0523234627392332
-0.0121742940582635 0.0123988267275505 -0.179691027189018 0.0800084617053862
-0.0151354321093721 0.00240982970054218 -0.0953895863275164 0.182122157818139
-0.0173916659876749 0.00379276343277093 0.0195097999544068 0.186318085338796
-0.0173439528814651 0.0080534767710518 0.108966135526394 0.147784630209089
-0.0293962839083945 0.0136832929713667 0.163273610922854 0.0802090789106521
-0.0330186551478502 0.0118240000524725 0.179789555501434 0.0340419073016542
-0.0393711502821794 -0.00104894205127459 0.18604052614034 0.0154364342267673
-0.0335334415525714 -0.023634896990496 0.191420603924761 0.0461829730910972
-0.0132894110119772 -0.0337745771425371 0.179864378986634 0.0839710301892417
-0.0138201126571865 -0.03685874574845 0.17857517143573 0.0768175109833923
0.00128889672165022 -0.0520240056272574 0.217790821302397 0.0732802550023893
0.0459121226980046 -0.060516454398738 0.291316746829455 0.0156589886194326
0.0967758690902949 -0.0307953130058878 0.17739964298992 0.0397070896043721
0.0385142599489182 -0.0283069264007765 0.0378330874471282 -0.0793473964362034
0.0198849329234279 -0.0143436839450838 -0.125057424440857 -0.0508705934692496
0.0205204019091766 -0.0281660268864904 -0.186614030360336 0.0723263774722423
-0.0112605776400011 -0.0487424474631036 -0.110046601133109 0.171541959308112
-0.0399302267851887 -0.0420143184932642 0.00158278073087556 0.18468899679008
-0.0586826625849657 -0.0279325292264453 0.0890159131665209 0.150774290153218
-0.0852456878974693 -0.0180481725264923 0.141781080485757 0.0808125459106454
-0.0920850891989148 -0.0214736705559132 0.156586439561626 0.029436003312136
-0.0999227387522959 -0.0417680557961295 0.16509985496624 -0.00316159988925053
-0.082878401366306 -0.0879524248041713 0.179288266981805 0.013222887254402
-0.0212252112167793 -0.119167125103159 0.188129153906422 0.0560289538940258
0.0339283388965577 -0.119544255577031 0.185051855335992 0.0668503475827144
0.0895287267902956 -0.103575196857208 0.194236551526036 0.0717262306663708
0.149446714362733 -0.0731145706124259 0.246368699736015 0.0187570657674079
0.171756938185888 -0.00603873242483786 0.115780750260227 0.0413803230336829
0.117309840700813 -0.0250666829082436 0.0122269679432797 -0.085717593661892
0.0908101521864267 -0.0402222619786069 -0.148699787804064 -0.0583878655501895
0.0556886242383731 -0.0778731362478314 -0.196052436368264 0.0617985406729184
-0.00793545004453105 -0.101970693915747 -0.121609887747162 0.153092240591382
-0.0607738254908763 -0.0849629930878254 -0.0183428932509022 0.168417179506956
-0.0942001116900207 -0.0611301746365903 0.0569908190411963 0.137560739439807
-0.128943096780372 -0.0469287612110611 0.100601221880549 0.0704119175374862
-0.137191875358324 -0.0489371567347506 0.11023946696782 0.0170392212274235
-0.148362437338773 -0.0703186005949005 0.123518807690225 -0.0297783801353182
-0.128987416197956 -0.131951828214227 0.148810021441514 -0.0297871043546531
-0.0424392472108949 -0.183974418651039 0.189501970743203 0.0144242162155173
0.0589277401365843 -0.192290249575588 0.192056001945475 0.0536879659193069
0.154948202645085 -0.150491391253296 0.165919223974627 0.0787181571242595
0.228416771655997 -0.0817392064597616 0.171379907623845 0.0278078476160906
0.224988525576486 0.0145894022867664 0.0285133597826753 0.0321177712240251
0.187132436150297 -0.0272775173022041 -0.0337257809101312 -0.0945890468839576
0.155777138518228 -0.0741581932137333 -0.174405449043696 -0.0661139858295392
0.0817854258036679 -0.132455113716815 -0.199897876013744 0.0448088776992794
-0.0118255201953547 -0.151387795296269 -0.131158027536635 0.120547260357696
-0.0799175089196343 -0.118494151946279 -0.043748358490094 0.13682307861854
-0.119216167330397 -0.0835874458848964 0.0140050671335908 0.112108334323853
-0.153772913306471 -0.0692048839490145 0.0447263558990312 0.0504505693856921
-0.159585147688503 -0.0704764956497198 0.0505387862355551 -0.00130902693531202
-0.17138779794201 -0.0885560023320534 0.0693242634197091 -0.0567008308196436
-0.15270161805335 -0.154731401488815 0.107215330606094 -0.071865174287444
-0.0544455590015045 -0.218118792903935 0.179672773603268 -0.028793865393147
0.076610861842746 -0.23225928262378 0.192504619452183 0.0428625384791523
0.198046993392933 -0.171751532181169 0.131691360742538 0.0926652473755513
0.271524701290524 -0.0735096586488695 0.0775681795914179 0.0392353782115751
0.242762668722927 0.0271013993290307 -0.0745559309022244 0.0222709816237553
0.225579722840322 -0.030360426312175 -0.0952132031647603 -0.0913210813604931
0.192024432188934 -0.102836957683057 -0.193216489643794 -0.0647105540073833
0.0885731519762474 -0.169396415336654 -0.192546403400086 0.0181910257587067
-0.0198837889117325 -0.17844018134653 -0.141066492946571 0.0718535500705407
-0.0910806873531361 -0.132598206599237 -0.0775822059588328 0.0919996486919727
-0.128584555238032 -0.0909074869238094 -0.0380059636070122 0.0780145160019047
-0.155961004657745 -0.0813247026467487 -0.0174603345831049 0.0247131611486165
-0.154944348155386 -0.0837288749225777 -0.012393145492236 -0.0249618613300385
-0.16151362112818 -0.100073379281643 0.0153502969619512 -0.0850163070287568
-0.137983399905804 -0.16054101043343 0.0654264128712587 -0.109514818101693
-0.0391057276506582 -0.217768578539273 0.165074895918206 -0.0640018525681937
0.0979806367611473 -0.225516002040848 0.183122501797741 0.037685163206939
0.217610421740496 -0.151339959011969 0.09127215074352 0.104252610888839
0.274456621175152 -0.0434348595819214 -0.0186855524829448 0.0449940922369945
0.218238708994663 0.0327618960192352 -0.174657191439838 0.0162691749901458
0.216542981652481 -0.0278491401191039 -0.156007194972523 -0.0734627826025371
0.184443268692817 -0.106774403337254 -0.197683117225381 -0.0565967474178657
0.0766497899292201 -0.167556269747603 -0.176004216547099 -0.0151349857060971
-0.0237024780665036 -0.168783251126793 -0.151765814768423 0.0178039050672121
-0.0854291781716156 -0.12126402964871 -0.117401942945833 0.0455652707003305
-0.116530209961704 -0.0828917260382463 -0.0921117423257486 0.0434846829943555
-0.133563919237377 -0.0816994117022855 -0.0763382746116485 -0.00448787884750773
-0.125457201177279 -0.0872785427146717 -0.0665092133511487 -0.0532403184215982
-0.121648600321078 -0.101834499620531 -0.0239497660635353 -0.115231303987554
-0.0913846794276345 -0.147784823706996 0.0409853751485422 -0.141024349253759
-0.000985997233733894 -0.184853235809149 0.152980171248057 -0.0864239501496096
0.121876563059281 -0.174974366846652 0.16529050850472 0.0367664571453748
0.21143063887732 -0.0964492395237376 0.0489009685183949 0.102391416756054
0.238467618430199 -0.000180209346895536 -0.103089260732159 0.0358185970953894
0.153101850646381 0.0354507627984466 -0.251499786641871 0.015522854349719
0.164556665815465 -0.0149026275434639 -0.200358916462082 -0.049159091478716
0.138494174434754 -0.0810330445182576 -0.19145407234817 -0.0492893926322263
0.0518147783712455 -0.124266207882432 -0.159158751746003 -0.0464075761872246
-0.0181764314159612 -0.121660350695715 -0.163492134022991 -0.0271099915942358
-0.0600184694352779 -0.0876509716620417 -0.153949837829364 0.00898918429257893
-0.0831500460894185 -0.0625934718901024 -0.139361995537615 0.0140261815544821
-0.090845672759044 -0.0704620038510521 -0.122292725928054 -0.031153147988822
-0.0796785909059229 -0.0773816765069879 -0.100900815790997 -0.0833078730146695
-0.0681009266700184 -0.0872366740042943 -0.0410430515890468 -0.145482221377796
-0.0367965623655392 -0.115239527635796 0.0404261370801038 -0.165663184181371
0.0326381792944812 -0.130059507689888 0.150526910373958 -0.0961661593349291
0.12694538240867 -0.103904899495623 0.144982749290703 0.034582484823254
0.176613646413146 -0.0283308599893561 0.0133816079602908 0.0825654595759853
0.168439221144191 0.0399377813547043 -0.160917196284482 0.00947046598789997
0.0629846946057535 0.0394540400993769 -0.290133976874534 0.0147981057442182
0.086632698970634 0.0100825803432819 -0.218578707932877 -0.0293986825263348
0.0734327407912838 -0.0328144546454355 -0.180332604826795 -0.0487018055695361
0.0265339476072545 -0.0527784677944475 -0.153438331758356 -0.0650621499619349
0.000376588705072724 -0.0527203390568599 -0.176366341969457 -0.046663380362822
-0.0172415557013421 -0.0415948287694812 -0.178965360476954 -0.00846422000458189
-0.0328767630732929 -0.0337602023894948 -0.169701559976755 -0.00338115914898316
-0.0352727227448997 -0.0485611008562191 -0.147837659248208 -0.0532287794757769
-0.0263546591510299 -0.0515384951243471 -0.114394173115511 -0.110673612911963
-0.017574730873438 -0.0558304421740834 -0.0375499681639576 -0.170443968290012
0.000863527837546195 -0.0673625221500714 0.0556921474166914 -0.177646601290501
0.0389803081551129 -0.0700791833145673 0.154702189544898 -0.0969830835003735
0.100812728357133 -0.0414217113158289 0.129762483347097 0.0292816237642737
0.113846564281974 0.0220811314200763 -0.0049208773517542 0.0568671040999133
0.0774916611086047 0.061708532359958 -0.18473346212955 -0.0242385280612333
0.0127006146159597 -0.0489166780511116 0.204786891662281 0.0255010863295826
-0.0339038923458977 -0.0270370169009251 0.0476738336785255 -0.0899766164951349
-0.0399482638670057 0.00463821024292685 -0.113171980227281 -0.0570844646842079
-0.0122930644427089 0.0117967781004341 -0.181322892388848 0.074104912801863
-0.0152185627720866 0.00189265168763757 -0.100280926209711 0.177817353123939
-0.0170978340610596 0.00359717176822932 0.0129545529970276 0.184654685441221
-0.0182312773627697 0.00701096569883119 0.104410593622802 0.147977002355826
-0.0294611091397547 0.0128223332050129 0.161457626374494 0.080853249046371
-0.0323447166769989 0.011051526285033 0.179422148587359 0.0369695834159978
-0.0388450835927776 -0.00135475020223169 0.185776336388569 0.0201902309387431
-0.0330776506960918 -0.0236775614476764 0.189093118715969 0.0513709105138465
-0.0121658923513888 -0.0342920706863955 0.177761043311262 0.0895669472887769
-0.0127371336385861 -0.0370071154278529 0.174695065133138 0.0825498505665562
0.00364509147929911 -0.0515096648375803 0.215108727067683 0.0806482065084811
0.0473644169487911 -0.0589509427750711 0.290798393590626 0.0228571073615167
0.0965267417675655 -0.0274247851299069 0.174198720281319 0.0416354896400153
0.0396685587319176 -0.0263270377686293 0.0394933728934446 -0.0803489220614741
0.0208944043955993 -0.0137708890921631 -0.123481460858587 -0.0551924417909156
0.0216375853834215 -0.0272724403045632 -0.188015440158959 0.0663981430997359
-0.0100895567174615 -0.0480341963742547 -0.115158002301831 0.166687174794593
-0.0388243097037429 -0.0416858697274998 -0.00484261867152407 0.182363556007697
-0.0586629886438927 -0.0297144814200413 0.0848616124291851 0.149454157236686
-0.0850414776509694 -0.0198425611383025 0.140348296764663 0.0812038633449256
-0.0913411768549666 -0.0227385629299209 0.154964252169707 0.0316355690766656
-0.0983894439859393 -0.043319181310903 0.165261384880248 0.000230902499747395
-0.0813680614230026 -0.0889773381187173 0.179105582732004 0.018172824562284
-0.0184024911486111 -0.119260050279871 0.185727097156501 0.0618795339304671
0.0368728353625306 -0.118779077109531 0.181547999453665 0.0722756831707252
0.0925442402410608 -0.100744129829385 0.191368249073764 0.0783363649954921
0.150539422245364 -0.0697994211889921 0.244316370392613 0.0252943870513275
0.170650857854366 -0.00116011087584948 0.113558526170999 0.0420619621492076
0.117040759071391 -0.0217309406881532 0.014411237824135 -0.0880506609996266
0.0916641643604682 -0.0375646513609075 -0.145868953012623 -0.0638418688710032
0.057761601870133 -0.0756521130872761 -0.197502262567499 0.0552390224072137
-0.00565378382181489 -0.101205290898477 -0.126357925524802 0.148107894206569
-0.0584717583313772 -0.0853723353273922 -0.0235501889667625 0.164891256876951
-0.0931420541912805 -0.0631005601616971 0.0532998188700413 0.136503453952914
-0.128700288819989 -0.0484851165291263 0.0996163884489958 0.070386674770847
-0.136233175046113 -0.0503708093350164 0.110473535481935 0.0183825565766366
-0.146080766714925 -0.071990738548418 0.124159290054172 -0.0268952260531297
-0.126128763930993 -0.132470446884634 0.150664852356926 -0.0254250546051758
-0.0384236029089987 -0.183596502054781 0.188718825649938 0.0204147619577636
0.0635408692669754 -0.190461943163472 0.189014069916759 0.0584150392548364
0.15861138913369 -0.146467356479874 0.162384303114501 0.084571623759543
0.229110599975513 -0.075967449347491 0.168837868095928 0.0322177222681872
0.222610865318861 0.0201751649295597 0.0272820884824356 0.0308345297587356
0.185712634180874 -0.0211497525364666 -0.0300114860666389 -0.0985937268098885
0.157700882171412 -0.0703163904520414 -0.170172572212089 -0.0714840124102957
0.0846375395592258 -0.128918275475751 -0.201180923723784 0.037733954228648
-0.00845583617338369 -0.150331068596999 -0.134498506645866 0.114769987339064
-0.0765091766549998 -0.119117714734984 -0.0479632957080771 0.132892953263317
-0.117624283714792 -0.0855362674814349 0.0109640381950112 0.109955479189474
-0.152616345862927 -0.0709061817920927 0.0442216335551455 0.0505648310122816
-0.157941073021275 -0.072370523097641 0.0510788616437195 -0.000700316251972983
-0.168471479955557 -0.0906636170811214 0.0707451454340276 -0.05542852614698
-0.148645308819972 -0.155222246987274 0.110153416273863 -0.0681584443589072
-0.0495213675627058 -0.216577678853695 0.180259588032391 -0.0225512897982143
0.0816900929189503 -0.229740581695918 0.189632443234362 0.0471509556779517
0.201411549691707 -0.166860520711355 0.127769207394233 0.0966200375858939
0.271093086173487 -0.0668551261788274 0.0755312394129713 0.0409757157659353
0.24003905656208 0.0342743692533995 -0.0742427966929328 0.0182214642957932
0.224184982237642 -0.0239308896214369 -0.0904696064999418 -0.0958572982856638
0.194208675924072 -0.0976219441528317 -0.188093233504698 -0.0706141604865415
0.0923111836958038 -0.165836605345847 -0.193004287786939 0.0104208158274916
-0.0158668181580846 -0.177173476287877 -0.143536319047321 0.0662713838108467
-0.0874013532989806 -0.133400372665511 -0.0798555412345917 0.0886178119197764
-0.126097543169543 -0.0930550709035036 -0.0398446981873852 0.0763441190197291
-0.154235621873681 -0.0827070130797344 -0.0170517986743017 0.023981836002096
-0.153042600112395 -0.0854333616546991 -0.0112411712802777 -0.0241474591760369
-0.157879887708724 -0.101006254002457 0.0177382860466453 -0.0846420257198641
-0.133962701683808 -0.15965466878007 0.0698231902163284 -0.105840353982436
-0.0334020831165103 -0.215733515249477 0.165900838319791 -0.0580708687217467
0.103304657211887 -0.222848878187297 0.180288090670448 0.041908120854135
0.220342066399356 -0.146249117322547 0.0876088061565786 0.107093715284372
0.273706859466181 -0.0373154694215512 -0.0203819626489873 0.0452956423748334
0.215246117219676 0.0387422708507939 -0.173649075414918 0.0101641250653376
0.215388045614566 -0.0220183361321192 -0.151374579735541 -0.0796285068545859
0.187011151942103 -0.101708359077372 -0.193545657843848 -0.0628999595414448
0.0802005276208375 -0.164067504731825 -0.175247133337181 -0.0214508544815791
-0.0206757292141328 -0.167186407922073 -0.152820765475149 0.0119457165744689
-0.0816315654463629 -0.122483940176973 -0.117838306150176 0.0419688593338592
-0.113956423618275 -0.0849328462152188 -0.0929696545223454 0.0411972222768564
-0.131906699944872 -0.0837729988933423 -0.0753536090757441 -0.00458721613176654
-0.123830272384 -0.0892449716595248 -0.0636549355694388 -0.0533313549065144
-0.11792305794594 -0.102454583540226 -0.0207761333015108 -0.114985960780263
-0.0877169567295621 -0.146227099816664 0.0464764646726201 -0.137791389967531
0.00299916867480742 -0.182259656054089 0.155208467135733 -0.0806829789465594
0.125338685855149 -0.171395737184795 0.163592602840468 0.0398673581384065
0.21304346617506 -0.0906383849970805 0.0446515995701853 0.103284536961111
0.236146096894054 0.00575146336828755 -0.103819826570018 0.0337061729009287
0.151013801548345 0.0398598145287191 -0.250003882983172 0.00756245814734264
0.164060865786527 -0.0101292991819033 -0.196652745703877 -0.0558326448613112
0.140467473650711 -0.0770289352544314 -0.186749826682794 -0.0552674576599296
0.0547934775274245 -0.121623131599343 -0.157973880056363 -0.052388111375964
-0.0156379879090077 -0.120397721151234 -0.163678588152826 -0.0325762492701566
-0.0572961642597485 -0.088131109170292 -0.153048667515578 0.00486572589149778
-0.0813002515728452 -0.0635516743829698 -0.138913473024051 0.0120491229186023
-0.0906205610886438 -0.0711956758275507 -0.120582693812925 -0.0326512460936513
-0.0780619257756602 -0.0782322611953114 -0.0980045546274774 -0.0842501803582947
-0.0649995498537613 -0.0870930376907269 -0.0366594719971789 -0.14533833308272
-0.0342436232954905 -0.113303016474186 0.0454982897749266 -0.161713859566803
0.0353845455534915 -0.127264768995598 0.152567486121048 -0.0911023238832191
0.128688693642072 -0.100583838644297 0.143583544785103 0.0380356466227467
0.175714608613048 -0.023553938517258 0.00940512429284771 0.0840716887607648
0.166457225118416 0.0444495525384672 -0.159939672792425 0.00649055545729525
0.0611854397290822 0.0416786555825388 -0.288721049842426 0.00689468703925823
0.0853793857725876 0.0123233386465019 -0.215078786798343 -0.035557340078875
0.0740877468820154 -0.0306313186269572 -0.176280341300934 -0.0544594262100233
0.0277928526121014 -0.0509182091833389 -0.151865171630817 -0.0712459491917297
0.00109388881437492 -0.0518253109524598 -0.174968430100215 -0.0528431497726338
-0.0158491814824765 -0.0415785463599375 -0.17756050778988 -0.0131707513121469
-0.031164434737244 -0.0343029257722127 -0.168052743036744 -0.00559452555608513
-0.0346211782630864 -0.0487331974336526 -0.146255682564569 -0.0537618138211006
-0.0256461427618257 -0.0526446356628834 -0.111224303587233 -0.110244829842236
-0.0158284757823771 -0.0551243837843716 -0.0332581342853557 -0.168900456577124
0.00219858879673391 -0.0658159418000969 0.0607312521084266 -0.173588132018085
0.040311514449663 -0.0677925379856952 0.1568219780593 -0.0909660898129369
0.100927361807484 -0.0393203024351784 0.129202825374368 0.032817287145696
0.111712723264506 0.0251228122073885 -0.00756261514062491 0.0565962889608212
0.0756985553689397 0.063237647366583 -0.182557796038043 -0.0270378422047094
